{"(1, 0)": {"explain_plan": {"Plan": {"Node Type": "Aggregate", "Strategy": "Plain", "Startup Cost": 114987.2, "Total Cost": 114987.21, "Plan Rows": 1, "Plan Width": 145, "Plans": [{"Node Type": "Nested Loop", "Parent Relationship": "Outer", "Join Type": "Inner", "Startup Cost": 0.0, "Total Cost": 114987.19, "Plan Rows": 1, "Plan Width": 49, "Inner Unique": true, "Plans": [{"Node Type": "Nested Loop", "Parent Relationship": "Outer", "Join Type": "Inner", "Startup Cost": 0.0, "Total Cost": 114986.69, "Plan Rows": 1, "Plan Width": 40, "Inner Unique": true, "Plans": [{"Node Type": "Nested Loop", "Parent Relationship": "Outer", "Join Type": "Inner", "Startup Cost": 0.0, "Total Cost": 114985.67, "Plan Rows": 2, "Plan Width": 28, "Inner Unique": true, "Plans": [{"Node Type": "Nested Loop", "Parent Relationship": "Outer", "Join Type": "Inner", "Startup Cost": 0.0, "Total Cost": 114984.04, "Plan Rows": 5, "Plan Width": 32, "Inner Unique": false, "Plans": [{"Node Type": "Nested Loop", "Parent Relationship": "Outer", "Join Type": "Inner", "Startup Cost": 0.0, "Total Cost": 114978.43, "Plan Rows": 13, "Plan Width": 24, "Inner Unique": false, "Join Filter": "(ci.role_id = rt.id)", "Plans": [{"Node Type": "Seq Scan", "Parent Relationship": "Outer", "Relation Name": "role_type", "Alias": "rt", "Startup Cost": 0.0, "Total Cost": 1.15, "Plan Rows": 1, "Plan Width": 4, "Filter": "((role)::text = 'actress'::text)"}, {"Node Type": "Nested Loop", "Parent Relationship": "Inner", "Join Type": "Inner", "Startup Cost": 0.0, "Total Cost": 114975.51, "Plan Rows": 141, "Plan Width": 28, "Inner Unique": false, "Join Filter": "(n.id = ci.person_id)", "Plans": [{"Node Type": "Nested Loop", "Parent Relationship": "Outer", "Join Type": "Inner", "Startup Cost": 0.0, "Total Cost": 114700.23, "Plan Rows": 115, "Plan Width": 24, "Inner Unique": false, "Plans": [{"Node Type": "Seq Scan", "Parent Relationship": "Outer", "Relation Name": "name", "Alias": "n", "Startup Cost": 0.0, "Total Cost": 113909.35, "Plan Rows": 96, "Plan Width": 4, "Filter": "(((name)::text ~~ '%Ang%'::text) AND ((gender)::text = 'f'::text))"}, {"Node Type": "Index Scan", "Parent Relationship": "Inner", "Scan Direction": "Forward", "Index Name": "person_id_aka_name", "Relation Name": "aka_name", "Alias": "an", "Startup Cost": 0.0, "Total Cost": 8.23, "Plan Rows": 1, "Plan Width": 20, "Index Cond": "(person_id = n.id)"}]}, {"Node Type": "Index Scan", "Parent Relationship": "Inner", "Scan Direction": "Forward", "Index Name": "person_id_cast_info", "Relation Name": "cast_info", "Alias": "ci", "Startup Cost": 0.0, "Total Cost": 2.38, "Plan Rows": 1, "Plan Width": 16, "Index Cond": "(person_id = an.person_id)", "Filter": "((note)::text = ANY ('{(voice),\"(voice: Japanese version)\",\"(voice) (uncredited)\",\"(voice: English version)\"}'::text[]))"}]}]}, {"Node Type": "Index Scan", "Parent Relationship": "Inner", "Scan Direction": "Forward", "Index Name": "movie_id_movie_companies", "Relation Name": "movie_companies", "Alias": "mc", "Startup Cost": 0.0, "Total Cost": 0.42, "Plan Rows": 1, "Plan Width": 8, "Index Cond": "(movie_id = ci.movie_id)", "Filter": "((note IS NOT NULL) AND (((note)::text ~~ '%(USA)%'::text) OR ((note)::text ~~ '%(worldwide)%'::text)))"}]}, {"Node Type": "Index Scan", "Parent Relationship": "Inner", "Scan Direction": "Forward", "Index Name": "company_name_pkey", "Relation Name": "company_name", "Alias": "cn", "Startup Cost": 0.0, "Total Cost": 0.32, "Plan Rows": 1, "Plan Width": 4, "Index Cond": "(id = mc.company_id)", "Filter": "((country_code)::text = '[us]'::text)"}]}, {"Node Type": "Index Scan", "Parent Relationship": "Inner", "Scan Direction": "Forward", "Index Name": "char_name_pkey", "Relation Name": "char_name", "Alias": "chn", "Startup Cost": 0.0, "Total Cost": 0.5, "Plan Rows": 1, "Plan Width": 20, "Index Cond": "(id = ci.person_role_id)"}]}, {"Node Type": "Index Scan", "Parent Relationship": "Inner", "Scan Direction": "Forward", "Index Name": "title_pkey", "Relation Name": "title", "Alias": "t", "Startup Cost": 0.0, "Total Cost": 0.49, "Plan Rows": 1, "Plan Width": 21, "Index Cond": "(id = ci.movie_id)", "Filter": "((production_year >= 2005) AND (production_year <= 2015))"}]}]}, "Unique SQL Id": 3431223514, "Planner Runtime": 76}, "explain_analyze_plan": {"Plan": {"Node Type": "Aggregate", "Strategy": "Plain", "Startup Cost": 114987.2, "Total Cost": 114987.21, "Plan Rows": 1, "Plan Width": 145, "Actual Startup Time": 1703.594, "Actual Total Time": 1703.595, "Actual Rows": 1, "Actual Loops": 1, "Plans": [{"Node Type": "Nested Loop", "Parent Relationship": "Outer", "Join Type": "Inner", "Startup Cost": 0.0, "Total Cost": 114987.19, "Plan Rows": 1, "Plan Width": 49, "Actual Startup Time": 697.212, "Actual Total Time": 1703.364, "Actual Rows": 121, "Actual Loops": 1, "Inner Unique": true, "Plans": [{"Node Type": "Nested Loop", "Parent Relationship": "Outer", "Join Type": "Inner", "Startup Cost": 0.0, "Total Cost": 114986.69, "Plan Rows": 1, "Plan Width": 40, "Actual Startup Time": 689.723, "Actual Total Time": 1701.599, "Actual Rows": 341, "Actual Loops": 1, "Inner Unique": true, "Plans": [{"Node Type": "Nested Loop", "Parent Relationship": "Outer", "Join Type": "Inner", "Startup Cost": 0.0, "Total Cost": 114985.67, "Plan Rows": 2, "Plan Width": 28, "Actual Startup Time": 689.707, "Actual Total Time": 1700.005, "Actual Rows": 359, "Actual Loops": 1, "Inner Unique": true, "Plans": [{"Node Type": "Nested Loop", "Parent Relationship": "Outer", "Join Type": "Inner", "Startup Cost": 0.0, "Total Cost": 114984.04, "Plan Rows": 5, "Plan Width": 32, "Actual Startup Time": 689.678, "Actual Total Time": 1697.916, "Actual Rows": 373, "Actual Loops": 1, "Inner Unique": false, "Plans": [{"Node Type": "Nested Loop", "Parent Relationship": "Outer", "Join Type": "Inner", "Startup Cost": 0.0, "Total Cost": 114978.43, "Plan Rows": 13, "Plan Width": 24, "Actual Startup Time": 688.314, "Actual Total Time": 1693.763, "Actual Rows": 425, "Actual Loops": 1, "Inner Unique": false, "Join Filter": "(ci.role_id = rt.id)", "Rows Removed by Join Filter": 0, "Plans": [{"Node Type": "Seq Scan", "Parent Relationship": "Outer", "Relation Name": "role_type", "Alias": "rt", "Startup Cost": 0.0, "Total Cost": 1.15, "Plan Rows": 1, "Plan Width": 4, "Actual Startup Time": 0.039, "Actual Total Time": 0.045, "Actual Rows": 1, "Actual Loops": 1, "Filter": "((role)::text = 'actress'::text)", "Rows Removed by Filter": 11}, {"Node Type": "Nested Loop", "Parent Relationship": "Inner", "Join Type": "Inner", "Startup Cost": 0.0, "Total Cost": 114975.51, "Plan Rows": 141, "Plan Width": 28, "Actual Startup Time": 688.266, "Actual Total Time": 1693.541, "Actual Rows": 425, "Actual Loops": 1, "Inner Unique": false, "Join Filter": "(n.id = ci.person_id)", "Rows Removed by Join Filter": 0, "Plans": [{"Node Type": "Nested Loop", "Parent Relationship": "Outer", "Join Type": "Inner", "Startup Cost": 0.0, "Total Cost": 114700.23, "Plan Rows": 115, "Plan Width": 24, "Actual Startup Time": 673.28, "Actual Total Time": 1644.68, "Actual Rows": 1558, "Actual Loops": 1, "Inner Unique": false, "Plans": [{"Node Type": "Seq Scan", "Parent Relationship": "Outer", "Relation Name": "name", "Alias": "n", "Startup Cost": 0.0, "Total Cost": 113909.35, "Plan Rows": 96, "Plan Width": 4, "Actual Startup Time": 671.583, "Actual Total Time": 1622.951, "Actual Rows": 6768, "Actual Loops": 1, "Filter": "(((name)::text ~~ '%Ang%'::text) AND ((gender)::text = 'f'::text))", "Rows Removed by Filter": 4160722}, {"Node Type": "Index Scan", "Parent Relationship": "Inner", "Scan Direction": "Forward", "Index Name": "person_id_aka_name", "Relation Name": "aka_name", "Alias": "an", "Startup Cost": 0.0, "Total Cost": 8.23, "Plan Rows": 1, "Plan Width": 20, "Actual Startup Time": 16.878, "Actual Total Time": 17.626, "Actual Rows": 1558, "Actual Loops": 6768, "Index Cond": "(person_id = n.id)", "Rows Removed by Index Recheck": 0}]}, {"Node Type": "Index Scan", "Parent Relationship": "Inner", "Scan Direction": "Forward", "Index Name": "person_id_cast_info", "Relation Name": "cast_info", "Alias": "ci", "Startup Cost": 0.0, "Total Cost": 2.38, "Plan Rows": 1, "Plan Width": 16, "Actual Startup Time": 43.065, "Actual Total Time": 47.745, "Actual Rows": 425, "Actual Loops": 1558, "Index Cond": "(person_id = an.person_id)", "Rows Removed by Index Recheck": 0, "Filter": "((note)::text = ANY ('{(voice),\"(voice: Japanese version)\",\"(voice) (uncredited)\",\"(voice: English version)\"}'::text[]))", "Rows Removed by Filter": 69057}]}]}, {"Node Type": "Index Scan", "Parent Relationship": "Inner", "Scan Direction": "Forward", "Index Name": "movie_id_movie_companies", "Relation Name": "movie_companies", "Alias": "mc", "Startup Cost": 0.0, "Total Cost": 0.42, "Plan Rows": 1, "Plan Width": 8, "Actual Startup Time": 2.627, "Actual Total Time": 3.738, "Actual Rows": 373, "Actual Loops": 425, "Index Cond": "(movie_id = ci.movie_id)", "Rows Removed by Index Recheck": 0, "Filter": "((note IS NOT NULL) AND (((note)::text ~~ '%(USA)%'::text) OR ((note)::text ~~ '%(worldwide)%'::text)))", "Rows Removed by Filter": 1538}]}, {"Node Type": "Index Scan", "Parent Relationship": "Inner", "Scan Direction": "Forward", "Index Name": "company_name_pkey", "Relation Name": "company_name", "Alias": "cn", "Startup Cost": 0.0, "Total Cost": 0.32, "Plan Rows": 1, "Plan Width": 4, "Actual Startup Time": 1.71, "Actual Total Time": 1.71, "Actual Rows": 359, "Actual Loops": 373, "Index Cond": "(id = mc.company_id)", "Rows Removed by Index Recheck": 0, "Filter": "((country_code)::text = '[us]'::text)", "Rows Removed by Filter": 14}]}, {"Node Type": "Index Scan", "Parent Relationship": "Inner", "Scan Direction": "Forward", "Index Name": "char_name_pkey", "Relation Name": "char_name", "Alias": "chn", "Startup Cost": 0.0, "Total Cost": 0.5, "Plan Rows": 1, "Plan Width": 20, "Actual Startup Time": 1.241, "Actual Total Time": 1.241, "Actual Rows": 341, "Actual Loops": 359, "Index Cond": "(id = ci.person_role_id)", "Rows Removed by Index Recheck": 0}]}, {"Node Type": "Index Scan", "Parent Relationship": "Inner", "Scan Direction": "Forward", "Index Name": "title_pkey", "Relation Name": "title", "Alias": "t", "Startup Cost": 0.0, "Total Cost": 0.49, "Plan Rows": 1, "Plan Width": 21, "Actual Startup Time": 1.484, "Actual Total Time": 1.484, "Actual Rows": 121, "Actual Loops": 341, "Index Cond": "(id = ci.movie_id)", "Rows Removed by Index Recheck": 0, "Filter": "((production_year >= 2005) AND (production_year <= 2015))", "Rows Removed by Filter": 220}]}]}, "Triggers": [], "Planner Runtime": 8, "Total Runtime": 1704.04, "Unique SQL Id": 3431223514}}, "(1, 1)": {"explain_plan": {"Plan": {"Node Type": "Aggregate", "Strategy": "Plain", "Startup Cost": 198159.35, "Total Cost": 198159.36, "Plan Rows": 1, "Plan Width": 145, "Plans": [{"Node Type": "Nested Loop", "Parent Relationship": "Outer", "Join Type": "Inner", "Startup Cost": 0.0, "Total Cost": 198159.35, "Plan Rows": 1, "Plan Width": 49, "Inner Unique": true, "Plans": [{"Node Type": "Nested Loop", "Parent Relationship": "Outer", "Join Type": "Inner", "Startup Cost": 0.0, "Total Cost": 198158.85, "Plan Rows": 1, "Plan Width": 40, "Inner Unique": true, "Plans": [{"Node Type": "Nested Loop", "Parent Relationship": "Outer", "Join Type": "Inner", "Startup Cost": 0.0, "Total Cost": 198157.83, "Plan Rows": 2, "Plan Width": 28, "Inner Unique": true, "Plans": [{"Node Type": "Nested Loop", "Parent Relationship": "Outer", "Join Type": "Inner", "Startup Cost": 0.0, "Total Cost": 198156.19, "Plan Rows": 5, "Plan Width": 32, "Inner Unique": false, "Plans": [{"Node Type": "Nested Loop", "Parent Relationship": "Outer", "Join Type": "Inner", "Startup Cost": 0.0, "Total Cost": 198150.58, "Plan Rows": 13, "Plan Width": 24, "Inner Unique": false, "Join Filter": "(ci.role_id = rt.id)", "Plans": [{"Node Type": "Index Scan", "Parent Relationship": "Outer", "Scan Direction": "Forward", "Index Name": "role_type_pkey", "Relation Name": "role_type", "Alias": "rt", "Startup Cost": 0.0, "Total Cost": 12.46, "Plan Rows": 1, "Plan Width": 4, "Filter": "((role)::text = 'actress'::text)"}, {"Node Type": "Nested Loop", "Parent Relationship": "Inner", "Join Type": "Inner", "Startup Cost": 0.0, "Total Cost": 198136.36, "Plan Rows": 141, "Plan Width": 28, "Inner Unique": false, "Join Filter": "(n.id = ci.person_id)", "Plans": [{"Node Type": "Nested Loop", "Parent Relationship": "Outer", "Join Type": "Inner", "Startup Cost": 0.0, "Total Cost": 197861.08, "Plan Rows": 115, "Plan Width": 24, "Inner Unique": false, "Plans": [{"Node Type": "Index Scan", "Parent Relationship": "Outer", "Scan Direction": "Forward", "Index Name": "name_pkey", "Relation Name": "name", "Alias": "n", "Startup Cost": 0.0, "Total Cost": 197070.2, "Plan Rows": 96, "Plan Width": 4, "Filter": "(((name)::text ~~ '%Ang%'::text) AND ((gender)::text = 'f'::text))"}, {"Node Type": "Index Scan", "Parent Relationship": "Inner", "Scan Direction": "Forward", "Index Name": "person_id_aka_name", "Relation Name": "aka_name", "Alias": "an", "Startup Cost": 0.0, "Total Cost": 8.23, "Plan Rows": 1, "Plan Width": 20, "Index Cond": "(person_id = n.id)"}]}, {"Node Type": "Index Scan", "Parent Relationship": "Inner", "Scan Direction": "Forward", "Index Name": "person_id_cast_info", "Relation Name": "cast_info", "Alias": "ci", "Startup Cost": 0.0, "Total Cost": 2.38, "Plan Rows": 1, "Plan Width": 16, "Index Cond": "(person_id = an.person_id)", "Filter": "((note)::text = ANY ('{(voice),\"(voice: Japanese version)\",\"(voice) (uncredited)\",\"(voice: English version)\"}'::text[]))"}]}]}, {"Node Type": "Index Scan", "Parent Relationship": "Inner", "Scan Direction": "Forward", "Index Name": "movie_id_movie_companies", "Relation Name": "movie_companies", "Alias": "mc", "Startup Cost": 0.0, "Total Cost": 0.42, "Plan Rows": 1, "Plan Width": 8, "Index Cond": "(movie_id = ci.movie_id)", "Filter": "((note IS NOT NULL) AND (((note)::text ~~ '%(USA)%'::text) OR ((note)::text ~~ '%(worldwide)%'::text)))"}]}, {"Node Type": "Index Scan", "Parent Relationship": "Inner", "Scan Direction": "Forward", "Index Name": "company_name_pkey", "Relation Name": "company_name", "Alias": "cn", "Startup Cost": 0.0, "Total Cost": 0.32, "Plan Rows": 1, "Plan Width": 4, "Index Cond": "(id = mc.company_id)", "Filter": "((country_code)::text = '[us]'::text)"}]}, {"Node Type": "Index Scan", "Parent Relationship": "Inner", "Scan Direction": "Forward", "Index Name": "char_name_pkey", "Relation Name": "char_name", "Alias": "chn", "Startup Cost": 0.0, "Total Cost": 0.5, "Plan Rows": 1, "Plan Width": 20, "Index Cond": "(id = ci.person_role_id)"}]}, {"Node Type": "Index Scan", "Parent Relationship": "Inner", "Scan Direction": "Forward", "Index Name": "title_pkey", "Relation Name": "title", "Alias": "t", "Startup Cost": 0.0, "Total Cost": 0.49, "Plan Rows": 1, "Plan Width": 21, "Index Cond": "(id = ci.movie_id)", "Filter": "((production_year >= 2005) AND (production_year <= 2015))"}]}]}, "Unique SQL Id": 3431223514, "Planner Runtime": 65}, "explain_analyze_plan": null}, "(1, 2)": {"explain_plan": {"Plan": {"Node Type": "Aggregate", "Strategy": "Plain", "Startup Cost": 115411.92, "Total Cost": 115411.93, "Plan Rows": 1, "Plan Width": 145, "Plans": [{"Node Type": "Nested Loop", "Parent Relationship": "Outer", "Join Type": "Inner", "Startup Cost": 6.41, "Total Cost": 115411.91, "Plan Rows": 2, "Plan Width": 49, "Inner Unique": true, "Plans": [{"Node Type": "Nested Loop", "Parent Relationship": "Outer", "Join Type": "Inner", "Startup Cost": 6.11, "Total Cost": 115403.25, "Plan Rows": 2, "Plan Width": 40, "Inner Unique": true, "Plans": [{"Node Type": "Nested Loop", "Parent Relationship": "Outer", "Join Type": "Inner", "Startup Cost": 5.85, "Total Cost": 115394.67, "Plan Rows": 2, "Plan Width": 44, "Inner Unique": true, "Plans": [{"Node Type": "Nested Loop", "Parent Relationship": "Outer", "Join Type": "Inner", "Startup Cost": 5.53, "Total Cost": 115372.99, "Plan Rows": 5, "Plan Width": 32, "Inner Unique": false, "Plans": [{"Node Type": "Nested Loop", "Parent Relationship": "Outer", "Join Type": "Inner", "Startup Cost": 5.22, "Total Cost": 115316.36, "Plan Rows": 13, "Plan Width": 24, "Inner Unique": false, "Join Filter": "(ci.role_id = rt.id)", "Plans": [{"Node Type": "Seq Scan", "Parent Relationship": "Outer", "Relation Name": "role_type", "Alias": "rt", "Startup Cost": 0.0, "Total Cost": 1.15, "Plan Rows": 1, "Plan Width": 4, "Filter": "((role)::text = 'actress'::text)"}, {"Node Type": "Nested Loop", "Parent Relationship": "Inner", "Join Type": "Inner", "Startup Cost": 5.22, "Total Cost": 115313.45, "Plan Rows": 141, "Plan Width": 28, "Inner Unique": false, "Join Filter": "(n.id = ci.person_id)", "Plans": [{"Node Type": "Nested Loop", "Parent Relationship": "Outer", "Join Type": "Inner", "Startup Cost": 4.22, "Total Cost": 114700.25, "Plan Rows": 115, "Plan Width": 24, "Inner Unique": false, "Plans": [{"Node Type": "Seq Scan", "Parent Relationship": "Outer", "Relation Name": "name", "Alias": "n", "Startup Cost": 0.0, "Total Cost": 113909.35, "Plan Rows": 96, "Plan Width": 4, "Filter": "(((name)::text ~~ '%Ang%'::text) AND ((gender)::text = 'f'::text))"}, {"Node Type": "Bitmap Heap Scan", "Parent Relationship": "Inner", "Relation Name": "aka_name", "Alias": "an", "Startup Cost": 4.22, "Total Cost": 8.23, "Plan Rows": 1, "Plan Width": 20, "Recheck Cond": "(person_id = n.id)", "Plans": [{"Node Type": "Bitmap Index Scan", "Parent Relationship": "Outer", "Index Name": "person_id_aka_name", "Startup Cost": 0.0, "Total Cost": 4.22, "Plan Rows": 1, "Plan Width": 0, "Index Cond": "(person_id = n.id)"}]}]}, {"Node Type": "Bitmap Heap Scan", "Parent Relationship": "Inner", "Relation Name": "cast_info", "Alias": "ci", "Startup Cost": 1.0, "Total Cost": 5.32, "Plan Rows": 1, "Plan Width": 16, "Recheck Cond": "(person_id = an.person_id)", "Filter": "((note)::text = ANY ('{(voice),\"(voice: Japanese version)\",\"(voice) (uncredited)\",\"(voice: English version)\"}'::text[]))", "Plans": [{"Node Type": "Bitmap Index Scan", "Parent Relationship": "Outer", "Index Name": "person_id_cast_info", "Startup Cost": 0.0, "Total Cost": 1.0, "Plan Rows": 18, "Plan Width": 0, "Index Cond": "(person_id = an.person_id)"}]}]}]}, {"Node Type": "Bitmap Heap Scan", "Parent Relationship": "Inner", "Relation Name": "movie_companies", "Alias": "mc", "Startup Cost": 0.31, "Total Cost": 4.35, "Plan Rows": 1, "Plan Width": 8, "Recheck Cond": "(movie_id = ci.movie_id)", "Filter": "((note IS NOT NULL) AND (((note)::text ~~ '%(USA)%'::text) OR ((note)::text ~~ '%(worldwide)%'::text)))", "Plans": [{"Node Type": "Bitmap Index Scan", "Parent Relationship": "Outer", "Index Name": "movie_id_movie_companies", "Startup Cost": 0.0, "Total Cost": 0.31, "Plan Rows": 2, "Plan Width": 0, "Index Cond": "(movie_id = ci.movie_id)"}]}]}, {"Node Type": "Bitmap Heap Scan", "Parent Relationship": "Inner", "Relation Name": "char_name", "Alias": "chn", "Startup Cost": 0.31, "Total Cost": 4.33, "Plan Rows": 1, "Plan Width": 20, "Recheck Cond": "(id = ci.person_role_id)", "Plans": [{"Node Type": "Bitmap Index Scan", "Parent Relationship": "Outer", "Index Name": "char_name_pkey", "Startup Cost": 0.0, "Total Cost": 0.31, "Plan Rows": 1, "Plan Width": 0, "Index Cond": "(id = ci.person_role_id)"}]}]}, {"Node Type": "Bitmap Heap Scan", "Parent Relationship": "Inner", "Relation Name": "company_name", "Alias": "cn", "Startup Cost": 0.26, "Total Cost": 4.28, "Plan Rows": 1, "Plan Width": 4, "Recheck Cond": "(id = mc.company_id)", "Filter": "((country_code)::text = '[us]'::text)", "Plans": [{"Node Type": "Bitmap Index Scan", "Parent Relationship": "Outer", "Index Name": "company_name_pkey", "Startup Cost": 0.0, "Total Cost": 0.26, "Plan Rows": 1, "Plan Width": 0, "Index Cond": "(id = mc.company_id)"}]}]}, {"Node Type": "Bitmap Heap Scan", "Parent Relationship": "Inner", "Relation Name": "title", "Alias": "t", "Startup Cost": 0.3, "Total Cost": 4.32, "Plan Rows": 1, "Plan Width": 21, "Recheck Cond": "(id = ci.movie_id)", "Filter": "((production_year >= 2005) AND (production_year <= 2015))", "Plans": [{"Node Type": "Bitmap Index Scan", "Parent Relationship": "Outer", "Index Name": "title_pkey", "Startup Cost": 0.0, "Total Cost": 0.3, "Plan Rows": 1, "Plan Width": 0, "Index Cond": "(id = ci.movie_id)"}]}]}]}, "Unique SQL Id": 3431223514, "Planner Runtime": 78}, "explain_analyze_plan": {"Plan": {"Node Type": "Aggregate", "Strategy": "Plain", "Startup Cost": 115411.92, "Total Cost": 115411.93, "Plan Rows": 1, "Plan Width": 145, "Actual Startup Time": 1709.38, "Actual Total Time": 1709.381, "Actual Rows": 1, "Actual Loops": 1, "Plans": [{"Node Type": "Nested Loop", "Parent Relationship": "Outer", "Join Type": "Inner", "Startup Cost": 6.41, "Total Cost": 115411.91, "Plan Rows": 2, "Plan Width": 49, "Actual Startup Time": 699.471, "Actual Total Time": 1709.105, "Actual Rows": 121, "Actual Loops": 1, "Inner Unique": true, "Plans": [{"Node Type": "Nested Loop", "Parent Relationship": "Outer", "Join Type": "Inner", "Startup Cost": 6.11, "Total Cost": 115403.25, "Plan Rows": 2, "Plan Width": 40, "Actual Startup Time": 691.26, "Actual Total Time": 1706.814, "Actual Rows": 341, "Actual Loops": 1, "Inner Unique": true, "Plans": [{"Node Type": "Nested Loop", "Parent Relationship": "Outer", "Join Type": "Inner", "Startup Cost": 5.85, "Total Cost": 115394.67, "Plan Rows": 2, "Plan Width": 44, "Actual Startup Time": 691.228, "Actual Total Time": 1704.451, "Actual Rows": 348, "Actual Loops": 1, "Inner Unique": true, "Plans": [{"Node Type": "Nested Loop", "Parent Relationship": "Outer", "Join Type": "Inner", "Startup Cost": 5.53, "Total Cost": 115372.99, "Plan Rows": 5, "Plan Width": 32, "Actual Startup Time": 691.211, "Actual Total Time": 1702.135, "Actual Rows": 373, "Actual Loops": 1, "Inner Unique": false, "Plans": [{"Node Type": "Nested Loop", "Parent Relationship": "Outer", "Join Type": "Inner", "Startup Cost": 5.22, "Total Cost": 115316.36, "Plan Rows": 13, "Plan Width": 24, "Actual Startup Time": 689.644, "Actual Total Time": 1696.664, "Actual Rows": 425, "Actual Loops": 1, "Inner Unique": false, "Join Filter": "(ci.role_id = rt.id)", "Rows Removed by Join Filter": 0, "Plans": [{"Node Type": "Seq Scan", "Parent Relationship": "Outer", "Relation Name": "role_type", "Alias": "rt", "Startup Cost": 0.0, "Total Cost": 1.15, "Plan Rows": 1, "Plan Width": 4, "Actual Startup Time": 0.026, "Actual Total Time": 0.032, "Actual Rows": 1, "Actual Loops": 1, "Filter": "((role)::text = 'actress'::text)", "Rows Removed by Filter": 11}, {"Node Type": "Nested Loop", "Parent Relationship": "Inner", "Join Type": "Inner", "Startup Cost": 5.22, "Total Cost": 115313.45, "Plan Rows": 141, "Plan Width": 28, "Actual Startup Time": 689.61, "Actual Total Time": 1696.417, "Actual Rows": 425, "Actual Loops": 1, "Inner Unique": false, "Join Filter": "(n.id = ci.person_id)", "Rows Removed by Join Filter": 0, "Plans": [{"Node Type": "Nested Loop", "Parent Relationship": "Outer", "Join Type": "Inner", "Startup Cost": 4.22, "Total Cost": 114700.25, "Plan Rows": 115, "Plan Width": 24, "Actual Startup Time": 673.784, "Actual Total Time": 1646.247, "Actual Rows": 1558, "Actual Loops": 1, "Inner Unique": false, "Plans": [{"Node Type": "Seq Scan", "Parent Relationship": "Outer", "Relation Name": "name", "Alias": "n", "Startup Cost": 0.0, "Total Cost": 113909.35, "Plan Rows": 96, "Plan Width": 4, "Actual Startup Time": 672.02, "Actual Total Time": 1615.306, "Actual Rows": 6768, "Actual Loops": 1, "Filter": "(((name)::text ~~ '%Ang%'::text) AND ((gender)::text = 'f'::text))", "Rows Removed by Filter": 4160722}, {"Node Type": "Bitmap Heap Scan", "Parent Relationship": "Inner", "Relation Name": "aka_name", "Alias": "an", "Startup Cost": 4.22, "Total Cost": 8.23, "Plan Rows": 1, "Plan Width": 20, "Actual Startup Time": 22.357, "Actual Total Time": 22.816, "Actual Rows": 1558, "Actual Loops": 6768, "Recheck Cond": "(person_id = n.id)", "Rows Removed by Index Recheck": 0, "Exact Heap Blocks": 1014, "Lossy Heap Blocks": 1014, "Plans": [{"Node Type": "Bitmap Index Scan", "Parent Relationship": "Outer", "Index Name": "person_id_aka_name", "Startup Cost": 0.0, "Total Cost": 4.22, "Plan Rows": 1, "Plan Width": 0, "Actual Startup Time": 17.113, "Actual Total Time": 17.113, "Actual Rows": 1558, "Actual Loops": 6768, "Index Cond": "(person_id = n.id)"}]}]}, {"Node Type": "Bitmap Heap Scan", "Parent Relationship": "Inner", "Relation Name": "cast_info", "Alias": "ci", "Startup Cost": 1.0, "Total Cost": 5.32, "Plan Rows": 1, "Plan Width": 16, "Actual Startup Time": 44.607, "Actual Total Time": 47.833, "Actual Rows": 425, "Actual Loops": 1558, "Recheck Cond": "(person_id = an.person_id)", "Rows Removed by Index Recheck": 0, "Filter": "((note)::text = ANY ('{(voice),\"(voice: Japanese version)\",\"(voice) (uncredited)\",\"(voice: English version)\"}'::text[]))", "Rows Removed by Filter": 69057, "Exact Heap Blocks": 2627, "Lossy Heap Blocks": 2627, "Plans": [{"Node Type": "Bitmap Index Scan", "Parent Relationship": "Outer", "Index Name": "person_id_cast_info", "Startup Cost": 0.0, "Total Cost": 1.0, "Plan Rows": 18, "Plan Width": 0, "Actual Startup Time": 13.956, "Actual Total Time": 13.956, "Actual Rows": 69482, "Actual Loops": 1558, "Index Cond": "(person_id = an.person_id)"}]}]}]}, {"Node Type": "Bitmap Heap Scan", "Parent Relationship": "Inner", "Relation Name": "movie_companies", "Alias": "mc", "Startup Cost": 0.31, "Total Cost": 4.35, "Plan Rows": 1, "Plan Width": 8, "Actual Startup Time": 3.797, "Actual Total Time": 4.718, "Actual Rows": 373, "Actual Loops": 425, "Recheck Cond": "(movie_id = ci.movie_id)", "Rows Removed by Index Recheck": 0, "Filter": "((note IS NOT NULL) AND (((note)::text ~~ '%(USA)%'::text) OR ((note)::text ~~ '%(worldwide)%'::text)))", "Rows Removed by Filter": 1538, "Exact Heap Blocks": 580, "Lossy Heap Blocks": 580, "Plans": [{"Node Type": "Bitmap Index Scan", "Parent Relationship": "Outer", "Index Name": "movie_id_movie_companies", "Startup Cost": 0.0, "Total Cost": 0.31, "Plan Rows": 2, "Plan Width": 0, "Actual Startup Time": 2.001, "Actual Total Time": 2.001, "Actual Rows": 1911, "Actual Loops": 425, "Index Cond": "(movie_id = ci.movie_id)"}]}]}, {"Node Type": "Bitmap Heap Scan", "Parent Relationship": "Inner", "Relation Name": "char_name", "Alias": "chn", "Startup Cost": 0.31, "Total Cost": 4.33, "Plan Rows": 1, "Plan Width": 20, "Actual Startup Time": 1.723, "Actual Total Time": 1.723, "Actual Rows": 348, "Actual Loops": 373, "Recheck Cond": "(id = ci.person_role_id)", "Rows Removed by Index Recheck": 0, "Exact Heap Blocks": 348, "Lossy Heap Blocks": 348, "Plans": [{"Node Type": "Bitmap Index Scan", "Parent Relationship": "Outer", "Index Name": "char_name_pkey", "Startup Cost": 0.0, "Total Cost": 0.31, "Plan Rows": 1, "Plan Width": 0, "Actual Startup Time": 1.093, "Actual Total Time": 1.093, "Actual Rows": 348, "Actual Loops": 373, "Index Cond": "(id = ci.person_role_id)"}]}]}, {"Node Type": "Bitmap Heap Scan", "Parent Relationship": "Inner", "Relation Name": "company_name", "Alias": "cn", "Startup Cost": 0.26, "Total Cost": 4.28, "Plan Rows": 1, "Plan Width": 4, "Actual Startup Time": 1.817, "Actual Total Time": 1.817, "Actual Rows": 341, "Actual Loops": 348, "Recheck Cond": "(id = mc.company_id)", "Rows Removed by Index Recheck": 0, "Filter": "((country_code)::text = '[us]'::text)", "Rows Removed by Filter": 7, "Exact Heap Blocks": 348, "Lossy Heap Blocks": 348, "Plans": [{"Node Type": "Bitmap Index Scan", "Parent Relationship": "Outer", "Index Name": "company_name_pkey", "Startup Cost": 0.0, "Total Cost": 0.26, "Plan Rows": 1, "Plan Width": 0, "Actual Startup Time": 1.008, "Actual Total Time": 1.008, "Actual Rows": 348, "Actual Loops": 348, "Index Cond": "(id = mc.company_id)"}]}]}, {"Node Type": "Bitmap Heap Scan", "Parent Relationship": "Inner", "Relation Name": "title", "Alias": "t", "Startup Cost": 0.3, "Total Cost": 4.32, "Plan Rows": 1, "Plan Width": 21, "Actual Startup Time": 1.8, "Actual Total Time": 1.8, "Actual Rows": 121, "Actual Loops": 341, "Recheck Cond": "(id = ci.movie_id)", "Rows Removed by Index Recheck": 0, "Filter": "((production_year >= 2005) AND (production_year <= 2015))", "Rows Removed by Filter": 220, "Exact Heap Blocks": 341, "Lossy Heap Blocks": 341, "Plans": [{"Node Type": "Bitmap Index Scan", "Parent Relationship": "Outer", "Index Name": "title_pkey", "Startup Cost": 0.0, "Total Cost": 0.3, "Plan Rows": 1, "Plan Width": 0, "Actual Startup Time": 1.083, "Actual Total Time": 1.083, "Actual Rows": 341, "Actual Loops": 341, "Index Cond": "(id = ci.movie_id)"}]}]}]}, "Triggers": [], "Planner Runtime": 44, "Total Runtime": 1709.771, "Unique SQL Id": 3431223514}}, "(1, 3)": {"explain_plan": {"Plan": {"Node Type": "Aggregate", "Strategy": "Plain", "Startup Cost": 1000016655188.3, "Total Cost": 1000016655188.31, "Plan Rows": 1, "Plan Width": 145, "Plans": [{"Node Type": "Nested Loop", "Parent Relationship": "Outer", "Join Type": "Inner", "Startup Cost": 10000000002.78, "Total Cost": 1000016655188.3, "Plan Rows": 1, "Plan Width": 49, "Inner Unique": true, "Join Filter": "(ci.person_id = n.id)", "Plans": [{"Node Type": "Nested Loop", "Parent Relationship": "Outer", "Join Type": "Inner", "Startup Cost": 10000000002.45, "Total Cost": 1000016612909.02, "Plan Rows": 9704, "Plan Width": 57, "Inner Unique": true, "Plans": [{"Node Type": "Nested Loop", "Parent Relationship": "Outer", "Join Type": "Inner", "Startup Cost": 10000000002.15, "Total Cost": 1000016578899.44, "Plan Rows": 7855, "Plan Width": 48, "Inner Unique": true, "Plans": [{"Node Type": "Nested Loop", "Parent Relationship": "Outer", "Join Type": "Inner", "Startup Cost": 10000000001.89, "Total Cost": 1000016510409.12, "Plan Rows": 15972, "Plan Width": 52, "Inner Unique": true, "Plans": [{"Node Type": "Nested Loop", "Parent Relationship": "Outer", "Join Type": "Inner", "Startup Cost": 10000000001.57, "Total Cost": 1000016367541.65, "Plan Rows": 32949, "Plan Width": 40, "Inner Unique": false, "Plans": [{"Node Type": "Nested Loop", "Parent Relationship": "Outer", "Join Type": "Inner", "Startup Cost": 10000000001.26, "Total Cost": 1000015972498.77, "Plan Rows": 90685, "Plan Width": 32, "Inner Unique": true, "Plans": [{"Node Type": "Nested Loop", "Parent Relationship": "Outer", "Join Type": "Inner", "Startup Cost": 10000000001.0, "Total Cost": 1000011700317.58, "Plan Rows": 997530, "Plan Width": 36, "Inner Unique": false, "Plans": [{"Node Type": "Index Scan", "Parent Relationship": "Outer", "Scan Direction": "Forward", "Index Name": "person_id_aka_name", "Relation Name": "aka_name", "Alias": "an", "Startup Cost": 10000000000.0, "Total Cost": 1000006896503.43, "Plan Rows": 901342, "Plan Width": 20}, {"Node Type": "Bitmap Heap Scan", "Parent Relationship": "Inner", "Relation Name": "cast_info", "Alias": "ci", "Startup Cost": 1.0, "Total Cost": 5.32, "Plan Rows": 1, "Plan Width": 16, "Recheck Cond": "(person_id = an.person_id)", "Filter": "((note)::text = ANY ('{(voice),\"(voice: Japanese version)\",\"(voice) (uncredited)\",\"(voice: English version)\"}'::text[]))", "Plans": [{"Node Type": "Bitmap Index Scan", "Parent Relationship": "Outer", "Index Name": "person_id_cast_info", "Startup Cost": 0.0, "Total Cost": 1.0, "Plan Rows": 18, "Plan Width": 0, "Index Cond": "(person_id = an.person_id)"}]}]}, {"Node Type": "Bitmap Heap Scan", "Parent Relationship": "Inner", "Relation Name": "role_type", "Alias": "rt", "Startup Cost": 0.26, "Total Cost": 4.27, "Plan Rows": 1, "Plan Width": 4, "Recheck Cond": "(id = ci.role_id)", "Filter": "((role)::text = 'actress'::text)", "Plans": [{"Node Type": "Bitmap Index Scan", "Parent Relationship": "Outer", "Index Name": "role_type_pkey", "Startup Cost": 0.0, "Total Cost": 0.26, "Plan Rows": 1, "Plan Width": 0, "Index Cond": "(id = ci.role_id)"}]}]}, {"Node Type": "Bitmap Heap Scan", "Parent Relationship": "Inner", "Relation Name": "movie_companies", "Alias": "mc", "Startup Cost": 0.31, "Total Cost": 4.35, "Plan Rows": 1, "Plan Width": 8, "Recheck Cond": "(movie_id = ci.movie_id)", "Filter": "((note IS NOT NULL) AND (((note)::text ~~ '%(USA)%'::text) OR ((note)::text ~~ '%(worldwide)%'::text)))", "Plans": [{"Node Type": "Bitmap Index Scan", "Parent Relationship": "Outer", "Index Name": "movie_id_movie_companies", "Startup Cost": 0.0, "Total Cost": 0.31, "Plan Rows": 2, "Plan Width": 0, "Index Cond": "(movie_id = ci.movie_id)"}]}]}, {"Node Type": "Bitmap Heap Scan", "Parent Relationship": "Inner", "Relation Name": "char_name", "Alias": "chn", "Startup Cost": 0.31, "Total Cost": 4.33, "Plan Rows": 1, "Plan Width": 20, "Recheck Cond": "(id = ci.person_role_id)", "Plans": [{"Node Type": "Bitmap Index Scan", "Parent Relationship": "Outer", "Index Name": "char_name_pkey", "Startup Cost": 0.0, "Total Cost": 0.31, "Plan Rows": 1, "Plan Width": 0, "Index Cond": "(id = ci.person_role_id)"}]}]}, {"Node Type": "Bitmap Heap Scan", "Parent Relationship": "Inner", "Relation Name": "company_name", "Alias": "cn", "Startup Cost": 0.26, "Total Cost": 4.28, "Plan Rows": 1, "Plan Width": 4, "Recheck Cond": "(id = mc.company_id)", "Filter": "((country_code)::text = '[us]'::text)", "Plans": [{"Node Type": "Bitmap Index Scan", "Parent Relationship": "Outer", "Index Name": "company_name_pkey", "Startup Cost": 0.0, "Total Cost": 0.26, "Plan Rows": 1, "Plan Width": 0, "Index Cond": "(id = mc.company_id)"}]}]}, {"Node Type": "Bitmap Heap Scan", "Parent Relationship": "Inner", "Relation Name": "title", "Alias": "t", "Startup Cost": 0.3, "Total Cost": 4.32, "Plan Rows": 1, "Plan Width": 21, "Recheck Cond": "(id = ci.movie_id)", "Filter": "((production_year >= 2005) AND (production_year <= 2015))", "Plans": [{"Node Type": "Bitmap Index Scan", "Parent Relationship": "Outer", "Index Name": "title_pkey", "Startup Cost": 0.0, "Total Cost": 0.3, "Plan Rows": 1, "Plan Width": 0, "Index Cond": "(id = ci.movie_id)"}]}]}, {"Node Type": "Bitmap Heap Scan", "Parent Relationship": "Inner", "Relation Name": "name", "Alias": "n", "Startup Cost": 0.33, "Total Cost": 4.34, "Plan Rows": 1, "Plan Width": 4, "Recheck Cond": "(id = an.person_id)", "Filter": "(((name)::text ~~ '%Ang%'::text) AND ((gender)::text = 'f'::text))", "Plans": [{"Node Type": "Bitmap Index Scan", "Parent Relationship": "Outer", "Index Name": "name_pkey", "Startup Cost": 0.0, "Total Cost": 0.33, "Plan Rows": 1, "Plan Width": 0, "Index Cond": "(id = an.person_id)"}]}]}]}, "Unique SQL Id": 3431223514, "Planner Runtime": 14}, "explain_analyze_plan": null}, "(1, 4)": {"explain_plan": {"Plan": {"Node Type": "Aggregate", "Strategy": "Plain", "Startup Cost": 114987.2, "Total Cost": 114987.21, "Plan Rows": 1, "Plan Width": 145, "Plans": [{"Node Type": "Nested Loop", "Parent Relationship": "Outer", "Join Type": "Inner", "Startup Cost": 0.0, "Total Cost": 114987.19, "Plan Rows": 1, "Plan Width": 49, "Inner Unique": true, "Plans": [{"Node Type": "Nested Loop", "Parent Relationship": "Outer", "Join Type": "Inner", "Startup Cost": 0.0, "Total Cost": 114986.69, "Plan Rows": 1, "Plan Width": 40, "Inner Unique": true, "Plans": [{"Node Type": "Nested Loop", "Parent Relationship": "Outer", "Join Type": "Inner", "Startup Cost": 0.0, "Total Cost": 114985.67, "Plan Rows": 2, "Plan Width": 28, "Inner Unique": true, "Plans": [{"Node Type": "Nested Loop", "Parent Relationship": "Outer", "Join Type": "Inner", "Startup Cost": 0.0, "Total Cost": 114984.04, "Plan Rows": 5, "Plan Width": 32, "Inner Unique": false, "Plans": [{"Node Type": "Nested Loop", "Parent Relationship": "Outer", "Join Type": "Inner", "Startup Cost": 0.0, "Total Cost": 114978.43, "Plan Rows": 13, "Plan Width": 24, "Inner Unique": false, "Join Filter": "(ci.role_id = rt.id)", "Plans": [{"Node Type": "Seq Scan", "Parent Relationship": "Outer", "Relation Name": "role_type", "Alias": "rt", "Startup Cost": 0.0, "Total Cost": 1.15, "Plan Rows": 1, "Plan Width": 4, "Filter": "((role)::text = 'actress'::text)"}, {"Node Type": "Nested Loop", "Parent Relationship": "Inner", "Join Type": "Inner", "Startup Cost": 0.0, "Total Cost": 114975.51, "Plan Rows": 141, "Plan Width": 28, "Inner Unique": false, "Join Filter": "(n.id = ci.person_id)", "Plans": [{"Node Type": "Nested Loop", "Parent Relationship": "Outer", "Join Type": "Inner", "Startup Cost": 0.0, "Total Cost": 114700.23, "Plan Rows": 115, "Plan Width": 24, "Inner Unique": false, "Plans": [{"Node Type": "Seq Scan", "Parent Relationship": "Outer", "Relation Name": "name", "Alias": "n", "Startup Cost": 0.0, "Total Cost": 113909.35, "Plan Rows": 96, "Plan Width": 4, "Filter": "(((name)::text ~~ '%Ang%'::text) AND ((gender)::text = 'f'::text))"}, {"Node Type": "Index Scan", "Parent Relationship": "Inner", "Scan Direction": "Forward", "Index Name": "person_id_aka_name", "Relation Name": "aka_name", "Alias": "an", "Startup Cost": 0.0, "Total Cost": 8.23, "Plan Rows": 1, "Plan Width": 20, "Index Cond": "(person_id = n.id)"}]}, {"Node Type": "Index Scan", "Parent Relationship": "Inner", "Scan Direction": "Forward", "Index Name": "person_id_cast_info", "Relation Name": "cast_info", "Alias": "ci", "Startup Cost": 0.0, "Total Cost": 2.38, "Plan Rows": 1, "Plan Width": 16, "Index Cond": "(person_id = an.person_id)", "Filter": "((note)::text = ANY ('{(voice),\"(voice: Japanese version)\",\"(voice) (uncredited)\",\"(voice: English version)\"}'::text[]))"}]}]}, {"Node Type": "Index Scan", "Parent Relationship": "Inner", "Scan Direction": "Forward", "Index Name": "movie_id_movie_companies", "Relation Name": "movie_companies", "Alias": "mc", "Startup Cost": 0.0, "Total Cost": 0.42, "Plan Rows": 1, "Plan Width": 8, "Index Cond": "(movie_id = ci.movie_id)", "Filter": "((note IS NOT NULL) AND (((note)::text ~~ '%(USA)%'::text) OR ((note)::text ~~ '%(worldwide)%'::text)))"}]}, {"Node Type": "Index Scan", "Parent Relationship": "Inner", "Scan Direction": "Forward", "Index Name": "company_name_pkey", "Relation Name": "company_name", "Alias": "cn", "Startup Cost": 0.0, "Total Cost": 0.32, "Plan Rows": 1, "Plan Width": 4, "Index Cond": "(id = mc.company_id)", "Filter": "((country_code)::text = '[us]'::text)"}]}, {"Node Type": "Index Scan", "Parent Relationship": "Inner", "Scan Direction": "Forward", "Index Name": "char_name_pkey", "Relation Name": "char_name", "Alias": "chn", "Startup Cost": 0.0, "Total Cost": 0.5, "Plan Rows": 1, "Plan Width": 20, "Index Cond": "(id = ci.person_role_id)"}]}, {"Node Type": "Index Scan", "Parent Relationship": "Inner", "Scan Direction": "Forward", "Index Name": "title_pkey", "Relation Name": "title", "Alias": "t", "Startup Cost": 0.0, "Total Cost": 0.49, "Plan Rows": 1, "Plan Width": 21, "Index Cond": "(id = ci.movie_id)", "Filter": "((production_year >= 2005) AND (production_year <= 2015))"}]}]}, "Unique SQL Id": 3431223514, "Planner Runtime": 76}, "explain_analyze_plan": {"Plan": {"Node Type": "Aggregate", "Strategy": "Plain", "Startup Cost": 114987.2, "Total Cost": 114987.21, "Plan Rows": 1, "Plan Width": 145, "Actual Startup Time": 1703.594, "Actual Total Time": 1703.595, "Actual Rows": 1, "Actual Loops": 1, "Plans": [{"Node Type": "Nested Loop", "Parent Relationship": "Outer", "Join Type": "Inner", "Startup Cost": 0.0, "Total Cost": 114987.19, "Plan Rows": 1, "Plan Width": 49, "Actual Startup Time": 697.212, "Actual Total Time": 1703.364, "Actual Rows": 121, "Actual Loops": 1, "Inner Unique": true, "Plans": [{"Node Type": "Nested Loop", "Parent Relationship": "Outer", "Join Type": "Inner", "Startup Cost": 0.0, "Total Cost": 114986.69, "Plan Rows": 1, "Plan Width": 40, "Actual Startup Time": 689.723, "Actual Total Time": 1701.599, "Actual Rows": 341, "Actual Loops": 1, "Inner Unique": true, "Plans": [{"Node Type": "Nested Loop", "Parent Relationship": "Outer", "Join Type": "Inner", "Startup Cost": 0.0, "Total Cost": 114985.67, "Plan Rows": 2, "Plan Width": 28, "Actual Startup Time": 689.707, "Actual Total Time": 1700.005, "Actual Rows": 359, "Actual Loops": 1, "Inner Unique": true, "Plans": [{"Node Type": "Nested Loop", "Parent Relationship": "Outer", "Join Type": "Inner", "Startup Cost": 0.0, "Total Cost": 114984.04, "Plan Rows": 5, "Plan Width": 32, "Actual Startup Time": 689.678, "Actual Total Time": 1697.916, "Actual Rows": 373, "Actual Loops": 1, "Inner Unique": false, "Plans": [{"Node Type": "Nested Loop", "Parent Relationship": "Outer", "Join Type": "Inner", "Startup Cost": 0.0, "Total Cost": 114978.43, "Plan Rows": 13, "Plan Width": 24, "Actual Startup Time": 688.314, "Actual Total Time": 1693.763, "Actual Rows": 425, "Actual Loops": 1, "Inner Unique": false, "Join Filter": "(ci.role_id = rt.id)", "Rows Removed by Join Filter": 0, "Plans": [{"Node Type": "Seq Scan", "Parent Relationship": "Outer", "Relation Name": "role_type", "Alias": "rt", "Startup Cost": 0.0, "Total Cost": 1.15, "Plan Rows": 1, "Plan Width": 4, "Actual Startup Time": 0.039, "Actual Total Time": 0.045, "Actual Rows": 1, "Actual Loops": 1, "Filter": "((role)::text = 'actress'::text)", "Rows Removed by Filter": 11}, {"Node Type": "Nested Loop", "Parent Relationship": "Inner", "Join Type": "Inner", "Startup Cost": 0.0, "Total Cost": 114975.51, "Plan Rows": 141, "Plan Width": 28, "Actual Startup Time": 688.266, "Actual Total Time": 1693.541, "Actual Rows": 425, "Actual Loops": 1, "Inner Unique": false, "Join Filter": "(n.id = ci.person_id)", "Rows Removed by Join Filter": 0, "Plans": [{"Node Type": "Nested Loop", "Parent Relationship": "Outer", "Join Type": "Inner", "Startup Cost": 0.0, "Total Cost": 114700.23, "Plan Rows": 115, "Plan Width": 24, "Actual Startup Time": 673.28, "Actual Total Time": 1644.68, "Actual Rows": 1558, "Actual Loops": 1, "Inner Unique": false, "Plans": [{"Node Type": "Seq Scan", "Parent Relationship": "Outer", "Relation Name": "name", "Alias": "n", "Startup Cost": 0.0, "Total Cost": 113909.35, "Plan Rows": 96, "Plan Width": 4, "Actual Startup Time": 671.583, "Actual Total Time": 1622.951, "Actual Rows": 6768, "Actual Loops": 1, "Filter": "(((name)::text ~~ '%Ang%'::text) AND ((gender)::text = 'f'::text))", "Rows Removed by Filter": 4160722}, {"Node Type": "Index Scan", "Parent Relationship": "Inner", "Scan Direction": "Forward", "Index Name": "person_id_aka_name", "Relation Name": "aka_name", "Alias": "an", "Startup Cost": 0.0, "Total Cost": 8.23, "Plan Rows": 1, "Plan Width": 20, "Actual Startup Time": 16.878, "Actual Total Time": 17.626, "Actual Rows": 1558, "Actual Loops": 6768, "Index Cond": "(person_id = n.id)", "Rows Removed by Index Recheck": 0}]}, {"Node Type": "Index Scan", "Parent Relationship": "Inner", "Scan Direction": "Forward", "Index Name": "person_id_cast_info", "Relation Name": "cast_info", "Alias": "ci", "Startup Cost": 0.0, "Total Cost": 2.38, "Plan Rows": 1, "Plan Width": 16, "Actual Startup Time": 43.065, "Actual Total Time": 47.745, "Actual Rows": 425, "Actual Loops": 1558, "Index Cond": "(person_id = an.person_id)", "Rows Removed by Index Recheck": 0, "Filter": "((note)::text = ANY ('{(voice),\"(voice: Japanese version)\",\"(voice) (uncredited)\",\"(voice: English version)\"}'::text[]))", "Rows Removed by Filter": 69057}]}]}, {"Node Type": "Index Scan", "Parent Relationship": "Inner", "Scan Direction": "Forward", "Index Name": "movie_id_movie_companies", "Relation Name": "movie_companies", "Alias": "mc", "Startup Cost": 0.0, "Total Cost": 0.42, "Plan Rows": 1, "Plan Width": 8, "Actual Startup Time": 2.627, "Actual Total Time": 3.738, "Actual Rows": 373, "Actual Loops": 425, "Index Cond": "(movie_id = ci.movie_id)", "Rows Removed by Index Recheck": 0, "Filter": "((note IS NOT NULL) AND (((note)::text ~~ '%(USA)%'::text) OR ((note)::text ~~ '%(worldwide)%'::text)))", "Rows Removed by Filter": 1538}]}, {"Node Type": "Index Scan", "Parent Relationship": "Inner", "Scan Direction": "Forward", "Index Name": "company_name_pkey", "Relation Name": "company_name", "Alias": "cn", "Startup Cost": 0.0, "Total Cost": 0.32, "Plan Rows": 1, "Plan Width": 4, "Actual Startup Time": 1.71, "Actual Total Time": 1.71, "Actual Rows": 359, "Actual Loops": 373, "Index Cond": "(id = mc.company_id)", "Rows Removed by Index Recheck": 0, "Filter": "((country_code)::text = '[us]'::text)", "Rows Removed by Filter": 14}]}, {"Node Type": "Index Scan", "Parent Relationship": "Inner", "Scan Direction": "Forward", "Index Name": "char_name_pkey", "Relation Name": "char_name", "Alias": "chn", "Startup Cost": 0.0, "Total Cost": 0.5, "Plan Rows": 1, "Plan Width": 20, "Actual Startup Time": 1.241, "Actual Total Time": 1.241, "Actual Rows": 341, "Actual Loops": 359, "Index Cond": "(id = ci.person_role_id)", "Rows Removed by Index Recheck": 0}]}, {"Node Type": "Index Scan", "Parent Relationship": "Inner", "Scan Direction": "Forward", "Index Name": "title_pkey", "Relation Name": "title", "Alias": "t", "Startup Cost": 0.0, "Total Cost": 0.49, "Plan Rows": 1, "Plan Width": 21, "Actual Startup Time": 1.484, "Actual Total Time": 1.484, "Actual Rows": 121, "Actual Loops": 341, "Index Cond": "(id = ci.movie_id)", "Rows Removed by Index Recheck": 0, "Filter": "((production_year >= 2005) AND (production_year <= 2015))", "Rows Removed by Filter": 220}]}]}, "Triggers": [], "Planner Runtime": 8, "Total Runtime": 1704.04, "Unique SQL Id": 3431223514}}, "(1, 5)": {"explain_plan": {"Plan": {"Node Type": "Aggregate", "Strategy": "Plain", "Startup Cost": 198159.35, "Total Cost": 198159.36, "Plan Rows": 1, "Plan Width": 145, "Plans": [{"Node Type": "Nested Loop", "Parent Relationship": "Outer", "Join Type": "Inner", "Startup Cost": 0.0, "Total Cost": 198159.35, "Plan Rows": 1, "Plan Width": 49, "Inner Unique": true, "Plans": [{"Node Type": "Nested Loop", "Parent Relationship": "Outer", "Join Type": "Inner", "Startup Cost": 0.0, "Total Cost": 198158.85, "Plan Rows": 1, "Plan Width": 40, "Inner Unique": true, "Plans": [{"Node Type": "Nested Loop", "Parent Relationship": "Outer", "Join Type": "Inner", "Startup Cost": 0.0, "Total Cost": 198157.83, "Plan Rows": 2, "Plan Width": 28, "Inner Unique": true, "Plans": [{"Node Type": "Nested Loop", "Parent Relationship": "Outer", "Join Type": "Inner", "Startup Cost": 0.0, "Total Cost": 198156.19, "Plan Rows": 5, "Plan Width": 32, "Inner Unique": false, "Plans": [{"Node Type": "Nested Loop", "Parent Relationship": "Outer", "Join Type": "Inner", "Startup Cost": 0.0, "Total Cost": 198150.58, "Plan Rows": 13, "Plan Width": 24, "Inner Unique": false, "Join Filter": "(ci.role_id = rt.id)", "Plans": [{"Node Type": "Index Scan", "Parent Relationship": "Outer", "Scan Direction": "Forward", "Index Name": "role_type_pkey", "Relation Name": "role_type", "Alias": "rt", "Startup Cost": 0.0, "Total Cost": 12.46, "Plan Rows": 1, "Plan Width": 4, "Filter": "((role)::text = 'actress'::text)"}, {"Node Type": "Nested Loop", "Parent Relationship": "Inner", "Join Type": "Inner", "Startup Cost": 0.0, "Total Cost": 198136.36, "Plan Rows": 141, "Plan Width": 28, "Inner Unique": false, "Join Filter": "(n.id = ci.person_id)", "Plans": [{"Node Type": "Nested Loop", "Parent Relationship": "Outer", "Join Type": "Inner", "Startup Cost": 0.0, "Total Cost": 197861.08, "Plan Rows": 115, "Plan Width": 24, "Inner Unique": false, "Plans": [{"Node Type": "Index Scan", "Parent Relationship": "Outer", "Scan Direction": "Forward", "Index Name": "name_pkey", "Relation Name": "name", "Alias": "n", "Startup Cost": 0.0, "Total Cost": 197070.2, "Plan Rows": 96, "Plan Width": 4, "Filter": "(((name)::text ~~ '%Ang%'::text) AND ((gender)::text = 'f'::text))"}, {"Node Type": "Index Scan", "Parent Relationship": "Inner", "Scan Direction": "Forward", "Index Name": "person_id_aka_name", "Relation Name": "aka_name", "Alias": "an", "Startup Cost": 0.0, "Total Cost": 8.23, "Plan Rows": 1, "Plan Width": 20, "Index Cond": "(person_id = n.id)"}]}, {"Node Type": "Index Scan", "Parent Relationship": "Inner", "Scan Direction": "Forward", "Index Name": "person_id_cast_info", "Relation Name": "cast_info", "Alias": "ci", "Startup Cost": 0.0, "Total Cost": 2.38, "Plan Rows": 1, "Plan Width": 16, "Index Cond": "(person_id = an.person_id)", "Filter": "((note)::text = ANY ('{(voice),\"(voice: Japanese version)\",\"(voice) (uncredited)\",\"(voice: English version)\"}'::text[]))"}]}]}, {"Node Type": "Index Scan", "Parent Relationship": "Inner", "Scan Direction": "Forward", "Index Name": "movie_id_movie_companies", "Relation Name": "movie_companies", "Alias": "mc", "Startup Cost": 0.0, "Total Cost": 0.42, "Plan Rows": 1, "Plan Width": 8, "Index Cond": "(movie_id = ci.movie_id)", "Filter": "((note IS NOT NULL) AND (((note)::text ~~ '%(USA)%'::text) OR ((note)::text ~~ '%(worldwide)%'::text)))"}]}, {"Node Type": "Index Scan", "Parent Relationship": "Inner", "Scan Direction": "Forward", "Index Name": "company_name_pkey", "Relation Name": "company_name", "Alias": "cn", "Startup Cost": 0.0, "Total Cost": 0.32, "Plan Rows": 1, "Plan Width": 4, "Index Cond": "(id = mc.company_id)", "Filter": "((country_code)::text = '[us]'::text)"}]}, {"Node Type": "Index Scan", "Parent Relationship": "Inner", "Scan Direction": "Forward", "Index Name": "char_name_pkey", "Relation Name": "char_name", "Alias": "chn", "Startup Cost": 0.0, "Total Cost": 0.5, "Plan Rows": 1, "Plan Width": 20, "Index Cond": "(id = ci.person_role_id)"}]}, {"Node Type": "Index Scan", "Parent Relationship": "Inner", "Scan Direction": "Forward", "Index Name": "title_pkey", "Relation Name": "title", "Alias": "t", "Startup Cost": 0.0, "Total Cost": 0.49, "Plan Rows": 1, "Plan Width": 21, "Index Cond": "(id = ci.movie_id)", "Filter": "((production_year >= 2005) AND (production_year <= 2015))"}]}]}, "Unique SQL Id": 3431223514, "Planner Runtime": 65}, "explain_analyze_plan": null}, "(1, 6)": {"explain_plan": {"Plan": {"Node Type": "Aggregate", "Strategy": "Plain", "Startup Cost": 115411.92, "Total Cost": 115411.93, "Plan Rows": 1, "Plan Width": 145, "Plans": [{"Node Type": "Nested Loop", "Parent Relationship": "Outer", "Join Type": "Inner", "Startup Cost": 6.41, "Total Cost": 115411.91, "Plan Rows": 2, "Plan Width": 49, "Inner Unique": true, "Plans": [{"Node Type": "Nested Loop", "Parent Relationship": "Outer", "Join Type": "Inner", "Startup Cost": 6.11, "Total Cost": 115403.25, "Plan Rows": 2, "Plan Width": 40, "Inner Unique": true, "Plans": [{"Node Type": "Nested Loop", "Parent Relationship": "Outer", "Join Type": "Inner", "Startup Cost": 5.85, "Total Cost": 115394.67, "Plan Rows": 2, "Plan Width": 44, "Inner Unique": true, "Plans": [{"Node Type": "Nested Loop", "Parent Relationship": "Outer", "Join Type": "Inner", "Startup Cost": 5.53, "Total Cost": 115372.99, "Plan Rows": 5, "Plan Width": 32, "Inner Unique": false, "Plans": [{"Node Type": "Nested Loop", "Parent Relationship": "Outer", "Join Type": "Inner", "Startup Cost": 5.22, "Total Cost": 115316.36, "Plan Rows": 13, "Plan Width": 24, "Inner Unique": false, "Join Filter": "(ci.role_id = rt.id)", "Plans": [{"Node Type": "Seq Scan", "Parent Relationship": "Outer", "Relation Name": "role_type", "Alias": "rt", "Startup Cost": 0.0, "Total Cost": 1.15, "Plan Rows": 1, "Plan Width": 4, "Filter": "((role)::text = 'actress'::text)"}, {"Node Type": "Nested Loop", "Parent Relationship": "Inner", "Join Type": "Inner", "Startup Cost": 5.22, "Total Cost": 115313.45, "Plan Rows": 141, "Plan Width": 28, "Inner Unique": false, "Join Filter": "(n.id = ci.person_id)", "Plans": [{"Node Type": "Nested Loop", "Parent Relationship": "Outer", "Join Type": "Inner", "Startup Cost": 4.22, "Total Cost": 114700.25, "Plan Rows": 115, "Plan Width": 24, "Inner Unique": false, "Plans": [{"Node Type": "Seq Scan", "Parent Relationship": "Outer", "Relation Name": "name", "Alias": "n", "Startup Cost": 0.0, "Total Cost": 113909.35, "Plan Rows": 96, "Plan Width": 4, "Filter": "(((name)::text ~~ '%Ang%'::text) AND ((gender)::text = 'f'::text))"}, {"Node Type": "Bitmap Heap Scan", "Parent Relationship": "Inner", "Relation Name": "aka_name", "Alias": "an", "Startup Cost": 4.22, "Total Cost": 8.23, "Plan Rows": 1, "Plan Width": 20, "Recheck Cond": "(person_id = n.id)", "Plans": [{"Node Type": "Bitmap Index Scan", "Parent Relationship": "Outer", "Index Name": "person_id_aka_name", "Startup Cost": 0.0, "Total Cost": 4.22, "Plan Rows": 1, "Plan Width": 0, "Index Cond": "(person_id = n.id)"}]}]}, {"Node Type": "Bitmap Heap Scan", "Parent Relationship": "Inner", "Relation Name": "cast_info", "Alias": "ci", "Startup Cost": 1.0, "Total Cost": 5.32, "Plan Rows": 1, "Plan Width": 16, "Recheck Cond": "(person_id = an.person_id)", "Filter": "((note)::text = ANY ('{(voice),\"(voice: Japanese version)\",\"(voice) (uncredited)\",\"(voice: English version)\"}'::text[]))", "Plans": [{"Node Type": "Bitmap Index Scan", "Parent Relationship": "Outer", "Index Name": "person_id_cast_info", "Startup Cost": 0.0, "Total Cost": 1.0, "Plan Rows": 18, "Plan Width": 0, "Index Cond": "(person_id = an.person_id)"}]}]}]}, {"Node Type": "Bitmap Heap Scan", "Parent Relationship": "Inner", "Relation Name": "movie_companies", "Alias": "mc", "Startup Cost": 0.31, "Total Cost": 4.35, "Plan Rows": 1, "Plan Width": 8, "Recheck Cond": "(movie_id = ci.movie_id)", "Filter": "((note IS NOT NULL) AND (((note)::text ~~ '%(USA)%'::text) OR ((note)::text ~~ '%(worldwide)%'::text)))", "Plans": [{"Node Type": "Bitmap Index Scan", "Parent Relationship": "Outer", "Index Name": "movie_id_movie_companies", "Startup Cost": 0.0, "Total Cost": 0.31, "Plan Rows": 2, "Plan Width": 0, "Index Cond": "(movie_id = ci.movie_id)"}]}]}, {"Node Type": "Bitmap Heap Scan", "Parent Relationship": "Inner", "Relation Name": "char_name", "Alias": "chn", "Startup Cost": 0.31, "Total Cost": 4.33, "Plan Rows": 1, "Plan Width": 20, "Recheck Cond": "(id = ci.person_role_id)", "Plans": [{"Node Type": "Bitmap Index Scan", "Parent Relationship": "Outer", "Index Name": "char_name_pkey", "Startup Cost": 0.0, "Total Cost": 0.31, "Plan Rows": 1, "Plan Width": 0, "Index Cond": "(id = ci.person_role_id)"}]}]}, {"Node Type": "Bitmap Heap Scan", "Parent Relationship": "Inner", "Relation Name": "company_name", "Alias": "cn", "Startup Cost": 0.26, "Total Cost": 4.28, "Plan Rows": 1, "Plan Width": 4, "Recheck Cond": "(id = mc.company_id)", "Filter": "((country_code)::text = '[us]'::text)", "Plans": [{"Node Type": "Bitmap Index Scan", "Parent Relationship": "Outer", "Index Name": "company_name_pkey", "Startup Cost": 0.0, "Total Cost": 0.26, "Plan Rows": 1, "Plan Width": 0, "Index Cond": "(id = mc.company_id)"}]}]}, {"Node Type": "Bitmap Heap Scan", "Parent Relationship": "Inner", "Relation Name": "title", "Alias": "t", "Startup Cost": 0.3, "Total Cost": 4.32, "Plan Rows": 1, "Plan Width": 21, "Recheck Cond": "(id = ci.movie_id)", "Filter": "((production_year >= 2005) AND (production_year <= 2015))", "Plans": [{"Node Type": "Bitmap Index Scan", "Parent Relationship": "Outer", "Index Name": "title_pkey", "Startup Cost": 0.0, "Total Cost": 0.3, "Plan Rows": 1, "Plan Width": 0, "Index Cond": "(id = ci.movie_id)"}]}]}]}, "Unique SQL Id": 3431223514, "Planner Runtime": 77}, "explain_analyze_plan": {"Plan": {"Node Type": "Aggregate", "Strategy": "Plain", "Startup Cost": 115411.92, "Total Cost": 115411.93, "Plan Rows": 1, "Plan Width": 145, "Actual Startup Time": 1709.38, "Actual Total Time": 1709.381, "Actual Rows": 1, "Actual Loops": 1, "Plans": [{"Node Type": "Nested Loop", "Parent Relationship": "Outer", "Join Type": "Inner", "Startup Cost": 6.41, "Total Cost": 115411.91, "Plan Rows": 2, "Plan Width": 49, "Actual Startup Time": 699.471, "Actual Total Time": 1709.105, "Actual Rows": 121, "Actual Loops": 1, "Inner Unique": true, "Plans": [{"Node Type": "Nested Loop", "Parent Relationship": "Outer", "Join Type": "Inner", "Startup Cost": 6.11, "Total Cost": 115403.25, "Plan Rows": 2, "Plan Width": 40, "Actual Startup Time": 691.26, "Actual Total Time": 1706.814, "Actual Rows": 341, "Actual Loops": 1, "Inner Unique": true, "Plans": [{"Node Type": "Nested Loop", "Parent Relationship": "Outer", "Join Type": "Inner", "Startup Cost": 5.85, "Total Cost": 115394.67, "Plan Rows": 2, "Plan Width": 44, "Actual Startup Time": 691.228, "Actual Total Time": 1704.451, "Actual Rows": 348, "Actual Loops": 1, "Inner Unique": true, "Plans": [{"Node Type": "Nested Loop", "Parent Relationship": "Outer", "Join Type": "Inner", "Startup Cost": 5.53, "Total Cost": 115372.99, "Plan Rows": 5, "Plan Width": 32, "Actual Startup Time": 691.211, "Actual Total Time": 1702.135, "Actual Rows": 373, "Actual Loops": 1, "Inner Unique": false, "Plans": [{"Node Type": "Nested Loop", "Parent Relationship": "Outer", "Join Type": "Inner", "Startup Cost": 5.22, "Total Cost": 115316.36, "Plan Rows": 13, "Plan Width": 24, "Actual Startup Time": 689.644, "Actual Total Time": 1696.664, "Actual Rows": 425, "Actual Loops": 1, "Inner Unique": false, "Join Filter": "(ci.role_id = rt.id)", "Rows Removed by Join Filter": 0, "Plans": [{"Node Type": "Seq Scan", "Parent Relationship": "Outer", "Relation Name": "role_type", "Alias": "rt", "Startup Cost": 0.0, "Total Cost": 1.15, "Plan Rows": 1, "Plan Width": 4, "Actual Startup Time": 0.026, "Actual Total Time": 0.032, "Actual Rows": 1, "Actual Loops": 1, "Filter": "((role)::text = 'actress'::text)", "Rows Removed by Filter": 11}, {"Node Type": "Nested Loop", "Parent Relationship": "Inner", "Join Type": "Inner", "Startup Cost": 5.22, "Total Cost": 115313.45, "Plan Rows": 141, "Plan Width": 28, "Actual Startup Time": 689.61, "Actual Total Time": 1696.417, "Actual Rows": 425, "Actual Loops": 1, "Inner Unique": false, "Join Filter": "(n.id = ci.person_id)", "Rows Removed by Join Filter": 0, "Plans": [{"Node Type": "Nested Loop", "Parent Relationship": "Outer", "Join Type": "Inner", "Startup Cost": 4.22, "Total Cost": 114700.25, "Plan Rows": 115, "Plan Width": 24, "Actual Startup Time": 673.784, "Actual Total Time": 1646.247, "Actual Rows": 1558, "Actual Loops": 1, "Inner Unique": false, "Plans": [{"Node Type": "Seq Scan", "Parent Relationship": "Outer", "Relation Name": "name", "Alias": "n", "Startup Cost": 0.0, "Total Cost": 113909.35, "Plan Rows": 96, "Plan Width": 4, "Actual Startup Time": 672.02, "Actual Total Time": 1615.306, "Actual Rows": 6768, "Actual Loops": 1, "Filter": "(((name)::text ~~ '%Ang%'::text) AND ((gender)::text = 'f'::text))", "Rows Removed by Filter": 4160722}, {"Node Type": "Bitmap Heap Scan", "Parent Relationship": "Inner", "Relation Name": "aka_name", "Alias": "an", "Startup Cost": 4.22, "Total Cost": 8.23, "Plan Rows": 1, "Plan Width": 20, "Actual Startup Time": 22.357, "Actual Total Time": 22.816, "Actual Rows": 1558, "Actual Loops": 6768, "Recheck Cond": "(person_id = n.id)", "Rows Removed by Index Recheck": 0, "Exact Heap Blocks": 1014, "Lossy Heap Blocks": 1014, "Plans": [{"Node Type": "Bitmap Index Scan", "Parent Relationship": "Outer", "Index Name": "person_id_aka_name", "Startup Cost": 0.0, "Total Cost": 4.22, "Plan Rows": 1, "Plan Width": 0, "Actual Startup Time": 17.113, "Actual Total Time": 17.113, "Actual Rows": 1558, "Actual Loops": 6768, "Index Cond": "(person_id = n.id)"}]}]}, {"Node Type": "Bitmap Heap Scan", "Parent Relationship": "Inner", "Relation Name": "cast_info", "Alias": "ci", "Startup Cost": 1.0, "Total Cost": 5.32, "Plan Rows": 1, "Plan Width": 16, "Actual Startup Time": 44.607, "Actual Total Time": 47.833, "Actual Rows": 425, "Actual Loops": 1558, "Recheck Cond": "(person_id = an.person_id)", "Rows Removed by Index Recheck": 0, "Filter": "((note)::text = ANY ('{(voice),\"(voice: Japanese version)\",\"(voice) (uncredited)\",\"(voice: English version)\"}'::text[]))", "Rows Removed by Filter": 69057, "Exact Heap Blocks": 2627, "Lossy Heap Blocks": 2627, "Plans": [{"Node Type": "Bitmap Index Scan", "Parent Relationship": "Outer", "Index Name": "person_id_cast_info", "Startup Cost": 0.0, "Total Cost": 1.0, "Plan Rows": 18, "Plan Width": 0, "Actual Startup Time": 13.956, "Actual Total Time": 13.956, "Actual Rows": 69482, "Actual Loops": 1558, "Index Cond": "(person_id = an.person_id)"}]}]}]}, {"Node Type": "Bitmap Heap Scan", "Parent Relationship": "Inner", "Relation Name": "movie_companies", "Alias": "mc", "Startup Cost": 0.31, "Total Cost": 4.35, "Plan Rows": 1, "Plan Width": 8, "Actual Startup Time": 3.797, "Actual Total Time": 4.718, "Actual Rows": 373, "Actual Loops": 425, "Recheck Cond": "(movie_id = ci.movie_id)", "Rows Removed by Index Recheck": 0, "Filter": "((note IS NOT NULL) AND (((note)::text ~~ '%(USA)%'::text) OR ((note)::text ~~ '%(worldwide)%'::text)))", "Rows Removed by Filter": 1538, "Exact Heap Blocks": 580, "Lossy Heap Blocks": 580, "Plans": [{"Node Type": "Bitmap Index Scan", "Parent Relationship": "Outer", "Index Name": "movie_id_movie_companies", "Startup Cost": 0.0, "Total Cost": 0.31, "Plan Rows": 2, "Plan Width": 0, "Actual Startup Time": 2.001, "Actual Total Time": 2.001, "Actual Rows": 1911, "Actual Loops": 425, "Index Cond": "(movie_id = ci.movie_id)"}]}]}, {"Node Type": "Bitmap Heap Scan", "Parent Relationship": "Inner", "Relation Name": "char_name", "Alias": "chn", "Startup Cost": 0.31, "Total Cost": 4.33, "Plan Rows": 1, "Plan Width": 20, "Actual Startup Time": 1.723, "Actual Total Time": 1.723, "Actual Rows": 348, "Actual Loops": 373, "Recheck Cond": "(id = ci.person_role_id)", "Rows Removed by Index Recheck": 0, "Exact Heap Blocks": 348, "Lossy Heap Blocks": 348, "Plans": [{"Node Type": "Bitmap Index Scan", "Parent Relationship": "Outer", "Index Name": "char_name_pkey", "Startup Cost": 0.0, "Total Cost": 0.31, "Plan Rows": 1, "Plan Width": 0, "Actual Startup Time": 1.093, "Actual Total Time": 1.093, "Actual Rows": 348, "Actual Loops": 373, "Index Cond": "(id = ci.person_role_id)"}]}]}, {"Node Type": "Bitmap Heap Scan", "Parent Relationship": "Inner", "Relation Name": "company_name", "Alias": "cn", "Startup Cost": 0.26, "Total Cost": 4.28, "Plan Rows": 1, "Plan Width": 4, "Actual Startup Time": 1.817, "Actual Total Time": 1.817, "Actual Rows": 341, "Actual Loops": 348, "Recheck Cond": "(id = mc.company_id)", "Rows Removed by Index Recheck": 0, "Filter": "((country_code)::text = '[us]'::text)", "Rows Removed by Filter": 7, "Exact Heap Blocks": 348, "Lossy Heap Blocks": 348, "Plans": [{"Node Type": "Bitmap Index Scan", "Parent Relationship": "Outer", "Index Name": "company_name_pkey", "Startup Cost": 0.0, "Total Cost": 0.26, "Plan Rows": 1, "Plan Width": 0, "Actual Startup Time": 1.008, "Actual Total Time": 1.008, "Actual Rows": 348, "Actual Loops": 348, "Index Cond": "(id = mc.company_id)"}]}]}, {"Node Type": "Bitmap Heap Scan", "Parent Relationship": "Inner", "Relation Name": "title", "Alias": "t", "Startup Cost": 0.3, "Total Cost": 4.32, "Plan Rows": 1, "Plan Width": 21, "Actual Startup Time": 1.8, "Actual Total Time": 1.8, "Actual Rows": 121, "Actual Loops": 341, "Recheck Cond": "(id = ci.movie_id)", "Rows Removed by Index Recheck": 0, "Filter": "((production_year >= 2005) AND (production_year <= 2015))", "Rows Removed by Filter": 220, "Exact Heap Blocks": 341, "Lossy Heap Blocks": 341, "Plans": [{"Node Type": "Bitmap Index Scan", "Parent Relationship": "Outer", "Index Name": "title_pkey", "Startup Cost": 0.0, "Total Cost": 0.3, "Plan Rows": 1, "Plan Width": 0, "Actual Startup Time": 1.083, "Actual Total Time": 1.083, "Actual Rows": 341, "Actual Loops": 341, "Index Cond": "(id = ci.movie_id)"}]}]}]}, "Triggers": [], "Planner Runtime": 44, "Total Runtime": 1709.771, "Unique SQL Id": 3431223514}}, "(1, 7)": {"explain_plan": {"Plan": {"Node Type": "Aggregate", "Strategy": "Plain", "Startup Cost": 1000016655188.3, "Total Cost": 1000016655188.31, "Plan Rows": 1, "Plan Width": 145, "Plans": [{"Node Type": "Nested Loop", "Parent Relationship": "Outer", "Join Type": "Inner", "Startup Cost": 10000000002.78, "Total Cost": 1000016655188.3, "Plan Rows": 1, "Plan Width": 49, "Inner Unique": true, "Join Filter": "(ci.person_id = n.id)", "Plans": [{"Node Type": "Nested Loop", "Parent Relationship": "Outer", "Join Type": "Inner", "Startup Cost": 10000000002.45, "Total Cost": 1000016612909.02, "Plan Rows": 9704, "Plan Width": 57, "Inner Unique": true, "Plans": [{"Node Type": "Nested Loop", "Parent Relationship": "Outer", "Join Type": "Inner", "Startup Cost": 10000000002.15, "Total Cost": 1000016578899.44, "Plan Rows": 7855, "Plan Width": 48, "Inner Unique": true, "Plans": [{"Node Type": "Nested Loop", "Parent Relationship": "Outer", "Join Type": "Inner", "Startup Cost": 10000000001.89, "Total Cost": 1000016510409.12, "Plan Rows": 15972, "Plan Width": 52, "Inner Unique": true, "Plans": [{"Node Type": "Nested Loop", "Parent Relationship": "Outer", "Join Type": "Inner", "Startup Cost": 10000000001.57, "Total Cost": 1000016367541.65, "Plan Rows": 32949, "Plan Width": 40, "Inner Unique": false, "Plans": [{"Node Type": "Nested Loop", "Parent Relationship": "Outer", "Join Type": "Inner", "Startup Cost": 10000000001.26, "Total Cost": 1000015972498.77, "Plan Rows": 90685, "Plan Width": 32, "Inner Unique": true, "Plans": [{"Node Type": "Nested Loop", "Parent Relationship": "Outer", "Join Type": "Inner", "Startup Cost": 10000000001.0, "Total Cost": 1000011700317.58, "Plan Rows": 997530, "Plan Width": 36, "Inner Unique": false, "Plans": [{"Node Type": "Index Scan", "Parent Relationship": "Outer", "Scan Direction": "Forward", "Index Name": "person_id_aka_name", "Relation Name": "aka_name", "Alias": "an", "Startup Cost": 10000000000.0, "Total Cost": 1000006896503.43, "Plan Rows": 901342, "Plan Width": 20}, {"Node Type": "Bitmap Heap Scan", "Parent Relationship": "Inner", "Relation Name": "cast_info", "Alias": "ci", "Startup Cost": 1.0, "Total Cost": 5.32, "Plan Rows": 1, "Plan Width": 16, "Recheck Cond": "(person_id = an.person_id)", "Filter": "((note)::text = ANY ('{(voice),\"(voice: Japanese version)\",\"(voice) (uncredited)\",\"(voice: English version)\"}'::text[]))", "Plans": [{"Node Type": "Bitmap Index Scan", "Parent Relationship": "Outer", "Index Name": "person_id_cast_info", "Startup Cost": 0.0, "Total Cost": 1.0, "Plan Rows": 18, "Plan Width": 0, "Index Cond": "(person_id = an.person_id)"}]}]}, {"Node Type": "Bitmap Heap Scan", "Parent Relationship": "Inner", "Relation Name": "role_type", "Alias": "rt", "Startup Cost": 0.26, "Total Cost": 4.27, "Plan Rows": 1, "Plan Width": 4, "Recheck Cond": "(id = ci.role_id)", "Filter": "((role)::text = 'actress'::text)", "Plans": [{"Node Type": "Bitmap Index Scan", "Parent Relationship": "Outer", "Index Name": "role_type_pkey", "Startup Cost": 0.0, "Total Cost": 0.26, "Plan Rows": 1, "Plan Width": 0, "Index Cond": "(id = ci.role_id)"}]}]}, {"Node Type": "Bitmap Heap Scan", "Parent Relationship": "Inner", "Relation Name": "movie_companies", "Alias": "mc", "Startup Cost": 0.31, "Total Cost": 4.35, "Plan Rows": 1, "Plan Width": 8, "Recheck Cond": "(movie_id = ci.movie_id)", "Filter": "((note IS NOT NULL) AND (((note)::text ~~ '%(USA)%'::text) OR ((note)::text ~~ '%(worldwide)%'::text)))", "Plans": [{"Node Type": "Bitmap Index Scan", "Parent Relationship": "Outer", "Index Name": "movie_id_movie_companies", "Startup Cost": 0.0, "Total Cost": 0.31, "Plan Rows": 2, "Plan Width": 0, "Index Cond": "(movie_id = ci.movie_id)"}]}]}, {"Node Type": "Bitmap Heap Scan", "Parent Relationship": "Inner", "Relation Name": "char_name", "Alias": "chn", "Startup Cost": 0.31, "Total Cost": 4.33, "Plan Rows": 1, "Plan Width": 20, "Recheck Cond": "(id = ci.person_role_id)", "Plans": [{"Node Type": "Bitmap Index Scan", "Parent Relationship": "Outer", "Index Name": "char_name_pkey", "Startup Cost": 0.0, "Total Cost": 0.31, "Plan Rows": 1, "Plan Width": 0, "Index Cond": "(id = ci.person_role_id)"}]}]}, {"Node Type": "Bitmap Heap Scan", "Parent Relationship": "Inner", "Relation Name": "company_name", "Alias": "cn", "Startup Cost": 0.26, "Total Cost": 4.28, "Plan Rows": 1, "Plan Width": 4, "Recheck Cond": "(id = mc.company_id)", "Filter": "((country_code)::text = '[us]'::text)", "Plans": [{"Node Type": "Bitmap Index Scan", "Parent Relationship": "Outer", "Index Name": "company_name_pkey", "Startup Cost": 0.0, "Total Cost": 0.26, "Plan Rows": 1, "Plan Width": 0, "Index Cond": "(id = mc.company_id)"}]}]}, {"Node Type": "Bitmap Heap Scan", "Parent Relationship": "Inner", "Relation Name": "title", "Alias": "t", "Startup Cost": 0.3, "Total Cost": 4.32, "Plan Rows": 1, "Plan Width": 21, "Recheck Cond": "(id = ci.movie_id)", "Filter": "((production_year >= 2005) AND (production_year <= 2015))", "Plans": [{"Node Type": "Bitmap Index Scan", "Parent Relationship": "Outer", "Index Name": "title_pkey", "Startup Cost": 0.0, "Total Cost": 0.3, "Plan Rows": 1, "Plan Width": 0, "Index Cond": "(id = ci.movie_id)"}]}]}, {"Node Type": "Bitmap Heap Scan", "Parent Relationship": "Inner", "Relation Name": "name", "Alias": "n", "Startup Cost": 0.33, "Total Cost": 4.34, "Plan Rows": 1, "Plan Width": 4, "Recheck Cond": "(id = an.person_id)", "Filter": "(((name)::text ~~ '%Ang%'::text) AND ((gender)::text = 'f'::text))", "Plans": [{"Node Type": "Bitmap Index Scan", "Parent Relationship": "Outer", "Index Name": "name_pkey", "Startup Cost": 0.0, "Total Cost": 0.33, "Plan Rows": 1, "Plan Width": 0, "Index Cond": "(id = an.person_id)"}]}]}]}, "Unique SQL Id": 3431223514, "Planner Runtime": 13}, "explain_analyze_plan": null}, "(1, 8)": {"explain_plan": {"Plan": {"Node Type": "Aggregate", "Strategy": "Plain", "Startup Cost": 114987.2, "Total Cost": 114987.21, "Plan Rows": 1, "Plan Width": 145, "Plans": [{"Node Type": "Nested Loop", "Parent Relationship": "Outer", "Join Type": "Inner", "Startup Cost": 0.0, "Total Cost": 114987.19, "Plan Rows": 1, "Plan Width": 49, "Inner Unique": true, "Plans": [{"Node Type": "Nested Loop", "Parent Relationship": "Outer", "Join Type": "Inner", "Startup Cost": 0.0, "Total Cost": 114986.69, "Plan Rows": 1, "Plan Width": 40, "Inner Unique": true, "Plans": [{"Node Type": "Nested Loop", "Parent Relationship": "Outer", "Join Type": "Inner", "Startup Cost": 0.0, "Total Cost": 114985.67, "Plan Rows": 2, "Plan Width": 28, "Inner Unique": true, "Plans": [{"Node Type": "Nested Loop", "Parent Relationship": "Outer", "Join Type": "Inner", "Startup Cost": 0.0, "Total Cost": 114984.04, "Plan Rows": 5, "Plan Width": 32, "Inner Unique": false, "Plans": [{"Node Type": "Nested Loop", "Parent Relationship": "Outer", "Join Type": "Inner", "Startup Cost": 0.0, "Total Cost": 114978.43, "Plan Rows": 13, "Plan Width": 24, "Inner Unique": false, "Join Filter": "(ci.role_id = rt.id)", "Plans": [{"Node Type": "Seq Scan", "Parent Relationship": "Outer", "Relation Name": "role_type", "Alias": "rt", "Startup Cost": 0.0, "Total Cost": 1.15, "Plan Rows": 1, "Plan Width": 4, "Filter": "((role)::text = 'actress'::text)"}, {"Node Type": "Nested Loop", "Parent Relationship": "Inner", "Join Type": "Inner", "Startup Cost": 0.0, "Total Cost": 114975.51, "Plan Rows": 141, "Plan Width": 28, "Inner Unique": false, "Join Filter": "(n.id = ci.person_id)", "Plans": [{"Node Type": "Nested Loop", "Parent Relationship": "Outer", "Join Type": "Inner", "Startup Cost": 0.0, "Total Cost": 114700.23, "Plan Rows": 115, "Plan Width": 24, "Inner Unique": false, "Plans": [{"Node Type": "Seq Scan", "Parent Relationship": "Outer", "Relation Name": "name", "Alias": "n", "Startup Cost": 0.0, "Total Cost": 113909.35, "Plan Rows": 96, "Plan Width": 4, "Filter": "(((name)::text ~~ '%Ang%'::text) AND ((gender)::text = 'f'::text))"}, {"Node Type": "Index Scan", "Parent Relationship": "Inner", "Scan Direction": "Forward", "Index Name": "person_id_aka_name", "Relation Name": "aka_name", "Alias": "an", "Startup Cost": 0.0, "Total Cost": 8.23, "Plan Rows": 1, "Plan Width": 20, "Index Cond": "(person_id = n.id)"}]}, {"Node Type": "Index Scan", "Parent Relationship": "Inner", "Scan Direction": "Forward", "Index Name": "person_id_cast_info", "Relation Name": "cast_info", "Alias": "ci", "Startup Cost": 0.0, "Total Cost": 2.38, "Plan Rows": 1, "Plan Width": 16, "Index Cond": "(person_id = an.person_id)", "Filter": "((note)::text = ANY ('{(voice),\"(voice: Japanese version)\",\"(voice) (uncredited)\",\"(voice: English version)\"}'::text[]))"}]}]}, {"Node Type": "Index Scan", "Parent Relationship": "Inner", "Scan Direction": "Forward", "Index Name": "movie_id_movie_companies", "Relation Name": "movie_companies", "Alias": "mc", "Startup Cost": 0.0, "Total Cost": 0.42, "Plan Rows": 1, "Plan Width": 8, "Index Cond": "(movie_id = ci.movie_id)", "Filter": "((note IS NOT NULL) AND (((note)::text ~~ '%(USA)%'::text) OR ((note)::text ~~ '%(worldwide)%'::text)))"}]}, {"Node Type": "Index Scan", "Parent Relationship": "Inner", "Scan Direction": "Forward", "Index Name": "company_name_pkey", "Relation Name": "company_name", "Alias": "cn", "Startup Cost": 0.0, "Total Cost": 0.32, "Plan Rows": 1, "Plan Width": 4, "Index Cond": "(id = mc.company_id)", "Filter": "((country_code)::text = '[us]'::text)"}]}, {"Node Type": "Index Scan", "Parent Relationship": "Inner", "Scan Direction": "Forward", "Index Name": "char_name_pkey", "Relation Name": "char_name", "Alias": "chn", "Startup Cost": 0.0, "Total Cost": 0.5, "Plan Rows": 1, "Plan Width": 20, "Index Cond": "(id = ci.person_role_id)"}]}, {"Node Type": "Index Scan", "Parent Relationship": "Inner", "Scan Direction": "Forward", "Index Name": "title_pkey", "Relation Name": "title", "Alias": "t", "Startup Cost": 0.0, "Total Cost": 0.49, "Plan Rows": 1, "Plan Width": 21, "Index Cond": "(id = ci.movie_id)", "Filter": "((production_year >= 2005) AND (production_year <= 2015))"}]}]}, "Unique SQL Id": 3431223514, "Planner Runtime": 75}, "explain_analyze_plan": {"Plan": {"Node Type": "Aggregate", "Strategy": "Plain", "Startup Cost": 114987.2, "Total Cost": 114987.21, "Plan Rows": 1, "Plan Width": 145, "Actual Startup Time": 1703.594, "Actual Total Time": 1703.595, "Actual Rows": 1, "Actual Loops": 1, "Plans": [{"Node Type": "Nested Loop", "Parent Relationship": "Outer", "Join Type": "Inner", "Startup Cost": 0.0, "Total Cost": 114987.19, "Plan Rows": 1, "Plan Width": 49, "Actual Startup Time": 697.212, "Actual Total Time": 1703.364, "Actual Rows": 121, "Actual Loops": 1, "Inner Unique": true, "Plans": [{"Node Type": "Nested Loop", "Parent Relationship": "Outer", "Join Type": "Inner", "Startup Cost": 0.0, "Total Cost": 114986.69, "Plan Rows": 1, "Plan Width": 40, "Actual Startup Time": 689.723, "Actual Total Time": 1701.599, "Actual Rows": 341, "Actual Loops": 1, "Inner Unique": true, "Plans": [{"Node Type": "Nested Loop", "Parent Relationship": "Outer", "Join Type": "Inner", "Startup Cost": 0.0, "Total Cost": 114985.67, "Plan Rows": 2, "Plan Width": 28, "Actual Startup Time": 689.707, "Actual Total Time": 1700.005, "Actual Rows": 359, "Actual Loops": 1, "Inner Unique": true, "Plans": [{"Node Type": "Nested Loop", "Parent Relationship": "Outer", "Join Type": "Inner", "Startup Cost": 0.0, "Total Cost": 114984.04, "Plan Rows": 5, "Plan Width": 32, "Actual Startup Time": 689.678, "Actual Total Time": 1697.916, "Actual Rows": 373, "Actual Loops": 1, "Inner Unique": false, "Plans": [{"Node Type": "Nested Loop", "Parent Relationship": "Outer", "Join Type": "Inner", "Startup Cost": 0.0, "Total Cost": 114978.43, "Plan Rows": 13, "Plan Width": 24, "Actual Startup Time": 688.314, "Actual Total Time": 1693.763, "Actual Rows": 425, "Actual Loops": 1, "Inner Unique": false, "Join Filter": "(ci.role_id = rt.id)", "Rows Removed by Join Filter": 0, "Plans": [{"Node Type": "Seq Scan", "Parent Relationship": "Outer", "Relation Name": "role_type", "Alias": "rt", "Startup Cost": 0.0, "Total Cost": 1.15, "Plan Rows": 1, "Plan Width": 4, "Actual Startup Time": 0.039, "Actual Total Time": 0.045, "Actual Rows": 1, "Actual Loops": 1, "Filter": "((role)::text = 'actress'::text)", "Rows Removed by Filter": 11}, {"Node Type": "Nested Loop", "Parent Relationship": "Inner", "Join Type": "Inner", "Startup Cost": 0.0, "Total Cost": 114975.51, "Plan Rows": 141, "Plan Width": 28, "Actual Startup Time": 688.266, "Actual Total Time": 1693.541, "Actual Rows": 425, "Actual Loops": 1, "Inner Unique": false, "Join Filter": "(n.id = ci.person_id)", "Rows Removed by Join Filter": 0, "Plans": [{"Node Type": "Nested Loop", "Parent Relationship": "Outer", "Join Type": "Inner", "Startup Cost": 0.0, "Total Cost": 114700.23, "Plan Rows": 115, "Plan Width": 24, "Actual Startup Time": 673.28, "Actual Total Time": 1644.68, "Actual Rows": 1558, "Actual Loops": 1, "Inner Unique": false, "Plans": [{"Node Type": "Seq Scan", "Parent Relationship": "Outer", "Relation Name": "name", "Alias": "n", "Startup Cost": 0.0, "Total Cost": 113909.35, "Plan Rows": 96, "Plan Width": 4, "Actual Startup Time": 671.583, "Actual Total Time": 1622.951, "Actual Rows": 6768, "Actual Loops": 1, "Filter": "(((name)::text ~~ '%Ang%'::text) AND ((gender)::text = 'f'::text))", "Rows Removed by Filter": 4160722}, {"Node Type": "Index Scan", "Parent Relationship": "Inner", "Scan Direction": "Forward", "Index Name": "person_id_aka_name", "Relation Name": "aka_name", "Alias": "an", "Startup Cost": 0.0, "Total Cost": 8.23, "Plan Rows": 1, "Plan Width": 20, "Actual Startup Time": 16.878, "Actual Total Time": 17.626, "Actual Rows": 1558, "Actual Loops": 6768, "Index Cond": "(person_id = n.id)", "Rows Removed by Index Recheck": 0}]}, {"Node Type": "Index Scan", "Parent Relationship": "Inner", "Scan Direction": "Forward", "Index Name": "person_id_cast_info", "Relation Name": "cast_info", "Alias": "ci", "Startup Cost": 0.0, "Total Cost": 2.38, "Plan Rows": 1, "Plan Width": 16, "Actual Startup Time": 43.065, "Actual Total Time": 47.745, "Actual Rows": 425, "Actual Loops": 1558, "Index Cond": "(person_id = an.person_id)", "Rows Removed by Index Recheck": 0, "Filter": "((note)::text = ANY ('{(voice),\"(voice: Japanese version)\",\"(voice) (uncredited)\",\"(voice: English version)\"}'::text[]))", "Rows Removed by Filter": 69057}]}]}, {"Node Type": "Index Scan", "Parent Relationship": "Inner", "Scan Direction": "Forward", "Index Name": "movie_id_movie_companies", "Relation Name": "movie_companies", "Alias": "mc", "Startup Cost": 0.0, "Total Cost": 0.42, "Plan Rows": 1, "Plan Width": 8, "Actual Startup Time": 2.627, "Actual Total Time": 3.738, "Actual Rows": 373, "Actual Loops": 425, "Index Cond": "(movie_id = ci.movie_id)", "Rows Removed by Index Recheck": 0, "Filter": "((note IS NOT NULL) AND (((note)::text ~~ '%(USA)%'::text) OR ((note)::text ~~ '%(worldwide)%'::text)))", "Rows Removed by Filter": 1538}]}, {"Node Type": "Index Scan", "Parent Relationship": "Inner", "Scan Direction": "Forward", "Index Name": "company_name_pkey", "Relation Name": "company_name", "Alias": "cn", "Startup Cost": 0.0, "Total Cost": 0.32, "Plan Rows": 1, "Plan Width": 4, "Actual Startup Time": 1.71, "Actual Total Time": 1.71, "Actual Rows": 359, "Actual Loops": 373, "Index Cond": "(id = mc.company_id)", "Rows Removed by Index Recheck": 0, "Filter": "((country_code)::text = '[us]'::text)", "Rows Removed by Filter": 14}]}, {"Node Type": "Index Scan", "Parent Relationship": "Inner", "Scan Direction": "Forward", "Index Name": "char_name_pkey", "Relation Name": "char_name", "Alias": "chn", "Startup Cost": 0.0, "Total Cost": 0.5, "Plan Rows": 1, "Plan Width": 20, "Actual Startup Time": 1.241, "Actual Total Time": 1.241, "Actual Rows": 341, "Actual Loops": 359, "Index Cond": "(id = ci.person_role_id)", "Rows Removed by Index Recheck": 0}]}, {"Node Type": "Index Scan", "Parent Relationship": "Inner", "Scan Direction": "Forward", "Index Name": "title_pkey", "Relation Name": "title", "Alias": "t", "Startup Cost": 0.0, "Total Cost": 0.49, "Plan Rows": 1, "Plan Width": 21, "Actual Startup Time": 1.484, "Actual Total Time": 1.484, "Actual Rows": 121, "Actual Loops": 341, "Index Cond": "(id = ci.movie_id)", "Rows Removed by Index Recheck": 0, "Filter": "((production_year >= 2005) AND (production_year <= 2015))", "Rows Removed by Filter": 220}]}]}, "Triggers": [], "Planner Runtime": 8, "Total Runtime": 1704.04, "Unique SQL Id": 3431223514}}, "(1, 9)": {"explain_plan": {"Plan": {"Node Type": "Aggregate", "Strategy": "Plain", "Startup Cost": 198159.35, "Total Cost": 198159.36, "Plan Rows": 1, "Plan Width": 145, "Plans": [{"Node Type": "Nested Loop", "Parent Relationship": "Outer", "Join Type": "Inner", "Startup Cost": 0.0, "Total Cost": 198159.35, "Plan Rows": 1, "Plan Width": 49, "Inner Unique": true, "Plans": [{"Node Type": "Nested Loop", "Parent Relationship": "Outer", "Join Type": "Inner", "Startup Cost": 0.0, "Total Cost": 198158.85, "Plan Rows": 1, "Plan Width": 40, "Inner Unique": true, "Plans": [{"Node Type": "Nested Loop", "Parent Relationship": "Outer", "Join Type": "Inner", "Startup Cost": 0.0, "Total Cost": 198157.83, "Plan Rows": 2, "Plan Width": 28, "Inner Unique": true, "Plans": [{"Node Type": "Nested Loop", "Parent Relationship": "Outer", "Join Type": "Inner", "Startup Cost": 0.0, "Total Cost": 198156.19, "Plan Rows": 5, "Plan Width": 32, "Inner Unique": false, "Plans": [{"Node Type": "Nested Loop", "Parent Relationship": "Outer", "Join Type": "Inner", "Startup Cost": 0.0, "Total Cost": 198150.58, "Plan Rows": 13, "Plan Width": 24, "Inner Unique": false, "Join Filter": "(ci.role_id = rt.id)", "Plans": [{"Node Type": "Index Scan", "Parent Relationship": "Outer", "Scan Direction": "Forward", "Index Name": "role_type_pkey", "Relation Name": "role_type", "Alias": "rt", "Startup Cost": 0.0, "Total Cost": 12.46, "Plan Rows": 1, "Plan Width": 4, "Filter": "((role)::text = 'actress'::text)"}, {"Node Type": "Nested Loop", "Parent Relationship": "Inner", "Join Type": "Inner", "Startup Cost": 0.0, "Total Cost": 198136.36, "Plan Rows": 141, "Plan Width": 28, "Inner Unique": false, "Join Filter": "(n.id = ci.person_id)", "Plans": [{"Node Type": "Nested Loop", "Parent Relationship": "Outer", "Join Type": "Inner", "Startup Cost": 0.0, "Total Cost": 197861.08, "Plan Rows": 115, "Plan Width": 24, "Inner Unique": false, "Plans": [{"Node Type": "Index Scan", "Parent Relationship": "Outer", "Scan Direction": "Forward", "Index Name": "name_pkey", "Relation Name": "name", "Alias": "n", "Startup Cost": 0.0, "Total Cost": 197070.2, "Plan Rows": 96, "Plan Width": 4, "Filter": "(((name)::text ~~ '%Ang%'::text) AND ((gender)::text = 'f'::text))"}, {"Node Type": "Index Scan", "Parent Relationship": "Inner", "Scan Direction": "Forward", "Index Name": "person_id_aka_name", "Relation Name": "aka_name", "Alias": "an", "Startup Cost": 0.0, "Total Cost": 8.23, "Plan Rows": 1, "Plan Width": 20, "Index Cond": "(person_id = n.id)"}]}, {"Node Type": "Index Scan", "Parent Relationship": "Inner", "Scan Direction": "Forward", "Index Name": "person_id_cast_info", "Relation Name": "cast_info", "Alias": "ci", "Startup Cost": 0.0, "Total Cost": 2.38, "Plan Rows": 1, "Plan Width": 16, "Index Cond": "(person_id = an.person_id)", "Filter": "((note)::text = ANY ('{(voice),\"(voice: Japanese version)\",\"(voice) (uncredited)\",\"(voice: English version)\"}'::text[]))"}]}]}, {"Node Type": "Index Scan", "Parent Relationship": "Inner", "Scan Direction": "Forward", "Index Name": "movie_id_movie_companies", "Relation Name": "movie_companies", "Alias": "mc", "Startup Cost": 0.0, "Total Cost": 0.42, "Plan Rows": 1, "Plan Width": 8, "Index Cond": "(movie_id = ci.movie_id)", "Filter": "((note IS NOT NULL) AND (((note)::text ~~ '%(USA)%'::text) OR ((note)::text ~~ '%(worldwide)%'::text)))"}]}, {"Node Type": "Index Scan", "Parent Relationship": "Inner", "Scan Direction": "Forward", "Index Name": "company_name_pkey", "Relation Name": "company_name", "Alias": "cn", "Startup Cost": 0.0, "Total Cost": 0.32, "Plan Rows": 1, "Plan Width": 4, "Index Cond": "(id = mc.company_id)", "Filter": "((country_code)::text = '[us]'::text)"}]}, {"Node Type": "Index Scan", "Parent Relationship": "Inner", "Scan Direction": "Forward", "Index Name": "char_name_pkey", "Relation Name": "char_name", "Alias": "chn", "Startup Cost": 0.0, "Total Cost": 0.5, "Plan Rows": 1, "Plan Width": 20, "Index Cond": "(id = ci.person_role_id)"}]}, {"Node Type": "Index Scan", "Parent Relationship": "Inner", "Scan Direction": "Forward", "Index Name": "title_pkey", "Relation Name": "title", "Alias": "t", "Startup Cost": 0.0, "Total Cost": 0.49, "Plan Rows": 1, "Plan Width": 21, "Index Cond": "(id = ci.movie_id)", "Filter": "((production_year >= 2005) AND (production_year <= 2015))"}]}]}, "Unique SQL Id": 3431223514, "Planner Runtime": 64}, "explain_analyze_plan": null}, "(1, 10)": {"explain_plan": {"Plan": {"Node Type": "Aggregate", "Strategy": "Plain", "Startup Cost": 1157329.18, "Total Cost": 1157329.19, "Plan Rows": 1, "Plan Width": 145, "Plans": [{"Node Type": "Hash Join", "Parent Relationship": "Outer", "Join Type": "Inner", "Startup Cost": 1080783.84, "Total Cost": 1157329.17, "Plan Rows": 2, "Plan Width": 49, "Inner Unique": false, "Hash Cond": "(t.id = ci.movie_id)", "Plans": [{"Node Type": "Seq Scan", "Parent Relationship": "Outer", "Relation Name": "title", "Alias": "t", "Startup Cost": 324.95, "Total Cost": 72710.67, "Plan Rows": 1109224, "Plan Width": 21, "Filter": "((production_year >= 2005) AND (production_year <= 2015)), (LLVM Optimized)"}, {"Node Type": "Hash", "Parent Relationship": "Inner", "Startup Cost": 1080458.87, "Total Cost": 1080458.87, "Plan Rows": 2, "Plan Width": 40, "Plans": [{"Node Type": "Hash Join", "Parent Relationship": "Outer", "Join Type": "Inner", "Startup Cost": 1057756.28, "Total Cost": 1080458.87, "Plan Rows": 2, "Plan Width": 40, "Inner Unique": false, "Hash Cond": "(an.person_id = n.id)", "Plans": [{"Node Type": "Seq Scan", "Parent Relationship": "Outer", "Relation Name": "aka_name", "Alias": "an", "Startup Cost": 0.0, "Total Cost": 19908.42, "Plan Rows": 901342, "Plan Width": 20}, {"Node Type": "Hash", "Parent Relationship": "Inner", "Startup Cost": 1057756.27, "Total Cost": 1057756.27, "Plan Rows": 1, "Plan Width": 32, "Plans": [{"Node Type": "Nested Loop", "Parent Relationship": "Outer", "Join Type": "Inner", "Startup Cost": 958251.78, "Total Cost": 1057756.27, "Plan Rows": 1, "Plan Width": 32, "Inner Unique": false, "Join Filter": "(mc.company_id = cn.id)", "Plans": [{"Node Type": "Seq Scan", "Parent Relationship": "Outer", "Relation Name": "company_name", "Alias": "cn", "Startup Cost": 0.0, "Total Cost": 5903.45, "Plan Rows": 85170, "Plan Width": 4, "Filter": "((country_code)::text = '[us]'::text)"}, {"Node Type": "Materialize", "Parent Relationship": "Inner", "Startup Cost": 958251.78, "Total Cost": 1049297.72, "Plan Rows": 2, "Plan Width": 36, "Plans": [{"Node Type": "Hash Join", "Parent Relationship": "Outer", "Join Type": "Inner", "Startup Cost": 958251.78, "Total Cost": 1049297.71, "Plan Rows": 2, "Plan Width": 36, "Inner Unique": false, "Hash Cond": "(chn.id = ci.person_role_id)", "Plans": [{"Node Type": "Seq Scan", "Parent Relationship": "Outer", "Relation Name": "char_name", "Alias": "chn", "Startup Cost": 0.0, "Total Cost": 67493.38, "Plan Rows": 3140338, "Plan Width": 20}, {"Node Type": "Hash", "Parent Relationship": "Inner", "Startup Cost": 958251.73, "Total Cost": 958251.73, "Plan Rows": 4, "Plan Width": 24, "Plans": [{"Node Type": "Hash Join", "Parent Relationship": "Outer", "Join Type": "Inner", "Startup Cost": 172486.87, "Total Cost": 958251.73, "Plan Rows": 4, "Plan Width": 24, "Inner Unique": false, "Hash Cond": "(ci.movie_id = mc.movie_id)", "Plans": [{"Node Type": "Nested Loop", "Parent Relationship": "Outer", "Join Type": "Inner", "Startup Cost": 113910.55, "Total Cost": 899672.55, "Plan Rows": 11, "Plan Width": 16, "Inner Unique": false, "Join Filter": "(ci.role_id = rt.id)", "Plans": [{"Node Type": "Seq Scan", "Parent Relationship": "Outer", "Relation Name": "role_type", "Alias": "rt", "Startup Cost": 0.0, "Total Cost": 1.15, "Plan Rows": 1, "Plan Width": 4, "Filter": "((role)::text = 'actress'::text)"}, {"Node Type": "Hash Join", "Parent Relationship": "Inner", "Join Type": "Inner", "Startup Cost": 113910.55, "Total Cost": 899669.94, "Plan Rows": 117, "Plan Width": 20, "Inner Unique": true, "Hash Cond": "(ci.person_id = n.id)", "Plans": [{"Node Type": "Seq Scan", "Parent Relationship": "Outer", "Relation Name": "cast_info", "Alias": "ci", "Startup Cost": 0.0, "Total Cost": 783175.41, "Plan Rows": 833163, "Plan Width": 16, "Filter": "((note)::text = ANY ('{(voice),\"(voice: Japanese version)\",\"(voice) (uncredited)\",\"(voice: English version)\"}'::text[]))"}, {"Node Type": "Hash", "Parent Relationship": "Inner", "Startup Cost": 113909.35, "Total Cost": 113909.35, "Plan Rows": 96, "Plan Width": 4, "Plans": [{"Node Type": "Seq Scan", "Parent Relationship": "Outer", "Relation Name": "name", "Alias": "n", "Startup Cost": 0.0, "Total Cost": 113909.35, "Plan Rows": 96, "Plan Width": 4, "Filter": "(((name)::text ~~ '%Ang%'::text) AND ((gender)::text = 'f'::text))"}]}]}]}, {"Node Type": "Hash", "Parent Relationship": "Inner", "Startup Cost": 54862.92, "Total Cost": 54862.92, "Plan Rows": 297072, "Plan Width": 8, "Plans": [{"Node Type": "Seq Scan", "Parent Relationship": "Outer", "Relation Name": "movie_companies", "Alias": "mc", "Startup Cost": 0.0, "Total Cost": 54862.92, "Plan Rows": 297072, "Plan Width": 8, "Filter": "((note IS NOT NULL) AND (((note)::text ~~ '%(USA)%'::text) OR ((note)::text ~~ '%(worldwide)%'::text))), (LLVM Optimized)"}]}]}]}]}]}]}]}]}]}]}]}, "Unique SQL Id": 3431223514, "Planner Runtime": 106}, "explain_analyze_plan": null}, "(1, 11)": {"explain_plan": {"Plan": {"Node Type": "Aggregate", "Strategy": "Plain", "Startup Cost": 3842119077147.93, "Total Cost": 3842119077147.94, "Plan Rows": 1, "Plan Width": 145, "Plans": [{"Node Type": "Merge Join", "Parent Relationship": "Outer", "Join Type": "Inner", "Startup Cost": 80000000000.0, "Total Cost": 3842119077147.92, "Plan Rows": 2, "Plan Width": 49, "Inner Unique": true, "Merge Cond": "(ci.person_role_id = chn.id)", "Plans": [{"Node Type": "Nested Loop", "Parent Relationship": "Outer", "Join Type": "Inner", "Startup Cost": 70000000000.0, "Total Cost": 7000265204378.85, "Plan Rows": 5, "Plan Width": 37, "Inner Unique": false, "Join Filter": "(n.id = an.person_id)", "Plans": [{"Node Type": "Nested Loop", "Parent Relationship": "Outer", "Join Type": "Inner", "Startup Cost": 60000000000.0, "Total Cost": 6000258251541.54, "Plan Rows": 4, "Plan Width": 29, "Inner Unique": true, "Join Filter": "(ci.movie_id = t.id)", "Plans": [{"Node Type": "Nested Loop", "Parent Relationship": "Outer", "Join Type": "Inner", "Startup Cost": 50000000000.0, "Total Cost": 5000245922648.99, "Plan Rows": 3, "Plan Width": 20, "Inner Unique": true, "Join Filter": "(mc.company_id = cn.id)", "Plans": [{"Node Type": "Nested Loop", "Parent Relationship": "Outer", "Join Type": "Inner", "Startup Cost": 40000000000.0, "Total Cost": 4000244867186.89, "Plan Rows": 4, "Plan Width": 24, "Inner Unique": false, "Join Filter": "(ci.movie_id = mc.movie_id)", "Plans": [{"Node Type": "Nested Loop", "Parent Relationship": "Outer", "Join Type": "Inner", "Startup Cost": 30000000000.0, "Total Cost": 3000231145513.35, "Plan Rows": 11, "Plan Width": 16, "Inner Unique": true, "Join Filter": "(ci.person_id = n.id)", "Plans": [{"Node Type": "Nested Loop", "Parent Relationship": "Outer", "Join Type": "Inner", "Startup Cost": 20000000000.0, "Total Cost": 2000211329424.93, "Plan Rows": 75742, "Plan Width": 12, "Inner Unique": true, "Join Filter": "(ci.role_id = rt.id)", "Plans": [{"Node Type": "Index Scan", "Parent Relationship": "Outer", "Scan Direction": "Forward", "Index Name": "person_role_id_cast_info", "Relation Name": "cast_info", "Alias": "ci", "Startup Cost": 10000000000.0, "Total Cost": 1000211315681.48, "Plan Rows": 833163, "Plan Width": 16, "Filter": "((note)::text = ANY ('{(voice),\"(voice: Japanese version)\",\"(voice) (uncredited)\",\"(voice: English version)\"}'::text[]))"}, {"Node Type": "Materialize", "Parent Relationship": "Inner", "Startup Cost": 10000000000.0, "Total Cost": 1000000001246.0, "Plan Rows": 1, "Plan Width": 4, "Plans": [{"Node Type": "Index Scan", "Parent Relationship": "Outer", "Scan Direction": "Forward", "Index Name": "role_type_pkey", "Relation Name": "role_type", "Alias": "rt", "Startup Cost": 10000000000.0, "Total Cost": 1000000001246.0, "Plan Rows": 1, "Plan Width": 4, "Filter": "((role)::text = 'actress'::text)"}]}]}, {"Node Type": "Materialize", "Parent Relationship": "Inner", "Startup Cost": 10000000000.0, "Total Cost": 1000019707020.18, "Plan Rows": 96, "Plan Width": 4, "Plans": [{"Node Type": "Index Scan", "Parent Relationship": "Outer", "Scan Direction": "Forward", "Index Name": "name_pkey", "Relation Name": "name", "Alias": "n", "Startup Cost": 10000000000.0, "Total Cost": 1000019707019.7, "Plan Rows": 96, "Plan Width": 4, "Filter": "(((name)::text ~~ '%Ang%'::text) AND ((gender)::text = 'f'::text))"}]}]}, {"Node Type": "Materialize", "Parent Relationship": "Inner", "Startup Cost": 10000000000.0, "Total Cost": 1000013673399.34, "Plan Rows": 297072, "Plan Width": 8, "Plans": [{"Node Type": "Index Scan", "Parent Relationship": "Outer", "Scan Direction": "Forward", "Index Name": "company_id_movie_companies", "Relation Name": "movie_companies", "Alias": "mc", "Startup Cost": 10000000000.0, "Total Cost": 1000013671913.98, "Plan Rows": 297072, "Plan Width": 8, "Filter": "((note IS NOT NULL) AND (((note)::text ~~ '%(USA)%'::text) OR ((note)::text ~~ '%(worldwide)%'::text))), (LLVM Optimized)"}]}]}, {"Node Type": "Materialize", "Parent Relationship": "Inner", "Startup Cost": 10000000000.0, "Total Cost": 1000001050564.82, "Plan Rows": 85170, "Plan Width": 4, "Plans": [{"Node Type": "Index Scan", "Parent Relationship": "Outer", "Scan Direction": "Forward", "Index Name": "company_name_pkey", "Relation Name": "company_name", "Alias": "cn", "Startup Cost": 10000000000.0, "Total Cost": 1000001050138.97, "Plan Rows": 85170, "Plan Width": 4, "Filter": "((country_code)::text = '[us]'::text)"}]}]}, {"Node Type": "Materialize", "Parent Relationship": "Inner", "Startup Cost": 10000000000.0, "Total Cost": 1000012281750.53, "Plan Rows": 1109224, "Plan Width": 21, "Plans": [{"Node Type": "Index Scan", "Parent Relationship": "Outer", "Scan Direction": "Forward", "Index Name": "title_pkey", "Relation Name": "title", "Alias": "t", "Startup Cost": 10000000000.0, "Total Cost": 1000012276204.41, "Plan Rows": 1109224, "Plan Width": 21, "Filter": "((production_year >= 2005) AND (production_year <= 2015)), (LLVM Optimized)"}]}]}, {"Node Type": "Materialize", "Parent Relationship": "Inner", "Startup Cost": 10000000000.0, "Total Cost": 1000006901010.14, "Plan Rows": 901342, "Plan Width": 20, "Plans": [{"Node Type": "Index Scan", "Parent Relationship": "Outer", "Scan Direction": "Forward", "Index Name": "person_id_aka_name", "Relation Name": "aka_name", "Alias": "an", "Startup Cost": 10000000000.0, "Total Cost": 1000006896503.43, "Plan Rows": 901342, "Plan Width": 20}]}]}, {"Node Type": "Index Scan", "Parent Relationship": "Inner", "Scan Direction": "Forward", "Index Name": "char_name_pkey", "Relation Name": "char_name", "Alias": "chn", "Startup Cost": 10000000000.0, "Total Cost": 1000012987545.51, "Plan Rows": 3140338, "Plan Width": 20}]}]}, "Unique SQL Id": 3431223514, "Planner Runtime": 130}, "explain_analyze_plan": null}, "(1, 12)": {"explain_plan": {"Plan": {"Node Type": "Aggregate", "Strategy": "Plain", "Startup Cost": 114987.2, "Total Cost": 114987.21, "Plan Rows": 1, "Plan Width": 145, "Plans": [{"Node Type": "Nested Loop", "Parent Relationship": "Outer", "Join Type": "Inner", "Startup Cost": 0.0, "Total Cost": 114987.19, "Plan Rows": 1, "Plan Width": 49, "Inner Unique": true, "Plans": [{"Node Type": "Nested Loop", "Parent Relationship": "Outer", "Join Type": "Inner", "Startup Cost": 0.0, "Total Cost": 114986.69, "Plan Rows": 1, "Plan Width": 40, "Inner Unique": true, "Plans": [{"Node Type": "Nested Loop", "Parent Relationship": "Outer", "Join Type": "Inner", "Startup Cost": 0.0, "Total Cost": 114985.67, "Plan Rows": 2, "Plan Width": 28, "Inner Unique": true, "Plans": [{"Node Type": "Nested Loop", "Parent Relationship": "Outer", "Join Type": "Inner", "Startup Cost": 0.0, "Total Cost": 114984.04, "Plan Rows": 5, "Plan Width": 32, "Inner Unique": false, "Plans": [{"Node Type": "Nested Loop", "Parent Relationship": "Outer", "Join Type": "Inner", "Startup Cost": 0.0, "Total Cost": 114978.43, "Plan Rows": 13, "Plan Width": 24, "Inner Unique": false, "Join Filter": "(ci.role_id = rt.id)", "Plans": [{"Node Type": "Seq Scan", "Parent Relationship": "Outer", "Relation Name": "role_type", "Alias": "rt", "Startup Cost": 0.0, "Total Cost": 1.15, "Plan Rows": 1, "Plan Width": 4, "Filter": "((role)::text = 'actress'::text)"}, {"Node Type": "Nested Loop", "Parent Relationship": "Inner", "Join Type": "Inner", "Startup Cost": 0.0, "Total Cost": 114975.51, "Plan Rows": 141, "Plan Width": 28, "Inner Unique": false, "Join Filter": "(n.id = ci.person_id)", "Plans": [{"Node Type": "Nested Loop", "Parent Relationship": "Outer", "Join Type": "Inner", "Startup Cost": 0.0, "Total Cost": 114700.23, "Plan Rows": 115, "Plan Width": 24, "Inner Unique": false, "Plans": [{"Node Type": "Seq Scan", "Parent Relationship": "Outer", "Relation Name": "name", "Alias": "n", "Startup Cost": 0.0, "Total Cost": 113909.35, "Plan Rows": 96, "Plan Width": 4, "Filter": "(((name)::text ~~ '%Ang%'::text) AND ((gender)::text = 'f'::text))"}, {"Node Type": "Index Scan", "Parent Relationship": "Inner", "Scan Direction": "Forward", "Index Name": "person_id_aka_name", "Relation Name": "aka_name", "Alias": "an", "Startup Cost": 0.0, "Total Cost": 8.23, "Plan Rows": 1, "Plan Width": 20, "Index Cond": "(person_id = n.id)"}]}, {"Node Type": "Index Scan", "Parent Relationship": "Inner", "Scan Direction": "Forward", "Index Name": "person_id_cast_info", "Relation Name": "cast_info", "Alias": "ci", "Startup Cost": 0.0, "Total Cost": 2.38, "Plan Rows": 1, "Plan Width": 16, "Index Cond": "(person_id = an.person_id)", "Filter": "((note)::text = ANY ('{(voice),\"(voice: Japanese version)\",\"(voice) (uncredited)\",\"(voice: English version)\"}'::text[]))"}]}]}, {"Node Type": "Index Scan", "Parent Relationship": "Inner", "Scan Direction": "Forward", "Index Name": "movie_id_movie_companies", "Relation Name": "movie_companies", "Alias": "mc", "Startup Cost": 0.0, "Total Cost": 0.42, "Plan Rows": 1, "Plan Width": 8, "Index Cond": "(movie_id = ci.movie_id)", "Filter": "((note IS NOT NULL) AND (((note)::text ~~ '%(USA)%'::text) OR ((note)::text ~~ '%(worldwide)%'::text)))"}]}, {"Node Type": "Index Scan", "Parent Relationship": "Inner", "Scan Direction": "Forward", "Index Name": "company_name_pkey", "Relation Name": "company_name", "Alias": "cn", "Startup Cost": 0.0, "Total Cost": 0.32, "Plan Rows": 1, "Plan Width": 4, "Index Cond": "(id = mc.company_id)", "Filter": "((country_code)::text = '[us]'::text)"}]}, {"Node Type": "Index Scan", "Parent Relationship": "Inner", "Scan Direction": "Forward", "Index Name": "char_name_pkey", "Relation Name": "char_name", "Alias": "chn", "Startup Cost": 0.0, "Total Cost": 0.5, "Plan Rows": 1, "Plan Width": 20, "Index Cond": "(id = ci.person_role_id)"}]}, {"Node Type": "Index Scan", "Parent Relationship": "Inner", "Scan Direction": "Forward", "Index Name": "title_pkey", "Relation Name": "title", "Alias": "t", "Startup Cost": 0.0, "Total Cost": 0.49, "Plan Rows": 1, "Plan Width": 21, "Index Cond": "(id = ci.movie_id)", "Filter": "((production_year >= 2005) AND (production_year <= 2015))"}]}]}, "Unique SQL Id": 3431223514, "Planner Runtime": 76}, "explain_analyze_plan": {"Plan": {"Node Type": "Aggregate", "Strategy": "Plain", "Startup Cost": 114987.2, "Total Cost": 114987.21, "Plan Rows": 1, "Plan Width": 145, "Actual Startup Time": 1703.594, "Actual Total Time": 1703.595, "Actual Rows": 1, "Actual Loops": 1, "Plans": [{"Node Type": "Nested Loop", "Parent Relationship": "Outer", "Join Type": "Inner", "Startup Cost": 0.0, "Total Cost": 114987.19, "Plan Rows": 1, "Plan Width": 49, "Actual Startup Time": 697.212, "Actual Total Time": 1703.364, "Actual Rows": 121, "Actual Loops": 1, "Inner Unique": true, "Plans": [{"Node Type": "Nested Loop", "Parent Relationship": "Outer", "Join Type": "Inner", "Startup Cost": 0.0, "Total Cost": 114986.69, "Plan Rows": 1, "Plan Width": 40, "Actual Startup Time": 689.723, "Actual Total Time": 1701.599, "Actual Rows": 341, "Actual Loops": 1, "Inner Unique": true, "Plans": [{"Node Type": "Nested Loop", "Parent Relationship": "Outer", "Join Type": "Inner", "Startup Cost": 0.0, "Total Cost": 114985.67, "Plan Rows": 2, "Plan Width": 28, "Actual Startup Time": 689.707, "Actual Total Time": 1700.005, "Actual Rows": 359, "Actual Loops": 1, "Inner Unique": true, "Plans": [{"Node Type": "Nested Loop", "Parent Relationship": "Outer", "Join Type": "Inner", "Startup Cost": 0.0, "Total Cost": 114984.04, "Plan Rows": 5, "Plan Width": 32, "Actual Startup Time": 689.678, "Actual Total Time": 1697.916, "Actual Rows": 373, "Actual Loops": 1, "Inner Unique": false, "Plans": [{"Node Type": "Nested Loop", "Parent Relationship": "Outer", "Join Type": "Inner", "Startup Cost": 0.0, "Total Cost": 114978.43, "Plan Rows": 13, "Plan Width": 24, "Actual Startup Time": 688.314, "Actual Total Time": 1693.763, "Actual Rows": 425, "Actual Loops": 1, "Inner Unique": false, "Join Filter": "(ci.role_id = rt.id)", "Rows Removed by Join Filter": 0, "Plans": [{"Node Type": "Seq Scan", "Parent Relationship": "Outer", "Relation Name": "role_type", "Alias": "rt", "Startup Cost": 0.0, "Total Cost": 1.15, "Plan Rows": 1, "Plan Width": 4, "Actual Startup Time": 0.039, "Actual Total Time": 0.045, "Actual Rows": 1, "Actual Loops": 1, "Filter": "((role)::text = 'actress'::text)", "Rows Removed by Filter": 11}, {"Node Type": "Nested Loop", "Parent Relationship": "Inner", "Join Type": "Inner", "Startup Cost": 0.0, "Total Cost": 114975.51, "Plan Rows": 141, "Plan Width": 28, "Actual Startup Time": 688.266, "Actual Total Time": 1693.541, "Actual Rows": 425, "Actual Loops": 1, "Inner Unique": false, "Join Filter": "(n.id = ci.person_id)", "Rows Removed by Join Filter": 0, "Plans": [{"Node Type": "Nested Loop", "Parent Relationship": "Outer", "Join Type": "Inner", "Startup Cost": 0.0, "Total Cost": 114700.23, "Plan Rows": 115, "Plan Width": 24, "Actual Startup Time": 673.28, "Actual Total Time": 1644.68, "Actual Rows": 1558, "Actual Loops": 1, "Inner Unique": false, "Plans": [{"Node Type": "Seq Scan", "Parent Relationship": "Outer", "Relation Name": "name", "Alias": "n", "Startup Cost": 0.0, "Total Cost": 113909.35, "Plan Rows": 96, "Plan Width": 4, "Actual Startup Time": 671.583, "Actual Total Time": 1622.951, "Actual Rows": 6768, "Actual Loops": 1, "Filter": "(((name)::text ~~ '%Ang%'::text) AND ((gender)::text = 'f'::text))", "Rows Removed by Filter": 4160722}, {"Node Type": "Index Scan", "Parent Relationship": "Inner", "Scan Direction": "Forward", "Index Name": "person_id_aka_name", "Relation Name": "aka_name", "Alias": "an", "Startup Cost": 0.0, "Total Cost": 8.23, "Plan Rows": 1, "Plan Width": 20, "Actual Startup Time": 16.878, "Actual Total Time": 17.626, "Actual Rows": 1558, "Actual Loops": 6768, "Index Cond": "(person_id = n.id)", "Rows Removed by Index Recheck": 0}]}, {"Node Type": "Index Scan", "Parent Relationship": "Inner", "Scan Direction": "Forward", "Index Name": "person_id_cast_info", "Relation Name": "cast_info", "Alias": "ci", "Startup Cost": 0.0, "Total Cost": 2.38, "Plan Rows": 1, "Plan Width": 16, "Actual Startup Time": 43.065, "Actual Total Time": 47.745, "Actual Rows": 425, "Actual Loops": 1558, "Index Cond": "(person_id = an.person_id)", "Rows Removed by Index Recheck": 0, "Filter": "((note)::text = ANY ('{(voice),\"(voice: Japanese version)\",\"(voice) (uncredited)\",\"(voice: English version)\"}'::text[]))", "Rows Removed by Filter": 69057}]}]}, {"Node Type": "Index Scan", "Parent Relationship": "Inner", "Scan Direction": "Forward", "Index Name": "movie_id_movie_companies", "Relation Name": "movie_companies", "Alias": "mc", "Startup Cost": 0.0, "Total Cost": 0.42, "Plan Rows": 1, "Plan Width": 8, "Actual Startup Time": 2.627, "Actual Total Time": 3.738, "Actual Rows": 373, "Actual Loops": 425, "Index Cond": "(movie_id = ci.movie_id)", "Rows Removed by Index Recheck": 0, "Filter": "((note IS NOT NULL) AND (((note)::text ~~ '%(USA)%'::text) OR ((note)::text ~~ '%(worldwide)%'::text)))", "Rows Removed by Filter": 1538}]}, {"Node Type": "Index Scan", "Parent Relationship": "Inner", "Scan Direction": "Forward", "Index Name": "company_name_pkey", "Relation Name": "company_name", "Alias": "cn", "Startup Cost": 0.0, "Total Cost": 0.32, "Plan Rows": 1, "Plan Width": 4, "Actual Startup Time": 1.71, "Actual Total Time": 1.71, "Actual Rows": 359, "Actual Loops": 373, "Index Cond": "(id = mc.company_id)", "Rows Removed by Index Recheck": 0, "Filter": "((country_code)::text = '[us]'::text)", "Rows Removed by Filter": 14}]}, {"Node Type": "Index Scan", "Parent Relationship": "Inner", "Scan Direction": "Forward", "Index Name": "char_name_pkey", "Relation Name": "char_name", "Alias": "chn", "Startup Cost": 0.0, "Total Cost": 0.5, "Plan Rows": 1, "Plan Width": 20, "Actual Startup Time": 1.241, "Actual Total Time": 1.241, "Actual Rows": 341, "Actual Loops": 359, "Index Cond": "(id = ci.person_role_id)", "Rows Removed by Index Recheck": 0}]}, {"Node Type": "Index Scan", "Parent Relationship": "Inner", "Scan Direction": "Forward", "Index Name": "title_pkey", "Relation Name": "title", "Alias": "t", "Startup Cost": 0.0, "Total Cost": 0.49, "Plan Rows": 1, "Plan Width": 21, "Actual Startup Time": 1.484, "Actual Total Time": 1.484, "Actual Rows": 121, "Actual Loops": 341, "Index Cond": "(id = ci.movie_id)", "Rows Removed by Index Recheck": 0, "Filter": "((production_year >= 2005) AND (production_year <= 2015))", "Rows Removed by Filter": 220}]}]}, "Triggers": [], "Planner Runtime": 8, "Total Runtime": 1704.04, "Unique SQL Id": 3431223514}}, "(1, 13)": {"explain_plan": {"Plan": {"Node Type": "Aggregate", "Strategy": "Plain", "Startup Cost": 198159.35, "Total Cost": 198159.36, "Plan Rows": 1, "Plan Width": 145, "Plans": [{"Node Type": "Nested Loop", "Parent Relationship": "Outer", "Join Type": "Inner", "Startup Cost": 0.0, "Total Cost": 198159.35, "Plan Rows": 1, "Plan Width": 49, "Inner Unique": true, "Plans": [{"Node Type": "Nested Loop", "Parent Relationship": "Outer", "Join Type": "Inner", "Startup Cost": 0.0, "Total Cost": 198158.85, "Plan Rows": 1, "Plan Width": 40, "Inner Unique": true, "Plans": [{"Node Type": "Nested Loop", "Parent Relationship": "Outer", "Join Type": "Inner", "Startup Cost": 0.0, "Total Cost": 198157.83, "Plan Rows": 2, "Plan Width": 28, "Inner Unique": true, "Plans": [{"Node Type": "Nested Loop", "Parent Relationship": "Outer", "Join Type": "Inner", "Startup Cost": 0.0, "Total Cost": 198156.19, "Plan Rows": 5, "Plan Width": 32, "Inner Unique": false, "Plans": [{"Node Type": "Nested Loop", "Parent Relationship": "Outer", "Join Type": "Inner", "Startup Cost": 0.0, "Total Cost": 198150.58, "Plan Rows": 13, "Plan Width": 24, "Inner Unique": false, "Join Filter": "(ci.role_id = rt.id)", "Plans": [{"Node Type": "Index Scan", "Parent Relationship": "Outer", "Scan Direction": "Forward", "Index Name": "role_type_pkey", "Relation Name": "role_type", "Alias": "rt", "Startup Cost": 0.0, "Total Cost": 12.46, "Plan Rows": 1, "Plan Width": 4, "Filter": "((role)::text = 'actress'::text)"}, {"Node Type": "Nested Loop", "Parent Relationship": "Inner", "Join Type": "Inner", "Startup Cost": 0.0, "Total Cost": 198136.36, "Plan Rows": 141, "Plan Width": 28, "Inner Unique": false, "Join Filter": "(n.id = ci.person_id)", "Plans": [{"Node Type": "Nested Loop", "Parent Relationship": "Outer", "Join Type": "Inner", "Startup Cost": 0.0, "Total Cost": 197861.08, "Plan Rows": 115, "Plan Width": 24, "Inner Unique": false, "Plans": [{"Node Type": "Index Scan", "Parent Relationship": "Outer", "Scan Direction": "Forward", "Index Name": "name_pkey", "Relation Name": "name", "Alias": "n", "Startup Cost": 0.0, "Total Cost": 197070.2, "Plan Rows": 96, "Plan Width": 4, "Filter": "(((name)::text ~~ '%Ang%'::text) AND ((gender)::text = 'f'::text))"}, {"Node Type": "Index Scan", "Parent Relationship": "Inner", "Scan Direction": "Forward", "Index Name": "person_id_aka_name", "Relation Name": "aka_name", "Alias": "an", "Startup Cost": 0.0, "Total Cost": 8.23, "Plan Rows": 1, "Plan Width": 20, "Index Cond": "(person_id = n.id)"}]}, {"Node Type": "Index Scan", "Parent Relationship": "Inner", "Scan Direction": "Forward", "Index Name": "person_id_cast_info", "Relation Name": "cast_info", "Alias": "ci", "Startup Cost": 0.0, "Total Cost": 2.38, "Plan Rows": 1, "Plan Width": 16, "Index Cond": "(person_id = an.person_id)", "Filter": "((note)::text = ANY ('{(voice),\"(voice: Japanese version)\",\"(voice) (uncredited)\",\"(voice: English version)\"}'::text[]))"}]}]}, {"Node Type": "Index Scan", "Parent Relationship": "Inner", "Scan Direction": "Forward", "Index Name": "movie_id_movie_companies", "Relation Name": "movie_companies", "Alias": "mc", "Startup Cost": 0.0, "Total Cost": 0.42, "Plan Rows": 1, "Plan Width": 8, "Index Cond": "(movie_id = ci.movie_id)", "Filter": "((note IS NOT NULL) AND (((note)::text ~~ '%(USA)%'::text) OR ((note)::text ~~ '%(worldwide)%'::text)))"}]}, {"Node Type": "Index Scan", "Parent Relationship": "Inner", "Scan Direction": "Forward", "Index Name": "company_name_pkey", "Relation Name": "company_name", "Alias": "cn", "Startup Cost": 0.0, "Total Cost": 0.32, "Plan Rows": 1, "Plan Width": 4, "Index Cond": "(id = mc.company_id)", "Filter": "((country_code)::text = '[us]'::text)"}]}, {"Node Type": "Index Scan", "Parent Relationship": "Inner", "Scan Direction": "Forward", "Index Name": "char_name_pkey", "Relation Name": "char_name", "Alias": "chn", "Startup Cost": 0.0, "Total Cost": 0.5, "Plan Rows": 1, "Plan Width": 20, "Index Cond": "(id = ci.person_role_id)"}]}, {"Node Type": "Index Scan", "Parent Relationship": "Inner", "Scan Direction": "Forward", "Index Name": "title_pkey", "Relation Name": "title", "Alias": "t", "Startup Cost": 0.0, "Total Cost": 0.49, "Plan Rows": 1, "Plan Width": 21, "Index Cond": "(id = ci.movie_id)", "Filter": "((production_year >= 2005) AND (production_year <= 2015))"}]}]}, "Unique SQL Id": 3431223514, "Planner Runtime": 64}, "explain_analyze_plan": null}, "(1, 14)": {"explain_plan": {"Plan": {"Node Type": "Aggregate", "Strategy": "Plain", "Startup Cost": 1157329.18, "Total Cost": 1157329.19, "Plan Rows": 1, "Plan Width": 145, "Plans": [{"Node Type": "Hash Join", "Parent Relationship": "Outer", "Join Type": "Inner", "Startup Cost": 1080783.84, "Total Cost": 1157329.17, "Plan Rows": 2, "Plan Width": 49, "Inner Unique": false, "Hash Cond": "(t.id = ci.movie_id)", "Plans": [{"Node Type": "Seq Scan", "Parent Relationship": "Outer", "Relation Name": "title", "Alias": "t", "Startup Cost": 324.95, "Total Cost": 72710.67, "Plan Rows": 1109224, "Plan Width": 21, "Filter": "((production_year >= 2005) AND (production_year <= 2015)), (LLVM Optimized)"}, {"Node Type": "Hash", "Parent Relationship": "Inner", "Startup Cost": 1080458.87, "Total Cost": 1080458.87, "Plan Rows": 2, "Plan Width": 40, "Plans": [{"Node Type": "Hash Join", "Parent Relationship": "Outer", "Join Type": "Inner", "Startup Cost": 1057756.28, "Total Cost": 1080458.87, "Plan Rows": 2, "Plan Width": 40, "Inner Unique": false, "Hash Cond": "(an.person_id = n.id)", "Plans": [{"Node Type": "Seq Scan", "Parent Relationship": "Outer", "Relation Name": "aka_name", "Alias": "an", "Startup Cost": 0.0, "Total Cost": 19908.42, "Plan Rows": 901342, "Plan Width": 20}, {"Node Type": "Hash", "Parent Relationship": "Inner", "Startup Cost": 1057756.27, "Total Cost": 1057756.27, "Plan Rows": 1, "Plan Width": 32, "Plans": [{"Node Type": "Nested Loop", "Parent Relationship": "Outer", "Join Type": "Inner", "Startup Cost": 958251.78, "Total Cost": 1057756.27, "Plan Rows": 1, "Plan Width": 32, "Inner Unique": false, "Join Filter": "(mc.company_id = cn.id)", "Plans": [{"Node Type": "Seq Scan", "Parent Relationship": "Outer", "Relation Name": "company_name", "Alias": "cn", "Startup Cost": 0.0, "Total Cost": 5903.45, "Plan Rows": 85170, "Plan Width": 4, "Filter": "((country_code)::text = '[us]'::text)"}, {"Node Type": "Materialize", "Parent Relationship": "Inner", "Startup Cost": 958251.78, "Total Cost": 1049297.72, "Plan Rows": 2, "Plan Width": 36, "Plans": [{"Node Type": "Hash Join", "Parent Relationship": "Outer", "Join Type": "Inner", "Startup Cost": 958251.78, "Total Cost": 1049297.71, "Plan Rows": 2, "Plan Width": 36, "Inner Unique": false, "Hash Cond": "(chn.id = ci.person_role_id)", "Plans": [{"Node Type": "Seq Scan", "Parent Relationship": "Outer", "Relation Name": "char_name", "Alias": "chn", "Startup Cost": 0.0, "Total Cost": 67493.38, "Plan Rows": 3140338, "Plan Width": 20}, {"Node Type": "Hash", "Parent Relationship": "Inner", "Startup Cost": 958251.73, "Total Cost": 958251.73, "Plan Rows": 4, "Plan Width": 24, "Plans": [{"Node Type": "Hash Join", "Parent Relationship": "Outer", "Join Type": "Inner", "Startup Cost": 172486.87, "Total Cost": 958251.73, "Plan Rows": 4, "Plan Width": 24, "Inner Unique": false, "Hash Cond": "(ci.movie_id = mc.movie_id)", "Plans": [{"Node Type": "Nested Loop", "Parent Relationship": "Outer", "Join Type": "Inner", "Startup Cost": 113910.55, "Total Cost": 899672.55, "Plan Rows": 11, "Plan Width": 16, "Inner Unique": false, "Join Filter": "(ci.role_id = rt.id)", "Plans": [{"Node Type": "Seq Scan", "Parent Relationship": "Outer", "Relation Name": "role_type", "Alias": "rt", "Startup Cost": 0.0, "Total Cost": 1.15, "Plan Rows": 1, "Plan Width": 4, "Filter": "((role)::text = 'actress'::text)"}, {"Node Type": "Hash Join", "Parent Relationship": "Inner", "Join Type": "Inner", "Startup Cost": 113910.55, "Total Cost": 899669.94, "Plan Rows": 117, "Plan Width": 20, "Inner Unique": true, "Hash Cond": "(ci.person_id = n.id)", "Plans": [{"Node Type": "Seq Scan", "Parent Relationship": "Outer", "Relation Name": "cast_info", "Alias": "ci", "Startup Cost": 0.0, "Total Cost": 783175.41, "Plan Rows": 833163, "Plan Width": 16, "Filter": "((note)::text = ANY ('{(voice),\"(voice: Japanese version)\",\"(voice) (uncredited)\",\"(voice: English version)\"}'::text[]))"}, {"Node Type": "Hash", "Parent Relationship": "Inner", "Startup Cost": 113909.35, "Total Cost": 113909.35, "Plan Rows": 96, "Plan Width": 4, "Plans": [{"Node Type": "Seq Scan", "Parent Relationship": "Outer", "Relation Name": "name", "Alias": "n", "Startup Cost": 0.0, "Total Cost": 113909.35, "Plan Rows": 96, "Plan Width": 4, "Filter": "(((name)::text ~~ '%Ang%'::text) AND ((gender)::text = 'f'::text))"}]}]}]}, {"Node Type": "Hash", "Parent Relationship": "Inner", "Startup Cost": 54862.92, "Total Cost": 54862.92, "Plan Rows": 297072, "Plan Width": 8, "Plans": [{"Node Type": "Seq Scan", "Parent Relationship": "Outer", "Relation Name": "movie_companies", "Alias": "mc", "Startup Cost": 0.0, "Total Cost": 54862.92, "Plan Rows": 297072, "Plan Width": 8, "Filter": "((note IS NOT NULL) AND (((note)::text ~~ '%(USA)%'::text) OR ((note)::text ~~ '%(worldwide)%'::text))), (LLVM Optimized)"}]}]}]}]}]}]}]}]}]}]}]}, "Unique SQL Id": 3431223514, "Planner Runtime": 106}, "explain_analyze_plan": null}, "(1, 15)": {"explain_plan": {"Plan": {"Node Type": "Aggregate", "Strategy": "Plain", "Startup Cost": 3842119077147.93, "Total Cost": 3842119077147.94, "Plan Rows": 1, "Plan Width": 145, "Plans": [{"Node Type": "Merge Join", "Parent Relationship": "Outer", "Join Type": "Inner", "Startup Cost": 80000000000.0, "Total Cost": 3842119077147.92, "Plan Rows": 2, "Plan Width": 49, "Inner Unique": true, "Merge Cond": "(ci.person_role_id = chn.id)", "Plans": [{"Node Type": "Nested Loop", "Parent Relationship": "Outer", "Join Type": "Inner", "Startup Cost": 70000000000.0, "Total Cost": 7000265204378.85, "Plan Rows": 5, "Plan Width": 37, "Inner Unique": false, "Join Filter": "(n.id = an.person_id)", "Plans": [{"Node Type": "Nested Loop", "Parent Relationship": "Outer", "Join Type": "Inner", "Startup Cost": 60000000000.0, "Total Cost": 6000258251541.54, "Plan Rows": 4, "Plan Width": 29, "Inner Unique": true, "Join Filter": "(ci.movie_id = t.id)", "Plans": [{"Node Type": "Nested Loop", "Parent Relationship": "Outer", "Join Type": "Inner", "Startup Cost": 50000000000.0, "Total Cost": 5000245922648.99, "Plan Rows": 3, "Plan Width": 20, "Inner Unique": true, "Join Filter": "(mc.company_id = cn.id)", "Plans": [{"Node Type": "Nested Loop", "Parent Relationship": "Outer", "Join Type": "Inner", "Startup Cost": 40000000000.0, "Total Cost": 4000244867186.89, "Plan Rows": 4, "Plan Width": 24, "Inner Unique": false, "Join Filter": "(ci.movie_id = mc.movie_id)", "Plans": [{"Node Type": "Nested Loop", "Parent Relationship": "Outer", "Join Type": "Inner", "Startup Cost": 30000000000.0, "Total Cost": 3000231145513.35, "Plan Rows": 11, "Plan Width": 16, "Inner Unique": true, "Join Filter": "(ci.person_id = n.id)", "Plans": [{"Node Type": "Nested Loop", "Parent Relationship": "Outer", "Join Type": "Inner", "Startup Cost": 20000000000.0, "Total Cost": 2000211329424.93, "Plan Rows": 75742, "Plan Width": 12, "Inner Unique": true, "Join Filter": "(ci.role_id = rt.id)", "Plans": [{"Node Type": "Index Scan", "Parent Relationship": "Outer", "Scan Direction": "Forward", "Index Name": "person_role_id_cast_info", "Relation Name": "cast_info", "Alias": "ci", "Startup Cost": 10000000000.0, "Total Cost": 1000211315681.48, "Plan Rows": 833163, "Plan Width": 16, "Filter": "((note)::text = ANY ('{(voice),\"(voice: Japanese version)\",\"(voice) (uncredited)\",\"(voice: English version)\"}'::text[]))"}, {"Node Type": "Materialize", "Parent Relationship": "Inner", "Startup Cost": 10000000000.0, "Total Cost": 1000000001246.0, "Plan Rows": 1, "Plan Width": 4, "Plans": [{"Node Type": "Index Scan", "Parent Relationship": "Outer", "Scan Direction": "Forward", "Index Name": "role_type_pkey", "Relation Name": "role_type", "Alias": "rt", "Startup Cost": 10000000000.0, "Total Cost": 1000000001246.0, "Plan Rows": 1, "Plan Width": 4, "Filter": "((role)::text = 'actress'::text)"}]}]}, {"Node Type": "Materialize", "Parent Relationship": "Inner", "Startup Cost": 10000000000.0, "Total Cost": 1000019707020.18, "Plan Rows": 96, "Plan Width": 4, "Plans": [{"Node Type": "Index Scan", "Parent Relationship": "Outer", "Scan Direction": "Forward", "Index Name": "name_pkey", "Relation Name": "name", "Alias": "n", "Startup Cost": 10000000000.0, "Total Cost": 1000019707019.7, "Plan Rows": 96, "Plan Width": 4, "Filter": "(((name)::text ~~ '%Ang%'::text) AND ((gender)::text = 'f'::text))"}]}]}, {"Node Type": "Materialize", "Parent Relationship": "Inner", "Startup Cost": 10000000000.0, "Total Cost": 1000013673399.34, "Plan Rows": 297072, "Plan Width": 8, "Plans": [{"Node Type": "Index Scan", "Parent Relationship": "Outer", "Scan Direction": "Forward", "Index Name": "company_id_movie_companies", "Relation Name": "movie_companies", "Alias": "mc", "Startup Cost": 10000000000.0, "Total Cost": 1000013671913.98, "Plan Rows": 297072, "Plan Width": 8, "Filter": "((note IS NOT NULL) AND (((note)::text ~~ '%(USA)%'::text) OR ((note)::text ~~ '%(worldwide)%'::text))), (LLVM Optimized)"}]}]}, {"Node Type": "Materialize", "Parent Relationship": "Inner", "Startup Cost": 10000000000.0, "Total Cost": 1000001050564.82, "Plan Rows": 85170, "Plan Width": 4, "Plans": [{"Node Type": "Index Scan", "Parent Relationship": "Outer", "Scan Direction": "Forward", "Index Name": "company_name_pkey", "Relation Name": "company_name", "Alias": "cn", "Startup Cost": 10000000000.0, "Total Cost": 1000001050138.97, "Plan Rows": 85170, "Plan Width": 4, "Filter": "((country_code)::text = '[us]'::text)"}]}]}, {"Node Type": "Materialize", "Parent Relationship": "Inner", "Startup Cost": 10000000000.0, "Total Cost": 1000012281750.53, "Plan Rows": 1109224, "Plan Width": 21, "Plans": [{"Node Type": "Index Scan", "Parent Relationship": "Outer", "Scan Direction": "Forward", "Index Name": "title_pkey", "Relation Name": "title", "Alias": "t", "Startup Cost": 10000000000.0, "Total Cost": 1000012276204.41, "Plan Rows": 1109224, "Plan Width": 21, "Filter": "((production_year >= 2005) AND (production_year <= 2015)), (LLVM Optimized)"}]}]}, {"Node Type": "Materialize", "Parent Relationship": "Inner", "Startup Cost": 10000000000.0, "Total Cost": 1000006901010.14, "Plan Rows": 901342, "Plan Width": 20, "Plans": [{"Node Type": "Index Scan", "Parent Relationship": "Outer", "Scan Direction": "Forward", "Index Name": "person_id_aka_name", "Relation Name": "aka_name", "Alias": "an", "Startup Cost": 10000000000.0, "Total Cost": 1000006896503.43, "Plan Rows": 901342, "Plan Width": 20}]}]}, {"Node Type": "Index Scan", "Parent Relationship": "Inner", "Scan Direction": "Forward", "Index Name": "char_name_pkey", "Relation Name": "char_name", "Alias": "chn", "Startup Cost": 10000000000.0, "Total Cost": 1000012987545.51, "Plan Rows": 3140338, "Plan Width": 20}]}]}, "Unique SQL Id": 3431223514, "Planner Runtime": 130}, "explain_analyze_plan": null}, "(1, 16)": {"explain_plan": {"Plan": {"Node Type": "Aggregate", "Strategy": "Plain", "Startup Cost": 114987.2, "Total Cost": 114987.21, "Plan Rows": 1, "Plan Width": 145, "Plans": [{"Node Type": "Nested Loop", "Parent Relationship": "Outer", "Join Type": "Inner", "Startup Cost": 0.0, "Total Cost": 114987.19, "Plan Rows": 1, "Plan Width": 49, "Inner Unique": true, "Plans": [{"Node Type": "Nested Loop", "Parent Relationship": "Outer", "Join Type": "Inner", "Startup Cost": 0.0, "Total Cost": 114986.69, "Plan Rows": 1, "Plan Width": 40, "Inner Unique": true, "Plans": [{"Node Type": "Nested Loop", "Parent Relationship": "Outer", "Join Type": "Inner", "Startup Cost": 0.0, "Total Cost": 114985.67, "Plan Rows": 2, "Plan Width": 28, "Inner Unique": true, "Plans": [{"Node Type": "Nested Loop", "Parent Relationship": "Outer", "Join Type": "Inner", "Startup Cost": 0.0, "Total Cost": 114984.04, "Plan Rows": 5, "Plan Width": 32, "Inner Unique": false, "Plans": [{"Node Type": "Nested Loop", "Parent Relationship": "Outer", "Join Type": "Inner", "Startup Cost": 0.0, "Total Cost": 114978.43, "Plan Rows": 13, "Plan Width": 24, "Inner Unique": false, "Join Filter": "(ci.role_id = rt.id)", "Plans": [{"Node Type": "Seq Scan", "Parent Relationship": "Outer", "Relation Name": "role_type", "Alias": "rt", "Startup Cost": 0.0, "Total Cost": 1.15, "Plan Rows": 1, "Plan Width": 4, "Filter": "((role)::text = 'actress'::text)"}, {"Node Type": "Nested Loop", "Parent Relationship": "Inner", "Join Type": "Inner", "Startup Cost": 0.0, "Total Cost": 114975.51, "Plan Rows": 141, "Plan Width": 28, "Inner Unique": false, "Join Filter": "(n.id = ci.person_id)", "Plans": [{"Node Type": "Nested Loop", "Parent Relationship": "Outer", "Join Type": "Inner", "Startup Cost": 0.0, "Total Cost": 114700.23, "Plan Rows": 115, "Plan Width": 24, "Inner Unique": false, "Plans": [{"Node Type": "Seq Scan", "Parent Relationship": "Outer", "Relation Name": "name", "Alias": "n", "Startup Cost": 0.0, "Total Cost": 113909.35, "Plan Rows": 96, "Plan Width": 4, "Filter": "(((name)::text ~~ '%Ang%'::text) AND ((gender)::text = 'f'::text))"}, {"Node Type": "Index Scan", "Parent Relationship": "Inner", "Scan Direction": "Forward", "Index Name": "person_id_aka_name", "Relation Name": "aka_name", "Alias": "an", "Startup Cost": 0.0, "Total Cost": 8.23, "Plan Rows": 1, "Plan Width": 20, "Index Cond": "(person_id = n.id)"}]}, {"Node Type": "Index Scan", "Parent Relationship": "Inner", "Scan Direction": "Forward", "Index Name": "person_id_cast_info", "Relation Name": "cast_info", "Alias": "ci", "Startup Cost": 0.0, "Total Cost": 2.38, "Plan Rows": 1, "Plan Width": 16, "Index Cond": "(person_id = an.person_id)", "Filter": "((note)::text = ANY ('{(voice),\"(voice: Japanese version)\",\"(voice) (uncredited)\",\"(voice: English version)\"}'::text[]))"}]}]}, {"Node Type": "Index Scan", "Parent Relationship": "Inner", "Scan Direction": "Forward", "Index Name": "movie_id_movie_companies", "Relation Name": "movie_companies", "Alias": "mc", "Startup Cost": 0.0, "Total Cost": 0.42, "Plan Rows": 1, "Plan Width": 8, "Index Cond": "(movie_id = ci.movie_id)", "Filter": "((note IS NOT NULL) AND (((note)::text ~~ '%(USA)%'::text) OR ((note)::text ~~ '%(worldwide)%'::text)))"}]}, {"Node Type": "Index Scan", "Parent Relationship": "Inner", "Scan Direction": "Forward", "Index Name": "company_name_pkey", "Relation Name": "company_name", "Alias": "cn", "Startup Cost": 0.0, "Total Cost": 0.32, "Plan Rows": 1, "Plan Width": 4, "Index Cond": "(id = mc.company_id)", "Filter": "((country_code)::text = '[us]'::text)"}]}, {"Node Type": "Index Scan", "Parent Relationship": "Inner", "Scan Direction": "Forward", "Index Name": "char_name_pkey", "Relation Name": "char_name", "Alias": "chn", "Startup Cost": 0.0, "Total Cost": 0.5, "Plan Rows": 1, "Plan Width": 20, "Index Cond": "(id = ci.person_role_id)"}]}, {"Node Type": "Index Scan", "Parent Relationship": "Inner", "Scan Direction": "Forward", "Index Name": "title_pkey", "Relation Name": "title", "Alias": "t", "Startup Cost": 0.0, "Total Cost": 0.49, "Plan Rows": 1, "Plan Width": 21, "Index Cond": "(id = ci.movie_id)", "Filter": "((production_year >= 2005) AND (production_year <= 2015))"}]}]}, "Unique SQL Id": 3431223514, "Planner Runtime": 53}, "explain_analyze_plan": {"Plan": {"Node Type": "Aggregate", "Strategy": "Plain", "Startup Cost": 114987.2, "Total Cost": 114987.21, "Plan Rows": 1, "Plan Width": 145, "Actual Startup Time": 1703.594, "Actual Total Time": 1703.595, "Actual Rows": 1, "Actual Loops": 1, "Plans": [{"Node Type": "Nested Loop", "Parent Relationship": "Outer", "Join Type": "Inner", "Startup Cost": 0.0, "Total Cost": 114987.19, "Plan Rows": 1, "Plan Width": 49, "Actual Startup Time": 697.212, "Actual Total Time": 1703.364, "Actual Rows": 121, "Actual Loops": 1, "Inner Unique": true, "Plans": [{"Node Type": "Nested Loop", "Parent Relationship": "Outer", "Join Type": "Inner", "Startup Cost": 0.0, "Total Cost": 114986.69, "Plan Rows": 1, "Plan Width": 40, "Actual Startup Time": 689.723, "Actual Total Time": 1701.599, "Actual Rows": 341, "Actual Loops": 1, "Inner Unique": true, "Plans": [{"Node Type": "Nested Loop", "Parent Relationship": "Outer", "Join Type": "Inner", "Startup Cost": 0.0, "Total Cost": 114985.67, "Plan Rows": 2, "Plan Width": 28, "Actual Startup Time": 689.707, "Actual Total Time": 1700.005, "Actual Rows": 359, "Actual Loops": 1, "Inner Unique": true, "Plans": [{"Node Type": "Nested Loop", "Parent Relationship": "Outer", "Join Type": "Inner", "Startup Cost": 0.0, "Total Cost": 114984.04, "Plan Rows": 5, "Plan Width": 32, "Actual Startup Time": 689.678, "Actual Total Time": 1697.916, "Actual Rows": 373, "Actual Loops": 1, "Inner Unique": false, "Plans": [{"Node Type": "Nested Loop", "Parent Relationship": "Outer", "Join Type": "Inner", "Startup Cost": 0.0, "Total Cost": 114978.43, "Plan Rows": 13, "Plan Width": 24, "Actual Startup Time": 688.314, "Actual Total Time": 1693.763, "Actual Rows": 425, "Actual Loops": 1, "Inner Unique": false, "Join Filter": "(ci.role_id = rt.id)", "Rows Removed by Join Filter": 0, "Plans": [{"Node Type": "Seq Scan", "Parent Relationship": "Outer", "Relation Name": "role_type", "Alias": "rt", "Startup Cost": 0.0, "Total Cost": 1.15, "Plan Rows": 1, "Plan Width": 4, "Actual Startup Time": 0.039, "Actual Total Time": 0.045, "Actual Rows": 1, "Actual Loops": 1, "Filter": "((role)::text = 'actress'::text)", "Rows Removed by Filter": 11}, {"Node Type": "Nested Loop", "Parent Relationship": "Inner", "Join Type": "Inner", "Startup Cost": 0.0, "Total Cost": 114975.51, "Plan Rows": 141, "Plan Width": 28, "Actual Startup Time": 688.266, "Actual Total Time": 1693.541, "Actual Rows": 425, "Actual Loops": 1, "Inner Unique": false, "Join Filter": "(n.id = ci.person_id)", "Rows Removed by Join Filter": 0, "Plans": [{"Node Type": "Nested Loop", "Parent Relationship": "Outer", "Join Type": "Inner", "Startup Cost": 0.0, "Total Cost": 114700.23, "Plan Rows": 115, "Plan Width": 24, "Actual Startup Time": 673.28, "Actual Total Time": 1644.68, "Actual Rows": 1558, "Actual Loops": 1, "Inner Unique": false, "Plans": [{"Node Type": "Seq Scan", "Parent Relationship": "Outer", "Relation Name": "name", "Alias": "n", "Startup Cost": 0.0, "Total Cost": 113909.35, "Plan Rows": 96, "Plan Width": 4, "Actual Startup Time": 671.583, "Actual Total Time": 1622.951, "Actual Rows": 6768, "Actual Loops": 1, "Filter": "(((name)::text ~~ '%Ang%'::text) AND ((gender)::text = 'f'::text))", "Rows Removed by Filter": 4160722}, {"Node Type": "Index Scan", "Parent Relationship": "Inner", "Scan Direction": "Forward", "Index Name": "person_id_aka_name", "Relation Name": "aka_name", "Alias": "an", "Startup Cost": 0.0, "Total Cost": 8.23, "Plan Rows": 1, "Plan Width": 20, "Actual Startup Time": 16.878, "Actual Total Time": 17.626, "Actual Rows": 1558, "Actual Loops": 6768, "Index Cond": "(person_id = n.id)", "Rows Removed by Index Recheck": 0}]}, {"Node Type": "Index Scan", "Parent Relationship": "Inner", "Scan Direction": "Forward", "Index Name": "person_id_cast_info", "Relation Name": "cast_info", "Alias": "ci", "Startup Cost": 0.0, "Total Cost": 2.38, "Plan Rows": 1, "Plan Width": 16, "Actual Startup Time": 43.065, "Actual Total Time": 47.745, "Actual Rows": 425, "Actual Loops": 1558, "Index Cond": "(person_id = an.person_id)", "Rows Removed by Index Recheck": 0, "Filter": "((note)::text = ANY ('{(voice),\"(voice: Japanese version)\",\"(voice) (uncredited)\",\"(voice: English version)\"}'::text[]))", "Rows Removed by Filter": 69057}]}]}, {"Node Type": "Index Scan", "Parent Relationship": "Inner", "Scan Direction": "Forward", "Index Name": "movie_id_movie_companies", "Relation Name": "movie_companies", "Alias": "mc", "Startup Cost": 0.0, "Total Cost": 0.42, "Plan Rows": 1, "Plan Width": 8, "Actual Startup Time": 2.627, "Actual Total Time": 3.738, "Actual Rows": 373, "Actual Loops": 425, "Index Cond": "(movie_id = ci.movie_id)", "Rows Removed by Index Recheck": 0, "Filter": "((note IS NOT NULL) AND (((note)::text ~~ '%(USA)%'::text) OR ((note)::text ~~ '%(worldwide)%'::text)))", "Rows Removed by Filter": 1538}]}, {"Node Type": "Index Scan", "Parent Relationship": "Inner", "Scan Direction": "Forward", "Index Name": "company_name_pkey", "Relation Name": "company_name", "Alias": "cn", "Startup Cost": 0.0, "Total Cost": 0.32, "Plan Rows": 1, "Plan Width": 4, "Actual Startup Time": 1.71, "Actual Total Time": 1.71, "Actual Rows": 359, "Actual Loops": 373, "Index Cond": "(id = mc.company_id)", "Rows Removed by Index Recheck": 0, "Filter": "((country_code)::text = '[us]'::text)", "Rows Removed by Filter": 14}]}, {"Node Type": "Index Scan", "Parent Relationship": "Inner", "Scan Direction": "Forward", "Index Name": "char_name_pkey", "Relation Name": "char_name", "Alias": "chn", "Startup Cost": 0.0, "Total Cost": 0.5, "Plan Rows": 1, "Plan Width": 20, "Actual Startup Time": 1.241, "Actual Total Time": 1.241, "Actual Rows": 341, "Actual Loops": 359, "Index Cond": "(id = ci.person_role_id)", "Rows Removed by Index Recheck": 0}]}, {"Node Type": "Index Scan", "Parent Relationship": "Inner", "Scan Direction": "Forward", "Index Name": "title_pkey", "Relation Name": "title", "Alias": "t", "Startup Cost": 0.0, "Total Cost": 0.49, "Plan Rows": 1, "Plan Width": 21, "Actual Startup Time": 1.484, "Actual Total Time": 1.484, "Actual Rows": 121, "Actual Loops": 341, "Index Cond": "(id = ci.movie_id)", "Rows Removed by Index Recheck": 0, "Filter": "((production_year >= 2005) AND (production_year <= 2015))", "Rows Removed by Filter": 220}]}]}, "Triggers": [], "Planner Runtime": 8, "Total Runtime": 1704.04, "Unique SQL Id": 3431223514}}, "(1, 17)": {"explain_plan": {"Plan": {"Node Type": "Aggregate", "Strategy": "Plain", "Startup Cost": 198159.35, "Total Cost": 198159.36, "Plan Rows": 1, "Plan Width": 145, "Plans": [{"Node Type": "Nested Loop", "Parent Relationship": "Outer", "Join Type": "Inner", "Startup Cost": 0.0, "Total Cost": 198159.35, "Plan Rows": 1, "Plan Width": 49, "Inner Unique": true, "Plans": [{"Node Type": "Nested Loop", "Parent Relationship": "Outer", "Join Type": "Inner", "Startup Cost": 0.0, "Total Cost": 198158.85, "Plan Rows": 1, "Plan Width": 40, "Inner Unique": true, "Plans": [{"Node Type": "Nested Loop", "Parent Relationship": "Outer", "Join Type": "Inner", "Startup Cost": 0.0, "Total Cost": 198157.83, "Plan Rows": 2, "Plan Width": 28, "Inner Unique": true, "Plans": [{"Node Type": "Nested Loop", "Parent Relationship": "Outer", "Join Type": "Inner", "Startup Cost": 0.0, "Total Cost": 198156.19, "Plan Rows": 5, "Plan Width": 32, "Inner Unique": false, "Plans": [{"Node Type": "Nested Loop", "Parent Relationship": "Outer", "Join Type": "Inner", "Startup Cost": 0.0, "Total Cost": 198150.58, "Plan Rows": 13, "Plan Width": 24, "Inner Unique": false, "Join Filter": "(ci.role_id = rt.id)", "Plans": [{"Node Type": "Index Scan", "Parent Relationship": "Outer", "Scan Direction": "Forward", "Index Name": "role_type_pkey", "Relation Name": "role_type", "Alias": "rt", "Startup Cost": 0.0, "Total Cost": 12.46, "Plan Rows": 1, "Plan Width": 4, "Filter": "((role)::text = 'actress'::text)"}, {"Node Type": "Nested Loop", "Parent Relationship": "Inner", "Join Type": "Inner", "Startup Cost": 0.0, "Total Cost": 198136.36, "Plan Rows": 141, "Plan Width": 28, "Inner Unique": false, "Join Filter": "(n.id = ci.person_id)", "Plans": [{"Node Type": "Nested Loop", "Parent Relationship": "Outer", "Join Type": "Inner", "Startup Cost": 0.0, "Total Cost": 197861.08, "Plan Rows": 115, "Plan Width": 24, "Inner Unique": false, "Plans": [{"Node Type": "Index Scan", "Parent Relationship": "Outer", "Scan Direction": "Forward", "Index Name": "name_pkey", "Relation Name": "name", "Alias": "n", "Startup Cost": 0.0, "Total Cost": 197070.2, "Plan Rows": 96, "Plan Width": 4, "Filter": "(((name)::text ~~ '%Ang%'::text) AND ((gender)::text = 'f'::text))"}, {"Node Type": "Index Scan", "Parent Relationship": "Inner", "Scan Direction": "Forward", "Index Name": "person_id_aka_name", "Relation Name": "aka_name", "Alias": "an", "Startup Cost": 0.0, "Total Cost": 8.23, "Plan Rows": 1, "Plan Width": 20, "Index Cond": "(person_id = n.id)"}]}, {"Node Type": "Index Scan", "Parent Relationship": "Inner", "Scan Direction": "Forward", "Index Name": "person_id_cast_info", "Relation Name": "cast_info", "Alias": "ci", "Startup Cost": 0.0, "Total Cost": 2.38, "Plan Rows": 1, "Plan Width": 16, "Index Cond": "(person_id = an.person_id)", "Filter": "((note)::text = ANY ('{(voice),\"(voice: Japanese version)\",\"(voice) (uncredited)\",\"(voice: English version)\"}'::text[]))"}]}]}, {"Node Type": "Index Scan", "Parent Relationship": "Inner", "Scan Direction": "Forward", "Index Name": "movie_id_movie_companies", "Relation Name": "movie_companies", "Alias": "mc", "Startup Cost": 0.0, "Total Cost": 0.42, "Plan Rows": 1, "Plan Width": 8, "Index Cond": "(movie_id = ci.movie_id)", "Filter": "((note IS NOT NULL) AND (((note)::text ~~ '%(USA)%'::text) OR ((note)::text ~~ '%(worldwide)%'::text)))"}]}, {"Node Type": "Index Scan", "Parent Relationship": "Inner", "Scan Direction": "Forward", "Index Name": "company_name_pkey", "Relation Name": "company_name", "Alias": "cn", "Startup Cost": 0.0, "Total Cost": 0.32, "Plan Rows": 1, "Plan Width": 4, "Index Cond": "(id = mc.company_id)", "Filter": "((country_code)::text = '[us]'::text)"}]}, {"Node Type": "Index Scan", "Parent Relationship": "Inner", "Scan Direction": "Forward", "Index Name": "char_name_pkey", "Relation Name": "char_name", "Alias": "chn", "Startup Cost": 0.0, "Total Cost": 0.5, "Plan Rows": 1, "Plan Width": 20, "Index Cond": "(id = ci.person_role_id)"}]}, {"Node Type": "Index Scan", "Parent Relationship": "Inner", "Scan Direction": "Forward", "Index Name": "title_pkey", "Relation Name": "title", "Alias": "t", "Startup Cost": 0.0, "Total Cost": 0.49, "Plan Rows": 1, "Plan Width": 21, "Index Cond": "(id = ci.movie_id)", "Filter": "((production_year >= 2005) AND (production_year <= 2015))"}]}]}, "Unique SQL Id": 3431223514, "Planner Runtime": 55}, "explain_analyze_plan": null}, "(1, 18)": {"explain_plan": {"Plan": {"Node Type": "Aggregate", "Strategy": "Plain", "Startup Cost": 115411.92, "Total Cost": 115411.93, "Plan Rows": 1, "Plan Width": 145, "Plans": [{"Node Type": "Nested Loop", "Parent Relationship": "Outer", "Join Type": "Inner", "Startup Cost": 6.41, "Total Cost": 115411.91, "Plan Rows": 2, "Plan Width": 49, "Inner Unique": true, "Plans": [{"Node Type": "Nested Loop", "Parent Relationship": "Outer", "Join Type": "Inner", "Startup Cost": 6.11, "Total Cost": 115403.25, "Plan Rows": 2, "Plan Width": 40, "Inner Unique": true, "Plans": [{"Node Type": "Nested Loop", "Parent Relationship": "Outer", "Join Type": "Inner", "Startup Cost": 5.85, "Total Cost": 115394.67, "Plan Rows": 2, "Plan Width": 44, "Inner Unique": true, "Plans": [{"Node Type": "Nested Loop", "Parent Relationship": "Outer", "Join Type": "Inner", "Startup Cost": 5.53, "Total Cost": 115372.99, "Plan Rows": 5, "Plan Width": 32, "Inner Unique": false, "Plans": [{"Node Type": "Nested Loop", "Parent Relationship": "Outer", "Join Type": "Inner", "Startup Cost": 5.22, "Total Cost": 115316.36, "Plan Rows": 13, "Plan Width": 24, "Inner Unique": false, "Join Filter": "(ci.role_id = rt.id)", "Plans": [{"Node Type": "Seq Scan", "Parent Relationship": "Outer", "Relation Name": "role_type", "Alias": "rt", "Startup Cost": 0.0, "Total Cost": 1.15, "Plan Rows": 1, "Plan Width": 4, "Filter": "((role)::text = 'actress'::text)"}, {"Node Type": "Nested Loop", "Parent Relationship": "Inner", "Join Type": "Inner", "Startup Cost": 5.22, "Total Cost": 115313.45, "Plan Rows": 141, "Plan Width": 28, "Inner Unique": false, "Join Filter": "(n.id = ci.person_id)", "Plans": [{"Node Type": "Nested Loop", "Parent Relationship": "Outer", "Join Type": "Inner", "Startup Cost": 4.22, "Total Cost": 114700.25, "Plan Rows": 115, "Plan Width": 24, "Inner Unique": false, "Plans": [{"Node Type": "Seq Scan", "Parent Relationship": "Outer", "Relation Name": "name", "Alias": "n", "Startup Cost": 0.0, "Total Cost": 113909.35, "Plan Rows": 96, "Plan Width": 4, "Filter": "(((name)::text ~~ '%Ang%'::text) AND ((gender)::text = 'f'::text))"}, {"Node Type": "Bitmap Heap Scan", "Parent Relationship": "Inner", "Relation Name": "aka_name", "Alias": "an", "Startup Cost": 4.22, "Total Cost": 8.23, "Plan Rows": 1, "Plan Width": 20, "Recheck Cond": "(person_id = n.id)", "Plans": [{"Node Type": "Bitmap Index Scan", "Parent Relationship": "Outer", "Index Name": "person_id_aka_name", "Startup Cost": 0.0, "Total Cost": 4.22, "Plan Rows": 1, "Plan Width": 0, "Index Cond": "(person_id = n.id)"}]}]}, {"Node Type": "Bitmap Heap Scan", "Parent Relationship": "Inner", "Relation Name": "cast_info", "Alias": "ci", "Startup Cost": 1.0, "Total Cost": 5.32, "Plan Rows": 1, "Plan Width": 16, "Recheck Cond": "(person_id = an.person_id)", "Filter": "((note)::text = ANY ('{(voice),\"(voice: Japanese version)\",\"(voice) (uncredited)\",\"(voice: English version)\"}'::text[]))", "Plans": [{"Node Type": "Bitmap Index Scan", "Parent Relationship": "Outer", "Index Name": "person_id_cast_info", "Startup Cost": 0.0, "Total Cost": 1.0, "Plan Rows": 18, "Plan Width": 0, "Index Cond": "(person_id = an.person_id)"}]}]}]}, {"Node Type": "Bitmap Heap Scan", "Parent Relationship": "Inner", "Relation Name": "movie_companies", "Alias": "mc", "Startup Cost": 0.31, "Total Cost": 4.35, "Plan Rows": 1, "Plan Width": 8, "Recheck Cond": "(movie_id = ci.movie_id)", "Filter": "((note IS NOT NULL) AND (((note)::text ~~ '%(USA)%'::text) OR ((note)::text ~~ '%(worldwide)%'::text)))", "Plans": [{"Node Type": "Bitmap Index Scan", "Parent Relationship": "Outer", "Index Name": "movie_id_movie_companies", "Startup Cost": 0.0, "Total Cost": 0.31, "Plan Rows": 2, "Plan Width": 0, "Index Cond": "(movie_id = ci.movie_id)"}]}]}, {"Node Type": "Bitmap Heap Scan", "Parent Relationship": "Inner", "Relation Name": "char_name", "Alias": "chn", "Startup Cost": 0.31, "Total Cost": 4.33, "Plan Rows": 1, "Plan Width": 20, "Recheck Cond": "(id = ci.person_role_id)", "Plans": [{"Node Type": "Bitmap Index Scan", "Parent Relationship": "Outer", "Index Name": "char_name_pkey", "Startup Cost": 0.0, "Total Cost": 0.31, "Plan Rows": 1, "Plan Width": 0, "Index Cond": "(id = ci.person_role_id)"}]}]}, {"Node Type": "Bitmap Heap Scan", "Parent Relationship": "Inner", "Relation Name": "company_name", "Alias": "cn", "Startup Cost": 0.26, "Total Cost": 4.28, "Plan Rows": 1, "Plan Width": 4, "Recheck Cond": "(id = mc.company_id)", "Filter": "((country_code)::text = '[us]'::text)", "Plans": [{"Node Type": "Bitmap Index Scan", "Parent Relationship": "Outer", "Index Name": "company_name_pkey", "Startup Cost": 0.0, "Total Cost": 0.26, "Plan Rows": 1, "Plan Width": 0, "Index Cond": "(id = mc.company_id)"}]}]}, {"Node Type": "Bitmap Heap Scan", "Parent Relationship": "Inner", "Relation Name": "title", "Alias": "t", "Startup Cost": 0.3, "Total Cost": 4.32, "Plan Rows": 1, "Plan Width": 21, "Recheck Cond": "(id = ci.movie_id)", "Filter": "((production_year >= 2005) AND (production_year <= 2015))", "Plans": [{"Node Type": "Bitmap Index Scan", "Parent Relationship": "Outer", "Index Name": "title_pkey", "Startup Cost": 0.0, "Total Cost": 0.3, "Plan Rows": 1, "Plan Width": 0, "Index Cond": "(id = ci.movie_id)"}]}]}]}, "Unique SQL Id": 3431223514, "Planner Runtime": 44}, "explain_analyze_plan": {"Plan": {"Node Type": "Aggregate", "Strategy": "Plain", "Startup Cost": 115411.92, "Total Cost": 115411.93, "Plan Rows": 1, "Plan Width": 145, "Actual Startup Time": 1709.38, "Actual Total Time": 1709.381, "Actual Rows": 1, "Actual Loops": 1, "Plans": [{"Node Type": "Nested Loop", "Parent Relationship": "Outer", "Join Type": "Inner", "Startup Cost": 6.41, "Total Cost": 115411.91, "Plan Rows": 2, "Plan Width": 49, "Actual Startup Time": 699.471, "Actual Total Time": 1709.105, "Actual Rows": 121, "Actual Loops": 1, "Inner Unique": true, "Plans": [{"Node Type": "Nested Loop", "Parent Relationship": "Outer", "Join Type": "Inner", "Startup Cost": 6.11, "Total Cost": 115403.25, "Plan Rows": 2, "Plan Width": 40, "Actual Startup Time": 691.26, "Actual Total Time": 1706.814, "Actual Rows": 341, "Actual Loops": 1, "Inner Unique": true, "Plans": [{"Node Type": "Nested Loop", "Parent Relationship": "Outer", "Join Type": "Inner", "Startup Cost": 5.85, "Total Cost": 115394.67, "Plan Rows": 2, "Plan Width": 44, "Actual Startup Time": 691.228, "Actual Total Time": 1704.451, "Actual Rows": 348, "Actual Loops": 1, "Inner Unique": true, "Plans": [{"Node Type": "Nested Loop", "Parent Relationship": "Outer", "Join Type": "Inner", "Startup Cost": 5.53, "Total Cost": 115372.99, "Plan Rows": 5, "Plan Width": 32, "Actual Startup Time": 691.211, "Actual Total Time": 1702.135, "Actual Rows": 373, "Actual Loops": 1, "Inner Unique": false, "Plans": [{"Node Type": "Nested Loop", "Parent Relationship": "Outer", "Join Type": "Inner", "Startup Cost": 5.22, "Total Cost": 115316.36, "Plan Rows": 13, "Plan Width": 24, "Actual Startup Time": 689.644, "Actual Total Time": 1696.664, "Actual Rows": 425, "Actual Loops": 1, "Inner Unique": false, "Join Filter": "(ci.role_id = rt.id)", "Rows Removed by Join Filter": 0, "Plans": [{"Node Type": "Seq Scan", "Parent Relationship": "Outer", "Relation Name": "role_type", "Alias": "rt", "Startup Cost": 0.0, "Total Cost": 1.15, "Plan Rows": 1, "Plan Width": 4, "Actual Startup Time": 0.026, "Actual Total Time": 0.032, "Actual Rows": 1, "Actual Loops": 1, "Filter": "((role)::text = 'actress'::text)", "Rows Removed by Filter": 11}, {"Node Type": "Nested Loop", "Parent Relationship": "Inner", "Join Type": "Inner", "Startup Cost": 5.22, "Total Cost": 115313.45, "Plan Rows": 141, "Plan Width": 28, "Actual Startup Time": 689.61, "Actual Total Time": 1696.417, "Actual Rows": 425, "Actual Loops": 1, "Inner Unique": false, "Join Filter": "(n.id = ci.person_id)", "Rows Removed by Join Filter": 0, "Plans": [{"Node Type": "Nested Loop", "Parent Relationship": "Outer", "Join Type": "Inner", "Startup Cost": 4.22, "Total Cost": 114700.25, "Plan Rows": 115, "Plan Width": 24, "Actual Startup Time": 673.784, "Actual Total Time": 1646.247, "Actual Rows": 1558, "Actual Loops": 1, "Inner Unique": false, "Plans": [{"Node Type": "Seq Scan", "Parent Relationship": "Outer", "Relation Name": "name", "Alias": "n", "Startup Cost": 0.0, "Total Cost": 113909.35, "Plan Rows": 96, "Plan Width": 4, "Actual Startup Time": 672.02, "Actual Total Time": 1615.306, "Actual Rows": 6768, "Actual Loops": 1, "Filter": "(((name)::text ~~ '%Ang%'::text) AND ((gender)::text = 'f'::text))", "Rows Removed by Filter": 4160722}, {"Node Type": "Bitmap Heap Scan", "Parent Relationship": "Inner", "Relation Name": "aka_name", "Alias": "an", "Startup Cost": 4.22, "Total Cost": 8.23, "Plan Rows": 1, "Plan Width": 20, "Actual Startup Time": 22.357, "Actual Total Time": 22.816, "Actual Rows": 1558, "Actual Loops": 6768, "Recheck Cond": "(person_id = n.id)", "Rows Removed by Index Recheck": 0, "Exact Heap Blocks": 1014, "Lossy Heap Blocks": 1014, "Plans": [{"Node Type": "Bitmap Index Scan", "Parent Relationship": "Outer", "Index Name": "person_id_aka_name", "Startup Cost": 0.0, "Total Cost": 4.22, "Plan Rows": 1, "Plan Width": 0, "Actual Startup Time": 17.113, "Actual Total Time": 17.113, "Actual Rows": 1558, "Actual Loops": 6768, "Index Cond": "(person_id = n.id)"}]}]}, {"Node Type": "Bitmap Heap Scan", "Parent Relationship": "Inner", "Relation Name": "cast_info", "Alias": "ci", "Startup Cost": 1.0, "Total Cost": 5.32, "Plan Rows": 1, "Plan Width": 16, "Actual Startup Time": 44.607, "Actual Total Time": 47.833, "Actual Rows": 425, "Actual Loops": 1558, "Recheck Cond": "(person_id = an.person_id)", "Rows Removed by Index Recheck": 0, "Filter": "((note)::text = ANY ('{(voice),\"(voice: Japanese version)\",\"(voice) (uncredited)\",\"(voice: English version)\"}'::text[]))", "Rows Removed by Filter": 69057, "Exact Heap Blocks": 2627, "Lossy Heap Blocks": 2627, "Plans": [{"Node Type": "Bitmap Index Scan", "Parent Relationship": "Outer", "Index Name": "person_id_cast_info", "Startup Cost": 0.0, "Total Cost": 1.0, "Plan Rows": 18, "Plan Width": 0, "Actual Startup Time": 13.956, "Actual Total Time": 13.956, "Actual Rows": 69482, "Actual Loops": 1558, "Index Cond": "(person_id = an.person_id)"}]}]}]}, {"Node Type": "Bitmap Heap Scan", "Parent Relationship": "Inner", "Relation Name": "movie_companies", "Alias": "mc", "Startup Cost": 0.31, "Total Cost": 4.35, "Plan Rows": 1, "Plan Width": 8, "Actual Startup Time": 3.797, "Actual Total Time": 4.718, "Actual Rows": 373, "Actual Loops": 425, "Recheck Cond": "(movie_id = ci.movie_id)", "Rows Removed by Index Recheck": 0, "Filter": "((note IS NOT NULL) AND (((note)::text ~~ '%(USA)%'::text) OR ((note)::text ~~ '%(worldwide)%'::text)))", "Rows Removed by Filter": 1538, "Exact Heap Blocks": 580, "Lossy Heap Blocks": 580, "Plans": [{"Node Type": "Bitmap Index Scan", "Parent Relationship": "Outer", "Index Name": "movie_id_movie_companies", "Startup Cost": 0.0, "Total Cost": 0.31, "Plan Rows": 2, "Plan Width": 0, "Actual Startup Time": 2.001, "Actual Total Time": 2.001, "Actual Rows": 1911, "Actual Loops": 425, "Index Cond": "(movie_id = ci.movie_id)"}]}]}, {"Node Type": "Bitmap Heap Scan", "Parent Relationship": "Inner", "Relation Name": "char_name", "Alias": "chn", "Startup Cost": 0.31, "Total Cost": 4.33, "Plan Rows": 1, "Plan Width": 20, "Actual Startup Time": 1.723, "Actual Total Time": 1.723, "Actual Rows": 348, "Actual Loops": 373, "Recheck Cond": "(id = ci.person_role_id)", "Rows Removed by Index Recheck": 0, "Exact Heap Blocks": 348, "Lossy Heap Blocks": 348, "Plans": [{"Node Type": "Bitmap Index Scan", "Parent Relationship": "Outer", "Index Name": "char_name_pkey", "Startup Cost": 0.0, "Total Cost": 0.31, "Plan Rows": 1, "Plan Width": 0, "Actual Startup Time": 1.093, "Actual Total Time": 1.093, "Actual Rows": 348, "Actual Loops": 373, "Index Cond": "(id = ci.person_role_id)"}]}]}, {"Node Type": "Bitmap Heap Scan", "Parent Relationship": "Inner", "Relation Name": "company_name", "Alias": "cn", "Startup Cost": 0.26, "Total Cost": 4.28, "Plan Rows": 1, "Plan Width": 4, "Actual Startup Time": 1.817, "Actual Total Time": 1.817, "Actual Rows": 341, "Actual Loops": 348, "Recheck Cond": "(id = mc.company_id)", "Rows Removed by Index Recheck": 0, "Filter": "((country_code)::text = '[us]'::text)", "Rows Removed by Filter": 7, "Exact Heap Blocks": 348, "Lossy Heap Blocks": 348, "Plans": [{"Node Type": "Bitmap Index Scan", "Parent Relationship": "Outer", "Index Name": "company_name_pkey", "Startup Cost": 0.0, "Total Cost": 0.26, "Plan Rows": 1, "Plan Width": 0, "Actual Startup Time": 1.008, "Actual Total Time": 1.008, "Actual Rows": 348, "Actual Loops": 348, "Index Cond": "(id = mc.company_id)"}]}]}, {"Node Type": "Bitmap Heap Scan", "Parent Relationship": "Inner", "Relation Name": "title", "Alias": "t", "Startup Cost": 0.3, "Total Cost": 4.32, "Plan Rows": 1, "Plan Width": 21, "Actual Startup Time": 1.8, "Actual Total Time": 1.8, "Actual Rows": 121, "Actual Loops": 341, "Recheck Cond": "(id = ci.movie_id)", "Rows Removed by Index Recheck": 0, "Filter": "((production_year >= 2005) AND (production_year <= 2015))", "Rows Removed by Filter": 220, "Exact Heap Blocks": 341, "Lossy Heap Blocks": 341, "Plans": [{"Node Type": "Bitmap Index Scan", "Parent Relationship": "Outer", "Index Name": "title_pkey", "Startup Cost": 0.0, "Total Cost": 0.3, "Plan Rows": 1, "Plan Width": 0, "Actual Startup Time": 1.083, "Actual Total Time": 1.083, "Actual Rows": 341, "Actual Loops": 341, "Index Cond": "(id = ci.movie_id)"}]}]}]}, "Triggers": [], "Planner Runtime": 44, "Total Runtime": 1709.771, "Unique SQL Id": 3431223514}}, "(1, 19)": {"explain_plan": {"Plan": {"Node Type": "Aggregate", "Strategy": "Plain", "Startup Cost": 1000016655188.3, "Total Cost": 1000016655188.31, "Plan Rows": 1, "Plan Width": 145, "Plans": [{"Node Type": "Nested Loop", "Parent Relationship": "Outer", "Join Type": "Inner", "Startup Cost": 10000000002.78, "Total Cost": 1000016655188.3, "Plan Rows": 1, "Plan Width": 49, "Inner Unique": true, "Join Filter": "(ci.person_id = n.id)", "Plans": [{"Node Type": "Nested Loop", "Parent Relationship": "Outer", "Join Type": "Inner", "Startup Cost": 10000000002.45, "Total Cost": 1000016612909.02, "Plan Rows": 9704, "Plan Width": 57, "Inner Unique": true, "Plans": [{"Node Type": "Nested Loop", "Parent Relationship": "Outer", "Join Type": "Inner", "Startup Cost": 10000000002.15, "Total Cost": 1000016578899.44, "Plan Rows": 7855, "Plan Width": 48, "Inner Unique": true, "Plans": [{"Node Type": "Nested Loop", "Parent Relationship": "Outer", "Join Type": "Inner", "Startup Cost": 10000000001.89, "Total Cost": 1000016510409.12, "Plan Rows": 15972, "Plan Width": 52, "Inner Unique": true, "Plans": [{"Node Type": "Nested Loop", "Parent Relationship": "Outer", "Join Type": "Inner", "Startup Cost": 10000000001.57, "Total Cost": 1000016367541.65, "Plan Rows": 32949, "Plan Width": 40, "Inner Unique": false, "Plans": [{"Node Type": "Nested Loop", "Parent Relationship": "Outer", "Join Type": "Inner", "Startup Cost": 10000000001.26, "Total Cost": 1000015972498.77, "Plan Rows": 90685, "Plan Width": 32, "Inner Unique": true, "Plans": [{"Node Type": "Nested Loop", "Parent Relationship": "Outer", "Join Type": "Inner", "Startup Cost": 10000000001.0, "Total Cost": 1000011700317.58, "Plan Rows": 997530, "Plan Width": 36, "Inner Unique": false, "Plans": [{"Node Type": "Index Scan", "Parent Relationship": "Outer", "Scan Direction": "Forward", "Index Name": "person_id_aka_name", "Relation Name": "aka_name", "Alias": "an", "Startup Cost": 10000000000.0, "Total Cost": 1000006896503.43, "Plan Rows": 901342, "Plan Width": 20}, {"Node Type": "Bitmap Heap Scan", "Parent Relationship": "Inner", "Relation Name": "cast_info", "Alias": "ci", "Startup Cost": 1.0, "Total Cost": 5.32, "Plan Rows": 1, "Plan Width": 16, "Recheck Cond": "(person_id = an.person_id)", "Filter": "((note)::text = ANY ('{(voice),\"(voice: Japanese version)\",\"(voice) (uncredited)\",\"(voice: English version)\"}'::text[]))", "Plans": [{"Node Type": "Bitmap Index Scan", "Parent Relationship": "Outer", "Index Name": "person_id_cast_info", "Startup Cost": 0.0, "Total Cost": 1.0, "Plan Rows": 18, "Plan Width": 0, "Index Cond": "(person_id = an.person_id)"}]}]}, {"Node Type": "Bitmap Heap Scan", "Parent Relationship": "Inner", "Relation Name": "role_type", "Alias": "rt", "Startup Cost": 0.26, "Total Cost": 4.27, "Plan Rows": 1, "Plan Width": 4, "Recheck Cond": "(id = ci.role_id)", "Filter": "((role)::text = 'actress'::text)", "Plans": [{"Node Type": "Bitmap Index Scan", "Parent Relationship": "Outer", "Index Name": "role_type_pkey", "Startup Cost": 0.0, "Total Cost": 0.26, "Plan Rows": 1, "Plan Width": 0, "Index Cond": "(id = ci.role_id)"}]}]}, {"Node Type": "Bitmap Heap Scan", "Parent Relationship": "Inner", "Relation Name": "movie_companies", "Alias": "mc", "Startup Cost": 0.31, "Total Cost": 4.35, "Plan Rows": 1, "Plan Width": 8, "Recheck Cond": "(movie_id = ci.movie_id)", "Filter": "((note IS NOT NULL) AND (((note)::text ~~ '%(USA)%'::text) OR ((note)::text ~~ '%(worldwide)%'::text)))", "Plans": [{"Node Type": "Bitmap Index Scan", "Parent Relationship": "Outer", "Index Name": "movie_id_movie_companies", "Startup Cost": 0.0, "Total Cost": 0.31, "Plan Rows": 2, "Plan Width": 0, "Index Cond": "(movie_id = ci.movie_id)"}]}]}, {"Node Type": "Bitmap Heap Scan", "Parent Relationship": "Inner", "Relation Name": "char_name", "Alias": "chn", "Startup Cost": 0.31, "Total Cost": 4.33, "Plan Rows": 1, "Plan Width": 20, "Recheck Cond": "(id = ci.person_role_id)", "Plans": [{"Node Type": "Bitmap Index Scan", "Parent Relationship": "Outer", "Index Name": "char_name_pkey", "Startup Cost": 0.0, "Total Cost": 0.31, "Plan Rows": 1, "Plan Width": 0, "Index Cond": "(id = ci.person_role_id)"}]}]}, {"Node Type": "Bitmap Heap Scan", "Parent Relationship": "Inner", "Relation Name": "company_name", "Alias": "cn", "Startup Cost": 0.26, "Total Cost": 4.28, "Plan Rows": 1, "Plan Width": 4, "Recheck Cond": "(id = mc.company_id)", "Filter": "((country_code)::text = '[us]'::text)", "Plans": [{"Node Type": "Bitmap Index Scan", "Parent Relationship": "Outer", "Index Name": "company_name_pkey", "Startup Cost": 0.0, "Total Cost": 0.26, "Plan Rows": 1, "Plan Width": 0, "Index Cond": "(id = mc.company_id)"}]}]}, {"Node Type": "Bitmap Heap Scan", "Parent Relationship": "Inner", "Relation Name": "title", "Alias": "t", "Startup Cost": 0.3, "Total Cost": 4.32, "Plan Rows": 1, "Plan Width": 21, "Recheck Cond": "(id = ci.movie_id)", "Filter": "((production_year >= 2005) AND (production_year <= 2015))", "Plans": [{"Node Type": "Bitmap Index Scan", "Parent Relationship": "Outer", "Index Name": "title_pkey", "Startup Cost": 0.0, "Total Cost": 0.3, "Plan Rows": 1, "Plan Width": 0, "Index Cond": "(id = ci.movie_id)"}]}]}, {"Node Type": "Bitmap Heap Scan", "Parent Relationship": "Inner", "Relation Name": "name", "Alias": "n", "Startup Cost": 0.33, "Total Cost": 4.34, "Plan Rows": 1, "Plan Width": 4, "Recheck Cond": "(id = an.person_id)", "Filter": "(((name)::text ~~ '%Ang%'::text) AND ((gender)::text = 'f'::text))", "Plans": [{"Node Type": "Bitmap Index Scan", "Parent Relationship": "Outer", "Index Name": "name_pkey", "Startup Cost": 0.0, "Total Cost": 0.33, "Plan Rows": 1, "Plan Width": 0, "Index Cond": "(id = an.person_id)"}]}]}]}, "Unique SQL Id": 3431223514, "Planner Runtime": 13}, "explain_analyze_plan": null}, "(1, 20)": {"explain_plan": {"Plan": {"Node Type": "Aggregate", "Strategy": "Plain", "Startup Cost": 114987.2, "Total Cost": 114987.21, "Plan Rows": 1, "Plan Width": 145, "Plans": [{"Node Type": "Nested Loop", "Parent Relationship": "Outer", "Join Type": "Inner", "Startup Cost": 0.0, "Total Cost": 114987.19, "Plan Rows": 1, "Plan Width": 49, "Inner Unique": true, "Plans": [{"Node Type": "Nested Loop", "Parent Relationship": "Outer", "Join Type": "Inner", "Startup Cost": 0.0, "Total Cost": 114986.69, "Plan Rows": 1, "Plan Width": 40, "Inner Unique": true, "Plans": [{"Node Type": "Nested Loop", "Parent Relationship": "Outer", "Join Type": "Inner", "Startup Cost": 0.0, "Total Cost": 114985.67, "Plan Rows": 2, "Plan Width": 28, "Inner Unique": true, "Plans": [{"Node Type": "Nested Loop", "Parent Relationship": "Outer", "Join Type": "Inner", "Startup Cost": 0.0, "Total Cost": 114984.04, "Plan Rows": 5, "Plan Width": 32, "Inner Unique": false, "Plans": [{"Node Type": "Nested Loop", "Parent Relationship": "Outer", "Join Type": "Inner", "Startup Cost": 0.0, "Total Cost": 114978.43, "Plan Rows": 13, "Plan Width": 24, "Inner Unique": false, "Join Filter": "(ci.role_id = rt.id)", "Plans": [{"Node Type": "Seq Scan", "Parent Relationship": "Outer", "Relation Name": "role_type", "Alias": "rt", "Startup Cost": 0.0, "Total Cost": 1.15, "Plan Rows": 1, "Plan Width": 4, "Filter": "((role)::text = 'actress'::text)"}, {"Node Type": "Nested Loop", "Parent Relationship": "Inner", "Join Type": "Inner", "Startup Cost": 0.0, "Total Cost": 114975.51, "Plan Rows": 141, "Plan Width": 28, "Inner Unique": false, "Join Filter": "(n.id = ci.person_id)", "Plans": [{"Node Type": "Nested Loop", "Parent Relationship": "Outer", "Join Type": "Inner", "Startup Cost": 0.0, "Total Cost": 114700.23, "Plan Rows": 115, "Plan Width": 24, "Inner Unique": false, "Plans": [{"Node Type": "Seq Scan", "Parent Relationship": "Outer", "Relation Name": "name", "Alias": "n", "Startup Cost": 0.0, "Total Cost": 113909.35, "Plan Rows": 96, "Plan Width": 4, "Filter": "(((name)::text ~~ '%Ang%'::text) AND ((gender)::text = 'f'::text))"}, {"Node Type": "Index Scan", "Parent Relationship": "Inner", "Scan Direction": "Forward", "Index Name": "person_id_aka_name", "Relation Name": "aka_name", "Alias": "an", "Startup Cost": 0.0, "Total Cost": 8.23, "Plan Rows": 1, "Plan Width": 20, "Index Cond": "(person_id = n.id)"}]}, {"Node Type": "Index Scan", "Parent Relationship": "Inner", "Scan Direction": "Forward", "Index Name": "person_id_cast_info", "Relation Name": "cast_info", "Alias": "ci", "Startup Cost": 0.0, "Total Cost": 2.38, "Plan Rows": 1, "Plan Width": 16, "Index Cond": "(person_id = an.person_id)", "Filter": "((note)::text = ANY ('{(voice),\"(voice: Japanese version)\",\"(voice) (uncredited)\",\"(voice: English version)\"}'::text[]))"}]}]}, {"Node Type": "Index Scan", "Parent Relationship": "Inner", "Scan Direction": "Forward", "Index Name": "movie_id_movie_companies", "Relation Name": "movie_companies", "Alias": "mc", "Startup Cost": 0.0, "Total Cost": 0.42, "Plan Rows": 1, "Plan Width": 8, "Index Cond": "(movie_id = ci.movie_id)", "Filter": "((note IS NOT NULL) AND (((note)::text ~~ '%(USA)%'::text) OR ((note)::text ~~ '%(worldwide)%'::text)))"}]}, {"Node Type": "Index Scan", "Parent Relationship": "Inner", "Scan Direction": "Forward", "Index Name": "company_name_pkey", "Relation Name": "company_name", "Alias": "cn", "Startup Cost": 0.0, "Total Cost": 0.32, "Plan Rows": 1, "Plan Width": 4, "Index Cond": "(id = mc.company_id)", "Filter": "((country_code)::text = '[us]'::text)"}]}, {"Node Type": "Index Scan", "Parent Relationship": "Inner", "Scan Direction": "Forward", "Index Name": "char_name_pkey", "Relation Name": "char_name", "Alias": "chn", "Startup Cost": 0.0, "Total Cost": 0.5, "Plan Rows": 1, "Plan Width": 20, "Index Cond": "(id = ci.person_role_id)"}]}, {"Node Type": "Index Scan", "Parent Relationship": "Inner", "Scan Direction": "Forward", "Index Name": "title_pkey", "Relation Name": "title", "Alias": "t", "Startup Cost": 0.0, "Total Cost": 0.49, "Plan Rows": 1, "Plan Width": 21, "Index Cond": "(id = ci.movie_id)", "Filter": "((production_year >= 2005) AND (production_year <= 2015))"}]}]}, "Unique SQL Id": 3431223514, "Planner Runtime": 52}, "explain_analyze_plan": {"Plan": {"Node Type": "Aggregate", "Strategy": "Plain", "Startup Cost": 114987.2, "Total Cost": 114987.21, "Plan Rows": 1, "Plan Width": 145, "Actual Startup Time": 1703.594, "Actual Total Time": 1703.595, "Actual Rows": 1, "Actual Loops": 1, "Plans": [{"Node Type": "Nested Loop", "Parent Relationship": "Outer", "Join Type": "Inner", "Startup Cost": 0.0, "Total Cost": 114987.19, "Plan Rows": 1, "Plan Width": 49, "Actual Startup Time": 697.212, "Actual Total Time": 1703.364, "Actual Rows": 121, "Actual Loops": 1, "Inner Unique": true, "Plans": [{"Node Type": "Nested Loop", "Parent Relationship": "Outer", "Join Type": "Inner", "Startup Cost": 0.0, "Total Cost": 114986.69, "Plan Rows": 1, "Plan Width": 40, "Actual Startup Time": 689.723, "Actual Total Time": 1701.599, "Actual Rows": 341, "Actual Loops": 1, "Inner Unique": true, "Plans": [{"Node Type": "Nested Loop", "Parent Relationship": "Outer", "Join Type": "Inner", "Startup Cost": 0.0, "Total Cost": 114985.67, "Plan Rows": 2, "Plan Width": 28, "Actual Startup Time": 689.707, "Actual Total Time": 1700.005, "Actual Rows": 359, "Actual Loops": 1, "Inner Unique": true, "Plans": [{"Node Type": "Nested Loop", "Parent Relationship": "Outer", "Join Type": "Inner", "Startup Cost": 0.0, "Total Cost": 114984.04, "Plan Rows": 5, "Plan Width": 32, "Actual Startup Time": 689.678, "Actual Total Time": 1697.916, "Actual Rows": 373, "Actual Loops": 1, "Inner Unique": false, "Plans": [{"Node Type": "Nested Loop", "Parent Relationship": "Outer", "Join Type": "Inner", "Startup Cost": 0.0, "Total Cost": 114978.43, "Plan Rows": 13, "Plan Width": 24, "Actual Startup Time": 688.314, "Actual Total Time": 1693.763, "Actual Rows": 425, "Actual Loops": 1, "Inner Unique": false, "Join Filter": "(ci.role_id = rt.id)", "Rows Removed by Join Filter": 0, "Plans": [{"Node Type": "Seq Scan", "Parent Relationship": "Outer", "Relation Name": "role_type", "Alias": "rt", "Startup Cost": 0.0, "Total Cost": 1.15, "Plan Rows": 1, "Plan Width": 4, "Actual Startup Time": 0.039, "Actual Total Time": 0.045, "Actual Rows": 1, "Actual Loops": 1, "Filter": "((role)::text = 'actress'::text)", "Rows Removed by Filter": 11}, {"Node Type": "Nested Loop", "Parent Relationship": "Inner", "Join Type": "Inner", "Startup Cost": 0.0, "Total Cost": 114975.51, "Plan Rows": 141, "Plan Width": 28, "Actual Startup Time": 688.266, "Actual Total Time": 1693.541, "Actual Rows": 425, "Actual Loops": 1, "Inner Unique": false, "Join Filter": "(n.id = ci.person_id)", "Rows Removed by Join Filter": 0, "Plans": [{"Node Type": "Nested Loop", "Parent Relationship": "Outer", "Join Type": "Inner", "Startup Cost": 0.0, "Total Cost": 114700.23, "Plan Rows": 115, "Plan Width": 24, "Actual Startup Time": 673.28, "Actual Total Time": 1644.68, "Actual Rows": 1558, "Actual Loops": 1, "Inner Unique": false, "Plans": [{"Node Type": "Seq Scan", "Parent Relationship": "Outer", "Relation Name": "name", "Alias": "n", "Startup Cost": 0.0, "Total Cost": 113909.35, "Plan Rows": 96, "Plan Width": 4, "Actual Startup Time": 671.583, "Actual Total Time": 1622.951, "Actual Rows": 6768, "Actual Loops": 1, "Filter": "(((name)::text ~~ '%Ang%'::text) AND ((gender)::text = 'f'::text))", "Rows Removed by Filter": 4160722}, {"Node Type": "Index Scan", "Parent Relationship": "Inner", "Scan Direction": "Forward", "Index Name": "person_id_aka_name", "Relation Name": "aka_name", "Alias": "an", "Startup Cost": 0.0, "Total Cost": 8.23, "Plan Rows": 1, "Plan Width": 20, "Actual Startup Time": 16.878, "Actual Total Time": 17.626, "Actual Rows": 1558, "Actual Loops": 6768, "Index Cond": "(person_id = n.id)", "Rows Removed by Index Recheck": 0}]}, {"Node Type": "Index Scan", "Parent Relationship": "Inner", "Scan Direction": "Forward", "Index Name": "person_id_cast_info", "Relation Name": "cast_info", "Alias": "ci", "Startup Cost": 0.0, "Total Cost": 2.38, "Plan Rows": 1, "Plan Width": 16, "Actual Startup Time": 43.065, "Actual Total Time": 47.745, "Actual Rows": 425, "Actual Loops": 1558, "Index Cond": "(person_id = an.person_id)", "Rows Removed by Index Recheck": 0, "Filter": "((note)::text = ANY ('{(voice),\"(voice: Japanese version)\",\"(voice) (uncredited)\",\"(voice: English version)\"}'::text[]))", "Rows Removed by Filter": 69057}]}]}, {"Node Type": "Index Scan", "Parent Relationship": "Inner", "Scan Direction": "Forward", "Index Name": "movie_id_movie_companies", "Relation Name": "movie_companies", "Alias": "mc", "Startup Cost": 0.0, "Total Cost": 0.42, "Plan Rows": 1, "Plan Width": 8, "Actual Startup Time": 2.627, "Actual Total Time": 3.738, "Actual Rows": 373, "Actual Loops": 425, "Index Cond": "(movie_id = ci.movie_id)", "Rows Removed by Index Recheck": 0, "Filter": "((note IS NOT NULL) AND (((note)::text ~~ '%(USA)%'::text) OR ((note)::text ~~ '%(worldwide)%'::text)))", "Rows Removed by Filter": 1538}]}, {"Node Type": "Index Scan", "Parent Relationship": "Inner", "Scan Direction": "Forward", "Index Name": "company_name_pkey", "Relation Name": "company_name", "Alias": "cn", "Startup Cost": 0.0, "Total Cost": 0.32, "Plan Rows": 1, "Plan Width": 4, "Actual Startup Time": 1.71, "Actual Total Time": 1.71, "Actual Rows": 359, "Actual Loops": 373, "Index Cond": "(id = mc.company_id)", "Rows Removed by Index Recheck": 0, "Filter": "((country_code)::text = '[us]'::text)", "Rows Removed by Filter": 14}]}, {"Node Type": "Index Scan", "Parent Relationship": "Inner", "Scan Direction": "Forward", "Index Name": "char_name_pkey", "Relation Name": "char_name", "Alias": "chn", "Startup Cost": 0.0, "Total Cost": 0.5, "Plan Rows": 1, "Plan Width": 20, "Actual Startup Time": 1.241, "Actual Total Time": 1.241, "Actual Rows": 341, "Actual Loops": 359, "Index Cond": "(id = ci.person_role_id)", "Rows Removed by Index Recheck": 0}]}, {"Node Type": "Index Scan", "Parent Relationship": "Inner", "Scan Direction": "Forward", "Index Name": "title_pkey", "Relation Name": "title", "Alias": "t", "Startup Cost": 0.0, "Total Cost": 0.49, "Plan Rows": 1, "Plan Width": 21, "Actual Startup Time": 1.484, "Actual Total Time": 1.484, "Actual Rows": 121, "Actual Loops": 341, "Index Cond": "(id = ci.movie_id)", "Rows Removed by Index Recheck": 0, "Filter": "((production_year >= 2005) AND (production_year <= 2015))", "Rows Removed by Filter": 220}]}]}, "Triggers": [], "Planner Runtime": 8, "Total Runtime": 1704.04, "Unique SQL Id": 3431223514}}, "(1, 21)": {"explain_plan": {"Plan": {"Node Type": "Aggregate", "Strategy": "Plain", "Startup Cost": 198159.35, "Total Cost": 198159.36, "Plan Rows": 1, "Plan Width": 145, "Plans": [{"Node Type": "Nested Loop", "Parent Relationship": "Outer", "Join Type": "Inner", "Startup Cost": 0.0, "Total Cost": 198159.35, "Plan Rows": 1, "Plan Width": 49, "Inner Unique": true, "Plans": [{"Node Type": "Nested Loop", "Parent Relationship": "Outer", "Join Type": "Inner", "Startup Cost": 0.0, "Total Cost": 198158.85, "Plan Rows": 1, "Plan Width": 40, "Inner Unique": true, "Plans": [{"Node Type": "Nested Loop", "Parent Relationship": "Outer", "Join Type": "Inner", "Startup Cost": 0.0, "Total Cost": 198157.83, "Plan Rows": 2, "Plan Width": 28, "Inner Unique": true, "Plans": [{"Node Type": "Nested Loop", "Parent Relationship": "Outer", "Join Type": "Inner", "Startup Cost": 0.0, "Total Cost": 198156.19, "Plan Rows": 5, "Plan Width": 32, "Inner Unique": false, "Plans": [{"Node Type": "Nested Loop", "Parent Relationship": "Outer", "Join Type": "Inner", "Startup Cost": 0.0, "Total Cost": 198150.58, "Plan Rows": 13, "Plan Width": 24, "Inner Unique": false, "Join Filter": "(ci.role_id = rt.id)", "Plans": [{"Node Type": "Index Scan", "Parent Relationship": "Outer", "Scan Direction": "Forward", "Index Name": "role_type_pkey", "Relation Name": "role_type", "Alias": "rt", "Startup Cost": 0.0, "Total Cost": 12.46, "Plan Rows": 1, "Plan Width": 4, "Filter": "((role)::text = 'actress'::text)"}, {"Node Type": "Nested Loop", "Parent Relationship": "Inner", "Join Type": "Inner", "Startup Cost": 0.0, "Total Cost": 198136.36, "Plan Rows": 141, "Plan Width": 28, "Inner Unique": false, "Join Filter": "(n.id = ci.person_id)", "Plans": [{"Node Type": "Nested Loop", "Parent Relationship": "Outer", "Join Type": "Inner", "Startup Cost": 0.0, "Total Cost": 197861.08, "Plan Rows": 115, "Plan Width": 24, "Inner Unique": false, "Plans": [{"Node Type": "Index Scan", "Parent Relationship": "Outer", "Scan Direction": "Forward", "Index Name": "name_pkey", "Relation Name": "name", "Alias": "n", "Startup Cost": 0.0, "Total Cost": 197070.2, "Plan Rows": 96, "Plan Width": 4, "Filter": "(((name)::text ~~ '%Ang%'::text) AND ((gender)::text = 'f'::text))"}, {"Node Type": "Index Scan", "Parent Relationship": "Inner", "Scan Direction": "Forward", "Index Name": "person_id_aka_name", "Relation Name": "aka_name", "Alias": "an", "Startup Cost": 0.0, "Total Cost": 8.23, "Plan Rows": 1, "Plan Width": 20, "Index Cond": "(person_id = n.id)"}]}, {"Node Type": "Index Scan", "Parent Relationship": "Inner", "Scan Direction": "Forward", "Index Name": "person_id_cast_info", "Relation Name": "cast_info", "Alias": "ci", "Startup Cost": 0.0, "Total Cost": 2.38, "Plan Rows": 1, "Plan Width": 16, "Index Cond": "(person_id = an.person_id)", "Filter": "((note)::text = ANY ('{(voice),\"(voice: Japanese version)\",\"(voice) (uncredited)\",\"(voice: English version)\"}'::text[]))"}]}]}, {"Node Type": "Index Scan", "Parent Relationship": "Inner", "Scan Direction": "Forward", "Index Name": "movie_id_movie_companies", "Relation Name": "movie_companies", "Alias": "mc", "Startup Cost": 0.0, "Total Cost": 0.42, "Plan Rows": 1, "Plan Width": 8, "Index Cond": "(movie_id = ci.movie_id)", "Filter": "((note IS NOT NULL) AND (((note)::text ~~ '%(USA)%'::text) OR ((note)::text ~~ '%(worldwide)%'::text)))"}]}, {"Node Type": "Index Scan", "Parent Relationship": "Inner", "Scan Direction": "Forward", "Index Name": "company_name_pkey", "Relation Name": "company_name", "Alias": "cn", "Startup Cost": 0.0, "Total Cost": 0.32, "Plan Rows": 1, "Plan Width": 4, "Index Cond": "(id = mc.company_id)", "Filter": "((country_code)::text = '[us]'::text)"}]}, {"Node Type": "Index Scan", "Parent Relationship": "Inner", "Scan Direction": "Forward", "Index Name": "char_name_pkey", "Relation Name": "char_name", "Alias": "chn", "Startup Cost": 0.0, "Total Cost": 0.5, "Plan Rows": 1, "Plan Width": 20, "Index Cond": "(id = ci.person_role_id)"}]}, {"Node Type": "Index Scan", "Parent Relationship": "Inner", "Scan Direction": "Forward", "Index Name": "title_pkey", "Relation Name": "title", "Alias": "t", "Startup Cost": 0.0, "Total Cost": 0.49, "Plan Rows": 1, "Plan Width": 21, "Index Cond": "(id = ci.movie_id)", "Filter": "((production_year >= 2005) AND (production_year <= 2015))"}]}]}, "Unique SQL Id": 3431223514, "Planner Runtime": 55}, "explain_analyze_plan": null}, "(1, 22)": {"explain_plan": {"Plan": {"Node Type": "Aggregate", "Strategy": "Plain", "Startup Cost": 115411.92, "Total Cost": 115411.93, "Plan Rows": 1, "Plan Width": 145, "Plans": [{"Node Type": "Nested Loop", "Parent Relationship": "Outer", "Join Type": "Inner", "Startup Cost": 6.41, "Total Cost": 115411.91, "Plan Rows": 2, "Plan Width": 49, "Inner Unique": true, "Plans": [{"Node Type": "Nested Loop", "Parent Relationship": "Outer", "Join Type": "Inner", "Startup Cost": 6.11, "Total Cost": 115403.25, "Plan Rows": 2, "Plan Width": 40, "Inner Unique": true, "Plans": [{"Node Type": "Nested Loop", "Parent Relationship": "Outer", "Join Type": "Inner", "Startup Cost": 5.85, "Total Cost": 115394.67, "Plan Rows": 2, "Plan Width": 44, "Inner Unique": true, "Plans": [{"Node Type": "Nested Loop", "Parent Relationship": "Outer", "Join Type": "Inner", "Startup Cost": 5.53, "Total Cost": 115372.99, "Plan Rows": 5, "Plan Width": 32, "Inner Unique": false, "Plans": [{"Node Type": "Nested Loop", "Parent Relationship": "Outer", "Join Type": "Inner", "Startup Cost": 5.22, "Total Cost": 115316.36, "Plan Rows": 13, "Plan Width": 24, "Inner Unique": false, "Join Filter": "(ci.role_id = rt.id)", "Plans": [{"Node Type": "Seq Scan", "Parent Relationship": "Outer", "Relation Name": "role_type", "Alias": "rt", "Startup Cost": 0.0, "Total Cost": 1.15, "Plan Rows": 1, "Plan Width": 4, "Filter": "((role)::text = 'actress'::text)"}, {"Node Type": "Nested Loop", "Parent Relationship": "Inner", "Join Type": "Inner", "Startup Cost": 5.22, "Total Cost": 115313.45, "Plan Rows": 141, "Plan Width": 28, "Inner Unique": false, "Join Filter": "(n.id = ci.person_id)", "Plans": [{"Node Type": "Nested Loop", "Parent Relationship": "Outer", "Join Type": "Inner", "Startup Cost": 4.22, "Total Cost": 114700.25, "Plan Rows": 115, "Plan Width": 24, "Inner Unique": false, "Plans": [{"Node Type": "Seq Scan", "Parent Relationship": "Outer", "Relation Name": "name", "Alias": "n", "Startup Cost": 0.0, "Total Cost": 113909.35, "Plan Rows": 96, "Plan Width": 4, "Filter": "(((name)::text ~~ '%Ang%'::text) AND ((gender)::text = 'f'::text))"}, {"Node Type": "Bitmap Heap Scan", "Parent Relationship": "Inner", "Relation Name": "aka_name", "Alias": "an", "Startup Cost": 4.22, "Total Cost": 8.23, "Plan Rows": 1, "Plan Width": 20, "Recheck Cond": "(person_id = n.id)", "Plans": [{"Node Type": "Bitmap Index Scan", "Parent Relationship": "Outer", "Index Name": "person_id_aka_name", "Startup Cost": 0.0, "Total Cost": 4.22, "Plan Rows": 1, "Plan Width": 0, "Index Cond": "(person_id = n.id)"}]}]}, {"Node Type": "Bitmap Heap Scan", "Parent Relationship": "Inner", "Relation Name": "cast_info", "Alias": "ci", "Startup Cost": 1.0, "Total Cost": 5.32, "Plan Rows": 1, "Plan Width": 16, "Recheck Cond": "(person_id = an.person_id)", "Filter": "((note)::text = ANY ('{(voice),\"(voice: Japanese version)\",\"(voice) (uncredited)\",\"(voice: English version)\"}'::text[]))", "Plans": [{"Node Type": "Bitmap Index Scan", "Parent Relationship": "Outer", "Index Name": "person_id_cast_info", "Startup Cost": 0.0, "Total Cost": 1.0, "Plan Rows": 18, "Plan Width": 0, "Index Cond": "(person_id = an.person_id)"}]}]}]}, {"Node Type": "Bitmap Heap Scan", "Parent Relationship": "Inner", "Relation Name": "movie_companies", "Alias": "mc", "Startup Cost": 0.31, "Total Cost": 4.35, "Plan Rows": 1, "Plan Width": 8, "Recheck Cond": "(movie_id = ci.movie_id)", "Filter": "((note IS NOT NULL) AND (((note)::text ~~ '%(USA)%'::text) OR ((note)::text ~~ '%(worldwide)%'::text)))", "Plans": [{"Node Type": "Bitmap Index Scan", "Parent Relationship": "Outer", "Index Name": "movie_id_movie_companies", "Startup Cost": 0.0, "Total Cost": 0.31, "Plan Rows": 2, "Plan Width": 0, "Index Cond": "(movie_id = ci.movie_id)"}]}]}, {"Node Type": "Bitmap Heap Scan", "Parent Relationship": "Inner", "Relation Name": "char_name", "Alias": "chn", "Startup Cost": 0.31, "Total Cost": 4.33, "Plan Rows": 1, "Plan Width": 20, "Recheck Cond": "(id = ci.person_role_id)", "Plans": [{"Node Type": "Bitmap Index Scan", "Parent Relationship": "Outer", "Index Name": "char_name_pkey", "Startup Cost": 0.0, "Total Cost": 0.31, "Plan Rows": 1, "Plan Width": 0, "Index Cond": "(id = ci.person_role_id)"}]}]}, {"Node Type": "Bitmap Heap Scan", "Parent Relationship": "Inner", "Relation Name": "company_name", "Alias": "cn", "Startup Cost": 0.26, "Total Cost": 4.28, "Plan Rows": 1, "Plan Width": 4, "Recheck Cond": "(id = mc.company_id)", "Filter": "((country_code)::text = '[us]'::text)", "Plans": [{"Node Type": "Bitmap Index Scan", "Parent Relationship": "Outer", "Index Name": "company_name_pkey", "Startup Cost": 0.0, "Total Cost": 0.26, "Plan Rows": 1, "Plan Width": 0, "Index Cond": "(id = mc.company_id)"}]}]}, {"Node Type": "Bitmap Heap Scan", "Parent Relationship": "Inner", "Relation Name": "title", "Alias": "t", "Startup Cost": 0.3, "Total Cost": 4.32, "Plan Rows": 1, "Plan Width": 21, "Recheck Cond": "(id = ci.movie_id)", "Filter": "((production_year >= 2005) AND (production_year <= 2015))", "Plans": [{"Node Type": "Bitmap Index Scan", "Parent Relationship": "Outer", "Index Name": "title_pkey", "Startup Cost": 0.0, "Total Cost": 0.3, "Plan Rows": 1, "Plan Width": 0, "Index Cond": "(id = ci.movie_id)"}]}]}]}, "Unique SQL Id": 3431223514, "Planner Runtime": 44}, "explain_analyze_plan": {"Plan": {"Node Type": "Aggregate", "Strategy": "Plain", "Startup Cost": 115411.92, "Total Cost": 115411.93, "Plan Rows": 1, "Plan Width": 145, "Actual Startup Time": 1709.38, "Actual Total Time": 1709.381, "Actual Rows": 1, "Actual Loops": 1, "Plans": [{"Node Type": "Nested Loop", "Parent Relationship": "Outer", "Join Type": "Inner", "Startup Cost": 6.41, "Total Cost": 115411.91, "Plan Rows": 2, "Plan Width": 49, "Actual Startup Time": 699.471, "Actual Total Time": 1709.105, "Actual Rows": 121, "Actual Loops": 1, "Inner Unique": true, "Plans": [{"Node Type": "Nested Loop", "Parent Relationship": "Outer", "Join Type": "Inner", "Startup Cost": 6.11, "Total Cost": 115403.25, "Plan Rows": 2, "Plan Width": 40, "Actual Startup Time": 691.26, "Actual Total Time": 1706.814, "Actual Rows": 341, "Actual Loops": 1, "Inner Unique": true, "Plans": [{"Node Type": "Nested Loop", "Parent Relationship": "Outer", "Join Type": "Inner", "Startup Cost": 5.85, "Total Cost": 115394.67, "Plan Rows": 2, "Plan Width": 44, "Actual Startup Time": 691.228, "Actual Total Time": 1704.451, "Actual Rows": 348, "Actual Loops": 1, "Inner Unique": true, "Plans": [{"Node Type": "Nested Loop", "Parent Relationship": "Outer", "Join Type": "Inner", "Startup Cost": 5.53, "Total Cost": 115372.99, "Plan Rows": 5, "Plan Width": 32, "Actual Startup Time": 691.211, "Actual Total Time": 1702.135, "Actual Rows": 373, "Actual Loops": 1, "Inner Unique": false, "Plans": [{"Node Type": "Nested Loop", "Parent Relationship": "Outer", "Join Type": "Inner", "Startup Cost": 5.22, "Total Cost": 115316.36, "Plan Rows": 13, "Plan Width": 24, "Actual Startup Time": 689.644, "Actual Total Time": 1696.664, "Actual Rows": 425, "Actual Loops": 1, "Inner Unique": false, "Join Filter": "(ci.role_id = rt.id)", "Rows Removed by Join Filter": 0, "Plans": [{"Node Type": "Seq Scan", "Parent Relationship": "Outer", "Relation Name": "role_type", "Alias": "rt", "Startup Cost": 0.0, "Total Cost": 1.15, "Plan Rows": 1, "Plan Width": 4, "Actual Startup Time": 0.026, "Actual Total Time": 0.032, "Actual Rows": 1, "Actual Loops": 1, "Filter": "((role)::text = 'actress'::text)", "Rows Removed by Filter": 11}, {"Node Type": "Nested Loop", "Parent Relationship": "Inner", "Join Type": "Inner", "Startup Cost": 5.22, "Total Cost": 115313.45, "Plan Rows": 141, "Plan Width": 28, "Actual Startup Time": 689.61, "Actual Total Time": 1696.417, "Actual Rows": 425, "Actual Loops": 1, "Inner Unique": false, "Join Filter": "(n.id = ci.person_id)", "Rows Removed by Join Filter": 0, "Plans": [{"Node Type": "Nested Loop", "Parent Relationship": "Outer", "Join Type": "Inner", "Startup Cost": 4.22, "Total Cost": 114700.25, "Plan Rows": 115, "Plan Width": 24, "Actual Startup Time": 673.784, "Actual Total Time": 1646.247, "Actual Rows": 1558, "Actual Loops": 1, "Inner Unique": false, "Plans": [{"Node Type": "Seq Scan", "Parent Relationship": "Outer", "Relation Name": "name", "Alias": "n", "Startup Cost": 0.0, "Total Cost": 113909.35, "Plan Rows": 96, "Plan Width": 4, "Actual Startup Time": 672.02, "Actual Total Time": 1615.306, "Actual Rows": 6768, "Actual Loops": 1, "Filter": "(((name)::text ~~ '%Ang%'::text) AND ((gender)::text = 'f'::text))", "Rows Removed by Filter": 4160722}, {"Node Type": "Bitmap Heap Scan", "Parent Relationship": "Inner", "Relation Name": "aka_name", "Alias": "an", "Startup Cost": 4.22, "Total Cost": 8.23, "Plan Rows": 1, "Plan Width": 20, "Actual Startup Time": 22.357, "Actual Total Time": 22.816, "Actual Rows": 1558, "Actual Loops": 6768, "Recheck Cond": "(person_id = n.id)", "Rows Removed by Index Recheck": 0, "Exact Heap Blocks": 1014, "Lossy Heap Blocks": 1014, "Plans": [{"Node Type": "Bitmap Index Scan", "Parent Relationship": "Outer", "Index Name": "person_id_aka_name", "Startup Cost": 0.0, "Total Cost": 4.22, "Plan Rows": 1, "Plan Width": 0, "Actual Startup Time": 17.113, "Actual Total Time": 17.113, "Actual Rows": 1558, "Actual Loops": 6768, "Index Cond": "(person_id = n.id)"}]}]}, {"Node Type": "Bitmap Heap Scan", "Parent Relationship": "Inner", "Relation Name": "cast_info", "Alias": "ci", "Startup Cost": 1.0, "Total Cost": 5.32, "Plan Rows": 1, "Plan Width": 16, "Actual Startup Time": 44.607, "Actual Total Time": 47.833, "Actual Rows": 425, "Actual Loops": 1558, "Recheck Cond": "(person_id = an.person_id)", "Rows Removed by Index Recheck": 0, "Filter": "((note)::text = ANY ('{(voice),\"(voice: Japanese version)\",\"(voice) (uncredited)\",\"(voice: English version)\"}'::text[]))", "Rows Removed by Filter": 69057, "Exact Heap Blocks": 2627, "Lossy Heap Blocks": 2627, "Plans": [{"Node Type": "Bitmap Index Scan", "Parent Relationship": "Outer", "Index Name": "person_id_cast_info", "Startup Cost": 0.0, "Total Cost": 1.0, "Plan Rows": 18, "Plan Width": 0, "Actual Startup Time": 13.956, "Actual Total Time": 13.956, "Actual Rows": 69482, "Actual Loops": 1558, "Index Cond": "(person_id = an.person_id)"}]}]}]}, {"Node Type": "Bitmap Heap Scan", "Parent Relationship": "Inner", "Relation Name": "movie_companies", "Alias": "mc", "Startup Cost": 0.31, "Total Cost": 4.35, "Plan Rows": 1, "Plan Width": 8, "Actual Startup Time": 3.797, "Actual Total Time": 4.718, "Actual Rows": 373, "Actual Loops": 425, "Recheck Cond": "(movie_id = ci.movie_id)", "Rows Removed by Index Recheck": 0, "Filter": "((note IS NOT NULL) AND (((note)::text ~~ '%(USA)%'::text) OR ((note)::text ~~ '%(worldwide)%'::text)))", "Rows Removed by Filter": 1538, "Exact Heap Blocks": 580, "Lossy Heap Blocks": 580, "Plans": [{"Node Type": "Bitmap Index Scan", "Parent Relationship": "Outer", "Index Name": "movie_id_movie_companies", "Startup Cost": 0.0, "Total Cost": 0.31, "Plan Rows": 2, "Plan Width": 0, "Actual Startup Time": 2.001, "Actual Total Time": 2.001, "Actual Rows": 1911, "Actual Loops": 425, "Index Cond": "(movie_id = ci.movie_id)"}]}]}, {"Node Type": "Bitmap Heap Scan", "Parent Relationship": "Inner", "Relation Name": "char_name", "Alias": "chn", "Startup Cost": 0.31, "Total Cost": 4.33, "Plan Rows": 1, "Plan Width": 20, "Actual Startup Time": 1.723, "Actual Total Time": 1.723, "Actual Rows": 348, "Actual Loops": 373, "Recheck Cond": "(id = ci.person_role_id)", "Rows Removed by Index Recheck": 0, "Exact Heap Blocks": 348, "Lossy Heap Blocks": 348, "Plans": [{"Node Type": "Bitmap Index Scan", "Parent Relationship": "Outer", "Index Name": "char_name_pkey", "Startup Cost": 0.0, "Total Cost": 0.31, "Plan Rows": 1, "Plan Width": 0, "Actual Startup Time": 1.093, "Actual Total Time": 1.093, "Actual Rows": 348, "Actual Loops": 373, "Index Cond": "(id = ci.person_role_id)"}]}]}, {"Node Type": "Bitmap Heap Scan", "Parent Relationship": "Inner", "Relation Name": "company_name", "Alias": "cn", "Startup Cost": 0.26, "Total Cost": 4.28, "Plan Rows": 1, "Plan Width": 4, "Actual Startup Time": 1.817, "Actual Total Time": 1.817, "Actual Rows": 341, "Actual Loops": 348, "Recheck Cond": "(id = mc.company_id)", "Rows Removed by Index Recheck": 0, "Filter": "((country_code)::text = '[us]'::text)", "Rows Removed by Filter": 7, "Exact Heap Blocks": 348, "Lossy Heap Blocks": 348, "Plans": [{"Node Type": "Bitmap Index Scan", "Parent Relationship": "Outer", "Index Name": "company_name_pkey", "Startup Cost": 0.0, "Total Cost": 0.26, "Plan Rows": 1, "Plan Width": 0, "Actual Startup Time": 1.008, "Actual Total Time": 1.008, "Actual Rows": 348, "Actual Loops": 348, "Index Cond": "(id = mc.company_id)"}]}]}, {"Node Type": "Bitmap Heap Scan", "Parent Relationship": "Inner", "Relation Name": "title", "Alias": "t", "Startup Cost": 0.3, "Total Cost": 4.32, "Plan Rows": 1, "Plan Width": 21, "Actual Startup Time": 1.8, "Actual Total Time": 1.8, "Actual Rows": 121, "Actual Loops": 341, "Recheck Cond": "(id = ci.movie_id)", "Rows Removed by Index Recheck": 0, "Filter": "((production_year >= 2005) AND (production_year <= 2015))", "Rows Removed by Filter": 220, "Exact Heap Blocks": 341, "Lossy Heap Blocks": 341, "Plans": [{"Node Type": "Bitmap Index Scan", "Parent Relationship": "Outer", "Index Name": "title_pkey", "Startup Cost": 0.0, "Total Cost": 0.3, "Plan Rows": 1, "Plan Width": 0, "Actual Startup Time": 1.083, "Actual Total Time": 1.083, "Actual Rows": 341, "Actual Loops": 341, "Index Cond": "(id = ci.movie_id)"}]}]}]}, "Triggers": [], "Planner Runtime": 44, "Total Runtime": 1709.771, "Unique SQL Id": 3431223514}}, "(1, 23)": {"explain_plan": {"Plan": {"Node Type": "Aggregate", "Strategy": "Plain", "Startup Cost": 1000016655188.3, "Total Cost": 1000016655188.31, "Plan Rows": 1, "Plan Width": 145, "Plans": [{"Node Type": "Nested Loop", "Parent Relationship": "Outer", "Join Type": "Inner", "Startup Cost": 10000000002.78, "Total Cost": 1000016655188.3, "Plan Rows": 1, "Plan Width": 49, "Inner Unique": true, "Join Filter": "(ci.person_id = n.id)", "Plans": [{"Node Type": "Nested Loop", "Parent Relationship": "Outer", "Join Type": "Inner", "Startup Cost": 10000000002.45, "Total Cost": 1000016612909.02, "Plan Rows": 9704, "Plan Width": 57, "Inner Unique": true, "Plans": [{"Node Type": "Nested Loop", "Parent Relationship": "Outer", "Join Type": "Inner", "Startup Cost": 10000000002.15, "Total Cost": 1000016578899.44, "Plan Rows": 7855, "Plan Width": 48, "Inner Unique": true, "Plans": [{"Node Type": "Nested Loop", "Parent Relationship": "Outer", "Join Type": "Inner", "Startup Cost": 10000000001.89, "Total Cost": 1000016510409.12, "Plan Rows": 15972, "Plan Width": 52, "Inner Unique": true, "Plans": [{"Node Type": "Nested Loop", "Parent Relationship": "Outer", "Join Type": "Inner", "Startup Cost": 10000000001.57, "Total Cost": 1000016367541.65, "Plan Rows": 32949, "Plan Width": 40, "Inner Unique": false, "Plans": [{"Node Type": "Nested Loop", "Parent Relationship": "Outer", "Join Type": "Inner", "Startup Cost": 10000000001.26, "Total Cost": 1000015972498.77, "Plan Rows": 90685, "Plan Width": 32, "Inner Unique": true, "Plans": [{"Node Type": "Nested Loop", "Parent Relationship": "Outer", "Join Type": "Inner", "Startup Cost": 10000000001.0, "Total Cost": 1000011700317.58, "Plan Rows": 997530, "Plan Width": 36, "Inner Unique": false, "Plans": [{"Node Type": "Index Scan", "Parent Relationship": "Outer", "Scan Direction": "Forward", "Index Name": "person_id_aka_name", "Relation Name": "aka_name", "Alias": "an", "Startup Cost": 10000000000.0, "Total Cost": 1000006896503.43, "Plan Rows": 901342, "Plan Width": 20}, {"Node Type": "Bitmap Heap Scan", "Parent Relationship": "Inner", "Relation Name": "cast_info", "Alias": "ci", "Startup Cost": 1.0, "Total Cost": 5.32, "Plan Rows": 1, "Plan Width": 16, "Recheck Cond": "(person_id = an.person_id)", "Filter": "((note)::text = ANY ('{(voice),\"(voice: Japanese version)\",\"(voice) (uncredited)\",\"(voice: English version)\"}'::text[]))", "Plans": [{"Node Type": "Bitmap Index Scan", "Parent Relationship": "Outer", "Index Name": "person_id_cast_info", "Startup Cost": 0.0, "Total Cost": 1.0, "Plan Rows": 18, "Plan Width": 0, "Index Cond": "(person_id = an.person_id)"}]}]}, {"Node Type": "Bitmap Heap Scan", "Parent Relationship": "Inner", "Relation Name": "role_type", "Alias": "rt", "Startup Cost": 0.26, "Total Cost": 4.27, "Plan Rows": 1, "Plan Width": 4, "Recheck Cond": "(id = ci.role_id)", "Filter": "((role)::text = 'actress'::text)", "Plans": [{"Node Type": "Bitmap Index Scan", "Parent Relationship": "Outer", "Index Name": "role_type_pkey", "Startup Cost": 0.0, "Total Cost": 0.26, "Plan Rows": 1, "Plan Width": 0, "Index Cond": "(id = ci.role_id)"}]}]}, {"Node Type": "Bitmap Heap Scan", "Parent Relationship": "Inner", "Relation Name": "movie_companies", "Alias": "mc", "Startup Cost": 0.31, "Total Cost": 4.35, "Plan Rows": 1, "Plan Width": 8, "Recheck Cond": "(movie_id = ci.movie_id)", "Filter": "((note IS NOT NULL) AND (((note)::text ~~ '%(USA)%'::text) OR ((note)::text ~~ '%(worldwide)%'::text)))", "Plans": [{"Node Type": "Bitmap Index Scan", "Parent Relationship": "Outer", "Index Name": "movie_id_movie_companies", "Startup Cost": 0.0, "Total Cost": 0.31, "Plan Rows": 2, "Plan Width": 0, "Index Cond": "(movie_id = ci.movie_id)"}]}]}, {"Node Type": "Bitmap Heap Scan", "Parent Relationship": "Inner", "Relation Name": "char_name", "Alias": "chn", "Startup Cost": 0.31, "Total Cost": 4.33, "Plan Rows": 1, "Plan Width": 20, "Recheck Cond": "(id = ci.person_role_id)", "Plans": [{"Node Type": "Bitmap Index Scan", "Parent Relationship": "Outer", "Index Name": "char_name_pkey", "Startup Cost": 0.0, "Total Cost": 0.31, "Plan Rows": 1, "Plan Width": 0, "Index Cond": "(id = ci.person_role_id)"}]}]}, {"Node Type": "Bitmap Heap Scan", "Parent Relationship": "Inner", "Relation Name": "company_name", "Alias": "cn", "Startup Cost": 0.26, "Total Cost": 4.28, "Plan Rows": 1, "Plan Width": 4, "Recheck Cond": "(id = mc.company_id)", "Filter": "((country_code)::text = '[us]'::text)", "Plans": [{"Node Type": "Bitmap Index Scan", "Parent Relationship": "Outer", "Index Name": "company_name_pkey", "Startup Cost": 0.0, "Total Cost": 0.26, "Plan Rows": 1, "Plan Width": 0, "Index Cond": "(id = mc.company_id)"}]}]}, {"Node Type": "Bitmap Heap Scan", "Parent Relationship": "Inner", "Relation Name": "title", "Alias": "t", "Startup Cost": 0.3, "Total Cost": 4.32, "Plan Rows": 1, "Plan Width": 21, "Recheck Cond": "(id = ci.movie_id)", "Filter": "((production_year >= 2005) AND (production_year <= 2015))", "Plans": [{"Node Type": "Bitmap Index Scan", "Parent Relationship": "Outer", "Index Name": "title_pkey", "Startup Cost": 0.0, "Total Cost": 0.3, "Plan Rows": 1, "Plan Width": 0, "Index Cond": "(id = ci.movie_id)"}]}]}, {"Node Type": "Bitmap Heap Scan", "Parent Relationship": "Inner", "Relation Name": "name", "Alias": "n", "Startup Cost": 0.33, "Total Cost": 4.34, "Plan Rows": 1, "Plan Width": 4, "Recheck Cond": "(id = an.person_id)", "Filter": "(((name)::text ~~ '%Ang%'::text) AND ((gender)::text = 'f'::text))", "Plans": [{"Node Type": "Bitmap Index Scan", "Parent Relationship": "Outer", "Index Name": "name_pkey", "Startup Cost": 0.0, "Total Cost": 0.33, "Plan Rows": 1, "Plan Width": 0, "Index Cond": "(id = an.person_id)"}]}]}]}, "Unique SQL Id": 3431223514, "Planner Runtime": 13}, "explain_analyze_plan": null}, "(1, 24)": {"explain_plan": {"Plan": {"Node Type": "Aggregate", "Strategy": "Plain", "Startup Cost": 114987.2, "Total Cost": 114987.21, "Plan Rows": 1, "Plan Width": 145, "Plans": [{"Node Type": "Nested Loop", "Parent Relationship": "Outer", "Join Type": "Inner", "Startup Cost": 0.0, "Total Cost": 114987.19, "Plan Rows": 1, "Plan Width": 49, "Inner Unique": true, "Plans": [{"Node Type": "Nested Loop", "Parent Relationship": "Outer", "Join Type": "Inner", "Startup Cost": 0.0, "Total Cost": 114986.69, "Plan Rows": 1, "Plan Width": 40, "Inner Unique": true, "Plans": [{"Node Type": "Nested Loop", "Parent Relationship": "Outer", "Join Type": "Inner", "Startup Cost": 0.0, "Total Cost": 114985.67, "Plan Rows": 2, "Plan Width": 28, "Inner Unique": true, "Plans": [{"Node Type": "Nested Loop", "Parent Relationship": "Outer", "Join Type": "Inner", "Startup Cost": 0.0, "Total Cost": 114984.04, "Plan Rows": 5, "Plan Width": 32, "Inner Unique": false, "Plans": [{"Node Type": "Nested Loop", "Parent Relationship": "Outer", "Join Type": "Inner", "Startup Cost": 0.0, "Total Cost": 114978.43, "Plan Rows": 13, "Plan Width": 24, "Inner Unique": false, "Join Filter": "(ci.role_id = rt.id)", "Plans": [{"Node Type": "Seq Scan", "Parent Relationship": "Outer", "Relation Name": "role_type", "Alias": "rt", "Startup Cost": 0.0, "Total Cost": 1.15, "Plan Rows": 1, "Plan Width": 4, "Filter": "((role)::text = 'actress'::text)"}, {"Node Type": "Nested Loop", "Parent Relationship": "Inner", "Join Type": "Inner", "Startup Cost": 0.0, "Total Cost": 114975.51, "Plan Rows": 141, "Plan Width": 28, "Inner Unique": false, "Join Filter": "(n.id = ci.person_id)", "Plans": [{"Node Type": "Nested Loop", "Parent Relationship": "Outer", "Join Type": "Inner", "Startup Cost": 0.0, "Total Cost": 114700.23, "Plan Rows": 115, "Plan Width": 24, "Inner Unique": false, "Plans": [{"Node Type": "Seq Scan", "Parent Relationship": "Outer", "Relation Name": "name", "Alias": "n", "Startup Cost": 0.0, "Total Cost": 113909.35, "Plan Rows": 96, "Plan Width": 4, "Filter": "(((name)::text ~~ '%Ang%'::text) AND ((gender)::text = 'f'::text))"}, {"Node Type": "Index Scan", "Parent Relationship": "Inner", "Scan Direction": "Forward", "Index Name": "person_id_aka_name", "Relation Name": "aka_name", "Alias": "an", "Startup Cost": 0.0, "Total Cost": 8.23, "Plan Rows": 1, "Plan Width": 20, "Index Cond": "(person_id = n.id)"}]}, {"Node Type": "Index Scan", "Parent Relationship": "Inner", "Scan Direction": "Forward", "Index Name": "person_id_cast_info", "Relation Name": "cast_info", "Alias": "ci", "Startup Cost": 0.0, "Total Cost": 2.38, "Plan Rows": 1, "Plan Width": 16, "Index Cond": "(person_id = an.person_id)", "Filter": "((note)::text = ANY ('{(voice),\"(voice: Japanese version)\",\"(voice) (uncredited)\",\"(voice: English version)\"}'::text[]))"}]}]}, {"Node Type": "Index Scan", "Parent Relationship": "Inner", "Scan Direction": "Forward", "Index Name": "movie_id_movie_companies", "Relation Name": "movie_companies", "Alias": "mc", "Startup Cost": 0.0, "Total Cost": 0.42, "Plan Rows": 1, "Plan Width": 8, "Index Cond": "(movie_id = ci.movie_id)", "Filter": "((note IS NOT NULL) AND (((note)::text ~~ '%(USA)%'::text) OR ((note)::text ~~ '%(worldwide)%'::text)))"}]}, {"Node Type": "Index Scan", "Parent Relationship": "Inner", "Scan Direction": "Forward", "Index Name": "company_name_pkey", "Relation Name": "company_name", "Alias": "cn", "Startup Cost": 0.0, "Total Cost": 0.32, "Plan Rows": 1, "Plan Width": 4, "Index Cond": "(id = mc.company_id)", "Filter": "((country_code)::text = '[us]'::text)"}]}, {"Node Type": "Index Scan", "Parent Relationship": "Inner", "Scan Direction": "Forward", "Index Name": "char_name_pkey", "Relation Name": "char_name", "Alias": "chn", "Startup Cost": 0.0, "Total Cost": 0.5, "Plan Rows": 1, "Plan Width": 20, "Index Cond": "(id = ci.person_role_id)"}]}, {"Node Type": "Index Scan", "Parent Relationship": "Inner", "Scan Direction": "Forward", "Index Name": "title_pkey", "Relation Name": "title", "Alias": "t", "Startup Cost": 0.0, "Total Cost": 0.49, "Plan Rows": 1, "Plan Width": 21, "Index Cond": "(id = ci.movie_id)", "Filter": "((production_year >= 2005) AND (production_year <= 2015))"}]}]}, "Unique SQL Id": 3431223514, "Planner Runtime": 52}, "explain_analyze_plan": {"Plan": {"Node Type": "Aggregate", "Strategy": "Plain", "Startup Cost": 114987.2, "Total Cost": 114987.21, "Plan Rows": 1, "Plan Width": 145, "Actual Startup Time": 1703.594, "Actual Total Time": 1703.595, "Actual Rows": 1, "Actual Loops": 1, "Plans": [{"Node Type": "Nested Loop", "Parent Relationship": "Outer", "Join Type": "Inner", "Startup Cost": 0.0, "Total Cost": 114987.19, "Plan Rows": 1, "Plan Width": 49, "Actual Startup Time": 697.212, "Actual Total Time": 1703.364, "Actual Rows": 121, "Actual Loops": 1, "Inner Unique": true, "Plans": [{"Node Type": "Nested Loop", "Parent Relationship": "Outer", "Join Type": "Inner", "Startup Cost": 0.0, "Total Cost": 114986.69, "Plan Rows": 1, "Plan Width": 40, "Actual Startup Time": 689.723, "Actual Total Time": 1701.599, "Actual Rows": 341, "Actual Loops": 1, "Inner Unique": true, "Plans": [{"Node Type": "Nested Loop", "Parent Relationship": "Outer", "Join Type": "Inner", "Startup Cost": 0.0, "Total Cost": 114985.67, "Plan Rows": 2, "Plan Width": 28, "Actual Startup Time": 689.707, "Actual Total Time": 1700.005, "Actual Rows": 359, "Actual Loops": 1, "Inner Unique": true, "Plans": [{"Node Type": "Nested Loop", "Parent Relationship": "Outer", "Join Type": "Inner", "Startup Cost": 0.0, "Total Cost": 114984.04, "Plan Rows": 5, "Plan Width": 32, "Actual Startup Time": 689.678, "Actual Total Time": 1697.916, "Actual Rows": 373, "Actual Loops": 1, "Inner Unique": false, "Plans": [{"Node Type": "Nested Loop", "Parent Relationship": "Outer", "Join Type": "Inner", "Startup Cost": 0.0, "Total Cost": 114978.43, "Plan Rows": 13, "Plan Width": 24, "Actual Startup Time": 688.314, "Actual Total Time": 1693.763, "Actual Rows": 425, "Actual Loops": 1, "Inner Unique": false, "Join Filter": "(ci.role_id = rt.id)", "Rows Removed by Join Filter": 0, "Plans": [{"Node Type": "Seq Scan", "Parent Relationship": "Outer", "Relation Name": "role_type", "Alias": "rt", "Startup Cost": 0.0, "Total Cost": 1.15, "Plan Rows": 1, "Plan Width": 4, "Actual Startup Time": 0.039, "Actual Total Time": 0.045, "Actual Rows": 1, "Actual Loops": 1, "Filter": "((role)::text = 'actress'::text)", "Rows Removed by Filter": 11}, {"Node Type": "Nested Loop", "Parent Relationship": "Inner", "Join Type": "Inner", "Startup Cost": 0.0, "Total Cost": 114975.51, "Plan Rows": 141, "Plan Width": 28, "Actual Startup Time": 688.266, "Actual Total Time": 1693.541, "Actual Rows": 425, "Actual Loops": 1, "Inner Unique": false, "Join Filter": "(n.id = ci.person_id)", "Rows Removed by Join Filter": 0, "Plans": [{"Node Type": "Nested Loop", "Parent Relationship": "Outer", "Join Type": "Inner", "Startup Cost": 0.0, "Total Cost": 114700.23, "Plan Rows": 115, "Plan Width": 24, "Actual Startup Time": 673.28, "Actual Total Time": 1644.68, "Actual Rows": 1558, "Actual Loops": 1, "Inner Unique": false, "Plans": [{"Node Type": "Seq Scan", "Parent Relationship": "Outer", "Relation Name": "name", "Alias": "n", "Startup Cost": 0.0, "Total Cost": 113909.35, "Plan Rows": 96, "Plan Width": 4, "Actual Startup Time": 671.583, "Actual Total Time": 1622.951, "Actual Rows": 6768, "Actual Loops": 1, "Filter": "(((name)::text ~~ '%Ang%'::text) AND ((gender)::text = 'f'::text))", "Rows Removed by Filter": 4160722}, {"Node Type": "Index Scan", "Parent Relationship": "Inner", "Scan Direction": "Forward", "Index Name": "person_id_aka_name", "Relation Name": "aka_name", "Alias": "an", "Startup Cost": 0.0, "Total Cost": 8.23, "Plan Rows": 1, "Plan Width": 20, "Actual Startup Time": 16.878, "Actual Total Time": 17.626, "Actual Rows": 1558, "Actual Loops": 6768, "Index Cond": "(person_id = n.id)", "Rows Removed by Index Recheck": 0}]}, {"Node Type": "Index Scan", "Parent Relationship": "Inner", "Scan Direction": "Forward", "Index Name": "person_id_cast_info", "Relation Name": "cast_info", "Alias": "ci", "Startup Cost": 0.0, "Total Cost": 2.38, "Plan Rows": 1, "Plan Width": 16, "Actual Startup Time": 43.065, "Actual Total Time": 47.745, "Actual Rows": 425, "Actual Loops": 1558, "Index Cond": "(person_id = an.person_id)", "Rows Removed by Index Recheck": 0, "Filter": "((note)::text = ANY ('{(voice),\"(voice: Japanese version)\",\"(voice) (uncredited)\",\"(voice: English version)\"}'::text[]))", "Rows Removed by Filter": 69057}]}]}, {"Node Type": "Index Scan", "Parent Relationship": "Inner", "Scan Direction": "Forward", "Index Name": "movie_id_movie_companies", "Relation Name": "movie_companies", "Alias": "mc", "Startup Cost": 0.0, "Total Cost": 0.42, "Plan Rows": 1, "Plan Width": 8, "Actual Startup Time": 2.627, "Actual Total Time": 3.738, "Actual Rows": 373, "Actual Loops": 425, "Index Cond": "(movie_id = ci.movie_id)", "Rows Removed by Index Recheck": 0, "Filter": "((note IS NOT NULL) AND (((note)::text ~~ '%(USA)%'::text) OR ((note)::text ~~ '%(worldwide)%'::text)))", "Rows Removed by Filter": 1538}]}, {"Node Type": "Index Scan", "Parent Relationship": "Inner", "Scan Direction": "Forward", "Index Name": "company_name_pkey", "Relation Name": "company_name", "Alias": "cn", "Startup Cost": 0.0, "Total Cost": 0.32, "Plan Rows": 1, "Plan Width": 4, "Actual Startup Time": 1.71, "Actual Total Time": 1.71, "Actual Rows": 359, "Actual Loops": 373, "Index Cond": "(id = mc.company_id)", "Rows Removed by Index Recheck": 0, "Filter": "((country_code)::text = '[us]'::text)", "Rows Removed by Filter": 14}]}, {"Node Type": "Index Scan", "Parent Relationship": "Inner", "Scan Direction": "Forward", "Index Name": "char_name_pkey", "Relation Name": "char_name", "Alias": "chn", "Startup Cost": 0.0, "Total Cost": 0.5, "Plan Rows": 1, "Plan Width": 20, "Actual Startup Time": 1.241, "Actual Total Time": 1.241, "Actual Rows": 341, "Actual Loops": 359, "Index Cond": "(id = ci.person_role_id)", "Rows Removed by Index Recheck": 0}]}, {"Node Type": "Index Scan", "Parent Relationship": "Inner", "Scan Direction": "Forward", "Index Name": "title_pkey", "Relation Name": "title", "Alias": "t", "Startup Cost": 0.0, "Total Cost": 0.49, "Plan Rows": 1, "Plan Width": 21, "Actual Startup Time": 1.484, "Actual Total Time": 1.484, "Actual Rows": 121, "Actual Loops": 341, "Index Cond": "(id = ci.movie_id)", "Rows Removed by Index Recheck": 0, "Filter": "((production_year >= 2005) AND (production_year <= 2015))", "Rows Removed by Filter": 220}]}]}, "Triggers": [], "Planner Runtime": 8, "Total Runtime": 1704.04, "Unique SQL Id": 3431223514}}, "(1, 25)": {"explain_plan": {"Plan": {"Node Type": "Aggregate", "Strategy": "Plain", "Startup Cost": 198159.35, "Total Cost": 198159.36, "Plan Rows": 1, "Plan Width": 145, "Plans": [{"Node Type": "Nested Loop", "Parent Relationship": "Outer", "Join Type": "Inner", "Startup Cost": 0.0, "Total Cost": 198159.35, "Plan Rows": 1, "Plan Width": 49, "Inner Unique": true, "Plans": [{"Node Type": "Nested Loop", "Parent Relationship": "Outer", "Join Type": "Inner", "Startup Cost": 0.0, "Total Cost": 198158.85, "Plan Rows": 1, "Plan Width": 40, "Inner Unique": true, "Plans": [{"Node Type": "Nested Loop", "Parent Relationship": "Outer", "Join Type": "Inner", "Startup Cost": 0.0, "Total Cost": 198157.83, "Plan Rows": 2, "Plan Width": 28, "Inner Unique": true, "Plans": [{"Node Type": "Nested Loop", "Parent Relationship": "Outer", "Join Type": "Inner", "Startup Cost": 0.0, "Total Cost": 198156.19, "Plan Rows": 5, "Plan Width": 32, "Inner Unique": false, "Plans": [{"Node Type": "Nested Loop", "Parent Relationship": "Outer", "Join Type": "Inner", "Startup Cost": 0.0, "Total Cost": 198150.58, "Plan Rows": 13, "Plan Width": 24, "Inner Unique": false, "Join Filter": "(ci.role_id = rt.id)", "Plans": [{"Node Type": "Index Scan", "Parent Relationship": "Outer", "Scan Direction": "Forward", "Index Name": "role_type_pkey", "Relation Name": "role_type", "Alias": "rt", "Startup Cost": 0.0, "Total Cost": 12.46, "Plan Rows": 1, "Plan Width": 4, "Filter": "((role)::text = 'actress'::text)"}, {"Node Type": "Nested Loop", "Parent Relationship": "Inner", "Join Type": "Inner", "Startup Cost": 0.0, "Total Cost": 198136.36, "Plan Rows": 141, "Plan Width": 28, "Inner Unique": false, "Join Filter": "(n.id = ci.person_id)", "Plans": [{"Node Type": "Nested Loop", "Parent Relationship": "Outer", "Join Type": "Inner", "Startup Cost": 0.0, "Total Cost": 197861.08, "Plan Rows": 115, "Plan Width": 24, "Inner Unique": false, "Plans": [{"Node Type": "Index Scan", "Parent Relationship": "Outer", "Scan Direction": "Forward", "Index Name": "name_pkey", "Relation Name": "name", "Alias": "n", "Startup Cost": 0.0, "Total Cost": 197070.2, "Plan Rows": 96, "Plan Width": 4, "Filter": "(((name)::text ~~ '%Ang%'::text) AND ((gender)::text = 'f'::text))"}, {"Node Type": "Index Scan", "Parent Relationship": "Inner", "Scan Direction": "Forward", "Index Name": "person_id_aka_name", "Relation Name": "aka_name", "Alias": "an", "Startup Cost": 0.0, "Total Cost": 8.23, "Plan Rows": 1, "Plan Width": 20, "Index Cond": "(person_id = n.id)"}]}, {"Node Type": "Index Scan", "Parent Relationship": "Inner", "Scan Direction": "Forward", "Index Name": "person_id_cast_info", "Relation Name": "cast_info", "Alias": "ci", "Startup Cost": 0.0, "Total Cost": 2.38, "Plan Rows": 1, "Plan Width": 16, "Index Cond": "(person_id = an.person_id)", "Filter": "((note)::text = ANY ('{(voice),\"(voice: Japanese version)\",\"(voice) (uncredited)\",\"(voice: English version)\"}'::text[]))"}]}]}, {"Node Type": "Index Scan", "Parent Relationship": "Inner", "Scan Direction": "Forward", "Index Name": "movie_id_movie_companies", "Relation Name": "movie_companies", "Alias": "mc", "Startup Cost": 0.0, "Total Cost": 0.42, "Plan Rows": 1, "Plan Width": 8, "Index Cond": "(movie_id = ci.movie_id)", "Filter": "((note IS NOT NULL) AND (((note)::text ~~ '%(USA)%'::text) OR ((note)::text ~~ '%(worldwide)%'::text)))"}]}, {"Node Type": "Index Scan", "Parent Relationship": "Inner", "Scan Direction": "Forward", "Index Name": "company_name_pkey", "Relation Name": "company_name", "Alias": "cn", "Startup Cost": 0.0, "Total Cost": 0.32, "Plan Rows": 1, "Plan Width": 4, "Index Cond": "(id = mc.company_id)", "Filter": "((country_code)::text = '[us]'::text)"}]}, {"Node Type": "Index Scan", "Parent Relationship": "Inner", "Scan Direction": "Forward", "Index Name": "char_name_pkey", "Relation Name": "char_name", "Alias": "chn", "Startup Cost": 0.0, "Total Cost": 0.5, "Plan Rows": 1, "Plan Width": 20, "Index Cond": "(id = ci.person_role_id)"}]}, {"Node Type": "Index Scan", "Parent Relationship": "Inner", "Scan Direction": "Forward", "Index Name": "title_pkey", "Relation Name": "title", "Alias": "t", "Startup Cost": 0.0, "Total Cost": 0.49, "Plan Rows": 1, "Plan Width": 21, "Index Cond": "(id = ci.movie_id)", "Filter": "((production_year >= 2005) AND (production_year <= 2015))"}]}]}, "Unique SQL Id": 3431223514, "Planner Runtime": 55}, "explain_analyze_plan": null}, "(1, 26)": {"explain_plan": {"Plan": {"Node Type": "Aggregate", "Strategy": "Plain", "Startup Cost": 1345453.67, "Total Cost": 1345453.68, "Plan Rows": 1, "Plan Width": 145, "Plans": [{"Node Type": "Nested Loop", "Parent Relationship": "Outer", "Join Type": "Inner", "Startup Cost": 1000003.01, "Total Cost": 1345453.66, "Plan Rows": 2, "Plan Width": 49, "Inner Unique": false, "Join Filter": "(n.id = an.person_id)", "Plans": [{"Node Type": "Nested Loop", "Parent Relationship": "Outer", "Join Type": "Inner", "Startup Cost": 1000003.01, "Total Cost": 1314278.46, "Plan Rows": 1, "Plan Width": 41, "Inner Unique": true, "Join Filter": "(ci.movie_id = t.id)", "Plans": [{"Node Type": "Nested Loop", "Parent Relationship": "Outer", "Join Type": "Inner", "Startup Cost": 999678.06, "Total Cost": 1227702.5, "Plan Rows": 1, "Plan Width": 32, "Inner Unique": true, "Join Filter": "(ci.person_role_id = chn.id)", "Plans": [{"Node Type": "Nested Loop", "Parent Relationship": "Outer", "Join Type": "Inner", "Startup Cost": 999678.06, "Total Cost": 1011043.06, "Plan Rows": 3, "Plan Width": 20, "Inner Unique": true, "Join Filter": "(mc.company_id = cn.id)", "Plans": [{"Node Type": "Merge Join", "Parent Relationship": "Outer", "Join Type": "Inner", "Startup Cost": 999678.06, "Total Cost": 999816.49, "Plan Rows": 4, "Plan Width": 24, "Inner Unique": true, "Merge Cond": "(ci.person_id = n.id)", "Plans": [{"Node Type": "Sort", "Parent Relationship": "Outer", "Startup Cost": 885765.55, "Total Cost": 885834.35, "Plan Rows": 27520, "Plan Width": 20, "Sort Key": ["ci.person_id"], "Plans": [{"Node Type": "Merge Join", "Parent Relationship": "Outer", "Join Type": "Inner", "Startup Cost": 881596.98, "Total Cost": 883736.2, "Plan Rows": 27520, "Plan Width": 20, "Inner Unique": false, "Merge Cond": "(ci.movie_id = mc.movie_id)", "Plans": [{"Node Type": "Sort", "Parent Relationship": "Outer", "Startup Cost": 799729.53, "Total Cost": 799918.89, "Plan Rows": 75742, "Plan Width": 12, "Sort Key": ["ci.movie_id"], "Plans": [{"Node Type": "Nested Loop", "Parent Relationship": "Outer", "Join Type": "Inner", "Startup Cost": 0.0, "Total Cost": 793591.1, "Plan Rows": 75742, "Plan Width": 12, "Inner Unique": false, "Join Filter": "(ci.role_id = rt.id)", "Plans": [{"Node Type": "Seq Scan", "Parent Relationship": "Outer", "Relation Name": "role_type", "Alias": "rt", "Startup Cost": 0.0, "Total Cost": 1.15, "Plan Rows": 1, "Plan Width": 4, "Filter": "((role)::text = 'actress'::text)"}, {"Node Type": "Seq Scan", "Parent Relationship": "Inner", "Relation Name": "cast_info", "Alias": "ci", "Startup Cost": 0.0, "Total Cost": 783175.41, "Plan Rows": 833163, "Plan Width": 16, "Filter": "((note)::text = ANY ('{(voice),\"(voice: Japanese version)\",\"(voice) (uncredited)\",\"(voice: English version)\"}'::text[]))"}]}]}, {"Node Type": "Sort", "Parent Relationship": "Inner", "Startup Cost": 81867.44, "Total Cost": 82610.12, "Plan Rows": 297072, "Plan Width": 8, "Sort Key": ["mc.movie_id"], "Plans": [{"Node Type": "Seq Scan", "Parent Relationship": "Outer", "Relation Name": "movie_companies", "Alias": "mc", "Startup Cost": 0.0, "Total Cost": 54862.92, "Plan Rows": 297072, "Plan Width": 8, "Filter": "((note IS NOT NULL) AND (((note)::text ~~ '%(USA)%'::text) OR ((note)::text ~~ '%(worldwide)%'::text))), (LLVM Optimized)"}]}]}]}, {"Node Type": "Sort", "Parent Relationship": "Inner", "Startup Cost": 113912.51, "Total Cost": 113912.75, "Plan Rows": 96, "Plan Width": 4, "Sort Key": ["n.id"], "Plans": [{"Node Type": "Seq Scan", "Parent Relationship": "Outer", "Relation Name": "name", "Alias": "n", "Startup Cost": 0.0, "Total Cost": 113909.35, "Plan Rows": 96, "Plan Width": 4, "Filter": "(((name)::text ~~ '%Ang%'::text) AND ((gender)::text = 'f'::text))"}]}]}, {"Node Type": "Materialize", "Parent Relationship": "Inner", "Startup Cost": 0.0, "Total Cost": 6329.3, "Plan Rows": 85170, "Plan Width": 4, "Plans": [{"Node Type": "Seq Scan", "Parent Relationship": "Outer", "Relation Name": "company_name", "Alias": "cn", "Startup Cost": 0.0, "Total Cost": 5903.45, "Plan Rows": 85170, "Plan Width": 4, "Filter": "((country_code)::text = '[us]'::text)"}]}]}, {"Node Type": "Materialize", "Parent Relationship": "Inner", "Startup Cost": 0.0, "Total Cost": 83195.07, "Plan Rows": 3140338, "Plan Width": 20, "Plans": [{"Node Type": "Seq Scan", "Parent Relationship": "Outer", "Relation Name": "char_name", "Alias": "chn", "Startup Cost": 0.0, "Total Cost": 67493.38, "Plan Rows": 3140338, "Plan Width": 20}]}]}, {"Node Type": "Seq Scan", "Parent Relationship": "Inner", "Relation Name": "title", "Alias": "t", "Startup Cost": 324.95, "Total Cost": 72710.67, "Plan Rows": 1109224, "Plan Width": 21, "Filter": "((production_year >= 2005) AND (production_year <= 2015)), (LLVM Optimized)"}]}, {"Node Type": "Seq Scan", "Parent Relationship": "Inner", "Relation Name": "aka_name", "Alias": "an", "Startup Cost": 0.0, "Total Cost": 19908.42, "Plan Rows": 901342, "Plan Width": 20}]}]}, "Unique SQL Id": 3431223514, "Planner Runtime": 55}, "explain_analyze_plan": null}, "(1, 27)": {"explain_plan": {"Plan": {"Node Type": "Aggregate", "Strategy": "Plain", "Startup Cost": 3842119077147.93, "Total Cost": 3842119077147.94, "Plan Rows": 1, "Plan Width": 145, "Plans": [{"Node Type": "Merge Join", "Parent Relationship": "Outer", "Join Type": "Inner", "Startup Cost": 80000000000.0, "Total Cost": 3842119077147.92, "Plan Rows": 2, "Plan Width": 49, "Inner Unique": true, "Merge Cond": "(ci.person_role_id = chn.id)", "Plans": [{"Node Type": "Nested Loop", "Parent Relationship": "Outer", "Join Type": "Inner", "Startup Cost": 70000000000.0, "Total Cost": 7000265204378.85, "Plan Rows": 5, "Plan Width": 37, "Inner Unique": false, "Join Filter": "(n.id = an.person_id)", "Plans": [{"Node Type": "Nested Loop", "Parent Relationship": "Outer", "Join Type": "Inner", "Startup Cost": 60000000000.0, "Total Cost": 6000258251541.54, "Plan Rows": 4, "Plan Width": 29, "Inner Unique": true, "Join Filter": "(ci.movie_id = t.id)", "Plans": [{"Node Type": "Nested Loop", "Parent Relationship": "Outer", "Join Type": "Inner", "Startup Cost": 50000000000.0, "Total Cost": 5000245922648.99, "Plan Rows": 3, "Plan Width": 20, "Inner Unique": true, "Join Filter": "(mc.company_id = cn.id)", "Plans": [{"Node Type": "Nested Loop", "Parent Relationship": "Outer", "Join Type": "Inner", "Startup Cost": 40000000000.0, "Total Cost": 4000244867186.89, "Plan Rows": 4, "Plan Width": 24, "Inner Unique": false, "Join Filter": "(ci.movie_id = mc.movie_id)", "Plans": [{"Node Type": "Nested Loop", "Parent Relationship": "Outer", "Join Type": "Inner", "Startup Cost": 30000000000.0, "Total Cost": 3000231145513.35, "Plan Rows": 11, "Plan Width": 16, "Inner Unique": true, "Join Filter": "(ci.person_id = n.id)", "Plans": [{"Node Type": "Nested Loop", "Parent Relationship": "Outer", "Join Type": "Inner", "Startup Cost": 20000000000.0, "Total Cost": 2000211329424.93, "Plan Rows": 75742, "Plan Width": 12, "Inner Unique": true, "Join Filter": "(ci.role_id = rt.id)", "Plans": [{"Node Type": "Index Scan", "Parent Relationship": "Outer", "Scan Direction": "Forward", "Index Name": "person_role_id_cast_info", "Relation Name": "cast_info", "Alias": "ci", "Startup Cost": 10000000000.0, "Total Cost": 1000211315681.48, "Plan Rows": 833163, "Plan Width": 16, "Filter": "((note)::text = ANY ('{(voice),\"(voice: Japanese version)\",\"(voice) (uncredited)\",\"(voice: English version)\"}'::text[]))"}, {"Node Type": "Materialize", "Parent Relationship": "Inner", "Startup Cost": 10000000000.0, "Total Cost": 1000000001246.0, "Plan Rows": 1, "Plan Width": 4, "Plans": [{"Node Type": "Index Scan", "Parent Relationship": "Outer", "Scan Direction": "Forward", "Index Name": "role_type_pkey", "Relation Name": "role_type", "Alias": "rt", "Startup Cost": 10000000000.0, "Total Cost": 1000000001246.0, "Plan Rows": 1, "Plan Width": 4, "Filter": "((role)::text = 'actress'::text)"}]}]}, {"Node Type": "Materialize", "Parent Relationship": "Inner", "Startup Cost": 10000000000.0, "Total Cost": 1000019707020.18, "Plan Rows": 96, "Plan Width": 4, "Plans": [{"Node Type": "Index Scan", "Parent Relationship": "Outer", "Scan Direction": "Forward", "Index Name": "name_pkey", "Relation Name": "name", "Alias": "n", "Startup Cost": 10000000000.0, "Total Cost": 1000019707019.7, "Plan Rows": 96, "Plan Width": 4, "Filter": "(((name)::text ~~ '%Ang%'::text) AND ((gender)::text = 'f'::text))"}]}]}, {"Node Type": "Materialize", "Parent Relationship": "Inner", "Startup Cost": 10000000000.0, "Total Cost": 1000013673399.34, "Plan Rows": 297072, "Plan Width": 8, "Plans": [{"Node Type": "Index Scan", "Parent Relationship": "Outer", "Scan Direction": "Forward", "Index Name": "company_id_movie_companies", "Relation Name": "movie_companies", "Alias": "mc", "Startup Cost": 10000000000.0, "Total Cost": 1000013671913.98, "Plan Rows": 297072, "Plan Width": 8, "Filter": "((note IS NOT NULL) AND (((note)::text ~~ '%(USA)%'::text) OR ((note)::text ~~ '%(worldwide)%'::text))), (LLVM Optimized)"}]}]}, {"Node Type": "Materialize", "Parent Relationship": "Inner", "Startup Cost": 10000000000.0, "Total Cost": 1000001050564.82, "Plan Rows": 85170, "Plan Width": 4, "Plans": [{"Node Type": "Index Scan", "Parent Relationship": "Outer", "Scan Direction": "Forward", "Index Name": "company_name_pkey", "Relation Name": "company_name", "Alias": "cn", "Startup Cost": 10000000000.0, "Total Cost": 1000001050138.97, "Plan Rows": 85170, "Plan Width": 4, "Filter": "((country_code)::text = '[us]'::text)"}]}]}, {"Node Type": "Materialize", "Parent Relationship": "Inner", "Startup Cost": 10000000000.0, "Total Cost": 1000012281750.53, "Plan Rows": 1109224, "Plan Width": 21, "Plans": [{"Node Type": "Index Scan", "Parent Relationship": "Outer", "Scan Direction": "Forward", "Index Name": "title_pkey", "Relation Name": "title", "Alias": "t", "Startup Cost": 10000000000.0, "Total Cost": 1000012276204.41, "Plan Rows": 1109224, "Plan Width": 21, "Filter": "((production_year >= 2005) AND (production_year <= 2015)), (LLVM Optimized)"}]}]}, {"Node Type": "Materialize", "Parent Relationship": "Inner", "Startup Cost": 10000000000.0, "Total Cost": 1000006901010.14, "Plan Rows": 901342, "Plan Width": 20, "Plans": [{"Node Type": "Index Scan", "Parent Relationship": "Outer", "Scan Direction": "Forward", "Index Name": "person_id_aka_name", "Relation Name": "aka_name", "Alias": "an", "Startup Cost": 10000000000.0, "Total Cost": 1000006896503.43, "Plan Rows": 901342, "Plan Width": 20}]}]}, {"Node Type": "Index Scan", "Parent Relationship": "Inner", "Scan Direction": "Forward", "Index Name": "char_name_pkey", "Relation Name": "char_name", "Alias": "chn", "Startup Cost": 10000000000.0, "Total Cost": 1000012987545.51, "Plan Rows": 3140338, "Plan Width": 20}]}]}, "Unique SQL Id": 3431223514, "Planner Runtime": 107}, "explain_analyze_plan": null}, "(1, 28)": {"explain_plan": {"Plan": {"Node Type": "Aggregate", "Strategy": "Plain", "Startup Cost": 114987.2, "Total Cost": 114987.21, "Plan Rows": 1, "Plan Width": 145, "Plans": [{"Node Type": "Nested Loop", "Parent Relationship": "Outer", "Join Type": "Inner", "Startup Cost": 0.0, "Total Cost": 114987.19, "Plan Rows": 1, "Plan Width": 49, "Inner Unique": true, "Plans": [{"Node Type": "Nested Loop", "Parent Relationship": "Outer", "Join Type": "Inner", "Startup Cost": 0.0, "Total Cost": 114986.69, "Plan Rows": 1, "Plan Width": 40, "Inner Unique": true, "Plans": [{"Node Type": "Nested Loop", "Parent Relationship": "Outer", "Join Type": "Inner", "Startup Cost": 0.0, "Total Cost": 114985.67, "Plan Rows": 2, "Plan Width": 28, "Inner Unique": true, "Plans": [{"Node Type": "Nested Loop", "Parent Relationship": "Outer", "Join Type": "Inner", "Startup Cost": 0.0, "Total Cost": 114984.04, "Plan Rows": 5, "Plan Width": 32, "Inner Unique": false, "Plans": [{"Node Type": "Nested Loop", "Parent Relationship": "Outer", "Join Type": "Inner", "Startup Cost": 0.0, "Total Cost": 114978.43, "Plan Rows": 13, "Plan Width": 24, "Inner Unique": false, "Join Filter": "(ci.role_id = rt.id)", "Plans": [{"Node Type": "Seq Scan", "Parent Relationship": "Outer", "Relation Name": "role_type", "Alias": "rt", "Startup Cost": 0.0, "Total Cost": 1.15, "Plan Rows": 1, "Plan Width": 4, "Filter": "((role)::text = 'actress'::text)"}, {"Node Type": "Nested Loop", "Parent Relationship": "Inner", "Join Type": "Inner", "Startup Cost": 0.0, "Total Cost": 114975.51, "Plan Rows": 141, "Plan Width": 28, "Inner Unique": false, "Join Filter": "(n.id = ci.person_id)", "Plans": [{"Node Type": "Nested Loop", "Parent Relationship": "Outer", "Join Type": "Inner", "Startup Cost": 0.0, "Total Cost": 114700.23, "Plan Rows": 115, "Plan Width": 24, "Inner Unique": false, "Plans": [{"Node Type": "Seq Scan", "Parent Relationship": "Outer", "Relation Name": "name", "Alias": "n", "Startup Cost": 0.0, "Total Cost": 113909.35, "Plan Rows": 96, "Plan Width": 4, "Filter": "(((name)::text ~~ '%Ang%'::text) AND ((gender)::text = 'f'::text))"}, {"Node Type": "Index Scan", "Parent Relationship": "Inner", "Scan Direction": "Forward", "Index Name": "person_id_aka_name", "Relation Name": "aka_name", "Alias": "an", "Startup Cost": 0.0, "Total Cost": 8.23, "Plan Rows": 1, "Plan Width": 20, "Index Cond": "(person_id = n.id)"}]}, {"Node Type": "Index Scan", "Parent Relationship": "Inner", "Scan Direction": "Forward", "Index Name": "person_id_cast_info", "Relation Name": "cast_info", "Alias": "ci", "Startup Cost": 0.0, "Total Cost": 2.38, "Plan Rows": 1, "Plan Width": 16, "Index Cond": "(person_id = an.person_id)", "Filter": "((note)::text = ANY ('{(voice),\"(voice: Japanese version)\",\"(voice) (uncredited)\",\"(voice: English version)\"}'::text[]))"}]}]}, {"Node Type": "Index Scan", "Parent Relationship": "Inner", "Scan Direction": "Forward", "Index Name": "movie_id_movie_companies", "Relation Name": "movie_companies", "Alias": "mc", "Startup Cost": 0.0, "Total Cost": 0.42, "Plan Rows": 1, "Plan Width": 8, "Index Cond": "(movie_id = ci.movie_id)", "Filter": "((note IS NOT NULL) AND (((note)::text ~~ '%(USA)%'::text) OR ((note)::text ~~ '%(worldwide)%'::text)))"}]}, {"Node Type": "Index Scan", "Parent Relationship": "Inner", "Scan Direction": "Forward", "Index Name": "company_name_pkey", "Relation Name": "company_name", "Alias": "cn", "Startup Cost": 0.0, "Total Cost": 0.32, "Plan Rows": 1, "Plan Width": 4, "Index Cond": "(id = mc.company_id)", "Filter": "((country_code)::text = '[us]'::text)"}]}, {"Node Type": "Index Scan", "Parent Relationship": "Inner", "Scan Direction": "Forward", "Index Name": "char_name_pkey", "Relation Name": "char_name", "Alias": "chn", "Startup Cost": 0.0, "Total Cost": 0.5, "Plan Rows": 1, "Plan Width": 20, "Index Cond": "(id = ci.person_role_id)"}]}, {"Node Type": "Index Scan", "Parent Relationship": "Inner", "Scan Direction": "Forward", "Index Name": "title_pkey", "Relation Name": "title", "Alias": "t", "Startup Cost": 0.0, "Total Cost": 0.49, "Plan Rows": 1, "Plan Width": 21, "Index Cond": "(id = ci.movie_id)", "Filter": "((production_year >= 2005) AND (production_year <= 2015))"}]}]}, "Unique SQL Id": 3431223514, "Planner Runtime": 53}, "explain_analyze_plan": {"Plan": {"Node Type": "Aggregate", "Strategy": "Plain", "Startup Cost": 114987.2, "Total Cost": 114987.21, "Plan Rows": 1, "Plan Width": 145, "Actual Startup Time": 1703.594, "Actual Total Time": 1703.595, "Actual Rows": 1, "Actual Loops": 1, "Plans": [{"Node Type": "Nested Loop", "Parent Relationship": "Outer", "Join Type": "Inner", "Startup Cost": 0.0, "Total Cost": 114987.19, "Plan Rows": 1, "Plan Width": 49, "Actual Startup Time": 697.212, "Actual Total Time": 1703.364, "Actual Rows": 121, "Actual Loops": 1, "Inner Unique": true, "Plans": [{"Node Type": "Nested Loop", "Parent Relationship": "Outer", "Join Type": "Inner", "Startup Cost": 0.0, "Total Cost": 114986.69, "Plan Rows": 1, "Plan Width": 40, "Actual Startup Time": 689.723, "Actual Total Time": 1701.599, "Actual Rows": 341, "Actual Loops": 1, "Inner Unique": true, "Plans": [{"Node Type": "Nested Loop", "Parent Relationship": "Outer", "Join Type": "Inner", "Startup Cost": 0.0, "Total Cost": 114985.67, "Plan Rows": 2, "Plan Width": 28, "Actual Startup Time": 689.707, "Actual Total Time": 1700.005, "Actual Rows": 359, "Actual Loops": 1, "Inner Unique": true, "Plans": [{"Node Type": "Nested Loop", "Parent Relationship": "Outer", "Join Type": "Inner", "Startup Cost": 0.0, "Total Cost": 114984.04, "Plan Rows": 5, "Plan Width": 32, "Actual Startup Time": 689.678, "Actual Total Time": 1697.916, "Actual Rows": 373, "Actual Loops": 1, "Inner Unique": false, "Plans": [{"Node Type": "Nested Loop", "Parent Relationship": "Outer", "Join Type": "Inner", "Startup Cost": 0.0, "Total Cost": 114978.43, "Plan Rows": 13, "Plan Width": 24, "Actual Startup Time": 688.314, "Actual Total Time": 1693.763, "Actual Rows": 425, "Actual Loops": 1, "Inner Unique": false, "Join Filter": "(ci.role_id = rt.id)", "Rows Removed by Join Filter": 0, "Plans": [{"Node Type": "Seq Scan", "Parent Relationship": "Outer", "Relation Name": "role_type", "Alias": "rt", "Startup Cost": 0.0, "Total Cost": 1.15, "Plan Rows": 1, "Plan Width": 4, "Actual Startup Time": 0.039, "Actual Total Time": 0.045, "Actual Rows": 1, "Actual Loops": 1, "Filter": "((role)::text = 'actress'::text)", "Rows Removed by Filter": 11}, {"Node Type": "Nested Loop", "Parent Relationship": "Inner", "Join Type": "Inner", "Startup Cost": 0.0, "Total Cost": 114975.51, "Plan Rows": 141, "Plan Width": 28, "Actual Startup Time": 688.266, "Actual Total Time": 1693.541, "Actual Rows": 425, "Actual Loops": 1, "Inner Unique": false, "Join Filter": "(n.id = ci.person_id)", "Rows Removed by Join Filter": 0, "Plans": [{"Node Type": "Nested Loop", "Parent Relationship": "Outer", "Join Type": "Inner", "Startup Cost": 0.0, "Total Cost": 114700.23, "Plan Rows": 115, "Plan Width": 24, "Actual Startup Time": 673.28, "Actual Total Time": 1644.68, "Actual Rows": 1558, "Actual Loops": 1, "Inner Unique": false, "Plans": [{"Node Type": "Seq Scan", "Parent Relationship": "Outer", "Relation Name": "name", "Alias": "n", "Startup Cost": 0.0, "Total Cost": 113909.35, "Plan Rows": 96, "Plan Width": 4, "Actual Startup Time": 671.583, "Actual Total Time": 1622.951, "Actual Rows": 6768, "Actual Loops": 1, "Filter": "(((name)::text ~~ '%Ang%'::text) AND ((gender)::text = 'f'::text))", "Rows Removed by Filter": 4160722}, {"Node Type": "Index Scan", "Parent Relationship": "Inner", "Scan Direction": "Forward", "Index Name": "person_id_aka_name", "Relation Name": "aka_name", "Alias": "an", "Startup Cost": 0.0, "Total Cost": 8.23, "Plan Rows": 1, "Plan Width": 20, "Actual Startup Time": 16.878, "Actual Total Time": 17.626, "Actual Rows": 1558, "Actual Loops": 6768, "Index Cond": "(person_id = n.id)", "Rows Removed by Index Recheck": 0}]}, {"Node Type": "Index Scan", "Parent Relationship": "Inner", "Scan Direction": "Forward", "Index Name": "person_id_cast_info", "Relation Name": "cast_info", "Alias": "ci", "Startup Cost": 0.0, "Total Cost": 2.38, "Plan Rows": 1, "Plan Width": 16, "Actual Startup Time": 43.065, "Actual Total Time": 47.745, "Actual Rows": 425, "Actual Loops": 1558, "Index Cond": "(person_id = an.person_id)", "Rows Removed by Index Recheck": 0, "Filter": "((note)::text = ANY ('{(voice),\"(voice: Japanese version)\",\"(voice) (uncredited)\",\"(voice: English version)\"}'::text[]))", "Rows Removed by Filter": 69057}]}]}, {"Node Type": "Index Scan", "Parent Relationship": "Inner", "Scan Direction": "Forward", "Index Name": "movie_id_movie_companies", "Relation Name": "movie_companies", "Alias": "mc", "Startup Cost": 0.0, "Total Cost": 0.42, "Plan Rows": 1, "Plan Width": 8, "Actual Startup Time": 2.627, "Actual Total Time": 3.738, "Actual Rows": 373, "Actual Loops": 425, "Index Cond": "(movie_id = ci.movie_id)", "Rows Removed by Index Recheck": 0, "Filter": "((note IS NOT NULL) AND (((note)::text ~~ '%(USA)%'::text) OR ((note)::text ~~ '%(worldwide)%'::text)))", "Rows Removed by Filter": 1538}]}, {"Node Type": "Index Scan", "Parent Relationship": "Inner", "Scan Direction": "Forward", "Index Name": "company_name_pkey", "Relation Name": "company_name", "Alias": "cn", "Startup Cost": 0.0, "Total Cost": 0.32, "Plan Rows": 1, "Plan Width": 4, "Actual Startup Time": 1.71, "Actual Total Time": 1.71, "Actual Rows": 359, "Actual Loops": 373, "Index Cond": "(id = mc.company_id)", "Rows Removed by Index Recheck": 0, "Filter": "((country_code)::text = '[us]'::text)", "Rows Removed by Filter": 14}]}, {"Node Type": "Index Scan", "Parent Relationship": "Inner", "Scan Direction": "Forward", "Index Name": "char_name_pkey", "Relation Name": "char_name", "Alias": "chn", "Startup Cost": 0.0, "Total Cost": 0.5, "Plan Rows": 1, "Plan Width": 20, "Actual Startup Time": 1.241, "Actual Total Time": 1.241, "Actual Rows": 341, "Actual Loops": 359, "Index Cond": "(id = ci.person_role_id)", "Rows Removed by Index Recheck": 0}]}, {"Node Type": "Index Scan", "Parent Relationship": "Inner", "Scan Direction": "Forward", "Index Name": "title_pkey", "Relation Name": "title", "Alias": "t", "Startup Cost": 0.0, "Total Cost": 0.49, "Plan Rows": 1, "Plan Width": 21, "Actual Startup Time": 1.484, "Actual Total Time": 1.484, "Actual Rows": 121, "Actual Loops": 341, "Index Cond": "(id = ci.movie_id)", "Rows Removed by Index Recheck": 0, "Filter": "((production_year >= 2005) AND (production_year <= 2015))", "Rows Removed by Filter": 220}]}]}, "Triggers": [], "Planner Runtime": 8, "Total Runtime": 1704.04, "Unique SQL Id": 3431223514}}, "(1, 29)": {"explain_plan": {"Plan": {"Node Type": "Aggregate", "Strategy": "Plain", "Startup Cost": 198159.35, "Total Cost": 198159.36, "Plan Rows": 1, "Plan Width": 145, "Plans": [{"Node Type": "Nested Loop", "Parent Relationship": "Outer", "Join Type": "Inner", "Startup Cost": 0.0, "Total Cost": 198159.35, "Plan Rows": 1, "Plan Width": 49, "Inner Unique": true, "Plans": [{"Node Type": "Nested Loop", "Parent Relationship": "Outer", "Join Type": "Inner", "Startup Cost": 0.0, "Total Cost": 198158.85, "Plan Rows": 1, "Plan Width": 40, "Inner Unique": true, "Plans": [{"Node Type": "Nested Loop", "Parent Relationship": "Outer", "Join Type": "Inner", "Startup Cost": 0.0, "Total Cost": 198157.83, "Plan Rows": 2, "Plan Width": 28, "Inner Unique": true, "Plans": [{"Node Type": "Nested Loop", "Parent Relationship": "Outer", "Join Type": "Inner", "Startup Cost": 0.0, "Total Cost": 198156.19, "Plan Rows": 5, "Plan Width": 32, "Inner Unique": false, "Plans": [{"Node Type": "Nested Loop", "Parent Relationship": "Outer", "Join Type": "Inner", "Startup Cost": 0.0, "Total Cost": 198150.58, "Plan Rows": 13, "Plan Width": 24, "Inner Unique": false, "Join Filter": "(ci.role_id = rt.id)", "Plans": [{"Node Type": "Index Scan", "Parent Relationship": "Outer", "Scan Direction": "Forward", "Index Name": "role_type_pkey", "Relation Name": "role_type", "Alias": "rt", "Startup Cost": 0.0, "Total Cost": 12.46, "Plan Rows": 1, "Plan Width": 4, "Filter": "((role)::text = 'actress'::text)"}, {"Node Type": "Nested Loop", "Parent Relationship": "Inner", "Join Type": "Inner", "Startup Cost": 0.0, "Total Cost": 198136.36, "Plan Rows": 141, "Plan Width": 28, "Inner Unique": false, "Join Filter": "(n.id = ci.person_id)", "Plans": [{"Node Type": "Nested Loop", "Parent Relationship": "Outer", "Join Type": "Inner", "Startup Cost": 0.0, "Total Cost": 197861.08, "Plan Rows": 115, "Plan Width": 24, "Inner Unique": false, "Plans": [{"Node Type": "Index Scan", "Parent Relationship": "Outer", "Scan Direction": "Forward", "Index Name": "name_pkey", "Relation Name": "name", "Alias": "n", "Startup Cost": 0.0, "Total Cost": 197070.2, "Plan Rows": 96, "Plan Width": 4, "Filter": "(((name)::text ~~ '%Ang%'::text) AND ((gender)::text = 'f'::text))"}, {"Node Type": "Index Scan", "Parent Relationship": "Inner", "Scan Direction": "Forward", "Index Name": "person_id_aka_name", "Relation Name": "aka_name", "Alias": "an", "Startup Cost": 0.0, "Total Cost": 8.23, "Plan Rows": 1, "Plan Width": 20, "Index Cond": "(person_id = n.id)"}]}, {"Node Type": "Index Scan", "Parent Relationship": "Inner", "Scan Direction": "Forward", "Index Name": "person_id_cast_info", "Relation Name": "cast_info", "Alias": "ci", "Startup Cost": 0.0, "Total Cost": 2.38, "Plan Rows": 1, "Plan Width": 16, "Index Cond": "(person_id = an.person_id)", "Filter": "((note)::text = ANY ('{(voice),\"(voice: Japanese version)\",\"(voice) (uncredited)\",\"(voice: English version)\"}'::text[]))"}]}]}, {"Node Type": "Index Scan", "Parent Relationship": "Inner", "Scan Direction": "Forward", "Index Name": "movie_id_movie_companies", "Relation Name": "movie_companies", "Alias": "mc", "Startup Cost": 0.0, "Total Cost": 0.42, "Plan Rows": 1, "Plan Width": 8, "Index Cond": "(movie_id = ci.movie_id)", "Filter": "((note IS NOT NULL) AND (((note)::text ~~ '%(USA)%'::text) OR ((note)::text ~~ '%(worldwide)%'::text)))"}]}, {"Node Type": "Index Scan", "Parent Relationship": "Inner", "Scan Direction": "Forward", "Index Name": "company_name_pkey", "Relation Name": "company_name", "Alias": "cn", "Startup Cost": 0.0, "Total Cost": 0.32, "Plan Rows": 1, "Plan Width": 4, "Index Cond": "(id = mc.company_id)", "Filter": "((country_code)::text = '[us]'::text)"}]}, {"Node Type": "Index Scan", "Parent Relationship": "Inner", "Scan Direction": "Forward", "Index Name": "char_name_pkey", "Relation Name": "char_name", "Alias": "chn", "Startup Cost": 0.0, "Total Cost": 0.5, "Plan Rows": 1, "Plan Width": 20, "Index Cond": "(id = ci.person_role_id)"}]}, {"Node Type": "Index Scan", "Parent Relationship": "Inner", "Scan Direction": "Forward", "Index Name": "title_pkey", "Relation Name": "title", "Alias": "t", "Startup Cost": 0.0, "Total Cost": 0.49, "Plan Rows": 1, "Plan Width": 21, "Index Cond": "(id = ci.movie_id)", "Filter": "((production_year >= 2005) AND (production_year <= 2015))"}]}]}, "Unique SQL Id": 3431223514, "Planner Runtime": 55}, "explain_analyze_plan": null}, "(1, 30)": {"explain_plan": {"Plan": {"Node Type": "Aggregate", "Strategy": "Plain", "Startup Cost": 1345453.67, "Total Cost": 1345453.68, "Plan Rows": 1, "Plan Width": 145, "Plans": [{"Node Type": "Nested Loop", "Parent Relationship": "Outer", "Join Type": "Inner", "Startup Cost": 1000003.01, "Total Cost": 1345453.66, "Plan Rows": 2, "Plan Width": 49, "Inner Unique": false, "Join Filter": "(n.id = an.person_id)", "Plans": [{"Node Type": "Nested Loop", "Parent Relationship": "Outer", "Join Type": "Inner", "Startup Cost": 1000003.01, "Total Cost": 1314278.46, "Plan Rows": 1, "Plan Width": 41, "Inner Unique": true, "Join Filter": "(ci.movie_id = t.id)", "Plans": [{"Node Type": "Nested Loop", "Parent Relationship": "Outer", "Join Type": "Inner", "Startup Cost": 999678.06, "Total Cost": 1227702.5, "Plan Rows": 1, "Plan Width": 32, "Inner Unique": true, "Join Filter": "(ci.person_role_id = chn.id)", "Plans": [{"Node Type": "Nested Loop", "Parent Relationship": "Outer", "Join Type": "Inner", "Startup Cost": 999678.06, "Total Cost": 1011043.06, "Plan Rows": 3, "Plan Width": 20, "Inner Unique": true, "Join Filter": "(mc.company_id = cn.id)", "Plans": [{"Node Type": "Merge Join", "Parent Relationship": "Outer", "Join Type": "Inner", "Startup Cost": 999678.06, "Total Cost": 999816.49, "Plan Rows": 4, "Plan Width": 24, "Inner Unique": true, "Merge Cond": "(ci.person_id = n.id)", "Plans": [{"Node Type": "Sort", "Parent Relationship": "Outer", "Startup Cost": 885765.55, "Total Cost": 885834.35, "Plan Rows": 27520, "Plan Width": 20, "Sort Key": ["ci.person_id"], "Plans": [{"Node Type": "Merge Join", "Parent Relationship": "Outer", "Join Type": "Inner", "Startup Cost": 881596.98, "Total Cost": 883736.2, "Plan Rows": 27520, "Plan Width": 20, "Inner Unique": false, "Merge Cond": "(ci.movie_id = mc.movie_id)", "Plans": [{"Node Type": "Sort", "Parent Relationship": "Outer", "Startup Cost": 799729.53, "Total Cost": 799918.89, "Plan Rows": 75742, "Plan Width": 12, "Sort Key": ["ci.movie_id"], "Plans": [{"Node Type": "Nested Loop", "Parent Relationship": "Outer", "Join Type": "Inner", "Startup Cost": 0.0, "Total Cost": 793591.1, "Plan Rows": 75742, "Plan Width": 12, "Inner Unique": false, "Join Filter": "(ci.role_id = rt.id)", "Plans": [{"Node Type": "Seq Scan", "Parent Relationship": "Outer", "Relation Name": "role_type", "Alias": "rt", "Startup Cost": 0.0, "Total Cost": 1.15, "Plan Rows": 1, "Plan Width": 4, "Filter": "((role)::text = 'actress'::text)"}, {"Node Type": "Seq Scan", "Parent Relationship": "Inner", "Relation Name": "cast_info", "Alias": "ci", "Startup Cost": 0.0, "Total Cost": 783175.41, "Plan Rows": 833163, "Plan Width": 16, "Filter": "((note)::text = ANY ('{(voice),\"(voice: Japanese version)\",\"(voice) (uncredited)\",\"(voice: English version)\"}'::text[]))"}]}]}, {"Node Type": "Sort", "Parent Relationship": "Inner", "Startup Cost": 81867.44, "Total Cost": 82610.12, "Plan Rows": 297072, "Plan Width": 8, "Sort Key": ["mc.movie_id"], "Plans": [{"Node Type": "Seq Scan", "Parent Relationship": "Outer", "Relation Name": "movie_companies", "Alias": "mc", "Startup Cost": 0.0, "Total Cost": 54862.92, "Plan Rows": 297072, "Plan Width": 8, "Filter": "((note IS NOT NULL) AND (((note)::text ~~ '%(USA)%'::text) OR ((note)::text ~~ '%(worldwide)%'::text))), (LLVM Optimized)"}]}]}]}, {"Node Type": "Sort", "Parent Relationship": "Inner", "Startup Cost": 113912.51, "Total Cost": 113912.75, "Plan Rows": 96, "Plan Width": 4, "Sort Key": ["n.id"], "Plans": [{"Node Type": "Seq Scan", "Parent Relationship": "Outer", "Relation Name": "name", "Alias": "n", "Startup Cost": 0.0, "Total Cost": 113909.35, "Plan Rows": 96, "Plan Width": 4, "Filter": "(((name)::text ~~ '%Ang%'::text) AND ((gender)::text = 'f'::text))"}]}]}, {"Node Type": "Materialize", "Parent Relationship": "Inner", "Startup Cost": 0.0, "Total Cost": 6329.3, "Plan Rows": 85170, "Plan Width": 4, "Plans": [{"Node Type": "Seq Scan", "Parent Relationship": "Outer", "Relation Name": "company_name", "Alias": "cn", "Startup Cost": 0.0, "Total Cost": 5903.45, "Plan Rows": 85170, "Plan Width": 4, "Filter": "((country_code)::text = '[us]'::text)"}]}]}, {"Node Type": "Materialize", "Parent Relationship": "Inner", "Startup Cost": 0.0, "Total Cost": 83195.07, "Plan Rows": 3140338, "Plan Width": 20, "Plans": [{"Node Type": "Seq Scan", "Parent Relationship": "Outer", "Relation Name": "char_name", "Alias": "chn", "Startup Cost": 0.0, "Total Cost": 67493.38, "Plan Rows": 3140338, "Plan Width": 20}]}]}, {"Node Type": "Seq Scan", "Parent Relationship": "Inner", "Relation Name": "title", "Alias": "t", "Startup Cost": 324.95, "Total Cost": 72710.67, "Plan Rows": 1109224, "Plan Width": 21, "Filter": "((production_year >= 2005) AND (production_year <= 2015)), (LLVM Optimized)"}]}, {"Node Type": "Seq Scan", "Parent Relationship": "Inner", "Relation Name": "aka_name", "Alias": "an", "Startup Cost": 0.0, "Total Cost": 19908.42, "Plan Rows": 901342, "Plan Width": 20}]}]}, "Unique SQL Id": 3431223514, "Planner Runtime": 55}, "explain_analyze_plan": null}, "(1, 31)": {"explain_plan": {"Plan": {"Node Type": "Aggregate", "Strategy": "Plain", "Startup Cost": 3842119077147.93, "Total Cost": 3842119077147.94, "Plan Rows": 1, "Plan Width": 145, "Plans": [{"Node Type": "Merge Join", "Parent Relationship": "Outer", "Join Type": "Inner", "Startup Cost": 80000000000.0, "Total Cost": 3842119077147.92, "Plan Rows": 2, "Plan Width": 49, "Inner Unique": true, "Merge Cond": "(ci.person_role_id = chn.id)", "Plans": [{"Node Type": "Nested Loop", "Parent Relationship": "Outer", "Join Type": "Inner", "Startup Cost": 70000000000.0, "Total Cost": 7000265204378.85, "Plan Rows": 5, "Plan Width": 37, "Inner Unique": false, "Join Filter": "(n.id = an.person_id)", "Plans": [{"Node Type": "Nested Loop", "Parent Relationship": "Outer", "Join Type": "Inner", "Startup Cost": 60000000000.0, "Total Cost": 6000258251541.54, "Plan Rows": 4, "Plan Width": 29, "Inner Unique": true, "Join Filter": "(ci.movie_id = t.id)", "Plans": [{"Node Type": "Nested Loop", "Parent Relationship": "Outer", "Join Type": "Inner", "Startup Cost": 50000000000.0, "Total Cost": 5000245922648.99, "Plan Rows": 3, "Plan Width": 20, "Inner Unique": true, "Join Filter": "(mc.company_id = cn.id)", "Plans": [{"Node Type": "Nested Loop", "Parent Relationship": "Outer", "Join Type": "Inner", "Startup Cost": 40000000000.0, "Total Cost": 4000244867186.89, "Plan Rows": 4, "Plan Width": 24, "Inner Unique": false, "Join Filter": "(ci.movie_id = mc.movie_id)", "Plans": [{"Node Type": "Nested Loop", "Parent Relationship": "Outer", "Join Type": "Inner", "Startup Cost": 30000000000.0, "Total Cost": 3000231145513.35, "Plan Rows": 11, "Plan Width": 16, "Inner Unique": true, "Join Filter": "(ci.person_id = n.id)", "Plans": [{"Node Type": "Nested Loop", "Parent Relationship": "Outer", "Join Type": "Inner", "Startup Cost": 20000000000.0, "Total Cost": 2000211329424.93, "Plan Rows": 75742, "Plan Width": 12, "Inner Unique": true, "Join Filter": "(ci.role_id = rt.id)", "Plans": [{"Node Type": "Index Scan", "Parent Relationship": "Outer", "Scan Direction": "Forward", "Index Name": "person_role_id_cast_info", "Relation Name": "cast_info", "Alias": "ci", "Startup Cost": 10000000000.0, "Total Cost": 1000211315681.48, "Plan Rows": 833163, "Plan Width": 16, "Filter": "((note)::text = ANY ('{(voice),\"(voice: Japanese version)\",\"(voice) (uncredited)\",\"(voice: English version)\"}'::text[]))"}, {"Node Type": "Materialize", "Parent Relationship": "Inner", "Startup Cost": 10000000000.0, "Total Cost": 1000000001246.0, "Plan Rows": 1, "Plan Width": 4, "Plans": [{"Node Type": "Index Scan", "Parent Relationship": "Outer", "Scan Direction": "Forward", "Index Name": "role_type_pkey", "Relation Name": "role_type", "Alias": "rt", "Startup Cost": 10000000000.0, "Total Cost": 1000000001246.0, "Plan Rows": 1, "Plan Width": 4, "Filter": "((role)::text = 'actress'::text)"}]}]}, {"Node Type": "Materialize", "Parent Relationship": "Inner", "Startup Cost": 10000000000.0, "Total Cost": 1000019707020.18, "Plan Rows": 96, "Plan Width": 4, "Plans": [{"Node Type": "Index Scan", "Parent Relationship": "Outer", "Scan Direction": "Forward", "Index Name": "name_pkey", "Relation Name": "name", "Alias": "n", "Startup Cost": 10000000000.0, "Total Cost": 1000019707019.7, "Plan Rows": 96, "Plan Width": 4, "Filter": "(((name)::text ~~ '%Ang%'::text) AND ((gender)::text = 'f'::text))"}]}]}, {"Node Type": "Materialize", "Parent Relationship": "Inner", "Startup Cost": 10000000000.0, "Total Cost": 1000013673399.34, "Plan Rows": 297072, "Plan Width": 8, "Plans": [{"Node Type": "Index Scan", "Parent Relationship": "Outer", "Scan Direction": "Forward", "Index Name": "company_id_movie_companies", "Relation Name": "movie_companies", "Alias": "mc", "Startup Cost": 10000000000.0, "Total Cost": 1000013671913.98, "Plan Rows": 297072, "Plan Width": 8, "Filter": "((note IS NOT NULL) AND (((note)::text ~~ '%(USA)%'::text) OR ((note)::text ~~ '%(worldwide)%'::text))), (LLVM Optimized)"}]}]}, {"Node Type": "Materialize", "Parent Relationship": "Inner", "Startup Cost": 10000000000.0, "Total Cost": 1000001050564.82, "Plan Rows": 85170, "Plan Width": 4, "Plans": [{"Node Type": "Index Scan", "Parent Relationship": "Outer", "Scan Direction": "Forward", "Index Name": "company_name_pkey", "Relation Name": "company_name", "Alias": "cn", "Startup Cost": 10000000000.0, "Total Cost": 1000001050138.97, "Plan Rows": 85170, "Plan Width": 4, "Filter": "((country_code)::text = '[us]'::text)"}]}]}, {"Node Type": "Materialize", "Parent Relationship": "Inner", "Startup Cost": 10000000000.0, "Total Cost": 1000012281750.53, "Plan Rows": 1109224, "Plan Width": 21, "Plans": [{"Node Type": "Index Scan", "Parent Relationship": "Outer", "Scan Direction": "Forward", "Index Name": "title_pkey", "Relation Name": "title", "Alias": "t", "Startup Cost": 10000000000.0, "Total Cost": 1000012276204.41, "Plan Rows": 1109224, "Plan Width": 21, "Filter": "((production_year >= 2005) AND (production_year <= 2015)), (LLVM Optimized)"}]}]}, {"Node Type": "Materialize", "Parent Relationship": "Inner", "Startup Cost": 10000000000.0, "Total Cost": 1000006901010.14, "Plan Rows": 901342, "Plan Width": 20, "Plans": [{"Node Type": "Index Scan", "Parent Relationship": "Outer", "Scan Direction": "Forward", "Index Name": "person_id_aka_name", "Relation Name": "aka_name", "Alias": "an", "Startup Cost": 10000000000.0, "Total Cost": 1000006896503.43, "Plan Rows": 901342, "Plan Width": 20}]}]}, {"Node Type": "Index Scan", "Parent Relationship": "Inner", "Scan Direction": "Forward", "Index Name": "char_name_pkey", "Relation Name": "char_name", "Alias": "chn", "Startup Cost": 10000000000.0, "Total Cost": 1000012987545.51, "Plan Rows": 3140338, "Plan Width": 20}]}]}, "Unique SQL Id": 3431223514, "Planner Runtime": 106}, "explain_analyze_plan": null}, "(1, 32)": {"explain_plan": {"Plan": {"Node Type": "Aggregate", "Strategy": "Plain", "Startup Cost": 114987.2, "Total Cost": 114987.21, "Plan Rows": 1, "Plan Width": 145, "Plans": [{"Node Type": "Nested Loop", "Parent Relationship": "Outer", "Join Type": "Inner", "Startup Cost": 0.0, "Total Cost": 114987.19, "Plan Rows": 1, "Plan Width": 49, "Inner Unique": true, "Plans": [{"Node Type": "Nested Loop", "Parent Relationship": "Outer", "Join Type": "Inner", "Startup Cost": 0.0, "Total Cost": 114986.69, "Plan Rows": 1, "Plan Width": 40, "Inner Unique": true, "Plans": [{"Node Type": "Nested Loop", "Parent Relationship": "Outer", "Join Type": "Inner", "Startup Cost": 0.0, "Total Cost": 114985.67, "Plan Rows": 2, "Plan Width": 28, "Inner Unique": true, "Plans": [{"Node Type": "Nested Loop", "Parent Relationship": "Outer", "Join Type": "Inner", "Startup Cost": 0.0, "Total Cost": 114984.04, "Plan Rows": 5, "Plan Width": 32, "Inner Unique": false, "Plans": [{"Node Type": "Nested Loop", "Parent Relationship": "Outer", "Join Type": "Inner", "Startup Cost": 0.0, "Total Cost": 114978.43, "Plan Rows": 13, "Plan Width": 24, "Inner Unique": false, "Join Filter": "(ci.role_id = rt.id)", "Plans": [{"Node Type": "Seq Scan", "Parent Relationship": "Outer", "Relation Name": "role_type", "Alias": "rt", "Startup Cost": 0.0, "Total Cost": 1.15, "Plan Rows": 1, "Plan Width": 4, "Filter": "((role)::text = 'actress'::text)"}, {"Node Type": "Nested Loop", "Parent Relationship": "Inner", "Join Type": "Inner", "Startup Cost": 0.0, "Total Cost": 114975.51, "Plan Rows": 141, "Plan Width": 28, "Inner Unique": false, "Join Filter": "(n.id = ci.person_id)", "Plans": [{"Node Type": "Nested Loop", "Parent Relationship": "Outer", "Join Type": "Inner", "Startup Cost": 0.0, "Total Cost": 114700.23, "Plan Rows": 115, "Plan Width": 24, "Inner Unique": false, "Plans": [{"Node Type": "Seq Scan", "Parent Relationship": "Outer", "Relation Name": "name", "Alias": "n", "Startup Cost": 0.0, "Total Cost": 113909.35, "Plan Rows": 96, "Plan Width": 4, "Filter": "(((name)::text ~~ '%Ang%'::text) AND ((gender)::text = 'f'::text))"}, {"Node Type": "Index Scan", "Parent Relationship": "Inner", "Scan Direction": "Forward", "Index Name": "person_id_aka_name", "Relation Name": "aka_name", "Alias": "an", "Startup Cost": 0.0, "Total Cost": 8.23, "Plan Rows": 1, "Plan Width": 20, "Index Cond": "(person_id = n.id)"}]}, {"Node Type": "Index Scan", "Parent Relationship": "Inner", "Scan Direction": "Forward", "Index Name": "person_id_cast_info", "Relation Name": "cast_info", "Alias": "ci", "Startup Cost": 0.0, "Total Cost": 2.38, "Plan Rows": 1, "Plan Width": 16, "Index Cond": "(person_id = an.person_id)", "Filter": "((note)::text = ANY ('{(voice),\"(voice: Japanese version)\",\"(voice) (uncredited)\",\"(voice: English version)\"}'::text[]))"}]}]}, {"Node Type": "Index Scan", "Parent Relationship": "Inner", "Scan Direction": "Forward", "Index Name": "movie_id_movie_companies", "Relation Name": "movie_companies", "Alias": "mc", "Startup Cost": 0.0, "Total Cost": 0.42, "Plan Rows": 1, "Plan Width": 8, "Index Cond": "(movie_id = ci.movie_id)", "Filter": "((note IS NOT NULL) AND (((note)::text ~~ '%(USA)%'::text) OR ((note)::text ~~ '%(worldwide)%'::text)))"}]}, {"Node Type": "Index Scan", "Parent Relationship": "Inner", "Scan Direction": "Forward", "Index Name": "company_name_pkey", "Relation Name": "company_name", "Alias": "cn", "Startup Cost": 0.0, "Total Cost": 0.32, "Plan Rows": 1, "Plan Width": 4, "Index Cond": "(id = mc.company_id)", "Filter": "((country_code)::text = '[us]'::text)"}]}, {"Node Type": "Index Scan", "Parent Relationship": "Inner", "Scan Direction": "Forward", "Index Name": "char_name_pkey", "Relation Name": "char_name", "Alias": "chn", "Startup Cost": 0.0, "Total Cost": 0.5, "Plan Rows": 1, "Plan Width": 20, "Index Cond": "(id = ci.person_role_id)"}]}, {"Node Type": "Index Scan", "Parent Relationship": "Inner", "Scan Direction": "Forward", "Index Name": "title_pkey", "Relation Name": "title", "Alias": "t", "Startup Cost": 0.0, "Total Cost": 0.49, "Plan Rows": 1, "Plan Width": 21, "Index Cond": "(id = ci.movie_id)", "Filter": "((production_year >= 2005) AND (production_year <= 2015))"}]}]}, "Unique SQL Id": 3431223514, "Planner Runtime": 25}, "explain_analyze_plan": {"Plan": {"Node Type": "Aggregate", "Strategy": "Plain", "Startup Cost": 114987.2, "Total Cost": 114987.21, "Plan Rows": 1, "Plan Width": 145, "Actual Startup Time": 1703.594, "Actual Total Time": 1703.595, "Actual Rows": 1, "Actual Loops": 1, "Plans": [{"Node Type": "Nested Loop", "Parent Relationship": "Outer", "Join Type": "Inner", "Startup Cost": 0.0, "Total Cost": 114987.19, "Plan Rows": 1, "Plan Width": 49, "Actual Startup Time": 697.212, "Actual Total Time": 1703.364, "Actual Rows": 121, "Actual Loops": 1, "Inner Unique": true, "Plans": [{"Node Type": "Nested Loop", "Parent Relationship": "Outer", "Join Type": "Inner", "Startup Cost": 0.0, "Total Cost": 114986.69, "Plan Rows": 1, "Plan Width": 40, "Actual Startup Time": 689.723, "Actual Total Time": 1701.599, "Actual Rows": 341, "Actual Loops": 1, "Inner Unique": true, "Plans": [{"Node Type": "Nested Loop", "Parent Relationship": "Outer", "Join Type": "Inner", "Startup Cost": 0.0, "Total Cost": 114985.67, "Plan Rows": 2, "Plan Width": 28, "Actual Startup Time": 689.707, "Actual Total Time": 1700.005, "Actual Rows": 359, "Actual Loops": 1, "Inner Unique": true, "Plans": [{"Node Type": "Nested Loop", "Parent Relationship": "Outer", "Join Type": "Inner", "Startup Cost": 0.0, "Total Cost": 114984.04, "Plan Rows": 5, "Plan Width": 32, "Actual Startup Time": 689.678, "Actual Total Time": 1697.916, "Actual Rows": 373, "Actual Loops": 1, "Inner Unique": false, "Plans": [{"Node Type": "Nested Loop", "Parent Relationship": "Outer", "Join Type": "Inner", "Startup Cost": 0.0, "Total Cost": 114978.43, "Plan Rows": 13, "Plan Width": 24, "Actual Startup Time": 688.314, "Actual Total Time": 1693.763, "Actual Rows": 425, "Actual Loops": 1, "Inner Unique": false, "Join Filter": "(ci.role_id = rt.id)", "Rows Removed by Join Filter": 0, "Plans": [{"Node Type": "Seq Scan", "Parent Relationship": "Outer", "Relation Name": "role_type", "Alias": "rt", "Startup Cost": 0.0, "Total Cost": 1.15, "Plan Rows": 1, "Plan Width": 4, "Actual Startup Time": 0.039, "Actual Total Time": 0.045, "Actual Rows": 1, "Actual Loops": 1, "Filter": "((role)::text = 'actress'::text)", "Rows Removed by Filter": 11}, {"Node Type": "Nested Loop", "Parent Relationship": "Inner", "Join Type": "Inner", "Startup Cost": 0.0, "Total Cost": 114975.51, "Plan Rows": 141, "Plan Width": 28, "Actual Startup Time": 688.266, "Actual Total Time": 1693.541, "Actual Rows": 425, "Actual Loops": 1, "Inner Unique": false, "Join Filter": "(n.id = ci.person_id)", "Rows Removed by Join Filter": 0, "Plans": [{"Node Type": "Nested Loop", "Parent Relationship": "Outer", "Join Type": "Inner", "Startup Cost": 0.0, "Total Cost": 114700.23, "Plan Rows": 115, "Plan Width": 24, "Actual Startup Time": 673.28, "Actual Total Time": 1644.68, "Actual Rows": 1558, "Actual Loops": 1, "Inner Unique": false, "Plans": [{"Node Type": "Seq Scan", "Parent Relationship": "Outer", "Relation Name": "name", "Alias": "n", "Startup Cost": 0.0, "Total Cost": 113909.35, "Plan Rows": 96, "Plan Width": 4, "Actual Startup Time": 671.583, "Actual Total Time": 1622.951, "Actual Rows": 6768, "Actual Loops": 1, "Filter": "(((name)::text ~~ '%Ang%'::text) AND ((gender)::text = 'f'::text))", "Rows Removed by Filter": 4160722}, {"Node Type": "Index Scan", "Parent Relationship": "Inner", "Scan Direction": "Forward", "Index Name": "person_id_aka_name", "Relation Name": "aka_name", "Alias": "an", "Startup Cost": 0.0, "Total Cost": 8.23, "Plan Rows": 1, "Plan Width": 20, "Actual Startup Time": 16.878, "Actual Total Time": 17.626, "Actual Rows": 1558, "Actual Loops": 6768, "Index Cond": "(person_id = n.id)", "Rows Removed by Index Recheck": 0}]}, {"Node Type": "Index Scan", "Parent Relationship": "Inner", "Scan Direction": "Forward", "Index Name": "person_id_cast_info", "Relation Name": "cast_info", "Alias": "ci", "Startup Cost": 0.0, "Total Cost": 2.38, "Plan Rows": 1, "Plan Width": 16, "Actual Startup Time": 43.065, "Actual Total Time": 47.745, "Actual Rows": 425, "Actual Loops": 1558, "Index Cond": "(person_id = an.person_id)", "Rows Removed by Index Recheck": 0, "Filter": "((note)::text = ANY ('{(voice),\"(voice: Japanese version)\",\"(voice) (uncredited)\",\"(voice: English version)\"}'::text[]))", "Rows Removed by Filter": 69057}]}]}, {"Node Type": "Index Scan", "Parent Relationship": "Inner", "Scan Direction": "Forward", "Index Name": "movie_id_movie_companies", "Relation Name": "movie_companies", "Alias": "mc", "Startup Cost": 0.0, "Total Cost": 0.42, "Plan Rows": 1, "Plan Width": 8, "Actual Startup Time": 2.627, "Actual Total Time": 3.738, "Actual Rows": 373, "Actual Loops": 425, "Index Cond": "(movie_id = ci.movie_id)", "Rows Removed by Index Recheck": 0, "Filter": "((note IS NOT NULL) AND (((note)::text ~~ '%(USA)%'::text) OR ((note)::text ~~ '%(worldwide)%'::text)))", "Rows Removed by Filter": 1538}]}, {"Node Type": "Index Scan", "Parent Relationship": "Inner", "Scan Direction": "Forward", "Index Name": "company_name_pkey", "Relation Name": "company_name", "Alias": "cn", "Startup Cost": 0.0, "Total Cost": 0.32, "Plan Rows": 1, "Plan Width": 4, "Actual Startup Time": 1.71, "Actual Total Time": 1.71, "Actual Rows": 359, "Actual Loops": 373, "Index Cond": "(id = mc.company_id)", "Rows Removed by Index Recheck": 0, "Filter": "((country_code)::text = '[us]'::text)", "Rows Removed by Filter": 14}]}, {"Node Type": "Index Scan", "Parent Relationship": "Inner", "Scan Direction": "Forward", "Index Name": "char_name_pkey", "Relation Name": "char_name", "Alias": "chn", "Startup Cost": 0.0, "Total Cost": 0.5, "Plan Rows": 1, "Plan Width": 20, "Actual Startup Time": 1.241, "Actual Total Time": 1.241, "Actual Rows": 341, "Actual Loops": 359, "Index Cond": "(id = ci.person_role_id)", "Rows Removed by Index Recheck": 0}]}, {"Node Type": "Index Scan", "Parent Relationship": "Inner", "Scan Direction": "Forward", "Index Name": "title_pkey", "Relation Name": "title", "Alias": "t", "Startup Cost": 0.0, "Total Cost": 0.49, "Plan Rows": 1, "Plan Width": 21, "Actual Startup Time": 1.484, "Actual Total Time": 1.484, "Actual Rows": 121, "Actual Loops": 341, "Index Cond": "(id = ci.movie_id)", "Rows Removed by Index Recheck": 0, "Filter": "((production_year >= 2005) AND (production_year <= 2015))", "Rows Removed by Filter": 220}]}]}, "Triggers": [], "Planner Runtime": 8, "Total Runtime": 1704.04, "Unique SQL Id": 3431223514}}, "(1, 33)": {"explain_plan": {"Plan": {"Node Type": "Aggregate", "Strategy": "Plain", "Startup Cost": 198159.35, "Total Cost": 198159.36, "Plan Rows": 1, "Plan Width": 145, "Plans": [{"Node Type": "Nested Loop", "Parent Relationship": "Outer", "Join Type": "Inner", "Startup Cost": 0.0, "Total Cost": 198159.35, "Plan Rows": 1, "Plan Width": 49, "Inner Unique": true, "Plans": [{"Node Type": "Nested Loop", "Parent Relationship": "Outer", "Join Type": "Inner", "Startup Cost": 0.0, "Total Cost": 198158.85, "Plan Rows": 1, "Plan Width": 40, "Inner Unique": true, "Plans": [{"Node Type": "Nested Loop", "Parent Relationship": "Outer", "Join Type": "Inner", "Startup Cost": 0.0, "Total Cost": 198157.83, "Plan Rows": 2, "Plan Width": 28, "Inner Unique": true, "Plans": [{"Node Type": "Nested Loop", "Parent Relationship": "Outer", "Join Type": "Inner", "Startup Cost": 0.0, "Total Cost": 198156.19, "Plan Rows": 5, "Plan Width": 32, "Inner Unique": false, "Plans": [{"Node Type": "Nested Loop", "Parent Relationship": "Outer", "Join Type": "Inner", "Startup Cost": 0.0, "Total Cost": 198150.58, "Plan Rows": 13, "Plan Width": 24, "Inner Unique": false, "Join Filter": "(ci.role_id = rt.id)", "Plans": [{"Node Type": "Index Scan", "Parent Relationship": "Outer", "Scan Direction": "Forward", "Index Name": "role_type_pkey", "Relation Name": "role_type", "Alias": "rt", "Startup Cost": 0.0, "Total Cost": 12.46, "Plan Rows": 1, "Plan Width": 4, "Filter": "((role)::text = 'actress'::text)"}, {"Node Type": "Nested Loop", "Parent Relationship": "Inner", "Join Type": "Inner", "Startup Cost": 0.0, "Total Cost": 198136.36, "Plan Rows": 141, "Plan Width": 28, "Inner Unique": false, "Join Filter": "(n.id = ci.person_id)", "Plans": [{"Node Type": "Nested Loop", "Parent Relationship": "Outer", "Join Type": "Inner", "Startup Cost": 0.0, "Total Cost": 197861.08, "Plan Rows": 115, "Plan Width": 24, "Inner Unique": false, "Plans": [{"Node Type": "Index Scan", "Parent Relationship": "Outer", "Scan Direction": "Forward", "Index Name": "name_pkey", "Relation Name": "name", "Alias": "n", "Startup Cost": 0.0, "Total Cost": 197070.2, "Plan Rows": 96, "Plan Width": 4, "Filter": "(((name)::text ~~ '%Ang%'::text) AND ((gender)::text = 'f'::text))"}, {"Node Type": "Index Scan", "Parent Relationship": "Inner", "Scan Direction": "Forward", "Index Name": "person_id_aka_name", "Relation Name": "aka_name", "Alias": "an", "Startup Cost": 0.0, "Total Cost": 8.23, "Plan Rows": 1, "Plan Width": 20, "Index Cond": "(person_id = n.id)"}]}, {"Node Type": "Index Scan", "Parent Relationship": "Inner", "Scan Direction": "Forward", "Index Name": "person_id_cast_info", "Relation Name": "cast_info", "Alias": "ci", "Startup Cost": 0.0, "Total Cost": 2.38, "Plan Rows": 1, "Plan Width": 16, "Index Cond": "(person_id = an.person_id)", "Filter": "((note)::text = ANY ('{(voice),\"(voice: Japanese version)\",\"(voice) (uncredited)\",\"(voice: English version)\"}'::text[]))"}]}]}, {"Node Type": "Index Scan", "Parent Relationship": "Inner", "Scan Direction": "Forward", "Index Name": "movie_id_movie_companies", "Relation Name": "movie_companies", "Alias": "mc", "Startup Cost": 0.0, "Total Cost": 0.42, "Plan Rows": 1, "Plan Width": 8, "Index Cond": "(movie_id = ci.movie_id)", "Filter": "((note IS NOT NULL) AND (((note)::text ~~ '%(USA)%'::text) OR ((note)::text ~~ '%(worldwide)%'::text)))"}]}, {"Node Type": "Index Scan", "Parent Relationship": "Inner", "Scan Direction": "Forward", "Index Name": "company_name_pkey", "Relation Name": "company_name", "Alias": "cn", "Startup Cost": 0.0, "Total Cost": 0.32, "Plan Rows": 1, "Plan Width": 4, "Index Cond": "(id = mc.company_id)", "Filter": "((country_code)::text = '[us]'::text)"}]}, {"Node Type": "Index Scan", "Parent Relationship": "Inner", "Scan Direction": "Forward", "Index Name": "char_name_pkey", "Relation Name": "char_name", "Alias": "chn", "Startup Cost": 0.0, "Total Cost": 0.5, "Plan Rows": 1, "Plan Width": 20, "Index Cond": "(id = ci.person_role_id)"}]}, {"Node Type": "Index Scan", "Parent Relationship": "Inner", "Scan Direction": "Forward", "Index Name": "title_pkey", "Relation Name": "title", "Alias": "t", "Startup Cost": 0.0, "Total Cost": 0.49, "Plan Rows": 1, "Plan Width": 21, "Index Cond": "(id = ci.movie_id)", "Filter": "((production_year >= 2005) AND (production_year <= 2015))"}]}]}, "Unique SQL Id": 3431223514, "Planner Runtime": 17}, "explain_analyze_plan": null}, "(1, 34)": {"explain_plan": {"Plan": {"Node Type": "Aggregate", "Strategy": "Plain", "Startup Cost": 115407.59, "Total Cost": 115407.6, "Plan Rows": 1, "Plan Width": 145, "Plans": [{"Node Type": "Nested Loop", "Parent Relationship": "Outer", "Join Type": "Inner", "Startup Cost": 6.41, "Total Cost": 115407.58, "Plan Rows": 1, "Plan Width": 49, "Inner Unique": true, "Plans": [{"Node Type": "Nested Loop", "Parent Relationship": "Outer", "Join Type": "Inner", "Startup Cost": 6.11, "Total Cost": 115403.25, "Plan Rows": 1, "Plan Width": 40, "Inner Unique": true, "Plans": [{"Node Type": "Nested Loop", "Parent Relationship": "Outer", "Join Type": "Inner", "Startup Cost": 5.85, "Total Cost": 115394.67, "Plan Rows": 2, "Plan Width": 44, "Inner Unique": true, "Plans": [{"Node Type": "Nested Loop", "Parent Relationship": "Outer", "Join Type": "Inner", "Startup Cost": 5.53, "Total Cost": 115372.99, "Plan Rows": 5, "Plan Width": 32, "Inner Unique": false, "Plans": [{"Node Type": "Nested Loop", "Parent Relationship": "Outer", "Join Type": "Inner", "Startup Cost": 5.22, "Total Cost": 115316.36, "Plan Rows": 13, "Plan Width": 24, "Inner Unique": false, "Join Filter": "(ci.role_id = rt.id)", "Plans": [{"Node Type": "Seq Scan", "Parent Relationship": "Outer", "Relation Name": "role_type", "Alias": "rt", "Startup Cost": 0.0, "Total Cost": 1.15, "Plan Rows": 1, "Plan Width": 4, "Filter": "((role)::text = 'actress'::text)"}, {"Node Type": "Nested Loop", "Parent Relationship": "Inner", "Join Type": "Inner", "Startup Cost": 5.22, "Total Cost": 115313.45, "Plan Rows": 141, "Plan Width": 28, "Inner Unique": false, "Join Filter": "(n.id = ci.person_id)", "Plans": [{"Node Type": "Nested Loop", "Parent Relationship": "Outer", "Join Type": "Inner", "Startup Cost": 4.22, "Total Cost": 114700.25, "Plan Rows": 115, "Plan Width": 24, "Inner Unique": false, "Plans": [{"Node Type": "Seq Scan", "Parent Relationship": "Outer", "Relation Name": "name", "Alias": "n", "Startup Cost": 0.0, "Total Cost": 113909.35, "Plan Rows": 96, "Plan Width": 4, "Filter": "(((name)::text ~~ '%Ang%'::text) AND ((gender)::text = 'f'::text))"}, {"Node Type": "Bitmap Heap Scan", "Parent Relationship": "Inner", "Relation Name": "aka_name", "Alias": "an", "Startup Cost": 4.22, "Total Cost": 8.23, "Plan Rows": 1, "Plan Width": 20, "Recheck Cond": "(person_id = n.id)", "Plans": [{"Node Type": "Bitmap Index Scan", "Parent Relationship": "Outer", "Index Name": "person_id_aka_name", "Startup Cost": 0.0, "Total Cost": 4.22, "Plan Rows": 1, "Plan Width": 0, "Index Cond": "(person_id = n.id)"}]}]}, {"Node Type": "Bitmap Heap Scan", "Parent Relationship": "Inner", "Relation Name": "cast_info", "Alias": "ci", "Startup Cost": 1.0, "Total Cost": 5.32, "Plan Rows": 1, "Plan Width": 16, "Recheck Cond": "(person_id = an.person_id)", "Filter": "((note)::text = ANY ('{(voice),\"(voice: Japanese version)\",\"(voice) (uncredited)\",\"(voice: English version)\"}'::text[]))", "Plans": [{"Node Type": "Bitmap Index Scan", "Parent Relationship": "Outer", "Index Name": "person_id_cast_info", "Startup Cost": 0.0, "Total Cost": 1.0, "Plan Rows": 18, "Plan Width": 0, "Index Cond": "(person_id = an.person_id)"}]}]}]}, {"Node Type": "Bitmap Heap Scan", "Parent Relationship": "Inner", "Relation Name": "movie_companies", "Alias": "mc", "Startup Cost": 0.31, "Total Cost": 4.35, "Plan Rows": 1, "Plan Width": 8, "Recheck Cond": "(movie_id = ci.movie_id)", "Filter": "((note IS NOT NULL) AND (((note)::text ~~ '%(USA)%'::text) OR ((note)::text ~~ '%(worldwide)%'::text)))", "Plans": [{"Node Type": "Bitmap Index Scan", "Parent Relationship": "Outer", "Index Name": "movie_id_movie_companies", "Startup Cost": 0.0, "Total Cost": 0.31, "Plan Rows": 2, "Plan Width": 0, "Index Cond": "(movie_id = ci.movie_id)"}]}]}, {"Node Type": "Bitmap Heap Scan", "Parent Relationship": "Inner", "Relation Name": "char_name", "Alias": "chn", "Startup Cost": 0.31, "Total Cost": 4.33, "Plan Rows": 1, "Plan Width": 20, "Recheck Cond": "(id = ci.person_role_id)", "Plans": [{"Node Type": "Bitmap Index Scan", "Parent Relationship": "Outer", "Index Name": "char_name_pkey", "Startup Cost": 0.0, "Total Cost": 0.31, "Plan Rows": 1, "Plan Width": 0, "Index Cond": "(id = ci.person_role_id)"}]}]}, {"Node Type": "Bitmap Heap Scan", "Parent Relationship": "Inner", "Relation Name": "company_name", "Alias": "cn", "Startup Cost": 0.26, "Total Cost": 4.28, "Plan Rows": 1, "Plan Width": 4, "Recheck Cond": "(id = mc.company_id)", "Filter": "((country_code)::text = '[us]'::text)", "Plans": [{"Node Type": "Bitmap Index Scan", "Parent Relationship": "Outer", "Index Name": "company_name_pkey", "Startup Cost": 0.0, "Total Cost": 0.26, "Plan Rows": 1, "Plan Width": 0, "Index Cond": "(id = mc.company_id)"}]}]}, {"Node Type": "Bitmap Heap Scan", "Parent Relationship": "Inner", "Relation Name": "title", "Alias": "t", "Startup Cost": 0.3, "Total Cost": 4.32, "Plan Rows": 1, "Plan Width": 21, "Recheck Cond": "(id = ci.movie_id)", "Filter": "((production_year >= 2005) AND (production_year <= 2015))", "Plans": [{"Node Type": "Bitmap Index Scan", "Parent Relationship": "Outer", "Index Name": "title_pkey", "Startup Cost": 0.0, "Total Cost": 0.3, "Plan Rows": 1, "Plan Width": 0, "Index Cond": "(id = ci.movie_id)"}]}]}]}, "Unique SQL Id": 3431223514, "Planner Runtime": 41}, "explain_analyze_plan": {"Plan": {"Node Type": "Aggregate", "Strategy": "Plain", "Startup Cost": 115407.59, "Total Cost": 115407.6, "Plan Rows": 1, "Plan Width": 145, "Actual Startup Time": 1714.79, "Actual Total Time": 1714.791, "Actual Rows": 1, "Actual Loops": 1, "Plans": [{"Node Type": "Nested Loop", "Parent Relationship": "Outer", "Join Type": "Inner", "Startup Cost": 6.41, "Total Cost": 115407.58, "Plan Rows": 1, "Plan Width": 49, "Actual Startup Time": 705.76, "Actual Total Time": 1714.523, "Actual Rows": 121, "Actual Loops": 1, "Inner Unique": true, "Plans": [{"Node Type": "Nested Loop", "Parent Relationship": "Outer", "Join Type": "Inner", "Startup Cost": 6.11, "Total Cost": 115403.25, "Plan Rows": 1, "Plan Width": 40, "Actual Startup Time": 697.483, "Actual Total Time": 1712.219, "Actual Rows": 341, "Actual Loops": 1, "Inner Unique": true, "Plans": [{"Node Type": "Nested Loop", "Parent Relationship": "Outer", "Join Type": "Inner", "Startup Cost": 5.85, "Total Cost": 115394.67, "Plan Rows": 2, "Plan Width": 44, "Actual Startup Time": 697.449, "Actual Total Time": 1709.881, "Actual Rows": 348, "Actual Loops": 1, "Inner Unique": true, "Plans": [{"Node Type": "Nested Loop", "Parent Relationship": "Outer", "Join Type": "Inner", "Startup Cost": 5.53, "Total Cost": 115372.99, "Plan Rows": 5, "Plan Width": 32, "Actual Startup Time": 697.434, "Actual Total Time": 1707.597, "Actual Rows": 373, "Actual Loops": 1, "Inner Unique": false, "Plans": [{"Node Type": "Nested Loop", "Parent Relationship": "Outer", "Join Type": "Inner", "Startup Cost": 5.22, "Total Cost": 115316.36, "Plan Rows": 13, "Plan Width": 24, "Actual Startup Time": 695.863, "Actual Total Time": 1702.159, "Actual Rows": 425, "Actual Loops": 1, "Inner Unique": false, "Join Filter": "(ci.role_id = rt.id)", "Rows Removed by Join Filter": 0, "Plans": [{"Node Type": "Seq Scan", "Parent Relationship": "Outer", "Relation Name": "role_type", "Alias": "rt", "Startup Cost": 0.0, "Total Cost": 1.15, "Plan Rows": 1, "Plan Width": 4, "Actual Startup Time": 0.028, "Actual Total Time": 0.034, "Actual Rows": 1, "Actual Loops": 1, "Filter": "((role)::text = 'actress'::text)", "Rows Removed by Filter": 11}, {"Node Type": "Nested Loop", "Parent Relationship": "Inner", "Join Type": "Inner", "Startup Cost": 5.22, "Total Cost": 115313.45, "Plan Rows": 141, "Plan Width": 28, "Actual Startup Time": 695.827, "Actual Total Time": 1701.909, "Actual Rows": 425, "Actual Loops": 1, "Inner Unique": false, "Join Filter": "(n.id = ci.person_id)", "Rows Removed by Join Filter": 0, "Plans": [{"Node Type": "Nested Loop", "Parent Relationship": "Outer", "Join Type": "Inner", "Startup Cost": 4.22, "Total Cost": 114700.25, "Plan Rows": 115, "Plan Width": 24, "Actual Startup Time": 679.262, "Actual Total Time": 1650.821, "Actual Rows": 1558, "Actual Loops": 1, "Inner Unique": false, "Plans": [{"Node Type": "Seq Scan", "Parent Relationship": "Outer", "Relation Name": "name", "Alias": "n", "Startup Cost": 0.0, "Total Cost": 113909.35, "Plan Rows": 96, "Plan Width": 4, "Actual Startup Time": 677.486, "Actual Total Time": 1619.751, "Actual Rows": 6768, "Actual Loops": 1, "Filter": "(((name)::text ~~ '%Ang%'::text) AND ((gender)::text = 'f'::text))", "Rows Removed by Filter": 4160722}, {"Node Type": "Bitmap Heap Scan", "Parent Relationship": "Inner", "Relation Name": "aka_name", "Alias": "an", "Startup Cost": 4.22, "Total Cost": 8.23, "Plan Rows": 1, "Plan Width": 20, "Actual Startup Time": 22.427, "Actual Total Time": 22.92, "Actual Rows": 1558, "Actual Loops": 6768, "Recheck Cond": "(person_id = n.id)", "Rows Removed by Index Recheck": 0, "Exact Heap Blocks": 1014, "Lossy Heap Blocks": 1014, "Plans": [{"Node Type": "Bitmap Index Scan", "Parent Relationship": "Outer", "Index Name": "person_id_aka_name", "Startup Cost": 0.0, "Total Cost": 4.22, "Plan Rows": 1, "Plan Width": 0, "Actual Startup Time": 17.171, "Actual Total Time": 17.171, "Actual Rows": 1558, "Actual Loops": 6768, "Index Cond": "(person_id = n.id)"}]}]}, {"Node Type": "Bitmap Heap Scan", "Parent Relationship": "Inner", "Relation Name": "cast_info", "Alias": "ci", "Startup Cost": 1.0, "Total Cost": 5.32, "Plan Rows": 1, "Plan Width": 16, "Actual Startup Time": 45.491, "Actual Total Time": 48.716, "Actual Rows": 425, "Actual Loops": 1558, "Recheck Cond": "(person_id = an.person_id)", "Rows Removed by Index Recheck": 0, "Filter": "((note)::text = ANY ('{(voice),\"(voice: Japanese version)\",\"(voice) (uncredited)\",\"(voice: English version)\"}'::text[]))", "Rows Removed by Filter": 69057, "Exact Heap Blocks": 2627, "Lossy Heap Blocks": 2627, "Plans": [{"Node Type": "Bitmap Index Scan", "Parent Relationship": "Outer", "Index Name": "person_id_cast_info", "Startup Cost": 0.0, "Total Cost": 1.0, "Plan Rows": 18, "Plan Width": 0, "Actual Startup Time": 14.692, "Actual Total Time": 14.692, "Actual Rows": 69482, "Actual Loops": 1558, "Index Cond": "(person_id = an.person_id)"}]}]}]}, {"Node Type": "Bitmap Heap Scan", "Parent Relationship": "Inner", "Relation Name": "movie_companies", "Alias": "mc", "Startup Cost": 0.31, "Total Cost": 4.35, "Plan Rows": 1, "Plan Width": 8, "Actual Startup Time": 3.749, "Actual Total Time": 4.662, "Actual Rows": 373, "Actual Loops": 425, "Recheck Cond": "(movie_id = ci.movie_id)", "Rows Removed by Index Recheck": 0, "Filter": "((note IS NOT NULL) AND (((note)::text ~~ '%(USA)%'::text) OR ((note)::text ~~ '%(worldwide)%'::text)))", "Rows Removed by Filter": 1538, "Exact Heap Blocks": 580, "Lossy Heap Blocks": 580, "Plans": [{"Node Type": "Bitmap Index Scan", "Parent Relationship": "Outer", "Index Name": "movie_id_movie_companies", "Startup Cost": 0.0, "Total Cost": 0.31, "Plan Rows": 2, "Plan Width": 0, "Actual Startup Time": 1.963, "Actual Total Time": 1.963, "Actual Rows": 1911, "Actual Loops": 425, "Index Cond": "(movie_id = ci.movie_id)"}]}]}, {"Node Type": "Bitmap Heap Scan", "Parent Relationship": "Inner", "Relation Name": "char_name", "Alias": "chn", "Startup Cost": 0.31, "Total Cost": 4.33, "Plan Rows": 1, "Plan Width": 20, "Actual Startup Time": 1.695, "Actual Total Time": 1.695, "Actual Rows": 348, "Actual Loops": 373, "Recheck Cond": "(id = ci.person_role_id)", "Rows Removed by Index Recheck": 0, "Exact Heap Blocks": 348, "Lossy Heap Blocks": 348, "Plans": [{"Node Type": "Bitmap Index Scan", "Parent Relationship": "Outer", "Index Name": "char_name_pkey", "Startup Cost": 0.0, "Total Cost": 0.31, "Plan Rows": 1, "Plan Width": 0, "Actual Startup Time": 1.077, "Actual Total Time": 1.077, "Actual Rows": 348, "Actual Loops": 373, "Index Cond": "(id = ci.person_role_id)"}]}]}, {"Node Type": "Bitmap Heap Scan", "Parent Relationship": "Inner", "Relation Name": "company_name", "Alias": "cn", "Startup Cost": 0.26, "Total Cost": 4.28, "Plan Rows": 1, "Plan Width": 4, "Actual Startup Time": 1.795, "Actual Total Time": 1.795, "Actual Rows": 341, "Actual Loops": 348, "Recheck Cond": "(id = mc.company_id)", "Rows Removed by Index Recheck": 0, "Filter": "((country_code)::text = '[us]'::text)", "Rows Removed by Filter": 7, "Exact Heap Blocks": 348, "Lossy Heap Blocks": 348, "Plans": [{"Node Type": "Bitmap Index Scan", "Parent Relationship": "Outer", "Index Name": "company_name_pkey", "Startup Cost": 0.0, "Total Cost": 0.26, "Plan Rows": 1, "Plan Width": 0, "Actual Startup Time": 1.017, "Actual Total Time": 1.017, "Actual Rows": 348, "Actual Loops": 348, "Index Cond": "(id = mc.company_id)"}]}]}, {"Node Type": "Bitmap Heap Scan", "Parent Relationship": "Inner", "Relation Name": "title", "Alias": "t", "Startup Cost": 0.3, "Total Cost": 4.32, "Plan Rows": 1, "Plan Width": 21, "Actual Startup Time": 1.806, "Actual Total Time": 1.806, "Actual Rows": 121, "Actual Loops": 341, "Recheck Cond": "(id = ci.movie_id)", "Rows Removed by Index Recheck": 0, "Filter": "((production_year >= 2005) AND (production_year <= 2015))", "Rows Removed by Filter": 220, "Exact Heap Blocks": 341, "Lossy Heap Blocks": 341, "Plans": [{"Node Type": "Bitmap Index Scan", "Parent Relationship": "Outer", "Index Name": "title_pkey", "Startup Cost": 0.0, "Total Cost": 0.3, "Plan Rows": 1, "Plan Width": 0, "Actual Startup Time": 1.095, "Actual Total Time": 1.095, "Actual Rows": 341, "Actual Loops": 341, "Index Cond": "(id = ci.movie_id)"}]}]}]}, "Triggers": [], "Planner Runtime": 41, "Total Runtime": 1715.171, "Unique SQL Id": 3431223514}}, "(1, 35)": {"explain_plan": {"Plan": {"Node Type": "Aggregate", "Strategy": "Plain", "Startup Cost": 1000016655188.3, "Total Cost": 1000016655188.31, "Plan Rows": 1, "Plan Width": 145, "Plans": [{"Node Type": "Nested Loop", "Parent Relationship": "Outer", "Join Type": "Inner", "Startup Cost": 10000000002.78, "Total Cost": 1000016655188.3, "Plan Rows": 1, "Plan Width": 49, "Inner Unique": true, "Join Filter": "(ci.person_id = n.id)", "Plans": [{"Node Type": "Nested Loop", "Parent Relationship": "Outer", "Join Type": "Inner", "Startup Cost": 10000000002.45, "Total Cost": 1000016612909.02, "Plan Rows": 9704, "Plan Width": 57, "Inner Unique": true, "Plans": [{"Node Type": "Nested Loop", "Parent Relationship": "Outer", "Join Type": "Inner", "Startup Cost": 10000000002.15, "Total Cost": 1000016578899.44, "Plan Rows": 7855, "Plan Width": 48, "Inner Unique": true, "Plans": [{"Node Type": "Nested Loop", "Parent Relationship": "Outer", "Join Type": "Inner", "Startup Cost": 10000000001.89, "Total Cost": 1000016510409.12, "Plan Rows": 15972, "Plan Width": 52, "Inner Unique": true, "Plans": [{"Node Type": "Nested Loop", "Parent Relationship": "Outer", "Join Type": "Inner", "Startup Cost": 10000000001.57, "Total Cost": 1000016367541.65, "Plan Rows": 32949, "Plan Width": 40, "Inner Unique": false, "Plans": [{"Node Type": "Nested Loop", "Parent Relationship": "Outer", "Join Type": "Inner", "Startup Cost": 10000000001.26, "Total Cost": 1000015972498.77, "Plan Rows": 90685, "Plan Width": 32, "Inner Unique": true, "Plans": [{"Node Type": "Nested Loop", "Parent Relationship": "Outer", "Join Type": "Inner", "Startup Cost": 10000000001.0, "Total Cost": 1000011700317.58, "Plan Rows": 997530, "Plan Width": 36, "Inner Unique": false, "Plans": [{"Node Type": "Index Scan", "Parent Relationship": "Outer", "Scan Direction": "Forward", "Index Name": "person_id_aka_name", "Relation Name": "aka_name", "Alias": "an", "Startup Cost": 10000000000.0, "Total Cost": 1000006896503.43, "Plan Rows": 901342, "Plan Width": 20}, {"Node Type": "Bitmap Heap Scan", "Parent Relationship": "Inner", "Relation Name": "cast_info", "Alias": "ci", "Startup Cost": 1.0, "Total Cost": 5.32, "Plan Rows": 1, "Plan Width": 16, "Recheck Cond": "(person_id = an.person_id)", "Filter": "((note)::text = ANY ('{(voice),\"(voice: Japanese version)\",\"(voice) (uncredited)\",\"(voice: English version)\"}'::text[]))", "Plans": [{"Node Type": "Bitmap Index Scan", "Parent Relationship": "Outer", "Index Name": "person_id_cast_info", "Startup Cost": 0.0, "Total Cost": 1.0, "Plan Rows": 18, "Plan Width": 0, "Index Cond": "(person_id = an.person_id)"}]}]}, {"Node Type": "Bitmap Heap Scan", "Parent Relationship": "Inner", "Relation Name": "role_type", "Alias": "rt", "Startup Cost": 0.26, "Total Cost": 4.27, "Plan Rows": 1, "Plan Width": 4, "Recheck Cond": "(id = ci.role_id)", "Filter": "((role)::text = 'actress'::text)", "Plans": [{"Node Type": "Bitmap Index Scan", "Parent Relationship": "Outer", "Index Name": "role_type_pkey", "Startup Cost": 0.0, "Total Cost": 0.26, "Plan Rows": 1, "Plan Width": 0, "Index Cond": "(id = ci.role_id)"}]}]}, {"Node Type": "Bitmap Heap Scan", "Parent Relationship": "Inner", "Relation Name": "movie_companies", "Alias": "mc", "Startup Cost": 0.31, "Total Cost": 4.35, "Plan Rows": 1, "Plan Width": 8, "Recheck Cond": "(movie_id = ci.movie_id)", "Filter": "((note IS NOT NULL) AND (((note)::text ~~ '%(USA)%'::text) OR ((note)::text ~~ '%(worldwide)%'::text)))", "Plans": [{"Node Type": "Bitmap Index Scan", "Parent Relationship": "Outer", "Index Name": "movie_id_movie_companies", "Startup Cost": 0.0, "Total Cost": 0.31, "Plan Rows": 2, "Plan Width": 0, "Index Cond": "(movie_id = ci.movie_id)"}]}]}, {"Node Type": "Bitmap Heap Scan", "Parent Relationship": "Inner", "Relation Name": "char_name", "Alias": "chn", "Startup Cost": 0.31, "Total Cost": 4.33, "Plan Rows": 1, "Plan Width": 20, "Recheck Cond": "(id = ci.person_role_id)", "Plans": [{"Node Type": "Bitmap Index Scan", "Parent Relationship": "Outer", "Index Name": "char_name_pkey", "Startup Cost": 0.0, "Total Cost": 0.31, "Plan Rows": 1, "Plan Width": 0, "Index Cond": "(id = ci.person_role_id)"}]}]}, {"Node Type": "Bitmap Heap Scan", "Parent Relationship": "Inner", "Relation Name": "company_name", "Alias": "cn", "Startup Cost": 0.26, "Total Cost": 4.28, "Plan Rows": 1, "Plan Width": 4, "Recheck Cond": "(id = mc.company_id)", "Filter": "((country_code)::text = '[us]'::text)", "Plans": [{"Node Type": "Bitmap Index Scan", "Parent Relationship": "Outer", "Index Name": "company_name_pkey", "Startup Cost": 0.0, "Total Cost": 0.26, "Plan Rows": 1, "Plan Width": 0, "Index Cond": "(id = mc.company_id)"}]}]}, {"Node Type": "Bitmap Heap Scan", "Parent Relationship": "Inner", "Relation Name": "title", "Alias": "t", "Startup Cost": 0.3, "Total Cost": 4.32, "Plan Rows": 1, "Plan Width": 21, "Recheck Cond": "(id = ci.movie_id)", "Filter": "((production_year >= 2005) AND (production_year <= 2015))", "Plans": [{"Node Type": "Bitmap Index Scan", "Parent Relationship": "Outer", "Index Name": "title_pkey", "Startup Cost": 0.0, "Total Cost": 0.3, "Plan Rows": 1, "Plan Width": 0, "Index Cond": "(id = ci.movie_id)"}]}]}, {"Node Type": "Bitmap Heap Scan", "Parent Relationship": "Inner", "Relation Name": "name", "Alias": "n", "Startup Cost": 0.33, "Total Cost": 4.34, "Plan Rows": 1, "Plan Width": 4, "Recheck Cond": "(id = an.person_id)", "Filter": "(((name)::text ~~ '%Ang%'::text) AND ((gender)::text = 'f'::text))", "Plans": [{"Node Type": "Bitmap Index Scan", "Parent Relationship": "Outer", "Index Name": "name_pkey", "Startup Cost": 0.0, "Total Cost": 0.33, "Plan Rows": 1, "Plan Width": 0, "Index Cond": "(id = an.person_id)"}]}]}]}, "Unique SQL Id": 3431223514, "Planner Runtime": 8}, "explain_analyze_plan": null}, "(1, 36)": {"explain_plan": {"Plan": {"Node Type": "Aggregate", "Strategy": "Plain", "Startup Cost": 114987.2, "Total Cost": 114987.21, "Plan Rows": 1, "Plan Width": 145, "Plans": [{"Node Type": "Nested Loop", "Parent Relationship": "Outer", "Join Type": "Inner", "Startup Cost": 0.0, "Total Cost": 114987.19, "Plan Rows": 1, "Plan Width": 49, "Inner Unique": true, "Plans": [{"Node Type": "Nested Loop", "Parent Relationship": "Outer", "Join Type": "Inner", "Startup Cost": 0.0, "Total Cost": 114986.69, "Plan Rows": 1, "Plan Width": 40, "Inner Unique": true, "Plans": [{"Node Type": "Nested Loop", "Parent Relationship": "Outer", "Join Type": "Inner", "Startup Cost": 0.0, "Total Cost": 114985.67, "Plan Rows": 2, "Plan Width": 28, "Inner Unique": true, "Plans": [{"Node Type": "Nested Loop", "Parent Relationship": "Outer", "Join Type": "Inner", "Startup Cost": 0.0, "Total Cost": 114984.04, "Plan Rows": 5, "Plan Width": 32, "Inner Unique": false, "Plans": [{"Node Type": "Nested Loop", "Parent Relationship": "Outer", "Join Type": "Inner", "Startup Cost": 0.0, "Total Cost": 114978.43, "Plan Rows": 13, "Plan Width": 24, "Inner Unique": false, "Join Filter": "(ci.role_id = rt.id)", "Plans": [{"Node Type": "Seq Scan", "Parent Relationship": "Outer", "Relation Name": "role_type", "Alias": "rt", "Startup Cost": 0.0, "Total Cost": 1.15, "Plan Rows": 1, "Plan Width": 4, "Filter": "((role)::text = 'actress'::text)"}, {"Node Type": "Nested Loop", "Parent Relationship": "Inner", "Join Type": "Inner", "Startup Cost": 0.0, "Total Cost": 114975.51, "Plan Rows": 141, "Plan Width": 28, "Inner Unique": false, "Join Filter": "(n.id = ci.person_id)", "Plans": [{"Node Type": "Nested Loop", "Parent Relationship": "Outer", "Join Type": "Inner", "Startup Cost": 0.0, "Total Cost": 114700.23, "Plan Rows": 115, "Plan Width": 24, "Inner Unique": false, "Plans": [{"Node Type": "Seq Scan", "Parent Relationship": "Outer", "Relation Name": "name", "Alias": "n", "Startup Cost": 0.0, "Total Cost": 113909.35, "Plan Rows": 96, "Plan Width": 4, "Filter": "(((name)::text ~~ '%Ang%'::text) AND ((gender)::text = 'f'::text))"}, {"Node Type": "Index Scan", "Parent Relationship": "Inner", "Scan Direction": "Forward", "Index Name": "person_id_aka_name", "Relation Name": "aka_name", "Alias": "an", "Startup Cost": 0.0, "Total Cost": 8.23, "Plan Rows": 1, "Plan Width": 20, "Index Cond": "(person_id = n.id)"}]}, {"Node Type": "Index Scan", "Parent Relationship": "Inner", "Scan Direction": "Forward", "Index Name": "person_id_cast_info", "Relation Name": "cast_info", "Alias": "ci", "Startup Cost": 0.0, "Total Cost": 2.38, "Plan Rows": 1, "Plan Width": 16, "Index Cond": "(person_id = an.person_id)", "Filter": "((note)::text = ANY ('{(voice),\"(voice: Japanese version)\",\"(voice) (uncredited)\",\"(voice: English version)\"}'::text[]))"}]}]}, {"Node Type": "Index Scan", "Parent Relationship": "Inner", "Scan Direction": "Forward", "Index Name": "movie_id_movie_companies", "Relation Name": "movie_companies", "Alias": "mc", "Startup Cost": 0.0, "Total Cost": 0.42, "Plan Rows": 1, "Plan Width": 8, "Index Cond": "(movie_id = ci.movie_id)", "Filter": "((note IS NOT NULL) AND (((note)::text ~~ '%(USA)%'::text) OR ((note)::text ~~ '%(worldwide)%'::text)))"}]}, {"Node Type": "Index Scan", "Parent Relationship": "Inner", "Scan Direction": "Forward", "Index Name": "company_name_pkey", "Relation Name": "company_name", "Alias": "cn", "Startup Cost": 0.0, "Total Cost": 0.32, "Plan Rows": 1, "Plan Width": 4, "Index Cond": "(id = mc.company_id)", "Filter": "((country_code)::text = '[us]'::text)"}]}, {"Node Type": "Index Scan", "Parent Relationship": "Inner", "Scan Direction": "Forward", "Index Name": "char_name_pkey", "Relation Name": "char_name", "Alias": "chn", "Startup Cost": 0.0, "Total Cost": 0.5, "Plan Rows": 1, "Plan Width": 20, "Index Cond": "(id = ci.person_role_id)"}]}, {"Node Type": "Index Scan", "Parent Relationship": "Inner", "Scan Direction": "Forward", "Index Name": "title_pkey", "Relation Name": "title", "Alias": "t", "Startup Cost": 0.0, "Total Cost": 0.49, "Plan Rows": 1, "Plan Width": 21, "Index Cond": "(id = ci.movie_id)", "Filter": "((production_year >= 2005) AND (production_year <= 2015))"}]}]}, "Unique SQL Id": 3431223514, "Planner Runtime": 25}, "explain_analyze_plan": {"Plan": {"Node Type": "Aggregate", "Strategy": "Plain", "Startup Cost": 114987.2, "Total Cost": 114987.21, "Plan Rows": 1, "Plan Width": 145, "Actual Startup Time": 1703.594, "Actual Total Time": 1703.595, "Actual Rows": 1, "Actual Loops": 1, "Plans": [{"Node Type": "Nested Loop", "Parent Relationship": "Outer", "Join Type": "Inner", "Startup Cost": 0.0, "Total Cost": 114987.19, "Plan Rows": 1, "Plan Width": 49, "Actual Startup Time": 697.212, "Actual Total Time": 1703.364, "Actual Rows": 121, "Actual Loops": 1, "Inner Unique": true, "Plans": [{"Node Type": "Nested Loop", "Parent Relationship": "Outer", "Join Type": "Inner", "Startup Cost": 0.0, "Total Cost": 114986.69, "Plan Rows": 1, "Plan Width": 40, "Actual Startup Time": 689.723, "Actual Total Time": 1701.599, "Actual Rows": 341, "Actual Loops": 1, "Inner Unique": true, "Plans": [{"Node Type": "Nested Loop", "Parent Relationship": "Outer", "Join Type": "Inner", "Startup Cost": 0.0, "Total Cost": 114985.67, "Plan Rows": 2, "Plan Width": 28, "Actual Startup Time": 689.707, "Actual Total Time": 1700.005, "Actual Rows": 359, "Actual Loops": 1, "Inner Unique": true, "Plans": [{"Node Type": "Nested Loop", "Parent Relationship": "Outer", "Join Type": "Inner", "Startup Cost": 0.0, "Total Cost": 114984.04, "Plan Rows": 5, "Plan Width": 32, "Actual Startup Time": 689.678, "Actual Total Time": 1697.916, "Actual Rows": 373, "Actual Loops": 1, "Inner Unique": false, "Plans": [{"Node Type": "Nested Loop", "Parent Relationship": "Outer", "Join Type": "Inner", "Startup Cost": 0.0, "Total Cost": 114978.43, "Plan Rows": 13, "Plan Width": 24, "Actual Startup Time": 688.314, "Actual Total Time": 1693.763, "Actual Rows": 425, "Actual Loops": 1, "Inner Unique": false, "Join Filter": "(ci.role_id = rt.id)", "Rows Removed by Join Filter": 0, "Plans": [{"Node Type": "Seq Scan", "Parent Relationship": "Outer", "Relation Name": "role_type", "Alias": "rt", "Startup Cost": 0.0, "Total Cost": 1.15, "Plan Rows": 1, "Plan Width": 4, "Actual Startup Time": 0.039, "Actual Total Time": 0.045, "Actual Rows": 1, "Actual Loops": 1, "Filter": "((role)::text = 'actress'::text)", "Rows Removed by Filter": 11}, {"Node Type": "Nested Loop", "Parent Relationship": "Inner", "Join Type": "Inner", "Startup Cost": 0.0, "Total Cost": 114975.51, "Plan Rows": 141, "Plan Width": 28, "Actual Startup Time": 688.266, "Actual Total Time": 1693.541, "Actual Rows": 425, "Actual Loops": 1, "Inner Unique": false, "Join Filter": "(n.id = ci.person_id)", "Rows Removed by Join Filter": 0, "Plans": [{"Node Type": "Nested Loop", "Parent Relationship": "Outer", "Join Type": "Inner", "Startup Cost": 0.0, "Total Cost": 114700.23, "Plan Rows": 115, "Plan Width": 24, "Actual Startup Time": 673.28, "Actual Total Time": 1644.68, "Actual Rows": 1558, "Actual Loops": 1, "Inner Unique": false, "Plans": [{"Node Type": "Seq Scan", "Parent Relationship": "Outer", "Relation Name": "name", "Alias": "n", "Startup Cost": 0.0, "Total Cost": 113909.35, "Plan Rows": 96, "Plan Width": 4, "Actual Startup Time": 671.583, "Actual Total Time": 1622.951, "Actual Rows": 6768, "Actual Loops": 1, "Filter": "(((name)::text ~~ '%Ang%'::text) AND ((gender)::text = 'f'::text))", "Rows Removed by Filter": 4160722}, {"Node Type": "Index Scan", "Parent Relationship": "Inner", "Scan Direction": "Forward", "Index Name": "person_id_aka_name", "Relation Name": "aka_name", "Alias": "an", "Startup Cost": 0.0, "Total Cost": 8.23, "Plan Rows": 1, "Plan Width": 20, "Actual Startup Time": 16.878, "Actual Total Time": 17.626, "Actual Rows": 1558, "Actual Loops": 6768, "Index Cond": "(person_id = n.id)", "Rows Removed by Index Recheck": 0}]}, {"Node Type": "Index Scan", "Parent Relationship": "Inner", "Scan Direction": "Forward", "Index Name": "person_id_cast_info", "Relation Name": "cast_info", "Alias": "ci", "Startup Cost": 0.0, "Total Cost": 2.38, "Plan Rows": 1, "Plan Width": 16, "Actual Startup Time": 43.065, "Actual Total Time": 47.745, "Actual Rows": 425, "Actual Loops": 1558, "Index Cond": "(person_id = an.person_id)", "Rows Removed by Index Recheck": 0, "Filter": "((note)::text = ANY ('{(voice),\"(voice: Japanese version)\",\"(voice) (uncredited)\",\"(voice: English version)\"}'::text[]))", "Rows Removed by Filter": 69057}]}]}, {"Node Type": "Index Scan", "Parent Relationship": "Inner", "Scan Direction": "Forward", "Index Name": "movie_id_movie_companies", "Relation Name": "movie_companies", "Alias": "mc", "Startup Cost": 0.0, "Total Cost": 0.42, "Plan Rows": 1, "Plan Width": 8, "Actual Startup Time": 2.627, "Actual Total Time": 3.738, "Actual Rows": 373, "Actual Loops": 425, "Index Cond": "(movie_id = ci.movie_id)", "Rows Removed by Index Recheck": 0, "Filter": "((note IS NOT NULL) AND (((note)::text ~~ '%(USA)%'::text) OR ((note)::text ~~ '%(worldwide)%'::text)))", "Rows Removed by Filter": 1538}]}, {"Node Type": "Index Scan", "Parent Relationship": "Inner", "Scan Direction": "Forward", "Index Name": "company_name_pkey", "Relation Name": "company_name", "Alias": "cn", "Startup Cost": 0.0, "Total Cost": 0.32, "Plan Rows": 1, "Plan Width": 4, "Actual Startup Time": 1.71, "Actual Total Time": 1.71, "Actual Rows": 359, "Actual Loops": 373, "Index Cond": "(id = mc.company_id)", "Rows Removed by Index Recheck": 0, "Filter": "((country_code)::text = '[us]'::text)", "Rows Removed by Filter": 14}]}, {"Node Type": "Index Scan", "Parent Relationship": "Inner", "Scan Direction": "Forward", "Index Name": "char_name_pkey", "Relation Name": "char_name", "Alias": "chn", "Startup Cost": 0.0, "Total Cost": 0.5, "Plan Rows": 1, "Plan Width": 20, "Actual Startup Time": 1.241, "Actual Total Time": 1.241, "Actual Rows": 341, "Actual Loops": 359, "Index Cond": "(id = ci.person_role_id)", "Rows Removed by Index Recheck": 0}]}, {"Node Type": "Index Scan", "Parent Relationship": "Inner", "Scan Direction": "Forward", "Index Name": "title_pkey", "Relation Name": "title", "Alias": "t", "Startup Cost": 0.0, "Total Cost": 0.49, "Plan Rows": 1, "Plan Width": 21, "Actual Startup Time": 1.484, "Actual Total Time": 1.484, "Actual Rows": 121, "Actual Loops": 341, "Index Cond": "(id = ci.movie_id)", "Rows Removed by Index Recheck": 0, "Filter": "((production_year >= 2005) AND (production_year <= 2015))", "Rows Removed by Filter": 220}]}]}, "Triggers": [], "Planner Runtime": 8, "Total Runtime": 1704.04, "Unique SQL Id": 3431223514}}, "(1, 37)": {"explain_plan": {"Plan": {"Node Type": "Aggregate", "Strategy": "Plain", "Startup Cost": 198159.35, "Total Cost": 198159.36, "Plan Rows": 1, "Plan Width": 145, "Plans": [{"Node Type": "Nested Loop", "Parent Relationship": "Outer", "Join Type": "Inner", "Startup Cost": 0.0, "Total Cost": 198159.35, "Plan Rows": 1, "Plan Width": 49, "Inner Unique": true, "Plans": [{"Node Type": "Nested Loop", "Parent Relationship": "Outer", "Join Type": "Inner", "Startup Cost": 0.0, "Total Cost": 198158.85, "Plan Rows": 1, "Plan Width": 40, "Inner Unique": true, "Plans": [{"Node Type": "Nested Loop", "Parent Relationship": "Outer", "Join Type": "Inner", "Startup Cost": 0.0, "Total Cost": 198157.83, "Plan Rows": 2, "Plan Width": 28, "Inner Unique": true, "Plans": [{"Node Type": "Nested Loop", "Parent Relationship": "Outer", "Join Type": "Inner", "Startup Cost": 0.0, "Total Cost": 198156.19, "Plan Rows": 5, "Plan Width": 32, "Inner Unique": false, "Plans": [{"Node Type": "Nested Loop", "Parent Relationship": "Outer", "Join Type": "Inner", "Startup Cost": 0.0, "Total Cost": 198150.58, "Plan Rows": 13, "Plan Width": 24, "Inner Unique": false, "Join Filter": "(ci.role_id = rt.id)", "Plans": [{"Node Type": "Index Scan", "Parent Relationship": "Outer", "Scan Direction": "Forward", "Index Name": "role_type_pkey", "Relation Name": "role_type", "Alias": "rt", "Startup Cost": 0.0, "Total Cost": 12.46, "Plan Rows": 1, "Plan Width": 4, "Filter": "((role)::text = 'actress'::text)"}, {"Node Type": "Nested Loop", "Parent Relationship": "Inner", "Join Type": "Inner", "Startup Cost": 0.0, "Total Cost": 198136.36, "Plan Rows": 141, "Plan Width": 28, "Inner Unique": false, "Join Filter": "(n.id = ci.person_id)", "Plans": [{"Node Type": "Nested Loop", "Parent Relationship": "Outer", "Join Type": "Inner", "Startup Cost": 0.0, "Total Cost": 197861.08, "Plan Rows": 115, "Plan Width": 24, "Inner Unique": false, "Plans": [{"Node Type": "Index Scan", "Parent Relationship": "Outer", "Scan Direction": "Forward", "Index Name": "name_pkey", "Relation Name": "name", "Alias": "n", "Startup Cost": 0.0, "Total Cost": 197070.2, "Plan Rows": 96, "Plan Width": 4, "Filter": "(((name)::text ~~ '%Ang%'::text) AND ((gender)::text = 'f'::text))"}, {"Node Type": "Index Scan", "Parent Relationship": "Inner", "Scan Direction": "Forward", "Index Name": "person_id_aka_name", "Relation Name": "aka_name", "Alias": "an", "Startup Cost": 0.0, "Total Cost": 8.23, "Plan Rows": 1, "Plan Width": 20, "Index Cond": "(person_id = n.id)"}]}, {"Node Type": "Index Scan", "Parent Relationship": "Inner", "Scan Direction": "Forward", "Index Name": "person_id_cast_info", "Relation Name": "cast_info", "Alias": "ci", "Startup Cost": 0.0, "Total Cost": 2.38, "Plan Rows": 1, "Plan Width": 16, "Index Cond": "(person_id = an.person_id)", "Filter": "((note)::text = ANY ('{(voice),\"(voice: Japanese version)\",\"(voice) (uncredited)\",\"(voice: English version)\"}'::text[]))"}]}]}, {"Node Type": "Index Scan", "Parent Relationship": "Inner", "Scan Direction": "Forward", "Index Name": "movie_id_movie_companies", "Relation Name": "movie_companies", "Alias": "mc", "Startup Cost": 0.0, "Total Cost": 0.42, "Plan Rows": 1, "Plan Width": 8, "Index Cond": "(movie_id = ci.movie_id)", "Filter": "((note IS NOT NULL) AND (((note)::text ~~ '%(USA)%'::text) OR ((note)::text ~~ '%(worldwide)%'::text)))"}]}, {"Node Type": "Index Scan", "Parent Relationship": "Inner", "Scan Direction": "Forward", "Index Name": "company_name_pkey", "Relation Name": "company_name", "Alias": "cn", "Startup Cost": 0.0, "Total Cost": 0.32, "Plan Rows": 1, "Plan Width": 4, "Index Cond": "(id = mc.company_id)", "Filter": "((country_code)::text = '[us]'::text)"}]}, {"Node Type": "Index Scan", "Parent Relationship": "Inner", "Scan Direction": "Forward", "Index Name": "char_name_pkey", "Relation Name": "char_name", "Alias": "chn", "Startup Cost": 0.0, "Total Cost": 0.5, "Plan Rows": 1, "Plan Width": 20, "Index Cond": "(id = ci.person_role_id)"}]}, {"Node Type": "Index Scan", "Parent Relationship": "Inner", "Scan Direction": "Forward", "Index Name": "title_pkey", "Relation Name": "title", "Alias": "t", "Startup Cost": 0.0, "Total Cost": 0.49, "Plan Rows": 1, "Plan Width": 21, "Index Cond": "(id = ci.movie_id)", "Filter": "((production_year >= 2005) AND (production_year <= 2015))"}]}]}, "Unique SQL Id": 3431223514, "Planner Runtime": 17}, "explain_analyze_plan": null}, "(1, 38)": {"explain_plan": {"Plan": {"Node Type": "Aggregate", "Strategy": "Plain", "Startup Cost": 115407.59, "Total Cost": 115407.6, "Plan Rows": 1, "Plan Width": 145, "Plans": [{"Node Type": "Nested Loop", "Parent Relationship": "Outer", "Join Type": "Inner", "Startup Cost": 6.41, "Total Cost": 115407.58, "Plan Rows": 1, "Plan Width": 49, "Inner Unique": true, "Plans": [{"Node Type": "Nested Loop", "Parent Relationship": "Outer", "Join Type": "Inner", "Startup Cost": 6.11, "Total Cost": 115403.25, "Plan Rows": 1, "Plan Width": 40, "Inner Unique": true, "Plans": [{"Node Type": "Nested Loop", "Parent Relationship": "Outer", "Join Type": "Inner", "Startup Cost": 5.85, "Total Cost": 115394.67, "Plan Rows": 2, "Plan Width": 44, "Inner Unique": true, "Plans": [{"Node Type": "Nested Loop", "Parent Relationship": "Outer", "Join Type": "Inner", "Startup Cost": 5.53, "Total Cost": 115372.99, "Plan Rows": 5, "Plan Width": 32, "Inner Unique": false, "Plans": [{"Node Type": "Nested Loop", "Parent Relationship": "Outer", "Join Type": "Inner", "Startup Cost": 5.22, "Total Cost": 115316.36, "Plan Rows": 13, "Plan Width": 24, "Inner Unique": false, "Join Filter": "(ci.role_id = rt.id)", "Plans": [{"Node Type": "Seq Scan", "Parent Relationship": "Outer", "Relation Name": "role_type", "Alias": "rt", "Startup Cost": 0.0, "Total Cost": 1.15, "Plan Rows": 1, "Plan Width": 4, "Filter": "((role)::text = 'actress'::text)"}, {"Node Type": "Nested Loop", "Parent Relationship": "Inner", "Join Type": "Inner", "Startup Cost": 5.22, "Total Cost": 115313.45, "Plan Rows": 141, "Plan Width": 28, "Inner Unique": false, "Join Filter": "(n.id = ci.person_id)", "Plans": [{"Node Type": "Nested Loop", "Parent Relationship": "Outer", "Join Type": "Inner", "Startup Cost": 4.22, "Total Cost": 114700.25, "Plan Rows": 115, "Plan Width": 24, "Inner Unique": false, "Plans": [{"Node Type": "Seq Scan", "Parent Relationship": "Outer", "Relation Name": "name", "Alias": "n", "Startup Cost": 0.0, "Total Cost": 113909.35, "Plan Rows": 96, "Plan Width": 4, "Filter": "(((name)::text ~~ '%Ang%'::text) AND ((gender)::text = 'f'::text))"}, {"Node Type": "Bitmap Heap Scan", "Parent Relationship": "Inner", "Relation Name": "aka_name", "Alias": "an", "Startup Cost": 4.22, "Total Cost": 8.23, "Plan Rows": 1, "Plan Width": 20, "Recheck Cond": "(person_id = n.id)", "Plans": [{"Node Type": "Bitmap Index Scan", "Parent Relationship": "Outer", "Index Name": "person_id_aka_name", "Startup Cost": 0.0, "Total Cost": 4.22, "Plan Rows": 1, "Plan Width": 0, "Index Cond": "(person_id = n.id)"}]}]}, {"Node Type": "Bitmap Heap Scan", "Parent Relationship": "Inner", "Relation Name": "cast_info", "Alias": "ci", "Startup Cost": 1.0, "Total Cost": 5.32, "Plan Rows": 1, "Plan Width": 16, "Recheck Cond": "(person_id = an.person_id)", "Filter": "((note)::text = ANY ('{(voice),\"(voice: Japanese version)\",\"(voice) (uncredited)\",\"(voice: English version)\"}'::text[]))", "Plans": [{"Node Type": "Bitmap Index Scan", "Parent Relationship": "Outer", "Index Name": "person_id_cast_info", "Startup Cost": 0.0, "Total Cost": 1.0, "Plan Rows": 18, "Plan Width": 0, "Index Cond": "(person_id = an.person_id)"}]}]}]}, {"Node Type": "Bitmap Heap Scan", "Parent Relationship": "Inner", "Relation Name": "movie_companies", "Alias": "mc", "Startup Cost": 0.31, "Total Cost": 4.35, "Plan Rows": 1, "Plan Width": 8, "Recheck Cond": "(movie_id = ci.movie_id)", "Filter": "((note IS NOT NULL) AND (((note)::text ~~ '%(USA)%'::text) OR ((note)::text ~~ '%(worldwide)%'::text)))", "Plans": [{"Node Type": "Bitmap Index Scan", "Parent Relationship": "Outer", "Index Name": "movie_id_movie_companies", "Startup Cost": 0.0, "Total Cost": 0.31, "Plan Rows": 2, "Plan Width": 0, "Index Cond": "(movie_id = ci.movie_id)"}]}]}, {"Node Type": "Bitmap Heap Scan", "Parent Relationship": "Inner", "Relation Name": "char_name", "Alias": "chn", "Startup Cost": 0.31, "Total Cost": 4.33, "Plan Rows": 1, "Plan Width": 20, "Recheck Cond": "(id = ci.person_role_id)", "Plans": [{"Node Type": "Bitmap Index Scan", "Parent Relationship": "Outer", "Index Name": "char_name_pkey", "Startup Cost": 0.0, "Total Cost": 0.31, "Plan Rows": 1, "Plan Width": 0, "Index Cond": "(id = ci.person_role_id)"}]}]}, {"Node Type": "Bitmap Heap Scan", "Parent Relationship": "Inner", "Relation Name": "company_name", "Alias": "cn", "Startup Cost": 0.26, "Total Cost": 4.28, "Plan Rows": 1, "Plan Width": 4, "Recheck Cond": "(id = mc.company_id)", "Filter": "((country_code)::text = '[us]'::text)", "Plans": [{"Node Type": "Bitmap Index Scan", "Parent Relationship": "Outer", "Index Name": "company_name_pkey", "Startup Cost": 0.0, "Total Cost": 0.26, "Plan Rows": 1, "Plan Width": 0, "Index Cond": "(id = mc.company_id)"}]}]}, {"Node Type": "Bitmap Heap Scan", "Parent Relationship": "Inner", "Relation Name": "title", "Alias": "t", "Startup Cost": 0.3, "Total Cost": 4.32, "Plan Rows": 1, "Plan Width": 21, "Recheck Cond": "(id = ci.movie_id)", "Filter": "((production_year >= 2005) AND (production_year <= 2015))", "Plans": [{"Node Type": "Bitmap Index Scan", "Parent Relationship": "Outer", "Index Name": "title_pkey", "Startup Cost": 0.0, "Total Cost": 0.3, "Plan Rows": 1, "Plan Width": 0, "Index Cond": "(id = ci.movie_id)"}]}]}]}, "Unique SQL Id": 3431223514, "Planner Runtime": 41}, "explain_analyze_plan": {"Plan": {"Node Type": "Aggregate", "Strategy": "Plain", "Startup Cost": 115407.59, "Total Cost": 115407.6, "Plan Rows": 1, "Plan Width": 145, "Actual Startup Time": 1714.79, "Actual Total Time": 1714.791, "Actual Rows": 1, "Actual Loops": 1, "Plans": [{"Node Type": "Nested Loop", "Parent Relationship": "Outer", "Join Type": "Inner", "Startup Cost": 6.41, "Total Cost": 115407.58, "Plan Rows": 1, "Plan Width": 49, "Actual Startup Time": 705.76, "Actual Total Time": 1714.523, "Actual Rows": 121, "Actual Loops": 1, "Inner Unique": true, "Plans": [{"Node Type": "Nested Loop", "Parent Relationship": "Outer", "Join Type": "Inner", "Startup Cost": 6.11, "Total Cost": 115403.25, "Plan Rows": 1, "Plan Width": 40, "Actual Startup Time": 697.483, "Actual Total Time": 1712.219, "Actual Rows": 341, "Actual Loops": 1, "Inner Unique": true, "Plans": [{"Node Type": "Nested Loop", "Parent Relationship": "Outer", "Join Type": "Inner", "Startup Cost": 5.85, "Total Cost": 115394.67, "Plan Rows": 2, "Plan Width": 44, "Actual Startup Time": 697.449, "Actual Total Time": 1709.881, "Actual Rows": 348, "Actual Loops": 1, "Inner Unique": true, "Plans": [{"Node Type": "Nested Loop", "Parent Relationship": "Outer", "Join Type": "Inner", "Startup Cost": 5.53, "Total Cost": 115372.99, "Plan Rows": 5, "Plan Width": 32, "Actual Startup Time": 697.434, "Actual Total Time": 1707.597, "Actual Rows": 373, "Actual Loops": 1, "Inner Unique": false, "Plans": [{"Node Type": "Nested Loop", "Parent Relationship": "Outer", "Join Type": "Inner", "Startup Cost": 5.22, "Total Cost": 115316.36, "Plan Rows": 13, "Plan Width": 24, "Actual Startup Time": 695.863, "Actual Total Time": 1702.159, "Actual Rows": 425, "Actual Loops": 1, "Inner Unique": false, "Join Filter": "(ci.role_id = rt.id)", "Rows Removed by Join Filter": 0, "Plans": [{"Node Type": "Seq Scan", "Parent Relationship": "Outer", "Relation Name": "role_type", "Alias": "rt", "Startup Cost": 0.0, "Total Cost": 1.15, "Plan Rows": 1, "Plan Width": 4, "Actual Startup Time": 0.028, "Actual Total Time": 0.034, "Actual Rows": 1, "Actual Loops": 1, "Filter": "((role)::text = 'actress'::text)", "Rows Removed by Filter": 11}, {"Node Type": "Nested Loop", "Parent Relationship": "Inner", "Join Type": "Inner", "Startup Cost": 5.22, "Total Cost": 115313.45, "Plan Rows": 141, "Plan Width": 28, "Actual Startup Time": 695.827, "Actual Total Time": 1701.909, "Actual Rows": 425, "Actual Loops": 1, "Inner Unique": false, "Join Filter": "(n.id = ci.person_id)", "Rows Removed by Join Filter": 0, "Plans": [{"Node Type": "Nested Loop", "Parent Relationship": "Outer", "Join Type": "Inner", "Startup Cost": 4.22, "Total Cost": 114700.25, "Plan Rows": 115, "Plan Width": 24, "Actual Startup Time": 679.262, "Actual Total Time": 1650.821, "Actual Rows": 1558, "Actual Loops": 1, "Inner Unique": false, "Plans": [{"Node Type": "Seq Scan", "Parent Relationship": "Outer", "Relation Name": "name", "Alias": "n", "Startup Cost": 0.0, "Total Cost": 113909.35, "Plan Rows": 96, "Plan Width": 4, "Actual Startup Time": 677.486, "Actual Total Time": 1619.751, "Actual Rows": 6768, "Actual Loops": 1, "Filter": "(((name)::text ~~ '%Ang%'::text) AND ((gender)::text = 'f'::text))", "Rows Removed by Filter": 4160722}, {"Node Type": "Bitmap Heap Scan", "Parent Relationship": "Inner", "Relation Name": "aka_name", "Alias": "an", "Startup Cost": 4.22, "Total Cost": 8.23, "Plan Rows": 1, "Plan Width": 20, "Actual Startup Time": 22.427, "Actual Total Time": 22.92, "Actual Rows": 1558, "Actual Loops": 6768, "Recheck Cond": "(person_id = n.id)", "Rows Removed by Index Recheck": 0, "Exact Heap Blocks": 1014, "Lossy Heap Blocks": 1014, "Plans": [{"Node Type": "Bitmap Index Scan", "Parent Relationship": "Outer", "Index Name": "person_id_aka_name", "Startup Cost": 0.0, "Total Cost": 4.22, "Plan Rows": 1, "Plan Width": 0, "Actual Startup Time": 17.171, "Actual Total Time": 17.171, "Actual Rows": 1558, "Actual Loops": 6768, "Index Cond": "(person_id = n.id)"}]}]}, {"Node Type": "Bitmap Heap Scan", "Parent Relationship": "Inner", "Relation Name": "cast_info", "Alias": "ci", "Startup Cost": 1.0, "Total Cost": 5.32, "Plan Rows": 1, "Plan Width": 16, "Actual Startup Time": 45.491, "Actual Total Time": 48.716, "Actual Rows": 425, "Actual Loops": 1558, "Recheck Cond": "(person_id = an.person_id)", "Rows Removed by Index Recheck": 0, "Filter": "((note)::text = ANY ('{(voice),\"(voice: Japanese version)\",\"(voice) (uncredited)\",\"(voice: English version)\"}'::text[]))", "Rows Removed by Filter": 69057, "Exact Heap Blocks": 2627, "Lossy Heap Blocks": 2627, "Plans": [{"Node Type": "Bitmap Index Scan", "Parent Relationship": "Outer", "Index Name": "person_id_cast_info", "Startup Cost": 0.0, "Total Cost": 1.0, "Plan Rows": 18, "Plan Width": 0, "Actual Startup Time": 14.692, "Actual Total Time": 14.692, "Actual Rows": 69482, "Actual Loops": 1558, "Index Cond": "(person_id = an.person_id)"}]}]}]}, {"Node Type": "Bitmap Heap Scan", "Parent Relationship": "Inner", "Relation Name": "movie_companies", "Alias": "mc", "Startup Cost": 0.31, "Total Cost": 4.35, "Plan Rows": 1, "Plan Width": 8, "Actual Startup Time": 3.749, "Actual Total Time": 4.662, "Actual Rows": 373, "Actual Loops": 425, "Recheck Cond": "(movie_id = ci.movie_id)", "Rows Removed by Index Recheck": 0, "Filter": "((note IS NOT NULL) AND (((note)::text ~~ '%(USA)%'::text) OR ((note)::text ~~ '%(worldwide)%'::text)))", "Rows Removed by Filter": 1538, "Exact Heap Blocks": 580, "Lossy Heap Blocks": 580, "Plans": [{"Node Type": "Bitmap Index Scan", "Parent Relationship": "Outer", "Index Name": "movie_id_movie_companies", "Startup Cost": 0.0, "Total Cost": 0.31, "Plan Rows": 2, "Plan Width": 0, "Actual Startup Time": 1.963, "Actual Total Time": 1.963, "Actual Rows": 1911, "Actual Loops": 425, "Index Cond": "(movie_id = ci.movie_id)"}]}]}, {"Node Type": "Bitmap Heap Scan", "Parent Relationship": "Inner", "Relation Name": "char_name", "Alias": "chn", "Startup Cost": 0.31, "Total Cost": 4.33, "Plan Rows": 1, "Plan Width": 20, "Actual Startup Time": 1.695, "Actual Total Time": 1.695, "Actual Rows": 348, "Actual Loops": 373, "Recheck Cond": "(id = ci.person_role_id)", "Rows Removed by Index Recheck": 0, "Exact Heap Blocks": 348, "Lossy Heap Blocks": 348, "Plans": [{"Node Type": "Bitmap Index Scan", "Parent Relationship": "Outer", "Index Name": "char_name_pkey", "Startup Cost": 0.0, "Total Cost": 0.31, "Plan Rows": 1, "Plan Width": 0, "Actual Startup Time": 1.077, "Actual Total Time": 1.077, "Actual Rows": 348, "Actual Loops": 373, "Index Cond": "(id = ci.person_role_id)"}]}]}, {"Node Type": "Bitmap Heap Scan", "Parent Relationship": "Inner", "Relation Name": "company_name", "Alias": "cn", "Startup Cost": 0.26, "Total Cost": 4.28, "Plan Rows": 1, "Plan Width": 4, "Actual Startup Time": 1.795, "Actual Total Time": 1.795, "Actual Rows": 341, "Actual Loops": 348, "Recheck Cond": "(id = mc.company_id)", "Rows Removed by Index Recheck": 0, "Filter": "((country_code)::text = '[us]'::text)", "Rows Removed by Filter": 7, "Exact Heap Blocks": 348, "Lossy Heap Blocks": 348, "Plans": [{"Node Type": "Bitmap Index Scan", "Parent Relationship": "Outer", "Index Name": "company_name_pkey", "Startup Cost": 0.0, "Total Cost": 0.26, "Plan Rows": 1, "Plan Width": 0, "Actual Startup Time": 1.017, "Actual Total Time": 1.017, "Actual Rows": 348, "Actual Loops": 348, "Index Cond": "(id = mc.company_id)"}]}]}, {"Node Type": "Bitmap Heap Scan", "Parent Relationship": "Inner", "Relation Name": "title", "Alias": "t", "Startup Cost": 0.3, "Total Cost": 4.32, "Plan Rows": 1, "Plan Width": 21, "Actual Startup Time": 1.806, "Actual Total Time": 1.806, "Actual Rows": 121, "Actual Loops": 341, "Recheck Cond": "(id = ci.movie_id)", "Rows Removed by Index Recheck": 0, "Filter": "((production_year >= 2005) AND (production_year <= 2015))", "Rows Removed by Filter": 220, "Exact Heap Blocks": 341, "Lossy Heap Blocks": 341, "Plans": [{"Node Type": "Bitmap Index Scan", "Parent Relationship": "Outer", "Index Name": "title_pkey", "Startup Cost": 0.0, "Total Cost": 0.3, "Plan Rows": 1, "Plan Width": 0, "Actual Startup Time": 1.095, "Actual Total Time": 1.095, "Actual Rows": 341, "Actual Loops": 341, "Index Cond": "(id = ci.movie_id)"}]}]}]}, "Triggers": [], "Planner Runtime": 41, "Total Runtime": 1715.171, "Unique SQL Id": 3431223514}}, "(1, 39)": {"explain_plan": {"Plan": {"Node Type": "Aggregate", "Strategy": "Plain", "Startup Cost": 1000016655188.3, "Total Cost": 1000016655188.31, "Plan Rows": 1, "Plan Width": 145, "Plans": [{"Node Type": "Nested Loop", "Parent Relationship": "Outer", "Join Type": "Inner", "Startup Cost": 10000000002.78, "Total Cost": 1000016655188.3, "Plan Rows": 1, "Plan Width": 49, "Inner Unique": true, "Join Filter": "(ci.person_id = n.id)", "Plans": [{"Node Type": "Nested Loop", "Parent Relationship": "Outer", "Join Type": "Inner", "Startup Cost": 10000000002.45, "Total Cost": 1000016612909.02, "Plan Rows": 9704, "Plan Width": 57, "Inner Unique": true, "Plans": [{"Node Type": "Nested Loop", "Parent Relationship": "Outer", "Join Type": "Inner", "Startup Cost": 10000000002.15, "Total Cost": 1000016578899.44, "Plan Rows": 7855, "Plan Width": 48, "Inner Unique": true, "Plans": [{"Node Type": "Nested Loop", "Parent Relationship": "Outer", "Join Type": "Inner", "Startup Cost": 10000000001.89, "Total Cost": 1000016510409.12, "Plan Rows": 15972, "Plan Width": 52, "Inner Unique": true, "Plans": [{"Node Type": "Nested Loop", "Parent Relationship": "Outer", "Join Type": "Inner", "Startup Cost": 10000000001.57, "Total Cost": 1000016367541.65, "Plan Rows": 32949, "Plan Width": 40, "Inner Unique": false, "Plans": [{"Node Type": "Nested Loop", "Parent Relationship": "Outer", "Join Type": "Inner", "Startup Cost": 10000000001.26, "Total Cost": 1000015972498.77, "Plan Rows": 90685, "Plan Width": 32, "Inner Unique": true, "Plans": [{"Node Type": "Nested Loop", "Parent Relationship": "Outer", "Join Type": "Inner", "Startup Cost": 10000000001.0, "Total Cost": 1000011700317.58, "Plan Rows": 997530, "Plan Width": 36, "Inner Unique": false, "Plans": [{"Node Type": "Index Scan", "Parent Relationship": "Outer", "Scan Direction": "Forward", "Index Name": "person_id_aka_name", "Relation Name": "aka_name", "Alias": "an", "Startup Cost": 10000000000.0, "Total Cost": 1000006896503.43, "Plan Rows": 901342, "Plan Width": 20}, {"Node Type": "Bitmap Heap Scan", "Parent Relationship": "Inner", "Relation Name": "cast_info", "Alias": "ci", "Startup Cost": 1.0, "Total Cost": 5.32, "Plan Rows": 1, "Plan Width": 16, "Recheck Cond": "(person_id = an.person_id)", "Filter": "((note)::text = ANY ('{(voice),\"(voice: Japanese version)\",\"(voice) (uncredited)\",\"(voice: English version)\"}'::text[]))", "Plans": [{"Node Type": "Bitmap Index Scan", "Parent Relationship": "Outer", "Index Name": "person_id_cast_info", "Startup Cost": 0.0, "Total Cost": 1.0, "Plan Rows": 18, "Plan Width": 0, "Index Cond": "(person_id = an.person_id)"}]}]}, {"Node Type": "Bitmap Heap Scan", "Parent Relationship": "Inner", "Relation Name": "role_type", "Alias": "rt", "Startup Cost": 0.26, "Total Cost": 4.27, "Plan Rows": 1, "Plan Width": 4, "Recheck Cond": "(id = ci.role_id)", "Filter": "((role)::text = 'actress'::text)", "Plans": [{"Node Type": "Bitmap Index Scan", "Parent Relationship": "Outer", "Index Name": "role_type_pkey", "Startup Cost": 0.0, "Total Cost": 0.26, "Plan Rows": 1, "Plan Width": 0, "Index Cond": "(id = ci.role_id)"}]}]}, {"Node Type": "Bitmap Heap Scan", "Parent Relationship": "Inner", "Relation Name": "movie_companies", "Alias": "mc", "Startup Cost": 0.31, "Total Cost": 4.35, "Plan Rows": 1, "Plan Width": 8, "Recheck Cond": "(movie_id = ci.movie_id)", "Filter": "((note IS NOT NULL) AND (((note)::text ~~ '%(USA)%'::text) OR ((note)::text ~~ '%(worldwide)%'::text)))", "Plans": [{"Node Type": "Bitmap Index Scan", "Parent Relationship": "Outer", "Index Name": "movie_id_movie_companies", "Startup Cost": 0.0, "Total Cost": 0.31, "Plan Rows": 2, "Plan Width": 0, "Index Cond": "(movie_id = ci.movie_id)"}]}]}, {"Node Type": "Bitmap Heap Scan", "Parent Relationship": "Inner", "Relation Name": "char_name", "Alias": "chn", "Startup Cost": 0.31, "Total Cost": 4.33, "Plan Rows": 1, "Plan Width": 20, "Recheck Cond": "(id = ci.person_role_id)", "Plans": [{"Node Type": "Bitmap Index Scan", "Parent Relationship": "Outer", "Index Name": "char_name_pkey", "Startup Cost": 0.0, "Total Cost": 0.31, "Plan Rows": 1, "Plan Width": 0, "Index Cond": "(id = ci.person_role_id)"}]}]}, {"Node Type": "Bitmap Heap Scan", "Parent Relationship": "Inner", "Relation Name": "company_name", "Alias": "cn", "Startup Cost": 0.26, "Total Cost": 4.28, "Plan Rows": 1, "Plan Width": 4, "Recheck Cond": "(id = mc.company_id)", "Filter": "((country_code)::text = '[us]'::text)", "Plans": [{"Node Type": "Bitmap Index Scan", "Parent Relationship": "Outer", "Index Name": "company_name_pkey", "Startup Cost": 0.0, "Total Cost": 0.26, "Plan Rows": 1, "Plan Width": 0, "Index Cond": "(id = mc.company_id)"}]}]}, {"Node Type": "Bitmap Heap Scan", "Parent Relationship": "Inner", "Relation Name": "title", "Alias": "t", "Startup Cost": 0.3, "Total Cost": 4.32, "Plan Rows": 1, "Plan Width": 21, "Recheck Cond": "(id = ci.movie_id)", "Filter": "((production_year >= 2005) AND (production_year <= 2015))", "Plans": [{"Node Type": "Bitmap Index Scan", "Parent Relationship": "Outer", "Index Name": "title_pkey", "Startup Cost": 0.0, "Total Cost": 0.3, "Plan Rows": 1, "Plan Width": 0, "Index Cond": "(id = ci.movie_id)"}]}]}, {"Node Type": "Bitmap Heap Scan", "Parent Relationship": "Inner", "Relation Name": "name", "Alias": "n", "Startup Cost": 0.33, "Total Cost": 4.34, "Plan Rows": 1, "Plan Width": 4, "Recheck Cond": "(id = an.person_id)", "Filter": "(((name)::text ~~ '%Ang%'::text) AND ((gender)::text = 'f'::text))", "Plans": [{"Node Type": "Bitmap Index Scan", "Parent Relationship": "Outer", "Index Name": "name_pkey", "Startup Cost": 0.0, "Total Cost": 0.33, "Plan Rows": 1, "Plan Width": 0, "Index Cond": "(id = an.person_id)"}]}]}]}, "Unique SQL Id": 3431223514, "Planner Runtime": 8}, "explain_analyze_plan": null}, "(1, 40)": {"explain_plan": {"Plan": {"Node Type": "Aggregate", "Strategy": "Plain", "Startup Cost": 114987.2, "Total Cost": 114987.21, "Plan Rows": 1, "Plan Width": 145, "Plans": [{"Node Type": "Nested Loop", "Parent Relationship": "Outer", "Join Type": "Inner", "Startup Cost": 0.0, "Total Cost": 114987.19, "Plan Rows": 1, "Plan Width": 49, "Inner Unique": true, "Plans": [{"Node Type": "Nested Loop", "Parent Relationship": "Outer", "Join Type": "Inner", "Startup Cost": 0.0, "Total Cost": 114986.69, "Plan Rows": 1, "Plan Width": 40, "Inner Unique": true, "Plans": [{"Node Type": "Nested Loop", "Parent Relationship": "Outer", "Join Type": "Inner", "Startup Cost": 0.0, "Total Cost": 114985.67, "Plan Rows": 2, "Plan Width": 28, "Inner Unique": true, "Plans": [{"Node Type": "Nested Loop", "Parent Relationship": "Outer", "Join Type": "Inner", "Startup Cost": 0.0, "Total Cost": 114984.04, "Plan Rows": 5, "Plan Width": 32, "Inner Unique": false, "Plans": [{"Node Type": "Nested Loop", "Parent Relationship": "Outer", "Join Type": "Inner", "Startup Cost": 0.0, "Total Cost": 114978.43, "Plan Rows": 13, "Plan Width": 24, "Inner Unique": false, "Join Filter": "(ci.role_id = rt.id)", "Plans": [{"Node Type": "Seq Scan", "Parent Relationship": "Outer", "Relation Name": "role_type", "Alias": "rt", "Startup Cost": 0.0, "Total Cost": 1.15, "Plan Rows": 1, "Plan Width": 4, "Filter": "((role)::text = 'actress'::text)"}, {"Node Type": "Nested Loop", "Parent Relationship": "Inner", "Join Type": "Inner", "Startup Cost": 0.0, "Total Cost": 114975.51, "Plan Rows": 141, "Plan Width": 28, "Inner Unique": false, "Join Filter": "(n.id = ci.person_id)", "Plans": [{"Node Type": "Nested Loop", "Parent Relationship": "Outer", "Join Type": "Inner", "Startup Cost": 0.0, "Total Cost": 114700.23, "Plan Rows": 115, "Plan Width": 24, "Inner Unique": false, "Plans": [{"Node Type": "Seq Scan", "Parent Relationship": "Outer", "Relation Name": "name", "Alias": "n", "Startup Cost": 0.0, "Total Cost": 113909.35, "Plan Rows": 96, "Plan Width": 4, "Filter": "(((name)::text ~~ '%Ang%'::text) AND ((gender)::text = 'f'::text))"}, {"Node Type": "Index Scan", "Parent Relationship": "Inner", "Scan Direction": "Forward", "Index Name": "person_id_aka_name", "Relation Name": "aka_name", "Alias": "an", "Startup Cost": 0.0, "Total Cost": 8.23, "Plan Rows": 1, "Plan Width": 20, "Index Cond": "(person_id = n.id)"}]}, {"Node Type": "Index Scan", "Parent Relationship": "Inner", "Scan Direction": "Forward", "Index Name": "person_id_cast_info", "Relation Name": "cast_info", "Alias": "ci", "Startup Cost": 0.0, "Total Cost": 2.38, "Plan Rows": 1, "Plan Width": 16, "Index Cond": "(person_id = an.person_id)", "Filter": "((note)::text = ANY ('{(voice),\"(voice: Japanese version)\",\"(voice) (uncredited)\",\"(voice: English version)\"}'::text[]))"}]}]}, {"Node Type": "Index Scan", "Parent Relationship": "Inner", "Scan Direction": "Forward", "Index Name": "movie_id_movie_companies", "Relation Name": "movie_companies", "Alias": "mc", "Startup Cost": 0.0, "Total Cost": 0.42, "Plan Rows": 1, "Plan Width": 8, "Index Cond": "(movie_id = ci.movie_id)", "Filter": "((note IS NOT NULL) AND (((note)::text ~~ '%(USA)%'::text) OR ((note)::text ~~ '%(worldwide)%'::text)))"}]}, {"Node Type": "Index Scan", "Parent Relationship": "Inner", "Scan Direction": "Forward", "Index Name": "company_name_pkey", "Relation Name": "company_name", "Alias": "cn", "Startup Cost": 0.0, "Total Cost": 0.32, "Plan Rows": 1, "Plan Width": 4, "Index Cond": "(id = mc.company_id)", "Filter": "((country_code)::text = '[us]'::text)"}]}, {"Node Type": "Index Scan", "Parent Relationship": "Inner", "Scan Direction": "Forward", "Index Name": "char_name_pkey", "Relation Name": "char_name", "Alias": "chn", "Startup Cost": 0.0, "Total Cost": 0.5, "Plan Rows": 1, "Plan Width": 20, "Index Cond": "(id = ci.person_role_id)"}]}, {"Node Type": "Index Scan", "Parent Relationship": "Inner", "Scan Direction": "Forward", "Index Name": "title_pkey", "Relation Name": "title", "Alias": "t", "Startup Cost": 0.0, "Total Cost": 0.49, "Plan Rows": 1, "Plan Width": 21, "Index Cond": "(id = ci.movie_id)", "Filter": "((production_year >= 2005) AND (production_year <= 2015))"}]}]}, "Unique SQL Id": 3431223514, "Planner Runtime": 25}, "explain_analyze_plan": {"Plan": {"Node Type": "Aggregate", "Strategy": "Plain", "Startup Cost": 114987.2, "Total Cost": 114987.21, "Plan Rows": 1, "Plan Width": 145, "Actual Startup Time": 1703.594, "Actual Total Time": 1703.595, "Actual Rows": 1, "Actual Loops": 1, "Plans": [{"Node Type": "Nested Loop", "Parent Relationship": "Outer", "Join Type": "Inner", "Startup Cost": 0.0, "Total Cost": 114987.19, "Plan Rows": 1, "Plan Width": 49, "Actual Startup Time": 697.212, "Actual Total Time": 1703.364, "Actual Rows": 121, "Actual Loops": 1, "Inner Unique": true, "Plans": [{"Node Type": "Nested Loop", "Parent Relationship": "Outer", "Join Type": "Inner", "Startup Cost": 0.0, "Total Cost": 114986.69, "Plan Rows": 1, "Plan Width": 40, "Actual Startup Time": 689.723, "Actual Total Time": 1701.599, "Actual Rows": 341, "Actual Loops": 1, "Inner Unique": true, "Plans": [{"Node Type": "Nested Loop", "Parent Relationship": "Outer", "Join Type": "Inner", "Startup Cost": 0.0, "Total Cost": 114985.67, "Plan Rows": 2, "Plan Width": 28, "Actual Startup Time": 689.707, "Actual Total Time": 1700.005, "Actual Rows": 359, "Actual Loops": 1, "Inner Unique": true, "Plans": [{"Node Type": "Nested Loop", "Parent Relationship": "Outer", "Join Type": "Inner", "Startup Cost": 0.0, "Total Cost": 114984.04, "Plan Rows": 5, "Plan Width": 32, "Actual Startup Time": 689.678, "Actual Total Time": 1697.916, "Actual Rows": 373, "Actual Loops": 1, "Inner Unique": false, "Plans": [{"Node Type": "Nested Loop", "Parent Relationship": "Outer", "Join Type": "Inner", "Startup Cost": 0.0, "Total Cost": 114978.43, "Plan Rows": 13, "Plan Width": 24, "Actual Startup Time": 688.314, "Actual Total Time": 1693.763, "Actual Rows": 425, "Actual Loops": 1, "Inner Unique": false, "Join Filter": "(ci.role_id = rt.id)", "Rows Removed by Join Filter": 0, "Plans": [{"Node Type": "Seq Scan", "Parent Relationship": "Outer", "Relation Name": "role_type", "Alias": "rt", "Startup Cost": 0.0, "Total Cost": 1.15, "Plan Rows": 1, "Plan Width": 4, "Actual Startup Time": 0.039, "Actual Total Time": 0.045, "Actual Rows": 1, "Actual Loops": 1, "Filter": "((role)::text = 'actress'::text)", "Rows Removed by Filter": 11}, {"Node Type": "Nested Loop", "Parent Relationship": "Inner", "Join Type": "Inner", "Startup Cost": 0.0, "Total Cost": 114975.51, "Plan Rows": 141, "Plan Width": 28, "Actual Startup Time": 688.266, "Actual Total Time": 1693.541, "Actual Rows": 425, "Actual Loops": 1, "Inner Unique": false, "Join Filter": "(n.id = ci.person_id)", "Rows Removed by Join Filter": 0, "Plans": [{"Node Type": "Nested Loop", "Parent Relationship": "Outer", "Join Type": "Inner", "Startup Cost": 0.0, "Total Cost": 114700.23, "Plan Rows": 115, "Plan Width": 24, "Actual Startup Time": 673.28, "Actual Total Time": 1644.68, "Actual Rows": 1558, "Actual Loops": 1, "Inner Unique": false, "Plans": [{"Node Type": "Seq Scan", "Parent Relationship": "Outer", "Relation Name": "name", "Alias": "n", "Startup Cost": 0.0, "Total Cost": 113909.35, "Plan Rows": 96, "Plan Width": 4, "Actual Startup Time": 671.583, "Actual Total Time": 1622.951, "Actual Rows": 6768, "Actual Loops": 1, "Filter": "(((name)::text ~~ '%Ang%'::text) AND ((gender)::text = 'f'::text))", "Rows Removed by Filter": 4160722}, {"Node Type": "Index Scan", "Parent Relationship": "Inner", "Scan Direction": "Forward", "Index Name": "person_id_aka_name", "Relation Name": "aka_name", "Alias": "an", "Startup Cost": 0.0, "Total Cost": 8.23, "Plan Rows": 1, "Plan Width": 20, "Actual Startup Time": 16.878, "Actual Total Time": 17.626, "Actual Rows": 1558, "Actual Loops": 6768, "Index Cond": "(person_id = n.id)", "Rows Removed by Index Recheck": 0}]}, {"Node Type": "Index Scan", "Parent Relationship": "Inner", "Scan Direction": "Forward", "Index Name": "person_id_cast_info", "Relation Name": "cast_info", "Alias": "ci", "Startup Cost": 0.0, "Total Cost": 2.38, "Plan Rows": 1, "Plan Width": 16, "Actual Startup Time": 43.065, "Actual Total Time": 47.745, "Actual Rows": 425, "Actual Loops": 1558, "Index Cond": "(person_id = an.person_id)", "Rows Removed by Index Recheck": 0, "Filter": "((note)::text = ANY ('{(voice),\"(voice: Japanese version)\",\"(voice) (uncredited)\",\"(voice: English version)\"}'::text[]))", "Rows Removed by Filter": 69057}]}]}, {"Node Type": "Index Scan", "Parent Relationship": "Inner", "Scan Direction": "Forward", "Index Name": "movie_id_movie_companies", "Relation Name": "movie_companies", "Alias": "mc", "Startup Cost": 0.0, "Total Cost": 0.42, "Plan Rows": 1, "Plan Width": 8, "Actual Startup Time": 2.627, "Actual Total Time": 3.738, "Actual Rows": 373, "Actual Loops": 425, "Index Cond": "(movie_id = ci.movie_id)", "Rows Removed by Index Recheck": 0, "Filter": "((note IS NOT NULL) AND (((note)::text ~~ '%(USA)%'::text) OR ((note)::text ~~ '%(worldwide)%'::text)))", "Rows Removed by Filter": 1538}]}, {"Node Type": "Index Scan", "Parent Relationship": "Inner", "Scan Direction": "Forward", "Index Name": "company_name_pkey", "Relation Name": "company_name", "Alias": "cn", "Startup Cost": 0.0, "Total Cost": 0.32, "Plan Rows": 1, "Plan Width": 4, "Actual Startup Time": 1.71, "Actual Total Time": 1.71, "Actual Rows": 359, "Actual Loops": 373, "Index Cond": "(id = mc.company_id)", "Rows Removed by Index Recheck": 0, "Filter": "((country_code)::text = '[us]'::text)", "Rows Removed by Filter": 14}]}, {"Node Type": "Index Scan", "Parent Relationship": "Inner", "Scan Direction": "Forward", "Index Name": "char_name_pkey", "Relation Name": "char_name", "Alias": "chn", "Startup Cost": 0.0, "Total Cost": 0.5, "Plan Rows": 1, "Plan Width": 20, "Actual Startup Time": 1.241, "Actual Total Time": 1.241, "Actual Rows": 341, "Actual Loops": 359, "Index Cond": "(id = ci.person_role_id)", "Rows Removed by Index Recheck": 0}]}, {"Node Type": "Index Scan", "Parent Relationship": "Inner", "Scan Direction": "Forward", "Index Name": "title_pkey", "Relation Name": "title", "Alias": "t", "Startup Cost": 0.0, "Total Cost": 0.49, "Plan Rows": 1, "Plan Width": 21, "Actual Startup Time": 1.484, "Actual Total Time": 1.484, "Actual Rows": 121, "Actual Loops": 341, "Index Cond": "(id = ci.movie_id)", "Rows Removed by Index Recheck": 0, "Filter": "((production_year >= 2005) AND (production_year <= 2015))", "Rows Removed by Filter": 220}]}]}, "Triggers": [], "Planner Runtime": 8, "Total Runtime": 1704.04, "Unique SQL Id": 3431223514}}, "(1, 41)": {"explain_plan": {"Plan": {"Node Type": "Aggregate", "Strategy": "Plain", "Startup Cost": 198159.35, "Total Cost": 198159.36, "Plan Rows": 1, "Plan Width": 145, "Plans": [{"Node Type": "Nested Loop", "Parent Relationship": "Outer", "Join Type": "Inner", "Startup Cost": 0.0, "Total Cost": 198159.35, "Plan Rows": 1, "Plan Width": 49, "Inner Unique": true, "Plans": [{"Node Type": "Nested Loop", "Parent Relationship": "Outer", "Join Type": "Inner", "Startup Cost": 0.0, "Total Cost": 198158.85, "Plan Rows": 1, "Plan Width": 40, "Inner Unique": true, "Plans": [{"Node Type": "Nested Loop", "Parent Relationship": "Outer", "Join Type": "Inner", "Startup Cost": 0.0, "Total Cost": 198157.83, "Plan Rows": 2, "Plan Width": 28, "Inner Unique": true, "Plans": [{"Node Type": "Nested Loop", "Parent Relationship": "Outer", "Join Type": "Inner", "Startup Cost": 0.0, "Total Cost": 198156.19, "Plan Rows": 5, "Plan Width": 32, "Inner Unique": false, "Plans": [{"Node Type": "Nested Loop", "Parent Relationship": "Outer", "Join Type": "Inner", "Startup Cost": 0.0, "Total Cost": 198150.58, "Plan Rows": 13, "Plan Width": 24, "Inner Unique": false, "Join Filter": "(ci.role_id = rt.id)", "Plans": [{"Node Type": "Index Scan", "Parent Relationship": "Outer", "Scan Direction": "Forward", "Index Name": "role_type_pkey", "Relation Name": "role_type", "Alias": "rt", "Startup Cost": 0.0, "Total Cost": 12.46, "Plan Rows": 1, "Plan Width": 4, "Filter": "((role)::text = 'actress'::text)"}, {"Node Type": "Nested Loop", "Parent Relationship": "Inner", "Join Type": "Inner", "Startup Cost": 0.0, "Total Cost": 198136.36, "Plan Rows": 141, "Plan Width": 28, "Inner Unique": false, "Join Filter": "(n.id = ci.person_id)", "Plans": [{"Node Type": "Nested Loop", "Parent Relationship": "Outer", "Join Type": "Inner", "Startup Cost": 0.0, "Total Cost": 197861.08, "Plan Rows": 115, "Plan Width": 24, "Inner Unique": false, "Plans": [{"Node Type": "Index Scan", "Parent Relationship": "Outer", "Scan Direction": "Forward", "Index Name": "name_pkey", "Relation Name": "name", "Alias": "n", "Startup Cost": 0.0, "Total Cost": 197070.2, "Plan Rows": 96, "Plan Width": 4, "Filter": "(((name)::text ~~ '%Ang%'::text) AND ((gender)::text = 'f'::text))"}, {"Node Type": "Index Scan", "Parent Relationship": "Inner", "Scan Direction": "Forward", "Index Name": "person_id_aka_name", "Relation Name": "aka_name", "Alias": "an", "Startup Cost": 0.0, "Total Cost": 8.23, "Plan Rows": 1, "Plan Width": 20, "Index Cond": "(person_id = n.id)"}]}, {"Node Type": "Index Scan", "Parent Relationship": "Inner", "Scan Direction": "Forward", "Index Name": "person_id_cast_info", "Relation Name": "cast_info", "Alias": "ci", "Startup Cost": 0.0, "Total Cost": 2.38, "Plan Rows": 1, "Plan Width": 16, "Index Cond": "(person_id = an.person_id)", "Filter": "((note)::text = ANY ('{(voice),\"(voice: Japanese version)\",\"(voice) (uncredited)\",\"(voice: English version)\"}'::text[]))"}]}]}, {"Node Type": "Index Scan", "Parent Relationship": "Inner", "Scan Direction": "Forward", "Index Name": "movie_id_movie_companies", "Relation Name": "movie_companies", "Alias": "mc", "Startup Cost": 0.0, "Total Cost": 0.42, "Plan Rows": 1, "Plan Width": 8, "Index Cond": "(movie_id = ci.movie_id)", "Filter": "((note IS NOT NULL) AND (((note)::text ~~ '%(USA)%'::text) OR ((note)::text ~~ '%(worldwide)%'::text)))"}]}, {"Node Type": "Index Scan", "Parent Relationship": "Inner", "Scan Direction": "Forward", "Index Name": "company_name_pkey", "Relation Name": "company_name", "Alias": "cn", "Startup Cost": 0.0, "Total Cost": 0.32, "Plan Rows": 1, "Plan Width": 4, "Index Cond": "(id = mc.company_id)", "Filter": "((country_code)::text = '[us]'::text)"}]}, {"Node Type": "Index Scan", "Parent Relationship": "Inner", "Scan Direction": "Forward", "Index Name": "char_name_pkey", "Relation Name": "char_name", "Alias": "chn", "Startup Cost": 0.0, "Total Cost": 0.5, "Plan Rows": 1, "Plan Width": 20, "Index Cond": "(id = ci.person_role_id)"}]}, {"Node Type": "Index Scan", "Parent Relationship": "Inner", "Scan Direction": "Forward", "Index Name": "title_pkey", "Relation Name": "title", "Alias": "t", "Startup Cost": 0.0, "Total Cost": 0.49, "Plan Rows": 1, "Plan Width": 21, "Index Cond": "(id = ci.movie_id)", "Filter": "((production_year >= 2005) AND (production_year <= 2015))"}]}]}, "Unique SQL Id": 3431223514, "Planner Runtime": 17}, "explain_analyze_plan": null}, "(1, 42)": {"explain_plan": {"Plan": {"Node Type": "Aggregate", "Strategy": "Plain", "Startup Cost": 1167034.84, "Total Cost": 1167034.85, "Plan Rows": 1, "Plan Width": 145, "Plans": [{"Node Type": "Hash Join", "Parent Relationship": "Outer", "Join Type": "Inner", "Startup Cost": 1144332.24, "Total Cost": 1167034.83, "Plan Rows": 1, "Plan Width": 49, "Inner Unique": false, "Hash Cond": "(an.person_id = n.id)", "Plans": [{"Node Type": "Seq Scan", "Parent Relationship": "Outer", "Relation Name": "aka_name", "Alias": "an", "Startup Cost": 0.0, "Total Cost": 19908.42, "Plan Rows": 901342, "Plan Width": 20}, {"Node Type": "Hash", "Parent Relationship": "Inner", "Startup Cost": 1144332.23, "Total Cost": 1144332.23, "Plan Rows": 1, "Plan Width": 41, "Plans": [{"Node Type": "Nested Loop", "Parent Relationship": "Outer", "Join Type": "Inner", "Startup Cost": 958576.72, "Total Cost": 1144332.23, "Plan Rows": 1, "Plan Width": 41, "Inner Unique": true, "Join Filter": "(ci.movie_id = t.id)", "Plans": [{"Node Type": "Nested Loop", "Parent Relationship": "Outer", "Join Type": "Inner", "Startup Cost": 958251.78, "Total Cost": 1057756.27, "Plan Rows": 1, "Plan Width": 32, "Inner Unique": false, "Join Filter": "(mc.company_id = cn.id)", "Plans": [{"Node Type": "Seq Scan", "Parent Relationship": "Outer", "Relation Name": "company_name", "Alias": "cn", "Startup Cost": 0.0, "Total Cost": 5903.45, "Plan Rows": 85170, "Plan Width": 4, "Filter": "((country_code)::text = '[us]'::text)"}, {"Node Type": "Materialize", "Parent Relationship": "Inner", "Startup Cost": 958251.78, "Total Cost": 1049297.72, "Plan Rows": 2, "Plan Width": 36, "Plans": [{"Node Type": "Hash Join", "Parent Relationship": "Outer", "Join Type": "Inner", "Startup Cost": 958251.78, "Total Cost": 1049297.71, "Plan Rows": 2, "Plan Width": 36, "Inner Unique": false, "Hash Cond": "(chn.id = ci.person_role_id)", "Plans": [{"Node Type": "Seq Scan", "Parent Relationship": "Outer", "Relation Name": "char_name", "Alias": "chn", "Startup Cost": 0.0, "Total Cost": 67493.38, "Plan Rows": 3140338, "Plan Width": 20}, {"Node Type": "Hash", "Parent Relationship": "Inner", "Startup Cost": 958251.73, "Total Cost": 958251.73, "Plan Rows": 4, "Plan Width": 24, "Plans": [{"Node Type": "Hash Join", "Parent Relationship": "Outer", "Join Type": "Inner", "Startup Cost": 172486.87, "Total Cost": 958251.73, "Plan Rows": 4, "Plan Width": 24, "Inner Unique": false, "Hash Cond": "(ci.movie_id = mc.movie_id)", "Plans": [{"Node Type": "Nested Loop", "Parent Relationship": "Outer", "Join Type": "Inner", "Startup Cost": 113910.55, "Total Cost": 899672.55, "Plan Rows": 11, "Plan Width": 16, "Inner Unique": false, "Join Filter": "(ci.role_id = rt.id)", "Plans": [{"Node Type": "Seq Scan", "Parent Relationship": "Outer", "Relation Name": "role_type", "Alias": "rt", "Startup Cost": 0.0, "Total Cost": 1.15, "Plan Rows": 1, "Plan Width": 4, "Filter": "((role)::text = 'actress'::text)"}, {"Node Type": "Hash Join", "Parent Relationship": "Inner", "Join Type": "Inner", "Startup Cost": 113910.55, "Total Cost": 899669.94, "Plan Rows": 117, "Plan Width": 20, "Inner Unique": true, "Hash Cond": "(ci.person_id = n.id)", "Plans": [{"Node Type": "Seq Scan", "Parent Relationship": "Outer", "Relation Name": "cast_info", "Alias": "ci", "Startup Cost": 0.0, "Total Cost": 783175.41, "Plan Rows": 833163, "Plan Width": 16, "Filter": "((note)::text = ANY ('{(voice),\"(voice: Japanese version)\",\"(voice) (uncredited)\",\"(voice: English version)\"}'::text[]))"}, {"Node Type": "Hash", "Parent Relationship": "Inner", "Startup Cost": 113909.35, "Total Cost": 113909.35, "Plan Rows": 96, "Plan Width": 4, "Plans": [{"Node Type": "Seq Scan", "Parent Relationship": "Outer", "Relation Name": "name", "Alias": "n", "Startup Cost": 0.0, "Total Cost": 113909.35, "Plan Rows": 96, "Plan Width": 4, "Filter": "(((name)::text ~~ '%Ang%'::text) AND ((gender)::text = 'f'::text))"}]}]}]}, {"Node Type": "Hash", "Parent Relationship": "Inner", "Startup Cost": 54862.92, "Total Cost": 54862.92, "Plan Rows": 297072, "Plan Width": 8, "Plans": [{"Node Type": "Seq Scan", "Parent Relationship": "Outer", "Relation Name": "movie_companies", "Alias": "mc", "Startup Cost": 0.0, "Total Cost": 54862.92, "Plan Rows": 297072, "Plan Width": 8, "Filter": "((note IS NOT NULL) AND (((note)::text ~~ '%(USA)%'::text) OR ((note)::text ~~ '%(worldwide)%'::text))), (LLVM Optimized)"}]}]}]}]}]}]}, {"Node Type": "Seq Scan", "Parent Relationship": "Inner", "Relation Name": "title", "Alias": "t", "Startup Cost": 324.95, "Total Cost": 72710.67, "Plan Rows": 1109224, "Plan Width": 21, "Filter": "((production_year >= 2005) AND (production_year <= 2015)), (LLVM Optimized)"}]}]}]}]}, "Unique SQL Id": 3431223514, "Planner Runtime": 67}, "explain_analyze_plan": null}, "(1, 43)": {"explain_plan": {"Plan": {"Node Type": "Aggregate", "Strategy": "Plain", "Startup Cost": 8000201107247.63, "Total Cost": 8000201107247.64, "Plan Rows": 1, "Plan Width": 145, "Plans": [{"Node Type": "Nested Loop", "Parent Relationship": "Outer", "Join Type": "Inner", "Startup Cost": 80000000000.0, "Total Cost": 8000201107247.61, "Plan Rows": 2, "Plan Width": 49, "Inner Unique": false, "Join Filter": "(n.id = an.person_id)", "Plans": [{"Node Type": "Nested Loop", "Parent Relationship": "Outer", "Join Type": "Inner", "Startup Cost": 70000000000.0, "Total Cost": 7000201107213.94, "Plan Rows": 1, "Plan Width": 41, "Inner Unique": true, "Plans": [{"Node Type": "Nested Loop", "Parent Relationship": "Outer", "Join Type": "Inner", "Startup Cost": 60000000000.0, "Total Cost": 6000201107165.29, "Plan Rows": 1, "Plan Width": 32, "Inner Unique": true, "Join Filter": "(ci.person_role_id = chn.id)", "Plans": [{"Node Type": "Nested Loop", "Parent Relationship": "Outer", "Join Type": "Inner", "Startup Cost": 50000000000.0, "Total Cost": 5000187970453.73, "Plan Rows": 3, "Plan Width": 20, "Inner Unique": true, "Join Filter": "(mc.company_id = cn.id)", "Plans": [{"Node Type": "Nested Loop", "Parent Relationship": "Outer", "Join Type": "Inner", "Startup Cost": 40000000000.0, "Total Cost": 4000186914991.63, "Plan Rows": 4, "Plan Width": 24, "Inner Unique": false, "Join Filter": "(ci.movie_id = mc.movie_id)", "Plans": [{"Node Type": "Nested Loop", "Parent Relationship": "Outer", "Join Type": "Inner", "Startup Cost": 30000000000.0, "Total Cost": 3000173193318.09, "Plan Rows": 11, "Plan Width": 16, "Inner Unique": true, "Join Filter": "(ci.role_id = rt.id)", "Plans": [{"Node Type": "Nested Loop", "Parent Relationship": "Outer", "Join Type": "Inner", "Startup Cost": 20000000000.0, "Total Cost": 2000173192070.33, "Plan Rows": 117, "Plan Width": 20, "Inner Unique": false, "Join Filter": "(ci.person_id = n.id)", "Plans": [{"Node Type": "Index Scan", "Parent Relationship": "Outer", "Scan Direction": "Forward", "Index Name": "name_pkey", "Relation Name": "name", "Alias": "n", "Startup Cost": 10000000000.0, "Total Cost": 1000019707019.7, "Plan Rows": 96, "Plan Width": 4, "Filter": "(((name)::text ~~ '%Ang%'::text) AND ((gender)::text = 'f'::text))"}, {"Node Type": "Materialize", "Parent Relationship": "Inner", "Startup Cost": 10000000000.0, "Total Cost": 1000152287378.81, "Plan Rows": 833163, "Plan Width": 16, "Plans": [{"Node Type": "Index Scan", "Parent Relationship": "Outer", "Scan Direction": "Forward", "Index Name": "role_id_cast_info", "Relation Name": "cast_info", "Alias": "ci", "Startup Cost": 10000000000.0, "Total Cost": 1000152283213.0, "Plan Rows": 833163, "Plan Width": 16, "Filter": "((note)::text = ANY ('{(voice),\"(voice: Japanese version)\",\"(voice) (uncredited)\",\"(voice: English version)\"}'::text[]))"}]}]}, {"Node Type": "Materialize", "Parent Relationship": "Inner", "Startup Cost": 10000000000.0, "Total Cost": 1000000001246.0, "Plan Rows": 1, "Plan Width": 4, "Plans": [{"Node Type": "Index Scan", "Parent Relationship": "Outer", "Scan Direction": "Forward", "Index Name": "role_type_pkey", "Relation Name": "role_type", "Alias": "rt", "Startup Cost": 10000000000.0, "Total Cost": 1000000001246.0, "Plan Rows": 1, "Plan Width": 4, "Filter": "((role)::text = 'actress'::text)"}]}]}, {"Node Type": "Materialize", "Parent Relationship": "Inner", "Startup Cost": 10000000000.0, "Total Cost": 1000013673399.34, "Plan Rows": 297072, "Plan Width": 8, "Plans": [{"Node Type": "Index Scan", "Parent Relationship": "Outer", "Scan Direction": "Forward", "Index Name": "company_id_movie_companies", "Relation Name": "movie_companies", "Alias": "mc", "Startup Cost": 10000000000.0, "Total Cost": 1000013671913.98, "Plan Rows": 297072, "Plan Width": 8, "Filter": "((note IS NOT NULL) AND (((note)::text ~~ '%(USA)%'::text) OR ((note)::text ~~ '%(worldwide)%'::text))), (LLVM Optimized)"}]}]}, {"Node Type": "Materialize", "Parent Relationship": "Inner", "Startup Cost": 10000000000.0, "Total Cost": 1000001050564.82, "Plan Rows": 85170, "Plan Width": 4, "Plans": [{"Node Type": "Index Scan", "Parent Relationship": "Outer", "Scan Direction": "Forward", "Index Name": "company_name_pkey", "Relation Name": "company_name", "Alias": "cn", "Startup Cost": 10000000000.0, "Total Cost": 1000001050138.97, "Plan Rows": 85170, "Plan Width": 4, "Filter": "((country_code)::text = '[us]'::text)"}]}]}, {"Node Type": "Materialize", "Parent Relationship": "Inner", "Startup Cost": 10000000000.0, "Total Cost": 1000013003247.2, "Plan Rows": 3140338, "Plan Width": 20, "Plans": [{"Node Type": "Index Scan", "Parent Relationship": "Outer", "Scan Direction": "Forward", "Index Name": "char_name_pkey", "Relation Name": "char_name", "Alias": "chn", "Startup Cost": 10000000000.0, "Total Cost": 1000012987545.51, "Plan Rows": 3140338, "Plan Width": 20}]}]}, {"Node Type": "Index Scan", "Parent Relationship": "Inner", "Scan Direction": "Forward", "Index Name": "title_pkey", "Relation Name": "title", "Alias": "t", "Startup Cost": 10000000000.0, "Total Cost": 1000000000048.64, "Plan Rows": 1, "Plan Width": 21, "Index Cond": "(id = ci.movie_id)", "Filter": "((production_year >= 2005) AND (production_year <= 2015))"}]}, {"Node Type": "Index Scan", "Parent Relationship": "Inner", "Scan Direction": "Forward", "Index Name": "person_id_aka_name", "Relation Name": "aka_name", "Alias": "an", "Startup Cost": 10000000000.0, "Total Cost": 1000000000033.66, "Plan Rows": 1, "Plan Width": 20, "Index Cond": "(person_id = ci.person_id)"}]}]}, "Unique SQL Id": 3431223514, "Planner Runtime": 39}, "explain_analyze_plan": null}, "(1, 44)": {"explain_plan": {"Plan": {"Node Type": "Aggregate", "Strategy": "Plain", "Startup Cost": 114987.2, "Total Cost": 114987.21, "Plan Rows": 1, "Plan Width": 145, "Plans": [{"Node Type": "Nested Loop", "Parent Relationship": "Outer", "Join Type": "Inner", "Startup Cost": 0.0, "Total Cost": 114987.19, "Plan Rows": 1, "Plan Width": 49, "Inner Unique": true, "Plans": [{"Node Type": "Nested Loop", "Parent Relationship": "Outer", "Join Type": "Inner", "Startup Cost": 0.0, "Total Cost": 114986.69, "Plan Rows": 1, "Plan Width": 40, "Inner Unique": true, "Plans": [{"Node Type": "Nested Loop", "Parent Relationship": "Outer", "Join Type": "Inner", "Startup Cost": 0.0, "Total Cost": 114985.67, "Plan Rows": 2, "Plan Width": 28, "Inner Unique": true, "Plans": [{"Node Type": "Nested Loop", "Parent Relationship": "Outer", "Join Type": "Inner", "Startup Cost": 0.0, "Total Cost": 114984.04, "Plan Rows": 5, "Plan Width": 32, "Inner Unique": false, "Plans": [{"Node Type": "Nested Loop", "Parent Relationship": "Outer", "Join Type": "Inner", "Startup Cost": 0.0, "Total Cost": 114978.43, "Plan Rows": 13, "Plan Width": 24, "Inner Unique": false, "Join Filter": "(ci.role_id = rt.id)", "Plans": [{"Node Type": "Seq Scan", "Parent Relationship": "Outer", "Relation Name": "role_type", "Alias": "rt", "Startup Cost": 0.0, "Total Cost": 1.15, "Plan Rows": 1, "Plan Width": 4, "Filter": "((role)::text = 'actress'::text)"}, {"Node Type": "Nested Loop", "Parent Relationship": "Inner", "Join Type": "Inner", "Startup Cost": 0.0, "Total Cost": 114975.51, "Plan Rows": 141, "Plan Width": 28, "Inner Unique": false, "Join Filter": "(n.id = ci.person_id)", "Plans": [{"Node Type": "Nested Loop", "Parent Relationship": "Outer", "Join Type": "Inner", "Startup Cost": 0.0, "Total Cost": 114700.23, "Plan Rows": 115, "Plan Width": 24, "Inner Unique": false, "Plans": [{"Node Type": "Seq Scan", "Parent Relationship": "Outer", "Relation Name": "name", "Alias": "n", "Startup Cost": 0.0, "Total Cost": 113909.35, "Plan Rows": 96, "Plan Width": 4, "Filter": "(((name)::text ~~ '%Ang%'::text) AND ((gender)::text = 'f'::text))"}, {"Node Type": "Index Scan", "Parent Relationship": "Inner", "Scan Direction": "Forward", "Index Name": "person_id_aka_name", "Relation Name": "aka_name", "Alias": "an", "Startup Cost": 0.0, "Total Cost": 8.23, "Plan Rows": 1, "Plan Width": 20, "Index Cond": "(person_id = n.id)"}]}, {"Node Type": "Index Scan", "Parent Relationship": "Inner", "Scan Direction": "Forward", "Index Name": "person_id_cast_info", "Relation Name": "cast_info", "Alias": "ci", "Startup Cost": 0.0, "Total Cost": 2.38, "Plan Rows": 1, "Plan Width": 16, "Index Cond": "(person_id = an.person_id)", "Filter": "((note)::text = ANY ('{(voice),\"(voice: Japanese version)\",\"(voice) (uncredited)\",\"(voice: English version)\"}'::text[]))"}]}]}, {"Node Type": "Index Scan", "Parent Relationship": "Inner", "Scan Direction": "Forward", "Index Name": "movie_id_movie_companies", "Relation Name": "movie_companies", "Alias": "mc", "Startup Cost": 0.0, "Total Cost": 0.42, "Plan Rows": 1, "Plan Width": 8, "Index Cond": "(movie_id = ci.movie_id)", "Filter": "((note IS NOT NULL) AND (((note)::text ~~ '%(USA)%'::text) OR ((note)::text ~~ '%(worldwide)%'::text)))"}]}, {"Node Type": "Index Scan", "Parent Relationship": "Inner", "Scan Direction": "Forward", "Index Name": "company_name_pkey", "Relation Name": "company_name", "Alias": "cn", "Startup Cost": 0.0, "Total Cost": 0.32, "Plan Rows": 1, "Plan Width": 4, "Index Cond": "(id = mc.company_id)", "Filter": "((country_code)::text = '[us]'::text)"}]}, {"Node Type": "Index Scan", "Parent Relationship": "Inner", "Scan Direction": "Forward", "Index Name": "char_name_pkey", "Relation Name": "char_name", "Alias": "chn", "Startup Cost": 0.0, "Total Cost": 0.5, "Plan Rows": 1, "Plan Width": 20, "Index Cond": "(id = ci.person_role_id)"}]}, {"Node Type": "Index Scan", "Parent Relationship": "Inner", "Scan Direction": "Forward", "Index Name": "title_pkey", "Relation Name": "title", "Alias": "t", "Startup Cost": 0.0, "Total Cost": 0.49, "Plan Rows": 1, "Plan Width": 21, "Index Cond": "(id = ci.movie_id)", "Filter": "((production_year >= 2005) AND (production_year <= 2015))"}]}]}, "Unique SQL Id": 3431223514, "Planner Runtime": 26}, "explain_analyze_plan": {"Plan": {"Node Type": "Aggregate", "Strategy": "Plain", "Startup Cost": 114987.2, "Total Cost": 114987.21, "Plan Rows": 1, "Plan Width": 145, "Actual Startup Time": 1703.594, "Actual Total Time": 1703.595, "Actual Rows": 1, "Actual Loops": 1, "Plans": [{"Node Type": "Nested Loop", "Parent Relationship": "Outer", "Join Type": "Inner", "Startup Cost": 0.0, "Total Cost": 114987.19, "Plan Rows": 1, "Plan Width": 49, "Actual Startup Time": 697.212, "Actual Total Time": 1703.364, "Actual Rows": 121, "Actual Loops": 1, "Inner Unique": true, "Plans": [{"Node Type": "Nested Loop", "Parent Relationship": "Outer", "Join Type": "Inner", "Startup Cost": 0.0, "Total Cost": 114986.69, "Plan Rows": 1, "Plan Width": 40, "Actual Startup Time": 689.723, "Actual Total Time": 1701.599, "Actual Rows": 341, "Actual Loops": 1, "Inner Unique": true, "Plans": [{"Node Type": "Nested Loop", "Parent Relationship": "Outer", "Join Type": "Inner", "Startup Cost": 0.0, "Total Cost": 114985.67, "Plan Rows": 2, "Plan Width": 28, "Actual Startup Time": 689.707, "Actual Total Time": 1700.005, "Actual Rows": 359, "Actual Loops": 1, "Inner Unique": true, "Plans": [{"Node Type": "Nested Loop", "Parent Relationship": "Outer", "Join Type": "Inner", "Startup Cost": 0.0, "Total Cost": 114984.04, "Plan Rows": 5, "Plan Width": 32, "Actual Startup Time": 689.678, "Actual Total Time": 1697.916, "Actual Rows": 373, "Actual Loops": 1, "Inner Unique": false, "Plans": [{"Node Type": "Nested Loop", "Parent Relationship": "Outer", "Join Type": "Inner", "Startup Cost": 0.0, "Total Cost": 114978.43, "Plan Rows": 13, "Plan Width": 24, "Actual Startup Time": 688.314, "Actual Total Time": 1693.763, "Actual Rows": 425, "Actual Loops": 1, "Inner Unique": false, "Join Filter": "(ci.role_id = rt.id)", "Rows Removed by Join Filter": 0, "Plans": [{"Node Type": "Seq Scan", "Parent Relationship": "Outer", "Relation Name": "role_type", "Alias": "rt", "Startup Cost": 0.0, "Total Cost": 1.15, "Plan Rows": 1, "Plan Width": 4, "Actual Startup Time": 0.039, "Actual Total Time": 0.045, "Actual Rows": 1, "Actual Loops": 1, "Filter": "((role)::text = 'actress'::text)", "Rows Removed by Filter": 11}, {"Node Type": "Nested Loop", "Parent Relationship": "Inner", "Join Type": "Inner", "Startup Cost": 0.0, "Total Cost": 114975.51, "Plan Rows": 141, "Plan Width": 28, "Actual Startup Time": 688.266, "Actual Total Time": 1693.541, "Actual Rows": 425, "Actual Loops": 1, "Inner Unique": false, "Join Filter": "(n.id = ci.person_id)", "Rows Removed by Join Filter": 0, "Plans": [{"Node Type": "Nested Loop", "Parent Relationship": "Outer", "Join Type": "Inner", "Startup Cost": 0.0, "Total Cost": 114700.23, "Plan Rows": 115, "Plan Width": 24, "Actual Startup Time": 673.28, "Actual Total Time": 1644.68, "Actual Rows": 1558, "Actual Loops": 1, "Inner Unique": false, "Plans": [{"Node Type": "Seq Scan", "Parent Relationship": "Outer", "Relation Name": "name", "Alias": "n", "Startup Cost": 0.0, "Total Cost": 113909.35, "Plan Rows": 96, "Plan Width": 4, "Actual Startup Time": 671.583, "Actual Total Time": 1622.951, "Actual Rows": 6768, "Actual Loops": 1, "Filter": "(((name)::text ~~ '%Ang%'::text) AND ((gender)::text = 'f'::text))", "Rows Removed by Filter": 4160722}, {"Node Type": "Index Scan", "Parent Relationship": "Inner", "Scan Direction": "Forward", "Index Name": "person_id_aka_name", "Relation Name": "aka_name", "Alias": "an", "Startup Cost": 0.0, "Total Cost": 8.23, "Plan Rows": 1, "Plan Width": 20, "Actual Startup Time": 16.878, "Actual Total Time": 17.626, "Actual Rows": 1558, "Actual Loops": 6768, "Index Cond": "(person_id = n.id)", "Rows Removed by Index Recheck": 0}]}, {"Node Type": "Index Scan", "Parent Relationship": "Inner", "Scan Direction": "Forward", "Index Name": "person_id_cast_info", "Relation Name": "cast_info", "Alias": "ci", "Startup Cost": 0.0, "Total Cost": 2.38, "Plan Rows": 1, "Plan Width": 16, "Actual Startup Time": 43.065, "Actual Total Time": 47.745, "Actual Rows": 425, "Actual Loops": 1558, "Index Cond": "(person_id = an.person_id)", "Rows Removed by Index Recheck": 0, "Filter": "((note)::text = ANY ('{(voice),\"(voice: Japanese version)\",\"(voice) (uncredited)\",\"(voice: English version)\"}'::text[]))", "Rows Removed by Filter": 69057}]}]}, {"Node Type": "Index Scan", "Parent Relationship": "Inner", "Scan Direction": "Forward", "Index Name": "movie_id_movie_companies", "Relation Name": "movie_companies", "Alias": "mc", "Startup Cost": 0.0, "Total Cost": 0.42, "Plan Rows": 1, "Plan Width": 8, "Actual Startup Time": 2.627, "Actual Total Time": 3.738, "Actual Rows": 373, "Actual Loops": 425, "Index Cond": "(movie_id = ci.movie_id)", "Rows Removed by Index Recheck": 0, "Filter": "((note IS NOT NULL) AND (((note)::text ~~ '%(USA)%'::text) OR ((note)::text ~~ '%(worldwide)%'::text)))", "Rows Removed by Filter": 1538}]}, {"Node Type": "Index Scan", "Parent Relationship": "Inner", "Scan Direction": "Forward", "Index Name": "company_name_pkey", "Relation Name": "company_name", "Alias": "cn", "Startup Cost": 0.0, "Total Cost": 0.32, "Plan Rows": 1, "Plan Width": 4, "Actual Startup Time": 1.71, "Actual Total Time": 1.71, "Actual Rows": 359, "Actual Loops": 373, "Index Cond": "(id = mc.company_id)", "Rows Removed by Index Recheck": 0, "Filter": "((country_code)::text = '[us]'::text)", "Rows Removed by Filter": 14}]}, {"Node Type": "Index Scan", "Parent Relationship": "Inner", "Scan Direction": "Forward", "Index Name": "char_name_pkey", "Relation Name": "char_name", "Alias": "chn", "Startup Cost": 0.0, "Total Cost": 0.5, "Plan Rows": 1, "Plan Width": 20, "Actual Startup Time": 1.241, "Actual Total Time": 1.241, "Actual Rows": 341, "Actual Loops": 359, "Index Cond": "(id = ci.person_role_id)", "Rows Removed by Index Recheck": 0}]}, {"Node Type": "Index Scan", "Parent Relationship": "Inner", "Scan Direction": "Forward", "Index Name": "title_pkey", "Relation Name": "title", "Alias": "t", "Startup Cost": 0.0, "Total Cost": 0.49, "Plan Rows": 1, "Plan Width": 21, "Actual Startup Time": 1.484, "Actual Total Time": 1.484, "Actual Rows": 121, "Actual Loops": 341, "Index Cond": "(id = ci.movie_id)", "Rows Removed by Index Recheck": 0, "Filter": "((production_year >= 2005) AND (production_year <= 2015))", "Rows Removed by Filter": 220}]}]}, "Triggers": [], "Planner Runtime": 8, "Total Runtime": 1704.04, "Unique SQL Id": 3431223514}}, "(1, 45)": {"explain_plan": {"Plan": {"Node Type": "Aggregate", "Strategy": "Plain", "Startup Cost": 198159.35, "Total Cost": 198159.36, "Plan Rows": 1, "Plan Width": 145, "Plans": [{"Node Type": "Nested Loop", "Parent Relationship": "Outer", "Join Type": "Inner", "Startup Cost": 0.0, "Total Cost": 198159.35, "Plan Rows": 1, "Plan Width": 49, "Inner Unique": true, "Plans": [{"Node Type": "Nested Loop", "Parent Relationship": "Outer", "Join Type": "Inner", "Startup Cost": 0.0, "Total Cost": 198158.85, "Plan Rows": 1, "Plan Width": 40, "Inner Unique": true, "Plans": [{"Node Type": "Nested Loop", "Parent Relationship": "Outer", "Join Type": "Inner", "Startup Cost": 0.0, "Total Cost": 198157.83, "Plan Rows": 2, "Plan Width": 28, "Inner Unique": true, "Plans": [{"Node Type": "Nested Loop", "Parent Relationship": "Outer", "Join Type": "Inner", "Startup Cost": 0.0, "Total Cost": 198156.19, "Plan Rows": 5, "Plan Width": 32, "Inner Unique": false, "Plans": [{"Node Type": "Nested Loop", "Parent Relationship": "Outer", "Join Type": "Inner", "Startup Cost": 0.0, "Total Cost": 198150.58, "Plan Rows": 13, "Plan Width": 24, "Inner Unique": false, "Join Filter": "(ci.role_id = rt.id)", "Plans": [{"Node Type": "Index Scan", "Parent Relationship": "Outer", "Scan Direction": "Forward", "Index Name": "role_type_pkey", "Relation Name": "role_type", "Alias": "rt", "Startup Cost": 0.0, "Total Cost": 12.46, "Plan Rows": 1, "Plan Width": 4, "Filter": "((role)::text = 'actress'::text)"}, {"Node Type": "Nested Loop", "Parent Relationship": "Inner", "Join Type": "Inner", "Startup Cost": 0.0, "Total Cost": 198136.36, "Plan Rows": 141, "Plan Width": 28, "Inner Unique": false, "Join Filter": "(n.id = ci.person_id)", "Plans": [{"Node Type": "Nested Loop", "Parent Relationship": "Outer", "Join Type": "Inner", "Startup Cost": 0.0, "Total Cost": 197861.08, "Plan Rows": 115, "Plan Width": 24, "Inner Unique": false, "Plans": [{"Node Type": "Index Scan", "Parent Relationship": "Outer", "Scan Direction": "Forward", "Index Name": "name_pkey", "Relation Name": "name", "Alias": "n", "Startup Cost": 0.0, "Total Cost": 197070.2, "Plan Rows": 96, "Plan Width": 4, "Filter": "(((name)::text ~~ '%Ang%'::text) AND ((gender)::text = 'f'::text))"}, {"Node Type": "Index Scan", "Parent Relationship": "Inner", "Scan Direction": "Forward", "Index Name": "person_id_aka_name", "Relation Name": "aka_name", "Alias": "an", "Startup Cost": 0.0, "Total Cost": 8.23, "Plan Rows": 1, "Plan Width": 20, "Index Cond": "(person_id = n.id)"}]}, {"Node Type": "Index Scan", "Parent Relationship": "Inner", "Scan Direction": "Forward", "Index Name": "person_id_cast_info", "Relation Name": "cast_info", "Alias": "ci", "Startup Cost": 0.0, "Total Cost": 2.38, "Plan Rows": 1, "Plan Width": 16, "Index Cond": "(person_id = an.person_id)", "Filter": "((note)::text = ANY ('{(voice),\"(voice: Japanese version)\",\"(voice) (uncredited)\",\"(voice: English version)\"}'::text[]))"}]}]}, {"Node Type": "Index Scan", "Parent Relationship": "Inner", "Scan Direction": "Forward", "Index Name": "movie_id_movie_companies", "Relation Name": "movie_companies", "Alias": "mc", "Startup Cost": 0.0, "Total Cost": 0.42, "Plan Rows": 1, "Plan Width": 8, "Index Cond": "(movie_id = ci.movie_id)", "Filter": "((note IS NOT NULL) AND (((note)::text ~~ '%(USA)%'::text) OR ((note)::text ~~ '%(worldwide)%'::text)))"}]}, {"Node Type": "Index Scan", "Parent Relationship": "Inner", "Scan Direction": "Forward", "Index Name": "company_name_pkey", "Relation Name": "company_name", "Alias": "cn", "Startup Cost": 0.0, "Total Cost": 0.32, "Plan Rows": 1, "Plan Width": 4, "Index Cond": "(id = mc.company_id)", "Filter": "((country_code)::text = '[us]'::text)"}]}, {"Node Type": "Index Scan", "Parent Relationship": "Inner", "Scan Direction": "Forward", "Index Name": "char_name_pkey", "Relation Name": "char_name", "Alias": "chn", "Startup Cost": 0.0, "Total Cost": 0.5, "Plan Rows": 1, "Plan Width": 20, "Index Cond": "(id = ci.person_role_id)"}]}, {"Node Type": "Index Scan", "Parent Relationship": "Inner", "Scan Direction": "Forward", "Index Name": "title_pkey", "Relation Name": "title", "Alias": "t", "Startup Cost": 0.0, "Total Cost": 0.49, "Plan Rows": 1, "Plan Width": 21, "Index Cond": "(id = ci.movie_id)", "Filter": "((production_year >= 2005) AND (production_year <= 2015))"}]}]}, "Unique SQL Id": 3431223514, "Planner Runtime": 17}, "explain_analyze_plan": null}, "(1, 46)": {"explain_plan": {"Plan": {"Node Type": "Aggregate", "Strategy": "Plain", "Startup Cost": 1167034.84, "Total Cost": 1167034.85, "Plan Rows": 1, "Plan Width": 145, "Plans": [{"Node Type": "Hash Join", "Parent Relationship": "Outer", "Join Type": "Inner", "Startup Cost": 1144332.24, "Total Cost": 1167034.83, "Plan Rows": 1, "Plan Width": 49, "Inner Unique": false, "Hash Cond": "(an.person_id = n.id)", "Plans": [{"Node Type": "Seq Scan", "Parent Relationship": "Outer", "Relation Name": "aka_name", "Alias": "an", "Startup Cost": 0.0, "Total Cost": 19908.42, "Plan Rows": 901342, "Plan Width": 20}, {"Node Type": "Hash", "Parent Relationship": "Inner", "Startup Cost": 1144332.23, "Total Cost": 1144332.23, "Plan Rows": 1, "Plan Width": 41, "Plans": [{"Node Type": "Nested Loop", "Parent Relationship": "Outer", "Join Type": "Inner", "Startup Cost": 958576.72, "Total Cost": 1144332.23, "Plan Rows": 1, "Plan Width": 41, "Inner Unique": true, "Join Filter": "(ci.movie_id = t.id)", "Plans": [{"Node Type": "Nested Loop", "Parent Relationship": "Outer", "Join Type": "Inner", "Startup Cost": 958251.78, "Total Cost": 1057756.27, "Plan Rows": 1, "Plan Width": 32, "Inner Unique": false, "Join Filter": "(mc.company_id = cn.id)", "Plans": [{"Node Type": "Seq Scan", "Parent Relationship": "Outer", "Relation Name": "company_name", "Alias": "cn", "Startup Cost": 0.0, "Total Cost": 5903.45, "Plan Rows": 85170, "Plan Width": 4, "Filter": "((country_code)::text = '[us]'::text)"}, {"Node Type": "Materialize", "Parent Relationship": "Inner", "Startup Cost": 958251.78, "Total Cost": 1049297.72, "Plan Rows": 2, "Plan Width": 36, "Plans": [{"Node Type": "Hash Join", "Parent Relationship": "Outer", "Join Type": "Inner", "Startup Cost": 958251.78, "Total Cost": 1049297.71, "Plan Rows": 2, "Plan Width": 36, "Inner Unique": false, "Hash Cond": "(chn.id = ci.person_role_id)", "Plans": [{"Node Type": "Seq Scan", "Parent Relationship": "Outer", "Relation Name": "char_name", "Alias": "chn", "Startup Cost": 0.0, "Total Cost": 67493.38, "Plan Rows": 3140338, "Plan Width": 20}, {"Node Type": "Hash", "Parent Relationship": "Inner", "Startup Cost": 958251.73, "Total Cost": 958251.73, "Plan Rows": 4, "Plan Width": 24, "Plans": [{"Node Type": "Hash Join", "Parent Relationship": "Outer", "Join Type": "Inner", "Startup Cost": 172486.87, "Total Cost": 958251.73, "Plan Rows": 4, "Plan Width": 24, "Inner Unique": false, "Hash Cond": "(ci.movie_id = mc.movie_id)", "Plans": [{"Node Type": "Nested Loop", "Parent Relationship": "Outer", "Join Type": "Inner", "Startup Cost": 113910.55, "Total Cost": 899672.55, "Plan Rows": 11, "Plan Width": 16, "Inner Unique": false, "Join Filter": "(ci.role_id = rt.id)", "Plans": [{"Node Type": "Seq Scan", "Parent Relationship": "Outer", "Relation Name": "role_type", "Alias": "rt", "Startup Cost": 0.0, "Total Cost": 1.15, "Plan Rows": 1, "Plan Width": 4, "Filter": "((role)::text = 'actress'::text)"}, {"Node Type": "Hash Join", "Parent Relationship": "Inner", "Join Type": "Inner", "Startup Cost": 113910.55, "Total Cost": 899669.94, "Plan Rows": 117, "Plan Width": 20, "Inner Unique": true, "Hash Cond": "(ci.person_id = n.id)", "Plans": [{"Node Type": "Seq Scan", "Parent Relationship": "Outer", "Relation Name": "cast_info", "Alias": "ci", "Startup Cost": 0.0, "Total Cost": 783175.41, "Plan Rows": 833163, "Plan Width": 16, "Filter": "((note)::text = ANY ('{(voice),\"(voice: Japanese version)\",\"(voice) (uncredited)\",\"(voice: English version)\"}'::text[]))"}, {"Node Type": "Hash", "Parent Relationship": "Inner", "Startup Cost": 113909.35, "Total Cost": 113909.35, "Plan Rows": 96, "Plan Width": 4, "Plans": [{"Node Type": "Seq Scan", "Parent Relationship": "Outer", "Relation Name": "name", "Alias": "n", "Startup Cost": 0.0, "Total Cost": 113909.35, "Plan Rows": 96, "Plan Width": 4, "Filter": "(((name)::text ~~ '%Ang%'::text) AND ((gender)::text = 'f'::text))"}]}]}]}, {"Node Type": "Hash", "Parent Relationship": "Inner", "Startup Cost": 54862.92, "Total Cost": 54862.92, "Plan Rows": 297072, "Plan Width": 8, "Plans": [{"Node Type": "Seq Scan", "Parent Relationship": "Outer", "Relation Name": "movie_companies", "Alias": "mc", "Startup Cost": 0.0, "Total Cost": 54862.92, "Plan Rows": 297072, "Plan Width": 8, "Filter": "((note IS NOT NULL) AND (((note)::text ~~ '%(USA)%'::text) OR ((note)::text ~~ '%(worldwide)%'::text))), (LLVM Optimized)"}]}]}]}]}]}]}, {"Node Type": "Seq Scan", "Parent Relationship": "Inner", "Relation Name": "title", "Alias": "t", "Startup Cost": 324.95, "Total Cost": 72710.67, "Plan Rows": 1109224, "Plan Width": 21, "Filter": "((production_year >= 2005) AND (production_year <= 2015)), (LLVM Optimized)"}]}]}]}]}, "Unique SQL Id": 3431223514, "Planner Runtime": 67}, "explain_analyze_plan": null}, "(1, 47)": {"explain_plan": {"Plan": {"Node Type": "Aggregate", "Strategy": "Plain", "Startup Cost": 8000201107247.63, "Total Cost": 8000201107247.64, "Plan Rows": 1, "Plan Width": 145, "Plans": [{"Node Type": "Nested Loop", "Parent Relationship": "Outer", "Join Type": "Inner", "Startup Cost": 80000000000.0, "Total Cost": 8000201107247.61, "Plan Rows": 2, "Plan Width": 49, "Inner Unique": false, "Join Filter": "(n.id = an.person_id)", "Plans": [{"Node Type": "Nested Loop", "Parent Relationship": "Outer", "Join Type": "Inner", "Startup Cost": 70000000000.0, "Total Cost": 7000201107213.94, "Plan Rows": 1, "Plan Width": 41, "Inner Unique": true, "Plans": [{"Node Type": "Nested Loop", "Parent Relationship": "Outer", "Join Type": "Inner", "Startup Cost": 60000000000.0, "Total Cost": 6000201107165.29, "Plan Rows": 1, "Plan Width": 32, "Inner Unique": true, "Join Filter": "(ci.person_role_id = chn.id)", "Plans": [{"Node Type": "Nested Loop", "Parent Relationship": "Outer", "Join Type": "Inner", "Startup Cost": 50000000000.0, "Total Cost": 5000187970453.73, "Plan Rows": 3, "Plan Width": 20, "Inner Unique": true, "Join Filter": "(mc.company_id = cn.id)", "Plans": [{"Node Type": "Nested Loop", "Parent Relationship": "Outer", "Join Type": "Inner", "Startup Cost": 40000000000.0, "Total Cost": 4000186914991.63, "Plan Rows": 4, "Plan Width": 24, "Inner Unique": false, "Join Filter": "(ci.movie_id = mc.movie_id)", "Plans": [{"Node Type": "Nested Loop", "Parent Relationship": "Outer", "Join Type": "Inner", "Startup Cost": 30000000000.0, "Total Cost": 3000173193318.09, "Plan Rows": 11, "Plan Width": 16, "Inner Unique": true, "Join Filter": "(ci.role_id = rt.id)", "Plans": [{"Node Type": "Nested Loop", "Parent Relationship": "Outer", "Join Type": "Inner", "Startup Cost": 20000000000.0, "Total Cost": 2000173192070.33, "Plan Rows": 117, "Plan Width": 20, "Inner Unique": false, "Join Filter": "(ci.person_id = n.id)", "Plans": [{"Node Type": "Index Scan", "Parent Relationship": "Outer", "Scan Direction": "Forward", "Index Name": "name_pkey", "Relation Name": "name", "Alias": "n", "Startup Cost": 10000000000.0, "Total Cost": 1000019707019.7, "Plan Rows": 96, "Plan Width": 4, "Filter": "(((name)::text ~~ '%Ang%'::text) AND ((gender)::text = 'f'::text))"}, {"Node Type": "Materialize", "Parent Relationship": "Inner", "Startup Cost": 10000000000.0, "Total Cost": 1000152287378.81, "Plan Rows": 833163, "Plan Width": 16, "Plans": [{"Node Type": "Index Scan", "Parent Relationship": "Outer", "Scan Direction": "Forward", "Index Name": "role_id_cast_info", "Relation Name": "cast_info", "Alias": "ci", "Startup Cost": 10000000000.0, "Total Cost": 1000152283213.0, "Plan Rows": 833163, "Plan Width": 16, "Filter": "((note)::text = ANY ('{(voice),\"(voice: Japanese version)\",\"(voice) (uncredited)\",\"(voice: English version)\"}'::text[]))"}]}]}, {"Node Type": "Materialize", "Parent Relationship": "Inner", "Startup Cost": 10000000000.0, "Total Cost": 1000000001246.0, "Plan Rows": 1, "Plan Width": 4, "Plans": [{"Node Type": "Index Scan", "Parent Relationship": "Outer", "Scan Direction": "Forward", "Index Name": "role_type_pkey", "Relation Name": "role_type", "Alias": "rt", "Startup Cost": 10000000000.0, "Total Cost": 1000000001246.0, "Plan Rows": 1, "Plan Width": 4, "Filter": "((role)::text = 'actress'::text)"}]}]}, {"Node Type": "Materialize", "Parent Relationship": "Inner", "Startup Cost": 10000000000.0, "Total Cost": 1000013673399.34, "Plan Rows": 297072, "Plan Width": 8, "Plans": [{"Node Type": "Index Scan", "Parent Relationship": "Outer", "Scan Direction": "Forward", "Index Name": "company_id_movie_companies", "Relation Name": "movie_companies", "Alias": "mc", "Startup Cost": 10000000000.0, "Total Cost": 1000013671913.98, "Plan Rows": 297072, "Plan Width": 8, "Filter": "((note IS NOT NULL) AND (((note)::text ~~ '%(USA)%'::text) OR ((note)::text ~~ '%(worldwide)%'::text))), (LLVM Optimized)"}]}]}, {"Node Type": "Materialize", "Parent Relationship": "Inner", "Startup Cost": 10000000000.0, "Total Cost": 1000001050564.82, "Plan Rows": 85170, "Plan Width": 4, "Plans": [{"Node Type": "Index Scan", "Parent Relationship": "Outer", "Scan Direction": "Forward", "Index Name": "company_name_pkey", "Relation Name": "company_name", "Alias": "cn", "Startup Cost": 10000000000.0, "Total Cost": 1000001050138.97, "Plan Rows": 85170, "Plan Width": 4, "Filter": "((country_code)::text = '[us]'::text)"}]}]}, {"Node Type": "Materialize", "Parent Relationship": "Inner", "Startup Cost": 10000000000.0, "Total Cost": 1000013003247.2, "Plan Rows": 3140338, "Plan Width": 20, "Plans": [{"Node Type": "Index Scan", "Parent Relationship": "Outer", "Scan Direction": "Forward", "Index Name": "char_name_pkey", "Relation Name": "char_name", "Alias": "chn", "Startup Cost": 10000000000.0, "Total Cost": 1000012987545.51, "Plan Rows": 3140338, "Plan Width": 20}]}]}, {"Node Type": "Index Scan", "Parent Relationship": "Inner", "Scan Direction": "Forward", "Index Name": "title_pkey", "Relation Name": "title", "Alias": "t", "Startup Cost": 10000000000.0, "Total Cost": 1000000000048.64, "Plan Rows": 1, "Plan Width": 21, "Index Cond": "(id = ci.movie_id)", "Filter": "((production_year >= 2005) AND (production_year <= 2015))"}]}, {"Node Type": "Index Scan", "Parent Relationship": "Inner", "Scan Direction": "Forward", "Index Name": "person_id_aka_name", "Relation Name": "aka_name", "Alias": "an", "Startup Cost": 10000000000.0, "Total Cost": 1000000000033.66, "Plan Rows": 1, "Plan Width": 20, "Index Cond": "(person_id = ci.person_id)"}]}]}, "Unique SQL Id": 3431223514, "Planner Runtime": 39}, "explain_analyze_plan": null}, "(1, 48)": {"explain_plan": {"Plan": {"Node Type": "Aggregate", "Strategy": "Plain", "Startup Cost": 114987.2, "Total Cost": 114987.21, "Plan Rows": 1, "Plan Width": 145, "Plans": [{"Node Type": "Nested Loop", "Parent Relationship": "Outer", "Join Type": "Inner", "Startup Cost": 0.0, "Total Cost": 114987.19, "Plan Rows": 1, "Plan Width": 49, "Inner Unique": true, "Plans": [{"Node Type": "Nested Loop", "Parent Relationship": "Outer", "Join Type": "Inner", "Startup Cost": 0.0, "Total Cost": 114986.69, "Plan Rows": 1, "Plan Width": 40, "Inner Unique": true, "Plans": [{"Node Type": "Nested Loop", "Parent Relationship": "Outer", "Join Type": "Inner", "Startup Cost": 0.0, "Total Cost": 114985.67, "Plan Rows": 2, "Plan Width": 28, "Inner Unique": true, "Plans": [{"Node Type": "Nested Loop", "Parent Relationship": "Outer", "Join Type": "Inner", "Startup Cost": 0.0, "Total Cost": 114984.04, "Plan Rows": 5, "Plan Width": 32, "Inner Unique": false, "Plans": [{"Node Type": "Nested Loop", "Parent Relationship": "Outer", "Join Type": "Inner", "Startup Cost": 0.0, "Total Cost": 114978.43, "Plan Rows": 13, "Plan Width": 24, "Inner Unique": false, "Join Filter": "(ci.role_id = rt.id)", "Plans": [{"Node Type": "Seq Scan", "Parent Relationship": "Outer", "Relation Name": "role_type", "Alias": "rt", "Startup Cost": 0.0, "Total Cost": 1.15, "Plan Rows": 1, "Plan Width": 4, "Filter": "((role)::text = 'actress'::text)"}, {"Node Type": "Nested Loop", "Parent Relationship": "Inner", "Join Type": "Inner", "Startup Cost": 0.0, "Total Cost": 114975.51, "Plan Rows": 141, "Plan Width": 28, "Inner Unique": false, "Join Filter": "(n.id = ci.person_id)", "Plans": [{"Node Type": "Nested Loop", "Parent Relationship": "Outer", "Join Type": "Inner", "Startup Cost": 0.0, "Total Cost": 114700.23, "Plan Rows": 115, "Plan Width": 24, "Inner Unique": false, "Plans": [{"Node Type": "Seq Scan", "Parent Relationship": "Outer", "Relation Name": "name", "Alias": "n", "Startup Cost": 0.0, "Total Cost": 113909.35, "Plan Rows": 96, "Plan Width": 4, "Filter": "(((name)::text ~~ '%Ang%'::text) AND ((gender)::text = 'f'::text))"}, {"Node Type": "Index Scan", "Parent Relationship": "Inner", "Scan Direction": "Forward", "Index Name": "person_id_aka_name", "Relation Name": "aka_name", "Alias": "an", "Startup Cost": 0.0, "Total Cost": 8.23, "Plan Rows": 1, "Plan Width": 20, "Index Cond": "(person_id = n.id)"}]}, {"Node Type": "Index Scan", "Parent Relationship": "Inner", "Scan Direction": "Forward", "Index Name": "person_id_cast_info", "Relation Name": "cast_info", "Alias": "ci", "Startup Cost": 0.0, "Total Cost": 2.38, "Plan Rows": 1, "Plan Width": 16, "Index Cond": "(person_id = an.person_id)", "Filter": "((note)::text = ANY ('{(voice),\"(voice: Japanese version)\",\"(voice) (uncredited)\",\"(voice: English version)\"}'::text[]))"}]}]}, {"Node Type": "Index Scan", "Parent Relationship": "Inner", "Scan Direction": "Forward", "Index Name": "movie_id_movie_companies", "Relation Name": "movie_companies", "Alias": "mc", "Startup Cost": 0.0, "Total Cost": 0.42, "Plan Rows": 1, "Plan Width": 8, "Index Cond": "(movie_id = ci.movie_id)", "Filter": "((note IS NOT NULL) AND (((note)::text ~~ '%(USA)%'::text) OR ((note)::text ~~ '%(worldwide)%'::text)))"}]}, {"Node Type": "Index Scan", "Parent Relationship": "Inner", "Scan Direction": "Forward", "Index Name": "company_name_pkey", "Relation Name": "company_name", "Alias": "cn", "Startup Cost": 0.0, "Total Cost": 0.32, "Plan Rows": 1, "Plan Width": 4, "Index Cond": "(id = mc.company_id)", "Filter": "((country_code)::text = '[us]'::text)"}]}, {"Node Type": "Index Scan", "Parent Relationship": "Inner", "Scan Direction": "Forward", "Index Name": "char_name_pkey", "Relation Name": "char_name", "Alias": "chn", "Startup Cost": 0.0, "Total Cost": 0.5, "Plan Rows": 1, "Plan Width": 20, "Index Cond": "(id = ci.person_role_id)"}]}, {"Node Type": "Index Scan", "Parent Relationship": "Inner", "Scan Direction": "Forward", "Index Name": "title_pkey", "Relation Name": "title", "Alias": "t", "Startup Cost": 0.0, "Total Cost": 0.49, "Plan Rows": 1, "Plan Width": 21, "Index Cond": "(id = ci.movie_id)", "Filter": "((production_year >= 2005) AND (production_year <= 2015))"}]}]}, "Unique SQL Id": 3431223514, "Planner Runtime": 8}, "explain_analyze_plan": {"Plan": {"Node Type": "Aggregate", "Strategy": "Plain", "Startup Cost": 114987.2, "Total Cost": 114987.21, "Plan Rows": 1, "Plan Width": 145, "Actual Startup Time": 1703.594, "Actual Total Time": 1703.595, "Actual Rows": 1, "Actual Loops": 1, "Plans": [{"Node Type": "Nested Loop", "Parent Relationship": "Outer", "Join Type": "Inner", "Startup Cost": 0.0, "Total Cost": 114987.19, "Plan Rows": 1, "Plan Width": 49, "Actual Startup Time": 697.212, "Actual Total Time": 1703.364, "Actual Rows": 121, "Actual Loops": 1, "Inner Unique": true, "Plans": [{"Node Type": "Nested Loop", "Parent Relationship": "Outer", "Join Type": "Inner", "Startup Cost": 0.0, "Total Cost": 114986.69, "Plan Rows": 1, "Plan Width": 40, "Actual Startup Time": 689.723, "Actual Total Time": 1701.599, "Actual Rows": 341, "Actual Loops": 1, "Inner Unique": true, "Plans": [{"Node Type": "Nested Loop", "Parent Relationship": "Outer", "Join Type": "Inner", "Startup Cost": 0.0, "Total Cost": 114985.67, "Plan Rows": 2, "Plan Width": 28, "Actual Startup Time": 689.707, "Actual Total Time": 1700.005, "Actual Rows": 359, "Actual Loops": 1, "Inner Unique": true, "Plans": [{"Node Type": "Nested Loop", "Parent Relationship": "Outer", "Join Type": "Inner", "Startup Cost": 0.0, "Total Cost": 114984.04, "Plan Rows": 5, "Plan Width": 32, "Actual Startup Time": 689.678, "Actual Total Time": 1697.916, "Actual Rows": 373, "Actual Loops": 1, "Inner Unique": false, "Plans": [{"Node Type": "Nested Loop", "Parent Relationship": "Outer", "Join Type": "Inner", "Startup Cost": 0.0, "Total Cost": 114978.43, "Plan Rows": 13, "Plan Width": 24, "Actual Startup Time": 688.314, "Actual Total Time": 1693.763, "Actual Rows": 425, "Actual Loops": 1, "Inner Unique": false, "Join Filter": "(ci.role_id = rt.id)", "Rows Removed by Join Filter": 0, "Plans": [{"Node Type": "Seq Scan", "Parent Relationship": "Outer", "Relation Name": "role_type", "Alias": "rt", "Startup Cost": 0.0, "Total Cost": 1.15, "Plan Rows": 1, "Plan Width": 4, "Actual Startup Time": 0.039, "Actual Total Time": 0.045, "Actual Rows": 1, "Actual Loops": 1, "Filter": "((role)::text = 'actress'::text)", "Rows Removed by Filter": 11}, {"Node Type": "Nested Loop", "Parent Relationship": "Inner", "Join Type": "Inner", "Startup Cost": 0.0, "Total Cost": 114975.51, "Plan Rows": 141, "Plan Width": 28, "Actual Startup Time": 688.266, "Actual Total Time": 1693.541, "Actual Rows": 425, "Actual Loops": 1, "Inner Unique": false, "Join Filter": "(n.id = ci.person_id)", "Rows Removed by Join Filter": 0, "Plans": [{"Node Type": "Nested Loop", "Parent Relationship": "Outer", "Join Type": "Inner", "Startup Cost": 0.0, "Total Cost": 114700.23, "Plan Rows": 115, "Plan Width": 24, "Actual Startup Time": 673.28, "Actual Total Time": 1644.68, "Actual Rows": 1558, "Actual Loops": 1, "Inner Unique": false, "Plans": [{"Node Type": "Seq Scan", "Parent Relationship": "Outer", "Relation Name": "name", "Alias": "n", "Startup Cost": 0.0, "Total Cost": 113909.35, "Plan Rows": 96, "Plan Width": 4, "Actual Startup Time": 671.583, "Actual Total Time": 1622.951, "Actual Rows": 6768, "Actual Loops": 1, "Filter": "(((name)::text ~~ '%Ang%'::text) AND ((gender)::text = 'f'::text))", "Rows Removed by Filter": 4160722}, {"Node Type": "Index Scan", "Parent Relationship": "Inner", "Scan Direction": "Forward", "Index Name": "person_id_aka_name", "Relation Name": "aka_name", "Alias": "an", "Startup Cost": 0.0, "Total Cost": 8.23, "Plan Rows": 1, "Plan Width": 20, "Actual Startup Time": 16.878, "Actual Total Time": 17.626, "Actual Rows": 1558, "Actual Loops": 6768, "Index Cond": "(person_id = n.id)", "Rows Removed by Index Recheck": 0}]}, {"Node Type": "Index Scan", "Parent Relationship": "Inner", "Scan Direction": "Forward", "Index Name": "person_id_cast_info", "Relation Name": "cast_info", "Alias": "ci", "Startup Cost": 0.0, "Total Cost": 2.38, "Plan Rows": 1, "Plan Width": 16, "Actual Startup Time": 43.065, "Actual Total Time": 47.745, "Actual Rows": 425, "Actual Loops": 1558, "Index Cond": "(person_id = an.person_id)", "Rows Removed by Index Recheck": 0, "Filter": "((note)::text = ANY ('{(voice),\"(voice: Japanese version)\",\"(voice) (uncredited)\",\"(voice: English version)\"}'::text[]))", "Rows Removed by Filter": 69057}]}]}, {"Node Type": "Index Scan", "Parent Relationship": "Inner", "Scan Direction": "Forward", "Index Name": "movie_id_movie_companies", "Relation Name": "movie_companies", "Alias": "mc", "Startup Cost": 0.0, "Total Cost": 0.42, "Plan Rows": 1, "Plan Width": 8, "Actual Startup Time": 2.627, "Actual Total Time": 3.738, "Actual Rows": 373, "Actual Loops": 425, "Index Cond": "(movie_id = ci.movie_id)", "Rows Removed by Index Recheck": 0, "Filter": "((note IS NOT NULL) AND (((note)::text ~~ '%(USA)%'::text) OR ((note)::text ~~ '%(worldwide)%'::text)))", "Rows Removed by Filter": 1538}]}, {"Node Type": "Index Scan", "Parent Relationship": "Inner", "Scan Direction": "Forward", "Index Name": "company_name_pkey", "Relation Name": "company_name", "Alias": "cn", "Startup Cost": 0.0, "Total Cost": 0.32, "Plan Rows": 1, "Plan Width": 4, "Actual Startup Time": 1.71, "Actual Total Time": 1.71, "Actual Rows": 359, "Actual Loops": 373, "Index Cond": "(id = mc.company_id)", "Rows Removed by Index Recheck": 0, "Filter": "((country_code)::text = '[us]'::text)", "Rows Removed by Filter": 14}]}, {"Node Type": "Index Scan", "Parent Relationship": "Inner", "Scan Direction": "Forward", "Index Name": "char_name_pkey", "Relation Name": "char_name", "Alias": "chn", "Startup Cost": 0.0, "Total Cost": 0.5, "Plan Rows": 1, "Plan Width": 20, "Actual Startup Time": 1.241, "Actual Total Time": 1.241, "Actual Rows": 341, "Actual Loops": 359, "Index Cond": "(id = ci.person_role_id)", "Rows Removed by Index Recheck": 0}]}, {"Node Type": "Index Scan", "Parent Relationship": "Inner", "Scan Direction": "Forward", "Index Name": "title_pkey", "Relation Name": "title", "Alias": "t", "Startup Cost": 0.0, "Total Cost": 0.49, "Plan Rows": 1, "Plan Width": 21, "Actual Startup Time": 1.484, "Actual Total Time": 1.484, "Actual Rows": 121, "Actual Loops": 341, "Index Cond": "(id = ci.movie_id)", "Rows Removed by Index Recheck": 0, "Filter": "((production_year >= 2005) AND (production_year <= 2015))", "Rows Removed by Filter": 220}]}]}, "Triggers": [], "Planner Runtime": 8, "Total Runtime": 1704.04, "Unique SQL Id": 3431223514}}, "(1, 49)": {"explain_plan": {"Plan": {"Node Type": "Aggregate", "Strategy": "Plain", "Startup Cost": 198159.35, "Total Cost": 198159.36, "Plan Rows": 1, "Plan Width": 145, "Plans": [{"Node Type": "Nested Loop", "Parent Relationship": "Outer", "Join Type": "Inner", "Startup Cost": 0.0, "Total Cost": 198159.35, "Plan Rows": 1, "Plan Width": 49, "Inner Unique": true, "Plans": [{"Node Type": "Nested Loop", "Parent Relationship": "Outer", "Join Type": "Inner", "Startup Cost": 0.0, "Total Cost": 198158.85, "Plan Rows": 1, "Plan Width": 40, "Inner Unique": true, "Plans": [{"Node Type": "Nested Loop", "Parent Relationship": "Outer", "Join Type": "Inner", "Startup Cost": 0.0, "Total Cost": 198157.83, "Plan Rows": 2, "Plan Width": 28, "Inner Unique": true, "Plans": [{"Node Type": "Nested Loop", "Parent Relationship": "Outer", "Join Type": "Inner", "Startup Cost": 0.0, "Total Cost": 198156.19, "Plan Rows": 5, "Plan Width": 32, "Inner Unique": false, "Plans": [{"Node Type": "Nested Loop", "Parent Relationship": "Outer", "Join Type": "Inner", "Startup Cost": 0.0, "Total Cost": 198150.58, "Plan Rows": 13, "Plan Width": 24, "Inner Unique": false, "Join Filter": "(ci.role_id = rt.id)", "Plans": [{"Node Type": "Index Scan", "Parent Relationship": "Outer", "Scan Direction": "Forward", "Index Name": "role_type_pkey", "Relation Name": "role_type", "Alias": "rt", "Startup Cost": 0.0, "Total Cost": 12.46, "Plan Rows": 1, "Plan Width": 4, "Filter": "((role)::text = 'actress'::text)"}, {"Node Type": "Nested Loop", "Parent Relationship": "Inner", "Join Type": "Inner", "Startup Cost": 0.0, "Total Cost": 198136.36, "Plan Rows": 141, "Plan Width": 28, "Inner Unique": false, "Join Filter": "(n.id = ci.person_id)", "Plans": [{"Node Type": "Nested Loop", "Parent Relationship": "Outer", "Join Type": "Inner", "Startup Cost": 0.0, "Total Cost": 197861.08, "Plan Rows": 115, "Plan Width": 24, "Inner Unique": false, "Plans": [{"Node Type": "Index Scan", "Parent Relationship": "Outer", "Scan Direction": "Forward", "Index Name": "name_pkey", "Relation Name": "name", "Alias": "n", "Startup Cost": 0.0, "Total Cost": 197070.2, "Plan Rows": 96, "Plan Width": 4, "Filter": "(((name)::text ~~ '%Ang%'::text) AND ((gender)::text = 'f'::text))"}, {"Node Type": "Index Scan", "Parent Relationship": "Inner", "Scan Direction": "Forward", "Index Name": "person_id_aka_name", "Relation Name": "aka_name", "Alias": "an", "Startup Cost": 0.0, "Total Cost": 8.23, "Plan Rows": 1, "Plan Width": 20, "Index Cond": "(person_id = n.id)"}]}, {"Node Type": "Index Scan", "Parent Relationship": "Inner", "Scan Direction": "Forward", "Index Name": "person_id_cast_info", "Relation Name": "cast_info", "Alias": "ci", "Startup Cost": 0.0, "Total Cost": 2.38, "Plan Rows": 1, "Plan Width": 16, "Index Cond": "(person_id = an.person_id)", "Filter": "((note)::text = ANY ('{(voice),\"(voice: Japanese version)\",\"(voice) (uncredited)\",\"(voice: English version)\"}'::text[]))"}]}]}, {"Node Type": "Index Scan", "Parent Relationship": "Inner", "Scan Direction": "Forward", "Index Name": "movie_id_movie_companies", "Relation Name": "movie_companies", "Alias": "mc", "Startup Cost": 0.0, "Total Cost": 0.42, "Plan Rows": 1, "Plan Width": 8, "Index Cond": "(movie_id = ci.movie_id)", "Filter": "((note IS NOT NULL) AND (((note)::text ~~ '%(USA)%'::text) OR ((note)::text ~~ '%(worldwide)%'::text)))"}]}, {"Node Type": "Index Scan", "Parent Relationship": "Inner", "Scan Direction": "Forward", "Index Name": "company_name_pkey", "Relation Name": "company_name", "Alias": "cn", "Startup Cost": 0.0, "Total Cost": 0.32, "Plan Rows": 1, "Plan Width": 4, "Index Cond": "(id = mc.company_id)", "Filter": "((country_code)::text = '[us]'::text)"}]}, {"Node Type": "Index Scan", "Parent Relationship": "Inner", "Scan Direction": "Forward", "Index Name": "char_name_pkey", "Relation Name": "char_name", "Alias": "chn", "Startup Cost": 0.0, "Total Cost": 0.5, "Plan Rows": 1, "Plan Width": 20, "Index Cond": "(id = ci.person_role_id)"}]}, {"Node Type": "Index Scan", "Parent Relationship": "Inner", "Scan Direction": "Forward", "Index Name": "title_pkey", "Relation Name": "title", "Alias": "t", "Startup Cost": 0.0, "Total Cost": 0.49, "Plan Rows": 1, "Plan Width": 21, "Index Cond": "(id = ci.movie_id)", "Filter": "((production_year >= 2005) AND (production_year <= 2015))"}]}]}, "Unique SQL Id": 3431223514, "Planner Runtime": 8}, "explain_analyze_plan": null}, "(1, 50)": {"explain_plan": {"Plan": {"Node Type": "Aggregate", "Strategy": "Plain", "Startup Cost": 115407.44, "Total Cost": 115407.45, "Plan Rows": 1, "Plan Width": 145, "Plans": [{"Node Type": "Nested Loop", "Parent Relationship": "Outer", "Join Type": "Inner", "Startup Cost": 6.41, "Total Cost": 115407.43, "Plan Rows": 1, "Plan Width": 49, "Inner Unique": true, "Plans": [{"Node Type": "Nested Loop", "Parent Relationship": "Outer", "Join Type": "Inner", "Startup Cost": 6.11, "Total Cost": 115403.1, "Plan Rows": 1, "Plan Width": 40, "Inner Unique": true, "Plans": [{"Node Type": "Nested Loop", "Parent Relationship": "Outer", "Join Type": "Inner", "Startup Cost": 5.8, "Total Cost": 115394.43, "Plan Rows": 2, "Plan Width": 28, "Inner Unique": true, "Plans": [{"Node Type": "Nested Loop", "Parent Relationship": "Outer", "Join Type": "Inner", "Startup Cost": 5.53, "Total Cost": 115372.99, "Plan Rows": 5, "Plan Width": 32, "Inner Unique": false, "Plans": [{"Node Type": "Nested Loop", "Parent Relationship": "Outer", "Join Type": "Inner", "Startup Cost": 5.22, "Total Cost": 115316.36, "Plan Rows": 13, "Plan Width": 24, "Inner Unique": false, "Join Filter": "(ci.role_id = rt.id)", "Plans": [{"Node Type": "Seq Scan", "Parent Relationship": "Outer", "Relation Name": "role_type", "Alias": "rt", "Startup Cost": 0.0, "Total Cost": 1.15, "Plan Rows": 1, "Plan Width": 4, "Filter": "((role)::text = 'actress'::text)"}, {"Node Type": "Nested Loop", "Parent Relationship": "Inner", "Join Type": "Inner", "Startup Cost": 5.22, "Total Cost": 115313.45, "Plan Rows": 141, "Plan Width": 28, "Inner Unique": false, "Join Filter": "(n.id = ci.person_id)", "Plans": [{"Node Type": "Nested Loop", "Parent Relationship": "Outer", "Join Type": "Inner", "Startup Cost": 4.22, "Total Cost": 114700.25, "Plan Rows": 115, "Plan Width": 24, "Inner Unique": false, "Plans": [{"Node Type": "Seq Scan", "Parent Relationship": "Outer", "Relation Name": "name", "Alias": "n", "Startup Cost": 0.0, "Total Cost": 113909.35, "Plan Rows": 96, "Plan Width": 4, "Filter": "(((name)::text ~~ '%Ang%'::text) AND ((gender)::text = 'f'::text))"}, {"Node Type": "Bitmap Heap Scan", "Parent Relationship": "Inner", "Relation Name": "aka_name", "Alias": "an", "Startup Cost": 4.22, "Total Cost": 8.23, "Plan Rows": 1, "Plan Width": 20, "Recheck Cond": "(person_id = n.id)", "Plans": [{"Node Type": "Bitmap Index Scan", "Parent Relationship": "Outer", "Index Name": "person_id_aka_name", "Startup Cost": 0.0, "Total Cost": 4.22, "Plan Rows": 1, "Plan Width": 0, "Index Cond": "(person_id = n.id)"}]}]}, {"Node Type": "Bitmap Heap Scan", "Parent Relationship": "Inner", "Relation Name": "cast_info", "Alias": "ci", "Startup Cost": 1.0, "Total Cost": 5.32, "Plan Rows": 1, "Plan Width": 16, "Recheck Cond": "(person_id = an.person_id)", "Filter": "((note)::text = ANY ('{(voice),\"(voice: Japanese version)\",\"(voice) (uncredited)\",\"(voice: English version)\"}'::text[]))", "Plans": [{"Node Type": "Bitmap Index Scan", "Parent Relationship": "Outer", "Index Name": "person_id_cast_info", "Startup Cost": 0.0, "Total Cost": 1.0, "Plan Rows": 18, "Plan Width": 0, "Index Cond": "(person_id = an.person_id)"}]}]}]}, {"Node Type": "Bitmap Heap Scan", "Parent Relationship": "Inner", "Relation Name": "movie_companies", "Alias": "mc", "Startup Cost": 0.31, "Total Cost": 4.35, "Plan Rows": 1, "Plan Width": 8, "Recheck Cond": "(movie_id = ci.movie_id)", "Filter": "((note IS NOT NULL) AND (((note)::text ~~ '%(USA)%'::text) OR ((note)::text ~~ '%(worldwide)%'::text)))", "Plans": [{"Node Type": "Bitmap Index Scan", "Parent Relationship": "Outer", "Index Name": "movie_id_movie_companies", "Startup Cost": 0.0, "Total Cost": 0.31, "Plan Rows": 2, "Plan Width": 0, "Index Cond": "(movie_id = ci.movie_id)"}]}]}, {"Node Type": "Bitmap Heap Scan", "Parent Relationship": "Inner", "Relation Name": "company_name", "Alias": "cn", "Startup Cost": 0.26, "Total Cost": 4.28, "Plan Rows": 1, "Plan Width": 4, "Recheck Cond": "(id = mc.company_id)", "Filter": "((country_code)::text = '[us]'::text)", "Plans": [{"Node Type": "Bitmap Index Scan", "Parent Relationship": "Outer", "Index Name": "company_name_pkey", "Startup Cost": 0.0, "Total Cost": 0.26, "Plan Rows": 1, "Plan Width": 0, "Index Cond": "(id = mc.company_id)"}]}]}, {"Node Type": "Bitmap Heap Scan", "Parent Relationship": "Inner", "Relation Name": "char_name", "Alias": "chn", "Startup Cost": 0.31, "Total Cost": 4.33, "Plan Rows": 1, "Plan Width": 20, "Recheck Cond": "(id = ci.person_role_id)", "Plans": [{"Node Type": "Bitmap Index Scan", "Parent Relationship": "Outer", "Index Name": "char_name_pkey", "Startup Cost": 0.0, "Total Cost": 0.31, "Plan Rows": 1, "Plan Width": 0, "Index Cond": "(id = ci.person_role_id)"}]}]}, {"Node Type": "Bitmap Heap Scan", "Parent Relationship": "Inner", "Relation Name": "title", "Alias": "t", "Startup Cost": 0.3, "Total Cost": 4.32, "Plan Rows": 1, "Plan Width": 21, "Recheck Cond": "(id = ci.movie_id)", "Filter": "((production_year >= 2005) AND (production_year <= 2015))", "Plans": [{"Node Type": "Bitmap Index Scan", "Parent Relationship": "Outer", "Index Name": "title_pkey", "Startup Cost": 0.0, "Total Cost": 0.3, "Plan Rows": 1, "Plan Width": 0, "Index Cond": "(id = ci.movie_id)"}]}]}]}, "Unique SQL Id": 3431223514, "Planner Runtime": 11}, "explain_analyze_plan": {"Plan": {"Node Type": "Aggregate", "Strategy": "Plain", "Startup Cost": 115407.44, "Total Cost": 115407.45, "Plan Rows": 1, "Plan Width": 145, "Actual Startup Time": 1730.555, "Actual Total Time": 1730.556, "Actual Rows": 1, "Actual Loops": 1, "Plans": [{"Node Type": "Nested Loop", "Parent Relationship": "Outer", "Join Type": "Inner", "Startup Cost": 6.41, "Total Cost": 115407.43, "Plan Rows": 1, "Plan Width": 49, "Actual Startup Time": 721.589, "Actual Total Time": 1730.287, "Actual Rows": 121, "Actual Loops": 1, "Inner Unique": true, "Plans": [{"Node Type": "Nested Loop", "Parent Relationship": "Outer", "Join Type": "Inner", "Startup Cost": 6.11, "Total Cost": 115403.1, "Plan Rows": 1, "Plan Width": 40, "Actual Startup Time": 713.317, "Actual Total Time": 1728.001, "Actual Rows": 341, "Actual Loops": 1, "Inner Unique": true, "Plans": [{"Node Type": "Nested Loop", "Parent Relationship": "Outer", "Join Type": "Inner", "Startup Cost": 5.8, "Total Cost": 115394.43, "Plan Rows": 2, "Plan Width": 28, "Actual Startup Time": 713.291, "Actual Total Time": 1725.833, "Actual Rows": 359, "Actual Loops": 1, "Inner Unique": true, "Plans": [{"Node Type": "Nested Loop", "Parent Relationship": "Outer", "Join Type": "Inner", "Startup Cost": 5.53, "Total Cost": 115372.99, "Plan Rows": 5, "Plan Width": 32, "Actual Startup Time": 713.271, "Actual Total Time": 1723.265, "Actual Rows": 373, "Actual Loops": 1, "Inner Unique": false, "Plans": [{"Node Type": "Nested Loop", "Parent Relationship": "Outer", "Join Type": "Inner", "Startup Cost": 5.22, "Total Cost": 115316.36, "Plan Rows": 13, "Plan Width": 24, "Actual Startup Time": 711.687, "Actual Total Time": 1717.796, "Actual Rows": 425, "Actual Loops": 1, "Inner Unique": false, "Join Filter": "(ci.role_id = rt.id)", "Rows Removed by Join Filter": 0, "Plans": [{"Node Type": "Seq Scan", "Parent Relationship": "Outer", "Relation Name": "role_type", "Alias": "rt", "Startup Cost": 0.0, "Total Cost": 1.15, "Plan Rows": 1, "Plan Width": 4, "Actual Startup Time": 0.03, "Actual Total Time": 0.037, "Actual Rows": 1, "Actual Loops": 1, "Filter": "((role)::text = 'actress'::text)", "Rows Removed by Filter": 11}, {"Node Type": "Nested Loop", "Parent Relationship": "Inner", "Join Type": "Inner", "Startup Cost": 5.22, "Total Cost": 115313.45, "Plan Rows": 141, "Plan Width": 28, "Actual Startup Time": 711.649, "Actual Total Time": 1717.554, "Actual Rows": 425, "Actual Loops": 1, "Inner Unique": false, "Join Filter": "(n.id = ci.person_id)", "Rows Removed by Join Filter": 0, "Plans": [{"Node Type": "Nested Loop", "Parent Relationship": "Outer", "Join Type": "Inner", "Startup Cost": 4.22, "Total Cost": 114700.25, "Plan Rows": 115, "Plan Width": 24, "Actual Startup Time": 695.408, "Actual Total Time": 1666.951, "Actual Rows": 1558, "Actual Loops": 1, "Inner Unique": false, "Plans": [{"Node Type": "Seq Scan", "Parent Relationship": "Outer", "Relation Name": "name", "Alias": "n", "Startup Cost": 0.0, "Total Cost": 113909.35, "Plan Rows": 96, "Plan Width": 4, "Actual Startup Time": 693.582, "Actual Total Time": 1635.892, "Actual Rows": 6768, "Actual Loops": 1, "Filter": "(((name)::text ~~ '%Ang%'::text) AND ((gender)::text = 'f'::text))", "Rows Removed by Filter": 4160722}, {"Node Type": "Bitmap Heap Scan", "Parent Relationship": "Inner", "Relation Name": "aka_name", "Alias": "an", "Startup Cost": 4.22, "Total Cost": 8.23, "Plan Rows": 1, "Plan Width": 20, "Actual Startup Time": 22.473, "Actual Total Time": 22.949, "Actual Rows": 1558, "Actual Loops": 6768, "Recheck Cond": "(person_id = n.id)", "Rows Removed by Index Recheck": 0, "Exact Heap Blocks": 1014, "Lossy Heap Blocks": 1014, "Plans": [{"Node Type": "Bitmap Index Scan", "Parent Relationship": "Outer", "Index Name": "person_id_aka_name", "Startup Cost": 0.0, "Total Cost": 4.22, "Plan Rows": 1, "Plan Width": 0, "Actual Startup Time": 17.185, "Actual Total Time": 17.185, "Actual Rows": 1558, "Actual Loops": 6768, "Index Cond": "(person_id = n.id)"}]}]}, {"Node Type": "Bitmap Heap Scan", "Parent Relationship": "Inner", "Relation Name": "cast_info", "Alias": "ci", "Startup Cost": 1.0, "Total Cost": 5.32, "Plan Rows": 1, "Plan Width": 16, "Actual Startup Time": 44.951, "Actual Total Time": 48.212, "Actual Rows": 425, "Actual Loops": 1558, "Recheck Cond": "(person_id = an.person_id)", "Rows Removed by Index Recheck": 0, "Filter": "((note)::text = ANY ('{(voice),\"(voice: Japanese version)\",\"(voice) (uncredited)\",\"(voice: English version)\"}'::text[]))", "Rows Removed by Filter": 69057, "Exact Heap Blocks": 2627, "Lossy Heap Blocks": 2627, "Plans": [{"Node Type": "Bitmap Index Scan", "Parent Relationship": "Outer", "Index Name": "person_id_cast_info", "Startup Cost": 0.0, "Total Cost": 1.0, "Plan Rows": 18, "Plan Width": 0, "Actual Startup Time": 14.083, "Actual Total Time": 14.083, "Actual Rows": 69482, "Actual Loops": 1558, "Index Cond": "(person_id = an.person_id)"}]}]}]}, {"Node Type": "Bitmap Heap Scan", "Parent Relationship": "Inner", "Relation Name": "movie_companies", "Alias": "mc", "Startup Cost": 0.31, "Total Cost": 4.35, "Plan Rows": 1, "Plan Width": 8, "Actual Startup Time": 3.792, "Actual Total Time": 4.696, "Actual Rows": 373, "Actual Loops": 425, "Recheck Cond": "(movie_id = ci.movie_id)", "Rows Removed by Index Recheck": 0, "Filter": "((note IS NOT NULL) AND (((note)::text ~~ '%(USA)%'::text) OR ((note)::text ~~ '%(worldwide)%'::text)))", "Rows Removed by Filter": 1538, "Exact Heap Blocks": 580, "Lossy Heap Blocks": 580, "Plans": [{"Node Type": "Bitmap Index Scan", "Parent Relationship": "Outer", "Index Name": "movie_id_movie_companies", "Startup Cost": 0.0, "Total Cost": 0.31, "Plan Rows": 2, "Plan Width": 0, "Actual Startup Time": 1.971, "Actual Total Time": 1.971, "Actual Rows": 1911, "Actual Loops": 425, "Index Cond": "(movie_id = ci.movie_id)"}]}]}, {"Node Type": "Bitmap Heap Scan", "Parent Relationship": "Inner", "Relation Name": "company_name", "Alias": "cn", "Startup Cost": 0.26, "Total Cost": 4.28, "Plan Rows": 1, "Plan Width": 4, "Actual Startup Time": 2.01, "Actual Total Time": 2.01, "Actual Rows": 359, "Actual Loops": 373, "Recheck Cond": "(id = mc.company_id)", "Rows Removed by Index Recheck": 0, "Filter": "((country_code)::text = '[us]'::text)", "Rows Removed by Filter": 14, "Exact Heap Blocks": 373, "Lossy Heap Blocks": 373, "Plans": [{"Node Type": "Bitmap Index Scan", "Parent Relationship": "Outer", "Index Name": "company_name_pkey", "Startup Cost": 0.0, "Total Cost": 0.26, "Plan Rows": 1, "Plan Width": 0, "Actual Startup Time": 1.135, "Actual Total Time": 1.135, "Actual Rows": 373, "Actual Loops": 373, "Index Cond": "(id = mc.company_id)"}]}]}, {"Node Type": "Bitmap Heap Scan", "Parent Relationship": "Inner", "Relation Name": "char_name", "Alias": "chn", "Startup Cost": 0.31, "Total Cost": 4.33, "Plan Rows": 1, "Plan Width": 20, "Actual Startup Time": 1.605, "Actual Total Time": 1.605, "Actual Rows": 341, "Actual Loops": 359, "Recheck Cond": "(id = ci.person_role_id)", "Rows Removed by Index Recheck": 0, "Exact Heap Blocks": 341, "Lossy Heap Blocks": 341, "Plans": [{"Node Type": "Bitmap Index Scan", "Parent Relationship": "Outer", "Index Name": "char_name_pkey", "Startup Cost": 0.0, "Total Cost": 0.31, "Plan Rows": 1, "Plan Width": 0, "Actual Startup Time": 1.039, "Actual Total Time": 1.039, "Actual Rows": 341, "Actual Loops": 359, "Index Cond": "(id = ci.person_role_id)"}]}]}, {"Node Type": "Bitmap Heap Scan", "Parent Relationship": "Inner", "Relation Name": "title", "Alias": "t", "Startup Cost": 0.3, "Total Cost": 4.32, "Plan Rows": 1, "Plan Width": 21, "Actual Startup Time": 1.816, "Actual Total Time": 1.816, "Actual Rows": 121, "Actual Loops": 341, "Recheck Cond": "(id = ci.movie_id)", "Rows Removed by Index Recheck": 0, "Filter": "((production_year >= 2005) AND (production_year <= 2015))", "Rows Removed by Filter": 220, "Exact Heap Blocks": 341, "Lossy Heap Blocks": 341, "Plans": [{"Node Type": "Bitmap Index Scan", "Parent Relationship": "Outer", "Index Name": "title_pkey", "Startup Cost": 0.0, "Total Cost": 0.3, "Plan Rows": 1, "Plan Width": 0, "Actual Startup Time": 1.061, "Actual Total Time": 1.061, "Actual Rows": 341, "Actual Loops": 341, "Index Cond": "(id = ci.movie_id)"}]}]}]}, "Triggers": [], "Planner Runtime": 11, "Total Runtime": 1730.905, "Unique SQL Id": 3431223514}}, "(1, 51)": {"explain_plan": {"Plan": {"Node Type": "Aggregate", "Strategy": "Plain", "Startup Cost": 1000016655188.3, "Total Cost": 1000016655188.31, "Plan Rows": 1, "Plan Width": 145, "Plans": [{"Node Type": "Nested Loop", "Parent Relationship": "Outer", "Join Type": "Inner", "Startup Cost": 10000000002.78, "Total Cost": 1000016655188.3, "Plan Rows": 1, "Plan Width": 49, "Inner Unique": true, "Join Filter": "(ci.person_id = n.id)", "Plans": [{"Node Type": "Nested Loop", "Parent Relationship": "Outer", "Join Type": "Inner", "Startup Cost": 10000000002.45, "Total Cost": 1000016612909.02, "Plan Rows": 9704, "Plan Width": 57, "Inner Unique": true, "Plans": [{"Node Type": "Nested Loop", "Parent Relationship": "Outer", "Join Type": "Inner", "Startup Cost": 10000000002.15, "Total Cost": 1000016578899.44, "Plan Rows": 7855, "Plan Width": 48, "Inner Unique": true, "Plans": [{"Node Type": "Nested Loop", "Parent Relationship": "Outer", "Join Type": "Inner", "Startup Cost": 10000000001.89, "Total Cost": 1000016510409.12, "Plan Rows": 15972, "Plan Width": 52, "Inner Unique": true, "Plans": [{"Node Type": "Nested Loop", "Parent Relationship": "Outer", "Join Type": "Inner", "Startup Cost": 10000000001.57, "Total Cost": 1000016367541.65, "Plan Rows": 32949, "Plan Width": 40, "Inner Unique": false, "Plans": [{"Node Type": "Nested Loop", "Parent Relationship": "Outer", "Join Type": "Inner", "Startup Cost": 10000000001.26, "Total Cost": 1000015972498.77, "Plan Rows": 90685, "Plan Width": 32, "Inner Unique": true, "Plans": [{"Node Type": "Nested Loop", "Parent Relationship": "Outer", "Join Type": "Inner", "Startup Cost": 10000000001.0, "Total Cost": 1000011700317.58, "Plan Rows": 997530, "Plan Width": 36, "Inner Unique": false, "Plans": [{"Node Type": "Index Scan", "Parent Relationship": "Outer", "Scan Direction": "Forward", "Index Name": "person_id_aka_name", "Relation Name": "aka_name", "Alias": "an", "Startup Cost": 10000000000.0, "Total Cost": 1000006896503.43, "Plan Rows": 901342, "Plan Width": 20}, {"Node Type": "Bitmap Heap Scan", "Parent Relationship": "Inner", "Relation Name": "cast_info", "Alias": "ci", "Startup Cost": 1.0, "Total Cost": 5.32, "Plan Rows": 1, "Plan Width": 16, "Recheck Cond": "(person_id = an.person_id)", "Filter": "((note)::text = ANY ('{(voice),\"(voice: Japanese version)\",\"(voice) (uncredited)\",\"(voice: English version)\"}'::text[]))", "Plans": [{"Node Type": "Bitmap Index Scan", "Parent Relationship": "Outer", "Index Name": "person_id_cast_info", "Startup Cost": 0.0, "Total Cost": 1.0, "Plan Rows": 18, "Plan Width": 0, "Index Cond": "(person_id = an.person_id)"}]}]}, {"Node Type": "Bitmap Heap Scan", "Parent Relationship": "Inner", "Relation Name": "role_type", "Alias": "rt", "Startup Cost": 0.26, "Total Cost": 4.27, "Plan Rows": 1, "Plan Width": 4, "Recheck Cond": "(id = ci.role_id)", "Filter": "((role)::text = 'actress'::text)", "Plans": [{"Node Type": "Bitmap Index Scan", "Parent Relationship": "Outer", "Index Name": "role_type_pkey", "Startup Cost": 0.0, "Total Cost": 0.26, "Plan Rows": 1, "Plan Width": 0, "Index Cond": "(id = ci.role_id)"}]}]}, {"Node Type": "Bitmap Heap Scan", "Parent Relationship": "Inner", "Relation Name": "movie_companies", "Alias": "mc", "Startup Cost": 0.31, "Total Cost": 4.35, "Plan Rows": 1, "Plan Width": 8, "Recheck Cond": "(movie_id = ci.movie_id)", "Filter": "((note IS NOT NULL) AND (((note)::text ~~ '%(USA)%'::text) OR ((note)::text ~~ '%(worldwide)%'::text)))", "Plans": [{"Node Type": "Bitmap Index Scan", "Parent Relationship": "Outer", "Index Name": "movie_id_movie_companies", "Startup Cost": 0.0, "Total Cost": 0.31, "Plan Rows": 2, "Plan Width": 0, "Index Cond": "(movie_id = ci.movie_id)"}]}]}, {"Node Type": "Bitmap Heap Scan", "Parent Relationship": "Inner", "Relation Name": "char_name", "Alias": "chn", "Startup Cost": 0.31, "Total Cost": 4.33, "Plan Rows": 1, "Plan Width": 20, "Recheck Cond": "(id = ci.person_role_id)", "Plans": [{"Node Type": "Bitmap Index Scan", "Parent Relationship": "Outer", "Index Name": "char_name_pkey", "Startup Cost": 0.0, "Total Cost": 0.31, "Plan Rows": 1, "Plan Width": 0, "Index Cond": "(id = ci.person_role_id)"}]}]}, {"Node Type": "Bitmap Heap Scan", "Parent Relationship": "Inner", "Relation Name": "company_name", "Alias": "cn", "Startup Cost": 0.26, "Total Cost": 4.28, "Plan Rows": 1, "Plan Width": 4, "Recheck Cond": "(id = mc.company_id)", "Filter": "((country_code)::text = '[us]'::text)", "Plans": [{"Node Type": "Bitmap Index Scan", "Parent Relationship": "Outer", "Index Name": "company_name_pkey", "Startup Cost": 0.0, "Total Cost": 0.26, "Plan Rows": 1, "Plan Width": 0, "Index Cond": "(id = mc.company_id)"}]}]}, {"Node Type": "Bitmap Heap Scan", "Parent Relationship": "Inner", "Relation Name": "title", "Alias": "t", "Startup Cost": 0.3, "Total Cost": 4.32, "Plan Rows": 1, "Plan Width": 21, "Recheck Cond": "(id = ci.movie_id)", "Filter": "((production_year >= 2005) AND (production_year <= 2015))", "Plans": [{"Node Type": "Bitmap Index Scan", "Parent Relationship": "Outer", "Index Name": "title_pkey", "Startup Cost": 0.0, "Total Cost": 0.3, "Plan Rows": 1, "Plan Width": 0, "Index Cond": "(id = ci.movie_id)"}]}]}, {"Node Type": "Bitmap Heap Scan", "Parent Relationship": "Inner", "Relation Name": "name", "Alias": "n", "Startup Cost": 0.33, "Total Cost": 4.34, "Plan Rows": 1, "Plan Width": 4, "Recheck Cond": "(id = an.person_id)", "Filter": "(((name)::text ~~ '%Ang%'::text) AND ((gender)::text = 'f'::text))", "Plans": [{"Node Type": "Bitmap Index Scan", "Parent Relationship": "Outer", "Index Name": "name_pkey", "Startup Cost": 0.0, "Total Cost": 0.33, "Plan Rows": 1, "Plan Width": 0, "Index Cond": "(id = an.person_id)"}]}]}]}, "Unique SQL Id": 3431223514, "Planner Runtime": 8}, "explain_analyze_plan": null}, "(1, 52)": {"explain_plan": {"Plan": {"Node Type": "Aggregate", "Strategy": "Plain", "Startup Cost": 114987.2, "Total Cost": 114987.21, "Plan Rows": 1, "Plan Width": 145, "Plans": [{"Node Type": "Nested Loop", "Parent Relationship": "Outer", "Join Type": "Inner", "Startup Cost": 0.0, "Total Cost": 114987.19, "Plan Rows": 1, "Plan Width": 49, "Inner Unique": true, "Plans": [{"Node Type": "Nested Loop", "Parent Relationship": "Outer", "Join Type": "Inner", "Startup Cost": 0.0, "Total Cost": 114986.69, "Plan Rows": 1, "Plan Width": 40, "Inner Unique": true, "Plans": [{"Node Type": "Nested Loop", "Parent Relationship": "Outer", "Join Type": "Inner", "Startup Cost": 0.0, "Total Cost": 114985.67, "Plan Rows": 2, "Plan Width": 28, "Inner Unique": true, "Plans": [{"Node Type": "Nested Loop", "Parent Relationship": "Outer", "Join Type": "Inner", "Startup Cost": 0.0, "Total Cost": 114984.04, "Plan Rows": 5, "Plan Width": 32, "Inner Unique": false, "Plans": [{"Node Type": "Nested Loop", "Parent Relationship": "Outer", "Join Type": "Inner", "Startup Cost": 0.0, "Total Cost": 114978.43, "Plan Rows": 13, "Plan Width": 24, "Inner Unique": false, "Join Filter": "(ci.role_id = rt.id)", "Plans": [{"Node Type": "Seq Scan", "Parent Relationship": "Outer", "Relation Name": "role_type", "Alias": "rt", "Startup Cost": 0.0, "Total Cost": 1.15, "Plan Rows": 1, "Plan Width": 4, "Filter": "((role)::text = 'actress'::text)"}, {"Node Type": "Nested Loop", "Parent Relationship": "Inner", "Join Type": "Inner", "Startup Cost": 0.0, "Total Cost": 114975.51, "Plan Rows": 141, "Plan Width": 28, "Inner Unique": false, "Join Filter": "(n.id = ci.person_id)", "Plans": [{"Node Type": "Nested Loop", "Parent Relationship": "Outer", "Join Type": "Inner", "Startup Cost": 0.0, "Total Cost": 114700.23, "Plan Rows": 115, "Plan Width": 24, "Inner Unique": false, "Plans": [{"Node Type": "Seq Scan", "Parent Relationship": "Outer", "Relation Name": "name", "Alias": "n", "Startup Cost": 0.0, "Total Cost": 113909.35, "Plan Rows": 96, "Plan Width": 4, "Filter": "(((name)::text ~~ '%Ang%'::text) AND ((gender)::text = 'f'::text))"}, {"Node Type": "Index Scan", "Parent Relationship": "Inner", "Scan Direction": "Forward", "Index Name": "person_id_aka_name", "Relation Name": "aka_name", "Alias": "an", "Startup Cost": 0.0, "Total Cost": 8.23, "Plan Rows": 1, "Plan Width": 20, "Index Cond": "(person_id = n.id)"}]}, {"Node Type": "Index Scan", "Parent Relationship": "Inner", "Scan Direction": "Forward", "Index Name": "person_id_cast_info", "Relation Name": "cast_info", "Alias": "ci", "Startup Cost": 0.0, "Total Cost": 2.38, "Plan Rows": 1, "Plan Width": 16, "Index Cond": "(person_id = an.person_id)", "Filter": "((note)::text = ANY ('{(voice),\"(voice: Japanese version)\",\"(voice) (uncredited)\",\"(voice: English version)\"}'::text[]))"}]}]}, {"Node Type": "Index Scan", "Parent Relationship": "Inner", "Scan Direction": "Forward", "Index Name": "movie_id_movie_companies", "Relation Name": "movie_companies", "Alias": "mc", "Startup Cost": 0.0, "Total Cost": 0.42, "Plan Rows": 1, "Plan Width": 8, "Index Cond": "(movie_id = ci.movie_id)", "Filter": "((note IS NOT NULL) AND (((note)::text ~~ '%(USA)%'::text) OR ((note)::text ~~ '%(worldwide)%'::text)))"}]}, {"Node Type": "Index Scan", "Parent Relationship": "Inner", "Scan Direction": "Forward", "Index Name": "company_name_pkey", "Relation Name": "company_name", "Alias": "cn", "Startup Cost": 0.0, "Total Cost": 0.32, "Plan Rows": 1, "Plan Width": 4, "Index Cond": "(id = mc.company_id)", "Filter": "((country_code)::text = '[us]'::text)"}]}, {"Node Type": "Index Scan", "Parent Relationship": "Inner", "Scan Direction": "Forward", "Index Name": "char_name_pkey", "Relation Name": "char_name", "Alias": "chn", "Startup Cost": 0.0, "Total Cost": 0.5, "Plan Rows": 1, "Plan Width": 20, "Index Cond": "(id = ci.person_role_id)"}]}, {"Node Type": "Index Scan", "Parent Relationship": "Inner", "Scan Direction": "Forward", "Index Name": "title_pkey", "Relation Name": "title", "Alias": "t", "Startup Cost": 0.0, "Total Cost": 0.49, "Plan Rows": 1, "Plan Width": 21, "Index Cond": "(id = ci.movie_id)", "Filter": "((production_year >= 2005) AND (production_year <= 2015))"}]}]}, "Unique SQL Id": 3431223514, "Planner Runtime": 8}, "explain_analyze_plan": {"Plan": {"Node Type": "Aggregate", "Strategy": "Plain", "Startup Cost": 114987.2, "Total Cost": 114987.21, "Plan Rows": 1, "Plan Width": 145, "Actual Startup Time": 1703.594, "Actual Total Time": 1703.595, "Actual Rows": 1, "Actual Loops": 1, "Plans": [{"Node Type": "Nested Loop", "Parent Relationship": "Outer", "Join Type": "Inner", "Startup Cost": 0.0, "Total Cost": 114987.19, "Plan Rows": 1, "Plan Width": 49, "Actual Startup Time": 697.212, "Actual Total Time": 1703.364, "Actual Rows": 121, "Actual Loops": 1, "Inner Unique": true, "Plans": [{"Node Type": "Nested Loop", "Parent Relationship": "Outer", "Join Type": "Inner", "Startup Cost": 0.0, "Total Cost": 114986.69, "Plan Rows": 1, "Plan Width": 40, "Actual Startup Time": 689.723, "Actual Total Time": 1701.599, "Actual Rows": 341, "Actual Loops": 1, "Inner Unique": true, "Plans": [{"Node Type": "Nested Loop", "Parent Relationship": "Outer", "Join Type": "Inner", "Startup Cost": 0.0, "Total Cost": 114985.67, "Plan Rows": 2, "Plan Width": 28, "Actual Startup Time": 689.707, "Actual Total Time": 1700.005, "Actual Rows": 359, "Actual Loops": 1, "Inner Unique": true, "Plans": [{"Node Type": "Nested Loop", "Parent Relationship": "Outer", "Join Type": "Inner", "Startup Cost": 0.0, "Total Cost": 114984.04, "Plan Rows": 5, "Plan Width": 32, "Actual Startup Time": 689.678, "Actual Total Time": 1697.916, "Actual Rows": 373, "Actual Loops": 1, "Inner Unique": false, "Plans": [{"Node Type": "Nested Loop", "Parent Relationship": "Outer", "Join Type": "Inner", "Startup Cost": 0.0, "Total Cost": 114978.43, "Plan Rows": 13, "Plan Width": 24, "Actual Startup Time": 688.314, "Actual Total Time": 1693.763, "Actual Rows": 425, "Actual Loops": 1, "Inner Unique": false, "Join Filter": "(ci.role_id = rt.id)", "Rows Removed by Join Filter": 0, "Plans": [{"Node Type": "Seq Scan", "Parent Relationship": "Outer", "Relation Name": "role_type", "Alias": "rt", "Startup Cost": 0.0, "Total Cost": 1.15, "Plan Rows": 1, "Plan Width": 4, "Actual Startup Time": 0.039, "Actual Total Time": 0.045, "Actual Rows": 1, "Actual Loops": 1, "Filter": "((role)::text = 'actress'::text)", "Rows Removed by Filter": 11}, {"Node Type": "Nested Loop", "Parent Relationship": "Inner", "Join Type": "Inner", "Startup Cost": 0.0, "Total Cost": 114975.51, "Plan Rows": 141, "Plan Width": 28, "Actual Startup Time": 688.266, "Actual Total Time": 1693.541, "Actual Rows": 425, "Actual Loops": 1, "Inner Unique": false, "Join Filter": "(n.id = ci.person_id)", "Rows Removed by Join Filter": 0, "Plans": [{"Node Type": "Nested Loop", "Parent Relationship": "Outer", "Join Type": "Inner", "Startup Cost": 0.0, "Total Cost": 114700.23, "Plan Rows": 115, "Plan Width": 24, "Actual Startup Time": 673.28, "Actual Total Time": 1644.68, "Actual Rows": 1558, "Actual Loops": 1, "Inner Unique": false, "Plans": [{"Node Type": "Seq Scan", "Parent Relationship": "Outer", "Relation Name": "name", "Alias": "n", "Startup Cost": 0.0, "Total Cost": 113909.35, "Plan Rows": 96, "Plan Width": 4, "Actual Startup Time": 671.583, "Actual Total Time": 1622.951, "Actual Rows": 6768, "Actual Loops": 1, "Filter": "(((name)::text ~~ '%Ang%'::text) AND ((gender)::text = 'f'::text))", "Rows Removed by Filter": 4160722}, {"Node Type": "Index Scan", "Parent Relationship": "Inner", "Scan Direction": "Forward", "Index Name": "person_id_aka_name", "Relation Name": "aka_name", "Alias": "an", "Startup Cost": 0.0, "Total Cost": 8.23, "Plan Rows": 1, "Plan Width": 20, "Actual Startup Time": 16.878, "Actual Total Time": 17.626, "Actual Rows": 1558, "Actual Loops": 6768, "Index Cond": "(person_id = n.id)", "Rows Removed by Index Recheck": 0}]}, {"Node Type": "Index Scan", "Parent Relationship": "Inner", "Scan Direction": "Forward", "Index Name": "person_id_cast_info", "Relation Name": "cast_info", "Alias": "ci", "Startup Cost": 0.0, "Total Cost": 2.38, "Plan Rows": 1, "Plan Width": 16, "Actual Startup Time": 43.065, "Actual Total Time": 47.745, "Actual Rows": 425, "Actual Loops": 1558, "Index Cond": "(person_id = an.person_id)", "Rows Removed by Index Recheck": 0, "Filter": "((note)::text = ANY ('{(voice),\"(voice: Japanese version)\",\"(voice) (uncredited)\",\"(voice: English version)\"}'::text[]))", "Rows Removed by Filter": 69057}]}]}, {"Node Type": "Index Scan", "Parent Relationship": "Inner", "Scan Direction": "Forward", "Index Name": "movie_id_movie_companies", "Relation Name": "movie_companies", "Alias": "mc", "Startup Cost": 0.0, "Total Cost": 0.42, "Plan Rows": 1, "Plan Width": 8, "Actual Startup Time": 2.627, "Actual Total Time": 3.738, "Actual Rows": 373, "Actual Loops": 425, "Index Cond": "(movie_id = ci.movie_id)", "Rows Removed by Index Recheck": 0, "Filter": "((note IS NOT NULL) AND (((note)::text ~~ '%(USA)%'::text) OR ((note)::text ~~ '%(worldwide)%'::text)))", "Rows Removed by Filter": 1538}]}, {"Node Type": "Index Scan", "Parent Relationship": "Inner", "Scan Direction": "Forward", "Index Name": "company_name_pkey", "Relation Name": "company_name", "Alias": "cn", "Startup Cost": 0.0, "Total Cost": 0.32, "Plan Rows": 1, "Plan Width": 4, "Actual Startup Time": 1.71, "Actual Total Time": 1.71, "Actual Rows": 359, "Actual Loops": 373, "Index Cond": "(id = mc.company_id)", "Rows Removed by Index Recheck": 0, "Filter": "((country_code)::text = '[us]'::text)", "Rows Removed by Filter": 14}]}, {"Node Type": "Index Scan", "Parent Relationship": "Inner", "Scan Direction": "Forward", "Index Name": "char_name_pkey", "Relation Name": "char_name", "Alias": "chn", "Startup Cost": 0.0, "Total Cost": 0.5, "Plan Rows": 1, "Plan Width": 20, "Actual Startup Time": 1.241, "Actual Total Time": 1.241, "Actual Rows": 341, "Actual Loops": 359, "Index Cond": "(id = ci.person_role_id)", "Rows Removed by Index Recheck": 0}]}, {"Node Type": "Index Scan", "Parent Relationship": "Inner", "Scan Direction": "Forward", "Index Name": "title_pkey", "Relation Name": "title", "Alias": "t", "Startup Cost": 0.0, "Total Cost": 0.49, "Plan Rows": 1, "Plan Width": 21, "Actual Startup Time": 1.484, "Actual Total Time": 1.484, "Actual Rows": 121, "Actual Loops": 341, "Index Cond": "(id = ci.movie_id)", "Rows Removed by Index Recheck": 0, "Filter": "((production_year >= 2005) AND (production_year <= 2015))", "Rows Removed by Filter": 220}]}]}, "Triggers": [], "Planner Runtime": 8, "Total Runtime": 1704.04, "Unique SQL Id": 3431223514}}, "(1, 53)": {"explain_plan": {"Plan": {"Node Type": "Aggregate", "Strategy": "Plain", "Startup Cost": 198159.35, "Total Cost": 198159.36, "Plan Rows": 1, "Plan Width": 145, "Plans": [{"Node Type": "Nested Loop", "Parent Relationship": "Outer", "Join Type": "Inner", "Startup Cost": 0.0, "Total Cost": 198159.35, "Plan Rows": 1, "Plan Width": 49, "Inner Unique": true, "Plans": [{"Node Type": "Nested Loop", "Parent Relationship": "Outer", "Join Type": "Inner", "Startup Cost": 0.0, "Total Cost": 198158.85, "Plan Rows": 1, "Plan Width": 40, "Inner Unique": true, "Plans": [{"Node Type": "Nested Loop", "Parent Relationship": "Outer", "Join Type": "Inner", "Startup Cost": 0.0, "Total Cost": 198157.83, "Plan Rows": 2, "Plan Width": 28, "Inner Unique": true, "Plans": [{"Node Type": "Nested Loop", "Parent Relationship": "Outer", "Join Type": "Inner", "Startup Cost": 0.0, "Total Cost": 198156.19, "Plan Rows": 5, "Plan Width": 32, "Inner Unique": false, "Plans": [{"Node Type": "Nested Loop", "Parent Relationship": "Outer", "Join Type": "Inner", "Startup Cost": 0.0, "Total Cost": 198150.58, "Plan Rows": 13, "Plan Width": 24, "Inner Unique": false, "Join Filter": "(ci.role_id = rt.id)", "Plans": [{"Node Type": "Index Scan", "Parent Relationship": "Outer", "Scan Direction": "Forward", "Index Name": "role_type_pkey", "Relation Name": "role_type", "Alias": "rt", "Startup Cost": 0.0, "Total Cost": 12.46, "Plan Rows": 1, "Plan Width": 4, "Filter": "((role)::text = 'actress'::text)"}, {"Node Type": "Nested Loop", "Parent Relationship": "Inner", "Join Type": "Inner", "Startup Cost": 0.0, "Total Cost": 198136.36, "Plan Rows": 141, "Plan Width": 28, "Inner Unique": false, "Join Filter": "(n.id = ci.person_id)", "Plans": [{"Node Type": "Nested Loop", "Parent Relationship": "Outer", "Join Type": "Inner", "Startup Cost": 0.0, "Total Cost": 197861.08, "Plan Rows": 115, "Plan Width": 24, "Inner Unique": false, "Plans": [{"Node Type": "Index Scan", "Parent Relationship": "Outer", "Scan Direction": "Forward", "Index Name": "name_pkey", "Relation Name": "name", "Alias": "n", "Startup Cost": 0.0, "Total Cost": 197070.2, "Plan Rows": 96, "Plan Width": 4, "Filter": "(((name)::text ~~ '%Ang%'::text) AND ((gender)::text = 'f'::text))"}, {"Node Type": "Index Scan", "Parent Relationship": "Inner", "Scan Direction": "Forward", "Index Name": "person_id_aka_name", "Relation Name": "aka_name", "Alias": "an", "Startup Cost": 0.0, "Total Cost": 8.23, "Plan Rows": 1, "Plan Width": 20, "Index Cond": "(person_id = n.id)"}]}, {"Node Type": "Index Scan", "Parent Relationship": "Inner", "Scan Direction": "Forward", "Index Name": "person_id_cast_info", "Relation Name": "cast_info", "Alias": "ci", "Startup Cost": 0.0, "Total Cost": 2.38, "Plan Rows": 1, "Plan Width": 16, "Index Cond": "(person_id = an.person_id)", "Filter": "((note)::text = ANY ('{(voice),\"(voice: Japanese version)\",\"(voice) (uncredited)\",\"(voice: English version)\"}'::text[]))"}]}]}, {"Node Type": "Index Scan", "Parent Relationship": "Inner", "Scan Direction": "Forward", "Index Name": "movie_id_movie_companies", "Relation Name": "movie_companies", "Alias": "mc", "Startup Cost": 0.0, "Total Cost": 0.42, "Plan Rows": 1, "Plan Width": 8, "Index Cond": "(movie_id = ci.movie_id)", "Filter": "((note IS NOT NULL) AND (((note)::text ~~ '%(USA)%'::text) OR ((note)::text ~~ '%(worldwide)%'::text)))"}]}, {"Node Type": "Index Scan", "Parent Relationship": "Inner", "Scan Direction": "Forward", "Index Name": "company_name_pkey", "Relation Name": "company_name", "Alias": "cn", "Startup Cost": 0.0, "Total Cost": 0.32, "Plan Rows": 1, "Plan Width": 4, "Index Cond": "(id = mc.company_id)", "Filter": "((country_code)::text = '[us]'::text)"}]}, {"Node Type": "Index Scan", "Parent Relationship": "Inner", "Scan Direction": "Forward", "Index Name": "char_name_pkey", "Relation Name": "char_name", "Alias": "chn", "Startup Cost": 0.0, "Total Cost": 0.5, "Plan Rows": 1, "Plan Width": 20, "Index Cond": "(id = ci.person_role_id)"}]}, {"Node Type": "Index Scan", "Parent Relationship": "Inner", "Scan Direction": "Forward", "Index Name": "title_pkey", "Relation Name": "title", "Alias": "t", "Startup Cost": 0.0, "Total Cost": 0.49, "Plan Rows": 1, "Plan Width": 21, "Index Cond": "(id = ci.movie_id)", "Filter": "((production_year >= 2005) AND (production_year <= 2015))"}]}]}, "Unique SQL Id": 3431223514, "Planner Runtime": 7}, "explain_analyze_plan": null}, "(1, 54)": {"explain_plan": {"Plan": {"Node Type": "Aggregate", "Strategy": "Plain", "Startup Cost": 115407.44, "Total Cost": 115407.45, "Plan Rows": 1, "Plan Width": 145, "Plans": [{"Node Type": "Nested Loop", "Parent Relationship": "Outer", "Join Type": "Inner", "Startup Cost": 6.41, "Total Cost": 115407.43, "Plan Rows": 1, "Plan Width": 49, "Inner Unique": true, "Plans": [{"Node Type": "Nested Loop", "Parent Relationship": "Outer", "Join Type": "Inner", "Startup Cost": 6.11, "Total Cost": 115403.1, "Plan Rows": 1, "Plan Width": 40, "Inner Unique": true, "Plans": [{"Node Type": "Nested Loop", "Parent Relationship": "Outer", "Join Type": "Inner", "Startup Cost": 5.8, "Total Cost": 115394.43, "Plan Rows": 2, "Plan Width": 28, "Inner Unique": true, "Plans": [{"Node Type": "Nested Loop", "Parent Relationship": "Outer", "Join Type": "Inner", "Startup Cost": 5.53, "Total Cost": 115372.99, "Plan Rows": 5, "Plan Width": 32, "Inner Unique": false, "Plans": [{"Node Type": "Nested Loop", "Parent Relationship": "Outer", "Join Type": "Inner", "Startup Cost": 5.22, "Total Cost": 115316.36, "Plan Rows": 13, "Plan Width": 24, "Inner Unique": false, "Join Filter": "(ci.role_id = rt.id)", "Plans": [{"Node Type": "Seq Scan", "Parent Relationship": "Outer", "Relation Name": "role_type", "Alias": "rt", "Startup Cost": 0.0, "Total Cost": 1.15, "Plan Rows": 1, "Plan Width": 4, "Filter": "((role)::text = 'actress'::text)"}, {"Node Type": "Nested Loop", "Parent Relationship": "Inner", "Join Type": "Inner", "Startup Cost": 5.22, "Total Cost": 115313.45, "Plan Rows": 141, "Plan Width": 28, "Inner Unique": false, "Join Filter": "(n.id = ci.person_id)", "Plans": [{"Node Type": "Nested Loop", "Parent Relationship": "Outer", "Join Type": "Inner", "Startup Cost": 4.22, "Total Cost": 114700.25, "Plan Rows": 115, "Plan Width": 24, "Inner Unique": false, "Plans": [{"Node Type": "Seq Scan", "Parent Relationship": "Outer", "Relation Name": "name", "Alias": "n", "Startup Cost": 0.0, "Total Cost": 113909.35, "Plan Rows": 96, "Plan Width": 4, "Filter": "(((name)::text ~~ '%Ang%'::text) AND ((gender)::text = 'f'::text))"}, {"Node Type": "Bitmap Heap Scan", "Parent Relationship": "Inner", "Relation Name": "aka_name", "Alias": "an", "Startup Cost": 4.22, "Total Cost": 8.23, "Plan Rows": 1, "Plan Width": 20, "Recheck Cond": "(person_id = n.id)", "Plans": [{"Node Type": "Bitmap Index Scan", "Parent Relationship": "Outer", "Index Name": "person_id_aka_name", "Startup Cost": 0.0, "Total Cost": 4.22, "Plan Rows": 1, "Plan Width": 0, "Index Cond": "(person_id = n.id)"}]}]}, {"Node Type": "Bitmap Heap Scan", "Parent Relationship": "Inner", "Relation Name": "cast_info", "Alias": "ci", "Startup Cost": 1.0, "Total Cost": 5.32, "Plan Rows": 1, "Plan Width": 16, "Recheck Cond": "(person_id = an.person_id)", "Filter": "((note)::text = ANY ('{(voice),\"(voice: Japanese version)\",\"(voice) (uncredited)\",\"(voice: English version)\"}'::text[]))", "Plans": [{"Node Type": "Bitmap Index Scan", "Parent Relationship": "Outer", "Index Name": "person_id_cast_info", "Startup Cost": 0.0, "Total Cost": 1.0, "Plan Rows": 18, "Plan Width": 0, "Index Cond": "(person_id = an.person_id)"}]}]}]}, {"Node Type": "Bitmap Heap Scan", "Parent Relationship": "Inner", "Relation Name": "movie_companies", "Alias": "mc", "Startup Cost": 0.31, "Total Cost": 4.35, "Plan Rows": 1, "Plan Width": 8, "Recheck Cond": "(movie_id = ci.movie_id)", "Filter": "((note IS NOT NULL) AND (((note)::text ~~ '%(USA)%'::text) OR ((note)::text ~~ '%(worldwide)%'::text)))", "Plans": [{"Node Type": "Bitmap Index Scan", "Parent Relationship": "Outer", "Index Name": "movie_id_movie_companies", "Startup Cost": 0.0, "Total Cost": 0.31, "Plan Rows": 2, "Plan Width": 0, "Index Cond": "(movie_id = ci.movie_id)"}]}]}, {"Node Type": "Bitmap Heap Scan", "Parent Relationship": "Inner", "Relation Name": "company_name", "Alias": "cn", "Startup Cost": 0.26, "Total Cost": 4.28, "Plan Rows": 1, "Plan Width": 4, "Recheck Cond": "(id = mc.company_id)", "Filter": "((country_code)::text = '[us]'::text)", "Plans": [{"Node Type": "Bitmap Index Scan", "Parent Relationship": "Outer", "Index Name": "company_name_pkey", "Startup Cost": 0.0, "Total Cost": 0.26, "Plan Rows": 1, "Plan Width": 0, "Index Cond": "(id = mc.company_id)"}]}]}, {"Node Type": "Bitmap Heap Scan", "Parent Relationship": "Inner", "Relation Name": "char_name", "Alias": "chn", "Startup Cost": 0.31, "Total Cost": 4.33, "Plan Rows": 1, "Plan Width": 20, "Recheck Cond": "(id = ci.person_role_id)", "Plans": [{"Node Type": "Bitmap Index Scan", "Parent Relationship": "Outer", "Index Name": "char_name_pkey", "Startup Cost": 0.0, "Total Cost": 0.31, "Plan Rows": 1, "Plan Width": 0, "Index Cond": "(id = ci.person_role_id)"}]}]}, {"Node Type": "Bitmap Heap Scan", "Parent Relationship": "Inner", "Relation Name": "title", "Alias": "t", "Startup Cost": 0.3, "Total Cost": 4.32, "Plan Rows": 1, "Plan Width": 21, "Recheck Cond": "(id = ci.movie_id)", "Filter": "((production_year >= 2005) AND (production_year <= 2015))", "Plans": [{"Node Type": "Bitmap Index Scan", "Parent Relationship": "Outer", "Index Name": "title_pkey", "Startup Cost": 0.0, "Total Cost": 0.3, "Plan Rows": 1, "Plan Width": 0, "Index Cond": "(id = ci.movie_id)"}]}]}]}, "Unique SQL Id": 3431223514, "Planner Runtime": 11}, "explain_analyze_plan": {"Plan": {"Node Type": "Aggregate", "Strategy": "Plain", "Startup Cost": 115407.44, "Total Cost": 115407.45, "Plan Rows": 1, "Plan Width": 145, "Actual Startup Time": 1730.555, "Actual Total Time": 1730.556, "Actual Rows": 1, "Actual Loops": 1, "Plans": [{"Node Type": "Nested Loop", "Parent Relationship": "Outer", "Join Type": "Inner", "Startup Cost": 6.41, "Total Cost": 115407.43, "Plan Rows": 1, "Plan Width": 49, "Actual Startup Time": 721.589, "Actual Total Time": 1730.287, "Actual Rows": 121, "Actual Loops": 1, "Inner Unique": true, "Plans": [{"Node Type": "Nested Loop", "Parent Relationship": "Outer", "Join Type": "Inner", "Startup Cost": 6.11, "Total Cost": 115403.1, "Plan Rows": 1, "Plan Width": 40, "Actual Startup Time": 713.317, "Actual Total Time": 1728.001, "Actual Rows": 341, "Actual Loops": 1, "Inner Unique": true, "Plans": [{"Node Type": "Nested Loop", "Parent Relationship": "Outer", "Join Type": "Inner", "Startup Cost": 5.8, "Total Cost": 115394.43, "Plan Rows": 2, "Plan Width": 28, "Actual Startup Time": 713.291, "Actual Total Time": 1725.833, "Actual Rows": 359, "Actual Loops": 1, "Inner Unique": true, "Plans": [{"Node Type": "Nested Loop", "Parent Relationship": "Outer", "Join Type": "Inner", "Startup Cost": 5.53, "Total Cost": 115372.99, "Plan Rows": 5, "Plan Width": 32, "Actual Startup Time": 713.271, "Actual Total Time": 1723.265, "Actual Rows": 373, "Actual Loops": 1, "Inner Unique": false, "Plans": [{"Node Type": "Nested Loop", "Parent Relationship": "Outer", "Join Type": "Inner", "Startup Cost": 5.22, "Total Cost": 115316.36, "Plan Rows": 13, "Plan Width": 24, "Actual Startup Time": 711.687, "Actual Total Time": 1717.796, "Actual Rows": 425, "Actual Loops": 1, "Inner Unique": false, "Join Filter": "(ci.role_id = rt.id)", "Rows Removed by Join Filter": 0, "Plans": [{"Node Type": "Seq Scan", "Parent Relationship": "Outer", "Relation Name": "role_type", "Alias": "rt", "Startup Cost": 0.0, "Total Cost": 1.15, "Plan Rows": 1, "Plan Width": 4, "Actual Startup Time": 0.03, "Actual Total Time": 0.037, "Actual Rows": 1, "Actual Loops": 1, "Filter": "((role)::text = 'actress'::text)", "Rows Removed by Filter": 11}, {"Node Type": "Nested Loop", "Parent Relationship": "Inner", "Join Type": "Inner", "Startup Cost": 5.22, "Total Cost": 115313.45, "Plan Rows": 141, "Plan Width": 28, "Actual Startup Time": 711.649, "Actual Total Time": 1717.554, "Actual Rows": 425, "Actual Loops": 1, "Inner Unique": false, "Join Filter": "(n.id = ci.person_id)", "Rows Removed by Join Filter": 0, "Plans": [{"Node Type": "Nested Loop", "Parent Relationship": "Outer", "Join Type": "Inner", "Startup Cost": 4.22, "Total Cost": 114700.25, "Plan Rows": 115, "Plan Width": 24, "Actual Startup Time": 695.408, "Actual Total Time": 1666.951, "Actual Rows": 1558, "Actual Loops": 1, "Inner Unique": false, "Plans": [{"Node Type": "Seq Scan", "Parent Relationship": "Outer", "Relation Name": "name", "Alias": "n", "Startup Cost": 0.0, "Total Cost": 113909.35, "Plan Rows": 96, "Plan Width": 4, "Actual Startup Time": 693.582, "Actual Total Time": 1635.892, "Actual Rows": 6768, "Actual Loops": 1, "Filter": "(((name)::text ~~ '%Ang%'::text) AND ((gender)::text = 'f'::text))", "Rows Removed by Filter": 4160722}, {"Node Type": "Bitmap Heap Scan", "Parent Relationship": "Inner", "Relation Name": "aka_name", "Alias": "an", "Startup Cost": 4.22, "Total Cost": 8.23, "Plan Rows": 1, "Plan Width": 20, "Actual Startup Time": 22.473, "Actual Total Time": 22.949, "Actual Rows": 1558, "Actual Loops": 6768, "Recheck Cond": "(person_id = n.id)", "Rows Removed by Index Recheck": 0, "Exact Heap Blocks": 1014, "Lossy Heap Blocks": 1014, "Plans": [{"Node Type": "Bitmap Index Scan", "Parent Relationship": "Outer", "Index Name": "person_id_aka_name", "Startup Cost": 0.0, "Total Cost": 4.22, "Plan Rows": 1, "Plan Width": 0, "Actual Startup Time": 17.185, "Actual Total Time": 17.185, "Actual Rows": 1558, "Actual Loops": 6768, "Index Cond": "(person_id = n.id)"}]}]}, {"Node Type": "Bitmap Heap Scan", "Parent Relationship": "Inner", "Relation Name": "cast_info", "Alias": "ci", "Startup Cost": 1.0, "Total Cost": 5.32, "Plan Rows": 1, "Plan Width": 16, "Actual Startup Time": 44.951, "Actual Total Time": 48.212, "Actual Rows": 425, "Actual Loops": 1558, "Recheck Cond": "(person_id = an.person_id)", "Rows Removed by Index Recheck": 0, "Filter": "((note)::text = ANY ('{(voice),\"(voice: Japanese version)\",\"(voice) (uncredited)\",\"(voice: English version)\"}'::text[]))", "Rows Removed by Filter": 69057, "Exact Heap Blocks": 2627, "Lossy Heap Blocks": 2627, "Plans": [{"Node Type": "Bitmap Index Scan", "Parent Relationship": "Outer", "Index Name": "person_id_cast_info", "Startup Cost": 0.0, "Total Cost": 1.0, "Plan Rows": 18, "Plan Width": 0, "Actual Startup Time": 14.083, "Actual Total Time": 14.083, "Actual Rows": 69482, "Actual Loops": 1558, "Index Cond": "(person_id = an.person_id)"}]}]}]}, {"Node Type": "Bitmap Heap Scan", "Parent Relationship": "Inner", "Relation Name": "movie_companies", "Alias": "mc", "Startup Cost": 0.31, "Total Cost": 4.35, "Plan Rows": 1, "Plan Width": 8, "Actual Startup Time": 3.792, "Actual Total Time": 4.696, "Actual Rows": 373, "Actual Loops": 425, "Recheck Cond": "(movie_id = ci.movie_id)", "Rows Removed by Index Recheck": 0, "Filter": "((note IS NOT NULL) AND (((note)::text ~~ '%(USA)%'::text) OR ((note)::text ~~ '%(worldwide)%'::text)))", "Rows Removed by Filter": 1538, "Exact Heap Blocks": 580, "Lossy Heap Blocks": 580, "Plans": [{"Node Type": "Bitmap Index Scan", "Parent Relationship": "Outer", "Index Name": "movie_id_movie_companies", "Startup Cost": 0.0, "Total Cost": 0.31, "Plan Rows": 2, "Plan Width": 0, "Actual Startup Time": 1.971, "Actual Total Time": 1.971, "Actual Rows": 1911, "Actual Loops": 425, "Index Cond": "(movie_id = ci.movie_id)"}]}]}, {"Node Type": "Bitmap Heap Scan", "Parent Relationship": "Inner", "Relation Name": "company_name", "Alias": "cn", "Startup Cost": 0.26, "Total Cost": 4.28, "Plan Rows": 1, "Plan Width": 4, "Actual Startup Time": 2.01, "Actual Total Time": 2.01, "Actual Rows": 359, "Actual Loops": 373, "Recheck Cond": "(id = mc.company_id)", "Rows Removed by Index Recheck": 0, "Filter": "((country_code)::text = '[us]'::text)", "Rows Removed by Filter": 14, "Exact Heap Blocks": 373, "Lossy Heap Blocks": 373, "Plans": [{"Node Type": "Bitmap Index Scan", "Parent Relationship": "Outer", "Index Name": "company_name_pkey", "Startup Cost": 0.0, "Total Cost": 0.26, "Plan Rows": 1, "Plan Width": 0, "Actual Startup Time": 1.135, "Actual Total Time": 1.135, "Actual Rows": 373, "Actual Loops": 373, "Index Cond": "(id = mc.company_id)"}]}]}, {"Node Type": "Bitmap Heap Scan", "Parent Relationship": "Inner", "Relation Name": "char_name", "Alias": "chn", "Startup Cost": 0.31, "Total Cost": 4.33, "Plan Rows": 1, "Plan Width": 20, "Actual Startup Time": 1.605, "Actual Total Time": 1.605, "Actual Rows": 341, "Actual Loops": 359, "Recheck Cond": "(id = ci.person_role_id)", "Rows Removed by Index Recheck": 0, "Exact Heap Blocks": 341, "Lossy Heap Blocks": 341, "Plans": [{"Node Type": "Bitmap Index Scan", "Parent Relationship": "Outer", "Index Name": "char_name_pkey", "Startup Cost": 0.0, "Total Cost": 0.31, "Plan Rows": 1, "Plan Width": 0, "Actual Startup Time": 1.039, "Actual Total Time": 1.039, "Actual Rows": 341, "Actual Loops": 359, "Index Cond": "(id = ci.person_role_id)"}]}]}, {"Node Type": "Bitmap Heap Scan", "Parent Relationship": "Inner", "Relation Name": "title", "Alias": "t", "Startup Cost": 0.3, "Total Cost": 4.32, "Plan Rows": 1, "Plan Width": 21, "Actual Startup Time": 1.816, "Actual Total Time": 1.816, "Actual Rows": 121, "Actual Loops": 341, "Recheck Cond": "(id = ci.movie_id)", "Rows Removed by Index Recheck": 0, "Filter": "((production_year >= 2005) AND (production_year <= 2015))", "Rows Removed by Filter": 220, "Exact Heap Blocks": 341, "Lossy Heap Blocks": 341, "Plans": [{"Node Type": "Bitmap Index Scan", "Parent Relationship": "Outer", "Index Name": "title_pkey", "Startup Cost": 0.0, "Total Cost": 0.3, "Plan Rows": 1, "Plan Width": 0, "Actual Startup Time": 1.061, "Actual Total Time": 1.061, "Actual Rows": 341, "Actual Loops": 341, "Index Cond": "(id = ci.movie_id)"}]}]}]}, "Triggers": [], "Planner Runtime": 11, "Total Runtime": 1730.905, "Unique SQL Id": 3431223514}}, "(1, 55)": {"explain_plan": {"Plan": {"Node Type": "Aggregate", "Strategy": "Plain", "Startup Cost": 1000016655188.3, "Total Cost": 1000016655188.31, "Plan Rows": 1, "Plan Width": 145, "Plans": [{"Node Type": "Nested Loop", "Parent Relationship": "Outer", "Join Type": "Inner", "Startup Cost": 10000000002.78, "Total Cost": 1000016655188.3, "Plan Rows": 1, "Plan Width": 49, "Inner Unique": true, "Join Filter": "(ci.person_id = n.id)", "Plans": [{"Node Type": "Nested Loop", "Parent Relationship": "Outer", "Join Type": "Inner", "Startup Cost": 10000000002.45, "Total Cost": 1000016612909.02, "Plan Rows": 9704, "Plan Width": 57, "Inner Unique": true, "Plans": [{"Node Type": "Nested Loop", "Parent Relationship": "Outer", "Join Type": "Inner", "Startup Cost": 10000000002.15, "Total Cost": 1000016578899.44, "Plan Rows": 7855, "Plan Width": 48, "Inner Unique": true, "Plans": [{"Node Type": "Nested Loop", "Parent Relationship": "Outer", "Join Type": "Inner", "Startup Cost": 10000000001.89, "Total Cost": 1000016510409.12, "Plan Rows": 15972, "Plan Width": 52, "Inner Unique": true, "Plans": [{"Node Type": "Nested Loop", "Parent Relationship": "Outer", "Join Type": "Inner", "Startup Cost": 10000000001.57, "Total Cost": 1000016367541.65, "Plan Rows": 32949, "Plan Width": 40, "Inner Unique": false, "Plans": [{"Node Type": "Nested Loop", "Parent Relationship": "Outer", "Join Type": "Inner", "Startup Cost": 10000000001.26, "Total Cost": 1000015972498.77, "Plan Rows": 90685, "Plan Width": 32, "Inner Unique": true, "Plans": [{"Node Type": "Nested Loop", "Parent Relationship": "Outer", "Join Type": "Inner", "Startup Cost": 10000000001.0, "Total Cost": 1000011700317.58, "Plan Rows": 997530, "Plan Width": 36, "Inner Unique": false, "Plans": [{"Node Type": "Index Scan", "Parent Relationship": "Outer", "Scan Direction": "Forward", "Index Name": "person_id_aka_name", "Relation Name": "aka_name", "Alias": "an", "Startup Cost": 10000000000.0, "Total Cost": 1000006896503.43, "Plan Rows": 901342, "Plan Width": 20}, {"Node Type": "Bitmap Heap Scan", "Parent Relationship": "Inner", "Relation Name": "cast_info", "Alias": "ci", "Startup Cost": 1.0, "Total Cost": 5.32, "Plan Rows": 1, "Plan Width": 16, "Recheck Cond": "(person_id = an.person_id)", "Filter": "((note)::text = ANY ('{(voice),\"(voice: Japanese version)\",\"(voice) (uncredited)\",\"(voice: English version)\"}'::text[]))", "Plans": [{"Node Type": "Bitmap Index Scan", "Parent Relationship": "Outer", "Index Name": "person_id_cast_info", "Startup Cost": 0.0, "Total Cost": 1.0, "Plan Rows": 18, "Plan Width": 0, "Index Cond": "(person_id = an.person_id)"}]}]}, {"Node Type": "Bitmap Heap Scan", "Parent Relationship": "Inner", "Relation Name": "role_type", "Alias": "rt", "Startup Cost": 0.26, "Total Cost": 4.27, "Plan Rows": 1, "Plan Width": 4, "Recheck Cond": "(id = ci.role_id)", "Filter": "((role)::text = 'actress'::text)", "Plans": [{"Node Type": "Bitmap Index Scan", "Parent Relationship": "Outer", "Index Name": "role_type_pkey", "Startup Cost": 0.0, "Total Cost": 0.26, "Plan Rows": 1, "Plan Width": 0, "Index Cond": "(id = ci.role_id)"}]}]}, {"Node Type": "Bitmap Heap Scan", "Parent Relationship": "Inner", "Relation Name": "movie_companies", "Alias": "mc", "Startup Cost": 0.31, "Total Cost": 4.35, "Plan Rows": 1, "Plan Width": 8, "Recheck Cond": "(movie_id = ci.movie_id)", "Filter": "((note IS NOT NULL) AND (((note)::text ~~ '%(USA)%'::text) OR ((note)::text ~~ '%(worldwide)%'::text)))", "Plans": [{"Node Type": "Bitmap Index Scan", "Parent Relationship": "Outer", "Index Name": "movie_id_movie_companies", "Startup Cost": 0.0, "Total Cost": 0.31, "Plan Rows": 2, "Plan Width": 0, "Index Cond": "(movie_id = ci.movie_id)"}]}]}, {"Node Type": "Bitmap Heap Scan", "Parent Relationship": "Inner", "Relation Name": "char_name", "Alias": "chn", "Startup Cost": 0.31, "Total Cost": 4.33, "Plan Rows": 1, "Plan Width": 20, "Recheck Cond": "(id = ci.person_role_id)", "Plans": [{"Node Type": "Bitmap Index Scan", "Parent Relationship": "Outer", "Index Name": "char_name_pkey", "Startup Cost": 0.0, "Total Cost": 0.31, "Plan Rows": 1, "Plan Width": 0, "Index Cond": "(id = ci.person_role_id)"}]}]}, {"Node Type": "Bitmap Heap Scan", "Parent Relationship": "Inner", "Relation Name": "company_name", "Alias": "cn", "Startup Cost": 0.26, "Total Cost": 4.28, "Plan Rows": 1, "Plan Width": 4, "Recheck Cond": "(id = mc.company_id)", "Filter": "((country_code)::text = '[us]'::text)", "Plans": [{"Node Type": "Bitmap Index Scan", "Parent Relationship": "Outer", "Index Name": "company_name_pkey", "Startup Cost": 0.0, "Total Cost": 0.26, "Plan Rows": 1, "Plan Width": 0, "Index Cond": "(id = mc.company_id)"}]}]}, {"Node Type": "Bitmap Heap Scan", "Parent Relationship": "Inner", "Relation Name": "title", "Alias": "t", "Startup Cost": 0.3, "Total Cost": 4.32, "Plan Rows": 1, "Plan Width": 21, "Recheck Cond": "(id = ci.movie_id)", "Filter": "((production_year >= 2005) AND (production_year <= 2015))", "Plans": [{"Node Type": "Bitmap Index Scan", "Parent Relationship": "Outer", "Index Name": "title_pkey", "Startup Cost": 0.0, "Total Cost": 0.3, "Plan Rows": 1, "Plan Width": 0, "Index Cond": "(id = ci.movie_id)"}]}]}, {"Node Type": "Bitmap Heap Scan", "Parent Relationship": "Inner", "Relation Name": "name", "Alias": "n", "Startup Cost": 0.33, "Total Cost": 4.34, "Plan Rows": 1, "Plan Width": 4, "Recheck Cond": "(id = an.person_id)", "Filter": "(((name)::text ~~ '%Ang%'::text) AND ((gender)::text = 'f'::text))", "Plans": [{"Node Type": "Bitmap Index Scan", "Parent Relationship": "Outer", "Index Name": "name_pkey", "Startup Cost": 0.0, "Total Cost": 0.33, "Plan Rows": 1, "Plan Width": 0, "Index Cond": "(id = an.person_id)"}]}]}]}, "Unique SQL Id": 3431223514, "Planner Runtime": 7}, "explain_analyze_plan": null}, "(1, 56)": {"explain_plan": {"Plan": {"Node Type": "Aggregate", "Strategy": "Plain", "Startup Cost": 114987.2, "Total Cost": 114987.21, "Plan Rows": 1, "Plan Width": 145, "Plans": [{"Node Type": "Nested Loop", "Parent Relationship": "Outer", "Join Type": "Inner", "Startup Cost": 0.0, "Total Cost": 114987.19, "Plan Rows": 1, "Plan Width": 49, "Inner Unique": true, "Plans": [{"Node Type": "Nested Loop", "Parent Relationship": "Outer", "Join Type": "Inner", "Startup Cost": 0.0, "Total Cost": 114986.69, "Plan Rows": 1, "Plan Width": 40, "Inner Unique": true, "Plans": [{"Node Type": "Nested Loop", "Parent Relationship": "Outer", "Join Type": "Inner", "Startup Cost": 0.0, "Total Cost": 114985.67, "Plan Rows": 2, "Plan Width": 28, "Inner Unique": true, "Plans": [{"Node Type": "Nested Loop", "Parent Relationship": "Outer", "Join Type": "Inner", "Startup Cost": 0.0, "Total Cost": 114984.04, "Plan Rows": 5, "Plan Width": 32, "Inner Unique": false, "Plans": [{"Node Type": "Nested Loop", "Parent Relationship": "Outer", "Join Type": "Inner", "Startup Cost": 0.0, "Total Cost": 114978.43, "Plan Rows": 13, "Plan Width": 24, "Inner Unique": false, "Join Filter": "(ci.role_id = rt.id)", "Plans": [{"Node Type": "Seq Scan", "Parent Relationship": "Outer", "Relation Name": "role_type", "Alias": "rt", "Startup Cost": 0.0, "Total Cost": 1.15, "Plan Rows": 1, "Plan Width": 4, "Filter": "((role)::text = 'actress'::text)"}, {"Node Type": "Nested Loop", "Parent Relationship": "Inner", "Join Type": "Inner", "Startup Cost": 0.0, "Total Cost": 114975.51, "Plan Rows": 141, "Plan Width": 28, "Inner Unique": false, "Join Filter": "(n.id = ci.person_id)", "Plans": [{"Node Type": "Nested Loop", "Parent Relationship": "Outer", "Join Type": "Inner", "Startup Cost": 0.0, "Total Cost": 114700.23, "Plan Rows": 115, "Plan Width": 24, "Inner Unique": false, "Plans": [{"Node Type": "Seq Scan", "Parent Relationship": "Outer", "Relation Name": "name", "Alias": "n", "Startup Cost": 0.0, "Total Cost": 113909.35, "Plan Rows": 96, "Plan Width": 4, "Filter": "(((name)::text ~~ '%Ang%'::text) AND ((gender)::text = 'f'::text))"}, {"Node Type": "Index Scan", "Parent Relationship": "Inner", "Scan Direction": "Forward", "Index Name": "person_id_aka_name", "Relation Name": "aka_name", "Alias": "an", "Startup Cost": 0.0, "Total Cost": 8.23, "Plan Rows": 1, "Plan Width": 20, "Index Cond": "(person_id = n.id)"}]}, {"Node Type": "Index Scan", "Parent Relationship": "Inner", "Scan Direction": "Forward", "Index Name": "person_id_cast_info", "Relation Name": "cast_info", "Alias": "ci", "Startup Cost": 0.0, "Total Cost": 2.38, "Plan Rows": 1, "Plan Width": 16, "Index Cond": "(person_id = an.person_id)", "Filter": "((note)::text = ANY ('{(voice),\"(voice: Japanese version)\",\"(voice) (uncredited)\",\"(voice: English version)\"}'::text[]))"}]}]}, {"Node Type": "Index Scan", "Parent Relationship": "Inner", "Scan Direction": "Forward", "Index Name": "movie_id_movie_companies", "Relation Name": "movie_companies", "Alias": "mc", "Startup Cost": 0.0, "Total Cost": 0.42, "Plan Rows": 1, "Plan Width": 8, "Index Cond": "(movie_id = ci.movie_id)", "Filter": "((note IS NOT NULL) AND (((note)::text ~~ '%(USA)%'::text) OR ((note)::text ~~ '%(worldwide)%'::text)))"}]}, {"Node Type": "Index Scan", "Parent Relationship": "Inner", "Scan Direction": "Forward", "Index Name": "company_name_pkey", "Relation Name": "company_name", "Alias": "cn", "Startup Cost": 0.0, "Total Cost": 0.32, "Plan Rows": 1, "Plan Width": 4, "Index Cond": "(id = mc.company_id)", "Filter": "((country_code)::text = '[us]'::text)"}]}, {"Node Type": "Index Scan", "Parent Relationship": "Inner", "Scan Direction": "Forward", "Index Name": "char_name_pkey", "Relation Name": "char_name", "Alias": "chn", "Startup Cost": 0.0, "Total Cost": 0.5, "Plan Rows": 1, "Plan Width": 20, "Index Cond": "(id = ci.person_role_id)"}]}, {"Node Type": "Index Scan", "Parent Relationship": "Inner", "Scan Direction": "Forward", "Index Name": "title_pkey", "Relation Name": "title", "Alias": "t", "Startup Cost": 0.0, "Total Cost": 0.49, "Plan Rows": 1, "Plan Width": 21, "Index Cond": "(id = ci.movie_id)", "Filter": "((production_year >= 2005) AND (production_year <= 2015))"}]}]}, "Unique SQL Id": 3431223514, "Planner Runtime": 8}, "explain_analyze_plan": {"Plan": {"Node Type": "Aggregate", "Strategy": "Plain", "Startup Cost": 114987.2, "Total Cost": 114987.21, "Plan Rows": 1, "Plan Width": 145, "Actual Startup Time": 1703.594, "Actual Total Time": 1703.595, "Actual Rows": 1, "Actual Loops": 1, "Plans": [{"Node Type": "Nested Loop", "Parent Relationship": "Outer", "Join Type": "Inner", "Startup Cost": 0.0, "Total Cost": 114987.19, "Plan Rows": 1, "Plan Width": 49, "Actual Startup Time": 697.212, "Actual Total Time": 1703.364, "Actual Rows": 121, "Actual Loops": 1, "Inner Unique": true, "Plans": [{"Node Type": "Nested Loop", "Parent Relationship": "Outer", "Join Type": "Inner", "Startup Cost": 0.0, "Total Cost": 114986.69, "Plan Rows": 1, "Plan Width": 40, "Actual Startup Time": 689.723, "Actual Total Time": 1701.599, "Actual Rows": 341, "Actual Loops": 1, "Inner Unique": true, "Plans": [{"Node Type": "Nested Loop", "Parent Relationship": "Outer", "Join Type": "Inner", "Startup Cost": 0.0, "Total Cost": 114985.67, "Plan Rows": 2, "Plan Width": 28, "Actual Startup Time": 689.707, "Actual Total Time": 1700.005, "Actual Rows": 359, "Actual Loops": 1, "Inner Unique": true, "Plans": [{"Node Type": "Nested Loop", "Parent Relationship": "Outer", "Join Type": "Inner", "Startup Cost": 0.0, "Total Cost": 114984.04, "Plan Rows": 5, "Plan Width": 32, "Actual Startup Time": 689.678, "Actual Total Time": 1697.916, "Actual Rows": 373, "Actual Loops": 1, "Inner Unique": false, "Plans": [{"Node Type": "Nested Loop", "Parent Relationship": "Outer", "Join Type": "Inner", "Startup Cost": 0.0, "Total Cost": 114978.43, "Plan Rows": 13, "Plan Width": 24, "Actual Startup Time": 688.314, "Actual Total Time": 1693.763, "Actual Rows": 425, "Actual Loops": 1, "Inner Unique": false, "Join Filter": "(ci.role_id = rt.id)", "Rows Removed by Join Filter": 0, "Plans": [{"Node Type": "Seq Scan", "Parent Relationship": "Outer", "Relation Name": "role_type", "Alias": "rt", "Startup Cost": 0.0, "Total Cost": 1.15, "Plan Rows": 1, "Plan Width": 4, "Actual Startup Time": 0.039, "Actual Total Time": 0.045, "Actual Rows": 1, "Actual Loops": 1, "Filter": "((role)::text = 'actress'::text)", "Rows Removed by Filter": 11}, {"Node Type": "Nested Loop", "Parent Relationship": "Inner", "Join Type": "Inner", "Startup Cost": 0.0, "Total Cost": 114975.51, "Plan Rows": 141, "Plan Width": 28, "Actual Startup Time": 688.266, "Actual Total Time": 1693.541, "Actual Rows": 425, "Actual Loops": 1, "Inner Unique": false, "Join Filter": "(n.id = ci.person_id)", "Rows Removed by Join Filter": 0, "Plans": [{"Node Type": "Nested Loop", "Parent Relationship": "Outer", "Join Type": "Inner", "Startup Cost": 0.0, "Total Cost": 114700.23, "Plan Rows": 115, "Plan Width": 24, "Actual Startup Time": 673.28, "Actual Total Time": 1644.68, "Actual Rows": 1558, "Actual Loops": 1, "Inner Unique": false, "Plans": [{"Node Type": "Seq Scan", "Parent Relationship": "Outer", "Relation Name": "name", "Alias": "n", "Startup Cost": 0.0, "Total Cost": 113909.35, "Plan Rows": 96, "Plan Width": 4, "Actual Startup Time": 671.583, "Actual Total Time": 1622.951, "Actual Rows": 6768, "Actual Loops": 1, "Filter": "(((name)::text ~~ '%Ang%'::text) AND ((gender)::text = 'f'::text))", "Rows Removed by Filter": 4160722}, {"Node Type": "Index Scan", "Parent Relationship": "Inner", "Scan Direction": "Forward", "Index Name": "person_id_aka_name", "Relation Name": "aka_name", "Alias": "an", "Startup Cost": 0.0, "Total Cost": 8.23, "Plan Rows": 1, "Plan Width": 20, "Actual Startup Time": 16.878, "Actual Total Time": 17.626, "Actual Rows": 1558, "Actual Loops": 6768, "Index Cond": "(person_id = n.id)", "Rows Removed by Index Recheck": 0}]}, {"Node Type": "Index Scan", "Parent Relationship": "Inner", "Scan Direction": "Forward", "Index Name": "person_id_cast_info", "Relation Name": "cast_info", "Alias": "ci", "Startup Cost": 0.0, "Total Cost": 2.38, "Plan Rows": 1, "Plan Width": 16, "Actual Startup Time": 43.065, "Actual Total Time": 47.745, "Actual Rows": 425, "Actual Loops": 1558, "Index Cond": "(person_id = an.person_id)", "Rows Removed by Index Recheck": 0, "Filter": "((note)::text = ANY ('{(voice),\"(voice: Japanese version)\",\"(voice) (uncredited)\",\"(voice: English version)\"}'::text[]))", "Rows Removed by Filter": 69057}]}]}, {"Node Type": "Index Scan", "Parent Relationship": "Inner", "Scan Direction": "Forward", "Index Name": "movie_id_movie_companies", "Relation Name": "movie_companies", "Alias": "mc", "Startup Cost": 0.0, "Total Cost": 0.42, "Plan Rows": 1, "Plan Width": 8, "Actual Startup Time": 2.627, "Actual Total Time": 3.738, "Actual Rows": 373, "Actual Loops": 425, "Index Cond": "(movie_id = ci.movie_id)", "Rows Removed by Index Recheck": 0, "Filter": "((note IS NOT NULL) AND (((note)::text ~~ '%(USA)%'::text) OR ((note)::text ~~ '%(worldwide)%'::text)))", "Rows Removed by Filter": 1538}]}, {"Node Type": "Index Scan", "Parent Relationship": "Inner", "Scan Direction": "Forward", "Index Name": "company_name_pkey", "Relation Name": "company_name", "Alias": "cn", "Startup Cost": 0.0, "Total Cost": 0.32, "Plan Rows": 1, "Plan Width": 4, "Actual Startup Time": 1.71, "Actual Total Time": 1.71, "Actual Rows": 359, "Actual Loops": 373, "Index Cond": "(id = mc.company_id)", "Rows Removed by Index Recheck": 0, "Filter": "((country_code)::text = '[us]'::text)", "Rows Removed by Filter": 14}]}, {"Node Type": "Index Scan", "Parent Relationship": "Inner", "Scan Direction": "Forward", "Index Name": "char_name_pkey", "Relation Name": "char_name", "Alias": "chn", "Startup Cost": 0.0, "Total Cost": 0.5, "Plan Rows": 1, "Plan Width": 20, "Actual Startup Time": 1.241, "Actual Total Time": 1.241, "Actual Rows": 341, "Actual Loops": 359, "Index Cond": "(id = ci.person_role_id)", "Rows Removed by Index Recheck": 0}]}, {"Node Type": "Index Scan", "Parent Relationship": "Inner", "Scan Direction": "Forward", "Index Name": "title_pkey", "Relation Name": "title", "Alias": "t", "Startup Cost": 0.0, "Total Cost": 0.49, "Plan Rows": 1, "Plan Width": 21, "Actual Startup Time": 1.484, "Actual Total Time": 1.484, "Actual Rows": 121, "Actual Loops": 341, "Index Cond": "(id = ci.movie_id)", "Rows Removed by Index Recheck": 0, "Filter": "((production_year >= 2005) AND (production_year <= 2015))", "Rows Removed by Filter": 220}]}]}, "Triggers": [], "Planner Runtime": 8, "Total Runtime": 1704.04, "Unique SQL Id": 3431223514}}, "(1, 57)": {"explain_plan": {"Plan": {"Node Type": "Aggregate", "Strategy": "Plain", "Startup Cost": 198159.35, "Total Cost": 198159.36, "Plan Rows": 1, "Plan Width": 145, "Plans": [{"Node Type": "Nested Loop", "Parent Relationship": "Outer", "Join Type": "Inner", "Startup Cost": 0.0, "Total Cost": 198159.35, "Plan Rows": 1, "Plan Width": 49, "Inner Unique": true, "Plans": [{"Node Type": "Nested Loop", "Parent Relationship": "Outer", "Join Type": "Inner", "Startup Cost": 0.0, "Total Cost": 198158.85, "Plan Rows": 1, "Plan Width": 40, "Inner Unique": true, "Plans": [{"Node Type": "Nested Loop", "Parent Relationship": "Outer", "Join Type": "Inner", "Startup Cost": 0.0, "Total Cost": 198157.83, "Plan Rows": 2, "Plan Width": 28, "Inner Unique": true, "Plans": [{"Node Type": "Nested Loop", "Parent Relationship": "Outer", "Join Type": "Inner", "Startup Cost": 0.0, "Total Cost": 198156.19, "Plan Rows": 5, "Plan Width": 32, "Inner Unique": false, "Plans": [{"Node Type": "Nested Loop", "Parent Relationship": "Outer", "Join Type": "Inner", "Startup Cost": 0.0, "Total Cost": 198150.58, "Plan Rows": 13, "Plan Width": 24, "Inner Unique": false, "Join Filter": "(ci.role_id = rt.id)", "Plans": [{"Node Type": "Index Scan", "Parent Relationship": "Outer", "Scan Direction": "Forward", "Index Name": "role_type_pkey", "Relation Name": "role_type", "Alias": "rt", "Startup Cost": 0.0, "Total Cost": 12.46, "Plan Rows": 1, "Plan Width": 4, "Filter": "((role)::text = 'actress'::text)"}, {"Node Type": "Nested Loop", "Parent Relationship": "Inner", "Join Type": "Inner", "Startup Cost": 0.0, "Total Cost": 198136.36, "Plan Rows": 141, "Plan Width": 28, "Inner Unique": false, "Join Filter": "(n.id = ci.person_id)", "Plans": [{"Node Type": "Nested Loop", "Parent Relationship": "Outer", "Join Type": "Inner", "Startup Cost": 0.0, "Total Cost": 197861.08, "Plan Rows": 115, "Plan Width": 24, "Inner Unique": false, "Plans": [{"Node Type": "Index Scan", "Parent Relationship": "Outer", "Scan Direction": "Forward", "Index Name": "name_pkey", "Relation Name": "name", "Alias": "n", "Startup Cost": 0.0, "Total Cost": 197070.2, "Plan Rows": 96, "Plan Width": 4, "Filter": "(((name)::text ~~ '%Ang%'::text) AND ((gender)::text = 'f'::text))"}, {"Node Type": "Index Scan", "Parent Relationship": "Inner", "Scan Direction": "Forward", "Index Name": "person_id_aka_name", "Relation Name": "aka_name", "Alias": "an", "Startup Cost": 0.0, "Total Cost": 8.23, "Plan Rows": 1, "Plan Width": 20, "Index Cond": "(person_id = n.id)"}]}, {"Node Type": "Index Scan", "Parent Relationship": "Inner", "Scan Direction": "Forward", "Index Name": "person_id_cast_info", "Relation Name": "cast_info", "Alias": "ci", "Startup Cost": 0.0, "Total Cost": 2.38, "Plan Rows": 1, "Plan Width": 16, "Index Cond": "(person_id = an.person_id)", "Filter": "((note)::text = ANY ('{(voice),\"(voice: Japanese version)\",\"(voice) (uncredited)\",\"(voice: English version)\"}'::text[]))"}]}]}, {"Node Type": "Index Scan", "Parent Relationship": "Inner", "Scan Direction": "Forward", "Index Name": "movie_id_movie_companies", "Relation Name": "movie_companies", "Alias": "mc", "Startup Cost": 0.0, "Total Cost": 0.42, "Plan Rows": 1, "Plan Width": 8, "Index Cond": "(movie_id = ci.movie_id)", "Filter": "((note IS NOT NULL) AND (((note)::text ~~ '%(USA)%'::text) OR ((note)::text ~~ '%(worldwide)%'::text)))"}]}, {"Node Type": "Index Scan", "Parent Relationship": "Inner", "Scan Direction": "Forward", "Index Name": "company_name_pkey", "Relation Name": "company_name", "Alias": "cn", "Startup Cost": 0.0, "Total Cost": 0.32, "Plan Rows": 1, "Plan Width": 4, "Index Cond": "(id = mc.company_id)", "Filter": "((country_code)::text = '[us]'::text)"}]}, {"Node Type": "Index Scan", "Parent Relationship": "Inner", "Scan Direction": "Forward", "Index Name": "char_name_pkey", "Relation Name": "char_name", "Alias": "chn", "Startup Cost": 0.0, "Total Cost": 0.5, "Plan Rows": 1, "Plan Width": 20, "Index Cond": "(id = ci.person_role_id)"}]}, {"Node Type": "Index Scan", "Parent Relationship": "Inner", "Scan Direction": "Forward", "Index Name": "title_pkey", "Relation Name": "title", "Alias": "t", "Startup Cost": 0.0, "Total Cost": 0.49, "Plan Rows": 1, "Plan Width": 21, "Index Cond": "(id = ci.movie_id)", "Filter": "((production_year >= 2005) AND (production_year <= 2015))"}]}]}, "Unique SQL Id": 3431223514, "Planner Runtime": 7}, "explain_analyze_plan": null}, "(1, 58)": {"explain_plan": {"Plan": {"Node Type": "Aggregate", "Strategy": "Plain", "Startup Cost": 1410917.35, "Total Cost": 1410917.36, "Plan Rows": 1, "Plan Width": 145, "Plans": [{"Node Type": "Nested Loop", "Parent Relationship": "Outer", "Join Type": "Inner", "Startup Cost": 324.95, "Total Cost": 1410917.34, "Plan Rows": 1, "Plan Width": 49, "Inner Unique": true, "Join Filter": "(ci.movie_id = t.id)", "Plans": [{"Node Type": "Nested Loop", "Parent Relationship": "Outer", "Join Type": "Inner", "Startup Cost": 0.0, "Total Cost": 1324341.37, "Plan Rows": 1, "Plan Width": 40, "Inner Unique": false, "Join Filter": "(n.id = an.person_id)", "Plans": [{"Node Type": "Nested Loop", "Parent Relationship": "Outer", "Join Type": "Inner", "Startup Cost": 0.0, "Total Cost": 1293166.18, "Plan Rows": 1, "Plan Width": 32, "Inner Unique": false, "Join Filter": "(ci.person_role_id = chn.id)", "Plans": [{"Node Type": "Seq Scan", "Parent Relationship": "Outer", "Relation Name": "char_name", "Alias": "chn", "Startup Cost": 0.0, "Total Cost": 67493.38, "Plan Rows": 3140338, "Plan Width": 20}, {"Node Type": "Materialize", "Parent Relationship": "Inner", "Startup Cost": 0.0, "Total Cost": 1131462.66, "Plan Rows": 2, "Plan Width": 20, "Plans": [{"Node Type": "Nested Loop", "Parent Relationship": "Outer", "Join Type": "Inner", "Startup Cost": 0.0, "Total Cost": 1131462.65, "Plan Rows": 2, "Plan Width": 20, "Inner Unique": false, "Join Filter": "(mc.company_id = cn.id)", "Plans": [{"Node Type": "Seq Scan", "Parent Relationship": "Outer", "Relation Name": "company_name", "Alias": "cn", "Startup Cost": 0.0, "Total Cost": 5903.45, "Plan Rows": 85170, "Plan Width": 4, "Filter": "((country_code)::text = '[us]'::text)"}, {"Node Type": "Materialize", "Parent Relationship": "Inner", "Startup Cost": 0.0, "Total Cost": 1120449.01, "Plan Rows": 4, "Plan Width": 24, "Plans": [{"Node Type": "Nested Loop", "Parent Relationship": "Outer", "Join Type": "Inner", "Startup Cost": 0.0, "Total Cost": 1120448.99, "Plan Rows": 4, "Plan Width": 24, "Inner Unique": false, "Join Filter": "(ci.movie_id = mc.movie_id)", "Plans": [{"Node Type": "Seq Scan", "Parent Relationship": "Outer", "Relation Name": "movie_companies", "Alias": "mc", "Startup Cost": 0.0, "Total Cost": 54862.92, "Plan Rows": 297072, "Plan Width": 8, "Filter": "((note IS NOT NULL) AND (((note)::text ~~ '%(USA)%'::text) OR ((note)::text ~~ '%(worldwide)%'::text))), (LLVM Optimized)"}, {"Node Type": "Materialize", "Parent Relationship": "Inner", "Startup Cost": 0.0, "Total Cost": 1016569.22, "Plan Rows": 11, "Plan Width": 16, "Plans": [{"Node Type": "Nested Loop", "Parent Relationship": "Outer", "Join Type": "Inner", "Startup Cost": 0.0, "Total Cost": 1016569.17, "Plan Rows": 11, "Plan Width": 16, "Inner Unique": true, "Join Filter": "(ci.person_id = n.id)", "Plans": [{"Node Type": "Nested Loop", "Parent Relationship": "Outer", "Join Type": "Inner", "Startup Cost": 0.0, "Total Cost": 793591.1, "Plan Rows": 75742, "Plan Width": 12, "Inner Unique": false, "Join Filter": "(ci.role_id = rt.id)", "Plans": [{"Node Type": "Seq Scan", "Parent Relationship": "Outer", "Relation Name": "role_type", "Alias": "rt", "Startup Cost": 0.0, "Total Cost": 1.15, "Plan Rows": 1, "Plan Width": 4, "Filter": "((role)::text = 'actress'::text)"}, {"Node Type": "Seq Scan", "Parent Relationship": "Inner", "Relation Name": "cast_info", "Alias": "ci", "Startup Cost": 0.0, "Total Cost": 783175.41, "Plan Rows": 833163, "Plan Width": 16, "Filter": "((note)::text = ANY ('{(voice),\"(voice: Japanese version)\",\"(voice) (uncredited)\",\"(voice: English version)\"}'::text[]))"}]}, {"Node Type": "Materialize", "Parent Relationship": "Inner", "Startup Cost": 0.0, "Total Cost": 113909.83, "Plan Rows": 96, "Plan Width": 4, "Plans": [{"Node Type": "Seq Scan", "Parent Relationship": "Outer", "Relation Name": "name", "Alias": "n", "Startup Cost": 0.0, "Total Cost": 113909.35, "Plan Rows": 96, "Plan Width": 4, "Filter": "(((name)::text ~~ '%Ang%'::text) AND ((gender)::text = 'f'::text))"}]}]}]}]}]}]}]}]}, {"Node Type": "Seq Scan", "Parent Relationship": "Inner", "Relation Name": "aka_name", "Alias": "an", "Startup Cost": 0.0, "Total Cost": 19908.42, "Plan Rows": 901342, "Plan Width": 20}]}, {"Node Type": "Seq Scan", "Parent Relationship": "Inner", "Relation Name": "title", "Alias": "t", "Startup Cost": 324.95, "Total Cost": 72710.67, "Plan Rows": 1109224, "Plan Width": 21, "Filter": "((production_year >= 2005) AND (production_year <= 2015)), (LLVM Optimized)"}]}]}, "Unique SQL Id": 3431223514, "Planner Runtime": 8}, "explain_analyze_plan": null}, "(1, 59)": {"explain_plan": {"Plan": {"Node Type": "Aggregate", "Strategy": "Plain", "Startup Cost": 8000201060142.55, "Total Cost": 8000201060142.56, "Plan Rows": 1, "Plan Width": 145, "Plans": [{"Node Type": "Nested Loop", "Parent Relationship": "Outer", "Join Type": "Inner", "Startup Cost": 80000000000.0, "Total Cost": 8000201060142.54, "Plan Rows": 1, "Plan Width": 49, "Inner Unique": false, "Join Filter": "(n.id = an.person_id)", "Plans": [{"Node Type": "Nested Loop", "Parent Relationship": "Outer", "Join Type": "Inner", "Startup Cost": 70000000000.0, "Total Cost": 7000201060108.87, "Plan Rows": 1, "Plan Width": 41, "Inner Unique": true, "Plans": [{"Node Type": "Nested Loop", "Parent Relationship": "Outer", "Join Type": "Inner", "Startup Cost": 60000000000.0, "Total Cost": 6000201060060.22, "Plan Rows": 1, "Plan Width": 32, "Inner Unique": true, "Join Filter": "(ci.person_role_id = chn.id)", "Plans": [{"Node Type": "Nested Loop", "Parent Relationship": "Outer", "Join Type": "Inner", "Startup Cost": 50000000000.0, "Total Cost": 5000187970453.73, "Plan Rows": 2, "Plan Width": 20, "Inner Unique": true, "Join Filter": "(mc.company_id = cn.id)", "Plans": [{"Node Type": "Nested Loop", "Parent Relationship": "Outer", "Join Type": "Inner", "Startup Cost": 40000000000.0, "Total Cost": 4000186914991.63, "Plan Rows": 4, "Plan Width": 24, "Inner Unique": false, "Join Filter": "(ci.movie_id = mc.movie_id)", "Plans": [{"Node Type": "Nested Loop", "Parent Relationship": "Outer", "Join Type": "Inner", "Startup Cost": 30000000000.0, "Total Cost": 3000173193318.09, "Plan Rows": 11, "Plan Width": 16, "Inner Unique": true, "Join Filter": "(ci.role_id = rt.id)", "Plans": [{"Node Type": "Nested Loop", "Parent Relationship": "Outer", "Join Type": "Inner", "Startup Cost": 20000000000.0, "Total Cost": 2000173192070.33, "Plan Rows": 117, "Plan Width": 20, "Inner Unique": false, "Join Filter": "(ci.person_id = n.id)", "Plans": [{"Node Type": "Index Scan", "Parent Relationship": "Outer", "Scan Direction": "Forward", "Index Name": "name_pkey", "Relation Name": "name", "Alias": "n", "Startup Cost": 10000000000.0, "Total Cost": 1000019707019.7, "Plan Rows": 96, "Plan Width": 4, "Filter": "(((name)::text ~~ '%Ang%'::text) AND ((gender)::text = 'f'::text))"}, {"Node Type": "Materialize", "Parent Relationship": "Inner", "Startup Cost": 10000000000.0, "Total Cost": 1000152287378.81, "Plan Rows": 833163, "Plan Width": 16, "Plans": [{"Node Type": "Index Scan", "Parent Relationship": "Outer", "Scan Direction": "Forward", "Index Name": "role_id_cast_info", "Relation Name": "cast_info", "Alias": "ci", "Startup Cost": 10000000000.0, "Total Cost": 1000152283213.0, "Plan Rows": 833163, "Plan Width": 16, "Filter": "((note)::text = ANY ('{(voice),\"(voice: Japanese version)\",\"(voice) (uncredited)\",\"(voice: English version)\"}'::text[]))"}]}]}, {"Node Type": "Materialize", "Parent Relationship": "Inner", "Startup Cost": 10000000000.0, "Total Cost": 1000000001246.0, "Plan Rows": 1, "Plan Width": 4, "Plans": [{"Node Type": "Index Scan", "Parent Relationship": "Outer", "Scan Direction": "Forward", "Index Name": "role_type_pkey", "Relation Name": "role_type", "Alias": "rt", "Startup Cost": 10000000000.0, "Total Cost": 1000000001246.0, "Plan Rows": 1, "Plan Width": 4, "Filter": "((role)::text = 'actress'::text)"}]}]}, {"Node Type": "Materialize", "Parent Relationship": "Inner", "Startup Cost": 10000000000.0, "Total Cost": 1000013673399.34, "Plan Rows": 297072, "Plan Width": 8, "Plans": [{"Node Type": "Index Scan", "Parent Relationship": "Outer", "Scan Direction": "Forward", "Index Name": "company_id_movie_companies", "Relation Name": "movie_companies", "Alias": "mc", "Startup Cost": 10000000000.0, "Total Cost": 1000013671913.98, "Plan Rows": 297072, "Plan Width": 8, "Filter": "((note IS NOT NULL) AND (((note)::text ~~ '%(USA)%'::text) OR ((note)::text ~~ '%(worldwide)%'::text))), (LLVM Optimized)"}]}]}, {"Node Type": "Materialize", "Parent Relationship": "Inner", "Startup Cost": 10000000000.0, "Total Cost": 1000001050564.82, "Plan Rows": 85170, "Plan Width": 4, "Plans": [{"Node Type": "Index Scan", "Parent Relationship": "Outer", "Scan Direction": "Forward", "Index Name": "company_name_pkey", "Relation Name": "company_name", "Alias": "cn", "Startup Cost": 10000000000.0, "Total Cost": 1000001050138.97, "Plan Rows": 85170, "Plan Width": 4, "Filter": "((country_code)::text = '[us]'::text)"}]}]}, {"Node Type": "Materialize", "Parent Relationship": "Inner", "Startup Cost": 10000000000.0, "Total Cost": 1000013003247.2, "Plan Rows": 3140338, "Plan Width": 20, "Plans": [{"Node Type": "Index Scan", "Parent Relationship": "Outer", "Scan Direction": "Forward", "Index Name": "char_name_pkey", "Relation Name": "char_name", "Alias": "chn", "Startup Cost": 10000000000.0, "Total Cost": 1000012987545.51, "Plan Rows": 3140338, "Plan Width": 20}]}]}, {"Node Type": "Index Scan", "Parent Relationship": "Inner", "Scan Direction": "Forward", "Index Name": "title_pkey", "Relation Name": "title", "Alias": "t", "Startup Cost": 10000000000.0, "Total Cost": 1000000000048.64, "Plan Rows": 1, "Plan Width": 21, "Index Cond": "(id = ci.movie_id)", "Filter": "((production_year >= 2005) AND (production_year <= 2015))"}]}, {"Node Type": "Index Scan", "Parent Relationship": "Inner", "Scan Direction": "Forward", "Index Name": "person_id_aka_name", "Relation Name": "aka_name", "Alias": "an", "Startup Cost": 10000000000.0, "Total Cost": 1000000000033.66, "Plan Rows": 1, "Plan Width": 20, "Index Cond": "(person_id = ci.person_id)"}]}]}, "Unique SQL Id": 3431223514, "Planner Runtime": 8}, "explain_analyze_plan": null}, "(1, 60)": {"explain_plan": {"Plan": {"Node Type": "Aggregate", "Strategy": "Plain", "Startup Cost": 114987.2, "Total Cost": 114987.21, "Plan Rows": 1, "Plan Width": 145, "Plans": [{"Node Type": "Nested Loop", "Parent Relationship": "Outer", "Join Type": "Inner", "Startup Cost": 0.0, "Total Cost": 114987.19, "Plan Rows": 1, "Plan Width": 49, "Inner Unique": true, "Plans": [{"Node Type": "Nested Loop", "Parent Relationship": "Outer", "Join Type": "Inner", "Startup Cost": 0.0, "Total Cost": 114986.69, "Plan Rows": 1, "Plan Width": 40, "Inner Unique": true, "Plans": [{"Node Type": "Nested Loop", "Parent Relationship": "Outer", "Join Type": "Inner", "Startup Cost": 0.0, "Total Cost": 114985.67, "Plan Rows": 2, "Plan Width": 28, "Inner Unique": true, "Plans": [{"Node Type": "Nested Loop", "Parent Relationship": "Outer", "Join Type": "Inner", "Startup Cost": 0.0, "Total Cost": 114984.04, "Plan Rows": 5, "Plan Width": 32, "Inner Unique": false, "Plans": [{"Node Type": "Nested Loop", "Parent Relationship": "Outer", "Join Type": "Inner", "Startup Cost": 0.0, "Total Cost": 114978.43, "Plan Rows": 13, "Plan Width": 24, "Inner Unique": false, "Join Filter": "(ci.role_id = rt.id)", "Plans": [{"Node Type": "Seq Scan", "Parent Relationship": "Outer", "Relation Name": "role_type", "Alias": "rt", "Startup Cost": 0.0, "Total Cost": 1.15, "Plan Rows": 1, "Plan Width": 4, "Filter": "((role)::text = 'actress'::text)"}, {"Node Type": "Nested Loop", "Parent Relationship": "Inner", "Join Type": "Inner", "Startup Cost": 0.0, "Total Cost": 114975.51, "Plan Rows": 141, "Plan Width": 28, "Inner Unique": false, "Join Filter": "(n.id = ci.person_id)", "Plans": [{"Node Type": "Nested Loop", "Parent Relationship": "Outer", "Join Type": "Inner", "Startup Cost": 0.0, "Total Cost": 114700.23, "Plan Rows": 115, "Plan Width": 24, "Inner Unique": false, "Plans": [{"Node Type": "Seq Scan", "Parent Relationship": "Outer", "Relation Name": "name", "Alias": "n", "Startup Cost": 0.0, "Total Cost": 113909.35, "Plan Rows": 96, "Plan Width": 4, "Filter": "(((name)::text ~~ '%Ang%'::text) AND ((gender)::text = 'f'::text))"}, {"Node Type": "Index Scan", "Parent Relationship": "Inner", "Scan Direction": "Forward", "Index Name": "person_id_aka_name", "Relation Name": "aka_name", "Alias": "an", "Startup Cost": 0.0, "Total Cost": 8.23, "Plan Rows": 1, "Plan Width": 20, "Index Cond": "(person_id = n.id)"}]}, {"Node Type": "Index Scan", "Parent Relationship": "Inner", "Scan Direction": "Forward", "Index Name": "person_id_cast_info", "Relation Name": "cast_info", "Alias": "ci", "Startup Cost": 0.0, "Total Cost": 2.38, "Plan Rows": 1, "Plan Width": 16, "Index Cond": "(person_id = an.person_id)", "Filter": "((note)::text = ANY ('{(voice),\"(voice: Japanese version)\",\"(voice) (uncredited)\",\"(voice: English version)\"}'::text[]))"}]}]}, {"Node Type": "Index Scan", "Parent Relationship": "Inner", "Scan Direction": "Forward", "Index Name": "movie_id_movie_companies", "Relation Name": "movie_companies", "Alias": "mc", "Startup Cost": 0.0, "Total Cost": 0.42, "Plan Rows": 1, "Plan Width": 8, "Index Cond": "(movie_id = ci.movie_id)", "Filter": "((note IS NOT NULL) AND (((note)::text ~~ '%(USA)%'::text) OR ((note)::text ~~ '%(worldwide)%'::text)))"}]}, {"Node Type": "Index Scan", "Parent Relationship": "Inner", "Scan Direction": "Forward", "Index Name": "company_name_pkey", "Relation Name": "company_name", "Alias": "cn", "Startup Cost": 0.0, "Total Cost": 0.32, "Plan Rows": 1, "Plan Width": 4, "Index Cond": "(id = mc.company_id)", "Filter": "((country_code)::text = '[us]'::text)"}]}, {"Node Type": "Index Scan", "Parent Relationship": "Inner", "Scan Direction": "Forward", "Index Name": "char_name_pkey", "Relation Name": "char_name", "Alias": "chn", "Startup Cost": 0.0, "Total Cost": 0.5, "Plan Rows": 1, "Plan Width": 20, "Index Cond": "(id = ci.person_role_id)"}]}, {"Node Type": "Index Scan", "Parent Relationship": "Inner", "Scan Direction": "Forward", "Index Name": "title_pkey", "Relation Name": "title", "Alias": "t", "Startup Cost": 0.0, "Total Cost": 0.49, "Plan Rows": 1, "Plan Width": 21, "Index Cond": "(id = ci.movie_id)", "Filter": "((production_year >= 2005) AND (production_year <= 2015))"}]}]}, "Unique SQL Id": 3431223514, "Planner Runtime": 9}, "explain_analyze_plan": {"Plan": {"Node Type": "Aggregate", "Strategy": "Plain", "Startup Cost": 114987.2, "Total Cost": 114987.21, "Plan Rows": 1, "Plan Width": 145, "Actual Startup Time": 1703.594, "Actual Total Time": 1703.595, "Actual Rows": 1, "Actual Loops": 1, "Plans": [{"Node Type": "Nested Loop", "Parent Relationship": "Outer", "Join Type": "Inner", "Startup Cost": 0.0, "Total Cost": 114987.19, "Plan Rows": 1, "Plan Width": 49, "Actual Startup Time": 697.212, "Actual Total Time": 1703.364, "Actual Rows": 121, "Actual Loops": 1, "Inner Unique": true, "Plans": [{"Node Type": "Nested Loop", "Parent Relationship": "Outer", "Join Type": "Inner", "Startup Cost": 0.0, "Total Cost": 114986.69, "Plan Rows": 1, "Plan Width": 40, "Actual Startup Time": 689.723, "Actual Total Time": 1701.599, "Actual Rows": 341, "Actual Loops": 1, "Inner Unique": true, "Plans": [{"Node Type": "Nested Loop", "Parent Relationship": "Outer", "Join Type": "Inner", "Startup Cost": 0.0, "Total Cost": 114985.67, "Plan Rows": 2, "Plan Width": 28, "Actual Startup Time": 689.707, "Actual Total Time": 1700.005, "Actual Rows": 359, "Actual Loops": 1, "Inner Unique": true, "Plans": [{"Node Type": "Nested Loop", "Parent Relationship": "Outer", "Join Type": "Inner", "Startup Cost": 0.0, "Total Cost": 114984.04, "Plan Rows": 5, "Plan Width": 32, "Actual Startup Time": 689.678, "Actual Total Time": 1697.916, "Actual Rows": 373, "Actual Loops": 1, "Inner Unique": false, "Plans": [{"Node Type": "Nested Loop", "Parent Relationship": "Outer", "Join Type": "Inner", "Startup Cost": 0.0, "Total Cost": 114978.43, "Plan Rows": 13, "Plan Width": 24, "Actual Startup Time": 688.314, "Actual Total Time": 1693.763, "Actual Rows": 425, "Actual Loops": 1, "Inner Unique": false, "Join Filter": "(ci.role_id = rt.id)", "Rows Removed by Join Filter": 0, "Plans": [{"Node Type": "Seq Scan", "Parent Relationship": "Outer", "Relation Name": "role_type", "Alias": "rt", "Startup Cost": 0.0, "Total Cost": 1.15, "Plan Rows": 1, "Plan Width": 4, "Actual Startup Time": 0.039, "Actual Total Time": 0.045, "Actual Rows": 1, "Actual Loops": 1, "Filter": "((role)::text = 'actress'::text)", "Rows Removed by Filter": 11}, {"Node Type": "Nested Loop", "Parent Relationship": "Inner", "Join Type": "Inner", "Startup Cost": 0.0, "Total Cost": 114975.51, "Plan Rows": 141, "Plan Width": 28, "Actual Startup Time": 688.266, "Actual Total Time": 1693.541, "Actual Rows": 425, "Actual Loops": 1, "Inner Unique": false, "Join Filter": "(n.id = ci.person_id)", "Rows Removed by Join Filter": 0, "Plans": [{"Node Type": "Nested Loop", "Parent Relationship": "Outer", "Join Type": "Inner", "Startup Cost": 0.0, "Total Cost": 114700.23, "Plan Rows": 115, "Plan Width": 24, "Actual Startup Time": 673.28, "Actual Total Time": 1644.68, "Actual Rows": 1558, "Actual Loops": 1, "Inner Unique": false, "Plans": [{"Node Type": "Seq Scan", "Parent Relationship": "Outer", "Relation Name": "name", "Alias": "n", "Startup Cost": 0.0, "Total Cost": 113909.35, "Plan Rows": 96, "Plan Width": 4, "Actual Startup Time": 671.583, "Actual Total Time": 1622.951, "Actual Rows": 6768, "Actual Loops": 1, "Filter": "(((name)::text ~~ '%Ang%'::text) AND ((gender)::text = 'f'::text))", "Rows Removed by Filter": 4160722}, {"Node Type": "Index Scan", "Parent Relationship": "Inner", "Scan Direction": "Forward", "Index Name": "person_id_aka_name", "Relation Name": "aka_name", "Alias": "an", "Startup Cost": 0.0, "Total Cost": 8.23, "Plan Rows": 1, "Plan Width": 20, "Actual Startup Time": 16.878, "Actual Total Time": 17.626, "Actual Rows": 1558, "Actual Loops": 6768, "Index Cond": "(person_id = n.id)", "Rows Removed by Index Recheck": 0}]}, {"Node Type": "Index Scan", "Parent Relationship": "Inner", "Scan Direction": "Forward", "Index Name": "person_id_cast_info", "Relation Name": "cast_info", "Alias": "ci", "Startup Cost": 0.0, "Total Cost": 2.38, "Plan Rows": 1, "Plan Width": 16, "Actual Startup Time": 43.065, "Actual Total Time": 47.745, "Actual Rows": 425, "Actual Loops": 1558, "Index Cond": "(person_id = an.person_id)", "Rows Removed by Index Recheck": 0, "Filter": "((note)::text = ANY ('{(voice),\"(voice: Japanese version)\",\"(voice) (uncredited)\",\"(voice: English version)\"}'::text[]))", "Rows Removed by Filter": 69057}]}]}, {"Node Type": "Index Scan", "Parent Relationship": "Inner", "Scan Direction": "Forward", "Index Name": "movie_id_movie_companies", "Relation Name": "movie_companies", "Alias": "mc", "Startup Cost": 0.0, "Total Cost": 0.42, "Plan Rows": 1, "Plan Width": 8, "Actual Startup Time": 2.627, "Actual Total Time": 3.738, "Actual Rows": 373, "Actual Loops": 425, "Index Cond": "(movie_id = ci.movie_id)", "Rows Removed by Index Recheck": 0, "Filter": "((note IS NOT NULL) AND (((note)::text ~~ '%(USA)%'::text) OR ((note)::text ~~ '%(worldwide)%'::text)))", "Rows Removed by Filter": 1538}]}, {"Node Type": "Index Scan", "Parent Relationship": "Inner", "Scan Direction": "Forward", "Index Name": "company_name_pkey", "Relation Name": "company_name", "Alias": "cn", "Startup Cost": 0.0, "Total Cost": 0.32, "Plan Rows": 1, "Plan Width": 4, "Actual Startup Time": 1.71, "Actual Total Time": 1.71, "Actual Rows": 359, "Actual Loops": 373, "Index Cond": "(id = mc.company_id)", "Rows Removed by Index Recheck": 0, "Filter": "((country_code)::text = '[us]'::text)", "Rows Removed by Filter": 14}]}, {"Node Type": "Index Scan", "Parent Relationship": "Inner", "Scan Direction": "Forward", "Index Name": "char_name_pkey", "Relation Name": "char_name", "Alias": "chn", "Startup Cost": 0.0, "Total Cost": 0.5, "Plan Rows": 1, "Plan Width": 20, "Actual Startup Time": 1.241, "Actual Total Time": 1.241, "Actual Rows": 341, "Actual Loops": 359, "Index Cond": "(id = ci.person_role_id)", "Rows Removed by Index Recheck": 0}]}, {"Node Type": "Index Scan", "Parent Relationship": "Inner", "Scan Direction": "Forward", "Index Name": "title_pkey", "Relation Name": "title", "Alias": "t", "Startup Cost": 0.0, "Total Cost": 0.49, "Plan Rows": 1, "Plan Width": 21, "Actual Startup Time": 1.484, "Actual Total Time": 1.484, "Actual Rows": 121, "Actual Loops": 341, "Index Cond": "(id = ci.movie_id)", "Rows Removed by Index Recheck": 0, "Filter": "((production_year >= 2005) AND (production_year <= 2015))", "Rows Removed by Filter": 220}]}]}, "Triggers": [], "Planner Runtime": 8, "Total Runtime": 1704.04, "Unique SQL Id": 3431223514}}, "(1, 61)": {"explain_plan": {"Plan": {"Node Type": "Aggregate", "Strategy": "Plain", "Startup Cost": 198159.35, "Total Cost": 198159.36, "Plan Rows": 1, "Plan Width": 145, "Plans": [{"Node Type": "Nested Loop", "Parent Relationship": "Outer", "Join Type": "Inner", "Startup Cost": 0.0, "Total Cost": 198159.35, "Plan Rows": 1, "Plan Width": 49, "Inner Unique": true, "Plans": [{"Node Type": "Nested Loop", "Parent Relationship": "Outer", "Join Type": "Inner", "Startup Cost": 0.0, "Total Cost": 198158.85, "Plan Rows": 1, "Plan Width": 40, "Inner Unique": true, "Plans": [{"Node Type": "Nested Loop", "Parent Relationship": "Outer", "Join Type": "Inner", "Startup Cost": 0.0, "Total Cost": 198157.83, "Plan Rows": 2, "Plan Width": 28, "Inner Unique": true, "Plans": [{"Node Type": "Nested Loop", "Parent Relationship": "Outer", "Join Type": "Inner", "Startup Cost": 0.0, "Total Cost": 198156.19, "Plan Rows": 5, "Plan Width": 32, "Inner Unique": false, "Plans": [{"Node Type": "Nested Loop", "Parent Relationship": "Outer", "Join Type": "Inner", "Startup Cost": 0.0, "Total Cost": 198150.58, "Plan Rows": 13, "Plan Width": 24, "Inner Unique": false, "Join Filter": "(ci.role_id = rt.id)", "Plans": [{"Node Type": "Index Scan", "Parent Relationship": "Outer", "Scan Direction": "Forward", "Index Name": "role_type_pkey", "Relation Name": "role_type", "Alias": "rt", "Startup Cost": 0.0, "Total Cost": 12.46, "Plan Rows": 1, "Plan Width": 4, "Filter": "((role)::text = 'actress'::text)"}, {"Node Type": "Nested Loop", "Parent Relationship": "Inner", "Join Type": "Inner", "Startup Cost": 0.0, "Total Cost": 198136.36, "Plan Rows": 141, "Plan Width": 28, "Inner Unique": false, "Join Filter": "(n.id = ci.person_id)", "Plans": [{"Node Type": "Nested Loop", "Parent Relationship": "Outer", "Join Type": "Inner", "Startup Cost": 0.0, "Total Cost": 197861.08, "Plan Rows": 115, "Plan Width": 24, "Inner Unique": false, "Plans": [{"Node Type": "Index Scan", "Parent Relationship": "Outer", "Scan Direction": "Forward", "Index Name": "name_pkey", "Relation Name": "name", "Alias": "n", "Startup Cost": 0.0, "Total Cost": 197070.2, "Plan Rows": 96, "Plan Width": 4, "Filter": "(((name)::text ~~ '%Ang%'::text) AND ((gender)::text = 'f'::text))"}, {"Node Type": "Index Scan", "Parent Relationship": "Inner", "Scan Direction": "Forward", "Index Name": "person_id_aka_name", "Relation Name": "aka_name", "Alias": "an", "Startup Cost": 0.0, "Total Cost": 8.23, "Plan Rows": 1, "Plan Width": 20, "Index Cond": "(person_id = n.id)"}]}, {"Node Type": "Index Scan", "Parent Relationship": "Inner", "Scan Direction": "Forward", "Index Name": "person_id_cast_info", "Relation Name": "cast_info", "Alias": "ci", "Startup Cost": 0.0, "Total Cost": 2.38, "Plan Rows": 1, "Plan Width": 16, "Index Cond": "(person_id = an.person_id)", "Filter": "((note)::text = ANY ('{(voice),\"(voice: Japanese version)\",\"(voice) (uncredited)\",\"(voice: English version)\"}'::text[]))"}]}]}, {"Node Type": "Index Scan", "Parent Relationship": "Inner", "Scan Direction": "Forward", "Index Name": "movie_id_movie_companies", "Relation Name": "movie_companies", "Alias": "mc", "Startup Cost": 0.0, "Total Cost": 0.42, "Plan Rows": 1, "Plan Width": 8, "Index Cond": "(movie_id = ci.movie_id)", "Filter": "((note IS NOT NULL) AND (((note)::text ~~ '%(USA)%'::text) OR ((note)::text ~~ '%(worldwide)%'::text)))"}]}, {"Node Type": "Index Scan", "Parent Relationship": "Inner", "Scan Direction": "Forward", "Index Name": "company_name_pkey", "Relation Name": "company_name", "Alias": "cn", "Startup Cost": 0.0, "Total Cost": 0.32, "Plan Rows": 1, "Plan Width": 4, "Index Cond": "(id = mc.company_id)", "Filter": "((country_code)::text = '[us]'::text)"}]}, {"Node Type": "Index Scan", "Parent Relationship": "Inner", "Scan Direction": "Forward", "Index Name": "char_name_pkey", "Relation Name": "char_name", "Alias": "chn", "Startup Cost": 0.0, "Total Cost": 0.5, "Plan Rows": 1, "Plan Width": 20, "Index Cond": "(id = ci.person_role_id)"}]}, {"Node Type": "Index Scan", "Parent Relationship": "Inner", "Scan Direction": "Forward", "Index Name": "title_pkey", "Relation Name": "title", "Alias": "t", "Startup Cost": 0.0, "Total Cost": 0.49, "Plan Rows": 1, "Plan Width": 21, "Index Cond": "(id = ci.movie_id)", "Filter": "((production_year >= 2005) AND (production_year <= 2015))"}]}]}, "Unique SQL Id": 3431223514, "Planner Runtime": 8}, "explain_analyze_plan": null}, "(1, 62)": {"explain_plan": {"Plan": {"Node Type": "Aggregate", "Strategy": "Plain", "Startup Cost": 1410917.35, "Total Cost": 1410917.36, "Plan Rows": 1, "Plan Width": 145, "Plans": [{"Node Type": "Nested Loop", "Parent Relationship": "Outer", "Join Type": "Inner", "Startup Cost": 324.95, "Total Cost": 1410917.34, "Plan Rows": 1, "Plan Width": 49, "Inner Unique": true, "Join Filter": "(ci.movie_id = t.id)", "Plans": [{"Node Type": "Nested Loop", "Parent Relationship": "Outer", "Join Type": "Inner", "Startup Cost": 0.0, "Total Cost": 1324341.37, "Plan Rows": 1, "Plan Width": 40, "Inner Unique": false, "Join Filter": "(n.id = an.person_id)", "Plans": [{"Node Type": "Nested Loop", "Parent Relationship": "Outer", "Join Type": "Inner", "Startup Cost": 0.0, "Total Cost": 1293166.18, "Plan Rows": 1, "Plan Width": 32, "Inner Unique": false, "Join Filter": "(ci.person_role_id = chn.id)", "Plans": [{"Node Type": "Seq Scan", "Parent Relationship": "Outer", "Relation Name": "char_name", "Alias": "chn", "Startup Cost": 0.0, "Total Cost": 67493.38, "Plan Rows": 3140338, "Plan Width": 20}, {"Node Type": "Materialize", "Parent Relationship": "Inner", "Startup Cost": 0.0, "Total Cost": 1131462.66, "Plan Rows": 2, "Plan Width": 20, "Plans": [{"Node Type": "Nested Loop", "Parent Relationship": "Outer", "Join Type": "Inner", "Startup Cost": 0.0, "Total Cost": 1131462.65, "Plan Rows": 2, "Plan Width": 20, "Inner Unique": false, "Join Filter": "(mc.company_id = cn.id)", "Plans": [{"Node Type": "Seq Scan", "Parent Relationship": "Outer", "Relation Name": "company_name", "Alias": "cn", "Startup Cost": 0.0, "Total Cost": 5903.45, "Plan Rows": 85170, "Plan Width": 4, "Filter": "((country_code)::text = '[us]'::text)"}, {"Node Type": "Materialize", "Parent Relationship": "Inner", "Startup Cost": 0.0, "Total Cost": 1120449.01, "Plan Rows": 4, "Plan Width": 24, "Plans": [{"Node Type": "Nested Loop", "Parent Relationship": "Outer", "Join Type": "Inner", "Startup Cost": 0.0, "Total Cost": 1120448.99, "Plan Rows": 4, "Plan Width": 24, "Inner Unique": false, "Join Filter": "(ci.movie_id = mc.movie_id)", "Plans": [{"Node Type": "Seq Scan", "Parent Relationship": "Outer", "Relation Name": "movie_companies", "Alias": "mc", "Startup Cost": 0.0, "Total Cost": 54862.92, "Plan Rows": 297072, "Plan Width": 8, "Filter": "((note IS NOT NULL) AND (((note)::text ~~ '%(USA)%'::text) OR ((note)::text ~~ '%(worldwide)%'::text))), (LLVM Optimized)"}, {"Node Type": "Materialize", "Parent Relationship": "Inner", "Startup Cost": 0.0, "Total Cost": 1016569.22, "Plan Rows": 11, "Plan Width": 16, "Plans": [{"Node Type": "Nested Loop", "Parent Relationship": "Outer", "Join Type": "Inner", "Startup Cost": 0.0, "Total Cost": 1016569.17, "Plan Rows": 11, "Plan Width": 16, "Inner Unique": true, "Join Filter": "(ci.person_id = n.id)", "Plans": [{"Node Type": "Nested Loop", "Parent Relationship": "Outer", "Join Type": "Inner", "Startup Cost": 0.0, "Total Cost": 793591.1, "Plan Rows": 75742, "Plan Width": 12, "Inner Unique": false, "Join Filter": "(ci.role_id = rt.id)", "Plans": [{"Node Type": "Seq Scan", "Parent Relationship": "Outer", "Relation Name": "role_type", "Alias": "rt", "Startup Cost": 0.0, "Total Cost": 1.15, "Plan Rows": 1, "Plan Width": 4, "Filter": "((role)::text = 'actress'::text)"}, {"Node Type": "Seq Scan", "Parent Relationship": "Inner", "Relation Name": "cast_info", "Alias": "ci", "Startup Cost": 0.0, "Total Cost": 783175.41, "Plan Rows": 833163, "Plan Width": 16, "Filter": "((note)::text = ANY ('{(voice),\"(voice: Japanese version)\",\"(voice) (uncredited)\",\"(voice: English version)\"}'::text[]))"}]}, {"Node Type": "Materialize", "Parent Relationship": "Inner", "Startup Cost": 0.0, "Total Cost": 113909.83, "Plan Rows": 96, "Plan Width": 4, "Plans": [{"Node Type": "Seq Scan", "Parent Relationship": "Outer", "Relation Name": "name", "Alias": "n", "Startup Cost": 0.0, "Total Cost": 113909.35, "Plan Rows": 96, "Plan Width": 4, "Filter": "(((name)::text ~~ '%Ang%'::text) AND ((gender)::text = 'f'::text))"}]}]}]}]}]}]}]}]}, {"Node Type": "Seq Scan", "Parent Relationship": "Inner", "Relation Name": "aka_name", "Alias": "an", "Startup Cost": 0.0, "Total Cost": 19908.42, "Plan Rows": 901342, "Plan Width": 20}]}, {"Node Type": "Seq Scan", "Parent Relationship": "Inner", "Relation Name": "title", "Alias": "t", "Startup Cost": 324.95, "Total Cost": 72710.67, "Plan Rows": 1109224, "Plan Width": 21, "Filter": "((production_year >= 2005) AND (production_year <= 2015)), (LLVM Optimized)"}]}]}, "Unique SQL Id": 3431223514, "Planner Runtime": 8}, "explain_analyze_plan": null}, "(1, 63)": {"explain_plan": {"Plan": {"Node Type": "Aggregate", "Strategy": "Plain", "Startup Cost": 8000201060142.55, "Total Cost": 8000201060142.56, "Plan Rows": 1, "Plan Width": 145, "Plans": [{"Node Type": "Nested Loop", "Parent Relationship": "Outer", "Join Type": "Inner", "Startup Cost": 80000000000.0, "Total Cost": 8000201060142.54, "Plan Rows": 1, "Plan Width": 49, "Inner Unique": false, "Join Filter": "(n.id = an.person_id)", "Plans": [{"Node Type": "Nested Loop", "Parent Relationship": "Outer", "Join Type": "Inner", "Startup Cost": 70000000000.0, "Total Cost": 7000201060108.87, "Plan Rows": 1, "Plan Width": 41, "Inner Unique": true, "Plans": [{"Node Type": "Nested Loop", "Parent Relationship": "Outer", "Join Type": "Inner", "Startup Cost": 60000000000.0, "Total Cost": 6000201060060.22, "Plan Rows": 1, "Plan Width": 32, "Inner Unique": true, "Join Filter": "(ci.person_role_id = chn.id)", "Plans": [{"Node Type": "Nested Loop", "Parent Relationship": "Outer", "Join Type": "Inner", "Startup Cost": 50000000000.0, "Total Cost": 5000187970453.73, "Plan Rows": 2, "Plan Width": 20, "Inner Unique": true, "Join Filter": "(mc.company_id = cn.id)", "Plans": [{"Node Type": "Nested Loop", "Parent Relationship": "Outer", "Join Type": "Inner", "Startup Cost": 40000000000.0, "Total Cost": 4000186914991.63, "Plan Rows": 4, "Plan Width": 24, "Inner Unique": false, "Join Filter": "(ci.movie_id = mc.movie_id)", "Plans": [{"Node Type": "Nested Loop", "Parent Relationship": "Outer", "Join Type": "Inner", "Startup Cost": 30000000000.0, "Total Cost": 3000173193318.09, "Plan Rows": 11, "Plan Width": 16, "Inner Unique": true, "Join Filter": "(ci.role_id = rt.id)", "Plans": [{"Node Type": "Nested Loop", "Parent Relationship": "Outer", "Join Type": "Inner", "Startup Cost": 20000000000.0, "Total Cost": 2000173192070.33, "Plan Rows": 117, "Plan Width": 20, "Inner Unique": false, "Join Filter": "(ci.person_id = n.id)", "Plans": [{"Node Type": "Index Scan", "Parent Relationship": "Outer", "Scan Direction": "Forward", "Index Name": "name_pkey", "Relation Name": "name", "Alias": "n", "Startup Cost": 10000000000.0, "Total Cost": 1000019707019.7, "Plan Rows": 96, "Plan Width": 4, "Filter": "(((name)::text ~~ '%Ang%'::text) AND ((gender)::text = 'f'::text))"}, {"Node Type": "Materialize", "Parent Relationship": "Inner", "Startup Cost": 10000000000.0, "Total Cost": 1000152287378.81, "Plan Rows": 833163, "Plan Width": 16, "Plans": [{"Node Type": "Index Scan", "Parent Relationship": "Outer", "Scan Direction": "Forward", "Index Name": "role_id_cast_info", "Relation Name": "cast_info", "Alias": "ci", "Startup Cost": 10000000000.0, "Total Cost": 1000152283213.0, "Plan Rows": 833163, "Plan Width": 16, "Filter": "((note)::text = ANY ('{(voice),\"(voice: Japanese version)\",\"(voice) (uncredited)\",\"(voice: English version)\"}'::text[]))"}]}]}, {"Node Type": "Materialize", "Parent Relationship": "Inner", "Startup Cost": 10000000000.0, "Total Cost": 1000000001246.0, "Plan Rows": 1, "Plan Width": 4, "Plans": [{"Node Type": "Index Scan", "Parent Relationship": "Outer", "Scan Direction": "Forward", "Index Name": "role_type_pkey", "Relation Name": "role_type", "Alias": "rt", "Startup Cost": 10000000000.0, "Total Cost": 1000000001246.0, "Plan Rows": 1, "Plan Width": 4, "Filter": "((role)::text = 'actress'::text)"}]}]}, {"Node Type": "Materialize", "Parent Relationship": "Inner", "Startup Cost": 10000000000.0, "Total Cost": 1000013673399.34, "Plan Rows": 297072, "Plan Width": 8, "Plans": [{"Node Type": "Index Scan", "Parent Relationship": "Outer", "Scan Direction": "Forward", "Index Name": "company_id_movie_companies", "Relation Name": "movie_companies", "Alias": "mc", "Startup Cost": 10000000000.0, "Total Cost": 1000013671913.98, "Plan Rows": 297072, "Plan Width": 8, "Filter": "((note IS NOT NULL) AND (((note)::text ~~ '%(USA)%'::text) OR ((note)::text ~~ '%(worldwide)%'::text))), (LLVM Optimized)"}]}]}, {"Node Type": "Materialize", "Parent Relationship": "Inner", "Startup Cost": 10000000000.0, "Total Cost": 1000001050564.82, "Plan Rows": 85170, "Plan Width": 4, "Plans": [{"Node Type": "Index Scan", "Parent Relationship": "Outer", "Scan Direction": "Forward", "Index Name": "company_name_pkey", "Relation Name": "company_name", "Alias": "cn", "Startup Cost": 10000000000.0, "Total Cost": 1000001050138.97, "Plan Rows": 85170, "Plan Width": 4, "Filter": "((country_code)::text = '[us]'::text)"}]}]}, {"Node Type": "Materialize", "Parent Relationship": "Inner", "Startup Cost": 10000000000.0, "Total Cost": 1000013003247.2, "Plan Rows": 3140338, "Plan Width": 20, "Plans": [{"Node Type": "Index Scan", "Parent Relationship": "Outer", "Scan Direction": "Forward", "Index Name": "char_name_pkey", "Relation Name": "char_name", "Alias": "chn", "Startup Cost": 10000000000.0, "Total Cost": 1000012987545.51, "Plan Rows": 3140338, "Plan Width": 20}]}]}, {"Node Type": "Index Scan", "Parent Relationship": "Inner", "Scan Direction": "Forward", "Index Name": "title_pkey", "Relation Name": "title", "Alias": "t", "Startup Cost": 10000000000.0, "Total Cost": 1000000000048.64, "Plan Rows": 1, "Plan Width": 21, "Index Cond": "(id = ci.movie_id)", "Filter": "((production_year >= 2005) AND (production_year <= 2015))"}]}, {"Node Type": "Index Scan", "Parent Relationship": "Inner", "Scan Direction": "Forward", "Index Name": "person_id_aka_name", "Relation Name": "aka_name", "Alias": "an", "Startup Cost": 10000000000.0, "Total Cost": 1000000000033.66, "Plan Rows": 1, "Plan Width": 20, "Index Cond": "(person_id = ci.person_id)"}]}]}, "Unique SQL Id": 3431223514, "Planner Runtime": 8}, "explain_analyze_plan": null}, "(1, 64)": {"explain_plan": {"Plan": {"Node Type": "Aggregate", "Strategy": "Plain", "Startup Cost": 115024.12, "Total Cost": 115024.13, "Plan Rows": 1, "Plan Width": 145, "Plans": [{"Node Type": "Nested Loop", "Parent Relationship": "Outer", "Join Type": "Inner", "Startup Cost": 0.0, "Total Cost": 115024.11, "Plan Rows": 1, "Plan Width": 49, "Inner Unique": true, "Plans": [{"Node Type": "Nested Loop", "Parent Relationship": "Outer", "Join Type": "Inner", "Startup Cost": 0.0, "Total Cost": 115023.61, "Plan Rows": 1, "Plan Width": 40, "Inner Unique": true, "Plans": [{"Node Type": "Nested Loop", "Parent Relationship": "Outer", "Join Type": "Inner", "Startup Cost": 0.0, "Total Cost": 115022.6, "Plan Rows": 2, "Plan Width": 28, "Inner Unique": true, "Plans": [{"Node Type": "Nested Loop", "Parent Relationship": "Outer", "Join Type": "Inner", "Startup Cost": 0.0, "Total Cost": 115020.96, "Plan Rows": 5, "Plan Width": 32, "Inner Unique": false, "Plans": [{"Node Type": "Nested Loop", "Parent Relationship": "Outer", "Join Type": "Inner", "Startup Cost": 0.0, "Total Cost": 115015.35, "Plan Rows": 13, "Plan Width": 24, "Inner Unique": true, "Plans": [{"Node Type": "Nested Loop", "Parent Relationship": "Outer", "Join Type": "Inner", "Startup Cost": 0.0, "Total Cost": 114975.51, "Plan Rows": 141, "Plan Width": 28, "Inner Unique": false, "Join Filter": "(n.id = ci.person_id)", "Plans": [{"Node Type": "Nested Loop", "Parent Relationship": "Outer", "Join Type": "Inner", "Startup Cost": 0.0, "Total Cost": 114700.23, "Plan Rows": 115, "Plan Width": 24, "Inner Unique": false, "Plans": [{"Node Type": "Seq Scan", "Parent Relationship": "Outer", "Relation Name": "name", "Alias": "n", "Startup Cost": 0.0, "Total Cost": 113909.35, "Plan Rows": 96, "Plan Width": 4, "Filter": "(((name)::text ~~ '%Ang%'::text) AND ((gender)::text = 'f'::text))"}, {"Node Type": "Index Scan", "Parent Relationship": "Inner", "Scan Direction": "Forward", "Index Name": "person_id_aka_name", "Relation Name": "aka_name", "Alias": "an", "Startup Cost": 0.0, "Total Cost": 8.23, "Plan Rows": 1, "Plan Width": 20, "Index Cond": "(person_id = n.id)"}]}, {"Node Type": "Index Scan", "Parent Relationship": "Inner", "Scan Direction": "Forward", "Index Name": "person_id_cast_info", "Relation Name": "cast_info", "Alias": "ci", "Startup Cost": 0.0, "Total Cost": 2.38, "Plan Rows": 1, "Plan Width": 16, "Index Cond": "(person_id = an.person_id)", "Filter": "((note)::text = ANY ('{(voice),\"(voice: Japanese version)\",\"(voice) (uncredited)\",\"(voice: English version)\"}'::text[]))"}]}, {"Node Type": "Index Scan", "Parent Relationship": "Inner", "Scan Direction": "Forward", "Index Name": "role_type_pkey", "Relation Name": "role_type", "Alias": "rt", "Startup Cost": 0.0, "Total Cost": 0.27, "Plan Rows": 1, "Plan Width": 4, "Index Cond": "(id = ci.role_id)", "Filter": "((role)::text = 'actress'::text)"}]}, {"Node Type": "Index Scan", "Parent Relationship": "Inner", "Scan Direction": "Forward", "Index Name": "movie_id_movie_companies", "Relation Name": "movie_companies", "Alias": "mc", "Startup Cost": 0.0, "Total Cost": 0.42, "Plan Rows": 1, "Plan Width": 8, "Index Cond": "(movie_id = ci.movie_id)", "Filter": "((note IS NOT NULL) AND (((note)::text ~~ '%(USA)%'::text) OR ((note)::text ~~ '%(worldwide)%'::text)))"}]}, {"Node Type": "Index Scan", "Parent Relationship": "Inner", "Scan Direction": "Forward", "Index Name": "company_name_pkey", "Relation Name": "company_name", "Alias": "cn", "Startup Cost": 0.0, "Total Cost": 0.32, "Plan Rows": 1, "Plan Width": 4, "Index Cond": "(id = mc.company_id)", "Filter": "((country_code)::text = '[us]'::text)"}]}, {"Node Type": "Index Scan", "Parent Relationship": "Inner", "Scan Direction": "Forward", "Index Name": "char_name_pkey", "Relation Name": "char_name", "Alias": "chn", "Startup Cost": 0.0, "Total Cost": 0.5, "Plan Rows": 1, "Plan Width": 20, "Index Cond": "(id = ci.person_role_id)"}]}, {"Node Type": "Index Scan", "Parent Relationship": "Inner", "Scan Direction": "Forward", "Index Name": "title_pkey", "Relation Name": "title", "Alias": "t", "Startup Cost": 0.0, "Total Cost": 0.49, "Plan Rows": 1, "Plan Width": 21, "Index Cond": "(id = ci.movie_id)", "Filter": "((production_year >= 2005) AND (production_year <= 2015))"}]}]}, "Unique SQL Id": 3431223514, "Planner Runtime": 76}, "explain_analyze_plan": {"Plan": {"Node Type": "Aggregate", "Strategy": "Plain", "Startup Cost": 115024.12, "Total Cost": 115024.13, "Plan Rows": 1, "Plan Width": 145, "Actual Startup Time": 1704.318, "Actual Total Time": 1704.318, "Actual Rows": 1, "Actual Loops": 1, "Plans": [{"Node Type": "Nested Loop", "Parent Relationship": "Outer", "Join Type": "Inner", "Startup Cost": 0.0, "Total Cost": 115024.11, "Plan Rows": 1, "Plan Width": 49, "Actual Startup Time": 696.911, "Actual Total Time": 1704.072, "Actual Rows": 121, "Actual Loops": 1, "Inner Unique": true, "Plans": [{"Node Type": "Nested Loop", "Parent Relationship": "Outer", "Join Type": "Inner", "Startup Cost": 0.0, "Total Cost": 115023.61, "Plan Rows": 1, "Plan Width": 40, "Actual Startup Time": 689.255, "Actual Total Time": 1702.263, "Actual Rows": 341, "Actual Loops": 1, "Inner Unique": true, "Plans": [{"Node Type": "Nested Loop", "Parent Relationship": "Outer", "Join Type": "Inner", "Startup Cost": 0.0, "Total Cost": 115022.6, "Plan Rows": 2, "Plan Width": 28, "Actual Startup Time": 689.243, "Actual Total Time": 1700.623, "Actual Rows": 359, "Actual Loops": 1, "Inner Unique": true, "Plans": [{"Node Type": "Nested Loop", "Parent Relationship": "Outer", "Join Type": "Inner", "Startup Cost": 0.0, "Total Cost": 115020.96, "Plan Rows": 5, "Plan Width": 32, "Actual Startup Time": 689.227, "Actual Total Time": 1698.696, "Actual Rows": 373, "Actual Loops": 1, "Inner Unique": false, "Plans": [{"Node Type": "Nested Loop", "Parent Relationship": "Outer", "Join Type": "Inner", "Startup Cost": 0.0, "Total Cost": 115015.35, "Plan Rows": 13, "Plan Width": 24, "Actual Startup Time": 687.84, "Actual Total Time": 1694.526, "Actual Rows": 425, "Actual Loops": 1, "Inner Unique": true, "Plans": [{"Node Type": "Nested Loop", "Parent Relationship": "Outer", "Join Type": "Inner", "Startup Cost": 0.0, "Total Cost": 114975.51, "Plan Rows": 141, "Plan Width": 28, "Actual Startup Time": 687.826, "Actual Total Time": 1693.167, "Actual Rows": 425, "Actual Loops": 1, "Inner Unique": false, "Join Filter": "(n.id = ci.person_id)", "Rows Removed by Join Filter": 0, "Plans": [{"Node Type": "Nested Loop", "Parent Relationship": "Outer", "Join Type": "Inner", "Startup Cost": 0.0, "Total Cost": 114700.23, "Plan Rows": 115, "Plan Width": 24, "Actual Startup Time": 672.809, "Actual Total Time": 1643.882, "Actual Rows": 1558, "Actual Loops": 1, "Inner Unique": false, "Plans": [{"Node Type": "Seq Scan", "Parent Relationship": "Outer", "Relation Name": "name", "Alias": "n", "Startup Cost": 0.0, "Total Cost": 113909.35, "Plan Rows": 96, "Plan Width": 4, "Actual Startup Time": 671.098, "Actual Total Time": 1621.774, "Actual Rows": 6768, "Actual Loops": 1, "Filter": "(((name)::text ~~ '%Ang%'::text) AND ((gender)::text = 'f'::text))", "Rows Removed by Filter": 4160722}, {"Node Type": "Index Scan", "Parent Relationship": "Inner", "Scan Direction": "Forward", "Index Name": "person_id_aka_name", "Relation Name": "aka_name", "Alias": "an", "Startup Cost": 0.0, "Total Cost": 8.23, "Plan Rows": 1, "Plan Width": 20, "Actual Startup Time": 17.327, "Actual Total Time": 18.037, "Actual Rows": 1558, "Actual Loops": 6768, "Index Cond": "(person_id = n.id)", "Rows Removed by Index Recheck": 0}]}, {"Node Type": "Index Scan", "Parent Relationship": "Inner", "Scan Direction": "Forward", "Index Name": "person_id_cast_info", "Relation Name": "cast_info", "Alias": "ci", "Startup Cost": 0.0, "Total Cost": 2.38, "Plan Rows": 1, "Plan Width": 16, "Actual Startup Time": 43.363, "Actual Total Time": 48.09, "Actual Rows": 425, "Actual Loops": 1558, "Index Cond": "(person_id = an.person_id)", "Rows Removed by Index Recheck": 0, "Filter": "((note)::text = ANY ('{(voice),\"(voice: Japanese version)\",\"(voice) (uncredited)\",\"(voice: English version)\"}'::text[]))", "Rows Removed by Filter": 69057}]}, {"Node Type": "Index Scan", "Parent Relationship": "Inner", "Scan Direction": "Forward", "Index Name": "role_type_pkey", "Relation Name": "role_type", "Alias": "rt", "Startup Cost": 0.0, "Total Cost": 0.27, "Plan Rows": 1, "Plan Width": 4, "Actual Startup Time": 0.9, "Actual Total Time": 0.9, "Actual Rows": 425, "Actual Loops": 425, "Index Cond": "(id = ci.role_id)", "Rows Removed by Index Recheck": 0, "Filter": "((role)::text = 'actress'::text)", "Rows Removed by Filter": 0}]}, {"Node Type": "Index Scan", "Parent Relationship": "Inner", "Scan Direction": "Forward", "Index Name": "movie_id_movie_companies", "Relation Name": "movie_companies", "Alias": "mc", "Startup Cost": 0.0, "Total Cost": 0.42, "Plan Rows": 1, "Plan Width": 8, "Actual Startup Time": 2.584, "Actual Total Time": 3.726, "Actual Rows": 373, "Actual Loops": 425, "Index Cond": "(movie_id = ci.movie_id)", "Rows Removed by Index Recheck": 0, "Filter": "((note IS NOT NULL) AND (((note)::text ~~ '%(USA)%'::text) OR ((note)::text ~~ '%(worldwide)%'::text)))", "Rows Removed by Filter": 1538}]}, {"Node Type": "Index Scan", "Parent Relationship": "Inner", "Scan Direction": "Forward", "Index Name": "company_name_pkey", "Relation Name": "company_name", "Alias": "cn", "Startup Cost": 0.0, "Total Cost": 0.32, "Plan Rows": 1, "Plan Width": 4, "Actual Startup Time": 1.562, "Actual Total Time": 1.562, "Actual Rows": 359, "Actual Loops": 373, "Index Cond": "(id = mc.company_id)", "Rows Removed by Index Recheck": 0, "Filter": "((country_code)::text = '[us]'::text)", "Rows Removed by Filter": 14}]}, {"Node Type": "Index Scan", "Parent Relationship": "Inner", "Scan Direction": "Forward", "Index Name": "char_name_pkey", "Relation Name": "char_name", "Alias": "chn", "Startup Cost": 0.0, "Total Cost": 0.5, "Plan Rows": 1, "Plan Width": 20, "Actual Startup Time": 1.238, "Actual Total Time": 1.238, "Actual Rows": 341, "Actual Loops": 359, "Index Cond": "(id = ci.person_role_id)", "Rows Removed by Index Recheck": 0}]}, {"Node Type": "Index Scan", "Parent Relationship": "Inner", "Scan Direction": "Forward", "Index Name": "title_pkey", "Relation Name": "title", "Alias": "t", "Startup Cost": 0.0, "Total Cost": 0.49, "Plan Rows": 1, "Plan Width": 21, "Actual Startup Time": 1.522, "Actual Total Time": 1.522, "Actual Rows": 121, "Actual Loops": 341, "Index Cond": "(id = ci.movie_id)", "Rows Removed by Index Recheck": 0, "Filter": "((production_year >= 2005) AND (production_year <= 2015))", "Rows Removed by Filter": 220}]}]}, "Triggers": [], "Planner Runtime": 26, "Total Runtime": 1704.792, "Unique SQL Id": 3431223514}}, "(1, 65)": {"explain_plan": {"Plan": {"Node Type": "Aggregate", "Strategy": "Plain", "Startup Cost": 198184.97, "Total Cost": 198184.98, "Plan Rows": 1, "Plan Width": 145, "Plans": [{"Node Type": "Nested Loop", "Parent Relationship": "Outer", "Join Type": "Inner", "Startup Cost": 0.0, "Total Cost": 198184.96, "Plan Rows": 1, "Plan Width": 49, "Inner Unique": true, "Plans": [{"Node Type": "Nested Loop", "Parent Relationship": "Outer", "Join Type": "Inner", "Startup Cost": 0.0, "Total Cost": 198184.46, "Plan Rows": 1, "Plan Width": 40, "Inner Unique": true, "Plans": [{"Node Type": "Nested Loop", "Parent Relationship": "Outer", "Join Type": "Inner", "Startup Cost": 0.0, "Total Cost": 198183.44, "Plan Rows": 2, "Plan Width": 28, "Inner Unique": true, "Plans": [{"Node Type": "Nested Loop", "Parent Relationship": "Outer", "Join Type": "Inner", "Startup Cost": 0.0, "Total Cost": 198181.8, "Plan Rows": 5, "Plan Width": 32, "Inner Unique": false, "Plans": [{"Node Type": "Nested Loop", "Parent Relationship": "Outer", "Join Type": "Inner", "Startup Cost": 0.0, "Total Cost": 198176.2, "Plan Rows": 13, "Plan Width": 24, "Inner Unique": true, "Plans": [{"Node Type": "Nested Loop", "Parent Relationship": "Outer", "Join Type": "Inner", "Startup Cost": 0.0, "Total Cost": 198136.36, "Plan Rows": 141, "Plan Width": 28, "Inner Unique": false, "Join Filter": "(n.id = ci.person_id)", "Plans": [{"Node Type": "Nested Loop", "Parent Relationship": "Outer", "Join Type": "Inner", "Startup Cost": 0.0, "Total Cost": 197861.08, "Plan Rows": 115, "Plan Width": 24, "Inner Unique": false, "Plans": [{"Node Type": "Index Scan", "Parent Relationship": "Outer", "Scan Direction": "Forward", "Index Name": "name_pkey", "Relation Name": "name", "Alias": "n", "Startup Cost": 0.0, "Total Cost": 197070.2, "Plan Rows": 96, "Plan Width": 4, "Filter": "(((name)::text ~~ '%Ang%'::text) AND ((gender)::text = 'f'::text))"}, {"Node Type": "Index Scan", "Parent Relationship": "Inner", "Scan Direction": "Forward", "Index Name": "person_id_aka_name", "Relation Name": "aka_name", "Alias": "an", "Startup Cost": 0.0, "Total Cost": 8.23, "Plan Rows": 1, "Plan Width": 20, "Index Cond": "(person_id = n.id)"}]}, {"Node Type": "Index Scan", "Parent Relationship": "Inner", "Scan Direction": "Forward", "Index Name": "person_id_cast_info", "Relation Name": "cast_info", "Alias": "ci", "Startup Cost": 0.0, "Total Cost": 2.38, "Plan Rows": 1, "Plan Width": 16, "Index Cond": "(person_id = an.person_id)", "Filter": "((note)::text = ANY ('{(voice),\"(voice: Japanese version)\",\"(voice) (uncredited)\",\"(voice: English version)\"}'::text[]))"}]}, {"Node Type": "Index Scan", "Parent Relationship": "Inner", "Scan Direction": "Forward", "Index Name": "role_type_pkey", "Relation Name": "role_type", "Alias": "rt", "Startup Cost": 0.0, "Total Cost": 0.27, "Plan Rows": 1, "Plan Width": 4, "Index Cond": "(id = ci.role_id)", "Filter": "((role)::text = 'actress'::text)"}]}, {"Node Type": "Index Scan", "Parent Relationship": "Inner", "Scan Direction": "Forward", "Index Name": "movie_id_movie_companies", "Relation Name": "movie_companies", "Alias": "mc", "Startup Cost": 0.0, "Total Cost": 0.42, "Plan Rows": 1, "Plan Width": 8, "Index Cond": "(movie_id = ci.movie_id)", "Filter": "((note IS NOT NULL) AND (((note)::text ~~ '%(USA)%'::text) OR ((note)::text ~~ '%(worldwide)%'::text)))"}]}, {"Node Type": "Index Scan", "Parent Relationship": "Inner", "Scan Direction": "Forward", "Index Name": "company_name_pkey", "Relation Name": "company_name", "Alias": "cn", "Startup Cost": 0.0, "Total Cost": 0.32, "Plan Rows": 1, "Plan Width": 4, "Index Cond": "(id = mc.company_id)", "Filter": "((country_code)::text = '[us]'::text)"}]}, {"Node Type": "Index Scan", "Parent Relationship": "Inner", "Scan Direction": "Forward", "Index Name": "char_name_pkey", "Relation Name": "char_name", "Alias": "chn", "Startup Cost": 0.0, "Total Cost": 0.5, "Plan Rows": 1, "Plan Width": 20, "Index Cond": "(id = ci.person_role_id)"}]}, {"Node Type": "Index Scan", "Parent Relationship": "Inner", "Scan Direction": "Forward", "Index Name": "title_pkey", "Relation Name": "title", "Alias": "t", "Startup Cost": 0.0, "Total Cost": 0.49, "Plan Rows": 1, "Plan Width": 21, "Index Cond": "(id = ci.movie_id)", "Filter": "((production_year >= 2005) AND (production_year <= 2015))"}]}]}, "Unique SQL Id": 3431223514, "Planner Runtime": 65}, "explain_analyze_plan": null}, "(1, 66)": {"explain_plan": {"Plan": {"Node Type": "Aggregate", "Strategy": "Plain", "Startup Cost": 115410.66, "Total Cost": 115410.67, "Plan Rows": 1, "Plan Width": 145, "Plans": [{"Node Type": "Nested Loop", "Parent Relationship": "Outer", "Join Type": "Inner", "Startup Cost": 7.57, "Total Cost": 115410.64, "Plan Rows": 2, "Plan Width": 49, "Inner Unique": true, "Plans": [{"Node Type": "Nested Loop", "Parent Relationship": "Outer", "Join Type": "Inner", "Startup Cost": 7.27, "Total Cost": 115401.98, "Plan Rows": 2, "Plan Width": 40, "Inner Unique": true, "Plans": [{"Node Type": "Nested Loop", "Parent Relationship": "Outer", "Join Type": "Inner", "Startup Cost": 7.01, "Total Cost": 115393.41, "Plan Rows": 2, "Plan Width": 44, "Inner Unique": true, "Plans": [{"Node Type": "Nested Loop", "Parent Relationship": "Outer", "Join Type": "Inner", "Startup Cost": 6.69, "Total Cost": 115371.73, "Plan Rows": 5, "Plan Width": 32, "Inner Unique": false, "Plans": [{"Node Type": "Hash Join", "Parent Relationship": "Outer", "Join Type": "Inner", "Startup Cost": 6.38, "Total Cost": 115315.09, "Plan Rows": 13, "Plan Width": 24, "Inner Unique": true, "Hash Cond": "(ci.role_id = rt.id)", "Plans": [{"Node Type": "Nested Loop", "Parent Relationship": "Outer", "Join Type": "Inner", "Startup Cost": 5.22, "Total Cost": 115313.45, "Plan Rows": 141, "Plan Width": 28, "Inner Unique": false, "Join Filter": "(n.id = ci.person_id)", "Plans": [{"Node Type": "Nested Loop", "Parent Relationship": "Outer", "Join Type": "Inner", "Startup Cost": 4.22, "Total Cost": 114700.25, "Plan Rows": 115, "Plan Width": 24, "Inner Unique": false, "Plans": [{"Node Type": "Seq Scan", "Parent Relationship": "Outer", "Relation Name": "name", "Alias": "n", "Startup Cost": 0.0, "Total Cost": 113909.35, "Plan Rows": 96, "Plan Width": 4, "Filter": "(((name)::text ~~ '%Ang%'::text) AND ((gender)::text = 'f'::text))"}, {"Node Type": "Bitmap Heap Scan", "Parent Relationship": "Inner", "Relation Name": "aka_name", "Alias": "an", "Startup Cost": 4.22, "Total Cost": 8.23, "Plan Rows": 1, "Plan Width": 20, "Recheck Cond": "(person_id = n.id)", "Plans": [{"Node Type": "Bitmap Index Scan", "Parent Relationship": "Outer", "Index Name": "person_id_aka_name", "Startup Cost": 0.0, "Total Cost": 4.22, "Plan Rows": 1, "Plan Width": 0, "Index Cond": "(person_id = n.id)"}]}]}, {"Node Type": "Bitmap Heap Scan", "Parent Relationship": "Inner", "Relation Name": "cast_info", "Alias": "ci", "Startup Cost": 1.0, "Total Cost": 5.32, "Plan Rows": 1, "Plan Width": 16, "Recheck Cond": "(person_id = an.person_id)", "Filter": "((note)::text = ANY ('{(voice),\"(voice: Japanese version)\",\"(voice) (uncredited)\",\"(voice: English version)\"}'::text[]))", "Plans": [{"Node Type": "Bitmap Index Scan", "Parent Relationship": "Outer", "Index Name": "person_id_cast_info", "Startup Cost": 0.0, "Total Cost": 1.0, "Plan Rows": 18, "Plan Width": 0, "Index Cond": "(person_id = an.person_id)"}]}]}, {"Node Type": "Hash", "Parent Relationship": "Inner", "Startup Cost": 1.15, "Total Cost": 1.15, "Plan Rows": 1, "Plan Width": 4, "Plans": [{"Node Type": "Seq Scan", "Parent Relationship": "Outer", "Relation Name": "role_type", "Alias": "rt", "Startup Cost": 0.0, "Total Cost": 1.15, "Plan Rows": 1, "Plan Width": 4, "Filter": "((role)::text = 'actress'::text)"}]}]}, {"Node Type": "Bitmap Heap Scan", "Parent Relationship": "Inner", "Relation Name": "movie_companies", "Alias": "mc", "Startup Cost": 0.31, "Total Cost": 4.35, "Plan Rows": 1, "Plan Width": 8, "Recheck Cond": "(movie_id = ci.movie_id)", "Filter": "((note IS NOT NULL) AND (((note)::text ~~ '%(USA)%'::text) OR ((note)::text ~~ '%(worldwide)%'::text)))", "Plans": [{"Node Type": "Bitmap Index Scan", "Parent Relationship": "Outer", "Index Name": "movie_id_movie_companies", "Startup Cost": 0.0, "Total Cost": 0.31, "Plan Rows": 2, "Plan Width": 0, "Index Cond": "(movie_id = ci.movie_id)"}]}]}, {"Node Type": "Bitmap Heap Scan", "Parent Relationship": "Inner", "Relation Name": "char_name", "Alias": "chn", "Startup Cost": 0.31, "Total Cost": 4.33, "Plan Rows": 1, "Plan Width": 20, "Recheck Cond": "(id = ci.person_role_id)", "Plans": [{"Node Type": "Bitmap Index Scan", "Parent Relationship": "Outer", "Index Name": "char_name_pkey", "Startup Cost": 0.0, "Total Cost": 0.31, "Plan Rows": 1, "Plan Width": 0, "Index Cond": "(id = ci.person_role_id)"}]}]}, {"Node Type": "Bitmap Heap Scan", "Parent Relationship": "Inner", "Relation Name": "company_name", "Alias": "cn", "Startup Cost": 0.26, "Total Cost": 4.28, "Plan Rows": 1, "Plan Width": 4, "Recheck Cond": "(id = mc.company_id)", "Filter": "((country_code)::text = '[us]'::text)", "Plans": [{"Node Type": "Bitmap Index Scan", "Parent Relationship": "Outer", "Index Name": "company_name_pkey", "Startup Cost": 0.0, "Total Cost": 0.26, "Plan Rows": 1, "Plan Width": 0, "Index Cond": "(id = mc.company_id)"}]}]}, {"Node Type": "Bitmap Heap Scan", "Parent Relationship": "Inner", "Relation Name": "title", "Alias": "t", "Startup Cost": 0.3, "Total Cost": 4.32, "Plan Rows": 1, "Plan Width": 21, "Recheck Cond": "(id = ci.movie_id)", "Filter": "((production_year >= 2005) AND (production_year <= 2015))", "Plans": [{"Node Type": "Bitmap Index Scan", "Parent Relationship": "Outer", "Index Name": "title_pkey", "Startup Cost": 0.0, "Total Cost": 0.3, "Plan Rows": 1, "Plan Width": 0, "Index Cond": "(id = ci.movie_id)"}]}]}]}, "Unique SQL Id": 3431223514, "Planner Runtime": 81}, "explain_analyze_plan": {"Plan": {"Node Type": "Aggregate", "Strategy": "Plain", "Startup Cost": 115410.66, "Total Cost": 115410.67, "Plan Rows": 1, "Plan Width": 145, "Actual Startup Time": 1710.183, "Actual Total Time": 1710.183, "Actual Rows": 1, "Actual Loops": 1, "Plans": [{"Node Type": "Nested Loop", "Parent Relationship": "Outer", "Join Type": "Inner", "Startup Cost": 7.57, "Total Cost": 115410.64, "Plan Rows": 2, "Plan Width": 49, "Actual Startup Time": 699.37, "Actual Total Time": 1709.916, "Actual Rows": 121, "Actual Loops": 1, "Inner Unique": true, "Plans": [{"Node Type": "Nested Loop", "Parent Relationship": "Outer", "Join Type": "Inner", "Startup Cost": 7.27, "Total Cost": 115401.98, "Plan Rows": 2, "Plan Width": 40, "Actual Startup Time": 691.145, "Actual Total Time": 1707.593, "Actual Rows": 341, "Actual Loops": 1, "Inner Unique": true, "Plans": [{"Node Type": "Nested Loop", "Parent Relationship": "Outer", "Join Type": "Inner", "Startup Cost": 7.01, "Total Cost": 115393.41, "Plan Rows": 2, "Plan Width": 44, "Actual Startup Time": 691.111, "Actual Total Time": 1705.255, "Actual Rows": 348, "Actual Loops": 1, "Inner Unique": true, "Plans": [{"Node Type": "Nested Loop", "Parent Relationship": "Outer", "Join Type": "Inner", "Startup Cost": 6.69, "Total Cost": 115371.73, "Plan Rows": 5, "Plan Width": 32, "Actual Startup Time": 691.095, "Actual Total Time": 1702.988, "Actual Rows": 373, "Actual Loops": 1, "Inner Unique": false, "Plans": [{"Node Type": "Hash Join", "Parent Relationship": "Outer", "Join Type": "Inner", "Startup Cost": 6.38, "Total Cost": 115315.09, "Plan Rows": 13, "Plan Width": 24, "Actual Startup Time": 689.52, "Actual Total Time": 1697.411, "Actual Rows": 425, "Actual Loops": 1, "Inner Unique": true, "Hash Cond": "(ci.role_id = rt.id)", "Plans": [{"Node Type": "Nested Loop", "Parent Relationship": "Outer", "Join Type": "Inner", "Startup Cost": 5.22, "Total Cost": 115313.45, "Plan Rows": 141, "Plan Width": 28, "Actual Startup Time": 689.424, "Actual Total Time": 1696.987, "Actual Rows": 425, "Actual Loops": 1, "Inner Unique": false, "Join Filter": "(n.id = ci.person_id)", "Rows Removed by Join Filter": 0, "Plans": [{"Node Type": "Nested Loop", "Parent Relationship": "Outer", "Join Type": "Inner", "Startup Cost": 4.22, "Total Cost": 114700.25, "Plan Rows": 115, "Plan Width": 24, "Actual Startup Time": 673.536, "Actual Total Time": 1646.603, "Actual Rows": 1558, "Actual Loops": 1, "Inner Unique": false, "Plans": [{"Node Type": "Seq Scan", "Parent Relationship": "Outer", "Relation Name": "name", "Alias": "n", "Startup Cost": 0.0, "Total Cost": 113909.35, "Plan Rows": 96, "Plan Width": 4, "Actual Startup Time": 671.76, "Actual Total Time": 1615.607, "Actual Rows": 6768, "Actual Loops": 1, "Filter": "(((name)::text ~~ '%Ang%'::text) AND ((gender)::text = 'f'::text))", "Rows Removed by Filter": 4160722}, {"Node Type": "Bitmap Heap Scan", "Parent Relationship": "Inner", "Relation Name": "aka_name", "Alias": "an", "Startup Cost": 4.22, "Total Cost": 8.23, "Plan Rows": 1, "Plan Width": 20, "Actual Startup Time": 22.415, "Actual Total Time": 22.888, "Actual Rows": 1558, "Actual Loops": 6768, "Recheck Cond": "(person_id = n.id)", "Rows Removed by Index Recheck": 0, "Exact Heap Blocks": 1014, "Lossy Heap Blocks": 1014, "Plans": [{"Node Type": "Bitmap Index Scan", "Parent Relationship": "Outer", "Index Name": "person_id_aka_name", "Startup Cost": 0.0, "Total Cost": 4.22, "Plan Rows": 1, "Plan Width": 0, "Actual Startup Time": 17.197, "Actual Total Time": 17.197, "Actual Rows": 1558, "Actual Loops": 6768, "Index Cond": "(person_id = n.id)"}]}]}, {"Node Type": "Bitmap Heap Scan", "Parent Relationship": "Inner", "Relation Name": "cast_info", "Alias": "ci", "Startup Cost": 1.0, "Total Cost": 5.32, "Plan Rows": 1, "Plan Width": 16, "Actual Startup Time": 44.713, "Actual Total Time": 47.962, "Actual Rows": 425, "Actual Loops": 1558, "Recheck Cond": "(person_id = an.person_id)", "Rows Removed by Index Recheck": 0, "Filter": "((note)::text = ANY ('{(voice),\"(voice: Japanese version)\",\"(voice) (uncredited)\",\"(voice: English version)\"}'::text[]))", "Rows Removed by Filter": 69057, "Exact Heap Blocks": 2627, "Lossy Heap Blocks": 2627, "Plans": [{"Node Type": "Bitmap Index Scan", "Parent Relationship": "Outer", "Index Name": "person_id_cast_info", "Startup Cost": 0.0, "Total Cost": 1.0, "Plan Rows": 18, "Plan Width": 0, "Actual Startup Time": 14.025, "Actual Total Time": 14.025, "Actual Rows": 69482, "Actual Loops": 1558, "Index Cond": "(person_id = an.person_id)"}]}]}, {"Node Type": "Hash", "Parent Relationship": "Inner", "Startup Cost": 1.15, "Total Cost": 1.15, "Plan Rows": 1, "Plan Width": 4, "Actual Startup Time": 0.041, "Actual Total Time": 0.041, "Actual Rows": 1, "Actual Loops": 1, "Hash Buckets": 32768, "Hash Batches": 1, "Original Hash Batches": 1, "Peak Memory Usage": 1, "Plans": [{"Node Type": "Seq Scan", "Parent Relationship": "Outer", "Relation Name": "role_type", "Alias": "rt", "Startup Cost": 0.0, "Total Cost": 1.15, "Plan Rows": 1, "Plan Width": 4, "Actual Startup Time": 0.027, "Actual Total Time": 0.032, "Actual Rows": 1, "Actual Loops": 1, "Filter": "((role)::text = 'actress'::text)", "Rows Removed by Filter": 11}]}]}, {"Node Type": "Bitmap Heap Scan", "Parent Relationship": "Inner", "Relation Name": "movie_companies", "Alias": "mc", "Startup Cost": 0.31, "Total Cost": 4.35, "Plan Rows": 1, "Plan Width": 8, "Actual Startup Time": 3.823, "Actual Total Time": 4.735, "Actual Rows": 373, "Actual Loops": 425, "Recheck Cond": "(movie_id = ci.movie_id)", "Rows Removed by Index Recheck": 0, "Filter": "((note IS NOT NULL) AND (((note)::text ~~ '%(USA)%'::text) OR ((note)::text ~~ '%(worldwide)%'::text)))", "Rows Removed by Filter": 1538, "Exact Heap Blocks": 580, "Lossy Heap Blocks": 580, "Plans": [{"Node Type": "Bitmap Index Scan", "Parent Relationship": "Outer", "Index Name": "movie_id_movie_companies", "Startup Cost": 0.0, "Total Cost": 0.31, "Plan Rows": 2, "Plan Width": 0, "Actual Startup Time": 1.99, "Actual Total Time": 1.99, "Actual Rows": 1911, "Actual Loops": 425, "Index Cond": "(movie_id = ci.movie_id)"}]}]}, {"Node Type": "Bitmap Heap Scan", "Parent Relationship": "Inner", "Relation Name": "char_name", "Alias": "chn", "Startup Cost": 0.31, "Total Cost": 4.33, "Plan Rows": 1, "Plan Width": 20, "Actual Startup Time": 1.66, "Actual Total Time": 1.66, "Actual Rows": 348, "Actual Loops": 373, "Recheck Cond": "(id = ci.person_role_id)", "Rows Removed by Index Recheck": 0, "Exact Heap Blocks": 348, "Lossy Heap Blocks": 348, "Plans": [{"Node Type": "Bitmap Index Scan", "Parent Relationship": "Outer", "Index Name": "char_name_pkey", "Startup Cost": 0.0, "Total Cost": 0.31, "Plan Rows": 1, "Plan Width": 0, "Actual Startup Time": 1.077, "Actual Total Time": 1.077, "Actual Rows": 348, "Actual Loops": 373, "Index Cond": "(id = ci.person_role_id)"}]}]}, {"Node Type": "Bitmap Heap Scan", "Parent Relationship": "Inner", "Relation Name": "company_name", "Alias": "cn", "Startup Cost": 0.26, "Total Cost": 4.28, "Plan Rows": 1, "Plan Width": 4, "Actual Startup Time": 1.79, "Actual Total Time": 1.79, "Actual Rows": 341, "Actual Loops": 348, "Recheck Cond": "(id = mc.company_id)", "Rows Removed by Index Recheck": 0, "Filter": "((country_code)::text = '[us]'::text)", "Rows Removed by Filter": 7, "Exact Heap Blocks": 348, "Lossy Heap Blocks": 348, "Plans": [{"Node Type": "Bitmap Index Scan", "Parent Relationship": "Outer", "Index Name": "company_name_pkey", "Startup Cost": 0.0, "Total Cost": 0.26, "Plan Rows": 1, "Plan Width": 0, "Actual Startup Time": 1.013, "Actual Total Time": 1.013, "Actual Rows": 348, "Actual Loops": 348, "Index Cond": "(id = mc.company_id)"}]}]}, {"Node Type": "Bitmap Heap Scan", "Parent Relationship": "Inner", "Relation Name": "title", "Alias": "t", "Startup Cost": 0.3, "Total Cost": 4.32, "Plan Rows": 1, "Plan Width": 21, "Actual Startup Time": 1.82, "Actual Total Time": 1.82, "Actual Rows": 121, "Actual Loops": 341, "Recheck Cond": "(id = ci.movie_id)", "Rows Removed by Index Recheck": 0, "Filter": "((production_year >= 2005) AND (production_year <= 2015))", "Rows Removed by Filter": 220, "Exact Heap Blocks": 341, "Lossy Heap Blocks": 341, "Plans": [{"Node Type": "Bitmap Index Scan", "Parent Relationship": "Outer", "Index Name": "title_pkey", "Startup Cost": 0.0, "Total Cost": 0.3, "Plan Rows": 1, "Plan Width": 0, "Actual Startup Time": 1.061, "Actual Total Time": 1.061, "Actual Rows": 341, "Actual Loops": 341, "Index Cond": "(id = ci.movie_id)"}]}]}]}, "Triggers": [], "Planner Runtime": 81, "Total Runtime": 1710.607, "Unique SQL Id": 3431223514}}, "(1, 67)": {"explain_plan": {"Plan": {"Node Type": "Aggregate", "Strategy": "Plain", "Startup Cost": 1000016655188.3, "Total Cost": 1000016655188.31, "Plan Rows": 1, "Plan Width": 145, "Plans": [{"Node Type": "Nested Loop", "Parent Relationship": "Outer", "Join Type": "Inner", "Startup Cost": 10000000002.78, "Total Cost": 1000016655188.3, "Plan Rows": 1, "Plan Width": 49, "Inner Unique": true, "Join Filter": "(ci.person_id = n.id)", "Plans": [{"Node Type": "Nested Loop", "Parent Relationship": "Outer", "Join Type": "Inner", "Startup Cost": 10000000002.45, "Total Cost": 1000016612909.02, "Plan Rows": 9704, "Plan Width": 57, "Inner Unique": true, "Plans": [{"Node Type": "Nested Loop", "Parent Relationship": "Outer", "Join Type": "Inner", "Startup Cost": 10000000002.15, "Total Cost": 1000016578899.44, "Plan Rows": 7855, "Plan Width": 48, "Inner Unique": true, "Plans": [{"Node Type": "Nested Loop", "Parent Relationship": "Outer", "Join Type": "Inner", "Startup Cost": 10000000001.89, "Total Cost": 1000016510409.12, "Plan Rows": 15972, "Plan Width": 52, "Inner Unique": true, "Plans": [{"Node Type": "Nested Loop", "Parent Relationship": "Outer", "Join Type": "Inner", "Startup Cost": 10000000001.57, "Total Cost": 1000016367541.65, "Plan Rows": 32949, "Plan Width": 40, "Inner Unique": false, "Plans": [{"Node Type": "Nested Loop", "Parent Relationship": "Outer", "Join Type": "Inner", "Startup Cost": 10000000001.26, "Total Cost": 1000015972498.77, "Plan Rows": 90685, "Plan Width": 32, "Inner Unique": true, "Plans": [{"Node Type": "Nested Loop", "Parent Relationship": "Outer", "Join Type": "Inner", "Startup Cost": 10000000001.0, "Total Cost": 1000011700317.58, "Plan Rows": 997530, "Plan Width": 36, "Inner Unique": false, "Plans": [{"Node Type": "Index Scan", "Parent Relationship": "Outer", "Scan Direction": "Forward", "Index Name": "person_id_aka_name", "Relation Name": "aka_name", "Alias": "an", "Startup Cost": 10000000000.0, "Total Cost": 1000006896503.43, "Plan Rows": 901342, "Plan Width": 20}, {"Node Type": "Bitmap Heap Scan", "Parent Relationship": "Inner", "Relation Name": "cast_info", "Alias": "ci", "Startup Cost": 1.0, "Total Cost": 5.32, "Plan Rows": 1, "Plan Width": 16, "Recheck Cond": "(person_id = an.person_id)", "Filter": "((note)::text = ANY ('{(voice),\"(voice: Japanese version)\",\"(voice) (uncredited)\",\"(voice: English version)\"}'::text[]))", "Plans": [{"Node Type": "Bitmap Index Scan", "Parent Relationship": "Outer", "Index Name": "person_id_cast_info", "Startup Cost": 0.0, "Total Cost": 1.0, "Plan Rows": 18, "Plan Width": 0, "Index Cond": "(person_id = an.person_id)"}]}]}, {"Node Type": "Bitmap Heap Scan", "Parent Relationship": "Inner", "Relation Name": "role_type", "Alias": "rt", "Startup Cost": 0.26, "Total Cost": 4.27, "Plan Rows": 1, "Plan Width": 4, "Recheck Cond": "(id = ci.role_id)", "Filter": "((role)::text = 'actress'::text)", "Plans": [{"Node Type": "Bitmap Index Scan", "Parent Relationship": "Outer", "Index Name": "role_type_pkey", "Startup Cost": 0.0, "Total Cost": 0.26, "Plan Rows": 1, "Plan Width": 0, "Index Cond": "(id = ci.role_id)"}]}]}, {"Node Type": "Bitmap Heap Scan", "Parent Relationship": "Inner", "Relation Name": "movie_companies", "Alias": "mc", "Startup Cost": 0.31, "Total Cost": 4.35, "Plan Rows": 1, "Plan Width": 8, "Recheck Cond": "(movie_id = ci.movie_id)", "Filter": "((note IS NOT NULL) AND (((note)::text ~~ '%(USA)%'::text) OR ((note)::text ~~ '%(worldwide)%'::text)))", "Plans": [{"Node Type": "Bitmap Index Scan", "Parent Relationship": "Outer", "Index Name": "movie_id_movie_companies", "Startup Cost": 0.0, "Total Cost": 0.31, "Plan Rows": 2, "Plan Width": 0, "Index Cond": "(movie_id = ci.movie_id)"}]}]}, {"Node Type": "Bitmap Heap Scan", "Parent Relationship": "Inner", "Relation Name": "char_name", "Alias": "chn", "Startup Cost": 0.31, "Total Cost": 4.33, "Plan Rows": 1, "Plan Width": 20, "Recheck Cond": "(id = ci.person_role_id)", "Plans": [{"Node Type": "Bitmap Index Scan", "Parent Relationship": "Outer", "Index Name": "char_name_pkey", "Startup Cost": 0.0, "Total Cost": 0.31, "Plan Rows": 1, "Plan Width": 0, "Index Cond": "(id = ci.person_role_id)"}]}]}, {"Node Type": "Bitmap Heap Scan", "Parent Relationship": "Inner", "Relation Name": "company_name", "Alias": "cn", "Startup Cost": 0.26, "Total Cost": 4.28, "Plan Rows": 1, "Plan Width": 4, "Recheck Cond": "(id = mc.company_id)", "Filter": "((country_code)::text = '[us]'::text)", "Plans": [{"Node Type": "Bitmap Index Scan", "Parent Relationship": "Outer", "Index Name": "company_name_pkey", "Startup Cost": 0.0, "Total Cost": 0.26, "Plan Rows": 1, "Plan Width": 0, "Index Cond": "(id = mc.company_id)"}]}]}, {"Node Type": "Bitmap Heap Scan", "Parent Relationship": "Inner", "Relation Name": "title", "Alias": "t", "Startup Cost": 0.3, "Total Cost": 4.32, "Plan Rows": 1, "Plan Width": 21, "Recheck Cond": "(id = ci.movie_id)", "Filter": "((production_year >= 2005) AND (production_year <= 2015))", "Plans": [{"Node Type": "Bitmap Index Scan", "Parent Relationship": "Outer", "Index Name": "title_pkey", "Startup Cost": 0.0, "Total Cost": 0.3, "Plan Rows": 1, "Plan Width": 0, "Index Cond": "(id = ci.movie_id)"}]}]}, {"Node Type": "Bitmap Heap Scan", "Parent Relationship": "Inner", "Relation Name": "name", "Alias": "n", "Startup Cost": 0.33, "Total Cost": 4.34, "Plan Rows": 1, "Plan Width": 4, "Recheck Cond": "(id = an.person_id)", "Filter": "(((name)::text ~~ '%Ang%'::text) AND ((gender)::text = 'f'::text))", "Plans": [{"Node Type": "Bitmap Index Scan", "Parent Relationship": "Outer", "Index Name": "name_pkey", "Startup Cost": 0.0, "Total Cost": 0.33, "Plan Rows": 1, "Plan Width": 0, "Index Cond": "(id = an.person_id)"}]}]}]}, "Unique SQL Id": 3431223514, "Planner Runtime": 14}, "explain_analyze_plan": null}, "(1, 68)": {"explain_plan": {"Plan": {"Node Type": "Aggregate", "Strategy": "Plain", "Startup Cost": 115024.12, "Total Cost": 115024.13, "Plan Rows": 1, "Plan Width": 145, "Plans": [{"Node Type": "Nested Loop", "Parent Relationship": "Outer", "Join Type": "Inner", "Startup Cost": 0.0, "Total Cost": 115024.11, "Plan Rows": 1, "Plan Width": 49, "Inner Unique": true, "Plans": [{"Node Type": "Nested Loop", "Parent Relationship": "Outer", "Join Type": "Inner", "Startup Cost": 0.0, "Total Cost": 115023.61, "Plan Rows": 1, "Plan Width": 40, "Inner Unique": true, "Plans": [{"Node Type": "Nested Loop", "Parent Relationship": "Outer", "Join Type": "Inner", "Startup Cost": 0.0, "Total Cost": 115022.6, "Plan Rows": 2, "Plan Width": 28, "Inner Unique": true, "Plans": [{"Node Type": "Nested Loop", "Parent Relationship": "Outer", "Join Type": "Inner", "Startup Cost": 0.0, "Total Cost": 115020.96, "Plan Rows": 5, "Plan Width": 32, "Inner Unique": false, "Plans": [{"Node Type": "Nested Loop", "Parent Relationship": "Outer", "Join Type": "Inner", "Startup Cost": 0.0, "Total Cost": 115015.35, "Plan Rows": 13, "Plan Width": 24, "Inner Unique": true, "Plans": [{"Node Type": "Nested Loop", "Parent Relationship": "Outer", "Join Type": "Inner", "Startup Cost": 0.0, "Total Cost": 114975.51, "Plan Rows": 141, "Plan Width": 28, "Inner Unique": false, "Join Filter": "(n.id = ci.person_id)", "Plans": [{"Node Type": "Nested Loop", "Parent Relationship": "Outer", "Join Type": "Inner", "Startup Cost": 0.0, "Total Cost": 114700.23, "Plan Rows": 115, "Plan Width": 24, "Inner Unique": false, "Plans": [{"Node Type": "Seq Scan", "Parent Relationship": "Outer", "Relation Name": "name", "Alias": "n", "Startup Cost": 0.0, "Total Cost": 113909.35, "Plan Rows": 96, "Plan Width": 4, "Filter": "(((name)::text ~~ '%Ang%'::text) AND ((gender)::text = 'f'::text))"}, {"Node Type": "Index Scan", "Parent Relationship": "Inner", "Scan Direction": "Forward", "Index Name": "person_id_aka_name", "Relation Name": "aka_name", "Alias": "an", "Startup Cost": 0.0, "Total Cost": 8.23, "Plan Rows": 1, "Plan Width": 20, "Index Cond": "(person_id = n.id)"}]}, {"Node Type": "Index Scan", "Parent Relationship": "Inner", "Scan Direction": "Forward", "Index Name": "person_id_cast_info", "Relation Name": "cast_info", "Alias": "ci", "Startup Cost": 0.0, "Total Cost": 2.38, "Plan Rows": 1, "Plan Width": 16, "Index Cond": "(person_id = an.person_id)", "Filter": "((note)::text = ANY ('{(voice),\"(voice: Japanese version)\",\"(voice) (uncredited)\",\"(voice: English version)\"}'::text[]))"}]}, {"Node Type": "Index Scan", "Parent Relationship": "Inner", "Scan Direction": "Forward", "Index Name": "role_type_pkey", "Relation Name": "role_type", "Alias": "rt", "Startup Cost": 0.0, "Total Cost": 0.27, "Plan Rows": 1, "Plan Width": 4, "Index Cond": "(id = ci.role_id)", "Filter": "((role)::text = 'actress'::text)"}]}, {"Node Type": "Index Scan", "Parent Relationship": "Inner", "Scan Direction": "Forward", "Index Name": "movie_id_movie_companies", "Relation Name": "movie_companies", "Alias": "mc", "Startup Cost": 0.0, "Total Cost": 0.42, "Plan Rows": 1, "Plan Width": 8, "Index Cond": "(movie_id = ci.movie_id)", "Filter": "((note IS NOT NULL) AND (((note)::text ~~ '%(USA)%'::text) OR ((note)::text ~~ '%(worldwide)%'::text)))"}]}, {"Node Type": "Index Scan", "Parent Relationship": "Inner", "Scan Direction": "Forward", "Index Name": "company_name_pkey", "Relation Name": "company_name", "Alias": "cn", "Startup Cost": 0.0, "Total Cost": 0.32, "Plan Rows": 1, "Plan Width": 4, "Index Cond": "(id = mc.company_id)", "Filter": "((country_code)::text = '[us]'::text)"}]}, {"Node Type": "Index Scan", "Parent Relationship": "Inner", "Scan Direction": "Forward", "Index Name": "char_name_pkey", "Relation Name": "char_name", "Alias": "chn", "Startup Cost": 0.0, "Total Cost": 0.5, "Plan Rows": 1, "Plan Width": 20, "Index Cond": "(id = ci.person_role_id)"}]}, {"Node Type": "Index Scan", "Parent Relationship": "Inner", "Scan Direction": "Forward", "Index Name": "title_pkey", "Relation Name": "title", "Alias": "t", "Startup Cost": 0.0, "Total Cost": 0.49, "Plan Rows": 1, "Plan Width": 21, "Index Cond": "(id = ci.movie_id)", "Filter": "((production_year >= 2005) AND (production_year <= 2015))"}]}]}, "Unique SQL Id": 3431223514, "Planner Runtime": 75}, "explain_analyze_plan": {"Plan": {"Node Type": "Aggregate", "Strategy": "Plain", "Startup Cost": 115024.12, "Total Cost": 115024.13, "Plan Rows": 1, "Plan Width": 145, "Actual Startup Time": 1704.318, "Actual Total Time": 1704.318, "Actual Rows": 1, "Actual Loops": 1, "Plans": [{"Node Type": "Nested Loop", "Parent Relationship": "Outer", "Join Type": "Inner", "Startup Cost": 0.0, "Total Cost": 115024.11, "Plan Rows": 1, "Plan Width": 49, "Actual Startup Time": 696.911, "Actual Total Time": 1704.072, "Actual Rows": 121, "Actual Loops": 1, "Inner Unique": true, "Plans": [{"Node Type": "Nested Loop", "Parent Relationship": "Outer", "Join Type": "Inner", "Startup Cost": 0.0, "Total Cost": 115023.61, "Plan Rows": 1, "Plan Width": 40, "Actual Startup Time": 689.255, "Actual Total Time": 1702.263, "Actual Rows": 341, "Actual Loops": 1, "Inner Unique": true, "Plans": [{"Node Type": "Nested Loop", "Parent Relationship": "Outer", "Join Type": "Inner", "Startup Cost": 0.0, "Total Cost": 115022.6, "Plan Rows": 2, "Plan Width": 28, "Actual Startup Time": 689.243, "Actual Total Time": 1700.623, "Actual Rows": 359, "Actual Loops": 1, "Inner Unique": true, "Plans": [{"Node Type": "Nested Loop", "Parent Relationship": "Outer", "Join Type": "Inner", "Startup Cost": 0.0, "Total Cost": 115020.96, "Plan Rows": 5, "Plan Width": 32, "Actual Startup Time": 689.227, "Actual Total Time": 1698.696, "Actual Rows": 373, "Actual Loops": 1, "Inner Unique": false, "Plans": [{"Node Type": "Nested Loop", "Parent Relationship": "Outer", "Join Type": "Inner", "Startup Cost": 0.0, "Total Cost": 115015.35, "Plan Rows": 13, "Plan Width": 24, "Actual Startup Time": 687.84, "Actual Total Time": 1694.526, "Actual Rows": 425, "Actual Loops": 1, "Inner Unique": true, "Plans": [{"Node Type": "Nested Loop", "Parent Relationship": "Outer", "Join Type": "Inner", "Startup Cost": 0.0, "Total Cost": 114975.51, "Plan Rows": 141, "Plan Width": 28, "Actual Startup Time": 687.826, "Actual Total Time": 1693.167, "Actual Rows": 425, "Actual Loops": 1, "Inner Unique": false, "Join Filter": "(n.id = ci.person_id)", "Rows Removed by Join Filter": 0, "Plans": [{"Node Type": "Nested Loop", "Parent Relationship": "Outer", "Join Type": "Inner", "Startup Cost": 0.0, "Total Cost": 114700.23, "Plan Rows": 115, "Plan Width": 24, "Actual Startup Time": 672.809, "Actual Total Time": 1643.882, "Actual Rows": 1558, "Actual Loops": 1, "Inner Unique": false, "Plans": [{"Node Type": "Seq Scan", "Parent Relationship": "Outer", "Relation Name": "name", "Alias": "n", "Startup Cost": 0.0, "Total Cost": 113909.35, "Plan Rows": 96, "Plan Width": 4, "Actual Startup Time": 671.098, "Actual Total Time": 1621.774, "Actual Rows": 6768, "Actual Loops": 1, "Filter": "(((name)::text ~~ '%Ang%'::text) AND ((gender)::text = 'f'::text))", "Rows Removed by Filter": 4160722}, {"Node Type": "Index Scan", "Parent Relationship": "Inner", "Scan Direction": "Forward", "Index Name": "person_id_aka_name", "Relation Name": "aka_name", "Alias": "an", "Startup Cost": 0.0, "Total Cost": 8.23, "Plan Rows": 1, "Plan Width": 20, "Actual Startup Time": 17.327, "Actual Total Time": 18.037, "Actual Rows": 1558, "Actual Loops": 6768, "Index Cond": "(person_id = n.id)", "Rows Removed by Index Recheck": 0}]}, {"Node Type": "Index Scan", "Parent Relationship": "Inner", "Scan Direction": "Forward", "Index Name": "person_id_cast_info", "Relation Name": "cast_info", "Alias": "ci", "Startup Cost": 0.0, "Total Cost": 2.38, "Plan Rows": 1, "Plan Width": 16, "Actual Startup Time": 43.363, "Actual Total Time": 48.09, "Actual Rows": 425, "Actual Loops": 1558, "Index Cond": "(person_id = an.person_id)", "Rows Removed by Index Recheck": 0, "Filter": "((note)::text = ANY ('{(voice),\"(voice: Japanese version)\",\"(voice) (uncredited)\",\"(voice: English version)\"}'::text[]))", "Rows Removed by Filter": 69057}]}, {"Node Type": "Index Scan", "Parent Relationship": "Inner", "Scan Direction": "Forward", "Index Name": "role_type_pkey", "Relation Name": "role_type", "Alias": "rt", "Startup Cost": 0.0, "Total Cost": 0.27, "Plan Rows": 1, "Plan Width": 4, "Actual Startup Time": 0.9, "Actual Total Time": 0.9, "Actual Rows": 425, "Actual Loops": 425, "Index Cond": "(id = ci.role_id)", "Rows Removed by Index Recheck": 0, "Filter": "((role)::text = 'actress'::text)", "Rows Removed by Filter": 0}]}, {"Node Type": "Index Scan", "Parent Relationship": "Inner", "Scan Direction": "Forward", "Index Name": "movie_id_movie_companies", "Relation Name": "movie_companies", "Alias": "mc", "Startup Cost": 0.0, "Total Cost": 0.42, "Plan Rows": 1, "Plan Width": 8, "Actual Startup Time": 2.584, "Actual Total Time": 3.726, "Actual Rows": 373, "Actual Loops": 425, "Index Cond": "(movie_id = ci.movie_id)", "Rows Removed by Index Recheck": 0, "Filter": "((note IS NOT NULL) AND (((note)::text ~~ '%(USA)%'::text) OR ((note)::text ~~ '%(worldwide)%'::text)))", "Rows Removed by Filter": 1538}]}, {"Node Type": "Index Scan", "Parent Relationship": "Inner", "Scan Direction": "Forward", "Index Name": "company_name_pkey", "Relation Name": "company_name", "Alias": "cn", "Startup Cost": 0.0, "Total Cost": 0.32, "Plan Rows": 1, "Plan Width": 4, "Actual Startup Time": 1.562, "Actual Total Time": 1.562, "Actual Rows": 359, "Actual Loops": 373, "Index Cond": "(id = mc.company_id)", "Rows Removed by Index Recheck": 0, "Filter": "((country_code)::text = '[us]'::text)", "Rows Removed by Filter": 14}]}, {"Node Type": "Index Scan", "Parent Relationship": "Inner", "Scan Direction": "Forward", "Index Name": "char_name_pkey", "Relation Name": "char_name", "Alias": "chn", "Startup Cost": 0.0, "Total Cost": 0.5, "Plan Rows": 1, "Plan Width": 20, "Actual Startup Time": 1.238, "Actual Total Time": 1.238, "Actual Rows": 341, "Actual Loops": 359, "Index Cond": "(id = ci.person_role_id)", "Rows Removed by Index Recheck": 0}]}, {"Node Type": "Index Scan", "Parent Relationship": "Inner", "Scan Direction": "Forward", "Index Name": "title_pkey", "Relation Name": "title", "Alias": "t", "Startup Cost": 0.0, "Total Cost": 0.49, "Plan Rows": 1, "Plan Width": 21, "Actual Startup Time": 1.522, "Actual Total Time": 1.522, "Actual Rows": 121, "Actual Loops": 341, "Index Cond": "(id = ci.movie_id)", "Rows Removed by Index Recheck": 0, "Filter": "((production_year >= 2005) AND (production_year <= 2015))", "Rows Removed by Filter": 220}]}]}, "Triggers": [], "Planner Runtime": 26, "Total Runtime": 1704.792, "Unique SQL Id": 3431223514}}, "(1, 69)": {"explain_plan": {"Plan": {"Node Type": "Aggregate", "Strategy": "Plain", "Startup Cost": 198184.97, "Total Cost": 198184.98, "Plan Rows": 1, "Plan Width": 145, "Plans": [{"Node Type": "Nested Loop", "Parent Relationship": "Outer", "Join Type": "Inner", "Startup Cost": 0.0, "Total Cost": 198184.96, "Plan Rows": 1, "Plan Width": 49, "Inner Unique": true, "Plans": [{"Node Type": "Nested Loop", "Parent Relationship": "Outer", "Join Type": "Inner", "Startup Cost": 0.0, "Total Cost": 198184.46, "Plan Rows": 1, "Plan Width": 40, "Inner Unique": true, "Plans": [{"Node Type": "Nested Loop", "Parent Relationship": "Outer", "Join Type": "Inner", "Startup Cost": 0.0, "Total Cost": 198183.44, "Plan Rows": 2, "Plan Width": 28, "Inner Unique": true, "Plans": [{"Node Type": "Nested Loop", "Parent Relationship": "Outer", "Join Type": "Inner", "Startup Cost": 0.0, "Total Cost": 198181.8, "Plan Rows": 5, "Plan Width": 32, "Inner Unique": false, "Plans": [{"Node Type": "Nested Loop", "Parent Relationship": "Outer", "Join Type": "Inner", "Startup Cost": 0.0, "Total Cost": 198176.2, "Plan Rows": 13, "Plan Width": 24, "Inner Unique": true, "Plans": [{"Node Type": "Nested Loop", "Parent Relationship": "Outer", "Join Type": "Inner", "Startup Cost": 0.0, "Total Cost": 198136.36, "Plan Rows": 141, "Plan Width": 28, "Inner Unique": false, "Join Filter": "(n.id = ci.person_id)", "Plans": [{"Node Type": "Nested Loop", "Parent Relationship": "Outer", "Join Type": "Inner", "Startup Cost": 0.0, "Total Cost": 197861.08, "Plan Rows": 115, "Plan Width": 24, "Inner Unique": false, "Plans": [{"Node Type": "Index Scan", "Parent Relationship": "Outer", "Scan Direction": "Forward", "Index Name": "name_pkey", "Relation Name": "name", "Alias": "n", "Startup Cost": 0.0, "Total Cost": 197070.2, "Plan Rows": 96, "Plan Width": 4, "Filter": "(((name)::text ~~ '%Ang%'::text) AND ((gender)::text = 'f'::text))"}, {"Node Type": "Index Scan", "Parent Relationship": "Inner", "Scan Direction": "Forward", "Index Name": "person_id_aka_name", "Relation Name": "aka_name", "Alias": "an", "Startup Cost": 0.0, "Total Cost": 8.23, "Plan Rows": 1, "Plan Width": 20, "Index Cond": "(person_id = n.id)"}]}, {"Node Type": "Index Scan", "Parent Relationship": "Inner", "Scan Direction": "Forward", "Index Name": "person_id_cast_info", "Relation Name": "cast_info", "Alias": "ci", "Startup Cost": 0.0, "Total Cost": 2.38, "Plan Rows": 1, "Plan Width": 16, "Index Cond": "(person_id = an.person_id)", "Filter": "((note)::text = ANY ('{(voice),\"(voice: Japanese version)\",\"(voice) (uncredited)\",\"(voice: English version)\"}'::text[]))"}]}, {"Node Type": "Index Scan", "Parent Relationship": "Inner", "Scan Direction": "Forward", "Index Name": "role_type_pkey", "Relation Name": "role_type", "Alias": "rt", "Startup Cost": 0.0, "Total Cost": 0.27, "Plan Rows": 1, "Plan Width": 4, "Index Cond": "(id = ci.role_id)", "Filter": "((role)::text = 'actress'::text)"}]}, {"Node Type": "Index Scan", "Parent Relationship": "Inner", "Scan Direction": "Forward", "Index Name": "movie_id_movie_companies", "Relation Name": "movie_companies", "Alias": "mc", "Startup Cost": 0.0, "Total Cost": 0.42, "Plan Rows": 1, "Plan Width": 8, "Index Cond": "(movie_id = ci.movie_id)", "Filter": "((note IS NOT NULL) AND (((note)::text ~~ '%(USA)%'::text) OR ((note)::text ~~ '%(worldwide)%'::text)))"}]}, {"Node Type": "Index Scan", "Parent Relationship": "Inner", "Scan Direction": "Forward", "Index Name": "company_name_pkey", "Relation Name": "company_name", "Alias": "cn", "Startup Cost": 0.0, "Total Cost": 0.32, "Plan Rows": 1, "Plan Width": 4, "Index Cond": "(id = mc.company_id)", "Filter": "((country_code)::text = '[us]'::text)"}]}, {"Node Type": "Index Scan", "Parent Relationship": "Inner", "Scan Direction": "Forward", "Index Name": "char_name_pkey", "Relation Name": "char_name", "Alias": "chn", "Startup Cost": 0.0, "Total Cost": 0.5, "Plan Rows": 1, "Plan Width": 20, "Index Cond": "(id = ci.person_role_id)"}]}, {"Node Type": "Index Scan", "Parent Relationship": "Inner", "Scan Direction": "Forward", "Index Name": "title_pkey", "Relation Name": "title", "Alias": "t", "Startup Cost": 0.0, "Total Cost": 0.49, "Plan Rows": 1, "Plan Width": 21, "Index Cond": "(id = ci.movie_id)", "Filter": "((production_year >= 2005) AND (production_year <= 2015))"}]}]}, "Unique SQL Id": 3431223514, "Planner Runtime": 64}, "explain_analyze_plan": null}, "(1, 70)": {"explain_plan": {"Plan": {"Node Type": "Aggregate", "Strategy": "Plain", "Startup Cost": 115410.66, "Total Cost": 115410.67, "Plan Rows": 1, "Plan Width": 145, "Plans": [{"Node Type": "Nested Loop", "Parent Relationship": "Outer", "Join Type": "Inner", "Startup Cost": 7.57, "Total Cost": 115410.64, "Plan Rows": 2, "Plan Width": 49, "Inner Unique": true, "Plans": [{"Node Type": "Nested Loop", "Parent Relationship": "Outer", "Join Type": "Inner", "Startup Cost": 7.27, "Total Cost": 115401.98, "Plan Rows": 2, "Plan Width": 40, "Inner Unique": true, "Plans": [{"Node Type": "Nested Loop", "Parent Relationship": "Outer", "Join Type": "Inner", "Startup Cost": 7.01, "Total Cost": 115393.41, "Plan Rows": 2, "Plan Width": 44, "Inner Unique": true, "Plans": [{"Node Type": "Nested Loop", "Parent Relationship": "Outer", "Join Type": "Inner", "Startup Cost": 6.69, "Total Cost": 115371.73, "Plan Rows": 5, "Plan Width": 32, "Inner Unique": false, "Plans": [{"Node Type": "Hash Join", "Parent Relationship": "Outer", "Join Type": "Inner", "Startup Cost": 6.38, "Total Cost": 115315.09, "Plan Rows": 13, "Plan Width": 24, "Inner Unique": true, "Hash Cond": "(ci.role_id = rt.id)", "Plans": [{"Node Type": "Nested Loop", "Parent Relationship": "Outer", "Join Type": "Inner", "Startup Cost": 5.22, "Total Cost": 115313.45, "Plan Rows": 141, "Plan Width": 28, "Inner Unique": false, "Join Filter": "(n.id = ci.person_id)", "Plans": [{"Node Type": "Nested Loop", "Parent Relationship": "Outer", "Join Type": "Inner", "Startup Cost": 4.22, "Total Cost": 114700.25, "Plan Rows": 115, "Plan Width": 24, "Inner Unique": false, "Plans": [{"Node Type": "Seq Scan", "Parent Relationship": "Outer", "Relation Name": "name", "Alias": "n", "Startup Cost": 0.0, "Total Cost": 113909.35, "Plan Rows": 96, "Plan Width": 4, "Filter": "(((name)::text ~~ '%Ang%'::text) AND ((gender)::text = 'f'::text))"}, {"Node Type": "Bitmap Heap Scan", "Parent Relationship": "Inner", "Relation Name": "aka_name", "Alias": "an", "Startup Cost": 4.22, "Total Cost": 8.23, "Plan Rows": 1, "Plan Width": 20, "Recheck Cond": "(person_id = n.id)", "Plans": [{"Node Type": "Bitmap Index Scan", "Parent Relationship": "Outer", "Index Name": "person_id_aka_name", "Startup Cost": 0.0, "Total Cost": 4.22, "Plan Rows": 1, "Plan Width": 0, "Index Cond": "(person_id = n.id)"}]}]}, {"Node Type": "Bitmap Heap Scan", "Parent Relationship": "Inner", "Relation Name": "cast_info", "Alias": "ci", "Startup Cost": 1.0, "Total Cost": 5.32, "Plan Rows": 1, "Plan Width": 16, "Recheck Cond": "(person_id = an.person_id)", "Filter": "((note)::text = ANY ('{(voice),\"(voice: Japanese version)\",\"(voice) (uncredited)\",\"(voice: English version)\"}'::text[]))", "Plans": [{"Node Type": "Bitmap Index Scan", "Parent Relationship": "Outer", "Index Name": "person_id_cast_info", "Startup Cost": 0.0, "Total Cost": 1.0, "Plan Rows": 18, "Plan Width": 0, "Index Cond": "(person_id = an.person_id)"}]}]}, {"Node Type": "Hash", "Parent Relationship": "Inner", "Startup Cost": 1.15, "Total Cost": 1.15, "Plan Rows": 1, "Plan Width": 4, "Plans": [{"Node Type": "Seq Scan", "Parent Relationship": "Outer", "Relation Name": "role_type", "Alias": "rt", "Startup Cost": 0.0, "Total Cost": 1.15, "Plan Rows": 1, "Plan Width": 4, "Filter": "((role)::text = 'actress'::text)"}]}]}, {"Node Type": "Bitmap Heap Scan", "Parent Relationship": "Inner", "Relation Name": "movie_companies", "Alias": "mc", "Startup Cost": 0.31, "Total Cost": 4.35, "Plan Rows": 1, "Plan Width": 8, "Recheck Cond": "(movie_id = ci.movie_id)", "Filter": "((note IS NOT NULL) AND (((note)::text ~~ '%(USA)%'::text) OR ((note)::text ~~ '%(worldwide)%'::text)))", "Plans": [{"Node Type": "Bitmap Index Scan", "Parent Relationship": "Outer", "Index Name": "movie_id_movie_companies", "Startup Cost": 0.0, "Total Cost": 0.31, "Plan Rows": 2, "Plan Width": 0, "Index Cond": "(movie_id = ci.movie_id)"}]}]}, {"Node Type": "Bitmap Heap Scan", "Parent Relationship": "Inner", "Relation Name": "char_name", "Alias": "chn", "Startup Cost": 0.31, "Total Cost": 4.33, "Plan Rows": 1, "Plan Width": 20, "Recheck Cond": "(id = ci.person_role_id)", "Plans": [{"Node Type": "Bitmap Index Scan", "Parent Relationship": "Outer", "Index Name": "char_name_pkey", "Startup Cost": 0.0, "Total Cost": 0.31, "Plan Rows": 1, "Plan Width": 0, "Index Cond": "(id = ci.person_role_id)"}]}]}, {"Node Type": "Bitmap Heap Scan", "Parent Relationship": "Inner", "Relation Name": "company_name", "Alias": "cn", "Startup Cost": 0.26, "Total Cost": 4.28, "Plan Rows": 1, "Plan Width": 4, "Recheck Cond": "(id = mc.company_id)", "Filter": "((country_code)::text = '[us]'::text)", "Plans": [{"Node Type": "Bitmap Index Scan", "Parent Relationship": "Outer", "Index Name": "company_name_pkey", "Startup Cost": 0.0, "Total Cost": 0.26, "Plan Rows": 1, "Plan Width": 0, "Index Cond": "(id = mc.company_id)"}]}]}, {"Node Type": "Bitmap Heap Scan", "Parent Relationship": "Inner", "Relation Name": "title", "Alias": "t", "Startup Cost": 0.3, "Total Cost": 4.32, "Plan Rows": 1, "Plan Width": 21, "Recheck Cond": "(id = ci.movie_id)", "Filter": "((production_year >= 2005) AND (production_year <= 2015))", "Plans": [{"Node Type": "Bitmap Index Scan", "Parent Relationship": "Outer", "Index Name": "title_pkey", "Startup Cost": 0.0, "Total Cost": 0.3, "Plan Rows": 1, "Plan Width": 0, "Index Cond": "(id = ci.movie_id)"}]}]}]}, "Unique SQL Id": 3431223514, "Planner Runtime": 81}, "explain_analyze_plan": {"Plan": {"Node Type": "Aggregate", "Strategy": "Plain", "Startup Cost": 115410.66, "Total Cost": 115410.67, "Plan Rows": 1, "Plan Width": 145, "Actual Startup Time": 1710.183, "Actual Total Time": 1710.183, "Actual Rows": 1, "Actual Loops": 1, "Plans": [{"Node Type": "Nested Loop", "Parent Relationship": "Outer", "Join Type": "Inner", "Startup Cost": 7.57, "Total Cost": 115410.64, "Plan Rows": 2, "Plan Width": 49, "Actual Startup Time": 699.37, "Actual Total Time": 1709.916, "Actual Rows": 121, "Actual Loops": 1, "Inner Unique": true, "Plans": [{"Node Type": "Nested Loop", "Parent Relationship": "Outer", "Join Type": "Inner", "Startup Cost": 7.27, "Total Cost": 115401.98, "Plan Rows": 2, "Plan Width": 40, "Actual Startup Time": 691.145, "Actual Total Time": 1707.593, "Actual Rows": 341, "Actual Loops": 1, "Inner Unique": true, "Plans": [{"Node Type": "Nested Loop", "Parent Relationship": "Outer", "Join Type": "Inner", "Startup Cost": 7.01, "Total Cost": 115393.41, "Plan Rows": 2, "Plan Width": 44, "Actual Startup Time": 691.111, "Actual Total Time": 1705.255, "Actual Rows": 348, "Actual Loops": 1, "Inner Unique": true, "Plans": [{"Node Type": "Nested Loop", "Parent Relationship": "Outer", "Join Type": "Inner", "Startup Cost": 6.69, "Total Cost": 115371.73, "Plan Rows": 5, "Plan Width": 32, "Actual Startup Time": 691.095, "Actual Total Time": 1702.988, "Actual Rows": 373, "Actual Loops": 1, "Inner Unique": false, "Plans": [{"Node Type": "Hash Join", "Parent Relationship": "Outer", "Join Type": "Inner", "Startup Cost": 6.38, "Total Cost": 115315.09, "Plan Rows": 13, "Plan Width": 24, "Actual Startup Time": 689.52, "Actual Total Time": 1697.411, "Actual Rows": 425, "Actual Loops": 1, "Inner Unique": true, "Hash Cond": "(ci.role_id = rt.id)", "Plans": [{"Node Type": "Nested Loop", "Parent Relationship": "Outer", "Join Type": "Inner", "Startup Cost": 5.22, "Total Cost": 115313.45, "Plan Rows": 141, "Plan Width": 28, "Actual Startup Time": 689.424, "Actual Total Time": 1696.987, "Actual Rows": 425, "Actual Loops": 1, "Inner Unique": false, "Join Filter": "(n.id = ci.person_id)", "Rows Removed by Join Filter": 0, "Plans": [{"Node Type": "Nested Loop", "Parent Relationship": "Outer", "Join Type": "Inner", "Startup Cost": 4.22, "Total Cost": 114700.25, "Plan Rows": 115, "Plan Width": 24, "Actual Startup Time": 673.536, "Actual Total Time": 1646.603, "Actual Rows": 1558, "Actual Loops": 1, "Inner Unique": false, "Plans": [{"Node Type": "Seq Scan", "Parent Relationship": "Outer", "Relation Name": "name", "Alias": "n", "Startup Cost": 0.0, "Total Cost": 113909.35, "Plan Rows": 96, "Plan Width": 4, "Actual Startup Time": 671.76, "Actual Total Time": 1615.607, "Actual Rows": 6768, "Actual Loops": 1, "Filter": "(((name)::text ~~ '%Ang%'::text) AND ((gender)::text = 'f'::text))", "Rows Removed by Filter": 4160722}, {"Node Type": "Bitmap Heap Scan", "Parent Relationship": "Inner", "Relation Name": "aka_name", "Alias": "an", "Startup Cost": 4.22, "Total Cost": 8.23, "Plan Rows": 1, "Plan Width": 20, "Actual Startup Time": 22.415, "Actual Total Time": 22.888, "Actual Rows": 1558, "Actual Loops": 6768, "Recheck Cond": "(person_id = n.id)", "Rows Removed by Index Recheck": 0, "Exact Heap Blocks": 1014, "Lossy Heap Blocks": 1014, "Plans": [{"Node Type": "Bitmap Index Scan", "Parent Relationship": "Outer", "Index Name": "person_id_aka_name", "Startup Cost": 0.0, "Total Cost": 4.22, "Plan Rows": 1, "Plan Width": 0, "Actual Startup Time": 17.197, "Actual Total Time": 17.197, "Actual Rows": 1558, "Actual Loops": 6768, "Index Cond": "(person_id = n.id)"}]}]}, {"Node Type": "Bitmap Heap Scan", "Parent Relationship": "Inner", "Relation Name": "cast_info", "Alias": "ci", "Startup Cost": 1.0, "Total Cost": 5.32, "Plan Rows": 1, "Plan Width": 16, "Actual Startup Time": 44.713, "Actual Total Time": 47.962, "Actual Rows": 425, "Actual Loops": 1558, "Recheck Cond": "(person_id = an.person_id)", "Rows Removed by Index Recheck": 0, "Filter": "((note)::text = ANY ('{(voice),\"(voice: Japanese version)\",\"(voice) (uncredited)\",\"(voice: English version)\"}'::text[]))", "Rows Removed by Filter": 69057, "Exact Heap Blocks": 2627, "Lossy Heap Blocks": 2627, "Plans": [{"Node Type": "Bitmap Index Scan", "Parent Relationship": "Outer", "Index Name": "person_id_cast_info", "Startup Cost": 0.0, "Total Cost": 1.0, "Plan Rows": 18, "Plan Width": 0, "Actual Startup Time": 14.025, "Actual Total Time": 14.025, "Actual Rows": 69482, "Actual Loops": 1558, "Index Cond": "(person_id = an.person_id)"}]}]}, {"Node Type": "Hash", "Parent Relationship": "Inner", "Startup Cost": 1.15, "Total Cost": 1.15, "Plan Rows": 1, "Plan Width": 4, "Actual Startup Time": 0.041, "Actual Total Time": 0.041, "Actual Rows": 1, "Actual Loops": 1, "Hash Buckets": 32768, "Hash Batches": 1, "Original Hash Batches": 1, "Peak Memory Usage": 1, "Plans": [{"Node Type": "Seq Scan", "Parent Relationship": "Outer", "Relation Name": "role_type", "Alias": "rt", "Startup Cost": 0.0, "Total Cost": 1.15, "Plan Rows": 1, "Plan Width": 4, "Actual Startup Time": 0.027, "Actual Total Time": 0.032, "Actual Rows": 1, "Actual Loops": 1, "Filter": "((role)::text = 'actress'::text)", "Rows Removed by Filter": 11}]}]}, {"Node Type": "Bitmap Heap Scan", "Parent Relationship": "Inner", "Relation Name": "movie_companies", "Alias": "mc", "Startup Cost": 0.31, "Total Cost": 4.35, "Plan Rows": 1, "Plan Width": 8, "Actual Startup Time": 3.823, "Actual Total Time": 4.735, "Actual Rows": 373, "Actual Loops": 425, "Recheck Cond": "(movie_id = ci.movie_id)", "Rows Removed by Index Recheck": 0, "Filter": "((note IS NOT NULL) AND (((note)::text ~~ '%(USA)%'::text) OR ((note)::text ~~ '%(worldwide)%'::text)))", "Rows Removed by Filter": 1538, "Exact Heap Blocks": 580, "Lossy Heap Blocks": 580, "Plans": [{"Node Type": "Bitmap Index Scan", "Parent Relationship": "Outer", "Index Name": "movie_id_movie_companies", "Startup Cost": 0.0, "Total Cost": 0.31, "Plan Rows": 2, "Plan Width": 0, "Actual Startup Time": 1.99, "Actual Total Time": 1.99, "Actual Rows": 1911, "Actual Loops": 425, "Index Cond": "(movie_id = ci.movie_id)"}]}]}, {"Node Type": "Bitmap Heap Scan", "Parent Relationship": "Inner", "Relation Name": "char_name", "Alias": "chn", "Startup Cost": 0.31, "Total Cost": 4.33, "Plan Rows": 1, "Plan Width": 20, "Actual Startup Time": 1.66, "Actual Total Time": 1.66, "Actual Rows": 348, "Actual Loops": 373, "Recheck Cond": "(id = ci.person_role_id)", "Rows Removed by Index Recheck": 0, "Exact Heap Blocks": 348, "Lossy Heap Blocks": 348, "Plans": [{"Node Type": "Bitmap Index Scan", "Parent Relationship": "Outer", "Index Name": "char_name_pkey", "Startup Cost": 0.0, "Total Cost": 0.31, "Plan Rows": 1, "Plan Width": 0, "Actual Startup Time": 1.077, "Actual Total Time": 1.077, "Actual Rows": 348, "Actual Loops": 373, "Index Cond": "(id = ci.person_role_id)"}]}]}, {"Node Type": "Bitmap Heap Scan", "Parent Relationship": "Inner", "Relation Name": "company_name", "Alias": "cn", "Startup Cost": 0.26, "Total Cost": 4.28, "Plan Rows": 1, "Plan Width": 4, "Actual Startup Time": 1.79, "Actual Total Time": 1.79, "Actual Rows": 341, "Actual Loops": 348, "Recheck Cond": "(id = mc.company_id)", "Rows Removed by Index Recheck": 0, "Filter": "((country_code)::text = '[us]'::text)", "Rows Removed by Filter": 7, "Exact Heap Blocks": 348, "Lossy Heap Blocks": 348, "Plans": [{"Node Type": "Bitmap Index Scan", "Parent Relationship": "Outer", "Index Name": "company_name_pkey", "Startup Cost": 0.0, "Total Cost": 0.26, "Plan Rows": 1, "Plan Width": 0, "Actual Startup Time": 1.013, "Actual Total Time": 1.013, "Actual Rows": 348, "Actual Loops": 348, "Index Cond": "(id = mc.company_id)"}]}]}, {"Node Type": "Bitmap Heap Scan", "Parent Relationship": "Inner", "Relation Name": "title", "Alias": "t", "Startup Cost": 0.3, "Total Cost": 4.32, "Plan Rows": 1, "Plan Width": 21, "Actual Startup Time": 1.82, "Actual Total Time": 1.82, "Actual Rows": 121, "Actual Loops": 341, "Recheck Cond": "(id = ci.movie_id)", "Rows Removed by Index Recheck": 0, "Filter": "((production_year >= 2005) AND (production_year <= 2015))", "Rows Removed by Filter": 220, "Exact Heap Blocks": 341, "Lossy Heap Blocks": 341, "Plans": [{"Node Type": "Bitmap Index Scan", "Parent Relationship": "Outer", "Index Name": "title_pkey", "Startup Cost": 0.0, "Total Cost": 0.3, "Plan Rows": 1, "Plan Width": 0, "Actual Startup Time": 1.061, "Actual Total Time": 1.061, "Actual Rows": 341, "Actual Loops": 341, "Index Cond": "(id = ci.movie_id)"}]}]}]}, "Triggers": [], "Planner Runtime": 81, "Total Runtime": 1710.607, "Unique SQL Id": 3431223514}}, "(1, 71)": {"explain_plan": {"Plan": {"Node Type": "Aggregate", "Strategy": "Plain", "Startup Cost": 1000016655188.3, "Total Cost": 1000016655188.31, "Plan Rows": 1, "Plan Width": 145, "Plans": [{"Node Type": "Nested Loop", "Parent Relationship": "Outer", "Join Type": "Inner", "Startup Cost": 10000000002.78, "Total Cost": 1000016655188.3, "Plan Rows": 1, "Plan Width": 49, "Inner Unique": true, "Join Filter": "(ci.person_id = n.id)", "Plans": [{"Node Type": "Nested Loop", "Parent Relationship": "Outer", "Join Type": "Inner", "Startup Cost": 10000000002.45, "Total Cost": 1000016612909.02, "Plan Rows": 9704, "Plan Width": 57, "Inner Unique": true, "Plans": [{"Node Type": "Nested Loop", "Parent Relationship": "Outer", "Join Type": "Inner", "Startup Cost": 10000000002.15, "Total Cost": 1000016578899.44, "Plan Rows": 7855, "Plan Width": 48, "Inner Unique": true, "Plans": [{"Node Type": "Nested Loop", "Parent Relationship": "Outer", "Join Type": "Inner", "Startup Cost": 10000000001.89, "Total Cost": 1000016510409.12, "Plan Rows": 15972, "Plan Width": 52, "Inner Unique": true, "Plans": [{"Node Type": "Nested Loop", "Parent Relationship": "Outer", "Join Type": "Inner", "Startup Cost": 10000000001.57, "Total Cost": 1000016367541.65, "Plan Rows": 32949, "Plan Width": 40, "Inner Unique": false, "Plans": [{"Node Type": "Nested Loop", "Parent Relationship": "Outer", "Join Type": "Inner", "Startup Cost": 10000000001.26, "Total Cost": 1000015972498.77, "Plan Rows": 90685, "Plan Width": 32, "Inner Unique": true, "Plans": [{"Node Type": "Nested Loop", "Parent Relationship": "Outer", "Join Type": "Inner", "Startup Cost": 10000000001.0, "Total Cost": 1000011700317.58, "Plan Rows": 997530, "Plan Width": 36, "Inner Unique": false, "Plans": [{"Node Type": "Index Scan", "Parent Relationship": "Outer", "Scan Direction": "Forward", "Index Name": "person_id_aka_name", "Relation Name": "aka_name", "Alias": "an", "Startup Cost": 10000000000.0, "Total Cost": 1000006896503.43, "Plan Rows": 901342, "Plan Width": 20}, {"Node Type": "Bitmap Heap Scan", "Parent Relationship": "Inner", "Relation Name": "cast_info", "Alias": "ci", "Startup Cost": 1.0, "Total Cost": 5.32, "Plan Rows": 1, "Plan Width": 16, "Recheck Cond": "(person_id = an.person_id)", "Filter": "((note)::text = ANY ('{(voice),\"(voice: Japanese version)\",\"(voice) (uncredited)\",\"(voice: English version)\"}'::text[]))", "Plans": [{"Node Type": "Bitmap Index Scan", "Parent Relationship": "Outer", "Index Name": "person_id_cast_info", "Startup Cost": 0.0, "Total Cost": 1.0, "Plan Rows": 18, "Plan Width": 0, "Index Cond": "(person_id = an.person_id)"}]}]}, {"Node Type": "Bitmap Heap Scan", "Parent Relationship": "Inner", "Relation Name": "role_type", "Alias": "rt", "Startup Cost": 0.26, "Total Cost": 4.27, "Plan Rows": 1, "Plan Width": 4, "Recheck Cond": "(id = ci.role_id)", "Filter": "((role)::text = 'actress'::text)", "Plans": [{"Node Type": "Bitmap Index Scan", "Parent Relationship": "Outer", "Index Name": "role_type_pkey", "Startup Cost": 0.0, "Total Cost": 0.26, "Plan Rows": 1, "Plan Width": 0, "Index Cond": "(id = ci.role_id)"}]}]}, {"Node Type": "Bitmap Heap Scan", "Parent Relationship": "Inner", "Relation Name": "movie_companies", "Alias": "mc", "Startup Cost": 0.31, "Total Cost": 4.35, "Plan Rows": 1, "Plan Width": 8, "Recheck Cond": "(movie_id = ci.movie_id)", "Filter": "((note IS NOT NULL) AND (((note)::text ~~ '%(USA)%'::text) OR ((note)::text ~~ '%(worldwide)%'::text)))", "Plans": [{"Node Type": "Bitmap Index Scan", "Parent Relationship": "Outer", "Index Name": "movie_id_movie_companies", "Startup Cost": 0.0, "Total Cost": 0.31, "Plan Rows": 2, "Plan Width": 0, "Index Cond": "(movie_id = ci.movie_id)"}]}]}, {"Node Type": "Bitmap Heap Scan", "Parent Relationship": "Inner", "Relation Name": "char_name", "Alias": "chn", "Startup Cost": 0.31, "Total Cost": 4.33, "Plan Rows": 1, "Plan Width": 20, "Recheck Cond": "(id = ci.person_role_id)", "Plans": [{"Node Type": "Bitmap Index Scan", "Parent Relationship": "Outer", "Index Name": "char_name_pkey", "Startup Cost": 0.0, "Total Cost": 0.31, "Plan Rows": 1, "Plan Width": 0, "Index Cond": "(id = ci.person_role_id)"}]}]}, {"Node Type": "Bitmap Heap Scan", "Parent Relationship": "Inner", "Relation Name": "company_name", "Alias": "cn", "Startup Cost": 0.26, "Total Cost": 4.28, "Plan Rows": 1, "Plan Width": 4, "Recheck Cond": "(id = mc.company_id)", "Filter": "((country_code)::text = '[us]'::text)", "Plans": [{"Node Type": "Bitmap Index Scan", "Parent Relationship": "Outer", "Index Name": "company_name_pkey", "Startup Cost": 0.0, "Total Cost": 0.26, "Plan Rows": 1, "Plan Width": 0, "Index Cond": "(id = mc.company_id)"}]}]}, {"Node Type": "Bitmap Heap Scan", "Parent Relationship": "Inner", "Relation Name": "title", "Alias": "t", "Startup Cost": 0.3, "Total Cost": 4.32, "Plan Rows": 1, "Plan Width": 21, "Recheck Cond": "(id = ci.movie_id)", "Filter": "((production_year >= 2005) AND (production_year <= 2015))", "Plans": [{"Node Type": "Bitmap Index Scan", "Parent Relationship": "Outer", "Index Name": "title_pkey", "Startup Cost": 0.0, "Total Cost": 0.3, "Plan Rows": 1, "Plan Width": 0, "Index Cond": "(id = ci.movie_id)"}]}]}, {"Node Type": "Bitmap Heap Scan", "Parent Relationship": "Inner", "Relation Name": "name", "Alias": "n", "Startup Cost": 0.33, "Total Cost": 4.34, "Plan Rows": 1, "Plan Width": 4, "Recheck Cond": "(id = an.person_id)", "Filter": "(((name)::text ~~ '%Ang%'::text) AND ((gender)::text = 'f'::text))", "Plans": [{"Node Type": "Bitmap Index Scan", "Parent Relationship": "Outer", "Index Name": "name_pkey", "Startup Cost": 0.0, "Total Cost": 0.33, "Plan Rows": 1, "Plan Width": 0, "Index Cond": "(id = an.person_id)"}]}]}]}, "Unique SQL Id": 3431223514, "Planner Runtime": 14}, "explain_analyze_plan": null}, "(1, 72)": {"explain_plan": {"Plan": {"Node Type": "Aggregate", "Strategy": "Plain", "Startup Cost": 115024.12, "Total Cost": 115024.13, "Plan Rows": 1, "Plan Width": 145, "Plans": [{"Node Type": "Nested Loop", "Parent Relationship": "Outer", "Join Type": "Inner", "Startup Cost": 0.0, "Total Cost": 115024.11, "Plan Rows": 1, "Plan Width": 49, "Inner Unique": true, "Plans": [{"Node Type": "Nested Loop", "Parent Relationship": "Outer", "Join Type": "Inner", "Startup Cost": 0.0, "Total Cost": 115023.61, "Plan Rows": 1, "Plan Width": 40, "Inner Unique": true, "Plans": [{"Node Type": "Nested Loop", "Parent Relationship": "Outer", "Join Type": "Inner", "Startup Cost": 0.0, "Total Cost": 115022.6, "Plan Rows": 2, "Plan Width": 28, "Inner Unique": true, "Plans": [{"Node Type": "Nested Loop", "Parent Relationship": "Outer", "Join Type": "Inner", "Startup Cost": 0.0, "Total Cost": 115020.96, "Plan Rows": 5, "Plan Width": 32, "Inner Unique": false, "Plans": [{"Node Type": "Nested Loop", "Parent Relationship": "Outer", "Join Type": "Inner", "Startup Cost": 0.0, "Total Cost": 115015.35, "Plan Rows": 13, "Plan Width": 24, "Inner Unique": true, "Plans": [{"Node Type": "Nested Loop", "Parent Relationship": "Outer", "Join Type": "Inner", "Startup Cost": 0.0, "Total Cost": 114975.51, "Plan Rows": 141, "Plan Width": 28, "Inner Unique": false, "Join Filter": "(n.id = ci.person_id)", "Plans": [{"Node Type": "Nested Loop", "Parent Relationship": "Outer", "Join Type": "Inner", "Startup Cost": 0.0, "Total Cost": 114700.23, "Plan Rows": 115, "Plan Width": 24, "Inner Unique": false, "Plans": [{"Node Type": "Seq Scan", "Parent Relationship": "Outer", "Relation Name": "name", "Alias": "n", "Startup Cost": 0.0, "Total Cost": 113909.35, "Plan Rows": 96, "Plan Width": 4, "Filter": "(((name)::text ~~ '%Ang%'::text) AND ((gender)::text = 'f'::text))"}, {"Node Type": "Index Scan", "Parent Relationship": "Inner", "Scan Direction": "Forward", "Index Name": "person_id_aka_name", "Relation Name": "aka_name", "Alias": "an", "Startup Cost": 0.0, "Total Cost": 8.23, "Plan Rows": 1, "Plan Width": 20, "Index Cond": "(person_id = n.id)"}]}, {"Node Type": "Index Scan", "Parent Relationship": "Inner", "Scan Direction": "Forward", "Index Name": "person_id_cast_info", "Relation Name": "cast_info", "Alias": "ci", "Startup Cost": 0.0, "Total Cost": 2.38, "Plan Rows": 1, "Plan Width": 16, "Index Cond": "(person_id = an.person_id)", "Filter": "((note)::text = ANY ('{(voice),\"(voice: Japanese version)\",\"(voice) (uncredited)\",\"(voice: English version)\"}'::text[]))"}]}, {"Node Type": "Index Scan", "Parent Relationship": "Inner", "Scan Direction": "Forward", "Index Name": "role_type_pkey", "Relation Name": "role_type", "Alias": "rt", "Startup Cost": 0.0, "Total Cost": 0.27, "Plan Rows": 1, "Plan Width": 4, "Index Cond": "(id = ci.role_id)", "Filter": "((role)::text = 'actress'::text)"}]}, {"Node Type": "Index Scan", "Parent Relationship": "Inner", "Scan Direction": "Forward", "Index Name": "movie_id_movie_companies", "Relation Name": "movie_companies", "Alias": "mc", "Startup Cost": 0.0, "Total Cost": 0.42, "Plan Rows": 1, "Plan Width": 8, "Index Cond": "(movie_id = ci.movie_id)", "Filter": "((note IS NOT NULL) AND (((note)::text ~~ '%(USA)%'::text) OR ((note)::text ~~ '%(worldwide)%'::text)))"}]}, {"Node Type": "Index Scan", "Parent Relationship": "Inner", "Scan Direction": "Forward", "Index Name": "company_name_pkey", "Relation Name": "company_name", "Alias": "cn", "Startup Cost": 0.0, "Total Cost": 0.32, "Plan Rows": 1, "Plan Width": 4, "Index Cond": "(id = mc.company_id)", "Filter": "((country_code)::text = '[us]'::text)"}]}, {"Node Type": "Index Scan", "Parent Relationship": "Inner", "Scan Direction": "Forward", "Index Name": "char_name_pkey", "Relation Name": "char_name", "Alias": "chn", "Startup Cost": 0.0, "Total Cost": 0.5, "Plan Rows": 1, "Plan Width": 20, "Index Cond": "(id = ci.person_role_id)"}]}, {"Node Type": "Index Scan", "Parent Relationship": "Inner", "Scan Direction": "Forward", "Index Name": "title_pkey", "Relation Name": "title", "Alias": "t", "Startup Cost": 0.0, "Total Cost": 0.49, "Plan Rows": 1, "Plan Width": 21, "Index Cond": "(id = ci.movie_id)", "Filter": "((production_year >= 2005) AND (production_year <= 2015))"}]}]}, "Unique SQL Id": 3431223514, "Planner Runtime": 76}, "explain_analyze_plan": {"Plan": {"Node Type": "Aggregate", "Strategy": "Plain", "Startup Cost": 115024.12, "Total Cost": 115024.13, "Plan Rows": 1, "Plan Width": 145, "Actual Startup Time": 1704.318, "Actual Total Time": 1704.318, "Actual Rows": 1, "Actual Loops": 1, "Plans": [{"Node Type": "Nested Loop", "Parent Relationship": "Outer", "Join Type": "Inner", "Startup Cost": 0.0, "Total Cost": 115024.11, "Plan Rows": 1, "Plan Width": 49, "Actual Startup Time": 696.911, "Actual Total Time": 1704.072, "Actual Rows": 121, "Actual Loops": 1, "Inner Unique": true, "Plans": [{"Node Type": "Nested Loop", "Parent Relationship": "Outer", "Join Type": "Inner", "Startup Cost": 0.0, "Total Cost": 115023.61, "Plan Rows": 1, "Plan Width": 40, "Actual Startup Time": 689.255, "Actual Total Time": 1702.263, "Actual Rows": 341, "Actual Loops": 1, "Inner Unique": true, "Plans": [{"Node Type": "Nested Loop", "Parent Relationship": "Outer", "Join Type": "Inner", "Startup Cost": 0.0, "Total Cost": 115022.6, "Plan Rows": 2, "Plan Width": 28, "Actual Startup Time": 689.243, "Actual Total Time": 1700.623, "Actual Rows": 359, "Actual Loops": 1, "Inner Unique": true, "Plans": [{"Node Type": "Nested Loop", "Parent Relationship": "Outer", "Join Type": "Inner", "Startup Cost": 0.0, "Total Cost": 115020.96, "Plan Rows": 5, "Plan Width": 32, "Actual Startup Time": 689.227, "Actual Total Time": 1698.696, "Actual Rows": 373, "Actual Loops": 1, "Inner Unique": false, "Plans": [{"Node Type": "Nested Loop", "Parent Relationship": "Outer", "Join Type": "Inner", "Startup Cost": 0.0, "Total Cost": 115015.35, "Plan Rows": 13, "Plan Width": 24, "Actual Startup Time": 687.84, "Actual Total Time": 1694.526, "Actual Rows": 425, "Actual Loops": 1, "Inner Unique": true, "Plans": [{"Node Type": "Nested Loop", "Parent Relationship": "Outer", "Join Type": "Inner", "Startup Cost": 0.0, "Total Cost": 114975.51, "Plan Rows": 141, "Plan Width": 28, "Actual Startup Time": 687.826, "Actual Total Time": 1693.167, "Actual Rows": 425, "Actual Loops": 1, "Inner Unique": false, "Join Filter": "(n.id = ci.person_id)", "Rows Removed by Join Filter": 0, "Plans": [{"Node Type": "Nested Loop", "Parent Relationship": "Outer", "Join Type": "Inner", "Startup Cost": 0.0, "Total Cost": 114700.23, "Plan Rows": 115, "Plan Width": 24, "Actual Startup Time": 672.809, "Actual Total Time": 1643.882, "Actual Rows": 1558, "Actual Loops": 1, "Inner Unique": false, "Plans": [{"Node Type": "Seq Scan", "Parent Relationship": "Outer", "Relation Name": "name", "Alias": "n", "Startup Cost": 0.0, "Total Cost": 113909.35, "Plan Rows": 96, "Plan Width": 4, "Actual Startup Time": 671.098, "Actual Total Time": 1621.774, "Actual Rows": 6768, "Actual Loops": 1, "Filter": "(((name)::text ~~ '%Ang%'::text) AND ((gender)::text = 'f'::text))", "Rows Removed by Filter": 4160722}, {"Node Type": "Index Scan", "Parent Relationship": "Inner", "Scan Direction": "Forward", "Index Name": "person_id_aka_name", "Relation Name": "aka_name", "Alias": "an", "Startup Cost": 0.0, "Total Cost": 8.23, "Plan Rows": 1, "Plan Width": 20, "Actual Startup Time": 17.327, "Actual Total Time": 18.037, "Actual Rows": 1558, "Actual Loops": 6768, "Index Cond": "(person_id = n.id)", "Rows Removed by Index Recheck": 0}]}, {"Node Type": "Index Scan", "Parent Relationship": "Inner", "Scan Direction": "Forward", "Index Name": "person_id_cast_info", "Relation Name": "cast_info", "Alias": "ci", "Startup Cost": 0.0, "Total Cost": 2.38, "Plan Rows": 1, "Plan Width": 16, "Actual Startup Time": 43.363, "Actual Total Time": 48.09, "Actual Rows": 425, "Actual Loops": 1558, "Index Cond": "(person_id = an.person_id)", "Rows Removed by Index Recheck": 0, "Filter": "((note)::text = ANY ('{(voice),\"(voice: Japanese version)\",\"(voice) (uncredited)\",\"(voice: English version)\"}'::text[]))", "Rows Removed by Filter": 69057}]}, {"Node Type": "Index Scan", "Parent Relationship": "Inner", "Scan Direction": "Forward", "Index Name": "role_type_pkey", "Relation Name": "role_type", "Alias": "rt", "Startup Cost": 0.0, "Total Cost": 0.27, "Plan Rows": 1, "Plan Width": 4, "Actual Startup Time": 0.9, "Actual Total Time": 0.9, "Actual Rows": 425, "Actual Loops": 425, "Index Cond": "(id = ci.role_id)", "Rows Removed by Index Recheck": 0, "Filter": "((role)::text = 'actress'::text)", "Rows Removed by Filter": 0}]}, {"Node Type": "Index Scan", "Parent Relationship": "Inner", "Scan Direction": "Forward", "Index Name": "movie_id_movie_companies", "Relation Name": "movie_companies", "Alias": "mc", "Startup Cost": 0.0, "Total Cost": 0.42, "Plan Rows": 1, "Plan Width": 8, "Actual Startup Time": 2.584, "Actual Total Time": 3.726, "Actual Rows": 373, "Actual Loops": 425, "Index Cond": "(movie_id = ci.movie_id)", "Rows Removed by Index Recheck": 0, "Filter": "((note IS NOT NULL) AND (((note)::text ~~ '%(USA)%'::text) OR ((note)::text ~~ '%(worldwide)%'::text)))", "Rows Removed by Filter": 1538}]}, {"Node Type": "Index Scan", "Parent Relationship": "Inner", "Scan Direction": "Forward", "Index Name": "company_name_pkey", "Relation Name": "company_name", "Alias": "cn", "Startup Cost": 0.0, "Total Cost": 0.32, "Plan Rows": 1, "Plan Width": 4, "Actual Startup Time": 1.562, "Actual Total Time": 1.562, "Actual Rows": 359, "Actual Loops": 373, "Index Cond": "(id = mc.company_id)", "Rows Removed by Index Recheck": 0, "Filter": "((country_code)::text = '[us]'::text)", "Rows Removed by Filter": 14}]}, {"Node Type": "Index Scan", "Parent Relationship": "Inner", "Scan Direction": "Forward", "Index Name": "char_name_pkey", "Relation Name": "char_name", "Alias": "chn", "Startup Cost": 0.0, "Total Cost": 0.5, "Plan Rows": 1, "Plan Width": 20, "Actual Startup Time": 1.238, "Actual Total Time": 1.238, "Actual Rows": 341, "Actual Loops": 359, "Index Cond": "(id = ci.person_role_id)", "Rows Removed by Index Recheck": 0}]}, {"Node Type": "Index Scan", "Parent Relationship": "Inner", "Scan Direction": "Forward", "Index Name": "title_pkey", "Relation Name": "title", "Alias": "t", "Startup Cost": 0.0, "Total Cost": 0.49, "Plan Rows": 1, "Plan Width": 21, "Actual Startup Time": 1.522, "Actual Total Time": 1.522, "Actual Rows": 121, "Actual Loops": 341, "Index Cond": "(id = ci.movie_id)", "Rows Removed by Index Recheck": 0, "Filter": "((production_year >= 2005) AND (production_year <= 2015))", "Rows Removed by Filter": 220}]}]}, "Triggers": [], "Planner Runtime": 26, "Total Runtime": 1704.792, "Unique SQL Id": 3431223514}}, "(1, 73)": {"explain_plan": {"Plan": {"Node Type": "Aggregate", "Strategy": "Plain", "Startup Cost": 198184.97, "Total Cost": 198184.98, "Plan Rows": 1, "Plan Width": 145, "Plans": [{"Node Type": "Nested Loop", "Parent Relationship": "Outer", "Join Type": "Inner", "Startup Cost": 0.0, "Total Cost": 198184.96, "Plan Rows": 1, "Plan Width": 49, "Inner Unique": true, "Plans": [{"Node Type": "Nested Loop", "Parent Relationship": "Outer", "Join Type": "Inner", "Startup Cost": 0.0, "Total Cost": 198184.46, "Plan Rows": 1, "Plan Width": 40, "Inner Unique": true, "Plans": [{"Node Type": "Nested Loop", "Parent Relationship": "Outer", "Join Type": "Inner", "Startup Cost": 0.0, "Total Cost": 198183.44, "Plan Rows": 2, "Plan Width": 28, "Inner Unique": true, "Plans": [{"Node Type": "Nested Loop", "Parent Relationship": "Outer", "Join Type": "Inner", "Startup Cost": 0.0, "Total Cost": 198181.8, "Plan Rows": 5, "Plan Width": 32, "Inner Unique": false, "Plans": [{"Node Type": "Nested Loop", "Parent Relationship": "Outer", "Join Type": "Inner", "Startup Cost": 0.0, "Total Cost": 198176.2, "Plan Rows": 13, "Plan Width": 24, "Inner Unique": true, "Plans": [{"Node Type": "Nested Loop", "Parent Relationship": "Outer", "Join Type": "Inner", "Startup Cost": 0.0, "Total Cost": 198136.36, "Plan Rows": 141, "Plan Width": 28, "Inner Unique": false, "Join Filter": "(n.id = ci.person_id)", "Plans": [{"Node Type": "Nested Loop", "Parent Relationship": "Outer", "Join Type": "Inner", "Startup Cost": 0.0, "Total Cost": 197861.08, "Plan Rows": 115, "Plan Width": 24, "Inner Unique": false, "Plans": [{"Node Type": "Index Scan", "Parent Relationship": "Outer", "Scan Direction": "Forward", "Index Name": "name_pkey", "Relation Name": "name", "Alias": "n", "Startup Cost": 0.0, "Total Cost": 197070.2, "Plan Rows": 96, "Plan Width": 4, "Filter": "(((name)::text ~~ '%Ang%'::text) AND ((gender)::text = 'f'::text))"}, {"Node Type": "Index Scan", "Parent Relationship": "Inner", "Scan Direction": "Forward", "Index Name": "person_id_aka_name", "Relation Name": "aka_name", "Alias": "an", "Startup Cost": 0.0, "Total Cost": 8.23, "Plan Rows": 1, "Plan Width": 20, "Index Cond": "(person_id = n.id)"}]}, {"Node Type": "Index Scan", "Parent Relationship": "Inner", "Scan Direction": "Forward", "Index Name": "person_id_cast_info", "Relation Name": "cast_info", "Alias": "ci", "Startup Cost": 0.0, "Total Cost": 2.38, "Plan Rows": 1, "Plan Width": 16, "Index Cond": "(person_id = an.person_id)", "Filter": "((note)::text = ANY ('{(voice),\"(voice: Japanese version)\",\"(voice) (uncredited)\",\"(voice: English version)\"}'::text[]))"}]}, {"Node Type": "Index Scan", "Parent Relationship": "Inner", "Scan Direction": "Forward", "Index Name": "role_type_pkey", "Relation Name": "role_type", "Alias": "rt", "Startup Cost": 0.0, "Total Cost": 0.27, "Plan Rows": 1, "Plan Width": 4, "Index Cond": "(id = ci.role_id)", "Filter": "((role)::text = 'actress'::text)"}]}, {"Node Type": "Index Scan", "Parent Relationship": "Inner", "Scan Direction": "Forward", "Index Name": "movie_id_movie_companies", "Relation Name": "movie_companies", "Alias": "mc", "Startup Cost": 0.0, "Total Cost": 0.42, "Plan Rows": 1, "Plan Width": 8, "Index Cond": "(movie_id = ci.movie_id)", "Filter": "((note IS NOT NULL) AND (((note)::text ~~ '%(USA)%'::text) OR ((note)::text ~~ '%(worldwide)%'::text)))"}]}, {"Node Type": "Index Scan", "Parent Relationship": "Inner", "Scan Direction": "Forward", "Index Name": "company_name_pkey", "Relation Name": "company_name", "Alias": "cn", "Startup Cost": 0.0, "Total Cost": 0.32, "Plan Rows": 1, "Plan Width": 4, "Index Cond": "(id = mc.company_id)", "Filter": "((country_code)::text = '[us]'::text)"}]}, {"Node Type": "Index Scan", "Parent Relationship": "Inner", "Scan Direction": "Forward", "Index Name": "char_name_pkey", "Relation Name": "char_name", "Alias": "chn", "Startup Cost": 0.0, "Total Cost": 0.5, "Plan Rows": 1, "Plan Width": 20, "Index Cond": "(id = ci.person_role_id)"}]}, {"Node Type": "Index Scan", "Parent Relationship": "Inner", "Scan Direction": "Forward", "Index Name": "title_pkey", "Relation Name": "title", "Alias": "t", "Startup Cost": 0.0, "Total Cost": 0.49, "Plan Rows": 1, "Plan Width": 21, "Index Cond": "(id = ci.movie_id)", "Filter": "((production_year >= 2005) AND (production_year <= 2015))"}]}]}, "Unique SQL Id": 3431223514, "Planner Runtime": 65}, "explain_analyze_plan": null}, "(1, 74)": {"explain_plan": {"Plan": {"Node Type": "Aggregate", "Strategy": "Plain", "Startup Cost": 1169472.39, "Total Cost": 1169472.4, "Plan Rows": 1, "Plan Width": 145, "Plans": [{"Node Type": "Hash Join", "Parent Relationship": "Outer", "Join Type": "Inner", "Startup Cost": 1074500.97, "Total Cost": 1169472.37, "Plan Rows": 2, "Plan Width": 49, "Inner Unique": true, "Hash Cond": "(mc.company_id = cn.id)", "Plans": [{"Node Type": "Hash Join", "Parent Relationship": "Outer", "Join Type": "Inner", "Startup Cost": 1067532.89, "Total Cost": 1162504.28, "Plan Rows": 2, "Plan Width": 53, "Inner Unique": true, "Hash Cond": "(ci.movie_id = t.id)", "Plans": [{"Node Type": "Hash Join", "Parent Relationship": "Outer", "Join Type": "Inner", "Startup Cost": 980956.93, "Total Cost": 1075928.28, "Plan Rows": 2, "Plan Width": 44, "Inner Unique": false, "Hash Cond": "(chn.id = ci.person_role_id)", "Plans": [{"Node Type": "Seq Scan", "Parent Relationship": "Outer", "Relation Name": "char_name", "Alias": "chn", "Startup Cost": 0.0, "Total Cost": 67493.38, "Plan Rows": 3140338, "Plan Width": 20}, {"Node Type": "Hash", "Parent Relationship": "Inner", "Startup Cost": 980956.86, "Total Cost": 980956.86, "Plan Rows": 5, "Plan Width": 32, "Plans": [{"Node Type": "Hash Join", "Parent Relationship": "Outer", "Join Type": "Inner", "Startup Cost": 195193.2, "Total Cost": 980956.86, "Plan Rows": 5, "Plan Width": 32, "Inner Unique": false, "Hash Cond": "(ci.movie_id = mc.movie_id)", "Plans": [{"Node Type": "Hash Join", "Parent Relationship": "Outer", "Join Type": "Inner", "Startup Cost": 136616.88, "Total Cost": 922377.16, "Plan Rows": 13, "Plan Width": 24, "Inner Unique": true, "Hash Cond": "(ci.role_id = rt.id)", "Plans": [{"Node Type": "Hash Join", "Parent Relationship": "Outer", "Join Type": "Inner", "Startup Cost": 136615.72, "Total Cost": 922375.34, "Plan Rows": 141, "Plan Width": 28, "Inner Unique": false, "Hash Cond": "(ci.person_id = n.id)", "Plans": [{"Node Type": "Seq Scan", "Parent Relationship": "Outer", "Relation Name": "cast_info", "Alias": "ci", "Startup Cost": 0.0, "Total Cost": 783175.41, "Plan Rows": 833163, "Plan Width": 16, "Filter": "((note)::text = ANY ('{(voice),\"(voice: Japanese version)\",\"(voice) (uncredited)\",\"(voice: English version)\"}'::text[]))"}, {"Node Type": "Hash", "Parent Relationship": "Inner", "Startup Cost": 136614.28, "Total Cost": 136614.28, "Plan Rows": 115, "Plan Width": 24, "Plans": [{"Node Type": "Hash Join", "Parent Relationship": "Outer", "Join Type": "Inner", "Startup Cost": 113910.55, "Total Cost": 136614.28, "Plan Rows": 115, "Plan Width": 24, "Inner Unique": true, "Hash Cond": "(an.person_id = n.id)", "Plans": [{"Node Type": "Seq Scan", "Parent Relationship": "Outer", "Relation Name": "aka_name", "Alias": "an", "Startup Cost": 0.0, "Total Cost": 19908.42, "Plan Rows": 901342, "Plan Width": 20}, {"Node Type": "Hash", "Parent Relationship": "Inner", "Startup Cost": 113909.35, "Total Cost": 113909.35, "Plan Rows": 96, "Plan Width": 4, "Plans": [{"Node Type": "Seq Scan", "Parent Relationship": "Outer", "Relation Name": "name", "Alias": "n", "Startup Cost": 0.0, "Total Cost": 113909.35, "Plan Rows": 96, "Plan Width": 4, "Filter": "(((name)::text ~~ '%Ang%'::text) AND ((gender)::text = 'f'::text))"}]}]}]}]}, {"Node Type": "Hash", "Parent Relationship": "Inner", "Startup Cost": 1.15, "Total Cost": 1.15, "Plan Rows": 1, "Plan Width": 4, "Plans": [{"Node Type": "Seq Scan", "Parent Relationship": "Outer", "Relation Name": "role_type", "Alias": "rt", "Startup Cost": 0.0, "Total Cost": 1.15, "Plan Rows": 1, "Plan Width": 4, "Filter": "((role)::text = 'actress'::text)"}]}]}, {"Node Type": "Hash", "Parent Relationship": "Inner", "Startup Cost": 54862.92, "Total Cost": 54862.92, "Plan Rows": 297072, "Plan Width": 8, "Plans": [{"Node Type": "Seq Scan", "Parent Relationship": "Outer", "Relation Name": "movie_companies", "Alias": "mc", "Startup Cost": 0.0, "Total Cost": 54862.92, "Plan Rows": 297072, "Plan Width": 8, "Filter": "((note IS NOT NULL) AND (((note)::text ~~ '%(USA)%'::text) OR ((note)::text ~~ '%(worldwide)%'::text))), (LLVM Optimized)"}]}]}]}]}, {"Node Type": "Hash", "Parent Relationship": "Inner", "Startup Cost": 72710.67, "Total Cost": 72710.67, "Plan Rows": 1109224, "Plan Width": 21, "Plans": [{"Node Type": "Seq Scan", "Parent Relationship": "Outer", "Relation Name": "title", "Alias": "t", "Startup Cost": 324.95, "Total Cost": 72710.67, "Plan Rows": 1109224, "Plan Width": 21, "Filter": "((production_year >= 2005) AND (production_year <= 2015)), (LLVM Optimized)"}]}]}, {"Node Type": "Hash", "Parent Relationship": "Inner", "Startup Cost": 5903.45, "Total Cost": 5903.45, "Plan Rows": 85170, "Plan Width": 4, "Plans": [{"Node Type": "Seq Scan", "Parent Relationship": "Outer", "Relation Name": "company_name", "Alias": "cn", "Startup Cost": 0.0, "Total Cost": 5903.45, "Plan Rows": 85170, "Plan Width": 4, "Filter": "((country_code)::text = '[us]'::text)"}]}]}]}, "Unique SQL Id": 3431223514, "Planner Runtime": 98}, "explain_analyze_plan": null}, "(1, 75)": {"explain_plan": {"Plan": {"Node Type": "Aggregate", "Strategy": "Plain", "Startup Cost": 7329418129133.29, "Total Cost": 7329418129133.3, "Plan Rows": 1, "Plan Width": 145, "Plans": [{"Node Type": "Hash Join", "Parent Relationship": "Outer", "Join Type": "Inner", "Startup Cost": 5350274202025.58, "Total Cost": 7329418129133.27, "Plan Rows": 2, "Plan Width": 49, "Inner Unique": true, "Hash Cond": "(mc.company_id = cn.id)", "Plans": [{"Node Type": "Merge Join", "Parent Relationship": "Outer", "Join Type": "Inner", "Startup Cost": 4350273150821.99, "Total Cost": 6329417077929.65, "Plan Rows": 2, "Plan Width": 53, "Inner Unique": true, "Merge Cond": "(ci.movie_id = t.id)", "Plans": [{"Node Type": "Merge Join", "Parent Relationship": "Outer", "Join Type": "Inner", "Startup Cost": 4340273150821.99, "Total Cost": 5330287508074.84, "Plan Rows": 2, "Plan Width": 44, "Inner Unique": false, "Merge Cond": "(mc.movie_id = ci.movie_id)", "Plans": [{"Node Type": "Index Scan", "Parent Relationship": "Outer", "Scan Direction": "Forward", "Index Name": "movie_id_movie_companies", "Relation Name": "movie_companies", "Alias": "mc", "Startup Cost": 10000000000.0, "Total Cost": 1000014356510.13, "Plan Rows": 297072, "Plan Width": 8, "Filter": "((note IS NOT NULL) AND (((note)::text ~~ '%(USA)%'::text) OR ((note)::text ~~ '%(worldwide)%'::text))), (LLVM Optimized)"}, {"Node Type": "Sort", "Parent Relationship": "Inner", "Startup Cost": 4330273150821.99, "Total Cost": 4330273150822.0, "Plan Rows": 6, "Plan Width": 36, "Sort Key": ["ci.movie_id"], "Plans": [{"Node Type": "Merge Join", "Parent Relationship": "Outer", "Join Type": "Inner", "Startup Cost": 2510047083971.88, "Total Cost": 4330273150821.91, "Plan Rows": 6, "Plan Width": 36, "Inner Unique": true, "Merge Cond": "(ci.person_id = n.id)", "Plans": [{"Node Type": "Merge Join", "Parent Relationship": "Outer", "Join Type": "Inner", "Startup Cost": 2500027729291.02, "Total Cost": 3350878854254.41, "Plan Rows": 43961, "Plan Width": 44, "Inner Unique": false, "Merge Cond": "(ci.person_id = an.person_id)", "Plans": [{"Node Type": "Sort", "Parent Relationship": "Outer", "Startup Cost": 2490027729291.02, "Total Cost": 2490027729382.81, "Plan Rows": 36717, "Plan Width": 24, "Sort Key": ["ci.person_id"], "Plans": [{"Node Type": "Hash Join", "Parent Relationship": "Outer", "Join Type": "Inner", "Startup Cost": 1059427184468.88, "Total Cost": 2490027726507.1, "Plan Rows": 36717, "Plan Width": 24, "Inner Unique": true, "Hash Cond": "(ci.role_id = rt.id)", "Plans": [{"Node Type": "Merge Join", "Parent Relationship": "Outer", "Join Type": "Inner", "Startup Cost": 59427183222.87, "Total Cost": 1490027723881.67, "Plan Rows": 403890, "Plan Width": 28, "Inner Unique": false, "Merge Cond": "(chn.id = ci.person_role_id)", "Plans": [{"Node Type": "Index Scan", "Parent Relationship": "Outer", "Scan Direction": "Forward", "Index Name": "char_name_pkey", "Relation Name": "char_name", "Alias": "chn", "Startup Cost": 10000000000.0, "Total Cost": 1000012987545.51, "Plan Rows": 3140338, "Plan Width": 20}, {"Node Type": "Index Scan", "Parent Relationship": "Inner", "Scan Direction": "Forward", "Index Name": "person_role_id_cast_info", "Relation Name": "cast_info", "Alias": "ci", "Startup Cost": 10000000000.0, "Total Cost": 1000211315681.48, "Plan Rows": 833163, "Plan Width": 16, "Filter": "((note)::text = ANY ('{(voice),\"(voice: Japanese version)\",\"(voice) (uncredited)\",\"(voice: English version)\"}'::text[]))"}]}, {"Node Type": "Hash", "Parent Relationship": "Inner", "Startup Cost": 1000000001246.0, "Total Cost": 1000000001246.0, "Plan Rows": 1, "Plan Width": 4, "Plans": [{"Node Type": "Index Scan", "Parent Relationship": "Outer", "Scan Direction": "Forward", "Index Name": "role_type_pkey", "Relation Name": "role_type", "Alias": "rt", "Startup Cost": 10000000000.0, "Total Cost": 1000000001246.0, "Plan Rows": 1, "Plan Width": 4, "Filter": "((role)::text = 'actress'::text)"}]}]}]}, {"Node Type": "Index Scan", "Parent Relationship": "Inner", "Scan Direction": "Forward", "Index Name": "person_id_aka_name", "Relation Name": "aka_name", "Alias": "an", "Startup Cost": 10000000000.0, "Total Cost": 1000006896503.43, "Plan Rows": 901342, "Plan Width": 20}]}, {"Node Type": "Index Scan", "Parent Relationship": "Inner", "Scan Direction": "Forward", "Index Name": "name_pkey", "Relation Name": "name", "Alias": "n", "Startup Cost": 10000000000.0, "Total Cost": 1000019707019.7, "Plan Rows": 96, "Plan Width": 4, "Filter": "(((name)::text ~~ '%Ang%'::text) AND ((gender)::text = 'f'::text))"}]}]}]}, {"Node Type": "Index Scan", "Parent Relationship": "Inner", "Scan Direction": "Forward", "Index Name": "title_pkey", "Relation Name": "title", "Alias": "t", "Startup Cost": 10000000000.0, "Total Cost": 1000012276204.41, "Plan Rows": 1109224, "Plan Width": 21, "Filter": "((production_year >= 2005) AND (production_year <= 2015)), (LLVM Optimized)"}]}, {"Node Type": "Hash", "Parent Relationship": "Inner", "Startup Cost": 1000001050138.97, "Total Cost": 1000001050138.97, "Plan Rows": 85170, "Plan Width": 4, "Plans": [{"Node Type": "Index Scan", "Parent Relationship": "Outer", "Scan Direction": "Forward", "Index Name": "company_name_pkey", "Relation Name": "company_name", "Alias": "cn", "Startup Cost": 10000000000.0, "Total Cost": 1000001050138.97, "Plan Rows": 85170, "Plan Width": 4, "Filter": "((country_code)::text = '[us]'::text)"}]}]}]}, "Unique SQL Id": 3431223514, "Planner Runtime": 224}, "explain_analyze_plan": null}, "(1, 76)": {"explain_plan": {"Plan": {"Node Type": "Aggregate", "Strategy": "Plain", "Startup Cost": 115024.12, "Total Cost": 115024.13, "Plan Rows": 1, "Plan Width": 145, "Plans": [{"Node Type": "Nested Loop", "Parent Relationship": "Outer", "Join Type": "Inner", "Startup Cost": 0.0, "Total Cost": 115024.11, "Plan Rows": 1, "Plan Width": 49, "Inner Unique": true, "Plans": [{"Node Type": "Nested Loop", "Parent Relationship": "Outer", "Join Type": "Inner", "Startup Cost": 0.0, "Total Cost": 115023.61, "Plan Rows": 1, "Plan Width": 40, "Inner Unique": true, "Plans": [{"Node Type": "Nested Loop", "Parent Relationship": "Outer", "Join Type": "Inner", "Startup Cost": 0.0, "Total Cost": 115022.6, "Plan Rows": 2, "Plan Width": 28, "Inner Unique": true, "Plans": [{"Node Type": "Nested Loop", "Parent Relationship": "Outer", "Join Type": "Inner", "Startup Cost": 0.0, "Total Cost": 115020.96, "Plan Rows": 5, "Plan Width": 32, "Inner Unique": false, "Plans": [{"Node Type": "Nested Loop", "Parent Relationship": "Outer", "Join Type": "Inner", "Startup Cost": 0.0, "Total Cost": 115015.35, "Plan Rows": 13, "Plan Width": 24, "Inner Unique": true, "Plans": [{"Node Type": "Nested Loop", "Parent Relationship": "Outer", "Join Type": "Inner", "Startup Cost": 0.0, "Total Cost": 114975.51, "Plan Rows": 141, "Plan Width": 28, "Inner Unique": false, "Join Filter": "(n.id = ci.person_id)", "Plans": [{"Node Type": "Nested Loop", "Parent Relationship": "Outer", "Join Type": "Inner", "Startup Cost": 0.0, "Total Cost": 114700.23, "Plan Rows": 115, "Plan Width": 24, "Inner Unique": false, "Plans": [{"Node Type": "Seq Scan", "Parent Relationship": "Outer", "Relation Name": "name", "Alias": "n", "Startup Cost": 0.0, "Total Cost": 113909.35, "Plan Rows": 96, "Plan Width": 4, "Filter": "(((name)::text ~~ '%Ang%'::text) AND ((gender)::text = 'f'::text))"}, {"Node Type": "Index Scan", "Parent Relationship": "Inner", "Scan Direction": "Forward", "Index Name": "person_id_aka_name", "Relation Name": "aka_name", "Alias": "an", "Startup Cost": 0.0, "Total Cost": 8.23, "Plan Rows": 1, "Plan Width": 20, "Index Cond": "(person_id = n.id)"}]}, {"Node Type": "Index Scan", "Parent Relationship": "Inner", "Scan Direction": "Forward", "Index Name": "person_id_cast_info", "Relation Name": "cast_info", "Alias": "ci", "Startup Cost": 0.0, "Total Cost": 2.38, "Plan Rows": 1, "Plan Width": 16, "Index Cond": "(person_id = an.person_id)", "Filter": "((note)::text = ANY ('{(voice),\"(voice: Japanese version)\",\"(voice) (uncredited)\",\"(voice: English version)\"}'::text[]))"}]}, {"Node Type": "Index Scan", "Parent Relationship": "Inner", "Scan Direction": "Forward", "Index Name": "role_type_pkey", "Relation Name": "role_type", "Alias": "rt", "Startup Cost": 0.0, "Total Cost": 0.27, "Plan Rows": 1, "Plan Width": 4, "Index Cond": "(id = ci.role_id)", "Filter": "((role)::text = 'actress'::text)"}]}, {"Node Type": "Index Scan", "Parent Relationship": "Inner", "Scan Direction": "Forward", "Index Name": "movie_id_movie_companies", "Relation Name": "movie_companies", "Alias": "mc", "Startup Cost": 0.0, "Total Cost": 0.42, "Plan Rows": 1, "Plan Width": 8, "Index Cond": "(movie_id = ci.movie_id)", "Filter": "((note IS NOT NULL) AND (((note)::text ~~ '%(USA)%'::text) OR ((note)::text ~~ '%(worldwide)%'::text)))"}]}, {"Node Type": "Index Scan", "Parent Relationship": "Inner", "Scan Direction": "Forward", "Index Name": "company_name_pkey", "Relation Name": "company_name", "Alias": "cn", "Startup Cost": 0.0, "Total Cost": 0.32, "Plan Rows": 1, "Plan Width": 4, "Index Cond": "(id = mc.company_id)", "Filter": "((country_code)::text = '[us]'::text)"}]}, {"Node Type": "Index Scan", "Parent Relationship": "Inner", "Scan Direction": "Forward", "Index Name": "char_name_pkey", "Relation Name": "char_name", "Alias": "chn", "Startup Cost": 0.0, "Total Cost": 0.5, "Plan Rows": 1, "Plan Width": 20, "Index Cond": "(id = ci.person_role_id)"}]}, {"Node Type": "Index Scan", "Parent Relationship": "Inner", "Scan Direction": "Forward", "Index Name": "title_pkey", "Relation Name": "title", "Alias": "t", "Startup Cost": 0.0, "Total Cost": 0.49, "Plan Rows": 1, "Plan Width": 21, "Index Cond": "(id = ci.movie_id)", "Filter": "((production_year >= 2005) AND (production_year <= 2015))"}]}]}, "Unique SQL Id": 3431223514, "Planner Runtime": 76}, "explain_analyze_plan": {"Plan": {"Node Type": "Aggregate", "Strategy": "Plain", "Startup Cost": 115024.12, "Total Cost": 115024.13, "Plan Rows": 1, "Plan Width": 145, "Actual Startup Time": 1704.318, "Actual Total Time": 1704.318, "Actual Rows": 1, "Actual Loops": 1, "Plans": [{"Node Type": "Nested Loop", "Parent Relationship": "Outer", "Join Type": "Inner", "Startup Cost": 0.0, "Total Cost": 115024.11, "Plan Rows": 1, "Plan Width": 49, "Actual Startup Time": 696.911, "Actual Total Time": 1704.072, "Actual Rows": 121, "Actual Loops": 1, "Inner Unique": true, "Plans": [{"Node Type": "Nested Loop", "Parent Relationship": "Outer", "Join Type": "Inner", "Startup Cost": 0.0, "Total Cost": 115023.61, "Plan Rows": 1, "Plan Width": 40, "Actual Startup Time": 689.255, "Actual Total Time": 1702.263, "Actual Rows": 341, "Actual Loops": 1, "Inner Unique": true, "Plans": [{"Node Type": "Nested Loop", "Parent Relationship": "Outer", "Join Type": "Inner", "Startup Cost": 0.0, "Total Cost": 115022.6, "Plan Rows": 2, "Plan Width": 28, "Actual Startup Time": 689.243, "Actual Total Time": 1700.623, "Actual Rows": 359, "Actual Loops": 1, "Inner Unique": true, "Plans": [{"Node Type": "Nested Loop", "Parent Relationship": "Outer", "Join Type": "Inner", "Startup Cost": 0.0, "Total Cost": 115020.96, "Plan Rows": 5, "Plan Width": 32, "Actual Startup Time": 689.227, "Actual Total Time": 1698.696, "Actual Rows": 373, "Actual Loops": 1, "Inner Unique": false, "Plans": [{"Node Type": "Nested Loop", "Parent Relationship": "Outer", "Join Type": "Inner", "Startup Cost": 0.0, "Total Cost": 115015.35, "Plan Rows": 13, "Plan Width": 24, "Actual Startup Time": 687.84, "Actual Total Time": 1694.526, "Actual Rows": 425, "Actual Loops": 1, "Inner Unique": true, "Plans": [{"Node Type": "Nested Loop", "Parent Relationship": "Outer", "Join Type": "Inner", "Startup Cost": 0.0, "Total Cost": 114975.51, "Plan Rows": 141, "Plan Width": 28, "Actual Startup Time": 687.826, "Actual Total Time": 1693.167, "Actual Rows": 425, "Actual Loops": 1, "Inner Unique": false, "Join Filter": "(n.id = ci.person_id)", "Rows Removed by Join Filter": 0, "Plans": [{"Node Type": "Nested Loop", "Parent Relationship": "Outer", "Join Type": "Inner", "Startup Cost": 0.0, "Total Cost": 114700.23, "Plan Rows": 115, "Plan Width": 24, "Actual Startup Time": 672.809, "Actual Total Time": 1643.882, "Actual Rows": 1558, "Actual Loops": 1, "Inner Unique": false, "Plans": [{"Node Type": "Seq Scan", "Parent Relationship": "Outer", "Relation Name": "name", "Alias": "n", "Startup Cost": 0.0, "Total Cost": 113909.35, "Plan Rows": 96, "Plan Width": 4, "Actual Startup Time": 671.098, "Actual Total Time": 1621.774, "Actual Rows": 6768, "Actual Loops": 1, "Filter": "(((name)::text ~~ '%Ang%'::text) AND ((gender)::text = 'f'::text))", "Rows Removed by Filter": 4160722}, {"Node Type": "Index Scan", "Parent Relationship": "Inner", "Scan Direction": "Forward", "Index Name": "person_id_aka_name", "Relation Name": "aka_name", "Alias": "an", "Startup Cost": 0.0, "Total Cost": 8.23, "Plan Rows": 1, "Plan Width": 20, "Actual Startup Time": 17.327, "Actual Total Time": 18.037, "Actual Rows": 1558, "Actual Loops": 6768, "Index Cond": "(person_id = n.id)", "Rows Removed by Index Recheck": 0}]}, {"Node Type": "Index Scan", "Parent Relationship": "Inner", "Scan Direction": "Forward", "Index Name": "person_id_cast_info", "Relation Name": "cast_info", "Alias": "ci", "Startup Cost": 0.0, "Total Cost": 2.38, "Plan Rows": 1, "Plan Width": 16, "Actual Startup Time": 43.363, "Actual Total Time": 48.09, "Actual Rows": 425, "Actual Loops": 1558, "Index Cond": "(person_id = an.person_id)", "Rows Removed by Index Recheck": 0, "Filter": "((note)::text = ANY ('{(voice),\"(voice: Japanese version)\",\"(voice) (uncredited)\",\"(voice: English version)\"}'::text[]))", "Rows Removed by Filter": 69057}]}, {"Node Type": "Index Scan", "Parent Relationship": "Inner", "Scan Direction": "Forward", "Index Name": "role_type_pkey", "Relation Name": "role_type", "Alias": "rt", "Startup Cost": 0.0, "Total Cost": 0.27, "Plan Rows": 1, "Plan Width": 4, "Actual Startup Time": 0.9, "Actual Total Time": 0.9, "Actual Rows": 425, "Actual Loops": 425, "Index Cond": "(id = ci.role_id)", "Rows Removed by Index Recheck": 0, "Filter": "((role)::text = 'actress'::text)", "Rows Removed by Filter": 0}]}, {"Node Type": "Index Scan", "Parent Relationship": "Inner", "Scan Direction": "Forward", "Index Name": "movie_id_movie_companies", "Relation Name": "movie_companies", "Alias": "mc", "Startup Cost": 0.0, "Total Cost": 0.42, "Plan Rows": 1, "Plan Width": 8, "Actual Startup Time": 2.584, "Actual Total Time": 3.726, "Actual Rows": 373, "Actual Loops": 425, "Index Cond": "(movie_id = ci.movie_id)", "Rows Removed by Index Recheck": 0, "Filter": "((note IS NOT NULL) AND (((note)::text ~~ '%(USA)%'::text) OR ((note)::text ~~ '%(worldwide)%'::text)))", "Rows Removed by Filter": 1538}]}, {"Node Type": "Index Scan", "Parent Relationship": "Inner", "Scan Direction": "Forward", "Index Name": "company_name_pkey", "Relation Name": "company_name", "Alias": "cn", "Startup Cost": 0.0, "Total Cost": 0.32, "Plan Rows": 1, "Plan Width": 4, "Actual Startup Time": 1.562, "Actual Total Time": 1.562, "Actual Rows": 359, "Actual Loops": 373, "Index Cond": "(id = mc.company_id)", "Rows Removed by Index Recheck": 0, "Filter": "((country_code)::text = '[us]'::text)", "Rows Removed by Filter": 14}]}, {"Node Type": "Index Scan", "Parent Relationship": "Inner", "Scan Direction": "Forward", "Index Name": "char_name_pkey", "Relation Name": "char_name", "Alias": "chn", "Startup Cost": 0.0, "Total Cost": 0.5, "Plan Rows": 1, "Plan Width": 20, "Actual Startup Time": 1.238, "Actual Total Time": 1.238, "Actual Rows": 341, "Actual Loops": 359, "Index Cond": "(id = ci.person_role_id)", "Rows Removed by Index Recheck": 0}]}, {"Node Type": "Index Scan", "Parent Relationship": "Inner", "Scan Direction": "Forward", "Index Name": "title_pkey", "Relation Name": "title", "Alias": "t", "Startup Cost": 0.0, "Total Cost": 0.49, "Plan Rows": 1, "Plan Width": 21, "Actual Startup Time": 1.522, "Actual Total Time": 1.522, "Actual Rows": 121, "Actual Loops": 341, "Index Cond": "(id = ci.movie_id)", "Rows Removed by Index Recheck": 0, "Filter": "((production_year >= 2005) AND (production_year <= 2015))", "Rows Removed by Filter": 220}]}]}, "Triggers": [], "Planner Runtime": 26, "Total Runtime": 1704.792, "Unique SQL Id": 3431223514}}, "(1, 77)": {"explain_plan": {"Plan": {"Node Type": "Aggregate", "Strategy": "Plain", "Startup Cost": 198184.97, "Total Cost": 198184.98, "Plan Rows": 1, "Plan Width": 145, "Plans": [{"Node Type": "Nested Loop", "Parent Relationship": "Outer", "Join Type": "Inner", "Startup Cost": 0.0, "Total Cost": 198184.96, "Plan Rows": 1, "Plan Width": 49, "Inner Unique": true, "Plans": [{"Node Type": "Nested Loop", "Parent Relationship": "Outer", "Join Type": "Inner", "Startup Cost": 0.0, "Total Cost": 198184.46, "Plan Rows": 1, "Plan Width": 40, "Inner Unique": true, "Plans": [{"Node Type": "Nested Loop", "Parent Relationship": "Outer", "Join Type": "Inner", "Startup Cost": 0.0, "Total Cost": 198183.44, "Plan Rows": 2, "Plan Width": 28, "Inner Unique": true, "Plans": [{"Node Type": "Nested Loop", "Parent Relationship": "Outer", "Join Type": "Inner", "Startup Cost": 0.0, "Total Cost": 198181.8, "Plan Rows": 5, "Plan Width": 32, "Inner Unique": false, "Plans": [{"Node Type": "Nested Loop", "Parent Relationship": "Outer", "Join Type": "Inner", "Startup Cost": 0.0, "Total Cost": 198176.2, "Plan Rows": 13, "Plan Width": 24, "Inner Unique": true, "Plans": [{"Node Type": "Nested Loop", "Parent Relationship": "Outer", "Join Type": "Inner", "Startup Cost": 0.0, "Total Cost": 198136.36, "Plan Rows": 141, "Plan Width": 28, "Inner Unique": false, "Join Filter": "(n.id = ci.person_id)", "Plans": [{"Node Type": "Nested Loop", "Parent Relationship": "Outer", "Join Type": "Inner", "Startup Cost": 0.0, "Total Cost": 197861.08, "Plan Rows": 115, "Plan Width": 24, "Inner Unique": false, "Plans": [{"Node Type": "Index Scan", "Parent Relationship": "Outer", "Scan Direction": "Forward", "Index Name": "name_pkey", "Relation Name": "name", "Alias": "n", "Startup Cost": 0.0, "Total Cost": 197070.2, "Plan Rows": 96, "Plan Width": 4, "Filter": "(((name)::text ~~ '%Ang%'::text) AND ((gender)::text = 'f'::text))"}, {"Node Type": "Index Scan", "Parent Relationship": "Inner", "Scan Direction": "Forward", "Index Name": "person_id_aka_name", "Relation Name": "aka_name", "Alias": "an", "Startup Cost": 0.0, "Total Cost": 8.23, "Plan Rows": 1, "Plan Width": 20, "Index Cond": "(person_id = n.id)"}]}, {"Node Type": "Index Scan", "Parent Relationship": "Inner", "Scan Direction": "Forward", "Index Name": "person_id_cast_info", "Relation Name": "cast_info", "Alias": "ci", "Startup Cost": 0.0, "Total Cost": 2.38, "Plan Rows": 1, "Plan Width": 16, "Index Cond": "(person_id = an.person_id)", "Filter": "((note)::text = ANY ('{(voice),\"(voice: Japanese version)\",\"(voice) (uncredited)\",\"(voice: English version)\"}'::text[]))"}]}, {"Node Type": "Index Scan", "Parent Relationship": "Inner", "Scan Direction": "Forward", "Index Name": "role_type_pkey", "Relation Name": "role_type", "Alias": "rt", "Startup Cost": 0.0, "Total Cost": 0.27, "Plan Rows": 1, "Plan Width": 4, "Index Cond": "(id = ci.role_id)", "Filter": "((role)::text = 'actress'::text)"}]}, {"Node Type": "Index Scan", "Parent Relationship": "Inner", "Scan Direction": "Forward", "Index Name": "movie_id_movie_companies", "Relation Name": "movie_companies", "Alias": "mc", "Startup Cost": 0.0, "Total Cost": 0.42, "Plan Rows": 1, "Plan Width": 8, "Index Cond": "(movie_id = ci.movie_id)", "Filter": "((note IS NOT NULL) AND (((note)::text ~~ '%(USA)%'::text) OR ((note)::text ~~ '%(worldwide)%'::text)))"}]}, {"Node Type": "Index Scan", "Parent Relationship": "Inner", "Scan Direction": "Forward", "Index Name": "company_name_pkey", "Relation Name": "company_name", "Alias": "cn", "Startup Cost": 0.0, "Total Cost": 0.32, "Plan Rows": 1, "Plan Width": 4, "Index Cond": "(id = mc.company_id)", "Filter": "((country_code)::text = '[us]'::text)"}]}, {"Node Type": "Index Scan", "Parent Relationship": "Inner", "Scan Direction": "Forward", "Index Name": "char_name_pkey", "Relation Name": "char_name", "Alias": "chn", "Startup Cost": 0.0, "Total Cost": 0.5, "Plan Rows": 1, "Plan Width": 20, "Index Cond": "(id = ci.person_role_id)"}]}, {"Node Type": "Index Scan", "Parent Relationship": "Inner", "Scan Direction": "Forward", "Index Name": "title_pkey", "Relation Name": "title", "Alias": "t", "Startup Cost": 0.0, "Total Cost": 0.49, "Plan Rows": 1, "Plan Width": 21, "Index Cond": "(id = ci.movie_id)", "Filter": "((production_year >= 2005) AND (production_year <= 2015))"}]}]}, "Unique SQL Id": 3431223514, "Planner Runtime": 64}, "explain_analyze_plan": null}, "(1, 78)": {"explain_plan": {"Plan": {"Node Type": "Aggregate", "Strategy": "Plain", "Startup Cost": 1169472.39, "Total Cost": 1169472.4, "Plan Rows": 1, "Plan Width": 145, "Plans": [{"Node Type": "Hash Join", "Parent Relationship": "Outer", "Join Type": "Inner", "Startup Cost": 1074500.97, "Total Cost": 1169472.37, "Plan Rows": 2, "Plan Width": 49, "Inner Unique": true, "Hash Cond": "(mc.company_id = cn.id)", "Plans": [{"Node Type": "Hash Join", "Parent Relationship": "Outer", "Join Type": "Inner", "Startup Cost": 1067532.89, "Total Cost": 1162504.28, "Plan Rows": 2, "Plan Width": 53, "Inner Unique": true, "Hash Cond": "(ci.movie_id = t.id)", "Plans": [{"Node Type": "Hash Join", "Parent Relationship": "Outer", "Join Type": "Inner", "Startup Cost": 980956.93, "Total Cost": 1075928.28, "Plan Rows": 2, "Plan Width": 44, "Inner Unique": false, "Hash Cond": "(chn.id = ci.person_role_id)", "Plans": [{"Node Type": "Seq Scan", "Parent Relationship": "Outer", "Relation Name": "char_name", "Alias": "chn", "Startup Cost": 0.0, "Total Cost": 67493.38, "Plan Rows": 3140338, "Plan Width": 20}, {"Node Type": "Hash", "Parent Relationship": "Inner", "Startup Cost": 980956.86, "Total Cost": 980956.86, "Plan Rows": 5, "Plan Width": 32, "Plans": [{"Node Type": "Hash Join", "Parent Relationship": "Outer", "Join Type": "Inner", "Startup Cost": 195193.2, "Total Cost": 980956.86, "Plan Rows": 5, "Plan Width": 32, "Inner Unique": false, "Hash Cond": "(ci.movie_id = mc.movie_id)", "Plans": [{"Node Type": "Hash Join", "Parent Relationship": "Outer", "Join Type": "Inner", "Startup Cost": 136616.88, "Total Cost": 922377.16, "Plan Rows": 13, "Plan Width": 24, "Inner Unique": true, "Hash Cond": "(ci.role_id = rt.id)", "Plans": [{"Node Type": "Hash Join", "Parent Relationship": "Outer", "Join Type": "Inner", "Startup Cost": 136615.72, "Total Cost": 922375.34, "Plan Rows": 141, "Plan Width": 28, "Inner Unique": false, "Hash Cond": "(ci.person_id = n.id)", "Plans": [{"Node Type": "Seq Scan", "Parent Relationship": "Outer", "Relation Name": "cast_info", "Alias": "ci", "Startup Cost": 0.0, "Total Cost": 783175.41, "Plan Rows": 833163, "Plan Width": 16, "Filter": "((note)::text = ANY ('{(voice),\"(voice: Japanese version)\",\"(voice) (uncredited)\",\"(voice: English version)\"}'::text[]))"}, {"Node Type": "Hash", "Parent Relationship": "Inner", "Startup Cost": 136614.28, "Total Cost": 136614.28, "Plan Rows": 115, "Plan Width": 24, "Plans": [{"Node Type": "Hash Join", "Parent Relationship": "Outer", "Join Type": "Inner", "Startup Cost": 113910.55, "Total Cost": 136614.28, "Plan Rows": 115, "Plan Width": 24, "Inner Unique": true, "Hash Cond": "(an.person_id = n.id)", "Plans": [{"Node Type": "Seq Scan", "Parent Relationship": "Outer", "Relation Name": "aka_name", "Alias": "an", "Startup Cost": 0.0, "Total Cost": 19908.42, "Plan Rows": 901342, "Plan Width": 20}, {"Node Type": "Hash", "Parent Relationship": "Inner", "Startup Cost": 113909.35, "Total Cost": 113909.35, "Plan Rows": 96, "Plan Width": 4, "Plans": [{"Node Type": "Seq Scan", "Parent Relationship": "Outer", "Relation Name": "name", "Alias": "n", "Startup Cost": 0.0, "Total Cost": 113909.35, "Plan Rows": 96, "Plan Width": 4, "Filter": "(((name)::text ~~ '%Ang%'::text) AND ((gender)::text = 'f'::text))"}]}]}]}]}, {"Node Type": "Hash", "Parent Relationship": "Inner", "Startup Cost": 1.15, "Total Cost": 1.15, "Plan Rows": 1, "Plan Width": 4, "Plans": [{"Node Type": "Seq Scan", "Parent Relationship": "Outer", "Relation Name": "role_type", "Alias": "rt", "Startup Cost": 0.0, "Total Cost": 1.15, "Plan Rows": 1, "Plan Width": 4, "Filter": "((role)::text = 'actress'::text)"}]}]}, {"Node Type": "Hash", "Parent Relationship": "Inner", "Startup Cost": 54862.92, "Total Cost": 54862.92, "Plan Rows": 297072, "Plan Width": 8, "Plans": [{"Node Type": "Seq Scan", "Parent Relationship": "Outer", "Relation Name": "movie_companies", "Alias": "mc", "Startup Cost": 0.0, "Total Cost": 54862.92, "Plan Rows": 297072, "Plan Width": 8, "Filter": "((note IS NOT NULL) AND (((note)::text ~~ '%(USA)%'::text) OR ((note)::text ~~ '%(worldwide)%'::text))), (LLVM Optimized)"}]}]}]}]}, {"Node Type": "Hash", "Parent Relationship": "Inner", "Startup Cost": 72710.67, "Total Cost": 72710.67, "Plan Rows": 1109224, "Plan Width": 21, "Plans": [{"Node Type": "Seq Scan", "Parent Relationship": "Outer", "Relation Name": "title", "Alias": "t", "Startup Cost": 324.95, "Total Cost": 72710.67, "Plan Rows": 1109224, "Plan Width": 21, "Filter": "((production_year >= 2005) AND (production_year <= 2015)), (LLVM Optimized)"}]}]}, {"Node Type": "Hash", "Parent Relationship": "Inner", "Startup Cost": 5903.45, "Total Cost": 5903.45, "Plan Rows": 85170, "Plan Width": 4, "Plans": [{"Node Type": "Seq Scan", "Parent Relationship": "Outer", "Relation Name": "company_name", "Alias": "cn", "Startup Cost": 0.0, "Total Cost": 5903.45, "Plan Rows": 85170, "Plan Width": 4, "Filter": "((country_code)::text = '[us]'::text)"}]}]}]}, "Unique SQL Id": 3431223514, "Planner Runtime": 98}, "explain_analyze_plan": null}, "(1, 79)": {"explain_plan": {"Plan": {"Node Type": "Aggregate", "Strategy": "Plain", "Startup Cost": 7329418129133.29, "Total Cost": 7329418129133.3, "Plan Rows": 1, "Plan Width": 145, "Plans": [{"Node Type": "Hash Join", "Parent Relationship": "Outer", "Join Type": "Inner", "Startup Cost": 5350274202025.58, "Total Cost": 7329418129133.27, "Plan Rows": 2, "Plan Width": 49, "Inner Unique": true, "Hash Cond": "(mc.company_id = cn.id)", "Plans": [{"Node Type": "Merge Join", "Parent Relationship": "Outer", "Join Type": "Inner", "Startup Cost": 4350273150821.99, "Total Cost": 6329417077929.65, "Plan Rows": 2, "Plan Width": 53, "Inner Unique": true, "Merge Cond": "(ci.movie_id = t.id)", "Plans": [{"Node Type": "Merge Join", "Parent Relationship": "Outer", "Join Type": "Inner", "Startup Cost": 4340273150821.99, "Total Cost": 5330287508074.84, "Plan Rows": 2, "Plan Width": 44, "Inner Unique": false, "Merge Cond": "(mc.movie_id = ci.movie_id)", "Plans": [{"Node Type": "Index Scan", "Parent Relationship": "Outer", "Scan Direction": "Forward", "Index Name": "movie_id_movie_companies", "Relation Name": "movie_companies", "Alias": "mc", "Startup Cost": 10000000000.0, "Total Cost": 1000014356510.13, "Plan Rows": 297072, "Plan Width": 8, "Filter": "((note IS NOT NULL) AND (((note)::text ~~ '%(USA)%'::text) OR ((note)::text ~~ '%(worldwide)%'::text))), (LLVM Optimized)"}, {"Node Type": "Sort", "Parent Relationship": "Inner", "Startup Cost": 4330273150821.99, "Total Cost": 4330273150822.0, "Plan Rows": 6, "Plan Width": 36, "Sort Key": ["ci.movie_id"], "Plans": [{"Node Type": "Merge Join", "Parent Relationship": "Outer", "Join Type": "Inner", "Startup Cost": 2510047083971.88, "Total Cost": 4330273150821.91, "Plan Rows": 6, "Plan Width": 36, "Inner Unique": true, "Merge Cond": "(ci.person_id = n.id)", "Plans": [{"Node Type": "Merge Join", "Parent Relationship": "Outer", "Join Type": "Inner", "Startup Cost": 2500027729291.02, "Total Cost": 3350878854254.41, "Plan Rows": 43961, "Plan Width": 44, "Inner Unique": false, "Merge Cond": "(ci.person_id = an.person_id)", "Plans": [{"Node Type": "Sort", "Parent Relationship": "Outer", "Startup Cost": 2490027729291.02, "Total Cost": 2490027729382.81, "Plan Rows": 36717, "Plan Width": 24, "Sort Key": ["ci.person_id"], "Plans": [{"Node Type": "Hash Join", "Parent Relationship": "Outer", "Join Type": "Inner", "Startup Cost": 1059427184468.88, "Total Cost": 2490027726507.1, "Plan Rows": 36717, "Plan Width": 24, "Inner Unique": true, "Hash Cond": "(ci.role_id = rt.id)", "Plans": [{"Node Type": "Merge Join", "Parent Relationship": "Outer", "Join Type": "Inner", "Startup Cost": 59427183222.87, "Total Cost": 1490027723881.67, "Plan Rows": 403890, "Plan Width": 28, "Inner Unique": false, "Merge Cond": "(chn.id = ci.person_role_id)", "Plans": [{"Node Type": "Index Scan", "Parent Relationship": "Outer", "Scan Direction": "Forward", "Index Name": "char_name_pkey", "Relation Name": "char_name", "Alias": "chn", "Startup Cost": 10000000000.0, "Total Cost": 1000012987545.51, "Plan Rows": 3140338, "Plan Width": 20}, {"Node Type": "Index Scan", "Parent Relationship": "Inner", "Scan Direction": "Forward", "Index Name": "person_role_id_cast_info", "Relation Name": "cast_info", "Alias": "ci", "Startup Cost": 10000000000.0, "Total Cost": 1000211315681.48, "Plan Rows": 833163, "Plan Width": 16, "Filter": "((note)::text = ANY ('{(voice),\"(voice: Japanese version)\",\"(voice) (uncredited)\",\"(voice: English version)\"}'::text[]))"}]}, {"Node Type": "Hash", "Parent Relationship": "Inner", "Startup Cost": 1000000001246.0, "Total Cost": 1000000001246.0, "Plan Rows": 1, "Plan Width": 4, "Plans": [{"Node Type": "Index Scan", "Parent Relationship": "Outer", "Scan Direction": "Forward", "Index Name": "role_type_pkey", "Relation Name": "role_type", "Alias": "rt", "Startup Cost": 10000000000.0, "Total Cost": 1000000001246.0, "Plan Rows": 1, "Plan Width": 4, "Filter": "((role)::text = 'actress'::text)"}]}]}]}, {"Node Type": "Index Scan", "Parent Relationship": "Inner", "Scan Direction": "Forward", "Index Name": "person_id_aka_name", "Relation Name": "aka_name", "Alias": "an", "Startup Cost": 10000000000.0, "Total Cost": 1000006896503.43, "Plan Rows": 901342, "Plan Width": 20}]}, {"Node Type": "Index Scan", "Parent Relationship": "Inner", "Scan Direction": "Forward", "Index Name": "name_pkey", "Relation Name": "name", "Alias": "n", "Startup Cost": 10000000000.0, "Total Cost": 1000019707019.7, "Plan Rows": 96, "Plan Width": 4, "Filter": "(((name)::text ~~ '%Ang%'::text) AND ((gender)::text = 'f'::text))"}]}]}]}, {"Node Type": "Index Scan", "Parent Relationship": "Inner", "Scan Direction": "Forward", "Index Name": "title_pkey", "Relation Name": "title", "Alias": "t", "Startup Cost": 10000000000.0, "Total Cost": 1000012276204.41, "Plan Rows": 1109224, "Plan Width": 21, "Filter": "((production_year >= 2005) AND (production_year <= 2015)), (LLVM Optimized)"}]}, {"Node Type": "Hash", "Parent Relationship": "Inner", "Startup Cost": 1000001050138.97, "Total Cost": 1000001050138.97, "Plan Rows": 85170, "Plan Width": 4, "Plans": [{"Node Type": "Index Scan", "Parent Relationship": "Outer", "Scan Direction": "Forward", "Index Name": "company_name_pkey", "Relation Name": "company_name", "Alias": "cn", "Startup Cost": 10000000000.0, "Total Cost": 1000001050138.97, "Plan Rows": 85170, "Plan Width": 4, "Filter": "((country_code)::text = '[us]'::text)"}]}]}]}, "Unique SQL Id": 3431223514, "Planner Runtime": 223}, "explain_analyze_plan": null}, "(1, 80)": {"explain_plan": {"Plan": {"Node Type": "Aggregate", "Strategy": "Plain", "Startup Cost": 115024.12, "Total Cost": 115024.13, "Plan Rows": 1, "Plan Width": 145, "Plans": [{"Node Type": "Nested Loop", "Parent Relationship": "Outer", "Join Type": "Inner", "Startup Cost": 0.0, "Total Cost": 115024.11, "Plan Rows": 1, "Plan Width": 49, "Inner Unique": true, "Plans": [{"Node Type": "Nested Loop", "Parent Relationship": "Outer", "Join Type": "Inner", "Startup Cost": 0.0, "Total Cost": 115023.61, "Plan Rows": 1, "Plan Width": 40, "Inner Unique": true, "Plans": [{"Node Type": "Nested Loop", "Parent Relationship": "Outer", "Join Type": "Inner", "Startup Cost": 0.0, "Total Cost": 115022.6, "Plan Rows": 2, "Plan Width": 28, "Inner Unique": true, "Plans": [{"Node Type": "Nested Loop", "Parent Relationship": "Outer", "Join Type": "Inner", "Startup Cost": 0.0, "Total Cost": 115020.96, "Plan Rows": 5, "Plan Width": 32, "Inner Unique": false, "Plans": [{"Node Type": "Nested Loop", "Parent Relationship": "Outer", "Join Type": "Inner", "Startup Cost": 0.0, "Total Cost": 115015.35, "Plan Rows": 13, "Plan Width": 24, "Inner Unique": true, "Plans": [{"Node Type": "Nested Loop", "Parent Relationship": "Outer", "Join Type": "Inner", "Startup Cost": 0.0, "Total Cost": 114975.51, "Plan Rows": 141, "Plan Width": 28, "Inner Unique": false, "Join Filter": "(n.id = ci.person_id)", "Plans": [{"Node Type": "Nested Loop", "Parent Relationship": "Outer", "Join Type": "Inner", "Startup Cost": 0.0, "Total Cost": 114700.23, "Plan Rows": 115, "Plan Width": 24, "Inner Unique": false, "Plans": [{"Node Type": "Seq Scan", "Parent Relationship": "Outer", "Relation Name": "name", "Alias": "n", "Startup Cost": 0.0, "Total Cost": 113909.35, "Plan Rows": 96, "Plan Width": 4, "Filter": "(((name)::text ~~ '%Ang%'::text) AND ((gender)::text = 'f'::text))"}, {"Node Type": "Index Scan", "Parent Relationship": "Inner", "Scan Direction": "Forward", "Index Name": "person_id_aka_name", "Relation Name": "aka_name", "Alias": "an", "Startup Cost": 0.0, "Total Cost": 8.23, "Plan Rows": 1, "Plan Width": 20, "Index Cond": "(person_id = n.id)"}]}, {"Node Type": "Index Scan", "Parent Relationship": "Inner", "Scan Direction": "Forward", "Index Name": "person_id_cast_info", "Relation Name": "cast_info", "Alias": "ci", "Startup Cost": 0.0, "Total Cost": 2.38, "Plan Rows": 1, "Plan Width": 16, "Index Cond": "(person_id = an.person_id)", "Filter": "((note)::text = ANY ('{(voice),\"(voice: Japanese version)\",\"(voice) (uncredited)\",\"(voice: English version)\"}'::text[]))"}]}, {"Node Type": "Index Scan", "Parent Relationship": "Inner", "Scan Direction": "Forward", "Index Name": "role_type_pkey", "Relation Name": "role_type", "Alias": "rt", "Startup Cost": 0.0, "Total Cost": 0.27, "Plan Rows": 1, "Plan Width": 4, "Index Cond": "(id = ci.role_id)", "Filter": "((role)::text = 'actress'::text)"}]}, {"Node Type": "Index Scan", "Parent Relationship": "Inner", "Scan Direction": "Forward", "Index Name": "movie_id_movie_companies", "Relation Name": "movie_companies", "Alias": "mc", "Startup Cost": 0.0, "Total Cost": 0.42, "Plan Rows": 1, "Plan Width": 8, "Index Cond": "(movie_id = ci.movie_id)", "Filter": "((note IS NOT NULL) AND (((note)::text ~~ '%(USA)%'::text) OR ((note)::text ~~ '%(worldwide)%'::text)))"}]}, {"Node Type": "Index Scan", "Parent Relationship": "Inner", "Scan Direction": "Forward", "Index Name": "company_name_pkey", "Relation Name": "company_name", "Alias": "cn", "Startup Cost": 0.0, "Total Cost": 0.32, "Plan Rows": 1, "Plan Width": 4, "Index Cond": "(id = mc.company_id)", "Filter": "((country_code)::text = '[us]'::text)"}]}, {"Node Type": "Index Scan", "Parent Relationship": "Inner", "Scan Direction": "Forward", "Index Name": "char_name_pkey", "Relation Name": "char_name", "Alias": "chn", "Startup Cost": 0.0, "Total Cost": 0.5, "Plan Rows": 1, "Plan Width": 20, "Index Cond": "(id = ci.person_role_id)"}]}, {"Node Type": "Index Scan", "Parent Relationship": "Inner", "Scan Direction": "Forward", "Index Name": "title_pkey", "Relation Name": "title", "Alias": "t", "Startup Cost": 0.0, "Total Cost": 0.49, "Plan Rows": 1, "Plan Width": 21, "Index Cond": "(id = ci.movie_id)", "Filter": "((production_year >= 2005) AND (production_year <= 2015))"}]}]}, "Unique SQL Id": 3431223514, "Planner Runtime": 53}, "explain_analyze_plan": {"Plan": {"Node Type": "Aggregate", "Strategy": "Plain", "Startup Cost": 115024.12, "Total Cost": 115024.13, "Plan Rows": 1, "Plan Width": 145, "Actual Startup Time": 1704.318, "Actual Total Time": 1704.318, "Actual Rows": 1, "Actual Loops": 1, "Plans": [{"Node Type": "Nested Loop", "Parent Relationship": "Outer", "Join Type": "Inner", "Startup Cost": 0.0, "Total Cost": 115024.11, "Plan Rows": 1, "Plan Width": 49, "Actual Startup Time": 696.911, "Actual Total Time": 1704.072, "Actual Rows": 121, "Actual Loops": 1, "Inner Unique": true, "Plans": [{"Node Type": "Nested Loop", "Parent Relationship": "Outer", "Join Type": "Inner", "Startup Cost": 0.0, "Total Cost": 115023.61, "Plan Rows": 1, "Plan Width": 40, "Actual Startup Time": 689.255, "Actual Total Time": 1702.263, "Actual Rows": 341, "Actual Loops": 1, "Inner Unique": true, "Plans": [{"Node Type": "Nested Loop", "Parent Relationship": "Outer", "Join Type": "Inner", "Startup Cost": 0.0, "Total Cost": 115022.6, "Plan Rows": 2, "Plan Width": 28, "Actual Startup Time": 689.243, "Actual Total Time": 1700.623, "Actual Rows": 359, "Actual Loops": 1, "Inner Unique": true, "Plans": [{"Node Type": "Nested Loop", "Parent Relationship": "Outer", "Join Type": "Inner", "Startup Cost": 0.0, "Total Cost": 115020.96, "Plan Rows": 5, "Plan Width": 32, "Actual Startup Time": 689.227, "Actual Total Time": 1698.696, "Actual Rows": 373, "Actual Loops": 1, "Inner Unique": false, "Plans": [{"Node Type": "Nested Loop", "Parent Relationship": "Outer", "Join Type": "Inner", "Startup Cost": 0.0, "Total Cost": 115015.35, "Plan Rows": 13, "Plan Width": 24, "Actual Startup Time": 687.84, "Actual Total Time": 1694.526, "Actual Rows": 425, "Actual Loops": 1, "Inner Unique": true, "Plans": [{"Node Type": "Nested Loop", "Parent Relationship": "Outer", "Join Type": "Inner", "Startup Cost": 0.0, "Total Cost": 114975.51, "Plan Rows": 141, "Plan Width": 28, "Actual Startup Time": 687.826, "Actual Total Time": 1693.167, "Actual Rows": 425, "Actual Loops": 1, "Inner Unique": false, "Join Filter": "(n.id = ci.person_id)", "Rows Removed by Join Filter": 0, "Plans": [{"Node Type": "Nested Loop", "Parent Relationship": "Outer", "Join Type": "Inner", "Startup Cost": 0.0, "Total Cost": 114700.23, "Plan Rows": 115, "Plan Width": 24, "Actual Startup Time": 672.809, "Actual Total Time": 1643.882, "Actual Rows": 1558, "Actual Loops": 1, "Inner Unique": false, "Plans": [{"Node Type": "Seq Scan", "Parent Relationship": "Outer", "Relation Name": "name", "Alias": "n", "Startup Cost": 0.0, "Total Cost": 113909.35, "Plan Rows": 96, "Plan Width": 4, "Actual Startup Time": 671.098, "Actual Total Time": 1621.774, "Actual Rows": 6768, "Actual Loops": 1, "Filter": "(((name)::text ~~ '%Ang%'::text) AND ((gender)::text = 'f'::text))", "Rows Removed by Filter": 4160722}, {"Node Type": "Index Scan", "Parent Relationship": "Inner", "Scan Direction": "Forward", "Index Name": "person_id_aka_name", "Relation Name": "aka_name", "Alias": "an", "Startup Cost": 0.0, "Total Cost": 8.23, "Plan Rows": 1, "Plan Width": 20, "Actual Startup Time": 17.327, "Actual Total Time": 18.037, "Actual Rows": 1558, "Actual Loops": 6768, "Index Cond": "(person_id = n.id)", "Rows Removed by Index Recheck": 0}]}, {"Node Type": "Index Scan", "Parent Relationship": "Inner", "Scan Direction": "Forward", "Index Name": "person_id_cast_info", "Relation Name": "cast_info", "Alias": "ci", "Startup Cost": 0.0, "Total Cost": 2.38, "Plan Rows": 1, "Plan Width": 16, "Actual Startup Time": 43.363, "Actual Total Time": 48.09, "Actual Rows": 425, "Actual Loops": 1558, "Index Cond": "(person_id = an.person_id)", "Rows Removed by Index Recheck": 0, "Filter": "((note)::text = ANY ('{(voice),\"(voice: Japanese version)\",\"(voice) (uncredited)\",\"(voice: English version)\"}'::text[]))", "Rows Removed by Filter": 69057}]}, {"Node Type": "Index Scan", "Parent Relationship": "Inner", "Scan Direction": "Forward", "Index Name": "role_type_pkey", "Relation Name": "role_type", "Alias": "rt", "Startup Cost": 0.0, "Total Cost": 0.27, "Plan Rows": 1, "Plan Width": 4, "Actual Startup Time": 0.9, "Actual Total Time": 0.9, "Actual Rows": 425, "Actual Loops": 425, "Index Cond": "(id = ci.role_id)", "Rows Removed by Index Recheck": 0, "Filter": "((role)::text = 'actress'::text)", "Rows Removed by Filter": 0}]}, {"Node Type": "Index Scan", "Parent Relationship": "Inner", "Scan Direction": "Forward", "Index Name": "movie_id_movie_companies", "Relation Name": "movie_companies", "Alias": "mc", "Startup Cost": 0.0, "Total Cost": 0.42, "Plan Rows": 1, "Plan Width": 8, "Actual Startup Time": 2.584, "Actual Total Time": 3.726, "Actual Rows": 373, "Actual Loops": 425, "Index Cond": "(movie_id = ci.movie_id)", "Rows Removed by Index Recheck": 0, "Filter": "((note IS NOT NULL) AND (((note)::text ~~ '%(USA)%'::text) OR ((note)::text ~~ '%(worldwide)%'::text)))", "Rows Removed by Filter": 1538}]}, {"Node Type": "Index Scan", "Parent Relationship": "Inner", "Scan Direction": "Forward", "Index Name": "company_name_pkey", "Relation Name": "company_name", "Alias": "cn", "Startup Cost": 0.0, "Total Cost": 0.32, "Plan Rows": 1, "Plan Width": 4, "Actual Startup Time": 1.562, "Actual Total Time": 1.562, "Actual Rows": 359, "Actual Loops": 373, "Index Cond": "(id = mc.company_id)", "Rows Removed by Index Recheck": 0, "Filter": "((country_code)::text = '[us]'::text)", "Rows Removed by Filter": 14}]}, {"Node Type": "Index Scan", "Parent Relationship": "Inner", "Scan Direction": "Forward", "Index Name": "char_name_pkey", "Relation Name": "char_name", "Alias": "chn", "Startup Cost": 0.0, "Total Cost": 0.5, "Plan Rows": 1, "Plan Width": 20, "Actual Startup Time": 1.238, "Actual Total Time": 1.238, "Actual Rows": 341, "Actual Loops": 359, "Index Cond": "(id = ci.person_role_id)", "Rows Removed by Index Recheck": 0}]}, {"Node Type": "Index Scan", "Parent Relationship": "Inner", "Scan Direction": "Forward", "Index Name": "title_pkey", "Relation Name": "title", "Alias": "t", "Startup Cost": 0.0, "Total Cost": 0.49, "Plan Rows": 1, "Plan Width": 21, "Actual Startup Time": 1.522, "Actual Total Time": 1.522, "Actual Rows": 121, "Actual Loops": 341, "Index Cond": "(id = ci.movie_id)", "Rows Removed by Index Recheck": 0, "Filter": "((production_year >= 2005) AND (production_year <= 2015))", "Rows Removed by Filter": 220}]}]}, "Triggers": [], "Planner Runtime": 26, "Total Runtime": 1704.792, "Unique SQL Id": 3431223514}}, "(1, 81)": {"explain_plan": {"Plan": {"Node Type": "Aggregate", "Strategy": "Plain", "Startup Cost": 198184.97, "Total Cost": 198184.98, "Plan Rows": 1, "Plan Width": 145, "Plans": [{"Node Type": "Nested Loop", "Parent Relationship": "Outer", "Join Type": "Inner", "Startup Cost": 0.0, "Total Cost": 198184.96, "Plan Rows": 1, "Plan Width": 49, "Inner Unique": true, "Plans": [{"Node Type": "Nested Loop", "Parent Relationship": "Outer", "Join Type": "Inner", "Startup Cost": 0.0, "Total Cost": 198184.46, "Plan Rows": 1, "Plan Width": 40, "Inner Unique": true, "Plans": [{"Node Type": "Nested Loop", "Parent Relationship": "Outer", "Join Type": "Inner", "Startup Cost": 0.0, "Total Cost": 198183.44, "Plan Rows": 2, "Plan Width": 28, "Inner Unique": true, "Plans": [{"Node Type": "Nested Loop", "Parent Relationship": "Outer", "Join Type": "Inner", "Startup Cost": 0.0, "Total Cost": 198181.8, "Plan Rows": 5, "Plan Width": 32, "Inner Unique": false, "Plans": [{"Node Type": "Nested Loop", "Parent Relationship": "Outer", "Join Type": "Inner", "Startup Cost": 0.0, "Total Cost": 198176.2, "Plan Rows": 13, "Plan Width": 24, "Inner Unique": true, "Plans": [{"Node Type": "Nested Loop", "Parent Relationship": "Outer", "Join Type": "Inner", "Startup Cost": 0.0, "Total Cost": 198136.36, "Plan Rows": 141, "Plan Width": 28, "Inner Unique": false, "Join Filter": "(n.id = ci.person_id)", "Plans": [{"Node Type": "Nested Loop", "Parent Relationship": "Outer", "Join Type": "Inner", "Startup Cost": 0.0, "Total Cost": 197861.08, "Plan Rows": 115, "Plan Width": 24, "Inner Unique": false, "Plans": [{"Node Type": "Index Scan", "Parent Relationship": "Outer", "Scan Direction": "Forward", "Index Name": "name_pkey", "Relation Name": "name", "Alias": "n", "Startup Cost": 0.0, "Total Cost": 197070.2, "Plan Rows": 96, "Plan Width": 4, "Filter": "(((name)::text ~~ '%Ang%'::text) AND ((gender)::text = 'f'::text))"}, {"Node Type": "Index Scan", "Parent Relationship": "Inner", "Scan Direction": "Forward", "Index Name": "person_id_aka_name", "Relation Name": "aka_name", "Alias": "an", "Startup Cost": 0.0, "Total Cost": 8.23, "Plan Rows": 1, "Plan Width": 20, "Index Cond": "(person_id = n.id)"}]}, {"Node Type": "Index Scan", "Parent Relationship": "Inner", "Scan Direction": "Forward", "Index Name": "person_id_cast_info", "Relation Name": "cast_info", "Alias": "ci", "Startup Cost": 0.0, "Total Cost": 2.38, "Plan Rows": 1, "Plan Width": 16, "Index Cond": "(person_id = an.person_id)", "Filter": "((note)::text = ANY ('{(voice),\"(voice: Japanese version)\",\"(voice) (uncredited)\",\"(voice: English version)\"}'::text[]))"}]}, {"Node Type": "Index Scan", "Parent Relationship": "Inner", "Scan Direction": "Forward", "Index Name": "role_type_pkey", "Relation Name": "role_type", "Alias": "rt", "Startup Cost": 0.0, "Total Cost": 0.27, "Plan Rows": 1, "Plan Width": 4, "Index Cond": "(id = ci.role_id)", "Filter": "((role)::text = 'actress'::text)"}]}, {"Node Type": "Index Scan", "Parent Relationship": "Inner", "Scan Direction": "Forward", "Index Name": "movie_id_movie_companies", "Relation Name": "movie_companies", "Alias": "mc", "Startup Cost": 0.0, "Total Cost": 0.42, "Plan Rows": 1, "Plan Width": 8, "Index Cond": "(movie_id = ci.movie_id)", "Filter": "((note IS NOT NULL) AND (((note)::text ~~ '%(USA)%'::text) OR ((note)::text ~~ '%(worldwide)%'::text)))"}]}, {"Node Type": "Index Scan", "Parent Relationship": "Inner", "Scan Direction": "Forward", "Index Name": "company_name_pkey", "Relation Name": "company_name", "Alias": "cn", "Startup Cost": 0.0, "Total Cost": 0.32, "Plan Rows": 1, "Plan Width": 4, "Index Cond": "(id = mc.company_id)", "Filter": "((country_code)::text = '[us]'::text)"}]}, {"Node Type": "Index Scan", "Parent Relationship": "Inner", "Scan Direction": "Forward", "Index Name": "char_name_pkey", "Relation Name": "char_name", "Alias": "chn", "Startup Cost": 0.0, "Total Cost": 0.5, "Plan Rows": 1, "Plan Width": 20, "Index Cond": "(id = ci.person_role_id)"}]}, {"Node Type": "Index Scan", "Parent Relationship": "Inner", "Scan Direction": "Forward", "Index Name": "title_pkey", "Relation Name": "title", "Alias": "t", "Startup Cost": 0.0, "Total Cost": 0.49, "Plan Rows": 1, "Plan Width": 21, "Index Cond": "(id = ci.movie_id)", "Filter": "((production_year >= 2005) AND (production_year <= 2015))"}]}]}, "Unique SQL Id": 3431223514, "Planner Runtime": 55}, "explain_analyze_plan": null}, "(1, 82)": {"explain_plan": {"Plan": {"Node Type": "Aggregate", "Strategy": "Plain", "Startup Cost": 115416.05, "Total Cost": 115416.06, "Plan Rows": 1, "Plan Width": 145, "Plans": [{"Node Type": "Nested Loop", "Parent Relationship": "Outer", "Join Type": "Inner", "Startup Cost": 115320.83, "Total Cost": 115416.03, "Plan Rows": 2, "Plan Width": 49, "Inner Unique": true, "Plans": [{"Node Type": "Nested Loop", "Parent Relationship": "Outer", "Join Type": "Inner", "Startup Cost": 115320.53, "Total Cost": 115407.37, "Plan Rows": 2, "Plan Width": 40, "Inner Unique": true, "Plans": [{"Node Type": "Nested Loop", "Parent Relationship": "Outer", "Join Type": "Inner", "Startup Cost": 115320.27, "Total Cost": 115398.79, "Plan Rows": 2, "Plan Width": 44, "Inner Unique": true, "Plans": [{"Node Type": "Nested Loop", "Parent Relationship": "Outer", "Join Type": "Inner", "Startup Cost": 115319.95, "Total Cost": 115377.11, "Plan Rows": 5, "Plan Width": 32, "Inner Unique": false, "Plans": [{"Node Type": "Merge Join", "Parent Relationship": "Outer", "Join Type": "Inner", "Startup Cost": 115319.64, "Total Cost": 115320.48, "Plan Rows": 13, "Plan Width": 24, "Inner Unique": false, "Merge Cond": "(rt.id = ci.role_id)", "Plans": [{"Node Type": "Sort", "Parent Relationship": "Outer", "Startup Cost": 1.16, "Total Cost": 1.16, "Plan Rows": 1, "Plan Width": 4, "Sort Key": ["rt.id"], "Plans": [{"Node Type": "Seq Scan", "Parent Relationship": "Outer", "Relation Name": "role_type", "Alias": "rt", "Startup Cost": 0.0, "Total Cost": 1.15, "Plan Rows": 1, "Plan Width": 4, "Filter": "((role)::text = 'actress'::text)"}]}, {"Node Type": "Sort", "Parent Relationship": "Inner", "Startup Cost": 115318.48, "Total Cost": 115318.83, "Plan Rows": 141, "Plan Width": 28, "Sort Key": ["ci.role_id"], "Plans": [{"Node Type": "Nested Loop", "Parent Relationship": "Outer", "Join Type": "Inner", "Startup Cost": 5.22, "Total Cost": 115313.45, "Plan Rows": 141, "Plan Width": 28, "Inner Unique": false, "Join Filter": "(n.id = ci.person_id)", "Plans": [{"Node Type": "Nested Loop", "Parent Relationship": "Outer", "Join Type": "Inner", "Startup Cost": 4.22, "Total Cost": 114700.25, "Plan Rows": 115, "Plan Width": 24, "Inner Unique": false, "Plans": [{"Node Type": "Seq Scan", "Parent Relationship": "Outer", "Relation Name": "name", "Alias": "n", "Startup Cost": 0.0, "Total Cost": 113909.35, "Plan Rows": 96, "Plan Width": 4, "Filter": "(((name)::text ~~ '%Ang%'::text) AND ((gender)::text = 'f'::text))"}, {"Node Type": "Bitmap Heap Scan", "Parent Relationship": "Inner", "Relation Name": "aka_name", "Alias": "an", "Startup Cost": 4.22, "Total Cost": 8.23, "Plan Rows": 1, "Plan Width": 20, "Recheck Cond": "(person_id = n.id)", "Plans": [{"Node Type": "Bitmap Index Scan", "Parent Relationship": "Outer", "Index Name": "person_id_aka_name", "Startup Cost": 0.0, "Total Cost": 4.22, "Plan Rows": 1, "Plan Width": 0, "Index Cond": "(person_id = n.id)"}]}]}, {"Node Type": "Bitmap Heap Scan", "Parent Relationship": "Inner", "Relation Name": "cast_info", "Alias": "ci", "Startup Cost": 1.0, "Total Cost": 5.32, "Plan Rows": 1, "Plan Width": 16, "Recheck Cond": "(person_id = an.person_id)", "Filter": "((note)::text = ANY ('{(voice),\"(voice: Japanese version)\",\"(voice) (uncredited)\",\"(voice: English version)\"}'::text[]))", "Plans": [{"Node Type": "Bitmap Index Scan", "Parent Relationship": "Outer", "Index Name": "person_id_cast_info", "Startup Cost": 0.0, "Total Cost": 1.0, "Plan Rows": 18, "Plan Width": 0, "Index Cond": "(person_id = an.person_id)"}]}]}]}]}, {"Node Type": "Bitmap Heap Scan", "Parent Relationship": "Inner", "Relation Name": "movie_companies", "Alias": "mc", "Startup Cost": 0.31, "Total Cost": 4.35, "Plan Rows": 1, "Plan Width": 8, "Recheck Cond": "(movie_id = ci.movie_id)", "Filter": "((note IS NOT NULL) AND (((note)::text ~~ '%(USA)%'::text) OR ((note)::text ~~ '%(worldwide)%'::text)))", "Plans": [{"Node Type": "Bitmap Index Scan", "Parent Relationship": "Outer", "Index Name": "movie_id_movie_companies", "Startup Cost": 0.0, "Total Cost": 0.31, "Plan Rows": 2, "Plan Width": 0, "Index Cond": "(movie_id = ci.movie_id)"}]}]}, {"Node Type": "Bitmap Heap Scan", "Parent Relationship": "Inner", "Relation Name": "char_name", "Alias": "chn", "Startup Cost": 0.31, "Total Cost": 4.33, "Plan Rows": 1, "Plan Width": 20, "Recheck Cond": "(id = ci.person_role_id)", "Plans": [{"Node Type": "Bitmap Index Scan", "Parent Relationship": "Outer", "Index Name": "char_name_pkey", "Startup Cost": 0.0, "Total Cost": 0.31, "Plan Rows": 1, "Plan Width": 0, "Index Cond": "(id = ci.person_role_id)"}]}]}, {"Node Type": "Bitmap Heap Scan", "Parent Relationship": "Inner", "Relation Name": "company_name", "Alias": "cn", "Startup Cost": 0.26, "Total Cost": 4.28, "Plan Rows": 1, "Plan Width": 4, "Recheck Cond": "(id = mc.company_id)", "Filter": "((country_code)::text = '[us]'::text)", "Plans": [{"Node Type": "Bitmap Index Scan", "Parent Relationship": "Outer", "Index Name": "company_name_pkey", "Startup Cost": 0.0, "Total Cost": 0.26, "Plan Rows": 1, "Plan Width": 0, "Index Cond": "(id = mc.company_id)"}]}]}, {"Node Type": "Bitmap Heap Scan", "Parent Relationship": "Inner", "Relation Name": "title", "Alias": "t", "Startup Cost": 0.3, "Total Cost": 4.32, "Plan Rows": 1, "Plan Width": 21, "Recheck Cond": "(id = ci.movie_id)", "Filter": "((production_year >= 2005) AND (production_year <= 2015))", "Plans": [{"Node Type": "Bitmap Index Scan", "Parent Relationship": "Outer", "Index Name": "title_pkey", "Startup Cost": 0.0, "Total Cost": 0.3, "Plan Rows": 1, "Plan Width": 0, "Index Cond": "(id = ci.movie_id)"}]}]}]}, "Unique SQL Id": 3431223514, "Planner Runtime": 42}, "explain_analyze_plan": {"Plan": {"Node Type": "Aggregate", "Strategy": "Plain", "Startup Cost": 115416.05, "Total Cost": 115416.06, "Plan Rows": 1, "Plan Width": 145, "Actual Startup Time": 1726.997, "Actual Total Time": 1726.997, "Actual Rows": 1, "Actual Loops": 1, "Plans": [{"Node Type": "Nested Loop", "Parent Relationship": "Outer", "Join Type": "Inner", "Startup Cost": 115320.83, "Total Cost": 115416.03, "Plan Rows": 2, "Plan Width": 49, "Actual Startup Time": 1715.212, "Actual Total Time": 1726.82, "Actual Rows": 121, "Actual Loops": 1, "Inner Unique": true, "Plans": [{"Node Type": "Nested Loop", "Parent Relationship": "Outer", "Join Type": "Inner", "Startup Cost": 115320.53, "Total Cost": 115407.37, "Plan Rows": 2, "Plan Width": 40, "Actual Startup Time": 1713.797, "Actual Total Time": 1724.315, "Actual Rows": 341, "Actual Loops": 1, "Inner Unique": true, "Plans": [{"Node Type": "Nested Loop", "Parent Relationship": "Outer", "Join Type": "Inner", "Startup Cost": 115320.27, "Total Cost": 115398.79, "Plan Rows": 2, "Plan Width": 44, "Actual Startup Time": 1713.76, "Actual Total Time": 1721.995, "Actual Rows": 348, "Actual Loops": 1, "Inner Unique": true, "Plans": [{"Node Type": "Nested Loop", "Parent Relationship": "Outer", "Join Type": "Inner", "Startup Cost": 115319.95, "Total Cost": 115377.11, "Plan Rows": 5, "Plan Width": 32, "Actual Startup Time": 1713.703, "Actual Total Time": 1719.614, "Actual Rows": 373, "Actual Loops": 1, "Inner Unique": false, "Plans": [{"Node Type": "Merge Join", "Parent Relationship": "Outer", "Join Type": "Inner", "Startup Cost": 115319.64, "Total Cost": 115320.48, "Plan Rows": 13, "Plan Width": 24, "Actual Startup Time": 1713.578, "Actual Total Time": 1713.809, "Actual Rows": 425, "Actual Loops": 1, "Inner Unique": false, "Merge Cond": "(rt.id = ci.role_id)", "Plans": [{"Node Type": "Sort", "Parent Relationship": "Outer", "Startup Cost": 1.16, "Total Cost": 1.16, "Plan Rows": 1, "Plan Width": 4, "Actual Startup Time": 0.048, "Actual Total Time": 0.049, "Actual Rows": 1, "Actual Loops": 1, "Sort Key": ["rt.id"], "Sort Method": "quicksort", "Sort Space Used": 25, "Sort Space Type": "Memory", "Plans": [{"Node Type": "Seq Scan", "Parent Relationship": "Outer", "Relation Name": "role_type", "Alias": "rt", "Startup Cost": 0.0, "Total Cost": 1.15, "Plan Rows": 1, "Plan Width": 4, "Actual Startup Time": 0.025, "Actual Total Time": 0.028, "Actual Rows": 1, "Actual Loops": 1, "Filter": "((role)::text = 'actress'::text)", "Rows Removed by Filter": 11}]}, {"Node Type": "Sort", "Parent Relationship": "Inner", "Startup Cost": 115318.48, "Total Cost": 115318.83, "Plan Rows": 141, "Plan Width": 28, "Actual Startup Time": 1713.519, "Actual Total Time": 1713.584, "Actual Rows": 425, "Actual Loops": 1, "Sort Key": ["ci.role_id"], "Sort Method": "quicksort", "Sort Space Used": 65, "Sort Space Type": "Memory", "Plans": [{"Node Type": "Nested Loop", "Parent Relationship": "Outer", "Join Type": "Inner", "Startup Cost": 5.22, "Total Cost": 115313.45, "Plan Rows": 141, "Plan Width": 28, "Actual Startup Time": 689.049, "Actual Total Time": 1713.229, "Actual Rows": 425, "Actual Loops": 1, "Inner Unique": false, "Join Filter": "(n.id = ci.person_id)", "Rows Removed by Join Filter": 0, "Plans": [{"Node Type": "Nested Loop", "Parent Relationship": "Outer", "Join Type": "Inner", "Startup Cost": 4.22, "Total Cost": 114700.25, "Plan Rows": 115, "Plan Width": 24, "Actual Startup Time": 673.177, "Actual Total Time": 1660.606, "Actual Rows": 1558, "Actual Loops": 1, "Inner Unique": false, "Plans": [{"Node Type": "Seq Scan", "Parent Relationship": "Outer", "Relation Name": "name", "Alias": "n", "Startup Cost": 0.0, "Total Cost": 113909.35, "Plan Rows": 96, "Plan Width": 4, "Actual Startup Time": 671.402, "Actual Total Time": 1628.281, "Actual Rows": 6768, "Actual Loops": 1, "Filter": "(((name)::text ~~ '%Ang%'::text) AND ((gender)::text = 'f'::text))", "Rows Removed by Filter": 4160722}, {"Node Type": "Bitmap Heap Scan", "Parent Relationship": "Inner", "Relation Name": "aka_name", "Alias": "an", "Startup Cost": 4.22, "Total Cost": 8.23, "Plan Rows": 1, "Plan Width": 20, "Actual Startup Time": 23.741, "Actual Total Time": 24.262, "Actual Rows": 1558, "Actual Loops": 6768, "Recheck Cond": "(person_id = n.id)", "Rows Removed by Index Recheck": 0, "Exact Heap Blocks": 1014, "Lossy Heap Blocks": 1014, "Plans": [{"Node Type": "Bitmap Index Scan", "Parent Relationship": "Outer", "Index Name": "person_id_aka_name", "Startup Cost": 0.0, "Total Cost": 4.22, "Plan Rows": 1, "Plan Width": 0, "Actual Startup Time": 18.038, "Actual Total Time": 18.038, "Actual Rows": 1558, "Actual Loops": 6768, "Index Cond": "(person_id = n.id)"}]}]}, {"Node Type": "Bitmap Heap Scan", "Parent Relationship": "Inner", "Relation Name": "cast_info", "Alias": "ci", "Startup Cost": 1.0, "Total Cost": 5.32, "Plan Rows": 1, "Plan Width": 16, "Actual Startup Time": 47.067, "Actual Total Time": 50.249, "Actual Rows": 425, "Actual Loops": 1558, "Recheck Cond": "(person_id = an.person_id)", "Rows Removed by Index Recheck": 0, "Filter": "((note)::text = ANY ('{(voice),\"(voice: Japanese version)\",\"(voice) (uncredited)\",\"(voice: English version)\"}'::text[]))", "Rows Removed by Filter": 69057, "Exact Heap Blocks": 2627, "Lossy Heap Blocks": 2627, "Plans": [{"Node Type": "Bitmap Index Scan", "Parent Relationship": "Outer", "Index Name": "person_id_cast_info", "Startup Cost": 0.0, "Total Cost": 1.0, "Plan Rows": 18, "Plan Width": 0, "Actual Startup Time": 15.093, "Actual Total Time": 15.093, "Actual Rows": 69482, "Actual Loops": 1558, "Index Cond": "(person_id = an.person_id)"}]}]}]}]}, {"Node Type": "Bitmap Heap Scan", "Parent Relationship": "Inner", "Relation Name": "movie_companies", "Alias": "mc", "Startup Cost": 0.31, "Total Cost": 4.35, "Plan Rows": 1, "Plan Width": 8, "Actual Startup Time": 4.173, "Actual Total Time": 5.142, "Actual Rows": 373, "Actual Loops": 425, "Recheck Cond": "(movie_id = ci.movie_id)", "Rows Removed by Index Recheck": 0, "Filter": "((note IS NOT NULL) AND (((note)::text ~~ '%(USA)%'::text) OR ((note)::text ~~ '%(worldwide)%'::text)))", "Rows Removed by Filter": 1538, "Exact Heap Blocks": 580, "Lossy Heap Blocks": 580, "Plans": [{"Node Type": "Bitmap Index Scan", "Parent Relationship": "Outer", "Index Name": "movie_id_movie_companies", "Startup Cost": 0.0, "Total Cost": 0.31, "Plan Rows": 2, "Plan Width": 0, "Actual Startup Time": 2.244, "Actual Total Time": 2.244, "Actual Rows": 1911, "Actual Loops": 425, "Index Cond": "(movie_id = ci.movie_id)"}]}]}, {"Node Type": "Bitmap Heap Scan", "Parent Relationship": "Inner", "Relation Name": "char_name", "Alias": "chn", "Startup Cost": 0.31, "Total Cost": 4.33, "Plan Rows": 1, "Plan Width": 20, "Actual Startup Time": 1.849, "Actual Total Time": 1.849, "Actual Rows": 348, "Actual Loops": 373, "Recheck Cond": "(id = ci.person_role_id)", "Rows Removed by Index Recheck": 0, "Exact Heap Blocks": 348, "Lossy Heap Blocks": 348, "Plans": [{"Node Type": "Bitmap Index Scan", "Parent Relationship": "Outer", "Index Name": "char_name_pkey", "Startup Cost": 0.0, "Total Cost": 0.31, "Plan Rows": 1, "Plan Width": 0, "Actual Startup Time": 1.161, "Actual Total Time": 1.161, "Actual Rows": 348, "Actual Loops": 373, "Index Cond": "(id = ci.person_role_id)"}]}]}, {"Node Type": "Bitmap Heap Scan", "Parent Relationship": "Inner", "Relation Name": "company_name", "Alias": "cn", "Startup Cost": 0.26, "Total Cost": 4.28, "Plan Rows": 1, "Plan Width": 4, "Actual Startup Time": 1.832, "Actual Total Time": 1.832, "Actual Rows": 341, "Actual Loops": 348, "Recheck Cond": "(id = mc.company_id)", "Rows Removed by Index Recheck": 0, "Filter": "((country_code)::text = '[us]'::text)", "Rows Removed by Filter": 7, "Exact Heap Blocks": 348, "Lossy Heap Blocks": 348, "Plans": [{"Node Type": "Bitmap Index Scan", "Parent Relationship": "Outer", "Index Name": "company_name_pkey", "Startup Cost": 0.0, "Total Cost": 0.26, "Plan Rows": 1, "Plan Width": 0, "Actual Startup Time": 1.014, "Actual Total Time": 1.014, "Actual Rows": 348, "Actual Loops": 348, "Index Cond": "(id = mc.company_id)"}]}]}, {"Node Type": "Bitmap Heap Scan", "Parent Relationship": "Inner", "Relation Name": "title", "Alias": "t", "Startup Cost": 0.3, "Total Cost": 4.32, "Plan Rows": 1, "Plan Width": 21, "Actual Startup Time": 2.075, "Actual Total Time": 2.075, "Actual Rows": 121, "Actual Loops": 341, "Recheck Cond": "(id = ci.movie_id)", "Rows Removed by Index Recheck": 0, "Filter": "((production_year >= 2005) AND (production_year <= 2015))", "Rows Removed by Filter": 220, "Exact Heap Blocks": 341, "Lossy Heap Blocks": 341, "Plans": [{"Node Type": "Bitmap Index Scan", "Parent Relationship": "Outer", "Index Name": "title_pkey", "Startup Cost": 0.0, "Total Cost": 0.3, "Plan Rows": 1, "Plan Width": 0, "Actual Startup Time": 1.202, "Actual Total Time": 1.202, "Actual Rows": 341, "Actual Loops": 341, "Index Cond": "(id = ci.movie_id)"}]}]}]}, "Triggers": [], "Planner Runtime": 42, "Total Runtime": 1727.516, "Unique SQL Id": 3431223514}}, "(1, 83)": {"explain_plan": {"Plan": {"Node Type": "Aggregate", "Strategy": "Plain", "Startup Cost": 1000016655188.3, "Total Cost": 1000016655188.31, "Plan Rows": 1, "Plan Width": 145, "Plans": [{"Node Type": "Nested Loop", "Parent Relationship": "Outer", "Join Type": "Inner", "Startup Cost": 10000000002.78, "Total Cost": 1000016655188.3, "Plan Rows": 1, "Plan Width": 49, "Inner Unique": true, "Join Filter": "(ci.person_id = n.id)", "Plans": [{"Node Type": "Nested Loop", "Parent Relationship": "Outer", "Join Type": "Inner", "Startup Cost": 10000000002.45, "Total Cost": 1000016612909.02, "Plan Rows": 9704, "Plan Width": 57, "Inner Unique": true, "Plans": [{"Node Type": "Nested Loop", "Parent Relationship": "Outer", "Join Type": "Inner", "Startup Cost": 10000000002.15, "Total Cost": 1000016578899.44, "Plan Rows": 7855, "Plan Width": 48, "Inner Unique": true, "Plans": [{"Node Type": "Nested Loop", "Parent Relationship": "Outer", "Join Type": "Inner", "Startup Cost": 10000000001.89, "Total Cost": 1000016510409.12, "Plan Rows": 15972, "Plan Width": 52, "Inner Unique": true, "Plans": [{"Node Type": "Nested Loop", "Parent Relationship": "Outer", "Join Type": "Inner", "Startup Cost": 10000000001.57, "Total Cost": 1000016367541.65, "Plan Rows": 32949, "Plan Width": 40, "Inner Unique": false, "Plans": [{"Node Type": "Nested Loop", "Parent Relationship": "Outer", "Join Type": "Inner", "Startup Cost": 10000000001.26, "Total Cost": 1000015972498.77, "Plan Rows": 90685, "Plan Width": 32, "Inner Unique": true, "Plans": [{"Node Type": "Nested Loop", "Parent Relationship": "Outer", "Join Type": "Inner", "Startup Cost": 10000000001.0, "Total Cost": 1000011700317.58, "Plan Rows": 997530, "Plan Width": 36, "Inner Unique": false, "Plans": [{"Node Type": "Index Scan", "Parent Relationship": "Outer", "Scan Direction": "Forward", "Index Name": "person_id_aka_name", "Relation Name": "aka_name", "Alias": "an", "Startup Cost": 10000000000.0, "Total Cost": 1000006896503.43, "Plan Rows": 901342, "Plan Width": 20}, {"Node Type": "Bitmap Heap Scan", "Parent Relationship": "Inner", "Relation Name": "cast_info", "Alias": "ci", "Startup Cost": 1.0, "Total Cost": 5.32, "Plan Rows": 1, "Plan Width": 16, "Recheck Cond": "(person_id = an.person_id)", "Filter": "((note)::text = ANY ('{(voice),\"(voice: Japanese version)\",\"(voice) (uncredited)\",\"(voice: English version)\"}'::text[]))", "Plans": [{"Node Type": "Bitmap Index Scan", "Parent Relationship": "Outer", "Index Name": "person_id_cast_info", "Startup Cost": 0.0, "Total Cost": 1.0, "Plan Rows": 18, "Plan Width": 0, "Index Cond": "(person_id = an.person_id)"}]}]}, {"Node Type": "Bitmap Heap Scan", "Parent Relationship": "Inner", "Relation Name": "role_type", "Alias": "rt", "Startup Cost": 0.26, "Total Cost": 4.27, "Plan Rows": 1, "Plan Width": 4, "Recheck Cond": "(id = ci.role_id)", "Filter": "((role)::text = 'actress'::text)", "Plans": [{"Node Type": "Bitmap Index Scan", "Parent Relationship": "Outer", "Index Name": "role_type_pkey", "Startup Cost": 0.0, "Total Cost": 0.26, "Plan Rows": 1, "Plan Width": 0, "Index Cond": "(id = ci.role_id)"}]}]}, {"Node Type": "Bitmap Heap Scan", "Parent Relationship": "Inner", "Relation Name": "movie_companies", "Alias": "mc", "Startup Cost": 0.31, "Total Cost": 4.35, "Plan Rows": 1, "Plan Width": 8, "Recheck Cond": "(movie_id = ci.movie_id)", "Filter": "((note IS NOT NULL) AND (((note)::text ~~ '%(USA)%'::text) OR ((note)::text ~~ '%(worldwide)%'::text)))", "Plans": [{"Node Type": "Bitmap Index Scan", "Parent Relationship": "Outer", "Index Name": "movie_id_movie_companies", "Startup Cost": 0.0, "Total Cost": 0.31, "Plan Rows": 2, "Plan Width": 0, "Index Cond": "(movie_id = ci.movie_id)"}]}]}, {"Node Type": "Bitmap Heap Scan", "Parent Relationship": "Inner", "Relation Name": "char_name", "Alias": "chn", "Startup Cost": 0.31, "Total Cost": 4.33, "Plan Rows": 1, "Plan Width": 20, "Recheck Cond": "(id = ci.person_role_id)", "Plans": [{"Node Type": "Bitmap Index Scan", "Parent Relationship": "Outer", "Index Name": "char_name_pkey", "Startup Cost": 0.0, "Total Cost": 0.31, "Plan Rows": 1, "Plan Width": 0, "Index Cond": "(id = ci.person_role_id)"}]}]}, {"Node Type": "Bitmap Heap Scan", "Parent Relationship": "Inner", "Relation Name": "company_name", "Alias": "cn", "Startup Cost": 0.26, "Total Cost": 4.28, "Plan Rows": 1, "Plan Width": 4, "Recheck Cond": "(id = mc.company_id)", "Filter": "((country_code)::text = '[us]'::text)", "Plans": [{"Node Type": "Bitmap Index Scan", "Parent Relationship": "Outer", "Index Name": "company_name_pkey", "Startup Cost": 0.0, "Total Cost": 0.26, "Plan Rows": 1, "Plan Width": 0, "Index Cond": "(id = mc.company_id)"}]}]}, {"Node Type": "Bitmap Heap Scan", "Parent Relationship": "Inner", "Relation Name": "title", "Alias": "t", "Startup Cost": 0.3, "Total Cost": 4.32, "Plan Rows": 1, "Plan Width": 21, "Recheck Cond": "(id = ci.movie_id)", "Filter": "((production_year >= 2005) AND (production_year <= 2015))", "Plans": [{"Node Type": "Bitmap Index Scan", "Parent Relationship": "Outer", "Index Name": "title_pkey", "Startup Cost": 0.0, "Total Cost": 0.3, "Plan Rows": 1, "Plan Width": 0, "Index Cond": "(id = ci.movie_id)"}]}]}, {"Node Type": "Bitmap Heap Scan", "Parent Relationship": "Inner", "Relation Name": "name", "Alias": "n", "Startup Cost": 0.33, "Total Cost": 4.34, "Plan Rows": 1, "Plan Width": 4, "Recheck Cond": "(id = an.person_id)", "Filter": "(((name)::text ~~ '%Ang%'::text) AND ((gender)::text = 'f'::text))", "Plans": [{"Node Type": "Bitmap Index Scan", "Parent Relationship": "Outer", "Index Name": "name_pkey", "Startup Cost": 0.0, "Total Cost": 0.33, "Plan Rows": 1, "Plan Width": 0, "Index Cond": "(id = an.person_id)"}]}]}]}, "Unique SQL Id": 3431223514, "Planner Runtime": 13}, "explain_analyze_plan": null}, "(1, 84)": {"explain_plan": {"Plan": {"Node Type": "Aggregate", "Strategy": "Plain", "Startup Cost": 115024.12, "Total Cost": 115024.13, "Plan Rows": 1, "Plan Width": 145, "Plans": [{"Node Type": "Nested Loop", "Parent Relationship": "Outer", "Join Type": "Inner", "Startup Cost": 0.0, "Total Cost": 115024.11, "Plan Rows": 1, "Plan Width": 49, "Inner Unique": true, "Plans": [{"Node Type": "Nested Loop", "Parent Relationship": "Outer", "Join Type": "Inner", "Startup Cost": 0.0, "Total Cost": 115023.61, "Plan Rows": 1, "Plan Width": 40, "Inner Unique": true, "Plans": [{"Node Type": "Nested Loop", "Parent Relationship": "Outer", "Join Type": "Inner", "Startup Cost": 0.0, "Total Cost": 115022.6, "Plan Rows": 2, "Plan Width": 28, "Inner Unique": true, "Plans": [{"Node Type": "Nested Loop", "Parent Relationship": "Outer", "Join Type": "Inner", "Startup Cost": 0.0, "Total Cost": 115020.96, "Plan Rows": 5, "Plan Width": 32, "Inner Unique": false, "Plans": [{"Node Type": "Nested Loop", "Parent Relationship": "Outer", "Join Type": "Inner", "Startup Cost": 0.0, "Total Cost": 115015.35, "Plan Rows": 13, "Plan Width": 24, "Inner Unique": true, "Plans": [{"Node Type": "Nested Loop", "Parent Relationship": "Outer", "Join Type": "Inner", "Startup Cost": 0.0, "Total Cost": 114975.51, "Plan Rows": 141, "Plan Width": 28, "Inner Unique": false, "Join Filter": "(n.id = ci.person_id)", "Plans": [{"Node Type": "Nested Loop", "Parent Relationship": "Outer", "Join Type": "Inner", "Startup Cost": 0.0, "Total Cost": 114700.23, "Plan Rows": 115, "Plan Width": 24, "Inner Unique": false, "Plans": [{"Node Type": "Seq Scan", "Parent Relationship": "Outer", "Relation Name": "name", "Alias": "n", "Startup Cost": 0.0, "Total Cost": 113909.35, "Plan Rows": 96, "Plan Width": 4, "Filter": "(((name)::text ~~ '%Ang%'::text) AND ((gender)::text = 'f'::text))"}, {"Node Type": "Index Scan", "Parent Relationship": "Inner", "Scan Direction": "Forward", "Index Name": "person_id_aka_name", "Relation Name": "aka_name", "Alias": "an", "Startup Cost": 0.0, "Total Cost": 8.23, "Plan Rows": 1, "Plan Width": 20, "Index Cond": "(person_id = n.id)"}]}, {"Node Type": "Index Scan", "Parent Relationship": "Inner", "Scan Direction": "Forward", "Index Name": "person_id_cast_info", "Relation Name": "cast_info", "Alias": "ci", "Startup Cost": 0.0, "Total Cost": 2.38, "Plan Rows": 1, "Plan Width": 16, "Index Cond": "(person_id = an.person_id)", "Filter": "((note)::text = ANY ('{(voice),\"(voice: Japanese version)\",\"(voice) (uncredited)\",\"(voice: English version)\"}'::text[]))"}]}, {"Node Type": "Index Scan", "Parent Relationship": "Inner", "Scan Direction": "Forward", "Index Name": "role_type_pkey", "Relation Name": "role_type", "Alias": "rt", "Startup Cost": 0.0, "Total Cost": 0.27, "Plan Rows": 1, "Plan Width": 4, "Index Cond": "(id = ci.role_id)", "Filter": "((role)::text = 'actress'::text)"}]}, {"Node Type": "Index Scan", "Parent Relationship": "Inner", "Scan Direction": "Forward", "Index Name": "movie_id_movie_companies", "Relation Name": "movie_companies", "Alias": "mc", "Startup Cost": 0.0, "Total Cost": 0.42, "Plan Rows": 1, "Plan Width": 8, "Index Cond": "(movie_id = ci.movie_id)", "Filter": "((note IS NOT NULL) AND (((note)::text ~~ '%(USA)%'::text) OR ((note)::text ~~ '%(worldwide)%'::text)))"}]}, {"Node Type": "Index Scan", "Parent Relationship": "Inner", "Scan Direction": "Forward", "Index Name": "company_name_pkey", "Relation Name": "company_name", "Alias": "cn", "Startup Cost": 0.0, "Total Cost": 0.32, "Plan Rows": 1, "Plan Width": 4, "Index Cond": "(id = mc.company_id)", "Filter": "((country_code)::text = '[us]'::text)"}]}, {"Node Type": "Index Scan", "Parent Relationship": "Inner", "Scan Direction": "Forward", "Index Name": "char_name_pkey", "Relation Name": "char_name", "Alias": "chn", "Startup Cost": 0.0, "Total Cost": 0.5, "Plan Rows": 1, "Plan Width": 20, "Index Cond": "(id = ci.person_role_id)"}]}, {"Node Type": "Index Scan", "Parent Relationship": "Inner", "Scan Direction": "Forward", "Index Name": "title_pkey", "Relation Name": "title", "Alias": "t", "Startup Cost": 0.0, "Total Cost": 0.49, "Plan Rows": 1, "Plan Width": 21, "Index Cond": "(id = ci.movie_id)", "Filter": "((production_year >= 2005) AND (production_year <= 2015))"}]}]}, "Unique SQL Id": 3431223514, "Planner Runtime": 52}, "explain_analyze_plan": {"Plan": {"Node Type": "Aggregate", "Strategy": "Plain", "Startup Cost": 115024.12, "Total Cost": 115024.13, "Plan Rows": 1, "Plan Width": 145, "Actual Startup Time": 1704.318, "Actual Total Time": 1704.318, "Actual Rows": 1, "Actual Loops": 1, "Plans": [{"Node Type": "Nested Loop", "Parent Relationship": "Outer", "Join Type": "Inner", "Startup Cost": 0.0, "Total Cost": 115024.11, "Plan Rows": 1, "Plan Width": 49, "Actual Startup Time": 696.911, "Actual Total Time": 1704.072, "Actual Rows": 121, "Actual Loops": 1, "Inner Unique": true, "Plans": [{"Node Type": "Nested Loop", "Parent Relationship": "Outer", "Join Type": "Inner", "Startup Cost": 0.0, "Total Cost": 115023.61, "Plan Rows": 1, "Plan Width": 40, "Actual Startup Time": 689.255, "Actual Total Time": 1702.263, "Actual Rows": 341, "Actual Loops": 1, "Inner Unique": true, "Plans": [{"Node Type": "Nested Loop", "Parent Relationship": "Outer", "Join Type": "Inner", "Startup Cost": 0.0, "Total Cost": 115022.6, "Plan Rows": 2, "Plan Width": 28, "Actual Startup Time": 689.243, "Actual Total Time": 1700.623, "Actual Rows": 359, "Actual Loops": 1, "Inner Unique": true, "Plans": [{"Node Type": "Nested Loop", "Parent Relationship": "Outer", "Join Type": "Inner", "Startup Cost": 0.0, "Total Cost": 115020.96, "Plan Rows": 5, "Plan Width": 32, "Actual Startup Time": 689.227, "Actual Total Time": 1698.696, "Actual Rows": 373, "Actual Loops": 1, "Inner Unique": false, "Plans": [{"Node Type": "Nested Loop", "Parent Relationship": "Outer", "Join Type": "Inner", "Startup Cost": 0.0, "Total Cost": 115015.35, "Plan Rows": 13, "Plan Width": 24, "Actual Startup Time": 687.84, "Actual Total Time": 1694.526, "Actual Rows": 425, "Actual Loops": 1, "Inner Unique": true, "Plans": [{"Node Type": "Nested Loop", "Parent Relationship": "Outer", "Join Type": "Inner", "Startup Cost": 0.0, "Total Cost": 114975.51, "Plan Rows": 141, "Plan Width": 28, "Actual Startup Time": 687.826, "Actual Total Time": 1693.167, "Actual Rows": 425, "Actual Loops": 1, "Inner Unique": false, "Join Filter": "(n.id = ci.person_id)", "Rows Removed by Join Filter": 0, "Plans": [{"Node Type": "Nested Loop", "Parent Relationship": "Outer", "Join Type": "Inner", "Startup Cost": 0.0, "Total Cost": 114700.23, "Plan Rows": 115, "Plan Width": 24, "Actual Startup Time": 672.809, "Actual Total Time": 1643.882, "Actual Rows": 1558, "Actual Loops": 1, "Inner Unique": false, "Plans": [{"Node Type": "Seq Scan", "Parent Relationship": "Outer", "Relation Name": "name", "Alias": "n", "Startup Cost": 0.0, "Total Cost": 113909.35, "Plan Rows": 96, "Plan Width": 4, "Actual Startup Time": 671.098, "Actual Total Time": 1621.774, "Actual Rows": 6768, "Actual Loops": 1, "Filter": "(((name)::text ~~ '%Ang%'::text) AND ((gender)::text = 'f'::text))", "Rows Removed by Filter": 4160722}, {"Node Type": "Index Scan", "Parent Relationship": "Inner", "Scan Direction": "Forward", "Index Name": "person_id_aka_name", "Relation Name": "aka_name", "Alias": "an", "Startup Cost": 0.0, "Total Cost": 8.23, "Plan Rows": 1, "Plan Width": 20, "Actual Startup Time": 17.327, "Actual Total Time": 18.037, "Actual Rows": 1558, "Actual Loops": 6768, "Index Cond": "(person_id = n.id)", "Rows Removed by Index Recheck": 0}]}, {"Node Type": "Index Scan", "Parent Relationship": "Inner", "Scan Direction": "Forward", "Index Name": "person_id_cast_info", "Relation Name": "cast_info", "Alias": "ci", "Startup Cost": 0.0, "Total Cost": 2.38, "Plan Rows": 1, "Plan Width": 16, "Actual Startup Time": 43.363, "Actual Total Time": 48.09, "Actual Rows": 425, "Actual Loops": 1558, "Index Cond": "(person_id = an.person_id)", "Rows Removed by Index Recheck": 0, "Filter": "((note)::text = ANY ('{(voice),\"(voice: Japanese version)\",\"(voice) (uncredited)\",\"(voice: English version)\"}'::text[]))", "Rows Removed by Filter": 69057}]}, {"Node Type": "Index Scan", "Parent Relationship": "Inner", "Scan Direction": "Forward", "Index Name": "role_type_pkey", "Relation Name": "role_type", "Alias": "rt", "Startup Cost": 0.0, "Total Cost": 0.27, "Plan Rows": 1, "Plan Width": 4, "Actual Startup Time": 0.9, "Actual Total Time": 0.9, "Actual Rows": 425, "Actual Loops": 425, "Index Cond": "(id = ci.role_id)", "Rows Removed by Index Recheck": 0, "Filter": "((role)::text = 'actress'::text)", "Rows Removed by Filter": 0}]}, {"Node Type": "Index Scan", "Parent Relationship": "Inner", "Scan Direction": "Forward", "Index Name": "movie_id_movie_companies", "Relation Name": "movie_companies", "Alias": "mc", "Startup Cost": 0.0, "Total Cost": 0.42, "Plan Rows": 1, "Plan Width": 8, "Actual Startup Time": 2.584, "Actual Total Time": 3.726, "Actual Rows": 373, "Actual Loops": 425, "Index Cond": "(movie_id = ci.movie_id)", "Rows Removed by Index Recheck": 0, "Filter": "((note IS NOT NULL) AND (((note)::text ~~ '%(USA)%'::text) OR ((note)::text ~~ '%(worldwide)%'::text)))", "Rows Removed by Filter": 1538}]}, {"Node Type": "Index Scan", "Parent Relationship": "Inner", "Scan Direction": "Forward", "Index Name": "company_name_pkey", "Relation Name": "company_name", "Alias": "cn", "Startup Cost": 0.0, "Total Cost": 0.32, "Plan Rows": 1, "Plan Width": 4, "Actual Startup Time": 1.562, "Actual Total Time": 1.562, "Actual Rows": 359, "Actual Loops": 373, "Index Cond": "(id = mc.company_id)", "Rows Removed by Index Recheck": 0, "Filter": "((country_code)::text = '[us]'::text)", "Rows Removed by Filter": 14}]}, {"Node Type": "Index Scan", "Parent Relationship": "Inner", "Scan Direction": "Forward", "Index Name": "char_name_pkey", "Relation Name": "char_name", "Alias": "chn", "Startup Cost": 0.0, "Total Cost": 0.5, "Plan Rows": 1, "Plan Width": 20, "Actual Startup Time": 1.238, "Actual Total Time": 1.238, "Actual Rows": 341, "Actual Loops": 359, "Index Cond": "(id = ci.person_role_id)", "Rows Removed by Index Recheck": 0}]}, {"Node Type": "Index Scan", "Parent Relationship": "Inner", "Scan Direction": "Forward", "Index Name": "title_pkey", "Relation Name": "title", "Alias": "t", "Startup Cost": 0.0, "Total Cost": 0.49, "Plan Rows": 1, "Plan Width": 21, "Actual Startup Time": 1.522, "Actual Total Time": 1.522, "Actual Rows": 121, "Actual Loops": 341, "Index Cond": "(id = ci.movie_id)", "Rows Removed by Index Recheck": 0, "Filter": "((production_year >= 2005) AND (production_year <= 2015))", "Rows Removed by Filter": 220}]}]}, "Triggers": [], "Planner Runtime": 26, "Total Runtime": 1704.792, "Unique SQL Id": 3431223514}}, "(1, 85)": {"explain_plan": {"Plan": {"Node Type": "Aggregate", "Strategy": "Plain", "Startup Cost": 198184.97, "Total Cost": 198184.98, "Plan Rows": 1, "Plan Width": 145, "Plans": [{"Node Type": "Nested Loop", "Parent Relationship": "Outer", "Join Type": "Inner", "Startup Cost": 0.0, "Total Cost": 198184.96, "Plan Rows": 1, "Plan Width": 49, "Inner Unique": true, "Plans": [{"Node Type": "Nested Loop", "Parent Relationship": "Outer", "Join Type": "Inner", "Startup Cost": 0.0, "Total Cost": 198184.46, "Plan Rows": 1, "Plan Width": 40, "Inner Unique": true, "Plans": [{"Node Type": "Nested Loop", "Parent Relationship": "Outer", "Join Type": "Inner", "Startup Cost": 0.0, "Total Cost": 198183.44, "Plan Rows": 2, "Plan Width": 28, "Inner Unique": true, "Plans": [{"Node Type": "Nested Loop", "Parent Relationship": "Outer", "Join Type": "Inner", "Startup Cost": 0.0, "Total Cost": 198181.8, "Plan Rows": 5, "Plan Width": 32, "Inner Unique": false, "Plans": [{"Node Type": "Nested Loop", "Parent Relationship": "Outer", "Join Type": "Inner", "Startup Cost": 0.0, "Total Cost": 198176.2, "Plan Rows": 13, "Plan Width": 24, "Inner Unique": true, "Plans": [{"Node Type": "Nested Loop", "Parent Relationship": "Outer", "Join Type": "Inner", "Startup Cost": 0.0, "Total Cost": 198136.36, "Plan Rows": 141, "Plan Width": 28, "Inner Unique": false, "Join Filter": "(n.id = ci.person_id)", "Plans": [{"Node Type": "Nested Loop", "Parent Relationship": "Outer", "Join Type": "Inner", "Startup Cost": 0.0, "Total Cost": 197861.08, "Plan Rows": 115, "Plan Width": 24, "Inner Unique": false, "Plans": [{"Node Type": "Index Scan", "Parent Relationship": "Outer", "Scan Direction": "Forward", "Index Name": "name_pkey", "Relation Name": "name", "Alias": "n", "Startup Cost": 0.0, "Total Cost": 197070.2, "Plan Rows": 96, "Plan Width": 4, "Filter": "(((name)::text ~~ '%Ang%'::text) AND ((gender)::text = 'f'::text))"}, {"Node Type": "Index Scan", "Parent Relationship": "Inner", "Scan Direction": "Forward", "Index Name": "person_id_aka_name", "Relation Name": "aka_name", "Alias": "an", "Startup Cost": 0.0, "Total Cost": 8.23, "Plan Rows": 1, "Plan Width": 20, "Index Cond": "(person_id = n.id)"}]}, {"Node Type": "Index Scan", "Parent Relationship": "Inner", "Scan Direction": "Forward", "Index Name": "person_id_cast_info", "Relation Name": "cast_info", "Alias": "ci", "Startup Cost": 0.0, "Total Cost": 2.38, "Plan Rows": 1, "Plan Width": 16, "Index Cond": "(person_id = an.person_id)", "Filter": "((note)::text = ANY ('{(voice),\"(voice: Japanese version)\",\"(voice) (uncredited)\",\"(voice: English version)\"}'::text[]))"}]}, {"Node Type": "Index Scan", "Parent Relationship": "Inner", "Scan Direction": "Forward", "Index Name": "role_type_pkey", "Relation Name": "role_type", "Alias": "rt", "Startup Cost": 0.0, "Total Cost": 0.27, "Plan Rows": 1, "Plan Width": 4, "Index Cond": "(id = ci.role_id)", "Filter": "((role)::text = 'actress'::text)"}]}, {"Node Type": "Index Scan", "Parent Relationship": "Inner", "Scan Direction": "Forward", "Index Name": "movie_id_movie_companies", "Relation Name": "movie_companies", "Alias": "mc", "Startup Cost": 0.0, "Total Cost": 0.42, "Plan Rows": 1, "Plan Width": 8, "Index Cond": "(movie_id = ci.movie_id)", "Filter": "((note IS NOT NULL) AND (((note)::text ~~ '%(USA)%'::text) OR ((note)::text ~~ '%(worldwide)%'::text)))"}]}, {"Node Type": "Index Scan", "Parent Relationship": "Inner", "Scan Direction": "Forward", "Index Name": "company_name_pkey", "Relation Name": "company_name", "Alias": "cn", "Startup Cost": 0.0, "Total Cost": 0.32, "Plan Rows": 1, "Plan Width": 4, "Index Cond": "(id = mc.company_id)", "Filter": "((country_code)::text = '[us]'::text)"}]}, {"Node Type": "Index Scan", "Parent Relationship": "Inner", "Scan Direction": "Forward", "Index Name": "char_name_pkey", "Relation Name": "char_name", "Alias": "chn", "Startup Cost": 0.0, "Total Cost": 0.5, "Plan Rows": 1, "Plan Width": 20, "Index Cond": "(id = ci.person_role_id)"}]}, {"Node Type": "Index Scan", "Parent Relationship": "Inner", "Scan Direction": "Forward", "Index Name": "title_pkey", "Relation Name": "title", "Alias": "t", "Startup Cost": 0.0, "Total Cost": 0.49, "Plan Rows": 1, "Plan Width": 21, "Index Cond": "(id = ci.movie_id)", "Filter": "((production_year >= 2005) AND (production_year <= 2015))"}]}]}, "Unique SQL Id": 3431223514, "Planner Runtime": 55}, "explain_analyze_plan": null}, "(1, 86)": {"explain_plan": {"Plan": {"Node Type": "Aggregate", "Strategy": "Plain", "Startup Cost": 115416.05, "Total Cost": 115416.06, "Plan Rows": 1, "Plan Width": 145, "Plans": [{"Node Type": "Nested Loop", "Parent Relationship": "Outer", "Join Type": "Inner", "Startup Cost": 115320.83, "Total Cost": 115416.03, "Plan Rows": 2, "Plan Width": 49, "Inner Unique": true, "Plans": [{"Node Type": "Nested Loop", "Parent Relationship": "Outer", "Join Type": "Inner", "Startup Cost": 115320.53, "Total Cost": 115407.37, "Plan Rows": 2, "Plan Width": 40, "Inner Unique": true, "Plans": [{"Node Type": "Nested Loop", "Parent Relationship": "Outer", "Join Type": "Inner", "Startup Cost": 115320.27, "Total Cost": 115398.79, "Plan Rows": 2, "Plan Width": 44, "Inner Unique": true, "Plans": [{"Node Type": "Nested Loop", "Parent Relationship": "Outer", "Join Type": "Inner", "Startup Cost": 115319.95, "Total Cost": 115377.11, "Plan Rows": 5, "Plan Width": 32, "Inner Unique": false, "Plans": [{"Node Type": "Merge Join", "Parent Relationship": "Outer", "Join Type": "Inner", "Startup Cost": 115319.64, "Total Cost": 115320.48, "Plan Rows": 13, "Plan Width": 24, "Inner Unique": false, "Merge Cond": "(rt.id = ci.role_id)", "Plans": [{"Node Type": "Sort", "Parent Relationship": "Outer", "Startup Cost": 1.16, "Total Cost": 1.16, "Plan Rows": 1, "Plan Width": 4, "Sort Key": ["rt.id"], "Plans": [{"Node Type": "Seq Scan", "Parent Relationship": "Outer", "Relation Name": "role_type", "Alias": "rt", "Startup Cost": 0.0, "Total Cost": 1.15, "Plan Rows": 1, "Plan Width": 4, "Filter": "((role)::text = 'actress'::text)"}]}, {"Node Type": "Sort", "Parent Relationship": "Inner", "Startup Cost": 115318.48, "Total Cost": 115318.83, "Plan Rows": 141, "Plan Width": 28, "Sort Key": ["ci.role_id"], "Plans": [{"Node Type": "Nested Loop", "Parent Relationship": "Outer", "Join Type": "Inner", "Startup Cost": 5.22, "Total Cost": 115313.45, "Plan Rows": 141, "Plan Width": 28, "Inner Unique": false, "Join Filter": "(n.id = ci.person_id)", "Plans": [{"Node Type": "Nested Loop", "Parent Relationship": "Outer", "Join Type": "Inner", "Startup Cost": 4.22, "Total Cost": 114700.25, "Plan Rows": 115, "Plan Width": 24, "Inner Unique": false, "Plans": [{"Node Type": "Seq Scan", "Parent Relationship": "Outer", "Relation Name": "name", "Alias": "n", "Startup Cost": 0.0, "Total Cost": 113909.35, "Plan Rows": 96, "Plan Width": 4, "Filter": "(((name)::text ~~ '%Ang%'::text) AND ((gender)::text = 'f'::text))"}, {"Node Type": "Bitmap Heap Scan", "Parent Relationship": "Inner", "Relation Name": "aka_name", "Alias": "an", "Startup Cost": 4.22, "Total Cost": 8.23, "Plan Rows": 1, "Plan Width": 20, "Recheck Cond": "(person_id = n.id)", "Plans": [{"Node Type": "Bitmap Index Scan", "Parent Relationship": "Outer", "Index Name": "person_id_aka_name", "Startup Cost": 0.0, "Total Cost": 4.22, "Plan Rows": 1, "Plan Width": 0, "Index Cond": "(person_id = n.id)"}]}]}, {"Node Type": "Bitmap Heap Scan", "Parent Relationship": "Inner", "Relation Name": "cast_info", "Alias": "ci", "Startup Cost": 1.0, "Total Cost": 5.32, "Plan Rows": 1, "Plan Width": 16, "Recheck Cond": "(person_id = an.person_id)", "Filter": "((note)::text = ANY ('{(voice),\"(voice: Japanese version)\",\"(voice) (uncredited)\",\"(voice: English version)\"}'::text[]))", "Plans": [{"Node Type": "Bitmap Index Scan", "Parent Relationship": "Outer", "Index Name": "person_id_cast_info", "Startup Cost": 0.0, "Total Cost": 1.0, "Plan Rows": 18, "Plan Width": 0, "Index Cond": "(person_id = an.person_id)"}]}]}]}]}, {"Node Type": "Bitmap Heap Scan", "Parent Relationship": "Inner", "Relation Name": "movie_companies", "Alias": "mc", "Startup Cost": 0.31, "Total Cost": 4.35, "Plan Rows": 1, "Plan Width": 8, "Recheck Cond": "(movie_id = ci.movie_id)", "Filter": "((note IS NOT NULL) AND (((note)::text ~~ '%(USA)%'::text) OR ((note)::text ~~ '%(worldwide)%'::text)))", "Plans": [{"Node Type": "Bitmap Index Scan", "Parent Relationship": "Outer", "Index Name": "movie_id_movie_companies", "Startup Cost": 0.0, "Total Cost": 0.31, "Plan Rows": 2, "Plan Width": 0, "Index Cond": "(movie_id = ci.movie_id)"}]}]}, {"Node Type": "Bitmap Heap Scan", "Parent Relationship": "Inner", "Relation Name": "char_name", "Alias": "chn", "Startup Cost": 0.31, "Total Cost": 4.33, "Plan Rows": 1, "Plan Width": 20, "Recheck Cond": "(id = ci.person_role_id)", "Plans": [{"Node Type": "Bitmap Index Scan", "Parent Relationship": "Outer", "Index Name": "char_name_pkey", "Startup Cost": 0.0, "Total Cost": 0.31, "Plan Rows": 1, "Plan Width": 0, "Index Cond": "(id = ci.person_role_id)"}]}]}, {"Node Type": "Bitmap Heap Scan", "Parent Relationship": "Inner", "Relation Name": "company_name", "Alias": "cn", "Startup Cost": 0.26, "Total Cost": 4.28, "Plan Rows": 1, "Plan Width": 4, "Recheck Cond": "(id = mc.company_id)", "Filter": "((country_code)::text = '[us]'::text)", "Plans": [{"Node Type": "Bitmap Index Scan", "Parent Relationship": "Outer", "Index Name": "company_name_pkey", "Startup Cost": 0.0, "Total Cost": 0.26, "Plan Rows": 1, "Plan Width": 0, "Index Cond": "(id = mc.company_id)"}]}]}, {"Node Type": "Bitmap Heap Scan", "Parent Relationship": "Inner", "Relation Name": "title", "Alias": "t", "Startup Cost": 0.3, "Total Cost": 4.32, "Plan Rows": 1, "Plan Width": 21, "Recheck Cond": "(id = ci.movie_id)", "Filter": "((production_year >= 2005) AND (production_year <= 2015))", "Plans": [{"Node Type": "Bitmap Index Scan", "Parent Relationship": "Outer", "Index Name": "title_pkey", "Startup Cost": 0.0, "Total Cost": 0.3, "Plan Rows": 1, "Plan Width": 0, "Index Cond": "(id = ci.movie_id)"}]}]}]}, "Unique SQL Id": 3431223514, "Planner Runtime": 42}, "explain_analyze_plan": {"Plan": {"Node Type": "Aggregate", "Strategy": "Plain", "Startup Cost": 115416.05, "Total Cost": 115416.06, "Plan Rows": 1, "Plan Width": 145, "Actual Startup Time": 1726.997, "Actual Total Time": 1726.997, "Actual Rows": 1, "Actual Loops": 1, "Plans": [{"Node Type": "Nested Loop", "Parent Relationship": "Outer", "Join Type": "Inner", "Startup Cost": 115320.83, "Total Cost": 115416.03, "Plan Rows": 2, "Plan Width": 49, "Actual Startup Time": 1715.212, "Actual Total Time": 1726.82, "Actual Rows": 121, "Actual Loops": 1, "Inner Unique": true, "Plans": [{"Node Type": "Nested Loop", "Parent Relationship": "Outer", "Join Type": "Inner", "Startup Cost": 115320.53, "Total Cost": 115407.37, "Plan Rows": 2, "Plan Width": 40, "Actual Startup Time": 1713.797, "Actual Total Time": 1724.315, "Actual Rows": 341, "Actual Loops": 1, "Inner Unique": true, "Plans": [{"Node Type": "Nested Loop", "Parent Relationship": "Outer", "Join Type": "Inner", "Startup Cost": 115320.27, "Total Cost": 115398.79, "Plan Rows": 2, "Plan Width": 44, "Actual Startup Time": 1713.76, "Actual Total Time": 1721.995, "Actual Rows": 348, "Actual Loops": 1, "Inner Unique": true, "Plans": [{"Node Type": "Nested Loop", "Parent Relationship": "Outer", "Join Type": "Inner", "Startup Cost": 115319.95, "Total Cost": 115377.11, "Plan Rows": 5, "Plan Width": 32, "Actual Startup Time": 1713.703, "Actual Total Time": 1719.614, "Actual Rows": 373, "Actual Loops": 1, "Inner Unique": false, "Plans": [{"Node Type": "Merge Join", "Parent Relationship": "Outer", "Join Type": "Inner", "Startup Cost": 115319.64, "Total Cost": 115320.48, "Plan Rows": 13, "Plan Width": 24, "Actual Startup Time": 1713.578, "Actual Total Time": 1713.809, "Actual Rows": 425, "Actual Loops": 1, "Inner Unique": false, "Merge Cond": "(rt.id = ci.role_id)", "Plans": [{"Node Type": "Sort", "Parent Relationship": "Outer", "Startup Cost": 1.16, "Total Cost": 1.16, "Plan Rows": 1, "Plan Width": 4, "Actual Startup Time": 0.048, "Actual Total Time": 0.049, "Actual Rows": 1, "Actual Loops": 1, "Sort Key": ["rt.id"], "Sort Method": "quicksort", "Sort Space Used": 25, "Sort Space Type": "Memory", "Plans": [{"Node Type": "Seq Scan", "Parent Relationship": "Outer", "Relation Name": "role_type", "Alias": "rt", "Startup Cost": 0.0, "Total Cost": 1.15, "Plan Rows": 1, "Plan Width": 4, "Actual Startup Time": 0.025, "Actual Total Time": 0.028, "Actual Rows": 1, "Actual Loops": 1, "Filter": "((role)::text = 'actress'::text)", "Rows Removed by Filter": 11}]}, {"Node Type": "Sort", "Parent Relationship": "Inner", "Startup Cost": 115318.48, "Total Cost": 115318.83, "Plan Rows": 141, "Plan Width": 28, "Actual Startup Time": 1713.519, "Actual Total Time": 1713.584, "Actual Rows": 425, "Actual Loops": 1, "Sort Key": ["ci.role_id"], "Sort Method": "quicksort", "Sort Space Used": 65, "Sort Space Type": "Memory", "Plans": [{"Node Type": "Nested Loop", "Parent Relationship": "Outer", "Join Type": "Inner", "Startup Cost": 5.22, "Total Cost": 115313.45, "Plan Rows": 141, "Plan Width": 28, "Actual Startup Time": 689.049, "Actual Total Time": 1713.229, "Actual Rows": 425, "Actual Loops": 1, "Inner Unique": false, "Join Filter": "(n.id = ci.person_id)", "Rows Removed by Join Filter": 0, "Plans": [{"Node Type": "Nested Loop", "Parent Relationship": "Outer", "Join Type": "Inner", "Startup Cost": 4.22, "Total Cost": 114700.25, "Plan Rows": 115, "Plan Width": 24, "Actual Startup Time": 673.177, "Actual Total Time": 1660.606, "Actual Rows": 1558, "Actual Loops": 1, "Inner Unique": false, "Plans": [{"Node Type": "Seq Scan", "Parent Relationship": "Outer", "Relation Name": "name", "Alias": "n", "Startup Cost": 0.0, "Total Cost": 113909.35, "Plan Rows": 96, "Plan Width": 4, "Actual Startup Time": 671.402, "Actual Total Time": 1628.281, "Actual Rows": 6768, "Actual Loops": 1, "Filter": "(((name)::text ~~ '%Ang%'::text) AND ((gender)::text = 'f'::text))", "Rows Removed by Filter": 4160722}, {"Node Type": "Bitmap Heap Scan", "Parent Relationship": "Inner", "Relation Name": "aka_name", "Alias": "an", "Startup Cost": 4.22, "Total Cost": 8.23, "Plan Rows": 1, "Plan Width": 20, "Actual Startup Time": 23.741, "Actual Total Time": 24.262, "Actual Rows": 1558, "Actual Loops": 6768, "Recheck Cond": "(person_id = n.id)", "Rows Removed by Index Recheck": 0, "Exact Heap Blocks": 1014, "Lossy Heap Blocks": 1014, "Plans": [{"Node Type": "Bitmap Index Scan", "Parent Relationship": "Outer", "Index Name": "person_id_aka_name", "Startup Cost": 0.0, "Total Cost": 4.22, "Plan Rows": 1, "Plan Width": 0, "Actual Startup Time": 18.038, "Actual Total Time": 18.038, "Actual Rows": 1558, "Actual Loops": 6768, "Index Cond": "(person_id = n.id)"}]}]}, {"Node Type": "Bitmap Heap Scan", "Parent Relationship": "Inner", "Relation Name": "cast_info", "Alias": "ci", "Startup Cost": 1.0, "Total Cost": 5.32, "Plan Rows": 1, "Plan Width": 16, "Actual Startup Time": 47.067, "Actual Total Time": 50.249, "Actual Rows": 425, "Actual Loops": 1558, "Recheck Cond": "(person_id = an.person_id)", "Rows Removed by Index Recheck": 0, "Filter": "((note)::text = ANY ('{(voice),\"(voice: Japanese version)\",\"(voice) (uncredited)\",\"(voice: English version)\"}'::text[]))", "Rows Removed by Filter": 69057, "Exact Heap Blocks": 2627, "Lossy Heap Blocks": 2627, "Plans": [{"Node Type": "Bitmap Index Scan", "Parent Relationship": "Outer", "Index Name": "person_id_cast_info", "Startup Cost": 0.0, "Total Cost": 1.0, "Plan Rows": 18, "Plan Width": 0, "Actual Startup Time": 15.093, "Actual Total Time": 15.093, "Actual Rows": 69482, "Actual Loops": 1558, "Index Cond": "(person_id = an.person_id)"}]}]}]}]}, {"Node Type": "Bitmap Heap Scan", "Parent Relationship": "Inner", "Relation Name": "movie_companies", "Alias": "mc", "Startup Cost": 0.31, "Total Cost": 4.35, "Plan Rows": 1, "Plan Width": 8, "Actual Startup Time": 4.173, "Actual Total Time": 5.142, "Actual Rows": 373, "Actual Loops": 425, "Recheck Cond": "(movie_id = ci.movie_id)", "Rows Removed by Index Recheck": 0, "Filter": "((note IS NOT NULL) AND (((note)::text ~~ '%(USA)%'::text) OR ((note)::text ~~ '%(worldwide)%'::text)))", "Rows Removed by Filter": 1538, "Exact Heap Blocks": 580, "Lossy Heap Blocks": 580, "Plans": [{"Node Type": "Bitmap Index Scan", "Parent Relationship": "Outer", "Index Name": "movie_id_movie_companies", "Startup Cost": 0.0, "Total Cost": 0.31, "Plan Rows": 2, "Plan Width": 0, "Actual Startup Time": 2.244, "Actual Total Time": 2.244, "Actual Rows": 1911, "Actual Loops": 425, "Index Cond": "(movie_id = ci.movie_id)"}]}]}, {"Node Type": "Bitmap Heap Scan", "Parent Relationship": "Inner", "Relation Name": "char_name", "Alias": "chn", "Startup Cost": 0.31, "Total Cost": 4.33, "Plan Rows": 1, "Plan Width": 20, "Actual Startup Time": 1.849, "Actual Total Time": 1.849, "Actual Rows": 348, "Actual Loops": 373, "Recheck Cond": "(id = ci.person_role_id)", "Rows Removed by Index Recheck": 0, "Exact Heap Blocks": 348, "Lossy Heap Blocks": 348, "Plans": [{"Node Type": "Bitmap Index Scan", "Parent Relationship": "Outer", "Index Name": "char_name_pkey", "Startup Cost": 0.0, "Total Cost": 0.31, "Plan Rows": 1, "Plan Width": 0, "Actual Startup Time": 1.161, "Actual Total Time": 1.161, "Actual Rows": 348, "Actual Loops": 373, "Index Cond": "(id = ci.person_role_id)"}]}]}, {"Node Type": "Bitmap Heap Scan", "Parent Relationship": "Inner", "Relation Name": "company_name", "Alias": "cn", "Startup Cost": 0.26, "Total Cost": 4.28, "Plan Rows": 1, "Plan Width": 4, "Actual Startup Time": 1.832, "Actual Total Time": 1.832, "Actual Rows": 341, "Actual Loops": 348, "Recheck Cond": "(id = mc.company_id)", "Rows Removed by Index Recheck": 0, "Filter": "((country_code)::text = '[us]'::text)", "Rows Removed by Filter": 7, "Exact Heap Blocks": 348, "Lossy Heap Blocks": 348, "Plans": [{"Node Type": "Bitmap Index Scan", "Parent Relationship": "Outer", "Index Name": "company_name_pkey", "Startup Cost": 0.0, "Total Cost": 0.26, "Plan Rows": 1, "Plan Width": 0, "Actual Startup Time": 1.014, "Actual Total Time": 1.014, "Actual Rows": 348, "Actual Loops": 348, "Index Cond": "(id = mc.company_id)"}]}]}, {"Node Type": "Bitmap Heap Scan", "Parent Relationship": "Inner", "Relation Name": "title", "Alias": "t", "Startup Cost": 0.3, "Total Cost": 4.32, "Plan Rows": 1, "Plan Width": 21, "Actual Startup Time": 2.075, "Actual Total Time": 2.075, "Actual Rows": 121, "Actual Loops": 341, "Recheck Cond": "(id = ci.movie_id)", "Rows Removed by Index Recheck": 0, "Filter": "((production_year >= 2005) AND (production_year <= 2015))", "Rows Removed by Filter": 220, "Exact Heap Blocks": 341, "Lossy Heap Blocks": 341, "Plans": [{"Node Type": "Bitmap Index Scan", "Parent Relationship": "Outer", "Index Name": "title_pkey", "Startup Cost": 0.0, "Total Cost": 0.3, "Plan Rows": 1, "Plan Width": 0, "Actual Startup Time": 1.202, "Actual Total Time": 1.202, "Actual Rows": 341, "Actual Loops": 341, "Index Cond": "(id = ci.movie_id)"}]}]}]}, "Triggers": [], "Planner Runtime": 42, "Total Runtime": 1727.516, "Unique SQL Id": 3431223514}}, "(1, 87)": {"explain_plan": {"Plan": {"Node Type": "Aggregate", "Strategy": "Plain", "Startup Cost": 1000016655188.3, "Total Cost": 1000016655188.31, "Plan Rows": 1, "Plan Width": 145, "Plans": [{"Node Type": "Nested Loop", "Parent Relationship": "Outer", "Join Type": "Inner", "Startup Cost": 10000000002.78, "Total Cost": 1000016655188.3, "Plan Rows": 1, "Plan Width": 49, "Inner Unique": true, "Join Filter": "(ci.person_id = n.id)", "Plans": [{"Node Type": "Nested Loop", "Parent Relationship": "Outer", "Join Type": "Inner", "Startup Cost": 10000000002.45, "Total Cost": 1000016612909.02, "Plan Rows": 9704, "Plan Width": 57, "Inner Unique": true, "Plans": [{"Node Type": "Nested Loop", "Parent Relationship": "Outer", "Join Type": "Inner", "Startup Cost": 10000000002.15, "Total Cost": 1000016578899.44, "Plan Rows": 7855, "Plan Width": 48, "Inner Unique": true, "Plans": [{"Node Type": "Nested Loop", "Parent Relationship": "Outer", "Join Type": "Inner", "Startup Cost": 10000000001.89, "Total Cost": 1000016510409.12, "Plan Rows": 15972, "Plan Width": 52, "Inner Unique": true, "Plans": [{"Node Type": "Nested Loop", "Parent Relationship": "Outer", "Join Type": "Inner", "Startup Cost": 10000000001.57, "Total Cost": 1000016367541.65, "Plan Rows": 32949, "Plan Width": 40, "Inner Unique": false, "Plans": [{"Node Type": "Nested Loop", "Parent Relationship": "Outer", "Join Type": "Inner", "Startup Cost": 10000000001.26, "Total Cost": 1000015972498.77, "Plan Rows": 90685, "Plan Width": 32, "Inner Unique": true, "Plans": [{"Node Type": "Nested Loop", "Parent Relationship": "Outer", "Join Type": "Inner", "Startup Cost": 10000000001.0, "Total Cost": 1000011700317.58, "Plan Rows": 997530, "Plan Width": 36, "Inner Unique": false, "Plans": [{"Node Type": "Index Scan", "Parent Relationship": "Outer", "Scan Direction": "Forward", "Index Name": "person_id_aka_name", "Relation Name": "aka_name", "Alias": "an", "Startup Cost": 10000000000.0, "Total Cost": 1000006896503.43, "Plan Rows": 901342, "Plan Width": 20}, {"Node Type": "Bitmap Heap Scan", "Parent Relationship": "Inner", "Relation Name": "cast_info", "Alias": "ci", "Startup Cost": 1.0, "Total Cost": 5.32, "Plan Rows": 1, "Plan Width": 16, "Recheck Cond": "(person_id = an.person_id)", "Filter": "((note)::text = ANY ('{(voice),\"(voice: Japanese version)\",\"(voice) (uncredited)\",\"(voice: English version)\"}'::text[]))", "Plans": [{"Node Type": "Bitmap Index Scan", "Parent Relationship": "Outer", "Index Name": "person_id_cast_info", "Startup Cost": 0.0, "Total Cost": 1.0, "Plan Rows": 18, "Plan Width": 0, "Index Cond": "(person_id = an.person_id)"}]}]}, {"Node Type": "Bitmap Heap Scan", "Parent Relationship": "Inner", "Relation Name": "role_type", "Alias": "rt", "Startup Cost": 0.26, "Total Cost": 4.27, "Plan Rows": 1, "Plan Width": 4, "Recheck Cond": "(id = ci.role_id)", "Filter": "((role)::text = 'actress'::text)", "Plans": [{"Node Type": "Bitmap Index Scan", "Parent Relationship": "Outer", "Index Name": "role_type_pkey", "Startup Cost": 0.0, "Total Cost": 0.26, "Plan Rows": 1, "Plan Width": 0, "Index Cond": "(id = ci.role_id)"}]}]}, {"Node Type": "Bitmap Heap Scan", "Parent Relationship": "Inner", "Relation Name": "movie_companies", "Alias": "mc", "Startup Cost": 0.31, "Total Cost": 4.35, "Plan Rows": 1, "Plan Width": 8, "Recheck Cond": "(movie_id = ci.movie_id)", "Filter": "((note IS NOT NULL) AND (((note)::text ~~ '%(USA)%'::text) OR ((note)::text ~~ '%(worldwide)%'::text)))", "Plans": [{"Node Type": "Bitmap Index Scan", "Parent Relationship": "Outer", "Index Name": "movie_id_movie_companies", "Startup Cost": 0.0, "Total Cost": 0.31, "Plan Rows": 2, "Plan Width": 0, "Index Cond": "(movie_id = ci.movie_id)"}]}]}, {"Node Type": "Bitmap Heap Scan", "Parent Relationship": "Inner", "Relation Name": "char_name", "Alias": "chn", "Startup Cost": 0.31, "Total Cost": 4.33, "Plan Rows": 1, "Plan Width": 20, "Recheck Cond": "(id = ci.person_role_id)", "Plans": [{"Node Type": "Bitmap Index Scan", "Parent Relationship": "Outer", "Index Name": "char_name_pkey", "Startup Cost": 0.0, "Total Cost": 0.31, "Plan Rows": 1, "Plan Width": 0, "Index Cond": "(id = ci.person_role_id)"}]}]}, {"Node Type": "Bitmap Heap Scan", "Parent Relationship": "Inner", "Relation Name": "company_name", "Alias": "cn", "Startup Cost": 0.26, "Total Cost": 4.28, "Plan Rows": 1, "Plan Width": 4, "Recheck Cond": "(id = mc.company_id)", "Filter": "((country_code)::text = '[us]'::text)", "Plans": [{"Node Type": "Bitmap Index Scan", "Parent Relationship": "Outer", "Index Name": "company_name_pkey", "Startup Cost": 0.0, "Total Cost": 0.26, "Plan Rows": 1, "Plan Width": 0, "Index Cond": "(id = mc.company_id)"}]}]}, {"Node Type": "Bitmap Heap Scan", "Parent Relationship": "Inner", "Relation Name": "title", "Alias": "t", "Startup Cost": 0.3, "Total Cost": 4.32, "Plan Rows": 1, "Plan Width": 21, "Recheck Cond": "(id = ci.movie_id)", "Filter": "((production_year >= 2005) AND (production_year <= 2015))", "Plans": [{"Node Type": "Bitmap Index Scan", "Parent Relationship": "Outer", "Index Name": "title_pkey", "Startup Cost": 0.0, "Total Cost": 0.3, "Plan Rows": 1, "Plan Width": 0, "Index Cond": "(id = ci.movie_id)"}]}]}, {"Node Type": "Bitmap Heap Scan", "Parent Relationship": "Inner", "Relation Name": "name", "Alias": "n", "Startup Cost": 0.33, "Total Cost": 4.34, "Plan Rows": 1, "Plan Width": 4, "Recheck Cond": "(id = an.person_id)", "Filter": "(((name)::text ~~ '%Ang%'::text) AND ((gender)::text = 'f'::text))", "Plans": [{"Node Type": "Bitmap Index Scan", "Parent Relationship": "Outer", "Index Name": "name_pkey", "Startup Cost": 0.0, "Total Cost": 0.33, "Plan Rows": 1, "Plan Width": 0, "Index Cond": "(id = an.person_id)"}]}]}]}, "Unique SQL Id": 3431223514, "Planner Runtime": 12}, "explain_analyze_plan": null}, "(1, 88)": {"explain_plan": {"Plan": {"Node Type": "Aggregate", "Strategy": "Plain", "Startup Cost": 115024.12, "Total Cost": 115024.13, "Plan Rows": 1, "Plan Width": 145, "Plans": [{"Node Type": "Nested Loop", "Parent Relationship": "Outer", "Join Type": "Inner", "Startup Cost": 0.0, "Total Cost": 115024.11, "Plan Rows": 1, "Plan Width": 49, "Inner Unique": true, "Plans": [{"Node Type": "Nested Loop", "Parent Relationship": "Outer", "Join Type": "Inner", "Startup Cost": 0.0, "Total Cost": 115023.61, "Plan Rows": 1, "Plan Width": 40, "Inner Unique": true, "Plans": [{"Node Type": "Nested Loop", "Parent Relationship": "Outer", "Join Type": "Inner", "Startup Cost": 0.0, "Total Cost": 115022.6, "Plan Rows": 2, "Plan Width": 28, "Inner Unique": true, "Plans": [{"Node Type": "Nested Loop", "Parent Relationship": "Outer", "Join Type": "Inner", "Startup Cost": 0.0, "Total Cost": 115020.96, "Plan Rows": 5, "Plan Width": 32, "Inner Unique": false, "Plans": [{"Node Type": "Nested Loop", "Parent Relationship": "Outer", "Join Type": "Inner", "Startup Cost": 0.0, "Total Cost": 115015.35, "Plan Rows": 13, "Plan Width": 24, "Inner Unique": true, "Plans": [{"Node Type": "Nested Loop", "Parent Relationship": "Outer", "Join Type": "Inner", "Startup Cost": 0.0, "Total Cost": 114975.51, "Plan Rows": 141, "Plan Width": 28, "Inner Unique": false, "Join Filter": "(n.id = ci.person_id)", "Plans": [{"Node Type": "Nested Loop", "Parent Relationship": "Outer", "Join Type": "Inner", "Startup Cost": 0.0, "Total Cost": 114700.23, "Plan Rows": 115, "Plan Width": 24, "Inner Unique": false, "Plans": [{"Node Type": "Seq Scan", "Parent Relationship": "Outer", "Relation Name": "name", "Alias": "n", "Startup Cost": 0.0, "Total Cost": 113909.35, "Plan Rows": 96, "Plan Width": 4, "Filter": "(((name)::text ~~ '%Ang%'::text) AND ((gender)::text = 'f'::text))"}, {"Node Type": "Index Scan", "Parent Relationship": "Inner", "Scan Direction": "Forward", "Index Name": "person_id_aka_name", "Relation Name": "aka_name", "Alias": "an", "Startup Cost": 0.0, "Total Cost": 8.23, "Plan Rows": 1, "Plan Width": 20, "Index Cond": "(person_id = n.id)"}]}, {"Node Type": "Index Scan", "Parent Relationship": "Inner", "Scan Direction": "Forward", "Index Name": "person_id_cast_info", "Relation Name": "cast_info", "Alias": "ci", "Startup Cost": 0.0, "Total Cost": 2.38, "Plan Rows": 1, "Plan Width": 16, "Index Cond": "(person_id = an.person_id)", "Filter": "((note)::text = ANY ('{(voice),\"(voice: Japanese version)\",\"(voice) (uncredited)\",\"(voice: English version)\"}'::text[]))"}]}, {"Node Type": "Index Scan", "Parent Relationship": "Inner", "Scan Direction": "Forward", "Index Name": "role_type_pkey", "Relation Name": "role_type", "Alias": "rt", "Startup Cost": 0.0, "Total Cost": 0.27, "Plan Rows": 1, "Plan Width": 4, "Index Cond": "(id = ci.role_id)", "Filter": "((role)::text = 'actress'::text)"}]}, {"Node Type": "Index Scan", "Parent Relationship": "Inner", "Scan Direction": "Forward", "Index Name": "movie_id_movie_companies", "Relation Name": "movie_companies", "Alias": "mc", "Startup Cost": 0.0, "Total Cost": 0.42, "Plan Rows": 1, "Plan Width": 8, "Index Cond": "(movie_id = ci.movie_id)", "Filter": "((note IS NOT NULL) AND (((note)::text ~~ '%(USA)%'::text) OR ((note)::text ~~ '%(worldwide)%'::text)))"}]}, {"Node Type": "Index Scan", "Parent Relationship": "Inner", "Scan Direction": "Forward", "Index Name": "company_name_pkey", "Relation Name": "company_name", "Alias": "cn", "Startup Cost": 0.0, "Total Cost": 0.32, "Plan Rows": 1, "Plan Width": 4, "Index Cond": "(id = mc.company_id)", "Filter": "((country_code)::text = '[us]'::text)"}]}, {"Node Type": "Index Scan", "Parent Relationship": "Inner", "Scan Direction": "Forward", "Index Name": "char_name_pkey", "Relation Name": "char_name", "Alias": "chn", "Startup Cost": 0.0, "Total Cost": 0.5, "Plan Rows": 1, "Plan Width": 20, "Index Cond": "(id = ci.person_role_id)"}]}, {"Node Type": "Index Scan", "Parent Relationship": "Inner", "Scan Direction": "Forward", "Index Name": "title_pkey", "Relation Name": "title", "Alias": "t", "Startup Cost": 0.0, "Total Cost": 0.49, "Plan Rows": 1, "Plan Width": 21, "Index Cond": "(id = ci.movie_id)", "Filter": "((production_year >= 2005) AND (production_year <= 2015))"}]}]}, "Unique SQL Id": 3431223514, "Planner Runtime": 52}, "explain_analyze_plan": {"Plan": {"Node Type": "Aggregate", "Strategy": "Plain", "Startup Cost": 115024.12, "Total Cost": 115024.13, "Plan Rows": 1, "Plan Width": 145, "Actual Startup Time": 1704.318, "Actual Total Time": 1704.318, "Actual Rows": 1, "Actual Loops": 1, "Plans": [{"Node Type": "Nested Loop", "Parent Relationship": "Outer", "Join Type": "Inner", "Startup Cost": 0.0, "Total Cost": 115024.11, "Plan Rows": 1, "Plan Width": 49, "Actual Startup Time": 696.911, "Actual Total Time": 1704.072, "Actual Rows": 121, "Actual Loops": 1, "Inner Unique": true, "Plans": [{"Node Type": "Nested Loop", "Parent Relationship": "Outer", "Join Type": "Inner", "Startup Cost": 0.0, "Total Cost": 115023.61, "Plan Rows": 1, "Plan Width": 40, "Actual Startup Time": 689.255, "Actual Total Time": 1702.263, "Actual Rows": 341, "Actual Loops": 1, "Inner Unique": true, "Plans": [{"Node Type": "Nested Loop", "Parent Relationship": "Outer", "Join Type": "Inner", "Startup Cost": 0.0, "Total Cost": 115022.6, "Plan Rows": 2, "Plan Width": 28, "Actual Startup Time": 689.243, "Actual Total Time": 1700.623, "Actual Rows": 359, "Actual Loops": 1, "Inner Unique": true, "Plans": [{"Node Type": "Nested Loop", "Parent Relationship": "Outer", "Join Type": "Inner", "Startup Cost": 0.0, "Total Cost": 115020.96, "Plan Rows": 5, "Plan Width": 32, "Actual Startup Time": 689.227, "Actual Total Time": 1698.696, "Actual Rows": 373, "Actual Loops": 1, "Inner Unique": false, "Plans": [{"Node Type": "Nested Loop", "Parent Relationship": "Outer", "Join Type": "Inner", "Startup Cost": 0.0, "Total Cost": 115015.35, "Plan Rows": 13, "Plan Width": 24, "Actual Startup Time": 687.84, "Actual Total Time": 1694.526, "Actual Rows": 425, "Actual Loops": 1, "Inner Unique": true, "Plans": [{"Node Type": "Nested Loop", "Parent Relationship": "Outer", "Join Type": "Inner", "Startup Cost": 0.0, "Total Cost": 114975.51, "Plan Rows": 141, "Plan Width": 28, "Actual Startup Time": 687.826, "Actual Total Time": 1693.167, "Actual Rows": 425, "Actual Loops": 1, "Inner Unique": false, "Join Filter": "(n.id = ci.person_id)", "Rows Removed by Join Filter": 0, "Plans": [{"Node Type": "Nested Loop", "Parent Relationship": "Outer", "Join Type": "Inner", "Startup Cost": 0.0, "Total Cost": 114700.23, "Plan Rows": 115, "Plan Width": 24, "Actual Startup Time": 672.809, "Actual Total Time": 1643.882, "Actual Rows": 1558, "Actual Loops": 1, "Inner Unique": false, "Plans": [{"Node Type": "Seq Scan", "Parent Relationship": "Outer", "Relation Name": "name", "Alias": "n", "Startup Cost": 0.0, "Total Cost": 113909.35, "Plan Rows": 96, "Plan Width": 4, "Actual Startup Time": 671.098, "Actual Total Time": 1621.774, "Actual Rows": 6768, "Actual Loops": 1, "Filter": "(((name)::text ~~ '%Ang%'::text) AND ((gender)::text = 'f'::text))", "Rows Removed by Filter": 4160722}, {"Node Type": "Index Scan", "Parent Relationship": "Inner", "Scan Direction": "Forward", "Index Name": "person_id_aka_name", "Relation Name": "aka_name", "Alias": "an", "Startup Cost": 0.0, "Total Cost": 8.23, "Plan Rows": 1, "Plan Width": 20, "Actual Startup Time": 17.327, "Actual Total Time": 18.037, "Actual Rows": 1558, "Actual Loops": 6768, "Index Cond": "(person_id = n.id)", "Rows Removed by Index Recheck": 0}]}, {"Node Type": "Index Scan", "Parent Relationship": "Inner", "Scan Direction": "Forward", "Index Name": "person_id_cast_info", "Relation Name": "cast_info", "Alias": "ci", "Startup Cost": 0.0, "Total Cost": 2.38, "Plan Rows": 1, "Plan Width": 16, "Actual Startup Time": 43.363, "Actual Total Time": 48.09, "Actual Rows": 425, "Actual Loops": 1558, "Index Cond": "(person_id = an.person_id)", "Rows Removed by Index Recheck": 0, "Filter": "((note)::text = ANY ('{(voice),\"(voice: Japanese version)\",\"(voice) (uncredited)\",\"(voice: English version)\"}'::text[]))", "Rows Removed by Filter": 69057}]}, {"Node Type": "Index Scan", "Parent Relationship": "Inner", "Scan Direction": "Forward", "Index Name": "role_type_pkey", "Relation Name": "role_type", "Alias": "rt", "Startup Cost": 0.0, "Total Cost": 0.27, "Plan Rows": 1, "Plan Width": 4, "Actual Startup Time": 0.9, "Actual Total Time": 0.9, "Actual Rows": 425, "Actual Loops": 425, "Index Cond": "(id = ci.role_id)", "Rows Removed by Index Recheck": 0, "Filter": "((role)::text = 'actress'::text)", "Rows Removed by Filter": 0}]}, {"Node Type": "Index Scan", "Parent Relationship": "Inner", "Scan Direction": "Forward", "Index Name": "movie_id_movie_companies", "Relation Name": "movie_companies", "Alias": "mc", "Startup Cost": 0.0, "Total Cost": 0.42, "Plan Rows": 1, "Plan Width": 8, "Actual Startup Time": 2.584, "Actual Total Time": 3.726, "Actual Rows": 373, "Actual Loops": 425, "Index Cond": "(movie_id = ci.movie_id)", "Rows Removed by Index Recheck": 0, "Filter": "((note IS NOT NULL) AND (((note)::text ~~ '%(USA)%'::text) OR ((note)::text ~~ '%(worldwide)%'::text)))", "Rows Removed by Filter": 1538}]}, {"Node Type": "Index Scan", "Parent Relationship": "Inner", "Scan Direction": "Forward", "Index Name": "company_name_pkey", "Relation Name": "company_name", "Alias": "cn", "Startup Cost": 0.0, "Total Cost": 0.32, "Plan Rows": 1, "Plan Width": 4, "Actual Startup Time": 1.562, "Actual Total Time": 1.562, "Actual Rows": 359, "Actual Loops": 373, "Index Cond": "(id = mc.company_id)", "Rows Removed by Index Recheck": 0, "Filter": "((country_code)::text = '[us]'::text)", "Rows Removed by Filter": 14}]}, {"Node Type": "Index Scan", "Parent Relationship": "Inner", "Scan Direction": "Forward", "Index Name": "char_name_pkey", "Relation Name": "char_name", "Alias": "chn", "Startup Cost": 0.0, "Total Cost": 0.5, "Plan Rows": 1, "Plan Width": 20, "Actual Startup Time": 1.238, "Actual Total Time": 1.238, "Actual Rows": 341, "Actual Loops": 359, "Index Cond": "(id = ci.person_role_id)", "Rows Removed by Index Recheck": 0}]}, {"Node Type": "Index Scan", "Parent Relationship": "Inner", "Scan Direction": "Forward", "Index Name": "title_pkey", "Relation Name": "title", "Alias": "t", "Startup Cost": 0.0, "Total Cost": 0.49, "Plan Rows": 1, "Plan Width": 21, "Actual Startup Time": 1.522, "Actual Total Time": 1.522, "Actual Rows": 121, "Actual Loops": 341, "Index Cond": "(id = ci.movie_id)", "Rows Removed by Index Recheck": 0, "Filter": "((production_year >= 2005) AND (production_year <= 2015))", "Rows Removed by Filter": 220}]}]}, "Triggers": [], "Planner Runtime": 26, "Total Runtime": 1704.792, "Unique SQL Id": 3431223514}}, "(1, 89)": {"explain_plan": {"Plan": {"Node Type": "Aggregate", "Strategy": "Plain", "Startup Cost": 198184.97, "Total Cost": 198184.98, "Plan Rows": 1, "Plan Width": 145, "Plans": [{"Node Type": "Nested Loop", "Parent Relationship": "Outer", "Join Type": "Inner", "Startup Cost": 0.0, "Total Cost": 198184.96, "Plan Rows": 1, "Plan Width": 49, "Inner Unique": true, "Plans": [{"Node Type": "Nested Loop", "Parent Relationship": "Outer", "Join Type": "Inner", "Startup Cost": 0.0, "Total Cost": 198184.46, "Plan Rows": 1, "Plan Width": 40, "Inner Unique": true, "Plans": [{"Node Type": "Nested Loop", "Parent Relationship": "Outer", "Join Type": "Inner", "Startup Cost": 0.0, "Total Cost": 198183.44, "Plan Rows": 2, "Plan Width": 28, "Inner Unique": true, "Plans": [{"Node Type": "Nested Loop", "Parent Relationship": "Outer", "Join Type": "Inner", "Startup Cost": 0.0, "Total Cost": 198181.8, "Plan Rows": 5, "Plan Width": 32, "Inner Unique": false, "Plans": [{"Node Type": "Nested Loop", "Parent Relationship": "Outer", "Join Type": "Inner", "Startup Cost": 0.0, "Total Cost": 198176.2, "Plan Rows": 13, "Plan Width": 24, "Inner Unique": true, "Plans": [{"Node Type": "Nested Loop", "Parent Relationship": "Outer", "Join Type": "Inner", "Startup Cost": 0.0, "Total Cost": 198136.36, "Plan Rows": 141, "Plan Width": 28, "Inner Unique": false, "Join Filter": "(n.id = ci.person_id)", "Plans": [{"Node Type": "Nested Loop", "Parent Relationship": "Outer", "Join Type": "Inner", "Startup Cost": 0.0, "Total Cost": 197861.08, "Plan Rows": 115, "Plan Width": 24, "Inner Unique": false, "Plans": [{"Node Type": "Index Scan", "Parent Relationship": "Outer", "Scan Direction": "Forward", "Index Name": "name_pkey", "Relation Name": "name", "Alias": "n", "Startup Cost": 0.0, "Total Cost": 197070.2, "Plan Rows": 96, "Plan Width": 4, "Filter": "(((name)::text ~~ '%Ang%'::text) AND ((gender)::text = 'f'::text))"}, {"Node Type": "Index Scan", "Parent Relationship": "Inner", "Scan Direction": "Forward", "Index Name": "person_id_aka_name", "Relation Name": "aka_name", "Alias": "an", "Startup Cost": 0.0, "Total Cost": 8.23, "Plan Rows": 1, "Plan Width": 20, "Index Cond": "(person_id = n.id)"}]}, {"Node Type": "Index Scan", "Parent Relationship": "Inner", "Scan Direction": "Forward", "Index Name": "person_id_cast_info", "Relation Name": "cast_info", "Alias": "ci", "Startup Cost": 0.0, "Total Cost": 2.38, "Plan Rows": 1, "Plan Width": 16, "Index Cond": "(person_id = an.person_id)", "Filter": "((note)::text = ANY ('{(voice),\"(voice: Japanese version)\",\"(voice) (uncredited)\",\"(voice: English version)\"}'::text[]))"}]}, {"Node Type": "Index Scan", "Parent Relationship": "Inner", "Scan Direction": "Forward", "Index Name": "role_type_pkey", "Relation Name": "role_type", "Alias": "rt", "Startup Cost": 0.0, "Total Cost": 0.27, "Plan Rows": 1, "Plan Width": 4, "Index Cond": "(id = ci.role_id)", "Filter": "((role)::text = 'actress'::text)"}]}, {"Node Type": "Index Scan", "Parent Relationship": "Inner", "Scan Direction": "Forward", "Index Name": "movie_id_movie_companies", "Relation Name": "movie_companies", "Alias": "mc", "Startup Cost": 0.0, "Total Cost": 0.42, "Plan Rows": 1, "Plan Width": 8, "Index Cond": "(movie_id = ci.movie_id)", "Filter": "((note IS NOT NULL) AND (((note)::text ~~ '%(USA)%'::text) OR ((note)::text ~~ '%(worldwide)%'::text)))"}]}, {"Node Type": "Index Scan", "Parent Relationship": "Inner", "Scan Direction": "Forward", "Index Name": "company_name_pkey", "Relation Name": "company_name", "Alias": "cn", "Startup Cost": 0.0, "Total Cost": 0.32, "Plan Rows": 1, "Plan Width": 4, "Index Cond": "(id = mc.company_id)", "Filter": "((country_code)::text = '[us]'::text)"}]}, {"Node Type": "Index Scan", "Parent Relationship": "Inner", "Scan Direction": "Forward", "Index Name": "char_name_pkey", "Relation Name": "char_name", "Alias": "chn", "Startup Cost": 0.0, "Total Cost": 0.5, "Plan Rows": 1, "Plan Width": 20, "Index Cond": "(id = ci.person_role_id)"}]}, {"Node Type": "Index Scan", "Parent Relationship": "Inner", "Scan Direction": "Forward", "Index Name": "title_pkey", "Relation Name": "title", "Alias": "t", "Startup Cost": 0.0, "Total Cost": 0.49, "Plan Rows": 1, "Plan Width": 21, "Index Cond": "(id = ci.movie_id)", "Filter": "((production_year >= 2005) AND (production_year <= 2015))"}]}]}, "Unique SQL Id": 3431223514, "Planner Runtime": 55}, "explain_analyze_plan": null}, "(1, 90)": {"explain_plan": {"Plan": {"Node Type": "Aggregate", "Strategy": "Plain", "Startup Cost": 1805004.29, "Total Cost": 1805004.3, "Plan Rows": 1, "Plan Width": 145, "Plans": [{"Node Type": "Merge Join", "Parent Relationship": "Outer", "Join Type": "Inner", "Startup Cost": 1804578.4, "Total Cost": 1805004.27, "Plan Rows": 2, "Plan Width": 49, "Inner Unique": true, "Merge Cond": "(mc.company_id = cn.id)", "Plans": [{"Node Type": "Sort", "Parent Relationship": "Outer", "Startup Cost": 1791700.36, "Total Cost": 1791700.36, "Plan Rows": 2, "Plan Width": 53, "Sort Key": ["mc.company_id"], "Plans": [{"Node Type": "Merge Join", "Parent Relationship": "Outer", "Join Type": "Inner", "Startup Cost": 1784673.74, "Total Cost": 1791700.35, "Plan Rows": 2, "Plan Width": 53, "Inner Unique": true, "Merge Cond": "(ci.movie_id = t.id)", "Plans": [{"Node Type": "Merge Join", "Parent Relationship": "Outer", "Join Type": "Inner", "Startup Cost": 1600590.77, "Total Cost": 1602076.18, "Plan Rows": 2, "Plan Width": 44, "Inner Unique": false, "Merge Cond": "(ci.movie_id = mc.movie_id)", "Plans": [{"Node Type": "Sort", "Parent Relationship": "Outer", "Startup Cost": 1518723.34, "Total Cost": 1518723.35, "Plan Rows": 6, "Plan Width": 36, "Sort Key": ["ci.movie_id"], "Plans": [{"Node Type": "Merge Join", "Parent Relationship": "Outer", "Join Type": "Inner", "Startup Cost": 1503021.48, "Total Cost": 1518723.26, "Plan Rows": 6, "Plan Width": 36, "Inner Unique": true, "Merge Cond": "(ci.person_role_id = chn.id)", "Plans": [{"Node Type": "Sort", "Parent Relationship": "Outer", "Startup Cost": 1096646.56, "Total Cost": 1096646.59, "Plan Rows": 13, "Plan Width": 24, "Sort Key": ["ci.person_role_id"], "Plans": [{"Node Type": "Merge Join", "Parent Relationship": "Outer", "Join Type": "Inner", "Startup Cost": 1096645.47, "Total Cost": 1096646.32, "Plan Rows": 13, "Plan Width": 24, "Inner Unique": false, "Merge Cond": "(rt.id = ci.role_id)", "Plans": [{"Node Type": "Sort", "Parent Relationship": "Outer", "Startup Cost": 1.16, "Total Cost": 1.16, "Plan Rows": 1, "Plan Width": 4, "Sort Key": ["rt.id"], "Plans": [{"Node Type": "Seq Scan", "Parent Relationship": "Outer", "Relation Name": "role_type", "Alias": "rt", "Startup Cost": 0.0, "Total Cost": 1.15, "Plan Rows": 1, "Plan Width": 4, "Filter": "((role)::text = 'actress'::text)"}]}, {"Node Type": "Sort", "Parent Relationship": "Inner", "Startup Cost": 1096644.31, "Total Cost": 1096644.67, "Plan Rows": 141, "Plan Width": 28, "Sort Key": ["ci.role_id"], "Plans": [{"Node Type": "Merge Join", "Parent Relationship": "Outer", "Join Type": "Inner", "Startup Cost": 1088081.31, "Total Cost": 1096639.28, "Plan Rows": 141, "Plan Width": 28, "Inner Unique": false, "Merge Cond": "(n.id = ci.person_id)", "Plans": [{"Node Type": "Merge Join", "Parent Relationship": "Outer", "Join Type": "Inner", "Startup Cost": 222971.52, "Total Cost": 227479.72, "Plan Rows": 115, "Plan Width": 24, "Inner Unique": false, "Merge Cond": "(n.id = an.person_id)", "Plans": [{"Node Type": "Sort", "Parent Relationship": "Outer", "Startup Cost": 113912.51, "Total Cost": 113912.75, "Plan Rows": 96, "Plan Width": 4, "Sort Key": ["n.id"], "Plans": [{"Node Type": "Seq Scan", "Parent Relationship": "Outer", "Relation Name": "name", "Alias": "n", "Startup Cost": 0.0, "Total Cost": 113909.35, "Plan Rows": 96, "Plan Width": 4, "Filter": "(((name)::text ~~ '%Ang%'::text) AND ((gender)::text = 'f'::text))"}]}, {"Node Type": "Sort", "Parent Relationship": "Inner", "Startup Cost": 109058.87, "Total Cost": 111312.23, "Plan Rows": 901342, "Plan Width": 20, "Sort Key": ["an.person_id"], "Plans": [{"Node Type": "Seq Scan", "Parent Relationship": "Outer", "Relation Name": "aka_name", "Alias": "an", "Startup Cost": 0.0, "Total Cost": 19908.42, "Plan Rows": 901342, "Plan Width": 20}]}]}, {"Node Type": "Sort", "Parent Relationship": "Inner", "Startup Cost": 865109.66, "Total Cost": 867192.56, "Plan Rows": 833163, "Plan Width": 16, "Sort Key": ["ci.person_id"], "Plans": [{"Node Type": "Seq Scan", "Parent Relationship": "Outer", "Relation Name": "cast_info", "Alias": "ci", "Startup Cost": 0.0, "Total Cost": 783175.41, "Plan Rows": 833163, "Plan Width": 16, "Filter": "((note)::text = ANY ('{(voice),\"(voice: Japanese version)\",\"(voice) (uncredited)\",\"(voice: English version)\"}'::text[]))"}]}]}]}]}]}, {"Node Type": "Sort", "Parent Relationship": "Inner", "Startup Cost": 406374.92, "Total Cost": 414225.77, "Plan Rows": 3140338, "Plan Width": 20, "Sort Key": ["chn.id"], "Plans": [{"Node Type": "Seq Scan", "Parent Relationship": "Outer", "Relation Name": "char_name", "Alias": "chn", "Startup Cost": 0.0, "Total Cost": 67493.38, "Plan Rows": 3140338, "Plan Width": 20}]}]}]}, {"Node Type": "Sort", "Parent Relationship": "Inner", "Startup Cost": 81867.44, "Total Cost": 82610.12, "Plan Rows": 297072, "Plan Width": 8, "Sort Key": ["mc.movie_id"], "Plans": [{"Node Type": "Seq Scan", "Parent Relationship": "Outer", "Relation Name": "movie_companies", "Alias": "mc", "Startup Cost": 0.0, "Total Cost": 54862.92, "Plan Rows": 297072, "Plan Width": 8, "Filter": "((note IS NOT NULL) AND (((note)::text ~~ '%(USA)%'::text) OR ((note)::text ~~ '%(worldwide)%'::text))), (LLVM Optimized)"}]}]}, {"Node Type": "Sort", "Parent Relationship": "Inner", "Startup Cost": 184082.96, "Total Cost": 186856.02, "Plan Rows": 1109224, "Plan Width": 21, "Sort Key": ["t.id"], "Plans": [{"Node Type": "Seq Scan", "Parent Relationship": "Outer", "Relation Name": "title", "Alias": "t", "Startup Cost": 324.95, "Total Cost": 72710.67, "Plan Rows": 1109224, "Plan Width": 21, "Filter": "((production_year >= 2005) AND (production_year <= 2015)), (LLVM Optimized)"}]}]}]}, {"Node Type": "Sort", "Parent Relationship": "Inner", "Startup Cost": 12878.05, "Total Cost": 13090.97, "Plan Rows": 85170, "Plan Width": 4, "Sort Key": ["cn.id"], "Plans": [{"Node Type": "Seq Scan", "Parent Relationship": "Outer", "Relation Name": "company_name", "Alias": "cn", "Startup Cost": 0.0, "Total Cost": 5903.45, "Plan Rows": 85170, "Plan Width": 4, "Filter": "((country_code)::text = '[us]'::text)"}]}]}]}, "Unique SQL Id": 3431223514, "Planner Runtime": 58}, "explain_analyze_plan": null}, "(1, 91)": {"explain_plan": {"Plan": {"Node Type": "Aggregate", "Strategy": "Plain", "Startup Cost": 7329417497562.09, "Total Cost": 7329417497562.1, "Plan Rows": 1, "Plan Width": 145, "Plans": [{"Node Type": "Merge Join", "Parent Relationship": "Outer", "Join Type": "Inner", "Startup Cost": 5509172076602.9, "Total Cost": 7329417497562.08, "Plan Rows": 2, "Plan Width": 49, "Inner Unique": true, "Merge Cond": "(ci.person_id = n.id)", "Plans": [{"Node Type": "Merge Join", "Parent Relationship": "Outer", "Join Type": "Inner", "Startup Cost": 5499172076602.9, "Total Cost": 6350023201080.66, "Plan Rows": 9705, "Plan Width": 57, "Inner Unique": false, "Merge Cond": "(ci.person_id = an.person_id)", "Plans": [{"Node Type": "Sort", "Parent Relationship": "Outer", "Startup Cost": 5489172076602.9, "Total Cost": 5489172076623.16, "Plan Rows": 8105, "Plan Width": 37, "Sort Key": ["ci.person_id"], "Plans": [{"Node Type": "Merge Join", "Parent Relationship": "Outer", "Join Type": "Inner", "Startup Cost": 4500042505090.18, "Total Cost": 5489172076076.69, "Plan Rows": 8105, "Plan Width": 37, "Inner Unique": true, "Merge Cond": "(ci.movie_id = t.id)", "Plans": [{"Node Type": "Merge Join", "Parent Relationship": "Outer", "Join Type": "Inner", "Startup Cost": 4490042505090.18, "Total Cost": 4490042506124.46, "Plan Rows": 6561, "Plan Width": 28, "Inner Unique": false, "Merge Cond": "(mc.movie_id = ci.movie_id)", "Plans": [{"Node Type": "Sort", "Parent Relationship": "Outer", "Startup Cost": 2000014736998.95, "Total Cost": 2000014737364.11, "Plan Rows": 146066, "Plan Width": 4, "Sort Key": ["mc.movie_id"], "Plans": [{"Node Type": "Merge Join", "Parent Relationship": "Outer", "Join Type": "Inner", "Startup Cost": 45724119200.86, "Total Cost": 2000014724469.22, "Plan Rows": 146066, "Plan Width": 4, "Inner Unique": false, "Merge Cond": "(cn.id = mc.company_id)", "Plans": [{"Node Type": "Index Scan", "Parent Relationship": "Outer", "Scan Direction": "Forward", "Index Name": "company_name_pkey", "Relation Name": "company_name", "Alias": "cn", "Startup Cost": 10000000000.0, "Total Cost": 1000001050138.97, "Plan Rows": 85170, "Plan Width": 4, "Filter": "((country_code)::text = '[us]'::text)"}, {"Node Type": "Index Scan", "Parent Relationship": "Inner", "Scan Direction": "Forward", "Index Name": "company_id_movie_companies", "Relation Name": "movie_companies", "Alias": "mc", "Startup Cost": 10000000000.0, "Total Cost": 1000013671913.98, "Plan Rows": 297072, "Plan Width": 8, "Filter": "((note IS NOT NULL) AND (((note)::text ~~ '%(USA)%'::text) OR ((note)::text ~~ '%(worldwide)%'::text))), (LLVM Optimized)"}]}]}, {"Node Type": "Sort", "Parent Relationship": "Inner", "Startup Cost": 2490027768091.22, "Total Cost": 2490027768183.02, "Plan Rows": 36717, "Plan Width": 24, "Sort Key": ["ci.movie_id"], "Plans": [{"Node Type": "Merge Join", "Parent Relationship": "Outer", "Join Type": "Inner", "Startup Cost": 1500027761491.11, "Total Cost": 2490027765307.31, "Plan Rows": 36717, "Plan Width": 24, "Inner Unique": true, "Merge Cond": "(ci.role_id = rt.id)", "Plans": [{"Node Type": "Sort", "Parent Relationship": "Outer", "Startup Cost": 1490027761491.11, "Total Cost": 1490027762500.83, "Plan Rows": 403890, "Plan Width": 28, "Sort Key": ["ci.role_id"], "Plans": [{"Node Type": "Merge Join", "Parent Relationship": "Outer", "Join Type": "Inner", "Startup Cost": 59427183222.87, "Total Cost": 1490027723881.67, "Plan Rows": 403890, "Plan Width": 28, "Inner Unique": false, "Merge Cond": "(chn.id = ci.person_role_id)", "Plans": [{"Node Type": "Index Scan", "Parent Relationship": "Outer", "Scan Direction": "Forward", "Index Name": "char_name_pkey", "Relation Name": "char_name", "Alias": "chn", "Startup Cost": 10000000000.0, "Total Cost": 1000012987545.51, "Plan Rows": 3140338, "Plan Width": 20}, {"Node Type": "Index Scan", "Parent Relationship": "Inner", "Scan Direction": "Forward", "Index Name": "person_role_id_cast_info", "Relation Name": "cast_info", "Alias": "ci", "Startup Cost": 10000000000.0, "Total Cost": 1000211315681.48, "Plan Rows": 833163, "Plan Width": 16, "Filter": "((note)::text = ANY ('{(voice),\"(voice: Japanese version)\",\"(voice) (uncredited)\",\"(voice: English version)\"}'::text[]))"}]}]}, {"Node Type": "Materialize", "Parent Relationship": "Inner", "Startup Cost": 10000000000.0, "Total Cost": 1000000001246.0, "Plan Rows": 1, "Plan Width": 4, "Plans": [{"Node Type": "Index Scan", "Parent Relationship": "Outer", "Scan Direction": "Forward", "Index Name": "role_type_pkey", "Relation Name": "role_type", "Alias": "rt", "Startup Cost": 10000000000.0, "Total Cost": 1000000001246.0, "Plan Rows": 1, "Plan Width": 4, "Filter": "((role)::text = 'actress'::text)"}]}]}]}]}, {"Node Type": "Index Scan", "Parent Relationship": "Inner", "Scan Direction": "Forward", "Index Name": "title_pkey", "Relation Name": "title", "Alias": "t", "Startup Cost": 10000000000.0, "Total Cost": 1000012276204.41, "Plan Rows": 1109224, "Plan Width": 21, "Filter": "((production_year >= 2005) AND (production_year <= 2015)), (LLVM Optimized)"}]}]}, {"Node Type": "Index Scan", "Parent Relationship": "Inner", "Scan Direction": "Forward", "Index Name": "person_id_aka_name", "Relation Name": "aka_name", "Alias": "an", "Startup Cost": 10000000000.0, "Total Cost": 1000006896503.43, "Plan Rows": 901342, "Plan Width": 20}]}, {"Node Type": "Index Scan", "Parent Relationship": "Inner", "Scan Direction": "Forward", "Index Name": "name_pkey", "Relation Name": "name", "Alias": "n", "Startup Cost": 10000000000.0, "Total Cost": 1000019707019.7, "Plan Rows": 96, "Plan Width": 4, "Filter": "(((name)::text ~~ '%Ang%'::text) AND ((gender)::text = 'f'::text))"}]}]}, "Unique SQL Id": 3431223514, "Planner Runtime": 192}, "explain_analyze_plan": null}, "(1, 92)": {"explain_plan": {"Plan": {"Node Type": "Aggregate", "Strategy": "Plain", "Startup Cost": 115024.12, "Total Cost": 115024.13, "Plan Rows": 1, "Plan Width": 145, "Plans": [{"Node Type": "Nested Loop", "Parent Relationship": "Outer", "Join Type": "Inner", "Startup Cost": 0.0, "Total Cost": 115024.11, "Plan Rows": 1, "Plan Width": 49, "Inner Unique": true, "Plans": [{"Node Type": "Nested Loop", "Parent Relationship": "Outer", "Join Type": "Inner", "Startup Cost": 0.0, "Total Cost": 115023.61, "Plan Rows": 1, "Plan Width": 40, "Inner Unique": true, "Plans": [{"Node Type": "Nested Loop", "Parent Relationship": "Outer", "Join Type": "Inner", "Startup Cost": 0.0, "Total Cost": 115022.6, "Plan Rows": 2, "Plan Width": 28, "Inner Unique": true, "Plans": [{"Node Type": "Nested Loop", "Parent Relationship": "Outer", "Join Type": "Inner", "Startup Cost": 0.0, "Total Cost": 115020.96, "Plan Rows": 5, "Plan Width": 32, "Inner Unique": false, "Plans": [{"Node Type": "Nested Loop", "Parent Relationship": "Outer", "Join Type": "Inner", "Startup Cost": 0.0, "Total Cost": 115015.35, "Plan Rows": 13, "Plan Width": 24, "Inner Unique": true, "Plans": [{"Node Type": "Nested Loop", "Parent Relationship": "Outer", "Join Type": "Inner", "Startup Cost": 0.0, "Total Cost": 114975.51, "Plan Rows": 141, "Plan Width": 28, "Inner Unique": false, "Join Filter": "(n.id = ci.person_id)", "Plans": [{"Node Type": "Nested Loop", "Parent Relationship": "Outer", "Join Type": "Inner", "Startup Cost": 0.0, "Total Cost": 114700.23, "Plan Rows": 115, "Plan Width": 24, "Inner Unique": false, "Plans": [{"Node Type": "Seq Scan", "Parent Relationship": "Outer", "Relation Name": "name", "Alias": "n", "Startup Cost": 0.0, "Total Cost": 113909.35, "Plan Rows": 96, "Plan Width": 4, "Filter": "(((name)::text ~~ '%Ang%'::text) AND ((gender)::text = 'f'::text))"}, {"Node Type": "Index Scan", "Parent Relationship": "Inner", "Scan Direction": "Forward", "Index Name": "person_id_aka_name", "Relation Name": "aka_name", "Alias": "an", "Startup Cost": 0.0, "Total Cost": 8.23, "Plan Rows": 1, "Plan Width": 20, "Index Cond": "(person_id = n.id)"}]}, {"Node Type": "Index Scan", "Parent Relationship": "Inner", "Scan Direction": "Forward", "Index Name": "person_id_cast_info", "Relation Name": "cast_info", "Alias": "ci", "Startup Cost": 0.0, "Total Cost": 2.38, "Plan Rows": 1, "Plan Width": 16, "Index Cond": "(person_id = an.person_id)", "Filter": "((note)::text = ANY ('{(voice),\"(voice: Japanese version)\",\"(voice) (uncredited)\",\"(voice: English version)\"}'::text[]))"}]}, {"Node Type": "Index Scan", "Parent Relationship": "Inner", "Scan Direction": "Forward", "Index Name": "role_type_pkey", "Relation Name": "role_type", "Alias": "rt", "Startup Cost": 0.0, "Total Cost": 0.27, "Plan Rows": 1, "Plan Width": 4, "Index Cond": "(id = ci.role_id)", "Filter": "((role)::text = 'actress'::text)"}]}, {"Node Type": "Index Scan", "Parent Relationship": "Inner", "Scan Direction": "Forward", "Index Name": "movie_id_movie_companies", "Relation Name": "movie_companies", "Alias": "mc", "Startup Cost": 0.0, "Total Cost": 0.42, "Plan Rows": 1, "Plan Width": 8, "Index Cond": "(movie_id = ci.movie_id)", "Filter": "((note IS NOT NULL) AND (((note)::text ~~ '%(USA)%'::text) OR ((note)::text ~~ '%(worldwide)%'::text)))"}]}, {"Node Type": "Index Scan", "Parent Relationship": "Inner", "Scan Direction": "Forward", "Index Name": "company_name_pkey", "Relation Name": "company_name", "Alias": "cn", "Startup Cost": 0.0, "Total Cost": 0.32, "Plan Rows": 1, "Plan Width": 4, "Index Cond": "(id = mc.company_id)", "Filter": "((country_code)::text = '[us]'::text)"}]}, {"Node Type": "Index Scan", "Parent Relationship": "Inner", "Scan Direction": "Forward", "Index Name": "char_name_pkey", "Relation Name": "char_name", "Alias": "chn", "Startup Cost": 0.0, "Total Cost": 0.5, "Plan Rows": 1, "Plan Width": 20, "Index Cond": "(id = ci.person_role_id)"}]}, {"Node Type": "Index Scan", "Parent Relationship": "Inner", "Scan Direction": "Forward", "Index Name": "title_pkey", "Relation Name": "title", "Alias": "t", "Startup Cost": 0.0, "Total Cost": 0.49, "Plan Rows": 1, "Plan Width": 21, "Index Cond": "(id = ci.movie_id)", "Filter": "((production_year >= 2005) AND (production_year <= 2015))"}]}]}, "Unique SQL Id": 3431223514, "Planner Runtime": 53}, "explain_analyze_plan": {"Plan": {"Node Type": "Aggregate", "Strategy": "Plain", "Startup Cost": 115024.12, "Total Cost": 115024.13, "Plan Rows": 1, "Plan Width": 145, "Actual Startup Time": 1704.318, "Actual Total Time": 1704.318, "Actual Rows": 1, "Actual Loops": 1, "Plans": [{"Node Type": "Nested Loop", "Parent Relationship": "Outer", "Join Type": "Inner", "Startup Cost": 0.0, "Total Cost": 115024.11, "Plan Rows": 1, "Plan Width": 49, "Actual Startup Time": 696.911, "Actual Total Time": 1704.072, "Actual Rows": 121, "Actual Loops": 1, "Inner Unique": true, "Plans": [{"Node Type": "Nested Loop", "Parent Relationship": "Outer", "Join Type": "Inner", "Startup Cost": 0.0, "Total Cost": 115023.61, "Plan Rows": 1, "Plan Width": 40, "Actual Startup Time": 689.255, "Actual Total Time": 1702.263, "Actual Rows": 341, "Actual Loops": 1, "Inner Unique": true, "Plans": [{"Node Type": "Nested Loop", "Parent Relationship": "Outer", "Join Type": "Inner", "Startup Cost": 0.0, "Total Cost": 115022.6, "Plan Rows": 2, "Plan Width": 28, "Actual Startup Time": 689.243, "Actual Total Time": 1700.623, "Actual Rows": 359, "Actual Loops": 1, "Inner Unique": true, "Plans": [{"Node Type": "Nested Loop", "Parent Relationship": "Outer", "Join Type": "Inner", "Startup Cost": 0.0, "Total Cost": 115020.96, "Plan Rows": 5, "Plan Width": 32, "Actual Startup Time": 689.227, "Actual Total Time": 1698.696, "Actual Rows": 373, "Actual Loops": 1, "Inner Unique": false, "Plans": [{"Node Type": "Nested Loop", "Parent Relationship": "Outer", "Join Type": "Inner", "Startup Cost": 0.0, "Total Cost": 115015.35, "Plan Rows": 13, "Plan Width": 24, "Actual Startup Time": 687.84, "Actual Total Time": 1694.526, "Actual Rows": 425, "Actual Loops": 1, "Inner Unique": true, "Plans": [{"Node Type": "Nested Loop", "Parent Relationship": "Outer", "Join Type": "Inner", "Startup Cost": 0.0, "Total Cost": 114975.51, "Plan Rows": 141, "Plan Width": 28, "Actual Startup Time": 687.826, "Actual Total Time": 1693.167, "Actual Rows": 425, "Actual Loops": 1, "Inner Unique": false, "Join Filter": "(n.id = ci.person_id)", "Rows Removed by Join Filter": 0, "Plans": [{"Node Type": "Nested Loop", "Parent Relationship": "Outer", "Join Type": "Inner", "Startup Cost": 0.0, "Total Cost": 114700.23, "Plan Rows": 115, "Plan Width": 24, "Actual Startup Time": 672.809, "Actual Total Time": 1643.882, "Actual Rows": 1558, "Actual Loops": 1, "Inner Unique": false, "Plans": [{"Node Type": "Seq Scan", "Parent Relationship": "Outer", "Relation Name": "name", "Alias": "n", "Startup Cost": 0.0, "Total Cost": 113909.35, "Plan Rows": 96, "Plan Width": 4, "Actual Startup Time": 671.098, "Actual Total Time": 1621.774, "Actual Rows": 6768, "Actual Loops": 1, "Filter": "(((name)::text ~~ '%Ang%'::text) AND ((gender)::text = 'f'::text))", "Rows Removed by Filter": 4160722}, {"Node Type": "Index Scan", "Parent Relationship": "Inner", "Scan Direction": "Forward", "Index Name": "person_id_aka_name", "Relation Name": "aka_name", "Alias": "an", "Startup Cost": 0.0, "Total Cost": 8.23, "Plan Rows": 1, "Plan Width": 20, "Actual Startup Time": 17.327, "Actual Total Time": 18.037, "Actual Rows": 1558, "Actual Loops": 6768, "Index Cond": "(person_id = n.id)", "Rows Removed by Index Recheck": 0}]}, {"Node Type": "Index Scan", "Parent Relationship": "Inner", "Scan Direction": "Forward", "Index Name": "person_id_cast_info", "Relation Name": "cast_info", "Alias": "ci", "Startup Cost": 0.0, "Total Cost": 2.38, "Plan Rows": 1, "Plan Width": 16, "Actual Startup Time": 43.363, "Actual Total Time": 48.09, "Actual Rows": 425, "Actual Loops": 1558, "Index Cond": "(person_id = an.person_id)", "Rows Removed by Index Recheck": 0, "Filter": "((note)::text = ANY ('{(voice),\"(voice: Japanese version)\",\"(voice) (uncredited)\",\"(voice: English version)\"}'::text[]))", "Rows Removed by Filter": 69057}]}, {"Node Type": "Index Scan", "Parent Relationship": "Inner", "Scan Direction": "Forward", "Index Name": "role_type_pkey", "Relation Name": "role_type", "Alias": "rt", "Startup Cost": 0.0, "Total Cost": 0.27, "Plan Rows": 1, "Plan Width": 4, "Actual Startup Time": 0.9, "Actual Total Time": 0.9, "Actual Rows": 425, "Actual Loops": 425, "Index Cond": "(id = ci.role_id)", "Rows Removed by Index Recheck": 0, "Filter": "((role)::text = 'actress'::text)", "Rows Removed by Filter": 0}]}, {"Node Type": "Index Scan", "Parent Relationship": "Inner", "Scan Direction": "Forward", "Index Name": "movie_id_movie_companies", "Relation Name": "movie_companies", "Alias": "mc", "Startup Cost": 0.0, "Total Cost": 0.42, "Plan Rows": 1, "Plan Width": 8, "Actual Startup Time": 2.584, "Actual Total Time": 3.726, "Actual Rows": 373, "Actual Loops": 425, "Index Cond": "(movie_id = ci.movie_id)", "Rows Removed by Index Recheck": 0, "Filter": "((note IS NOT NULL) AND (((note)::text ~~ '%(USA)%'::text) OR ((note)::text ~~ '%(worldwide)%'::text)))", "Rows Removed by Filter": 1538}]}, {"Node Type": "Index Scan", "Parent Relationship": "Inner", "Scan Direction": "Forward", "Index Name": "company_name_pkey", "Relation Name": "company_name", "Alias": "cn", "Startup Cost": 0.0, "Total Cost": 0.32, "Plan Rows": 1, "Plan Width": 4, "Actual Startup Time": 1.562, "Actual Total Time": 1.562, "Actual Rows": 359, "Actual Loops": 373, "Index Cond": "(id = mc.company_id)", "Rows Removed by Index Recheck": 0, "Filter": "((country_code)::text = '[us]'::text)", "Rows Removed by Filter": 14}]}, {"Node Type": "Index Scan", "Parent Relationship": "Inner", "Scan Direction": "Forward", "Index Name": "char_name_pkey", "Relation Name": "char_name", "Alias": "chn", "Startup Cost": 0.0, "Total Cost": 0.5, "Plan Rows": 1, "Plan Width": 20, "Actual Startup Time": 1.238, "Actual Total Time": 1.238, "Actual Rows": 341, "Actual Loops": 359, "Index Cond": "(id = ci.person_role_id)", "Rows Removed by Index Recheck": 0}]}, {"Node Type": "Index Scan", "Parent Relationship": "Inner", "Scan Direction": "Forward", "Index Name": "title_pkey", "Relation Name": "title", "Alias": "t", "Startup Cost": 0.0, "Total Cost": 0.49, "Plan Rows": 1, "Plan Width": 21, "Actual Startup Time": 1.522, "Actual Total Time": 1.522, "Actual Rows": 121, "Actual Loops": 341, "Index Cond": "(id = ci.movie_id)", "Rows Removed by Index Recheck": 0, "Filter": "((production_year >= 2005) AND (production_year <= 2015))", "Rows Removed by Filter": 220}]}]}, "Triggers": [], "Planner Runtime": 26, "Total Runtime": 1704.792, "Unique SQL Id": 3431223514}}, "(1, 93)": {"explain_plan": {"Plan": {"Node Type": "Aggregate", "Strategy": "Plain", "Startup Cost": 198184.97, "Total Cost": 198184.98, "Plan Rows": 1, "Plan Width": 145, "Plans": [{"Node Type": "Nested Loop", "Parent Relationship": "Outer", "Join Type": "Inner", "Startup Cost": 0.0, "Total Cost": 198184.96, "Plan Rows": 1, "Plan Width": 49, "Inner Unique": true, "Plans": [{"Node Type": "Nested Loop", "Parent Relationship": "Outer", "Join Type": "Inner", "Startup Cost": 0.0, "Total Cost": 198184.46, "Plan Rows": 1, "Plan Width": 40, "Inner Unique": true, "Plans": [{"Node Type": "Nested Loop", "Parent Relationship": "Outer", "Join Type": "Inner", "Startup Cost": 0.0, "Total Cost": 198183.44, "Plan Rows": 2, "Plan Width": 28, "Inner Unique": true, "Plans": [{"Node Type": "Nested Loop", "Parent Relationship": "Outer", "Join Type": "Inner", "Startup Cost": 0.0, "Total Cost": 198181.8, "Plan Rows": 5, "Plan Width": 32, "Inner Unique": false, "Plans": [{"Node Type": "Nested Loop", "Parent Relationship": "Outer", "Join Type": "Inner", "Startup Cost": 0.0, "Total Cost": 198176.2, "Plan Rows": 13, "Plan Width": 24, "Inner Unique": true, "Plans": [{"Node Type": "Nested Loop", "Parent Relationship": "Outer", "Join Type": "Inner", "Startup Cost": 0.0, "Total Cost": 198136.36, "Plan Rows": 141, "Plan Width": 28, "Inner Unique": false, "Join Filter": "(n.id = ci.person_id)", "Plans": [{"Node Type": "Nested Loop", "Parent Relationship": "Outer", "Join Type": "Inner", "Startup Cost": 0.0, "Total Cost": 197861.08, "Plan Rows": 115, "Plan Width": 24, "Inner Unique": false, "Plans": [{"Node Type": "Index Scan", "Parent Relationship": "Outer", "Scan Direction": "Forward", "Index Name": "name_pkey", "Relation Name": "name", "Alias": "n", "Startup Cost": 0.0, "Total Cost": 197070.2, "Plan Rows": 96, "Plan Width": 4, "Filter": "(((name)::text ~~ '%Ang%'::text) AND ((gender)::text = 'f'::text))"}, {"Node Type": "Index Scan", "Parent Relationship": "Inner", "Scan Direction": "Forward", "Index Name": "person_id_aka_name", "Relation Name": "aka_name", "Alias": "an", "Startup Cost": 0.0, "Total Cost": 8.23, "Plan Rows": 1, "Plan Width": 20, "Index Cond": "(person_id = n.id)"}]}, {"Node Type": "Index Scan", "Parent Relationship": "Inner", "Scan Direction": "Forward", "Index Name": "person_id_cast_info", "Relation Name": "cast_info", "Alias": "ci", "Startup Cost": 0.0, "Total Cost": 2.38, "Plan Rows": 1, "Plan Width": 16, "Index Cond": "(person_id = an.person_id)", "Filter": "((note)::text = ANY ('{(voice),\"(voice: Japanese version)\",\"(voice) (uncredited)\",\"(voice: English version)\"}'::text[]))"}]}, {"Node Type": "Index Scan", "Parent Relationship": "Inner", "Scan Direction": "Forward", "Index Name": "role_type_pkey", "Relation Name": "role_type", "Alias": "rt", "Startup Cost": 0.0, "Total Cost": 0.27, "Plan Rows": 1, "Plan Width": 4, "Index Cond": "(id = ci.role_id)", "Filter": "((role)::text = 'actress'::text)"}]}, {"Node Type": "Index Scan", "Parent Relationship": "Inner", "Scan Direction": "Forward", "Index Name": "movie_id_movie_companies", "Relation Name": "movie_companies", "Alias": "mc", "Startup Cost": 0.0, "Total Cost": 0.42, "Plan Rows": 1, "Plan Width": 8, "Index Cond": "(movie_id = ci.movie_id)", "Filter": "((note IS NOT NULL) AND (((note)::text ~~ '%(USA)%'::text) OR ((note)::text ~~ '%(worldwide)%'::text)))"}]}, {"Node Type": "Index Scan", "Parent Relationship": "Inner", "Scan Direction": "Forward", "Index Name": "company_name_pkey", "Relation Name": "company_name", "Alias": "cn", "Startup Cost": 0.0, "Total Cost": 0.32, "Plan Rows": 1, "Plan Width": 4, "Index Cond": "(id = mc.company_id)", "Filter": "((country_code)::text = '[us]'::text)"}]}, {"Node Type": "Index Scan", "Parent Relationship": "Inner", "Scan Direction": "Forward", "Index Name": "char_name_pkey", "Relation Name": "char_name", "Alias": "chn", "Startup Cost": 0.0, "Total Cost": 0.5, "Plan Rows": 1, "Plan Width": 20, "Index Cond": "(id = ci.person_role_id)"}]}, {"Node Type": "Index Scan", "Parent Relationship": "Inner", "Scan Direction": "Forward", "Index Name": "title_pkey", "Relation Name": "title", "Alias": "t", "Startup Cost": 0.0, "Total Cost": 0.49, "Plan Rows": 1, "Plan Width": 21, "Index Cond": "(id = ci.movie_id)", "Filter": "((production_year >= 2005) AND (production_year <= 2015))"}]}]}, "Unique SQL Id": 3431223514, "Planner Runtime": 55}, "explain_analyze_plan": null}, "(1, 94)": {"explain_plan": {"Plan": {"Node Type": "Aggregate", "Strategy": "Plain", "Startup Cost": 1805004.29, "Total Cost": 1805004.3, "Plan Rows": 1, "Plan Width": 145, "Plans": [{"Node Type": "Merge Join", "Parent Relationship": "Outer", "Join Type": "Inner", "Startup Cost": 1804578.4, "Total Cost": 1805004.27, "Plan Rows": 2, "Plan Width": 49, "Inner Unique": true, "Merge Cond": "(mc.company_id = cn.id)", "Plans": [{"Node Type": "Sort", "Parent Relationship": "Outer", "Startup Cost": 1791700.36, "Total Cost": 1791700.36, "Plan Rows": 2, "Plan Width": 53, "Sort Key": ["mc.company_id"], "Plans": [{"Node Type": "Merge Join", "Parent Relationship": "Outer", "Join Type": "Inner", "Startup Cost": 1784673.74, "Total Cost": 1791700.35, "Plan Rows": 2, "Plan Width": 53, "Inner Unique": true, "Merge Cond": "(ci.movie_id = t.id)", "Plans": [{"Node Type": "Merge Join", "Parent Relationship": "Outer", "Join Type": "Inner", "Startup Cost": 1600590.77, "Total Cost": 1602076.18, "Plan Rows": 2, "Plan Width": 44, "Inner Unique": false, "Merge Cond": "(ci.movie_id = mc.movie_id)", "Plans": [{"Node Type": "Sort", "Parent Relationship": "Outer", "Startup Cost": 1518723.34, "Total Cost": 1518723.35, "Plan Rows": 6, "Plan Width": 36, "Sort Key": ["ci.movie_id"], "Plans": [{"Node Type": "Merge Join", "Parent Relationship": "Outer", "Join Type": "Inner", "Startup Cost": 1503021.48, "Total Cost": 1518723.26, "Plan Rows": 6, "Plan Width": 36, "Inner Unique": true, "Merge Cond": "(ci.person_role_id = chn.id)", "Plans": [{"Node Type": "Sort", "Parent Relationship": "Outer", "Startup Cost": 1096646.56, "Total Cost": 1096646.59, "Plan Rows": 13, "Plan Width": 24, "Sort Key": ["ci.person_role_id"], "Plans": [{"Node Type": "Merge Join", "Parent Relationship": "Outer", "Join Type": "Inner", "Startup Cost": 1096645.47, "Total Cost": 1096646.32, "Plan Rows": 13, "Plan Width": 24, "Inner Unique": false, "Merge Cond": "(rt.id = ci.role_id)", "Plans": [{"Node Type": "Sort", "Parent Relationship": "Outer", "Startup Cost": 1.16, "Total Cost": 1.16, "Plan Rows": 1, "Plan Width": 4, "Sort Key": ["rt.id"], "Plans": [{"Node Type": "Seq Scan", "Parent Relationship": "Outer", "Relation Name": "role_type", "Alias": "rt", "Startup Cost": 0.0, "Total Cost": 1.15, "Plan Rows": 1, "Plan Width": 4, "Filter": "((role)::text = 'actress'::text)"}]}, {"Node Type": "Sort", "Parent Relationship": "Inner", "Startup Cost": 1096644.31, "Total Cost": 1096644.67, "Plan Rows": 141, "Plan Width": 28, "Sort Key": ["ci.role_id"], "Plans": [{"Node Type": "Merge Join", "Parent Relationship": "Outer", "Join Type": "Inner", "Startup Cost": 1088081.31, "Total Cost": 1096639.28, "Plan Rows": 141, "Plan Width": 28, "Inner Unique": false, "Merge Cond": "(n.id = ci.person_id)", "Plans": [{"Node Type": "Merge Join", "Parent Relationship": "Outer", "Join Type": "Inner", "Startup Cost": 222971.52, "Total Cost": 227479.72, "Plan Rows": 115, "Plan Width": 24, "Inner Unique": false, "Merge Cond": "(n.id = an.person_id)", "Plans": [{"Node Type": "Sort", "Parent Relationship": "Outer", "Startup Cost": 113912.51, "Total Cost": 113912.75, "Plan Rows": 96, "Plan Width": 4, "Sort Key": ["n.id"], "Plans": [{"Node Type": "Seq Scan", "Parent Relationship": "Outer", "Relation Name": "name", "Alias": "n", "Startup Cost": 0.0, "Total Cost": 113909.35, "Plan Rows": 96, "Plan Width": 4, "Filter": "(((name)::text ~~ '%Ang%'::text) AND ((gender)::text = 'f'::text))"}]}, {"Node Type": "Sort", "Parent Relationship": "Inner", "Startup Cost": 109058.87, "Total Cost": 111312.23, "Plan Rows": 901342, "Plan Width": 20, "Sort Key": ["an.person_id"], "Plans": [{"Node Type": "Seq Scan", "Parent Relationship": "Outer", "Relation Name": "aka_name", "Alias": "an", "Startup Cost": 0.0, "Total Cost": 19908.42, "Plan Rows": 901342, "Plan Width": 20}]}]}, {"Node Type": "Sort", "Parent Relationship": "Inner", "Startup Cost": 865109.66, "Total Cost": 867192.56, "Plan Rows": 833163, "Plan Width": 16, "Sort Key": ["ci.person_id"], "Plans": [{"Node Type": "Seq Scan", "Parent Relationship": "Outer", "Relation Name": "cast_info", "Alias": "ci", "Startup Cost": 0.0, "Total Cost": 783175.41, "Plan Rows": 833163, "Plan Width": 16, "Filter": "((note)::text = ANY ('{(voice),\"(voice: Japanese version)\",\"(voice) (uncredited)\",\"(voice: English version)\"}'::text[]))"}]}]}]}]}]}, {"Node Type": "Sort", "Parent Relationship": "Inner", "Startup Cost": 406374.92, "Total Cost": 414225.77, "Plan Rows": 3140338, "Plan Width": 20, "Sort Key": ["chn.id"], "Plans": [{"Node Type": "Seq Scan", "Parent Relationship": "Outer", "Relation Name": "char_name", "Alias": "chn", "Startup Cost": 0.0, "Total Cost": 67493.38, "Plan Rows": 3140338, "Plan Width": 20}]}]}]}, {"Node Type": "Sort", "Parent Relationship": "Inner", "Startup Cost": 81867.44, "Total Cost": 82610.12, "Plan Rows": 297072, "Plan Width": 8, "Sort Key": ["mc.movie_id"], "Plans": [{"Node Type": "Seq Scan", "Parent Relationship": "Outer", "Relation Name": "movie_companies", "Alias": "mc", "Startup Cost": 0.0, "Total Cost": 54862.92, "Plan Rows": 297072, "Plan Width": 8, "Filter": "((note IS NOT NULL) AND (((note)::text ~~ '%(USA)%'::text) OR ((note)::text ~~ '%(worldwide)%'::text))), (LLVM Optimized)"}]}]}, {"Node Type": "Sort", "Parent Relationship": "Inner", "Startup Cost": 184082.96, "Total Cost": 186856.02, "Plan Rows": 1109224, "Plan Width": 21, "Sort Key": ["t.id"], "Plans": [{"Node Type": "Seq Scan", "Parent Relationship": "Outer", "Relation Name": "title", "Alias": "t", "Startup Cost": 324.95, "Total Cost": 72710.67, "Plan Rows": 1109224, "Plan Width": 21, "Filter": "((production_year >= 2005) AND (production_year <= 2015)), (LLVM Optimized)"}]}]}]}, {"Node Type": "Sort", "Parent Relationship": "Inner", "Startup Cost": 12878.05, "Total Cost": 13090.97, "Plan Rows": 85170, "Plan Width": 4, "Sort Key": ["cn.id"], "Plans": [{"Node Type": "Seq Scan", "Parent Relationship": "Outer", "Relation Name": "company_name", "Alias": "cn", "Startup Cost": 0.0, "Total Cost": 5903.45, "Plan Rows": 85170, "Plan Width": 4, "Filter": "((country_code)::text = '[us]'::text)"}]}]}]}, "Unique SQL Id": 3431223514, "Planner Runtime": 58}, "explain_analyze_plan": null}, "(1, 95)": {"explain_plan": {"Plan": {"Node Type": "Aggregate", "Strategy": "Plain", "Startup Cost": 7329417497562.09, "Total Cost": 7329417497562.1, "Plan Rows": 1, "Plan Width": 145, "Plans": [{"Node Type": "Merge Join", "Parent Relationship": "Outer", "Join Type": "Inner", "Startup Cost": 5509172076602.9, "Total Cost": 7329417497562.08, "Plan Rows": 2, "Plan Width": 49, "Inner Unique": true, "Merge Cond": "(ci.person_id = n.id)", "Plans": [{"Node Type": "Merge Join", "Parent Relationship": "Outer", "Join Type": "Inner", "Startup Cost": 5499172076602.9, "Total Cost": 6350023201080.66, "Plan Rows": 9705, "Plan Width": 57, "Inner Unique": false, "Merge Cond": "(ci.person_id = an.person_id)", "Plans": [{"Node Type": "Sort", "Parent Relationship": "Outer", "Startup Cost": 5489172076602.9, "Total Cost": 5489172076623.16, "Plan Rows": 8105, "Plan Width": 37, "Sort Key": ["ci.person_id"], "Plans": [{"Node Type": "Merge Join", "Parent Relationship": "Outer", "Join Type": "Inner", "Startup Cost": 4500042505090.18, "Total Cost": 5489172076076.69, "Plan Rows": 8105, "Plan Width": 37, "Inner Unique": true, "Merge Cond": "(ci.movie_id = t.id)", "Plans": [{"Node Type": "Merge Join", "Parent Relationship": "Outer", "Join Type": "Inner", "Startup Cost": 4490042505090.18, "Total Cost": 4490042506124.46, "Plan Rows": 6561, "Plan Width": 28, "Inner Unique": false, "Merge Cond": "(mc.movie_id = ci.movie_id)", "Plans": [{"Node Type": "Sort", "Parent Relationship": "Outer", "Startup Cost": 2000014736998.95, "Total Cost": 2000014737364.11, "Plan Rows": 146066, "Plan Width": 4, "Sort Key": ["mc.movie_id"], "Plans": [{"Node Type": "Merge Join", "Parent Relationship": "Outer", "Join Type": "Inner", "Startup Cost": 45724119200.86, "Total Cost": 2000014724469.22, "Plan Rows": 146066, "Plan Width": 4, "Inner Unique": false, "Merge Cond": "(cn.id = mc.company_id)", "Plans": [{"Node Type": "Index Scan", "Parent Relationship": "Outer", "Scan Direction": "Forward", "Index Name": "company_name_pkey", "Relation Name": "company_name", "Alias": "cn", "Startup Cost": 10000000000.0, "Total Cost": 1000001050138.97, "Plan Rows": 85170, "Plan Width": 4, "Filter": "((country_code)::text = '[us]'::text)"}, {"Node Type": "Index Scan", "Parent Relationship": "Inner", "Scan Direction": "Forward", "Index Name": "company_id_movie_companies", "Relation Name": "movie_companies", "Alias": "mc", "Startup Cost": 10000000000.0, "Total Cost": 1000013671913.98, "Plan Rows": 297072, "Plan Width": 8, "Filter": "((note IS NOT NULL) AND (((note)::text ~~ '%(USA)%'::text) OR ((note)::text ~~ '%(worldwide)%'::text))), (LLVM Optimized)"}]}]}, {"Node Type": "Sort", "Parent Relationship": "Inner", "Startup Cost": 2490027768091.22, "Total Cost": 2490027768183.02, "Plan Rows": 36717, "Plan Width": 24, "Sort Key": ["ci.movie_id"], "Plans": [{"Node Type": "Merge Join", "Parent Relationship": "Outer", "Join Type": "Inner", "Startup Cost": 1500027761491.11, "Total Cost": 2490027765307.31, "Plan Rows": 36717, "Plan Width": 24, "Inner Unique": true, "Merge Cond": "(ci.role_id = rt.id)", "Plans": [{"Node Type": "Sort", "Parent Relationship": "Outer", "Startup Cost": 1490027761491.11, "Total Cost": 1490027762500.83, "Plan Rows": 403890, "Plan Width": 28, "Sort Key": ["ci.role_id"], "Plans": [{"Node Type": "Merge Join", "Parent Relationship": "Outer", "Join Type": "Inner", "Startup Cost": 59427183222.87, "Total Cost": 1490027723881.67, "Plan Rows": 403890, "Plan Width": 28, "Inner Unique": false, "Merge Cond": "(chn.id = ci.person_role_id)", "Plans": [{"Node Type": "Index Scan", "Parent Relationship": "Outer", "Scan Direction": "Forward", "Index Name": "char_name_pkey", "Relation Name": "char_name", "Alias": "chn", "Startup Cost": 10000000000.0, "Total Cost": 1000012987545.51, "Plan Rows": 3140338, "Plan Width": 20}, {"Node Type": "Index Scan", "Parent Relationship": "Inner", "Scan Direction": "Forward", "Index Name": "person_role_id_cast_info", "Relation Name": "cast_info", "Alias": "ci", "Startup Cost": 10000000000.0, "Total Cost": 1000211315681.48, "Plan Rows": 833163, "Plan Width": 16, "Filter": "((note)::text = ANY ('{(voice),\"(voice: Japanese version)\",\"(voice) (uncredited)\",\"(voice: English version)\"}'::text[]))"}]}]}, {"Node Type": "Materialize", "Parent Relationship": "Inner", "Startup Cost": 10000000000.0, "Total Cost": 1000000001246.0, "Plan Rows": 1, "Plan Width": 4, "Plans": [{"Node Type": "Index Scan", "Parent Relationship": "Outer", "Scan Direction": "Forward", "Index Name": "role_type_pkey", "Relation Name": "role_type", "Alias": "rt", "Startup Cost": 10000000000.0, "Total Cost": 1000000001246.0, "Plan Rows": 1, "Plan Width": 4, "Filter": "((role)::text = 'actress'::text)"}]}]}]}]}, {"Node Type": "Index Scan", "Parent Relationship": "Inner", "Scan Direction": "Forward", "Index Name": "title_pkey", "Relation Name": "title", "Alias": "t", "Startup Cost": 10000000000.0, "Total Cost": 1000012276204.41, "Plan Rows": 1109224, "Plan Width": 21, "Filter": "((production_year >= 2005) AND (production_year <= 2015)), (LLVM Optimized)"}]}]}, {"Node Type": "Index Scan", "Parent Relationship": "Inner", "Scan Direction": "Forward", "Index Name": "person_id_aka_name", "Relation Name": "aka_name", "Alias": "an", "Startup Cost": 10000000000.0, "Total Cost": 1000006896503.43, "Plan Rows": 901342, "Plan Width": 20}]}, {"Node Type": "Index Scan", "Parent Relationship": "Inner", "Scan Direction": "Forward", "Index Name": "name_pkey", "Relation Name": "name", "Alias": "n", "Startup Cost": 10000000000.0, "Total Cost": 1000019707019.7, "Plan Rows": 96, "Plan Width": 4, "Filter": "(((name)::text ~~ '%Ang%'::text) AND ((gender)::text = 'f'::text))"}]}]}, "Unique SQL Id": 3431223514, "Planner Runtime": 190}, "explain_analyze_plan": null}, "(1, 96)": {"explain_plan": {"Plan": {"Node Type": "Aggregate", "Strategy": "Plain", "Startup Cost": 115024.12, "Total Cost": 115024.13, "Plan Rows": 1, "Plan Width": 145, "Plans": [{"Node Type": "Nested Loop", "Parent Relationship": "Outer", "Join Type": "Inner", "Startup Cost": 0.0, "Total Cost": 115024.11, "Plan Rows": 1, "Plan Width": 49, "Inner Unique": true, "Plans": [{"Node Type": "Nested Loop", "Parent Relationship": "Outer", "Join Type": "Inner", "Startup Cost": 0.0, "Total Cost": 115023.61, "Plan Rows": 1, "Plan Width": 40, "Inner Unique": true, "Plans": [{"Node Type": "Nested Loop", "Parent Relationship": "Outer", "Join Type": "Inner", "Startup Cost": 0.0, "Total Cost": 115022.6, "Plan Rows": 2, "Plan Width": 28, "Inner Unique": true, "Plans": [{"Node Type": "Nested Loop", "Parent Relationship": "Outer", "Join Type": "Inner", "Startup Cost": 0.0, "Total Cost": 115020.96, "Plan Rows": 5, "Plan Width": 32, "Inner Unique": false, "Plans": [{"Node Type": "Nested Loop", "Parent Relationship": "Outer", "Join Type": "Inner", "Startup Cost": 0.0, "Total Cost": 115015.35, "Plan Rows": 13, "Plan Width": 24, "Inner Unique": true, "Plans": [{"Node Type": "Nested Loop", "Parent Relationship": "Outer", "Join Type": "Inner", "Startup Cost": 0.0, "Total Cost": 114975.51, "Plan Rows": 141, "Plan Width": 28, "Inner Unique": false, "Join Filter": "(n.id = ci.person_id)", "Plans": [{"Node Type": "Nested Loop", "Parent Relationship": "Outer", "Join Type": "Inner", "Startup Cost": 0.0, "Total Cost": 114700.23, "Plan Rows": 115, "Plan Width": 24, "Inner Unique": false, "Plans": [{"Node Type": "Seq Scan", "Parent Relationship": "Outer", "Relation Name": "name", "Alias": "n", "Startup Cost": 0.0, "Total Cost": 113909.35, "Plan Rows": 96, "Plan Width": 4, "Filter": "(((name)::text ~~ '%Ang%'::text) AND ((gender)::text = 'f'::text))"}, {"Node Type": "Index Scan", "Parent Relationship": "Inner", "Scan Direction": "Forward", "Index Name": "person_id_aka_name", "Relation Name": "aka_name", "Alias": "an", "Startup Cost": 0.0, "Total Cost": 8.23, "Plan Rows": 1, "Plan Width": 20, "Index Cond": "(person_id = n.id)"}]}, {"Node Type": "Index Scan", "Parent Relationship": "Inner", "Scan Direction": "Forward", "Index Name": "person_id_cast_info", "Relation Name": "cast_info", "Alias": "ci", "Startup Cost": 0.0, "Total Cost": 2.38, "Plan Rows": 1, "Plan Width": 16, "Index Cond": "(person_id = an.person_id)", "Filter": "((note)::text = ANY ('{(voice),\"(voice: Japanese version)\",\"(voice) (uncredited)\",\"(voice: English version)\"}'::text[]))"}]}, {"Node Type": "Index Scan", "Parent Relationship": "Inner", "Scan Direction": "Forward", "Index Name": "role_type_pkey", "Relation Name": "role_type", "Alias": "rt", "Startup Cost": 0.0, "Total Cost": 0.27, "Plan Rows": 1, "Plan Width": 4, "Index Cond": "(id = ci.role_id)", "Filter": "((role)::text = 'actress'::text)"}]}, {"Node Type": "Index Scan", "Parent Relationship": "Inner", "Scan Direction": "Forward", "Index Name": "movie_id_movie_companies", "Relation Name": "movie_companies", "Alias": "mc", "Startup Cost": 0.0, "Total Cost": 0.42, "Plan Rows": 1, "Plan Width": 8, "Index Cond": "(movie_id = ci.movie_id)", "Filter": "((note IS NOT NULL) AND (((note)::text ~~ '%(USA)%'::text) OR ((note)::text ~~ '%(worldwide)%'::text)))"}]}, {"Node Type": "Index Scan", "Parent Relationship": "Inner", "Scan Direction": "Forward", "Index Name": "company_name_pkey", "Relation Name": "company_name", "Alias": "cn", "Startup Cost": 0.0, "Total Cost": 0.32, "Plan Rows": 1, "Plan Width": 4, "Index Cond": "(id = mc.company_id)", "Filter": "((country_code)::text = '[us]'::text)"}]}, {"Node Type": "Index Scan", "Parent Relationship": "Inner", "Scan Direction": "Forward", "Index Name": "char_name_pkey", "Relation Name": "char_name", "Alias": "chn", "Startup Cost": 0.0, "Total Cost": 0.5, "Plan Rows": 1, "Plan Width": 20, "Index Cond": "(id = ci.person_role_id)"}]}, {"Node Type": "Index Scan", "Parent Relationship": "Inner", "Scan Direction": "Forward", "Index Name": "title_pkey", "Relation Name": "title", "Alias": "t", "Startup Cost": 0.0, "Total Cost": 0.49, "Plan Rows": 1, "Plan Width": 21, "Index Cond": "(id = ci.movie_id)", "Filter": "((production_year >= 2005) AND (production_year <= 2015))"}]}]}, "Unique SQL Id": 3431223514, "Planner Runtime": 25}, "explain_analyze_plan": {"Plan": {"Node Type": "Aggregate", "Strategy": "Plain", "Startup Cost": 115024.12, "Total Cost": 115024.13, "Plan Rows": 1, "Plan Width": 145, "Actual Startup Time": 1704.318, "Actual Total Time": 1704.318, "Actual Rows": 1, "Actual Loops": 1, "Plans": [{"Node Type": "Nested Loop", "Parent Relationship": "Outer", "Join Type": "Inner", "Startup Cost": 0.0, "Total Cost": 115024.11, "Plan Rows": 1, "Plan Width": 49, "Actual Startup Time": 696.911, "Actual Total Time": 1704.072, "Actual Rows": 121, "Actual Loops": 1, "Inner Unique": true, "Plans": [{"Node Type": "Nested Loop", "Parent Relationship": "Outer", "Join Type": "Inner", "Startup Cost": 0.0, "Total Cost": 115023.61, "Plan Rows": 1, "Plan Width": 40, "Actual Startup Time": 689.255, "Actual Total Time": 1702.263, "Actual Rows": 341, "Actual Loops": 1, "Inner Unique": true, "Plans": [{"Node Type": "Nested Loop", "Parent Relationship": "Outer", "Join Type": "Inner", "Startup Cost": 0.0, "Total Cost": 115022.6, "Plan Rows": 2, "Plan Width": 28, "Actual Startup Time": 689.243, "Actual Total Time": 1700.623, "Actual Rows": 359, "Actual Loops": 1, "Inner Unique": true, "Plans": [{"Node Type": "Nested Loop", "Parent Relationship": "Outer", "Join Type": "Inner", "Startup Cost": 0.0, "Total Cost": 115020.96, "Plan Rows": 5, "Plan Width": 32, "Actual Startup Time": 689.227, "Actual Total Time": 1698.696, "Actual Rows": 373, "Actual Loops": 1, "Inner Unique": false, "Plans": [{"Node Type": "Nested Loop", "Parent Relationship": "Outer", "Join Type": "Inner", "Startup Cost": 0.0, "Total Cost": 115015.35, "Plan Rows": 13, "Plan Width": 24, "Actual Startup Time": 687.84, "Actual Total Time": 1694.526, "Actual Rows": 425, "Actual Loops": 1, "Inner Unique": true, "Plans": [{"Node Type": "Nested Loop", "Parent Relationship": "Outer", "Join Type": "Inner", "Startup Cost": 0.0, "Total Cost": 114975.51, "Plan Rows": 141, "Plan Width": 28, "Actual Startup Time": 687.826, "Actual Total Time": 1693.167, "Actual Rows": 425, "Actual Loops": 1, "Inner Unique": false, "Join Filter": "(n.id = ci.person_id)", "Rows Removed by Join Filter": 0, "Plans": [{"Node Type": "Nested Loop", "Parent Relationship": "Outer", "Join Type": "Inner", "Startup Cost": 0.0, "Total Cost": 114700.23, "Plan Rows": 115, "Plan Width": 24, "Actual Startup Time": 672.809, "Actual Total Time": 1643.882, "Actual Rows": 1558, "Actual Loops": 1, "Inner Unique": false, "Plans": [{"Node Type": "Seq Scan", "Parent Relationship": "Outer", "Relation Name": "name", "Alias": "n", "Startup Cost": 0.0, "Total Cost": 113909.35, "Plan Rows": 96, "Plan Width": 4, "Actual Startup Time": 671.098, "Actual Total Time": 1621.774, "Actual Rows": 6768, "Actual Loops": 1, "Filter": "(((name)::text ~~ '%Ang%'::text) AND ((gender)::text = 'f'::text))", "Rows Removed by Filter": 4160722}, {"Node Type": "Index Scan", "Parent Relationship": "Inner", "Scan Direction": "Forward", "Index Name": "person_id_aka_name", "Relation Name": "aka_name", "Alias": "an", "Startup Cost": 0.0, "Total Cost": 8.23, "Plan Rows": 1, "Plan Width": 20, "Actual Startup Time": 17.327, "Actual Total Time": 18.037, "Actual Rows": 1558, "Actual Loops": 6768, "Index Cond": "(person_id = n.id)", "Rows Removed by Index Recheck": 0}]}, {"Node Type": "Index Scan", "Parent Relationship": "Inner", "Scan Direction": "Forward", "Index Name": "person_id_cast_info", "Relation Name": "cast_info", "Alias": "ci", "Startup Cost": 0.0, "Total Cost": 2.38, "Plan Rows": 1, "Plan Width": 16, "Actual Startup Time": 43.363, "Actual Total Time": 48.09, "Actual Rows": 425, "Actual Loops": 1558, "Index Cond": "(person_id = an.person_id)", "Rows Removed by Index Recheck": 0, "Filter": "((note)::text = ANY ('{(voice),\"(voice: Japanese version)\",\"(voice) (uncredited)\",\"(voice: English version)\"}'::text[]))", "Rows Removed by Filter": 69057}]}, {"Node Type": "Index Scan", "Parent Relationship": "Inner", "Scan Direction": "Forward", "Index Name": "role_type_pkey", "Relation Name": "role_type", "Alias": "rt", "Startup Cost": 0.0, "Total Cost": 0.27, "Plan Rows": 1, "Plan Width": 4, "Actual Startup Time": 0.9, "Actual Total Time": 0.9, "Actual Rows": 425, "Actual Loops": 425, "Index Cond": "(id = ci.role_id)", "Rows Removed by Index Recheck": 0, "Filter": "((role)::text = 'actress'::text)", "Rows Removed by Filter": 0}]}, {"Node Type": "Index Scan", "Parent Relationship": "Inner", "Scan Direction": "Forward", "Index Name": "movie_id_movie_companies", "Relation Name": "movie_companies", "Alias": "mc", "Startup Cost": 0.0, "Total Cost": 0.42, "Plan Rows": 1, "Plan Width": 8, "Actual Startup Time": 2.584, "Actual Total Time": 3.726, "Actual Rows": 373, "Actual Loops": 425, "Index Cond": "(movie_id = ci.movie_id)", "Rows Removed by Index Recheck": 0, "Filter": "((note IS NOT NULL) AND (((note)::text ~~ '%(USA)%'::text) OR ((note)::text ~~ '%(worldwide)%'::text)))", "Rows Removed by Filter": 1538}]}, {"Node Type": "Index Scan", "Parent Relationship": "Inner", "Scan Direction": "Forward", "Index Name": "company_name_pkey", "Relation Name": "company_name", "Alias": "cn", "Startup Cost": 0.0, "Total Cost": 0.32, "Plan Rows": 1, "Plan Width": 4, "Actual Startup Time": 1.562, "Actual Total Time": 1.562, "Actual Rows": 359, "Actual Loops": 373, "Index Cond": "(id = mc.company_id)", "Rows Removed by Index Recheck": 0, "Filter": "((country_code)::text = '[us]'::text)", "Rows Removed by Filter": 14}]}, {"Node Type": "Index Scan", "Parent Relationship": "Inner", "Scan Direction": "Forward", "Index Name": "char_name_pkey", "Relation Name": "char_name", "Alias": "chn", "Startup Cost": 0.0, "Total Cost": 0.5, "Plan Rows": 1, "Plan Width": 20, "Actual Startup Time": 1.238, "Actual Total Time": 1.238, "Actual Rows": 341, "Actual Loops": 359, "Index Cond": "(id = ci.person_role_id)", "Rows Removed by Index Recheck": 0}]}, {"Node Type": "Index Scan", "Parent Relationship": "Inner", "Scan Direction": "Forward", "Index Name": "title_pkey", "Relation Name": "title", "Alias": "t", "Startup Cost": 0.0, "Total Cost": 0.49, "Plan Rows": 1, "Plan Width": 21, "Actual Startup Time": 1.522, "Actual Total Time": 1.522, "Actual Rows": 121, "Actual Loops": 341, "Index Cond": "(id = ci.movie_id)", "Rows Removed by Index Recheck": 0, "Filter": "((production_year >= 2005) AND (production_year <= 2015))", "Rows Removed by Filter": 220}]}]}, "Triggers": [], "Planner Runtime": 26, "Total Runtime": 1704.792, "Unique SQL Id": 3431223514}}, "(1, 97)": {"explain_plan": {"Plan": {"Node Type": "Aggregate", "Strategy": "Plain", "Startup Cost": 198184.97, "Total Cost": 198184.98, "Plan Rows": 1, "Plan Width": 145, "Plans": [{"Node Type": "Nested Loop", "Parent Relationship": "Outer", "Join Type": "Inner", "Startup Cost": 0.0, "Total Cost": 198184.96, "Plan Rows": 1, "Plan Width": 49, "Inner Unique": true, "Plans": [{"Node Type": "Nested Loop", "Parent Relationship": "Outer", "Join Type": "Inner", "Startup Cost": 0.0, "Total Cost": 198184.46, "Plan Rows": 1, "Plan Width": 40, "Inner Unique": true, "Plans": [{"Node Type": "Nested Loop", "Parent Relationship": "Outer", "Join Type": "Inner", "Startup Cost": 0.0, "Total Cost": 198183.44, "Plan Rows": 2, "Plan Width": 28, "Inner Unique": true, "Plans": [{"Node Type": "Nested Loop", "Parent Relationship": "Outer", "Join Type": "Inner", "Startup Cost": 0.0, "Total Cost": 198181.8, "Plan Rows": 5, "Plan Width": 32, "Inner Unique": false, "Plans": [{"Node Type": "Nested Loop", "Parent Relationship": "Outer", "Join Type": "Inner", "Startup Cost": 0.0, "Total Cost": 198176.2, "Plan Rows": 13, "Plan Width": 24, "Inner Unique": true, "Plans": [{"Node Type": "Nested Loop", "Parent Relationship": "Outer", "Join Type": "Inner", "Startup Cost": 0.0, "Total Cost": 198136.36, "Plan Rows": 141, "Plan Width": 28, "Inner Unique": false, "Join Filter": "(n.id = ci.person_id)", "Plans": [{"Node Type": "Nested Loop", "Parent Relationship": "Outer", "Join Type": "Inner", "Startup Cost": 0.0, "Total Cost": 197861.08, "Plan Rows": 115, "Plan Width": 24, "Inner Unique": false, "Plans": [{"Node Type": "Index Scan", "Parent Relationship": "Outer", "Scan Direction": "Forward", "Index Name": "name_pkey", "Relation Name": "name", "Alias": "n", "Startup Cost": 0.0, "Total Cost": 197070.2, "Plan Rows": 96, "Plan Width": 4, "Filter": "(((name)::text ~~ '%Ang%'::text) AND ((gender)::text = 'f'::text))"}, {"Node Type": "Index Scan", "Parent Relationship": "Inner", "Scan Direction": "Forward", "Index Name": "person_id_aka_name", "Relation Name": "aka_name", "Alias": "an", "Startup Cost": 0.0, "Total Cost": 8.23, "Plan Rows": 1, "Plan Width": 20, "Index Cond": "(person_id = n.id)"}]}, {"Node Type": "Index Scan", "Parent Relationship": "Inner", "Scan Direction": "Forward", "Index Name": "person_id_cast_info", "Relation Name": "cast_info", "Alias": "ci", "Startup Cost": 0.0, "Total Cost": 2.38, "Plan Rows": 1, "Plan Width": 16, "Index Cond": "(person_id = an.person_id)", "Filter": "((note)::text = ANY ('{(voice),\"(voice: Japanese version)\",\"(voice) (uncredited)\",\"(voice: English version)\"}'::text[]))"}]}, {"Node Type": "Index Scan", "Parent Relationship": "Inner", "Scan Direction": "Forward", "Index Name": "role_type_pkey", "Relation Name": "role_type", "Alias": "rt", "Startup Cost": 0.0, "Total Cost": 0.27, "Plan Rows": 1, "Plan Width": 4, "Index Cond": "(id = ci.role_id)", "Filter": "((role)::text = 'actress'::text)"}]}, {"Node Type": "Index Scan", "Parent Relationship": "Inner", "Scan Direction": "Forward", "Index Name": "movie_id_movie_companies", "Relation Name": "movie_companies", "Alias": "mc", "Startup Cost": 0.0, "Total Cost": 0.42, "Plan Rows": 1, "Plan Width": 8, "Index Cond": "(movie_id = ci.movie_id)", "Filter": "((note IS NOT NULL) AND (((note)::text ~~ '%(USA)%'::text) OR ((note)::text ~~ '%(worldwide)%'::text)))"}]}, {"Node Type": "Index Scan", "Parent Relationship": "Inner", "Scan Direction": "Forward", "Index Name": "company_name_pkey", "Relation Name": "company_name", "Alias": "cn", "Startup Cost": 0.0, "Total Cost": 0.32, "Plan Rows": 1, "Plan Width": 4, "Index Cond": "(id = mc.company_id)", "Filter": "((country_code)::text = '[us]'::text)"}]}, {"Node Type": "Index Scan", "Parent Relationship": "Inner", "Scan Direction": "Forward", "Index Name": "char_name_pkey", "Relation Name": "char_name", "Alias": "chn", "Startup Cost": 0.0, "Total Cost": 0.5, "Plan Rows": 1, "Plan Width": 20, "Index Cond": "(id = ci.person_role_id)"}]}, {"Node Type": "Index Scan", "Parent Relationship": "Inner", "Scan Direction": "Forward", "Index Name": "title_pkey", "Relation Name": "title", "Alias": "t", "Startup Cost": 0.0, "Total Cost": 0.49, "Plan Rows": 1, "Plan Width": 21, "Index Cond": "(id = ci.movie_id)", "Filter": "((production_year >= 2005) AND (production_year <= 2015))"}]}]}, "Unique SQL Id": 3431223514, "Planner Runtime": 17}, "explain_analyze_plan": null}, "(1, 98)": {"explain_plan": {"Plan": {"Node Type": "Aggregate", "Strategy": "Plain", "Startup Cost": 115406.32, "Total Cost": 115406.33, "Plan Rows": 1, "Plan Width": 145, "Plans": [{"Node Type": "Nested Loop", "Parent Relationship": "Outer", "Join Type": "Inner", "Startup Cost": 7.57, "Total Cost": 115406.31, "Plan Rows": 1, "Plan Width": 49, "Inner Unique": true, "Plans": [{"Node Type": "Nested Loop", "Parent Relationship": "Outer", "Join Type": "Inner", "Startup Cost": 7.27, "Total Cost": 115401.98, "Plan Rows": 1, "Plan Width": 40, "Inner Unique": true, "Plans": [{"Node Type": "Nested Loop", "Parent Relationship": "Outer", "Join Type": "Inner", "Startup Cost": 7.01, "Total Cost": 115393.41, "Plan Rows": 2, "Plan Width": 44, "Inner Unique": true, "Plans": [{"Node Type": "Nested Loop", "Parent Relationship": "Outer", "Join Type": "Inner", "Startup Cost": 6.69, "Total Cost": 115371.73, "Plan Rows": 5, "Plan Width": 32, "Inner Unique": false, "Plans": [{"Node Type": "Hash Join", "Parent Relationship": "Outer", "Join Type": "Inner", "Startup Cost": 6.38, "Total Cost": 115315.09, "Plan Rows": 13, "Plan Width": 24, "Inner Unique": true, "Hash Cond": "(ci.role_id = rt.id)", "Plans": [{"Node Type": "Nested Loop", "Parent Relationship": "Outer", "Join Type": "Inner", "Startup Cost": 5.22, "Total Cost": 115313.45, "Plan Rows": 141, "Plan Width": 28, "Inner Unique": false, "Join Filter": "(n.id = ci.person_id)", "Plans": [{"Node Type": "Nested Loop", "Parent Relationship": "Outer", "Join Type": "Inner", "Startup Cost": 4.22, "Total Cost": 114700.25, "Plan Rows": 115, "Plan Width": 24, "Inner Unique": false, "Plans": [{"Node Type": "Seq Scan", "Parent Relationship": "Outer", "Relation Name": "name", "Alias": "n", "Startup Cost": 0.0, "Total Cost": 113909.35, "Plan Rows": 96, "Plan Width": 4, "Filter": "(((name)::text ~~ '%Ang%'::text) AND ((gender)::text = 'f'::text))"}, {"Node Type": "Bitmap Heap Scan", "Parent Relationship": "Inner", "Relation Name": "aka_name", "Alias": "an", "Startup Cost": 4.22, "Total Cost": 8.23, "Plan Rows": 1, "Plan Width": 20, "Recheck Cond": "(person_id = n.id)", "Plans": [{"Node Type": "Bitmap Index Scan", "Parent Relationship": "Outer", "Index Name": "person_id_aka_name", "Startup Cost": 0.0, "Total Cost": 4.22, "Plan Rows": 1, "Plan Width": 0, "Index Cond": "(person_id = n.id)"}]}]}, {"Node Type": "Bitmap Heap Scan", "Parent Relationship": "Inner", "Relation Name": "cast_info", "Alias": "ci", "Startup Cost": 1.0, "Total Cost": 5.32, "Plan Rows": 1, "Plan Width": 16, "Recheck Cond": "(person_id = an.person_id)", "Filter": "((note)::text = ANY ('{(voice),\"(voice: Japanese version)\",\"(voice) (uncredited)\",\"(voice: English version)\"}'::text[]))", "Plans": [{"Node Type": "Bitmap Index Scan", "Parent Relationship": "Outer", "Index Name": "person_id_cast_info", "Startup Cost": 0.0, "Total Cost": 1.0, "Plan Rows": 18, "Plan Width": 0, "Index Cond": "(person_id = an.person_id)"}]}]}, {"Node Type": "Hash", "Parent Relationship": "Inner", "Startup Cost": 1.15, "Total Cost": 1.15, "Plan Rows": 1, "Plan Width": 4, "Plans": [{"Node Type": "Seq Scan", "Parent Relationship": "Outer", "Relation Name": "role_type", "Alias": "rt", "Startup Cost": 0.0, "Total Cost": 1.15, "Plan Rows": 1, "Plan Width": 4, "Filter": "((role)::text = 'actress'::text)"}]}]}, {"Node Type": "Bitmap Heap Scan", "Parent Relationship": "Inner", "Relation Name": "movie_companies", "Alias": "mc", "Startup Cost": 0.31, "Total Cost": 4.35, "Plan Rows": 1, "Plan Width": 8, "Recheck Cond": "(movie_id = ci.movie_id)", "Filter": "((note IS NOT NULL) AND (((note)::text ~~ '%(USA)%'::text) OR ((note)::text ~~ '%(worldwide)%'::text)))", "Plans": [{"Node Type": "Bitmap Index Scan", "Parent Relationship": "Outer", "Index Name": "movie_id_movie_companies", "Startup Cost": 0.0, "Total Cost": 0.31, "Plan Rows": 2, "Plan Width": 0, "Index Cond": "(movie_id = ci.movie_id)"}]}]}, {"Node Type": "Bitmap Heap Scan", "Parent Relationship": "Inner", "Relation Name": "char_name", "Alias": "chn", "Startup Cost": 0.31, "Total Cost": 4.33, "Plan Rows": 1, "Plan Width": 20, "Recheck Cond": "(id = ci.person_role_id)", "Plans": [{"Node Type": "Bitmap Index Scan", "Parent Relationship": "Outer", "Index Name": "char_name_pkey", "Startup Cost": 0.0, "Total Cost": 0.31, "Plan Rows": 1, "Plan Width": 0, "Index Cond": "(id = ci.person_role_id)"}]}]}, {"Node Type": "Bitmap Heap Scan", "Parent Relationship": "Inner", "Relation Name": "company_name", "Alias": "cn", "Startup Cost": 0.26, "Total Cost": 4.28, "Plan Rows": 1, "Plan Width": 4, "Recheck Cond": "(id = mc.company_id)", "Filter": "((country_code)::text = '[us]'::text)", "Plans": [{"Node Type": "Bitmap Index Scan", "Parent Relationship": "Outer", "Index Name": "company_name_pkey", "Startup Cost": 0.0, "Total Cost": 0.26, "Plan Rows": 1, "Plan Width": 0, "Index Cond": "(id = mc.company_id)"}]}]}, {"Node Type": "Bitmap Heap Scan", "Parent Relationship": "Inner", "Relation Name": "title", "Alias": "t", "Startup Cost": 0.3, "Total Cost": 4.32, "Plan Rows": 1, "Plan Width": 21, "Recheck Cond": "(id = ci.movie_id)", "Filter": "((production_year >= 2005) AND (production_year <= 2015))", "Plans": [{"Node Type": "Bitmap Index Scan", "Parent Relationship": "Outer", "Index Name": "title_pkey", "Startup Cost": 0.0, "Total Cost": 0.3, "Plan Rows": 1, "Plan Width": 0, "Index Cond": "(id = ci.movie_id)"}]}]}]}, "Unique SQL Id": 3431223514, "Planner Runtime": 44}, "explain_analyze_plan": {"Plan": {"Node Type": "Aggregate", "Strategy": "Plain", "Startup Cost": 115406.32, "Total Cost": 115406.33, "Plan Rows": 1, "Plan Width": 145, "Actual Startup Time": 1766.58, "Actual Total Time": 1766.582, "Actual Rows": 1, "Actual Loops": 1, "Plans": [{"Node Type": "Nested Loop", "Parent Relationship": "Outer", "Join Type": "Inner", "Startup Cost": 7.57, "Total Cost": 115406.31, "Plan Rows": 1, "Plan Width": 49, "Actual Startup Time": 725.562, "Actual Total Time": 1766.317, "Actual Rows": 121, "Actual Loops": 1, "Inner Unique": true, "Plans": [{"Node Type": "Nested Loop", "Parent Relationship": "Outer", "Join Type": "Inner", "Startup Cost": 7.27, "Total Cost": 115401.98, "Plan Rows": 1, "Plan Width": 40, "Actual Startup Time": 717.29, "Actual Total Time": 1764.016, "Actual Rows": 341, "Actual Loops": 1, "Inner Unique": true, "Plans": [{"Node Type": "Nested Loop", "Parent Relationship": "Outer", "Join Type": "Inner", "Startup Cost": 7.01, "Total Cost": 115393.41, "Plan Rows": 2, "Plan Width": 44, "Actual Startup Time": 717.249, "Actual Total Time": 1761.671, "Actual Rows": 348, "Actual Loops": 1, "Inner Unique": true, "Plans": [{"Node Type": "Nested Loop", "Parent Relationship": "Outer", "Join Type": "Inner", "Startup Cost": 6.69, "Total Cost": 115371.73, "Plan Rows": 5, "Plan Width": 32, "Actual Startup Time": 717.23, "Actual Total Time": 1759.376, "Actual Rows": 373, "Actual Loops": 1, "Inner Unique": false, "Plans": [{"Node Type": "Hash Join", "Parent Relationship": "Outer", "Join Type": "Inner", "Startup Cost": 6.38, "Total Cost": 115315.09, "Plan Rows": 13, "Plan Width": 24, "Actual Startup Time": 715.642, "Actual Total Time": 1753.706, "Actual Rows": 425, "Actual Loops": 1, "Inner Unique": true, "Hash Cond": "(ci.role_id = rt.id)", "Plans": [{"Node Type": "Nested Loop", "Parent Relationship": "Outer", "Join Type": "Inner", "Startup Cost": 5.22, "Total Cost": 115313.45, "Plan Rows": 141, "Plan Width": 28, "Actual Startup Time": 715.558, "Actual Total Time": 1753.298, "Actual Rows": 425, "Actual Loops": 1, "Inner Unique": false, "Join Filter": "(n.id = ci.person_id)", "Rows Removed by Join Filter": 0, "Plans": [{"Node Type": "Nested Loop", "Parent Relationship": "Outer", "Join Type": "Inner", "Startup Cost": 4.22, "Total Cost": 114700.25, "Plan Rows": 115, "Plan Width": 24, "Actual Startup Time": 699.22, "Actual Total Time": 1702.634, "Actual Rows": 1558, "Actual Loops": 1, "Inner Unique": false, "Plans": [{"Node Type": "Seq Scan", "Parent Relationship": "Outer", "Relation Name": "name", "Alias": "n", "Startup Cost": 0.0, "Total Cost": 113909.35, "Plan Rows": 96, "Plan Width": 4, "Actual Startup Time": 697.352, "Actual Total Time": 1671.006, "Actual Rows": 6768, "Actual Loops": 1, "Filter": "(((name)::text ~~ '%Ang%'::text) AND ((gender)::text = 'f'::text))", "Rows Removed by Filter": 4160722}, {"Node Type": "Bitmap Heap Scan", "Parent Relationship": "Inner", "Relation Name": "aka_name", "Alias": "an", "Startup Cost": 4.22, "Total Cost": 8.23, "Plan Rows": 1, "Plan Width": 20, "Actual Startup Time": 22.886, "Actual Total Time": 23.37, "Actual Rows": 1558, "Actual Loops": 6768, "Recheck Cond": "(person_id = n.id)", "Rows Removed by Index Recheck": 0, "Exact Heap Blocks": 1014, "Lossy Heap Blocks": 1014, "Plans": [{"Node Type": "Bitmap Index Scan", "Parent Relationship": "Outer", "Index Name": "person_id_aka_name", "Startup Cost": 0.0, "Total Cost": 4.22, "Plan Rows": 1, "Plan Width": 0, "Actual Startup Time": 17.341, "Actual Total Time": 17.341, "Actual Rows": 1558, "Actual Loops": 6768, "Index Cond": "(person_id = n.id)"}]}]}, {"Node Type": "Bitmap Heap Scan", "Parent Relationship": "Inner", "Relation Name": "cast_info", "Alias": "ci", "Startup Cost": 1.0, "Total Cost": 5.32, "Plan Rows": 1, "Plan Width": 16, "Actual Startup Time": 45.044, "Actual Total Time": 48.262, "Actual Rows": 425, "Actual Loops": 1558, "Recheck Cond": "(person_id = an.person_id)", "Rows Removed by Index Recheck": 0, "Filter": "((note)::text = ANY ('{(voice),\"(voice: Japanese version)\",\"(voice) (uncredited)\",\"(voice: English version)\"}'::text[]))", "Rows Removed by Filter": 69057, "Exact Heap Blocks": 2627, "Lossy Heap Blocks": 2627, "Plans": [{"Node Type": "Bitmap Index Scan", "Parent Relationship": "Outer", "Index Name": "person_id_cast_info", "Startup Cost": 0.0, "Total Cost": 1.0, "Plan Rows": 18, "Plan Width": 0, "Actual Startup Time": 14.077, "Actual Total Time": 14.077, "Actual Rows": 69482, "Actual Loops": 1558, "Index Cond": "(person_id = an.person_id)"}]}]}, {"Node Type": "Hash", "Parent Relationship": "Inner", "Startup Cost": 1.15, "Total Cost": 1.15, "Plan Rows": 1, "Plan Width": 4, "Actual Startup Time": 0.038, "Actual Total Time": 0.038, "Actual Rows": 1, "Actual Loops": 1, "Hash Buckets": 32768, "Hash Batches": 1, "Original Hash Batches": 1, "Peak Memory Usage": 1, "Plans": [{"Node Type": "Seq Scan", "Parent Relationship": "Outer", "Relation Name": "role_type", "Alias": "rt", "Startup Cost": 0.0, "Total Cost": 1.15, "Plan Rows": 1, "Plan Width": 4, "Actual Startup Time": 0.026, "Actual Total Time": 0.03, "Actual Rows": 1, "Actual Loops": 1, "Filter": "((role)::text = 'actress'::text)", "Rows Removed by Filter": 11}]}]}, {"Node Type": "Bitmap Heap Scan", "Parent Relationship": "Inner", "Relation Name": "movie_companies", "Alias": "mc", "Startup Cost": 0.31, "Total Cost": 4.35, "Plan Rows": 1, "Plan Width": 8, "Actual Startup Time": 3.832, "Actual Total Time": 4.73, "Actual Rows": 373, "Actual Loops": 425, "Recheck Cond": "(movie_id = ci.movie_id)", "Rows Removed by Index Recheck": 0, "Filter": "((note IS NOT NULL) AND (((note)::text ~~ '%(USA)%'::text) OR ((note)::text ~~ '%(worldwide)%'::text)))", "Rows Removed by Filter": 1538, "Exact Heap Blocks": 580, "Lossy Heap Blocks": 580, "Plans": [{"Node Type": "Bitmap Index Scan", "Parent Relationship": "Outer", "Index Name": "movie_id_movie_companies", "Startup Cost": 0.0, "Total Cost": 0.31, "Plan Rows": 2, "Plan Width": 0, "Actual Startup Time": 2.016, "Actual Total Time": 2.016, "Actual Rows": 1911, "Actual Loops": 425, "Index Cond": "(movie_id = ci.movie_id)"}]}]}, {"Node Type": "Bitmap Heap Scan", "Parent Relationship": "Inner", "Relation Name": "char_name", "Alias": "chn", "Startup Cost": 0.31, "Total Cost": 4.33, "Plan Rows": 1, "Plan Width": 20, "Actual Startup Time": 1.685, "Actual Total Time": 1.685, "Actual Rows": 348, "Actual Loops": 373, "Recheck Cond": "(id = ci.person_role_id)", "Rows Removed by Index Recheck": 0, "Exact Heap Blocks": 348, "Lossy Heap Blocks": 348, "Plans": [{"Node Type": "Bitmap Index Scan", "Parent Relationship": "Outer", "Index Name": "char_name_pkey", "Startup Cost": 0.0, "Total Cost": 0.31, "Plan Rows": 1, "Plan Width": 0, "Actual Startup Time": 1.074, "Actual Total Time": 1.074, "Actual Rows": 348, "Actual Loops": 373, "Index Cond": "(id = ci.person_role_id)"}]}]}, {"Node Type": "Bitmap Heap Scan", "Parent Relationship": "Inner", "Relation Name": "company_name", "Alias": "cn", "Startup Cost": 0.26, "Total Cost": 4.28, "Plan Rows": 1, "Plan Width": 4, "Actual Startup Time": 1.793, "Actual Total Time": 1.793, "Actual Rows": 341, "Actual Loops": 348, "Recheck Cond": "(id = mc.company_id)", "Rows Removed by Index Recheck": 0, "Filter": "((country_code)::text = '[us]'::text)", "Rows Removed by Filter": 7, "Exact Heap Blocks": 348, "Lossy Heap Blocks": 348, "Plans": [{"Node Type": "Bitmap Index Scan", "Parent Relationship": "Outer", "Index Name": "company_name_pkey", "Startup Cost": 0.0, "Total Cost": 0.26, "Plan Rows": 1, "Plan Width": 0, "Actual Startup Time": 1.019, "Actual Total Time": 1.019, "Actual Rows": 348, "Actual Loops": 348, "Index Cond": "(id = mc.company_id)"}]}]}, {"Node Type": "Bitmap Heap Scan", "Parent Relationship": "Inner", "Relation Name": "title", "Alias": "t", "Startup Cost": 0.3, "Total Cost": 4.32, "Plan Rows": 1, "Plan Width": 21, "Actual Startup Time": 1.818, "Actual Total Time": 1.818, "Actual Rows": 121, "Actual Loops": 341, "Recheck Cond": "(id = ci.movie_id)", "Rows Removed by Index Recheck": 0, "Filter": "((production_year >= 2005) AND (production_year <= 2015))", "Rows Removed by Filter": 220, "Exact Heap Blocks": 341, "Lossy Heap Blocks": 341, "Plans": [{"Node Type": "Bitmap Index Scan", "Parent Relationship": "Outer", "Index Name": "title_pkey", "Startup Cost": 0.0, "Total Cost": 0.3, "Plan Rows": 1, "Plan Width": 0, "Actual Startup Time": 1.064, "Actual Total Time": 1.064, "Actual Rows": 341, "Actual Loops": 341, "Index Cond": "(id = ci.movie_id)"}]}]}]}, "Triggers": [], "Planner Runtime": 44, "Total Runtime": 1766.965, "Unique SQL Id": 3431223514}}, "(1, 99)": {"explain_plan": {"Plan": {"Node Type": "Aggregate", "Strategy": "Plain", "Startup Cost": 1000016655188.3, "Total Cost": 1000016655188.31, "Plan Rows": 1, "Plan Width": 145, "Plans": [{"Node Type": "Nested Loop", "Parent Relationship": "Outer", "Join Type": "Inner", "Startup Cost": 10000000002.78, "Total Cost": 1000016655188.3, "Plan Rows": 1, "Plan Width": 49, "Inner Unique": true, "Join Filter": "(ci.person_id = n.id)", "Plans": [{"Node Type": "Nested Loop", "Parent Relationship": "Outer", "Join Type": "Inner", "Startup Cost": 10000000002.45, "Total Cost": 1000016612909.02, "Plan Rows": 9704, "Plan Width": 57, "Inner Unique": true, "Plans": [{"Node Type": "Nested Loop", "Parent Relationship": "Outer", "Join Type": "Inner", "Startup Cost": 10000000002.15, "Total Cost": 1000016578899.44, "Plan Rows": 7855, "Plan Width": 48, "Inner Unique": true, "Plans": [{"Node Type": "Nested Loop", "Parent Relationship": "Outer", "Join Type": "Inner", "Startup Cost": 10000000001.89, "Total Cost": 1000016510409.12, "Plan Rows": 15972, "Plan Width": 52, "Inner Unique": true, "Plans": [{"Node Type": "Nested Loop", "Parent Relationship": "Outer", "Join Type": "Inner", "Startup Cost": 10000000001.57, "Total Cost": 1000016367541.65, "Plan Rows": 32949, "Plan Width": 40, "Inner Unique": false, "Plans": [{"Node Type": "Nested Loop", "Parent Relationship": "Outer", "Join Type": "Inner", "Startup Cost": 10000000001.26, "Total Cost": 1000015972498.77, "Plan Rows": 90685, "Plan Width": 32, "Inner Unique": true, "Plans": [{"Node Type": "Nested Loop", "Parent Relationship": "Outer", "Join Type": "Inner", "Startup Cost": 10000000001.0, "Total Cost": 1000011700317.58, "Plan Rows": 997530, "Plan Width": 36, "Inner Unique": false, "Plans": [{"Node Type": "Index Scan", "Parent Relationship": "Outer", "Scan Direction": "Forward", "Index Name": "person_id_aka_name", "Relation Name": "aka_name", "Alias": "an", "Startup Cost": 10000000000.0, "Total Cost": 1000006896503.43, "Plan Rows": 901342, "Plan Width": 20}, {"Node Type": "Bitmap Heap Scan", "Parent Relationship": "Inner", "Relation Name": "cast_info", "Alias": "ci", "Startup Cost": 1.0, "Total Cost": 5.32, "Plan Rows": 1, "Plan Width": 16, "Recheck Cond": "(person_id = an.person_id)", "Filter": "((note)::text = ANY ('{(voice),\"(voice: Japanese version)\",\"(voice) (uncredited)\",\"(voice: English version)\"}'::text[]))", "Plans": [{"Node Type": "Bitmap Index Scan", "Parent Relationship": "Outer", "Index Name": "person_id_cast_info", "Startup Cost": 0.0, "Total Cost": 1.0, "Plan Rows": 18, "Plan Width": 0, "Index Cond": "(person_id = an.person_id)"}]}]}, {"Node Type": "Bitmap Heap Scan", "Parent Relationship": "Inner", "Relation Name": "role_type", "Alias": "rt", "Startup Cost": 0.26, "Total Cost": 4.27, "Plan Rows": 1, "Plan Width": 4, "Recheck Cond": "(id = ci.role_id)", "Filter": "((role)::text = 'actress'::text)", "Plans": [{"Node Type": "Bitmap Index Scan", "Parent Relationship": "Outer", "Index Name": "role_type_pkey", "Startup Cost": 0.0, "Total Cost": 0.26, "Plan Rows": 1, "Plan Width": 0, "Index Cond": "(id = ci.role_id)"}]}]}, {"Node Type": "Bitmap Heap Scan", "Parent Relationship": "Inner", "Relation Name": "movie_companies", "Alias": "mc", "Startup Cost": 0.31, "Total Cost": 4.35, "Plan Rows": 1, "Plan Width": 8, "Recheck Cond": "(movie_id = ci.movie_id)", "Filter": "((note IS NOT NULL) AND (((note)::text ~~ '%(USA)%'::text) OR ((note)::text ~~ '%(worldwide)%'::text)))", "Plans": [{"Node Type": "Bitmap Index Scan", "Parent Relationship": "Outer", "Index Name": "movie_id_movie_companies", "Startup Cost": 0.0, "Total Cost": 0.31, "Plan Rows": 2, "Plan Width": 0, "Index Cond": "(movie_id = ci.movie_id)"}]}]}, {"Node Type": "Bitmap Heap Scan", "Parent Relationship": "Inner", "Relation Name": "char_name", "Alias": "chn", "Startup Cost": 0.31, "Total Cost": 4.33, "Plan Rows": 1, "Plan Width": 20, "Recheck Cond": "(id = ci.person_role_id)", "Plans": [{"Node Type": "Bitmap Index Scan", "Parent Relationship": "Outer", "Index Name": "char_name_pkey", "Startup Cost": 0.0, "Total Cost": 0.31, "Plan Rows": 1, "Plan Width": 0, "Index Cond": "(id = ci.person_role_id)"}]}]}, {"Node Type": "Bitmap Heap Scan", "Parent Relationship": "Inner", "Relation Name": "company_name", "Alias": "cn", "Startup Cost": 0.26, "Total Cost": 4.28, "Plan Rows": 1, "Plan Width": 4, "Recheck Cond": "(id = mc.company_id)", "Filter": "((country_code)::text = '[us]'::text)", "Plans": [{"Node Type": "Bitmap Index Scan", "Parent Relationship": "Outer", "Index Name": "company_name_pkey", "Startup Cost": 0.0, "Total Cost": 0.26, "Plan Rows": 1, "Plan Width": 0, "Index Cond": "(id = mc.company_id)"}]}]}, {"Node Type": "Bitmap Heap Scan", "Parent Relationship": "Inner", "Relation Name": "title", "Alias": "t", "Startup Cost": 0.3, "Total Cost": 4.32, "Plan Rows": 1, "Plan Width": 21, "Recheck Cond": "(id = ci.movie_id)", "Filter": "((production_year >= 2005) AND (production_year <= 2015))", "Plans": [{"Node Type": "Bitmap Index Scan", "Parent Relationship": "Outer", "Index Name": "title_pkey", "Startup Cost": 0.0, "Total Cost": 0.3, "Plan Rows": 1, "Plan Width": 0, "Index Cond": "(id = ci.movie_id)"}]}]}, {"Node Type": "Bitmap Heap Scan", "Parent Relationship": "Inner", "Relation Name": "name", "Alias": "n", "Startup Cost": 0.33, "Total Cost": 4.34, "Plan Rows": 1, "Plan Width": 4, "Recheck Cond": "(id = an.person_id)", "Filter": "(((name)::text ~~ '%Ang%'::text) AND ((gender)::text = 'f'::text))", "Plans": [{"Node Type": "Bitmap Index Scan", "Parent Relationship": "Outer", "Index Name": "name_pkey", "Startup Cost": 0.0, "Total Cost": 0.33, "Plan Rows": 1, "Plan Width": 0, "Index Cond": "(id = an.person_id)"}]}]}]}, "Unique SQL Id": 3431223514, "Planner Runtime": 8}, "explain_analyze_plan": null}, "(1, 100)": {"explain_plan": {"Plan": {"Node Type": "Aggregate", "Strategy": "Plain", "Startup Cost": 115024.12, "Total Cost": 115024.13, "Plan Rows": 1, "Plan Width": 145, "Plans": [{"Node Type": "Nested Loop", "Parent Relationship": "Outer", "Join Type": "Inner", "Startup Cost": 0.0, "Total Cost": 115024.11, "Plan Rows": 1, "Plan Width": 49, "Inner Unique": true, "Plans": [{"Node Type": "Nested Loop", "Parent Relationship": "Outer", "Join Type": "Inner", "Startup Cost": 0.0, "Total Cost": 115023.61, "Plan Rows": 1, "Plan Width": 40, "Inner Unique": true, "Plans": [{"Node Type": "Nested Loop", "Parent Relationship": "Outer", "Join Type": "Inner", "Startup Cost": 0.0, "Total Cost": 115022.6, "Plan Rows": 2, "Plan Width": 28, "Inner Unique": true, "Plans": [{"Node Type": "Nested Loop", "Parent Relationship": "Outer", "Join Type": "Inner", "Startup Cost": 0.0, "Total Cost": 115020.96, "Plan Rows": 5, "Plan Width": 32, "Inner Unique": false, "Plans": [{"Node Type": "Nested Loop", "Parent Relationship": "Outer", "Join Type": "Inner", "Startup Cost": 0.0, "Total Cost": 115015.35, "Plan Rows": 13, "Plan Width": 24, "Inner Unique": true, "Plans": [{"Node Type": "Nested Loop", "Parent Relationship": "Outer", "Join Type": "Inner", "Startup Cost": 0.0, "Total Cost": 114975.51, "Plan Rows": 141, "Plan Width": 28, "Inner Unique": false, "Join Filter": "(n.id = ci.person_id)", "Plans": [{"Node Type": "Nested Loop", "Parent Relationship": "Outer", "Join Type": "Inner", "Startup Cost": 0.0, "Total Cost": 114700.23, "Plan Rows": 115, "Plan Width": 24, "Inner Unique": false, "Plans": [{"Node Type": "Seq Scan", "Parent Relationship": "Outer", "Relation Name": "name", "Alias": "n", "Startup Cost": 0.0, "Total Cost": 113909.35, "Plan Rows": 96, "Plan Width": 4, "Filter": "(((name)::text ~~ '%Ang%'::text) AND ((gender)::text = 'f'::text))"}, {"Node Type": "Index Scan", "Parent Relationship": "Inner", "Scan Direction": "Forward", "Index Name": "person_id_aka_name", "Relation Name": "aka_name", "Alias": "an", "Startup Cost": 0.0, "Total Cost": 8.23, "Plan Rows": 1, "Plan Width": 20, "Index Cond": "(person_id = n.id)"}]}, {"Node Type": "Index Scan", "Parent Relationship": "Inner", "Scan Direction": "Forward", "Index Name": "person_id_cast_info", "Relation Name": "cast_info", "Alias": "ci", "Startup Cost": 0.0, "Total Cost": 2.38, "Plan Rows": 1, "Plan Width": 16, "Index Cond": "(person_id = an.person_id)", "Filter": "((note)::text = ANY ('{(voice),\"(voice: Japanese version)\",\"(voice) (uncredited)\",\"(voice: English version)\"}'::text[]))"}]}, {"Node Type": "Index Scan", "Parent Relationship": "Inner", "Scan Direction": "Forward", "Index Name": "role_type_pkey", "Relation Name": "role_type", "Alias": "rt", "Startup Cost": 0.0, "Total Cost": 0.27, "Plan Rows": 1, "Plan Width": 4, "Index Cond": "(id = ci.role_id)", "Filter": "((role)::text = 'actress'::text)"}]}, {"Node Type": "Index Scan", "Parent Relationship": "Inner", "Scan Direction": "Forward", "Index Name": "movie_id_movie_companies", "Relation Name": "movie_companies", "Alias": "mc", "Startup Cost": 0.0, "Total Cost": 0.42, "Plan Rows": 1, "Plan Width": 8, "Index Cond": "(movie_id = ci.movie_id)", "Filter": "((note IS NOT NULL) AND (((note)::text ~~ '%(USA)%'::text) OR ((note)::text ~~ '%(worldwide)%'::text)))"}]}, {"Node Type": "Index Scan", "Parent Relationship": "Inner", "Scan Direction": "Forward", "Index Name": "company_name_pkey", "Relation Name": "company_name", "Alias": "cn", "Startup Cost": 0.0, "Total Cost": 0.32, "Plan Rows": 1, "Plan Width": 4, "Index Cond": "(id = mc.company_id)", "Filter": "((country_code)::text = '[us]'::text)"}]}, {"Node Type": "Index Scan", "Parent Relationship": "Inner", "Scan Direction": "Forward", "Index Name": "char_name_pkey", "Relation Name": "char_name", "Alias": "chn", "Startup Cost": 0.0, "Total Cost": 0.5, "Plan Rows": 1, "Plan Width": 20, "Index Cond": "(id = ci.person_role_id)"}]}, {"Node Type": "Index Scan", "Parent Relationship": "Inner", "Scan Direction": "Forward", "Index Name": "title_pkey", "Relation Name": "title", "Alias": "t", "Startup Cost": 0.0, "Total Cost": 0.49, "Plan Rows": 1, "Plan Width": 21, "Index Cond": "(id = ci.movie_id)", "Filter": "((production_year >= 2005) AND (production_year <= 2015))"}]}]}, "Unique SQL Id": 3431223514, "Planner Runtime": 25}, "explain_analyze_plan": {"Plan": {"Node Type": "Aggregate", "Strategy": "Plain", "Startup Cost": 115024.12, "Total Cost": 115024.13, "Plan Rows": 1, "Plan Width": 145, "Actual Startup Time": 1704.318, "Actual Total Time": 1704.318, "Actual Rows": 1, "Actual Loops": 1, "Plans": [{"Node Type": "Nested Loop", "Parent Relationship": "Outer", "Join Type": "Inner", "Startup Cost": 0.0, "Total Cost": 115024.11, "Plan Rows": 1, "Plan Width": 49, "Actual Startup Time": 696.911, "Actual Total Time": 1704.072, "Actual Rows": 121, "Actual Loops": 1, "Inner Unique": true, "Plans": [{"Node Type": "Nested Loop", "Parent Relationship": "Outer", "Join Type": "Inner", "Startup Cost": 0.0, "Total Cost": 115023.61, "Plan Rows": 1, "Plan Width": 40, "Actual Startup Time": 689.255, "Actual Total Time": 1702.263, "Actual Rows": 341, "Actual Loops": 1, "Inner Unique": true, "Plans": [{"Node Type": "Nested Loop", "Parent Relationship": "Outer", "Join Type": "Inner", "Startup Cost": 0.0, "Total Cost": 115022.6, "Plan Rows": 2, "Plan Width": 28, "Actual Startup Time": 689.243, "Actual Total Time": 1700.623, "Actual Rows": 359, "Actual Loops": 1, "Inner Unique": true, "Plans": [{"Node Type": "Nested Loop", "Parent Relationship": "Outer", "Join Type": "Inner", "Startup Cost": 0.0, "Total Cost": 115020.96, "Plan Rows": 5, "Plan Width": 32, "Actual Startup Time": 689.227, "Actual Total Time": 1698.696, "Actual Rows": 373, "Actual Loops": 1, "Inner Unique": false, "Plans": [{"Node Type": "Nested Loop", "Parent Relationship": "Outer", "Join Type": "Inner", "Startup Cost": 0.0, "Total Cost": 115015.35, "Plan Rows": 13, "Plan Width": 24, "Actual Startup Time": 687.84, "Actual Total Time": 1694.526, "Actual Rows": 425, "Actual Loops": 1, "Inner Unique": true, "Plans": [{"Node Type": "Nested Loop", "Parent Relationship": "Outer", "Join Type": "Inner", "Startup Cost": 0.0, "Total Cost": 114975.51, "Plan Rows": 141, "Plan Width": 28, "Actual Startup Time": 687.826, "Actual Total Time": 1693.167, "Actual Rows": 425, "Actual Loops": 1, "Inner Unique": false, "Join Filter": "(n.id = ci.person_id)", "Rows Removed by Join Filter": 0, "Plans": [{"Node Type": "Nested Loop", "Parent Relationship": "Outer", "Join Type": "Inner", "Startup Cost": 0.0, "Total Cost": 114700.23, "Plan Rows": 115, "Plan Width": 24, "Actual Startup Time": 672.809, "Actual Total Time": 1643.882, "Actual Rows": 1558, "Actual Loops": 1, "Inner Unique": false, "Plans": [{"Node Type": "Seq Scan", "Parent Relationship": "Outer", "Relation Name": "name", "Alias": "n", "Startup Cost": 0.0, "Total Cost": 113909.35, "Plan Rows": 96, "Plan Width": 4, "Actual Startup Time": 671.098, "Actual Total Time": 1621.774, "Actual Rows": 6768, "Actual Loops": 1, "Filter": "(((name)::text ~~ '%Ang%'::text) AND ((gender)::text = 'f'::text))", "Rows Removed by Filter": 4160722}, {"Node Type": "Index Scan", "Parent Relationship": "Inner", "Scan Direction": "Forward", "Index Name": "person_id_aka_name", "Relation Name": "aka_name", "Alias": "an", "Startup Cost": 0.0, "Total Cost": 8.23, "Plan Rows": 1, "Plan Width": 20, "Actual Startup Time": 17.327, "Actual Total Time": 18.037, "Actual Rows": 1558, "Actual Loops": 6768, "Index Cond": "(person_id = n.id)", "Rows Removed by Index Recheck": 0}]}, {"Node Type": "Index Scan", "Parent Relationship": "Inner", "Scan Direction": "Forward", "Index Name": "person_id_cast_info", "Relation Name": "cast_info", "Alias": "ci", "Startup Cost": 0.0, "Total Cost": 2.38, "Plan Rows": 1, "Plan Width": 16, "Actual Startup Time": 43.363, "Actual Total Time": 48.09, "Actual Rows": 425, "Actual Loops": 1558, "Index Cond": "(person_id = an.person_id)", "Rows Removed by Index Recheck": 0, "Filter": "((note)::text = ANY ('{(voice),\"(voice: Japanese version)\",\"(voice) (uncredited)\",\"(voice: English version)\"}'::text[]))", "Rows Removed by Filter": 69057}]}, {"Node Type": "Index Scan", "Parent Relationship": "Inner", "Scan Direction": "Forward", "Index Name": "role_type_pkey", "Relation Name": "role_type", "Alias": "rt", "Startup Cost": 0.0, "Total Cost": 0.27, "Plan Rows": 1, "Plan Width": 4, "Actual Startup Time": 0.9, "Actual Total Time": 0.9, "Actual Rows": 425, "Actual Loops": 425, "Index Cond": "(id = ci.role_id)", "Rows Removed by Index Recheck": 0, "Filter": "((role)::text = 'actress'::text)", "Rows Removed by Filter": 0}]}, {"Node Type": "Index Scan", "Parent Relationship": "Inner", "Scan Direction": "Forward", "Index Name": "movie_id_movie_companies", "Relation Name": "movie_companies", "Alias": "mc", "Startup Cost": 0.0, "Total Cost": 0.42, "Plan Rows": 1, "Plan Width": 8, "Actual Startup Time": 2.584, "Actual Total Time": 3.726, "Actual Rows": 373, "Actual Loops": 425, "Index Cond": "(movie_id = ci.movie_id)", "Rows Removed by Index Recheck": 0, "Filter": "((note IS NOT NULL) AND (((note)::text ~~ '%(USA)%'::text) OR ((note)::text ~~ '%(worldwide)%'::text)))", "Rows Removed by Filter": 1538}]}, {"Node Type": "Index Scan", "Parent Relationship": "Inner", "Scan Direction": "Forward", "Index Name": "company_name_pkey", "Relation Name": "company_name", "Alias": "cn", "Startup Cost": 0.0, "Total Cost": 0.32, "Plan Rows": 1, "Plan Width": 4, "Actual Startup Time": 1.562, "Actual Total Time": 1.562, "Actual Rows": 359, "Actual Loops": 373, "Index Cond": "(id = mc.company_id)", "Rows Removed by Index Recheck": 0, "Filter": "((country_code)::text = '[us]'::text)", "Rows Removed by Filter": 14}]}, {"Node Type": "Index Scan", "Parent Relationship": "Inner", "Scan Direction": "Forward", "Index Name": "char_name_pkey", "Relation Name": "char_name", "Alias": "chn", "Startup Cost": 0.0, "Total Cost": 0.5, "Plan Rows": 1, "Plan Width": 20, "Actual Startup Time": 1.238, "Actual Total Time": 1.238, "Actual Rows": 341, "Actual Loops": 359, "Index Cond": "(id = ci.person_role_id)", "Rows Removed by Index Recheck": 0}]}, {"Node Type": "Index Scan", "Parent Relationship": "Inner", "Scan Direction": "Forward", "Index Name": "title_pkey", "Relation Name": "title", "Alias": "t", "Startup Cost": 0.0, "Total Cost": 0.49, "Plan Rows": 1, "Plan Width": 21, "Actual Startup Time": 1.522, "Actual Total Time": 1.522, "Actual Rows": 121, "Actual Loops": 341, "Index Cond": "(id = ci.movie_id)", "Rows Removed by Index Recheck": 0, "Filter": "((production_year >= 2005) AND (production_year <= 2015))", "Rows Removed by Filter": 220}]}]}, "Triggers": [], "Planner Runtime": 26, "Total Runtime": 1704.792, "Unique SQL Id": 3431223514}}, "(1, 101)": {"explain_plan": {"Plan": {"Node Type": "Aggregate", "Strategy": "Plain", "Startup Cost": 198184.97, "Total Cost": 198184.98, "Plan Rows": 1, "Plan Width": 145, "Plans": [{"Node Type": "Nested Loop", "Parent Relationship": "Outer", "Join Type": "Inner", "Startup Cost": 0.0, "Total Cost": 198184.96, "Plan Rows": 1, "Plan Width": 49, "Inner Unique": true, "Plans": [{"Node Type": "Nested Loop", "Parent Relationship": "Outer", "Join Type": "Inner", "Startup Cost": 0.0, "Total Cost": 198184.46, "Plan Rows": 1, "Plan Width": 40, "Inner Unique": true, "Plans": [{"Node Type": "Nested Loop", "Parent Relationship": "Outer", "Join Type": "Inner", "Startup Cost": 0.0, "Total Cost": 198183.44, "Plan Rows": 2, "Plan Width": 28, "Inner Unique": true, "Plans": [{"Node Type": "Nested Loop", "Parent Relationship": "Outer", "Join Type": "Inner", "Startup Cost": 0.0, "Total Cost": 198181.8, "Plan Rows": 5, "Plan Width": 32, "Inner Unique": false, "Plans": [{"Node Type": "Nested Loop", "Parent Relationship": "Outer", "Join Type": "Inner", "Startup Cost": 0.0, "Total Cost": 198176.2, "Plan Rows": 13, "Plan Width": 24, "Inner Unique": true, "Plans": [{"Node Type": "Nested Loop", "Parent Relationship": "Outer", "Join Type": "Inner", "Startup Cost": 0.0, "Total Cost": 198136.36, "Plan Rows": 141, "Plan Width": 28, "Inner Unique": false, "Join Filter": "(n.id = ci.person_id)", "Plans": [{"Node Type": "Nested Loop", "Parent Relationship": "Outer", "Join Type": "Inner", "Startup Cost": 0.0, "Total Cost": 197861.08, "Plan Rows": 115, "Plan Width": 24, "Inner Unique": false, "Plans": [{"Node Type": "Index Scan", "Parent Relationship": "Outer", "Scan Direction": "Forward", "Index Name": "name_pkey", "Relation Name": "name", "Alias": "n", "Startup Cost": 0.0, "Total Cost": 197070.2, "Plan Rows": 96, "Plan Width": 4, "Filter": "(((name)::text ~~ '%Ang%'::text) AND ((gender)::text = 'f'::text))"}, {"Node Type": "Index Scan", "Parent Relationship": "Inner", "Scan Direction": "Forward", "Index Name": "person_id_aka_name", "Relation Name": "aka_name", "Alias": "an", "Startup Cost": 0.0, "Total Cost": 8.23, "Plan Rows": 1, "Plan Width": 20, "Index Cond": "(person_id = n.id)"}]}, {"Node Type": "Index Scan", "Parent Relationship": "Inner", "Scan Direction": "Forward", "Index Name": "person_id_cast_info", "Relation Name": "cast_info", "Alias": "ci", "Startup Cost": 0.0, "Total Cost": 2.38, "Plan Rows": 1, "Plan Width": 16, "Index Cond": "(person_id = an.person_id)", "Filter": "((note)::text = ANY ('{(voice),\"(voice: Japanese version)\",\"(voice) (uncredited)\",\"(voice: English version)\"}'::text[]))"}]}, {"Node Type": "Index Scan", "Parent Relationship": "Inner", "Scan Direction": "Forward", "Index Name": "role_type_pkey", "Relation Name": "role_type", "Alias": "rt", "Startup Cost": 0.0, "Total Cost": 0.27, "Plan Rows": 1, "Plan Width": 4, "Index Cond": "(id = ci.role_id)", "Filter": "((role)::text = 'actress'::text)"}]}, {"Node Type": "Index Scan", "Parent Relationship": "Inner", "Scan Direction": "Forward", "Index Name": "movie_id_movie_companies", "Relation Name": "movie_companies", "Alias": "mc", "Startup Cost": 0.0, "Total Cost": 0.42, "Plan Rows": 1, "Plan Width": 8, "Index Cond": "(movie_id = ci.movie_id)", "Filter": "((note IS NOT NULL) AND (((note)::text ~~ '%(USA)%'::text) OR ((note)::text ~~ '%(worldwide)%'::text)))"}]}, {"Node Type": "Index Scan", "Parent Relationship": "Inner", "Scan Direction": "Forward", "Index Name": "company_name_pkey", "Relation Name": "company_name", "Alias": "cn", "Startup Cost": 0.0, "Total Cost": 0.32, "Plan Rows": 1, "Plan Width": 4, "Index Cond": "(id = mc.company_id)", "Filter": "((country_code)::text = '[us]'::text)"}]}, {"Node Type": "Index Scan", "Parent Relationship": "Inner", "Scan Direction": "Forward", "Index Name": "char_name_pkey", "Relation Name": "char_name", "Alias": "chn", "Startup Cost": 0.0, "Total Cost": 0.5, "Plan Rows": 1, "Plan Width": 20, "Index Cond": "(id = ci.person_role_id)"}]}, {"Node Type": "Index Scan", "Parent Relationship": "Inner", "Scan Direction": "Forward", "Index Name": "title_pkey", "Relation Name": "title", "Alias": "t", "Startup Cost": 0.0, "Total Cost": 0.49, "Plan Rows": 1, "Plan Width": 21, "Index Cond": "(id = ci.movie_id)", "Filter": "((production_year >= 2005) AND (production_year <= 2015))"}]}]}, "Unique SQL Id": 3431223514, "Planner Runtime": 17}, "explain_analyze_plan": null}, "(1, 102)": {"explain_plan": {"Plan": {"Node Type": "Aggregate", "Strategy": "Plain", "Startup Cost": 115406.32, "Total Cost": 115406.33, "Plan Rows": 1, "Plan Width": 145, "Plans": [{"Node Type": "Nested Loop", "Parent Relationship": "Outer", "Join Type": "Inner", "Startup Cost": 7.57, "Total Cost": 115406.31, "Plan Rows": 1, "Plan Width": 49, "Inner Unique": true, "Plans": [{"Node Type": "Nested Loop", "Parent Relationship": "Outer", "Join Type": "Inner", "Startup Cost": 7.27, "Total Cost": 115401.98, "Plan Rows": 1, "Plan Width": 40, "Inner Unique": true, "Plans": [{"Node Type": "Nested Loop", "Parent Relationship": "Outer", "Join Type": "Inner", "Startup Cost": 7.01, "Total Cost": 115393.41, "Plan Rows": 2, "Plan Width": 44, "Inner Unique": true, "Plans": [{"Node Type": "Nested Loop", "Parent Relationship": "Outer", "Join Type": "Inner", "Startup Cost": 6.69, "Total Cost": 115371.73, "Plan Rows": 5, "Plan Width": 32, "Inner Unique": false, "Plans": [{"Node Type": "Hash Join", "Parent Relationship": "Outer", "Join Type": "Inner", "Startup Cost": 6.38, "Total Cost": 115315.09, "Plan Rows": 13, "Plan Width": 24, "Inner Unique": true, "Hash Cond": "(ci.role_id = rt.id)", "Plans": [{"Node Type": "Nested Loop", "Parent Relationship": "Outer", "Join Type": "Inner", "Startup Cost": 5.22, "Total Cost": 115313.45, "Plan Rows": 141, "Plan Width": 28, "Inner Unique": false, "Join Filter": "(n.id = ci.person_id)", "Plans": [{"Node Type": "Nested Loop", "Parent Relationship": "Outer", "Join Type": "Inner", "Startup Cost": 4.22, "Total Cost": 114700.25, "Plan Rows": 115, "Plan Width": 24, "Inner Unique": false, "Plans": [{"Node Type": "Seq Scan", "Parent Relationship": "Outer", "Relation Name": "name", "Alias": "n", "Startup Cost": 0.0, "Total Cost": 113909.35, "Plan Rows": 96, "Plan Width": 4, "Filter": "(((name)::text ~~ '%Ang%'::text) AND ((gender)::text = 'f'::text))"}, {"Node Type": "Bitmap Heap Scan", "Parent Relationship": "Inner", "Relation Name": "aka_name", "Alias": "an", "Startup Cost": 4.22, "Total Cost": 8.23, "Plan Rows": 1, "Plan Width": 20, "Recheck Cond": "(person_id = n.id)", "Plans": [{"Node Type": "Bitmap Index Scan", "Parent Relationship": "Outer", "Index Name": "person_id_aka_name", "Startup Cost": 0.0, "Total Cost": 4.22, "Plan Rows": 1, "Plan Width": 0, "Index Cond": "(person_id = n.id)"}]}]}, {"Node Type": "Bitmap Heap Scan", "Parent Relationship": "Inner", "Relation Name": "cast_info", "Alias": "ci", "Startup Cost": 1.0, "Total Cost": 5.32, "Plan Rows": 1, "Plan Width": 16, "Recheck Cond": "(person_id = an.person_id)", "Filter": "((note)::text = ANY ('{(voice),\"(voice: Japanese version)\",\"(voice) (uncredited)\",\"(voice: English version)\"}'::text[]))", "Plans": [{"Node Type": "Bitmap Index Scan", "Parent Relationship": "Outer", "Index Name": "person_id_cast_info", "Startup Cost": 0.0, "Total Cost": 1.0, "Plan Rows": 18, "Plan Width": 0, "Index Cond": "(person_id = an.person_id)"}]}]}, {"Node Type": "Hash", "Parent Relationship": "Inner", "Startup Cost": 1.15, "Total Cost": 1.15, "Plan Rows": 1, "Plan Width": 4, "Plans": [{"Node Type": "Seq Scan", "Parent Relationship": "Outer", "Relation Name": "role_type", "Alias": "rt", "Startup Cost": 0.0, "Total Cost": 1.15, "Plan Rows": 1, "Plan Width": 4, "Filter": "((role)::text = 'actress'::text)"}]}]}, {"Node Type": "Bitmap Heap Scan", "Parent Relationship": "Inner", "Relation Name": "movie_companies", "Alias": "mc", "Startup Cost": 0.31, "Total Cost": 4.35, "Plan Rows": 1, "Plan Width": 8, "Recheck Cond": "(movie_id = ci.movie_id)", "Filter": "((note IS NOT NULL) AND (((note)::text ~~ '%(USA)%'::text) OR ((note)::text ~~ '%(worldwide)%'::text)))", "Plans": [{"Node Type": "Bitmap Index Scan", "Parent Relationship": "Outer", "Index Name": "movie_id_movie_companies", "Startup Cost": 0.0, "Total Cost": 0.31, "Plan Rows": 2, "Plan Width": 0, "Index Cond": "(movie_id = ci.movie_id)"}]}]}, {"Node Type": "Bitmap Heap Scan", "Parent Relationship": "Inner", "Relation Name": "char_name", "Alias": "chn", "Startup Cost": 0.31, "Total Cost": 4.33, "Plan Rows": 1, "Plan Width": 20, "Recheck Cond": "(id = ci.person_role_id)", "Plans": [{"Node Type": "Bitmap Index Scan", "Parent Relationship": "Outer", "Index Name": "char_name_pkey", "Startup Cost": 0.0, "Total Cost": 0.31, "Plan Rows": 1, "Plan Width": 0, "Index Cond": "(id = ci.person_role_id)"}]}]}, {"Node Type": "Bitmap Heap Scan", "Parent Relationship": "Inner", "Relation Name": "company_name", "Alias": "cn", "Startup Cost": 0.26, "Total Cost": 4.28, "Plan Rows": 1, "Plan Width": 4, "Recheck Cond": "(id = mc.company_id)", "Filter": "((country_code)::text = '[us]'::text)", "Plans": [{"Node Type": "Bitmap Index Scan", "Parent Relationship": "Outer", "Index Name": "company_name_pkey", "Startup Cost": 0.0, "Total Cost": 0.26, "Plan Rows": 1, "Plan Width": 0, "Index Cond": "(id = mc.company_id)"}]}]}, {"Node Type": "Bitmap Heap Scan", "Parent Relationship": "Inner", "Relation Name": "title", "Alias": "t", "Startup Cost": 0.3, "Total Cost": 4.32, "Plan Rows": 1, "Plan Width": 21, "Recheck Cond": "(id = ci.movie_id)", "Filter": "((production_year >= 2005) AND (production_year <= 2015))", "Plans": [{"Node Type": "Bitmap Index Scan", "Parent Relationship": "Outer", "Index Name": "title_pkey", "Startup Cost": 0.0, "Total Cost": 0.3, "Plan Rows": 1, "Plan Width": 0, "Index Cond": "(id = ci.movie_id)"}]}]}]}, "Unique SQL Id": 3431223514, "Planner Runtime": 44}, "explain_analyze_plan": {"Plan": {"Node Type": "Aggregate", "Strategy": "Plain", "Startup Cost": 115406.32, "Total Cost": 115406.33, "Plan Rows": 1, "Plan Width": 145, "Actual Startup Time": 1766.58, "Actual Total Time": 1766.582, "Actual Rows": 1, "Actual Loops": 1, "Plans": [{"Node Type": "Nested Loop", "Parent Relationship": "Outer", "Join Type": "Inner", "Startup Cost": 7.57, "Total Cost": 115406.31, "Plan Rows": 1, "Plan Width": 49, "Actual Startup Time": 725.562, "Actual Total Time": 1766.317, "Actual Rows": 121, "Actual Loops": 1, "Inner Unique": true, "Plans": [{"Node Type": "Nested Loop", "Parent Relationship": "Outer", "Join Type": "Inner", "Startup Cost": 7.27, "Total Cost": 115401.98, "Plan Rows": 1, "Plan Width": 40, "Actual Startup Time": 717.29, "Actual Total Time": 1764.016, "Actual Rows": 341, "Actual Loops": 1, "Inner Unique": true, "Plans": [{"Node Type": "Nested Loop", "Parent Relationship": "Outer", "Join Type": "Inner", "Startup Cost": 7.01, "Total Cost": 115393.41, "Plan Rows": 2, "Plan Width": 44, "Actual Startup Time": 717.249, "Actual Total Time": 1761.671, "Actual Rows": 348, "Actual Loops": 1, "Inner Unique": true, "Plans": [{"Node Type": "Nested Loop", "Parent Relationship": "Outer", "Join Type": "Inner", "Startup Cost": 6.69, "Total Cost": 115371.73, "Plan Rows": 5, "Plan Width": 32, "Actual Startup Time": 717.23, "Actual Total Time": 1759.376, "Actual Rows": 373, "Actual Loops": 1, "Inner Unique": false, "Plans": [{"Node Type": "Hash Join", "Parent Relationship": "Outer", "Join Type": "Inner", "Startup Cost": 6.38, "Total Cost": 115315.09, "Plan Rows": 13, "Plan Width": 24, "Actual Startup Time": 715.642, "Actual Total Time": 1753.706, "Actual Rows": 425, "Actual Loops": 1, "Inner Unique": true, "Hash Cond": "(ci.role_id = rt.id)", "Plans": [{"Node Type": "Nested Loop", "Parent Relationship": "Outer", "Join Type": "Inner", "Startup Cost": 5.22, "Total Cost": 115313.45, "Plan Rows": 141, "Plan Width": 28, "Actual Startup Time": 715.558, "Actual Total Time": 1753.298, "Actual Rows": 425, "Actual Loops": 1, "Inner Unique": false, "Join Filter": "(n.id = ci.person_id)", "Rows Removed by Join Filter": 0, "Plans": [{"Node Type": "Nested Loop", "Parent Relationship": "Outer", "Join Type": "Inner", "Startup Cost": 4.22, "Total Cost": 114700.25, "Plan Rows": 115, "Plan Width": 24, "Actual Startup Time": 699.22, "Actual Total Time": 1702.634, "Actual Rows": 1558, "Actual Loops": 1, "Inner Unique": false, "Plans": [{"Node Type": "Seq Scan", "Parent Relationship": "Outer", "Relation Name": "name", "Alias": "n", "Startup Cost": 0.0, "Total Cost": 113909.35, "Plan Rows": 96, "Plan Width": 4, "Actual Startup Time": 697.352, "Actual Total Time": 1671.006, "Actual Rows": 6768, "Actual Loops": 1, "Filter": "(((name)::text ~~ '%Ang%'::text) AND ((gender)::text = 'f'::text))", "Rows Removed by Filter": 4160722}, {"Node Type": "Bitmap Heap Scan", "Parent Relationship": "Inner", "Relation Name": "aka_name", "Alias": "an", "Startup Cost": 4.22, "Total Cost": 8.23, "Plan Rows": 1, "Plan Width": 20, "Actual Startup Time": 22.886, "Actual Total Time": 23.37, "Actual Rows": 1558, "Actual Loops": 6768, "Recheck Cond": "(person_id = n.id)", "Rows Removed by Index Recheck": 0, "Exact Heap Blocks": 1014, "Lossy Heap Blocks": 1014, "Plans": [{"Node Type": "Bitmap Index Scan", "Parent Relationship": "Outer", "Index Name": "person_id_aka_name", "Startup Cost": 0.0, "Total Cost": 4.22, "Plan Rows": 1, "Plan Width": 0, "Actual Startup Time": 17.341, "Actual Total Time": 17.341, "Actual Rows": 1558, "Actual Loops": 6768, "Index Cond": "(person_id = n.id)"}]}]}, {"Node Type": "Bitmap Heap Scan", "Parent Relationship": "Inner", "Relation Name": "cast_info", "Alias": "ci", "Startup Cost": 1.0, "Total Cost": 5.32, "Plan Rows": 1, "Plan Width": 16, "Actual Startup Time": 45.044, "Actual Total Time": 48.262, "Actual Rows": 425, "Actual Loops": 1558, "Recheck Cond": "(person_id = an.person_id)", "Rows Removed by Index Recheck": 0, "Filter": "((note)::text = ANY ('{(voice),\"(voice: Japanese version)\",\"(voice) (uncredited)\",\"(voice: English version)\"}'::text[]))", "Rows Removed by Filter": 69057, "Exact Heap Blocks": 2627, "Lossy Heap Blocks": 2627, "Plans": [{"Node Type": "Bitmap Index Scan", "Parent Relationship": "Outer", "Index Name": "person_id_cast_info", "Startup Cost": 0.0, "Total Cost": 1.0, "Plan Rows": 18, "Plan Width": 0, "Actual Startup Time": 14.077, "Actual Total Time": 14.077, "Actual Rows": 69482, "Actual Loops": 1558, "Index Cond": "(person_id = an.person_id)"}]}]}, {"Node Type": "Hash", "Parent Relationship": "Inner", "Startup Cost": 1.15, "Total Cost": 1.15, "Plan Rows": 1, "Plan Width": 4, "Actual Startup Time": 0.038, "Actual Total Time": 0.038, "Actual Rows": 1, "Actual Loops": 1, "Hash Buckets": 32768, "Hash Batches": 1, "Original Hash Batches": 1, "Peak Memory Usage": 1, "Plans": [{"Node Type": "Seq Scan", "Parent Relationship": "Outer", "Relation Name": "role_type", "Alias": "rt", "Startup Cost": 0.0, "Total Cost": 1.15, "Plan Rows": 1, "Plan Width": 4, "Actual Startup Time": 0.026, "Actual Total Time": 0.03, "Actual Rows": 1, "Actual Loops": 1, "Filter": "((role)::text = 'actress'::text)", "Rows Removed by Filter": 11}]}]}, {"Node Type": "Bitmap Heap Scan", "Parent Relationship": "Inner", "Relation Name": "movie_companies", "Alias": "mc", "Startup Cost": 0.31, "Total Cost": 4.35, "Plan Rows": 1, "Plan Width": 8, "Actual Startup Time": 3.832, "Actual Total Time": 4.73, "Actual Rows": 373, "Actual Loops": 425, "Recheck Cond": "(movie_id = ci.movie_id)", "Rows Removed by Index Recheck": 0, "Filter": "((note IS NOT NULL) AND (((note)::text ~~ '%(USA)%'::text) OR ((note)::text ~~ '%(worldwide)%'::text)))", "Rows Removed by Filter": 1538, "Exact Heap Blocks": 580, "Lossy Heap Blocks": 580, "Plans": [{"Node Type": "Bitmap Index Scan", "Parent Relationship": "Outer", "Index Name": "movie_id_movie_companies", "Startup Cost": 0.0, "Total Cost": 0.31, "Plan Rows": 2, "Plan Width": 0, "Actual Startup Time": 2.016, "Actual Total Time": 2.016, "Actual Rows": 1911, "Actual Loops": 425, "Index Cond": "(movie_id = ci.movie_id)"}]}]}, {"Node Type": "Bitmap Heap Scan", "Parent Relationship": "Inner", "Relation Name": "char_name", "Alias": "chn", "Startup Cost": 0.31, "Total Cost": 4.33, "Plan Rows": 1, "Plan Width": 20, "Actual Startup Time": 1.685, "Actual Total Time": 1.685, "Actual Rows": 348, "Actual Loops": 373, "Recheck Cond": "(id = ci.person_role_id)", "Rows Removed by Index Recheck": 0, "Exact Heap Blocks": 348, "Lossy Heap Blocks": 348, "Plans": [{"Node Type": "Bitmap Index Scan", "Parent Relationship": "Outer", "Index Name": "char_name_pkey", "Startup Cost": 0.0, "Total Cost": 0.31, "Plan Rows": 1, "Plan Width": 0, "Actual Startup Time": 1.074, "Actual Total Time": 1.074, "Actual Rows": 348, "Actual Loops": 373, "Index Cond": "(id = ci.person_role_id)"}]}]}, {"Node Type": "Bitmap Heap Scan", "Parent Relationship": "Inner", "Relation Name": "company_name", "Alias": "cn", "Startup Cost": 0.26, "Total Cost": 4.28, "Plan Rows": 1, "Plan Width": 4, "Actual Startup Time": 1.793, "Actual Total Time": 1.793, "Actual Rows": 341, "Actual Loops": 348, "Recheck Cond": "(id = mc.company_id)", "Rows Removed by Index Recheck": 0, "Filter": "((country_code)::text = '[us]'::text)", "Rows Removed by Filter": 7, "Exact Heap Blocks": 348, "Lossy Heap Blocks": 348, "Plans": [{"Node Type": "Bitmap Index Scan", "Parent Relationship": "Outer", "Index Name": "company_name_pkey", "Startup Cost": 0.0, "Total Cost": 0.26, "Plan Rows": 1, "Plan Width": 0, "Actual Startup Time": 1.019, "Actual Total Time": 1.019, "Actual Rows": 348, "Actual Loops": 348, "Index Cond": "(id = mc.company_id)"}]}]}, {"Node Type": "Bitmap Heap Scan", "Parent Relationship": "Inner", "Relation Name": "title", "Alias": "t", "Startup Cost": 0.3, "Total Cost": 4.32, "Plan Rows": 1, "Plan Width": 21, "Actual Startup Time": 1.818, "Actual Total Time": 1.818, "Actual Rows": 121, "Actual Loops": 341, "Recheck Cond": "(id = ci.movie_id)", "Rows Removed by Index Recheck": 0, "Filter": "((production_year >= 2005) AND (production_year <= 2015))", "Rows Removed by Filter": 220, "Exact Heap Blocks": 341, "Lossy Heap Blocks": 341, "Plans": [{"Node Type": "Bitmap Index Scan", "Parent Relationship": "Outer", "Index Name": "title_pkey", "Startup Cost": 0.0, "Total Cost": 0.3, "Plan Rows": 1, "Plan Width": 0, "Actual Startup Time": 1.064, "Actual Total Time": 1.064, "Actual Rows": 341, "Actual Loops": 341, "Index Cond": "(id = ci.movie_id)"}]}]}]}, "Triggers": [], "Planner Runtime": 44, "Total Runtime": 1766.965, "Unique SQL Id": 3431223514}}, "(1, 103)": {"explain_plan": {"Plan": {"Node Type": "Aggregate", "Strategy": "Plain", "Startup Cost": 1000016655188.3, "Total Cost": 1000016655188.31, "Plan Rows": 1, "Plan Width": 145, "Plans": [{"Node Type": "Nested Loop", "Parent Relationship": "Outer", "Join Type": "Inner", "Startup Cost": 10000000002.78, "Total Cost": 1000016655188.3, "Plan Rows": 1, "Plan Width": 49, "Inner Unique": true, "Join Filter": "(ci.person_id = n.id)", "Plans": [{"Node Type": "Nested Loop", "Parent Relationship": "Outer", "Join Type": "Inner", "Startup Cost": 10000000002.45, "Total Cost": 1000016612909.02, "Plan Rows": 9704, "Plan Width": 57, "Inner Unique": true, "Plans": [{"Node Type": "Nested Loop", "Parent Relationship": "Outer", "Join Type": "Inner", "Startup Cost": 10000000002.15, "Total Cost": 1000016578899.44, "Plan Rows": 7855, "Plan Width": 48, "Inner Unique": true, "Plans": [{"Node Type": "Nested Loop", "Parent Relationship": "Outer", "Join Type": "Inner", "Startup Cost": 10000000001.89, "Total Cost": 1000016510409.12, "Plan Rows": 15972, "Plan Width": 52, "Inner Unique": true, "Plans": [{"Node Type": "Nested Loop", "Parent Relationship": "Outer", "Join Type": "Inner", "Startup Cost": 10000000001.57, "Total Cost": 1000016367541.65, "Plan Rows": 32949, "Plan Width": 40, "Inner Unique": false, "Plans": [{"Node Type": "Nested Loop", "Parent Relationship": "Outer", "Join Type": "Inner", "Startup Cost": 10000000001.26, "Total Cost": 1000015972498.77, "Plan Rows": 90685, "Plan Width": 32, "Inner Unique": true, "Plans": [{"Node Type": "Nested Loop", "Parent Relationship": "Outer", "Join Type": "Inner", "Startup Cost": 10000000001.0, "Total Cost": 1000011700317.58, "Plan Rows": 997530, "Plan Width": 36, "Inner Unique": false, "Plans": [{"Node Type": "Index Scan", "Parent Relationship": "Outer", "Scan Direction": "Forward", "Index Name": "person_id_aka_name", "Relation Name": "aka_name", "Alias": "an", "Startup Cost": 10000000000.0, "Total Cost": 1000006896503.43, "Plan Rows": 901342, "Plan Width": 20}, {"Node Type": "Bitmap Heap Scan", "Parent Relationship": "Inner", "Relation Name": "cast_info", "Alias": "ci", "Startup Cost": 1.0, "Total Cost": 5.32, "Plan Rows": 1, "Plan Width": 16, "Recheck Cond": "(person_id = an.person_id)", "Filter": "((note)::text = ANY ('{(voice),\"(voice: Japanese version)\",\"(voice) (uncredited)\",\"(voice: English version)\"}'::text[]))", "Plans": [{"Node Type": "Bitmap Index Scan", "Parent Relationship": "Outer", "Index Name": "person_id_cast_info", "Startup Cost": 0.0, "Total Cost": 1.0, "Plan Rows": 18, "Plan Width": 0, "Index Cond": "(person_id = an.person_id)"}]}]}, {"Node Type": "Bitmap Heap Scan", "Parent Relationship": "Inner", "Relation Name": "role_type", "Alias": "rt", "Startup Cost": 0.26, "Total Cost": 4.27, "Plan Rows": 1, "Plan Width": 4, "Recheck Cond": "(id = ci.role_id)", "Filter": "((role)::text = 'actress'::text)", "Plans": [{"Node Type": "Bitmap Index Scan", "Parent Relationship": "Outer", "Index Name": "role_type_pkey", "Startup Cost": 0.0, "Total Cost": 0.26, "Plan Rows": 1, "Plan Width": 0, "Index Cond": "(id = ci.role_id)"}]}]}, {"Node Type": "Bitmap Heap Scan", "Parent Relationship": "Inner", "Relation Name": "movie_companies", "Alias": "mc", "Startup Cost": 0.31, "Total Cost": 4.35, "Plan Rows": 1, "Plan Width": 8, "Recheck Cond": "(movie_id = ci.movie_id)", "Filter": "((note IS NOT NULL) AND (((note)::text ~~ '%(USA)%'::text) OR ((note)::text ~~ '%(worldwide)%'::text)))", "Plans": [{"Node Type": "Bitmap Index Scan", "Parent Relationship": "Outer", "Index Name": "movie_id_movie_companies", "Startup Cost": 0.0, "Total Cost": 0.31, "Plan Rows": 2, "Plan Width": 0, "Index Cond": "(movie_id = ci.movie_id)"}]}]}, {"Node Type": "Bitmap Heap Scan", "Parent Relationship": "Inner", "Relation Name": "char_name", "Alias": "chn", "Startup Cost": 0.31, "Total Cost": 4.33, "Plan Rows": 1, "Plan Width": 20, "Recheck Cond": "(id = ci.person_role_id)", "Plans": [{"Node Type": "Bitmap Index Scan", "Parent Relationship": "Outer", "Index Name": "char_name_pkey", "Startup Cost": 0.0, "Total Cost": 0.31, "Plan Rows": 1, "Plan Width": 0, "Index Cond": "(id = ci.person_role_id)"}]}]}, {"Node Type": "Bitmap Heap Scan", "Parent Relationship": "Inner", "Relation Name": "company_name", "Alias": "cn", "Startup Cost": 0.26, "Total Cost": 4.28, "Plan Rows": 1, "Plan Width": 4, "Recheck Cond": "(id = mc.company_id)", "Filter": "((country_code)::text = '[us]'::text)", "Plans": [{"Node Type": "Bitmap Index Scan", "Parent Relationship": "Outer", "Index Name": "company_name_pkey", "Startup Cost": 0.0, "Total Cost": 0.26, "Plan Rows": 1, "Plan Width": 0, "Index Cond": "(id = mc.company_id)"}]}]}, {"Node Type": "Bitmap Heap Scan", "Parent Relationship": "Inner", "Relation Name": "title", "Alias": "t", "Startup Cost": 0.3, "Total Cost": 4.32, "Plan Rows": 1, "Plan Width": 21, "Recheck Cond": "(id = ci.movie_id)", "Filter": "((production_year >= 2005) AND (production_year <= 2015))", "Plans": [{"Node Type": "Bitmap Index Scan", "Parent Relationship": "Outer", "Index Name": "title_pkey", "Startup Cost": 0.0, "Total Cost": 0.3, "Plan Rows": 1, "Plan Width": 0, "Index Cond": "(id = ci.movie_id)"}]}]}, {"Node Type": "Bitmap Heap Scan", "Parent Relationship": "Inner", "Relation Name": "name", "Alias": "n", "Startup Cost": 0.33, "Total Cost": 4.34, "Plan Rows": 1, "Plan Width": 4, "Recheck Cond": "(id = an.person_id)", "Filter": "(((name)::text ~~ '%Ang%'::text) AND ((gender)::text = 'f'::text))", "Plans": [{"Node Type": "Bitmap Index Scan", "Parent Relationship": "Outer", "Index Name": "name_pkey", "Startup Cost": 0.0, "Total Cost": 0.33, "Plan Rows": 1, "Plan Width": 0, "Index Cond": "(id = an.person_id)"}]}]}]}, "Unique SQL Id": 3431223514, "Planner Runtime": 8}, "explain_analyze_plan": null}, "(1, 104)": {"explain_plan": {"Plan": {"Node Type": "Aggregate", "Strategy": "Plain", "Startup Cost": 115024.12, "Total Cost": 115024.13, "Plan Rows": 1, "Plan Width": 145, "Plans": [{"Node Type": "Nested Loop", "Parent Relationship": "Outer", "Join Type": "Inner", "Startup Cost": 0.0, "Total Cost": 115024.11, "Plan Rows": 1, "Plan Width": 49, "Inner Unique": true, "Plans": [{"Node Type": "Nested Loop", "Parent Relationship": "Outer", "Join Type": "Inner", "Startup Cost": 0.0, "Total Cost": 115023.61, "Plan Rows": 1, "Plan Width": 40, "Inner Unique": true, "Plans": [{"Node Type": "Nested Loop", "Parent Relationship": "Outer", "Join Type": "Inner", "Startup Cost": 0.0, "Total Cost": 115022.6, "Plan Rows": 2, "Plan Width": 28, "Inner Unique": true, "Plans": [{"Node Type": "Nested Loop", "Parent Relationship": "Outer", "Join Type": "Inner", "Startup Cost": 0.0, "Total Cost": 115020.96, "Plan Rows": 5, "Plan Width": 32, "Inner Unique": false, "Plans": [{"Node Type": "Nested Loop", "Parent Relationship": "Outer", "Join Type": "Inner", "Startup Cost": 0.0, "Total Cost": 115015.35, "Plan Rows": 13, "Plan Width": 24, "Inner Unique": true, "Plans": [{"Node Type": "Nested Loop", "Parent Relationship": "Outer", "Join Type": "Inner", "Startup Cost": 0.0, "Total Cost": 114975.51, "Plan Rows": 141, "Plan Width": 28, "Inner Unique": false, "Join Filter": "(n.id = ci.person_id)", "Plans": [{"Node Type": "Nested Loop", "Parent Relationship": "Outer", "Join Type": "Inner", "Startup Cost": 0.0, "Total Cost": 114700.23, "Plan Rows": 115, "Plan Width": 24, "Inner Unique": false, "Plans": [{"Node Type": "Seq Scan", "Parent Relationship": "Outer", "Relation Name": "name", "Alias": "n", "Startup Cost": 0.0, "Total Cost": 113909.35, "Plan Rows": 96, "Plan Width": 4, "Filter": "(((name)::text ~~ '%Ang%'::text) AND ((gender)::text = 'f'::text))"}, {"Node Type": "Index Scan", "Parent Relationship": "Inner", "Scan Direction": "Forward", "Index Name": "person_id_aka_name", "Relation Name": "aka_name", "Alias": "an", "Startup Cost": 0.0, "Total Cost": 8.23, "Plan Rows": 1, "Plan Width": 20, "Index Cond": "(person_id = n.id)"}]}, {"Node Type": "Index Scan", "Parent Relationship": "Inner", "Scan Direction": "Forward", "Index Name": "person_id_cast_info", "Relation Name": "cast_info", "Alias": "ci", "Startup Cost": 0.0, "Total Cost": 2.38, "Plan Rows": 1, "Plan Width": 16, "Index Cond": "(person_id = an.person_id)", "Filter": "((note)::text = ANY ('{(voice),\"(voice: Japanese version)\",\"(voice) (uncredited)\",\"(voice: English version)\"}'::text[]))"}]}, {"Node Type": "Index Scan", "Parent Relationship": "Inner", "Scan Direction": "Forward", "Index Name": "role_type_pkey", "Relation Name": "role_type", "Alias": "rt", "Startup Cost": 0.0, "Total Cost": 0.27, "Plan Rows": 1, "Plan Width": 4, "Index Cond": "(id = ci.role_id)", "Filter": "((role)::text = 'actress'::text)"}]}, {"Node Type": "Index Scan", "Parent Relationship": "Inner", "Scan Direction": "Forward", "Index Name": "movie_id_movie_companies", "Relation Name": "movie_companies", "Alias": "mc", "Startup Cost": 0.0, "Total Cost": 0.42, "Plan Rows": 1, "Plan Width": 8, "Index Cond": "(movie_id = ci.movie_id)", "Filter": "((note IS NOT NULL) AND (((note)::text ~~ '%(USA)%'::text) OR ((note)::text ~~ '%(worldwide)%'::text)))"}]}, {"Node Type": "Index Scan", "Parent Relationship": "Inner", "Scan Direction": "Forward", "Index Name": "company_name_pkey", "Relation Name": "company_name", "Alias": "cn", "Startup Cost": 0.0, "Total Cost": 0.32, "Plan Rows": 1, "Plan Width": 4, "Index Cond": "(id = mc.company_id)", "Filter": "((country_code)::text = '[us]'::text)"}]}, {"Node Type": "Index Scan", "Parent Relationship": "Inner", "Scan Direction": "Forward", "Index Name": "char_name_pkey", "Relation Name": "char_name", "Alias": "chn", "Startup Cost": 0.0, "Total Cost": 0.5, "Plan Rows": 1, "Plan Width": 20, "Index Cond": "(id = ci.person_role_id)"}]}, {"Node Type": "Index Scan", "Parent Relationship": "Inner", "Scan Direction": "Forward", "Index Name": "title_pkey", "Relation Name": "title", "Alias": "t", "Startup Cost": 0.0, "Total Cost": 0.49, "Plan Rows": 1, "Plan Width": 21, "Index Cond": "(id = ci.movie_id)", "Filter": "((production_year >= 2005) AND (production_year <= 2015))"}]}]}, "Unique SQL Id": 3431223514, "Planner Runtime": 25}, "explain_analyze_plan": {"Plan": {"Node Type": "Aggregate", "Strategy": "Plain", "Startup Cost": 115024.12, "Total Cost": 115024.13, "Plan Rows": 1, "Plan Width": 145, "Actual Startup Time": 1704.318, "Actual Total Time": 1704.318, "Actual Rows": 1, "Actual Loops": 1, "Plans": [{"Node Type": "Nested Loop", "Parent Relationship": "Outer", "Join Type": "Inner", "Startup Cost": 0.0, "Total Cost": 115024.11, "Plan Rows": 1, "Plan Width": 49, "Actual Startup Time": 696.911, "Actual Total Time": 1704.072, "Actual Rows": 121, "Actual Loops": 1, "Inner Unique": true, "Plans": [{"Node Type": "Nested Loop", "Parent Relationship": "Outer", "Join Type": "Inner", "Startup Cost": 0.0, "Total Cost": 115023.61, "Plan Rows": 1, "Plan Width": 40, "Actual Startup Time": 689.255, "Actual Total Time": 1702.263, "Actual Rows": 341, "Actual Loops": 1, "Inner Unique": true, "Plans": [{"Node Type": "Nested Loop", "Parent Relationship": "Outer", "Join Type": "Inner", "Startup Cost": 0.0, "Total Cost": 115022.6, "Plan Rows": 2, "Plan Width": 28, "Actual Startup Time": 689.243, "Actual Total Time": 1700.623, "Actual Rows": 359, "Actual Loops": 1, "Inner Unique": true, "Plans": [{"Node Type": "Nested Loop", "Parent Relationship": "Outer", "Join Type": "Inner", "Startup Cost": 0.0, "Total Cost": 115020.96, "Plan Rows": 5, "Plan Width": 32, "Actual Startup Time": 689.227, "Actual Total Time": 1698.696, "Actual Rows": 373, "Actual Loops": 1, "Inner Unique": false, "Plans": [{"Node Type": "Nested Loop", "Parent Relationship": "Outer", "Join Type": "Inner", "Startup Cost": 0.0, "Total Cost": 115015.35, "Plan Rows": 13, "Plan Width": 24, "Actual Startup Time": 687.84, "Actual Total Time": 1694.526, "Actual Rows": 425, "Actual Loops": 1, "Inner Unique": true, "Plans": [{"Node Type": "Nested Loop", "Parent Relationship": "Outer", "Join Type": "Inner", "Startup Cost": 0.0, "Total Cost": 114975.51, "Plan Rows": 141, "Plan Width": 28, "Actual Startup Time": 687.826, "Actual Total Time": 1693.167, "Actual Rows": 425, "Actual Loops": 1, "Inner Unique": false, "Join Filter": "(n.id = ci.person_id)", "Rows Removed by Join Filter": 0, "Plans": [{"Node Type": "Nested Loop", "Parent Relationship": "Outer", "Join Type": "Inner", "Startup Cost": 0.0, "Total Cost": 114700.23, "Plan Rows": 115, "Plan Width": 24, "Actual Startup Time": 672.809, "Actual Total Time": 1643.882, "Actual Rows": 1558, "Actual Loops": 1, "Inner Unique": false, "Plans": [{"Node Type": "Seq Scan", "Parent Relationship": "Outer", "Relation Name": "name", "Alias": "n", "Startup Cost": 0.0, "Total Cost": 113909.35, "Plan Rows": 96, "Plan Width": 4, "Actual Startup Time": 671.098, "Actual Total Time": 1621.774, "Actual Rows": 6768, "Actual Loops": 1, "Filter": "(((name)::text ~~ '%Ang%'::text) AND ((gender)::text = 'f'::text))", "Rows Removed by Filter": 4160722}, {"Node Type": "Index Scan", "Parent Relationship": "Inner", "Scan Direction": "Forward", "Index Name": "person_id_aka_name", "Relation Name": "aka_name", "Alias": "an", "Startup Cost": 0.0, "Total Cost": 8.23, "Plan Rows": 1, "Plan Width": 20, "Actual Startup Time": 17.327, "Actual Total Time": 18.037, "Actual Rows": 1558, "Actual Loops": 6768, "Index Cond": "(person_id = n.id)", "Rows Removed by Index Recheck": 0}]}, {"Node Type": "Index Scan", "Parent Relationship": "Inner", "Scan Direction": "Forward", "Index Name": "person_id_cast_info", "Relation Name": "cast_info", "Alias": "ci", "Startup Cost": 0.0, "Total Cost": 2.38, "Plan Rows": 1, "Plan Width": 16, "Actual Startup Time": 43.363, "Actual Total Time": 48.09, "Actual Rows": 425, "Actual Loops": 1558, "Index Cond": "(person_id = an.person_id)", "Rows Removed by Index Recheck": 0, "Filter": "((note)::text = ANY ('{(voice),\"(voice: Japanese version)\",\"(voice) (uncredited)\",\"(voice: English version)\"}'::text[]))", "Rows Removed by Filter": 69057}]}, {"Node Type": "Index Scan", "Parent Relationship": "Inner", "Scan Direction": "Forward", "Index Name": "role_type_pkey", "Relation Name": "role_type", "Alias": "rt", "Startup Cost": 0.0, "Total Cost": 0.27, "Plan Rows": 1, "Plan Width": 4, "Actual Startup Time": 0.9, "Actual Total Time": 0.9, "Actual Rows": 425, "Actual Loops": 425, "Index Cond": "(id = ci.role_id)", "Rows Removed by Index Recheck": 0, "Filter": "((role)::text = 'actress'::text)", "Rows Removed by Filter": 0}]}, {"Node Type": "Index Scan", "Parent Relationship": "Inner", "Scan Direction": "Forward", "Index Name": "movie_id_movie_companies", "Relation Name": "movie_companies", "Alias": "mc", "Startup Cost": 0.0, "Total Cost": 0.42, "Plan Rows": 1, "Plan Width": 8, "Actual Startup Time": 2.584, "Actual Total Time": 3.726, "Actual Rows": 373, "Actual Loops": 425, "Index Cond": "(movie_id = ci.movie_id)", "Rows Removed by Index Recheck": 0, "Filter": "((note IS NOT NULL) AND (((note)::text ~~ '%(USA)%'::text) OR ((note)::text ~~ '%(worldwide)%'::text)))", "Rows Removed by Filter": 1538}]}, {"Node Type": "Index Scan", "Parent Relationship": "Inner", "Scan Direction": "Forward", "Index Name": "company_name_pkey", "Relation Name": "company_name", "Alias": "cn", "Startup Cost": 0.0, "Total Cost": 0.32, "Plan Rows": 1, "Plan Width": 4, "Actual Startup Time": 1.562, "Actual Total Time": 1.562, "Actual Rows": 359, "Actual Loops": 373, "Index Cond": "(id = mc.company_id)", "Rows Removed by Index Recheck": 0, "Filter": "((country_code)::text = '[us]'::text)", "Rows Removed by Filter": 14}]}, {"Node Type": "Index Scan", "Parent Relationship": "Inner", "Scan Direction": "Forward", "Index Name": "char_name_pkey", "Relation Name": "char_name", "Alias": "chn", "Startup Cost": 0.0, "Total Cost": 0.5, "Plan Rows": 1, "Plan Width": 20, "Actual Startup Time": 1.238, "Actual Total Time": 1.238, "Actual Rows": 341, "Actual Loops": 359, "Index Cond": "(id = ci.person_role_id)", "Rows Removed by Index Recheck": 0}]}, {"Node Type": "Index Scan", "Parent Relationship": "Inner", "Scan Direction": "Forward", "Index Name": "title_pkey", "Relation Name": "title", "Alias": "t", "Startup Cost": 0.0, "Total Cost": 0.49, "Plan Rows": 1, "Plan Width": 21, "Actual Startup Time": 1.522, "Actual Total Time": 1.522, "Actual Rows": 121, "Actual Loops": 341, "Index Cond": "(id = ci.movie_id)", "Rows Removed by Index Recheck": 0, "Filter": "((production_year >= 2005) AND (production_year <= 2015))", "Rows Removed by Filter": 220}]}]}, "Triggers": [], "Planner Runtime": 26, "Total Runtime": 1704.792, "Unique SQL Id": 3431223514}}, "(1, 105)": {"explain_plan": {"Plan": {"Node Type": "Aggregate", "Strategy": "Plain", "Startup Cost": 198184.97, "Total Cost": 198184.98, "Plan Rows": 1, "Plan Width": 145, "Plans": [{"Node Type": "Nested Loop", "Parent Relationship": "Outer", "Join Type": "Inner", "Startup Cost": 0.0, "Total Cost": 198184.96, "Plan Rows": 1, "Plan Width": 49, "Inner Unique": true, "Plans": [{"Node Type": "Nested Loop", "Parent Relationship": "Outer", "Join Type": "Inner", "Startup Cost": 0.0, "Total Cost": 198184.46, "Plan Rows": 1, "Plan Width": 40, "Inner Unique": true, "Plans": [{"Node Type": "Nested Loop", "Parent Relationship": "Outer", "Join Type": "Inner", "Startup Cost": 0.0, "Total Cost": 198183.44, "Plan Rows": 2, "Plan Width": 28, "Inner Unique": true, "Plans": [{"Node Type": "Nested Loop", "Parent Relationship": "Outer", "Join Type": "Inner", "Startup Cost": 0.0, "Total Cost": 198181.8, "Plan Rows": 5, "Plan Width": 32, "Inner Unique": false, "Plans": [{"Node Type": "Nested Loop", "Parent Relationship": "Outer", "Join Type": "Inner", "Startup Cost": 0.0, "Total Cost": 198176.2, "Plan Rows": 13, "Plan Width": 24, "Inner Unique": true, "Plans": [{"Node Type": "Nested Loop", "Parent Relationship": "Outer", "Join Type": "Inner", "Startup Cost": 0.0, "Total Cost": 198136.36, "Plan Rows": 141, "Plan Width": 28, "Inner Unique": false, "Join Filter": "(n.id = ci.person_id)", "Plans": [{"Node Type": "Nested Loop", "Parent Relationship": "Outer", "Join Type": "Inner", "Startup Cost": 0.0, "Total Cost": 197861.08, "Plan Rows": 115, "Plan Width": 24, "Inner Unique": false, "Plans": [{"Node Type": "Index Scan", "Parent Relationship": "Outer", "Scan Direction": "Forward", "Index Name": "name_pkey", "Relation Name": "name", "Alias": "n", "Startup Cost": 0.0, "Total Cost": 197070.2, "Plan Rows": 96, "Plan Width": 4, "Filter": "(((name)::text ~~ '%Ang%'::text) AND ((gender)::text = 'f'::text))"}, {"Node Type": "Index Scan", "Parent Relationship": "Inner", "Scan Direction": "Forward", "Index Name": "person_id_aka_name", "Relation Name": "aka_name", "Alias": "an", "Startup Cost": 0.0, "Total Cost": 8.23, "Plan Rows": 1, "Plan Width": 20, "Index Cond": "(person_id = n.id)"}]}, {"Node Type": "Index Scan", "Parent Relationship": "Inner", "Scan Direction": "Forward", "Index Name": "person_id_cast_info", "Relation Name": "cast_info", "Alias": "ci", "Startup Cost": 0.0, "Total Cost": 2.38, "Plan Rows": 1, "Plan Width": 16, "Index Cond": "(person_id = an.person_id)", "Filter": "((note)::text = ANY ('{(voice),\"(voice: Japanese version)\",\"(voice) (uncredited)\",\"(voice: English version)\"}'::text[]))"}]}, {"Node Type": "Index Scan", "Parent Relationship": "Inner", "Scan Direction": "Forward", "Index Name": "role_type_pkey", "Relation Name": "role_type", "Alias": "rt", "Startup Cost": 0.0, "Total Cost": 0.27, "Plan Rows": 1, "Plan Width": 4, "Index Cond": "(id = ci.role_id)", "Filter": "((role)::text = 'actress'::text)"}]}, {"Node Type": "Index Scan", "Parent Relationship": "Inner", "Scan Direction": "Forward", "Index Name": "movie_id_movie_companies", "Relation Name": "movie_companies", "Alias": "mc", "Startup Cost": 0.0, "Total Cost": 0.42, "Plan Rows": 1, "Plan Width": 8, "Index Cond": "(movie_id = ci.movie_id)", "Filter": "((note IS NOT NULL) AND (((note)::text ~~ '%(USA)%'::text) OR ((note)::text ~~ '%(worldwide)%'::text)))"}]}, {"Node Type": "Index Scan", "Parent Relationship": "Inner", "Scan Direction": "Forward", "Index Name": "company_name_pkey", "Relation Name": "company_name", "Alias": "cn", "Startup Cost": 0.0, "Total Cost": 0.32, "Plan Rows": 1, "Plan Width": 4, "Index Cond": "(id = mc.company_id)", "Filter": "((country_code)::text = '[us]'::text)"}]}, {"Node Type": "Index Scan", "Parent Relationship": "Inner", "Scan Direction": "Forward", "Index Name": "char_name_pkey", "Relation Name": "char_name", "Alias": "chn", "Startup Cost": 0.0, "Total Cost": 0.5, "Plan Rows": 1, "Plan Width": 20, "Index Cond": "(id = ci.person_role_id)"}]}, {"Node Type": "Index Scan", "Parent Relationship": "Inner", "Scan Direction": "Forward", "Index Name": "title_pkey", "Relation Name": "title", "Alias": "t", "Startup Cost": 0.0, "Total Cost": 0.49, "Plan Rows": 1, "Plan Width": 21, "Index Cond": "(id = ci.movie_id)", "Filter": "((production_year >= 2005) AND (production_year <= 2015))"}]}]}, "Unique SQL Id": 3431223514, "Planner Runtime": 17}, "explain_analyze_plan": null}, "(1, 106)": {"explain_plan": {"Plan": {"Node Type": "Aggregate", "Strategy": "Plain", "Startup Cost": 1169472.37, "Total Cost": 1169472.38, "Plan Rows": 1, "Plan Width": 145, "Plans": [{"Node Type": "Hash Join", "Parent Relationship": "Outer", "Join Type": "Inner", "Startup Cost": 1074500.97, "Total Cost": 1169472.37, "Plan Rows": 1, "Plan Width": 49, "Inner Unique": true, "Hash Cond": "(ci.movie_id = t.id)", "Plans": [{"Node Type": "Hash Join", "Parent Relationship": "Outer", "Join Type": "Inner", "Startup Cost": 987925.0, "Total Cost": 1082896.39, "Plan Rows": 1, "Plan Width": 40, "Inner Unique": true, "Hash Cond": "(mc.company_id = cn.id)", "Plans": [{"Node Type": "Hash Join", "Parent Relationship": "Outer", "Join Type": "Inner", "Startup Cost": 980956.93, "Total Cost": 1075928.28, "Plan Rows": 2, "Plan Width": 44, "Inner Unique": false, "Hash Cond": "(chn.id = ci.person_role_id)", "Plans": [{"Node Type": "Seq Scan", "Parent Relationship": "Outer", "Relation Name": "char_name", "Alias": "chn", "Startup Cost": 0.0, "Total Cost": 67493.38, "Plan Rows": 3140338, "Plan Width": 20}, {"Node Type": "Hash", "Parent Relationship": "Inner", "Startup Cost": 980956.86, "Total Cost": 980956.86, "Plan Rows": 5, "Plan Width": 32, "Plans": [{"Node Type": "Hash Join", "Parent Relationship": "Outer", "Join Type": "Inner", "Startup Cost": 195193.2, "Total Cost": 980956.86, "Plan Rows": 5, "Plan Width": 32, "Inner Unique": false, "Hash Cond": "(ci.movie_id = mc.movie_id)", "Plans": [{"Node Type": "Hash Join", "Parent Relationship": "Outer", "Join Type": "Inner", "Startup Cost": 136616.88, "Total Cost": 922377.16, "Plan Rows": 13, "Plan Width": 24, "Inner Unique": true, "Hash Cond": "(ci.role_id = rt.id)", "Plans": [{"Node Type": "Hash Join", "Parent Relationship": "Outer", "Join Type": "Inner", "Startup Cost": 136615.72, "Total Cost": 922375.34, "Plan Rows": 141, "Plan Width": 28, "Inner Unique": false, "Hash Cond": "(ci.person_id = n.id)", "Plans": [{"Node Type": "Seq Scan", "Parent Relationship": "Outer", "Relation Name": "cast_info", "Alias": "ci", "Startup Cost": 0.0, "Total Cost": 783175.41, "Plan Rows": 833163, "Plan Width": 16, "Filter": "((note)::text = ANY ('{(voice),\"(voice: Japanese version)\",\"(voice) (uncredited)\",\"(voice: English version)\"}'::text[]))"}, {"Node Type": "Hash", "Parent Relationship": "Inner", "Startup Cost": 136614.28, "Total Cost": 136614.28, "Plan Rows": 115, "Plan Width": 24, "Plans": [{"Node Type": "Hash Join", "Parent Relationship": "Outer", "Join Type": "Inner", "Startup Cost": 113910.55, "Total Cost": 136614.28, "Plan Rows": 115, "Plan Width": 24, "Inner Unique": true, "Hash Cond": "(an.person_id = n.id)", "Plans": [{"Node Type": "Seq Scan", "Parent Relationship": "Outer", "Relation Name": "aka_name", "Alias": "an", "Startup Cost": 0.0, "Total Cost": 19908.42, "Plan Rows": 901342, "Plan Width": 20}, {"Node Type": "Hash", "Parent Relationship": "Inner", "Startup Cost": 113909.35, "Total Cost": 113909.35, "Plan Rows": 96, "Plan Width": 4, "Plans": [{"Node Type": "Seq Scan", "Parent Relationship": "Outer", "Relation Name": "name", "Alias": "n", "Startup Cost": 0.0, "Total Cost": 113909.35, "Plan Rows": 96, "Plan Width": 4, "Filter": "(((name)::text ~~ '%Ang%'::text) AND ((gender)::text = 'f'::text))"}]}]}]}]}, {"Node Type": "Hash", "Parent Relationship": "Inner", "Startup Cost": 1.15, "Total Cost": 1.15, "Plan Rows": 1, "Plan Width": 4, "Plans": [{"Node Type": "Seq Scan", "Parent Relationship": "Outer", "Relation Name": "role_type", "Alias": "rt", "Startup Cost": 0.0, "Total Cost": 1.15, "Plan Rows": 1, "Plan Width": 4, "Filter": "((role)::text = 'actress'::text)"}]}]}, {"Node Type": "Hash", "Parent Relationship": "Inner", "Startup Cost": 54862.92, "Total Cost": 54862.92, "Plan Rows": 297072, "Plan Width": 8, "Plans": [{"Node Type": "Seq Scan", "Parent Relationship": "Outer", "Relation Name": "movie_companies", "Alias": "mc", "Startup Cost": 0.0, "Total Cost": 54862.92, "Plan Rows": 297072, "Plan Width": 8, "Filter": "((note IS NOT NULL) AND (((note)::text ~~ '%(USA)%'::text) OR ((note)::text ~~ '%(worldwide)%'::text))), (LLVM Optimized)"}]}]}]}]}, {"Node Type": "Hash", "Parent Relationship": "Inner", "Startup Cost": 5903.45, "Total Cost": 5903.45, "Plan Rows": 85170, "Plan Width": 4, "Plans": [{"Node Type": "Seq Scan", "Parent Relationship": "Outer", "Relation Name": "company_name", "Alias": "cn", "Startup Cost": 0.0, "Total Cost": 5903.45, "Plan Rows": 85170, "Plan Width": 4, "Filter": "((country_code)::text = '[us]'::text)"}]}]}, {"Node Type": "Hash", "Parent Relationship": "Inner", "Startup Cost": 72710.67, "Total Cost": 72710.67, "Plan Rows": 1109224, "Plan Width": 21, "Plans": [{"Node Type": "Seq Scan", "Parent Relationship": "Outer", "Relation Name": "title", "Alias": "t", "Startup Cost": 324.95, "Total Cost": 72710.67, "Plan Rows": 1109224, "Plan Width": 21, "Filter": "((production_year >= 2005) AND (production_year <= 2015)), (LLVM Optimized)"}]}]}]}, "Unique SQL Id": 3431223514, "Planner Runtime": 57}, "explain_analyze_plan": null}, "(1, 107)": {"explain_plan": {"Plan": {"Node Type": "Aggregate", "Strategy": "Plain", "Startup Cost": 8000062955394.57, "Total Cost": 8000062955394.58, "Plan Rows": 1, "Plan Width": 145, "Plans": [{"Node Type": "Nested Loop", "Parent Relationship": "Outer", "Join Type": "Inner", "Startup Cost": 4040047460651.61, "Total Cost": 8000062955394.56, "Plan Rows": 2, "Plan Width": 49, "Inner Unique": false, "Join Filter": "(n.id = an.person_id)", "Plans": [{"Node Type": "Nested Loop", "Parent Relationship": "Outer", "Join Type": "Inner", "Startup Cost": 4030047460651.61, "Total Cost": 7000062955360.89, "Plan Rows": 1, "Plan Width": 41, "Inner Unique": true, "Plans": [{"Node Type": "Hash Join", "Parent Relationship": "Outer", "Join Type": "Inner", "Startup Cost": 4020047460651.61, "Total Cost": 6000062955312.23, "Plan Rows": 1, "Plan Width": 32, "Inner Unique": true, "Hash Cond": "(mc.company_id = cn.id)", "Plans": [{"Node Type": "Hash Join", "Parent Relationship": "Outer", "Join Type": "Inner", "Startup Cost": 3020046409448.02, "Total Cost": 5000061904108.61, "Plan Rows": 2, "Plan Width": 36, "Inner Unique": false, "Hash Cond": "(ci.movie_id = mc.movie_id)", "Plans": [{"Node Type": "Hash Join", "Parent Relationship": "Outer", "Join Type": "Inner", "Startup Cost": 2020032733820.64, "Total Cost": 4000048228479.93, "Plan Rows": 5, "Plan Width": 28, "Inner Unique": true, "Hash Cond": "(ci.person_role_id = chn.id)", "Plans": [{"Node Type": "Hash Join", "Parent Relationship": "Outer", "Join Type": "Inner", "Startup Cost": 1020019707020.9, "Total Cost": 3000035201680.1, "Plan Rows": 11, "Plan Width": 16, "Inner Unique": true, "Hash Cond": "(ci.person_id = n.id)", "Plans": [{"Node Type": "Nested Loop", "Parent Relationship": "Outer", "Join Type": "Inner", "Startup Cost": 20000000000.0, "Total Cost": 2000015494423.42, "Plan Rows": 75742, "Plan Width": 12, "Inner Unique": false, "Plans": [{"Node Type": "Index Scan", "Parent Relationship": "Outer", "Scan Direction": "Forward", "Index Name": "role_type_pkey", "Relation Name": "role_type", "Alias": "rt", "Startup Cost": 10000000000.0, "Total Cost": 1000000001246.0, "Plan Rows": 1, "Plan Width": 4, "Filter": "((role)::text = 'actress'::text)"}, {"Node Type": "Index Scan", "Parent Relationship": "Inner", "Scan Direction": "Forward", "Index Name": "role_id_cast_info", "Relation Name": "cast_info", "Alias": "ci", "Startup Cost": 10000000000.0, "Total Cost": 1000015492420.0, "Plan Rows": 75742, "Plan Width": 16, "Index Cond": "(role_id = rt.id)", "Filter": "((note)::text = ANY ('{(voice),\"(voice: Japanese version)\",\"(voice) (uncredited)\",\"(voice: English version)\"}'::text[]))"}]}, {"Node Type": "Hash", "Parent Relationship": "Inner", "Startup Cost": 1000019707019.7, "Total Cost": 1000019707019.7, "Plan Rows": 96, "Plan Width": 4, "Plans": [{"Node Type": "Index Scan", "Parent Relationship": "Outer", "Scan Direction": "Forward", "Index Name": "name_pkey", "Relation Name": "name", "Alias": "n", "Startup Cost": 10000000000.0, "Total Cost": 1000019707019.7, "Plan Rows": 96, "Plan Width": 4, "Filter": "(((name)::text ~~ '%Ang%'::text) AND ((gender)::text = 'f'::text))"}]}]}, {"Node Type": "Hash", "Parent Relationship": "Inner", "Startup Cost": 1000012987545.51, "Total Cost": 1000012987545.51, "Plan Rows": 3140338, "Plan Width": 20, "Plans": [{"Node Type": "Index Scan", "Parent Relationship": "Outer", "Scan Direction": "Forward", "Index Name": "char_name_pkey", "Relation Name": "char_name", "Alias": "chn", "Startup Cost": 10000000000.0, "Total Cost": 1000012987545.51, "Plan Rows": 3140338, "Plan Width": 20}]}]}, {"Node Type": "Hash", "Parent Relationship": "Inner", "Startup Cost": 1000013671913.98, "Total Cost": 1000013671913.98, "Plan Rows": 297072, "Plan Width": 8, "Plans": [{"Node Type": "Index Scan", "Parent Relationship": "Outer", "Scan Direction": "Forward", "Index Name": "company_id_movie_companies", "Relation Name": "movie_companies", "Alias": "mc", "Startup Cost": 10000000000.0, "Total Cost": 1000013671913.98, "Plan Rows": 297072, "Plan Width": 8, "Filter": "((note IS NOT NULL) AND (((note)::text ~~ '%(USA)%'::text) OR ((note)::text ~~ '%(worldwide)%'::text))), (LLVM Optimized)"}]}]}, {"Node Type": "Hash", "Parent Relationship": "Inner", "Startup Cost": 1000001050138.97, "Total Cost": 1000001050138.97, "Plan Rows": 85170, "Plan Width": 4, "Plans": [{"Node Type": "Index Scan", "Parent Relationship": "Outer", "Scan Direction": "Forward", "Index Name": "company_name_pkey", "Relation Name": "company_name", "Alias": "cn", "Startup Cost": 10000000000.0, "Total Cost": 1000001050138.97, "Plan Rows": 85170, "Plan Width": 4, "Filter": "((country_code)::text = '[us]'::text)"}]}]}, {"Node Type": "Index Scan", "Parent Relationship": "Inner", "Scan Direction": "Forward", "Index Name": "title_pkey", "Relation Name": "title", "Alias": "t", "Startup Cost": 10000000000.0, "Total Cost": 1000000000048.64, "Plan Rows": 1, "Plan Width": 21, "Index Cond": "(id = ci.movie_id)", "Filter": "((production_year >= 2005) AND (production_year <= 2015))"}]}, {"Node Type": "Index Scan", "Parent Relationship": "Inner", "Scan Direction": "Forward", "Index Name": "person_id_aka_name", "Relation Name": "aka_name", "Alias": "an", "Startup Cost": 10000000000.0, "Total Cost": 1000000000033.66, "Plan Rows": 1, "Plan Width": 20, "Index Cond": "(person_id = ci.person_id)"}]}]}, "Unique SQL Id": 3431223514, "Planner Runtime": 63}, "explain_analyze_plan": null}, "(1, 108)": {"explain_plan": {"Plan": {"Node Type": "Aggregate", "Strategy": "Plain", "Startup Cost": 115024.12, "Total Cost": 115024.13, "Plan Rows": 1, "Plan Width": 145, "Plans": [{"Node Type": "Nested Loop", "Parent Relationship": "Outer", "Join Type": "Inner", "Startup Cost": 0.0, "Total Cost": 115024.11, "Plan Rows": 1, "Plan Width": 49, "Inner Unique": true, "Plans": [{"Node Type": "Nested Loop", "Parent Relationship": "Outer", "Join Type": "Inner", "Startup Cost": 0.0, "Total Cost": 115023.61, "Plan Rows": 1, "Plan Width": 40, "Inner Unique": true, "Plans": [{"Node Type": "Nested Loop", "Parent Relationship": "Outer", "Join Type": "Inner", "Startup Cost": 0.0, "Total Cost": 115022.6, "Plan Rows": 2, "Plan Width": 28, "Inner Unique": true, "Plans": [{"Node Type": "Nested Loop", "Parent Relationship": "Outer", "Join Type": "Inner", "Startup Cost": 0.0, "Total Cost": 115020.96, "Plan Rows": 5, "Plan Width": 32, "Inner Unique": false, "Plans": [{"Node Type": "Nested Loop", "Parent Relationship": "Outer", "Join Type": "Inner", "Startup Cost": 0.0, "Total Cost": 115015.35, "Plan Rows": 13, "Plan Width": 24, "Inner Unique": true, "Plans": [{"Node Type": "Nested Loop", "Parent Relationship": "Outer", "Join Type": "Inner", "Startup Cost": 0.0, "Total Cost": 114975.51, "Plan Rows": 141, "Plan Width": 28, "Inner Unique": false, "Join Filter": "(n.id = ci.person_id)", "Plans": [{"Node Type": "Nested Loop", "Parent Relationship": "Outer", "Join Type": "Inner", "Startup Cost": 0.0, "Total Cost": 114700.23, "Plan Rows": 115, "Plan Width": 24, "Inner Unique": false, "Plans": [{"Node Type": "Seq Scan", "Parent Relationship": "Outer", "Relation Name": "name", "Alias": "n", "Startup Cost": 0.0, "Total Cost": 113909.35, "Plan Rows": 96, "Plan Width": 4, "Filter": "(((name)::text ~~ '%Ang%'::text) AND ((gender)::text = 'f'::text))"}, {"Node Type": "Index Scan", "Parent Relationship": "Inner", "Scan Direction": "Forward", "Index Name": "person_id_aka_name", "Relation Name": "aka_name", "Alias": "an", "Startup Cost": 0.0, "Total Cost": 8.23, "Plan Rows": 1, "Plan Width": 20, "Index Cond": "(person_id = n.id)"}]}, {"Node Type": "Index Scan", "Parent Relationship": "Inner", "Scan Direction": "Forward", "Index Name": "person_id_cast_info", "Relation Name": "cast_info", "Alias": "ci", "Startup Cost": 0.0, "Total Cost": 2.38, "Plan Rows": 1, "Plan Width": 16, "Index Cond": "(person_id = an.person_id)", "Filter": "((note)::text = ANY ('{(voice),\"(voice: Japanese version)\",\"(voice) (uncredited)\",\"(voice: English version)\"}'::text[]))"}]}, {"Node Type": "Index Scan", "Parent Relationship": "Inner", "Scan Direction": "Forward", "Index Name": "role_type_pkey", "Relation Name": "role_type", "Alias": "rt", "Startup Cost": 0.0, "Total Cost": 0.27, "Plan Rows": 1, "Plan Width": 4, "Index Cond": "(id = ci.role_id)", "Filter": "((role)::text = 'actress'::text)"}]}, {"Node Type": "Index Scan", "Parent Relationship": "Inner", "Scan Direction": "Forward", "Index Name": "movie_id_movie_companies", "Relation Name": "movie_companies", "Alias": "mc", "Startup Cost": 0.0, "Total Cost": 0.42, "Plan Rows": 1, "Plan Width": 8, "Index Cond": "(movie_id = ci.movie_id)", "Filter": "((note IS NOT NULL) AND (((note)::text ~~ '%(USA)%'::text) OR ((note)::text ~~ '%(worldwide)%'::text)))"}]}, {"Node Type": "Index Scan", "Parent Relationship": "Inner", "Scan Direction": "Forward", "Index Name": "company_name_pkey", "Relation Name": "company_name", "Alias": "cn", "Startup Cost": 0.0, "Total Cost": 0.32, "Plan Rows": 1, "Plan Width": 4, "Index Cond": "(id = mc.company_id)", "Filter": "((country_code)::text = '[us]'::text)"}]}, {"Node Type": "Index Scan", "Parent Relationship": "Inner", "Scan Direction": "Forward", "Index Name": "char_name_pkey", "Relation Name": "char_name", "Alias": "chn", "Startup Cost": 0.0, "Total Cost": 0.5, "Plan Rows": 1, "Plan Width": 20, "Index Cond": "(id = ci.person_role_id)"}]}, {"Node Type": "Index Scan", "Parent Relationship": "Inner", "Scan Direction": "Forward", "Index Name": "title_pkey", "Relation Name": "title", "Alias": "t", "Startup Cost": 0.0, "Total Cost": 0.49, "Plan Rows": 1, "Plan Width": 21, "Index Cond": "(id = ci.movie_id)", "Filter": "((production_year >= 2005) AND (production_year <= 2015))"}]}]}, "Unique SQL Id": 3431223514, "Planner Runtime": 26}, "explain_analyze_plan": {"Plan": {"Node Type": "Aggregate", "Strategy": "Plain", "Startup Cost": 115024.12, "Total Cost": 115024.13, "Plan Rows": 1, "Plan Width": 145, "Actual Startup Time": 1704.318, "Actual Total Time": 1704.318, "Actual Rows": 1, "Actual Loops": 1, "Plans": [{"Node Type": "Nested Loop", "Parent Relationship": "Outer", "Join Type": "Inner", "Startup Cost": 0.0, "Total Cost": 115024.11, "Plan Rows": 1, "Plan Width": 49, "Actual Startup Time": 696.911, "Actual Total Time": 1704.072, "Actual Rows": 121, "Actual Loops": 1, "Inner Unique": true, "Plans": [{"Node Type": "Nested Loop", "Parent Relationship": "Outer", "Join Type": "Inner", "Startup Cost": 0.0, "Total Cost": 115023.61, "Plan Rows": 1, "Plan Width": 40, "Actual Startup Time": 689.255, "Actual Total Time": 1702.263, "Actual Rows": 341, "Actual Loops": 1, "Inner Unique": true, "Plans": [{"Node Type": "Nested Loop", "Parent Relationship": "Outer", "Join Type": "Inner", "Startup Cost": 0.0, "Total Cost": 115022.6, "Plan Rows": 2, "Plan Width": 28, "Actual Startup Time": 689.243, "Actual Total Time": 1700.623, "Actual Rows": 359, "Actual Loops": 1, "Inner Unique": true, "Plans": [{"Node Type": "Nested Loop", "Parent Relationship": "Outer", "Join Type": "Inner", "Startup Cost": 0.0, "Total Cost": 115020.96, "Plan Rows": 5, "Plan Width": 32, "Actual Startup Time": 689.227, "Actual Total Time": 1698.696, "Actual Rows": 373, "Actual Loops": 1, "Inner Unique": false, "Plans": [{"Node Type": "Nested Loop", "Parent Relationship": "Outer", "Join Type": "Inner", "Startup Cost": 0.0, "Total Cost": 115015.35, "Plan Rows": 13, "Plan Width": 24, "Actual Startup Time": 687.84, "Actual Total Time": 1694.526, "Actual Rows": 425, "Actual Loops": 1, "Inner Unique": true, "Plans": [{"Node Type": "Nested Loop", "Parent Relationship": "Outer", "Join Type": "Inner", "Startup Cost": 0.0, "Total Cost": 114975.51, "Plan Rows": 141, "Plan Width": 28, "Actual Startup Time": 687.826, "Actual Total Time": 1693.167, "Actual Rows": 425, "Actual Loops": 1, "Inner Unique": false, "Join Filter": "(n.id = ci.person_id)", "Rows Removed by Join Filter": 0, "Plans": [{"Node Type": "Nested Loop", "Parent Relationship": "Outer", "Join Type": "Inner", "Startup Cost": 0.0, "Total Cost": 114700.23, "Plan Rows": 115, "Plan Width": 24, "Actual Startup Time": 672.809, "Actual Total Time": 1643.882, "Actual Rows": 1558, "Actual Loops": 1, "Inner Unique": false, "Plans": [{"Node Type": "Seq Scan", "Parent Relationship": "Outer", "Relation Name": "name", "Alias": "n", "Startup Cost": 0.0, "Total Cost": 113909.35, "Plan Rows": 96, "Plan Width": 4, "Actual Startup Time": 671.098, "Actual Total Time": 1621.774, "Actual Rows": 6768, "Actual Loops": 1, "Filter": "(((name)::text ~~ '%Ang%'::text) AND ((gender)::text = 'f'::text))", "Rows Removed by Filter": 4160722}, {"Node Type": "Index Scan", "Parent Relationship": "Inner", "Scan Direction": "Forward", "Index Name": "person_id_aka_name", "Relation Name": "aka_name", "Alias": "an", "Startup Cost": 0.0, "Total Cost": 8.23, "Plan Rows": 1, "Plan Width": 20, "Actual Startup Time": 17.327, "Actual Total Time": 18.037, "Actual Rows": 1558, "Actual Loops": 6768, "Index Cond": "(person_id = n.id)", "Rows Removed by Index Recheck": 0}]}, {"Node Type": "Index Scan", "Parent Relationship": "Inner", "Scan Direction": "Forward", "Index Name": "person_id_cast_info", "Relation Name": "cast_info", "Alias": "ci", "Startup Cost": 0.0, "Total Cost": 2.38, "Plan Rows": 1, "Plan Width": 16, "Actual Startup Time": 43.363, "Actual Total Time": 48.09, "Actual Rows": 425, "Actual Loops": 1558, "Index Cond": "(person_id = an.person_id)", "Rows Removed by Index Recheck": 0, "Filter": "((note)::text = ANY ('{(voice),\"(voice: Japanese version)\",\"(voice) (uncredited)\",\"(voice: English version)\"}'::text[]))", "Rows Removed by Filter": 69057}]}, {"Node Type": "Index Scan", "Parent Relationship": "Inner", "Scan Direction": "Forward", "Index Name": "role_type_pkey", "Relation Name": "role_type", "Alias": "rt", "Startup Cost": 0.0, "Total Cost": 0.27, "Plan Rows": 1, "Plan Width": 4, "Actual Startup Time": 0.9, "Actual Total Time": 0.9, "Actual Rows": 425, "Actual Loops": 425, "Index Cond": "(id = ci.role_id)", "Rows Removed by Index Recheck": 0, "Filter": "((role)::text = 'actress'::text)", "Rows Removed by Filter": 0}]}, {"Node Type": "Index Scan", "Parent Relationship": "Inner", "Scan Direction": "Forward", "Index Name": "movie_id_movie_companies", "Relation Name": "movie_companies", "Alias": "mc", "Startup Cost": 0.0, "Total Cost": 0.42, "Plan Rows": 1, "Plan Width": 8, "Actual Startup Time": 2.584, "Actual Total Time": 3.726, "Actual Rows": 373, "Actual Loops": 425, "Index Cond": "(movie_id = ci.movie_id)", "Rows Removed by Index Recheck": 0, "Filter": "((note IS NOT NULL) AND (((note)::text ~~ '%(USA)%'::text) OR ((note)::text ~~ '%(worldwide)%'::text)))", "Rows Removed by Filter": 1538}]}, {"Node Type": "Index Scan", "Parent Relationship": "Inner", "Scan Direction": "Forward", "Index Name": "company_name_pkey", "Relation Name": "company_name", "Alias": "cn", "Startup Cost": 0.0, "Total Cost": 0.32, "Plan Rows": 1, "Plan Width": 4, "Actual Startup Time": 1.562, "Actual Total Time": 1.562, "Actual Rows": 359, "Actual Loops": 373, "Index Cond": "(id = mc.company_id)", "Rows Removed by Index Recheck": 0, "Filter": "((country_code)::text = '[us]'::text)", "Rows Removed by Filter": 14}]}, {"Node Type": "Index Scan", "Parent Relationship": "Inner", "Scan Direction": "Forward", "Index Name": "char_name_pkey", "Relation Name": "char_name", "Alias": "chn", "Startup Cost": 0.0, "Total Cost": 0.5, "Plan Rows": 1, "Plan Width": 20, "Actual Startup Time": 1.238, "Actual Total Time": 1.238, "Actual Rows": 341, "Actual Loops": 359, "Index Cond": "(id = ci.person_role_id)", "Rows Removed by Index Recheck": 0}]}, {"Node Type": "Index Scan", "Parent Relationship": "Inner", "Scan Direction": "Forward", "Index Name": "title_pkey", "Relation Name": "title", "Alias": "t", "Startup Cost": 0.0, "Total Cost": 0.49, "Plan Rows": 1, "Plan Width": 21, "Actual Startup Time": 1.522, "Actual Total Time": 1.522, "Actual Rows": 121, "Actual Loops": 341, "Index Cond": "(id = ci.movie_id)", "Rows Removed by Index Recheck": 0, "Filter": "((production_year >= 2005) AND (production_year <= 2015))", "Rows Removed by Filter": 220}]}]}, "Triggers": [], "Planner Runtime": 26, "Total Runtime": 1704.792, "Unique SQL Id": 3431223514}}, "(1, 109)": {"explain_plan": {"Plan": {"Node Type": "Aggregate", "Strategy": "Plain", "Startup Cost": 198184.97, "Total Cost": 198184.98, "Plan Rows": 1, "Plan Width": 145, "Plans": [{"Node Type": "Nested Loop", "Parent Relationship": "Outer", "Join Type": "Inner", "Startup Cost": 0.0, "Total Cost": 198184.96, "Plan Rows": 1, "Plan Width": 49, "Inner Unique": true, "Plans": [{"Node Type": "Nested Loop", "Parent Relationship": "Outer", "Join Type": "Inner", "Startup Cost": 0.0, "Total Cost": 198184.46, "Plan Rows": 1, "Plan Width": 40, "Inner Unique": true, "Plans": [{"Node Type": "Nested Loop", "Parent Relationship": "Outer", "Join Type": "Inner", "Startup Cost": 0.0, "Total Cost": 198183.44, "Plan Rows": 2, "Plan Width": 28, "Inner Unique": true, "Plans": [{"Node Type": "Nested Loop", "Parent Relationship": "Outer", "Join Type": "Inner", "Startup Cost": 0.0, "Total Cost": 198181.8, "Plan Rows": 5, "Plan Width": 32, "Inner Unique": false, "Plans": [{"Node Type": "Nested Loop", "Parent Relationship": "Outer", "Join Type": "Inner", "Startup Cost": 0.0, "Total Cost": 198176.2, "Plan Rows": 13, "Plan Width": 24, "Inner Unique": true, "Plans": [{"Node Type": "Nested Loop", "Parent Relationship": "Outer", "Join Type": "Inner", "Startup Cost": 0.0, "Total Cost": 198136.36, "Plan Rows": 141, "Plan Width": 28, "Inner Unique": false, "Join Filter": "(n.id = ci.person_id)", "Plans": [{"Node Type": "Nested Loop", "Parent Relationship": "Outer", "Join Type": "Inner", "Startup Cost": 0.0, "Total Cost": 197861.08, "Plan Rows": 115, "Plan Width": 24, "Inner Unique": false, "Plans": [{"Node Type": "Index Scan", "Parent Relationship": "Outer", "Scan Direction": "Forward", "Index Name": "name_pkey", "Relation Name": "name", "Alias": "n", "Startup Cost": 0.0, "Total Cost": 197070.2, "Plan Rows": 96, "Plan Width": 4, "Filter": "(((name)::text ~~ '%Ang%'::text) AND ((gender)::text = 'f'::text))"}, {"Node Type": "Index Scan", "Parent Relationship": "Inner", "Scan Direction": "Forward", "Index Name": "person_id_aka_name", "Relation Name": "aka_name", "Alias": "an", "Startup Cost": 0.0, "Total Cost": 8.23, "Plan Rows": 1, "Plan Width": 20, "Index Cond": "(person_id = n.id)"}]}, {"Node Type": "Index Scan", "Parent Relationship": "Inner", "Scan Direction": "Forward", "Index Name": "person_id_cast_info", "Relation Name": "cast_info", "Alias": "ci", "Startup Cost": 0.0, "Total Cost": 2.38, "Plan Rows": 1, "Plan Width": 16, "Index Cond": "(person_id = an.person_id)", "Filter": "((note)::text = ANY ('{(voice),\"(voice: Japanese version)\",\"(voice) (uncredited)\",\"(voice: English version)\"}'::text[]))"}]}, {"Node Type": "Index Scan", "Parent Relationship": "Inner", "Scan Direction": "Forward", "Index Name": "role_type_pkey", "Relation Name": "role_type", "Alias": "rt", "Startup Cost": 0.0, "Total Cost": 0.27, "Plan Rows": 1, "Plan Width": 4, "Index Cond": "(id = ci.role_id)", "Filter": "((role)::text = 'actress'::text)"}]}, {"Node Type": "Index Scan", "Parent Relationship": "Inner", "Scan Direction": "Forward", "Index Name": "movie_id_movie_companies", "Relation Name": "movie_companies", "Alias": "mc", "Startup Cost": 0.0, "Total Cost": 0.42, "Plan Rows": 1, "Plan Width": 8, "Index Cond": "(movie_id = ci.movie_id)", "Filter": "((note IS NOT NULL) AND (((note)::text ~~ '%(USA)%'::text) OR ((note)::text ~~ '%(worldwide)%'::text)))"}]}, {"Node Type": "Index Scan", "Parent Relationship": "Inner", "Scan Direction": "Forward", "Index Name": "company_name_pkey", "Relation Name": "company_name", "Alias": "cn", "Startup Cost": 0.0, "Total Cost": 0.32, "Plan Rows": 1, "Plan Width": 4, "Index Cond": "(id = mc.company_id)", "Filter": "((country_code)::text = '[us]'::text)"}]}, {"Node Type": "Index Scan", "Parent Relationship": "Inner", "Scan Direction": "Forward", "Index Name": "char_name_pkey", "Relation Name": "char_name", "Alias": "chn", "Startup Cost": 0.0, "Total Cost": 0.5, "Plan Rows": 1, "Plan Width": 20, "Index Cond": "(id = ci.person_role_id)"}]}, {"Node Type": "Index Scan", "Parent Relationship": "Inner", "Scan Direction": "Forward", "Index Name": "title_pkey", "Relation Name": "title", "Alias": "t", "Startup Cost": 0.0, "Total Cost": 0.49, "Plan Rows": 1, "Plan Width": 21, "Index Cond": "(id = ci.movie_id)", "Filter": "((production_year >= 2005) AND (production_year <= 2015))"}]}]}, "Unique SQL Id": 3431223514, "Planner Runtime": 18}, "explain_analyze_plan": null}, "(1, 110)": {"explain_plan": {"Plan": {"Node Type": "Aggregate", "Strategy": "Plain", "Startup Cost": 1169472.37, "Total Cost": 1169472.38, "Plan Rows": 1, "Plan Width": 145, "Plans": [{"Node Type": "Hash Join", "Parent Relationship": "Outer", "Join Type": "Inner", "Startup Cost": 1074500.97, "Total Cost": 1169472.37, "Plan Rows": 1, "Plan Width": 49, "Inner Unique": true, "Hash Cond": "(ci.movie_id = t.id)", "Plans": [{"Node Type": "Hash Join", "Parent Relationship": "Outer", "Join Type": "Inner", "Startup Cost": 987925.0, "Total Cost": 1082896.39, "Plan Rows": 1, "Plan Width": 40, "Inner Unique": true, "Hash Cond": "(mc.company_id = cn.id)", "Plans": [{"Node Type": "Hash Join", "Parent Relationship": "Outer", "Join Type": "Inner", "Startup Cost": 980956.93, "Total Cost": 1075928.28, "Plan Rows": 2, "Plan Width": 44, "Inner Unique": false, "Hash Cond": "(chn.id = ci.person_role_id)", "Plans": [{"Node Type": "Seq Scan", "Parent Relationship": "Outer", "Relation Name": "char_name", "Alias": "chn", "Startup Cost": 0.0, "Total Cost": 67493.38, "Plan Rows": 3140338, "Plan Width": 20}, {"Node Type": "Hash", "Parent Relationship": "Inner", "Startup Cost": 980956.86, "Total Cost": 980956.86, "Plan Rows": 5, "Plan Width": 32, "Plans": [{"Node Type": "Hash Join", "Parent Relationship": "Outer", "Join Type": "Inner", "Startup Cost": 195193.2, "Total Cost": 980956.86, "Plan Rows": 5, "Plan Width": 32, "Inner Unique": false, "Hash Cond": "(ci.movie_id = mc.movie_id)", "Plans": [{"Node Type": "Hash Join", "Parent Relationship": "Outer", "Join Type": "Inner", "Startup Cost": 136616.88, "Total Cost": 922377.16, "Plan Rows": 13, "Plan Width": 24, "Inner Unique": true, "Hash Cond": "(ci.role_id = rt.id)", "Plans": [{"Node Type": "Hash Join", "Parent Relationship": "Outer", "Join Type": "Inner", "Startup Cost": 136615.72, "Total Cost": 922375.34, "Plan Rows": 141, "Plan Width": 28, "Inner Unique": false, "Hash Cond": "(ci.person_id = n.id)", "Plans": [{"Node Type": "Seq Scan", "Parent Relationship": "Outer", "Relation Name": "cast_info", "Alias": "ci", "Startup Cost": 0.0, "Total Cost": 783175.41, "Plan Rows": 833163, "Plan Width": 16, "Filter": "((note)::text = ANY ('{(voice),\"(voice: Japanese version)\",\"(voice) (uncredited)\",\"(voice: English version)\"}'::text[]))"}, {"Node Type": "Hash", "Parent Relationship": "Inner", "Startup Cost": 136614.28, "Total Cost": 136614.28, "Plan Rows": 115, "Plan Width": 24, "Plans": [{"Node Type": "Hash Join", "Parent Relationship": "Outer", "Join Type": "Inner", "Startup Cost": 113910.55, "Total Cost": 136614.28, "Plan Rows": 115, "Plan Width": 24, "Inner Unique": true, "Hash Cond": "(an.person_id = n.id)", "Plans": [{"Node Type": "Seq Scan", "Parent Relationship": "Outer", "Relation Name": "aka_name", "Alias": "an", "Startup Cost": 0.0, "Total Cost": 19908.42, "Plan Rows": 901342, "Plan Width": 20}, {"Node Type": "Hash", "Parent Relationship": "Inner", "Startup Cost": 113909.35, "Total Cost": 113909.35, "Plan Rows": 96, "Plan Width": 4, "Plans": [{"Node Type": "Seq Scan", "Parent Relationship": "Outer", "Relation Name": "name", "Alias": "n", "Startup Cost": 0.0, "Total Cost": 113909.35, "Plan Rows": 96, "Plan Width": 4, "Filter": "(((name)::text ~~ '%Ang%'::text) AND ((gender)::text = 'f'::text))"}]}]}]}]}, {"Node Type": "Hash", "Parent Relationship": "Inner", "Startup Cost": 1.15, "Total Cost": 1.15, "Plan Rows": 1, "Plan Width": 4, "Plans": [{"Node Type": "Seq Scan", "Parent Relationship": "Outer", "Relation Name": "role_type", "Alias": "rt", "Startup Cost": 0.0, "Total Cost": 1.15, "Plan Rows": 1, "Plan Width": 4, "Filter": "((role)::text = 'actress'::text)"}]}]}, {"Node Type": "Hash", "Parent Relationship": "Inner", "Startup Cost": 54862.92, "Total Cost": 54862.92, "Plan Rows": 297072, "Plan Width": 8, "Plans": [{"Node Type": "Seq Scan", "Parent Relationship": "Outer", "Relation Name": "movie_companies", "Alias": "mc", "Startup Cost": 0.0, "Total Cost": 54862.92, "Plan Rows": 297072, "Plan Width": 8, "Filter": "((note IS NOT NULL) AND (((note)::text ~~ '%(USA)%'::text) OR ((note)::text ~~ '%(worldwide)%'::text))), (LLVM Optimized)"}]}]}]}]}, {"Node Type": "Hash", "Parent Relationship": "Inner", "Startup Cost": 5903.45, "Total Cost": 5903.45, "Plan Rows": 85170, "Plan Width": 4, "Plans": [{"Node Type": "Seq Scan", "Parent Relationship": "Outer", "Relation Name": "company_name", "Alias": "cn", "Startup Cost": 0.0, "Total Cost": 5903.45, "Plan Rows": 85170, "Plan Width": 4, "Filter": "((country_code)::text = '[us]'::text)"}]}]}, {"Node Type": "Hash", "Parent Relationship": "Inner", "Startup Cost": 72710.67, "Total Cost": 72710.67, "Plan Rows": 1109224, "Plan Width": 21, "Plans": [{"Node Type": "Seq Scan", "Parent Relationship": "Outer", "Relation Name": "title", "Alias": "t", "Startup Cost": 324.95, "Total Cost": 72710.67, "Plan Rows": 1109224, "Plan Width": 21, "Filter": "((production_year >= 2005) AND (production_year <= 2015)), (LLVM Optimized)"}]}]}]}, "Unique SQL Id": 3431223514, "Planner Runtime": 57}, "explain_analyze_plan": null}, "(1, 111)": {"explain_plan": {"Plan": {"Node Type": "Aggregate", "Strategy": "Plain", "Startup Cost": 8000062955394.57, "Total Cost": 8000062955394.58, "Plan Rows": 1, "Plan Width": 145, "Plans": [{"Node Type": "Nested Loop", "Parent Relationship": "Outer", "Join Type": "Inner", "Startup Cost": 4040047460651.61, "Total Cost": 8000062955394.56, "Plan Rows": 2, "Plan Width": 49, "Inner Unique": false, "Join Filter": "(n.id = an.person_id)", "Plans": [{"Node Type": "Nested Loop", "Parent Relationship": "Outer", "Join Type": "Inner", "Startup Cost": 4030047460651.61, "Total Cost": 7000062955360.89, "Plan Rows": 1, "Plan Width": 41, "Inner Unique": true, "Plans": [{"Node Type": "Hash Join", "Parent Relationship": "Outer", "Join Type": "Inner", "Startup Cost": 4020047460651.61, "Total Cost": 6000062955312.23, "Plan Rows": 1, "Plan Width": 32, "Inner Unique": true, "Hash Cond": "(mc.company_id = cn.id)", "Plans": [{"Node Type": "Hash Join", "Parent Relationship": "Outer", "Join Type": "Inner", "Startup Cost": 3020046409448.02, "Total Cost": 5000061904108.61, "Plan Rows": 2, "Plan Width": 36, "Inner Unique": false, "Hash Cond": "(ci.movie_id = mc.movie_id)", "Plans": [{"Node Type": "Hash Join", "Parent Relationship": "Outer", "Join Type": "Inner", "Startup Cost": 2020032733820.64, "Total Cost": 4000048228479.93, "Plan Rows": 5, "Plan Width": 28, "Inner Unique": true, "Hash Cond": "(ci.person_role_id = chn.id)", "Plans": [{"Node Type": "Hash Join", "Parent Relationship": "Outer", "Join Type": "Inner", "Startup Cost": 1020019707020.9, "Total Cost": 3000035201680.1, "Plan Rows": 11, "Plan Width": 16, "Inner Unique": true, "Hash Cond": "(ci.person_id = n.id)", "Plans": [{"Node Type": "Nested Loop", "Parent Relationship": "Outer", "Join Type": "Inner", "Startup Cost": 20000000000.0, "Total Cost": 2000015494423.42, "Plan Rows": 75742, "Plan Width": 12, "Inner Unique": false, "Plans": [{"Node Type": "Index Scan", "Parent Relationship": "Outer", "Scan Direction": "Forward", "Index Name": "role_type_pkey", "Relation Name": "role_type", "Alias": "rt", "Startup Cost": 10000000000.0, "Total Cost": 1000000001246.0, "Plan Rows": 1, "Plan Width": 4, "Filter": "((role)::text = 'actress'::text)"}, {"Node Type": "Index Scan", "Parent Relationship": "Inner", "Scan Direction": "Forward", "Index Name": "role_id_cast_info", "Relation Name": "cast_info", "Alias": "ci", "Startup Cost": 10000000000.0, "Total Cost": 1000015492420.0, "Plan Rows": 75742, "Plan Width": 16, "Index Cond": "(role_id = rt.id)", "Filter": "((note)::text = ANY ('{(voice),\"(voice: Japanese version)\",\"(voice) (uncredited)\",\"(voice: English version)\"}'::text[]))"}]}, {"Node Type": "Hash", "Parent Relationship": "Inner", "Startup Cost": 1000019707019.7, "Total Cost": 1000019707019.7, "Plan Rows": 96, "Plan Width": 4, "Plans": [{"Node Type": "Index Scan", "Parent Relationship": "Outer", "Scan Direction": "Forward", "Index Name": "name_pkey", "Relation Name": "name", "Alias": "n", "Startup Cost": 10000000000.0, "Total Cost": 1000019707019.7, "Plan Rows": 96, "Plan Width": 4, "Filter": "(((name)::text ~~ '%Ang%'::text) AND ((gender)::text = 'f'::text))"}]}]}, {"Node Type": "Hash", "Parent Relationship": "Inner", "Startup Cost": 1000012987545.51, "Total Cost": 1000012987545.51, "Plan Rows": 3140338, "Plan Width": 20, "Plans": [{"Node Type": "Index Scan", "Parent Relationship": "Outer", "Scan Direction": "Forward", "Index Name": "char_name_pkey", "Relation Name": "char_name", "Alias": "chn", "Startup Cost": 10000000000.0, "Total Cost": 1000012987545.51, "Plan Rows": 3140338, "Plan Width": 20}]}]}, {"Node Type": "Hash", "Parent Relationship": "Inner", "Startup Cost": 1000013671913.98, "Total Cost": 1000013671913.98, "Plan Rows": 297072, "Plan Width": 8, "Plans": [{"Node Type": "Index Scan", "Parent Relationship": "Outer", "Scan Direction": "Forward", "Index Name": "company_id_movie_companies", "Relation Name": "movie_companies", "Alias": "mc", "Startup Cost": 10000000000.0, "Total Cost": 1000013671913.98, "Plan Rows": 297072, "Plan Width": 8, "Filter": "((note IS NOT NULL) AND (((note)::text ~~ '%(USA)%'::text) OR ((note)::text ~~ '%(worldwide)%'::text))), (LLVM Optimized)"}]}]}, {"Node Type": "Hash", "Parent Relationship": "Inner", "Startup Cost": 1000001050138.97, "Total Cost": 1000001050138.97, "Plan Rows": 85170, "Plan Width": 4, "Plans": [{"Node Type": "Index Scan", "Parent Relationship": "Outer", "Scan Direction": "Forward", "Index Name": "company_name_pkey", "Relation Name": "company_name", "Alias": "cn", "Startup Cost": 10000000000.0, "Total Cost": 1000001050138.97, "Plan Rows": 85170, "Plan Width": 4, "Filter": "((country_code)::text = '[us]'::text)"}]}]}, {"Node Type": "Index Scan", "Parent Relationship": "Inner", "Scan Direction": "Forward", "Index Name": "title_pkey", "Relation Name": "title", "Alias": "t", "Startup Cost": 10000000000.0, "Total Cost": 1000000000048.64, "Plan Rows": 1, "Plan Width": 21, "Index Cond": "(id = ci.movie_id)", "Filter": "((production_year >= 2005) AND (production_year <= 2015))"}]}, {"Node Type": "Index Scan", "Parent Relationship": "Inner", "Scan Direction": "Forward", "Index Name": "person_id_aka_name", "Relation Name": "aka_name", "Alias": "an", "Startup Cost": 10000000000.0, "Total Cost": 1000000000033.66, "Plan Rows": 1, "Plan Width": 20, "Index Cond": "(person_id = ci.person_id)"}]}]}, "Unique SQL Id": 3431223514, "Planner Runtime": 62}, "explain_analyze_plan": null}, "(1, 112)": {"explain_plan": {"Plan": {"Node Type": "Aggregate", "Strategy": "Plain", "Startup Cost": 114987.2, "Total Cost": 114987.21, "Plan Rows": 1, "Plan Width": 145, "Plans": [{"Node Type": "Nested Loop", "Parent Relationship": "Outer", "Join Type": "Inner", "Startup Cost": 0.0, "Total Cost": 114987.19, "Plan Rows": 1, "Plan Width": 49, "Inner Unique": true, "Plans": [{"Node Type": "Nested Loop", "Parent Relationship": "Outer", "Join Type": "Inner", "Startup Cost": 0.0, "Total Cost": 114986.69, "Plan Rows": 1, "Plan Width": 40, "Inner Unique": true, "Plans": [{"Node Type": "Nested Loop", "Parent Relationship": "Outer", "Join Type": "Inner", "Startup Cost": 0.0, "Total Cost": 114985.67, "Plan Rows": 2, "Plan Width": 28, "Inner Unique": true, "Plans": [{"Node Type": "Nested Loop", "Parent Relationship": "Outer", "Join Type": "Inner", "Startup Cost": 0.0, "Total Cost": 114984.04, "Plan Rows": 5, "Plan Width": 32, "Inner Unique": false, "Plans": [{"Node Type": "Nested Loop", "Parent Relationship": "Outer", "Join Type": "Inner", "Startup Cost": 0.0, "Total Cost": 114978.43, "Plan Rows": 13, "Plan Width": 24, "Inner Unique": false, "Join Filter": "(ci.role_id = rt.id)", "Plans": [{"Node Type": "Seq Scan", "Parent Relationship": "Outer", "Relation Name": "role_type", "Alias": "rt", "Startup Cost": 0.0, "Total Cost": 1.15, "Plan Rows": 1, "Plan Width": 4, "Filter": "((role)::text = 'actress'::text)"}, {"Node Type": "Nested Loop", "Parent Relationship": "Inner", "Join Type": "Inner", "Startup Cost": 0.0, "Total Cost": 114975.51, "Plan Rows": 141, "Plan Width": 28, "Inner Unique": false, "Join Filter": "(n.id = ci.person_id)", "Plans": [{"Node Type": "Nested Loop", "Parent Relationship": "Outer", "Join Type": "Inner", "Startup Cost": 0.0, "Total Cost": 114700.23, "Plan Rows": 115, "Plan Width": 24, "Inner Unique": false, "Plans": [{"Node Type": "Seq Scan", "Parent Relationship": "Outer", "Relation Name": "name", "Alias": "n", "Startup Cost": 0.0, "Total Cost": 113909.35, "Plan Rows": 96, "Plan Width": 4, "Filter": "(((name)::text ~~ '%Ang%'::text) AND ((gender)::text = 'f'::text))"}, {"Node Type": "Index Scan", "Parent Relationship": "Inner", "Scan Direction": "Forward", "Index Name": "person_id_aka_name", "Relation Name": "aka_name", "Alias": "an", "Startup Cost": 0.0, "Total Cost": 8.23, "Plan Rows": 1, "Plan Width": 20, "Index Cond": "(person_id = n.id)"}]}, {"Node Type": "Index Scan", "Parent Relationship": "Inner", "Scan Direction": "Forward", "Index Name": "person_id_cast_info", "Relation Name": "cast_info", "Alias": "ci", "Startup Cost": 0.0, "Total Cost": 2.38, "Plan Rows": 1, "Plan Width": 16, "Index Cond": "(person_id = an.person_id)", "Filter": "((note)::text = ANY ('{(voice),\"(voice: Japanese version)\",\"(voice) (uncredited)\",\"(voice: English version)\"}'::text[]))"}]}]}, {"Node Type": "Index Scan", "Parent Relationship": "Inner", "Scan Direction": "Forward", "Index Name": "movie_id_movie_companies", "Relation Name": "movie_companies", "Alias": "mc", "Startup Cost": 0.0, "Total Cost": 0.42, "Plan Rows": 1, "Plan Width": 8, "Index Cond": "(movie_id = ci.movie_id)", "Filter": "((note IS NOT NULL) AND (((note)::text ~~ '%(USA)%'::text) OR ((note)::text ~~ '%(worldwide)%'::text)))"}]}, {"Node Type": "Index Scan", "Parent Relationship": "Inner", "Scan Direction": "Forward", "Index Name": "company_name_pkey", "Relation Name": "company_name", "Alias": "cn", "Startup Cost": 0.0, "Total Cost": 0.32, "Plan Rows": 1, "Plan Width": 4, "Index Cond": "(id = mc.company_id)", "Filter": "((country_code)::text = '[us]'::text)"}]}, {"Node Type": "Index Scan", "Parent Relationship": "Inner", "Scan Direction": "Forward", "Index Name": "char_name_pkey", "Relation Name": "char_name", "Alias": "chn", "Startup Cost": 0.0, "Total Cost": 0.5, "Plan Rows": 1, "Plan Width": 20, "Index Cond": "(id = ci.person_role_id)"}]}, {"Node Type": "Index Scan", "Parent Relationship": "Inner", "Scan Direction": "Forward", "Index Name": "title_pkey", "Relation Name": "title", "Alias": "t", "Startup Cost": 0.0, "Total Cost": 0.49, "Plan Rows": 1, "Plan Width": 21, "Index Cond": "(id = ci.movie_id)", "Filter": "((production_year >= 2005) AND (production_year <= 2015))"}]}]}, "Unique SQL Id": 3431223514, "Planner Runtime": 8}, "explain_analyze_plan": {"Plan": {"Node Type": "Aggregate", "Strategy": "Plain", "Startup Cost": 114987.2, "Total Cost": 114987.21, "Plan Rows": 1, "Plan Width": 145, "Actual Startup Time": 1703.594, "Actual Total Time": 1703.595, "Actual Rows": 1, "Actual Loops": 1, "Plans": [{"Node Type": "Nested Loop", "Parent Relationship": "Outer", "Join Type": "Inner", "Startup Cost": 0.0, "Total Cost": 114987.19, "Plan Rows": 1, "Plan Width": 49, "Actual Startup Time": 697.212, "Actual Total Time": 1703.364, "Actual Rows": 121, "Actual Loops": 1, "Inner Unique": true, "Plans": [{"Node Type": "Nested Loop", "Parent Relationship": "Outer", "Join Type": "Inner", "Startup Cost": 0.0, "Total Cost": 114986.69, "Plan Rows": 1, "Plan Width": 40, "Actual Startup Time": 689.723, "Actual Total Time": 1701.599, "Actual Rows": 341, "Actual Loops": 1, "Inner Unique": true, "Plans": [{"Node Type": "Nested Loop", "Parent Relationship": "Outer", "Join Type": "Inner", "Startup Cost": 0.0, "Total Cost": 114985.67, "Plan Rows": 2, "Plan Width": 28, "Actual Startup Time": 689.707, "Actual Total Time": 1700.005, "Actual Rows": 359, "Actual Loops": 1, "Inner Unique": true, "Plans": [{"Node Type": "Nested Loop", "Parent Relationship": "Outer", "Join Type": "Inner", "Startup Cost": 0.0, "Total Cost": 114984.04, "Plan Rows": 5, "Plan Width": 32, "Actual Startup Time": 689.678, "Actual Total Time": 1697.916, "Actual Rows": 373, "Actual Loops": 1, "Inner Unique": false, "Plans": [{"Node Type": "Nested Loop", "Parent Relationship": "Outer", "Join Type": "Inner", "Startup Cost": 0.0, "Total Cost": 114978.43, "Plan Rows": 13, "Plan Width": 24, "Actual Startup Time": 688.314, "Actual Total Time": 1693.763, "Actual Rows": 425, "Actual Loops": 1, "Inner Unique": false, "Join Filter": "(ci.role_id = rt.id)", "Rows Removed by Join Filter": 0, "Plans": [{"Node Type": "Seq Scan", "Parent Relationship": "Outer", "Relation Name": "role_type", "Alias": "rt", "Startup Cost": 0.0, "Total Cost": 1.15, "Plan Rows": 1, "Plan Width": 4, "Actual Startup Time": 0.039, "Actual Total Time": 0.045, "Actual Rows": 1, "Actual Loops": 1, "Filter": "((role)::text = 'actress'::text)", "Rows Removed by Filter": 11}, {"Node Type": "Nested Loop", "Parent Relationship": "Inner", "Join Type": "Inner", "Startup Cost": 0.0, "Total Cost": 114975.51, "Plan Rows": 141, "Plan Width": 28, "Actual Startup Time": 688.266, "Actual Total Time": 1693.541, "Actual Rows": 425, "Actual Loops": 1, "Inner Unique": false, "Join Filter": "(n.id = ci.person_id)", "Rows Removed by Join Filter": 0, "Plans": [{"Node Type": "Nested Loop", "Parent Relationship": "Outer", "Join Type": "Inner", "Startup Cost": 0.0, "Total Cost": 114700.23, "Plan Rows": 115, "Plan Width": 24, "Actual Startup Time": 673.28, "Actual Total Time": 1644.68, "Actual Rows": 1558, "Actual Loops": 1, "Inner Unique": false, "Plans": [{"Node Type": "Seq Scan", "Parent Relationship": "Outer", "Relation Name": "name", "Alias": "n", "Startup Cost": 0.0, "Total Cost": 113909.35, "Plan Rows": 96, "Plan Width": 4, "Actual Startup Time": 671.583, "Actual Total Time": 1622.951, "Actual Rows": 6768, "Actual Loops": 1, "Filter": "(((name)::text ~~ '%Ang%'::text) AND ((gender)::text = 'f'::text))", "Rows Removed by Filter": 4160722}, {"Node Type": "Index Scan", "Parent Relationship": "Inner", "Scan Direction": "Forward", "Index Name": "person_id_aka_name", "Relation Name": "aka_name", "Alias": "an", "Startup Cost": 0.0, "Total Cost": 8.23, "Plan Rows": 1, "Plan Width": 20, "Actual Startup Time": 16.878, "Actual Total Time": 17.626, "Actual Rows": 1558, "Actual Loops": 6768, "Index Cond": "(person_id = n.id)", "Rows Removed by Index Recheck": 0}]}, {"Node Type": "Index Scan", "Parent Relationship": "Inner", "Scan Direction": "Forward", "Index Name": "person_id_cast_info", "Relation Name": "cast_info", "Alias": "ci", "Startup Cost": 0.0, "Total Cost": 2.38, "Plan Rows": 1, "Plan Width": 16, "Actual Startup Time": 43.065, "Actual Total Time": 47.745, "Actual Rows": 425, "Actual Loops": 1558, "Index Cond": "(person_id = an.person_id)", "Rows Removed by Index Recheck": 0, "Filter": "((note)::text = ANY ('{(voice),\"(voice: Japanese version)\",\"(voice) (uncredited)\",\"(voice: English version)\"}'::text[]))", "Rows Removed by Filter": 69057}]}]}, {"Node Type": "Index Scan", "Parent Relationship": "Inner", "Scan Direction": "Forward", "Index Name": "movie_id_movie_companies", "Relation Name": "movie_companies", "Alias": "mc", "Startup Cost": 0.0, "Total Cost": 0.42, "Plan Rows": 1, "Plan Width": 8, "Actual Startup Time": 2.627, "Actual Total Time": 3.738, "Actual Rows": 373, "Actual Loops": 425, "Index Cond": "(movie_id = ci.movie_id)", "Rows Removed by Index Recheck": 0, "Filter": "((note IS NOT NULL) AND (((note)::text ~~ '%(USA)%'::text) OR ((note)::text ~~ '%(worldwide)%'::text)))", "Rows Removed by Filter": 1538}]}, {"Node Type": "Index Scan", "Parent Relationship": "Inner", "Scan Direction": "Forward", "Index Name": "company_name_pkey", "Relation Name": "company_name", "Alias": "cn", "Startup Cost": 0.0, "Total Cost": 0.32, "Plan Rows": 1, "Plan Width": 4, "Actual Startup Time": 1.71, "Actual Total Time": 1.71, "Actual Rows": 359, "Actual Loops": 373, "Index Cond": "(id = mc.company_id)", "Rows Removed by Index Recheck": 0, "Filter": "((country_code)::text = '[us]'::text)", "Rows Removed by Filter": 14}]}, {"Node Type": "Index Scan", "Parent Relationship": "Inner", "Scan Direction": "Forward", "Index Name": "char_name_pkey", "Relation Name": "char_name", "Alias": "chn", "Startup Cost": 0.0, "Total Cost": 0.5, "Plan Rows": 1, "Plan Width": 20, "Actual Startup Time": 1.241, "Actual Total Time": 1.241, "Actual Rows": 341, "Actual Loops": 359, "Index Cond": "(id = ci.person_role_id)", "Rows Removed by Index Recheck": 0}]}, {"Node Type": "Index Scan", "Parent Relationship": "Inner", "Scan Direction": "Forward", "Index Name": "title_pkey", "Relation Name": "title", "Alias": "t", "Startup Cost": 0.0, "Total Cost": 0.49, "Plan Rows": 1, "Plan Width": 21, "Actual Startup Time": 1.484, "Actual Total Time": 1.484, "Actual Rows": 121, "Actual Loops": 341, "Index Cond": "(id = ci.movie_id)", "Rows Removed by Index Recheck": 0, "Filter": "((production_year >= 2005) AND (production_year <= 2015))", "Rows Removed by Filter": 220}]}]}, "Triggers": [], "Planner Runtime": 8, "Total Runtime": 1704.04, "Unique SQL Id": 3431223514}}, "(1, 113)": {"explain_plan": {"Plan": {"Node Type": "Aggregate", "Strategy": "Plain", "Startup Cost": 198159.35, "Total Cost": 198159.36, "Plan Rows": 1, "Plan Width": 145, "Plans": [{"Node Type": "Nested Loop", "Parent Relationship": "Outer", "Join Type": "Inner", "Startup Cost": 0.0, "Total Cost": 198159.35, "Plan Rows": 1, "Plan Width": 49, "Inner Unique": true, "Plans": [{"Node Type": "Nested Loop", "Parent Relationship": "Outer", "Join Type": "Inner", "Startup Cost": 0.0, "Total Cost": 198158.85, "Plan Rows": 1, "Plan Width": 40, "Inner Unique": true, "Plans": [{"Node Type": "Nested Loop", "Parent Relationship": "Outer", "Join Type": "Inner", "Startup Cost": 0.0, "Total Cost": 198157.83, "Plan Rows": 2, "Plan Width": 28, "Inner Unique": true, "Plans": [{"Node Type": "Nested Loop", "Parent Relationship": "Outer", "Join Type": "Inner", "Startup Cost": 0.0, "Total Cost": 198156.19, "Plan Rows": 5, "Plan Width": 32, "Inner Unique": false, "Plans": [{"Node Type": "Nested Loop", "Parent Relationship": "Outer", "Join Type": "Inner", "Startup Cost": 0.0, "Total Cost": 198150.58, "Plan Rows": 13, "Plan Width": 24, "Inner Unique": false, "Join Filter": "(ci.role_id = rt.id)", "Plans": [{"Node Type": "Index Scan", "Parent Relationship": "Outer", "Scan Direction": "Forward", "Index Name": "role_type_pkey", "Relation Name": "role_type", "Alias": "rt", "Startup Cost": 0.0, "Total Cost": 12.46, "Plan Rows": 1, "Plan Width": 4, "Filter": "((role)::text = 'actress'::text)"}, {"Node Type": "Nested Loop", "Parent Relationship": "Inner", "Join Type": "Inner", "Startup Cost": 0.0, "Total Cost": 198136.36, "Plan Rows": 141, "Plan Width": 28, "Inner Unique": false, "Join Filter": "(n.id = ci.person_id)", "Plans": [{"Node Type": "Nested Loop", "Parent Relationship": "Outer", "Join Type": "Inner", "Startup Cost": 0.0, "Total Cost": 197861.08, "Plan Rows": 115, "Plan Width": 24, "Inner Unique": false, "Plans": [{"Node Type": "Index Scan", "Parent Relationship": "Outer", "Scan Direction": "Forward", "Index Name": "name_pkey", "Relation Name": "name", "Alias": "n", "Startup Cost": 0.0, "Total Cost": 197070.2, "Plan Rows": 96, "Plan Width": 4, "Filter": "(((name)::text ~~ '%Ang%'::text) AND ((gender)::text = 'f'::text))"}, {"Node Type": "Index Scan", "Parent Relationship": "Inner", "Scan Direction": "Forward", "Index Name": "person_id_aka_name", "Relation Name": "aka_name", "Alias": "an", "Startup Cost": 0.0, "Total Cost": 8.23, "Plan Rows": 1, "Plan Width": 20, "Index Cond": "(person_id = n.id)"}]}, {"Node Type": "Index Scan", "Parent Relationship": "Inner", "Scan Direction": "Forward", "Index Name": "person_id_cast_info", "Relation Name": "cast_info", "Alias": "ci", "Startup Cost": 0.0, "Total Cost": 2.38, "Plan Rows": 1, "Plan Width": 16, "Index Cond": "(person_id = an.person_id)", "Filter": "((note)::text = ANY ('{(voice),\"(voice: Japanese version)\",\"(voice) (uncredited)\",\"(voice: English version)\"}'::text[]))"}]}]}, {"Node Type": "Index Scan", "Parent Relationship": "Inner", "Scan Direction": "Forward", "Index Name": "movie_id_movie_companies", "Relation Name": "movie_companies", "Alias": "mc", "Startup Cost": 0.0, "Total Cost": 0.42, "Plan Rows": 1, "Plan Width": 8, "Index Cond": "(movie_id = ci.movie_id)", "Filter": "((note IS NOT NULL) AND (((note)::text ~~ '%(USA)%'::text) OR ((note)::text ~~ '%(worldwide)%'::text)))"}]}, {"Node Type": "Index Scan", "Parent Relationship": "Inner", "Scan Direction": "Forward", "Index Name": "company_name_pkey", "Relation Name": "company_name", "Alias": "cn", "Startup Cost": 0.0, "Total Cost": 0.32, "Plan Rows": 1, "Plan Width": 4, "Index Cond": "(id = mc.company_id)", "Filter": "((country_code)::text = '[us]'::text)"}]}, {"Node Type": "Index Scan", "Parent Relationship": "Inner", "Scan Direction": "Forward", "Index Name": "char_name_pkey", "Relation Name": "char_name", "Alias": "chn", "Startup Cost": 0.0, "Total Cost": 0.5, "Plan Rows": 1, "Plan Width": 20, "Index Cond": "(id = ci.person_role_id)"}]}, {"Node Type": "Index Scan", "Parent Relationship": "Inner", "Scan Direction": "Forward", "Index Name": "title_pkey", "Relation Name": "title", "Alias": "t", "Startup Cost": 0.0, "Total Cost": 0.49, "Plan Rows": 1, "Plan Width": 21, "Index Cond": "(id = ci.movie_id)", "Filter": "((production_year >= 2005) AND (production_year <= 2015))"}]}]}, "Unique SQL Id": 3431223514, "Planner Runtime": 8}, "explain_analyze_plan": null}, "(1, 114)": {"explain_plan": {"Plan": {"Node Type": "Aggregate", "Strategy": "Plain", "Startup Cost": 115407.44, "Total Cost": 115407.45, "Plan Rows": 1, "Plan Width": 145, "Plans": [{"Node Type": "Nested Loop", "Parent Relationship": "Outer", "Join Type": "Inner", "Startup Cost": 6.41, "Total Cost": 115407.43, "Plan Rows": 1, "Plan Width": 49, "Inner Unique": true, "Plans": [{"Node Type": "Nested Loop", "Parent Relationship": "Outer", "Join Type": "Inner", "Startup Cost": 6.11, "Total Cost": 115403.1, "Plan Rows": 1, "Plan Width": 40, "Inner Unique": true, "Plans": [{"Node Type": "Nested Loop", "Parent Relationship": "Outer", "Join Type": "Inner", "Startup Cost": 5.8, "Total Cost": 115394.43, "Plan Rows": 2, "Plan Width": 28, "Inner Unique": true, "Plans": [{"Node Type": "Nested Loop", "Parent Relationship": "Outer", "Join Type": "Inner", "Startup Cost": 5.53, "Total Cost": 115372.99, "Plan Rows": 5, "Plan Width": 32, "Inner Unique": false, "Plans": [{"Node Type": "Nested Loop", "Parent Relationship": "Outer", "Join Type": "Inner", "Startup Cost": 5.22, "Total Cost": 115316.36, "Plan Rows": 13, "Plan Width": 24, "Inner Unique": false, "Join Filter": "(ci.role_id = rt.id)", "Plans": [{"Node Type": "Seq Scan", "Parent Relationship": "Outer", "Relation Name": "role_type", "Alias": "rt", "Startup Cost": 0.0, "Total Cost": 1.15, "Plan Rows": 1, "Plan Width": 4, "Filter": "((role)::text = 'actress'::text)"}, {"Node Type": "Nested Loop", "Parent Relationship": "Inner", "Join Type": "Inner", "Startup Cost": 5.22, "Total Cost": 115313.45, "Plan Rows": 141, "Plan Width": 28, "Inner Unique": false, "Join Filter": "(n.id = ci.person_id)", "Plans": [{"Node Type": "Nested Loop", "Parent Relationship": "Outer", "Join Type": "Inner", "Startup Cost": 4.22, "Total Cost": 114700.25, "Plan Rows": 115, "Plan Width": 24, "Inner Unique": false, "Plans": [{"Node Type": "Seq Scan", "Parent Relationship": "Outer", "Relation Name": "name", "Alias": "n", "Startup Cost": 0.0, "Total Cost": 113909.35, "Plan Rows": 96, "Plan Width": 4, "Filter": "(((name)::text ~~ '%Ang%'::text) AND ((gender)::text = 'f'::text))"}, {"Node Type": "Bitmap Heap Scan", "Parent Relationship": "Inner", "Relation Name": "aka_name", "Alias": "an", "Startup Cost": 4.22, "Total Cost": 8.23, "Plan Rows": 1, "Plan Width": 20, "Recheck Cond": "(person_id = n.id)", "Plans": [{"Node Type": "Bitmap Index Scan", "Parent Relationship": "Outer", "Index Name": "person_id_aka_name", "Startup Cost": 0.0, "Total Cost": 4.22, "Plan Rows": 1, "Plan Width": 0, "Index Cond": "(person_id = n.id)"}]}]}, {"Node Type": "Bitmap Heap Scan", "Parent Relationship": "Inner", "Relation Name": "cast_info", "Alias": "ci", "Startup Cost": 1.0, "Total Cost": 5.32, "Plan Rows": 1, "Plan Width": 16, "Recheck Cond": "(person_id = an.person_id)", "Filter": "((note)::text = ANY ('{(voice),\"(voice: Japanese version)\",\"(voice) (uncredited)\",\"(voice: English version)\"}'::text[]))", "Plans": [{"Node Type": "Bitmap Index Scan", "Parent Relationship": "Outer", "Index Name": "person_id_cast_info", "Startup Cost": 0.0, "Total Cost": 1.0, "Plan Rows": 18, "Plan Width": 0, "Index Cond": "(person_id = an.person_id)"}]}]}]}, {"Node Type": "Bitmap Heap Scan", "Parent Relationship": "Inner", "Relation Name": "movie_companies", "Alias": "mc", "Startup Cost": 0.31, "Total Cost": 4.35, "Plan Rows": 1, "Plan Width": 8, "Recheck Cond": "(movie_id = ci.movie_id)", "Filter": "((note IS NOT NULL) AND (((note)::text ~~ '%(USA)%'::text) OR ((note)::text ~~ '%(worldwide)%'::text)))", "Plans": [{"Node Type": "Bitmap Index Scan", "Parent Relationship": "Outer", "Index Name": "movie_id_movie_companies", "Startup Cost": 0.0, "Total Cost": 0.31, "Plan Rows": 2, "Plan Width": 0, "Index Cond": "(movie_id = ci.movie_id)"}]}]}, {"Node Type": "Bitmap Heap Scan", "Parent Relationship": "Inner", "Relation Name": "company_name", "Alias": "cn", "Startup Cost": 0.26, "Total Cost": 4.28, "Plan Rows": 1, "Plan Width": 4, "Recheck Cond": "(id = mc.company_id)", "Filter": "((country_code)::text = '[us]'::text)", "Plans": [{"Node Type": "Bitmap Index Scan", "Parent Relationship": "Outer", "Index Name": "company_name_pkey", "Startup Cost": 0.0, "Total Cost": 0.26, "Plan Rows": 1, "Plan Width": 0, "Index Cond": "(id = mc.company_id)"}]}]}, {"Node Type": "Bitmap Heap Scan", "Parent Relationship": "Inner", "Relation Name": "char_name", "Alias": "chn", "Startup Cost": 0.31, "Total Cost": 4.33, "Plan Rows": 1, "Plan Width": 20, "Recheck Cond": "(id = ci.person_role_id)", "Plans": [{"Node Type": "Bitmap Index Scan", "Parent Relationship": "Outer", "Index Name": "char_name_pkey", "Startup Cost": 0.0, "Total Cost": 0.31, "Plan Rows": 1, "Plan Width": 0, "Index Cond": "(id = ci.person_role_id)"}]}]}, {"Node Type": "Bitmap Heap Scan", "Parent Relationship": "Inner", "Relation Name": "title", "Alias": "t", "Startup Cost": 0.3, "Total Cost": 4.32, "Plan Rows": 1, "Plan Width": 21, "Recheck Cond": "(id = ci.movie_id)", "Filter": "((production_year >= 2005) AND (production_year <= 2015))", "Plans": [{"Node Type": "Bitmap Index Scan", "Parent Relationship": "Outer", "Index Name": "title_pkey", "Startup Cost": 0.0, "Total Cost": 0.3, "Plan Rows": 1, "Plan Width": 0, "Index Cond": "(id = ci.movie_id)"}]}]}]}, "Unique SQL Id": 3431223514, "Planner Runtime": 11}, "explain_analyze_plan": {"Plan": {"Node Type": "Aggregate", "Strategy": "Plain", "Startup Cost": 115407.44, "Total Cost": 115407.45, "Plan Rows": 1, "Plan Width": 145, "Actual Startup Time": 1730.555, "Actual Total Time": 1730.556, "Actual Rows": 1, "Actual Loops": 1, "Plans": [{"Node Type": "Nested Loop", "Parent Relationship": "Outer", "Join Type": "Inner", "Startup Cost": 6.41, "Total Cost": 115407.43, "Plan Rows": 1, "Plan Width": 49, "Actual Startup Time": 721.589, "Actual Total Time": 1730.287, "Actual Rows": 121, "Actual Loops": 1, "Inner Unique": true, "Plans": [{"Node Type": "Nested Loop", "Parent Relationship": "Outer", "Join Type": "Inner", "Startup Cost": 6.11, "Total Cost": 115403.1, "Plan Rows": 1, "Plan Width": 40, "Actual Startup Time": 713.317, "Actual Total Time": 1728.001, "Actual Rows": 341, "Actual Loops": 1, "Inner Unique": true, "Plans": [{"Node Type": "Nested Loop", "Parent Relationship": "Outer", "Join Type": "Inner", "Startup Cost": 5.8, "Total Cost": 115394.43, "Plan Rows": 2, "Plan Width": 28, "Actual Startup Time": 713.291, "Actual Total Time": 1725.833, "Actual Rows": 359, "Actual Loops": 1, "Inner Unique": true, "Plans": [{"Node Type": "Nested Loop", "Parent Relationship": "Outer", "Join Type": "Inner", "Startup Cost": 5.53, "Total Cost": 115372.99, "Plan Rows": 5, "Plan Width": 32, "Actual Startup Time": 713.271, "Actual Total Time": 1723.265, "Actual Rows": 373, "Actual Loops": 1, "Inner Unique": false, "Plans": [{"Node Type": "Nested Loop", "Parent Relationship": "Outer", "Join Type": "Inner", "Startup Cost": 5.22, "Total Cost": 115316.36, "Plan Rows": 13, "Plan Width": 24, "Actual Startup Time": 711.687, "Actual Total Time": 1717.796, "Actual Rows": 425, "Actual Loops": 1, "Inner Unique": false, "Join Filter": "(ci.role_id = rt.id)", "Rows Removed by Join Filter": 0, "Plans": [{"Node Type": "Seq Scan", "Parent Relationship": "Outer", "Relation Name": "role_type", "Alias": "rt", "Startup Cost": 0.0, "Total Cost": 1.15, "Plan Rows": 1, "Plan Width": 4, "Actual Startup Time": 0.03, "Actual Total Time": 0.037, "Actual Rows": 1, "Actual Loops": 1, "Filter": "((role)::text = 'actress'::text)", "Rows Removed by Filter": 11}, {"Node Type": "Nested Loop", "Parent Relationship": "Inner", "Join Type": "Inner", "Startup Cost": 5.22, "Total Cost": 115313.45, "Plan Rows": 141, "Plan Width": 28, "Actual Startup Time": 711.649, "Actual Total Time": 1717.554, "Actual Rows": 425, "Actual Loops": 1, "Inner Unique": false, "Join Filter": "(n.id = ci.person_id)", "Rows Removed by Join Filter": 0, "Plans": [{"Node Type": "Nested Loop", "Parent Relationship": "Outer", "Join Type": "Inner", "Startup Cost": 4.22, "Total Cost": 114700.25, "Plan Rows": 115, "Plan Width": 24, "Actual Startup Time": 695.408, "Actual Total Time": 1666.951, "Actual Rows": 1558, "Actual Loops": 1, "Inner Unique": false, "Plans": [{"Node Type": "Seq Scan", "Parent Relationship": "Outer", "Relation Name": "name", "Alias": "n", "Startup Cost": 0.0, "Total Cost": 113909.35, "Plan Rows": 96, "Plan Width": 4, "Actual Startup Time": 693.582, "Actual Total Time": 1635.892, "Actual Rows": 6768, "Actual Loops": 1, "Filter": "(((name)::text ~~ '%Ang%'::text) AND ((gender)::text = 'f'::text))", "Rows Removed by Filter": 4160722}, {"Node Type": "Bitmap Heap Scan", "Parent Relationship": "Inner", "Relation Name": "aka_name", "Alias": "an", "Startup Cost": 4.22, "Total Cost": 8.23, "Plan Rows": 1, "Plan Width": 20, "Actual Startup Time": 22.473, "Actual Total Time": 22.949, "Actual Rows": 1558, "Actual Loops": 6768, "Recheck Cond": "(person_id = n.id)", "Rows Removed by Index Recheck": 0, "Exact Heap Blocks": 1014, "Lossy Heap Blocks": 1014, "Plans": [{"Node Type": "Bitmap Index Scan", "Parent Relationship": "Outer", "Index Name": "person_id_aka_name", "Startup Cost": 0.0, "Total Cost": 4.22, "Plan Rows": 1, "Plan Width": 0, "Actual Startup Time": 17.185, "Actual Total Time": 17.185, "Actual Rows": 1558, "Actual Loops": 6768, "Index Cond": "(person_id = n.id)"}]}]}, {"Node Type": "Bitmap Heap Scan", "Parent Relationship": "Inner", "Relation Name": "cast_info", "Alias": "ci", "Startup Cost": 1.0, "Total Cost": 5.32, "Plan Rows": 1, "Plan Width": 16, "Actual Startup Time": 44.951, "Actual Total Time": 48.212, "Actual Rows": 425, "Actual Loops": 1558, "Recheck Cond": "(person_id = an.person_id)", "Rows Removed by Index Recheck": 0, "Filter": "((note)::text = ANY ('{(voice),\"(voice: Japanese version)\",\"(voice) (uncredited)\",\"(voice: English version)\"}'::text[]))", "Rows Removed by Filter": 69057, "Exact Heap Blocks": 2627, "Lossy Heap Blocks": 2627, "Plans": [{"Node Type": "Bitmap Index Scan", "Parent Relationship": "Outer", "Index Name": "person_id_cast_info", "Startup Cost": 0.0, "Total Cost": 1.0, "Plan Rows": 18, "Plan Width": 0, "Actual Startup Time": 14.083, "Actual Total Time": 14.083, "Actual Rows": 69482, "Actual Loops": 1558, "Index Cond": "(person_id = an.person_id)"}]}]}]}, {"Node Type": "Bitmap Heap Scan", "Parent Relationship": "Inner", "Relation Name": "movie_companies", "Alias": "mc", "Startup Cost": 0.31, "Total Cost": 4.35, "Plan Rows": 1, "Plan Width": 8, "Actual Startup Time": 3.792, "Actual Total Time": 4.696, "Actual Rows": 373, "Actual Loops": 425, "Recheck Cond": "(movie_id = ci.movie_id)", "Rows Removed by Index Recheck": 0, "Filter": "((note IS NOT NULL) AND (((note)::text ~~ '%(USA)%'::text) OR ((note)::text ~~ '%(worldwide)%'::text)))", "Rows Removed by Filter": 1538, "Exact Heap Blocks": 580, "Lossy Heap Blocks": 580, "Plans": [{"Node Type": "Bitmap Index Scan", "Parent Relationship": "Outer", "Index Name": "movie_id_movie_companies", "Startup Cost": 0.0, "Total Cost": 0.31, "Plan Rows": 2, "Plan Width": 0, "Actual Startup Time": 1.971, "Actual Total Time": 1.971, "Actual Rows": 1911, "Actual Loops": 425, "Index Cond": "(movie_id = ci.movie_id)"}]}]}, {"Node Type": "Bitmap Heap Scan", "Parent Relationship": "Inner", "Relation Name": "company_name", "Alias": "cn", "Startup Cost": 0.26, "Total Cost": 4.28, "Plan Rows": 1, "Plan Width": 4, "Actual Startup Time": 2.01, "Actual Total Time": 2.01, "Actual Rows": 359, "Actual Loops": 373, "Recheck Cond": "(id = mc.company_id)", "Rows Removed by Index Recheck": 0, "Filter": "((country_code)::text = '[us]'::text)", "Rows Removed by Filter": 14, "Exact Heap Blocks": 373, "Lossy Heap Blocks": 373, "Plans": [{"Node Type": "Bitmap Index Scan", "Parent Relationship": "Outer", "Index Name": "company_name_pkey", "Startup Cost": 0.0, "Total Cost": 0.26, "Plan Rows": 1, "Plan Width": 0, "Actual Startup Time": 1.135, "Actual Total Time": 1.135, "Actual Rows": 373, "Actual Loops": 373, "Index Cond": "(id = mc.company_id)"}]}]}, {"Node Type": "Bitmap Heap Scan", "Parent Relationship": "Inner", "Relation Name": "char_name", "Alias": "chn", "Startup Cost": 0.31, "Total Cost": 4.33, "Plan Rows": 1, "Plan Width": 20, "Actual Startup Time": 1.605, "Actual Total Time": 1.605, "Actual Rows": 341, "Actual Loops": 359, "Recheck Cond": "(id = ci.person_role_id)", "Rows Removed by Index Recheck": 0, "Exact Heap Blocks": 341, "Lossy Heap Blocks": 341, "Plans": [{"Node Type": "Bitmap Index Scan", "Parent Relationship": "Outer", "Index Name": "char_name_pkey", "Startup Cost": 0.0, "Total Cost": 0.31, "Plan Rows": 1, "Plan Width": 0, "Actual Startup Time": 1.039, "Actual Total Time": 1.039, "Actual Rows": 341, "Actual Loops": 359, "Index Cond": "(id = ci.person_role_id)"}]}]}, {"Node Type": "Bitmap Heap Scan", "Parent Relationship": "Inner", "Relation Name": "title", "Alias": "t", "Startup Cost": 0.3, "Total Cost": 4.32, "Plan Rows": 1, "Plan Width": 21, "Actual Startup Time": 1.816, "Actual Total Time": 1.816, "Actual Rows": 121, "Actual Loops": 341, "Recheck Cond": "(id = ci.movie_id)", "Rows Removed by Index Recheck": 0, "Filter": "((production_year >= 2005) AND (production_year <= 2015))", "Rows Removed by Filter": 220, "Exact Heap Blocks": 341, "Lossy Heap Blocks": 341, "Plans": [{"Node Type": "Bitmap Index Scan", "Parent Relationship": "Outer", "Index Name": "title_pkey", "Startup Cost": 0.0, "Total Cost": 0.3, "Plan Rows": 1, "Plan Width": 0, "Actual Startup Time": 1.061, "Actual Total Time": 1.061, "Actual Rows": 341, "Actual Loops": 341, "Index Cond": "(id = ci.movie_id)"}]}]}]}, "Triggers": [], "Planner Runtime": 11, "Total Runtime": 1730.905, "Unique SQL Id": 3431223514}}, "(1, 115)": {"explain_plan": {"Plan": {"Node Type": "Aggregate", "Strategy": "Plain", "Startup Cost": 1000016655188.3, "Total Cost": 1000016655188.31, "Plan Rows": 1, "Plan Width": 145, "Plans": [{"Node Type": "Nested Loop", "Parent Relationship": "Outer", "Join Type": "Inner", "Startup Cost": 10000000002.78, "Total Cost": 1000016655188.3, "Plan Rows": 1, "Plan Width": 49, "Inner Unique": true, "Join Filter": "(ci.person_id = n.id)", "Plans": [{"Node Type": "Nested Loop", "Parent Relationship": "Outer", "Join Type": "Inner", "Startup Cost": 10000000002.45, "Total Cost": 1000016612909.02, "Plan Rows": 9704, "Plan Width": 57, "Inner Unique": true, "Plans": [{"Node Type": "Nested Loop", "Parent Relationship": "Outer", "Join Type": "Inner", "Startup Cost": 10000000002.15, "Total Cost": 1000016578899.44, "Plan Rows": 7855, "Plan Width": 48, "Inner Unique": true, "Plans": [{"Node Type": "Nested Loop", "Parent Relationship": "Outer", "Join Type": "Inner", "Startup Cost": 10000000001.89, "Total Cost": 1000016510409.12, "Plan Rows": 15972, "Plan Width": 52, "Inner Unique": true, "Plans": [{"Node Type": "Nested Loop", "Parent Relationship": "Outer", "Join Type": "Inner", "Startup Cost": 10000000001.57, "Total Cost": 1000016367541.65, "Plan Rows": 32949, "Plan Width": 40, "Inner Unique": false, "Plans": [{"Node Type": "Nested Loop", "Parent Relationship": "Outer", "Join Type": "Inner", "Startup Cost": 10000000001.26, "Total Cost": 1000015972498.77, "Plan Rows": 90685, "Plan Width": 32, "Inner Unique": true, "Plans": [{"Node Type": "Nested Loop", "Parent Relationship": "Outer", "Join Type": "Inner", "Startup Cost": 10000000001.0, "Total Cost": 1000011700317.58, "Plan Rows": 997530, "Plan Width": 36, "Inner Unique": false, "Plans": [{"Node Type": "Index Scan", "Parent Relationship": "Outer", "Scan Direction": "Forward", "Index Name": "person_id_aka_name", "Relation Name": "aka_name", "Alias": "an", "Startup Cost": 10000000000.0, "Total Cost": 1000006896503.43, "Plan Rows": 901342, "Plan Width": 20}, {"Node Type": "Bitmap Heap Scan", "Parent Relationship": "Inner", "Relation Name": "cast_info", "Alias": "ci", "Startup Cost": 1.0, "Total Cost": 5.32, "Plan Rows": 1, "Plan Width": 16, "Recheck Cond": "(person_id = an.person_id)", "Filter": "((note)::text = ANY ('{(voice),\"(voice: Japanese version)\",\"(voice) (uncredited)\",\"(voice: English version)\"}'::text[]))", "Plans": [{"Node Type": "Bitmap Index Scan", "Parent Relationship": "Outer", "Index Name": "person_id_cast_info", "Startup Cost": 0.0, "Total Cost": 1.0, "Plan Rows": 18, "Plan Width": 0, "Index Cond": "(person_id = an.person_id)"}]}]}, {"Node Type": "Bitmap Heap Scan", "Parent Relationship": "Inner", "Relation Name": "role_type", "Alias": "rt", "Startup Cost": 0.26, "Total Cost": 4.27, "Plan Rows": 1, "Plan Width": 4, "Recheck Cond": "(id = ci.role_id)", "Filter": "((role)::text = 'actress'::text)", "Plans": [{"Node Type": "Bitmap Index Scan", "Parent Relationship": "Outer", "Index Name": "role_type_pkey", "Startup Cost": 0.0, "Total Cost": 0.26, "Plan Rows": 1, "Plan Width": 0, "Index Cond": "(id = ci.role_id)"}]}]}, {"Node Type": "Bitmap Heap Scan", "Parent Relationship": "Inner", "Relation Name": "movie_companies", "Alias": "mc", "Startup Cost": 0.31, "Total Cost": 4.35, "Plan Rows": 1, "Plan Width": 8, "Recheck Cond": "(movie_id = ci.movie_id)", "Filter": "((note IS NOT NULL) AND (((note)::text ~~ '%(USA)%'::text) OR ((note)::text ~~ '%(worldwide)%'::text)))", "Plans": [{"Node Type": "Bitmap Index Scan", "Parent Relationship": "Outer", "Index Name": "movie_id_movie_companies", "Startup Cost": 0.0, "Total Cost": 0.31, "Plan Rows": 2, "Plan Width": 0, "Index Cond": "(movie_id = ci.movie_id)"}]}]}, {"Node Type": "Bitmap Heap Scan", "Parent Relationship": "Inner", "Relation Name": "char_name", "Alias": "chn", "Startup Cost": 0.31, "Total Cost": 4.33, "Plan Rows": 1, "Plan Width": 20, "Recheck Cond": "(id = ci.person_role_id)", "Plans": [{"Node Type": "Bitmap Index Scan", "Parent Relationship": "Outer", "Index Name": "char_name_pkey", "Startup Cost": 0.0, "Total Cost": 0.31, "Plan Rows": 1, "Plan Width": 0, "Index Cond": "(id = ci.person_role_id)"}]}]}, {"Node Type": "Bitmap Heap Scan", "Parent Relationship": "Inner", "Relation Name": "company_name", "Alias": "cn", "Startup Cost": 0.26, "Total Cost": 4.28, "Plan Rows": 1, "Plan Width": 4, "Recheck Cond": "(id = mc.company_id)", "Filter": "((country_code)::text = '[us]'::text)", "Plans": [{"Node Type": "Bitmap Index Scan", "Parent Relationship": "Outer", "Index Name": "company_name_pkey", "Startup Cost": 0.0, "Total Cost": 0.26, "Plan Rows": 1, "Plan Width": 0, "Index Cond": "(id = mc.company_id)"}]}]}, {"Node Type": "Bitmap Heap Scan", "Parent Relationship": "Inner", "Relation Name": "title", "Alias": "t", "Startup Cost": 0.3, "Total Cost": 4.32, "Plan Rows": 1, "Plan Width": 21, "Recheck Cond": "(id = ci.movie_id)", "Filter": "((production_year >= 2005) AND (production_year <= 2015))", "Plans": [{"Node Type": "Bitmap Index Scan", "Parent Relationship": "Outer", "Index Name": "title_pkey", "Startup Cost": 0.0, "Total Cost": 0.3, "Plan Rows": 1, "Plan Width": 0, "Index Cond": "(id = ci.movie_id)"}]}]}, {"Node Type": "Bitmap Heap Scan", "Parent Relationship": "Inner", "Relation Name": "name", "Alias": "n", "Startup Cost": 0.33, "Total Cost": 4.34, "Plan Rows": 1, "Plan Width": 4, "Recheck Cond": "(id = an.person_id)", "Filter": "(((name)::text ~~ '%Ang%'::text) AND ((gender)::text = 'f'::text))", "Plans": [{"Node Type": "Bitmap Index Scan", "Parent Relationship": "Outer", "Index Name": "name_pkey", "Startup Cost": 0.0, "Total Cost": 0.33, "Plan Rows": 1, "Plan Width": 0, "Index Cond": "(id = an.person_id)"}]}]}]}, "Unique SQL Id": 3431223514, "Planner Runtime": 7}, "explain_analyze_plan": null}, "(1, 116)": {"explain_plan": {"Plan": {"Node Type": "Aggregate", "Strategy": "Plain", "Startup Cost": 114987.2, "Total Cost": 114987.21, "Plan Rows": 1, "Plan Width": 145, "Plans": [{"Node Type": "Nested Loop", "Parent Relationship": "Outer", "Join Type": "Inner", "Startup Cost": 0.0, "Total Cost": 114987.19, "Plan Rows": 1, "Plan Width": 49, "Inner Unique": true, "Plans": [{"Node Type": "Nested Loop", "Parent Relationship": "Outer", "Join Type": "Inner", "Startup Cost": 0.0, "Total Cost": 114986.69, "Plan Rows": 1, "Plan Width": 40, "Inner Unique": true, "Plans": [{"Node Type": "Nested Loop", "Parent Relationship": "Outer", "Join Type": "Inner", "Startup Cost": 0.0, "Total Cost": 114985.67, "Plan Rows": 2, "Plan Width": 28, "Inner Unique": true, "Plans": [{"Node Type": "Nested Loop", "Parent Relationship": "Outer", "Join Type": "Inner", "Startup Cost": 0.0, "Total Cost": 114984.04, "Plan Rows": 5, "Plan Width": 32, "Inner Unique": false, "Plans": [{"Node Type": "Nested Loop", "Parent Relationship": "Outer", "Join Type": "Inner", "Startup Cost": 0.0, "Total Cost": 114978.43, "Plan Rows": 13, "Plan Width": 24, "Inner Unique": false, "Join Filter": "(ci.role_id = rt.id)", "Plans": [{"Node Type": "Seq Scan", "Parent Relationship": "Outer", "Relation Name": "role_type", "Alias": "rt", "Startup Cost": 0.0, "Total Cost": 1.15, "Plan Rows": 1, "Plan Width": 4, "Filter": "((role)::text = 'actress'::text)"}, {"Node Type": "Nested Loop", "Parent Relationship": "Inner", "Join Type": "Inner", "Startup Cost": 0.0, "Total Cost": 114975.51, "Plan Rows": 141, "Plan Width": 28, "Inner Unique": false, "Join Filter": "(n.id = ci.person_id)", "Plans": [{"Node Type": "Nested Loop", "Parent Relationship": "Outer", "Join Type": "Inner", "Startup Cost": 0.0, "Total Cost": 114700.23, "Plan Rows": 115, "Plan Width": 24, "Inner Unique": false, "Plans": [{"Node Type": "Seq Scan", "Parent Relationship": "Outer", "Relation Name": "name", "Alias": "n", "Startup Cost": 0.0, "Total Cost": 113909.35, "Plan Rows": 96, "Plan Width": 4, "Filter": "(((name)::text ~~ '%Ang%'::text) AND ((gender)::text = 'f'::text))"}, {"Node Type": "Index Scan", "Parent Relationship": "Inner", "Scan Direction": "Forward", "Index Name": "person_id_aka_name", "Relation Name": "aka_name", "Alias": "an", "Startup Cost": 0.0, "Total Cost": 8.23, "Plan Rows": 1, "Plan Width": 20, "Index Cond": "(person_id = n.id)"}]}, {"Node Type": "Index Scan", "Parent Relationship": "Inner", "Scan Direction": "Forward", "Index Name": "person_id_cast_info", "Relation Name": "cast_info", "Alias": "ci", "Startup Cost": 0.0, "Total Cost": 2.38, "Plan Rows": 1, "Plan Width": 16, "Index Cond": "(person_id = an.person_id)", "Filter": "((note)::text = ANY ('{(voice),\"(voice: Japanese version)\",\"(voice) (uncredited)\",\"(voice: English version)\"}'::text[]))"}]}]}, {"Node Type": "Index Scan", "Parent Relationship": "Inner", "Scan Direction": "Forward", "Index Name": "movie_id_movie_companies", "Relation Name": "movie_companies", "Alias": "mc", "Startup Cost": 0.0, "Total Cost": 0.42, "Plan Rows": 1, "Plan Width": 8, "Index Cond": "(movie_id = ci.movie_id)", "Filter": "((note IS NOT NULL) AND (((note)::text ~~ '%(USA)%'::text) OR ((note)::text ~~ '%(worldwide)%'::text)))"}]}, {"Node Type": "Index Scan", "Parent Relationship": "Inner", "Scan Direction": "Forward", "Index Name": "company_name_pkey", "Relation Name": "company_name", "Alias": "cn", "Startup Cost": 0.0, "Total Cost": 0.32, "Plan Rows": 1, "Plan Width": 4, "Index Cond": "(id = mc.company_id)", "Filter": "((country_code)::text = '[us]'::text)"}]}, {"Node Type": "Index Scan", "Parent Relationship": "Inner", "Scan Direction": "Forward", "Index Name": "char_name_pkey", "Relation Name": "char_name", "Alias": "chn", "Startup Cost": 0.0, "Total Cost": 0.5, "Plan Rows": 1, "Plan Width": 20, "Index Cond": "(id = ci.person_role_id)"}]}, {"Node Type": "Index Scan", "Parent Relationship": "Inner", "Scan Direction": "Forward", "Index Name": "title_pkey", "Relation Name": "title", "Alias": "t", "Startup Cost": 0.0, "Total Cost": 0.49, "Plan Rows": 1, "Plan Width": 21, "Index Cond": "(id = ci.movie_id)", "Filter": "((production_year >= 2005) AND (production_year <= 2015))"}]}]}, "Unique SQL Id": 3431223514, "Planner Runtime": 8}, "explain_analyze_plan": {"Plan": {"Node Type": "Aggregate", "Strategy": "Plain", "Startup Cost": 114987.2, "Total Cost": 114987.21, "Plan Rows": 1, "Plan Width": 145, "Actual Startup Time": 1703.594, "Actual Total Time": 1703.595, "Actual Rows": 1, "Actual Loops": 1, "Plans": [{"Node Type": "Nested Loop", "Parent Relationship": "Outer", "Join Type": "Inner", "Startup Cost": 0.0, "Total Cost": 114987.19, "Plan Rows": 1, "Plan Width": 49, "Actual Startup Time": 697.212, "Actual Total Time": 1703.364, "Actual Rows": 121, "Actual Loops": 1, "Inner Unique": true, "Plans": [{"Node Type": "Nested Loop", "Parent Relationship": "Outer", "Join Type": "Inner", "Startup Cost": 0.0, "Total Cost": 114986.69, "Plan Rows": 1, "Plan Width": 40, "Actual Startup Time": 689.723, "Actual Total Time": 1701.599, "Actual Rows": 341, "Actual Loops": 1, "Inner Unique": true, "Plans": [{"Node Type": "Nested Loop", "Parent Relationship": "Outer", "Join Type": "Inner", "Startup Cost": 0.0, "Total Cost": 114985.67, "Plan Rows": 2, "Plan Width": 28, "Actual Startup Time": 689.707, "Actual Total Time": 1700.005, "Actual Rows": 359, "Actual Loops": 1, "Inner Unique": true, "Plans": [{"Node Type": "Nested Loop", "Parent Relationship": "Outer", "Join Type": "Inner", "Startup Cost": 0.0, "Total Cost": 114984.04, "Plan Rows": 5, "Plan Width": 32, "Actual Startup Time": 689.678, "Actual Total Time": 1697.916, "Actual Rows": 373, "Actual Loops": 1, "Inner Unique": false, "Plans": [{"Node Type": "Nested Loop", "Parent Relationship": "Outer", "Join Type": "Inner", "Startup Cost": 0.0, "Total Cost": 114978.43, "Plan Rows": 13, "Plan Width": 24, "Actual Startup Time": 688.314, "Actual Total Time": 1693.763, "Actual Rows": 425, "Actual Loops": 1, "Inner Unique": false, "Join Filter": "(ci.role_id = rt.id)", "Rows Removed by Join Filter": 0, "Plans": [{"Node Type": "Seq Scan", "Parent Relationship": "Outer", "Relation Name": "role_type", "Alias": "rt", "Startup Cost": 0.0, "Total Cost": 1.15, "Plan Rows": 1, "Plan Width": 4, "Actual Startup Time": 0.039, "Actual Total Time": 0.045, "Actual Rows": 1, "Actual Loops": 1, "Filter": "((role)::text = 'actress'::text)", "Rows Removed by Filter": 11}, {"Node Type": "Nested Loop", "Parent Relationship": "Inner", "Join Type": "Inner", "Startup Cost": 0.0, "Total Cost": 114975.51, "Plan Rows": 141, "Plan Width": 28, "Actual Startup Time": 688.266, "Actual Total Time": 1693.541, "Actual Rows": 425, "Actual Loops": 1, "Inner Unique": false, "Join Filter": "(n.id = ci.person_id)", "Rows Removed by Join Filter": 0, "Plans": [{"Node Type": "Nested Loop", "Parent Relationship": "Outer", "Join Type": "Inner", "Startup Cost": 0.0, "Total Cost": 114700.23, "Plan Rows": 115, "Plan Width": 24, "Actual Startup Time": 673.28, "Actual Total Time": 1644.68, "Actual Rows": 1558, "Actual Loops": 1, "Inner Unique": false, "Plans": [{"Node Type": "Seq Scan", "Parent Relationship": "Outer", "Relation Name": "name", "Alias": "n", "Startup Cost": 0.0, "Total Cost": 113909.35, "Plan Rows": 96, "Plan Width": 4, "Actual Startup Time": 671.583, "Actual Total Time": 1622.951, "Actual Rows": 6768, "Actual Loops": 1, "Filter": "(((name)::text ~~ '%Ang%'::text) AND ((gender)::text = 'f'::text))", "Rows Removed by Filter": 4160722}, {"Node Type": "Index Scan", "Parent Relationship": "Inner", "Scan Direction": "Forward", "Index Name": "person_id_aka_name", "Relation Name": "aka_name", "Alias": "an", "Startup Cost": 0.0, "Total Cost": 8.23, "Plan Rows": 1, "Plan Width": 20, "Actual Startup Time": 16.878, "Actual Total Time": 17.626, "Actual Rows": 1558, "Actual Loops": 6768, "Index Cond": "(person_id = n.id)", "Rows Removed by Index Recheck": 0}]}, {"Node Type": "Index Scan", "Parent Relationship": "Inner", "Scan Direction": "Forward", "Index Name": "person_id_cast_info", "Relation Name": "cast_info", "Alias": "ci", "Startup Cost": 0.0, "Total Cost": 2.38, "Plan Rows": 1, "Plan Width": 16, "Actual Startup Time": 43.065, "Actual Total Time": 47.745, "Actual Rows": 425, "Actual Loops": 1558, "Index Cond": "(person_id = an.person_id)", "Rows Removed by Index Recheck": 0, "Filter": "((note)::text = ANY ('{(voice),\"(voice: Japanese version)\",\"(voice) (uncredited)\",\"(voice: English version)\"}'::text[]))", "Rows Removed by Filter": 69057}]}]}, {"Node Type": "Index Scan", "Parent Relationship": "Inner", "Scan Direction": "Forward", "Index Name": "movie_id_movie_companies", "Relation Name": "movie_companies", "Alias": "mc", "Startup Cost": 0.0, "Total Cost": 0.42, "Plan Rows": 1, "Plan Width": 8, "Actual Startup Time": 2.627, "Actual Total Time": 3.738, "Actual Rows": 373, "Actual Loops": 425, "Index Cond": "(movie_id = ci.movie_id)", "Rows Removed by Index Recheck": 0, "Filter": "((note IS NOT NULL) AND (((note)::text ~~ '%(USA)%'::text) OR ((note)::text ~~ '%(worldwide)%'::text)))", "Rows Removed by Filter": 1538}]}, {"Node Type": "Index Scan", "Parent Relationship": "Inner", "Scan Direction": "Forward", "Index Name": "company_name_pkey", "Relation Name": "company_name", "Alias": "cn", "Startup Cost": 0.0, "Total Cost": 0.32, "Plan Rows": 1, "Plan Width": 4, "Actual Startup Time": 1.71, "Actual Total Time": 1.71, "Actual Rows": 359, "Actual Loops": 373, "Index Cond": "(id = mc.company_id)", "Rows Removed by Index Recheck": 0, "Filter": "((country_code)::text = '[us]'::text)", "Rows Removed by Filter": 14}]}, {"Node Type": "Index Scan", "Parent Relationship": "Inner", "Scan Direction": "Forward", "Index Name": "char_name_pkey", "Relation Name": "char_name", "Alias": "chn", "Startup Cost": 0.0, "Total Cost": 0.5, "Plan Rows": 1, "Plan Width": 20, "Actual Startup Time": 1.241, "Actual Total Time": 1.241, "Actual Rows": 341, "Actual Loops": 359, "Index Cond": "(id = ci.person_role_id)", "Rows Removed by Index Recheck": 0}]}, {"Node Type": "Index Scan", "Parent Relationship": "Inner", "Scan Direction": "Forward", "Index Name": "title_pkey", "Relation Name": "title", "Alias": "t", "Startup Cost": 0.0, "Total Cost": 0.49, "Plan Rows": 1, "Plan Width": 21, "Actual Startup Time": 1.484, "Actual Total Time": 1.484, "Actual Rows": 121, "Actual Loops": 341, "Index Cond": "(id = ci.movie_id)", "Rows Removed by Index Recheck": 0, "Filter": "((production_year >= 2005) AND (production_year <= 2015))", "Rows Removed by Filter": 220}]}]}, "Triggers": [], "Planner Runtime": 8, "Total Runtime": 1704.04, "Unique SQL Id": 3431223514}}, "(1, 117)": {"explain_plan": {"Plan": {"Node Type": "Aggregate", "Strategy": "Plain", "Startup Cost": 198159.35, "Total Cost": 198159.36, "Plan Rows": 1, "Plan Width": 145, "Plans": [{"Node Type": "Nested Loop", "Parent Relationship": "Outer", "Join Type": "Inner", "Startup Cost": 0.0, "Total Cost": 198159.35, "Plan Rows": 1, "Plan Width": 49, "Inner Unique": true, "Plans": [{"Node Type": "Nested Loop", "Parent Relationship": "Outer", "Join Type": "Inner", "Startup Cost": 0.0, "Total Cost": 198158.85, "Plan Rows": 1, "Plan Width": 40, "Inner Unique": true, "Plans": [{"Node Type": "Nested Loop", "Parent Relationship": "Outer", "Join Type": "Inner", "Startup Cost": 0.0, "Total Cost": 198157.83, "Plan Rows": 2, "Plan Width": 28, "Inner Unique": true, "Plans": [{"Node Type": "Nested Loop", "Parent Relationship": "Outer", "Join Type": "Inner", "Startup Cost": 0.0, "Total Cost": 198156.19, "Plan Rows": 5, "Plan Width": 32, "Inner Unique": false, "Plans": [{"Node Type": "Nested Loop", "Parent Relationship": "Outer", "Join Type": "Inner", "Startup Cost": 0.0, "Total Cost": 198150.58, "Plan Rows": 13, "Plan Width": 24, "Inner Unique": false, "Join Filter": "(ci.role_id = rt.id)", "Plans": [{"Node Type": "Index Scan", "Parent Relationship": "Outer", "Scan Direction": "Forward", "Index Name": "role_type_pkey", "Relation Name": "role_type", "Alias": "rt", "Startup Cost": 0.0, "Total Cost": 12.46, "Plan Rows": 1, "Plan Width": 4, "Filter": "((role)::text = 'actress'::text)"}, {"Node Type": "Nested Loop", "Parent Relationship": "Inner", "Join Type": "Inner", "Startup Cost": 0.0, "Total Cost": 198136.36, "Plan Rows": 141, "Plan Width": 28, "Inner Unique": false, "Join Filter": "(n.id = ci.person_id)", "Plans": [{"Node Type": "Nested Loop", "Parent Relationship": "Outer", "Join Type": "Inner", "Startup Cost": 0.0, "Total Cost": 197861.08, "Plan Rows": 115, "Plan Width": 24, "Inner Unique": false, "Plans": [{"Node Type": "Index Scan", "Parent Relationship": "Outer", "Scan Direction": "Forward", "Index Name": "name_pkey", "Relation Name": "name", "Alias": "n", "Startup Cost": 0.0, "Total Cost": 197070.2, "Plan Rows": 96, "Plan Width": 4, "Filter": "(((name)::text ~~ '%Ang%'::text) AND ((gender)::text = 'f'::text))"}, {"Node Type": "Index Scan", "Parent Relationship": "Inner", "Scan Direction": "Forward", "Index Name": "person_id_aka_name", "Relation Name": "aka_name", "Alias": "an", "Startup Cost": 0.0, "Total Cost": 8.23, "Plan Rows": 1, "Plan Width": 20, "Index Cond": "(person_id = n.id)"}]}, {"Node Type": "Index Scan", "Parent Relationship": "Inner", "Scan Direction": "Forward", "Index Name": "person_id_cast_info", "Relation Name": "cast_info", "Alias": "ci", "Startup Cost": 0.0, "Total Cost": 2.38, "Plan Rows": 1, "Plan Width": 16, "Index Cond": "(person_id = an.person_id)", "Filter": "((note)::text = ANY ('{(voice),\"(voice: Japanese version)\",\"(voice) (uncredited)\",\"(voice: English version)\"}'::text[]))"}]}]}, {"Node Type": "Index Scan", "Parent Relationship": "Inner", "Scan Direction": "Forward", "Index Name": "movie_id_movie_companies", "Relation Name": "movie_companies", "Alias": "mc", "Startup Cost": 0.0, "Total Cost": 0.42, "Plan Rows": 1, "Plan Width": 8, "Index Cond": "(movie_id = ci.movie_id)", "Filter": "((note IS NOT NULL) AND (((note)::text ~~ '%(USA)%'::text) OR ((note)::text ~~ '%(worldwide)%'::text)))"}]}, {"Node Type": "Index Scan", "Parent Relationship": "Inner", "Scan Direction": "Forward", "Index Name": "company_name_pkey", "Relation Name": "company_name", "Alias": "cn", "Startup Cost": 0.0, "Total Cost": 0.32, "Plan Rows": 1, "Plan Width": 4, "Index Cond": "(id = mc.company_id)", "Filter": "((country_code)::text = '[us]'::text)"}]}, {"Node Type": "Index Scan", "Parent Relationship": "Inner", "Scan Direction": "Forward", "Index Name": "char_name_pkey", "Relation Name": "char_name", "Alias": "chn", "Startup Cost": 0.0, "Total Cost": 0.5, "Plan Rows": 1, "Plan Width": 20, "Index Cond": "(id = ci.person_role_id)"}]}, {"Node Type": "Index Scan", "Parent Relationship": "Inner", "Scan Direction": "Forward", "Index Name": "title_pkey", "Relation Name": "title", "Alias": "t", "Startup Cost": 0.0, "Total Cost": 0.49, "Plan Rows": 1, "Plan Width": 21, "Index Cond": "(id = ci.movie_id)", "Filter": "((production_year >= 2005) AND (production_year <= 2015))"}]}]}, "Unique SQL Id": 3431223514, "Planner Runtime": 8}, "explain_analyze_plan": null}, "(1, 118)": {"explain_plan": {"Plan": {"Node Type": "Aggregate", "Strategy": "Plain", "Startup Cost": 115407.44, "Total Cost": 115407.45, "Plan Rows": 1, "Plan Width": 145, "Plans": [{"Node Type": "Nested Loop", "Parent Relationship": "Outer", "Join Type": "Inner", "Startup Cost": 6.41, "Total Cost": 115407.43, "Plan Rows": 1, "Plan Width": 49, "Inner Unique": true, "Plans": [{"Node Type": "Nested Loop", "Parent Relationship": "Outer", "Join Type": "Inner", "Startup Cost": 6.11, "Total Cost": 115403.1, "Plan Rows": 1, "Plan Width": 40, "Inner Unique": true, "Plans": [{"Node Type": "Nested Loop", "Parent Relationship": "Outer", "Join Type": "Inner", "Startup Cost": 5.8, "Total Cost": 115394.43, "Plan Rows": 2, "Plan Width": 28, "Inner Unique": true, "Plans": [{"Node Type": "Nested Loop", "Parent Relationship": "Outer", "Join Type": "Inner", "Startup Cost": 5.53, "Total Cost": 115372.99, "Plan Rows": 5, "Plan Width": 32, "Inner Unique": false, "Plans": [{"Node Type": "Nested Loop", "Parent Relationship": "Outer", "Join Type": "Inner", "Startup Cost": 5.22, "Total Cost": 115316.36, "Plan Rows": 13, "Plan Width": 24, "Inner Unique": false, "Join Filter": "(ci.role_id = rt.id)", "Plans": [{"Node Type": "Seq Scan", "Parent Relationship": "Outer", "Relation Name": "role_type", "Alias": "rt", "Startup Cost": 0.0, "Total Cost": 1.15, "Plan Rows": 1, "Plan Width": 4, "Filter": "((role)::text = 'actress'::text)"}, {"Node Type": "Nested Loop", "Parent Relationship": "Inner", "Join Type": "Inner", "Startup Cost": 5.22, "Total Cost": 115313.45, "Plan Rows": 141, "Plan Width": 28, "Inner Unique": false, "Join Filter": "(n.id = ci.person_id)", "Plans": [{"Node Type": "Nested Loop", "Parent Relationship": "Outer", "Join Type": "Inner", "Startup Cost": 4.22, "Total Cost": 114700.25, "Plan Rows": 115, "Plan Width": 24, "Inner Unique": false, "Plans": [{"Node Type": "Seq Scan", "Parent Relationship": "Outer", "Relation Name": "name", "Alias": "n", "Startup Cost": 0.0, "Total Cost": 113909.35, "Plan Rows": 96, "Plan Width": 4, "Filter": "(((name)::text ~~ '%Ang%'::text) AND ((gender)::text = 'f'::text))"}, {"Node Type": "Bitmap Heap Scan", "Parent Relationship": "Inner", "Relation Name": "aka_name", "Alias": "an", "Startup Cost": 4.22, "Total Cost": 8.23, "Plan Rows": 1, "Plan Width": 20, "Recheck Cond": "(person_id = n.id)", "Plans": [{"Node Type": "Bitmap Index Scan", "Parent Relationship": "Outer", "Index Name": "person_id_aka_name", "Startup Cost": 0.0, "Total Cost": 4.22, "Plan Rows": 1, "Plan Width": 0, "Index Cond": "(person_id = n.id)"}]}]}, {"Node Type": "Bitmap Heap Scan", "Parent Relationship": "Inner", "Relation Name": "cast_info", "Alias": "ci", "Startup Cost": 1.0, "Total Cost": 5.32, "Plan Rows": 1, "Plan Width": 16, "Recheck Cond": "(person_id = an.person_id)", "Filter": "((note)::text = ANY ('{(voice),\"(voice: Japanese version)\",\"(voice) (uncredited)\",\"(voice: English version)\"}'::text[]))", "Plans": [{"Node Type": "Bitmap Index Scan", "Parent Relationship": "Outer", "Index Name": "person_id_cast_info", "Startup Cost": 0.0, "Total Cost": 1.0, "Plan Rows": 18, "Plan Width": 0, "Index Cond": "(person_id = an.person_id)"}]}]}]}, {"Node Type": "Bitmap Heap Scan", "Parent Relationship": "Inner", "Relation Name": "movie_companies", "Alias": "mc", "Startup Cost": 0.31, "Total Cost": 4.35, "Plan Rows": 1, "Plan Width": 8, "Recheck Cond": "(movie_id = ci.movie_id)", "Filter": "((note IS NOT NULL) AND (((note)::text ~~ '%(USA)%'::text) OR ((note)::text ~~ '%(worldwide)%'::text)))", "Plans": [{"Node Type": "Bitmap Index Scan", "Parent Relationship": "Outer", "Index Name": "movie_id_movie_companies", "Startup Cost": 0.0, "Total Cost": 0.31, "Plan Rows": 2, "Plan Width": 0, "Index Cond": "(movie_id = ci.movie_id)"}]}]}, {"Node Type": "Bitmap Heap Scan", "Parent Relationship": "Inner", "Relation Name": "company_name", "Alias": "cn", "Startup Cost": 0.26, "Total Cost": 4.28, "Plan Rows": 1, "Plan Width": 4, "Recheck Cond": "(id = mc.company_id)", "Filter": "((country_code)::text = '[us]'::text)", "Plans": [{"Node Type": "Bitmap Index Scan", "Parent Relationship": "Outer", "Index Name": "company_name_pkey", "Startup Cost": 0.0, "Total Cost": 0.26, "Plan Rows": 1, "Plan Width": 0, "Index Cond": "(id = mc.company_id)"}]}]}, {"Node Type": "Bitmap Heap Scan", "Parent Relationship": "Inner", "Relation Name": "char_name", "Alias": "chn", "Startup Cost": 0.31, "Total Cost": 4.33, "Plan Rows": 1, "Plan Width": 20, "Recheck Cond": "(id = ci.person_role_id)", "Plans": [{"Node Type": "Bitmap Index Scan", "Parent Relationship": "Outer", "Index Name": "char_name_pkey", "Startup Cost": 0.0, "Total Cost": 0.31, "Plan Rows": 1, "Plan Width": 0, "Index Cond": "(id = ci.person_role_id)"}]}]}, {"Node Type": "Bitmap Heap Scan", "Parent Relationship": "Inner", "Relation Name": "title", "Alias": "t", "Startup Cost": 0.3, "Total Cost": 4.32, "Plan Rows": 1, "Plan Width": 21, "Recheck Cond": "(id = ci.movie_id)", "Filter": "((production_year >= 2005) AND (production_year <= 2015))", "Plans": [{"Node Type": "Bitmap Index Scan", "Parent Relationship": "Outer", "Index Name": "title_pkey", "Startup Cost": 0.0, "Total Cost": 0.3, "Plan Rows": 1, "Plan Width": 0, "Index Cond": "(id = ci.movie_id)"}]}]}]}, "Unique SQL Id": 3431223514, "Planner Runtime": 11}, "explain_analyze_plan": {"Plan": {"Node Type": "Aggregate", "Strategy": "Plain", "Startup Cost": 115407.44, "Total Cost": 115407.45, "Plan Rows": 1, "Plan Width": 145, "Actual Startup Time": 1730.555, "Actual Total Time": 1730.556, "Actual Rows": 1, "Actual Loops": 1, "Plans": [{"Node Type": "Nested Loop", "Parent Relationship": "Outer", "Join Type": "Inner", "Startup Cost": 6.41, "Total Cost": 115407.43, "Plan Rows": 1, "Plan Width": 49, "Actual Startup Time": 721.589, "Actual Total Time": 1730.287, "Actual Rows": 121, "Actual Loops": 1, "Inner Unique": true, "Plans": [{"Node Type": "Nested Loop", "Parent Relationship": "Outer", "Join Type": "Inner", "Startup Cost": 6.11, "Total Cost": 115403.1, "Plan Rows": 1, "Plan Width": 40, "Actual Startup Time": 713.317, "Actual Total Time": 1728.001, "Actual Rows": 341, "Actual Loops": 1, "Inner Unique": true, "Plans": [{"Node Type": "Nested Loop", "Parent Relationship": "Outer", "Join Type": "Inner", "Startup Cost": 5.8, "Total Cost": 115394.43, "Plan Rows": 2, "Plan Width": 28, "Actual Startup Time": 713.291, "Actual Total Time": 1725.833, "Actual Rows": 359, "Actual Loops": 1, "Inner Unique": true, "Plans": [{"Node Type": "Nested Loop", "Parent Relationship": "Outer", "Join Type": "Inner", "Startup Cost": 5.53, "Total Cost": 115372.99, "Plan Rows": 5, "Plan Width": 32, "Actual Startup Time": 713.271, "Actual Total Time": 1723.265, "Actual Rows": 373, "Actual Loops": 1, "Inner Unique": false, "Plans": [{"Node Type": "Nested Loop", "Parent Relationship": "Outer", "Join Type": "Inner", "Startup Cost": 5.22, "Total Cost": 115316.36, "Plan Rows": 13, "Plan Width": 24, "Actual Startup Time": 711.687, "Actual Total Time": 1717.796, "Actual Rows": 425, "Actual Loops": 1, "Inner Unique": false, "Join Filter": "(ci.role_id = rt.id)", "Rows Removed by Join Filter": 0, "Plans": [{"Node Type": "Seq Scan", "Parent Relationship": "Outer", "Relation Name": "role_type", "Alias": "rt", "Startup Cost": 0.0, "Total Cost": 1.15, "Plan Rows": 1, "Plan Width": 4, "Actual Startup Time": 0.03, "Actual Total Time": 0.037, "Actual Rows": 1, "Actual Loops": 1, "Filter": "((role)::text = 'actress'::text)", "Rows Removed by Filter": 11}, {"Node Type": "Nested Loop", "Parent Relationship": "Inner", "Join Type": "Inner", "Startup Cost": 5.22, "Total Cost": 115313.45, "Plan Rows": 141, "Plan Width": 28, "Actual Startup Time": 711.649, "Actual Total Time": 1717.554, "Actual Rows": 425, "Actual Loops": 1, "Inner Unique": false, "Join Filter": "(n.id = ci.person_id)", "Rows Removed by Join Filter": 0, "Plans": [{"Node Type": "Nested Loop", "Parent Relationship": "Outer", "Join Type": "Inner", "Startup Cost": 4.22, "Total Cost": 114700.25, "Plan Rows": 115, "Plan Width": 24, "Actual Startup Time": 695.408, "Actual Total Time": 1666.951, "Actual Rows": 1558, "Actual Loops": 1, "Inner Unique": false, "Plans": [{"Node Type": "Seq Scan", "Parent Relationship": "Outer", "Relation Name": "name", "Alias": "n", "Startup Cost": 0.0, "Total Cost": 113909.35, "Plan Rows": 96, "Plan Width": 4, "Actual Startup Time": 693.582, "Actual Total Time": 1635.892, "Actual Rows": 6768, "Actual Loops": 1, "Filter": "(((name)::text ~~ '%Ang%'::text) AND ((gender)::text = 'f'::text))", "Rows Removed by Filter": 4160722}, {"Node Type": "Bitmap Heap Scan", "Parent Relationship": "Inner", "Relation Name": "aka_name", "Alias": "an", "Startup Cost": 4.22, "Total Cost": 8.23, "Plan Rows": 1, "Plan Width": 20, "Actual Startup Time": 22.473, "Actual Total Time": 22.949, "Actual Rows": 1558, "Actual Loops": 6768, "Recheck Cond": "(person_id = n.id)", "Rows Removed by Index Recheck": 0, "Exact Heap Blocks": 1014, "Lossy Heap Blocks": 1014, "Plans": [{"Node Type": "Bitmap Index Scan", "Parent Relationship": "Outer", "Index Name": "person_id_aka_name", "Startup Cost": 0.0, "Total Cost": 4.22, "Plan Rows": 1, "Plan Width": 0, "Actual Startup Time": 17.185, "Actual Total Time": 17.185, "Actual Rows": 1558, "Actual Loops": 6768, "Index Cond": "(person_id = n.id)"}]}]}, {"Node Type": "Bitmap Heap Scan", "Parent Relationship": "Inner", "Relation Name": "cast_info", "Alias": "ci", "Startup Cost": 1.0, "Total Cost": 5.32, "Plan Rows": 1, "Plan Width": 16, "Actual Startup Time": 44.951, "Actual Total Time": 48.212, "Actual Rows": 425, "Actual Loops": 1558, "Recheck Cond": "(person_id = an.person_id)", "Rows Removed by Index Recheck": 0, "Filter": "((note)::text = ANY ('{(voice),\"(voice: Japanese version)\",\"(voice) (uncredited)\",\"(voice: English version)\"}'::text[]))", "Rows Removed by Filter": 69057, "Exact Heap Blocks": 2627, "Lossy Heap Blocks": 2627, "Plans": [{"Node Type": "Bitmap Index Scan", "Parent Relationship": "Outer", "Index Name": "person_id_cast_info", "Startup Cost": 0.0, "Total Cost": 1.0, "Plan Rows": 18, "Plan Width": 0, "Actual Startup Time": 14.083, "Actual Total Time": 14.083, "Actual Rows": 69482, "Actual Loops": 1558, "Index Cond": "(person_id = an.person_id)"}]}]}]}, {"Node Type": "Bitmap Heap Scan", "Parent Relationship": "Inner", "Relation Name": "movie_companies", "Alias": "mc", "Startup Cost": 0.31, "Total Cost": 4.35, "Plan Rows": 1, "Plan Width": 8, "Actual Startup Time": 3.792, "Actual Total Time": 4.696, "Actual Rows": 373, "Actual Loops": 425, "Recheck Cond": "(movie_id = ci.movie_id)", "Rows Removed by Index Recheck": 0, "Filter": "((note IS NOT NULL) AND (((note)::text ~~ '%(USA)%'::text) OR ((note)::text ~~ '%(worldwide)%'::text)))", "Rows Removed by Filter": 1538, "Exact Heap Blocks": 580, "Lossy Heap Blocks": 580, "Plans": [{"Node Type": "Bitmap Index Scan", "Parent Relationship": "Outer", "Index Name": "movie_id_movie_companies", "Startup Cost": 0.0, "Total Cost": 0.31, "Plan Rows": 2, "Plan Width": 0, "Actual Startup Time": 1.971, "Actual Total Time": 1.971, "Actual Rows": 1911, "Actual Loops": 425, "Index Cond": "(movie_id = ci.movie_id)"}]}]}, {"Node Type": "Bitmap Heap Scan", "Parent Relationship": "Inner", "Relation Name": "company_name", "Alias": "cn", "Startup Cost": 0.26, "Total Cost": 4.28, "Plan Rows": 1, "Plan Width": 4, "Actual Startup Time": 2.01, "Actual Total Time": 2.01, "Actual Rows": 359, "Actual Loops": 373, "Recheck Cond": "(id = mc.company_id)", "Rows Removed by Index Recheck": 0, "Filter": "((country_code)::text = '[us]'::text)", "Rows Removed by Filter": 14, "Exact Heap Blocks": 373, "Lossy Heap Blocks": 373, "Plans": [{"Node Type": "Bitmap Index Scan", "Parent Relationship": "Outer", "Index Name": "company_name_pkey", "Startup Cost": 0.0, "Total Cost": 0.26, "Plan Rows": 1, "Plan Width": 0, "Actual Startup Time": 1.135, "Actual Total Time": 1.135, "Actual Rows": 373, "Actual Loops": 373, "Index Cond": "(id = mc.company_id)"}]}]}, {"Node Type": "Bitmap Heap Scan", "Parent Relationship": "Inner", "Relation Name": "char_name", "Alias": "chn", "Startup Cost": 0.31, "Total Cost": 4.33, "Plan Rows": 1, "Plan Width": 20, "Actual Startup Time": 1.605, "Actual Total Time": 1.605, "Actual Rows": 341, "Actual Loops": 359, "Recheck Cond": "(id = ci.person_role_id)", "Rows Removed by Index Recheck": 0, "Exact Heap Blocks": 341, "Lossy Heap Blocks": 341, "Plans": [{"Node Type": "Bitmap Index Scan", "Parent Relationship": "Outer", "Index Name": "char_name_pkey", "Startup Cost": 0.0, "Total Cost": 0.31, "Plan Rows": 1, "Plan Width": 0, "Actual Startup Time": 1.039, "Actual Total Time": 1.039, "Actual Rows": 341, "Actual Loops": 359, "Index Cond": "(id = ci.person_role_id)"}]}]}, {"Node Type": "Bitmap Heap Scan", "Parent Relationship": "Inner", "Relation Name": "title", "Alias": "t", "Startup Cost": 0.3, "Total Cost": 4.32, "Plan Rows": 1, "Plan Width": 21, "Actual Startup Time": 1.816, "Actual Total Time": 1.816, "Actual Rows": 121, "Actual Loops": 341, "Recheck Cond": "(id = ci.movie_id)", "Rows Removed by Index Recheck": 0, "Filter": "((production_year >= 2005) AND (production_year <= 2015))", "Rows Removed by Filter": 220, "Exact Heap Blocks": 341, "Lossy Heap Blocks": 341, "Plans": [{"Node Type": "Bitmap Index Scan", "Parent Relationship": "Outer", "Index Name": "title_pkey", "Startup Cost": 0.0, "Total Cost": 0.3, "Plan Rows": 1, "Plan Width": 0, "Actual Startup Time": 1.061, "Actual Total Time": 1.061, "Actual Rows": 341, "Actual Loops": 341, "Index Cond": "(id = ci.movie_id)"}]}]}]}, "Triggers": [], "Planner Runtime": 11, "Total Runtime": 1730.905, "Unique SQL Id": 3431223514}}, "(1, 119)": {"explain_plan": {"Plan": {"Node Type": "Aggregate", "Strategy": "Plain", "Startup Cost": 1000016655188.3, "Total Cost": 1000016655188.31, "Plan Rows": 1, "Plan Width": 145, "Plans": [{"Node Type": "Nested Loop", "Parent Relationship": "Outer", "Join Type": "Inner", "Startup Cost": 10000000002.78, "Total Cost": 1000016655188.3, "Plan Rows": 1, "Plan Width": 49, "Inner Unique": true, "Join Filter": "(ci.person_id = n.id)", "Plans": [{"Node Type": "Nested Loop", "Parent Relationship": "Outer", "Join Type": "Inner", "Startup Cost": 10000000002.45, "Total Cost": 1000016612909.02, "Plan Rows": 9704, "Plan Width": 57, "Inner Unique": true, "Plans": [{"Node Type": "Nested Loop", "Parent Relationship": "Outer", "Join Type": "Inner", "Startup Cost": 10000000002.15, "Total Cost": 1000016578899.44, "Plan Rows": 7855, "Plan Width": 48, "Inner Unique": true, "Plans": [{"Node Type": "Nested Loop", "Parent Relationship": "Outer", "Join Type": "Inner", "Startup Cost": 10000000001.89, "Total Cost": 1000016510409.12, "Plan Rows": 15972, "Plan Width": 52, "Inner Unique": true, "Plans": [{"Node Type": "Nested Loop", "Parent Relationship": "Outer", "Join Type": "Inner", "Startup Cost": 10000000001.57, "Total Cost": 1000016367541.65, "Plan Rows": 32949, "Plan Width": 40, "Inner Unique": false, "Plans": [{"Node Type": "Nested Loop", "Parent Relationship": "Outer", "Join Type": "Inner", "Startup Cost": 10000000001.26, "Total Cost": 1000015972498.77, "Plan Rows": 90685, "Plan Width": 32, "Inner Unique": true, "Plans": [{"Node Type": "Nested Loop", "Parent Relationship": "Outer", "Join Type": "Inner", "Startup Cost": 10000000001.0, "Total Cost": 1000011700317.58, "Plan Rows": 997530, "Plan Width": 36, "Inner Unique": false, "Plans": [{"Node Type": "Index Scan", "Parent Relationship": "Outer", "Scan Direction": "Forward", "Index Name": "person_id_aka_name", "Relation Name": "aka_name", "Alias": "an", "Startup Cost": 10000000000.0, "Total Cost": 1000006896503.43, "Plan Rows": 901342, "Plan Width": 20}, {"Node Type": "Bitmap Heap Scan", "Parent Relationship": "Inner", "Relation Name": "cast_info", "Alias": "ci", "Startup Cost": 1.0, "Total Cost": 5.32, "Plan Rows": 1, "Plan Width": 16, "Recheck Cond": "(person_id = an.person_id)", "Filter": "((note)::text = ANY ('{(voice),\"(voice: Japanese version)\",\"(voice) (uncredited)\",\"(voice: English version)\"}'::text[]))", "Plans": [{"Node Type": "Bitmap Index Scan", "Parent Relationship": "Outer", "Index Name": "person_id_cast_info", "Startup Cost": 0.0, "Total Cost": 1.0, "Plan Rows": 18, "Plan Width": 0, "Index Cond": "(person_id = an.person_id)"}]}]}, {"Node Type": "Bitmap Heap Scan", "Parent Relationship": "Inner", "Relation Name": "role_type", "Alias": "rt", "Startup Cost": 0.26, "Total Cost": 4.27, "Plan Rows": 1, "Plan Width": 4, "Recheck Cond": "(id = ci.role_id)", "Filter": "((role)::text = 'actress'::text)", "Plans": [{"Node Type": "Bitmap Index Scan", "Parent Relationship": "Outer", "Index Name": "role_type_pkey", "Startup Cost": 0.0, "Total Cost": 0.26, "Plan Rows": 1, "Plan Width": 0, "Index Cond": "(id = ci.role_id)"}]}]}, {"Node Type": "Bitmap Heap Scan", "Parent Relationship": "Inner", "Relation Name": "movie_companies", "Alias": "mc", "Startup Cost": 0.31, "Total Cost": 4.35, "Plan Rows": 1, "Plan Width": 8, "Recheck Cond": "(movie_id = ci.movie_id)", "Filter": "((note IS NOT NULL) AND (((note)::text ~~ '%(USA)%'::text) OR ((note)::text ~~ '%(worldwide)%'::text)))", "Plans": [{"Node Type": "Bitmap Index Scan", "Parent Relationship": "Outer", "Index Name": "movie_id_movie_companies", "Startup Cost": 0.0, "Total Cost": 0.31, "Plan Rows": 2, "Plan Width": 0, "Index Cond": "(movie_id = ci.movie_id)"}]}]}, {"Node Type": "Bitmap Heap Scan", "Parent Relationship": "Inner", "Relation Name": "char_name", "Alias": "chn", "Startup Cost": 0.31, "Total Cost": 4.33, "Plan Rows": 1, "Plan Width": 20, "Recheck Cond": "(id = ci.person_role_id)", "Plans": [{"Node Type": "Bitmap Index Scan", "Parent Relationship": "Outer", "Index Name": "char_name_pkey", "Startup Cost": 0.0, "Total Cost": 0.31, "Plan Rows": 1, "Plan Width": 0, "Index Cond": "(id = ci.person_role_id)"}]}]}, {"Node Type": "Bitmap Heap Scan", "Parent Relationship": "Inner", "Relation Name": "company_name", "Alias": "cn", "Startup Cost": 0.26, "Total Cost": 4.28, "Plan Rows": 1, "Plan Width": 4, "Recheck Cond": "(id = mc.company_id)", "Filter": "((country_code)::text = '[us]'::text)", "Plans": [{"Node Type": "Bitmap Index Scan", "Parent Relationship": "Outer", "Index Name": "company_name_pkey", "Startup Cost": 0.0, "Total Cost": 0.26, "Plan Rows": 1, "Plan Width": 0, "Index Cond": "(id = mc.company_id)"}]}]}, {"Node Type": "Bitmap Heap Scan", "Parent Relationship": "Inner", "Relation Name": "title", "Alias": "t", "Startup Cost": 0.3, "Total Cost": 4.32, "Plan Rows": 1, "Plan Width": 21, "Recheck Cond": "(id = ci.movie_id)", "Filter": "((production_year >= 2005) AND (production_year <= 2015))", "Plans": [{"Node Type": "Bitmap Index Scan", "Parent Relationship": "Outer", "Index Name": "title_pkey", "Startup Cost": 0.0, "Total Cost": 0.3, "Plan Rows": 1, "Plan Width": 0, "Index Cond": "(id = ci.movie_id)"}]}]}, {"Node Type": "Bitmap Heap Scan", "Parent Relationship": "Inner", "Relation Name": "name", "Alias": "n", "Startup Cost": 0.33, "Total Cost": 4.34, "Plan Rows": 1, "Plan Width": 4, "Recheck Cond": "(id = an.person_id)", "Filter": "(((name)::text ~~ '%Ang%'::text) AND ((gender)::text = 'f'::text))", "Plans": [{"Node Type": "Bitmap Index Scan", "Parent Relationship": "Outer", "Index Name": "name_pkey", "Startup Cost": 0.0, "Total Cost": 0.33, "Plan Rows": 1, "Plan Width": 0, "Index Cond": "(id = an.person_id)"}]}]}]}, "Unique SQL Id": 3431223514, "Planner Runtime": 7}, "explain_analyze_plan": null}, "(1, 120)": {"explain_plan": {"Plan": {"Node Type": "Aggregate", "Strategy": "Plain", "Startup Cost": 114987.2, "Total Cost": 114987.21, "Plan Rows": 1, "Plan Width": 145, "Plans": [{"Node Type": "Nested Loop", "Parent Relationship": "Outer", "Join Type": "Inner", "Startup Cost": 0.0, "Total Cost": 114987.19, "Plan Rows": 1, "Plan Width": 49, "Inner Unique": true, "Plans": [{"Node Type": "Nested Loop", "Parent Relationship": "Outer", "Join Type": "Inner", "Startup Cost": 0.0, "Total Cost": 114986.69, "Plan Rows": 1, "Plan Width": 40, "Inner Unique": true, "Plans": [{"Node Type": "Nested Loop", "Parent Relationship": "Outer", "Join Type": "Inner", "Startup Cost": 0.0, "Total Cost": 114985.67, "Plan Rows": 2, "Plan Width": 28, "Inner Unique": true, "Plans": [{"Node Type": "Nested Loop", "Parent Relationship": "Outer", "Join Type": "Inner", "Startup Cost": 0.0, "Total Cost": 114984.04, "Plan Rows": 5, "Plan Width": 32, "Inner Unique": false, "Plans": [{"Node Type": "Nested Loop", "Parent Relationship": "Outer", "Join Type": "Inner", "Startup Cost": 0.0, "Total Cost": 114978.43, "Plan Rows": 13, "Plan Width": 24, "Inner Unique": false, "Join Filter": "(ci.role_id = rt.id)", "Plans": [{"Node Type": "Seq Scan", "Parent Relationship": "Outer", "Relation Name": "role_type", "Alias": "rt", "Startup Cost": 0.0, "Total Cost": 1.15, "Plan Rows": 1, "Plan Width": 4, "Filter": "((role)::text = 'actress'::text)"}, {"Node Type": "Nested Loop", "Parent Relationship": "Inner", "Join Type": "Inner", "Startup Cost": 0.0, "Total Cost": 114975.51, "Plan Rows": 141, "Plan Width": 28, "Inner Unique": false, "Join Filter": "(n.id = ci.person_id)", "Plans": [{"Node Type": "Nested Loop", "Parent Relationship": "Outer", "Join Type": "Inner", "Startup Cost": 0.0, "Total Cost": 114700.23, "Plan Rows": 115, "Plan Width": 24, "Inner Unique": false, "Plans": [{"Node Type": "Seq Scan", "Parent Relationship": "Outer", "Relation Name": "name", "Alias": "n", "Startup Cost": 0.0, "Total Cost": 113909.35, "Plan Rows": 96, "Plan Width": 4, "Filter": "(((name)::text ~~ '%Ang%'::text) AND ((gender)::text = 'f'::text))"}, {"Node Type": "Index Scan", "Parent Relationship": "Inner", "Scan Direction": "Forward", "Index Name": "person_id_aka_name", "Relation Name": "aka_name", "Alias": "an", "Startup Cost": 0.0, "Total Cost": 8.23, "Plan Rows": 1, "Plan Width": 20, "Index Cond": "(person_id = n.id)"}]}, {"Node Type": "Index Scan", "Parent Relationship": "Inner", "Scan Direction": "Forward", "Index Name": "person_id_cast_info", "Relation Name": "cast_info", "Alias": "ci", "Startup Cost": 0.0, "Total Cost": 2.38, "Plan Rows": 1, "Plan Width": 16, "Index Cond": "(person_id = an.person_id)", "Filter": "((note)::text = ANY ('{(voice),\"(voice: Japanese version)\",\"(voice) (uncredited)\",\"(voice: English version)\"}'::text[]))"}]}]}, {"Node Type": "Index Scan", "Parent Relationship": "Inner", "Scan Direction": "Forward", "Index Name": "movie_id_movie_companies", "Relation Name": "movie_companies", "Alias": "mc", "Startup Cost": 0.0, "Total Cost": 0.42, "Plan Rows": 1, "Plan Width": 8, "Index Cond": "(movie_id = ci.movie_id)", "Filter": "((note IS NOT NULL) AND (((note)::text ~~ '%(USA)%'::text) OR ((note)::text ~~ '%(worldwide)%'::text)))"}]}, {"Node Type": "Index Scan", "Parent Relationship": "Inner", "Scan Direction": "Forward", "Index Name": "company_name_pkey", "Relation Name": "company_name", "Alias": "cn", "Startup Cost": 0.0, "Total Cost": 0.32, "Plan Rows": 1, "Plan Width": 4, "Index Cond": "(id = mc.company_id)", "Filter": "((country_code)::text = '[us]'::text)"}]}, {"Node Type": "Index Scan", "Parent Relationship": "Inner", "Scan Direction": "Forward", "Index Name": "char_name_pkey", "Relation Name": "char_name", "Alias": "chn", "Startup Cost": 0.0, "Total Cost": 0.5, "Plan Rows": 1, "Plan Width": 20, "Index Cond": "(id = ci.person_role_id)"}]}, {"Node Type": "Index Scan", "Parent Relationship": "Inner", "Scan Direction": "Forward", "Index Name": "title_pkey", "Relation Name": "title", "Alias": "t", "Startup Cost": 0.0, "Total Cost": 0.49, "Plan Rows": 1, "Plan Width": 21, "Index Cond": "(id = ci.movie_id)", "Filter": "((production_year >= 2005) AND (production_year <= 2015))"}]}]}, "Unique SQL Id": 3431223514, "Planner Runtime": 8}, "explain_analyze_plan": {"Plan": {"Node Type": "Aggregate", "Strategy": "Plain", "Startup Cost": 114987.2, "Total Cost": 114987.21, "Plan Rows": 1, "Plan Width": 145, "Actual Startup Time": 1703.594, "Actual Total Time": 1703.595, "Actual Rows": 1, "Actual Loops": 1, "Plans": [{"Node Type": "Nested Loop", "Parent Relationship": "Outer", "Join Type": "Inner", "Startup Cost": 0.0, "Total Cost": 114987.19, "Plan Rows": 1, "Plan Width": 49, "Actual Startup Time": 697.212, "Actual Total Time": 1703.364, "Actual Rows": 121, "Actual Loops": 1, "Inner Unique": true, "Plans": [{"Node Type": "Nested Loop", "Parent Relationship": "Outer", "Join Type": "Inner", "Startup Cost": 0.0, "Total Cost": 114986.69, "Plan Rows": 1, "Plan Width": 40, "Actual Startup Time": 689.723, "Actual Total Time": 1701.599, "Actual Rows": 341, "Actual Loops": 1, "Inner Unique": true, "Plans": [{"Node Type": "Nested Loop", "Parent Relationship": "Outer", "Join Type": "Inner", "Startup Cost": 0.0, "Total Cost": 114985.67, "Plan Rows": 2, "Plan Width": 28, "Actual Startup Time": 689.707, "Actual Total Time": 1700.005, "Actual Rows": 359, "Actual Loops": 1, "Inner Unique": true, "Plans": [{"Node Type": "Nested Loop", "Parent Relationship": "Outer", "Join Type": "Inner", "Startup Cost": 0.0, "Total Cost": 114984.04, "Plan Rows": 5, "Plan Width": 32, "Actual Startup Time": 689.678, "Actual Total Time": 1697.916, "Actual Rows": 373, "Actual Loops": 1, "Inner Unique": false, "Plans": [{"Node Type": "Nested Loop", "Parent Relationship": "Outer", "Join Type": "Inner", "Startup Cost": 0.0, "Total Cost": 114978.43, "Plan Rows": 13, "Plan Width": 24, "Actual Startup Time": 688.314, "Actual Total Time": 1693.763, "Actual Rows": 425, "Actual Loops": 1, "Inner Unique": false, "Join Filter": "(ci.role_id = rt.id)", "Rows Removed by Join Filter": 0, "Plans": [{"Node Type": "Seq Scan", "Parent Relationship": "Outer", "Relation Name": "role_type", "Alias": "rt", "Startup Cost": 0.0, "Total Cost": 1.15, "Plan Rows": 1, "Plan Width": 4, "Actual Startup Time": 0.039, "Actual Total Time": 0.045, "Actual Rows": 1, "Actual Loops": 1, "Filter": "((role)::text = 'actress'::text)", "Rows Removed by Filter": 11}, {"Node Type": "Nested Loop", "Parent Relationship": "Inner", "Join Type": "Inner", "Startup Cost": 0.0, "Total Cost": 114975.51, "Plan Rows": 141, "Plan Width": 28, "Actual Startup Time": 688.266, "Actual Total Time": 1693.541, "Actual Rows": 425, "Actual Loops": 1, "Inner Unique": false, "Join Filter": "(n.id = ci.person_id)", "Rows Removed by Join Filter": 0, "Plans": [{"Node Type": "Nested Loop", "Parent Relationship": "Outer", "Join Type": "Inner", "Startup Cost": 0.0, "Total Cost": 114700.23, "Plan Rows": 115, "Plan Width": 24, "Actual Startup Time": 673.28, "Actual Total Time": 1644.68, "Actual Rows": 1558, "Actual Loops": 1, "Inner Unique": false, "Plans": [{"Node Type": "Seq Scan", "Parent Relationship": "Outer", "Relation Name": "name", "Alias": "n", "Startup Cost": 0.0, "Total Cost": 113909.35, "Plan Rows": 96, "Plan Width": 4, "Actual Startup Time": 671.583, "Actual Total Time": 1622.951, "Actual Rows": 6768, "Actual Loops": 1, "Filter": "(((name)::text ~~ '%Ang%'::text) AND ((gender)::text = 'f'::text))", "Rows Removed by Filter": 4160722}, {"Node Type": "Index Scan", "Parent Relationship": "Inner", "Scan Direction": "Forward", "Index Name": "person_id_aka_name", "Relation Name": "aka_name", "Alias": "an", "Startup Cost": 0.0, "Total Cost": 8.23, "Plan Rows": 1, "Plan Width": 20, "Actual Startup Time": 16.878, "Actual Total Time": 17.626, "Actual Rows": 1558, "Actual Loops": 6768, "Index Cond": "(person_id = n.id)", "Rows Removed by Index Recheck": 0}]}, {"Node Type": "Index Scan", "Parent Relationship": "Inner", "Scan Direction": "Forward", "Index Name": "person_id_cast_info", "Relation Name": "cast_info", "Alias": "ci", "Startup Cost": 0.0, "Total Cost": 2.38, "Plan Rows": 1, "Plan Width": 16, "Actual Startup Time": 43.065, "Actual Total Time": 47.745, "Actual Rows": 425, "Actual Loops": 1558, "Index Cond": "(person_id = an.person_id)", "Rows Removed by Index Recheck": 0, "Filter": "((note)::text = ANY ('{(voice),\"(voice: Japanese version)\",\"(voice) (uncredited)\",\"(voice: English version)\"}'::text[]))", "Rows Removed by Filter": 69057}]}]}, {"Node Type": "Index Scan", "Parent Relationship": "Inner", "Scan Direction": "Forward", "Index Name": "movie_id_movie_companies", "Relation Name": "movie_companies", "Alias": "mc", "Startup Cost": 0.0, "Total Cost": 0.42, "Plan Rows": 1, "Plan Width": 8, "Actual Startup Time": 2.627, "Actual Total Time": 3.738, "Actual Rows": 373, "Actual Loops": 425, "Index Cond": "(movie_id = ci.movie_id)", "Rows Removed by Index Recheck": 0, "Filter": "((note IS NOT NULL) AND (((note)::text ~~ '%(USA)%'::text) OR ((note)::text ~~ '%(worldwide)%'::text)))", "Rows Removed by Filter": 1538}]}, {"Node Type": "Index Scan", "Parent Relationship": "Inner", "Scan Direction": "Forward", "Index Name": "company_name_pkey", "Relation Name": "company_name", "Alias": "cn", "Startup Cost": 0.0, "Total Cost": 0.32, "Plan Rows": 1, "Plan Width": 4, "Actual Startup Time": 1.71, "Actual Total Time": 1.71, "Actual Rows": 359, "Actual Loops": 373, "Index Cond": "(id = mc.company_id)", "Rows Removed by Index Recheck": 0, "Filter": "((country_code)::text = '[us]'::text)", "Rows Removed by Filter": 14}]}, {"Node Type": "Index Scan", "Parent Relationship": "Inner", "Scan Direction": "Forward", "Index Name": "char_name_pkey", "Relation Name": "char_name", "Alias": "chn", "Startup Cost": 0.0, "Total Cost": 0.5, "Plan Rows": 1, "Plan Width": 20, "Actual Startup Time": 1.241, "Actual Total Time": 1.241, "Actual Rows": 341, "Actual Loops": 359, "Index Cond": "(id = ci.person_role_id)", "Rows Removed by Index Recheck": 0}]}, {"Node Type": "Index Scan", "Parent Relationship": "Inner", "Scan Direction": "Forward", "Index Name": "title_pkey", "Relation Name": "title", "Alias": "t", "Startup Cost": 0.0, "Total Cost": 0.49, "Plan Rows": 1, "Plan Width": 21, "Actual Startup Time": 1.484, "Actual Total Time": 1.484, "Actual Rows": 121, "Actual Loops": 341, "Index Cond": "(id = ci.movie_id)", "Rows Removed by Index Recheck": 0, "Filter": "((production_year >= 2005) AND (production_year <= 2015))", "Rows Removed by Filter": 220}]}]}, "Triggers": [], "Planner Runtime": 8, "Total Runtime": 1704.04, "Unique SQL Id": 3431223514}}, "(1, 121)": {"explain_plan": {"Plan": {"Node Type": "Aggregate", "Strategy": "Plain", "Startup Cost": 198159.35, "Total Cost": 198159.36, "Plan Rows": 1, "Plan Width": 145, "Plans": [{"Node Type": "Nested Loop", "Parent Relationship": "Outer", "Join Type": "Inner", "Startup Cost": 0.0, "Total Cost": 198159.35, "Plan Rows": 1, "Plan Width": 49, "Inner Unique": true, "Plans": [{"Node Type": "Nested Loop", "Parent Relationship": "Outer", "Join Type": "Inner", "Startup Cost": 0.0, "Total Cost": 198158.85, "Plan Rows": 1, "Plan Width": 40, "Inner Unique": true, "Plans": [{"Node Type": "Nested Loop", "Parent Relationship": "Outer", "Join Type": "Inner", "Startup Cost": 0.0, "Total Cost": 198157.83, "Plan Rows": 2, "Plan Width": 28, "Inner Unique": true, "Plans": [{"Node Type": "Nested Loop", "Parent Relationship": "Outer", "Join Type": "Inner", "Startup Cost": 0.0, "Total Cost": 198156.19, "Plan Rows": 5, "Plan Width": 32, "Inner Unique": false, "Plans": [{"Node Type": "Nested Loop", "Parent Relationship": "Outer", "Join Type": "Inner", "Startup Cost": 0.0, "Total Cost": 198150.58, "Plan Rows": 13, "Plan Width": 24, "Inner Unique": false, "Join Filter": "(ci.role_id = rt.id)", "Plans": [{"Node Type": "Index Scan", "Parent Relationship": "Outer", "Scan Direction": "Forward", "Index Name": "role_type_pkey", "Relation Name": "role_type", "Alias": "rt", "Startup Cost": 0.0, "Total Cost": 12.46, "Plan Rows": 1, "Plan Width": 4, "Filter": "((role)::text = 'actress'::text)"}, {"Node Type": "Nested Loop", "Parent Relationship": "Inner", "Join Type": "Inner", "Startup Cost": 0.0, "Total Cost": 198136.36, "Plan Rows": 141, "Plan Width": 28, "Inner Unique": false, "Join Filter": "(n.id = ci.person_id)", "Plans": [{"Node Type": "Nested Loop", "Parent Relationship": "Outer", "Join Type": "Inner", "Startup Cost": 0.0, "Total Cost": 197861.08, "Plan Rows": 115, "Plan Width": 24, "Inner Unique": false, "Plans": [{"Node Type": "Index Scan", "Parent Relationship": "Outer", "Scan Direction": "Forward", "Index Name": "name_pkey", "Relation Name": "name", "Alias": "n", "Startup Cost": 0.0, "Total Cost": 197070.2, "Plan Rows": 96, "Plan Width": 4, "Filter": "(((name)::text ~~ '%Ang%'::text) AND ((gender)::text = 'f'::text))"}, {"Node Type": "Index Scan", "Parent Relationship": "Inner", "Scan Direction": "Forward", "Index Name": "person_id_aka_name", "Relation Name": "aka_name", "Alias": "an", "Startup Cost": 0.0, "Total Cost": 8.23, "Plan Rows": 1, "Plan Width": 20, "Index Cond": "(person_id = n.id)"}]}, {"Node Type": "Index Scan", "Parent Relationship": "Inner", "Scan Direction": "Forward", "Index Name": "person_id_cast_info", "Relation Name": "cast_info", "Alias": "ci", "Startup Cost": 0.0, "Total Cost": 2.38, "Plan Rows": 1, "Plan Width": 16, "Index Cond": "(person_id = an.person_id)", "Filter": "((note)::text = ANY ('{(voice),\"(voice: Japanese version)\",\"(voice) (uncredited)\",\"(voice: English version)\"}'::text[]))"}]}]}, {"Node Type": "Index Scan", "Parent Relationship": "Inner", "Scan Direction": "Forward", "Index Name": "movie_id_movie_companies", "Relation Name": "movie_companies", "Alias": "mc", "Startup Cost": 0.0, "Total Cost": 0.42, "Plan Rows": 1, "Plan Width": 8, "Index Cond": "(movie_id = ci.movie_id)", "Filter": "((note IS NOT NULL) AND (((note)::text ~~ '%(USA)%'::text) OR ((note)::text ~~ '%(worldwide)%'::text)))"}]}, {"Node Type": "Index Scan", "Parent Relationship": "Inner", "Scan Direction": "Forward", "Index Name": "company_name_pkey", "Relation Name": "company_name", "Alias": "cn", "Startup Cost": 0.0, "Total Cost": 0.32, "Plan Rows": 1, "Plan Width": 4, "Index Cond": "(id = mc.company_id)", "Filter": "((country_code)::text = '[us]'::text)"}]}, {"Node Type": "Index Scan", "Parent Relationship": "Inner", "Scan Direction": "Forward", "Index Name": "char_name_pkey", "Relation Name": "char_name", "Alias": "chn", "Startup Cost": 0.0, "Total Cost": 0.5, "Plan Rows": 1, "Plan Width": 20, "Index Cond": "(id = ci.person_role_id)"}]}, {"Node Type": "Index Scan", "Parent Relationship": "Inner", "Scan Direction": "Forward", "Index Name": "title_pkey", "Relation Name": "title", "Alias": "t", "Startup Cost": 0.0, "Total Cost": 0.49, "Plan Rows": 1, "Plan Width": 21, "Index Cond": "(id = ci.movie_id)", "Filter": "((production_year >= 2005) AND (production_year <= 2015))"}]}]}, "Unique SQL Id": 3431223514, "Planner Runtime": 8}, "explain_analyze_plan": null}, "(1, 122)": {"explain_plan": {"Plan": {"Node Type": "Aggregate", "Strategy": "Plain", "Startup Cost": 1410917.35, "Total Cost": 1410917.36, "Plan Rows": 1, "Plan Width": 145, "Plans": [{"Node Type": "Nested Loop", "Parent Relationship": "Outer", "Join Type": "Inner", "Startup Cost": 324.95, "Total Cost": 1410917.34, "Plan Rows": 1, "Plan Width": 49, "Inner Unique": true, "Join Filter": "(ci.movie_id = t.id)", "Plans": [{"Node Type": "Nested Loop", "Parent Relationship": "Outer", "Join Type": "Inner", "Startup Cost": 0.0, "Total Cost": 1324341.37, "Plan Rows": 1, "Plan Width": 40, "Inner Unique": false, "Join Filter": "(n.id = an.person_id)", "Plans": [{"Node Type": "Nested Loop", "Parent Relationship": "Outer", "Join Type": "Inner", "Startup Cost": 0.0, "Total Cost": 1293166.18, "Plan Rows": 1, "Plan Width": 32, "Inner Unique": false, "Join Filter": "(ci.person_role_id = chn.id)", "Plans": [{"Node Type": "Seq Scan", "Parent Relationship": "Outer", "Relation Name": "char_name", "Alias": "chn", "Startup Cost": 0.0, "Total Cost": 67493.38, "Plan Rows": 3140338, "Plan Width": 20}, {"Node Type": "Materialize", "Parent Relationship": "Inner", "Startup Cost": 0.0, "Total Cost": 1131462.66, "Plan Rows": 2, "Plan Width": 20, "Plans": [{"Node Type": "Nested Loop", "Parent Relationship": "Outer", "Join Type": "Inner", "Startup Cost": 0.0, "Total Cost": 1131462.65, "Plan Rows": 2, "Plan Width": 20, "Inner Unique": false, "Join Filter": "(mc.company_id = cn.id)", "Plans": [{"Node Type": "Seq Scan", "Parent Relationship": "Outer", "Relation Name": "company_name", "Alias": "cn", "Startup Cost": 0.0, "Total Cost": 5903.45, "Plan Rows": 85170, "Plan Width": 4, "Filter": "((country_code)::text = '[us]'::text)"}, {"Node Type": "Materialize", "Parent Relationship": "Inner", "Startup Cost": 0.0, "Total Cost": 1120449.01, "Plan Rows": 4, "Plan Width": 24, "Plans": [{"Node Type": "Nested Loop", "Parent Relationship": "Outer", "Join Type": "Inner", "Startup Cost": 0.0, "Total Cost": 1120448.99, "Plan Rows": 4, "Plan Width": 24, "Inner Unique": false, "Join Filter": "(ci.movie_id = mc.movie_id)", "Plans": [{"Node Type": "Seq Scan", "Parent Relationship": "Outer", "Relation Name": "movie_companies", "Alias": "mc", "Startup Cost": 0.0, "Total Cost": 54862.92, "Plan Rows": 297072, "Plan Width": 8, "Filter": "((note IS NOT NULL) AND (((note)::text ~~ '%(USA)%'::text) OR ((note)::text ~~ '%(worldwide)%'::text))), (LLVM Optimized)"}, {"Node Type": "Materialize", "Parent Relationship": "Inner", "Startup Cost": 0.0, "Total Cost": 1016569.22, "Plan Rows": 11, "Plan Width": 16, "Plans": [{"Node Type": "Nested Loop", "Parent Relationship": "Outer", "Join Type": "Inner", "Startup Cost": 0.0, "Total Cost": 1016569.17, "Plan Rows": 11, "Plan Width": 16, "Inner Unique": true, "Join Filter": "(ci.person_id = n.id)", "Plans": [{"Node Type": "Nested Loop", "Parent Relationship": "Outer", "Join Type": "Inner", "Startup Cost": 0.0, "Total Cost": 793591.1, "Plan Rows": 75742, "Plan Width": 12, "Inner Unique": false, "Join Filter": "(ci.role_id = rt.id)", "Plans": [{"Node Type": "Seq Scan", "Parent Relationship": "Outer", "Relation Name": "role_type", "Alias": "rt", "Startup Cost": 0.0, "Total Cost": 1.15, "Plan Rows": 1, "Plan Width": 4, "Filter": "((role)::text = 'actress'::text)"}, {"Node Type": "Seq Scan", "Parent Relationship": "Inner", "Relation Name": "cast_info", "Alias": "ci", "Startup Cost": 0.0, "Total Cost": 783175.41, "Plan Rows": 833163, "Plan Width": 16, "Filter": "((note)::text = ANY ('{(voice),\"(voice: Japanese version)\",\"(voice) (uncredited)\",\"(voice: English version)\"}'::text[]))"}]}, {"Node Type": "Materialize", "Parent Relationship": "Inner", "Startup Cost": 0.0, "Total Cost": 113909.83, "Plan Rows": 96, "Plan Width": 4, "Plans": [{"Node Type": "Seq Scan", "Parent Relationship": "Outer", "Relation Name": "name", "Alias": "n", "Startup Cost": 0.0, "Total Cost": 113909.35, "Plan Rows": 96, "Plan Width": 4, "Filter": "(((name)::text ~~ '%Ang%'::text) AND ((gender)::text = 'f'::text))"}]}]}]}]}]}]}]}]}, {"Node Type": "Seq Scan", "Parent Relationship": "Inner", "Relation Name": "aka_name", "Alias": "an", "Startup Cost": 0.0, "Total Cost": 19908.42, "Plan Rows": 901342, "Plan Width": 20}]}, {"Node Type": "Seq Scan", "Parent Relationship": "Inner", "Relation Name": "title", "Alias": "t", "Startup Cost": 324.95, "Total Cost": 72710.67, "Plan Rows": 1109224, "Plan Width": 21, "Filter": "((production_year >= 2005) AND (production_year <= 2015)), (LLVM Optimized)"}]}]}, "Unique SQL Id": 3431223514, "Planner Runtime": 8}, "explain_analyze_plan": null}, "(1, 123)": {"explain_plan": {"Plan": {"Node Type": "Aggregate", "Strategy": "Plain", "Startup Cost": 8000201060142.55, "Total Cost": 8000201060142.56, "Plan Rows": 1, "Plan Width": 145, "Plans": [{"Node Type": "Nested Loop", "Parent Relationship": "Outer", "Join Type": "Inner", "Startup Cost": 80000000000.0, "Total Cost": 8000201060142.54, "Plan Rows": 1, "Plan Width": 49, "Inner Unique": false, "Join Filter": "(n.id = an.person_id)", "Plans": [{"Node Type": "Nested Loop", "Parent Relationship": "Outer", "Join Type": "Inner", "Startup Cost": 70000000000.0, "Total Cost": 7000201060108.87, "Plan Rows": 1, "Plan Width": 41, "Inner Unique": true, "Plans": [{"Node Type": "Nested Loop", "Parent Relationship": "Outer", "Join Type": "Inner", "Startup Cost": 60000000000.0, "Total Cost": 6000201060060.22, "Plan Rows": 1, "Plan Width": 32, "Inner Unique": true, "Join Filter": "(ci.person_role_id = chn.id)", "Plans": [{"Node Type": "Nested Loop", "Parent Relationship": "Outer", "Join Type": "Inner", "Startup Cost": 50000000000.0, "Total Cost": 5000187970453.73, "Plan Rows": 2, "Plan Width": 20, "Inner Unique": true, "Join Filter": "(mc.company_id = cn.id)", "Plans": [{"Node Type": "Nested Loop", "Parent Relationship": "Outer", "Join Type": "Inner", "Startup Cost": 40000000000.0, "Total Cost": 4000186914991.63, "Plan Rows": 4, "Plan Width": 24, "Inner Unique": false, "Join Filter": "(ci.movie_id = mc.movie_id)", "Plans": [{"Node Type": "Nested Loop", "Parent Relationship": "Outer", "Join Type": "Inner", "Startup Cost": 30000000000.0, "Total Cost": 3000173193318.09, "Plan Rows": 11, "Plan Width": 16, "Inner Unique": true, "Join Filter": "(ci.role_id = rt.id)", "Plans": [{"Node Type": "Nested Loop", "Parent Relationship": "Outer", "Join Type": "Inner", "Startup Cost": 20000000000.0, "Total Cost": 2000173192070.33, "Plan Rows": 117, "Plan Width": 20, "Inner Unique": false, "Join Filter": "(ci.person_id = n.id)", "Plans": [{"Node Type": "Index Scan", "Parent Relationship": "Outer", "Scan Direction": "Forward", "Index Name": "name_pkey", "Relation Name": "name", "Alias": "n", "Startup Cost": 10000000000.0, "Total Cost": 1000019707019.7, "Plan Rows": 96, "Plan Width": 4, "Filter": "(((name)::text ~~ '%Ang%'::text) AND ((gender)::text = 'f'::text))"}, {"Node Type": "Materialize", "Parent Relationship": "Inner", "Startup Cost": 10000000000.0, "Total Cost": 1000152287378.81, "Plan Rows": 833163, "Plan Width": 16, "Plans": [{"Node Type": "Index Scan", "Parent Relationship": "Outer", "Scan Direction": "Forward", "Index Name": "role_id_cast_info", "Relation Name": "cast_info", "Alias": "ci", "Startup Cost": 10000000000.0, "Total Cost": 1000152283213.0, "Plan Rows": 833163, "Plan Width": 16, "Filter": "((note)::text = ANY ('{(voice),\"(voice: Japanese version)\",\"(voice) (uncredited)\",\"(voice: English version)\"}'::text[]))"}]}]}, {"Node Type": "Materialize", "Parent Relationship": "Inner", "Startup Cost": 10000000000.0, "Total Cost": 1000000001246.0, "Plan Rows": 1, "Plan Width": 4, "Plans": [{"Node Type": "Index Scan", "Parent Relationship": "Outer", "Scan Direction": "Forward", "Index Name": "role_type_pkey", "Relation Name": "role_type", "Alias": "rt", "Startup Cost": 10000000000.0, "Total Cost": 1000000001246.0, "Plan Rows": 1, "Plan Width": 4, "Filter": "((role)::text = 'actress'::text)"}]}]}, {"Node Type": "Materialize", "Parent Relationship": "Inner", "Startup Cost": 10000000000.0, "Total Cost": 1000013673399.34, "Plan Rows": 297072, "Plan Width": 8, "Plans": [{"Node Type": "Index Scan", "Parent Relationship": "Outer", "Scan Direction": "Forward", "Index Name": "company_id_movie_companies", "Relation Name": "movie_companies", "Alias": "mc", "Startup Cost": 10000000000.0, "Total Cost": 1000013671913.98, "Plan Rows": 297072, "Plan Width": 8, "Filter": "((note IS NOT NULL) AND (((note)::text ~~ '%(USA)%'::text) OR ((note)::text ~~ '%(worldwide)%'::text))), (LLVM Optimized)"}]}]}, {"Node Type": "Materialize", "Parent Relationship": "Inner", "Startup Cost": 10000000000.0, "Total Cost": 1000001050564.82, "Plan Rows": 85170, "Plan Width": 4, "Plans": [{"Node Type": "Index Scan", "Parent Relationship": "Outer", "Scan Direction": "Forward", "Index Name": "company_name_pkey", "Relation Name": "company_name", "Alias": "cn", "Startup Cost": 10000000000.0, "Total Cost": 1000001050138.97, "Plan Rows": 85170, "Plan Width": 4, "Filter": "((country_code)::text = '[us]'::text)"}]}]}, {"Node Type": "Materialize", "Parent Relationship": "Inner", "Startup Cost": 10000000000.0, "Total Cost": 1000013003247.2, "Plan Rows": 3140338, "Plan Width": 20, "Plans": [{"Node Type": "Index Scan", "Parent Relationship": "Outer", "Scan Direction": "Forward", "Index Name": "char_name_pkey", "Relation Name": "char_name", "Alias": "chn", "Startup Cost": 10000000000.0, "Total Cost": 1000012987545.51, "Plan Rows": 3140338, "Plan Width": 20}]}]}, {"Node Type": "Index Scan", "Parent Relationship": "Inner", "Scan Direction": "Forward", "Index Name": "title_pkey", "Relation Name": "title", "Alias": "t", "Startup Cost": 10000000000.0, "Total Cost": 1000000000048.64, "Plan Rows": 1, "Plan Width": 21, "Index Cond": "(id = ci.movie_id)", "Filter": "((production_year >= 2005) AND (production_year <= 2015))"}]}, {"Node Type": "Index Scan", "Parent Relationship": "Inner", "Scan Direction": "Forward", "Index Name": "person_id_aka_name", "Relation Name": "aka_name", "Alias": "an", "Startup Cost": 10000000000.0, "Total Cost": 1000000000033.66, "Plan Rows": 1, "Plan Width": 20, "Index Cond": "(person_id = ci.person_id)"}]}]}, "Unique SQL Id": 3431223514, "Planner Runtime": 8}, "explain_analyze_plan": null}, "(1, 124)": {"explain_plan": {"Plan": {"Node Type": "Aggregate", "Strategy": "Plain", "Startup Cost": 114987.2, "Total Cost": 114987.21, "Plan Rows": 1, "Plan Width": 145, "Plans": [{"Node Type": "Nested Loop", "Parent Relationship": "Outer", "Join Type": "Inner", "Startup Cost": 0.0, "Total Cost": 114987.19, "Plan Rows": 1, "Plan Width": 49, "Inner Unique": true, "Plans": [{"Node Type": "Nested Loop", "Parent Relationship": "Outer", "Join Type": "Inner", "Startup Cost": 0.0, "Total Cost": 114986.69, "Plan Rows": 1, "Plan Width": 40, "Inner Unique": true, "Plans": [{"Node Type": "Nested Loop", "Parent Relationship": "Outer", "Join Type": "Inner", "Startup Cost": 0.0, "Total Cost": 114985.67, "Plan Rows": 2, "Plan Width": 28, "Inner Unique": true, "Plans": [{"Node Type": "Nested Loop", "Parent Relationship": "Outer", "Join Type": "Inner", "Startup Cost": 0.0, "Total Cost": 114984.04, "Plan Rows": 5, "Plan Width": 32, "Inner Unique": false, "Plans": [{"Node Type": "Nested Loop", "Parent Relationship": "Outer", "Join Type": "Inner", "Startup Cost": 0.0, "Total Cost": 114978.43, "Plan Rows": 13, "Plan Width": 24, "Inner Unique": false, "Join Filter": "(ci.role_id = rt.id)", "Plans": [{"Node Type": "Seq Scan", "Parent Relationship": "Outer", "Relation Name": "role_type", "Alias": "rt", "Startup Cost": 0.0, "Total Cost": 1.15, "Plan Rows": 1, "Plan Width": 4, "Filter": "((role)::text = 'actress'::text)"}, {"Node Type": "Nested Loop", "Parent Relationship": "Inner", "Join Type": "Inner", "Startup Cost": 0.0, "Total Cost": 114975.51, "Plan Rows": 141, "Plan Width": 28, "Inner Unique": false, "Join Filter": "(n.id = ci.person_id)", "Plans": [{"Node Type": "Nested Loop", "Parent Relationship": "Outer", "Join Type": "Inner", "Startup Cost": 0.0, "Total Cost": 114700.23, "Plan Rows": 115, "Plan Width": 24, "Inner Unique": false, "Plans": [{"Node Type": "Seq Scan", "Parent Relationship": "Outer", "Relation Name": "name", "Alias": "n", "Startup Cost": 0.0, "Total Cost": 113909.35, "Plan Rows": 96, "Plan Width": 4, "Filter": "(((name)::text ~~ '%Ang%'::text) AND ((gender)::text = 'f'::text))"}, {"Node Type": "Index Scan", "Parent Relationship": "Inner", "Scan Direction": "Forward", "Index Name": "person_id_aka_name", "Relation Name": "aka_name", "Alias": "an", "Startup Cost": 0.0, "Total Cost": 8.23, "Plan Rows": 1, "Plan Width": 20, "Index Cond": "(person_id = n.id)"}]}, {"Node Type": "Index Scan", "Parent Relationship": "Inner", "Scan Direction": "Forward", "Index Name": "person_id_cast_info", "Relation Name": "cast_info", "Alias": "ci", "Startup Cost": 0.0, "Total Cost": 2.38, "Plan Rows": 1, "Plan Width": 16, "Index Cond": "(person_id = an.person_id)", "Filter": "((note)::text = ANY ('{(voice),\"(voice: Japanese version)\",\"(voice) (uncredited)\",\"(voice: English version)\"}'::text[]))"}]}]}, {"Node Type": "Index Scan", "Parent Relationship": "Inner", "Scan Direction": "Forward", "Index Name": "movie_id_movie_companies", "Relation Name": "movie_companies", "Alias": "mc", "Startup Cost": 0.0, "Total Cost": 0.42, "Plan Rows": 1, "Plan Width": 8, "Index Cond": "(movie_id = ci.movie_id)", "Filter": "((note IS NOT NULL) AND (((note)::text ~~ '%(USA)%'::text) OR ((note)::text ~~ '%(worldwide)%'::text)))"}]}, {"Node Type": "Index Scan", "Parent Relationship": "Inner", "Scan Direction": "Forward", "Index Name": "company_name_pkey", "Relation Name": "company_name", "Alias": "cn", "Startup Cost": 0.0, "Total Cost": 0.32, "Plan Rows": 1, "Plan Width": 4, "Index Cond": "(id = mc.company_id)", "Filter": "((country_code)::text = '[us]'::text)"}]}, {"Node Type": "Index Scan", "Parent Relationship": "Inner", "Scan Direction": "Forward", "Index Name": "char_name_pkey", "Relation Name": "char_name", "Alias": "chn", "Startup Cost": 0.0, "Total Cost": 0.5, "Plan Rows": 1, "Plan Width": 20, "Index Cond": "(id = ci.person_role_id)"}]}, {"Node Type": "Index Scan", "Parent Relationship": "Inner", "Scan Direction": "Forward", "Index Name": "title_pkey", "Relation Name": "title", "Alias": "t", "Startup Cost": 0.0, "Total Cost": 0.49, "Plan Rows": 1, "Plan Width": 21, "Index Cond": "(id = ci.movie_id)", "Filter": "((production_year >= 2005) AND (production_year <= 2015))"}]}]}, "Unique SQL Id": 3431223514, "Planner Runtime": 8}, "explain_analyze_plan": {"Plan": {"Node Type": "Aggregate", "Strategy": "Plain", "Startup Cost": 114987.2, "Total Cost": 114987.21, "Plan Rows": 1, "Plan Width": 145, "Actual Startup Time": 1703.594, "Actual Total Time": 1703.595, "Actual Rows": 1, "Actual Loops": 1, "Plans": [{"Node Type": "Nested Loop", "Parent Relationship": "Outer", "Join Type": "Inner", "Startup Cost": 0.0, "Total Cost": 114987.19, "Plan Rows": 1, "Plan Width": 49, "Actual Startup Time": 697.212, "Actual Total Time": 1703.364, "Actual Rows": 121, "Actual Loops": 1, "Inner Unique": true, "Plans": [{"Node Type": "Nested Loop", "Parent Relationship": "Outer", "Join Type": "Inner", "Startup Cost": 0.0, "Total Cost": 114986.69, "Plan Rows": 1, "Plan Width": 40, "Actual Startup Time": 689.723, "Actual Total Time": 1701.599, "Actual Rows": 341, "Actual Loops": 1, "Inner Unique": true, "Plans": [{"Node Type": "Nested Loop", "Parent Relationship": "Outer", "Join Type": "Inner", "Startup Cost": 0.0, "Total Cost": 114985.67, "Plan Rows": 2, "Plan Width": 28, "Actual Startup Time": 689.707, "Actual Total Time": 1700.005, "Actual Rows": 359, "Actual Loops": 1, "Inner Unique": true, "Plans": [{"Node Type": "Nested Loop", "Parent Relationship": "Outer", "Join Type": "Inner", "Startup Cost": 0.0, "Total Cost": 114984.04, "Plan Rows": 5, "Plan Width": 32, "Actual Startup Time": 689.678, "Actual Total Time": 1697.916, "Actual Rows": 373, "Actual Loops": 1, "Inner Unique": false, "Plans": [{"Node Type": "Nested Loop", "Parent Relationship": "Outer", "Join Type": "Inner", "Startup Cost": 0.0, "Total Cost": 114978.43, "Plan Rows": 13, "Plan Width": 24, "Actual Startup Time": 688.314, "Actual Total Time": 1693.763, "Actual Rows": 425, "Actual Loops": 1, "Inner Unique": false, "Join Filter": "(ci.role_id = rt.id)", "Rows Removed by Join Filter": 0, "Plans": [{"Node Type": "Seq Scan", "Parent Relationship": "Outer", "Relation Name": "role_type", "Alias": "rt", "Startup Cost": 0.0, "Total Cost": 1.15, "Plan Rows": 1, "Plan Width": 4, "Actual Startup Time": 0.039, "Actual Total Time": 0.045, "Actual Rows": 1, "Actual Loops": 1, "Filter": "((role)::text = 'actress'::text)", "Rows Removed by Filter": 11}, {"Node Type": "Nested Loop", "Parent Relationship": "Inner", "Join Type": "Inner", "Startup Cost": 0.0, "Total Cost": 114975.51, "Plan Rows": 141, "Plan Width": 28, "Actual Startup Time": 688.266, "Actual Total Time": 1693.541, "Actual Rows": 425, "Actual Loops": 1, "Inner Unique": false, "Join Filter": "(n.id = ci.person_id)", "Rows Removed by Join Filter": 0, "Plans": [{"Node Type": "Nested Loop", "Parent Relationship": "Outer", "Join Type": "Inner", "Startup Cost": 0.0, "Total Cost": 114700.23, "Plan Rows": 115, "Plan Width": 24, "Actual Startup Time": 673.28, "Actual Total Time": 1644.68, "Actual Rows": 1558, "Actual Loops": 1, "Inner Unique": false, "Plans": [{"Node Type": "Seq Scan", "Parent Relationship": "Outer", "Relation Name": "name", "Alias": "n", "Startup Cost": 0.0, "Total Cost": 113909.35, "Plan Rows": 96, "Plan Width": 4, "Actual Startup Time": 671.583, "Actual Total Time": 1622.951, "Actual Rows": 6768, "Actual Loops": 1, "Filter": "(((name)::text ~~ '%Ang%'::text) AND ((gender)::text = 'f'::text))", "Rows Removed by Filter": 4160722}, {"Node Type": "Index Scan", "Parent Relationship": "Inner", "Scan Direction": "Forward", "Index Name": "person_id_aka_name", "Relation Name": "aka_name", "Alias": "an", "Startup Cost": 0.0, "Total Cost": 8.23, "Plan Rows": 1, "Plan Width": 20, "Actual Startup Time": 16.878, "Actual Total Time": 17.626, "Actual Rows": 1558, "Actual Loops": 6768, "Index Cond": "(person_id = n.id)", "Rows Removed by Index Recheck": 0}]}, {"Node Type": "Index Scan", "Parent Relationship": "Inner", "Scan Direction": "Forward", "Index Name": "person_id_cast_info", "Relation Name": "cast_info", "Alias": "ci", "Startup Cost": 0.0, "Total Cost": 2.38, "Plan Rows": 1, "Plan Width": 16, "Actual Startup Time": 43.065, "Actual Total Time": 47.745, "Actual Rows": 425, "Actual Loops": 1558, "Index Cond": "(person_id = an.person_id)", "Rows Removed by Index Recheck": 0, "Filter": "((note)::text = ANY ('{(voice),\"(voice: Japanese version)\",\"(voice) (uncredited)\",\"(voice: English version)\"}'::text[]))", "Rows Removed by Filter": 69057}]}]}, {"Node Type": "Index Scan", "Parent Relationship": "Inner", "Scan Direction": "Forward", "Index Name": "movie_id_movie_companies", "Relation Name": "movie_companies", "Alias": "mc", "Startup Cost": 0.0, "Total Cost": 0.42, "Plan Rows": 1, "Plan Width": 8, "Actual Startup Time": 2.627, "Actual Total Time": 3.738, "Actual Rows": 373, "Actual Loops": 425, "Index Cond": "(movie_id = ci.movie_id)", "Rows Removed by Index Recheck": 0, "Filter": "((note IS NOT NULL) AND (((note)::text ~~ '%(USA)%'::text) OR ((note)::text ~~ '%(worldwide)%'::text)))", "Rows Removed by Filter": 1538}]}, {"Node Type": "Index Scan", "Parent Relationship": "Inner", "Scan Direction": "Forward", "Index Name": "company_name_pkey", "Relation Name": "company_name", "Alias": "cn", "Startup Cost": 0.0, "Total Cost": 0.32, "Plan Rows": 1, "Plan Width": 4, "Actual Startup Time": 1.71, "Actual Total Time": 1.71, "Actual Rows": 359, "Actual Loops": 373, "Index Cond": "(id = mc.company_id)", "Rows Removed by Index Recheck": 0, "Filter": "((country_code)::text = '[us]'::text)", "Rows Removed by Filter": 14}]}, {"Node Type": "Index Scan", "Parent Relationship": "Inner", "Scan Direction": "Forward", "Index Name": "char_name_pkey", "Relation Name": "char_name", "Alias": "chn", "Startup Cost": 0.0, "Total Cost": 0.5, "Plan Rows": 1, "Plan Width": 20, "Actual Startup Time": 1.241, "Actual Total Time": 1.241, "Actual Rows": 341, "Actual Loops": 359, "Index Cond": "(id = ci.person_role_id)", "Rows Removed by Index Recheck": 0}]}, {"Node Type": "Index Scan", "Parent Relationship": "Inner", "Scan Direction": "Forward", "Index Name": "title_pkey", "Relation Name": "title", "Alias": "t", "Startup Cost": 0.0, "Total Cost": 0.49, "Plan Rows": 1, "Plan Width": 21, "Actual Startup Time": 1.484, "Actual Total Time": 1.484, "Actual Rows": 121, "Actual Loops": 341, "Index Cond": "(id = ci.movie_id)", "Rows Removed by Index Recheck": 0, "Filter": "((production_year >= 2005) AND (production_year <= 2015))", "Rows Removed by Filter": 220}]}]}, "Triggers": [], "Planner Runtime": 8, "Total Runtime": 1704.04, "Unique SQL Id": 3431223514}}, "(1, 125)": {"explain_plan": {"Plan": {"Node Type": "Aggregate", "Strategy": "Plain", "Startup Cost": 198159.35, "Total Cost": 198159.36, "Plan Rows": 1, "Plan Width": 145, "Plans": [{"Node Type": "Nested Loop", "Parent Relationship": "Outer", "Join Type": "Inner", "Startup Cost": 0.0, "Total Cost": 198159.35, "Plan Rows": 1, "Plan Width": 49, "Inner Unique": true, "Plans": [{"Node Type": "Nested Loop", "Parent Relationship": "Outer", "Join Type": "Inner", "Startup Cost": 0.0, "Total Cost": 198158.85, "Plan Rows": 1, "Plan Width": 40, "Inner Unique": true, "Plans": [{"Node Type": "Nested Loop", "Parent Relationship": "Outer", "Join Type": "Inner", "Startup Cost": 0.0, "Total Cost": 198157.83, "Plan Rows": 2, "Plan Width": 28, "Inner Unique": true, "Plans": [{"Node Type": "Nested Loop", "Parent Relationship": "Outer", "Join Type": "Inner", "Startup Cost": 0.0, "Total Cost": 198156.19, "Plan Rows": 5, "Plan Width": 32, "Inner Unique": false, "Plans": [{"Node Type": "Nested Loop", "Parent Relationship": "Outer", "Join Type": "Inner", "Startup Cost": 0.0, "Total Cost": 198150.58, "Plan Rows": 13, "Plan Width": 24, "Inner Unique": false, "Join Filter": "(ci.role_id = rt.id)", "Plans": [{"Node Type": "Index Scan", "Parent Relationship": "Outer", "Scan Direction": "Forward", "Index Name": "role_type_pkey", "Relation Name": "role_type", "Alias": "rt", "Startup Cost": 0.0, "Total Cost": 12.46, "Plan Rows": 1, "Plan Width": 4, "Filter": "((role)::text = 'actress'::text)"}, {"Node Type": "Nested Loop", "Parent Relationship": "Inner", "Join Type": "Inner", "Startup Cost": 0.0, "Total Cost": 198136.36, "Plan Rows": 141, "Plan Width": 28, "Inner Unique": false, "Join Filter": "(n.id = ci.person_id)", "Plans": [{"Node Type": "Nested Loop", "Parent Relationship": "Outer", "Join Type": "Inner", "Startup Cost": 0.0, "Total Cost": 197861.08, "Plan Rows": 115, "Plan Width": 24, "Inner Unique": false, "Plans": [{"Node Type": "Index Scan", "Parent Relationship": "Outer", "Scan Direction": "Forward", "Index Name": "name_pkey", "Relation Name": "name", "Alias": "n", "Startup Cost": 0.0, "Total Cost": 197070.2, "Plan Rows": 96, "Plan Width": 4, "Filter": "(((name)::text ~~ '%Ang%'::text) AND ((gender)::text = 'f'::text))"}, {"Node Type": "Index Scan", "Parent Relationship": "Inner", "Scan Direction": "Forward", "Index Name": "person_id_aka_name", "Relation Name": "aka_name", "Alias": "an", "Startup Cost": 0.0, "Total Cost": 8.23, "Plan Rows": 1, "Plan Width": 20, "Index Cond": "(person_id = n.id)"}]}, {"Node Type": "Index Scan", "Parent Relationship": "Inner", "Scan Direction": "Forward", "Index Name": "person_id_cast_info", "Relation Name": "cast_info", "Alias": "ci", "Startup Cost": 0.0, "Total Cost": 2.38, "Plan Rows": 1, "Plan Width": 16, "Index Cond": "(person_id = an.person_id)", "Filter": "((note)::text = ANY ('{(voice),\"(voice: Japanese version)\",\"(voice) (uncredited)\",\"(voice: English version)\"}'::text[]))"}]}]}, {"Node Type": "Index Scan", "Parent Relationship": "Inner", "Scan Direction": "Forward", "Index Name": "movie_id_movie_companies", "Relation Name": "movie_companies", "Alias": "mc", "Startup Cost": 0.0, "Total Cost": 0.42, "Plan Rows": 1, "Plan Width": 8, "Index Cond": "(movie_id = ci.movie_id)", "Filter": "((note IS NOT NULL) AND (((note)::text ~~ '%(USA)%'::text) OR ((note)::text ~~ '%(worldwide)%'::text)))"}]}, {"Node Type": "Index Scan", "Parent Relationship": "Inner", "Scan Direction": "Forward", "Index Name": "company_name_pkey", "Relation Name": "company_name", "Alias": "cn", "Startup Cost": 0.0, "Total Cost": 0.32, "Plan Rows": 1, "Plan Width": 4, "Index Cond": "(id = mc.company_id)", "Filter": "((country_code)::text = '[us]'::text)"}]}, {"Node Type": "Index Scan", "Parent Relationship": "Inner", "Scan Direction": "Forward", "Index Name": "char_name_pkey", "Relation Name": "char_name", "Alias": "chn", "Startup Cost": 0.0, "Total Cost": 0.5, "Plan Rows": 1, "Plan Width": 20, "Index Cond": "(id = ci.person_role_id)"}]}, {"Node Type": "Index Scan", "Parent Relationship": "Inner", "Scan Direction": "Forward", "Index Name": "title_pkey", "Relation Name": "title", "Alias": "t", "Startup Cost": 0.0, "Total Cost": 0.49, "Plan Rows": 1, "Plan Width": 21, "Index Cond": "(id = ci.movie_id)", "Filter": "((production_year >= 2005) AND (production_year <= 2015))"}]}]}, "Unique SQL Id": 3431223514, "Planner Runtime": 8}, "explain_analyze_plan": null}, "(1, 126)": {"explain_plan": {"Plan": {"Node Type": "Aggregate", "Strategy": "Plain", "Startup Cost": 1410917.35, "Total Cost": 1410917.36, "Plan Rows": 1, "Plan Width": 145, "Plans": [{"Node Type": "Nested Loop", "Parent Relationship": "Outer", "Join Type": "Inner", "Startup Cost": 324.95, "Total Cost": 1410917.34, "Plan Rows": 1, "Plan Width": 49, "Inner Unique": true, "Join Filter": "(ci.movie_id = t.id)", "Plans": [{"Node Type": "Nested Loop", "Parent Relationship": "Outer", "Join Type": "Inner", "Startup Cost": 0.0, "Total Cost": 1324341.37, "Plan Rows": 1, "Plan Width": 40, "Inner Unique": false, "Join Filter": "(n.id = an.person_id)", "Plans": [{"Node Type": "Nested Loop", "Parent Relationship": "Outer", "Join Type": "Inner", "Startup Cost": 0.0, "Total Cost": 1293166.18, "Plan Rows": 1, "Plan Width": 32, "Inner Unique": false, "Join Filter": "(ci.person_role_id = chn.id)", "Plans": [{"Node Type": "Seq Scan", "Parent Relationship": "Outer", "Relation Name": "char_name", "Alias": "chn", "Startup Cost": 0.0, "Total Cost": 67493.38, "Plan Rows": 3140338, "Plan Width": 20}, {"Node Type": "Materialize", "Parent Relationship": "Inner", "Startup Cost": 0.0, "Total Cost": 1131462.66, "Plan Rows": 2, "Plan Width": 20, "Plans": [{"Node Type": "Nested Loop", "Parent Relationship": "Outer", "Join Type": "Inner", "Startup Cost": 0.0, "Total Cost": 1131462.65, "Plan Rows": 2, "Plan Width": 20, "Inner Unique": false, "Join Filter": "(mc.company_id = cn.id)", "Plans": [{"Node Type": "Seq Scan", "Parent Relationship": "Outer", "Relation Name": "company_name", "Alias": "cn", "Startup Cost": 0.0, "Total Cost": 5903.45, "Plan Rows": 85170, "Plan Width": 4, "Filter": "((country_code)::text = '[us]'::text)"}, {"Node Type": "Materialize", "Parent Relationship": "Inner", "Startup Cost": 0.0, "Total Cost": 1120449.01, "Plan Rows": 4, "Plan Width": 24, "Plans": [{"Node Type": "Nested Loop", "Parent Relationship": "Outer", "Join Type": "Inner", "Startup Cost": 0.0, "Total Cost": 1120448.99, "Plan Rows": 4, "Plan Width": 24, "Inner Unique": false, "Join Filter": "(ci.movie_id = mc.movie_id)", "Plans": [{"Node Type": "Seq Scan", "Parent Relationship": "Outer", "Relation Name": "movie_companies", "Alias": "mc", "Startup Cost": 0.0, "Total Cost": 54862.92, "Plan Rows": 297072, "Plan Width": 8, "Filter": "((note IS NOT NULL) AND (((note)::text ~~ '%(USA)%'::text) OR ((note)::text ~~ '%(worldwide)%'::text))), (LLVM Optimized)"}, {"Node Type": "Materialize", "Parent Relationship": "Inner", "Startup Cost": 0.0, "Total Cost": 1016569.22, "Plan Rows": 11, "Plan Width": 16, "Plans": [{"Node Type": "Nested Loop", "Parent Relationship": "Outer", "Join Type": "Inner", "Startup Cost": 0.0, "Total Cost": 1016569.17, "Plan Rows": 11, "Plan Width": 16, "Inner Unique": true, "Join Filter": "(ci.person_id = n.id)", "Plans": [{"Node Type": "Nested Loop", "Parent Relationship": "Outer", "Join Type": "Inner", "Startup Cost": 0.0, "Total Cost": 793591.1, "Plan Rows": 75742, "Plan Width": 12, "Inner Unique": false, "Join Filter": "(ci.role_id = rt.id)", "Plans": [{"Node Type": "Seq Scan", "Parent Relationship": "Outer", "Relation Name": "role_type", "Alias": "rt", "Startup Cost": 0.0, "Total Cost": 1.15, "Plan Rows": 1, "Plan Width": 4, "Filter": "((role)::text = 'actress'::text)"}, {"Node Type": "Seq Scan", "Parent Relationship": "Inner", "Relation Name": "cast_info", "Alias": "ci", "Startup Cost": 0.0, "Total Cost": 783175.41, "Plan Rows": 833163, "Plan Width": 16, "Filter": "((note)::text = ANY ('{(voice),\"(voice: Japanese version)\",\"(voice) (uncredited)\",\"(voice: English version)\"}'::text[]))"}]}, {"Node Type": "Materialize", "Parent Relationship": "Inner", "Startup Cost": 0.0, "Total Cost": 113909.83, "Plan Rows": 96, "Plan Width": 4, "Plans": [{"Node Type": "Seq Scan", "Parent Relationship": "Outer", "Relation Name": "name", "Alias": "n", "Startup Cost": 0.0, "Total Cost": 113909.35, "Plan Rows": 96, "Plan Width": 4, "Filter": "(((name)::text ~~ '%Ang%'::text) AND ((gender)::text = 'f'::text))"}]}]}]}]}]}]}]}]}, {"Node Type": "Seq Scan", "Parent Relationship": "Inner", "Relation Name": "aka_name", "Alias": "an", "Startup Cost": 0.0, "Total Cost": 19908.42, "Plan Rows": 901342, "Plan Width": 20}]}, {"Node Type": "Seq Scan", "Parent Relationship": "Inner", "Relation Name": "title", "Alias": "t", "Startup Cost": 324.95, "Total Cost": 72710.67, "Plan Rows": 1109224, "Plan Width": 21, "Filter": "((production_year >= 2005) AND (production_year <= 2015)), (LLVM Optimized)"}]}]}, "Unique SQL Id": 3431223514, "Planner Runtime": 8}, "explain_analyze_plan": null}, "(1, 127)": {"explain_plan": {"Plan": {"Node Type": "Aggregate", "Strategy": "Plain", "Startup Cost": 8000201060142.55, "Total Cost": 8000201060142.56, "Plan Rows": 1, "Plan Width": 145, "Plans": [{"Node Type": "Nested Loop", "Parent Relationship": "Outer", "Join Type": "Inner", "Startup Cost": 80000000000.0, "Total Cost": 8000201060142.54, "Plan Rows": 1, "Plan Width": 49, "Inner Unique": false, "Join Filter": "(n.id = an.person_id)", "Plans": [{"Node Type": "Nested Loop", "Parent Relationship": "Outer", "Join Type": "Inner", "Startup Cost": 70000000000.0, "Total Cost": 7000201060108.87, "Plan Rows": 1, "Plan Width": 41, "Inner Unique": true, "Plans": [{"Node Type": "Nested Loop", "Parent Relationship": "Outer", "Join Type": "Inner", "Startup Cost": 60000000000.0, "Total Cost": 6000201060060.22, "Plan Rows": 1, "Plan Width": 32, "Inner Unique": true, "Join Filter": "(ci.person_role_id = chn.id)", "Plans": [{"Node Type": "Nested Loop", "Parent Relationship": "Outer", "Join Type": "Inner", "Startup Cost": 50000000000.0, "Total Cost": 5000187970453.73, "Plan Rows": 2, "Plan Width": 20, "Inner Unique": true, "Join Filter": "(mc.company_id = cn.id)", "Plans": [{"Node Type": "Nested Loop", "Parent Relationship": "Outer", "Join Type": "Inner", "Startup Cost": 40000000000.0, "Total Cost": 4000186914991.63, "Plan Rows": 4, "Plan Width": 24, "Inner Unique": false, "Join Filter": "(ci.movie_id = mc.movie_id)", "Plans": [{"Node Type": "Nested Loop", "Parent Relationship": "Outer", "Join Type": "Inner", "Startup Cost": 30000000000.0, "Total Cost": 3000173193318.09, "Plan Rows": 11, "Plan Width": 16, "Inner Unique": true, "Join Filter": "(ci.role_id = rt.id)", "Plans": [{"Node Type": "Nested Loop", "Parent Relationship": "Outer", "Join Type": "Inner", "Startup Cost": 20000000000.0, "Total Cost": 2000173192070.33, "Plan Rows": 117, "Plan Width": 20, "Inner Unique": false, "Join Filter": "(ci.person_id = n.id)", "Plans": [{"Node Type": "Index Scan", "Parent Relationship": "Outer", "Scan Direction": "Forward", "Index Name": "name_pkey", "Relation Name": "name", "Alias": "n", "Startup Cost": 10000000000.0, "Total Cost": 1000019707019.7, "Plan Rows": 96, "Plan Width": 4, "Filter": "(((name)::text ~~ '%Ang%'::text) AND ((gender)::text = 'f'::text))"}, {"Node Type": "Materialize", "Parent Relationship": "Inner", "Startup Cost": 10000000000.0, "Total Cost": 1000152287378.81, "Plan Rows": 833163, "Plan Width": 16, "Plans": [{"Node Type": "Index Scan", "Parent Relationship": "Outer", "Scan Direction": "Forward", "Index Name": "role_id_cast_info", "Relation Name": "cast_info", "Alias": "ci", "Startup Cost": 10000000000.0, "Total Cost": 1000152283213.0, "Plan Rows": 833163, "Plan Width": 16, "Filter": "((note)::text = ANY ('{(voice),\"(voice: Japanese version)\",\"(voice) (uncredited)\",\"(voice: English version)\"}'::text[]))"}]}]}, {"Node Type": "Materialize", "Parent Relationship": "Inner", "Startup Cost": 10000000000.0, "Total Cost": 1000000001246.0, "Plan Rows": 1, "Plan Width": 4, "Plans": [{"Node Type": "Index Scan", "Parent Relationship": "Outer", "Scan Direction": "Forward", "Index Name": "role_type_pkey", "Relation Name": "role_type", "Alias": "rt", "Startup Cost": 10000000000.0, "Total Cost": 1000000001246.0, "Plan Rows": 1, "Plan Width": 4, "Filter": "((role)::text = 'actress'::text)"}]}]}, {"Node Type": "Materialize", "Parent Relationship": "Inner", "Startup Cost": 10000000000.0, "Total Cost": 1000013673399.34, "Plan Rows": 297072, "Plan Width": 8, "Plans": [{"Node Type": "Index Scan", "Parent Relationship": "Outer", "Scan Direction": "Forward", "Index Name": "company_id_movie_companies", "Relation Name": "movie_companies", "Alias": "mc", "Startup Cost": 10000000000.0, "Total Cost": 1000013671913.98, "Plan Rows": 297072, "Plan Width": 8, "Filter": "((note IS NOT NULL) AND (((note)::text ~~ '%(USA)%'::text) OR ((note)::text ~~ '%(worldwide)%'::text))), (LLVM Optimized)"}]}]}, {"Node Type": "Materialize", "Parent Relationship": "Inner", "Startup Cost": 10000000000.0, "Total Cost": 1000001050564.82, "Plan Rows": 85170, "Plan Width": 4, "Plans": [{"Node Type": "Index Scan", "Parent Relationship": "Outer", "Scan Direction": "Forward", "Index Name": "company_name_pkey", "Relation Name": "company_name", "Alias": "cn", "Startup Cost": 10000000000.0, "Total Cost": 1000001050138.97, "Plan Rows": 85170, "Plan Width": 4, "Filter": "((country_code)::text = '[us]'::text)"}]}]}, {"Node Type": "Materialize", "Parent Relationship": "Inner", "Startup Cost": 10000000000.0, "Total Cost": 1000013003247.2, "Plan Rows": 3140338, "Plan Width": 20, "Plans": [{"Node Type": "Index Scan", "Parent Relationship": "Outer", "Scan Direction": "Forward", "Index Name": "char_name_pkey", "Relation Name": "char_name", "Alias": "chn", "Startup Cost": 10000000000.0, "Total Cost": 1000012987545.51, "Plan Rows": 3140338, "Plan Width": 20}]}]}, {"Node Type": "Index Scan", "Parent Relationship": "Inner", "Scan Direction": "Forward", "Index Name": "title_pkey", "Relation Name": "title", "Alias": "t", "Startup Cost": 10000000000.0, "Total Cost": 1000000000048.64, "Plan Rows": 1, "Plan Width": 21, "Index Cond": "(id = ci.movie_id)", "Filter": "((production_year >= 2005) AND (production_year <= 2015))"}]}, {"Node Type": "Index Scan", "Parent Relationship": "Inner", "Scan Direction": "Forward", "Index Name": "person_id_aka_name", "Relation Name": "aka_name", "Alias": "an", "Startup Cost": 10000000000.0, "Total Cost": 1000000000033.66, "Plan Rows": 1, "Plan Width": 20, "Index Cond": "(person_id = ci.person_id)"}]}]}, "Unique SQL Id": 3431223514, "Planner Runtime": 7}, "explain_analyze_plan": null}, "(16, 0)": {"explain_plan": {"Plan": {"Node Type": "Aggregate", "Strategy": "Plain", "Startup Cost": 23199.8, "Total Cost": 23199.81, "Plan Rows": 1, "Plan Width": 145, "Plans": [{"Node Type": "Nested Loop", "Parent Relationship": "Outer", "Join Type": "Inner", "Startup Cost": 0.0, "Total Cost": 23199.79, "Plan Rows": 1, "Plan Width": 49, "Inner Unique": true, "Plans": [{"Node Type": "Nested Loop", "Parent Relationship": "Outer", "Join Type": "Inner", "Startup Cost": 0.0, "Total Cost": 23199.29, "Plan Rows": 1, "Plan Width": 40, "Inner Unique": true, "Plans": [{"Node Type": "Nested Loop", "Parent Relationship": "Outer", "Join Type": "Inner", "Startup Cost": 0.0, "Total Cost": 23198.64, "Plan Rows": 2, "Plan Width": 44, "Inner Unique": true, "Plans": [{"Node Type": "Nested Loop", "Parent Relationship": "Outer", "Join Type": "Inner", "Startup Cost": 0.0, "Total Cost": 23196.09, "Plan Rows": 5, "Plan Width": 32, "Inner Unique": false, "Plans": [{"Node Type": "Nested Loop", "Parent Relationship": "Outer", "Join Type": "Inner", "Startup Cost": 0.0, "Total Cost": 23190.48, "Plan Rows": 13, "Plan Width": 24, "Inner Unique": false, "Join Filter": "(ci.role_id = rt.id)", "Plans": [{"Node Type": "Seq Scan", "Parent Relationship": "Outer", "Relation Name": "role_type", "Alias": "rt", "Startup Cost": 0.0, "Total Cost": 1.15, "Plan Rows": 1, "Plan Width": 4, "Filter": "((role)::text = 'actress'::text)"}, {"Node Type": "Materialize", "Parent Relationship": "Inner", "Startup Cost": 0.0, "Total Cost": 23187.92, "Plan Rows": 141, "Plan Width": 28, "Plans": [{"Node Type": "Nested Loop", "Parent Relationship": "Outer", "Join Type": "Inner", "Startup Cost": 0.0, "Total Cost": 23187.57, "Plan Rows": 141, "Plan Width": 28, "Inner Unique": false, "Join Filter": "(n.id = ci.person_id)", "Plans": [{"Node Type": "Nested Loop", "Parent Relationship": "Outer", "Join Type": "Inner", "Startup Cost": 0.0, "Total Cost": 22912.29, "Plan Rows": 115, "Plan Width": 24, "Inner Unique": false, "Plans": [{"Node Type": "Streaming(type: LOCAL GATHER dop: 1/16)", "Parent Relationship": "Outer", "Startup Cost": 0.0, "Total Cost": 22121.41, "Plan Rows": 96, "Plan Width": 4, "Plans": [{"Node Type": "Seq Scan", "Parent Relationship": "Outer", "Relation Name": "name", "Alias": "n", "Startup Cost": 0.0, "Total Cost": 22119.33, "Plan Rows": 96, "Plan Width": 4, "Filter": "(((name)::text ~~ '%Ang%'::text) AND ((gender)::text = 'f'::text))"}]}, {"Node Type": "Index Scan", "Parent Relationship": "Inner", "Scan Direction": "Forward", "Index Name": "person_id_aka_name", "Relation Name": "aka_name", "Alias": "an", "Startup Cost": 0.0, "Total Cost": 8.23, "Plan Rows": 1, "Plan Width": 20, "Index Cond": "(person_id = n.id)"}]}, {"Node Type": "Index Scan", "Parent Relationship": "Inner", "Scan Direction": "Forward", "Index Name": "person_id_cast_info", "Relation Name": "cast_info", "Alias": "ci", "Startup Cost": 0.0, "Total Cost": 2.38, "Plan Rows": 1, "Plan Width": 16, "Index Cond": "(person_id = an.person_id)", "Filter": "((note)::text = ANY ('{(voice),\"(voice: Japanese version)\",\"(voice) (uncredited)\",\"(voice: English version)\"}'::text[]))"}]}]}]}, {"Node Type": "Index Scan", "Parent Relationship": "Inner", "Scan Direction": "Forward", "Index Name": "movie_id_movie_companies", "Relation Name": "movie_companies", "Alias": "mc", "Startup Cost": 0.0, "Total Cost": 0.42, "Plan Rows": 1, "Plan Width": 8, "Index Cond": "(movie_id = ci.movie_id)", "Filter": "((note IS NOT NULL) AND (((note)::text ~~ '%(USA)%'::text) OR ((note)::text ~~ '%(worldwide)%'::text)))"}]}, {"Node Type": "Index Scan", "Parent Relationship": "Inner", "Scan Direction": "Forward", "Index Name": "char_name_pkey", "Relation Name": "char_name", "Alias": "chn", "Startup Cost": 0.0, "Total Cost": 0.5, "Plan Rows": 1, "Plan Width": 20, "Index Cond": "(id = ci.person_role_id)"}]}, {"Node Type": "Index Scan", "Parent Relationship": "Inner", "Scan Direction": "Forward", "Index Name": "company_name_pkey", "Relation Name": "company_name", "Alias": "cn", "Startup Cost": 0.0, "Total Cost": 0.32, "Plan Rows": 1, "Plan Width": 4, "Index Cond": "(id = mc.company_id)", "Filter": "((country_code)::text = '[us]'::text)"}]}, {"Node Type": "Index Scan", "Parent Relationship": "Inner", "Scan Direction": "Forward", "Index Name": "title_pkey", "Relation Name": "title", "Alias": "t", "Startup Cost": 0.0, "Total Cost": 0.49, "Plan Rows": 1, "Plan Width": 21, "Index Cond": "(id = ci.movie_id)", "Filter": "((production_year >= 2005) AND (production_year <= 2015))"}]}]}, "Unique SQL Id": 3431223514, "Planner Runtime": 175}, "explain_analyze_plan": {"Plan": {"Node Type": "Aggregate", "Strategy": "Plain", "Startup Cost": 23199.8, "Total Cost": 23199.81, "Plan Rows": 1, "Plan Width": 145, "Actual Min Startup Time": 189.942, "Actual Max Startup Time": 189.942, "Actual Min Total Time": 189.942, "Actual Max Total Time": 189.942, "Plans": [{"Node Type": "Nested Loop", "Parent Relationship": "Outer", "Join Type": "Inner", "Startup Cost": 0.0, "Total Cost": 23199.79, "Plan Rows": 1, "Plan Width": 49, "Actual Min Startup Time": 181.099, "Actual Max Startup Time": 181.099, "Actual Min Total Time": 189.781, "Actual Max Total Time": 189.781, "Inner Unique": true, "Plans": [{"Node Type": "Nested Loop", "Parent Relationship": "Outer", "Join Type": "Inner", "Startup Cost": 0.0, "Total Cost": 23199.29, "Plan Rows": 1, "Plan Width": 40, "Actual Min Startup Time": 180.812, "Actual Max Startup Time": 180.812, "Actual Min Total Time": 188.094, "Actual Max Total Time": 188.094, "Inner Unique": true, "Plans": [{"Node Type": "Nested Loop", "Parent Relationship": "Outer", "Join Type": "Inner", "Startup Cost": 0.0, "Total Cost": 23198.64, "Plan Rows": 2, "Plan Width": 44, "Actual Min Startup Time": 180.793, "Actual Max Startup Time": 180.793, "Actual Min Total Time": 186.568, "Actual Max Total Time": 186.568, "Inner Unique": true, "Plans": [{"Node Type": "Nested Loop", "Parent Relationship": "Outer", "Join Type": "Inner", "Startup Cost": 0.0, "Total Cost": 23196.09, "Plan Rows": 5, "Plan Width": 32, "Actual Min Startup Time": 180.775, "Actual Max Startup Time": 180.775, "Actual Min Total Time": 185.027, "Actual Max Total Time": 185.027, "Inner Unique": false, "Plans": [{"Node Type": "Nested Loop", "Parent Relationship": "Outer", "Join Type": "Inner", "Startup Cost": 0.0, "Total Cost": 23190.48, "Plan Rows": 13, "Plan Width": 24, "Actual Min Startup Time": 180.727, "Actual Max Startup Time": 180.727, "Actual Min Total Time": 181.011, "Actual Max Total Time": 181.011, "Inner Unique": false, "Join Filter": "(ci.role_id = rt.id)", "Rows Removed by Join Filter": 0, "Plans": [{"Node Type": "Seq Scan", "Parent Relationship": "Outer", "Relation Name": "role_type", "Alias": "rt", "Startup Cost": 0.0, "Total Cost": 1.15, "Plan Rows": 1, "Plan Width": 4, "Actual Min Startup Time": 0.028, "Actual Max Startup Time": 0.028, "Actual Min Total Time": 0.033, "Actual Max Total Time": 0.033, "Filter": "((role)::text = 'actress'::text)", "Rows Removed by Filter": 11, "Actual Rows": 1}, {"Node Type": "Materialize", "Parent Relationship": "Inner", "Startup Cost": 0.0, "Total Cost": 23187.92, "Plan Rows": 141, "Plan Width": 28, "Actual Min Startup Time": 180.682, "Actual Max Startup Time": 180.682, "Actual Min Total Time": 180.754, "Actual Max Total Time": 180.754, "Plans": [{"Node Type": "Nested Loop", "Parent Relationship": "Outer", "Join Type": "Inner", "Startup Cost": 0.0, "Total Cost": 23187.57, "Plan Rows": 141, "Plan Width": 28, "Actual Min Startup Time": 60.138, "Actual Max Startup Time": 60.138, "Actual Min Total Time": 180.446, "Actual Max Total Time": 180.446, "Inner Unique": false, "Join Filter": "(n.id = ci.person_id)", "Rows Removed by Join Filter": 0, "Plans": [{"Node Type": "Nested Loop", "Parent Relationship": "Outer", "Join Type": "Inner", "Startup Cost": 0.0, "Total Cost": 22912.29, "Plan Rows": 115, "Plan Width": 24, "Actual Min Startup Time": 58.849, "Actual Max Startup Time": 58.849, "Actual Min Total Time": 130.527, "Actual Max Total Time": 130.527, "Inner Unique": false, "Plans": [{"Node Type": "Streaming(type: LOCAL GATHER dop: 1/16)", "Parent Relationship": "Outer", "Startup Cost": 0.0, "Total Cost": 22121.41, "Plan Rows": 96, "Plan Width": 4, "Actual Min Startup Time": 58.768, "Actual Max Startup Time": 58.768, "Actual Min Total Time": 108.328, "Actual Max Total Time": 108.328, "Plans": [{"Node Type": "Seq Scan", "Parent Relationship": "Outer", "Relation Name": "name", "Alias": "n", "Startup Cost": 0.0, "Total Cost": 22119.33, "Plan Rows": 96, "Plan Width": 4, "Actual Min Startup Time": 40.816, "Actual Max Startup Time": 45.066, "Actual Min Total Time": 101.069, "Actual Max Total Time": 105.932, "Filter": "(((name)::text ~~ '%Ang%'::text) AND ((gender)::text = 'f'::text))", "Rows Removed by Filter": 4160722, "Actual Rows": 6768}], "Actual Rows": 6768}, {"Node Type": "Index Scan", "Parent Relationship": "Inner", "Scan Direction": "Forward", "Index Name": "person_id_aka_name", "Relation Name": "aka_name", "Alias": "an", "Startup Cost": 0.0, "Total Cost": 8.23, "Plan Rows": 1, "Plan Width": 20, "Actual Min Startup Time": 17.88, "Actual Max Startup Time": 17.88, "Actual Min Total Time": 18.692, "Actual Max Total Time": 18.692, "Index Cond": "(person_id = n.id)", "Rows Removed by Index Recheck": 0, "Actual Rows": 1558}], "Actual Rows": 1558}, {"Node Type": "Index Scan", "Parent Relationship": "Inner", "Scan Direction": "Forward", "Index Name": "person_id_cast_info", "Relation Name": "cast_info", "Alias": "ci", "Startup Cost": 0.0, "Total Cost": 2.38, "Plan Rows": 1, "Plan Width": 16, "Actual Min Startup Time": 44.25, "Actual Max Startup Time": 44.25, "Actual Min Total Time": 48.899, "Actual Max Total Time": 48.899, "Index Cond": "(person_id = an.person_id)", "Rows Removed by Index Recheck": 0, "Filter": "((note)::text = ANY ('{(voice),\"(voice: Japanese version)\",\"(voice) (uncredited)\",\"(voice: English version)\"}'::text[]))", "Rows Removed by Filter": 69057, "Actual Rows": 425}], "Actual Rows": 425}], "Actual Rows": 426}], "Actual Rows": 425}, {"Node Type": "Index Scan", "Parent Relationship": "Inner", "Scan Direction": "Forward", "Index Name": "movie_id_movie_companies", "Relation Name": "movie_companies", "Alias": "mc", "Startup Cost": 0.0, "Total Cost": 0.42, "Plan Rows": 1, "Plan Width": 8, "Actual Min Startup Time": 2.606, "Actual Max Startup Time": 2.606, "Actual Min Total Time": 3.712, "Actual Max Total Time": 3.712, "Index Cond": "(movie_id = ci.movie_id)", "Rows Removed by Index Recheck": 0, "Filter": "((note IS NOT NULL) AND (((note)::text ~~ '%(USA)%'::text) OR ((note)::text ~~ '%(worldwide)%'::text)))", "Rows Removed by Filter": 1538, "Actual Rows": 373}], "Actual Rows": 373}, {"Node Type": "Index Scan", "Parent Relationship": "Inner", "Scan Direction": "Forward", "Index Name": "char_name_pkey", "Relation Name": "char_name", "Alias": "chn", "Startup Cost": 0.0, "Total Cost": 0.5, "Plan Rows": 1, "Plan Width": 20, "Actual Min Startup Time": 1.235, "Actual Max Startup Time": 1.235, "Actual Min Total Time": 1.235, "Actual Max Total Time": 1.235, "Index Cond": "(id = ci.person_role_id)", "Rows Removed by Index Recheck": 0, "Actual Rows": 348}], "Actual Rows": 348}, {"Node Type": "Index Scan", "Parent Relationship": "Inner", "Scan Direction": "Forward", "Index Name": "company_name_pkey", "Relation Name": "company_name", "Alias": "cn", "Startup Cost": 0.0, "Total Cost": 0.32, "Plan Rows": 1, "Plan Width": 4, "Actual Min Startup Time": 1.254, "Actual Max Startup Time": 1.254, "Actual Min Total Time": 1.254, "Actual Max Total Time": 1.254, "Index Cond": "(id = mc.company_id)", "Rows Removed by Index Recheck": 0, "Filter": "((country_code)::text = '[us]'::text)", "Rows Removed by Filter": 7, "Actual Rows": 341}], "Actual Rows": 341}, {"Node Type": "Index Scan", "Parent Relationship": "Inner", "Scan Direction": "Forward", "Index Name": "title_pkey", "Relation Name": "title", "Alias": "t", "Startup Cost": 0.0, "Total Cost": 0.49, "Plan Rows": 1, "Plan Width": 21, "Actual Min Startup Time": 1.456, "Actual Max Startup Time": 1.456, "Actual Min Total Time": 1.456, "Actual Max Total Time": 1.456, "Index Cond": "(id = ci.movie_id)", "Rows Removed by Index Recheck": 0, "Filter": "((production_year >= 2005) AND (production_year <= 2015))", "Rows Removed by Filter": 220, "Actual Rows": 121}], "Actual Rows": 121}], "Actual Rows": 1}, "Triggers": [], "Planner Runtime": 144, "Total Runtime": 193.165, "Unique SQL Id": 3431223514}}, "(16, 1)": {"explain_plan": {"Plan": {"Node Type": "Aggregate", "Strategy": "Plain", "Startup Cost": 154556.1, "Total Cost": 154556.11, "Plan Rows": 1, "Plan Width": 145, "Plans": [{"Node Type": "Nested Loop", "Parent Relationship": "Outer", "Join Type": "Inner", "Startup Cost": 0.0, "Total Cost": 154556.09, "Plan Rows": 1, "Plan Width": 49, "Inner Unique": true, "Plans": [{"Node Type": "Nested Loop", "Parent Relationship": "Outer", "Join Type": "Inner", "Startup Cost": 0.0, "Total Cost": 154555.59, "Plan Rows": 1, "Plan Width": 40, "Inner Unique": true, "Plans": [{"Node Type": "Nested Loop", "Parent Relationship": "Outer", "Join Type": "Inner", "Startup Cost": 0.0, "Total Cost": 154554.58, "Plan Rows": 2, "Plan Width": 28, "Inner Unique": true, "Plans": [{"Node Type": "Nested Loop", "Parent Relationship": "Outer", "Join Type": "Inner", "Startup Cost": 0.0, "Total Cost": 154552.94, "Plan Rows": 5, "Plan Width": 32, "Inner Unique": false, "Plans": [{"Node Type": "Nested Loop", "Parent Relationship": "Outer", "Join Type": "Inner", "Startup Cost": 0.0, "Total Cost": 154547.33, "Plan Rows": 13, "Plan Width": 24, "Inner Unique": false, "Join Filter": "(ci.role_id = rt.id)", "Plans": [{"Node Type": "Index Scan", "Parent Relationship": "Outer", "Scan Direction": "Forward", "Index Name": "role_type_pkey", "Relation Name": "role_type", "Alias": "rt", "Startup Cost": 0.0, "Total Cost": 12.46, "Plan Rows": 1, "Plan Width": 4, "Filter": "((role)::text = 'actress'::text)"}, {"Node Type": "Materialize", "Parent Relationship": "Inner", "Startup Cost": 0.0, "Total Cost": 154533.46, "Plan Rows": 141, "Plan Width": 28, "Plans": [{"Node Type": "Nested Loop", "Parent Relationship": "Outer", "Join Type": "Inner", "Startup Cost": 0.0, "Total Cost": 154533.1, "Plan Rows": 141, "Plan Width": 28, "Inner Unique": false, "Join Filter": "(n.id = ci.person_id)", "Plans": [{"Node Type": "Nested Loop", "Parent Relationship": "Outer", "Join Type": "Inner", "Startup Cost": 0.0, "Total Cost": 154257.82, "Plan Rows": 115, "Plan Width": 24, "Inner Unique": false, "Plans": [{"Node Type": "Streaming(type: LOCAL GATHER dop: 1/16)", "Parent Relationship": "Outer", "Startup Cost": 0.0, "Total Cost": 153466.94, "Plan Rows": 96, "Plan Width": 4, "Plans": [{"Node Type": "Index Scan", "Parent Relationship": "Outer", "Scan Direction": "Forward", "Index Name": "name_pkey", "Relation Name": "name", "Alias": "n", "Startup Cost": 0.0, "Total Cost": 153464.87, "Plan Rows": 96, "Plan Width": 4, "Filter": "(((name)::text ~~ '%Ang%'::text) AND ((gender)::text = 'f'::text))"}]}, {"Node Type": "Index Scan", "Parent Relationship": "Inner", "Scan Direction": "Forward", "Index Name": "person_id_aka_name", "Relation Name": "aka_name", "Alias": "an", "Startup Cost": 0.0, "Total Cost": 8.23, "Plan Rows": 1, "Plan Width": 20, "Index Cond": "(person_id = n.id)"}]}, {"Node Type": "Index Scan", "Parent Relationship": "Inner", "Scan Direction": "Forward", "Index Name": "person_id_cast_info", "Relation Name": "cast_info", "Alias": "ci", "Startup Cost": 0.0, "Total Cost": 2.38, "Plan Rows": 1, "Plan Width": 16, "Index Cond": "(person_id = an.person_id)", "Filter": "((note)::text = ANY ('{(voice),\"(voice: Japanese version)\",\"(voice) (uncredited)\",\"(voice: English version)\"}'::text[]))"}]}]}]}, {"Node Type": "Index Scan", "Parent Relationship": "Inner", "Scan Direction": "Forward", "Index Name": "movie_id_movie_companies", "Relation Name": "movie_companies", "Alias": "mc", "Startup Cost": 0.0, "Total Cost": 0.42, "Plan Rows": 1, "Plan Width": 8, "Index Cond": "(movie_id = ci.movie_id)", "Filter": "((note IS NOT NULL) AND (((note)::text ~~ '%(USA)%'::text) OR ((note)::text ~~ '%(worldwide)%'::text)))"}]}, {"Node Type": "Index Scan", "Parent Relationship": "Inner", "Scan Direction": "Forward", "Index Name": "company_name_pkey", "Relation Name": "company_name", "Alias": "cn", "Startup Cost": 0.0, "Total Cost": 0.32, "Plan Rows": 1, "Plan Width": 4, "Index Cond": "(id = mc.company_id)", "Filter": "((country_code)::text = '[us]'::text)"}]}, {"Node Type": "Index Scan", "Parent Relationship": "Inner", "Scan Direction": "Forward", "Index Name": "char_name_pkey", "Relation Name": "char_name", "Alias": "chn", "Startup Cost": 0.0, "Total Cost": 0.5, "Plan Rows": 1, "Plan Width": 20, "Index Cond": "(id = ci.person_role_id)"}]}, {"Node Type": "Index Scan", "Parent Relationship": "Inner", "Scan Direction": "Forward", "Index Name": "title_pkey", "Relation Name": "title", "Alias": "t", "Startup Cost": 0.0, "Total Cost": 0.49, "Plan Rows": 1, "Plan Width": 21, "Index Cond": "(id = ci.movie_id)", "Filter": "((production_year >= 2005) AND (production_year <= 2015))"}]}]}, "Unique SQL Id": 3431223514, "Planner Runtime": 105}, "explain_analyze_plan": {"Plan": {"Node Type": "Aggregate", "Strategy": "Plain", "Startup Cost": 154556.1, "Total Cost": 154556.11, "Plan Rows": 1, "Plan Width": 145, "Actual Min Startup Time": 381.158, "Actual Max Startup Time": 381.158, "Actual Min Total Time": 381.159, "Actual Max Total Time": 381.159, "Plans": [{"Node Type": "Nested Loop", "Parent Relationship": "Outer", "Join Type": "Inner", "Startup Cost": 0.0, "Total Cost": 154556.09, "Plan Rows": 1, "Plan Width": 49, "Actual Min Startup Time": 371.852, "Actual Max Startup Time": 371.852, "Actual Min Total Time": 381.01, "Actual Max Total Time": 381.01, "Inner Unique": true, "Plans": [{"Node Type": "Nested Loop", "Parent Relationship": "Outer", "Join Type": "Inner", "Startup Cost": 0.0, "Total Cost": 154555.59, "Plan Rows": 1, "Plan Width": 40, "Actual Min Startup Time": 370.918, "Actual Max Startup Time": 370.918, "Actual Min Total Time": 379.017, "Actual Max Total Time": 379.017, "Inner Unique": true, "Plans": [{"Node Type": "Nested Loop", "Parent Relationship": "Outer", "Join Type": "Inner", "Startup Cost": 0.0, "Total Cost": 154554.58, "Plan Rows": 2, "Plan Width": 28, "Actual Min Startup Time": 370.897, "Actual Max Startup Time": 370.897, "Actual Min Total Time": 377.445, "Actual Max Total Time": 377.445, "Inner Unique": true, "Plans": [{"Node Type": "Nested Loop", "Parent Relationship": "Outer", "Join Type": "Inner", "Startup Cost": 0.0, "Total Cost": 154552.94, "Plan Rows": 5, "Plan Width": 32, "Actual Min Startup Time": 370.872, "Actual Max Startup Time": 370.872, "Actual Min Total Time": 375.543, "Actual Max Total Time": 375.543, "Inner Unique": false, "Plans": [{"Node Type": "Nested Loop", "Parent Relationship": "Outer", "Join Type": "Inner", "Startup Cost": 0.0, "Total Cost": 154547.33, "Plan Rows": 13, "Plan Width": 24, "Actual Min Startup Time": 370.838, "Actual Max Startup Time": 370.838, "Actual Min Total Time": 371.129, "Actual Max Total Time": 371.129, "Inner Unique": false, "Join Filter": "(ci.role_id = rt.id)", "Rows Removed by Join Filter": 0, "Plans": [{"Node Type": "Index Scan", "Parent Relationship": "Outer", "Scan Direction": "Forward", "Index Name": "role_type_pkey", "Relation Name": "role_type", "Alias": "rt", "Startup Cost": 0.0, "Total Cost": 12.46, "Plan Rows": 1, "Plan Width": 4, "Actual Min Startup Time": 0.027, "Actual Max Startup Time": 0.027, "Actual Min Total Time": 0.034, "Actual Max Total Time": 0.034, "Filter": "((role)::text = 'actress'::text)", "Rows Removed by Filter": 11, "Actual Rows": 1}, {"Node Type": "Materialize", "Parent Relationship": "Inner", "Startup Cost": 0.0, "Total Cost": 154533.46, "Plan Rows": 141, "Plan Width": 28, "Actual Min Startup Time": 370.792, "Actual Max Startup Time": 370.792, "Actual Min Total Time": 370.871, "Actual Max Total Time": 370.871, "Plans": [{"Node Type": "Nested Loop", "Parent Relationship": "Outer", "Join Type": "Inner", "Startup Cost": 0.0, "Total Cost": 154533.1, "Plan Rows": 141, "Plan Width": 28, "Actual Min Startup Time": 96.425, "Actual Max Startup Time": 96.425, "Actual Min Total Time": 370.541, "Actual Max Total Time": 370.541, "Inner Unique": false, "Join Filter": "(n.id = ci.person_id)", "Rows Removed by Join Filter": 0, "Plans": [{"Node Type": "Nested Loop", "Parent Relationship": "Outer", "Join Type": "Inner", "Startup Cost": 0.0, "Total Cost": 154257.82, "Plan Rows": 115, "Plan Width": 24, "Actual Min Startup Time": 95.83, "Actual Max Startup Time": 95.83, "Actual Min Total Time": 315.879, "Actual Max Total Time": 315.879, "Inner Unique": false, "Plans": [{"Node Type": "Streaming(type: LOCAL GATHER dop: 1/16)", "Parent Relationship": "Outer", "Startup Cost": 0.0, "Total Cost": 153466.94, "Plan Rows": 96, "Plan Width": 4, "Actual Min Startup Time": 95.756, "Actual Max Startup Time": 95.756, "Actual Min Total Time": 293.923, "Actual Max Total Time": 293.923, "Plans": [{"Node Type": "Index Scan", "Parent Relationship": "Outer", "Scan Direction": "Forward", "Index Name": "name_pkey", "Relation Name": "name", "Alias": "n", "Startup Cost": 0.0, "Total Cost": 153464.87, "Plan Rows": 96, "Plan Width": 4, "Actual Min Startup Time": 40.31, "Actual Max Startup Time": 338.836, "Actual Min Total Time": 295.678, "Actual Max Total Time": 338.836, "Filter": "(((name)::text ~~ '%Ang%'::text) AND ((gender)::text = 'f'::text))", "Rows Removed by Filter": 4160722, "Actual Rows": 6768}], "Actual Rows": 6768}, {"Node Type": "Index Scan", "Parent Relationship": "Inner", "Scan Direction": "Forward", "Index Name": "person_id_aka_name", "Relation Name": "aka_name", "Alias": "an", "Startup Cost": 0.0, "Total Cost": 8.23, "Plan Rows": 1, "Plan Width": 20, "Actual Min Startup Time": 17.357, "Actual Max Startup Time": 17.357, "Actual Min Total Time": 18.22, "Actual Max Total Time": 18.22, "Index Cond": "(person_id = n.id)", "Rows Removed by Index Recheck": 0, "Actual Rows": 1558}], "Actual Rows": 1558}, {"Node Type": "Index Scan", "Parent Relationship": "Inner", "Scan Direction": "Forward", "Index Name": "person_id_cast_info", "Relation Name": "cast_info", "Alias": "ci", "Startup Cost": 0.0, "Total Cost": 2.38, "Plan Rows": 1, "Plan Width": 16, "Actual Min Startup Time": 48.528, "Actual Max Startup Time": 48.528, "Actual Min Total Time": 53.577, "Actual Max Total Time": 53.577, "Index Cond": "(person_id = an.person_id)", "Rows Removed by Index Recheck": 0, "Filter": "((note)::text = ANY ('{(voice),\"(voice: Japanese version)\",\"(voice) (uncredited)\",\"(voice: English version)\"}'::text[]))", "Rows Removed by Filter": 69057, "Actual Rows": 425}], "Actual Rows": 425}], "Actual Rows": 426}], "Actual Rows": 425}, {"Node Type": "Index Scan", "Parent Relationship": "Inner", "Scan Direction": "Forward", "Index Name": "movie_id_movie_companies", "Relation Name": "movie_companies", "Alias": "mc", "Startup Cost": 0.0, "Total Cost": 0.42, "Plan Rows": 1, "Plan Width": 8, "Actual Min Startup Time": 2.907, "Actual Max Startup Time": 2.907, "Actual Min Total Time": 4.086, "Actual Max Total Time": 4.086, "Index Cond": "(movie_id = ci.movie_id)", "Rows Removed by Index Recheck": 0, "Filter": "((note IS NOT NULL) AND (((note)::text ~~ '%(USA)%'::text) OR ((note)::text ~~ '%(worldwide)%'::text)))", "Rows Removed by Filter": 1538, "Actual Rows": 373}], "Actual Rows": 373}, {"Node Type": "Index Scan", "Parent Relationship": "Inner", "Scan Direction": "Forward", "Index Name": "company_name_pkey", "Relation Name": "company_name", "Alias": "cn", "Startup Cost": 0.0, "Total Cost": 0.32, "Plan Rows": 1, "Plan Width": 4, "Actual Min Startup Time": 1.6, "Actual Max Startup Time": 1.6, "Actual Min Total Time": 1.6, "Actual Max Total Time": 1.6, "Index Cond": "(id = mc.company_id)", "Rows Removed by Index Recheck": 0, "Filter": "((country_code)::text = '[us]'::text)", "Rows Removed by Filter": 14, "Actual Rows": 359}], "Actual Rows": 359}, {"Node Type": "Index Scan", "Parent Relationship": "Inner", "Scan Direction": "Forward", "Index Name": "char_name_pkey", "Relation Name": "char_name", "Alias": "chn", "Startup Cost": 0.0, "Total Cost": 0.5, "Plan Rows": 1, "Plan Width": 20, "Actual Min Startup Time": 1.275, "Actual Max Startup Time": 1.275, "Actual Min Total Time": 1.275, "Actual Max Total Time": 1.275, "Index Cond": "(id = ci.person_role_id)", "Rows Removed by Index Recheck": 0, "Actual Rows": 341}], "Actual Rows": 341}, {"Node Type": "Index Scan", "Parent Relationship": "Inner", "Scan Direction": "Forward", "Index Name": "title_pkey", "Relation Name": "title", "Alias": "t", "Startup Cost": 0.0, "Total Cost": 0.49, "Plan Rows": 1, "Plan Width": 21, "Actual Min Startup Time": 1.749, "Actual Max Startup Time": 1.749, "Actual Min Total Time": 1.749, "Actual Max Total Time": 1.749, "Index Cond": "(id = ci.movie_id)", "Rows Removed by Index Recheck": 0, "Filter": "((production_year >= 2005) AND (production_year <= 2015))", "Rows Removed by Filter": 220, "Actual Rows": 121}], "Actual Rows": 121}], "Actual Rows": 1}, "Triggers": [], "Planner Runtime": 15, "Total Runtime": 384.132, "Unique SQL Id": 3431223514}}, "(16, 2)": {"explain_plan": {"Plan": {"Node Type": "Aggregate", "Strategy": "Plain", "Startup Cost": 23623.98, "Total Cost": 23623.99, "Plan Rows": 1, "Plan Width": 145, "Plans": [{"Node Type": "Nested Loop", "Parent Relationship": "Outer", "Join Type": "Inner", "Startup Cost": 6.41, "Total Cost": 23623.96, "Plan Rows": 2, "Plan Width": 49, "Inner Unique": true, "Plans": [{"Node Type": "Nested Loop", "Parent Relationship": "Outer", "Join Type": "Inner", "Startup Cost": 6.11, "Total Cost": 23615.3, "Plan Rows": 2, "Plan Width": 40, "Inner Unique": true, "Plans": [{"Node Type": "Nested Loop", "Parent Relationship": "Outer", "Join Type": "Inner", "Startup Cost": 5.85, "Total Cost": 23606.73, "Plan Rows": 2, "Plan Width": 44, "Inner Unique": true, "Plans": [{"Node Type": "Nested Loop", "Parent Relationship": "Outer", "Join Type": "Inner", "Startup Cost": 5.53, "Total Cost": 23585.05, "Plan Rows": 5, "Plan Width": 32, "Inner Unique": false, "Plans": [{"Node Type": "Nested Loop", "Parent Relationship": "Outer", "Join Type": "Inner", "Startup Cost": 5.22, "Total Cost": 23528.42, "Plan Rows": 13, "Plan Width": 24, "Inner Unique": false, "Join Filter": "(ci.role_id = rt.id)", "Plans": [{"Node Type": "Seq Scan", "Parent Relationship": "Outer", "Relation Name": "role_type", "Alias": "rt", "Startup Cost": 0.0, "Total Cost": 1.15, "Plan Rows": 1, "Plan Width": 4, "Filter": "((role)::text = 'actress'::text)"}, {"Node Type": "Materialize", "Parent Relationship": "Inner", "Startup Cost": 5.22, "Total Cost": 23525.86, "Plan Rows": 141, "Plan Width": 28, "Plans": [{"Node Type": "Nested Loop", "Parent Relationship": "Outer", "Join Type": "Inner", "Startup Cost": 5.22, "Total Cost": 23525.5, "Plan Rows": 141, "Plan Width": 28, "Inner Unique": false, "Join Filter": "(n.id = ci.person_id)", "Plans": [{"Node Type": "Nested Loop", "Parent Relationship": "Outer", "Join Type": "Inner", "Startup Cost": 4.22, "Total Cost": 22912.31, "Plan Rows": 115, "Plan Width": 24, "Inner Unique": false, "Plans": [{"Node Type": "Streaming(type: LOCAL GATHER dop: 1/16)", "Parent Relationship": "Outer", "Startup Cost": 0.0, "Total Cost": 22121.41, "Plan Rows": 96, "Plan Width": 4, "Plans": [{"Node Type": "Seq Scan", "Parent Relationship": "Outer", "Relation Name": "name", "Alias": "n", "Startup Cost": 0.0, "Total Cost": 22119.33, "Plan Rows": 96, "Plan Width": 4, "Filter": "(((name)::text ~~ '%Ang%'::text) AND ((gender)::text = 'f'::text))"}]}, {"Node Type": "Bitmap Heap Scan", "Parent Relationship": "Inner", "Relation Name": "aka_name", "Alias": "an", "Startup Cost": 4.22, "Total Cost": 8.23, "Plan Rows": 1, "Plan Width": 20, "Recheck Cond": "(person_id = n.id)", "Plans": [{"Node Type": "Bitmap Index Scan", "Parent Relationship": "Outer", "Index Name": "person_id_aka_name", "Startup Cost": 0.0, "Total Cost": 4.22, "Plan Rows": 1, "Plan Width": 0, "Index Cond": "(person_id = n.id)"}]}]}, {"Node Type": "Bitmap Heap Scan", "Parent Relationship": "Inner", "Relation Name": "cast_info", "Alias": "ci", "Startup Cost": 1.0, "Total Cost": 5.32, "Plan Rows": 1, "Plan Width": 16, "Recheck Cond": "(person_id = an.person_id)", "Filter": "((note)::text = ANY ('{(voice),\"(voice: Japanese version)\",\"(voice) (uncredited)\",\"(voice: English version)\"}'::text[]))", "Plans": [{"Node Type": "Bitmap Index Scan", "Parent Relationship": "Outer", "Index Name": "person_id_cast_info", "Startup Cost": 0.0, "Total Cost": 1.0, "Plan Rows": 18, "Plan Width": 0, "Index Cond": "(person_id = an.person_id)"}]}]}]}]}, {"Node Type": "Bitmap Heap Scan", "Parent Relationship": "Inner", "Relation Name": "movie_companies", "Alias": "mc", "Startup Cost": 0.31, "Total Cost": 4.35, "Plan Rows": 1, "Plan Width": 8, "Recheck Cond": "(movie_id = ci.movie_id)", "Filter": "((note IS NOT NULL) AND (((note)::text ~~ '%(USA)%'::text) OR ((note)::text ~~ '%(worldwide)%'::text)))", "Plans": [{"Node Type": "Bitmap Index Scan", "Parent Relationship": "Outer", "Index Name": "movie_id_movie_companies", "Startup Cost": 0.0, "Total Cost": 0.31, "Plan Rows": 2, "Plan Width": 0, "Index Cond": "(movie_id = ci.movie_id)"}]}]}, {"Node Type": "Bitmap Heap Scan", "Parent Relationship": "Inner", "Relation Name": "char_name", "Alias": "chn", "Startup Cost": 0.31, "Total Cost": 4.33, "Plan Rows": 1, "Plan Width": 20, "Recheck Cond": "(id = ci.person_role_id)", "Plans": [{"Node Type": "Bitmap Index Scan", "Parent Relationship": "Outer", "Index Name": "char_name_pkey", "Startup Cost": 0.0, "Total Cost": 0.31, "Plan Rows": 1, "Plan Width": 0, "Index Cond": "(id = ci.person_role_id)"}]}]}, {"Node Type": "Bitmap Heap Scan", "Parent Relationship": "Inner", "Relation Name": "company_name", "Alias": "cn", "Startup Cost": 0.26, "Total Cost": 4.28, "Plan Rows": 1, "Plan Width": 4, "Recheck Cond": "(id = mc.company_id)", "Filter": "((country_code)::text = '[us]'::text)", "Plans": [{"Node Type": "Bitmap Index Scan", "Parent Relationship": "Outer", "Index Name": "company_name_pkey", "Startup Cost": 0.0, "Total Cost": 0.26, "Plan Rows": 1, "Plan Width": 0, "Index Cond": "(id = mc.company_id)"}]}]}, {"Node Type": "Bitmap Heap Scan", "Parent Relationship": "Inner", "Relation Name": "title", "Alias": "t", "Startup Cost": 0.3, "Total Cost": 4.32, "Plan Rows": 1, "Plan Width": 21, "Recheck Cond": "(id = ci.movie_id)", "Filter": "((production_year >= 2005) AND (production_year <= 2015))", "Plans": [{"Node Type": "Bitmap Index Scan", "Parent Relationship": "Outer", "Index Name": "title_pkey", "Startup Cost": 0.0, "Total Cost": 0.3, "Plan Rows": 1, "Plan Width": 0, "Index Cond": "(id = ci.movie_id)"}]}]}]}, "Unique SQL Id": 3431223514, "Planner Runtime": 264}, "explain_analyze_plan": {"Plan": {"Node Type": "Aggregate", "Strategy": "Plain", "Startup Cost": 23623.98, "Total Cost": 23623.99, "Plan Rows": 1, "Plan Width": 145, "Actual Min Startup Time": 230.518, "Actual Max Startup Time": 230.518, "Actual Min Total Time": 230.518, "Actual Max Total Time": 230.518, "Plans": [{"Node Type": "Nested Loop", "Parent Relationship": "Outer", "Join Type": "Inner", "Startup Cost": 6.41, "Total Cost": 23623.96, "Plan Rows": 2, "Plan Width": 49, "Actual Min Startup Time": 217.622, "Actual Max Startup Time": 217.622, "Actual Min Total Time": 230.338, "Actual Max Total Time": 230.338, "Inner Unique": true, "Plans": [{"Node Type": "Nested Loop", "Parent Relationship": "Outer", "Join Type": "Inner", "Startup Cost": 6.11, "Total Cost": 23615.3, "Plan Rows": 2, "Plan Width": 40, "Actual Min Startup Time": 217.583, "Actual Max Startup Time": 217.583, "Actual Min Total Time": 227.791, "Actual Max Total Time": 227.791, "Inner Unique": true, "Plans": [{"Node Type": "Nested Loop", "Parent Relationship": "Outer", "Join Type": "Inner", "Startup Cost": 5.85, "Total Cost": 23606.73, "Plan Rows": 2, "Plan Width": 44, "Actual Min Startup Time": 217.552, "Actual Max Startup Time": 217.552, "Actual Min Total Time": 225.464, "Actual Max Total Time": 225.464, "Inner Unique": true, "Plans": [{"Node Type": "Nested Loop", "Parent Relationship": "Outer", "Join Type": "Inner", "Startup Cost": 5.53, "Total Cost": 23585.05, "Plan Rows": 5, "Plan Width": 32, "Actual Min Startup Time": 217.473, "Actual Max Startup Time": 217.473, "Actual Min Total Time": 223.255, "Actual Max Total Time": 223.255, "Inner Unique": false, "Plans": [{"Node Type": "Nested Loop", "Parent Relationship": "Outer", "Join Type": "Inner", "Startup Cost": 5.22, "Total Cost": 23528.42, "Plan Rows": 13, "Plan Width": 24, "Actual Min Startup Time": 217.427, "Actual Max Startup Time": 217.427, "Actual Min Total Time": 217.739, "Actual Max Total Time": 217.739, "Inner Unique": false, "Join Filter": "(ci.role_id = rt.id)", "Rows Removed by Join Filter": 0, "Plans": [{"Node Type": "Seq Scan", "Parent Relationship": "Outer", "Relation Name": "role_type", "Alias": "rt", "Startup Cost": 0.0, "Total Cost": 1.15, "Plan Rows": 1, "Plan Width": 4, "Actual Min Startup Time": 0.031, "Actual Max Startup Time": 0.031, "Actual Min Total Time": 0.036, "Actual Max Total Time": 0.036, "Filter": "((role)::text = 'actress'::text)", "Rows Removed by Filter": 11, "Actual Rows": 1}, {"Node Type": "Materialize", "Parent Relationship": "Inner", "Startup Cost": 5.22, "Total Cost": 23525.86, "Plan Rows": 141, "Plan Width": 28, "Actual Min Startup Time": 217.382, "Actual Max Startup Time": 217.382, "Actual Min Total Time": 217.456, "Actual Max Total Time": 217.456, "Plans": [{"Node Type": "Nested Loop", "Parent Relationship": "Outer", "Join Type": "Inner", "Startup Cost": 5.22, "Total Cost": 23525.5, "Plan Rows": 141, "Plan Width": 28, "Actual Min Startup Time": 80.051, "Actual Max Startup Time": 80.051, "Actual Min Total Time": 217.172, "Actual Max Total Time": 217.172, "Inner Unique": false, "Join Filter": "(n.id = ci.person_id)", "Rows Removed by Join Filter": 0, "Plans": [{"Node Type": "Nested Loop", "Parent Relationship": "Outer", "Join Type": "Inner", "Startup Cost": 4.22, "Total Cost": 22912.31, "Plan Rows": 115, "Plan Width": 24, "Actual Min Startup Time": 79.885, "Actual Max Startup Time": 79.885, "Actual Min Total Time": 161.683, "Actual Max Total Time": 161.683, "Inner Unique": false, "Plans": [{"Node Type": "Streaming(type: LOCAL GATHER dop: 1/16)", "Parent Relationship": "Outer", "Startup Cost": 0.0, "Total Cost": 22121.41, "Plan Rows": 96, "Plan Width": 4, "Actual Min Startup Time": 79.796, "Actual Max Startup Time": 79.796, "Actual Min Total Time": 130.656, "Actual Max Total Time": 130.656, "Plans": [{"Node Type": "Seq Scan", "Parent Relationship": "Outer", "Relation Name": "name", "Alias": "n", "Startup Cost": 0.0, "Total Cost": 22119.33, "Plan Rows": 96, "Plan Width": 4, "Actual Min Startup Time": 42.663, "Actual Max Startup Time": 47.561, "Actual Min Total Time": 105.963, "Actual Max Total Time": 112.359, "Filter": "(((name)::text ~~ '%Ang%'::text) AND ((gender)::text = 'f'::text))", "Rows Removed by Filter": 4160722, "Actual Rows": 6768}], "Actual Rows": 6768}, {"Node Type": "Bitmap Heap Scan", "Parent Relationship": "Inner", "Relation Name": "aka_name", "Alias": "an", "Startup Cost": 4.22, "Total Cost": 8.23, "Plan Rows": 1, "Plan Width": 20, "Actual Min Startup Time": 22.924, "Actual Max Startup Time": 22.924, "Actual Min Total Time": 23.524, "Actual Max Total Time": 23.524, "Recheck Cond": "(person_id = n.id)", "Rows Removed by Index Recheck": 0, "Exact Heap Blocks": 1014, "Lossy Heap Blocks": 1014, "Plans": [{"Node Type": "Bitmap Index Scan", "Parent Relationship": "Outer", "Index Name": "person_id_aka_name", "Startup Cost": 0.0, "Total Cost": 4.22, "Plan Rows": 1, "Plan Width": 0, "Actual Min Startup Time": 17.339, "Actual Max Startup Time": 17.339, "Actual Min Total Time": 17.339, "Actual Max Total Time": 17.339, "Index Cond": "(person_id = n.id)", "Actual Rows": 1558}], "Actual Rows": 1558}], "Actual Rows": 1558}, {"Node Type": "Bitmap Heap Scan", "Parent Relationship": "Inner", "Relation Name": "cast_info", "Alias": "ci", "Startup Cost": 1.0, "Total Cost": 5.32, "Plan Rows": 1, "Plan Width": 16, "Actual Min Startup Time": 50.075, "Actual Max Startup Time": 50.075, "Actual Min Total Time": 53.376, "Actual Max Total Time": 53.376, "Recheck Cond": "(person_id = an.person_id)", "Rows Removed by Index Recheck": 0, "Filter": "((note)::text = ANY ('{(voice),\"(voice: Japanese version)\",\"(voice) (uncredited)\",\"(voice: English version)\"}'::text[]))", "Rows Removed by Filter": 69057, "Exact Heap Blocks": 2627, "Lossy Heap Blocks": 2627, "Plans": [{"Node Type": "Bitmap Index Scan", "Parent Relationship": "Outer", "Index Name": "person_id_cast_info", "Startup Cost": 0.0, "Total Cost": 1.0, "Plan Rows": 18, "Plan Width": 0, "Actual Min Startup Time": 16.75, "Actual Max Startup Time": 16.75, "Actual Min Total Time": 16.75, "Actual Max Total Time": 16.75, "Index Cond": "(person_id = an.person_id)", "Actual Rows": 69482}], "Actual Rows": 425}], "Actual Rows": 425}], "Actual Rows": 426}], "Actual Rows": 425}, {"Node Type": "Bitmap Heap Scan", "Parent Relationship": "Inner", "Relation Name": "movie_companies", "Alias": "mc", "Startup Cost": 0.31, "Total Cost": 4.35, "Plan Rows": 1, "Plan Width": 8, "Actual Min Startup Time": 3.932, "Actual Max Startup Time": 3.932, "Actual Min Total Time": 4.897, "Actual Max Total Time": 4.897, "Recheck Cond": "(movie_id = ci.movie_id)", "Rows Removed by Index Recheck": 0, "Filter": "((note IS NOT NULL) AND (((note)::text ~~ '%(USA)%'::text) OR ((note)::text ~~ '%(worldwide)%'::text)))", "Rows Removed by Filter": 1538, "Exact Heap Blocks": 580, "Lossy Heap Blocks": 580, "Plans": [{"Node Type": "Bitmap Index Scan", "Parent Relationship": "Outer", "Index Name": "movie_id_movie_companies", "Startup Cost": 0.0, "Total Cost": 0.31, "Plan Rows": 2, "Plan Width": 0, "Actual Min Startup Time": 2.128, "Actual Max Startup Time": 2.128, "Actual Min Total Time": 2.128, "Actual Max Total Time": 2.128, "Index Cond": "(movie_id = ci.movie_id)", "Actual Rows": 1911}], "Actual Rows": 373}], "Actual Rows": 373}, {"Node Type": "Bitmap Heap Scan", "Parent Relationship": "Inner", "Relation Name": "char_name", "Alias": "chn", "Startup Cost": 0.31, "Total Cost": 4.33, "Plan Rows": 1, "Plan Width": 20, "Actual Min Startup Time": 1.693, "Actual Max Startup Time": 1.693, "Actual Min Total Time": 1.693, "Actual Max Total Time": 1.693, "Recheck Cond": "(id = ci.person_role_id)", "Rows Removed by Index Recheck": 0, "Exact Heap Blocks": 348, "Lossy Heap Blocks": 348, "Plans": [{"Node Type": "Bitmap Index Scan", "Parent Relationship": "Outer", "Index Name": "char_name_pkey", "Startup Cost": 0.0, "Total Cost": 0.31, "Plan Rows": 1, "Plan Width": 0, "Actual Min Startup Time": 1.074, "Actual Max Startup Time": 1.074, "Actual Min Total Time": 1.074, "Actual Max Total Time": 1.074, "Index Cond": "(id = ci.person_role_id)", "Actual Rows": 348}], "Actual Rows": 348}], "Actual Rows": 348}, {"Node Type": "Bitmap Heap Scan", "Parent Relationship": "Inner", "Relation Name": "company_name", "Alias": "cn", "Startup Cost": 0.26, "Total Cost": 4.28, "Plan Rows": 1, "Plan Width": 4, "Actual Min Startup Time": 1.819, "Actual Max Startup Time": 1.819, "Actual Min Total Time": 1.819, "Actual Max Total Time": 1.819, "Recheck Cond": "(id = mc.company_id)", "Rows Removed by Index Recheck": 0, "Filter": "((country_code)::text = '[us]'::text)", "Rows Removed by Filter": 7, "Exact Heap Blocks": 348, "Lossy Heap Blocks": 348, "Plans": [{"Node Type": "Bitmap Index Scan", "Parent Relationship": "Outer", "Index Name": "company_name_pkey", "Startup Cost": 0.0, "Total Cost": 0.26, "Plan Rows": 1, "Plan Width": 0, "Actual Min Startup Time": 1.023, "Actual Max Startup Time": 1.023, "Actual Min Total Time": 1.023, "Actual Max Total Time": 1.023, "Index Cond": "(id = mc.company_id)", "Actual Rows": 348}], "Actual Rows": 341}], "Actual Rows": 341}, {"Node Type": "Bitmap Heap Scan", "Parent Relationship": "Inner", "Relation Name": "title", "Alias": "t", "Startup Cost": 0.3, "Total Cost": 4.32, "Plan Rows": 1, "Plan Width": 21, "Actual Min Startup Time": 2.105, "Actual Max Startup Time": 2.105, "Actual Min Total Time": 2.105, "Actual Max Total Time": 2.105, "Recheck Cond": "(id = ci.movie_id)", "Rows Removed by Index Recheck": 0, "Filter": "((production_year >= 2005) AND (production_year <= 2015))", "Rows Removed by Filter": 220, "Exact Heap Blocks": 341, "Lossy Heap Blocks": 341, "Plans": [{"Node Type": "Bitmap Index Scan", "Parent Relationship": "Outer", "Index Name": "title_pkey", "Startup Cost": 0.0, "Total Cost": 0.3, "Plan Rows": 1, "Plan Width": 0, "Actual Min Startup Time": 1.263, "Actual Max Startup Time": 1.263, "Actual Min Total Time": 1.263, "Actual Max Total Time": 1.263, "Index Cond": "(id = ci.movie_id)", "Actual Rows": 341}], "Actual Rows": 121}], "Actual Rows": 121}], "Actual Rows": 1}, "Triggers": [], "Planner Runtime": 247, "Total Runtime": 233.701, "Unique SQL Id": 3431223514}}, "(16, 3)": {"explain_plan": {"Plan": {"Node Type": "Aggregate", "Strategy": "Plain", "Startup Cost": 199170.6, "Total Cost": 199170.61, "Plan Rows": 1, "Plan Width": 145, "Plans": [{"Node Type": "Nested Loop", "Parent Relationship": "Outer", "Join Type": "Inner", "Startup Cost": 83164.39, "Total Cost": 199170.59, "Plan Rows": 2, "Plan Width": 49, "Inner Unique": true, "Plans": [{"Node Type": "Nested Loop", "Parent Relationship": "Outer", "Join Type": "Inner", "Startup Cost": 83164.09, "Total Cost": 199161.93, "Plan Rows": 2, "Plan Width": 40, "Inner Unique": true, "Plans": [{"Node Type": "Nested Loop", "Parent Relationship": "Outer", "Join Type": "Inner", "Startup Cost": 83163.83, "Total Cost": 199153.35, "Plan Rows": 2, "Plan Width": 44, "Inner Unique": true, "Plans": [{"Node Type": "Nested Loop", "Parent Relationship": "Outer", "Join Type": "Inner", "Startup Cost": 83163.51, "Total Cost": 199131.67, "Plan Rows": 5, "Plan Width": 32, "Inner Unique": false, "Plans": [{"Node Type": "Nested Loop", "Parent Relationship": "Outer", "Join Type": "Inner", "Startup Cost": 83163.2, "Total Cost": 199075.04, "Plan Rows": 13, "Plan Width": 24, "Inner Unique": true, "Plans": [{"Node Type": "Nested Loop", "Parent Relationship": "Outer", "Join Type": "Inner", "Startup Cost": 83162.94, "Total Cost": 198471.17, "Plan Rows": 141, "Plan Width": 28, "Inner Unique": false, "Join Filter": "(n.id = ci.person_id)", "Plans": [{"Node Type": "Nested Loop", "Parent Relationship": "Outer", "Join Type": "Inner", "Startup Cost": 83161.94, "Total Cost": 197857.98, "Plan Rows": 115, "Plan Width": 24, "Inner Unique": false, "Plans": [{"Node Type": "Bitmap Heap Scan", "Parent Relationship": "Outer", "Relation Name": "name", "Alias": "n", "Startup Cost": 83157.72, "Total Cost": 197067.07, "Plan Rows": 96, "Plan Width": 4, "Filter": "(((name)::text ~~ '%Ang%'::text) AND ((gender)::text = 'f'::text))", "Plans": [{"Node Type": "Bitmap Index Scan", "Parent Relationship": "Outer", "Index Name": "name_pkey", "Startup Cost": 0.0, "Total Cost": 83157.7, "Plan Rows": 4167490, "Plan Width": 0}]}, {"Node Type": "Bitmap Heap Scan", "Parent Relationship": "Inner", "Relation Name": "aka_name", "Alias": "an", "Startup Cost": 4.22, "Total Cost": 8.23, "Plan Rows": 1, "Plan Width": 20, "Recheck Cond": "(person_id = n.id)", "Plans": [{"Node Type": "Bitmap Index Scan", "Parent Relationship": "Outer", "Index Name": "person_id_aka_name", "Startup Cost": 0.0, "Total Cost": 4.22, "Plan Rows": 1, "Plan Width": 0, "Index Cond": "(person_id = n.id)"}]}]}, {"Node Type": "Bitmap Heap Scan", "Parent Relationship": "Inner", "Relation Name": "cast_info", "Alias": "ci", "Startup Cost": 1.0, "Total Cost": 5.32, "Plan Rows": 1, "Plan Width": 16, "Recheck Cond": "(person_id = an.person_id)", "Filter": "((note)::text = ANY ('{(voice),\"(voice: Japanese version)\",\"(voice) (uncredited)\",\"(voice: English version)\"}'::text[]))", "Plans": [{"Node Type": "Bitmap Index Scan", "Parent Relationship": "Outer", "Index Name": "person_id_cast_info", "Startup Cost": 0.0, "Total Cost": 1.0, "Plan Rows": 18, "Plan Width": 0, "Index Cond": "(person_id = an.person_id)"}]}]}, {"Node Type": "Bitmap Heap Scan", "Parent Relationship": "Inner", "Relation Name": "role_type", "Alias": "rt", "Startup Cost": 0.26, "Total Cost": 4.27, "Plan Rows": 1, "Plan Width": 4, "Recheck Cond": "(id = ci.role_id)", "Filter": "((role)::text = 'actress'::text)", "Plans": [{"Node Type": "Bitmap Index Scan", "Parent Relationship": "Outer", "Index Name": "role_type_pkey", "Startup Cost": 0.0, "Total Cost": 0.26, "Plan Rows": 1, "Plan Width": 0, "Index Cond": "(id = ci.role_id)"}]}]}, {"Node Type": "Bitmap Heap Scan", "Parent Relationship": "Inner", "Relation Name": "movie_companies", "Alias": "mc", "Startup Cost": 0.31, "Total Cost": 4.35, "Plan Rows": 1, "Plan Width": 8, "Recheck Cond": "(movie_id = ci.movie_id)", "Filter": "((note IS NOT NULL) AND (((note)::text ~~ '%(USA)%'::text) OR ((note)::text ~~ '%(worldwide)%'::text)))", "Plans": [{"Node Type": "Bitmap Index Scan", "Parent Relationship": "Outer", "Index Name": "movie_id_movie_companies", "Startup Cost": 0.0, "Total Cost": 0.31, "Plan Rows": 2, "Plan Width": 0, "Index Cond": "(movie_id = ci.movie_id)"}]}]}, {"Node Type": "Bitmap Heap Scan", "Parent Relationship": "Inner", "Relation Name": "char_name", "Alias": "chn", "Startup Cost": 0.31, "Total Cost": 4.33, "Plan Rows": 1, "Plan Width": 20, "Recheck Cond": "(id = ci.person_role_id)", "Plans": [{"Node Type": "Bitmap Index Scan", "Parent Relationship": "Outer", "Index Name": "char_name_pkey", "Startup Cost": 0.0, "Total Cost": 0.31, "Plan Rows": 1, "Plan Width": 0, "Index Cond": "(id = ci.person_role_id)"}]}]}, {"Node Type": "Bitmap Heap Scan", "Parent Relationship": "Inner", "Relation Name": "company_name", "Alias": "cn", "Startup Cost": 0.26, "Total Cost": 4.28, "Plan Rows": 1, "Plan Width": 4, "Recheck Cond": "(id = mc.company_id)", "Filter": "((country_code)::text = '[us]'::text)", "Plans": [{"Node Type": "Bitmap Index Scan", "Parent Relationship": "Outer", "Index Name": "company_name_pkey", "Startup Cost": 0.0, "Total Cost": 0.26, "Plan Rows": 1, "Plan Width": 0, "Index Cond": "(id = mc.company_id)"}]}]}, {"Node Type": "Bitmap Heap Scan", "Parent Relationship": "Inner", "Relation Name": "title", "Alias": "t", "Startup Cost": 0.3, "Total Cost": 4.32, "Plan Rows": 1, "Plan Width": 21, "Recheck Cond": "(id = ci.movie_id)", "Filter": "((production_year >= 2005) AND (production_year <= 2015))", "Plans": [{"Node Type": "Bitmap Index Scan", "Parent Relationship": "Outer", "Index Name": "title_pkey", "Startup Cost": 0.0, "Total Cost": 0.3, "Plan Rows": 1, "Plan Width": 0, "Index Cond": "(id = ci.movie_id)"}]}]}]}, "Unique SQL Id": 3431223514, "Planner Runtime": 88}, "explain_analyze_plan": null}, "(16, 4)": {"explain_plan": {"Plan": {"Node Type": "Aggregate", "Strategy": "Plain", "Startup Cost": 23199.8, "Total Cost": 23199.81, "Plan Rows": 1, "Plan Width": 145, "Plans": [{"Node Type": "Nested Loop", "Parent Relationship": "Outer", "Join Type": "Inner", "Startup Cost": 0.0, "Total Cost": 23199.79, "Plan Rows": 1, "Plan Width": 49, "Inner Unique": true, "Plans": [{"Node Type": "Nested Loop", "Parent Relationship": "Outer", "Join Type": "Inner", "Startup Cost": 0.0, "Total Cost": 23199.29, "Plan Rows": 1, "Plan Width": 40, "Inner Unique": true, "Plans": [{"Node Type": "Nested Loop", "Parent Relationship": "Outer", "Join Type": "Inner", "Startup Cost": 0.0, "Total Cost": 23198.64, "Plan Rows": 2, "Plan Width": 44, "Inner Unique": true, "Plans": [{"Node Type": "Nested Loop", "Parent Relationship": "Outer", "Join Type": "Inner", "Startup Cost": 0.0, "Total Cost": 23196.09, "Plan Rows": 5, "Plan Width": 32, "Inner Unique": false, "Plans": [{"Node Type": "Nested Loop", "Parent Relationship": "Outer", "Join Type": "Inner", "Startup Cost": 0.0, "Total Cost": 23190.48, "Plan Rows": 13, "Plan Width": 24, "Inner Unique": false, "Join Filter": "(ci.role_id = rt.id)", "Plans": [{"Node Type": "Seq Scan", "Parent Relationship": "Outer", "Relation Name": "role_type", "Alias": "rt", "Startup Cost": 0.0, "Total Cost": 1.15, "Plan Rows": 1, "Plan Width": 4, "Filter": "((role)::text = 'actress'::text)"}, {"Node Type": "Materialize", "Parent Relationship": "Inner", "Startup Cost": 0.0, "Total Cost": 23187.92, "Plan Rows": 141, "Plan Width": 28, "Plans": [{"Node Type": "Nested Loop", "Parent Relationship": "Outer", "Join Type": "Inner", "Startup Cost": 0.0, "Total Cost": 23187.57, "Plan Rows": 141, "Plan Width": 28, "Inner Unique": false, "Join Filter": "(n.id = ci.person_id)", "Plans": [{"Node Type": "Nested Loop", "Parent Relationship": "Outer", "Join Type": "Inner", "Startup Cost": 0.0, "Total Cost": 22912.29, "Plan Rows": 115, "Plan Width": 24, "Inner Unique": false, "Plans": [{"Node Type": "Streaming(type: LOCAL GATHER dop: 1/16)", "Parent Relationship": "Outer", "Startup Cost": 0.0, "Total Cost": 22121.41, "Plan Rows": 96, "Plan Width": 4, "Plans": [{"Node Type": "Seq Scan", "Parent Relationship": "Outer", "Relation Name": "name", "Alias": "n", "Startup Cost": 0.0, "Total Cost": 22119.33, "Plan Rows": 96, "Plan Width": 4, "Filter": "(((name)::text ~~ '%Ang%'::text) AND ((gender)::text = 'f'::text))"}]}, {"Node Type": "Index Scan", "Parent Relationship": "Inner", "Scan Direction": "Forward", "Index Name": "person_id_aka_name", "Relation Name": "aka_name", "Alias": "an", "Startup Cost": 0.0, "Total Cost": 8.23, "Plan Rows": 1, "Plan Width": 20, "Index Cond": "(person_id = n.id)"}]}, {"Node Type": "Index Scan", "Parent Relationship": "Inner", "Scan Direction": "Forward", "Index Name": "person_id_cast_info", "Relation Name": "cast_info", "Alias": "ci", "Startup Cost": 0.0, "Total Cost": 2.38, "Plan Rows": 1, "Plan Width": 16, "Index Cond": "(person_id = an.person_id)", "Filter": "((note)::text = ANY ('{(voice),\"(voice: Japanese version)\",\"(voice) (uncredited)\",\"(voice: English version)\"}'::text[]))"}]}]}]}, {"Node Type": "Index Scan", "Parent Relationship": "Inner", "Scan Direction": "Forward", "Index Name": "movie_id_movie_companies", "Relation Name": "movie_companies", "Alias": "mc", "Startup Cost": 0.0, "Total Cost": 0.42, "Plan Rows": 1, "Plan Width": 8, "Index Cond": "(movie_id = ci.movie_id)", "Filter": "((note IS NOT NULL) AND (((note)::text ~~ '%(USA)%'::text) OR ((note)::text ~~ '%(worldwide)%'::text)))"}]}, {"Node Type": "Index Scan", "Parent Relationship": "Inner", "Scan Direction": "Forward", "Index Name": "char_name_pkey", "Relation Name": "char_name", "Alias": "chn", "Startup Cost": 0.0, "Total Cost": 0.5, "Plan Rows": 1, "Plan Width": 20, "Index Cond": "(id = ci.person_role_id)"}]}, {"Node Type": "Index Scan", "Parent Relationship": "Inner", "Scan Direction": "Forward", "Index Name": "company_name_pkey", "Relation Name": "company_name", "Alias": "cn", "Startup Cost": 0.0, "Total Cost": 0.32, "Plan Rows": 1, "Plan Width": 4, "Index Cond": "(id = mc.company_id)", "Filter": "((country_code)::text = '[us]'::text)"}]}, {"Node Type": "Index Scan", "Parent Relationship": "Inner", "Scan Direction": "Forward", "Index Name": "title_pkey", "Relation Name": "title", "Alias": "t", "Startup Cost": 0.0, "Total Cost": 0.49, "Plan Rows": 1, "Plan Width": 21, "Index Cond": "(id = ci.movie_id)", "Filter": "((production_year >= 2005) AND (production_year <= 2015))"}]}]}, "Unique SQL Id": 3431223514, "Planner Runtime": 174}, "explain_analyze_plan": {"Plan": {"Node Type": "Aggregate", "Strategy": "Plain", "Startup Cost": 23199.8, "Total Cost": 23199.81, "Plan Rows": 1, "Plan Width": 145, "Actual Min Startup Time": 189.942, "Actual Max Startup Time": 189.942, "Actual Min Total Time": 189.942, "Actual Max Total Time": 189.942, "Plans": [{"Node Type": "Nested Loop", "Parent Relationship": "Outer", "Join Type": "Inner", "Startup Cost": 0.0, "Total Cost": 23199.79, "Plan Rows": 1, "Plan Width": 49, "Actual Min Startup Time": 181.099, "Actual Max Startup Time": 181.099, "Actual Min Total Time": 189.781, "Actual Max Total Time": 189.781, "Inner Unique": true, "Plans": [{"Node Type": "Nested Loop", "Parent Relationship": "Outer", "Join Type": "Inner", "Startup Cost": 0.0, "Total Cost": 23199.29, "Plan Rows": 1, "Plan Width": 40, "Actual Min Startup Time": 180.812, "Actual Max Startup Time": 180.812, "Actual Min Total Time": 188.094, "Actual Max Total Time": 188.094, "Inner Unique": true, "Plans": [{"Node Type": "Nested Loop", "Parent Relationship": "Outer", "Join Type": "Inner", "Startup Cost": 0.0, "Total Cost": 23198.64, "Plan Rows": 2, "Plan Width": 44, "Actual Min Startup Time": 180.793, "Actual Max Startup Time": 180.793, "Actual Min Total Time": 186.568, "Actual Max Total Time": 186.568, "Inner Unique": true, "Plans": [{"Node Type": "Nested Loop", "Parent Relationship": "Outer", "Join Type": "Inner", "Startup Cost": 0.0, "Total Cost": 23196.09, "Plan Rows": 5, "Plan Width": 32, "Actual Min Startup Time": 180.775, "Actual Max Startup Time": 180.775, "Actual Min Total Time": 185.027, "Actual Max Total Time": 185.027, "Inner Unique": false, "Plans": [{"Node Type": "Nested Loop", "Parent Relationship": "Outer", "Join Type": "Inner", "Startup Cost": 0.0, "Total Cost": 23190.48, "Plan Rows": 13, "Plan Width": 24, "Actual Min Startup Time": 180.727, "Actual Max Startup Time": 180.727, "Actual Min Total Time": 181.011, "Actual Max Total Time": 181.011, "Inner Unique": false, "Join Filter": "(ci.role_id = rt.id)", "Rows Removed by Join Filter": 0, "Plans": [{"Node Type": "Seq Scan", "Parent Relationship": "Outer", "Relation Name": "role_type", "Alias": "rt", "Startup Cost": 0.0, "Total Cost": 1.15, "Plan Rows": 1, "Plan Width": 4, "Actual Min Startup Time": 0.028, "Actual Max Startup Time": 0.028, "Actual Min Total Time": 0.033, "Actual Max Total Time": 0.033, "Filter": "((role)::text = 'actress'::text)", "Rows Removed by Filter": 11, "Actual Rows": 1}, {"Node Type": "Materialize", "Parent Relationship": "Inner", "Startup Cost": 0.0, "Total Cost": 23187.92, "Plan Rows": 141, "Plan Width": 28, "Actual Min Startup Time": 180.682, "Actual Max Startup Time": 180.682, "Actual Min Total Time": 180.754, "Actual Max Total Time": 180.754, "Plans": [{"Node Type": "Nested Loop", "Parent Relationship": "Outer", "Join Type": "Inner", "Startup Cost": 0.0, "Total Cost": 23187.57, "Plan Rows": 141, "Plan Width": 28, "Actual Min Startup Time": 60.138, "Actual Max Startup Time": 60.138, "Actual Min Total Time": 180.446, "Actual Max Total Time": 180.446, "Inner Unique": false, "Join Filter": "(n.id = ci.person_id)", "Rows Removed by Join Filter": 0, "Plans": [{"Node Type": "Nested Loop", "Parent Relationship": "Outer", "Join Type": "Inner", "Startup Cost": 0.0, "Total Cost": 22912.29, "Plan Rows": 115, "Plan Width": 24, "Actual Min Startup Time": 58.849, "Actual Max Startup Time": 58.849, "Actual Min Total Time": 130.527, "Actual Max Total Time": 130.527, "Inner Unique": false, "Plans": [{"Node Type": "Streaming(type: LOCAL GATHER dop: 1/16)", "Parent Relationship": "Outer", "Startup Cost": 0.0, "Total Cost": 22121.41, "Plan Rows": 96, "Plan Width": 4, "Actual Min Startup Time": 58.768, "Actual Max Startup Time": 58.768, "Actual Min Total Time": 108.328, "Actual Max Total Time": 108.328, "Plans": [{"Node Type": "Seq Scan", "Parent Relationship": "Outer", "Relation Name": "name", "Alias": "n", "Startup Cost": 0.0, "Total Cost": 22119.33, "Plan Rows": 96, "Plan Width": 4, "Actual Min Startup Time": 40.816, "Actual Max Startup Time": 45.066, "Actual Min Total Time": 101.069, "Actual Max Total Time": 105.932, "Filter": "(((name)::text ~~ '%Ang%'::text) AND ((gender)::text = 'f'::text))", "Rows Removed by Filter": 4160722, "Actual Rows": 6768}], "Actual Rows": 6768}, {"Node Type": "Index Scan", "Parent Relationship": "Inner", "Scan Direction": "Forward", "Index Name": "person_id_aka_name", "Relation Name": "aka_name", "Alias": "an", "Startup Cost": 0.0, "Total Cost": 8.23, "Plan Rows": 1, "Plan Width": 20, "Actual Min Startup Time": 17.88, "Actual Max Startup Time": 17.88, "Actual Min Total Time": 18.692, "Actual Max Total Time": 18.692, "Index Cond": "(person_id = n.id)", "Rows Removed by Index Recheck": 0, "Actual Rows": 1558}], "Actual Rows": 1558}, {"Node Type": "Index Scan", "Parent Relationship": "Inner", "Scan Direction": "Forward", "Index Name": "person_id_cast_info", "Relation Name": "cast_info", "Alias": "ci", "Startup Cost": 0.0, "Total Cost": 2.38, "Plan Rows": 1, "Plan Width": 16, "Actual Min Startup Time": 44.25, "Actual Max Startup Time": 44.25, "Actual Min Total Time": 48.899, "Actual Max Total Time": 48.899, "Index Cond": "(person_id = an.person_id)", "Rows Removed by Index Recheck": 0, "Filter": "((note)::text = ANY ('{(voice),\"(voice: Japanese version)\",\"(voice) (uncredited)\",\"(voice: English version)\"}'::text[]))", "Rows Removed by Filter": 69057, "Actual Rows": 425}], "Actual Rows": 425}], "Actual Rows": 426}], "Actual Rows": 425}, {"Node Type": "Index Scan", "Parent Relationship": "Inner", "Scan Direction": "Forward", "Index Name": "movie_id_movie_companies", "Relation Name": "movie_companies", "Alias": "mc", "Startup Cost": 0.0, "Total Cost": 0.42, "Plan Rows": 1, "Plan Width": 8, "Actual Min Startup Time": 2.606, "Actual Max Startup Time": 2.606, "Actual Min Total Time": 3.712, "Actual Max Total Time": 3.712, "Index Cond": "(movie_id = ci.movie_id)", "Rows Removed by Index Recheck": 0, "Filter": "((note IS NOT NULL) AND (((note)::text ~~ '%(USA)%'::text) OR ((note)::text ~~ '%(worldwide)%'::text)))", "Rows Removed by Filter": 1538, "Actual Rows": 373}], "Actual Rows": 373}, {"Node Type": "Index Scan", "Parent Relationship": "Inner", "Scan Direction": "Forward", "Index Name": "char_name_pkey", "Relation Name": "char_name", "Alias": "chn", "Startup Cost": 0.0, "Total Cost": 0.5, "Plan Rows": 1, "Plan Width": 20, "Actual Min Startup Time": 1.235, "Actual Max Startup Time": 1.235, "Actual Min Total Time": 1.235, "Actual Max Total Time": 1.235, "Index Cond": "(id = ci.person_role_id)", "Rows Removed by Index Recheck": 0, "Actual Rows": 348}], "Actual Rows": 348}, {"Node Type": "Index Scan", "Parent Relationship": "Inner", "Scan Direction": "Forward", "Index Name": "company_name_pkey", "Relation Name": "company_name", "Alias": "cn", "Startup Cost": 0.0, "Total Cost": 0.32, "Plan Rows": 1, "Plan Width": 4, "Actual Min Startup Time": 1.254, "Actual Max Startup Time": 1.254, "Actual Min Total Time": 1.254, "Actual Max Total Time": 1.254, "Index Cond": "(id = mc.company_id)", "Rows Removed by Index Recheck": 0, "Filter": "((country_code)::text = '[us]'::text)", "Rows Removed by Filter": 7, "Actual Rows": 341}], "Actual Rows": 341}, {"Node Type": "Index Scan", "Parent Relationship": "Inner", "Scan Direction": "Forward", "Index Name": "title_pkey", "Relation Name": "title", "Alias": "t", "Startup Cost": 0.0, "Total Cost": 0.49, "Plan Rows": 1, "Plan Width": 21, "Actual Min Startup Time": 1.456, "Actual Max Startup Time": 1.456, "Actual Min Total Time": 1.456, "Actual Max Total Time": 1.456, "Index Cond": "(id = ci.movie_id)", "Rows Removed by Index Recheck": 0, "Filter": "((production_year >= 2005) AND (production_year <= 2015))", "Rows Removed by Filter": 220, "Actual Rows": 121}], "Actual Rows": 121}], "Actual Rows": 1}, "Triggers": [], "Planner Runtime": 144, "Total Runtime": 193.165, "Unique SQL Id": 3431223514}}, "(16, 5)": {"explain_plan": {"Plan": {"Node Type": "Aggregate", "Strategy": "Plain", "Startup Cost": 154556.1, "Total Cost": 154556.11, "Plan Rows": 1, "Plan Width": 145, "Plans": [{"Node Type": "Nested Loop", "Parent Relationship": "Outer", "Join Type": "Inner", "Startup Cost": 0.0, "Total Cost": 154556.09, "Plan Rows": 1, "Plan Width": 49, "Inner Unique": true, "Plans": [{"Node Type": "Nested Loop", "Parent Relationship": "Outer", "Join Type": "Inner", "Startup Cost": 0.0, "Total Cost": 154555.59, "Plan Rows": 1, "Plan Width": 40, "Inner Unique": true, "Plans": [{"Node Type": "Nested Loop", "Parent Relationship": "Outer", "Join Type": "Inner", "Startup Cost": 0.0, "Total Cost": 154554.58, "Plan Rows": 2, "Plan Width": 28, "Inner Unique": true, "Plans": [{"Node Type": "Nested Loop", "Parent Relationship": "Outer", "Join Type": "Inner", "Startup Cost": 0.0, "Total Cost": 154552.94, "Plan Rows": 5, "Plan Width": 32, "Inner Unique": false, "Plans": [{"Node Type": "Nested Loop", "Parent Relationship": "Outer", "Join Type": "Inner", "Startup Cost": 0.0, "Total Cost": 154547.33, "Plan Rows": 13, "Plan Width": 24, "Inner Unique": false, "Join Filter": "(ci.role_id = rt.id)", "Plans": [{"Node Type": "Index Scan", "Parent Relationship": "Outer", "Scan Direction": "Forward", "Index Name": "role_type_pkey", "Relation Name": "role_type", "Alias": "rt", "Startup Cost": 0.0, "Total Cost": 12.46, "Plan Rows": 1, "Plan Width": 4, "Filter": "((role)::text = 'actress'::text)"}, {"Node Type": "Materialize", "Parent Relationship": "Inner", "Startup Cost": 0.0, "Total Cost": 154533.46, "Plan Rows": 141, "Plan Width": 28, "Plans": [{"Node Type": "Nested Loop", "Parent Relationship": "Outer", "Join Type": "Inner", "Startup Cost": 0.0, "Total Cost": 154533.1, "Plan Rows": 141, "Plan Width": 28, "Inner Unique": false, "Join Filter": "(n.id = ci.person_id)", "Plans": [{"Node Type": "Nested Loop", "Parent Relationship": "Outer", "Join Type": "Inner", "Startup Cost": 0.0, "Total Cost": 154257.82, "Plan Rows": 115, "Plan Width": 24, "Inner Unique": false, "Plans": [{"Node Type": "Streaming(type: LOCAL GATHER dop: 1/16)", "Parent Relationship": "Outer", "Startup Cost": 0.0, "Total Cost": 153466.94, "Plan Rows": 96, "Plan Width": 4, "Plans": [{"Node Type": "Index Scan", "Parent Relationship": "Outer", "Scan Direction": "Forward", "Index Name": "name_pkey", "Relation Name": "name", "Alias": "n", "Startup Cost": 0.0, "Total Cost": 153464.87, "Plan Rows": 96, "Plan Width": 4, "Filter": "(((name)::text ~~ '%Ang%'::text) AND ((gender)::text = 'f'::text))"}]}, {"Node Type": "Index Scan", "Parent Relationship": "Inner", "Scan Direction": "Forward", "Index Name": "person_id_aka_name", "Relation Name": "aka_name", "Alias": "an", "Startup Cost": 0.0, "Total Cost": 8.23, "Plan Rows": 1, "Plan Width": 20, "Index Cond": "(person_id = n.id)"}]}, {"Node Type": "Index Scan", "Parent Relationship": "Inner", "Scan Direction": "Forward", "Index Name": "person_id_cast_info", "Relation Name": "cast_info", "Alias": "ci", "Startup Cost": 0.0, "Total Cost": 2.38, "Plan Rows": 1, "Plan Width": 16, "Index Cond": "(person_id = an.person_id)", "Filter": "((note)::text = ANY ('{(voice),\"(voice: Japanese version)\",\"(voice) (uncredited)\",\"(voice: English version)\"}'::text[]))"}]}]}]}, {"Node Type": "Index Scan", "Parent Relationship": "Inner", "Scan Direction": "Forward", "Index Name": "movie_id_movie_companies", "Relation Name": "movie_companies", "Alias": "mc", "Startup Cost": 0.0, "Total Cost": 0.42, "Plan Rows": 1, "Plan Width": 8, "Index Cond": "(movie_id = ci.movie_id)", "Filter": "((note IS NOT NULL) AND (((note)::text ~~ '%(USA)%'::text) OR ((note)::text ~~ '%(worldwide)%'::text)))"}]}, {"Node Type": "Index Scan", "Parent Relationship": "Inner", "Scan Direction": "Forward", "Index Name": "company_name_pkey", "Relation Name": "company_name", "Alias": "cn", "Startup Cost": 0.0, "Total Cost": 0.32, "Plan Rows": 1, "Plan Width": 4, "Index Cond": "(id = mc.company_id)", "Filter": "((country_code)::text = '[us]'::text)"}]}, {"Node Type": "Index Scan", "Parent Relationship": "Inner", "Scan Direction": "Forward", "Index Name": "char_name_pkey", "Relation Name": "char_name", "Alias": "chn", "Startup Cost": 0.0, "Total Cost": 0.5, "Plan Rows": 1, "Plan Width": 20, "Index Cond": "(id = ci.person_role_id)"}]}, {"Node Type": "Index Scan", "Parent Relationship": "Inner", "Scan Direction": "Forward", "Index Name": "title_pkey", "Relation Name": "title", "Alias": "t", "Startup Cost": 0.0, "Total Cost": 0.49, "Plan Rows": 1, "Plan Width": 21, "Index Cond": "(id = ci.movie_id)", "Filter": "((production_year >= 2005) AND (production_year <= 2015))"}]}]}, "Unique SQL Id": 3431223514, "Planner Runtime": 104}, "explain_analyze_plan": {"Plan": {"Node Type": "Aggregate", "Strategy": "Plain", "Startup Cost": 154556.1, "Total Cost": 154556.11, "Plan Rows": 1, "Plan Width": 145, "Actual Min Startup Time": 381.158, "Actual Max Startup Time": 381.158, "Actual Min Total Time": 381.159, "Actual Max Total Time": 381.159, "Plans": [{"Node Type": "Nested Loop", "Parent Relationship": "Outer", "Join Type": "Inner", "Startup Cost": 0.0, "Total Cost": 154556.09, "Plan Rows": 1, "Plan Width": 49, "Actual Min Startup Time": 371.852, "Actual Max Startup Time": 371.852, "Actual Min Total Time": 381.01, "Actual Max Total Time": 381.01, "Inner Unique": true, "Plans": [{"Node Type": "Nested Loop", "Parent Relationship": "Outer", "Join Type": "Inner", "Startup Cost": 0.0, "Total Cost": 154555.59, "Plan Rows": 1, "Plan Width": 40, "Actual Min Startup Time": 370.918, "Actual Max Startup Time": 370.918, "Actual Min Total Time": 379.017, "Actual Max Total Time": 379.017, "Inner Unique": true, "Plans": [{"Node Type": "Nested Loop", "Parent Relationship": "Outer", "Join Type": "Inner", "Startup Cost": 0.0, "Total Cost": 154554.58, "Plan Rows": 2, "Plan Width": 28, "Actual Min Startup Time": 370.897, "Actual Max Startup Time": 370.897, "Actual Min Total Time": 377.445, "Actual Max Total Time": 377.445, "Inner Unique": true, "Plans": [{"Node Type": "Nested Loop", "Parent Relationship": "Outer", "Join Type": "Inner", "Startup Cost": 0.0, "Total Cost": 154552.94, "Plan Rows": 5, "Plan Width": 32, "Actual Min Startup Time": 370.872, "Actual Max Startup Time": 370.872, "Actual Min Total Time": 375.543, "Actual Max Total Time": 375.543, "Inner Unique": false, "Plans": [{"Node Type": "Nested Loop", "Parent Relationship": "Outer", "Join Type": "Inner", "Startup Cost": 0.0, "Total Cost": 154547.33, "Plan Rows": 13, "Plan Width": 24, "Actual Min Startup Time": 370.838, "Actual Max Startup Time": 370.838, "Actual Min Total Time": 371.129, "Actual Max Total Time": 371.129, "Inner Unique": false, "Join Filter": "(ci.role_id = rt.id)", "Rows Removed by Join Filter": 0, "Plans": [{"Node Type": "Index Scan", "Parent Relationship": "Outer", "Scan Direction": "Forward", "Index Name": "role_type_pkey", "Relation Name": "role_type", "Alias": "rt", "Startup Cost": 0.0, "Total Cost": 12.46, "Plan Rows": 1, "Plan Width": 4, "Actual Min Startup Time": 0.027, "Actual Max Startup Time": 0.027, "Actual Min Total Time": 0.034, "Actual Max Total Time": 0.034, "Filter": "((role)::text = 'actress'::text)", "Rows Removed by Filter": 11, "Actual Rows": 1}, {"Node Type": "Materialize", "Parent Relationship": "Inner", "Startup Cost": 0.0, "Total Cost": 154533.46, "Plan Rows": 141, "Plan Width": 28, "Actual Min Startup Time": 370.792, "Actual Max Startup Time": 370.792, "Actual Min Total Time": 370.871, "Actual Max Total Time": 370.871, "Plans": [{"Node Type": "Nested Loop", "Parent Relationship": "Outer", "Join Type": "Inner", "Startup Cost": 0.0, "Total Cost": 154533.1, "Plan Rows": 141, "Plan Width": 28, "Actual Min Startup Time": 96.425, "Actual Max Startup Time": 96.425, "Actual Min Total Time": 370.541, "Actual Max Total Time": 370.541, "Inner Unique": false, "Join Filter": "(n.id = ci.person_id)", "Rows Removed by Join Filter": 0, "Plans": [{"Node Type": "Nested Loop", "Parent Relationship": "Outer", "Join Type": "Inner", "Startup Cost": 0.0, "Total Cost": 154257.82, "Plan Rows": 115, "Plan Width": 24, "Actual Min Startup Time": 95.83, "Actual Max Startup Time": 95.83, "Actual Min Total Time": 315.879, "Actual Max Total Time": 315.879, "Inner Unique": false, "Plans": [{"Node Type": "Streaming(type: LOCAL GATHER dop: 1/16)", "Parent Relationship": "Outer", "Startup Cost": 0.0, "Total Cost": 153466.94, "Plan Rows": 96, "Plan Width": 4, "Actual Min Startup Time": 95.756, "Actual Max Startup Time": 95.756, "Actual Min Total Time": 293.923, "Actual Max Total Time": 293.923, "Plans": [{"Node Type": "Index Scan", "Parent Relationship": "Outer", "Scan Direction": "Forward", "Index Name": "name_pkey", "Relation Name": "name", "Alias": "n", "Startup Cost": 0.0, "Total Cost": 153464.87, "Plan Rows": 96, "Plan Width": 4, "Actual Min Startup Time": 40.31, "Actual Max Startup Time": 338.836, "Actual Min Total Time": 295.678, "Actual Max Total Time": 338.836, "Filter": "(((name)::text ~~ '%Ang%'::text) AND ((gender)::text = 'f'::text))", "Rows Removed by Filter": 4160722, "Actual Rows": 6768}], "Actual Rows": 6768}, {"Node Type": "Index Scan", "Parent Relationship": "Inner", "Scan Direction": "Forward", "Index Name": "person_id_aka_name", "Relation Name": "aka_name", "Alias": "an", "Startup Cost": 0.0, "Total Cost": 8.23, "Plan Rows": 1, "Plan Width": 20, "Actual Min Startup Time": 17.357, "Actual Max Startup Time": 17.357, "Actual Min Total Time": 18.22, "Actual Max Total Time": 18.22, "Index Cond": "(person_id = n.id)", "Rows Removed by Index Recheck": 0, "Actual Rows": 1558}], "Actual Rows": 1558}, {"Node Type": "Index Scan", "Parent Relationship": "Inner", "Scan Direction": "Forward", "Index Name": "person_id_cast_info", "Relation Name": "cast_info", "Alias": "ci", "Startup Cost": 0.0, "Total Cost": 2.38, "Plan Rows": 1, "Plan Width": 16, "Actual Min Startup Time": 48.528, "Actual Max Startup Time": 48.528, "Actual Min Total Time": 53.577, "Actual Max Total Time": 53.577, "Index Cond": "(person_id = an.person_id)", "Rows Removed by Index Recheck": 0, "Filter": "((note)::text = ANY ('{(voice),\"(voice: Japanese version)\",\"(voice) (uncredited)\",\"(voice: English version)\"}'::text[]))", "Rows Removed by Filter": 69057, "Actual Rows": 425}], "Actual Rows": 425}], "Actual Rows": 426}], "Actual Rows": 425}, {"Node Type": "Index Scan", "Parent Relationship": "Inner", "Scan Direction": "Forward", "Index Name": "movie_id_movie_companies", "Relation Name": "movie_companies", "Alias": "mc", "Startup Cost": 0.0, "Total Cost": 0.42, "Plan Rows": 1, "Plan Width": 8, "Actual Min Startup Time": 2.907, "Actual Max Startup Time": 2.907, "Actual Min Total Time": 4.086, "Actual Max Total Time": 4.086, "Index Cond": "(movie_id = ci.movie_id)", "Rows Removed by Index Recheck": 0, "Filter": "((note IS NOT NULL) AND (((note)::text ~~ '%(USA)%'::text) OR ((note)::text ~~ '%(worldwide)%'::text)))", "Rows Removed by Filter": 1538, "Actual Rows": 373}], "Actual Rows": 373}, {"Node Type": "Index Scan", "Parent Relationship": "Inner", "Scan Direction": "Forward", "Index Name": "company_name_pkey", "Relation Name": "company_name", "Alias": "cn", "Startup Cost": 0.0, "Total Cost": 0.32, "Plan Rows": 1, "Plan Width": 4, "Actual Min Startup Time": 1.6, "Actual Max Startup Time": 1.6, "Actual Min Total Time": 1.6, "Actual Max Total Time": 1.6, "Index Cond": "(id = mc.company_id)", "Rows Removed by Index Recheck": 0, "Filter": "((country_code)::text = '[us]'::text)", "Rows Removed by Filter": 14, "Actual Rows": 359}], "Actual Rows": 359}, {"Node Type": "Index Scan", "Parent Relationship": "Inner", "Scan Direction": "Forward", "Index Name": "char_name_pkey", "Relation Name": "char_name", "Alias": "chn", "Startup Cost": 0.0, "Total Cost": 0.5, "Plan Rows": 1, "Plan Width": 20, "Actual Min Startup Time": 1.275, "Actual Max Startup Time": 1.275, "Actual Min Total Time": 1.275, "Actual Max Total Time": 1.275, "Index Cond": "(id = ci.person_role_id)", "Rows Removed by Index Recheck": 0, "Actual Rows": 341}], "Actual Rows": 341}, {"Node Type": "Index Scan", "Parent Relationship": "Inner", "Scan Direction": "Forward", "Index Name": "title_pkey", "Relation Name": "title", "Alias": "t", "Startup Cost": 0.0, "Total Cost": 0.49, "Plan Rows": 1, "Plan Width": 21, "Actual Min Startup Time": 1.749, "Actual Max Startup Time": 1.749, "Actual Min Total Time": 1.749, "Actual Max Total Time": 1.749, "Index Cond": "(id = ci.movie_id)", "Rows Removed by Index Recheck": 0, "Filter": "((production_year >= 2005) AND (production_year <= 2015))", "Rows Removed by Filter": 220, "Actual Rows": 121}], "Actual Rows": 121}], "Actual Rows": 1}, "Triggers": [], "Planner Runtime": 15, "Total Runtime": 384.132, "Unique SQL Id": 3431223514}}, "(16, 6)": {"explain_plan": {"Plan": {"Node Type": "Aggregate", "Strategy": "Plain", "Startup Cost": 23623.98, "Total Cost": 23623.99, "Plan Rows": 1, "Plan Width": 145, "Plans": [{"Node Type": "Nested Loop", "Parent Relationship": "Outer", "Join Type": "Inner", "Startup Cost": 6.41, "Total Cost": 23623.96, "Plan Rows": 2, "Plan Width": 49, "Inner Unique": true, "Plans": [{"Node Type": "Nested Loop", "Parent Relationship": "Outer", "Join Type": "Inner", "Startup Cost": 6.11, "Total Cost": 23615.3, "Plan Rows": 2, "Plan Width": 40, "Inner Unique": true, "Plans": [{"Node Type": "Nested Loop", "Parent Relationship": "Outer", "Join Type": "Inner", "Startup Cost": 5.85, "Total Cost": 23606.73, "Plan Rows": 2, "Plan Width": 44, "Inner Unique": true, "Plans": [{"Node Type": "Nested Loop", "Parent Relationship": "Outer", "Join Type": "Inner", "Startup Cost": 5.53, "Total Cost": 23585.05, "Plan Rows": 5, "Plan Width": 32, "Inner Unique": false, "Plans": [{"Node Type": "Nested Loop", "Parent Relationship": "Outer", "Join Type": "Inner", "Startup Cost": 5.22, "Total Cost": 23528.42, "Plan Rows": 13, "Plan Width": 24, "Inner Unique": false, "Join Filter": "(ci.role_id = rt.id)", "Plans": [{"Node Type": "Seq Scan", "Parent Relationship": "Outer", "Relation Name": "role_type", "Alias": "rt", "Startup Cost": 0.0, "Total Cost": 1.15, "Plan Rows": 1, "Plan Width": 4, "Filter": "((role)::text = 'actress'::text)"}, {"Node Type": "Materialize", "Parent Relationship": "Inner", "Startup Cost": 5.22, "Total Cost": 23525.86, "Plan Rows": 141, "Plan Width": 28, "Plans": [{"Node Type": "Nested Loop", "Parent Relationship": "Outer", "Join Type": "Inner", "Startup Cost": 5.22, "Total Cost": 23525.5, "Plan Rows": 141, "Plan Width": 28, "Inner Unique": false, "Join Filter": "(n.id = ci.person_id)", "Plans": [{"Node Type": "Nested Loop", "Parent Relationship": "Outer", "Join Type": "Inner", "Startup Cost": 4.22, "Total Cost": 22912.31, "Plan Rows": 115, "Plan Width": 24, "Inner Unique": false, "Plans": [{"Node Type": "Streaming(type: LOCAL GATHER dop: 1/16)", "Parent Relationship": "Outer", "Startup Cost": 0.0, "Total Cost": 22121.41, "Plan Rows": 96, "Plan Width": 4, "Plans": [{"Node Type": "Seq Scan", "Parent Relationship": "Outer", "Relation Name": "name", "Alias": "n", "Startup Cost": 0.0, "Total Cost": 22119.33, "Plan Rows": 96, "Plan Width": 4, "Filter": "(((name)::text ~~ '%Ang%'::text) AND ((gender)::text = 'f'::text))"}]}, {"Node Type": "Bitmap Heap Scan", "Parent Relationship": "Inner", "Relation Name": "aka_name", "Alias": "an", "Startup Cost": 4.22, "Total Cost": 8.23, "Plan Rows": 1, "Plan Width": 20, "Recheck Cond": "(person_id = n.id)", "Plans": [{"Node Type": "Bitmap Index Scan", "Parent Relationship": "Outer", "Index Name": "person_id_aka_name", "Startup Cost": 0.0, "Total Cost": 4.22, "Plan Rows": 1, "Plan Width": 0, "Index Cond": "(person_id = n.id)"}]}]}, {"Node Type": "Bitmap Heap Scan", "Parent Relationship": "Inner", "Relation Name": "cast_info", "Alias": "ci", "Startup Cost": 1.0, "Total Cost": 5.32, "Plan Rows": 1, "Plan Width": 16, "Recheck Cond": "(person_id = an.person_id)", "Filter": "((note)::text = ANY ('{(voice),\"(voice: Japanese version)\",\"(voice) (uncredited)\",\"(voice: English version)\"}'::text[]))", "Plans": [{"Node Type": "Bitmap Index Scan", "Parent Relationship": "Outer", "Index Name": "person_id_cast_info", "Startup Cost": 0.0, "Total Cost": 1.0, "Plan Rows": 18, "Plan Width": 0, "Index Cond": "(person_id = an.person_id)"}]}]}]}]}, {"Node Type": "Bitmap Heap Scan", "Parent Relationship": "Inner", "Relation Name": "movie_companies", "Alias": "mc", "Startup Cost": 0.31, "Total Cost": 4.35, "Plan Rows": 1, "Plan Width": 8, "Recheck Cond": "(movie_id = ci.movie_id)", "Filter": "((note IS NOT NULL) AND (((note)::text ~~ '%(USA)%'::text) OR ((note)::text ~~ '%(worldwide)%'::text)))", "Plans": [{"Node Type": "Bitmap Index Scan", "Parent Relationship": "Outer", "Index Name": "movie_id_movie_companies", "Startup Cost": 0.0, "Total Cost": 0.31, "Plan Rows": 2, "Plan Width": 0, "Index Cond": "(movie_id = ci.movie_id)"}]}]}, {"Node Type": "Bitmap Heap Scan", "Parent Relationship": "Inner", "Relation Name": "char_name", "Alias": "chn", "Startup Cost": 0.31, "Total Cost": 4.33, "Plan Rows": 1, "Plan Width": 20, "Recheck Cond": "(id = ci.person_role_id)", "Plans": [{"Node Type": "Bitmap Index Scan", "Parent Relationship": "Outer", "Index Name": "char_name_pkey", "Startup Cost": 0.0, "Total Cost": 0.31, "Plan Rows": 1, "Plan Width": 0, "Index Cond": "(id = ci.person_role_id)"}]}]}, {"Node Type": "Bitmap Heap Scan", "Parent Relationship": "Inner", "Relation Name": "company_name", "Alias": "cn", "Startup Cost": 0.26, "Total Cost": 4.28, "Plan Rows": 1, "Plan Width": 4, "Recheck Cond": "(id = mc.company_id)", "Filter": "((country_code)::text = '[us]'::text)", "Plans": [{"Node Type": "Bitmap Index Scan", "Parent Relationship": "Outer", "Index Name": "company_name_pkey", "Startup Cost": 0.0, "Total Cost": 0.26, "Plan Rows": 1, "Plan Width": 0, "Index Cond": "(id = mc.company_id)"}]}]}, {"Node Type": "Bitmap Heap Scan", "Parent Relationship": "Inner", "Relation Name": "title", "Alias": "t", "Startup Cost": 0.3, "Total Cost": 4.32, "Plan Rows": 1, "Plan Width": 21, "Recheck Cond": "(id = ci.movie_id)", "Filter": "((production_year >= 2005) AND (production_year <= 2015))", "Plans": [{"Node Type": "Bitmap Index Scan", "Parent Relationship": "Outer", "Index Name": "title_pkey", "Startup Cost": 0.0, "Total Cost": 0.3, "Plan Rows": 1, "Plan Width": 0, "Index Cond": "(id = ci.movie_id)"}]}]}]}, "Unique SQL Id": 3431223514, "Planner Runtime": 265}, "explain_analyze_plan": {"Plan": {"Node Type": "Aggregate", "Strategy": "Plain", "Startup Cost": 23623.98, "Total Cost": 23623.99, "Plan Rows": 1, "Plan Width": 145, "Actual Min Startup Time": 230.518, "Actual Max Startup Time": 230.518, "Actual Min Total Time": 230.518, "Actual Max Total Time": 230.518, "Plans": [{"Node Type": "Nested Loop", "Parent Relationship": "Outer", "Join Type": "Inner", "Startup Cost": 6.41, "Total Cost": 23623.96, "Plan Rows": 2, "Plan Width": 49, "Actual Min Startup Time": 217.622, "Actual Max Startup Time": 217.622, "Actual Min Total Time": 230.338, "Actual Max Total Time": 230.338, "Inner Unique": true, "Plans": [{"Node Type": "Nested Loop", "Parent Relationship": "Outer", "Join Type": "Inner", "Startup Cost": 6.11, "Total Cost": 23615.3, "Plan Rows": 2, "Plan Width": 40, "Actual Min Startup Time": 217.583, "Actual Max Startup Time": 217.583, "Actual Min Total Time": 227.791, "Actual Max Total Time": 227.791, "Inner Unique": true, "Plans": [{"Node Type": "Nested Loop", "Parent Relationship": "Outer", "Join Type": "Inner", "Startup Cost": 5.85, "Total Cost": 23606.73, "Plan Rows": 2, "Plan Width": 44, "Actual Min Startup Time": 217.552, "Actual Max Startup Time": 217.552, "Actual Min Total Time": 225.464, "Actual Max Total Time": 225.464, "Inner Unique": true, "Plans": [{"Node Type": "Nested Loop", "Parent Relationship": "Outer", "Join Type": "Inner", "Startup Cost": 5.53, "Total Cost": 23585.05, "Plan Rows": 5, "Plan Width": 32, "Actual Min Startup Time": 217.473, "Actual Max Startup Time": 217.473, "Actual Min Total Time": 223.255, "Actual Max Total Time": 223.255, "Inner Unique": false, "Plans": [{"Node Type": "Nested Loop", "Parent Relationship": "Outer", "Join Type": "Inner", "Startup Cost": 5.22, "Total Cost": 23528.42, "Plan Rows": 13, "Plan Width": 24, "Actual Min Startup Time": 217.427, "Actual Max Startup Time": 217.427, "Actual Min Total Time": 217.739, "Actual Max Total Time": 217.739, "Inner Unique": false, "Join Filter": "(ci.role_id = rt.id)", "Rows Removed by Join Filter": 0, "Plans": [{"Node Type": "Seq Scan", "Parent Relationship": "Outer", "Relation Name": "role_type", "Alias": "rt", "Startup Cost": 0.0, "Total Cost": 1.15, "Plan Rows": 1, "Plan Width": 4, "Actual Min Startup Time": 0.031, "Actual Max Startup Time": 0.031, "Actual Min Total Time": 0.036, "Actual Max Total Time": 0.036, "Filter": "((role)::text = 'actress'::text)", "Rows Removed by Filter": 11, "Actual Rows": 1}, {"Node Type": "Materialize", "Parent Relationship": "Inner", "Startup Cost": 5.22, "Total Cost": 23525.86, "Plan Rows": 141, "Plan Width": 28, "Actual Min Startup Time": 217.382, "Actual Max Startup Time": 217.382, "Actual Min Total Time": 217.456, "Actual Max Total Time": 217.456, "Plans": [{"Node Type": "Nested Loop", "Parent Relationship": "Outer", "Join Type": "Inner", "Startup Cost": 5.22, "Total Cost": 23525.5, "Plan Rows": 141, "Plan Width": 28, "Actual Min Startup Time": 80.051, "Actual Max Startup Time": 80.051, "Actual Min Total Time": 217.172, "Actual Max Total Time": 217.172, "Inner Unique": false, "Join Filter": "(n.id = ci.person_id)", "Rows Removed by Join Filter": 0, "Plans": [{"Node Type": "Nested Loop", "Parent Relationship": "Outer", "Join Type": "Inner", "Startup Cost": 4.22, "Total Cost": 22912.31, "Plan Rows": 115, "Plan Width": 24, "Actual Min Startup Time": 79.885, "Actual Max Startup Time": 79.885, "Actual Min Total Time": 161.683, "Actual Max Total Time": 161.683, "Inner Unique": false, "Plans": [{"Node Type": "Streaming(type: LOCAL GATHER dop: 1/16)", "Parent Relationship": "Outer", "Startup Cost": 0.0, "Total Cost": 22121.41, "Plan Rows": 96, "Plan Width": 4, "Actual Min Startup Time": 79.796, "Actual Max Startup Time": 79.796, "Actual Min Total Time": 130.656, "Actual Max Total Time": 130.656, "Plans": [{"Node Type": "Seq Scan", "Parent Relationship": "Outer", "Relation Name": "name", "Alias": "n", "Startup Cost": 0.0, "Total Cost": 22119.33, "Plan Rows": 96, "Plan Width": 4, "Actual Min Startup Time": 42.663, "Actual Max Startup Time": 47.561, "Actual Min Total Time": 105.963, "Actual Max Total Time": 112.359, "Filter": "(((name)::text ~~ '%Ang%'::text) AND ((gender)::text = 'f'::text))", "Rows Removed by Filter": 4160722, "Actual Rows": 6768}], "Actual Rows": 6768}, {"Node Type": "Bitmap Heap Scan", "Parent Relationship": "Inner", "Relation Name": "aka_name", "Alias": "an", "Startup Cost": 4.22, "Total Cost": 8.23, "Plan Rows": 1, "Plan Width": 20, "Actual Min Startup Time": 22.924, "Actual Max Startup Time": 22.924, "Actual Min Total Time": 23.524, "Actual Max Total Time": 23.524, "Recheck Cond": "(person_id = n.id)", "Rows Removed by Index Recheck": 0, "Exact Heap Blocks": 1014, "Lossy Heap Blocks": 1014, "Plans": [{"Node Type": "Bitmap Index Scan", "Parent Relationship": "Outer", "Index Name": "person_id_aka_name", "Startup Cost": 0.0, "Total Cost": 4.22, "Plan Rows": 1, "Plan Width": 0, "Actual Min Startup Time": 17.339, "Actual Max Startup Time": 17.339, "Actual Min Total Time": 17.339, "Actual Max Total Time": 17.339, "Index Cond": "(person_id = n.id)", "Actual Rows": 1558}], "Actual Rows": 1558}], "Actual Rows": 1558}, {"Node Type": "Bitmap Heap Scan", "Parent Relationship": "Inner", "Relation Name": "cast_info", "Alias": "ci", "Startup Cost": 1.0, "Total Cost": 5.32, "Plan Rows": 1, "Plan Width": 16, "Actual Min Startup Time": 50.075, "Actual Max Startup Time": 50.075, "Actual Min Total Time": 53.376, "Actual Max Total Time": 53.376, "Recheck Cond": "(person_id = an.person_id)", "Rows Removed by Index Recheck": 0, "Filter": "((note)::text = ANY ('{(voice),\"(voice: Japanese version)\",\"(voice) (uncredited)\",\"(voice: English version)\"}'::text[]))", "Rows Removed by Filter": 69057, "Exact Heap Blocks": 2627, "Lossy Heap Blocks": 2627, "Plans": [{"Node Type": "Bitmap Index Scan", "Parent Relationship": "Outer", "Index Name": "person_id_cast_info", "Startup Cost": 0.0, "Total Cost": 1.0, "Plan Rows": 18, "Plan Width": 0, "Actual Min Startup Time": 16.75, "Actual Max Startup Time": 16.75, "Actual Min Total Time": 16.75, "Actual Max Total Time": 16.75, "Index Cond": "(person_id = an.person_id)", "Actual Rows": 69482}], "Actual Rows": 425}], "Actual Rows": 425}], "Actual Rows": 426}], "Actual Rows": 425}, {"Node Type": "Bitmap Heap Scan", "Parent Relationship": "Inner", "Relation Name": "movie_companies", "Alias": "mc", "Startup Cost": 0.31, "Total Cost": 4.35, "Plan Rows": 1, "Plan Width": 8, "Actual Min Startup Time": 3.932, "Actual Max Startup Time": 3.932, "Actual Min Total Time": 4.897, "Actual Max Total Time": 4.897, "Recheck Cond": "(movie_id = ci.movie_id)", "Rows Removed by Index Recheck": 0, "Filter": "((note IS NOT NULL) AND (((note)::text ~~ '%(USA)%'::text) OR ((note)::text ~~ '%(worldwide)%'::text)))", "Rows Removed by Filter": 1538, "Exact Heap Blocks": 580, "Lossy Heap Blocks": 580, "Plans": [{"Node Type": "Bitmap Index Scan", "Parent Relationship": "Outer", "Index Name": "movie_id_movie_companies", "Startup Cost": 0.0, "Total Cost": 0.31, "Plan Rows": 2, "Plan Width": 0, "Actual Min Startup Time": 2.128, "Actual Max Startup Time": 2.128, "Actual Min Total Time": 2.128, "Actual Max Total Time": 2.128, "Index Cond": "(movie_id = ci.movie_id)", "Actual Rows": 1911}], "Actual Rows": 373}], "Actual Rows": 373}, {"Node Type": "Bitmap Heap Scan", "Parent Relationship": "Inner", "Relation Name": "char_name", "Alias": "chn", "Startup Cost": 0.31, "Total Cost": 4.33, "Plan Rows": 1, "Plan Width": 20, "Actual Min Startup Time": 1.693, "Actual Max Startup Time": 1.693, "Actual Min Total Time": 1.693, "Actual Max Total Time": 1.693, "Recheck Cond": "(id = ci.person_role_id)", "Rows Removed by Index Recheck": 0, "Exact Heap Blocks": 348, "Lossy Heap Blocks": 348, "Plans": [{"Node Type": "Bitmap Index Scan", "Parent Relationship": "Outer", "Index Name": "char_name_pkey", "Startup Cost": 0.0, "Total Cost": 0.31, "Plan Rows": 1, "Plan Width": 0, "Actual Min Startup Time": 1.074, "Actual Max Startup Time": 1.074, "Actual Min Total Time": 1.074, "Actual Max Total Time": 1.074, "Index Cond": "(id = ci.person_role_id)", "Actual Rows": 348}], "Actual Rows": 348}], "Actual Rows": 348}, {"Node Type": "Bitmap Heap Scan", "Parent Relationship": "Inner", "Relation Name": "company_name", "Alias": "cn", "Startup Cost": 0.26, "Total Cost": 4.28, "Plan Rows": 1, "Plan Width": 4, "Actual Min Startup Time": 1.819, "Actual Max Startup Time": 1.819, "Actual Min Total Time": 1.819, "Actual Max Total Time": 1.819, "Recheck Cond": "(id = mc.company_id)", "Rows Removed by Index Recheck": 0, "Filter": "((country_code)::text = '[us]'::text)", "Rows Removed by Filter": 7, "Exact Heap Blocks": 348, "Lossy Heap Blocks": 348, "Plans": [{"Node Type": "Bitmap Index Scan", "Parent Relationship": "Outer", "Index Name": "company_name_pkey", "Startup Cost": 0.0, "Total Cost": 0.26, "Plan Rows": 1, "Plan Width": 0, "Actual Min Startup Time": 1.023, "Actual Max Startup Time": 1.023, "Actual Min Total Time": 1.023, "Actual Max Total Time": 1.023, "Index Cond": "(id = mc.company_id)", "Actual Rows": 348}], "Actual Rows": 341}], "Actual Rows": 341}, {"Node Type": "Bitmap Heap Scan", "Parent Relationship": "Inner", "Relation Name": "title", "Alias": "t", "Startup Cost": 0.3, "Total Cost": 4.32, "Plan Rows": 1, "Plan Width": 21, "Actual Min Startup Time": 2.105, "Actual Max Startup Time": 2.105, "Actual Min Total Time": 2.105, "Actual Max Total Time": 2.105, "Recheck Cond": "(id = ci.movie_id)", "Rows Removed by Index Recheck": 0, "Filter": "((production_year >= 2005) AND (production_year <= 2015))", "Rows Removed by Filter": 220, "Exact Heap Blocks": 341, "Lossy Heap Blocks": 341, "Plans": [{"Node Type": "Bitmap Index Scan", "Parent Relationship": "Outer", "Index Name": "title_pkey", "Startup Cost": 0.0, "Total Cost": 0.3, "Plan Rows": 1, "Plan Width": 0, "Actual Min Startup Time": 1.263, "Actual Max Startup Time": 1.263, "Actual Min Total Time": 1.263, "Actual Max Total Time": 1.263, "Index Cond": "(id = ci.movie_id)", "Actual Rows": 341}], "Actual Rows": 121}], "Actual Rows": 121}], "Actual Rows": 1}, "Triggers": [], "Planner Runtime": 247, "Total Runtime": 233.701, "Unique SQL Id": 3431223514}}, "(16, 7)": {"explain_plan": {"Plan": {"Node Type": "Aggregate", "Strategy": "Plain", "Startup Cost": 199170.6, "Total Cost": 199170.61, "Plan Rows": 1, "Plan Width": 145, "Plans": [{"Node Type": "Nested Loop", "Parent Relationship": "Outer", "Join Type": "Inner", "Startup Cost": 83164.39, "Total Cost": 199170.59, "Plan Rows": 2, "Plan Width": 49, "Inner Unique": true, "Plans": [{"Node Type": "Nested Loop", "Parent Relationship": "Outer", "Join Type": "Inner", "Startup Cost": 83164.09, "Total Cost": 199161.93, "Plan Rows": 2, "Plan Width": 40, "Inner Unique": true, "Plans": [{"Node Type": "Nested Loop", "Parent Relationship": "Outer", "Join Type": "Inner", "Startup Cost": 83163.83, "Total Cost": 199153.35, "Plan Rows": 2, "Plan Width": 44, "Inner Unique": true, "Plans": [{"Node Type": "Nested Loop", "Parent Relationship": "Outer", "Join Type": "Inner", "Startup Cost": 83163.51, "Total Cost": 199131.67, "Plan Rows": 5, "Plan Width": 32, "Inner Unique": false, "Plans": [{"Node Type": "Nested Loop", "Parent Relationship": "Outer", "Join Type": "Inner", "Startup Cost": 83163.2, "Total Cost": 199075.04, "Plan Rows": 13, "Plan Width": 24, "Inner Unique": true, "Plans": [{"Node Type": "Nested Loop", "Parent Relationship": "Outer", "Join Type": "Inner", "Startup Cost": 83162.94, "Total Cost": 198471.17, "Plan Rows": 141, "Plan Width": 28, "Inner Unique": false, "Join Filter": "(n.id = ci.person_id)", "Plans": [{"Node Type": "Nested Loop", "Parent Relationship": "Outer", "Join Type": "Inner", "Startup Cost": 83161.94, "Total Cost": 197857.98, "Plan Rows": 115, "Plan Width": 24, "Inner Unique": false, "Plans": [{"Node Type": "Bitmap Heap Scan", "Parent Relationship": "Outer", "Relation Name": "name", "Alias": "n", "Startup Cost": 83157.72, "Total Cost": 197067.07, "Plan Rows": 96, "Plan Width": 4, "Filter": "(((name)::text ~~ '%Ang%'::text) AND ((gender)::text = 'f'::text))", "Plans": [{"Node Type": "Bitmap Index Scan", "Parent Relationship": "Outer", "Index Name": "name_pkey", "Startup Cost": 0.0, "Total Cost": 83157.7, "Plan Rows": 4167490, "Plan Width": 0}]}, {"Node Type": "Bitmap Heap Scan", "Parent Relationship": "Inner", "Relation Name": "aka_name", "Alias": "an", "Startup Cost": 4.22, "Total Cost": 8.23, "Plan Rows": 1, "Plan Width": 20, "Recheck Cond": "(person_id = n.id)", "Plans": [{"Node Type": "Bitmap Index Scan", "Parent Relationship": "Outer", "Index Name": "person_id_aka_name", "Startup Cost": 0.0, "Total Cost": 4.22, "Plan Rows": 1, "Plan Width": 0, "Index Cond": "(person_id = n.id)"}]}]}, {"Node Type": "Bitmap Heap Scan", "Parent Relationship": "Inner", "Relation Name": "cast_info", "Alias": "ci", "Startup Cost": 1.0, "Total Cost": 5.32, "Plan Rows": 1, "Plan Width": 16, "Recheck Cond": "(person_id = an.person_id)", "Filter": "((note)::text = ANY ('{(voice),\"(voice: Japanese version)\",\"(voice) (uncredited)\",\"(voice: English version)\"}'::text[]))", "Plans": [{"Node Type": "Bitmap Index Scan", "Parent Relationship": "Outer", "Index Name": "person_id_cast_info", "Startup Cost": 0.0, "Total Cost": 1.0, "Plan Rows": 18, "Plan Width": 0, "Index Cond": "(person_id = an.person_id)"}]}]}, {"Node Type": "Bitmap Heap Scan", "Parent Relationship": "Inner", "Relation Name": "role_type", "Alias": "rt", "Startup Cost": 0.26, "Total Cost": 4.27, "Plan Rows": 1, "Plan Width": 4, "Recheck Cond": "(id = ci.role_id)", "Filter": "((role)::text = 'actress'::text)", "Plans": [{"Node Type": "Bitmap Index Scan", "Parent Relationship": "Outer", "Index Name": "role_type_pkey", "Startup Cost": 0.0, "Total Cost": 0.26, "Plan Rows": 1, "Plan Width": 0, "Index Cond": "(id = ci.role_id)"}]}]}, {"Node Type": "Bitmap Heap Scan", "Parent Relationship": "Inner", "Relation Name": "movie_companies", "Alias": "mc", "Startup Cost": 0.31, "Total Cost": 4.35, "Plan Rows": 1, "Plan Width": 8, "Recheck Cond": "(movie_id = ci.movie_id)", "Filter": "((note IS NOT NULL) AND (((note)::text ~~ '%(USA)%'::text) OR ((note)::text ~~ '%(worldwide)%'::text)))", "Plans": [{"Node Type": "Bitmap Index Scan", "Parent Relationship": "Outer", "Index Name": "movie_id_movie_companies", "Startup Cost": 0.0, "Total Cost": 0.31, "Plan Rows": 2, "Plan Width": 0, "Index Cond": "(movie_id = ci.movie_id)"}]}]}, {"Node Type": "Bitmap Heap Scan", "Parent Relationship": "Inner", "Relation Name": "char_name", "Alias": "chn", "Startup Cost": 0.31, "Total Cost": 4.33, "Plan Rows": 1, "Plan Width": 20, "Recheck Cond": "(id = ci.person_role_id)", "Plans": [{"Node Type": "Bitmap Index Scan", "Parent Relationship": "Outer", "Index Name": "char_name_pkey", "Startup Cost": 0.0, "Total Cost": 0.31, "Plan Rows": 1, "Plan Width": 0, "Index Cond": "(id = ci.person_role_id)"}]}]}, {"Node Type": "Bitmap Heap Scan", "Parent Relationship": "Inner", "Relation Name": "company_name", "Alias": "cn", "Startup Cost": 0.26, "Total Cost": 4.28, "Plan Rows": 1, "Plan Width": 4, "Recheck Cond": "(id = mc.company_id)", "Filter": "((country_code)::text = '[us]'::text)", "Plans": [{"Node Type": "Bitmap Index Scan", "Parent Relationship": "Outer", "Index Name": "company_name_pkey", "Startup Cost": 0.0, "Total Cost": 0.26, "Plan Rows": 1, "Plan Width": 0, "Index Cond": "(id = mc.company_id)"}]}]}, {"Node Type": "Bitmap Heap Scan", "Parent Relationship": "Inner", "Relation Name": "title", "Alias": "t", "Startup Cost": 0.3, "Total Cost": 4.32, "Plan Rows": 1, "Plan Width": 21, "Recheck Cond": "(id = ci.movie_id)", "Filter": "((production_year >= 2005) AND (production_year <= 2015))", "Plans": [{"Node Type": "Bitmap Index Scan", "Parent Relationship": "Outer", "Index Name": "title_pkey", "Startup Cost": 0.0, "Total Cost": 0.3, "Plan Rows": 1, "Plan Width": 0, "Index Cond": "(id = ci.movie_id)"}]}]}]}, "Unique SQL Id": 3431223514, "Planner Runtime": 88}, "explain_analyze_plan": null}, "(16, 8)": {"explain_plan": {"Plan": {"Node Type": "Aggregate", "Strategy": "Plain", "Startup Cost": 23199.8, "Total Cost": 23199.81, "Plan Rows": 1, "Plan Width": 145, "Plans": [{"Node Type": "Nested Loop", "Parent Relationship": "Outer", "Join Type": "Inner", "Startup Cost": 0.0, "Total Cost": 23199.79, "Plan Rows": 1, "Plan Width": 49, "Inner Unique": true, "Plans": [{"Node Type": "Nested Loop", "Parent Relationship": "Outer", "Join Type": "Inner", "Startup Cost": 0.0, "Total Cost": 23199.29, "Plan Rows": 1, "Plan Width": 40, "Inner Unique": true, "Plans": [{"Node Type": "Nested Loop", "Parent Relationship": "Outer", "Join Type": "Inner", "Startup Cost": 0.0, "Total Cost": 23198.64, "Plan Rows": 2, "Plan Width": 44, "Inner Unique": true, "Plans": [{"Node Type": "Nested Loop", "Parent Relationship": "Outer", "Join Type": "Inner", "Startup Cost": 0.0, "Total Cost": 23196.09, "Plan Rows": 5, "Plan Width": 32, "Inner Unique": false, "Plans": [{"Node Type": "Nested Loop", "Parent Relationship": "Outer", "Join Type": "Inner", "Startup Cost": 0.0, "Total Cost": 23190.48, "Plan Rows": 13, "Plan Width": 24, "Inner Unique": false, "Join Filter": "(ci.role_id = rt.id)", "Plans": [{"Node Type": "Seq Scan", "Parent Relationship": "Outer", "Relation Name": "role_type", "Alias": "rt", "Startup Cost": 0.0, "Total Cost": 1.15, "Plan Rows": 1, "Plan Width": 4, "Filter": "((role)::text = 'actress'::text)"}, {"Node Type": "Materialize", "Parent Relationship": "Inner", "Startup Cost": 0.0, "Total Cost": 23187.92, "Plan Rows": 141, "Plan Width": 28, "Plans": [{"Node Type": "Nested Loop", "Parent Relationship": "Outer", "Join Type": "Inner", "Startup Cost": 0.0, "Total Cost": 23187.57, "Plan Rows": 141, "Plan Width": 28, "Inner Unique": false, "Join Filter": "(n.id = ci.person_id)", "Plans": [{"Node Type": "Nested Loop", "Parent Relationship": "Outer", "Join Type": "Inner", "Startup Cost": 0.0, "Total Cost": 22912.29, "Plan Rows": 115, "Plan Width": 24, "Inner Unique": false, "Plans": [{"Node Type": "Streaming(type: LOCAL GATHER dop: 1/16)", "Parent Relationship": "Outer", "Startup Cost": 0.0, "Total Cost": 22121.41, "Plan Rows": 96, "Plan Width": 4, "Plans": [{"Node Type": "Seq Scan", "Parent Relationship": "Outer", "Relation Name": "name", "Alias": "n", "Startup Cost": 0.0, "Total Cost": 22119.33, "Plan Rows": 96, "Plan Width": 4, "Filter": "(((name)::text ~~ '%Ang%'::text) AND ((gender)::text = 'f'::text))"}]}, {"Node Type": "Index Scan", "Parent Relationship": "Inner", "Scan Direction": "Forward", "Index Name": "person_id_aka_name", "Relation Name": "aka_name", "Alias": "an", "Startup Cost": 0.0, "Total Cost": 8.23, "Plan Rows": 1, "Plan Width": 20, "Index Cond": "(person_id = n.id)"}]}, {"Node Type": "Index Scan", "Parent Relationship": "Inner", "Scan Direction": "Forward", "Index Name": "person_id_cast_info", "Relation Name": "cast_info", "Alias": "ci", "Startup Cost": 0.0, "Total Cost": 2.38, "Plan Rows": 1, "Plan Width": 16, "Index Cond": "(person_id = an.person_id)", "Filter": "((note)::text = ANY ('{(voice),\"(voice: Japanese version)\",\"(voice) (uncredited)\",\"(voice: English version)\"}'::text[]))"}]}]}]}, {"Node Type": "Index Scan", "Parent Relationship": "Inner", "Scan Direction": "Forward", "Index Name": "movie_id_movie_companies", "Relation Name": "movie_companies", "Alias": "mc", "Startup Cost": 0.0, "Total Cost": 0.42, "Plan Rows": 1, "Plan Width": 8, "Index Cond": "(movie_id = ci.movie_id)", "Filter": "((note IS NOT NULL) AND (((note)::text ~~ '%(USA)%'::text) OR ((note)::text ~~ '%(worldwide)%'::text)))"}]}, {"Node Type": "Index Scan", "Parent Relationship": "Inner", "Scan Direction": "Forward", "Index Name": "char_name_pkey", "Relation Name": "char_name", "Alias": "chn", "Startup Cost": 0.0, "Total Cost": 0.5, "Plan Rows": 1, "Plan Width": 20, "Index Cond": "(id = ci.person_role_id)"}]}, {"Node Type": "Index Scan", "Parent Relationship": "Inner", "Scan Direction": "Forward", "Index Name": "company_name_pkey", "Relation Name": "company_name", "Alias": "cn", "Startup Cost": 0.0, "Total Cost": 0.32, "Plan Rows": 1, "Plan Width": 4, "Index Cond": "(id = mc.company_id)", "Filter": "((country_code)::text = '[us]'::text)"}]}, {"Node Type": "Index Scan", "Parent Relationship": "Inner", "Scan Direction": "Forward", "Index Name": "title_pkey", "Relation Name": "title", "Alias": "t", "Startup Cost": 0.0, "Total Cost": 0.49, "Plan Rows": 1, "Plan Width": 21, "Index Cond": "(id = ci.movie_id)", "Filter": "((production_year >= 2005) AND (production_year <= 2015))"}]}]}, "Unique SQL Id": 3431223514, "Planner Runtime": 175}, "explain_analyze_plan": {"Plan": {"Node Type": "Aggregate", "Strategy": "Plain", "Startup Cost": 23199.8, "Total Cost": 23199.81, "Plan Rows": 1, "Plan Width": 145, "Actual Min Startup Time": 189.942, "Actual Max Startup Time": 189.942, "Actual Min Total Time": 189.942, "Actual Max Total Time": 189.942, "Plans": [{"Node Type": "Nested Loop", "Parent Relationship": "Outer", "Join Type": "Inner", "Startup Cost": 0.0, "Total Cost": 23199.79, "Plan Rows": 1, "Plan Width": 49, "Actual Min Startup Time": 181.099, "Actual Max Startup Time": 181.099, "Actual Min Total Time": 189.781, "Actual Max Total Time": 189.781, "Inner Unique": true, "Plans": [{"Node Type": "Nested Loop", "Parent Relationship": "Outer", "Join Type": "Inner", "Startup Cost": 0.0, "Total Cost": 23199.29, "Plan Rows": 1, "Plan Width": 40, "Actual Min Startup Time": 180.812, "Actual Max Startup Time": 180.812, "Actual Min Total Time": 188.094, "Actual Max Total Time": 188.094, "Inner Unique": true, "Plans": [{"Node Type": "Nested Loop", "Parent Relationship": "Outer", "Join Type": "Inner", "Startup Cost": 0.0, "Total Cost": 23198.64, "Plan Rows": 2, "Plan Width": 44, "Actual Min Startup Time": 180.793, "Actual Max Startup Time": 180.793, "Actual Min Total Time": 186.568, "Actual Max Total Time": 186.568, "Inner Unique": true, "Plans": [{"Node Type": "Nested Loop", "Parent Relationship": "Outer", "Join Type": "Inner", "Startup Cost": 0.0, "Total Cost": 23196.09, "Plan Rows": 5, "Plan Width": 32, "Actual Min Startup Time": 180.775, "Actual Max Startup Time": 180.775, "Actual Min Total Time": 185.027, "Actual Max Total Time": 185.027, "Inner Unique": false, "Plans": [{"Node Type": "Nested Loop", "Parent Relationship": "Outer", "Join Type": "Inner", "Startup Cost": 0.0, "Total Cost": 23190.48, "Plan Rows": 13, "Plan Width": 24, "Actual Min Startup Time": 180.727, "Actual Max Startup Time": 180.727, "Actual Min Total Time": 181.011, "Actual Max Total Time": 181.011, "Inner Unique": false, "Join Filter": "(ci.role_id = rt.id)", "Rows Removed by Join Filter": 0, "Plans": [{"Node Type": "Seq Scan", "Parent Relationship": "Outer", "Relation Name": "role_type", "Alias": "rt", "Startup Cost": 0.0, "Total Cost": 1.15, "Plan Rows": 1, "Plan Width": 4, "Actual Min Startup Time": 0.028, "Actual Max Startup Time": 0.028, "Actual Min Total Time": 0.033, "Actual Max Total Time": 0.033, "Filter": "((role)::text = 'actress'::text)", "Rows Removed by Filter": 11, "Actual Rows": 1}, {"Node Type": "Materialize", "Parent Relationship": "Inner", "Startup Cost": 0.0, "Total Cost": 23187.92, "Plan Rows": 141, "Plan Width": 28, "Actual Min Startup Time": 180.682, "Actual Max Startup Time": 180.682, "Actual Min Total Time": 180.754, "Actual Max Total Time": 180.754, "Plans": [{"Node Type": "Nested Loop", "Parent Relationship": "Outer", "Join Type": "Inner", "Startup Cost": 0.0, "Total Cost": 23187.57, "Plan Rows": 141, "Plan Width": 28, "Actual Min Startup Time": 60.138, "Actual Max Startup Time": 60.138, "Actual Min Total Time": 180.446, "Actual Max Total Time": 180.446, "Inner Unique": false, "Join Filter": "(n.id = ci.person_id)", "Rows Removed by Join Filter": 0, "Plans": [{"Node Type": "Nested Loop", "Parent Relationship": "Outer", "Join Type": "Inner", "Startup Cost": 0.0, "Total Cost": 22912.29, "Plan Rows": 115, "Plan Width": 24, "Actual Min Startup Time": 58.849, "Actual Max Startup Time": 58.849, "Actual Min Total Time": 130.527, "Actual Max Total Time": 130.527, "Inner Unique": false, "Plans": [{"Node Type": "Streaming(type: LOCAL GATHER dop: 1/16)", "Parent Relationship": "Outer", "Startup Cost": 0.0, "Total Cost": 22121.41, "Plan Rows": 96, "Plan Width": 4, "Actual Min Startup Time": 58.768, "Actual Max Startup Time": 58.768, "Actual Min Total Time": 108.328, "Actual Max Total Time": 108.328, "Plans": [{"Node Type": "Seq Scan", "Parent Relationship": "Outer", "Relation Name": "name", "Alias": "n", "Startup Cost": 0.0, "Total Cost": 22119.33, "Plan Rows": 96, "Plan Width": 4, "Actual Min Startup Time": 40.816, "Actual Max Startup Time": 45.066, "Actual Min Total Time": 101.069, "Actual Max Total Time": 105.932, "Filter": "(((name)::text ~~ '%Ang%'::text) AND ((gender)::text = 'f'::text))", "Rows Removed by Filter": 4160722, "Actual Rows": 6768}], "Actual Rows": 6768}, {"Node Type": "Index Scan", "Parent Relationship": "Inner", "Scan Direction": "Forward", "Index Name": "person_id_aka_name", "Relation Name": "aka_name", "Alias": "an", "Startup Cost": 0.0, "Total Cost": 8.23, "Plan Rows": 1, "Plan Width": 20, "Actual Min Startup Time": 17.88, "Actual Max Startup Time": 17.88, "Actual Min Total Time": 18.692, "Actual Max Total Time": 18.692, "Index Cond": "(person_id = n.id)", "Rows Removed by Index Recheck": 0, "Actual Rows": 1558}], "Actual Rows": 1558}, {"Node Type": "Index Scan", "Parent Relationship": "Inner", "Scan Direction": "Forward", "Index Name": "person_id_cast_info", "Relation Name": "cast_info", "Alias": "ci", "Startup Cost": 0.0, "Total Cost": 2.38, "Plan Rows": 1, "Plan Width": 16, "Actual Min Startup Time": 44.25, "Actual Max Startup Time": 44.25, "Actual Min Total Time": 48.899, "Actual Max Total Time": 48.899, "Index Cond": "(person_id = an.person_id)", "Rows Removed by Index Recheck": 0, "Filter": "((note)::text = ANY ('{(voice),\"(voice: Japanese version)\",\"(voice) (uncredited)\",\"(voice: English version)\"}'::text[]))", "Rows Removed by Filter": 69057, "Actual Rows": 425}], "Actual Rows": 425}], "Actual Rows": 426}], "Actual Rows": 425}, {"Node Type": "Index Scan", "Parent Relationship": "Inner", "Scan Direction": "Forward", "Index Name": "movie_id_movie_companies", "Relation Name": "movie_companies", "Alias": "mc", "Startup Cost": 0.0, "Total Cost": 0.42, "Plan Rows": 1, "Plan Width": 8, "Actual Min Startup Time": 2.606, "Actual Max Startup Time": 2.606, "Actual Min Total Time": 3.712, "Actual Max Total Time": 3.712, "Index Cond": "(movie_id = ci.movie_id)", "Rows Removed by Index Recheck": 0, "Filter": "((note IS NOT NULL) AND (((note)::text ~~ '%(USA)%'::text) OR ((note)::text ~~ '%(worldwide)%'::text)))", "Rows Removed by Filter": 1538, "Actual Rows": 373}], "Actual Rows": 373}, {"Node Type": "Index Scan", "Parent Relationship": "Inner", "Scan Direction": "Forward", "Index Name": "char_name_pkey", "Relation Name": "char_name", "Alias": "chn", "Startup Cost": 0.0, "Total Cost": 0.5, "Plan Rows": 1, "Plan Width": 20, "Actual Min Startup Time": 1.235, "Actual Max Startup Time": 1.235, "Actual Min Total Time": 1.235, "Actual Max Total Time": 1.235, "Index Cond": "(id = ci.person_role_id)", "Rows Removed by Index Recheck": 0, "Actual Rows": 348}], "Actual Rows": 348}, {"Node Type": "Index Scan", "Parent Relationship": "Inner", "Scan Direction": "Forward", "Index Name": "company_name_pkey", "Relation Name": "company_name", "Alias": "cn", "Startup Cost": 0.0, "Total Cost": 0.32, "Plan Rows": 1, "Plan Width": 4, "Actual Min Startup Time": 1.254, "Actual Max Startup Time": 1.254, "Actual Min Total Time": 1.254, "Actual Max Total Time": 1.254, "Index Cond": "(id = mc.company_id)", "Rows Removed by Index Recheck": 0, "Filter": "((country_code)::text = '[us]'::text)", "Rows Removed by Filter": 7, "Actual Rows": 341}], "Actual Rows": 341}, {"Node Type": "Index Scan", "Parent Relationship": "Inner", "Scan Direction": "Forward", "Index Name": "title_pkey", "Relation Name": "title", "Alias": "t", "Startup Cost": 0.0, "Total Cost": 0.49, "Plan Rows": 1, "Plan Width": 21, "Actual Min Startup Time": 1.456, "Actual Max Startup Time": 1.456, "Actual Min Total Time": 1.456, "Actual Max Total Time": 1.456, "Index Cond": "(id = ci.movie_id)", "Rows Removed by Index Recheck": 0, "Filter": "((production_year >= 2005) AND (production_year <= 2015))", "Rows Removed by Filter": 220, "Actual Rows": 121}], "Actual Rows": 121}], "Actual Rows": 1}, "Triggers": [], "Planner Runtime": 144, "Total Runtime": 193.165, "Unique SQL Id": 3431223514}}, "(16, 9)": {"explain_plan": {"Plan": {"Node Type": "Aggregate", "Strategy": "Plain", "Startup Cost": 154556.1, "Total Cost": 154556.11, "Plan Rows": 1, "Plan Width": 145, "Plans": [{"Node Type": "Nested Loop", "Parent Relationship": "Outer", "Join Type": "Inner", "Startup Cost": 0.0, "Total Cost": 154556.09, "Plan Rows": 1, "Plan Width": 49, "Inner Unique": true, "Plans": [{"Node Type": "Nested Loop", "Parent Relationship": "Outer", "Join Type": "Inner", "Startup Cost": 0.0, "Total Cost": 154555.59, "Plan Rows": 1, "Plan Width": 40, "Inner Unique": true, "Plans": [{"Node Type": "Nested Loop", "Parent Relationship": "Outer", "Join Type": "Inner", "Startup Cost": 0.0, "Total Cost": 154554.58, "Plan Rows": 2, "Plan Width": 28, "Inner Unique": true, "Plans": [{"Node Type": "Nested Loop", "Parent Relationship": "Outer", "Join Type": "Inner", "Startup Cost": 0.0, "Total Cost": 154552.94, "Plan Rows": 5, "Plan Width": 32, "Inner Unique": false, "Plans": [{"Node Type": "Nested Loop", "Parent Relationship": "Outer", "Join Type": "Inner", "Startup Cost": 0.0, "Total Cost": 154547.33, "Plan Rows": 13, "Plan Width": 24, "Inner Unique": false, "Join Filter": "(ci.role_id = rt.id)", "Plans": [{"Node Type": "Index Scan", "Parent Relationship": "Outer", "Scan Direction": "Forward", "Index Name": "role_type_pkey", "Relation Name": "role_type", "Alias": "rt", "Startup Cost": 0.0, "Total Cost": 12.46, "Plan Rows": 1, "Plan Width": 4, "Filter": "((role)::text = 'actress'::text)"}, {"Node Type": "Materialize", "Parent Relationship": "Inner", "Startup Cost": 0.0, "Total Cost": 154533.46, "Plan Rows": 141, "Plan Width": 28, "Plans": [{"Node Type": "Nested Loop", "Parent Relationship": "Outer", "Join Type": "Inner", "Startup Cost": 0.0, "Total Cost": 154533.1, "Plan Rows": 141, "Plan Width": 28, "Inner Unique": false, "Join Filter": "(n.id = ci.person_id)", "Plans": [{"Node Type": "Nested Loop", "Parent Relationship": "Outer", "Join Type": "Inner", "Startup Cost": 0.0, "Total Cost": 154257.82, "Plan Rows": 115, "Plan Width": 24, "Inner Unique": false, "Plans": [{"Node Type": "Streaming(type: LOCAL GATHER dop: 1/16)", "Parent Relationship": "Outer", "Startup Cost": 0.0, "Total Cost": 153466.94, "Plan Rows": 96, "Plan Width": 4, "Plans": [{"Node Type": "Index Scan", "Parent Relationship": "Outer", "Scan Direction": "Forward", "Index Name": "name_pkey", "Relation Name": "name", "Alias": "n", "Startup Cost": 0.0, "Total Cost": 153464.87, "Plan Rows": 96, "Plan Width": 4, "Filter": "(((name)::text ~~ '%Ang%'::text) AND ((gender)::text = 'f'::text))"}]}, {"Node Type": "Index Scan", "Parent Relationship": "Inner", "Scan Direction": "Forward", "Index Name": "person_id_aka_name", "Relation Name": "aka_name", "Alias": "an", "Startup Cost": 0.0, "Total Cost": 8.23, "Plan Rows": 1, "Plan Width": 20, "Index Cond": "(person_id = n.id)"}]}, {"Node Type": "Index Scan", "Parent Relationship": "Inner", "Scan Direction": "Forward", "Index Name": "person_id_cast_info", "Relation Name": "cast_info", "Alias": "ci", "Startup Cost": 0.0, "Total Cost": 2.38, "Plan Rows": 1, "Plan Width": 16, "Index Cond": "(person_id = an.person_id)", "Filter": "((note)::text = ANY ('{(voice),\"(voice: Japanese version)\",\"(voice) (uncredited)\",\"(voice: English version)\"}'::text[]))"}]}]}]}, {"Node Type": "Index Scan", "Parent Relationship": "Inner", "Scan Direction": "Forward", "Index Name": "movie_id_movie_companies", "Relation Name": "movie_companies", "Alias": "mc", "Startup Cost": 0.0, "Total Cost": 0.42, "Plan Rows": 1, "Plan Width": 8, "Index Cond": "(movie_id = ci.movie_id)", "Filter": "((note IS NOT NULL) AND (((note)::text ~~ '%(USA)%'::text) OR ((note)::text ~~ '%(worldwide)%'::text)))"}]}, {"Node Type": "Index Scan", "Parent Relationship": "Inner", "Scan Direction": "Forward", "Index Name": "company_name_pkey", "Relation Name": "company_name", "Alias": "cn", "Startup Cost": 0.0, "Total Cost": 0.32, "Plan Rows": 1, "Plan Width": 4, "Index Cond": "(id = mc.company_id)", "Filter": "((country_code)::text = '[us]'::text)"}]}, {"Node Type": "Index Scan", "Parent Relationship": "Inner", "Scan Direction": "Forward", "Index Name": "char_name_pkey", "Relation Name": "char_name", "Alias": "chn", "Startup Cost": 0.0, "Total Cost": 0.5, "Plan Rows": 1, "Plan Width": 20, "Index Cond": "(id = ci.person_role_id)"}]}, {"Node Type": "Index Scan", "Parent Relationship": "Inner", "Scan Direction": "Forward", "Index Name": "title_pkey", "Relation Name": "title", "Alias": "t", "Startup Cost": 0.0, "Total Cost": 0.49, "Plan Rows": 1, "Plan Width": 21, "Index Cond": "(id = ci.movie_id)", "Filter": "((production_year >= 2005) AND (production_year <= 2015))"}]}]}, "Unique SQL Id": 3431223514, "Planner Runtime": 73}, "explain_analyze_plan": {"Plan": {"Node Type": "Aggregate", "Strategy": "Plain", "Startup Cost": 154556.1, "Total Cost": 154556.11, "Plan Rows": 1, "Plan Width": 145, "Actual Min Startup Time": 381.158, "Actual Max Startup Time": 381.158, "Actual Min Total Time": 381.159, "Actual Max Total Time": 381.159, "Plans": [{"Node Type": "Nested Loop", "Parent Relationship": "Outer", "Join Type": "Inner", "Startup Cost": 0.0, "Total Cost": 154556.09, "Plan Rows": 1, "Plan Width": 49, "Actual Min Startup Time": 371.852, "Actual Max Startup Time": 371.852, "Actual Min Total Time": 381.01, "Actual Max Total Time": 381.01, "Inner Unique": true, "Plans": [{"Node Type": "Nested Loop", "Parent Relationship": "Outer", "Join Type": "Inner", "Startup Cost": 0.0, "Total Cost": 154555.59, "Plan Rows": 1, "Plan Width": 40, "Actual Min Startup Time": 370.918, "Actual Max Startup Time": 370.918, "Actual Min Total Time": 379.017, "Actual Max Total Time": 379.017, "Inner Unique": true, "Plans": [{"Node Type": "Nested Loop", "Parent Relationship": "Outer", "Join Type": "Inner", "Startup Cost": 0.0, "Total Cost": 154554.58, "Plan Rows": 2, "Plan Width": 28, "Actual Min Startup Time": 370.897, "Actual Max Startup Time": 370.897, "Actual Min Total Time": 377.445, "Actual Max Total Time": 377.445, "Inner Unique": true, "Plans": [{"Node Type": "Nested Loop", "Parent Relationship": "Outer", "Join Type": "Inner", "Startup Cost": 0.0, "Total Cost": 154552.94, "Plan Rows": 5, "Plan Width": 32, "Actual Min Startup Time": 370.872, "Actual Max Startup Time": 370.872, "Actual Min Total Time": 375.543, "Actual Max Total Time": 375.543, "Inner Unique": false, "Plans": [{"Node Type": "Nested Loop", "Parent Relationship": "Outer", "Join Type": "Inner", "Startup Cost": 0.0, "Total Cost": 154547.33, "Plan Rows": 13, "Plan Width": 24, "Actual Min Startup Time": 370.838, "Actual Max Startup Time": 370.838, "Actual Min Total Time": 371.129, "Actual Max Total Time": 371.129, "Inner Unique": false, "Join Filter": "(ci.role_id = rt.id)", "Rows Removed by Join Filter": 0, "Plans": [{"Node Type": "Index Scan", "Parent Relationship": "Outer", "Scan Direction": "Forward", "Index Name": "role_type_pkey", "Relation Name": "role_type", "Alias": "rt", "Startup Cost": 0.0, "Total Cost": 12.46, "Plan Rows": 1, "Plan Width": 4, "Actual Min Startup Time": 0.027, "Actual Max Startup Time": 0.027, "Actual Min Total Time": 0.034, "Actual Max Total Time": 0.034, "Filter": "((role)::text = 'actress'::text)", "Rows Removed by Filter": 11, "Actual Rows": 1}, {"Node Type": "Materialize", "Parent Relationship": "Inner", "Startup Cost": 0.0, "Total Cost": 154533.46, "Plan Rows": 141, "Plan Width": 28, "Actual Min Startup Time": 370.792, "Actual Max Startup Time": 370.792, "Actual Min Total Time": 370.871, "Actual Max Total Time": 370.871, "Plans": [{"Node Type": "Nested Loop", "Parent Relationship": "Outer", "Join Type": "Inner", "Startup Cost": 0.0, "Total Cost": 154533.1, "Plan Rows": 141, "Plan Width": 28, "Actual Min Startup Time": 96.425, "Actual Max Startup Time": 96.425, "Actual Min Total Time": 370.541, "Actual Max Total Time": 370.541, "Inner Unique": false, "Join Filter": "(n.id = ci.person_id)", "Rows Removed by Join Filter": 0, "Plans": [{"Node Type": "Nested Loop", "Parent Relationship": "Outer", "Join Type": "Inner", "Startup Cost": 0.0, "Total Cost": 154257.82, "Plan Rows": 115, "Plan Width": 24, "Actual Min Startup Time": 95.83, "Actual Max Startup Time": 95.83, "Actual Min Total Time": 315.879, "Actual Max Total Time": 315.879, "Inner Unique": false, "Plans": [{"Node Type": "Streaming(type: LOCAL GATHER dop: 1/16)", "Parent Relationship": "Outer", "Startup Cost": 0.0, "Total Cost": 153466.94, "Plan Rows": 96, "Plan Width": 4, "Actual Min Startup Time": 95.756, "Actual Max Startup Time": 95.756, "Actual Min Total Time": 293.923, "Actual Max Total Time": 293.923, "Plans": [{"Node Type": "Index Scan", "Parent Relationship": "Outer", "Scan Direction": "Forward", "Index Name": "name_pkey", "Relation Name": "name", "Alias": "n", "Startup Cost": 0.0, "Total Cost": 153464.87, "Plan Rows": 96, "Plan Width": 4, "Actual Min Startup Time": 40.31, "Actual Max Startup Time": 338.836, "Actual Min Total Time": 295.678, "Actual Max Total Time": 338.836, "Filter": "(((name)::text ~~ '%Ang%'::text) AND ((gender)::text = 'f'::text))", "Rows Removed by Filter": 4160722, "Actual Rows": 6768}], "Actual Rows": 6768}, {"Node Type": "Index Scan", "Parent Relationship": "Inner", "Scan Direction": "Forward", "Index Name": "person_id_aka_name", "Relation Name": "aka_name", "Alias": "an", "Startup Cost": 0.0, "Total Cost": 8.23, "Plan Rows": 1, "Plan Width": 20, "Actual Min Startup Time": 17.357, "Actual Max Startup Time": 17.357, "Actual Min Total Time": 18.22, "Actual Max Total Time": 18.22, "Index Cond": "(person_id = n.id)", "Rows Removed by Index Recheck": 0, "Actual Rows": 1558}], "Actual Rows": 1558}, {"Node Type": "Index Scan", "Parent Relationship": "Inner", "Scan Direction": "Forward", "Index Name": "person_id_cast_info", "Relation Name": "cast_info", "Alias": "ci", "Startup Cost": 0.0, "Total Cost": 2.38, "Plan Rows": 1, "Plan Width": 16, "Actual Min Startup Time": 48.528, "Actual Max Startup Time": 48.528, "Actual Min Total Time": 53.577, "Actual Max Total Time": 53.577, "Index Cond": "(person_id = an.person_id)", "Rows Removed by Index Recheck": 0, "Filter": "((note)::text = ANY ('{(voice),\"(voice: Japanese version)\",\"(voice) (uncredited)\",\"(voice: English version)\"}'::text[]))", "Rows Removed by Filter": 69057, "Actual Rows": 425}], "Actual Rows": 425}], "Actual Rows": 426}], "Actual Rows": 425}, {"Node Type": "Index Scan", "Parent Relationship": "Inner", "Scan Direction": "Forward", "Index Name": "movie_id_movie_companies", "Relation Name": "movie_companies", "Alias": "mc", "Startup Cost": 0.0, "Total Cost": 0.42, "Plan Rows": 1, "Plan Width": 8, "Actual Min Startup Time": 2.907, "Actual Max Startup Time": 2.907, "Actual Min Total Time": 4.086, "Actual Max Total Time": 4.086, "Index Cond": "(movie_id = ci.movie_id)", "Rows Removed by Index Recheck": 0, "Filter": "((note IS NOT NULL) AND (((note)::text ~~ '%(USA)%'::text) OR ((note)::text ~~ '%(worldwide)%'::text)))", "Rows Removed by Filter": 1538, "Actual Rows": 373}], "Actual Rows": 373}, {"Node Type": "Index Scan", "Parent Relationship": "Inner", "Scan Direction": "Forward", "Index Name": "company_name_pkey", "Relation Name": "company_name", "Alias": "cn", "Startup Cost": 0.0, "Total Cost": 0.32, "Plan Rows": 1, "Plan Width": 4, "Actual Min Startup Time": 1.6, "Actual Max Startup Time": 1.6, "Actual Min Total Time": 1.6, "Actual Max Total Time": 1.6, "Index Cond": "(id = mc.company_id)", "Rows Removed by Index Recheck": 0, "Filter": "((country_code)::text = '[us]'::text)", "Rows Removed by Filter": 14, "Actual Rows": 359}], "Actual Rows": 359}, {"Node Type": "Index Scan", "Parent Relationship": "Inner", "Scan Direction": "Forward", "Index Name": "char_name_pkey", "Relation Name": "char_name", "Alias": "chn", "Startup Cost": 0.0, "Total Cost": 0.5, "Plan Rows": 1, "Plan Width": 20, "Actual Min Startup Time": 1.275, "Actual Max Startup Time": 1.275, "Actual Min Total Time": 1.275, "Actual Max Total Time": 1.275, "Index Cond": "(id = ci.person_role_id)", "Rows Removed by Index Recheck": 0, "Actual Rows": 341}], "Actual Rows": 341}, {"Node Type": "Index Scan", "Parent Relationship": "Inner", "Scan Direction": "Forward", "Index Name": "title_pkey", "Relation Name": "title", "Alias": "t", "Startup Cost": 0.0, "Total Cost": 0.49, "Plan Rows": 1, "Plan Width": 21, "Actual Min Startup Time": 1.749, "Actual Max Startup Time": 1.749, "Actual Min Total Time": 1.749, "Actual Max Total Time": 1.749, "Index Cond": "(id = ci.movie_id)", "Rows Removed by Index Recheck": 0, "Filter": "((production_year >= 2005) AND (production_year <= 2015))", "Rows Removed by Filter": 220, "Actual Rows": 121}], "Actual Rows": 121}], "Actual Rows": 1}, "Triggers": [], "Planner Runtime": 15, "Total Runtime": 384.132, "Unique SQL Id": 3431223514}}, "(16, 10)": {"explain_plan": {"Plan": {"Node Type": "Aggregate", "Strategy": "Plain", "Startup Cost": 192527.17, "Total Cost": 192527.2, "Plan Rows": 1, "Plan Width": 145, "Plans": [{"Node Type": "Streaming(type: LOCAL GATHER dop: 1/16)", "Parent Relationship": "Outer", "Startup Cost": 192527.17, "Total Cost": 192527.2, "Plan Rows": 1, "Plan Width": 145, "Plans": [{"Node Type": "Aggregate", "Strategy": "Plain", "Parent Relationship": "Outer", "Startup Cost": 192527.17, "Total Cost": 192527.18, "Plan Rows": 1, "Plan Width": 145, "Plans": [{"Node Type": "Hash Join", "Parent Relationship": "Outer", "Join Type": "Inner", "Startup Cost": 121554.77, "Total Cost": 192527.15, "Plan Rows": 2, "Plan Width": 49, "Inner Unique": false, "Hash Cond": "(n.id = an.person_id)", "Plans": [{"Node Type": "Streaming(type: BROADCAST dop: 16/16)", "Parent Relationship": "Outer", "Startup Cost": 116789.53, "Total Cost": 187761.88, "Plan Rows": 16, "Plan Width": 41, "Plans": [{"Node Type": "Hash Join", "Parent Relationship": "Outer", "Join Type": "Inner", "Startup Cost": 116789.53, "Total Cost": 172761.84, "Plan Rows": 1, "Plan Width": 41, "Inner Unique": true, "Hash Cond": "(ci.movie_id = t.id)", "Plans": [{"Node Type": "Streaming(type: BROADCAST dop: 16/1)", "Parent Relationship": "Outer", "Startup Cost": 111036.84, "Total Cost": 167009.14, "Plan Rows": 16, "Plan Width": 32, "Plans": [{"Node Type": "Nested Loop", "Parent Relationship": "Outer", "Join Type": "Inner", "Startup Cost": 111036.84, "Total Cost": 152008.79, "Plan Rows": 1, "Plan Width": 32, "Inner Unique": false, "Join Filter": "(ci.role_id = rt.id)", "Plans": [{"Node Type": "Seq Scan", "Parent Relationship": "Outer", "Relation Name": "role_type", "Alias": "rt", "Startup Cost": 0.0, "Total Cost": 1.15, "Plan Rows": 1, "Plan Width": 4, "Filter": "((role)::text = 'actress'::text)"}, {"Node Type": "Materialize", "Parent Relationship": "Inner", "Startup Cost": 111036.84, "Total Cost": 152007.48, "Plan Rows": 16, "Plan Width": 36, "Plans": [{"Node Type": "Hash Join", "Parent Relationship": "Outer", "Join Type": "Inner", "Startup Cost": 111036.84, "Total Cost": 152007.44, "Plan Rows": 16, "Plan Width": 36, "Inner Unique": true, "Hash Cond": "(mc.company_id = cn.id)", "Plans": [{"Node Type": "Streaming(type: LOCAL GATHER dop: 1/16)", "Parent Relationship": "Outer", "Startup Cost": 108496.35, "Total Cost": 149466.63, "Plan Rows": 21, "Plan Width": 40, "Plans": [{"Node Type": "Hash Join", "Parent Relationship": "Outer", "Join Type": "Inner", "Startup Cost": 108496.35, "Total Cost": 149466.17, "Plan Rows": 21, "Plan Width": 40, "Inner Unique": true, "Hash Cond": "(ci.person_role_id = chn.id)", "Plans": [{"Node Type": "Streaming(type: BROADCAST dop: 16/1)", "Parent Relationship": "Outer", "Startup Cost": 101238.38, "Total Cost": 142208.03, "Plan Rows": 688, "Plan Width": 28, "Plans": [{"Node Type": "Hash Join", "Parent Relationship": "Outer", "Join Type": "Inner", "Startup Cost": 101238.38, "Total Cost": 127193.18, "Plan Rows": 43, "Plan Width": 28, "Inner Unique": false, "Hash Cond": "(mc.movie_id = ci.movie_id)", "Plans": [{"Node Type": "Streaming(type: LOCAL GATHER dop: 1/16)", "Parent Relationship": "Outer", "Startup Cost": 0.0, "Total Cost": 24840.35, "Plan Rows": 297072, "Plan Width": 8, "Plans": [{"Node Type": "Seq Scan", "Parent Relationship": "Outer", "Relation Name": "movie_companies", "Alias": "mc", "Startup Cost": 0.0, "Total Cost": 18428.93, "Plan Rows": 297072, "Plan Width": 8, "Filter": "((note IS NOT NULL) AND (((note)::text ~~ '%(USA)%'::text) OR ((note)::text ~~ '%(worldwide)%'::text))), (LLVM Optimized)"}]}, {"Node Type": "Hash", "Parent Relationship": "Inner", "Startup Cost": 101236.92, "Total Cost": 101236.92, "Plan Rows": 117, "Plan Width": 20, "Plans": [{"Node Type": "Streaming(type: LOCAL GATHER dop: 1/16)", "Parent Relationship": "Outer", "Startup Cost": 37124.43, "Total Cost": 101236.92, "Plan Rows": 117, "Plan Width": 20, "Plans": [{"Node Type": "Hash Join", "Parent Relationship": "Outer", "Join Type": "Inner", "Startup Cost": 37124.43, "Total Cost": 101234.39, "Plan Rows": 117, "Plan Width": 20, "Inner Unique": true, "Hash Cond": "(ci.person_id = n.id)", "Plans": [{"Node Type": "Seq Scan", "Parent Relationship": "Outer", "Relation Name": "cast_info", "Alias": "ci", "Startup Cost": 0.0, "Total Cost": 63948.46, "Plan Rows": 833163, "Plan Width": 16, "Filter": "((note)::text = ANY ('{(voice),\"(voice: Japanese version)\",\"(voice) (uncredited)\",\"(voice: English version)\"}'::text[]))"}, {"Node Type": "Hash", "Parent Relationship": "Inner", "Startup Cost": 37123.23, "Total Cost": 37123.23, "Plan Rows": 1536, "Plan Width": 4, "Plans": [{"Node Type": "Streaming(type: BROADCAST dop: 16/16)", "Parent Relationship": "Outer", "Startup Cost": 0.0, "Total Cost": 37123.23, "Plan Rows": 1536, "Plan Width": 4, "Plans": [{"Node Type": "Seq Scan", "Parent Relationship": "Outer", "Relation Name": "name", "Alias": "n", "Startup Cost": 0.0, "Total Cost": 22119.33, "Plan Rows": 96, "Plan Width": 4, "Filter": "(((name)::text ~~ '%Ang%'::text) AND ((gender)::text = 'f'::text))"}]}]}]}]}]}]}]}, {"Node Type": "Hash", "Parent Relationship": "Inner", "Startup Cost": 19218.34, "Total Cost": 19218.34, "Plan Rows": 3140338, "Plan Width": 20, "Plans": [{"Node Type": "Seq Scan", "Parent Relationship": "Outer", "Relation Name": "char_name", "Alias": "chn", "Startup Cost": 0.0, "Total Cost": 19218.34, "Plan Rows": 3140338, "Plan Width": 20}]}]}]}, {"Node Type": "Hash", "Parent Relationship": "Inner", "Startup Cost": 5903.45, "Total Cost": 5903.45, "Plan Rows": 85170, "Plan Width": 4, "Plans": [{"Node Type": "Seq Scan", "Parent Relationship": "Outer", "Relation Name": "company_name", "Alias": "cn", "Startup Cost": 0.0, "Total Cost": 5903.45, "Plan Rows": 85170, "Plan Width": 4, "Filter": "((country_code)::text = '[us]'::text)"}]}]}]}]}]}, {"Node Type": "Hash", "Parent Relationship": "Inner", "Startup Cost": 19544.42, "Total Cost": 19544.42, "Plan Rows": 1109224, "Plan Width": 21, "Plans": [{"Node Type": "Seq Scan", "Parent Relationship": "Outer", "Relation Name": "title", "Alias": "t", "Startup Cost": 86.43, "Total Cost": 19544.42, "Plan Rows": 1109224, "Plan Width": 21, "Filter": "((production_year >= 2005) AND (production_year <= 2015)), (LLVM Optimized)"}]}]}]}, {"Node Type": "Hash", "Parent Relationship": "Inner", "Startup Cost": 16244.28, "Total Cost": 16244.28, "Plan Rows": 901342, "Plan Width": 20, "Plans": [{"Node Type": "Seq Scan", "Parent Relationship": "Outer", "Relation Name": "aka_name", "Alias": "an", "Startup Cost": 0.0, "Total Cost": 16244.28, "Plan Rows": 901342, "Plan Width": 20}]}]}]}]}]}, "Unique SQL Id": 3431223514, "Planner Runtime": 412}, "explain_analyze_plan": null}, "(16, 11)": {"explain_plan": {"Plan": {"Node Type": "Aggregate", "Strategy": "Plain", "Startup Cost": 3842119077147.93, "Total Cost": 3842119077147.94, "Plan Rows": 1, "Plan Width": 145, "Plans": [{"Node Type": "Merge Join", "Parent Relationship": "Outer", "Join Type": "Inner", "Startup Cost": 80000000000.0, "Total Cost": 3842119077147.92, "Plan Rows": 2, "Plan Width": 49, "Inner Unique": true, "Merge Cond": "(ci.person_role_id = chn.id)", "Plans": [{"Node Type": "Nested Loop", "Parent Relationship": "Outer", "Join Type": "Inner", "Startup Cost": 70000000000.0, "Total Cost": 7000265204378.85, "Plan Rows": 5, "Plan Width": 37, "Inner Unique": false, "Join Filter": "(n.id = an.person_id)", "Plans": [{"Node Type": "Nested Loop", "Parent Relationship": "Outer", "Join Type": "Inner", "Startup Cost": 60000000000.0, "Total Cost": 6000258251541.54, "Plan Rows": 4, "Plan Width": 29, "Inner Unique": true, "Join Filter": "(ci.movie_id = t.id)", "Plans": [{"Node Type": "Nested Loop", "Parent Relationship": "Outer", "Join Type": "Inner", "Startup Cost": 50000000000.0, "Total Cost": 5000245922648.99, "Plan Rows": 3, "Plan Width": 20, "Inner Unique": true, "Join Filter": "(mc.company_id = cn.id)", "Plans": [{"Node Type": "Nested Loop", "Parent Relationship": "Outer", "Join Type": "Inner", "Startup Cost": 40000000000.0, "Total Cost": 4000244867186.89, "Plan Rows": 4, "Plan Width": 24, "Inner Unique": false, "Join Filter": "(ci.movie_id = mc.movie_id)", "Plans": [{"Node Type": "Nested Loop", "Parent Relationship": "Outer", "Join Type": "Inner", "Startup Cost": 30000000000.0, "Total Cost": 3000231145513.35, "Plan Rows": 11, "Plan Width": 16, "Inner Unique": true, "Join Filter": "(ci.person_id = n.id)", "Plans": [{"Node Type": "Nested Loop", "Parent Relationship": "Outer", "Join Type": "Inner", "Startup Cost": 20000000000.0, "Total Cost": 2000211329424.93, "Plan Rows": 75742, "Plan Width": 12, "Inner Unique": true, "Join Filter": "(ci.role_id = rt.id)", "Plans": [{"Node Type": "Index Scan", "Parent Relationship": "Outer", "Scan Direction": "Forward", "Index Name": "person_role_id_cast_info", "Relation Name": "cast_info", "Alias": "ci", "Startup Cost": 10000000000.0, "Total Cost": 1000211315681.48, "Plan Rows": 833163, "Plan Width": 16, "Filter": "((note)::text = ANY ('{(voice),\"(voice: Japanese version)\",\"(voice) (uncredited)\",\"(voice: English version)\"}'::text[]))"}, {"Node Type": "Materialize", "Parent Relationship": "Inner", "Startup Cost": 10000000000.0, "Total Cost": 1000000001246.0, "Plan Rows": 1, "Plan Width": 4, "Plans": [{"Node Type": "Index Scan", "Parent Relationship": "Outer", "Scan Direction": "Forward", "Index Name": "role_type_pkey", "Relation Name": "role_type", "Alias": "rt", "Startup Cost": 10000000000.0, "Total Cost": 1000000001246.0, "Plan Rows": 1, "Plan Width": 4, "Filter": "((role)::text = 'actress'::text)"}]}]}, {"Node Type": "Materialize", "Parent Relationship": "Inner", "Startup Cost": 10000000000.0, "Total Cost": 1000019707020.18, "Plan Rows": 96, "Plan Width": 4, "Plans": [{"Node Type": "Index Scan", "Parent Relationship": "Outer", "Scan Direction": "Forward", "Index Name": "name_pkey", "Relation Name": "name", "Alias": "n", "Startup Cost": 10000000000.0, "Total Cost": 1000019707019.7, "Plan Rows": 96, "Plan Width": 4, "Filter": "(((name)::text ~~ '%Ang%'::text) AND ((gender)::text = 'f'::text))"}]}]}, {"Node Type": "Materialize", "Parent Relationship": "Inner", "Startup Cost": 10000000000.0, "Total Cost": 1000013673399.34, "Plan Rows": 297072, "Plan Width": 8, "Plans": [{"Node Type": "Index Scan", "Parent Relationship": "Outer", "Scan Direction": "Forward", "Index Name": "company_id_movie_companies", "Relation Name": "movie_companies", "Alias": "mc", "Startup Cost": 10000000000.0, "Total Cost": 1000013671913.98, "Plan Rows": 297072, "Plan Width": 8, "Filter": "((note IS NOT NULL) AND (((note)::text ~~ '%(USA)%'::text) OR ((note)::text ~~ '%(worldwide)%'::text))), (LLVM Optimized)"}]}]}, {"Node Type": "Materialize", "Parent Relationship": "Inner", "Startup Cost": 10000000000.0, "Total Cost": 1000001050564.82, "Plan Rows": 85170, "Plan Width": 4, "Plans": [{"Node Type": "Index Scan", "Parent Relationship": "Outer", "Scan Direction": "Forward", "Index Name": "company_name_pkey", "Relation Name": "company_name", "Alias": "cn", "Startup Cost": 10000000000.0, "Total Cost": 1000001050138.97, "Plan Rows": 85170, "Plan Width": 4, "Filter": "((country_code)::text = '[us]'::text)"}]}]}, {"Node Type": "Materialize", "Parent Relationship": "Inner", "Startup Cost": 10000000000.0, "Total Cost": 1000012281750.53, "Plan Rows": 1109224, "Plan Width": 21, "Plans": [{"Node Type": "Index Scan", "Parent Relationship": "Outer", "Scan Direction": "Forward", "Index Name": "title_pkey", "Relation Name": "title", "Alias": "t", "Startup Cost": 10000000000.0, "Total Cost": 1000012276204.41, "Plan Rows": 1109224, "Plan Width": 21, "Filter": "((production_year >= 2005) AND (production_year <= 2015)), (LLVM Optimized)"}]}]}, {"Node Type": "Materialize", "Parent Relationship": "Inner", "Startup Cost": 10000000000.0, "Total Cost": 1000006901010.14, "Plan Rows": 901342, "Plan Width": 20, "Plans": [{"Node Type": "Index Scan", "Parent Relationship": "Outer", "Scan Direction": "Forward", "Index Name": "person_id_aka_name", "Relation Name": "aka_name", "Alias": "an", "Startup Cost": 10000000000.0, "Total Cost": 1000006896503.43, "Plan Rows": 901342, "Plan Width": 20}]}]}, {"Node Type": "Index Scan", "Parent Relationship": "Inner", "Scan Direction": "Forward", "Index Name": "char_name_pkey", "Relation Name": "char_name", "Alias": "chn", "Startup Cost": 10000000000.0, "Total Cost": 1000012987545.51, "Plan Rows": 3140338, "Plan Width": 20}]}]}, "Unique SQL Id": 3431223514, "Planner Runtime": 195}, "explain_analyze_plan": null}, "(16, 12)": {"explain_plan": {"Plan": {"Node Type": "Aggregate", "Strategy": "Plain", "Startup Cost": 23199.8, "Total Cost": 23199.81, "Plan Rows": 1, "Plan Width": 145, "Plans": [{"Node Type": "Nested Loop", "Parent Relationship": "Outer", "Join Type": "Inner", "Startup Cost": 0.0, "Total Cost": 23199.79, "Plan Rows": 1, "Plan Width": 49, "Inner Unique": true, "Plans": [{"Node Type": "Nested Loop", "Parent Relationship": "Outer", "Join Type": "Inner", "Startup Cost": 0.0, "Total Cost": 23199.29, "Plan Rows": 1, "Plan Width": 40, "Inner Unique": true, "Plans": [{"Node Type": "Nested Loop", "Parent Relationship": "Outer", "Join Type": "Inner", "Startup Cost": 0.0, "Total Cost": 23198.64, "Plan Rows": 2, "Plan Width": 44, "Inner Unique": true, "Plans": [{"Node Type": "Nested Loop", "Parent Relationship": "Outer", "Join Type": "Inner", "Startup Cost": 0.0, "Total Cost": 23196.09, "Plan Rows": 5, "Plan Width": 32, "Inner Unique": false, "Plans": [{"Node Type": "Nested Loop", "Parent Relationship": "Outer", "Join Type": "Inner", "Startup Cost": 0.0, "Total Cost": 23190.48, "Plan Rows": 13, "Plan Width": 24, "Inner Unique": false, "Join Filter": "(ci.role_id = rt.id)", "Plans": [{"Node Type": "Seq Scan", "Parent Relationship": "Outer", "Relation Name": "role_type", "Alias": "rt", "Startup Cost": 0.0, "Total Cost": 1.15, "Plan Rows": 1, "Plan Width": 4, "Filter": "((role)::text = 'actress'::text)"}, {"Node Type": "Materialize", "Parent Relationship": "Inner", "Startup Cost": 0.0, "Total Cost": 23187.92, "Plan Rows": 141, "Plan Width": 28, "Plans": [{"Node Type": "Nested Loop", "Parent Relationship": "Outer", "Join Type": "Inner", "Startup Cost": 0.0, "Total Cost": 23187.57, "Plan Rows": 141, "Plan Width": 28, "Inner Unique": false, "Join Filter": "(n.id = ci.person_id)", "Plans": [{"Node Type": "Nested Loop", "Parent Relationship": "Outer", "Join Type": "Inner", "Startup Cost": 0.0, "Total Cost": 22912.29, "Plan Rows": 115, "Plan Width": 24, "Inner Unique": false, "Plans": [{"Node Type": "Streaming(type: LOCAL GATHER dop: 1/16)", "Parent Relationship": "Outer", "Startup Cost": 0.0, "Total Cost": 22121.41, "Plan Rows": 96, "Plan Width": 4, "Plans": [{"Node Type": "Seq Scan", "Parent Relationship": "Outer", "Relation Name": "name", "Alias": "n", "Startup Cost": 0.0, "Total Cost": 22119.33, "Plan Rows": 96, "Plan Width": 4, "Filter": "(((name)::text ~~ '%Ang%'::text) AND ((gender)::text = 'f'::text))"}]}, {"Node Type": "Index Scan", "Parent Relationship": "Inner", "Scan Direction": "Forward", "Index Name": "person_id_aka_name", "Relation Name": "aka_name", "Alias": "an", "Startup Cost": 0.0, "Total Cost": 8.23, "Plan Rows": 1, "Plan Width": 20, "Index Cond": "(person_id = n.id)"}]}, {"Node Type": "Index Scan", "Parent Relationship": "Inner", "Scan Direction": "Forward", "Index Name": "person_id_cast_info", "Relation Name": "cast_info", "Alias": "ci", "Startup Cost": 0.0, "Total Cost": 2.38, "Plan Rows": 1, "Plan Width": 16, "Index Cond": "(person_id = an.person_id)", "Filter": "((note)::text = ANY ('{(voice),\"(voice: Japanese version)\",\"(voice) (uncredited)\",\"(voice: English version)\"}'::text[]))"}]}]}]}, {"Node Type": "Index Scan", "Parent Relationship": "Inner", "Scan Direction": "Forward", "Index Name": "movie_id_movie_companies", "Relation Name": "movie_companies", "Alias": "mc", "Startup Cost": 0.0, "Total Cost": 0.42, "Plan Rows": 1, "Plan Width": 8, "Index Cond": "(movie_id = ci.movie_id)", "Filter": "((note IS NOT NULL) AND (((note)::text ~~ '%(USA)%'::text) OR ((note)::text ~~ '%(worldwide)%'::text)))"}]}, {"Node Type": "Index Scan", "Parent Relationship": "Inner", "Scan Direction": "Forward", "Index Name": "char_name_pkey", "Relation Name": "char_name", "Alias": "chn", "Startup Cost": 0.0, "Total Cost": 0.5, "Plan Rows": 1, "Plan Width": 20, "Index Cond": "(id = ci.person_role_id)"}]}, {"Node Type": "Index Scan", "Parent Relationship": "Inner", "Scan Direction": "Forward", "Index Name": "company_name_pkey", "Relation Name": "company_name", "Alias": "cn", "Startup Cost": 0.0, "Total Cost": 0.32, "Plan Rows": 1, "Plan Width": 4, "Index Cond": "(id = mc.company_id)", "Filter": "((country_code)::text = '[us]'::text)"}]}, {"Node Type": "Index Scan", "Parent Relationship": "Inner", "Scan Direction": "Forward", "Index Name": "title_pkey", "Relation Name": "title", "Alias": "t", "Startup Cost": 0.0, "Total Cost": 0.49, "Plan Rows": 1, "Plan Width": 21, "Index Cond": "(id = ci.movie_id)", "Filter": "((production_year >= 2005) AND (production_year <= 2015))"}]}]}, "Unique SQL Id": 3431223514, "Planner Runtime": 175}, "explain_analyze_plan": {"Plan": {"Node Type": "Aggregate", "Strategy": "Plain", "Startup Cost": 23199.8, "Total Cost": 23199.81, "Plan Rows": 1, "Plan Width": 145, "Actual Min Startup Time": 189.942, "Actual Max Startup Time": 189.942, "Actual Min Total Time": 189.942, "Actual Max Total Time": 189.942, "Plans": [{"Node Type": "Nested Loop", "Parent Relationship": "Outer", "Join Type": "Inner", "Startup Cost": 0.0, "Total Cost": 23199.79, "Plan Rows": 1, "Plan Width": 49, "Actual Min Startup Time": 181.099, "Actual Max Startup Time": 181.099, "Actual Min Total Time": 189.781, "Actual Max Total Time": 189.781, "Inner Unique": true, "Plans": [{"Node Type": "Nested Loop", "Parent Relationship": "Outer", "Join Type": "Inner", "Startup Cost": 0.0, "Total Cost": 23199.29, "Plan Rows": 1, "Plan Width": 40, "Actual Min Startup Time": 180.812, "Actual Max Startup Time": 180.812, "Actual Min Total Time": 188.094, "Actual Max Total Time": 188.094, "Inner Unique": true, "Plans": [{"Node Type": "Nested Loop", "Parent Relationship": "Outer", "Join Type": "Inner", "Startup Cost": 0.0, "Total Cost": 23198.64, "Plan Rows": 2, "Plan Width": 44, "Actual Min Startup Time": 180.793, "Actual Max Startup Time": 180.793, "Actual Min Total Time": 186.568, "Actual Max Total Time": 186.568, "Inner Unique": true, "Plans": [{"Node Type": "Nested Loop", "Parent Relationship": "Outer", "Join Type": "Inner", "Startup Cost": 0.0, "Total Cost": 23196.09, "Plan Rows": 5, "Plan Width": 32, "Actual Min Startup Time": 180.775, "Actual Max Startup Time": 180.775, "Actual Min Total Time": 185.027, "Actual Max Total Time": 185.027, "Inner Unique": false, "Plans": [{"Node Type": "Nested Loop", "Parent Relationship": "Outer", "Join Type": "Inner", "Startup Cost": 0.0, "Total Cost": 23190.48, "Plan Rows": 13, "Plan Width": 24, "Actual Min Startup Time": 180.727, "Actual Max Startup Time": 180.727, "Actual Min Total Time": 181.011, "Actual Max Total Time": 181.011, "Inner Unique": false, "Join Filter": "(ci.role_id = rt.id)", "Rows Removed by Join Filter": 0, "Plans": [{"Node Type": "Seq Scan", "Parent Relationship": "Outer", "Relation Name": "role_type", "Alias": "rt", "Startup Cost": 0.0, "Total Cost": 1.15, "Plan Rows": 1, "Plan Width": 4, "Actual Min Startup Time": 0.028, "Actual Max Startup Time": 0.028, "Actual Min Total Time": 0.033, "Actual Max Total Time": 0.033, "Filter": "((role)::text = 'actress'::text)", "Rows Removed by Filter": 11, "Actual Rows": 1}, {"Node Type": "Materialize", "Parent Relationship": "Inner", "Startup Cost": 0.0, "Total Cost": 23187.92, "Plan Rows": 141, "Plan Width": 28, "Actual Min Startup Time": 180.682, "Actual Max Startup Time": 180.682, "Actual Min Total Time": 180.754, "Actual Max Total Time": 180.754, "Plans": [{"Node Type": "Nested Loop", "Parent Relationship": "Outer", "Join Type": "Inner", "Startup Cost": 0.0, "Total Cost": 23187.57, "Plan Rows": 141, "Plan Width": 28, "Actual Min Startup Time": 60.138, "Actual Max Startup Time": 60.138, "Actual Min Total Time": 180.446, "Actual Max Total Time": 180.446, "Inner Unique": false, "Join Filter": "(n.id = ci.person_id)", "Rows Removed by Join Filter": 0, "Plans": [{"Node Type": "Nested Loop", "Parent Relationship": "Outer", "Join Type": "Inner", "Startup Cost": 0.0, "Total Cost": 22912.29, "Plan Rows": 115, "Plan Width": 24, "Actual Min Startup Time": 58.849, "Actual Max Startup Time": 58.849, "Actual Min Total Time": 130.527, "Actual Max Total Time": 130.527, "Inner Unique": false, "Plans": [{"Node Type": "Streaming(type: LOCAL GATHER dop: 1/16)", "Parent Relationship": "Outer", "Startup Cost": 0.0, "Total Cost": 22121.41, "Plan Rows": 96, "Plan Width": 4, "Actual Min Startup Time": 58.768, "Actual Max Startup Time": 58.768, "Actual Min Total Time": 108.328, "Actual Max Total Time": 108.328, "Plans": [{"Node Type": "Seq Scan", "Parent Relationship": "Outer", "Relation Name": "name", "Alias": "n", "Startup Cost": 0.0, "Total Cost": 22119.33, "Plan Rows": 96, "Plan Width": 4, "Actual Min Startup Time": 40.816, "Actual Max Startup Time": 45.066, "Actual Min Total Time": 101.069, "Actual Max Total Time": 105.932, "Filter": "(((name)::text ~~ '%Ang%'::text) AND ((gender)::text = 'f'::text))", "Rows Removed by Filter": 4160722, "Actual Rows": 6768}], "Actual Rows": 6768}, {"Node Type": "Index Scan", "Parent Relationship": "Inner", "Scan Direction": "Forward", "Index Name": "person_id_aka_name", "Relation Name": "aka_name", "Alias": "an", "Startup Cost": 0.0, "Total Cost": 8.23, "Plan Rows": 1, "Plan Width": 20, "Actual Min Startup Time": 17.88, "Actual Max Startup Time": 17.88, "Actual Min Total Time": 18.692, "Actual Max Total Time": 18.692, "Index Cond": "(person_id = n.id)", "Rows Removed by Index Recheck": 0, "Actual Rows": 1558}], "Actual Rows": 1558}, {"Node Type": "Index Scan", "Parent Relationship": "Inner", "Scan Direction": "Forward", "Index Name": "person_id_cast_info", "Relation Name": "cast_info", "Alias": "ci", "Startup Cost": 0.0, "Total Cost": 2.38, "Plan Rows": 1, "Plan Width": 16, "Actual Min Startup Time": 44.25, "Actual Max Startup Time": 44.25, "Actual Min Total Time": 48.899, "Actual Max Total Time": 48.899, "Index Cond": "(person_id = an.person_id)", "Rows Removed by Index Recheck": 0, "Filter": "((note)::text = ANY ('{(voice),\"(voice: Japanese version)\",\"(voice) (uncredited)\",\"(voice: English version)\"}'::text[]))", "Rows Removed by Filter": 69057, "Actual Rows": 425}], "Actual Rows": 425}], "Actual Rows": 426}], "Actual Rows": 425}, {"Node Type": "Index Scan", "Parent Relationship": "Inner", "Scan Direction": "Forward", "Index Name": "movie_id_movie_companies", "Relation Name": "movie_companies", "Alias": "mc", "Startup Cost": 0.0, "Total Cost": 0.42, "Plan Rows": 1, "Plan Width": 8, "Actual Min Startup Time": 2.606, "Actual Max Startup Time": 2.606, "Actual Min Total Time": 3.712, "Actual Max Total Time": 3.712, "Index Cond": "(movie_id = ci.movie_id)", "Rows Removed by Index Recheck": 0, "Filter": "((note IS NOT NULL) AND (((note)::text ~~ '%(USA)%'::text) OR ((note)::text ~~ '%(worldwide)%'::text)))", "Rows Removed by Filter": 1538, "Actual Rows": 373}], "Actual Rows": 373}, {"Node Type": "Index Scan", "Parent Relationship": "Inner", "Scan Direction": "Forward", "Index Name": "char_name_pkey", "Relation Name": "char_name", "Alias": "chn", "Startup Cost": 0.0, "Total Cost": 0.5, "Plan Rows": 1, "Plan Width": 20, "Actual Min Startup Time": 1.235, "Actual Max Startup Time": 1.235, "Actual Min Total Time": 1.235, "Actual Max Total Time": 1.235, "Index Cond": "(id = ci.person_role_id)", "Rows Removed by Index Recheck": 0, "Actual Rows": 348}], "Actual Rows": 348}, {"Node Type": "Index Scan", "Parent Relationship": "Inner", "Scan Direction": "Forward", "Index Name": "company_name_pkey", "Relation Name": "company_name", "Alias": "cn", "Startup Cost": 0.0, "Total Cost": 0.32, "Plan Rows": 1, "Plan Width": 4, "Actual Min Startup Time": 1.254, "Actual Max Startup Time": 1.254, "Actual Min Total Time": 1.254, "Actual Max Total Time": 1.254, "Index Cond": "(id = mc.company_id)", "Rows Removed by Index Recheck": 0, "Filter": "((country_code)::text = '[us]'::text)", "Rows Removed by Filter": 7, "Actual Rows": 341}], "Actual Rows": 341}, {"Node Type": "Index Scan", "Parent Relationship": "Inner", "Scan Direction": "Forward", "Index Name": "title_pkey", "Relation Name": "title", "Alias": "t", "Startup Cost": 0.0, "Total Cost": 0.49, "Plan Rows": 1, "Plan Width": 21, "Actual Min Startup Time": 1.456, "Actual Max Startup Time": 1.456, "Actual Min Total Time": 1.456, "Actual Max Total Time": 1.456, "Index Cond": "(id = ci.movie_id)", "Rows Removed by Index Recheck": 0, "Filter": "((production_year >= 2005) AND (production_year <= 2015))", "Rows Removed by Filter": 220, "Actual Rows": 121}], "Actual Rows": 121}], "Actual Rows": 1}, "Triggers": [], "Planner Runtime": 144, "Total Runtime": 193.165, "Unique SQL Id": 3431223514}}, "(16, 13)": {"explain_plan": {"Plan": {"Node Type": "Aggregate", "Strategy": "Plain", "Startup Cost": 154556.1, "Total Cost": 154556.11, "Plan Rows": 1, "Plan Width": 145, "Plans": [{"Node Type": "Nested Loop", "Parent Relationship": "Outer", "Join Type": "Inner", "Startup Cost": 0.0, "Total Cost": 154556.09, "Plan Rows": 1, "Plan Width": 49, "Inner Unique": true, "Plans": [{"Node Type": "Nested Loop", "Parent Relationship": "Outer", "Join Type": "Inner", "Startup Cost": 0.0, "Total Cost": 154555.59, "Plan Rows": 1, "Plan Width": 40, "Inner Unique": true, "Plans": [{"Node Type": "Nested Loop", "Parent Relationship": "Outer", "Join Type": "Inner", "Startup Cost": 0.0, "Total Cost": 154554.58, "Plan Rows": 2, "Plan Width": 28, "Inner Unique": true, "Plans": [{"Node Type": "Nested Loop", "Parent Relationship": "Outer", "Join Type": "Inner", "Startup Cost": 0.0, "Total Cost": 154552.94, "Plan Rows": 5, "Plan Width": 32, "Inner Unique": false, "Plans": [{"Node Type": "Nested Loop", "Parent Relationship": "Outer", "Join Type": "Inner", "Startup Cost": 0.0, "Total Cost": 154547.33, "Plan Rows": 13, "Plan Width": 24, "Inner Unique": false, "Join Filter": "(ci.role_id = rt.id)", "Plans": [{"Node Type": "Index Scan", "Parent Relationship": "Outer", "Scan Direction": "Forward", "Index Name": "role_type_pkey", "Relation Name": "role_type", "Alias": "rt", "Startup Cost": 0.0, "Total Cost": 12.46, "Plan Rows": 1, "Plan Width": 4, "Filter": "((role)::text = 'actress'::text)"}, {"Node Type": "Materialize", "Parent Relationship": "Inner", "Startup Cost": 0.0, "Total Cost": 154533.46, "Plan Rows": 141, "Plan Width": 28, "Plans": [{"Node Type": "Nested Loop", "Parent Relationship": "Outer", "Join Type": "Inner", "Startup Cost": 0.0, "Total Cost": 154533.1, "Plan Rows": 141, "Plan Width": 28, "Inner Unique": false, "Join Filter": "(n.id = ci.person_id)", "Plans": [{"Node Type": "Nested Loop", "Parent Relationship": "Outer", "Join Type": "Inner", "Startup Cost": 0.0, "Total Cost": 154257.82, "Plan Rows": 115, "Plan Width": 24, "Inner Unique": false, "Plans": [{"Node Type": "Streaming(type: LOCAL GATHER dop: 1/16)", "Parent Relationship": "Outer", "Startup Cost": 0.0, "Total Cost": 153466.94, "Plan Rows": 96, "Plan Width": 4, "Plans": [{"Node Type": "Index Scan", "Parent Relationship": "Outer", "Scan Direction": "Forward", "Index Name": "name_pkey", "Relation Name": "name", "Alias": "n", "Startup Cost": 0.0, "Total Cost": 153464.87, "Plan Rows": 96, "Plan Width": 4, "Filter": "(((name)::text ~~ '%Ang%'::text) AND ((gender)::text = 'f'::text))"}]}, {"Node Type": "Index Scan", "Parent Relationship": "Inner", "Scan Direction": "Forward", "Index Name": "person_id_aka_name", "Relation Name": "aka_name", "Alias": "an", "Startup Cost": 0.0, "Total Cost": 8.23, "Plan Rows": 1, "Plan Width": 20, "Index Cond": "(person_id = n.id)"}]}, {"Node Type": "Index Scan", "Parent Relationship": "Inner", "Scan Direction": "Forward", "Index Name": "person_id_cast_info", "Relation Name": "cast_info", "Alias": "ci", "Startup Cost": 0.0, "Total Cost": 2.38, "Plan Rows": 1, "Plan Width": 16, "Index Cond": "(person_id = an.person_id)", "Filter": "((note)::text = ANY ('{(voice),\"(voice: Japanese version)\",\"(voice) (uncredited)\",\"(voice: English version)\"}'::text[]))"}]}]}]}, {"Node Type": "Index Scan", "Parent Relationship": "Inner", "Scan Direction": "Forward", "Index Name": "movie_id_movie_companies", "Relation Name": "movie_companies", "Alias": "mc", "Startup Cost": 0.0, "Total Cost": 0.42, "Plan Rows": 1, "Plan Width": 8, "Index Cond": "(movie_id = ci.movie_id)", "Filter": "((note IS NOT NULL) AND (((note)::text ~~ '%(USA)%'::text) OR ((note)::text ~~ '%(worldwide)%'::text)))"}]}, {"Node Type": "Index Scan", "Parent Relationship": "Inner", "Scan Direction": "Forward", "Index Name": "company_name_pkey", "Relation Name": "company_name", "Alias": "cn", "Startup Cost": 0.0, "Total Cost": 0.32, "Plan Rows": 1, "Plan Width": 4, "Index Cond": "(id = mc.company_id)", "Filter": "((country_code)::text = '[us]'::text)"}]}, {"Node Type": "Index Scan", "Parent Relationship": "Inner", "Scan Direction": "Forward", "Index Name": "char_name_pkey", "Relation Name": "char_name", "Alias": "chn", "Startup Cost": 0.0, "Total Cost": 0.5, "Plan Rows": 1, "Plan Width": 20, "Index Cond": "(id = ci.person_role_id)"}]}, {"Node Type": "Index Scan", "Parent Relationship": "Inner", "Scan Direction": "Forward", "Index Name": "title_pkey", "Relation Name": "title", "Alias": "t", "Startup Cost": 0.0, "Total Cost": 0.49, "Plan Rows": 1, "Plan Width": 21, "Index Cond": "(id = ci.movie_id)", "Filter": "((production_year >= 2005) AND (production_year <= 2015))"}]}]}, "Unique SQL Id": 3431223514, "Planner Runtime": 72}, "explain_analyze_plan": {"Plan": {"Node Type": "Aggregate", "Strategy": "Plain", "Startup Cost": 154556.1, "Total Cost": 154556.11, "Plan Rows": 1, "Plan Width": 145, "Actual Min Startup Time": 381.158, "Actual Max Startup Time": 381.158, "Actual Min Total Time": 381.159, "Actual Max Total Time": 381.159, "Plans": [{"Node Type": "Nested Loop", "Parent Relationship": "Outer", "Join Type": "Inner", "Startup Cost": 0.0, "Total Cost": 154556.09, "Plan Rows": 1, "Plan Width": 49, "Actual Min Startup Time": 371.852, "Actual Max Startup Time": 371.852, "Actual Min Total Time": 381.01, "Actual Max Total Time": 381.01, "Inner Unique": true, "Plans": [{"Node Type": "Nested Loop", "Parent Relationship": "Outer", "Join Type": "Inner", "Startup Cost": 0.0, "Total Cost": 154555.59, "Plan Rows": 1, "Plan Width": 40, "Actual Min Startup Time": 370.918, "Actual Max Startup Time": 370.918, "Actual Min Total Time": 379.017, "Actual Max Total Time": 379.017, "Inner Unique": true, "Plans": [{"Node Type": "Nested Loop", "Parent Relationship": "Outer", "Join Type": "Inner", "Startup Cost": 0.0, "Total Cost": 154554.58, "Plan Rows": 2, "Plan Width": 28, "Actual Min Startup Time": 370.897, "Actual Max Startup Time": 370.897, "Actual Min Total Time": 377.445, "Actual Max Total Time": 377.445, "Inner Unique": true, "Plans": [{"Node Type": "Nested Loop", "Parent Relationship": "Outer", "Join Type": "Inner", "Startup Cost": 0.0, "Total Cost": 154552.94, "Plan Rows": 5, "Plan Width": 32, "Actual Min Startup Time": 370.872, "Actual Max Startup Time": 370.872, "Actual Min Total Time": 375.543, "Actual Max Total Time": 375.543, "Inner Unique": false, "Plans": [{"Node Type": "Nested Loop", "Parent Relationship": "Outer", "Join Type": "Inner", "Startup Cost": 0.0, "Total Cost": 154547.33, "Plan Rows": 13, "Plan Width": 24, "Actual Min Startup Time": 370.838, "Actual Max Startup Time": 370.838, "Actual Min Total Time": 371.129, "Actual Max Total Time": 371.129, "Inner Unique": false, "Join Filter": "(ci.role_id = rt.id)", "Rows Removed by Join Filter": 0, "Plans": [{"Node Type": "Index Scan", "Parent Relationship": "Outer", "Scan Direction": "Forward", "Index Name": "role_type_pkey", "Relation Name": "role_type", "Alias": "rt", "Startup Cost": 0.0, "Total Cost": 12.46, "Plan Rows": 1, "Plan Width": 4, "Actual Min Startup Time": 0.027, "Actual Max Startup Time": 0.027, "Actual Min Total Time": 0.034, "Actual Max Total Time": 0.034, "Filter": "((role)::text = 'actress'::text)", "Rows Removed by Filter": 11, "Actual Rows": 1}, {"Node Type": "Materialize", "Parent Relationship": "Inner", "Startup Cost": 0.0, "Total Cost": 154533.46, "Plan Rows": 141, "Plan Width": 28, "Actual Min Startup Time": 370.792, "Actual Max Startup Time": 370.792, "Actual Min Total Time": 370.871, "Actual Max Total Time": 370.871, "Plans": [{"Node Type": "Nested Loop", "Parent Relationship": "Outer", "Join Type": "Inner", "Startup Cost": 0.0, "Total Cost": 154533.1, "Plan Rows": 141, "Plan Width": 28, "Actual Min Startup Time": 96.425, "Actual Max Startup Time": 96.425, "Actual Min Total Time": 370.541, "Actual Max Total Time": 370.541, "Inner Unique": false, "Join Filter": "(n.id = ci.person_id)", "Rows Removed by Join Filter": 0, "Plans": [{"Node Type": "Nested Loop", "Parent Relationship": "Outer", "Join Type": "Inner", "Startup Cost": 0.0, "Total Cost": 154257.82, "Plan Rows": 115, "Plan Width": 24, "Actual Min Startup Time": 95.83, "Actual Max Startup Time": 95.83, "Actual Min Total Time": 315.879, "Actual Max Total Time": 315.879, "Inner Unique": false, "Plans": [{"Node Type": "Streaming(type: LOCAL GATHER dop: 1/16)", "Parent Relationship": "Outer", "Startup Cost": 0.0, "Total Cost": 153466.94, "Plan Rows": 96, "Plan Width": 4, "Actual Min Startup Time": 95.756, "Actual Max Startup Time": 95.756, "Actual Min Total Time": 293.923, "Actual Max Total Time": 293.923, "Plans": [{"Node Type": "Index Scan", "Parent Relationship": "Outer", "Scan Direction": "Forward", "Index Name": "name_pkey", "Relation Name": "name", "Alias": "n", "Startup Cost": 0.0, "Total Cost": 153464.87, "Plan Rows": 96, "Plan Width": 4, "Actual Min Startup Time": 40.31, "Actual Max Startup Time": 338.836, "Actual Min Total Time": 295.678, "Actual Max Total Time": 338.836, "Filter": "(((name)::text ~~ '%Ang%'::text) AND ((gender)::text = 'f'::text))", "Rows Removed by Filter": 4160722, "Actual Rows": 6768}], "Actual Rows": 6768}, {"Node Type": "Index Scan", "Parent Relationship": "Inner", "Scan Direction": "Forward", "Index Name": "person_id_aka_name", "Relation Name": "aka_name", "Alias": "an", "Startup Cost": 0.0, "Total Cost": 8.23, "Plan Rows": 1, "Plan Width": 20, "Actual Min Startup Time": 17.357, "Actual Max Startup Time": 17.357, "Actual Min Total Time": 18.22, "Actual Max Total Time": 18.22, "Index Cond": "(person_id = n.id)", "Rows Removed by Index Recheck": 0, "Actual Rows": 1558}], "Actual Rows": 1558}, {"Node Type": "Index Scan", "Parent Relationship": "Inner", "Scan Direction": "Forward", "Index Name": "person_id_cast_info", "Relation Name": "cast_info", "Alias": "ci", "Startup Cost": 0.0, "Total Cost": 2.38, "Plan Rows": 1, "Plan Width": 16, "Actual Min Startup Time": 48.528, "Actual Max Startup Time": 48.528, "Actual Min Total Time": 53.577, "Actual Max Total Time": 53.577, "Index Cond": "(person_id = an.person_id)", "Rows Removed by Index Recheck": 0, "Filter": "((note)::text = ANY ('{(voice),\"(voice: Japanese version)\",\"(voice) (uncredited)\",\"(voice: English version)\"}'::text[]))", "Rows Removed by Filter": 69057, "Actual Rows": 425}], "Actual Rows": 425}], "Actual Rows": 426}], "Actual Rows": 425}, {"Node Type": "Index Scan", "Parent Relationship": "Inner", "Scan Direction": "Forward", "Index Name": "movie_id_movie_companies", "Relation Name": "movie_companies", "Alias": "mc", "Startup Cost": 0.0, "Total Cost": 0.42, "Plan Rows": 1, "Plan Width": 8, "Actual Min Startup Time": 2.907, "Actual Max Startup Time": 2.907, "Actual Min Total Time": 4.086, "Actual Max Total Time": 4.086, "Index Cond": "(movie_id = ci.movie_id)", "Rows Removed by Index Recheck": 0, "Filter": "((note IS NOT NULL) AND (((note)::text ~~ '%(USA)%'::text) OR ((note)::text ~~ '%(worldwide)%'::text)))", "Rows Removed by Filter": 1538, "Actual Rows": 373}], "Actual Rows": 373}, {"Node Type": "Index Scan", "Parent Relationship": "Inner", "Scan Direction": "Forward", "Index Name": "company_name_pkey", "Relation Name": "company_name", "Alias": "cn", "Startup Cost": 0.0, "Total Cost": 0.32, "Plan Rows": 1, "Plan Width": 4, "Actual Min Startup Time": 1.6, "Actual Max Startup Time": 1.6, "Actual Min Total Time": 1.6, "Actual Max Total Time": 1.6, "Index Cond": "(id = mc.company_id)", "Rows Removed by Index Recheck": 0, "Filter": "((country_code)::text = '[us]'::text)", "Rows Removed by Filter": 14, "Actual Rows": 359}], "Actual Rows": 359}, {"Node Type": "Index Scan", "Parent Relationship": "Inner", "Scan Direction": "Forward", "Index Name": "char_name_pkey", "Relation Name": "char_name", "Alias": "chn", "Startup Cost": 0.0, "Total Cost": 0.5, "Plan Rows": 1, "Plan Width": 20, "Actual Min Startup Time": 1.275, "Actual Max Startup Time": 1.275, "Actual Min Total Time": 1.275, "Actual Max Total Time": 1.275, "Index Cond": "(id = ci.person_role_id)", "Rows Removed by Index Recheck": 0, "Actual Rows": 341}], "Actual Rows": 341}, {"Node Type": "Index Scan", "Parent Relationship": "Inner", "Scan Direction": "Forward", "Index Name": "title_pkey", "Relation Name": "title", "Alias": "t", "Startup Cost": 0.0, "Total Cost": 0.49, "Plan Rows": 1, "Plan Width": 21, "Actual Min Startup Time": 1.749, "Actual Max Startup Time": 1.749, "Actual Min Total Time": 1.749, "Actual Max Total Time": 1.749, "Index Cond": "(id = ci.movie_id)", "Rows Removed by Index Recheck": 0, "Filter": "((production_year >= 2005) AND (production_year <= 2015))", "Rows Removed by Filter": 220, "Actual Rows": 121}], "Actual Rows": 121}], "Actual Rows": 1}, "Triggers": [], "Planner Runtime": 15, "Total Runtime": 384.132, "Unique SQL Id": 3431223514}}, "(16, 14)": {"explain_plan": {"Plan": {"Node Type": "Aggregate", "Strategy": "Plain", "Startup Cost": 192527.17, "Total Cost": 192527.2, "Plan Rows": 1, "Plan Width": 145, "Plans": [{"Node Type": "Streaming(type: LOCAL GATHER dop: 1/16)", "Parent Relationship": "Outer", "Startup Cost": 192527.17, "Total Cost": 192527.2, "Plan Rows": 1, "Plan Width": 145, "Plans": [{"Node Type": "Aggregate", "Strategy": "Plain", "Parent Relationship": "Outer", "Startup Cost": 192527.17, "Total Cost": 192527.18, "Plan Rows": 1, "Plan Width": 145, "Plans": [{"Node Type": "Hash Join", "Parent Relationship": "Outer", "Join Type": "Inner", "Startup Cost": 121554.77, "Total Cost": 192527.15, "Plan Rows": 2, "Plan Width": 49, "Inner Unique": false, "Hash Cond": "(n.id = an.person_id)", "Plans": [{"Node Type": "Streaming(type: BROADCAST dop: 16/16)", "Parent Relationship": "Outer", "Startup Cost": 116789.53, "Total Cost": 187761.88, "Plan Rows": 16, "Plan Width": 41, "Plans": [{"Node Type": "Hash Join", "Parent Relationship": "Outer", "Join Type": "Inner", "Startup Cost": 116789.53, "Total Cost": 172761.84, "Plan Rows": 1, "Plan Width": 41, "Inner Unique": true, "Hash Cond": "(ci.movie_id = t.id)", "Plans": [{"Node Type": "Streaming(type: BROADCAST dop: 16/1)", "Parent Relationship": "Outer", "Startup Cost": 111036.84, "Total Cost": 167009.14, "Plan Rows": 16, "Plan Width": 32, "Plans": [{"Node Type": "Nested Loop", "Parent Relationship": "Outer", "Join Type": "Inner", "Startup Cost": 111036.84, "Total Cost": 152008.79, "Plan Rows": 1, "Plan Width": 32, "Inner Unique": false, "Join Filter": "(ci.role_id = rt.id)", "Plans": [{"Node Type": "Seq Scan", "Parent Relationship": "Outer", "Relation Name": "role_type", "Alias": "rt", "Startup Cost": 0.0, "Total Cost": 1.15, "Plan Rows": 1, "Plan Width": 4, "Filter": "((role)::text = 'actress'::text)"}, {"Node Type": "Materialize", "Parent Relationship": "Inner", "Startup Cost": 111036.84, "Total Cost": 152007.48, "Plan Rows": 16, "Plan Width": 36, "Plans": [{"Node Type": "Hash Join", "Parent Relationship": "Outer", "Join Type": "Inner", "Startup Cost": 111036.84, "Total Cost": 152007.44, "Plan Rows": 16, "Plan Width": 36, "Inner Unique": true, "Hash Cond": "(mc.company_id = cn.id)", "Plans": [{"Node Type": "Streaming(type: LOCAL GATHER dop: 1/16)", "Parent Relationship": "Outer", "Startup Cost": 108496.35, "Total Cost": 149466.63, "Plan Rows": 21, "Plan Width": 40, "Plans": [{"Node Type": "Hash Join", "Parent Relationship": "Outer", "Join Type": "Inner", "Startup Cost": 108496.35, "Total Cost": 149466.17, "Plan Rows": 21, "Plan Width": 40, "Inner Unique": true, "Hash Cond": "(ci.person_role_id = chn.id)", "Plans": [{"Node Type": "Streaming(type: BROADCAST dop: 16/1)", "Parent Relationship": "Outer", "Startup Cost": 101238.38, "Total Cost": 142208.03, "Plan Rows": 688, "Plan Width": 28, "Plans": [{"Node Type": "Hash Join", "Parent Relationship": "Outer", "Join Type": "Inner", "Startup Cost": 101238.38, "Total Cost": 127193.18, "Plan Rows": 43, "Plan Width": 28, "Inner Unique": false, "Hash Cond": "(mc.movie_id = ci.movie_id)", "Plans": [{"Node Type": "Streaming(type: LOCAL GATHER dop: 1/16)", "Parent Relationship": "Outer", "Startup Cost": 0.0, "Total Cost": 24840.35, "Plan Rows": 297072, "Plan Width": 8, "Plans": [{"Node Type": "Seq Scan", "Parent Relationship": "Outer", "Relation Name": "movie_companies", "Alias": "mc", "Startup Cost": 0.0, "Total Cost": 18428.93, "Plan Rows": 297072, "Plan Width": 8, "Filter": "((note IS NOT NULL) AND (((note)::text ~~ '%(USA)%'::text) OR ((note)::text ~~ '%(worldwide)%'::text))), (LLVM Optimized)"}]}, {"Node Type": "Hash", "Parent Relationship": "Inner", "Startup Cost": 101236.92, "Total Cost": 101236.92, "Plan Rows": 117, "Plan Width": 20, "Plans": [{"Node Type": "Streaming(type: LOCAL GATHER dop: 1/16)", "Parent Relationship": "Outer", "Startup Cost": 37124.43, "Total Cost": 101236.92, "Plan Rows": 117, "Plan Width": 20, "Plans": [{"Node Type": "Hash Join", "Parent Relationship": "Outer", "Join Type": "Inner", "Startup Cost": 37124.43, "Total Cost": 101234.39, "Plan Rows": 117, "Plan Width": 20, "Inner Unique": true, "Hash Cond": "(ci.person_id = n.id)", "Plans": [{"Node Type": "Seq Scan", "Parent Relationship": "Outer", "Relation Name": "cast_info", "Alias": "ci", "Startup Cost": 0.0, "Total Cost": 63948.46, "Plan Rows": 833163, "Plan Width": 16, "Filter": "((note)::text = ANY ('{(voice),\"(voice: Japanese version)\",\"(voice) (uncredited)\",\"(voice: English version)\"}'::text[]))"}, {"Node Type": "Hash", "Parent Relationship": "Inner", "Startup Cost": 37123.23, "Total Cost": 37123.23, "Plan Rows": 1536, "Plan Width": 4, "Plans": [{"Node Type": "Streaming(type: BROADCAST dop: 16/16)", "Parent Relationship": "Outer", "Startup Cost": 0.0, "Total Cost": 37123.23, "Plan Rows": 1536, "Plan Width": 4, "Plans": [{"Node Type": "Seq Scan", "Parent Relationship": "Outer", "Relation Name": "name", "Alias": "n", "Startup Cost": 0.0, "Total Cost": 22119.33, "Plan Rows": 96, "Plan Width": 4, "Filter": "(((name)::text ~~ '%Ang%'::text) AND ((gender)::text = 'f'::text))"}]}]}]}]}]}]}]}, {"Node Type": "Hash", "Parent Relationship": "Inner", "Startup Cost": 19218.34, "Total Cost": 19218.34, "Plan Rows": 3140338, "Plan Width": 20, "Plans": [{"Node Type": "Seq Scan", "Parent Relationship": "Outer", "Relation Name": "char_name", "Alias": "chn", "Startup Cost": 0.0, "Total Cost": 19218.34, "Plan Rows": 3140338, "Plan Width": 20}]}]}]}, {"Node Type": "Hash", "Parent Relationship": "Inner", "Startup Cost": 5903.45, "Total Cost": 5903.45, "Plan Rows": 85170, "Plan Width": 4, "Plans": [{"Node Type": "Seq Scan", "Parent Relationship": "Outer", "Relation Name": "company_name", "Alias": "cn", "Startup Cost": 0.0, "Total Cost": 5903.45, "Plan Rows": 85170, "Plan Width": 4, "Filter": "((country_code)::text = '[us]'::text)"}]}]}]}]}]}, {"Node Type": "Hash", "Parent Relationship": "Inner", "Startup Cost": 19544.42, "Total Cost": 19544.42, "Plan Rows": 1109224, "Plan Width": 21, "Plans": [{"Node Type": "Seq Scan", "Parent Relationship": "Outer", "Relation Name": "title", "Alias": "t", "Startup Cost": 86.43, "Total Cost": 19544.42, "Plan Rows": 1109224, "Plan Width": 21, "Filter": "((production_year >= 2005) AND (production_year <= 2015)), (LLVM Optimized)"}]}]}]}, {"Node Type": "Hash", "Parent Relationship": "Inner", "Startup Cost": 16244.28, "Total Cost": 16244.28, "Plan Rows": 901342, "Plan Width": 20, "Plans": [{"Node Type": "Seq Scan", "Parent Relationship": "Outer", "Relation Name": "aka_name", "Alias": "an", "Startup Cost": 0.0, "Total Cost": 16244.28, "Plan Rows": 901342, "Plan Width": 20}]}]}]}]}]}, "Unique SQL Id": 3431223514, "Planner Runtime": 412}, "explain_analyze_plan": null}, "(16, 15)": {"explain_plan": {"Plan": {"Node Type": "Aggregate", "Strategy": "Plain", "Startup Cost": 3842119077147.93, "Total Cost": 3842119077147.94, "Plan Rows": 1, "Plan Width": 145, "Plans": [{"Node Type": "Merge Join", "Parent Relationship": "Outer", "Join Type": "Inner", "Startup Cost": 80000000000.0, "Total Cost": 3842119077147.92, "Plan Rows": 2, "Plan Width": 49, "Inner Unique": true, "Merge Cond": "(ci.person_role_id = chn.id)", "Plans": [{"Node Type": "Nested Loop", "Parent Relationship": "Outer", "Join Type": "Inner", "Startup Cost": 70000000000.0, "Total Cost": 7000265204378.85, "Plan Rows": 5, "Plan Width": 37, "Inner Unique": false, "Join Filter": "(n.id = an.person_id)", "Plans": [{"Node Type": "Nested Loop", "Parent Relationship": "Outer", "Join Type": "Inner", "Startup Cost": 60000000000.0, "Total Cost": 6000258251541.54, "Plan Rows": 4, "Plan Width": 29, "Inner Unique": true, "Join Filter": "(ci.movie_id = t.id)", "Plans": [{"Node Type": "Nested Loop", "Parent Relationship": "Outer", "Join Type": "Inner", "Startup Cost": 50000000000.0, "Total Cost": 5000245922648.99, "Plan Rows": 3, "Plan Width": 20, "Inner Unique": true, "Join Filter": "(mc.company_id = cn.id)", "Plans": [{"Node Type": "Nested Loop", "Parent Relationship": "Outer", "Join Type": "Inner", "Startup Cost": 40000000000.0, "Total Cost": 4000244867186.89, "Plan Rows": 4, "Plan Width": 24, "Inner Unique": false, "Join Filter": "(ci.movie_id = mc.movie_id)", "Plans": [{"Node Type": "Nested Loop", "Parent Relationship": "Outer", "Join Type": "Inner", "Startup Cost": 30000000000.0, "Total Cost": 3000231145513.35, "Plan Rows": 11, "Plan Width": 16, "Inner Unique": true, "Join Filter": "(ci.person_id = n.id)", "Plans": [{"Node Type": "Nested Loop", "Parent Relationship": "Outer", "Join Type": "Inner", "Startup Cost": 20000000000.0, "Total Cost": 2000211329424.93, "Plan Rows": 75742, "Plan Width": 12, "Inner Unique": true, "Join Filter": "(ci.role_id = rt.id)", "Plans": [{"Node Type": "Index Scan", "Parent Relationship": "Outer", "Scan Direction": "Forward", "Index Name": "person_role_id_cast_info", "Relation Name": "cast_info", "Alias": "ci", "Startup Cost": 10000000000.0, "Total Cost": 1000211315681.48, "Plan Rows": 833163, "Plan Width": 16, "Filter": "((note)::text = ANY ('{(voice),\"(voice: Japanese version)\",\"(voice) (uncredited)\",\"(voice: English version)\"}'::text[]))"}, {"Node Type": "Materialize", "Parent Relationship": "Inner", "Startup Cost": 10000000000.0, "Total Cost": 1000000001246.0, "Plan Rows": 1, "Plan Width": 4, "Plans": [{"Node Type": "Index Scan", "Parent Relationship": "Outer", "Scan Direction": "Forward", "Index Name": "role_type_pkey", "Relation Name": "role_type", "Alias": "rt", "Startup Cost": 10000000000.0, "Total Cost": 1000000001246.0, "Plan Rows": 1, "Plan Width": 4, "Filter": "((role)::text = 'actress'::text)"}]}]}, {"Node Type": "Materialize", "Parent Relationship": "Inner", "Startup Cost": 10000000000.0, "Total Cost": 1000019707020.18, "Plan Rows": 96, "Plan Width": 4, "Plans": [{"Node Type": "Index Scan", "Parent Relationship": "Outer", "Scan Direction": "Forward", "Index Name": "name_pkey", "Relation Name": "name", "Alias": "n", "Startup Cost": 10000000000.0, "Total Cost": 1000019707019.7, "Plan Rows": 96, "Plan Width": 4, "Filter": "(((name)::text ~~ '%Ang%'::text) AND ((gender)::text = 'f'::text))"}]}]}, {"Node Type": "Materialize", "Parent Relationship": "Inner", "Startup Cost": 10000000000.0, "Total Cost": 1000013673399.34, "Plan Rows": 297072, "Plan Width": 8, "Plans": [{"Node Type": "Index Scan", "Parent Relationship": "Outer", "Scan Direction": "Forward", "Index Name": "company_id_movie_companies", "Relation Name": "movie_companies", "Alias": "mc", "Startup Cost": 10000000000.0, "Total Cost": 1000013671913.98, "Plan Rows": 297072, "Plan Width": 8, "Filter": "((note IS NOT NULL) AND (((note)::text ~~ '%(USA)%'::text) OR ((note)::text ~~ '%(worldwide)%'::text))), (LLVM Optimized)"}]}]}, {"Node Type": "Materialize", "Parent Relationship": "Inner", "Startup Cost": 10000000000.0, "Total Cost": 1000001050564.82, "Plan Rows": 85170, "Plan Width": 4, "Plans": [{"Node Type": "Index Scan", "Parent Relationship": "Outer", "Scan Direction": "Forward", "Index Name": "company_name_pkey", "Relation Name": "company_name", "Alias": "cn", "Startup Cost": 10000000000.0, "Total Cost": 1000001050138.97, "Plan Rows": 85170, "Plan Width": 4, "Filter": "((country_code)::text = '[us]'::text)"}]}]}, {"Node Type": "Materialize", "Parent Relationship": "Inner", "Startup Cost": 10000000000.0, "Total Cost": 1000012281750.53, "Plan Rows": 1109224, "Plan Width": 21, "Plans": [{"Node Type": "Index Scan", "Parent Relationship": "Outer", "Scan Direction": "Forward", "Index Name": "title_pkey", "Relation Name": "title", "Alias": "t", "Startup Cost": 10000000000.0, "Total Cost": 1000012276204.41, "Plan Rows": 1109224, "Plan Width": 21, "Filter": "((production_year >= 2005) AND (production_year <= 2015)), (LLVM Optimized)"}]}]}, {"Node Type": "Materialize", "Parent Relationship": "Inner", "Startup Cost": 10000000000.0, "Total Cost": 1000006901010.14, "Plan Rows": 901342, "Plan Width": 20, "Plans": [{"Node Type": "Index Scan", "Parent Relationship": "Outer", "Scan Direction": "Forward", "Index Name": "person_id_aka_name", "Relation Name": "aka_name", "Alias": "an", "Startup Cost": 10000000000.0, "Total Cost": 1000006896503.43, "Plan Rows": 901342, "Plan Width": 20}]}]}, {"Node Type": "Index Scan", "Parent Relationship": "Inner", "Scan Direction": "Forward", "Index Name": "char_name_pkey", "Relation Name": "char_name", "Alias": "chn", "Startup Cost": 10000000000.0, "Total Cost": 1000012987545.51, "Plan Rows": 3140338, "Plan Width": 20}]}]}, "Unique SQL Id": 3431223514, "Planner Runtime": 195}, "explain_analyze_plan": null}, "(16, 16)": {"explain_plan": {"Plan": {"Node Type": "Aggregate", "Strategy": "Plain", "Startup Cost": 23199.8, "Total Cost": 23199.81, "Plan Rows": 1, "Plan Width": 145, "Plans": [{"Node Type": "Nested Loop", "Parent Relationship": "Outer", "Join Type": "Inner", "Startup Cost": 0.0, "Total Cost": 23199.79, "Plan Rows": 1, "Plan Width": 49, "Inner Unique": true, "Plans": [{"Node Type": "Nested Loop", "Parent Relationship": "Outer", "Join Type": "Inner", "Startup Cost": 0.0, "Total Cost": 23199.29, "Plan Rows": 1, "Plan Width": 40, "Inner Unique": true, "Plans": [{"Node Type": "Nested Loop", "Parent Relationship": "Outer", "Join Type": "Inner", "Startup Cost": 0.0, "Total Cost": 23198.64, "Plan Rows": 2, "Plan Width": 44, "Inner Unique": true, "Plans": [{"Node Type": "Nested Loop", "Parent Relationship": "Outer", "Join Type": "Inner", "Startup Cost": 0.0, "Total Cost": 23196.09, "Plan Rows": 5, "Plan Width": 32, "Inner Unique": false, "Plans": [{"Node Type": "Nested Loop", "Parent Relationship": "Outer", "Join Type": "Inner", "Startup Cost": 0.0, "Total Cost": 23190.48, "Plan Rows": 13, "Plan Width": 24, "Inner Unique": false, "Join Filter": "(ci.role_id = rt.id)", "Plans": [{"Node Type": "Seq Scan", "Parent Relationship": "Outer", "Relation Name": "role_type", "Alias": "rt", "Startup Cost": 0.0, "Total Cost": 1.15, "Plan Rows": 1, "Plan Width": 4, "Filter": "((role)::text = 'actress'::text)"}, {"Node Type": "Materialize", "Parent Relationship": "Inner", "Startup Cost": 0.0, "Total Cost": 23187.92, "Plan Rows": 141, "Plan Width": 28, "Plans": [{"Node Type": "Nested Loop", "Parent Relationship": "Outer", "Join Type": "Inner", "Startup Cost": 0.0, "Total Cost": 23187.57, "Plan Rows": 141, "Plan Width": 28, "Inner Unique": false, "Join Filter": "(n.id = ci.person_id)", "Plans": [{"Node Type": "Nested Loop", "Parent Relationship": "Outer", "Join Type": "Inner", "Startup Cost": 0.0, "Total Cost": 22912.29, "Plan Rows": 115, "Plan Width": 24, "Inner Unique": false, "Plans": [{"Node Type": "Streaming(type: LOCAL GATHER dop: 1/16)", "Parent Relationship": "Outer", "Startup Cost": 0.0, "Total Cost": 22121.41, "Plan Rows": 96, "Plan Width": 4, "Plans": [{"Node Type": "Seq Scan", "Parent Relationship": "Outer", "Relation Name": "name", "Alias": "n", "Startup Cost": 0.0, "Total Cost": 22119.33, "Plan Rows": 96, "Plan Width": 4, "Filter": "(((name)::text ~~ '%Ang%'::text) AND ((gender)::text = 'f'::text))"}]}, {"Node Type": "Index Scan", "Parent Relationship": "Inner", "Scan Direction": "Forward", "Index Name": "person_id_aka_name", "Relation Name": "aka_name", "Alias": "an", "Startup Cost": 0.0, "Total Cost": 8.23, "Plan Rows": 1, "Plan Width": 20, "Index Cond": "(person_id = n.id)"}]}, {"Node Type": "Index Scan", "Parent Relationship": "Inner", "Scan Direction": "Forward", "Index Name": "person_id_cast_info", "Relation Name": "cast_info", "Alias": "ci", "Startup Cost": 0.0, "Total Cost": 2.38, "Plan Rows": 1, "Plan Width": 16, "Index Cond": "(person_id = an.person_id)", "Filter": "((note)::text = ANY ('{(voice),\"(voice: Japanese version)\",\"(voice) (uncredited)\",\"(voice: English version)\"}'::text[]))"}]}]}]}, {"Node Type": "Index Scan", "Parent Relationship": "Inner", "Scan Direction": "Forward", "Index Name": "movie_id_movie_companies", "Relation Name": "movie_companies", "Alias": "mc", "Startup Cost": 0.0, "Total Cost": 0.42, "Plan Rows": 1, "Plan Width": 8, "Index Cond": "(movie_id = ci.movie_id)", "Filter": "((note IS NOT NULL) AND (((note)::text ~~ '%(USA)%'::text) OR ((note)::text ~~ '%(worldwide)%'::text)))"}]}, {"Node Type": "Index Scan", "Parent Relationship": "Inner", "Scan Direction": "Forward", "Index Name": "char_name_pkey", "Relation Name": "char_name", "Alias": "chn", "Startup Cost": 0.0, "Total Cost": 0.5, "Plan Rows": 1, "Plan Width": 20, "Index Cond": "(id = ci.person_role_id)"}]}, {"Node Type": "Index Scan", "Parent Relationship": "Inner", "Scan Direction": "Forward", "Index Name": "company_name_pkey", "Relation Name": "company_name", "Alias": "cn", "Startup Cost": 0.0, "Total Cost": 0.32, "Plan Rows": 1, "Plan Width": 4, "Index Cond": "(id = mc.company_id)", "Filter": "((country_code)::text = '[us]'::text)"}]}, {"Node Type": "Index Scan", "Parent Relationship": "Inner", "Scan Direction": "Forward", "Index Name": "title_pkey", "Relation Name": "title", "Alias": "t", "Startup Cost": 0.0, "Total Cost": 0.49, "Plan Rows": 1, "Plan Width": 21, "Index Cond": "(id = ci.movie_id)", "Filter": "((production_year >= 2005) AND (production_year <= 2015))"}]}]}, "Unique SQL Id": 3431223514, "Planner Runtime": 53}, "explain_analyze_plan": {"Plan": {"Node Type": "Aggregate", "Strategy": "Plain", "Startup Cost": 23199.8, "Total Cost": 23199.81, "Plan Rows": 1, "Plan Width": 145, "Actual Min Startup Time": 189.942, "Actual Max Startup Time": 189.942, "Actual Min Total Time": 189.942, "Actual Max Total Time": 189.942, "Plans": [{"Node Type": "Nested Loop", "Parent Relationship": "Outer", "Join Type": "Inner", "Startup Cost": 0.0, "Total Cost": 23199.79, "Plan Rows": 1, "Plan Width": 49, "Actual Min Startup Time": 181.099, "Actual Max Startup Time": 181.099, "Actual Min Total Time": 189.781, "Actual Max Total Time": 189.781, "Inner Unique": true, "Plans": [{"Node Type": "Nested Loop", "Parent Relationship": "Outer", "Join Type": "Inner", "Startup Cost": 0.0, "Total Cost": 23199.29, "Plan Rows": 1, "Plan Width": 40, "Actual Min Startup Time": 180.812, "Actual Max Startup Time": 180.812, "Actual Min Total Time": 188.094, "Actual Max Total Time": 188.094, "Inner Unique": true, "Plans": [{"Node Type": "Nested Loop", "Parent Relationship": "Outer", "Join Type": "Inner", "Startup Cost": 0.0, "Total Cost": 23198.64, "Plan Rows": 2, "Plan Width": 44, "Actual Min Startup Time": 180.793, "Actual Max Startup Time": 180.793, "Actual Min Total Time": 186.568, "Actual Max Total Time": 186.568, "Inner Unique": true, "Plans": [{"Node Type": "Nested Loop", "Parent Relationship": "Outer", "Join Type": "Inner", "Startup Cost": 0.0, "Total Cost": 23196.09, "Plan Rows": 5, "Plan Width": 32, "Actual Min Startup Time": 180.775, "Actual Max Startup Time": 180.775, "Actual Min Total Time": 185.027, "Actual Max Total Time": 185.027, "Inner Unique": false, "Plans": [{"Node Type": "Nested Loop", "Parent Relationship": "Outer", "Join Type": "Inner", "Startup Cost": 0.0, "Total Cost": 23190.48, "Plan Rows": 13, "Plan Width": 24, "Actual Min Startup Time": 180.727, "Actual Max Startup Time": 180.727, "Actual Min Total Time": 181.011, "Actual Max Total Time": 181.011, "Inner Unique": false, "Join Filter": "(ci.role_id = rt.id)", "Rows Removed by Join Filter": 0, "Plans": [{"Node Type": "Seq Scan", "Parent Relationship": "Outer", "Relation Name": "role_type", "Alias": "rt", "Startup Cost": 0.0, "Total Cost": 1.15, "Plan Rows": 1, "Plan Width": 4, "Actual Min Startup Time": 0.028, "Actual Max Startup Time": 0.028, "Actual Min Total Time": 0.033, "Actual Max Total Time": 0.033, "Filter": "((role)::text = 'actress'::text)", "Rows Removed by Filter": 11, "Actual Rows": 1}, {"Node Type": "Materialize", "Parent Relationship": "Inner", "Startup Cost": 0.0, "Total Cost": 23187.92, "Plan Rows": 141, "Plan Width": 28, "Actual Min Startup Time": 180.682, "Actual Max Startup Time": 180.682, "Actual Min Total Time": 180.754, "Actual Max Total Time": 180.754, "Plans": [{"Node Type": "Nested Loop", "Parent Relationship": "Outer", "Join Type": "Inner", "Startup Cost": 0.0, "Total Cost": 23187.57, "Plan Rows": 141, "Plan Width": 28, "Actual Min Startup Time": 60.138, "Actual Max Startup Time": 60.138, "Actual Min Total Time": 180.446, "Actual Max Total Time": 180.446, "Inner Unique": false, "Join Filter": "(n.id = ci.person_id)", "Rows Removed by Join Filter": 0, "Plans": [{"Node Type": "Nested Loop", "Parent Relationship": "Outer", "Join Type": "Inner", "Startup Cost": 0.0, "Total Cost": 22912.29, "Plan Rows": 115, "Plan Width": 24, "Actual Min Startup Time": 58.849, "Actual Max Startup Time": 58.849, "Actual Min Total Time": 130.527, "Actual Max Total Time": 130.527, "Inner Unique": false, "Plans": [{"Node Type": "Streaming(type: LOCAL GATHER dop: 1/16)", "Parent Relationship": "Outer", "Startup Cost": 0.0, "Total Cost": 22121.41, "Plan Rows": 96, "Plan Width": 4, "Actual Min Startup Time": 58.768, "Actual Max Startup Time": 58.768, "Actual Min Total Time": 108.328, "Actual Max Total Time": 108.328, "Plans": [{"Node Type": "Seq Scan", "Parent Relationship": "Outer", "Relation Name": "name", "Alias": "n", "Startup Cost": 0.0, "Total Cost": 22119.33, "Plan Rows": 96, "Plan Width": 4, "Actual Min Startup Time": 40.816, "Actual Max Startup Time": 45.066, "Actual Min Total Time": 101.069, "Actual Max Total Time": 105.932, "Filter": "(((name)::text ~~ '%Ang%'::text) AND ((gender)::text = 'f'::text))", "Rows Removed by Filter": 4160722, "Actual Rows": 6768}], "Actual Rows": 6768}, {"Node Type": "Index Scan", "Parent Relationship": "Inner", "Scan Direction": "Forward", "Index Name": "person_id_aka_name", "Relation Name": "aka_name", "Alias": "an", "Startup Cost": 0.0, "Total Cost": 8.23, "Plan Rows": 1, "Plan Width": 20, "Actual Min Startup Time": 17.88, "Actual Max Startup Time": 17.88, "Actual Min Total Time": 18.692, "Actual Max Total Time": 18.692, "Index Cond": "(person_id = n.id)", "Rows Removed by Index Recheck": 0, "Actual Rows": 1558}], "Actual Rows": 1558}, {"Node Type": "Index Scan", "Parent Relationship": "Inner", "Scan Direction": "Forward", "Index Name": "person_id_cast_info", "Relation Name": "cast_info", "Alias": "ci", "Startup Cost": 0.0, "Total Cost": 2.38, "Plan Rows": 1, "Plan Width": 16, "Actual Min Startup Time": 44.25, "Actual Max Startup Time": 44.25, "Actual Min Total Time": 48.899, "Actual Max Total Time": 48.899, "Index Cond": "(person_id = an.person_id)", "Rows Removed by Index Recheck": 0, "Filter": "((note)::text = ANY ('{(voice),\"(voice: Japanese version)\",\"(voice) (uncredited)\",\"(voice: English version)\"}'::text[]))", "Rows Removed by Filter": 69057, "Actual Rows": 425}], "Actual Rows": 425}], "Actual Rows": 426}], "Actual Rows": 425}, {"Node Type": "Index Scan", "Parent Relationship": "Inner", "Scan Direction": "Forward", "Index Name": "movie_id_movie_companies", "Relation Name": "movie_companies", "Alias": "mc", "Startup Cost": 0.0, "Total Cost": 0.42, "Plan Rows": 1, "Plan Width": 8, "Actual Min Startup Time": 2.606, "Actual Max Startup Time": 2.606, "Actual Min Total Time": 3.712, "Actual Max Total Time": 3.712, "Index Cond": "(movie_id = ci.movie_id)", "Rows Removed by Index Recheck": 0, "Filter": "((note IS NOT NULL) AND (((note)::text ~~ '%(USA)%'::text) OR ((note)::text ~~ '%(worldwide)%'::text)))", "Rows Removed by Filter": 1538, "Actual Rows": 373}], "Actual Rows": 373}, {"Node Type": "Index Scan", "Parent Relationship": "Inner", "Scan Direction": "Forward", "Index Name": "char_name_pkey", "Relation Name": "char_name", "Alias": "chn", "Startup Cost": 0.0, "Total Cost": 0.5, "Plan Rows": 1, "Plan Width": 20, "Actual Min Startup Time": 1.235, "Actual Max Startup Time": 1.235, "Actual Min Total Time": 1.235, "Actual Max Total Time": 1.235, "Index Cond": "(id = ci.person_role_id)", "Rows Removed by Index Recheck": 0, "Actual Rows": 348}], "Actual Rows": 348}, {"Node Type": "Index Scan", "Parent Relationship": "Inner", "Scan Direction": "Forward", "Index Name": "company_name_pkey", "Relation Name": "company_name", "Alias": "cn", "Startup Cost": 0.0, "Total Cost": 0.32, "Plan Rows": 1, "Plan Width": 4, "Actual Min Startup Time": 1.254, "Actual Max Startup Time": 1.254, "Actual Min Total Time": 1.254, "Actual Max Total Time": 1.254, "Index Cond": "(id = mc.company_id)", "Rows Removed by Index Recheck": 0, "Filter": "((country_code)::text = '[us]'::text)", "Rows Removed by Filter": 7, "Actual Rows": 341}], "Actual Rows": 341}, {"Node Type": "Index Scan", "Parent Relationship": "Inner", "Scan Direction": "Forward", "Index Name": "title_pkey", "Relation Name": "title", "Alias": "t", "Startup Cost": 0.0, "Total Cost": 0.49, "Plan Rows": 1, "Plan Width": 21, "Actual Min Startup Time": 1.456, "Actual Max Startup Time": 1.456, "Actual Min Total Time": 1.456, "Actual Max Total Time": 1.456, "Index Cond": "(id = ci.movie_id)", "Rows Removed by Index Recheck": 0, "Filter": "((production_year >= 2005) AND (production_year <= 2015))", "Rows Removed by Filter": 220, "Actual Rows": 121}], "Actual Rows": 121}], "Actual Rows": 1}, "Triggers": [], "Planner Runtime": 144, "Total Runtime": 193.165, "Unique SQL Id": 3431223514}}, "(16, 17)": {"explain_plan": {"Plan": {"Node Type": "Aggregate", "Strategy": "Plain", "Startup Cost": 154556.1, "Total Cost": 154556.11, "Plan Rows": 1, "Plan Width": 145, "Plans": [{"Node Type": "Nested Loop", "Parent Relationship": "Outer", "Join Type": "Inner", "Startup Cost": 0.0, "Total Cost": 154556.09, "Plan Rows": 1, "Plan Width": 49, "Inner Unique": true, "Plans": [{"Node Type": "Nested Loop", "Parent Relationship": "Outer", "Join Type": "Inner", "Startup Cost": 0.0, "Total Cost": 154555.59, "Plan Rows": 1, "Plan Width": 40, "Inner Unique": true, "Plans": [{"Node Type": "Nested Loop", "Parent Relationship": "Outer", "Join Type": "Inner", "Startup Cost": 0.0, "Total Cost": 154554.58, "Plan Rows": 2, "Plan Width": 28, "Inner Unique": true, "Plans": [{"Node Type": "Nested Loop", "Parent Relationship": "Outer", "Join Type": "Inner", "Startup Cost": 0.0, "Total Cost": 154552.94, "Plan Rows": 5, "Plan Width": 32, "Inner Unique": false, "Plans": [{"Node Type": "Nested Loop", "Parent Relationship": "Outer", "Join Type": "Inner", "Startup Cost": 0.0, "Total Cost": 154547.33, "Plan Rows": 13, "Plan Width": 24, "Inner Unique": false, "Join Filter": "(ci.role_id = rt.id)", "Plans": [{"Node Type": "Index Scan", "Parent Relationship": "Outer", "Scan Direction": "Forward", "Index Name": "role_type_pkey", "Relation Name": "role_type", "Alias": "rt", "Startup Cost": 0.0, "Total Cost": 12.46, "Plan Rows": 1, "Plan Width": 4, "Filter": "((role)::text = 'actress'::text)"}, {"Node Type": "Materialize", "Parent Relationship": "Inner", "Startup Cost": 0.0, "Total Cost": 154533.46, "Plan Rows": 141, "Plan Width": 28, "Plans": [{"Node Type": "Nested Loop", "Parent Relationship": "Outer", "Join Type": "Inner", "Startup Cost": 0.0, "Total Cost": 154533.1, "Plan Rows": 141, "Plan Width": 28, "Inner Unique": false, "Join Filter": "(n.id = ci.person_id)", "Plans": [{"Node Type": "Nested Loop", "Parent Relationship": "Outer", "Join Type": "Inner", "Startup Cost": 0.0, "Total Cost": 154257.82, "Plan Rows": 115, "Plan Width": 24, "Inner Unique": false, "Plans": [{"Node Type": "Streaming(type: LOCAL GATHER dop: 1/16)", "Parent Relationship": "Outer", "Startup Cost": 0.0, "Total Cost": 153466.94, "Plan Rows": 96, "Plan Width": 4, "Plans": [{"Node Type": "Index Scan", "Parent Relationship": "Outer", "Scan Direction": "Forward", "Index Name": "name_pkey", "Relation Name": "name", "Alias": "n", "Startup Cost": 0.0, "Total Cost": 153464.87, "Plan Rows": 96, "Plan Width": 4, "Filter": "(((name)::text ~~ '%Ang%'::text) AND ((gender)::text = 'f'::text))"}]}, {"Node Type": "Index Scan", "Parent Relationship": "Inner", "Scan Direction": "Forward", "Index Name": "person_id_aka_name", "Relation Name": "aka_name", "Alias": "an", "Startup Cost": 0.0, "Total Cost": 8.23, "Plan Rows": 1, "Plan Width": 20, "Index Cond": "(person_id = n.id)"}]}, {"Node Type": "Index Scan", "Parent Relationship": "Inner", "Scan Direction": "Forward", "Index Name": "person_id_cast_info", "Relation Name": "cast_info", "Alias": "ci", "Startup Cost": 0.0, "Total Cost": 2.38, "Plan Rows": 1, "Plan Width": 16, "Index Cond": "(person_id = an.person_id)", "Filter": "((note)::text = ANY ('{(voice),\"(voice: Japanese version)\",\"(voice) (uncredited)\",\"(voice: English version)\"}'::text[]))"}]}]}]}, {"Node Type": "Index Scan", "Parent Relationship": "Inner", "Scan Direction": "Forward", "Index Name": "movie_id_movie_companies", "Relation Name": "movie_companies", "Alias": "mc", "Startup Cost": 0.0, "Total Cost": 0.42, "Plan Rows": 1, "Plan Width": 8, "Index Cond": "(movie_id = ci.movie_id)", "Filter": "((note IS NOT NULL) AND (((note)::text ~~ '%(USA)%'::text) OR ((note)::text ~~ '%(worldwide)%'::text)))"}]}, {"Node Type": "Index Scan", "Parent Relationship": "Inner", "Scan Direction": "Forward", "Index Name": "company_name_pkey", "Relation Name": "company_name", "Alias": "cn", "Startup Cost": 0.0, "Total Cost": 0.32, "Plan Rows": 1, "Plan Width": 4, "Index Cond": "(id = mc.company_id)", "Filter": "((country_code)::text = '[us]'::text)"}]}, {"Node Type": "Index Scan", "Parent Relationship": "Inner", "Scan Direction": "Forward", "Index Name": "char_name_pkey", "Relation Name": "char_name", "Alias": "chn", "Startup Cost": 0.0, "Total Cost": 0.5, "Plan Rows": 1, "Plan Width": 20, "Index Cond": "(id = ci.person_role_id)"}]}, {"Node Type": "Index Scan", "Parent Relationship": "Inner", "Scan Direction": "Forward", "Index Name": "title_pkey", "Relation Name": "title", "Alias": "t", "Startup Cost": 0.0, "Total Cost": 0.49, "Plan Rows": 1, "Plan Width": 21, "Index Cond": "(id = ci.movie_id)", "Filter": "((production_year >= 2005) AND (production_year <= 2015))"}]}]}, "Unique SQL Id": 3431223514, "Planner Runtime": 60}, "explain_analyze_plan": {"Plan": {"Node Type": "Aggregate", "Strategy": "Plain", "Startup Cost": 154556.1, "Total Cost": 154556.11, "Plan Rows": 1, "Plan Width": 145, "Actual Min Startup Time": 381.158, "Actual Max Startup Time": 381.158, "Actual Min Total Time": 381.159, "Actual Max Total Time": 381.159, "Plans": [{"Node Type": "Nested Loop", "Parent Relationship": "Outer", "Join Type": "Inner", "Startup Cost": 0.0, "Total Cost": 154556.09, "Plan Rows": 1, "Plan Width": 49, "Actual Min Startup Time": 371.852, "Actual Max Startup Time": 371.852, "Actual Min Total Time": 381.01, "Actual Max Total Time": 381.01, "Inner Unique": true, "Plans": [{"Node Type": "Nested Loop", "Parent Relationship": "Outer", "Join Type": "Inner", "Startup Cost": 0.0, "Total Cost": 154555.59, "Plan Rows": 1, "Plan Width": 40, "Actual Min Startup Time": 370.918, "Actual Max Startup Time": 370.918, "Actual Min Total Time": 379.017, "Actual Max Total Time": 379.017, "Inner Unique": true, "Plans": [{"Node Type": "Nested Loop", "Parent Relationship": "Outer", "Join Type": "Inner", "Startup Cost": 0.0, "Total Cost": 154554.58, "Plan Rows": 2, "Plan Width": 28, "Actual Min Startup Time": 370.897, "Actual Max Startup Time": 370.897, "Actual Min Total Time": 377.445, "Actual Max Total Time": 377.445, "Inner Unique": true, "Plans": [{"Node Type": "Nested Loop", "Parent Relationship": "Outer", "Join Type": "Inner", "Startup Cost": 0.0, "Total Cost": 154552.94, "Plan Rows": 5, "Plan Width": 32, "Actual Min Startup Time": 370.872, "Actual Max Startup Time": 370.872, "Actual Min Total Time": 375.543, "Actual Max Total Time": 375.543, "Inner Unique": false, "Plans": [{"Node Type": "Nested Loop", "Parent Relationship": "Outer", "Join Type": "Inner", "Startup Cost": 0.0, "Total Cost": 154547.33, "Plan Rows": 13, "Plan Width": 24, "Actual Min Startup Time": 370.838, "Actual Max Startup Time": 370.838, "Actual Min Total Time": 371.129, "Actual Max Total Time": 371.129, "Inner Unique": false, "Join Filter": "(ci.role_id = rt.id)", "Rows Removed by Join Filter": 0, "Plans": [{"Node Type": "Index Scan", "Parent Relationship": "Outer", "Scan Direction": "Forward", "Index Name": "role_type_pkey", "Relation Name": "role_type", "Alias": "rt", "Startup Cost": 0.0, "Total Cost": 12.46, "Plan Rows": 1, "Plan Width": 4, "Actual Min Startup Time": 0.027, "Actual Max Startup Time": 0.027, "Actual Min Total Time": 0.034, "Actual Max Total Time": 0.034, "Filter": "((role)::text = 'actress'::text)", "Rows Removed by Filter": 11, "Actual Rows": 1}, {"Node Type": "Materialize", "Parent Relationship": "Inner", "Startup Cost": 0.0, "Total Cost": 154533.46, "Plan Rows": 141, "Plan Width": 28, "Actual Min Startup Time": 370.792, "Actual Max Startup Time": 370.792, "Actual Min Total Time": 370.871, "Actual Max Total Time": 370.871, "Plans": [{"Node Type": "Nested Loop", "Parent Relationship": "Outer", "Join Type": "Inner", "Startup Cost": 0.0, "Total Cost": 154533.1, "Plan Rows": 141, "Plan Width": 28, "Actual Min Startup Time": 96.425, "Actual Max Startup Time": 96.425, "Actual Min Total Time": 370.541, "Actual Max Total Time": 370.541, "Inner Unique": false, "Join Filter": "(n.id = ci.person_id)", "Rows Removed by Join Filter": 0, "Plans": [{"Node Type": "Nested Loop", "Parent Relationship": "Outer", "Join Type": "Inner", "Startup Cost": 0.0, "Total Cost": 154257.82, "Plan Rows": 115, "Plan Width": 24, "Actual Min Startup Time": 95.83, "Actual Max Startup Time": 95.83, "Actual Min Total Time": 315.879, "Actual Max Total Time": 315.879, "Inner Unique": false, "Plans": [{"Node Type": "Streaming(type: LOCAL GATHER dop: 1/16)", "Parent Relationship": "Outer", "Startup Cost": 0.0, "Total Cost": 153466.94, "Plan Rows": 96, "Plan Width": 4, "Actual Min Startup Time": 95.756, "Actual Max Startup Time": 95.756, "Actual Min Total Time": 293.923, "Actual Max Total Time": 293.923, "Plans": [{"Node Type": "Index Scan", "Parent Relationship": "Outer", "Scan Direction": "Forward", "Index Name": "name_pkey", "Relation Name": "name", "Alias": "n", "Startup Cost": 0.0, "Total Cost": 153464.87, "Plan Rows": 96, "Plan Width": 4, "Actual Min Startup Time": 40.31, "Actual Max Startup Time": 338.836, "Actual Min Total Time": 295.678, "Actual Max Total Time": 338.836, "Filter": "(((name)::text ~~ '%Ang%'::text) AND ((gender)::text = 'f'::text))", "Rows Removed by Filter": 4160722, "Actual Rows": 6768}], "Actual Rows": 6768}, {"Node Type": "Index Scan", "Parent Relationship": "Inner", "Scan Direction": "Forward", "Index Name": "person_id_aka_name", "Relation Name": "aka_name", "Alias": "an", "Startup Cost": 0.0, "Total Cost": 8.23, "Plan Rows": 1, "Plan Width": 20, "Actual Min Startup Time": 17.357, "Actual Max Startup Time": 17.357, "Actual Min Total Time": 18.22, "Actual Max Total Time": 18.22, "Index Cond": "(person_id = n.id)", "Rows Removed by Index Recheck": 0, "Actual Rows": 1558}], "Actual Rows": 1558}, {"Node Type": "Index Scan", "Parent Relationship": "Inner", "Scan Direction": "Forward", "Index Name": "person_id_cast_info", "Relation Name": "cast_info", "Alias": "ci", "Startup Cost": 0.0, "Total Cost": 2.38, "Plan Rows": 1, "Plan Width": 16, "Actual Min Startup Time": 48.528, "Actual Max Startup Time": 48.528, "Actual Min Total Time": 53.577, "Actual Max Total Time": 53.577, "Index Cond": "(person_id = an.person_id)", "Rows Removed by Index Recheck": 0, "Filter": "((note)::text = ANY ('{(voice),\"(voice: Japanese version)\",\"(voice) (uncredited)\",\"(voice: English version)\"}'::text[]))", "Rows Removed by Filter": 69057, "Actual Rows": 425}], "Actual Rows": 425}], "Actual Rows": 426}], "Actual Rows": 425}, {"Node Type": "Index Scan", "Parent Relationship": "Inner", "Scan Direction": "Forward", "Index Name": "movie_id_movie_companies", "Relation Name": "movie_companies", "Alias": "mc", "Startup Cost": 0.0, "Total Cost": 0.42, "Plan Rows": 1, "Plan Width": 8, "Actual Min Startup Time": 2.907, "Actual Max Startup Time": 2.907, "Actual Min Total Time": 4.086, "Actual Max Total Time": 4.086, "Index Cond": "(movie_id = ci.movie_id)", "Rows Removed by Index Recheck": 0, "Filter": "((note IS NOT NULL) AND (((note)::text ~~ '%(USA)%'::text) OR ((note)::text ~~ '%(worldwide)%'::text)))", "Rows Removed by Filter": 1538, "Actual Rows": 373}], "Actual Rows": 373}, {"Node Type": "Index Scan", "Parent Relationship": "Inner", "Scan Direction": "Forward", "Index Name": "company_name_pkey", "Relation Name": "company_name", "Alias": "cn", "Startup Cost": 0.0, "Total Cost": 0.32, "Plan Rows": 1, "Plan Width": 4, "Actual Min Startup Time": 1.6, "Actual Max Startup Time": 1.6, "Actual Min Total Time": 1.6, "Actual Max Total Time": 1.6, "Index Cond": "(id = mc.company_id)", "Rows Removed by Index Recheck": 0, "Filter": "((country_code)::text = '[us]'::text)", "Rows Removed by Filter": 14, "Actual Rows": 359}], "Actual Rows": 359}, {"Node Type": "Index Scan", "Parent Relationship": "Inner", "Scan Direction": "Forward", "Index Name": "char_name_pkey", "Relation Name": "char_name", "Alias": "chn", "Startup Cost": 0.0, "Total Cost": 0.5, "Plan Rows": 1, "Plan Width": 20, "Actual Min Startup Time": 1.275, "Actual Max Startup Time": 1.275, "Actual Min Total Time": 1.275, "Actual Max Total Time": 1.275, "Index Cond": "(id = ci.person_role_id)", "Rows Removed by Index Recheck": 0, "Actual Rows": 341}], "Actual Rows": 341}, {"Node Type": "Index Scan", "Parent Relationship": "Inner", "Scan Direction": "Forward", "Index Name": "title_pkey", "Relation Name": "title", "Alias": "t", "Startup Cost": 0.0, "Total Cost": 0.49, "Plan Rows": 1, "Plan Width": 21, "Actual Min Startup Time": 1.749, "Actual Max Startup Time": 1.749, "Actual Min Total Time": 1.749, "Actual Max Total Time": 1.749, "Index Cond": "(id = ci.movie_id)", "Rows Removed by Index Recheck": 0, "Filter": "((production_year >= 2005) AND (production_year <= 2015))", "Rows Removed by Filter": 220, "Actual Rows": 121}], "Actual Rows": 121}], "Actual Rows": 1}, "Triggers": [], "Planner Runtime": 15, "Total Runtime": 384.132, "Unique SQL Id": 3431223514}}, "(16, 18)": {"explain_plan": {"Plan": {"Node Type": "Aggregate", "Strategy": "Plain", "Startup Cost": 23619.64, "Total Cost": 23619.65, "Plan Rows": 1, "Plan Width": 145, "Plans": [{"Node Type": "Nested Loop", "Parent Relationship": "Outer", "Join Type": "Inner", "Startup Cost": 6.41, "Total Cost": 23619.63, "Plan Rows": 1, "Plan Width": 49, "Inner Unique": true, "Plans": [{"Node Type": "Nested Loop", "Parent Relationship": "Outer", "Join Type": "Inner", "Startup Cost": 6.11, "Total Cost": 23615.3, "Plan Rows": 1, "Plan Width": 40, "Inner Unique": true, "Plans": [{"Node Type": "Nested Loop", "Parent Relationship": "Outer", "Join Type": "Inner", "Startup Cost": 5.85, "Total Cost": 23606.73, "Plan Rows": 2, "Plan Width": 44, "Inner Unique": true, "Plans": [{"Node Type": "Nested Loop", "Parent Relationship": "Outer", "Join Type": "Inner", "Startup Cost": 5.53, "Total Cost": 23585.05, "Plan Rows": 5, "Plan Width": 32, "Inner Unique": false, "Plans": [{"Node Type": "Nested Loop", "Parent Relationship": "Outer", "Join Type": "Inner", "Startup Cost": 5.22, "Total Cost": 23528.42, "Plan Rows": 13, "Plan Width": 24, "Inner Unique": false, "Join Filter": "(ci.role_id = rt.id)", "Plans": [{"Node Type": "Seq Scan", "Parent Relationship": "Outer", "Relation Name": "role_type", "Alias": "rt", "Startup Cost": 0.0, "Total Cost": 1.15, "Plan Rows": 1, "Plan Width": 4, "Filter": "((role)::text = 'actress'::text)"}, {"Node Type": "Materialize", "Parent Relationship": "Inner", "Startup Cost": 5.22, "Total Cost": 23525.86, "Plan Rows": 141, "Plan Width": 28, "Plans": [{"Node Type": "Nested Loop", "Parent Relationship": "Outer", "Join Type": "Inner", "Startup Cost": 5.22, "Total Cost": 23525.5, "Plan Rows": 141, "Plan Width": 28, "Inner Unique": false, "Join Filter": "(n.id = ci.person_id)", "Plans": [{"Node Type": "Nested Loop", "Parent Relationship": "Outer", "Join Type": "Inner", "Startup Cost": 4.22, "Total Cost": 22912.31, "Plan Rows": 115, "Plan Width": 24, "Inner Unique": false, "Plans": [{"Node Type": "Streaming(type: LOCAL GATHER dop: 1/16)", "Parent Relationship": "Outer", "Startup Cost": 0.0, "Total Cost": 22121.41, "Plan Rows": 96, "Plan Width": 4, "Plans": [{"Node Type": "Seq Scan", "Parent Relationship": "Outer", "Relation Name": "name", "Alias": "n", "Startup Cost": 0.0, "Total Cost": 22119.33, "Plan Rows": 96, "Plan Width": 4, "Filter": "(((name)::text ~~ '%Ang%'::text) AND ((gender)::text = 'f'::text))"}]}, {"Node Type": "Bitmap Heap Scan", "Parent Relationship": "Inner", "Relation Name": "aka_name", "Alias": "an", "Startup Cost": 4.22, "Total Cost": 8.23, "Plan Rows": 1, "Plan Width": 20, "Recheck Cond": "(person_id = n.id)", "Plans": [{"Node Type": "Bitmap Index Scan", "Parent Relationship": "Outer", "Index Name": "person_id_aka_name", "Startup Cost": 0.0, "Total Cost": 4.22, "Plan Rows": 1, "Plan Width": 0, "Index Cond": "(person_id = n.id)"}]}]}, {"Node Type": "Bitmap Heap Scan", "Parent Relationship": "Inner", "Relation Name": "cast_info", "Alias": "ci", "Startup Cost": 1.0, "Total Cost": 5.32, "Plan Rows": 1, "Plan Width": 16, "Recheck Cond": "(person_id = an.person_id)", "Filter": "((note)::text = ANY ('{(voice),\"(voice: Japanese version)\",\"(voice) (uncredited)\",\"(voice: English version)\"}'::text[]))", "Plans": [{"Node Type": "Bitmap Index Scan", "Parent Relationship": "Outer", "Index Name": "person_id_cast_info", "Startup Cost": 0.0, "Total Cost": 1.0, "Plan Rows": 18, "Plan Width": 0, "Index Cond": "(person_id = an.person_id)"}]}]}]}]}, {"Node Type": "Bitmap Heap Scan", "Parent Relationship": "Inner", "Relation Name": "movie_companies", "Alias": "mc", "Startup Cost": 0.31, "Total Cost": 4.35, "Plan Rows": 1, "Plan Width": 8, "Recheck Cond": "(movie_id = ci.movie_id)", "Filter": "((note IS NOT NULL) AND (((note)::text ~~ '%(USA)%'::text) OR ((note)::text ~~ '%(worldwide)%'::text)))", "Plans": [{"Node Type": "Bitmap Index Scan", "Parent Relationship": "Outer", "Index Name": "movie_id_movie_companies", "Startup Cost": 0.0, "Total Cost": 0.31, "Plan Rows": 2, "Plan Width": 0, "Index Cond": "(movie_id = ci.movie_id)"}]}]}, {"Node Type": "Bitmap Heap Scan", "Parent Relationship": "Inner", "Relation Name": "char_name", "Alias": "chn", "Startup Cost": 0.31, "Total Cost": 4.33, "Plan Rows": 1, "Plan Width": 20, "Recheck Cond": "(id = ci.person_role_id)", "Plans": [{"Node Type": "Bitmap Index Scan", "Parent Relationship": "Outer", "Index Name": "char_name_pkey", "Startup Cost": 0.0, "Total Cost": 0.31, "Plan Rows": 1, "Plan Width": 0, "Index Cond": "(id = ci.person_role_id)"}]}]}, {"Node Type": "Bitmap Heap Scan", "Parent Relationship": "Inner", "Relation Name": "company_name", "Alias": "cn", "Startup Cost": 0.26, "Total Cost": 4.28, "Plan Rows": 1, "Plan Width": 4, "Recheck Cond": "(id = mc.company_id)", "Filter": "((country_code)::text = '[us]'::text)", "Plans": [{"Node Type": "Bitmap Index Scan", "Parent Relationship": "Outer", "Index Name": "company_name_pkey", "Startup Cost": 0.0, "Total Cost": 0.26, "Plan Rows": 1, "Plan Width": 0, "Index Cond": "(id = mc.company_id)"}]}]}, {"Node Type": "Bitmap Heap Scan", "Parent Relationship": "Inner", "Relation Name": "title", "Alias": "t", "Startup Cost": 0.3, "Total Cost": 4.32, "Plan Rows": 1, "Plan Width": 21, "Recheck Cond": "(id = ci.movie_id)", "Filter": "((production_year >= 2005) AND (production_year <= 2015))", "Plans": [{"Node Type": "Bitmap Index Scan", "Parent Relationship": "Outer", "Index Name": "title_pkey", "Startup Cost": 0.0, "Total Cost": 0.3, "Plan Rows": 1, "Plan Width": 0, "Index Cond": "(id = ci.movie_id)"}]}]}]}, "Unique SQL Id": 3431223514, "Planner Runtime": 82}, "explain_analyze_plan": {"Plan": {"Node Type": "Aggregate", "Strategy": "Plain", "Startup Cost": 23619.64, "Total Cost": 23619.65, "Plan Rows": 1, "Plan Width": 145, "Actual Min Startup Time": 234.393, "Actual Max Startup Time": 234.393, "Actual Min Total Time": 234.393, "Actual Max Total Time": 234.393, "Plans": [{"Node Type": "Nested Loop", "Parent Relationship": "Outer", "Join Type": "Inner", "Startup Cost": 6.41, "Total Cost": 23619.63, "Plan Rows": 1, "Plan Width": 49, "Actual Min Startup Time": 221.888, "Actual Max Startup Time": 221.888, "Actual Min Total Time": 234.222, "Actual Max Total Time": 234.222, "Inner Unique": true, "Plans": [{"Node Type": "Nested Loop", "Parent Relationship": "Outer", "Join Type": "Inner", "Startup Cost": 6.11, "Total Cost": 23615.3, "Plan Rows": 1, "Plan Width": 40, "Actual Min Startup Time": 221.514, "Actual Max Startup Time": 221.514, "Actual Min Total Time": 231.689, "Actual Max Total Time": 231.689, "Inner Unique": true, "Plans": [{"Node Type": "Nested Loop", "Parent Relationship": "Outer", "Join Type": "Inner", "Startup Cost": 5.85, "Total Cost": 23606.73, "Plan Rows": 2, "Plan Width": 44, "Actual Min Startup Time": 221.484, "Actual Max Startup Time": 221.484, "Actual Min Total Time": 229.387, "Actual Max Total Time": 229.387, "Inner Unique": true, "Plans": [{"Node Type": "Nested Loop", "Parent Relationship": "Outer", "Join Type": "Inner", "Startup Cost": 5.53, "Total Cost": 23585.05, "Plan Rows": 5, "Plan Width": 32, "Actual Min Startup Time": 221.458, "Actual Max Startup Time": 221.458, "Actual Min Total Time": 227.175, "Actual Max Total Time": 227.175, "Inner Unique": false, "Plans": [{"Node Type": "Nested Loop", "Parent Relationship": "Outer", "Join Type": "Inner", "Startup Cost": 5.22, "Total Cost": 23528.42, "Plan Rows": 13, "Plan Width": 24, "Actual Min Startup Time": 221.38, "Actual Max Startup Time": 221.38, "Actual Min Total Time": 221.661, "Actual Max Total Time": 221.661, "Inner Unique": false, "Join Filter": "(ci.role_id = rt.id)", "Rows Removed by Join Filter": 0, "Plans": [{"Node Type": "Seq Scan", "Parent Relationship": "Outer", "Relation Name": "role_type", "Alias": "rt", "Startup Cost": 0.0, "Total Cost": 1.15, "Plan Rows": 1, "Plan Width": 4, "Actual Min Startup Time": 0.043, "Actual Max Startup Time": 0.043, "Actual Min Total Time": 0.048, "Actual Max Total Time": 0.048, "Filter": "((role)::text = 'actress'::text)", "Rows Removed by Filter": 11, "Actual Rows": 1}, {"Node Type": "Materialize", "Parent Relationship": "Inner", "Startup Cost": 5.22, "Total Cost": 23525.86, "Plan Rows": 141, "Plan Width": 28, "Actual Min Startup Time": 221.322, "Actual Max Startup Time": 221.322, "Actual Min Total Time": 221.387, "Actual Max Total Time": 221.387, "Plans": [{"Node Type": "Nested Loop", "Parent Relationship": "Outer", "Join Type": "Inner", "Startup Cost": 5.22, "Total Cost": 23525.5, "Plan Rows": 141, "Plan Width": 28, "Actual Min Startup Time": 85.431, "Actual Max Startup Time": 85.431, "Actual Min Total Time": 221.115, "Actual Max Total Time": 221.115, "Inner Unique": false, "Join Filter": "(n.id = ci.person_id)", "Rows Removed by Join Filter": 0, "Plans": [{"Node Type": "Nested Loop", "Parent Relationship": "Outer", "Join Type": "Inner", "Startup Cost": 4.22, "Total Cost": 22912.31, "Plan Rows": 115, "Plan Width": 24, "Actual Min Startup Time": 83.804, "Actual Max Startup Time": 83.804, "Actual Min Total Time": 165.714, "Actual Max Total Time": 165.714, "Inner Unique": false, "Plans": [{"Node Type": "Streaming(type: LOCAL GATHER dop: 1/16)", "Parent Relationship": "Outer", "Startup Cost": 0.0, "Total Cost": 22121.41, "Plan Rows": 96, "Plan Width": 4, "Actual Min Startup Time": 83.719, "Actual Max Startup Time": 83.719, "Actual Min Total Time": 134.688, "Actual Max Total Time": 134.688, "Plans": [{"Node Type": "Seq Scan", "Parent Relationship": "Outer", "Relation Name": "name", "Alias": "n", "Startup Cost": 0.0, "Total Cost": 22119.33, "Plan Rows": 96, "Plan Width": 4, "Actual Min Startup Time": 42.76, "Actual Max Startup Time": 47.57, "Actual Min Total Time": 106.089, "Actual Max Total Time": 112.204, "Filter": "(((name)::text ~~ '%Ang%'::text) AND ((gender)::text = 'f'::text))", "Rows Removed by Filter": 4160722, "Actual Rows": 6768}], "Actual Rows": 6768}, {"Node Type": "Bitmap Heap Scan", "Parent Relationship": "Inner", "Relation Name": "aka_name", "Alias": "an", "Startup Cost": 4.22, "Total Cost": 8.23, "Plan Rows": 1, "Plan Width": 20, "Actual Min Startup Time": 22.863, "Actual Max Startup Time": 22.863, "Actual Min Total Time": 23.465, "Actual Max Total Time": 23.465, "Recheck Cond": "(person_id = n.id)", "Rows Removed by Index Recheck": 0, "Exact Heap Blocks": 1014, "Lossy Heap Blocks": 1014, "Plans": [{"Node Type": "Bitmap Index Scan", "Parent Relationship": "Outer", "Index Name": "person_id_aka_name", "Startup Cost": 0.0, "Total Cost": 4.22, "Plan Rows": 1, "Plan Width": 0, "Actual Min Startup Time": 17.245, "Actual Max Startup Time": 17.245, "Actual Min Total Time": 17.245, "Actual Max Total Time": 17.245, "Index Cond": "(person_id = n.id)", "Actual Rows": 1558}], "Actual Rows": 1558}], "Actual Rows": 1558}, {"Node Type": "Bitmap Heap Scan", "Parent Relationship": "Inner", "Relation Name": "cast_info", "Alias": "ci", "Startup Cost": 1.0, "Total Cost": 5.32, "Plan Rows": 1, "Plan Width": 16, "Actual Min Startup Time": 49.977, "Actual Max Startup Time": 49.977, "Actual Min Total Time": 53.285, "Actual Max Total Time": 53.285, "Recheck Cond": "(person_id = an.person_id)", "Rows Removed by Index Recheck": 0, "Filter": "((note)::text = ANY ('{(voice),\"(voice: Japanese version)\",\"(voice) (uncredited)\",\"(voice: English version)\"}'::text[]))", "Rows Removed by Filter": 69057, "Exact Heap Blocks": 2627, "Lossy Heap Blocks": 2627, "Plans": [{"Node Type": "Bitmap Index Scan", "Parent Relationship": "Outer", "Index Name": "person_id_cast_info", "Startup Cost": 0.0, "Total Cost": 1.0, "Plan Rows": 18, "Plan Width": 0, "Actual Min Startup Time": 16.676, "Actual Max Startup Time": 16.676, "Actual Min Total Time": 16.676, "Actual Max Total Time": 16.676, "Index Cond": "(person_id = an.person_id)", "Actual Rows": 69482}], "Actual Rows": 425}], "Actual Rows": 425}], "Actual Rows": 426}], "Actual Rows": 425}, {"Node Type": "Bitmap Heap Scan", "Parent Relationship": "Inner", "Relation Name": "movie_companies", "Alias": "mc", "Startup Cost": 0.31, "Total Cost": 4.35, "Plan Rows": 1, "Plan Width": 8, "Actual Min Startup Time": 3.91, "Actual Max Startup Time": 3.91, "Actual Min Total Time": 4.855, "Actual Max Total Time": 4.855, "Recheck Cond": "(movie_id = ci.movie_id)", "Rows Removed by Index Recheck": 0, "Filter": "((note IS NOT NULL) AND (((note)::text ~~ '%(USA)%'::text) OR ((note)::text ~~ '%(worldwide)%'::text)))", "Rows Removed by Filter": 1538, "Exact Heap Blocks": 580, "Lossy Heap Blocks": 580, "Plans": [{"Node Type": "Bitmap Index Scan", "Parent Relationship": "Outer", "Index Name": "movie_id_movie_companies", "Startup Cost": 0.0, "Total Cost": 0.31, "Plan Rows": 2, "Plan Width": 0, "Actual Min Startup Time": 2.103, "Actual Max Startup Time": 2.103, "Actual Min Total Time": 2.103, "Actual Max Total Time": 2.103, "Index Cond": "(movie_id = ci.movie_id)", "Actual Rows": 1911}], "Actual Rows": 373}], "Actual Rows": 373}, {"Node Type": "Bitmap Heap Scan", "Parent Relationship": "Inner", "Relation Name": "char_name", "Alias": "chn", "Startup Cost": 0.31, "Total Cost": 4.33, "Plan Rows": 1, "Plan Width": 20, "Actual Min Startup Time": 1.694, "Actual Max Startup Time": 1.694, "Actual Min Total Time": 1.694, "Actual Max Total Time": 1.694, "Recheck Cond": "(id = ci.person_role_id)", "Rows Removed by Index Recheck": 0, "Exact Heap Blocks": 348, "Lossy Heap Blocks": 348, "Plans": [{"Node Type": "Bitmap Index Scan", "Parent Relationship": "Outer", "Index Name": "char_name_pkey", "Startup Cost": 0.0, "Total Cost": 0.31, "Plan Rows": 1, "Plan Width": 0, "Actual Min Startup Time": 1.069, "Actual Max Startup Time": 1.069, "Actual Min Total Time": 1.069, "Actual Max Total Time": 1.069, "Index Cond": "(id = ci.person_role_id)", "Actual Rows": 348}], "Actual Rows": 348}], "Actual Rows": 348}, {"Node Type": "Bitmap Heap Scan", "Parent Relationship": "Inner", "Relation Name": "company_name", "Alias": "cn", "Startup Cost": 0.26, "Total Cost": 4.28, "Plan Rows": 1, "Plan Width": 4, "Actual Min Startup Time": 1.814, "Actual Max Startup Time": 1.814, "Actual Min Total Time": 1.814, "Actual Max Total Time": 1.814, "Recheck Cond": "(id = mc.company_id)", "Rows Removed by Index Recheck": 0, "Filter": "((country_code)::text = '[us]'::text)", "Rows Removed by Filter": 7, "Exact Heap Blocks": 348, "Lossy Heap Blocks": 348, "Plans": [{"Node Type": "Bitmap Index Scan", "Parent Relationship": "Outer", "Index Name": "company_name_pkey", "Startup Cost": 0.0, "Total Cost": 0.26, "Plan Rows": 1, "Plan Width": 0, "Actual Min Startup Time": 1.034, "Actual Max Startup Time": 1.034, "Actual Min Total Time": 1.034, "Actual Max Total Time": 1.034, "Index Cond": "(id = mc.company_id)", "Actual Rows": 348}], "Actual Rows": 341}], "Actual Rows": 341}, {"Node Type": "Bitmap Heap Scan", "Parent Relationship": "Inner", "Relation Name": "title", "Alias": "t", "Startup Cost": 0.3, "Total Cost": 4.32, "Plan Rows": 1, "Plan Width": 21, "Actual Min Startup Time": 2.095, "Actual Max Startup Time": 2.095, "Actual Min Total Time": 2.095, "Actual Max Total Time": 2.095, "Recheck Cond": "(id = ci.movie_id)", "Rows Removed by Index Recheck": 0, "Filter": "((production_year >= 2005) AND (production_year <= 2015))", "Rows Removed by Filter": 220, "Exact Heap Blocks": 341, "Lossy Heap Blocks": 341, "Plans": [{"Node Type": "Bitmap Index Scan", "Parent Relationship": "Outer", "Index Name": "title_pkey", "Startup Cost": 0.0, "Total Cost": 0.3, "Plan Rows": 1, "Plan Width": 0, "Actual Min Startup Time": 1.248, "Actual Max Startup Time": 1.248, "Actual Min Total Time": 1.248, "Actual Max Total Time": 1.248, "Index Cond": "(id = ci.movie_id)", "Actual Rows": 341}], "Actual Rows": 121}], "Actual Rows": 121}], "Actual Rows": 1}, "Triggers": [], "Planner Runtime": 82, "Total Runtime": 237.515, "Unique SQL Id": 3431223514}}, "(16, 19)": {"explain_plan": {"Plan": {"Node Type": "Aggregate", "Strategy": "Plain", "Startup Cost": 199170.6, "Total Cost": 199170.61, "Plan Rows": 1, "Plan Width": 145, "Plans": [{"Node Type": "Nested Loop", "Parent Relationship": "Outer", "Join Type": "Inner", "Startup Cost": 83164.39, "Total Cost": 199170.59, "Plan Rows": 2, "Plan Width": 49, "Inner Unique": true, "Plans": [{"Node Type": "Nested Loop", "Parent Relationship": "Outer", "Join Type": "Inner", "Startup Cost": 83164.09, "Total Cost": 199161.93, "Plan Rows": 2, "Plan Width": 40, "Inner Unique": true, "Plans": [{"Node Type": "Nested Loop", "Parent Relationship": "Outer", "Join Type": "Inner", "Startup Cost": 83163.83, "Total Cost": 199153.35, "Plan Rows": 2, "Plan Width": 44, "Inner Unique": true, "Plans": [{"Node Type": "Nested Loop", "Parent Relationship": "Outer", "Join Type": "Inner", "Startup Cost": 83163.51, "Total Cost": 199131.67, "Plan Rows": 5, "Plan Width": 32, "Inner Unique": false, "Plans": [{"Node Type": "Nested Loop", "Parent Relationship": "Outer", "Join Type": "Inner", "Startup Cost": 83163.2, "Total Cost": 199075.04, "Plan Rows": 13, "Plan Width": 24, "Inner Unique": true, "Plans": [{"Node Type": "Nested Loop", "Parent Relationship": "Outer", "Join Type": "Inner", "Startup Cost": 83162.94, "Total Cost": 198471.17, "Plan Rows": 141, "Plan Width": 28, "Inner Unique": false, "Join Filter": "(n.id = ci.person_id)", "Plans": [{"Node Type": "Nested Loop", "Parent Relationship": "Outer", "Join Type": "Inner", "Startup Cost": 83161.94, "Total Cost": 197857.98, "Plan Rows": 115, "Plan Width": 24, "Inner Unique": false, "Plans": [{"Node Type": "Bitmap Heap Scan", "Parent Relationship": "Outer", "Relation Name": "name", "Alias": "n", "Startup Cost": 83157.72, "Total Cost": 197067.07, "Plan Rows": 96, "Plan Width": 4, "Filter": "(((name)::text ~~ '%Ang%'::text) AND ((gender)::text = 'f'::text))", "Plans": [{"Node Type": "Bitmap Index Scan", "Parent Relationship": "Outer", "Index Name": "name_pkey", "Startup Cost": 0.0, "Total Cost": 83157.7, "Plan Rows": 4167490, "Plan Width": 0}]}, {"Node Type": "Bitmap Heap Scan", "Parent Relationship": "Inner", "Relation Name": "aka_name", "Alias": "an", "Startup Cost": 4.22, "Total Cost": 8.23, "Plan Rows": 1, "Plan Width": 20, "Recheck Cond": "(person_id = n.id)", "Plans": [{"Node Type": "Bitmap Index Scan", "Parent Relationship": "Outer", "Index Name": "person_id_aka_name", "Startup Cost": 0.0, "Total Cost": 4.22, "Plan Rows": 1, "Plan Width": 0, "Index Cond": "(person_id = n.id)"}]}]}, {"Node Type": "Bitmap Heap Scan", "Parent Relationship": "Inner", "Relation Name": "cast_info", "Alias": "ci", "Startup Cost": 1.0, "Total Cost": 5.32, "Plan Rows": 1, "Plan Width": 16, "Recheck Cond": "(person_id = an.person_id)", "Filter": "((note)::text = ANY ('{(voice),\"(voice: Japanese version)\",\"(voice) (uncredited)\",\"(voice: English version)\"}'::text[]))", "Plans": [{"Node Type": "Bitmap Index Scan", "Parent Relationship": "Outer", "Index Name": "person_id_cast_info", "Startup Cost": 0.0, "Total Cost": 1.0, "Plan Rows": 18, "Plan Width": 0, "Index Cond": "(person_id = an.person_id)"}]}]}, {"Node Type": "Bitmap Heap Scan", "Parent Relationship": "Inner", "Relation Name": "role_type", "Alias": "rt", "Startup Cost": 0.26, "Total Cost": 4.27, "Plan Rows": 1, "Plan Width": 4, "Recheck Cond": "(id = ci.role_id)", "Filter": "((role)::text = 'actress'::text)", "Plans": [{"Node Type": "Bitmap Index Scan", "Parent Relationship": "Outer", "Index Name": "role_type_pkey", "Startup Cost": 0.0, "Total Cost": 0.26, "Plan Rows": 1, "Plan Width": 0, "Index Cond": "(id = ci.role_id)"}]}]}, {"Node Type": "Bitmap Heap Scan", "Parent Relationship": "Inner", "Relation Name": "movie_companies", "Alias": "mc", "Startup Cost": 0.31, "Total Cost": 4.35, "Plan Rows": 1, "Plan Width": 8, "Recheck Cond": "(movie_id = ci.movie_id)", "Filter": "((note IS NOT NULL) AND (((note)::text ~~ '%(USA)%'::text) OR ((note)::text ~~ '%(worldwide)%'::text)))", "Plans": [{"Node Type": "Bitmap Index Scan", "Parent Relationship": "Outer", "Index Name": "movie_id_movie_companies", "Startup Cost": 0.0, "Total Cost": 0.31, "Plan Rows": 2, "Plan Width": 0, "Index Cond": "(movie_id = ci.movie_id)"}]}]}, {"Node Type": "Bitmap Heap Scan", "Parent Relationship": "Inner", "Relation Name": "char_name", "Alias": "chn", "Startup Cost": 0.31, "Total Cost": 4.33, "Plan Rows": 1, "Plan Width": 20, "Recheck Cond": "(id = ci.person_role_id)", "Plans": [{"Node Type": "Bitmap Index Scan", "Parent Relationship": "Outer", "Index Name": "char_name_pkey", "Startup Cost": 0.0, "Total Cost": 0.31, "Plan Rows": 1, "Plan Width": 0, "Index Cond": "(id = ci.person_role_id)"}]}]}, {"Node Type": "Bitmap Heap Scan", "Parent Relationship": "Inner", "Relation Name": "company_name", "Alias": "cn", "Startup Cost": 0.26, "Total Cost": 4.28, "Plan Rows": 1, "Plan Width": 4, "Recheck Cond": "(id = mc.company_id)", "Filter": "((country_code)::text = '[us]'::text)", "Plans": [{"Node Type": "Bitmap Index Scan", "Parent Relationship": "Outer", "Index Name": "company_name_pkey", "Startup Cost": 0.0, "Total Cost": 0.26, "Plan Rows": 1, "Plan Width": 0, "Index Cond": "(id = mc.company_id)"}]}]}, {"Node Type": "Bitmap Heap Scan", "Parent Relationship": "Inner", "Relation Name": "title", "Alias": "t", "Startup Cost": 0.3, "Total Cost": 4.32, "Plan Rows": 1, "Plan Width": 21, "Recheck Cond": "(id = ci.movie_id)", "Filter": "((production_year >= 2005) AND (production_year <= 2015))", "Plans": [{"Node Type": "Bitmap Index Scan", "Parent Relationship": "Outer", "Index Name": "title_pkey", "Startup Cost": 0.0, "Total Cost": 0.3, "Plan Rows": 1, "Plan Width": 0, "Index Cond": "(id = ci.movie_id)"}]}]}]}, "Unique SQL Id": 3431223514, "Planner Runtime": 53}, "explain_analyze_plan": null}, "(16, 20)": {"explain_plan": {"Plan": {"Node Type": "Aggregate", "Strategy": "Plain", "Startup Cost": 23199.8, "Total Cost": 23199.81, "Plan Rows": 1, "Plan Width": 145, "Plans": [{"Node Type": "Nested Loop", "Parent Relationship": "Outer", "Join Type": "Inner", "Startup Cost": 0.0, "Total Cost": 23199.79, "Plan Rows": 1, "Plan Width": 49, "Inner Unique": true, "Plans": [{"Node Type": "Nested Loop", "Parent Relationship": "Outer", "Join Type": "Inner", "Startup Cost": 0.0, "Total Cost": 23199.29, "Plan Rows": 1, "Plan Width": 40, "Inner Unique": true, "Plans": [{"Node Type": "Nested Loop", "Parent Relationship": "Outer", "Join Type": "Inner", "Startup Cost": 0.0, "Total Cost": 23198.64, "Plan Rows": 2, "Plan Width": 44, "Inner Unique": true, "Plans": [{"Node Type": "Nested Loop", "Parent Relationship": "Outer", "Join Type": "Inner", "Startup Cost": 0.0, "Total Cost": 23196.09, "Plan Rows": 5, "Plan Width": 32, "Inner Unique": false, "Plans": [{"Node Type": "Nested Loop", "Parent Relationship": "Outer", "Join Type": "Inner", "Startup Cost": 0.0, "Total Cost": 23190.48, "Plan Rows": 13, "Plan Width": 24, "Inner Unique": false, "Join Filter": "(ci.role_id = rt.id)", "Plans": [{"Node Type": "Seq Scan", "Parent Relationship": "Outer", "Relation Name": "role_type", "Alias": "rt", "Startup Cost": 0.0, "Total Cost": 1.15, "Plan Rows": 1, "Plan Width": 4, "Filter": "((role)::text = 'actress'::text)"}, {"Node Type": "Materialize", "Parent Relationship": "Inner", "Startup Cost": 0.0, "Total Cost": 23187.92, "Plan Rows": 141, "Plan Width": 28, "Plans": [{"Node Type": "Nested Loop", "Parent Relationship": "Outer", "Join Type": "Inner", "Startup Cost": 0.0, "Total Cost": 23187.57, "Plan Rows": 141, "Plan Width": 28, "Inner Unique": false, "Join Filter": "(n.id = ci.person_id)", "Plans": [{"Node Type": "Nested Loop", "Parent Relationship": "Outer", "Join Type": "Inner", "Startup Cost": 0.0, "Total Cost": 22912.29, "Plan Rows": 115, "Plan Width": 24, "Inner Unique": false, "Plans": [{"Node Type": "Streaming(type: LOCAL GATHER dop: 1/16)", "Parent Relationship": "Outer", "Startup Cost": 0.0, "Total Cost": 22121.41, "Plan Rows": 96, "Plan Width": 4, "Plans": [{"Node Type": "Seq Scan", "Parent Relationship": "Outer", "Relation Name": "name", "Alias": "n", "Startup Cost": 0.0, "Total Cost": 22119.33, "Plan Rows": 96, "Plan Width": 4, "Filter": "(((name)::text ~~ '%Ang%'::text) AND ((gender)::text = 'f'::text))"}]}, {"Node Type": "Index Scan", "Parent Relationship": "Inner", "Scan Direction": "Forward", "Index Name": "person_id_aka_name", "Relation Name": "aka_name", "Alias": "an", "Startup Cost": 0.0, "Total Cost": 8.23, "Plan Rows": 1, "Plan Width": 20, "Index Cond": "(person_id = n.id)"}]}, {"Node Type": "Index Scan", "Parent Relationship": "Inner", "Scan Direction": "Forward", "Index Name": "person_id_cast_info", "Relation Name": "cast_info", "Alias": "ci", "Startup Cost": 0.0, "Total Cost": 2.38, "Plan Rows": 1, "Plan Width": 16, "Index Cond": "(person_id = an.person_id)", "Filter": "((note)::text = ANY ('{(voice),\"(voice: Japanese version)\",\"(voice) (uncredited)\",\"(voice: English version)\"}'::text[]))"}]}]}]}, {"Node Type": "Index Scan", "Parent Relationship": "Inner", "Scan Direction": "Forward", "Index Name": "movie_id_movie_companies", "Relation Name": "movie_companies", "Alias": "mc", "Startup Cost": 0.0, "Total Cost": 0.42, "Plan Rows": 1, "Plan Width": 8, "Index Cond": "(movie_id = ci.movie_id)", "Filter": "((note IS NOT NULL) AND (((note)::text ~~ '%(USA)%'::text) OR ((note)::text ~~ '%(worldwide)%'::text)))"}]}, {"Node Type": "Index Scan", "Parent Relationship": "Inner", "Scan Direction": "Forward", "Index Name": "char_name_pkey", "Relation Name": "char_name", "Alias": "chn", "Startup Cost": 0.0, "Total Cost": 0.5, "Plan Rows": 1, "Plan Width": 20, "Index Cond": "(id = ci.person_role_id)"}]}, {"Node Type": "Index Scan", "Parent Relationship": "Inner", "Scan Direction": "Forward", "Index Name": "company_name_pkey", "Relation Name": "company_name", "Alias": "cn", "Startup Cost": 0.0, "Total Cost": 0.32, "Plan Rows": 1, "Plan Width": 4, "Index Cond": "(id = mc.company_id)", "Filter": "((country_code)::text = '[us]'::text)"}]}, {"Node Type": "Index Scan", "Parent Relationship": "Inner", "Scan Direction": "Forward", "Index Name": "title_pkey", "Relation Name": "title", "Alias": "t", "Startup Cost": 0.0, "Total Cost": 0.49, "Plan Rows": 1, "Plan Width": 21, "Index Cond": "(id = ci.movie_id)", "Filter": "((production_year >= 2005) AND (production_year <= 2015))"}]}]}, "Unique SQL Id": 3431223514, "Planner Runtime": 53}, "explain_analyze_plan": {"Plan": {"Node Type": "Aggregate", "Strategy": "Plain", "Startup Cost": 23199.8, "Total Cost": 23199.81, "Plan Rows": 1, "Plan Width": 145, "Actual Min Startup Time": 189.942, "Actual Max Startup Time": 189.942, "Actual Min Total Time": 189.942, "Actual Max Total Time": 189.942, "Plans": [{"Node Type": "Nested Loop", "Parent Relationship": "Outer", "Join Type": "Inner", "Startup Cost": 0.0, "Total Cost": 23199.79, "Plan Rows": 1, "Plan Width": 49, "Actual Min Startup Time": 181.099, "Actual Max Startup Time": 181.099, "Actual Min Total Time": 189.781, "Actual Max Total Time": 189.781, "Inner Unique": true, "Plans": [{"Node Type": "Nested Loop", "Parent Relationship": "Outer", "Join Type": "Inner", "Startup Cost": 0.0, "Total Cost": 23199.29, "Plan Rows": 1, "Plan Width": 40, "Actual Min Startup Time": 180.812, "Actual Max Startup Time": 180.812, "Actual Min Total Time": 188.094, "Actual Max Total Time": 188.094, "Inner Unique": true, "Plans": [{"Node Type": "Nested Loop", "Parent Relationship": "Outer", "Join Type": "Inner", "Startup Cost": 0.0, "Total Cost": 23198.64, "Plan Rows": 2, "Plan Width": 44, "Actual Min Startup Time": 180.793, "Actual Max Startup Time": 180.793, "Actual Min Total Time": 186.568, "Actual Max Total Time": 186.568, "Inner Unique": true, "Plans": [{"Node Type": "Nested Loop", "Parent Relationship": "Outer", "Join Type": "Inner", "Startup Cost": 0.0, "Total Cost": 23196.09, "Plan Rows": 5, "Plan Width": 32, "Actual Min Startup Time": 180.775, "Actual Max Startup Time": 180.775, "Actual Min Total Time": 185.027, "Actual Max Total Time": 185.027, "Inner Unique": false, "Plans": [{"Node Type": "Nested Loop", "Parent Relationship": "Outer", "Join Type": "Inner", "Startup Cost": 0.0, "Total Cost": 23190.48, "Plan Rows": 13, "Plan Width": 24, "Actual Min Startup Time": 180.727, "Actual Max Startup Time": 180.727, "Actual Min Total Time": 181.011, "Actual Max Total Time": 181.011, "Inner Unique": false, "Join Filter": "(ci.role_id = rt.id)", "Rows Removed by Join Filter": 0, "Plans": [{"Node Type": "Seq Scan", "Parent Relationship": "Outer", "Relation Name": "role_type", "Alias": "rt", "Startup Cost": 0.0, "Total Cost": 1.15, "Plan Rows": 1, "Plan Width": 4, "Actual Min Startup Time": 0.028, "Actual Max Startup Time": 0.028, "Actual Min Total Time": 0.033, "Actual Max Total Time": 0.033, "Filter": "((role)::text = 'actress'::text)", "Rows Removed by Filter": 11, "Actual Rows": 1}, {"Node Type": "Materialize", "Parent Relationship": "Inner", "Startup Cost": 0.0, "Total Cost": 23187.92, "Plan Rows": 141, "Plan Width": 28, "Actual Min Startup Time": 180.682, "Actual Max Startup Time": 180.682, "Actual Min Total Time": 180.754, "Actual Max Total Time": 180.754, "Plans": [{"Node Type": "Nested Loop", "Parent Relationship": "Outer", "Join Type": "Inner", "Startup Cost": 0.0, "Total Cost": 23187.57, "Plan Rows": 141, "Plan Width": 28, "Actual Min Startup Time": 60.138, "Actual Max Startup Time": 60.138, "Actual Min Total Time": 180.446, "Actual Max Total Time": 180.446, "Inner Unique": false, "Join Filter": "(n.id = ci.person_id)", "Rows Removed by Join Filter": 0, "Plans": [{"Node Type": "Nested Loop", "Parent Relationship": "Outer", "Join Type": "Inner", "Startup Cost": 0.0, "Total Cost": 22912.29, "Plan Rows": 115, "Plan Width": 24, "Actual Min Startup Time": 58.849, "Actual Max Startup Time": 58.849, "Actual Min Total Time": 130.527, "Actual Max Total Time": 130.527, "Inner Unique": false, "Plans": [{"Node Type": "Streaming(type: LOCAL GATHER dop: 1/16)", "Parent Relationship": "Outer", "Startup Cost": 0.0, "Total Cost": 22121.41, "Plan Rows": 96, "Plan Width": 4, "Actual Min Startup Time": 58.768, "Actual Max Startup Time": 58.768, "Actual Min Total Time": 108.328, "Actual Max Total Time": 108.328, "Plans": [{"Node Type": "Seq Scan", "Parent Relationship": "Outer", "Relation Name": "name", "Alias": "n", "Startup Cost": 0.0, "Total Cost": 22119.33, "Plan Rows": 96, "Plan Width": 4, "Actual Min Startup Time": 40.816, "Actual Max Startup Time": 45.066, "Actual Min Total Time": 101.069, "Actual Max Total Time": 105.932, "Filter": "(((name)::text ~~ '%Ang%'::text) AND ((gender)::text = 'f'::text))", "Rows Removed by Filter": 4160722, "Actual Rows": 6768}], "Actual Rows": 6768}, {"Node Type": "Index Scan", "Parent Relationship": "Inner", "Scan Direction": "Forward", "Index Name": "person_id_aka_name", "Relation Name": "aka_name", "Alias": "an", "Startup Cost": 0.0, "Total Cost": 8.23, "Plan Rows": 1, "Plan Width": 20, "Actual Min Startup Time": 17.88, "Actual Max Startup Time": 17.88, "Actual Min Total Time": 18.692, "Actual Max Total Time": 18.692, "Index Cond": "(person_id = n.id)", "Rows Removed by Index Recheck": 0, "Actual Rows": 1558}], "Actual Rows": 1558}, {"Node Type": "Index Scan", "Parent Relationship": "Inner", "Scan Direction": "Forward", "Index Name": "person_id_cast_info", "Relation Name": "cast_info", "Alias": "ci", "Startup Cost": 0.0, "Total Cost": 2.38, "Plan Rows": 1, "Plan Width": 16, "Actual Min Startup Time": 44.25, "Actual Max Startup Time": 44.25, "Actual Min Total Time": 48.899, "Actual Max Total Time": 48.899, "Index Cond": "(person_id = an.person_id)", "Rows Removed by Index Recheck": 0, "Filter": "((note)::text = ANY ('{(voice),\"(voice: Japanese version)\",\"(voice) (uncredited)\",\"(voice: English version)\"}'::text[]))", "Rows Removed by Filter": 69057, "Actual Rows": 425}], "Actual Rows": 425}], "Actual Rows": 426}], "Actual Rows": 425}, {"Node Type": "Index Scan", "Parent Relationship": "Inner", "Scan Direction": "Forward", "Index Name": "movie_id_movie_companies", "Relation Name": "movie_companies", "Alias": "mc", "Startup Cost": 0.0, "Total Cost": 0.42, "Plan Rows": 1, "Plan Width": 8, "Actual Min Startup Time": 2.606, "Actual Max Startup Time": 2.606, "Actual Min Total Time": 3.712, "Actual Max Total Time": 3.712, "Index Cond": "(movie_id = ci.movie_id)", "Rows Removed by Index Recheck": 0, "Filter": "((note IS NOT NULL) AND (((note)::text ~~ '%(USA)%'::text) OR ((note)::text ~~ '%(worldwide)%'::text)))", "Rows Removed by Filter": 1538, "Actual Rows": 373}], "Actual Rows": 373}, {"Node Type": "Index Scan", "Parent Relationship": "Inner", "Scan Direction": "Forward", "Index Name": "char_name_pkey", "Relation Name": "char_name", "Alias": "chn", "Startup Cost": 0.0, "Total Cost": 0.5, "Plan Rows": 1, "Plan Width": 20, "Actual Min Startup Time": 1.235, "Actual Max Startup Time": 1.235, "Actual Min Total Time": 1.235, "Actual Max Total Time": 1.235, "Index Cond": "(id = ci.person_role_id)", "Rows Removed by Index Recheck": 0, "Actual Rows": 348}], "Actual Rows": 348}, {"Node Type": "Index Scan", "Parent Relationship": "Inner", "Scan Direction": "Forward", "Index Name": "company_name_pkey", "Relation Name": "company_name", "Alias": "cn", "Startup Cost": 0.0, "Total Cost": 0.32, "Plan Rows": 1, "Plan Width": 4, "Actual Min Startup Time": 1.254, "Actual Max Startup Time": 1.254, "Actual Min Total Time": 1.254, "Actual Max Total Time": 1.254, "Index Cond": "(id = mc.company_id)", "Rows Removed by Index Recheck": 0, "Filter": "((country_code)::text = '[us]'::text)", "Rows Removed by Filter": 7, "Actual Rows": 341}], "Actual Rows": 341}, {"Node Type": "Index Scan", "Parent Relationship": "Inner", "Scan Direction": "Forward", "Index Name": "title_pkey", "Relation Name": "title", "Alias": "t", "Startup Cost": 0.0, "Total Cost": 0.49, "Plan Rows": 1, "Plan Width": 21, "Actual Min Startup Time": 1.456, "Actual Max Startup Time": 1.456, "Actual Min Total Time": 1.456, "Actual Max Total Time": 1.456, "Index Cond": "(id = ci.movie_id)", "Rows Removed by Index Recheck": 0, "Filter": "((production_year >= 2005) AND (production_year <= 2015))", "Rows Removed by Filter": 220, "Actual Rows": 121}], "Actual Rows": 121}], "Actual Rows": 1}, "Triggers": [], "Planner Runtime": 144, "Total Runtime": 193.165, "Unique SQL Id": 3431223514}}, "(16, 21)": {"explain_plan": {"Plan": {"Node Type": "Aggregate", "Strategy": "Plain", "Startup Cost": 154556.1, "Total Cost": 154556.11, "Plan Rows": 1, "Plan Width": 145, "Plans": [{"Node Type": "Nested Loop", "Parent Relationship": "Outer", "Join Type": "Inner", "Startup Cost": 0.0, "Total Cost": 154556.09, "Plan Rows": 1, "Plan Width": 49, "Inner Unique": true, "Plans": [{"Node Type": "Nested Loop", "Parent Relationship": "Outer", "Join Type": "Inner", "Startup Cost": 0.0, "Total Cost": 154555.59, "Plan Rows": 1, "Plan Width": 40, "Inner Unique": true, "Plans": [{"Node Type": "Nested Loop", "Parent Relationship": "Outer", "Join Type": "Inner", "Startup Cost": 0.0, "Total Cost": 154554.58, "Plan Rows": 2, "Plan Width": 28, "Inner Unique": true, "Plans": [{"Node Type": "Nested Loop", "Parent Relationship": "Outer", "Join Type": "Inner", "Startup Cost": 0.0, "Total Cost": 154552.94, "Plan Rows": 5, "Plan Width": 32, "Inner Unique": false, "Plans": [{"Node Type": "Nested Loop", "Parent Relationship": "Outer", "Join Type": "Inner", "Startup Cost": 0.0, "Total Cost": 154547.33, "Plan Rows": 13, "Plan Width": 24, "Inner Unique": false, "Join Filter": "(ci.role_id = rt.id)", "Plans": [{"Node Type": "Index Scan", "Parent Relationship": "Outer", "Scan Direction": "Forward", "Index Name": "role_type_pkey", "Relation Name": "role_type", "Alias": "rt", "Startup Cost": 0.0, "Total Cost": 12.46, "Plan Rows": 1, "Plan Width": 4, "Filter": "((role)::text = 'actress'::text)"}, {"Node Type": "Materialize", "Parent Relationship": "Inner", "Startup Cost": 0.0, "Total Cost": 154533.46, "Plan Rows": 141, "Plan Width": 28, "Plans": [{"Node Type": "Nested Loop", "Parent Relationship": "Outer", "Join Type": "Inner", "Startup Cost": 0.0, "Total Cost": 154533.1, "Plan Rows": 141, "Plan Width": 28, "Inner Unique": false, "Join Filter": "(n.id = ci.person_id)", "Plans": [{"Node Type": "Nested Loop", "Parent Relationship": "Outer", "Join Type": "Inner", "Startup Cost": 0.0, "Total Cost": 154257.82, "Plan Rows": 115, "Plan Width": 24, "Inner Unique": false, "Plans": [{"Node Type": "Streaming(type: LOCAL GATHER dop: 1/16)", "Parent Relationship": "Outer", "Startup Cost": 0.0, "Total Cost": 153466.94, "Plan Rows": 96, "Plan Width": 4, "Plans": [{"Node Type": "Index Scan", "Parent Relationship": "Outer", "Scan Direction": "Forward", "Index Name": "name_pkey", "Relation Name": "name", "Alias": "n", "Startup Cost": 0.0, "Total Cost": 153464.87, "Plan Rows": 96, "Plan Width": 4, "Filter": "(((name)::text ~~ '%Ang%'::text) AND ((gender)::text = 'f'::text))"}]}, {"Node Type": "Index Scan", "Parent Relationship": "Inner", "Scan Direction": "Forward", "Index Name": "person_id_aka_name", "Relation Name": "aka_name", "Alias": "an", "Startup Cost": 0.0, "Total Cost": 8.23, "Plan Rows": 1, "Plan Width": 20, "Index Cond": "(person_id = n.id)"}]}, {"Node Type": "Index Scan", "Parent Relationship": "Inner", "Scan Direction": "Forward", "Index Name": "person_id_cast_info", "Relation Name": "cast_info", "Alias": "ci", "Startup Cost": 0.0, "Total Cost": 2.38, "Plan Rows": 1, "Plan Width": 16, "Index Cond": "(person_id = an.person_id)", "Filter": "((note)::text = ANY ('{(voice),\"(voice: Japanese version)\",\"(voice) (uncredited)\",\"(voice: English version)\"}'::text[]))"}]}]}]}, {"Node Type": "Index Scan", "Parent Relationship": "Inner", "Scan Direction": "Forward", "Index Name": "movie_id_movie_companies", "Relation Name": "movie_companies", "Alias": "mc", "Startup Cost": 0.0, "Total Cost": 0.42, "Plan Rows": 1, "Plan Width": 8, "Index Cond": "(movie_id = ci.movie_id)", "Filter": "((note IS NOT NULL) AND (((note)::text ~~ '%(USA)%'::text) OR ((note)::text ~~ '%(worldwide)%'::text)))"}]}, {"Node Type": "Index Scan", "Parent Relationship": "Inner", "Scan Direction": "Forward", "Index Name": "company_name_pkey", "Relation Name": "company_name", "Alias": "cn", "Startup Cost": 0.0, "Total Cost": 0.32, "Plan Rows": 1, "Plan Width": 4, "Index Cond": "(id = mc.company_id)", "Filter": "((country_code)::text = '[us]'::text)"}]}, {"Node Type": "Index Scan", "Parent Relationship": "Inner", "Scan Direction": "Forward", "Index Name": "char_name_pkey", "Relation Name": "char_name", "Alias": "chn", "Startup Cost": 0.0, "Total Cost": 0.5, "Plan Rows": 1, "Plan Width": 20, "Index Cond": "(id = ci.person_role_id)"}]}, {"Node Type": "Index Scan", "Parent Relationship": "Inner", "Scan Direction": "Forward", "Index Name": "title_pkey", "Relation Name": "title", "Alias": "t", "Startup Cost": 0.0, "Total Cost": 0.49, "Plan Rows": 1, "Plan Width": 21, "Index Cond": "(id = ci.movie_id)", "Filter": "((production_year >= 2005) AND (production_year <= 2015))"}]}]}, "Unique SQL Id": 3431223514, "Planner Runtime": 60}, "explain_analyze_plan": {"Plan": {"Node Type": "Aggregate", "Strategy": "Plain", "Startup Cost": 154556.1, "Total Cost": 154556.11, "Plan Rows": 1, "Plan Width": 145, "Actual Min Startup Time": 381.158, "Actual Max Startup Time": 381.158, "Actual Min Total Time": 381.159, "Actual Max Total Time": 381.159, "Plans": [{"Node Type": "Nested Loop", "Parent Relationship": "Outer", "Join Type": "Inner", "Startup Cost": 0.0, "Total Cost": 154556.09, "Plan Rows": 1, "Plan Width": 49, "Actual Min Startup Time": 371.852, "Actual Max Startup Time": 371.852, "Actual Min Total Time": 381.01, "Actual Max Total Time": 381.01, "Inner Unique": true, "Plans": [{"Node Type": "Nested Loop", "Parent Relationship": "Outer", "Join Type": "Inner", "Startup Cost": 0.0, "Total Cost": 154555.59, "Plan Rows": 1, "Plan Width": 40, "Actual Min Startup Time": 370.918, "Actual Max Startup Time": 370.918, "Actual Min Total Time": 379.017, "Actual Max Total Time": 379.017, "Inner Unique": true, "Plans": [{"Node Type": "Nested Loop", "Parent Relationship": "Outer", "Join Type": "Inner", "Startup Cost": 0.0, "Total Cost": 154554.58, "Plan Rows": 2, "Plan Width": 28, "Actual Min Startup Time": 370.897, "Actual Max Startup Time": 370.897, "Actual Min Total Time": 377.445, "Actual Max Total Time": 377.445, "Inner Unique": true, "Plans": [{"Node Type": "Nested Loop", "Parent Relationship": "Outer", "Join Type": "Inner", "Startup Cost": 0.0, "Total Cost": 154552.94, "Plan Rows": 5, "Plan Width": 32, "Actual Min Startup Time": 370.872, "Actual Max Startup Time": 370.872, "Actual Min Total Time": 375.543, "Actual Max Total Time": 375.543, "Inner Unique": false, "Plans": [{"Node Type": "Nested Loop", "Parent Relationship": "Outer", "Join Type": "Inner", "Startup Cost": 0.0, "Total Cost": 154547.33, "Plan Rows": 13, "Plan Width": 24, "Actual Min Startup Time": 370.838, "Actual Max Startup Time": 370.838, "Actual Min Total Time": 371.129, "Actual Max Total Time": 371.129, "Inner Unique": false, "Join Filter": "(ci.role_id = rt.id)", "Rows Removed by Join Filter": 0, "Plans": [{"Node Type": "Index Scan", "Parent Relationship": "Outer", "Scan Direction": "Forward", "Index Name": "role_type_pkey", "Relation Name": "role_type", "Alias": "rt", "Startup Cost": 0.0, "Total Cost": 12.46, "Plan Rows": 1, "Plan Width": 4, "Actual Min Startup Time": 0.027, "Actual Max Startup Time": 0.027, "Actual Min Total Time": 0.034, "Actual Max Total Time": 0.034, "Filter": "((role)::text = 'actress'::text)", "Rows Removed by Filter": 11, "Actual Rows": 1}, {"Node Type": "Materialize", "Parent Relationship": "Inner", "Startup Cost": 0.0, "Total Cost": 154533.46, "Plan Rows": 141, "Plan Width": 28, "Actual Min Startup Time": 370.792, "Actual Max Startup Time": 370.792, "Actual Min Total Time": 370.871, "Actual Max Total Time": 370.871, "Plans": [{"Node Type": "Nested Loop", "Parent Relationship": "Outer", "Join Type": "Inner", "Startup Cost": 0.0, "Total Cost": 154533.1, "Plan Rows": 141, "Plan Width": 28, "Actual Min Startup Time": 96.425, "Actual Max Startup Time": 96.425, "Actual Min Total Time": 370.541, "Actual Max Total Time": 370.541, "Inner Unique": false, "Join Filter": "(n.id = ci.person_id)", "Rows Removed by Join Filter": 0, "Plans": [{"Node Type": "Nested Loop", "Parent Relationship": "Outer", "Join Type": "Inner", "Startup Cost": 0.0, "Total Cost": 154257.82, "Plan Rows": 115, "Plan Width": 24, "Actual Min Startup Time": 95.83, "Actual Max Startup Time": 95.83, "Actual Min Total Time": 315.879, "Actual Max Total Time": 315.879, "Inner Unique": false, "Plans": [{"Node Type": "Streaming(type: LOCAL GATHER dop: 1/16)", "Parent Relationship": "Outer", "Startup Cost": 0.0, "Total Cost": 153466.94, "Plan Rows": 96, "Plan Width": 4, "Actual Min Startup Time": 95.756, "Actual Max Startup Time": 95.756, "Actual Min Total Time": 293.923, "Actual Max Total Time": 293.923, "Plans": [{"Node Type": "Index Scan", "Parent Relationship": "Outer", "Scan Direction": "Forward", "Index Name": "name_pkey", "Relation Name": "name", "Alias": "n", "Startup Cost": 0.0, "Total Cost": 153464.87, "Plan Rows": 96, "Plan Width": 4, "Actual Min Startup Time": 40.31, "Actual Max Startup Time": 338.836, "Actual Min Total Time": 295.678, "Actual Max Total Time": 338.836, "Filter": "(((name)::text ~~ '%Ang%'::text) AND ((gender)::text = 'f'::text))", "Rows Removed by Filter": 4160722, "Actual Rows": 6768}], "Actual Rows": 6768}, {"Node Type": "Index Scan", "Parent Relationship": "Inner", "Scan Direction": "Forward", "Index Name": "person_id_aka_name", "Relation Name": "aka_name", "Alias": "an", "Startup Cost": 0.0, "Total Cost": 8.23, "Plan Rows": 1, "Plan Width": 20, "Actual Min Startup Time": 17.357, "Actual Max Startup Time": 17.357, "Actual Min Total Time": 18.22, "Actual Max Total Time": 18.22, "Index Cond": "(person_id = n.id)", "Rows Removed by Index Recheck": 0, "Actual Rows": 1558}], "Actual Rows": 1558}, {"Node Type": "Index Scan", "Parent Relationship": "Inner", "Scan Direction": "Forward", "Index Name": "person_id_cast_info", "Relation Name": "cast_info", "Alias": "ci", "Startup Cost": 0.0, "Total Cost": 2.38, "Plan Rows": 1, "Plan Width": 16, "Actual Min Startup Time": 48.528, "Actual Max Startup Time": 48.528, "Actual Min Total Time": 53.577, "Actual Max Total Time": 53.577, "Index Cond": "(person_id = an.person_id)", "Rows Removed by Index Recheck": 0, "Filter": "((note)::text = ANY ('{(voice),\"(voice: Japanese version)\",\"(voice) (uncredited)\",\"(voice: English version)\"}'::text[]))", "Rows Removed by Filter": 69057, "Actual Rows": 425}], "Actual Rows": 425}], "Actual Rows": 426}], "Actual Rows": 425}, {"Node Type": "Index Scan", "Parent Relationship": "Inner", "Scan Direction": "Forward", "Index Name": "movie_id_movie_companies", "Relation Name": "movie_companies", "Alias": "mc", "Startup Cost": 0.0, "Total Cost": 0.42, "Plan Rows": 1, "Plan Width": 8, "Actual Min Startup Time": 2.907, "Actual Max Startup Time": 2.907, "Actual Min Total Time": 4.086, "Actual Max Total Time": 4.086, "Index Cond": "(movie_id = ci.movie_id)", "Rows Removed by Index Recheck": 0, "Filter": "((note IS NOT NULL) AND (((note)::text ~~ '%(USA)%'::text) OR ((note)::text ~~ '%(worldwide)%'::text)))", "Rows Removed by Filter": 1538, "Actual Rows": 373}], "Actual Rows": 373}, {"Node Type": "Index Scan", "Parent Relationship": "Inner", "Scan Direction": "Forward", "Index Name": "company_name_pkey", "Relation Name": "company_name", "Alias": "cn", "Startup Cost": 0.0, "Total Cost": 0.32, "Plan Rows": 1, "Plan Width": 4, "Actual Min Startup Time": 1.6, "Actual Max Startup Time": 1.6, "Actual Min Total Time": 1.6, "Actual Max Total Time": 1.6, "Index Cond": "(id = mc.company_id)", "Rows Removed by Index Recheck": 0, "Filter": "((country_code)::text = '[us]'::text)", "Rows Removed by Filter": 14, "Actual Rows": 359}], "Actual Rows": 359}, {"Node Type": "Index Scan", "Parent Relationship": "Inner", "Scan Direction": "Forward", "Index Name": "char_name_pkey", "Relation Name": "char_name", "Alias": "chn", "Startup Cost": 0.0, "Total Cost": 0.5, "Plan Rows": 1, "Plan Width": 20, "Actual Min Startup Time": 1.275, "Actual Max Startup Time": 1.275, "Actual Min Total Time": 1.275, "Actual Max Total Time": 1.275, "Index Cond": "(id = ci.person_role_id)", "Rows Removed by Index Recheck": 0, "Actual Rows": 341}], "Actual Rows": 341}, {"Node Type": "Index Scan", "Parent Relationship": "Inner", "Scan Direction": "Forward", "Index Name": "title_pkey", "Relation Name": "title", "Alias": "t", "Startup Cost": 0.0, "Total Cost": 0.49, "Plan Rows": 1, "Plan Width": 21, "Actual Min Startup Time": 1.749, "Actual Max Startup Time": 1.749, "Actual Min Total Time": 1.749, "Actual Max Total Time": 1.749, "Index Cond": "(id = ci.movie_id)", "Rows Removed by Index Recheck": 0, "Filter": "((production_year >= 2005) AND (production_year <= 2015))", "Rows Removed by Filter": 220, "Actual Rows": 121}], "Actual Rows": 121}], "Actual Rows": 1}, "Triggers": [], "Planner Runtime": 15, "Total Runtime": 384.132, "Unique SQL Id": 3431223514}}, "(16, 22)": {"explain_plan": {"Plan": {"Node Type": "Aggregate", "Strategy": "Plain", "Startup Cost": 23619.64, "Total Cost": 23619.65, "Plan Rows": 1, "Plan Width": 145, "Plans": [{"Node Type": "Nested Loop", "Parent Relationship": "Outer", "Join Type": "Inner", "Startup Cost": 6.41, "Total Cost": 23619.63, "Plan Rows": 1, "Plan Width": 49, "Inner Unique": true, "Plans": [{"Node Type": "Nested Loop", "Parent Relationship": "Outer", "Join Type": "Inner", "Startup Cost": 6.11, "Total Cost": 23615.3, "Plan Rows": 1, "Plan Width": 40, "Inner Unique": true, "Plans": [{"Node Type": "Nested Loop", "Parent Relationship": "Outer", "Join Type": "Inner", "Startup Cost": 5.85, "Total Cost": 23606.73, "Plan Rows": 2, "Plan Width": 44, "Inner Unique": true, "Plans": [{"Node Type": "Nested Loop", "Parent Relationship": "Outer", "Join Type": "Inner", "Startup Cost": 5.53, "Total Cost": 23585.05, "Plan Rows": 5, "Plan Width": 32, "Inner Unique": false, "Plans": [{"Node Type": "Nested Loop", "Parent Relationship": "Outer", "Join Type": "Inner", "Startup Cost": 5.22, "Total Cost": 23528.42, "Plan Rows": 13, "Plan Width": 24, "Inner Unique": false, "Join Filter": "(ci.role_id = rt.id)", "Plans": [{"Node Type": "Seq Scan", "Parent Relationship": "Outer", "Relation Name": "role_type", "Alias": "rt", "Startup Cost": 0.0, "Total Cost": 1.15, "Plan Rows": 1, "Plan Width": 4, "Filter": "((role)::text = 'actress'::text)"}, {"Node Type": "Materialize", "Parent Relationship": "Inner", "Startup Cost": 5.22, "Total Cost": 23525.86, "Plan Rows": 141, "Plan Width": 28, "Plans": [{"Node Type": "Nested Loop", "Parent Relationship": "Outer", "Join Type": "Inner", "Startup Cost": 5.22, "Total Cost": 23525.5, "Plan Rows": 141, "Plan Width": 28, "Inner Unique": false, "Join Filter": "(n.id = ci.person_id)", "Plans": [{"Node Type": "Nested Loop", "Parent Relationship": "Outer", "Join Type": "Inner", "Startup Cost": 4.22, "Total Cost": 22912.31, "Plan Rows": 115, "Plan Width": 24, "Inner Unique": false, "Plans": [{"Node Type": "Streaming(type: LOCAL GATHER dop: 1/16)", "Parent Relationship": "Outer", "Startup Cost": 0.0, "Total Cost": 22121.41, "Plan Rows": 96, "Plan Width": 4, "Plans": [{"Node Type": "Seq Scan", "Parent Relationship": "Outer", "Relation Name": "name", "Alias": "n", "Startup Cost": 0.0, "Total Cost": 22119.33, "Plan Rows": 96, "Plan Width": 4, "Filter": "(((name)::text ~~ '%Ang%'::text) AND ((gender)::text = 'f'::text))"}]}, {"Node Type": "Bitmap Heap Scan", "Parent Relationship": "Inner", "Relation Name": "aka_name", "Alias": "an", "Startup Cost": 4.22, "Total Cost": 8.23, "Plan Rows": 1, "Plan Width": 20, "Recheck Cond": "(person_id = n.id)", "Plans": [{"Node Type": "Bitmap Index Scan", "Parent Relationship": "Outer", "Index Name": "person_id_aka_name", "Startup Cost": 0.0, "Total Cost": 4.22, "Plan Rows": 1, "Plan Width": 0, "Index Cond": "(person_id = n.id)"}]}]}, {"Node Type": "Bitmap Heap Scan", "Parent Relationship": "Inner", "Relation Name": "cast_info", "Alias": "ci", "Startup Cost": 1.0, "Total Cost": 5.32, "Plan Rows": 1, "Plan Width": 16, "Recheck Cond": "(person_id = an.person_id)", "Filter": "((note)::text = ANY ('{(voice),\"(voice: Japanese version)\",\"(voice) (uncredited)\",\"(voice: English version)\"}'::text[]))", "Plans": [{"Node Type": "Bitmap Index Scan", "Parent Relationship": "Outer", "Index Name": "person_id_cast_info", "Startup Cost": 0.0, "Total Cost": 1.0, "Plan Rows": 18, "Plan Width": 0, "Index Cond": "(person_id = an.person_id)"}]}]}]}]}, {"Node Type": "Bitmap Heap Scan", "Parent Relationship": "Inner", "Relation Name": "movie_companies", "Alias": "mc", "Startup Cost": 0.31, "Total Cost": 4.35, "Plan Rows": 1, "Plan Width": 8, "Recheck Cond": "(movie_id = ci.movie_id)", "Filter": "((note IS NOT NULL) AND (((note)::text ~~ '%(USA)%'::text) OR ((note)::text ~~ '%(worldwide)%'::text)))", "Plans": [{"Node Type": "Bitmap Index Scan", "Parent Relationship": "Outer", "Index Name": "movie_id_movie_companies", "Startup Cost": 0.0, "Total Cost": 0.31, "Plan Rows": 2, "Plan Width": 0, "Index Cond": "(movie_id = ci.movie_id)"}]}]}, {"Node Type": "Bitmap Heap Scan", "Parent Relationship": "Inner", "Relation Name": "char_name", "Alias": "chn", "Startup Cost": 0.31, "Total Cost": 4.33, "Plan Rows": 1, "Plan Width": 20, "Recheck Cond": "(id = ci.person_role_id)", "Plans": [{"Node Type": "Bitmap Index Scan", "Parent Relationship": "Outer", "Index Name": "char_name_pkey", "Startup Cost": 0.0, "Total Cost": 0.31, "Plan Rows": 1, "Plan Width": 0, "Index Cond": "(id = ci.person_role_id)"}]}]}, {"Node Type": "Bitmap Heap Scan", "Parent Relationship": "Inner", "Relation Name": "company_name", "Alias": "cn", "Startup Cost": 0.26, "Total Cost": 4.28, "Plan Rows": 1, "Plan Width": 4, "Recheck Cond": "(id = mc.company_id)", "Filter": "((country_code)::text = '[us]'::text)", "Plans": [{"Node Type": "Bitmap Index Scan", "Parent Relationship": "Outer", "Index Name": "company_name_pkey", "Startup Cost": 0.0, "Total Cost": 0.26, "Plan Rows": 1, "Plan Width": 0, "Index Cond": "(id = mc.company_id)"}]}]}, {"Node Type": "Bitmap Heap Scan", "Parent Relationship": "Inner", "Relation Name": "title", "Alias": "t", "Startup Cost": 0.3, "Total Cost": 4.32, "Plan Rows": 1, "Plan Width": 21, "Recheck Cond": "(id = ci.movie_id)", "Filter": "((production_year >= 2005) AND (production_year <= 2015))", "Plans": [{"Node Type": "Bitmap Index Scan", "Parent Relationship": "Outer", "Index Name": "title_pkey", "Startup Cost": 0.0, "Total Cost": 0.3, "Plan Rows": 1, "Plan Width": 0, "Index Cond": "(id = ci.movie_id)"}]}]}]}, "Unique SQL Id": 3431223514, "Planner Runtime": 82}, "explain_analyze_plan": {"Plan": {"Node Type": "Aggregate", "Strategy": "Plain", "Startup Cost": 23619.64, "Total Cost": 23619.65, "Plan Rows": 1, "Plan Width": 145, "Actual Min Startup Time": 234.393, "Actual Max Startup Time": 234.393, "Actual Min Total Time": 234.393, "Actual Max Total Time": 234.393, "Plans": [{"Node Type": "Nested Loop", "Parent Relationship": "Outer", "Join Type": "Inner", "Startup Cost": 6.41, "Total Cost": 23619.63, "Plan Rows": 1, "Plan Width": 49, "Actual Min Startup Time": 221.888, "Actual Max Startup Time": 221.888, "Actual Min Total Time": 234.222, "Actual Max Total Time": 234.222, "Inner Unique": true, "Plans": [{"Node Type": "Nested Loop", "Parent Relationship": "Outer", "Join Type": "Inner", "Startup Cost": 6.11, "Total Cost": 23615.3, "Plan Rows": 1, "Plan Width": 40, "Actual Min Startup Time": 221.514, "Actual Max Startup Time": 221.514, "Actual Min Total Time": 231.689, "Actual Max Total Time": 231.689, "Inner Unique": true, "Plans": [{"Node Type": "Nested Loop", "Parent Relationship": "Outer", "Join Type": "Inner", "Startup Cost": 5.85, "Total Cost": 23606.73, "Plan Rows": 2, "Plan Width": 44, "Actual Min Startup Time": 221.484, "Actual Max Startup Time": 221.484, "Actual Min Total Time": 229.387, "Actual Max Total Time": 229.387, "Inner Unique": true, "Plans": [{"Node Type": "Nested Loop", "Parent Relationship": "Outer", "Join Type": "Inner", "Startup Cost": 5.53, "Total Cost": 23585.05, "Plan Rows": 5, "Plan Width": 32, "Actual Min Startup Time": 221.458, "Actual Max Startup Time": 221.458, "Actual Min Total Time": 227.175, "Actual Max Total Time": 227.175, "Inner Unique": false, "Plans": [{"Node Type": "Nested Loop", "Parent Relationship": "Outer", "Join Type": "Inner", "Startup Cost": 5.22, "Total Cost": 23528.42, "Plan Rows": 13, "Plan Width": 24, "Actual Min Startup Time": 221.38, "Actual Max Startup Time": 221.38, "Actual Min Total Time": 221.661, "Actual Max Total Time": 221.661, "Inner Unique": false, "Join Filter": "(ci.role_id = rt.id)", "Rows Removed by Join Filter": 0, "Plans": [{"Node Type": "Seq Scan", "Parent Relationship": "Outer", "Relation Name": "role_type", "Alias": "rt", "Startup Cost": 0.0, "Total Cost": 1.15, "Plan Rows": 1, "Plan Width": 4, "Actual Min Startup Time": 0.043, "Actual Max Startup Time": 0.043, "Actual Min Total Time": 0.048, "Actual Max Total Time": 0.048, "Filter": "((role)::text = 'actress'::text)", "Rows Removed by Filter": 11, "Actual Rows": 1}, {"Node Type": "Materialize", "Parent Relationship": "Inner", "Startup Cost": 5.22, "Total Cost": 23525.86, "Plan Rows": 141, "Plan Width": 28, "Actual Min Startup Time": 221.322, "Actual Max Startup Time": 221.322, "Actual Min Total Time": 221.387, "Actual Max Total Time": 221.387, "Plans": [{"Node Type": "Nested Loop", "Parent Relationship": "Outer", "Join Type": "Inner", "Startup Cost": 5.22, "Total Cost": 23525.5, "Plan Rows": 141, "Plan Width": 28, "Actual Min Startup Time": 85.431, "Actual Max Startup Time": 85.431, "Actual Min Total Time": 221.115, "Actual Max Total Time": 221.115, "Inner Unique": false, "Join Filter": "(n.id = ci.person_id)", "Rows Removed by Join Filter": 0, "Plans": [{"Node Type": "Nested Loop", "Parent Relationship": "Outer", "Join Type": "Inner", "Startup Cost": 4.22, "Total Cost": 22912.31, "Plan Rows": 115, "Plan Width": 24, "Actual Min Startup Time": 83.804, "Actual Max Startup Time": 83.804, "Actual Min Total Time": 165.714, "Actual Max Total Time": 165.714, "Inner Unique": false, "Plans": [{"Node Type": "Streaming(type: LOCAL GATHER dop: 1/16)", "Parent Relationship": "Outer", "Startup Cost": 0.0, "Total Cost": 22121.41, "Plan Rows": 96, "Plan Width": 4, "Actual Min Startup Time": 83.719, "Actual Max Startup Time": 83.719, "Actual Min Total Time": 134.688, "Actual Max Total Time": 134.688, "Plans": [{"Node Type": "Seq Scan", "Parent Relationship": "Outer", "Relation Name": "name", "Alias": "n", "Startup Cost": 0.0, "Total Cost": 22119.33, "Plan Rows": 96, "Plan Width": 4, "Actual Min Startup Time": 42.76, "Actual Max Startup Time": 47.57, "Actual Min Total Time": 106.089, "Actual Max Total Time": 112.204, "Filter": "(((name)::text ~~ '%Ang%'::text) AND ((gender)::text = 'f'::text))", "Rows Removed by Filter": 4160722, "Actual Rows": 6768}], "Actual Rows": 6768}, {"Node Type": "Bitmap Heap Scan", "Parent Relationship": "Inner", "Relation Name": "aka_name", "Alias": "an", "Startup Cost": 4.22, "Total Cost": 8.23, "Plan Rows": 1, "Plan Width": 20, "Actual Min Startup Time": 22.863, "Actual Max Startup Time": 22.863, "Actual Min Total Time": 23.465, "Actual Max Total Time": 23.465, "Recheck Cond": "(person_id = n.id)", "Rows Removed by Index Recheck": 0, "Exact Heap Blocks": 1014, "Lossy Heap Blocks": 1014, "Plans": [{"Node Type": "Bitmap Index Scan", "Parent Relationship": "Outer", "Index Name": "person_id_aka_name", "Startup Cost": 0.0, "Total Cost": 4.22, "Plan Rows": 1, "Plan Width": 0, "Actual Min Startup Time": 17.245, "Actual Max Startup Time": 17.245, "Actual Min Total Time": 17.245, "Actual Max Total Time": 17.245, "Index Cond": "(person_id = n.id)", "Actual Rows": 1558}], "Actual Rows": 1558}], "Actual Rows": 1558}, {"Node Type": "Bitmap Heap Scan", "Parent Relationship": "Inner", "Relation Name": "cast_info", "Alias": "ci", "Startup Cost": 1.0, "Total Cost": 5.32, "Plan Rows": 1, "Plan Width": 16, "Actual Min Startup Time": 49.977, "Actual Max Startup Time": 49.977, "Actual Min Total Time": 53.285, "Actual Max Total Time": 53.285, "Recheck Cond": "(person_id = an.person_id)", "Rows Removed by Index Recheck": 0, "Filter": "((note)::text = ANY ('{(voice),\"(voice: Japanese version)\",\"(voice) (uncredited)\",\"(voice: English version)\"}'::text[]))", "Rows Removed by Filter": 69057, "Exact Heap Blocks": 2627, "Lossy Heap Blocks": 2627, "Plans": [{"Node Type": "Bitmap Index Scan", "Parent Relationship": "Outer", "Index Name": "person_id_cast_info", "Startup Cost": 0.0, "Total Cost": 1.0, "Plan Rows": 18, "Plan Width": 0, "Actual Min Startup Time": 16.676, "Actual Max Startup Time": 16.676, "Actual Min Total Time": 16.676, "Actual Max Total Time": 16.676, "Index Cond": "(person_id = an.person_id)", "Actual Rows": 69482}], "Actual Rows": 425}], "Actual Rows": 425}], "Actual Rows": 426}], "Actual Rows": 425}, {"Node Type": "Bitmap Heap Scan", "Parent Relationship": "Inner", "Relation Name": "movie_companies", "Alias": "mc", "Startup Cost": 0.31, "Total Cost": 4.35, "Plan Rows": 1, "Plan Width": 8, "Actual Min Startup Time": 3.91, "Actual Max Startup Time": 3.91, "Actual Min Total Time": 4.855, "Actual Max Total Time": 4.855, "Recheck Cond": "(movie_id = ci.movie_id)", "Rows Removed by Index Recheck": 0, "Filter": "((note IS NOT NULL) AND (((note)::text ~~ '%(USA)%'::text) OR ((note)::text ~~ '%(worldwide)%'::text)))", "Rows Removed by Filter": 1538, "Exact Heap Blocks": 580, "Lossy Heap Blocks": 580, "Plans": [{"Node Type": "Bitmap Index Scan", "Parent Relationship": "Outer", "Index Name": "movie_id_movie_companies", "Startup Cost": 0.0, "Total Cost": 0.31, "Plan Rows": 2, "Plan Width": 0, "Actual Min Startup Time": 2.103, "Actual Max Startup Time": 2.103, "Actual Min Total Time": 2.103, "Actual Max Total Time": 2.103, "Index Cond": "(movie_id = ci.movie_id)", "Actual Rows": 1911}], "Actual Rows": 373}], "Actual Rows": 373}, {"Node Type": "Bitmap Heap Scan", "Parent Relationship": "Inner", "Relation Name": "char_name", "Alias": "chn", "Startup Cost": 0.31, "Total Cost": 4.33, "Plan Rows": 1, "Plan Width": 20, "Actual Min Startup Time": 1.694, "Actual Max Startup Time": 1.694, "Actual Min Total Time": 1.694, "Actual Max Total Time": 1.694, "Recheck Cond": "(id = ci.person_role_id)", "Rows Removed by Index Recheck": 0, "Exact Heap Blocks": 348, "Lossy Heap Blocks": 348, "Plans": [{"Node Type": "Bitmap Index Scan", "Parent Relationship": "Outer", "Index Name": "char_name_pkey", "Startup Cost": 0.0, "Total Cost": 0.31, "Plan Rows": 1, "Plan Width": 0, "Actual Min Startup Time": 1.069, "Actual Max Startup Time": 1.069, "Actual Min Total Time": 1.069, "Actual Max Total Time": 1.069, "Index Cond": "(id = ci.person_role_id)", "Actual Rows": 348}], "Actual Rows": 348}], "Actual Rows": 348}, {"Node Type": "Bitmap Heap Scan", "Parent Relationship": "Inner", "Relation Name": "company_name", "Alias": "cn", "Startup Cost": 0.26, "Total Cost": 4.28, "Plan Rows": 1, "Plan Width": 4, "Actual Min Startup Time": 1.814, "Actual Max Startup Time": 1.814, "Actual Min Total Time": 1.814, "Actual Max Total Time": 1.814, "Recheck Cond": "(id = mc.company_id)", "Rows Removed by Index Recheck": 0, "Filter": "((country_code)::text = '[us]'::text)", "Rows Removed by Filter": 7, "Exact Heap Blocks": 348, "Lossy Heap Blocks": 348, "Plans": [{"Node Type": "Bitmap Index Scan", "Parent Relationship": "Outer", "Index Name": "company_name_pkey", "Startup Cost": 0.0, "Total Cost": 0.26, "Plan Rows": 1, "Plan Width": 0, "Actual Min Startup Time": 1.034, "Actual Max Startup Time": 1.034, "Actual Min Total Time": 1.034, "Actual Max Total Time": 1.034, "Index Cond": "(id = mc.company_id)", "Actual Rows": 348}], "Actual Rows": 341}], "Actual Rows": 341}, {"Node Type": "Bitmap Heap Scan", "Parent Relationship": "Inner", "Relation Name": "title", "Alias": "t", "Startup Cost": 0.3, "Total Cost": 4.32, "Plan Rows": 1, "Plan Width": 21, "Actual Min Startup Time": 2.095, "Actual Max Startup Time": 2.095, "Actual Min Total Time": 2.095, "Actual Max Total Time": 2.095, "Recheck Cond": "(id = ci.movie_id)", "Rows Removed by Index Recheck": 0, "Filter": "((production_year >= 2005) AND (production_year <= 2015))", "Rows Removed by Filter": 220, "Exact Heap Blocks": 341, "Lossy Heap Blocks": 341, "Plans": [{"Node Type": "Bitmap Index Scan", "Parent Relationship": "Outer", "Index Name": "title_pkey", "Startup Cost": 0.0, "Total Cost": 0.3, "Plan Rows": 1, "Plan Width": 0, "Actual Min Startup Time": 1.248, "Actual Max Startup Time": 1.248, "Actual Min Total Time": 1.248, "Actual Max Total Time": 1.248, "Index Cond": "(id = ci.movie_id)", "Actual Rows": 341}], "Actual Rows": 121}], "Actual Rows": 121}], "Actual Rows": 1}, "Triggers": [], "Planner Runtime": 82, "Total Runtime": 237.515, "Unique SQL Id": 3431223514}}, "(16, 23)": {"explain_plan": {"Plan": {"Node Type": "Aggregate", "Strategy": "Plain", "Startup Cost": 199170.6, "Total Cost": 199170.61, "Plan Rows": 1, "Plan Width": 145, "Plans": [{"Node Type": "Nested Loop", "Parent Relationship": "Outer", "Join Type": "Inner", "Startup Cost": 83164.39, "Total Cost": 199170.59, "Plan Rows": 2, "Plan Width": 49, "Inner Unique": true, "Plans": [{"Node Type": "Nested Loop", "Parent Relationship": "Outer", "Join Type": "Inner", "Startup Cost": 83164.09, "Total Cost": 199161.93, "Plan Rows": 2, "Plan Width": 40, "Inner Unique": true, "Plans": [{"Node Type": "Nested Loop", "Parent Relationship": "Outer", "Join Type": "Inner", "Startup Cost": 83163.83, "Total Cost": 199153.35, "Plan Rows": 2, "Plan Width": 44, "Inner Unique": true, "Plans": [{"Node Type": "Nested Loop", "Parent Relationship": "Outer", "Join Type": "Inner", "Startup Cost": 83163.51, "Total Cost": 199131.67, "Plan Rows": 5, "Plan Width": 32, "Inner Unique": false, "Plans": [{"Node Type": "Nested Loop", "Parent Relationship": "Outer", "Join Type": "Inner", "Startup Cost": 83163.2, "Total Cost": 199075.04, "Plan Rows": 13, "Plan Width": 24, "Inner Unique": true, "Plans": [{"Node Type": "Nested Loop", "Parent Relationship": "Outer", "Join Type": "Inner", "Startup Cost": 83162.94, "Total Cost": 198471.17, "Plan Rows": 141, "Plan Width": 28, "Inner Unique": false, "Join Filter": "(n.id = ci.person_id)", "Plans": [{"Node Type": "Nested Loop", "Parent Relationship": "Outer", "Join Type": "Inner", "Startup Cost": 83161.94, "Total Cost": 197857.98, "Plan Rows": 115, "Plan Width": 24, "Inner Unique": false, "Plans": [{"Node Type": "Bitmap Heap Scan", "Parent Relationship": "Outer", "Relation Name": "name", "Alias": "n", "Startup Cost": 83157.72, "Total Cost": 197067.07, "Plan Rows": 96, "Plan Width": 4, "Filter": "(((name)::text ~~ '%Ang%'::text) AND ((gender)::text = 'f'::text))", "Plans": [{"Node Type": "Bitmap Index Scan", "Parent Relationship": "Outer", "Index Name": "name_pkey", "Startup Cost": 0.0, "Total Cost": 83157.7, "Plan Rows": 4167490, "Plan Width": 0}]}, {"Node Type": "Bitmap Heap Scan", "Parent Relationship": "Inner", "Relation Name": "aka_name", "Alias": "an", "Startup Cost": 4.22, "Total Cost": 8.23, "Plan Rows": 1, "Plan Width": 20, "Recheck Cond": "(person_id = n.id)", "Plans": [{"Node Type": "Bitmap Index Scan", "Parent Relationship": "Outer", "Index Name": "person_id_aka_name", "Startup Cost": 0.0, "Total Cost": 4.22, "Plan Rows": 1, "Plan Width": 0, "Index Cond": "(person_id = n.id)"}]}]}, {"Node Type": "Bitmap Heap Scan", "Parent Relationship": "Inner", "Relation Name": "cast_info", "Alias": "ci", "Startup Cost": 1.0, "Total Cost": 5.32, "Plan Rows": 1, "Plan Width": 16, "Recheck Cond": "(person_id = an.person_id)", "Filter": "((note)::text = ANY ('{(voice),\"(voice: Japanese version)\",\"(voice) (uncredited)\",\"(voice: English version)\"}'::text[]))", "Plans": [{"Node Type": "Bitmap Index Scan", "Parent Relationship": "Outer", "Index Name": "person_id_cast_info", "Startup Cost": 0.0, "Total Cost": 1.0, "Plan Rows": 18, "Plan Width": 0, "Index Cond": "(person_id = an.person_id)"}]}]}, {"Node Type": "Bitmap Heap Scan", "Parent Relationship": "Inner", "Relation Name": "role_type", "Alias": "rt", "Startup Cost": 0.26, "Total Cost": 4.27, "Plan Rows": 1, "Plan Width": 4, "Recheck Cond": "(id = ci.role_id)", "Filter": "((role)::text = 'actress'::text)", "Plans": [{"Node Type": "Bitmap Index Scan", "Parent Relationship": "Outer", "Index Name": "role_type_pkey", "Startup Cost": 0.0, "Total Cost": 0.26, "Plan Rows": 1, "Plan Width": 0, "Index Cond": "(id = ci.role_id)"}]}]}, {"Node Type": "Bitmap Heap Scan", "Parent Relationship": "Inner", "Relation Name": "movie_companies", "Alias": "mc", "Startup Cost": 0.31, "Total Cost": 4.35, "Plan Rows": 1, "Plan Width": 8, "Recheck Cond": "(movie_id = ci.movie_id)", "Filter": "((note IS NOT NULL) AND (((note)::text ~~ '%(USA)%'::text) OR ((note)::text ~~ '%(worldwide)%'::text)))", "Plans": [{"Node Type": "Bitmap Index Scan", "Parent Relationship": "Outer", "Index Name": "movie_id_movie_companies", "Startup Cost": 0.0, "Total Cost": 0.31, "Plan Rows": 2, "Plan Width": 0, "Index Cond": "(movie_id = ci.movie_id)"}]}]}, {"Node Type": "Bitmap Heap Scan", "Parent Relationship": "Inner", "Relation Name": "char_name", "Alias": "chn", "Startup Cost": 0.31, "Total Cost": 4.33, "Plan Rows": 1, "Plan Width": 20, "Recheck Cond": "(id = ci.person_role_id)", "Plans": [{"Node Type": "Bitmap Index Scan", "Parent Relationship": "Outer", "Index Name": "char_name_pkey", "Startup Cost": 0.0, "Total Cost": 0.31, "Plan Rows": 1, "Plan Width": 0, "Index Cond": "(id = ci.person_role_id)"}]}]}, {"Node Type": "Bitmap Heap Scan", "Parent Relationship": "Inner", "Relation Name": "company_name", "Alias": "cn", "Startup Cost": 0.26, "Total Cost": 4.28, "Plan Rows": 1, "Plan Width": 4, "Recheck Cond": "(id = mc.company_id)", "Filter": "((country_code)::text = '[us]'::text)", "Plans": [{"Node Type": "Bitmap Index Scan", "Parent Relationship": "Outer", "Index Name": "company_name_pkey", "Startup Cost": 0.0, "Total Cost": 0.26, "Plan Rows": 1, "Plan Width": 0, "Index Cond": "(id = mc.company_id)"}]}]}, {"Node Type": "Bitmap Heap Scan", "Parent Relationship": "Inner", "Relation Name": "title", "Alias": "t", "Startup Cost": 0.3, "Total Cost": 4.32, "Plan Rows": 1, "Plan Width": 21, "Recheck Cond": "(id = ci.movie_id)", "Filter": "((production_year >= 2005) AND (production_year <= 2015))", "Plans": [{"Node Type": "Bitmap Index Scan", "Parent Relationship": "Outer", "Index Name": "title_pkey", "Startup Cost": 0.0, "Total Cost": 0.3, "Plan Rows": 1, "Plan Width": 0, "Index Cond": "(id = ci.movie_id)"}]}]}]}, "Unique SQL Id": 3431223514, "Planner Runtime": 52}, "explain_analyze_plan": null}, "(16, 24)": {"explain_plan": {"Plan": {"Node Type": "Aggregate", "Strategy": "Plain", "Startup Cost": 23199.8, "Total Cost": 23199.81, "Plan Rows": 1, "Plan Width": 145, "Plans": [{"Node Type": "Nested Loop", "Parent Relationship": "Outer", "Join Type": "Inner", "Startup Cost": 0.0, "Total Cost": 23199.79, "Plan Rows": 1, "Plan Width": 49, "Inner Unique": true, "Plans": [{"Node Type": "Nested Loop", "Parent Relationship": "Outer", "Join Type": "Inner", "Startup Cost": 0.0, "Total Cost": 23199.29, "Plan Rows": 1, "Plan Width": 40, "Inner Unique": true, "Plans": [{"Node Type": "Nested Loop", "Parent Relationship": "Outer", "Join Type": "Inner", "Startup Cost": 0.0, "Total Cost": 23198.64, "Plan Rows": 2, "Plan Width": 44, "Inner Unique": true, "Plans": [{"Node Type": "Nested Loop", "Parent Relationship": "Outer", "Join Type": "Inner", "Startup Cost": 0.0, "Total Cost": 23196.09, "Plan Rows": 5, "Plan Width": 32, "Inner Unique": false, "Plans": [{"Node Type": "Nested Loop", "Parent Relationship": "Outer", "Join Type": "Inner", "Startup Cost": 0.0, "Total Cost": 23190.48, "Plan Rows": 13, "Plan Width": 24, "Inner Unique": false, "Join Filter": "(ci.role_id = rt.id)", "Plans": [{"Node Type": "Seq Scan", "Parent Relationship": "Outer", "Relation Name": "role_type", "Alias": "rt", "Startup Cost": 0.0, "Total Cost": 1.15, "Plan Rows": 1, "Plan Width": 4, "Filter": "((role)::text = 'actress'::text)"}, {"Node Type": "Materialize", "Parent Relationship": "Inner", "Startup Cost": 0.0, "Total Cost": 23187.92, "Plan Rows": 141, "Plan Width": 28, "Plans": [{"Node Type": "Nested Loop", "Parent Relationship": "Outer", "Join Type": "Inner", "Startup Cost": 0.0, "Total Cost": 23187.57, "Plan Rows": 141, "Plan Width": 28, "Inner Unique": false, "Join Filter": "(n.id = ci.person_id)", "Plans": [{"Node Type": "Nested Loop", "Parent Relationship": "Outer", "Join Type": "Inner", "Startup Cost": 0.0, "Total Cost": 22912.29, "Plan Rows": 115, "Plan Width": 24, "Inner Unique": false, "Plans": [{"Node Type": "Streaming(type: LOCAL GATHER dop: 1/16)", "Parent Relationship": "Outer", "Startup Cost": 0.0, "Total Cost": 22121.41, "Plan Rows": 96, "Plan Width": 4, "Plans": [{"Node Type": "Seq Scan", "Parent Relationship": "Outer", "Relation Name": "name", "Alias": "n", "Startup Cost": 0.0, "Total Cost": 22119.33, "Plan Rows": 96, "Plan Width": 4, "Filter": "(((name)::text ~~ '%Ang%'::text) AND ((gender)::text = 'f'::text))"}]}, {"Node Type": "Index Scan", "Parent Relationship": "Inner", "Scan Direction": "Forward", "Index Name": "person_id_aka_name", "Relation Name": "aka_name", "Alias": "an", "Startup Cost": 0.0, "Total Cost": 8.23, "Plan Rows": 1, "Plan Width": 20, "Index Cond": "(person_id = n.id)"}]}, {"Node Type": "Index Scan", "Parent Relationship": "Inner", "Scan Direction": "Forward", "Index Name": "person_id_cast_info", "Relation Name": "cast_info", "Alias": "ci", "Startup Cost": 0.0, "Total Cost": 2.38, "Plan Rows": 1, "Plan Width": 16, "Index Cond": "(person_id = an.person_id)", "Filter": "((note)::text = ANY ('{(voice),\"(voice: Japanese version)\",\"(voice) (uncredited)\",\"(voice: English version)\"}'::text[]))"}]}]}]}, {"Node Type": "Index Scan", "Parent Relationship": "Inner", "Scan Direction": "Forward", "Index Name": "movie_id_movie_companies", "Relation Name": "movie_companies", "Alias": "mc", "Startup Cost": 0.0, "Total Cost": 0.42, "Plan Rows": 1, "Plan Width": 8, "Index Cond": "(movie_id = ci.movie_id)", "Filter": "((note IS NOT NULL) AND (((note)::text ~~ '%(USA)%'::text) OR ((note)::text ~~ '%(worldwide)%'::text)))"}]}, {"Node Type": "Index Scan", "Parent Relationship": "Inner", "Scan Direction": "Forward", "Index Name": "char_name_pkey", "Relation Name": "char_name", "Alias": "chn", "Startup Cost": 0.0, "Total Cost": 0.5, "Plan Rows": 1, "Plan Width": 20, "Index Cond": "(id = ci.person_role_id)"}]}, {"Node Type": "Index Scan", "Parent Relationship": "Inner", "Scan Direction": "Forward", "Index Name": "company_name_pkey", "Relation Name": "company_name", "Alias": "cn", "Startup Cost": 0.0, "Total Cost": 0.32, "Plan Rows": 1, "Plan Width": 4, "Index Cond": "(id = mc.company_id)", "Filter": "((country_code)::text = '[us]'::text)"}]}, {"Node Type": "Index Scan", "Parent Relationship": "Inner", "Scan Direction": "Forward", "Index Name": "title_pkey", "Relation Name": "title", "Alias": "t", "Startup Cost": 0.0, "Total Cost": 0.49, "Plan Rows": 1, "Plan Width": 21, "Index Cond": "(id = ci.movie_id)", "Filter": "((production_year >= 2005) AND (production_year <= 2015))"}]}]}, "Unique SQL Id": 3431223514, "Planner Runtime": 53}, "explain_analyze_plan": {"Plan": {"Node Type": "Aggregate", "Strategy": "Plain", "Startup Cost": 23199.8, "Total Cost": 23199.81, "Plan Rows": 1, "Plan Width": 145, "Actual Min Startup Time": 189.942, "Actual Max Startup Time": 189.942, "Actual Min Total Time": 189.942, "Actual Max Total Time": 189.942, "Plans": [{"Node Type": "Nested Loop", "Parent Relationship": "Outer", "Join Type": "Inner", "Startup Cost": 0.0, "Total Cost": 23199.79, "Plan Rows": 1, "Plan Width": 49, "Actual Min Startup Time": 181.099, "Actual Max Startup Time": 181.099, "Actual Min Total Time": 189.781, "Actual Max Total Time": 189.781, "Inner Unique": true, "Plans": [{"Node Type": "Nested Loop", "Parent Relationship": "Outer", "Join Type": "Inner", "Startup Cost": 0.0, "Total Cost": 23199.29, "Plan Rows": 1, "Plan Width": 40, "Actual Min Startup Time": 180.812, "Actual Max Startup Time": 180.812, "Actual Min Total Time": 188.094, "Actual Max Total Time": 188.094, "Inner Unique": true, "Plans": [{"Node Type": "Nested Loop", "Parent Relationship": "Outer", "Join Type": "Inner", "Startup Cost": 0.0, "Total Cost": 23198.64, "Plan Rows": 2, "Plan Width": 44, "Actual Min Startup Time": 180.793, "Actual Max Startup Time": 180.793, "Actual Min Total Time": 186.568, "Actual Max Total Time": 186.568, "Inner Unique": true, "Plans": [{"Node Type": "Nested Loop", "Parent Relationship": "Outer", "Join Type": "Inner", "Startup Cost": 0.0, "Total Cost": 23196.09, "Plan Rows": 5, "Plan Width": 32, "Actual Min Startup Time": 180.775, "Actual Max Startup Time": 180.775, "Actual Min Total Time": 185.027, "Actual Max Total Time": 185.027, "Inner Unique": false, "Plans": [{"Node Type": "Nested Loop", "Parent Relationship": "Outer", "Join Type": "Inner", "Startup Cost": 0.0, "Total Cost": 23190.48, "Plan Rows": 13, "Plan Width": 24, "Actual Min Startup Time": 180.727, "Actual Max Startup Time": 180.727, "Actual Min Total Time": 181.011, "Actual Max Total Time": 181.011, "Inner Unique": false, "Join Filter": "(ci.role_id = rt.id)", "Rows Removed by Join Filter": 0, "Plans": [{"Node Type": "Seq Scan", "Parent Relationship": "Outer", "Relation Name": "role_type", "Alias": "rt", "Startup Cost": 0.0, "Total Cost": 1.15, "Plan Rows": 1, "Plan Width": 4, "Actual Min Startup Time": 0.028, "Actual Max Startup Time": 0.028, "Actual Min Total Time": 0.033, "Actual Max Total Time": 0.033, "Filter": "((role)::text = 'actress'::text)", "Rows Removed by Filter": 11, "Actual Rows": 1}, {"Node Type": "Materialize", "Parent Relationship": "Inner", "Startup Cost": 0.0, "Total Cost": 23187.92, "Plan Rows": 141, "Plan Width": 28, "Actual Min Startup Time": 180.682, "Actual Max Startup Time": 180.682, "Actual Min Total Time": 180.754, "Actual Max Total Time": 180.754, "Plans": [{"Node Type": "Nested Loop", "Parent Relationship": "Outer", "Join Type": "Inner", "Startup Cost": 0.0, "Total Cost": 23187.57, "Plan Rows": 141, "Plan Width": 28, "Actual Min Startup Time": 60.138, "Actual Max Startup Time": 60.138, "Actual Min Total Time": 180.446, "Actual Max Total Time": 180.446, "Inner Unique": false, "Join Filter": "(n.id = ci.person_id)", "Rows Removed by Join Filter": 0, "Plans": [{"Node Type": "Nested Loop", "Parent Relationship": "Outer", "Join Type": "Inner", "Startup Cost": 0.0, "Total Cost": 22912.29, "Plan Rows": 115, "Plan Width": 24, "Actual Min Startup Time": 58.849, "Actual Max Startup Time": 58.849, "Actual Min Total Time": 130.527, "Actual Max Total Time": 130.527, "Inner Unique": false, "Plans": [{"Node Type": "Streaming(type: LOCAL GATHER dop: 1/16)", "Parent Relationship": "Outer", "Startup Cost": 0.0, "Total Cost": 22121.41, "Plan Rows": 96, "Plan Width": 4, "Actual Min Startup Time": 58.768, "Actual Max Startup Time": 58.768, "Actual Min Total Time": 108.328, "Actual Max Total Time": 108.328, "Plans": [{"Node Type": "Seq Scan", "Parent Relationship": "Outer", "Relation Name": "name", "Alias": "n", "Startup Cost": 0.0, "Total Cost": 22119.33, "Plan Rows": 96, "Plan Width": 4, "Actual Min Startup Time": 40.816, "Actual Max Startup Time": 45.066, "Actual Min Total Time": 101.069, "Actual Max Total Time": 105.932, "Filter": "(((name)::text ~~ '%Ang%'::text) AND ((gender)::text = 'f'::text))", "Rows Removed by Filter": 4160722, "Actual Rows": 6768}], "Actual Rows": 6768}, {"Node Type": "Index Scan", "Parent Relationship": "Inner", "Scan Direction": "Forward", "Index Name": "person_id_aka_name", "Relation Name": "aka_name", "Alias": "an", "Startup Cost": 0.0, "Total Cost": 8.23, "Plan Rows": 1, "Plan Width": 20, "Actual Min Startup Time": 17.88, "Actual Max Startup Time": 17.88, "Actual Min Total Time": 18.692, "Actual Max Total Time": 18.692, "Index Cond": "(person_id = n.id)", "Rows Removed by Index Recheck": 0, "Actual Rows": 1558}], "Actual Rows": 1558}, {"Node Type": "Index Scan", "Parent Relationship": "Inner", "Scan Direction": "Forward", "Index Name": "person_id_cast_info", "Relation Name": "cast_info", "Alias": "ci", "Startup Cost": 0.0, "Total Cost": 2.38, "Plan Rows": 1, "Plan Width": 16, "Actual Min Startup Time": 44.25, "Actual Max Startup Time": 44.25, "Actual Min Total Time": 48.899, "Actual Max Total Time": 48.899, "Index Cond": "(person_id = an.person_id)", "Rows Removed by Index Recheck": 0, "Filter": "((note)::text = ANY ('{(voice),\"(voice: Japanese version)\",\"(voice) (uncredited)\",\"(voice: English version)\"}'::text[]))", "Rows Removed by Filter": 69057, "Actual Rows": 425}], "Actual Rows": 425}], "Actual Rows": 426}], "Actual Rows": 425}, {"Node Type": "Index Scan", "Parent Relationship": "Inner", "Scan Direction": "Forward", "Index Name": "movie_id_movie_companies", "Relation Name": "movie_companies", "Alias": "mc", "Startup Cost": 0.0, "Total Cost": 0.42, "Plan Rows": 1, "Plan Width": 8, "Actual Min Startup Time": 2.606, "Actual Max Startup Time": 2.606, "Actual Min Total Time": 3.712, "Actual Max Total Time": 3.712, "Index Cond": "(movie_id = ci.movie_id)", "Rows Removed by Index Recheck": 0, "Filter": "((note IS NOT NULL) AND (((note)::text ~~ '%(USA)%'::text) OR ((note)::text ~~ '%(worldwide)%'::text)))", "Rows Removed by Filter": 1538, "Actual Rows": 373}], "Actual Rows": 373}, {"Node Type": "Index Scan", "Parent Relationship": "Inner", "Scan Direction": "Forward", "Index Name": "char_name_pkey", "Relation Name": "char_name", "Alias": "chn", "Startup Cost": 0.0, "Total Cost": 0.5, "Plan Rows": 1, "Plan Width": 20, "Actual Min Startup Time": 1.235, "Actual Max Startup Time": 1.235, "Actual Min Total Time": 1.235, "Actual Max Total Time": 1.235, "Index Cond": "(id = ci.person_role_id)", "Rows Removed by Index Recheck": 0, "Actual Rows": 348}], "Actual Rows": 348}, {"Node Type": "Index Scan", "Parent Relationship": "Inner", "Scan Direction": "Forward", "Index Name": "company_name_pkey", "Relation Name": "company_name", "Alias": "cn", "Startup Cost": 0.0, "Total Cost": 0.32, "Plan Rows": 1, "Plan Width": 4, "Actual Min Startup Time": 1.254, "Actual Max Startup Time": 1.254, "Actual Min Total Time": 1.254, "Actual Max Total Time": 1.254, "Index Cond": "(id = mc.company_id)", "Rows Removed by Index Recheck": 0, "Filter": "((country_code)::text = '[us]'::text)", "Rows Removed by Filter": 7, "Actual Rows": 341}], "Actual Rows": 341}, {"Node Type": "Index Scan", "Parent Relationship": "Inner", "Scan Direction": "Forward", "Index Name": "title_pkey", "Relation Name": "title", "Alias": "t", "Startup Cost": 0.0, "Total Cost": 0.49, "Plan Rows": 1, "Plan Width": 21, "Actual Min Startup Time": 1.456, "Actual Max Startup Time": 1.456, "Actual Min Total Time": 1.456, "Actual Max Total Time": 1.456, "Index Cond": "(id = ci.movie_id)", "Rows Removed by Index Recheck": 0, "Filter": "((production_year >= 2005) AND (production_year <= 2015))", "Rows Removed by Filter": 220, "Actual Rows": 121}], "Actual Rows": 121}], "Actual Rows": 1}, "Triggers": [], "Planner Runtime": 144, "Total Runtime": 193.165, "Unique SQL Id": 3431223514}}, "(16, 25)": {"explain_plan": {"Plan": {"Node Type": "Aggregate", "Strategy": "Plain", "Startup Cost": 154556.1, "Total Cost": 154556.11, "Plan Rows": 1, "Plan Width": 145, "Plans": [{"Node Type": "Nested Loop", "Parent Relationship": "Outer", "Join Type": "Inner", "Startup Cost": 0.0, "Total Cost": 154556.09, "Plan Rows": 1, "Plan Width": 49, "Inner Unique": true, "Plans": [{"Node Type": "Nested Loop", "Parent Relationship": "Outer", "Join Type": "Inner", "Startup Cost": 0.0, "Total Cost": 154555.59, "Plan Rows": 1, "Plan Width": 40, "Inner Unique": true, "Plans": [{"Node Type": "Nested Loop", "Parent Relationship": "Outer", "Join Type": "Inner", "Startup Cost": 0.0, "Total Cost": 154554.58, "Plan Rows": 2, "Plan Width": 28, "Inner Unique": true, "Plans": [{"Node Type": "Nested Loop", "Parent Relationship": "Outer", "Join Type": "Inner", "Startup Cost": 0.0, "Total Cost": 154552.94, "Plan Rows": 5, "Plan Width": 32, "Inner Unique": false, "Plans": [{"Node Type": "Nested Loop", "Parent Relationship": "Outer", "Join Type": "Inner", "Startup Cost": 0.0, "Total Cost": 154547.33, "Plan Rows": 13, "Plan Width": 24, "Inner Unique": false, "Join Filter": "(ci.role_id = rt.id)", "Plans": [{"Node Type": "Index Scan", "Parent Relationship": "Outer", "Scan Direction": "Forward", "Index Name": "role_type_pkey", "Relation Name": "role_type", "Alias": "rt", "Startup Cost": 0.0, "Total Cost": 12.46, "Plan Rows": 1, "Plan Width": 4, "Filter": "((role)::text = 'actress'::text)"}, {"Node Type": "Materialize", "Parent Relationship": "Inner", "Startup Cost": 0.0, "Total Cost": 154533.46, "Plan Rows": 141, "Plan Width": 28, "Plans": [{"Node Type": "Nested Loop", "Parent Relationship": "Outer", "Join Type": "Inner", "Startup Cost": 0.0, "Total Cost": 154533.1, "Plan Rows": 141, "Plan Width": 28, "Inner Unique": false, "Join Filter": "(n.id = ci.person_id)", "Plans": [{"Node Type": "Nested Loop", "Parent Relationship": "Outer", "Join Type": "Inner", "Startup Cost": 0.0, "Total Cost": 154257.82, "Plan Rows": 115, "Plan Width": 24, "Inner Unique": false, "Plans": [{"Node Type": "Streaming(type: LOCAL GATHER dop: 1/16)", "Parent Relationship": "Outer", "Startup Cost": 0.0, "Total Cost": 153466.94, "Plan Rows": 96, "Plan Width": 4, "Plans": [{"Node Type": "Index Scan", "Parent Relationship": "Outer", "Scan Direction": "Forward", "Index Name": "name_pkey", "Relation Name": "name", "Alias": "n", "Startup Cost": 0.0, "Total Cost": 153464.87, "Plan Rows": 96, "Plan Width": 4, "Filter": "(((name)::text ~~ '%Ang%'::text) AND ((gender)::text = 'f'::text))"}]}, {"Node Type": "Index Scan", "Parent Relationship": "Inner", "Scan Direction": "Forward", "Index Name": "person_id_aka_name", "Relation Name": "aka_name", "Alias": "an", "Startup Cost": 0.0, "Total Cost": 8.23, "Plan Rows": 1, "Plan Width": 20, "Index Cond": "(person_id = n.id)"}]}, {"Node Type": "Index Scan", "Parent Relationship": "Inner", "Scan Direction": "Forward", "Index Name": "person_id_cast_info", "Relation Name": "cast_info", "Alias": "ci", "Startup Cost": 0.0, "Total Cost": 2.38, "Plan Rows": 1, "Plan Width": 16, "Index Cond": "(person_id = an.person_id)", "Filter": "((note)::text = ANY ('{(voice),\"(voice: Japanese version)\",\"(voice) (uncredited)\",\"(voice: English version)\"}'::text[]))"}]}]}]}, {"Node Type": "Index Scan", "Parent Relationship": "Inner", "Scan Direction": "Forward", "Index Name": "movie_id_movie_companies", "Relation Name": "movie_companies", "Alias": "mc", "Startup Cost": 0.0, "Total Cost": 0.42, "Plan Rows": 1, "Plan Width": 8, "Index Cond": "(movie_id = ci.movie_id)", "Filter": "((note IS NOT NULL) AND (((note)::text ~~ '%(USA)%'::text) OR ((note)::text ~~ '%(worldwide)%'::text)))"}]}, {"Node Type": "Index Scan", "Parent Relationship": "Inner", "Scan Direction": "Forward", "Index Name": "company_name_pkey", "Relation Name": "company_name", "Alias": "cn", "Startup Cost": 0.0, "Total Cost": 0.32, "Plan Rows": 1, "Plan Width": 4, "Index Cond": "(id = mc.company_id)", "Filter": "((country_code)::text = '[us]'::text)"}]}, {"Node Type": "Index Scan", "Parent Relationship": "Inner", "Scan Direction": "Forward", "Index Name": "char_name_pkey", "Relation Name": "char_name", "Alias": "chn", "Startup Cost": 0.0, "Total Cost": 0.5, "Plan Rows": 1, "Plan Width": 20, "Index Cond": "(id = ci.person_role_id)"}]}, {"Node Type": "Index Scan", "Parent Relationship": "Inner", "Scan Direction": "Forward", "Index Name": "title_pkey", "Relation Name": "title", "Alias": "t", "Startup Cost": 0.0, "Total Cost": 0.49, "Plan Rows": 1, "Plan Width": 21, "Index Cond": "(id = ci.movie_id)", "Filter": "((production_year >= 2005) AND (production_year <= 2015))"}]}]}, "Unique SQL Id": 3431223514, "Planner Runtime": 55}, "explain_analyze_plan": {"Plan": {"Node Type": "Aggregate", "Strategy": "Plain", "Startup Cost": 154556.1, "Total Cost": 154556.11, "Plan Rows": 1, "Plan Width": 145, "Actual Min Startup Time": 381.158, "Actual Max Startup Time": 381.158, "Actual Min Total Time": 381.159, "Actual Max Total Time": 381.159, "Plans": [{"Node Type": "Nested Loop", "Parent Relationship": "Outer", "Join Type": "Inner", "Startup Cost": 0.0, "Total Cost": 154556.09, "Plan Rows": 1, "Plan Width": 49, "Actual Min Startup Time": 371.852, "Actual Max Startup Time": 371.852, "Actual Min Total Time": 381.01, "Actual Max Total Time": 381.01, "Inner Unique": true, "Plans": [{"Node Type": "Nested Loop", "Parent Relationship": "Outer", "Join Type": "Inner", "Startup Cost": 0.0, "Total Cost": 154555.59, "Plan Rows": 1, "Plan Width": 40, "Actual Min Startup Time": 370.918, "Actual Max Startup Time": 370.918, "Actual Min Total Time": 379.017, "Actual Max Total Time": 379.017, "Inner Unique": true, "Plans": [{"Node Type": "Nested Loop", "Parent Relationship": "Outer", "Join Type": "Inner", "Startup Cost": 0.0, "Total Cost": 154554.58, "Plan Rows": 2, "Plan Width": 28, "Actual Min Startup Time": 370.897, "Actual Max Startup Time": 370.897, "Actual Min Total Time": 377.445, "Actual Max Total Time": 377.445, "Inner Unique": true, "Plans": [{"Node Type": "Nested Loop", "Parent Relationship": "Outer", "Join Type": "Inner", "Startup Cost": 0.0, "Total Cost": 154552.94, "Plan Rows": 5, "Plan Width": 32, "Actual Min Startup Time": 370.872, "Actual Max Startup Time": 370.872, "Actual Min Total Time": 375.543, "Actual Max Total Time": 375.543, "Inner Unique": false, "Plans": [{"Node Type": "Nested Loop", "Parent Relationship": "Outer", "Join Type": "Inner", "Startup Cost": 0.0, "Total Cost": 154547.33, "Plan Rows": 13, "Plan Width": 24, "Actual Min Startup Time": 370.838, "Actual Max Startup Time": 370.838, "Actual Min Total Time": 371.129, "Actual Max Total Time": 371.129, "Inner Unique": false, "Join Filter": "(ci.role_id = rt.id)", "Rows Removed by Join Filter": 0, "Plans": [{"Node Type": "Index Scan", "Parent Relationship": "Outer", "Scan Direction": "Forward", "Index Name": "role_type_pkey", "Relation Name": "role_type", "Alias": "rt", "Startup Cost": 0.0, "Total Cost": 12.46, "Plan Rows": 1, "Plan Width": 4, "Actual Min Startup Time": 0.027, "Actual Max Startup Time": 0.027, "Actual Min Total Time": 0.034, "Actual Max Total Time": 0.034, "Filter": "((role)::text = 'actress'::text)", "Rows Removed by Filter": 11, "Actual Rows": 1}, {"Node Type": "Materialize", "Parent Relationship": "Inner", "Startup Cost": 0.0, "Total Cost": 154533.46, "Plan Rows": 141, "Plan Width": 28, "Actual Min Startup Time": 370.792, "Actual Max Startup Time": 370.792, "Actual Min Total Time": 370.871, "Actual Max Total Time": 370.871, "Plans": [{"Node Type": "Nested Loop", "Parent Relationship": "Outer", "Join Type": "Inner", "Startup Cost": 0.0, "Total Cost": 154533.1, "Plan Rows": 141, "Plan Width": 28, "Actual Min Startup Time": 96.425, "Actual Max Startup Time": 96.425, "Actual Min Total Time": 370.541, "Actual Max Total Time": 370.541, "Inner Unique": false, "Join Filter": "(n.id = ci.person_id)", "Rows Removed by Join Filter": 0, "Plans": [{"Node Type": "Nested Loop", "Parent Relationship": "Outer", "Join Type": "Inner", "Startup Cost": 0.0, "Total Cost": 154257.82, "Plan Rows": 115, "Plan Width": 24, "Actual Min Startup Time": 95.83, "Actual Max Startup Time": 95.83, "Actual Min Total Time": 315.879, "Actual Max Total Time": 315.879, "Inner Unique": false, "Plans": [{"Node Type": "Streaming(type: LOCAL GATHER dop: 1/16)", "Parent Relationship": "Outer", "Startup Cost": 0.0, "Total Cost": 153466.94, "Plan Rows": 96, "Plan Width": 4, "Actual Min Startup Time": 95.756, "Actual Max Startup Time": 95.756, "Actual Min Total Time": 293.923, "Actual Max Total Time": 293.923, "Plans": [{"Node Type": "Index Scan", "Parent Relationship": "Outer", "Scan Direction": "Forward", "Index Name": "name_pkey", "Relation Name": "name", "Alias": "n", "Startup Cost": 0.0, "Total Cost": 153464.87, "Plan Rows": 96, "Plan Width": 4, "Actual Min Startup Time": 40.31, "Actual Max Startup Time": 338.836, "Actual Min Total Time": 295.678, "Actual Max Total Time": 338.836, "Filter": "(((name)::text ~~ '%Ang%'::text) AND ((gender)::text = 'f'::text))", "Rows Removed by Filter": 4160722, "Actual Rows": 6768}], "Actual Rows": 6768}, {"Node Type": "Index Scan", "Parent Relationship": "Inner", "Scan Direction": "Forward", "Index Name": "person_id_aka_name", "Relation Name": "aka_name", "Alias": "an", "Startup Cost": 0.0, "Total Cost": 8.23, "Plan Rows": 1, "Plan Width": 20, "Actual Min Startup Time": 17.357, "Actual Max Startup Time": 17.357, "Actual Min Total Time": 18.22, "Actual Max Total Time": 18.22, "Index Cond": "(person_id = n.id)", "Rows Removed by Index Recheck": 0, "Actual Rows": 1558}], "Actual Rows": 1558}, {"Node Type": "Index Scan", "Parent Relationship": "Inner", "Scan Direction": "Forward", "Index Name": "person_id_cast_info", "Relation Name": "cast_info", "Alias": "ci", "Startup Cost": 0.0, "Total Cost": 2.38, "Plan Rows": 1, "Plan Width": 16, "Actual Min Startup Time": 48.528, "Actual Max Startup Time": 48.528, "Actual Min Total Time": 53.577, "Actual Max Total Time": 53.577, "Index Cond": "(person_id = an.person_id)", "Rows Removed by Index Recheck": 0, "Filter": "((note)::text = ANY ('{(voice),\"(voice: Japanese version)\",\"(voice) (uncredited)\",\"(voice: English version)\"}'::text[]))", "Rows Removed by Filter": 69057, "Actual Rows": 425}], "Actual Rows": 425}], "Actual Rows": 426}], "Actual Rows": 425}, {"Node Type": "Index Scan", "Parent Relationship": "Inner", "Scan Direction": "Forward", "Index Name": "movie_id_movie_companies", "Relation Name": "movie_companies", "Alias": "mc", "Startup Cost": 0.0, "Total Cost": 0.42, "Plan Rows": 1, "Plan Width": 8, "Actual Min Startup Time": 2.907, "Actual Max Startup Time": 2.907, "Actual Min Total Time": 4.086, "Actual Max Total Time": 4.086, "Index Cond": "(movie_id = ci.movie_id)", "Rows Removed by Index Recheck": 0, "Filter": "((note IS NOT NULL) AND (((note)::text ~~ '%(USA)%'::text) OR ((note)::text ~~ '%(worldwide)%'::text)))", "Rows Removed by Filter": 1538, "Actual Rows": 373}], "Actual Rows": 373}, {"Node Type": "Index Scan", "Parent Relationship": "Inner", "Scan Direction": "Forward", "Index Name": "company_name_pkey", "Relation Name": "company_name", "Alias": "cn", "Startup Cost": 0.0, "Total Cost": 0.32, "Plan Rows": 1, "Plan Width": 4, "Actual Min Startup Time": 1.6, "Actual Max Startup Time": 1.6, "Actual Min Total Time": 1.6, "Actual Max Total Time": 1.6, "Index Cond": "(id = mc.company_id)", "Rows Removed by Index Recheck": 0, "Filter": "((country_code)::text = '[us]'::text)", "Rows Removed by Filter": 14, "Actual Rows": 359}], "Actual Rows": 359}, {"Node Type": "Index Scan", "Parent Relationship": "Inner", "Scan Direction": "Forward", "Index Name": "char_name_pkey", "Relation Name": "char_name", "Alias": "chn", "Startup Cost": 0.0, "Total Cost": 0.5, "Plan Rows": 1, "Plan Width": 20, "Actual Min Startup Time": 1.275, "Actual Max Startup Time": 1.275, "Actual Min Total Time": 1.275, "Actual Max Total Time": 1.275, "Index Cond": "(id = ci.person_role_id)", "Rows Removed by Index Recheck": 0, "Actual Rows": 341}], "Actual Rows": 341}, {"Node Type": "Index Scan", "Parent Relationship": "Inner", "Scan Direction": "Forward", "Index Name": "title_pkey", "Relation Name": "title", "Alias": "t", "Startup Cost": 0.0, "Total Cost": 0.49, "Plan Rows": 1, "Plan Width": 21, "Actual Min Startup Time": 1.749, "Actual Max Startup Time": 1.749, "Actual Min Total Time": 1.749, "Actual Max Total Time": 1.749, "Index Cond": "(id = ci.movie_id)", "Rows Removed by Index Recheck": 0, "Filter": "((production_year >= 2005) AND (production_year <= 2015))", "Rows Removed by Filter": 220, "Actual Rows": 121}], "Actual Rows": 121}], "Actual Rows": 1}, "Triggers": [], "Planner Runtime": 15, "Total Runtime": 384.132, "Unique SQL Id": 3431223514}}, "(16, 26)": {"explain_plan": {"Plan": {"Node Type": "Aggregate", "Strategy": "Plain", "Startup Cost": 278514.53, "Total Cost": 278514.57, "Plan Rows": 1, "Plan Width": 145, "Plans": [{"Node Type": "Streaming(type: LOCAL GATHER dop: 1/16)", "Parent Relationship": "Outer", "Startup Cost": 278514.53, "Total Cost": 278514.57, "Plan Rows": 1, "Plan Width": 145, "Plans": [{"Node Type": "Aggregate", "Strategy": "Plain", "Parent Relationship": "Outer", "Startup Cost": 278514.53, "Total Cost": 278514.54, "Plan Rows": 1, "Plan Width": 145, "Plans": [{"Node Type": "Nested Loop", "Parent Relationship": "Outer", "Join Type": "Inner", "Startup Cost": 86.43, "Total Cost": 278514.52, "Plan Rows": 1, "Plan Width": 49, "Inner Unique": true, "Join Filter": "(ci.movie_id = t.id)", "Plans": [{"Node Type": "Streaming(type: BROADCAST dop: 16/16)", "Parent Relationship": "Outer", "Startup Cost": 0.0, "Total Cost": 258103.53, "Plan Rows": 16, "Plan Width": 40, "Plans": [{"Node Type": "Nested Loop", "Parent Relationship": "Outer", "Join Type": "Inner", "Startup Cost": 0.0, "Total Cost": 243103.49, "Plan Rows": 1, "Plan Width": 40, "Inner Unique": false, "Join Filter": "(n.id = an.person_id)", "Plans": [{"Node Type": "Streaming(type: BROADCAST dop: 16/16)", "Parent Relationship": "Outer", "Startup Cost": 0.0, "Total Cost": 226155.04, "Plan Rows": 16, "Plan Width": 32, "Plans": [{"Node Type": "Nested Loop", "Parent Relationship": "Outer", "Join Type": "Inner", "Startup Cost": 0.0, "Total Cost": 211155.0, "Plan Rows": 1, "Plan Width": 32, "Inner Unique": false, "Join Filter": "(ci.person_role_id = chn.id)", "Plans": [{"Node Type": "Seq Scan", "Parent Relationship": "Outer", "Relation Name": "char_name", "Alias": "chn", "Startup Cost": 0.0, "Total Cost": 19218.34, "Plan Rows": 3140338, "Plan Width": 20}, {"Node Type": "Materialize", "Parent Relationship": "Inner", "Startup Cost": 0.0, "Total Cost": 186048.53, "Plan Rows": 32, "Plan Width": 20, "Plans": [{"Node Type": "Streaming(type: BROADCAST dop: 16/1)", "Parent Relationship": "Outer", "Startup Cost": 0.0, "Total Cost": 186048.52, "Plan Rows": 32, "Plan Width": 20, "Plans": [{"Node Type": "Nested Loop", "Parent Relationship": "Outer", "Join Type": "Inner", "Startup Cost": 0.0, "Total Cost": 171047.83, "Plan Rows": 2, "Plan Width": 20, "Inner Unique": false, "Join Filter": "(mc.company_id = cn.id)", "Plans": [{"Node Type": "Seq Scan", "Parent Relationship": "Outer", "Relation Name": "company_name", "Alias": "cn", "Startup Cost": 0.0, "Total Cost": 5903.45, "Plan Rows": 85170, "Plan Width": 4, "Filter": "((country_code)::text = '[us]'::text)"}, {"Node Type": "Materialize", "Parent Relationship": "Inner", "Startup Cost": 0.0, "Total Cost": 160034.19, "Plan Rows": 4, "Plan Width": 24, "Plans": [{"Node Type": "Streaming(type: LOCAL GATHER dop: 1/16)", "Parent Relationship": "Outer", "Startup Cost": 0.0, "Total Cost": 160034.17, "Plan Rows": 4, "Plan Width": 24, "Plans": [{"Node Type": "Nested Loop", "Parent Relationship": "Outer", "Join Type": "Inner", "Startup Cost": 0.0, "Total Cost": 160034.08, "Plan Rows": 4, "Plan Width": 24, "Inner Unique": false, "Join Filter": "(ci.movie_id = mc.movie_id)", "Plans": [{"Node Type": "Seq Scan", "Parent Relationship": "Outer", "Relation Name": "movie_companies", "Alias": "mc", "Startup Cost": 0.0, "Total Cost": 18428.93, "Plan Rows": 297072, "Plan Width": 8, "Filter": "((note IS NOT NULL) AND (((note)::text ~~ '%(USA)%'::text) OR ((note)::text ~~ '%(worldwide)%'::text))), (LLVM Optimized)"}, {"Node Type": "Materialize", "Parent Relationship": "Inner", "Startup Cost": 0.0, "Total Cost": 138541.62, "Plan Rows": 176, "Plan Width": 16, "Plans": [{"Node Type": "Streaming(type: BROADCAST dop: 16/16)", "Parent Relationship": "Outer", "Startup Cost": 0.0, "Total Cost": 138541.57, "Plan Rows": 176, "Plan Width": 16, "Plans": [{"Node Type": "Nested Loop", "Parent Relationship": "Outer", "Join Type": "Inner", "Startup Cost": 0.0, "Total Cost": 123541.12, "Plan Rows": 11, "Plan Width": 16, "Inner Unique": true, "Join Filter": "(ci.person_id = n.id)", "Plans": [{"Node Type": "Nested Loop", "Parent Relationship": "Outer", "Join Type": "Inner", "Startup Cost": 0.0, "Total Cost": 79600.87, "Plan Rows": 75742, "Plan Width": 12, "Inner Unique": false, "Join Filter": "(ci.role_id = rt.id)", "Plans": [{"Node Type": "Streaming(type: BROADCAST dop: 16/1)", "Parent Relationship": "Outer", "Startup Cost": 0.0, "Total Cost": 15001.5, "Plan Rows": 16, "Plan Width": 4, "Plans": [{"Node Type": "Seq Scan", "Parent Relationship": "Outer", "Relation Name": "role_type", "Alias": "rt", "Startup Cost": 0.0, "Total Cost": 1.15, "Plan Rows": 1, "Plan Width": 4, "Filter": "((role)::text = 'actress'::text)"}]}, {"Node Type": "Seq Scan", "Parent Relationship": "Inner", "Relation Name": "cast_info", "Alias": "ci", "Startup Cost": 0.0, "Total Cost": 63948.46, "Plan Rows": 833163, "Plan Width": 16, "Filter": "((note)::text = ANY ('{(voice),\"(voice: Japanese version)\",\"(voice) (uncredited)\",\"(voice: English version)\"}'::text[]))"}]}, {"Node Type": "Materialize", "Parent Relationship": "Inner", "Startup Cost": 0.0, "Total Cost": 37123.71, "Plan Rows": 1536, "Plan Width": 4, "Plans": [{"Node Type": "Streaming(type: BROADCAST dop: 16/16)", "Parent Relationship": "Outer", "Startup Cost": 0.0, "Total Cost": 37123.23, "Plan Rows": 1536, "Plan Width": 4, "Plans": [{"Node Type": "Seq Scan", "Parent Relationship": "Outer", "Relation Name": "name", "Alias": "n", "Startup Cost": 0.0, "Total Cost": 22119.33, "Plan Rows": 96, "Plan Width": 4, "Filter": "(((name)::text ~~ '%Ang%'::text) AND ((gender)::text = 'f'::text))"}]}]}]}]}]}]}]}]}]}]}]}]}]}, {"Node Type": "Seq Scan", "Parent Relationship": "Inner", "Relation Name": "aka_name", "Alias": "an", "Startup Cost": 0.0, "Total Cost": 16244.28, "Plan Rows": 901342, "Plan Width": 20}]}]}, {"Node Type": "Seq Scan", "Parent Relationship": "Inner", "Relation Name": "title", "Alias": "t", "Startup Cost": 86.43, "Total Cost": 19544.42, "Plan Rows": 1109224, "Plan Width": 21, "Filter": "((production_year >= 2005) AND (production_year <= 2015)), (LLVM Optimized)"}]}]}]}]}, "Unique SQL Id": 3431223514, "Planner Runtime": 42}, "explain_analyze_plan": null}, "(16, 27)": {"explain_plan": {"Plan": {"Node Type": "Aggregate", "Strategy": "Plain", "Startup Cost": 3842119077147.93, "Total Cost": 3842119077147.94, "Plan Rows": 1, "Plan Width": 145, "Plans": [{"Node Type": "Merge Join", "Parent Relationship": "Outer", "Join Type": "Inner", "Startup Cost": 80000000000.0, "Total Cost": 3842119077147.92, "Plan Rows": 2, "Plan Width": 49, "Inner Unique": true, "Merge Cond": "(ci.person_role_id = chn.id)", "Plans": [{"Node Type": "Nested Loop", "Parent Relationship": "Outer", "Join Type": "Inner", "Startup Cost": 70000000000.0, "Total Cost": 7000265204378.85, "Plan Rows": 5, "Plan Width": 37, "Inner Unique": false, "Join Filter": "(n.id = an.person_id)", "Plans": [{"Node Type": "Nested Loop", "Parent Relationship": "Outer", "Join Type": "Inner", "Startup Cost": 60000000000.0, "Total Cost": 6000258251541.54, "Plan Rows": 4, "Plan Width": 29, "Inner Unique": true, "Join Filter": "(ci.movie_id = t.id)", "Plans": [{"Node Type": "Nested Loop", "Parent Relationship": "Outer", "Join Type": "Inner", "Startup Cost": 50000000000.0, "Total Cost": 5000245922648.99, "Plan Rows": 3, "Plan Width": 20, "Inner Unique": true, "Join Filter": "(mc.company_id = cn.id)", "Plans": [{"Node Type": "Nested Loop", "Parent Relationship": "Outer", "Join Type": "Inner", "Startup Cost": 40000000000.0, "Total Cost": 4000244867186.89, "Plan Rows": 4, "Plan Width": 24, "Inner Unique": false, "Join Filter": "(ci.movie_id = mc.movie_id)", "Plans": [{"Node Type": "Nested Loop", "Parent Relationship": "Outer", "Join Type": "Inner", "Startup Cost": 30000000000.0, "Total Cost": 3000231145513.35, "Plan Rows": 11, "Plan Width": 16, "Inner Unique": true, "Join Filter": "(ci.person_id = n.id)", "Plans": [{"Node Type": "Nested Loop", "Parent Relationship": "Outer", "Join Type": "Inner", "Startup Cost": 20000000000.0, "Total Cost": 2000211329424.93, "Plan Rows": 75742, "Plan Width": 12, "Inner Unique": true, "Join Filter": "(ci.role_id = rt.id)", "Plans": [{"Node Type": "Index Scan", "Parent Relationship": "Outer", "Scan Direction": "Forward", "Index Name": "person_role_id_cast_info", "Relation Name": "cast_info", "Alias": "ci", "Startup Cost": 10000000000.0, "Total Cost": 1000211315681.48, "Plan Rows": 833163, "Plan Width": 16, "Filter": "((note)::text = ANY ('{(voice),\"(voice: Japanese version)\",\"(voice) (uncredited)\",\"(voice: English version)\"}'::text[]))"}, {"Node Type": "Materialize", "Parent Relationship": "Inner", "Startup Cost": 10000000000.0, "Total Cost": 1000000001246.0, "Plan Rows": 1, "Plan Width": 4, "Plans": [{"Node Type": "Index Scan", "Parent Relationship": "Outer", "Scan Direction": "Forward", "Index Name": "role_type_pkey", "Relation Name": "role_type", "Alias": "rt", "Startup Cost": 10000000000.0, "Total Cost": 1000000001246.0, "Plan Rows": 1, "Plan Width": 4, "Filter": "((role)::text = 'actress'::text)"}]}]}, {"Node Type": "Materialize", "Parent Relationship": "Inner", "Startup Cost": 10000000000.0, "Total Cost": 1000019707020.18, "Plan Rows": 96, "Plan Width": 4, "Plans": [{"Node Type": "Index Scan", "Parent Relationship": "Outer", "Scan Direction": "Forward", "Index Name": "name_pkey", "Relation Name": "name", "Alias": "n", "Startup Cost": 10000000000.0, "Total Cost": 1000019707019.7, "Plan Rows": 96, "Plan Width": 4, "Filter": "(((name)::text ~~ '%Ang%'::text) AND ((gender)::text = 'f'::text))"}]}]}, {"Node Type": "Materialize", "Parent Relationship": "Inner", "Startup Cost": 10000000000.0, "Total Cost": 1000013673399.34, "Plan Rows": 297072, "Plan Width": 8, "Plans": [{"Node Type": "Index Scan", "Parent Relationship": "Outer", "Scan Direction": "Forward", "Index Name": "company_id_movie_companies", "Relation Name": "movie_companies", "Alias": "mc", "Startup Cost": 10000000000.0, "Total Cost": 1000013671913.98, "Plan Rows": 297072, "Plan Width": 8, "Filter": "((note IS NOT NULL) AND (((note)::text ~~ '%(USA)%'::text) OR ((note)::text ~~ '%(worldwide)%'::text))), (LLVM Optimized)"}]}]}, {"Node Type": "Materialize", "Parent Relationship": "Inner", "Startup Cost": 10000000000.0, "Total Cost": 1000001050564.82, "Plan Rows": 85170, "Plan Width": 4, "Plans": [{"Node Type": "Index Scan", "Parent Relationship": "Outer", "Scan Direction": "Forward", "Index Name": "company_name_pkey", "Relation Name": "company_name", "Alias": "cn", "Startup Cost": 10000000000.0, "Total Cost": 1000001050138.97, "Plan Rows": 85170, "Plan Width": 4, "Filter": "((country_code)::text = '[us]'::text)"}]}]}, {"Node Type": "Materialize", "Parent Relationship": "Inner", "Startup Cost": 10000000000.0, "Total Cost": 1000012281750.53, "Plan Rows": 1109224, "Plan Width": 21, "Plans": [{"Node Type": "Index Scan", "Parent Relationship": "Outer", "Scan Direction": "Forward", "Index Name": "title_pkey", "Relation Name": "title", "Alias": "t", "Startup Cost": 10000000000.0, "Total Cost": 1000012276204.41, "Plan Rows": 1109224, "Plan Width": 21, "Filter": "((production_year >= 2005) AND (production_year <= 2015)), (LLVM Optimized)"}]}]}, {"Node Type": "Materialize", "Parent Relationship": "Inner", "Startup Cost": 10000000000.0, "Total Cost": 1000006901010.14, "Plan Rows": 901342, "Plan Width": 20, "Plans": [{"Node Type": "Index Scan", "Parent Relationship": "Outer", "Scan Direction": "Forward", "Index Name": "person_id_aka_name", "Relation Name": "aka_name", "Alias": "an", "Startup Cost": 10000000000.0, "Total Cost": 1000006896503.43, "Plan Rows": 901342, "Plan Width": 20}]}]}, {"Node Type": "Index Scan", "Parent Relationship": "Inner", "Scan Direction": "Forward", "Index Name": "char_name_pkey", "Relation Name": "char_name", "Alias": "chn", "Startup Cost": 10000000000.0, "Total Cost": 1000012987545.51, "Plan Rows": 3140338, "Plan Width": 20}]}]}, "Unique SQL Id": 3431223514, "Planner Runtime": 159}, "explain_analyze_plan": null}, "(16, 28)": {"explain_plan": {"Plan": {"Node Type": "Aggregate", "Strategy": "Plain", "Startup Cost": 23199.8, "Total Cost": 23199.81, "Plan Rows": 1, "Plan Width": 145, "Plans": [{"Node Type": "Nested Loop", "Parent Relationship": "Outer", "Join Type": "Inner", "Startup Cost": 0.0, "Total Cost": 23199.79, "Plan Rows": 1, "Plan Width": 49, "Inner Unique": true, "Plans": [{"Node Type": "Nested Loop", "Parent Relationship": "Outer", "Join Type": "Inner", "Startup Cost": 0.0, "Total Cost": 23199.29, "Plan Rows": 1, "Plan Width": 40, "Inner Unique": true, "Plans": [{"Node Type": "Nested Loop", "Parent Relationship": "Outer", "Join Type": "Inner", "Startup Cost": 0.0, "Total Cost": 23198.64, "Plan Rows": 2, "Plan Width": 44, "Inner Unique": true, "Plans": [{"Node Type": "Nested Loop", "Parent Relationship": "Outer", "Join Type": "Inner", "Startup Cost": 0.0, "Total Cost": 23196.09, "Plan Rows": 5, "Plan Width": 32, "Inner Unique": false, "Plans": [{"Node Type": "Nested Loop", "Parent Relationship": "Outer", "Join Type": "Inner", "Startup Cost": 0.0, "Total Cost": 23190.48, "Plan Rows": 13, "Plan Width": 24, "Inner Unique": false, "Join Filter": "(ci.role_id = rt.id)", "Plans": [{"Node Type": "Seq Scan", "Parent Relationship": "Outer", "Relation Name": "role_type", "Alias": "rt", "Startup Cost": 0.0, "Total Cost": 1.15, "Plan Rows": 1, "Plan Width": 4, "Filter": "((role)::text = 'actress'::text)"}, {"Node Type": "Materialize", "Parent Relationship": "Inner", "Startup Cost": 0.0, "Total Cost": 23187.92, "Plan Rows": 141, "Plan Width": 28, "Plans": [{"Node Type": "Nested Loop", "Parent Relationship": "Outer", "Join Type": "Inner", "Startup Cost": 0.0, "Total Cost": 23187.57, "Plan Rows": 141, "Plan Width": 28, "Inner Unique": false, "Join Filter": "(n.id = ci.person_id)", "Plans": [{"Node Type": "Nested Loop", "Parent Relationship": "Outer", "Join Type": "Inner", "Startup Cost": 0.0, "Total Cost": 22912.29, "Plan Rows": 115, "Plan Width": 24, "Inner Unique": false, "Plans": [{"Node Type": "Streaming(type: LOCAL GATHER dop: 1/16)", "Parent Relationship": "Outer", "Startup Cost": 0.0, "Total Cost": 22121.41, "Plan Rows": 96, "Plan Width": 4, "Plans": [{"Node Type": "Seq Scan", "Parent Relationship": "Outer", "Relation Name": "name", "Alias": "n", "Startup Cost": 0.0, "Total Cost": 22119.33, "Plan Rows": 96, "Plan Width": 4, "Filter": "(((name)::text ~~ '%Ang%'::text) AND ((gender)::text = 'f'::text))"}]}, {"Node Type": "Index Scan", "Parent Relationship": "Inner", "Scan Direction": "Forward", "Index Name": "person_id_aka_name", "Relation Name": "aka_name", "Alias": "an", "Startup Cost": 0.0, "Total Cost": 8.23, "Plan Rows": 1, "Plan Width": 20, "Index Cond": "(person_id = n.id)"}]}, {"Node Type": "Index Scan", "Parent Relationship": "Inner", "Scan Direction": "Forward", "Index Name": "person_id_cast_info", "Relation Name": "cast_info", "Alias": "ci", "Startup Cost": 0.0, "Total Cost": 2.38, "Plan Rows": 1, "Plan Width": 16, "Index Cond": "(person_id = an.person_id)", "Filter": "((note)::text = ANY ('{(voice),\"(voice: Japanese version)\",\"(voice) (uncredited)\",\"(voice: English version)\"}'::text[]))"}]}]}]}, {"Node Type": "Index Scan", "Parent Relationship": "Inner", "Scan Direction": "Forward", "Index Name": "movie_id_movie_companies", "Relation Name": "movie_companies", "Alias": "mc", "Startup Cost": 0.0, "Total Cost": 0.42, "Plan Rows": 1, "Plan Width": 8, "Index Cond": "(movie_id = ci.movie_id)", "Filter": "((note IS NOT NULL) AND (((note)::text ~~ '%(USA)%'::text) OR ((note)::text ~~ '%(worldwide)%'::text)))"}]}, {"Node Type": "Index Scan", "Parent Relationship": "Inner", "Scan Direction": "Forward", "Index Name": "char_name_pkey", "Relation Name": "char_name", "Alias": "chn", "Startup Cost": 0.0, "Total Cost": 0.5, "Plan Rows": 1, "Plan Width": 20, "Index Cond": "(id = ci.person_role_id)"}]}, {"Node Type": "Index Scan", "Parent Relationship": "Inner", "Scan Direction": "Forward", "Index Name": "company_name_pkey", "Relation Name": "company_name", "Alias": "cn", "Startup Cost": 0.0, "Total Cost": 0.32, "Plan Rows": 1, "Plan Width": 4, "Index Cond": "(id = mc.company_id)", "Filter": "((country_code)::text = '[us]'::text)"}]}, {"Node Type": "Index Scan", "Parent Relationship": "Inner", "Scan Direction": "Forward", "Index Name": "title_pkey", "Relation Name": "title", "Alias": "t", "Startup Cost": 0.0, "Total Cost": 0.49, "Plan Rows": 1, "Plan Width": 21, "Index Cond": "(id = ci.movie_id)", "Filter": "((production_year >= 2005) AND (production_year <= 2015))"}]}]}, "Unique SQL Id": 3431223514, "Planner Runtime": 53}, "explain_analyze_plan": {"Plan": {"Node Type": "Aggregate", "Strategy": "Plain", "Startup Cost": 23199.8, "Total Cost": 23199.81, "Plan Rows": 1, "Plan Width": 145, "Actual Min Startup Time": 189.942, "Actual Max Startup Time": 189.942, "Actual Min Total Time": 189.942, "Actual Max Total Time": 189.942, "Plans": [{"Node Type": "Nested Loop", "Parent Relationship": "Outer", "Join Type": "Inner", "Startup Cost": 0.0, "Total Cost": 23199.79, "Plan Rows": 1, "Plan Width": 49, "Actual Min Startup Time": 181.099, "Actual Max Startup Time": 181.099, "Actual Min Total Time": 189.781, "Actual Max Total Time": 189.781, "Inner Unique": true, "Plans": [{"Node Type": "Nested Loop", "Parent Relationship": "Outer", "Join Type": "Inner", "Startup Cost": 0.0, "Total Cost": 23199.29, "Plan Rows": 1, "Plan Width": 40, "Actual Min Startup Time": 180.812, "Actual Max Startup Time": 180.812, "Actual Min Total Time": 188.094, "Actual Max Total Time": 188.094, "Inner Unique": true, "Plans": [{"Node Type": "Nested Loop", "Parent Relationship": "Outer", "Join Type": "Inner", "Startup Cost": 0.0, "Total Cost": 23198.64, "Plan Rows": 2, "Plan Width": 44, "Actual Min Startup Time": 180.793, "Actual Max Startup Time": 180.793, "Actual Min Total Time": 186.568, "Actual Max Total Time": 186.568, "Inner Unique": true, "Plans": [{"Node Type": "Nested Loop", "Parent Relationship": "Outer", "Join Type": "Inner", "Startup Cost": 0.0, "Total Cost": 23196.09, "Plan Rows": 5, "Plan Width": 32, "Actual Min Startup Time": 180.775, "Actual Max Startup Time": 180.775, "Actual Min Total Time": 185.027, "Actual Max Total Time": 185.027, "Inner Unique": false, "Plans": [{"Node Type": "Nested Loop", "Parent Relationship": "Outer", "Join Type": "Inner", "Startup Cost": 0.0, "Total Cost": 23190.48, "Plan Rows": 13, "Plan Width": 24, "Actual Min Startup Time": 180.727, "Actual Max Startup Time": 180.727, "Actual Min Total Time": 181.011, "Actual Max Total Time": 181.011, "Inner Unique": false, "Join Filter": "(ci.role_id = rt.id)", "Rows Removed by Join Filter": 0, "Plans": [{"Node Type": "Seq Scan", "Parent Relationship": "Outer", "Relation Name": "role_type", "Alias": "rt", "Startup Cost": 0.0, "Total Cost": 1.15, "Plan Rows": 1, "Plan Width": 4, "Actual Min Startup Time": 0.028, "Actual Max Startup Time": 0.028, "Actual Min Total Time": 0.033, "Actual Max Total Time": 0.033, "Filter": "((role)::text = 'actress'::text)", "Rows Removed by Filter": 11, "Actual Rows": 1}, {"Node Type": "Materialize", "Parent Relationship": "Inner", "Startup Cost": 0.0, "Total Cost": 23187.92, "Plan Rows": 141, "Plan Width": 28, "Actual Min Startup Time": 180.682, "Actual Max Startup Time": 180.682, "Actual Min Total Time": 180.754, "Actual Max Total Time": 180.754, "Plans": [{"Node Type": "Nested Loop", "Parent Relationship": "Outer", "Join Type": "Inner", "Startup Cost": 0.0, "Total Cost": 23187.57, "Plan Rows": 141, "Plan Width": 28, "Actual Min Startup Time": 60.138, "Actual Max Startup Time": 60.138, "Actual Min Total Time": 180.446, "Actual Max Total Time": 180.446, "Inner Unique": false, "Join Filter": "(n.id = ci.person_id)", "Rows Removed by Join Filter": 0, "Plans": [{"Node Type": "Nested Loop", "Parent Relationship": "Outer", "Join Type": "Inner", "Startup Cost": 0.0, "Total Cost": 22912.29, "Plan Rows": 115, "Plan Width": 24, "Actual Min Startup Time": 58.849, "Actual Max Startup Time": 58.849, "Actual Min Total Time": 130.527, "Actual Max Total Time": 130.527, "Inner Unique": false, "Plans": [{"Node Type": "Streaming(type: LOCAL GATHER dop: 1/16)", "Parent Relationship": "Outer", "Startup Cost": 0.0, "Total Cost": 22121.41, "Plan Rows": 96, "Plan Width": 4, "Actual Min Startup Time": 58.768, "Actual Max Startup Time": 58.768, "Actual Min Total Time": 108.328, "Actual Max Total Time": 108.328, "Plans": [{"Node Type": "Seq Scan", "Parent Relationship": "Outer", "Relation Name": "name", "Alias": "n", "Startup Cost": 0.0, "Total Cost": 22119.33, "Plan Rows": 96, "Plan Width": 4, "Actual Min Startup Time": 40.816, "Actual Max Startup Time": 45.066, "Actual Min Total Time": 101.069, "Actual Max Total Time": 105.932, "Filter": "(((name)::text ~~ '%Ang%'::text) AND ((gender)::text = 'f'::text))", "Rows Removed by Filter": 4160722, "Actual Rows": 6768}], "Actual Rows": 6768}, {"Node Type": "Index Scan", "Parent Relationship": "Inner", "Scan Direction": "Forward", "Index Name": "person_id_aka_name", "Relation Name": "aka_name", "Alias": "an", "Startup Cost": 0.0, "Total Cost": 8.23, "Plan Rows": 1, "Plan Width": 20, "Actual Min Startup Time": 17.88, "Actual Max Startup Time": 17.88, "Actual Min Total Time": 18.692, "Actual Max Total Time": 18.692, "Index Cond": "(person_id = n.id)", "Rows Removed by Index Recheck": 0, "Actual Rows": 1558}], "Actual Rows": 1558}, {"Node Type": "Index Scan", "Parent Relationship": "Inner", "Scan Direction": "Forward", "Index Name": "person_id_cast_info", "Relation Name": "cast_info", "Alias": "ci", "Startup Cost": 0.0, "Total Cost": 2.38, "Plan Rows": 1, "Plan Width": 16, "Actual Min Startup Time": 44.25, "Actual Max Startup Time": 44.25, "Actual Min Total Time": 48.899, "Actual Max Total Time": 48.899, "Index Cond": "(person_id = an.person_id)", "Rows Removed by Index Recheck": 0, "Filter": "((note)::text = ANY ('{(voice),\"(voice: Japanese version)\",\"(voice) (uncredited)\",\"(voice: English version)\"}'::text[]))", "Rows Removed by Filter": 69057, "Actual Rows": 425}], "Actual Rows": 425}], "Actual Rows": 426}], "Actual Rows": 425}, {"Node Type": "Index Scan", "Parent Relationship": "Inner", "Scan Direction": "Forward", "Index Name": "movie_id_movie_companies", "Relation Name": "movie_companies", "Alias": "mc", "Startup Cost": 0.0, "Total Cost": 0.42, "Plan Rows": 1, "Plan Width": 8, "Actual Min Startup Time": 2.606, "Actual Max Startup Time": 2.606, "Actual Min Total Time": 3.712, "Actual Max Total Time": 3.712, "Index Cond": "(movie_id = ci.movie_id)", "Rows Removed by Index Recheck": 0, "Filter": "((note IS NOT NULL) AND (((note)::text ~~ '%(USA)%'::text) OR ((note)::text ~~ '%(worldwide)%'::text)))", "Rows Removed by Filter": 1538, "Actual Rows": 373}], "Actual Rows": 373}, {"Node Type": "Index Scan", "Parent Relationship": "Inner", "Scan Direction": "Forward", "Index Name": "char_name_pkey", "Relation Name": "char_name", "Alias": "chn", "Startup Cost": 0.0, "Total Cost": 0.5, "Plan Rows": 1, "Plan Width": 20, "Actual Min Startup Time": 1.235, "Actual Max Startup Time": 1.235, "Actual Min Total Time": 1.235, "Actual Max Total Time": 1.235, "Index Cond": "(id = ci.person_role_id)", "Rows Removed by Index Recheck": 0, "Actual Rows": 348}], "Actual Rows": 348}, {"Node Type": "Index Scan", "Parent Relationship": "Inner", "Scan Direction": "Forward", "Index Name": "company_name_pkey", "Relation Name": "company_name", "Alias": "cn", "Startup Cost": 0.0, "Total Cost": 0.32, "Plan Rows": 1, "Plan Width": 4, "Actual Min Startup Time": 1.254, "Actual Max Startup Time": 1.254, "Actual Min Total Time": 1.254, "Actual Max Total Time": 1.254, "Index Cond": "(id = mc.company_id)", "Rows Removed by Index Recheck": 0, "Filter": "((country_code)::text = '[us]'::text)", "Rows Removed by Filter": 7, "Actual Rows": 341}], "Actual Rows": 341}, {"Node Type": "Index Scan", "Parent Relationship": "Inner", "Scan Direction": "Forward", "Index Name": "title_pkey", "Relation Name": "title", "Alias": "t", "Startup Cost": 0.0, "Total Cost": 0.49, "Plan Rows": 1, "Plan Width": 21, "Actual Min Startup Time": 1.456, "Actual Max Startup Time": 1.456, "Actual Min Total Time": 1.456, "Actual Max Total Time": 1.456, "Index Cond": "(id = ci.movie_id)", "Rows Removed by Index Recheck": 0, "Filter": "((production_year >= 2005) AND (production_year <= 2015))", "Rows Removed by Filter": 220, "Actual Rows": 121}], "Actual Rows": 121}], "Actual Rows": 1}, "Triggers": [], "Planner Runtime": 144, "Total Runtime": 193.165, "Unique SQL Id": 3431223514}}, "(16, 29)": {"explain_plan": {"Plan": {"Node Type": "Aggregate", "Strategy": "Plain", "Startup Cost": 154556.1, "Total Cost": 154556.11, "Plan Rows": 1, "Plan Width": 145, "Plans": [{"Node Type": "Nested Loop", "Parent Relationship": "Outer", "Join Type": "Inner", "Startup Cost": 0.0, "Total Cost": 154556.09, "Plan Rows": 1, "Plan Width": 49, "Inner Unique": true, "Plans": [{"Node Type": "Nested Loop", "Parent Relationship": "Outer", "Join Type": "Inner", "Startup Cost": 0.0, "Total Cost": 154555.59, "Plan Rows": 1, "Plan Width": 40, "Inner Unique": true, "Plans": [{"Node Type": "Nested Loop", "Parent Relationship": "Outer", "Join Type": "Inner", "Startup Cost": 0.0, "Total Cost": 154554.58, "Plan Rows": 2, "Plan Width": 28, "Inner Unique": true, "Plans": [{"Node Type": "Nested Loop", "Parent Relationship": "Outer", "Join Type": "Inner", "Startup Cost": 0.0, "Total Cost": 154552.94, "Plan Rows": 5, "Plan Width": 32, "Inner Unique": false, "Plans": [{"Node Type": "Nested Loop", "Parent Relationship": "Outer", "Join Type": "Inner", "Startup Cost": 0.0, "Total Cost": 154547.33, "Plan Rows": 13, "Plan Width": 24, "Inner Unique": false, "Join Filter": "(ci.role_id = rt.id)", "Plans": [{"Node Type": "Index Scan", "Parent Relationship": "Outer", "Scan Direction": "Forward", "Index Name": "role_type_pkey", "Relation Name": "role_type", "Alias": "rt", "Startup Cost": 0.0, "Total Cost": 12.46, "Plan Rows": 1, "Plan Width": 4, "Filter": "((role)::text = 'actress'::text)"}, {"Node Type": "Materialize", "Parent Relationship": "Inner", "Startup Cost": 0.0, "Total Cost": 154533.46, "Plan Rows": 141, "Plan Width": 28, "Plans": [{"Node Type": "Nested Loop", "Parent Relationship": "Outer", "Join Type": "Inner", "Startup Cost": 0.0, "Total Cost": 154533.1, "Plan Rows": 141, "Plan Width": 28, "Inner Unique": false, "Join Filter": "(n.id = ci.person_id)", "Plans": [{"Node Type": "Nested Loop", "Parent Relationship": "Outer", "Join Type": "Inner", "Startup Cost": 0.0, "Total Cost": 154257.82, "Plan Rows": 115, "Plan Width": 24, "Inner Unique": false, "Plans": [{"Node Type": "Streaming(type: LOCAL GATHER dop: 1/16)", "Parent Relationship": "Outer", "Startup Cost": 0.0, "Total Cost": 153466.94, "Plan Rows": 96, "Plan Width": 4, "Plans": [{"Node Type": "Index Scan", "Parent Relationship": "Outer", "Scan Direction": "Forward", "Index Name": "name_pkey", "Relation Name": "name", "Alias": "n", "Startup Cost": 0.0, "Total Cost": 153464.87, "Plan Rows": 96, "Plan Width": 4, "Filter": "(((name)::text ~~ '%Ang%'::text) AND ((gender)::text = 'f'::text))"}]}, {"Node Type": "Index Scan", "Parent Relationship": "Inner", "Scan Direction": "Forward", "Index Name": "person_id_aka_name", "Relation Name": "aka_name", "Alias": "an", "Startup Cost": 0.0, "Total Cost": 8.23, "Plan Rows": 1, "Plan Width": 20, "Index Cond": "(person_id = n.id)"}]}, {"Node Type": "Index Scan", "Parent Relationship": "Inner", "Scan Direction": "Forward", "Index Name": "person_id_cast_info", "Relation Name": "cast_info", "Alias": "ci", "Startup Cost": 0.0, "Total Cost": 2.38, "Plan Rows": 1, "Plan Width": 16, "Index Cond": "(person_id = an.person_id)", "Filter": "((note)::text = ANY ('{(voice),\"(voice: Japanese version)\",\"(voice) (uncredited)\",\"(voice: English version)\"}'::text[]))"}]}]}]}, {"Node Type": "Index Scan", "Parent Relationship": "Inner", "Scan Direction": "Forward", "Index Name": "movie_id_movie_companies", "Relation Name": "movie_companies", "Alias": "mc", "Startup Cost": 0.0, "Total Cost": 0.42, "Plan Rows": 1, "Plan Width": 8, "Index Cond": "(movie_id = ci.movie_id)", "Filter": "((note IS NOT NULL) AND (((note)::text ~~ '%(USA)%'::text) OR ((note)::text ~~ '%(worldwide)%'::text)))"}]}, {"Node Type": "Index Scan", "Parent Relationship": "Inner", "Scan Direction": "Forward", "Index Name": "company_name_pkey", "Relation Name": "company_name", "Alias": "cn", "Startup Cost": 0.0, "Total Cost": 0.32, "Plan Rows": 1, "Plan Width": 4, "Index Cond": "(id = mc.company_id)", "Filter": "((country_code)::text = '[us]'::text)"}]}, {"Node Type": "Index Scan", "Parent Relationship": "Inner", "Scan Direction": "Forward", "Index Name": "char_name_pkey", "Relation Name": "char_name", "Alias": "chn", "Startup Cost": 0.0, "Total Cost": 0.5, "Plan Rows": 1, "Plan Width": 20, "Index Cond": "(id = ci.person_role_id)"}]}, {"Node Type": "Index Scan", "Parent Relationship": "Inner", "Scan Direction": "Forward", "Index Name": "title_pkey", "Relation Name": "title", "Alias": "t", "Startup Cost": 0.0, "Total Cost": 0.49, "Plan Rows": 1, "Plan Width": 21, "Index Cond": "(id = ci.movie_id)", "Filter": "((production_year >= 2005) AND (production_year <= 2015))"}]}]}, "Unique SQL Id": 3431223514, "Planner Runtime": 55}, "explain_analyze_plan": {"Plan": {"Node Type": "Aggregate", "Strategy": "Plain", "Startup Cost": 154556.1, "Total Cost": 154556.11, "Plan Rows": 1, "Plan Width": 145, "Actual Min Startup Time": 381.158, "Actual Max Startup Time": 381.158, "Actual Min Total Time": 381.159, "Actual Max Total Time": 381.159, "Plans": [{"Node Type": "Nested Loop", "Parent Relationship": "Outer", "Join Type": "Inner", "Startup Cost": 0.0, "Total Cost": 154556.09, "Plan Rows": 1, "Plan Width": 49, "Actual Min Startup Time": 371.852, "Actual Max Startup Time": 371.852, "Actual Min Total Time": 381.01, "Actual Max Total Time": 381.01, "Inner Unique": true, "Plans": [{"Node Type": "Nested Loop", "Parent Relationship": "Outer", "Join Type": "Inner", "Startup Cost": 0.0, "Total Cost": 154555.59, "Plan Rows": 1, "Plan Width": 40, "Actual Min Startup Time": 370.918, "Actual Max Startup Time": 370.918, "Actual Min Total Time": 379.017, "Actual Max Total Time": 379.017, "Inner Unique": true, "Plans": [{"Node Type": "Nested Loop", "Parent Relationship": "Outer", "Join Type": "Inner", "Startup Cost": 0.0, "Total Cost": 154554.58, "Plan Rows": 2, "Plan Width": 28, "Actual Min Startup Time": 370.897, "Actual Max Startup Time": 370.897, "Actual Min Total Time": 377.445, "Actual Max Total Time": 377.445, "Inner Unique": true, "Plans": [{"Node Type": "Nested Loop", "Parent Relationship": "Outer", "Join Type": "Inner", "Startup Cost": 0.0, "Total Cost": 154552.94, "Plan Rows": 5, "Plan Width": 32, "Actual Min Startup Time": 370.872, "Actual Max Startup Time": 370.872, "Actual Min Total Time": 375.543, "Actual Max Total Time": 375.543, "Inner Unique": false, "Plans": [{"Node Type": "Nested Loop", "Parent Relationship": "Outer", "Join Type": "Inner", "Startup Cost": 0.0, "Total Cost": 154547.33, "Plan Rows": 13, "Plan Width": 24, "Actual Min Startup Time": 370.838, "Actual Max Startup Time": 370.838, "Actual Min Total Time": 371.129, "Actual Max Total Time": 371.129, "Inner Unique": false, "Join Filter": "(ci.role_id = rt.id)", "Rows Removed by Join Filter": 0, "Plans": [{"Node Type": "Index Scan", "Parent Relationship": "Outer", "Scan Direction": "Forward", "Index Name": "role_type_pkey", "Relation Name": "role_type", "Alias": "rt", "Startup Cost": 0.0, "Total Cost": 12.46, "Plan Rows": 1, "Plan Width": 4, "Actual Min Startup Time": 0.027, "Actual Max Startup Time": 0.027, "Actual Min Total Time": 0.034, "Actual Max Total Time": 0.034, "Filter": "((role)::text = 'actress'::text)", "Rows Removed by Filter": 11, "Actual Rows": 1}, {"Node Type": "Materialize", "Parent Relationship": "Inner", "Startup Cost": 0.0, "Total Cost": 154533.46, "Plan Rows": 141, "Plan Width": 28, "Actual Min Startup Time": 370.792, "Actual Max Startup Time": 370.792, "Actual Min Total Time": 370.871, "Actual Max Total Time": 370.871, "Plans": [{"Node Type": "Nested Loop", "Parent Relationship": "Outer", "Join Type": "Inner", "Startup Cost": 0.0, "Total Cost": 154533.1, "Plan Rows": 141, "Plan Width": 28, "Actual Min Startup Time": 96.425, "Actual Max Startup Time": 96.425, "Actual Min Total Time": 370.541, "Actual Max Total Time": 370.541, "Inner Unique": false, "Join Filter": "(n.id = ci.person_id)", "Rows Removed by Join Filter": 0, "Plans": [{"Node Type": "Nested Loop", "Parent Relationship": "Outer", "Join Type": "Inner", "Startup Cost": 0.0, "Total Cost": 154257.82, "Plan Rows": 115, "Plan Width": 24, "Actual Min Startup Time": 95.83, "Actual Max Startup Time": 95.83, "Actual Min Total Time": 315.879, "Actual Max Total Time": 315.879, "Inner Unique": false, "Plans": [{"Node Type": "Streaming(type: LOCAL GATHER dop: 1/16)", "Parent Relationship": "Outer", "Startup Cost": 0.0, "Total Cost": 153466.94, "Plan Rows": 96, "Plan Width": 4, "Actual Min Startup Time": 95.756, "Actual Max Startup Time": 95.756, "Actual Min Total Time": 293.923, "Actual Max Total Time": 293.923, "Plans": [{"Node Type": "Index Scan", "Parent Relationship": "Outer", "Scan Direction": "Forward", "Index Name": "name_pkey", "Relation Name": "name", "Alias": "n", "Startup Cost": 0.0, "Total Cost": 153464.87, "Plan Rows": 96, "Plan Width": 4, "Actual Min Startup Time": 40.31, "Actual Max Startup Time": 338.836, "Actual Min Total Time": 295.678, "Actual Max Total Time": 338.836, "Filter": "(((name)::text ~~ '%Ang%'::text) AND ((gender)::text = 'f'::text))", "Rows Removed by Filter": 4160722, "Actual Rows": 6768}], "Actual Rows": 6768}, {"Node Type": "Index Scan", "Parent Relationship": "Inner", "Scan Direction": "Forward", "Index Name": "person_id_aka_name", "Relation Name": "aka_name", "Alias": "an", "Startup Cost": 0.0, "Total Cost": 8.23, "Plan Rows": 1, "Plan Width": 20, "Actual Min Startup Time": 17.357, "Actual Max Startup Time": 17.357, "Actual Min Total Time": 18.22, "Actual Max Total Time": 18.22, "Index Cond": "(person_id = n.id)", "Rows Removed by Index Recheck": 0, "Actual Rows": 1558}], "Actual Rows": 1558}, {"Node Type": "Index Scan", "Parent Relationship": "Inner", "Scan Direction": "Forward", "Index Name": "person_id_cast_info", "Relation Name": "cast_info", "Alias": "ci", "Startup Cost": 0.0, "Total Cost": 2.38, "Plan Rows": 1, "Plan Width": 16, "Actual Min Startup Time": 48.528, "Actual Max Startup Time": 48.528, "Actual Min Total Time": 53.577, "Actual Max Total Time": 53.577, "Index Cond": "(person_id = an.person_id)", "Rows Removed by Index Recheck": 0, "Filter": "((note)::text = ANY ('{(voice),\"(voice: Japanese version)\",\"(voice) (uncredited)\",\"(voice: English version)\"}'::text[]))", "Rows Removed by Filter": 69057, "Actual Rows": 425}], "Actual Rows": 425}], "Actual Rows": 426}], "Actual Rows": 425}, {"Node Type": "Index Scan", "Parent Relationship": "Inner", "Scan Direction": "Forward", "Index Name": "movie_id_movie_companies", "Relation Name": "movie_companies", "Alias": "mc", "Startup Cost": 0.0, "Total Cost": 0.42, "Plan Rows": 1, "Plan Width": 8, "Actual Min Startup Time": 2.907, "Actual Max Startup Time": 2.907, "Actual Min Total Time": 4.086, "Actual Max Total Time": 4.086, "Index Cond": "(movie_id = ci.movie_id)", "Rows Removed by Index Recheck": 0, "Filter": "((note IS NOT NULL) AND (((note)::text ~~ '%(USA)%'::text) OR ((note)::text ~~ '%(worldwide)%'::text)))", "Rows Removed by Filter": 1538, "Actual Rows": 373}], "Actual Rows": 373}, {"Node Type": "Index Scan", "Parent Relationship": "Inner", "Scan Direction": "Forward", "Index Name": "company_name_pkey", "Relation Name": "company_name", "Alias": "cn", "Startup Cost": 0.0, "Total Cost": 0.32, "Plan Rows": 1, "Plan Width": 4, "Actual Min Startup Time": 1.6, "Actual Max Startup Time": 1.6, "Actual Min Total Time": 1.6, "Actual Max Total Time": 1.6, "Index Cond": "(id = mc.company_id)", "Rows Removed by Index Recheck": 0, "Filter": "((country_code)::text = '[us]'::text)", "Rows Removed by Filter": 14, "Actual Rows": 359}], "Actual Rows": 359}, {"Node Type": "Index Scan", "Parent Relationship": "Inner", "Scan Direction": "Forward", "Index Name": "char_name_pkey", "Relation Name": "char_name", "Alias": "chn", "Startup Cost": 0.0, "Total Cost": 0.5, "Plan Rows": 1, "Plan Width": 20, "Actual Min Startup Time": 1.275, "Actual Max Startup Time": 1.275, "Actual Min Total Time": 1.275, "Actual Max Total Time": 1.275, "Index Cond": "(id = ci.person_role_id)", "Rows Removed by Index Recheck": 0, "Actual Rows": 341}], "Actual Rows": 341}, {"Node Type": "Index Scan", "Parent Relationship": "Inner", "Scan Direction": "Forward", "Index Name": "title_pkey", "Relation Name": "title", "Alias": "t", "Startup Cost": 0.0, "Total Cost": 0.49, "Plan Rows": 1, "Plan Width": 21, "Actual Min Startup Time": 1.749, "Actual Max Startup Time": 1.749, "Actual Min Total Time": 1.749, "Actual Max Total Time": 1.749, "Index Cond": "(id = ci.movie_id)", "Rows Removed by Index Recheck": 0, "Filter": "((production_year >= 2005) AND (production_year <= 2015))", "Rows Removed by Filter": 220, "Actual Rows": 121}], "Actual Rows": 121}], "Actual Rows": 1}, "Triggers": [], "Planner Runtime": 15, "Total Runtime": 384.132, "Unique SQL Id": 3431223514}}, "(16, 30)": {"explain_plan": {"Plan": {"Node Type": "Aggregate", "Strategy": "Plain", "Startup Cost": 278514.53, "Total Cost": 278514.57, "Plan Rows": 1, "Plan Width": 145, "Plans": [{"Node Type": "Streaming(type: LOCAL GATHER dop: 1/16)", "Parent Relationship": "Outer", "Startup Cost": 278514.53, "Total Cost": 278514.57, "Plan Rows": 1, "Plan Width": 145, "Plans": [{"Node Type": "Aggregate", "Strategy": "Plain", "Parent Relationship": "Outer", "Startup Cost": 278514.53, "Total Cost": 278514.54, "Plan Rows": 1, "Plan Width": 145, "Plans": [{"Node Type": "Nested Loop", "Parent Relationship": "Outer", "Join Type": "Inner", "Startup Cost": 86.43, "Total Cost": 278514.52, "Plan Rows": 1, "Plan Width": 49, "Inner Unique": true, "Join Filter": "(ci.movie_id = t.id)", "Plans": [{"Node Type": "Streaming(type: BROADCAST dop: 16/16)", "Parent Relationship": "Outer", "Startup Cost": 0.0, "Total Cost": 258103.53, "Plan Rows": 16, "Plan Width": 40, "Plans": [{"Node Type": "Nested Loop", "Parent Relationship": "Outer", "Join Type": "Inner", "Startup Cost": 0.0, "Total Cost": 243103.49, "Plan Rows": 1, "Plan Width": 40, "Inner Unique": false, "Join Filter": "(n.id = an.person_id)", "Plans": [{"Node Type": "Streaming(type: BROADCAST dop: 16/16)", "Parent Relationship": "Outer", "Startup Cost": 0.0, "Total Cost": 226155.04, "Plan Rows": 16, "Plan Width": 32, "Plans": [{"Node Type": "Nested Loop", "Parent Relationship": "Outer", "Join Type": "Inner", "Startup Cost": 0.0, "Total Cost": 211155.0, "Plan Rows": 1, "Plan Width": 32, "Inner Unique": false, "Join Filter": "(ci.person_role_id = chn.id)", "Plans": [{"Node Type": "Seq Scan", "Parent Relationship": "Outer", "Relation Name": "char_name", "Alias": "chn", "Startup Cost": 0.0, "Total Cost": 19218.34, "Plan Rows": 3140338, "Plan Width": 20}, {"Node Type": "Materialize", "Parent Relationship": "Inner", "Startup Cost": 0.0, "Total Cost": 186048.53, "Plan Rows": 32, "Plan Width": 20, "Plans": [{"Node Type": "Streaming(type: BROADCAST dop: 16/1)", "Parent Relationship": "Outer", "Startup Cost": 0.0, "Total Cost": 186048.52, "Plan Rows": 32, "Plan Width": 20, "Plans": [{"Node Type": "Nested Loop", "Parent Relationship": "Outer", "Join Type": "Inner", "Startup Cost": 0.0, "Total Cost": 171047.83, "Plan Rows": 2, "Plan Width": 20, "Inner Unique": false, "Join Filter": "(mc.company_id = cn.id)", "Plans": [{"Node Type": "Seq Scan", "Parent Relationship": "Outer", "Relation Name": "company_name", "Alias": "cn", "Startup Cost": 0.0, "Total Cost": 5903.45, "Plan Rows": 85170, "Plan Width": 4, "Filter": "((country_code)::text = '[us]'::text)"}, {"Node Type": "Materialize", "Parent Relationship": "Inner", "Startup Cost": 0.0, "Total Cost": 160034.19, "Plan Rows": 4, "Plan Width": 24, "Plans": [{"Node Type": "Streaming(type: LOCAL GATHER dop: 1/16)", "Parent Relationship": "Outer", "Startup Cost": 0.0, "Total Cost": 160034.17, "Plan Rows": 4, "Plan Width": 24, "Plans": [{"Node Type": "Nested Loop", "Parent Relationship": "Outer", "Join Type": "Inner", "Startup Cost": 0.0, "Total Cost": 160034.08, "Plan Rows": 4, "Plan Width": 24, "Inner Unique": false, "Join Filter": "(ci.movie_id = mc.movie_id)", "Plans": [{"Node Type": "Seq Scan", "Parent Relationship": "Outer", "Relation Name": "movie_companies", "Alias": "mc", "Startup Cost": 0.0, "Total Cost": 18428.93, "Plan Rows": 297072, "Plan Width": 8, "Filter": "((note IS NOT NULL) AND (((note)::text ~~ '%(USA)%'::text) OR ((note)::text ~~ '%(worldwide)%'::text))), (LLVM Optimized)"}, {"Node Type": "Materialize", "Parent Relationship": "Inner", "Startup Cost": 0.0, "Total Cost": 138541.62, "Plan Rows": 176, "Plan Width": 16, "Plans": [{"Node Type": "Streaming(type: BROADCAST dop: 16/16)", "Parent Relationship": "Outer", "Startup Cost": 0.0, "Total Cost": 138541.57, "Plan Rows": 176, "Plan Width": 16, "Plans": [{"Node Type": "Nested Loop", "Parent Relationship": "Outer", "Join Type": "Inner", "Startup Cost": 0.0, "Total Cost": 123541.12, "Plan Rows": 11, "Plan Width": 16, "Inner Unique": true, "Join Filter": "(ci.person_id = n.id)", "Plans": [{"Node Type": "Nested Loop", "Parent Relationship": "Outer", "Join Type": "Inner", "Startup Cost": 0.0, "Total Cost": 79600.87, "Plan Rows": 75742, "Plan Width": 12, "Inner Unique": false, "Join Filter": "(ci.role_id = rt.id)", "Plans": [{"Node Type": "Streaming(type: BROADCAST dop: 16/1)", "Parent Relationship": "Outer", "Startup Cost": 0.0, "Total Cost": 15001.5, "Plan Rows": 16, "Plan Width": 4, "Plans": [{"Node Type": "Seq Scan", "Parent Relationship": "Outer", "Relation Name": "role_type", "Alias": "rt", "Startup Cost": 0.0, "Total Cost": 1.15, "Plan Rows": 1, "Plan Width": 4, "Filter": "((role)::text = 'actress'::text)"}]}, {"Node Type": "Seq Scan", "Parent Relationship": "Inner", "Relation Name": "cast_info", "Alias": "ci", "Startup Cost": 0.0, "Total Cost": 63948.46, "Plan Rows": 833163, "Plan Width": 16, "Filter": "((note)::text = ANY ('{(voice),\"(voice: Japanese version)\",\"(voice) (uncredited)\",\"(voice: English version)\"}'::text[]))"}]}, {"Node Type": "Materialize", "Parent Relationship": "Inner", "Startup Cost": 0.0, "Total Cost": 37123.71, "Plan Rows": 1536, "Plan Width": 4, "Plans": [{"Node Type": "Streaming(type: BROADCAST dop: 16/16)", "Parent Relationship": "Outer", "Startup Cost": 0.0, "Total Cost": 37123.23, "Plan Rows": 1536, "Plan Width": 4, "Plans": [{"Node Type": "Seq Scan", "Parent Relationship": "Outer", "Relation Name": "name", "Alias": "n", "Startup Cost": 0.0, "Total Cost": 22119.33, "Plan Rows": 96, "Plan Width": 4, "Filter": "(((name)::text ~~ '%Ang%'::text) AND ((gender)::text = 'f'::text))"}]}]}]}]}]}]}]}]}]}]}]}]}]}, {"Node Type": "Seq Scan", "Parent Relationship": "Inner", "Relation Name": "aka_name", "Alias": "an", "Startup Cost": 0.0, "Total Cost": 16244.28, "Plan Rows": 901342, "Plan Width": 20}]}]}, {"Node Type": "Seq Scan", "Parent Relationship": "Inner", "Relation Name": "title", "Alias": "t", "Startup Cost": 86.43, "Total Cost": 19544.42, "Plan Rows": 1109224, "Plan Width": 21, "Filter": "((production_year >= 2005) AND (production_year <= 2015)), (LLVM Optimized)"}]}]}]}]}, "Unique SQL Id": 3431223514, "Planner Runtime": 42}, "explain_analyze_plan": null}, "(16, 31)": {"explain_plan": {"Plan": {"Node Type": "Aggregate", "Strategy": "Plain", "Startup Cost": 3842119077147.93, "Total Cost": 3842119077147.94, "Plan Rows": 1, "Plan Width": 145, "Plans": [{"Node Type": "Merge Join", "Parent Relationship": "Outer", "Join Type": "Inner", "Startup Cost": 80000000000.0, "Total Cost": 3842119077147.92, "Plan Rows": 2, "Plan Width": 49, "Inner Unique": true, "Merge Cond": "(ci.person_role_id = chn.id)", "Plans": [{"Node Type": "Nested Loop", "Parent Relationship": "Outer", "Join Type": "Inner", "Startup Cost": 70000000000.0, "Total Cost": 7000265204378.85, "Plan Rows": 5, "Plan Width": 37, "Inner Unique": false, "Join Filter": "(n.id = an.person_id)", "Plans": [{"Node Type": "Nested Loop", "Parent Relationship": "Outer", "Join Type": "Inner", "Startup Cost": 60000000000.0, "Total Cost": 6000258251541.54, "Plan Rows": 4, "Plan Width": 29, "Inner Unique": true, "Join Filter": "(ci.movie_id = t.id)", "Plans": [{"Node Type": "Nested Loop", "Parent Relationship": "Outer", "Join Type": "Inner", "Startup Cost": 50000000000.0, "Total Cost": 5000245922648.99, "Plan Rows": 3, "Plan Width": 20, "Inner Unique": true, "Join Filter": "(mc.company_id = cn.id)", "Plans": [{"Node Type": "Nested Loop", "Parent Relationship": "Outer", "Join Type": "Inner", "Startup Cost": 40000000000.0, "Total Cost": 4000244867186.89, "Plan Rows": 4, "Plan Width": 24, "Inner Unique": false, "Join Filter": "(ci.movie_id = mc.movie_id)", "Plans": [{"Node Type": "Nested Loop", "Parent Relationship": "Outer", "Join Type": "Inner", "Startup Cost": 30000000000.0, "Total Cost": 3000231145513.35, "Plan Rows": 11, "Plan Width": 16, "Inner Unique": true, "Join Filter": "(ci.person_id = n.id)", "Plans": [{"Node Type": "Nested Loop", "Parent Relationship": "Outer", "Join Type": "Inner", "Startup Cost": 20000000000.0, "Total Cost": 2000211329424.93, "Plan Rows": 75742, "Plan Width": 12, "Inner Unique": true, "Join Filter": "(ci.role_id = rt.id)", "Plans": [{"Node Type": "Index Scan", "Parent Relationship": "Outer", "Scan Direction": "Forward", "Index Name": "person_role_id_cast_info", "Relation Name": "cast_info", "Alias": "ci", "Startup Cost": 10000000000.0, "Total Cost": 1000211315681.48, "Plan Rows": 833163, "Plan Width": 16, "Filter": "((note)::text = ANY ('{(voice),\"(voice: Japanese version)\",\"(voice) (uncredited)\",\"(voice: English version)\"}'::text[]))"}, {"Node Type": "Materialize", "Parent Relationship": "Inner", "Startup Cost": 10000000000.0, "Total Cost": 1000000001246.0, "Plan Rows": 1, "Plan Width": 4, "Plans": [{"Node Type": "Index Scan", "Parent Relationship": "Outer", "Scan Direction": "Forward", "Index Name": "role_type_pkey", "Relation Name": "role_type", "Alias": "rt", "Startup Cost": 10000000000.0, "Total Cost": 1000000001246.0, "Plan Rows": 1, "Plan Width": 4, "Filter": "((role)::text = 'actress'::text)"}]}]}, {"Node Type": "Materialize", "Parent Relationship": "Inner", "Startup Cost": 10000000000.0, "Total Cost": 1000019707020.18, "Plan Rows": 96, "Plan Width": 4, "Plans": [{"Node Type": "Index Scan", "Parent Relationship": "Outer", "Scan Direction": "Forward", "Index Name": "name_pkey", "Relation Name": "name", "Alias": "n", "Startup Cost": 10000000000.0, "Total Cost": 1000019707019.7, "Plan Rows": 96, "Plan Width": 4, "Filter": "(((name)::text ~~ '%Ang%'::text) AND ((gender)::text = 'f'::text))"}]}]}, {"Node Type": "Materialize", "Parent Relationship": "Inner", "Startup Cost": 10000000000.0, "Total Cost": 1000013673399.34, "Plan Rows": 297072, "Plan Width": 8, "Plans": [{"Node Type": "Index Scan", "Parent Relationship": "Outer", "Scan Direction": "Forward", "Index Name": "company_id_movie_companies", "Relation Name": "movie_companies", "Alias": "mc", "Startup Cost": 10000000000.0, "Total Cost": 1000013671913.98, "Plan Rows": 297072, "Plan Width": 8, "Filter": "((note IS NOT NULL) AND (((note)::text ~~ '%(USA)%'::text) OR ((note)::text ~~ '%(worldwide)%'::text))), (LLVM Optimized)"}]}]}, {"Node Type": "Materialize", "Parent Relationship": "Inner", "Startup Cost": 10000000000.0, "Total Cost": 1000001050564.82, "Plan Rows": 85170, "Plan Width": 4, "Plans": [{"Node Type": "Index Scan", "Parent Relationship": "Outer", "Scan Direction": "Forward", "Index Name": "company_name_pkey", "Relation Name": "company_name", "Alias": "cn", "Startup Cost": 10000000000.0, "Total Cost": 1000001050138.97, "Plan Rows": 85170, "Plan Width": 4, "Filter": "((country_code)::text = '[us]'::text)"}]}]}, {"Node Type": "Materialize", "Parent Relationship": "Inner", "Startup Cost": 10000000000.0, "Total Cost": 1000012281750.53, "Plan Rows": 1109224, "Plan Width": 21, "Plans": [{"Node Type": "Index Scan", "Parent Relationship": "Outer", "Scan Direction": "Forward", "Index Name": "title_pkey", "Relation Name": "title", "Alias": "t", "Startup Cost": 10000000000.0, "Total Cost": 1000012276204.41, "Plan Rows": 1109224, "Plan Width": 21, "Filter": "((production_year >= 2005) AND (production_year <= 2015)), (LLVM Optimized)"}]}]}, {"Node Type": "Materialize", "Parent Relationship": "Inner", "Startup Cost": 10000000000.0, "Total Cost": 1000006901010.14, "Plan Rows": 901342, "Plan Width": 20, "Plans": [{"Node Type": "Index Scan", "Parent Relationship": "Outer", "Scan Direction": "Forward", "Index Name": "person_id_aka_name", "Relation Name": "aka_name", "Alias": "an", "Startup Cost": 10000000000.0, "Total Cost": 1000006896503.43, "Plan Rows": 901342, "Plan Width": 20}]}]}, {"Node Type": "Index Scan", "Parent Relationship": "Inner", "Scan Direction": "Forward", "Index Name": "char_name_pkey", "Relation Name": "char_name", "Alias": "chn", "Startup Cost": 10000000000.0, "Total Cost": 1000012987545.51, "Plan Rows": 3140338, "Plan Width": 20}]}]}, "Unique SQL Id": 3431223514, "Planner Runtime": 159}, "explain_analyze_plan": null}, "(16, 32)": {"explain_plan": {"Plan": {"Node Type": "Aggregate", "Strategy": "Plain", "Startup Cost": 23199.8, "Total Cost": 23199.81, "Plan Rows": 1, "Plan Width": 145, "Plans": [{"Node Type": "Nested Loop", "Parent Relationship": "Outer", "Join Type": "Inner", "Startup Cost": 0.0, "Total Cost": 23199.79, "Plan Rows": 1, "Plan Width": 49, "Inner Unique": true, "Plans": [{"Node Type": "Nested Loop", "Parent Relationship": "Outer", "Join Type": "Inner", "Startup Cost": 0.0, "Total Cost": 23199.29, "Plan Rows": 1, "Plan Width": 40, "Inner Unique": true, "Plans": [{"Node Type": "Nested Loop", "Parent Relationship": "Outer", "Join Type": "Inner", "Startup Cost": 0.0, "Total Cost": 23198.64, "Plan Rows": 2, "Plan Width": 44, "Inner Unique": true, "Plans": [{"Node Type": "Nested Loop", "Parent Relationship": "Outer", "Join Type": "Inner", "Startup Cost": 0.0, "Total Cost": 23196.09, "Plan Rows": 5, "Plan Width": 32, "Inner Unique": false, "Plans": [{"Node Type": "Nested Loop", "Parent Relationship": "Outer", "Join Type": "Inner", "Startup Cost": 0.0, "Total Cost": 23190.48, "Plan Rows": 13, "Plan Width": 24, "Inner Unique": false, "Join Filter": "(ci.role_id = rt.id)", "Plans": [{"Node Type": "Seq Scan", "Parent Relationship": "Outer", "Relation Name": "role_type", "Alias": "rt", "Startup Cost": 0.0, "Total Cost": 1.15, "Plan Rows": 1, "Plan Width": 4, "Filter": "((role)::text = 'actress'::text)"}, {"Node Type": "Materialize", "Parent Relationship": "Inner", "Startup Cost": 0.0, "Total Cost": 23187.92, "Plan Rows": 141, "Plan Width": 28, "Plans": [{"Node Type": "Nested Loop", "Parent Relationship": "Outer", "Join Type": "Inner", "Startup Cost": 0.0, "Total Cost": 23187.57, "Plan Rows": 141, "Plan Width": 28, "Inner Unique": false, "Join Filter": "(n.id = ci.person_id)", "Plans": [{"Node Type": "Nested Loop", "Parent Relationship": "Outer", "Join Type": "Inner", "Startup Cost": 0.0, "Total Cost": 22912.29, "Plan Rows": 115, "Plan Width": 24, "Inner Unique": false, "Plans": [{"Node Type": "Streaming(type: LOCAL GATHER dop: 1/16)", "Parent Relationship": "Outer", "Startup Cost": 0.0, "Total Cost": 22121.41, "Plan Rows": 96, "Plan Width": 4, "Plans": [{"Node Type": "Seq Scan", "Parent Relationship": "Outer", "Relation Name": "name", "Alias": "n", "Startup Cost": 0.0, "Total Cost": 22119.33, "Plan Rows": 96, "Plan Width": 4, "Filter": "(((name)::text ~~ '%Ang%'::text) AND ((gender)::text = 'f'::text))"}]}, {"Node Type": "Index Scan", "Parent Relationship": "Inner", "Scan Direction": "Forward", "Index Name": "person_id_aka_name", "Relation Name": "aka_name", "Alias": "an", "Startup Cost": 0.0, "Total Cost": 8.23, "Plan Rows": 1, "Plan Width": 20, "Index Cond": "(person_id = n.id)"}]}, {"Node Type": "Index Scan", "Parent Relationship": "Inner", "Scan Direction": "Forward", "Index Name": "person_id_cast_info", "Relation Name": "cast_info", "Alias": "ci", "Startup Cost": 0.0, "Total Cost": 2.38, "Plan Rows": 1, "Plan Width": 16, "Index Cond": "(person_id = an.person_id)", "Filter": "((note)::text = ANY ('{(voice),\"(voice: Japanese version)\",\"(voice) (uncredited)\",\"(voice: English version)\"}'::text[]))"}]}]}]}, {"Node Type": "Index Scan", "Parent Relationship": "Inner", "Scan Direction": "Forward", "Index Name": "movie_id_movie_companies", "Relation Name": "movie_companies", "Alias": "mc", "Startup Cost": 0.0, "Total Cost": 0.42, "Plan Rows": 1, "Plan Width": 8, "Index Cond": "(movie_id = ci.movie_id)", "Filter": "((note IS NOT NULL) AND (((note)::text ~~ '%(USA)%'::text) OR ((note)::text ~~ '%(worldwide)%'::text)))"}]}, {"Node Type": "Index Scan", "Parent Relationship": "Inner", "Scan Direction": "Forward", "Index Name": "char_name_pkey", "Relation Name": "char_name", "Alias": "chn", "Startup Cost": 0.0, "Total Cost": 0.5, "Plan Rows": 1, "Plan Width": 20, "Index Cond": "(id = ci.person_role_id)"}]}, {"Node Type": "Index Scan", "Parent Relationship": "Inner", "Scan Direction": "Forward", "Index Name": "company_name_pkey", "Relation Name": "company_name", "Alias": "cn", "Startup Cost": 0.0, "Total Cost": 0.32, "Plan Rows": 1, "Plan Width": 4, "Index Cond": "(id = mc.company_id)", "Filter": "((country_code)::text = '[us]'::text)"}]}, {"Node Type": "Index Scan", "Parent Relationship": "Inner", "Scan Direction": "Forward", "Index Name": "title_pkey", "Relation Name": "title", "Alias": "t", "Startup Cost": 0.0, "Total Cost": 0.49, "Plan Rows": 1, "Plan Width": 21, "Index Cond": "(id = ci.movie_id)", "Filter": "((production_year >= 2005) AND (production_year <= 2015))"}]}]}, "Unique SQL Id": 3431223514, "Planner Runtime": 144}, "explain_analyze_plan": {"Plan": {"Node Type": "Aggregate", "Strategy": "Plain", "Startup Cost": 23199.8, "Total Cost": 23199.81, "Plan Rows": 1, "Plan Width": 145, "Actual Min Startup Time": 189.942, "Actual Max Startup Time": 189.942, "Actual Min Total Time": 189.942, "Actual Max Total Time": 189.942, "Plans": [{"Node Type": "Nested Loop", "Parent Relationship": "Outer", "Join Type": "Inner", "Startup Cost": 0.0, "Total Cost": 23199.79, "Plan Rows": 1, "Plan Width": 49, "Actual Min Startup Time": 181.099, "Actual Max Startup Time": 181.099, "Actual Min Total Time": 189.781, "Actual Max Total Time": 189.781, "Inner Unique": true, "Plans": [{"Node Type": "Nested Loop", "Parent Relationship": "Outer", "Join Type": "Inner", "Startup Cost": 0.0, "Total Cost": 23199.29, "Plan Rows": 1, "Plan Width": 40, "Actual Min Startup Time": 180.812, "Actual Max Startup Time": 180.812, "Actual Min Total Time": 188.094, "Actual Max Total Time": 188.094, "Inner Unique": true, "Plans": [{"Node Type": "Nested Loop", "Parent Relationship": "Outer", "Join Type": "Inner", "Startup Cost": 0.0, "Total Cost": 23198.64, "Plan Rows": 2, "Plan Width": 44, "Actual Min Startup Time": 180.793, "Actual Max Startup Time": 180.793, "Actual Min Total Time": 186.568, "Actual Max Total Time": 186.568, "Inner Unique": true, "Plans": [{"Node Type": "Nested Loop", "Parent Relationship": "Outer", "Join Type": "Inner", "Startup Cost": 0.0, "Total Cost": 23196.09, "Plan Rows": 5, "Plan Width": 32, "Actual Min Startup Time": 180.775, "Actual Max Startup Time": 180.775, "Actual Min Total Time": 185.027, "Actual Max Total Time": 185.027, "Inner Unique": false, "Plans": [{"Node Type": "Nested Loop", "Parent Relationship": "Outer", "Join Type": "Inner", "Startup Cost": 0.0, "Total Cost": 23190.48, "Plan Rows": 13, "Plan Width": 24, "Actual Min Startup Time": 180.727, "Actual Max Startup Time": 180.727, "Actual Min Total Time": 181.011, "Actual Max Total Time": 181.011, "Inner Unique": false, "Join Filter": "(ci.role_id = rt.id)", "Rows Removed by Join Filter": 0, "Plans": [{"Node Type": "Seq Scan", "Parent Relationship": "Outer", "Relation Name": "role_type", "Alias": "rt", "Startup Cost": 0.0, "Total Cost": 1.15, "Plan Rows": 1, "Plan Width": 4, "Actual Min Startup Time": 0.028, "Actual Max Startup Time": 0.028, "Actual Min Total Time": 0.033, "Actual Max Total Time": 0.033, "Filter": "((role)::text = 'actress'::text)", "Rows Removed by Filter": 11, "Actual Rows": 1}, {"Node Type": "Materialize", "Parent Relationship": "Inner", "Startup Cost": 0.0, "Total Cost": 23187.92, "Plan Rows": 141, "Plan Width": 28, "Actual Min Startup Time": 180.682, "Actual Max Startup Time": 180.682, "Actual Min Total Time": 180.754, "Actual Max Total Time": 180.754, "Plans": [{"Node Type": "Nested Loop", "Parent Relationship": "Outer", "Join Type": "Inner", "Startup Cost": 0.0, "Total Cost": 23187.57, "Plan Rows": 141, "Plan Width": 28, "Actual Min Startup Time": 60.138, "Actual Max Startup Time": 60.138, "Actual Min Total Time": 180.446, "Actual Max Total Time": 180.446, "Inner Unique": false, "Join Filter": "(n.id = ci.person_id)", "Rows Removed by Join Filter": 0, "Plans": [{"Node Type": "Nested Loop", "Parent Relationship": "Outer", "Join Type": "Inner", "Startup Cost": 0.0, "Total Cost": 22912.29, "Plan Rows": 115, "Plan Width": 24, "Actual Min Startup Time": 58.849, "Actual Max Startup Time": 58.849, "Actual Min Total Time": 130.527, "Actual Max Total Time": 130.527, "Inner Unique": false, "Plans": [{"Node Type": "Streaming(type: LOCAL GATHER dop: 1/16)", "Parent Relationship": "Outer", "Startup Cost": 0.0, "Total Cost": 22121.41, "Plan Rows": 96, "Plan Width": 4, "Actual Min Startup Time": 58.768, "Actual Max Startup Time": 58.768, "Actual Min Total Time": 108.328, "Actual Max Total Time": 108.328, "Plans": [{"Node Type": "Seq Scan", "Parent Relationship": "Outer", "Relation Name": "name", "Alias": "n", "Startup Cost": 0.0, "Total Cost": 22119.33, "Plan Rows": 96, "Plan Width": 4, "Actual Min Startup Time": 40.816, "Actual Max Startup Time": 45.066, "Actual Min Total Time": 101.069, "Actual Max Total Time": 105.932, "Filter": "(((name)::text ~~ '%Ang%'::text) AND ((gender)::text = 'f'::text))", "Rows Removed by Filter": 4160722, "Actual Rows": 6768}], "Actual Rows": 6768}, {"Node Type": "Index Scan", "Parent Relationship": "Inner", "Scan Direction": "Forward", "Index Name": "person_id_aka_name", "Relation Name": "aka_name", "Alias": "an", "Startup Cost": 0.0, "Total Cost": 8.23, "Plan Rows": 1, "Plan Width": 20, "Actual Min Startup Time": 17.88, "Actual Max Startup Time": 17.88, "Actual Min Total Time": 18.692, "Actual Max Total Time": 18.692, "Index Cond": "(person_id = n.id)", "Rows Removed by Index Recheck": 0, "Actual Rows": 1558}], "Actual Rows": 1558}, {"Node Type": "Index Scan", "Parent Relationship": "Inner", "Scan Direction": "Forward", "Index Name": "person_id_cast_info", "Relation Name": "cast_info", "Alias": "ci", "Startup Cost": 0.0, "Total Cost": 2.38, "Plan Rows": 1, "Plan Width": 16, "Actual Min Startup Time": 44.25, "Actual Max Startup Time": 44.25, "Actual Min Total Time": 48.899, "Actual Max Total Time": 48.899, "Index Cond": "(person_id = an.person_id)", "Rows Removed by Index Recheck": 0, "Filter": "((note)::text = ANY ('{(voice),\"(voice: Japanese version)\",\"(voice) (uncredited)\",\"(voice: English version)\"}'::text[]))", "Rows Removed by Filter": 69057, "Actual Rows": 425}], "Actual Rows": 425}], "Actual Rows": 426}], "Actual Rows": 425}, {"Node Type": "Index Scan", "Parent Relationship": "Inner", "Scan Direction": "Forward", "Index Name": "movie_id_movie_companies", "Relation Name": "movie_companies", "Alias": "mc", "Startup Cost": 0.0, "Total Cost": 0.42, "Plan Rows": 1, "Plan Width": 8, "Actual Min Startup Time": 2.606, "Actual Max Startup Time": 2.606, "Actual Min Total Time": 3.712, "Actual Max Total Time": 3.712, "Index Cond": "(movie_id = ci.movie_id)", "Rows Removed by Index Recheck": 0, "Filter": "((note IS NOT NULL) AND (((note)::text ~~ '%(USA)%'::text) OR ((note)::text ~~ '%(worldwide)%'::text)))", "Rows Removed by Filter": 1538, "Actual Rows": 373}], "Actual Rows": 373}, {"Node Type": "Index Scan", "Parent Relationship": "Inner", "Scan Direction": "Forward", "Index Name": "char_name_pkey", "Relation Name": "char_name", "Alias": "chn", "Startup Cost": 0.0, "Total Cost": 0.5, "Plan Rows": 1, "Plan Width": 20, "Actual Min Startup Time": 1.235, "Actual Max Startup Time": 1.235, "Actual Min Total Time": 1.235, "Actual Max Total Time": 1.235, "Index Cond": "(id = ci.person_role_id)", "Rows Removed by Index Recheck": 0, "Actual Rows": 348}], "Actual Rows": 348}, {"Node Type": "Index Scan", "Parent Relationship": "Inner", "Scan Direction": "Forward", "Index Name": "company_name_pkey", "Relation Name": "company_name", "Alias": "cn", "Startup Cost": 0.0, "Total Cost": 0.32, "Plan Rows": 1, "Plan Width": 4, "Actual Min Startup Time": 1.254, "Actual Max Startup Time": 1.254, "Actual Min Total Time": 1.254, "Actual Max Total Time": 1.254, "Index Cond": "(id = mc.company_id)", "Rows Removed by Index Recheck": 0, "Filter": "((country_code)::text = '[us]'::text)", "Rows Removed by Filter": 7, "Actual Rows": 341}], "Actual Rows": 341}, {"Node Type": "Index Scan", "Parent Relationship": "Inner", "Scan Direction": "Forward", "Index Name": "title_pkey", "Relation Name": "title", "Alias": "t", "Startup Cost": 0.0, "Total Cost": 0.49, "Plan Rows": 1, "Plan Width": 21, "Actual Min Startup Time": 1.456, "Actual Max Startup Time": 1.456, "Actual Min Total Time": 1.456, "Actual Max Total Time": 1.456, "Index Cond": "(id = ci.movie_id)", "Rows Removed by Index Recheck": 0, "Filter": "((production_year >= 2005) AND (production_year <= 2015))", "Rows Removed by Filter": 220, "Actual Rows": 121}], "Actual Rows": 121}], "Actual Rows": 1}, "Triggers": [], "Planner Runtime": 144, "Total Runtime": 193.165, "Unique SQL Id": 3431223514}}, "(16, 33)": {"explain_plan": {"Plan": {"Node Type": "Aggregate", "Strategy": "Plain", "Startup Cost": 154556.1, "Total Cost": 154556.11, "Plan Rows": 1, "Plan Width": 145, "Plans": [{"Node Type": "Nested Loop", "Parent Relationship": "Outer", "Join Type": "Inner", "Startup Cost": 0.0, "Total Cost": 154556.09, "Plan Rows": 1, "Plan Width": 49, "Inner Unique": true, "Plans": [{"Node Type": "Nested Loop", "Parent Relationship": "Outer", "Join Type": "Inner", "Startup Cost": 0.0, "Total Cost": 154555.59, "Plan Rows": 1, "Plan Width": 40, "Inner Unique": true, "Plans": [{"Node Type": "Nested Loop", "Parent Relationship": "Outer", "Join Type": "Inner", "Startup Cost": 0.0, "Total Cost": 154554.58, "Plan Rows": 2, "Plan Width": 28, "Inner Unique": true, "Plans": [{"Node Type": "Nested Loop", "Parent Relationship": "Outer", "Join Type": "Inner", "Startup Cost": 0.0, "Total Cost": 154552.94, "Plan Rows": 5, "Plan Width": 32, "Inner Unique": false, "Plans": [{"Node Type": "Nested Loop", "Parent Relationship": "Outer", "Join Type": "Inner", "Startup Cost": 0.0, "Total Cost": 154547.33, "Plan Rows": 13, "Plan Width": 24, "Inner Unique": false, "Join Filter": "(ci.role_id = rt.id)", "Plans": [{"Node Type": "Index Scan", "Parent Relationship": "Outer", "Scan Direction": "Forward", "Index Name": "role_type_pkey", "Relation Name": "role_type", "Alias": "rt", "Startup Cost": 0.0, "Total Cost": 12.46, "Plan Rows": 1, "Plan Width": 4, "Filter": "((role)::text = 'actress'::text)"}, {"Node Type": "Materialize", "Parent Relationship": "Inner", "Startup Cost": 0.0, "Total Cost": 154533.46, "Plan Rows": 141, "Plan Width": 28, "Plans": [{"Node Type": "Nested Loop", "Parent Relationship": "Outer", "Join Type": "Inner", "Startup Cost": 0.0, "Total Cost": 154533.1, "Plan Rows": 141, "Plan Width": 28, "Inner Unique": false, "Join Filter": "(n.id = ci.person_id)", "Plans": [{"Node Type": "Nested Loop", "Parent Relationship": "Outer", "Join Type": "Inner", "Startup Cost": 0.0, "Total Cost": 154257.82, "Plan Rows": 115, "Plan Width": 24, "Inner Unique": false, "Plans": [{"Node Type": "Streaming(type: LOCAL GATHER dop: 1/16)", "Parent Relationship": "Outer", "Startup Cost": 0.0, "Total Cost": 153466.94, "Plan Rows": 96, "Plan Width": 4, "Plans": [{"Node Type": "Index Scan", "Parent Relationship": "Outer", "Scan Direction": "Forward", "Index Name": "name_pkey", "Relation Name": "name", "Alias": "n", "Startup Cost": 0.0, "Total Cost": 153464.87, "Plan Rows": 96, "Plan Width": 4, "Filter": "(((name)::text ~~ '%Ang%'::text) AND ((gender)::text = 'f'::text))"}]}, {"Node Type": "Index Scan", "Parent Relationship": "Inner", "Scan Direction": "Forward", "Index Name": "person_id_aka_name", "Relation Name": "aka_name", "Alias": "an", "Startup Cost": 0.0, "Total Cost": 8.23, "Plan Rows": 1, "Plan Width": 20, "Index Cond": "(person_id = n.id)"}]}, {"Node Type": "Index Scan", "Parent Relationship": "Inner", "Scan Direction": "Forward", "Index Name": "person_id_cast_info", "Relation Name": "cast_info", "Alias": "ci", "Startup Cost": 0.0, "Total Cost": 2.38, "Plan Rows": 1, "Plan Width": 16, "Index Cond": "(person_id = an.person_id)", "Filter": "((note)::text = ANY ('{(voice),\"(voice: Japanese version)\",\"(voice) (uncredited)\",\"(voice: English version)\"}'::text[]))"}]}]}]}, {"Node Type": "Index Scan", "Parent Relationship": "Inner", "Scan Direction": "Forward", "Index Name": "movie_id_movie_companies", "Relation Name": "movie_companies", "Alias": "mc", "Startup Cost": 0.0, "Total Cost": 0.42, "Plan Rows": 1, "Plan Width": 8, "Index Cond": "(movie_id = ci.movie_id)", "Filter": "((note IS NOT NULL) AND (((note)::text ~~ '%(USA)%'::text) OR ((note)::text ~~ '%(worldwide)%'::text)))"}]}, {"Node Type": "Index Scan", "Parent Relationship": "Inner", "Scan Direction": "Forward", "Index Name": "company_name_pkey", "Relation Name": "company_name", "Alias": "cn", "Startup Cost": 0.0, "Total Cost": 0.32, "Plan Rows": 1, "Plan Width": 4, "Index Cond": "(id = mc.company_id)", "Filter": "((country_code)::text = '[us]'::text)"}]}, {"Node Type": "Index Scan", "Parent Relationship": "Inner", "Scan Direction": "Forward", "Index Name": "char_name_pkey", "Relation Name": "char_name", "Alias": "chn", "Startup Cost": 0.0, "Total Cost": 0.5, "Plan Rows": 1, "Plan Width": 20, "Index Cond": "(id = ci.person_role_id)"}]}, {"Node Type": "Index Scan", "Parent Relationship": "Inner", "Scan Direction": "Forward", "Index Name": "title_pkey", "Relation Name": "title", "Alias": "t", "Startup Cost": 0.0, "Total Cost": 0.49, "Plan Rows": 1, "Plan Width": 21, "Index Cond": "(id = ci.movie_id)", "Filter": "((production_year >= 2005) AND (production_year <= 2015))"}]}]}, "Unique SQL Id": 3431223514, "Planner Runtime": 62}, "explain_analyze_plan": {"Plan": {"Node Type": "Aggregate", "Strategy": "Plain", "Startup Cost": 154556.1, "Total Cost": 154556.11, "Plan Rows": 1, "Plan Width": 145, "Actual Min Startup Time": 381.158, "Actual Max Startup Time": 381.158, "Actual Min Total Time": 381.159, "Actual Max Total Time": 381.159, "Plans": [{"Node Type": "Nested Loop", "Parent Relationship": "Outer", "Join Type": "Inner", "Startup Cost": 0.0, "Total Cost": 154556.09, "Plan Rows": 1, "Plan Width": 49, "Actual Min Startup Time": 371.852, "Actual Max Startup Time": 371.852, "Actual Min Total Time": 381.01, "Actual Max Total Time": 381.01, "Inner Unique": true, "Plans": [{"Node Type": "Nested Loop", "Parent Relationship": "Outer", "Join Type": "Inner", "Startup Cost": 0.0, "Total Cost": 154555.59, "Plan Rows": 1, "Plan Width": 40, "Actual Min Startup Time": 370.918, "Actual Max Startup Time": 370.918, "Actual Min Total Time": 379.017, "Actual Max Total Time": 379.017, "Inner Unique": true, "Plans": [{"Node Type": "Nested Loop", "Parent Relationship": "Outer", "Join Type": "Inner", "Startup Cost": 0.0, "Total Cost": 154554.58, "Plan Rows": 2, "Plan Width": 28, "Actual Min Startup Time": 370.897, "Actual Max Startup Time": 370.897, "Actual Min Total Time": 377.445, "Actual Max Total Time": 377.445, "Inner Unique": true, "Plans": [{"Node Type": "Nested Loop", "Parent Relationship": "Outer", "Join Type": "Inner", "Startup Cost": 0.0, "Total Cost": 154552.94, "Plan Rows": 5, "Plan Width": 32, "Actual Min Startup Time": 370.872, "Actual Max Startup Time": 370.872, "Actual Min Total Time": 375.543, "Actual Max Total Time": 375.543, "Inner Unique": false, "Plans": [{"Node Type": "Nested Loop", "Parent Relationship": "Outer", "Join Type": "Inner", "Startup Cost": 0.0, "Total Cost": 154547.33, "Plan Rows": 13, "Plan Width": 24, "Actual Min Startup Time": 370.838, "Actual Max Startup Time": 370.838, "Actual Min Total Time": 371.129, "Actual Max Total Time": 371.129, "Inner Unique": false, "Join Filter": "(ci.role_id = rt.id)", "Rows Removed by Join Filter": 0, "Plans": [{"Node Type": "Index Scan", "Parent Relationship": "Outer", "Scan Direction": "Forward", "Index Name": "role_type_pkey", "Relation Name": "role_type", "Alias": "rt", "Startup Cost": 0.0, "Total Cost": 12.46, "Plan Rows": 1, "Plan Width": 4, "Actual Min Startup Time": 0.027, "Actual Max Startup Time": 0.027, "Actual Min Total Time": 0.034, "Actual Max Total Time": 0.034, "Filter": "((role)::text = 'actress'::text)", "Rows Removed by Filter": 11, "Actual Rows": 1}, {"Node Type": "Materialize", "Parent Relationship": "Inner", "Startup Cost": 0.0, "Total Cost": 154533.46, "Plan Rows": 141, "Plan Width": 28, "Actual Min Startup Time": 370.792, "Actual Max Startup Time": 370.792, "Actual Min Total Time": 370.871, "Actual Max Total Time": 370.871, "Plans": [{"Node Type": "Nested Loop", "Parent Relationship": "Outer", "Join Type": "Inner", "Startup Cost": 0.0, "Total Cost": 154533.1, "Plan Rows": 141, "Plan Width": 28, "Actual Min Startup Time": 96.425, "Actual Max Startup Time": 96.425, "Actual Min Total Time": 370.541, "Actual Max Total Time": 370.541, "Inner Unique": false, "Join Filter": "(n.id = ci.person_id)", "Rows Removed by Join Filter": 0, "Plans": [{"Node Type": "Nested Loop", "Parent Relationship": "Outer", "Join Type": "Inner", "Startup Cost": 0.0, "Total Cost": 154257.82, "Plan Rows": 115, "Plan Width": 24, "Actual Min Startup Time": 95.83, "Actual Max Startup Time": 95.83, "Actual Min Total Time": 315.879, "Actual Max Total Time": 315.879, "Inner Unique": false, "Plans": [{"Node Type": "Streaming(type: LOCAL GATHER dop: 1/16)", "Parent Relationship": "Outer", "Startup Cost": 0.0, "Total Cost": 153466.94, "Plan Rows": 96, "Plan Width": 4, "Actual Min Startup Time": 95.756, "Actual Max Startup Time": 95.756, "Actual Min Total Time": 293.923, "Actual Max Total Time": 293.923, "Plans": [{"Node Type": "Index Scan", "Parent Relationship": "Outer", "Scan Direction": "Forward", "Index Name": "name_pkey", "Relation Name": "name", "Alias": "n", "Startup Cost": 0.0, "Total Cost": 153464.87, "Plan Rows": 96, "Plan Width": 4, "Actual Min Startup Time": 40.31, "Actual Max Startup Time": 338.836, "Actual Min Total Time": 295.678, "Actual Max Total Time": 338.836, "Filter": "(((name)::text ~~ '%Ang%'::text) AND ((gender)::text = 'f'::text))", "Rows Removed by Filter": 4160722, "Actual Rows": 6768}], "Actual Rows": 6768}, {"Node Type": "Index Scan", "Parent Relationship": "Inner", "Scan Direction": "Forward", "Index Name": "person_id_aka_name", "Relation Name": "aka_name", "Alias": "an", "Startup Cost": 0.0, "Total Cost": 8.23, "Plan Rows": 1, "Plan Width": 20, "Actual Min Startup Time": 17.357, "Actual Max Startup Time": 17.357, "Actual Min Total Time": 18.22, "Actual Max Total Time": 18.22, "Index Cond": "(person_id = n.id)", "Rows Removed by Index Recheck": 0, "Actual Rows": 1558}], "Actual Rows": 1558}, {"Node Type": "Index Scan", "Parent Relationship": "Inner", "Scan Direction": "Forward", "Index Name": "person_id_cast_info", "Relation Name": "cast_info", "Alias": "ci", "Startup Cost": 0.0, "Total Cost": 2.38, "Plan Rows": 1, "Plan Width": 16, "Actual Min Startup Time": 48.528, "Actual Max Startup Time": 48.528, "Actual Min Total Time": 53.577, "Actual Max Total Time": 53.577, "Index Cond": "(person_id = an.person_id)", "Rows Removed by Index Recheck": 0, "Filter": "((note)::text = ANY ('{(voice),\"(voice: Japanese version)\",\"(voice) (uncredited)\",\"(voice: English version)\"}'::text[]))", "Rows Removed by Filter": 69057, "Actual Rows": 425}], "Actual Rows": 425}], "Actual Rows": 426}], "Actual Rows": 425}, {"Node Type": "Index Scan", "Parent Relationship": "Inner", "Scan Direction": "Forward", "Index Name": "movie_id_movie_companies", "Relation Name": "movie_companies", "Alias": "mc", "Startup Cost": 0.0, "Total Cost": 0.42, "Plan Rows": 1, "Plan Width": 8, "Actual Min Startup Time": 2.907, "Actual Max Startup Time": 2.907, "Actual Min Total Time": 4.086, "Actual Max Total Time": 4.086, "Index Cond": "(movie_id = ci.movie_id)", "Rows Removed by Index Recheck": 0, "Filter": "((note IS NOT NULL) AND (((note)::text ~~ '%(USA)%'::text) OR ((note)::text ~~ '%(worldwide)%'::text)))", "Rows Removed by Filter": 1538, "Actual Rows": 373}], "Actual Rows": 373}, {"Node Type": "Index Scan", "Parent Relationship": "Inner", "Scan Direction": "Forward", "Index Name": "company_name_pkey", "Relation Name": "company_name", "Alias": "cn", "Startup Cost": 0.0, "Total Cost": 0.32, "Plan Rows": 1, "Plan Width": 4, "Actual Min Startup Time": 1.6, "Actual Max Startup Time": 1.6, "Actual Min Total Time": 1.6, "Actual Max Total Time": 1.6, "Index Cond": "(id = mc.company_id)", "Rows Removed by Index Recheck": 0, "Filter": "((country_code)::text = '[us]'::text)", "Rows Removed by Filter": 14, "Actual Rows": 359}], "Actual Rows": 359}, {"Node Type": "Index Scan", "Parent Relationship": "Inner", "Scan Direction": "Forward", "Index Name": "char_name_pkey", "Relation Name": "char_name", "Alias": "chn", "Startup Cost": 0.0, "Total Cost": 0.5, "Plan Rows": 1, "Plan Width": 20, "Actual Min Startup Time": 1.275, "Actual Max Startup Time": 1.275, "Actual Min Total Time": 1.275, "Actual Max Total Time": 1.275, "Index Cond": "(id = ci.person_role_id)", "Rows Removed by Index Recheck": 0, "Actual Rows": 341}], "Actual Rows": 341}, {"Node Type": "Index Scan", "Parent Relationship": "Inner", "Scan Direction": "Forward", "Index Name": "title_pkey", "Relation Name": "title", "Alias": "t", "Startup Cost": 0.0, "Total Cost": 0.49, "Plan Rows": 1, "Plan Width": 21, "Actual Min Startup Time": 1.749, "Actual Max Startup Time": 1.749, "Actual Min Total Time": 1.749, "Actual Max Total Time": 1.749, "Index Cond": "(id = ci.movie_id)", "Rows Removed by Index Recheck": 0, "Filter": "((production_year >= 2005) AND (production_year <= 2015))", "Rows Removed by Filter": 220, "Actual Rows": 121}], "Actual Rows": 121}], "Actual Rows": 1}, "Triggers": [], "Planner Runtime": 15, "Total Runtime": 384.132, "Unique SQL Id": 3431223514}}, "(16, 34)": {"explain_plan": {"Plan": {"Node Type": "Aggregate", "Strategy": "Plain", "Startup Cost": 23623.98, "Total Cost": 23623.99, "Plan Rows": 1, "Plan Width": 145, "Plans": [{"Node Type": "Nested Loop", "Parent Relationship": "Outer", "Join Type": "Inner", "Startup Cost": 6.41, "Total Cost": 23623.96, "Plan Rows": 2, "Plan Width": 49, "Inner Unique": true, "Plans": [{"Node Type": "Nested Loop", "Parent Relationship": "Outer", "Join Type": "Inner", "Startup Cost": 6.11, "Total Cost": 23615.3, "Plan Rows": 2, "Plan Width": 40, "Inner Unique": true, "Plans": [{"Node Type": "Nested Loop", "Parent Relationship": "Outer", "Join Type": "Inner", "Startup Cost": 5.85, "Total Cost": 23606.73, "Plan Rows": 2, "Plan Width": 44, "Inner Unique": true, "Plans": [{"Node Type": "Nested Loop", "Parent Relationship": "Outer", "Join Type": "Inner", "Startup Cost": 5.53, "Total Cost": 23585.05, "Plan Rows": 5, "Plan Width": 32, "Inner Unique": false, "Plans": [{"Node Type": "Nested Loop", "Parent Relationship": "Outer", "Join Type": "Inner", "Startup Cost": 5.22, "Total Cost": 23528.42, "Plan Rows": 13, "Plan Width": 24, "Inner Unique": false, "Join Filter": "(ci.role_id = rt.id)", "Plans": [{"Node Type": "Seq Scan", "Parent Relationship": "Outer", "Relation Name": "role_type", "Alias": "rt", "Startup Cost": 0.0, "Total Cost": 1.15, "Plan Rows": 1, "Plan Width": 4, "Filter": "((role)::text = 'actress'::text)"}, {"Node Type": "Materialize", "Parent Relationship": "Inner", "Startup Cost": 5.22, "Total Cost": 23525.86, "Plan Rows": 141, "Plan Width": 28, "Plans": [{"Node Type": "Nested Loop", "Parent Relationship": "Outer", "Join Type": "Inner", "Startup Cost": 5.22, "Total Cost": 23525.5, "Plan Rows": 141, "Plan Width": 28, "Inner Unique": false, "Join Filter": "(n.id = ci.person_id)", "Plans": [{"Node Type": "Nested Loop", "Parent Relationship": "Outer", "Join Type": "Inner", "Startup Cost": 4.22, "Total Cost": 22912.31, "Plan Rows": 115, "Plan Width": 24, "Inner Unique": false, "Plans": [{"Node Type": "Streaming(type: LOCAL GATHER dop: 1/16)", "Parent Relationship": "Outer", "Startup Cost": 0.0, "Total Cost": 22121.41, "Plan Rows": 96, "Plan Width": 4, "Plans": [{"Node Type": "Seq Scan", "Parent Relationship": "Outer", "Relation Name": "name", "Alias": "n", "Startup Cost": 0.0, "Total Cost": 22119.33, "Plan Rows": 96, "Plan Width": 4, "Filter": "(((name)::text ~~ '%Ang%'::text) AND ((gender)::text = 'f'::text))"}]}, {"Node Type": "Bitmap Heap Scan", "Parent Relationship": "Inner", "Relation Name": "aka_name", "Alias": "an", "Startup Cost": 4.22, "Total Cost": 8.23, "Plan Rows": 1, "Plan Width": 20, "Recheck Cond": "(person_id = n.id)", "Plans": [{"Node Type": "Bitmap Index Scan", "Parent Relationship": "Outer", "Index Name": "person_id_aka_name", "Startup Cost": 0.0, "Total Cost": 4.22, "Plan Rows": 1, "Plan Width": 0, "Index Cond": "(person_id = n.id)"}]}]}, {"Node Type": "Bitmap Heap Scan", "Parent Relationship": "Inner", "Relation Name": "cast_info", "Alias": "ci", "Startup Cost": 1.0, "Total Cost": 5.32, "Plan Rows": 1, "Plan Width": 16, "Recheck Cond": "(person_id = an.person_id)", "Filter": "((note)::text = ANY ('{(voice),\"(voice: Japanese version)\",\"(voice) (uncredited)\",\"(voice: English version)\"}'::text[]))", "Plans": [{"Node Type": "Bitmap Index Scan", "Parent Relationship": "Outer", "Index Name": "person_id_cast_info", "Startup Cost": 0.0, "Total Cost": 1.0, "Plan Rows": 18, "Plan Width": 0, "Index Cond": "(person_id = an.person_id)"}]}]}]}]}, {"Node Type": "Bitmap Heap Scan", "Parent Relationship": "Inner", "Relation Name": "movie_companies", "Alias": "mc", "Startup Cost": 0.31, "Total Cost": 4.35, "Plan Rows": 1, "Plan Width": 8, "Recheck Cond": "(movie_id = ci.movie_id)", "Filter": "((note IS NOT NULL) AND (((note)::text ~~ '%(USA)%'::text) OR ((note)::text ~~ '%(worldwide)%'::text)))", "Plans": [{"Node Type": "Bitmap Index Scan", "Parent Relationship": "Outer", "Index Name": "movie_id_movie_companies", "Startup Cost": 0.0, "Total Cost": 0.31, "Plan Rows": 2, "Plan Width": 0, "Index Cond": "(movie_id = ci.movie_id)"}]}]}, {"Node Type": "Bitmap Heap Scan", "Parent Relationship": "Inner", "Relation Name": "char_name", "Alias": "chn", "Startup Cost": 0.31, "Total Cost": 4.33, "Plan Rows": 1, "Plan Width": 20, "Recheck Cond": "(id = ci.person_role_id)", "Plans": [{"Node Type": "Bitmap Index Scan", "Parent Relationship": "Outer", "Index Name": "char_name_pkey", "Startup Cost": 0.0, "Total Cost": 0.31, "Plan Rows": 1, "Plan Width": 0, "Index Cond": "(id = ci.person_role_id)"}]}]}, {"Node Type": "Bitmap Heap Scan", "Parent Relationship": "Inner", "Relation Name": "company_name", "Alias": "cn", "Startup Cost": 0.26, "Total Cost": 4.28, "Plan Rows": 1, "Plan Width": 4, "Recheck Cond": "(id = mc.company_id)", "Filter": "((country_code)::text = '[us]'::text)", "Plans": [{"Node Type": "Bitmap Index Scan", "Parent Relationship": "Outer", "Index Name": "company_name_pkey", "Startup Cost": 0.0, "Total Cost": 0.26, "Plan Rows": 1, "Plan Width": 0, "Index Cond": "(id = mc.company_id)"}]}]}, {"Node Type": "Bitmap Heap Scan", "Parent Relationship": "Inner", "Relation Name": "title", "Alias": "t", "Startup Cost": 0.3, "Total Cost": 4.32, "Plan Rows": 1, "Plan Width": 21, "Recheck Cond": "(id = ci.movie_id)", "Filter": "((production_year >= 2005) AND (production_year <= 2015))", "Plans": [{"Node Type": "Bitmap Index Scan", "Parent Relationship": "Outer", "Index Name": "title_pkey", "Startup Cost": 0.0, "Total Cost": 0.3, "Plan Rows": 1, "Plan Width": 0, "Index Cond": "(id = ci.movie_id)"}]}]}]}, "Unique SQL Id": 3431223514, "Planner Runtime": 246}, "explain_analyze_plan": {"Plan": {"Node Type": "Aggregate", "Strategy": "Plain", "Startup Cost": 23623.98, "Total Cost": 23623.99, "Plan Rows": 1, "Plan Width": 145, "Actual Min Startup Time": 230.518, "Actual Max Startup Time": 230.518, "Actual Min Total Time": 230.518, "Actual Max Total Time": 230.518, "Plans": [{"Node Type": "Nested Loop", "Parent Relationship": "Outer", "Join Type": "Inner", "Startup Cost": 6.41, "Total Cost": 23623.96, "Plan Rows": 2, "Plan Width": 49, "Actual Min Startup Time": 217.622, "Actual Max Startup Time": 217.622, "Actual Min Total Time": 230.338, "Actual Max Total Time": 230.338, "Inner Unique": true, "Plans": [{"Node Type": "Nested Loop", "Parent Relationship": "Outer", "Join Type": "Inner", "Startup Cost": 6.11, "Total Cost": 23615.3, "Plan Rows": 2, "Plan Width": 40, "Actual Min Startup Time": 217.583, "Actual Max Startup Time": 217.583, "Actual Min Total Time": 227.791, "Actual Max Total Time": 227.791, "Inner Unique": true, "Plans": [{"Node Type": "Nested Loop", "Parent Relationship": "Outer", "Join Type": "Inner", "Startup Cost": 5.85, "Total Cost": 23606.73, "Plan Rows": 2, "Plan Width": 44, "Actual Min Startup Time": 217.552, "Actual Max Startup Time": 217.552, "Actual Min Total Time": 225.464, "Actual Max Total Time": 225.464, "Inner Unique": true, "Plans": [{"Node Type": "Nested Loop", "Parent Relationship": "Outer", "Join Type": "Inner", "Startup Cost": 5.53, "Total Cost": 23585.05, "Plan Rows": 5, "Plan Width": 32, "Actual Min Startup Time": 217.473, "Actual Max Startup Time": 217.473, "Actual Min Total Time": 223.255, "Actual Max Total Time": 223.255, "Inner Unique": false, "Plans": [{"Node Type": "Nested Loop", "Parent Relationship": "Outer", "Join Type": "Inner", "Startup Cost": 5.22, "Total Cost": 23528.42, "Plan Rows": 13, "Plan Width": 24, "Actual Min Startup Time": 217.427, "Actual Max Startup Time": 217.427, "Actual Min Total Time": 217.739, "Actual Max Total Time": 217.739, "Inner Unique": false, "Join Filter": "(ci.role_id = rt.id)", "Rows Removed by Join Filter": 0, "Plans": [{"Node Type": "Seq Scan", "Parent Relationship": "Outer", "Relation Name": "role_type", "Alias": "rt", "Startup Cost": 0.0, "Total Cost": 1.15, "Plan Rows": 1, "Plan Width": 4, "Actual Min Startup Time": 0.031, "Actual Max Startup Time": 0.031, "Actual Min Total Time": 0.036, "Actual Max Total Time": 0.036, "Filter": "((role)::text = 'actress'::text)", "Rows Removed by Filter": 11, "Actual Rows": 1}, {"Node Type": "Materialize", "Parent Relationship": "Inner", "Startup Cost": 5.22, "Total Cost": 23525.86, "Plan Rows": 141, "Plan Width": 28, "Actual Min Startup Time": 217.382, "Actual Max Startup Time": 217.382, "Actual Min Total Time": 217.456, "Actual Max Total Time": 217.456, "Plans": [{"Node Type": "Nested Loop", "Parent Relationship": "Outer", "Join Type": "Inner", "Startup Cost": 5.22, "Total Cost": 23525.5, "Plan Rows": 141, "Plan Width": 28, "Actual Min Startup Time": 80.051, "Actual Max Startup Time": 80.051, "Actual Min Total Time": 217.172, "Actual Max Total Time": 217.172, "Inner Unique": false, "Join Filter": "(n.id = ci.person_id)", "Rows Removed by Join Filter": 0, "Plans": [{"Node Type": "Nested Loop", "Parent Relationship": "Outer", "Join Type": "Inner", "Startup Cost": 4.22, "Total Cost": 22912.31, "Plan Rows": 115, "Plan Width": 24, "Actual Min Startup Time": 79.885, "Actual Max Startup Time": 79.885, "Actual Min Total Time": 161.683, "Actual Max Total Time": 161.683, "Inner Unique": false, "Plans": [{"Node Type": "Streaming(type: LOCAL GATHER dop: 1/16)", "Parent Relationship": "Outer", "Startup Cost": 0.0, "Total Cost": 22121.41, "Plan Rows": 96, "Plan Width": 4, "Actual Min Startup Time": 79.796, "Actual Max Startup Time": 79.796, "Actual Min Total Time": 130.656, "Actual Max Total Time": 130.656, "Plans": [{"Node Type": "Seq Scan", "Parent Relationship": "Outer", "Relation Name": "name", "Alias": "n", "Startup Cost": 0.0, "Total Cost": 22119.33, "Plan Rows": 96, "Plan Width": 4, "Actual Min Startup Time": 42.663, "Actual Max Startup Time": 47.561, "Actual Min Total Time": 105.963, "Actual Max Total Time": 112.359, "Filter": "(((name)::text ~~ '%Ang%'::text) AND ((gender)::text = 'f'::text))", "Rows Removed by Filter": 4160722, "Actual Rows": 6768}], "Actual Rows": 6768}, {"Node Type": "Bitmap Heap Scan", "Parent Relationship": "Inner", "Relation Name": "aka_name", "Alias": "an", "Startup Cost": 4.22, "Total Cost": 8.23, "Plan Rows": 1, "Plan Width": 20, "Actual Min Startup Time": 22.924, "Actual Max Startup Time": 22.924, "Actual Min Total Time": 23.524, "Actual Max Total Time": 23.524, "Recheck Cond": "(person_id = n.id)", "Rows Removed by Index Recheck": 0, "Exact Heap Blocks": 1014, "Lossy Heap Blocks": 1014, "Plans": [{"Node Type": "Bitmap Index Scan", "Parent Relationship": "Outer", "Index Name": "person_id_aka_name", "Startup Cost": 0.0, "Total Cost": 4.22, "Plan Rows": 1, "Plan Width": 0, "Actual Min Startup Time": 17.339, "Actual Max Startup Time": 17.339, "Actual Min Total Time": 17.339, "Actual Max Total Time": 17.339, "Index Cond": "(person_id = n.id)", "Actual Rows": 1558}], "Actual Rows": 1558}], "Actual Rows": 1558}, {"Node Type": "Bitmap Heap Scan", "Parent Relationship": "Inner", "Relation Name": "cast_info", "Alias": "ci", "Startup Cost": 1.0, "Total Cost": 5.32, "Plan Rows": 1, "Plan Width": 16, "Actual Min Startup Time": 50.075, "Actual Max Startup Time": 50.075, "Actual Min Total Time": 53.376, "Actual Max Total Time": 53.376, "Recheck Cond": "(person_id = an.person_id)", "Rows Removed by Index Recheck": 0, "Filter": "((note)::text = ANY ('{(voice),\"(voice: Japanese version)\",\"(voice) (uncredited)\",\"(voice: English version)\"}'::text[]))", "Rows Removed by Filter": 69057, "Exact Heap Blocks": 2627, "Lossy Heap Blocks": 2627, "Plans": [{"Node Type": "Bitmap Index Scan", "Parent Relationship": "Outer", "Index Name": "person_id_cast_info", "Startup Cost": 0.0, "Total Cost": 1.0, "Plan Rows": 18, "Plan Width": 0, "Actual Min Startup Time": 16.75, "Actual Max Startup Time": 16.75, "Actual Min Total Time": 16.75, "Actual Max Total Time": 16.75, "Index Cond": "(person_id = an.person_id)", "Actual Rows": 69482}], "Actual Rows": 425}], "Actual Rows": 425}], "Actual Rows": 426}], "Actual Rows": 425}, {"Node Type": "Bitmap Heap Scan", "Parent Relationship": "Inner", "Relation Name": "movie_companies", "Alias": "mc", "Startup Cost": 0.31, "Total Cost": 4.35, "Plan Rows": 1, "Plan Width": 8, "Actual Min Startup Time": 3.932, "Actual Max Startup Time": 3.932, "Actual Min Total Time": 4.897, "Actual Max Total Time": 4.897, "Recheck Cond": "(movie_id = ci.movie_id)", "Rows Removed by Index Recheck": 0, "Filter": "((note IS NOT NULL) AND (((note)::text ~~ '%(USA)%'::text) OR ((note)::text ~~ '%(worldwide)%'::text)))", "Rows Removed by Filter": 1538, "Exact Heap Blocks": 580, "Lossy Heap Blocks": 580, "Plans": [{"Node Type": "Bitmap Index Scan", "Parent Relationship": "Outer", "Index Name": "movie_id_movie_companies", "Startup Cost": 0.0, "Total Cost": 0.31, "Plan Rows": 2, "Plan Width": 0, "Actual Min Startup Time": 2.128, "Actual Max Startup Time": 2.128, "Actual Min Total Time": 2.128, "Actual Max Total Time": 2.128, "Index Cond": "(movie_id = ci.movie_id)", "Actual Rows": 1911}], "Actual Rows": 373}], "Actual Rows": 373}, {"Node Type": "Bitmap Heap Scan", "Parent Relationship": "Inner", "Relation Name": "char_name", "Alias": "chn", "Startup Cost": 0.31, "Total Cost": 4.33, "Plan Rows": 1, "Plan Width": 20, "Actual Min Startup Time": 1.693, "Actual Max Startup Time": 1.693, "Actual Min Total Time": 1.693, "Actual Max Total Time": 1.693, "Recheck Cond": "(id = ci.person_role_id)", "Rows Removed by Index Recheck": 0, "Exact Heap Blocks": 348, "Lossy Heap Blocks": 348, "Plans": [{"Node Type": "Bitmap Index Scan", "Parent Relationship": "Outer", "Index Name": "char_name_pkey", "Startup Cost": 0.0, "Total Cost": 0.31, "Plan Rows": 1, "Plan Width": 0, "Actual Min Startup Time": 1.074, "Actual Max Startup Time": 1.074, "Actual Min Total Time": 1.074, "Actual Max Total Time": 1.074, "Index Cond": "(id = ci.person_role_id)", "Actual Rows": 348}], "Actual Rows": 348}], "Actual Rows": 348}, {"Node Type": "Bitmap Heap Scan", "Parent Relationship": "Inner", "Relation Name": "company_name", "Alias": "cn", "Startup Cost": 0.26, "Total Cost": 4.28, "Plan Rows": 1, "Plan Width": 4, "Actual Min Startup Time": 1.819, "Actual Max Startup Time": 1.819, "Actual Min Total Time": 1.819, "Actual Max Total Time": 1.819, "Recheck Cond": "(id = mc.company_id)", "Rows Removed by Index Recheck": 0, "Filter": "((country_code)::text = '[us]'::text)", "Rows Removed by Filter": 7, "Exact Heap Blocks": 348, "Lossy Heap Blocks": 348, "Plans": [{"Node Type": "Bitmap Index Scan", "Parent Relationship": "Outer", "Index Name": "company_name_pkey", "Startup Cost": 0.0, "Total Cost": 0.26, "Plan Rows": 1, "Plan Width": 0, "Actual Min Startup Time": 1.023, "Actual Max Startup Time": 1.023, "Actual Min Total Time": 1.023, "Actual Max Total Time": 1.023, "Index Cond": "(id = mc.company_id)", "Actual Rows": 348}], "Actual Rows": 341}], "Actual Rows": 341}, {"Node Type": "Bitmap Heap Scan", "Parent Relationship": "Inner", "Relation Name": "title", "Alias": "t", "Startup Cost": 0.3, "Total Cost": 4.32, "Plan Rows": 1, "Plan Width": 21, "Actual Min Startup Time": 2.105, "Actual Max Startup Time": 2.105, "Actual Min Total Time": 2.105, "Actual Max Total Time": 2.105, "Recheck Cond": "(id = ci.movie_id)", "Rows Removed by Index Recheck": 0, "Filter": "((production_year >= 2005) AND (production_year <= 2015))", "Rows Removed by Filter": 220, "Exact Heap Blocks": 341, "Lossy Heap Blocks": 341, "Plans": [{"Node Type": "Bitmap Index Scan", "Parent Relationship": "Outer", "Index Name": "title_pkey", "Startup Cost": 0.0, "Total Cost": 0.3, "Plan Rows": 1, "Plan Width": 0, "Actual Min Startup Time": 1.263, "Actual Max Startup Time": 1.263, "Actual Min Total Time": 1.263, "Actual Max Total Time": 1.263, "Index Cond": "(id = ci.movie_id)", "Actual Rows": 341}], "Actual Rows": 121}], "Actual Rows": 121}], "Actual Rows": 1}, "Triggers": [], "Planner Runtime": 247, "Total Runtime": 233.701, "Unique SQL Id": 3431223514}}, "(16, 35)": {"explain_plan": {"Plan": {"Node Type": "Aggregate", "Strategy": "Plain", "Startup Cost": 199166.12, "Total Cost": 199166.13, "Plan Rows": 1, "Plan Width": 145, "Plans": [{"Node Type": "Nested Loop", "Parent Relationship": "Outer", "Join Type": "Inner", "Startup Cost": 83164.39, "Total Cost": 199166.11, "Plan Rows": 1, "Plan Width": 49, "Inner Unique": true, "Plans": [{"Node Type": "Nested Loop", "Parent Relationship": "Outer", "Join Type": "Inner", "Startup Cost": 83164.09, "Total Cost": 199161.78, "Plan Rows": 1, "Plan Width": 40, "Inner Unique": true, "Plans": [{"Node Type": "Nested Loop", "Parent Relationship": "Outer", "Join Type": "Inner", "Startup Cost": 83163.78, "Total Cost": 199153.11, "Plan Rows": 2, "Plan Width": 28, "Inner Unique": true, "Plans": [{"Node Type": "Nested Loop", "Parent Relationship": "Outer", "Join Type": "Inner", "Startup Cost": 83163.51, "Total Cost": 199131.67, "Plan Rows": 5, "Plan Width": 32, "Inner Unique": false, "Plans": [{"Node Type": "Nested Loop", "Parent Relationship": "Outer", "Join Type": "Inner", "Startup Cost": 83163.2, "Total Cost": 199075.04, "Plan Rows": 13, "Plan Width": 24, "Inner Unique": true, "Plans": [{"Node Type": "Nested Loop", "Parent Relationship": "Outer", "Join Type": "Inner", "Startup Cost": 83162.94, "Total Cost": 198471.17, "Plan Rows": 141, "Plan Width": 28, "Inner Unique": false, "Join Filter": "(n.id = ci.person_id)", "Plans": [{"Node Type": "Nested Loop", "Parent Relationship": "Outer", "Join Type": "Inner", "Startup Cost": 83161.94, "Total Cost": 197857.98, "Plan Rows": 115, "Plan Width": 24, "Inner Unique": false, "Plans": [{"Node Type": "Bitmap Heap Scan", "Parent Relationship": "Outer", "Relation Name": "name", "Alias": "n", "Startup Cost": 83157.72, "Total Cost": 197067.07, "Plan Rows": 96, "Plan Width": 4, "Filter": "(((name)::text ~~ '%Ang%'::text) AND ((gender)::text = 'f'::text))", "Plans": [{"Node Type": "Bitmap Index Scan", "Parent Relationship": "Outer", "Index Name": "name_pkey", "Startup Cost": 0.0, "Total Cost": 83157.7, "Plan Rows": 4167490, "Plan Width": 0}]}, {"Node Type": "Bitmap Heap Scan", "Parent Relationship": "Inner", "Relation Name": "aka_name", "Alias": "an", "Startup Cost": 4.22, "Total Cost": 8.23, "Plan Rows": 1, "Plan Width": 20, "Recheck Cond": "(person_id = n.id)", "Plans": [{"Node Type": "Bitmap Index Scan", "Parent Relationship": "Outer", "Index Name": "person_id_aka_name", "Startup Cost": 0.0, "Total Cost": 4.22, "Plan Rows": 1, "Plan Width": 0, "Index Cond": "(person_id = n.id)"}]}]}, {"Node Type": "Bitmap Heap Scan", "Parent Relationship": "Inner", "Relation Name": "cast_info", "Alias": "ci", "Startup Cost": 1.0, "Total Cost": 5.32, "Plan Rows": 1, "Plan Width": 16, "Recheck Cond": "(person_id = an.person_id)", "Filter": "((note)::text = ANY ('{(voice),\"(voice: Japanese version)\",\"(voice) (uncredited)\",\"(voice: English version)\"}'::text[]))", "Plans": [{"Node Type": "Bitmap Index Scan", "Parent Relationship": "Outer", "Index Name": "person_id_cast_info", "Startup Cost": 0.0, "Total Cost": 1.0, "Plan Rows": 18, "Plan Width": 0, "Index Cond": "(person_id = an.person_id)"}]}]}, {"Node Type": "Bitmap Heap Scan", "Parent Relationship": "Inner", "Relation Name": "role_type", "Alias": "rt", "Startup Cost": 0.26, "Total Cost": 4.27, "Plan Rows": 1, "Plan Width": 4, "Recheck Cond": "(id = ci.role_id)", "Filter": "((role)::text = 'actress'::text)", "Plans": [{"Node Type": "Bitmap Index Scan", "Parent Relationship": "Outer", "Index Name": "role_type_pkey", "Startup Cost": 0.0, "Total Cost": 0.26, "Plan Rows": 1, "Plan Width": 0, "Index Cond": "(id = ci.role_id)"}]}]}, {"Node Type": "Bitmap Heap Scan", "Parent Relationship": "Inner", "Relation Name": "movie_companies", "Alias": "mc", "Startup Cost": 0.31, "Total Cost": 4.35, "Plan Rows": 1, "Plan Width": 8, "Recheck Cond": "(movie_id = ci.movie_id)", "Filter": "((note IS NOT NULL) AND (((note)::text ~~ '%(USA)%'::text) OR ((note)::text ~~ '%(worldwide)%'::text)))", "Plans": [{"Node Type": "Bitmap Index Scan", "Parent Relationship": "Outer", "Index Name": "movie_id_movie_companies", "Startup Cost": 0.0, "Total Cost": 0.31, "Plan Rows": 2, "Plan Width": 0, "Index Cond": "(movie_id = ci.movie_id)"}]}]}, {"Node Type": "Bitmap Heap Scan", "Parent Relationship": "Inner", "Relation Name": "company_name", "Alias": "cn", "Startup Cost": 0.26, "Total Cost": 4.28, "Plan Rows": 1, "Plan Width": 4, "Recheck Cond": "(id = mc.company_id)", "Filter": "((country_code)::text = '[us]'::text)", "Plans": [{"Node Type": "Bitmap Index Scan", "Parent Relationship": "Outer", "Index Name": "company_name_pkey", "Startup Cost": 0.0, "Total Cost": 0.26, "Plan Rows": 1, "Plan Width": 0, "Index Cond": "(id = mc.company_id)"}]}]}, {"Node Type": "Bitmap Heap Scan", "Parent Relationship": "Inner", "Relation Name": "char_name", "Alias": "chn", "Startup Cost": 0.31, "Total Cost": 4.33, "Plan Rows": 1, "Plan Width": 20, "Recheck Cond": "(id = ci.person_role_id)", "Plans": [{"Node Type": "Bitmap Index Scan", "Parent Relationship": "Outer", "Index Name": "char_name_pkey", "Startup Cost": 0.0, "Total Cost": 0.31, "Plan Rows": 1, "Plan Width": 0, "Index Cond": "(id = ci.person_role_id)"}]}]}, {"Node Type": "Bitmap Heap Scan", "Parent Relationship": "Inner", "Relation Name": "title", "Alias": "t", "Startup Cost": 0.3, "Total Cost": 4.32, "Plan Rows": 1, "Plan Width": 21, "Recheck Cond": "(id = ci.movie_id)", "Filter": "((production_year >= 2005) AND (production_year <= 2015))", "Plans": [{"Node Type": "Bitmap Index Scan", "Parent Relationship": "Outer", "Index Name": "title_pkey", "Startup Cost": 0.0, "Total Cost": 0.3, "Plan Rows": 1, "Plan Width": 0, "Index Cond": "(id = ci.movie_id)"}]}]}]}, "Unique SQL Id": 3431223514, "Planner Runtime": 50}, "explain_analyze_plan": null}, "(16, 36)": {"explain_plan": {"Plan": {"Node Type": "Aggregate", "Strategy": "Plain", "Startup Cost": 23199.8, "Total Cost": 23199.81, "Plan Rows": 1, "Plan Width": 145, "Plans": [{"Node Type": "Nested Loop", "Parent Relationship": "Outer", "Join Type": "Inner", "Startup Cost": 0.0, "Total Cost": 23199.79, "Plan Rows": 1, "Plan Width": 49, "Inner Unique": true, "Plans": [{"Node Type": "Nested Loop", "Parent Relationship": "Outer", "Join Type": "Inner", "Startup Cost": 0.0, "Total Cost": 23199.29, "Plan Rows": 1, "Plan Width": 40, "Inner Unique": true, "Plans": [{"Node Type": "Nested Loop", "Parent Relationship": "Outer", "Join Type": "Inner", "Startup Cost": 0.0, "Total Cost": 23198.64, "Plan Rows": 2, "Plan Width": 44, "Inner Unique": true, "Plans": [{"Node Type": "Nested Loop", "Parent Relationship": "Outer", "Join Type": "Inner", "Startup Cost": 0.0, "Total Cost": 23196.09, "Plan Rows": 5, "Plan Width": 32, "Inner Unique": false, "Plans": [{"Node Type": "Nested Loop", "Parent Relationship": "Outer", "Join Type": "Inner", "Startup Cost": 0.0, "Total Cost": 23190.48, "Plan Rows": 13, "Plan Width": 24, "Inner Unique": false, "Join Filter": "(ci.role_id = rt.id)", "Plans": [{"Node Type": "Seq Scan", "Parent Relationship": "Outer", "Relation Name": "role_type", "Alias": "rt", "Startup Cost": 0.0, "Total Cost": 1.15, "Plan Rows": 1, "Plan Width": 4, "Filter": "((role)::text = 'actress'::text)"}, {"Node Type": "Materialize", "Parent Relationship": "Inner", "Startup Cost": 0.0, "Total Cost": 23187.92, "Plan Rows": 141, "Plan Width": 28, "Plans": [{"Node Type": "Nested Loop", "Parent Relationship": "Outer", "Join Type": "Inner", "Startup Cost": 0.0, "Total Cost": 23187.57, "Plan Rows": 141, "Plan Width": 28, "Inner Unique": false, "Join Filter": "(n.id = ci.person_id)", "Plans": [{"Node Type": "Nested Loop", "Parent Relationship": "Outer", "Join Type": "Inner", "Startup Cost": 0.0, "Total Cost": 22912.29, "Plan Rows": 115, "Plan Width": 24, "Inner Unique": false, "Plans": [{"Node Type": "Streaming(type: LOCAL GATHER dop: 1/16)", "Parent Relationship": "Outer", "Startup Cost": 0.0, "Total Cost": 22121.41, "Plan Rows": 96, "Plan Width": 4, "Plans": [{"Node Type": "Seq Scan", "Parent Relationship": "Outer", "Relation Name": "name", "Alias": "n", "Startup Cost": 0.0, "Total Cost": 22119.33, "Plan Rows": 96, "Plan Width": 4, "Filter": "(((name)::text ~~ '%Ang%'::text) AND ((gender)::text = 'f'::text))"}]}, {"Node Type": "Index Scan", "Parent Relationship": "Inner", "Scan Direction": "Forward", "Index Name": "person_id_aka_name", "Relation Name": "aka_name", "Alias": "an", "Startup Cost": 0.0, "Total Cost": 8.23, "Plan Rows": 1, "Plan Width": 20, "Index Cond": "(person_id = n.id)"}]}, {"Node Type": "Index Scan", "Parent Relationship": "Inner", "Scan Direction": "Forward", "Index Name": "person_id_cast_info", "Relation Name": "cast_info", "Alias": "ci", "Startup Cost": 0.0, "Total Cost": 2.38, "Plan Rows": 1, "Plan Width": 16, "Index Cond": "(person_id = an.person_id)", "Filter": "((note)::text = ANY ('{(voice),\"(voice: Japanese version)\",\"(voice) (uncredited)\",\"(voice: English version)\"}'::text[]))"}]}]}]}, {"Node Type": "Index Scan", "Parent Relationship": "Inner", "Scan Direction": "Forward", "Index Name": "movie_id_movie_companies", "Relation Name": "movie_companies", "Alias": "mc", "Startup Cost": 0.0, "Total Cost": 0.42, "Plan Rows": 1, "Plan Width": 8, "Index Cond": "(movie_id = ci.movie_id)", "Filter": "((note IS NOT NULL) AND (((note)::text ~~ '%(USA)%'::text) OR ((note)::text ~~ '%(worldwide)%'::text)))"}]}, {"Node Type": "Index Scan", "Parent Relationship": "Inner", "Scan Direction": "Forward", "Index Name": "char_name_pkey", "Relation Name": "char_name", "Alias": "chn", "Startup Cost": 0.0, "Total Cost": 0.5, "Plan Rows": 1, "Plan Width": 20, "Index Cond": "(id = ci.person_role_id)"}]}, {"Node Type": "Index Scan", "Parent Relationship": "Inner", "Scan Direction": "Forward", "Index Name": "company_name_pkey", "Relation Name": "company_name", "Alias": "cn", "Startup Cost": 0.0, "Total Cost": 0.32, "Plan Rows": 1, "Plan Width": 4, "Index Cond": "(id = mc.company_id)", "Filter": "((country_code)::text = '[us]'::text)"}]}, {"Node Type": "Index Scan", "Parent Relationship": "Inner", "Scan Direction": "Forward", "Index Name": "title_pkey", "Relation Name": "title", "Alias": "t", "Startup Cost": 0.0, "Total Cost": 0.49, "Plan Rows": 1, "Plan Width": 21, "Index Cond": "(id = ci.movie_id)", "Filter": "((production_year >= 2005) AND (production_year <= 2015))"}]}]}, "Unique SQL Id": 3431223514, "Planner Runtime": 144}, "explain_analyze_plan": {"Plan": {"Node Type": "Aggregate", "Strategy": "Plain", "Startup Cost": 23199.8, "Total Cost": 23199.81, "Plan Rows": 1, "Plan Width": 145, "Actual Min Startup Time": 189.942, "Actual Max Startup Time": 189.942, "Actual Min Total Time": 189.942, "Actual Max Total Time": 189.942, "Plans": [{"Node Type": "Nested Loop", "Parent Relationship": "Outer", "Join Type": "Inner", "Startup Cost": 0.0, "Total Cost": 23199.79, "Plan Rows": 1, "Plan Width": 49, "Actual Min Startup Time": 181.099, "Actual Max Startup Time": 181.099, "Actual Min Total Time": 189.781, "Actual Max Total Time": 189.781, "Inner Unique": true, "Plans": [{"Node Type": "Nested Loop", "Parent Relationship": "Outer", "Join Type": "Inner", "Startup Cost": 0.0, "Total Cost": 23199.29, "Plan Rows": 1, "Plan Width": 40, "Actual Min Startup Time": 180.812, "Actual Max Startup Time": 180.812, "Actual Min Total Time": 188.094, "Actual Max Total Time": 188.094, "Inner Unique": true, "Plans": [{"Node Type": "Nested Loop", "Parent Relationship": "Outer", "Join Type": "Inner", "Startup Cost": 0.0, "Total Cost": 23198.64, "Plan Rows": 2, "Plan Width": 44, "Actual Min Startup Time": 180.793, "Actual Max Startup Time": 180.793, "Actual Min Total Time": 186.568, "Actual Max Total Time": 186.568, "Inner Unique": true, "Plans": [{"Node Type": "Nested Loop", "Parent Relationship": "Outer", "Join Type": "Inner", "Startup Cost": 0.0, "Total Cost": 23196.09, "Plan Rows": 5, "Plan Width": 32, "Actual Min Startup Time": 180.775, "Actual Max Startup Time": 180.775, "Actual Min Total Time": 185.027, "Actual Max Total Time": 185.027, "Inner Unique": false, "Plans": [{"Node Type": "Nested Loop", "Parent Relationship": "Outer", "Join Type": "Inner", "Startup Cost": 0.0, "Total Cost": 23190.48, "Plan Rows": 13, "Plan Width": 24, "Actual Min Startup Time": 180.727, "Actual Max Startup Time": 180.727, "Actual Min Total Time": 181.011, "Actual Max Total Time": 181.011, "Inner Unique": false, "Join Filter": "(ci.role_id = rt.id)", "Rows Removed by Join Filter": 0, "Plans": [{"Node Type": "Seq Scan", "Parent Relationship": "Outer", "Relation Name": "role_type", "Alias": "rt", "Startup Cost": 0.0, "Total Cost": 1.15, "Plan Rows": 1, "Plan Width": 4, "Actual Min Startup Time": 0.028, "Actual Max Startup Time": 0.028, "Actual Min Total Time": 0.033, "Actual Max Total Time": 0.033, "Filter": "((role)::text = 'actress'::text)", "Rows Removed by Filter": 11, "Actual Rows": 1}, {"Node Type": "Materialize", "Parent Relationship": "Inner", "Startup Cost": 0.0, "Total Cost": 23187.92, "Plan Rows": 141, "Plan Width": 28, "Actual Min Startup Time": 180.682, "Actual Max Startup Time": 180.682, "Actual Min Total Time": 180.754, "Actual Max Total Time": 180.754, "Plans": [{"Node Type": "Nested Loop", "Parent Relationship": "Outer", "Join Type": "Inner", "Startup Cost": 0.0, "Total Cost": 23187.57, "Plan Rows": 141, "Plan Width": 28, "Actual Min Startup Time": 60.138, "Actual Max Startup Time": 60.138, "Actual Min Total Time": 180.446, "Actual Max Total Time": 180.446, "Inner Unique": false, "Join Filter": "(n.id = ci.person_id)", "Rows Removed by Join Filter": 0, "Plans": [{"Node Type": "Nested Loop", "Parent Relationship": "Outer", "Join Type": "Inner", "Startup Cost": 0.0, "Total Cost": 22912.29, "Plan Rows": 115, "Plan Width": 24, "Actual Min Startup Time": 58.849, "Actual Max Startup Time": 58.849, "Actual Min Total Time": 130.527, "Actual Max Total Time": 130.527, "Inner Unique": false, "Plans": [{"Node Type": "Streaming(type: LOCAL GATHER dop: 1/16)", "Parent Relationship": "Outer", "Startup Cost": 0.0, "Total Cost": 22121.41, "Plan Rows": 96, "Plan Width": 4, "Actual Min Startup Time": 58.768, "Actual Max Startup Time": 58.768, "Actual Min Total Time": 108.328, "Actual Max Total Time": 108.328, "Plans": [{"Node Type": "Seq Scan", "Parent Relationship": "Outer", "Relation Name": "name", "Alias": "n", "Startup Cost": 0.0, "Total Cost": 22119.33, "Plan Rows": 96, "Plan Width": 4, "Actual Min Startup Time": 40.816, "Actual Max Startup Time": 45.066, "Actual Min Total Time": 101.069, "Actual Max Total Time": 105.932, "Filter": "(((name)::text ~~ '%Ang%'::text) AND ((gender)::text = 'f'::text))", "Rows Removed by Filter": 4160722, "Actual Rows": 6768}], "Actual Rows": 6768}, {"Node Type": "Index Scan", "Parent Relationship": "Inner", "Scan Direction": "Forward", "Index Name": "person_id_aka_name", "Relation Name": "aka_name", "Alias": "an", "Startup Cost": 0.0, "Total Cost": 8.23, "Plan Rows": 1, "Plan Width": 20, "Actual Min Startup Time": 17.88, "Actual Max Startup Time": 17.88, "Actual Min Total Time": 18.692, "Actual Max Total Time": 18.692, "Index Cond": "(person_id = n.id)", "Rows Removed by Index Recheck": 0, "Actual Rows": 1558}], "Actual Rows": 1558}, {"Node Type": "Index Scan", "Parent Relationship": "Inner", "Scan Direction": "Forward", "Index Name": "person_id_cast_info", "Relation Name": "cast_info", "Alias": "ci", "Startup Cost": 0.0, "Total Cost": 2.38, "Plan Rows": 1, "Plan Width": 16, "Actual Min Startup Time": 44.25, "Actual Max Startup Time": 44.25, "Actual Min Total Time": 48.899, "Actual Max Total Time": 48.899, "Index Cond": "(person_id = an.person_id)", "Rows Removed by Index Recheck": 0, "Filter": "((note)::text = ANY ('{(voice),\"(voice: Japanese version)\",\"(voice) (uncredited)\",\"(voice: English version)\"}'::text[]))", "Rows Removed by Filter": 69057, "Actual Rows": 425}], "Actual Rows": 425}], "Actual Rows": 426}], "Actual Rows": 425}, {"Node Type": "Index Scan", "Parent Relationship": "Inner", "Scan Direction": "Forward", "Index Name": "movie_id_movie_companies", "Relation Name": "movie_companies", "Alias": "mc", "Startup Cost": 0.0, "Total Cost": 0.42, "Plan Rows": 1, "Plan Width": 8, "Actual Min Startup Time": 2.606, "Actual Max Startup Time": 2.606, "Actual Min Total Time": 3.712, "Actual Max Total Time": 3.712, "Index Cond": "(movie_id = ci.movie_id)", "Rows Removed by Index Recheck": 0, "Filter": "((note IS NOT NULL) AND (((note)::text ~~ '%(USA)%'::text) OR ((note)::text ~~ '%(worldwide)%'::text)))", "Rows Removed by Filter": 1538, "Actual Rows": 373}], "Actual Rows": 373}, {"Node Type": "Index Scan", "Parent Relationship": "Inner", "Scan Direction": "Forward", "Index Name": "char_name_pkey", "Relation Name": "char_name", "Alias": "chn", "Startup Cost": 0.0, "Total Cost": 0.5, "Plan Rows": 1, "Plan Width": 20, "Actual Min Startup Time": 1.235, "Actual Max Startup Time": 1.235, "Actual Min Total Time": 1.235, "Actual Max Total Time": 1.235, "Index Cond": "(id = ci.person_role_id)", "Rows Removed by Index Recheck": 0, "Actual Rows": 348}], "Actual Rows": 348}, {"Node Type": "Index Scan", "Parent Relationship": "Inner", "Scan Direction": "Forward", "Index Name": "company_name_pkey", "Relation Name": "company_name", "Alias": "cn", "Startup Cost": 0.0, "Total Cost": 0.32, "Plan Rows": 1, "Plan Width": 4, "Actual Min Startup Time": 1.254, "Actual Max Startup Time": 1.254, "Actual Min Total Time": 1.254, "Actual Max Total Time": 1.254, "Index Cond": "(id = mc.company_id)", "Rows Removed by Index Recheck": 0, "Filter": "((country_code)::text = '[us]'::text)", "Rows Removed by Filter": 7, "Actual Rows": 341}], "Actual Rows": 341}, {"Node Type": "Index Scan", "Parent Relationship": "Inner", "Scan Direction": "Forward", "Index Name": "title_pkey", "Relation Name": "title", "Alias": "t", "Startup Cost": 0.0, "Total Cost": 0.49, "Plan Rows": 1, "Plan Width": 21, "Actual Min Startup Time": 1.456, "Actual Max Startup Time": 1.456, "Actual Min Total Time": 1.456, "Actual Max Total Time": 1.456, "Index Cond": "(id = ci.movie_id)", "Rows Removed by Index Recheck": 0, "Filter": "((production_year >= 2005) AND (production_year <= 2015))", "Rows Removed by Filter": 220, "Actual Rows": 121}], "Actual Rows": 121}], "Actual Rows": 1}, "Triggers": [], "Planner Runtime": 144, "Total Runtime": 193.165, "Unique SQL Id": 3431223514}}, "(16, 37)": {"explain_plan": {"Plan": {"Node Type": "Aggregate", "Strategy": "Plain", "Startup Cost": 154556.1, "Total Cost": 154556.11, "Plan Rows": 1, "Plan Width": 145, "Plans": [{"Node Type": "Nested Loop", "Parent Relationship": "Outer", "Join Type": "Inner", "Startup Cost": 0.0, "Total Cost": 154556.09, "Plan Rows": 1, "Plan Width": 49, "Inner Unique": true, "Plans": [{"Node Type": "Nested Loop", "Parent Relationship": "Outer", "Join Type": "Inner", "Startup Cost": 0.0, "Total Cost": 154555.59, "Plan Rows": 1, "Plan Width": 40, "Inner Unique": true, "Plans": [{"Node Type": "Nested Loop", "Parent Relationship": "Outer", "Join Type": "Inner", "Startup Cost": 0.0, "Total Cost": 154554.58, "Plan Rows": 2, "Plan Width": 28, "Inner Unique": true, "Plans": [{"Node Type": "Nested Loop", "Parent Relationship": "Outer", "Join Type": "Inner", "Startup Cost": 0.0, "Total Cost": 154552.94, "Plan Rows": 5, "Plan Width": 32, "Inner Unique": false, "Plans": [{"Node Type": "Nested Loop", "Parent Relationship": "Outer", "Join Type": "Inner", "Startup Cost": 0.0, "Total Cost": 154547.33, "Plan Rows": 13, "Plan Width": 24, "Inner Unique": false, "Join Filter": "(ci.role_id = rt.id)", "Plans": [{"Node Type": "Index Scan", "Parent Relationship": "Outer", "Scan Direction": "Forward", "Index Name": "role_type_pkey", "Relation Name": "role_type", "Alias": "rt", "Startup Cost": 0.0, "Total Cost": 12.46, "Plan Rows": 1, "Plan Width": 4, "Filter": "((role)::text = 'actress'::text)"}, {"Node Type": "Materialize", "Parent Relationship": "Inner", "Startup Cost": 0.0, "Total Cost": 154533.46, "Plan Rows": 141, "Plan Width": 28, "Plans": [{"Node Type": "Nested Loop", "Parent Relationship": "Outer", "Join Type": "Inner", "Startup Cost": 0.0, "Total Cost": 154533.1, "Plan Rows": 141, "Plan Width": 28, "Inner Unique": false, "Join Filter": "(n.id = ci.person_id)", "Plans": [{"Node Type": "Nested Loop", "Parent Relationship": "Outer", "Join Type": "Inner", "Startup Cost": 0.0, "Total Cost": 154257.82, "Plan Rows": 115, "Plan Width": 24, "Inner Unique": false, "Plans": [{"Node Type": "Streaming(type: LOCAL GATHER dop: 1/16)", "Parent Relationship": "Outer", "Startup Cost": 0.0, "Total Cost": 153466.94, "Plan Rows": 96, "Plan Width": 4, "Plans": [{"Node Type": "Index Scan", "Parent Relationship": "Outer", "Scan Direction": "Forward", "Index Name": "name_pkey", "Relation Name": "name", "Alias": "n", "Startup Cost": 0.0, "Total Cost": 153464.87, "Plan Rows": 96, "Plan Width": 4, "Filter": "(((name)::text ~~ '%Ang%'::text) AND ((gender)::text = 'f'::text))"}]}, {"Node Type": "Index Scan", "Parent Relationship": "Inner", "Scan Direction": "Forward", "Index Name": "person_id_aka_name", "Relation Name": "aka_name", "Alias": "an", "Startup Cost": 0.0, "Total Cost": 8.23, "Plan Rows": 1, "Plan Width": 20, "Index Cond": "(person_id = n.id)"}]}, {"Node Type": "Index Scan", "Parent Relationship": "Inner", "Scan Direction": "Forward", "Index Name": "person_id_cast_info", "Relation Name": "cast_info", "Alias": "ci", "Startup Cost": 0.0, "Total Cost": 2.38, "Plan Rows": 1, "Plan Width": 16, "Index Cond": "(person_id = an.person_id)", "Filter": "((note)::text = ANY ('{(voice),\"(voice: Japanese version)\",\"(voice) (uncredited)\",\"(voice: English version)\"}'::text[]))"}]}]}]}, {"Node Type": "Index Scan", "Parent Relationship": "Inner", "Scan Direction": "Forward", "Index Name": "movie_id_movie_companies", "Relation Name": "movie_companies", "Alias": "mc", "Startup Cost": 0.0, "Total Cost": 0.42, "Plan Rows": 1, "Plan Width": 8, "Index Cond": "(movie_id = ci.movie_id)", "Filter": "((note IS NOT NULL) AND (((note)::text ~~ '%(USA)%'::text) OR ((note)::text ~~ '%(worldwide)%'::text)))"}]}, {"Node Type": "Index Scan", "Parent Relationship": "Inner", "Scan Direction": "Forward", "Index Name": "company_name_pkey", "Relation Name": "company_name", "Alias": "cn", "Startup Cost": 0.0, "Total Cost": 0.32, "Plan Rows": 1, "Plan Width": 4, "Index Cond": "(id = mc.company_id)", "Filter": "((country_code)::text = '[us]'::text)"}]}, {"Node Type": "Index Scan", "Parent Relationship": "Inner", "Scan Direction": "Forward", "Index Name": "char_name_pkey", "Relation Name": "char_name", "Alias": "chn", "Startup Cost": 0.0, "Total Cost": 0.5, "Plan Rows": 1, "Plan Width": 20, "Index Cond": "(id = ci.person_role_id)"}]}, {"Node Type": "Index Scan", "Parent Relationship": "Inner", "Scan Direction": "Forward", "Index Name": "title_pkey", "Relation Name": "title", "Alias": "t", "Startup Cost": 0.0, "Total Cost": 0.49, "Plan Rows": 1, "Plan Width": 21, "Index Cond": "(id = ci.movie_id)", "Filter": "((production_year >= 2005) AND (production_year <= 2015))"}]}]}, "Unique SQL Id": 3431223514, "Planner Runtime": 62}, "explain_analyze_plan": {"Plan": {"Node Type": "Aggregate", "Strategy": "Plain", "Startup Cost": 154556.1, "Total Cost": 154556.11, "Plan Rows": 1, "Plan Width": 145, "Actual Min Startup Time": 381.158, "Actual Max Startup Time": 381.158, "Actual Min Total Time": 381.159, "Actual Max Total Time": 381.159, "Plans": [{"Node Type": "Nested Loop", "Parent Relationship": "Outer", "Join Type": "Inner", "Startup Cost": 0.0, "Total Cost": 154556.09, "Plan Rows": 1, "Plan Width": 49, "Actual Min Startup Time": 371.852, "Actual Max Startup Time": 371.852, "Actual Min Total Time": 381.01, "Actual Max Total Time": 381.01, "Inner Unique": true, "Plans": [{"Node Type": "Nested Loop", "Parent Relationship": "Outer", "Join Type": "Inner", "Startup Cost": 0.0, "Total Cost": 154555.59, "Plan Rows": 1, "Plan Width": 40, "Actual Min Startup Time": 370.918, "Actual Max Startup Time": 370.918, "Actual Min Total Time": 379.017, "Actual Max Total Time": 379.017, "Inner Unique": true, "Plans": [{"Node Type": "Nested Loop", "Parent Relationship": "Outer", "Join Type": "Inner", "Startup Cost": 0.0, "Total Cost": 154554.58, "Plan Rows": 2, "Plan Width": 28, "Actual Min Startup Time": 370.897, "Actual Max Startup Time": 370.897, "Actual Min Total Time": 377.445, "Actual Max Total Time": 377.445, "Inner Unique": true, "Plans": [{"Node Type": "Nested Loop", "Parent Relationship": "Outer", "Join Type": "Inner", "Startup Cost": 0.0, "Total Cost": 154552.94, "Plan Rows": 5, "Plan Width": 32, "Actual Min Startup Time": 370.872, "Actual Max Startup Time": 370.872, "Actual Min Total Time": 375.543, "Actual Max Total Time": 375.543, "Inner Unique": false, "Plans": [{"Node Type": "Nested Loop", "Parent Relationship": "Outer", "Join Type": "Inner", "Startup Cost": 0.0, "Total Cost": 154547.33, "Plan Rows": 13, "Plan Width": 24, "Actual Min Startup Time": 370.838, "Actual Max Startup Time": 370.838, "Actual Min Total Time": 371.129, "Actual Max Total Time": 371.129, "Inner Unique": false, "Join Filter": "(ci.role_id = rt.id)", "Rows Removed by Join Filter": 0, "Plans": [{"Node Type": "Index Scan", "Parent Relationship": "Outer", "Scan Direction": "Forward", "Index Name": "role_type_pkey", "Relation Name": "role_type", "Alias": "rt", "Startup Cost": 0.0, "Total Cost": 12.46, "Plan Rows": 1, "Plan Width": 4, "Actual Min Startup Time": 0.027, "Actual Max Startup Time": 0.027, "Actual Min Total Time": 0.034, "Actual Max Total Time": 0.034, "Filter": "((role)::text = 'actress'::text)", "Rows Removed by Filter": 11, "Actual Rows": 1}, {"Node Type": "Materialize", "Parent Relationship": "Inner", "Startup Cost": 0.0, "Total Cost": 154533.46, "Plan Rows": 141, "Plan Width": 28, "Actual Min Startup Time": 370.792, "Actual Max Startup Time": 370.792, "Actual Min Total Time": 370.871, "Actual Max Total Time": 370.871, "Plans": [{"Node Type": "Nested Loop", "Parent Relationship": "Outer", "Join Type": "Inner", "Startup Cost": 0.0, "Total Cost": 154533.1, "Plan Rows": 141, "Plan Width": 28, "Actual Min Startup Time": 96.425, "Actual Max Startup Time": 96.425, "Actual Min Total Time": 370.541, "Actual Max Total Time": 370.541, "Inner Unique": false, "Join Filter": "(n.id = ci.person_id)", "Rows Removed by Join Filter": 0, "Plans": [{"Node Type": "Nested Loop", "Parent Relationship": "Outer", "Join Type": "Inner", "Startup Cost": 0.0, "Total Cost": 154257.82, "Plan Rows": 115, "Plan Width": 24, "Actual Min Startup Time": 95.83, "Actual Max Startup Time": 95.83, "Actual Min Total Time": 315.879, "Actual Max Total Time": 315.879, "Inner Unique": false, "Plans": [{"Node Type": "Streaming(type: LOCAL GATHER dop: 1/16)", "Parent Relationship": "Outer", "Startup Cost": 0.0, "Total Cost": 153466.94, "Plan Rows": 96, "Plan Width": 4, "Actual Min Startup Time": 95.756, "Actual Max Startup Time": 95.756, "Actual Min Total Time": 293.923, "Actual Max Total Time": 293.923, "Plans": [{"Node Type": "Index Scan", "Parent Relationship": "Outer", "Scan Direction": "Forward", "Index Name": "name_pkey", "Relation Name": "name", "Alias": "n", "Startup Cost": 0.0, "Total Cost": 153464.87, "Plan Rows": 96, "Plan Width": 4, "Actual Min Startup Time": 40.31, "Actual Max Startup Time": 338.836, "Actual Min Total Time": 295.678, "Actual Max Total Time": 338.836, "Filter": "(((name)::text ~~ '%Ang%'::text) AND ((gender)::text = 'f'::text))", "Rows Removed by Filter": 4160722, "Actual Rows": 6768}], "Actual Rows": 6768}, {"Node Type": "Index Scan", "Parent Relationship": "Inner", "Scan Direction": "Forward", "Index Name": "person_id_aka_name", "Relation Name": "aka_name", "Alias": "an", "Startup Cost": 0.0, "Total Cost": 8.23, "Plan Rows": 1, "Plan Width": 20, "Actual Min Startup Time": 17.357, "Actual Max Startup Time": 17.357, "Actual Min Total Time": 18.22, "Actual Max Total Time": 18.22, "Index Cond": "(person_id = n.id)", "Rows Removed by Index Recheck": 0, "Actual Rows": 1558}], "Actual Rows": 1558}, {"Node Type": "Index Scan", "Parent Relationship": "Inner", "Scan Direction": "Forward", "Index Name": "person_id_cast_info", "Relation Name": "cast_info", "Alias": "ci", "Startup Cost": 0.0, "Total Cost": 2.38, "Plan Rows": 1, "Plan Width": 16, "Actual Min Startup Time": 48.528, "Actual Max Startup Time": 48.528, "Actual Min Total Time": 53.577, "Actual Max Total Time": 53.577, "Index Cond": "(person_id = an.person_id)", "Rows Removed by Index Recheck": 0, "Filter": "((note)::text = ANY ('{(voice),\"(voice: Japanese version)\",\"(voice) (uncredited)\",\"(voice: English version)\"}'::text[]))", "Rows Removed by Filter": 69057, "Actual Rows": 425}], "Actual Rows": 425}], "Actual Rows": 426}], "Actual Rows": 425}, {"Node Type": "Index Scan", "Parent Relationship": "Inner", "Scan Direction": "Forward", "Index Name": "movie_id_movie_companies", "Relation Name": "movie_companies", "Alias": "mc", "Startup Cost": 0.0, "Total Cost": 0.42, "Plan Rows": 1, "Plan Width": 8, "Actual Min Startup Time": 2.907, "Actual Max Startup Time": 2.907, "Actual Min Total Time": 4.086, "Actual Max Total Time": 4.086, "Index Cond": "(movie_id = ci.movie_id)", "Rows Removed by Index Recheck": 0, "Filter": "((note IS NOT NULL) AND (((note)::text ~~ '%(USA)%'::text) OR ((note)::text ~~ '%(worldwide)%'::text)))", "Rows Removed by Filter": 1538, "Actual Rows": 373}], "Actual Rows": 373}, {"Node Type": "Index Scan", "Parent Relationship": "Inner", "Scan Direction": "Forward", "Index Name": "company_name_pkey", "Relation Name": "company_name", "Alias": "cn", "Startup Cost": 0.0, "Total Cost": 0.32, "Plan Rows": 1, "Plan Width": 4, "Actual Min Startup Time": 1.6, "Actual Max Startup Time": 1.6, "Actual Min Total Time": 1.6, "Actual Max Total Time": 1.6, "Index Cond": "(id = mc.company_id)", "Rows Removed by Index Recheck": 0, "Filter": "((country_code)::text = '[us]'::text)", "Rows Removed by Filter": 14, "Actual Rows": 359}], "Actual Rows": 359}, {"Node Type": "Index Scan", "Parent Relationship": "Inner", "Scan Direction": "Forward", "Index Name": "char_name_pkey", "Relation Name": "char_name", "Alias": "chn", "Startup Cost": 0.0, "Total Cost": 0.5, "Plan Rows": 1, "Plan Width": 20, "Actual Min Startup Time": 1.275, "Actual Max Startup Time": 1.275, "Actual Min Total Time": 1.275, "Actual Max Total Time": 1.275, "Index Cond": "(id = ci.person_role_id)", "Rows Removed by Index Recheck": 0, "Actual Rows": 341}], "Actual Rows": 341}, {"Node Type": "Index Scan", "Parent Relationship": "Inner", "Scan Direction": "Forward", "Index Name": "title_pkey", "Relation Name": "title", "Alias": "t", "Startup Cost": 0.0, "Total Cost": 0.49, "Plan Rows": 1, "Plan Width": 21, "Actual Min Startup Time": 1.749, "Actual Max Startup Time": 1.749, "Actual Min Total Time": 1.749, "Actual Max Total Time": 1.749, "Index Cond": "(id = ci.movie_id)", "Rows Removed by Index Recheck": 0, "Filter": "((production_year >= 2005) AND (production_year <= 2015))", "Rows Removed by Filter": 220, "Actual Rows": 121}], "Actual Rows": 121}], "Actual Rows": 1}, "Triggers": [], "Planner Runtime": 15, "Total Runtime": 384.132, "Unique SQL Id": 3431223514}}, "(16, 38)": {"explain_plan": {"Plan": {"Node Type": "Aggregate", "Strategy": "Plain", "Startup Cost": 23623.98, "Total Cost": 23623.99, "Plan Rows": 1, "Plan Width": 145, "Plans": [{"Node Type": "Nested Loop", "Parent Relationship": "Outer", "Join Type": "Inner", "Startup Cost": 6.41, "Total Cost": 23623.96, "Plan Rows": 2, "Plan Width": 49, "Inner Unique": true, "Plans": [{"Node Type": "Nested Loop", "Parent Relationship": "Outer", "Join Type": "Inner", "Startup Cost": 6.11, "Total Cost": 23615.3, "Plan Rows": 2, "Plan Width": 40, "Inner Unique": true, "Plans": [{"Node Type": "Nested Loop", "Parent Relationship": "Outer", "Join Type": "Inner", "Startup Cost": 5.85, "Total Cost": 23606.73, "Plan Rows": 2, "Plan Width": 44, "Inner Unique": true, "Plans": [{"Node Type": "Nested Loop", "Parent Relationship": "Outer", "Join Type": "Inner", "Startup Cost": 5.53, "Total Cost": 23585.05, "Plan Rows": 5, "Plan Width": 32, "Inner Unique": false, "Plans": [{"Node Type": "Nested Loop", "Parent Relationship": "Outer", "Join Type": "Inner", "Startup Cost": 5.22, "Total Cost": 23528.42, "Plan Rows": 13, "Plan Width": 24, "Inner Unique": false, "Join Filter": "(ci.role_id = rt.id)", "Plans": [{"Node Type": "Seq Scan", "Parent Relationship": "Outer", "Relation Name": "role_type", "Alias": "rt", "Startup Cost": 0.0, "Total Cost": 1.15, "Plan Rows": 1, "Plan Width": 4, "Filter": "((role)::text = 'actress'::text)"}, {"Node Type": "Materialize", "Parent Relationship": "Inner", "Startup Cost": 5.22, "Total Cost": 23525.86, "Plan Rows": 141, "Plan Width": 28, "Plans": [{"Node Type": "Nested Loop", "Parent Relationship": "Outer", "Join Type": "Inner", "Startup Cost": 5.22, "Total Cost": 23525.5, "Plan Rows": 141, "Plan Width": 28, "Inner Unique": false, "Join Filter": "(n.id = ci.person_id)", "Plans": [{"Node Type": "Nested Loop", "Parent Relationship": "Outer", "Join Type": "Inner", "Startup Cost": 4.22, "Total Cost": 22912.31, "Plan Rows": 115, "Plan Width": 24, "Inner Unique": false, "Plans": [{"Node Type": "Streaming(type: LOCAL GATHER dop: 1/16)", "Parent Relationship": "Outer", "Startup Cost": 0.0, "Total Cost": 22121.41, "Plan Rows": 96, "Plan Width": 4, "Plans": [{"Node Type": "Seq Scan", "Parent Relationship": "Outer", "Relation Name": "name", "Alias": "n", "Startup Cost": 0.0, "Total Cost": 22119.33, "Plan Rows": 96, "Plan Width": 4, "Filter": "(((name)::text ~~ '%Ang%'::text) AND ((gender)::text = 'f'::text))"}]}, {"Node Type": "Bitmap Heap Scan", "Parent Relationship": "Inner", "Relation Name": "aka_name", "Alias": "an", "Startup Cost": 4.22, "Total Cost": 8.23, "Plan Rows": 1, "Plan Width": 20, "Recheck Cond": "(person_id = n.id)", "Plans": [{"Node Type": "Bitmap Index Scan", "Parent Relationship": "Outer", "Index Name": "person_id_aka_name", "Startup Cost": 0.0, "Total Cost": 4.22, "Plan Rows": 1, "Plan Width": 0, "Index Cond": "(person_id = n.id)"}]}]}, {"Node Type": "Bitmap Heap Scan", "Parent Relationship": "Inner", "Relation Name": "cast_info", "Alias": "ci", "Startup Cost": 1.0, "Total Cost": 5.32, "Plan Rows": 1, "Plan Width": 16, "Recheck Cond": "(person_id = an.person_id)", "Filter": "((note)::text = ANY ('{(voice),\"(voice: Japanese version)\",\"(voice) (uncredited)\",\"(voice: English version)\"}'::text[]))", "Plans": [{"Node Type": "Bitmap Index Scan", "Parent Relationship": "Outer", "Index Name": "person_id_cast_info", "Startup Cost": 0.0, "Total Cost": 1.0, "Plan Rows": 18, "Plan Width": 0, "Index Cond": "(person_id = an.person_id)"}]}]}]}]}, {"Node Type": "Bitmap Heap Scan", "Parent Relationship": "Inner", "Relation Name": "movie_companies", "Alias": "mc", "Startup Cost": 0.31, "Total Cost": 4.35, "Plan Rows": 1, "Plan Width": 8, "Recheck Cond": "(movie_id = ci.movie_id)", "Filter": "((note IS NOT NULL) AND (((note)::text ~~ '%(USA)%'::text) OR ((note)::text ~~ '%(worldwide)%'::text)))", "Plans": [{"Node Type": "Bitmap Index Scan", "Parent Relationship": "Outer", "Index Name": "movie_id_movie_companies", "Startup Cost": 0.0, "Total Cost": 0.31, "Plan Rows": 2, "Plan Width": 0, "Index Cond": "(movie_id = ci.movie_id)"}]}]}, {"Node Type": "Bitmap Heap Scan", "Parent Relationship": "Inner", "Relation Name": "char_name", "Alias": "chn", "Startup Cost": 0.31, "Total Cost": 4.33, "Plan Rows": 1, "Plan Width": 20, "Recheck Cond": "(id = ci.person_role_id)", "Plans": [{"Node Type": "Bitmap Index Scan", "Parent Relationship": "Outer", "Index Name": "char_name_pkey", "Startup Cost": 0.0, "Total Cost": 0.31, "Plan Rows": 1, "Plan Width": 0, "Index Cond": "(id = ci.person_role_id)"}]}]}, {"Node Type": "Bitmap Heap Scan", "Parent Relationship": "Inner", "Relation Name": "company_name", "Alias": "cn", "Startup Cost": 0.26, "Total Cost": 4.28, "Plan Rows": 1, "Plan Width": 4, "Recheck Cond": "(id = mc.company_id)", "Filter": "((country_code)::text = '[us]'::text)", "Plans": [{"Node Type": "Bitmap Index Scan", "Parent Relationship": "Outer", "Index Name": "company_name_pkey", "Startup Cost": 0.0, "Total Cost": 0.26, "Plan Rows": 1, "Plan Width": 0, "Index Cond": "(id = mc.company_id)"}]}]}, {"Node Type": "Bitmap Heap Scan", "Parent Relationship": "Inner", "Relation Name": "title", "Alias": "t", "Startup Cost": 0.3, "Total Cost": 4.32, "Plan Rows": 1, "Plan Width": 21, "Recheck Cond": "(id = ci.movie_id)", "Filter": "((production_year >= 2005) AND (production_year <= 2015))", "Plans": [{"Node Type": "Bitmap Index Scan", "Parent Relationship": "Outer", "Index Name": "title_pkey", "Startup Cost": 0.0, "Total Cost": 0.3, "Plan Rows": 1, "Plan Width": 0, "Index Cond": "(id = ci.movie_id)"}]}]}]}, "Unique SQL Id": 3431223514, "Planner Runtime": 247}, "explain_analyze_plan": {"Plan": {"Node Type": "Aggregate", "Strategy": "Plain", "Startup Cost": 23623.98, "Total Cost": 23623.99, "Plan Rows": 1, "Plan Width": 145, "Actual Min Startup Time": 230.518, "Actual Max Startup Time": 230.518, "Actual Min Total Time": 230.518, "Actual Max Total Time": 230.518, "Plans": [{"Node Type": "Nested Loop", "Parent Relationship": "Outer", "Join Type": "Inner", "Startup Cost": 6.41, "Total Cost": 23623.96, "Plan Rows": 2, "Plan Width": 49, "Actual Min Startup Time": 217.622, "Actual Max Startup Time": 217.622, "Actual Min Total Time": 230.338, "Actual Max Total Time": 230.338, "Inner Unique": true, "Plans": [{"Node Type": "Nested Loop", "Parent Relationship": "Outer", "Join Type": "Inner", "Startup Cost": 6.11, "Total Cost": 23615.3, "Plan Rows": 2, "Plan Width": 40, "Actual Min Startup Time": 217.583, "Actual Max Startup Time": 217.583, "Actual Min Total Time": 227.791, "Actual Max Total Time": 227.791, "Inner Unique": true, "Plans": [{"Node Type": "Nested Loop", "Parent Relationship": "Outer", "Join Type": "Inner", "Startup Cost": 5.85, "Total Cost": 23606.73, "Plan Rows": 2, "Plan Width": 44, "Actual Min Startup Time": 217.552, "Actual Max Startup Time": 217.552, "Actual Min Total Time": 225.464, "Actual Max Total Time": 225.464, "Inner Unique": true, "Plans": [{"Node Type": "Nested Loop", "Parent Relationship": "Outer", "Join Type": "Inner", "Startup Cost": 5.53, "Total Cost": 23585.05, "Plan Rows": 5, "Plan Width": 32, "Actual Min Startup Time": 217.473, "Actual Max Startup Time": 217.473, "Actual Min Total Time": 223.255, "Actual Max Total Time": 223.255, "Inner Unique": false, "Plans": [{"Node Type": "Nested Loop", "Parent Relationship": "Outer", "Join Type": "Inner", "Startup Cost": 5.22, "Total Cost": 23528.42, "Plan Rows": 13, "Plan Width": 24, "Actual Min Startup Time": 217.427, "Actual Max Startup Time": 217.427, "Actual Min Total Time": 217.739, "Actual Max Total Time": 217.739, "Inner Unique": false, "Join Filter": "(ci.role_id = rt.id)", "Rows Removed by Join Filter": 0, "Plans": [{"Node Type": "Seq Scan", "Parent Relationship": "Outer", "Relation Name": "role_type", "Alias": "rt", "Startup Cost": 0.0, "Total Cost": 1.15, "Plan Rows": 1, "Plan Width": 4, "Actual Min Startup Time": 0.031, "Actual Max Startup Time": 0.031, "Actual Min Total Time": 0.036, "Actual Max Total Time": 0.036, "Filter": "((role)::text = 'actress'::text)", "Rows Removed by Filter": 11, "Actual Rows": 1}, {"Node Type": "Materialize", "Parent Relationship": "Inner", "Startup Cost": 5.22, "Total Cost": 23525.86, "Plan Rows": 141, "Plan Width": 28, "Actual Min Startup Time": 217.382, "Actual Max Startup Time": 217.382, "Actual Min Total Time": 217.456, "Actual Max Total Time": 217.456, "Plans": [{"Node Type": "Nested Loop", "Parent Relationship": "Outer", "Join Type": "Inner", "Startup Cost": 5.22, "Total Cost": 23525.5, "Plan Rows": 141, "Plan Width": 28, "Actual Min Startup Time": 80.051, "Actual Max Startup Time": 80.051, "Actual Min Total Time": 217.172, "Actual Max Total Time": 217.172, "Inner Unique": false, "Join Filter": "(n.id = ci.person_id)", "Rows Removed by Join Filter": 0, "Plans": [{"Node Type": "Nested Loop", "Parent Relationship": "Outer", "Join Type": "Inner", "Startup Cost": 4.22, "Total Cost": 22912.31, "Plan Rows": 115, "Plan Width": 24, "Actual Min Startup Time": 79.885, "Actual Max Startup Time": 79.885, "Actual Min Total Time": 161.683, "Actual Max Total Time": 161.683, "Inner Unique": false, "Plans": [{"Node Type": "Streaming(type: LOCAL GATHER dop: 1/16)", "Parent Relationship": "Outer", "Startup Cost": 0.0, "Total Cost": 22121.41, "Plan Rows": 96, "Plan Width": 4, "Actual Min Startup Time": 79.796, "Actual Max Startup Time": 79.796, "Actual Min Total Time": 130.656, "Actual Max Total Time": 130.656, "Plans": [{"Node Type": "Seq Scan", "Parent Relationship": "Outer", "Relation Name": "name", "Alias": "n", "Startup Cost": 0.0, "Total Cost": 22119.33, "Plan Rows": 96, "Plan Width": 4, "Actual Min Startup Time": 42.663, "Actual Max Startup Time": 47.561, "Actual Min Total Time": 105.963, "Actual Max Total Time": 112.359, "Filter": "(((name)::text ~~ '%Ang%'::text) AND ((gender)::text = 'f'::text))", "Rows Removed by Filter": 4160722, "Actual Rows": 6768}], "Actual Rows": 6768}, {"Node Type": "Bitmap Heap Scan", "Parent Relationship": "Inner", "Relation Name": "aka_name", "Alias": "an", "Startup Cost": 4.22, "Total Cost": 8.23, "Plan Rows": 1, "Plan Width": 20, "Actual Min Startup Time": 22.924, "Actual Max Startup Time": 22.924, "Actual Min Total Time": 23.524, "Actual Max Total Time": 23.524, "Recheck Cond": "(person_id = n.id)", "Rows Removed by Index Recheck": 0, "Exact Heap Blocks": 1014, "Lossy Heap Blocks": 1014, "Plans": [{"Node Type": "Bitmap Index Scan", "Parent Relationship": "Outer", "Index Name": "person_id_aka_name", "Startup Cost": 0.0, "Total Cost": 4.22, "Plan Rows": 1, "Plan Width": 0, "Actual Min Startup Time": 17.339, "Actual Max Startup Time": 17.339, "Actual Min Total Time": 17.339, "Actual Max Total Time": 17.339, "Index Cond": "(person_id = n.id)", "Actual Rows": 1558}], "Actual Rows": 1558}], "Actual Rows": 1558}, {"Node Type": "Bitmap Heap Scan", "Parent Relationship": "Inner", "Relation Name": "cast_info", "Alias": "ci", "Startup Cost": 1.0, "Total Cost": 5.32, "Plan Rows": 1, "Plan Width": 16, "Actual Min Startup Time": 50.075, "Actual Max Startup Time": 50.075, "Actual Min Total Time": 53.376, "Actual Max Total Time": 53.376, "Recheck Cond": "(person_id = an.person_id)", "Rows Removed by Index Recheck": 0, "Filter": "((note)::text = ANY ('{(voice),\"(voice: Japanese version)\",\"(voice) (uncredited)\",\"(voice: English version)\"}'::text[]))", "Rows Removed by Filter": 69057, "Exact Heap Blocks": 2627, "Lossy Heap Blocks": 2627, "Plans": [{"Node Type": "Bitmap Index Scan", "Parent Relationship": "Outer", "Index Name": "person_id_cast_info", "Startup Cost": 0.0, "Total Cost": 1.0, "Plan Rows": 18, "Plan Width": 0, "Actual Min Startup Time": 16.75, "Actual Max Startup Time": 16.75, "Actual Min Total Time": 16.75, "Actual Max Total Time": 16.75, "Index Cond": "(person_id = an.person_id)", "Actual Rows": 69482}], "Actual Rows": 425}], "Actual Rows": 425}], "Actual Rows": 426}], "Actual Rows": 425}, {"Node Type": "Bitmap Heap Scan", "Parent Relationship": "Inner", "Relation Name": "movie_companies", "Alias": "mc", "Startup Cost": 0.31, "Total Cost": 4.35, "Plan Rows": 1, "Plan Width": 8, "Actual Min Startup Time": 3.932, "Actual Max Startup Time": 3.932, "Actual Min Total Time": 4.897, "Actual Max Total Time": 4.897, "Recheck Cond": "(movie_id = ci.movie_id)", "Rows Removed by Index Recheck": 0, "Filter": "((note IS NOT NULL) AND (((note)::text ~~ '%(USA)%'::text) OR ((note)::text ~~ '%(worldwide)%'::text)))", "Rows Removed by Filter": 1538, "Exact Heap Blocks": 580, "Lossy Heap Blocks": 580, "Plans": [{"Node Type": "Bitmap Index Scan", "Parent Relationship": "Outer", "Index Name": "movie_id_movie_companies", "Startup Cost": 0.0, "Total Cost": 0.31, "Plan Rows": 2, "Plan Width": 0, "Actual Min Startup Time": 2.128, "Actual Max Startup Time": 2.128, "Actual Min Total Time": 2.128, "Actual Max Total Time": 2.128, "Index Cond": "(movie_id = ci.movie_id)", "Actual Rows": 1911}], "Actual Rows": 373}], "Actual Rows": 373}, {"Node Type": "Bitmap Heap Scan", "Parent Relationship": "Inner", "Relation Name": "char_name", "Alias": "chn", "Startup Cost": 0.31, "Total Cost": 4.33, "Plan Rows": 1, "Plan Width": 20, "Actual Min Startup Time": 1.693, "Actual Max Startup Time": 1.693, "Actual Min Total Time": 1.693, "Actual Max Total Time": 1.693, "Recheck Cond": "(id = ci.person_role_id)", "Rows Removed by Index Recheck": 0, "Exact Heap Blocks": 348, "Lossy Heap Blocks": 348, "Plans": [{"Node Type": "Bitmap Index Scan", "Parent Relationship": "Outer", "Index Name": "char_name_pkey", "Startup Cost": 0.0, "Total Cost": 0.31, "Plan Rows": 1, "Plan Width": 0, "Actual Min Startup Time": 1.074, "Actual Max Startup Time": 1.074, "Actual Min Total Time": 1.074, "Actual Max Total Time": 1.074, "Index Cond": "(id = ci.person_role_id)", "Actual Rows": 348}], "Actual Rows": 348}], "Actual Rows": 348}, {"Node Type": "Bitmap Heap Scan", "Parent Relationship": "Inner", "Relation Name": "company_name", "Alias": "cn", "Startup Cost": 0.26, "Total Cost": 4.28, "Plan Rows": 1, "Plan Width": 4, "Actual Min Startup Time": 1.819, "Actual Max Startup Time": 1.819, "Actual Min Total Time": 1.819, "Actual Max Total Time": 1.819, "Recheck Cond": "(id = mc.company_id)", "Rows Removed by Index Recheck": 0, "Filter": "((country_code)::text = '[us]'::text)", "Rows Removed by Filter": 7, "Exact Heap Blocks": 348, "Lossy Heap Blocks": 348, "Plans": [{"Node Type": "Bitmap Index Scan", "Parent Relationship": "Outer", "Index Name": "company_name_pkey", "Startup Cost": 0.0, "Total Cost": 0.26, "Plan Rows": 1, "Plan Width": 0, "Actual Min Startup Time": 1.023, "Actual Max Startup Time": 1.023, "Actual Min Total Time": 1.023, "Actual Max Total Time": 1.023, "Index Cond": "(id = mc.company_id)", "Actual Rows": 348}], "Actual Rows": 341}], "Actual Rows": 341}, {"Node Type": "Bitmap Heap Scan", "Parent Relationship": "Inner", "Relation Name": "title", "Alias": "t", "Startup Cost": 0.3, "Total Cost": 4.32, "Plan Rows": 1, "Plan Width": 21, "Actual Min Startup Time": 2.105, "Actual Max Startup Time": 2.105, "Actual Min Total Time": 2.105, "Actual Max Total Time": 2.105, "Recheck Cond": "(id = ci.movie_id)", "Rows Removed by Index Recheck": 0, "Filter": "((production_year >= 2005) AND (production_year <= 2015))", "Rows Removed by Filter": 220, "Exact Heap Blocks": 341, "Lossy Heap Blocks": 341, "Plans": [{"Node Type": "Bitmap Index Scan", "Parent Relationship": "Outer", "Index Name": "title_pkey", "Startup Cost": 0.0, "Total Cost": 0.3, "Plan Rows": 1, "Plan Width": 0, "Actual Min Startup Time": 1.263, "Actual Max Startup Time": 1.263, "Actual Min Total Time": 1.263, "Actual Max Total Time": 1.263, "Index Cond": "(id = ci.movie_id)", "Actual Rows": 341}], "Actual Rows": 121}], "Actual Rows": 121}], "Actual Rows": 1}, "Triggers": [], "Planner Runtime": 247, "Total Runtime": 233.701, "Unique SQL Id": 3431223514}}, "(16, 39)": {"explain_plan": {"Plan": {"Node Type": "Aggregate", "Strategy": "Plain", "Startup Cost": 199166.12, "Total Cost": 199166.13, "Plan Rows": 1, "Plan Width": 145, "Plans": [{"Node Type": "Nested Loop", "Parent Relationship": "Outer", "Join Type": "Inner", "Startup Cost": 83164.39, "Total Cost": 199166.11, "Plan Rows": 1, "Plan Width": 49, "Inner Unique": true, "Plans": [{"Node Type": "Nested Loop", "Parent Relationship": "Outer", "Join Type": "Inner", "Startup Cost": 83164.09, "Total Cost": 199161.78, "Plan Rows": 1, "Plan Width": 40, "Inner Unique": true, "Plans": [{"Node Type": "Nested Loop", "Parent Relationship": "Outer", "Join Type": "Inner", "Startup Cost": 83163.78, "Total Cost": 199153.11, "Plan Rows": 2, "Plan Width": 28, "Inner Unique": true, "Plans": [{"Node Type": "Nested Loop", "Parent Relationship": "Outer", "Join Type": "Inner", "Startup Cost": 83163.51, "Total Cost": 199131.67, "Plan Rows": 5, "Plan Width": 32, "Inner Unique": false, "Plans": [{"Node Type": "Nested Loop", "Parent Relationship": "Outer", "Join Type": "Inner", "Startup Cost": 83163.2, "Total Cost": 199075.04, "Plan Rows": 13, "Plan Width": 24, "Inner Unique": true, "Plans": [{"Node Type": "Nested Loop", "Parent Relationship": "Outer", "Join Type": "Inner", "Startup Cost": 83162.94, "Total Cost": 198471.17, "Plan Rows": 141, "Plan Width": 28, "Inner Unique": false, "Join Filter": "(n.id = ci.person_id)", "Plans": [{"Node Type": "Nested Loop", "Parent Relationship": "Outer", "Join Type": "Inner", "Startup Cost": 83161.94, "Total Cost": 197857.98, "Plan Rows": 115, "Plan Width": 24, "Inner Unique": false, "Plans": [{"Node Type": "Bitmap Heap Scan", "Parent Relationship": "Outer", "Relation Name": "name", "Alias": "n", "Startup Cost": 83157.72, "Total Cost": 197067.07, "Plan Rows": 96, "Plan Width": 4, "Filter": "(((name)::text ~~ '%Ang%'::text) AND ((gender)::text = 'f'::text))", "Plans": [{"Node Type": "Bitmap Index Scan", "Parent Relationship": "Outer", "Index Name": "name_pkey", "Startup Cost": 0.0, "Total Cost": 83157.7, "Plan Rows": 4167490, "Plan Width": 0}]}, {"Node Type": "Bitmap Heap Scan", "Parent Relationship": "Inner", "Relation Name": "aka_name", "Alias": "an", "Startup Cost": 4.22, "Total Cost": 8.23, "Plan Rows": 1, "Plan Width": 20, "Recheck Cond": "(person_id = n.id)", "Plans": [{"Node Type": "Bitmap Index Scan", "Parent Relationship": "Outer", "Index Name": "person_id_aka_name", "Startup Cost": 0.0, "Total Cost": 4.22, "Plan Rows": 1, "Plan Width": 0, "Index Cond": "(person_id = n.id)"}]}]}, {"Node Type": "Bitmap Heap Scan", "Parent Relationship": "Inner", "Relation Name": "cast_info", "Alias": "ci", "Startup Cost": 1.0, "Total Cost": 5.32, "Plan Rows": 1, "Plan Width": 16, "Recheck Cond": "(person_id = an.person_id)", "Filter": "((note)::text = ANY ('{(voice),\"(voice: Japanese version)\",\"(voice) (uncredited)\",\"(voice: English version)\"}'::text[]))", "Plans": [{"Node Type": "Bitmap Index Scan", "Parent Relationship": "Outer", "Index Name": "person_id_cast_info", "Startup Cost": 0.0, "Total Cost": 1.0, "Plan Rows": 18, "Plan Width": 0, "Index Cond": "(person_id = an.person_id)"}]}]}, {"Node Type": "Bitmap Heap Scan", "Parent Relationship": "Inner", "Relation Name": "role_type", "Alias": "rt", "Startup Cost": 0.26, "Total Cost": 4.27, "Plan Rows": 1, "Plan Width": 4, "Recheck Cond": "(id = ci.role_id)", "Filter": "((role)::text = 'actress'::text)", "Plans": [{"Node Type": "Bitmap Index Scan", "Parent Relationship": "Outer", "Index Name": "role_type_pkey", "Startup Cost": 0.0, "Total Cost": 0.26, "Plan Rows": 1, "Plan Width": 0, "Index Cond": "(id = ci.role_id)"}]}]}, {"Node Type": "Bitmap Heap Scan", "Parent Relationship": "Inner", "Relation Name": "movie_companies", "Alias": "mc", "Startup Cost": 0.31, "Total Cost": 4.35, "Plan Rows": 1, "Plan Width": 8, "Recheck Cond": "(movie_id = ci.movie_id)", "Filter": "((note IS NOT NULL) AND (((note)::text ~~ '%(USA)%'::text) OR ((note)::text ~~ '%(worldwide)%'::text)))", "Plans": [{"Node Type": "Bitmap Index Scan", "Parent Relationship": "Outer", "Index Name": "movie_id_movie_companies", "Startup Cost": 0.0, "Total Cost": 0.31, "Plan Rows": 2, "Plan Width": 0, "Index Cond": "(movie_id = ci.movie_id)"}]}]}, {"Node Type": "Bitmap Heap Scan", "Parent Relationship": "Inner", "Relation Name": "company_name", "Alias": "cn", "Startup Cost": 0.26, "Total Cost": 4.28, "Plan Rows": 1, "Plan Width": 4, "Recheck Cond": "(id = mc.company_id)", "Filter": "((country_code)::text = '[us]'::text)", "Plans": [{"Node Type": "Bitmap Index Scan", "Parent Relationship": "Outer", "Index Name": "company_name_pkey", "Startup Cost": 0.0, "Total Cost": 0.26, "Plan Rows": 1, "Plan Width": 0, "Index Cond": "(id = mc.company_id)"}]}]}, {"Node Type": "Bitmap Heap Scan", "Parent Relationship": "Inner", "Relation Name": "char_name", "Alias": "chn", "Startup Cost": 0.31, "Total Cost": 4.33, "Plan Rows": 1, "Plan Width": 20, "Recheck Cond": "(id = ci.person_role_id)", "Plans": [{"Node Type": "Bitmap Index Scan", "Parent Relationship": "Outer", "Index Name": "char_name_pkey", "Startup Cost": 0.0, "Total Cost": 0.31, "Plan Rows": 1, "Plan Width": 0, "Index Cond": "(id = ci.person_role_id)"}]}]}, {"Node Type": "Bitmap Heap Scan", "Parent Relationship": "Inner", "Relation Name": "title", "Alias": "t", "Startup Cost": 0.3, "Total Cost": 4.32, "Plan Rows": 1, "Plan Width": 21, "Recheck Cond": "(id = ci.movie_id)", "Filter": "((production_year >= 2005) AND (production_year <= 2015))", "Plans": [{"Node Type": "Bitmap Index Scan", "Parent Relationship": "Outer", "Index Name": "title_pkey", "Startup Cost": 0.0, "Total Cost": 0.3, "Plan Rows": 1, "Plan Width": 0, "Index Cond": "(id = ci.movie_id)"}]}]}]}, "Unique SQL Id": 3431223514, "Planner Runtime": 50}, "explain_analyze_plan": null}, "(16, 40)": {"explain_plan": {"Plan": {"Node Type": "Aggregate", "Strategy": "Plain", "Startup Cost": 23199.8, "Total Cost": 23199.81, "Plan Rows": 1, "Plan Width": 145, "Plans": [{"Node Type": "Nested Loop", "Parent Relationship": "Outer", "Join Type": "Inner", "Startup Cost": 0.0, "Total Cost": 23199.79, "Plan Rows": 1, "Plan Width": 49, "Inner Unique": true, "Plans": [{"Node Type": "Nested Loop", "Parent Relationship": "Outer", "Join Type": "Inner", "Startup Cost": 0.0, "Total Cost": 23199.29, "Plan Rows": 1, "Plan Width": 40, "Inner Unique": true, "Plans": [{"Node Type": "Nested Loop", "Parent Relationship": "Outer", "Join Type": "Inner", "Startup Cost": 0.0, "Total Cost": 23198.64, "Plan Rows": 2, "Plan Width": 44, "Inner Unique": true, "Plans": [{"Node Type": "Nested Loop", "Parent Relationship": "Outer", "Join Type": "Inner", "Startup Cost": 0.0, "Total Cost": 23196.09, "Plan Rows": 5, "Plan Width": 32, "Inner Unique": false, "Plans": [{"Node Type": "Nested Loop", "Parent Relationship": "Outer", "Join Type": "Inner", "Startup Cost": 0.0, "Total Cost": 23190.48, "Plan Rows": 13, "Plan Width": 24, "Inner Unique": false, "Join Filter": "(ci.role_id = rt.id)", "Plans": [{"Node Type": "Seq Scan", "Parent Relationship": "Outer", "Relation Name": "role_type", "Alias": "rt", "Startup Cost": 0.0, "Total Cost": 1.15, "Plan Rows": 1, "Plan Width": 4, "Filter": "((role)::text = 'actress'::text)"}, {"Node Type": "Materialize", "Parent Relationship": "Inner", "Startup Cost": 0.0, "Total Cost": 23187.92, "Plan Rows": 141, "Plan Width": 28, "Plans": [{"Node Type": "Nested Loop", "Parent Relationship": "Outer", "Join Type": "Inner", "Startup Cost": 0.0, "Total Cost": 23187.57, "Plan Rows": 141, "Plan Width": 28, "Inner Unique": false, "Join Filter": "(n.id = ci.person_id)", "Plans": [{"Node Type": "Nested Loop", "Parent Relationship": "Outer", "Join Type": "Inner", "Startup Cost": 0.0, "Total Cost": 22912.29, "Plan Rows": 115, "Plan Width": 24, "Inner Unique": false, "Plans": [{"Node Type": "Streaming(type: LOCAL GATHER dop: 1/16)", "Parent Relationship": "Outer", "Startup Cost": 0.0, "Total Cost": 22121.41, "Plan Rows": 96, "Plan Width": 4, "Plans": [{"Node Type": "Seq Scan", "Parent Relationship": "Outer", "Relation Name": "name", "Alias": "n", "Startup Cost": 0.0, "Total Cost": 22119.33, "Plan Rows": 96, "Plan Width": 4, "Filter": "(((name)::text ~~ '%Ang%'::text) AND ((gender)::text = 'f'::text))"}]}, {"Node Type": "Index Scan", "Parent Relationship": "Inner", "Scan Direction": "Forward", "Index Name": "person_id_aka_name", "Relation Name": "aka_name", "Alias": "an", "Startup Cost": 0.0, "Total Cost": 8.23, "Plan Rows": 1, "Plan Width": 20, "Index Cond": "(person_id = n.id)"}]}, {"Node Type": "Index Scan", "Parent Relationship": "Inner", "Scan Direction": "Forward", "Index Name": "person_id_cast_info", "Relation Name": "cast_info", "Alias": "ci", "Startup Cost": 0.0, "Total Cost": 2.38, "Plan Rows": 1, "Plan Width": 16, "Index Cond": "(person_id = an.person_id)", "Filter": "((note)::text = ANY ('{(voice),\"(voice: Japanese version)\",\"(voice) (uncredited)\",\"(voice: English version)\"}'::text[]))"}]}]}]}, {"Node Type": "Index Scan", "Parent Relationship": "Inner", "Scan Direction": "Forward", "Index Name": "movie_id_movie_companies", "Relation Name": "movie_companies", "Alias": "mc", "Startup Cost": 0.0, "Total Cost": 0.42, "Plan Rows": 1, "Plan Width": 8, "Index Cond": "(movie_id = ci.movie_id)", "Filter": "((note IS NOT NULL) AND (((note)::text ~~ '%(USA)%'::text) OR ((note)::text ~~ '%(worldwide)%'::text)))"}]}, {"Node Type": "Index Scan", "Parent Relationship": "Inner", "Scan Direction": "Forward", "Index Name": "char_name_pkey", "Relation Name": "char_name", "Alias": "chn", "Startup Cost": 0.0, "Total Cost": 0.5, "Plan Rows": 1, "Plan Width": 20, "Index Cond": "(id = ci.person_role_id)"}]}, {"Node Type": "Index Scan", "Parent Relationship": "Inner", "Scan Direction": "Forward", "Index Name": "company_name_pkey", "Relation Name": "company_name", "Alias": "cn", "Startup Cost": 0.0, "Total Cost": 0.32, "Plan Rows": 1, "Plan Width": 4, "Index Cond": "(id = mc.company_id)", "Filter": "((country_code)::text = '[us]'::text)"}]}, {"Node Type": "Index Scan", "Parent Relationship": "Inner", "Scan Direction": "Forward", "Index Name": "title_pkey", "Relation Name": "title", "Alias": "t", "Startup Cost": 0.0, "Total Cost": 0.49, "Plan Rows": 1, "Plan Width": 21, "Index Cond": "(id = ci.movie_id)", "Filter": "((production_year >= 2005) AND (production_year <= 2015))"}]}]}, "Unique SQL Id": 3431223514, "Planner Runtime": 144}, "explain_analyze_plan": {"Plan": {"Node Type": "Aggregate", "Strategy": "Plain", "Startup Cost": 23199.8, "Total Cost": 23199.81, "Plan Rows": 1, "Plan Width": 145, "Actual Min Startup Time": 189.942, "Actual Max Startup Time": 189.942, "Actual Min Total Time": 189.942, "Actual Max Total Time": 189.942, "Plans": [{"Node Type": "Nested Loop", "Parent Relationship": "Outer", "Join Type": "Inner", "Startup Cost": 0.0, "Total Cost": 23199.79, "Plan Rows": 1, "Plan Width": 49, "Actual Min Startup Time": 181.099, "Actual Max Startup Time": 181.099, "Actual Min Total Time": 189.781, "Actual Max Total Time": 189.781, "Inner Unique": true, "Plans": [{"Node Type": "Nested Loop", "Parent Relationship": "Outer", "Join Type": "Inner", "Startup Cost": 0.0, "Total Cost": 23199.29, "Plan Rows": 1, "Plan Width": 40, "Actual Min Startup Time": 180.812, "Actual Max Startup Time": 180.812, "Actual Min Total Time": 188.094, "Actual Max Total Time": 188.094, "Inner Unique": true, "Plans": [{"Node Type": "Nested Loop", "Parent Relationship": "Outer", "Join Type": "Inner", "Startup Cost": 0.0, "Total Cost": 23198.64, "Plan Rows": 2, "Plan Width": 44, "Actual Min Startup Time": 180.793, "Actual Max Startup Time": 180.793, "Actual Min Total Time": 186.568, "Actual Max Total Time": 186.568, "Inner Unique": true, "Plans": [{"Node Type": "Nested Loop", "Parent Relationship": "Outer", "Join Type": "Inner", "Startup Cost": 0.0, "Total Cost": 23196.09, "Plan Rows": 5, "Plan Width": 32, "Actual Min Startup Time": 180.775, "Actual Max Startup Time": 180.775, "Actual Min Total Time": 185.027, "Actual Max Total Time": 185.027, "Inner Unique": false, "Plans": [{"Node Type": "Nested Loop", "Parent Relationship": "Outer", "Join Type": "Inner", "Startup Cost": 0.0, "Total Cost": 23190.48, "Plan Rows": 13, "Plan Width": 24, "Actual Min Startup Time": 180.727, "Actual Max Startup Time": 180.727, "Actual Min Total Time": 181.011, "Actual Max Total Time": 181.011, "Inner Unique": false, "Join Filter": "(ci.role_id = rt.id)", "Rows Removed by Join Filter": 0, "Plans": [{"Node Type": "Seq Scan", "Parent Relationship": "Outer", "Relation Name": "role_type", "Alias": "rt", "Startup Cost": 0.0, "Total Cost": 1.15, "Plan Rows": 1, "Plan Width": 4, "Actual Min Startup Time": 0.028, "Actual Max Startup Time": 0.028, "Actual Min Total Time": 0.033, "Actual Max Total Time": 0.033, "Filter": "((role)::text = 'actress'::text)", "Rows Removed by Filter": 11, "Actual Rows": 1}, {"Node Type": "Materialize", "Parent Relationship": "Inner", "Startup Cost": 0.0, "Total Cost": 23187.92, "Plan Rows": 141, "Plan Width": 28, "Actual Min Startup Time": 180.682, "Actual Max Startup Time": 180.682, "Actual Min Total Time": 180.754, "Actual Max Total Time": 180.754, "Plans": [{"Node Type": "Nested Loop", "Parent Relationship": "Outer", "Join Type": "Inner", "Startup Cost": 0.0, "Total Cost": 23187.57, "Plan Rows": 141, "Plan Width": 28, "Actual Min Startup Time": 60.138, "Actual Max Startup Time": 60.138, "Actual Min Total Time": 180.446, "Actual Max Total Time": 180.446, "Inner Unique": false, "Join Filter": "(n.id = ci.person_id)", "Rows Removed by Join Filter": 0, "Plans": [{"Node Type": "Nested Loop", "Parent Relationship": "Outer", "Join Type": "Inner", "Startup Cost": 0.0, "Total Cost": 22912.29, "Plan Rows": 115, "Plan Width": 24, "Actual Min Startup Time": 58.849, "Actual Max Startup Time": 58.849, "Actual Min Total Time": 130.527, "Actual Max Total Time": 130.527, "Inner Unique": false, "Plans": [{"Node Type": "Streaming(type: LOCAL GATHER dop: 1/16)", "Parent Relationship": "Outer", "Startup Cost": 0.0, "Total Cost": 22121.41, "Plan Rows": 96, "Plan Width": 4, "Actual Min Startup Time": 58.768, "Actual Max Startup Time": 58.768, "Actual Min Total Time": 108.328, "Actual Max Total Time": 108.328, "Plans": [{"Node Type": "Seq Scan", "Parent Relationship": "Outer", "Relation Name": "name", "Alias": "n", "Startup Cost": 0.0, "Total Cost": 22119.33, "Plan Rows": 96, "Plan Width": 4, "Actual Min Startup Time": 40.816, "Actual Max Startup Time": 45.066, "Actual Min Total Time": 101.069, "Actual Max Total Time": 105.932, "Filter": "(((name)::text ~~ '%Ang%'::text) AND ((gender)::text = 'f'::text))", "Rows Removed by Filter": 4160722, "Actual Rows": 6768}], "Actual Rows": 6768}, {"Node Type": "Index Scan", "Parent Relationship": "Inner", "Scan Direction": "Forward", "Index Name": "person_id_aka_name", "Relation Name": "aka_name", "Alias": "an", "Startup Cost": 0.0, "Total Cost": 8.23, "Plan Rows": 1, "Plan Width": 20, "Actual Min Startup Time": 17.88, "Actual Max Startup Time": 17.88, "Actual Min Total Time": 18.692, "Actual Max Total Time": 18.692, "Index Cond": "(person_id = n.id)", "Rows Removed by Index Recheck": 0, "Actual Rows": 1558}], "Actual Rows": 1558}, {"Node Type": "Index Scan", "Parent Relationship": "Inner", "Scan Direction": "Forward", "Index Name": "person_id_cast_info", "Relation Name": "cast_info", "Alias": "ci", "Startup Cost": 0.0, "Total Cost": 2.38, "Plan Rows": 1, "Plan Width": 16, "Actual Min Startup Time": 44.25, "Actual Max Startup Time": 44.25, "Actual Min Total Time": 48.899, "Actual Max Total Time": 48.899, "Index Cond": "(person_id = an.person_id)", "Rows Removed by Index Recheck": 0, "Filter": "((note)::text = ANY ('{(voice),\"(voice: Japanese version)\",\"(voice) (uncredited)\",\"(voice: English version)\"}'::text[]))", "Rows Removed by Filter": 69057, "Actual Rows": 425}], "Actual Rows": 425}], "Actual Rows": 426}], "Actual Rows": 425}, {"Node Type": "Index Scan", "Parent Relationship": "Inner", "Scan Direction": "Forward", "Index Name": "movie_id_movie_companies", "Relation Name": "movie_companies", "Alias": "mc", "Startup Cost": 0.0, "Total Cost": 0.42, "Plan Rows": 1, "Plan Width": 8, "Actual Min Startup Time": 2.606, "Actual Max Startup Time": 2.606, "Actual Min Total Time": 3.712, "Actual Max Total Time": 3.712, "Index Cond": "(movie_id = ci.movie_id)", "Rows Removed by Index Recheck": 0, "Filter": "((note IS NOT NULL) AND (((note)::text ~~ '%(USA)%'::text) OR ((note)::text ~~ '%(worldwide)%'::text)))", "Rows Removed by Filter": 1538, "Actual Rows": 373}], "Actual Rows": 373}, {"Node Type": "Index Scan", "Parent Relationship": "Inner", "Scan Direction": "Forward", "Index Name": "char_name_pkey", "Relation Name": "char_name", "Alias": "chn", "Startup Cost": 0.0, "Total Cost": 0.5, "Plan Rows": 1, "Plan Width": 20, "Actual Min Startup Time": 1.235, "Actual Max Startup Time": 1.235, "Actual Min Total Time": 1.235, "Actual Max Total Time": 1.235, "Index Cond": "(id = ci.person_role_id)", "Rows Removed by Index Recheck": 0, "Actual Rows": 348}], "Actual Rows": 348}, {"Node Type": "Index Scan", "Parent Relationship": "Inner", "Scan Direction": "Forward", "Index Name": "company_name_pkey", "Relation Name": "company_name", "Alias": "cn", "Startup Cost": 0.0, "Total Cost": 0.32, "Plan Rows": 1, "Plan Width": 4, "Actual Min Startup Time": 1.254, "Actual Max Startup Time": 1.254, "Actual Min Total Time": 1.254, "Actual Max Total Time": 1.254, "Index Cond": "(id = mc.company_id)", "Rows Removed by Index Recheck": 0, "Filter": "((country_code)::text = '[us]'::text)", "Rows Removed by Filter": 7, "Actual Rows": 341}], "Actual Rows": 341}, {"Node Type": "Index Scan", "Parent Relationship": "Inner", "Scan Direction": "Forward", "Index Name": "title_pkey", "Relation Name": "title", "Alias": "t", "Startup Cost": 0.0, "Total Cost": 0.49, "Plan Rows": 1, "Plan Width": 21, "Actual Min Startup Time": 1.456, "Actual Max Startup Time": 1.456, "Actual Min Total Time": 1.456, "Actual Max Total Time": 1.456, "Index Cond": "(id = ci.movie_id)", "Rows Removed by Index Recheck": 0, "Filter": "((production_year >= 2005) AND (production_year <= 2015))", "Rows Removed by Filter": 220, "Actual Rows": 121}], "Actual Rows": 121}], "Actual Rows": 1}, "Triggers": [], "Planner Runtime": 144, "Total Runtime": 193.165, "Unique SQL Id": 3431223514}}, "(16, 41)": {"explain_plan": {"Plan": {"Node Type": "Aggregate", "Strategy": "Plain", "Startup Cost": 154556.1, "Total Cost": 154556.11, "Plan Rows": 1, "Plan Width": 145, "Plans": [{"Node Type": "Nested Loop", "Parent Relationship": "Outer", "Join Type": "Inner", "Startup Cost": 0.0, "Total Cost": 154556.09, "Plan Rows": 1, "Plan Width": 49, "Inner Unique": true, "Plans": [{"Node Type": "Nested Loop", "Parent Relationship": "Outer", "Join Type": "Inner", "Startup Cost": 0.0, "Total Cost": 154555.59, "Plan Rows": 1, "Plan Width": 40, "Inner Unique": true, "Plans": [{"Node Type": "Nested Loop", "Parent Relationship": "Outer", "Join Type": "Inner", "Startup Cost": 0.0, "Total Cost": 154554.58, "Plan Rows": 2, "Plan Width": 28, "Inner Unique": true, "Plans": [{"Node Type": "Nested Loop", "Parent Relationship": "Outer", "Join Type": "Inner", "Startup Cost": 0.0, "Total Cost": 154552.94, "Plan Rows": 5, "Plan Width": 32, "Inner Unique": false, "Plans": [{"Node Type": "Nested Loop", "Parent Relationship": "Outer", "Join Type": "Inner", "Startup Cost": 0.0, "Total Cost": 154547.33, "Plan Rows": 13, "Plan Width": 24, "Inner Unique": false, "Join Filter": "(ci.role_id = rt.id)", "Plans": [{"Node Type": "Index Scan", "Parent Relationship": "Outer", "Scan Direction": "Forward", "Index Name": "role_type_pkey", "Relation Name": "role_type", "Alias": "rt", "Startup Cost": 0.0, "Total Cost": 12.46, "Plan Rows": 1, "Plan Width": 4, "Filter": "((role)::text = 'actress'::text)"}, {"Node Type": "Materialize", "Parent Relationship": "Inner", "Startup Cost": 0.0, "Total Cost": 154533.46, "Plan Rows": 141, "Plan Width": 28, "Plans": [{"Node Type": "Nested Loop", "Parent Relationship": "Outer", "Join Type": "Inner", "Startup Cost": 0.0, "Total Cost": 154533.1, "Plan Rows": 141, "Plan Width": 28, "Inner Unique": false, "Join Filter": "(n.id = ci.person_id)", "Plans": [{"Node Type": "Nested Loop", "Parent Relationship": "Outer", "Join Type": "Inner", "Startup Cost": 0.0, "Total Cost": 154257.82, "Plan Rows": 115, "Plan Width": 24, "Inner Unique": false, "Plans": [{"Node Type": "Streaming(type: LOCAL GATHER dop: 1/16)", "Parent Relationship": "Outer", "Startup Cost": 0.0, "Total Cost": 153466.94, "Plan Rows": 96, "Plan Width": 4, "Plans": [{"Node Type": "Index Scan", "Parent Relationship": "Outer", "Scan Direction": "Forward", "Index Name": "name_pkey", "Relation Name": "name", "Alias": "n", "Startup Cost": 0.0, "Total Cost": 153464.87, "Plan Rows": 96, "Plan Width": 4, "Filter": "(((name)::text ~~ '%Ang%'::text) AND ((gender)::text = 'f'::text))"}]}, {"Node Type": "Index Scan", "Parent Relationship": "Inner", "Scan Direction": "Forward", "Index Name": "person_id_aka_name", "Relation Name": "aka_name", "Alias": "an", "Startup Cost": 0.0, "Total Cost": 8.23, "Plan Rows": 1, "Plan Width": 20, "Index Cond": "(person_id = n.id)"}]}, {"Node Type": "Index Scan", "Parent Relationship": "Inner", "Scan Direction": "Forward", "Index Name": "person_id_cast_info", "Relation Name": "cast_info", "Alias": "ci", "Startup Cost": 0.0, "Total Cost": 2.38, "Plan Rows": 1, "Plan Width": 16, "Index Cond": "(person_id = an.person_id)", "Filter": "((note)::text = ANY ('{(voice),\"(voice: Japanese version)\",\"(voice) (uncredited)\",\"(voice: English version)\"}'::text[]))"}]}]}]}, {"Node Type": "Index Scan", "Parent Relationship": "Inner", "Scan Direction": "Forward", "Index Name": "movie_id_movie_companies", "Relation Name": "movie_companies", "Alias": "mc", "Startup Cost": 0.0, "Total Cost": 0.42, "Plan Rows": 1, "Plan Width": 8, "Index Cond": "(movie_id = ci.movie_id)", "Filter": "((note IS NOT NULL) AND (((note)::text ~~ '%(USA)%'::text) OR ((note)::text ~~ '%(worldwide)%'::text)))"}]}, {"Node Type": "Index Scan", "Parent Relationship": "Inner", "Scan Direction": "Forward", "Index Name": "company_name_pkey", "Relation Name": "company_name", "Alias": "cn", "Startup Cost": 0.0, "Total Cost": 0.32, "Plan Rows": 1, "Plan Width": 4, "Index Cond": "(id = mc.company_id)", "Filter": "((country_code)::text = '[us]'::text)"}]}, {"Node Type": "Index Scan", "Parent Relationship": "Inner", "Scan Direction": "Forward", "Index Name": "char_name_pkey", "Relation Name": "char_name", "Alias": "chn", "Startup Cost": 0.0, "Total Cost": 0.5, "Plan Rows": 1, "Plan Width": 20, "Index Cond": "(id = ci.person_role_id)"}]}, {"Node Type": "Index Scan", "Parent Relationship": "Inner", "Scan Direction": "Forward", "Index Name": "title_pkey", "Relation Name": "title", "Alias": "t", "Startup Cost": 0.0, "Total Cost": 0.49, "Plan Rows": 1, "Plan Width": 21, "Index Cond": "(id = ci.movie_id)", "Filter": "((production_year >= 2005) AND (production_year <= 2015))"}]}]}, "Unique SQL Id": 3431223514, "Planner Runtime": 39}, "explain_analyze_plan": {"Plan": {"Node Type": "Aggregate", "Strategy": "Plain", "Startup Cost": 154556.1, "Total Cost": 154556.11, "Plan Rows": 1, "Plan Width": 145, "Actual Min Startup Time": 381.158, "Actual Max Startup Time": 381.158, "Actual Min Total Time": 381.159, "Actual Max Total Time": 381.159, "Plans": [{"Node Type": "Nested Loop", "Parent Relationship": "Outer", "Join Type": "Inner", "Startup Cost": 0.0, "Total Cost": 154556.09, "Plan Rows": 1, "Plan Width": 49, "Actual Min Startup Time": 371.852, "Actual Max Startup Time": 371.852, "Actual Min Total Time": 381.01, "Actual Max Total Time": 381.01, "Inner Unique": true, "Plans": [{"Node Type": "Nested Loop", "Parent Relationship": "Outer", "Join Type": "Inner", "Startup Cost": 0.0, "Total Cost": 154555.59, "Plan Rows": 1, "Plan Width": 40, "Actual Min Startup Time": 370.918, "Actual Max Startup Time": 370.918, "Actual Min Total Time": 379.017, "Actual Max Total Time": 379.017, "Inner Unique": true, "Plans": [{"Node Type": "Nested Loop", "Parent Relationship": "Outer", "Join Type": "Inner", "Startup Cost": 0.0, "Total Cost": 154554.58, "Plan Rows": 2, "Plan Width": 28, "Actual Min Startup Time": 370.897, "Actual Max Startup Time": 370.897, "Actual Min Total Time": 377.445, "Actual Max Total Time": 377.445, "Inner Unique": true, "Plans": [{"Node Type": "Nested Loop", "Parent Relationship": "Outer", "Join Type": "Inner", "Startup Cost": 0.0, "Total Cost": 154552.94, "Plan Rows": 5, "Plan Width": 32, "Actual Min Startup Time": 370.872, "Actual Max Startup Time": 370.872, "Actual Min Total Time": 375.543, "Actual Max Total Time": 375.543, "Inner Unique": false, "Plans": [{"Node Type": "Nested Loop", "Parent Relationship": "Outer", "Join Type": "Inner", "Startup Cost": 0.0, "Total Cost": 154547.33, "Plan Rows": 13, "Plan Width": 24, "Actual Min Startup Time": 370.838, "Actual Max Startup Time": 370.838, "Actual Min Total Time": 371.129, "Actual Max Total Time": 371.129, "Inner Unique": false, "Join Filter": "(ci.role_id = rt.id)", "Rows Removed by Join Filter": 0, "Plans": [{"Node Type": "Index Scan", "Parent Relationship": "Outer", "Scan Direction": "Forward", "Index Name": "role_type_pkey", "Relation Name": "role_type", "Alias": "rt", "Startup Cost": 0.0, "Total Cost": 12.46, "Plan Rows": 1, "Plan Width": 4, "Actual Min Startup Time": 0.027, "Actual Max Startup Time": 0.027, "Actual Min Total Time": 0.034, "Actual Max Total Time": 0.034, "Filter": "((role)::text = 'actress'::text)", "Rows Removed by Filter": 11, "Actual Rows": 1}, {"Node Type": "Materialize", "Parent Relationship": "Inner", "Startup Cost": 0.0, "Total Cost": 154533.46, "Plan Rows": 141, "Plan Width": 28, "Actual Min Startup Time": 370.792, "Actual Max Startup Time": 370.792, "Actual Min Total Time": 370.871, "Actual Max Total Time": 370.871, "Plans": [{"Node Type": "Nested Loop", "Parent Relationship": "Outer", "Join Type": "Inner", "Startup Cost": 0.0, "Total Cost": 154533.1, "Plan Rows": 141, "Plan Width": 28, "Actual Min Startup Time": 96.425, "Actual Max Startup Time": 96.425, "Actual Min Total Time": 370.541, "Actual Max Total Time": 370.541, "Inner Unique": false, "Join Filter": "(n.id = ci.person_id)", "Rows Removed by Join Filter": 0, "Plans": [{"Node Type": "Nested Loop", "Parent Relationship": "Outer", "Join Type": "Inner", "Startup Cost": 0.0, "Total Cost": 154257.82, "Plan Rows": 115, "Plan Width": 24, "Actual Min Startup Time": 95.83, "Actual Max Startup Time": 95.83, "Actual Min Total Time": 315.879, "Actual Max Total Time": 315.879, "Inner Unique": false, "Plans": [{"Node Type": "Streaming(type: LOCAL GATHER dop: 1/16)", "Parent Relationship": "Outer", "Startup Cost": 0.0, "Total Cost": 153466.94, "Plan Rows": 96, "Plan Width": 4, "Actual Min Startup Time": 95.756, "Actual Max Startup Time": 95.756, "Actual Min Total Time": 293.923, "Actual Max Total Time": 293.923, "Plans": [{"Node Type": "Index Scan", "Parent Relationship": "Outer", "Scan Direction": "Forward", "Index Name": "name_pkey", "Relation Name": "name", "Alias": "n", "Startup Cost": 0.0, "Total Cost": 153464.87, "Plan Rows": 96, "Plan Width": 4, "Actual Min Startup Time": 40.31, "Actual Max Startup Time": 338.836, "Actual Min Total Time": 295.678, "Actual Max Total Time": 338.836, "Filter": "(((name)::text ~~ '%Ang%'::text) AND ((gender)::text = 'f'::text))", "Rows Removed by Filter": 4160722, "Actual Rows": 6768}], "Actual Rows": 6768}, {"Node Type": "Index Scan", "Parent Relationship": "Inner", "Scan Direction": "Forward", "Index Name": "person_id_aka_name", "Relation Name": "aka_name", "Alias": "an", "Startup Cost": 0.0, "Total Cost": 8.23, "Plan Rows": 1, "Plan Width": 20, "Actual Min Startup Time": 17.357, "Actual Max Startup Time": 17.357, "Actual Min Total Time": 18.22, "Actual Max Total Time": 18.22, "Index Cond": "(person_id = n.id)", "Rows Removed by Index Recheck": 0, "Actual Rows": 1558}], "Actual Rows": 1558}, {"Node Type": "Index Scan", "Parent Relationship": "Inner", "Scan Direction": "Forward", "Index Name": "person_id_cast_info", "Relation Name": "cast_info", "Alias": "ci", "Startup Cost": 0.0, "Total Cost": 2.38, "Plan Rows": 1, "Plan Width": 16, "Actual Min Startup Time": 48.528, "Actual Max Startup Time": 48.528, "Actual Min Total Time": 53.577, "Actual Max Total Time": 53.577, "Index Cond": "(person_id = an.person_id)", "Rows Removed by Index Recheck": 0, "Filter": "((note)::text = ANY ('{(voice),\"(voice: Japanese version)\",\"(voice) (uncredited)\",\"(voice: English version)\"}'::text[]))", "Rows Removed by Filter": 69057, "Actual Rows": 425}], "Actual Rows": 425}], "Actual Rows": 426}], "Actual Rows": 425}, {"Node Type": "Index Scan", "Parent Relationship": "Inner", "Scan Direction": "Forward", "Index Name": "movie_id_movie_companies", "Relation Name": "movie_companies", "Alias": "mc", "Startup Cost": 0.0, "Total Cost": 0.42, "Plan Rows": 1, "Plan Width": 8, "Actual Min Startup Time": 2.907, "Actual Max Startup Time": 2.907, "Actual Min Total Time": 4.086, "Actual Max Total Time": 4.086, "Index Cond": "(movie_id = ci.movie_id)", "Rows Removed by Index Recheck": 0, "Filter": "((note IS NOT NULL) AND (((note)::text ~~ '%(USA)%'::text) OR ((note)::text ~~ '%(worldwide)%'::text)))", "Rows Removed by Filter": 1538, "Actual Rows": 373}], "Actual Rows": 373}, {"Node Type": "Index Scan", "Parent Relationship": "Inner", "Scan Direction": "Forward", "Index Name": "company_name_pkey", "Relation Name": "company_name", "Alias": "cn", "Startup Cost": 0.0, "Total Cost": 0.32, "Plan Rows": 1, "Plan Width": 4, "Actual Min Startup Time": 1.6, "Actual Max Startup Time": 1.6, "Actual Min Total Time": 1.6, "Actual Max Total Time": 1.6, "Index Cond": "(id = mc.company_id)", "Rows Removed by Index Recheck": 0, "Filter": "((country_code)::text = '[us]'::text)", "Rows Removed by Filter": 14, "Actual Rows": 359}], "Actual Rows": 359}, {"Node Type": "Index Scan", "Parent Relationship": "Inner", "Scan Direction": "Forward", "Index Name": "char_name_pkey", "Relation Name": "char_name", "Alias": "chn", "Startup Cost": 0.0, "Total Cost": 0.5, "Plan Rows": 1, "Plan Width": 20, "Actual Min Startup Time": 1.275, "Actual Max Startup Time": 1.275, "Actual Min Total Time": 1.275, "Actual Max Total Time": 1.275, "Index Cond": "(id = ci.person_role_id)", "Rows Removed by Index Recheck": 0, "Actual Rows": 341}], "Actual Rows": 341}, {"Node Type": "Index Scan", "Parent Relationship": "Inner", "Scan Direction": "Forward", "Index Name": "title_pkey", "Relation Name": "title", "Alias": "t", "Startup Cost": 0.0, "Total Cost": 0.49, "Plan Rows": 1, "Plan Width": 21, "Actual Min Startup Time": 1.749, "Actual Max Startup Time": 1.749, "Actual Min Total Time": 1.749, "Actual Max Total Time": 1.749, "Index Cond": "(id = ci.movie_id)", "Rows Removed by Index Recheck": 0, "Filter": "((production_year >= 2005) AND (production_year <= 2015))", "Rows Removed by Filter": 220, "Actual Rows": 121}], "Actual Rows": 121}], "Actual Rows": 1}, "Triggers": [], "Planner Runtime": 15, "Total Runtime": 384.132, "Unique SQL Id": 3431223514}}, "(16, 42)": {"explain_plan": {"Plan": {"Node Type": "Aggregate", "Strategy": "Plain", "Startup Cost": 192527.17, "Total Cost": 192527.2, "Plan Rows": 1, "Plan Width": 145, "Plans": [{"Node Type": "Streaming(type: LOCAL GATHER dop: 1/16)", "Parent Relationship": "Outer", "Startup Cost": 192527.17, "Total Cost": 192527.2, "Plan Rows": 1, "Plan Width": 145, "Plans": [{"Node Type": "Aggregate", "Strategy": "Plain", "Parent Relationship": "Outer", "Startup Cost": 192527.17, "Total Cost": 192527.18, "Plan Rows": 1, "Plan Width": 145, "Plans": [{"Node Type": "Hash Join", "Parent Relationship": "Outer", "Join Type": "Inner", "Startup Cost": 121554.77, "Total Cost": 192527.15, "Plan Rows": 2, "Plan Width": 49, "Inner Unique": false, "Hash Cond": "(n.id = an.person_id)", "Plans": [{"Node Type": "Streaming(type: BROADCAST dop: 16/16)", "Parent Relationship": "Outer", "Startup Cost": 116789.53, "Total Cost": 187761.88, "Plan Rows": 16, "Plan Width": 41, "Plans": [{"Node Type": "Hash Join", "Parent Relationship": "Outer", "Join Type": "Inner", "Startup Cost": 116789.53, "Total Cost": 172761.84, "Plan Rows": 1, "Plan Width": 41, "Inner Unique": true, "Hash Cond": "(ci.movie_id = t.id)", "Plans": [{"Node Type": "Streaming(type: BROADCAST dop: 16/1)", "Parent Relationship": "Outer", "Startup Cost": 111036.84, "Total Cost": 167009.14, "Plan Rows": 16, "Plan Width": 32, "Plans": [{"Node Type": "Nested Loop", "Parent Relationship": "Outer", "Join Type": "Inner", "Startup Cost": 111036.84, "Total Cost": 152008.79, "Plan Rows": 1, "Plan Width": 32, "Inner Unique": false, "Join Filter": "(ci.role_id = rt.id)", "Plans": [{"Node Type": "Seq Scan", "Parent Relationship": "Outer", "Relation Name": "role_type", "Alias": "rt", "Startup Cost": 0.0, "Total Cost": 1.15, "Plan Rows": 1, "Plan Width": 4, "Filter": "((role)::text = 'actress'::text)"}, {"Node Type": "Materialize", "Parent Relationship": "Inner", "Startup Cost": 111036.84, "Total Cost": 152007.48, "Plan Rows": 16, "Plan Width": 36, "Plans": [{"Node Type": "Hash Join", "Parent Relationship": "Outer", "Join Type": "Inner", "Startup Cost": 111036.84, "Total Cost": 152007.44, "Plan Rows": 16, "Plan Width": 36, "Inner Unique": true, "Hash Cond": "(mc.company_id = cn.id)", "Plans": [{"Node Type": "Streaming(type: LOCAL GATHER dop: 1/16)", "Parent Relationship": "Outer", "Startup Cost": 108496.35, "Total Cost": 149466.63, "Plan Rows": 21, "Plan Width": 40, "Plans": [{"Node Type": "Hash Join", "Parent Relationship": "Outer", "Join Type": "Inner", "Startup Cost": 108496.35, "Total Cost": 149466.17, "Plan Rows": 21, "Plan Width": 40, "Inner Unique": true, "Hash Cond": "(ci.person_role_id = chn.id)", "Plans": [{"Node Type": "Streaming(type: BROADCAST dop: 16/1)", "Parent Relationship": "Outer", "Startup Cost": 101238.38, "Total Cost": 142208.03, "Plan Rows": 688, "Plan Width": 28, "Plans": [{"Node Type": "Hash Join", "Parent Relationship": "Outer", "Join Type": "Inner", "Startup Cost": 101238.38, "Total Cost": 127193.18, "Plan Rows": 43, "Plan Width": 28, "Inner Unique": false, "Hash Cond": "(mc.movie_id = ci.movie_id)", "Plans": [{"Node Type": "Streaming(type: LOCAL GATHER dop: 1/16)", "Parent Relationship": "Outer", "Startup Cost": 0.0, "Total Cost": 24840.35, "Plan Rows": 297072, "Plan Width": 8, "Plans": [{"Node Type": "Seq Scan", "Parent Relationship": "Outer", "Relation Name": "movie_companies", "Alias": "mc", "Startup Cost": 0.0, "Total Cost": 18428.93, "Plan Rows": 297072, "Plan Width": 8, "Filter": "((note IS NOT NULL) AND (((note)::text ~~ '%(USA)%'::text) OR ((note)::text ~~ '%(worldwide)%'::text))), (LLVM Optimized)"}]}, {"Node Type": "Hash", "Parent Relationship": "Inner", "Startup Cost": 101236.92, "Total Cost": 101236.92, "Plan Rows": 117, "Plan Width": 20, "Plans": [{"Node Type": "Streaming(type: LOCAL GATHER dop: 1/16)", "Parent Relationship": "Outer", "Startup Cost": 37124.43, "Total Cost": 101236.92, "Plan Rows": 117, "Plan Width": 20, "Plans": [{"Node Type": "Hash Join", "Parent Relationship": "Outer", "Join Type": "Inner", "Startup Cost": 37124.43, "Total Cost": 101234.39, "Plan Rows": 117, "Plan Width": 20, "Inner Unique": true, "Hash Cond": "(ci.person_id = n.id)", "Plans": [{"Node Type": "Seq Scan", "Parent Relationship": "Outer", "Relation Name": "cast_info", "Alias": "ci", "Startup Cost": 0.0, "Total Cost": 63948.46, "Plan Rows": 833163, "Plan Width": 16, "Filter": "((note)::text = ANY ('{(voice),\"(voice: Japanese version)\",\"(voice) (uncredited)\",\"(voice: English version)\"}'::text[]))"}, {"Node Type": "Hash", "Parent Relationship": "Inner", "Startup Cost": 37123.23, "Total Cost": 37123.23, "Plan Rows": 1536, "Plan Width": 4, "Plans": [{"Node Type": "Streaming(type: BROADCAST dop: 16/16)", "Parent Relationship": "Outer", "Startup Cost": 0.0, "Total Cost": 37123.23, "Plan Rows": 1536, "Plan Width": 4, "Plans": [{"Node Type": "Seq Scan", "Parent Relationship": "Outer", "Relation Name": "name", "Alias": "n", "Startup Cost": 0.0, "Total Cost": 22119.33, "Plan Rows": 96, "Plan Width": 4, "Filter": "(((name)::text ~~ '%Ang%'::text) AND ((gender)::text = 'f'::text))"}]}]}]}]}]}]}]}, {"Node Type": "Hash", "Parent Relationship": "Inner", "Startup Cost": 19218.34, "Total Cost": 19218.34, "Plan Rows": 3140338, "Plan Width": 20, "Plans": [{"Node Type": "Seq Scan", "Parent Relationship": "Outer", "Relation Name": "char_name", "Alias": "chn", "Startup Cost": 0.0, "Total Cost": 19218.34, "Plan Rows": 3140338, "Plan Width": 20}]}]}]}, {"Node Type": "Hash", "Parent Relationship": "Inner", "Startup Cost": 5903.45, "Total Cost": 5903.45, "Plan Rows": 85170, "Plan Width": 4, "Plans": [{"Node Type": "Seq Scan", "Parent Relationship": "Outer", "Relation Name": "company_name", "Alias": "cn", "Startup Cost": 0.0, "Total Cost": 5903.45, "Plan Rows": 85170, "Plan Width": 4, "Filter": "((country_code)::text = '[us]'::text)"}]}]}]}]}]}, {"Node Type": "Hash", "Parent Relationship": "Inner", "Startup Cost": 19544.42, "Total Cost": 19544.42, "Plan Rows": 1109224, "Plan Width": 21, "Plans": [{"Node Type": "Seq Scan", "Parent Relationship": "Outer", "Relation Name": "title", "Alias": "t", "Startup Cost": 86.43, "Total Cost": 19544.42, "Plan Rows": 1109224, "Plan Width": 21, "Filter": "((production_year >= 2005) AND (production_year <= 2015)), (LLVM Optimized)"}]}]}]}, {"Node Type": "Hash", "Parent Relationship": "Inner", "Startup Cost": 16244.28, "Total Cost": 16244.28, "Plan Rows": 901342, "Plan Width": 20, "Plans": [{"Node Type": "Seq Scan", "Parent Relationship": "Outer", "Relation Name": "aka_name", "Alias": "an", "Startup Cost": 0.0, "Total Cost": 16244.28, "Plan Rows": 901342, "Plan Width": 20}]}]}]}]}]}, "Unique SQL Id": 3431223514, "Planner Runtime": 399}, "explain_analyze_plan": null}, "(16, 43)": {"explain_plan": {"Plan": {"Node Type": "Aggregate", "Strategy": "Plain", "Startup Cost": 8000201107247.63, "Total Cost": 8000201107247.64, "Plan Rows": 1, "Plan Width": 145, "Plans": [{"Node Type": "Nested Loop", "Parent Relationship": "Outer", "Join Type": "Inner", "Startup Cost": 80000000000.0, "Total Cost": 8000201107247.61, "Plan Rows": 2, "Plan Width": 49, "Inner Unique": false, "Join Filter": "(n.id = an.person_id)", "Plans": [{"Node Type": "Nested Loop", "Parent Relationship": "Outer", "Join Type": "Inner", "Startup Cost": 70000000000.0, "Total Cost": 7000201107213.94, "Plan Rows": 1, "Plan Width": 41, "Inner Unique": true, "Plans": [{"Node Type": "Nested Loop", "Parent Relationship": "Outer", "Join Type": "Inner", "Startup Cost": 60000000000.0, "Total Cost": 6000201107165.29, "Plan Rows": 1, "Plan Width": 32, "Inner Unique": true, "Join Filter": "(ci.person_role_id = chn.id)", "Plans": [{"Node Type": "Nested Loop", "Parent Relationship": "Outer", "Join Type": "Inner", "Startup Cost": 50000000000.0, "Total Cost": 5000187970453.73, "Plan Rows": 3, "Plan Width": 20, "Inner Unique": true, "Join Filter": "(mc.company_id = cn.id)", "Plans": [{"Node Type": "Nested Loop", "Parent Relationship": "Outer", "Join Type": "Inner", "Startup Cost": 40000000000.0, "Total Cost": 4000186914991.63, "Plan Rows": 4, "Plan Width": 24, "Inner Unique": false, "Join Filter": "(ci.movie_id = mc.movie_id)", "Plans": [{"Node Type": "Nested Loop", "Parent Relationship": "Outer", "Join Type": "Inner", "Startup Cost": 30000000000.0, "Total Cost": 3000173193318.09, "Plan Rows": 11, "Plan Width": 16, "Inner Unique": true, "Join Filter": "(ci.role_id = rt.id)", "Plans": [{"Node Type": "Nested Loop", "Parent Relationship": "Outer", "Join Type": "Inner", "Startup Cost": 20000000000.0, "Total Cost": 2000173192070.33, "Plan Rows": 117, "Plan Width": 20, "Inner Unique": false, "Join Filter": "(ci.person_id = n.id)", "Plans": [{"Node Type": "Index Scan", "Parent Relationship": "Outer", "Scan Direction": "Forward", "Index Name": "name_pkey", "Relation Name": "name", "Alias": "n", "Startup Cost": 10000000000.0, "Total Cost": 1000019707019.7, "Plan Rows": 96, "Plan Width": 4, "Filter": "(((name)::text ~~ '%Ang%'::text) AND ((gender)::text = 'f'::text))"}, {"Node Type": "Materialize", "Parent Relationship": "Inner", "Startup Cost": 10000000000.0, "Total Cost": 1000152287378.81, "Plan Rows": 833163, "Plan Width": 16, "Plans": [{"Node Type": "Index Scan", "Parent Relationship": "Outer", "Scan Direction": "Forward", "Index Name": "role_id_cast_info", "Relation Name": "cast_info", "Alias": "ci", "Startup Cost": 10000000000.0, "Total Cost": 1000152283213.0, "Plan Rows": 833163, "Plan Width": 16, "Filter": "((note)::text = ANY ('{(voice),\"(voice: Japanese version)\",\"(voice) (uncredited)\",\"(voice: English version)\"}'::text[]))"}]}]}, {"Node Type": "Materialize", "Parent Relationship": "Inner", "Startup Cost": 10000000000.0, "Total Cost": 1000000001246.0, "Plan Rows": 1, "Plan Width": 4, "Plans": [{"Node Type": "Index Scan", "Parent Relationship": "Outer", "Scan Direction": "Forward", "Index Name": "role_type_pkey", "Relation Name": "role_type", "Alias": "rt", "Startup Cost": 10000000000.0, "Total Cost": 1000000001246.0, "Plan Rows": 1, "Plan Width": 4, "Filter": "((role)::text = 'actress'::text)"}]}]}, {"Node Type": "Materialize", "Parent Relationship": "Inner", "Startup Cost": 10000000000.0, "Total Cost": 1000013673399.34, "Plan Rows": 297072, "Plan Width": 8, "Plans": [{"Node Type": "Index Scan", "Parent Relationship": "Outer", "Scan Direction": "Forward", "Index Name": "company_id_movie_companies", "Relation Name": "movie_companies", "Alias": "mc", "Startup Cost": 10000000000.0, "Total Cost": 1000013671913.98, "Plan Rows": 297072, "Plan Width": 8, "Filter": "((note IS NOT NULL) AND (((note)::text ~~ '%(USA)%'::text) OR ((note)::text ~~ '%(worldwide)%'::text))), (LLVM Optimized)"}]}]}, {"Node Type": "Materialize", "Parent Relationship": "Inner", "Startup Cost": 10000000000.0, "Total Cost": 1000001050564.82, "Plan Rows": 85170, "Plan Width": 4, "Plans": [{"Node Type": "Index Scan", "Parent Relationship": "Outer", "Scan Direction": "Forward", "Index Name": "company_name_pkey", "Relation Name": "company_name", "Alias": "cn", "Startup Cost": 10000000000.0, "Total Cost": 1000001050138.97, "Plan Rows": 85170, "Plan Width": 4, "Filter": "((country_code)::text = '[us]'::text)"}]}]}, {"Node Type": "Materialize", "Parent Relationship": "Inner", "Startup Cost": 10000000000.0, "Total Cost": 1000013003247.2, "Plan Rows": 3140338, "Plan Width": 20, "Plans": [{"Node Type": "Index Scan", "Parent Relationship": "Outer", "Scan Direction": "Forward", "Index Name": "char_name_pkey", "Relation Name": "char_name", "Alias": "chn", "Startup Cost": 10000000000.0, "Total Cost": 1000012987545.51, "Plan Rows": 3140338, "Plan Width": 20}]}]}, {"Node Type": "Index Scan", "Parent Relationship": "Inner", "Scan Direction": "Forward", "Index Name": "title_pkey", "Relation Name": "title", "Alias": "t", "Startup Cost": 10000000000.0, "Total Cost": 1000000000048.64, "Plan Rows": 1, "Plan Width": 21, "Index Cond": "(id = ci.movie_id)", "Filter": "((production_year >= 2005) AND (production_year <= 2015))"}]}, {"Node Type": "Index Scan", "Parent Relationship": "Inner", "Scan Direction": "Forward", "Index Name": "person_id_aka_name", "Relation Name": "aka_name", "Alias": "an", "Startup Cost": 10000000000.0, "Total Cost": 1000000000033.66, "Plan Rows": 1, "Plan Width": 20, "Index Cond": "(person_id = ci.person_id)"}]}]}, "Unique SQL Id": 3431223514, "Planner Runtime": 77}, "explain_analyze_plan": null}, "(16, 44)": {"explain_plan": {"Plan": {"Node Type": "Aggregate", "Strategy": "Plain", "Startup Cost": 23199.8, "Total Cost": 23199.81, "Plan Rows": 1, "Plan Width": 145, "Plans": [{"Node Type": "Nested Loop", "Parent Relationship": "Outer", "Join Type": "Inner", "Startup Cost": 0.0, "Total Cost": 23199.79, "Plan Rows": 1, "Plan Width": 49, "Inner Unique": true, "Plans": [{"Node Type": "Nested Loop", "Parent Relationship": "Outer", "Join Type": "Inner", "Startup Cost": 0.0, "Total Cost": 23199.29, "Plan Rows": 1, "Plan Width": 40, "Inner Unique": true, "Plans": [{"Node Type": "Nested Loop", "Parent Relationship": "Outer", "Join Type": "Inner", "Startup Cost": 0.0, "Total Cost": 23198.64, "Plan Rows": 2, "Plan Width": 44, "Inner Unique": true, "Plans": [{"Node Type": "Nested Loop", "Parent Relationship": "Outer", "Join Type": "Inner", "Startup Cost": 0.0, "Total Cost": 23196.09, "Plan Rows": 5, "Plan Width": 32, "Inner Unique": false, "Plans": [{"Node Type": "Nested Loop", "Parent Relationship": "Outer", "Join Type": "Inner", "Startup Cost": 0.0, "Total Cost": 23190.48, "Plan Rows": 13, "Plan Width": 24, "Inner Unique": false, "Join Filter": "(ci.role_id = rt.id)", "Plans": [{"Node Type": "Seq Scan", "Parent Relationship": "Outer", "Relation Name": "role_type", "Alias": "rt", "Startup Cost": 0.0, "Total Cost": 1.15, "Plan Rows": 1, "Plan Width": 4, "Filter": "((role)::text = 'actress'::text)"}, {"Node Type": "Materialize", "Parent Relationship": "Inner", "Startup Cost": 0.0, "Total Cost": 23187.92, "Plan Rows": 141, "Plan Width": 28, "Plans": [{"Node Type": "Nested Loop", "Parent Relationship": "Outer", "Join Type": "Inner", "Startup Cost": 0.0, "Total Cost": 23187.57, "Plan Rows": 141, "Plan Width": 28, "Inner Unique": false, "Join Filter": "(n.id = ci.person_id)", "Plans": [{"Node Type": "Nested Loop", "Parent Relationship": "Outer", "Join Type": "Inner", "Startup Cost": 0.0, "Total Cost": 22912.29, "Plan Rows": 115, "Plan Width": 24, "Inner Unique": false, "Plans": [{"Node Type": "Streaming(type: LOCAL GATHER dop: 1/16)", "Parent Relationship": "Outer", "Startup Cost": 0.0, "Total Cost": 22121.41, "Plan Rows": 96, "Plan Width": 4, "Plans": [{"Node Type": "Seq Scan", "Parent Relationship": "Outer", "Relation Name": "name", "Alias": "n", "Startup Cost": 0.0, "Total Cost": 22119.33, "Plan Rows": 96, "Plan Width": 4, "Filter": "(((name)::text ~~ '%Ang%'::text) AND ((gender)::text = 'f'::text))"}]}, {"Node Type": "Index Scan", "Parent Relationship": "Inner", "Scan Direction": "Forward", "Index Name": "person_id_aka_name", "Relation Name": "aka_name", "Alias": "an", "Startup Cost": 0.0, "Total Cost": 8.23, "Plan Rows": 1, "Plan Width": 20, "Index Cond": "(person_id = n.id)"}]}, {"Node Type": "Index Scan", "Parent Relationship": "Inner", "Scan Direction": "Forward", "Index Name": "person_id_cast_info", "Relation Name": "cast_info", "Alias": "ci", "Startup Cost": 0.0, "Total Cost": 2.38, "Plan Rows": 1, "Plan Width": 16, "Index Cond": "(person_id = an.person_id)", "Filter": "((note)::text = ANY ('{(voice),\"(voice: Japanese version)\",\"(voice) (uncredited)\",\"(voice: English version)\"}'::text[]))"}]}]}]}, {"Node Type": "Index Scan", "Parent Relationship": "Inner", "Scan Direction": "Forward", "Index Name": "movie_id_movie_companies", "Relation Name": "movie_companies", "Alias": "mc", "Startup Cost": 0.0, "Total Cost": 0.42, "Plan Rows": 1, "Plan Width": 8, "Index Cond": "(movie_id = ci.movie_id)", "Filter": "((note IS NOT NULL) AND (((note)::text ~~ '%(USA)%'::text) OR ((note)::text ~~ '%(worldwide)%'::text)))"}]}, {"Node Type": "Index Scan", "Parent Relationship": "Inner", "Scan Direction": "Forward", "Index Name": "char_name_pkey", "Relation Name": "char_name", "Alias": "chn", "Startup Cost": 0.0, "Total Cost": 0.5, "Plan Rows": 1, "Plan Width": 20, "Index Cond": "(id = ci.person_role_id)"}]}, {"Node Type": "Index Scan", "Parent Relationship": "Inner", "Scan Direction": "Forward", "Index Name": "company_name_pkey", "Relation Name": "company_name", "Alias": "cn", "Startup Cost": 0.0, "Total Cost": 0.32, "Plan Rows": 1, "Plan Width": 4, "Index Cond": "(id = mc.company_id)", "Filter": "((country_code)::text = '[us]'::text)"}]}, {"Node Type": "Index Scan", "Parent Relationship": "Inner", "Scan Direction": "Forward", "Index Name": "title_pkey", "Relation Name": "title", "Alias": "t", "Startup Cost": 0.0, "Total Cost": 0.49, "Plan Rows": 1, "Plan Width": 21, "Index Cond": "(id = ci.movie_id)", "Filter": "((production_year >= 2005) AND (production_year <= 2015))"}]}]}, "Unique SQL Id": 3431223514, "Planner Runtime": 144}, "explain_analyze_plan": {"Plan": {"Node Type": "Aggregate", "Strategy": "Plain", "Startup Cost": 23199.8, "Total Cost": 23199.81, "Plan Rows": 1, "Plan Width": 145, "Actual Min Startup Time": 189.942, "Actual Max Startup Time": 189.942, "Actual Min Total Time": 189.942, "Actual Max Total Time": 189.942, "Plans": [{"Node Type": "Nested Loop", "Parent Relationship": "Outer", "Join Type": "Inner", "Startup Cost": 0.0, "Total Cost": 23199.79, "Plan Rows": 1, "Plan Width": 49, "Actual Min Startup Time": 181.099, "Actual Max Startup Time": 181.099, "Actual Min Total Time": 189.781, "Actual Max Total Time": 189.781, "Inner Unique": true, "Plans": [{"Node Type": "Nested Loop", "Parent Relationship": "Outer", "Join Type": "Inner", "Startup Cost": 0.0, "Total Cost": 23199.29, "Plan Rows": 1, "Plan Width": 40, "Actual Min Startup Time": 180.812, "Actual Max Startup Time": 180.812, "Actual Min Total Time": 188.094, "Actual Max Total Time": 188.094, "Inner Unique": true, "Plans": [{"Node Type": "Nested Loop", "Parent Relationship": "Outer", "Join Type": "Inner", "Startup Cost": 0.0, "Total Cost": 23198.64, "Plan Rows": 2, "Plan Width": 44, "Actual Min Startup Time": 180.793, "Actual Max Startup Time": 180.793, "Actual Min Total Time": 186.568, "Actual Max Total Time": 186.568, "Inner Unique": true, "Plans": [{"Node Type": "Nested Loop", "Parent Relationship": "Outer", "Join Type": "Inner", "Startup Cost": 0.0, "Total Cost": 23196.09, "Plan Rows": 5, "Plan Width": 32, "Actual Min Startup Time": 180.775, "Actual Max Startup Time": 180.775, "Actual Min Total Time": 185.027, "Actual Max Total Time": 185.027, "Inner Unique": false, "Plans": [{"Node Type": "Nested Loop", "Parent Relationship": "Outer", "Join Type": "Inner", "Startup Cost": 0.0, "Total Cost": 23190.48, "Plan Rows": 13, "Plan Width": 24, "Actual Min Startup Time": 180.727, "Actual Max Startup Time": 180.727, "Actual Min Total Time": 181.011, "Actual Max Total Time": 181.011, "Inner Unique": false, "Join Filter": "(ci.role_id = rt.id)", "Rows Removed by Join Filter": 0, "Plans": [{"Node Type": "Seq Scan", "Parent Relationship": "Outer", "Relation Name": "role_type", "Alias": "rt", "Startup Cost": 0.0, "Total Cost": 1.15, "Plan Rows": 1, "Plan Width": 4, "Actual Min Startup Time": 0.028, "Actual Max Startup Time": 0.028, "Actual Min Total Time": 0.033, "Actual Max Total Time": 0.033, "Filter": "((role)::text = 'actress'::text)", "Rows Removed by Filter": 11, "Actual Rows": 1}, {"Node Type": "Materialize", "Parent Relationship": "Inner", "Startup Cost": 0.0, "Total Cost": 23187.92, "Plan Rows": 141, "Plan Width": 28, "Actual Min Startup Time": 180.682, "Actual Max Startup Time": 180.682, "Actual Min Total Time": 180.754, "Actual Max Total Time": 180.754, "Plans": [{"Node Type": "Nested Loop", "Parent Relationship": "Outer", "Join Type": "Inner", "Startup Cost": 0.0, "Total Cost": 23187.57, "Plan Rows": 141, "Plan Width": 28, "Actual Min Startup Time": 60.138, "Actual Max Startup Time": 60.138, "Actual Min Total Time": 180.446, "Actual Max Total Time": 180.446, "Inner Unique": false, "Join Filter": "(n.id = ci.person_id)", "Rows Removed by Join Filter": 0, "Plans": [{"Node Type": "Nested Loop", "Parent Relationship": "Outer", "Join Type": "Inner", "Startup Cost": 0.0, "Total Cost": 22912.29, "Plan Rows": 115, "Plan Width": 24, "Actual Min Startup Time": 58.849, "Actual Max Startup Time": 58.849, "Actual Min Total Time": 130.527, "Actual Max Total Time": 130.527, "Inner Unique": false, "Plans": [{"Node Type": "Streaming(type: LOCAL GATHER dop: 1/16)", "Parent Relationship": "Outer", "Startup Cost": 0.0, "Total Cost": 22121.41, "Plan Rows": 96, "Plan Width": 4, "Actual Min Startup Time": 58.768, "Actual Max Startup Time": 58.768, "Actual Min Total Time": 108.328, "Actual Max Total Time": 108.328, "Plans": [{"Node Type": "Seq Scan", "Parent Relationship": "Outer", "Relation Name": "name", "Alias": "n", "Startup Cost": 0.0, "Total Cost": 22119.33, "Plan Rows": 96, "Plan Width": 4, "Actual Min Startup Time": 40.816, "Actual Max Startup Time": 45.066, "Actual Min Total Time": 101.069, "Actual Max Total Time": 105.932, "Filter": "(((name)::text ~~ '%Ang%'::text) AND ((gender)::text = 'f'::text))", "Rows Removed by Filter": 4160722, "Actual Rows": 6768}], "Actual Rows": 6768}, {"Node Type": "Index Scan", "Parent Relationship": "Inner", "Scan Direction": "Forward", "Index Name": "person_id_aka_name", "Relation Name": "aka_name", "Alias": "an", "Startup Cost": 0.0, "Total Cost": 8.23, "Plan Rows": 1, "Plan Width": 20, "Actual Min Startup Time": 17.88, "Actual Max Startup Time": 17.88, "Actual Min Total Time": 18.692, "Actual Max Total Time": 18.692, "Index Cond": "(person_id = n.id)", "Rows Removed by Index Recheck": 0, "Actual Rows": 1558}], "Actual Rows": 1558}, {"Node Type": "Index Scan", "Parent Relationship": "Inner", "Scan Direction": "Forward", "Index Name": "person_id_cast_info", "Relation Name": "cast_info", "Alias": "ci", "Startup Cost": 0.0, "Total Cost": 2.38, "Plan Rows": 1, "Plan Width": 16, "Actual Min Startup Time": 44.25, "Actual Max Startup Time": 44.25, "Actual Min Total Time": 48.899, "Actual Max Total Time": 48.899, "Index Cond": "(person_id = an.person_id)", "Rows Removed by Index Recheck": 0, "Filter": "((note)::text = ANY ('{(voice),\"(voice: Japanese version)\",\"(voice) (uncredited)\",\"(voice: English version)\"}'::text[]))", "Rows Removed by Filter": 69057, "Actual Rows": 425}], "Actual Rows": 425}], "Actual Rows": 426}], "Actual Rows": 425}, {"Node Type": "Index Scan", "Parent Relationship": "Inner", "Scan Direction": "Forward", "Index Name": "movie_id_movie_companies", "Relation Name": "movie_companies", "Alias": "mc", "Startup Cost": 0.0, "Total Cost": 0.42, "Plan Rows": 1, "Plan Width": 8, "Actual Min Startup Time": 2.606, "Actual Max Startup Time": 2.606, "Actual Min Total Time": 3.712, "Actual Max Total Time": 3.712, "Index Cond": "(movie_id = ci.movie_id)", "Rows Removed by Index Recheck": 0, "Filter": "((note IS NOT NULL) AND (((note)::text ~~ '%(USA)%'::text) OR ((note)::text ~~ '%(worldwide)%'::text)))", "Rows Removed by Filter": 1538, "Actual Rows": 373}], "Actual Rows": 373}, {"Node Type": "Index Scan", "Parent Relationship": "Inner", "Scan Direction": "Forward", "Index Name": "char_name_pkey", "Relation Name": "char_name", "Alias": "chn", "Startup Cost": 0.0, "Total Cost": 0.5, "Plan Rows": 1, "Plan Width": 20, "Actual Min Startup Time": 1.235, "Actual Max Startup Time": 1.235, "Actual Min Total Time": 1.235, "Actual Max Total Time": 1.235, "Index Cond": "(id = ci.person_role_id)", "Rows Removed by Index Recheck": 0, "Actual Rows": 348}], "Actual Rows": 348}, {"Node Type": "Index Scan", "Parent Relationship": "Inner", "Scan Direction": "Forward", "Index Name": "company_name_pkey", "Relation Name": "company_name", "Alias": "cn", "Startup Cost": 0.0, "Total Cost": 0.32, "Plan Rows": 1, "Plan Width": 4, "Actual Min Startup Time": 1.254, "Actual Max Startup Time": 1.254, "Actual Min Total Time": 1.254, "Actual Max Total Time": 1.254, "Index Cond": "(id = mc.company_id)", "Rows Removed by Index Recheck": 0, "Filter": "((country_code)::text = '[us]'::text)", "Rows Removed by Filter": 7, "Actual Rows": 341}], "Actual Rows": 341}, {"Node Type": "Index Scan", "Parent Relationship": "Inner", "Scan Direction": "Forward", "Index Name": "title_pkey", "Relation Name": "title", "Alias": "t", "Startup Cost": 0.0, "Total Cost": 0.49, "Plan Rows": 1, "Plan Width": 21, "Actual Min Startup Time": 1.456, "Actual Max Startup Time": 1.456, "Actual Min Total Time": 1.456, "Actual Max Total Time": 1.456, "Index Cond": "(id = ci.movie_id)", "Rows Removed by Index Recheck": 0, "Filter": "((production_year >= 2005) AND (production_year <= 2015))", "Rows Removed by Filter": 220, "Actual Rows": 121}], "Actual Rows": 121}], "Actual Rows": 1}, "Triggers": [], "Planner Runtime": 144, "Total Runtime": 193.165, "Unique SQL Id": 3431223514}}, "(16, 45)": {"explain_plan": {"Plan": {"Node Type": "Aggregate", "Strategy": "Plain", "Startup Cost": 154556.1, "Total Cost": 154556.11, "Plan Rows": 1, "Plan Width": 145, "Plans": [{"Node Type": "Nested Loop", "Parent Relationship": "Outer", "Join Type": "Inner", "Startup Cost": 0.0, "Total Cost": 154556.09, "Plan Rows": 1, "Plan Width": 49, "Inner Unique": true, "Plans": [{"Node Type": "Nested Loop", "Parent Relationship": "Outer", "Join Type": "Inner", "Startup Cost": 0.0, "Total Cost": 154555.59, "Plan Rows": 1, "Plan Width": 40, "Inner Unique": true, "Plans": [{"Node Type": "Nested Loop", "Parent Relationship": "Outer", "Join Type": "Inner", "Startup Cost": 0.0, "Total Cost": 154554.58, "Plan Rows": 2, "Plan Width": 28, "Inner Unique": true, "Plans": [{"Node Type": "Nested Loop", "Parent Relationship": "Outer", "Join Type": "Inner", "Startup Cost": 0.0, "Total Cost": 154552.94, "Plan Rows": 5, "Plan Width": 32, "Inner Unique": false, "Plans": [{"Node Type": "Nested Loop", "Parent Relationship": "Outer", "Join Type": "Inner", "Startup Cost": 0.0, "Total Cost": 154547.33, "Plan Rows": 13, "Plan Width": 24, "Inner Unique": false, "Join Filter": "(ci.role_id = rt.id)", "Plans": [{"Node Type": "Index Scan", "Parent Relationship": "Outer", "Scan Direction": "Forward", "Index Name": "role_type_pkey", "Relation Name": "role_type", "Alias": "rt", "Startup Cost": 0.0, "Total Cost": 12.46, "Plan Rows": 1, "Plan Width": 4, "Filter": "((role)::text = 'actress'::text)"}, {"Node Type": "Materialize", "Parent Relationship": "Inner", "Startup Cost": 0.0, "Total Cost": 154533.46, "Plan Rows": 141, "Plan Width": 28, "Plans": [{"Node Type": "Nested Loop", "Parent Relationship": "Outer", "Join Type": "Inner", "Startup Cost": 0.0, "Total Cost": 154533.1, "Plan Rows": 141, "Plan Width": 28, "Inner Unique": false, "Join Filter": "(n.id = ci.person_id)", "Plans": [{"Node Type": "Nested Loop", "Parent Relationship": "Outer", "Join Type": "Inner", "Startup Cost": 0.0, "Total Cost": 154257.82, "Plan Rows": 115, "Plan Width": 24, "Inner Unique": false, "Plans": [{"Node Type": "Streaming(type: LOCAL GATHER dop: 1/16)", "Parent Relationship": "Outer", "Startup Cost": 0.0, "Total Cost": 153466.94, "Plan Rows": 96, "Plan Width": 4, "Plans": [{"Node Type": "Index Scan", "Parent Relationship": "Outer", "Scan Direction": "Forward", "Index Name": "name_pkey", "Relation Name": "name", "Alias": "n", "Startup Cost": 0.0, "Total Cost": 153464.87, "Plan Rows": 96, "Plan Width": 4, "Filter": "(((name)::text ~~ '%Ang%'::text) AND ((gender)::text = 'f'::text))"}]}, {"Node Type": "Index Scan", "Parent Relationship": "Inner", "Scan Direction": "Forward", "Index Name": "person_id_aka_name", "Relation Name": "aka_name", "Alias": "an", "Startup Cost": 0.0, "Total Cost": 8.23, "Plan Rows": 1, "Plan Width": 20, "Index Cond": "(person_id = n.id)"}]}, {"Node Type": "Index Scan", "Parent Relationship": "Inner", "Scan Direction": "Forward", "Index Name": "person_id_cast_info", "Relation Name": "cast_info", "Alias": "ci", "Startup Cost": 0.0, "Total Cost": 2.38, "Plan Rows": 1, "Plan Width": 16, "Index Cond": "(person_id = an.person_id)", "Filter": "((note)::text = ANY ('{(voice),\"(voice: Japanese version)\",\"(voice) (uncredited)\",\"(voice: English version)\"}'::text[]))"}]}]}]}, {"Node Type": "Index Scan", "Parent Relationship": "Inner", "Scan Direction": "Forward", "Index Name": "movie_id_movie_companies", "Relation Name": "movie_companies", "Alias": "mc", "Startup Cost": 0.0, "Total Cost": 0.42, "Plan Rows": 1, "Plan Width": 8, "Index Cond": "(movie_id = ci.movie_id)", "Filter": "((note IS NOT NULL) AND (((note)::text ~~ '%(USA)%'::text) OR ((note)::text ~~ '%(worldwide)%'::text)))"}]}, {"Node Type": "Index Scan", "Parent Relationship": "Inner", "Scan Direction": "Forward", "Index Name": "company_name_pkey", "Relation Name": "company_name", "Alias": "cn", "Startup Cost": 0.0, "Total Cost": 0.32, "Plan Rows": 1, "Plan Width": 4, "Index Cond": "(id = mc.company_id)", "Filter": "((country_code)::text = '[us]'::text)"}]}, {"Node Type": "Index Scan", "Parent Relationship": "Inner", "Scan Direction": "Forward", "Index Name": "char_name_pkey", "Relation Name": "char_name", "Alias": "chn", "Startup Cost": 0.0, "Total Cost": 0.5, "Plan Rows": 1, "Plan Width": 20, "Index Cond": "(id = ci.person_role_id)"}]}, {"Node Type": "Index Scan", "Parent Relationship": "Inner", "Scan Direction": "Forward", "Index Name": "title_pkey", "Relation Name": "title", "Alias": "t", "Startup Cost": 0.0, "Total Cost": 0.49, "Plan Rows": 1, "Plan Width": 21, "Index Cond": "(id = ci.movie_id)", "Filter": "((production_year >= 2005) AND (production_year <= 2015))"}]}]}, "Unique SQL Id": 3431223514, "Planner Runtime": 39}, "explain_analyze_plan": {"Plan": {"Node Type": "Aggregate", "Strategy": "Plain", "Startup Cost": 154556.1, "Total Cost": 154556.11, "Plan Rows": 1, "Plan Width": 145, "Actual Min Startup Time": 381.158, "Actual Max Startup Time": 381.158, "Actual Min Total Time": 381.159, "Actual Max Total Time": 381.159, "Plans": [{"Node Type": "Nested Loop", "Parent Relationship": "Outer", "Join Type": "Inner", "Startup Cost": 0.0, "Total Cost": 154556.09, "Plan Rows": 1, "Plan Width": 49, "Actual Min Startup Time": 371.852, "Actual Max Startup Time": 371.852, "Actual Min Total Time": 381.01, "Actual Max Total Time": 381.01, "Inner Unique": true, "Plans": [{"Node Type": "Nested Loop", "Parent Relationship": "Outer", "Join Type": "Inner", "Startup Cost": 0.0, "Total Cost": 154555.59, "Plan Rows": 1, "Plan Width": 40, "Actual Min Startup Time": 370.918, "Actual Max Startup Time": 370.918, "Actual Min Total Time": 379.017, "Actual Max Total Time": 379.017, "Inner Unique": true, "Plans": [{"Node Type": "Nested Loop", "Parent Relationship": "Outer", "Join Type": "Inner", "Startup Cost": 0.0, "Total Cost": 154554.58, "Plan Rows": 2, "Plan Width": 28, "Actual Min Startup Time": 370.897, "Actual Max Startup Time": 370.897, "Actual Min Total Time": 377.445, "Actual Max Total Time": 377.445, "Inner Unique": true, "Plans": [{"Node Type": "Nested Loop", "Parent Relationship": "Outer", "Join Type": "Inner", "Startup Cost": 0.0, "Total Cost": 154552.94, "Plan Rows": 5, "Plan Width": 32, "Actual Min Startup Time": 370.872, "Actual Max Startup Time": 370.872, "Actual Min Total Time": 375.543, "Actual Max Total Time": 375.543, "Inner Unique": false, "Plans": [{"Node Type": "Nested Loop", "Parent Relationship": "Outer", "Join Type": "Inner", "Startup Cost": 0.0, "Total Cost": 154547.33, "Plan Rows": 13, "Plan Width": 24, "Actual Min Startup Time": 370.838, "Actual Max Startup Time": 370.838, "Actual Min Total Time": 371.129, "Actual Max Total Time": 371.129, "Inner Unique": false, "Join Filter": "(ci.role_id = rt.id)", "Rows Removed by Join Filter": 0, "Plans": [{"Node Type": "Index Scan", "Parent Relationship": "Outer", "Scan Direction": "Forward", "Index Name": "role_type_pkey", "Relation Name": "role_type", "Alias": "rt", "Startup Cost": 0.0, "Total Cost": 12.46, "Plan Rows": 1, "Plan Width": 4, "Actual Min Startup Time": 0.027, "Actual Max Startup Time": 0.027, "Actual Min Total Time": 0.034, "Actual Max Total Time": 0.034, "Filter": "((role)::text = 'actress'::text)", "Rows Removed by Filter": 11, "Actual Rows": 1}, {"Node Type": "Materialize", "Parent Relationship": "Inner", "Startup Cost": 0.0, "Total Cost": 154533.46, "Plan Rows": 141, "Plan Width": 28, "Actual Min Startup Time": 370.792, "Actual Max Startup Time": 370.792, "Actual Min Total Time": 370.871, "Actual Max Total Time": 370.871, "Plans": [{"Node Type": "Nested Loop", "Parent Relationship": "Outer", "Join Type": "Inner", "Startup Cost": 0.0, "Total Cost": 154533.1, "Plan Rows": 141, "Plan Width": 28, "Actual Min Startup Time": 96.425, "Actual Max Startup Time": 96.425, "Actual Min Total Time": 370.541, "Actual Max Total Time": 370.541, "Inner Unique": false, "Join Filter": "(n.id = ci.person_id)", "Rows Removed by Join Filter": 0, "Plans": [{"Node Type": "Nested Loop", "Parent Relationship": "Outer", "Join Type": "Inner", "Startup Cost": 0.0, "Total Cost": 154257.82, "Plan Rows": 115, "Plan Width": 24, "Actual Min Startup Time": 95.83, "Actual Max Startup Time": 95.83, "Actual Min Total Time": 315.879, "Actual Max Total Time": 315.879, "Inner Unique": false, "Plans": [{"Node Type": "Streaming(type: LOCAL GATHER dop: 1/16)", "Parent Relationship": "Outer", "Startup Cost": 0.0, "Total Cost": 153466.94, "Plan Rows": 96, "Plan Width": 4, "Actual Min Startup Time": 95.756, "Actual Max Startup Time": 95.756, "Actual Min Total Time": 293.923, "Actual Max Total Time": 293.923, "Plans": [{"Node Type": "Index Scan", "Parent Relationship": "Outer", "Scan Direction": "Forward", "Index Name": "name_pkey", "Relation Name": "name", "Alias": "n", "Startup Cost": 0.0, "Total Cost": 153464.87, "Plan Rows": 96, "Plan Width": 4, "Actual Min Startup Time": 40.31, "Actual Max Startup Time": 338.836, "Actual Min Total Time": 295.678, "Actual Max Total Time": 338.836, "Filter": "(((name)::text ~~ '%Ang%'::text) AND ((gender)::text = 'f'::text))", "Rows Removed by Filter": 4160722, "Actual Rows": 6768}], "Actual Rows": 6768}, {"Node Type": "Index Scan", "Parent Relationship": "Inner", "Scan Direction": "Forward", "Index Name": "person_id_aka_name", "Relation Name": "aka_name", "Alias": "an", "Startup Cost": 0.0, "Total Cost": 8.23, "Plan Rows": 1, "Plan Width": 20, "Actual Min Startup Time": 17.357, "Actual Max Startup Time": 17.357, "Actual Min Total Time": 18.22, "Actual Max Total Time": 18.22, "Index Cond": "(person_id = n.id)", "Rows Removed by Index Recheck": 0, "Actual Rows": 1558}], "Actual Rows": 1558}, {"Node Type": "Index Scan", "Parent Relationship": "Inner", "Scan Direction": "Forward", "Index Name": "person_id_cast_info", "Relation Name": "cast_info", "Alias": "ci", "Startup Cost": 0.0, "Total Cost": 2.38, "Plan Rows": 1, "Plan Width": 16, "Actual Min Startup Time": 48.528, "Actual Max Startup Time": 48.528, "Actual Min Total Time": 53.577, "Actual Max Total Time": 53.577, "Index Cond": "(person_id = an.person_id)", "Rows Removed by Index Recheck": 0, "Filter": "((note)::text = ANY ('{(voice),\"(voice: Japanese version)\",\"(voice) (uncredited)\",\"(voice: English version)\"}'::text[]))", "Rows Removed by Filter": 69057, "Actual Rows": 425}], "Actual Rows": 425}], "Actual Rows": 426}], "Actual Rows": 425}, {"Node Type": "Index Scan", "Parent Relationship": "Inner", "Scan Direction": "Forward", "Index Name": "movie_id_movie_companies", "Relation Name": "movie_companies", "Alias": "mc", "Startup Cost": 0.0, "Total Cost": 0.42, "Plan Rows": 1, "Plan Width": 8, "Actual Min Startup Time": 2.907, "Actual Max Startup Time": 2.907, "Actual Min Total Time": 4.086, "Actual Max Total Time": 4.086, "Index Cond": "(movie_id = ci.movie_id)", "Rows Removed by Index Recheck": 0, "Filter": "((note IS NOT NULL) AND (((note)::text ~~ '%(USA)%'::text) OR ((note)::text ~~ '%(worldwide)%'::text)))", "Rows Removed by Filter": 1538, "Actual Rows": 373}], "Actual Rows": 373}, {"Node Type": "Index Scan", "Parent Relationship": "Inner", "Scan Direction": "Forward", "Index Name": "company_name_pkey", "Relation Name": "company_name", "Alias": "cn", "Startup Cost": 0.0, "Total Cost": 0.32, "Plan Rows": 1, "Plan Width": 4, "Actual Min Startup Time": 1.6, "Actual Max Startup Time": 1.6, "Actual Min Total Time": 1.6, "Actual Max Total Time": 1.6, "Index Cond": "(id = mc.company_id)", "Rows Removed by Index Recheck": 0, "Filter": "((country_code)::text = '[us]'::text)", "Rows Removed by Filter": 14, "Actual Rows": 359}], "Actual Rows": 359}, {"Node Type": "Index Scan", "Parent Relationship": "Inner", "Scan Direction": "Forward", "Index Name": "char_name_pkey", "Relation Name": "char_name", "Alias": "chn", "Startup Cost": 0.0, "Total Cost": 0.5, "Plan Rows": 1, "Plan Width": 20, "Actual Min Startup Time": 1.275, "Actual Max Startup Time": 1.275, "Actual Min Total Time": 1.275, "Actual Max Total Time": 1.275, "Index Cond": "(id = ci.person_role_id)", "Rows Removed by Index Recheck": 0, "Actual Rows": 341}], "Actual Rows": 341}, {"Node Type": "Index Scan", "Parent Relationship": "Inner", "Scan Direction": "Forward", "Index Name": "title_pkey", "Relation Name": "title", "Alias": "t", "Startup Cost": 0.0, "Total Cost": 0.49, "Plan Rows": 1, "Plan Width": 21, "Actual Min Startup Time": 1.749, "Actual Max Startup Time": 1.749, "Actual Min Total Time": 1.749, "Actual Max Total Time": 1.749, "Index Cond": "(id = ci.movie_id)", "Rows Removed by Index Recheck": 0, "Filter": "((production_year >= 2005) AND (production_year <= 2015))", "Rows Removed by Filter": 220, "Actual Rows": 121}], "Actual Rows": 121}], "Actual Rows": 1}, "Triggers": [], "Planner Runtime": 15, "Total Runtime": 384.132, "Unique SQL Id": 3431223514}}, "(16, 46)": {"explain_plan": {"Plan": {"Node Type": "Aggregate", "Strategy": "Plain", "Startup Cost": 192527.17, "Total Cost": 192527.2, "Plan Rows": 1, "Plan Width": 145, "Plans": [{"Node Type": "Streaming(type: LOCAL GATHER dop: 1/16)", "Parent Relationship": "Outer", "Startup Cost": 192527.17, "Total Cost": 192527.2, "Plan Rows": 1, "Plan Width": 145, "Plans": [{"Node Type": "Aggregate", "Strategy": "Plain", "Parent Relationship": "Outer", "Startup Cost": 192527.17, "Total Cost": 192527.18, "Plan Rows": 1, "Plan Width": 145, "Plans": [{"Node Type": "Hash Join", "Parent Relationship": "Outer", "Join Type": "Inner", "Startup Cost": 121554.77, "Total Cost": 192527.15, "Plan Rows": 2, "Plan Width": 49, "Inner Unique": false, "Hash Cond": "(n.id = an.person_id)", "Plans": [{"Node Type": "Streaming(type: BROADCAST dop: 16/16)", "Parent Relationship": "Outer", "Startup Cost": 116789.53, "Total Cost": 187761.88, "Plan Rows": 16, "Plan Width": 41, "Plans": [{"Node Type": "Hash Join", "Parent Relationship": "Outer", "Join Type": "Inner", "Startup Cost": 116789.53, "Total Cost": 172761.84, "Plan Rows": 1, "Plan Width": 41, "Inner Unique": true, "Hash Cond": "(ci.movie_id = t.id)", "Plans": [{"Node Type": "Streaming(type: BROADCAST dop: 16/1)", "Parent Relationship": "Outer", "Startup Cost": 111036.84, "Total Cost": 167009.14, "Plan Rows": 16, "Plan Width": 32, "Plans": [{"Node Type": "Nested Loop", "Parent Relationship": "Outer", "Join Type": "Inner", "Startup Cost": 111036.84, "Total Cost": 152008.79, "Plan Rows": 1, "Plan Width": 32, "Inner Unique": false, "Join Filter": "(ci.role_id = rt.id)", "Plans": [{"Node Type": "Seq Scan", "Parent Relationship": "Outer", "Relation Name": "role_type", "Alias": "rt", "Startup Cost": 0.0, "Total Cost": 1.15, "Plan Rows": 1, "Plan Width": 4, "Filter": "((role)::text = 'actress'::text)"}, {"Node Type": "Materialize", "Parent Relationship": "Inner", "Startup Cost": 111036.84, "Total Cost": 152007.48, "Plan Rows": 16, "Plan Width": 36, "Plans": [{"Node Type": "Hash Join", "Parent Relationship": "Outer", "Join Type": "Inner", "Startup Cost": 111036.84, "Total Cost": 152007.44, "Plan Rows": 16, "Plan Width": 36, "Inner Unique": true, "Hash Cond": "(mc.company_id = cn.id)", "Plans": [{"Node Type": "Streaming(type: LOCAL GATHER dop: 1/16)", "Parent Relationship": "Outer", "Startup Cost": 108496.35, "Total Cost": 149466.63, "Plan Rows": 21, "Plan Width": 40, "Plans": [{"Node Type": "Hash Join", "Parent Relationship": "Outer", "Join Type": "Inner", "Startup Cost": 108496.35, "Total Cost": 149466.17, "Plan Rows": 21, "Plan Width": 40, "Inner Unique": true, "Hash Cond": "(ci.person_role_id = chn.id)", "Plans": [{"Node Type": "Streaming(type: BROADCAST dop: 16/1)", "Parent Relationship": "Outer", "Startup Cost": 101238.38, "Total Cost": 142208.03, "Plan Rows": 688, "Plan Width": 28, "Plans": [{"Node Type": "Hash Join", "Parent Relationship": "Outer", "Join Type": "Inner", "Startup Cost": 101238.38, "Total Cost": 127193.18, "Plan Rows": 43, "Plan Width": 28, "Inner Unique": false, "Hash Cond": "(mc.movie_id = ci.movie_id)", "Plans": [{"Node Type": "Streaming(type: LOCAL GATHER dop: 1/16)", "Parent Relationship": "Outer", "Startup Cost": 0.0, "Total Cost": 24840.35, "Plan Rows": 297072, "Plan Width": 8, "Plans": [{"Node Type": "Seq Scan", "Parent Relationship": "Outer", "Relation Name": "movie_companies", "Alias": "mc", "Startup Cost": 0.0, "Total Cost": 18428.93, "Plan Rows": 297072, "Plan Width": 8, "Filter": "((note IS NOT NULL) AND (((note)::text ~~ '%(USA)%'::text) OR ((note)::text ~~ '%(worldwide)%'::text))), (LLVM Optimized)"}]}, {"Node Type": "Hash", "Parent Relationship": "Inner", "Startup Cost": 101236.92, "Total Cost": 101236.92, "Plan Rows": 117, "Plan Width": 20, "Plans": [{"Node Type": "Streaming(type: LOCAL GATHER dop: 1/16)", "Parent Relationship": "Outer", "Startup Cost": 37124.43, "Total Cost": 101236.92, "Plan Rows": 117, "Plan Width": 20, "Plans": [{"Node Type": "Hash Join", "Parent Relationship": "Outer", "Join Type": "Inner", "Startup Cost": 37124.43, "Total Cost": 101234.39, "Plan Rows": 117, "Plan Width": 20, "Inner Unique": true, "Hash Cond": "(ci.person_id = n.id)", "Plans": [{"Node Type": "Seq Scan", "Parent Relationship": "Outer", "Relation Name": "cast_info", "Alias": "ci", "Startup Cost": 0.0, "Total Cost": 63948.46, "Plan Rows": 833163, "Plan Width": 16, "Filter": "((note)::text = ANY ('{(voice),\"(voice: Japanese version)\",\"(voice) (uncredited)\",\"(voice: English version)\"}'::text[]))"}, {"Node Type": "Hash", "Parent Relationship": "Inner", "Startup Cost": 37123.23, "Total Cost": 37123.23, "Plan Rows": 1536, "Plan Width": 4, "Plans": [{"Node Type": "Streaming(type: BROADCAST dop: 16/16)", "Parent Relationship": "Outer", "Startup Cost": 0.0, "Total Cost": 37123.23, "Plan Rows": 1536, "Plan Width": 4, "Plans": [{"Node Type": "Seq Scan", "Parent Relationship": "Outer", "Relation Name": "name", "Alias": "n", "Startup Cost": 0.0, "Total Cost": 22119.33, "Plan Rows": 96, "Plan Width": 4, "Filter": "(((name)::text ~~ '%Ang%'::text) AND ((gender)::text = 'f'::text))"}]}]}]}]}]}]}]}, {"Node Type": "Hash", "Parent Relationship": "Inner", "Startup Cost": 19218.34, "Total Cost": 19218.34, "Plan Rows": 3140338, "Plan Width": 20, "Plans": [{"Node Type": "Seq Scan", "Parent Relationship": "Outer", "Relation Name": "char_name", "Alias": "chn", "Startup Cost": 0.0, "Total Cost": 19218.34, "Plan Rows": 3140338, "Plan Width": 20}]}]}]}, {"Node Type": "Hash", "Parent Relationship": "Inner", "Startup Cost": 5903.45, "Total Cost": 5903.45, "Plan Rows": 85170, "Plan Width": 4, "Plans": [{"Node Type": "Seq Scan", "Parent Relationship": "Outer", "Relation Name": "company_name", "Alias": "cn", "Startup Cost": 0.0, "Total Cost": 5903.45, "Plan Rows": 85170, "Plan Width": 4, "Filter": "((country_code)::text = '[us]'::text)"}]}]}]}]}]}, {"Node Type": "Hash", "Parent Relationship": "Inner", "Startup Cost": 19544.42, "Total Cost": 19544.42, "Plan Rows": 1109224, "Plan Width": 21, "Plans": [{"Node Type": "Seq Scan", "Parent Relationship": "Outer", "Relation Name": "title", "Alias": "t", "Startup Cost": 86.43, "Total Cost": 19544.42, "Plan Rows": 1109224, "Plan Width": 21, "Filter": "((production_year >= 2005) AND (production_year <= 2015)), (LLVM Optimized)"}]}]}]}, {"Node Type": "Hash", "Parent Relationship": "Inner", "Startup Cost": 16244.28, "Total Cost": 16244.28, "Plan Rows": 901342, "Plan Width": 20, "Plans": [{"Node Type": "Seq Scan", "Parent Relationship": "Outer", "Relation Name": "aka_name", "Alias": "an", "Startup Cost": 0.0, "Total Cost": 16244.28, "Plan Rows": 901342, "Plan Width": 20}]}]}]}]}]}, "Unique SQL Id": 3431223514, "Planner Runtime": 400}, "explain_analyze_plan": null}, "(16, 47)": {"explain_plan": {"Plan": {"Node Type": "Aggregate", "Strategy": "Plain", "Startup Cost": 8000201107247.63, "Total Cost": 8000201107247.64, "Plan Rows": 1, "Plan Width": 145, "Plans": [{"Node Type": "Nested Loop", "Parent Relationship": "Outer", "Join Type": "Inner", "Startup Cost": 80000000000.0, "Total Cost": 8000201107247.61, "Plan Rows": 2, "Plan Width": 49, "Inner Unique": false, "Join Filter": "(n.id = an.person_id)", "Plans": [{"Node Type": "Nested Loop", "Parent Relationship": "Outer", "Join Type": "Inner", "Startup Cost": 70000000000.0, "Total Cost": 7000201107213.94, "Plan Rows": 1, "Plan Width": 41, "Inner Unique": true, "Plans": [{"Node Type": "Nested Loop", "Parent Relationship": "Outer", "Join Type": "Inner", "Startup Cost": 60000000000.0, "Total Cost": 6000201107165.29, "Plan Rows": 1, "Plan Width": 32, "Inner Unique": true, "Join Filter": "(ci.person_role_id = chn.id)", "Plans": [{"Node Type": "Nested Loop", "Parent Relationship": "Outer", "Join Type": "Inner", "Startup Cost": 50000000000.0, "Total Cost": 5000187970453.73, "Plan Rows": 3, "Plan Width": 20, "Inner Unique": true, "Join Filter": "(mc.company_id = cn.id)", "Plans": [{"Node Type": "Nested Loop", "Parent Relationship": "Outer", "Join Type": "Inner", "Startup Cost": 40000000000.0, "Total Cost": 4000186914991.63, "Plan Rows": 4, "Plan Width": 24, "Inner Unique": false, "Join Filter": "(ci.movie_id = mc.movie_id)", "Plans": [{"Node Type": "Nested Loop", "Parent Relationship": "Outer", "Join Type": "Inner", "Startup Cost": 30000000000.0, "Total Cost": 3000173193318.09, "Plan Rows": 11, "Plan Width": 16, "Inner Unique": true, "Join Filter": "(ci.role_id = rt.id)", "Plans": [{"Node Type": "Nested Loop", "Parent Relationship": "Outer", "Join Type": "Inner", "Startup Cost": 20000000000.0, "Total Cost": 2000173192070.33, "Plan Rows": 117, "Plan Width": 20, "Inner Unique": false, "Join Filter": "(ci.person_id = n.id)", "Plans": [{"Node Type": "Index Scan", "Parent Relationship": "Outer", "Scan Direction": "Forward", "Index Name": "name_pkey", "Relation Name": "name", "Alias": "n", "Startup Cost": 10000000000.0, "Total Cost": 1000019707019.7, "Plan Rows": 96, "Plan Width": 4, "Filter": "(((name)::text ~~ '%Ang%'::text) AND ((gender)::text = 'f'::text))"}, {"Node Type": "Materialize", "Parent Relationship": "Inner", "Startup Cost": 10000000000.0, "Total Cost": 1000152287378.81, "Plan Rows": 833163, "Plan Width": 16, "Plans": [{"Node Type": "Index Scan", "Parent Relationship": "Outer", "Scan Direction": "Forward", "Index Name": "role_id_cast_info", "Relation Name": "cast_info", "Alias": "ci", "Startup Cost": 10000000000.0, "Total Cost": 1000152283213.0, "Plan Rows": 833163, "Plan Width": 16, "Filter": "((note)::text = ANY ('{(voice),\"(voice: Japanese version)\",\"(voice) (uncredited)\",\"(voice: English version)\"}'::text[]))"}]}]}, {"Node Type": "Materialize", "Parent Relationship": "Inner", "Startup Cost": 10000000000.0, "Total Cost": 1000000001246.0, "Plan Rows": 1, "Plan Width": 4, "Plans": [{"Node Type": "Index Scan", "Parent Relationship": "Outer", "Scan Direction": "Forward", "Index Name": "role_type_pkey", "Relation Name": "role_type", "Alias": "rt", "Startup Cost": 10000000000.0, "Total Cost": 1000000001246.0, "Plan Rows": 1, "Plan Width": 4, "Filter": "((role)::text = 'actress'::text)"}]}]}, {"Node Type": "Materialize", "Parent Relationship": "Inner", "Startup Cost": 10000000000.0, "Total Cost": 1000013673399.34, "Plan Rows": 297072, "Plan Width": 8, "Plans": [{"Node Type": "Index Scan", "Parent Relationship": "Outer", "Scan Direction": "Forward", "Index Name": "company_id_movie_companies", "Relation Name": "movie_companies", "Alias": "mc", "Startup Cost": 10000000000.0, "Total Cost": 1000013671913.98, "Plan Rows": 297072, "Plan Width": 8, "Filter": "((note IS NOT NULL) AND (((note)::text ~~ '%(USA)%'::text) OR ((note)::text ~~ '%(worldwide)%'::text))), (LLVM Optimized)"}]}]}, {"Node Type": "Materialize", "Parent Relationship": "Inner", "Startup Cost": 10000000000.0, "Total Cost": 1000001050564.82, "Plan Rows": 85170, "Plan Width": 4, "Plans": [{"Node Type": "Index Scan", "Parent Relationship": "Outer", "Scan Direction": "Forward", "Index Name": "company_name_pkey", "Relation Name": "company_name", "Alias": "cn", "Startup Cost": 10000000000.0, "Total Cost": 1000001050138.97, "Plan Rows": 85170, "Plan Width": 4, "Filter": "((country_code)::text = '[us]'::text)"}]}]}, {"Node Type": "Materialize", "Parent Relationship": "Inner", "Startup Cost": 10000000000.0, "Total Cost": 1000013003247.2, "Plan Rows": 3140338, "Plan Width": 20, "Plans": [{"Node Type": "Index Scan", "Parent Relationship": "Outer", "Scan Direction": "Forward", "Index Name": "char_name_pkey", "Relation Name": "char_name", "Alias": "chn", "Startup Cost": 10000000000.0, "Total Cost": 1000012987545.51, "Plan Rows": 3140338, "Plan Width": 20}]}]}, {"Node Type": "Index Scan", "Parent Relationship": "Inner", "Scan Direction": "Forward", "Index Name": "title_pkey", "Relation Name": "title", "Alias": "t", "Startup Cost": 10000000000.0, "Total Cost": 1000000000048.64, "Plan Rows": 1, "Plan Width": 21, "Index Cond": "(id = ci.movie_id)", "Filter": "((production_year >= 2005) AND (production_year <= 2015))"}]}, {"Node Type": "Index Scan", "Parent Relationship": "Inner", "Scan Direction": "Forward", "Index Name": "person_id_aka_name", "Relation Name": "aka_name", "Alias": "an", "Startup Cost": 10000000000.0, "Total Cost": 1000000000033.66, "Plan Rows": 1, "Plan Width": 20, "Index Cond": "(person_id = ci.person_id)"}]}]}, "Unique SQL Id": 3431223514, "Planner Runtime": 77}, "explain_analyze_plan": null}, "(16, 48)": {"explain_plan": {"Plan": {"Node Type": "Aggregate", "Strategy": "Plain", "Startup Cost": 23199.25, "Total Cost": 23199.26, "Plan Rows": 1, "Plan Width": 145, "Plans": [{"Node Type": "Nested Loop", "Parent Relationship": "Outer", "Join Type": "Inner", "Startup Cost": 0.0, "Total Cost": 23199.25, "Plan Rows": 1, "Plan Width": 49, "Inner Unique": true, "Plans": [{"Node Type": "Nested Loop", "Parent Relationship": "Outer", "Join Type": "Inner", "Startup Cost": 0.0, "Total Cost": 23198.75, "Plan Rows": 1, "Plan Width": 40, "Inner Unique": true, "Plans": [{"Node Type": "Nested Loop", "Parent Relationship": "Outer", "Join Type": "Inner", "Startup Cost": 0.0, "Total Cost": 23197.73, "Plan Rows": 2, "Plan Width": 28, "Inner Unique": true, "Plans": [{"Node Type": "Nested Loop", "Parent Relationship": "Outer", "Join Type": "Inner", "Startup Cost": 0.0, "Total Cost": 23196.09, "Plan Rows": 5, "Plan Width": 32, "Inner Unique": false, "Plans": [{"Node Type": "Nested Loop", "Parent Relationship": "Outer", "Join Type": "Inner", "Startup Cost": 0.0, "Total Cost": 23190.48, "Plan Rows": 13, "Plan Width": 24, "Inner Unique": false, "Join Filter": "(ci.role_id = rt.id)", "Plans": [{"Node Type": "Seq Scan", "Parent Relationship": "Outer", "Relation Name": "role_type", "Alias": "rt", "Startup Cost": 0.0, "Total Cost": 1.15, "Plan Rows": 1, "Plan Width": 4, "Filter": "((role)::text = 'actress'::text)"}, {"Node Type": "Materialize", "Parent Relationship": "Inner", "Startup Cost": 0.0, "Total Cost": 23187.92, "Plan Rows": 141, "Plan Width": 28, "Plans": [{"Node Type": "Nested Loop", "Parent Relationship": "Outer", "Join Type": "Inner", "Startup Cost": 0.0, "Total Cost": 23187.57, "Plan Rows": 141, "Plan Width": 28, "Inner Unique": false, "Join Filter": "(n.id = ci.person_id)", "Plans": [{"Node Type": "Nested Loop", "Parent Relationship": "Outer", "Join Type": "Inner", "Startup Cost": 0.0, "Total Cost": 22912.29, "Plan Rows": 115, "Plan Width": 24, "Inner Unique": false, "Plans": [{"Node Type": "Streaming(type: LOCAL GATHER dop: 1/16)", "Parent Relationship": "Outer", "Startup Cost": 0.0, "Total Cost": 22121.41, "Plan Rows": 96, "Plan Width": 4, "Plans": [{"Node Type": "Seq Scan", "Parent Relationship": "Outer", "Relation Name": "name", "Alias": "n", "Startup Cost": 0.0, "Total Cost": 22119.33, "Plan Rows": 96, "Plan Width": 4, "Filter": "(((name)::text ~~ '%Ang%'::text) AND ((gender)::text = 'f'::text))"}]}, {"Node Type": "Index Scan", "Parent Relationship": "Inner", "Scan Direction": "Forward", "Index Name": "person_id_aka_name", "Relation Name": "aka_name", "Alias": "an", "Startup Cost": 0.0, "Total Cost": 8.23, "Plan Rows": 1, "Plan Width": 20, "Index Cond": "(person_id = n.id)"}]}, {"Node Type": "Index Scan", "Parent Relationship": "Inner", "Scan Direction": "Forward", "Index Name": "person_id_cast_info", "Relation Name": "cast_info", "Alias": "ci", "Startup Cost": 0.0, "Total Cost": 2.38, "Plan Rows": 1, "Plan Width": 16, "Index Cond": "(person_id = an.person_id)", "Filter": "((note)::text = ANY ('{(voice),\"(voice: Japanese version)\",\"(voice) (uncredited)\",\"(voice: English version)\"}'::text[]))"}]}]}]}, {"Node Type": "Index Scan", "Parent Relationship": "Inner", "Scan Direction": "Forward", "Index Name": "movie_id_movie_companies", "Relation Name": "movie_companies", "Alias": "mc", "Startup Cost": 0.0, "Total Cost": 0.42, "Plan Rows": 1, "Plan Width": 8, "Index Cond": "(movie_id = ci.movie_id)", "Filter": "((note IS NOT NULL) AND (((note)::text ~~ '%(USA)%'::text) OR ((note)::text ~~ '%(worldwide)%'::text)))"}]}, {"Node Type": "Index Scan", "Parent Relationship": "Inner", "Scan Direction": "Forward", "Index Name": "company_name_pkey", "Relation Name": "company_name", "Alias": "cn", "Startup Cost": 0.0, "Total Cost": 0.32, "Plan Rows": 1, "Plan Width": 4, "Index Cond": "(id = mc.company_id)", "Filter": "((country_code)::text = '[us]'::text)"}]}, {"Node Type": "Index Scan", "Parent Relationship": "Inner", "Scan Direction": "Forward", "Index Name": "char_name_pkey", "Relation Name": "char_name", "Alias": "chn", "Startup Cost": 0.0, "Total Cost": 0.5, "Plan Rows": 1, "Plan Width": 20, "Index Cond": "(id = ci.person_role_id)"}]}, {"Node Type": "Index Scan", "Parent Relationship": "Inner", "Scan Direction": "Forward", "Index Name": "title_pkey", "Relation Name": "title", "Alias": "t", "Startup Cost": 0.0, "Total Cost": 0.49, "Plan Rows": 1, "Plan Width": 21, "Index Cond": "(id = ci.movie_id)", "Filter": "((production_year >= 2005) AND (production_year <= 2015))"}]}]}, "Unique SQL Id": 3431223514, "Planner Runtime": 17}, "explain_analyze_plan": {"Plan": {"Node Type": "Aggregate", "Strategy": "Plain", "Startup Cost": 23199.25, "Total Cost": 23199.26, "Plan Rows": 1, "Plan Width": 145, "Actual Min Startup Time": 217.809, "Actual Max Startup Time": 217.809, "Actual Min Total Time": 217.809, "Actual Max Total Time": 217.809, "Plans": [{"Node Type": "Nested Loop", "Parent Relationship": "Outer", "Join Type": "Inner", "Startup Cost": 0.0, "Total Cost": 23199.25, "Plan Rows": 1, "Plan Width": 49, "Actual Min Startup Time": 208.266, "Actual Max Startup Time": 208.266, "Actual Min Total Time": 217.659, "Actual Max Total Time": 217.659, "Inner Unique": true, "Plans": [{"Node Type": "Nested Loop", "Parent Relationship": "Outer", "Join Type": "Inner", "Startup Cost": 0.0, "Total Cost": 23198.75, "Plan Rows": 1, "Plan Width": 40, "Actual Min Startup Time": 207.759, "Actual Max Startup Time": 207.759, "Actual Min Total Time": 215.669, "Actual Max Total Time": 215.669, "Inner Unique": true, "Plans": [{"Node Type": "Nested Loop", "Parent Relationship": "Outer", "Join Type": "Inner", "Startup Cost": 0.0, "Total Cost": 23197.73, "Plan Rows": 2, "Plan Width": 28, "Actual Min Startup Time": 207.738, "Actual Max Startup Time": 207.738, "Actual Min Total Time": 214.139, "Actual Max Total Time": 214.139, "Inner Unique": true, "Plans": [{"Node Type": "Nested Loop", "Parent Relationship": "Outer", "Join Type": "Inner", "Startup Cost": 0.0, "Total Cost": 23196.09, "Plan Rows": 5, "Plan Width": 32, "Actual Min Startup Time": 207.712, "Actual Max Startup Time": 207.712, "Actual Min Total Time": 212.282, "Actual Max Total Time": 212.282, "Inner Unique": false, "Plans": [{"Node Type": "Nested Loop", "Parent Relationship": "Outer", "Join Type": "Inner", "Startup Cost": 0.0, "Total Cost": 23190.48, "Plan Rows": 13, "Plan Width": 24, "Actual Min Startup Time": 207.655, "Actual Max Startup Time": 207.655, "Actual Min Total Time": 207.944, "Actual Max Total Time": 207.944, "Inner Unique": false, "Join Filter": "(ci.role_id = rt.id)", "Rows Removed by Join Filter": 0, "Plans": [{"Node Type": "Seq Scan", "Parent Relationship": "Outer", "Relation Name": "role_type", "Alias": "rt", "Startup Cost": 0.0, "Total Cost": 1.15, "Plan Rows": 1, "Plan Width": 4, "Actual Min Startup Time": 0.037, "Actual Max Startup Time": 0.037, "Actual Min Total Time": 0.042, "Actual Max Total Time": 0.042, "Filter": "((role)::text = 'actress'::text)", "Rows Removed by Filter": 11, "Actual Rows": 1}, {"Node Type": "Materialize", "Parent Relationship": "Inner", "Startup Cost": 0.0, "Total Cost": 23187.92, "Plan Rows": 141, "Plan Width": 28, "Actual Min Startup Time": 207.601, "Actual Max Startup Time": 207.601, "Actual Min Total Time": 207.663, "Actual Max Total Time": 207.663, "Plans": [{"Node Type": "Nested Loop", "Parent Relationship": "Outer", "Join Type": "Inner", "Startup Cost": 0.0, "Total Cost": 23187.57, "Plan Rows": 141, "Plan Width": 28, "Actual Min Startup Time": 79.388, "Actual Max Startup Time": 79.388, "Actual Min Total Time": 207.403, "Actual Max Total Time": 207.403, "Inner Unique": false, "Join Filter": "(n.id = ci.person_id)", "Rows Removed by Join Filter": 0, "Plans": [{"Node Type": "Nested Loop", "Parent Relationship": "Outer", "Join Type": "Inner", "Startup Cost": 0.0, "Total Cost": 22912.29, "Plan Rows": 115, "Plan Width": 24, "Actual Min Startup Time": 78.004, "Actual Max Startup Time": 78.004, "Actual Min Total Time": 152.752, "Actual Max Total Time": 152.752, "Inner Unique": false, "Plans": [{"Node Type": "Streaming(type: LOCAL GATHER dop: 1/16)", "Parent Relationship": "Outer", "Startup Cost": 0.0, "Total Cost": 22121.41, "Plan Rows": 96, "Plan Width": 4, "Actual Min Startup Time": 77.938, "Actual Max Startup Time": 77.938, "Actual Min Total Time": 130.682, "Actual Max Total Time": 130.682, "Plans": [{"Node Type": "Seq Scan", "Parent Relationship": "Outer", "Relation Name": "name", "Alias": "n", "Startup Cost": 0.0, "Total Cost": 22119.33, "Plan Rows": 96, "Plan Width": 4, "Actual Min Startup Time": 42.659, "Actual Max Startup Time": 47.494, "Actual Min Total Time": 106.008, "Actual Max Total Time": 112.366, "Filter": "(((name)::text ~~ '%Ang%'::text) AND ((gender)::text = 'f'::text))", "Rows Removed by Filter": 4160722, "Actual Rows": 6768}], "Actual Rows": 6768}, {"Node Type": "Index Scan", "Parent Relationship": "Inner", "Scan Direction": "Forward", "Index Name": "person_id_aka_name", "Relation Name": "aka_name", "Alias": "an", "Startup Cost": 0.0, "Total Cost": 8.23, "Plan Rows": 1, "Plan Width": 20, "Actual Min Startup Time": 17.561, "Actual Max Startup Time": 17.561, "Actual Min Total Time": 18.45, "Actual Max Total Time": 18.45, "Index Cond": "(person_id = n.id)", "Rows Removed by Index Recheck": 0, "Actual Rows": 1558}], "Actual Rows": 1558}, {"Node Type": "Index Scan", "Parent Relationship": "Inner", "Scan Direction": "Forward", "Index Name": "person_id_cast_info", "Relation Name": "cast_info", "Alias": "ci", "Startup Cost": 0.0, "Total Cost": 2.38, "Plan Rows": 1, "Plan Width": 16, "Actual Min Startup Time": 48.536, "Actual Max Startup Time": 48.536, "Actual Min Total Time": 53.613, "Actual Max Total Time": 53.613, "Index Cond": "(person_id = an.person_id)", "Rows Removed by Index Recheck": 0, "Filter": "((note)::text = ANY ('{(voice),\"(voice: Japanese version)\",\"(voice) (uncredited)\",\"(voice: English version)\"}'::text[]))", "Rows Removed by Filter": 69057, "Actual Rows": 425}], "Actual Rows": 425}], "Actual Rows": 426}], "Actual Rows": 425}, {"Node Type": "Index Scan", "Parent Relationship": "Inner", "Scan Direction": "Forward", "Index Name": "movie_id_movie_companies", "Relation Name": "movie_companies", "Alias": "mc", "Startup Cost": 0.0, "Total Cost": 0.42, "Plan Rows": 1, "Plan Width": 8, "Actual Min Startup Time": 2.852, "Actual Max Startup Time": 2.852, "Actual Min Total Time": 4.027, "Actual Max Total Time": 4.027, "Index Cond": "(movie_id = ci.movie_id)", "Rows Removed by Index Recheck": 0, "Filter": "((note IS NOT NULL) AND (((note)::text ~~ '%(USA)%'::text) OR ((note)::text ~~ '%(worldwide)%'::text)))", "Rows Removed by Filter": 1538, "Actual Rows": 373}], "Actual Rows": 373}, {"Node Type": "Index Scan", "Parent Relationship": "Inner", "Scan Direction": "Forward", "Index Name": "company_name_pkey", "Relation Name": "company_name", "Alias": "cn", "Startup Cost": 0.0, "Total Cost": 0.32, "Plan Rows": 1, "Plan Width": 4, "Actual Min Startup Time": 1.542, "Actual Max Startup Time": 1.542, "Actual Min Total Time": 1.542, "Actual Max Total Time": 1.542, "Index Cond": "(id = mc.company_id)", "Rows Removed by Index Recheck": 0, "Filter": "((country_code)::text = '[us]'::text)", "Rows Removed by Filter": 14, "Actual Rows": 359}], "Actual Rows": 359}, {"Node Type": "Index Scan", "Parent Relationship": "Inner", "Scan Direction": "Forward", "Index Name": "char_name_pkey", "Relation Name": "char_name", "Alias": "chn", "Startup Cost": 0.0, "Total Cost": 0.5, "Plan Rows": 1, "Plan Width": 20, "Actual Min Startup Time": 1.21, "Actual Max Startup Time": 1.21, "Actual Min Total Time": 1.21, "Actual Max Total Time": 1.21, "Index Cond": "(id = ci.person_role_id)", "Rows Removed by Index Recheck": 0, "Actual Rows": 341}], "Actual Rows": 341}, {"Node Type": "Index Scan", "Parent Relationship": "Inner", "Scan Direction": "Forward", "Index Name": "title_pkey", "Relation Name": "title", "Alias": "t", "Startup Cost": 0.0, "Total Cost": 0.49, "Plan Rows": 1, "Plan Width": 21, "Actual Min Startup Time": 1.749, "Actual Max Startup Time": 1.749, "Actual Min Total Time": 1.749, "Actual Max Total Time": 1.749, "Index Cond": "(id = ci.movie_id)", "Rows Removed by Index Recheck": 0, "Filter": "((production_year >= 2005) AND (production_year <= 2015))", "Rows Removed by Filter": 220, "Actual Rows": 121}], "Actual Rows": 121}], "Actual Rows": 1}, "Triggers": [], "Planner Runtime": 18, "Total Runtime": 220.755, "Unique SQL Id": 3431223514}}, "(16, 49)": {"explain_plan": {"Plan": {"Node Type": "Aggregate", "Strategy": "Plain", "Startup Cost": 154556.1, "Total Cost": 154556.11, "Plan Rows": 1, "Plan Width": 145, "Plans": [{"Node Type": "Nested Loop", "Parent Relationship": "Outer", "Join Type": "Inner", "Startup Cost": 0.0, "Total Cost": 154556.09, "Plan Rows": 1, "Plan Width": 49, "Inner Unique": true, "Plans": [{"Node Type": "Nested Loop", "Parent Relationship": "Outer", "Join Type": "Inner", "Startup Cost": 0.0, "Total Cost": 154555.59, "Plan Rows": 1, "Plan Width": 40, "Inner Unique": true, "Plans": [{"Node Type": "Nested Loop", "Parent Relationship": "Outer", "Join Type": "Inner", "Startup Cost": 0.0, "Total Cost": 154554.58, "Plan Rows": 2, "Plan Width": 28, "Inner Unique": true, "Plans": [{"Node Type": "Nested Loop", "Parent Relationship": "Outer", "Join Type": "Inner", "Startup Cost": 0.0, "Total Cost": 154552.94, "Plan Rows": 5, "Plan Width": 32, "Inner Unique": false, "Plans": [{"Node Type": "Nested Loop", "Parent Relationship": "Outer", "Join Type": "Inner", "Startup Cost": 0.0, "Total Cost": 154547.33, "Plan Rows": 13, "Plan Width": 24, "Inner Unique": false, "Join Filter": "(ci.role_id = rt.id)", "Plans": [{"Node Type": "Index Scan", "Parent Relationship": "Outer", "Scan Direction": "Forward", "Index Name": "role_type_pkey", "Relation Name": "role_type", "Alias": "rt", "Startup Cost": 0.0, "Total Cost": 12.46, "Plan Rows": 1, "Plan Width": 4, "Filter": "((role)::text = 'actress'::text)"}, {"Node Type": "Materialize", "Parent Relationship": "Inner", "Startup Cost": 0.0, "Total Cost": 154533.46, "Plan Rows": 141, "Plan Width": 28, "Plans": [{"Node Type": "Nested Loop", "Parent Relationship": "Outer", "Join Type": "Inner", "Startup Cost": 0.0, "Total Cost": 154533.1, "Plan Rows": 141, "Plan Width": 28, "Inner Unique": false, "Join Filter": "(n.id = ci.person_id)", "Plans": [{"Node Type": "Nested Loop", "Parent Relationship": "Outer", "Join Type": "Inner", "Startup Cost": 0.0, "Total Cost": 154257.82, "Plan Rows": 115, "Plan Width": 24, "Inner Unique": false, "Plans": [{"Node Type": "Streaming(type: LOCAL GATHER dop: 1/16)", "Parent Relationship": "Outer", "Startup Cost": 0.0, "Total Cost": 153466.94, "Plan Rows": 96, "Plan Width": 4, "Plans": [{"Node Type": "Index Scan", "Parent Relationship": "Outer", "Scan Direction": "Forward", "Index Name": "name_pkey", "Relation Name": "name", "Alias": "n", "Startup Cost": 0.0, "Total Cost": 153464.87, "Plan Rows": 96, "Plan Width": 4, "Filter": "(((name)::text ~~ '%Ang%'::text) AND ((gender)::text = 'f'::text))"}]}, {"Node Type": "Index Scan", "Parent Relationship": "Inner", "Scan Direction": "Forward", "Index Name": "person_id_aka_name", "Relation Name": "aka_name", "Alias": "an", "Startup Cost": 0.0, "Total Cost": 8.23, "Plan Rows": 1, "Plan Width": 20, "Index Cond": "(person_id = n.id)"}]}, {"Node Type": "Index Scan", "Parent Relationship": "Inner", "Scan Direction": "Forward", "Index Name": "person_id_cast_info", "Relation Name": "cast_info", "Alias": "ci", "Startup Cost": 0.0, "Total Cost": 2.38, "Plan Rows": 1, "Plan Width": 16, "Index Cond": "(person_id = an.person_id)", "Filter": "((note)::text = ANY ('{(voice),\"(voice: Japanese version)\",\"(voice) (uncredited)\",\"(voice: English version)\"}'::text[]))"}]}]}]}, {"Node Type": "Index Scan", "Parent Relationship": "Inner", "Scan Direction": "Forward", "Index Name": "movie_id_movie_companies", "Relation Name": "movie_companies", "Alias": "mc", "Startup Cost": 0.0, "Total Cost": 0.42, "Plan Rows": 1, "Plan Width": 8, "Index Cond": "(movie_id = ci.movie_id)", "Filter": "((note IS NOT NULL) AND (((note)::text ~~ '%(USA)%'::text) OR ((note)::text ~~ '%(worldwide)%'::text)))"}]}, {"Node Type": "Index Scan", "Parent Relationship": "Inner", "Scan Direction": "Forward", "Index Name": "company_name_pkey", "Relation Name": "company_name", "Alias": "cn", "Startup Cost": 0.0, "Total Cost": 0.32, "Plan Rows": 1, "Plan Width": 4, "Index Cond": "(id = mc.company_id)", "Filter": "((country_code)::text = '[us]'::text)"}]}, {"Node Type": "Index Scan", "Parent Relationship": "Inner", "Scan Direction": "Forward", "Index Name": "char_name_pkey", "Relation Name": "char_name", "Alias": "chn", "Startup Cost": 0.0, "Total Cost": 0.5, "Plan Rows": 1, "Plan Width": 20, "Index Cond": "(id = ci.person_role_id)"}]}, {"Node Type": "Index Scan", "Parent Relationship": "Inner", "Scan Direction": "Forward", "Index Name": "title_pkey", "Relation Name": "title", "Alias": "t", "Startup Cost": 0.0, "Total Cost": 0.49, "Plan Rows": 1, "Plan Width": 21, "Index Cond": "(id = ci.movie_id)", "Filter": "((production_year >= 2005) AND (production_year <= 2015))"}]}]}, "Unique SQL Id": 3431223514, "Planner Runtime": 15}, "explain_analyze_plan": {"Plan": {"Node Type": "Aggregate", "Strategy": "Plain", "Startup Cost": 154556.1, "Total Cost": 154556.11, "Plan Rows": 1, "Plan Width": 145, "Actual Min Startup Time": 381.158, "Actual Max Startup Time": 381.158, "Actual Min Total Time": 381.159, "Actual Max Total Time": 381.159, "Plans": [{"Node Type": "Nested Loop", "Parent Relationship": "Outer", "Join Type": "Inner", "Startup Cost": 0.0, "Total Cost": 154556.09, "Plan Rows": 1, "Plan Width": 49, "Actual Min Startup Time": 371.852, "Actual Max Startup Time": 371.852, "Actual Min Total Time": 381.01, "Actual Max Total Time": 381.01, "Inner Unique": true, "Plans": [{"Node Type": "Nested Loop", "Parent Relationship": "Outer", "Join Type": "Inner", "Startup Cost": 0.0, "Total Cost": 154555.59, "Plan Rows": 1, "Plan Width": 40, "Actual Min Startup Time": 370.918, "Actual Max Startup Time": 370.918, "Actual Min Total Time": 379.017, "Actual Max Total Time": 379.017, "Inner Unique": true, "Plans": [{"Node Type": "Nested Loop", "Parent Relationship": "Outer", "Join Type": "Inner", "Startup Cost": 0.0, "Total Cost": 154554.58, "Plan Rows": 2, "Plan Width": 28, "Actual Min Startup Time": 370.897, "Actual Max Startup Time": 370.897, "Actual Min Total Time": 377.445, "Actual Max Total Time": 377.445, "Inner Unique": true, "Plans": [{"Node Type": "Nested Loop", "Parent Relationship": "Outer", "Join Type": "Inner", "Startup Cost": 0.0, "Total Cost": 154552.94, "Plan Rows": 5, "Plan Width": 32, "Actual Min Startup Time": 370.872, "Actual Max Startup Time": 370.872, "Actual Min Total Time": 375.543, "Actual Max Total Time": 375.543, "Inner Unique": false, "Plans": [{"Node Type": "Nested Loop", "Parent Relationship": "Outer", "Join Type": "Inner", "Startup Cost": 0.0, "Total Cost": 154547.33, "Plan Rows": 13, "Plan Width": 24, "Actual Min Startup Time": 370.838, "Actual Max Startup Time": 370.838, "Actual Min Total Time": 371.129, "Actual Max Total Time": 371.129, "Inner Unique": false, "Join Filter": "(ci.role_id = rt.id)", "Rows Removed by Join Filter": 0, "Plans": [{"Node Type": "Index Scan", "Parent Relationship": "Outer", "Scan Direction": "Forward", "Index Name": "role_type_pkey", "Relation Name": "role_type", "Alias": "rt", "Startup Cost": 0.0, "Total Cost": 12.46, "Plan Rows": 1, "Plan Width": 4, "Actual Min Startup Time": 0.027, "Actual Max Startup Time": 0.027, "Actual Min Total Time": 0.034, "Actual Max Total Time": 0.034, "Filter": "((role)::text = 'actress'::text)", "Rows Removed by Filter": 11, "Actual Rows": 1}, {"Node Type": "Materialize", "Parent Relationship": "Inner", "Startup Cost": 0.0, "Total Cost": 154533.46, "Plan Rows": 141, "Plan Width": 28, "Actual Min Startup Time": 370.792, "Actual Max Startup Time": 370.792, "Actual Min Total Time": 370.871, "Actual Max Total Time": 370.871, "Plans": [{"Node Type": "Nested Loop", "Parent Relationship": "Outer", "Join Type": "Inner", "Startup Cost": 0.0, "Total Cost": 154533.1, "Plan Rows": 141, "Plan Width": 28, "Actual Min Startup Time": 96.425, "Actual Max Startup Time": 96.425, "Actual Min Total Time": 370.541, "Actual Max Total Time": 370.541, "Inner Unique": false, "Join Filter": "(n.id = ci.person_id)", "Rows Removed by Join Filter": 0, "Plans": [{"Node Type": "Nested Loop", "Parent Relationship": "Outer", "Join Type": "Inner", "Startup Cost": 0.0, "Total Cost": 154257.82, "Plan Rows": 115, "Plan Width": 24, "Actual Min Startup Time": 95.83, "Actual Max Startup Time": 95.83, "Actual Min Total Time": 315.879, "Actual Max Total Time": 315.879, "Inner Unique": false, "Plans": [{"Node Type": "Streaming(type: LOCAL GATHER dop: 1/16)", "Parent Relationship": "Outer", "Startup Cost": 0.0, "Total Cost": 153466.94, "Plan Rows": 96, "Plan Width": 4, "Actual Min Startup Time": 95.756, "Actual Max Startup Time": 95.756, "Actual Min Total Time": 293.923, "Actual Max Total Time": 293.923, "Plans": [{"Node Type": "Index Scan", "Parent Relationship": "Outer", "Scan Direction": "Forward", "Index Name": "name_pkey", "Relation Name": "name", "Alias": "n", "Startup Cost": 0.0, "Total Cost": 153464.87, "Plan Rows": 96, "Plan Width": 4, "Actual Min Startup Time": 40.31, "Actual Max Startup Time": 338.836, "Actual Min Total Time": 295.678, "Actual Max Total Time": 338.836, "Filter": "(((name)::text ~~ '%Ang%'::text) AND ((gender)::text = 'f'::text))", "Rows Removed by Filter": 4160722, "Actual Rows": 6768}], "Actual Rows": 6768}, {"Node Type": "Index Scan", "Parent Relationship": "Inner", "Scan Direction": "Forward", "Index Name": "person_id_aka_name", "Relation Name": "aka_name", "Alias": "an", "Startup Cost": 0.0, "Total Cost": 8.23, "Plan Rows": 1, "Plan Width": 20, "Actual Min Startup Time": 17.357, "Actual Max Startup Time": 17.357, "Actual Min Total Time": 18.22, "Actual Max Total Time": 18.22, "Index Cond": "(person_id = n.id)", "Rows Removed by Index Recheck": 0, "Actual Rows": 1558}], "Actual Rows": 1558}, {"Node Type": "Index Scan", "Parent Relationship": "Inner", "Scan Direction": "Forward", "Index Name": "person_id_cast_info", "Relation Name": "cast_info", "Alias": "ci", "Startup Cost": 0.0, "Total Cost": 2.38, "Plan Rows": 1, "Plan Width": 16, "Actual Min Startup Time": 48.528, "Actual Max Startup Time": 48.528, "Actual Min Total Time": 53.577, "Actual Max Total Time": 53.577, "Index Cond": "(person_id = an.person_id)", "Rows Removed by Index Recheck": 0, "Filter": "((note)::text = ANY ('{(voice),\"(voice: Japanese version)\",\"(voice) (uncredited)\",\"(voice: English version)\"}'::text[]))", "Rows Removed by Filter": 69057, "Actual Rows": 425}], "Actual Rows": 425}], "Actual Rows": 426}], "Actual Rows": 425}, {"Node Type": "Index Scan", "Parent Relationship": "Inner", "Scan Direction": "Forward", "Index Name": "movie_id_movie_companies", "Relation Name": "movie_companies", "Alias": "mc", "Startup Cost": 0.0, "Total Cost": 0.42, "Plan Rows": 1, "Plan Width": 8, "Actual Min Startup Time": 2.907, "Actual Max Startup Time": 2.907, "Actual Min Total Time": 4.086, "Actual Max Total Time": 4.086, "Index Cond": "(movie_id = ci.movie_id)", "Rows Removed by Index Recheck": 0, "Filter": "((note IS NOT NULL) AND (((note)::text ~~ '%(USA)%'::text) OR ((note)::text ~~ '%(worldwide)%'::text)))", "Rows Removed by Filter": 1538, "Actual Rows": 373}], "Actual Rows": 373}, {"Node Type": "Index Scan", "Parent Relationship": "Inner", "Scan Direction": "Forward", "Index Name": "company_name_pkey", "Relation Name": "company_name", "Alias": "cn", "Startup Cost": 0.0, "Total Cost": 0.32, "Plan Rows": 1, "Plan Width": 4, "Actual Min Startup Time": 1.6, "Actual Max Startup Time": 1.6, "Actual Min Total Time": 1.6, "Actual Max Total Time": 1.6, "Index Cond": "(id = mc.company_id)", "Rows Removed by Index Recheck": 0, "Filter": "((country_code)::text = '[us]'::text)", "Rows Removed by Filter": 14, "Actual Rows": 359}], "Actual Rows": 359}, {"Node Type": "Index Scan", "Parent Relationship": "Inner", "Scan Direction": "Forward", "Index Name": "char_name_pkey", "Relation Name": "char_name", "Alias": "chn", "Startup Cost": 0.0, "Total Cost": 0.5, "Plan Rows": 1, "Plan Width": 20, "Actual Min Startup Time": 1.275, "Actual Max Startup Time": 1.275, "Actual Min Total Time": 1.275, "Actual Max Total Time": 1.275, "Index Cond": "(id = ci.person_role_id)", "Rows Removed by Index Recheck": 0, "Actual Rows": 341}], "Actual Rows": 341}, {"Node Type": "Index Scan", "Parent Relationship": "Inner", "Scan Direction": "Forward", "Index Name": "title_pkey", "Relation Name": "title", "Alias": "t", "Startup Cost": 0.0, "Total Cost": 0.49, "Plan Rows": 1, "Plan Width": 21, "Actual Min Startup Time": 1.749, "Actual Max Startup Time": 1.749, "Actual Min Total Time": 1.749, "Actual Max Total Time": 1.749, "Index Cond": "(id = ci.movie_id)", "Rows Removed by Index Recheck": 0, "Filter": "((production_year >= 2005) AND (production_year <= 2015))", "Rows Removed by Filter": 220, "Actual Rows": 121}], "Actual Rows": 121}], "Actual Rows": 1}, "Triggers": [], "Planner Runtime": 15, "Total Runtime": 384.132, "Unique SQL Id": 3431223514}}, "(16, 50)": {"explain_plan": {"Plan": {"Node Type": "Aggregate", "Strategy": "Plain", "Startup Cost": 23619.5, "Total Cost": 23619.51, "Plan Rows": 1, "Plan Width": 145, "Plans": [{"Node Type": "Nested Loop", "Parent Relationship": "Outer", "Join Type": "Inner", "Startup Cost": 6.41, "Total Cost": 23619.49, "Plan Rows": 1, "Plan Width": 49, "Inner Unique": true, "Plans": [{"Node Type": "Nested Loop", "Parent Relationship": "Outer", "Join Type": "Inner", "Startup Cost": 6.11, "Total Cost": 23615.16, "Plan Rows": 1, "Plan Width": 40, "Inner Unique": true, "Plans": [{"Node Type": "Nested Loop", "Parent Relationship": "Outer", "Join Type": "Inner", "Startup Cost": 5.8, "Total Cost": 23606.49, "Plan Rows": 2, "Plan Width": 28, "Inner Unique": true, "Plans": [{"Node Type": "Nested Loop", "Parent Relationship": "Outer", "Join Type": "Inner", "Startup Cost": 5.53, "Total Cost": 23585.05, "Plan Rows": 5, "Plan Width": 32, "Inner Unique": false, "Plans": [{"Node Type": "Nested Loop", "Parent Relationship": "Outer", "Join Type": "Inner", "Startup Cost": 5.22, "Total Cost": 23528.42, "Plan Rows": 13, "Plan Width": 24, "Inner Unique": false, "Join Filter": "(ci.role_id = rt.id)", "Plans": [{"Node Type": "Seq Scan", "Parent Relationship": "Outer", "Relation Name": "role_type", "Alias": "rt", "Startup Cost": 0.0, "Total Cost": 1.15, "Plan Rows": 1, "Plan Width": 4, "Filter": "((role)::text = 'actress'::text)"}, {"Node Type": "Materialize", "Parent Relationship": "Inner", "Startup Cost": 5.22, "Total Cost": 23525.86, "Plan Rows": 141, "Plan Width": 28, "Plans": [{"Node Type": "Nested Loop", "Parent Relationship": "Outer", "Join Type": "Inner", "Startup Cost": 5.22, "Total Cost": 23525.5, "Plan Rows": 141, "Plan Width": 28, "Inner Unique": false, "Join Filter": "(n.id = ci.person_id)", "Plans": [{"Node Type": "Nested Loop", "Parent Relationship": "Outer", "Join Type": "Inner", "Startup Cost": 4.22, "Total Cost": 22912.31, "Plan Rows": 115, "Plan Width": 24, "Inner Unique": false, "Plans": [{"Node Type": "Streaming(type: LOCAL GATHER dop: 1/16)", "Parent Relationship": "Outer", "Startup Cost": 0.0, "Total Cost": 22121.41, "Plan Rows": 96, "Plan Width": 4, "Plans": [{"Node Type": "Seq Scan", "Parent Relationship": "Outer", "Relation Name": "name", "Alias": "n", "Startup Cost": 0.0, "Total Cost": 22119.33, "Plan Rows": 96, "Plan Width": 4, "Filter": "(((name)::text ~~ '%Ang%'::text) AND ((gender)::text = 'f'::text))"}]}, {"Node Type": "Bitmap Heap Scan", "Parent Relationship": "Inner", "Relation Name": "aka_name", "Alias": "an", "Startup Cost": 4.22, "Total Cost": 8.23, "Plan Rows": 1, "Plan Width": 20, "Recheck Cond": "(person_id = n.id)", "Plans": [{"Node Type": "Bitmap Index Scan", "Parent Relationship": "Outer", "Index Name": "person_id_aka_name", "Startup Cost": 0.0, "Total Cost": 4.22, "Plan Rows": 1, "Plan Width": 0, "Index Cond": "(person_id = n.id)"}]}]}, {"Node Type": "Bitmap Heap Scan", "Parent Relationship": "Inner", "Relation Name": "cast_info", "Alias": "ci", "Startup Cost": 1.0, "Total Cost": 5.32, "Plan Rows": 1, "Plan Width": 16, "Recheck Cond": "(person_id = an.person_id)", "Filter": "((note)::text = ANY ('{(voice),\"(voice: Japanese version)\",\"(voice) (uncredited)\",\"(voice: English version)\"}'::text[]))", "Plans": [{"Node Type": "Bitmap Index Scan", "Parent Relationship": "Outer", "Index Name": "person_id_cast_info", "Startup Cost": 0.0, "Total Cost": 1.0, "Plan Rows": 18, "Plan Width": 0, "Index Cond": "(person_id = an.person_id)"}]}]}]}]}, {"Node Type": "Bitmap Heap Scan", "Parent Relationship": "Inner", "Relation Name": "movie_companies", "Alias": "mc", "Startup Cost": 0.31, "Total Cost": 4.35, "Plan Rows": 1, "Plan Width": 8, "Recheck Cond": "(movie_id = ci.movie_id)", "Filter": "((note IS NOT NULL) AND (((note)::text ~~ '%(USA)%'::text) OR ((note)::text ~~ '%(worldwide)%'::text)))", "Plans": [{"Node Type": "Bitmap Index Scan", "Parent Relationship": "Outer", "Index Name": "movie_id_movie_companies", "Startup Cost": 0.0, "Total Cost": 0.31, "Plan Rows": 2, "Plan Width": 0, "Index Cond": "(movie_id = ci.movie_id)"}]}]}, {"Node Type": "Bitmap Heap Scan", "Parent Relationship": "Inner", "Relation Name": "company_name", "Alias": "cn", "Startup Cost": 0.26, "Total Cost": 4.28, "Plan Rows": 1, "Plan Width": 4, "Recheck Cond": "(id = mc.company_id)", "Filter": "((country_code)::text = '[us]'::text)", "Plans": [{"Node Type": "Bitmap Index Scan", "Parent Relationship": "Outer", "Index Name": "company_name_pkey", "Startup Cost": 0.0, "Total Cost": 0.26, "Plan Rows": 1, "Plan Width": 0, "Index Cond": "(id = mc.company_id)"}]}]}, {"Node Type": "Bitmap Heap Scan", "Parent Relationship": "Inner", "Relation Name": "char_name", "Alias": "chn", "Startup Cost": 0.31, "Total Cost": 4.33, "Plan Rows": 1, "Plan Width": 20, "Recheck Cond": "(id = ci.person_role_id)", "Plans": [{"Node Type": "Bitmap Index Scan", "Parent Relationship": "Outer", "Index Name": "char_name_pkey", "Startup Cost": 0.0, "Total Cost": 0.31, "Plan Rows": 1, "Plan Width": 0, "Index Cond": "(id = ci.person_role_id)"}]}]}, {"Node Type": "Bitmap Heap Scan", "Parent Relationship": "Inner", "Relation Name": "title", "Alias": "t", "Startup Cost": 0.3, "Total Cost": 4.32, "Plan Rows": 1, "Plan Width": 21, "Recheck Cond": "(id = ci.movie_id)", "Filter": "((production_year >= 2005) AND (production_year <= 2015))", "Plans": [{"Node Type": "Bitmap Index Scan", "Parent Relationship": "Outer", "Index Name": "title_pkey", "Startup Cost": 0.0, "Total Cost": 0.3, "Plan Rows": 1, "Plan Width": 0, "Index Cond": "(id = ci.movie_id)"}]}]}]}, "Unique SQL Id": 3431223514, "Planner Runtime": 58}, "explain_analyze_plan": {"Plan": {"Node Type": "Aggregate", "Strategy": "Plain", "Startup Cost": 23619.5, "Total Cost": 23619.51, "Plan Rows": 1, "Plan Width": 145, "Actual Min Startup Time": 230.198, "Actual Max Startup Time": 230.198, "Actual Min Total Time": 230.198, "Actual Max Total Time": 230.198, "Plans": [{"Node Type": "Nested Loop", "Parent Relationship": "Outer", "Join Type": "Inner", "Startup Cost": 6.41, "Total Cost": 23619.49, "Plan Rows": 1, "Plan Width": 49, "Actual Min Startup Time": 217.211, "Actual Max Startup Time": 217.211, "Actual Min Total Time": 230.023, "Actual Max Total Time": 230.023, "Inner Unique": true, "Plans": [{"Node Type": "Nested Loop", "Parent Relationship": "Outer", "Join Type": "Inner", "Startup Cost": 6.11, "Total Cost": 23615.16, "Plan Rows": 1, "Plan Width": 40, "Actual Min Startup Time": 217.172, "Actual Max Startup Time": 217.172, "Actual Min Total Time": 227.505, "Actual Max Total Time": 227.505, "Inner Unique": true, "Plans": [{"Node Type": "Nested Loop", "Parent Relationship": "Outer", "Join Type": "Inner", "Startup Cost": 5.8, "Total Cost": 23606.49, "Plan Rows": 2, "Plan Width": 28, "Actual Min Startup Time": 217.146, "Actual Max Startup Time": 217.146, "Actual Min Total Time": 225.406, "Actual Max Total Time": 225.406, "Inner Unique": true, "Plans": [{"Node Type": "Nested Loop", "Parent Relationship": "Outer", "Join Type": "Inner", "Startup Cost": 5.53, "Total Cost": 23585.05, "Plan Rows": 5, "Plan Width": 32, "Actual Min Startup Time": 217.113, "Actual Max Startup Time": 217.113, "Actual Min Total Time": 222.879, "Actual Max Total Time": 222.879, "Inner Unique": false, "Plans": [{"Node Type": "Nested Loop", "Parent Relationship": "Outer", "Join Type": "Inner", "Startup Cost": 5.22, "Total Cost": 23528.42, "Plan Rows": 13, "Plan Width": 24, "Actual Min Startup Time": 217.048, "Actual Max Startup Time": 217.048, "Actual Min Total Time": 217.364, "Actual Max Total Time": 217.364, "Inner Unique": false, "Join Filter": "(ci.role_id = rt.id)", "Rows Removed by Join Filter": 0, "Plans": [{"Node Type": "Seq Scan", "Parent Relationship": "Outer", "Relation Name": "role_type", "Alias": "rt", "Startup Cost": 0.0, "Total Cost": 1.15, "Plan Rows": 1, "Plan Width": 4, "Actual Min Startup Time": 0.03, "Actual Max Startup Time": 0.03, "Actual Min Total Time": 0.036, "Actual Max Total Time": 0.036, "Filter": "((role)::text = 'actress'::text)", "Rows Removed by Filter": 11, "Actual Rows": 1}, {"Node Type": "Materialize", "Parent Relationship": "Inner", "Startup Cost": 5.22, "Total Cost": 23525.86, "Plan Rows": 141, "Plan Width": 28, "Actual Min Startup Time": 217.001, "Actual Max Startup Time": 217.001, "Actual Min Total Time": 217.068, "Actual Max Total Time": 217.068, "Plans": [{"Node Type": "Nested Loop", "Parent Relationship": "Outer", "Join Type": "Inner", "Startup Cost": 5.22, "Total Cost": 23525.5, "Plan Rows": 141, "Plan Width": 28, "Actual Min Startup Time": 80.207, "Actual Max Startup Time": 80.207, "Actual Min Total Time": 216.822, "Actual Max Total Time": 216.822, "Inner Unique": false, "Join Filter": "(n.id = ci.person_id)", "Rows Removed by Join Filter": 0, "Plans": [{"Node Type": "Nested Loop", "Parent Relationship": "Outer", "Join Type": "Inner", "Startup Cost": 4.22, "Total Cost": 22912.31, "Plan Rows": 115, "Plan Width": 24, "Actual Min Startup Time": 78.996, "Actual Max Startup Time": 78.996, "Actual Min Total Time": 161.374, "Actual Max Total Time": 161.374, "Inner Unique": false, "Plans": [{"Node Type": "Streaming(type: LOCAL GATHER dop: 1/16)", "Parent Relationship": "Outer", "Startup Cost": 0.0, "Total Cost": 22121.41, "Plan Rows": 96, "Plan Width": 4, "Actual Min Startup Time": 78.911, "Actual Max Startup Time": 78.911, "Actual Min Total Time": 130.478, "Actual Max Total Time": 130.478, "Plans": [{"Node Type": "Seq Scan", "Parent Relationship": "Outer", "Relation Name": "name", "Alias": "n", "Startup Cost": 0.0, "Total Cost": 22119.33, "Plan Rows": 96, "Plan Width": 4, "Actual Min Startup Time": 42.711, "Actual Max Startup Time": 47.512, "Actual Min Total Time": 106.091, "Actual Max Total Time": 112.074, "Filter": "(((name)::text ~~ '%Ang%'::text) AND ((gender)::text = 'f'::text))", "Rows Removed by Filter": 4160722, "Actual Rows": 6768}], "Actual Rows": 6768}, {"Node Type": "Bitmap Heap Scan", "Parent Relationship": "Inner", "Relation Name": "aka_name", "Alias": "an", "Startup Cost": 4.22, "Total Cost": 8.23, "Plan Rows": 1, "Plan Width": 20, "Actual Min Startup Time": 22.891, "Actual Max Startup Time": 22.891, "Actual Min Total Time": 23.48, "Actual Max Total Time": 23.48, "Recheck Cond": "(person_id = n.id)", "Rows Removed by Index Recheck": 0, "Exact Heap Blocks": 1014, "Lossy Heap Blocks": 1014, "Plans": [{"Node Type": "Bitmap Index Scan", "Parent Relationship": "Outer", "Index Name": "person_id_aka_name", "Startup Cost": 0.0, "Total Cost": 4.22, "Plan Rows": 1, "Plan Width": 0, "Actual Min Startup Time": 17.258, "Actual Max Startup Time": 17.258, "Actual Min Total Time": 17.258, "Actual Max Total Time": 17.258, "Index Cond": "(person_id = n.id)", "Actual Rows": 1558}], "Actual Rows": 1558}], "Actual Rows": 1558}, {"Node Type": "Bitmap Heap Scan", "Parent Relationship": "Inner", "Relation Name": "cast_info", "Alias": "ci", "Startup Cost": 1.0, "Total Cost": 5.32, "Plan Rows": 1, "Plan Width": 16, "Actual Min Startup Time": 49.927, "Actual Max Startup Time": 49.927, "Actual Min Total Time": 53.254, "Actual Max Total Time": 53.254, "Recheck Cond": "(person_id = an.person_id)", "Rows Removed by Index Recheck": 0, "Filter": "((note)::text = ANY ('{(voice),\"(voice: Japanese version)\",\"(voice) (uncredited)\",\"(voice: English version)\"}'::text[]))", "Rows Removed by Filter": 69057, "Exact Heap Blocks": 2627, "Lossy Heap Blocks": 2627, "Plans": [{"Node Type": "Bitmap Index Scan", "Parent Relationship": "Outer", "Index Name": "person_id_cast_info", "Startup Cost": 0.0, "Total Cost": 1.0, "Plan Rows": 18, "Plan Width": 0, "Actual Min Startup Time": 16.629, "Actual Max Startup Time": 16.629, "Actual Min Total Time": 16.629, "Actual Max Total Time": 16.629, "Index Cond": "(person_id = an.person_id)", "Actual Rows": 69482}], "Actual Rows": 425}], "Actual Rows": 425}], "Actual Rows": 426}], "Actual Rows": 425}, {"Node Type": "Bitmap Heap Scan", "Parent Relationship": "Inner", "Relation Name": "movie_companies", "Alias": "mc", "Startup Cost": 0.31, "Total Cost": 4.35, "Plan Rows": 1, "Plan Width": 8, "Actual Min Startup Time": 3.944, "Actual Max Startup Time": 3.944, "Actual Min Total Time": 4.916, "Actual Max Total Time": 4.916, "Recheck Cond": "(movie_id = ci.movie_id)", "Rows Removed by Index Recheck": 0, "Filter": "((note IS NOT NULL) AND (((note)::text ~~ '%(USA)%'::text) OR ((note)::text ~~ '%(worldwide)%'::text)))", "Rows Removed by Filter": 1538, "Exact Heap Blocks": 580, "Lossy Heap Blocks": 580, "Plans": [{"Node Type": "Bitmap Index Scan", "Parent Relationship": "Outer", "Index Name": "movie_id_movie_companies", "Startup Cost": 0.0, "Total Cost": 0.31, "Plan Rows": 2, "Plan Width": 0, "Actual Min Startup Time": 2.12, "Actual Max Startup Time": 2.12, "Actual Min Total Time": 2.12, "Actual Max Total Time": 2.12, "Index Cond": "(movie_id = ci.movie_id)", "Actual Rows": 1911}], "Actual Rows": 373}], "Actual Rows": 373}, {"Node Type": "Bitmap Heap Scan", "Parent Relationship": "Inner", "Relation Name": "company_name", "Alias": "cn", "Startup Cost": 0.26, "Total Cost": 4.28, "Plan Rows": 1, "Plan Width": 4, "Actual Min Startup Time": 2.026, "Actual Max Startup Time": 2.026, "Actual Min Total Time": 2.026, "Actual Max Total Time": 2.026, "Recheck Cond": "(id = mc.company_id)", "Rows Removed by Index Recheck": 0, "Filter": "((country_code)::text = '[us]'::text)", "Rows Removed by Filter": 14, "Exact Heap Blocks": 373, "Lossy Heap Blocks": 373, "Plans": [{"Node Type": "Bitmap Index Scan", "Parent Relationship": "Outer", "Index Name": "company_name_pkey", "Startup Cost": 0.0, "Total Cost": 0.26, "Plan Rows": 1, "Plan Width": 0, "Actual Min Startup Time": 1.133, "Actual Max Startup Time": 1.133, "Actual Min Total Time": 1.133, "Actual Max Total Time": 1.133, "Index Cond": "(id = mc.company_id)", "Actual Rows": 373}], "Actual Rows": 359}], "Actual Rows": 359}, {"Node Type": "Bitmap Heap Scan", "Parent Relationship": "Inner", "Relation Name": "char_name", "Alias": "chn", "Startup Cost": 0.31, "Total Cost": 4.33, "Plan Rows": 1, "Plan Width": 20, "Actual Min Startup Time": 1.596, "Actual Max Startup Time": 1.596, "Actual Min Total Time": 1.596, "Actual Max Total Time": 1.596, "Recheck Cond": "(id = ci.person_role_id)", "Rows Removed by Index Recheck": 0, "Exact Heap Blocks": 341, "Lossy Heap Blocks": 341, "Plans": [{"Node Type": "Bitmap Index Scan", "Parent Relationship": "Outer", "Index Name": "char_name_pkey", "Startup Cost": 0.0, "Total Cost": 0.31, "Plan Rows": 1, "Plan Width": 0, "Actual Min Startup Time": 1.015, "Actual Max Startup Time": 1.015, "Actual Min Total Time": 1.015, "Actual Max Total Time": 1.015, "Index Cond": "(id = ci.person_role_id)", "Actual Rows": 341}], "Actual Rows": 341}], "Actual Rows": 341}, {"Node Type": "Bitmap Heap Scan", "Parent Relationship": "Inner", "Relation Name": "title", "Alias": "t", "Startup Cost": 0.3, "Total Cost": 4.32, "Plan Rows": 1, "Plan Width": 21, "Actual Min Startup Time": 2.103, "Actual Max Startup Time": 2.103, "Actual Min Total Time": 2.103, "Actual Max Total Time": 2.103, "Recheck Cond": "(id = ci.movie_id)", "Rows Removed by Index Recheck": 0, "Filter": "((production_year >= 2005) AND (production_year <= 2015))", "Rows Removed by Filter": 220, "Exact Heap Blocks": 341, "Lossy Heap Blocks": 341, "Plans": [{"Node Type": "Bitmap Index Scan", "Parent Relationship": "Outer", "Index Name": "title_pkey", "Startup Cost": 0.0, "Total Cost": 0.3, "Plan Rows": 1, "Plan Width": 0, "Actual Min Startup Time": 1.233, "Actual Max Startup Time": 1.233, "Actual Min Total Time": 1.233, "Actual Max Total Time": 1.233, "Index Cond": "(id = ci.movie_id)", "Actual Rows": 341}], "Actual Rows": 121}], "Actual Rows": 121}], "Actual Rows": 1}, "Triggers": [], "Planner Runtime": 60, "Total Runtime": 233.234, "Unique SQL Id": 3431223514}}, "(16, 51)": {"explain_plan": {"Plan": {"Node Type": "Aggregate", "Strategy": "Plain", "Startup Cost": 199166.12, "Total Cost": 199166.13, "Plan Rows": 1, "Plan Width": 145, "Plans": [{"Node Type": "Nested Loop", "Parent Relationship": "Outer", "Join Type": "Inner", "Startup Cost": 83164.39, "Total Cost": 199166.11, "Plan Rows": 1, "Plan Width": 49, "Inner Unique": true, "Plans": [{"Node Type": "Nested Loop", "Parent Relationship": "Outer", "Join Type": "Inner", "Startup Cost": 83164.09, "Total Cost": 199161.78, "Plan Rows": 1, "Plan Width": 40, "Inner Unique": true, "Plans": [{"Node Type": "Nested Loop", "Parent Relationship": "Outer", "Join Type": "Inner", "Startup Cost": 83163.78, "Total Cost": 199153.11, "Plan Rows": 2, "Plan Width": 28, "Inner Unique": true, "Plans": [{"Node Type": "Nested Loop", "Parent Relationship": "Outer", "Join Type": "Inner", "Startup Cost": 83163.51, "Total Cost": 199131.67, "Plan Rows": 5, "Plan Width": 32, "Inner Unique": false, "Plans": [{"Node Type": "Nested Loop", "Parent Relationship": "Outer", "Join Type": "Inner", "Startup Cost": 83163.2, "Total Cost": 199075.04, "Plan Rows": 13, "Plan Width": 24, "Inner Unique": true, "Plans": [{"Node Type": "Nested Loop", "Parent Relationship": "Outer", "Join Type": "Inner", "Startup Cost": 83162.94, "Total Cost": 198471.17, "Plan Rows": 141, "Plan Width": 28, "Inner Unique": false, "Join Filter": "(n.id = ci.person_id)", "Plans": [{"Node Type": "Nested Loop", "Parent Relationship": "Outer", "Join Type": "Inner", "Startup Cost": 83161.94, "Total Cost": 197857.98, "Plan Rows": 115, "Plan Width": 24, "Inner Unique": false, "Plans": [{"Node Type": "Bitmap Heap Scan", "Parent Relationship": "Outer", "Relation Name": "name", "Alias": "n", "Startup Cost": 83157.72, "Total Cost": 197067.07, "Plan Rows": 96, "Plan Width": 4, "Filter": "(((name)::text ~~ '%Ang%'::text) AND ((gender)::text = 'f'::text))", "Plans": [{"Node Type": "Bitmap Index Scan", "Parent Relationship": "Outer", "Index Name": "name_pkey", "Startup Cost": 0.0, "Total Cost": 83157.7, "Plan Rows": 4167490, "Plan Width": 0}]}, {"Node Type": "Bitmap Heap Scan", "Parent Relationship": "Inner", "Relation Name": "aka_name", "Alias": "an", "Startup Cost": 4.22, "Total Cost": 8.23, "Plan Rows": 1, "Plan Width": 20, "Recheck Cond": "(person_id = n.id)", "Plans": [{"Node Type": "Bitmap Index Scan", "Parent Relationship": "Outer", "Index Name": "person_id_aka_name", "Startup Cost": 0.0, "Total Cost": 4.22, "Plan Rows": 1, "Plan Width": 0, "Index Cond": "(person_id = n.id)"}]}]}, {"Node Type": "Bitmap Heap Scan", "Parent Relationship": "Inner", "Relation Name": "cast_info", "Alias": "ci", "Startup Cost": 1.0, "Total Cost": 5.32, "Plan Rows": 1, "Plan Width": 16, "Recheck Cond": "(person_id = an.person_id)", "Filter": "((note)::text = ANY ('{(voice),\"(voice: Japanese version)\",\"(voice) (uncredited)\",\"(voice: English version)\"}'::text[]))", "Plans": [{"Node Type": "Bitmap Index Scan", "Parent Relationship": "Outer", "Index Name": "person_id_cast_info", "Startup Cost": 0.0, "Total Cost": 1.0, "Plan Rows": 18, "Plan Width": 0, "Index Cond": "(person_id = an.person_id)"}]}]}, {"Node Type": "Bitmap Heap Scan", "Parent Relationship": "Inner", "Relation Name": "role_type", "Alias": "rt", "Startup Cost": 0.26, "Total Cost": 4.27, "Plan Rows": 1, "Plan Width": 4, "Recheck Cond": "(id = ci.role_id)", "Filter": "((role)::text = 'actress'::text)", "Plans": [{"Node Type": "Bitmap Index Scan", "Parent Relationship": "Outer", "Index Name": "role_type_pkey", "Startup Cost": 0.0, "Total Cost": 0.26, "Plan Rows": 1, "Plan Width": 0, "Index Cond": "(id = ci.role_id)"}]}]}, {"Node Type": "Bitmap Heap Scan", "Parent Relationship": "Inner", "Relation Name": "movie_companies", "Alias": "mc", "Startup Cost": 0.31, "Total Cost": 4.35, "Plan Rows": 1, "Plan Width": 8, "Recheck Cond": "(movie_id = ci.movie_id)", "Filter": "((note IS NOT NULL) AND (((note)::text ~~ '%(USA)%'::text) OR ((note)::text ~~ '%(worldwide)%'::text)))", "Plans": [{"Node Type": "Bitmap Index Scan", "Parent Relationship": "Outer", "Index Name": "movie_id_movie_companies", "Startup Cost": 0.0, "Total Cost": 0.31, "Plan Rows": 2, "Plan Width": 0, "Index Cond": "(movie_id = ci.movie_id)"}]}]}, {"Node Type": "Bitmap Heap Scan", "Parent Relationship": "Inner", "Relation Name": "company_name", "Alias": "cn", "Startup Cost": 0.26, "Total Cost": 4.28, "Plan Rows": 1, "Plan Width": 4, "Recheck Cond": "(id = mc.company_id)", "Filter": "((country_code)::text = '[us]'::text)", "Plans": [{"Node Type": "Bitmap Index Scan", "Parent Relationship": "Outer", "Index Name": "company_name_pkey", "Startup Cost": 0.0, "Total Cost": 0.26, "Plan Rows": 1, "Plan Width": 0, "Index Cond": "(id = mc.company_id)"}]}]}, {"Node Type": "Bitmap Heap Scan", "Parent Relationship": "Inner", "Relation Name": "char_name", "Alias": "chn", "Startup Cost": 0.31, "Total Cost": 4.33, "Plan Rows": 1, "Plan Width": 20, "Recheck Cond": "(id = ci.person_role_id)", "Plans": [{"Node Type": "Bitmap Index Scan", "Parent Relationship": "Outer", "Index Name": "char_name_pkey", "Startup Cost": 0.0, "Total Cost": 0.31, "Plan Rows": 1, "Plan Width": 0, "Index Cond": "(id = ci.person_role_id)"}]}]}, {"Node Type": "Bitmap Heap Scan", "Parent Relationship": "Inner", "Relation Name": "title", "Alias": "t", "Startup Cost": 0.3, "Total Cost": 4.32, "Plan Rows": 1, "Plan Width": 21, "Recheck Cond": "(id = ci.movie_id)", "Filter": "((production_year >= 2005) AND (production_year <= 2015))", "Plans": [{"Node Type": "Bitmap Index Scan", "Parent Relationship": "Outer", "Index Name": "title_pkey", "Startup Cost": 0.0, "Total Cost": 0.3, "Plan Rows": 1, "Plan Width": 0, "Index Cond": "(id = ci.movie_id)"}]}]}]}, "Unique SQL Id": 3431223514, "Planner Runtime": 17}, "explain_analyze_plan": null}, "(16, 52)": {"explain_plan": {"Plan": {"Node Type": "Aggregate", "Strategy": "Plain", "Startup Cost": 23199.25, "Total Cost": 23199.26, "Plan Rows": 1, "Plan Width": 145, "Plans": [{"Node Type": "Nested Loop", "Parent Relationship": "Outer", "Join Type": "Inner", "Startup Cost": 0.0, "Total Cost": 23199.25, "Plan Rows": 1, "Plan Width": 49, "Inner Unique": true, "Plans": [{"Node Type": "Nested Loop", "Parent Relationship": "Outer", "Join Type": "Inner", "Startup Cost": 0.0, "Total Cost": 23198.75, "Plan Rows": 1, "Plan Width": 40, "Inner Unique": true, "Plans": [{"Node Type": "Nested Loop", "Parent Relationship": "Outer", "Join Type": "Inner", "Startup Cost": 0.0, "Total Cost": 23197.73, "Plan Rows": 2, "Plan Width": 28, "Inner Unique": true, "Plans": [{"Node Type": "Nested Loop", "Parent Relationship": "Outer", "Join Type": "Inner", "Startup Cost": 0.0, "Total Cost": 23196.09, "Plan Rows": 5, "Plan Width": 32, "Inner Unique": false, "Plans": [{"Node Type": "Nested Loop", "Parent Relationship": "Outer", "Join Type": "Inner", "Startup Cost": 0.0, "Total Cost": 23190.48, "Plan Rows": 13, "Plan Width": 24, "Inner Unique": false, "Join Filter": "(ci.role_id = rt.id)", "Plans": [{"Node Type": "Seq Scan", "Parent Relationship": "Outer", "Relation Name": "role_type", "Alias": "rt", "Startup Cost": 0.0, "Total Cost": 1.15, "Plan Rows": 1, "Plan Width": 4, "Filter": "((role)::text = 'actress'::text)"}, {"Node Type": "Materialize", "Parent Relationship": "Inner", "Startup Cost": 0.0, "Total Cost": 23187.92, "Plan Rows": 141, "Plan Width": 28, "Plans": [{"Node Type": "Nested Loop", "Parent Relationship": "Outer", "Join Type": "Inner", "Startup Cost": 0.0, "Total Cost": 23187.57, "Plan Rows": 141, "Plan Width": 28, "Inner Unique": false, "Join Filter": "(n.id = ci.person_id)", "Plans": [{"Node Type": "Nested Loop", "Parent Relationship": "Outer", "Join Type": "Inner", "Startup Cost": 0.0, "Total Cost": 22912.29, "Plan Rows": 115, "Plan Width": 24, "Inner Unique": false, "Plans": [{"Node Type": "Streaming(type: LOCAL GATHER dop: 1/16)", "Parent Relationship": "Outer", "Startup Cost": 0.0, "Total Cost": 22121.41, "Plan Rows": 96, "Plan Width": 4, "Plans": [{"Node Type": "Seq Scan", "Parent Relationship": "Outer", "Relation Name": "name", "Alias": "n", "Startup Cost": 0.0, "Total Cost": 22119.33, "Plan Rows": 96, "Plan Width": 4, "Filter": "(((name)::text ~~ '%Ang%'::text) AND ((gender)::text = 'f'::text))"}]}, {"Node Type": "Index Scan", "Parent Relationship": "Inner", "Scan Direction": "Forward", "Index Name": "person_id_aka_name", "Relation Name": "aka_name", "Alias": "an", "Startup Cost": 0.0, "Total Cost": 8.23, "Plan Rows": 1, "Plan Width": 20, "Index Cond": "(person_id = n.id)"}]}, {"Node Type": "Index Scan", "Parent Relationship": "Inner", "Scan Direction": "Forward", "Index Name": "person_id_cast_info", "Relation Name": "cast_info", "Alias": "ci", "Startup Cost": 0.0, "Total Cost": 2.38, "Plan Rows": 1, "Plan Width": 16, "Index Cond": "(person_id = an.person_id)", "Filter": "((note)::text = ANY ('{(voice),\"(voice: Japanese version)\",\"(voice) (uncredited)\",\"(voice: English version)\"}'::text[]))"}]}]}]}, {"Node Type": "Index Scan", "Parent Relationship": "Inner", "Scan Direction": "Forward", "Index Name": "movie_id_movie_companies", "Relation Name": "movie_companies", "Alias": "mc", "Startup Cost": 0.0, "Total Cost": 0.42, "Plan Rows": 1, "Plan Width": 8, "Index Cond": "(movie_id = ci.movie_id)", "Filter": "((note IS NOT NULL) AND (((note)::text ~~ '%(USA)%'::text) OR ((note)::text ~~ '%(worldwide)%'::text)))"}]}, {"Node Type": "Index Scan", "Parent Relationship": "Inner", "Scan Direction": "Forward", "Index Name": "company_name_pkey", "Relation Name": "company_name", "Alias": "cn", "Startup Cost": 0.0, "Total Cost": 0.32, "Plan Rows": 1, "Plan Width": 4, "Index Cond": "(id = mc.company_id)", "Filter": "((country_code)::text = '[us]'::text)"}]}, {"Node Type": "Index Scan", "Parent Relationship": "Inner", "Scan Direction": "Forward", "Index Name": "char_name_pkey", "Relation Name": "char_name", "Alias": "chn", "Startup Cost": 0.0, "Total Cost": 0.5, "Plan Rows": 1, "Plan Width": 20, "Index Cond": "(id = ci.person_role_id)"}]}, {"Node Type": "Index Scan", "Parent Relationship": "Inner", "Scan Direction": "Forward", "Index Name": "title_pkey", "Relation Name": "title", "Alias": "t", "Startup Cost": 0.0, "Total Cost": 0.49, "Plan Rows": 1, "Plan Width": 21, "Index Cond": "(id = ci.movie_id)", "Filter": "((production_year >= 2005) AND (production_year <= 2015))"}]}]}, "Unique SQL Id": 3431223514, "Planner Runtime": 17}, "explain_analyze_plan": {"Plan": {"Node Type": "Aggregate", "Strategy": "Plain", "Startup Cost": 23199.25, "Total Cost": 23199.26, "Plan Rows": 1, "Plan Width": 145, "Actual Min Startup Time": 217.809, "Actual Max Startup Time": 217.809, "Actual Min Total Time": 217.809, "Actual Max Total Time": 217.809, "Plans": [{"Node Type": "Nested Loop", "Parent Relationship": "Outer", "Join Type": "Inner", "Startup Cost": 0.0, "Total Cost": 23199.25, "Plan Rows": 1, "Plan Width": 49, "Actual Min Startup Time": 208.266, "Actual Max Startup Time": 208.266, "Actual Min Total Time": 217.659, "Actual Max Total Time": 217.659, "Inner Unique": true, "Plans": [{"Node Type": "Nested Loop", "Parent Relationship": "Outer", "Join Type": "Inner", "Startup Cost": 0.0, "Total Cost": 23198.75, "Plan Rows": 1, "Plan Width": 40, "Actual Min Startup Time": 207.759, "Actual Max Startup Time": 207.759, "Actual Min Total Time": 215.669, "Actual Max Total Time": 215.669, "Inner Unique": true, "Plans": [{"Node Type": "Nested Loop", "Parent Relationship": "Outer", "Join Type": "Inner", "Startup Cost": 0.0, "Total Cost": 23197.73, "Plan Rows": 2, "Plan Width": 28, "Actual Min Startup Time": 207.738, "Actual Max Startup Time": 207.738, "Actual Min Total Time": 214.139, "Actual Max Total Time": 214.139, "Inner Unique": true, "Plans": [{"Node Type": "Nested Loop", "Parent Relationship": "Outer", "Join Type": "Inner", "Startup Cost": 0.0, "Total Cost": 23196.09, "Plan Rows": 5, "Plan Width": 32, "Actual Min Startup Time": 207.712, "Actual Max Startup Time": 207.712, "Actual Min Total Time": 212.282, "Actual Max Total Time": 212.282, "Inner Unique": false, "Plans": [{"Node Type": "Nested Loop", "Parent Relationship": "Outer", "Join Type": "Inner", "Startup Cost": 0.0, "Total Cost": 23190.48, "Plan Rows": 13, "Plan Width": 24, "Actual Min Startup Time": 207.655, "Actual Max Startup Time": 207.655, "Actual Min Total Time": 207.944, "Actual Max Total Time": 207.944, "Inner Unique": false, "Join Filter": "(ci.role_id = rt.id)", "Rows Removed by Join Filter": 0, "Plans": [{"Node Type": "Seq Scan", "Parent Relationship": "Outer", "Relation Name": "role_type", "Alias": "rt", "Startup Cost": 0.0, "Total Cost": 1.15, "Plan Rows": 1, "Plan Width": 4, "Actual Min Startup Time": 0.037, "Actual Max Startup Time": 0.037, "Actual Min Total Time": 0.042, "Actual Max Total Time": 0.042, "Filter": "((role)::text = 'actress'::text)", "Rows Removed by Filter": 11, "Actual Rows": 1}, {"Node Type": "Materialize", "Parent Relationship": "Inner", "Startup Cost": 0.0, "Total Cost": 23187.92, "Plan Rows": 141, "Plan Width": 28, "Actual Min Startup Time": 207.601, "Actual Max Startup Time": 207.601, "Actual Min Total Time": 207.663, "Actual Max Total Time": 207.663, "Plans": [{"Node Type": "Nested Loop", "Parent Relationship": "Outer", "Join Type": "Inner", "Startup Cost": 0.0, "Total Cost": 23187.57, "Plan Rows": 141, "Plan Width": 28, "Actual Min Startup Time": 79.388, "Actual Max Startup Time": 79.388, "Actual Min Total Time": 207.403, "Actual Max Total Time": 207.403, "Inner Unique": false, "Join Filter": "(n.id = ci.person_id)", "Rows Removed by Join Filter": 0, "Plans": [{"Node Type": "Nested Loop", "Parent Relationship": "Outer", "Join Type": "Inner", "Startup Cost": 0.0, "Total Cost": 22912.29, "Plan Rows": 115, "Plan Width": 24, "Actual Min Startup Time": 78.004, "Actual Max Startup Time": 78.004, "Actual Min Total Time": 152.752, "Actual Max Total Time": 152.752, "Inner Unique": false, "Plans": [{"Node Type": "Streaming(type: LOCAL GATHER dop: 1/16)", "Parent Relationship": "Outer", "Startup Cost": 0.0, "Total Cost": 22121.41, "Plan Rows": 96, "Plan Width": 4, "Actual Min Startup Time": 77.938, "Actual Max Startup Time": 77.938, "Actual Min Total Time": 130.682, "Actual Max Total Time": 130.682, "Plans": [{"Node Type": "Seq Scan", "Parent Relationship": "Outer", "Relation Name": "name", "Alias": "n", "Startup Cost": 0.0, "Total Cost": 22119.33, "Plan Rows": 96, "Plan Width": 4, "Actual Min Startup Time": 42.659, "Actual Max Startup Time": 47.494, "Actual Min Total Time": 106.008, "Actual Max Total Time": 112.366, "Filter": "(((name)::text ~~ '%Ang%'::text) AND ((gender)::text = 'f'::text))", "Rows Removed by Filter": 4160722, "Actual Rows": 6768}], "Actual Rows": 6768}, {"Node Type": "Index Scan", "Parent Relationship": "Inner", "Scan Direction": "Forward", "Index Name": "person_id_aka_name", "Relation Name": "aka_name", "Alias": "an", "Startup Cost": 0.0, "Total Cost": 8.23, "Plan Rows": 1, "Plan Width": 20, "Actual Min Startup Time": 17.561, "Actual Max Startup Time": 17.561, "Actual Min Total Time": 18.45, "Actual Max Total Time": 18.45, "Index Cond": "(person_id = n.id)", "Rows Removed by Index Recheck": 0, "Actual Rows": 1558}], "Actual Rows": 1558}, {"Node Type": "Index Scan", "Parent Relationship": "Inner", "Scan Direction": "Forward", "Index Name": "person_id_cast_info", "Relation Name": "cast_info", "Alias": "ci", "Startup Cost": 0.0, "Total Cost": 2.38, "Plan Rows": 1, "Plan Width": 16, "Actual Min Startup Time": 48.536, "Actual Max Startup Time": 48.536, "Actual Min Total Time": 53.613, "Actual Max Total Time": 53.613, "Index Cond": "(person_id = an.person_id)", "Rows Removed by Index Recheck": 0, "Filter": "((note)::text = ANY ('{(voice),\"(voice: Japanese version)\",\"(voice) (uncredited)\",\"(voice: English version)\"}'::text[]))", "Rows Removed by Filter": 69057, "Actual Rows": 425}], "Actual Rows": 425}], "Actual Rows": 426}], "Actual Rows": 425}, {"Node Type": "Index Scan", "Parent Relationship": "Inner", "Scan Direction": "Forward", "Index Name": "movie_id_movie_companies", "Relation Name": "movie_companies", "Alias": "mc", "Startup Cost": 0.0, "Total Cost": 0.42, "Plan Rows": 1, "Plan Width": 8, "Actual Min Startup Time": 2.852, "Actual Max Startup Time": 2.852, "Actual Min Total Time": 4.027, "Actual Max Total Time": 4.027, "Index Cond": "(movie_id = ci.movie_id)", "Rows Removed by Index Recheck": 0, "Filter": "((note IS NOT NULL) AND (((note)::text ~~ '%(USA)%'::text) OR ((note)::text ~~ '%(worldwide)%'::text)))", "Rows Removed by Filter": 1538, "Actual Rows": 373}], "Actual Rows": 373}, {"Node Type": "Index Scan", "Parent Relationship": "Inner", "Scan Direction": "Forward", "Index Name": "company_name_pkey", "Relation Name": "company_name", "Alias": "cn", "Startup Cost": 0.0, "Total Cost": 0.32, "Plan Rows": 1, "Plan Width": 4, "Actual Min Startup Time": 1.542, "Actual Max Startup Time": 1.542, "Actual Min Total Time": 1.542, "Actual Max Total Time": 1.542, "Index Cond": "(id = mc.company_id)", "Rows Removed by Index Recheck": 0, "Filter": "((country_code)::text = '[us]'::text)", "Rows Removed by Filter": 14, "Actual Rows": 359}], "Actual Rows": 359}, {"Node Type": "Index Scan", "Parent Relationship": "Inner", "Scan Direction": "Forward", "Index Name": "char_name_pkey", "Relation Name": "char_name", "Alias": "chn", "Startup Cost": 0.0, "Total Cost": 0.5, "Plan Rows": 1, "Plan Width": 20, "Actual Min Startup Time": 1.21, "Actual Max Startup Time": 1.21, "Actual Min Total Time": 1.21, "Actual Max Total Time": 1.21, "Index Cond": "(id = ci.person_role_id)", "Rows Removed by Index Recheck": 0, "Actual Rows": 341}], "Actual Rows": 341}, {"Node Type": "Index Scan", "Parent Relationship": "Inner", "Scan Direction": "Forward", "Index Name": "title_pkey", "Relation Name": "title", "Alias": "t", "Startup Cost": 0.0, "Total Cost": 0.49, "Plan Rows": 1, "Plan Width": 21, "Actual Min Startup Time": 1.749, "Actual Max Startup Time": 1.749, "Actual Min Total Time": 1.749, "Actual Max Total Time": 1.749, "Index Cond": "(id = ci.movie_id)", "Rows Removed by Index Recheck": 0, "Filter": "((production_year >= 2005) AND (production_year <= 2015))", "Rows Removed by Filter": 220, "Actual Rows": 121}], "Actual Rows": 121}], "Actual Rows": 1}, "Triggers": [], "Planner Runtime": 18, "Total Runtime": 220.755, "Unique SQL Id": 3431223514}}, "(16, 53)": {"explain_plan": {"Plan": {"Node Type": "Aggregate", "Strategy": "Plain", "Startup Cost": 154556.1, "Total Cost": 154556.11, "Plan Rows": 1, "Plan Width": 145, "Plans": [{"Node Type": "Nested Loop", "Parent Relationship": "Outer", "Join Type": "Inner", "Startup Cost": 0.0, "Total Cost": 154556.09, "Plan Rows": 1, "Plan Width": 49, "Inner Unique": true, "Plans": [{"Node Type": "Nested Loop", "Parent Relationship": "Outer", "Join Type": "Inner", "Startup Cost": 0.0, "Total Cost": 154555.59, "Plan Rows": 1, "Plan Width": 40, "Inner Unique": true, "Plans": [{"Node Type": "Nested Loop", "Parent Relationship": "Outer", "Join Type": "Inner", "Startup Cost": 0.0, "Total Cost": 154554.58, "Plan Rows": 2, "Plan Width": 28, "Inner Unique": true, "Plans": [{"Node Type": "Nested Loop", "Parent Relationship": "Outer", "Join Type": "Inner", "Startup Cost": 0.0, "Total Cost": 154552.94, "Plan Rows": 5, "Plan Width": 32, "Inner Unique": false, "Plans": [{"Node Type": "Nested Loop", "Parent Relationship": "Outer", "Join Type": "Inner", "Startup Cost": 0.0, "Total Cost": 154547.33, "Plan Rows": 13, "Plan Width": 24, "Inner Unique": false, "Join Filter": "(ci.role_id = rt.id)", "Plans": [{"Node Type": "Index Scan", "Parent Relationship": "Outer", "Scan Direction": "Forward", "Index Name": "role_type_pkey", "Relation Name": "role_type", "Alias": "rt", "Startup Cost": 0.0, "Total Cost": 12.46, "Plan Rows": 1, "Plan Width": 4, "Filter": "((role)::text = 'actress'::text)"}, {"Node Type": "Materialize", "Parent Relationship": "Inner", "Startup Cost": 0.0, "Total Cost": 154533.46, "Plan Rows": 141, "Plan Width": 28, "Plans": [{"Node Type": "Nested Loop", "Parent Relationship": "Outer", "Join Type": "Inner", "Startup Cost": 0.0, "Total Cost": 154533.1, "Plan Rows": 141, "Plan Width": 28, "Inner Unique": false, "Join Filter": "(n.id = ci.person_id)", "Plans": [{"Node Type": "Nested Loop", "Parent Relationship": "Outer", "Join Type": "Inner", "Startup Cost": 0.0, "Total Cost": 154257.82, "Plan Rows": 115, "Plan Width": 24, "Inner Unique": false, "Plans": [{"Node Type": "Streaming(type: LOCAL GATHER dop: 1/16)", "Parent Relationship": "Outer", "Startup Cost": 0.0, "Total Cost": 153466.94, "Plan Rows": 96, "Plan Width": 4, "Plans": [{"Node Type": "Index Scan", "Parent Relationship": "Outer", "Scan Direction": "Forward", "Index Name": "name_pkey", "Relation Name": "name", "Alias": "n", "Startup Cost": 0.0, "Total Cost": 153464.87, "Plan Rows": 96, "Plan Width": 4, "Filter": "(((name)::text ~~ '%Ang%'::text) AND ((gender)::text = 'f'::text))"}]}, {"Node Type": "Index Scan", "Parent Relationship": "Inner", "Scan Direction": "Forward", "Index Name": "person_id_aka_name", "Relation Name": "aka_name", "Alias": "an", "Startup Cost": 0.0, "Total Cost": 8.23, "Plan Rows": 1, "Plan Width": 20, "Index Cond": "(person_id = n.id)"}]}, {"Node Type": "Index Scan", "Parent Relationship": "Inner", "Scan Direction": "Forward", "Index Name": "person_id_cast_info", "Relation Name": "cast_info", "Alias": "ci", "Startup Cost": 0.0, "Total Cost": 2.38, "Plan Rows": 1, "Plan Width": 16, "Index Cond": "(person_id = an.person_id)", "Filter": "((note)::text = ANY ('{(voice),\"(voice: Japanese version)\",\"(voice) (uncredited)\",\"(voice: English version)\"}'::text[]))"}]}]}]}, {"Node Type": "Index Scan", "Parent Relationship": "Inner", "Scan Direction": "Forward", "Index Name": "movie_id_movie_companies", "Relation Name": "movie_companies", "Alias": "mc", "Startup Cost": 0.0, "Total Cost": 0.42, "Plan Rows": 1, "Plan Width": 8, "Index Cond": "(movie_id = ci.movie_id)", "Filter": "((note IS NOT NULL) AND (((note)::text ~~ '%(USA)%'::text) OR ((note)::text ~~ '%(worldwide)%'::text)))"}]}, {"Node Type": "Index Scan", "Parent Relationship": "Inner", "Scan Direction": "Forward", "Index Name": "company_name_pkey", "Relation Name": "company_name", "Alias": "cn", "Startup Cost": 0.0, "Total Cost": 0.32, "Plan Rows": 1, "Plan Width": 4, "Index Cond": "(id = mc.company_id)", "Filter": "((country_code)::text = '[us]'::text)"}]}, {"Node Type": "Index Scan", "Parent Relationship": "Inner", "Scan Direction": "Forward", "Index Name": "char_name_pkey", "Relation Name": "char_name", "Alias": "chn", "Startup Cost": 0.0, "Total Cost": 0.5, "Plan Rows": 1, "Plan Width": 20, "Index Cond": "(id = ci.person_role_id)"}]}, {"Node Type": "Index Scan", "Parent Relationship": "Inner", "Scan Direction": "Forward", "Index Name": "title_pkey", "Relation Name": "title", "Alias": "t", "Startup Cost": 0.0, "Total Cost": 0.49, "Plan Rows": 1, "Plan Width": 21, "Index Cond": "(id = ci.movie_id)", "Filter": "((production_year >= 2005) AND (production_year <= 2015))"}]}]}, "Unique SQL Id": 3431223514, "Planner Runtime": 15}, "explain_analyze_plan": {"Plan": {"Node Type": "Aggregate", "Strategy": "Plain", "Startup Cost": 154556.1, "Total Cost": 154556.11, "Plan Rows": 1, "Plan Width": 145, "Actual Min Startup Time": 381.158, "Actual Max Startup Time": 381.158, "Actual Min Total Time": 381.159, "Actual Max Total Time": 381.159, "Plans": [{"Node Type": "Nested Loop", "Parent Relationship": "Outer", "Join Type": "Inner", "Startup Cost": 0.0, "Total Cost": 154556.09, "Plan Rows": 1, "Plan Width": 49, "Actual Min Startup Time": 371.852, "Actual Max Startup Time": 371.852, "Actual Min Total Time": 381.01, "Actual Max Total Time": 381.01, "Inner Unique": true, "Plans": [{"Node Type": "Nested Loop", "Parent Relationship": "Outer", "Join Type": "Inner", "Startup Cost": 0.0, "Total Cost": 154555.59, "Plan Rows": 1, "Plan Width": 40, "Actual Min Startup Time": 370.918, "Actual Max Startup Time": 370.918, "Actual Min Total Time": 379.017, "Actual Max Total Time": 379.017, "Inner Unique": true, "Plans": [{"Node Type": "Nested Loop", "Parent Relationship": "Outer", "Join Type": "Inner", "Startup Cost": 0.0, "Total Cost": 154554.58, "Plan Rows": 2, "Plan Width": 28, "Actual Min Startup Time": 370.897, "Actual Max Startup Time": 370.897, "Actual Min Total Time": 377.445, "Actual Max Total Time": 377.445, "Inner Unique": true, "Plans": [{"Node Type": "Nested Loop", "Parent Relationship": "Outer", "Join Type": "Inner", "Startup Cost": 0.0, "Total Cost": 154552.94, "Plan Rows": 5, "Plan Width": 32, "Actual Min Startup Time": 370.872, "Actual Max Startup Time": 370.872, "Actual Min Total Time": 375.543, "Actual Max Total Time": 375.543, "Inner Unique": false, "Plans": [{"Node Type": "Nested Loop", "Parent Relationship": "Outer", "Join Type": "Inner", "Startup Cost": 0.0, "Total Cost": 154547.33, "Plan Rows": 13, "Plan Width": 24, "Actual Min Startup Time": 370.838, "Actual Max Startup Time": 370.838, "Actual Min Total Time": 371.129, "Actual Max Total Time": 371.129, "Inner Unique": false, "Join Filter": "(ci.role_id = rt.id)", "Rows Removed by Join Filter": 0, "Plans": [{"Node Type": "Index Scan", "Parent Relationship": "Outer", "Scan Direction": "Forward", "Index Name": "role_type_pkey", "Relation Name": "role_type", "Alias": "rt", "Startup Cost": 0.0, "Total Cost": 12.46, "Plan Rows": 1, "Plan Width": 4, "Actual Min Startup Time": 0.027, "Actual Max Startup Time": 0.027, "Actual Min Total Time": 0.034, "Actual Max Total Time": 0.034, "Filter": "((role)::text = 'actress'::text)", "Rows Removed by Filter": 11, "Actual Rows": 1}, {"Node Type": "Materialize", "Parent Relationship": "Inner", "Startup Cost": 0.0, "Total Cost": 154533.46, "Plan Rows": 141, "Plan Width": 28, "Actual Min Startup Time": 370.792, "Actual Max Startup Time": 370.792, "Actual Min Total Time": 370.871, "Actual Max Total Time": 370.871, "Plans": [{"Node Type": "Nested Loop", "Parent Relationship": "Outer", "Join Type": "Inner", "Startup Cost": 0.0, "Total Cost": 154533.1, "Plan Rows": 141, "Plan Width": 28, "Actual Min Startup Time": 96.425, "Actual Max Startup Time": 96.425, "Actual Min Total Time": 370.541, "Actual Max Total Time": 370.541, "Inner Unique": false, "Join Filter": "(n.id = ci.person_id)", "Rows Removed by Join Filter": 0, "Plans": [{"Node Type": "Nested Loop", "Parent Relationship": "Outer", "Join Type": "Inner", "Startup Cost": 0.0, "Total Cost": 154257.82, "Plan Rows": 115, "Plan Width": 24, "Actual Min Startup Time": 95.83, "Actual Max Startup Time": 95.83, "Actual Min Total Time": 315.879, "Actual Max Total Time": 315.879, "Inner Unique": false, "Plans": [{"Node Type": "Streaming(type: LOCAL GATHER dop: 1/16)", "Parent Relationship": "Outer", "Startup Cost": 0.0, "Total Cost": 153466.94, "Plan Rows": 96, "Plan Width": 4, "Actual Min Startup Time": 95.756, "Actual Max Startup Time": 95.756, "Actual Min Total Time": 293.923, "Actual Max Total Time": 293.923, "Plans": [{"Node Type": "Index Scan", "Parent Relationship": "Outer", "Scan Direction": "Forward", "Index Name": "name_pkey", "Relation Name": "name", "Alias": "n", "Startup Cost": 0.0, "Total Cost": 153464.87, "Plan Rows": 96, "Plan Width": 4, "Actual Min Startup Time": 40.31, "Actual Max Startup Time": 338.836, "Actual Min Total Time": 295.678, "Actual Max Total Time": 338.836, "Filter": "(((name)::text ~~ '%Ang%'::text) AND ((gender)::text = 'f'::text))", "Rows Removed by Filter": 4160722, "Actual Rows": 6768}], "Actual Rows": 6768}, {"Node Type": "Index Scan", "Parent Relationship": "Inner", "Scan Direction": "Forward", "Index Name": "person_id_aka_name", "Relation Name": "aka_name", "Alias": "an", "Startup Cost": 0.0, "Total Cost": 8.23, "Plan Rows": 1, "Plan Width": 20, "Actual Min Startup Time": 17.357, "Actual Max Startup Time": 17.357, "Actual Min Total Time": 18.22, "Actual Max Total Time": 18.22, "Index Cond": "(person_id = n.id)", "Rows Removed by Index Recheck": 0, "Actual Rows": 1558}], "Actual Rows": 1558}, {"Node Type": "Index Scan", "Parent Relationship": "Inner", "Scan Direction": "Forward", "Index Name": "person_id_cast_info", "Relation Name": "cast_info", "Alias": "ci", "Startup Cost": 0.0, "Total Cost": 2.38, "Plan Rows": 1, "Plan Width": 16, "Actual Min Startup Time": 48.528, "Actual Max Startup Time": 48.528, "Actual Min Total Time": 53.577, "Actual Max Total Time": 53.577, "Index Cond": "(person_id = an.person_id)", "Rows Removed by Index Recheck": 0, "Filter": "((note)::text = ANY ('{(voice),\"(voice: Japanese version)\",\"(voice) (uncredited)\",\"(voice: English version)\"}'::text[]))", "Rows Removed by Filter": 69057, "Actual Rows": 425}], "Actual Rows": 425}], "Actual Rows": 426}], "Actual Rows": 425}, {"Node Type": "Index Scan", "Parent Relationship": "Inner", "Scan Direction": "Forward", "Index Name": "movie_id_movie_companies", "Relation Name": "movie_companies", "Alias": "mc", "Startup Cost": 0.0, "Total Cost": 0.42, "Plan Rows": 1, "Plan Width": 8, "Actual Min Startup Time": 2.907, "Actual Max Startup Time": 2.907, "Actual Min Total Time": 4.086, "Actual Max Total Time": 4.086, "Index Cond": "(movie_id = ci.movie_id)", "Rows Removed by Index Recheck": 0, "Filter": "((note IS NOT NULL) AND (((note)::text ~~ '%(USA)%'::text) OR ((note)::text ~~ '%(worldwide)%'::text)))", "Rows Removed by Filter": 1538, "Actual Rows": 373}], "Actual Rows": 373}, {"Node Type": "Index Scan", "Parent Relationship": "Inner", "Scan Direction": "Forward", "Index Name": "company_name_pkey", "Relation Name": "company_name", "Alias": "cn", "Startup Cost": 0.0, "Total Cost": 0.32, "Plan Rows": 1, "Plan Width": 4, "Actual Min Startup Time": 1.6, "Actual Max Startup Time": 1.6, "Actual Min Total Time": 1.6, "Actual Max Total Time": 1.6, "Index Cond": "(id = mc.company_id)", "Rows Removed by Index Recheck": 0, "Filter": "((country_code)::text = '[us]'::text)", "Rows Removed by Filter": 14, "Actual Rows": 359}], "Actual Rows": 359}, {"Node Type": "Index Scan", "Parent Relationship": "Inner", "Scan Direction": "Forward", "Index Name": "char_name_pkey", "Relation Name": "char_name", "Alias": "chn", "Startup Cost": 0.0, "Total Cost": 0.5, "Plan Rows": 1, "Plan Width": 20, "Actual Min Startup Time": 1.275, "Actual Max Startup Time": 1.275, "Actual Min Total Time": 1.275, "Actual Max Total Time": 1.275, "Index Cond": "(id = ci.person_role_id)", "Rows Removed by Index Recheck": 0, "Actual Rows": 341}], "Actual Rows": 341}, {"Node Type": "Index Scan", "Parent Relationship": "Inner", "Scan Direction": "Forward", "Index Name": "title_pkey", "Relation Name": "title", "Alias": "t", "Startup Cost": 0.0, "Total Cost": 0.49, "Plan Rows": 1, "Plan Width": 21, "Actual Min Startup Time": 1.749, "Actual Max Startup Time": 1.749, "Actual Min Total Time": 1.749, "Actual Max Total Time": 1.749, "Index Cond": "(id = ci.movie_id)", "Rows Removed by Index Recheck": 0, "Filter": "((production_year >= 2005) AND (production_year <= 2015))", "Rows Removed by Filter": 220, "Actual Rows": 121}], "Actual Rows": 121}], "Actual Rows": 1}, "Triggers": [], "Planner Runtime": 15, "Total Runtime": 384.132, "Unique SQL Id": 3431223514}}, "(16, 54)": {"explain_plan": {"Plan": {"Node Type": "Aggregate", "Strategy": "Plain", "Startup Cost": 23619.5, "Total Cost": 23619.51, "Plan Rows": 1, "Plan Width": 145, "Plans": [{"Node Type": "Nested Loop", "Parent Relationship": "Outer", "Join Type": "Inner", "Startup Cost": 6.41, "Total Cost": 23619.49, "Plan Rows": 1, "Plan Width": 49, "Inner Unique": true, "Plans": [{"Node Type": "Nested Loop", "Parent Relationship": "Outer", "Join Type": "Inner", "Startup Cost": 6.11, "Total Cost": 23615.16, "Plan Rows": 1, "Plan Width": 40, "Inner Unique": true, "Plans": [{"Node Type": "Nested Loop", "Parent Relationship": "Outer", "Join Type": "Inner", "Startup Cost": 5.8, "Total Cost": 23606.49, "Plan Rows": 2, "Plan Width": 28, "Inner Unique": true, "Plans": [{"Node Type": "Nested Loop", "Parent Relationship": "Outer", "Join Type": "Inner", "Startup Cost": 5.53, "Total Cost": 23585.05, "Plan Rows": 5, "Plan Width": 32, "Inner Unique": false, "Plans": [{"Node Type": "Nested Loop", "Parent Relationship": "Outer", "Join Type": "Inner", "Startup Cost": 5.22, "Total Cost": 23528.42, "Plan Rows": 13, "Plan Width": 24, "Inner Unique": false, "Join Filter": "(ci.role_id = rt.id)", "Plans": [{"Node Type": "Seq Scan", "Parent Relationship": "Outer", "Relation Name": "role_type", "Alias": "rt", "Startup Cost": 0.0, "Total Cost": 1.15, "Plan Rows": 1, "Plan Width": 4, "Filter": "((role)::text = 'actress'::text)"}, {"Node Type": "Materialize", "Parent Relationship": "Inner", "Startup Cost": 5.22, "Total Cost": 23525.86, "Plan Rows": 141, "Plan Width": 28, "Plans": [{"Node Type": "Nested Loop", "Parent Relationship": "Outer", "Join Type": "Inner", "Startup Cost": 5.22, "Total Cost": 23525.5, "Plan Rows": 141, "Plan Width": 28, "Inner Unique": false, "Join Filter": "(n.id = ci.person_id)", "Plans": [{"Node Type": "Nested Loop", "Parent Relationship": "Outer", "Join Type": "Inner", "Startup Cost": 4.22, "Total Cost": 22912.31, "Plan Rows": 115, "Plan Width": 24, "Inner Unique": false, "Plans": [{"Node Type": "Streaming(type: LOCAL GATHER dop: 1/16)", "Parent Relationship": "Outer", "Startup Cost": 0.0, "Total Cost": 22121.41, "Plan Rows": 96, "Plan Width": 4, "Plans": [{"Node Type": "Seq Scan", "Parent Relationship": "Outer", "Relation Name": "name", "Alias": "n", "Startup Cost": 0.0, "Total Cost": 22119.33, "Plan Rows": 96, "Plan Width": 4, "Filter": "(((name)::text ~~ '%Ang%'::text) AND ((gender)::text = 'f'::text))"}]}, {"Node Type": "Bitmap Heap Scan", "Parent Relationship": "Inner", "Relation Name": "aka_name", "Alias": "an", "Startup Cost": 4.22, "Total Cost": 8.23, "Plan Rows": 1, "Plan Width": 20, "Recheck Cond": "(person_id = n.id)", "Plans": [{"Node Type": "Bitmap Index Scan", "Parent Relationship": "Outer", "Index Name": "person_id_aka_name", "Startup Cost": 0.0, "Total Cost": 4.22, "Plan Rows": 1, "Plan Width": 0, "Index Cond": "(person_id = n.id)"}]}]}, {"Node Type": "Bitmap Heap Scan", "Parent Relationship": "Inner", "Relation Name": "cast_info", "Alias": "ci", "Startup Cost": 1.0, "Total Cost": 5.32, "Plan Rows": 1, "Plan Width": 16, "Recheck Cond": "(person_id = an.person_id)", "Filter": "((note)::text = ANY ('{(voice),\"(voice: Japanese version)\",\"(voice) (uncredited)\",\"(voice: English version)\"}'::text[]))", "Plans": [{"Node Type": "Bitmap Index Scan", "Parent Relationship": "Outer", "Index Name": "person_id_cast_info", "Startup Cost": 0.0, "Total Cost": 1.0, "Plan Rows": 18, "Plan Width": 0, "Index Cond": "(person_id = an.person_id)"}]}]}]}]}, {"Node Type": "Bitmap Heap Scan", "Parent Relationship": "Inner", "Relation Name": "movie_companies", "Alias": "mc", "Startup Cost": 0.31, "Total Cost": 4.35, "Plan Rows": 1, "Plan Width": 8, "Recheck Cond": "(movie_id = ci.movie_id)", "Filter": "((note IS NOT NULL) AND (((note)::text ~~ '%(USA)%'::text) OR ((note)::text ~~ '%(worldwide)%'::text)))", "Plans": [{"Node Type": "Bitmap Index Scan", "Parent Relationship": "Outer", "Index Name": "movie_id_movie_companies", "Startup Cost": 0.0, "Total Cost": 0.31, "Plan Rows": 2, "Plan Width": 0, "Index Cond": "(movie_id = ci.movie_id)"}]}]}, {"Node Type": "Bitmap Heap Scan", "Parent Relationship": "Inner", "Relation Name": "company_name", "Alias": "cn", "Startup Cost": 0.26, "Total Cost": 4.28, "Plan Rows": 1, "Plan Width": 4, "Recheck Cond": "(id = mc.company_id)", "Filter": "((country_code)::text = '[us]'::text)", "Plans": [{"Node Type": "Bitmap Index Scan", "Parent Relationship": "Outer", "Index Name": "company_name_pkey", "Startup Cost": 0.0, "Total Cost": 0.26, "Plan Rows": 1, "Plan Width": 0, "Index Cond": "(id = mc.company_id)"}]}]}, {"Node Type": "Bitmap Heap Scan", "Parent Relationship": "Inner", "Relation Name": "char_name", "Alias": "chn", "Startup Cost": 0.31, "Total Cost": 4.33, "Plan Rows": 1, "Plan Width": 20, "Recheck Cond": "(id = ci.person_role_id)", "Plans": [{"Node Type": "Bitmap Index Scan", "Parent Relationship": "Outer", "Index Name": "char_name_pkey", "Startup Cost": 0.0, "Total Cost": 0.31, "Plan Rows": 1, "Plan Width": 0, "Index Cond": "(id = ci.person_role_id)"}]}]}, {"Node Type": "Bitmap Heap Scan", "Parent Relationship": "Inner", "Relation Name": "title", "Alias": "t", "Startup Cost": 0.3, "Total Cost": 4.32, "Plan Rows": 1, "Plan Width": 21, "Recheck Cond": "(id = ci.movie_id)", "Filter": "((production_year >= 2005) AND (production_year <= 2015))", "Plans": [{"Node Type": "Bitmap Index Scan", "Parent Relationship": "Outer", "Index Name": "title_pkey", "Startup Cost": 0.0, "Total Cost": 0.3, "Plan Rows": 1, "Plan Width": 0, "Index Cond": "(id = ci.movie_id)"}]}]}]}, "Unique SQL Id": 3431223514, "Planner Runtime": 58}, "explain_analyze_plan": {"Plan": {"Node Type": "Aggregate", "Strategy": "Plain", "Startup Cost": 23619.5, "Total Cost": 23619.51, "Plan Rows": 1, "Plan Width": 145, "Actual Min Startup Time": 230.198, "Actual Max Startup Time": 230.198, "Actual Min Total Time": 230.198, "Actual Max Total Time": 230.198, "Plans": [{"Node Type": "Nested Loop", "Parent Relationship": "Outer", "Join Type": "Inner", "Startup Cost": 6.41, "Total Cost": 23619.49, "Plan Rows": 1, "Plan Width": 49, "Actual Min Startup Time": 217.211, "Actual Max Startup Time": 217.211, "Actual Min Total Time": 230.023, "Actual Max Total Time": 230.023, "Inner Unique": true, "Plans": [{"Node Type": "Nested Loop", "Parent Relationship": "Outer", "Join Type": "Inner", "Startup Cost": 6.11, "Total Cost": 23615.16, "Plan Rows": 1, "Plan Width": 40, "Actual Min Startup Time": 217.172, "Actual Max Startup Time": 217.172, "Actual Min Total Time": 227.505, "Actual Max Total Time": 227.505, "Inner Unique": true, "Plans": [{"Node Type": "Nested Loop", "Parent Relationship": "Outer", "Join Type": "Inner", "Startup Cost": 5.8, "Total Cost": 23606.49, "Plan Rows": 2, "Plan Width": 28, "Actual Min Startup Time": 217.146, "Actual Max Startup Time": 217.146, "Actual Min Total Time": 225.406, "Actual Max Total Time": 225.406, "Inner Unique": true, "Plans": [{"Node Type": "Nested Loop", "Parent Relationship": "Outer", "Join Type": "Inner", "Startup Cost": 5.53, "Total Cost": 23585.05, "Plan Rows": 5, "Plan Width": 32, "Actual Min Startup Time": 217.113, "Actual Max Startup Time": 217.113, "Actual Min Total Time": 222.879, "Actual Max Total Time": 222.879, "Inner Unique": false, "Plans": [{"Node Type": "Nested Loop", "Parent Relationship": "Outer", "Join Type": "Inner", "Startup Cost": 5.22, "Total Cost": 23528.42, "Plan Rows": 13, "Plan Width": 24, "Actual Min Startup Time": 217.048, "Actual Max Startup Time": 217.048, "Actual Min Total Time": 217.364, "Actual Max Total Time": 217.364, "Inner Unique": false, "Join Filter": "(ci.role_id = rt.id)", "Rows Removed by Join Filter": 0, "Plans": [{"Node Type": "Seq Scan", "Parent Relationship": "Outer", "Relation Name": "role_type", "Alias": "rt", "Startup Cost": 0.0, "Total Cost": 1.15, "Plan Rows": 1, "Plan Width": 4, "Actual Min Startup Time": 0.03, "Actual Max Startup Time": 0.03, "Actual Min Total Time": 0.036, "Actual Max Total Time": 0.036, "Filter": "((role)::text = 'actress'::text)", "Rows Removed by Filter": 11, "Actual Rows": 1}, {"Node Type": "Materialize", "Parent Relationship": "Inner", "Startup Cost": 5.22, "Total Cost": 23525.86, "Plan Rows": 141, "Plan Width": 28, "Actual Min Startup Time": 217.001, "Actual Max Startup Time": 217.001, "Actual Min Total Time": 217.068, "Actual Max Total Time": 217.068, "Plans": [{"Node Type": "Nested Loop", "Parent Relationship": "Outer", "Join Type": "Inner", "Startup Cost": 5.22, "Total Cost": 23525.5, "Plan Rows": 141, "Plan Width": 28, "Actual Min Startup Time": 80.207, "Actual Max Startup Time": 80.207, "Actual Min Total Time": 216.822, "Actual Max Total Time": 216.822, "Inner Unique": false, "Join Filter": "(n.id = ci.person_id)", "Rows Removed by Join Filter": 0, "Plans": [{"Node Type": "Nested Loop", "Parent Relationship": "Outer", "Join Type": "Inner", "Startup Cost": 4.22, "Total Cost": 22912.31, "Plan Rows": 115, "Plan Width": 24, "Actual Min Startup Time": 78.996, "Actual Max Startup Time": 78.996, "Actual Min Total Time": 161.374, "Actual Max Total Time": 161.374, "Inner Unique": false, "Plans": [{"Node Type": "Streaming(type: LOCAL GATHER dop: 1/16)", "Parent Relationship": "Outer", "Startup Cost": 0.0, "Total Cost": 22121.41, "Plan Rows": 96, "Plan Width": 4, "Actual Min Startup Time": 78.911, "Actual Max Startup Time": 78.911, "Actual Min Total Time": 130.478, "Actual Max Total Time": 130.478, "Plans": [{"Node Type": "Seq Scan", "Parent Relationship": "Outer", "Relation Name": "name", "Alias": "n", "Startup Cost": 0.0, "Total Cost": 22119.33, "Plan Rows": 96, "Plan Width": 4, "Actual Min Startup Time": 42.711, "Actual Max Startup Time": 47.512, "Actual Min Total Time": 106.091, "Actual Max Total Time": 112.074, "Filter": "(((name)::text ~~ '%Ang%'::text) AND ((gender)::text = 'f'::text))", "Rows Removed by Filter": 4160722, "Actual Rows": 6768}], "Actual Rows": 6768}, {"Node Type": "Bitmap Heap Scan", "Parent Relationship": "Inner", "Relation Name": "aka_name", "Alias": "an", "Startup Cost": 4.22, "Total Cost": 8.23, "Plan Rows": 1, "Plan Width": 20, "Actual Min Startup Time": 22.891, "Actual Max Startup Time": 22.891, "Actual Min Total Time": 23.48, "Actual Max Total Time": 23.48, "Recheck Cond": "(person_id = n.id)", "Rows Removed by Index Recheck": 0, "Exact Heap Blocks": 1014, "Lossy Heap Blocks": 1014, "Plans": [{"Node Type": "Bitmap Index Scan", "Parent Relationship": "Outer", "Index Name": "person_id_aka_name", "Startup Cost": 0.0, "Total Cost": 4.22, "Plan Rows": 1, "Plan Width": 0, "Actual Min Startup Time": 17.258, "Actual Max Startup Time": 17.258, "Actual Min Total Time": 17.258, "Actual Max Total Time": 17.258, "Index Cond": "(person_id = n.id)", "Actual Rows": 1558}], "Actual Rows": 1558}], "Actual Rows": 1558}, {"Node Type": "Bitmap Heap Scan", "Parent Relationship": "Inner", "Relation Name": "cast_info", "Alias": "ci", "Startup Cost": 1.0, "Total Cost": 5.32, "Plan Rows": 1, "Plan Width": 16, "Actual Min Startup Time": 49.927, "Actual Max Startup Time": 49.927, "Actual Min Total Time": 53.254, "Actual Max Total Time": 53.254, "Recheck Cond": "(person_id = an.person_id)", "Rows Removed by Index Recheck": 0, "Filter": "((note)::text = ANY ('{(voice),\"(voice: Japanese version)\",\"(voice) (uncredited)\",\"(voice: English version)\"}'::text[]))", "Rows Removed by Filter": 69057, "Exact Heap Blocks": 2627, "Lossy Heap Blocks": 2627, "Plans": [{"Node Type": "Bitmap Index Scan", "Parent Relationship": "Outer", "Index Name": "person_id_cast_info", "Startup Cost": 0.0, "Total Cost": 1.0, "Plan Rows": 18, "Plan Width": 0, "Actual Min Startup Time": 16.629, "Actual Max Startup Time": 16.629, "Actual Min Total Time": 16.629, "Actual Max Total Time": 16.629, "Index Cond": "(person_id = an.person_id)", "Actual Rows": 69482}], "Actual Rows": 425}], "Actual Rows": 425}], "Actual Rows": 426}], "Actual Rows": 425}, {"Node Type": "Bitmap Heap Scan", "Parent Relationship": "Inner", "Relation Name": "movie_companies", "Alias": "mc", "Startup Cost": 0.31, "Total Cost": 4.35, "Plan Rows": 1, "Plan Width": 8, "Actual Min Startup Time": 3.944, "Actual Max Startup Time": 3.944, "Actual Min Total Time": 4.916, "Actual Max Total Time": 4.916, "Recheck Cond": "(movie_id = ci.movie_id)", "Rows Removed by Index Recheck": 0, "Filter": "((note IS NOT NULL) AND (((note)::text ~~ '%(USA)%'::text) OR ((note)::text ~~ '%(worldwide)%'::text)))", "Rows Removed by Filter": 1538, "Exact Heap Blocks": 580, "Lossy Heap Blocks": 580, "Plans": [{"Node Type": "Bitmap Index Scan", "Parent Relationship": "Outer", "Index Name": "movie_id_movie_companies", "Startup Cost": 0.0, "Total Cost": 0.31, "Plan Rows": 2, "Plan Width": 0, "Actual Min Startup Time": 2.12, "Actual Max Startup Time": 2.12, "Actual Min Total Time": 2.12, "Actual Max Total Time": 2.12, "Index Cond": "(movie_id = ci.movie_id)", "Actual Rows": 1911}], "Actual Rows": 373}], "Actual Rows": 373}, {"Node Type": "Bitmap Heap Scan", "Parent Relationship": "Inner", "Relation Name": "company_name", "Alias": "cn", "Startup Cost": 0.26, "Total Cost": 4.28, "Plan Rows": 1, "Plan Width": 4, "Actual Min Startup Time": 2.026, "Actual Max Startup Time": 2.026, "Actual Min Total Time": 2.026, "Actual Max Total Time": 2.026, "Recheck Cond": "(id = mc.company_id)", "Rows Removed by Index Recheck": 0, "Filter": "((country_code)::text = '[us]'::text)", "Rows Removed by Filter": 14, "Exact Heap Blocks": 373, "Lossy Heap Blocks": 373, "Plans": [{"Node Type": "Bitmap Index Scan", "Parent Relationship": "Outer", "Index Name": "company_name_pkey", "Startup Cost": 0.0, "Total Cost": 0.26, "Plan Rows": 1, "Plan Width": 0, "Actual Min Startup Time": 1.133, "Actual Max Startup Time": 1.133, "Actual Min Total Time": 1.133, "Actual Max Total Time": 1.133, "Index Cond": "(id = mc.company_id)", "Actual Rows": 373}], "Actual Rows": 359}], "Actual Rows": 359}, {"Node Type": "Bitmap Heap Scan", "Parent Relationship": "Inner", "Relation Name": "char_name", "Alias": "chn", "Startup Cost": 0.31, "Total Cost": 4.33, "Plan Rows": 1, "Plan Width": 20, "Actual Min Startup Time": 1.596, "Actual Max Startup Time": 1.596, "Actual Min Total Time": 1.596, "Actual Max Total Time": 1.596, "Recheck Cond": "(id = ci.person_role_id)", "Rows Removed by Index Recheck": 0, "Exact Heap Blocks": 341, "Lossy Heap Blocks": 341, "Plans": [{"Node Type": "Bitmap Index Scan", "Parent Relationship": "Outer", "Index Name": "char_name_pkey", "Startup Cost": 0.0, "Total Cost": 0.31, "Plan Rows": 1, "Plan Width": 0, "Actual Min Startup Time": 1.015, "Actual Max Startup Time": 1.015, "Actual Min Total Time": 1.015, "Actual Max Total Time": 1.015, "Index Cond": "(id = ci.person_role_id)", "Actual Rows": 341}], "Actual Rows": 341}], "Actual Rows": 341}, {"Node Type": "Bitmap Heap Scan", "Parent Relationship": "Inner", "Relation Name": "title", "Alias": "t", "Startup Cost": 0.3, "Total Cost": 4.32, "Plan Rows": 1, "Plan Width": 21, "Actual Min Startup Time": 2.103, "Actual Max Startup Time": 2.103, "Actual Min Total Time": 2.103, "Actual Max Total Time": 2.103, "Recheck Cond": "(id = ci.movie_id)", "Rows Removed by Index Recheck": 0, "Filter": "((production_year >= 2005) AND (production_year <= 2015))", "Rows Removed by Filter": 220, "Exact Heap Blocks": 341, "Lossy Heap Blocks": 341, "Plans": [{"Node Type": "Bitmap Index Scan", "Parent Relationship": "Outer", "Index Name": "title_pkey", "Startup Cost": 0.0, "Total Cost": 0.3, "Plan Rows": 1, "Plan Width": 0, "Actual Min Startup Time": 1.233, "Actual Max Startup Time": 1.233, "Actual Min Total Time": 1.233, "Actual Max Total Time": 1.233, "Index Cond": "(id = ci.movie_id)", "Actual Rows": 341}], "Actual Rows": 121}], "Actual Rows": 121}], "Actual Rows": 1}, "Triggers": [], "Planner Runtime": 60, "Total Runtime": 233.234, "Unique SQL Id": 3431223514}}, "(16, 55)": {"explain_plan": {"Plan": {"Node Type": "Aggregate", "Strategy": "Plain", "Startup Cost": 199166.12, "Total Cost": 199166.13, "Plan Rows": 1, "Plan Width": 145, "Plans": [{"Node Type": "Nested Loop", "Parent Relationship": "Outer", "Join Type": "Inner", "Startup Cost": 83164.39, "Total Cost": 199166.11, "Plan Rows": 1, "Plan Width": 49, "Inner Unique": true, "Plans": [{"Node Type": "Nested Loop", "Parent Relationship": "Outer", "Join Type": "Inner", "Startup Cost": 83164.09, "Total Cost": 199161.78, "Plan Rows": 1, "Plan Width": 40, "Inner Unique": true, "Plans": [{"Node Type": "Nested Loop", "Parent Relationship": "Outer", "Join Type": "Inner", "Startup Cost": 83163.78, "Total Cost": 199153.11, "Plan Rows": 2, "Plan Width": 28, "Inner Unique": true, "Plans": [{"Node Type": "Nested Loop", "Parent Relationship": "Outer", "Join Type": "Inner", "Startup Cost": 83163.51, "Total Cost": 199131.67, "Plan Rows": 5, "Plan Width": 32, "Inner Unique": false, "Plans": [{"Node Type": "Nested Loop", "Parent Relationship": "Outer", "Join Type": "Inner", "Startup Cost": 83163.2, "Total Cost": 199075.04, "Plan Rows": 13, "Plan Width": 24, "Inner Unique": true, "Plans": [{"Node Type": "Nested Loop", "Parent Relationship": "Outer", "Join Type": "Inner", "Startup Cost": 83162.94, "Total Cost": 198471.17, "Plan Rows": 141, "Plan Width": 28, "Inner Unique": false, "Join Filter": "(n.id = ci.person_id)", "Plans": [{"Node Type": "Nested Loop", "Parent Relationship": "Outer", "Join Type": "Inner", "Startup Cost": 83161.94, "Total Cost": 197857.98, "Plan Rows": 115, "Plan Width": 24, "Inner Unique": false, "Plans": [{"Node Type": "Bitmap Heap Scan", "Parent Relationship": "Outer", "Relation Name": "name", "Alias": "n", "Startup Cost": 83157.72, "Total Cost": 197067.07, "Plan Rows": 96, "Plan Width": 4, "Filter": "(((name)::text ~~ '%Ang%'::text) AND ((gender)::text = 'f'::text))", "Plans": [{"Node Type": "Bitmap Index Scan", "Parent Relationship": "Outer", "Index Name": "name_pkey", "Startup Cost": 0.0, "Total Cost": 83157.7, "Plan Rows": 4167490, "Plan Width": 0}]}, {"Node Type": "Bitmap Heap Scan", "Parent Relationship": "Inner", "Relation Name": "aka_name", "Alias": "an", "Startup Cost": 4.22, "Total Cost": 8.23, "Plan Rows": 1, "Plan Width": 20, "Recheck Cond": "(person_id = n.id)", "Plans": [{"Node Type": "Bitmap Index Scan", "Parent Relationship": "Outer", "Index Name": "person_id_aka_name", "Startup Cost": 0.0, "Total Cost": 4.22, "Plan Rows": 1, "Plan Width": 0, "Index Cond": "(person_id = n.id)"}]}]}, {"Node Type": "Bitmap Heap Scan", "Parent Relationship": "Inner", "Relation Name": "cast_info", "Alias": "ci", "Startup Cost": 1.0, "Total Cost": 5.32, "Plan Rows": 1, "Plan Width": 16, "Recheck Cond": "(person_id = an.person_id)", "Filter": "((note)::text = ANY ('{(voice),\"(voice: Japanese version)\",\"(voice) (uncredited)\",\"(voice: English version)\"}'::text[]))", "Plans": [{"Node Type": "Bitmap Index Scan", "Parent Relationship": "Outer", "Index Name": "person_id_cast_info", "Startup Cost": 0.0, "Total Cost": 1.0, "Plan Rows": 18, "Plan Width": 0, "Index Cond": "(person_id = an.person_id)"}]}]}, {"Node Type": "Bitmap Heap Scan", "Parent Relationship": "Inner", "Relation Name": "role_type", "Alias": "rt", "Startup Cost": 0.26, "Total Cost": 4.27, "Plan Rows": 1, "Plan Width": 4, "Recheck Cond": "(id = ci.role_id)", "Filter": "((role)::text = 'actress'::text)", "Plans": [{"Node Type": "Bitmap Index Scan", "Parent Relationship": "Outer", "Index Name": "role_type_pkey", "Startup Cost": 0.0, "Total Cost": 0.26, "Plan Rows": 1, "Plan Width": 0, "Index Cond": "(id = ci.role_id)"}]}]}, {"Node Type": "Bitmap Heap Scan", "Parent Relationship": "Inner", "Relation Name": "movie_companies", "Alias": "mc", "Startup Cost": 0.31, "Total Cost": 4.35, "Plan Rows": 1, "Plan Width": 8, "Recheck Cond": "(movie_id = ci.movie_id)", "Filter": "((note IS NOT NULL) AND (((note)::text ~~ '%(USA)%'::text) OR ((note)::text ~~ '%(worldwide)%'::text)))", "Plans": [{"Node Type": "Bitmap Index Scan", "Parent Relationship": "Outer", "Index Name": "movie_id_movie_companies", "Startup Cost": 0.0, "Total Cost": 0.31, "Plan Rows": 2, "Plan Width": 0, "Index Cond": "(movie_id = ci.movie_id)"}]}]}, {"Node Type": "Bitmap Heap Scan", "Parent Relationship": "Inner", "Relation Name": "company_name", "Alias": "cn", "Startup Cost": 0.26, "Total Cost": 4.28, "Plan Rows": 1, "Plan Width": 4, "Recheck Cond": "(id = mc.company_id)", "Filter": "((country_code)::text = '[us]'::text)", "Plans": [{"Node Type": "Bitmap Index Scan", "Parent Relationship": "Outer", "Index Name": "company_name_pkey", "Startup Cost": 0.0, "Total Cost": 0.26, "Plan Rows": 1, "Plan Width": 0, "Index Cond": "(id = mc.company_id)"}]}]}, {"Node Type": "Bitmap Heap Scan", "Parent Relationship": "Inner", "Relation Name": "char_name", "Alias": "chn", "Startup Cost": 0.31, "Total Cost": 4.33, "Plan Rows": 1, "Plan Width": 20, "Recheck Cond": "(id = ci.person_role_id)", "Plans": [{"Node Type": "Bitmap Index Scan", "Parent Relationship": "Outer", "Index Name": "char_name_pkey", "Startup Cost": 0.0, "Total Cost": 0.31, "Plan Rows": 1, "Plan Width": 0, "Index Cond": "(id = ci.person_role_id)"}]}]}, {"Node Type": "Bitmap Heap Scan", "Parent Relationship": "Inner", "Relation Name": "title", "Alias": "t", "Startup Cost": 0.3, "Total Cost": 4.32, "Plan Rows": 1, "Plan Width": 21, "Recheck Cond": "(id = ci.movie_id)", "Filter": "((production_year >= 2005) AND (production_year <= 2015))", "Plans": [{"Node Type": "Bitmap Index Scan", "Parent Relationship": "Outer", "Index Name": "title_pkey", "Startup Cost": 0.0, "Total Cost": 0.3, "Plan Rows": 1, "Plan Width": 0, "Index Cond": "(id = ci.movie_id)"}]}]}]}, "Unique SQL Id": 3431223514, "Planner Runtime": 17}, "explain_analyze_plan": null}, "(16, 56)": {"explain_plan": {"Plan": {"Node Type": "Aggregate", "Strategy": "Plain", "Startup Cost": 23199.25, "Total Cost": 23199.26, "Plan Rows": 1, "Plan Width": 145, "Plans": [{"Node Type": "Nested Loop", "Parent Relationship": "Outer", "Join Type": "Inner", "Startup Cost": 0.0, "Total Cost": 23199.25, "Plan Rows": 1, "Plan Width": 49, "Inner Unique": true, "Plans": [{"Node Type": "Nested Loop", "Parent Relationship": "Outer", "Join Type": "Inner", "Startup Cost": 0.0, "Total Cost": 23198.75, "Plan Rows": 1, "Plan Width": 40, "Inner Unique": true, "Plans": [{"Node Type": "Nested Loop", "Parent Relationship": "Outer", "Join Type": "Inner", "Startup Cost": 0.0, "Total Cost": 23197.73, "Plan Rows": 2, "Plan Width": 28, "Inner Unique": true, "Plans": [{"Node Type": "Nested Loop", "Parent Relationship": "Outer", "Join Type": "Inner", "Startup Cost": 0.0, "Total Cost": 23196.09, "Plan Rows": 5, "Plan Width": 32, "Inner Unique": false, "Plans": [{"Node Type": "Nested Loop", "Parent Relationship": "Outer", "Join Type": "Inner", "Startup Cost": 0.0, "Total Cost": 23190.48, "Plan Rows": 13, "Plan Width": 24, "Inner Unique": false, "Join Filter": "(ci.role_id = rt.id)", "Plans": [{"Node Type": "Seq Scan", "Parent Relationship": "Outer", "Relation Name": "role_type", "Alias": "rt", "Startup Cost": 0.0, "Total Cost": 1.15, "Plan Rows": 1, "Plan Width": 4, "Filter": "((role)::text = 'actress'::text)"}, {"Node Type": "Materialize", "Parent Relationship": "Inner", "Startup Cost": 0.0, "Total Cost": 23187.92, "Plan Rows": 141, "Plan Width": 28, "Plans": [{"Node Type": "Nested Loop", "Parent Relationship": "Outer", "Join Type": "Inner", "Startup Cost": 0.0, "Total Cost": 23187.57, "Plan Rows": 141, "Plan Width": 28, "Inner Unique": false, "Join Filter": "(n.id = ci.person_id)", "Plans": [{"Node Type": "Nested Loop", "Parent Relationship": "Outer", "Join Type": "Inner", "Startup Cost": 0.0, "Total Cost": 22912.29, "Plan Rows": 115, "Plan Width": 24, "Inner Unique": false, "Plans": [{"Node Type": "Streaming(type: LOCAL GATHER dop: 1/16)", "Parent Relationship": "Outer", "Startup Cost": 0.0, "Total Cost": 22121.41, "Plan Rows": 96, "Plan Width": 4, "Plans": [{"Node Type": "Seq Scan", "Parent Relationship": "Outer", "Relation Name": "name", "Alias": "n", "Startup Cost": 0.0, "Total Cost": 22119.33, "Plan Rows": 96, "Plan Width": 4, "Filter": "(((name)::text ~~ '%Ang%'::text) AND ((gender)::text = 'f'::text))"}]}, {"Node Type": "Index Scan", "Parent Relationship": "Inner", "Scan Direction": "Forward", "Index Name": "person_id_aka_name", "Relation Name": "aka_name", "Alias": "an", "Startup Cost": 0.0, "Total Cost": 8.23, "Plan Rows": 1, "Plan Width": 20, "Index Cond": "(person_id = n.id)"}]}, {"Node Type": "Index Scan", "Parent Relationship": "Inner", "Scan Direction": "Forward", "Index Name": "person_id_cast_info", "Relation Name": "cast_info", "Alias": "ci", "Startup Cost": 0.0, "Total Cost": 2.38, "Plan Rows": 1, "Plan Width": 16, "Index Cond": "(person_id = an.person_id)", "Filter": "((note)::text = ANY ('{(voice),\"(voice: Japanese version)\",\"(voice) (uncredited)\",\"(voice: English version)\"}'::text[]))"}]}]}]}, {"Node Type": "Index Scan", "Parent Relationship": "Inner", "Scan Direction": "Forward", "Index Name": "movie_id_movie_companies", "Relation Name": "movie_companies", "Alias": "mc", "Startup Cost": 0.0, "Total Cost": 0.42, "Plan Rows": 1, "Plan Width": 8, "Index Cond": "(movie_id = ci.movie_id)", "Filter": "((note IS NOT NULL) AND (((note)::text ~~ '%(USA)%'::text) OR ((note)::text ~~ '%(worldwide)%'::text)))"}]}, {"Node Type": "Index Scan", "Parent Relationship": "Inner", "Scan Direction": "Forward", "Index Name": "company_name_pkey", "Relation Name": "company_name", "Alias": "cn", "Startup Cost": 0.0, "Total Cost": 0.32, "Plan Rows": 1, "Plan Width": 4, "Index Cond": "(id = mc.company_id)", "Filter": "((country_code)::text = '[us]'::text)"}]}, {"Node Type": "Index Scan", "Parent Relationship": "Inner", "Scan Direction": "Forward", "Index Name": "char_name_pkey", "Relation Name": "char_name", "Alias": "chn", "Startup Cost": 0.0, "Total Cost": 0.5, "Plan Rows": 1, "Plan Width": 20, "Index Cond": "(id = ci.person_role_id)"}]}, {"Node Type": "Index Scan", "Parent Relationship": "Inner", "Scan Direction": "Forward", "Index Name": "title_pkey", "Relation Name": "title", "Alias": "t", "Startup Cost": 0.0, "Total Cost": 0.49, "Plan Rows": 1, "Plan Width": 21, "Index Cond": "(id = ci.movie_id)", "Filter": "((production_year >= 2005) AND (production_year <= 2015))"}]}]}, "Unique SQL Id": 3431223514, "Planner Runtime": 17}, "explain_analyze_plan": {"Plan": {"Node Type": "Aggregate", "Strategy": "Plain", "Startup Cost": 23199.25, "Total Cost": 23199.26, "Plan Rows": 1, "Plan Width": 145, "Actual Min Startup Time": 217.809, "Actual Max Startup Time": 217.809, "Actual Min Total Time": 217.809, "Actual Max Total Time": 217.809, "Plans": [{"Node Type": "Nested Loop", "Parent Relationship": "Outer", "Join Type": "Inner", "Startup Cost": 0.0, "Total Cost": 23199.25, "Plan Rows": 1, "Plan Width": 49, "Actual Min Startup Time": 208.266, "Actual Max Startup Time": 208.266, "Actual Min Total Time": 217.659, "Actual Max Total Time": 217.659, "Inner Unique": true, "Plans": [{"Node Type": "Nested Loop", "Parent Relationship": "Outer", "Join Type": "Inner", "Startup Cost": 0.0, "Total Cost": 23198.75, "Plan Rows": 1, "Plan Width": 40, "Actual Min Startup Time": 207.759, "Actual Max Startup Time": 207.759, "Actual Min Total Time": 215.669, "Actual Max Total Time": 215.669, "Inner Unique": true, "Plans": [{"Node Type": "Nested Loop", "Parent Relationship": "Outer", "Join Type": "Inner", "Startup Cost": 0.0, "Total Cost": 23197.73, "Plan Rows": 2, "Plan Width": 28, "Actual Min Startup Time": 207.738, "Actual Max Startup Time": 207.738, "Actual Min Total Time": 214.139, "Actual Max Total Time": 214.139, "Inner Unique": true, "Plans": [{"Node Type": "Nested Loop", "Parent Relationship": "Outer", "Join Type": "Inner", "Startup Cost": 0.0, "Total Cost": 23196.09, "Plan Rows": 5, "Plan Width": 32, "Actual Min Startup Time": 207.712, "Actual Max Startup Time": 207.712, "Actual Min Total Time": 212.282, "Actual Max Total Time": 212.282, "Inner Unique": false, "Plans": [{"Node Type": "Nested Loop", "Parent Relationship": "Outer", "Join Type": "Inner", "Startup Cost": 0.0, "Total Cost": 23190.48, "Plan Rows": 13, "Plan Width": 24, "Actual Min Startup Time": 207.655, "Actual Max Startup Time": 207.655, "Actual Min Total Time": 207.944, "Actual Max Total Time": 207.944, "Inner Unique": false, "Join Filter": "(ci.role_id = rt.id)", "Rows Removed by Join Filter": 0, "Plans": [{"Node Type": "Seq Scan", "Parent Relationship": "Outer", "Relation Name": "role_type", "Alias": "rt", "Startup Cost": 0.0, "Total Cost": 1.15, "Plan Rows": 1, "Plan Width": 4, "Actual Min Startup Time": 0.037, "Actual Max Startup Time": 0.037, "Actual Min Total Time": 0.042, "Actual Max Total Time": 0.042, "Filter": "((role)::text = 'actress'::text)", "Rows Removed by Filter": 11, "Actual Rows": 1}, {"Node Type": "Materialize", "Parent Relationship": "Inner", "Startup Cost": 0.0, "Total Cost": 23187.92, "Plan Rows": 141, "Plan Width": 28, "Actual Min Startup Time": 207.601, "Actual Max Startup Time": 207.601, "Actual Min Total Time": 207.663, "Actual Max Total Time": 207.663, "Plans": [{"Node Type": "Nested Loop", "Parent Relationship": "Outer", "Join Type": "Inner", "Startup Cost": 0.0, "Total Cost": 23187.57, "Plan Rows": 141, "Plan Width": 28, "Actual Min Startup Time": 79.388, "Actual Max Startup Time": 79.388, "Actual Min Total Time": 207.403, "Actual Max Total Time": 207.403, "Inner Unique": false, "Join Filter": "(n.id = ci.person_id)", "Rows Removed by Join Filter": 0, "Plans": [{"Node Type": "Nested Loop", "Parent Relationship": "Outer", "Join Type": "Inner", "Startup Cost": 0.0, "Total Cost": 22912.29, "Plan Rows": 115, "Plan Width": 24, "Actual Min Startup Time": 78.004, "Actual Max Startup Time": 78.004, "Actual Min Total Time": 152.752, "Actual Max Total Time": 152.752, "Inner Unique": false, "Plans": [{"Node Type": "Streaming(type: LOCAL GATHER dop: 1/16)", "Parent Relationship": "Outer", "Startup Cost": 0.0, "Total Cost": 22121.41, "Plan Rows": 96, "Plan Width": 4, "Actual Min Startup Time": 77.938, "Actual Max Startup Time": 77.938, "Actual Min Total Time": 130.682, "Actual Max Total Time": 130.682, "Plans": [{"Node Type": "Seq Scan", "Parent Relationship": "Outer", "Relation Name": "name", "Alias": "n", "Startup Cost": 0.0, "Total Cost": 22119.33, "Plan Rows": 96, "Plan Width": 4, "Actual Min Startup Time": 42.659, "Actual Max Startup Time": 47.494, "Actual Min Total Time": 106.008, "Actual Max Total Time": 112.366, "Filter": "(((name)::text ~~ '%Ang%'::text) AND ((gender)::text = 'f'::text))", "Rows Removed by Filter": 4160722, "Actual Rows": 6768}], "Actual Rows": 6768}, {"Node Type": "Index Scan", "Parent Relationship": "Inner", "Scan Direction": "Forward", "Index Name": "person_id_aka_name", "Relation Name": "aka_name", "Alias": "an", "Startup Cost": 0.0, "Total Cost": 8.23, "Plan Rows": 1, "Plan Width": 20, "Actual Min Startup Time": 17.561, "Actual Max Startup Time": 17.561, "Actual Min Total Time": 18.45, "Actual Max Total Time": 18.45, "Index Cond": "(person_id = n.id)", "Rows Removed by Index Recheck": 0, "Actual Rows": 1558}], "Actual Rows": 1558}, {"Node Type": "Index Scan", "Parent Relationship": "Inner", "Scan Direction": "Forward", "Index Name": "person_id_cast_info", "Relation Name": "cast_info", "Alias": "ci", "Startup Cost": 0.0, "Total Cost": 2.38, "Plan Rows": 1, "Plan Width": 16, "Actual Min Startup Time": 48.536, "Actual Max Startup Time": 48.536, "Actual Min Total Time": 53.613, "Actual Max Total Time": 53.613, "Index Cond": "(person_id = an.person_id)", "Rows Removed by Index Recheck": 0, "Filter": "((note)::text = ANY ('{(voice),\"(voice: Japanese version)\",\"(voice) (uncredited)\",\"(voice: English version)\"}'::text[]))", "Rows Removed by Filter": 69057, "Actual Rows": 425}], "Actual Rows": 425}], "Actual Rows": 426}], "Actual Rows": 425}, {"Node Type": "Index Scan", "Parent Relationship": "Inner", "Scan Direction": "Forward", "Index Name": "movie_id_movie_companies", "Relation Name": "movie_companies", "Alias": "mc", "Startup Cost": 0.0, "Total Cost": 0.42, "Plan Rows": 1, "Plan Width": 8, "Actual Min Startup Time": 2.852, "Actual Max Startup Time": 2.852, "Actual Min Total Time": 4.027, "Actual Max Total Time": 4.027, "Index Cond": "(movie_id = ci.movie_id)", "Rows Removed by Index Recheck": 0, "Filter": "((note IS NOT NULL) AND (((note)::text ~~ '%(USA)%'::text) OR ((note)::text ~~ '%(worldwide)%'::text)))", "Rows Removed by Filter": 1538, "Actual Rows": 373}], "Actual Rows": 373}, {"Node Type": "Index Scan", "Parent Relationship": "Inner", "Scan Direction": "Forward", "Index Name": "company_name_pkey", "Relation Name": "company_name", "Alias": "cn", "Startup Cost": 0.0, "Total Cost": 0.32, "Plan Rows": 1, "Plan Width": 4, "Actual Min Startup Time": 1.542, "Actual Max Startup Time": 1.542, "Actual Min Total Time": 1.542, "Actual Max Total Time": 1.542, "Index Cond": "(id = mc.company_id)", "Rows Removed by Index Recheck": 0, "Filter": "((country_code)::text = '[us]'::text)", "Rows Removed by Filter": 14, "Actual Rows": 359}], "Actual Rows": 359}, {"Node Type": "Index Scan", "Parent Relationship": "Inner", "Scan Direction": "Forward", "Index Name": "char_name_pkey", "Relation Name": "char_name", "Alias": "chn", "Startup Cost": 0.0, "Total Cost": 0.5, "Plan Rows": 1, "Plan Width": 20, "Actual Min Startup Time": 1.21, "Actual Max Startup Time": 1.21, "Actual Min Total Time": 1.21, "Actual Max Total Time": 1.21, "Index Cond": "(id = ci.person_role_id)", "Rows Removed by Index Recheck": 0, "Actual Rows": 341}], "Actual Rows": 341}, {"Node Type": "Index Scan", "Parent Relationship": "Inner", "Scan Direction": "Forward", "Index Name": "title_pkey", "Relation Name": "title", "Alias": "t", "Startup Cost": 0.0, "Total Cost": 0.49, "Plan Rows": 1, "Plan Width": 21, "Actual Min Startup Time": 1.749, "Actual Max Startup Time": 1.749, "Actual Min Total Time": 1.749, "Actual Max Total Time": 1.749, "Index Cond": "(id = ci.movie_id)", "Rows Removed by Index Recheck": 0, "Filter": "((production_year >= 2005) AND (production_year <= 2015))", "Rows Removed by Filter": 220, "Actual Rows": 121}], "Actual Rows": 121}], "Actual Rows": 1}, "Triggers": [], "Planner Runtime": 18, "Total Runtime": 220.755, "Unique SQL Id": 3431223514}}, "(16, 57)": {"explain_plan": {"Plan": {"Node Type": "Aggregate", "Strategy": "Plain", "Startup Cost": 154556.1, "Total Cost": 154556.11, "Plan Rows": 1, "Plan Width": 145, "Plans": [{"Node Type": "Nested Loop", "Parent Relationship": "Outer", "Join Type": "Inner", "Startup Cost": 0.0, "Total Cost": 154556.09, "Plan Rows": 1, "Plan Width": 49, "Inner Unique": true, "Plans": [{"Node Type": "Nested Loop", "Parent Relationship": "Outer", "Join Type": "Inner", "Startup Cost": 0.0, "Total Cost": 154555.59, "Plan Rows": 1, "Plan Width": 40, "Inner Unique": true, "Plans": [{"Node Type": "Nested Loop", "Parent Relationship": "Outer", "Join Type": "Inner", "Startup Cost": 0.0, "Total Cost": 154554.58, "Plan Rows": 2, "Plan Width": 28, "Inner Unique": true, "Plans": [{"Node Type": "Nested Loop", "Parent Relationship": "Outer", "Join Type": "Inner", "Startup Cost": 0.0, "Total Cost": 154552.94, "Plan Rows": 5, "Plan Width": 32, "Inner Unique": false, "Plans": [{"Node Type": "Nested Loop", "Parent Relationship": "Outer", "Join Type": "Inner", "Startup Cost": 0.0, "Total Cost": 154547.33, "Plan Rows": 13, "Plan Width": 24, "Inner Unique": false, "Join Filter": "(ci.role_id = rt.id)", "Plans": [{"Node Type": "Index Scan", "Parent Relationship": "Outer", "Scan Direction": "Forward", "Index Name": "role_type_pkey", "Relation Name": "role_type", "Alias": "rt", "Startup Cost": 0.0, "Total Cost": 12.46, "Plan Rows": 1, "Plan Width": 4, "Filter": "((role)::text = 'actress'::text)"}, {"Node Type": "Materialize", "Parent Relationship": "Inner", "Startup Cost": 0.0, "Total Cost": 154533.46, "Plan Rows": 141, "Plan Width": 28, "Plans": [{"Node Type": "Nested Loop", "Parent Relationship": "Outer", "Join Type": "Inner", "Startup Cost": 0.0, "Total Cost": 154533.1, "Plan Rows": 141, "Plan Width": 28, "Inner Unique": false, "Join Filter": "(n.id = ci.person_id)", "Plans": [{"Node Type": "Nested Loop", "Parent Relationship": "Outer", "Join Type": "Inner", "Startup Cost": 0.0, "Total Cost": 154257.82, "Plan Rows": 115, "Plan Width": 24, "Inner Unique": false, "Plans": [{"Node Type": "Streaming(type: LOCAL GATHER dop: 1/16)", "Parent Relationship": "Outer", "Startup Cost": 0.0, "Total Cost": 153466.94, "Plan Rows": 96, "Plan Width": 4, "Plans": [{"Node Type": "Index Scan", "Parent Relationship": "Outer", "Scan Direction": "Forward", "Index Name": "name_pkey", "Relation Name": "name", "Alias": "n", "Startup Cost": 0.0, "Total Cost": 153464.87, "Plan Rows": 96, "Plan Width": 4, "Filter": "(((name)::text ~~ '%Ang%'::text) AND ((gender)::text = 'f'::text))"}]}, {"Node Type": "Index Scan", "Parent Relationship": "Inner", "Scan Direction": "Forward", "Index Name": "person_id_aka_name", "Relation Name": "aka_name", "Alias": "an", "Startup Cost": 0.0, "Total Cost": 8.23, "Plan Rows": 1, "Plan Width": 20, "Index Cond": "(person_id = n.id)"}]}, {"Node Type": "Index Scan", "Parent Relationship": "Inner", "Scan Direction": "Forward", "Index Name": "person_id_cast_info", "Relation Name": "cast_info", "Alias": "ci", "Startup Cost": 0.0, "Total Cost": 2.38, "Plan Rows": 1, "Plan Width": 16, "Index Cond": "(person_id = an.person_id)", "Filter": "((note)::text = ANY ('{(voice),\"(voice: Japanese version)\",\"(voice) (uncredited)\",\"(voice: English version)\"}'::text[]))"}]}]}]}, {"Node Type": "Index Scan", "Parent Relationship": "Inner", "Scan Direction": "Forward", "Index Name": "movie_id_movie_companies", "Relation Name": "movie_companies", "Alias": "mc", "Startup Cost": 0.0, "Total Cost": 0.42, "Plan Rows": 1, "Plan Width": 8, "Index Cond": "(movie_id = ci.movie_id)", "Filter": "((note IS NOT NULL) AND (((note)::text ~~ '%(USA)%'::text) OR ((note)::text ~~ '%(worldwide)%'::text)))"}]}, {"Node Type": "Index Scan", "Parent Relationship": "Inner", "Scan Direction": "Forward", "Index Name": "company_name_pkey", "Relation Name": "company_name", "Alias": "cn", "Startup Cost": 0.0, "Total Cost": 0.32, "Plan Rows": 1, "Plan Width": 4, "Index Cond": "(id = mc.company_id)", "Filter": "((country_code)::text = '[us]'::text)"}]}, {"Node Type": "Index Scan", "Parent Relationship": "Inner", "Scan Direction": "Forward", "Index Name": "char_name_pkey", "Relation Name": "char_name", "Alias": "chn", "Startup Cost": 0.0, "Total Cost": 0.5, "Plan Rows": 1, "Plan Width": 20, "Index Cond": "(id = ci.person_role_id)"}]}, {"Node Type": "Index Scan", "Parent Relationship": "Inner", "Scan Direction": "Forward", "Index Name": "title_pkey", "Relation Name": "title", "Alias": "t", "Startup Cost": 0.0, "Total Cost": 0.49, "Plan Rows": 1, "Plan Width": 21, "Index Cond": "(id = ci.movie_id)", "Filter": "((production_year >= 2005) AND (production_year <= 2015))"}]}]}, "Unique SQL Id": 3431223514, "Planner Runtime": 15}, "explain_analyze_plan": {"Plan": {"Node Type": "Aggregate", "Strategy": "Plain", "Startup Cost": 154556.1, "Total Cost": 154556.11, "Plan Rows": 1, "Plan Width": 145, "Actual Min Startup Time": 381.158, "Actual Max Startup Time": 381.158, "Actual Min Total Time": 381.159, "Actual Max Total Time": 381.159, "Plans": [{"Node Type": "Nested Loop", "Parent Relationship": "Outer", "Join Type": "Inner", "Startup Cost": 0.0, "Total Cost": 154556.09, "Plan Rows": 1, "Plan Width": 49, "Actual Min Startup Time": 371.852, "Actual Max Startup Time": 371.852, "Actual Min Total Time": 381.01, "Actual Max Total Time": 381.01, "Inner Unique": true, "Plans": [{"Node Type": "Nested Loop", "Parent Relationship": "Outer", "Join Type": "Inner", "Startup Cost": 0.0, "Total Cost": 154555.59, "Plan Rows": 1, "Plan Width": 40, "Actual Min Startup Time": 370.918, "Actual Max Startup Time": 370.918, "Actual Min Total Time": 379.017, "Actual Max Total Time": 379.017, "Inner Unique": true, "Plans": [{"Node Type": "Nested Loop", "Parent Relationship": "Outer", "Join Type": "Inner", "Startup Cost": 0.0, "Total Cost": 154554.58, "Plan Rows": 2, "Plan Width": 28, "Actual Min Startup Time": 370.897, "Actual Max Startup Time": 370.897, "Actual Min Total Time": 377.445, "Actual Max Total Time": 377.445, "Inner Unique": true, "Plans": [{"Node Type": "Nested Loop", "Parent Relationship": "Outer", "Join Type": "Inner", "Startup Cost": 0.0, "Total Cost": 154552.94, "Plan Rows": 5, "Plan Width": 32, "Actual Min Startup Time": 370.872, "Actual Max Startup Time": 370.872, "Actual Min Total Time": 375.543, "Actual Max Total Time": 375.543, "Inner Unique": false, "Plans": [{"Node Type": "Nested Loop", "Parent Relationship": "Outer", "Join Type": "Inner", "Startup Cost": 0.0, "Total Cost": 154547.33, "Plan Rows": 13, "Plan Width": 24, "Actual Min Startup Time": 370.838, "Actual Max Startup Time": 370.838, "Actual Min Total Time": 371.129, "Actual Max Total Time": 371.129, "Inner Unique": false, "Join Filter": "(ci.role_id = rt.id)", "Rows Removed by Join Filter": 0, "Plans": [{"Node Type": "Index Scan", "Parent Relationship": "Outer", "Scan Direction": "Forward", "Index Name": "role_type_pkey", "Relation Name": "role_type", "Alias": "rt", "Startup Cost": 0.0, "Total Cost": 12.46, "Plan Rows": 1, "Plan Width": 4, "Actual Min Startup Time": 0.027, "Actual Max Startup Time": 0.027, "Actual Min Total Time": 0.034, "Actual Max Total Time": 0.034, "Filter": "((role)::text = 'actress'::text)", "Rows Removed by Filter": 11, "Actual Rows": 1}, {"Node Type": "Materialize", "Parent Relationship": "Inner", "Startup Cost": 0.0, "Total Cost": 154533.46, "Plan Rows": 141, "Plan Width": 28, "Actual Min Startup Time": 370.792, "Actual Max Startup Time": 370.792, "Actual Min Total Time": 370.871, "Actual Max Total Time": 370.871, "Plans": [{"Node Type": "Nested Loop", "Parent Relationship": "Outer", "Join Type": "Inner", "Startup Cost": 0.0, "Total Cost": 154533.1, "Plan Rows": 141, "Plan Width": 28, "Actual Min Startup Time": 96.425, "Actual Max Startup Time": 96.425, "Actual Min Total Time": 370.541, "Actual Max Total Time": 370.541, "Inner Unique": false, "Join Filter": "(n.id = ci.person_id)", "Rows Removed by Join Filter": 0, "Plans": [{"Node Type": "Nested Loop", "Parent Relationship": "Outer", "Join Type": "Inner", "Startup Cost": 0.0, "Total Cost": 154257.82, "Plan Rows": 115, "Plan Width": 24, "Actual Min Startup Time": 95.83, "Actual Max Startup Time": 95.83, "Actual Min Total Time": 315.879, "Actual Max Total Time": 315.879, "Inner Unique": false, "Plans": [{"Node Type": "Streaming(type: LOCAL GATHER dop: 1/16)", "Parent Relationship": "Outer", "Startup Cost": 0.0, "Total Cost": 153466.94, "Plan Rows": 96, "Plan Width": 4, "Actual Min Startup Time": 95.756, "Actual Max Startup Time": 95.756, "Actual Min Total Time": 293.923, "Actual Max Total Time": 293.923, "Plans": [{"Node Type": "Index Scan", "Parent Relationship": "Outer", "Scan Direction": "Forward", "Index Name": "name_pkey", "Relation Name": "name", "Alias": "n", "Startup Cost": 0.0, "Total Cost": 153464.87, "Plan Rows": 96, "Plan Width": 4, "Actual Min Startup Time": 40.31, "Actual Max Startup Time": 338.836, "Actual Min Total Time": 295.678, "Actual Max Total Time": 338.836, "Filter": "(((name)::text ~~ '%Ang%'::text) AND ((gender)::text = 'f'::text))", "Rows Removed by Filter": 4160722, "Actual Rows": 6768}], "Actual Rows": 6768}, {"Node Type": "Index Scan", "Parent Relationship": "Inner", "Scan Direction": "Forward", "Index Name": "person_id_aka_name", "Relation Name": "aka_name", "Alias": "an", "Startup Cost": 0.0, "Total Cost": 8.23, "Plan Rows": 1, "Plan Width": 20, "Actual Min Startup Time": 17.357, "Actual Max Startup Time": 17.357, "Actual Min Total Time": 18.22, "Actual Max Total Time": 18.22, "Index Cond": "(person_id = n.id)", "Rows Removed by Index Recheck": 0, "Actual Rows": 1558}], "Actual Rows": 1558}, {"Node Type": "Index Scan", "Parent Relationship": "Inner", "Scan Direction": "Forward", "Index Name": "person_id_cast_info", "Relation Name": "cast_info", "Alias": "ci", "Startup Cost": 0.0, "Total Cost": 2.38, "Plan Rows": 1, "Plan Width": 16, "Actual Min Startup Time": 48.528, "Actual Max Startup Time": 48.528, "Actual Min Total Time": 53.577, "Actual Max Total Time": 53.577, "Index Cond": "(person_id = an.person_id)", "Rows Removed by Index Recheck": 0, "Filter": "((note)::text = ANY ('{(voice),\"(voice: Japanese version)\",\"(voice) (uncredited)\",\"(voice: English version)\"}'::text[]))", "Rows Removed by Filter": 69057, "Actual Rows": 425}], "Actual Rows": 425}], "Actual Rows": 426}], "Actual Rows": 425}, {"Node Type": "Index Scan", "Parent Relationship": "Inner", "Scan Direction": "Forward", "Index Name": "movie_id_movie_companies", "Relation Name": "movie_companies", "Alias": "mc", "Startup Cost": 0.0, "Total Cost": 0.42, "Plan Rows": 1, "Plan Width": 8, "Actual Min Startup Time": 2.907, "Actual Max Startup Time": 2.907, "Actual Min Total Time": 4.086, "Actual Max Total Time": 4.086, "Index Cond": "(movie_id = ci.movie_id)", "Rows Removed by Index Recheck": 0, "Filter": "((note IS NOT NULL) AND (((note)::text ~~ '%(USA)%'::text) OR ((note)::text ~~ '%(worldwide)%'::text)))", "Rows Removed by Filter": 1538, "Actual Rows": 373}], "Actual Rows": 373}, {"Node Type": "Index Scan", "Parent Relationship": "Inner", "Scan Direction": "Forward", "Index Name": "company_name_pkey", "Relation Name": "company_name", "Alias": "cn", "Startup Cost": 0.0, "Total Cost": 0.32, "Plan Rows": 1, "Plan Width": 4, "Actual Min Startup Time": 1.6, "Actual Max Startup Time": 1.6, "Actual Min Total Time": 1.6, "Actual Max Total Time": 1.6, "Index Cond": "(id = mc.company_id)", "Rows Removed by Index Recheck": 0, "Filter": "((country_code)::text = '[us]'::text)", "Rows Removed by Filter": 14, "Actual Rows": 359}], "Actual Rows": 359}, {"Node Type": "Index Scan", "Parent Relationship": "Inner", "Scan Direction": "Forward", "Index Name": "char_name_pkey", "Relation Name": "char_name", "Alias": "chn", "Startup Cost": 0.0, "Total Cost": 0.5, "Plan Rows": 1, "Plan Width": 20, "Actual Min Startup Time": 1.275, "Actual Max Startup Time": 1.275, "Actual Min Total Time": 1.275, "Actual Max Total Time": 1.275, "Index Cond": "(id = ci.person_role_id)", "Rows Removed by Index Recheck": 0, "Actual Rows": 341}], "Actual Rows": 341}, {"Node Type": "Index Scan", "Parent Relationship": "Inner", "Scan Direction": "Forward", "Index Name": "title_pkey", "Relation Name": "title", "Alias": "t", "Startup Cost": 0.0, "Total Cost": 0.49, "Plan Rows": 1, "Plan Width": 21, "Actual Min Startup Time": 1.749, "Actual Max Startup Time": 1.749, "Actual Min Total Time": 1.749, "Actual Max Total Time": 1.749, "Index Cond": "(id = ci.movie_id)", "Rows Removed by Index Recheck": 0, "Filter": "((production_year >= 2005) AND (production_year <= 2015))", "Rows Removed by Filter": 220, "Actual Rows": 121}], "Actual Rows": 121}], "Actual Rows": 1}, "Triggers": [], "Planner Runtime": 15, "Total Runtime": 384.132, "Unique SQL Id": 3431223514}}, "(16, 58)": {"explain_plan": {"Plan": {"Node Type": "Aggregate", "Strategy": "Plain", "Startup Cost": 278514.53, "Total Cost": 278514.57, "Plan Rows": 1, "Plan Width": 145, "Plans": [{"Node Type": "Streaming(type: LOCAL GATHER dop: 1/16)", "Parent Relationship": "Outer", "Startup Cost": 278514.53, "Total Cost": 278514.57, "Plan Rows": 1, "Plan Width": 145, "Plans": [{"Node Type": "Aggregate", "Strategy": "Plain", "Parent Relationship": "Outer", "Startup Cost": 278514.53, "Total Cost": 278514.54, "Plan Rows": 1, "Plan Width": 145, "Plans": [{"Node Type": "Nested Loop", "Parent Relationship": "Outer", "Join Type": "Inner", "Startup Cost": 86.43, "Total Cost": 278514.52, "Plan Rows": 1, "Plan Width": 49, "Inner Unique": true, "Join Filter": "(ci.movie_id = t.id)", "Plans": [{"Node Type": "Streaming(type: BROADCAST dop: 16/16)", "Parent Relationship": "Outer", "Startup Cost": 0.0, "Total Cost": 258103.53, "Plan Rows": 16, "Plan Width": 40, "Plans": [{"Node Type": "Nested Loop", "Parent Relationship": "Outer", "Join Type": "Inner", "Startup Cost": 0.0, "Total Cost": 243103.49, "Plan Rows": 1, "Plan Width": 40, "Inner Unique": false, "Join Filter": "(n.id = an.person_id)", "Plans": [{"Node Type": "Streaming(type: BROADCAST dop: 16/16)", "Parent Relationship": "Outer", "Startup Cost": 0.0, "Total Cost": 226155.04, "Plan Rows": 16, "Plan Width": 32, "Plans": [{"Node Type": "Nested Loop", "Parent Relationship": "Outer", "Join Type": "Inner", "Startup Cost": 0.0, "Total Cost": 211155.0, "Plan Rows": 1, "Plan Width": 32, "Inner Unique": false, "Join Filter": "(ci.person_role_id = chn.id)", "Plans": [{"Node Type": "Seq Scan", "Parent Relationship": "Outer", "Relation Name": "char_name", "Alias": "chn", "Startup Cost": 0.0, "Total Cost": 19218.34, "Plan Rows": 3140338, "Plan Width": 20}, {"Node Type": "Materialize", "Parent Relationship": "Inner", "Startup Cost": 0.0, "Total Cost": 186048.53, "Plan Rows": 32, "Plan Width": 20, "Plans": [{"Node Type": "Streaming(type: BROADCAST dop: 16/1)", "Parent Relationship": "Outer", "Startup Cost": 0.0, "Total Cost": 186048.52, "Plan Rows": 32, "Plan Width": 20, "Plans": [{"Node Type": "Nested Loop", "Parent Relationship": "Outer", "Join Type": "Inner", "Startup Cost": 0.0, "Total Cost": 171047.83, "Plan Rows": 2, "Plan Width": 20, "Inner Unique": false, "Join Filter": "(mc.company_id = cn.id)", "Plans": [{"Node Type": "Seq Scan", "Parent Relationship": "Outer", "Relation Name": "company_name", "Alias": "cn", "Startup Cost": 0.0, "Total Cost": 5903.45, "Plan Rows": 85170, "Plan Width": 4, "Filter": "((country_code)::text = '[us]'::text)"}, {"Node Type": "Materialize", "Parent Relationship": "Inner", "Startup Cost": 0.0, "Total Cost": 160034.19, "Plan Rows": 4, "Plan Width": 24, "Plans": [{"Node Type": "Streaming(type: LOCAL GATHER dop: 1/16)", "Parent Relationship": "Outer", "Startup Cost": 0.0, "Total Cost": 160034.17, "Plan Rows": 4, "Plan Width": 24, "Plans": [{"Node Type": "Nested Loop", "Parent Relationship": "Outer", "Join Type": "Inner", "Startup Cost": 0.0, "Total Cost": 160034.08, "Plan Rows": 4, "Plan Width": 24, "Inner Unique": false, "Join Filter": "(ci.movie_id = mc.movie_id)", "Plans": [{"Node Type": "Seq Scan", "Parent Relationship": "Outer", "Relation Name": "movie_companies", "Alias": "mc", "Startup Cost": 0.0, "Total Cost": 18428.93, "Plan Rows": 297072, "Plan Width": 8, "Filter": "((note IS NOT NULL) AND (((note)::text ~~ '%(USA)%'::text) OR ((note)::text ~~ '%(worldwide)%'::text))), (LLVM Optimized)"}, {"Node Type": "Materialize", "Parent Relationship": "Inner", "Startup Cost": 0.0, "Total Cost": 138541.62, "Plan Rows": 176, "Plan Width": 16, "Plans": [{"Node Type": "Streaming(type: BROADCAST dop: 16/16)", "Parent Relationship": "Outer", "Startup Cost": 0.0, "Total Cost": 138541.57, "Plan Rows": 176, "Plan Width": 16, "Plans": [{"Node Type": "Nested Loop", "Parent Relationship": "Outer", "Join Type": "Inner", "Startup Cost": 0.0, "Total Cost": 123541.12, "Plan Rows": 11, "Plan Width": 16, "Inner Unique": true, "Join Filter": "(ci.person_id = n.id)", "Plans": [{"Node Type": "Nested Loop", "Parent Relationship": "Outer", "Join Type": "Inner", "Startup Cost": 0.0, "Total Cost": 79600.87, "Plan Rows": 75742, "Plan Width": 12, "Inner Unique": false, "Join Filter": "(ci.role_id = rt.id)", "Plans": [{"Node Type": "Streaming(type: BROADCAST dop: 16/1)", "Parent Relationship": "Outer", "Startup Cost": 0.0, "Total Cost": 15001.5, "Plan Rows": 16, "Plan Width": 4, "Plans": [{"Node Type": "Seq Scan", "Parent Relationship": "Outer", "Relation Name": "role_type", "Alias": "rt", "Startup Cost": 0.0, "Total Cost": 1.15, "Plan Rows": 1, "Plan Width": 4, "Filter": "((role)::text = 'actress'::text)"}]}, {"Node Type": "Seq Scan", "Parent Relationship": "Inner", "Relation Name": "cast_info", "Alias": "ci", "Startup Cost": 0.0, "Total Cost": 63948.46, "Plan Rows": 833163, "Plan Width": 16, "Filter": "((note)::text = ANY ('{(voice),\"(voice: Japanese version)\",\"(voice) (uncredited)\",\"(voice: English version)\"}'::text[]))"}]}, {"Node Type": "Materialize", "Parent Relationship": "Inner", "Startup Cost": 0.0, "Total Cost": 37123.71, "Plan Rows": 1536, "Plan Width": 4, "Plans": [{"Node Type": "Streaming(type: BROADCAST dop: 16/16)", "Parent Relationship": "Outer", "Startup Cost": 0.0, "Total Cost": 37123.23, "Plan Rows": 1536, "Plan Width": 4, "Plans": [{"Node Type": "Seq Scan", "Parent Relationship": "Outer", "Relation Name": "name", "Alias": "n", "Startup Cost": 0.0, "Total Cost": 22119.33, "Plan Rows": 96, "Plan Width": 4, "Filter": "(((name)::text ~~ '%Ang%'::text) AND ((gender)::text = 'f'::text))"}]}]}]}]}]}]}]}]}]}]}]}]}]}, {"Node Type": "Seq Scan", "Parent Relationship": "Inner", "Relation Name": "aka_name", "Alias": "an", "Startup Cost": 0.0, "Total Cost": 16244.28, "Plan Rows": 901342, "Plan Width": 20}]}]}, {"Node Type": "Seq Scan", "Parent Relationship": "Inner", "Relation Name": "title", "Alias": "t", "Startup Cost": 86.43, "Total Cost": 19544.42, "Plan Rows": 1109224, "Plan Width": 21, "Filter": "((production_year >= 2005) AND (production_year <= 2015)), (LLVM Optimized)"}]}]}]}]}, "Unique SQL Id": 3431223514, "Planner Runtime": 38}, "explain_analyze_plan": null}, "(16, 59)": {"explain_plan": {"Plan": {"Node Type": "Aggregate", "Strategy": "Plain", "Startup Cost": 8000201060142.55, "Total Cost": 8000201060142.56, "Plan Rows": 1, "Plan Width": 145, "Plans": [{"Node Type": "Nested Loop", "Parent Relationship": "Outer", "Join Type": "Inner", "Startup Cost": 80000000000.0, "Total Cost": 8000201060142.54, "Plan Rows": 1, "Plan Width": 49, "Inner Unique": false, "Join Filter": "(n.id = an.person_id)", "Plans": [{"Node Type": "Nested Loop", "Parent Relationship": "Outer", "Join Type": "Inner", "Startup Cost": 70000000000.0, "Total Cost": 7000201060108.87, "Plan Rows": 1, "Plan Width": 41, "Inner Unique": true, "Plans": [{"Node Type": "Nested Loop", "Parent Relationship": "Outer", "Join Type": "Inner", "Startup Cost": 60000000000.0, "Total Cost": 6000201060060.22, "Plan Rows": 1, "Plan Width": 32, "Inner Unique": true, "Join Filter": "(ci.person_role_id = chn.id)", "Plans": [{"Node Type": "Nested Loop", "Parent Relationship": "Outer", "Join Type": "Inner", "Startup Cost": 50000000000.0, "Total Cost": 5000187970453.73, "Plan Rows": 2, "Plan Width": 20, "Inner Unique": true, "Join Filter": "(mc.company_id = cn.id)", "Plans": [{"Node Type": "Nested Loop", "Parent Relationship": "Outer", "Join Type": "Inner", "Startup Cost": 40000000000.0, "Total Cost": 4000186914991.63, "Plan Rows": 4, "Plan Width": 24, "Inner Unique": false, "Join Filter": "(ci.movie_id = mc.movie_id)", "Plans": [{"Node Type": "Nested Loop", "Parent Relationship": "Outer", "Join Type": "Inner", "Startup Cost": 30000000000.0, "Total Cost": 3000173193318.09, "Plan Rows": 11, "Plan Width": 16, "Inner Unique": true, "Join Filter": "(ci.role_id = rt.id)", "Plans": [{"Node Type": "Nested Loop", "Parent Relationship": "Outer", "Join Type": "Inner", "Startup Cost": 20000000000.0, "Total Cost": 2000173192070.33, "Plan Rows": 117, "Plan Width": 20, "Inner Unique": false, "Join Filter": "(ci.person_id = n.id)", "Plans": [{"Node Type": "Index Scan", "Parent Relationship": "Outer", "Scan Direction": "Forward", "Index Name": "name_pkey", "Relation Name": "name", "Alias": "n", "Startup Cost": 10000000000.0, "Total Cost": 1000019707019.7, "Plan Rows": 96, "Plan Width": 4, "Filter": "(((name)::text ~~ '%Ang%'::text) AND ((gender)::text = 'f'::text))"}, {"Node Type": "Materialize", "Parent Relationship": "Inner", "Startup Cost": 10000000000.0, "Total Cost": 1000152287378.81, "Plan Rows": 833163, "Plan Width": 16, "Plans": [{"Node Type": "Index Scan", "Parent Relationship": "Outer", "Scan Direction": "Forward", "Index Name": "role_id_cast_info", "Relation Name": "cast_info", "Alias": "ci", "Startup Cost": 10000000000.0, "Total Cost": 1000152283213.0, "Plan Rows": 833163, "Plan Width": 16, "Filter": "((note)::text = ANY ('{(voice),\"(voice: Japanese version)\",\"(voice) (uncredited)\",\"(voice: English version)\"}'::text[]))"}]}]}, {"Node Type": "Materialize", "Parent Relationship": "Inner", "Startup Cost": 10000000000.0, "Total Cost": 1000000001246.0, "Plan Rows": 1, "Plan Width": 4, "Plans": [{"Node Type": "Index Scan", "Parent Relationship": "Outer", "Scan Direction": "Forward", "Index Name": "role_type_pkey", "Relation Name": "role_type", "Alias": "rt", "Startup Cost": 10000000000.0, "Total Cost": 1000000001246.0, "Plan Rows": 1, "Plan Width": 4, "Filter": "((role)::text = 'actress'::text)"}]}]}, {"Node Type": "Materialize", "Parent Relationship": "Inner", "Startup Cost": 10000000000.0, "Total Cost": 1000013673399.34, "Plan Rows": 297072, "Plan Width": 8, "Plans": [{"Node Type": "Index Scan", "Parent Relationship": "Outer", "Scan Direction": "Forward", "Index Name": "company_id_movie_companies", "Relation Name": "movie_companies", "Alias": "mc", "Startup Cost": 10000000000.0, "Total Cost": 1000013671913.98, "Plan Rows": 297072, "Plan Width": 8, "Filter": "((note IS NOT NULL) AND (((note)::text ~~ '%(USA)%'::text) OR ((note)::text ~~ '%(worldwide)%'::text))), (LLVM Optimized)"}]}]}, {"Node Type": "Materialize", "Parent Relationship": "Inner", "Startup Cost": 10000000000.0, "Total Cost": 1000001050564.82, "Plan Rows": 85170, "Plan Width": 4, "Plans": [{"Node Type": "Index Scan", "Parent Relationship": "Outer", "Scan Direction": "Forward", "Index Name": "company_name_pkey", "Relation Name": "company_name", "Alias": "cn", "Startup Cost": 10000000000.0, "Total Cost": 1000001050138.97, "Plan Rows": 85170, "Plan Width": 4, "Filter": "((country_code)::text = '[us]'::text)"}]}]}, {"Node Type": "Materialize", "Parent Relationship": "Inner", "Startup Cost": 10000000000.0, "Total Cost": 1000013003247.2, "Plan Rows": 3140338, "Plan Width": 20, "Plans": [{"Node Type": "Index Scan", "Parent Relationship": "Outer", "Scan Direction": "Forward", "Index Name": "char_name_pkey", "Relation Name": "char_name", "Alias": "chn", "Startup Cost": 10000000000.0, "Total Cost": 1000012987545.51, "Plan Rows": 3140338, "Plan Width": 20}]}]}, {"Node Type": "Index Scan", "Parent Relationship": "Inner", "Scan Direction": "Forward", "Index Name": "title_pkey", "Relation Name": "title", "Alias": "t", "Startup Cost": 10000000000.0, "Total Cost": 1000000000048.64, "Plan Rows": 1, "Plan Width": 21, "Index Cond": "(id = ci.movie_id)", "Filter": "((production_year >= 2005) AND (production_year <= 2015))"}]}, {"Node Type": "Index Scan", "Parent Relationship": "Inner", "Scan Direction": "Forward", "Index Name": "person_id_aka_name", "Relation Name": "aka_name", "Alias": "an", "Startup Cost": 10000000000.0, "Total Cost": 1000000000033.66, "Plan Rows": 1, "Plan Width": 20, "Index Cond": "(person_id = ci.person_id)"}]}]}, "Unique SQL Id": 3431223514, "Planner Runtime": 13}, "explain_analyze_plan": null}, "(16, 60)": {"explain_plan": {"Plan": {"Node Type": "Aggregate", "Strategy": "Plain", "Startup Cost": 23199.25, "Total Cost": 23199.26, "Plan Rows": 1, "Plan Width": 145, "Plans": [{"Node Type": "Nested Loop", "Parent Relationship": "Outer", "Join Type": "Inner", "Startup Cost": 0.0, "Total Cost": 23199.25, "Plan Rows": 1, "Plan Width": 49, "Inner Unique": true, "Plans": [{"Node Type": "Nested Loop", "Parent Relationship": "Outer", "Join Type": "Inner", "Startup Cost": 0.0, "Total Cost": 23198.75, "Plan Rows": 1, "Plan Width": 40, "Inner Unique": true, "Plans": [{"Node Type": "Nested Loop", "Parent Relationship": "Outer", "Join Type": "Inner", "Startup Cost": 0.0, "Total Cost": 23197.73, "Plan Rows": 2, "Plan Width": 28, "Inner Unique": true, "Plans": [{"Node Type": "Nested Loop", "Parent Relationship": "Outer", "Join Type": "Inner", "Startup Cost": 0.0, "Total Cost": 23196.09, "Plan Rows": 5, "Plan Width": 32, "Inner Unique": false, "Plans": [{"Node Type": "Nested Loop", "Parent Relationship": "Outer", "Join Type": "Inner", "Startup Cost": 0.0, "Total Cost": 23190.48, "Plan Rows": 13, "Plan Width": 24, "Inner Unique": false, "Join Filter": "(ci.role_id = rt.id)", "Plans": [{"Node Type": "Seq Scan", "Parent Relationship": "Outer", "Relation Name": "role_type", "Alias": "rt", "Startup Cost": 0.0, "Total Cost": 1.15, "Plan Rows": 1, "Plan Width": 4, "Filter": "((role)::text = 'actress'::text)"}, {"Node Type": "Materialize", "Parent Relationship": "Inner", "Startup Cost": 0.0, "Total Cost": 23187.92, "Plan Rows": 141, "Plan Width": 28, "Plans": [{"Node Type": "Nested Loop", "Parent Relationship": "Outer", "Join Type": "Inner", "Startup Cost": 0.0, "Total Cost": 23187.57, "Plan Rows": 141, "Plan Width": 28, "Inner Unique": false, "Join Filter": "(n.id = ci.person_id)", "Plans": [{"Node Type": "Nested Loop", "Parent Relationship": "Outer", "Join Type": "Inner", "Startup Cost": 0.0, "Total Cost": 22912.29, "Plan Rows": 115, "Plan Width": 24, "Inner Unique": false, "Plans": [{"Node Type": "Streaming(type: LOCAL GATHER dop: 1/16)", "Parent Relationship": "Outer", "Startup Cost": 0.0, "Total Cost": 22121.41, "Plan Rows": 96, "Plan Width": 4, "Plans": [{"Node Type": "Seq Scan", "Parent Relationship": "Outer", "Relation Name": "name", "Alias": "n", "Startup Cost": 0.0, "Total Cost": 22119.33, "Plan Rows": 96, "Plan Width": 4, "Filter": "(((name)::text ~~ '%Ang%'::text) AND ((gender)::text = 'f'::text))"}]}, {"Node Type": "Index Scan", "Parent Relationship": "Inner", "Scan Direction": "Forward", "Index Name": "person_id_aka_name", "Relation Name": "aka_name", "Alias": "an", "Startup Cost": 0.0, "Total Cost": 8.23, "Plan Rows": 1, "Plan Width": 20, "Index Cond": "(person_id = n.id)"}]}, {"Node Type": "Index Scan", "Parent Relationship": "Inner", "Scan Direction": "Forward", "Index Name": "person_id_cast_info", "Relation Name": "cast_info", "Alias": "ci", "Startup Cost": 0.0, "Total Cost": 2.38, "Plan Rows": 1, "Plan Width": 16, "Index Cond": "(person_id = an.person_id)", "Filter": "((note)::text = ANY ('{(voice),\"(voice: Japanese version)\",\"(voice) (uncredited)\",\"(voice: English version)\"}'::text[]))"}]}]}]}, {"Node Type": "Index Scan", "Parent Relationship": "Inner", "Scan Direction": "Forward", "Index Name": "movie_id_movie_companies", "Relation Name": "movie_companies", "Alias": "mc", "Startup Cost": 0.0, "Total Cost": 0.42, "Plan Rows": 1, "Plan Width": 8, "Index Cond": "(movie_id = ci.movie_id)", "Filter": "((note IS NOT NULL) AND (((note)::text ~~ '%(USA)%'::text) OR ((note)::text ~~ '%(worldwide)%'::text)))"}]}, {"Node Type": "Index Scan", "Parent Relationship": "Inner", "Scan Direction": "Forward", "Index Name": "company_name_pkey", "Relation Name": "company_name", "Alias": "cn", "Startup Cost": 0.0, "Total Cost": 0.32, "Plan Rows": 1, "Plan Width": 4, "Index Cond": "(id = mc.company_id)", "Filter": "((country_code)::text = '[us]'::text)"}]}, {"Node Type": "Index Scan", "Parent Relationship": "Inner", "Scan Direction": "Forward", "Index Name": "char_name_pkey", "Relation Name": "char_name", "Alias": "chn", "Startup Cost": 0.0, "Total Cost": 0.5, "Plan Rows": 1, "Plan Width": 20, "Index Cond": "(id = ci.person_role_id)"}]}, {"Node Type": "Index Scan", "Parent Relationship": "Inner", "Scan Direction": "Forward", "Index Name": "title_pkey", "Relation Name": "title", "Alias": "t", "Startup Cost": 0.0, "Total Cost": 0.49, "Plan Rows": 1, "Plan Width": 21, "Index Cond": "(id = ci.movie_id)", "Filter": "((production_year >= 2005) AND (production_year <= 2015))"}]}]}, "Unique SQL Id": 3431223514, "Planner Runtime": 18}, "explain_analyze_plan": {"Plan": {"Node Type": "Aggregate", "Strategy": "Plain", "Startup Cost": 23199.25, "Total Cost": 23199.26, "Plan Rows": 1, "Plan Width": 145, "Actual Min Startup Time": 217.809, "Actual Max Startup Time": 217.809, "Actual Min Total Time": 217.809, "Actual Max Total Time": 217.809, "Plans": [{"Node Type": "Nested Loop", "Parent Relationship": "Outer", "Join Type": "Inner", "Startup Cost": 0.0, "Total Cost": 23199.25, "Plan Rows": 1, "Plan Width": 49, "Actual Min Startup Time": 208.266, "Actual Max Startup Time": 208.266, "Actual Min Total Time": 217.659, "Actual Max Total Time": 217.659, "Inner Unique": true, "Plans": [{"Node Type": "Nested Loop", "Parent Relationship": "Outer", "Join Type": "Inner", "Startup Cost": 0.0, "Total Cost": 23198.75, "Plan Rows": 1, "Plan Width": 40, "Actual Min Startup Time": 207.759, "Actual Max Startup Time": 207.759, "Actual Min Total Time": 215.669, "Actual Max Total Time": 215.669, "Inner Unique": true, "Plans": [{"Node Type": "Nested Loop", "Parent Relationship": "Outer", "Join Type": "Inner", "Startup Cost": 0.0, "Total Cost": 23197.73, "Plan Rows": 2, "Plan Width": 28, "Actual Min Startup Time": 207.738, "Actual Max Startup Time": 207.738, "Actual Min Total Time": 214.139, "Actual Max Total Time": 214.139, "Inner Unique": true, "Plans": [{"Node Type": "Nested Loop", "Parent Relationship": "Outer", "Join Type": "Inner", "Startup Cost": 0.0, "Total Cost": 23196.09, "Plan Rows": 5, "Plan Width": 32, "Actual Min Startup Time": 207.712, "Actual Max Startup Time": 207.712, "Actual Min Total Time": 212.282, "Actual Max Total Time": 212.282, "Inner Unique": false, "Plans": [{"Node Type": "Nested Loop", "Parent Relationship": "Outer", "Join Type": "Inner", "Startup Cost": 0.0, "Total Cost": 23190.48, "Plan Rows": 13, "Plan Width": 24, "Actual Min Startup Time": 207.655, "Actual Max Startup Time": 207.655, "Actual Min Total Time": 207.944, "Actual Max Total Time": 207.944, "Inner Unique": false, "Join Filter": "(ci.role_id = rt.id)", "Rows Removed by Join Filter": 0, "Plans": [{"Node Type": "Seq Scan", "Parent Relationship": "Outer", "Relation Name": "role_type", "Alias": "rt", "Startup Cost": 0.0, "Total Cost": 1.15, "Plan Rows": 1, "Plan Width": 4, "Actual Min Startup Time": 0.037, "Actual Max Startup Time": 0.037, "Actual Min Total Time": 0.042, "Actual Max Total Time": 0.042, "Filter": "((role)::text = 'actress'::text)", "Rows Removed by Filter": 11, "Actual Rows": 1}, {"Node Type": "Materialize", "Parent Relationship": "Inner", "Startup Cost": 0.0, "Total Cost": 23187.92, "Plan Rows": 141, "Plan Width": 28, "Actual Min Startup Time": 207.601, "Actual Max Startup Time": 207.601, "Actual Min Total Time": 207.663, "Actual Max Total Time": 207.663, "Plans": [{"Node Type": "Nested Loop", "Parent Relationship": "Outer", "Join Type": "Inner", "Startup Cost": 0.0, "Total Cost": 23187.57, "Plan Rows": 141, "Plan Width": 28, "Actual Min Startup Time": 79.388, "Actual Max Startup Time": 79.388, "Actual Min Total Time": 207.403, "Actual Max Total Time": 207.403, "Inner Unique": false, "Join Filter": "(n.id = ci.person_id)", "Rows Removed by Join Filter": 0, "Plans": [{"Node Type": "Nested Loop", "Parent Relationship": "Outer", "Join Type": "Inner", "Startup Cost": 0.0, "Total Cost": 22912.29, "Plan Rows": 115, "Plan Width": 24, "Actual Min Startup Time": 78.004, "Actual Max Startup Time": 78.004, "Actual Min Total Time": 152.752, "Actual Max Total Time": 152.752, "Inner Unique": false, "Plans": [{"Node Type": "Streaming(type: LOCAL GATHER dop: 1/16)", "Parent Relationship": "Outer", "Startup Cost": 0.0, "Total Cost": 22121.41, "Plan Rows": 96, "Plan Width": 4, "Actual Min Startup Time": 77.938, "Actual Max Startup Time": 77.938, "Actual Min Total Time": 130.682, "Actual Max Total Time": 130.682, "Plans": [{"Node Type": "Seq Scan", "Parent Relationship": "Outer", "Relation Name": "name", "Alias": "n", "Startup Cost": 0.0, "Total Cost": 22119.33, "Plan Rows": 96, "Plan Width": 4, "Actual Min Startup Time": 42.659, "Actual Max Startup Time": 47.494, "Actual Min Total Time": 106.008, "Actual Max Total Time": 112.366, "Filter": "(((name)::text ~~ '%Ang%'::text) AND ((gender)::text = 'f'::text))", "Rows Removed by Filter": 4160722, "Actual Rows": 6768}], "Actual Rows": 6768}, {"Node Type": "Index Scan", "Parent Relationship": "Inner", "Scan Direction": "Forward", "Index Name": "person_id_aka_name", "Relation Name": "aka_name", "Alias": "an", "Startup Cost": 0.0, "Total Cost": 8.23, "Plan Rows": 1, "Plan Width": 20, "Actual Min Startup Time": 17.561, "Actual Max Startup Time": 17.561, "Actual Min Total Time": 18.45, "Actual Max Total Time": 18.45, "Index Cond": "(person_id = n.id)", "Rows Removed by Index Recheck": 0, "Actual Rows": 1558}], "Actual Rows": 1558}, {"Node Type": "Index Scan", "Parent Relationship": "Inner", "Scan Direction": "Forward", "Index Name": "person_id_cast_info", "Relation Name": "cast_info", "Alias": "ci", "Startup Cost": 0.0, "Total Cost": 2.38, "Plan Rows": 1, "Plan Width": 16, "Actual Min Startup Time": 48.536, "Actual Max Startup Time": 48.536, "Actual Min Total Time": 53.613, "Actual Max Total Time": 53.613, "Index Cond": "(person_id = an.person_id)", "Rows Removed by Index Recheck": 0, "Filter": "((note)::text = ANY ('{(voice),\"(voice: Japanese version)\",\"(voice) (uncredited)\",\"(voice: English version)\"}'::text[]))", "Rows Removed by Filter": 69057, "Actual Rows": 425}], "Actual Rows": 425}], "Actual Rows": 426}], "Actual Rows": 425}, {"Node Type": "Index Scan", "Parent Relationship": "Inner", "Scan Direction": "Forward", "Index Name": "movie_id_movie_companies", "Relation Name": "movie_companies", "Alias": "mc", "Startup Cost": 0.0, "Total Cost": 0.42, "Plan Rows": 1, "Plan Width": 8, "Actual Min Startup Time": 2.852, "Actual Max Startup Time": 2.852, "Actual Min Total Time": 4.027, "Actual Max Total Time": 4.027, "Index Cond": "(movie_id = ci.movie_id)", "Rows Removed by Index Recheck": 0, "Filter": "((note IS NOT NULL) AND (((note)::text ~~ '%(USA)%'::text) OR ((note)::text ~~ '%(worldwide)%'::text)))", "Rows Removed by Filter": 1538, "Actual Rows": 373}], "Actual Rows": 373}, {"Node Type": "Index Scan", "Parent Relationship": "Inner", "Scan Direction": "Forward", "Index Name": "company_name_pkey", "Relation Name": "company_name", "Alias": "cn", "Startup Cost": 0.0, "Total Cost": 0.32, "Plan Rows": 1, "Plan Width": 4, "Actual Min Startup Time": 1.542, "Actual Max Startup Time": 1.542, "Actual Min Total Time": 1.542, "Actual Max Total Time": 1.542, "Index Cond": "(id = mc.company_id)", "Rows Removed by Index Recheck": 0, "Filter": "((country_code)::text = '[us]'::text)", "Rows Removed by Filter": 14, "Actual Rows": 359}], "Actual Rows": 359}, {"Node Type": "Index Scan", "Parent Relationship": "Inner", "Scan Direction": "Forward", "Index Name": "char_name_pkey", "Relation Name": "char_name", "Alias": "chn", "Startup Cost": 0.0, "Total Cost": 0.5, "Plan Rows": 1, "Plan Width": 20, "Actual Min Startup Time": 1.21, "Actual Max Startup Time": 1.21, "Actual Min Total Time": 1.21, "Actual Max Total Time": 1.21, "Index Cond": "(id = ci.person_role_id)", "Rows Removed by Index Recheck": 0, "Actual Rows": 341}], "Actual Rows": 341}, {"Node Type": "Index Scan", "Parent Relationship": "Inner", "Scan Direction": "Forward", "Index Name": "title_pkey", "Relation Name": "title", "Alias": "t", "Startup Cost": 0.0, "Total Cost": 0.49, "Plan Rows": 1, "Plan Width": 21, "Actual Min Startup Time": 1.749, "Actual Max Startup Time": 1.749, "Actual Min Total Time": 1.749, "Actual Max Total Time": 1.749, "Index Cond": "(id = ci.movie_id)", "Rows Removed by Index Recheck": 0, "Filter": "((production_year >= 2005) AND (production_year <= 2015))", "Rows Removed by Filter": 220, "Actual Rows": 121}], "Actual Rows": 121}], "Actual Rows": 1}, "Triggers": [], "Planner Runtime": 18, "Total Runtime": 220.755, "Unique SQL Id": 3431223514}}, "(16, 61)": {"explain_plan": {"Plan": {"Node Type": "Aggregate", "Strategy": "Plain", "Startup Cost": 154556.1, "Total Cost": 154556.11, "Plan Rows": 1, "Plan Width": 145, "Plans": [{"Node Type": "Nested Loop", "Parent Relationship": "Outer", "Join Type": "Inner", "Startup Cost": 0.0, "Total Cost": 154556.09, "Plan Rows": 1, "Plan Width": 49, "Inner Unique": true, "Plans": [{"Node Type": "Nested Loop", "Parent Relationship": "Outer", "Join Type": "Inner", "Startup Cost": 0.0, "Total Cost": 154555.59, "Plan Rows": 1, "Plan Width": 40, "Inner Unique": true, "Plans": [{"Node Type": "Nested Loop", "Parent Relationship": "Outer", "Join Type": "Inner", "Startup Cost": 0.0, "Total Cost": 154554.58, "Plan Rows": 2, "Plan Width": 28, "Inner Unique": true, "Plans": [{"Node Type": "Nested Loop", "Parent Relationship": "Outer", "Join Type": "Inner", "Startup Cost": 0.0, "Total Cost": 154552.94, "Plan Rows": 5, "Plan Width": 32, "Inner Unique": false, "Plans": [{"Node Type": "Nested Loop", "Parent Relationship": "Outer", "Join Type": "Inner", "Startup Cost": 0.0, "Total Cost": 154547.33, "Plan Rows": 13, "Plan Width": 24, "Inner Unique": false, "Join Filter": "(ci.role_id = rt.id)", "Plans": [{"Node Type": "Index Scan", "Parent Relationship": "Outer", "Scan Direction": "Forward", "Index Name": "role_type_pkey", "Relation Name": "role_type", "Alias": "rt", "Startup Cost": 0.0, "Total Cost": 12.46, "Plan Rows": 1, "Plan Width": 4, "Filter": "((role)::text = 'actress'::text)"}, {"Node Type": "Materialize", "Parent Relationship": "Inner", "Startup Cost": 0.0, "Total Cost": 154533.46, "Plan Rows": 141, "Plan Width": 28, "Plans": [{"Node Type": "Nested Loop", "Parent Relationship": "Outer", "Join Type": "Inner", "Startup Cost": 0.0, "Total Cost": 154533.1, "Plan Rows": 141, "Plan Width": 28, "Inner Unique": false, "Join Filter": "(n.id = ci.person_id)", "Plans": [{"Node Type": "Nested Loop", "Parent Relationship": "Outer", "Join Type": "Inner", "Startup Cost": 0.0, "Total Cost": 154257.82, "Plan Rows": 115, "Plan Width": 24, "Inner Unique": false, "Plans": [{"Node Type": "Streaming(type: LOCAL GATHER dop: 1/16)", "Parent Relationship": "Outer", "Startup Cost": 0.0, "Total Cost": 153466.94, "Plan Rows": 96, "Plan Width": 4, "Plans": [{"Node Type": "Index Scan", "Parent Relationship": "Outer", "Scan Direction": "Forward", "Index Name": "name_pkey", "Relation Name": "name", "Alias": "n", "Startup Cost": 0.0, "Total Cost": 153464.87, "Plan Rows": 96, "Plan Width": 4, "Filter": "(((name)::text ~~ '%Ang%'::text) AND ((gender)::text = 'f'::text))"}]}, {"Node Type": "Index Scan", "Parent Relationship": "Inner", "Scan Direction": "Forward", "Index Name": "person_id_aka_name", "Relation Name": "aka_name", "Alias": "an", "Startup Cost": 0.0, "Total Cost": 8.23, "Plan Rows": 1, "Plan Width": 20, "Index Cond": "(person_id = n.id)"}]}, {"Node Type": "Index Scan", "Parent Relationship": "Inner", "Scan Direction": "Forward", "Index Name": "person_id_cast_info", "Relation Name": "cast_info", "Alias": "ci", "Startup Cost": 0.0, "Total Cost": 2.38, "Plan Rows": 1, "Plan Width": 16, "Index Cond": "(person_id = an.person_id)", "Filter": "((note)::text = ANY ('{(voice),\"(voice: Japanese version)\",\"(voice) (uncredited)\",\"(voice: English version)\"}'::text[]))"}]}]}]}, {"Node Type": "Index Scan", "Parent Relationship": "Inner", "Scan Direction": "Forward", "Index Name": "movie_id_movie_companies", "Relation Name": "movie_companies", "Alias": "mc", "Startup Cost": 0.0, "Total Cost": 0.42, "Plan Rows": 1, "Plan Width": 8, "Index Cond": "(movie_id = ci.movie_id)", "Filter": "((note IS NOT NULL) AND (((note)::text ~~ '%(USA)%'::text) OR ((note)::text ~~ '%(worldwide)%'::text)))"}]}, {"Node Type": "Index Scan", "Parent Relationship": "Inner", "Scan Direction": "Forward", "Index Name": "company_name_pkey", "Relation Name": "company_name", "Alias": "cn", "Startup Cost": 0.0, "Total Cost": 0.32, "Plan Rows": 1, "Plan Width": 4, "Index Cond": "(id = mc.company_id)", "Filter": "((country_code)::text = '[us]'::text)"}]}, {"Node Type": "Index Scan", "Parent Relationship": "Inner", "Scan Direction": "Forward", "Index Name": "char_name_pkey", "Relation Name": "char_name", "Alias": "chn", "Startup Cost": 0.0, "Total Cost": 0.5, "Plan Rows": 1, "Plan Width": 20, "Index Cond": "(id = ci.person_role_id)"}]}, {"Node Type": "Index Scan", "Parent Relationship": "Inner", "Scan Direction": "Forward", "Index Name": "title_pkey", "Relation Name": "title", "Alias": "t", "Startup Cost": 0.0, "Total Cost": 0.49, "Plan Rows": 1, "Plan Width": 21, "Index Cond": "(id = ci.movie_id)", "Filter": "((production_year >= 2005) AND (production_year <= 2015))"}]}]}, "Unique SQL Id": 3431223514, "Planner Runtime": 15}, "explain_analyze_plan": {"Plan": {"Node Type": "Aggregate", "Strategy": "Plain", "Startup Cost": 154556.1, "Total Cost": 154556.11, "Plan Rows": 1, "Plan Width": 145, "Actual Min Startup Time": 381.158, "Actual Max Startup Time": 381.158, "Actual Min Total Time": 381.159, "Actual Max Total Time": 381.159, "Plans": [{"Node Type": "Nested Loop", "Parent Relationship": "Outer", "Join Type": "Inner", "Startup Cost": 0.0, "Total Cost": 154556.09, "Plan Rows": 1, "Plan Width": 49, "Actual Min Startup Time": 371.852, "Actual Max Startup Time": 371.852, "Actual Min Total Time": 381.01, "Actual Max Total Time": 381.01, "Inner Unique": true, "Plans": [{"Node Type": "Nested Loop", "Parent Relationship": "Outer", "Join Type": "Inner", "Startup Cost": 0.0, "Total Cost": 154555.59, "Plan Rows": 1, "Plan Width": 40, "Actual Min Startup Time": 370.918, "Actual Max Startup Time": 370.918, "Actual Min Total Time": 379.017, "Actual Max Total Time": 379.017, "Inner Unique": true, "Plans": [{"Node Type": "Nested Loop", "Parent Relationship": "Outer", "Join Type": "Inner", "Startup Cost": 0.0, "Total Cost": 154554.58, "Plan Rows": 2, "Plan Width": 28, "Actual Min Startup Time": 370.897, "Actual Max Startup Time": 370.897, "Actual Min Total Time": 377.445, "Actual Max Total Time": 377.445, "Inner Unique": true, "Plans": [{"Node Type": "Nested Loop", "Parent Relationship": "Outer", "Join Type": "Inner", "Startup Cost": 0.0, "Total Cost": 154552.94, "Plan Rows": 5, "Plan Width": 32, "Actual Min Startup Time": 370.872, "Actual Max Startup Time": 370.872, "Actual Min Total Time": 375.543, "Actual Max Total Time": 375.543, "Inner Unique": false, "Plans": [{"Node Type": "Nested Loop", "Parent Relationship": "Outer", "Join Type": "Inner", "Startup Cost": 0.0, "Total Cost": 154547.33, "Plan Rows": 13, "Plan Width": 24, "Actual Min Startup Time": 370.838, "Actual Max Startup Time": 370.838, "Actual Min Total Time": 371.129, "Actual Max Total Time": 371.129, "Inner Unique": false, "Join Filter": "(ci.role_id = rt.id)", "Rows Removed by Join Filter": 0, "Plans": [{"Node Type": "Index Scan", "Parent Relationship": "Outer", "Scan Direction": "Forward", "Index Name": "role_type_pkey", "Relation Name": "role_type", "Alias": "rt", "Startup Cost": 0.0, "Total Cost": 12.46, "Plan Rows": 1, "Plan Width": 4, "Actual Min Startup Time": 0.027, "Actual Max Startup Time": 0.027, "Actual Min Total Time": 0.034, "Actual Max Total Time": 0.034, "Filter": "((role)::text = 'actress'::text)", "Rows Removed by Filter": 11, "Actual Rows": 1}, {"Node Type": "Materialize", "Parent Relationship": "Inner", "Startup Cost": 0.0, "Total Cost": 154533.46, "Plan Rows": 141, "Plan Width": 28, "Actual Min Startup Time": 370.792, "Actual Max Startup Time": 370.792, "Actual Min Total Time": 370.871, "Actual Max Total Time": 370.871, "Plans": [{"Node Type": "Nested Loop", "Parent Relationship": "Outer", "Join Type": "Inner", "Startup Cost": 0.0, "Total Cost": 154533.1, "Plan Rows": 141, "Plan Width": 28, "Actual Min Startup Time": 96.425, "Actual Max Startup Time": 96.425, "Actual Min Total Time": 370.541, "Actual Max Total Time": 370.541, "Inner Unique": false, "Join Filter": "(n.id = ci.person_id)", "Rows Removed by Join Filter": 0, "Plans": [{"Node Type": "Nested Loop", "Parent Relationship": "Outer", "Join Type": "Inner", "Startup Cost": 0.0, "Total Cost": 154257.82, "Plan Rows": 115, "Plan Width": 24, "Actual Min Startup Time": 95.83, "Actual Max Startup Time": 95.83, "Actual Min Total Time": 315.879, "Actual Max Total Time": 315.879, "Inner Unique": false, "Plans": [{"Node Type": "Streaming(type: LOCAL GATHER dop: 1/16)", "Parent Relationship": "Outer", "Startup Cost": 0.0, "Total Cost": 153466.94, "Plan Rows": 96, "Plan Width": 4, "Actual Min Startup Time": 95.756, "Actual Max Startup Time": 95.756, "Actual Min Total Time": 293.923, "Actual Max Total Time": 293.923, "Plans": [{"Node Type": "Index Scan", "Parent Relationship": "Outer", "Scan Direction": "Forward", "Index Name": "name_pkey", "Relation Name": "name", "Alias": "n", "Startup Cost": 0.0, "Total Cost": 153464.87, "Plan Rows": 96, "Plan Width": 4, "Actual Min Startup Time": 40.31, "Actual Max Startup Time": 338.836, "Actual Min Total Time": 295.678, "Actual Max Total Time": 338.836, "Filter": "(((name)::text ~~ '%Ang%'::text) AND ((gender)::text = 'f'::text))", "Rows Removed by Filter": 4160722, "Actual Rows": 6768}], "Actual Rows": 6768}, {"Node Type": "Index Scan", "Parent Relationship": "Inner", "Scan Direction": "Forward", "Index Name": "person_id_aka_name", "Relation Name": "aka_name", "Alias": "an", "Startup Cost": 0.0, "Total Cost": 8.23, "Plan Rows": 1, "Plan Width": 20, "Actual Min Startup Time": 17.357, "Actual Max Startup Time": 17.357, "Actual Min Total Time": 18.22, "Actual Max Total Time": 18.22, "Index Cond": "(person_id = n.id)", "Rows Removed by Index Recheck": 0, "Actual Rows": 1558}], "Actual Rows": 1558}, {"Node Type": "Index Scan", "Parent Relationship": "Inner", "Scan Direction": "Forward", "Index Name": "person_id_cast_info", "Relation Name": "cast_info", "Alias": "ci", "Startup Cost": 0.0, "Total Cost": 2.38, "Plan Rows": 1, "Plan Width": 16, "Actual Min Startup Time": 48.528, "Actual Max Startup Time": 48.528, "Actual Min Total Time": 53.577, "Actual Max Total Time": 53.577, "Index Cond": "(person_id = an.person_id)", "Rows Removed by Index Recheck": 0, "Filter": "((note)::text = ANY ('{(voice),\"(voice: Japanese version)\",\"(voice) (uncredited)\",\"(voice: English version)\"}'::text[]))", "Rows Removed by Filter": 69057, "Actual Rows": 425}], "Actual Rows": 425}], "Actual Rows": 426}], "Actual Rows": 425}, {"Node Type": "Index Scan", "Parent Relationship": "Inner", "Scan Direction": "Forward", "Index Name": "movie_id_movie_companies", "Relation Name": "movie_companies", "Alias": "mc", "Startup Cost": 0.0, "Total Cost": 0.42, "Plan Rows": 1, "Plan Width": 8, "Actual Min Startup Time": 2.907, "Actual Max Startup Time": 2.907, "Actual Min Total Time": 4.086, "Actual Max Total Time": 4.086, "Index Cond": "(movie_id = ci.movie_id)", "Rows Removed by Index Recheck": 0, "Filter": "((note IS NOT NULL) AND (((note)::text ~~ '%(USA)%'::text) OR ((note)::text ~~ '%(worldwide)%'::text)))", "Rows Removed by Filter": 1538, "Actual Rows": 373}], "Actual Rows": 373}, {"Node Type": "Index Scan", "Parent Relationship": "Inner", "Scan Direction": "Forward", "Index Name": "company_name_pkey", "Relation Name": "company_name", "Alias": "cn", "Startup Cost": 0.0, "Total Cost": 0.32, "Plan Rows": 1, "Plan Width": 4, "Actual Min Startup Time": 1.6, "Actual Max Startup Time": 1.6, "Actual Min Total Time": 1.6, "Actual Max Total Time": 1.6, "Index Cond": "(id = mc.company_id)", "Rows Removed by Index Recheck": 0, "Filter": "((country_code)::text = '[us]'::text)", "Rows Removed by Filter": 14, "Actual Rows": 359}], "Actual Rows": 359}, {"Node Type": "Index Scan", "Parent Relationship": "Inner", "Scan Direction": "Forward", "Index Name": "char_name_pkey", "Relation Name": "char_name", "Alias": "chn", "Startup Cost": 0.0, "Total Cost": 0.5, "Plan Rows": 1, "Plan Width": 20, "Actual Min Startup Time": 1.275, "Actual Max Startup Time": 1.275, "Actual Min Total Time": 1.275, "Actual Max Total Time": 1.275, "Index Cond": "(id = ci.person_role_id)", "Rows Removed by Index Recheck": 0, "Actual Rows": 341}], "Actual Rows": 341}, {"Node Type": "Index Scan", "Parent Relationship": "Inner", "Scan Direction": "Forward", "Index Name": "title_pkey", "Relation Name": "title", "Alias": "t", "Startup Cost": 0.0, "Total Cost": 0.49, "Plan Rows": 1, "Plan Width": 21, "Actual Min Startup Time": 1.749, "Actual Max Startup Time": 1.749, "Actual Min Total Time": 1.749, "Actual Max Total Time": 1.749, "Index Cond": "(id = ci.movie_id)", "Rows Removed by Index Recheck": 0, "Filter": "((production_year >= 2005) AND (production_year <= 2015))", "Rows Removed by Filter": 220, "Actual Rows": 121}], "Actual Rows": 121}], "Actual Rows": 1}, "Triggers": [], "Planner Runtime": 15, "Total Runtime": 384.132, "Unique SQL Id": 3431223514}}, "(16, 62)": {"explain_plan": {"Plan": {"Node Type": "Aggregate", "Strategy": "Plain", "Startup Cost": 278514.53, "Total Cost": 278514.57, "Plan Rows": 1, "Plan Width": 145, "Plans": [{"Node Type": "Streaming(type: LOCAL GATHER dop: 1/16)", "Parent Relationship": "Outer", "Startup Cost": 278514.53, "Total Cost": 278514.57, "Plan Rows": 1, "Plan Width": 145, "Plans": [{"Node Type": "Aggregate", "Strategy": "Plain", "Parent Relationship": "Outer", "Startup Cost": 278514.53, "Total Cost": 278514.54, "Plan Rows": 1, "Plan Width": 145, "Plans": [{"Node Type": "Nested Loop", "Parent Relationship": "Outer", "Join Type": "Inner", "Startup Cost": 86.43, "Total Cost": 278514.52, "Plan Rows": 1, "Plan Width": 49, "Inner Unique": true, "Join Filter": "(ci.movie_id = t.id)", "Plans": [{"Node Type": "Streaming(type: BROADCAST dop: 16/16)", "Parent Relationship": "Outer", "Startup Cost": 0.0, "Total Cost": 258103.53, "Plan Rows": 16, "Plan Width": 40, "Plans": [{"Node Type": "Nested Loop", "Parent Relationship": "Outer", "Join Type": "Inner", "Startup Cost": 0.0, "Total Cost": 243103.49, "Plan Rows": 1, "Plan Width": 40, "Inner Unique": false, "Join Filter": "(n.id = an.person_id)", "Plans": [{"Node Type": "Streaming(type: BROADCAST dop: 16/16)", "Parent Relationship": "Outer", "Startup Cost": 0.0, "Total Cost": 226155.04, "Plan Rows": 16, "Plan Width": 32, "Plans": [{"Node Type": "Nested Loop", "Parent Relationship": "Outer", "Join Type": "Inner", "Startup Cost": 0.0, "Total Cost": 211155.0, "Plan Rows": 1, "Plan Width": 32, "Inner Unique": false, "Join Filter": "(ci.person_role_id = chn.id)", "Plans": [{"Node Type": "Seq Scan", "Parent Relationship": "Outer", "Relation Name": "char_name", "Alias": "chn", "Startup Cost": 0.0, "Total Cost": 19218.34, "Plan Rows": 3140338, "Plan Width": 20}, {"Node Type": "Materialize", "Parent Relationship": "Inner", "Startup Cost": 0.0, "Total Cost": 186048.53, "Plan Rows": 32, "Plan Width": 20, "Plans": [{"Node Type": "Streaming(type: BROADCAST dop: 16/1)", "Parent Relationship": "Outer", "Startup Cost": 0.0, "Total Cost": 186048.52, "Plan Rows": 32, "Plan Width": 20, "Plans": [{"Node Type": "Nested Loop", "Parent Relationship": "Outer", "Join Type": "Inner", "Startup Cost": 0.0, "Total Cost": 171047.83, "Plan Rows": 2, "Plan Width": 20, "Inner Unique": false, "Join Filter": "(mc.company_id = cn.id)", "Plans": [{"Node Type": "Seq Scan", "Parent Relationship": "Outer", "Relation Name": "company_name", "Alias": "cn", "Startup Cost": 0.0, "Total Cost": 5903.45, "Plan Rows": 85170, "Plan Width": 4, "Filter": "((country_code)::text = '[us]'::text)"}, {"Node Type": "Materialize", "Parent Relationship": "Inner", "Startup Cost": 0.0, "Total Cost": 160034.19, "Plan Rows": 4, "Plan Width": 24, "Plans": [{"Node Type": "Streaming(type: LOCAL GATHER dop: 1/16)", "Parent Relationship": "Outer", "Startup Cost": 0.0, "Total Cost": 160034.17, "Plan Rows": 4, "Plan Width": 24, "Plans": [{"Node Type": "Nested Loop", "Parent Relationship": "Outer", "Join Type": "Inner", "Startup Cost": 0.0, "Total Cost": 160034.08, "Plan Rows": 4, "Plan Width": 24, "Inner Unique": false, "Join Filter": "(ci.movie_id = mc.movie_id)", "Plans": [{"Node Type": "Seq Scan", "Parent Relationship": "Outer", "Relation Name": "movie_companies", "Alias": "mc", "Startup Cost": 0.0, "Total Cost": 18428.93, "Plan Rows": 297072, "Plan Width": 8, "Filter": "((note IS NOT NULL) AND (((note)::text ~~ '%(USA)%'::text) OR ((note)::text ~~ '%(worldwide)%'::text))), (LLVM Optimized)"}, {"Node Type": "Materialize", "Parent Relationship": "Inner", "Startup Cost": 0.0, "Total Cost": 138541.62, "Plan Rows": 176, "Plan Width": 16, "Plans": [{"Node Type": "Streaming(type: BROADCAST dop: 16/16)", "Parent Relationship": "Outer", "Startup Cost": 0.0, "Total Cost": 138541.57, "Plan Rows": 176, "Plan Width": 16, "Plans": [{"Node Type": "Nested Loop", "Parent Relationship": "Outer", "Join Type": "Inner", "Startup Cost": 0.0, "Total Cost": 123541.12, "Plan Rows": 11, "Plan Width": 16, "Inner Unique": true, "Join Filter": "(ci.person_id = n.id)", "Plans": [{"Node Type": "Nested Loop", "Parent Relationship": "Outer", "Join Type": "Inner", "Startup Cost": 0.0, "Total Cost": 79600.87, "Plan Rows": 75742, "Plan Width": 12, "Inner Unique": false, "Join Filter": "(ci.role_id = rt.id)", "Plans": [{"Node Type": "Streaming(type: BROADCAST dop: 16/1)", "Parent Relationship": "Outer", "Startup Cost": 0.0, "Total Cost": 15001.5, "Plan Rows": 16, "Plan Width": 4, "Plans": [{"Node Type": "Seq Scan", "Parent Relationship": "Outer", "Relation Name": "role_type", "Alias": "rt", "Startup Cost": 0.0, "Total Cost": 1.15, "Plan Rows": 1, "Plan Width": 4, "Filter": "((role)::text = 'actress'::text)"}]}, {"Node Type": "Seq Scan", "Parent Relationship": "Inner", "Relation Name": "cast_info", "Alias": "ci", "Startup Cost": 0.0, "Total Cost": 63948.46, "Plan Rows": 833163, "Plan Width": 16, "Filter": "((note)::text = ANY ('{(voice),\"(voice: Japanese version)\",\"(voice) (uncredited)\",\"(voice: English version)\"}'::text[]))"}]}, {"Node Type": "Materialize", "Parent Relationship": "Inner", "Startup Cost": 0.0, "Total Cost": 37123.71, "Plan Rows": 1536, "Plan Width": 4, "Plans": [{"Node Type": "Streaming(type: BROADCAST dop: 16/16)", "Parent Relationship": "Outer", "Startup Cost": 0.0, "Total Cost": 37123.23, "Plan Rows": 1536, "Plan Width": 4, "Plans": [{"Node Type": "Seq Scan", "Parent Relationship": "Outer", "Relation Name": "name", "Alias": "n", "Startup Cost": 0.0, "Total Cost": 22119.33, "Plan Rows": 96, "Plan Width": 4, "Filter": "(((name)::text ~~ '%Ang%'::text) AND ((gender)::text = 'f'::text))"}]}]}]}]}]}]}]}]}]}]}]}]}]}, {"Node Type": "Seq Scan", "Parent Relationship": "Inner", "Relation Name": "aka_name", "Alias": "an", "Startup Cost": 0.0, "Total Cost": 16244.28, "Plan Rows": 901342, "Plan Width": 20}]}]}, {"Node Type": "Seq Scan", "Parent Relationship": "Inner", "Relation Name": "title", "Alias": "t", "Startup Cost": 86.43, "Total Cost": 19544.42, "Plan Rows": 1109224, "Plan Width": 21, "Filter": "((production_year >= 2005) AND (production_year <= 2015)), (LLVM Optimized)"}]}]}]}]}, "Unique SQL Id": 3431223514, "Planner Runtime": 38}, "explain_analyze_plan": null}, "(16, 63)": {"explain_plan": {"Plan": {"Node Type": "Aggregate", "Strategy": "Plain", "Startup Cost": 8000201060142.55, "Total Cost": 8000201060142.56, "Plan Rows": 1, "Plan Width": 145, "Plans": [{"Node Type": "Nested Loop", "Parent Relationship": "Outer", "Join Type": "Inner", "Startup Cost": 80000000000.0, "Total Cost": 8000201060142.54, "Plan Rows": 1, "Plan Width": 49, "Inner Unique": false, "Join Filter": "(n.id = an.person_id)", "Plans": [{"Node Type": "Nested Loop", "Parent Relationship": "Outer", "Join Type": "Inner", "Startup Cost": 70000000000.0, "Total Cost": 7000201060108.87, "Plan Rows": 1, "Plan Width": 41, "Inner Unique": true, "Plans": [{"Node Type": "Nested Loop", "Parent Relationship": "Outer", "Join Type": "Inner", "Startup Cost": 60000000000.0, "Total Cost": 6000201060060.22, "Plan Rows": 1, "Plan Width": 32, "Inner Unique": true, "Join Filter": "(ci.person_role_id = chn.id)", "Plans": [{"Node Type": "Nested Loop", "Parent Relationship": "Outer", "Join Type": "Inner", "Startup Cost": 50000000000.0, "Total Cost": 5000187970453.73, "Plan Rows": 2, "Plan Width": 20, "Inner Unique": true, "Join Filter": "(mc.company_id = cn.id)", "Plans": [{"Node Type": "Nested Loop", "Parent Relationship": "Outer", "Join Type": "Inner", "Startup Cost": 40000000000.0, "Total Cost": 4000186914991.63, "Plan Rows": 4, "Plan Width": 24, "Inner Unique": false, "Join Filter": "(ci.movie_id = mc.movie_id)", "Plans": [{"Node Type": "Nested Loop", "Parent Relationship": "Outer", "Join Type": "Inner", "Startup Cost": 30000000000.0, "Total Cost": 3000173193318.09, "Plan Rows": 11, "Plan Width": 16, "Inner Unique": true, "Join Filter": "(ci.role_id = rt.id)", "Plans": [{"Node Type": "Nested Loop", "Parent Relationship": "Outer", "Join Type": "Inner", "Startup Cost": 20000000000.0, "Total Cost": 2000173192070.33, "Plan Rows": 117, "Plan Width": 20, "Inner Unique": false, "Join Filter": "(ci.person_id = n.id)", "Plans": [{"Node Type": "Index Scan", "Parent Relationship": "Outer", "Scan Direction": "Forward", "Index Name": "name_pkey", "Relation Name": "name", "Alias": "n", "Startup Cost": 10000000000.0, "Total Cost": 1000019707019.7, "Plan Rows": 96, "Plan Width": 4, "Filter": "(((name)::text ~~ '%Ang%'::text) AND ((gender)::text = 'f'::text))"}, {"Node Type": "Materialize", "Parent Relationship": "Inner", "Startup Cost": 10000000000.0, "Total Cost": 1000152287378.81, "Plan Rows": 833163, "Plan Width": 16, "Plans": [{"Node Type": "Index Scan", "Parent Relationship": "Outer", "Scan Direction": "Forward", "Index Name": "role_id_cast_info", "Relation Name": "cast_info", "Alias": "ci", "Startup Cost": 10000000000.0, "Total Cost": 1000152283213.0, "Plan Rows": 833163, "Plan Width": 16, "Filter": "((note)::text = ANY ('{(voice),\"(voice: Japanese version)\",\"(voice) (uncredited)\",\"(voice: English version)\"}'::text[]))"}]}]}, {"Node Type": "Materialize", "Parent Relationship": "Inner", "Startup Cost": 10000000000.0, "Total Cost": 1000000001246.0, "Plan Rows": 1, "Plan Width": 4, "Plans": [{"Node Type": "Index Scan", "Parent Relationship": "Outer", "Scan Direction": "Forward", "Index Name": "role_type_pkey", "Relation Name": "role_type", "Alias": "rt", "Startup Cost": 10000000000.0, "Total Cost": 1000000001246.0, "Plan Rows": 1, "Plan Width": 4, "Filter": "((role)::text = 'actress'::text)"}]}]}, {"Node Type": "Materialize", "Parent Relationship": "Inner", "Startup Cost": 10000000000.0, "Total Cost": 1000013673399.34, "Plan Rows": 297072, "Plan Width": 8, "Plans": [{"Node Type": "Index Scan", "Parent Relationship": "Outer", "Scan Direction": "Forward", "Index Name": "company_id_movie_companies", "Relation Name": "movie_companies", "Alias": "mc", "Startup Cost": 10000000000.0, "Total Cost": 1000013671913.98, "Plan Rows": 297072, "Plan Width": 8, "Filter": "((note IS NOT NULL) AND (((note)::text ~~ '%(USA)%'::text) OR ((note)::text ~~ '%(worldwide)%'::text))), (LLVM Optimized)"}]}]}, {"Node Type": "Materialize", "Parent Relationship": "Inner", "Startup Cost": 10000000000.0, "Total Cost": 1000001050564.82, "Plan Rows": 85170, "Plan Width": 4, "Plans": [{"Node Type": "Index Scan", "Parent Relationship": "Outer", "Scan Direction": "Forward", "Index Name": "company_name_pkey", "Relation Name": "company_name", "Alias": "cn", "Startup Cost": 10000000000.0, "Total Cost": 1000001050138.97, "Plan Rows": 85170, "Plan Width": 4, "Filter": "((country_code)::text = '[us]'::text)"}]}]}, {"Node Type": "Materialize", "Parent Relationship": "Inner", "Startup Cost": 10000000000.0, "Total Cost": 1000013003247.2, "Plan Rows": 3140338, "Plan Width": 20, "Plans": [{"Node Type": "Index Scan", "Parent Relationship": "Outer", "Scan Direction": "Forward", "Index Name": "char_name_pkey", "Relation Name": "char_name", "Alias": "chn", "Startup Cost": 10000000000.0, "Total Cost": 1000012987545.51, "Plan Rows": 3140338, "Plan Width": 20}]}]}, {"Node Type": "Index Scan", "Parent Relationship": "Inner", "Scan Direction": "Forward", "Index Name": "title_pkey", "Relation Name": "title", "Alias": "t", "Startup Cost": 10000000000.0, "Total Cost": 1000000000048.64, "Plan Rows": 1, "Plan Width": 21, "Index Cond": "(id = ci.movie_id)", "Filter": "((production_year >= 2005) AND (production_year <= 2015))"}]}, {"Node Type": "Index Scan", "Parent Relationship": "Inner", "Scan Direction": "Forward", "Index Name": "person_id_aka_name", "Relation Name": "aka_name", "Alias": "an", "Startup Cost": 10000000000.0, "Total Cost": 1000000000033.66, "Plan Rows": 1, "Plan Width": 20, "Index Cond": "(person_id = ci.person_id)"}]}]}, "Unique SQL Id": 3431223514, "Planner Runtime": 12}, "explain_analyze_plan": null}, "(16, 64)": {"explain_plan": {"Plan": {"Node Type": "Aggregate", "Strategy": "Plain", "Startup Cost": 23236.72, "Total Cost": 23236.73, "Plan Rows": 1, "Plan Width": 145, "Plans": [{"Node Type": "Nested Loop", "Parent Relationship": "Outer", "Join Type": "Inner", "Startup Cost": 0.0, "Total Cost": 23236.71, "Plan Rows": 1, "Plan Width": 49, "Inner Unique": true, "Plans": [{"Node Type": "Nested Loop", "Parent Relationship": "Outer", "Join Type": "Inner", "Startup Cost": 0.0, "Total Cost": 23236.21, "Plan Rows": 1, "Plan Width": 40, "Inner Unique": true, "Plans": [{"Node Type": "Nested Loop", "Parent Relationship": "Outer", "Join Type": "Inner", "Startup Cost": 0.0, "Total Cost": 23235.56, "Plan Rows": 2, "Plan Width": 44, "Inner Unique": true, "Plans": [{"Node Type": "Nested Loop", "Parent Relationship": "Outer", "Join Type": "Inner", "Startup Cost": 0.0, "Total Cost": 23233.01, "Plan Rows": 5, "Plan Width": 32, "Inner Unique": false, "Plans": [{"Node Type": "Nested Loop", "Parent Relationship": "Outer", "Join Type": "Inner", "Startup Cost": 0.0, "Total Cost": 23227.4, "Plan Rows": 13, "Plan Width": 24, "Inner Unique": true, "Plans": [{"Node Type": "Nested Loop", "Parent Relationship": "Outer", "Join Type": "Inner", "Startup Cost": 0.0, "Total Cost": 23187.57, "Plan Rows": 141, "Plan Width": 28, "Inner Unique": false, "Join Filter": "(n.id = ci.person_id)", "Plans": [{"Node Type": "Nested Loop", "Parent Relationship": "Outer", "Join Type": "Inner", "Startup Cost": 0.0, "Total Cost": 22912.29, "Plan Rows": 115, "Plan Width": 24, "Inner Unique": false, "Plans": [{"Node Type": "Streaming(type: LOCAL GATHER dop: 1/16)", "Parent Relationship": "Outer", "Startup Cost": 0.0, "Total Cost": 22121.41, "Plan Rows": 96, "Plan Width": 4, "Plans": [{"Node Type": "Seq Scan", "Parent Relationship": "Outer", "Relation Name": "name", "Alias": "n", "Startup Cost": 0.0, "Total Cost": 22119.33, "Plan Rows": 96, "Plan Width": 4, "Filter": "(((name)::text ~~ '%Ang%'::text) AND ((gender)::text = 'f'::text))"}]}, {"Node Type": "Index Scan", "Parent Relationship": "Inner", "Scan Direction": "Forward", "Index Name": "person_id_aka_name", "Relation Name": "aka_name", "Alias": "an", "Startup Cost": 0.0, "Total Cost": 8.23, "Plan Rows": 1, "Plan Width": 20, "Index Cond": "(person_id = n.id)"}]}, {"Node Type": "Index Scan", "Parent Relationship": "Inner", "Scan Direction": "Forward", "Index Name": "person_id_cast_info", "Relation Name": "cast_info", "Alias": "ci", "Startup Cost": 0.0, "Total Cost": 2.38, "Plan Rows": 1, "Plan Width": 16, "Index Cond": "(person_id = an.person_id)", "Filter": "((note)::text = ANY ('{(voice),\"(voice: Japanese version)\",\"(voice) (uncredited)\",\"(voice: English version)\"}'::text[]))"}]}, {"Node Type": "Index Scan", "Parent Relationship": "Inner", "Scan Direction": "Forward", "Index Name": "role_type_pkey", "Relation Name": "role_type", "Alias": "rt", "Startup Cost": 0.0, "Total Cost": 0.27, "Plan Rows": 1, "Plan Width": 4, "Index Cond": "(id = ci.role_id)", "Filter": "((role)::text = 'actress'::text)"}]}, {"Node Type": "Index Scan", "Parent Relationship": "Inner", "Scan Direction": "Forward", "Index Name": "movie_id_movie_companies", "Relation Name": "movie_companies", "Alias": "mc", "Startup Cost": 0.0, "Total Cost": 0.42, "Plan Rows": 1, "Plan Width": 8, "Index Cond": "(movie_id = ci.movie_id)", "Filter": "((note IS NOT NULL) AND (((note)::text ~~ '%(USA)%'::text) OR ((note)::text ~~ '%(worldwide)%'::text)))"}]}, {"Node Type": "Index Scan", "Parent Relationship": "Inner", "Scan Direction": "Forward", "Index Name": "char_name_pkey", "Relation Name": "char_name", "Alias": "chn", "Startup Cost": 0.0, "Total Cost": 0.5, "Plan Rows": 1, "Plan Width": 20, "Index Cond": "(id = ci.person_role_id)"}]}, {"Node Type": "Index Scan", "Parent Relationship": "Inner", "Scan Direction": "Forward", "Index Name": "company_name_pkey", "Relation Name": "company_name", "Alias": "cn", "Startup Cost": 0.0, "Total Cost": 0.32, "Plan Rows": 1, "Plan Width": 4, "Index Cond": "(id = mc.company_id)", "Filter": "((country_code)::text = '[us]'::text)"}]}, {"Node Type": "Index Scan", "Parent Relationship": "Inner", "Scan Direction": "Forward", "Index Name": "title_pkey", "Relation Name": "title", "Alias": "t", "Startup Cost": 0.0, "Total Cost": 0.49, "Plan Rows": 1, "Plan Width": 21, "Index Cond": "(id = ci.movie_id)", "Filter": "((production_year >= 2005) AND (production_year <= 2015))"}]}]}, "Unique SQL Id": 3431223514, "Planner Runtime": 175}, "explain_analyze_plan": {"Plan": {"Node Type": "Aggregate", "Strategy": "Plain", "Startup Cost": 23236.72, "Total Cost": 23236.73, "Plan Rows": 1, "Plan Width": 145, "Actual Min Startup Time": 189.563, "Actual Max Startup Time": 189.563, "Actual Min Total Time": 189.564, "Actual Max Total Time": 189.564, "Plans": [{"Node Type": "Nested Loop", "Parent Relationship": "Outer", "Join Type": "Inner", "Startup Cost": 0.0, "Total Cost": 23236.71, "Plan Rows": 1, "Plan Width": 49, "Actual Min Startup Time": 69.69, "Actual Max Startup Time": 69.69, "Actual Min Total Time": 189.327, "Actual Max Total Time": 189.327, "Inner Unique": true, "Plans": [{"Node Type": "Nested Loop", "Parent Relationship": "Outer", "Join Type": "Inner", "Startup Cost": 0.0, "Total Cost": 23236.21, "Plan Rows": 1, "Plan Width": 40, "Actual Min Startup Time": 61.462, "Actual Max Startup Time": 61.462, "Actual Min Total Time": 187.482, "Actual Max Total Time": 187.482, "Inner Unique": true, "Plans": [{"Node Type": "Nested Loop", "Parent Relationship": "Outer", "Join Type": "Inner", "Startup Cost": 0.0, "Total Cost": 23235.56, "Plan Rows": 2, "Plan Width": 44, "Actual Min Startup Time": 61.442, "Actual Max Startup Time": 61.442, "Actual Min Total Time": 185.683, "Actual Max Total Time": 185.683, "Inner Unique": true, "Plans": [{"Node Type": "Nested Loop", "Parent Relationship": "Outer", "Join Type": "Inner", "Startup Cost": 0.0, "Total Cost": 23233.01, "Plan Rows": 5, "Plan Width": 32, "Actual Min Startup Time": 61.422, "Actual Max Startup Time": 61.422, "Actual Min Total Time": 183.916, "Actual Max Total Time": 183.916, "Inner Unique": false, "Plans": [{"Node Type": "Nested Loop", "Parent Relationship": "Outer", "Join Type": "Inner", "Startup Cost": 0.0, "Total Cost": 23227.4, "Plan Rows": 13, "Plan Width": 24, "Actual Min Startup Time": 60.102, "Actual Max Startup Time": 60.102, "Actual Min Total Time": 179.503, "Actual Max Total Time": 179.503, "Inner Unique": true, "Plans": [{"Node Type": "Nested Loop", "Parent Relationship": "Outer", "Join Type": "Inner", "Startup Cost": 0.0, "Total Cost": 23187.57, "Plan Rows": 141, "Plan Width": 28, "Actual Min Startup Time": 60.089, "Actual Max Startup Time": 60.089, "Actual Min Total Time": 178.229, "Actual Max Total Time": 178.229, "Inner Unique": false, "Join Filter": "(n.id = ci.person_id)", "Rows Removed by Join Filter": 0, "Plans": [{"Node Type": "Nested Loop", "Parent Relationship": "Outer", "Join Type": "Inner", "Startup Cost": 0.0, "Total Cost": 22912.29, "Plan Rows": 115, "Plan Width": 24, "Actual Min Startup Time": 58.801, "Actual Max Startup Time": 58.801, "Actual Min Total Time": 127.723, "Actual Max Total Time": 127.723, "Inner Unique": false, "Plans": [{"Node Type": "Streaming(type: LOCAL GATHER dop: 1/16)", "Parent Relationship": "Outer", "Startup Cost": 0.0, "Total Cost": 22121.41, "Plan Rows": 96, "Plan Width": 4, "Actual Min Startup Time": 58.724, "Actual Max Startup Time": 58.724, "Actual Min Total Time": 104.63, "Actual Max Total Time": 104.63, "Plans": [{"Node Type": "Seq Scan", "Parent Relationship": "Outer", "Relation Name": "name", "Alias": "n", "Startup Cost": 0.0, "Total Cost": 22119.33, "Plan Rows": 96, "Plan Width": 4, "Actual Min Startup Time": 40.745, "Actual Max Startup Time": 45.186, "Actual Min Total Time": 101.203, "Actual Max Total Time": 105.942, "Filter": "(((name)::text ~~ '%Ang%'::text) AND ((gender)::text = 'f'::text))", "Rows Removed by Filter": 4160722, "Actual Rows": 6768}], "Actual Rows": 6768}, {"Node Type": "Index Scan", "Parent Relationship": "Inner", "Scan Direction": "Forward", "Index Name": "person_id_aka_name", "Relation Name": "aka_name", "Alias": "an", "Startup Cost": 0.0, "Total Cost": 8.23, "Plan Rows": 1, "Plan Width": 20, "Actual Min Startup Time": 18.625, "Actual Max Startup Time": 18.625, "Actual Min Total Time": 19.445, "Actual Max Total Time": 19.445, "Index Cond": "(person_id = n.id)", "Rows Removed by Index Recheck": 0, "Actual Rows": 1558}], "Actual Rows": 1558}, {"Node Type": "Index Scan", "Parent Relationship": "Inner", "Scan Direction": "Forward", "Index Name": "person_id_cast_info", "Relation Name": "cast_info", "Alias": "ci", "Startup Cost": 0.0, "Total Cost": 2.38, "Plan Rows": 1, "Plan Width": 16, "Actual Min Startup Time": 44.65, "Actual Max Startup Time": 44.65, "Actual Min Total Time": 49.451, "Actual Max Total Time": 49.451, "Index Cond": "(person_id = an.person_id)", "Rows Removed by Index Recheck": 0, "Filter": "((note)::text = ANY ('{(voice),\"(voice: Japanese version)\",\"(voice) (uncredited)\",\"(voice: English version)\"}'::text[]))", "Rows Removed by Filter": 69057, "Actual Rows": 425}], "Actual Rows": 425}, {"Node Type": "Index Scan", "Parent Relationship": "Inner", "Scan Direction": "Forward", "Index Name": "role_type_pkey", "Relation Name": "role_type", "Alias": "rt", "Startup Cost": 0.0, "Total Cost": 0.27, "Plan Rows": 1, "Plan Width": 4, "Actual Min Startup Time": 0.858, "Actual Max Startup Time": 0.858, "Actual Min Total Time": 0.858, "Actual Max Total Time": 0.858, "Index Cond": "(id = ci.role_id)", "Rows Removed by Index Recheck": 0, "Filter": "((role)::text = 'actress'::text)", "Rows Removed by Filter": 0, "Actual Rows": 425}], "Actual Rows": 425}, {"Node Type": "Index Scan", "Parent Relationship": "Inner", "Scan Direction": "Forward", "Index Name": "movie_id_movie_companies", "Relation Name": "movie_companies", "Alias": "mc", "Startup Cost": 0.0, "Total Cost": 0.42, "Plan Rows": 1, "Plan Width": 8, "Actual Min Startup Time": 2.875, "Actual Max Startup Time": 2.875, "Actual Min Total Time": 4.052, "Actual Max Total Time": 4.052, "Index Cond": "(movie_id = ci.movie_id)", "Rows Removed by Index Recheck": 0, "Filter": "((note IS NOT NULL) AND (((note)::text ~~ '%(USA)%'::text) OR ((note)::text ~~ '%(worldwide)%'::text)))", "Rows Removed by Filter": 1538, "Actual Rows": 373}], "Actual Rows": 373}, {"Node Type": "Index Scan", "Parent Relationship": "Inner", "Scan Direction": "Forward", "Index Name": "char_name_pkey", "Relation Name": "char_name", "Alias": "chn", "Startup Cost": 0.0, "Total Cost": 0.5, "Plan Rows": 1, "Plan Width": 20, "Actual Min Startup Time": 1.399, "Actual Max Startup Time": 1.399, "Actual Min Total Time": 1.399, "Actual Max Total Time": 1.399, "Index Cond": "(id = ci.person_role_id)", "Rows Removed by Index Recheck": 0, "Actual Rows": 348}], "Actual Rows": 348}, {"Node Type": "Index Scan", "Parent Relationship": "Inner", "Scan Direction": "Forward", "Index Name": "company_name_pkey", "Relation Name": "company_name", "Alias": "cn", "Startup Cost": 0.0, "Total Cost": 0.32, "Plan Rows": 1, "Plan Width": 4, "Actual Min Startup Time": 1.447, "Actual Max Startup Time": 1.447, "Actual Min Total Time": 1.447, "Actual Max Total Time": 1.447, "Index Cond": "(id = mc.company_id)", "Rows Removed by Index Recheck": 0, "Filter": "((country_code)::text = '[us]'::text)", "Rows Removed by Filter": 7, "Actual Rows": 341}], "Actual Rows": 341}, {"Node Type": "Index Scan", "Parent Relationship": "Inner", "Scan Direction": "Forward", "Index Name": "title_pkey", "Relation Name": "title", "Alias": "t", "Startup Cost": 0.0, "Total Cost": 0.49, "Plan Rows": 1, "Plan Width": 21, "Actual Min Startup Time": 1.574, "Actual Max Startup Time": 1.574, "Actual Min Total Time": 1.574, "Actual Max Total Time": 1.574, "Index Cond": "(id = ci.movie_id)", "Rows Removed by Index Recheck": 0, "Filter": "((production_year >= 2005) AND (production_year <= 2015))", "Rows Removed by Filter": 220, "Actual Rows": 121}], "Actual Rows": 121}], "Actual Rows": 1}, "Triggers": [], "Planner Runtime": 146, "Total Runtime": 192.53, "Unique SQL Id": 3431223514}}, "(16, 65)": {"explain_plan": {"Plan": {"Node Type": "Aggregate", "Strategy": "Plain", "Startup Cost": 154581.71, "Total Cost": 154581.72, "Plan Rows": 1, "Plan Width": 145, "Plans": [{"Node Type": "Nested Loop", "Parent Relationship": "Outer", "Join Type": "Inner", "Startup Cost": 0.0, "Total Cost": 154581.7, "Plan Rows": 1, "Plan Width": 49, "Inner Unique": true, "Plans": [{"Node Type": "Nested Loop", "Parent Relationship": "Outer", "Join Type": "Inner", "Startup Cost": 0.0, "Total Cost": 154581.21, "Plan Rows": 1, "Plan Width": 40, "Inner Unique": true, "Plans": [{"Node Type": "Nested Loop", "Parent Relationship": "Outer", "Join Type": "Inner", "Startup Cost": 0.0, "Total Cost": 154580.19, "Plan Rows": 2, "Plan Width": 28, "Inner Unique": true, "Plans": [{"Node Type": "Nested Loop", "Parent Relationship": "Outer", "Join Type": "Inner", "Startup Cost": 0.0, "Total Cost": 154578.55, "Plan Rows": 5, "Plan Width": 32, "Inner Unique": false, "Plans": [{"Node Type": "Nested Loop", "Parent Relationship": "Outer", "Join Type": "Inner", "Startup Cost": 0.0, "Total Cost": 154572.94, "Plan Rows": 13, "Plan Width": 24, "Inner Unique": true, "Plans": [{"Node Type": "Nested Loop", "Parent Relationship": "Outer", "Join Type": "Inner", "Startup Cost": 0.0, "Total Cost": 154533.1, "Plan Rows": 141, "Plan Width": 28, "Inner Unique": false, "Join Filter": "(n.id = ci.person_id)", "Plans": [{"Node Type": "Nested Loop", "Parent Relationship": "Outer", "Join Type": "Inner", "Startup Cost": 0.0, "Total Cost": 154257.82, "Plan Rows": 115, "Plan Width": 24, "Inner Unique": false, "Plans": [{"Node Type": "Streaming(type: LOCAL GATHER dop: 1/16)", "Parent Relationship": "Outer", "Startup Cost": 0.0, "Total Cost": 153466.94, "Plan Rows": 96, "Plan Width": 4, "Plans": [{"Node Type": "Index Scan", "Parent Relationship": "Outer", "Scan Direction": "Forward", "Index Name": "name_pkey", "Relation Name": "name", "Alias": "n", "Startup Cost": 0.0, "Total Cost": 153464.87, "Plan Rows": 96, "Plan Width": 4, "Filter": "(((name)::text ~~ '%Ang%'::text) AND ((gender)::text = 'f'::text))"}]}, {"Node Type": "Index Scan", "Parent Relationship": "Inner", "Scan Direction": "Forward", "Index Name": "person_id_aka_name", "Relation Name": "aka_name", "Alias": "an", "Startup Cost": 0.0, "Total Cost": 8.23, "Plan Rows": 1, "Plan Width": 20, "Index Cond": "(person_id = n.id)"}]}, {"Node Type": "Index Scan", "Parent Relationship": "Inner", "Scan Direction": "Forward", "Index Name": "person_id_cast_info", "Relation Name": "cast_info", "Alias": "ci", "Startup Cost": 0.0, "Total Cost": 2.38, "Plan Rows": 1, "Plan Width": 16, "Index Cond": "(person_id = an.person_id)", "Filter": "((note)::text = ANY ('{(voice),\"(voice: Japanese version)\",\"(voice) (uncredited)\",\"(voice: English version)\"}'::text[]))"}]}, {"Node Type": "Index Scan", "Parent Relationship": "Inner", "Scan Direction": "Forward", "Index Name": "role_type_pkey", "Relation Name": "role_type", "Alias": "rt", "Startup Cost": 0.0, "Total Cost": 0.27, "Plan Rows": 1, "Plan Width": 4, "Index Cond": "(id = ci.role_id)", "Filter": "((role)::text = 'actress'::text)"}]}, {"Node Type": "Index Scan", "Parent Relationship": "Inner", "Scan Direction": "Forward", "Index Name": "movie_id_movie_companies", "Relation Name": "movie_companies", "Alias": "mc", "Startup Cost": 0.0, "Total Cost": 0.42, "Plan Rows": 1, "Plan Width": 8, "Index Cond": "(movie_id = ci.movie_id)", "Filter": "((note IS NOT NULL) AND (((note)::text ~~ '%(USA)%'::text) OR ((note)::text ~~ '%(worldwide)%'::text)))"}]}, {"Node Type": "Index Scan", "Parent Relationship": "Inner", "Scan Direction": "Forward", "Index Name": "company_name_pkey", "Relation Name": "company_name", "Alias": "cn", "Startup Cost": 0.0, "Total Cost": 0.32, "Plan Rows": 1, "Plan Width": 4, "Index Cond": "(id = mc.company_id)", "Filter": "((country_code)::text = '[us]'::text)"}]}, {"Node Type": "Index Scan", "Parent Relationship": "Inner", "Scan Direction": "Forward", "Index Name": "char_name_pkey", "Relation Name": "char_name", "Alias": "chn", "Startup Cost": 0.0, "Total Cost": 0.5, "Plan Rows": 1, "Plan Width": 20, "Index Cond": "(id = ci.person_role_id)"}]}, {"Node Type": "Index Scan", "Parent Relationship": "Inner", "Scan Direction": "Forward", "Index Name": "title_pkey", "Relation Name": "title", "Alias": "t", "Startup Cost": 0.0, "Total Cost": 0.49, "Plan Rows": 1, "Plan Width": 21, "Index Cond": "(id = ci.movie_id)", "Filter": "((production_year >= 2005) AND (production_year <= 2015))"}]}]}, "Unique SQL Id": 3431223514, "Planner Runtime": 105}, "explain_analyze_plan": {"Plan": {"Node Type": "Aggregate", "Strategy": "Plain", "Startup Cost": 154581.71, "Total Cost": 154581.72, "Plan Rows": 1, "Plan Width": 145, "Actual Min Startup Time": 320.416, "Actual Max Startup Time": 320.416, "Actual Min Total Time": 320.417, "Actual Max Total Time": 320.417, "Plans": [{"Node Type": "Nested Loop", "Parent Relationship": "Outer", "Join Type": "Inner", "Startup Cost": 0.0, "Total Cost": 154581.7, "Plan Rows": 1, "Plan Width": 49, "Actual Min Startup Time": 98.859, "Actual Max Startup Time": 98.859, "Actual Min Total Time": 320.124, "Actual Max Total Time": 320.124, "Inner Unique": true, "Plans": [{"Node Type": "Nested Loop", "Parent Relationship": "Outer", "Join Type": "Inner", "Startup Cost": 0.0, "Total Cost": 154581.21, "Plan Rows": 1, "Plan Width": 40, "Actual Min Startup Time": 67.906, "Actual Max Startup Time": 67.906, "Actual Min Total Time": 318.254, "Actual Max Total Time": 318.254, "Inner Unique": true, "Plans": [{"Node Type": "Nested Loop", "Parent Relationship": "Outer", "Join Type": "Inner", "Startup Cost": 0.0, "Total Cost": 154580.19, "Plan Rows": 2, "Plan Width": 28, "Actual Min Startup Time": 67.889, "Actual Max Startup Time": 67.889, "Actual Min Total Time": 316.485, "Actual Max Total Time": 316.485, "Inner Unique": true, "Plans": [{"Node Type": "Nested Loop", "Parent Relationship": "Outer", "Join Type": "Inner", "Startup Cost": 0.0, "Total Cost": 154578.55, "Plan Rows": 5, "Plan Width": 32, "Actual Min Startup Time": 67.87, "Actual Max Startup Time": 67.87, "Actual Min Total Time": 314.414, "Actual Max Total Time": 314.414, "Inner Unique": false, "Plans": [{"Node Type": "Nested Loop", "Parent Relationship": "Outer", "Join Type": "Inner", "Startup Cost": 0.0, "Total Cost": 154572.94, "Plan Rows": 13, "Plan Width": 24, "Actual Min Startup Time": 67.844, "Actual Max Startup Time": 67.844, "Actual Min Total Time": 309.954, "Actual Max Total Time": 309.954, "Inner Unique": true, "Plans": [{"Node Type": "Nested Loop", "Parent Relationship": "Outer", "Join Type": "Inner", "Startup Cost": 0.0, "Total Cost": 154533.1, "Plan Rows": 141, "Plan Width": 28, "Actual Min Startup Time": 67.832, "Actual Max Startup Time": 67.832, "Actual Min Total Time": 308.644, "Actual Max Total Time": 308.644, "Inner Unique": false, "Join Filter": "(n.id = ci.person_id)", "Rows Removed by Join Filter": 0, "Plans": [{"Node Type": "Nested Loop", "Parent Relationship": "Outer", "Join Type": "Inner", "Startup Cost": 0.0, "Total Cost": 154257.82, "Plan Rows": 115, "Plan Width": 24, "Actual Min Startup Time": 67.78, "Actual Max Startup Time": 67.78, "Actual Min Total Time": 258.301, "Actual Max Total Time": 258.301, "Inner Unique": false, "Plans": [{"Node Type": "Streaming(type: LOCAL GATHER dop: 1/16)", "Parent Relationship": "Outer", "Startup Cost": 0.0, "Total Cost": 153466.94, "Plan Rows": 96, "Plan Width": 4, "Actual Min Startup Time": 67.718, "Actual Max Startup Time": 67.718, "Actual Min Total Time": 235.399, "Actual Max Total Time": 235.399, "Plans": [{"Node Type": "Index Scan", "Parent Relationship": "Outer", "Scan Direction": "Forward", "Index Name": "name_pkey", "Relation Name": "name", "Alias": "n", "Startup Cost": 0.0, "Total Cost": 153464.87, "Plan Rows": 96, "Plan Width": 4, "Actual Min Startup Time": 36.308, "Actual Max Startup Time": 291.918, "Actual Min Total Time": 271.115, "Actual Max Total Time": 291.918, "Filter": "(((name)::text ~~ '%Ang%'::text) AND ((gender)::text = 'f'::text))", "Rows Removed by Filter": 4160722, "Actual Rows": 6768}], "Actual Rows": 6768}, {"Node Type": "Index Scan", "Parent Relationship": "Inner", "Scan Direction": "Forward", "Index Name": "person_id_aka_name", "Relation Name": "aka_name", "Alias": "an", "Startup Cost": 0.0, "Total Cost": 8.23, "Plan Rows": 1, "Plan Width": 20, "Actual Min Startup Time": 18.331, "Actual Max Startup Time": 18.331, "Actual Min Total Time": 19.18, "Actual Max Total Time": 19.18, "Index Cond": "(person_id = n.id)", "Rows Removed by Index Recheck": 0, "Actual Rows": 1558}], "Actual Rows": 1558}, {"Node Type": "Index Scan", "Parent Relationship": "Inner", "Scan Direction": "Forward", "Index Name": "person_id_cast_info", "Relation Name": "cast_info", "Alias": "ci", "Startup Cost": 0.0, "Total Cost": 2.38, "Plan Rows": 1, "Plan Width": 16, "Actual Min Startup Time": 44.414, "Actual Max Startup Time": 44.414, "Actual Min Total Time": 49.22, "Actual Max Total Time": 49.22, "Index Cond": "(person_id = an.person_id)", "Rows Removed by Index Recheck": 0, "Filter": "((note)::text = ANY ('{(voice),\"(voice: Japanese version)\",\"(voice) (uncredited)\",\"(voice: English version)\"}'::text[]))", "Rows Removed by Filter": 69057, "Actual Rows": 425}], "Actual Rows": 425}, {"Node Type": "Index Scan", "Parent Relationship": "Inner", "Scan Direction": "Forward", "Index Name": "role_type_pkey", "Relation Name": "role_type", "Alias": "rt", "Startup Cost": 0.0, "Total Cost": 0.27, "Plan Rows": 1, "Plan Width": 4, "Actual Min Startup Time": 0.857, "Actual Max Startup Time": 0.857, "Actual Min Total Time": 0.857, "Actual Max Total Time": 0.857, "Index Cond": "(id = ci.role_id)", "Rows Removed by Index Recheck": 0, "Filter": "((role)::text = 'actress'::text)", "Rows Removed by Filter": 0, "Actual Rows": 425}], "Actual Rows": 425}, {"Node Type": "Index Scan", "Parent Relationship": "Inner", "Scan Direction": "Forward", "Index Name": "movie_id_movie_companies", "Relation Name": "movie_companies", "Alias": "mc", "Startup Cost": 0.0, "Total Cost": 0.42, "Plan Rows": 1, "Plan Width": 8, "Actual Min Startup Time": 2.936, "Actual Max Startup Time": 2.936, "Actual Min Total Time": 4.116, "Actual Max Total Time": 4.116, "Index Cond": "(movie_id = ci.movie_id)", "Rows Removed by Index Recheck": 0, "Filter": "((note IS NOT NULL) AND (((note)::text ~~ '%(USA)%'::text) OR ((note)::text ~~ '%(worldwide)%'::text)))", "Rows Removed by Filter": 1538, "Actual Rows": 373}], "Actual Rows": 373}, {"Node Type": "Index Scan", "Parent Relationship": "Inner", "Scan Direction": "Forward", "Index Name": "company_name_pkey", "Relation Name": "company_name", "Alias": "cn", "Startup Cost": 0.0, "Total Cost": 0.32, "Plan Rows": 1, "Plan Width": 4, "Actual Min Startup Time": 1.683, "Actual Max Startup Time": 1.683, "Actual Min Total Time": 1.683, "Actual Max Total Time": 1.683, "Index Cond": "(id = mc.company_id)", "Rows Removed by Index Recheck": 0, "Filter": "((country_code)::text = '[us]'::text)", "Rows Removed by Filter": 14, "Actual Rows": 359}], "Actual Rows": 359}, {"Node Type": "Index Scan", "Parent Relationship": "Inner", "Scan Direction": "Forward", "Index Name": "char_name_pkey", "Relation Name": "char_name", "Alias": "chn", "Startup Cost": 0.0, "Total Cost": 0.5, "Plan Rows": 1, "Plan Width": 20, "Actual Min Startup Time": 1.371, "Actual Max Startup Time": 1.371, "Actual Min Total Time": 1.371, "Actual Max Total Time": 1.371, "Index Cond": "(id = ci.person_role_id)", "Rows Removed by Index Recheck": 0, "Actual Rows": 341}], "Actual Rows": 341}, {"Node Type": "Index Scan", "Parent Relationship": "Inner", "Scan Direction": "Forward", "Index Name": "title_pkey", "Relation Name": "title", "Alias": "t", "Startup Cost": 0.0, "Total Cost": 0.49, "Plan Rows": 1, "Plan Width": 21, "Actual Min Startup Time": 1.601, "Actual Max Startup Time": 1.601, "Actual Min Total Time": 1.601, "Actual Max Total Time": 1.601, "Index Cond": "(id = ci.movie_id)", "Rows Removed by Index Recheck": 0, "Filter": "((production_year >= 2005) AND (production_year <= 2015))", "Rows Removed by Filter": 220, "Actual Rows": 121}], "Actual Rows": 121}], "Actual Rows": 1}, "Triggers": [], "Planner Runtime": 40, "Total Runtime": 323.463, "Unique SQL Id": 3431223514}}, "(16, 66)": {"explain_plan": {"Plan": {"Node Type": "Aggregate", "Strategy": "Plain", "Startup Cost": 23622.71, "Total Cost": 23622.72, "Plan Rows": 1, "Plan Width": 145, "Plans": [{"Node Type": "Nested Loop", "Parent Relationship": "Outer", "Join Type": "Inner", "Startup Cost": 7.57, "Total Cost": 23622.7, "Plan Rows": 2, "Plan Width": 49, "Inner Unique": true, "Plans": [{"Node Type": "Nested Loop", "Parent Relationship": "Outer", "Join Type": "Inner", "Startup Cost": 7.27, "Total Cost": 23614.04, "Plan Rows": 2, "Plan Width": 40, "Inner Unique": true, "Plans": [{"Node Type": "Nested Loop", "Parent Relationship": "Outer", "Join Type": "Inner", "Startup Cost": 7.01, "Total Cost": 23605.46, "Plan Rows": 2, "Plan Width": 44, "Inner Unique": true, "Plans": [{"Node Type": "Nested Loop", "Parent Relationship": "Outer", "Join Type": "Inner", "Startup Cost": 6.69, "Total Cost": 23583.78, "Plan Rows": 5, "Plan Width": 32, "Inner Unique": false, "Plans": [{"Node Type": "Hash Join", "Parent Relationship": "Outer", "Join Type": "Inner", "Startup Cost": 6.38, "Total Cost": 23527.15, "Plan Rows": 13, "Plan Width": 24, "Inner Unique": true, "Hash Cond": "(ci.role_id = rt.id)", "Plans": [{"Node Type": "Nested Loop", "Parent Relationship": "Outer", "Join Type": "Inner", "Startup Cost": 5.22, "Total Cost": 23525.5, "Plan Rows": 141, "Plan Width": 28, "Inner Unique": false, "Join Filter": "(n.id = ci.person_id)", "Plans": [{"Node Type": "Nested Loop", "Parent Relationship": "Outer", "Join Type": "Inner", "Startup Cost": 4.22, "Total Cost": 22912.31, "Plan Rows": 115, "Plan Width": 24, "Inner Unique": false, "Plans": [{"Node Type": "Streaming(type: LOCAL GATHER dop: 1/16)", "Parent Relationship": "Outer", "Startup Cost": 0.0, "Total Cost": 22121.41, "Plan Rows": 96, "Plan Width": 4, "Plans": [{"Node Type": "Seq Scan", "Parent Relationship": "Outer", "Relation Name": "name", "Alias": "n", "Startup Cost": 0.0, "Total Cost": 22119.33, "Plan Rows": 96, "Plan Width": 4, "Filter": "(((name)::text ~~ '%Ang%'::text) AND ((gender)::text = 'f'::text))"}]}, {"Node Type": "Bitmap Heap Scan", "Parent Relationship": "Inner", "Relation Name": "aka_name", "Alias": "an", "Startup Cost": 4.22, "Total Cost": 8.23, "Plan Rows": 1, "Plan Width": 20, "Recheck Cond": "(person_id = n.id)", "Plans": [{"Node Type": "Bitmap Index Scan", "Parent Relationship": "Outer", "Index Name": "person_id_aka_name", "Startup Cost": 0.0, "Total Cost": 4.22, "Plan Rows": 1, "Plan Width": 0, "Index Cond": "(person_id = n.id)"}]}]}, {"Node Type": "Bitmap Heap Scan", "Parent Relationship": "Inner", "Relation Name": "cast_info", "Alias": "ci", "Startup Cost": 1.0, "Total Cost": 5.32, "Plan Rows": 1, "Plan Width": 16, "Recheck Cond": "(person_id = an.person_id)", "Filter": "((note)::text = ANY ('{(voice),\"(voice: Japanese version)\",\"(voice) (uncredited)\",\"(voice: English version)\"}'::text[]))", "Plans": [{"Node Type": "Bitmap Index Scan", "Parent Relationship": "Outer", "Index Name": "person_id_cast_info", "Startup Cost": 0.0, "Total Cost": 1.0, "Plan Rows": 18, "Plan Width": 0, "Index Cond": "(person_id = an.person_id)"}]}]}, {"Node Type": "Hash", "Parent Relationship": "Inner", "Startup Cost": 1.15, "Total Cost": 1.15, "Plan Rows": 1, "Plan Width": 4, "Plans": [{"Node Type": "Seq Scan", "Parent Relationship": "Outer", "Relation Name": "role_type", "Alias": "rt", "Startup Cost": 0.0, "Total Cost": 1.15, "Plan Rows": 1, "Plan Width": 4, "Filter": "((role)::text = 'actress'::text)"}]}]}, {"Node Type": "Bitmap Heap Scan", "Parent Relationship": "Inner", "Relation Name": "movie_companies", "Alias": "mc", "Startup Cost": 0.31, "Total Cost": 4.35, "Plan Rows": 1, "Plan Width": 8, "Recheck Cond": "(movie_id = ci.movie_id)", "Filter": "((note IS NOT NULL) AND (((note)::text ~~ '%(USA)%'::text) OR ((note)::text ~~ '%(worldwide)%'::text)))", "Plans": [{"Node Type": "Bitmap Index Scan", "Parent Relationship": "Outer", "Index Name": "movie_id_movie_companies", "Startup Cost": 0.0, "Total Cost": 0.31, "Plan Rows": 2, "Plan Width": 0, "Index Cond": "(movie_id = ci.movie_id)"}]}]}, {"Node Type": "Bitmap Heap Scan", "Parent Relationship": "Inner", "Relation Name": "char_name", "Alias": "chn", "Startup Cost": 0.31, "Total Cost": 4.33, "Plan Rows": 1, "Plan Width": 20, "Recheck Cond": "(id = ci.person_role_id)", "Plans": [{"Node Type": "Bitmap Index Scan", "Parent Relationship": "Outer", "Index Name": "char_name_pkey", "Startup Cost": 0.0, "Total Cost": 0.31, "Plan Rows": 1, "Plan Width": 0, "Index Cond": "(id = ci.person_role_id)"}]}]}, {"Node Type": "Bitmap Heap Scan", "Parent Relationship": "Inner", "Relation Name": "company_name", "Alias": "cn", "Startup Cost": 0.26, "Total Cost": 4.28, "Plan Rows": 1, "Plan Width": 4, "Recheck Cond": "(id = mc.company_id)", "Filter": "((country_code)::text = '[us]'::text)", "Plans": [{"Node Type": "Bitmap Index Scan", "Parent Relationship": "Outer", "Index Name": "company_name_pkey", "Startup Cost": 0.0, "Total Cost": 0.26, "Plan Rows": 1, "Plan Width": 0, "Index Cond": "(id = mc.company_id)"}]}]}, {"Node Type": "Bitmap Heap Scan", "Parent Relationship": "Inner", "Relation Name": "title", "Alias": "t", "Startup Cost": 0.3, "Total Cost": 4.32, "Plan Rows": 1, "Plan Width": 21, "Recheck Cond": "(id = ci.movie_id)", "Filter": "((production_year >= 2005) AND (production_year <= 2015))", "Plans": [{"Node Type": "Bitmap Index Scan", "Parent Relationship": "Outer", "Index Name": "title_pkey", "Startup Cost": 0.0, "Total Cost": 0.3, "Plan Rows": 1, "Plan Width": 0, "Index Cond": "(id = ci.movie_id)"}]}]}]}, "Unique SQL Id": 3431223514, "Planner Runtime": 262}, "explain_analyze_plan": {"Plan": {"Node Type": "Aggregate", "Strategy": "Plain", "Startup Cost": 23622.71, "Total Cost": 23622.72, "Plan Rows": 1, "Plan Width": 145, "Actual Min Startup Time": 198.585, "Actual Max Startup Time": 198.585, "Actual Min Total Time": 198.585, "Actual Max Total Time": 198.585, "Plans": [{"Node Type": "Nested Loop", "Parent Relationship": "Outer", "Join Type": "Inner", "Startup Cost": 7.57, "Total Cost": 23622.7, "Plan Rows": 2, "Plan Width": 49, "Actual Min Startup Time": 63.257, "Actual Max Startup Time": 63.257, "Actual Min Total Time": 198.297, "Actual Max Total Time": 198.297, "Inner Unique": true, "Plans": [{"Node Type": "Nested Loop", "Parent Relationship": "Outer", "Join Type": "Inner", "Startup Cost": 7.27, "Total Cost": 23614.04, "Plan Rows": 2, "Plan Width": 40, "Actual Min Startup Time": 60.628, "Actual Max Startup Time": 60.628, "Actual Min Total Time": 195.944, "Actual Max Total Time": 195.944, "Inner Unique": true, "Plans": [{"Node Type": "Nested Loop", "Parent Relationship": "Outer", "Join Type": "Inner", "Startup Cost": 7.01, "Total Cost": 23605.46, "Plan Rows": 2, "Plan Width": 44, "Actual Min Startup Time": 60.605, "Actual Max Startup Time": 60.605, "Actual Min Total Time": 193.592, "Actual Max Total Time": 193.592, "Inner Unique": true, "Plans": [{"Node Type": "Nested Loop", "Parent Relationship": "Outer", "Join Type": "Inner", "Startup Cost": 6.69, "Total Cost": 23583.78, "Plan Rows": 5, "Plan Width": 32, "Actual Min Startup Time": 60.582, "Actual Max Startup Time": 60.582, "Actual Min Total Time": 191.17, "Actual Max Total Time": 191.17, "Inner Unique": false, "Plans": [{"Node Type": "Hash Join", "Parent Relationship": "Outer", "Join Type": "Inner", "Startup Cost": 6.38, "Total Cost": 23527.15, "Plan Rows": 13, "Plan Width": 24, "Actual Min Startup Time": 59.008, "Actual Max Startup Time": 59.008, "Actual Min Total Time": 185.248, "Actual Max Total Time": 185.248, "Inner Unique": true, "Hash Cond": "(ci.role_id = rt.id)", "Plans": [{"Node Type": "Nested Loop", "Parent Relationship": "Outer", "Join Type": "Inner", "Startup Cost": 5.22, "Total Cost": 23525.5, "Plan Rows": 141, "Plan Width": 28, "Actual Min Startup Time": 58.887, "Actual Max Startup Time": 58.887, "Actual Min Total Time": 184.819, "Actual Max Total Time": 184.819, "Inner Unique": false, "Join Filter": "(n.id = ci.person_id)", "Rows Removed by Join Filter": 0, "Plans": [{"Node Type": "Nested Loop", "Parent Relationship": "Outer", "Join Type": "Inner", "Startup Cost": 4.22, "Total Cost": 22912.31, "Plan Rows": 115, "Plan Width": 24, "Actual Min Startup Time": 57.317, "Actual Max Startup Time": 57.317, "Actual Min Total Time": 133.405, "Actual Max Total Time": 133.405, "Inner Unique": false, "Plans": [{"Node Type": "Streaming(type: LOCAL GATHER dop: 1/16)", "Parent Relationship": "Outer", "Startup Cost": 0.0, "Total Cost": 22121.41, "Plan Rows": 96, "Plan Width": 4, "Actual Min Startup Time": 57.218, "Actual Max Startup Time": 57.218, "Actual Min Total Time": 101.844, "Actual Max Total Time": 101.844, "Plans": [{"Node Type": "Seq Scan", "Parent Relationship": "Outer", "Relation Name": "name", "Alias": "n", "Startup Cost": 0.0, "Total Cost": 22119.33, "Plan Rows": 96, "Plan Width": 4, "Actual Min Startup Time": 40.619, "Actual Max Startup Time": 46.277, "Actual Min Total Time": 101.138, "Actual Max Total Time": 107.411, "Filter": "(((name)::text ~~ '%Ang%'::text) AND ((gender)::text = 'f'::text))", "Rows Removed by Filter": 4160722, "Actual Rows": 6768}], "Actual Rows": 6768}, {"Node Type": "Bitmap Heap Scan", "Parent Relationship": "Inner", "Relation Name": "aka_name", "Alias": "an", "Startup Cost": 4.22, "Total Cost": 8.23, "Plan Rows": 1, "Plan Width": 20, "Actual Min Startup Time": 23.423, "Actual Max Startup Time": 23.423, "Actual Min Total Time": 23.939, "Actual Max Total Time": 23.939, "Recheck Cond": "(person_id = n.id)", "Rows Removed by Index Recheck": 0, "Exact Heap Blocks": 1014, "Lossy Heap Blocks": 1014, "Plans": [{"Node Type": "Bitmap Index Scan", "Parent Relationship": "Outer", "Index Name": "person_id_aka_name", "Startup Cost": 0.0, "Total Cost": 4.22, "Plan Rows": 1, "Plan Width": 0, "Actual Min Startup Time": 18.273, "Actual Max Startup Time": 18.273, "Actual Min Total Time": 18.273, "Actual Max Total Time": 18.273, "Index Cond": "(person_id = n.id)", "Actual Rows": 1558}], "Actual Rows": 1558}], "Actual Rows": 1558}, {"Node Type": "Bitmap Heap Scan", "Parent Relationship": "Inner", "Relation Name": "cast_info", "Alias": "ci", "Startup Cost": 1.0, "Total Cost": 5.32, "Plan Rows": 1, "Plan Width": 16, "Actual Min Startup Time": 45.926, "Actual Max Startup Time": 45.926, "Actual Min Total Time": 49.196, "Actual Max Total Time": 49.196, "Recheck Cond": "(person_id = an.person_id)", "Rows Removed by Index Recheck": 0, "Filter": "((note)::text = ANY ('{(voice),\"(voice: Japanese version)\",\"(voice) (uncredited)\",\"(voice: English version)\"}'::text[]))", "Rows Removed by Filter": 69057, "Exact Heap Blocks": 2627, "Lossy Heap Blocks": 2627, "Plans": [{"Node Type": "Bitmap Index Scan", "Parent Relationship": "Outer", "Index Name": "person_id_cast_info", "Startup Cost": 0.0, "Total Cost": 1.0, "Plan Rows": 18, "Plan Width": 0, "Actual Min Startup Time": 14.75, "Actual Max Startup Time": 14.75, "Actual Min Total Time": 14.75, "Actual Max Total Time": 14.75, "Index Cond": "(person_id = an.person_id)", "Actual Rows": 69482}], "Actual Rows": 425}], "Actual Rows": 425}, {"Node Type": "Hash", "Parent Relationship": "Inner", "Startup Cost": 1.15, "Total Cost": 1.15, "Plan Rows": 1, "Plan Width": 4, "Actual Min Startup Time": 0.053, "Actual Max Startup Time": 0.053, "Actual Min Total Time": 0.053, "Actual Max Total Time": 0.053, "Max Hash Buckets": 32768, "Min Hash Buckets": 32768, "Max Hash Batches": 1, "Min Hash Batches": 1, "Max Original Hash Batches": 1, "Min Original Hash Batches": 1, "Max Peak Memory Usage": 1, "min Peak Memory Usage": 1, "Plans": [{"Node Type": "Seq Scan", "Parent Relationship": "Outer", "Relation Name": "role_type", "Alias": "rt", "Startup Cost": 0.0, "Total Cost": 1.15, "Plan Rows": 1, "Plan Width": 4, "Actual Min Startup Time": 0.039, "Actual Max Startup Time": 0.039, "Actual Min Total Time": 0.043, "Actual Max Total Time": 0.043, "Filter": "((role)::text = 'actress'::text)", "Rows Removed by Filter": 11, "Actual Rows": 1}], "Actual Rows": 1}], "Actual Rows": 425}, {"Node Type": "Bitmap Heap Scan", "Parent Relationship": "Inner", "Relation Name": "movie_companies", "Alias": "mc", "Startup Cost": 0.31, "Total Cost": 4.35, "Plan Rows": 1, "Plan Width": 8, "Actual Min Startup Time": 4.196, "Actual Max Startup Time": 4.196, "Actual Min Total Time": 5.158, "Actual Max Total Time": 5.158, "Recheck Cond": "(movie_id = ci.movie_id)", "Rows Removed by Index Recheck": 0, "Filter": "((note IS NOT NULL) AND (((note)::text ~~ '%(USA)%'::text) OR ((note)::text ~~ '%(worldwide)%'::text)))", "Rows Removed by Filter": 1538, "Exact Heap Blocks": 580, "Lossy Heap Blocks": 580, "Plans": [{"Node Type": "Bitmap Index Scan", "Parent Relationship": "Outer", "Index Name": "movie_id_movie_companies", "Startup Cost": 0.0, "Total Cost": 0.31, "Plan Rows": 2, "Plan Width": 0, "Actual Min Startup Time": 2.165, "Actual Max Startup Time": 2.165, "Actual Min Total Time": 2.165, "Actual Max Total Time": 2.165, "Index Cond": "(movie_id = ci.movie_id)", "Actual Rows": 1911}], "Actual Rows": 373}], "Actual Rows": 373}, {"Node Type": "Bitmap Heap Scan", "Parent Relationship": "Inner", "Relation Name": "char_name", "Alias": "chn", "Startup Cost": 0.31, "Total Cost": 4.33, "Plan Rows": 1, "Plan Width": 20, "Actual Min Startup Time": 1.85, "Actual Max Startup Time": 1.85, "Actual Min Total Time": 1.85, "Actual Max Total Time": 1.85, "Recheck Cond": "(id = ci.person_role_id)", "Rows Removed by Index Recheck": 0, "Exact Heap Blocks": 348, "Lossy Heap Blocks": 348, "Plans": [{"Node Type": "Bitmap Index Scan", "Parent Relationship": "Outer", "Index Name": "char_name_pkey", "Startup Cost": 0.0, "Total Cost": 0.31, "Plan Rows": 1, "Plan Width": 0, "Actual Min Startup Time": 1.209, "Actual Max Startup Time": 1.209, "Actual Min Total Time": 1.209, "Actual Max Total Time": 1.209, "Index Cond": "(id = ci.person_role_id)", "Actual Rows": 348}], "Actual Rows": 348}], "Actual Rows": 348}, {"Node Type": "Bitmap Heap Scan", "Parent Relationship": "Inner", "Relation Name": "company_name", "Alias": "cn", "Startup Cost": 0.26, "Total Cost": 4.28, "Plan Rows": 1, "Plan Width": 4, "Actual Min Startup Time": 1.833, "Actual Max Startup Time": 1.833, "Actual Min Total Time": 1.833, "Actual Max Total Time": 1.833, "Recheck Cond": "(id = mc.company_id)", "Rows Removed by Index Recheck": 0, "Filter": "((country_code)::text = '[us]'::text)", "Rows Removed by Filter": 7, "Exact Heap Blocks": 348, "Lossy Heap Blocks": 348, "Plans": [{"Node Type": "Bitmap Index Scan", "Parent Relationship": "Outer", "Index Name": "company_name_pkey", "Startup Cost": 0.0, "Total Cost": 0.26, "Plan Rows": 1, "Plan Width": 0, "Actual Min Startup Time": 1.053, "Actual Max Startup Time": 1.053, "Actual Min Total Time": 1.053, "Actual Max Total Time": 1.053, "Index Cond": "(id = mc.company_id)", "Actual Rows": 348}], "Actual Rows": 341}], "Actual Rows": 341}, {"Node Type": "Bitmap Heap Scan", "Parent Relationship": "Inner", "Relation Name": "title", "Alias": "t", "Startup Cost": 0.3, "Total Cost": 4.32, "Plan Rows": 1, "Plan Width": 21, "Actual Min Startup Time": 1.866, "Actual Max Startup Time": 1.866, "Actual Min Total Time": 1.866, "Actual Max Total Time": 1.866, "Recheck Cond": "(id = ci.movie_id)", "Rows Removed by Index Recheck": 0, "Filter": "((production_year >= 2005) AND (production_year <= 2015))", "Rows Removed by Filter": 220, "Exact Heap Blocks": 341, "Lossy Heap Blocks": 341, "Plans": [{"Node Type": "Bitmap Index Scan", "Parent Relationship": "Outer", "Index Name": "title_pkey", "Startup Cost": 0.0, "Total Cost": 0.3, "Plan Rows": 1, "Plan Width": 0, "Actual Min Startup Time": 1.103, "Actual Max Startup Time": 1.103, "Actual Min Total Time": 1.103, "Actual Max Total Time": 1.103, "Index Cond": "(id = ci.movie_id)", "Actual Rows": 341}], "Actual Rows": 121}], "Actual Rows": 121}], "Actual Rows": 1}, "Triggers": [], "Planner Runtime": 245, "Total Runtime": 201.654, "Unique SQL Id": 3431223514}}, "(16, 67)": {"explain_plan": {"Plan": {"Node Type": "Aggregate", "Strategy": "Plain", "Startup Cost": 199170.6, "Total Cost": 199170.61, "Plan Rows": 1, "Plan Width": 145, "Plans": [{"Node Type": "Nested Loop", "Parent Relationship": "Outer", "Join Type": "Inner", "Startup Cost": 83164.39, "Total Cost": 199170.59, "Plan Rows": 2, "Plan Width": 49, "Inner Unique": true, "Plans": [{"Node Type": "Nested Loop", "Parent Relationship": "Outer", "Join Type": "Inner", "Startup Cost": 83164.09, "Total Cost": 199161.93, "Plan Rows": 2, "Plan Width": 40, "Inner Unique": true, "Plans": [{"Node Type": "Nested Loop", "Parent Relationship": "Outer", "Join Type": "Inner", "Startup Cost": 83163.83, "Total Cost": 199153.35, "Plan Rows": 2, "Plan Width": 44, "Inner Unique": true, "Plans": [{"Node Type": "Nested Loop", "Parent Relationship": "Outer", "Join Type": "Inner", "Startup Cost": 83163.51, "Total Cost": 199131.67, "Plan Rows": 5, "Plan Width": 32, "Inner Unique": false, "Plans": [{"Node Type": "Nested Loop", "Parent Relationship": "Outer", "Join Type": "Inner", "Startup Cost": 83163.2, "Total Cost": 199075.04, "Plan Rows": 13, "Plan Width": 24, "Inner Unique": true, "Plans": [{"Node Type": "Nested Loop", "Parent Relationship": "Outer", "Join Type": "Inner", "Startup Cost": 83162.94, "Total Cost": 198471.17, "Plan Rows": 141, "Plan Width": 28, "Inner Unique": false, "Join Filter": "(n.id = ci.person_id)", "Plans": [{"Node Type": "Nested Loop", "Parent Relationship": "Outer", "Join Type": "Inner", "Startup Cost": 83161.94, "Total Cost": 197857.98, "Plan Rows": 115, "Plan Width": 24, "Inner Unique": false, "Plans": [{"Node Type": "Bitmap Heap Scan", "Parent Relationship": "Outer", "Relation Name": "name", "Alias": "n", "Startup Cost": 83157.72, "Total Cost": 197067.07, "Plan Rows": 96, "Plan Width": 4, "Filter": "(((name)::text ~~ '%Ang%'::text) AND ((gender)::text = 'f'::text))", "Plans": [{"Node Type": "Bitmap Index Scan", "Parent Relationship": "Outer", "Index Name": "name_pkey", "Startup Cost": 0.0, "Total Cost": 83157.7, "Plan Rows": 4167490, "Plan Width": 0}]}, {"Node Type": "Bitmap Heap Scan", "Parent Relationship": "Inner", "Relation Name": "aka_name", "Alias": "an", "Startup Cost": 4.22, "Total Cost": 8.23, "Plan Rows": 1, "Plan Width": 20, "Recheck Cond": "(person_id = n.id)", "Plans": [{"Node Type": "Bitmap Index Scan", "Parent Relationship": "Outer", "Index Name": "person_id_aka_name", "Startup Cost": 0.0, "Total Cost": 4.22, "Plan Rows": 1, "Plan Width": 0, "Index Cond": "(person_id = n.id)"}]}]}, {"Node Type": "Bitmap Heap Scan", "Parent Relationship": "Inner", "Relation Name": "cast_info", "Alias": "ci", "Startup Cost": 1.0, "Total Cost": 5.32, "Plan Rows": 1, "Plan Width": 16, "Recheck Cond": "(person_id = an.person_id)", "Filter": "((note)::text = ANY ('{(voice),\"(voice: Japanese version)\",\"(voice) (uncredited)\",\"(voice: English version)\"}'::text[]))", "Plans": [{"Node Type": "Bitmap Index Scan", "Parent Relationship": "Outer", "Index Name": "person_id_cast_info", "Startup Cost": 0.0, "Total Cost": 1.0, "Plan Rows": 18, "Plan Width": 0, "Index Cond": "(person_id = an.person_id)"}]}]}, {"Node Type": "Bitmap Heap Scan", "Parent Relationship": "Inner", "Relation Name": "role_type", "Alias": "rt", "Startup Cost": 0.26, "Total Cost": 4.27, "Plan Rows": 1, "Plan Width": 4, "Recheck Cond": "(id = ci.role_id)", "Filter": "((role)::text = 'actress'::text)", "Plans": [{"Node Type": "Bitmap Index Scan", "Parent Relationship": "Outer", "Index Name": "role_type_pkey", "Startup Cost": 0.0, "Total Cost": 0.26, "Plan Rows": 1, "Plan Width": 0, "Index Cond": "(id = ci.role_id)"}]}]}, {"Node Type": "Bitmap Heap Scan", "Parent Relationship": "Inner", "Relation Name": "movie_companies", "Alias": "mc", "Startup Cost": 0.31, "Total Cost": 4.35, "Plan Rows": 1, "Plan Width": 8, "Recheck Cond": "(movie_id = ci.movie_id)", "Filter": "((note IS NOT NULL) AND (((note)::text ~~ '%(USA)%'::text) OR ((note)::text ~~ '%(worldwide)%'::text)))", "Plans": [{"Node Type": "Bitmap Index Scan", "Parent Relationship": "Outer", "Index Name": "movie_id_movie_companies", "Startup Cost": 0.0, "Total Cost": 0.31, "Plan Rows": 2, "Plan Width": 0, "Index Cond": "(movie_id = ci.movie_id)"}]}]}, {"Node Type": "Bitmap Heap Scan", "Parent Relationship": "Inner", "Relation Name": "char_name", "Alias": "chn", "Startup Cost": 0.31, "Total Cost": 4.33, "Plan Rows": 1, "Plan Width": 20, "Recheck Cond": "(id = ci.person_role_id)", "Plans": [{"Node Type": "Bitmap Index Scan", "Parent Relationship": "Outer", "Index Name": "char_name_pkey", "Startup Cost": 0.0, "Total Cost": 0.31, "Plan Rows": 1, "Plan Width": 0, "Index Cond": "(id = ci.person_role_id)"}]}]}, {"Node Type": "Bitmap Heap Scan", "Parent Relationship": "Inner", "Relation Name": "company_name", "Alias": "cn", "Startup Cost": 0.26, "Total Cost": 4.28, "Plan Rows": 1, "Plan Width": 4, "Recheck Cond": "(id = mc.company_id)", "Filter": "((country_code)::text = '[us]'::text)", "Plans": [{"Node Type": "Bitmap Index Scan", "Parent Relationship": "Outer", "Index Name": "company_name_pkey", "Startup Cost": 0.0, "Total Cost": 0.26, "Plan Rows": 1, "Plan Width": 0, "Index Cond": "(id = mc.company_id)"}]}]}, {"Node Type": "Bitmap Heap Scan", "Parent Relationship": "Inner", "Relation Name": "title", "Alias": "t", "Startup Cost": 0.3, "Total Cost": 4.32, "Plan Rows": 1, "Plan Width": 21, "Recheck Cond": "(id = ci.movie_id)", "Filter": "((production_year >= 2005) AND (production_year <= 2015))", "Plans": [{"Node Type": "Bitmap Index Scan", "Parent Relationship": "Outer", "Index Name": "title_pkey", "Startup Cost": 0.0, "Total Cost": 0.3, "Plan Rows": 1, "Plan Width": 0, "Index Cond": "(id = ci.movie_id)"}]}]}]}, "Unique SQL Id": 3431223514, "Planner Runtime": 88}, "explain_analyze_plan": null}, "(16, 68)": {"explain_plan": {"Plan": {"Node Type": "Aggregate", "Strategy": "Plain", "Startup Cost": 23236.72, "Total Cost": 23236.73, "Plan Rows": 1, "Plan Width": 145, "Plans": [{"Node Type": "Nested Loop", "Parent Relationship": "Outer", "Join Type": "Inner", "Startup Cost": 0.0, "Total Cost": 23236.71, "Plan Rows": 1, "Plan Width": 49, "Inner Unique": true, "Plans": [{"Node Type": "Nested Loop", "Parent Relationship": "Outer", "Join Type": "Inner", "Startup Cost": 0.0, "Total Cost": 23236.21, "Plan Rows": 1, "Plan Width": 40, "Inner Unique": true, "Plans": [{"Node Type": "Nested Loop", "Parent Relationship": "Outer", "Join Type": "Inner", "Startup Cost": 0.0, "Total Cost": 23235.56, "Plan Rows": 2, "Plan Width": 44, "Inner Unique": true, "Plans": [{"Node Type": "Nested Loop", "Parent Relationship": "Outer", "Join Type": "Inner", "Startup Cost": 0.0, "Total Cost": 23233.01, "Plan Rows": 5, "Plan Width": 32, "Inner Unique": false, "Plans": [{"Node Type": "Nested Loop", "Parent Relationship": "Outer", "Join Type": "Inner", "Startup Cost": 0.0, "Total Cost": 23227.4, "Plan Rows": 13, "Plan Width": 24, "Inner Unique": true, "Plans": [{"Node Type": "Nested Loop", "Parent Relationship": "Outer", "Join Type": "Inner", "Startup Cost": 0.0, "Total Cost": 23187.57, "Plan Rows": 141, "Plan Width": 28, "Inner Unique": false, "Join Filter": "(n.id = ci.person_id)", "Plans": [{"Node Type": "Nested Loop", "Parent Relationship": "Outer", "Join Type": "Inner", "Startup Cost": 0.0, "Total Cost": 22912.29, "Plan Rows": 115, "Plan Width": 24, "Inner Unique": false, "Plans": [{"Node Type": "Streaming(type: LOCAL GATHER dop: 1/16)", "Parent Relationship": "Outer", "Startup Cost": 0.0, "Total Cost": 22121.41, "Plan Rows": 96, "Plan Width": 4, "Plans": [{"Node Type": "Seq Scan", "Parent Relationship": "Outer", "Relation Name": "name", "Alias": "n", "Startup Cost": 0.0, "Total Cost": 22119.33, "Plan Rows": 96, "Plan Width": 4, "Filter": "(((name)::text ~~ '%Ang%'::text) AND ((gender)::text = 'f'::text))"}]}, {"Node Type": "Index Scan", "Parent Relationship": "Inner", "Scan Direction": "Forward", "Index Name": "person_id_aka_name", "Relation Name": "aka_name", "Alias": "an", "Startup Cost": 0.0, "Total Cost": 8.23, "Plan Rows": 1, "Plan Width": 20, "Index Cond": "(person_id = n.id)"}]}, {"Node Type": "Index Scan", "Parent Relationship": "Inner", "Scan Direction": "Forward", "Index Name": "person_id_cast_info", "Relation Name": "cast_info", "Alias": "ci", "Startup Cost": 0.0, "Total Cost": 2.38, "Plan Rows": 1, "Plan Width": 16, "Index Cond": "(person_id = an.person_id)", "Filter": "((note)::text = ANY ('{(voice),\"(voice: Japanese version)\",\"(voice) (uncredited)\",\"(voice: English version)\"}'::text[]))"}]}, {"Node Type": "Index Scan", "Parent Relationship": "Inner", "Scan Direction": "Forward", "Index Name": "role_type_pkey", "Relation Name": "role_type", "Alias": "rt", "Startup Cost": 0.0, "Total Cost": 0.27, "Plan Rows": 1, "Plan Width": 4, "Index Cond": "(id = ci.role_id)", "Filter": "((role)::text = 'actress'::text)"}]}, {"Node Type": "Index Scan", "Parent Relationship": "Inner", "Scan Direction": "Forward", "Index Name": "movie_id_movie_companies", "Relation Name": "movie_companies", "Alias": "mc", "Startup Cost": 0.0, "Total Cost": 0.42, "Plan Rows": 1, "Plan Width": 8, "Index Cond": "(movie_id = ci.movie_id)", "Filter": "((note IS NOT NULL) AND (((note)::text ~~ '%(USA)%'::text) OR ((note)::text ~~ '%(worldwide)%'::text)))"}]}, {"Node Type": "Index Scan", "Parent Relationship": "Inner", "Scan Direction": "Forward", "Index Name": "char_name_pkey", "Relation Name": "char_name", "Alias": "chn", "Startup Cost": 0.0, "Total Cost": 0.5, "Plan Rows": 1, "Plan Width": 20, "Index Cond": "(id = ci.person_role_id)"}]}, {"Node Type": "Index Scan", "Parent Relationship": "Inner", "Scan Direction": "Forward", "Index Name": "company_name_pkey", "Relation Name": "company_name", "Alias": "cn", "Startup Cost": 0.0, "Total Cost": 0.32, "Plan Rows": 1, "Plan Width": 4, "Index Cond": "(id = mc.company_id)", "Filter": "((country_code)::text = '[us]'::text)"}]}, {"Node Type": "Index Scan", "Parent Relationship": "Inner", "Scan Direction": "Forward", "Index Name": "title_pkey", "Relation Name": "title", "Alias": "t", "Startup Cost": 0.0, "Total Cost": 0.49, "Plan Rows": 1, "Plan Width": 21, "Index Cond": "(id = ci.movie_id)", "Filter": "((production_year >= 2005) AND (production_year <= 2015))"}]}]}, "Unique SQL Id": 3431223514, "Planner Runtime": 175}, "explain_analyze_plan": {"Plan": {"Node Type": "Aggregate", "Strategy": "Plain", "Startup Cost": 23236.72, "Total Cost": 23236.73, "Plan Rows": 1, "Plan Width": 145, "Actual Min Startup Time": 189.563, "Actual Max Startup Time": 189.563, "Actual Min Total Time": 189.564, "Actual Max Total Time": 189.564, "Plans": [{"Node Type": "Nested Loop", "Parent Relationship": "Outer", "Join Type": "Inner", "Startup Cost": 0.0, "Total Cost": 23236.71, "Plan Rows": 1, "Plan Width": 49, "Actual Min Startup Time": 69.69, "Actual Max Startup Time": 69.69, "Actual Min Total Time": 189.327, "Actual Max Total Time": 189.327, "Inner Unique": true, "Plans": [{"Node Type": "Nested Loop", "Parent Relationship": "Outer", "Join Type": "Inner", "Startup Cost": 0.0, "Total Cost": 23236.21, "Plan Rows": 1, "Plan Width": 40, "Actual Min Startup Time": 61.462, "Actual Max Startup Time": 61.462, "Actual Min Total Time": 187.482, "Actual Max Total Time": 187.482, "Inner Unique": true, "Plans": [{"Node Type": "Nested Loop", "Parent Relationship": "Outer", "Join Type": "Inner", "Startup Cost": 0.0, "Total Cost": 23235.56, "Plan Rows": 2, "Plan Width": 44, "Actual Min Startup Time": 61.442, "Actual Max Startup Time": 61.442, "Actual Min Total Time": 185.683, "Actual Max Total Time": 185.683, "Inner Unique": true, "Plans": [{"Node Type": "Nested Loop", "Parent Relationship": "Outer", "Join Type": "Inner", "Startup Cost": 0.0, "Total Cost": 23233.01, "Plan Rows": 5, "Plan Width": 32, "Actual Min Startup Time": 61.422, "Actual Max Startup Time": 61.422, "Actual Min Total Time": 183.916, "Actual Max Total Time": 183.916, "Inner Unique": false, "Plans": [{"Node Type": "Nested Loop", "Parent Relationship": "Outer", "Join Type": "Inner", "Startup Cost": 0.0, "Total Cost": 23227.4, "Plan Rows": 13, "Plan Width": 24, "Actual Min Startup Time": 60.102, "Actual Max Startup Time": 60.102, "Actual Min Total Time": 179.503, "Actual Max Total Time": 179.503, "Inner Unique": true, "Plans": [{"Node Type": "Nested Loop", "Parent Relationship": "Outer", "Join Type": "Inner", "Startup Cost": 0.0, "Total Cost": 23187.57, "Plan Rows": 141, "Plan Width": 28, "Actual Min Startup Time": 60.089, "Actual Max Startup Time": 60.089, "Actual Min Total Time": 178.229, "Actual Max Total Time": 178.229, "Inner Unique": false, "Join Filter": "(n.id = ci.person_id)", "Rows Removed by Join Filter": 0, "Plans": [{"Node Type": "Nested Loop", "Parent Relationship": "Outer", "Join Type": "Inner", "Startup Cost": 0.0, "Total Cost": 22912.29, "Plan Rows": 115, "Plan Width": 24, "Actual Min Startup Time": 58.801, "Actual Max Startup Time": 58.801, "Actual Min Total Time": 127.723, "Actual Max Total Time": 127.723, "Inner Unique": false, "Plans": [{"Node Type": "Streaming(type: LOCAL GATHER dop: 1/16)", "Parent Relationship": "Outer", "Startup Cost": 0.0, "Total Cost": 22121.41, "Plan Rows": 96, "Plan Width": 4, "Actual Min Startup Time": 58.724, "Actual Max Startup Time": 58.724, "Actual Min Total Time": 104.63, "Actual Max Total Time": 104.63, "Plans": [{"Node Type": "Seq Scan", "Parent Relationship": "Outer", "Relation Name": "name", "Alias": "n", "Startup Cost": 0.0, "Total Cost": 22119.33, "Plan Rows": 96, "Plan Width": 4, "Actual Min Startup Time": 40.745, "Actual Max Startup Time": 45.186, "Actual Min Total Time": 101.203, "Actual Max Total Time": 105.942, "Filter": "(((name)::text ~~ '%Ang%'::text) AND ((gender)::text = 'f'::text))", "Rows Removed by Filter": 4160722, "Actual Rows": 6768}], "Actual Rows": 6768}, {"Node Type": "Index Scan", "Parent Relationship": "Inner", "Scan Direction": "Forward", "Index Name": "person_id_aka_name", "Relation Name": "aka_name", "Alias": "an", "Startup Cost": 0.0, "Total Cost": 8.23, "Plan Rows": 1, "Plan Width": 20, "Actual Min Startup Time": 18.625, "Actual Max Startup Time": 18.625, "Actual Min Total Time": 19.445, "Actual Max Total Time": 19.445, "Index Cond": "(person_id = n.id)", "Rows Removed by Index Recheck": 0, "Actual Rows": 1558}], "Actual Rows": 1558}, {"Node Type": "Index Scan", "Parent Relationship": "Inner", "Scan Direction": "Forward", "Index Name": "person_id_cast_info", "Relation Name": "cast_info", "Alias": "ci", "Startup Cost": 0.0, "Total Cost": 2.38, "Plan Rows": 1, "Plan Width": 16, "Actual Min Startup Time": 44.65, "Actual Max Startup Time": 44.65, "Actual Min Total Time": 49.451, "Actual Max Total Time": 49.451, "Index Cond": "(person_id = an.person_id)", "Rows Removed by Index Recheck": 0, "Filter": "((note)::text = ANY ('{(voice),\"(voice: Japanese version)\",\"(voice) (uncredited)\",\"(voice: English version)\"}'::text[]))", "Rows Removed by Filter": 69057, "Actual Rows": 425}], "Actual Rows": 425}, {"Node Type": "Index Scan", "Parent Relationship": "Inner", "Scan Direction": "Forward", "Index Name": "role_type_pkey", "Relation Name": "role_type", "Alias": "rt", "Startup Cost": 0.0, "Total Cost": 0.27, "Plan Rows": 1, "Plan Width": 4, "Actual Min Startup Time": 0.858, "Actual Max Startup Time": 0.858, "Actual Min Total Time": 0.858, "Actual Max Total Time": 0.858, "Index Cond": "(id = ci.role_id)", "Rows Removed by Index Recheck": 0, "Filter": "((role)::text = 'actress'::text)", "Rows Removed by Filter": 0, "Actual Rows": 425}], "Actual Rows": 425}, {"Node Type": "Index Scan", "Parent Relationship": "Inner", "Scan Direction": "Forward", "Index Name": "movie_id_movie_companies", "Relation Name": "movie_companies", "Alias": "mc", "Startup Cost": 0.0, "Total Cost": 0.42, "Plan Rows": 1, "Plan Width": 8, "Actual Min Startup Time": 2.875, "Actual Max Startup Time": 2.875, "Actual Min Total Time": 4.052, "Actual Max Total Time": 4.052, "Index Cond": "(movie_id = ci.movie_id)", "Rows Removed by Index Recheck": 0, "Filter": "((note IS NOT NULL) AND (((note)::text ~~ '%(USA)%'::text) OR ((note)::text ~~ '%(worldwide)%'::text)))", "Rows Removed by Filter": 1538, "Actual Rows": 373}], "Actual Rows": 373}, {"Node Type": "Index Scan", "Parent Relationship": "Inner", "Scan Direction": "Forward", "Index Name": "char_name_pkey", "Relation Name": "char_name", "Alias": "chn", "Startup Cost": 0.0, "Total Cost": 0.5, "Plan Rows": 1, "Plan Width": 20, "Actual Min Startup Time": 1.399, "Actual Max Startup Time": 1.399, "Actual Min Total Time": 1.399, "Actual Max Total Time": 1.399, "Index Cond": "(id = ci.person_role_id)", "Rows Removed by Index Recheck": 0, "Actual Rows": 348}], "Actual Rows": 348}, {"Node Type": "Index Scan", "Parent Relationship": "Inner", "Scan Direction": "Forward", "Index Name": "company_name_pkey", "Relation Name": "company_name", "Alias": "cn", "Startup Cost": 0.0, "Total Cost": 0.32, "Plan Rows": 1, "Plan Width": 4, "Actual Min Startup Time": 1.447, "Actual Max Startup Time": 1.447, "Actual Min Total Time": 1.447, "Actual Max Total Time": 1.447, "Index Cond": "(id = mc.company_id)", "Rows Removed by Index Recheck": 0, "Filter": "((country_code)::text = '[us]'::text)", "Rows Removed by Filter": 7, "Actual Rows": 341}], "Actual Rows": 341}, {"Node Type": "Index Scan", "Parent Relationship": "Inner", "Scan Direction": "Forward", "Index Name": "title_pkey", "Relation Name": "title", "Alias": "t", "Startup Cost": 0.0, "Total Cost": 0.49, "Plan Rows": 1, "Plan Width": 21, "Actual Min Startup Time": 1.574, "Actual Max Startup Time": 1.574, "Actual Min Total Time": 1.574, "Actual Max Total Time": 1.574, "Index Cond": "(id = ci.movie_id)", "Rows Removed by Index Recheck": 0, "Filter": "((production_year >= 2005) AND (production_year <= 2015))", "Rows Removed by Filter": 220, "Actual Rows": 121}], "Actual Rows": 121}], "Actual Rows": 1}, "Triggers": [], "Planner Runtime": 146, "Total Runtime": 192.53, "Unique SQL Id": 3431223514}}, "(16, 69)": {"explain_plan": {"Plan": {"Node Type": "Aggregate", "Strategy": "Plain", "Startup Cost": 154581.71, "Total Cost": 154581.72, "Plan Rows": 1, "Plan Width": 145, "Plans": [{"Node Type": "Nested Loop", "Parent Relationship": "Outer", "Join Type": "Inner", "Startup Cost": 0.0, "Total Cost": 154581.7, "Plan Rows": 1, "Plan Width": 49, "Inner Unique": true, "Plans": [{"Node Type": "Nested Loop", "Parent Relationship": "Outer", "Join Type": "Inner", "Startup Cost": 0.0, "Total Cost": 154581.21, "Plan Rows": 1, "Plan Width": 40, "Inner Unique": true, "Plans": [{"Node Type": "Nested Loop", "Parent Relationship": "Outer", "Join Type": "Inner", "Startup Cost": 0.0, "Total Cost": 154580.19, "Plan Rows": 2, "Plan Width": 28, "Inner Unique": true, "Plans": [{"Node Type": "Nested Loop", "Parent Relationship": "Outer", "Join Type": "Inner", "Startup Cost": 0.0, "Total Cost": 154578.55, "Plan Rows": 5, "Plan Width": 32, "Inner Unique": false, "Plans": [{"Node Type": "Nested Loop", "Parent Relationship": "Outer", "Join Type": "Inner", "Startup Cost": 0.0, "Total Cost": 154572.94, "Plan Rows": 13, "Plan Width": 24, "Inner Unique": true, "Plans": [{"Node Type": "Nested Loop", "Parent Relationship": "Outer", "Join Type": "Inner", "Startup Cost": 0.0, "Total Cost": 154533.1, "Plan Rows": 141, "Plan Width": 28, "Inner Unique": false, "Join Filter": "(n.id = ci.person_id)", "Plans": [{"Node Type": "Nested Loop", "Parent Relationship": "Outer", "Join Type": "Inner", "Startup Cost": 0.0, "Total Cost": 154257.82, "Plan Rows": 115, "Plan Width": 24, "Inner Unique": false, "Plans": [{"Node Type": "Streaming(type: LOCAL GATHER dop: 1/16)", "Parent Relationship": "Outer", "Startup Cost": 0.0, "Total Cost": 153466.94, "Plan Rows": 96, "Plan Width": 4, "Plans": [{"Node Type": "Index Scan", "Parent Relationship": "Outer", "Scan Direction": "Forward", "Index Name": "name_pkey", "Relation Name": "name", "Alias": "n", "Startup Cost": 0.0, "Total Cost": 153464.87, "Plan Rows": 96, "Plan Width": 4, "Filter": "(((name)::text ~~ '%Ang%'::text) AND ((gender)::text = 'f'::text))"}]}, {"Node Type": "Index Scan", "Parent Relationship": "Inner", "Scan Direction": "Forward", "Index Name": "person_id_aka_name", "Relation Name": "aka_name", "Alias": "an", "Startup Cost": 0.0, "Total Cost": 8.23, "Plan Rows": 1, "Plan Width": 20, "Index Cond": "(person_id = n.id)"}]}, {"Node Type": "Index Scan", "Parent Relationship": "Inner", "Scan Direction": "Forward", "Index Name": "person_id_cast_info", "Relation Name": "cast_info", "Alias": "ci", "Startup Cost": 0.0, "Total Cost": 2.38, "Plan Rows": 1, "Plan Width": 16, "Index Cond": "(person_id = an.person_id)", "Filter": "((note)::text = ANY ('{(voice),\"(voice: Japanese version)\",\"(voice) (uncredited)\",\"(voice: English version)\"}'::text[]))"}]}, {"Node Type": "Index Scan", "Parent Relationship": "Inner", "Scan Direction": "Forward", "Index Name": "role_type_pkey", "Relation Name": "role_type", "Alias": "rt", "Startup Cost": 0.0, "Total Cost": 0.27, "Plan Rows": 1, "Plan Width": 4, "Index Cond": "(id = ci.role_id)", "Filter": "((role)::text = 'actress'::text)"}]}, {"Node Type": "Index Scan", "Parent Relationship": "Inner", "Scan Direction": "Forward", "Index Name": "movie_id_movie_companies", "Relation Name": "movie_companies", "Alias": "mc", "Startup Cost": 0.0, "Total Cost": 0.42, "Plan Rows": 1, "Plan Width": 8, "Index Cond": "(movie_id = ci.movie_id)", "Filter": "((note IS NOT NULL) AND (((note)::text ~~ '%(USA)%'::text) OR ((note)::text ~~ '%(worldwide)%'::text)))"}]}, {"Node Type": "Index Scan", "Parent Relationship": "Inner", "Scan Direction": "Forward", "Index Name": "company_name_pkey", "Relation Name": "company_name", "Alias": "cn", "Startup Cost": 0.0, "Total Cost": 0.32, "Plan Rows": 1, "Plan Width": 4, "Index Cond": "(id = mc.company_id)", "Filter": "((country_code)::text = '[us]'::text)"}]}, {"Node Type": "Index Scan", "Parent Relationship": "Inner", "Scan Direction": "Forward", "Index Name": "char_name_pkey", "Relation Name": "char_name", "Alias": "chn", "Startup Cost": 0.0, "Total Cost": 0.5, "Plan Rows": 1, "Plan Width": 20, "Index Cond": "(id = ci.person_role_id)"}]}, {"Node Type": "Index Scan", "Parent Relationship": "Inner", "Scan Direction": "Forward", "Index Name": "title_pkey", "Relation Name": "title", "Alias": "t", "Startup Cost": 0.0, "Total Cost": 0.49, "Plan Rows": 1, "Plan Width": 21, "Index Cond": "(id = ci.movie_id)", "Filter": "((production_year >= 2005) AND (production_year <= 2015))"}]}]}, "Unique SQL Id": 3431223514, "Planner Runtime": 104}, "explain_analyze_plan": {"Plan": {"Node Type": "Aggregate", "Strategy": "Plain", "Startup Cost": 154581.71, "Total Cost": 154581.72, "Plan Rows": 1, "Plan Width": 145, "Actual Min Startup Time": 320.416, "Actual Max Startup Time": 320.416, "Actual Min Total Time": 320.417, "Actual Max Total Time": 320.417, "Plans": [{"Node Type": "Nested Loop", "Parent Relationship": "Outer", "Join Type": "Inner", "Startup Cost": 0.0, "Total Cost": 154581.7, "Plan Rows": 1, "Plan Width": 49, "Actual Min Startup Time": 98.859, "Actual Max Startup Time": 98.859, "Actual Min Total Time": 320.124, "Actual Max Total Time": 320.124, "Inner Unique": true, "Plans": [{"Node Type": "Nested Loop", "Parent Relationship": "Outer", "Join Type": "Inner", "Startup Cost": 0.0, "Total Cost": 154581.21, "Plan Rows": 1, "Plan Width": 40, "Actual Min Startup Time": 67.906, "Actual Max Startup Time": 67.906, "Actual Min Total Time": 318.254, "Actual Max Total Time": 318.254, "Inner Unique": true, "Plans": [{"Node Type": "Nested Loop", "Parent Relationship": "Outer", "Join Type": "Inner", "Startup Cost": 0.0, "Total Cost": 154580.19, "Plan Rows": 2, "Plan Width": 28, "Actual Min Startup Time": 67.889, "Actual Max Startup Time": 67.889, "Actual Min Total Time": 316.485, "Actual Max Total Time": 316.485, "Inner Unique": true, "Plans": [{"Node Type": "Nested Loop", "Parent Relationship": "Outer", "Join Type": "Inner", "Startup Cost": 0.0, "Total Cost": 154578.55, "Plan Rows": 5, "Plan Width": 32, "Actual Min Startup Time": 67.87, "Actual Max Startup Time": 67.87, "Actual Min Total Time": 314.414, "Actual Max Total Time": 314.414, "Inner Unique": false, "Plans": [{"Node Type": "Nested Loop", "Parent Relationship": "Outer", "Join Type": "Inner", "Startup Cost": 0.0, "Total Cost": 154572.94, "Plan Rows": 13, "Plan Width": 24, "Actual Min Startup Time": 67.844, "Actual Max Startup Time": 67.844, "Actual Min Total Time": 309.954, "Actual Max Total Time": 309.954, "Inner Unique": true, "Plans": [{"Node Type": "Nested Loop", "Parent Relationship": "Outer", "Join Type": "Inner", "Startup Cost": 0.0, "Total Cost": 154533.1, "Plan Rows": 141, "Plan Width": 28, "Actual Min Startup Time": 67.832, "Actual Max Startup Time": 67.832, "Actual Min Total Time": 308.644, "Actual Max Total Time": 308.644, "Inner Unique": false, "Join Filter": "(n.id = ci.person_id)", "Rows Removed by Join Filter": 0, "Plans": [{"Node Type": "Nested Loop", "Parent Relationship": "Outer", "Join Type": "Inner", "Startup Cost": 0.0, "Total Cost": 154257.82, "Plan Rows": 115, "Plan Width": 24, "Actual Min Startup Time": 67.78, "Actual Max Startup Time": 67.78, "Actual Min Total Time": 258.301, "Actual Max Total Time": 258.301, "Inner Unique": false, "Plans": [{"Node Type": "Streaming(type: LOCAL GATHER dop: 1/16)", "Parent Relationship": "Outer", "Startup Cost": 0.0, "Total Cost": 153466.94, "Plan Rows": 96, "Plan Width": 4, "Actual Min Startup Time": 67.718, "Actual Max Startup Time": 67.718, "Actual Min Total Time": 235.399, "Actual Max Total Time": 235.399, "Plans": [{"Node Type": "Index Scan", "Parent Relationship": "Outer", "Scan Direction": "Forward", "Index Name": "name_pkey", "Relation Name": "name", "Alias": "n", "Startup Cost": 0.0, "Total Cost": 153464.87, "Plan Rows": 96, "Plan Width": 4, "Actual Min Startup Time": 36.308, "Actual Max Startup Time": 291.918, "Actual Min Total Time": 271.115, "Actual Max Total Time": 291.918, "Filter": "(((name)::text ~~ '%Ang%'::text) AND ((gender)::text = 'f'::text))", "Rows Removed by Filter": 4160722, "Actual Rows": 6768}], "Actual Rows": 6768}, {"Node Type": "Index Scan", "Parent Relationship": "Inner", "Scan Direction": "Forward", "Index Name": "person_id_aka_name", "Relation Name": "aka_name", "Alias": "an", "Startup Cost": 0.0, "Total Cost": 8.23, "Plan Rows": 1, "Plan Width": 20, "Actual Min Startup Time": 18.331, "Actual Max Startup Time": 18.331, "Actual Min Total Time": 19.18, "Actual Max Total Time": 19.18, "Index Cond": "(person_id = n.id)", "Rows Removed by Index Recheck": 0, "Actual Rows": 1558}], "Actual Rows": 1558}, {"Node Type": "Index Scan", "Parent Relationship": "Inner", "Scan Direction": "Forward", "Index Name": "person_id_cast_info", "Relation Name": "cast_info", "Alias": "ci", "Startup Cost": 0.0, "Total Cost": 2.38, "Plan Rows": 1, "Plan Width": 16, "Actual Min Startup Time": 44.414, "Actual Max Startup Time": 44.414, "Actual Min Total Time": 49.22, "Actual Max Total Time": 49.22, "Index Cond": "(person_id = an.person_id)", "Rows Removed by Index Recheck": 0, "Filter": "((note)::text = ANY ('{(voice),\"(voice: Japanese version)\",\"(voice) (uncredited)\",\"(voice: English version)\"}'::text[]))", "Rows Removed by Filter": 69057, "Actual Rows": 425}], "Actual Rows": 425}, {"Node Type": "Index Scan", "Parent Relationship": "Inner", "Scan Direction": "Forward", "Index Name": "role_type_pkey", "Relation Name": "role_type", "Alias": "rt", "Startup Cost": 0.0, "Total Cost": 0.27, "Plan Rows": 1, "Plan Width": 4, "Actual Min Startup Time": 0.857, "Actual Max Startup Time": 0.857, "Actual Min Total Time": 0.857, "Actual Max Total Time": 0.857, "Index Cond": "(id = ci.role_id)", "Rows Removed by Index Recheck": 0, "Filter": "((role)::text = 'actress'::text)", "Rows Removed by Filter": 0, "Actual Rows": 425}], "Actual Rows": 425}, {"Node Type": "Index Scan", "Parent Relationship": "Inner", "Scan Direction": "Forward", "Index Name": "movie_id_movie_companies", "Relation Name": "movie_companies", "Alias": "mc", "Startup Cost": 0.0, "Total Cost": 0.42, "Plan Rows": 1, "Plan Width": 8, "Actual Min Startup Time": 2.936, "Actual Max Startup Time": 2.936, "Actual Min Total Time": 4.116, "Actual Max Total Time": 4.116, "Index Cond": "(movie_id = ci.movie_id)", "Rows Removed by Index Recheck": 0, "Filter": "((note IS NOT NULL) AND (((note)::text ~~ '%(USA)%'::text) OR ((note)::text ~~ '%(worldwide)%'::text)))", "Rows Removed by Filter": 1538, "Actual Rows": 373}], "Actual Rows": 373}, {"Node Type": "Index Scan", "Parent Relationship": "Inner", "Scan Direction": "Forward", "Index Name": "company_name_pkey", "Relation Name": "company_name", "Alias": "cn", "Startup Cost": 0.0, "Total Cost": 0.32, "Plan Rows": 1, "Plan Width": 4, "Actual Min Startup Time": 1.683, "Actual Max Startup Time": 1.683, "Actual Min Total Time": 1.683, "Actual Max Total Time": 1.683, "Index Cond": "(id = mc.company_id)", "Rows Removed by Index Recheck": 0, "Filter": "((country_code)::text = '[us]'::text)", "Rows Removed by Filter": 14, "Actual Rows": 359}], "Actual Rows": 359}, {"Node Type": "Index Scan", "Parent Relationship": "Inner", "Scan Direction": "Forward", "Index Name": "char_name_pkey", "Relation Name": "char_name", "Alias": "chn", "Startup Cost": 0.0, "Total Cost": 0.5, "Plan Rows": 1, "Plan Width": 20, "Actual Min Startup Time": 1.371, "Actual Max Startup Time": 1.371, "Actual Min Total Time": 1.371, "Actual Max Total Time": 1.371, "Index Cond": "(id = ci.person_role_id)", "Rows Removed by Index Recheck": 0, "Actual Rows": 341}], "Actual Rows": 341}, {"Node Type": "Index Scan", "Parent Relationship": "Inner", "Scan Direction": "Forward", "Index Name": "title_pkey", "Relation Name": "title", "Alias": "t", "Startup Cost": 0.0, "Total Cost": 0.49, "Plan Rows": 1, "Plan Width": 21, "Actual Min Startup Time": 1.601, "Actual Max Startup Time": 1.601, "Actual Min Total Time": 1.601, "Actual Max Total Time": 1.601, "Index Cond": "(id = ci.movie_id)", "Rows Removed by Index Recheck": 0, "Filter": "((production_year >= 2005) AND (production_year <= 2015))", "Rows Removed by Filter": 220, "Actual Rows": 121}], "Actual Rows": 121}], "Actual Rows": 1}, "Triggers": [], "Planner Runtime": 40, "Total Runtime": 323.463, "Unique SQL Id": 3431223514}}, "(16, 70)": {"explain_plan": {"Plan": {"Node Type": "Aggregate", "Strategy": "Plain", "Startup Cost": 23622.71, "Total Cost": 23622.72, "Plan Rows": 1, "Plan Width": 145, "Plans": [{"Node Type": "Nested Loop", "Parent Relationship": "Outer", "Join Type": "Inner", "Startup Cost": 7.57, "Total Cost": 23622.7, "Plan Rows": 2, "Plan Width": 49, "Inner Unique": true, "Plans": [{"Node Type": "Nested Loop", "Parent Relationship": "Outer", "Join Type": "Inner", "Startup Cost": 7.27, "Total Cost": 23614.04, "Plan Rows": 2, "Plan Width": 40, "Inner Unique": true, "Plans": [{"Node Type": "Nested Loop", "Parent Relationship": "Outer", "Join Type": "Inner", "Startup Cost": 7.01, "Total Cost": 23605.46, "Plan Rows": 2, "Plan Width": 44, "Inner Unique": true, "Plans": [{"Node Type": "Nested Loop", "Parent Relationship": "Outer", "Join Type": "Inner", "Startup Cost": 6.69, "Total Cost": 23583.78, "Plan Rows": 5, "Plan Width": 32, "Inner Unique": false, "Plans": [{"Node Type": "Hash Join", "Parent Relationship": "Outer", "Join Type": "Inner", "Startup Cost": 6.38, "Total Cost": 23527.15, "Plan Rows": 13, "Plan Width": 24, "Inner Unique": true, "Hash Cond": "(ci.role_id = rt.id)", "Plans": [{"Node Type": "Nested Loop", "Parent Relationship": "Outer", "Join Type": "Inner", "Startup Cost": 5.22, "Total Cost": 23525.5, "Plan Rows": 141, "Plan Width": 28, "Inner Unique": false, "Join Filter": "(n.id = ci.person_id)", "Plans": [{"Node Type": "Nested Loop", "Parent Relationship": "Outer", "Join Type": "Inner", "Startup Cost": 4.22, "Total Cost": 22912.31, "Plan Rows": 115, "Plan Width": 24, "Inner Unique": false, "Plans": [{"Node Type": "Streaming(type: LOCAL GATHER dop: 1/16)", "Parent Relationship": "Outer", "Startup Cost": 0.0, "Total Cost": 22121.41, "Plan Rows": 96, "Plan Width": 4, "Plans": [{"Node Type": "Seq Scan", "Parent Relationship": "Outer", "Relation Name": "name", "Alias": "n", "Startup Cost": 0.0, "Total Cost": 22119.33, "Plan Rows": 96, "Plan Width": 4, "Filter": "(((name)::text ~~ '%Ang%'::text) AND ((gender)::text = 'f'::text))"}]}, {"Node Type": "Bitmap Heap Scan", "Parent Relationship": "Inner", "Relation Name": "aka_name", "Alias": "an", "Startup Cost": 4.22, "Total Cost": 8.23, "Plan Rows": 1, "Plan Width": 20, "Recheck Cond": "(person_id = n.id)", "Plans": [{"Node Type": "Bitmap Index Scan", "Parent Relationship": "Outer", "Index Name": "person_id_aka_name", "Startup Cost": 0.0, "Total Cost": 4.22, "Plan Rows": 1, "Plan Width": 0, "Index Cond": "(person_id = n.id)"}]}]}, {"Node Type": "Bitmap Heap Scan", "Parent Relationship": "Inner", "Relation Name": "cast_info", "Alias": "ci", "Startup Cost": 1.0, "Total Cost": 5.32, "Plan Rows": 1, "Plan Width": 16, "Recheck Cond": "(person_id = an.person_id)", "Filter": "((note)::text = ANY ('{(voice),\"(voice: Japanese version)\",\"(voice) (uncredited)\",\"(voice: English version)\"}'::text[]))", "Plans": [{"Node Type": "Bitmap Index Scan", "Parent Relationship": "Outer", "Index Name": "person_id_cast_info", "Startup Cost": 0.0, "Total Cost": 1.0, "Plan Rows": 18, "Plan Width": 0, "Index Cond": "(person_id = an.person_id)"}]}]}, {"Node Type": "Hash", "Parent Relationship": "Inner", "Startup Cost": 1.15, "Total Cost": 1.15, "Plan Rows": 1, "Plan Width": 4, "Plans": [{"Node Type": "Seq Scan", "Parent Relationship": "Outer", "Relation Name": "role_type", "Alias": "rt", "Startup Cost": 0.0, "Total Cost": 1.15, "Plan Rows": 1, "Plan Width": 4, "Filter": "((role)::text = 'actress'::text)"}]}]}, {"Node Type": "Bitmap Heap Scan", "Parent Relationship": "Inner", "Relation Name": "movie_companies", "Alias": "mc", "Startup Cost": 0.31, "Total Cost": 4.35, "Plan Rows": 1, "Plan Width": 8, "Recheck Cond": "(movie_id = ci.movie_id)", "Filter": "((note IS NOT NULL) AND (((note)::text ~~ '%(USA)%'::text) OR ((note)::text ~~ '%(worldwide)%'::text)))", "Plans": [{"Node Type": "Bitmap Index Scan", "Parent Relationship": "Outer", "Index Name": "movie_id_movie_companies", "Startup Cost": 0.0, "Total Cost": 0.31, "Plan Rows": 2, "Plan Width": 0, "Index Cond": "(movie_id = ci.movie_id)"}]}]}, {"Node Type": "Bitmap Heap Scan", "Parent Relationship": "Inner", "Relation Name": "char_name", "Alias": "chn", "Startup Cost": 0.31, "Total Cost": 4.33, "Plan Rows": 1, "Plan Width": 20, "Recheck Cond": "(id = ci.person_role_id)", "Plans": [{"Node Type": "Bitmap Index Scan", "Parent Relationship": "Outer", "Index Name": "char_name_pkey", "Startup Cost": 0.0, "Total Cost": 0.31, "Plan Rows": 1, "Plan Width": 0, "Index Cond": "(id = ci.person_role_id)"}]}]}, {"Node Type": "Bitmap Heap Scan", "Parent Relationship": "Inner", "Relation Name": "company_name", "Alias": "cn", "Startup Cost": 0.26, "Total Cost": 4.28, "Plan Rows": 1, "Plan Width": 4, "Recheck Cond": "(id = mc.company_id)", "Filter": "((country_code)::text = '[us]'::text)", "Plans": [{"Node Type": "Bitmap Index Scan", "Parent Relationship": "Outer", "Index Name": "company_name_pkey", "Startup Cost": 0.0, "Total Cost": 0.26, "Plan Rows": 1, "Plan Width": 0, "Index Cond": "(id = mc.company_id)"}]}]}, {"Node Type": "Bitmap Heap Scan", "Parent Relationship": "Inner", "Relation Name": "title", "Alias": "t", "Startup Cost": 0.3, "Total Cost": 4.32, "Plan Rows": 1, "Plan Width": 21, "Recheck Cond": "(id = ci.movie_id)", "Filter": "((production_year >= 2005) AND (production_year <= 2015))", "Plans": [{"Node Type": "Bitmap Index Scan", "Parent Relationship": "Outer", "Index Name": "title_pkey", "Startup Cost": 0.0, "Total Cost": 0.3, "Plan Rows": 1, "Plan Width": 0, "Index Cond": "(id = ci.movie_id)"}]}]}]}, "Unique SQL Id": 3431223514, "Planner Runtime": 261}, "explain_analyze_plan": {"Plan": {"Node Type": "Aggregate", "Strategy": "Plain", "Startup Cost": 23622.71, "Total Cost": 23622.72, "Plan Rows": 1, "Plan Width": 145, "Actual Min Startup Time": 198.585, "Actual Max Startup Time": 198.585, "Actual Min Total Time": 198.585, "Actual Max Total Time": 198.585, "Plans": [{"Node Type": "Nested Loop", "Parent Relationship": "Outer", "Join Type": "Inner", "Startup Cost": 7.57, "Total Cost": 23622.7, "Plan Rows": 2, "Plan Width": 49, "Actual Min Startup Time": 63.257, "Actual Max Startup Time": 63.257, "Actual Min Total Time": 198.297, "Actual Max Total Time": 198.297, "Inner Unique": true, "Plans": [{"Node Type": "Nested Loop", "Parent Relationship": "Outer", "Join Type": "Inner", "Startup Cost": 7.27, "Total Cost": 23614.04, "Plan Rows": 2, "Plan Width": 40, "Actual Min Startup Time": 60.628, "Actual Max Startup Time": 60.628, "Actual Min Total Time": 195.944, "Actual Max Total Time": 195.944, "Inner Unique": true, "Plans": [{"Node Type": "Nested Loop", "Parent Relationship": "Outer", "Join Type": "Inner", "Startup Cost": 7.01, "Total Cost": 23605.46, "Plan Rows": 2, "Plan Width": 44, "Actual Min Startup Time": 60.605, "Actual Max Startup Time": 60.605, "Actual Min Total Time": 193.592, "Actual Max Total Time": 193.592, "Inner Unique": true, "Plans": [{"Node Type": "Nested Loop", "Parent Relationship": "Outer", "Join Type": "Inner", "Startup Cost": 6.69, "Total Cost": 23583.78, "Plan Rows": 5, "Plan Width": 32, "Actual Min Startup Time": 60.582, "Actual Max Startup Time": 60.582, "Actual Min Total Time": 191.17, "Actual Max Total Time": 191.17, "Inner Unique": false, "Plans": [{"Node Type": "Hash Join", "Parent Relationship": "Outer", "Join Type": "Inner", "Startup Cost": 6.38, "Total Cost": 23527.15, "Plan Rows": 13, "Plan Width": 24, "Actual Min Startup Time": 59.008, "Actual Max Startup Time": 59.008, "Actual Min Total Time": 185.248, "Actual Max Total Time": 185.248, "Inner Unique": true, "Hash Cond": "(ci.role_id = rt.id)", "Plans": [{"Node Type": "Nested Loop", "Parent Relationship": "Outer", "Join Type": "Inner", "Startup Cost": 5.22, "Total Cost": 23525.5, "Plan Rows": 141, "Plan Width": 28, "Actual Min Startup Time": 58.887, "Actual Max Startup Time": 58.887, "Actual Min Total Time": 184.819, "Actual Max Total Time": 184.819, "Inner Unique": false, "Join Filter": "(n.id = ci.person_id)", "Rows Removed by Join Filter": 0, "Plans": [{"Node Type": "Nested Loop", "Parent Relationship": "Outer", "Join Type": "Inner", "Startup Cost": 4.22, "Total Cost": 22912.31, "Plan Rows": 115, "Plan Width": 24, "Actual Min Startup Time": 57.317, "Actual Max Startup Time": 57.317, "Actual Min Total Time": 133.405, "Actual Max Total Time": 133.405, "Inner Unique": false, "Plans": [{"Node Type": "Streaming(type: LOCAL GATHER dop: 1/16)", "Parent Relationship": "Outer", "Startup Cost": 0.0, "Total Cost": 22121.41, "Plan Rows": 96, "Plan Width": 4, "Actual Min Startup Time": 57.218, "Actual Max Startup Time": 57.218, "Actual Min Total Time": 101.844, "Actual Max Total Time": 101.844, "Plans": [{"Node Type": "Seq Scan", "Parent Relationship": "Outer", "Relation Name": "name", "Alias": "n", "Startup Cost": 0.0, "Total Cost": 22119.33, "Plan Rows": 96, "Plan Width": 4, "Actual Min Startup Time": 40.619, "Actual Max Startup Time": 46.277, "Actual Min Total Time": 101.138, "Actual Max Total Time": 107.411, "Filter": "(((name)::text ~~ '%Ang%'::text) AND ((gender)::text = 'f'::text))", "Rows Removed by Filter": 4160722, "Actual Rows": 6768}], "Actual Rows": 6768}, {"Node Type": "Bitmap Heap Scan", "Parent Relationship": "Inner", "Relation Name": "aka_name", "Alias": "an", "Startup Cost": 4.22, "Total Cost": 8.23, "Plan Rows": 1, "Plan Width": 20, "Actual Min Startup Time": 23.423, "Actual Max Startup Time": 23.423, "Actual Min Total Time": 23.939, "Actual Max Total Time": 23.939, "Recheck Cond": "(person_id = n.id)", "Rows Removed by Index Recheck": 0, "Exact Heap Blocks": 1014, "Lossy Heap Blocks": 1014, "Plans": [{"Node Type": "Bitmap Index Scan", "Parent Relationship": "Outer", "Index Name": "person_id_aka_name", "Startup Cost": 0.0, "Total Cost": 4.22, "Plan Rows": 1, "Plan Width": 0, "Actual Min Startup Time": 18.273, "Actual Max Startup Time": 18.273, "Actual Min Total Time": 18.273, "Actual Max Total Time": 18.273, "Index Cond": "(person_id = n.id)", "Actual Rows": 1558}], "Actual Rows": 1558}], "Actual Rows": 1558}, {"Node Type": "Bitmap Heap Scan", "Parent Relationship": "Inner", "Relation Name": "cast_info", "Alias": "ci", "Startup Cost": 1.0, "Total Cost": 5.32, "Plan Rows": 1, "Plan Width": 16, "Actual Min Startup Time": 45.926, "Actual Max Startup Time": 45.926, "Actual Min Total Time": 49.196, "Actual Max Total Time": 49.196, "Recheck Cond": "(person_id = an.person_id)", "Rows Removed by Index Recheck": 0, "Filter": "((note)::text = ANY ('{(voice),\"(voice: Japanese version)\",\"(voice) (uncredited)\",\"(voice: English version)\"}'::text[]))", "Rows Removed by Filter": 69057, "Exact Heap Blocks": 2627, "Lossy Heap Blocks": 2627, "Plans": [{"Node Type": "Bitmap Index Scan", "Parent Relationship": "Outer", "Index Name": "person_id_cast_info", "Startup Cost": 0.0, "Total Cost": 1.0, "Plan Rows": 18, "Plan Width": 0, "Actual Min Startup Time": 14.75, "Actual Max Startup Time": 14.75, "Actual Min Total Time": 14.75, "Actual Max Total Time": 14.75, "Index Cond": "(person_id = an.person_id)", "Actual Rows": 69482}], "Actual Rows": 425}], "Actual Rows": 425}, {"Node Type": "Hash", "Parent Relationship": "Inner", "Startup Cost": 1.15, "Total Cost": 1.15, "Plan Rows": 1, "Plan Width": 4, "Actual Min Startup Time": 0.053, "Actual Max Startup Time": 0.053, "Actual Min Total Time": 0.053, "Actual Max Total Time": 0.053, "Max Hash Buckets": 32768, "Min Hash Buckets": 32768, "Max Hash Batches": 1, "Min Hash Batches": 1, "Max Original Hash Batches": 1, "Min Original Hash Batches": 1, "Max Peak Memory Usage": 1, "min Peak Memory Usage": 1, "Plans": [{"Node Type": "Seq Scan", "Parent Relationship": "Outer", "Relation Name": "role_type", "Alias": "rt", "Startup Cost": 0.0, "Total Cost": 1.15, "Plan Rows": 1, "Plan Width": 4, "Actual Min Startup Time": 0.039, "Actual Max Startup Time": 0.039, "Actual Min Total Time": 0.043, "Actual Max Total Time": 0.043, "Filter": "((role)::text = 'actress'::text)", "Rows Removed by Filter": 11, "Actual Rows": 1}], "Actual Rows": 1}], "Actual Rows": 425}, {"Node Type": "Bitmap Heap Scan", "Parent Relationship": "Inner", "Relation Name": "movie_companies", "Alias": "mc", "Startup Cost": 0.31, "Total Cost": 4.35, "Plan Rows": 1, "Plan Width": 8, "Actual Min Startup Time": 4.196, "Actual Max Startup Time": 4.196, "Actual Min Total Time": 5.158, "Actual Max Total Time": 5.158, "Recheck Cond": "(movie_id = ci.movie_id)", "Rows Removed by Index Recheck": 0, "Filter": "((note IS NOT NULL) AND (((note)::text ~~ '%(USA)%'::text) OR ((note)::text ~~ '%(worldwide)%'::text)))", "Rows Removed by Filter": 1538, "Exact Heap Blocks": 580, "Lossy Heap Blocks": 580, "Plans": [{"Node Type": "Bitmap Index Scan", "Parent Relationship": "Outer", "Index Name": "movie_id_movie_companies", "Startup Cost": 0.0, "Total Cost": 0.31, "Plan Rows": 2, "Plan Width": 0, "Actual Min Startup Time": 2.165, "Actual Max Startup Time": 2.165, "Actual Min Total Time": 2.165, "Actual Max Total Time": 2.165, "Index Cond": "(movie_id = ci.movie_id)", "Actual Rows": 1911}], "Actual Rows": 373}], "Actual Rows": 373}, {"Node Type": "Bitmap Heap Scan", "Parent Relationship": "Inner", "Relation Name": "char_name", "Alias": "chn", "Startup Cost": 0.31, "Total Cost": 4.33, "Plan Rows": 1, "Plan Width": 20, "Actual Min Startup Time": 1.85, "Actual Max Startup Time": 1.85, "Actual Min Total Time": 1.85, "Actual Max Total Time": 1.85, "Recheck Cond": "(id = ci.person_role_id)", "Rows Removed by Index Recheck": 0, "Exact Heap Blocks": 348, "Lossy Heap Blocks": 348, "Plans": [{"Node Type": "Bitmap Index Scan", "Parent Relationship": "Outer", "Index Name": "char_name_pkey", "Startup Cost": 0.0, "Total Cost": 0.31, "Plan Rows": 1, "Plan Width": 0, "Actual Min Startup Time": 1.209, "Actual Max Startup Time": 1.209, "Actual Min Total Time": 1.209, "Actual Max Total Time": 1.209, "Index Cond": "(id = ci.person_role_id)", "Actual Rows": 348}], "Actual Rows": 348}], "Actual Rows": 348}, {"Node Type": "Bitmap Heap Scan", "Parent Relationship": "Inner", "Relation Name": "company_name", "Alias": "cn", "Startup Cost": 0.26, "Total Cost": 4.28, "Plan Rows": 1, "Plan Width": 4, "Actual Min Startup Time": 1.833, "Actual Max Startup Time": 1.833, "Actual Min Total Time": 1.833, "Actual Max Total Time": 1.833, "Recheck Cond": "(id = mc.company_id)", "Rows Removed by Index Recheck": 0, "Filter": "((country_code)::text = '[us]'::text)", "Rows Removed by Filter": 7, "Exact Heap Blocks": 348, "Lossy Heap Blocks": 348, "Plans": [{"Node Type": "Bitmap Index Scan", "Parent Relationship": "Outer", "Index Name": "company_name_pkey", "Startup Cost": 0.0, "Total Cost": 0.26, "Plan Rows": 1, "Plan Width": 0, "Actual Min Startup Time": 1.053, "Actual Max Startup Time": 1.053, "Actual Min Total Time": 1.053, "Actual Max Total Time": 1.053, "Index Cond": "(id = mc.company_id)", "Actual Rows": 348}], "Actual Rows": 341}], "Actual Rows": 341}, {"Node Type": "Bitmap Heap Scan", "Parent Relationship": "Inner", "Relation Name": "title", "Alias": "t", "Startup Cost": 0.3, "Total Cost": 4.32, "Plan Rows": 1, "Plan Width": 21, "Actual Min Startup Time": 1.866, "Actual Max Startup Time": 1.866, "Actual Min Total Time": 1.866, "Actual Max Total Time": 1.866, "Recheck Cond": "(id = ci.movie_id)", "Rows Removed by Index Recheck": 0, "Filter": "((production_year >= 2005) AND (production_year <= 2015))", "Rows Removed by Filter": 220, "Exact Heap Blocks": 341, "Lossy Heap Blocks": 341, "Plans": [{"Node Type": "Bitmap Index Scan", "Parent Relationship": "Outer", "Index Name": "title_pkey", "Startup Cost": 0.0, "Total Cost": 0.3, "Plan Rows": 1, "Plan Width": 0, "Actual Min Startup Time": 1.103, "Actual Max Startup Time": 1.103, "Actual Min Total Time": 1.103, "Actual Max Total Time": 1.103, "Index Cond": "(id = ci.movie_id)", "Actual Rows": 341}], "Actual Rows": 121}], "Actual Rows": 121}], "Actual Rows": 1}, "Triggers": [], "Planner Runtime": 245, "Total Runtime": 201.654, "Unique SQL Id": 3431223514}}, "(16, 71)": {"explain_plan": {"Plan": {"Node Type": "Aggregate", "Strategy": "Plain", "Startup Cost": 199170.6, "Total Cost": 199170.61, "Plan Rows": 1, "Plan Width": 145, "Plans": [{"Node Type": "Nested Loop", "Parent Relationship": "Outer", "Join Type": "Inner", "Startup Cost": 83164.39, "Total Cost": 199170.59, "Plan Rows": 2, "Plan Width": 49, "Inner Unique": true, "Plans": [{"Node Type": "Nested Loop", "Parent Relationship": "Outer", "Join Type": "Inner", "Startup Cost": 83164.09, "Total Cost": 199161.93, "Plan Rows": 2, "Plan Width": 40, "Inner Unique": true, "Plans": [{"Node Type": "Nested Loop", "Parent Relationship": "Outer", "Join Type": "Inner", "Startup Cost": 83163.83, "Total Cost": 199153.35, "Plan Rows": 2, "Plan Width": 44, "Inner Unique": true, "Plans": [{"Node Type": "Nested Loop", "Parent Relationship": "Outer", "Join Type": "Inner", "Startup Cost": 83163.51, "Total Cost": 199131.67, "Plan Rows": 5, "Plan Width": 32, "Inner Unique": false, "Plans": [{"Node Type": "Nested Loop", "Parent Relationship": "Outer", "Join Type": "Inner", "Startup Cost": 83163.2, "Total Cost": 199075.04, "Plan Rows": 13, "Plan Width": 24, "Inner Unique": true, "Plans": [{"Node Type": "Nested Loop", "Parent Relationship": "Outer", "Join Type": "Inner", "Startup Cost": 83162.94, "Total Cost": 198471.17, "Plan Rows": 141, "Plan Width": 28, "Inner Unique": false, "Join Filter": "(n.id = ci.person_id)", "Plans": [{"Node Type": "Nested Loop", "Parent Relationship": "Outer", "Join Type": "Inner", "Startup Cost": 83161.94, "Total Cost": 197857.98, "Plan Rows": 115, "Plan Width": 24, "Inner Unique": false, "Plans": [{"Node Type": "Bitmap Heap Scan", "Parent Relationship": "Outer", "Relation Name": "name", "Alias": "n", "Startup Cost": 83157.72, "Total Cost": 197067.07, "Plan Rows": 96, "Plan Width": 4, "Filter": "(((name)::text ~~ '%Ang%'::text) AND ((gender)::text = 'f'::text))", "Plans": [{"Node Type": "Bitmap Index Scan", "Parent Relationship": "Outer", "Index Name": "name_pkey", "Startup Cost": 0.0, "Total Cost": 83157.7, "Plan Rows": 4167490, "Plan Width": 0}]}, {"Node Type": "Bitmap Heap Scan", "Parent Relationship": "Inner", "Relation Name": "aka_name", "Alias": "an", "Startup Cost": 4.22, "Total Cost": 8.23, "Plan Rows": 1, "Plan Width": 20, "Recheck Cond": "(person_id = n.id)", "Plans": [{"Node Type": "Bitmap Index Scan", "Parent Relationship": "Outer", "Index Name": "person_id_aka_name", "Startup Cost": 0.0, "Total Cost": 4.22, "Plan Rows": 1, "Plan Width": 0, "Index Cond": "(person_id = n.id)"}]}]}, {"Node Type": "Bitmap Heap Scan", "Parent Relationship": "Inner", "Relation Name": "cast_info", "Alias": "ci", "Startup Cost": 1.0, "Total Cost": 5.32, "Plan Rows": 1, "Plan Width": 16, "Recheck Cond": "(person_id = an.person_id)", "Filter": "((note)::text = ANY ('{(voice),\"(voice: Japanese version)\",\"(voice) (uncredited)\",\"(voice: English version)\"}'::text[]))", "Plans": [{"Node Type": "Bitmap Index Scan", "Parent Relationship": "Outer", "Index Name": "person_id_cast_info", "Startup Cost": 0.0, "Total Cost": 1.0, "Plan Rows": 18, "Plan Width": 0, "Index Cond": "(person_id = an.person_id)"}]}]}, {"Node Type": "Bitmap Heap Scan", "Parent Relationship": "Inner", "Relation Name": "role_type", "Alias": "rt", "Startup Cost": 0.26, "Total Cost": 4.27, "Plan Rows": 1, "Plan Width": 4, "Recheck Cond": "(id = ci.role_id)", "Filter": "((role)::text = 'actress'::text)", "Plans": [{"Node Type": "Bitmap Index Scan", "Parent Relationship": "Outer", "Index Name": "role_type_pkey", "Startup Cost": 0.0, "Total Cost": 0.26, "Plan Rows": 1, "Plan Width": 0, "Index Cond": "(id = ci.role_id)"}]}]}, {"Node Type": "Bitmap Heap Scan", "Parent Relationship": "Inner", "Relation Name": "movie_companies", "Alias": "mc", "Startup Cost": 0.31, "Total Cost": 4.35, "Plan Rows": 1, "Plan Width": 8, "Recheck Cond": "(movie_id = ci.movie_id)", "Filter": "((note IS NOT NULL) AND (((note)::text ~~ '%(USA)%'::text) OR ((note)::text ~~ '%(worldwide)%'::text)))", "Plans": [{"Node Type": "Bitmap Index Scan", "Parent Relationship": "Outer", "Index Name": "movie_id_movie_companies", "Startup Cost": 0.0, "Total Cost": 0.31, "Plan Rows": 2, "Plan Width": 0, "Index Cond": "(movie_id = ci.movie_id)"}]}]}, {"Node Type": "Bitmap Heap Scan", "Parent Relationship": "Inner", "Relation Name": "char_name", "Alias": "chn", "Startup Cost": 0.31, "Total Cost": 4.33, "Plan Rows": 1, "Plan Width": 20, "Recheck Cond": "(id = ci.person_role_id)", "Plans": [{"Node Type": "Bitmap Index Scan", "Parent Relationship": "Outer", "Index Name": "char_name_pkey", "Startup Cost": 0.0, "Total Cost": 0.31, "Plan Rows": 1, "Plan Width": 0, "Index Cond": "(id = ci.person_role_id)"}]}]}, {"Node Type": "Bitmap Heap Scan", "Parent Relationship": "Inner", "Relation Name": "company_name", "Alias": "cn", "Startup Cost": 0.26, "Total Cost": 4.28, "Plan Rows": 1, "Plan Width": 4, "Recheck Cond": "(id = mc.company_id)", "Filter": "((country_code)::text = '[us]'::text)", "Plans": [{"Node Type": "Bitmap Index Scan", "Parent Relationship": "Outer", "Index Name": "company_name_pkey", "Startup Cost": 0.0, "Total Cost": 0.26, "Plan Rows": 1, "Plan Width": 0, "Index Cond": "(id = mc.company_id)"}]}]}, {"Node Type": "Bitmap Heap Scan", "Parent Relationship": "Inner", "Relation Name": "title", "Alias": "t", "Startup Cost": 0.3, "Total Cost": 4.32, "Plan Rows": 1, "Plan Width": 21, "Recheck Cond": "(id = ci.movie_id)", "Filter": "((production_year >= 2005) AND (production_year <= 2015))", "Plans": [{"Node Type": "Bitmap Index Scan", "Parent Relationship": "Outer", "Index Name": "title_pkey", "Startup Cost": 0.0, "Total Cost": 0.3, "Plan Rows": 1, "Plan Width": 0, "Index Cond": "(id = ci.movie_id)"}]}]}]}, "Unique SQL Id": 3431223514, "Planner Runtime": 88}, "explain_analyze_plan": null}, "(16, 72)": {"explain_plan": {"Plan": {"Node Type": "Aggregate", "Strategy": "Plain", "Startup Cost": 23236.72, "Total Cost": 23236.73, "Plan Rows": 1, "Plan Width": 145, "Plans": [{"Node Type": "Nested Loop", "Parent Relationship": "Outer", "Join Type": "Inner", "Startup Cost": 0.0, "Total Cost": 23236.71, "Plan Rows": 1, "Plan Width": 49, "Inner Unique": true, "Plans": [{"Node Type": "Nested Loop", "Parent Relationship": "Outer", "Join Type": "Inner", "Startup Cost": 0.0, "Total Cost": 23236.21, "Plan Rows": 1, "Plan Width": 40, "Inner Unique": true, "Plans": [{"Node Type": "Nested Loop", "Parent Relationship": "Outer", "Join Type": "Inner", "Startup Cost": 0.0, "Total Cost": 23235.56, "Plan Rows": 2, "Plan Width": 44, "Inner Unique": true, "Plans": [{"Node Type": "Nested Loop", "Parent Relationship": "Outer", "Join Type": "Inner", "Startup Cost": 0.0, "Total Cost": 23233.01, "Plan Rows": 5, "Plan Width": 32, "Inner Unique": false, "Plans": [{"Node Type": "Nested Loop", "Parent Relationship": "Outer", "Join Type": "Inner", "Startup Cost": 0.0, "Total Cost": 23227.4, "Plan Rows": 13, "Plan Width": 24, "Inner Unique": true, "Plans": [{"Node Type": "Nested Loop", "Parent Relationship": "Outer", "Join Type": "Inner", "Startup Cost": 0.0, "Total Cost": 23187.57, "Plan Rows": 141, "Plan Width": 28, "Inner Unique": false, "Join Filter": "(n.id = ci.person_id)", "Plans": [{"Node Type": "Nested Loop", "Parent Relationship": "Outer", "Join Type": "Inner", "Startup Cost": 0.0, "Total Cost": 22912.29, "Plan Rows": 115, "Plan Width": 24, "Inner Unique": false, "Plans": [{"Node Type": "Streaming(type: LOCAL GATHER dop: 1/16)", "Parent Relationship": "Outer", "Startup Cost": 0.0, "Total Cost": 22121.41, "Plan Rows": 96, "Plan Width": 4, "Plans": [{"Node Type": "Seq Scan", "Parent Relationship": "Outer", "Relation Name": "name", "Alias": "n", "Startup Cost": 0.0, "Total Cost": 22119.33, "Plan Rows": 96, "Plan Width": 4, "Filter": "(((name)::text ~~ '%Ang%'::text) AND ((gender)::text = 'f'::text))"}]}, {"Node Type": "Index Scan", "Parent Relationship": "Inner", "Scan Direction": "Forward", "Index Name": "person_id_aka_name", "Relation Name": "aka_name", "Alias": "an", "Startup Cost": 0.0, "Total Cost": 8.23, "Plan Rows": 1, "Plan Width": 20, "Index Cond": "(person_id = n.id)"}]}, {"Node Type": "Index Scan", "Parent Relationship": "Inner", "Scan Direction": "Forward", "Index Name": "person_id_cast_info", "Relation Name": "cast_info", "Alias": "ci", "Startup Cost": 0.0, "Total Cost": 2.38, "Plan Rows": 1, "Plan Width": 16, "Index Cond": "(person_id = an.person_id)", "Filter": "((note)::text = ANY ('{(voice),\"(voice: Japanese version)\",\"(voice) (uncredited)\",\"(voice: English version)\"}'::text[]))"}]}, {"Node Type": "Index Scan", "Parent Relationship": "Inner", "Scan Direction": "Forward", "Index Name": "role_type_pkey", "Relation Name": "role_type", "Alias": "rt", "Startup Cost": 0.0, "Total Cost": 0.27, "Plan Rows": 1, "Plan Width": 4, "Index Cond": "(id = ci.role_id)", "Filter": "((role)::text = 'actress'::text)"}]}, {"Node Type": "Index Scan", "Parent Relationship": "Inner", "Scan Direction": "Forward", "Index Name": "movie_id_movie_companies", "Relation Name": "movie_companies", "Alias": "mc", "Startup Cost": 0.0, "Total Cost": 0.42, "Plan Rows": 1, "Plan Width": 8, "Index Cond": "(movie_id = ci.movie_id)", "Filter": "((note IS NOT NULL) AND (((note)::text ~~ '%(USA)%'::text) OR ((note)::text ~~ '%(worldwide)%'::text)))"}]}, {"Node Type": "Index Scan", "Parent Relationship": "Inner", "Scan Direction": "Forward", "Index Name": "char_name_pkey", "Relation Name": "char_name", "Alias": "chn", "Startup Cost": 0.0, "Total Cost": 0.5, "Plan Rows": 1, "Plan Width": 20, "Index Cond": "(id = ci.person_role_id)"}]}, {"Node Type": "Index Scan", "Parent Relationship": "Inner", "Scan Direction": "Forward", "Index Name": "company_name_pkey", "Relation Name": "company_name", "Alias": "cn", "Startup Cost": 0.0, "Total Cost": 0.32, "Plan Rows": 1, "Plan Width": 4, "Index Cond": "(id = mc.company_id)", "Filter": "((country_code)::text = '[us]'::text)"}]}, {"Node Type": "Index Scan", "Parent Relationship": "Inner", "Scan Direction": "Forward", "Index Name": "title_pkey", "Relation Name": "title", "Alias": "t", "Startup Cost": 0.0, "Total Cost": 0.49, "Plan Rows": 1, "Plan Width": 21, "Index Cond": "(id = ci.movie_id)", "Filter": "((production_year >= 2005) AND (production_year <= 2015))"}]}]}, "Unique SQL Id": 3431223514, "Planner Runtime": 175}, "explain_analyze_plan": {"Plan": {"Node Type": "Aggregate", "Strategy": "Plain", "Startup Cost": 23236.72, "Total Cost": 23236.73, "Plan Rows": 1, "Plan Width": 145, "Actual Min Startup Time": 189.563, "Actual Max Startup Time": 189.563, "Actual Min Total Time": 189.564, "Actual Max Total Time": 189.564, "Plans": [{"Node Type": "Nested Loop", "Parent Relationship": "Outer", "Join Type": "Inner", "Startup Cost": 0.0, "Total Cost": 23236.71, "Plan Rows": 1, "Plan Width": 49, "Actual Min Startup Time": 69.69, "Actual Max Startup Time": 69.69, "Actual Min Total Time": 189.327, "Actual Max Total Time": 189.327, "Inner Unique": true, "Plans": [{"Node Type": "Nested Loop", "Parent Relationship": "Outer", "Join Type": "Inner", "Startup Cost": 0.0, "Total Cost": 23236.21, "Plan Rows": 1, "Plan Width": 40, "Actual Min Startup Time": 61.462, "Actual Max Startup Time": 61.462, "Actual Min Total Time": 187.482, "Actual Max Total Time": 187.482, "Inner Unique": true, "Plans": [{"Node Type": "Nested Loop", "Parent Relationship": "Outer", "Join Type": "Inner", "Startup Cost": 0.0, "Total Cost": 23235.56, "Plan Rows": 2, "Plan Width": 44, "Actual Min Startup Time": 61.442, "Actual Max Startup Time": 61.442, "Actual Min Total Time": 185.683, "Actual Max Total Time": 185.683, "Inner Unique": true, "Plans": [{"Node Type": "Nested Loop", "Parent Relationship": "Outer", "Join Type": "Inner", "Startup Cost": 0.0, "Total Cost": 23233.01, "Plan Rows": 5, "Plan Width": 32, "Actual Min Startup Time": 61.422, "Actual Max Startup Time": 61.422, "Actual Min Total Time": 183.916, "Actual Max Total Time": 183.916, "Inner Unique": false, "Plans": [{"Node Type": "Nested Loop", "Parent Relationship": "Outer", "Join Type": "Inner", "Startup Cost": 0.0, "Total Cost": 23227.4, "Plan Rows": 13, "Plan Width": 24, "Actual Min Startup Time": 60.102, "Actual Max Startup Time": 60.102, "Actual Min Total Time": 179.503, "Actual Max Total Time": 179.503, "Inner Unique": true, "Plans": [{"Node Type": "Nested Loop", "Parent Relationship": "Outer", "Join Type": "Inner", "Startup Cost": 0.0, "Total Cost": 23187.57, "Plan Rows": 141, "Plan Width": 28, "Actual Min Startup Time": 60.089, "Actual Max Startup Time": 60.089, "Actual Min Total Time": 178.229, "Actual Max Total Time": 178.229, "Inner Unique": false, "Join Filter": "(n.id = ci.person_id)", "Rows Removed by Join Filter": 0, "Plans": [{"Node Type": "Nested Loop", "Parent Relationship": "Outer", "Join Type": "Inner", "Startup Cost": 0.0, "Total Cost": 22912.29, "Plan Rows": 115, "Plan Width": 24, "Actual Min Startup Time": 58.801, "Actual Max Startup Time": 58.801, "Actual Min Total Time": 127.723, "Actual Max Total Time": 127.723, "Inner Unique": false, "Plans": [{"Node Type": "Streaming(type: LOCAL GATHER dop: 1/16)", "Parent Relationship": "Outer", "Startup Cost": 0.0, "Total Cost": 22121.41, "Plan Rows": 96, "Plan Width": 4, "Actual Min Startup Time": 58.724, "Actual Max Startup Time": 58.724, "Actual Min Total Time": 104.63, "Actual Max Total Time": 104.63, "Plans": [{"Node Type": "Seq Scan", "Parent Relationship": "Outer", "Relation Name": "name", "Alias": "n", "Startup Cost": 0.0, "Total Cost": 22119.33, "Plan Rows": 96, "Plan Width": 4, "Actual Min Startup Time": 40.745, "Actual Max Startup Time": 45.186, "Actual Min Total Time": 101.203, "Actual Max Total Time": 105.942, "Filter": "(((name)::text ~~ '%Ang%'::text) AND ((gender)::text = 'f'::text))", "Rows Removed by Filter": 4160722, "Actual Rows": 6768}], "Actual Rows": 6768}, {"Node Type": "Index Scan", "Parent Relationship": "Inner", "Scan Direction": "Forward", "Index Name": "person_id_aka_name", "Relation Name": "aka_name", "Alias": "an", "Startup Cost": 0.0, "Total Cost": 8.23, "Plan Rows": 1, "Plan Width": 20, "Actual Min Startup Time": 18.625, "Actual Max Startup Time": 18.625, "Actual Min Total Time": 19.445, "Actual Max Total Time": 19.445, "Index Cond": "(person_id = n.id)", "Rows Removed by Index Recheck": 0, "Actual Rows": 1558}], "Actual Rows": 1558}, {"Node Type": "Index Scan", "Parent Relationship": "Inner", "Scan Direction": "Forward", "Index Name": "person_id_cast_info", "Relation Name": "cast_info", "Alias": "ci", "Startup Cost": 0.0, "Total Cost": 2.38, "Plan Rows": 1, "Plan Width": 16, "Actual Min Startup Time": 44.65, "Actual Max Startup Time": 44.65, "Actual Min Total Time": 49.451, "Actual Max Total Time": 49.451, "Index Cond": "(person_id = an.person_id)", "Rows Removed by Index Recheck": 0, "Filter": "((note)::text = ANY ('{(voice),\"(voice: Japanese version)\",\"(voice) (uncredited)\",\"(voice: English version)\"}'::text[]))", "Rows Removed by Filter": 69057, "Actual Rows": 425}], "Actual Rows": 425}, {"Node Type": "Index Scan", "Parent Relationship": "Inner", "Scan Direction": "Forward", "Index Name": "role_type_pkey", "Relation Name": "role_type", "Alias": "rt", "Startup Cost": 0.0, "Total Cost": 0.27, "Plan Rows": 1, "Plan Width": 4, "Actual Min Startup Time": 0.858, "Actual Max Startup Time": 0.858, "Actual Min Total Time": 0.858, "Actual Max Total Time": 0.858, "Index Cond": "(id = ci.role_id)", "Rows Removed by Index Recheck": 0, "Filter": "((role)::text = 'actress'::text)", "Rows Removed by Filter": 0, "Actual Rows": 425}], "Actual Rows": 425}, {"Node Type": "Index Scan", "Parent Relationship": "Inner", "Scan Direction": "Forward", "Index Name": "movie_id_movie_companies", "Relation Name": "movie_companies", "Alias": "mc", "Startup Cost": 0.0, "Total Cost": 0.42, "Plan Rows": 1, "Plan Width": 8, "Actual Min Startup Time": 2.875, "Actual Max Startup Time": 2.875, "Actual Min Total Time": 4.052, "Actual Max Total Time": 4.052, "Index Cond": "(movie_id = ci.movie_id)", "Rows Removed by Index Recheck": 0, "Filter": "((note IS NOT NULL) AND (((note)::text ~~ '%(USA)%'::text) OR ((note)::text ~~ '%(worldwide)%'::text)))", "Rows Removed by Filter": 1538, "Actual Rows": 373}], "Actual Rows": 373}, {"Node Type": "Index Scan", "Parent Relationship": "Inner", "Scan Direction": "Forward", "Index Name": "char_name_pkey", "Relation Name": "char_name", "Alias": "chn", "Startup Cost": 0.0, "Total Cost": 0.5, "Plan Rows": 1, "Plan Width": 20, "Actual Min Startup Time": 1.399, "Actual Max Startup Time": 1.399, "Actual Min Total Time": 1.399, "Actual Max Total Time": 1.399, "Index Cond": "(id = ci.person_role_id)", "Rows Removed by Index Recheck": 0, "Actual Rows": 348}], "Actual Rows": 348}, {"Node Type": "Index Scan", "Parent Relationship": "Inner", "Scan Direction": "Forward", "Index Name": "company_name_pkey", "Relation Name": "company_name", "Alias": "cn", "Startup Cost": 0.0, "Total Cost": 0.32, "Plan Rows": 1, "Plan Width": 4, "Actual Min Startup Time": 1.447, "Actual Max Startup Time": 1.447, "Actual Min Total Time": 1.447, "Actual Max Total Time": 1.447, "Index Cond": "(id = mc.company_id)", "Rows Removed by Index Recheck": 0, "Filter": "((country_code)::text = '[us]'::text)", "Rows Removed by Filter": 7, "Actual Rows": 341}], "Actual Rows": 341}, {"Node Type": "Index Scan", "Parent Relationship": "Inner", "Scan Direction": "Forward", "Index Name": "title_pkey", "Relation Name": "title", "Alias": "t", "Startup Cost": 0.0, "Total Cost": 0.49, "Plan Rows": 1, "Plan Width": 21, "Actual Min Startup Time": 1.574, "Actual Max Startup Time": 1.574, "Actual Min Total Time": 1.574, "Actual Max Total Time": 1.574, "Index Cond": "(id = ci.movie_id)", "Rows Removed by Index Recheck": 0, "Filter": "((production_year >= 2005) AND (production_year <= 2015))", "Rows Removed by Filter": 220, "Actual Rows": 121}], "Actual Rows": 121}], "Actual Rows": 1}, "Triggers": [], "Planner Runtime": 146, "Total Runtime": 192.53, "Unique SQL Id": 3431223514}}, "(16, 73)": {"explain_plan": {"Plan": {"Node Type": "Aggregate", "Strategy": "Plain", "Startup Cost": 154581.71, "Total Cost": 154581.72, "Plan Rows": 1, "Plan Width": 145, "Plans": [{"Node Type": "Nested Loop", "Parent Relationship": "Outer", "Join Type": "Inner", "Startup Cost": 0.0, "Total Cost": 154581.7, "Plan Rows": 1, "Plan Width": 49, "Inner Unique": true, "Plans": [{"Node Type": "Nested Loop", "Parent Relationship": "Outer", "Join Type": "Inner", "Startup Cost": 0.0, "Total Cost": 154581.21, "Plan Rows": 1, "Plan Width": 40, "Inner Unique": true, "Plans": [{"Node Type": "Nested Loop", "Parent Relationship": "Outer", "Join Type": "Inner", "Startup Cost": 0.0, "Total Cost": 154580.19, "Plan Rows": 2, "Plan Width": 28, "Inner Unique": true, "Plans": [{"Node Type": "Nested Loop", "Parent Relationship": "Outer", "Join Type": "Inner", "Startup Cost": 0.0, "Total Cost": 154578.55, "Plan Rows": 5, "Plan Width": 32, "Inner Unique": false, "Plans": [{"Node Type": "Nested Loop", "Parent Relationship": "Outer", "Join Type": "Inner", "Startup Cost": 0.0, "Total Cost": 154572.94, "Plan Rows": 13, "Plan Width": 24, "Inner Unique": true, "Plans": [{"Node Type": "Nested Loop", "Parent Relationship": "Outer", "Join Type": "Inner", "Startup Cost": 0.0, "Total Cost": 154533.1, "Plan Rows": 141, "Plan Width": 28, "Inner Unique": false, "Join Filter": "(n.id = ci.person_id)", "Plans": [{"Node Type": "Nested Loop", "Parent Relationship": "Outer", "Join Type": "Inner", "Startup Cost": 0.0, "Total Cost": 154257.82, "Plan Rows": 115, "Plan Width": 24, "Inner Unique": false, "Plans": [{"Node Type": "Streaming(type: LOCAL GATHER dop: 1/16)", "Parent Relationship": "Outer", "Startup Cost": 0.0, "Total Cost": 153466.94, "Plan Rows": 96, "Plan Width": 4, "Plans": [{"Node Type": "Index Scan", "Parent Relationship": "Outer", "Scan Direction": "Forward", "Index Name": "name_pkey", "Relation Name": "name", "Alias": "n", "Startup Cost": 0.0, "Total Cost": 153464.87, "Plan Rows": 96, "Plan Width": 4, "Filter": "(((name)::text ~~ '%Ang%'::text) AND ((gender)::text = 'f'::text))"}]}, {"Node Type": "Index Scan", "Parent Relationship": "Inner", "Scan Direction": "Forward", "Index Name": "person_id_aka_name", "Relation Name": "aka_name", "Alias": "an", "Startup Cost": 0.0, "Total Cost": 8.23, "Plan Rows": 1, "Plan Width": 20, "Index Cond": "(person_id = n.id)"}]}, {"Node Type": "Index Scan", "Parent Relationship": "Inner", "Scan Direction": "Forward", "Index Name": "person_id_cast_info", "Relation Name": "cast_info", "Alias": "ci", "Startup Cost": 0.0, "Total Cost": 2.38, "Plan Rows": 1, "Plan Width": 16, "Index Cond": "(person_id = an.person_id)", "Filter": "((note)::text = ANY ('{(voice),\"(voice: Japanese version)\",\"(voice) (uncredited)\",\"(voice: English version)\"}'::text[]))"}]}, {"Node Type": "Index Scan", "Parent Relationship": "Inner", "Scan Direction": "Forward", "Index Name": "role_type_pkey", "Relation Name": "role_type", "Alias": "rt", "Startup Cost": 0.0, "Total Cost": 0.27, "Plan Rows": 1, "Plan Width": 4, "Index Cond": "(id = ci.role_id)", "Filter": "((role)::text = 'actress'::text)"}]}, {"Node Type": "Index Scan", "Parent Relationship": "Inner", "Scan Direction": "Forward", "Index Name": "movie_id_movie_companies", "Relation Name": "movie_companies", "Alias": "mc", "Startup Cost": 0.0, "Total Cost": 0.42, "Plan Rows": 1, "Plan Width": 8, "Index Cond": "(movie_id = ci.movie_id)", "Filter": "((note IS NOT NULL) AND (((note)::text ~~ '%(USA)%'::text) OR ((note)::text ~~ '%(worldwide)%'::text)))"}]}, {"Node Type": "Index Scan", "Parent Relationship": "Inner", "Scan Direction": "Forward", "Index Name": "company_name_pkey", "Relation Name": "company_name", "Alias": "cn", "Startup Cost": 0.0, "Total Cost": 0.32, "Plan Rows": 1, "Plan Width": 4, "Index Cond": "(id = mc.company_id)", "Filter": "((country_code)::text = '[us]'::text)"}]}, {"Node Type": "Index Scan", "Parent Relationship": "Inner", "Scan Direction": "Forward", "Index Name": "char_name_pkey", "Relation Name": "char_name", "Alias": "chn", "Startup Cost": 0.0, "Total Cost": 0.5, "Plan Rows": 1, "Plan Width": 20, "Index Cond": "(id = ci.person_role_id)"}]}, {"Node Type": "Index Scan", "Parent Relationship": "Inner", "Scan Direction": "Forward", "Index Name": "title_pkey", "Relation Name": "title", "Alias": "t", "Startup Cost": 0.0, "Total Cost": 0.49, "Plan Rows": 1, "Plan Width": 21, "Index Cond": "(id = ci.movie_id)", "Filter": "((production_year >= 2005) AND (production_year <= 2015))"}]}]}, "Unique SQL Id": 3431223514, "Planner Runtime": 75}, "explain_analyze_plan": {"Plan": {"Node Type": "Aggregate", "Strategy": "Plain", "Startup Cost": 154581.71, "Total Cost": 154581.72, "Plan Rows": 1, "Plan Width": 145, "Actual Min Startup Time": 320.416, "Actual Max Startup Time": 320.416, "Actual Min Total Time": 320.417, "Actual Max Total Time": 320.417, "Plans": [{"Node Type": "Nested Loop", "Parent Relationship": "Outer", "Join Type": "Inner", "Startup Cost": 0.0, "Total Cost": 154581.7, "Plan Rows": 1, "Plan Width": 49, "Actual Min Startup Time": 98.859, "Actual Max Startup Time": 98.859, "Actual Min Total Time": 320.124, "Actual Max Total Time": 320.124, "Inner Unique": true, "Plans": [{"Node Type": "Nested Loop", "Parent Relationship": "Outer", "Join Type": "Inner", "Startup Cost": 0.0, "Total Cost": 154581.21, "Plan Rows": 1, "Plan Width": 40, "Actual Min Startup Time": 67.906, "Actual Max Startup Time": 67.906, "Actual Min Total Time": 318.254, "Actual Max Total Time": 318.254, "Inner Unique": true, "Plans": [{"Node Type": "Nested Loop", "Parent Relationship": "Outer", "Join Type": "Inner", "Startup Cost": 0.0, "Total Cost": 154580.19, "Plan Rows": 2, "Plan Width": 28, "Actual Min Startup Time": 67.889, "Actual Max Startup Time": 67.889, "Actual Min Total Time": 316.485, "Actual Max Total Time": 316.485, "Inner Unique": true, "Plans": [{"Node Type": "Nested Loop", "Parent Relationship": "Outer", "Join Type": "Inner", "Startup Cost": 0.0, "Total Cost": 154578.55, "Plan Rows": 5, "Plan Width": 32, "Actual Min Startup Time": 67.87, "Actual Max Startup Time": 67.87, "Actual Min Total Time": 314.414, "Actual Max Total Time": 314.414, "Inner Unique": false, "Plans": [{"Node Type": "Nested Loop", "Parent Relationship": "Outer", "Join Type": "Inner", "Startup Cost": 0.0, "Total Cost": 154572.94, "Plan Rows": 13, "Plan Width": 24, "Actual Min Startup Time": 67.844, "Actual Max Startup Time": 67.844, "Actual Min Total Time": 309.954, "Actual Max Total Time": 309.954, "Inner Unique": true, "Plans": [{"Node Type": "Nested Loop", "Parent Relationship": "Outer", "Join Type": "Inner", "Startup Cost": 0.0, "Total Cost": 154533.1, "Plan Rows": 141, "Plan Width": 28, "Actual Min Startup Time": 67.832, "Actual Max Startup Time": 67.832, "Actual Min Total Time": 308.644, "Actual Max Total Time": 308.644, "Inner Unique": false, "Join Filter": "(n.id = ci.person_id)", "Rows Removed by Join Filter": 0, "Plans": [{"Node Type": "Nested Loop", "Parent Relationship": "Outer", "Join Type": "Inner", "Startup Cost": 0.0, "Total Cost": 154257.82, "Plan Rows": 115, "Plan Width": 24, "Actual Min Startup Time": 67.78, "Actual Max Startup Time": 67.78, "Actual Min Total Time": 258.301, "Actual Max Total Time": 258.301, "Inner Unique": false, "Plans": [{"Node Type": "Streaming(type: LOCAL GATHER dop: 1/16)", "Parent Relationship": "Outer", "Startup Cost": 0.0, "Total Cost": 153466.94, "Plan Rows": 96, "Plan Width": 4, "Actual Min Startup Time": 67.718, "Actual Max Startup Time": 67.718, "Actual Min Total Time": 235.399, "Actual Max Total Time": 235.399, "Plans": [{"Node Type": "Index Scan", "Parent Relationship": "Outer", "Scan Direction": "Forward", "Index Name": "name_pkey", "Relation Name": "name", "Alias": "n", "Startup Cost": 0.0, "Total Cost": 153464.87, "Plan Rows": 96, "Plan Width": 4, "Actual Min Startup Time": 36.308, "Actual Max Startup Time": 291.918, "Actual Min Total Time": 271.115, "Actual Max Total Time": 291.918, "Filter": "(((name)::text ~~ '%Ang%'::text) AND ((gender)::text = 'f'::text))", "Rows Removed by Filter": 4160722, "Actual Rows": 6768}], "Actual Rows": 6768}, {"Node Type": "Index Scan", "Parent Relationship": "Inner", "Scan Direction": "Forward", "Index Name": "person_id_aka_name", "Relation Name": "aka_name", "Alias": "an", "Startup Cost": 0.0, "Total Cost": 8.23, "Plan Rows": 1, "Plan Width": 20, "Actual Min Startup Time": 18.331, "Actual Max Startup Time": 18.331, "Actual Min Total Time": 19.18, "Actual Max Total Time": 19.18, "Index Cond": "(person_id = n.id)", "Rows Removed by Index Recheck": 0, "Actual Rows": 1558}], "Actual Rows": 1558}, {"Node Type": "Index Scan", "Parent Relationship": "Inner", "Scan Direction": "Forward", "Index Name": "person_id_cast_info", "Relation Name": "cast_info", "Alias": "ci", "Startup Cost": 0.0, "Total Cost": 2.38, "Plan Rows": 1, "Plan Width": 16, "Actual Min Startup Time": 44.414, "Actual Max Startup Time": 44.414, "Actual Min Total Time": 49.22, "Actual Max Total Time": 49.22, "Index Cond": "(person_id = an.person_id)", "Rows Removed by Index Recheck": 0, "Filter": "((note)::text = ANY ('{(voice),\"(voice: Japanese version)\",\"(voice) (uncredited)\",\"(voice: English version)\"}'::text[]))", "Rows Removed by Filter": 69057, "Actual Rows": 425}], "Actual Rows": 425}, {"Node Type": "Index Scan", "Parent Relationship": "Inner", "Scan Direction": "Forward", "Index Name": "role_type_pkey", "Relation Name": "role_type", "Alias": "rt", "Startup Cost": 0.0, "Total Cost": 0.27, "Plan Rows": 1, "Plan Width": 4, "Actual Min Startup Time": 0.857, "Actual Max Startup Time": 0.857, "Actual Min Total Time": 0.857, "Actual Max Total Time": 0.857, "Index Cond": "(id = ci.role_id)", "Rows Removed by Index Recheck": 0, "Filter": "((role)::text = 'actress'::text)", "Rows Removed by Filter": 0, "Actual Rows": 425}], "Actual Rows": 425}, {"Node Type": "Index Scan", "Parent Relationship": "Inner", "Scan Direction": "Forward", "Index Name": "movie_id_movie_companies", "Relation Name": "movie_companies", "Alias": "mc", "Startup Cost": 0.0, "Total Cost": 0.42, "Plan Rows": 1, "Plan Width": 8, "Actual Min Startup Time": 2.936, "Actual Max Startup Time": 2.936, "Actual Min Total Time": 4.116, "Actual Max Total Time": 4.116, "Index Cond": "(movie_id = ci.movie_id)", "Rows Removed by Index Recheck": 0, "Filter": "((note IS NOT NULL) AND (((note)::text ~~ '%(USA)%'::text) OR ((note)::text ~~ '%(worldwide)%'::text)))", "Rows Removed by Filter": 1538, "Actual Rows": 373}], "Actual Rows": 373}, {"Node Type": "Index Scan", "Parent Relationship": "Inner", "Scan Direction": "Forward", "Index Name": "company_name_pkey", "Relation Name": "company_name", "Alias": "cn", "Startup Cost": 0.0, "Total Cost": 0.32, "Plan Rows": 1, "Plan Width": 4, "Actual Min Startup Time": 1.683, "Actual Max Startup Time": 1.683, "Actual Min Total Time": 1.683, "Actual Max Total Time": 1.683, "Index Cond": "(id = mc.company_id)", "Rows Removed by Index Recheck": 0, "Filter": "((country_code)::text = '[us]'::text)", "Rows Removed by Filter": 14, "Actual Rows": 359}], "Actual Rows": 359}, {"Node Type": "Index Scan", "Parent Relationship": "Inner", "Scan Direction": "Forward", "Index Name": "char_name_pkey", "Relation Name": "char_name", "Alias": "chn", "Startup Cost": 0.0, "Total Cost": 0.5, "Plan Rows": 1, "Plan Width": 20, "Actual Min Startup Time": 1.371, "Actual Max Startup Time": 1.371, "Actual Min Total Time": 1.371, "Actual Max Total Time": 1.371, "Index Cond": "(id = ci.person_role_id)", "Rows Removed by Index Recheck": 0, "Actual Rows": 341}], "Actual Rows": 341}, {"Node Type": "Index Scan", "Parent Relationship": "Inner", "Scan Direction": "Forward", "Index Name": "title_pkey", "Relation Name": "title", "Alias": "t", "Startup Cost": 0.0, "Total Cost": 0.49, "Plan Rows": 1, "Plan Width": 21, "Actual Min Startup Time": 1.601, "Actual Max Startup Time": 1.601, "Actual Min Total Time": 1.601, "Actual Max Total Time": 1.601, "Index Cond": "(id = ci.movie_id)", "Rows Removed by Index Recheck": 0, "Filter": "((production_year >= 2005) AND (production_year <= 2015))", "Rows Removed by Filter": 220, "Actual Rows": 121}], "Actual Rows": 121}], "Actual Rows": 1}, "Triggers": [], "Planner Runtime": 40, "Total Runtime": 323.463, "Unique SQL Id": 3431223514}}, "(16, 74)": {"explain_plan": {"Plan": {"Node Type": "Aggregate", "Strategy": "Plain", "Startup Cost": 192527.05, "Total Cost": 192527.08, "Plan Rows": 1, "Plan Width": 145, "Plans": [{"Node Type": "Streaming(type: LOCAL GATHER dop: 1/16)", "Parent Relationship": "Outer", "Startup Cost": 192527.05, "Total Cost": 192527.08, "Plan Rows": 1, "Plan Width": 145, "Plans": [{"Node Type": "Aggregate", "Strategy": "Plain", "Parent Relationship": "Outer", "Startup Cost": 192527.05, "Total Cost": 192527.06, "Plan Rows": 1, "Plan Width": 145, "Plans": [{"Node Type": "Hash Join", "Parent Relationship": "Outer", "Join Type": "Inner", "Startup Cost": 121555.93, "Total Cost": 192527.03, "Plan Rows": 2, "Plan Width": 49, "Inner Unique": false, "Hash Cond": "(n.id = an.person_id)", "Plans": [{"Node Type": "Streaming(type: BROADCAST dop: 16/16)", "Parent Relationship": "Outer", "Startup Cost": 116790.69, "Total Cost": 187761.76, "Plan Rows": 16, "Plan Width": 41, "Plans": [{"Node Type": "Hash Join", "Parent Relationship": "Outer", "Join Type": "Inner", "Startup Cost": 116790.69, "Total Cost": 172761.72, "Plan Rows": 1, "Plan Width": 41, "Inner Unique": true, "Hash Cond": "(ci.movie_id = t.id)", "Plans": [{"Node Type": "Streaming(type: BROADCAST dop: 16/1)", "Parent Relationship": "Outer", "Startup Cost": 111038.0, "Total Cost": 167009.02, "Plan Rows": 16, "Plan Width": 32, "Plans": [{"Node Type": "Hash Join", "Parent Relationship": "Outer", "Join Type": "Inner", "Startup Cost": 111038.0, "Total Cost": 152008.68, "Plan Rows": 1, "Plan Width": 32, "Inner Unique": true, "Hash Cond": "(ci.role_id = rt.id)", "Plans": [{"Node Type": "Hash Join", "Parent Relationship": "Outer", "Join Type": "Inner", "Startup Cost": 111036.84, "Total Cost": 152007.44, "Plan Rows": 16, "Plan Width": 36, "Inner Unique": true, "Hash Cond": "(mc.company_id = cn.id)", "Plans": [{"Node Type": "Streaming(type: LOCAL GATHER dop: 1/16)", "Parent Relationship": "Outer", "Startup Cost": 108496.35, "Total Cost": 149466.63, "Plan Rows": 21, "Plan Width": 40, "Plans": [{"Node Type": "Hash Join", "Parent Relationship": "Outer", "Join Type": "Inner", "Startup Cost": 108496.35, "Total Cost": 149466.17, "Plan Rows": 21, "Plan Width": 40, "Inner Unique": true, "Hash Cond": "(ci.person_role_id = chn.id)", "Plans": [{"Node Type": "Streaming(type: BROADCAST dop: 16/1)", "Parent Relationship": "Outer", "Startup Cost": 101238.38, "Total Cost": 142208.03, "Plan Rows": 688, "Plan Width": 28, "Plans": [{"Node Type": "Hash Join", "Parent Relationship": "Outer", "Join Type": "Inner", "Startup Cost": 101238.38, "Total Cost": 127193.18, "Plan Rows": 43, "Plan Width": 28, "Inner Unique": false, "Hash Cond": "(mc.movie_id = ci.movie_id)", "Plans": [{"Node Type": "Streaming(type: LOCAL GATHER dop: 1/16)", "Parent Relationship": "Outer", "Startup Cost": 0.0, "Total Cost": 24840.35, "Plan Rows": 297072, "Plan Width": 8, "Plans": [{"Node Type": "Seq Scan", "Parent Relationship": "Outer", "Relation Name": "movie_companies", "Alias": "mc", "Startup Cost": 0.0, "Total Cost": 18428.93, "Plan Rows": 297072, "Plan Width": 8, "Filter": "((note IS NOT NULL) AND (((note)::text ~~ '%(USA)%'::text) OR ((note)::text ~~ '%(worldwide)%'::text))), (LLVM Optimized)"}]}, {"Node Type": "Hash", "Parent Relationship": "Inner", "Startup Cost": 101236.92, "Total Cost": 101236.92, "Plan Rows": 117, "Plan Width": 20, "Plans": [{"Node Type": "Streaming(type: LOCAL GATHER dop: 1/16)", "Parent Relationship": "Outer", "Startup Cost": 37124.43, "Total Cost": 101236.92, "Plan Rows": 117, "Plan Width": 20, "Plans": [{"Node Type": "Hash Join", "Parent Relationship": "Outer", "Join Type": "Inner", "Startup Cost": 37124.43, "Total Cost": 101234.39, "Plan Rows": 117, "Plan Width": 20, "Inner Unique": true, "Hash Cond": "(ci.person_id = n.id)", "Plans": [{"Node Type": "Seq Scan", "Parent Relationship": "Outer", "Relation Name": "cast_info", "Alias": "ci", "Startup Cost": 0.0, "Total Cost": 63948.46, "Plan Rows": 833163, "Plan Width": 16, "Filter": "((note)::text = ANY ('{(voice),\"(voice: Japanese version)\",\"(voice) (uncredited)\",\"(voice: English version)\"}'::text[]))"}, {"Node Type": "Hash", "Parent Relationship": "Inner", "Startup Cost": 37123.23, "Total Cost": 37123.23, "Plan Rows": 1536, "Plan Width": 4, "Plans": [{"Node Type": "Streaming(type: BROADCAST dop: 16/16)", "Parent Relationship": "Outer", "Startup Cost": 0.0, "Total Cost": 37123.23, "Plan Rows": 1536, "Plan Width": 4, "Plans": [{"Node Type": "Seq Scan", "Parent Relationship": "Outer", "Relation Name": "name", "Alias": "n", "Startup Cost": 0.0, "Total Cost": 22119.33, "Plan Rows": 96, "Plan Width": 4, "Filter": "(((name)::text ~~ '%Ang%'::text) AND ((gender)::text = 'f'::text))"}]}]}]}]}]}]}]}, {"Node Type": "Hash", "Parent Relationship": "Inner", "Startup Cost": 19218.34, "Total Cost": 19218.34, "Plan Rows": 3140338, "Plan Width": 20, "Plans": [{"Node Type": "Seq Scan", "Parent Relationship": "Outer", "Relation Name": "char_name", "Alias": "chn", "Startup Cost": 0.0, "Total Cost": 19218.34, "Plan Rows": 3140338, "Plan Width": 20}]}]}]}, {"Node Type": "Hash", "Parent Relationship": "Inner", "Startup Cost": 5903.45, "Total Cost": 5903.45, "Plan Rows": 85170, "Plan Width": 4, "Plans": [{"Node Type": "Seq Scan", "Parent Relationship": "Outer", "Relation Name": "company_name", "Alias": "cn", "Startup Cost": 0.0, "Total Cost": 5903.45, "Plan Rows": 85170, "Plan Width": 4, "Filter": "((country_code)::text = '[us]'::text)"}]}]}, {"Node Type": "Hash", "Parent Relationship": "Inner", "Startup Cost": 1.15, "Total Cost": 1.15, "Plan Rows": 1, "Plan Width": 4, "Plans": [{"Node Type": "Seq Scan", "Parent Relationship": "Outer", "Relation Name": "role_type", "Alias": "rt", "Startup Cost": 0.0, "Total Cost": 1.15, "Plan Rows": 1, "Plan Width": 4, "Filter": "((role)::text = 'actress'::text)"}]}]}]}, {"Node Type": "Hash", "Parent Relationship": "Inner", "Startup Cost": 19544.42, "Total Cost": 19544.42, "Plan Rows": 1109224, "Plan Width": 21, "Plans": [{"Node Type": "Seq Scan", "Parent Relationship": "Outer", "Relation Name": "title", "Alias": "t", "Startup Cost": 86.43, "Total Cost": 19544.42, "Plan Rows": 1109224, "Plan Width": 21, "Filter": "((production_year >= 2005) AND (production_year <= 2015)), (LLVM Optimized)"}]}]}]}, {"Node Type": "Hash", "Parent Relationship": "Inner", "Startup Cost": 16244.28, "Total Cost": 16244.28, "Plan Rows": 901342, "Plan Width": 20, "Plans": [{"Node Type": "Seq Scan", "Parent Relationship": "Outer", "Relation Name": "aka_name", "Alias": "an", "Startup Cost": 0.0, "Total Cost": 16244.28, "Plan Rows": 901342, "Plan Width": 20}]}]}]}]}]}, "Unique SQL Id": 3431223514, "Planner Runtime": 452}, "explain_analyze_plan": null}, "(16, 75)": {"explain_plan": {"Plan": {"Node Type": "Aggregate", "Strategy": "Plain", "Startup Cost": 7329418129133.29, "Total Cost": 7329418129133.3, "Plan Rows": 1, "Plan Width": 145, "Plans": [{"Node Type": "Hash Join", "Parent Relationship": "Outer", "Join Type": "Inner", "Startup Cost": 5350274202025.58, "Total Cost": 7329418129133.27, "Plan Rows": 2, "Plan Width": 49, "Inner Unique": true, "Hash Cond": "(mc.company_id = cn.id)", "Plans": [{"Node Type": "Merge Join", "Parent Relationship": "Outer", "Join Type": "Inner", "Startup Cost": 4350273150821.99, "Total Cost": 6329417077929.65, "Plan Rows": 2, "Plan Width": 53, "Inner Unique": true, "Merge Cond": "(ci.movie_id = t.id)", "Plans": [{"Node Type": "Merge Join", "Parent Relationship": "Outer", "Join Type": "Inner", "Startup Cost": 4340273150821.99, "Total Cost": 5330287508074.84, "Plan Rows": 2, "Plan Width": 44, "Inner Unique": false, "Merge Cond": "(mc.movie_id = ci.movie_id)", "Plans": [{"Node Type": "Index Scan", "Parent Relationship": "Outer", "Scan Direction": "Forward", "Index Name": "movie_id_movie_companies", "Relation Name": "movie_companies", "Alias": "mc", "Startup Cost": 10000000000.0, "Total Cost": 1000014356510.13, "Plan Rows": 297072, "Plan Width": 8, "Filter": "((note IS NOT NULL) AND (((note)::text ~~ '%(USA)%'::text) OR ((note)::text ~~ '%(worldwide)%'::text))), (LLVM Optimized)"}, {"Node Type": "Sort", "Parent Relationship": "Inner", "Startup Cost": 4330273150821.99, "Total Cost": 4330273150822.0, "Plan Rows": 6, "Plan Width": 36, "Sort Key": ["ci.movie_id"], "Plans": [{"Node Type": "Merge Join", "Parent Relationship": "Outer", "Join Type": "Inner", "Startup Cost": 2510047083971.88, "Total Cost": 4330273150821.91, "Plan Rows": 6, "Plan Width": 36, "Inner Unique": true, "Merge Cond": "(ci.person_id = n.id)", "Plans": [{"Node Type": "Merge Join", "Parent Relationship": "Outer", "Join Type": "Inner", "Startup Cost": 2500027729291.02, "Total Cost": 3350878854254.41, "Plan Rows": 43961, "Plan Width": 44, "Inner Unique": false, "Merge Cond": "(ci.person_id = an.person_id)", "Plans": [{"Node Type": "Sort", "Parent Relationship": "Outer", "Startup Cost": 2490027729291.02, "Total Cost": 2490027729382.81, "Plan Rows": 36717, "Plan Width": 24, "Sort Key": ["ci.person_id"], "Plans": [{"Node Type": "Hash Join", "Parent Relationship": "Outer", "Join Type": "Inner", "Startup Cost": 1059427184468.88, "Total Cost": 2490027726507.1, "Plan Rows": 36717, "Plan Width": 24, "Inner Unique": true, "Hash Cond": "(ci.role_id = rt.id)", "Plans": [{"Node Type": "Merge Join", "Parent Relationship": "Outer", "Join Type": "Inner", "Startup Cost": 59427183222.87, "Total Cost": 1490027723881.67, "Plan Rows": 403890, "Plan Width": 28, "Inner Unique": false, "Merge Cond": "(chn.id = ci.person_role_id)", "Plans": [{"Node Type": "Index Scan", "Parent Relationship": "Outer", "Scan Direction": "Forward", "Index Name": "char_name_pkey", "Relation Name": "char_name", "Alias": "chn", "Startup Cost": 10000000000.0, "Total Cost": 1000012987545.51, "Plan Rows": 3140338, "Plan Width": 20}, {"Node Type": "Index Scan", "Parent Relationship": "Inner", "Scan Direction": "Forward", "Index Name": "person_role_id_cast_info", "Relation Name": "cast_info", "Alias": "ci", "Startup Cost": 10000000000.0, "Total Cost": 1000211315681.48, "Plan Rows": 833163, "Plan Width": 16, "Filter": "((note)::text = ANY ('{(voice),\"(voice: Japanese version)\",\"(voice) (uncredited)\",\"(voice: English version)\"}'::text[]))"}]}, {"Node Type": "Hash", "Parent Relationship": "Inner", "Startup Cost": 1000000001246.0, "Total Cost": 1000000001246.0, "Plan Rows": 1, "Plan Width": 4, "Plans": [{"Node Type": "Index Scan", "Parent Relationship": "Outer", "Scan Direction": "Forward", "Index Name": "role_type_pkey", "Relation Name": "role_type", "Alias": "rt", "Startup Cost": 10000000000.0, "Total Cost": 1000000001246.0, "Plan Rows": 1, "Plan Width": 4, "Filter": "((role)::text = 'actress'::text)"}]}]}]}, {"Node Type": "Index Scan", "Parent Relationship": "Inner", "Scan Direction": "Forward", "Index Name": "person_id_aka_name", "Relation Name": "aka_name", "Alias": "an", "Startup Cost": 10000000000.0, "Total Cost": 1000006896503.43, "Plan Rows": 901342, "Plan Width": 20}]}, {"Node Type": "Index Scan", "Parent Relationship": "Inner", "Scan Direction": "Forward", "Index Name": "name_pkey", "Relation Name": "name", "Alias": "n", "Startup Cost": 10000000000.0, "Total Cost": 1000019707019.7, "Plan Rows": 96, "Plan Width": 4, "Filter": "(((name)::text ~~ '%Ang%'::text) AND ((gender)::text = 'f'::text))"}]}]}]}, {"Node Type": "Index Scan", "Parent Relationship": "Inner", "Scan Direction": "Forward", "Index Name": "title_pkey", "Relation Name": "title", "Alias": "t", "Startup Cost": 10000000000.0, "Total Cost": 1000012276204.41, "Plan Rows": 1109224, "Plan Width": 21, "Filter": "((production_year >= 2005) AND (production_year <= 2015)), (LLVM Optimized)"}]}, {"Node Type": "Hash", "Parent Relationship": "Inner", "Startup Cost": 1000001050138.97, "Total Cost": 1000001050138.97, "Plan Rows": 85170, "Plan Width": 4, "Plans": [{"Node Type": "Index Scan", "Parent Relationship": "Outer", "Scan Direction": "Forward", "Index Name": "company_name_pkey", "Relation Name": "company_name", "Alias": "cn", "Startup Cost": 10000000000.0, "Total Cost": 1000001050138.97, "Plan Rows": 85170, "Plan Width": 4, "Filter": "((country_code)::text = '[us]'::text)"}]}]}]}, "Unique SQL Id": 3431223514, "Planner Runtime": 278}, "explain_analyze_plan": null}, "(16, 76)": {"explain_plan": {"Plan": {"Node Type": "Aggregate", "Strategy": "Plain", "Startup Cost": 23236.72, "Total Cost": 23236.73, "Plan Rows": 1, "Plan Width": 145, "Plans": [{"Node Type": "Nested Loop", "Parent Relationship": "Outer", "Join Type": "Inner", "Startup Cost": 0.0, "Total Cost": 23236.71, "Plan Rows": 1, "Plan Width": 49, "Inner Unique": true, "Plans": [{"Node Type": "Nested Loop", "Parent Relationship": "Outer", "Join Type": "Inner", "Startup Cost": 0.0, "Total Cost": 23236.21, "Plan Rows": 1, "Plan Width": 40, "Inner Unique": true, "Plans": [{"Node Type": "Nested Loop", "Parent Relationship": "Outer", "Join Type": "Inner", "Startup Cost": 0.0, "Total Cost": 23235.56, "Plan Rows": 2, "Plan Width": 44, "Inner Unique": true, "Plans": [{"Node Type": "Nested Loop", "Parent Relationship": "Outer", "Join Type": "Inner", "Startup Cost": 0.0, "Total Cost": 23233.01, "Plan Rows": 5, "Plan Width": 32, "Inner Unique": false, "Plans": [{"Node Type": "Nested Loop", "Parent Relationship": "Outer", "Join Type": "Inner", "Startup Cost": 0.0, "Total Cost": 23227.4, "Plan Rows": 13, "Plan Width": 24, "Inner Unique": true, "Plans": [{"Node Type": "Nested Loop", "Parent Relationship": "Outer", "Join Type": "Inner", "Startup Cost": 0.0, "Total Cost": 23187.57, "Plan Rows": 141, "Plan Width": 28, "Inner Unique": false, "Join Filter": "(n.id = ci.person_id)", "Plans": [{"Node Type": "Nested Loop", "Parent Relationship": "Outer", "Join Type": "Inner", "Startup Cost": 0.0, "Total Cost": 22912.29, "Plan Rows": 115, "Plan Width": 24, "Inner Unique": false, "Plans": [{"Node Type": "Streaming(type: LOCAL GATHER dop: 1/16)", "Parent Relationship": "Outer", "Startup Cost": 0.0, "Total Cost": 22121.41, "Plan Rows": 96, "Plan Width": 4, "Plans": [{"Node Type": "Seq Scan", "Parent Relationship": "Outer", "Relation Name": "name", "Alias": "n", "Startup Cost": 0.0, "Total Cost": 22119.33, "Plan Rows": 96, "Plan Width": 4, "Filter": "(((name)::text ~~ '%Ang%'::text) AND ((gender)::text = 'f'::text))"}]}, {"Node Type": "Index Scan", "Parent Relationship": "Inner", "Scan Direction": "Forward", "Index Name": "person_id_aka_name", "Relation Name": "aka_name", "Alias": "an", "Startup Cost": 0.0, "Total Cost": 8.23, "Plan Rows": 1, "Plan Width": 20, "Index Cond": "(person_id = n.id)"}]}, {"Node Type": "Index Scan", "Parent Relationship": "Inner", "Scan Direction": "Forward", "Index Name": "person_id_cast_info", "Relation Name": "cast_info", "Alias": "ci", "Startup Cost": 0.0, "Total Cost": 2.38, "Plan Rows": 1, "Plan Width": 16, "Index Cond": "(person_id = an.person_id)", "Filter": "((note)::text = ANY ('{(voice),\"(voice: Japanese version)\",\"(voice) (uncredited)\",\"(voice: English version)\"}'::text[]))"}]}, {"Node Type": "Index Scan", "Parent Relationship": "Inner", "Scan Direction": "Forward", "Index Name": "role_type_pkey", "Relation Name": "role_type", "Alias": "rt", "Startup Cost": 0.0, "Total Cost": 0.27, "Plan Rows": 1, "Plan Width": 4, "Index Cond": "(id = ci.role_id)", "Filter": "((role)::text = 'actress'::text)"}]}, {"Node Type": "Index Scan", "Parent Relationship": "Inner", "Scan Direction": "Forward", "Index Name": "movie_id_movie_companies", "Relation Name": "movie_companies", "Alias": "mc", "Startup Cost": 0.0, "Total Cost": 0.42, "Plan Rows": 1, "Plan Width": 8, "Index Cond": "(movie_id = ci.movie_id)", "Filter": "((note IS NOT NULL) AND (((note)::text ~~ '%(USA)%'::text) OR ((note)::text ~~ '%(worldwide)%'::text)))"}]}, {"Node Type": "Index Scan", "Parent Relationship": "Inner", "Scan Direction": "Forward", "Index Name": "char_name_pkey", "Relation Name": "char_name", "Alias": "chn", "Startup Cost": 0.0, "Total Cost": 0.5, "Plan Rows": 1, "Plan Width": 20, "Index Cond": "(id = ci.person_role_id)"}]}, {"Node Type": "Index Scan", "Parent Relationship": "Inner", "Scan Direction": "Forward", "Index Name": "company_name_pkey", "Relation Name": "company_name", "Alias": "cn", "Startup Cost": 0.0, "Total Cost": 0.32, "Plan Rows": 1, "Plan Width": 4, "Index Cond": "(id = mc.company_id)", "Filter": "((country_code)::text = '[us]'::text)"}]}, {"Node Type": "Index Scan", "Parent Relationship": "Inner", "Scan Direction": "Forward", "Index Name": "title_pkey", "Relation Name": "title", "Alias": "t", "Startup Cost": 0.0, "Total Cost": 0.49, "Plan Rows": 1, "Plan Width": 21, "Index Cond": "(id = ci.movie_id)", "Filter": "((production_year >= 2005) AND (production_year <= 2015))"}]}]}, "Unique SQL Id": 3431223514, "Planner Runtime": 176}, "explain_analyze_plan": {"Plan": {"Node Type": "Aggregate", "Strategy": "Plain", "Startup Cost": 23236.72, "Total Cost": 23236.73, "Plan Rows": 1, "Plan Width": 145, "Actual Min Startup Time": 189.563, "Actual Max Startup Time": 189.563, "Actual Min Total Time": 189.564, "Actual Max Total Time": 189.564, "Plans": [{"Node Type": "Nested Loop", "Parent Relationship": "Outer", "Join Type": "Inner", "Startup Cost": 0.0, "Total Cost": 23236.71, "Plan Rows": 1, "Plan Width": 49, "Actual Min Startup Time": 69.69, "Actual Max Startup Time": 69.69, "Actual Min Total Time": 189.327, "Actual Max Total Time": 189.327, "Inner Unique": true, "Plans": [{"Node Type": "Nested Loop", "Parent Relationship": "Outer", "Join Type": "Inner", "Startup Cost": 0.0, "Total Cost": 23236.21, "Plan Rows": 1, "Plan Width": 40, "Actual Min Startup Time": 61.462, "Actual Max Startup Time": 61.462, "Actual Min Total Time": 187.482, "Actual Max Total Time": 187.482, "Inner Unique": true, "Plans": [{"Node Type": "Nested Loop", "Parent Relationship": "Outer", "Join Type": "Inner", "Startup Cost": 0.0, "Total Cost": 23235.56, "Plan Rows": 2, "Plan Width": 44, "Actual Min Startup Time": 61.442, "Actual Max Startup Time": 61.442, "Actual Min Total Time": 185.683, "Actual Max Total Time": 185.683, "Inner Unique": true, "Plans": [{"Node Type": "Nested Loop", "Parent Relationship": "Outer", "Join Type": "Inner", "Startup Cost": 0.0, "Total Cost": 23233.01, "Plan Rows": 5, "Plan Width": 32, "Actual Min Startup Time": 61.422, "Actual Max Startup Time": 61.422, "Actual Min Total Time": 183.916, "Actual Max Total Time": 183.916, "Inner Unique": false, "Plans": [{"Node Type": "Nested Loop", "Parent Relationship": "Outer", "Join Type": "Inner", "Startup Cost": 0.0, "Total Cost": 23227.4, "Plan Rows": 13, "Plan Width": 24, "Actual Min Startup Time": 60.102, "Actual Max Startup Time": 60.102, "Actual Min Total Time": 179.503, "Actual Max Total Time": 179.503, "Inner Unique": true, "Plans": [{"Node Type": "Nested Loop", "Parent Relationship": "Outer", "Join Type": "Inner", "Startup Cost": 0.0, "Total Cost": 23187.57, "Plan Rows": 141, "Plan Width": 28, "Actual Min Startup Time": 60.089, "Actual Max Startup Time": 60.089, "Actual Min Total Time": 178.229, "Actual Max Total Time": 178.229, "Inner Unique": false, "Join Filter": "(n.id = ci.person_id)", "Rows Removed by Join Filter": 0, "Plans": [{"Node Type": "Nested Loop", "Parent Relationship": "Outer", "Join Type": "Inner", "Startup Cost": 0.0, "Total Cost": 22912.29, "Plan Rows": 115, "Plan Width": 24, "Actual Min Startup Time": 58.801, "Actual Max Startup Time": 58.801, "Actual Min Total Time": 127.723, "Actual Max Total Time": 127.723, "Inner Unique": false, "Plans": [{"Node Type": "Streaming(type: LOCAL GATHER dop: 1/16)", "Parent Relationship": "Outer", "Startup Cost": 0.0, "Total Cost": 22121.41, "Plan Rows": 96, "Plan Width": 4, "Actual Min Startup Time": 58.724, "Actual Max Startup Time": 58.724, "Actual Min Total Time": 104.63, "Actual Max Total Time": 104.63, "Plans": [{"Node Type": "Seq Scan", "Parent Relationship": "Outer", "Relation Name": "name", "Alias": "n", "Startup Cost": 0.0, "Total Cost": 22119.33, "Plan Rows": 96, "Plan Width": 4, "Actual Min Startup Time": 40.745, "Actual Max Startup Time": 45.186, "Actual Min Total Time": 101.203, "Actual Max Total Time": 105.942, "Filter": "(((name)::text ~~ '%Ang%'::text) AND ((gender)::text = 'f'::text))", "Rows Removed by Filter": 4160722, "Actual Rows": 6768}], "Actual Rows": 6768}, {"Node Type": "Index Scan", "Parent Relationship": "Inner", "Scan Direction": "Forward", "Index Name": "person_id_aka_name", "Relation Name": "aka_name", "Alias": "an", "Startup Cost": 0.0, "Total Cost": 8.23, "Plan Rows": 1, "Plan Width": 20, "Actual Min Startup Time": 18.625, "Actual Max Startup Time": 18.625, "Actual Min Total Time": 19.445, "Actual Max Total Time": 19.445, "Index Cond": "(person_id = n.id)", "Rows Removed by Index Recheck": 0, "Actual Rows": 1558}], "Actual Rows": 1558}, {"Node Type": "Index Scan", "Parent Relationship": "Inner", "Scan Direction": "Forward", "Index Name": "person_id_cast_info", "Relation Name": "cast_info", "Alias": "ci", "Startup Cost": 0.0, "Total Cost": 2.38, "Plan Rows": 1, "Plan Width": 16, "Actual Min Startup Time": 44.65, "Actual Max Startup Time": 44.65, "Actual Min Total Time": 49.451, "Actual Max Total Time": 49.451, "Index Cond": "(person_id = an.person_id)", "Rows Removed by Index Recheck": 0, "Filter": "((note)::text = ANY ('{(voice),\"(voice: Japanese version)\",\"(voice) (uncredited)\",\"(voice: English version)\"}'::text[]))", "Rows Removed by Filter": 69057, "Actual Rows": 425}], "Actual Rows": 425}, {"Node Type": "Index Scan", "Parent Relationship": "Inner", "Scan Direction": "Forward", "Index Name": "role_type_pkey", "Relation Name": "role_type", "Alias": "rt", "Startup Cost": 0.0, "Total Cost": 0.27, "Plan Rows": 1, "Plan Width": 4, "Actual Min Startup Time": 0.858, "Actual Max Startup Time": 0.858, "Actual Min Total Time": 0.858, "Actual Max Total Time": 0.858, "Index Cond": "(id = ci.role_id)", "Rows Removed by Index Recheck": 0, "Filter": "((role)::text = 'actress'::text)", "Rows Removed by Filter": 0, "Actual Rows": 425}], "Actual Rows": 425}, {"Node Type": "Index Scan", "Parent Relationship": "Inner", "Scan Direction": "Forward", "Index Name": "movie_id_movie_companies", "Relation Name": "movie_companies", "Alias": "mc", "Startup Cost": 0.0, "Total Cost": 0.42, "Plan Rows": 1, "Plan Width": 8, "Actual Min Startup Time": 2.875, "Actual Max Startup Time": 2.875, "Actual Min Total Time": 4.052, "Actual Max Total Time": 4.052, "Index Cond": "(movie_id = ci.movie_id)", "Rows Removed by Index Recheck": 0, "Filter": "((note IS NOT NULL) AND (((note)::text ~~ '%(USA)%'::text) OR ((note)::text ~~ '%(worldwide)%'::text)))", "Rows Removed by Filter": 1538, "Actual Rows": 373}], "Actual Rows": 373}, {"Node Type": "Index Scan", "Parent Relationship": "Inner", "Scan Direction": "Forward", "Index Name": "char_name_pkey", "Relation Name": "char_name", "Alias": "chn", "Startup Cost": 0.0, "Total Cost": 0.5, "Plan Rows": 1, "Plan Width": 20, "Actual Min Startup Time": 1.399, "Actual Max Startup Time": 1.399, "Actual Min Total Time": 1.399, "Actual Max Total Time": 1.399, "Index Cond": "(id = ci.person_role_id)", "Rows Removed by Index Recheck": 0, "Actual Rows": 348}], "Actual Rows": 348}, {"Node Type": "Index Scan", "Parent Relationship": "Inner", "Scan Direction": "Forward", "Index Name": "company_name_pkey", "Relation Name": "company_name", "Alias": "cn", "Startup Cost": 0.0, "Total Cost": 0.32, "Plan Rows": 1, "Plan Width": 4, "Actual Min Startup Time": 1.447, "Actual Max Startup Time": 1.447, "Actual Min Total Time": 1.447, "Actual Max Total Time": 1.447, "Index Cond": "(id = mc.company_id)", "Rows Removed by Index Recheck": 0, "Filter": "((country_code)::text = '[us]'::text)", "Rows Removed by Filter": 7, "Actual Rows": 341}], "Actual Rows": 341}, {"Node Type": "Index Scan", "Parent Relationship": "Inner", "Scan Direction": "Forward", "Index Name": "title_pkey", "Relation Name": "title", "Alias": "t", "Startup Cost": 0.0, "Total Cost": 0.49, "Plan Rows": 1, "Plan Width": 21, "Actual Min Startup Time": 1.574, "Actual Max Startup Time": 1.574, "Actual Min Total Time": 1.574, "Actual Max Total Time": 1.574, "Index Cond": "(id = ci.movie_id)", "Rows Removed by Index Recheck": 0, "Filter": "((production_year >= 2005) AND (production_year <= 2015))", "Rows Removed by Filter": 220, "Actual Rows": 121}], "Actual Rows": 121}], "Actual Rows": 1}, "Triggers": [], "Planner Runtime": 146, "Total Runtime": 192.53, "Unique SQL Id": 3431223514}}, "(16, 77)": {"explain_plan": {"Plan": {"Node Type": "Aggregate", "Strategy": "Plain", "Startup Cost": 154581.71, "Total Cost": 154581.72, "Plan Rows": 1, "Plan Width": 145, "Plans": [{"Node Type": "Nested Loop", "Parent Relationship": "Outer", "Join Type": "Inner", "Startup Cost": 0.0, "Total Cost": 154581.7, "Plan Rows": 1, "Plan Width": 49, "Inner Unique": true, "Plans": [{"Node Type": "Nested Loop", "Parent Relationship": "Outer", "Join Type": "Inner", "Startup Cost": 0.0, "Total Cost": 154581.21, "Plan Rows": 1, "Plan Width": 40, "Inner Unique": true, "Plans": [{"Node Type": "Nested Loop", "Parent Relationship": "Outer", "Join Type": "Inner", "Startup Cost": 0.0, "Total Cost": 154580.19, "Plan Rows": 2, "Plan Width": 28, "Inner Unique": true, "Plans": [{"Node Type": "Nested Loop", "Parent Relationship": "Outer", "Join Type": "Inner", "Startup Cost": 0.0, "Total Cost": 154578.55, "Plan Rows": 5, "Plan Width": 32, "Inner Unique": false, "Plans": [{"Node Type": "Nested Loop", "Parent Relationship": "Outer", "Join Type": "Inner", "Startup Cost": 0.0, "Total Cost": 154572.94, "Plan Rows": 13, "Plan Width": 24, "Inner Unique": true, "Plans": [{"Node Type": "Nested Loop", "Parent Relationship": "Outer", "Join Type": "Inner", "Startup Cost": 0.0, "Total Cost": 154533.1, "Plan Rows": 141, "Plan Width": 28, "Inner Unique": false, "Join Filter": "(n.id = ci.person_id)", "Plans": [{"Node Type": "Nested Loop", "Parent Relationship": "Outer", "Join Type": "Inner", "Startup Cost": 0.0, "Total Cost": 154257.82, "Plan Rows": 115, "Plan Width": 24, "Inner Unique": false, "Plans": [{"Node Type": "Streaming(type: LOCAL GATHER dop: 1/16)", "Parent Relationship": "Outer", "Startup Cost": 0.0, "Total Cost": 153466.94, "Plan Rows": 96, "Plan Width": 4, "Plans": [{"Node Type": "Index Scan", "Parent Relationship": "Outer", "Scan Direction": "Forward", "Index Name": "name_pkey", "Relation Name": "name", "Alias": "n", "Startup Cost": 0.0, "Total Cost": 153464.87, "Plan Rows": 96, "Plan Width": 4, "Filter": "(((name)::text ~~ '%Ang%'::text) AND ((gender)::text = 'f'::text))"}]}, {"Node Type": "Index Scan", "Parent Relationship": "Inner", "Scan Direction": "Forward", "Index Name": "person_id_aka_name", "Relation Name": "aka_name", "Alias": "an", "Startup Cost": 0.0, "Total Cost": 8.23, "Plan Rows": 1, "Plan Width": 20, "Index Cond": "(person_id = n.id)"}]}, {"Node Type": "Index Scan", "Parent Relationship": "Inner", "Scan Direction": "Forward", "Index Name": "person_id_cast_info", "Relation Name": "cast_info", "Alias": "ci", "Startup Cost": 0.0, "Total Cost": 2.38, "Plan Rows": 1, "Plan Width": 16, "Index Cond": "(person_id = an.person_id)", "Filter": "((note)::text = ANY ('{(voice),\"(voice: Japanese version)\",\"(voice) (uncredited)\",\"(voice: English version)\"}'::text[]))"}]}, {"Node Type": "Index Scan", "Parent Relationship": "Inner", "Scan Direction": "Forward", "Index Name": "role_type_pkey", "Relation Name": "role_type", "Alias": "rt", "Startup Cost": 0.0, "Total Cost": 0.27, "Plan Rows": 1, "Plan Width": 4, "Index Cond": "(id = ci.role_id)", "Filter": "((role)::text = 'actress'::text)"}]}, {"Node Type": "Index Scan", "Parent Relationship": "Inner", "Scan Direction": "Forward", "Index Name": "movie_id_movie_companies", "Relation Name": "movie_companies", "Alias": "mc", "Startup Cost": 0.0, "Total Cost": 0.42, "Plan Rows": 1, "Plan Width": 8, "Index Cond": "(movie_id = ci.movie_id)", "Filter": "((note IS NOT NULL) AND (((note)::text ~~ '%(USA)%'::text) OR ((note)::text ~~ '%(worldwide)%'::text)))"}]}, {"Node Type": "Index Scan", "Parent Relationship": "Inner", "Scan Direction": "Forward", "Index Name": "company_name_pkey", "Relation Name": "company_name", "Alias": "cn", "Startup Cost": 0.0, "Total Cost": 0.32, "Plan Rows": 1, "Plan Width": 4, "Index Cond": "(id = mc.company_id)", "Filter": "((country_code)::text = '[us]'::text)"}]}, {"Node Type": "Index Scan", "Parent Relationship": "Inner", "Scan Direction": "Forward", "Index Name": "char_name_pkey", "Relation Name": "char_name", "Alias": "chn", "Startup Cost": 0.0, "Total Cost": 0.5, "Plan Rows": 1, "Plan Width": 20, "Index Cond": "(id = ci.person_role_id)"}]}, {"Node Type": "Index Scan", "Parent Relationship": "Inner", "Scan Direction": "Forward", "Index Name": "title_pkey", "Relation Name": "title", "Alias": "t", "Startup Cost": 0.0, "Total Cost": 0.49, "Plan Rows": 1, "Plan Width": 21, "Index Cond": "(id = ci.movie_id)", "Filter": "((production_year >= 2005) AND (production_year <= 2015))"}]}]}, "Unique SQL Id": 3431223514, "Planner Runtime": 74}, "explain_analyze_plan": {"Plan": {"Node Type": "Aggregate", "Strategy": "Plain", "Startup Cost": 154581.71, "Total Cost": 154581.72, "Plan Rows": 1, "Plan Width": 145, "Actual Min Startup Time": 320.416, "Actual Max Startup Time": 320.416, "Actual Min Total Time": 320.417, "Actual Max Total Time": 320.417, "Plans": [{"Node Type": "Nested Loop", "Parent Relationship": "Outer", "Join Type": "Inner", "Startup Cost": 0.0, "Total Cost": 154581.7, "Plan Rows": 1, "Plan Width": 49, "Actual Min Startup Time": 98.859, "Actual Max Startup Time": 98.859, "Actual Min Total Time": 320.124, "Actual Max Total Time": 320.124, "Inner Unique": true, "Plans": [{"Node Type": "Nested Loop", "Parent Relationship": "Outer", "Join Type": "Inner", "Startup Cost": 0.0, "Total Cost": 154581.21, "Plan Rows": 1, "Plan Width": 40, "Actual Min Startup Time": 67.906, "Actual Max Startup Time": 67.906, "Actual Min Total Time": 318.254, "Actual Max Total Time": 318.254, "Inner Unique": true, "Plans": [{"Node Type": "Nested Loop", "Parent Relationship": "Outer", "Join Type": "Inner", "Startup Cost": 0.0, "Total Cost": 154580.19, "Plan Rows": 2, "Plan Width": 28, "Actual Min Startup Time": 67.889, "Actual Max Startup Time": 67.889, "Actual Min Total Time": 316.485, "Actual Max Total Time": 316.485, "Inner Unique": true, "Plans": [{"Node Type": "Nested Loop", "Parent Relationship": "Outer", "Join Type": "Inner", "Startup Cost": 0.0, "Total Cost": 154578.55, "Plan Rows": 5, "Plan Width": 32, "Actual Min Startup Time": 67.87, "Actual Max Startup Time": 67.87, "Actual Min Total Time": 314.414, "Actual Max Total Time": 314.414, "Inner Unique": false, "Plans": [{"Node Type": "Nested Loop", "Parent Relationship": "Outer", "Join Type": "Inner", "Startup Cost": 0.0, "Total Cost": 154572.94, "Plan Rows": 13, "Plan Width": 24, "Actual Min Startup Time": 67.844, "Actual Max Startup Time": 67.844, "Actual Min Total Time": 309.954, "Actual Max Total Time": 309.954, "Inner Unique": true, "Plans": [{"Node Type": "Nested Loop", "Parent Relationship": "Outer", "Join Type": "Inner", "Startup Cost": 0.0, "Total Cost": 154533.1, "Plan Rows": 141, "Plan Width": 28, "Actual Min Startup Time": 67.832, "Actual Max Startup Time": 67.832, "Actual Min Total Time": 308.644, "Actual Max Total Time": 308.644, "Inner Unique": false, "Join Filter": "(n.id = ci.person_id)", "Rows Removed by Join Filter": 0, "Plans": [{"Node Type": "Nested Loop", "Parent Relationship": "Outer", "Join Type": "Inner", "Startup Cost": 0.0, "Total Cost": 154257.82, "Plan Rows": 115, "Plan Width": 24, "Actual Min Startup Time": 67.78, "Actual Max Startup Time": 67.78, "Actual Min Total Time": 258.301, "Actual Max Total Time": 258.301, "Inner Unique": false, "Plans": [{"Node Type": "Streaming(type: LOCAL GATHER dop: 1/16)", "Parent Relationship": "Outer", "Startup Cost": 0.0, "Total Cost": 153466.94, "Plan Rows": 96, "Plan Width": 4, "Actual Min Startup Time": 67.718, "Actual Max Startup Time": 67.718, "Actual Min Total Time": 235.399, "Actual Max Total Time": 235.399, "Plans": [{"Node Type": "Index Scan", "Parent Relationship": "Outer", "Scan Direction": "Forward", "Index Name": "name_pkey", "Relation Name": "name", "Alias": "n", "Startup Cost": 0.0, "Total Cost": 153464.87, "Plan Rows": 96, "Plan Width": 4, "Actual Min Startup Time": 36.308, "Actual Max Startup Time": 291.918, "Actual Min Total Time": 271.115, "Actual Max Total Time": 291.918, "Filter": "(((name)::text ~~ '%Ang%'::text) AND ((gender)::text = 'f'::text))", "Rows Removed by Filter": 4160722, "Actual Rows": 6768}], "Actual Rows": 6768}, {"Node Type": "Index Scan", "Parent Relationship": "Inner", "Scan Direction": "Forward", "Index Name": "person_id_aka_name", "Relation Name": "aka_name", "Alias": "an", "Startup Cost": 0.0, "Total Cost": 8.23, "Plan Rows": 1, "Plan Width": 20, "Actual Min Startup Time": 18.331, "Actual Max Startup Time": 18.331, "Actual Min Total Time": 19.18, "Actual Max Total Time": 19.18, "Index Cond": "(person_id = n.id)", "Rows Removed by Index Recheck": 0, "Actual Rows": 1558}], "Actual Rows": 1558}, {"Node Type": "Index Scan", "Parent Relationship": "Inner", "Scan Direction": "Forward", "Index Name": "person_id_cast_info", "Relation Name": "cast_info", "Alias": "ci", "Startup Cost": 0.0, "Total Cost": 2.38, "Plan Rows": 1, "Plan Width": 16, "Actual Min Startup Time": 44.414, "Actual Max Startup Time": 44.414, "Actual Min Total Time": 49.22, "Actual Max Total Time": 49.22, "Index Cond": "(person_id = an.person_id)", "Rows Removed by Index Recheck": 0, "Filter": "((note)::text = ANY ('{(voice),\"(voice: Japanese version)\",\"(voice) (uncredited)\",\"(voice: English version)\"}'::text[]))", "Rows Removed by Filter": 69057, "Actual Rows": 425}], "Actual Rows": 425}, {"Node Type": "Index Scan", "Parent Relationship": "Inner", "Scan Direction": "Forward", "Index Name": "role_type_pkey", "Relation Name": "role_type", "Alias": "rt", "Startup Cost": 0.0, "Total Cost": 0.27, "Plan Rows": 1, "Plan Width": 4, "Actual Min Startup Time": 0.857, "Actual Max Startup Time": 0.857, "Actual Min Total Time": 0.857, "Actual Max Total Time": 0.857, "Index Cond": "(id = ci.role_id)", "Rows Removed by Index Recheck": 0, "Filter": "((role)::text = 'actress'::text)", "Rows Removed by Filter": 0, "Actual Rows": 425}], "Actual Rows": 425}, {"Node Type": "Index Scan", "Parent Relationship": "Inner", "Scan Direction": "Forward", "Index Name": "movie_id_movie_companies", "Relation Name": "movie_companies", "Alias": "mc", "Startup Cost": 0.0, "Total Cost": 0.42, "Plan Rows": 1, "Plan Width": 8, "Actual Min Startup Time": 2.936, "Actual Max Startup Time": 2.936, "Actual Min Total Time": 4.116, "Actual Max Total Time": 4.116, "Index Cond": "(movie_id = ci.movie_id)", "Rows Removed by Index Recheck": 0, "Filter": "((note IS NOT NULL) AND (((note)::text ~~ '%(USA)%'::text) OR ((note)::text ~~ '%(worldwide)%'::text)))", "Rows Removed by Filter": 1538, "Actual Rows": 373}], "Actual Rows": 373}, {"Node Type": "Index Scan", "Parent Relationship": "Inner", "Scan Direction": "Forward", "Index Name": "company_name_pkey", "Relation Name": "company_name", "Alias": "cn", "Startup Cost": 0.0, "Total Cost": 0.32, "Plan Rows": 1, "Plan Width": 4, "Actual Min Startup Time": 1.683, "Actual Max Startup Time": 1.683, "Actual Min Total Time": 1.683, "Actual Max Total Time": 1.683, "Index Cond": "(id = mc.company_id)", "Rows Removed by Index Recheck": 0, "Filter": "((country_code)::text = '[us]'::text)", "Rows Removed by Filter": 14, "Actual Rows": 359}], "Actual Rows": 359}, {"Node Type": "Index Scan", "Parent Relationship": "Inner", "Scan Direction": "Forward", "Index Name": "char_name_pkey", "Relation Name": "char_name", "Alias": "chn", "Startup Cost": 0.0, "Total Cost": 0.5, "Plan Rows": 1, "Plan Width": 20, "Actual Min Startup Time": 1.371, "Actual Max Startup Time": 1.371, "Actual Min Total Time": 1.371, "Actual Max Total Time": 1.371, "Index Cond": "(id = ci.person_role_id)", "Rows Removed by Index Recheck": 0, "Actual Rows": 341}], "Actual Rows": 341}, {"Node Type": "Index Scan", "Parent Relationship": "Inner", "Scan Direction": "Forward", "Index Name": "title_pkey", "Relation Name": "title", "Alias": "t", "Startup Cost": 0.0, "Total Cost": 0.49, "Plan Rows": 1, "Plan Width": 21, "Actual Min Startup Time": 1.601, "Actual Max Startup Time": 1.601, "Actual Min Total Time": 1.601, "Actual Max Total Time": 1.601, "Index Cond": "(id = ci.movie_id)", "Rows Removed by Index Recheck": 0, "Filter": "((production_year >= 2005) AND (production_year <= 2015))", "Rows Removed by Filter": 220, "Actual Rows": 121}], "Actual Rows": 121}], "Actual Rows": 1}, "Triggers": [], "Planner Runtime": 40, "Total Runtime": 323.463, "Unique SQL Id": 3431223514}}, "(16, 78)": {"explain_plan": {"Plan": {"Node Type": "Aggregate", "Strategy": "Plain", "Startup Cost": 192527.05, "Total Cost": 192527.08, "Plan Rows": 1, "Plan Width": 145, "Plans": [{"Node Type": "Streaming(type: LOCAL GATHER dop: 1/16)", "Parent Relationship": "Outer", "Startup Cost": 192527.05, "Total Cost": 192527.08, "Plan Rows": 1, "Plan Width": 145, "Plans": [{"Node Type": "Aggregate", "Strategy": "Plain", "Parent Relationship": "Outer", "Startup Cost": 192527.05, "Total Cost": 192527.06, "Plan Rows": 1, "Plan Width": 145, "Plans": [{"Node Type": "Hash Join", "Parent Relationship": "Outer", "Join Type": "Inner", "Startup Cost": 121555.93, "Total Cost": 192527.03, "Plan Rows": 2, "Plan Width": 49, "Inner Unique": false, "Hash Cond": "(n.id = an.person_id)", "Plans": [{"Node Type": "Streaming(type: BROADCAST dop: 16/16)", "Parent Relationship": "Outer", "Startup Cost": 116790.69, "Total Cost": 187761.76, "Plan Rows": 16, "Plan Width": 41, "Plans": [{"Node Type": "Hash Join", "Parent Relationship": "Outer", "Join Type": "Inner", "Startup Cost": 116790.69, "Total Cost": 172761.72, "Plan Rows": 1, "Plan Width": 41, "Inner Unique": true, "Hash Cond": "(ci.movie_id = t.id)", "Plans": [{"Node Type": "Streaming(type: BROADCAST dop: 16/1)", "Parent Relationship": "Outer", "Startup Cost": 111038.0, "Total Cost": 167009.02, "Plan Rows": 16, "Plan Width": 32, "Plans": [{"Node Type": "Hash Join", "Parent Relationship": "Outer", "Join Type": "Inner", "Startup Cost": 111038.0, "Total Cost": 152008.68, "Plan Rows": 1, "Plan Width": 32, "Inner Unique": true, "Hash Cond": "(ci.role_id = rt.id)", "Plans": [{"Node Type": "Hash Join", "Parent Relationship": "Outer", "Join Type": "Inner", "Startup Cost": 111036.84, "Total Cost": 152007.44, "Plan Rows": 16, "Plan Width": 36, "Inner Unique": true, "Hash Cond": "(mc.company_id = cn.id)", "Plans": [{"Node Type": "Streaming(type: LOCAL GATHER dop: 1/16)", "Parent Relationship": "Outer", "Startup Cost": 108496.35, "Total Cost": 149466.63, "Plan Rows": 21, "Plan Width": 40, "Plans": [{"Node Type": "Hash Join", "Parent Relationship": "Outer", "Join Type": "Inner", "Startup Cost": 108496.35, "Total Cost": 149466.17, "Plan Rows": 21, "Plan Width": 40, "Inner Unique": true, "Hash Cond": "(ci.person_role_id = chn.id)", "Plans": [{"Node Type": "Streaming(type: BROADCAST dop: 16/1)", "Parent Relationship": "Outer", "Startup Cost": 101238.38, "Total Cost": 142208.03, "Plan Rows": 688, "Plan Width": 28, "Plans": [{"Node Type": "Hash Join", "Parent Relationship": "Outer", "Join Type": "Inner", "Startup Cost": 101238.38, "Total Cost": 127193.18, "Plan Rows": 43, "Plan Width": 28, "Inner Unique": false, "Hash Cond": "(mc.movie_id = ci.movie_id)", "Plans": [{"Node Type": "Streaming(type: LOCAL GATHER dop: 1/16)", "Parent Relationship": "Outer", "Startup Cost": 0.0, "Total Cost": 24840.35, "Plan Rows": 297072, "Plan Width": 8, "Plans": [{"Node Type": "Seq Scan", "Parent Relationship": "Outer", "Relation Name": "movie_companies", "Alias": "mc", "Startup Cost": 0.0, "Total Cost": 18428.93, "Plan Rows": 297072, "Plan Width": 8, "Filter": "((note IS NOT NULL) AND (((note)::text ~~ '%(USA)%'::text) OR ((note)::text ~~ '%(worldwide)%'::text))), (LLVM Optimized)"}]}, {"Node Type": "Hash", "Parent Relationship": "Inner", "Startup Cost": 101236.92, "Total Cost": 101236.92, "Plan Rows": 117, "Plan Width": 20, "Plans": [{"Node Type": "Streaming(type: LOCAL GATHER dop: 1/16)", "Parent Relationship": "Outer", "Startup Cost": 37124.43, "Total Cost": 101236.92, "Plan Rows": 117, "Plan Width": 20, "Plans": [{"Node Type": "Hash Join", "Parent Relationship": "Outer", "Join Type": "Inner", "Startup Cost": 37124.43, "Total Cost": 101234.39, "Plan Rows": 117, "Plan Width": 20, "Inner Unique": true, "Hash Cond": "(ci.person_id = n.id)", "Plans": [{"Node Type": "Seq Scan", "Parent Relationship": "Outer", "Relation Name": "cast_info", "Alias": "ci", "Startup Cost": 0.0, "Total Cost": 63948.46, "Plan Rows": 833163, "Plan Width": 16, "Filter": "((note)::text = ANY ('{(voice),\"(voice: Japanese version)\",\"(voice) (uncredited)\",\"(voice: English version)\"}'::text[]))"}, {"Node Type": "Hash", "Parent Relationship": "Inner", "Startup Cost": 37123.23, "Total Cost": 37123.23, "Plan Rows": 1536, "Plan Width": 4, "Plans": [{"Node Type": "Streaming(type: BROADCAST dop: 16/16)", "Parent Relationship": "Outer", "Startup Cost": 0.0, "Total Cost": 37123.23, "Plan Rows": 1536, "Plan Width": 4, "Plans": [{"Node Type": "Seq Scan", "Parent Relationship": "Outer", "Relation Name": "name", "Alias": "n", "Startup Cost": 0.0, "Total Cost": 22119.33, "Plan Rows": 96, "Plan Width": 4, "Filter": "(((name)::text ~~ '%Ang%'::text) AND ((gender)::text = 'f'::text))"}]}]}]}]}]}]}]}, {"Node Type": "Hash", "Parent Relationship": "Inner", "Startup Cost": 19218.34, "Total Cost": 19218.34, "Plan Rows": 3140338, "Plan Width": 20, "Plans": [{"Node Type": "Seq Scan", "Parent Relationship": "Outer", "Relation Name": "char_name", "Alias": "chn", "Startup Cost": 0.0, "Total Cost": 19218.34, "Plan Rows": 3140338, "Plan Width": 20}]}]}]}, {"Node Type": "Hash", "Parent Relationship": "Inner", "Startup Cost": 5903.45, "Total Cost": 5903.45, "Plan Rows": 85170, "Plan Width": 4, "Plans": [{"Node Type": "Seq Scan", "Parent Relationship": "Outer", "Relation Name": "company_name", "Alias": "cn", "Startup Cost": 0.0, "Total Cost": 5903.45, "Plan Rows": 85170, "Plan Width": 4, "Filter": "((country_code)::text = '[us]'::text)"}]}]}, {"Node Type": "Hash", "Parent Relationship": "Inner", "Startup Cost": 1.15, "Total Cost": 1.15, "Plan Rows": 1, "Plan Width": 4, "Plans": [{"Node Type": "Seq Scan", "Parent Relationship": "Outer", "Relation Name": "role_type", "Alias": "rt", "Startup Cost": 0.0, "Total Cost": 1.15, "Plan Rows": 1, "Plan Width": 4, "Filter": "((role)::text = 'actress'::text)"}]}]}]}, {"Node Type": "Hash", "Parent Relationship": "Inner", "Startup Cost": 19544.42, "Total Cost": 19544.42, "Plan Rows": 1109224, "Plan Width": 21, "Plans": [{"Node Type": "Seq Scan", "Parent Relationship": "Outer", "Relation Name": "title", "Alias": "t", "Startup Cost": 86.43, "Total Cost": 19544.42, "Plan Rows": 1109224, "Plan Width": 21, "Filter": "((production_year >= 2005) AND (production_year <= 2015)), (LLVM Optimized)"}]}]}]}, {"Node Type": "Hash", "Parent Relationship": "Inner", "Startup Cost": 16244.28, "Total Cost": 16244.28, "Plan Rows": 901342, "Plan Width": 20, "Plans": [{"Node Type": "Seq Scan", "Parent Relationship": "Outer", "Relation Name": "aka_name", "Alias": "an", "Startup Cost": 0.0, "Total Cost": 16244.28, "Plan Rows": 901342, "Plan Width": 20}]}]}]}]}]}, "Unique SQL Id": 3431223514, "Planner Runtime": 449}, "explain_analyze_plan": null}, "(16, 79)": {"explain_plan": {"Plan": {"Node Type": "Aggregate", "Strategy": "Plain", "Startup Cost": 7329418129133.29, "Total Cost": 7329418129133.3, "Plan Rows": 1, "Plan Width": 145, "Plans": [{"Node Type": "Hash Join", "Parent Relationship": "Outer", "Join Type": "Inner", "Startup Cost": 5350274202025.58, "Total Cost": 7329418129133.27, "Plan Rows": 2, "Plan Width": 49, "Inner Unique": true, "Hash Cond": "(mc.company_id = cn.id)", "Plans": [{"Node Type": "Merge Join", "Parent Relationship": "Outer", "Join Type": "Inner", "Startup Cost": 4350273150821.99, "Total Cost": 6329417077929.65, "Plan Rows": 2, "Plan Width": 53, "Inner Unique": true, "Merge Cond": "(ci.movie_id = t.id)", "Plans": [{"Node Type": "Merge Join", "Parent Relationship": "Outer", "Join Type": "Inner", "Startup Cost": 4340273150821.99, "Total Cost": 5330287508074.84, "Plan Rows": 2, "Plan Width": 44, "Inner Unique": false, "Merge Cond": "(mc.movie_id = ci.movie_id)", "Plans": [{"Node Type": "Index Scan", "Parent Relationship": "Outer", "Scan Direction": "Forward", "Index Name": "movie_id_movie_companies", "Relation Name": "movie_companies", "Alias": "mc", "Startup Cost": 10000000000.0, "Total Cost": 1000014356510.13, "Plan Rows": 297072, "Plan Width": 8, "Filter": "((note IS NOT NULL) AND (((note)::text ~~ '%(USA)%'::text) OR ((note)::text ~~ '%(worldwide)%'::text))), (LLVM Optimized)"}, {"Node Type": "Sort", "Parent Relationship": "Inner", "Startup Cost": 4330273150821.99, "Total Cost": 4330273150822.0, "Plan Rows": 6, "Plan Width": 36, "Sort Key": ["ci.movie_id"], "Plans": [{"Node Type": "Merge Join", "Parent Relationship": "Outer", "Join Type": "Inner", "Startup Cost": 2510047083971.88, "Total Cost": 4330273150821.91, "Plan Rows": 6, "Plan Width": 36, "Inner Unique": true, "Merge Cond": "(ci.person_id = n.id)", "Plans": [{"Node Type": "Merge Join", "Parent Relationship": "Outer", "Join Type": "Inner", "Startup Cost": 2500027729291.02, "Total Cost": 3350878854254.41, "Plan Rows": 43961, "Plan Width": 44, "Inner Unique": false, "Merge Cond": "(ci.person_id = an.person_id)", "Plans": [{"Node Type": "Sort", "Parent Relationship": "Outer", "Startup Cost": 2490027729291.02, "Total Cost": 2490027729382.81, "Plan Rows": 36717, "Plan Width": 24, "Sort Key": ["ci.person_id"], "Plans": [{"Node Type": "Hash Join", "Parent Relationship": "Outer", "Join Type": "Inner", "Startup Cost": 1059427184468.88, "Total Cost": 2490027726507.1, "Plan Rows": 36717, "Plan Width": 24, "Inner Unique": true, "Hash Cond": "(ci.role_id = rt.id)", "Plans": [{"Node Type": "Merge Join", "Parent Relationship": "Outer", "Join Type": "Inner", "Startup Cost": 59427183222.87, "Total Cost": 1490027723881.67, "Plan Rows": 403890, "Plan Width": 28, "Inner Unique": false, "Merge Cond": "(chn.id = ci.person_role_id)", "Plans": [{"Node Type": "Index Scan", "Parent Relationship": "Outer", "Scan Direction": "Forward", "Index Name": "char_name_pkey", "Relation Name": "char_name", "Alias": "chn", "Startup Cost": 10000000000.0, "Total Cost": 1000012987545.51, "Plan Rows": 3140338, "Plan Width": 20}, {"Node Type": "Index Scan", "Parent Relationship": "Inner", "Scan Direction": "Forward", "Index Name": "person_role_id_cast_info", "Relation Name": "cast_info", "Alias": "ci", "Startup Cost": 10000000000.0, "Total Cost": 1000211315681.48, "Plan Rows": 833163, "Plan Width": 16, "Filter": "((note)::text = ANY ('{(voice),\"(voice: Japanese version)\",\"(voice) (uncredited)\",\"(voice: English version)\"}'::text[]))"}]}, {"Node Type": "Hash", "Parent Relationship": "Inner", "Startup Cost": 1000000001246.0, "Total Cost": 1000000001246.0, "Plan Rows": 1, "Plan Width": 4, "Plans": [{"Node Type": "Index Scan", "Parent Relationship": "Outer", "Scan Direction": "Forward", "Index Name": "role_type_pkey", "Relation Name": "role_type", "Alias": "rt", "Startup Cost": 10000000000.0, "Total Cost": 1000000001246.0, "Plan Rows": 1, "Plan Width": 4, "Filter": "((role)::text = 'actress'::text)"}]}]}]}, {"Node Type": "Index Scan", "Parent Relationship": "Inner", "Scan Direction": "Forward", "Index Name": "person_id_aka_name", "Relation Name": "aka_name", "Alias": "an", "Startup Cost": 10000000000.0, "Total Cost": 1000006896503.43, "Plan Rows": 901342, "Plan Width": 20}]}, {"Node Type": "Index Scan", "Parent Relationship": "Inner", "Scan Direction": "Forward", "Index Name": "name_pkey", "Relation Name": "name", "Alias": "n", "Startup Cost": 10000000000.0, "Total Cost": 1000019707019.7, "Plan Rows": 96, "Plan Width": 4, "Filter": "(((name)::text ~~ '%Ang%'::text) AND ((gender)::text = 'f'::text))"}]}]}]}, {"Node Type": "Index Scan", "Parent Relationship": "Inner", "Scan Direction": "Forward", "Index Name": "title_pkey", "Relation Name": "title", "Alias": "t", "Startup Cost": 10000000000.0, "Total Cost": 1000012276204.41, "Plan Rows": 1109224, "Plan Width": 21, "Filter": "((production_year >= 2005) AND (production_year <= 2015)), (LLVM Optimized)"}]}, {"Node Type": "Hash", "Parent Relationship": "Inner", "Startup Cost": 1000001050138.97, "Total Cost": 1000001050138.97, "Plan Rows": 85170, "Plan Width": 4, "Plans": [{"Node Type": "Index Scan", "Parent Relationship": "Outer", "Scan Direction": "Forward", "Index Name": "company_name_pkey", "Relation Name": "company_name", "Alias": "cn", "Startup Cost": 10000000000.0, "Total Cost": 1000001050138.97, "Plan Rows": 85170, "Plan Width": 4, "Filter": "((country_code)::text = '[us]'::text)"}]}]}]}, "Unique SQL Id": 3431223514, "Planner Runtime": 278}, "explain_analyze_plan": null}, "(16, 80)": {"explain_plan": {"Plan": {"Node Type": "Aggregate", "Strategy": "Plain", "Startup Cost": 23236.72, "Total Cost": 23236.73, "Plan Rows": 1, "Plan Width": 145, "Plans": [{"Node Type": "Nested Loop", "Parent Relationship": "Outer", "Join Type": "Inner", "Startup Cost": 0.0, "Total Cost": 23236.71, "Plan Rows": 1, "Plan Width": 49, "Inner Unique": true, "Plans": [{"Node Type": "Nested Loop", "Parent Relationship": "Outer", "Join Type": "Inner", "Startup Cost": 0.0, "Total Cost": 23236.21, "Plan Rows": 1, "Plan Width": 40, "Inner Unique": true, "Plans": [{"Node Type": "Nested Loop", "Parent Relationship": "Outer", "Join Type": "Inner", "Startup Cost": 0.0, "Total Cost": 23235.56, "Plan Rows": 2, "Plan Width": 44, "Inner Unique": true, "Plans": [{"Node Type": "Nested Loop", "Parent Relationship": "Outer", "Join Type": "Inner", "Startup Cost": 0.0, "Total Cost": 23233.01, "Plan Rows": 5, "Plan Width": 32, "Inner Unique": false, "Plans": [{"Node Type": "Nested Loop", "Parent Relationship": "Outer", "Join Type": "Inner", "Startup Cost": 0.0, "Total Cost": 23227.4, "Plan Rows": 13, "Plan Width": 24, "Inner Unique": true, "Plans": [{"Node Type": "Nested Loop", "Parent Relationship": "Outer", "Join Type": "Inner", "Startup Cost": 0.0, "Total Cost": 23187.57, "Plan Rows": 141, "Plan Width": 28, "Inner Unique": false, "Join Filter": "(n.id = ci.person_id)", "Plans": [{"Node Type": "Nested Loop", "Parent Relationship": "Outer", "Join Type": "Inner", "Startup Cost": 0.0, "Total Cost": 22912.29, "Plan Rows": 115, "Plan Width": 24, "Inner Unique": false, "Plans": [{"Node Type": "Streaming(type: LOCAL GATHER dop: 1/16)", "Parent Relationship": "Outer", "Startup Cost": 0.0, "Total Cost": 22121.41, "Plan Rows": 96, "Plan Width": 4, "Plans": [{"Node Type": "Seq Scan", "Parent Relationship": "Outer", "Relation Name": "name", "Alias": "n", "Startup Cost": 0.0, "Total Cost": 22119.33, "Plan Rows": 96, "Plan Width": 4, "Filter": "(((name)::text ~~ '%Ang%'::text) AND ((gender)::text = 'f'::text))"}]}, {"Node Type": "Index Scan", "Parent Relationship": "Inner", "Scan Direction": "Forward", "Index Name": "person_id_aka_name", "Relation Name": "aka_name", "Alias": "an", "Startup Cost": 0.0, "Total Cost": 8.23, "Plan Rows": 1, "Plan Width": 20, "Index Cond": "(person_id = n.id)"}]}, {"Node Type": "Index Scan", "Parent Relationship": "Inner", "Scan Direction": "Forward", "Index Name": "person_id_cast_info", "Relation Name": "cast_info", "Alias": "ci", "Startup Cost": 0.0, "Total Cost": 2.38, "Plan Rows": 1, "Plan Width": 16, "Index Cond": "(person_id = an.person_id)", "Filter": "((note)::text = ANY ('{(voice),\"(voice: Japanese version)\",\"(voice) (uncredited)\",\"(voice: English version)\"}'::text[]))"}]}, {"Node Type": "Index Scan", "Parent Relationship": "Inner", "Scan Direction": "Forward", "Index Name": "role_type_pkey", "Relation Name": "role_type", "Alias": "rt", "Startup Cost": 0.0, "Total Cost": 0.27, "Plan Rows": 1, "Plan Width": 4, "Index Cond": "(id = ci.role_id)", "Filter": "((role)::text = 'actress'::text)"}]}, {"Node Type": "Index Scan", "Parent Relationship": "Inner", "Scan Direction": "Forward", "Index Name": "movie_id_movie_companies", "Relation Name": "movie_companies", "Alias": "mc", "Startup Cost": 0.0, "Total Cost": 0.42, "Plan Rows": 1, "Plan Width": 8, "Index Cond": "(movie_id = ci.movie_id)", "Filter": "((note IS NOT NULL) AND (((note)::text ~~ '%(USA)%'::text) OR ((note)::text ~~ '%(worldwide)%'::text)))"}]}, {"Node Type": "Index Scan", "Parent Relationship": "Inner", "Scan Direction": "Forward", "Index Name": "char_name_pkey", "Relation Name": "char_name", "Alias": "chn", "Startup Cost": 0.0, "Total Cost": 0.5, "Plan Rows": 1, "Plan Width": 20, "Index Cond": "(id = ci.person_role_id)"}]}, {"Node Type": "Index Scan", "Parent Relationship": "Inner", "Scan Direction": "Forward", "Index Name": "company_name_pkey", "Relation Name": "company_name", "Alias": "cn", "Startup Cost": 0.0, "Total Cost": 0.32, "Plan Rows": 1, "Plan Width": 4, "Index Cond": "(id = mc.company_id)", "Filter": "((country_code)::text = '[us]'::text)"}]}, {"Node Type": "Index Scan", "Parent Relationship": "Inner", "Scan Direction": "Forward", "Index Name": "title_pkey", "Relation Name": "title", "Alias": "t", "Startup Cost": 0.0, "Total Cost": 0.49, "Plan Rows": 1, "Plan Width": 21, "Index Cond": "(id = ci.movie_id)", "Filter": "((production_year >= 2005) AND (production_year <= 2015))"}]}]}, "Unique SQL Id": 3431223514, "Planner Runtime": 54}, "explain_analyze_plan": {"Plan": {"Node Type": "Aggregate", "Strategy": "Plain", "Startup Cost": 23236.72, "Total Cost": 23236.73, "Plan Rows": 1, "Plan Width": 145, "Actual Min Startup Time": 189.563, "Actual Max Startup Time": 189.563, "Actual Min Total Time": 189.564, "Actual Max Total Time": 189.564, "Plans": [{"Node Type": "Nested Loop", "Parent Relationship": "Outer", "Join Type": "Inner", "Startup Cost": 0.0, "Total Cost": 23236.71, "Plan Rows": 1, "Plan Width": 49, "Actual Min Startup Time": 69.69, "Actual Max Startup Time": 69.69, "Actual Min Total Time": 189.327, "Actual Max Total Time": 189.327, "Inner Unique": true, "Plans": [{"Node Type": "Nested Loop", "Parent Relationship": "Outer", "Join Type": "Inner", "Startup Cost": 0.0, "Total Cost": 23236.21, "Plan Rows": 1, "Plan Width": 40, "Actual Min Startup Time": 61.462, "Actual Max Startup Time": 61.462, "Actual Min Total Time": 187.482, "Actual Max Total Time": 187.482, "Inner Unique": true, "Plans": [{"Node Type": "Nested Loop", "Parent Relationship": "Outer", "Join Type": "Inner", "Startup Cost": 0.0, "Total Cost": 23235.56, "Plan Rows": 2, "Plan Width": 44, "Actual Min Startup Time": 61.442, "Actual Max Startup Time": 61.442, "Actual Min Total Time": 185.683, "Actual Max Total Time": 185.683, "Inner Unique": true, "Plans": [{"Node Type": "Nested Loop", "Parent Relationship": "Outer", "Join Type": "Inner", "Startup Cost": 0.0, "Total Cost": 23233.01, "Plan Rows": 5, "Plan Width": 32, "Actual Min Startup Time": 61.422, "Actual Max Startup Time": 61.422, "Actual Min Total Time": 183.916, "Actual Max Total Time": 183.916, "Inner Unique": false, "Plans": [{"Node Type": "Nested Loop", "Parent Relationship": "Outer", "Join Type": "Inner", "Startup Cost": 0.0, "Total Cost": 23227.4, "Plan Rows": 13, "Plan Width": 24, "Actual Min Startup Time": 60.102, "Actual Max Startup Time": 60.102, "Actual Min Total Time": 179.503, "Actual Max Total Time": 179.503, "Inner Unique": true, "Plans": [{"Node Type": "Nested Loop", "Parent Relationship": "Outer", "Join Type": "Inner", "Startup Cost": 0.0, "Total Cost": 23187.57, "Plan Rows": 141, "Plan Width": 28, "Actual Min Startup Time": 60.089, "Actual Max Startup Time": 60.089, "Actual Min Total Time": 178.229, "Actual Max Total Time": 178.229, "Inner Unique": false, "Join Filter": "(n.id = ci.person_id)", "Rows Removed by Join Filter": 0, "Plans": [{"Node Type": "Nested Loop", "Parent Relationship": "Outer", "Join Type": "Inner", "Startup Cost": 0.0, "Total Cost": 22912.29, "Plan Rows": 115, "Plan Width": 24, "Actual Min Startup Time": 58.801, "Actual Max Startup Time": 58.801, "Actual Min Total Time": 127.723, "Actual Max Total Time": 127.723, "Inner Unique": false, "Plans": [{"Node Type": "Streaming(type: LOCAL GATHER dop: 1/16)", "Parent Relationship": "Outer", "Startup Cost": 0.0, "Total Cost": 22121.41, "Plan Rows": 96, "Plan Width": 4, "Actual Min Startup Time": 58.724, "Actual Max Startup Time": 58.724, "Actual Min Total Time": 104.63, "Actual Max Total Time": 104.63, "Plans": [{"Node Type": "Seq Scan", "Parent Relationship": "Outer", "Relation Name": "name", "Alias": "n", "Startup Cost": 0.0, "Total Cost": 22119.33, "Plan Rows": 96, "Plan Width": 4, "Actual Min Startup Time": 40.745, "Actual Max Startup Time": 45.186, "Actual Min Total Time": 101.203, "Actual Max Total Time": 105.942, "Filter": "(((name)::text ~~ '%Ang%'::text) AND ((gender)::text = 'f'::text))", "Rows Removed by Filter": 4160722, "Actual Rows": 6768}], "Actual Rows": 6768}, {"Node Type": "Index Scan", "Parent Relationship": "Inner", "Scan Direction": "Forward", "Index Name": "person_id_aka_name", "Relation Name": "aka_name", "Alias": "an", "Startup Cost": 0.0, "Total Cost": 8.23, "Plan Rows": 1, "Plan Width": 20, "Actual Min Startup Time": 18.625, "Actual Max Startup Time": 18.625, "Actual Min Total Time": 19.445, "Actual Max Total Time": 19.445, "Index Cond": "(person_id = n.id)", "Rows Removed by Index Recheck": 0, "Actual Rows": 1558}], "Actual Rows": 1558}, {"Node Type": "Index Scan", "Parent Relationship": "Inner", "Scan Direction": "Forward", "Index Name": "person_id_cast_info", "Relation Name": "cast_info", "Alias": "ci", "Startup Cost": 0.0, "Total Cost": 2.38, "Plan Rows": 1, "Plan Width": 16, "Actual Min Startup Time": 44.65, "Actual Max Startup Time": 44.65, "Actual Min Total Time": 49.451, "Actual Max Total Time": 49.451, "Index Cond": "(person_id = an.person_id)", "Rows Removed by Index Recheck": 0, "Filter": "((note)::text = ANY ('{(voice),\"(voice: Japanese version)\",\"(voice) (uncredited)\",\"(voice: English version)\"}'::text[]))", "Rows Removed by Filter": 69057, "Actual Rows": 425}], "Actual Rows": 425}, {"Node Type": "Index Scan", "Parent Relationship": "Inner", "Scan Direction": "Forward", "Index Name": "role_type_pkey", "Relation Name": "role_type", "Alias": "rt", "Startup Cost": 0.0, "Total Cost": 0.27, "Plan Rows": 1, "Plan Width": 4, "Actual Min Startup Time": 0.858, "Actual Max Startup Time": 0.858, "Actual Min Total Time": 0.858, "Actual Max Total Time": 0.858, "Index Cond": "(id = ci.role_id)", "Rows Removed by Index Recheck": 0, "Filter": "((role)::text = 'actress'::text)", "Rows Removed by Filter": 0, "Actual Rows": 425}], "Actual Rows": 425}, {"Node Type": "Index Scan", "Parent Relationship": "Inner", "Scan Direction": "Forward", "Index Name": "movie_id_movie_companies", "Relation Name": "movie_companies", "Alias": "mc", "Startup Cost": 0.0, "Total Cost": 0.42, "Plan Rows": 1, "Plan Width": 8, "Actual Min Startup Time": 2.875, "Actual Max Startup Time": 2.875, "Actual Min Total Time": 4.052, "Actual Max Total Time": 4.052, "Index Cond": "(movie_id = ci.movie_id)", "Rows Removed by Index Recheck": 0, "Filter": "((note IS NOT NULL) AND (((note)::text ~~ '%(USA)%'::text) OR ((note)::text ~~ '%(worldwide)%'::text)))", "Rows Removed by Filter": 1538, "Actual Rows": 373}], "Actual Rows": 373}, {"Node Type": "Index Scan", "Parent Relationship": "Inner", "Scan Direction": "Forward", "Index Name": "char_name_pkey", "Relation Name": "char_name", "Alias": "chn", "Startup Cost": 0.0, "Total Cost": 0.5, "Plan Rows": 1, "Plan Width": 20, "Actual Min Startup Time": 1.399, "Actual Max Startup Time": 1.399, "Actual Min Total Time": 1.399, "Actual Max Total Time": 1.399, "Index Cond": "(id = ci.person_role_id)", "Rows Removed by Index Recheck": 0, "Actual Rows": 348}], "Actual Rows": 348}, {"Node Type": "Index Scan", "Parent Relationship": "Inner", "Scan Direction": "Forward", "Index Name": "company_name_pkey", "Relation Name": "company_name", "Alias": "cn", "Startup Cost": 0.0, "Total Cost": 0.32, "Plan Rows": 1, "Plan Width": 4, "Actual Min Startup Time": 1.447, "Actual Max Startup Time": 1.447, "Actual Min Total Time": 1.447, "Actual Max Total Time": 1.447, "Index Cond": "(id = mc.company_id)", "Rows Removed by Index Recheck": 0, "Filter": "((country_code)::text = '[us]'::text)", "Rows Removed by Filter": 7, "Actual Rows": 341}], "Actual Rows": 341}, {"Node Type": "Index Scan", "Parent Relationship": "Inner", "Scan Direction": "Forward", "Index Name": "title_pkey", "Relation Name": "title", "Alias": "t", "Startup Cost": 0.0, "Total Cost": 0.49, "Plan Rows": 1, "Plan Width": 21, "Actual Min Startup Time": 1.574, "Actual Max Startup Time": 1.574, "Actual Min Total Time": 1.574, "Actual Max Total Time": 1.574, "Index Cond": "(id = ci.movie_id)", "Rows Removed by Index Recheck": 0, "Filter": "((production_year >= 2005) AND (production_year <= 2015))", "Rows Removed by Filter": 220, "Actual Rows": 121}], "Actual Rows": 121}], "Actual Rows": 1}, "Triggers": [], "Planner Runtime": 146, "Total Runtime": 192.53, "Unique SQL Id": 3431223514}}, "(16, 81)": {"explain_plan": {"Plan": {"Node Type": "Aggregate", "Strategy": "Plain", "Startup Cost": 154581.71, "Total Cost": 154581.72, "Plan Rows": 1, "Plan Width": 145, "Plans": [{"Node Type": "Nested Loop", "Parent Relationship": "Outer", "Join Type": "Inner", "Startup Cost": 0.0, "Total Cost": 154581.7, "Plan Rows": 1, "Plan Width": 49, "Inner Unique": true, "Plans": [{"Node Type": "Nested Loop", "Parent Relationship": "Outer", "Join Type": "Inner", "Startup Cost": 0.0, "Total Cost": 154581.21, "Plan Rows": 1, "Plan Width": 40, "Inner Unique": true, "Plans": [{"Node Type": "Nested Loop", "Parent Relationship": "Outer", "Join Type": "Inner", "Startup Cost": 0.0, "Total Cost": 154580.19, "Plan Rows": 2, "Plan Width": 28, "Inner Unique": true, "Plans": [{"Node Type": "Nested Loop", "Parent Relationship": "Outer", "Join Type": "Inner", "Startup Cost": 0.0, "Total Cost": 154578.55, "Plan Rows": 5, "Plan Width": 32, "Inner Unique": false, "Plans": [{"Node Type": "Nested Loop", "Parent Relationship": "Outer", "Join Type": "Inner", "Startup Cost": 0.0, "Total Cost": 154572.94, "Plan Rows": 13, "Plan Width": 24, "Inner Unique": true, "Plans": [{"Node Type": "Nested Loop", "Parent Relationship": "Outer", "Join Type": "Inner", "Startup Cost": 0.0, "Total Cost": 154533.1, "Plan Rows": 141, "Plan Width": 28, "Inner Unique": false, "Join Filter": "(n.id = ci.person_id)", "Plans": [{"Node Type": "Nested Loop", "Parent Relationship": "Outer", "Join Type": "Inner", "Startup Cost": 0.0, "Total Cost": 154257.82, "Plan Rows": 115, "Plan Width": 24, "Inner Unique": false, "Plans": [{"Node Type": "Streaming(type: LOCAL GATHER dop: 1/16)", "Parent Relationship": "Outer", "Startup Cost": 0.0, "Total Cost": 153466.94, "Plan Rows": 96, "Plan Width": 4, "Plans": [{"Node Type": "Index Scan", "Parent Relationship": "Outer", "Scan Direction": "Forward", "Index Name": "name_pkey", "Relation Name": "name", "Alias": "n", "Startup Cost": 0.0, "Total Cost": 153464.87, "Plan Rows": 96, "Plan Width": 4, "Filter": "(((name)::text ~~ '%Ang%'::text) AND ((gender)::text = 'f'::text))"}]}, {"Node Type": "Index Scan", "Parent Relationship": "Inner", "Scan Direction": "Forward", "Index Name": "person_id_aka_name", "Relation Name": "aka_name", "Alias": "an", "Startup Cost": 0.0, "Total Cost": 8.23, "Plan Rows": 1, "Plan Width": 20, "Index Cond": "(person_id = n.id)"}]}, {"Node Type": "Index Scan", "Parent Relationship": "Inner", "Scan Direction": "Forward", "Index Name": "person_id_cast_info", "Relation Name": "cast_info", "Alias": "ci", "Startup Cost": 0.0, "Total Cost": 2.38, "Plan Rows": 1, "Plan Width": 16, "Index Cond": "(person_id = an.person_id)", "Filter": "((note)::text = ANY ('{(voice),\"(voice: Japanese version)\",\"(voice) (uncredited)\",\"(voice: English version)\"}'::text[]))"}]}, {"Node Type": "Index Scan", "Parent Relationship": "Inner", "Scan Direction": "Forward", "Index Name": "role_type_pkey", "Relation Name": "role_type", "Alias": "rt", "Startup Cost": 0.0, "Total Cost": 0.27, "Plan Rows": 1, "Plan Width": 4, "Index Cond": "(id = ci.role_id)", "Filter": "((role)::text = 'actress'::text)"}]}, {"Node Type": "Index Scan", "Parent Relationship": "Inner", "Scan Direction": "Forward", "Index Name": "movie_id_movie_companies", "Relation Name": "movie_companies", "Alias": "mc", "Startup Cost": 0.0, "Total Cost": 0.42, "Plan Rows": 1, "Plan Width": 8, "Index Cond": "(movie_id = ci.movie_id)", "Filter": "((note IS NOT NULL) AND (((note)::text ~~ '%(USA)%'::text) OR ((note)::text ~~ '%(worldwide)%'::text)))"}]}, {"Node Type": "Index Scan", "Parent Relationship": "Inner", "Scan Direction": "Forward", "Index Name": "company_name_pkey", "Relation Name": "company_name", "Alias": "cn", "Startup Cost": 0.0, "Total Cost": 0.32, "Plan Rows": 1, "Plan Width": 4, "Index Cond": "(id = mc.company_id)", "Filter": "((country_code)::text = '[us]'::text)"}]}, {"Node Type": "Index Scan", "Parent Relationship": "Inner", "Scan Direction": "Forward", "Index Name": "char_name_pkey", "Relation Name": "char_name", "Alias": "chn", "Startup Cost": 0.0, "Total Cost": 0.5, "Plan Rows": 1, "Plan Width": 20, "Index Cond": "(id = ci.person_role_id)"}]}, {"Node Type": "Index Scan", "Parent Relationship": "Inner", "Scan Direction": "Forward", "Index Name": "title_pkey", "Relation Name": "title", "Alias": "t", "Startup Cost": 0.0, "Total Cost": 0.49, "Plan Rows": 1, "Plan Width": 21, "Index Cond": "(id = ci.movie_id)", "Filter": "((production_year >= 2005) AND (production_year <= 2015))"}]}]}, "Unique SQL Id": 3431223514, "Planner Runtime": 63}, "explain_analyze_plan": {"Plan": {"Node Type": "Aggregate", "Strategy": "Plain", "Startup Cost": 154581.71, "Total Cost": 154581.72, "Plan Rows": 1, "Plan Width": 145, "Actual Min Startup Time": 320.416, "Actual Max Startup Time": 320.416, "Actual Min Total Time": 320.417, "Actual Max Total Time": 320.417, "Plans": [{"Node Type": "Nested Loop", "Parent Relationship": "Outer", "Join Type": "Inner", "Startup Cost": 0.0, "Total Cost": 154581.7, "Plan Rows": 1, "Plan Width": 49, "Actual Min Startup Time": 98.859, "Actual Max Startup Time": 98.859, "Actual Min Total Time": 320.124, "Actual Max Total Time": 320.124, "Inner Unique": true, "Plans": [{"Node Type": "Nested Loop", "Parent Relationship": "Outer", "Join Type": "Inner", "Startup Cost": 0.0, "Total Cost": 154581.21, "Plan Rows": 1, "Plan Width": 40, "Actual Min Startup Time": 67.906, "Actual Max Startup Time": 67.906, "Actual Min Total Time": 318.254, "Actual Max Total Time": 318.254, "Inner Unique": true, "Plans": [{"Node Type": "Nested Loop", "Parent Relationship": "Outer", "Join Type": "Inner", "Startup Cost": 0.0, "Total Cost": 154580.19, "Plan Rows": 2, "Plan Width": 28, "Actual Min Startup Time": 67.889, "Actual Max Startup Time": 67.889, "Actual Min Total Time": 316.485, "Actual Max Total Time": 316.485, "Inner Unique": true, "Plans": [{"Node Type": "Nested Loop", "Parent Relationship": "Outer", "Join Type": "Inner", "Startup Cost": 0.0, "Total Cost": 154578.55, "Plan Rows": 5, "Plan Width": 32, "Actual Min Startup Time": 67.87, "Actual Max Startup Time": 67.87, "Actual Min Total Time": 314.414, "Actual Max Total Time": 314.414, "Inner Unique": false, "Plans": [{"Node Type": "Nested Loop", "Parent Relationship": "Outer", "Join Type": "Inner", "Startup Cost": 0.0, "Total Cost": 154572.94, "Plan Rows": 13, "Plan Width": 24, "Actual Min Startup Time": 67.844, "Actual Max Startup Time": 67.844, "Actual Min Total Time": 309.954, "Actual Max Total Time": 309.954, "Inner Unique": true, "Plans": [{"Node Type": "Nested Loop", "Parent Relationship": "Outer", "Join Type": "Inner", "Startup Cost": 0.0, "Total Cost": 154533.1, "Plan Rows": 141, "Plan Width": 28, "Actual Min Startup Time": 67.832, "Actual Max Startup Time": 67.832, "Actual Min Total Time": 308.644, "Actual Max Total Time": 308.644, "Inner Unique": false, "Join Filter": "(n.id = ci.person_id)", "Rows Removed by Join Filter": 0, "Plans": [{"Node Type": "Nested Loop", "Parent Relationship": "Outer", "Join Type": "Inner", "Startup Cost": 0.0, "Total Cost": 154257.82, "Plan Rows": 115, "Plan Width": 24, "Actual Min Startup Time": 67.78, "Actual Max Startup Time": 67.78, "Actual Min Total Time": 258.301, "Actual Max Total Time": 258.301, "Inner Unique": false, "Plans": [{"Node Type": "Streaming(type: LOCAL GATHER dop: 1/16)", "Parent Relationship": "Outer", "Startup Cost": 0.0, "Total Cost": 153466.94, "Plan Rows": 96, "Plan Width": 4, "Actual Min Startup Time": 67.718, "Actual Max Startup Time": 67.718, "Actual Min Total Time": 235.399, "Actual Max Total Time": 235.399, "Plans": [{"Node Type": "Index Scan", "Parent Relationship": "Outer", "Scan Direction": "Forward", "Index Name": "name_pkey", "Relation Name": "name", "Alias": "n", "Startup Cost": 0.0, "Total Cost": 153464.87, "Plan Rows": 96, "Plan Width": 4, "Actual Min Startup Time": 36.308, "Actual Max Startup Time": 291.918, "Actual Min Total Time": 271.115, "Actual Max Total Time": 291.918, "Filter": "(((name)::text ~~ '%Ang%'::text) AND ((gender)::text = 'f'::text))", "Rows Removed by Filter": 4160722, "Actual Rows": 6768}], "Actual Rows": 6768}, {"Node Type": "Index Scan", "Parent Relationship": "Inner", "Scan Direction": "Forward", "Index Name": "person_id_aka_name", "Relation Name": "aka_name", "Alias": "an", "Startup Cost": 0.0, "Total Cost": 8.23, "Plan Rows": 1, "Plan Width": 20, "Actual Min Startup Time": 18.331, "Actual Max Startup Time": 18.331, "Actual Min Total Time": 19.18, "Actual Max Total Time": 19.18, "Index Cond": "(person_id = n.id)", "Rows Removed by Index Recheck": 0, "Actual Rows": 1558}], "Actual Rows": 1558}, {"Node Type": "Index Scan", "Parent Relationship": "Inner", "Scan Direction": "Forward", "Index Name": "person_id_cast_info", "Relation Name": "cast_info", "Alias": "ci", "Startup Cost": 0.0, "Total Cost": 2.38, "Plan Rows": 1, "Plan Width": 16, "Actual Min Startup Time": 44.414, "Actual Max Startup Time": 44.414, "Actual Min Total Time": 49.22, "Actual Max Total Time": 49.22, "Index Cond": "(person_id = an.person_id)", "Rows Removed by Index Recheck": 0, "Filter": "((note)::text = ANY ('{(voice),\"(voice: Japanese version)\",\"(voice) (uncredited)\",\"(voice: English version)\"}'::text[]))", "Rows Removed by Filter": 69057, "Actual Rows": 425}], "Actual Rows": 425}, {"Node Type": "Index Scan", "Parent Relationship": "Inner", "Scan Direction": "Forward", "Index Name": "role_type_pkey", "Relation Name": "role_type", "Alias": "rt", "Startup Cost": 0.0, "Total Cost": 0.27, "Plan Rows": 1, "Plan Width": 4, "Actual Min Startup Time": 0.857, "Actual Max Startup Time": 0.857, "Actual Min Total Time": 0.857, "Actual Max Total Time": 0.857, "Index Cond": "(id = ci.role_id)", "Rows Removed by Index Recheck": 0, "Filter": "((role)::text = 'actress'::text)", "Rows Removed by Filter": 0, "Actual Rows": 425}], "Actual Rows": 425}, {"Node Type": "Index Scan", "Parent Relationship": "Inner", "Scan Direction": "Forward", "Index Name": "movie_id_movie_companies", "Relation Name": "movie_companies", "Alias": "mc", "Startup Cost": 0.0, "Total Cost": 0.42, "Plan Rows": 1, "Plan Width": 8, "Actual Min Startup Time": 2.936, "Actual Max Startup Time": 2.936, "Actual Min Total Time": 4.116, "Actual Max Total Time": 4.116, "Index Cond": "(movie_id = ci.movie_id)", "Rows Removed by Index Recheck": 0, "Filter": "((note IS NOT NULL) AND (((note)::text ~~ '%(USA)%'::text) OR ((note)::text ~~ '%(worldwide)%'::text)))", "Rows Removed by Filter": 1538, "Actual Rows": 373}], "Actual Rows": 373}, {"Node Type": "Index Scan", "Parent Relationship": "Inner", "Scan Direction": "Forward", "Index Name": "company_name_pkey", "Relation Name": "company_name", "Alias": "cn", "Startup Cost": 0.0, "Total Cost": 0.32, "Plan Rows": 1, "Plan Width": 4, "Actual Min Startup Time": 1.683, "Actual Max Startup Time": 1.683, "Actual Min Total Time": 1.683, "Actual Max Total Time": 1.683, "Index Cond": "(id = mc.company_id)", "Rows Removed by Index Recheck": 0, "Filter": "((country_code)::text = '[us]'::text)", "Rows Removed by Filter": 14, "Actual Rows": 359}], "Actual Rows": 359}, {"Node Type": "Index Scan", "Parent Relationship": "Inner", "Scan Direction": "Forward", "Index Name": "char_name_pkey", "Relation Name": "char_name", "Alias": "chn", "Startup Cost": 0.0, "Total Cost": 0.5, "Plan Rows": 1, "Plan Width": 20, "Actual Min Startup Time": 1.371, "Actual Max Startup Time": 1.371, "Actual Min Total Time": 1.371, "Actual Max Total Time": 1.371, "Index Cond": "(id = ci.person_role_id)", "Rows Removed by Index Recheck": 0, "Actual Rows": 341}], "Actual Rows": 341}, {"Node Type": "Index Scan", "Parent Relationship": "Inner", "Scan Direction": "Forward", "Index Name": "title_pkey", "Relation Name": "title", "Alias": "t", "Startup Cost": 0.0, "Total Cost": 0.49, "Plan Rows": 1, "Plan Width": 21, "Actual Min Startup Time": 1.601, "Actual Max Startup Time": 1.601, "Actual Min Total Time": 1.601, "Actual Max Total Time": 1.601, "Index Cond": "(id = ci.movie_id)", "Rows Removed by Index Recheck": 0, "Filter": "((production_year >= 2005) AND (production_year <= 2015))", "Rows Removed by Filter": 220, "Actual Rows": 121}], "Actual Rows": 121}], "Actual Rows": 1}, "Triggers": [], "Planner Runtime": 40, "Total Runtime": 323.463, "Unique SQL Id": 3431223514}}, "(16, 82)": {"explain_plan": {"Plan": {"Node Type": "Aggregate", "Strategy": "Plain", "Startup Cost": 23623.76, "Total Cost": 23623.77, "Plan Rows": 1, "Plan Width": 145, "Plans": [{"Node Type": "Nested Loop", "Parent Relationship": "Outer", "Join Type": "Inner", "Startup Cost": 23532.89, "Total Cost": 23623.76, "Plan Rows": 1, "Plan Width": 49, "Inner Unique": true, "Plans": [{"Node Type": "Nested Loop", "Parent Relationship": "Outer", "Join Type": "Inner", "Startup Cost": 23532.59, "Total Cost": 23619.43, "Plan Rows": 1, "Plan Width": 40, "Inner Unique": true, "Plans": [{"Node Type": "Nested Loop", "Parent Relationship": "Outer", "Join Type": "Inner", "Startup Cost": 23532.32, "Total Cost": 23610.85, "Plan Rows": 2, "Plan Width": 44, "Inner Unique": true, "Plans": [{"Node Type": "Nested Loop", "Parent Relationship": "Outer", "Join Type": "Inner", "Startup Cost": 23532.01, "Total Cost": 23589.17, "Plan Rows": 5, "Plan Width": 32, "Inner Unique": false, "Plans": [{"Node Type": "Merge Join", "Parent Relationship": "Outer", "Join Type": "Inner", "Startup Cost": 23531.7, "Total Cost": 23532.54, "Plan Rows": 13, "Plan Width": 24, "Inner Unique": false, "Merge Cond": "(rt.id = ci.role_id)", "Plans": [{"Node Type": "Sort", "Parent Relationship": "Outer", "Startup Cost": 1.16, "Total Cost": 1.16, "Plan Rows": 1, "Plan Width": 4, "Sort Key": ["rt.id"], "Plans": [{"Node Type": "Seq Scan", "Parent Relationship": "Outer", "Relation Name": "role_type", "Alias": "rt", "Startup Cost": 0.0, "Total Cost": 1.15, "Plan Rows": 1, "Plan Width": 4, "Filter": "((role)::text = 'actress'::text)"}]}, {"Node Type": "Sort", "Parent Relationship": "Inner", "Startup Cost": 23530.54, "Total Cost": 23530.89, "Plan Rows": 141, "Plan Width": 28, "Sort Key": ["ci.role_id"], "Plans": [{"Node Type": "Nested Loop", "Parent Relationship": "Outer", "Join Type": "Inner", "Startup Cost": 5.22, "Total Cost": 23525.5, "Plan Rows": 141, "Plan Width": 28, "Inner Unique": false, "Join Filter": "(n.id = ci.person_id)", "Plans": [{"Node Type": "Nested Loop", "Parent Relationship": "Outer", "Join Type": "Inner", "Startup Cost": 4.22, "Total Cost": 22912.31, "Plan Rows": 115, "Plan Width": 24, "Inner Unique": false, "Plans": [{"Node Type": "Streaming(type: LOCAL GATHER dop: 1/16)", "Parent Relationship": "Outer", "Startup Cost": 0.0, "Total Cost": 22121.41, "Plan Rows": 96, "Plan Width": 4, "Plans": [{"Node Type": "Seq Scan", "Parent Relationship": "Outer", "Relation Name": "name", "Alias": "n", "Startup Cost": 0.0, "Total Cost": 22119.33, "Plan Rows": 96, "Plan Width": 4, "Filter": "(((name)::text ~~ '%Ang%'::text) AND ((gender)::text = 'f'::text))"}]}, {"Node Type": "Bitmap Heap Scan", "Parent Relationship": "Inner", "Relation Name": "aka_name", "Alias": "an", "Startup Cost": 4.22, "Total Cost": 8.23, "Plan Rows": 1, "Plan Width": 20, "Recheck Cond": "(person_id = n.id)", "Plans": [{"Node Type": "Bitmap Index Scan", "Parent Relationship": "Outer", "Index Name": "person_id_aka_name", "Startup Cost": 0.0, "Total Cost": 4.22, "Plan Rows": 1, "Plan Width": 0, "Index Cond": "(person_id = n.id)"}]}]}, {"Node Type": "Bitmap Heap Scan", "Parent Relationship": "Inner", "Relation Name": "cast_info", "Alias": "ci", "Startup Cost": 1.0, "Total Cost": 5.32, "Plan Rows": 1, "Plan Width": 16, "Recheck Cond": "(person_id = an.person_id)", "Filter": "((note)::text = ANY ('{(voice),\"(voice: Japanese version)\",\"(voice) (uncredited)\",\"(voice: English version)\"}'::text[]))", "Plans": [{"Node Type": "Bitmap Index Scan", "Parent Relationship": "Outer", "Index Name": "person_id_cast_info", "Startup Cost": 0.0, "Total Cost": 1.0, "Plan Rows": 18, "Plan Width": 0, "Index Cond": "(person_id = an.person_id)"}]}]}]}]}, {"Node Type": "Bitmap Heap Scan", "Parent Relationship": "Inner", "Relation Name": "movie_companies", "Alias": "mc", "Startup Cost": 0.31, "Total Cost": 4.35, "Plan Rows": 1, "Plan Width": 8, "Recheck Cond": "(movie_id = ci.movie_id)", "Filter": "((note IS NOT NULL) AND (((note)::text ~~ '%(USA)%'::text) OR ((note)::text ~~ '%(worldwide)%'::text)))", "Plans": [{"Node Type": "Bitmap Index Scan", "Parent Relationship": "Outer", "Index Name": "movie_id_movie_companies", "Startup Cost": 0.0, "Total Cost": 0.31, "Plan Rows": 2, "Plan Width": 0, "Index Cond": "(movie_id = ci.movie_id)"}]}]}, {"Node Type": "Bitmap Heap Scan", "Parent Relationship": "Inner", "Relation Name": "char_name", "Alias": "chn", "Startup Cost": 0.31, "Total Cost": 4.33, "Plan Rows": 1, "Plan Width": 20, "Recheck Cond": "(id = ci.person_role_id)", "Plans": [{"Node Type": "Bitmap Index Scan", "Parent Relationship": "Outer", "Index Name": "char_name_pkey", "Startup Cost": 0.0, "Total Cost": 0.31, "Plan Rows": 1, "Plan Width": 0, "Index Cond": "(id = ci.person_role_id)"}]}]}, {"Node Type": "Bitmap Heap Scan", "Parent Relationship": "Inner", "Relation Name": "company_name", "Alias": "cn", "Startup Cost": 0.26, "Total Cost": 4.28, "Plan Rows": 1, "Plan Width": 4, "Recheck Cond": "(id = mc.company_id)", "Filter": "((country_code)::text = '[us]'::text)", "Plans": [{"Node Type": "Bitmap Index Scan", "Parent Relationship": "Outer", "Index Name": "company_name_pkey", "Startup Cost": 0.0, "Total Cost": 0.26, "Plan Rows": 1, "Plan Width": 0, "Index Cond": "(id = mc.company_id)"}]}]}, {"Node Type": "Bitmap Heap Scan", "Parent Relationship": "Inner", "Relation Name": "title", "Alias": "t", "Startup Cost": 0.3, "Total Cost": 4.32, "Plan Rows": 1, "Plan Width": 21, "Recheck Cond": "(id = ci.movie_id)", "Filter": "((production_year >= 2005) AND (production_year <= 2015))", "Plans": [{"Node Type": "Bitmap Index Scan", "Parent Relationship": "Outer", "Index Name": "title_pkey", "Startup Cost": 0.0, "Total Cost": 0.3, "Plan Rows": 1, "Plan Width": 0, "Index Cond": "(id = ci.movie_id)"}]}]}]}, "Unique SQL Id": 3431223514, "Planner Runtime": 58}, "explain_analyze_plan": {"Plan": {"Node Type": "Aggregate", "Strategy": "Plain", "Startup Cost": 23623.76, "Total Cost": 23623.77, "Plan Rows": 1, "Plan Width": 145, "Actual Min Startup Time": 230.419, "Actual Max Startup Time": 230.419, "Actual Min Total Time": 230.42, "Actual Max Total Time": 230.42, "Plans": [{"Node Type": "Nested Loop", "Parent Relationship": "Outer", "Join Type": "Inner", "Startup Cost": 23532.89, "Total Cost": 23623.76, "Plan Rows": 1, "Plan Width": 49, "Actual Min Startup Time": 217.978, "Actual Max Startup Time": 217.978, "Actual Min Total Time": 230.253, "Actual Max Total Time": 230.253, "Inner Unique": true, "Plans": [{"Node Type": "Nested Loop", "Parent Relationship": "Outer", "Join Type": "Inner", "Startup Cost": 23532.59, "Total Cost": 23619.43, "Plan Rows": 1, "Plan Width": 40, "Actual Min Startup Time": 217.548, "Actual Max Startup Time": 217.548, "Actual Min Total Time": 227.678, "Actual Max Total Time": 227.678, "Inner Unique": true, "Plans": [{"Node Type": "Nested Loop", "Parent Relationship": "Outer", "Join Type": "Inner", "Startup Cost": 23532.32, "Total Cost": 23610.85, "Plan Rows": 2, "Plan Width": 44, "Actual Min Startup Time": 217.516, "Actual Max Startup Time": 217.516, "Actual Min Total Time": 225.381, "Actual Max Total Time": 225.381, "Inner Unique": true, "Plans": [{"Node Type": "Nested Loop", "Parent Relationship": "Outer", "Join Type": "Inner", "Startup Cost": 23532.01, "Total Cost": 23589.17, "Plan Rows": 5, "Plan Width": 32, "Actual Min Startup Time": 217.49, "Actual Max Startup Time": 217.49, "Actual Min Total Time": 223.172, "Actual Max Total Time": 223.172, "Inner Unique": false, "Plans": [{"Node Type": "Merge Join", "Parent Relationship": "Outer", "Join Type": "Inner", "Startup Cost": 23531.7, "Total Cost": 23532.54, "Plan Rows": 13, "Plan Width": 24, "Actual Min Startup Time": 217.395, "Actual Max Startup Time": 217.395, "Actual Min Total Time": 217.628, "Actual Max Total Time": 217.628, "Inner Unique": false, "Merge Cond": "(rt.id = ci.role_id)", "Plans": [{"Node Type": "Sort", "Parent Relationship": "Outer", "Startup Cost": 1.16, "Total Cost": 1.16, "Plan Rows": 1, "Plan Width": 4, "Actual Min Startup Time": 0.052, "Actual Max Startup Time": 0.052, "Actual Min Total Time": 0.052, "Actual Max Total Time": 0.052, "Sort Key": ["rt.id"], "Sort Method": "quicksort", "Sort Space Min Used": 25, "Sort Space Max Used": 25, "Sort Space Type": "Memory", "Plans": [{"Node Type": "Seq Scan", "Parent Relationship": "Outer", "Relation Name": "role_type", "Alias": "rt", "Startup Cost": 0.0, "Total Cost": 1.15, "Plan Rows": 1, "Plan Width": 4, "Actual Min Startup Time": 0.029, "Actual Max Startup Time": 0.029, "Actual Min Total Time": 0.034, "Actual Max Total Time": 0.034, "Filter": "((role)::text = 'actress'::text)", "Rows Removed by Filter": 11, "Actual Rows": 1}], "Actual Rows": 1}, {"Node Type": "Sort", "Parent Relationship": "Inner", "Startup Cost": 23530.54, "Total Cost": 23530.89, "Plan Rows": 141, "Plan Width": 28, "Actual Min Startup Time": 217.334, "Actual Max Startup Time": 217.334, "Actual Min Total Time": 217.383, "Actual Max Total Time": 217.383, "Sort Key": ["ci.role_id"], "Sort Method": "quicksort", "Sort Space Min Used": 65, "Sort Space Max Used": 65, "Sort Space Type": "Memory", "Plans": [{"Node Type": "Nested Loop", "Parent Relationship": "Outer", "Join Type": "Inner", "Startup Cost": 5.22, "Total Cost": 23525.5, "Plan Rows": 141, "Plan Width": 28, "Actual Min Startup Time": 82.276, "Actual Max Startup Time": 82.276, "Actual Min Total Time": 217.118, "Actual Max Total Time": 217.118, "Inner Unique": false, "Join Filter": "(n.id = ci.person_id)", "Rows Removed by Join Filter": 0, "Plans": [{"Node Type": "Nested Loop", "Parent Relationship": "Outer", "Join Type": "Inner", "Startup Cost": 4.22, "Total Cost": 22912.31, "Plan Rows": 115, "Plan Width": 24, "Actual Min Startup Time": 80.662, "Actual Max Startup Time": 80.662, "Actual Min Total Time": 161.718, "Actual Max Total Time": 161.718, "Inner Unique": false, "Plans": [{"Node Type": "Streaming(type: LOCAL GATHER dop: 1/16)", "Parent Relationship": "Outer", "Startup Cost": 0.0, "Total Cost": 22121.41, "Plan Rows": 96, "Plan Width": 4, "Actual Min Startup Time": 80.578, "Actual Max Startup Time": 80.578, "Actual Min Total Time": 130.798, "Actual Max Total Time": 130.798, "Plans": [{"Node Type": "Seq Scan", "Parent Relationship": "Outer", "Relation Name": "name", "Alias": "n", "Startup Cost": 0.0, "Total Cost": 22119.33, "Plan Rows": 96, "Plan Width": 4, "Actual Min Startup Time": 42.796, "Actual Max Startup Time": 47.505, "Actual Min Total Time": 106.183, "Actual Max Total Time": 112.131, "Filter": "(((name)::text ~~ '%Ang%'::text) AND ((gender)::text = 'f'::text))", "Rows Removed by Filter": 4160722, "Actual Rows": 6768}], "Actual Rows": 6768}, {"Node Type": "Bitmap Heap Scan", "Parent Relationship": "Inner", "Relation Name": "aka_name", "Alias": "an", "Startup Cost": 4.22, "Total Cost": 8.23, "Plan Rows": 1, "Plan Width": 20, "Actual Min Startup Time": 22.739, "Actual Max Startup Time": 22.739, "Actual Min Total Time": 23.349, "Actual Max Total Time": 23.349, "Recheck Cond": "(person_id = n.id)", "Rows Removed by Index Recheck": 0, "Exact Heap Blocks": 1014, "Lossy Heap Blocks": 1014, "Plans": [{"Node Type": "Bitmap Index Scan", "Parent Relationship": "Outer", "Index Name": "person_id_aka_name", "Startup Cost": 0.0, "Total Cost": 4.22, "Plan Rows": 1, "Plan Width": 0, "Actual Min Startup Time": 17.114, "Actual Max Startup Time": 17.114, "Actual Min Total Time": 17.114, "Actual Max Total Time": 17.114, "Index Cond": "(person_id = n.id)", "Actual Rows": 1558}], "Actual Rows": 1558}], "Actual Rows": 1558}, {"Node Type": "Bitmap Heap Scan", "Parent Relationship": "Inner", "Relation Name": "cast_info", "Alias": "ci", "Startup Cost": 1.0, "Total Cost": 5.32, "Plan Rows": 1, "Plan Width": 16, "Actual Min Startup Time": 49.973, "Actual Max Startup Time": 49.973, "Actual Min Total Time": 53.27, "Actual Max Total Time": 53.27, "Recheck Cond": "(person_id = an.person_id)", "Rows Removed by Index Recheck": 0, "Filter": "((note)::text = ANY ('{(voice),\"(voice: Japanese version)\",\"(voice) (uncredited)\",\"(voice: English version)\"}'::text[]))", "Rows Removed by Filter": 69057, "Exact Heap Blocks": 2627, "Lossy Heap Blocks": 2627, "Plans": [{"Node Type": "Bitmap Index Scan", "Parent Relationship": "Outer", "Index Name": "person_id_cast_info", "Startup Cost": 0.0, "Total Cost": 1.0, "Plan Rows": 18, "Plan Width": 0, "Actual Min Startup Time": 16.567, "Actual Max Startup Time": 16.567, "Actual Min Total Time": 16.567, "Actual Max Total Time": 16.567, "Index Cond": "(person_id = an.person_id)", "Actual Rows": 69482}], "Actual Rows": 425}], "Actual Rows": 425}], "Actual Rows": 425}], "Actual Rows": 425}, {"Node Type": "Bitmap Heap Scan", "Parent Relationship": "Inner", "Relation Name": "movie_companies", "Alias": "mc", "Startup Cost": 0.31, "Total Cost": 4.35, "Plan Rows": 1, "Plan Width": 8, "Actual Min Startup Time": 3.936, "Actual Max Startup Time": 3.936, "Actual Min Total Time": 4.911, "Actual Max Total Time": 4.911, "Recheck Cond": "(movie_id = ci.movie_id)", "Rows Removed by Index Recheck": 0, "Filter": "((note IS NOT NULL) AND (((note)::text ~~ '%(USA)%'::text) OR ((note)::text ~~ '%(worldwide)%'::text)))", "Rows Removed by Filter": 1538, "Exact Heap Blocks": 580, "Lossy Heap Blocks": 580, "Plans": [{"Node Type": "Bitmap Index Scan", "Parent Relationship": "Outer", "Index Name": "movie_id_movie_companies", "Startup Cost": 0.0, "Total Cost": 0.31, "Plan Rows": 2, "Plan Width": 0, "Actual Min Startup Time": 2.103, "Actual Max Startup Time": 2.103, "Actual Min Total Time": 2.103, "Actual Max Total Time": 2.103, "Index Cond": "(movie_id = ci.movie_id)", "Actual Rows": 1911}], "Actual Rows": 373}], "Actual Rows": 373}, {"Node Type": "Bitmap Heap Scan", "Parent Relationship": "Inner", "Relation Name": "char_name", "Alias": "chn", "Startup Cost": 0.31, "Total Cost": 4.33, "Plan Rows": 1, "Plan Width": 20, "Actual Min Startup Time": 1.673, "Actual Max Startup Time": 1.673, "Actual Min Total Time": 1.673, "Actual Max Total Time": 1.673, "Recheck Cond": "(id = ci.person_role_id)", "Rows Removed by Index Recheck": 0, "Exact Heap Blocks": 348, "Lossy Heap Blocks": 348, "Plans": [{"Node Type": "Bitmap Index Scan", "Parent Relationship": "Outer", "Index Name": "char_name_pkey", "Startup Cost": 0.0, "Total Cost": 0.31, "Plan Rows": 1, "Plan Width": 0, "Actual Min Startup Time": 1.09, "Actual Max Startup Time": 1.09, "Actual Min Total Time": 1.09, "Actual Max Total Time": 1.09, "Index Cond": "(id = ci.person_role_id)", "Actual Rows": 348}], "Actual Rows": 348}], "Actual Rows": 348}, {"Node Type": "Bitmap Heap Scan", "Parent Relationship": "Inner", "Relation Name": "company_name", "Alias": "cn", "Startup Cost": 0.26, "Total Cost": 4.28, "Plan Rows": 1, "Plan Width": 4, "Actual Min Startup Time": 1.813, "Actual Max Startup Time": 1.813, "Actual Min Total Time": 1.813, "Actual Max Total Time": 1.813, "Recheck Cond": "(id = mc.company_id)", "Rows Removed by Index Recheck": 0, "Filter": "((country_code)::text = '[us]'::text)", "Rows Removed by Filter": 7, "Exact Heap Blocks": 348, "Lossy Heap Blocks": 348, "Plans": [{"Node Type": "Bitmap Index Scan", "Parent Relationship": "Outer", "Index Name": "company_name_pkey", "Startup Cost": 0.0, "Total Cost": 0.26, "Plan Rows": 1, "Plan Width": 0, "Actual Min Startup Time": 1.035, "Actual Max Startup Time": 1.035, "Actual Min Total Time": 1.035, "Actual Max Total Time": 1.035, "Index Cond": "(id = mc.company_id)", "Actual Rows": 348}], "Actual Rows": 341}], "Actual Rows": 341}, {"Node Type": "Bitmap Heap Scan", "Parent Relationship": "Inner", "Relation Name": "title", "Alias": "t", "Startup Cost": 0.3, "Total Cost": 4.32, "Plan Rows": 1, "Plan Width": 21, "Actual Min Startup Time": 2.147, "Actual Max Startup Time": 2.147, "Actual Min Total Time": 2.147, "Actual Max Total Time": 2.147, "Recheck Cond": "(id = ci.movie_id)", "Rows Removed by Index Recheck": 0, "Filter": "((production_year >= 2005) AND (production_year <= 2015))", "Rows Removed by Filter": 220, "Exact Heap Blocks": 341, "Lossy Heap Blocks": 341, "Plans": [{"Node Type": "Bitmap Index Scan", "Parent Relationship": "Outer", "Index Name": "title_pkey", "Startup Cost": 0.0, "Total Cost": 0.3, "Plan Rows": 1, "Plan Width": 0, "Actual Min Startup Time": 1.238, "Actual Max Startup Time": 1.238, "Actual Min Total Time": 1.238, "Actual Max Total Time": 1.238, "Index Cond": "(id = ci.movie_id)", "Actual Rows": 341}], "Actual Rows": 121}], "Actual Rows": 121}], "Actual Rows": 1}, "Triggers": [], "Planner Runtime": 58, "Total Runtime": 233.489, "Unique SQL Id": 3431223514}}, "(16, 83)": {"explain_plan": {"Plan": {"Node Type": "Aggregate", "Strategy": "Plain", "Startup Cost": 199170.6, "Total Cost": 199170.61, "Plan Rows": 1, "Plan Width": 145, "Plans": [{"Node Type": "Nested Loop", "Parent Relationship": "Outer", "Join Type": "Inner", "Startup Cost": 83164.39, "Total Cost": 199170.59, "Plan Rows": 2, "Plan Width": 49, "Inner Unique": true, "Plans": [{"Node Type": "Nested Loop", "Parent Relationship": "Outer", "Join Type": "Inner", "Startup Cost": 83164.09, "Total Cost": 199161.93, "Plan Rows": 2, "Plan Width": 40, "Inner Unique": true, "Plans": [{"Node Type": "Nested Loop", "Parent Relationship": "Outer", "Join Type": "Inner", "Startup Cost": 83163.83, "Total Cost": 199153.35, "Plan Rows": 2, "Plan Width": 44, "Inner Unique": true, "Plans": [{"Node Type": "Nested Loop", "Parent Relationship": "Outer", "Join Type": "Inner", "Startup Cost": 83163.51, "Total Cost": 199131.67, "Plan Rows": 5, "Plan Width": 32, "Inner Unique": false, "Plans": [{"Node Type": "Nested Loop", "Parent Relationship": "Outer", "Join Type": "Inner", "Startup Cost": 83163.2, "Total Cost": 199075.04, "Plan Rows": 13, "Plan Width": 24, "Inner Unique": true, "Plans": [{"Node Type": "Nested Loop", "Parent Relationship": "Outer", "Join Type": "Inner", "Startup Cost": 83162.94, "Total Cost": 198471.17, "Plan Rows": 141, "Plan Width": 28, "Inner Unique": false, "Join Filter": "(n.id = ci.person_id)", "Plans": [{"Node Type": "Nested Loop", "Parent Relationship": "Outer", "Join Type": "Inner", "Startup Cost": 83161.94, "Total Cost": 197857.98, "Plan Rows": 115, "Plan Width": 24, "Inner Unique": false, "Plans": [{"Node Type": "Bitmap Heap Scan", "Parent Relationship": "Outer", "Relation Name": "name", "Alias": "n", "Startup Cost": 83157.72, "Total Cost": 197067.07, "Plan Rows": 96, "Plan Width": 4, "Filter": "(((name)::text ~~ '%Ang%'::text) AND ((gender)::text = 'f'::text))", "Plans": [{"Node Type": "Bitmap Index Scan", "Parent Relationship": "Outer", "Index Name": "name_pkey", "Startup Cost": 0.0, "Total Cost": 83157.7, "Plan Rows": 4167490, "Plan Width": 0}]}, {"Node Type": "Bitmap Heap Scan", "Parent Relationship": "Inner", "Relation Name": "aka_name", "Alias": "an", "Startup Cost": 4.22, "Total Cost": 8.23, "Plan Rows": 1, "Plan Width": 20, "Recheck Cond": "(person_id = n.id)", "Plans": [{"Node Type": "Bitmap Index Scan", "Parent Relationship": "Outer", "Index Name": "person_id_aka_name", "Startup Cost": 0.0, "Total Cost": 4.22, "Plan Rows": 1, "Plan Width": 0, "Index Cond": "(person_id = n.id)"}]}]}, {"Node Type": "Bitmap Heap Scan", "Parent Relationship": "Inner", "Relation Name": "cast_info", "Alias": "ci", "Startup Cost": 1.0, "Total Cost": 5.32, "Plan Rows": 1, "Plan Width": 16, "Recheck Cond": "(person_id = an.person_id)", "Filter": "((note)::text = ANY ('{(voice),\"(voice: Japanese version)\",\"(voice) (uncredited)\",\"(voice: English version)\"}'::text[]))", "Plans": [{"Node Type": "Bitmap Index Scan", "Parent Relationship": "Outer", "Index Name": "person_id_cast_info", "Startup Cost": 0.0, "Total Cost": 1.0, "Plan Rows": 18, "Plan Width": 0, "Index Cond": "(person_id = an.person_id)"}]}]}, {"Node Type": "Bitmap Heap Scan", "Parent Relationship": "Inner", "Relation Name": "role_type", "Alias": "rt", "Startup Cost": 0.26, "Total Cost": 4.27, "Plan Rows": 1, "Plan Width": 4, "Recheck Cond": "(id = ci.role_id)", "Filter": "((role)::text = 'actress'::text)", "Plans": [{"Node Type": "Bitmap Index Scan", "Parent Relationship": "Outer", "Index Name": "role_type_pkey", "Startup Cost": 0.0, "Total Cost": 0.26, "Plan Rows": 1, "Plan Width": 0, "Index Cond": "(id = ci.role_id)"}]}]}, {"Node Type": "Bitmap Heap Scan", "Parent Relationship": "Inner", "Relation Name": "movie_companies", "Alias": "mc", "Startup Cost": 0.31, "Total Cost": 4.35, "Plan Rows": 1, "Plan Width": 8, "Recheck Cond": "(movie_id = ci.movie_id)", "Filter": "((note IS NOT NULL) AND (((note)::text ~~ '%(USA)%'::text) OR ((note)::text ~~ '%(worldwide)%'::text)))", "Plans": [{"Node Type": "Bitmap Index Scan", "Parent Relationship": "Outer", "Index Name": "movie_id_movie_companies", "Startup Cost": 0.0, "Total Cost": 0.31, "Plan Rows": 2, "Plan Width": 0, "Index Cond": "(movie_id = ci.movie_id)"}]}]}, {"Node Type": "Bitmap Heap Scan", "Parent Relationship": "Inner", "Relation Name": "char_name", "Alias": "chn", "Startup Cost": 0.31, "Total Cost": 4.33, "Plan Rows": 1, "Plan Width": 20, "Recheck Cond": "(id = ci.person_role_id)", "Plans": [{"Node Type": "Bitmap Index Scan", "Parent Relationship": "Outer", "Index Name": "char_name_pkey", "Startup Cost": 0.0, "Total Cost": 0.31, "Plan Rows": 1, "Plan Width": 0, "Index Cond": "(id = ci.person_role_id)"}]}]}, {"Node Type": "Bitmap Heap Scan", "Parent Relationship": "Inner", "Relation Name": "company_name", "Alias": "cn", "Startup Cost": 0.26, "Total Cost": 4.28, "Plan Rows": 1, "Plan Width": 4, "Recheck Cond": "(id = mc.company_id)", "Filter": "((country_code)::text = '[us]'::text)", "Plans": [{"Node Type": "Bitmap Index Scan", "Parent Relationship": "Outer", "Index Name": "company_name_pkey", "Startup Cost": 0.0, "Total Cost": 0.26, "Plan Rows": 1, "Plan Width": 0, "Index Cond": "(id = mc.company_id)"}]}]}, {"Node Type": "Bitmap Heap Scan", "Parent Relationship": "Inner", "Relation Name": "title", "Alias": "t", "Startup Cost": 0.3, "Total Cost": 4.32, "Plan Rows": 1, "Plan Width": 21, "Recheck Cond": "(id = ci.movie_id)", "Filter": "((production_year >= 2005) AND (production_year <= 2015))", "Plans": [{"Node Type": "Bitmap Index Scan", "Parent Relationship": "Outer", "Index Name": "title_pkey", "Startup Cost": 0.0, "Total Cost": 0.3, "Plan Rows": 1, "Plan Width": 0, "Index Cond": "(id = ci.movie_id)"}]}]}]}, "Unique SQL Id": 3431223514, "Planner Runtime": 53}, "explain_analyze_plan": null}, "(16, 84)": {"explain_plan": {"Plan": {"Node Type": "Aggregate", "Strategy": "Plain", "Startup Cost": 23236.72, "Total Cost": 23236.73, "Plan Rows": 1, "Plan Width": 145, "Plans": [{"Node Type": "Nested Loop", "Parent Relationship": "Outer", "Join Type": "Inner", "Startup Cost": 0.0, "Total Cost": 23236.71, "Plan Rows": 1, "Plan Width": 49, "Inner Unique": true, "Plans": [{"Node Type": "Nested Loop", "Parent Relationship": "Outer", "Join Type": "Inner", "Startup Cost": 0.0, "Total Cost": 23236.21, "Plan Rows": 1, "Plan Width": 40, "Inner Unique": true, "Plans": [{"Node Type": "Nested Loop", "Parent Relationship": "Outer", "Join Type": "Inner", "Startup Cost": 0.0, "Total Cost": 23235.56, "Plan Rows": 2, "Plan Width": 44, "Inner Unique": true, "Plans": [{"Node Type": "Nested Loop", "Parent Relationship": "Outer", "Join Type": "Inner", "Startup Cost": 0.0, "Total Cost": 23233.01, "Plan Rows": 5, "Plan Width": 32, "Inner Unique": false, "Plans": [{"Node Type": "Nested Loop", "Parent Relationship": "Outer", "Join Type": "Inner", "Startup Cost": 0.0, "Total Cost": 23227.4, "Plan Rows": 13, "Plan Width": 24, "Inner Unique": true, "Plans": [{"Node Type": "Nested Loop", "Parent Relationship": "Outer", "Join Type": "Inner", "Startup Cost": 0.0, "Total Cost": 23187.57, "Plan Rows": 141, "Plan Width": 28, "Inner Unique": false, "Join Filter": "(n.id = ci.person_id)", "Plans": [{"Node Type": "Nested Loop", "Parent Relationship": "Outer", "Join Type": "Inner", "Startup Cost": 0.0, "Total Cost": 22912.29, "Plan Rows": 115, "Plan Width": 24, "Inner Unique": false, "Plans": [{"Node Type": "Streaming(type: LOCAL GATHER dop: 1/16)", "Parent Relationship": "Outer", "Startup Cost": 0.0, "Total Cost": 22121.41, "Plan Rows": 96, "Plan Width": 4, "Plans": [{"Node Type": "Seq Scan", "Parent Relationship": "Outer", "Relation Name": "name", "Alias": "n", "Startup Cost": 0.0, "Total Cost": 22119.33, "Plan Rows": 96, "Plan Width": 4, "Filter": "(((name)::text ~~ '%Ang%'::text) AND ((gender)::text = 'f'::text))"}]}, {"Node Type": "Index Scan", "Parent Relationship": "Inner", "Scan Direction": "Forward", "Index Name": "person_id_aka_name", "Relation Name": "aka_name", "Alias": "an", "Startup Cost": 0.0, "Total Cost": 8.23, "Plan Rows": 1, "Plan Width": 20, "Index Cond": "(person_id = n.id)"}]}, {"Node Type": "Index Scan", "Parent Relationship": "Inner", "Scan Direction": "Forward", "Index Name": "person_id_cast_info", "Relation Name": "cast_info", "Alias": "ci", "Startup Cost": 0.0, "Total Cost": 2.38, "Plan Rows": 1, "Plan Width": 16, "Index Cond": "(person_id = an.person_id)", "Filter": "((note)::text = ANY ('{(voice),\"(voice: Japanese version)\",\"(voice) (uncredited)\",\"(voice: English version)\"}'::text[]))"}]}, {"Node Type": "Index Scan", "Parent Relationship": "Inner", "Scan Direction": "Forward", "Index Name": "role_type_pkey", "Relation Name": "role_type", "Alias": "rt", "Startup Cost": 0.0, "Total Cost": 0.27, "Plan Rows": 1, "Plan Width": 4, "Index Cond": "(id = ci.role_id)", "Filter": "((role)::text = 'actress'::text)"}]}, {"Node Type": "Index Scan", "Parent Relationship": "Inner", "Scan Direction": "Forward", "Index Name": "movie_id_movie_companies", "Relation Name": "movie_companies", "Alias": "mc", "Startup Cost": 0.0, "Total Cost": 0.42, "Plan Rows": 1, "Plan Width": 8, "Index Cond": "(movie_id = ci.movie_id)", "Filter": "((note IS NOT NULL) AND (((note)::text ~~ '%(USA)%'::text) OR ((note)::text ~~ '%(worldwide)%'::text)))"}]}, {"Node Type": "Index Scan", "Parent Relationship": "Inner", "Scan Direction": "Forward", "Index Name": "char_name_pkey", "Relation Name": "char_name", "Alias": "chn", "Startup Cost": 0.0, "Total Cost": 0.5, "Plan Rows": 1, "Plan Width": 20, "Index Cond": "(id = ci.person_role_id)"}]}, {"Node Type": "Index Scan", "Parent Relationship": "Inner", "Scan Direction": "Forward", "Index Name": "company_name_pkey", "Relation Name": "company_name", "Alias": "cn", "Startup Cost": 0.0, "Total Cost": 0.32, "Plan Rows": 1, "Plan Width": 4, "Index Cond": "(id = mc.company_id)", "Filter": "((country_code)::text = '[us]'::text)"}]}, {"Node Type": "Index Scan", "Parent Relationship": "Inner", "Scan Direction": "Forward", "Index Name": "title_pkey", "Relation Name": "title", "Alias": "t", "Startup Cost": 0.0, "Total Cost": 0.49, "Plan Rows": 1, "Plan Width": 21, "Index Cond": "(id = ci.movie_id)", "Filter": "((production_year >= 2005) AND (production_year <= 2015))"}]}]}, "Unique SQL Id": 3431223514, "Planner Runtime": 53}, "explain_analyze_plan": {"Plan": {"Node Type": "Aggregate", "Strategy": "Plain", "Startup Cost": 23236.72, "Total Cost": 23236.73, "Plan Rows": 1, "Plan Width": 145, "Actual Min Startup Time": 189.563, "Actual Max Startup Time": 189.563, "Actual Min Total Time": 189.564, "Actual Max Total Time": 189.564, "Plans": [{"Node Type": "Nested Loop", "Parent Relationship": "Outer", "Join Type": "Inner", "Startup Cost": 0.0, "Total Cost": 23236.71, "Plan Rows": 1, "Plan Width": 49, "Actual Min Startup Time": 69.69, "Actual Max Startup Time": 69.69, "Actual Min Total Time": 189.327, "Actual Max Total Time": 189.327, "Inner Unique": true, "Plans": [{"Node Type": "Nested Loop", "Parent Relationship": "Outer", "Join Type": "Inner", "Startup Cost": 0.0, "Total Cost": 23236.21, "Plan Rows": 1, "Plan Width": 40, "Actual Min Startup Time": 61.462, "Actual Max Startup Time": 61.462, "Actual Min Total Time": 187.482, "Actual Max Total Time": 187.482, "Inner Unique": true, "Plans": [{"Node Type": "Nested Loop", "Parent Relationship": "Outer", "Join Type": "Inner", "Startup Cost": 0.0, "Total Cost": 23235.56, "Plan Rows": 2, "Plan Width": 44, "Actual Min Startup Time": 61.442, "Actual Max Startup Time": 61.442, "Actual Min Total Time": 185.683, "Actual Max Total Time": 185.683, "Inner Unique": true, "Plans": [{"Node Type": "Nested Loop", "Parent Relationship": "Outer", "Join Type": "Inner", "Startup Cost": 0.0, "Total Cost": 23233.01, "Plan Rows": 5, "Plan Width": 32, "Actual Min Startup Time": 61.422, "Actual Max Startup Time": 61.422, "Actual Min Total Time": 183.916, "Actual Max Total Time": 183.916, "Inner Unique": false, "Plans": [{"Node Type": "Nested Loop", "Parent Relationship": "Outer", "Join Type": "Inner", "Startup Cost": 0.0, "Total Cost": 23227.4, "Plan Rows": 13, "Plan Width": 24, "Actual Min Startup Time": 60.102, "Actual Max Startup Time": 60.102, "Actual Min Total Time": 179.503, "Actual Max Total Time": 179.503, "Inner Unique": true, "Plans": [{"Node Type": "Nested Loop", "Parent Relationship": "Outer", "Join Type": "Inner", "Startup Cost": 0.0, "Total Cost": 23187.57, "Plan Rows": 141, "Plan Width": 28, "Actual Min Startup Time": 60.089, "Actual Max Startup Time": 60.089, "Actual Min Total Time": 178.229, "Actual Max Total Time": 178.229, "Inner Unique": false, "Join Filter": "(n.id = ci.person_id)", "Rows Removed by Join Filter": 0, "Plans": [{"Node Type": "Nested Loop", "Parent Relationship": "Outer", "Join Type": "Inner", "Startup Cost": 0.0, "Total Cost": 22912.29, "Plan Rows": 115, "Plan Width": 24, "Actual Min Startup Time": 58.801, "Actual Max Startup Time": 58.801, "Actual Min Total Time": 127.723, "Actual Max Total Time": 127.723, "Inner Unique": false, "Plans": [{"Node Type": "Streaming(type: LOCAL GATHER dop: 1/16)", "Parent Relationship": "Outer", "Startup Cost": 0.0, "Total Cost": 22121.41, "Plan Rows": 96, "Plan Width": 4, "Actual Min Startup Time": 58.724, "Actual Max Startup Time": 58.724, "Actual Min Total Time": 104.63, "Actual Max Total Time": 104.63, "Plans": [{"Node Type": "Seq Scan", "Parent Relationship": "Outer", "Relation Name": "name", "Alias": "n", "Startup Cost": 0.0, "Total Cost": 22119.33, "Plan Rows": 96, "Plan Width": 4, "Actual Min Startup Time": 40.745, "Actual Max Startup Time": 45.186, "Actual Min Total Time": 101.203, "Actual Max Total Time": 105.942, "Filter": "(((name)::text ~~ '%Ang%'::text) AND ((gender)::text = 'f'::text))", "Rows Removed by Filter": 4160722, "Actual Rows": 6768}], "Actual Rows": 6768}, {"Node Type": "Index Scan", "Parent Relationship": "Inner", "Scan Direction": "Forward", "Index Name": "person_id_aka_name", "Relation Name": "aka_name", "Alias": "an", "Startup Cost": 0.0, "Total Cost": 8.23, "Plan Rows": 1, "Plan Width": 20, "Actual Min Startup Time": 18.625, "Actual Max Startup Time": 18.625, "Actual Min Total Time": 19.445, "Actual Max Total Time": 19.445, "Index Cond": "(person_id = n.id)", "Rows Removed by Index Recheck": 0, "Actual Rows": 1558}], "Actual Rows": 1558}, {"Node Type": "Index Scan", "Parent Relationship": "Inner", "Scan Direction": "Forward", "Index Name": "person_id_cast_info", "Relation Name": "cast_info", "Alias": "ci", "Startup Cost": 0.0, "Total Cost": 2.38, "Plan Rows": 1, "Plan Width": 16, "Actual Min Startup Time": 44.65, "Actual Max Startup Time": 44.65, "Actual Min Total Time": 49.451, "Actual Max Total Time": 49.451, "Index Cond": "(person_id = an.person_id)", "Rows Removed by Index Recheck": 0, "Filter": "((note)::text = ANY ('{(voice),\"(voice: Japanese version)\",\"(voice) (uncredited)\",\"(voice: English version)\"}'::text[]))", "Rows Removed by Filter": 69057, "Actual Rows": 425}], "Actual Rows": 425}, {"Node Type": "Index Scan", "Parent Relationship": "Inner", "Scan Direction": "Forward", "Index Name": "role_type_pkey", "Relation Name": "role_type", "Alias": "rt", "Startup Cost": 0.0, "Total Cost": 0.27, "Plan Rows": 1, "Plan Width": 4, "Actual Min Startup Time": 0.858, "Actual Max Startup Time": 0.858, "Actual Min Total Time": 0.858, "Actual Max Total Time": 0.858, "Index Cond": "(id = ci.role_id)", "Rows Removed by Index Recheck": 0, "Filter": "((role)::text = 'actress'::text)", "Rows Removed by Filter": 0, "Actual Rows": 425}], "Actual Rows": 425}, {"Node Type": "Index Scan", "Parent Relationship": "Inner", "Scan Direction": "Forward", "Index Name": "movie_id_movie_companies", "Relation Name": "movie_companies", "Alias": "mc", "Startup Cost": 0.0, "Total Cost": 0.42, "Plan Rows": 1, "Plan Width": 8, "Actual Min Startup Time": 2.875, "Actual Max Startup Time": 2.875, "Actual Min Total Time": 4.052, "Actual Max Total Time": 4.052, "Index Cond": "(movie_id = ci.movie_id)", "Rows Removed by Index Recheck": 0, "Filter": "((note IS NOT NULL) AND (((note)::text ~~ '%(USA)%'::text) OR ((note)::text ~~ '%(worldwide)%'::text)))", "Rows Removed by Filter": 1538, "Actual Rows": 373}], "Actual Rows": 373}, {"Node Type": "Index Scan", "Parent Relationship": "Inner", "Scan Direction": "Forward", "Index Name": "char_name_pkey", "Relation Name": "char_name", "Alias": "chn", "Startup Cost": 0.0, "Total Cost": 0.5, "Plan Rows": 1, "Plan Width": 20, "Actual Min Startup Time": 1.399, "Actual Max Startup Time": 1.399, "Actual Min Total Time": 1.399, "Actual Max Total Time": 1.399, "Index Cond": "(id = ci.person_role_id)", "Rows Removed by Index Recheck": 0, "Actual Rows": 348}], "Actual Rows": 348}, {"Node Type": "Index Scan", "Parent Relationship": "Inner", "Scan Direction": "Forward", "Index Name": "company_name_pkey", "Relation Name": "company_name", "Alias": "cn", "Startup Cost": 0.0, "Total Cost": 0.32, "Plan Rows": 1, "Plan Width": 4, "Actual Min Startup Time": 1.447, "Actual Max Startup Time": 1.447, "Actual Min Total Time": 1.447, "Actual Max Total Time": 1.447, "Index Cond": "(id = mc.company_id)", "Rows Removed by Index Recheck": 0, "Filter": "((country_code)::text = '[us]'::text)", "Rows Removed by Filter": 7, "Actual Rows": 341}], "Actual Rows": 341}, {"Node Type": "Index Scan", "Parent Relationship": "Inner", "Scan Direction": "Forward", "Index Name": "title_pkey", "Relation Name": "title", "Alias": "t", "Startup Cost": 0.0, "Total Cost": 0.49, "Plan Rows": 1, "Plan Width": 21, "Actual Min Startup Time": 1.574, "Actual Max Startup Time": 1.574, "Actual Min Total Time": 1.574, "Actual Max Total Time": 1.574, "Index Cond": "(id = ci.movie_id)", "Rows Removed by Index Recheck": 0, "Filter": "((production_year >= 2005) AND (production_year <= 2015))", "Rows Removed by Filter": 220, "Actual Rows": 121}], "Actual Rows": 121}], "Actual Rows": 1}, "Triggers": [], "Planner Runtime": 146, "Total Runtime": 192.53, "Unique SQL Id": 3431223514}}, "(16, 85)": {"explain_plan": {"Plan": {"Node Type": "Aggregate", "Strategy": "Plain", "Startup Cost": 154581.71, "Total Cost": 154581.72, "Plan Rows": 1, "Plan Width": 145, "Plans": [{"Node Type": "Nested Loop", "Parent Relationship": "Outer", "Join Type": "Inner", "Startup Cost": 0.0, "Total Cost": 154581.7, "Plan Rows": 1, "Plan Width": 49, "Inner Unique": true, "Plans": [{"Node Type": "Nested Loop", "Parent Relationship": "Outer", "Join Type": "Inner", "Startup Cost": 0.0, "Total Cost": 154581.21, "Plan Rows": 1, "Plan Width": 40, "Inner Unique": true, "Plans": [{"Node Type": "Nested Loop", "Parent Relationship": "Outer", "Join Type": "Inner", "Startup Cost": 0.0, "Total Cost": 154580.19, "Plan Rows": 2, "Plan Width": 28, "Inner Unique": true, "Plans": [{"Node Type": "Nested Loop", "Parent Relationship": "Outer", "Join Type": "Inner", "Startup Cost": 0.0, "Total Cost": 154578.55, "Plan Rows": 5, "Plan Width": 32, "Inner Unique": false, "Plans": [{"Node Type": "Nested Loop", "Parent Relationship": "Outer", "Join Type": "Inner", "Startup Cost": 0.0, "Total Cost": 154572.94, "Plan Rows": 13, "Plan Width": 24, "Inner Unique": true, "Plans": [{"Node Type": "Nested Loop", "Parent Relationship": "Outer", "Join Type": "Inner", "Startup Cost": 0.0, "Total Cost": 154533.1, "Plan Rows": 141, "Plan Width": 28, "Inner Unique": false, "Join Filter": "(n.id = ci.person_id)", "Plans": [{"Node Type": "Nested Loop", "Parent Relationship": "Outer", "Join Type": "Inner", "Startup Cost": 0.0, "Total Cost": 154257.82, "Plan Rows": 115, "Plan Width": 24, "Inner Unique": false, "Plans": [{"Node Type": "Streaming(type: LOCAL GATHER dop: 1/16)", "Parent Relationship": "Outer", "Startup Cost": 0.0, "Total Cost": 153466.94, "Plan Rows": 96, "Plan Width": 4, "Plans": [{"Node Type": "Index Scan", "Parent Relationship": "Outer", "Scan Direction": "Forward", "Index Name": "name_pkey", "Relation Name": "name", "Alias": "n", "Startup Cost": 0.0, "Total Cost": 153464.87, "Plan Rows": 96, "Plan Width": 4, "Filter": "(((name)::text ~~ '%Ang%'::text) AND ((gender)::text = 'f'::text))"}]}, {"Node Type": "Index Scan", "Parent Relationship": "Inner", "Scan Direction": "Forward", "Index Name": "person_id_aka_name", "Relation Name": "aka_name", "Alias": "an", "Startup Cost": 0.0, "Total Cost": 8.23, "Plan Rows": 1, "Plan Width": 20, "Index Cond": "(person_id = n.id)"}]}, {"Node Type": "Index Scan", "Parent Relationship": "Inner", "Scan Direction": "Forward", "Index Name": "person_id_cast_info", "Relation Name": "cast_info", "Alias": "ci", "Startup Cost": 0.0, "Total Cost": 2.38, "Plan Rows": 1, "Plan Width": 16, "Index Cond": "(person_id = an.person_id)", "Filter": "((note)::text = ANY ('{(voice),\"(voice: Japanese version)\",\"(voice) (uncredited)\",\"(voice: English version)\"}'::text[]))"}]}, {"Node Type": "Index Scan", "Parent Relationship": "Inner", "Scan Direction": "Forward", "Index Name": "role_type_pkey", "Relation Name": "role_type", "Alias": "rt", "Startup Cost": 0.0, "Total Cost": 0.27, "Plan Rows": 1, "Plan Width": 4, "Index Cond": "(id = ci.role_id)", "Filter": "((role)::text = 'actress'::text)"}]}, {"Node Type": "Index Scan", "Parent Relationship": "Inner", "Scan Direction": "Forward", "Index Name": "movie_id_movie_companies", "Relation Name": "movie_companies", "Alias": "mc", "Startup Cost": 0.0, "Total Cost": 0.42, "Plan Rows": 1, "Plan Width": 8, "Index Cond": "(movie_id = ci.movie_id)", "Filter": "((note IS NOT NULL) AND (((note)::text ~~ '%(USA)%'::text) OR ((note)::text ~~ '%(worldwide)%'::text)))"}]}, {"Node Type": "Index Scan", "Parent Relationship": "Inner", "Scan Direction": "Forward", "Index Name": "company_name_pkey", "Relation Name": "company_name", "Alias": "cn", "Startup Cost": 0.0, "Total Cost": 0.32, "Plan Rows": 1, "Plan Width": 4, "Index Cond": "(id = mc.company_id)", "Filter": "((country_code)::text = '[us]'::text)"}]}, {"Node Type": "Index Scan", "Parent Relationship": "Inner", "Scan Direction": "Forward", "Index Name": "char_name_pkey", "Relation Name": "char_name", "Alias": "chn", "Startup Cost": 0.0, "Total Cost": 0.5, "Plan Rows": 1, "Plan Width": 20, "Index Cond": "(id = ci.person_role_id)"}]}, {"Node Type": "Index Scan", "Parent Relationship": "Inner", "Scan Direction": "Forward", "Index Name": "title_pkey", "Relation Name": "title", "Alias": "t", "Startup Cost": 0.0, "Total Cost": 0.49, "Plan Rows": 1, "Plan Width": 21, "Index Cond": "(id = ci.movie_id)", "Filter": "((production_year >= 2005) AND (production_year <= 2015))"}]}]}, "Unique SQL Id": 3431223514, "Planner Runtime": 63}, "explain_analyze_plan": {"Plan": {"Node Type": "Aggregate", "Strategy": "Plain", "Startup Cost": 154581.71, "Total Cost": 154581.72, "Plan Rows": 1, "Plan Width": 145, "Actual Min Startup Time": 320.416, "Actual Max Startup Time": 320.416, "Actual Min Total Time": 320.417, "Actual Max Total Time": 320.417, "Plans": [{"Node Type": "Nested Loop", "Parent Relationship": "Outer", "Join Type": "Inner", "Startup Cost": 0.0, "Total Cost": 154581.7, "Plan Rows": 1, "Plan Width": 49, "Actual Min Startup Time": 98.859, "Actual Max Startup Time": 98.859, "Actual Min Total Time": 320.124, "Actual Max Total Time": 320.124, "Inner Unique": true, "Plans": [{"Node Type": "Nested Loop", "Parent Relationship": "Outer", "Join Type": "Inner", "Startup Cost": 0.0, "Total Cost": 154581.21, "Plan Rows": 1, "Plan Width": 40, "Actual Min Startup Time": 67.906, "Actual Max Startup Time": 67.906, "Actual Min Total Time": 318.254, "Actual Max Total Time": 318.254, "Inner Unique": true, "Plans": [{"Node Type": "Nested Loop", "Parent Relationship": "Outer", "Join Type": "Inner", "Startup Cost": 0.0, "Total Cost": 154580.19, "Plan Rows": 2, "Plan Width": 28, "Actual Min Startup Time": 67.889, "Actual Max Startup Time": 67.889, "Actual Min Total Time": 316.485, "Actual Max Total Time": 316.485, "Inner Unique": true, "Plans": [{"Node Type": "Nested Loop", "Parent Relationship": "Outer", "Join Type": "Inner", "Startup Cost": 0.0, "Total Cost": 154578.55, "Plan Rows": 5, "Plan Width": 32, "Actual Min Startup Time": 67.87, "Actual Max Startup Time": 67.87, "Actual Min Total Time": 314.414, "Actual Max Total Time": 314.414, "Inner Unique": false, "Plans": [{"Node Type": "Nested Loop", "Parent Relationship": "Outer", "Join Type": "Inner", "Startup Cost": 0.0, "Total Cost": 154572.94, "Plan Rows": 13, "Plan Width": 24, "Actual Min Startup Time": 67.844, "Actual Max Startup Time": 67.844, "Actual Min Total Time": 309.954, "Actual Max Total Time": 309.954, "Inner Unique": true, "Plans": [{"Node Type": "Nested Loop", "Parent Relationship": "Outer", "Join Type": "Inner", "Startup Cost": 0.0, "Total Cost": 154533.1, "Plan Rows": 141, "Plan Width": 28, "Actual Min Startup Time": 67.832, "Actual Max Startup Time": 67.832, "Actual Min Total Time": 308.644, "Actual Max Total Time": 308.644, "Inner Unique": false, "Join Filter": "(n.id = ci.person_id)", "Rows Removed by Join Filter": 0, "Plans": [{"Node Type": "Nested Loop", "Parent Relationship": "Outer", "Join Type": "Inner", "Startup Cost": 0.0, "Total Cost": 154257.82, "Plan Rows": 115, "Plan Width": 24, "Actual Min Startup Time": 67.78, "Actual Max Startup Time": 67.78, "Actual Min Total Time": 258.301, "Actual Max Total Time": 258.301, "Inner Unique": false, "Plans": [{"Node Type": "Streaming(type: LOCAL GATHER dop: 1/16)", "Parent Relationship": "Outer", "Startup Cost": 0.0, "Total Cost": 153466.94, "Plan Rows": 96, "Plan Width": 4, "Actual Min Startup Time": 67.718, "Actual Max Startup Time": 67.718, "Actual Min Total Time": 235.399, "Actual Max Total Time": 235.399, "Plans": [{"Node Type": "Index Scan", "Parent Relationship": "Outer", "Scan Direction": "Forward", "Index Name": "name_pkey", "Relation Name": "name", "Alias": "n", "Startup Cost": 0.0, "Total Cost": 153464.87, "Plan Rows": 96, "Plan Width": 4, "Actual Min Startup Time": 36.308, "Actual Max Startup Time": 291.918, "Actual Min Total Time": 271.115, "Actual Max Total Time": 291.918, "Filter": "(((name)::text ~~ '%Ang%'::text) AND ((gender)::text = 'f'::text))", "Rows Removed by Filter": 4160722, "Actual Rows": 6768}], "Actual Rows": 6768}, {"Node Type": "Index Scan", "Parent Relationship": "Inner", "Scan Direction": "Forward", "Index Name": "person_id_aka_name", "Relation Name": "aka_name", "Alias": "an", "Startup Cost": 0.0, "Total Cost": 8.23, "Plan Rows": 1, "Plan Width": 20, "Actual Min Startup Time": 18.331, "Actual Max Startup Time": 18.331, "Actual Min Total Time": 19.18, "Actual Max Total Time": 19.18, "Index Cond": "(person_id = n.id)", "Rows Removed by Index Recheck": 0, "Actual Rows": 1558}], "Actual Rows": 1558}, {"Node Type": "Index Scan", "Parent Relationship": "Inner", "Scan Direction": "Forward", "Index Name": "person_id_cast_info", "Relation Name": "cast_info", "Alias": "ci", "Startup Cost": 0.0, "Total Cost": 2.38, "Plan Rows": 1, "Plan Width": 16, "Actual Min Startup Time": 44.414, "Actual Max Startup Time": 44.414, "Actual Min Total Time": 49.22, "Actual Max Total Time": 49.22, "Index Cond": "(person_id = an.person_id)", "Rows Removed by Index Recheck": 0, "Filter": "((note)::text = ANY ('{(voice),\"(voice: Japanese version)\",\"(voice) (uncredited)\",\"(voice: English version)\"}'::text[]))", "Rows Removed by Filter": 69057, "Actual Rows": 425}], "Actual Rows": 425}, {"Node Type": "Index Scan", "Parent Relationship": "Inner", "Scan Direction": "Forward", "Index Name": "role_type_pkey", "Relation Name": "role_type", "Alias": "rt", "Startup Cost": 0.0, "Total Cost": 0.27, "Plan Rows": 1, "Plan Width": 4, "Actual Min Startup Time": 0.857, "Actual Max Startup Time": 0.857, "Actual Min Total Time": 0.857, "Actual Max Total Time": 0.857, "Index Cond": "(id = ci.role_id)", "Rows Removed by Index Recheck": 0, "Filter": "((role)::text = 'actress'::text)", "Rows Removed by Filter": 0, "Actual Rows": 425}], "Actual Rows": 425}, {"Node Type": "Index Scan", "Parent Relationship": "Inner", "Scan Direction": "Forward", "Index Name": "movie_id_movie_companies", "Relation Name": "movie_companies", "Alias": "mc", "Startup Cost": 0.0, "Total Cost": 0.42, "Plan Rows": 1, "Plan Width": 8, "Actual Min Startup Time": 2.936, "Actual Max Startup Time": 2.936, "Actual Min Total Time": 4.116, "Actual Max Total Time": 4.116, "Index Cond": "(movie_id = ci.movie_id)", "Rows Removed by Index Recheck": 0, "Filter": "((note IS NOT NULL) AND (((note)::text ~~ '%(USA)%'::text) OR ((note)::text ~~ '%(worldwide)%'::text)))", "Rows Removed by Filter": 1538, "Actual Rows": 373}], "Actual Rows": 373}, {"Node Type": "Index Scan", "Parent Relationship": "Inner", "Scan Direction": "Forward", "Index Name": "company_name_pkey", "Relation Name": "company_name", "Alias": "cn", "Startup Cost": 0.0, "Total Cost": 0.32, "Plan Rows": 1, "Plan Width": 4, "Actual Min Startup Time": 1.683, "Actual Max Startup Time": 1.683, "Actual Min Total Time": 1.683, "Actual Max Total Time": 1.683, "Index Cond": "(id = mc.company_id)", "Rows Removed by Index Recheck": 0, "Filter": "((country_code)::text = '[us]'::text)", "Rows Removed by Filter": 14, "Actual Rows": 359}], "Actual Rows": 359}, {"Node Type": "Index Scan", "Parent Relationship": "Inner", "Scan Direction": "Forward", "Index Name": "char_name_pkey", "Relation Name": "char_name", "Alias": "chn", "Startup Cost": 0.0, "Total Cost": 0.5, "Plan Rows": 1, "Plan Width": 20, "Actual Min Startup Time": 1.371, "Actual Max Startup Time": 1.371, "Actual Min Total Time": 1.371, "Actual Max Total Time": 1.371, "Index Cond": "(id = ci.person_role_id)", "Rows Removed by Index Recheck": 0, "Actual Rows": 341}], "Actual Rows": 341}, {"Node Type": "Index Scan", "Parent Relationship": "Inner", "Scan Direction": "Forward", "Index Name": "title_pkey", "Relation Name": "title", "Alias": "t", "Startup Cost": 0.0, "Total Cost": 0.49, "Plan Rows": 1, "Plan Width": 21, "Actual Min Startup Time": 1.601, "Actual Max Startup Time": 1.601, "Actual Min Total Time": 1.601, "Actual Max Total Time": 1.601, "Index Cond": "(id = ci.movie_id)", "Rows Removed by Index Recheck": 0, "Filter": "((production_year >= 2005) AND (production_year <= 2015))", "Rows Removed by Filter": 220, "Actual Rows": 121}], "Actual Rows": 121}], "Actual Rows": 1}, "Triggers": [], "Planner Runtime": 40, "Total Runtime": 323.463, "Unique SQL Id": 3431223514}}, "(16, 86)": {"explain_plan": {"Plan": {"Node Type": "Aggregate", "Strategy": "Plain", "Startup Cost": 23623.76, "Total Cost": 23623.77, "Plan Rows": 1, "Plan Width": 145, "Plans": [{"Node Type": "Nested Loop", "Parent Relationship": "Outer", "Join Type": "Inner", "Startup Cost": 23532.89, "Total Cost": 23623.76, "Plan Rows": 1, "Plan Width": 49, "Inner Unique": true, "Plans": [{"Node Type": "Nested Loop", "Parent Relationship": "Outer", "Join Type": "Inner", "Startup Cost": 23532.59, "Total Cost": 23619.43, "Plan Rows": 1, "Plan Width": 40, "Inner Unique": true, "Plans": [{"Node Type": "Nested Loop", "Parent Relationship": "Outer", "Join Type": "Inner", "Startup Cost": 23532.32, "Total Cost": 23610.85, "Plan Rows": 2, "Plan Width": 44, "Inner Unique": true, "Plans": [{"Node Type": "Nested Loop", "Parent Relationship": "Outer", "Join Type": "Inner", "Startup Cost": 23532.01, "Total Cost": 23589.17, "Plan Rows": 5, "Plan Width": 32, "Inner Unique": false, "Plans": [{"Node Type": "Merge Join", "Parent Relationship": "Outer", "Join Type": "Inner", "Startup Cost": 23531.7, "Total Cost": 23532.54, "Plan Rows": 13, "Plan Width": 24, "Inner Unique": false, "Merge Cond": "(rt.id = ci.role_id)", "Plans": [{"Node Type": "Sort", "Parent Relationship": "Outer", "Startup Cost": 1.16, "Total Cost": 1.16, "Plan Rows": 1, "Plan Width": 4, "Sort Key": ["rt.id"], "Plans": [{"Node Type": "Seq Scan", "Parent Relationship": "Outer", "Relation Name": "role_type", "Alias": "rt", "Startup Cost": 0.0, "Total Cost": 1.15, "Plan Rows": 1, "Plan Width": 4, "Filter": "((role)::text = 'actress'::text)"}]}, {"Node Type": "Sort", "Parent Relationship": "Inner", "Startup Cost": 23530.54, "Total Cost": 23530.89, "Plan Rows": 141, "Plan Width": 28, "Sort Key": ["ci.role_id"], "Plans": [{"Node Type": "Nested Loop", "Parent Relationship": "Outer", "Join Type": "Inner", "Startup Cost": 5.22, "Total Cost": 23525.5, "Plan Rows": 141, "Plan Width": 28, "Inner Unique": false, "Join Filter": "(n.id = ci.person_id)", "Plans": [{"Node Type": "Nested Loop", "Parent Relationship": "Outer", "Join Type": "Inner", "Startup Cost": 4.22, "Total Cost": 22912.31, "Plan Rows": 115, "Plan Width": 24, "Inner Unique": false, "Plans": [{"Node Type": "Streaming(type: LOCAL GATHER dop: 1/16)", "Parent Relationship": "Outer", "Startup Cost": 0.0, "Total Cost": 22121.41, "Plan Rows": 96, "Plan Width": 4, "Plans": [{"Node Type": "Seq Scan", "Parent Relationship": "Outer", "Relation Name": "name", "Alias": "n", "Startup Cost": 0.0, "Total Cost": 22119.33, "Plan Rows": 96, "Plan Width": 4, "Filter": "(((name)::text ~~ '%Ang%'::text) AND ((gender)::text = 'f'::text))"}]}, {"Node Type": "Bitmap Heap Scan", "Parent Relationship": "Inner", "Relation Name": "aka_name", "Alias": "an", "Startup Cost": 4.22, "Total Cost": 8.23, "Plan Rows": 1, "Plan Width": 20, "Recheck Cond": "(person_id = n.id)", "Plans": [{"Node Type": "Bitmap Index Scan", "Parent Relationship": "Outer", "Index Name": "person_id_aka_name", "Startup Cost": 0.0, "Total Cost": 4.22, "Plan Rows": 1, "Plan Width": 0, "Index Cond": "(person_id = n.id)"}]}]}, {"Node Type": "Bitmap Heap Scan", "Parent Relationship": "Inner", "Relation Name": "cast_info", "Alias": "ci", "Startup Cost": 1.0, "Total Cost": 5.32, "Plan Rows": 1, "Plan Width": 16, "Recheck Cond": "(person_id = an.person_id)", "Filter": "((note)::text = ANY ('{(voice),\"(voice: Japanese version)\",\"(voice) (uncredited)\",\"(voice: English version)\"}'::text[]))", "Plans": [{"Node Type": "Bitmap Index Scan", "Parent Relationship": "Outer", "Index Name": "person_id_cast_info", "Startup Cost": 0.0, "Total Cost": 1.0, "Plan Rows": 18, "Plan Width": 0, "Index Cond": "(person_id = an.person_id)"}]}]}]}]}, {"Node Type": "Bitmap Heap Scan", "Parent Relationship": "Inner", "Relation Name": "movie_companies", "Alias": "mc", "Startup Cost": 0.31, "Total Cost": 4.35, "Plan Rows": 1, "Plan Width": 8, "Recheck Cond": "(movie_id = ci.movie_id)", "Filter": "((note IS NOT NULL) AND (((note)::text ~~ '%(USA)%'::text) OR ((note)::text ~~ '%(worldwide)%'::text)))", "Plans": [{"Node Type": "Bitmap Index Scan", "Parent Relationship": "Outer", "Index Name": "movie_id_movie_companies", "Startup Cost": 0.0, "Total Cost": 0.31, "Plan Rows": 2, "Plan Width": 0, "Index Cond": "(movie_id = ci.movie_id)"}]}]}, {"Node Type": "Bitmap Heap Scan", "Parent Relationship": "Inner", "Relation Name": "char_name", "Alias": "chn", "Startup Cost": 0.31, "Total Cost": 4.33, "Plan Rows": 1, "Plan Width": 20, "Recheck Cond": "(id = ci.person_role_id)", "Plans": [{"Node Type": "Bitmap Index Scan", "Parent Relationship": "Outer", "Index Name": "char_name_pkey", "Startup Cost": 0.0, "Total Cost": 0.31, "Plan Rows": 1, "Plan Width": 0, "Index Cond": "(id = ci.person_role_id)"}]}]}, {"Node Type": "Bitmap Heap Scan", "Parent Relationship": "Inner", "Relation Name": "company_name", "Alias": "cn", "Startup Cost": 0.26, "Total Cost": 4.28, "Plan Rows": 1, "Plan Width": 4, "Recheck Cond": "(id = mc.company_id)", "Filter": "((country_code)::text = '[us]'::text)", "Plans": [{"Node Type": "Bitmap Index Scan", "Parent Relationship": "Outer", "Index Name": "company_name_pkey", "Startup Cost": 0.0, "Total Cost": 0.26, "Plan Rows": 1, "Plan Width": 0, "Index Cond": "(id = mc.company_id)"}]}]}, {"Node Type": "Bitmap Heap Scan", "Parent Relationship": "Inner", "Relation Name": "title", "Alias": "t", "Startup Cost": 0.3, "Total Cost": 4.32, "Plan Rows": 1, "Plan Width": 21, "Recheck Cond": "(id = ci.movie_id)", "Filter": "((production_year >= 2005) AND (production_year <= 2015))", "Plans": [{"Node Type": "Bitmap Index Scan", "Parent Relationship": "Outer", "Index Name": "title_pkey", "Startup Cost": 0.0, "Total Cost": 0.3, "Plan Rows": 1, "Plan Width": 0, "Index Cond": "(id = ci.movie_id)"}]}]}]}, "Unique SQL Id": 3431223514, "Planner Runtime": 58}, "explain_analyze_plan": {"Plan": {"Node Type": "Aggregate", "Strategy": "Plain", "Startup Cost": 23623.76, "Total Cost": 23623.77, "Plan Rows": 1, "Plan Width": 145, "Actual Min Startup Time": 230.419, "Actual Max Startup Time": 230.419, "Actual Min Total Time": 230.42, "Actual Max Total Time": 230.42, "Plans": [{"Node Type": "Nested Loop", "Parent Relationship": "Outer", "Join Type": "Inner", "Startup Cost": 23532.89, "Total Cost": 23623.76, "Plan Rows": 1, "Plan Width": 49, "Actual Min Startup Time": 217.978, "Actual Max Startup Time": 217.978, "Actual Min Total Time": 230.253, "Actual Max Total Time": 230.253, "Inner Unique": true, "Plans": [{"Node Type": "Nested Loop", "Parent Relationship": "Outer", "Join Type": "Inner", "Startup Cost": 23532.59, "Total Cost": 23619.43, "Plan Rows": 1, "Plan Width": 40, "Actual Min Startup Time": 217.548, "Actual Max Startup Time": 217.548, "Actual Min Total Time": 227.678, "Actual Max Total Time": 227.678, "Inner Unique": true, "Plans": [{"Node Type": "Nested Loop", "Parent Relationship": "Outer", "Join Type": "Inner", "Startup Cost": 23532.32, "Total Cost": 23610.85, "Plan Rows": 2, "Plan Width": 44, "Actual Min Startup Time": 217.516, "Actual Max Startup Time": 217.516, "Actual Min Total Time": 225.381, "Actual Max Total Time": 225.381, "Inner Unique": true, "Plans": [{"Node Type": "Nested Loop", "Parent Relationship": "Outer", "Join Type": "Inner", "Startup Cost": 23532.01, "Total Cost": 23589.17, "Plan Rows": 5, "Plan Width": 32, "Actual Min Startup Time": 217.49, "Actual Max Startup Time": 217.49, "Actual Min Total Time": 223.172, "Actual Max Total Time": 223.172, "Inner Unique": false, "Plans": [{"Node Type": "Merge Join", "Parent Relationship": "Outer", "Join Type": "Inner", "Startup Cost": 23531.7, "Total Cost": 23532.54, "Plan Rows": 13, "Plan Width": 24, "Actual Min Startup Time": 217.395, "Actual Max Startup Time": 217.395, "Actual Min Total Time": 217.628, "Actual Max Total Time": 217.628, "Inner Unique": false, "Merge Cond": "(rt.id = ci.role_id)", "Plans": [{"Node Type": "Sort", "Parent Relationship": "Outer", "Startup Cost": 1.16, "Total Cost": 1.16, "Plan Rows": 1, "Plan Width": 4, "Actual Min Startup Time": 0.052, "Actual Max Startup Time": 0.052, "Actual Min Total Time": 0.052, "Actual Max Total Time": 0.052, "Sort Key": ["rt.id"], "Sort Method": "quicksort", "Sort Space Min Used": 25, "Sort Space Max Used": 25, "Sort Space Type": "Memory", "Plans": [{"Node Type": "Seq Scan", "Parent Relationship": "Outer", "Relation Name": "role_type", "Alias": "rt", "Startup Cost": 0.0, "Total Cost": 1.15, "Plan Rows": 1, "Plan Width": 4, "Actual Min Startup Time": 0.029, "Actual Max Startup Time": 0.029, "Actual Min Total Time": 0.034, "Actual Max Total Time": 0.034, "Filter": "((role)::text = 'actress'::text)", "Rows Removed by Filter": 11, "Actual Rows": 1}], "Actual Rows": 1}, {"Node Type": "Sort", "Parent Relationship": "Inner", "Startup Cost": 23530.54, "Total Cost": 23530.89, "Plan Rows": 141, "Plan Width": 28, "Actual Min Startup Time": 217.334, "Actual Max Startup Time": 217.334, "Actual Min Total Time": 217.383, "Actual Max Total Time": 217.383, "Sort Key": ["ci.role_id"], "Sort Method": "quicksort", "Sort Space Min Used": 65, "Sort Space Max Used": 65, "Sort Space Type": "Memory", "Plans": [{"Node Type": "Nested Loop", "Parent Relationship": "Outer", "Join Type": "Inner", "Startup Cost": 5.22, "Total Cost": 23525.5, "Plan Rows": 141, "Plan Width": 28, "Actual Min Startup Time": 82.276, "Actual Max Startup Time": 82.276, "Actual Min Total Time": 217.118, "Actual Max Total Time": 217.118, "Inner Unique": false, "Join Filter": "(n.id = ci.person_id)", "Rows Removed by Join Filter": 0, "Plans": [{"Node Type": "Nested Loop", "Parent Relationship": "Outer", "Join Type": "Inner", "Startup Cost": 4.22, "Total Cost": 22912.31, "Plan Rows": 115, "Plan Width": 24, "Actual Min Startup Time": 80.662, "Actual Max Startup Time": 80.662, "Actual Min Total Time": 161.718, "Actual Max Total Time": 161.718, "Inner Unique": false, "Plans": [{"Node Type": "Streaming(type: LOCAL GATHER dop: 1/16)", "Parent Relationship": "Outer", "Startup Cost": 0.0, "Total Cost": 22121.41, "Plan Rows": 96, "Plan Width": 4, "Actual Min Startup Time": 80.578, "Actual Max Startup Time": 80.578, "Actual Min Total Time": 130.798, "Actual Max Total Time": 130.798, "Plans": [{"Node Type": "Seq Scan", "Parent Relationship": "Outer", "Relation Name": "name", "Alias": "n", "Startup Cost": 0.0, "Total Cost": 22119.33, "Plan Rows": 96, "Plan Width": 4, "Actual Min Startup Time": 42.796, "Actual Max Startup Time": 47.505, "Actual Min Total Time": 106.183, "Actual Max Total Time": 112.131, "Filter": "(((name)::text ~~ '%Ang%'::text) AND ((gender)::text = 'f'::text))", "Rows Removed by Filter": 4160722, "Actual Rows": 6768}], "Actual Rows": 6768}, {"Node Type": "Bitmap Heap Scan", "Parent Relationship": "Inner", "Relation Name": "aka_name", "Alias": "an", "Startup Cost": 4.22, "Total Cost": 8.23, "Plan Rows": 1, "Plan Width": 20, "Actual Min Startup Time": 22.739, "Actual Max Startup Time": 22.739, "Actual Min Total Time": 23.349, "Actual Max Total Time": 23.349, "Recheck Cond": "(person_id = n.id)", "Rows Removed by Index Recheck": 0, "Exact Heap Blocks": 1014, "Lossy Heap Blocks": 1014, "Plans": [{"Node Type": "Bitmap Index Scan", "Parent Relationship": "Outer", "Index Name": "person_id_aka_name", "Startup Cost": 0.0, "Total Cost": 4.22, "Plan Rows": 1, "Plan Width": 0, "Actual Min Startup Time": 17.114, "Actual Max Startup Time": 17.114, "Actual Min Total Time": 17.114, "Actual Max Total Time": 17.114, "Index Cond": "(person_id = n.id)", "Actual Rows": 1558}], "Actual Rows": 1558}], "Actual Rows": 1558}, {"Node Type": "Bitmap Heap Scan", "Parent Relationship": "Inner", "Relation Name": "cast_info", "Alias": "ci", "Startup Cost": 1.0, "Total Cost": 5.32, "Plan Rows": 1, "Plan Width": 16, "Actual Min Startup Time": 49.973, "Actual Max Startup Time": 49.973, "Actual Min Total Time": 53.27, "Actual Max Total Time": 53.27, "Recheck Cond": "(person_id = an.person_id)", "Rows Removed by Index Recheck": 0, "Filter": "((note)::text = ANY ('{(voice),\"(voice: Japanese version)\",\"(voice) (uncredited)\",\"(voice: English version)\"}'::text[]))", "Rows Removed by Filter": 69057, "Exact Heap Blocks": 2627, "Lossy Heap Blocks": 2627, "Plans": [{"Node Type": "Bitmap Index Scan", "Parent Relationship": "Outer", "Index Name": "person_id_cast_info", "Startup Cost": 0.0, "Total Cost": 1.0, "Plan Rows": 18, "Plan Width": 0, "Actual Min Startup Time": 16.567, "Actual Max Startup Time": 16.567, "Actual Min Total Time": 16.567, "Actual Max Total Time": 16.567, "Index Cond": "(person_id = an.person_id)", "Actual Rows": 69482}], "Actual Rows": 425}], "Actual Rows": 425}], "Actual Rows": 425}], "Actual Rows": 425}, {"Node Type": "Bitmap Heap Scan", "Parent Relationship": "Inner", "Relation Name": "movie_companies", "Alias": "mc", "Startup Cost": 0.31, "Total Cost": 4.35, "Plan Rows": 1, "Plan Width": 8, "Actual Min Startup Time": 3.936, "Actual Max Startup Time": 3.936, "Actual Min Total Time": 4.911, "Actual Max Total Time": 4.911, "Recheck Cond": "(movie_id = ci.movie_id)", "Rows Removed by Index Recheck": 0, "Filter": "((note IS NOT NULL) AND (((note)::text ~~ '%(USA)%'::text) OR ((note)::text ~~ '%(worldwide)%'::text)))", "Rows Removed by Filter": 1538, "Exact Heap Blocks": 580, "Lossy Heap Blocks": 580, "Plans": [{"Node Type": "Bitmap Index Scan", "Parent Relationship": "Outer", "Index Name": "movie_id_movie_companies", "Startup Cost": 0.0, "Total Cost": 0.31, "Plan Rows": 2, "Plan Width": 0, "Actual Min Startup Time": 2.103, "Actual Max Startup Time": 2.103, "Actual Min Total Time": 2.103, "Actual Max Total Time": 2.103, "Index Cond": "(movie_id = ci.movie_id)", "Actual Rows": 1911}], "Actual Rows": 373}], "Actual Rows": 373}, {"Node Type": "Bitmap Heap Scan", "Parent Relationship": "Inner", "Relation Name": "char_name", "Alias": "chn", "Startup Cost": 0.31, "Total Cost": 4.33, "Plan Rows": 1, "Plan Width": 20, "Actual Min Startup Time": 1.673, "Actual Max Startup Time": 1.673, "Actual Min Total Time": 1.673, "Actual Max Total Time": 1.673, "Recheck Cond": "(id = ci.person_role_id)", "Rows Removed by Index Recheck": 0, "Exact Heap Blocks": 348, "Lossy Heap Blocks": 348, "Plans": [{"Node Type": "Bitmap Index Scan", "Parent Relationship": "Outer", "Index Name": "char_name_pkey", "Startup Cost": 0.0, "Total Cost": 0.31, "Plan Rows": 1, "Plan Width": 0, "Actual Min Startup Time": 1.09, "Actual Max Startup Time": 1.09, "Actual Min Total Time": 1.09, "Actual Max Total Time": 1.09, "Index Cond": "(id = ci.person_role_id)", "Actual Rows": 348}], "Actual Rows": 348}], "Actual Rows": 348}, {"Node Type": "Bitmap Heap Scan", "Parent Relationship": "Inner", "Relation Name": "company_name", "Alias": "cn", "Startup Cost": 0.26, "Total Cost": 4.28, "Plan Rows": 1, "Plan Width": 4, "Actual Min Startup Time": 1.813, "Actual Max Startup Time": 1.813, "Actual Min Total Time": 1.813, "Actual Max Total Time": 1.813, "Recheck Cond": "(id = mc.company_id)", "Rows Removed by Index Recheck": 0, "Filter": "((country_code)::text = '[us]'::text)", "Rows Removed by Filter": 7, "Exact Heap Blocks": 348, "Lossy Heap Blocks": 348, "Plans": [{"Node Type": "Bitmap Index Scan", "Parent Relationship": "Outer", "Index Name": "company_name_pkey", "Startup Cost": 0.0, "Total Cost": 0.26, "Plan Rows": 1, "Plan Width": 0, "Actual Min Startup Time": 1.035, "Actual Max Startup Time": 1.035, "Actual Min Total Time": 1.035, "Actual Max Total Time": 1.035, "Index Cond": "(id = mc.company_id)", "Actual Rows": 348}], "Actual Rows": 341}], "Actual Rows": 341}, {"Node Type": "Bitmap Heap Scan", "Parent Relationship": "Inner", "Relation Name": "title", "Alias": "t", "Startup Cost": 0.3, "Total Cost": 4.32, "Plan Rows": 1, "Plan Width": 21, "Actual Min Startup Time": 2.147, "Actual Max Startup Time": 2.147, "Actual Min Total Time": 2.147, "Actual Max Total Time": 2.147, "Recheck Cond": "(id = ci.movie_id)", "Rows Removed by Index Recheck": 0, "Filter": "((production_year >= 2005) AND (production_year <= 2015))", "Rows Removed by Filter": 220, "Exact Heap Blocks": 341, "Lossy Heap Blocks": 341, "Plans": [{"Node Type": "Bitmap Index Scan", "Parent Relationship": "Outer", "Index Name": "title_pkey", "Startup Cost": 0.0, "Total Cost": 0.3, "Plan Rows": 1, "Plan Width": 0, "Actual Min Startup Time": 1.238, "Actual Max Startup Time": 1.238, "Actual Min Total Time": 1.238, "Actual Max Total Time": 1.238, "Index Cond": "(id = ci.movie_id)", "Actual Rows": 341}], "Actual Rows": 121}], "Actual Rows": 121}], "Actual Rows": 1}, "Triggers": [], "Planner Runtime": 58, "Total Runtime": 233.489, "Unique SQL Id": 3431223514}}, "(16, 87)": {"explain_plan": {"Plan": {"Node Type": "Aggregate", "Strategy": "Plain", "Startup Cost": 199170.6, "Total Cost": 199170.61, "Plan Rows": 1, "Plan Width": 145, "Plans": [{"Node Type": "Nested Loop", "Parent Relationship": "Outer", "Join Type": "Inner", "Startup Cost": 83164.39, "Total Cost": 199170.59, "Plan Rows": 2, "Plan Width": 49, "Inner Unique": true, "Plans": [{"Node Type": "Nested Loop", "Parent Relationship": "Outer", "Join Type": "Inner", "Startup Cost": 83164.09, "Total Cost": 199161.93, "Plan Rows": 2, "Plan Width": 40, "Inner Unique": true, "Plans": [{"Node Type": "Nested Loop", "Parent Relationship": "Outer", "Join Type": "Inner", "Startup Cost": 83163.83, "Total Cost": 199153.35, "Plan Rows": 2, "Plan Width": 44, "Inner Unique": true, "Plans": [{"Node Type": "Nested Loop", "Parent Relationship": "Outer", "Join Type": "Inner", "Startup Cost": 83163.51, "Total Cost": 199131.67, "Plan Rows": 5, "Plan Width": 32, "Inner Unique": false, "Plans": [{"Node Type": "Nested Loop", "Parent Relationship": "Outer", "Join Type": "Inner", "Startup Cost": 83163.2, "Total Cost": 199075.04, "Plan Rows": 13, "Plan Width": 24, "Inner Unique": true, "Plans": [{"Node Type": "Nested Loop", "Parent Relationship": "Outer", "Join Type": "Inner", "Startup Cost": 83162.94, "Total Cost": 198471.17, "Plan Rows": 141, "Plan Width": 28, "Inner Unique": false, "Join Filter": "(n.id = ci.person_id)", "Plans": [{"Node Type": "Nested Loop", "Parent Relationship": "Outer", "Join Type": "Inner", "Startup Cost": 83161.94, "Total Cost": 197857.98, "Plan Rows": 115, "Plan Width": 24, "Inner Unique": false, "Plans": [{"Node Type": "Bitmap Heap Scan", "Parent Relationship": "Outer", "Relation Name": "name", "Alias": "n", "Startup Cost": 83157.72, "Total Cost": 197067.07, "Plan Rows": 96, "Plan Width": 4, "Filter": "(((name)::text ~~ '%Ang%'::text) AND ((gender)::text = 'f'::text))", "Plans": [{"Node Type": "Bitmap Index Scan", "Parent Relationship": "Outer", "Index Name": "name_pkey", "Startup Cost": 0.0, "Total Cost": 83157.7, "Plan Rows": 4167490, "Plan Width": 0}]}, {"Node Type": "Bitmap Heap Scan", "Parent Relationship": "Inner", "Relation Name": "aka_name", "Alias": "an", "Startup Cost": 4.22, "Total Cost": 8.23, "Plan Rows": 1, "Plan Width": 20, "Recheck Cond": "(person_id = n.id)", "Plans": [{"Node Type": "Bitmap Index Scan", "Parent Relationship": "Outer", "Index Name": "person_id_aka_name", "Startup Cost": 0.0, "Total Cost": 4.22, "Plan Rows": 1, "Plan Width": 0, "Index Cond": "(person_id = n.id)"}]}]}, {"Node Type": "Bitmap Heap Scan", "Parent Relationship": "Inner", "Relation Name": "cast_info", "Alias": "ci", "Startup Cost": 1.0, "Total Cost": 5.32, "Plan Rows": 1, "Plan Width": 16, "Recheck Cond": "(person_id = an.person_id)", "Filter": "((note)::text = ANY ('{(voice),\"(voice: Japanese version)\",\"(voice) (uncredited)\",\"(voice: English version)\"}'::text[]))", "Plans": [{"Node Type": "Bitmap Index Scan", "Parent Relationship": "Outer", "Index Name": "person_id_cast_info", "Startup Cost": 0.0, "Total Cost": 1.0, "Plan Rows": 18, "Plan Width": 0, "Index Cond": "(person_id = an.person_id)"}]}]}, {"Node Type": "Bitmap Heap Scan", "Parent Relationship": "Inner", "Relation Name": "role_type", "Alias": "rt", "Startup Cost": 0.26, "Total Cost": 4.27, "Plan Rows": 1, "Plan Width": 4, "Recheck Cond": "(id = ci.role_id)", "Filter": "((role)::text = 'actress'::text)", "Plans": [{"Node Type": "Bitmap Index Scan", "Parent Relationship": "Outer", "Index Name": "role_type_pkey", "Startup Cost": 0.0, "Total Cost": 0.26, "Plan Rows": 1, "Plan Width": 0, "Index Cond": "(id = ci.role_id)"}]}]}, {"Node Type": "Bitmap Heap Scan", "Parent Relationship": "Inner", "Relation Name": "movie_companies", "Alias": "mc", "Startup Cost": 0.31, "Total Cost": 4.35, "Plan Rows": 1, "Plan Width": 8, "Recheck Cond": "(movie_id = ci.movie_id)", "Filter": "((note IS NOT NULL) AND (((note)::text ~~ '%(USA)%'::text) OR ((note)::text ~~ '%(worldwide)%'::text)))", "Plans": [{"Node Type": "Bitmap Index Scan", "Parent Relationship": "Outer", "Index Name": "movie_id_movie_companies", "Startup Cost": 0.0, "Total Cost": 0.31, "Plan Rows": 2, "Plan Width": 0, "Index Cond": "(movie_id = ci.movie_id)"}]}]}, {"Node Type": "Bitmap Heap Scan", "Parent Relationship": "Inner", "Relation Name": "char_name", "Alias": "chn", "Startup Cost": 0.31, "Total Cost": 4.33, "Plan Rows": 1, "Plan Width": 20, "Recheck Cond": "(id = ci.person_role_id)", "Plans": [{"Node Type": "Bitmap Index Scan", "Parent Relationship": "Outer", "Index Name": "char_name_pkey", "Startup Cost": 0.0, "Total Cost": 0.31, "Plan Rows": 1, "Plan Width": 0, "Index Cond": "(id = ci.person_role_id)"}]}]}, {"Node Type": "Bitmap Heap Scan", "Parent Relationship": "Inner", "Relation Name": "company_name", "Alias": "cn", "Startup Cost": 0.26, "Total Cost": 4.28, "Plan Rows": 1, "Plan Width": 4, "Recheck Cond": "(id = mc.company_id)", "Filter": "((country_code)::text = '[us]'::text)", "Plans": [{"Node Type": "Bitmap Index Scan", "Parent Relationship": "Outer", "Index Name": "company_name_pkey", "Startup Cost": 0.0, "Total Cost": 0.26, "Plan Rows": 1, "Plan Width": 0, "Index Cond": "(id = mc.company_id)"}]}]}, {"Node Type": "Bitmap Heap Scan", "Parent Relationship": "Inner", "Relation Name": "title", "Alias": "t", "Startup Cost": 0.3, "Total Cost": 4.32, "Plan Rows": 1, "Plan Width": 21, "Recheck Cond": "(id = ci.movie_id)", "Filter": "((production_year >= 2005) AND (production_year <= 2015))", "Plans": [{"Node Type": "Bitmap Index Scan", "Parent Relationship": "Outer", "Index Name": "title_pkey", "Startup Cost": 0.0, "Total Cost": 0.3, "Plan Rows": 1, "Plan Width": 0, "Index Cond": "(id = ci.movie_id)"}]}]}]}, "Unique SQL Id": 3431223514, "Planner Runtime": 53}, "explain_analyze_plan": null}, "(16, 88)": {"explain_plan": {"Plan": {"Node Type": "Aggregate", "Strategy": "Plain", "Startup Cost": 23236.72, "Total Cost": 23236.73, "Plan Rows": 1, "Plan Width": 145, "Plans": [{"Node Type": "Nested Loop", "Parent Relationship": "Outer", "Join Type": "Inner", "Startup Cost": 0.0, "Total Cost": 23236.71, "Plan Rows": 1, "Plan Width": 49, "Inner Unique": true, "Plans": [{"Node Type": "Nested Loop", "Parent Relationship": "Outer", "Join Type": "Inner", "Startup Cost": 0.0, "Total Cost": 23236.21, "Plan Rows": 1, "Plan Width": 40, "Inner Unique": true, "Plans": [{"Node Type": "Nested Loop", "Parent Relationship": "Outer", "Join Type": "Inner", "Startup Cost": 0.0, "Total Cost": 23235.56, "Plan Rows": 2, "Plan Width": 44, "Inner Unique": true, "Plans": [{"Node Type": "Nested Loop", "Parent Relationship": "Outer", "Join Type": "Inner", "Startup Cost": 0.0, "Total Cost": 23233.01, "Plan Rows": 5, "Plan Width": 32, "Inner Unique": false, "Plans": [{"Node Type": "Nested Loop", "Parent Relationship": "Outer", "Join Type": "Inner", "Startup Cost": 0.0, "Total Cost": 23227.4, "Plan Rows": 13, "Plan Width": 24, "Inner Unique": true, "Plans": [{"Node Type": "Nested Loop", "Parent Relationship": "Outer", "Join Type": "Inner", "Startup Cost": 0.0, "Total Cost": 23187.57, "Plan Rows": 141, "Plan Width": 28, "Inner Unique": false, "Join Filter": "(n.id = ci.person_id)", "Plans": [{"Node Type": "Nested Loop", "Parent Relationship": "Outer", "Join Type": "Inner", "Startup Cost": 0.0, "Total Cost": 22912.29, "Plan Rows": 115, "Plan Width": 24, "Inner Unique": false, "Plans": [{"Node Type": "Streaming(type: LOCAL GATHER dop: 1/16)", "Parent Relationship": "Outer", "Startup Cost": 0.0, "Total Cost": 22121.41, "Plan Rows": 96, "Plan Width": 4, "Plans": [{"Node Type": "Seq Scan", "Parent Relationship": "Outer", "Relation Name": "name", "Alias": "n", "Startup Cost": 0.0, "Total Cost": 22119.33, "Plan Rows": 96, "Plan Width": 4, "Filter": "(((name)::text ~~ '%Ang%'::text) AND ((gender)::text = 'f'::text))"}]}, {"Node Type": "Index Scan", "Parent Relationship": "Inner", "Scan Direction": "Forward", "Index Name": "person_id_aka_name", "Relation Name": "aka_name", "Alias": "an", "Startup Cost": 0.0, "Total Cost": 8.23, "Plan Rows": 1, "Plan Width": 20, "Index Cond": "(person_id = n.id)"}]}, {"Node Type": "Index Scan", "Parent Relationship": "Inner", "Scan Direction": "Forward", "Index Name": "person_id_cast_info", "Relation Name": "cast_info", "Alias": "ci", "Startup Cost": 0.0, "Total Cost": 2.38, "Plan Rows": 1, "Plan Width": 16, "Index Cond": "(person_id = an.person_id)", "Filter": "((note)::text = ANY ('{(voice),\"(voice: Japanese version)\",\"(voice) (uncredited)\",\"(voice: English version)\"}'::text[]))"}]}, {"Node Type": "Index Scan", "Parent Relationship": "Inner", "Scan Direction": "Forward", "Index Name": "role_type_pkey", "Relation Name": "role_type", "Alias": "rt", "Startup Cost": 0.0, "Total Cost": 0.27, "Plan Rows": 1, "Plan Width": 4, "Index Cond": "(id = ci.role_id)", "Filter": "((role)::text = 'actress'::text)"}]}, {"Node Type": "Index Scan", "Parent Relationship": "Inner", "Scan Direction": "Forward", "Index Name": "movie_id_movie_companies", "Relation Name": "movie_companies", "Alias": "mc", "Startup Cost": 0.0, "Total Cost": 0.42, "Plan Rows": 1, "Plan Width": 8, "Index Cond": "(movie_id = ci.movie_id)", "Filter": "((note IS NOT NULL) AND (((note)::text ~~ '%(USA)%'::text) OR ((note)::text ~~ '%(worldwide)%'::text)))"}]}, {"Node Type": "Index Scan", "Parent Relationship": "Inner", "Scan Direction": "Forward", "Index Name": "char_name_pkey", "Relation Name": "char_name", "Alias": "chn", "Startup Cost": 0.0, "Total Cost": 0.5, "Plan Rows": 1, "Plan Width": 20, "Index Cond": "(id = ci.person_role_id)"}]}, {"Node Type": "Index Scan", "Parent Relationship": "Inner", "Scan Direction": "Forward", "Index Name": "company_name_pkey", "Relation Name": "company_name", "Alias": "cn", "Startup Cost": 0.0, "Total Cost": 0.32, "Plan Rows": 1, "Plan Width": 4, "Index Cond": "(id = mc.company_id)", "Filter": "((country_code)::text = '[us]'::text)"}]}, {"Node Type": "Index Scan", "Parent Relationship": "Inner", "Scan Direction": "Forward", "Index Name": "title_pkey", "Relation Name": "title", "Alias": "t", "Startup Cost": 0.0, "Total Cost": 0.49, "Plan Rows": 1, "Plan Width": 21, "Index Cond": "(id = ci.movie_id)", "Filter": "((production_year >= 2005) AND (production_year <= 2015))"}]}]}, "Unique SQL Id": 3431223514, "Planner Runtime": 54}, "explain_analyze_plan": {"Plan": {"Node Type": "Aggregate", "Strategy": "Plain", "Startup Cost": 23236.72, "Total Cost": 23236.73, "Plan Rows": 1, "Plan Width": 145, "Actual Min Startup Time": 189.563, "Actual Max Startup Time": 189.563, "Actual Min Total Time": 189.564, "Actual Max Total Time": 189.564, "Plans": [{"Node Type": "Nested Loop", "Parent Relationship": "Outer", "Join Type": "Inner", "Startup Cost": 0.0, "Total Cost": 23236.71, "Plan Rows": 1, "Plan Width": 49, "Actual Min Startup Time": 69.69, "Actual Max Startup Time": 69.69, "Actual Min Total Time": 189.327, "Actual Max Total Time": 189.327, "Inner Unique": true, "Plans": [{"Node Type": "Nested Loop", "Parent Relationship": "Outer", "Join Type": "Inner", "Startup Cost": 0.0, "Total Cost": 23236.21, "Plan Rows": 1, "Plan Width": 40, "Actual Min Startup Time": 61.462, "Actual Max Startup Time": 61.462, "Actual Min Total Time": 187.482, "Actual Max Total Time": 187.482, "Inner Unique": true, "Plans": [{"Node Type": "Nested Loop", "Parent Relationship": "Outer", "Join Type": "Inner", "Startup Cost": 0.0, "Total Cost": 23235.56, "Plan Rows": 2, "Plan Width": 44, "Actual Min Startup Time": 61.442, "Actual Max Startup Time": 61.442, "Actual Min Total Time": 185.683, "Actual Max Total Time": 185.683, "Inner Unique": true, "Plans": [{"Node Type": "Nested Loop", "Parent Relationship": "Outer", "Join Type": "Inner", "Startup Cost": 0.0, "Total Cost": 23233.01, "Plan Rows": 5, "Plan Width": 32, "Actual Min Startup Time": 61.422, "Actual Max Startup Time": 61.422, "Actual Min Total Time": 183.916, "Actual Max Total Time": 183.916, "Inner Unique": false, "Plans": [{"Node Type": "Nested Loop", "Parent Relationship": "Outer", "Join Type": "Inner", "Startup Cost": 0.0, "Total Cost": 23227.4, "Plan Rows": 13, "Plan Width": 24, "Actual Min Startup Time": 60.102, "Actual Max Startup Time": 60.102, "Actual Min Total Time": 179.503, "Actual Max Total Time": 179.503, "Inner Unique": true, "Plans": [{"Node Type": "Nested Loop", "Parent Relationship": "Outer", "Join Type": "Inner", "Startup Cost": 0.0, "Total Cost": 23187.57, "Plan Rows": 141, "Plan Width": 28, "Actual Min Startup Time": 60.089, "Actual Max Startup Time": 60.089, "Actual Min Total Time": 178.229, "Actual Max Total Time": 178.229, "Inner Unique": false, "Join Filter": "(n.id = ci.person_id)", "Rows Removed by Join Filter": 0, "Plans": [{"Node Type": "Nested Loop", "Parent Relationship": "Outer", "Join Type": "Inner", "Startup Cost": 0.0, "Total Cost": 22912.29, "Plan Rows": 115, "Plan Width": 24, "Actual Min Startup Time": 58.801, "Actual Max Startup Time": 58.801, "Actual Min Total Time": 127.723, "Actual Max Total Time": 127.723, "Inner Unique": false, "Plans": [{"Node Type": "Streaming(type: LOCAL GATHER dop: 1/16)", "Parent Relationship": "Outer", "Startup Cost": 0.0, "Total Cost": 22121.41, "Plan Rows": 96, "Plan Width": 4, "Actual Min Startup Time": 58.724, "Actual Max Startup Time": 58.724, "Actual Min Total Time": 104.63, "Actual Max Total Time": 104.63, "Plans": [{"Node Type": "Seq Scan", "Parent Relationship": "Outer", "Relation Name": "name", "Alias": "n", "Startup Cost": 0.0, "Total Cost": 22119.33, "Plan Rows": 96, "Plan Width": 4, "Actual Min Startup Time": 40.745, "Actual Max Startup Time": 45.186, "Actual Min Total Time": 101.203, "Actual Max Total Time": 105.942, "Filter": "(((name)::text ~~ '%Ang%'::text) AND ((gender)::text = 'f'::text))", "Rows Removed by Filter": 4160722, "Actual Rows": 6768}], "Actual Rows": 6768}, {"Node Type": "Index Scan", "Parent Relationship": "Inner", "Scan Direction": "Forward", "Index Name": "person_id_aka_name", "Relation Name": "aka_name", "Alias": "an", "Startup Cost": 0.0, "Total Cost": 8.23, "Plan Rows": 1, "Plan Width": 20, "Actual Min Startup Time": 18.625, "Actual Max Startup Time": 18.625, "Actual Min Total Time": 19.445, "Actual Max Total Time": 19.445, "Index Cond": "(person_id = n.id)", "Rows Removed by Index Recheck": 0, "Actual Rows": 1558}], "Actual Rows": 1558}, {"Node Type": "Index Scan", "Parent Relationship": "Inner", "Scan Direction": "Forward", "Index Name": "person_id_cast_info", "Relation Name": "cast_info", "Alias": "ci", "Startup Cost": 0.0, "Total Cost": 2.38, "Plan Rows": 1, "Plan Width": 16, "Actual Min Startup Time": 44.65, "Actual Max Startup Time": 44.65, "Actual Min Total Time": 49.451, "Actual Max Total Time": 49.451, "Index Cond": "(person_id = an.person_id)", "Rows Removed by Index Recheck": 0, "Filter": "((note)::text = ANY ('{(voice),\"(voice: Japanese version)\",\"(voice) (uncredited)\",\"(voice: English version)\"}'::text[]))", "Rows Removed by Filter": 69057, "Actual Rows": 425}], "Actual Rows": 425}, {"Node Type": "Index Scan", "Parent Relationship": "Inner", "Scan Direction": "Forward", "Index Name": "role_type_pkey", "Relation Name": "role_type", "Alias": "rt", "Startup Cost": 0.0, "Total Cost": 0.27, "Plan Rows": 1, "Plan Width": 4, "Actual Min Startup Time": 0.858, "Actual Max Startup Time": 0.858, "Actual Min Total Time": 0.858, "Actual Max Total Time": 0.858, "Index Cond": "(id = ci.role_id)", "Rows Removed by Index Recheck": 0, "Filter": "((role)::text = 'actress'::text)", "Rows Removed by Filter": 0, "Actual Rows": 425}], "Actual Rows": 425}, {"Node Type": "Index Scan", "Parent Relationship": "Inner", "Scan Direction": "Forward", "Index Name": "movie_id_movie_companies", "Relation Name": "movie_companies", "Alias": "mc", "Startup Cost": 0.0, "Total Cost": 0.42, "Plan Rows": 1, "Plan Width": 8, "Actual Min Startup Time": 2.875, "Actual Max Startup Time": 2.875, "Actual Min Total Time": 4.052, "Actual Max Total Time": 4.052, "Index Cond": "(movie_id = ci.movie_id)", "Rows Removed by Index Recheck": 0, "Filter": "((note IS NOT NULL) AND (((note)::text ~~ '%(USA)%'::text) OR ((note)::text ~~ '%(worldwide)%'::text)))", "Rows Removed by Filter": 1538, "Actual Rows": 373}], "Actual Rows": 373}, {"Node Type": "Index Scan", "Parent Relationship": "Inner", "Scan Direction": "Forward", "Index Name": "char_name_pkey", "Relation Name": "char_name", "Alias": "chn", "Startup Cost": 0.0, "Total Cost": 0.5, "Plan Rows": 1, "Plan Width": 20, "Actual Min Startup Time": 1.399, "Actual Max Startup Time": 1.399, "Actual Min Total Time": 1.399, "Actual Max Total Time": 1.399, "Index Cond": "(id = ci.person_role_id)", "Rows Removed by Index Recheck": 0, "Actual Rows": 348}], "Actual Rows": 348}, {"Node Type": "Index Scan", "Parent Relationship": "Inner", "Scan Direction": "Forward", "Index Name": "company_name_pkey", "Relation Name": "company_name", "Alias": "cn", "Startup Cost": 0.0, "Total Cost": 0.32, "Plan Rows": 1, "Plan Width": 4, "Actual Min Startup Time": 1.447, "Actual Max Startup Time": 1.447, "Actual Min Total Time": 1.447, "Actual Max Total Time": 1.447, "Index Cond": "(id = mc.company_id)", "Rows Removed by Index Recheck": 0, "Filter": "((country_code)::text = '[us]'::text)", "Rows Removed by Filter": 7, "Actual Rows": 341}], "Actual Rows": 341}, {"Node Type": "Index Scan", "Parent Relationship": "Inner", "Scan Direction": "Forward", "Index Name": "title_pkey", "Relation Name": "title", "Alias": "t", "Startup Cost": 0.0, "Total Cost": 0.49, "Plan Rows": 1, "Plan Width": 21, "Actual Min Startup Time": 1.574, "Actual Max Startup Time": 1.574, "Actual Min Total Time": 1.574, "Actual Max Total Time": 1.574, "Index Cond": "(id = ci.movie_id)", "Rows Removed by Index Recheck": 0, "Filter": "((production_year >= 2005) AND (production_year <= 2015))", "Rows Removed by Filter": 220, "Actual Rows": 121}], "Actual Rows": 121}], "Actual Rows": 1}, "Triggers": [], "Planner Runtime": 146, "Total Runtime": 192.53, "Unique SQL Id": 3431223514}}, "(16, 89)": {"explain_plan": {"Plan": {"Node Type": "Aggregate", "Strategy": "Plain", "Startup Cost": 154581.71, "Total Cost": 154581.72, "Plan Rows": 1, "Plan Width": 145, "Plans": [{"Node Type": "Nested Loop", "Parent Relationship": "Outer", "Join Type": "Inner", "Startup Cost": 0.0, "Total Cost": 154581.7, "Plan Rows": 1, "Plan Width": 49, "Inner Unique": true, "Plans": [{"Node Type": "Nested Loop", "Parent Relationship": "Outer", "Join Type": "Inner", "Startup Cost": 0.0, "Total Cost": 154581.21, "Plan Rows": 1, "Plan Width": 40, "Inner Unique": true, "Plans": [{"Node Type": "Nested Loop", "Parent Relationship": "Outer", "Join Type": "Inner", "Startup Cost": 0.0, "Total Cost": 154580.19, "Plan Rows": 2, "Plan Width": 28, "Inner Unique": true, "Plans": [{"Node Type": "Nested Loop", "Parent Relationship": "Outer", "Join Type": "Inner", "Startup Cost": 0.0, "Total Cost": 154578.55, "Plan Rows": 5, "Plan Width": 32, "Inner Unique": false, "Plans": [{"Node Type": "Nested Loop", "Parent Relationship": "Outer", "Join Type": "Inner", "Startup Cost": 0.0, "Total Cost": 154572.94, "Plan Rows": 13, "Plan Width": 24, "Inner Unique": true, "Plans": [{"Node Type": "Nested Loop", "Parent Relationship": "Outer", "Join Type": "Inner", "Startup Cost": 0.0, "Total Cost": 154533.1, "Plan Rows": 141, "Plan Width": 28, "Inner Unique": false, "Join Filter": "(n.id = ci.person_id)", "Plans": [{"Node Type": "Nested Loop", "Parent Relationship": "Outer", "Join Type": "Inner", "Startup Cost": 0.0, "Total Cost": 154257.82, "Plan Rows": 115, "Plan Width": 24, "Inner Unique": false, "Plans": [{"Node Type": "Streaming(type: LOCAL GATHER dop: 1/16)", "Parent Relationship": "Outer", "Startup Cost": 0.0, "Total Cost": 153466.94, "Plan Rows": 96, "Plan Width": 4, "Plans": [{"Node Type": "Index Scan", "Parent Relationship": "Outer", "Scan Direction": "Forward", "Index Name": "name_pkey", "Relation Name": "name", "Alias": "n", "Startup Cost": 0.0, "Total Cost": 153464.87, "Plan Rows": 96, "Plan Width": 4, "Filter": "(((name)::text ~~ '%Ang%'::text) AND ((gender)::text = 'f'::text))"}]}, {"Node Type": "Index Scan", "Parent Relationship": "Inner", "Scan Direction": "Forward", "Index Name": "person_id_aka_name", "Relation Name": "aka_name", "Alias": "an", "Startup Cost": 0.0, "Total Cost": 8.23, "Plan Rows": 1, "Plan Width": 20, "Index Cond": "(person_id = n.id)"}]}, {"Node Type": "Index Scan", "Parent Relationship": "Inner", "Scan Direction": "Forward", "Index Name": "person_id_cast_info", "Relation Name": "cast_info", "Alias": "ci", "Startup Cost": 0.0, "Total Cost": 2.38, "Plan Rows": 1, "Plan Width": 16, "Index Cond": "(person_id = an.person_id)", "Filter": "((note)::text = ANY ('{(voice),\"(voice: Japanese version)\",\"(voice) (uncredited)\",\"(voice: English version)\"}'::text[]))"}]}, {"Node Type": "Index Scan", "Parent Relationship": "Inner", "Scan Direction": "Forward", "Index Name": "role_type_pkey", "Relation Name": "role_type", "Alias": "rt", "Startup Cost": 0.0, "Total Cost": 0.27, "Plan Rows": 1, "Plan Width": 4, "Index Cond": "(id = ci.role_id)", "Filter": "((role)::text = 'actress'::text)"}]}, {"Node Type": "Index Scan", "Parent Relationship": "Inner", "Scan Direction": "Forward", "Index Name": "movie_id_movie_companies", "Relation Name": "movie_companies", "Alias": "mc", "Startup Cost": 0.0, "Total Cost": 0.42, "Plan Rows": 1, "Plan Width": 8, "Index Cond": "(movie_id = ci.movie_id)", "Filter": "((note IS NOT NULL) AND (((note)::text ~~ '%(USA)%'::text) OR ((note)::text ~~ '%(worldwide)%'::text)))"}]}, {"Node Type": "Index Scan", "Parent Relationship": "Inner", "Scan Direction": "Forward", "Index Name": "company_name_pkey", "Relation Name": "company_name", "Alias": "cn", "Startup Cost": 0.0, "Total Cost": 0.32, "Plan Rows": 1, "Plan Width": 4, "Index Cond": "(id = mc.company_id)", "Filter": "((country_code)::text = '[us]'::text)"}]}, {"Node Type": "Index Scan", "Parent Relationship": "Inner", "Scan Direction": "Forward", "Index Name": "char_name_pkey", "Relation Name": "char_name", "Alias": "chn", "Startup Cost": 0.0, "Total Cost": 0.5, "Plan Rows": 1, "Plan Width": 20, "Index Cond": "(id = ci.person_role_id)"}]}, {"Node Type": "Index Scan", "Parent Relationship": "Inner", "Scan Direction": "Forward", "Index Name": "title_pkey", "Relation Name": "title", "Alias": "t", "Startup Cost": 0.0, "Total Cost": 0.49, "Plan Rows": 1, "Plan Width": 21, "Index Cond": "(id = ci.movie_id)", "Filter": "((production_year >= 2005) AND (production_year <= 2015))"}]}]}, "Unique SQL Id": 3431223514, "Planner Runtime": 57}, "explain_analyze_plan": {"Plan": {"Node Type": "Aggregate", "Strategy": "Plain", "Startup Cost": 154581.71, "Total Cost": 154581.72, "Plan Rows": 1, "Plan Width": 145, "Actual Min Startup Time": 320.416, "Actual Max Startup Time": 320.416, "Actual Min Total Time": 320.417, "Actual Max Total Time": 320.417, "Plans": [{"Node Type": "Nested Loop", "Parent Relationship": "Outer", "Join Type": "Inner", "Startup Cost": 0.0, "Total Cost": 154581.7, "Plan Rows": 1, "Plan Width": 49, "Actual Min Startup Time": 98.859, "Actual Max Startup Time": 98.859, "Actual Min Total Time": 320.124, "Actual Max Total Time": 320.124, "Inner Unique": true, "Plans": [{"Node Type": "Nested Loop", "Parent Relationship": "Outer", "Join Type": "Inner", "Startup Cost": 0.0, "Total Cost": 154581.21, "Plan Rows": 1, "Plan Width": 40, "Actual Min Startup Time": 67.906, "Actual Max Startup Time": 67.906, "Actual Min Total Time": 318.254, "Actual Max Total Time": 318.254, "Inner Unique": true, "Plans": [{"Node Type": "Nested Loop", "Parent Relationship": "Outer", "Join Type": "Inner", "Startup Cost": 0.0, "Total Cost": 154580.19, "Plan Rows": 2, "Plan Width": 28, "Actual Min Startup Time": 67.889, "Actual Max Startup Time": 67.889, "Actual Min Total Time": 316.485, "Actual Max Total Time": 316.485, "Inner Unique": true, "Plans": [{"Node Type": "Nested Loop", "Parent Relationship": "Outer", "Join Type": "Inner", "Startup Cost": 0.0, "Total Cost": 154578.55, "Plan Rows": 5, "Plan Width": 32, "Actual Min Startup Time": 67.87, "Actual Max Startup Time": 67.87, "Actual Min Total Time": 314.414, "Actual Max Total Time": 314.414, "Inner Unique": false, "Plans": [{"Node Type": "Nested Loop", "Parent Relationship": "Outer", "Join Type": "Inner", "Startup Cost": 0.0, "Total Cost": 154572.94, "Plan Rows": 13, "Plan Width": 24, "Actual Min Startup Time": 67.844, "Actual Max Startup Time": 67.844, "Actual Min Total Time": 309.954, "Actual Max Total Time": 309.954, "Inner Unique": true, "Plans": [{"Node Type": "Nested Loop", "Parent Relationship": "Outer", "Join Type": "Inner", "Startup Cost": 0.0, "Total Cost": 154533.1, "Plan Rows": 141, "Plan Width": 28, "Actual Min Startup Time": 67.832, "Actual Max Startup Time": 67.832, "Actual Min Total Time": 308.644, "Actual Max Total Time": 308.644, "Inner Unique": false, "Join Filter": "(n.id = ci.person_id)", "Rows Removed by Join Filter": 0, "Plans": [{"Node Type": "Nested Loop", "Parent Relationship": "Outer", "Join Type": "Inner", "Startup Cost": 0.0, "Total Cost": 154257.82, "Plan Rows": 115, "Plan Width": 24, "Actual Min Startup Time": 67.78, "Actual Max Startup Time": 67.78, "Actual Min Total Time": 258.301, "Actual Max Total Time": 258.301, "Inner Unique": false, "Plans": [{"Node Type": "Streaming(type: LOCAL GATHER dop: 1/16)", "Parent Relationship": "Outer", "Startup Cost": 0.0, "Total Cost": 153466.94, "Plan Rows": 96, "Plan Width": 4, "Actual Min Startup Time": 67.718, "Actual Max Startup Time": 67.718, "Actual Min Total Time": 235.399, "Actual Max Total Time": 235.399, "Plans": [{"Node Type": "Index Scan", "Parent Relationship": "Outer", "Scan Direction": "Forward", "Index Name": "name_pkey", "Relation Name": "name", "Alias": "n", "Startup Cost": 0.0, "Total Cost": 153464.87, "Plan Rows": 96, "Plan Width": 4, "Actual Min Startup Time": 36.308, "Actual Max Startup Time": 291.918, "Actual Min Total Time": 271.115, "Actual Max Total Time": 291.918, "Filter": "(((name)::text ~~ '%Ang%'::text) AND ((gender)::text = 'f'::text))", "Rows Removed by Filter": 4160722, "Actual Rows": 6768}], "Actual Rows": 6768}, {"Node Type": "Index Scan", "Parent Relationship": "Inner", "Scan Direction": "Forward", "Index Name": "person_id_aka_name", "Relation Name": "aka_name", "Alias": "an", "Startup Cost": 0.0, "Total Cost": 8.23, "Plan Rows": 1, "Plan Width": 20, "Actual Min Startup Time": 18.331, "Actual Max Startup Time": 18.331, "Actual Min Total Time": 19.18, "Actual Max Total Time": 19.18, "Index Cond": "(person_id = n.id)", "Rows Removed by Index Recheck": 0, "Actual Rows": 1558}], "Actual Rows": 1558}, {"Node Type": "Index Scan", "Parent Relationship": "Inner", "Scan Direction": "Forward", "Index Name": "person_id_cast_info", "Relation Name": "cast_info", "Alias": "ci", "Startup Cost": 0.0, "Total Cost": 2.38, "Plan Rows": 1, "Plan Width": 16, "Actual Min Startup Time": 44.414, "Actual Max Startup Time": 44.414, "Actual Min Total Time": 49.22, "Actual Max Total Time": 49.22, "Index Cond": "(person_id = an.person_id)", "Rows Removed by Index Recheck": 0, "Filter": "((note)::text = ANY ('{(voice),\"(voice: Japanese version)\",\"(voice) (uncredited)\",\"(voice: English version)\"}'::text[]))", "Rows Removed by Filter": 69057, "Actual Rows": 425}], "Actual Rows": 425}, {"Node Type": "Index Scan", "Parent Relationship": "Inner", "Scan Direction": "Forward", "Index Name": "role_type_pkey", "Relation Name": "role_type", "Alias": "rt", "Startup Cost": 0.0, "Total Cost": 0.27, "Plan Rows": 1, "Plan Width": 4, "Actual Min Startup Time": 0.857, "Actual Max Startup Time": 0.857, "Actual Min Total Time": 0.857, "Actual Max Total Time": 0.857, "Index Cond": "(id = ci.role_id)", "Rows Removed by Index Recheck": 0, "Filter": "((role)::text = 'actress'::text)", "Rows Removed by Filter": 0, "Actual Rows": 425}], "Actual Rows": 425}, {"Node Type": "Index Scan", "Parent Relationship": "Inner", "Scan Direction": "Forward", "Index Name": "movie_id_movie_companies", "Relation Name": "movie_companies", "Alias": "mc", "Startup Cost": 0.0, "Total Cost": 0.42, "Plan Rows": 1, "Plan Width": 8, "Actual Min Startup Time": 2.936, "Actual Max Startup Time": 2.936, "Actual Min Total Time": 4.116, "Actual Max Total Time": 4.116, "Index Cond": "(movie_id = ci.movie_id)", "Rows Removed by Index Recheck": 0, "Filter": "((note IS NOT NULL) AND (((note)::text ~~ '%(USA)%'::text) OR ((note)::text ~~ '%(worldwide)%'::text)))", "Rows Removed by Filter": 1538, "Actual Rows": 373}], "Actual Rows": 373}, {"Node Type": "Index Scan", "Parent Relationship": "Inner", "Scan Direction": "Forward", "Index Name": "company_name_pkey", "Relation Name": "company_name", "Alias": "cn", "Startup Cost": 0.0, "Total Cost": 0.32, "Plan Rows": 1, "Plan Width": 4, "Actual Min Startup Time": 1.683, "Actual Max Startup Time": 1.683, "Actual Min Total Time": 1.683, "Actual Max Total Time": 1.683, "Index Cond": "(id = mc.company_id)", "Rows Removed by Index Recheck": 0, "Filter": "((country_code)::text = '[us]'::text)", "Rows Removed by Filter": 14, "Actual Rows": 359}], "Actual Rows": 359}, {"Node Type": "Index Scan", "Parent Relationship": "Inner", "Scan Direction": "Forward", "Index Name": "char_name_pkey", "Relation Name": "char_name", "Alias": "chn", "Startup Cost": 0.0, "Total Cost": 0.5, "Plan Rows": 1, "Plan Width": 20, "Actual Min Startup Time": 1.371, "Actual Max Startup Time": 1.371, "Actual Min Total Time": 1.371, "Actual Max Total Time": 1.371, "Index Cond": "(id = ci.person_role_id)", "Rows Removed by Index Recheck": 0, "Actual Rows": 341}], "Actual Rows": 341}, {"Node Type": "Index Scan", "Parent Relationship": "Inner", "Scan Direction": "Forward", "Index Name": "title_pkey", "Relation Name": "title", "Alias": "t", "Startup Cost": 0.0, "Total Cost": 0.49, "Plan Rows": 1, "Plan Width": 21, "Actual Min Startup Time": 1.601, "Actual Max Startup Time": 1.601, "Actual Min Total Time": 1.601, "Actual Max Total Time": 1.601, "Index Cond": "(id = ci.movie_id)", "Rows Removed by Index Recheck": 0, "Filter": "((production_year >= 2005) AND (production_year <= 2015))", "Rows Removed by Filter": 220, "Actual Rows": 121}], "Actual Rows": 121}], "Actual Rows": 1}, "Triggers": [], "Planner Runtime": 40, "Total Runtime": 323.463, "Unique SQL Id": 3431223514}}, "(16, 90)": {"explain_plan": {"Plan": {"Node Type": "Aggregate", "Strategy": "Plain", "Startup Cost": 13102508544454.33, "Total Cost": 13102508544454.34, "Plan Rows": 1, "Plan Width": 145, "Plans": [{"Node Type": "Merge Join", "Parent Relationship": "Outer", "Join Type": "Inner", "Startup Cost": 11282263123487.13, "Total Cost": 13102508544454.31, "Plan Rows": 2, "Plan Width": 49, "Inner Unique": true, "Merge Cond": "(ci.person_id = n.id)", "Plans": [{"Node Type": "Merge Join", "Parent Relationship": "Outer", "Join Type": "Inner", "Startup Cost": 11272263123487.13, "Total Cost": 12123114247972.89, "Plan Rows": 9705, "Plan Width": 57, "Inner Unique": false, "Merge Cond": "(an.person_id = ci.person_id)", "Plans": [{"Node Type": "Index Scan", "Parent Relationship": "Outer", "Scan Direction": "Forward", "Index Name": "person_id_aka_name", "Relation Name": "aka_name", "Alias": "an", "Startup Cost": 10000000000.0, "Total Cost": 1000006896503.43, "Plan Rows": 901342, "Plan Width": 20}, {"Node Type": "Sort", "Parent Relationship": "Inner", "Startup Cost": 11262263123487.13, "Total Cost": 11262263123507.39, "Plan Rows": 8105, "Plan Width": 37, "Sort Key": ["ci.person_id"], "Plans": [{"Node Type": "Merge Join", "Parent Relationship": "Outer", "Join Type": "Inner", "Startup Cost": 11262263122393.58, "Total Cost": 11262263122960.93, "Plan Rows": 8105, "Plan Width": 37, "Inner Unique": true, "Merge Cond": "(ci.role_id = rt.id)", "Plans": [{"Node Type": "Sort", "Parent Relationship": "Outer", "Startup Cost": 11262263122392.42, "Total Cost": 11262263122615.3, "Plan Rows": 89155, "Plan Width": 41, "Sort Key": ["ci.role_id"], "Plans": [{"Node Type": "Merge Join", "Parent Relationship": "Outer", "Join Type": "Inner", "Startup Cost": 889643062867.13, "Total Cost": 11262263115062.08, "Plan Rows": 89155, "Plan Width": 41, "Inner Unique": true, "Merge Cond": "(ci.person_role_id = chn.id)", "Plans": [{"Node Type": "Nested Loop", "Parent Relationship": "Outer", "Join Type": "Inner", "Startup Cost": 40000000086.43, "Total Cost": 21127160262522.54, "Plan Rows": 183913, "Plan Width": 29, "Inner Unique": false, "Join Filter": "(t.id = ci.movie_id), (LLVM Optimized)", "Plans": [{"Node Type": "Index Scan", "Parent Relationship": "Outer", "Scan Direction": "Forward", "Index Name": "person_role_id_cast_info", "Relation Name": "cast_info", "Alias": "ci", "Startup Cost": 10000000000.0, "Total Cost": 1000211315681.48, "Plan Rows": 833163, "Plan Width": 16, "Filter": "((note)::text = ANY ('{(voice),\"(voice: Japanese version)\",\"(voice) (uncredited)\",\"(voice: English version)\"}'::text[]))"}, {"Node Type": "Materialize", "Parent Relationship": "Inner", "Startup Cost": 20000000086.43, "Total Cost": 1100249634553.75, "Plan Rows": 180443, "Plan Width": 25, "Plans": [{"Node Type": "Streaming(type: LOCAL GATHER dop: 1/16)", "Parent Relationship": "Outer", "Startup Cost": 20000000086.43, "Total Cost": 1100249633651.53, "Plan Rows": 180443, "Plan Width": 25, "Plans": [{"Node Type": "Nested Loop", "Parent Relationship": "Outer", "Join Type": "Inner", "Startup Cost": 20000000086.43, "Total Cost": 1100249629757.2, "Plan Rows": 180443, "Plan Width": 25, "Inner Unique": false, "Join Filter": "(mc.movie_id = t.id), (LLVM Optimized)", "Plans": [{"Node Type": "Streaming(type: LOCAL REDISTRIBUTE dop: 16/16)", "Parent Relationship": "Outer", "Startup Cost": 86.43, "Total Cost": 38747.34, "Plan Rows": 1109224, "Plan Width": 21, "Plans": [{"Node Type": "Seq Scan", "Parent Relationship": "Outer", "Relation Name": "title", "Alias": "t", "Startup Cost": 86.43, "Total Cost": 19544.42, "Plan Rows": 1109224, "Plan Width": 21, "Filter": "((production_year >= 2005) AND (production_year <= 2015)), (LLVM Optimized)"}]}, {"Node Type": "Materialize", "Parent Relationship": "Inner", "Startup Cost": 10000000000.0, "Total Cost": 100015430896.94, "Plan Rows": 146066, "Plan Width": 4, "Plans": [{"Node Type": "Streaming(type: LOCAL REDISTRIBUTE dop: 16/16)", "Parent Relationship": "Outer", "Startup Cost": 10000000000.0, "Total Cost": 100015430851.3, "Plan Rows": 146066, "Plan Width": 4, "Plans": [{"Node Type": "Nested Loop", "Parent Relationship": "Outer", "Join Type": "Inner", "Startup Cost": 10000000000.0, "Total Cost": 100015415297.84, "Plan Rows": 146066, "Plan Width": 4, "Inner Unique": true, "Join Filter": "(cn.id = mc.company_id), (LLVM Optimized)", "Plans": [{"Node Type": "Streaming(type: LOCAL REDISTRIBUTE dop: 16/16)", "Parent Relationship": "Outer", "Startup Cost": 0.0, "Total Cost": 34554.56, "Plan Rows": 297072, "Plan Width": 8, "Plans": [{"Node Type": "Seq Scan", "Parent Relationship": "Outer", "Relation Name": "movie_companies", "Alias": "mc", "Startup Cost": 0.0, "Total Cost": 18428.93, "Plan Rows": 297072, "Plan Width": 8, "Filter": "((note IS NOT NULL) AND (((note)::text ~~ '%(USA)%'::text) OR ((note)::text ~~ '%(worldwide)%'::text))), (LLVM Optimized)"}]}, {"Node Type": "Materialize", "Parent Relationship": "Inner", "Startup Cost": 0.0, "Total Cost": 24471.61, "Plan Rows": 85170, "Plan Width": 4, "Plans": [{"Node Type": "Streaming(type: LOCAL REDISTRIBUTE dop: 16/1)", "Parent Relationship": "Outer", "Startup Cost": 0.0, "Total Cost": 24444.99, "Plan Rows": 85170, "Plan Width": 4, "Plans": [{"Node Type": "Seq Scan", "Parent Relationship": "Outer", "Relation Name": "company_name", "Alias": "cn", "Startup Cost": 0.0, "Total Cost": 5903.45, "Plan Rows": 85170, "Plan Width": 4, "Filter": "((country_code)::text = '[us]'::text)"}]}]}]}]}]}]}]}]}]}, {"Node Type": "Index Scan", "Parent Relationship": "Inner", "Scan Direction": "Forward", "Index Name": "char_name_pkey", "Relation Name": "char_name", "Alias": "chn", "Startup Cost": 10000000000.0, "Total Cost": 1000012987545.51, "Plan Rows": 3140338, "Plan Width": 20}]}]}, {"Node Type": "Materialize", "Parent Relationship": "Inner", "Startup Cost": 1.16, "Total Cost": 1.17, "Plan Rows": 1, "Plan Width": 4, "Plans": [{"Node Type": "Sort", "Parent Relationship": "Outer", "Startup Cost": 1.16, "Total Cost": 1.16, "Plan Rows": 1, "Plan Width": 4, "Sort Key": ["rt.id"], "Plans": [{"Node Type": "Seq Scan", "Parent Relationship": "Outer", "Relation Name": "role_type", "Alias": "rt", "Startup Cost": 0.0, "Total Cost": 1.15, "Plan Rows": 1, "Plan Width": 4, "Filter": "((role)::text = 'actress'::text)"}]}]}]}]}]}, {"Node Type": "Index Scan", "Parent Relationship": "Inner", "Scan Direction": "Forward", "Index Name": "name_pkey", "Relation Name": "name", "Alias": "n", "Startup Cost": 10000000000.0, "Total Cost": 1000019707019.7, "Plan Rows": 96, "Plan Width": 4, "Filter": "(((name)::text ~~ '%Ang%'::text) AND ((gender)::text = 'f'::text))"}]}]}, "Unique SQL Id": 3431223514, "Planner Runtime": 121}, "explain_analyze_plan": null}, "(16, 91)": {"explain_plan": {"Plan": {"Node Type": "Aggregate", "Strategy": "Plain", "Startup Cost": 7329417497562.09, "Total Cost": 7329417497562.1, "Plan Rows": 1, "Plan Width": 145, "Plans": [{"Node Type": "Merge Join", "Parent Relationship": "Outer", "Join Type": "Inner", "Startup Cost": 5509172076602.9, "Total Cost": 7329417497562.08, "Plan Rows": 2, "Plan Width": 49, "Inner Unique": true, "Merge Cond": "(ci.person_id = n.id)", "Plans": [{"Node Type": "Merge Join", "Parent Relationship": "Outer", "Join Type": "Inner", "Startup Cost": 5499172076602.9, "Total Cost": 6350023201080.66, "Plan Rows": 9705, "Plan Width": 57, "Inner Unique": false, "Merge Cond": "(ci.person_id = an.person_id)", "Plans": [{"Node Type": "Sort", "Parent Relationship": "Outer", "Startup Cost": 5489172076602.9, "Total Cost": 5489172076623.16, "Plan Rows": 8105, "Plan Width": 37, "Sort Key": ["ci.person_id"], "Plans": [{"Node Type": "Merge Join", "Parent Relationship": "Outer", "Join Type": "Inner", "Startup Cost": 4500042505090.18, "Total Cost": 5489172076076.69, "Plan Rows": 8105, "Plan Width": 37, "Inner Unique": true, "Merge Cond": "(ci.movie_id = t.id)", "Plans": [{"Node Type": "Merge Join", "Parent Relationship": "Outer", "Join Type": "Inner", "Startup Cost": 4490042505090.18, "Total Cost": 4490042506124.46, "Plan Rows": 6561, "Plan Width": 28, "Inner Unique": false, "Merge Cond": "(mc.movie_id = ci.movie_id)", "Plans": [{"Node Type": "Sort", "Parent Relationship": "Outer", "Startup Cost": 2000014736998.95, "Total Cost": 2000014737364.11, "Plan Rows": 146066, "Plan Width": 4, "Sort Key": ["mc.movie_id"], "Plans": [{"Node Type": "Merge Join", "Parent Relationship": "Outer", "Join Type": "Inner", "Startup Cost": 45724119200.86, "Total Cost": 2000014724469.22, "Plan Rows": 146066, "Plan Width": 4, "Inner Unique": false, "Merge Cond": "(cn.id = mc.company_id)", "Plans": [{"Node Type": "Index Scan", "Parent Relationship": "Outer", "Scan Direction": "Forward", "Index Name": "company_name_pkey", "Relation Name": "company_name", "Alias": "cn", "Startup Cost": 10000000000.0, "Total Cost": 1000001050138.97, "Plan Rows": 85170, "Plan Width": 4, "Filter": "((country_code)::text = '[us]'::text)"}, {"Node Type": "Index Scan", "Parent Relationship": "Inner", "Scan Direction": "Forward", "Index Name": "company_id_movie_companies", "Relation Name": "movie_companies", "Alias": "mc", "Startup Cost": 10000000000.0, "Total Cost": 1000013671913.98, "Plan Rows": 297072, "Plan Width": 8, "Filter": "((note IS NOT NULL) AND (((note)::text ~~ '%(USA)%'::text) OR ((note)::text ~~ '%(worldwide)%'::text))), (LLVM Optimized)"}]}]}, {"Node Type": "Sort", "Parent Relationship": "Inner", "Startup Cost": 2490027768091.22, "Total Cost": 2490027768183.02, "Plan Rows": 36717, "Plan Width": 24, "Sort Key": ["ci.movie_id"], "Plans": [{"Node Type": "Merge Join", "Parent Relationship": "Outer", "Join Type": "Inner", "Startup Cost": 1500027761491.11, "Total Cost": 2490027765307.31, "Plan Rows": 36717, "Plan Width": 24, "Inner Unique": true, "Merge Cond": "(ci.role_id = rt.id)", "Plans": [{"Node Type": "Sort", "Parent Relationship": "Outer", "Startup Cost": 1490027761491.11, "Total Cost": 1490027762500.83, "Plan Rows": 403890, "Plan Width": 28, "Sort Key": ["ci.role_id"], "Plans": [{"Node Type": "Merge Join", "Parent Relationship": "Outer", "Join Type": "Inner", "Startup Cost": 59427183222.87, "Total Cost": 1490027723881.67, "Plan Rows": 403890, "Plan Width": 28, "Inner Unique": false, "Merge Cond": "(chn.id = ci.person_role_id)", "Plans": [{"Node Type": "Index Scan", "Parent Relationship": "Outer", "Scan Direction": "Forward", "Index Name": "char_name_pkey", "Relation Name": "char_name", "Alias": "chn", "Startup Cost": 10000000000.0, "Total Cost": 1000012987545.51, "Plan Rows": 3140338, "Plan Width": 20}, {"Node Type": "Index Scan", "Parent Relationship": "Inner", "Scan Direction": "Forward", "Index Name": "person_role_id_cast_info", "Relation Name": "cast_info", "Alias": "ci", "Startup Cost": 10000000000.0, "Total Cost": 1000211315681.48, "Plan Rows": 833163, "Plan Width": 16, "Filter": "((note)::text = ANY ('{(voice),\"(voice: Japanese version)\",\"(voice) (uncredited)\",\"(voice: English version)\"}'::text[]))"}]}]}, {"Node Type": "Materialize", "Parent Relationship": "Inner", "Startup Cost": 10000000000.0, "Total Cost": 1000000001246.0, "Plan Rows": 1, "Plan Width": 4, "Plans": [{"Node Type": "Index Scan", "Parent Relationship": "Outer", "Scan Direction": "Forward", "Index Name": "role_type_pkey", "Relation Name": "role_type", "Alias": "rt", "Startup Cost": 10000000000.0, "Total Cost": 1000000001246.0, "Plan Rows": 1, "Plan Width": 4, "Filter": "((role)::text = 'actress'::text)"}]}]}]}]}, {"Node Type": "Index Scan", "Parent Relationship": "Inner", "Scan Direction": "Forward", "Index Name": "title_pkey", "Relation Name": "title", "Alias": "t", "Startup Cost": 10000000000.0, "Total Cost": 1000012276204.41, "Plan Rows": 1109224, "Plan Width": 21, "Filter": "((production_year >= 2005) AND (production_year <= 2015)), (LLVM Optimized)"}]}]}, {"Node Type": "Index Scan", "Parent Relationship": "Inner", "Scan Direction": "Forward", "Index Name": "person_id_aka_name", "Relation Name": "aka_name", "Alias": "an", "Startup Cost": 10000000000.0, "Total Cost": 1000006896503.43, "Plan Rows": 901342, "Plan Width": 20}]}, {"Node Type": "Index Scan", "Parent Relationship": "Inner", "Scan Direction": "Forward", "Index Name": "name_pkey", "Relation Name": "name", "Alias": "n", "Startup Cost": 10000000000.0, "Total Cost": 1000019707019.7, "Plan Rows": 96, "Plan Width": 4, "Filter": "(((name)::text ~~ '%Ang%'::text) AND ((gender)::text = 'f'::text))"}]}]}, "Unique SQL Id": 3431223514, "Planner Runtime": 229}, "explain_analyze_plan": null}, "(16, 92)": {"explain_plan": {"Plan": {"Node Type": "Aggregate", "Strategy": "Plain", "Startup Cost": 23236.72, "Total Cost": 23236.73, "Plan Rows": 1, "Plan Width": 145, "Plans": [{"Node Type": "Nested Loop", "Parent Relationship": "Outer", "Join Type": "Inner", "Startup Cost": 0.0, "Total Cost": 23236.71, "Plan Rows": 1, "Plan Width": 49, "Inner Unique": true, "Plans": [{"Node Type": "Nested Loop", "Parent Relationship": "Outer", "Join Type": "Inner", "Startup Cost": 0.0, "Total Cost": 23236.21, "Plan Rows": 1, "Plan Width": 40, "Inner Unique": true, "Plans": [{"Node Type": "Nested Loop", "Parent Relationship": "Outer", "Join Type": "Inner", "Startup Cost": 0.0, "Total Cost": 23235.56, "Plan Rows": 2, "Plan Width": 44, "Inner Unique": true, "Plans": [{"Node Type": "Nested Loop", "Parent Relationship": "Outer", "Join Type": "Inner", "Startup Cost": 0.0, "Total Cost": 23233.01, "Plan Rows": 5, "Plan Width": 32, "Inner Unique": false, "Plans": [{"Node Type": "Nested Loop", "Parent Relationship": "Outer", "Join Type": "Inner", "Startup Cost": 0.0, "Total Cost": 23227.4, "Plan Rows": 13, "Plan Width": 24, "Inner Unique": true, "Plans": [{"Node Type": "Nested Loop", "Parent Relationship": "Outer", "Join Type": "Inner", "Startup Cost": 0.0, "Total Cost": 23187.57, "Plan Rows": 141, "Plan Width": 28, "Inner Unique": false, "Join Filter": "(n.id = ci.person_id)", "Plans": [{"Node Type": "Nested Loop", "Parent Relationship": "Outer", "Join Type": "Inner", "Startup Cost": 0.0, "Total Cost": 22912.29, "Plan Rows": 115, "Plan Width": 24, "Inner Unique": false, "Plans": [{"Node Type": "Streaming(type: LOCAL GATHER dop: 1/16)", "Parent Relationship": "Outer", "Startup Cost": 0.0, "Total Cost": 22121.41, "Plan Rows": 96, "Plan Width": 4, "Plans": [{"Node Type": "Seq Scan", "Parent Relationship": "Outer", "Relation Name": "name", "Alias": "n", "Startup Cost": 0.0, "Total Cost": 22119.33, "Plan Rows": 96, "Plan Width": 4, "Filter": "(((name)::text ~~ '%Ang%'::text) AND ((gender)::text = 'f'::text))"}]}, {"Node Type": "Index Scan", "Parent Relationship": "Inner", "Scan Direction": "Forward", "Index Name": "person_id_aka_name", "Relation Name": "aka_name", "Alias": "an", "Startup Cost": 0.0, "Total Cost": 8.23, "Plan Rows": 1, "Plan Width": 20, "Index Cond": "(person_id = n.id)"}]}, {"Node Type": "Index Scan", "Parent Relationship": "Inner", "Scan Direction": "Forward", "Index Name": "person_id_cast_info", "Relation Name": "cast_info", "Alias": "ci", "Startup Cost": 0.0, "Total Cost": 2.38, "Plan Rows": 1, "Plan Width": 16, "Index Cond": "(person_id = an.person_id)", "Filter": "((note)::text = ANY ('{(voice),\"(voice: Japanese version)\",\"(voice) (uncredited)\",\"(voice: English version)\"}'::text[]))"}]}, {"Node Type": "Index Scan", "Parent Relationship": "Inner", "Scan Direction": "Forward", "Index Name": "role_type_pkey", "Relation Name": "role_type", "Alias": "rt", "Startup Cost": 0.0, "Total Cost": 0.27, "Plan Rows": 1, "Plan Width": 4, "Index Cond": "(id = ci.role_id)", "Filter": "((role)::text = 'actress'::text)"}]}, {"Node Type": "Index Scan", "Parent Relationship": "Inner", "Scan Direction": "Forward", "Index Name": "movie_id_movie_companies", "Relation Name": "movie_companies", "Alias": "mc", "Startup Cost": 0.0, "Total Cost": 0.42, "Plan Rows": 1, "Plan Width": 8, "Index Cond": "(movie_id = ci.movie_id)", "Filter": "((note IS NOT NULL) AND (((note)::text ~~ '%(USA)%'::text) OR ((note)::text ~~ '%(worldwide)%'::text)))"}]}, {"Node Type": "Index Scan", "Parent Relationship": "Inner", "Scan Direction": "Forward", "Index Name": "char_name_pkey", "Relation Name": "char_name", "Alias": "chn", "Startup Cost": 0.0, "Total Cost": 0.5, "Plan Rows": 1, "Plan Width": 20, "Index Cond": "(id = ci.person_role_id)"}]}, {"Node Type": "Index Scan", "Parent Relationship": "Inner", "Scan Direction": "Forward", "Index Name": "company_name_pkey", "Relation Name": "company_name", "Alias": "cn", "Startup Cost": 0.0, "Total Cost": 0.32, "Plan Rows": 1, "Plan Width": 4, "Index Cond": "(id = mc.company_id)", "Filter": "((country_code)::text = '[us]'::text)"}]}, {"Node Type": "Index Scan", "Parent Relationship": "Inner", "Scan Direction": "Forward", "Index Name": "title_pkey", "Relation Name": "title", "Alias": "t", "Startup Cost": 0.0, "Total Cost": 0.49, "Plan Rows": 1, "Plan Width": 21, "Index Cond": "(id = ci.movie_id)", "Filter": "((production_year >= 2005) AND (production_year <= 2015))"}]}]}, "Unique SQL Id": 3431223514, "Planner Runtime": 54}, "explain_analyze_plan": {"Plan": {"Node Type": "Aggregate", "Strategy": "Plain", "Startup Cost": 23236.72, "Total Cost": 23236.73, "Plan Rows": 1, "Plan Width": 145, "Actual Min Startup Time": 189.563, "Actual Max Startup Time": 189.563, "Actual Min Total Time": 189.564, "Actual Max Total Time": 189.564, "Plans": [{"Node Type": "Nested Loop", "Parent Relationship": "Outer", "Join Type": "Inner", "Startup Cost": 0.0, "Total Cost": 23236.71, "Plan Rows": 1, "Plan Width": 49, "Actual Min Startup Time": 69.69, "Actual Max Startup Time": 69.69, "Actual Min Total Time": 189.327, "Actual Max Total Time": 189.327, "Inner Unique": true, "Plans": [{"Node Type": "Nested Loop", "Parent Relationship": "Outer", "Join Type": "Inner", "Startup Cost": 0.0, "Total Cost": 23236.21, "Plan Rows": 1, "Plan Width": 40, "Actual Min Startup Time": 61.462, "Actual Max Startup Time": 61.462, "Actual Min Total Time": 187.482, "Actual Max Total Time": 187.482, "Inner Unique": true, "Plans": [{"Node Type": "Nested Loop", "Parent Relationship": "Outer", "Join Type": "Inner", "Startup Cost": 0.0, "Total Cost": 23235.56, "Plan Rows": 2, "Plan Width": 44, "Actual Min Startup Time": 61.442, "Actual Max Startup Time": 61.442, "Actual Min Total Time": 185.683, "Actual Max Total Time": 185.683, "Inner Unique": true, "Plans": [{"Node Type": "Nested Loop", "Parent Relationship": "Outer", "Join Type": "Inner", "Startup Cost": 0.0, "Total Cost": 23233.01, "Plan Rows": 5, "Plan Width": 32, "Actual Min Startup Time": 61.422, "Actual Max Startup Time": 61.422, "Actual Min Total Time": 183.916, "Actual Max Total Time": 183.916, "Inner Unique": false, "Plans": [{"Node Type": "Nested Loop", "Parent Relationship": "Outer", "Join Type": "Inner", "Startup Cost": 0.0, "Total Cost": 23227.4, "Plan Rows": 13, "Plan Width": 24, "Actual Min Startup Time": 60.102, "Actual Max Startup Time": 60.102, "Actual Min Total Time": 179.503, "Actual Max Total Time": 179.503, "Inner Unique": true, "Plans": [{"Node Type": "Nested Loop", "Parent Relationship": "Outer", "Join Type": "Inner", "Startup Cost": 0.0, "Total Cost": 23187.57, "Plan Rows": 141, "Plan Width": 28, "Actual Min Startup Time": 60.089, "Actual Max Startup Time": 60.089, "Actual Min Total Time": 178.229, "Actual Max Total Time": 178.229, "Inner Unique": false, "Join Filter": "(n.id = ci.person_id)", "Rows Removed by Join Filter": 0, "Plans": [{"Node Type": "Nested Loop", "Parent Relationship": "Outer", "Join Type": "Inner", "Startup Cost": 0.0, "Total Cost": 22912.29, "Plan Rows": 115, "Plan Width": 24, "Actual Min Startup Time": 58.801, "Actual Max Startup Time": 58.801, "Actual Min Total Time": 127.723, "Actual Max Total Time": 127.723, "Inner Unique": false, "Plans": [{"Node Type": "Streaming(type: LOCAL GATHER dop: 1/16)", "Parent Relationship": "Outer", "Startup Cost": 0.0, "Total Cost": 22121.41, "Plan Rows": 96, "Plan Width": 4, "Actual Min Startup Time": 58.724, "Actual Max Startup Time": 58.724, "Actual Min Total Time": 104.63, "Actual Max Total Time": 104.63, "Plans": [{"Node Type": "Seq Scan", "Parent Relationship": "Outer", "Relation Name": "name", "Alias": "n", "Startup Cost": 0.0, "Total Cost": 22119.33, "Plan Rows": 96, "Plan Width": 4, "Actual Min Startup Time": 40.745, "Actual Max Startup Time": 45.186, "Actual Min Total Time": 101.203, "Actual Max Total Time": 105.942, "Filter": "(((name)::text ~~ '%Ang%'::text) AND ((gender)::text = 'f'::text))", "Rows Removed by Filter": 4160722, "Actual Rows": 6768}], "Actual Rows": 6768}, {"Node Type": "Index Scan", "Parent Relationship": "Inner", "Scan Direction": "Forward", "Index Name": "person_id_aka_name", "Relation Name": "aka_name", "Alias": "an", "Startup Cost": 0.0, "Total Cost": 8.23, "Plan Rows": 1, "Plan Width": 20, "Actual Min Startup Time": 18.625, "Actual Max Startup Time": 18.625, "Actual Min Total Time": 19.445, "Actual Max Total Time": 19.445, "Index Cond": "(person_id = n.id)", "Rows Removed by Index Recheck": 0, "Actual Rows": 1558}], "Actual Rows": 1558}, {"Node Type": "Index Scan", "Parent Relationship": "Inner", "Scan Direction": "Forward", "Index Name": "person_id_cast_info", "Relation Name": "cast_info", "Alias": "ci", "Startup Cost": 0.0, "Total Cost": 2.38, "Plan Rows": 1, "Plan Width": 16, "Actual Min Startup Time": 44.65, "Actual Max Startup Time": 44.65, "Actual Min Total Time": 49.451, "Actual Max Total Time": 49.451, "Index Cond": "(person_id = an.person_id)", "Rows Removed by Index Recheck": 0, "Filter": "((note)::text = ANY ('{(voice),\"(voice: Japanese version)\",\"(voice) (uncredited)\",\"(voice: English version)\"}'::text[]))", "Rows Removed by Filter": 69057, "Actual Rows": 425}], "Actual Rows": 425}, {"Node Type": "Index Scan", "Parent Relationship": "Inner", "Scan Direction": "Forward", "Index Name": "role_type_pkey", "Relation Name": "role_type", "Alias": "rt", "Startup Cost": 0.0, "Total Cost": 0.27, "Plan Rows": 1, "Plan Width": 4, "Actual Min Startup Time": 0.858, "Actual Max Startup Time": 0.858, "Actual Min Total Time": 0.858, "Actual Max Total Time": 0.858, "Index Cond": "(id = ci.role_id)", "Rows Removed by Index Recheck": 0, "Filter": "((role)::text = 'actress'::text)", "Rows Removed by Filter": 0, "Actual Rows": 425}], "Actual Rows": 425}, {"Node Type": "Index Scan", "Parent Relationship": "Inner", "Scan Direction": "Forward", "Index Name": "movie_id_movie_companies", "Relation Name": "movie_companies", "Alias": "mc", "Startup Cost": 0.0, "Total Cost": 0.42, "Plan Rows": 1, "Plan Width": 8, "Actual Min Startup Time": 2.875, "Actual Max Startup Time": 2.875, "Actual Min Total Time": 4.052, "Actual Max Total Time": 4.052, "Index Cond": "(movie_id = ci.movie_id)", "Rows Removed by Index Recheck": 0, "Filter": "((note IS NOT NULL) AND (((note)::text ~~ '%(USA)%'::text) OR ((note)::text ~~ '%(worldwide)%'::text)))", "Rows Removed by Filter": 1538, "Actual Rows": 373}], "Actual Rows": 373}, {"Node Type": "Index Scan", "Parent Relationship": "Inner", "Scan Direction": "Forward", "Index Name": "char_name_pkey", "Relation Name": "char_name", "Alias": "chn", "Startup Cost": 0.0, "Total Cost": 0.5, "Plan Rows": 1, "Plan Width": 20, "Actual Min Startup Time": 1.399, "Actual Max Startup Time": 1.399, "Actual Min Total Time": 1.399, "Actual Max Total Time": 1.399, "Index Cond": "(id = ci.person_role_id)", "Rows Removed by Index Recheck": 0, "Actual Rows": 348}], "Actual Rows": 348}, {"Node Type": "Index Scan", "Parent Relationship": "Inner", "Scan Direction": "Forward", "Index Name": "company_name_pkey", "Relation Name": "company_name", "Alias": "cn", "Startup Cost": 0.0, "Total Cost": 0.32, "Plan Rows": 1, "Plan Width": 4, "Actual Min Startup Time": 1.447, "Actual Max Startup Time": 1.447, "Actual Min Total Time": 1.447, "Actual Max Total Time": 1.447, "Index Cond": "(id = mc.company_id)", "Rows Removed by Index Recheck": 0, "Filter": "((country_code)::text = '[us]'::text)", "Rows Removed by Filter": 7, "Actual Rows": 341}], "Actual Rows": 341}, {"Node Type": "Index Scan", "Parent Relationship": "Inner", "Scan Direction": "Forward", "Index Name": "title_pkey", "Relation Name": "title", "Alias": "t", "Startup Cost": 0.0, "Total Cost": 0.49, "Plan Rows": 1, "Plan Width": 21, "Actual Min Startup Time": 1.574, "Actual Max Startup Time": 1.574, "Actual Min Total Time": 1.574, "Actual Max Total Time": 1.574, "Index Cond": "(id = ci.movie_id)", "Rows Removed by Index Recheck": 0, "Filter": "((production_year >= 2005) AND (production_year <= 2015))", "Rows Removed by Filter": 220, "Actual Rows": 121}], "Actual Rows": 121}], "Actual Rows": 1}, "Triggers": [], "Planner Runtime": 146, "Total Runtime": 192.53, "Unique SQL Id": 3431223514}}, "(16, 93)": {"explain_plan": {"Plan": {"Node Type": "Aggregate", "Strategy": "Plain", "Startup Cost": 154581.71, "Total Cost": 154581.72, "Plan Rows": 1, "Plan Width": 145, "Plans": [{"Node Type": "Nested Loop", "Parent Relationship": "Outer", "Join Type": "Inner", "Startup Cost": 0.0, "Total Cost": 154581.7, "Plan Rows": 1, "Plan Width": 49, "Inner Unique": true, "Plans": [{"Node Type": "Nested Loop", "Parent Relationship": "Outer", "Join Type": "Inner", "Startup Cost": 0.0, "Total Cost": 154581.21, "Plan Rows": 1, "Plan Width": 40, "Inner Unique": true, "Plans": [{"Node Type": "Nested Loop", "Parent Relationship": "Outer", "Join Type": "Inner", "Startup Cost": 0.0, "Total Cost": 154580.19, "Plan Rows": 2, "Plan Width": 28, "Inner Unique": true, "Plans": [{"Node Type": "Nested Loop", "Parent Relationship": "Outer", "Join Type": "Inner", "Startup Cost": 0.0, "Total Cost": 154578.55, "Plan Rows": 5, "Plan Width": 32, "Inner Unique": false, "Plans": [{"Node Type": "Nested Loop", "Parent Relationship": "Outer", "Join Type": "Inner", "Startup Cost": 0.0, "Total Cost": 154572.94, "Plan Rows": 13, "Plan Width": 24, "Inner Unique": true, "Plans": [{"Node Type": "Nested Loop", "Parent Relationship": "Outer", "Join Type": "Inner", "Startup Cost": 0.0, "Total Cost": 154533.1, "Plan Rows": 141, "Plan Width": 28, "Inner Unique": false, "Join Filter": "(n.id = ci.person_id)", "Plans": [{"Node Type": "Nested Loop", "Parent Relationship": "Outer", "Join Type": "Inner", "Startup Cost": 0.0, "Total Cost": 154257.82, "Plan Rows": 115, "Plan Width": 24, "Inner Unique": false, "Plans": [{"Node Type": "Streaming(type: LOCAL GATHER dop: 1/16)", "Parent Relationship": "Outer", "Startup Cost": 0.0, "Total Cost": 153466.94, "Plan Rows": 96, "Plan Width": 4, "Plans": [{"Node Type": "Index Scan", "Parent Relationship": "Outer", "Scan Direction": "Forward", "Index Name": "name_pkey", "Relation Name": "name", "Alias": "n", "Startup Cost": 0.0, "Total Cost": 153464.87, "Plan Rows": 96, "Plan Width": 4, "Filter": "(((name)::text ~~ '%Ang%'::text) AND ((gender)::text = 'f'::text))"}]}, {"Node Type": "Index Scan", "Parent Relationship": "Inner", "Scan Direction": "Forward", "Index Name": "person_id_aka_name", "Relation Name": "aka_name", "Alias": "an", "Startup Cost": 0.0, "Total Cost": 8.23, "Plan Rows": 1, "Plan Width": 20, "Index Cond": "(person_id = n.id)"}]}, {"Node Type": "Index Scan", "Parent Relationship": "Inner", "Scan Direction": "Forward", "Index Name": "person_id_cast_info", "Relation Name": "cast_info", "Alias": "ci", "Startup Cost": 0.0, "Total Cost": 2.38, "Plan Rows": 1, "Plan Width": 16, "Index Cond": "(person_id = an.person_id)", "Filter": "((note)::text = ANY ('{(voice),\"(voice: Japanese version)\",\"(voice) (uncredited)\",\"(voice: English version)\"}'::text[]))"}]}, {"Node Type": "Index Scan", "Parent Relationship": "Inner", "Scan Direction": "Forward", "Index Name": "role_type_pkey", "Relation Name": "role_type", "Alias": "rt", "Startup Cost": 0.0, "Total Cost": 0.27, "Plan Rows": 1, "Plan Width": 4, "Index Cond": "(id = ci.role_id)", "Filter": "((role)::text = 'actress'::text)"}]}, {"Node Type": "Index Scan", "Parent Relationship": "Inner", "Scan Direction": "Forward", "Index Name": "movie_id_movie_companies", "Relation Name": "movie_companies", "Alias": "mc", "Startup Cost": 0.0, "Total Cost": 0.42, "Plan Rows": 1, "Plan Width": 8, "Index Cond": "(movie_id = ci.movie_id)", "Filter": "((note IS NOT NULL) AND (((note)::text ~~ '%(USA)%'::text) OR ((note)::text ~~ '%(worldwide)%'::text)))"}]}, {"Node Type": "Index Scan", "Parent Relationship": "Inner", "Scan Direction": "Forward", "Index Name": "company_name_pkey", "Relation Name": "company_name", "Alias": "cn", "Startup Cost": 0.0, "Total Cost": 0.32, "Plan Rows": 1, "Plan Width": 4, "Index Cond": "(id = mc.company_id)", "Filter": "((country_code)::text = '[us]'::text)"}]}, {"Node Type": "Index Scan", "Parent Relationship": "Inner", "Scan Direction": "Forward", "Index Name": "char_name_pkey", "Relation Name": "char_name", "Alias": "chn", "Startup Cost": 0.0, "Total Cost": 0.5, "Plan Rows": 1, "Plan Width": 20, "Index Cond": "(id = ci.person_role_id)"}]}, {"Node Type": "Index Scan", "Parent Relationship": "Inner", "Scan Direction": "Forward", "Index Name": "title_pkey", "Relation Name": "title", "Alias": "t", "Startup Cost": 0.0, "Total Cost": 0.49, "Plan Rows": 1, "Plan Width": 21, "Index Cond": "(id = ci.movie_id)", "Filter": "((production_year >= 2005) AND (production_year <= 2015))"}]}]}, "Unique SQL Id": 3431223514, "Planner Runtime": 57}, "explain_analyze_plan": {"Plan": {"Node Type": "Aggregate", "Strategy": "Plain", "Startup Cost": 154581.71, "Total Cost": 154581.72, "Plan Rows": 1, "Plan Width": 145, "Actual Min Startup Time": 320.416, "Actual Max Startup Time": 320.416, "Actual Min Total Time": 320.417, "Actual Max Total Time": 320.417, "Plans": [{"Node Type": "Nested Loop", "Parent Relationship": "Outer", "Join Type": "Inner", "Startup Cost": 0.0, "Total Cost": 154581.7, "Plan Rows": 1, "Plan Width": 49, "Actual Min Startup Time": 98.859, "Actual Max Startup Time": 98.859, "Actual Min Total Time": 320.124, "Actual Max Total Time": 320.124, "Inner Unique": true, "Plans": [{"Node Type": "Nested Loop", "Parent Relationship": "Outer", "Join Type": "Inner", "Startup Cost": 0.0, "Total Cost": 154581.21, "Plan Rows": 1, "Plan Width": 40, "Actual Min Startup Time": 67.906, "Actual Max Startup Time": 67.906, "Actual Min Total Time": 318.254, "Actual Max Total Time": 318.254, "Inner Unique": true, "Plans": [{"Node Type": "Nested Loop", "Parent Relationship": "Outer", "Join Type": "Inner", "Startup Cost": 0.0, "Total Cost": 154580.19, "Plan Rows": 2, "Plan Width": 28, "Actual Min Startup Time": 67.889, "Actual Max Startup Time": 67.889, "Actual Min Total Time": 316.485, "Actual Max Total Time": 316.485, "Inner Unique": true, "Plans": [{"Node Type": "Nested Loop", "Parent Relationship": "Outer", "Join Type": "Inner", "Startup Cost": 0.0, "Total Cost": 154578.55, "Plan Rows": 5, "Plan Width": 32, "Actual Min Startup Time": 67.87, "Actual Max Startup Time": 67.87, "Actual Min Total Time": 314.414, "Actual Max Total Time": 314.414, "Inner Unique": false, "Plans": [{"Node Type": "Nested Loop", "Parent Relationship": "Outer", "Join Type": "Inner", "Startup Cost": 0.0, "Total Cost": 154572.94, "Plan Rows": 13, "Plan Width": 24, "Actual Min Startup Time": 67.844, "Actual Max Startup Time": 67.844, "Actual Min Total Time": 309.954, "Actual Max Total Time": 309.954, "Inner Unique": true, "Plans": [{"Node Type": "Nested Loop", "Parent Relationship": "Outer", "Join Type": "Inner", "Startup Cost": 0.0, "Total Cost": 154533.1, "Plan Rows": 141, "Plan Width": 28, "Actual Min Startup Time": 67.832, "Actual Max Startup Time": 67.832, "Actual Min Total Time": 308.644, "Actual Max Total Time": 308.644, "Inner Unique": false, "Join Filter": "(n.id = ci.person_id)", "Rows Removed by Join Filter": 0, "Plans": [{"Node Type": "Nested Loop", "Parent Relationship": "Outer", "Join Type": "Inner", "Startup Cost": 0.0, "Total Cost": 154257.82, "Plan Rows": 115, "Plan Width": 24, "Actual Min Startup Time": 67.78, "Actual Max Startup Time": 67.78, "Actual Min Total Time": 258.301, "Actual Max Total Time": 258.301, "Inner Unique": false, "Plans": [{"Node Type": "Streaming(type: LOCAL GATHER dop: 1/16)", "Parent Relationship": "Outer", "Startup Cost": 0.0, "Total Cost": 153466.94, "Plan Rows": 96, "Plan Width": 4, "Actual Min Startup Time": 67.718, "Actual Max Startup Time": 67.718, "Actual Min Total Time": 235.399, "Actual Max Total Time": 235.399, "Plans": [{"Node Type": "Index Scan", "Parent Relationship": "Outer", "Scan Direction": "Forward", "Index Name": "name_pkey", "Relation Name": "name", "Alias": "n", "Startup Cost": 0.0, "Total Cost": 153464.87, "Plan Rows": 96, "Plan Width": 4, "Actual Min Startup Time": 36.308, "Actual Max Startup Time": 291.918, "Actual Min Total Time": 271.115, "Actual Max Total Time": 291.918, "Filter": "(((name)::text ~~ '%Ang%'::text) AND ((gender)::text = 'f'::text))", "Rows Removed by Filter": 4160722, "Actual Rows": 6768}], "Actual Rows": 6768}, {"Node Type": "Index Scan", "Parent Relationship": "Inner", "Scan Direction": "Forward", "Index Name": "person_id_aka_name", "Relation Name": "aka_name", "Alias": "an", "Startup Cost": 0.0, "Total Cost": 8.23, "Plan Rows": 1, "Plan Width": 20, "Actual Min Startup Time": 18.331, "Actual Max Startup Time": 18.331, "Actual Min Total Time": 19.18, "Actual Max Total Time": 19.18, "Index Cond": "(person_id = n.id)", "Rows Removed by Index Recheck": 0, "Actual Rows": 1558}], "Actual Rows": 1558}, {"Node Type": "Index Scan", "Parent Relationship": "Inner", "Scan Direction": "Forward", "Index Name": "person_id_cast_info", "Relation Name": "cast_info", "Alias": "ci", "Startup Cost": 0.0, "Total Cost": 2.38, "Plan Rows": 1, "Plan Width": 16, "Actual Min Startup Time": 44.414, "Actual Max Startup Time": 44.414, "Actual Min Total Time": 49.22, "Actual Max Total Time": 49.22, "Index Cond": "(person_id = an.person_id)", "Rows Removed by Index Recheck": 0, "Filter": "((note)::text = ANY ('{(voice),\"(voice: Japanese version)\",\"(voice) (uncredited)\",\"(voice: English version)\"}'::text[]))", "Rows Removed by Filter": 69057, "Actual Rows": 425}], "Actual Rows": 425}, {"Node Type": "Index Scan", "Parent Relationship": "Inner", "Scan Direction": "Forward", "Index Name": "role_type_pkey", "Relation Name": "role_type", "Alias": "rt", "Startup Cost": 0.0, "Total Cost": 0.27, "Plan Rows": 1, "Plan Width": 4, "Actual Min Startup Time": 0.857, "Actual Max Startup Time": 0.857, "Actual Min Total Time": 0.857, "Actual Max Total Time": 0.857, "Index Cond": "(id = ci.role_id)", "Rows Removed by Index Recheck": 0, "Filter": "((role)::text = 'actress'::text)", "Rows Removed by Filter": 0, "Actual Rows": 425}], "Actual Rows": 425}, {"Node Type": "Index Scan", "Parent Relationship": "Inner", "Scan Direction": "Forward", "Index Name": "movie_id_movie_companies", "Relation Name": "movie_companies", "Alias": "mc", "Startup Cost": 0.0, "Total Cost": 0.42, "Plan Rows": 1, "Plan Width": 8, "Actual Min Startup Time": 2.936, "Actual Max Startup Time": 2.936, "Actual Min Total Time": 4.116, "Actual Max Total Time": 4.116, "Index Cond": "(movie_id = ci.movie_id)", "Rows Removed by Index Recheck": 0, "Filter": "((note IS NOT NULL) AND (((note)::text ~~ '%(USA)%'::text) OR ((note)::text ~~ '%(worldwide)%'::text)))", "Rows Removed by Filter": 1538, "Actual Rows": 373}], "Actual Rows": 373}, {"Node Type": "Index Scan", "Parent Relationship": "Inner", "Scan Direction": "Forward", "Index Name": "company_name_pkey", "Relation Name": "company_name", "Alias": "cn", "Startup Cost": 0.0, "Total Cost": 0.32, "Plan Rows": 1, "Plan Width": 4, "Actual Min Startup Time": 1.683, "Actual Max Startup Time": 1.683, "Actual Min Total Time": 1.683, "Actual Max Total Time": 1.683, "Index Cond": "(id = mc.company_id)", "Rows Removed by Index Recheck": 0, "Filter": "((country_code)::text = '[us]'::text)", "Rows Removed by Filter": 14, "Actual Rows": 359}], "Actual Rows": 359}, {"Node Type": "Index Scan", "Parent Relationship": "Inner", "Scan Direction": "Forward", "Index Name": "char_name_pkey", "Relation Name": "char_name", "Alias": "chn", "Startup Cost": 0.0, "Total Cost": 0.5, "Plan Rows": 1, "Plan Width": 20, "Actual Min Startup Time": 1.371, "Actual Max Startup Time": 1.371, "Actual Min Total Time": 1.371, "Actual Max Total Time": 1.371, "Index Cond": "(id = ci.person_role_id)", "Rows Removed by Index Recheck": 0, "Actual Rows": 341}], "Actual Rows": 341}, {"Node Type": "Index Scan", "Parent Relationship": "Inner", "Scan Direction": "Forward", "Index Name": "title_pkey", "Relation Name": "title", "Alias": "t", "Startup Cost": 0.0, "Total Cost": 0.49, "Plan Rows": 1, "Plan Width": 21, "Actual Min Startup Time": 1.601, "Actual Max Startup Time": 1.601, "Actual Min Total Time": 1.601, "Actual Max Total Time": 1.601, "Index Cond": "(id = ci.movie_id)", "Rows Removed by Index Recheck": 0, "Filter": "((production_year >= 2005) AND (production_year <= 2015))", "Rows Removed by Filter": 220, "Actual Rows": 121}], "Actual Rows": 121}], "Actual Rows": 1}, "Triggers": [], "Planner Runtime": 40, "Total Runtime": 323.463, "Unique SQL Id": 3431223514}}, "(16, 94)": {"explain_plan": {"Plan": {"Node Type": "Aggregate", "Strategy": "Plain", "Startup Cost": 13102508544454.33, "Total Cost": 13102508544454.34, "Plan Rows": 1, "Plan Width": 145, "Plans": [{"Node Type": "Merge Join", "Parent Relationship": "Outer", "Join Type": "Inner", "Startup Cost": 11282263123487.13, "Total Cost": 13102508544454.31, "Plan Rows": 2, "Plan Width": 49, "Inner Unique": true, "Merge Cond": "(ci.person_id = n.id)", "Plans": [{"Node Type": "Merge Join", "Parent Relationship": "Outer", "Join Type": "Inner", "Startup Cost": 11272263123487.13, "Total Cost": 12123114247972.89, "Plan Rows": 9705, "Plan Width": 57, "Inner Unique": false, "Merge Cond": "(an.person_id = ci.person_id)", "Plans": [{"Node Type": "Index Scan", "Parent Relationship": "Outer", "Scan Direction": "Forward", "Index Name": "person_id_aka_name", "Relation Name": "aka_name", "Alias": "an", "Startup Cost": 10000000000.0, "Total Cost": 1000006896503.43, "Plan Rows": 901342, "Plan Width": 20}, {"Node Type": "Sort", "Parent Relationship": "Inner", "Startup Cost": 11262263123487.13, "Total Cost": 11262263123507.39, "Plan Rows": 8105, "Plan Width": 37, "Sort Key": ["ci.person_id"], "Plans": [{"Node Type": "Merge Join", "Parent Relationship": "Outer", "Join Type": "Inner", "Startup Cost": 11262263122393.58, "Total Cost": 11262263122960.93, "Plan Rows": 8105, "Plan Width": 37, "Inner Unique": true, "Merge Cond": "(ci.role_id = rt.id)", "Plans": [{"Node Type": "Sort", "Parent Relationship": "Outer", "Startup Cost": 11262263122392.42, "Total Cost": 11262263122615.3, "Plan Rows": 89155, "Plan Width": 41, "Sort Key": ["ci.role_id"], "Plans": [{"Node Type": "Merge Join", "Parent Relationship": "Outer", "Join Type": "Inner", "Startup Cost": 889643062867.13, "Total Cost": 11262263115062.08, "Plan Rows": 89155, "Plan Width": 41, "Inner Unique": true, "Merge Cond": "(ci.person_role_id = chn.id)", "Plans": [{"Node Type": "Nested Loop", "Parent Relationship": "Outer", "Join Type": "Inner", "Startup Cost": 40000000086.43, "Total Cost": 21127160262522.54, "Plan Rows": 183913, "Plan Width": 29, "Inner Unique": false, "Join Filter": "(t.id = ci.movie_id), (LLVM Optimized)", "Plans": [{"Node Type": "Index Scan", "Parent Relationship": "Outer", "Scan Direction": "Forward", "Index Name": "person_role_id_cast_info", "Relation Name": "cast_info", "Alias": "ci", "Startup Cost": 10000000000.0, "Total Cost": 1000211315681.48, "Plan Rows": 833163, "Plan Width": 16, "Filter": "((note)::text = ANY ('{(voice),\"(voice: Japanese version)\",\"(voice) (uncredited)\",\"(voice: English version)\"}'::text[]))"}, {"Node Type": "Materialize", "Parent Relationship": "Inner", "Startup Cost": 20000000086.43, "Total Cost": 1100249634553.75, "Plan Rows": 180443, "Plan Width": 25, "Plans": [{"Node Type": "Streaming(type: LOCAL GATHER dop: 1/16)", "Parent Relationship": "Outer", "Startup Cost": 20000000086.43, "Total Cost": 1100249633651.53, "Plan Rows": 180443, "Plan Width": 25, "Plans": [{"Node Type": "Nested Loop", "Parent Relationship": "Outer", "Join Type": "Inner", "Startup Cost": 20000000086.43, "Total Cost": 1100249629757.2, "Plan Rows": 180443, "Plan Width": 25, "Inner Unique": false, "Join Filter": "(mc.movie_id = t.id), (LLVM Optimized)", "Plans": [{"Node Type": "Streaming(type: LOCAL REDISTRIBUTE dop: 16/16)", "Parent Relationship": "Outer", "Startup Cost": 86.43, "Total Cost": 38747.34, "Plan Rows": 1109224, "Plan Width": 21, "Plans": [{"Node Type": "Seq Scan", "Parent Relationship": "Outer", "Relation Name": "title", "Alias": "t", "Startup Cost": 86.43, "Total Cost": 19544.42, "Plan Rows": 1109224, "Plan Width": 21, "Filter": "((production_year >= 2005) AND (production_year <= 2015)), (LLVM Optimized)"}]}, {"Node Type": "Materialize", "Parent Relationship": "Inner", "Startup Cost": 10000000000.0, "Total Cost": 100015430896.94, "Plan Rows": 146066, "Plan Width": 4, "Plans": [{"Node Type": "Streaming(type: LOCAL REDISTRIBUTE dop: 16/16)", "Parent Relationship": "Outer", "Startup Cost": 10000000000.0, "Total Cost": 100015430851.3, "Plan Rows": 146066, "Plan Width": 4, "Plans": [{"Node Type": "Nested Loop", "Parent Relationship": "Outer", "Join Type": "Inner", "Startup Cost": 10000000000.0, "Total Cost": 100015415297.84, "Plan Rows": 146066, "Plan Width": 4, "Inner Unique": true, "Join Filter": "(cn.id = mc.company_id), (LLVM Optimized)", "Plans": [{"Node Type": "Streaming(type: LOCAL REDISTRIBUTE dop: 16/16)", "Parent Relationship": "Outer", "Startup Cost": 0.0, "Total Cost": 34554.56, "Plan Rows": 297072, "Plan Width": 8, "Plans": [{"Node Type": "Seq Scan", "Parent Relationship": "Outer", "Relation Name": "movie_companies", "Alias": "mc", "Startup Cost": 0.0, "Total Cost": 18428.93, "Plan Rows": 297072, "Plan Width": 8, "Filter": "((note IS NOT NULL) AND (((note)::text ~~ '%(USA)%'::text) OR ((note)::text ~~ '%(worldwide)%'::text))), (LLVM Optimized)"}]}, {"Node Type": "Materialize", "Parent Relationship": "Inner", "Startup Cost": 0.0, "Total Cost": 24471.61, "Plan Rows": 85170, "Plan Width": 4, "Plans": [{"Node Type": "Streaming(type: LOCAL REDISTRIBUTE dop: 16/1)", "Parent Relationship": "Outer", "Startup Cost": 0.0, "Total Cost": 24444.99, "Plan Rows": 85170, "Plan Width": 4, "Plans": [{"Node Type": "Seq Scan", "Parent Relationship": "Outer", "Relation Name": "company_name", "Alias": "cn", "Startup Cost": 0.0, "Total Cost": 5903.45, "Plan Rows": 85170, "Plan Width": 4, "Filter": "((country_code)::text = '[us]'::text)"}]}]}]}]}]}]}]}]}]}, {"Node Type": "Index Scan", "Parent Relationship": "Inner", "Scan Direction": "Forward", "Index Name": "char_name_pkey", "Relation Name": "char_name", "Alias": "chn", "Startup Cost": 10000000000.0, "Total Cost": 1000012987545.51, "Plan Rows": 3140338, "Plan Width": 20}]}]}, {"Node Type": "Materialize", "Parent Relationship": "Inner", "Startup Cost": 1.16, "Total Cost": 1.17, "Plan Rows": 1, "Plan Width": 4, "Plans": [{"Node Type": "Sort", "Parent Relationship": "Outer", "Startup Cost": 1.16, "Total Cost": 1.16, "Plan Rows": 1, "Plan Width": 4, "Sort Key": ["rt.id"], "Plans": [{"Node Type": "Seq Scan", "Parent Relationship": "Outer", "Relation Name": "role_type", "Alias": "rt", "Startup Cost": 0.0, "Total Cost": 1.15, "Plan Rows": 1, "Plan Width": 4, "Filter": "((role)::text = 'actress'::text)"}]}]}]}]}]}, {"Node Type": "Index Scan", "Parent Relationship": "Inner", "Scan Direction": "Forward", "Index Name": "name_pkey", "Relation Name": "name", "Alias": "n", "Startup Cost": 10000000000.0, "Total Cost": 1000019707019.7, "Plan Rows": 96, "Plan Width": 4, "Filter": "(((name)::text ~~ '%Ang%'::text) AND ((gender)::text = 'f'::text))"}]}]}, "Unique SQL Id": 3431223514, "Planner Runtime": 120}, "explain_analyze_plan": null}, "(16, 95)": {"explain_plan": {"Plan": {"Node Type": "Aggregate", "Strategy": "Plain", "Startup Cost": 7329417497562.09, "Total Cost": 7329417497562.1, "Plan Rows": 1, "Plan Width": 145, "Plans": [{"Node Type": "Merge Join", "Parent Relationship": "Outer", "Join Type": "Inner", "Startup Cost": 5509172076602.9, "Total Cost": 7329417497562.08, "Plan Rows": 2, "Plan Width": 49, "Inner Unique": true, "Merge Cond": "(ci.person_id = n.id)", "Plans": [{"Node Type": "Merge Join", "Parent Relationship": "Outer", "Join Type": "Inner", "Startup Cost": 5499172076602.9, "Total Cost": 6350023201080.66, "Plan Rows": 9705, "Plan Width": 57, "Inner Unique": false, "Merge Cond": "(ci.person_id = an.person_id)", "Plans": [{"Node Type": "Sort", "Parent Relationship": "Outer", "Startup Cost": 5489172076602.9, "Total Cost": 5489172076623.16, "Plan Rows": 8105, "Plan Width": 37, "Sort Key": ["ci.person_id"], "Plans": [{"Node Type": "Merge Join", "Parent Relationship": "Outer", "Join Type": "Inner", "Startup Cost": 4500042505090.18, "Total Cost": 5489172076076.69, "Plan Rows": 8105, "Plan Width": 37, "Inner Unique": true, "Merge Cond": "(ci.movie_id = t.id)", "Plans": [{"Node Type": "Merge Join", "Parent Relationship": "Outer", "Join Type": "Inner", "Startup Cost": 4490042505090.18, "Total Cost": 4490042506124.46, "Plan Rows": 6561, "Plan Width": 28, "Inner Unique": false, "Merge Cond": "(mc.movie_id = ci.movie_id)", "Plans": [{"Node Type": "Sort", "Parent Relationship": "Outer", "Startup Cost": 2000014736998.95, "Total Cost": 2000014737364.11, "Plan Rows": 146066, "Plan Width": 4, "Sort Key": ["mc.movie_id"], "Plans": [{"Node Type": "Merge Join", "Parent Relationship": "Outer", "Join Type": "Inner", "Startup Cost": 45724119200.86, "Total Cost": 2000014724469.22, "Plan Rows": 146066, "Plan Width": 4, "Inner Unique": false, "Merge Cond": "(cn.id = mc.company_id)", "Plans": [{"Node Type": "Index Scan", "Parent Relationship": "Outer", "Scan Direction": "Forward", "Index Name": "company_name_pkey", "Relation Name": "company_name", "Alias": "cn", "Startup Cost": 10000000000.0, "Total Cost": 1000001050138.97, "Plan Rows": 85170, "Plan Width": 4, "Filter": "((country_code)::text = '[us]'::text)"}, {"Node Type": "Index Scan", "Parent Relationship": "Inner", "Scan Direction": "Forward", "Index Name": "company_id_movie_companies", "Relation Name": "movie_companies", "Alias": "mc", "Startup Cost": 10000000000.0, "Total Cost": 1000013671913.98, "Plan Rows": 297072, "Plan Width": 8, "Filter": "((note IS NOT NULL) AND (((note)::text ~~ '%(USA)%'::text) OR ((note)::text ~~ '%(worldwide)%'::text))), (LLVM Optimized)"}]}]}, {"Node Type": "Sort", "Parent Relationship": "Inner", "Startup Cost": 2490027768091.22, "Total Cost": 2490027768183.02, "Plan Rows": 36717, "Plan Width": 24, "Sort Key": ["ci.movie_id"], "Plans": [{"Node Type": "Merge Join", "Parent Relationship": "Outer", "Join Type": "Inner", "Startup Cost": 1500027761491.11, "Total Cost": 2490027765307.31, "Plan Rows": 36717, "Plan Width": 24, "Inner Unique": true, "Merge Cond": "(ci.role_id = rt.id)", "Plans": [{"Node Type": "Sort", "Parent Relationship": "Outer", "Startup Cost": 1490027761491.11, "Total Cost": 1490027762500.83, "Plan Rows": 403890, "Plan Width": 28, "Sort Key": ["ci.role_id"], "Plans": [{"Node Type": "Merge Join", "Parent Relationship": "Outer", "Join Type": "Inner", "Startup Cost": 59427183222.87, "Total Cost": 1490027723881.67, "Plan Rows": 403890, "Plan Width": 28, "Inner Unique": false, "Merge Cond": "(chn.id = ci.person_role_id)", "Plans": [{"Node Type": "Index Scan", "Parent Relationship": "Outer", "Scan Direction": "Forward", "Index Name": "char_name_pkey", "Relation Name": "char_name", "Alias": "chn", "Startup Cost": 10000000000.0, "Total Cost": 1000012987545.51, "Plan Rows": 3140338, "Plan Width": 20}, {"Node Type": "Index Scan", "Parent Relationship": "Inner", "Scan Direction": "Forward", "Index Name": "person_role_id_cast_info", "Relation Name": "cast_info", "Alias": "ci", "Startup Cost": 10000000000.0, "Total Cost": 1000211315681.48, "Plan Rows": 833163, "Plan Width": 16, "Filter": "((note)::text = ANY ('{(voice),\"(voice: Japanese version)\",\"(voice) (uncredited)\",\"(voice: English version)\"}'::text[]))"}]}]}, {"Node Type": "Materialize", "Parent Relationship": "Inner", "Startup Cost": 10000000000.0, "Total Cost": 1000000001246.0, "Plan Rows": 1, "Plan Width": 4, "Plans": [{"Node Type": "Index Scan", "Parent Relationship": "Outer", "Scan Direction": "Forward", "Index Name": "role_type_pkey", "Relation Name": "role_type", "Alias": "rt", "Startup Cost": 10000000000.0, "Total Cost": 1000000001246.0, "Plan Rows": 1, "Plan Width": 4, "Filter": "((role)::text = 'actress'::text)"}]}]}]}]}, {"Node Type": "Index Scan", "Parent Relationship": "Inner", "Scan Direction": "Forward", "Index Name": "title_pkey", "Relation Name": "title", "Alias": "t", "Startup Cost": 10000000000.0, "Total Cost": 1000012276204.41, "Plan Rows": 1109224, "Plan Width": 21, "Filter": "((production_year >= 2005) AND (production_year <= 2015)), (LLVM Optimized)"}]}]}, {"Node Type": "Index Scan", "Parent Relationship": "Inner", "Scan Direction": "Forward", "Index Name": "person_id_aka_name", "Relation Name": "aka_name", "Alias": "an", "Startup Cost": 10000000000.0, "Total Cost": 1000006896503.43, "Plan Rows": 901342, "Plan Width": 20}]}, {"Node Type": "Index Scan", "Parent Relationship": "Inner", "Scan Direction": "Forward", "Index Name": "name_pkey", "Relation Name": "name", "Alias": "n", "Startup Cost": 10000000000.0, "Total Cost": 1000019707019.7, "Plan Rows": 96, "Plan Width": 4, "Filter": "(((name)::text ~~ '%Ang%'::text) AND ((gender)::text = 'f'::text))"}]}]}, "Unique SQL Id": 3431223514, "Planner Runtime": 228}, "explain_analyze_plan": null}, "(16, 96)": {"explain_plan": {"Plan": {"Node Type": "Aggregate", "Strategy": "Plain", "Startup Cost": 23236.72, "Total Cost": 23236.73, "Plan Rows": 1, "Plan Width": 145, "Plans": [{"Node Type": "Nested Loop", "Parent Relationship": "Outer", "Join Type": "Inner", "Startup Cost": 0.0, "Total Cost": 23236.71, "Plan Rows": 1, "Plan Width": 49, "Inner Unique": true, "Plans": [{"Node Type": "Nested Loop", "Parent Relationship": "Outer", "Join Type": "Inner", "Startup Cost": 0.0, "Total Cost": 23236.21, "Plan Rows": 1, "Plan Width": 40, "Inner Unique": true, "Plans": [{"Node Type": "Nested Loop", "Parent Relationship": "Outer", "Join Type": "Inner", "Startup Cost": 0.0, "Total Cost": 23235.56, "Plan Rows": 2, "Plan Width": 44, "Inner Unique": true, "Plans": [{"Node Type": "Nested Loop", "Parent Relationship": "Outer", "Join Type": "Inner", "Startup Cost": 0.0, "Total Cost": 23233.01, "Plan Rows": 5, "Plan Width": 32, "Inner Unique": false, "Plans": [{"Node Type": "Nested Loop", "Parent Relationship": "Outer", "Join Type": "Inner", "Startup Cost": 0.0, "Total Cost": 23227.4, "Plan Rows": 13, "Plan Width": 24, "Inner Unique": true, "Plans": [{"Node Type": "Nested Loop", "Parent Relationship": "Outer", "Join Type": "Inner", "Startup Cost": 0.0, "Total Cost": 23187.57, "Plan Rows": 141, "Plan Width": 28, "Inner Unique": false, "Join Filter": "(n.id = ci.person_id)", "Plans": [{"Node Type": "Nested Loop", "Parent Relationship": "Outer", "Join Type": "Inner", "Startup Cost": 0.0, "Total Cost": 22912.29, "Plan Rows": 115, "Plan Width": 24, "Inner Unique": false, "Plans": [{"Node Type": "Streaming(type: LOCAL GATHER dop: 1/16)", "Parent Relationship": "Outer", "Startup Cost": 0.0, "Total Cost": 22121.41, "Plan Rows": 96, "Plan Width": 4, "Plans": [{"Node Type": "Seq Scan", "Parent Relationship": "Outer", "Relation Name": "name", "Alias": "n", "Startup Cost": 0.0, "Total Cost": 22119.33, "Plan Rows": 96, "Plan Width": 4, "Filter": "(((name)::text ~~ '%Ang%'::text) AND ((gender)::text = 'f'::text))"}]}, {"Node Type": "Index Scan", "Parent Relationship": "Inner", "Scan Direction": "Forward", "Index Name": "person_id_aka_name", "Relation Name": "aka_name", "Alias": "an", "Startup Cost": 0.0, "Total Cost": 8.23, "Plan Rows": 1, "Plan Width": 20, "Index Cond": "(person_id = n.id)"}]}, {"Node Type": "Index Scan", "Parent Relationship": "Inner", "Scan Direction": "Forward", "Index Name": "person_id_cast_info", "Relation Name": "cast_info", "Alias": "ci", "Startup Cost": 0.0, "Total Cost": 2.38, "Plan Rows": 1, "Plan Width": 16, "Index Cond": "(person_id = an.person_id)", "Filter": "((note)::text = ANY ('{(voice),\"(voice: Japanese version)\",\"(voice) (uncredited)\",\"(voice: English version)\"}'::text[]))"}]}, {"Node Type": "Index Scan", "Parent Relationship": "Inner", "Scan Direction": "Forward", "Index Name": "role_type_pkey", "Relation Name": "role_type", "Alias": "rt", "Startup Cost": 0.0, "Total Cost": 0.27, "Plan Rows": 1, "Plan Width": 4, "Index Cond": "(id = ci.role_id)", "Filter": "((role)::text = 'actress'::text)"}]}, {"Node Type": "Index Scan", "Parent Relationship": "Inner", "Scan Direction": "Forward", "Index Name": "movie_id_movie_companies", "Relation Name": "movie_companies", "Alias": "mc", "Startup Cost": 0.0, "Total Cost": 0.42, "Plan Rows": 1, "Plan Width": 8, "Index Cond": "(movie_id = ci.movie_id)", "Filter": "((note IS NOT NULL) AND (((note)::text ~~ '%(USA)%'::text) OR ((note)::text ~~ '%(worldwide)%'::text)))"}]}, {"Node Type": "Index Scan", "Parent Relationship": "Inner", "Scan Direction": "Forward", "Index Name": "char_name_pkey", "Relation Name": "char_name", "Alias": "chn", "Startup Cost": 0.0, "Total Cost": 0.5, "Plan Rows": 1, "Plan Width": 20, "Index Cond": "(id = ci.person_role_id)"}]}, {"Node Type": "Index Scan", "Parent Relationship": "Inner", "Scan Direction": "Forward", "Index Name": "company_name_pkey", "Relation Name": "company_name", "Alias": "cn", "Startup Cost": 0.0, "Total Cost": 0.32, "Plan Rows": 1, "Plan Width": 4, "Index Cond": "(id = mc.company_id)", "Filter": "((country_code)::text = '[us]'::text)"}]}, {"Node Type": "Index Scan", "Parent Relationship": "Inner", "Scan Direction": "Forward", "Index Name": "title_pkey", "Relation Name": "title", "Alias": "t", "Startup Cost": 0.0, "Total Cost": 0.49, "Plan Rows": 1, "Plan Width": 21, "Index Cond": "(id = ci.movie_id)", "Filter": "((production_year >= 2005) AND (production_year <= 2015))"}]}]}, "Unique SQL Id": 3431223514, "Planner Runtime": 145}, "explain_analyze_plan": {"Plan": {"Node Type": "Aggregate", "Strategy": "Plain", "Startup Cost": 23236.72, "Total Cost": 23236.73, "Plan Rows": 1, "Plan Width": 145, "Actual Min Startup Time": 189.563, "Actual Max Startup Time": 189.563, "Actual Min Total Time": 189.564, "Actual Max Total Time": 189.564, "Plans": [{"Node Type": "Nested Loop", "Parent Relationship": "Outer", "Join Type": "Inner", "Startup Cost": 0.0, "Total Cost": 23236.71, "Plan Rows": 1, "Plan Width": 49, "Actual Min Startup Time": 69.69, "Actual Max Startup Time": 69.69, "Actual Min Total Time": 189.327, "Actual Max Total Time": 189.327, "Inner Unique": true, "Plans": [{"Node Type": "Nested Loop", "Parent Relationship": "Outer", "Join Type": "Inner", "Startup Cost": 0.0, "Total Cost": 23236.21, "Plan Rows": 1, "Plan Width": 40, "Actual Min Startup Time": 61.462, "Actual Max Startup Time": 61.462, "Actual Min Total Time": 187.482, "Actual Max Total Time": 187.482, "Inner Unique": true, "Plans": [{"Node Type": "Nested Loop", "Parent Relationship": "Outer", "Join Type": "Inner", "Startup Cost": 0.0, "Total Cost": 23235.56, "Plan Rows": 2, "Plan Width": 44, "Actual Min Startup Time": 61.442, "Actual Max Startup Time": 61.442, "Actual Min Total Time": 185.683, "Actual Max Total Time": 185.683, "Inner Unique": true, "Plans": [{"Node Type": "Nested Loop", "Parent Relationship": "Outer", "Join Type": "Inner", "Startup Cost": 0.0, "Total Cost": 23233.01, "Plan Rows": 5, "Plan Width": 32, "Actual Min Startup Time": 61.422, "Actual Max Startup Time": 61.422, "Actual Min Total Time": 183.916, "Actual Max Total Time": 183.916, "Inner Unique": false, "Plans": [{"Node Type": "Nested Loop", "Parent Relationship": "Outer", "Join Type": "Inner", "Startup Cost": 0.0, "Total Cost": 23227.4, "Plan Rows": 13, "Plan Width": 24, "Actual Min Startup Time": 60.102, "Actual Max Startup Time": 60.102, "Actual Min Total Time": 179.503, "Actual Max Total Time": 179.503, "Inner Unique": true, "Plans": [{"Node Type": "Nested Loop", "Parent Relationship": "Outer", "Join Type": "Inner", "Startup Cost": 0.0, "Total Cost": 23187.57, "Plan Rows": 141, "Plan Width": 28, "Actual Min Startup Time": 60.089, "Actual Max Startup Time": 60.089, "Actual Min Total Time": 178.229, "Actual Max Total Time": 178.229, "Inner Unique": false, "Join Filter": "(n.id = ci.person_id)", "Rows Removed by Join Filter": 0, "Plans": [{"Node Type": "Nested Loop", "Parent Relationship": "Outer", "Join Type": "Inner", "Startup Cost": 0.0, "Total Cost": 22912.29, "Plan Rows": 115, "Plan Width": 24, "Actual Min Startup Time": 58.801, "Actual Max Startup Time": 58.801, "Actual Min Total Time": 127.723, "Actual Max Total Time": 127.723, "Inner Unique": false, "Plans": [{"Node Type": "Streaming(type: LOCAL GATHER dop: 1/16)", "Parent Relationship": "Outer", "Startup Cost": 0.0, "Total Cost": 22121.41, "Plan Rows": 96, "Plan Width": 4, "Actual Min Startup Time": 58.724, "Actual Max Startup Time": 58.724, "Actual Min Total Time": 104.63, "Actual Max Total Time": 104.63, "Plans": [{"Node Type": "Seq Scan", "Parent Relationship": "Outer", "Relation Name": "name", "Alias": "n", "Startup Cost": 0.0, "Total Cost": 22119.33, "Plan Rows": 96, "Plan Width": 4, "Actual Min Startup Time": 40.745, "Actual Max Startup Time": 45.186, "Actual Min Total Time": 101.203, "Actual Max Total Time": 105.942, "Filter": "(((name)::text ~~ '%Ang%'::text) AND ((gender)::text = 'f'::text))", "Rows Removed by Filter": 4160722, "Actual Rows": 6768}], "Actual Rows": 6768}, {"Node Type": "Index Scan", "Parent Relationship": "Inner", "Scan Direction": "Forward", "Index Name": "person_id_aka_name", "Relation Name": "aka_name", "Alias": "an", "Startup Cost": 0.0, "Total Cost": 8.23, "Plan Rows": 1, "Plan Width": 20, "Actual Min Startup Time": 18.625, "Actual Max Startup Time": 18.625, "Actual Min Total Time": 19.445, "Actual Max Total Time": 19.445, "Index Cond": "(person_id = n.id)", "Rows Removed by Index Recheck": 0, "Actual Rows": 1558}], "Actual Rows": 1558}, {"Node Type": "Index Scan", "Parent Relationship": "Inner", "Scan Direction": "Forward", "Index Name": "person_id_cast_info", "Relation Name": "cast_info", "Alias": "ci", "Startup Cost": 0.0, "Total Cost": 2.38, "Plan Rows": 1, "Plan Width": 16, "Actual Min Startup Time": 44.65, "Actual Max Startup Time": 44.65, "Actual Min Total Time": 49.451, "Actual Max Total Time": 49.451, "Index Cond": "(person_id = an.person_id)", "Rows Removed by Index Recheck": 0, "Filter": "((note)::text = ANY ('{(voice),\"(voice: Japanese version)\",\"(voice) (uncredited)\",\"(voice: English version)\"}'::text[]))", "Rows Removed by Filter": 69057, "Actual Rows": 425}], "Actual Rows": 425}, {"Node Type": "Index Scan", "Parent Relationship": "Inner", "Scan Direction": "Forward", "Index Name": "role_type_pkey", "Relation Name": "role_type", "Alias": "rt", "Startup Cost": 0.0, "Total Cost": 0.27, "Plan Rows": 1, "Plan Width": 4, "Actual Min Startup Time": 0.858, "Actual Max Startup Time": 0.858, "Actual Min Total Time": 0.858, "Actual Max Total Time": 0.858, "Index Cond": "(id = ci.role_id)", "Rows Removed by Index Recheck": 0, "Filter": "((role)::text = 'actress'::text)", "Rows Removed by Filter": 0, "Actual Rows": 425}], "Actual Rows": 425}, {"Node Type": "Index Scan", "Parent Relationship": "Inner", "Scan Direction": "Forward", "Index Name": "movie_id_movie_companies", "Relation Name": "movie_companies", "Alias": "mc", "Startup Cost": 0.0, "Total Cost": 0.42, "Plan Rows": 1, "Plan Width": 8, "Actual Min Startup Time": 2.875, "Actual Max Startup Time": 2.875, "Actual Min Total Time": 4.052, "Actual Max Total Time": 4.052, "Index Cond": "(movie_id = ci.movie_id)", "Rows Removed by Index Recheck": 0, "Filter": "((note IS NOT NULL) AND (((note)::text ~~ '%(USA)%'::text) OR ((note)::text ~~ '%(worldwide)%'::text)))", "Rows Removed by Filter": 1538, "Actual Rows": 373}], "Actual Rows": 373}, {"Node Type": "Index Scan", "Parent Relationship": "Inner", "Scan Direction": "Forward", "Index Name": "char_name_pkey", "Relation Name": "char_name", "Alias": "chn", "Startup Cost": 0.0, "Total Cost": 0.5, "Plan Rows": 1, "Plan Width": 20, "Actual Min Startup Time": 1.399, "Actual Max Startup Time": 1.399, "Actual Min Total Time": 1.399, "Actual Max Total Time": 1.399, "Index Cond": "(id = ci.person_role_id)", "Rows Removed by Index Recheck": 0, "Actual Rows": 348}], "Actual Rows": 348}, {"Node Type": "Index Scan", "Parent Relationship": "Inner", "Scan Direction": "Forward", "Index Name": "company_name_pkey", "Relation Name": "company_name", "Alias": "cn", "Startup Cost": 0.0, "Total Cost": 0.32, "Plan Rows": 1, "Plan Width": 4, "Actual Min Startup Time": 1.447, "Actual Max Startup Time": 1.447, "Actual Min Total Time": 1.447, "Actual Max Total Time": 1.447, "Index Cond": "(id = mc.company_id)", "Rows Removed by Index Recheck": 0, "Filter": "((country_code)::text = '[us]'::text)", "Rows Removed by Filter": 7, "Actual Rows": 341}], "Actual Rows": 341}, {"Node Type": "Index Scan", "Parent Relationship": "Inner", "Scan Direction": "Forward", "Index Name": "title_pkey", "Relation Name": "title", "Alias": "t", "Startup Cost": 0.0, "Total Cost": 0.49, "Plan Rows": 1, "Plan Width": 21, "Actual Min Startup Time": 1.574, "Actual Max Startup Time": 1.574, "Actual Min Total Time": 1.574, "Actual Max Total Time": 1.574, "Index Cond": "(id = ci.movie_id)", "Rows Removed by Index Recheck": 0, "Filter": "((production_year >= 2005) AND (production_year <= 2015))", "Rows Removed by Filter": 220, "Actual Rows": 121}], "Actual Rows": 121}], "Actual Rows": 1}, "Triggers": [], "Planner Runtime": 146, "Total Runtime": 192.53, "Unique SQL Id": 3431223514}}, "(16, 97)": {"explain_plan": {"Plan": {"Node Type": "Aggregate", "Strategy": "Plain", "Startup Cost": 154581.71, "Total Cost": 154581.72, "Plan Rows": 1, "Plan Width": 145, "Plans": [{"Node Type": "Nested Loop", "Parent Relationship": "Outer", "Join Type": "Inner", "Startup Cost": 0.0, "Total Cost": 154581.7, "Plan Rows": 1, "Plan Width": 49, "Inner Unique": true, "Plans": [{"Node Type": "Nested Loop", "Parent Relationship": "Outer", "Join Type": "Inner", "Startup Cost": 0.0, "Total Cost": 154581.21, "Plan Rows": 1, "Plan Width": 40, "Inner Unique": true, "Plans": [{"Node Type": "Nested Loop", "Parent Relationship": "Outer", "Join Type": "Inner", "Startup Cost": 0.0, "Total Cost": 154580.19, "Plan Rows": 2, "Plan Width": 28, "Inner Unique": true, "Plans": [{"Node Type": "Nested Loop", "Parent Relationship": "Outer", "Join Type": "Inner", "Startup Cost": 0.0, "Total Cost": 154578.55, "Plan Rows": 5, "Plan Width": 32, "Inner Unique": false, "Plans": [{"Node Type": "Nested Loop", "Parent Relationship": "Outer", "Join Type": "Inner", "Startup Cost": 0.0, "Total Cost": 154572.94, "Plan Rows": 13, "Plan Width": 24, "Inner Unique": true, "Plans": [{"Node Type": "Nested Loop", "Parent Relationship": "Outer", "Join Type": "Inner", "Startup Cost": 0.0, "Total Cost": 154533.1, "Plan Rows": 141, "Plan Width": 28, "Inner Unique": false, "Join Filter": "(n.id = ci.person_id)", "Plans": [{"Node Type": "Nested Loop", "Parent Relationship": "Outer", "Join Type": "Inner", "Startup Cost": 0.0, "Total Cost": 154257.82, "Plan Rows": 115, "Plan Width": 24, "Inner Unique": false, "Plans": [{"Node Type": "Streaming(type: LOCAL GATHER dop: 1/16)", "Parent Relationship": "Outer", "Startup Cost": 0.0, "Total Cost": 153466.94, "Plan Rows": 96, "Plan Width": 4, "Plans": [{"Node Type": "Index Scan", "Parent Relationship": "Outer", "Scan Direction": "Forward", "Index Name": "name_pkey", "Relation Name": "name", "Alias": "n", "Startup Cost": 0.0, "Total Cost": 153464.87, "Plan Rows": 96, "Plan Width": 4, "Filter": "(((name)::text ~~ '%Ang%'::text) AND ((gender)::text = 'f'::text))"}]}, {"Node Type": "Index Scan", "Parent Relationship": "Inner", "Scan Direction": "Forward", "Index Name": "person_id_aka_name", "Relation Name": "aka_name", "Alias": "an", "Startup Cost": 0.0, "Total Cost": 8.23, "Plan Rows": 1, "Plan Width": 20, "Index Cond": "(person_id = n.id)"}]}, {"Node Type": "Index Scan", "Parent Relationship": "Inner", "Scan Direction": "Forward", "Index Name": "person_id_cast_info", "Relation Name": "cast_info", "Alias": "ci", "Startup Cost": 0.0, "Total Cost": 2.38, "Plan Rows": 1, "Plan Width": 16, "Index Cond": "(person_id = an.person_id)", "Filter": "((note)::text = ANY ('{(voice),\"(voice: Japanese version)\",\"(voice) (uncredited)\",\"(voice: English version)\"}'::text[]))"}]}, {"Node Type": "Index Scan", "Parent Relationship": "Inner", "Scan Direction": "Forward", "Index Name": "role_type_pkey", "Relation Name": "role_type", "Alias": "rt", "Startup Cost": 0.0, "Total Cost": 0.27, "Plan Rows": 1, "Plan Width": 4, "Index Cond": "(id = ci.role_id)", "Filter": "((role)::text = 'actress'::text)"}]}, {"Node Type": "Index Scan", "Parent Relationship": "Inner", "Scan Direction": "Forward", "Index Name": "movie_id_movie_companies", "Relation Name": "movie_companies", "Alias": "mc", "Startup Cost": 0.0, "Total Cost": 0.42, "Plan Rows": 1, "Plan Width": 8, "Index Cond": "(movie_id = ci.movie_id)", "Filter": "((note IS NOT NULL) AND (((note)::text ~~ '%(USA)%'::text) OR ((note)::text ~~ '%(worldwide)%'::text)))"}]}, {"Node Type": "Index Scan", "Parent Relationship": "Inner", "Scan Direction": "Forward", "Index Name": "company_name_pkey", "Relation Name": "company_name", "Alias": "cn", "Startup Cost": 0.0, "Total Cost": 0.32, "Plan Rows": 1, "Plan Width": 4, "Index Cond": "(id = mc.company_id)", "Filter": "((country_code)::text = '[us]'::text)"}]}, {"Node Type": "Index Scan", "Parent Relationship": "Inner", "Scan Direction": "Forward", "Index Name": "char_name_pkey", "Relation Name": "char_name", "Alias": "chn", "Startup Cost": 0.0, "Total Cost": 0.5, "Plan Rows": 1, "Plan Width": 20, "Index Cond": "(id = ci.person_role_id)"}]}, {"Node Type": "Index Scan", "Parent Relationship": "Inner", "Scan Direction": "Forward", "Index Name": "title_pkey", "Relation Name": "title", "Alias": "t", "Startup Cost": 0.0, "Total Cost": 0.49, "Plan Rows": 1, "Plan Width": 21, "Index Cond": "(id = ci.movie_id)", "Filter": "((production_year >= 2005) AND (production_year <= 2015))"}]}]}, "Unique SQL Id": 3431223514, "Planner Runtime": 60}, "explain_analyze_plan": {"Plan": {"Node Type": "Aggregate", "Strategy": "Plain", "Startup Cost": 154581.71, "Total Cost": 154581.72, "Plan Rows": 1, "Plan Width": 145, "Actual Min Startup Time": 320.416, "Actual Max Startup Time": 320.416, "Actual Min Total Time": 320.417, "Actual Max Total Time": 320.417, "Plans": [{"Node Type": "Nested Loop", "Parent Relationship": "Outer", "Join Type": "Inner", "Startup Cost": 0.0, "Total Cost": 154581.7, "Plan Rows": 1, "Plan Width": 49, "Actual Min Startup Time": 98.859, "Actual Max Startup Time": 98.859, "Actual Min Total Time": 320.124, "Actual Max Total Time": 320.124, "Inner Unique": true, "Plans": [{"Node Type": "Nested Loop", "Parent Relationship": "Outer", "Join Type": "Inner", "Startup Cost": 0.0, "Total Cost": 154581.21, "Plan Rows": 1, "Plan Width": 40, "Actual Min Startup Time": 67.906, "Actual Max Startup Time": 67.906, "Actual Min Total Time": 318.254, "Actual Max Total Time": 318.254, "Inner Unique": true, "Plans": [{"Node Type": "Nested Loop", "Parent Relationship": "Outer", "Join Type": "Inner", "Startup Cost": 0.0, "Total Cost": 154580.19, "Plan Rows": 2, "Plan Width": 28, "Actual Min Startup Time": 67.889, "Actual Max Startup Time": 67.889, "Actual Min Total Time": 316.485, "Actual Max Total Time": 316.485, "Inner Unique": true, "Plans": [{"Node Type": "Nested Loop", "Parent Relationship": "Outer", "Join Type": "Inner", "Startup Cost": 0.0, "Total Cost": 154578.55, "Plan Rows": 5, "Plan Width": 32, "Actual Min Startup Time": 67.87, "Actual Max Startup Time": 67.87, "Actual Min Total Time": 314.414, "Actual Max Total Time": 314.414, "Inner Unique": false, "Plans": [{"Node Type": "Nested Loop", "Parent Relationship": "Outer", "Join Type": "Inner", "Startup Cost": 0.0, "Total Cost": 154572.94, "Plan Rows": 13, "Plan Width": 24, "Actual Min Startup Time": 67.844, "Actual Max Startup Time": 67.844, "Actual Min Total Time": 309.954, "Actual Max Total Time": 309.954, "Inner Unique": true, "Plans": [{"Node Type": "Nested Loop", "Parent Relationship": "Outer", "Join Type": "Inner", "Startup Cost": 0.0, "Total Cost": 154533.1, "Plan Rows": 141, "Plan Width": 28, "Actual Min Startup Time": 67.832, "Actual Max Startup Time": 67.832, "Actual Min Total Time": 308.644, "Actual Max Total Time": 308.644, "Inner Unique": false, "Join Filter": "(n.id = ci.person_id)", "Rows Removed by Join Filter": 0, "Plans": [{"Node Type": "Nested Loop", "Parent Relationship": "Outer", "Join Type": "Inner", "Startup Cost": 0.0, "Total Cost": 154257.82, "Plan Rows": 115, "Plan Width": 24, "Actual Min Startup Time": 67.78, "Actual Max Startup Time": 67.78, "Actual Min Total Time": 258.301, "Actual Max Total Time": 258.301, "Inner Unique": false, "Plans": [{"Node Type": "Streaming(type: LOCAL GATHER dop: 1/16)", "Parent Relationship": "Outer", "Startup Cost": 0.0, "Total Cost": 153466.94, "Plan Rows": 96, "Plan Width": 4, "Actual Min Startup Time": 67.718, "Actual Max Startup Time": 67.718, "Actual Min Total Time": 235.399, "Actual Max Total Time": 235.399, "Plans": [{"Node Type": "Index Scan", "Parent Relationship": "Outer", "Scan Direction": "Forward", "Index Name": "name_pkey", "Relation Name": "name", "Alias": "n", "Startup Cost": 0.0, "Total Cost": 153464.87, "Plan Rows": 96, "Plan Width": 4, "Actual Min Startup Time": 36.308, "Actual Max Startup Time": 291.918, "Actual Min Total Time": 271.115, "Actual Max Total Time": 291.918, "Filter": "(((name)::text ~~ '%Ang%'::text) AND ((gender)::text = 'f'::text))", "Rows Removed by Filter": 4160722, "Actual Rows": 6768}], "Actual Rows": 6768}, {"Node Type": "Index Scan", "Parent Relationship": "Inner", "Scan Direction": "Forward", "Index Name": "person_id_aka_name", "Relation Name": "aka_name", "Alias": "an", "Startup Cost": 0.0, "Total Cost": 8.23, "Plan Rows": 1, "Plan Width": 20, "Actual Min Startup Time": 18.331, "Actual Max Startup Time": 18.331, "Actual Min Total Time": 19.18, "Actual Max Total Time": 19.18, "Index Cond": "(person_id = n.id)", "Rows Removed by Index Recheck": 0, "Actual Rows": 1558}], "Actual Rows": 1558}, {"Node Type": "Index Scan", "Parent Relationship": "Inner", "Scan Direction": "Forward", "Index Name": "person_id_cast_info", "Relation Name": "cast_info", "Alias": "ci", "Startup Cost": 0.0, "Total Cost": 2.38, "Plan Rows": 1, "Plan Width": 16, "Actual Min Startup Time": 44.414, "Actual Max Startup Time": 44.414, "Actual Min Total Time": 49.22, "Actual Max Total Time": 49.22, "Index Cond": "(person_id = an.person_id)", "Rows Removed by Index Recheck": 0, "Filter": "((note)::text = ANY ('{(voice),\"(voice: Japanese version)\",\"(voice) (uncredited)\",\"(voice: English version)\"}'::text[]))", "Rows Removed by Filter": 69057, "Actual Rows": 425}], "Actual Rows": 425}, {"Node Type": "Index Scan", "Parent Relationship": "Inner", "Scan Direction": "Forward", "Index Name": "role_type_pkey", "Relation Name": "role_type", "Alias": "rt", "Startup Cost": 0.0, "Total Cost": 0.27, "Plan Rows": 1, "Plan Width": 4, "Actual Min Startup Time": 0.857, "Actual Max Startup Time": 0.857, "Actual Min Total Time": 0.857, "Actual Max Total Time": 0.857, "Index Cond": "(id = ci.role_id)", "Rows Removed by Index Recheck": 0, "Filter": "((role)::text = 'actress'::text)", "Rows Removed by Filter": 0, "Actual Rows": 425}], "Actual Rows": 425}, {"Node Type": "Index Scan", "Parent Relationship": "Inner", "Scan Direction": "Forward", "Index Name": "movie_id_movie_companies", "Relation Name": "movie_companies", "Alias": "mc", "Startup Cost": 0.0, "Total Cost": 0.42, "Plan Rows": 1, "Plan Width": 8, "Actual Min Startup Time": 2.936, "Actual Max Startup Time": 2.936, "Actual Min Total Time": 4.116, "Actual Max Total Time": 4.116, "Index Cond": "(movie_id = ci.movie_id)", "Rows Removed by Index Recheck": 0, "Filter": "((note IS NOT NULL) AND (((note)::text ~~ '%(USA)%'::text) OR ((note)::text ~~ '%(worldwide)%'::text)))", "Rows Removed by Filter": 1538, "Actual Rows": 373}], "Actual Rows": 373}, {"Node Type": "Index Scan", "Parent Relationship": "Inner", "Scan Direction": "Forward", "Index Name": "company_name_pkey", "Relation Name": "company_name", "Alias": "cn", "Startup Cost": 0.0, "Total Cost": 0.32, "Plan Rows": 1, "Plan Width": 4, "Actual Min Startup Time": 1.683, "Actual Max Startup Time": 1.683, "Actual Min Total Time": 1.683, "Actual Max Total Time": 1.683, "Index Cond": "(id = mc.company_id)", "Rows Removed by Index Recheck": 0, "Filter": "((country_code)::text = '[us]'::text)", "Rows Removed by Filter": 14, "Actual Rows": 359}], "Actual Rows": 359}, {"Node Type": "Index Scan", "Parent Relationship": "Inner", "Scan Direction": "Forward", "Index Name": "char_name_pkey", "Relation Name": "char_name", "Alias": "chn", "Startup Cost": 0.0, "Total Cost": 0.5, "Plan Rows": 1, "Plan Width": 20, "Actual Min Startup Time": 1.371, "Actual Max Startup Time": 1.371, "Actual Min Total Time": 1.371, "Actual Max Total Time": 1.371, "Index Cond": "(id = ci.person_role_id)", "Rows Removed by Index Recheck": 0, "Actual Rows": 341}], "Actual Rows": 341}, {"Node Type": "Index Scan", "Parent Relationship": "Inner", "Scan Direction": "Forward", "Index Name": "title_pkey", "Relation Name": "title", "Alias": "t", "Startup Cost": 0.0, "Total Cost": 0.49, "Plan Rows": 1, "Plan Width": 21, "Actual Min Startup Time": 1.601, "Actual Max Startup Time": 1.601, "Actual Min Total Time": 1.601, "Actual Max Total Time": 1.601, "Index Cond": "(id = ci.movie_id)", "Rows Removed by Index Recheck": 0, "Filter": "((production_year >= 2005) AND (production_year <= 2015))", "Rows Removed by Filter": 220, "Actual Rows": 121}], "Actual Rows": 121}], "Actual Rows": 1}, "Triggers": [], "Planner Runtime": 40, "Total Runtime": 323.463, "Unique SQL Id": 3431223514}}, "(16, 98)": {"explain_plan": {"Plan": {"Node Type": "Aggregate", "Strategy": "Plain", "Startup Cost": 23622.71, "Total Cost": 23622.72, "Plan Rows": 1, "Plan Width": 145, "Plans": [{"Node Type": "Nested Loop", "Parent Relationship": "Outer", "Join Type": "Inner", "Startup Cost": 7.57, "Total Cost": 23622.7, "Plan Rows": 2, "Plan Width": 49, "Inner Unique": true, "Plans": [{"Node Type": "Nested Loop", "Parent Relationship": "Outer", "Join Type": "Inner", "Startup Cost": 7.27, "Total Cost": 23614.04, "Plan Rows": 2, "Plan Width": 40, "Inner Unique": true, "Plans": [{"Node Type": "Nested Loop", "Parent Relationship": "Outer", "Join Type": "Inner", "Startup Cost": 7.01, "Total Cost": 23605.46, "Plan Rows": 2, "Plan Width": 44, "Inner Unique": true, "Plans": [{"Node Type": "Nested Loop", "Parent Relationship": "Outer", "Join Type": "Inner", "Startup Cost": 6.69, "Total Cost": 23583.78, "Plan Rows": 5, "Plan Width": 32, "Inner Unique": false, "Plans": [{"Node Type": "Hash Join", "Parent Relationship": "Outer", "Join Type": "Inner", "Startup Cost": 6.38, "Total Cost": 23527.15, "Plan Rows": 13, "Plan Width": 24, "Inner Unique": true, "Hash Cond": "(ci.role_id = rt.id)", "Plans": [{"Node Type": "Nested Loop", "Parent Relationship": "Outer", "Join Type": "Inner", "Startup Cost": 5.22, "Total Cost": 23525.5, "Plan Rows": 141, "Plan Width": 28, "Inner Unique": false, "Join Filter": "(n.id = ci.person_id)", "Plans": [{"Node Type": "Nested Loop", "Parent Relationship": "Outer", "Join Type": "Inner", "Startup Cost": 4.22, "Total Cost": 22912.31, "Plan Rows": 115, "Plan Width": 24, "Inner Unique": false, "Plans": [{"Node Type": "Streaming(type: LOCAL GATHER dop: 1/16)", "Parent Relationship": "Outer", "Startup Cost": 0.0, "Total Cost": 22121.41, "Plan Rows": 96, "Plan Width": 4, "Plans": [{"Node Type": "Seq Scan", "Parent Relationship": "Outer", "Relation Name": "name", "Alias": "n", "Startup Cost": 0.0, "Total Cost": 22119.33, "Plan Rows": 96, "Plan Width": 4, "Filter": "(((name)::text ~~ '%Ang%'::text) AND ((gender)::text = 'f'::text))"}]}, {"Node Type": "Bitmap Heap Scan", "Parent Relationship": "Inner", "Relation Name": "aka_name", "Alias": "an", "Startup Cost": 4.22, "Total Cost": 8.23, "Plan Rows": 1, "Plan Width": 20, "Recheck Cond": "(person_id = n.id)", "Plans": [{"Node Type": "Bitmap Index Scan", "Parent Relationship": "Outer", "Index Name": "person_id_aka_name", "Startup Cost": 0.0, "Total Cost": 4.22, "Plan Rows": 1, "Plan Width": 0, "Index Cond": "(person_id = n.id)"}]}]}, {"Node Type": "Bitmap Heap Scan", "Parent Relationship": "Inner", "Relation Name": "cast_info", "Alias": "ci", "Startup Cost": 1.0, "Total Cost": 5.32, "Plan Rows": 1, "Plan Width": 16, "Recheck Cond": "(person_id = an.person_id)", "Filter": "((note)::text = ANY ('{(voice),\"(voice: Japanese version)\",\"(voice) (uncredited)\",\"(voice: English version)\"}'::text[]))", "Plans": [{"Node Type": "Bitmap Index Scan", "Parent Relationship": "Outer", "Index Name": "person_id_cast_info", "Startup Cost": 0.0, "Total Cost": 1.0, "Plan Rows": 18, "Plan Width": 0, "Index Cond": "(person_id = an.person_id)"}]}]}, {"Node Type": "Hash", "Parent Relationship": "Inner", "Startup Cost": 1.15, "Total Cost": 1.15, "Plan Rows": 1, "Plan Width": 4, "Plans": [{"Node Type": "Seq Scan", "Parent Relationship": "Outer", "Relation Name": "role_type", "Alias": "rt", "Startup Cost": 0.0, "Total Cost": 1.15, "Plan Rows": 1, "Plan Width": 4, "Filter": "((role)::text = 'actress'::text)"}]}]}, {"Node Type": "Bitmap Heap Scan", "Parent Relationship": "Inner", "Relation Name": "movie_companies", "Alias": "mc", "Startup Cost": 0.31, "Total Cost": 4.35, "Plan Rows": 1, "Plan Width": 8, "Recheck Cond": "(movie_id = ci.movie_id)", "Filter": "((note IS NOT NULL) AND (((note)::text ~~ '%(USA)%'::text) OR ((note)::text ~~ '%(worldwide)%'::text)))", "Plans": [{"Node Type": "Bitmap Index Scan", "Parent Relationship": "Outer", "Index Name": "movie_id_movie_companies", "Startup Cost": 0.0, "Total Cost": 0.31, "Plan Rows": 2, "Plan Width": 0, "Index Cond": "(movie_id = ci.movie_id)"}]}]}, {"Node Type": "Bitmap Heap Scan", "Parent Relationship": "Inner", "Relation Name": "char_name", "Alias": "chn", "Startup Cost": 0.31, "Total Cost": 4.33, "Plan Rows": 1, "Plan Width": 20, "Recheck Cond": "(id = ci.person_role_id)", "Plans": [{"Node Type": "Bitmap Index Scan", "Parent Relationship": "Outer", "Index Name": "char_name_pkey", "Startup Cost": 0.0, "Total Cost": 0.31, "Plan Rows": 1, "Plan Width": 0, "Index Cond": "(id = ci.person_role_id)"}]}]}, {"Node Type": "Bitmap Heap Scan", "Parent Relationship": "Inner", "Relation Name": "company_name", "Alias": "cn", "Startup Cost": 0.26, "Total Cost": 4.28, "Plan Rows": 1, "Plan Width": 4, "Recheck Cond": "(id = mc.company_id)", "Filter": "((country_code)::text = '[us]'::text)", "Plans": [{"Node Type": "Bitmap Index Scan", "Parent Relationship": "Outer", "Index Name": "company_name_pkey", "Startup Cost": 0.0, "Total Cost": 0.26, "Plan Rows": 1, "Plan Width": 0, "Index Cond": "(id = mc.company_id)"}]}]}, {"Node Type": "Bitmap Heap Scan", "Parent Relationship": "Inner", "Relation Name": "title", "Alias": "t", "Startup Cost": 0.3, "Total Cost": 4.32, "Plan Rows": 1, "Plan Width": 21, "Recheck Cond": "(id = ci.movie_id)", "Filter": "((production_year >= 2005) AND (production_year <= 2015))", "Plans": [{"Node Type": "Bitmap Index Scan", "Parent Relationship": "Outer", "Index Name": "title_pkey", "Startup Cost": 0.0, "Total Cost": 0.3, "Plan Rows": 1, "Plan Width": 0, "Index Cond": "(id = ci.movie_id)"}]}]}]}, "Unique SQL Id": 3431223514, "Planner Runtime": 245}, "explain_analyze_plan": {"Plan": {"Node Type": "Aggregate", "Strategy": "Plain", "Startup Cost": 23622.71, "Total Cost": 23622.72, "Plan Rows": 1, "Plan Width": 145, "Actual Min Startup Time": 198.585, "Actual Max Startup Time": 198.585, "Actual Min Total Time": 198.585, "Actual Max Total Time": 198.585, "Plans": [{"Node Type": "Nested Loop", "Parent Relationship": "Outer", "Join Type": "Inner", "Startup Cost": 7.57, "Total Cost": 23622.7, "Plan Rows": 2, "Plan Width": 49, "Actual Min Startup Time": 63.257, "Actual Max Startup Time": 63.257, "Actual Min Total Time": 198.297, "Actual Max Total Time": 198.297, "Inner Unique": true, "Plans": [{"Node Type": "Nested Loop", "Parent Relationship": "Outer", "Join Type": "Inner", "Startup Cost": 7.27, "Total Cost": 23614.04, "Plan Rows": 2, "Plan Width": 40, "Actual Min Startup Time": 60.628, "Actual Max Startup Time": 60.628, "Actual Min Total Time": 195.944, "Actual Max Total Time": 195.944, "Inner Unique": true, "Plans": [{"Node Type": "Nested Loop", "Parent Relationship": "Outer", "Join Type": "Inner", "Startup Cost": 7.01, "Total Cost": 23605.46, "Plan Rows": 2, "Plan Width": 44, "Actual Min Startup Time": 60.605, "Actual Max Startup Time": 60.605, "Actual Min Total Time": 193.592, "Actual Max Total Time": 193.592, "Inner Unique": true, "Plans": [{"Node Type": "Nested Loop", "Parent Relationship": "Outer", "Join Type": "Inner", "Startup Cost": 6.69, "Total Cost": 23583.78, "Plan Rows": 5, "Plan Width": 32, "Actual Min Startup Time": 60.582, "Actual Max Startup Time": 60.582, "Actual Min Total Time": 191.17, "Actual Max Total Time": 191.17, "Inner Unique": false, "Plans": [{"Node Type": "Hash Join", "Parent Relationship": "Outer", "Join Type": "Inner", "Startup Cost": 6.38, "Total Cost": 23527.15, "Plan Rows": 13, "Plan Width": 24, "Actual Min Startup Time": 59.008, "Actual Max Startup Time": 59.008, "Actual Min Total Time": 185.248, "Actual Max Total Time": 185.248, "Inner Unique": true, "Hash Cond": "(ci.role_id = rt.id)", "Plans": [{"Node Type": "Nested Loop", "Parent Relationship": "Outer", "Join Type": "Inner", "Startup Cost": 5.22, "Total Cost": 23525.5, "Plan Rows": 141, "Plan Width": 28, "Actual Min Startup Time": 58.887, "Actual Max Startup Time": 58.887, "Actual Min Total Time": 184.819, "Actual Max Total Time": 184.819, "Inner Unique": false, "Join Filter": "(n.id = ci.person_id)", "Rows Removed by Join Filter": 0, "Plans": [{"Node Type": "Nested Loop", "Parent Relationship": "Outer", "Join Type": "Inner", "Startup Cost": 4.22, "Total Cost": 22912.31, "Plan Rows": 115, "Plan Width": 24, "Actual Min Startup Time": 57.317, "Actual Max Startup Time": 57.317, "Actual Min Total Time": 133.405, "Actual Max Total Time": 133.405, "Inner Unique": false, "Plans": [{"Node Type": "Streaming(type: LOCAL GATHER dop: 1/16)", "Parent Relationship": "Outer", "Startup Cost": 0.0, "Total Cost": 22121.41, "Plan Rows": 96, "Plan Width": 4, "Actual Min Startup Time": 57.218, "Actual Max Startup Time": 57.218, "Actual Min Total Time": 101.844, "Actual Max Total Time": 101.844, "Plans": [{"Node Type": "Seq Scan", "Parent Relationship": "Outer", "Relation Name": "name", "Alias": "n", "Startup Cost": 0.0, "Total Cost": 22119.33, "Plan Rows": 96, "Plan Width": 4, "Actual Min Startup Time": 40.619, "Actual Max Startup Time": 46.277, "Actual Min Total Time": 101.138, "Actual Max Total Time": 107.411, "Filter": "(((name)::text ~~ '%Ang%'::text) AND ((gender)::text = 'f'::text))", "Rows Removed by Filter": 4160722, "Actual Rows": 6768}], "Actual Rows": 6768}, {"Node Type": "Bitmap Heap Scan", "Parent Relationship": "Inner", "Relation Name": "aka_name", "Alias": "an", "Startup Cost": 4.22, "Total Cost": 8.23, "Plan Rows": 1, "Plan Width": 20, "Actual Min Startup Time": 23.423, "Actual Max Startup Time": 23.423, "Actual Min Total Time": 23.939, "Actual Max Total Time": 23.939, "Recheck Cond": "(person_id = n.id)", "Rows Removed by Index Recheck": 0, "Exact Heap Blocks": 1014, "Lossy Heap Blocks": 1014, "Plans": [{"Node Type": "Bitmap Index Scan", "Parent Relationship": "Outer", "Index Name": "person_id_aka_name", "Startup Cost": 0.0, "Total Cost": 4.22, "Plan Rows": 1, "Plan Width": 0, "Actual Min Startup Time": 18.273, "Actual Max Startup Time": 18.273, "Actual Min Total Time": 18.273, "Actual Max Total Time": 18.273, "Index Cond": "(person_id = n.id)", "Actual Rows": 1558}], "Actual Rows": 1558}], "Actual Rows": 1558}, {"Node Type": "Bitmap Heap Scan", "Parent Relationship": "Inner", "Relation Name": "cast_info", "Alias": "ci", "Startup Cost": 1.0, "Total Cost": 5.32, "Plan Rows": 1, "Plan Width": 16, "Actual Min Startup Time": 45.926, "Actual Max Startup Time": 45.926, "Actual Min Total Time": 49.196, "Actual Max Total Time": 49.196, "Recheck Cond": "(person_id = an.person_id)", "Rows Removed by Index Recheck": 0, "Filter": "((note)::text = ANY ('{(voice),\"(voice: Japanese version)\",\"(voice) (uncredited)\",\"(voice: English version)\"}'::text[]))", "Rows Removed by Filter": 69057, "Exact Heap Blocks": 2627, "Lossy Heap Blocks": 2627, "Plans": [{"Node Type": "Bitmap Index Scan", "Parent Relationship": "Outer", "Index Name": "person_id_cast_info", "Startup Cost": 0.0, "Total Cost": 1.0, "Plan Rows": 18, "Plan Width": 0, "Actual Min Startup Time": 14.75, "Actual Max Startup Time": 14.75, "Actual Min Total Time": 14.75, "Actual Max Total Time": 14.75, "Index Cond": "(person_id = an.person_id)", "Actual Rows": 69482}], "Actual Rows": 425}], "Actual Rows": 425}, {"Node Type": "Hash", "Parent Relationship": "Inner", "Startup Cost": 1.15, "Total Cost": 1.15, "Plan Rows": 1, "Plan Width": 4, "Actual Min Startup Time": 0.053, "Actual Max Startup Time": 0.053, "Actual Min Total Time": 0.053, "Actual Max Total Time": 0.053, "Max Hash Buckets": 32768, "Min Hash Buckets": 32768, "Max Hash Batches": 1, "Min Hash Batches": 1, "Max Original Hash Batches": 1, "Min Original Hash Batches": 1, "Max Peak Memory Usage": 1, "min Peak Memory Usage": 1, "Plans": [{"Node Type": "Seq Scan", "Parent Relationship": "Outer", "Relation Name": "role_type", "Alias": "rt", "Startup Cost": 0.0, "Total Cost": 1.15, "Plan Rows": 1, "Plan Width": 4, "Actual Min Startup Time": 0.039, "Actual Max Startup Time": 0.039, "Actual Min Total Time": 0.043, "Actual Max Total Time": 0.043, "Filter": "((role)::text = 'actress'::text)", "Rows Removed by Filter": 11, "Actual Rows": 1}], "Actual Rows": 1}], "Actual Rows": 425}, {"Node Type": "Bitmap Heap Scan", "Parent Relationship": "Inner", "Relation Name": "movie_companies", "Alias": "mc", "Startup Cost": 0.31, "Total Cost": 4.35, "Plan Rows": 1, "Plan Width": 8, "Actual Min Startup Time": 4.196, "Actual Max Startup Time": 4.196, "Actual Min Total Time": 5.158, "Actual Max Total Time": 5.158, "Recheck Cond": "(movie_id = ci.movie_id)", "Rows Removed by Index Recheck": 0, "Filter": "((note IS NOT NULL) AND (((note)::text ~~ '%(USA)%'::text) OR ((note)::text ~~ '%(worldwide)%'::text)))", "Rows Removed by Filter": 1538, "Exact Heap Blocks": 580, "Lossy Heap Blocks": 580, "Plans": [{"Node Type": "Bitmap Index Scan", "Parent Relationship": "Outer", "Index Name": "movie_id_movie_companies", "Startup Cost": 0.0, "Total Cost": 0.31, "Plan Rows": 2, "Plan Width": 0, "Actual Min Startup Time": 2.165, "Actual Max Startup Time": 2.165, "Actual Min Total Time": 2.165, "Actual Max Total Time": 2.165, "Index Cond": "(movie_id = ci.movie_id)", "Actual Rows": 1911}], "Actual Rows": 373}], "Actual Rows": 373}, {"Node Type": "Bitmap Heap Scan", "Parent Relationship": "Inner", "Relation Name": "char_name", "Alias": "chn", "Startup Cost": 0.31, "Total Cost": 4.33, "Plan Rows": 1, "Plan Width": 20, "Actual Min Startup Time": 1.85, "Actual Max Startup Time": 1.85, "Actual Min Total Time": 1.85, "Actual Max Total Time": 1.85, "Recheck Cond": "(id = ci.person_role_id)", "Rows Removed by Index Recheck": 0, "Exact Heap Blocks": 348, "Lossy Heap Blocks": 348, "Plans": [{"Node Type": "Bitmap Index Scan", "Parent Relationship": "Outer", "Index Name": "char_name_pkey", "Startup Cost": 0.0, "Total Cost": 0.31, "Plan Rows": 1, "Plan Width": 0, "Actual Min Startup Time": 1.209, "Actual Max Startup Time": 1.209, "Actual Min Total Time": 1.209, "Actual Max Total Time": 1.209, "Index Cond": "(id = ci.person_role_id)", "Actual Rows": 348}], "Actual Rows": 348}], "Actual Rows": 348}, {"Node Type": "Bitmap Heap Scan", "Parent Relationship": "Inner", "Relation Name": "company_name", "Alias": "cn", "Startup Cost": 0.26, "Total Cost": 4.28, "Plan Rows": 1, "Plan Width": 4, "Actual Min Startup Time": 1.833, "Actual Max Startup Time": 1.833, "Actual Min Total Time": 1.833, "Actual Max Total Time": 1.833, "Recheck Cond": "(id = mc.company_id)", "Rows Removed by Index Recheck": 0, "Filter": "((country_code)::text = '[us]'::text)", "Rows Removed by Filter": 7, "Exact Heap Blocks": 348, "Lossy Heap Blocks": 348, "Plans": [{"Node Type": "Bitmap Index Scan", "Parent Relationship": "Outer", "Index Name": "company_name_pkey", "Startup Cost": 0.0, "Total Cost": 0.26, "Plan Rows": 1, "Plan Width": 0, "Actual Min Startup Time": 1.053, "Actual Max Startup Time": 1.053, "Actual Min Total Time": 1.053, "Actual Max Total Time": 1.053, "Index Cond": "(id = mc.company_id)", "Actual Rows": 348}], "Actual Rows": 341}], "Actual Rows": 341}, {"Node Type": "Bitmap Heap Scan", "Parent Relationship": "Inner", "Relation Name": "title", "Alias": "t", "Startup Cost": 0.3, "Total Cost": 4.32, "Plan Rows": 1, "Plan Width": 21, "Actual Min Startup Time": 1.866, "Actual Max Startup Time": 1.866, "Actual Min Total Time": 1.866, "Actual Max Total Time": 1.866, "Recheck Cond": "(id = ci.movie_id)", "Rows Removed by Index Recheck": 0, "Filter": "((production_year >= 2005) AND (production_year <= 2015))", "Rows Removed by Filter": 220, "Exact Heap Blocks": 341, "Lossy Heap Blocks": 341, "Plans": [{"Node Type": "Bitmap Index Scan", "Parent Relationship": "Outer", "Index Name": "title_pkey", "Startup Cost": 0.0, "Total Cost": 0.3, "Plan Rows": 1, "Plan Width": 0, "Actual Min Startup Time": 1.103, "Actual Max Startup Time": 1.103, "Actual Min Total Time": 1.103, "Actual Max Total Time": 1.103, "Index Cond": "(id = ci.movie_id)", "Actual Rows": 341}], "Actual Rows": 121}], "Actual Rows": 121}], "Actual Rows": 1}, "Triggers": [], "Planner Runtime": 245, "Total Runtime": 201.654, "Unique SQL Id": 3431223514}}, "(16, 99)": {"explain_plan": {"Plan": {"Node Type": "Aggregate", "Strategy": "Plain", "Startup Cost": 199166.12, "Total Cost": 199166.13, "Plan Rows": 1, "Plan Width": 145, "Plans": [{"Node Type": "Nested Loop", "Parent Relationship": "Outer", "Join Type": "Inner", "Startup Cost": 83164.39, "Total Cost": 199166.11, "Plan Rows": 1, "Plan Width": 49, "Inner Unique": true, "Plans": [{"Node Type": "Nested Loop", "Parent Relationship": "Outer", "Join Type": "Inner", "Startup Cost": 83164.09, "Total Cost": 199161.78, "Plan Rows": 1, "Plan Width": 40, "Inner Unique": true, "Plans": [{"Node Type": "Nested Loop", "Parent Relationship": "Outer", "Join Type": "Inner", "Startup Cost": 83163.78, "Total Cost": 199153.11, "Plan Rows": 2, "Plan Width": 28, "Inner Unique": true, "Plans": [{"Node Type": "Nested Loop", "Parent Relationship": "Outer", "Join Type": "Inner", "Startup Cost": 83163.51, "Total Cost": 199131.67, "Plan Rows": 5, "Plan Width": 32, "Inner Unique": false, "Plans": [{"Node Type": "Nested Loop", "Parent Relationship": "Outer", "Join Type": "Inner", "Startup Cost": 83163.2, "Total Cost": 199075.04, "Plan Rows": 13, "Plan Width": 24, "Inner Unique": true, "Plans": [{"Node Type": "Nested Loop", "Parent Relationship": "Outer", "Join Type": "Inner", "Startup Cost": 83162.94, "Total Cost": 198471.17, "Plan Rows": 141, "Plan Width": 28, "Inner Unique": false, "Join Filter": "(n.id = ci.person_id)", "Plans": [{"Node Type": "Nested Loop", "Parent Relationship": "Outer", "Join Type": "Inner", "Startup Cost": 83161.94, "Total Cost": 197857.98, "Plan Rows": 115, "Plan Width": 24, "Inner Unique": false, "Plans": [{"Node Type": "Bitmap Heap Scan", "Parent Relationship": "Outer", "Relation Name": "name", "Alias": "n", "Startup Cost": 83157.72, "Total Cost": 197067.07, "Plan Rows": 96, "Plan Width": 4, "Filter": "(((name)::text ~~ '%Ang%'::text) AND ((gender)::text = 'f'::text))", "Plans": [{"Node Type": "Bitmap Index Scan", "Parent Relationship": "Outer", "Index Name": "name_pkey", "Startup Cost": 0.0, "Total Cost": 83157.7, "Plan Rows": 4167490, "Plan Width": 0}]}, {"Node Type": "Bitmap Heap Scan", "Parent Relationship": "Inner", "Relation Name": "aka_name", "Alias": "an", "Startup Cost": 4.22, "Total Cost": 8.23, "Plan Rows": 1, "Plan Width": 20, "Recheck Cond": "(person_id = n.id)", "Plans": [{"Node Type": "Bitmap Index Scan", "Parent Relationship": "Outer", "Index Name": "person_id_aka_name", "Startup Cost": 0.0, "Total Cost": 4.22, "Plan Rows": 1, "Plan Width": 0, "Index Cond": "(person_id = n.id)"}]}]}, {"Node Type": "Bitmap Heap Scan", "Parent Relationship": "Inner", "Relation Name": "cast_info", "Alias": "ci", "Startup Cost": 1.0, "Total Cost": 5.32, "Plan Rows": 1, "Plan Width": 16, "Recheck Cond": "(person_id = an.person_id)", "Filter": "((note)::text = ANY ('{(voice),\"(voice: Japanese version)\",\"(voice) (uncredited)\",\"(voice: English version)\"}'::text[]))", "Plans": [{"Node Type": "Bitmap Index Scan", "Parent Relationship": "Outer", "Index Name": "person_id_cast_info", "Startup Cost": 0.0, "Total Cost": 1.0, "Plan Rows": 18, "Plan Width": 0, "Index Cond": "(person_id = an.person_id)"}]}]}, {"Node Type": "Bitmap Heap Scan", "Parent Relationship": "Inner", "Relation Name": "role_type", "Alias": "rt", "Startup Cost": 0.26, "Total Cost": 4.27, "Plan Rows": 1, "Plan Width": 4, "Recheck Cond": "(id = ci.role_id)", "Filter": "((role)::text = 'actress'::text)", "Plans": [{"Node Type": "Bitmap Index Scan", "Parent Relationship": "Outer", "Index Name": "role_type_pkey", "Startup Cost": 0.0, "Total Cost": 0.26, "Plan Rows": 1, "Plan Width": 0, "Index Cond": "(id = ci.role_id)"}]}]}, {"Node Type": "Bitmap Heap Scan", "Parent Relationship": "Inner", "Relation Name": "movie_companies", "Alias": "mc", "Startup Cost": 0.31, "Total Cost": 4.35, "Plan Rows": 1, "Plan Width": 8, "Recheck Cond": "(movie_id = ci.movie_id)", "Filter": "((note IS NOT NULL) AND (((note)::text ~~ '%(USA)%'::text) OR ((note)::text ~~ '%(worldwide)%'::text)))", "Plans": [{"Node Type": "Bitmap Index Scan", "Parent Relationship": "Outer", "Index Name": "movie_id_movie_companies", "Startup Cost": 0.0, "Total Cost": 0.31, "Plan Rows": 2, "Plan Width": 0, "Index Cond": "(movie_id = ci.movie_id)"}]}]}, {"Node Type": "Bitmap Heap Scan", "Parent Relationship": "Inner", "Relation Name": "company_name", "Alias": "cn", "Startup Cost": 0.26, "Total Cost": 4.28, "Plan Rows": 1, "Plan Width": 4, "Recheck Cond": "(id = mc.company_id)", "Filter": "((country_code)::text = '[us]'::text)", "Plans": [{"Node Type": "Bitmap Index Scan", "Parent Relationship": "Outer", "Index Name": "company_name_pkey", "Startup Cost": 0.0, "Total Cost": 0.26, "Plan Rows": 1, "Plan Width": 0, "Index Cond": "(id = mc.company_id)"}]}]}, {"Node Type": "Bitmap Heap Scan", "Parent Relationship": "Inner", "Relation Name": "char_name", "Alias": "chn", "Startup Cost": 0.31, "Total Cost": 4.33, "Plan Rows": 1, "Plan Width": 20, "Recheck Cond": "(id = ci.person_role_id)", "Plans": [{"Node Type": "Bitmap Index Scan", "Parent Relationship": "Outer", "Index Name": "char_name_pkey", "Startup Cost": 0.0, "Total Cost": 0.31, "Plan Rows": 1, "Plan Width": 0, "Index Cond": "(id = ci.person_role_id)"}]}]}, {"Node Type": "Bitmap Heap Scan", "Parent Relationship": "Inner", "Relation Name": "title", "Alias": "t", "Startup Cost": 0.3, "Total Cost": 4.32, "Plan Rows": 1, "Plan Width": 21, "Recheck Cond": "(id = ci.movie_id)", "Filter": "((production_year >= 2005) AND (production_year <= 2015))", "Plans": [{"Node Type": "Bitmap Index Scan", "Parent Relationship": "Outer", "Index Name": "title_pkey", "Startup Cost": 0.0, "Total Cost": 0.3, "Plan Rows": 1, "Plan Width": 0, "Index Cond": "(id = ci.movie_id)"}]}]}]}, "Unique SQL Id": 3431223514, "Planner Runtime": 50}, "explain_analyze_plan": null}, "(16, 100)": {"explain_plan": {"Plan": {"Node Type": "Aggregate", "Strategy": "Plain", "Startup Cost": 23236.72, "Total Cost": 23236.73, "Plan Rows": 1, "Plan Width": 145, "Plans": [{"Node Type": "Nested Loop", "Parent Relationship": "Outer", "Join Type": "Inner", "Startup Cost": 0.0, "Total Cost": 23236.71, "Plan Rows": 1, "Plan Width": 49, "Inner Unique": true, "Plans": [{"Node Type": "Nested Loop", "Parent Relationship": "Outer", "Join Type": "Inner", "Startup Cost": 0.0, "Total Cost": 23236.21, "Plan Rows": 1, "Plan Width": 40, "Inner Unique": true, "Plans": [{"Node Type": "Nested Loop", "Parent Relationship": "Outer", "Join Type": "Inner", "Startup Cost": 0.0, "Total Cost": 23235.56, "Plan Rows": 2, "Plan Width": 44, "Inner Unique": true, "Plans": [{"Node Type": "Nested Loop", "Parent Relationship": "Outer", "Join Type": "Inner", "Startup Cost": 0.0, "Total Cost": 23233.01, "Plan Rows": 5, "Plan Width": 32, "Inner Unique": false, "Plans": [{"Node Type": "Nested Loop", "Parent Relationship": "Outer", "Join Type": "Inner", "Startup Cost": 0.0, "Total Cost": 23227.4, "Plan Rows": 13, "Plan Width": 24, "Inner Unique": true, "Plans": [{"Node Type": "Nested Loop", "Parent Relationship": "Outer", "Join Type": "Inner", "Startup Cost": 0.0, "Total Cost": 23187.57, "Plan Rows": 141, "Plan Width": 28, "Inner Unique": false, "Join Filter": "(n.id = ci.person_id)", "Plans": [{"Node Type": "Nested Loop", "Parent Relationship": "Outer", "Join Type": "Inner", "Startup Cost": 0.0, "Total Cost": 22912.29, "Plan Rows": 115, "Plan Width": 24, "Inner Unique": false, "Plans": [{"Node Type": "Streaming(type: LOCAL GATHER dop: 1/16)", "Parent Relationship": "Outer", "Startup Cost": 0.0, "Total Cost": 22121.41, "Plan Rows": 96, "Plan Width": 4, "Plans": [{"Node Type": "Seq Scan", "Parent Relationship": "Outer", "Relation Name": "name", "Alias": "n", "Startup Cost": 0.0, "Total Cost": 22119.33, "Plan Rows": 96, "Plan Width": 4, "Filter": "(((name)::text ~~ '%Ang%'::text) AND ((gender)::text = 'f'::text))"}]}, {"Node Type": "Index Scan", "Parent Relationship": "Inner", "Scan Direction": "Forward", "Index Name": "person_id_aka_name", "Relation Name": "aka_name", "Alias": "an", "Startup Cost": 0.0, "Total Cost": 8.23, "Plan Rows": 1, "Plan Width": 20, "Index Cond": "(person_id = n.id)"}]}, {"Node Type": "Index Scan", "Parent Relationship": "Inner", "Scan Direction": "Forward", "Index Name": "person_id_cast_info", "Relation Name": "cast_info", "Alias": "ci", "Startup Cost": 0.0, "Total Cost": 2.38, "Plan Rows": 1, "Plan Width": 16, "Index Cond": "(person_id = an.person_id)", "Filter": "((note)::text = ANY ('{(voice),\"(voice: Japanese version)\",\"(voice) (uncredited)\",\"(voice: English version)\"}'::text[]))"}]}, {"Node Type": "Index Scan", "Parent Relationship": "Inner", "Scan Direction": "Forward", "Index Name": "role_type_pkey", "Relation Name": "role_type", "Alias": "rt", "Startup Cost": 0.0, "Total Cost": 0.27, "Plan Rows": 1, "Plan Width": 4, "Index Cond": "(id = ci.role_id)", "Filter": "((role)::text = 'actress'::text)"}]}, {"Node Type": "Index Scan", "Parent Relationship": "Inner", "Scan Direction": "Forward", "Index Name": "movie_id_movie_companies", "Relation Name": "movie_companies", "Alias": "mc", "Startup Cost": 0.0, "Total Cost": 0.42, "Plan Rows": 1, "Plan Width": 8, "Index Cond": "(movie_id = ci.movie_id)", "Filter": "((note IS NOT NULL) AND (((note)::text ~~ '%(USA)%'::text) OR ((note)::text ~~ '%(worldwide)%'::text)))"}]}, {"Node Type": "Index Scan", "Parent Relationship": "Inner", "Scan Direction": "Forward", "Index Name": "char_name_pkey", "Relation Name": "char_name", "Alias": "chn", "Startup Cost": 0.0, "Total Cost": 0.5, "Plan Rows": 1, "Plan Width": 20, "Index Cond": "(id = ci.person_role_id)"}]}, {"Node Type": "Index Scan", "Parent Relationship": "Inner", "Scan Direction": "Forward", "Index Name": "company_name_pkey", "Relation Name": "company_name", "Alias": "cn", "Startup Cost": 0.0, "Total Cost": 0.32, "Plan Rows": 1, "Plan Width": 4, "Index Cond": "(id = mc.company_id)", "Filter": "((country_code)::text = '[us]'::text)"}]}, {"Node Type": "Index Scan", "Parent Relationship": "Inner", "Scan Direction": "Forward", "Index Name": "title_pkey", "Relation Name": "title", "Alias": "t", "Startup Cost": 0.0, "Total Cost": 0.49, "Plan Rows": 1, "Plan Width": 21, "Index Cond": "(id = ci.movie_id)", "Filter": "((production_year >= 2005) AND (production_year <= 2015))"}]}]}, "Unique SQL Id": 3431223514, "Planner Runtime": 144}, "explain_analyze_plan": {"Plan": {"Node Type": "Aggregate", "Strategy": "Plain", "Startup Cost": 23236.72, "Total Cost": 23236.73, "Plan Rows": 1, "Plan Width": 145, "Actual Min Startup Time": 189.563, "Actual Max Startup Time": 189.563, "Actual Min Total Time": 189.564, "Actual Max Total Time": 189.564, "Plans": [{"Node Type": "Nested Loop", "Parent Relationship": "Outer", "Join Type": "Inner", "Startup Cost": 0.0, "Total Cost": 23236.71, "Plan Rows": 1, "Plan Width": 49, "Actual Min Startup Time": 69.69, "Actual Max Startup Time": 69.69, "Actual Min Total Time": 189.327, "Actual Max Total Time": 189.327, "Inner Unique": true, "Plans": [{"Node Type": "Nested Loop", "Parent Relationship": "Outer", "Join Type": "Inner", "Startup Cost": 0.0, "Total Cost": 23236.21, "Plan Rows": 1, "Plan Width": 40, "Actual Min Startup Time": 61.462, "Actual Max Startup Time": 61.462, "Actual Min Total Time": 187.482, "Actual Max Total Time": 187.482, "Inner Unique": true, "Plans": [{"Node Type": "Nested Loop", "Parent Relationship": "Outer", "Join Type": "Inner", "Startup Cost": 0.0, "Total Cost": 23235.56, "Plan Rows": 2, "Plan Width": 44, "Actual Min Startup Time": 61.442, "Actual Max Startup Time": 61.442, "Actual Min Total Time": 185.683, "Actual Max Total Time": 185.683, "Inner Unique": true, "Plans": [{"Node Type": "Nested Loop", "Parent Relationship": "Outer", "Join Type": "Inner", "Startup Cost": 0.0, "Total Cost": 23233.01, "Plan Rows": 5, "Plan Width": 32, "Actual Min Startup Time": 61.422, "Actual Max Startup Time": 61.422, "Actual Min Total Time": 183.916, "Actual Max Total Time": 183.916, "Inner Unique": false, "Plans": [{"Node Type": "Nested Loop", "Parent Relationship": "Outer", "Join Type": "Inner", "Startup Cost": 0.0, "Total Cost": 23227.4, "Plan Rows": 13, "Plan Width": 24, "Actual Min Startup Time": 60.102, "Actual Max Startup Time": 60.102, "Actual Min Total Time": 179.503, "Actual Max Total Time": 179.503, "Inner Unique": true, "Plans": [{"Node Type": "Nested Loop", "Parent Relationship": "Outer", "Join Type": "Inner", "Startup Cost": 0.0, "Total Cost": 23187.57, "Plan Rows": 141, "Plan Width": 28, "Actual Min Startup Time": 60.089, "Actual Max Startup Time": 60.089, "Actual Min Total Time": 178.229, "Actual Max Total Time": 178.229, "Inner Unique": false, "Join Filter": "(n.id = ci.person_id)", "Rows Removed by Join Filter": 0, "Plans": [{"Node Type": "Nested Loop", "Parent Relationship": "Outer", "Join Type": "Inner", "Startup Cost": 0.0, "Total Cost": 22912.29, "Plan Rows": 115, "Plan Width": 24, "Actual Min Startup Time": 58.801, "Actual Max Startup Time": 58.801, "Actual Min Total Time": 127.723, "Actual Max Total Time": 127.723, "Inner Unique": false, "Plans": [{"Node Type": "Streaming(type: LOCAL GATHER dop: 1/16)", "Parent Relationship": "Outer", "Startup Cost": 0.0, "Total Cost": 22121.41, "Plan Rows": 96, "Plan Width": 4, "Actual Min Startup Time": 58.724, "Actual Max Startup Time": 58.724, "Actual Min Total Time": 104.63, "Actual Max Total Time": 104.63, "Plans": [{"Node Type": "Seq Scan", "Parent Relationship": "Outer", "Relation Name": "name", "Alias": "n", "Startup Cost": 0.0, "Total Cost": 22119.33, "Plan Rows": 96, "Plan Width": 4, "Actual Min Startup Time": 40.745, "Actual Max Startup Time": 45.186, "Actual Min Total Time": 101.203, "Actual Max Total Time": 105.942, "Filter": "(((name)::text ~~ '%Ang%'::text) AND ((gender)::text = 'f'::text))", "Rows Removed by Filter": 4160722, "Actual Rows": 6768}], "Actual Rows": 6768}, {"Node Type": "Index Scan", "Parent Relationship": "Inner", "Scan Direction": "Forward", "Index Name": "person_id_aka_name", "Relation Name": "aka_name", "Alias": "an", "Startup Cost": 0.0, "Total Cost": 8.23, "Plan Rows": 1, "Plan Width": 20, "Actual Min Startup Time": 18.625, "Actual Max Startup Time": 18.625, "Actual Min Total Time": 19.445, "Actual Max Total Time": 19.445, "Index Cond": "(person_id = n.id)", "Rows Removed by Index Recheck": 0, "Actual Rows": 1558}], "Actual Rows": 1558}, {"Node Type": "Index Scan", "Parent Relationship": "Inner", "Scan Direction": "Forward", "Index Name": "person_id_cast_info", "Relation Name": "cast_info", "Alias": "ci", "Startup Cost": 0.0, "Total Cost": 2.38, "Plan Rows": 1, "Plan Width": 16, "Actual Min Startup Time": 44.65, "Actual Max Startup Time": 44.65, "Actual Min Total Time": 49.451, "Actual Max Total Time": 49.451, "Index Cond": "(person_id = an.person_id)", "Rows Removed by Index Recheck": 0, "Filter": "((note)::text = ANY ('{(voice),\"(voice: Japanese version)\",\"(voice) (uncredited)\",\"(voice: English version)\"}'::text[]))", "Rows Removed by Filter": 69057, "Actual Rows": 425}], "Actual Rows": 425}, {"Node Type": "Index Scan", "Parent Relationship": "Inner", "Scan Direction": "Forward", "Index Name": "role_type_pkey", "Relation Name": "role_type", "Alias": "rt", "Startup Cost": 0.0, "Total Cost": 0.27, "Plan Rows": 1, "Plan Width": 4, "Actual Min Startup Time": 0.858, "Actual Max Startup Time": 0.858, "Actual Min Total Time": 0.858, "Actual Max Total Time": 0.858, "Index Cond": "(id = ci.role_id)", "Rows Removed by Index Recheck": 0, "Filter": "((role)::text = 'actress'::text)", "Rows Removed by Filter": 0, "Actual Rows": 425}], "Actual Rows": 425}, {"Node Type": "Index Scan", "Parent Relationship": "Inner", "Scan Direction": "Forward", "Index Name": "movie_id_movie_companies", "Relation Name": "movie_companies", "Alias": "mc", "Startup Cost": 0.0, "Total Cost": 0.42, "Plan Rows": 1, "Plan Width": 8, "Actual Min Startup Time": 2.875, "Actual Max Startup Time": 2.875, "Actual Min Total Time": 4.052, "Actual Max Total Time": 4.052, "Index Cond": "(movie_id = ci.movie_id)", "Rows Removed by Index Recheck": 0, "Filter": "((note IS NOT NULL) AND (((note)::text ~~ '%(USA)%'::text) OR ((note)::text ~~ '%(worldwide)%'::text)))", "Rows Removed by Filter": 1538, "Actual Rows": 373}], "Actual Rows": 373}, {"Node Type": "Index Scan", "Parent Relationship": "Inner", "Scan Direction": "Forward", "Index Name": "char_name_pkey", "Relation Name": "char_name", "Alias": "chn", "Startup Cost": 0.0, "Total Cost": 0.5, "Plan Rows": 1, "Plan Width": 20, "Actual Min Startup Time": 1.399, "Actual Max Startup Time": 1.399, "Actual Min Total Time": 1.399, "Actual Max Total Time": 1.399, "Index Cond": "(id = ci.person_role_id)", "Rows Removed by Index Recheck": 0, "Actual Rows": 348}], "Actual Rows": 348}, {"Node Type": "Index Scan", "Parent Relationship": "Inner", "Scan Direction": "Forward", "Index Name": "company_name_pkey", "Relation Name": "company_name", "Alias": "cn", "Startup Cost": 0.0, "Total Cost": 0.32, "Plan Rows": 1, "Plan Width": 4, "Actual Min Startup Time": 1.447, "Actual Max Startup Time": 1.447, "Actual Min Total Time": 1.447, "Actual Max Total Time": 1.447, "Index Cond": "(id = mc.company_id)", "Rows Removed by Index Recheck": 0, "Filter": "((country_code)::text = '[us]'::text)", "Rows Removed by Filter": 7, "Actual Rows": 341}], "Actual Rows": 341}, {"Node Type": "Index Scan", "Parent Relationship": "Inner", "Scan Direction": "Forward", "Index Name": "title_pkey", "Relation Name": "title", "Alias": "t", "Startup Cost": 0.0, "Total Cost": 0.49, "Plan Rows": 1, "Plan Width": 21, "Actual Min Startup Time": 1.574, "Actual Max Startup Time": 1.574, "Actual Min Total Time": 1.574, "Actual Max Total Time": 1.574, "Index Cond": "(id = ci.movie_id)", "Rows Removed by Index Recheck": 0, "Filter": "((production_year >= 2005) AND (production_year <= 2015))", "Rows Removed by Filter": 220, "Actual Rows": 121}], "Actual Rows": 121}], "Actual Rows": 1}, "Triggers": [], "Planner Runtime": 146, "Total Runtime": 192.53, "Unique SQL Id": 3431223514}}, "(16, 101)": {"explain_plan": {"Plan": {"Node Type": "Aggregate", "Strategy": "Plain", "Startup Cost": 154581.71, "Total Cost": 154581.72, "Plan Rows": 1, "Plan Width": 145, "Plans": [{"Node Type": "Nested Loop", "Parent Relationship": "Outer", "Join Type": "Inner", "Startup Cost": 0.0, "Total Cost": 154581.7, "Plan Rows": 1, "Plan Width": 49, "Inner Unique": true, "Plans": [{"Node Type": "Nested Loop", "Parent Relationship": "Outer", "Join Type": "Inner", "Startup Cost": 0.0, "Total Cost": 154581.21, "Plan Rows": 1, "Plan Width": 40, "Inner Unique": true, "Plans": [{"Node Type": "Nested Loop", "Parent Relationship": "Outer", "Join Type": "Inner", "Startup Cost": 0.0, "Total Cost": 154580.19, "Plan Rows": 2, "Plan Width": 28, "Inner Unique": true, "Plans": [{"Node Type": "Nested Loop", "Parent Relationship": "Outer", "Join Type": "Inner", "Startup Cost": 0.0, "Total Cost": 154578.55, "Plan Rows": 5, "Plan Width": 32, "Inner Unique": false, "Plans": [{"Node Type": "Nested Loop", "Parent Relationship": "Outer", "Join Type": "Inner", "Startup Cost": 0.0, "Total Cost": 154572.94, "Plan Rows": 13, "Plan Width": 24, "Inner Unique": true, "Plans": [{"Node Type": "Nested Loop", "Parent Relationship": "Outer", "Join Type": "Inner", "Startup Cost": 0.0, "Total Cost": 154533.1, "Plan Rows": 141, "Plan Width": 28, "Inner Unique": false, "Join Filter": "(n.id = ci.person_id)", "Plans": [{"Node Type": "Nested Loop", "Parent Relationship": "Outer", "Join Type": "Inner", "Startup Cost": 0.0, "Total Cost": 154257.82, "Plan Rows": 115, "Plan Width": 24, "Inner Unique": false, "Plans": [{"Node Type": "Streaming(type: LOCAL GATHER dop: 1/16)", "Parent Relationship": "Outer", "Startup Cost": 0.0, "Total Cost": 153466.94, "Plan Rows": 96, "Plan Width": 4, "Plans": [{"Node Type": "Index Scan", "Parent Relationship": "Outer", "Scan Direction": "Forward", "Index Name": "name_pkey", "Relation Name": "name", "Alias": "n", "Startup Cost": 0.0, "Total Cost": 153464.87, "Plan Rows": 96, "Plan Width": 4, "Filter": "(((name)::text ~~ '%Ang%'::text) AND ((gender)::text = 'f'::text))"}]}, {"Node Type": "Index Scan", "Parent Relationship": "Inner", "Scan Direction": "Forward", "Index Name": "person_id_aka_name", "Relation Name": "aka_name", "Alias": "an", "Startup Cost": 0.0, "Total Cost": 8.23, "Plan Rows": 1, "Plan Width": 20, "Index Cond": "(person_id = n.id)"}]}, {"Node Type": "Index Scan", "Parent Relationship": "Inner", "Scan Direction": "Forward", "Index Name": "person_id_cast_info", "Relation Name": "cast_info", "Alias": "ci", "Startup Cost": 0.0, "Total Cost": 2.38, "Plan Rows": 1, "Plan Width": 16, "Index Cond": "(person_id = an.person_id)", "Filter": "((note)::text = ANY ('{(voice),\"(voice: Japanese version)\",\"(voice) (uncredited)\",\"(voice: English version)\"}'::text[]))"}]}, {"Node Type": "Index Scan", "Parent Relationship": "Inner", "Scan Direction": "Forward", "Index Name": "role_type_pkey", "Relation Name": "role_type", "Alias": "rt", "Startup Cost": 0.0, "Total Cost": 0.27, "Plan Rows": 1, "Plan Width": 4, "Index Cond": "(id = ci.role_id)", "Filter": "((role)::text = 'actress'::text)"}]}, {"Node Type": "Index Scan", "Parent Relationship": "Inner", "Scan Direction": "Forward", "Index Name": "movie_id_movie_companies", "Relation Name": "movie_companies", "Alias": "mc", "Startup Cost": 0.0, "Total Cost": 0.42, "Plan Rows": 1, "Plan Width": 8, "Index Cond": "(movie_id = ci.movie_id)", "Filter": "((note IS NOT NULL) AND (((note)::text ~~ '%(USA)%'::text) OR ((note)::text ~~ '%(worldwide)%'::text)))"}]}, {"Node Type": "Index Scan", "Parent Relationship": "Inner", "Scan Direction": "Forward", "Index Name": "company_name_pkey", "Relation Name": "company_name", "Alias": "cn", "Startup Cost": 0.0, "Total Cost": 0.32, "Plan Rows": 1, "Plan Width": 4, "Index Cond": "(id = mc.company_id)", "Filter": "((country_code)::text = '[us]'::text)"}]}, {"Node Type": "Index Scan", "Parent Relationship": "Inner", "Scan Direction": "Forward", "Index Name": "char_name_pkey", "Relation Name": "char_name", "Alias": "chn", "Startup Cost": 0.0, "Total Cost": 0.5, "Plan Rows": 1, "Plan Width": 20, "Index Cond": "(id = ci.person_role_id)"}]}, {"Node Type": "Index Scan", "Parent Relationship": "Inner", "Scan Direction": "Forward", "Index Name": "title_pkey", "Relation Name": "title", "Alias": "t", "Startup Cost": 0.0, "Total Cost": 0.49, "Plan Rows": 1, "Plan Width": 21, "Index Cond": "(id = ci.movie_id)", "Filter": "((production_year >= 2005) AND (production_year <= 2015))"}]}]}, "Unique SQL Id": 3431223514, "Planner Runtime": 60}, "explain_analyze_plan": {"Plan": {"Node Type": "Aggregate", "Strategy": "Plain", "Startup Cost": 154581.71, "Total Cost": 154581.72, "Plan Rows": 1, "Plan Width": 145, "Actual Min Startup Time": 320.416, "Actual Max Startup Time": 320.416, "Actual Min Total Time": 320.417, "Actual Max Total Time": 320.417, "Plans": [{"Node Type": "Nested Loop", "Parent Relationship": "Outer", "Join Type": "Inner", "Startup Cost": 0.0, "Total Cost": 154581.7, "Plan Rows": 1, "Plan Width": 49, "Actual Min Startup Time": 98.859, "Actual Max Startup Time": 98.859, "Actual Min Total Time": 320.124, "Actual Max Total Time": 320.124, "Inner Unique": true, "Plans": [{"Node Type": "Nested Loop", "Parent Relationship": "Outer", "Join Type": "Inner", "Startup Cost": 0.0, "Total Cost": 154581.21, "Plan Rows": 1, "Plan Width": 40, "Actual Min Startup Time": 67.906, "Actual Max Startup Time": 67.906, "Actual Min Total Time": 318.254, "Actual Max Total Time": 318.254, "Inner Unique": true, "Plans": [{"Node Type": "Nested Loop", "Parent Relationship": "Outer", "Join Type": "Inner", "Startup Cost": 0.0, "Total Cost": 154580.19, "Plan Rows": 2, "Plan Width": 28, "Actual Min Startup Time": 67.889, "Actual Max Startup Time": 67.889, "Actual Min Total Time": 316.485, "Actual Max Total Time": 316.485, "Inner Unique": true, "Plans": [{"Node Type": "Nested Loop", "Parent Relationship": "Outer", "Join Type": "Inner", "Startup Cost": 0.0, "Total Cost": 154578.55, "Plan Rows": 5, "Plan Width": 32, "Actual Min Startup Time": 67.87, "Actual Max Startup Time": 67.87, "Actual Min Total Time": 314.414, "Actual Max Total Time": 314.414, "Inner Unique": false, "Plans": [{"Node Type": "Nested Loop", "Parent Relationship": "Outer", "Join Type": "Inner", "Startup Cost": 0.0, "Total Cost": 154572.94, "Plan Rows": 13, "Plan Width": 24, "Actual Min Startup Time": 67.844, "Actual Max Startup Time": 67.844, "Actual Min Total Time": 309.954, "Actual Max Total Time": 309.954, "Inner Unique": true, "Plans": [{"Node Type": "Nested Loop", "Parent Relationship": "Outer", "Join Type": "Inner", "Startup Cost": 0.0, "Total Cost": 154533.1, "Plan Rows": 141, "Plan Width": 28, "Actual Min Startup Time": 67.832, "Actual Max Startup Time": 67.832, "Actual Min Total Time": 308.644, "Actual Max Total Time": 308.644, "Inner Unique": false, "Join Filter": "(n.id = ci.person_id)", "Rows Removed by Join Filter": 0, "Plans": [{"Node Type": "Nested Loop", "Parent Relationship": "Outer", "Join Type": "Inner", "Startup Cost": 0.0, "Total Cost": 154257.82, "Plan Rows": 115, "Plan Width": 24, "Actual Min Startup Time": 67.78, "Actual Max Startup Time": 67.78, "Actual Min Total Time": 258.301, "Actual Max Total Time": 258.301, "Inner Unique": false, "Plans": [{"Node Type": "Streaming(type: LOCAL GATHER dop: 1/16)", "Parent Relationship": "Outer", "Startup Cost": 0.0, "Total Cost": 153466.94, "Plan Rows": 96, "Plan Width": 4, "Actual Min Startup Time": 67.718, "Actual Max Startup Time": 67.718, "Actual Min Total Time": 235.399, "Actual Max Total Time": 235.399, "Plans": [{"Node Type": "Index Scan", "Parent Relationship": "Outer", "Scan Direction": "Forward", "Index Name": "name_pkey", "Relation Name": "name", "Alias": "n", "Startup Cost": 0.0, "Total Cost": 153464.87, "Plan Rows": 96, "Plan Width": 4, "Actual Min Startup Time": 36.308, "Actual Max Startup Time": 291.918, "Actual Min Total Time": 271.115, "Actual Max Total Time": 291.918, "Filter": "(((name)::text ~~ '%Ang%'::text) AND ((gender)::text = 'f'::text))", "Rows Removed by Filter": 4160722, "Actual Rows": 6768}], "Actual Rows": 6768}, {"Node Type": "Index Scan", "Parent Relationship": "Inner", "Scan Direction": "Forward", "Index Name": "person_id_aka_name", "Relation Name": "aka_name", "Alias": "an", "Startup Cost": 0.0, "Total Cost": 8.23, "Plan Rows": 1, "Plan Width": 20, "Actual Min Startup Time": 18.331, "Actual Max Startup Time": 18.331, "Actual Min Total Time": 19.18, "Actual Max Total Time": 19.18, "Index Cond": "(person_id = n.id)", "Rows Removed by Index Recheck": 0, "Actual Rows": 1558}], "Actual Rows": 1558}, {"Node Type": "Index Scan", "Parent Relationship": "Inner", "Scan Direction": "Forward", "Index Name": "person_id_cast_info", "Relation Name": "cast_info", "Alias": "ci", "Startup Cost": 0.0, "Total Cost": 2.38, "Plan Rows": 1, "Plan Width": 16, "Actual Min Startup Time": 44.414, "Actual Max Startup Time": 44.414, "Actual Min Total Time": 49.22, "Actual Max Total Time": 49.22, "Index Cond": "(person_id = an.person_id)", "Rows Removed by Index Recheck": 0, "Filter": "((note)::text = ANY ('{(voice),\"(voice: Japanese version)\",\"(voice) (uncredited)\",\"(voice: English version)\"}'::text[]))", "Rows Removed by Filter": 69057, "Actual Rows": 425}], "Actual Rows": 425}, {"Node Type": "Index Scan", "Parent Relationship": "Inner", "Scan Direction": "Forward", "Index Name": "role_type_pkey", "Relation Name": "role_type", "Alias": "rt", "Startup Cost": 0.0, "Total Cost": 0.27, "Plan Rows": 1, "Plan Width": 4, "Actual Min Startup Time": 0.857, "Actual Max Startup Time": 0.857, "Actual Min Total Time": 0.857, "Actual Max Total Time": 0.857, "Index Cond": "(id = ci.role_id)", "Rows Removed by Index Recheck": 0, "Filter": "((role)::text = 'actress'::text)", "Rows Removed by Filter": 0, "Actual Rows": 425}], "Actual Rows": 425}, {"Node Type": "Index Scan", "Parent Relationship": "Inner", "Scan Direction": "Forward", "Index Name": "movie_id_movie_companies", "Relation Name": "movie_companies", "Alias": "mc", "Startup Cost": 0.0, "Total Cost": 0.42, "Plan Rows": 1, "Plan Width": 8, "Actual Min Startup Time": 2.936, "Actual Max Startup Time": 2.936, "Actual Min Total Time": 4.116, "Actual Max Total Time": 4.116, "Index Cond": "(movie_id = ci.movie_id)", "Rows Removed by Index Recheck": 0, "Filter": "((note IS NOT NULL) AND (((note)::text ~~ '%(USA)%'::text) OR ((note)::text ~~ '%(worldwide)%'::text)))", "Rows Removed by Filter": 1538, "Actual Rows": 373}], "Actual Rows": 373}, {"Node Type": "Index Scan", "Parent Relationship": "Inner", "Scan Direction": "Forward", "Index Name": "company_name_pkey", "Relation Name": "company_name", "Alias": "cn", "Startup Cost": 0.0, "Total Cost": 0.32, "Plan Rows": 1, "Plan Width": 4, "Actual Min Startup Time": 1.683, "Actual Max Startup Time": 1.683, "Actual Min Total Time": 1.683, "Actual Max Total Time": 1.683, "Index Cond": "(id = mc.company_id)", "Rows Removed by Index Recheck": 0, "Filter": "((country_code)::text = '[us]'::text)", "Rows Removed by Filter": 14, "Actual Rows": 359}], "Actual Rows": 359}, {"Node Type": "Index Scan", "Parent Relationship": "Inner", "Scan Direction": "Forward", "Index Name": "char_name_pkey", "Relation Name": "char_name", "Alias": "chn", "Startup Cost": 0.0, "Total Cost": 0.5, "Plan Rows": 1, "Plan Width": 20, "Actual Min Startup Time": 1.371, "Actual Max Startup Time": 1.371, "Actual Min Total Time": 1.371, "Actual Max Total Time": 1.371, "Index Cond": "(id = ci.person_role_id)", "Rows Removed by Index Recheck": 0, "Actual Rows": 341}], "Actual Rows": 341}, {"Node Type": "Index Scan", "Parent Relationship": "Inner", "Scan Direction": "Forward", "Index Name": "title_pkey", "Relation Name": "title", "Alias": "t", "Startup Cost": 0.0, "Total Cost": 0.49, "Plan Rows": 1, "Plan Width": 21, "Actual Min Startup Time": 1.601, "Actual Max Startup Time": 1.601, "Actual Min Total Time": 1.601, "Actual Max Total Time": 1.601, "Index Cond": "(id = ci.movie_id)", "Rows Removed by Index Recheck": 0, "Filter": "((production_year >= 2005) AND (production_year <= 2015))", "Rows Removed by Filter": 220, "Actual Rows": 121}], "Actual Rows": 121}], "Actual Rows": 1}, "Triggers": [], "Planner Runtime": 40, "Total Runtime": 323.463, "Unique SQL Id": 3431223514}}, "(16, 102)": {"explain_plan": {"Plan": {"Node Type": "Aggregate", "Strategy": "Plain", "Startup Cost": 23622.71, "Total Cost": 23622.72, "Plan Rows": 1, "Plan Width": 145, "Plans": [{"Node Type": "Nested Loop", "Parent Relationship": "Outer", "Join Type": "Inner", "Startup Cost": 7.57, "Total Cost": 23622.7, "Plan Rows": 2, "Plan Width": 49, "Inner Unique": true, "Plans": [{"Node Type": "Nested Loop", "Parent Relationship": "Outer", "Join Type": "Inner", "Startup Cost": 7.27, "Total Cost": 23614.04, "Plan Rows": 2, "Plan Width": 40, "Inner Unique": true, "Plans": [{"Node Type": "Nested Loop", "Parent Relationship": "Outer", "Join Type": "Inner", "Startup Cost": 7.01, "Total Cost": 23605.46, "Plan Rows": 2, "Plan Width": 44, "Inner Unique": true, "Plans": [{"Node Type": "Nested Loop", "Parent Relationship": "Outer", "Join Type": "Inner", "Startup Cost": 6.69, "Total Cost": 23583.78, "Plan Rows": 5, "Plan Width": 32, "Inner Unique": false, "Plans": [{"Node Type": "Hash Join", "Parent Relationship": "Outer", "Join Type": "Inner", "Startup Cost": 6.38, "Total Cost": 23527.15, "Plan Rows": 13, "Plan Width": 24, "Inner Unique": true, "Hash Cond": "(ci.role_id = rt.id)", "Plans": [{"Node Type": "Nested Loop", "Parent Relationship": "Outer", "Join Type": "Inner", "Startup Cost": 5.22, "Total Cost": 23525.5, "Plan Rows": 141, "Plan Width": 28, "Inner Unique": false, "Join Filter": "(n.id = ci.person_id)", "Plans": [{"Node Type": "Nested Loop", "Parent Relationship": "Outer", "Join Type": "Inner", "Startup Cost": 4.22, "Total Cost": 22912.31, "Plan Rows": 115, "Plan Width": 24, "Inner Unique": false, "Plans": [{"Node Type": "Streaming(type: LOCAL GATHER dop: 1/16)", "Parent Relationship": "Outer", "Startup Cost": 0.0, "Total Cost": 22121.41, "Plan Rows": 96, "Plan Width": 4, "Plans": [{"Node Type": "Seq Scan", "Parent Relationship": "Outer", "Relation Name": "name", "Alias": "n", "Startup Cost": 0.0, "Total Cost": 22119.33, "Plan Rows": 96, "Plan Width": 4, "Filter": "(((name)::text ~~ '%Ang%'::text) AND ((gender)::text = 'f'::text))"}]}, {"Node Type": "Bitmap Heap Scan", "Parent Relationship": "Inner", "Relation Name": "aka_name", "Alias": "an", "Startup Cost": 4.22, "Total Cost": 8.23, "Plan Rows": 1, "Plan Width": 20, "Recheck Cond": "(person_id = n.id)", "Plans": [{"Node Type": "Bitmap Index Scan", "Parent Relationship": "Outer", "Index Name": "person_id_aka_name", "Startup Cost": 0.0, "Total Cost": 4.22, "Plan Rows": 1, "Plan Width": 0, "Index Cond": "(person_id = n.id)"}]}]}, {"Node Type": "Bitmap Heap Scan", "Parent Relationship": "Inner", "Relation Name": "cast_info", "Alias": "ci", "Startup Cost": 1.0, "Total Cost": 5.32, "Plan Rows": 1, "Plan Width": 16, "Recheck Cond": "(person_id = an.person_id)", "Filter": "((note)::text = ANY ('{(voice),\"(voice: Japanese version)\",\"(voice) (uncredited)\",\"(voice: English version)\"}'::text[]))", "Plans": [{"Node Type": "Bitmap Index Scan", "Parent Relationship": "Outer", "Index Name": "person_id_cast_info", "Startup Cost": 0.0, "Total Cost": 1.0, "Plan Rows": 18, "Plan Width": 0, "Index Cond": "(person_id = an.person_id)"}]}]}, {"Node Type": "Hash", "Parent Relationship": "Inner", "Startup Cost": 1.15, "Total Cost": 1.15, "Plan Rows": 1, "Plan Width": 4, "Plans": [{"Node Type": "Seq Scan", "Parent Relationship": "Outer", "Relation Name": "role_type", "Alias": "rt", "Startup Cost": 0.0, "Total Cost": 1.15, "Plan Rows": 1, "Plan Width": 4, "Filter": "((role)::text = 'actress'::text)"}]}]}, {"Node Type": "Bitmap Heap Scan", "Parent Relationship": "Inner", "Relation Name": "movie_companies", "Alias": "mc", "Startup Cost": 0.31, "Total Cost": 4.35, "Plan Rows": 1, "Plan Width": 8, "Recheck Cond": "(movie_id = ci.movie_id)", "Filter": "((note IS NOT NULL) AND (((note)::text ~~ '%(USA)%'::text) OR ((note)::text ~~ '%(worldwide)%'::text)))", "Plans": [{"Node Type": "Bitmap Index Scan", "Parent Relationship": "Outer", "Index Name": "movie_id_movie_companies", "Startup Cost": 0.0, "Total Cost": 0.31, "Plan Rows": 2, "Plan Width": 0, "Index Cond": "(movie_id = ci.movie_id)"}]}]}, {"Node Type": "Bitmap Heap Scan", "Parent Relationship": "Inner", "Relation Name": "char_name", "Alias": "chn", "Startup Cost": 0.31, "Total Cost": 4.33, "Plan Rows": 1, "Plan Width": 20, "Recheck Cond": "(id = ci.person_role_id)", "Plans": [{"Node Type": "Bitmap Index Scan", "Parent Relationship": "Outer", "Index Name": "char_name_pkey", "Startup Cost": 0.0, "Total Cost": 0.31, "Plan Rows": 1, "Plan Width": 0, "Index Cond": "(id = ci.person_role_id)"}]}]}, {"Node Type": "Bitmap Heap Scan", "Parent Relationship": "Inner", "Relation Name": "company_name", "Alias": "cn", "Startup Cost": 0.26, "Total Cost": 4.28, "Plan Rows": 1, "Plan Width": 4, "Recheck Cond": "(id = mc.company_id)", "Filter": "((country_code)::text = '[us]'::text)", "Plans": [{"Node Type": "Bitmap Index Scan", "Parent Relationship": "Outer", "Index Name": "company_name_pkey", "Startup Cost": 0.0, "Total Cost": 0.26, "Plan Rows": 1, "Plan Width": 0, "Index Cond": "(id = mc.company_id)"}]}]}, {"Node Type": "Bitmap Heap Scan", "Parent Relationship": "Inner", "Relation Name": "title", "Alias": "t", "Startup Cost": 0.3, "Total Cost": 4.32, "Plan Rows": 1, "Plan Width": 21, "Recheck Cond": "(id = ci.movie_id)", "Filter": "((production_year >= 2005) AND (production_year <= 2015))", "Plans": [{"Node Type": "Bitmap Index Scan", "Parent Relationship": "Outer", "Index Name": "title_pkey", "Startup Cost": 0.0, "Total Cost": 0.3, "Plan Rows": 1, "Plan Width": 0, "Index Cond": "(id = ci.movie_id)"}]}]}]}, "Unique SQL Id": 3431223514, "Planner Runtime": 245}, "explain_analyze_plan": {"Plan": {"Node Type": "Aggregate", "Strategy": "Plain", "Startup Cost": 23622.71, "Total Cost": 23622.72, "Plan Rows": 1, "Plan Width": 145, "Actual Min Startup Time": 198.585, "Actual Max Startup Time": 198.585, "Actual Min Total Time": 198.585, "Actual Max Total Time": 198.585, "Plans": [{"Node Type": "Nested Loop", "Parent Relationship": "Outer", "Join Type": "Inner", "Startup Cost": 7.57, "Total Cost": 23622.7, "Plan Rows": 2, "Plan Width": 49, "Actual Min Startup Time": 63.257, "Actual Max Startup Time": 63.257, "Actual Min Total Time": 198.297, "Actual Max Total Time": 198.297, "Inner Unique": true, "Plans": [{"Node Type": "Nested Loop", "Parent Relationship": "Outer", "Join Type": "Inner", "Startup Cost": 7.27, "Total Cost": 23614.04, "Plan Rows": 2, "Plan Width": 40, "Actual Min Startup Time": 60.628, "Actual Max Startup Time": 60.628, "Actual Min Total Time": 195.944, "Actual Max Total Time": 195.944, "Inner Unique": true, "Plans": [{"Node Type": "Nested Loop", "Parent Relationship": "Outer", "Join Type": "Inner", "Startup Cost": 7.01, "Total Cost": 23605.46, "Plan Rows": 2, "Plan Width": 44, "Actual Min Startup Time": 60.605, "Actual Max Startup Time": 60.605, "Actual Min Total Time": 193.592, "Actual Max Total Time": 193.592, "Inner Unique": true, "Plans": [{"Node Type": "Nested Loop", "Parent Relationship": "Outer", "Join Type": "Inner", "Startup Cost": 6.69, "Total Cost": 23583.78, "Plan Rows": 5, "Plan Width": 32, "Actual Min Startup Time": 60.582, "Actual Max Startup Time": 60.582, "Actual Min Total Time": 191.17, "Actual Max Total Time": 191.17, "Inner Unique": false, "Plans": [{"Node Type": "Hash Join", "Parent Relationship": "Outer", "Join Type": "Inner", "Startup Cost": 6.38, "Total Cost": 23527.15, "Plan Rows": 13, "Plan Width": 24, "Actual Min Startup Time": 59.008, "Actual Max Startup Time": 59.008, "Actual Min Total Time": 185.248, "Actual Max Total Time": 185.248, "Inner Unique": true, "Hash Cond": "(ci.role_id = rt.id)", "Plans": [{"Node Type": "Nested Loop", "Parent Relationship": "Outer", "Join Type": "Inner", "Startup Cost": 5.22, "Total Cost": 23525.5, "Plan Rows": 141, "Plan Width": 28, "Actual Min Startup Time": 58.887, "Actual Max Startup Time": 58.887, "Actual Min Total Time": 184.819, "Actual Max Total Time": 184.819, "Inner Unique": false, "Join Filter": "(n.id = ci.person_id)", "Rows Removed by Join Filter": 0, "Plans": [{"Node Type": "Nested Loop", "Parent Relationship": "Outer", "Join Type": "Inner", "Startup Cost": 4.22, "Total Cost": 22912.31, "Plan Rows": 115, "Plan Width": 24, "Actual Min Startup Time": 57.317, "Actual Max Startup Time": 57.317, "Actual Min Total Time": 133.405, "Actual Max Total Time": 133.405, "Inner Unique": false, "Plans": [{"Node Type": "Streaming(type: LOCAL GATHER dop: 1/16)", "Parent Relationship": "Outer", "Startup Cost": 0.0, "Total Cost": 22121.41, "Plan Rows": 96, "Plan Width": 4, "Actual Min Startup Time": 57.218, "Actual Max Startup Time": 57.218, "Actual Min Total Time": 101.844, "Actual Max Total Time": 101.844, "Plans": [{"Node Type": "Seq Scan", "Parent Relationship": "Outer", "Relation Name": "name", "Alias": "n", "Startup Cost": 0.0, "Total Cost": 22119.33, "Plan Rows": 96, "Plan Width": 4, "Actual Min Startup Time": 40.619, "Actual Max Startup Time": 46.277, "Actual Min Total Time": 101.138, "Actual Max Total Time": 107.411, "Filter": "(((name)::text ~~ '%Ang%'::text) AND ((gender)::text = 'f'::text))", "Rows Removed by Filter": 4160722, "Actual Rows": 6768}], "Actual Rows": 6768}, {"Node Type": "Bitmap Heap Scan", "Parent Relationship": "Inner", "Relation Name": "aka_name", "Alias": "an", "Startup Cost": 4.22, "Total Cost": 8.23, "Plan Rows": 1, "Plan Width": 20, "Actual Min Startup Time": 23.423, "Actual Max Startup Time": 23.423, "Actual Min Total Time": 23.939, "Actual Max Total Time": 23.939, "Recheck Cond": "(person_id = n.id)", "Rows Removed by Index Recheck": 0, "Exact Heap Blocks": 1014, "Lossy Heap Blocks": 1014, "Plans": [{"Node Type": "Bitmap Index Scan", "Parent Relationship": "Outer", "Index Name": "person_id_aka_name", "Startup Cost": 0.0, "Total Cost": 4.22, "Plan Rows": 1, "Plan Width": 0, "Actual Min Startup Time": 18.273, "Actual Max Startup Time": 18.273, "Actual Min Total Time": 18.273, "Actual Max Total Time": 18.273, "Index Cond": "(person_id = n.id)", "Actual Rows": 1558}], "Actual Rows": 1558}], "Actual Rows": 1558}, {"Node Type": "Bitmap Heap Scan", "Parent Relationship": "Inner", "Relation Name": "cast_info", "Alias": "ci", "Startup Cost": 1.0, "Total Cost": 5.32, "Plan Rows": 1, "Plan Width": 16, "Actual Min Startup Time": 45.926, "Actual Max Startup Time": 45.926, "Actual Min Total Time": 49.196, "Actual Max Total Time": 49.196, "Recheck Cond": "(person_id = an.person_id)", "Rows Removed by Index Recheck": 0, "Filter": "((note)::text = ANY ('{(voice),\"(voice: Japanese version)\",\"(voice) (uncredited)\",\"(voice: English version)\"}'::text[]))", "Rows Removed by Filter": 69057, "Exact Heap Blocks": 2627, "Lossy Heap Blocks": 2627, "Plans": [{"Node Type": "Bitmap Index Scan", "Parent Relationship": "Outer", "Index Name": "person_id_cast_info", "Startup Cost": 0.0, "Total Cost": 1.0, "Plan Rows": 18, "Plan Width": 0, "Actual Min Startup Time": 14.75, "Actual Max Startup Time": 14.75, "Actual Min Total Time": 14.75, "Actual Max Total Time": 14.75, "Index Cond": "(person_id = an.person_id)", "Actual Rows": 69482}], "Actual Rows": 425}], "Actual Rows": 425}, {"Node Type": "Hash", "Parent Relationship": "Inner", "Startup Cost": 1.15, "Total Cost": 1.15, "Plan Rows": 1, "Plan Width": 4, "Actual Min Startup Time": 0.053, "Actual Max Startup Time": 0.053, "Actual Min Total Time": 0.053, "Actual Max Total Time": 0.053, "Max Hash Buckets": 32768, "Min Hash Buckets": 32768, "Max Hash Batches": 1, "Min Hash Batches": 1, "Max Original Hash Batches": 1, "Min Original Hash Batches": 1, "Max Peak Memory Usage": 1, "min Peak Memory Usage": 1, "Plans": [{"Node Type": "Seq Scan", "Parent Relationship": "Outer", "Relation Name": "role_type", "Alias": "rt", "Startup Cost": 0.0, "Total Cost": 1.15, "Plan Rows": 1, "Plan Width": 4, "Actual Min Startup Time": 0.039, "Actual Max Startup Time": 0.039, "Actual Min Total Time": 0.043, "Actual Max Total Time": 0.043, "Filter": "((role)::text = 'actress'::text)", "Rows Removed by Filter": 11, "Actual Rows": 1}], "Actual Rows": 1}], "Actual Rows": 425}, {"Node Type": "Bitmap Heap Scan", "Parent Relationship": "Inner", "Relation Name": "movie_companies", "Alias": "mc", "Startup Cost": 0.31, "Total Cost": 4.35, "Plan Rows": 1, "Plan Width": 8, "Actual Min Startup Time": 4.196, "Actual Max Startup Time": 4.196, "Actual Min Total Time": 5.158, "Actual Max Total Time": 5.158, "Recheck Cond": "(movie_id = ci.movie_id)", "Rows Removed by Index Recheck": 0, "Filter": "((note IS NOT NULL) AND (((note)::text ~~ '%(USA)%'::text) OR ((note)::text ~~ '%(worldwide)%'::text)))", "Rows Removed by Filter": 1538, "Exact Heap Blocks": 580, "Lossy Heap Blocks": 580, "Plans": [{"Node Type": "Bitmap Index Scan", "Parent Relationship": "Outer", "Index Name": "movie_id_movie_companies", "Startup Cost": 0.0, "Total Cost": 0.31, "Plan Rows": 2, "Plan Width": 0, "Actual Min Startup Time": 2.165, "Actual Max Startup Time": 2.165, "Actual Min Total Time": 2.165, "Actual Max Total Time": 2.165, "Index Cond": "(movie_id = ci.movie_id)", "Actual Rows": 1911}], "Actual Rows": 373}], "Actual Rows": 373}, {"Node Type": "Bitmap Heap Scan", "Parent Relationship": "Inner", "Relation Name": "char_name", "Alias": "chn", "Startup Cost": 0.31, "Total Cost": 4.33, "Plan Rows": 1, "Plan Width": 20, "Actual Min Startup Time": 1.85, "Actual Max Startup Time": 1.85, "Actual Min Total Time": 1.85, "Actual Max Total Time": 1.85, "Recheck Cond": "(id = ci.person_role_id)", "Rows Removed by Index Recheck": 0, "Exact Heap Blocks": 348, "Lossy Heap Blocks": 348, "Plans": [{"Node Type": "Bitmap Index Scan", "Parent Relationship": "Outer", "Index Name": "char_name_pkey", "Startup Cost": 0.0, "Total Cost": 0.31, "Plan Rows": 1, "Plan Width": 0, "Actual Min Startup Time": 1.209, "Actual Max Startup Time": 1.209, "Actual Min Total Time": 1.209, "Actual Max Total Time": 1.209, "Index Cond": "(id = ci.person_role_id)", "Actual Rows": 348}], "Actual Rows": 348}], "Actual Rows": 348}, {"Node Type": "Bitmap Heap Scan", "Parent Relationship": "Inner", "Relation Name": "company_name", "Alias": "cn", "Startup Cost": 0.26, "Total Cost": 4.28, "Plan Rows": 1, "Plan Width": 4, "Actual Min Startup Time": 1.833, "Actual Max Startup Time": 1.833, "Actual Min Total Time": 1.833, "Actual Max Total Time": 1.833, "Recheck Cond": "(id = mc.company_id)", "Rows Removed by Index Recheck": 0, "Filter": "((country_code)::text = '[us]'::text)", "Rows Removed by Filter": 7, "Exact Heap Blocks": 348, "Lossy Heap Blocks": 348, "Plans": [{"Node Type": "Bitmap Index Scan", "Parent Relationship": "Outer", "Index Name": "company_name_pkey", "Startup Cost": 0.0, "Total Cost": 0.26, "Plan Rows": 1, "Plan Width": 0, "Actual Min Startup Time": 1.053, "Actual Max Startup Time": 1.053, "Actual Min Total Time": 1.053, "Actual Max Total Time": 1.053, "Index Cond": "(id = mc.company_id)", "Actual Rows": 348}], "Actual Rows": 341}], "Actual Rows": 341}, {"Node Type": "Bitmap Heap Scan", "Parent Relationship": "Inner", "Relation Name": "title", "Alias": "t", "Startup Cost": 0.3, "Total Cost": 4.32, "Plan Rows": 1, "Plan Width": 21, "Actual Min Startup Time": 1.866, "Actual Max Startup Time": 1.866, "Actual Min Total Time": 1.866, "Actual Max Total Time": 1.866, "Recheck Cond": "(id = ci.movie_id)", "Rows Removed by Index Recheck": 0, "Filter": "((production_year >= 2005) AND (production_year <= 2015))", "Rows Removed by Filter": 220, "Exact Heap Blocks": 341, "Lossy Heap Blocks": 341, "Plans": [{"Node Type": "Bitmap Index Scan", "Parent Relationship": "Outer", "Index Name": "title_pkey", "Startup Cost": 0.0, "Total Cost": 0.3, "Plan Rows": 1, "Plan Width": 0, "Actual Min Startup Time": 1.103, "Actual Max Startup Time": 1.103, "Actual Min Total Time": 1.103, "Actual Max Total Time": 1.103, "Index Cond": "(id = ci.movie_id)", "Actual Rows": 341}], "Actual Rows": 121}], "Actual Rows": 121}], "Actual Rows": 1}, "Triggers": [], "Planner Runtime": 245, "Total Runtime": 201.654, "Unique SQL Id": 3431223514}}, "(16, 103)": {"explain_plan": {"Plan": {"Node Type": "Aggregate", "Strategy": "Plain", "Startup Cost": 199166.12, "Total Cost": 199166.13, "Plan Rows": 1, "Plan Width": 145, "Plans": [{"Node Type": "Nested Loop", "Parent Relationship": "Outer", "Join Type": "Inner", "Startup Cost": 83164.39, "Total Cost": 199166.11, "Plan Rows": 1, "Plan Width": 49, "Inner Unique": true, "Plans": [{"Node Type": "Nested Loop", "Parent Relationship": "Outer", "Join Type": "Inner", "Startup Cost": 83164.09, "Total Cost": 199161.78, "Plan Rows": 1, "Plan Width": 40, "Inner Unique": true, "Plans": [{"Node Type": "Nested Loop", "Parent Relationship": "Outer", "Join Type": "Inner", "Startup Cost": 83163.78, "Total Cost": 199153.11, "Plan Rows": 2, "Plan Width": 28, "Inner Unique": true, "Plans": [{"Node Type": "Nested Loop", "Parent Relationship": "Outer", "Join Type": "Inner", "Startup Cost": 83163.51, "Total Cost": 199131.67, "Plan Rows": 5, "Plan Width": 32, "Inner Unique": false, "Plans": [{"Node Type": "Nested Loop", "Parent Relationship": "Outer", "Join Type": "Inner", "Startup Cost": 83163.2, "Total Cost": 199075.04, "Plan Rows": 13, "Plan Width": 24, "Inner Unique": true, "Plans": [{"Node Type": "Nested Loop", "Parent Relationship": "Outer", "Join Type": "Inner", "Startup Cost": 83162.94, "Total Cost": 198471.17, "Plan Rows": 141, "Plan Width": 28, "Inner Unique": false, "Join Filter": "(n.id = ci.person_id)", "Plans": [{"Node Type": "Nested Loop", "Parent Relationship": "Outer", "Join Type": "Inner", "Startup Cost": 83161.94, "Total Cost": 197857.98, "Plan Rows": 115, "Plan Width": 24, "Inner Unique": false, "Plans": [{"Node Type": "Bitmap Heap Scan", "Parent Relationship": "Outer", "Relation Name": "name", "Alias": "n", "Startup Cost": 83157.72, "Total Cost": 197067.07, "Plan Rows": 96, "Plan Width": 4, "Filter": "(((name)::text ~~ '%Ang%'::text) AND ((gender)::text = 'f'::text))", "Plans": [{"Node Type": "Bitmap Index Scan", "Parent Relationship": "Outer", "Index Name": "name_pkey", "Startup Cost": 0.0, "Total Cost": 83157.7, "Plan Rows": 4167490, "Plan Width": 0}]}, {"Node Type": "Bitmap Heap Scan", "Parent Relationship": "Inner", "Relation Name": "aka_name", "Alias": "an", "Startup Cost": 4.22, "Total Cost": 8.23, "Plan Rows": 1, "Plan Width": 20, "Recheck Cond": "(person_id = n.id)", "Plans": [{"Node Type": "Bitmap Index Scan", "Parent Relationship": "Outer", "Index Name": "person_id_aka_name", "Startup Cost": 0.0, "Total Cost": 4.22, "Plan Rows": 1, "Plan Width": 0, "Index Cond": "(person_id = n.id)"}]}]}, {"Node Type": "Bitmap Heap Scan", "Parent Relationship": "Inner", "Relation Name": "cast_info", "Alias": "ci", "Startup Cost": 1.0, "Total Cost": 5.32, "Plan Rows": 1, "Plan Width": 16, "Recheck Cond": "(person_id = an.person_id)", "Filter": "((note)::text = ANY ('{(voice),\"(voice: Japanese version)\",\"(voice) (uncredited)\",\"(voice: English version)\"}'::text[]))", "Plans": [{"Node Type": "Bitmap Index Scan", "Parent Relationship": "Outer", "Index Name": "person_id_cast_info", "Startup Cost": 0.0, "Total Cost": 1.0, "Plan Rows": 18, "Plan Width": 0, "Index Cond": "(person_id = an.person_id)"}]}]}, {"Node Type": "Bitmap Heap Scan", "Parent Relationship": "Inner", "Relation Name": "role_type", "Alias": "rt", "Startup Cost": 0.26, "Total Cost": 4.27, "Plan Rows": 1, "Plan Width": 4, "Recheck Cond": "(id = ci.role_id)", "Filter": "((role)::text = 'actress'::text)", "Plans": [{"Node Type": "Bitmap Index Scan", "Parent Relationship": "Outer", "Index Name": "role_type_pkey", "Startup Cost": 0.0, "Total Cost": 0.26, "Plan Rows": 1, "Plan Width": 0, "Index Cond": "(id = ci.role_id)"}]}]}, {"Node Type": "Bitmap Heap Scan", "Parent Relationship": "Inner", "Relation Name": "movie_companies", "Alias": "mc", "Startup Cost": 0.31, "Total Cost": 4.35, "Plan Rows": 1, "Plan Width": 8, "Recheck Cond": "(movie_id = ci.movie_id)", "Filter": "((note IS NOT NULL) AND (((note)::text ~~ '%(USA)%'::text) OR ((note)::text ~~ '%(worldwide)%'::text)))", "Plans": [{"Node Type": "Bitmap Index Scan", "Parent Relationship": "Outer", "Index Name": "movie_id_movie_companies", "Startup Cost": 0.0, "Total Cost": 0.31, "Plan Rows": 2, "Plan Width": 0, "Index Cond": "(movie_id = ci.movie_id)"}]}]}, {"Node Type": "Bitmap Heap Scan", "Parent Relationship": "Inner", "Relation Name": "company_name", "Alias": "cn", "Startup Cost": 0.26, "Total Cost": 4.28, "Plan Rows": 1, "Plan Width": 4, "Recheck Cond": "(id = mc.company_id)", "Filter": "((country_code)::text = '[us]'::text)", "Plans": [{"Node Type": "Bitmap Index Scan", "Parent Relationship": "Outer", "Index Name": "company_name_pkey", "Startup Cost": 0.0, "Total Cost": 0.26, "Plan Rows": 1, "Plan Width": 0, "Index Cond": "(id = mc.company_id)"}]}]}, {"Node Type": "Bitmap Heap Scan", "Parent Relationship": "Inner", "Relation Name": "char_name", "Alias": "chn", "Startup Cost": 0.31, "Total Cost": 4.33, "Plan Rows": 1, "Plan Width": 20, "Recheck Cond": "(id = ci.person_role_id)", "Plans": [{"Node Type": "Bitmap Index Scan", "Parent Relationship": "Outer", "Index Name": "char_name_pkey", "Startup Cost": 0.0, "Total Cost": 0.31, "Plan Rows": 1, "Plan Width": 0, "Index Cond": "(id = ci.person_role_id)"}]}]}, {"Node Type": "Bitmap Heap Scan", "Parent Relationship": "Inner", "Relation Name": "title", "Alias": "t", "Startup Cost": 0.3, "Total Cost": 4.32, "Plan Rows": 1, "Plan Width": 21, "Recheck Cond": "(id = ci.movie_id)", "Filter": "((production_year >= 2005) AND (production_year <= 2015))", "Plans": [{"Node Type": "Bitmap Index Scan", "Parent Relationship": "Outer", "Index Name": "title_pkey", "Startup Cost": 0.0, "Total Cost": 0.3, "Plan Rows": 1, "Plan Width": 0, "Index Cond": "(id = ci.movie_id)"}]}]}]}, "Unique SQL Id": 3431223514, "Planner Runtime": 50}, "explain_analyze_plan": null}, "(16, 104)": {"explain_plan": {"Plan": {"Node Type": "Aggregate", "Strategy": "Plain", "Startup Cost": 23236.72, "Total Cost": 23236.73, "Plan Rows": 1, "Plan Width": 145, "Plans": [{"Node Type": "Nested Loop", "Parent Relationship": "Outer", "Join Type": "Inner", "Startup Cost": 0.0, "Total Cost": 23236.71, "Plan Rows": 1, "Plan Width": 49, "Inner Unique": true, "Plans": [{"Node Type": "Nested Loop", "Parent Relationship": "Outer", "Join Type": "Inner", "Startup Cost": 0.0, "Total Cost": 23236.21, "Plan Rows": 1, "Plan Width": 40, "Inner Unique": true, "Plans": [{"Node Type": "Nested Loop", "Parent Relationship": "Outer", "Join Type": "Inner", "Startup Cost": 0.0, "Total Cost": 23235.56, "Plan Rows": 2, "Plan Width": 44, "Inner Unique": true, "Plans": [{"Node Type": "Nested Loop", "Parent Relationship": "Outer", "Join Type": "Inner", "Startup Cost": 0.0, "Total Cost": 23233.01, "Plan Rows": 5, "Plan Width": 32, "Inner Unique": false, "Plans": [{"Node Type": "Nested Loop", "Parent Relationship": "Outer", "Join Type": "Inner", "Startup Cost": 0.0, "Total Cost": 23227.4, "Plan Rows": 13, "Plan Width": 24, "Inner Unique": true, "Plans": [{"Node Type": "Nested Loop", "Parent Relationship": "Outer", "Join Type": "Inner", "Startup Cost": 0.0, "Total Cost": 23187.57, "Plan Rows": 141, "Plan Width": 28, "Inner Unique": false, "Join Filter": "(n.id = ci.person_id)", "Plans": [{"Node Type": "Nested Loop", "Parent Relationship": "Outer", "Join Type": "Inner", "Startup Cost": 0.0, "Total Cost": 22912.29, "Plan Rows": 115, "Plan Width": 24, "Inner Unique": false, "Plans": [{"Node Type": "Streaming(type: LOCAL GATHER dop: 1/16)", "Parent Relationship": "Outer", "Startup Cost": 0.0, "Total Cost": 22121.41, "Plan Rows": 96, "Plan Width": 4, "Plans": [{"Node Type": "Seq Scan", "Parent Relationship": "Outer", "Relation Name": "name", "Alias": "n", "Startup Cost": 0.0, "Total Cost": 22119.33, "Plan Rows": 96, "Plan Width": 4, "Filter": "(((name)::text ~~ '%Ang%'::text) AND ((gender)::text = 'f'::text))"}]}, {"Node Type": "Index Scan", "Parent Relationship": "Inner", "Scan Direction": "Forward", "Index Name": "person_id_aka_name", "Relation Name": "aka_name", "Alias": "an", "Startup Cost": 0.0, "Total Cost": 8.23, "Plan Rows": 1, "Plan Width": 20, "Index Cond": "(person_id = n.id)"}]}, {"Node Type": "Index Scan", "Parent Relationship": "Inner", "Scan Direction": "Forward", "Index Name": "person_id_cast_info", "Relation Name": "cast_info", "Alias": "ci", "Startup Cost": 0.0, "Total Cost": 2.38, "Plan Rows": 1, "Plan Width": 16, "Index Cond": "(person_id = an.person_id)", "Filter": "((note)::text = ANY ('{(voice),\"(voice: Japanese version)\",\"(voice) (uncredited)\",\"(voice: English version)\"}'::text[]))"}]}, {"Node Type": "Index Scan", "Parent Relationship": "Inner", "Scan Direction": "Forward", "Index Name": "role_type_pkey", "Relation Name": "role_type", "Alias": "rt", "Startup Cost": 0.0, "Total Cost": 0.27, "Plan Rows": 1, "Plan Width": 4, "Index Cond": "(id = ci.role_id)", "Filter": "((role)::text = 'actress'::text)"}]}, {"Node Type": "Index Scan", "Parent Relationship": "Inner", "Scan Direction": "Forward", "Index Name": "movie_id_movie_companies", "Relation Name": "movie_companies", "Alias": "mc", "Startup Cost": 0.0, "Total Cost": 0.42, "Plan Rows": 1, "Plan Width": 8, "Index Cond": "(movie_id = ci.movie_id)", "Filter": "((note IS NOT NULL) AND (((note)::text ~~ '%(USA)%'::text) OR ((note)::text ~~ '%(worldwide)%'::text)))"}]}, {"Node Type": "Index Scan", "Parent Relationship": "Inner", "Scan Direction": "Forward", "Index Name": "char_name_pkey", "Relation Name": "char_name", "Alias": "chn", "Startup Cost": 0.0, "Total Cost": 0.5, "Plan Rows": 1, "Plan Width": 20, "Index Cond": "(id = ci.person_role_id)"}]}, {"Node Type": "Index Scan", "Parent Relationship": "Inner", "Scan Direction": "Forward", "Index Name": "company_name_pkey", "Relation Name": "company_name", "Alias": "cn", "Startup Cost": 0.0, "Total Cost": 0.32, "Plan Rows": 1, "Plan Width": 4, "Index Cond": "(id = mc.company_id)", "Filter": "((country_code)::text = '[us]'::text)"}]}, {"Node Type": "Index Scan", "Parent Relationship": "Inner", "Scan Direction": "Forward", "Index Name": "title_pkey", "Relation Name": "title", "Alias": "t", "Startup Cost": 0.0, "Total Cost": 0.49, "Plan Rows": 1, "Plan Width": 21, "Index Cond": "(id = ci.movie_id)", "Filter": "((production_year >= 2005) AND (production_year <= 2015))"}]}]}, "Unique SQL Id": 3431223514, "Planner Runtime": 144}, "explain_analyze_plan": {"Plan": {"Node Type": "Aggregate", "Strategy": "Plain", "Startup Cost": 23236.72, "Total Cost": 23236.73, "Plan Rows": 1, "Plan Width": 145, "Actual Min Startup Time": 189.563, "Actual Max Startup Time": 189.563, "Actual Min Total Time": 189.564, "Actual Max Total Time": 189.564, "Plans": [{"Node Type": "Nested Loop", "Parent Relationship": "Outer", "Join Type": "Inner", "Startup Cost": 0.0, "Total Cost": 23236.71, "Plan Rows": 1, "Plan Width": 49, "Actual Min Startup Time": 69.69, "Actual Max Startup Time": 69.69, "Actual Min Total Time": 189.327, "Actual Max Total Time": 189.327, "Inner Unique": true, "Plans": [{"Node Type": "Nested Loop", "Parent Relationship": "Outer", "Join Type": "Inner", "Startup Cost": 0.0, "Total Cost": 23236.21, "Plan Rows": 1, "Plan Width": 40, "Actual Min Startup Time": 61.462, "Actual Max Startup Time": 61.462, "Actual Min Total Time": 187.482, "Actual Max Total Time": 187.482, "Inner Unique": true, "Plans": [{"Node Type": "Nested Loop", "Parent Relationship": "Outer", "Join Type": "Inner", "Startup Cost": 0.0, "Total Cost": 23235.56, "Plan Rows": 2, "Plan Width": 44, "Actual Min Startup Time": 61.442, "Actual Max Startup Time": 61.442, "Actual Min Total Time": 185.683, "Actual Max Total Time": 185.683, "Inner Unique": true, "Plans": [{"Node Type": "Nested Loop", "Parent Relationship": "Outer", "Join Type": "Inner", "Startup Cost": 0.0, "Total Cost": 23233.01, "Plan Rows": 5, "Plan Width": 32, "Actual Min Startup Time": 61.422, "Actual Max Startup Time": 61.422, "Actual Min Total Time": 183.916, "Actual Max Total Time": 183.916, "Inner Unique": false, "Plans": [{"Node Type": "Nested Loop", "Parent Relationship": "Outer", "Join Type": "Inner", "Startup Cost": 0.0, "Total Cost": 23227.4, "Plan Rows": 13, "Plan Width": 24, "Actual Min Startup Time": 60.102, "Actual Max Startup Time": 60.102, "Actual Min Total Time": 179.503, "Actual Max Total Time": 179.503, "Inner Unique": true, "Plans": [{"Node Type": "Nested Loop", "Parent Relationship": "Outer", "Join Type": "Inner", "Startup Cost": 0.0, "Total Cost": 23187.57, "Plan Rows": 141, "Plan Width": 28, "Actual Min Startup Time": 60.089, "Actual Max Startup Time": 60.089, "Actual Min Total Time": 178.229, "Actual Max Total Time": 178.229, "Inner Unique": false, "Join Filter": "(n.id = ci.person_id)", "Rows Removed by Join Filter": 0, "Plans": [{"Node Type": "Nested Loop", "Parent Relationship": "Outer", "Join Type": "Inner", "Startup Cost": 0.0, "Total Cost": 22912.29, "Plan Rows": 115, "Plan Width": 24, "Actual Min Startup Time": 58.801, "Actual Max Startup Time": 58.801, "Actual Min Total Time": 127.723, "Actual Max Total Time": 127.723, "Inner Unique": false, "Plans": [{"Node Type": "Streaming(type: LOCAL GATHER dop: 1/16)", "Parent Relationship": "Outer", "Startup Cost": 0.0, "Total Cost": 22121.41, "Plan Rows": 96, "Plan Width": 4, "Actual Min Startup Time": 58.724, "Actual Max Startup Time": 58.724, "Actual Min Total Time": 104.63, "Actual Max Total Time": 104.63, "Plans": [{"Node Type": "Seq Scan", "Parent Relationship": "Outer", "Relation Name": "name", "Alias": "n", "Startup Cost": 0.0, "Total Cost": 22119.33, "Plan Rows": 96, "Plan Width": 4, "Actual Min Startup Time": 40.745, "Actual Max Startup Time": 45.186, "Actual Min Total Time": 101.203, "Actual Max Total Time": 105.942, "Filter": "(((name)::text ~~ '%Ang%'::text) AND ((gender)::text = 'f'::text))", "Rows Removed by Filter": 4160722, "Actual Rows": 6768}], "Actual Rows": 6768}, {"Node Type": "Index Scan", "Parent Relationship": "Inner", "Scan Direction": "Forward", "Index Name": "person_id_aka_name", "Relation Name": "aka_name", "Alias": "an", "Startup Cost": 0.0, "Total Cost": 8.23, "Plan Rows": 1, "Plan Width": 20, "Actual Min Startup Time": 18.625, "Actual Max Startup Time": 18.625, "Actual Min Total Time": 19.445, "Actual Max Total Time": 19.445, "Index Cond": "(person_id = n.id)", "Rows Removed by Index Recheck": 0, "Actual Rows": 1558}], "Actual Rows": 1558}, {"Node Type": "Index Scan", "Parent Relationship": "Inner", "Scan Direction": "Forward", "Index Name": "person_id_cast_info", "Relation Name": "cast_info", "Alias": "ci", "Startup Cost": 0.0, "Total Cost": 2.38, "Plan Rows": 1, "Plan Width": 16, "Actual Min Startup Time": 44.65, "Actual Max Startup Time": 44.65, "Actual Min Total Time": 49.451, "Actual Max Total Time": 49.451, "Index Cond": "(person_id = an.person_id)", "Rows Removed by Index Recheck": 0, "Filter": "((note)::text = ANY ('{(voice),\"(voice: Japanese version)\",\"(voice) (uncredited)\",\"(voice: English version)\"}'::text[]))", "Rows Removed by Filter": 69057, "Actual Rows": 425}], "Actual Rows": 425}, {"Node Type": "Index Scan", "Parent Relationship": "Inner", "Scan Direction": "Forward", "Index Name": "role_type_pkey", "Relation Name": "role_type", "Alias": "rt", "Startup Cost": 0.0, "Total Cost": 0.27, "Plan Rows": 1, "Plan Width": 4, "Actual Min Startup Time": 0.858, "Actual Max Startup Time": 0.858, "Actual Min Total Time": 0.858, "Actual Max Total Time": 0.858, "Index Cond": "(id = ci.role_id)", "Rows Removed by Index Recheck": 0, "Filter": "((role)::text = 'actress'::text)", "Rows Removed by Filter": 0, "Actual Rows": 425}], "Actual Rows": 425}, {"Node Type": "Index Scan", "Parent Relationship": "Inner", "Scan Direction": "Forward", "Index Name": "movie_id_movie_companies", "Relation Name": "movie_companies", "Alias": "mc", "Startup Cost": 0.0, "Total Cost": 0.42, "Plan Rows": 1, "Plan Width": 8, "Actual Min Startup Time": 2.875, "Actual Max Startup Time": 2.875, "Actual Min Total Time": 4.052, "Actual Max Total Time": 4.052, "Index Cond": "(movie_id = ci.movie_id)", "Rows Removed by Index Recheck": 0, "Filter": "((note IS NOT NULL) AND (((note)::text ~~ '%(USA)%'::text) OR ((note)::text ~~ '%(worldwide)%'::text)))", "Rows Removed by Filter": 1538, "Actual Rows": 373}], "Actual Rows": 373}, {"Node Type": "Index Scan", "Parent Relationship": "Inner", "Scan Direction": "Forward", "Index Name": "char_name_pkey", "Relation Name": "char_name", "Alias": "chn", "Startup Cost": 0.0, "Total Cost": 0.5, "Plan Rows": 1, "Plan Width": 20, "Actual Min Startup Time": 1.399, "Actual Max Startup Time": 1.399, "Actual Min Total Time": 1.399, "Actual Max Total Time": 1.399, "Index Cond": "(id = ci.person_role_id)", "Rows Removed by Index Recheck": 0, "Actual Rows": 348}], "Actual Rows": 348}, {"Node Type": "Index Scan", "Parent Relationship": "Inner", "Scan Direction": "Forward", "Index Name": "company_name_pkey", "Relation Name": "company_name", "Alias": "cn", "Startup Cost": 0.0, "Total Cost": 0.32, "Plan Rows": 1, "Plan Width": 4, "Actual Min Startup Time": 1.447, "Actual Max Startup Time": 1.447, "Actual Min Total Time": 1.447, "Actual Max Total Time": 1.447, "Index Cond": "(id = mc.company_id)", "Rows Removed by Index Recheck": 0, "Filter": "((country_code)::text = '[us]'::text)", "Rows Removed by Filter": 7, "Actual Rows": 341}], "Actual Rows": 341}, {"Node Type": "Index Scan", "Parent Relationship": "Inner", "Scan Direction": "Forward", "Index Name": "title_pkey", "Relation Name": "title", "Alias": "t", "Startup Cost": 0.0, "Total Cost": 0.49, "Plan Rows": 1, "Plan Width": 21, "Actual Min Startup Time": 1.574, "Actual Max Startup Time": 1.574, "Actual Min Total Time": 1.574, "Actual Max Total Time": 1.574, "Index Cond": "(id = ci.movie_id)", "Rows Removed by Index Recheck": 0, "Filter": "((production_year >= 2005) AND (production_year <= 2015))", "Rows Removed by Filter": 220, "Actual Rows": 121}], "Actual Rows": 121}], "Actual Rows": 1}, "Triggers": [], "Planner Runtime": 146, "Total Runtime": 192.53, "Unique SQL Id": 3431223514}}, "(16, 105)": {"explain_plan": {"Plan": {"Node Type": "Aggregate", "Strategy": "Plain", "Startup Cost": 154581.71, "Total Cost": 154581.72, "Plan Rows": 1, "Plan Width": 145, "Plans": [{"Node Type": "Nested Loop", "Parent Relationship": "Outer", "Join Type": "Inner", "Startup Cost": 0.0, "Total Cost": 154581.7, "Plan Rows": 1, "Plan Width": 49, "Inner Unique": true, "Plans": [{"Node Type": "Nested Loop", "Parent Relationship": "Outer", "Join Type": "Inner", "Startup Cost": 0.0, "Total Cost": 154581.21, "Plan Rows": 1, "Plan Width": 40, "Inner Unique": true, "Plans": [{"Node Type": "Nested Loop", "Parent Relationship": "Outer", "Join Type": "Inner", "Startup Cost": 0.0, "Total Cost": 154580.19, "Plan Rows": 2, "Plan Width": 28, "Inner Unique": true, "Plans": [{"Node Type": "Nested Loop", "Parent Relationship": "Outer", "Join Type": "Inner", "Startup Cost": 0.0, "Total Cost": 154578.55, "Plan Rows": 5, "Plan Width": 32, "Inner Unique": false, "Plans": [{"Node Type": "Nested Loop", "Parent Relationship": "Outer", "Join Type": "Inner", "Startup Cost": 0.0, "Total Cost": 154572.94, "Plan Rows": 13, "Plan Width": 24, "Inner Unique": true, "Plans": [{"Node Type": "Nested Loop", "Parent Relationship": "Outer", "Join Type": "Inner", "Startup Cost": 0.0, "Total Cost": 154533.1, "Plan Rows": 141, "Plan Width": 28, "Inner Unique": false, "Join Filter": "(n.id = ci.person_id)", "Plans": [{"Node Type": "Nested Loop", "Parent Relationship": "Outer", "Join Type": "Inner", "Startup Cost": 0.0, "Total Cost": 154257.82, "Plan Rows": 115, "Plan Width": 24, "Inner Unique": false, "Plans": [{"Node Type": "Streaming(type: LOCAL GATHER dop: 1/16)", "Parent Relationship": "Outer", "Startup Cost": 0.0, "Total Cost": 153466.94, "Plan Rows": 96, "Plan Width": 4, "Plans": [{"Node Type": "Index Scan", "Parent Relationship": "Outer", "Scan Direction": "Forward", "Index Name": "name_pkey", "Relation Name": "name", "Alias": "n", "Startup Cost": 0.0, "Total Cost": 153464.87, "Plan Rows": 96, "Plan Width": 4, "Filter": "(((name)::text ~~ '%Ang%'::text) AND ((gender)::text = 'f'::text))"}]}, {"Node Type": "Index Scan", "Parent Relationship": "Inner", "Scan Direction": "Forward", "Index Name": "person_id_aka_name", "Relation Name": "aka_name", "Alias": "an", "Startup Cost": 0.0, "Total Cost": 8.23, "Plan Rows": 1, "Plan Width": 20, "Index Cond": "(person_id = n.id)"}]}, {"Node Type": "Index Scan", "Parent Relationship": "Inner", "Scan Direction": "Forward", "Index Name": "person_id_cast_info", "Relation Name": "cast_info", "Alias": "ci", "Startup Cost": 0.0, "Total Cost": 2.38, "Plan Rows": 1, "Plan Width": 16, "Index Cond": "(person_id = an.person_id)", "Filter": "((note)::text = ANY ('{(voice),\"(voice: Japanese version)\",\"(voice) (uncredited)\",\"(voice: English version)\"}'::text[]))"}]}, {"Node Type": "Index Scan", "Parent Relationship": "Inner", "Scan Direction": "Forward", "Index Name": "role_type_pkey", "Relation Name": "role_type", "Alias": "rt", "Startup Cost": 0.0, "Total Cost": 0.27, "Plan Rows": 1, "Plan Width": 4, "Index Cond": "(id = ci.role_id)", "Filter": "((role)::text = 'actress'::text)"}]}, {"Node Type": "Index Scan", "Parent Relationship": "Inner", "Scan Direction": "Forward", "Index Name": "movie_id_movie_companies", "Relation Name": "movie_companies", "Alias": "mc", "Startup Cost": 0.0, "Total Cost": 0.42, "Plan Rows": 1, "Plan Width": 8, "Index Cond": "(movie_id = ci.movie_id)", "Filter": "((note IS NOT NULL) AND (((note)::text ~~ '%(USA)%'::text) OR ((note)::text ~~ '%(worldwide)%'::text)))"}]}, {"Node Type": "Index Scan", "Parent Relationship": "Inner", "Scan Direction": "Forward", "Index Name": "company_name_pkey", "Relation Name": "company_name", "Alias": "cn", "Startup Cost": 0.0, "Total Cost": 0.32, "Plan Rows": 1, "Plan Width": 4, "Index Cond": "(id = mc.company_id)", "Filter": "((country_code)::text = '[us]'::text)"}]}, {"Node Type": "Index Scan", "Parent Relationship": "Inner", "Scan Direction": "Forward", "Index Name": "char_name_pkey", "Relation Name": "char_name", "Alias": "chn", "Startup Cost": 0.0, "Total Cost": 0.5, "Plan Rows": 1, "Plan Width": 20, "Index Cond": "(id = ci.person_role_id)"}]}, {"Node Type": "Index Scan", "Parent Relationship": "Inner", "Scan Direction": "Forward", "Index Name": "title_pkey", "Relation Name": "title", "Alias": "t", "Startup Cost": 0.0, "Total Cost": 0.49, "Plan Rows": 1, "Plan Width": 21, "Index Cond": "(id = ci.movie_id)", "Filter": "((production_year >= 2005) AND (production_year <= 2015))"}]}]}, "Unique SQL Id": 3431223514, "Planner Runtime": 39}, "explain_analyze_plan": {"Plan": {"Node Type": "Aggregate", "Strategy": "Plain", "Startup Cost": 154581.71, "Total Cost": 154581.72, "Plan Rows": 1, "Plan Width": 145, "Actual Min Startup Time": 320.416, "Actual Max Startup Time": 320.416, "Actual Min Total Time": 320.417, "Actual Max Total Time": 320.417, "Plans": [{"Node Type": "Nested Loop", "Parent Relationship": "Outer", "Join Type": "Inner", "Startup Cost": 0.0, "Total Cost": 154581.7, "Plan Rows": 1, "Plan Width": 49, "Actual Min Startup Time": 98.859, "Actual Max Startup Time": 98.859, "Actual Min Total Time": 320.124, "Actual Max Total Time": 320.124, "Inner Unique": true, "Plans": [{"Node Type": "Nested Loop", "Parent Relationship": "Outer", "Join Type": "Inner", "Startup Cost": 0.0, "Total Cost": 154581.21, "Plan Rows": 1, "Plan Width": 40, "Actual Min Startup Time": 67.906, "Actual Max Startup Time": 67.906, "Actual Min Total Time": 318.254, "Actual Max Total Time": 318.254, "Inner Unique": true, "Plans": [{"Node Type": "Nested Loop", "Parent Relationship": "Outer", "Join Type": "Inner", "Startup Cost": 0.0, "Total Cost": 154580.19, "Plan Rows": 2, "Plan Width": 28, "Actual Min Startup Time": 67.889, "Actual Max Startup Time": 67.889, "Actual Min Total Time": 316.485, "Actual Max Total Time": 316.485, "Inner Unique": true, "Plans": [{"Node Type": "Nested Loop", "Parent Relationship": "Outer", "Join Type": "Inner", "Startup Cost": 0.0, "Total Cost": 154578.55, "Plan Rows": 5, "Plan Width": 32, "Actual Min Startup Time": 67.87, "Actual Max Startup Time": 67.87, "Actual Min Total Time": 314.414, "Actual Max Total Time": 314.414, "Inner Unique": false, "Plans": [{"Node Type": "Nested Loop", "Parent Relationship": "Outer", "Join Type": "Inner", "Startup Cost": 0.0, "Total Cost": 154572.94, "Plan Rows": 13, "Plan Width": 24, "Actual Min Startup Time": 67.844, "Actual Max Startup Time": 67.844, "Actual Min Total Time": 309.954, "Actual Max Total Time": 309.954, "Inner Unique": true, "Plans": [{"Node Type": "Nested Loop", "Parent Relationship": "Outer", "Join Type": "Inner", "Startup Cost": 0.0, "Total Cost": 154533.1, "Plan Rows": 141, "Plan Width": 28, "Actual Min Startup Time": 67.832, "Actual Max Startup Time": 67.832, "Actual Min Total Time": 308.644, "Actual Max Total Time": 308.644, "Inner Unique": false, "Join Filter": "(n.id = ci.person_id)", "Rows Removed by Join Filter": 0, "Plans": [{"Node Type": "Nested Loop", "Parent Relationship": "Outer", "Join Type": "Inner", "Startup Cost": 0.0, "Total Cost": 154257.82, "Plan Rows": 115, "Plan Width": 24, "Actual Min Startup Time": 67.78, "Actual Max Startup Time": 67.78, "Actual Min Total Time": 258.301, "Actual Max Total Time": 258.301, "Inner Unique": false, "Plans": [{"Node Type": "Streaming(type: LOCAL GATHER dop: 1/16)", "Parent Relationship": "Outer", "Startup Cost": 0.0, "Total Cost": 153466.94, "Plan Rows": 96, "Plan Width": 4, "Actual Min Startup Time": 67.718, "Actual Max Startup Time": 67.718, "Actual Min Total Time": 235.399, "Actual Max Total Time": 235.399, "Plans": [{"Node Type": "Index Scan", "Parent Relationship": "Outer", "Scan Direction": "Forward", "Index Name": "name_pkey", "Relation Name": "name", "Alias": "n", "Startup Cost": 0.0, "Total Cost": 153464.87, "Plan Rows": 96, "Plan Width": 4, "Actual Min Startup Time": 36.308, "Actual Max Startup Time": 291.918, "Actual Min Total Time": 271.115, "Actual Max Total Time": 291.918, "Filter": "(((name)::text ~~ '%Ang%'::text) AND ((gender)::text = 'f'::text))", "Rows Removed by Filter": 4160722, "Actual Rows": 6768}], "Actual Rows": 6768}, {"Node Type": "Index Scan", "Parent Relationship": "Inner", "Scan Direction": "Forward", "Index Name": "person_id_aka_name", "Relation Name": "aka_name", "Alias": "an", "Startup Cost": 0.0, "Total Cost": 8.23, "Plan Rows": 1, "Plan Width": 20, "Actual Min Startup Time": 18.331, "Actual Max Startup Time": 18.331, "Actual Min Total Time": 19.18, "Actual Max Total Time": 19.18, "Index Cond": "(person_id = n.id)", "Rows Removed by Index Recheck": 0, "Actual Rows": 1558}], "Actual Rows": 1558}, {"Node Type": "Index Scan", "Parent Relationship": "Inner", "Scan Direction": "Forward", "Index Name": "person_id_cast_info", "Relation Name": "cast_info", "Alias": "ci", "Startup Cost": 0.0, "Total Cost": 2.38, "Plan Rows": 1, "Plan Width": 16, "Actual Min Startup Time": 44.414, "Actual Max Startup Time": 44.414, "Actual Min Total Time": 49.22, "Actual Max Total Time": 49.22, "Index Cond": "(person_id = an.person_id)", "Rows Removed by Index Recheck": 0, "Filter": "((note)::text = ANY ('{(voice),\"(voice: Japanese version)\",\"(voice) (uncredited)\",\"(voice: English version)\"}'::text[]))", "Rows Removed by Filter": 69057, "Actual Rows": 425}], "Actual Rows": 425}, {"Node Type": "Index Scan", "Parent Relationship": "Inner", "Scan Direction": "Forward", "Index Name": "role_type_pkey", "Relation Name": "role_type", "Alias": "rt", "Startup Cost": 0.0, "Total Cost": 0.27, "Plan Rows": 1, "Plan Width": 4, "Actual Min Startup Time": 0.857, "Actual Max Startup Time": 0.857, "Actual Min Total Time": 0.857, "Actual Max Total Time": 0.857, "Index Cond": "(id = ci.role_id)", "Rows Removed by Index Recheck": 0, "Filter": "((role)::text = 'actress'::text)", "Rows Removed by Filter": 0, "Actual Rows": 425}], "Actual Rows": 425}, {"Node Type": "Index Scan", "Parent Relationship": "Inner", "Scan Direction": "Forward", "Index Name": "movie_id_movie_companies", "Relation Name": "movie_companies", "Alias": "mc", "Startup Cost": 0.0, "Total Cost": 0.42, "Plan Rows": 1, "Plan Width": 8, "Actual Min Startup Time": 2.936, "Actual Max Startup Time": 2.936, "Actual Min Total Time": 4.116, "Actual Max Total Time": 4.116, "Index Cond": "(movie_id = ci.movie_id)", "Rows Removed by Index Recheck": 0, "Filter": "((note IS NOT NULL) AND (((note)::text ~~ '%(USA)%'::text) OR ((note)::text ~~ '%(worldwide)%'::text)))", "Rows Removed by Filter": 1538, "Actual Rows": 373}], "Actual Rows": 373}, {"Node Type": "Index Scan", "Parent Relationship": "Inner", "Scan Direction": "Forward", "Index Name": "company_name_pkey", "Relation Name": "company_name", "Alias": "cn", "Startup Cost": 0.0, "Total Cost": 0.32, "Plan Rows": 1, "Plan Width": 4, "Actual Min Startup Time": 1.683, "Actual Max Startup Time": 1.683, "Actual Min Total Time": 1.683, "Actual Max Total Time": 1.683, "Index Cond": "(id = mc.company_id)", "Rows Removed by Index Recheck": 0, "Filter": "((country_code)::text = '[us]'::text)", "Rows Removed by Filter": 14, "Actual Rows": 359}], "Actual Rows": 359}, {"Node Type": "Index Scan", "Parent Relationship": "Inner", "Scan Direction": "Forward", "Index Name": "char_name_pkey", "Relation Name": "char_name", "Alias": "chn", "Startup Cost": 0.0, "Total Cost": 0.5, "Plan Rows": 1, "Plan Width": 20, "Actual Min Startup Time": 1.371, "Actual Max Startup Time": 1.371, "Actual Min Total Time": 1.371, "Actual Max Total Time": 1.371, "Index Cond": "(id = ci.person_role_id)", "Rows Removed by Index Recheck": 0, "Actual Rows": 341}], "Actual Rows": 341}, {"Node Type": "Index Scan", "Parent Relationship": "Inner", "Scan Direction": "Forward", "Index Name": "title_pkey", "Relation Name": "title", "Alias": "t", "Startup Cost": 0.0, "Total Cost": 0.49, "Plan Rows": 1, "Plan Width": 21, "Actual Min Startup Time": 1.601, "Actual Max Startup Time": 1.601, "Actual Min Total Time": 1.601, "Actual Max Total Time": 1.601, "Index Cond": "(id = ci.movie_id)", "Rows Removed by Index Recheck": 0, "Filter": "((production_year >= 2005) AND (production_year <= 2015))", "Rows Removed by Filter": 220, "Actual Rows": 121}], "Actual Rows": 121}], "Actual Rows": 1}, "Triggers": [], "Planner Runtime": 40, "Total Runtime": 323.463, "Unique SQL Id": 3431223514}}, "(16, 106)": {"explain_plan": {"Plan": {"Node Type": "Aggregate", "Strategy": "Plain", "Startup Cost": 192527.05, "Total Cost": 192527.08, "Plan Rows": 1, "Plan Width": 145, "Plans": [{"Node Type": "Streaming(type: LOCAL GATHER dop: 1/16)", "Parent Relationship": "Outer", "Startup Cost": 192527.05, "Total Cost": 192527.08, "Plan Rows": 1, "Plan Width": 145, "Plans": [{"Node Type": "Aggregate", "Strategy": "Plain", "Parent Relationship": "Outer", "Startup Cost": 192527.05, "Total Cost": 192527.06, "Plan Rows": 1, "Plan Width": 145, "Plans": [{"Node Type": "Hash Join", "Parent Relationship": "Outer", "Join Type": "Inner", "Startup Cost": 121555.93, "Total Cost": 192527.03, "Plan Rows": 2, "Plan Width": 49, "Inner Unique": false, "Hash Cond": "(n.id = an.person_id)", "Plans": [{"Node Type": "Streaming(type: BROADCAST dop: 16/16)", "Parent Relationship": "Outer", "Startup Cost": 116790.69, "Total Cost": 187761.76, "Plan Rows": 16, "Plan Width": 41, "Plans": [{"Node Type": "Hash Join", "Parent Relationship": "Outer", "Join Type": "Inner", "Startup Cost": 116790.69, "Total Cost": 172761.72, "Plan Rows": 1, "Plan Width": 41, "Inner Unique": true, "Hash Cond": "(ci.movie_id = t.id)", "Plans": [{"Node Type": "Streaming(type: BROADCAST dop: 16/1)", "Parent Relationship": "Outer", "Startup Cost": 111038.0, "Total Cost": 167009.02, "Plan Rows": 16, "Plan Width": 32, "Plans": [{"Node Type": "Hash Join", "Parent Relationship": "Outer", "Join Type": "Inner", "Startup Cost": 111038.0, "Total Cost": 152008.68, "Plan Rows": 1, "Plan Width": 32, "Inner Unique": true, "Hash Cond": "(ci.role_id = rt.id)", "Plans": [{"Node Type": "Hash Join", "Parent Relationship": "Outer", "Join Type": "Inner", "Startup Cost": 111036.84, "Total Cost": 152007.44, "Plan Rows": 16, "Plan Width": 36, "Inner Unique": true, "Hash Cond": "(mc.company_id = cn.id)", "Plans": [{"Node Type": "Streaming(type: LOCAL GATHER dop: 1/16)", "Parent Relationship": "Outer", "Startup Cost": 108496.35, "Total Cost": 149466.63, "Plan Rows": 21, "Plan Width": 40, "Plans": [{"Node Type": "Hash Join", "Parent Relationship": "Outer", "Join Type": "Inner", "Startup Cost": 108496.35, "Total Cost": 149466.17, "Plan Rows": 21, "Plan Width": 40, "Inner Unique": true, "Hash Cond": "(ci.person_role_id = chn.id)", "Plans": [{"Node Type": "Streaming(type: BROADCAST dop: 16/1)", "Parent Relationship": "Outer", "Startup Cost": 101238.38, "Total Cost": 142208.03, "Plan Rows": 688, "Plan Width": 28, "Plans": [{"Node Type": "Hash Join", "Parent Relationship": "Outer", "Join Type": "Inner", "Startup Cost": 101238.38, "Total Cost": 127193.18, "Plan Rows": 43, "Plan Width": 28, "Inner Unique": false, "Hash Cond": "(mc.movie_id = ci.movie_id)", "Plans": [{"Node Type": "Streaming(type: LOCAL GATHER dop: 1/16)", "Parent Relationship": "Outer", "Startup Cost": 0.0, "Total Cost": 24840.35, "Plan Rows": 297072, "Plan Width": 8, "Plans": [{"Node Type": "Seq Scan", "Parent Relationship": "Outer", "Relation Name": "movie_companies", "Alias": "mc", "Startup Cost": 0.0, "Total Cost": 18428.93, "Plan Rows": 297072, "Plan Width": 8, "Filter": "((note IS NOT NULL) AND (((note)::text ~~ '%(USA)%'::text) OR ((note)::text ~~ '%(worldwide)%'::text))), (LLVM Optimized)"}]}, {"Node Type": "Hash", "Parent Relationship": "Inner", "Startup Cost": 101236.92, "Total Cost": 101236.92, "Plan Rows": 117, "Plan Width": 20, "Plans": [{"Node Type": "Streaming(type: LOCAL GATHER dop: 1/16)", "Parent Relationship": "Outer", "Startup Cost": 37124.43, "Total Cost": 101236.92, "Plan Rows": 117, "Plan Width": 20, "Plans": [{"Node Type": "Hash Join", "Parent Relationship": "Outer", "Join Type": "Inner", "Startup Cost": 37124.43, "Total Cost": 101234.39, "Plan Rows": 117, "Plan Width": 20, "Inner Unique": true, "Hash Cond": "(ci.person_id = n.id)", "Plans": [{"Node Type": "Seq Scan", "Parent Relationship": "Outer", "Relation Name": "cast_info", "Alias": "ci", "Startup Cost": 0.0, "Total Cost": 63948.46, "Plan Rows": 833163, "Plan Width": 16, "Filter": "((note)::text = ANY ('{(voice),\"(voice: Japanese version)\",\"(voice) (uncredited)\",\"(voice: English version)\"}'::text[]))"}, {"Node Type": "Hash", "Parent Relationship": "Inner", "Startup Cost": 37123.23, "Total Cost": 37123.23, "Plan Rows": 1536, "Plan Width": 4, "Plans": [{"Node Type": "Streaming(type: BROADCAST dop: 16/16)", "Parent Relationship": "Outer", "Startup Cost": 0.0, "Total Cost": 37123.23, "Plan Rows": 1536, "Plan Width": 4, "Plans": [{"Node Type": "Seq Scan", "Parent Relationship": "Outer", "Relation Name": "name", "Alias": "n", "Startup Cost": 0.0, "Total Cost": 22119.33, "Plan Rows": 96, "Plan Width": 4, "Filter": "(((name)::text ~~ '%Ang%'::text) AND ((gender)::text = 'f'::text))"}]}]}]}]}]}]}]}, {"Node Type": "Hash", "Parent Relationship": "Inner", "Startup Cost": 19218.34, "Total Cost": 19218.34, "Plan Rows": 3140338, "Plan Width": 20, "Plans": [{"Node Type": "Seq Scan", "Parent Relationship": "Outer", "Relation Name": "char_name", "Alias": "chn", "Startup Cost": 0.0, "Total Cost": 19218.34, "Plan Rows": 3140338, "Plan Width": 20}]}]}]}, {"Node Type": "Hash", "Parent Relationship": "Inner", "Startup Cost": 5903.45, "Total Cost": 5903.45, "Plan Rows": 85170, "Plan Width": 4, "Plans": [{"Node Type": "Seq Scan", "Parent Relationship": "Outer", "Relation Name": "company_name", "Alias": "cn", "Startup Cost": 0.0, "Total Cost": 5903.45, "Plan Rows": 85170, "Plan Width": 4, "Filter": "((country_code)::text = '[us]'::text)"}]}]}, {"Node Type": "Hash", "Parent Relationship": "Inner", "Startup Cost": 1.15, "Total Cost": 1.15, "Plan Rows": 1, "Plan Width": 4, "Plans": [{"Node Type": "Seq Scan", "Parent Relationship": "Outer", "Relation Name": "role_type", "Alias": "rt", "Startup Cost": 0.0, "Total Cost": 1.15, "Plan Rows": 1, "Plan Width": 4, "Filter": "((role)::text = 'actress'::text)"}]}]}]}, {"Node Type": "Hash", "Parent Relationship": "Inner", "Startup Cost": 19544.42, "Total Cost": 19544.42, "Plan Rows": 1109224, "Plan Width": 21, "Plans": [{"Node Type": "Seq Scan", "Parent Relationship": "Outer", "Relation Name": "title", "Alias": "t", "Startup Cost": 86.43, "Total Cost": 19544.42, "Plan Rows": 1109224, "Plan Width": 21, "Filter": "((production_year >= 2005) AND (production_year <= 2015)), (LLVM Optimized)"}]}]}]}, {"Node Type": "Hash", "Parent Relationship": "Inner", "Startup Cost": 16244.28, "Total Cost": 16244.28, "Plan Rows": 901342, "Plan Width": 20, "Plans": [{"Node Type": "Seq Scan", "Parent Relationship": "Outer", "Relation Name": "aka_name", "Alias": "an", "Startup Cost": 0.0, "Total Cost": 16244.28, "Plan Rows": 901342, "Plan Width": 20}]}]}]}]}]}, "Unique SQL Id": 3431223514, "Planner Runtime": 430}, "explain_analyze_plan": null}, "(16, 107)": {"explain_plan": {"Plan": {"Node Type": "Aggregate", "Strategy": "Plain", "Startup Cost": 8000199747793.17, "Total Cost": 8000199747793.18, "Plan Rows": 1, "Plan Width": 145, "Plans": [{"Node Type": "Nested Loop", "Parent Relationship": "Outer", "Join Type": "Inner", "Startup Cost": 5030047461897.63, "Total Cost": 8000199747793.15, "Plan Rows": 2, "Plan Width": 49, "Inner Unique": false, "Join Filter": "(n.id = an.person_id)", "Plans": [{"Node Type": "Nested Loop", "Parent Relationship": "Outer", "Join Type": "Inner", "Startup Cost": 5020047461897.63, "Total Cost": 7000199747759.48, "Plan Rows": 1, "Plan Width": 41, "Inner Unique": true, "Plans": [{"Node Type": "Hash Join", "Parent Relationship": "Outer", "Join Type": "Inner", "Startup Cost": 5010047461897.63, "Total Cost": 6000199747710.83, "Plan Rows": 1, "Plan Width": 32, "Inner Unique": true, "Hash Cond": "(ci.role_id = rt.id)", "Plans": [{"Node Type": "Hash Join", "Parent Relationship": "Outer", "Join Type": "Inner", "Startup Cost": 4010047460651.61, "Total Cost": 5000199746464.74, "Plan Rows": 16, "Plan Width": 36, "Inner Unique": true, "Hash Cond": "(mc.company_id = cn.id)", "Plans": [{"Node Type": "Hash Join", "Parent Relationship": "Outer", "Join Type": "Inner", "Startup Cost": 3010046409448.02, "Total Cost": 4000198695260.82, "Plan Rows": 21, "Plan Width": 40, "Inner Unique": false, "Hash Cond": "(ci.movie_id = mc.movie_id)", "Plans": [{"Node Type": "Hash Join", "Parent Relationship": "Outer", "Join Type": "Inner", "Startup Cost": 2010032733820.64, "Total Cost": 3000185019618.62, "Plan Rows": 57, "Plan Width": 32, "Inner Unique": true, "Hash Cond": "(ci.person_role_id = chn.id)", "Plans": [{"Node Type": "Hash Join", "Parent Relationship": "Outer", "Join Type": "Inner", "Startup Cost": 1010019707020.9, "Total Cost": 2000171992817.88, "Plan Rows": 117, "Plan Width": 20, "Inner Unique": true, "Hash Cond": "(ci.person_id = n.id)", "Plans": [{"Node Type": "Index Scan", "Parent Relationship": "Outer", "Scan Direction": "Forward", "Index Name": "role_id_cast_info", "Relation Name": "cast_info", "Alias": "ci", "Startup Cost": 10000000000.0, "Total Cost": 1000152283213.0, "Plan Rows": 833163, "Plan Width": 16, "Filter": "((note)::text = ANY ('{(voice),\"(voice: Japanese version)\",\"(voice) (uncredited)\",\"(voice: English version)\"}'::text[]))"}, {"Node Type": "Hash", "Parent Relationship": "Inner", "Startup Cost": 1000019707019.7, "Total Cost": 1000019707019.7, "Plan Rows": 96, "Plan Width": 4, "Plans": [{"Node Type": "Index Scan", "Parent Relationship": "Outer", "Scan Direction": "Forward", "Index Name": "name_pkey", "Relation Name": "name", "Alias": "n", "Startup Cost": 10000000000.0, "Total Cost": 1000019707019.7, "Plan Rows": 96, "Plan Width": 4, "Filter": "(((name)::text ~~ '%Ang%'::text) AND ((gender)::text = 'f'::text))"}]}]}, {"Node Type": "Hash", "Parent Relationship": "Inner", "Startup Cost": 1000012987545.51, "Total Cost": 1000012987545.51, "Plan Rows": 3140338, "Plan Width": 20, "Plans": [{"Node Type": "Index Scan", "Parent Relationship": "Outer", "Scan Direction": "Forward", "Index Name": "char_name_pkey", "Relation Name": "char_name", "Alias": "chn", "Startup Cost": 10000000000.0, "Total Cost": 1000012987545.51, "Plan Rows": 3140338, "Plan Width": 20}]}]}, {"Node Type": "Hash", "Parent Relationship": "Inner", "Startup Cost": 1000013671913.98, "Total Cost": 1000013671913.98, "Plan Rows": 297072, "Plan Width": 8, "Plans": [{"Node Type": "Index Scan", "Parent Relationship": "Outer", "Scan Direction": "Forward", "Index Name": "company_id_movie_companies", "Relation Name": "movie_companies", "Alias": "mc", "Startup Cost": 10000000000.0, "Total Cost": 1000013671913.98, "Plan Rows": 297072, "Plan Width": 8, "Filter": "((note IS NOT NULL) AND (((note)::text ~~ '%(USA)%'::text) OR ((note)::text ~~ '%(worldwide)%'::text))), (LLVM Optimized)"}]}]}, {"Node Type": "Hash", "Parent Relationship": "Inner", "Startup Cost": 1000001050138.97, "Total Cost": 1000001050138.97, "Plan Rows": 85170, "Plan Width": 4, "Plans": [{"Node Type": "Index Scan", "Parent Relationship": "Outer", "Scan Direction": "Forward", "Index Name": "company_name_pkey", "Relation Name": "company_name", "Alias": "cn", "Startup Cost": 10000000000.0, "Total Cost": 1000001050138.97, "Plan Rows": 85170, "Plan Width": 4, "Filter": "((country_code)::text = '[us]'::text)"}]}]}, {"Node Type": "Hash", "Parent Relationship": "Inner", "Startup Cost": 1000000001246.0, "Total Cost": 1000000001246.0, "Plan Rows": 1, "Plan Width": 4, "Plans": [{"Node Type": "Index Scan", "Parent Relationship": "Outer", "Scan Direction": "Forward", "Index Name": "role_type_pkey", "Relation Name": "role_type", "Alias": "rt", "Startup Cost": 10000000000.0, "Total Cost": 1000000001246.0, "Plan Rows": 1, "Plan Width": 4, "Filter": "((role)::text = 'actress'::text)"}]}]}, {"Node Type": "Index Scan", "Parent Relationship": "Inner", "Scan Direction": "Forward", "Index Name": "title_pkey", "Relation Name": "title", "Alias": "t", "Startup Cost": 10000000000.0, "Total Cost": 1000000000048.64, "Plan Rows": 1, "Plan Width": 21, "Index Cond": "(id = ci.movie_id)", "Filter": "((production_year >= 2005) AND (production_year <= 2015))"}]}, {"Node Type": "Index Scan", "Parent Relationship": "Inner", "Scan Direction": "Forward", "Index Name": "person_id_aka_name", "Relation Name": "aka_name", "Alias": "an", "Startup Cost": 10000000000.0, "Total Cost": 1000000000033.66, "Plan Rows": 1, "Plan Width": 20, "Index Cond": "(person_id = ci.person_id)"}]}]}, "Unique SQL Id": 3431223514, "Planner Runtime": 98}, "explain_analyze_plan": null}, "(16, 108)": {"explain_plan": {"Plan": {"Node Type": "Aggregate", "Strategy": "Plain", "Startup Cost": 23236.72, "Total Cost": 23236.73, "Plan Rows": 1, "Plan Width": 145, "Plans": [{"Node Type": "Nested Loop", "Parent Relationship": "Outer", "Join Type": "Inner", "Startup Cost": 0.0, "Total Cost": 23236.71, "Plan Rows": 1, "Plan Width": 49, "Inner Unique": true, "Plans": [{"Node Type": "Nested Loop", "Parent Relationship": "Outer", "Join Type": "Inner", "Startup Cost": 0.0, "Total Cost": 23236.21, "Plan Rows": 1, "Plan Width": 40, "Inner Unique": true, "Plans": [{"Node Type": "Nested Loop", "Parent Relationship": "Outer", "Join Type": "Inner", "Startup Cost": 0.0, "Total Cost": 23235.56, "Plan Rows": 2, "Plan Width": 44, "Inner Unique": true, "Plans": [{"Node Type": "Nested Loop", "Parent Relationship": "Outer", "Join Type": "Inner", "Startup Cost": 0.0, "Total Cost": 23233.01, "Plan Rows": 5, "Plan Width": 32, "Inner Unique": false, "Plans": [{"Node Type": "Nested Loop", "Parent Relationship": "Outer", "Join Type": "Inner", "Startup Cost": 0.0, "Total Cost": 23227.4, "Plan Rows": 13, "Plan Width": 24, "Inner Unique": true, "Plans": [{"Node Type": "Nested Loop", "Parent Relationship": "Outer", "Join Type": "Inner", "Startup Cost": 0.0, "Total Cost": 23187.57, "Plan Rows": 141, "Plan Width": 28, "Inner Unique": false, "Join Filter": "(n.id = ci.person_id)", "Plans": [{"Node Type": "Nested Loop", "Parent Relationship": "Outer", "Join Type": "Inner", "Startup Cost": 0.0, "Total Cost": 22912.29, "Plan Rows": 115, "Plan Width": 24, "Inner Unique": false, "Plans": [{"Node Type": "Streaming(type: LOCAL GATHER dop: 1/16)", "Parent Relationship": "Outer", "Startup Cost": 0.0, "Total Cost": 22121.41, "Plan Rows": 96, "Plan Width": 4, "Plans": [{"Node Type": "Seq Scan", "Parent Relationship": "Outer", "Relation Name": "name", "Alias": "n", "Startup Cost": 0.0, "Total Cost": 22119.33, "Plan Rows": 96, "Plan Width": 4, "Filter": "(((name)::text ~~ '%Ang%'::text) AND ((gender)::text = 'f'::text))"}]}, {"Node Type": "Index Scan", "Parent Relationship": "Inner", "Scan Direction": "Forward", "Index Name": "person_id_aka_name", "Relation Name": "aka_name", "Alias": "an", "Startup Cost": 0.0, "Total Cost": 8.23, "Plan Rows": 1, "Plan Width": 20, "Index Cond": "(person_id = n.id)"}]}, {"Node Type": "Index Scan", "Parent Relationship": "Inner", "Scan Direction": "Forward", "Index Name": "person_id_cast_info", "Relation Name": "cast_info", "Alias": "ci", "Startup Cost": 0.0, "Total Cost": 2.38, "Plan Rows": 1, "Plan Width": 16, "Index Cond": "(person_id = an.person_id)", "Filter": "((note)::text = ANY ('{(voice),\"(voice: Japanese version)\",\"(voice) (uncredited)\",\"(voice: English version)\"}'::text[]))"}]}, {"Node Type": "Index Scan", "Parent Relationship": "Inner", "Scan Direction": "Forward", "Index Name": "role_type_pkey", "Relation Name": "role_type", "Alias": "rt", "Startup Cost": 0.0, "Total Cost": 0.27, "Plan Rows": 1, "Plan Width": 4, "Index Cond": "(id = ci.role_id)", "Filter": "((role)::text = 'actress'::text)"}]}, {"Node Type": "Index Scan", "Parent Relationship": "Inner", "Scan Direction": "Forward", "Index Name": "movie_id_movie_companies", "Relation Name": "movie_companies", "Alias": "mc", "Startup Cost": 0.0, "Total Cost": 0.42, "Plan Rows": 1, "Plan Width": 8, "Index Cond": "(movie_id = ci.movie_id)", "Filter": "((note IS NOT NULL) AND (((note)::text ~~ '%(USA)%'::text) OR ((note)::text ~~ '%(worldwide)%'::text)))"}]}, {"Node Type": "Index Scan", "Parent Relationship": "Inner", "Scan Direction": "Forward", "Index Name": "char_name_pkey", "Relation Name": "char_name", "Alias": "chn", "Startup Cost": 0.0, "Total Cost": 0.5, "Plan Rows": 1, "Plan Width": 20, "Index Cond": "(id = ci.person_role_id)"}]}, {"Node Type": "Index Scan", "Parent Relationship": "Inner", "Scan Direction": "Forward", "Index Name": "company_name_pkey", "Relation Name": "company_name", "Alias": "cn", "Startup Cost": 0.0, "Total Cost": 0.32, "Plan Rows": 1, "Plan Width": 4, "Index Cond": "(id = mc.company_id)", "Filter": "((country_code)::text = '[us]'::text)"}]}, {"Node Type": "Index Scan", "Parent Relationship": "Inner", "Scan Direction": "Forward", "Index Name": "title_pkey", "Relation Name": "title", "Alias": "t", "Startup Cost": 0.0, "Total Cost": 0.49, "Plan Rows": 1, "Plan Width": 21, "Index Cond": "(id = ci.movie_id)", "Filter": "((production_year >= 2005) AND (production_year <= 2015))"}]}]}, "Unique SQL Id": 3431223514, "Planner Runtime": 146}, "explain_analyze_plan": {"Plan": {"Node Type": "Aggregate", "Strategy": "Plain", "Startup Cost": 23236.72, "Total Cost": 23236.73, "Plan Rows": 1, "Plan Width": 145, "Actual Min Startup Time": 189.563, "Actual Max Startup Time": 189.563, "Actual Min Total Time": 189.564, "Actual Max Total Time": 189.564, "Plans": [{"Node Type": "Nested Loop", "Parent Relationship": "Outer", "Join Type": "Inner", "Startup Cost": 0.0, "Total Cost": 23236.71, "Plan Rows": 1, "Plan Width": 49, "Actual Min Startup Time": 69.69, "Actual Max Startup Time": 69.69, "Actual Min Total Time": 189.327, "Actual Max Total Time": 189.327, "Inner Unique": true, "Plans": [{"Node Type": "Nested Loop", "Parent Relationship": "Outer", "Join Type": "Inner", "Startup Cost": 0.0, "Total Cost": 23236.21, "Plan Rows": 1, "Plan Width": 40, "Actual Min Startup Time": 61.462, "Actual Max Startup Time": 61.462, "Actual Min Total Time": 187.482, "Actual Max Total Time": 187.482, "Inner Unique": true, "Plans": [{"Node Type": "Nested Loop", "Parent Relationship": "Outer", "Join Type": "Inner", "Startup Cost": 0.0, "Total Cost": 23235.56, "Plan Rows": 2, "Plan Width": 44, "Actual Min Startup Time": 61.442, "Actual Max Startup Time": 61.442, "Actual Min Total Time": 185.683, "Actual Max Total Time": 185.683, "Inner Unique": true, "Plans": [{"Node Type": "Nested Loop", "Parent Relationship": "Outer", "Join Type": "Inner", "Startup Cost": 0.0, "Total Cost": 23233.01, "Plan Rows": 5, "Plan Width": 32, "Actual Min Startup Time": 61.422, "Actual Max Startup Time": 61.422, "Actual Min Total Time": 183.916, "Actual Max Total Time": 183.916, "Inner Unique": false, "Plans": [{"Node Type": "Nested Loop", "Parent Relationship": "Outer", "Join Type": "Inner", "Startup Cost": 0.0, "Total Cost": 23227.4, "Plan Rows": 13, "Plan Width": 24, "Actual Min Startup Time": 60.102, "Actual Max Startup Time": 60.102, "Actual Min Total Time": 179.503, "Actual Max Total Time": 179.503, "Inner Unique": true, "Plans": [{"Node Type": "Nested Loop", "Parent Relationship": "Outer", "Join Type": "Inner", "Startup Cost": 0.0, "Total Cost": 23187.57, "Plan Rows": 141, "Plan Width": 28, "Actual Min Startup Time": 60.089, "Actual Max Startup Time": 60.089, "Actual Min Total Time": 178.229, "Actual Max Total Time": 178.229, "Inner Unique": false, "Join Filter": "(n.id = ci.person_id)", "Rows Removed by Join Filter": 0, "Plans": [{"Node Type": "Nested Loop", "Parent Relationship": "Outer", "Join Type": "Inner", "Startup Cost": 0.0, "Total Cost": 22912.29, "Plan Rows": 115, "Plan Width": 24, "Actual Min Startup Time": 58.801, "Actual Max Startup Time": 58.801, "Actual Min Total Time": 127.723, "Actual Max Total Time": 127.723, "Inner Unique": false, "Plans": [{"Node Type": "Streaming(type: LOCAL GATHER dop: 1/16)", "Parent Relationship": "Outer", "Startup Cost": 0.0, "Total Cost": 22121.41, "Plan Rows": 96, "Plan Width": 4, "Actual Min Startup Time": 58.724, "Actual Max Startup Time": 58.724, "Actual Min Total Time": 104.63, "Actual Max Total Time": 104.63, "Plans": [{"Node Type": "Seq Scan", "Parent Relationship": "Outer", "Relation Name": "name", "Alias": "n", "Startup Cost": 0.0, "Total Cost": 22119.33, "Plan Rows": 96, "Plan Width": 4, "Actual Min Startup Time": 40.745, "Actual Max Startup Time": 45.186, "Actual Min Total Time": 101.203, "Actual Max Total Time": 105.942, "Filter": "(((name)::text ~~ '%Ang%'::text) AND ((gender)::text = 'f'::text))", "Rows Removed by Filter": 4160722, "Actual Rows": 6768}], "Actual Rows": 6768}, {"Node Type": "Index Scan", "Parent Relationship": "Inner", "Scan Direction": "Forward", "Index Name": "person_id_aka_name", "Relation Name": "aka_name", "Alias": "an", "Startup Cost": 0.0, "Total Cost": 8.23, "Plan Rows": 1, "Plan Width": 20, "Actual Min Startup Time": 18.625, "Actual Max Startup Time": 18.625, "Actual Min Total Time": 19.445, "Actual Max Total Time": 19.445, "Index Cond": "(person_id = n.id)", "Rows Removed by Index Recheck": 0, "Actual Rows": 1558}], "Actual Rows": 1558}, {"Node Type": "Index Scan", "Parent Relationship": "Inner", "Scan Direction": "Forward", "Index Name": "person_id_cast_info", "Relation Name": "cast_info", "Alias": "ci", "Startup Cost": 0.0, "Total Cost": 2.38, "Plan Rows": 1, "Plan Width": 16, "Actual Min Startup Time": 44.65, "Actual Max Startup Time": 44.65, "Actual Min Total Time": 49.451, "Actual Max Total Time": 49.451, "Index Cond": "(person_id = an.person_id)", "Rows Removed by Index Recheck": 0, "Filter": "((note)::text = ANY ('{(voice),\"(voice: Japanese version)\",\"(voice) (uncredited)\",\"(voice: English version)\"}'::text[]))", "Rows Removed by Filter": 69057, "Actual Rows": 425}], "Actual Rows": 425}, {"Node Type": "Index Scan", "Parent Relationship": "Inner", "Scan Direction": "Forward", "Index Name": "role_type_pkey", "Relation Name": "role_type", "Alias": "rt", "Startup Cost": 0.0, "Total Cost": 0.27, "Plan Rows": 1, "Plan Width": 4, "Actual Min Startup Time": 0.858, "Actual Max Startup Time": 0.858, "Actual Min Total Time": 0.858, "Actual Max Total Time": 0.858, "Index Cond": "(id = ci.role_id)", "Rows Removed by Index Recheck": 0, "Filter": "((role)::text = 'actress'::text)", "Rows Removed by Filter": 0, "Actual Rows": 425}], "Actual Rows": 425}, {"Node Type": "Index Scan", "Parent Relationship": "Inner", "Scan Direction": "Forward", "Index Name": "movie_id_movie_companies", "Relation Name": "movie_companies", "Alias": "mc", "Startup Cost": 0.0, "Total Cost": 0.42, "Plan Rows": 1, "Plan Width": 8, "Actual Min Startup Time": 2.875, "Actual Max Startup Time": 2.875, "Actual Min Total Time": 4.052, "Actual Max Total Time": 4.052, "Index Cond": "(movie_id = ci.movie_id)", "Rows Removed by Index Recheck": 0, "Filter": "((note IS NOT NULL) AND (((note)::text ~~ '%(USA)%'::text) OR ((note)::text ~~ '%(worldwide)%'::text)))", "Rows Removed by Filter": 1538, "Actual Rows": 373}], "Actual Rows": 373}, {"Node Type": "Index Scan", "Parent Relationship": "Inner", "Scan Direction": "Forward", "Index Name": "char_name_pkey", "Relation Name": "char_name", "Alias": "chn", "Startup Cost": 0.0, "Total Cost": 0.5, "Plan Rows": 1, "Plan Width": 20, "Actual Min Startup Time": 1.399, "Actual Max Startup Time": 1.399, "Actual Min Total Time": 1.399, "Actual Max Total Time": 1.399, "Index Cond": "(id = ci.person_role_id)", "Rows Removed by Index Recheck": 0, "Actual Rows": 348}], "Actual Rows": 348}, {"Node Type": "Index Scan", "Parent Relationship": "Inner", "Scan Direction": "Forward", "Index Name": "company_name_pkey", "Relation Name": "company_name", "Alias": "cn", "Startup Cost": 0.0, "Total Cost": 0.32, "Plan Rows": 1, "Plan Width": 4, "Actual Min Startup Time": 1.447, "Actual Max Startup Time": 1.447, "Actual Min Total Time": 1.447, "Actual Max Total Time": 1.447, "Index Cond": "(id = mc.company_id)", "Rows Removed by Index Recheck": 0, "Filter": "((country_code)::text = '[us]'::text)", "Rows Removed by Filter": 7, "Actual Rows": 341}], "Actual Rows": 341}, {"Node Type": "Index Scan", "Parent Relationship": "Inner", "Scan Direction": "Forward", "Index Name": "title_pkey", "Relation Name": "title", "Alias": "t", "Startup Cost": 0.0, "Total Cost": 0.49, "Plan Rows": 1, "Plan Width": 21, "Actual Min Startup Time": 1.574, "Actual Max Startup Time": 1.574, "Actual Min Total Time": 1.574, "Actual Max Total Time": 1.574, "Index Cond": "(id = ci.movie_id)", "Rows Removed by Index Recheck": 0, "Filter": "((production_year >= 2005) AND (production_year <= 2015))", "Rows Removed by Filter": 220, "Actual Rows": 121}], "Actual Rows": 121}], "Actual Rows": 1}, "Triggers": [], "Planner Runtime": 146, "Total Runtime": 192.53, "Unique SQL Id": 3431223514}}, "(16, 109)": {"explain_plan": {"Plan": {"Node Type": "Aggregate", "Strategy": "Plain", "Startup Cost": 154581.71, "Total Cost": 154581.72, "Plan Rows": 1, "Plan Width": 145, "Plans": [{"Node Type": "Nested Loop", "Parent Relationship": "Outer", "Join Type": "Inner", "Startup Cost": 0.0, "Total Cost": 154581.7, "Plan Rows": 1, "Plan Width": 49, "Inner Unique": true, "Plans": [{"Node Type": "Nested Loop", "Parent Relationship": "Outer", "Join Type": "Inner", "Startup Cost": 0.0, "Total Cost": 154581.21, "Plan Rows": 1, "Plan Width": 40, "Inner Unique": true, "Plans": [{"Node Type": "Nested Loop", "Parent Relationship": "Outer", "Join Type": "Inner", "Startup Cost": 0.0, "Total Cost": 154580.19, "Plan Rows": 2, "Plan Width": 28, "Inner Unique": true, "Plans": [{"Node Type": "Nested Loop", "Parent Relationship": "Outer", "Join Type": "Inner", "Startup Cost": 0.0, "Total Cost": 154578.55, "Plan Rows": 5, "Plan Width": 32, "Inner Unique": false, "Plans": [{"Node Type": "Nested Loop", "Parent Relationship": "Outer", "Join Type": "Inner", "Startup Cost": 0.0, "Total Cost": 154572.94, "Plan Rows": 13, "Plan Width": 24, "Inner Unique": true, "Plans": [{"Node Type": "Nested Loop", "Parent Relationship": "Outer", "Join Type": "Inner", "Startup Cost": 0.0, "Total Cost": 154533.1, "Plan Rows": 141, "Plan Width": 28, "Inner Unique": false, "Join Filter": "(n.id = ci.person_id)", "Plans": [{"Node Type": "Nested Loop", "Parent Relationship": "Outer", "Join Type": "Inner", "Startup Cost": 0.0, "Total Cost": 154257.82, "Plan Rows": 115, "Plan Width": 24, "Inner Unique": false, "Plans": [{"Node Type": "Streaming(type: LOCAL GATHER dop: 1/16)", "Parent Relationship": "Outer", "Startup Cost": 0.0, "Total Cost": 153466.94, "Plan Rows": 96, "Plan Width": 4, "Plans": [{"Node Type": "Index Scan", "Parent Relationship": "Outer", "Scan Direction": "Forward", "Index Name": "name_pkey", "Relation Name": "name", "Alias": "n", "Startup Cost": 0.0, "Total Cost": 153464.87, "Plan Rows": 96, "Plan Width": 4, "Filter": "(((name)::text ~~ '%Ang%'::text) AND ((gender)::text = 'f'::text))"}]}, {"Node Type": "Index Scan", "Parent Relationship": "Inner", "Scan Direction": "Forward", "Index Name": "person_id_aka_name", "Relation Name": "aka_name", "Alias": "an", "Startup Cost": 0.0, "Total Cost": 8.23, "Plan Rows": 1, "Plan Width": 20, "Index Cond": "(person_id = n.id)"}]}, {"Node Type": "Index Scan", "Parent Relationship": "Inner", "Scan Direction": "Forward", "Index Name": "person_id_cast_info", "Relation Name": "cast_info", "Alias": "ci", "Startup Cost": 0.0, "Total Cost": 2.38, "Plan Rows": 1, "Plan Width": 16, "Index Cond": "(person_id = an.person_id)", "Filter": "((note)::text = ANY ('{(voice),\"(voice: Japanese version)\",\"(voice) (uncredited)\",\"(voice: English version)\"}'::text[]))"}]}, {"Node Type": "Index Scan", "Parent Relationship": "Inner", "Scan Direction": "Forward", "Index Name": "role_type_pkey", "Relation Name": "role_type", "Alias": "rt", "Startup Cost": 0.0, "Total Cost": 0.27, "Plan Rows": 1, "Plan Width": 4, "Index Cond": "(id = ci.role_id)", "Filter": "((role)::text = 'actress'::text)"}]}, {"Node Type": "Index Scan", "Parent Relationship": "Inner", "Scan Direction": "Forward", "Index Name": "movie_id_movie_companies", "Relation Name": "movie_companies", "Alias": "mc", "Startup Cost": 0.0, "Total Cost": 0.42, "Plan Rows": 1, "Plan Width": 8, "Index Cond": "(movie_id = ci.movie_id)", "Filter": "((note IS NOT NULL) AND (((note)::text ~~ '%(USA)%'::text) OR ((note)::text ~~ '%(worldwide)%'::text)))"}]}, {"Node Type": "Index Scan", "Parent Relationship": "Inner", "Scan Direction": "Forward", "Index Name": "company_name_pkey", "Relation Name": "company_name", "Alias": "cn", "Startup Cost": 0.0, "Total Cost": 0.32, "Plan Rows": 1, "Plan Width": 4, "Index Cond": "(id = mc.company_id)", "Filter": "((country_code)::text = '[us]'::text)"}]}, {"Node Type": "Index Scan", "Parent Relationship": "Inner", "Scan Direction": "Forward", "Index Name": "char_name_pkey", "Relation Name": "char_name", "Alias": "chn", "Startup Cost": 0.0, "Total Cost": 0.5, "Plan Rows": 1, "Plan Width": 20, "Index Cond": "(id = ci.person_role_id)"}]}, {"Node Type": "Index Scan", "Parent Relationship": "Inner", "Scan Direction": "Forward", "Index Name": "title_pkey", "Relation Name": "title", "Alias": "t", "Startup Cost": 0.0, "Total Cost": 0.49, "Plan Rows": 1, "Plan Width": 21, "Index Cond": "(id = ci.movie_id)", "Filter": "((production_year >= 2005) AND (production_year <= 2015))"}]}]}, "Unique SQL Id": 3431223514, "Planner Runtime": 40}, "explain_analyze_plan": {"Plan": {"Node Type": "Aggregate", "Strategy": "Plain", "Startup Cost": 154581.71, "Total Cost": 154581.72, "Plan Rows": 1, "Plan Width": 145, "Actual Min Startup Time": 320.416, "Actual Max Startup Time": 320.416, "Actual Min Total Time": 320.417, "Actual Max Total Time": 320.417, "Plans": [{"Node Type": "Nested Loop", "Parent Relationship": "Outer", "Join Type": "Inner", "Startup Cost": 0.0, "Total Cost": 154581.7, "Plan Rows": 1, "Plan Width": 49, "Actual Min Startup Time": 98.859, "Actual Max Startup Time": 98.859, "Actual Min Total Time": 320.124, "Actual Max Total Time": 320.124, "Inner Unique": true, "Plans": [{"Node Type": "Nested Loop", "Parent Relationship": "Outer", "Join Type": "Inner", "Startup Cost": 0.0, "Total Cost": 154581.21, "Plan Rows": 1, "Plan Width": 40, "Actual Min Startup Time": 67.906, "Actual Max Startup Time": 67.906, "Actual Min Total Time": 318.254, "Actual Max Total Time": 318.254, "Inner Unique": true, "Plans": [{"Node Type": "Nested Loop", "Parent Relationship": "Outer", "Join Type": "Inner", "Startup Cost": 0.0, "Total Cost": 154580.19, "Plan Rows": 2, "Plan Width": 28, "Actual Min Startup Time": 67.889, "Actual Max Startup Time": 67.889, "Actual Min Total Time": 316.485, "Actual Max Total Time": 316.485, "Inner Unique": true, "Plans": [{"Node Type": "Nested Loop", "Parent Relationship": "Outer", "Join Type": "Inner", "Startup Cost": 0.0, "Total Cost": 154578.55, "Plan Rows": 5, "Plan Width": 32, "Actual Min Startup Time": 67.87, "Actual Max Startup Time": 67.87, "Actual Min Total Time": 314.414, "Actual Max Total Time": 314.414, "Inner Unique": false, "Plans": [{"Node Type": "Nested Loop", "Parent Relationship": "Outer", "Join Type": "Inner", "Startup Cost": 0.0, "Total Cost": 154572.94, "Plan Rows": 13, "Plan Width": 24, "Actual Min Startup Time": 67.844, "Actual Max Startup Time": 67.844, "Actual Min Total Time": 309.954, "Actual Max Total Time": 309.954, "Inner Unique": true, "Plans": [{"Node Type": "Nested Loop", "Parent Relationship": "Outer", "Join Type": "Inner", "Startup Cost": 0.0, "Total Cost": 154533.1, "Plan Rows": 141, "Plan Width": 28, "Actual Min Startup Time": 67.832, "Actual Max Startup Time": 67.832, "Actual Min Total Time": 308.644, "Actual Max Total Time": 308.644, "Inner Unique": false, "Join Filter": "(n.id = ci.person_id)", "Rows Removed by Join Filter": 0, "Plans": [{"Node Type": "Nested Loop", "Parent Relationship": "Outer", "Join Type": "Inner", "Startup Cost": 0.0, "Total Cost": 154257.82, "Plan Rows": 115, "Plan Width": 24, "Actual Min Startup Time": 67.78, "Actual Max Startup Time": 67.78, "Actual Min Total Time": 258.301, "Actual Max Total Time": 258.301, "Inner Unique": false, "Plans": [{"Node Type": "Streaming(type: LOCAL GATHER dop: 1/16)", "Parent Relationship": "Outer", "Startup Cost": 0.0, "Total Cost": 153466.94, "Plan Rows": 96, "Plan Width": 4, "Actual Min Startup Time": 67.718, "Actual Max Startup Time": 67.718, "Actual Min Total Time": 235.399, "Actual Max Total Time": 235.399, "Plans": [{"Node Type": "Index Scan", "Parent Relationship": "Outer", "Scan Direction": "Forward", "Index Name": "name_pkey", "Relation Name": "name", "Alias": "n", "Startup Cost": 0.0, "Total Cost": 153464.87, "Plan Rows": 96, "Plan Width": 4, "Actual Min Startup Time": 36.308, "Actual Max Startup Time": 291.918, "Actual Min Total Time": 271.115, "Actual Max Total Time": 291.918, "Filter": "(((name)::text ~~ '%Ang%'::text) AND ((gender)::text = 'f'::text))", "Rows Removed by Filter": 4160722, "Actual Rows": 6768}], "Actual Rows": 6768}, {"Node Type": "Index Scan", "Parent Relationship": "Inner", "Scan Direction": "Forward", "Index Name": "person_id_aka_name", "Relation Name": "aka_name", "Alias": "an", "Startup Cost": 0.0, "Total Cost": 8.23, "Plan Rows": 1, "Plan Width": 20, "Actual Min Startup Time": 18.331, "Actual Max Startup Time": 18.331, "Actual Min Total Time": 19.18, "Actual Max Total Time": 19.18, "Index Cond": "(person_id = n.id)", "Rows Removed by Index Recheck": 0, "Actual Rows": 1558}], "Actual Rows": 1558}, {"Node Type": "Index Scan", "Parent Relationship": "Inner", "Scan Direction": "Forward", "Index Name": "person_id_cast_info", "Relation Name": "cast_info", "Alias": "ci", "Startup Cost": 0.0, "Total Cost": 2.38, "Plan Rows": 1, "Plan Width": 16, "Actual Min Startup Time": 44.414, "Actual Max Startup Time": 44.414, "Actual Min Total Time": 49.22, "Actual Max Total Time": 49.22, "Index Cond": "(person_id = an.person_id)", "Rows Removed by Index Recheck": 0, "Filter": "((note)::text = ANY ('{(voice),\"(voice: Japanese version)\",\"(voice) (uncredited)\",\"(voice: English version)\"}'::text[]))", "Rows Removed by Filter": 69057, "Actual Rows": 425}], "Actual Rows": 425}, {"Node Type": "Index Scan", "Parent Relationship": "Inner", "Scan Direction": "Forward", "Index Name": "role_type_pkey", "Relation Name": "role_type", "Alias": "rt", "Startup Cost": 0.0, "Total Cost": 0.27, "Plan Rows": 1, "Plan Width": 4, "Actual Min Startup Time": 0.857, "Actual Max Startup Time": 0.857, "Actual Min Total Time": 0.857, "Actual Max Total Time": 0.857, "Index Cond": "(id = ci.role_id)", "Rows Removed by Index Recheck": 0, "Filter": "((role)::text = 'actress'::text)", "Rows Removed by Filter": 0, "Actual Rows": 425}], "Actual Rows": 425}, {"Node Type": "Index Scan", "Parent Relationship": "Inner", "Scan Direction": "Forward", "Index Name": "movie_id_movie_companies", "Relation Name": "movie_companies", "Alias": "mc", "Startup Cost": 0.0, "Total Cost": 0.42, "Plan Rows": 1, "Plan Width": 8, "Actual Min Startup Time": 2.936, "Actual Max Startup Time": 2.936, "Actual Min Total Time": 4.116, "Actual Max Total Time": 4.116, "Index Cond": "(movie_id = ci.movie_id)", "Rows Removed by Index Recheck": 0, "Filter": "((note IS NOT NULL) AND (((note)::text ~~ '%(USA)%'::text) OR ((note)::text ~~ '%(worldwide)%'::text)))", "Rows Removed by Filter": 1538, "Actual Rows": 373}], "Actual Rows": 373}, {"Node Type": "Index Scan", "Parent Relationship": "Inner", "Scan Direction": "Forward", "Index Name": "company_name_pkey", "Relation Name": "company_name", "Alias": "cn", "Startup Cost": 0.0, "Total Cost": 0.32, "Plan Rows": 1, "Plan Width": 4, "Actual Min Startup Time": 1.683, "Actual Max Startup Time": 1.683, "Actual Min Total Time": 1.683, "Actual Max Total Time": 1.683, "Index Cond": "(id = mc.company_id)", "Rows Removed by Index Recheck": 0, "Filter": "((country_code)::text = '[us]'::text)", "Rows Removed by Filter": 14, "Actual Rows": 359}], "Actual Rows": 359}, {"Node Type": "Index Scan", "Parent Relationship": "Inner", "Scan Direction": "Forward", "Index Name": "char_name_pkey", "Relation Name": "char_name", "Alias": "chn", "Startup Cost": 0.0, "Total Cost": 0.5, "Plan Rows": 1, "Plan Width": 20, "Actual Min Startup Time": 1.371, "Actual Max Startup Time": 1.371, "Actual Min Total Time": 1.371, "Actual Max Total Time": 1.371, "Index Cond": "(id = ci.person_role_id)", "Rows Removed by Index Recheck": 0, "Actual Rows": 341}], "Actual Rows": 341}, {"Node Type": "Index Scan", "Parent Relationship": "Inner", "Scan Direction": "Forward", "Index Name": "title_pkey", "Relation Name": "title", "Alias": "t", "Startup Cost": 0.0, "Total Cost": 0.49, "Plan Rows": 1, "Plan Width": 21, "Actual Min Startup Time": 1.601, "Actual Max Startup Time": 1.601, "Actual Min Total Time": 1.601, "Actual Max Total Time": 1.601, "Index Cond": "(id = ci.movie_id)", "Rows Removed by Index Recheck": 0, "Filter": "((production_year >= 2005) AND (production_year <= 2015))", "Rows Removed by Filter": 220, "Actual Rows": 121}], "Actual Rows": 121}], "Actual Rows": 1}, "Triggers": [], "Planner Runtime": 40, "Total Runtime": 323.463, "Unique SQL Id": 3431223514}}, "(16, 110)": {"explain_plan": {"Plan": {"Node Type": "Aggregate", "Strategy": "Plain", "Startup Cost": 192527.05, "Total Cost": 192527.08, "Plan Rows": 1, "Plan Width": 145, "Plans": [{"Node Type": "Streaming(type: LOCAL GATHER dop: 1/16)", "Parent Relationship": "Outer", "Startup Cost": 192527.05, "Total Cost": 192527.08, "Plan Rows": 1, "Plan Width": 145, "Plans": [{"Node Type": "Aggregate", "Strategy": "Plain", "Parent Relationship": "Outer", "Startup Cost": 192527.05, "Total Cost": 192527.06, "Plan Rows": 1, "Plan Width": 145, "Plans": [{"Node Type": "Hash Join", "Parent Relationship": "Outer", "Join Type": "Inner", "Startup Cost": 121555.93, "Total Cost": 192527.03, "Plan Rows": 2, "Plan Width": 49, "Inner Unique": false, "Hash Cond": "(n.id = an.person_id)", "Plans": [{"Node Type": "Streaming(type: BROADCAST dop: 16/16)", "Parent Relationship": "Outer", "Startup Cost": 116790.69, "Total Cost": 187761.76, "Plan Rows": 16, "Plan Width": 41, "Plans": [{"Node Type": "Hash Join", "Parent Relationship": "Outer", "Join Type": "Inner", "Startup Cost": 116790.69, "Total Cost": 172761.72, "Plan Rows": 1, "Plan Width": 41, "Inner Unique": true, "Hash Cond": "(ci.movie_id = t.id)", "Plans": [{"Node Type": "Streaming(type: BROADCAST dop: 16/1)", "Parent Relationship": "Outer", "Startup Cost": 111038.0, "Total Cost": 167009.02, "Plan Rows": 16, "Plan Width": 32, "Plans": [{"Node Type": "Hash Join", "Parent Relationship": "Outer", "Join Type": "Inner", "Startup Cost": 111038.0, "Total Cost": 152008.68, "Plan Rows": 1, "Plan Width": 32, "Inner Unique": true, "Hash Cond": "(ci.role_id = rt.id)", "Plans": [{"Node Type": "Hash Join", "Parent Relationship": "Outer", "Join Type": "Inner", "Startup Cost": 111036.84, "Total Cost": 152007.44, "Plan Rows": 16, "Plan Width": 36, "Inner Unique": true, "Hash Cond": "(mc.company_id = cn.id)", "Plans": [{"Node Type": "Streaming(type: LOCAL GATHER dop: 1/16)", "Parent Relationship": "Outer", "Startup Cost": 108496.35, "Total Cost": 149466.63, "Plan Rows": 21, "Plan Width": 40, "Plans": [{"Node Type": "Hash Join", "Parent Relationship": "Outer", "Join Type": "Inner", "Startup Cost": 108496.35, "Total Cost": 149466.17, "Plan Rows": 21, "Plan Width": 40, "Inner Unique": true, "Hash Cond": "(ci.person_role_id = chn.id)", "Plans": [{"Node Type": "Streaming(type: BROADCAST dop: 16/1)", "Parent Relationship": "Outer", "Startup Cost": 101238.38, "Total Cost": 142208.03, "Plan Rows": 688, "Plan Width": 28, "Plans": [{"Node Type": "Hash Join", "Parent Relationship": "Outer", "Join Type": "Inner", "Startup Cost": 101238.38, "Total Cost": 127193.18, "Plan Rows": 43, "Plan Width": 28, "Inner Unique": false, "Hash Cond": "(mc.movie_id = ci.movie_id)", "Plans": [{"Node Type": "Streaming(type: LOCAL GATHER dop: 1/16)", "Parent Relationship": "Outer", "Startup Cost": 0.0, "Total Cost": 24840.35, "Plan Rows": 297072, "Plan Width": 8, "Plans": [{"Node Type": "Seq Scan", "Parent Relationship": "Outer", "Relation Name": "movie_companies", "Alias": "mc", "Startup Cost": 0.0, "Total Cost": 18428.93, "Plan Rows": 297072, "Plan Width": 8, "Filter": "((note IS NOT NULL) AND (((note)::text ~~ '%(USA)%'::text) OR ((note)::text ~~ '%(worldwide)%'::text))), (LLVM Optimized)"}]}, {"Node Type": "Hash", "Parent Relationship": "Inner", "Startup Cost": 101236.92, "Total Cost": 101236.92, "Plan Rows": 117, "Plan Width": 20, "Plans": [{"Node Type": "Streaming(type: LOCAL GATHER dop: 1/16)", "Parent Relationship": "Outer", "Startup Cost": 37124.43, "Total Cost": 101236.92, "Plan Rows": 117, "Plan Width": 20, "Plans": [{"Node Type": "Hash Join", "Parent Relationship": "Outer", "Join Type": "Inner", "Startup Cost": 37124.43, "Total Cost": 101234.39, "Plan Rows": 117, "Plan Width": 20, "Inner Unique": true, "Hash Cond": "(ci.person_id = n.id)", "Plans": [{"Node Type": "Seq Scan", "Parent Relationship": "Outer", "Relation Name": "cast_info", "Alias": "ci", "Startup Cost": 0.0, "Total Cost": 63948.46, "Plan Rows": 833163, "Plan Width": 16, "Filter": "((note)::text = ANY ('{(voice),\"(voice: Japanese version)\",\"(voice) (uncredited)\",\"(voice: English version)\"}'::text[]))"}, {"Node Type": "Hash", "Parent Relationship": "Inner", "Startup Cost": 37123.23, "Total Cost": 37123.23, "Plan Rows": 1536, "Plan Width": 4, "Plans": [{"Node Type": "Streaming(type: BROADCAST dop: 16/16)", "Parent Relationship": "Outer", "Startup Cost": 0.0, "Total Cost": 37123.23, "Plan Rows": 1536, "Plan Width": 4, "Plans": [{"Node Type": "Seq Scan", "Parent Relationship": "Outer", "Relation Name": "name", "Alias": "n", "Startup Cost": 0.0, "Total Cost": 22119.33, "Plan Rows": 96, "Plan Width": 4, "Filter": "(((name)::text ~~ '%Ang%'::text) AND ((gender)::text = 'f'::text))"}]}]}]}]}]}]}]}, {"Node Type": "Hash", "Parent Relationship": "Inner", "Startup Cost": 19218.34, "Total Cost": 19218.34, "Plan Rows": 3140338, "Plan Width": 20, "Plans": [{"Node Type": "Seq Scan", "Parent Relationship": "Outer", "Relation Name": "char_name", "Alias": "chn", "Startup Cost": 0.0, "Total Cost": 19218.34, "Plan Rows": 3140338, "Plan Width": 20}]}]}]}, {"Node Type": "Hash", "Parent Relationship": "Inner", "Startup Cost": 5903.45, "Total Cost": 5903.45, "Plan Rows": 85170, "Plan Width": 4, "Plans": [{"Node Type": "Seq Scan", "Parent Relationship": "Outer", "Relation Name": "company_name", "Alias": "cn", "Startup Cost": 0.0, "Total Cost": 5903.45, "Plan Rows": 85170, "Plan Width": 4, "Filter": "((country_code)::text = '[us]'::text)"}]}]}, {"Node Type": "Hash", "Parent Relationship": "Inner", "Startup Cost": 1.15, "Total Cost": 1.15, "Plan Rows": 1, "Plan Width": 4, "Plans": [{"Node Type": "Seq Scan", "Parent Relationship": "Outer", "Relation Name": "role_type", "Alias": "rt", "Startup Cost": 0.0, "Total Cost": 1.15, "Plan Rows": 1, "Plan Width": 4, "Filter": "((role)::text = 'actress'::text)"}]}]}]}, {"Node Type": "Hash", "Parent Relationship": "Inner", "Startup Cost": 19544.42, "Total Cost": 19544.42, "Plan Rows": 1109224, "Plan Width": 21, "Plans": [{"Node Type": "Seq Scan", "Parent Relationship": "Outer", "Relation Name": "title", "Alias": "t", "Startup Cost": 86.43, "Total Cost": 19544.42, "Plan Rows": 1109224, "Plan Width": 21, "Filter": "((production_year >= 2005) AND (production_year <= 2015)), (LLVM Optimized)"}]}]}]}, {"Node Type": "Hash", "Parent Relationship": "Inner", "Startup Cost": 16244.28, "Total Cost": 16244.28, "Plan Rows": 901342, "Plan Width": 20, "Plans": [{"Node Type": "Seq Scan", "Parent Relationship": "Outer", "Relation Name": "aka_name", "Alias": "an", "Startup Cost": 0.0, "Total Cost": 16244.28, "Plan Rows": 901342, "Plan Width": 20}]}]}]}]}]}, "Unique SQL Id": 3431223514, "Planner Runtime": 430}, "explain_analyze_plan": null}, "(16, 111)": {"explain_plan": {"Plan": {"Node Type": "Aggregate", "Strategy": "Plain", "Startup Cost": 8000199747793.17, "Total Cost": 8000199747793.18, "Plan Rows": 1, "Plan Width": 145, "Plans": [{"Node Type": "Nested Loop", "Parent Relationship": "Outer", "Join Type": "Inner", "Startup Cost": 5030047461897.63, "Total Cost": 8000199747793.15, "Plan Rows": 2, "Plan Width": 49, "Inner Unique": false, "Join Filter": "(n.id = an.person_id)", "Plans": [{"Node Type": "Nested Loop", "Parent Relationship": "Outer", "Join Type": "Inner", "Startup Cost": 5020047461897.63, "Total Cost": 7000199747759.48, "Plan Rows": 1, "Plan Width": 41, "Inner Unique": true, "Plans": [{"Node Type": "Hash Join", "Parent Relationship": "Outer", "Join Type": "Inner", "Startup Cost": 5010047461897.63, "Total Cost": 6000199747710.83, "Plan Rows": 1, "Plan Width": 32, "Inner Unique": true, "Hash Cond": "(ci.role_id = rt.id)", "Plans": [{"Node Type": "Hash Join", "Parent Relationship": "Outer", "Join Type": "Inner", "Startup Cost": 4010047460651.61, "Total Cost": 5000199746464.74, "Plan Rows": 16, "Plan Width": 36, "Inner Unique": true, "Hash Cond": "(mc.company_id = cn.id)", "Plans": [{"Node Type": "Hash Join", "Parent Relationship": "Outer", "Join Type": "Inner", "Startup Cost": 3010046409448.02, "Total Cost": 4000198695260.82, "Plan Rows": 21, "Plan Width": 40, "Inner Unique": false, "Hash Cond": "(ci.movie_id = mc.movie_id)", "Plans": [{"Node Type": "Hash Join", "Parent Relationship": "Outer", "Join Type": "Inner", "Startup Cost": 2010032733820.64, "Total Cost": 3000185019618.62, "Plan Rows": 57, "Plan Width": 32, "Inner Unique": true, "Hash Cond": "(ci.person_role_id = chn.id)", "Plans": [{"Node Type": "Hash Join", "Parent Relationship": "Outer", "Join Type": "Inner", "Startup Cost": 1010019707020.9, "Total Cost": 2000171992817.88, "Plan Rows": 117, "Plan Width": 20, "Inner Unique": true, "Hash Cond": "(ci.person_id = n.id)", "Plans": [{"Node Type": "Index Scan", "Parent Relationship": "Outer", "Scan Direction": "Forward", "Index Name": "role_id_cast_info", "Relation Name": "cast_info", "Alias": "ci", "Startup Cost": 10000000000.0, "Total Cost": 1000152283213.0, "Plan Rows": 833163, "Plan Width": 16, "Filter": "((note)::text = ANY ('{(voice),\"(voice: Japanese version)\",\"(voice) (uncredited)\",\"(voice: English version)\"}'::text[]))"}, {"Node Type": "Hash", "Parent Relationship": "Inner", "Startup Cost": 1000019707019.7, "Total Cost": 1000019707019.7, "Plan Rows": 96, "Plan Width": 4, "Plans": [{"Node Type": "Index Scan", "Parent Relationship": "Outer", "Scan Direction": "Forward", "Index Name": "name_pkey", "Relation Name": "name", "Alias": "n", "Startup Cost": 10000000000.0, "Total Cost": 1000019707019.7, "Plan Rows": 96, "Plan Width": 4, "Filter": "(((name)::text ~~ '%Ang%'::text) AND ((gender)::text = 'f'::text))"}]}]}, {"Node Type": "Hash", "Parent Relationship": "Inner", "Startup Cost": 1000012987545.51, "Total Cost": 1000012987545.51, "Plan Rows": 3140338, "Plan Width": 20, "Plans": [{"Node Type": "Index Scan", "Parent Relationship": "Outer", "Scan Direction": "Forward", "Index Name": "char_name_pkey", "Relation Name": "char_name", "Alias": "chn", "Startup Cost": 10000000000.0, "Total Cost": 1000012987545.51, "Plan Rows": 3140338, "Plan Width": 20}]}]}, {"Node Type": "Hash", "Parent Relationship": "Inner", "Startup Cost": 1000013671913.98, "Total Cost": 1000013671913.98, "Plan Rows": 297072, "Plan Width": 8, "Plans": [{"Node Type": "Index Scan", "Parent Relationship": "Outer", "Scan Direction": "Forward", "Index Name": "company_id_movie_companies", "Relation Name": "movie_companies", "Alias": "mc", "Startup Cost": 10000000000.0, "Total Cost": 1000013671913.98, "Plan Rows": 297072, "Plan Width": 8, "Filter": "((note IS NOT NULL) AND (((note)::text ~~ '%(USA)%'::text) OR ((note)::text ~~ '%(worldwide)%'::text))), (LLVM Optimized)"}]}]}, {"Node Type": "Hash", "Parent Relationship": "Inner", "Startup Cost": 1000001050138.97, "Total Cost": 1000001050138.97, "Plan Rows": 85170, "Plan Width": 4, "Plans": [{"Node Type": "Index Scan", "Parent Relationship": "Outer", "Scan Direction": "Forward", "Index Name": "company_name_pkey", "Relation Name": "company_name", "Alias": "cn", "Startup Cost": 10000000000.0, "Total Cost": 1000001050138.97, "Plan Rows": 85170, "Plan Width": 4, "Filter": "((country_code)::text = '[us]'::text)"}]}]}, {"Node Type": "Hash", "Parent Relationship": "Inner", "Startup Cost": 1000000001246.0, "Total Cost": 1000000001246.0, "Plan Rows": 1, "Plan Width": 4, "Plans": [{"Node Type": "Index Scan", "Parent Relationship": "Outer", "Scan Direction": "Forward", "Index Name": "role_type_pkey", "Relation Name": "role_type", "Alias": "rt", "Startup Cost": 10000000000.0, "Total Cost": 1000000001246.0, "Plan Rows": 1, "Plan Width": 4, "Filter": "((role)::text = 'actress'::text)"}]}]}, {"Node Type": "Index Scan", "Parent Relationship": "Inner", "Scan Direction": "Forward", "Index Name": "title_pkey", "Relation Name": "title", "Alias": "t", "Startup Cost": 10000000000.0, "Total Cost": 1000000000048.64, "Plan Rows": 1, "Plan Width": 21, "Index Cond": "(id = ci.movie_id)", "Filter": "((production_year >= 2005) AND (production_year <= 2015))"}]}, {"Node Type": "Index Scan", "Parent Relationship": "Inner", "Scan Direction": "Forward", "Index Name": "person_id_aka_name", "Relation Name": "aka_name", "Alias": "an", "Startup Cost": 10000000000.0, "Total Cost": 1000000000033.66, "Plan Rows": 1, "Plan Width": 20, "Index Cond": "(person_id = ci.person_id)"}]}]}, "Unique SQL Id": 3431223514, "Planner Runtime": 98}, "explain_analyze_plan": null}, "(16, 112)": {"explain_plan": {"Plan": {"Node Type": "Aggregate", "Strategy": "Plain", "Startup Cost": 23199.25, "Total Cost": 23199.26, "Plan Rows": 1, "Plan Width": 145, "Plans": [{"Node Type": "Nested Loop", "Parent Relationship": "Outer", "Join Type": "Inner", "Startup Cost": 0.0, "Total Cost": 23199.25, "Plan Rows": 1, "Plan Width": 49, "Inner Unique": true, "Plans": [{"Node Type": "Nested Loop", "Parent Relationship": "Outer", "Join Type": "Inner", "Startup Cost": 0.0, "Total Cost": 23198.75, "Plan Rows": 1, "Plan Width": 40, "Inner Unique": true, "Plans": [{"Node Type": "Nested Loop", "Parent Relationship": "Outer", "Join Type": "Inner", "Startup Cost": 0.0, "Total Cost": 23197.73, "Plan Rows": 2, "Plan Width": 28, "Inner Unique": true, "Plans": [{"Node Type": "Nested Loop", "Parent Relationship": "Outer", "Join Type": "Inner", "Startup Cost": 0.0, "Total Cost": 23196.09, "Plan Rows": 5, "Plan Width": 32, "Inner Unique": false, "Plans": [{"Node Type": "Nested Loop", "Parent Relationship": "Outer", "Join Type": "Inner", "Startup Cost": 0.0, "Total Cost": 23190.48, "Plan Rows": 13, "Plan Width": 24, "Inner Unique": false, "Join Filter": "(ci.role_id = rt.id)", "Plans": [{"Node Type": "Seq Scan", "Parent Relationship": "Outer", "Relation Name": "role_type", "Alias": "rt", "Startup Cost": 0.0, "Total Cost": 1.15, "Plan Rows": 1, "Plan Width": 4, "Filter": "((role)::text = 'actress'::text)"}, {"Node Type": "Materialize", "Parent Relationship": "Inner", "Startup Cost": 0.0, "Total Cost": 23187.92, "Plan Rows": 141, "Plan Width": 28, "Plans": [{"Node Type": "Nested Loop", "Parent Relationship": "Outer", "Join Type": "Inner", "Startup Cost": 0.0, "Total Cost": 23187.57, "Plan Rows": 141, "Plan Width": 28, "Inner Unique": false, "Join Filter": "(n.id = ci.person_id)", "Plans": [{"Node Type": "Nested Loop", "Parent Relationship": "Outer", "Join Type": "Inner", "Startup Cost": 0.0, "Total Cost": 22912.29, "Plan Rows": 115, "Plan Width": 24, "Inner Unique": false, "Plans": [{"Node Type": "Streaming(type: LOCAL GATHER dop: 1/16)", "Parent Relationship": "Outer", "Startup Cost": 0.0, "Total Cost": 22121.41, "Plan Rows": 96, "Plan Width": 4, "Plans": [{"Node Type": "Seq Scan", "Parent Relationship": "Outer", "Relation Name": "name", "Alias": "n", "Startup Cost": 0.0, "Total Cost": 22119.33, "Plan Rows": 96, "Plan Width": 4, "Filter": "(((name)::text ~~ '%Ang%'::text) AND ((gender)::text = 'f'::text))"}]}, {"Node Type": "Index Scan", "Parent Relationship": "Inner", "Scan Direction": "Forward", "Index Name": "person_id_aka_name", "Relation Name": "aka_name", "Alias": "an", "Startup Cost": 0.0, "Total Cost": 8.23, "Plan Rows": 1, "Plan Width": 20, "Index Cond": "(person_id = n.id)"}]}, {"Node Type": "Index Scan", "Parent Relationship": "Inner", "Scan Direction": "Forward", "Index Name": "person_id_cast_info", "Relation Name": "cast_info", "Alias": "ci", "Startup Cost": 0.0, "Total Cost": 2.38, "Plan Rows": 1, "Plan Width": 16, "Index Cond": "(person_id = an.person_id)", "Filter": "((note)::text = ANY ('{(voice),\"(voice: Japanese version)\",\"(voice) (uncredited)\",\"(voice: English version)\"}'::text[]))"}]}]}]}, {"Node Type": "Index Scan", "Parent Relationship": "Inner", "Scan Direction": "Forward", "Index Name": "movie_id_movie_companies", "Relation Name": "movie_companies", "Alias": "mc", "Startup Cost": 0.0, "Total Cost": 0.42, "Plan Rows": 1, "Plan Width": 8, "Index Cond": "(movie_id = ci.movie_id)", "Filter": "((note IS NOT NULL) AND (((note)::text ~~ '%(USA)%'::text) OR ((note)::text ~~ '%(worldwide)%'::text)))"}]}, {"Node Type": "Index Scan", "Parent Relationship": "Inner", "Scan Direction": "Forward", "Index Name": "company_name_pkey", "Relation Name": "company_name", "Alias": "cn", "Startup Cost": 0.0, "Total Cost": 0.32, "Plan Rows": 1, "Plan Width": 4, "Index Cond": "(id = mc.company_id)", "Filter": "((country_code)::text = '[us]'::text)"}]}, {"Node Type": "Index Scan", "Parent Relationship": "Inner", "Scan Direction": "Forward", "Index Name": "char_name_pkey", "Relation Name": "char_name", "Alias": "chn", "Startup Cost": 0.0, "Total Cost": 0.5, "Plan Rows": 1, "Plan Width": 20, "Index Cond": "(id = ci.person_role_id)"}]}, {"Node Type": "Index Scan", "Parent Relationship": "Inner", "Scan Direction": "Forward", "Index Name": "title_pkey", "Relation Name": "title", "Alias": "t", "Startup Cost": 0.0, "Total Cost": 0.49, "Plan Rows": 1, "Plan Width": 21, "Index Cond": "(id = ci.movie_id)", "Filter": "((production_year >= 2005) AND (production_year <= 2015))"}]}]}, "Unique SQL Id": 3431223514, "Planner Runtime": 17}, "explain_analyze_plan": {"Plan": {"Node Type": "Aggregate", "Strategy": "Plain", "Startup Cost": 23199.25, "Total Cost": 23199.26, "Plan Rows": 1, "Plan Width": 145, "Actual Min Startup Time": 217.809, "Actual Max Startup Time": 217.809, "Actual Min Total Time": 217.809, "Actual Max Total Time": 217.809, "Plans": [{"Node Type": "Nested Loop", "Parent Relationship": "Outer", "Join Type": "Inner", "Startup Cost": 0.0, "Total Cost": 23199.25, "Plan Rows": 1, "Plan Width": 49, "Actual Min Startup Time": 208.266, "Actual Max Startup Time": 208.266, "Actual Min Total Time": 217.659, "Actual Max Total Time": 217.659, "Inner Unique": true, "Plans": [{"Node Type": "Nested Loop", "Parent Relationship": "Outer", "Join Type": "Inner", "Startup Cost": 0.0, "Total Cost": 23198.75, "Plan Rows": 1, "Plan Width": 40, "Actual Min Startup Time": 207.759, "Actual Max Startup Time": 207.759, "Actual Min Total Time": 215.669, "Actual Max Total Time": 215.669, "Inner Unique": true, "Plans": [{"Node Type": "Nested Loop", "Parent Relationship": "Outer", "Join Type": "Inner", "Startup Cost": 0.0, "Total Cost": 23197.73, "Plan Rows": 2, "Plan Width": 28, "Actual Min Startup Time": 207.738, "Actual Max Startup Time": 207.738, "Actual Min Total Time": 214.139, "Actual Max Total Time": 214.139, "Inner Unique": true, "Plans": [{"Node Type": "Nested Loop", "Parent Relationship": "Outer", "Join Type": "Inner", "Startup Cost": 0.0, "Total Cost": 23196.09, "Plan Rows": 5, "Plan Width": 32, "Actual Min Startup Time": 207.712, "Actual Max Startup Time": 207.712, "Actual Min Total Time": 212.282, "Actual Max Total Time": 212.282, "Inner Unique": false, "Plans": [{"Node Type": "Nested Loop", "Parent Relationship": "Outer", "Join Type": "Inner", "Startup Cost": 0.0, "Total Cost": 23190.48, "Plan Rows": 13, "Plan Width": 24, "Actual Min Startup Time": 207.655, "Actual Max Startup Time": 207.655, "Actual Min Total Time": 207.944, "Actual Max Total Time": 207.944, "Inner Unique": false, "Join Filter": "(ci.role_id = rt.id)", "Rows Removed by Join Filter": 0, "Plans": [{"Node Type": "Seq Scan", "Parent Relationship": "Outer", "Relation Name": "role_type", "Alias": "rt", "Startup Cost": 0.0, "Total Cost": 1.15, "Plan Rows": 1, "Plan Width": 4, "Actual Min Startup Time": 0.037, "Actual Max Startup Time": 0.037, "Actual Min Total Time": 0.042, "Actual Max Total Time": 0.042, "Filter": "((role)::text = 'actress'::text)", "Rows Removed by Filter": 11, "Actual Rows": 1}, {"Node Type": "Materialize", "Parent Relationship": "Inner", "Startup Cost": 0.0, "Total Cost": 23187.92, "Plan Rows": 141, "Plan Width": 28, "Actual Min Startup Time": 207.601, "Actual Max Startup Time": 207.601, "Actual Min Total Time": 207.663, "Actual Max Total Time": 207.663, "Plans": [{"Node Type": "Nested Loop", "Parent Relationship": "Outer", "Join Type": "Inner", "Startup Cost": 0.0, "Total Cost": 23187.57, "Plan Rows": 141, "Plan Width": 28, "Actual Min Startup Time": 79.388, "Actual Max Startup Time": 79.388, "Actual Min Total Time": 207.403, "Actual Max Total Time": 207.403, "Inner Unique": false, "Join Filter": "(n.id = ci.person_id)", "Rows Removed by Join Filter": 0, "Plans": [{"Node Type": "Nested Loop", "Parent Relationship": "Outer", "Join Type": "Inner", "Startup Cost": 0.0, "Total Cost": 22912.29, "Plan Rows": 115, "Plan Width": 24, "Actual Min Startup Time": 78.004, "Actual Max Startup Time": 78.004, "Actual Min Total Time": 152.752, "Actual Max Total Time": 152.752, "Inner Unique": false, "Plans": [{"Node Type": "Streaming(type: LOCAL GATHER dop: 1/16)", "Parent Relationship": "Outer", "Startup Cost": 0.0, "Total Cost": 22121.41, "Plan Rows": 96, "Plan Width": 4, "Actual Min Startup Time": 77.938, "Actual Max Startup Time": 77.938, "Actual Min Total Time": 130.682, "Actual Max Total Time": 130.682, "Plans": [{"Node Type": "Seq Scan", "Parent Relationship": "Outer", "Relation Name": "name", "Alias": "n", "Startup Cost": 0.0, "Total Cost": 22119.33, "Plan Rows": 96, "Plan Width": 4, "Actual Min Startup Time": 42.659, "Actual Max Startup Time": 47.494, "Actual Min Total Time": 106.008, "Actual Max Total Time": 112.366, "Filter": "(((name)::text ~~ '%Ang%'::text) AND ((gender)::text = 'f'::text))", "Rows Removed by Filter": 4160722, "Actual Rows": 6768}], "Actual Rows": 6768}, {"Node Type": "Index Scan", "Parent Relationship": "Inner", "Scan Direction": "Forward", "Index Name": "person_id_aka_name", "Relation Name": "aka_name", "Alias": "an", "Startup Cost": 0.0, "Total Cost": 8.23, "Plan Rows": 1, "Plan Width": 20, "Actual Min Startup Time": 17.561, "Actual Max Startup Time": 17.561, "Actual Min Total Time": 18.45, "Actual Max Total Time": 18.45, "Index Cond": "(person_id = n.id)", "Rows Removed by Index Recheck": 0, "Actual Rows": 1558}], "Actual Rows": 1558}, {"Node Type": "Index Scan", "Parent Relationship": "Inner", "Scan Direction": "Forward", "Index Name": "person_id_cast_info", "Relation Name": "cast_info", "Alias": "ci", "Startup Cost": 0.0, "Total Cost": 2.38, "Plan Rows": 1, "Plan Width": 16, "Actual Min Startup Time": 48.536, "Actual Max Startup Time": 48.536, "Actual Min Total Time": 53.613, "Actual Max Total Time": 53.613, "Index Cond": "(person_id = an.person_id)", "Rows Removed by Index Recheck": 0, "Filter": "((note)::text = ANY ('{(voice),\"(voice: Japanese version)\",\"(voice) (uncredited)\",\"(voice: English version)\"}'::text[]))", "Rows Removed by Filter": 69057, "Actual Rows": 425}], "Actual Rows": 425}], "Actual Rows": 426}], "Actual Rows": 425}, {"Node Type": "Index Scan", "Parent Relationship": "Inner", "Scan Direction": "Forward", "Index Name": "movie_id_movie_companies", "Relation Name": "movie_companies", "Alias": "mc", "Startup Cost": 0.0, "Total Cost": 0.42, "Plan Rows": 1, "Plan Width": 8, "Actual Min Startup Time": 2.852, "Actual Max Startup Time": 2.852, "Actual Min Total Time": 4.027, "Actual Max Total Time": 4.027, "Index Cond": "(movie_id = ci.movie_id)", "Rows Removed by Index Recheck": 0, "Filter": "((note IS NOT NULL) AND (((note)::text ~~ '%(USA)%'::text) OR ((note)::text ~~ '%(worldwide)%'::text)))", "Rows Removed by Filter": 1538, "Actual Rows": 373}], "Actual Rows": 373}, {"Node Type": "Index Scan", "Parent Relationship": "Inner", "Scan Direction": "Forward", "Index Name": "company_name_pkey", "Relation Name": "company_name", "Alias": "cn", "Startup Cost": 0.0, "Total Cost": 0.32, "Plan Rows": 1, "Plan Width": 4, "Actual Min Startup Time": 1.542, "Actual Max Startup Time": 1.542, "Actual Min Total Time": 1.542, "Actual Max Total Time": 1.542, "Index Cond": "(id = mc.company_id)", "Rows Removed by Index Recheck": 0, "Filter": "((country_code)::text = '[us]'::text)", "Rows Removed by Filter": 14, "Actual Rows": 359}], "Actual Rows": 359}, {"Node Type": "Index Scan", "Parent Relationship": "Inner", "Scan Direction": "Forward", "Index Name": "char_name_pkey", "Relation Name": "char_name", "Alias": "chn", "Startup Cost": 0.0, "Total Cost": 0.5, "Plan Rows": 1, "Plan Width": 20, "Actual Min Startup Time": 1.21, "Actual Max Startup Time": 1.21, "Actual Min Total Time": 1.21, "Actual Max Total Time": 1.21, "Index Cond": "(id = ci.person_role_id)", "Rows Removed by Index Recheck": 0, "Actual Rows": 341}], "Actual Rows": 341}, {"Node Type": "Index Scan", "Parent Relationship": "Inner", "Scan Direction": "Forward", "Index Name": "title_pkey", "Relation Name": "title", "Alias": "t", "Startup Cost": 0.0, "Total Cost": 0.49, "Plan Rows": 1, "Plan Width": 21, "Actual Min Startup Time": 1.749, "Actual Max Startup Time": 1.749, "Actual Min Total Time": 1.749, "Actual Max Total Time": 1.749, "Index Cond": "(id = ci.movie_id)", "Rows Removed by Index Recheck": 0, "Filter": "((production_year >= 2005) AND (production_year <= 2015))", "Rows Removed by Filter": 220, "Actual Rows": 121}], "Actual Rows": 121}], "Actual Rows": 1}, "Triggers": [], "Planner Runtime": 18, "Total Runtime": 220.755, "Unique SQL Id": 3431223514}}, "(16, 113)": {"explain_plan": {"Plan": {"Node Type": "Aggregate", "Strategy": "Plain", "Startup Cost": 154556.1, "Total Cost": 154556.11, "Plan Rows": 1, "Plan Width": 145, "Plans": [{"Node Type": "Nested Loop", "Parent Relationship": "Outer", "Join Type": "Inner", "Startup Cost": 0.0, "Total Cost": 154556.09, "Plan Rows": 1, "Plan Width": 49, "Inner Unique": true, "Plans": [{"Node Type": "Nested Loop", "Parent Relationship": "Outer", "Join Type": "Inner", "Startup Cost": 0.0, "Total Cost": 154555.59, "Plan Rows": 1, "Plan Width": 40, "Inner Unique": true, "Plans": [{"Node Type": "Nested Loop", "Parent Relationship": "Outer", "Join Type": "Inner", "Startup Cost": 0.0, "Total Cost": 154554.58, "Plan Rows": 2, "Plan Width": 28, "Inner Unique": true, "Plans": [{"Node Type": "Nested Loop", "Parent Relationship": "Outer", "Join Type": "Inner", "Startup Cost": 0.0, "Total Cost": 154552.94, "Plan Rows": 5, "Plan Width": 32, "Inner Unique": false, "Plans": [{"Node Type": "Nested Loop", "Parent Relationship": "Outer", "Join Type": "Inner", "Startup Cost": 0.0, "Total Cost": 154547.33, "Plan Rows": 13, "Plan Width": 24, "Inner Unique": false, "Join Filter": "(ci.role_id = rt.id)", "Plans": [{"Node Type": "Index Scan", "Parent Relationship": "Outer", "Scan Direction": "Forward", "Index Name": "role_type_pkey", "Relation Name": "role_type", "Alias": "rt", "Startup Cost": 0.0, "Total Cost": 12.46, "Plan Rows": 1, "Plan Width": 4, "Filter": "((role)::text = 'actress'::text)"}, {"Node Type": "Materialize", "Parent Relationship": "Inner", "Startup Cost": 0.0, "Total Cost": 154533.46, "Plan Rows": 141, "Plan Width": 28, "Plans": [{"Node Type": "Nested Loop", "Parent Relationship": "Outer", "Join Type": "Inner", "Startup Cost": 0.0, "Total Cost": 154533.1, "Plan Rows": 141, "Plan Width": 28, "Inner Unique": false, "Join Filter": "(n.id = ci.person_id)", "Plans": [{"Node Type": "Nested Loop", "Parent Relationship": "Outer", "Join Type": "Inner", "Startup Cost": 0.0, "Total Cost": 154257.82, "Plan Rows": 115, "Plan Width": 24, "Inner Unique": false, "Plans": [{"Node Type": "Streaming(type: LOCAL GATHER dop: 1/16)", "Parent Relationship": "Outer", "Startup Cost": 0.0, "Total Cost": 153466.94, "Plan Rows": 96, "Plan Width": 4, "Plans": [{"Node Type": "Index Scan", "Parent Relationship": "Outer", "Scan Direction": "Forward", "Index Name": "name_pkey", "Relation Name": "name", "Alias": "n", "Startup Cost": 0.0, "Total Cost": 153464.87, "Plan Rows": 96, "Plan Width": 4, "Filter": "(((name)::text ~~ '%Ang%'::text) AND ((gender)::text = 'f'::text))"}]}, {"Node Type": "Index Scan", "Parent Relationship": "Inner", "Scan Direction": "Forward", "Index Name": "person_id_aka_name", "Relation Name": "aka_name", "Alias": "an", "Startup Cost": 0.0, "Total Cost": 8.23, "Plan Rows": 1, "Plan Width": 20, "Index Cond": "(person_id = n.id)"}]}, {"Node Type": "Index Scan", "Parent Relationship": "Inner", "Scan Direction": "Forward", "Index Name": "person_id_cast_info", "Relation Name": "cast_info", "Alias": "ci", "Startup Cost": 0.0, "Total Cost": 2.38, "Plan Rows": 1, "Plan Width": 16, "Index Cond": "(person_id = an.person_id)", "Filter": "((note)::text = ANY ('{(voice),\"(voice: Japanese version)\",\"(voice) (uncredited)\",\"(voice: English version)\"}'::text[]))"}]}]}]}, {"Node Type": "Index Scan", "Parent Relationship": "Inner", "Scan Direction": "Forward", "Index Name": "movie_id_movie_companies", "Relation Name": "movie_companies", "Alias": "mc", "Startup Cost": 0.0, "Total Cost": 0.42, "Plan Rows": 1, "Plan Width": 8, "Index Cond": "(movie_id = ci.movie_id)", "Filter": "((note IS NOT NULL) AND (((note)::text ~~ '%(USA)%'::text) OR ((note)::text ~~ '%(worldwide)%'::text)))"}]}, {"Node Type": "Index Scan", "Parent Relationship": "Inner", "Scan Direction": "Forward", "Index Name": "company_name_pkey", "Relation Name": "company_name", "Alias": "cn", "Startup Cost": 0.0, "Total Cost": 0.32, "Plan Rows": 1, "Plan Width": 4, "Index Cond": "(id = mc.company_id)", "Filter": "((country_code)::text = '[us]'::text)"}]}, {"Node Type": "Index Scan", "Parent Relationship": "Inner", "Scan Direction": "Forward", "Index Name": "char_name_pkey", "Relation Name": "char_name", "Alias": "chn", "Startup Cost": 0.0, "Total Cost": 0.5, "Plan Rows": 1, "Plan Width": 20, "Index Cond": "(id = ci.person_role_id)"}]}, {"Node Type": "Index Scan", "Parent Relationship": "Inner", "Scan Direction": "Forward", "Index Name": "title_pkey", "Relation Name": "title", "Alias": "t", "Startup Cost": 0.0, "Total Cost": 0.49, "Plan Rows": 1, "Plan Width": 21, "Index Cond": "(id = ci.movie_id)", "Filter": "((production_year >= 2005) AND (production_year <= 2015))"}]}]}, "Unique SQL Id": 3431223514, "Planner Runtime": 15}, "explain_analyze_plan": {"Plan": {"Node Type": "Aggregate", "Strategy": "Plain", "Startup Cost": 154556.1, "Total Cost": 154556.11, "Plan Rows": 1, "Plan Width": 145, "Actual Min Startup Time": 381.158, "Actual Max Startup Time": 381.158, "Actual Min Total Time": 381.159, "Actual Max Total Time": 381.159, "Plans": [{"Node Type": "Nested Loop", "Parent Relationship": "Outer", "Join Type": "Inner", "Startup Cost": 0.0, "Total Cost": 154556.09, "Plan Rows": 1, "Plan Width": 49, "Actual Min Startup Time": 371.852, "Actual Max Startup Time": 371.852, "Actual Min Total Time": 381.01, "Actual Max Total Time": 381.01, "Inner Unique": true, "Plans": [{"Node Type": "Nested Loop", "Parent Relationship": "Outer", "Join Type": "Inner", "Startup Cost": 0.0, "Total Cost": 154555.59, "Plan Rows": 1, "Plan Width": 40, "Actual Min Startup Time": 370.918, "Actual Max Startup Time": 370.918, "Actual Min Total Time": 379.017, "Actual Max Total Time": 379.017, "Inner Unique": true, "Plans": [{"Node Type": "Nested Loop", "Parent Relationship": "Outer", "Join Type": "Inner", "Startup Cost": 0.0, "Total Cost": 154554.58, "Plan Rows": 2, "Plan Width": 28, "Actual Min Startup Time": 370.897, "Actual Max Startup Time": 370.897, "Actual Min Total Time": 377.445, "Actual Max Total Time": 377.445, "Inner Unique": true, "Plans": [{"Node Type": "Nested Loop", "Parent Relationship": "Outer", "Join Type": "Inner", "Startup Cost": 0.0, "Total Cost": 154552.94, "Plan Rows": 5, "Plan Width": 32, "Actual Min Startup Time": 370.872, "Actual Max Startup Time": 370.872, "Actual Min Total Time": 375.543, "Actual Max Total Time": 375.543, "Inner Unique": false, "Plans": [{"Node Type": "Nested Loop", "Parent Relationship": "Outer", "Join Type": "Inner", "Startup Cost": 0.0, "Total Cost": 154547.33, "Plan Rows": 13, "Plan Width": 24, "Actual Min Startup Time": 370.838, "Actual Max Startup Time": 370.838, "Actual Min Total Time": 371.129, "Actual Max Total Time": 371.129, "Inner Unique": false, "Join Filter": "(ci.role_id = rt.id)", "Rows Removed by Join Filter": 0, "Plans": [{"Node Type": "Index Scan", "Parent Relationship": "Outer", "Scan Direction": "Forward", "Index Name": "role_type_pkey", "Relation Name": "role_type", "Alias": "rt", "Startup Cost": 0.0, "Total Cost": 12.46, "Plan Rows": 1, "Plan Width": 4, "Actual Min Startup Time": 0.027, "Actual Max Startup Time": 0.027, "Actual Min Total Time": 0.034, "Actual Max Total Time": 0.034, "Filter": "((role)::text = 'actress'::text)", "Rows Removed by Filter": 11, "Actual Rows": 1}, {"Node Type": "Materialize", "Parent Relationship": "Inner", "Startup Cost": 0.0, "Total Cost": 154533.46, "Plan Rows": 141, "Plan Width": 28, "Actual Min Startup Time": 370.792, "Actual Max Startup Time": 370.792, "Actual Min Total Time": 370.871, "Actual Max Total Time": 370.871, "Plans": [{"Node Type": "Nested Loop", "Parent Relationship": "Outer", "Join Type": "Inner", "Startup Cost": 0.0, "Total Cost": 154533.1, "Plan Rows": 141, "Plan Width": 28, "Actual Min Startup Time": 96.425, "Actual Max Startup Time": 96.425, "Actual Min Total Time": 370.541, "Actual Max Total Time": 370.541, "Inner Unique": false, "Join Filter": "(n.id = ci.person_id)", "Rows Removed by Join Filter": 0, "Plans": [{"Node Type": "Nested Loop", "Parent Relationship": "Outer", "Join Type": "Inner", "Startup Cost": 0.0, "Total Cost": 154257.82, "Plan Rows": 115, "Plan Width": 24, "Actual Min Startup Time": 95.83, "Actual Max Startup Time": 95.83, "Actual Min Total Time": 315.879, "Actual Max Total Time": 315.879, "Inner Unique": false, "Plans": [{"Node Type": "Streaming(type: LOCAL GATHER dop: 1/16)", "Parent Relationship": "Outer", "Startup Cost": 0.0, "Total Cost": 153466.94, "Plan Rows": 96, "Plan Width": 4, "Actual Min Startup Time": 95.756, "Actual Max Startup Time": 95.756, "Actual Min Total Time": 293.923, "Actual Max Total Time": 293.923, "Plans": [{"Node Type": "Index Scan", "Parent Relationship": "Outer", "Scan Direction": "Forward", "Index Name": "name_pkey", "Relation Name": "name", "Alias": "n", "Startup Cost": 0.0, "Total Cost": 153464.87, "Plan Rows": 96, "Plan Width": 4, "Actual Min Startup Time": 40.31, "Actual Max Startup Time": 338.836, "Actual Min Total Time": 295.678, "Actual Max Total Time": 338.836, "Filter": "(((name)::text ~~ '%Ang%'::text) AND ((gender)::text = 'f'::text))", "Rows Removed by Filter": 4160722, "Actual Rows": 6768}], "Actual Rows": 6768}, {"Node Type": "Index Scan", "Parent Relationship": "Inner", "Scan Direction": "Forward", "Index Name": "person_id_aka_name", "Relation Name": "aka_name", "Alias": "an", "Startup Cost": 0.0, "Total Cost": 8.23, "Plan Rows": 1, "Plan Width": 20, "Actual Min Startup Time": 17.357, "Actual Max Startup Time": 17.357, "Actual Min Total Time": 18.22, "Actual Max Total Time": 18.22, "Index Cond": "(person_id = n.id)", "Rows Removed by Index Recheck": 0, "Actual Rows": 1558}], "Actual Rows": 1558}, {"Node Type": "Index Scan", "Parent Relationship": "Inner", "Scan Direction": "Forward", "Index Name": "person_id_cast_info", "Relation Name": "cast_info", "Alias": "ci", "Startup Cost": 0.0, "Total Cost": 2.38, "Plan Rows": 1, "Plan Width": 16, "Actual Min Startup Time": 48.528, "Actual Max Startup Time": 48.528, "Actual Min Total Time": 53.577, "Actual Max Total Time": 53.577, "Index Cond": "(person_id = an.person_id)", "Rows Removed by Index Recheck": 0, "Filter": "((note)::text = ANY ('{(voice),\"(voice: Japanese version)\",\"(voice) (uncredited)\",\"(voice: English version)\"}'::text[]))", "Rows Removed by Filter": 69057, "Actual Rows": 425}], "Actual Rows": 425}], "Actual Rows": 426}], "Actual Rows": 425}, {"Node Type": "Index Scan", "Parent Relationship": "Inner", "Scan Direction": "Forward", "Index Name": "movie_id_movie_companies", "Relation Name": "movie_companies", "Alias": "mc", "Startup Cost": 0.0, "Total Cost": 0.42, "Plan Rows": 1, "Plan Width": 8, "Actual Min Startup Time": 2.907, "Actual Max Startup Time": 2.907, "Actual Min Total Time": 4.086, "Actual Max Total Time": 4.086, "Index Cond": "(movie_id = ci.movie_id)", "Rows Removed by Index Recheck": 0, "Filter": "((note IS NOT NULL) AND (((note)::text ~~ '%(USA)%'::text) OR ((note)::text ~~ '%(worldwide)%'::text)))", "Rows Removed by Filter": 1538, "Actual Rows": 373}], "Actual Rows": 373}, {"Node Type": "Index Scan", "Parent Relationship": "Inner", "Scan Direction": "Forward", "Index Name": "company_name_pkey", "Relation Name": "company_name", "Alias": "cn", "Startup Cost": 0.0, "Total Cost": 0.32, "Plan Rows": 1, "Plan Width": 4, "Actual Min Startup Time": 1.6, "Actual Max Startup Time": 1.6, "Actual Min Total Time": 1.6, "Actual Max Total Time": 1.6, "Index Cond": "(id = mc.company_id)", "Rows Removed by Index Recheck": 0, "Filter": "((country_code)::text = '[us]'::text)", "Rows Removed by Filter": 14, "Actual Rows": 359}], "Actual Rows": 359}, {"Node Type": "Index Scan", "Parent Relationship": "Inner", "Scan Direction": "Forward", "Index Name": "char_name_pkey", "Relation Name": "char_name", "Alias": "chn", "Startup Cost": 0.0, "Total Cost": 0.5, "Plan Rows": 1, "Plan Width": 20, "Actual Min Startup Time": 1.275, "Actual Max Startup Time": 1.275, "Actual Min Total Time": 1.275, "Actual Max Total Time": 1.275, "Index Cond": "(id = ci.person_role_id)", "Rows Removed by Index Recheck": 0, "Actual Rows": 341}], "Actual Rows": 341}, {"Node Type": "Index Scan", "Parent Relationship": "Inner", "Scan Direction": "Forward", "Index Name": "title_pkey", "Relation Name": "title", "Alias": "t", "Startup Cost": 0.0, "Total Cost": 0.49, "Plan Rows": 1, "Plan Width": 21, "Actual Min Startup Time": 1.749, "Actual Max Startup Time": 1.749, "Actual Min Total Time": 1.749, "Actual Max Total Time": 1.749, "Index Cond": "(id = ci.movie_id)", "Rows Removed by Index Recheck": 0, "Filter": "((production_year >= 2005) AND (production_year <= 2015))", "Rows Removed by Filter": 220, "Actual Rows": 121}], "Actual Rows": 121}], "Actual Rows": 1}, "Triggers": [], "Planner Runtime": 15, "Total Runtime": 384.132, "Unique SQL Id": 3431223514}}, "(16, 114)": {"explain_plan": {"Plan": {"Node Type": "Aggregate", "Strategy": "Plain", "Startup Cost": 23619.5, "Total Cost": 23619.51, "Plan Rows": 1, "Plan Width": 145, "Plans": [{"Node Type": "Nested Loop", "Parent Relationship": "Outer", "Join Type": "Inner", "Startup Cost": 6.41, "Total Cost": 23619.49, "Plan Rows": 1, "Plan Width": 49, "Inner Unique": true, "Plans": [{"Node Type": "Nested Loop", "Parent Relationship": "Outer", "Join Type": "Inner", "Startup Cost": 6.11, "Total Cost": 23615.16, "Plan Rows": 1, "Plan Width": 40, "Inner Unique": true, "Plans": [{"Node Type": "Nested Loop", "Parent Relationship": "Outer", "Join Type": "Inner", "Startup Cost": 5.8, "Total Cost": 23606.49, "Plan Rows": 2, "Plan Width": 28, "Inner Unique": true, "Plans": [{"Node Type": "Nested Loop", "Parent Relationship": "Outer", "Join Type": "Inner", "Startup Cost": 5.53, "Total Cost": 23585.05, "Plan Rows": 5, "Plan Width": 32, "Inner Unique": false, "Plans": [{"Node Type": "Nested Loop", "Parent Relationship": "Outer", "Join Type": "Inner", "Startup Cost": 5.22, "Total Cost": 23528.42, "Plan Rows": 13, "Plan Width": 24, "Inner Unique": false, "Join Filter": "(ci.role_id = rt.id)", "Plans": [{"Node Type": "Seq Scan", "Parent Relationship": "Outer", "Relation Name": "role_type", "Alias": "rt", "Startup Cost": 0.0, "Total Cost": 1.15, "Plan Rows": 1, "Plan Width": 4, "Filter": "((role)::text = 'actress'::text)"}, {"Node Type": "Materialize", "Parent Relationship": "Inner", "Startup Cost": 5.22, "Total Cost": 23525.86, "Plan Rows": 141, "Plan Width": 28, "Plans": [{"Node Type": "Nested Loop", "Parent Relationship": "Outer", "Join Type": "Inner", "Startup Cost": 5.22, "Total Cost": 23525.5, "Plan Rows": 141, "Plan Width": 28, "Inner Unique": false, "Join Filter": "(n.id = ci.person_id)", "Plans": [{"Node Type": "Nested Loop", "Parent Relationship": "Outer", "Join Type": "Inner", "Startup Cost": 4.22, "Total Cost": 22912.31, "Plan Rows": 115, "Plan Width": 24, "Inner Unique": false, "Plans": [{"Node Type": "Streaming(type: LOCAL GATHER dop: 1/16)", "Parent Relationship": "Outer", "Startup Cost": 0.0, "Total Cost": 22121.41, "Plan Rows": 96, "Plan Width": 4, "Plans": [{"Node Type": "Seq Scan", "Parent Relationship": "Outer", "Relation Name": "name", "Alias": "n", "Startup Cost": 0.0, "Total Cost": 22119.33, "Plan Rows": 96, "Plan Width": 4, "Filter": "(((name)::text ~~ '%Ang%'::text) AND ((gender)::text = 'f'::text))"}]}, {"Node Type": "Bitmap Heap Scan", "Parent Relationship": "Inner", "Relation Name": "aka_name", "Alias": "an", "Startup Cost": 4.22, "Total Cost": 8.23, "Plan Rows": 1, "Plan Width": 20, "Recheck Cond": "(person_id = n.id)", "Plans": [{"Node Type": "Bitmap Index Scan", "Parent Relationship": "Outer", "Index Name": "person_id_aka_name", "Startup Cost": 0.0, "Total Cost": 4.22, "Plan Rows": 1, "Plan Width": 0, "Index Cond": "(person_id = n.id)"}]}]}, {"Node Type": "Bitmap Heap Scan", "Parent Relationship": "Inner", "Relation Name": "cast_info", "Alias": "ci", "Startup Cost": 1.0, "Total Cost": 5.32, "Plan Rows": 1, "Plan Width": 16, "Recheck Cond": "(person_id = an.person_id)", "Filter": "((note)::text = ANY ('{(voice),\"(voice: Japanese version)\",\"(voice) (uncredited)\",\"(voice: English version)\"}'::text[]))", "Plans": [{"Node Type": "Bitmap Index Scan", "Parent Relationship": "Outer", "Index Name": "person_id_cast_info", "Startup Cost": 0.0, "Total Cost": 1.0, "Plan Rows": 18, "Plan Width": 0, "Index Cond": "(person_id = an.person_id)"}]}]}]}]}, {"Node Type": "Bitmap Heap Scan", "Parent Relationship": "Inner", "Relation Name": "movie_companies", "Alias": "mc", "Startup Cost": 0.31, "Total Cost": 4.35, "Plan Rows": 1, "Plan Width": 8, "Recheck Cond": "(movie_id = ci.movie_id)", "Filter": "((note IS NOT NULL) AND (((note)::text ~~ '%(USA)%'::text) OR ((note)::text ~~ '%(worldwide)%'::text)))", "Plans": [{"Node Type": "Bitmap Index Scan", "Parent Relationship": "Outer", "Index Name": "movie_id_movie_companies", "Startup Cost": 0.0, "Total Cost": 0.31, "Plan Rows": 2, "Plan Width": 0, "Index Cond": "(movie_id = ci.movie_id)"}]}]}, {"Node Type": "Bitmap Heap Scan", "Parent Relationship": "Inner", "Relation Name": "company_name", "Alias": "cn", "Startup Cost": 0.26, "Total Cost": 4.28, "Plan Rows": 1, "Plan Width": 4, "Recheck Cond": "(id = mc.company_id)", "Filter": "((country_code)::text = '[us]'::text)", "Plans": [{"Node Type": "Bitmap Index Scan", "Parent Relationship": "Outer", "Index Name": "company_name_pkey", "Startup Cost": 0.0, "Total Cost": 0.26, "Plan Rows": 1, "Plan Width": 0, "Index Cond": "(id = mc.company_id)"}]}]}, {"Node Type": "Bitmap Heap Scan", "Parent Relationship": "Inner", "Relation Name": "char_name", "Alias": "chn", "Startup Cost": 0.31, "Total Cost": 4.33, "Plan Rows": 1, "Plan Width": 20, "Recheck Cond": "(id = ci.person_role_id)", "Plans": [{"Node Type": "Bitmap Index Scan", "Parent Relationship": "Outer", "Index Name": "char_name_pkey", "Startup Cost": 0.0, "Total Cost": 0.31, "Plan Rows": 1, "Plan Width": 0, "Index Cond": "(id = ci.person_role_id)"}]}]}, {"Node Type": "Bitmap Heap Scan", "Parent Relationship": "Inner", "Relation Name": "title", "Alias": "t", "Startup Cost": 0.3, "Total Cost": 4.32, "Plan Rows": 1, "Plan Width": 21, "Recheck Cond": "(id = ci.movie_id)", "Filter": "((production_year >= 2005) AND (production_year <= 2015))", "Plans": [{"Node Type": "Bitmap Index Scan", "Parent Relationship": "Outer", "Index Name": "title_pkey", "Startup Cost": 0.0, "Total Cost": 0.3, "Plan Rows": 1, "Plan Width": 0, "Index Cond": "(id = ci.movie_id)"}]}]}]}, "Unique SQL Id": 3431223514, "Planner Runtime": 58}, "explain_analyze_plan": {"Plan": {"Node Type": "Aggregate", "Strategy": "Plain", "Startup Cost": 23619.5, "Total Cost": 23619.51, "Plan Rows": 1, "Plan Width": 145, "Actual Min Startup Time": 230.198, "Actual Max Startup Time": 230.198, "Actual Min Total Time": 230.198, "Actual Max Total Time": 230.198, "Plans": [{"Node Type": "Nested Loop", "Parent Relationship": "Outer", "Join Type": "Inner", "Startup Cost": 6.41, "Total Cost": 23619.49, "Plan Rows": 1, "Plan Width": 49, "Actual Min Startup Time": 217.211, "Actual Max Startup Time": 217.211, "Actual Min Total Time": 230.023, "Actual Max Total Time": 230.023, "Inner Unique": true, "Plans": [{"Node Type": "Nested Loop", "Parent Relationship": "Outer", "Join Type": "Inner", "Startup Cost": 6.11, "Total Cost": 23615.16, "Plan Rows": 1, "Plan Width": 40, "Actual Min Startup Time": 217.172, "Actual Max Startup Time": 217.172, "Actual Min Total Time": 227.505, "Actual Max Total Time": 227.505, "Inner Unique": true, "Plans": [{"Node Type": "Nested Loop", "Parent Relationship": "Outer", "Join Type": "Inner", "Startup Cost": 5.8, "Total Cost": 23606.49, "Plan Rows": 2, "Plan Width": 28, "Actual Min Startup Time": 217.146, "Actual Max Startup Time": 217.146, "Actual Min Total Time": 225.406, "Actual Max Total Time": 225.406, "Inner Unique": true, "Plans": [{"Node Type": "Nested Loop", "Parent Relationship": "Outer", "Join Type": "Inner", "Startup Cost": 5.53, "Total Cost": 23585.05, "Plan Rows": 5, "Plan Width": 32, "Actual Min Startup Time": 217.113, "Actual Max Startup Time": 217.113, "Actual Min Total Time": 222.879, "Actual Max Total Time": 222.879, "Inner Unique": false, "Plans": [{"Node Type": "Nested Loop", "Parent Relationship": "Outer", "Join Type": "Inner", "Startup Cost": 5.22, "Total Cost": 23528.42, "Plan Rows": 13, "Plan Width": 24, "Actual Min Startup Time": 217.048, "Actual Max Startup Time": 217.048, "Actual Min Total Time": 217.364, "Actual Max Total Time": 217.364, "Inner Unique": false, "Join Filter": "(ci.role_id = rt.id)", "Rows Removed by Join Filter": 0, "Plans": [{"Node Type": "Seq Scan", "Parent Relationship": "Outer", "Relation Name": "role_type", "Alias": "rt", "Startup Cost": 0.0, "Total Cost": 1.15, "Plan Rows": 1, "Plan Width": 4, "Actual Min Startup Time": 0.03, "Actual Max Startup Time": 0.03, "Actual Min Total Time": 0.036, "Actual Max Total Time": 0.036, "Filter": "((role)::text = 'actress'::text)", "Rows Removed by Filter": 11, "Actual Rows": 1}, {"Node Type": "Materialize", "Parent Relationship": "Inner", "Startup Cost": 5.22, "Total Cost": 23525.86, "Plan Rows": 141, "Plan Width": 28, "Actual Min Startup Time": 217.001, "Actual Max Startup Time": 217.001, "Actual Min Total Time": 217.068, "Actual Max Total Time": 217.068, "Plans": [{"Node Type": "Nested Loop", "Parent Relationship": "Outer", "Join Type": "Inner", "Startup Cost": 5.22, "Total Cost": 23525.5, "Plan Rows": 141, "Plan Width": 28, "Actual Min Startup Time": 80.207, "Actual Max Startup Time": 80.207, "Actual Min Total Time": 216.822, "Actual Max Total Time": 216.822, "Inner Unique": false, "Join Filter": "(n.id = ci.person_id)", "Rows Removed by Join Filter": 0, "Plans": [{"Node Type": "Nested Loop", "Parent Relationship": "Outer", "Join Type": "Inner", "Startup Cost": 4.22, "Total Cost": 22912.31, "Plan Rows": 115, "Plan Width": 24, "Actual Min Startup Time": 78.996, "Actual Max Startup Time": 78.996, "Actual Min Total Time": 161.374, "Actual Max Total Time": 161.374, "Inner Unique": false, "Plans": [{"Node Type": "Streaming(type: LOCAL GATHER dop: 1/16)", "Parent Relationship": "Outer", "Startup Cost": 0.0, "Total Cost": 22121.41, "Plan Rows": 96, "Plan Width": 4, "Actual Min Startup Time": 78.911, "Actual Max Startup Time": 78.911, "Actual Min Total Time": 130.478, "Actual Max Total Time": 130.478, "Plans": [{"Node Type": "Seq Scan", "Parent Relationship": "Outer", "Relation Name": "name", "Alias": "n", "Startup Cost": 0.0, "Total Cost": 22119.33, "Plan Rows": 96, "Plan Width": 4, "Actual Min Startup Time": 42.711, "Actual Max Startup Time": 47.512, "Actual Min Total Time": 106.091, "Actual Max Total Time": 112.074, "Filter": "(((name)::text ~~ '%Ang%'::text) AND ((gender)::text = 'f'::text))", "Rows Removed by Filter": 4160722, "Actual Rows": 6768}], "Actual Rows": 6768}, {"Node Type": "Bitmap Heap Scan", "Parent Relationship": "Inner", "Relation Name": "aka_name", "Alias": "an", "Startup Cost": 4.22, "Total Cost": 8.23, "Plan Rows": 1, "Plan Width": 20, "Actual Min Startup Time": 22.891, "Actual Max Startup Time": 22.891, "Actual Min Total Time": 23.48, "Actual Max Total Time": 23.48, "Recheck Cond": "(person_id = n.id)", "Rows Removed by Index Recheck": 0, "Exact Heap Blocks": 1014, "Lossy Heap Blocks": 1014, "Plans": [{"Node Type": "Bitmap Index Scan", "Parent Relationship": "Outer", "Index Name": "person_id_aka_name", "Startup Cost": 0.0, "Total Cost": 4.22, "Plan Rows": 1, "Plan Width": 0, "Actual Min Startup Time": 17.258, "Actual Max Startup Time": 17.258, "Actual Min Total Time": 17.258, "Actual Max Total Time": 17.258, "Index Cond": "(person_id = n.id)", "Actual Rows": 1558}], "Actual Rows": 1558}], "Actual Rows": 1558}, {"Node Type": "Bitmap Heap Scan", "Parent Relationship": "Inner", "Relation Name": "cast_info", "Alias": "ci", "Startup Cost": 1.0, "Total Cost": 5.32, "Plan Rows": 1, "Plan Width": 16, "Actual Min Startup Time": 49.927, "Actual Max Startup Time": 49.927, "Actual Min Total Time": 53.254, "Actual Max Total Time": 53.254, "Recheck Cond": "(person_id = an.person_id)", "Rows Removed by Index Recheck": 0, "Filter": "((note)::text = ANY ('{(voice),\"(voice: Japanese version)\",\"(voice) (uncredited)\",\"(voice: English version)\"}'::text[]))", "Rows Removed by Filter": 69057, "Exact Heap Blocks": 2627, "Lossy Heap Blocks": 2627, "Plans": [{"Node Type": "Bitmap Index Scan", "Parent Relationship": "Outer", "Index Name": "person_id_cast_info", "Startup Cost": 0.0, "Total Cost": 1.0, "Plan Rows": 18, "Plan Width": 0, "Actual Min Startup Time": 16.629, "Actual Max Startup Time": 16.629, "Actual Min Total Time": 16.629, "Actual Max Total Time": 16.629, "Index Cond": "(person_id = an.person_id)", "Actual Rows": 69482}], "Actual Rows": 425}], "Actual Rows": 425}], "Actual Rows": 426}], "Actual Rows": 425}, {"Node Type": "Bitmap Heap Scan", "Parent Relationship": "Inner", "Relation Name": "movie_companies", "Alias": "mc", "Startup Cost": 0.31, "Total Cost": 4.35, "Plan Rows": 1, "Plan Width": 8, "Actual Min Startup Time": 3.944, "Actual Max Startup Time": 3.944, "Actual Min Total Time": 4.916, "Actual Max Total Time": 4.916, "Recheck Cond": "(movie_id = ci.movie_id)", "Rows Removed by Index Recheck": 0, "Filter": "((note IS NOT NULL) AND (((note)::text ~~ '%(USA)%'::text) OR ((note)::text ~~ '%(worldwide)%'::text)))", "Rows Removed by Filter": 1538, "Exact Heap Blocks": 580, "Lossy Heap Blocks": 580, "Plans": [{"Node Type": "Bitmap Index Scan", "Parent Relationship": "Outer", "Index Name": "movie_id_movie_companies", "Startup Cost": 0.0, "Total Cost": 0.31, "Plan Rows": 2, "Plan Width": 0, "Actual Min Startup Time": 2.12, "Actual Max Startup Time": 2.12, "Actual Min Total Time": 2.12, "Actual Max Total Time": 2.12, "Index Cond": "(movie_id = ci.movie_id)", "Actual Rows": 1911}], "Actual Rows": 373}], "Actual Rows": 373}, {"Node Type": "Bitmap Heap Scan", "Parent Relationship": "Inner", "Relation Name": "company_name", "Alias": "cn", "Startup Cost": 0.26, "Total Cost": 4.28, "Plan Rows": 1, "Plan Width": 4, "Actual Min Startup Time": 2.026, "Actual Max Startup Time": 2.026, "Actual Min Total Time": 2.026, "Actual Max Total Time": 2.026, "Recheck Cond": "(id = mc.company_id)", "Rows Removed by Index Recheck": 0, "Filter": "((country_code)::text = '[us]'::text)", "Rows Removed by Filter": 14, "Exact Heap Blocks": 373, "Lossy Heap Blocks": 373, "Plans": [{"Node Type": "Bitmap Index Scan", "Parent Relationship": "Outer", "Index Name": "company_name_pkey", "Startup Cost": 0.0, "Total Cost": 0.26, "Plan Rows": 1, "Plan Width": 0, "Actual Min Startup Time": 1.133, "Actual Max Startup Time": 1.133, "Actual Min Total Time": 1.133, "Actual Max Total Time": 1.133, "Index Cond": "(id = mc.company_id)", "Actual Rows": 373}], "Actual Rows": 359}], "Actual Rows": 359}, {"Node Type": "Bitmap Heap Scan", "Parent Relationship": "Inner", "Relation Name": "char_name", "Alias": "chn", "Startup Cost": 0.31, "Total Cost": 4.33, "Plan Rows": 1, "Plan Width": 20, "Actual Min Startup Time": 1.596, "Actual Max Startup Time": 1.596, "Actual Min Total Time": 1.596, "Actual Max Total Time": 1.596, "Recheck Cond": "(id = ci.person_role_id)", "Rows Removed by Index Recheck": 0, "Exact Heap Blocks": 341, "Lossy Heap Blocks": 341, "Plans": [{"Node Type": "Bitmap Index Scan", "Parent Relationship": "Outer", "Index Name": "char_name_pkey", "Startup Cost": 0.0, "Total Cost": 0.31, "Plan Rows": 1, "Plan Width": 0, "Actual Min Startup Time": 1.015, "Actual Max Startup Time": 1.015, "Actual Min Total Time": 1.015, "Actual Max Total Time": 1.015, "Index Cond": "(id = ci.person_role_id)", "Actual Rows": 341}], "Actual Rows": 341}], "Actual Rows": 341}, {"Node Type": "Bitmap Heap Scan", "Parent Relationship": "Inner", "Relation Name": "title", "Alias": "t", "Startup Cost": 0.3, "Total Cost": 4.32, "Plan Rows": 1, "Plan Width": 21, "Actual Min Startup Time": 2.103, "Actual Max Startup Time": 2.103, "Actual Min Total Time": 2.103, "Actual Max Total Time": 2.103, "Recheck Cond": "(id = ci.movie_id)", "Rows Removed by Index Recheck": 0, "Filter": "((production_year >= 2005) AND (production_year <= 2015))", "Rows Removed by Filter": 220, "Exact Heap Blocks": 341, "Lossy Heap Blocks": 341, "Plans": [{"Node Type": "Bitmap Index Scan", "Parent Relationship": "Outer", "Index Name": "title_pkey", "Startup Cost": 0.0, "Total Cost": 0.3, "Plan Rows": 1, "Plan Width": 0, "Actual Min Startup Time": 1.233, "Actual Max Startup Time": 1.233, "Actual Min Total Time": 1.233, "Actual Max Total Time": 1.233, "Index Cond": "(id = ci.movie_id)", "Actual Rows": 341}], "Actual Rows": 121}], "Actual Rows": 121}], "Actual Rows": 1}, "Triggers": [], "Planner Runtime": 60, "Total Runtime": 233.234, "Unique SQL Id": 3431223514}}, "(16, 115)": {"explain_plan": {"Plan": {"Node Type": "Aggregate", "Strategy": "Plain", "Startup Cost": 199166.12, "Total Cost": 199166.13, "Plan Rows": 1, "Plan Width": 145, "Plans": [{"Node Type": "Nested Loop", "Parent Relationship": "Outer", "Join Type": "Inner", "Startup Cost": 83164.39, "Total Cost": 199166.11, "Plan Rows": 1, "Plan Width": 49, "Inner Unique": true, "Plans": [{"Node Type": "Nested Loop", "Parent Relationship": "Outer", "Join Type": "Inner", "Startup Cost": 83164.09, "Total Cost": 199161.78, "Plan Rows": 1, "Plan Width": 40, "Inner Unique": true, "Plans": [{"Node Type": "Nested Loop", "Parent Relationship": "Outer", "Join Type": "Inner", "Startup Cost": 83163.78, "Total Cost": 199153.11, "Plan Rows": 2, "Plan Width": 28, "Inner Unique": true, "Plans": [{"Node Type": "Nested Loop", "Parent Relationship": "Outer", "Join Type": "Inner", "Startup Cost": 83163.51, "Total Cost": 199131.67, "Plan Rows": 5, "Plan Width": 32, "Inner Unique": false, "Plans": [{"Node Type": "Nested Loop", "Parent Relationship": "Outer", "Join Type": "Inner", "Startup Cost": 83163.2, "Total Cost": 199075.04, "Plan Rows": 13, "Plan Width": 24, "Inner Unique": true, "Plans": [{"Node Type": "Nested Loop", "Parent Relationship": "Outer", "Join Type": "Inner", "Startup Cost": 83162.94, "Total Cost": 198471.17, "Plan Rows": 141, "Plan Width": 28, "Inner Unique": false, "Join Filter": "(n.id = ci.person_id)", "Plans": [{"Node Type": "Nested Loop", "Parent Relationship": "Outer", "Join Type": "Inner", "Startup Cost": 83161.94, "Total Cost": 197857.98, "Plan Rows": 115, "Plan Width": 24, "Inner Unique": false, "Plans": [{"Node Type": "Bitmap Heap Scan", "Parent Relationship": "Outer", "Relation Name": "name", "Alias": "n", "Startup Cost": 83157.72, "Total Cost": 197067.07, "Plan Rows": 96, "Plan Width": 4, "Filter": "(((name)::text ~~ '%Ang%'::text) AND ((gender)::text = 'f'::text))", "Plans": [{"Node Type": "Bitmap Index Scan", "Parent Relationship": "Outer", "Index Name": "name_pkey", "Startup Cost": 0.0, "Total Cost": 83157.7, "Plan Rows": 4167490, "Plan Width": 0}]}, {"Node Type": "Bitmap Heap Scan", "Parent Relationship": "Inner", "Relation Name": "aka_name", "Alias": "an", "Startup Cost": 4.22, "Total Cost": 8.23, "Plan Rows": 1, "Plan Width": 20, "Recheck Cond": "(person_id = n.id)", "Plans": [{"Node Type": "Bitmap Index Scan", "Parent Relationship": "Outer", "Index Name": "person_id_aka_name", "Startup Cost": 0.0, "Total Cost": 4.22, "Plan Rows": 1, "Plan Width": 0, "Index Cond": "(person_id = n.id)"}]}]}, {"Node Type": "Bitmap Heap Scan", "Parent Relationship": "Inner", "Relation Name": "cast_info", "Alias": "ci", "Startup Cost": 1.0, "Total Cost": 5.32, "Plan Rows": 1, "Plan Width": 16, "Recheck Cond": "(person_id = an.person_id)", "Filter": "((note)::text = ANY ('{(voice),\"(voice: Japanese version)\",\"(voice) (uncredited)\",\"(voice: English version)\"}'::text[]))", "Plans": [{"Node Type": "Bitmap Index Scan", "Parent Relationship": "Outer", "Index Name": "person_id_cast_info", "Startup Cost": 0.0, "Total Cost": 1.0, "Plan Rows": 18, "Plan Width": 0, "Index Cond": "(person_id = an.person_id)"}]}]}, {"Node Type": "Bitmap Heap Scan", "Parent Relationship": "Inner", "Relation Name": "role_type", "Alias": "rt", "Startup Cost": 0.26, "Total Cost": 4.27, "Plan Rows": 1, "Plan Width": 4, "Recheck Cond": "(id = ci.role_id)", "Filter": "((role)::text = 'actress'::text)", "Plans": [{"Node Type": "Bitmap Index Scan", "Parent Relationship": "Outer", "Index Name": "role_type_pkey", "Startup Cost": 0.0, "Total Cost": 0.26, "Plan Rows": 1, "Plan Width": 0, "Index Cond": "(id = ci.role_id)"}]}]}, {"Node Type": "Bitmap Heap Scan", "Parent Relationship": "Inner", "Relation Name": "movie_companies", "Alias": "mc", "Startup Cost": 0.31, "Total Cost": 4.35, "Plan Rows": 1, "Plan Width": 8, "Recheck Cond": "(movie_id = ci.movie_id)", "Filter": "((note IS NOT NULL) AND (((note)::text ~~ '%(USA)%'::text) OR ((note)::text ~~ '%(worldwide)%'::text)))", "Plans": [{"Node Type": "Bitmap Index Scan", "Parent Relationship": "Outer", "Index Name": "movie_id_movie_companies", "Startup Cost": 0.0, "Total Cost": 0.31, "Plan Rows": 2, "Plan Width": 0, "Index Cond": "(movie_id = ci.movie_id)"}]}]}, {"Node Type": "Bitmap Heap Scan", "Parent Relationship": "Inner", "Relation Name": "company_name", "Alias": "cn", "Startup Cost": 0.26, "Total Cost": 4.28, "Plan Rows": 1, "Plan Width": 4, "Recheck Cond": "(id = mc.company_id)", "Filter": "((country_code)::text = '[us]'::text)", "Plans": [{"Node Type": "Bitmap Index Scan", "Parent Relationship": "Outer", "Index Name": "company_name_pkey", "Startup Cost": 0.0, "Total Cost": 0.26, "Plan Rows": 1, "Plan Width": 0, "Index Cond": "(id = mc.company_id)"}]}]}, {"Node Type": "Bitmap Heap Scan", "Parent Relationship": "Inner", "Relation Name": "char_name", "Alias": "chn", "Startup Cost": 0.31, "Total Cost": 4.33, "Plan Rows": 1, "Plan Width": 20, "Recheck Cond": "(id = ci.person_role_id)", "Plans": [{"Node Type": "Bitmap Index Scan", "Parent Relationship": "Outer", "Index Name": "char_name_pkey", "Startup Cost": 0.0, "Total Cost": 0.31, "Plan Rows": 1, "Plan Width": 0, "Index Cond": "(id = ci.person_role_id)"}]}]}, {"Node Type": "Bitmap Heap Scan", "Parent Relationship": "Inner", "Relation Name": "title", "Alias": "t", "Startup Cost": 0.3, "Total Cost": 4.32, "Plan Rows": 1, "Plan Width": 21, "Recheck Cond": "(id = ci.movie_id)", "Filter": "((production_year >= 2005) AND (production_year <= 2015))", "Plans": [{"Node Type": "Bitmap Index Scan", "Parent Relationship": "Outer", "Index Name": "title_pkey", "Startup Cost": 0.0, "Total Cost": 0.3, "Plan Rows": 1, "Plan Width": 0, "Index Cond": "(id = ci.movie_id)"}]}]}]}, "Unique SQL Id": 3431223514, "Planner Runtime": 17}, "explain_analyze_plan": null}, "(16, 116)": {"explain_plan": {"Plan": {"Node Type": "Aggregate", "Strategy": "Plain", "Startup Cost": 23199.25, "Total Cost": 23199.26, "Plan Rows": 1, "Plan Width": 145, "Plans": [{"Node Type": "Nested Loop", "Parent Relationship": "Outer", "Join Type": "Inner", "Startup Cost": 0.0, "Total Cost": 23199.25, "Plan Rows": 1, "Plan Width": 49, "Inner Unique": true, "Plans": [{"Node Type": "Nested Loop", "Parent Relationship": "Outer", "Join Type": "Inner", "Startup Cost": 0.0, "Total Cost": 23198.75, "Plan Rows": 1, "Plan Width": 40, "Inner Unique": true, "Plans": [{"Node Type": "Nested Loop", "Parent Relationship": "Outer", "Join Type": "Inner", "Startup Cost": 0.0, "Total Cost": 23197.73, "Plan Rows": 2, "Plan Width": 28, "Inner Unique": true, "Plans": [{"Node Type": "Nested Loop", "Parent Relationship": "Outer", "Join Type": "Inner", "Startup Cost": 0.0, "Total Cost": 23196.09, "Plan Rows": 5, "Plan Width": 32, "Inner Unique": false, "Plans": [{"Node Type": "Nested Loop", "Parent Relationship": "Outer", "Join Type": "Inner", "Startup Cost": 0.0, "Total Cost": 23190.48, "Plan Rows": 13, "Plan Width": 24, "Inner Unique": false, "Join Filter": "(ci.role_id = rt.id)", "Plans": [{"Node Type": "Seq Scan", "Parent Relationship": "Outer", "Relation Name": "role_type", "Alias": "rt", "Startup Cost": 0.0, "Total Cost": 1.15, "Plan Rows": 1, "Plan Width": 4, "Filter": "((role)::text = 'actress'::text)"}, {"Node Type": "Materialize", "Parent Relationship": "Inner", "Startup Cost": 0.0, "Total Cost": 23187.92, "Plan Rows": 141, "Plan Width": 28, "Plans": [{"Node Type": "Nested Loop", "Parent Relationship": "Outer", "Join Type": "Inner", "Startup Cost": 0.0, "Total Cost": 23187.57, "Plan Rows": 141, "Plan Width": 28, "Inner Unique": false, "Join Filter": "(n.id = ci.person_id)", "Plans": [{"Node Type": "Nested Loop", "Parent Relationship": "Outer", "Join Type": "Inner", "Startup Cost": 0.0, "Total Cost": 22912.29, "Plan Rows": 115, "Plan Width": 24, "Inner Unique": false, "Plans": [{"Node Type": "Streaming(type: LOCAL GATHER dop: 1/16)", "Parent Relationship": "Outer", "Startup Cost": 0.0, "Total Cost": 22121.41, "Plan Rows": 96, "Plan Width": 4, "Plans": [{"Node Type": "Seq Scan", "Parent Relationship": "Outer", "Relation Name": "name", "Alias": "n", "Startup Cost": 0.0, "Total Cost": 22119.33, "Plan Rows": 96, "Plan Width": 4, "Filter": "(((name)::text ~~ '%Ang%'::text) AND ((gender)::text = 'f'::text))"}]}, {"Node Type": "Index Scan", "Parent Relationship": "Inner", "Scan Direction": "Forward", "Index Name": "person_id_aka_name", "Relation Name": "aka_name", "Alias": "an", "Startup Cost": 0.0, "Total Cost": 8.23, "Plan Rows": 1, "Plan Width": 20, "Index Cond": "(person_id = n.id)"}]}, {"Node Type": "Index Scan", "Parent Relationship": "Inner", "Scan Direction": "Forward", "Index Name": "person_id_cast_info", "Relation Name": "cast_info", "Alias": "ci", "Startup Cost": 0.0, "Total Cost": 2.38, "Plan Rows": 1, "Plan Width": 16, "Index Cond": "(person_id = an.person_id)", "Filter": "((note)::text = ANY ('{(voice),\"(voice: Japanese version)\",\"(voice) (uncredited)\",\"(voice: English version)\"}'::text[]))"}]}]}]}, {"Node Type": "Index Scan", "Parent Relationship": "Inner", "Scan Direction": "Forward", "Index Name": "movie_id_movie_companies", "Relation Name": "movie_companies", "Alias": "mc", "Startup Cost": 0.0, "Total Cost": 0.42, "Plan Rows": 1, "Plan Width": 8, "Index Cond": "(movie_id = ci.movie_id)", "Filter": "((note IS NOT NULL) AND (((note)::text ~~ '%(USA)%'::text) OR ((note)::text ~~ '%(worldwide)%'::text)))"}]}, {"Node Type": "Index Scan", "Parent Relationship": "Inner", "Scan Direction": "Forward", "Index Name": "company_name_pkey", "Relation Name": "company_name", "Alias": "cn", "Startup Cost": 0.0, "Total Cost": 0.32, "Plan Rows": 1, "Plan Width": 4, "Index Cond": "(id = mc.company_id)", "Filter": "((country_code)::text = '[us]'::text)"}]}, {"Node Type": "Index Scan", "Parent Relationship": "Inner", "Scan Direction": "Forward", "Index Name": "char_name_pkey", "Relation Name": "char_name", "Alias": "chn", "Startup Cost": 0.0, "Total Cost": 0.5, "Plan Rows": 1, "Plan Width": 20, "Index Cond": "(id = ci.person_role_id)"}]}, {"Node Type": "Index Scan", "Parent Relationship": "Inner", "Scan Direction": "Forward", "Index Name": "title_pkey", "Relation Name": "title", "Alias": "t", "Startup Cost": 0.0, "Total Cost": 0.49, "Plan Rows": 1, "Plan Width": 21, "Index Cond": "(id = ci.movie_id)", "Filter": "((production_year >= 2005) AND (production_year <= 2015))"}]}]}, "Unique SQL Id": 3431223514, "Planner Runtime": 18}, "explain_analyze_plan": {"Plan": {"Node Type": "Aggregate", "Strategy": "Plain", "Startup Cost": 23199.25, "Total Cost": 23199.26, "Plan Rows": 1, "Plan Width": 145, "Actual Min Startup Time": 217.809, "Actual Max Startup Time": 217.809, "Actual Min Total Time": 217.809, "Actual Max Total Time": 217.809, "Plans": [{"Node Type": "Nested Loop", "Parent Relationship": "Outer", "Join Type": "Inner", "Startup Cost": 0.0, "Total Cost": 23199.25, "Plan Rows": 1, "Plan Width": 49, "Actual Min Startup Time": 208.266, "Actual Max Startup Time": 208.266, "Actual Min Total Time": 217.659, "Actual Max Total Time": 217.659, "Inner Unique": true, "Plans": [{"Node Type": "Nested Loop", "Parent Relationship": "Outer", "Join Type": "Inner", "Startup Cost": 0.0, "Total Cost": 23198.75, "Plan Rows": 1, "Plan Width": 40, "Actual Min Startup Time": 207.759, "Actual Max Startup Time": 207.759, "Actual Min Total Time": 215.669, "Actual Max Total Time": 215.669, "Inner Unique": true, "Plans": [{"Node Type": "Nested Loop", "Parent Relationship": "Outer", "Join Type": "Inner", "Startup Cost": 0.0, "Total Cost": 23197.73, "Plan Rows": 2, "Plan Width": 28, "Actual Min Startup Time": 207.738, "Actual Max Startup Time": 207.738, "Actual Min Total Time": 214.139, "Actual Max Total Time": 214.139, "Inner Unique": true, "Plans": [{"Node Type": "Nested Loop", "Parent Relationship": "Outer", "Join Type": "Inner", "Startup Cost": 0.0, "Total Cost": 23196.09, "Plan Rows": 5, "Plan Width": 32, "Actual Min Startup Time": 207.712, "Actual Max Startup Time": 207.712, "Actual Min Total Time": 212.282, "Actual Max Total Time": 212.282, "Inner Unique": false, "Plans": [{"Node Type": "Nested Loop", "Parent Relationship": "Outer", "Join Type": "Inner", "Startup Cost": 0.0, "Total Cost": 23190.48, "Plan Rows": 13, "Plan Width": 24, "Actual Min Startup Time": 207.655, "Actual Max Startup Time": 207.655, "Actual Min Total Time": 207.944, "Actual Max Total Time": 207.944, "Inner Unique": false, "Join Filter": "(ci.role_id = rt.id)", "Rows Removed by Join Filter": 0, "Plans": [{"Node Type": "Seq Scan", "Parent Relationship": "Outer", "Relation Name": "role_type", "Alias": "rt", "Startup Cost": 0.0, "Total Cost": 1.15, "Plan Rows": 1, "Plan Width": 4, "Actual Min Startup Time": 0.037, "Actual Max Startup Time": 0.037, "Actual Min Total Time": 0.042, "Actual Max Total Time": 0.042, "Filter": "((role)::text = 'actress'::text)", "Rows Removed by Filter": 11, "Actual Rows": 1}, {"Node Type": "Materialize", "Parent Relationship": "Inner", "Startup Cost": 0.0, "Total Cost": 23187.92, "Plan Rows": 141, "Plan Width": 28, "Actual Min Startup Time": 207.601, "Actual Max Startup Time": 207.601, "Actual Min Total Time": 207.663, "Actual Max Total Time": 207.663, "Plans": [{"Node Type": "Nested Loop", "Parent Relationship": "Outer", "Join Type": "Inner", "Startup Cost": 0.0, "Total Cost": 23187.57, "Plan Rows": 141, "Plan Width": 28, "Actual Min Startup Time": 79.388, "Actual Max Startup Time": 79.388, "Actual Min Total Time": 207.403, "Actual Max Total Time": 207.403, "Inner Unique": false, "Join Filter": "(n.id = ci.person_id)", "Rows Removed by Join Filter": 0, "Plans": [{"Node Type": "Nested Loop", "Parent Relationship": "Outer", "Join Type": "Inner", "Startup Cost": 0.0, "Total Cost": 22912.29, "Plan Rows": 115, "Plan Width": 24, "Actual Min Startup Time": 78.004, "Actual Max Startup Time": 78.004, "Actual Min Total Time": 152.752, "Actual Max Total Time": 152.752, "Inner Unique": false, "Plans": [{"Node Type": "Streaming(type: LOCAL GATHER dop: 1/16)", "Parent Relationship": "Outer", "Startup Cost": 0.0, "Total Cost": 22121.41, "Plan Rows": 96, "Plan Width": 4, "Actual Min Startup Time": 77.938, "Actual Max Startup Time": 77.938, "Actual Min Total Time": 130.682, "Actual Max Total Time": 130.682, "Plans": [{"Node Type": "Seq Scan", "Parent Relationship": "Outer", "Relation Name": "name", "Alias": "n", "Startup Cost": 0.0, "Total Cost": 22119.33, "Plan Rows": 96, "Plan Width": 4, "Actual Min Startup Time": 42.659, "Actual Max Startup Time": 47.494, "Actual Min Total Time": 106.008, "Actual Max Total Time": 112.366, "Filter": "(((name)::text ~~ '%Ang%'::text) AND ((gender)::text = 'f'::text))", "Rows Removed by Filter": 4160722, "Actual Rows": 6768}], "Actual Rows": 6768}, {"Node Type": "Index Scan", "Parent Relationship": "Inner", "Scan Direction": "Forward", "Index Name": "person_id_aka_name", "Relation Name": "aka_name", "Alias": "an", "Startup Cost": 0.0, "Total Cost": 8.23, "Plan Rows": 1, "Plan Width": 20, "Actual Min Startup Time": 17.561, "Actual Max Startup Time": 17.561, "Actual Min Total Time": 18.45, "Actual Max Total Time": 18.45, "Index Cond": "(person_id = n.id)", "Rows Removed by Index Recheck": 0, "Actual Rows": 1558}], "Actual Rows": 1558}, {"Node Type": "Index Scan", "Parent Relationship": "Inner", "Scan Direction": "Forward", "Index Name": "person_id_cast_info", "Relation Name": "cast_info", "Alias": "ci", "Startup Cost": 0.0, "Total Cost": 2.38, "Plan Rows": 1, "Plan Width": 16, "Actual Min Startup Time": 48.536, "Actual Max Startup Time": 48.536, "Actual Min Total Time": 53.613, "Actual Max Total Time": 53.613, "Index Cond": "(person_id = an.person_id)", "Rows Removed by Index Recheck": 0, "Filter": "((note)::text = ANY ('{(voice),\"(voice: Japanese version)\",\"(voice) (uncredited)\",\"(voice: English version)\"}'::text[]))", "Rows Removed by Filter": 69057, "Actual Rows": 425}], "Actual Rows": 425}], "Actual Rows": 426}], "Actual Rows": 425}, {"Node Type": "Index Scan", "Parent Relationship": "Inner", "Scan Direction": "Forward", "Index Name": "movie_id_movie_companies", "Relation Name": "movie_companies", "Alias": "mc", "Startup Cost": 0.0, "Total Cost": 0.42, "Plan Rows": 1, "Plan Width": 8, "Actual Min Startup Time": 2.852, "Actual Max Startup Time": 2.852, "Actual Min Total Time": 4.027, "Actual Max Total Time": 4.027, "Index Cond": "(movie_id = ci.movie_id)", "Rows Removed by Index Recheck": 0, "Filter": "((note IS NOT NULL) AND (((note)::text ~~ '%(USA)%'::text) OR ((note)::text ~~ '%(worldwide)%'::text)))", "Rows Removed by Filter": 1538, "Actual Rows": 373}], "Actual Rows": 373}, {"Node Type": "Index Scan", "Parent Relationship": "Inner", "Scan Direction": "Forward", "Index Name": "company_name_pkey", "Relation Name": "company_name", "Alias": "cn", "Startup Cost": 0.0, "Total Cost": 0.32, "Plan Rows": 1, "Plan Width": 4, "Actual Min Startup Time": 1.542, "Actual Max Startup Time": 1.542, "Actual Min Total Time": 1.542, "Actual Max Total Time": 1.542, "Index Cond": "(id = mc.company_id)", "Rows Removed by Index Recheck": 0, "Filter": "((country_code)::text = '[us]'::text)", "Rows Removed by Filter": 14, "Actual Rows": 359}], "Actual Rows": 359}, {"Node Type": "Index Scan", "Parent Relationship": "Inner", "Scan Direction": "Forward", "Index Name": "char_name_pkey", "Relation Name": "char_name", "Alias": "chn", "Startup Cost": 0.0, "Total Cost": 0.5, "Plan Rows": 1, "Plan Width": 20, "Actual Min Startup Time": 1.21, "Actual Max Startup Time": 1.21, "Actual Min Total Time": 1.21, "Actual Max Total Time": 1.21, "Index Cond": "(id = ci.person_role_id)", "Rows Removed by Index Recheck": 0, "Actual Rows": 341}], "Actual Rows": 341}, {"Node Type": "Index Scan", "Parent Relationship": "Inner", "Scan Direction": "Forward", "Index Name": "title_pkey", "Relation Name": "title", "Alias": "t", "Startup Cost": 0.0, "Total Cost": 0.49, "Plan Rows": 1, "Plan Width": 21, "Actual Min Startup Time": 1.749, "Actual Max Startup Time": 1.749, "Actual Min Total Time": 1.749, "Actual Max Total Time": 1.749, "Index Cond": "(id = ci.movie_id)", "Rows Removed by Index Recheck": 0, "Filter": "((production_year >= 2005) AND (production_year <= 2015))", "Rows Removed by Filter": 220, "Actual Rows": 121}], "Actual Rows": 121}], "Actual Rows": 1}, "Triggers": [], "Planner Runtime": 18, "Total Runtime": 220.755, "Unique SQL Id": 3431223514}}, "(16, 117)": {"explain_plan": {"Plan": {"Node Type": "Aggregate", "Strategy": "Plain", "Startup Cost": 154556.1, "Total Cost": 154556.11, "Plan Rows": 1, "Plan Width": 145, "Plans": [{"Node Type": "Nested Loop", "Parent Relationship": "Outer", "Join Type": "Inner", "Startup Cost": 0.0, "Total Cost": 154556.09, "Plan Rows": 1, "Plan Width": 49, "Inner Unique": true, "Plans": [{"Node Type": "Nested Loop", "Parent Relationship": "Outer", "Join Type": "Inner", "Startup Cost": 0.0, "Total Cost": 154555.59, "Plan Rows": 1, "Plan Width": 40, "Inner Unique": true, "Plans": [{"Node Type": "Nested Loop", "Parent Relationship": "Outer", "Join Type": "Inner", "Startup Cost": 0.0, "Total Cost": 154554.58, "Plan Rows": 2, "Plan Width": 28, "Inner Unique": true, "Plans": [{"Node Type": "Nested Loop", "Parent Relationship": "Outer", "Join Type": "Inner", "Startup Cost": 0.0, "Total Cost": 154552.94, "Plan Rows": 5, "Plan Width": 32, "Inner Unique": false, "Plans": [{"Node Type": "Nested Loop", "Parent Relationship": "Outer", "Join Type": "Inner", "Startup Cost": 0.0, "Total Cost": 154547.33, "Plan Rows": 13, "Plan Width": 24, "Inner Unique": false, "Join Filter": "(ci.role_id = rt.id)", "Plans": [{"Node Type": "Index Scan", "Parent Relationship": "Outer", "Scan Direction": "Forward", "Index Name": "role_type_pkey", "Relation Name": "role_type", "Alias": "rt", "Startup Cost": 0.0, "Total Cost": 12.46, "Plan Rows": 1, "Plan Width": 4, "Filter": "((role)::text = 'actress'::text)"}, {"Node Type": "Materialize", "Parent Relationship": "Inner", "Startup Cost": 0.0, "Total Cost": 154533.46, "Plan Rows": 141, "Plan Width": 28, "Plans": [{"Node Type": "Nested Loop", "Parent Relationship": "Outer", "Join Type": "Inner", "Startup Cost": 0.0, "Total Cost": 154533.1, "Plan Rows": 141, "Plan Width": 28, "Inner Unique": false, "Join Filter": "(n.id = ci.person_id)", "Plans": [{"Node Type": "Nested Loop", "Parent Relationship": "Outer", "Join Type": "Inner", "Startup Cost": 0.0, "Total Cost": 154257.82, "Plan Rows": 115, "Plan Width": 24, "Inner Unique": false, "Plans": [{"Node Type": "Streaming(type: LOCAL GATHER dop: 1/16)", "Parent Relationship": "Outer", "Startup Cost": 0.0, "Total Cost": 153466.94, "Plan Rows": 96, "Plan Width": 4, "Plans": [{"Node Type": "Index Scan", "Parent Relationship": "Outer", "Scan Direction": "Forward", "Index Name": "name_pkey", "Relation Name": "name", "Alias": "n", "Startup Cost": 0.0, "Total Cost": 153464.87, "Plan Rows": 96, "Plan Width": 4, "Filter": "(((name)::text ~~ '%Ang%'::text) AND ((gender)::text = 'f'::text))"}]}, {"Node Type": "Index Scan", "Parent Relationship": "Inner", "Scan Direction": "Forward", "Index Name": "person_id_aka_name", "Relation Name": "aka_name", "Alias": "an", "Startup Cost": 0.0, "Total Cost": 8.23, "Plan Rows": 1, "Plan Width": 20, "Index Cond": "(person_id = n.id)"}]}, {"Node Type": "Index Scan", "Parent Relationship": "Inner", "Scan Direction": "Forward", "Index Name": "person_id_cast_info", "Relation Name": "cast_info", "Alias": "ci", "Startup Cost": 0.0, "Total Cost": 2.38, "Plan Rows": 1, "Plan Width": 16, "Index Cond": "(person_id = an.person_id)", "Filter": "((note)::text = ANY ('{(voice),\"(voice: Japanese version)\",\"(voice) (uncredited)\",\"(voice: English version)\"}'::text[]))"}]}]}]}, {"Node Type": "Index Scan", "Parent Relationship": "Inner", "Scan Direction": "Forward", "Index Name": "movie_id_movie_companies", "Relation Name": "movie_companies", "Alias": "mc", "Startup Cost": 0.0, "Total Cost": 0.42, "Plan Rows": 1, "Plan Width": 8, "Index Cond": "(movie_id = ci.movie_id)", "Filter": "((note IS NOT NULL) AND (((note)::text ~~ '%(USA)%'::text) OR ((note)::text ~~ '%(worldwide)%'::text)))"}]}, {"Node Type": "Index Scan", "Parent Relationship": "Inner", "Scan Direction": "Forward", "Index Name": "company_name_pkey", "Relation Name": "company_name", "Alias": "cn", "Startup Cost": 0.0, "Total Cost": 0.32, "Plan Rows": 1, "Plan Width": 4, "Index Cond": "(id = mc.company_id)", "Filter": "((country_code)::text = '[us]'::text)"}]}, {"Node Type": "Index Scan", "Parent Relationship": "Inner", "Scan Direction": "Forward", "Index Name": "char_name_pkey", "Relation Name": "char_name", "Alias": "chn", "Startup Cost": 0.0, "Total Cost": 0.5, "Plan Rows": 1, "Plan Width": 20, "Index Cond": "(id = ci.person_role_id)"}]}, {"Node Type": "Index Scan", "Parent Relationship": "Inner", "Scan Direction": "Forward", "Index Name": "title_pkey", "Relation Name": "title", "Alias": "t", "Startup Cost": 0.0, "Total Cost": 0.49, "Plan Rows": 1, "Plan Width": 21, "Index Cond": "(id = ci.movie_id)", "Filter": "((production_year >= 2005) AND (production_year <= 2015))"}]}]}, "Unique SQL Id": 3431223514, "Planner Runtime": 15}, "explain_analyze_plan": {"Plan": {"Node Type": "Aggregate", "Strategy": "Plain", "Startup Cost": 154556.1, "Total Cost": 154556.11, "Plan Rows": 1, "Plan Width": 145, "Actual Min Startup Time": 381.158, "Actual Max Startup Time": 381.158, "Actual Min Total Time": 381.159, "Actual Max Total Time": 381.159, "Plans": [{"Node Type": "Nested Loop", "Parent Relationship": "Outer", "Join Type": "Inner", "Startup Cost": 0.0, "Total Cost": 154556.09, "Plan Rows": 1, "Plan Width": 49, "Actual Min Startup Time": 371.852, "Actual Max Startup Time": 371.852, "Actual Min Total Time": 381.01, "Actual Max Total Time": 381.01, "Inner Unique": true, "Plans": [{"Node Type": "Nested Loop", "Parent Relationship": "Outer", "Join Type": "Inner", "Startup Cost": 0.0, "Total Cost": 154555.59, "Plan Rows": 1, "Plan Width": 40, "Actual Min Startup Time": 370.918, "Actual Max Startup Time": 370.918, "Actual Min Total Time": 379.017, "Actual Max Total Time": 379.017, "Inner Unique": true, "Plans": [{"Node Type": "Nested Loop", "Parent Relationship": "Outer", "Join Type": "Inner", "Startup Cost": 0.0, "Total Cost": 154554.58, "Plan Rows": 2, "Plan Width": 28, "Actual Min Startup Time": 370.897, "Actual Max Startup Time": 370.897, "Actual Min Total Time": 377.445, "Actual Max Total Time": 377.445, "Inner Unique": true, "Plans": [{"Node Type": "Nested Loop", "Parent Relationship": "Outer", "Join Type": "Inner", "Startup Cost": 0.0, "Total Cost": 154552.94, "Plan Rows": 5, "Plan Width": 32, "Actual Min Startup Time": 370.872, "Actual Max Startup Time": 370.872, "Actual Min Total Time": 375.543, "Actual Max Total Time": 375.543, "Inner Unique": false, "Plans": [{"Node Type": "Nested Loop", "Parent Relationship": "Outer", "Join Type": "Inner", "Startup Cost": 0.0, "Total Cost": 154547.33, "Plan Rows": 13, "Plan Width": 24, "Actual Min Startup Time": 370.838, "Actual Max Startup Time": 370.838, "Actual Min Total Time": 371.129, "Actual Max Total Time": 371.129, "Inner Unique": false, "Join Filter": "(ci.role_id = rt.id)", "Rows Removed by Join Filter": 0, "Plans": [{"Node Type": "Index Scan", "Parent Relationship": "Outer", "Scan Direction": "Forward", "Index Name": "role_type_pkey", "Relation Name": "role_type", "Alias": "rt", "Startup Cost": 0.0, "Total Cost": 12.46, "Plan Rows": 1, "Plan Width": 4, "Actual Min Startup Time": 0.027, "Actual Max Startup Time": 0.027, "Actual Min Total Time": 0.034, "Actual Max Total Time": 0.034, "Filter": "((role)::text = 'actress'::text)", "Rows Removed by Filter": 11, "Actual Rows": 1}, {"Node Type": "Materialize", "Parent Relationship": "Inner", "Startup Cost": 0.0, "Total Cost": 154533.46, "Plan Rows": 141, "Plan Width": 28, "Actual Min Startup Time": 370.792, "Actual Max Startup Time": 370.792, "Actual Min Total Time": 370.871, "Actual Max Total Time": 370.871, "Plans": [{"Node Type": "Nested Loop", "Parent Relationship": "Outer", "Join Type": "Inner", "Startup Cost": 0.0, "Total Cost": 154533.1, "Plan Rows": 141, "Plan Width": 28, "Actual Min Startup Time": 96.425, "Actual Max Startup Time": 96.425, "Actual Min Total Time": 370.541, "Actual Max Total Time": 370.541, "Inner Unique": false, "Join Filter": "(n.id = ci.person_id)", "Rows Removed by Join Filter": 0, "Plans": [{"Node Type": "Nested Loop", "Parent Relationship": "Outer", "Join Type": "Inner", "Startup Cost": 0.0, "Total Cost": 154257.82, "Plan Rows": 115, "Plan Width": 24, "Actual Min Startup Time": 95.83, "Actual Max Startup Time": 95.83, "Actual Min Total Time": 315.879, "Actual Max Total Time": 315.879, "Inner Unique": false, "Plans": [{"Node Type": "Streaming(type: LOCAL GATHER dop: 1/16)", "Parent Relationship": "Outer", "Startup Cost": 0.0, "Total Cost": 153466.94, "Plan Rows": 96, "Plan Width": 4, "Actual Min Startup Time": 95.756, "Actual Max Startup Time": 95.756, "Actual Min Total Time": 293.923, "Actual Max Total Time": 293.923, "Plans": [{"Node Type": "Index Scan", "Parent Relationship": "Outer", "Scan Direction": "Forward", "Index Name": "name_pkey", "Relation Name": "name", "Alias": "n", "Startup Cost": 0.0, "Total Cost": 153464.87, "Plan Rows": 96, "Plan Width": 4, "Actual Min Startup Time": 40.31, "Actual Max Startup Time": 338.836, "Actual Min Total Time": 295.678, "Actual Max Total Time": 338.836, "Filter": "(((name)::text ~~ '%Ang%'::text) AND ((gender)::text = 'f'::text))", "Rows Removed by Filter": 4160722, "Actual Rows": 6768}], "Actual Rows": 6768}, {"Node Type": "Index Scan", "Parent Relationship": "Inner", "Scan Direction": "Forward", "Index Name": "person_id_aka_name", "Relation Name": "aka_name", "Alias": "an", "Startup Cost": 0.0, "Total Cost": 8.23, "Plan Rows": 1, "Plan Width": 20, "Actual Min Startup Time": 17.357, "Actual Max Startup Time": 17.357, "Actual Min Total Time": 18.22, "Actual Max Total Time": 18.22, "Index Cond": "(person_id = n.id)", "Rows Removed by Index Recheck": 0, "Actual Rows": 1558}], "Actual Rows": 1558}, {"Node Type": "Index Scan", "Parent Relationship": "Inner", "Scan Direction": "Forward", "Index Name": "person_id_cast_info", "Relation Name": "cast_info", "Alias": "ci", "Startup Cost": 0.0, "Total Cost": 2.38, "Plan Rows": 1, "Plan Width": 16, "Actual Min Startup Time": 48.528, "Actual Max Startup Time": 48.528, "Actual Min Total Time": 53.577, "Actual Max Total Time": 53.577, "Index Cond": "(person_id = an.person_id)", "Rows Removed by Index Recheck": 0, "Filter": "((note)::text = ANY ('{(voice),\"(voice: Japanese version)\",\"(voice) (uncredited)\",\"(voice: English version)\"}'::text[]))", "Rows Removed by Filter": 69057, "Actual Rows": 425}], "Actual Rows": 425}], "Actual Rows": 426}], "Actual Rows": 425}, {"Node Type": "Index Scan", "Parent Relationship": "Inner", "Scan Direction": "Forward", "Index Name": "movie_id_movie_companies", "Relation Name": "movie_companies", "Alias": "mc", "Startup Cost": 0.0, "Total Cost": 0.42, "Plan Rows": 1, "Plan Width": 8, "Actual Min Startup Time": 2.907, "Actual Max Startup Time": 2.907, "Actual Min Total Time": 4.086, "Actual Max Total Time": 4.086, "Index Cond": "(movie_id = ci.movie_id)", "Rows Removed by Index Recheck": 0, "Filter": "((note IS NOT NULL) AND (((note)::text ~~ '%(USA)%'::text) OR ((note)::text ~~ '%(worldwide)%'::text)))", "Rows Removed by Filter": 1538, "Actual Rows": 373}], "Actual Rows": 373}, {"Node Type": "Index Scan", "Parent Relationship": "Inner", "Scan Direction": "Forward", "Index Name": "company_name_pkey", "Relation Name": "company_name", "Alias": "cn", "Startup Cost": 0.0, "Total Cost": 0.32, "Plan Rows": 1, "Plan Width": 4, "Actual Min Startup Time": 1.6, "Actual Max Startup Time": 1.6, "Actual Min Total Time": 1.6, "Actual Max Total Time": 1.6, "Index Cond": "(id = mc.company_id)", "Rows Removed by Index Recheck": 0, "Filter": "((country_code)::text = '[us]'::text)", "Rows Removed by Filter": 14, "Actual Rows": 359}], "Actual Rows": 359}, {"Node Type": "Index Scan", "Parent Relationship": "Inner", "Scan Direction": "Forward", "Index Name": "char_name_pkey", "Relation Name": "char_name", "Alias": "chn", "Startup Cost": 0.0, "Total Cost": 0.5, "Plan Rows": 1, "Plan Width": 20, "Actual Min Startup Time": 1.275, "Actual Max Startup Time": 1.275, "Actual Min Total Time": 1.275, "Actual Max Total Time": 1.275, "Index Cond": "(id = ci.person_role_id)", "Rows Removed by Index Recheck": 0, "Actual Rows": 341}], "Actual Rows": 341}, {"Node Type": "Index Scan", "Parent Relationship": "Inner", "Scan Direction": "Forward", "Index Name": "title_pkey", "Relation Name": "title", "Alias": "t", "Startup Cost": 0.0, "Total Cost": 0.49, "Plan Rows": 1, "Plan Width": 21, "Actual Min Startup Time": 1.749, "Actual Max Startup Time": 1.749, "Actual Min Total Time": 1.749, "Actual Max Total Time": 1.749, "Index Cond": "(id = ci.movie_id)", "Rows Removed by Index Recheck": 0, "Filter": "((production_year >= 2005) AND (production_year <= 2015))", "Rows Removed by Filter": 220, "Actual Rows": 121}], "Actual Rows": 121}], "Actual Rows": 1}, "Triggers": [], "Planner Runtime": 15, "Total Runtime": 384.132, "Unique SQL Id": 3431223514}}, "(16, 118)": {"explain_plan": {"Plan": {"Node Type": "Aggregate", "Strategy": "Plain", "Startup Cost": 23619.5, "Total Cost": 23619.51, "Plan Rows": 1, "Plan Width": 145, "Plans": [{"Node Type": "Nested Loop", "Parent Relationship": "Outer", "Join Type": "Inner", "Startup Cost": 6.41, "Total Cost": 23619.49, "Plan Rows": 1, "Plan Width": 49, "Inner Unique": true, "Plans": [{"Node Type": "Nested Loop", "Parent Relationship": "Outer", "Join Type": "Inner", "Startup Cost": 6.11, "Total Cost": 23615.16, "Plan Rows": 1, "Plan Width": 40, "Inner Unique": true, "Plans": [{"Node Type": "Nested Loop", "Parent Relationship": "Outer", "Join Type": "Inner", "Startup Cost": 5.8, "Total Cost": 23606.49, "Plan Rows": 2, "Plan Width": 28, "Inner Unique": true, "Plans": [{"Node Type": "Nested Loop", "Parent Relationship": "Outer", "Join Type": "Inner", "Startup Cost": 5.53, "Total Cost": 23585.05, "Plan Rows": 5, "Plan Width": 32, "Inner Unique": false, "Plans": [{"Node Type": "Nested Loop", "Parent Relationship": "Outer", "Join Type": "Inner", "Startup Cost": 5.22, "Total Cost": 23528.42, "Plan Rows": 13, "Plan Width": 24, "Inner Unique": false, "Join Filter": "(ci.role_id = rt.id)", "Plans": [{"Node Type": "Seq Scan", "Parent Relationship": "Outer", "Relation Name": "role_type", "Alias": "rt", "Startup Cost": 0.0, "Total Cost": 1.15, "Plan Rows": 1, "Plan Width": 4, "Filter": "((role)::text = 'actress'::text)"}, {"Node Type": "Materialize", "Parent Relationship": "Inner", "Startup Cost": 5.22, "Total Cost": 23525.86, "Plan Rows": 141, "Plan Width": 28, "Plans": [{"Node Type": "Nested Loop", "Parent Relationship": "Outer", "Join Type": "Inner", "Startup Cost": 5.22, "Total Cost": 23525.5, "Plan Rows": 141, "Plan Width": 28, "Inner Unique": false, "Join Filter": "(n.id = ci.person_id)", "Plans": [{"Node Type": "Nested Loop", "Parent Relationship": "Outer", "Join Type": "Inner", "Startup Cost": 4.22, "Total Cost": 22912.31, "Plan Rows": 115, "Plan Width": 24, "Inner Unique": false, "Plans": [{"Node Type": "Streaming(type: LOCAL GATHER dop: 1/16)", "Parent Relationship": "Outer", "Startup Cost": 0.0, "Total Cost": 22121.41, "Plan Rows": 96, "Plan Width": 4, "Plans": [{"Node Type": "Seq Scan", "Parent Relationship": "Outer", "Relation Name": "name", "Alias": "n", "Startup Cost": 0.0, "Total Cost": 22119.33, "Plan Rows": 96, "Plan Width": 4, "Filter": "(((name)::text ~~ '%Ang%'::text) AND ((gender)::text = 'f'::text))"}]}, {"Node Type": "Bitmap Heap Scan", "Parent Relationship": "Inner", "Relation Name": "aka_name", "Alias": "an", "Startup Cost": 4.22, "Total Cost": 8.23, "Plan Rows": 1, "Plan Width": 20, "Recheck Cond": "(person_id = n.id)", "Plans": [{"Node Type": "Bitmap Index Scan", "Parent Relationship": "Outer", "Index Name": "person_id_aka_name", "Startup Cost": 0.0, "Total Cost": 4.22, "Plan Rows": 1, "Plan Width": 0, "Index Cond": "(person_id = n.id)"}]}]}, {"Node Type": "Bitmap Heap Scan", "Parent Relationship": "Inner", "Relation Name": "cast_info", "Alias": "ci", "Startup Cost": 1.0, "Total Cost": 5.32, "Plan Rows": 1, "Plan Width": 16, "Recheck Cond": "(person_id = an.person_id)", "Filter": "((note)::text = ANY ('{(voice),\"(voice: Japanese version)\",\"(voice) (uncredited)\",\"(voice: English version)\"}'::text[]))", "Plans": [{"Node Type": "Bitmap Index Scan", "Parent Relationship": "Outer", "Index Name": "person_id_cast_info", "Startup Cost": 0.0, "Total Cost": 1.0, "Plan Rows": 18, "Plan Width": 0, "Index Cond": "(person_id = an.person_id)"}]}]}]}]}, {"Node Type": "Bitmap Heap Scan", "Parent Relationship": "Inner", "Relation Name": "movie_companies", "Alias": "mc", "Startup Cost": 0.31, "Total Cost": 4.35, "Plan Rows": 1, "Plan Width": 8, "Recheck Cond": "(movie_id = ci.movie_id)", "Filter": "((note IS NOT NULL) AND (((note)::text ~~ '%(USA)%'::text) OR ((note)::text ~~ '%(worldwide)%'::text)))", "Plans": [{"Node Type": "Bitmap Index Scan", "Parent Relationship": "Outer", "Index Name": "movie_id_movie_companies", "Startup Cost": 0.0, "Total Cost": 0.31, "Plan Rows": 2, "Plan Width": 0, "Index Cond": "(movie_id = ci.movie_id)"}]}]}, {"Node Type": "Bitmap Heap Scan", "Parent Relationship": "Inner", "Relation Name": "company_name", "Alias": "cn", "Startup Cost": 0.26, "Total Cost": 4.28, "Plan Rows": 1, "Plan Width": 4, "Recheck Cond": "(id = mc.company_id)", "Filter": "((country_code)::text = '[us]'::text)", "Plans": [{"Node Type": "Bitmap Index Scan", "Parent Relationship": "Outer", "Index Name": "company_name_pkey", "Startup Cost": 0.0, "Total Cost": 0.26, "Plan Rows": 1, "Plan Width": 0, "Index Cond": "(id = mc.company_id)"}]}]}, {"Node Type": "Bitmap Heap Scan", "Parent Relationship": "Inner", "Relation Name": "char_name", "Alias": "chn", "Startup Cost": 0.31, "Total Cost": 4.33, "Plan Rows": 1, "Plan Width": 20, "Recheck Cond": "(id = ci.person_role_id)", "Plans": [{"Node Type": "Bitmap Index Scan", "Parent Relationship": "Outer", "Index Name": "char_name_pkey", "Startup Cost": 0.0, "Total Cost": 0.31, "Plan Rows": 1, "Plan Width": 0, "Index Cond": "(id = ci.person_role_id)"}]}]}, {"Node Type": "Bitmap Heap Scan", "Parent Relationship": "Inner", "Relation Name": "title", "Alias": "t", "Startup Cost": 0.3, "Total Cost": 4.32, "Plan Rows": 1, "Plan Width": 21, "Recheck Cond": "(id = ci.movie_id)", "Filter": "((production_year >= 2005) AND (production_year <= 2015))", "Plans": [{"Node Type": "Bitmap Index Scan", "Parent Relationship": "Outer", "Index Name": "title_pkey", "Startup Cost": 0.0, "Total Cost": 0.3, "Plan Rows": 1, "Plan Width": 0, "Index Cond": "(id = ci.movie_id)"}]}]}]}, "Unique SQL Id": 3431223514, "Planner Runtime": 60}, "explain_analyze_plan": {"Plan": {"Node Type": "Aggregate", "Strategy": "Plain", "Startup Cost": 23619.5, "Total Cost": 23619.51, "Plan Rows": 1, "Plan Width": 145, "Actual Min Startup Time": 230.198, "Actual Max Startup Time": 230.198, "Actual Min Total Time": 230.198, "Actual Max Total Time": 230.198, "Plans": [{"Node Type": "Nested Loop", "Parent Relationship": "Outer", "Join Type": "Inner", "Startup Cost": 6.41, "Total Cost": 23619.49, "Plan Rows": 1, "Plan Width": 49, "Actual Min Startup Time": 217.211, "Actual Max Startup Time": 217.211, "Actual Min Total Time": 230.023, "Actual Max Total Time": 230.023, "Inner Unique": true, "Plans": [{"Node Type": "Nested Loop", "Parent Relationship": "Outer", "Join Type": "Inner", "Startup Cost": 6.11, "Total Cost": 23615.16, "Plan Rows": 1, "Plan Width": 40, "Actual Min Startup Time": 217.172, "Actual Max Startup Time": 217.172, "Actual Min Total Time": 227.505, "Actual Max Total Time": 227.505, "Inner Unique": true, "Plans": [{"Node Type": "Nested Loop", "Parent Relationship": "Outer", "Join Type": "Inner", "Startup Cost": 5.8, "Total Cost": 23606.49, "Plan Rows": 2, "Plan Width": 28, "Actual Min Startup Time": 217.146, "Actual Max Startup Time": 217.146, "Actual Min Total Time": 225.406, "Actual Max Total Time": 225.406, "Inner Unique": true, "Plans": [{"Node Type": "Nested Loop", "Parent Relationship": "Outer", "Join Type": "Inner", "Startup Cost": 5.53, "Total Cost": 23585.05, "Plan Rows": 5, "Plan Width": 32, "Actual Min Startup Time": 217.113, "Actual Max Startup Time": 217.113, "Actual Min Total Time": 222.879, "Actual Max Total Time": 222.879, "Inner Unique": false, "Plans": [{"Node Type": "Nested Loop", "Parent Relationship": "Outer", "Join Type": "Inner", "Startup Cost": 5.22, "Total Cost": 23528.42, "Plan Rows": 13, "Plan Width": 24, "Actual Min Startup Time": 217.048, "Actual Max Startup Time": 217.048, "Actual Min Total Time": 217.364, "Actual Max Total Time": 217.364, "Inner Unique": false, "Join Filter": "(ci.role_id = rt.id)", "Rows Removed by Join Filter": 0, "Plans": [{"Node Type": "Seq Scan", "Parent Relationship": "Outer", "Relation Name": "role_type", "Alias": "rt", "Startup Cost": 0.0, "Total Cost": 1.15, "Plan Rows": 1, "Plan Width": 4, "Actual Min Startup Time": 0.03, "Actual Max Startup Time": 0.03, "Actual Min Total Time": 0.036, "Actual Max Total Time": 0.036, "Filter": "((role)::text = 'actress'::text)", "Rows Removed by Filter": 11, "Actual Rows": 1}, {"Node Type": "Materialize", "Parent Relationship": "Inner", "Startup Cost": 5.22, "Total Cost": 23525.86, "Plan Rows": 141, "Plan Width": 28, "Actual Min Startup Time": 217.001, "Actual Max Startup Time": 217.001, "Actual Min Total Time": 217.068, "Actual Max Total Time": 217.068, "Plans": [{"Node Type": "Nested Loop", "Parent Relationship": "Outer", "Join Type": "Inner", "Startup Cost": 5.22, "Total Cost": 23525.5, "Plan Rows": 141, "Plan Width": 28, "Actual Min Startup Time": 80.207, "Actual Max Startup Time": 80.207, "Actual Min Total Time": 216.822, "Actual Max Total Time": 216.822, "Inner Unique": false, "Join Filter": "(n.id = ci.person_id)", "Rows Removed by Join Filter": 0, "Plans": [{"Node Type": "Nested Loop", "Parent Relationship": "Outer", "Join Type": "Inner", "Startup Cost": 4.22, "Total Cost": 22912.31, "Plan Rows": 115, "Plan Width": 24, "Actual Min Startup Time": 78.996, "Actual Max Startup Time": 78.996, "Actual Min Total Time": 161.374, "Actual Max Total Time": 161.374, "Inner Unique": false, "Plans": [{"Node Type": "Streaming(type: LOCAL GATHER dop: 1/16)", "Parent Relationship": "Outer", "Startup Cost": 0.0, "Total Cost": 22121.41, "Plan Rows": 96, "Plan Width": 4, "Actual Min Startup Time": 78.911, "Actual Max Startup Time": 78.911, "Actual Min Total Time": 130.478, "Actual Max Total Time": 130.478, "Plans": [{"Node Type": "Seq Scan", "Parent Relationship": "Outer", "Relation Name": "name", "Alias": "n", "Startup Cost": 0.0, "Total Cost": 22119.33, "Plan Rows": 96, "Plan Width": 4, "Actual Min Startup Time": 42.711, "Actual Max Startup Time": 47.512, "Actual Min Total Time": 106.091, "Actual Max Total Time": 112.074, "Filter": "(((name)::text ~~ '%Ang%'::text) AND ((gender)::text = 'f'::text))", "Rows Removed by Filter": 4160722, "Actual Rows": 6768}], "Actual Rows": 6768}, {"Node Type": "Bitmap Heap Scan", "Parent Relationship": "Inner", "Relation Name": "aka_name", "Alias": "an", "Startup Cost": 4.22, "Total Cost": 8.23, "Plan Rows": 1, "Plan Width": 20, "Actual Min Startup Time": 22.891, "Actual Max Startup Time": 22.891, "Actual Min Total Time": 23.48, "Actual Max Total Time": 23.48, "Recheck Cond": "(person_id = n.id)", "Rows Removed by Index Recheck": 0, "Exact Heap Blocks": 1014, "Lossy Heap Blocks": 1014, "Plans": [{"Node Type": "Bitmap Index Scan", "Parent Relationship": "Outer", "Index Name": "person_id_aka_name", "Startup Cost": 0.0, "Total Cost": 4.22, "Plan Rows": 1, "Plan Width": 0, "Actual Min Startup Time": 17.258, "Actual Max Startup Time": 17.258, "Actual Min Total Time": 17.258, "Actual Max Total Time": 17.258, "Index Cond": "(person_id = n.id)", "Actual Rows": 1558}], "Actual Rows": 1558}], "Actual Rows": 1558}, {"Node Type": "Bitmap Heap Scan", "Parent Relationship": "Inner", "Relation Name": "cast_info", "Alias": "ci", "Startup Cost": 1.0, "Total Cost": 5.32, "Plan Rows": 1, "Plan Width": 16, "Actual Min Startup Time": 49.927, "Actual Max Startup Time": 49.927, "Actual Min Total Time": 53.254, "Actual Max Total Time": 53.254, "Recheck Cond": "(person_id = an.person_id)", "Rows Removed by Index Recheck": 0, "Filter": "((note)::text = ANY ('{(voice),\"(voice: Japanese version)\",\"(voice) (uncredited)\",\"(voice: English version)\"}'::text[]))", "Rows Removed by Filter": 69057, "Exact Heap Blocks": 2627, "Lossy Heap Blocks": 2627, "Plans": [{"Node Type": "Bitmap Index Scan", "Parent Relationship": "Outer", "Index Name": "person_id_cast_info", "Startup Cost": 0.0, "Total Cost": 1.0, "Plan Rows": 18, "Plan Width": 0, "Actual Min Startup Time": 16.629, "Actual Max Startup Time": 16.629, "Actual Min Total Time": 16.629, "Actual Max Total Time": 16.629, "Index Cond": "(person_id = an.person_id)", "Actual Rows": 69482}], "Actual Rows": 425}], "Actual Rows": 425}], "Actual Rows": 426}], "Actual Rows": 425}, {"Node Type": "Bitmap Heap Scan", "Parent Relationship": "Inner", "Relation Name": "movie_companies", "Alias": "mc", "Startup Cost": 0.31, "Total Cost": 4.35, "Plan Rows": 1, "Plan Width": 8, "Actual Min Startup Time": 3.944, "Actual Max Startup Time": 3.944, "Actual Min Total Time": 4.916, "Actual Max Total Time": 4.916, "Recheck Cond": "(movie_id = ci.movie_id)", "Rows Removed by Index Recheck": 0, "Filter": "((note IS NOT NULL) AND (((note)::text ~~ '%(USA)%'::text) OR ((note)::text ~~ '%(worldwide)%'::text)))", "Rows Removed by Filter": 1538, "Exact Heap Blocks": 580, "Lossy Heap Blocks": 580, "Plans": [{"Node Type": "Bitmap Index Scan", "Parent Relationship": "Outer", "Index Name": "movie_id_movie_companies", "Startup Cost": 0.0, "Total Cost": 0.31, "Plan Rows": 2, "Plan Width": 0, "Actual Min Startup Time": 2.12, "Actual Max Startup Time": 2.12, "Actual Min Total Time": 2.12, "Actual Max Total Time": 2.12, "Index Cond": "(movie_id = ci.movie_id)", "Actual Rows": 1911}], "Actual Rows": 373}], "Actual Rows": 373}, {"Node Type": "Bitmap Heap Scan", "Parent Relationship": "Inner", "Relation Name": "company_name", "Alias": "cn", "Startup Cost": 0.26, "Total Cost": 4.28, "Plan Rows": 1, "Plan Width": 4, "Actual Min Startup Time": 2.026, "Actual Max Startup Time": 2.026, "Actual Min Total Time": 2.026, "Actual Max Total Time": 2.026, "Recheck Cond": "(id = mc.company_id)", "Rows Removed by Index Recheck": 0, "Filter": "((country_code)::text = '[us]'::text)", "Rows Removed by Filter": 14, "Exact Heap Blocks": 373, "Lossy Heap Blocks": 373, "Plans": [{"Node Type": "Bitmap Index Scan", "Parent Relationship": "Outer", "Index Name": "company_name_pkey", "Startup Cost": 0.0, "Total Cost": 0.26, "Plan Rows": 1, "Plan Width": 0, "Actual Min Startup Time": 1.133, "Actual Max Startup Time": 1.133, "Actual Min Total Time": 1.133, "Actual Max Total Time": 1.133, "Index Cond": "(id = mc.company_id)", "Actual Rows": 373}], "Actual Rows": 359}], "Actual Rows": 359}, {"Node Type": "Bitmap Heap Scan", "Parent Relationship": "Inner", "Relation Name": "char_name", "Alias": "chn", "Startup Cost": 0.31, "Total Cost": 4.33, "Plan Rows": 1, "Plan Width": 20, "Actual Min Startup Time": 1.596, "Actual Max Startup Time": 1.596, "Actual Min Total Time": 1.596, "Actual Max Total Time": 1.596, "Recheck Cond": "(id = ci.person_role_id)", "Rows Removed by Index Recheck": 0, "Exact Heap Blocks": 341, "Lossy Heap Blocks": 341, "Plans": [{"Node Type": "Bitmap Index Scan", "Parent Relationship": "Outer", "Index Name": "char_name_pkey", "Startup Cost": 0.0, "Total Cost": 0.31, "Plan Rows": 1, "Plan Width": 0, "Actual Min Startup Time": 1.015, "Actual Max Startup Time": 1.015, "Actual Min Total Time": 1.015, "Actual Max Total Time": 1.015, "Index Cond": "(id = ci.person_role_id)", "Actual Rows": 341}], "Actual Rows": 341}], "Actual Rows": 341}, {"Node Type": "Bitmap Heap Scan", "Parent Relationship": "Inner", "Relation Name": "title", "Alias": "t", "Startup Cost": 0.3, "Total Cost": 4.32, "Plan Rows": 1, "Plan Width": 21, "Actual Min Startup Time": 2.103, "Actual Max Startup Time": 2.103, "Actual Min Total Time": 2.103, "Actual Max Total Time": 2.103, "Recheck Cond": "(id = ci.movie_id)", "Rows Removed by Index Recheck": 0, "Filter": "((production_year >= 2005) AND (production_year <= 2015))", "Rows Removed by Filter": 220, "Exact Heap Blocks": 341, "Lossy Heap Blocks": 341, "Plans": [{"Node Type": "Bitmap Index Scan", "Parent Relationship": "Outer", "Index Name": "title_pkey", "Startup Cost": 0.0, "Total Cost": 0.3, "Plan Rows": 1, "Plan Width": 0, "Actual Min Startup Time": 1.233, "Actual Max Startup Time": 1.233, "Actual Min Total Time": 1.233, "Actual Max Total Time": 1.233, "Index Cond": "(id = ci.movie_id)", "Actual Rows": 341}], "Actual Rows": 121}], "Actual Rows": 121}], "Actual Rows": 1}, "Triggers": [], "Planner Runtime": 60, "Total Runtime": 233.234, "Unique SQL Id": 3431223514}}, "(16, 119)": {"explain_plan": {"Plan": {"Node Type": "Aggregate", "Strategy": "Plain", "Startup Cost": 199166.12, "Total Cost": 199166.13, "Plan Rows": 1, "Plan Width": 145, "Plans": [{"Node Type": "Nested Loop", "Parent Relationship": "Outer", "Join Type": "Inner", "Startup Cost": 83164.39, "Total Cost": 199166.11, "Plan Rows": 1, "Plan Width": 49, "Inner Unique": true, "Plans": [{"Node Type": "Nested Loop", "Parent Relationship": "Outer", "Join Type": "Inner", "Startup Cost": 83164.09, "Total Cost": 199161.78, "Plan Rows": 1, "Plan Width": 40, "Inner Unique": true, "Plans": [{"Node Type": "Nested Loop", "Parent Relationship": "Outer", "Join Type": "Inner", "Startup Cost": 83163.78, "Total Cost": 199153.11, "Plan Rows": 2, "Plan Width": 28, "Inner Unique": true, "Plans": [{"Node Type": "Nested Loop", "Parent Relationship": "Outer", "Join Type": "Inner", "Startup Cost": 83163.51, "Total Cost": 199131.67, "Plan Rows": 5, "Plan Width": 32, "Inner Unique": false, "Plans": [{"Node Type": "Nested Loop", "Parent Relationship": "Outer", "Join Type": "Inner", "Startup Cost": 83163.2, "Total Cost": 199075.04, "Plan Rows": 13, "Plan Width": 24, "Inner Unique": true, "Plans": [{"Node Type": "Nested Loop", "Parent Relationship": "Outer", "Join Type": "Inner", "Startup Cost": 83162.94, "Total Cost": 198471.17, "Plan Rows": 141, "Plan Width": 28, "Inner Unique": false, "Join Filter": "(n.id = ci.person_id)", "Plans": [{"Node Type": "Nested Loop", "Parent Relationship": "Outer", "Join Type": "Inner", "Startup Cost": 83161.94, "Total Cost": 197857.98, "Plan Rows": 115, "Plan Width": 24, "Inner Unique": false, "Plans": [{"Node Type": "Bitmap Heap Scan", "Parent Relationship": "Outer", "Relation Name": "name", "Alias": "n", "Startup Cost": 83157.72, "Total Cost": 197067.07, "Plan Rows": 96, "Plan Width": 4, "Filter": "(((name)::text ~~ '%Ang%'::text) AND ((gender)::text = 'f'::text))", "Plans": [{"Node Type": "Bitmap Index Scan", "Parent Relationship": "Outer", "Index Name": "name_pkey", "Startup Cost": 0.0, "Total Cost": 83157.7, "Plan Rows": 4167490, "Plan Width": 0}]}, {"Node Type": "Bitmap Heap Scan", "Parent Relationship": "Inner", "Relation Name": "aka_name", "Alias": "an", "Startup Cost": 4.22, "Total Cost": 8.23, "Plan Rows": 1, "Plan Width": 20, "Recheck Cond": "(person_id = n.id)", "Plans": [{"Node Type": "Bitmap Index Scan", "Parent Relationship": "Outer", "Index Name": "person_id_aka_name", "Startup Cost": 0.0, "Total Cost": 4.22, "Plan Rows": 1, "Plan Width": 0, "Index Cond": "(person_id = n.id)"}]}]}, {"Node Type": "Bitmap Heap Scan", "Parent Relationship": "Inner", "Relation Name": "cast_info", "Alias": "ci", "Startup Cost": 1.0, "Total Cost": 5.32, "Plan Rows": 1, "Plan Width": 16, "Recheck Cond": "(person_id = an.person_id)", "Filter": "((note)::text = ANY ('{(voice),\"(voice: Japanese version)\",\"(voice) (uncredited)\",\"(voice: English version)\"}'::text[]))", "Plans": [{"Node Type": "Bitmap Index Scan", "Parent Relationship": "Outer", "Index Name": "person_id_cast_info", "Startup Cost": 0.0, "Total Cost": 1.0, "Plan Rows": 18, "Plan Width": 0, "Index Cond": "(person_id = an.person_id)"}]}]}, {"Node Type": "Bitmap Heap Scan", "Parent Relationship": "Inner", "Relation Name": "role_type", "Alias": "rt", "Startup Cost": 0.26, "Total Cost": 4.27, "Plan Rows": 1, "Plan Width": 4, "Recheck Cond": "(id = ci.role_id)", "Filter": "((role)::text = 'actress'::text)", "Plans": [{"Node Type": "Bitmap Index Scan", "Parent Relationship": "Outer", "Index Name": "role_type_pkey", "Startup Cost": 0.0, "Total Cost": 0.26, "Plan Rows": 1, "Plan Width": 0, "Index Cond": "(id = ci.role_id)"}]}]}, {"Node Type": "Bitmap Heap Scan", "Parent Relationship": "Inner", "Relation Name": "movie_companies", "Alias": "mc", "Startup Cost": 0.31, "Total Cost": 4.35, "Plan Rows": 1, "Plan Width": 8, "Recheck Cond": "(movie_id = ci.movie_id)", "Filter": "((note IS NOT NULL) AND (((note)::text ~~ '%(USA)%'::text) OR ((note)::text ~~ '%(worldwide)%'::text)))", "Plans": [{"Node Type": "Bitmap Index Scan", "Parent Relationship": "Outer", "Index Name": "movie_id_movie_companies", "Startup Cost": 0.0, "Total Cost": 0.31, "Plan Rows": 2, "Plan Width": 0, "Index Cond": "(movie_id = ci.movie_id)"}]}]}, {"Node Type": "Bitmap Heap Scan", "Parent Relationship": "Inner", "Relation Name": "company_name", "Alias": "cn", "Startup Cost": 0.26, "Total Cost": 4.28, "Plan Rows": 1, "Plan Width": 4, "Recheck Cond": "(id = mc.company_id)", "Filter": "((country_code)::text = '[us]'::text)", "Plans": [{"Node Type": "Bitmap Index Scan", "Parent Relationship": "Outer", "Index Name": "company_name_pkey", "Startup Cost": 0.0, "Total Cost": 0.26, "Plan Rows": 1, "Plan Width": 0, "Index Cond": "(id = mc.company_id)"}]}]}, {"Node Type": "Bitmap Heap Scan", "Parent Relationship": "Inner", "Relation Name": "char_name", "Alias": "chn", "Startup Cost": 0.31, "Total Cost": 4.33, "Plan Rows": 1, "Plan Width": 20, "Recheck Cond": "(id = ci.person_role_id)", "Plans": [{"Node Type": "Bitmap Index Scan", "Parent Relationship": "Outer", "Index Name": "char_name_pkey", "Startup Cost": 0.0, "Total Cost": 0.31, "Plan Rows": 1, "Plan Width": 0, "Index Cond": "(id = ci.person_role_id)"}]}]}, {"Node Type": "Bitmap Heap Scan", "Parent Relationship": "Inner", "Relation Name": "title", "Alias": "t", "Startup Cost": 0.3, "Total Cost": 4.32, "Plan Rows": 1, "Plan Width": 21, "Recheck Cond": "(id = ci.movie_id)", "Filter": "((production_year >= 2005) AND (production_year <= 2015))", "Plans": [{"Node Type": "Bitmap Index Scan", "Parent Relationship": "Outer", "Index Name": "title_pkey", "Startup Cost": 0.0, "Total Cost": 0.3, "Plan Rows": 1, "Plan Width": 0, "Index Cond": "(id = ci.movie_id)"}]}]}]}, "Unique SQL Id": 3431223514, "Planner Runtime": 17}, "explain_analyze_plan": null}, "(16, 120)": {"explain_plan": {"Plan": {"Node Type": "Aggregate", "Strategy": "Plain", "Startup Cost": 23199.25, "Total Cost": 23199.26, "Plan Rows": 1, "Plan Width": 145, "Plans": [{"Node Type": "Nested Loop", "Parent Relationship": "Outer", "Join Type": "Inner", "Startup Cost": 0.0, "Total Cost": 23199.25, "Plan Rows": 1, "Plan Width": 49, "Inner Unique": true, "Plans": [{"Node Type": "Nested Loop", "Parent Relationship": "Outer", "Join Type": "Inner", "Startup Cost": 0.0, "Total Cost": 23198.75, "Plan Rows": 1, "Plan Width": 40, "Inner Unique": true, "Plans": [{"Node Type": "Nested Loop", "Parent Relationship": "Outer", "Join Type": "Inner", "Startup Cost": 0.0, "Total Cost": 23197.73, "Plan Rows": 2, "Plan Width": 28, "Inner Unique": true, "Plans": [{"Node Type": "Nested Loop", "Parent Relationship": "Outer", "Join Type": "Inner", "Startup Cost": 0.0, "Total Cost": 23196.09, "Plan Rows": 5, "Plan Width": 32, "Inner Unique": false, "Plans": [{"Node Type": "Nested Loop", "Parent Relationship": "Outer", "Join Type": "Inner", "Startup Cost": 0.0, "Total Cost": 23190.48, "Plan Rows": 13, "Plan Width": 24, "Inner Unique": false, "Join Filter": "(ci.role_id = rt.id)", "Plans": [{"Node Type": "Seq Scan", "Parent Relationship": "Outer", "Relation Name": "role_type", "Alias": "rt", "Startup Cost": 0.0, "Total Cost": 1.15, "Plan Rows": 1, "Plan Width": 4, "Filter": "((role)::text = 'actress'::text)"}, {"Node Type": "Materialize", "Parent Relationship": "Inner", "Startup Cost": 0.0, "Total Cost": 23187.92, "Plan Rows": 141, "Plan Width": 28, "Plans": [{"Node Type": "Nested Loop", "Parent Relationship": "Outer", "Join Type": "Inner", "Startup Cost": 0.0, "Total Cost": 23187.57, "Plan Rows": 141, "Plan Width": 28, "Inner Unique": false, "Join Filter": "(n.id = ci.person_id)", "Plans": [{"Node Type": "Nested Loop", "Parent Relationship": "Outer", "Join Type": "Inner", "Startup Cost": 0.0, "Total Cost": 22912.29, "Plan Rows": 115, "Plan Width": 24, "Inner Unique": false, "Plans": [{"Node Type": "Streaming(type: LOCAL GATHER dop: 1/16)", "Parent Relationship": "Outer", "Startup Cost": 0.0, "Total Cost": 22121.41, "Plan Rows": 96, "Plan Width": 4, "Plans": [{"Node Type": "Seq Scan", "Parent Relationship": "Outer", "Relation Name": "name", "Alias": "n", "Startup Cost": 0.0, "Total Cost": 22119.33, "Plan Rows": 96, "Plan Width": 4, "Filter": "(((name)::text ~~ '%Ang%'::text) AND ((gender)::text = 'f'::text))"}]}, {"Node Type": "Index Scan", "Parent Relationship": "Inner", "Scan Direction": "Forward", "Index Name": "person_id_aka_name", "Relation Name": "aka_name", "Alias": "an", "Startup Cost": 0.0, "Total Cost": 8.23, "Plan Rows": 1, "Plan Width": 20, "Index Cond": "(person_id = n.id)"}]}, {"Node Type": "Index Scan", "Parent Relationship": "Inner", "Scan Direction": "Forward", "Index Name": "person_id_cast_info", "Relation Name": "cast_info", "Alias": "ci", "Startup Cost": 0.0, "Total Cost": 2.38, "Plan Rows": 1, "Plan Width": 16, "Index Cond": "(person_id = an.person_id)", "Filter": "((note)::text = ANY ('{(voice),\"(voice: Japanese version)\",\"(voice) (uncredited)\",\"(voice: English version)\"}'::text[]))"}]}]}]}, {"Node Type": "Index Scan", "Parent Relationship": "Inner", "Scan Direction": "Forward", "Index Name": "movie_id_movie_companies", "Relation Name": "movie_companies", "Alias": "mc", "Startup Cost": 0.0, "Total Cost": 0.42, "Plan Rows": 1, "Plan Width": 8, "Index Cond": "(movie_id = ci.movie_id)", "Filter": "((note IS NOT NULL) AND (((note)::text ~~ '%(USA)%'::text) OR ((note)::text ~~ '%(worldwide)%'::text)))"}]}, {"Node Type": "Index Scan", "Parent Relationship": "Inner", "Scan Direction": "Forward", "Index Name": "company_name_pkey", "Relation Name": "company_name", "Alias": "cn", "Startup Cost": 0.0, "Total Cost": 0.32, "Plan Rows": 1, "Plan Width": 4, "Index Cond": "(id = mc.company_id)", "Filter": "((country_code)::text = '[us]'::text)"}]}, {"Node Type": "Index Scan", "Parent Relationship": "Inner", "Scan Direction": "Forward", "Index Name": "char_name_pkey", "Relation Name": "char_name", "Alias": "chn", "Startup Cost": 0.0, "Total Cost": 0.5, "Plan Rows": 1, "Plan Width": 20, "Index Cond": "(id = ci.person_role_id)"}]}, {"Node Type": "Index Scan", "Parent Relationship": "Inner", "Scan Direction": "Forward", "Index Name": "title_pkey", "Relation Name": "title", "Alias": "t", "Startup Cost": 0.0, "Total Cost": 0.49, "Plan Rows": 1, "Plan Width": 21, "Index Cond": "(id = ci.movie_id)", "Filter": "((production_year >= 2005) AND (production_year <= 2015))"}]}]}, "Unique SQL Id": 3431223514, "Planner Runtime": 17}, "explain_analyze_plan": {"Plan": {"Node Type": "Aggregate", "Strategy": "Plain", "Startup Cost": 23199.25, "Total Cost": 23199.26, "Plan Rows": 1, "Plan Width": 145, "Actual Min Startup Time": 217.809, "Actual Max Startup Time": 217.809, "Actual Min Total Time": 217.809, "Actual Max Total Time": 217.809, "Plans": [{"Node Type": "Nested Loop", "Parent Relationship": "Outer", "Join Type": "Inner", "Startup Cost": 0.0, "Total Cost": 23199.25, "Plan Rows": 1, "Plan Width": 49, "Actual Min Startup Time": 208.266, "Actual Max Startup Time": 208.266, "Actual Min Total Time": 217.659, "Actual Max Total Time": 217.659, "Inner Unique": true, "Plans": [{"Node Type": "Nested Loop", "Parent Relationship": "Outer", "Join Type": "Inner", "Startup Cost": 0.0, "Total Cost": 23198.75, "Plan Rows": 1, "Plan Width": 40, "Actual Min Startup Time": 207.759, "Actual Max Startup Time": 207.759, "Actual Min Total Time": 215.669, "Actual Max Total Time": 215.669, "Inner Unique": true, "Plans": [{"Node Type": "Nested Loop", "Parent Relationship": "Outer", "Join Type": "Inner", "Startup Cost": 0.0, "Total Cost": 23197.73, "Plan Rows": 2, "Plan Width": 28, "Actual Min Startup Time": 207.738, "Actual Max Startup Time": 207.738, "Actual Min Total Time": 214.139, "Actual Max Total Time": 214.139, "Inner Unique": true, "Plans": [{"Node Type": "Nested Loop", "Parent Relationship": "Outer", "Join Type": "Inner", "Startup Cost": 0.0, "Total Cost": 23196.09, "Plan Rows": 5, "Plan Width": 32, "Actual Min Startup Time": 207.712, "Actual Max Startup Time": 207.712, "Actual Min Total Time": 212.282, "Actual Max Total Time": 212.282, "Inner Unique": false, "Plans": [{"Node Type": "Nested Loop", "Parent Relationship": "Outer", "Join Type": "Inner", "Startup Cost": 0.0, "Total Cost": 23190.48, "Plan Rows": 13, "Plan Width": 24, "Actual Min Startup Time": 207.655, "Actual Max Startup Time": 207.655, "Actual Min Total Time": 207.944, "Actual Max Total Time": 207.944, "Inner Unique": false, "Join Filter": "(ci.role_id = rt.id)", "Rows Removed by Join Filter": 0, "Plans": [{"Node Type": "Seq Scan", "Parent Relationship": "Outer", "Relation Name": "role_type", "Alias": "rt", "Startup Cost": 0.0, "Total Cost": 1.15, "Plan Rows": 1, "Plan Width": 4, "Actual Min Startup Time": 0.037, "Actual Max Startup Time": 0.037, "Actual Min Total Time": 0.042, "Actual Max Total Time": 0.042, "Filter": "((role)::text = 'actress'::text)", "Rows Removed by Filter": 11, "Actual Rows": 1}, {"Node Type": "Materialize", "Parent Relationship": "Inner", "Startup Cost": 0.0, "Total Cost": 23187.92, "Plan Rows": 141, "Plan Width": 28, "Actual Min Startup Time": 207.601, "Actual Max Startup Time": 207.601, "Actual Min Total Time": 207.663, "Actual Max Total Time": 207.663, "Plans": [{"Node Type": "Nested Loop", "Parent Relationship": "Outer", "Join Type": "Inner", "Startup Cost": 0.0, "Total Cost": 23187.57, "Plan Rows": 141, "Plan Width": 28, "Actual Min Startup Time": 79.388, "Actual Max Startup Time": 79.388, "Actual Min Total Time": 207.403, "Actual Max Total Time": 207.403, "Inner Unique": false, "Join Filter": "(n.id = ci.person_id)", "Rows Removed by Join Filter": 0, "Plans": [{"Node Type": "Nested Loop", "Parent Relationship": "Outer", "Join Type": "Inner", "Startup Cost": 0.0, "Total Cost": 22912.29, "Plan Rows": 115, "Plan Width": 24, "Actual Min Startup Time": 78.004, "Actual Max Startup Time": 78.004, "Actual Min Total Time": 152.752, "Actual Max Total Time": 152.752, "Inner Unique": false, "Plans": [{"Node Type": "Streaming(type: LOCAL GATHER dop: 1/16)", "Parent Relationship": "Outer", "Startup Cost": 0.0, "Total Cost": 22121.41, "Plan Rows": 96, "Plan Width": 4, "Actual Min Startup Time": 77.938, "Actual Max Startup Time": 77.938, "Actual Min Total Time": 130.682, "Actual Max Total Time": 130.682, "Plans": [{"Node Type": "Seq Scan", "Parent Relationship": "Outer", "Relation Name": "name", "Alias": "n", "Startup Cost": 0.0, "Total Cost": 22119.33, "Plan Rows": 96, "Plan Width": 4, "Actual Min Startup Time": 42.659, "Actual Max Startup Time": 47.494, "Actual Min Total Time": 106.008, "Actual Max Total Time": 112.366, "Filter": "(((name)::text ~~ '%Ang%'::text) AND ((gender)::text = 'f'::text))", "Rows Removed by Filter": 4160722, "Actual Rows": 6768}], "Actual Rows": 6768}, {"Node Type": "Index Scan", "Parent Relationship": "Inner", "Scan Direction": "Forward", "Index Name": "person_id_aka_name", "Relation Name": "aka_name", "Alias": "an", "Startup Cost": 0.0, "Total Cost": 8.23, "Plan Rows": 1, "Plan Width": 20, "Actual Min Startup Time": 17.561, "Actual Max Startup Time": 17.561, "Actual Min Total Time": 18.45, "Actual Max Total Time": 18.45, "Index Cond": "(person_id = n.id)", "Rows Removed by Index Recheck": 0, "Actual Rows": 1558}], "Actual Rows": 1558}, {"Node Type": "Index Scan", "Parent Relationship": "Inner", "Scan Direction": "Forward", "Index Name": "person_id_cast_info", "Relation Name": "cast_info", "Alias": "ci", "Startup Cost": 0.0, "Total Cost": 2.38, "Plan Rows": 1, "Plan Width": 16, "Actual Min Startup Time": 48.536, "Actual Max Startup Time": 48.536, "Actual Min Total Time": 53.613, "Actual Max Total Time": 53.613, "Index Cond": "(person_id = an.person_id)", "Rows Removed by Index Recheck": 0, "Filter": "((note)::text = ANY ('{(voice),\"(voice: Japanese version)\",\"(voice) (uncredited)\",\"(voice: English version)\"}'::text[]))", "Rows Removed by Filter": 69057, "Actual Rows": 425}], "Actual Rows": 425}], "Actual Rows": 426}], "Actual Rows": 425}, {"Node Type": "Index Scan", "Parent Relationship": "Inner", "Scan Direction": "Forward", "Index Name": "movie_id_movie_companies", "Relation Name": "movie_companies", "Alias": "mc", "Startup Cost": 0.0, "Total Cost": 0.42, "Plan Rows": 1, "Plan Width": 8, "Actual Min Startup Time": 2.852, "Actual Max Startup Time": 2.852, "Actual Min Total Time": 4.027, "Actual Max Total Time": 4.027, "Index Cond": "(movie_id = ci.movie_id)", "Rows Removed by Index Recheck": 0, "Filter": "((note IS NOT NULL) AND (((note)::text ~~ '%(USA)%'::text) OR ((note)::text ~~ '%(worldwide)%'::text)))", "Rows Removed by Filter": 1538, "Actual Rows": 373}], "Actual Rows": 373}, {"Node Type": "Index Scan", "Parent Relationship": "Inner", "Scan Direction": "Forward", "Index Name": "company_name_pkey", "Relation Name": "company_name", "Alias": "cn", "Startup Cost": 0.0, "Total Cost": 0.32, "Plan Rows": 1, "Plan Width": 4, "Actual Min Startup Time": 1.542, "Actual Max Startup Time": 1.542, "Actual Min Total Time": 1.542, "Actual Max Total Time": 1.542, "Index Cond": "(id = mc.company_id)", "Rows Removed by Index Recheck": 0, "Filter": "((country_code)::text = '[us]'::text)", "Rows Removed by Filter": 14, "Actual Rows": 359}], "Actual Rows": 359}, {"Node Type": "Index Scan", "Parent Relationship": "Inner", "Scan Direction": "Forward", "Index Name": "char_name_pkey", "Relation Name": "char_name", "Alias": "chn", "Startup Cost": 0.0, "Total Cost": 0.5, "Plan Rows": 1, "Plan Width": 20, "Actual Min Startup Time": 1.21, "Actual Max Startup Time": 1.21, "Actual Min Total Time": 1.21, "Actual Max Total Time": 1.21, "Index Cond": "(id = ci.person_role_id)", "Rows Removed by Index Recheck": 0, "Actual Rows": 341}], "Actual Rows": 341}, {"Node Type": "Index Scan", "Parent Relationship": "Inner", "Scan Direction": "Forward", "Index Name": "title_pkey", "Relation Name": "title", "Alias": "t", "Startup Cost": 0.0, "Total Cost": 0.49, "Plan Rows": 1, "Plan Width": 21, "Actual Min Startup Time": 1.749, "Actual Max Startup Time": 1.749, "Actual Min Total Time": 1.749, "Actual Max Total Time": 1.749, "Index Cond": "(id = ci.movie_id)", "Rows Removed by Index Recheck": 0, "Filter": "((production_year >= 2005) AND (production_year <= 2015))", "Rows Removed by Filter": 220, "Actual Rows": 121}], "Actual Rows": 121}], "Actual Rows": 1}, "Triggers": [], "Planner Runtime": 18, "Total Runtime": 220.755, "Unique SQL Id": 3431223514}}, "(16, 121)": {"explain_plan": {"Plan": {"Node Type": "Aggregate", "Strategy": "Plain", "Startup Cost": 154556.1, "Total Cost": 154556.11, "Plan Rows": 1, "Plan Width": 145, "Plans": [{"Node Type": "Nested Loop", "Parent Relationship": "Outer", "Join Type": "Inner", "Startup Cost": 0.0, "Total Cost": 154556.09, "Plan Rows": 1, "Plan Width": 49, "Inner Unique": true, "Plans": [{"Node Type": "Nested Loop", "Parent Relationship": "Outer", "Join Type": "Inner", "Startup Cost": 0.0, "Total Cost": 154555.59, "Plan Rows": 1, "Plan Width": 40, "Inner Unique": true, "Plans": [{"Node Type": "Nested Loop", "Parent Relationship": "Outer", "Join Type": "Inner", "Startup Cost": 0.0, "Total Cost": 154554.58, "Plan Rows": 2, "Plan Width": 28, "Inner Unique": true, "Plans": [{"Node Type": "Nested Loop", "Parent Relationship": "Outer", "Join Type": "Inner", "Startup Cost": 0.0, "Total Cost": 154552.94, "Plan Rows": 5, "Plan Width": 32, "Inner Unique": false, "Plans": [{"Node Type": "Nested Loop", "Parent Relationship": "Outer", "Join Type": "Inner", "Startup Cost": 0.0, "Total Cost": 154547.33, "Plan Rows": 13, "Plan Width": 24, "Inner Unique": false, "Join Filter": "(ci.role_id = rt.id)", "Plans": [{"Node Type": "Index Scan", "Parent Relationship": "Outer", "Scan Direction": "Forward", "Index Name": "role_type_pkey", "Relation Name": "role_type", "Alias": "rt", "Startup Cost": 0.0, "Total Cost": 12.46, "Plan Rows": 1, "Plan Width": 4, "Filter": "((role)::text = 'actress'::text)"}, {"Node Type": "Materialize", "Parent Relationship": "Inner", "Startup Cost": 0.0, "Total Cost": 154533.46, "Plan Rows": 141, "Plan Width": 28, "Plans": [{"Node Type": "Nested Loop", "Parent Relationship": "Outer", "Join Type": "Inner", "Startup Cost": 0.0, "Total Cost": 154533.1, "Plan Rows": 141, "Plan Width": 28, "Inner Unique": false, "Join Filter": "(n.id = ci.person_id)", "Plans": [{"Node Type": "Nested Loop", "Parent Relationship": "Outer", "Join Type": "Inner", "Startup Cost": 0.0, "Total Cost": 154257.82, "Plan Rows": 115, "Plan Width": 24, "Inner Unique": false, "Plans": [{"Node Type": "Streaming(type: LOCAL GATHER dop: 1/16)", "Parent Relationship": "Outer", "Startup Cost": 0.0, "Total Cost": 153466.94, "Plan Rows": 96, "Plan Width": 4, "Plans": [{"Node Type": "Index Scan", "Parent Relationship": "Outer", "Scan Direction": "Forward", "Index Name": "name_pkey", "Relation Name": "name", "Alias": "n", "Startup Cost": 0.0, "Total Cost": 153464.87, "Plan Rows": 96, "Plan Width": 4, "Filter": "(((name)::text ~~ '%Ang%'::text) AND ((gender)::text = 'f'::text))"}]}, {"Node Type": "Index Scan", "Parent Relationship": "Inner", "Scan Direction": "Forward", "Index Name": "person_id_aka_name", "Relation Name": "aka_name", "Alias": "an", "Startup Cost": 0.0, "Total Cost": 8.23, "Plan Rows": 1, "Plan Width": 20, "Index Cond": "(person_id = n.id)"}]}, {"Node Type": "Index Scan", "Parent Relationship": "Inner", "Scan Direction": "Forward", "Index Name": "person_id_cast_info", "Relation Name": "cast_info", "Alias": "ci", "Startup Cost": 0.0, "Total Cost": 2.38, "Plan Rows": 1, "Plan Width": 16, "Index Cond": "(person_id = an.person_id)", "Filter": "((note)::text = ANY ('{(voice),\"(voice: Japanese version)\",\"(voice) (uncredited)\",\"(voice: English version)\"}'::text[]))"}]}]}]}, {"Node Type": "Index Scan", "Parent Relationship": "Inner", "Scan Direction": "Forward", "Index Name": "movie_id_movie_companies", "Relation Name": "movie_companies", "Alias": "mc", "Startup Cost": 0.0, "Total Cost": 0.42, "Plan Rows": 1, "Plan Width": 8, "Index Cond": "(movie_id = ci.movie_id)", "Filter": "((note IS NOT NULL) AND (((note)::text ~~ '%(USA)%'::text) OR ((note)::text ~~ '%(worldwide)%'::text)))"}]}, {"Node Type": "Index Scan", "Parent Relationship": "Inner", "Scan Direction": "Forward", "Index Name": "company_name_pkey", "Relation Name": "company_name", "Alias": "cn", "Startup Cost": 0.0, "Total Cost": 0.32, "Plan Rows": 1, "Plan Width": 4, "Index Cond": "(id = mc.company_id)", "Filter": "((country_code)::text = '[us]'::text)"}]}, {"Node Type": "Index Scan", "Parent Relationship": "Inner", "Scan Direction": "Forward", "Index Name": "char_name_pkey", "Relation Name": "char_name", "Alias": "chn", "Startup Cost": 0.0, "Total Cost": 0.5, "Plan Rows": 1, "Plan Width": 20, "Index Cond": "(id = ci.person_role_id)"}]}, {"Node Type": "Index Scan", "Parent Relationship": "Inner", "Scan Direction": "Forward", "Index Name": "title_pkey", "Relation Name": "title", "Alias": "t", "Startup Cost": 0.0, "Total Cost": 0.49, "Plan Rows": 1, "Plan Width": 21, "Index Cond": "(id = ci.movie_id)", "Filter": "((production_year >= 2005) AND (production_year <= 2015))"}]}]}, "Unique SQL Id": 3431223514, "Planner Runtime": 15}, "explain_analyze_plan": {"Plan": {"Node Type": "Aggregate", "Strategy": "Plain", "Startup Cost": 154556.1, "Total Cost": 154556.11, "Plan Rows": 1, "Plan Width": 145, "Actual Min Startup Time": 381.158, "Actual Max Startup Time": 381.158, "Actual Min Total Time": 381.159, "Actual Max Total Time": 381.159, "Plans": [{"Node Type": "Nested Loop", "Parent Relationship": "Outer", "Join Type": "Inner", "Startup Cost": 0.0, "Total Cost": 154556.09, "Plan Rows": 1, "Plan Width": 49, "Actual Min Startup Time": 371.852, "Actual Max Startup Time": 371.852, "Actual Min Total Time": 381.01, "Actual Max Total Time": 381.01, "Inner Unique": true, "Plans": [{"Node Type": "Nested Loop", "Parent Relationship": "Outer", "Join Type": "Inner", "Startup Cost": 0.0, "Total Cost": 154555.59, "Plan Rows": 1, "Plan Width": 40, "Actual Min Startup Time": 370.918, "Actual Max Startup Time": 370.918, "Actual Min Total Time": 379.017, "Actual Max Total Time": 379.017, "Inner Unique": true, "Plans": [{"Node Type": "Nested Loop", "Parent Relationship": "Outer", "Join Type": "Inner", "Startup Cost": 0.0, "Total Cost": 154554.58, "Plan Rows": 2, "Plan Width": 28, "Actual Min Startup Time": 370.897, "Actual Max Startup Time": 370.897, "Actual Min Total Time": 377.445, "Actual Max Total Time": 377.445, "Inner Unique": true, "Plans": [{"Node Type": "Nested Loop", "Parent Relationship": "Outer", "Join Type": "Inner", "Startup Cost": 0.0, "Total Cost": 154552.94, "Plan Rows": 5, "Plan Width": 32, "Actual Min Startup Time": 370.872, "Actual Max Startup Time": 370.872, "Actual Min Total Time": 375.543, "Actual Max Total Time": 375.543, "Inner Unique": false, "Plans": [{"Node Type": "Nested Loop", "Parent Relationship": "Outer", "Join Type": "Inner", "Startup Cost": 0.0, "Total Cost": 154547.33, "Plan Rows": 13, "Plan Width": 24, "Actual Min Startup Time": 370.838, "Actual Max Startup Time": 370.838, "Actual Min Total Time": 371.129, "Actual Max Total Time": 371.129, "Inner Unique": false, "Join Filter": "(ci.role_id = rt.id)", "Rows Removed by Join Filter": 0, "Plans": [{"Node Type": "Index Scan", "Parent Relationship": "Outer", "Scan Direction": "Forward", "Index Name": "role_type_pkey", "Relation Name": "role_type", "Alias": "rt", "Startup Cost": 0.0, "Total Cost": 12.46, "Plan Rows": 1, "Plan Width": 4, "Actual Min Startup Time": 0.027, "Actual Max Startup Time": 0.027, "Actual Min Total Time": 0.034, "Actual Max Total Time": 0.034, "Filter": "((role)::text = 'actress'::text)", "Rows Removed by Filter": 11, "Actual Rows": 1}, {"Node Type": "Materialize", "Parent Relationship": "Inner", "Startup Cost": 0.0, "Total Cost": 154533.46, "Plan Rows": 141, "Plan Width": 28, "Actual Min Startup Time": 370.792, "Actual Max Startup Time": 370.792, "Actual Min Total Time": 370.871, "Actual Max Total Time": 370.871, "Plans": [{"Node Type": "Nested Loop", "Parent Relationship": "Outer", "Join Type": "Inner", "Startup Cost": 0.0, "Total Cost": 154533.1, "Plan Rows": 141, "Plan Width": 28, "Actual Min Startup Time": 96.425, "Actual Max Startup Time": 96.425, "Actual Min Total Time": 370.541, "Actual Max Total Time": 370.541, "Inner Unique": false, "Join Filter": "(n.id = ci.person_id)", "Rows Removed by Join Filter": 0, "Plans": [{"Node Type": "Nested Loop", "Parent Relationship": "Outer", "Join Type": "Inner", "Startup Cost": 0.0, "Total Cost": 154257.82, "Plan Rows": 115, "Plan Width": 24, "Actual Min Startup Time": 95.83, "Actual Max Startup Time": 95.83, "Actual Min Total Time": 315.879, "Actual Max Total Time": 315.879, "Inner Unique": false, "Plans": [{"Node Type": "Streaming(type: LOCAL GATHER dop: 1/16)", "Parent Relationship": "Outer", "Startup Cost": 0.0, "Total Cost": 153466.94, "Plan Rows": 96, "Plan Width": 4, "Actual Min Startup Time": 95.756, "Actual Max Startup Time": 95.756, "Actual Min Total Time": 293.923, "Actual Max Total Time": 293.923, "Plans": [{"Node Type": "Index Scan", "Parent Relationship": "Outer", "Scan Direction": "Forward", "Index Name": "name_pkey", "Relation Name": "name", "Alias": "n", "Startup Cost": 0.0, "Total Cost": 153464.87, "Plan Rows": 96, "Plan Width": 4, "Actual Min Startup Time": 40.31, "Actual Max Startup Time": 338.836, "Actual Min Total Time": 295.678, "Actual Max Total Time": 338.836, "Filter": "(((name)::text ~~ '%Ang%'::text) AND ((gender)::text = 'f'::text))", "Rows Removed by Filter": 4160722, "Actual Rows": 6768}], "Actual Rows": 6768}, {"Node Type": "Index Scan", "Parent Relationship": "Inner", "Scan Direction": "Forward", "Index Name": "person_id_aka_name", "Relation Name": "aka_name", "Alias": "an", "Startup Cost": 0.0, "Total Cost": 8.23, "Plan Rows": 1, "Plan Width": 20, "Actual Min Startup Time": 17.357, "Actual Max Startup Time": 17.357, "Actual Min Total Time": 18.22, "Actual Max Total Time": 18.22, "Index Cond": "(person_id = n.id)", "Rows Removed by Index Recheck": 0, "Actual Rows": 1558}], "Actual Rows": 1558}, {"Node Type": "Index Scan", "Parent Relationship": "Inner", "Scan Direction": "Forward", "Index Name": "person_id_cast_info", "Relation Name": "cast_info", "Alias": "ci", "Startup Cost": 0.0, "Total Cost": 2.38, "Plan Rows": 1, "Plan Width": 16, "Actual Min Startup Time": 48.528, "Actual Max Startup Time": 48.528, "Actual Min Total Time": 53.577, "Actual Max Total Time": 53.577, "Index Cond": "(person_id = an.person_id)", "Rows Removed by Index Recheck": 0, "Filter": "((note)::text = ANY ('{(voice),\"(voice: Japanese version)\",\"(voice) (uncredited)\",\"(voice: English version)\"}'::text[]))", "Rows Removed by Filter": 69057, "Actual Rows": 425}], "Actual Rows": 425}], "Actual Rows": 426}], "Actual Rows": 425}, {"Node Type": "Index Scan", "Parent Relationship": "Inner", "Scan Direction": "Forward", "Index Name": "movie_id_movie_companies", "Relation Name": "movie_companies", "Alias": "mc", "Startup Cost": 0.0, "Total Cost": 0.42, "Plan Rows": 1, "Plan Width": 8, "Actual Min Startup Time": 2.907, "Actual Max Startup Time": 2.907, "Actual Min Total Time": 4.086, "Actual Max Total Time": 4.086, "Index Cond": "(movie_id = ci.movie_id)", "Rows Removed by Index Recheck": 0, "Filter": "((note IS NOT NULL) AND (((note)::text ~~ '%(USA)%'::text) OR ((note)::text ~~ '%(worldwide)%'::text)))", "Rows Removed by Filter": 1538, "Actual Rows": 373}], "Actual Rows": 373}, {"Node Type": "Index Scan", "Parent Relationship": "Inner", "Scan Direction": "Forward", "Index Name": "company_name_pkey", "Relation Name": "company_name", "Alias": "cn", "Startup Cost": 0.0, "Total Cost": 0.32, "Plan Rows": 1, "Plan Width": 4, "Actual Min Startup Time": 1.6, "Actual Max Startup Time": 1.6, "Actual Min Total Time": 1.6, "Actual Max Total Time": 1.6, "Index Cond": "(id = mc.company_id)", "Rows Removed by Index Recheck": 0, "Filter": "((country_code)::text = '[us]'::text)", "Rows Removed by Filter": 14, "Actual Rows": 359}], "Actual Rows": 359}, {"Node Type": "Index Scan", "Parent Relationship": "Inner", "Scan Direction": "Forward", "Index Name": "char_name_pkey", "Relation Name": "char_name", "Alias": "chn", "Startup Cost": 0.0, "Total Cost": 0.5, "Plan Rows": 1, "Plan Width": 20, "Actual Min Startup Time": 1.275, "Actual Max Startup Time": 1.275, "Actual Min Total Time": 1.275, "Actual Max Total Time": 1.275, "Index Cond": "(id = ci.person_role_id)", "Rows Removed by Index Recheck": 0, "Actual Rows": 341}], "Actual Rows": 341}, {"Node Type": "Index Scan", "Parent Relationship": "Inner", "Scan Direction": "Forward", "Index Name": "title_pkey", "Relation Name": "title", "Alias": "t", "Startup Cost": 0.0, "Total Cost": 0.49, "Plan Rows": 1, "Plan Width": 21, "Actual Min Startup Time": 1.749, "Actual Max Startup Time": 1.749, "Actual Min Total Time": 1.749, "Actual Max Total Time": 1.749, "Index Cond": "(id = ci.movie_id)", "Rows Removed by Index Recheck": 0, "Filter": "((production_year >= 2005) AND (production_year <= 2015))", "Rows Removed by Filter": 220, "Actual Rows": 121}], "Actual Rows": 121}], "Actual Rows": 1}, "Triggers": [], "Planner Runtime": 15, "Total Runtime": 384.132, "Unique SQL Id": 3431223514}}, "(16, 122)": {"explain_plan": {"Plan": {"Node Type": "Aggregate", "Strategy": "Plain", "Startup Cost": 278514.53, "Total Cost": 278514.57, "Plan Rows": 1, "Plan Width": 145, "Plans": [{"Node Type": "Streaming(type: LOCAL GATHER dop: 1/16)", "Parent Relationship": "Outer", "Startup Cost": 278514.53, "Total Cost": 278514.57, "Plan Rows": 1, "Plan Width": 145, "Plans": [{"Node Type": "Aggregate", "Strategy": "Plain", "Parent Relationship": "Outer", "Startup Cost": 278514.53, "Total Cost": 278514.54, "Plan Rows": 1, "Plan Width": 145, "Plans": [{"Node Type": "Nested Loop", "Parent Relationship": "Outer", "Join Type": "Inner", "Startup Cost": 86.43, "Total Cost": 278514.52, "Plan Rows": 1, "Plan Width": 49, "Inner Unique": true, "Join Filter": "(ci.movie_id = t.id)", "Plans": [{"Node Type": "Streaming(type: BROADCAST dop: 16/16)", "Parent Relationship": "Outer", "Startup Cost": 0.0, "Total Cost": 258103.53, "Plan Rows": 16, "Plan Width": 40, "Plans": [{"Node Type": "Nested Loop", "Parent Relationship": "Outer", "Join Type": "Inner", "Startup Cost": 0.0, "Total Cost": 243103.49, "Plan Rows": 1, "Plan Width": 40, "Inner Unique": false, "Join Filter": "(n.id = an.person_id)", "Plans": [{"Node Type": "Streaming(type: BROADCAST dop: 16/16)", "Parent Relationship": "Outer", "Startup Cost": 0.0, "Total Cost": 226155.04, "Plan Rows": 16, "Plan Width": 32, "Plans": [{"Node Type": "Nested Loop", "Parent Relationship": "Outer", "Join Type": "Inner", "Startup Cost": 0.0, "Total Cost": 211155.0, "Plan Rows": 1, "Plan Width": 32, "Inner Unique": false, "Join Filter": "(ci.person_role_id = chn.id)", "Plans": [{"Node Type": "Seq Scan", "Parent Relationship": "Outer", "Relation Name": "char_name", "Alias": "chn", "Startup Cost": 0.0, "Total Cost": 19218.34, "Plan Rows": 3140338, "Plan Width": 20}, {"Node Type": "Materialize", "Parent Relationship": "Inner", "Startup Cost": 0.0, "Total Cost": 186048.53, "Plan Rows": 32, "Plan Width": 20, "Plans": [{"Node Type": "Streaming(type: BROADCAST dop: 16/1)", "Parent Relationship": "Outer", "Startup Cost": 0.0, "Total Cost": 186048.52, "Plan Rows": 32, "Plan Width": 20, "Plans": [{"Node Type": "Nested Loop", "Parent Relationship": "Outer", "Join Type": "Inner", "Startup Cost": 0.0, "Total Cost": 171047.83, "Plan Rows": 2, "Plan Width": 20, "Inner Unique": false, "Join Filter": "(mc.company_id = cn.id)", "Plans": [{"Node Type": "Seq Scan", "Parent Relationship": "Outer", "Relation Name": "company_name", "Alias": "cn", "Startup Cost": 0.0, "Total Cost": 5903.45, "Plan Rows": 85170, "Plan Width": 4, "Filter": "((country_code)::text = '[us]'::text)"}, {"Node Type": "Materialize", "Parent Relationship": "Inner", "Startup Cost": 0.0, "Total Cost": 160034.19, "Plan Rows": 4, "Plan Width": 24, "Plans": [{"Node Type": "Streaming(type: LOCAL GATHER dop: 1/16)", "Parent Relationship": "Outer", "Startup Cost": 0.0, "Total Cost": 160034.17, "Plan Rows": 4, "Plan Width": 24, "Plans": [{"Node Type": "Nested Loop", "Parent Relationship": "Outer", "Join Type": "Inner", "Startup Cost": 0.0, "Total Cost": 160034.08, "Plan Rows": 4, "Plan Width": 24, "Inner Unique": false, "Join Filter": "(ci.movie_id = mc.movie_id)", "Plans": [{"Node Type": "Seq Scan", "Parent Relationship": "Outer", "Relation Name": "movie_companies", "Alias": "mc", "Startup Cost": 0.0, "Total Cost": 18428.93, "Plan Rows": 297072, "Plan Width": 8, "Filter": "((note IS NOT NULL) AND (((note)::text ~~ '%(USA)%'::text) OR ((note)::text ~~ '%(worldwide)%'::text))), (LLVM Optimized)"}, {"Node Type": "Materialize", "Parent Relationship": "Inner", "Startup Cost": 0.0, "Total Cost": 138541.62, "Plan Rows": 176, "Plan Width": 16, "Plans": [{"Node Type": "Streaming(type: BROADCAST dop: 16/16)", "Parent Relationship": "Outer", "Startup Cost": 0.0, "Total Cost": 138541.57, "Plan Rows": 176, "Plan Width": 16, "Plans": [{"Node Type": "Nested Loop", "Parent Relationship": "Outer", "Join Type": "Inner", "Startup Cost": 0.0, "Total Cost": 123541.12, "Plan Rows": 11, "Plan Width": 16, "Inner Unique": true, "Join Filter": "(ci.person_id = n.id)", "Plans": [{"Node Type": "Nested Loop", "Parent Relationship": "Outer", "Join Type": "Inner", "Startup Cost": 0.0, "Total Cost": 79600.87, "Plan Rows": 75742, "Plan Width": 12, "Inner Unique": false, "Join Filter": "(ci.role_id = rt.id)", "Plans": [{"Node Type": "Streaming(type: BROADCAST dop: 16/1)", "Parent Relationship": "Outer", "Startup Cost": 0.0, "Total Cost": 15001.5, "Plan Rows": 16, "Plan Width": 4, "Plans": [{"Node Type": "Seq Scan", "Parent Relationship": "Outer", "Relation Name": "role_type", "Alias": "rt", "Startup Cost": 0.0, "Total Cost": 1.15, "Plan Rows": 1, "Plan Width": 4, "Filter": "((role)::text = 'actress'::text)"}]}, {"Node Type": "Seq Scan", "Parent Relationship": "Inner", "Relation Name": "cast_info", "Alias": "ci", "Startup Cost": 0.0, "Total Cost": 63948.46, "Plan Rows": 833163, "Plan Width": 16, "Filter": "((note)::text = ANY ('{(voice),\"(voice: Japanese version)\",\"(voice) (uncredited)\",\"(voice: English version)\"}'::text[]))"}]}, {"Node Type": "Materialize", "Parent Relationship": "Inner", "Startup Cost": 0.0, "Total Cost": 37123.71, "Plan Rows": 1536, "Plan Width": 4, "Plans": [{"Node Type": "Streaming(type: BROADCAST dop: 16/16)", "Parent Relationship": "Outer", "Startup Cost": 0.0, "Total Cost": 37123.23, "Plan Rows": 1536, "Plan Width": 4, "Plans": [{"Node Type": "Seq Scan", "Parent Relationship": "Outer", "Relation Name": "name", "Alias": "n", "Startup Cost": 0.0, "Total Cost": 22119.33, "Plan Rows": 96, "Plan Width": 4, "Filter": "(((name)::text ~~ '%Ang%'::text) AND ((gender)::text = 'f'::text))"}]}]}]}]}]}]}]}]}]}]}]}]}]}, {"Node Type": "Seq Scan", "Parent Relationship": "Inner", "Relation Name": "aka_name", "Alias": "an", "Startup Cost": 0.0, "Total Cost": 16244.28, "Plan Rows": 901342, "Plan Width": 20}]}]}, {"Node Type": "Seq Scan", "Parent Relationship": "Inner", "Relation Name": "title", "Alias": "t", "Startup Cost": 86.43, "Total Cost": 19544.42, "Plan Rows": 1109224, "Plan Width": 21, "Filter": "((production_year >= 2005) AND (production_year <= 2015)), (LLVM Optimized)"}]}]}]}]}, "Unique SQL Id": 3431223514, "Planner Runtime": 38}, "explain_analyze_plan": null}, "(16, 123)": {"explain_plan": {"Plan": {"Node Type": "Aggregate", "Strategy": "Plain", "Startup Cost": 8000201060142.55, "Total Cost": 8000201060142.56, "Plan Rows": 1, "Plan Width": 145, "Plans": [{"Node Type": "Nested Loop", "Parent Relationship": "Outer", "Join Type": "Inner", "Startup Cost": 80000000000.0, "Total Cost": 8000201060142.54, "Plan Rows": 1, "Plan Width": 49, "Inner Unique": false, "Join Filter": "(n.id = an.person_id)", "Plans": [{"Node Type": "Nested Loop", "Parent Relationship": "Outer", "Join Type": "Inner", "Startup Cost": 70000000000.0, "Total Cost": 7000201060108.87, "Plan Rows": 1, "Plan Width": 41, "Inner Unique": true, "Plans": [{"Node Type": "Nested Loop", "Parent Relationship": "Outer", "Join Type": "Inner", "Startup Cost": 60000000000.0, "Total Cost": 6000201060060.22, "Plan Rows": 1, "Plan Width": 32, "Inner Unique": true, "Join Filter": "(ci.person_role_id = chn.id)", "Plans": [{"Node Type": "Nested Loop", "Parent Relationship": "Outer", "Join Type": "Inner", "Startup Cost": 50000000000.0, "Total Cost": 5000187970453.73, "Plan Rows": 2, "Plan Width": 20, "Inner Unique": true, "Join Filter": "(mc.company_id = cn.id)", "Plans": [{"Node Type": "Nested Loop", "Parent Relationship": "Outer", "Join Type": "Inner", "Startup Cost": 40000000000.0, "Total Cost": 4000186914991.63, "Plan Rows": 4, "Plan Width": 24, "Inner Unique": false, "Join Filter": "(ci.movie_id = mc.movie_id)", "Plans": [{"Node Type": "Nested Loop", "Parent Relationship": "Outer", "Join Type": "Inner", "Startup Cost": 30000000000.0, "Total Cost": 3000173193318.09, "Plan Rows": 11, "Plan Width": 16, "Inner Unique": true, "Join Filter": "(ci.role_id = rt.id)", "Plans": [{"Node Type": "Nested Loop", "Parent Relationship": "Outer", "Join Type": "Inner", "Startup Cost": 20000000000.0, "Total Cost": 2000173192070.33, "Plan Rows": 117, "Plan Width": 20, "Inner Unique": false, "Join Filter": "(ci.person_id = n.id)", "Plans": [{"Node Type": "Index Scan", "Parent Relationship": "Outer", "Scan Direction": "Forward", "Index Name": "name_pkey", "Relation Name": "name", "Alias": "n", "Startup Cost": 10000000000.0, "Total Cost": 1000019707019.7, "Plan Rows": 96, "Plan Width": 4, "Filter": "(((name)::text ~~ '%Ang%'::text) AND ((gender)::text = 'f'::text))"}, {"Node Type": "Materialize", "Parent Relationship": "Inner", "Startup Cost": 10000000000.0, "Total Cost": 1000152287378.81, "Plan Rows": 833163, "Plan Width": 16, "Plans": [{"Node Type": "Index Scan", "Parent Relationship": "Outer", "Scan Direction": "Forward", "Index Name": "role_id_cast_info", "Relation Name": "cast_info", "Alias": "ci", "Startup Cost": 10000000000.0, "Total Cost": 1000152283213.0, "Plan Rows": 833163, "Plan Width": 16, "Filter": "((note)::text = ANY ('{(voice),\"(voice: Japanese version)\",\"(voice) (uncredited)\",\"(voice: English version)\"}'::text[]))"}]}]}, {"Node Type": "Materialize", "Parent Relationship": "Inner", "Startup Cost": 10000000000.0, "Total Cost": 1000000001246.0, "Plan Rows": 1, "Plan Width": 4, "Plans": [{"Node Type": "Index Scan", "Parent Relationship": "Outer", "Scan Direction": "Forward", "Index Name": "role_type_pkey", "Relation Name": "role_type", "Alias": "rt", "Startup Cost": 10000000000.0, "Total Cost": 1000000001246.0, "Plan Rows": 1, "Plan Width": 4, "Filter": "((role)::text = 'actress'::text)"}]}]}, {"Node Type": "Materialize", "Parent Relationship": "Inner", "Startup Cost": 10000000000.0, "Total Cost": 1000013673399.34, "Plan Rows": 297072, "Plan Width": 8, "Plans": [{"Node Type": "Index Scan", "Parent Relationship": "Outer", "Scan Direction": "Forward", "Index Name": "company_id_movie_companies", "Relation Name": "movie_companies", "Alias": "mc", "Startup Cost": 10000000000.0, "Total Cost": 1000013671913.98, "Plan Rows": 297072, "Plan Width": 8, "Filter": "((note IS NOT NULL) AND (((note)::text ~~ '%(USA)%'::text) OR ((note)::text ~~ '%(worldwide)%'::text))), (LLVM Optimized)"}]}]}, {"Node Type": "Materialize", "Parent Relationship": "Inner", "Startup Cost": 10000000000.0, "Total Cost": 1000001050564.82, "Plan Rows": 85170, "Plan Width": 4, "Plans": [{"Node Type": "Index Scan", "Parent Relationship": "Outer", "Scan Direction": "Forward", "Index Name": "company_name_pkey", "Relation Name": "company_name", "Alias": "cn", "Startup Cost": 10000000000.0, "Total Cost": 1000001050138.97, "Plan Rows": 85170, "Plan Width": 4, "Filter": "((country_code)::text = '[us]'::text)"}]}]}, {"Node Type": "Materialize", "Parent Relationship": "Inner", "Startup Cost": 10000000000.0, "Total Cost": 1000013003247.2, "Plan Rows": 3140338, "Plan Width": 20, "Plans": [{"Node Type": "Index Scan", "Parent Relationship": "Outer", "Scan Direction": "Forward", "Index Name": "char_name_pkey", "Relation Name": "char_name", "Alias": "chn", "Startup Cost": 10000000000.0, "Total Cost": 1000012987545.51, "Plan Rows": 3140338, "Plan Width": 20}]}]}, {"Node Type": "Index Scan", "Parent Relationship": "Inner", "Scan Direction": "Forward", "Index Name": "title_pkey", "Relation Name": "title", "Alias": "t", "Startup Cost": 10000000000.0, "Total Cost": 1000000000048.64, "Plan Rows": 1, "Plan Width": 21, "Index Cond": "(id = ci.movie_id)", "Filter": "((production_year >= 2005) AND (production_year <= 2015))"}]}, {"Node Type": "Index Scan", "Parent Relationship": "Inner", "Scan Direction": "Forward", "Index Name": "person_id_aka_name", "Relation Name": "aka_name", "Alias": "an", "Startup Cost": 10000000000.0, "Total Cost": 1000000000033.66, "Plan Rows": 1, "Plan Width": 20, "Index Cond": "(person_id = ci.person_id)"}]}]}, "Unique SQL Id": 3431223514, "Planner Runtime": 13}, "explain_analyze_plan": null}, "(16, 124)": {"explain_plan": {"Plan": {"Node Type": "Aggregate", "Strategy": "Plain", "Startup Cost": 23199.25, "Total Cost": 23199.26, "Plan Rows": 1, "Plan Width": 145, "Plans": [{"Node Type": "Nested Loop", "Parent Relationship": "Outer", "Join Type": "Inner", "Startup Cost": 0.0, "Total Cost": 23199.25, "Plan Rows": 1, "Plan Width": 49, "Inner Unique": true, "Plans": [{"Node Type": "Nested Loop", "Parent Relationship": "Outer", "Join Type": "Inner", "Startup Cost": 0.0, "Total Cost": 23198.75, "Plan Rows": 1, "Plan Width": 40, "Inner Unique": true, "Plans": [{"Node Type": "Nested Loop", "Parent Relationship": "Outer", "Join Type": "Inner", "Startup Cost": 0.0, "Total Cost": 23197.73, "Plan Rows": 2, "Plan Width": 28, "Inner Unique": true, "Plans": [{"Node Type": "Nested Loop", "Parent Relationship": "Outer", "Join Type": "Inner", "Startup Cost": 0.0, "Total Cost": 23196.09, "Plan Rows": 5, "Plan Width": 32, "Inner Unique": false, "Plans": [{"Node Type": "Nested Loop", "Parent Relationship": "Outer", "Join Type": "Inner", "Startup Cost": 0.0, "Total Cost": 23190.48, "Plan Rows": 13, "Plan Width": 24, "Inner Unique": false, "Join Filter": "(ci.role_id = rt.id)", "Plans": [{"Node Type": "Seq Scan", "Parent Relationship": "Outer", "Relation Name": "role_type", "Alias": "rt", "Startup Cost": 0.0, "Total Cost": 1.15, "Plan Rows": 1, "Plan Width": 4, "Filter": "((role)::text = 'actress'::text)"}, {"Node Type": "Materialize", "Parent Relationship": "Inner", "Startup Cost": 0.0, "Total Cost": 23187.92, "Plan Rows": 141, "Plan Width": 28, "Plans": [{"Node Type": "Nested Loop", "Parent Relationship": "Outer", "Join Type": "Inner", "Startup Cost": 0.0, "Total Cost": 23187.57, "Plan Rows": 141, "Plan Width": 28, "Inner Unique": false, "Join Filter": "(n.id = ci.person_id)", "Plans": [{"Node Type": "Nested Loop", "Parent Relationship": "Outer", "Join Type": "Inner", "Startup Cost": 0.0, "Total Cost": 22912.29, "Plan Rows": 115, "Plan Width": 24, "Inner Unique": false, "Plans": [{"Node Type": "Streaming(type: LOCAL GATHER dop: 1/16)", "Parent Relationship": "Outer", "Startup Cost": 0.0, "Total Cost": 22121.41, "Plan Rows": 96, "Plan Width": 4, "Plans": [{"Node Type": "Seq Scan", "Parent Relationship": "Outer", "Relation Name": "name", "Alias": "n", "Startup Cost": 0.0, "Total Cost": 22119.33, "Plan Rows": 96, "Plan Width": 4, "Filter": "(((name)::text ~~ '%Ang%'::text) AND ((gender)::text = 'f'::text))"}]}, {"Node Type": "Index Scan", "Parent Relationship": "Inner", "Scan Direction": "Forward", "Index Name": "person_id_aka_name", "Relation Name": "aka_name", "Alias": "an", "Startup Cost": 0.0, "Total Cost": 8.23, "Plan Rows": 1, "Plan Width": 20, "Index Cond": "(person_id = n.id)"}]}, {"Node Type": "Index Scan", "Parent Relationship": "Inner", "Scan Direction": "Forward", "Index Name": "person_id_cast_info", "Relation Name": "cast_info", "Alias": "ci", "Startup Cost": 0.0, "Total Cost": 2.38, "Plan Rows": 1, "Plan Width": 16, "Index Cond": "(person_id = an.person_id)", "Filter": "((note)::text = ANY ('{(voice),\"(voice: Japanese version)\",\"(voice) (uncredited)\",\"(voice: English version)\"}'::text[]))"}]}]}]}, {"Node Type": "Index Scan", "Parent Relationship": "Inner", "Scan Direction": "Forward", "Index Name": "movie_id_movie_companies", "Relation Name": "movie_companies", "Alias": "mc", "Startup Cost": 0.0, "Total Cost": 0.42, "Plan Rows": 1, "Plan Width": 8, "Index Cond": "(movie_id = ci.movie_id)", "Filter": "((note IS NOT NULL) AND (((note)::text ~~ '%(USA)%'::text) OR ((note)::text ~~ '%(worldwide)%'::text)))"}]}, {"Node Type": "Index Scan", "Parent Relationship": "Inner", "Scan Direction": "Forward", "Index Name": "company_name_pkey", "Relation Name": "company_name", "Alias": "cn", "Startup Cost": 0.0, "Total Cost": 0.32, "Plan Rows": 1, "Plan Width": 4, "Index Cond": "(id = mc.company_id)", "Filter": "((country_code)::text = '[us]'::text)"}]}, {"Node Type": "Index Scan", "Parent Relationship": "Inner", "Scan Direction": "Forward", "Index Name": "char_name_pkey", "Relation Name": "char_name", "Alias": "chn", "Startup Cost": 0.0, "Total Cost": 0.5, "Plan Rows": 1, "Plan Width": 20, "Index Cond": "(id = ci.person_role_id)"}]}, {"Node Type": "Index Scan", "Parent Relationship": "Inner", "Scan Direction": "Forward", "Index Name": "title_pkey", "Relation Name": "title", "Alias": "t", "Startup Cost": 0.0, "Total Cost": 0.49, "Plan Rows": 1, "Plan Width": 21, "Index Cond": "(id = ci.movie_id)", "Filter": "((production_year >= 2005) AND (production_year <= 2015))"}]}]}, "Unique SQL Id": 3431223514, "Planner Runtime": 18}, "explain_analyze_plan": {"Plan": {"Node Type": "Aggregate", "Strategy": "Plain", "Startup Cost": 23199.25, "Total Cost": 23199.26, "Plan Rows": 1, "Plan Width": 145, "Actual Min Startup Time": 217.809, "Actual Max Startup Time": 217.809, "Actual Min Total Time": 217.809, "Actual Max Total Time": 217.809, "Plans": [{"Node Type": "Nested Loop", "Parent Relationship": "Outer", "Join Type": "Inner", "Startup Cost": 0.0, "Total Cost": 23199.25, "Plan Rows": 1, "Plan Width": 49, "Actual Min Startup Time": 208.266, "Actual Max Startup Time": 208.266, "Actual Min Total Time": 217.659, "Actual Max Total Time": 217.659, "Inner Unique": true, "Plans": [{"Node Type": "Nested Loop", "Parent Relationship": "Outer", "Join Type": "Inner", "Startup Cost": 0.0, "Total Cost": 23198.75, "Plan Rows": 1, "Plan Width": 40, "Actual Min Startup Time": 207.759, "Actual Max Startup Time": 207.759, "Actual Min Total Time": 215.669, "Actual Max Total Time": 215.669, "Inner Unique": true, "Plans": [{"Node Type": "Nested Loop", "Parent Relationship": "Outer", "Join Type": "Inner", "Startup Cost": 0.0, "Total Cost": 23197.73, "Plan Rows": 2, "Plan Width": 28, "Actual Min Startup Time": 207.738, "Actual Max Startup Time": 207.738, "Actual Min Total Time": 214.139, "Actual Max Total Time": 214.139, "Inner Unique": true, "Plans": [{"Node Type": "Nested Loop", "Parent Relationship": "Outer", "Join Type": "Inner", "Startup Cost": 0.0, "Total Cost": 23196.09, "Plan Rows": 5, "Plan Width": 32, "Actual Min Startup Time": 207.712, "Actual Max Startup Time": 207.712, "Actual Min Total Time": 212.282, "Actual Max Total Time": 212.282, "Inner Unique": false, "Plans": [{"Node Type": "Nested Loop", "Parent Relationship": "Outer", "Join Type": "Inner", "Startup Cost": 0.0, "Total Cost": 23190.48, "Plan Rows": 13, "Plan Width": 24, "Actual Min Startup Time": 207.655, "Actual Max Startup Time": 207.655, "Actual Min Total Time": 207.944, "Actual Max Total Time": 207.944, "Inner Unique": false, "Join Filter": "(ci.role_id = rt.id)", "Rows Removed by Join Filter": 0, "Plans": [{"Node Type": "Seq Scan", "Parent Relationship": "Outer", "Relation Name": "role_type", "Alias": "rt", "Startup Cost": 0.0, "Total Cost": 1.15, "Plan Rows": 1, "Plan Width": 4, "Actual Min Startup Time": 0.037, "Actual Max Startup Time": 0.037, "Actual Min Total Time": 0.042, "Actual Max Total Time": 0.042, "Filter": "((role)::text = 'actress'::text)", "Rows Removed by Filter": 11, "Actual Rows": 1}, {"Node Type": "Materialize", "Parent Relationship": "Inner", "Startup Cost": 0.0, "Total Cost": 23187.92, "Plan Rows": 141, "Plan Width": 28, "Actual Min Startup Time": 207.601, "Actual Max Startup Time": 207.601, "Actual Min Total Time": 207.663, "Actual Max Total Time": 207.663, "Plans": [{"Node Type": "Nested Loop", "Parent Relationship": "Outer", "Join Type": "Inner", "Startup Cost": 0.0, "Total Cost": 23187.57, "Plan Rows": 141, "Plan Width": 28, "Actual Min Startup Time": 79.388, "Actual Max Startup Time": 79.388, "Actual Min Total Time": 207.403, "Actual Max Total Time": 207.403, "Inner Unique": false, "Join Filter": "(n.id = ci.person_id)", "Rows Removed by Join Filter": 0, "Plans": [{"Node Type": "Nested Loop", "Parent Relationship": "Outer", "Join Type": "Inner", "Startup Cost": 0.0, "Total Cost": 22912.29, "Plan Rows": 115, "Plan Width": 24, "Actual Min Startup Time": 78.004, "Actual Max Startup Time": 78.004, "Actual Min Total Time": 152.752, "Actual Max Total Time": 152.752, "Inner Unique": false, "Plans": [{"Node Type": "Streaming(type: LOCAL GATHER dop: 1/16)", "Parent Relationship": "Outer", "Startup Cost": 0.0, "Total Cost": 22121.41, "Plan Rows": 96, "Plan Width": 4, "Actual Min Startup Time": 77.938, "Actual Max Startup Time": 77.938, "Actual Min Total Time": 130.682, "Actual Max Total Time": 130.682, "Plans": [{"Node Type": "Seq Scan", "Parent Relationship": "Outer", "Relation Name": "name", "Alias": "n", "Startup Cost": 0.0, "Total Cost": 22119.33, "Plan Rows": 96, "Plan Width": 4, "Actual Min Startup Time": 42.659, "Actual Max Startup Time": 47.494, "Actual Min Total Time": 106.008, "Actual Max Total Time": 112.366, "Filter": "(((name)::text ~~ '%Ang%'::text) AND ((gender)::text = 'f'::text))", "Rows Removed by Filter": 4160722, "Actual Rows": 6768}], "Actual Rows": 6768}, {"Node Type": "Index Scan", "Parent Relationship": "Inner", "Scan Direction": "Forward", "Index Name": "person_id_aka_name", "Relation Name": "aka_name", "Alias": "an", "Startup Cost": 0.0, "Total Cost": 8.23, "Plan Rows": 1, "Plan Width": 20, "Actual Min Startup Time": 17.561, "Actual Max Startup Time": 17.561, "Actual Min Total Time": 18.45, "Actual Max Total Time": 18.45, "Index Cond": "(person_id = n.id)", "Rows Removed by Index Recheck": 0, "Actual Rows": 1558}], "Actual Rows": 1558}, {"Node Type": "Index Scan", "Parent Relationship": "Inner", "Scan Direction": "Forward", "Index Name": "person_id_cast_info", "Relation Name": "cast_info", "Alias": "ci", "Startup Cost": 0.0, "Total Cost": 2.38, "Plan Rows": 1, "Plan Width": 16, "Actual Min Startup Time": 48.536, "Actual Max Startup Time": 48.536, "Actual Min Total Time": 53.613, "Actual Max Total Time": 53.613, "Index Cond": "(person_id = an.person_id)", "Rows Removed by Index Recheck": 0, "Filter": "((note)::text = ANY ('{(voice),\"(voice: Japanese version)\",\"(voice) (uncredited)\",\"(voice: English version)\"}'::text[]))", "Rows Removed by Filter": 69057, "Actual Rows": 425}], "Actual Rows": 425}], "Actual Rows": 426}], "Actual Rows": 425}, {"Node Type": "Index Scan", "Parent Relationship": "Inner", "Scan Direction": "Forward", "Index Name": "movie_id_movie_companies", "Relation Name": "movie_companies", "Alias": "mc", "Startup Cost": 0.0, "Total Cost": 0.42, "Plan Rows": 1, "Plan Width": 8, "Actual Min Startup Time": 2.852, "Actual Max Startup Time": 2.852, "Actual Min Total Time": 4.027, "Actual Max Total Time": 4.027, "Index Cond": "(movie_id = ci.movie_id)", "Rows Removed by Index Recheck": 0, "Filter": "((note IS NOT NULL) AND (((note)::text ~~ '%(USA)%'::text) OR ((note)::text ~~ '%(worldwide)%'::text)))", "Rows Removed by Filter": 1538, "Actual Rows": 373}], "Actual Rows": 373}, {"Node Type": "Index Scan", "Parent Relationship": "Inner", "Scan Direction": "Forward", "Index Name": "company_name_pkey", "Relation Name": "company_name", "Alias": "cn", "Startup Cost": 0.0, "Total Cost": 0.32, "Plan Rows": 1, "Plan Width": 4, "Actual Min Startup Time": 1.542, "Actual Max Startup Time": 1.542, "Actual Min Total Time": 1.542, "Actual Max Total Time": 1.542, "Index Cond": "(id = mc.company_id)", "Rows Removed by Index Recheck": 0, "Filter": "((country_code)::text = '[us]'::text)", "Rows Removed by Filter": 14, "Actual Rows": 359}], "Actual Rows": 359}, {"Node Type": "Index Scan", "Parent Relationship": "Inner", "Scan Direction": "Forward", "Index Name": "char_name_pkey", "Relation Name": "char_name", "Alias": "chn", "Startup Cost": 0.0, "Total Cost": 0.5, "Plan Rows": 1, "Plan Width": 20, "Actual Min Startup Time": 1.21, "Actual Max Startup Time": 1.21, "Actual Min Total Time": 1.21, "Actual Max Total Time": 1.21, "Index Cond": "(id = ci.person_role_id)", "Rows Removed by Index Recheck": 0, "Actual Rows": 341}], "Actual Rows": 341}, {"Node Type": "Index Scan", "Parent Relationship": "Inner", "Scan Direction": "Forward", "Index Name": "title_pkey", "Relation Name": "title", "Alias": "t", "Startup Cost": 0.0, "Total Cost": 0.49, "Plan Rows": 1, "Plan Width": 21, "Actual Min Startup Time": 1.749, "Actual Max Startup Time": 1.749, "Actual Min Total Time": 1.749, "Actual Max Total Time": 1.749, "Index Cond": "(id = ci.movie_id)", "Rows Removed by Index Recheck": 0, "Filter": "((production_year >= 2005) AND (production_year <= 2015))", "Rows Removed by Filter": 220, "Actual Rows": 121}], "Actual Rows": 121}], "Actual Rows": 1}, "Triggers": [], "Planner Runtime": 18, "Total Runtime": 220.755, "Unique SQL Id": 3431223514}}, "(16, 125)": {"explain_plan": {"Plan": {"Node Type": "Aggregate", "Strategy": "Plain", "Startup Cost": 154556.1, "Total Cost": 154556.11, "Plan Rows": 1, "Plan Width": 145, "Plans": [{"Node Type": "Nested Loop", "Parent Relationship": "Outer", "Join Type": "Inner", "Startup Cost": 0.0, "Total Cost": 154556.09, "Plan Rows": 1, "Plan Width": 49, "Inner Unique": true, "Plans": [{"Node Type": "Nested Loop", "Parent Relationship": "Outer", "Join Type": "Inner", "Startup Cost": 0.0, "Total Cost": 154555.59, "Plan Rows": 1, "Plan Width": 40, "Inner Unique": true, "Plans": [{"Node Type": "Nested Loop", "Parent Relationship": "Outer", "Join Type": "Inner", "Startup Cost": 0.0, "Total Cost": 154554.58, "Plan Rows": 2, "Plan Width": 28, "Inner Unique": true, "Plans": [{"Node Type": "Nested Loop", "Parent Relationship": "Outer", "Join Type": "Inner", "Startup Cost": 0.0, "Total Cost": 154552.94, "Plan Rows": 5, "Plan Width": 32, "Inner Unique": false, "Plans": [{"Node Type": "Nested Loop", "Parent Relationship": "Outer", "Join Type": "Inner", "Startup Cost": 0.0, "Total Cost": 154547.33, "Plan Rows": 13, "Plan Width": 24, "Inner Unique": false, "Join Filter": "(ci.role_id = rt.id)", "Plans": [{"Node Type": "Index Scan", "Parent Relationship": "Outer", "Scan Direction": "Forward", "Index Name": "role_type_pkey", "Relation Name": "role_type", "Alias": "rt", "Startup Cost": 0.0, "Total Cost": 12.46, "Plan Rows": 1, "Plan Width": 4, "Filter": "((role)::text = 'actress'::text)"}, {"Node Type": "Materialize", "Parent Relationship": "Inner", "Startup Cost": 0.0, "Total Cost": 154533.46, "Plan Rows": 141, "Plan Width": 28, "Plans": [{"Node Type": "Nested Loop", "Parent Relationship": "Outer", "Join Type": "Inner", "Startup Cost": 0.0, "Total Cost": 154533.1, "Plan Rows": 141, "Plan Width": 28, "Inner Unique": false, "Join Filter": "(n.id = ci.person_id)", "Plans": [{"Node Type": "Nested Loop", "Parent Relationship": "Outer", "Join Type": "Inner", "Startup Cost": 0.0, "Total Cost": 154257.82, "Plan Rows": 115, "Plan Width": 24, "Inner Unique": false, "Plans": [{"Node Type": "Streaming(type: LOCAL GATHER dop: 1/16)", "Parent Relationship": "Outer", "Startup Cost": 0.0, "Total Cost": 153466.94, "Plan Rows": 96, "Plan Width": 4, "Plans": [{"Node Type": "Index Scan", "Parent Relationship": "Outer", "Scan Direction": "Forward", "Index Name": "name_pkey", "Relation Name": "name", "Alias": "n", "Startup Cost": 0.0, "Total Cost": 153464.87, "Plan Rows": 96, "Plan Width": 4, "Filter": "(((name)::text ~~ '%Ang%'::text) AND ((gender)::text = 'f'::text))"}]}, {"Node Type": "Index Scan", "Parent Relationship": "Inner", "Scan Direction": "Forward", "Index Name": "person_id_aka_name", "Relation Name": "aka_name", "Alias": "an", "Startup Cost": 0.0, "Total Cost": 8.23, "Plan Rows": 1, "Plan Width": 20, "Index Cond": "(person_id = n.id)"}]}, {"Node Type": "Index Scan", "Parent Relationship": "Inner", "Scan Direction": "Forward", "Index Name": "person_id_cast_info", "Relation Name": "cast_info", "Alias": "ci", "Startup Cost": 0.0, "Total Cost": 2.38, "Plan Rows": 1, "Plan Width": 16, "Index Cond": "(person_id = an.person_id)", "Filter": "((note)::text = ANY ('{(voice),\"(voice: Japanese version)\",\"(voice) (uncredited)\",\"(voice: English version)\"}'::text[]))"}]}]}]}, {"Node Type": "Index Scan", "Parent Relationship": "Inner", "Scan Direction": "Forward", "Index Name": "movie_id_movie_companies", "Relation Name": "movie_companies", "Alias": "mc", "Startup Cost": 0.0, "Total Cost": 0.42, "Plan Rows": 1, "Plan Width": 8, "Index Cond": "(movie_id = ci.movie_id)", "Filter": "((note IS NOT NULL) AND (((note)::text ~~ '%(USA)%'::text) OR ((note)::text ~~ '%(worldwide)%'::text)))"}]}, {"Node Type": "Index Scan", "Parent Relationship": "Inner", "Scan Direction": "Forward", "Index Name": "company_name_pkey", "Relation Name": "company_name", "Alias": "cn", "Startup Cost": 0.0, "Total Cost": 0.32, "Plan Rows": 1, "Plan Width": 4, "Index Cond": "(id = mc.company_id)", "Filter": "((country_code)::text = '[us]'::text)"}]}, {"Node Type": "Index Scan", "Parent Relationship": "Inner", "Scan Direction": "Forward", "Index Name": "char_name_pkey", "Relation Name": "char_name", "Alias": "chn", "Startup Cost": 0.0, "Total Cost": 0.5, "Plan Rows": 1, "Plan Width": 20, "Index Cond": "(id = ci.person_role_id)"}]}, {"Node Type": "Index Scan", "Parent Relationship": "Inner", "Scan Direction": "Forward", "Index Name": "title_pkey", "Relation Name": "title", "Alias": "t", "Startup Cost": 0.0, "Total Cost": 0.49, "Plan Rows": 1, "Plan Width": 21, "Index Cond": "(id = ci.movie_id)", "Filter": "((production_year >= 2005) AND (production_year <= 2015))"}]}]}, "Unique SQL Id": 3431223514, "Planner Runtime": 15}, "explain_analyze_plan": {"Plan": {"Node Type": "Aggregate", "Strategy": "Plain", "Startup Cost": 154556.1, "Total Cost": 154556.11, "Plan Rows": 1, "Plan Width": 145, "Actual Min Startup Time": 381.158, "Actual Max Startup Time": 381.158, "Actual Min Total Time": 381.159, "Actual Max Total Time": 381.159, "Plans": [{"Node Type": "Nested Loop", "Parent Relationship": "Outer", "Join Type": "Inner", "Startup Cost": 0.0, "Total Cost": 154556.09, "Plan Rows": 1, "Plan Width": 49, "Actual Min Startup Time": 371.852, "Actual Max Startup Time": 371.852, "Actual Min Total Time": 381.01, "Actual Max Total Time": 381.01, "Inner Unique": true, "Plans": [{"Node Type": "Nested Loop", "Parent Relationship": "Outer", "Join Type": "Inner", "Startup Cost": 0.0, "Total Cost": 154555.59, "Plan Rows": 1, "Plan Width": 40, "Actual Min Startup Time": 370.918, "Actual Max Startup Time": 370.918, "Actual Min Total Time": 379.017, "Actual Max Total Time": 379.017, "Inner Unique": true, "Plans": [{"Node Type": "Nested Loop", "Parent Relationship": "Outer", "Join Type": "Inner", "Startup Cost": 0.0, "Total Cost": 154554.58, "Plan Rows": 2, "Plan Width": 28, "Actual Min Startup Time": 370.897, "Actual Max Startup Time": 370.897, "Actual Min Total Time": 377.445, "Actual Max Total Time": 377.445, "Inner Unique": true, "Plans": [{"Node Type": "Nested Loop", "Parent Relationship": "Outer", "Join Type": "Inner", "Startup Cost": 0.0, "Total Cost": 154552.94, "Plan Rows": 5, "Plan Width": 32, "Actual Min Startup Time": 370.872, "Actual Max Startup Time": 370.872, "Actual Min Total Time": 375.543, "Actual Max Total Time": 375.543, "Inner Unique": false, "Plans": [{"Node Type": "Nested Loop", "Parent Relationship": "Outer", "Join Type": "Inner", "Startup Cost": 0.0, "Total Cost": 154547.33, "Plan Rows": 13, "Plan Width": 24, "Actual Min Startup Time": 370.838, "Actual Max Startup Time": 370.838, "Actual Min Total Time": 371.129, "Actual Max Total Time": 371.129, "Inner Unique": false, "Join Filter": "(ci.role_id = rt.id)", "Rows Removed by Join Filter": 0, "Plans": [{"Node Type": "Index Scan", "Parent Relationship": "Outer", "Scan Direction": "Forward", "Index Name": "role_type_pkey", "Relation Name": "role_type", "Alias": "rt", "Startup Cost": 0.0, "Total Cost": 12.46, "Plan Rows": 1, "Plan Width": 4, "Actual Min Startup Time": 0.027, "Actual Max Startup Time": 0.027, "Actual Min Total Time": 0.034, "Actual Max Total Time": 0.034, "Filter": "((role)::text = 'actress'::text)", "Rows Removed by Filter": 11, "Actual Rows": 1}, {"Node Type": "Materialize", "Parent Relationship": "Inner", "Startup Cost": 0.0, "Total Cost": 154533.46, "Plan Rows": 141, "Plan Width": 28, "Actual Min Startup Time": 370.792, "Actual Max Startup Time": 370.792, "Actual Min Total Time": 370.871, "Actual Max Total Time": 370.871, "Plans": [{"Node Type": "Nested Loop", "Parent Relationship": "Outer", "Join Type": "Inner", "Startup Cost": 0.0, "Total Cost": 154533.1, "Plan Rows": 141, "Plan Width": 28, "Actual Min Startup Time": 96.425, "Actual Max Startup Time": 96.425, "Actual Min Total Time": 370.541, "Actual Max Total Time": 370.541, "Inner Unique": false, "Join Filter": "(n.id = ci.person_id)", "Rows Removed by Join Filter": 0, "Plans": [{"Node Type": "Nested Loop", "Parent Relationship": "Outer", "Join Type": "Inner", "Startup Cost": 0.0, "Total Cost": 154257.82, "Plan Rows": 115, "Plan Width": 24, "Actual Min Startup Time": 95.83, "Actual Max Startup Time": 95.83, "Actual Min Total Time": 315.879, "Actual Max Total Time": 315.879, "Inner Unique": false, "Plans": [{"Node Type": "Streaming(type: LOCAL GATHER dop: 1/16)", "Parent Relationship": "Outer", "Startup Cost": 0.0, "Total Cost": 153466.94, "Plan Rows": 96, "Plan Width": 4, "Actual Min Startup Time": 95.756, "Actual Max Startup Time": 95.756, "Actual Min Total Time": 293.923, "Actual Max Total Time": 293.923, "Plans": [{"Node Type": "Index Scan", "Parent Relationship": "Outer", "Scan Direction": "Forward", "Index Name": "name_pkey", "Relation Name": "name", "Alias": "n", "Startup Cost": 0.0, "Total Cost": 153464.87, "Plan Rows": 96, "Plan Width": 4, "Actual Min Startup Time": 40.31, "Actual Max Startup Time": 338.836, "Actual Min Total Time": 295.678, "Actual Max Total Time": 338.836, "Filter": "(((name)::text ~~ '%Ang%'::text) AND ((gender)::text = 'f'::text))", "Rows Removed by Filter": 4160722, "Actual Rows": 6768}], "Actual Rows": 6768}, {"Node Type": "Index Scan", "Parent Relationship": "Inner", "Scan Direction": "Forward", "Index Name": "person_id_aka_name", "Relation Name": "aka_name", "Alias": "an", "Startup Cost": 0.0, "Total Cost": 8.23, "Plan Rows": 1, "Plan Width": 20, "Actual Min Startup Time": 17.357, "Actual Max Startup Time": 17.357, "Actual Min Total Time": 18.22, "Actual Max Total Time": 18.22, "Index Cond": "(person_id = n.id)", "Rows Removed by Index Recheck": 0, "Actual Rows": 1558}], "Actual Rows": 1558}, {"Node Type": "Index Scan", "Parent Relationship": "Inner", "Scan Direction": "Forward", "Index Name": "person_id_cast_info", "Relation Name": "cast_info", "Alias": "ci", "Startup Cost": 0.0, "Total Cost": 2.38, "Plan Rows": 1, "Plan Width": 16, "Actual Min Startup Time": 48.528, "Actual Max Startup Time": 48.528, "Actual Min Total Time": 53.577, "Actual Max Total Time": 53.577, "Index Cond": "(person_id = an.person_id)", "Rows Removed by Index Recheck": 0, "Filter": "((note)::text = ANY ('{(voice),\"(voice: Japanese version)\",\"(voice) (uncredited)\",\"(voice: English version)\"}'::text[]))", "Rows Removed by Filter": 69057, "Actual Rows": 425}], "Actual Rows": 425}], "Actual Rows": 426}], "Actual Rows": 425}, {"Node Type": "Index Scan", "Parent Relationship": "Inner", "Scan Direction": "Forward", "Index Name": "movie_id_movie_companies", "Relation Name": "movie_companies", "Alias": "mc", "Startup Cost": 0.0, "Total Cost": 0.42, "Plan Rows": 1, "Plan Width": 8, "Actual Min Startup Time": 2.907, "Actual Max Startup Time": 2.907, "Actual Min Total Time": 4.086, "Actual Max Total Time": 4.086, "Index Cond": "(movie_id = ci.movie_id)", "Rows Removed by Index Recheck": 0, "Filter": "((note IS NOT NULL) AND (((note)::text ~~ '%(USA)%'::text) OR ((note)::text ~~ '%(worldwide)%'::text)))", "Rows Removed by Filter": 1538, "Actual Rows": 373}], "Actual Rows": 373}, {"Node Type": "Index Scan", "Parent Relationship": "Inner", "Scan Direction": "Forward", "Index Name": "company_name_pkey", "Relation Name": "company_name", "Alias": "cn", "Startup Cost": 0.0, "Total Cost": 0.32, "Plan Rows": 1, "Plan Width": 4, "Actual Min Startup Time": 1.6, "Actual Max Startup Time": 1.6, "Actual Min Total Time": 1.6, "Actual Max Total Time": 1.6, "Index Cond": "(id = mc.company_id)", "Rows Removed by Index Recheck": 0, "Filter": "((country_code)::text = '[us]'::text)", "Rows Removed by Filter": 14, "Actual Rows": 359}], "Actual Rows": 359}, {"Node Type": "Index Scan", "Parent Relationship": "Inner", "Scan Direction": "Forward", "Index Name": "char_name_pkey", "Relation Name": "char_name", "Alias": "chn", "Startup Cost": 0.0, "Total Cost": 0.5, "Plan Rows": 1, "Plan Width": 20, "Actual Min Startup Time": 1.275, "Actual Max Startup Time": 1.275, "Actual Min Total Time": 1.275, "Actual Max Total Time": 1.275, "Index Cond": "(id = ci.person_role_id)", "Rows Removed by Index Recheck": 0, "Actual Rows": 341}], "Actual Rows": 341}, {"Node Type": "Index Scan", "Parent Relationship": "Inner", "Scan Direction": "Forward", "Index Name": "title_pkey", "Relation Name": "title", "Alias": "t", "Startup Cost": 0.0, "Total Cost": 0.49, "Plan Rows": 1, "Plan Width": 21, "Actual Min Startup Time": 1.749, "Actual Max Startup Time": 1.749, "Actual Min Total Time": 1.749, "Actual Max Total Time": 1.749, "Index Cond": "(id = ci.movie_id)", "Rows Removed by Index Recheck": 0, "Filter": "((production_year >= 2005) AND (production_year <= 2015))", "Rows Removed by Filter": 220, "Actual Rows": 121}], "Actual Rows": 121}], "Actual Rows": 1}, "Triggers": [], "Planner Runtime": 15, "Total Runtime": 384.132, "Unique SQL Id": 3431223514}}, "(16, 126)": {"explain_plan": {"Plan": {"Node Type": "Aggregate", "Strategy": "Plain", "Startup Cost": 278514.53, "Total Cost": 278514.57, "Plan Rows": 1, "Plan Width": 145, "Plans": [{"Node Type": "Streaming(type: LOCAL GATHER dop: 1/16)", "Parent Relationship": "Outer", "Startup Cost": 278514.53, "Total Cost": 278514.57, "Plan Rows": 1, "Plan Width": 145, "Plans": [{"Node Type": "Aggregate", "Strategy": "Plain", "Parent Relationship": "Outer", "Startup Cost": 278514.53, "Total Cost": 278514.54, "Plan Rows": 1, "Plan Width": 145, "Plans": [{"Node Type": "Nested Loop", "Parent Relationship": "Outer", "Join Type": "Inner", "Startup Cost": 86.43, "Total Cost": 278514.52, "Plan Rows": 1, "Plan Width": 49, "Inner Unique": true, "Join Filter": "(ci.movie_id = t.id)", "Plans": [{"Node Type": "Streaming(type: BROADCAST dop: 16/16)", "Parent Relationship": "Outer", "Startup Cost": 0.0, "Total Cost": 258103.53, "Plan Rows": 16, "Plan Width": 40, "Plans": [{"Node Type": "Nested Loop", "Parent Relationship": "Outer", "Join Type": "Inner", "Startup Cost": 0.0, "Total Cost": 243103.49, "Plan Rows": 1, "Plan Width": 40, "Inner Unique": false, "Join Filter": "(n.id = an.person_id)", "Plans": [{"Node Type": "Streaming(type: BROADCAST dop: 16/16)", "Parent Relationship": "Outer", "Startup Cost": 0.0, "Total Cost": 226155.04, "Plan Rows": 16, "Plan Width": 32, "Plans": [{"Node Type": "Nested Loop", "Parent Relationship": "Outer", "Join Type": "Inner", "Startup Cost": 0.0, "Total Cost": 211155.0, "Plan Rows": 1, "Plan Width": 32, "Inner Unique": false, "Join Filter": "(ci.person_role_id = chn.id)", "Plans": [{"Node Type": "Seq Scan", "Parent Relationship": "Outer", "Relation Name": "char_name", "Alias": "chn", "Startup Cost": 0.0, "Total Cost": 19218.34, "Plan Rows": 3140338, "Plan Width": 20}, {"Node Type": "Materialize", "Parent Relationship": "Inner", "Startup Cost": 0.0, "Total Cost": 186048.53, "Plan Rows": 32, "Plan Width": 20, "Plans": [{"Node Type": "Streaming(type: BROADCAST dop: 16/1)", "Parent Relationship": "Outer", "Startup Cost": 0.0, "Total Cost": 186048.52, "Plan Rows": 32, "Plan Width": 20, "Plans": [{"Node Type": "Nested Loop", "Parent Relationship": "Outer", "Join Type": "Inner", "Startup Cost": 0.0, "Total Cost": 171047.83, "Plan Rows": 2, "Plan Width": 20, "Inner Unique": false, "Join Filter": "(mc.company_id = cn.id)", "Plans": [{"Node Type": "Seq Scan", "Parent Relationship": "Outer", "Relation Name": "company_name", "Alias": "cn", "Startup Cost": 0.0, "Total Cost": 5903.45, "Plan Rows": 85170, "Plan Width": 4, "Filter": "((country_code)::text = '[us]'::text)"}, {"Node Type": "Materialize", "Parent Relationship": "Inner", "Startup Cost": 0.0, "Total Cost": 160034.19, "Plan Rows": 4, "Plan Width": 24, "Plans": [{"Node Type": "Streaming(type: LOCAL GATHER dop: 1/16)", "Parent Relationship": "Outer", "Startup Cost": 0.0, "Total Cost": 160034.17, "Plan Rows": 4, "Plan Width": 24, "Plans": [{"Node Type": "Nested Loop", "Parent Relationship": "Outer", "Join Type": "Inner", "Startup Cost": 0.0, "Total Cost": 160034.08, "Plan Rows": 4, "Plan Width": 24, "Inner Unique": false, "Join Filter": "(ci.movie_id = mc.movie_id)", "Plans": [{"Node Type": "Seq Scan", "Parent Relationship": "Outer", "Relation Name": "movie_companies", "Alias": "mc", "Startup Cost": 0.0, "Total Cost": 18428.93, "Plan Rows": 297072, "Plan Width": 8, "Filter": "((note IS NOT NULL) AND (((note)::text ~~ '%(USA)%'::text) OR ((note)::text ~~ '%(worldwide)%'::text))), (LLVM Optimized)"}, {"Node Type": "Materialize", "Parent Relationship": "Inner", "Startup Cost": 0.0, "Total Cost": 138541.62, "Plan Rows": 176, "Plan Width": 16, "Plans": [{"Node Type": "Streaming(type: BROADCAST dop: 16/16)", "Parent Relationship": "Outer", "Startup Cost": 0.0, "Total Cost": 138541.57, "Plan Rows": 176, "Plan Width": 16, "Plans": [{"Node Type": "Nested Loop", "Parent Relationship": "Outer", "Join Type": "Inner", "Startup Cost": 0.0, "Total Cost": 123541.12, "Plan Rows": 11, "Plan Width": 16, "Inner Unique": true, "Join Filter": "(ci.person_id = n.id)", "Plans": [{"Node Type": "Nested Loop", "Parent Relationship": "Outer", "Join Type": "Inner", "Startup Cost": 0.0, "Total Cost": 79600.87, "Plan Rows": 75742, "Plan Width": 12, "Inner Unique": false, "Join Filter": "(ci.role_id = rt.id)", "Plans": [{"Node Type": "Streaming(type: BROADCAST dop: 16/1)", "Parent Relationship": "Outer", "Startup Cost": 0.0, "Total Cost": 15001.5, "Plan Rows": 16, "Plan Width": 4, "Plans": [{"Node Type": "Seq Scan", "Parent Relationship": "Outer", "Relation Name": "role_type", "Alias": "rt", "Startup Cost": 0.0, "Total Cost": 1.15, "Plan Rows": 1, "Plan Width": 4, "Filter": "((role)::text = 'actress'::text)"}]}, {"Node Type": "Seq Scan", "Parent Relationship": "Inner", "Relation Name": "cast_info", "Alias": "ci", "Startup Cost": 0.0, "Total Cost": 63948.46, "Plan Rows": 833163, "Plan Width": 16, "Filter": "((note)::text = ANY ('{(voice),\"(voice: Japanese version)\",\"(voice) (uncredited)\",\"(voice: English version)\"}'::text[]))"}]}, {"Node Type": "Materialize", "Parent Relationship": "Inner", "Startup Cost": 0.0, "Total Cost": 37123.71, "Plan Rows": 1536, "Plan Width": 4, "Plans": [{"Node Type": "Streaming(type: BROADCAST dop: 16/16)", "Parent Relationship": "Outer", "Startup Cost": 0.0, "Total Cost": 37123.23, "Plan Rows": 1536, "Plan Width": 4, "Plans": [{"Node Type": "Seq Scan", "Parent Relationship": "Outer", "Relation Name": "name", "Alias": "n", "Startup Cost": 0.0, "Total Cost": 22119.33, "Plan Rows": 96, "Plan Width": 4, "Filter": "(((name)::text ~~ '%Ang%'::text) AND ((gender)::text = 'f'::text))"}]}]}]}]}]}]}]}]}]}]}]}]}]}, {"Node Type": "Seq Scan", "Parent Relationship": "Inner", "Relation Name": "aka_name", "Alias": "an", "Startup Cost": 0.0, "Total Cost": 16244.28, "Plan Rows": 901342, "Plan Width": 20}]}]}, {"Node Type": "Seq Scan", "Parent Relationship": "Inner", "Relation Name": "title", "Alias": "t", "Startup Cost": 86.43, "Total Cost": 19544.42, "Plan Rows": 1109224, "Plan Width": 21, "Filter": "((production_year >= 2005) AND (production_year <= 2015)), (LLVM Optimized)"}]}]}]}]}, "Unique SQL Id": 3431223514, "Planner Runtime": 39}, "explain_analyze_plan": null}, "(16, 127)": {"explain_plan": {"Plan": {"Node Type": "Aggregate", "Strategy": "Plain", "Startup Cost": 8000201060142.55, "Total Cost": 8000201060142.56, "Plan Rows": 1, "Plan Width": 145, "Plans": [{"Node Type": "Nested Loop", "Parent Relationship": "Outer", "Join Type": "Inner", "Startup Cost": 80000000000.0, "Total Cost": 8000201060142.54, "Plan Rows": 1, "Plan Width": 49, "Inner Unique": false, "Join Filter": "(n.id = an.person_id)", "Plans": [{"Node Type": "Nested Loop", "Parent Relationship": "Outer", "Join Type": "Inner", "Startup Cost": 70000000000.0, "Total Cost": 7000201060108.87, "Plan Rows": 1, "Plan Width": 41, "Inner Unique": true, "Plans": [{"Node Type": "Nested Loop", "Parent Relationship": "Outer", "Join Type": "Inner", "Startup Cost": 60000000000.0, "Total Cost": 6000201060060.22, "Plan Rows": 1, "Plan Width": 32, "Inner Unique": true, "Join Filter": "(ci.person_role_id = chn.id)", "Plans": [{"Node Type": "Nested Loop", "Parent Relationship": "Outer", "Join Type": "Inner", "Startup Cost": 50000000000.0, "Total Cost": 5000187970453.73, "Plan Rows": 2, "Plan Width": 20, "Inner Unique": true, "Join Filter": "(mc.company_id = cn.id)", "Plans": [{"Node Type": "Nested Loop", "Parent Relationship": "Outer", "Join Type": "Inner", "Startup Cost": 40000000000.0, "Total Cost": 4000186914991.63, "Plan Rows": 4, "Plan Width": 24, "Inner Unique": false, "Join Filter": "(ci.movie_id = mc.movie_id)", "Plans": [{"Node Type": "Nested Loop", "Parent Relationship": "Outer", "Join Type": "Inner", "Startup Cost": 30000000000.0, "Total Cost": 3000173193318.09, "Plan Rows": 11, "Plan Width": 16, "Inner Unique": true, "Join Filter": "(ci.role_id = rt.id)", "Plans": [{"Node Type": "Nested Loop", "Parent Relationship": "Outer", "Join Type": "Inner", "Startup Cost": 20000000000.0, "Total Cost": 2000173192070.33, "Plan Rows": 117, "Plan Width": 20, "Inner Unique": false, "Join Filter": "(ci.person_id = n.id)", "Plans": [{"Node Type": "Index Scan", "Parent Relationship": "Outer", "Scan Direction": "Forward", "Index Name": "name_pkey", "Relation Name": "name", "Alias": "n", "Startup Cost": 10000000000.0, "Total Cost": 1000019707019.7, "Plan Rows": 96, "Plan Width": 4, "Filter": "(((name)::text ~~ '%Ang%'::text) AND ((gender)::text = 'f'::text))"}, {"Node Type": "Materialize", "Parent Relationship": "Inner", "Startup Cost": 10000000000.0, "Total Cost": 1000152287378.81, "Plan Rows": 833163, "Plan Width": 16, "Plans": [{"Node Type": "Index Scan", "Parent Relationship": "Outer", "Scan Direction": "Forward", "Index Name": "role_id_cast_info", "Relation Name": "cast_info", "Alias": "ci", "Startup Cost": 10000000000.0, "Total Cost": 1000152283213.0, "Plan Rows": 833163, "Plan Width": 16, "Filter": "((note)::text = ANY ('{(voice),\"(voice: Japanese version)\",\"(voice) (uncredited)\",\"(voice: English version)\"}'::text[]))"}]}]}, {"Node Type": "Materialize", "Parent Relationship": "Inner", "Startup Cost": 10000000000.0, "Total Cost": 1000000001246.0, "Plan Rows": 1, "Plan Width": 4, "Plans": [{"Node Type": "Index Scan", "Parent Relationship": "Outer", "Scan Direction": "Forward", "Index Name": "role_type_pkey", "Relation Name": "role_type", "Alias": "rt", "Startup Cost": 10000000000.0, "Total Cost": 1000000001246.0, "Plan Rows": 1, "Plan Width": 4, "Filter": "((role)::text = 'actress'::text)"}]}]}, {"Node Type": "Materialize", "Parent Relationship": "Inner", "Startup Cost": 10000000000.0, "Total Cost": 1000013673399.34, "Plan Rows": 297072, "Plan Width": 8, "Plans": [{"Node Type": "Index Scan", "Parent Relationship": "Outer", "Scan Direction": "Forward", "Index Name": "company_id_movie_companies", "Relation Name": "movie_companies", "Alias": "mc", "Startup Cost": 10000000000.0, "Total Cost": 1000013671913.98, "Plan Rows": 297072, "Plan Width": 8, "Filter": "((note IS NOT NULL) AND (((note)::text ~~ '%(USA)%'::text) OR ((note)::text ~~ '%(worldwide)%'::text))), (LLVM Optimized)"}]}]}, {"Node Type": "Materialize", "Parent Relationship": "Inner", "Startup Cost": 10000000000.0, "Total Cost": 1000001050564.82, "Plan Rows": 85170, "Plan Width": 4, "Plans": [{"Node Type": "Index Scan", "Parent Relationship": "Outer", "Scan Direction": "Forward", "Index Name": "company_name_pkey", "Relation Name": "company_name", "Alias": "cn", "Startup Cost": 10000000000.0, "Total Cost": 1000001050138.97, "Plan Rows": 85170, "Plan Width": 4, "Filter": "((country_code)::text = '[us]'::text)"}]}]}, {"Node Type": "Materialize", "Parent Relationship": "Inner", "Startup Cost": 10000000000.0, "Total Cost": 1000013003247.2, "Plan Rows": 3140338, "Plan Width": 20, "Plans": [{"Node Type": "Index Scan", "Parent Relationship": "Outer", "Scan Direction": "Forward", "Index Name": "char_name_pkey", "Relation Name": "char_name", "Alias": "chn", "Startup Cost": 10000000000.0, "Total Cost": 1000012987545.51, "Plan Rows": 3140338, "Plan Width": 20}]}]}, {"Node Type": "Index Scan", "Parent Relationship": "Inner", "Scan Direction": "Forward", "Index Name": "title_pkey", "Relation Name": "title", "Alias": "t", "Startup Cost": 10000000000.0, "Total Cost": 1000000000048.64, "Plan Rows": 1, "Plan Width": 21, "Index Cond": "(id = ci.movie_id)", "Filter": "((production_year >= 2005) AND (production_year <= 2015))"}]}, {"Node Type": "Index Scan", "Parent Relationship": "Inner", "Scan Direction": "Forward", "Index Name": "person_id_aka_name", "Relation Name": "aka_name", "Alias": "an", "Startup Cost": 10000000000.0, "Total Cost": 1000000000033.66, "Plan Rows": 1, "Plan Width": 20, "Index Cond": "(person_id = ci.person_id)"}]}]}, "Unique SQL Id": 3431223514, "Planner Runtime": 13}, "explain_analyze_plan": null}, "(64, 0)": {"explain_plan": {"Plan": {"Node Type": "Aggregate", "Strategy": "Plain", "Startup Cost": 65860.2, "Total Cost": 65860.21, "Plan Rows": 1, "Plan Width": 145, "Plans": [{"Node Type": "Nested Loop", "Parent Relationship": "Outer", "Join Type": "Inner", "Startup Cost": 0.0, "Total Cost": 65860.2, "Plan Rows": 1, "Plan Width": 49, "Inner Unique": true, "Plans": [{"Node Type": "Nested Loop", "Parent Relationship": "Outer", "Join Type": "Inner", "Startup Cost": 0.0, "Total Cost": 65859.7, "Plan Rows": 1, "Plan Width": 40, "Inner Unique": true, "Plans": [{"Node Type": "Nested Loop", "Parent Relationship": "Outer", "Join Type": "Inner", "Startup Cost": 0.0, "Total Cost": 65859.04, "Plan Rows": 2, "Plan Width": 44, "Inner Unique": true, "Plans": [{"Node Type": "Nested Loop", "Parent Relationship": "Outer", "Join Type": "Inner", "Startup Cost": 0.0, "Total Cost": 65856.5, "Plan Rows": 5, "Plan Width": 32, "Inner Unique": false, "Plans": [{"Node Type": "Nested Loop", "Parent Relationship": "Outer", "Join Type": "Inner", "Startup Cost": 0.0, "Total Cost": 65850.89, "Plan Rows": 13, "Plan Width": 24, "Inner Unique": false, "Join Filter": "(ci.role_id = rt.id)", "Plans": [{"Node Type": "Seq Scan", "Parent Relationship": "Outer", "Relation Name": "role_type", "Alias": "rt", "Startup Cost": 0.0, "Total Cost": 1.15, "Plan Rows": 1, "Plan Width": 4, "Filter": "((role)::text = 'actress'::text)"}, {"Node Type": "Materialize", "Parent Relationship": "Inner", "Startup Cost": 0.0, "Total Cost": 65848.33, "Plan Rows": 141, "Plan Width": 28, "Plans": [{"Node Type": "Nested Loop", "Parent Relationship": "Outer", "Join Type": "Inner", "Startup Cost": 0.0, "Total Cost": 65847.98, "Plan Rows": 141, "Plan Width": 28, "Inner Unique": false, "Join Filter": "(n.id = ci.person_id)", "Plans": [{"Node Type": "Nested Loop", "Parent Relationship": "Outer", "Join Type": "Inner", "Startup Cost": 0.0, "Total Cost": 65572.69, "Plan Rows": 115, "Plan Width": 24, "Inner Unique": false, "Plans": [{"Node Type": "Streaming(type: LOCAL GATHER dop: 1/64)", "Parent Relationship": "Outer", "Startup Cost": 0.0, "Total Cost": 64781.81, "Plan Rows": 96, "Plan Width": 4, "Plans": [{"Node Type": "Seq Scan", "Parent Relationship": "Outer", "Relation Name": "name", "Alias": "n", "Startup Cost": 0.0, "Total Cost": 64779.83, "Plan Rows": 96, "Plan Width": 4, "Filter": "(((name)::text ~~ '%Ang%'::text) AND ((gender)::text = 'f'::text))"}]}, {"Node Type": "Index Scan", "Parent Relationship": "Inner", "Scan Direction": "Forward", "Index Name": "person_id_aka_name", "Relation Name": "aka_name", "Alias": "an", "Startup Cost": 0.0, "Total Cost": 8.23, "Plan Rows": 1, "Plan Width": 20, "Index Cond": "(person_id = n.id)"}]}, {"Node Type": "Index Scan", "Parent Relationship": "Inner", "Scan Direction": "Forward", "Index Name": "person_id_cast_info", "Relation Name": "cast_info", "Alias": "ci", "Startup Cost": 0.0, "Total Cost": 2.38, "Plan Rows": 1, "Plan Width": 16, "Index Cond": "(person_id = an.person_id)", "Filter": "((note)::text = ANY ('{(voice),\"(voice: Japanese version)\",\"(voice) (uncredited)\",\"(voice: English version)\"}'::text[]))"}]}]}]}, {"Node Type": "Index Scan", "Parent Relationship": "Inner", "Scan Direction": "Forward", "Index Name": "movie_id_movie_companies", "Relation Name": "movie_companies", "Alias": "mc", "Startup Cost": 0.0, "Total Cost": 0.42, "Plan Rows": 1, "Plan Width": 8, "Index Cond": "(movie_id = ci.movie_id)", "Filter": "((note IS NOT NULL) AND (((note)::text ~~ '%(USA)%'::text) OR ((note)::text ~~ '%(worldwide)%'::text)))"}]}, {"Node Type": "Index Scan", "Parent Relationship": "Inner", "Scan Direction": "Forward", "Index Name": "char_name_pkey", "Relation Name": "char_name", "Alias": "chn", "Startup Cost": 0.0, "Total Cost": 0.5, "Plan Rows": 1, "Plan Width": 20, "Index Cond": "(id = ci.person_role_id)"}]}, {"Node Type": "Index Scan", "Parent Relationship": "Inner", "Scan Direction": "Forward", "Index Name": "company_name_pkey", "Relation Name": "company_name", "Alias": "cn", "Startup Cost": 0.0, "Total Cost": 0.32, "Plan Rows": 1, "Plan Width": 4, "Index Cond": "(id = mc.company_id)", "Filter": "((country_code)::text = '[us]'::text)"}]}, {"Node Type": "Index Scan", "Parent Relationship": "Inner", "Scan Direction": "Forward", "Index Name": "title_pkey", "Relation Name": "title", "Alias": "t", "Startup Cost": 0.0, "Total Cost": 0.49, "Plan Rows": 1, "Plan Width": 21, "Index Cond": "(id = ci.movie_id)", "Filter": "((production_year >= 2005) AND (production_year <= 2015))"}]}]}, "Unique SQL Id": 3431223514, "Planner Runtime": 113}, "explain_analyze_plan": {"Plan": {"Node Type": "Aggregate", "Strategy": "Plain", "Startup Cost": 65860.2, "Total Cost": 65860.21, "Plan Rows": 1, "Plan Width": 145, "Actual Min Startup Time": 239.728, "Actual Max Startup Time": 239.728, "Actual Min Total Time": 239.728, "Actual Max Total Time": 239.728, "Plans": [{"Node Type": "Nested Loop", "Parent Relationship": "Outer", "Join Type": "Inner", "Startup Cost": 0.0, "Total Cost": 65860.2, "Plan Rows": 1, "Plan Width": 49, "Actual Min Startup Time": 230.969, "Actual Max Startup Time": 230.969, "Actual Min Total Time": 239.574, "Actual Max Total Time": 239.574, "Inner Unique": true, "Plans": [{"Node Type": "Nested Loop", "Parent Relationship": "Outer", "Join Type": "Inner", "Startup Cost": 0.0, "Total Cost": 65859.7, "Plan Rows": 1, "Plan Width": 40, "Actual Min Startup Time": 229.85, "Actual Max Startup Time": 229.85, "Actual Min Total Time": 237.655, "Actual Max Total Time": 237.655, "Inner Unique": true, "Plans": [{"Node Type": "Nested Loop", "Parent Relationship": "Outer", "Join Type": "Inner", "Startup Cost": 0.0, "Total Cost": 65859.04, "Plan Rows": 2, "Plan Width": 44, "Actual Min Startup Time": 229.833, "Actual Max Startup Time": 229.833, "Actual Min Total Time": 235.992, "Actual Max Total Time": 235.992, "Inner Unique": true, "Plans": [{"Node Type": "Nested Loop", "Parent Relationship": "Outer", "Join Type": "Inner", "Startup Cost": 0.0, "Total Cost": 65856.5, "Plan Rows": 5, "Plan Width": 32, "Actual Min Startup Time": 229.816, "Actual Max Startup Time": 229.816, "Actual Min Total Time": 234.443, "Actual Max Total Time": 234.443, "Inner Unique": false, "Plans": [{"Node Type": "Nested Loop", "Parent Relationship": "Outer", "Join Type": "Inner", "Startup Cost": 0.0, "Total Cost": 65850.89, "Plan Rows": 13, "Plan Width": 24, "Actual Min Startup Time": 229.764, "Actual Max Startup Time": 229.764, "Actual Min Total Time": 230.027, "Actual Max Total Time": 230.027, "Inner Unique": false, "Join Filter": "(ci.role_id = rt.id)", "Rows Removed by Join Filter": 0, "Plans": [{"Node Type": "Seq Scan", "Parent Relationship": "Outer", "Relation Name": "role_type", "Alias": "rt", "Startup Cost": 0.0, "Total Cost": 1.15, "Plan Rows": 1, "Plan Width": 4, "Actual Min Startup Time": 0.022, "Actual Max Startup Time": 0.022, "Actual Min Total Time": 0.026, "Actual Max Total Time": 0.026, "Filter": "((role)::text = 'actress'::text)", "Rows Removed by Filter": 11, "Actual Rows": 1}, {"Node Type": "Materialize", "Parent Relationship": "Inner", "Startup Cost": 0.0, "Total Cost": 65848.33, "Plan Rows": 141, "Plan Width": 28, "Actual Min Startup Time": 229.729, "Actual Max Startup Time": 229.729, "Actual Min Total Time": 229.79, "Actual Max Total Time": 229.79, "Plans": [{"Node Type": "Nested Loop", "Parent Relationship": "Outer", "Join Type": "Inner", "Startup Cost": 0.0, "Total Cost": 65847.98, "Plan Rows": 141, "Plan Width": 28, "Actual Min Startup Time": 109.917, "Actual Max Startup Time": 109.917, "Actual Min Total Time": 229.534, "Actual Max Total Time": 229.534, "Inner Unique": false, "Join Filter": "(n.id = ci.person_id)", "Rows Removed by Join Filter": 0, "Plans": [{"Node Type": "Nested Loop", "Parent Relationship": "Outer", "Join Type": "Inner", "Startup Cost": 0.0, "Total Cost": 65572.69, "Plan Rows": 115, "Plan Width": 24, "Actual Min Startup Time": 108.509, "Actual Max Startup Time": 108.509, "Actual Min Total Time": 175.399, "Actual Max Total Time": 175.399, "Inner Unique": false, "Plans": [{"Node Type": "Streaming(type: LOCAL GATHER dop: 1/64)", "Parent Relationship": "Outer", "Startup Cost": 0.0, "Total Cost": 64781.81, "Plan Rows": 96, "Plan Width": 4, "Actual Min Startup Time": 108.441, "Actual Max Startup Time": 108.441, "Actual Min Total Time": 150.514, "Actual Max Total Time": 150.514, "Plans": [{"Node Type": "Seq Scan", "Parent Relationship": "Outer", "Relation Name": "name", "Alias": "n", "Startup Cost": 0.0, "Total Cost": 64779.83, "Plan Rows": 96, "Plan Width": 4, "Actual Min Startup Time": 9.418, "Actual Max Startup Time": 13.998, "Actual Min Total Time": 25.419, "Actual Max Total Time": 30.544, "Filter": "(((name)::text ~~ '%Ang%'::text) AND ((gender)::text = 'f'::text))", "Rows Removed by Filter": 4160722, "Actual Rows": 6768}], "Actual Rows": 6768}, {"Node Type": "Index Scan", "Parent Relationship": "Inner", "Scan Direction": "Forward", "Index Name": "person_id_aka_name", "Relation Name": "aka_name", "Alias": "an", "Startup Cost": 0.0, "Total Cost": 8.23, "Plan Rows": 1, "Plan Width": 20, "Actual Min Startup Time": 20.591, "Actual Max Startup Time": 20.591, "Actual Min Total Time": 21.474, "Actual Max Total Time": 21.474, "Index Cond": "(person_id = n.id)", "Rows Removed by Index Recheck": 0, "Actual Rows": 1558}], "Actual Rows": 1558}, {"Node Type": "Index Scan", "Parent Relationship": "Inner", "Scan Direction": "Forward", "Index Name": "person_id_cast_info", "Relation Name": "cast_info", "Alias": "ci", "Startup Cost": 0.0, "Total Cost": 2.38, "Plan Rows": 1, "Plan Width": 16, "Actual Min Startup Time": 48.17, "Actual Max Startup Time": 48.17, "Actual Min Total Time": 53.195, "Actual Max Total Time": 53.195, "Index Cond": "(person_id = an.person_id)", "Rows Removed by Index Recheck": 0, "Filter": "((note)::text = ANY ('{(voice),\"(voice: Japanese version)\",\"(voice) (uncredited)\",\"(voice: English version)\"}'::text[]))", "Rows Removed by Filter": 69057, "Actual Rows": 425}], "Actual Rows": 425}], "Actual Rows": 426}], "Actual Rows": 425}, {"Node Type": "Index Scan", "Parent Relationship": "Inner", "Scan Direction": "Forward", "Index Name": "movie_id_movie_companies", "Relation Name": "movie_companies", "Alias": "mc", "Startup Cost": 0.0, "Total Cost": 0.42, "Plan Rows": 1, "Plan Width": 8, "Actual Min Startup Time": 2.892, "Actual Max Startup Time": 2.892, "Actual Min Total Time": 4.105, "Actual Max Total Time": 4.105, "Index Cond": "(movie_id = ci.movie_id)", "Rows Removed by Index Recheck": 0, "Filter": "((note IS NOT NULL) AND (((note)::text ~~ '%(USA)%'::text) OR ((note)::text ~~ '%(worldwide)%'::text)))", "Rows Removed by Filter": 1538, "Actual Rows": 373}], "Actual Rows": 373}, {"Node Type": "Index Scan", "Parent Relationship": "Inner", "Scan Direction": "Forward", "Index Name": "char_name_pkey", "Relation Name": "char_name", "Alias": "chn", "Startup Cost": 0.0, "Total Cost": 0.5, "Plan Rows": 1, "Plan Width": 20, "Actual Min Startup Time": 1.255, "Actual Max Startup Time": 1.255, "Actual Min Total Time": 1.255, "Actual Max Total Time": 1.255, "Index Cond": "(id = ci.person_role_id)", "Rows Removed by Index Recheck": 0, "Actual Rows": 348}], "Actual Rows": 348}, {"Node Type": "Index Scan", "Parent Relationship": "Inner", "Scan Direction": "Forward", "Index Name": "company_name_pkey", "Relation Name": "company_name", "Alias": "cn", "Startup Cost": 0.0, "Total Cost": 0.32, "Plan Rows": 1, "Plan Width": 4, "Actual Min Startup Time": 1.398, "Actual Max Startup Time": 1.398, "Actual Min Total Time": 1.398, "Actual Max Total Time": 1.398, "Index Cond": "(id = mc.company_id)", "Rows Removed by Index Recheck": 0, "Filter": "((country_code)::text = '[us]'::text)", "Rows Removed by Filter": 7, "Actual Rows": 341}], "Actual Rows": 341}, {"Node Type": "Index Scan", "Parent Relationship": "Inner", "Scan Direction": "Forward", "Index Name": "title_pkey", "Relation Name": "title", "Alias": "t", "Startup Cost": 0.0, "Total Cost": 0.49, "Plan Rows": 1, "Plan Width": 21, "Actual Min Startup Time": 1.689, "Actual Max Startup Time": 1.689, "Actual Min Total Time": 1.689, "Actual Max Total Time": 1.689, "Index Cond": "(id = ci.movie_id)", "Rows Removed by Index Recheck": 0, "Filter": "((production_year >= 2005) AND (production_year <= 2015))", "Rows Removed by Filter": 220, "Actual Rows": 121}], "Actual Rows": 121}], "Actual Rows": 1}, "Triggers": [], "Planner Runtime": 67, "Total Runtime": 251.757, "Unique SQL Id": 3431223514}}, "(64, 1)": {"explain_plan": {"Plan": {"Node Type": "Aggregate", "Strategy": "Plain", "Startup Cost": 198159.35, "Total Cost": 198159.36, "Plan Rows": 1, "Plan Width": 145, "Plans": [{"Node Type": "Nested Loop", "Parent Relationship": "Outer", "Join Type": "Inner", "Startup Cost": 0.0, "Total Cost": 198159.35, "Plan Rows": 1, "Plan Width": 49, "Inner Unique": true, "Plans": [{"Node Type": "Nested Loop", "Parent Relationship": "Outer", "Join Type": "Inner", "Startup Cost": 0.0, "Total Cost": 198158.85, "Plan Rows": 1, "Plan Width": 40, "Inner Unique": true, "Plans": [{"Node Type": "Nested Loop", "Parent Relationship": "Outer", "Join Type": "Inner", "Startup Cost": 0.0, "Total Cost": 198157.83, "Plan Rows": 2, "Plan Width": 28, "Inner Unique": true, "Plans": [{"Node Type": "Nested Loop", "Parent Relationship": "Outer", "Join Type": "Inner", "Startup Cost": 0.0, "Total Cost": 198156.19, "Plan Rows": 5, "Plan Width": 32, "Inner Unique": false, "Plans": [{"Node Type": "Nested Loop", "Parent Relationship": "Outer", "Join Type": "Inner", "Startup Cost": 0.0, "Total Cost": 198150.58, "Plan Rows": 13, "Plan Width": 24, "Inner Unique": false, "Join Filter": "(ci.role_id = rt.id)", "Plans": [{"Node Type": "Index Scan", "Parent Relationship": "Outer", "Scan Direction": "Forward", "Index Name": "role_type_pkey", "Relation Name": "role_type", "Alias": "rt", "Startup Cost": 0.0, "Total Cost": 12.46, "Plan Rows": 1, "Plan Width": 4, "Filter": "((role)::text = 'actress'::text)"}, {"Node Type": "Nested Loop", "Parent Relationship": "Inner", "Join Type": "Inner", "Startup Cost": 0.0, "Total Cost": 198136.36, "Plan Rows": 141, "Plan Width": 28, "Inner Unique": false, "Join Filter": "(n.id = ci.person_id)", "Plans": [{"Node Type": "Nested Loop", "Parent Relationship": "Outer", "Join Type": "Inner", "Startup Cost": 0.0, "Total Cost": 197861.08, "Plan Rows": 115, "Plan Width": 24, "Inner Unique": false, "Plans": [{"Node Type": "Index Scan", "Parent Relationship": "Outer", "Scan Direction": "Forward", "Index Name": "name_pkey", "Relation Name": "name", "Alias": "n", "Startup Cost": 0.0, "Total Cost": 197070.2, "Plan Rows": 96, "Plan Width": 4, "Filter": "(((name)::text ~~ '%Ang%'::text) AND ((gender)::text = 'f'::text))"}, {"Node Type": "Index Scan", "Parent Relationship": "Inner", "Scan Direction": "Forward", "Index Name": "person_id_aka_name", "Relation Name": "aka_name", "Alias": "an", "Startup Cost": 0.0, "Total Cost": 8.23, "Plan Rows": 1, "Plan Width": 20, "Index Cond": "(person_id = n.id)"}]}, {"Node Type": "Index Scan", "Parent Relationship": "Inner", "Scan Direction": "Forward", "Index Name": "person_id_cast_info", "Relation Name": "cast_info", "Alias": "ci", "Startup Cost": 0.0, "Total Cost": 2.38, "Plan Rows": 1, "Plan Width": 16, "Index Cond": "(person_id = an.person_id)", "Filter": "((note)::text = ANY ('{(voice),\"(voice: Japanese version)\",\"(voice) (uncredited)\",\"(voice: English version)\"}'::text[]))"}]}]}, {"Node Type": "Index Scan", "Parent Relationship": "Inner", "Scan Direction": "Forward", "Index Name": "movie_id_movie_companies", "Relation Name": "movie_companies", "Alias": "mc", "Startup Cost": 0.0, "Total Cost": 0.42, "Plan Rows": 1, "Plan Width": 8, "Index Cond": "(movie_id = ci.movie_id)", "Filter": "((note IS NOT NULL) AND (((note)::text ~~ '%(USA)%'::text) OR ((note)::text ~~ '%(worldwide)%'::text)))"}]}, {"Node Type": "Index Scan", "Parent Relationship": "Inner", "Scan Direction": "Forward", "Index Name": "company_name_pkey", "Relation Name": "company_name", "Alias": "cn", "Startup Cost": 0.0, "Total Cost": 0.32, "Plan Rows": 1, "Plan Width": 4, "Index Cond": "(id = mc.company_id)", "Filter": "((country_code)::text = '[us]'::text)"}]}, {"Node Type": "Index Scan", "Parent Relationship": "Inner", "Scan Direction": "Forward", "Index Name": "char_name_pkey", "Relation Name": "char_name", "Alias": "chn", "Startup Cost": 0.0, "Total Cost": 0.5, "Plan Rows": 1, "Plan Width": 20, "Index Cond": "(id = ci.person_role_id)"}]}, {"Node Type": "Index Scan", "Parent Relationship": "Inner", "Scan Direction": "Forward", "Index Name": "title_pkey", "Relation Name": "title", "Alias": "t", "Startup Cost": 0.0, "Total Cost": 0.49, "Plan Rows": 1, "Plan Width": 21, "Index Cond": "(id = ci.movie_id)", "Filter": "((production_year >= 2005) AND (production_year <= 2015))"}]}]}, "Unique SQL Id": 3431223514, "Planner Runtime": 90}, "explain_analyze_plan": null}, "(64, 2)": {"explain_plan": {"Plan": {"Node Type": "Aggregate", "Strategy": "Plain", "Startup Cost": 66284.39, "Total Cost": 66284.4, "Plan Rows": 1, "Plan Width": 145, "Plans": [{"Node Type": "Nested Loop", "Parent Relationship": "Outer", "Join Type": "Inner", "Startup Cost": 6.41, "Total Cost": 66284.37, "Plan Rows": 2, "Plan Width": 49, "Inner Unique": true, "Plans": [{"Node Type": "Nested Loop", "Parent Relationship": "Outer", "Join Type": "Inner", "Startup Cost": 6.11, "Total Cost": 66275.71, "Plan Rows": 2, "Plan Width": 40, "Inner Unique": true, "Plans": [{"Node Type": "Nested Loop", "Parent Relationship": "Outer", "Join Type": "Inner", "Startup Cost": 5.85, "Total Cost": 66267.14, "Plan Rows": 2, "Plan Width": 44, "Inner Unique": true, "Plans": [{"Node Type": "Nested Loop", "Parent Relationship": "Outer", "Join Type": "Inner", "Startup Cost": 5.53, "Total Cost": 66245.46, "Plan Rows": 5, "Plan Width": 32, "Inner Unique": false, "Plans": [{"Node Type": "Nested Loop", "Parent Relationship": "Outer", "Join Type": "Inner", "Startup Cost": 5.22, "Total Cost": 66188.82, "Plan Rows": 13, "Plan Width": 24, "Inner Unique": false, "Join Filter": "(ci.role_id = rt.id)", "Plans": [{"Node Type": "Seq Scan", "Parent Relationship": "Outer", "Relation Name": "role_type", "Alias": "rt", "Startup Cost": 0.0, "Total Cost": 1.15, "Plan Rows": 1, "Plan Width": 4, "Filter": "((role)::text = 'actress'::text)"}, {"Node Type": "Materialize", "Parent Relationship": "Inner", "Startup Cost": 5.22, "Total Cost": 66186.26, "Plan Rows": 141, "Plan Width": 28, "Plans": [{"Node Type": "Nested Loop", "Parent Relationship": "Outer", "Join Type": "Inner", "Startup Cost": 5.22, "Total Cost": 66185.91, "Plan Rows": 141, "Plan Width": 28, "Inner Unique": false, "Join Filter": "(n.id = ci.person_id)", "Plans": [{"Node Type": "Nested Loop", "Parent Relationship": "Outer", "Join Type": "Inner", "Startup Cost": 4.22, "Total Cost": 65572.72, "Plan Rows": 115, "Plan Width": 24, "Inner Unique": false, "Plans": [{"Node Type": "Streaming(type: LOCAL GATHER dop: 1/64)", "Parent Relationship": "Outer", "Startup Cost": 0.0, "Total Cost": 64781.81, "Plan Rows": 96, "Plan Width": 4, "Plans": [{"Node Type": "Seq Scan", "Parent Relationship": "Outer", "Relation Name": "name", "Alias": "n", "Startup Cost": 0.0, "Total Cost": 64779.83, "Plan Rows": 96, "Plan Width": 4, "Filter": "(((name)::text ~~ '%Ang%'::text) AND ((gender)::text = 'f'::text))"}]}, {"Node Type": "Bitmap Heap Scan", "Parent Relationship": "Inner", "Relation Name": "aka_name", "Alias": "an", "Startup Cost": 4.22, "Total Cost": 8.23, "Plan Rows": 1, "Plan Width": 20, "Recheck Cond": "(person_id = n.id)", "Plans": [{"Node Type": "Bitmap Index Scan", "Parent Relationship": "Outer", "Index Name": "person_id_aka_name", "Startup Cost": 0.0, "Total Cost": 4.22, "Plan Rows": 1, "Plan Width": 0, "Index Cond": "(person_id = n.id)"}]}]}, {"Node Type": "Bitmap Heap Scan", "Parent Relationship": "Inner", "Relation Name": "cast_info", "Alias": "ci", "Startup Cost": 1.0, "Total Cost": 5.32, "Plan Rows": 1, "Plan Width": 16, "Recheck Cond": "(person_id = an.person_id)", "Filter": "((note)::text = ANY ('{(voice),\"(voice: Japanese version)\",\"(voice) (uncredited)\",\"(voice: English version)\"}'::text[]))", "Plans": [{"Node Type": "Bitmap Index Scan", "Parent Relationship": "Outer", "Index Name": "person_id_cast_info", "Startup Cost": 0.0, "Total Cost": 1.0, "Plan Rows": 18, "Plan Width": 0, "Index Cond": "(person_id = an.person_id)"}]}]}]}]}, {"Node Type": "Bitmap Heap Scan", "Parent Relationship": "Inner", "Relation Name": "movie_companies", "Alias": "mc", "Startup Cost": 0.31, "Total Cost": 4.35, "Plan Rows": 1, "Plan Width": 8, "Recheck Cond": "(movie_id = ci.movie_id)", "Filter": "((note IS NOT NULL) AND (((note)::text ~~ '%(USA)%'::text) OR ((note)::text ~~ '%(worldwide)%'::text)))", "Plans": [{"Node Type": "Bitmap Index Scan", "Parent Relationship": "Outer", "Index Name": "movie_id_movie_companies", "Startup Cost": 0.0, "Total Cost": 0.31, "Plan Rows": 2, "Plan Width": 0, "Index Cond": "(movie_id = ci.movie_id)"}]}]}, {"Node Type": "Bitmap Heap Scan", "Parent Relationship": "Inner", "Relation Name": "char_name", "Alias": "chn", "Startup Cost": 0.31, "Total Cost": 4.33, "Plan Rows": 1, "Plan Width": 20, "Recheck Cond": "(id = ci.person_role_id)", "Plans": [{"Node Type": "Bitmap Index Scan", "Parent Relationship": "Outer", "Index Name": "char_name_pkey", "Startup Cost": 0.0, "Total Cost": 0.31, "Plan Rows": 1, "Plan Width": 0, "Index Cond": "(id = ci.person_role_id)"}]}]}, {"Node Type": "Bitmap Heap Scan", "Parent Relationship": "Inner", "Relation Name": "company_name", "Alias": "cn", "Startup Cost": 0.26, "Total Cost": 4.28, "Plan Rows": 1, "Plan Width": 4, "Recheck Cond": "(id = mc.company_id)", "Filter": "((country_code)::text = '[us]'::text)", "Plans": [{"Node Type": "Bitmap Index Scan", "Parent Relationship": "Outer", "Index Name": "company_name_pkey", "Startup Cost": 0.0, "Total Cost": 0.26, "Plan Rows": 1, "Plan Width": 0, "Index Cond": "(id = mc.company_id)"}]}]}, {"Node Type": "Bitmap Heap Scan", "Parent Relationship": "Inner", "Relation Name": "title", "Alias": "t", "Startup Cost": 0.3, "Total Cost": 4.32, "Plan Rows": 1, "Plan Width": 21, "Recheck Cond": "(id = ci.movie_id)", "Filter": "((production_year >= 2005) AND (production_year <= 2015))", "Plans": [{"Node Type": "Bitmap Index Scan", "Parent Relationship": "Outer", "Index Name": "title_pkey", "Startup Cost": 0.0, "Total Cost": 0.3, "Plan Rows": 1, "Plan Width": 0, "Index Cond": "(id = ci.movie_id)"}]}]}]}, "Unique SQL Id": 3431223514, "Planner Runtime": 154}, "explain_analyze_plan": {"Plan": {"Node Type": "Aggregate", "Strategy": "Plain", "Startup Cost": 66284.39, "Total Cost": 66284.4, "Plan Rows": 1, "Plan Width": 145, "Actual Min Startup Time": 251.018, "Actual Max Startup Time": 251.018, "Actual Min Total Time": 251.018, "Actual Max Total Time": 251.018, "Plans": [{"Node Type": "Nested Loop", "Parent Relationship": "Outer", "Join Type": "Inner", "Startup Cost": 6.41, "Total Cost": 66284.37, "Plan Rows": 2, "Plan Width": 49, "Actual Min Startup Time": 239.129, "Actual Max Startup Time": 239.129, "Actual Min Total Time": 250.853, "Actual Max Total Time": 250.853, "Inner Unique": true, "Plans": [{"Node Type": "Nested Loop", "Parent Relationship": "Outer", "Join Type": "Inner", "Startup Cost": 6.11, "Total Cost": 66275.71, "Plan Rows": 2, "Plan Width": 40, "Actual Min Startup Time": 238.187, "Actual Max Startup Time": 238.187, "Actual Min Total Time": 248.39, "Actual Max Total Time": 248.39, "Inner Unique": true, "Plans": [{"Node Type": "Nested Loop", "Parent Relationship": "Outer", "Join Type": "Inner", "Startup Cost": 5.85, "Total Cost": 66267.14, "Plan Rows": 2, "Plan Width": 44, "Actual Min Startup Time": 238.165, "Actual Max Startup Time": 238.165, "Actual Min Total Time": 246.11, "Actual Max Total Time": 246.11, "Inner Unique": true, "Plans": [{"Node Type": "Nested Loop", "Parent Relationship": "Outer", "Join Type": "Inner", "Startup Cost": 5.53, "Total Cost": 66245.46, "Plan Rows": 5, "Plan Width": 32, "Actual Min Startup Time": 238.136, "Actual Max Startup Time": 238.136, "Actual Min Total Time": 243.921, "Actual Max Total Time": 243.921, "Inner Unique": false, "Plans": [{"Node Type": "Nested Loop", "Parent Relationship": "Outer", "Join Type": "Inner", "Startup Cost": 5.22, "Total Cost": 66188.82, "Plan Rows": 13, "Plan Width": 24, "Actual Min Startup Time": 238.104, "Actual Max Startup Time": 238.104, "Actual Min Total Time": 238.402, "Actual Max Total Time": 238.402, "Inner Unique": false, "Join Filter": "(ci.role_id = rt.id)", "Rows Removed by Join Filter": 0, "Plans": [{"Node Type": "Seq Scan", "Parent Relationship": "Outer", "Relation Name": "role_type", "Alias": "rt", "Startup Cost": 0.0, "Total Cost": 1.15, "Plan Rows": 1, "Plan Width": 4, "Actual Min Startup Time": 0.021, "Actual Max Startup Time": 0.021, "Actual Min Total Time": 0.026, "Actual Max Total Time": 0.026, "Filter": "((role)::text = 'actress'::text)", "Rows Removed by Filter": 11, "Actual Rows": 1}, {"Node Type": "Materialize", "Parent Relationship": "Inner", "Startup Cost": 5.22, "Total Cost": 66186.26, "Plan Rows": 141, "Plan Width": 28, "Actual Min Startup Time": 238.072, "Actual Max Startup Time": 238.072, "Actual Min Total Time": 238.153, "Actual Max Total Time": 238.153, "Plans": [{"Node Type": "Nested Loop", "Parent Relationship": "Outer", "Join Type": "Inner", "Startup Cost": 5.22, "Total Cost": 66185.91, "Plan Rows": 141, "Plan Width": 28, "Actual Min Startup Time": 125.309, "Actual Max Startup Time": 125.309, "Actual Min Total Time": 237.852, "Actual Max Total Time": 237.852, "Inner Unique": false, "Join Filter": "(n.id = ci.person_id)", "Rows Removed by Join Filter": 0, "Plans": [{"Node Type": "Nested Loop", "Parent Relationship": "Outer", "Join Type": "Inner", "Startup Cost": 4.22, "Total Cost": 65572.72, "Plan Rows": 115, "Plan Width": 24, "Actual Min Startup Time": 111.461, "Actual Max Startup Time": 111.461, "Actual Min Total Time": 183.403, "Actual Max Total Time": 183.403, "Inner Unique": false, "Plans": [{"Node Type": "Streaming(type: LOCAL GATHER dop: 1/64)", "Parent Relationship": "Outer", "Startup Cost": 0.0, "Total Cost": 64781.81, "Plan Rows": 96, "Plan Width": 4, "Actual Min Startup Time": 111.341, "Actual Max Startup Time": 111.341, "Actual Min Total Time": 150.027, "Actual Max Total Time": 150.027, "Plans": [{"Node Type": "Seq Scan", "Parent Relationship": "Outer", "Relation Name": "name", "Alias": "n", "Startup Cost": 0.0, "Total Cost": 64779.83, "Plan Rows": 96, "Plan Width": 4, "Actual Min Startup Time": 9.503, "Actual Max Startup Time": 22.228, "Actual Min Total Time": 25.407, "Actual Max Total Time": 43.146, "Filter": "(((name)::text ~~ '%Ang%'::text) AND ((gender)::text = 'f'::text))", "Rows Removed by Filter": 4160722, "Actual Rows": 6768}], "Actual Rows": 6768}, {"Node Type": "Bitmap Heap Scan", "Parent Relationship": "Inner", "Relation Name": "aka_name", "Alias": "an", "Startup Cost": 4.22, "Total Cost": 8.23, "Plan Rows": 1, "Plan Width": 20, "Actual Min Startup Time": 25.289, "Actual Max Startup Time": 25.289, "Actual Min Total Time": 25.872, "Actual Max Total Time": 25.872, "Recheck Cond": "(person_id = n.id)", "Rows Removed by Index Recheck": 0, "Exact Heap Blocks": 1014, "Lossy Heap Blocks": 1014, "Plans": [{"Node Type": "Bitmap Index Scan", "Parent Relationship": "Outer", "Index Name": "person_id_aka_name", "Startup Cost": 0.0, "Total Cost": 4.22, "Plan Rows": 1, "Plan Width": 0, "Actual Min Startup Time": 19.521, "Actual Max Startup Time": 19.521, "Actual Min Total Time": 19.521, "Actual Max Total Time": 19.521, "Index Cond": "(person_id = n.id)", "Actual Rows": 1558}], "Actual Rows": 1558}], "Actual Rows": 1558}, {"Node Type": "Bitmap Heap Scan", "Parent Relationship": "Inner", "Relation Name": "cast_info", "Alias": "ci", "Startup Cost": 1.0, "Total Cost": 5.32, "Plan Rows": 1, "Plan Width": 16, "Actual Min Startup Time": 49.133, "Actual Max Startup Time": 49.133, "Actual Min Total Time": 52.368, "Actual Max Total Time": 52.368, "Recheck Cond": "(person_id = an.person_id)", "Rows Removed by Index Recheck": 0, "Filter": "((note)::text = ANY ('{(voice),\"(voice: Japanese version)\",\"(voice) (uncredited)\",\"(voice: English version)\"}'::text[]))", "Rows Removed by Filter": 69057, "Exact Heap Blocks": 2627, "Lossy Heap Blocks": 2627, "Plans": [{"Node Type": "Bitmap Index Scan", "Parent Relationship": "Outer", "Index Name": "person_id_cast_info", "Startup Cost": 0.0, "Total Cost": 1.0, "Plan Rows": 18, "Plan Width": 0, "Actual Min Startup Time": 15.987, "Actual Max Startup Time": 15.987, "Actual Min Total Time": 15.987, "Actual Max Total Time": 15.987, "Index Cond": "(person_id = an.person_id)", "Actual Rows": 69482}], "Actual Rows": 425}], "Actual Rows": 425}], "Actual Rows": 426}], "Actual Rows": 425}, {"Node Type": "Bitmap Heap Scan", "Parent Relationship": "Inner", "Relation Name": "movie_companies", "Alias": "mc", "Startup Cost": 0.31, "Total Cost": 4.35, "Plan Rows": 1, "Plan Width": 8, "Actual Min Startup Time": 3.907, "Actual Max Startup Time": 3.907, "Actual Min Total Time": 4.913, "Actual Max Total Time": 4.913, "Recheck Cond": "(movie_id = ci.movie_id)", "Rows Removed by Index Recheck": 0, "Filter": "((note IS NOT NULL) AND (((note)::text ~~ '%(USA)%'::text) OR ((note)::text ~~ '%(worldwide)%'::text)))", "Rows Removed by Filter": 1538, "Exact Heap Blocks": 580, "Lossy Heap Blocks": 580, "Plans": [{"Node Type": "Bitmap Index Scan", "Parent Relationship": "Outer", "Index Name": "movie_id_movie_companies", "Startup Cost": 0.0, "Total Cost": 0.31, "Plan Rows": 2, "Plan Width": 0, "Actual Min Startup Time": 2.055, "Actual Max Startup Time": 2.055, "Actual Min Total Time": 2.055, "Actual Max Total Time": 2.055, "Index Cond": "(movie_id = ci.movie_id)", "Actual Rows": 1911}], "Actual Rows": 373}], "Actual Rows": 373}, {"Node Type": "Bitmap Heap Scan", "Parent Relationship": "Inner", "Relation Name": "char_name", "Alias": "chn", "Startup Cost": 0.31, "Total Cost": 4.33, "Plan Rows": 1, "Plan Width": 20, "Actual Min Startup Time": 1.667, "Actual Max Startup Time": 1.667, "Actual Min Total Time": 1.667, "Actual Max Total Time": 1.667, "Recheck Cond": "(id = ci.person_role_id)", "Rows Removed by Index Recheck": 0, "Exact Heap Blocks": 348, "Lossy Heap Blocks": 348, "Plans": [{"Node Type": "Bitmap Index Scan", "Parent Relationship": "Outer", "Index Name": "char_name_pkey", "Startup Cost": 0.0, "Total Cost": 0.31, "Plan Rows": 1, "Plan Width": 0, "Actual Min Startup Time": 1.076, "Actual Max Startup Time": 1.076, "Actual Min Total Time": 1.076, "Actual Max Total Time": 1.076, "Index Cond": "(id = ci.person_role_id)", "Actual Rows": 348}], "Actual Rows": 348}], "Actual Rows": 348}, {"Node Type": "Bitmap Heap Scan", "Parent Relationship": "Inner", "Relation Name": "company_name", "Alias": "cn", "Startup Cost": 0.26, "Total Cost": 4.28, "Plan Rows": 1, "Plan Width": 4, "Actual Min Startup Time": 1.819, "Actual Max Startup Time": 1.819, "Actual Min Total Time": 1.819, "Actual Max Total Time": 1.819, "Recheck Cond": "(id = mc.company_id)", "Rows Removed by Index Recheck": 0, "Filter": "((country_code)::text = '[us]'::text)", "Rows Removed by Filter": 7, "Exact Heap Blocks": 348, "Lossy Heap Blocks": 348, "Plans": [{"Node Type": "Bitmap Index Scan", "Parent Relationship": "Outer", "Index Name": "company_name_pkey", "Startup Cost": 0.0, "Total Cost": 0.26, "Plan Rows": 1, "Plan Width": 0, "Actual Min Startup Time": 1.0, "Actual Max Startup Time": 1.0, "Actual Min Total Time": 1.0, "Actual Max Total Time": 1.0, "Index Cond": "(id = mc.company_id)", "Actual Rows": 348}], "Actual Rows": 341}], "Actual Rows": 341}, {"Node Type": "Bitmap Heap Scan", "Parent Relationship": "Inner", "Relation Name": "title", "Alias": "t", "Startup Cost": 0.3, "Total Cost": 4.32, "Plan Rows": 1, "Plan Width": 21, "Actual Min Startup Time": 2.04, "Actual Max Startup Time": 2.04, "Actual Min Total Time": 2.04, "Actual Max Total Time": 2.04, "Recheck Cond": "(id = ci.movie_id)", "Rows Removed by Index Recheck": 0, "Filter": "((production_year >= 2005) AND (production_year <= 2015))", "Rows Removed by Filter": 220, "Exact Heap Blocks": 341, "Lossy Heap Blocks": 341, "Plans": [{"Node Type": "Bitmap Index Scan", "Parent Relationship": "Outer", "Index Name": "title_pkey", "Startup Cost": 0.0, "Total Cost": 0.3, "Plan Rows": 1, "Plan Width": 0, "Actual Min Startup Time": 1.203, "Actual Max Startup Time": 1.203, "Actual Min Total Time": 1.203, "Actual Max Total Time": 1.203, "Index Cond": "(id = ci.movie_id)", "Actual Rows": 341}], "Actual Rows": 121}], "Actual Rows": 121}], "Actual Rows": 1}, "Triggers": [], "Planner Runtime": 119, "Total Runtime": 263.936, "Unique SQL Id": 3431223514}}, "(64, 3)": {"explain_plan": {"Plan": {"Node Type": "Aggregate", "Strategy": "Plain", "Startup Cost": 199170.6, "Total Cost": 199170.61, "Plan Rows": 1, "Plan Width": 145, "Plans": [{"Node Type": "Nested Loop", "Parent Relationship": "Outer", "Join Type": "Inner", "Startup Cost": 83164.39, "Total Cost": 199170.59, "Plan Rows": 2, "Plan Width": 49, "Inner Unique": true, "Plans": [{"Node Type": "Nested Loop", "Parent Relationship": "Outer", "Join Type": "Inner", "Startup Cost": 83164.09, "Total Cost": 199161.93, "Plan Rows": 2, "Plan Width": 40, "Inner Unique": true, "Plans": [{"Node Type": "Nested Loop", "Parent Relationship": "Outer", "Join Type": "Inner", "Startup Cost": 83163.83, "Total Cost": 199153.35, "Plan Rows": 2, "Plan Width": 44, "Inner Unique": true, "Plans": [{"Node Type": "Nested Loop", "Parent Relationship": "Outer", "Join Type": "Inner", "Startup Cost": 83163.51, "Total Cost": 199131.67, "Plan Rows": 5, "Plan Width": 32, "Inner Unique": false, "Plans": [{"Node Type": "Nested Loop", "Parent Relationship": "Outer", "Join Type": "Inner", "Startup Cost": 83163.2, "Total Cost": 199075.04, "Plan Rows": 13, "Plan Width": 24, "Inner Unique": true, "Plans": [{"Node Type": "Nested Loop", "Parent Relationship": "Outer", "Join Type": "Inner", "Startup Cost": 83162.94, "Total Cost": 198471.17, "Plan Rows": 141, "Plan Width": 28, "Inner Unique": false, "Join Filter": "(n.id = ci.person_id)", "Plans": [{"Node Type": "Nested Loop", "Parent Relationship": "Outer", "Join Type": "Inner", "Startup Cost": 83161.94, "Total Cost": 197857.98, "Plan Rows": 115, "Plan Width": 24, "Inner Unique": false, "Plans": [{"Node Type": "Bitmap Heap Scan", "Parent Relationship": "Outer", "Relation Name": "name", "Alias": "n", "Startup Cost": 83157.72, "Total Cost": 197067.07, "Plan Rows": 96, "Plan Width": 4, "Filter": "(((name)::text ~~ '%Ang%'::text) AND ((gender)::text = 'f'::text))", "Plans": [{"Node Type": "Bitmap Index Scan", "Parent Relationship": "Outer", "Index Name": "name_pkey", "Startup Cost": 0.0, "Total Cost": 83157.7, "Plan Rows": 4167490, "Plan Width": 0}]}, {"Node Type": "Bitmap Heap Scan", "Parent Relationship": "Inner", "Relation Name": "aka_name", "Alias": "an", "Startup Cost": 4.22, "Total Cost": 8.23, "Plan Rows": 1, "Plan Width": 20, "Recheck Cond": "(person_id = n.id)", "Plans": [{"Node Type": "Bitmap Index Scan", "Parent Relationship": "Outer", "Index Name": "person_id_aka_name", "Startup Cost": 0.0, "Total Cost": 4.22, "Plan Rows": 1, "Plan Width": 0, "Index Cond": "(person_id = n.id)"}]}]}, {"Node Type": "Bitmap Heap Scan", "Parent Relationship": "Inner", "Relation Name": "cast_info", "Alias": "ci", "Startup Cost": 1.0, "Total Cost": 5.32, "Plan Rows": 1, "Plan Width": 16, "Recheck Cond": "(person_id = an.person_id)", "Filter": "((note)::text = ANY ('{(voice),\"(voice: Japanese version)\",\"(voice) (uncredited)\",\"(voice: English version)\"}'::text[]))", "Plans": [{"Node Type": "Bitmap Index Scan", "Parent Relationship": "Outer", "Index Name": "person_id_cast_info", "Startup Cost": 0.0, "Total Cost": 1.0, "Plan Rows": 18, "Plan Width": 0, "Index Cond": "(person_id = an.person_id)"}]}]}, {"Node Type": "Bitmap Heap Scan", "Parent Relationship": "Inner", "Relation Name": "role_type", "Alias": "rt", "Startup Cost": 0.26, "Total Cost": 4.27, "Plan Rows": 1, "Plan Width": 4, "Recheck Cond": "(id = ci.role_id)", "Filter": "((role)::text = 'actress'::text)", "Plans": [{"Node Type": "Bitmap Index Scan", "Parent Relationship": "Outer", "Index Name": "role_type_pkey", "Startup Cost": 0.0, "Total Cost": 0.26, "Plan Rows": 1, "Plan Width": 0, "Index Cond": "(id = ci.role_id)"}]}]}, {"Node Type": "Bitmap Heap Scan", "Parent Relationship": "Inner", "Relation Name": "movie_companies", "Alias": "mc", "Startup Cost": 0.31, "Total Cost": 4.35, "Plan Rows": 1, "Plan Width": 8, "Recheck Cond": "(movie_id = ci.movie_id)", "Filter": "((note IS NOT NULL) AND (((note)::text ~~ '%(USA)%'::text) OR ((note)::text ~~ '%(worldwide)%'::text)))", "Plans": [{"Node Type": "Bitmap Index Scan", "Parent Relationship": "Outer", "Index Name": "movie_id_movie_companies", "Startup Cost": 0.0, "Total Cost": 0.31, "Plan Rows": 2, "Plan Width": 0, "Index Cond": "(movie_id = ci.movie_id)"}]}]}, {"Node Type": "Bitmap Heap Scan", "Parent Relationship": "Inner", "Relation Name": "char_name", "Alias": "chn", "Startup Cost": 0.31, "Total Cost": 4.33, "Plan Rows": 1, "Plan Width": 20, "Recheck Cond": "(id = ci.person_role_id)", "Plans": [{"Node Type": "Bitmap Index Scan", "Parent Relationship": "Outer", "Index Name": "char_name_pkey", "Startup Cost": 0.0, "Total Cost": 0.31, "Plan Rows": 1, "Plan Width": 0, "Index Cond": "(id = ci.person_role_id)"}]}]}, {"Node Type": "Bitmap Heap Scan", "Parent Relationship": "Inner", "Relation Name": "company_name", "Alias": "cn", "Startup Cost": 0.26, "Total Cost": 4.28, "Plan Rows": 1, "Plan Width": 4, "Recheck Cond": "(id = mc.company_id)", "Filter": "((country_code)::text = '[us]'::text)", "Plans": [{"Node Type": "Bitmap Index Scan", "Parent Relationship": "Outer", "Index Name": "company_name_pkey", "Startup Cost": 0.0, "Total Cost": 0.26, "Plan Rows": 1, "Plan Width": 0, "Index Cond": "(id = mc.company_id)"}]}]}, {"Node Type": "Bitmap Heap Scan", "Parent Relationship": "Inner", "Relation Name": "title", "Alias": "t", "Startup Cost": 0.3, "Total Cost": 4.32, "Plan Rows": 1, "Plan Width": 21, "Recheck Cond": "(id = ci.movie_id)", "Filter": "((production_year >= 2005) AND (production_year <= 2015))", "Plans": [{"Node Type": "Bitmap Index Scan", "Parent Relationship": "Outer", "Index Name": "title_pkey", "Startup Cost": 0.0, "Total Cost": 0.3, "Plan Rows": 1, "Plan Width": 0, "Index Cond": "(id = ci.movie_id)"}]}]}]}, "Unique SQL Id": 3431223514, "Planner Runtime": 89}, "explain_analyze_plan": null}, "(64, 4)": {"explain_plan": {"Plan": {"Node Type": "Aggregate", "Strategy": "Plain", "Startup Cost": 65860.2, "Total Cost": 65860.21, "Plan Rows": 1, "Plan Width": 145, "Plans": [{"Node Type": "Nested Loop", "Parent Relationship": "Outer", "Join Type": "Inner", "Startup Cost": 0.0, "Total Cost": 65860.2, "Plan Rows": 1, "Plan Width": 49, "Inner Unique": true, "Plans": [{"Node Type": "Nested Loop", "Parent Relationship": "Outer", "Join Type": "Inner", "Startup Cost": 0.0, "Total Cost": 65859.7, "Plan Rows": 1, "Plan Width": 40, "Inner Unique": true, "Plans": [{"Node Type": "Nested Loop", "Parent Relationship": "Outer", "Join Type": "Inner", "Startup Cost": 0.0, "Total Cost": 65859.04, "Plan Rows": 2, "Plan Width": 44, "Inner Unique": true, "Plans": [{"Node Type": "Nested Loop", "Parent Relationship": "Outer", "Join Type": "Inner", "Startup Cost": 0.0, "Total Cost": 65856.5, "Plan Rows": 5, "Plan Width": 32, "Inner Unique": false, "Plans": [{"Node Type": "Nested Loop", "Parent Relationship": "Outer", "Join Type": "Inner", "Startup Cost": 0.0, "Total Cost": 65850.89, "Plan Rows": 13, "Plan Width": 24, "Inner Unique": false, "Join Filter": "(ci.role_id = rt.id)", "Plans": [{"Node Type": "Seq Scan", "Parent Relationship": "Outer", "Relation Name": "role_type", "Alias": "rt", "Startup Cost": 0.0, "Total Cost": 1.15, "Plan Rows": 1, "Plan Width": 4, "Filter": "((role)::text = 'actress'::text)"}, {"Node Type": "Materialize", "Parent Relationship": "Inner", "Startup Cost": 0.0, "Total Cost": 65848.33, "Plan Rows": 141, "Plan Width": 28, "Plans": [{"Node Type": "Nested Loop", "Parent Relationship": "Outer", "Join Type": "Inner", "Startup Cost": 0.0, "Total Cost": 65847.98, "Plan Rows": 141, "Plan Width": 28, "Inner Unique": false, "Join Filter": "(n.id = ci.person_id)", "Plans": [{"Node Type": "Nested Loop", "Parent Relationship": "Outer", "Join Type": "Inner", "Startup Cost": 0.0, "Total Cost": 65572.69, "Plan Rows": 115, "Plan Width": 24, "Inner Unique": false, "Plans": [{"Node Type": "Streaming(type: LOCAL GATHER dop: 1/64)", "Parent Relationship": "Outer", "Startup Cost": 0.0, "Total Cost": 64781.81, "Plan Rows": 96, "Plan Width": 4, "Plans": [{"Node Type": "Seq Scan", "Parent Relationship": "Outer", "Relation Name": "name", "Alias": "n", "Startup Cost": 0.0, "Total Cost": 64779.83, "Plan Rows": 96, "Plan Width": 4, "Filter": "(((name)::text ~~ '%Ang%'::text) AND ((gender)::text = 'f'::text))"}]}, {"Node Type": "Index Scan", "Parent Relationship": "Inner", "Scan Direction": "Forward", "Index Name": "person_id_aka_name", "Relation Name": "aka_name", "Alias": "an", "Startup Cost": 0.0, "Total Cost": 8.23, "Plan Rows": 1, "Plan Width": 20, "Index Cond": "(person_id = n.id)"}]}, {"Node Type": "Index Scan", "Parent Relationship": "Inner", "Scan Direction": "Forward", "Index Name": "person_id_cast_info", "Relation Name": "cast_info", "Alias": "ci", "Startup Cost": 0.0, "Total Cost": 2.38, "Plan Rows": 1, "Plan Width": 16, "Index Cond": "(person_id = an.person_id)", "Filter": "((note)::text = ANY ('{(voice),\"(voice: Japanese version)\",\"(voice) (uncredited)\",\"(voice: English version)\"}'::text[]))"}]}]}]}, {"Node Type": "Index Scan", "Parent Relationship": "Inner", "Scan Direction": "Forward", "Index Name": "movie_id_movie_companies", "Relation Name": "movie_companies", "Alias": "mc", "Startup Cost": 0.0, "Total Cost": 0.42, "Plan Rows": 1, "Plan Width": 8, "Index Cond": "(movie_id = ci.movie_id)", "Filter": "((note IS NOT NULL) AND (((note)::text ~~ '%(USA)%'::text) OR ((note)::text ~~ '%(worldwide)%'::text)))"}]}, {"Node Type": "Index Scan", "Parent Relationship": "Inner", "Scan Direction": "Forward", "Index Name": "char_name_pkey", "Relation Name": "char_name", "Alias": "chn", "Startup Cost": 0.0, "Total Cost": 0.5, "Plan Rows": 1, "Plan Width": 20, "Index Cond": "(id = ci.person_role_id)"}]}, {"Node Type": "Index Scan", "Parent Relationship": "Inner", "Scan Direction": "Forward", "Index Name": "company_name_pkey", "Relation Name": "company_name", "Alias": "cn", "Startup Cost": 0.0, "Total Cost": 0.32, "Plan Rows": 1, "Plan Width": 4, "Index Cond": "(id = mc.company_id)", "Filter": "((country_code)::text = '[us]'::text)"}]}, {"Node Type": "Index Scan", "Parent Relationship": "Inner", "Scan Direction": "Forward", "Index Name": "title_pkey", "Relation Name": "title", "Alias": "t", "Startup Cost": 0.0, "Total Cost": 0.49, "Plan Rows": 1, "Plan Width": 21, "Index Cond": "(id = ci.movie_id)", "Filter": "((production_year >= 2005) AND (production_year <= 2015))"}]}]}, "Unique SQL Id": 3431223514, "Planner Runtime": 112}, "explain_analyze_plan": {"Plan": {"Node Type": "Aggregate", "Strategy": "Plain", "Startup Cost": 65860.2, "Total Cost": 65860.21, "Plan Rows": 1, "Plan Width": 145, "Actual Min Startup Time": 239.728, "Actual Max Startup Time": 239.728, "Actual Min Total Time": 239.728, "Actual Max Total Time": 239.728, "Plans": [{"Node Type": "Nested Loop", "Parent Relationship": "Outer", "Join Type": "Inner", "Startup Cost": 0.0, "Total Cost": 65860.2, "Plan Rows": 1, "Plan Width": 49, "Actual Min Startup Time": 230.969, "Actual Max Startup Time": 230.969, "Actual Min Total Time": 239.574, "Actual Max Total Time": 239.574, "Inner Unique": true, "Plans": [{"Node Type": "Nested Loop", "Parent Relationship": "Outer", "Join Type": "Inner", "Startup Cost": 0.0, "Total Cost": 65859.7, "Plan Rows": 1, "Plan Width": 40, "Actual Min Startup Time": 229.85, "Actual Max Startup Time": 229.85, "Actual Min Total Time": 237.655, "Actual Max Total Time": 237.655, "Inner Unique": true, "Plans": [{"Node Type": "Nested Loop", "Parent Relationship": "Outer", "Join Type": "Inner", "Startup Cost": 0.0, "Total Cost": 65859.04, "Plan Rows": 2, "Plan Width": 44, "Actual Min Startup Time": 229.833, "Actual Max Startup Time": 229.833, "Actual Min Total Time": 235.992, "Actual Max Total Time": 235.992, "Inner Unique": true, "Plans": [{"Node Type": "Nested Loop", "Parent Relationship": "Outer", "Join Type": "Inner", "Startup Cost": 0.0, "Total Cost": 65856.5, "Plan Rows": 5, "Plan Width": 32, "Actual Min Startup Time": 229.816, "Actual Max Startup Time": 229.816, "Actual Min Total Time": 234.443, "Actual Max Total Time": 234.443, "Inner Unique": false, "Plans": [{"Node Type": "Nested Loop", "Parent Relationship": "Outer", "Join Type": "Inner", "Startup Cost": 0.0, "Total Cost": 65850.89, "Plan Rows": 13, "Plan Width": 24, "Actual Min Startup Time": 229.764, "Actual Max Startup Time": 229.764, "Actual Min Total Time": 230.027, "Actual Max Total Time": 230.027, "Inner Unique": false, "Join Filter": "(ci.role_id = rt.id)", "Rows Removed by Join Filter": 0, "Plans": [{"Node Type": "Seq Scan", "Parent Relationship": "Outer", "Relation Name": "role_type", "Alias": "rt", "Startup Cost": 0.0, "Total Cost": 1.15, "Plan Rows": 1, "Plan Width": 4, "Actual Min Startup Time": 0.022, "Actual Max Startup Time": 0.022, "Actual Min Total Time": 0.026, "Actual Max Total Time": 0.026, "Filter": "((role)::text = 'actress'::text)", "Rows Removed by Filter": 11, "Actual Rows": 1}, {"Node Type": "Materialize", "Parent Relationship": "Inner", "Startup Cost": 0.0, "Total Cost": 65848.33, "Plan Rows": 141, "Plan Width": 28, "Actual Min Startup Time": 229.729, "Actual Max Startup Time": 229.729, "Actual Min Total Time": 229.79, "Actual Max Total Time": 229.79, "Plans": [{"Node Type": "Nested Loop", "Parent Relationship": "Outer", "Join Type": "Inner", "Startup Cost": 0.0, "Total Cost": 65847.98, "Plan Rows": 141, "Plan Width": 28, "Actual Min Startup Time": 109.917, "Actual Max Startup Time": 109.917, "Actual Min Total Time": 229.534, "Actual Max Total Time": 229.534, "Inner Unique": false, "Join Filter": "(n.id = ci.person_id)", "Rows Removed by Join Filter": 0, "Plans": [{"Node Type": "Nested Loop", "Parent Relationship": "Outer", "Join Type": "Inner", "Startup Cost": 0.0, "Total Cost": 65572.69, "Plan Rows": 115, "Plan Width": 24, "Actual Min Startup Time": 108.509, "Actual Max Startup Time": 108.509, "Actual Min Total Time": 175.399, "Actual Max Total Time": 175.399, "Inner Unique": false, "Plans": [{"Node Type": "Streaming(type: LOCAL GATHER dop: 1/64)", "Parent Relationship": "Outer", "Startup Cost": 0.0, "Total Cost": 64781.81, "Plan Rows": 96, "Plan Width": 4, "Actual Min Startup Time": 108.441, "Actual Max Startup Time": 108.441, "Actual Min Total Time": 150.514, "Actual Max Total Time": 150.514, "Plans": [{"Node Type": "Seq Scan", "Parent Relationship": "Outer", "Relation Name": "name", "Alias": "n", "Startup Cost": 0.0, "Total Cost": 64779.83, "Plan Rows": 96, "Plan Width": 4, "Actual Min Startup Time": 9.418, "Actual Max Startup Time": 13.998, "Actual Min Total Time": 25.419, "Actual Max Total Time": 30.544, "Filter": "(((name)::text ~~ '%Ang%'::text) AND ((gender)::text = 'f'::text))", "Rows Removed by Filter": 4160722, "Actual Rows": 6768}], "Actual Rows": 6768}, {"Node Type": "Index Scan", "Parent Relationship": "Inner", "Scan Direction": "Forward", "Index Name": "person_id_aka_name", "Relation Name": "aka_name", "Alias": "an", "Startup Cost": 0.0, "Total Cost": 8.23, "Plan Rows": 1, "Plan Width": 20, "Actual Min Startup Time": 20.591, "Actual Max Startup Time": 20.591, "Actual Min Total Time": 21.474, "Actual Max Total Time": 21.474, "Index Cond": "(person_id = n.id)", "Rows Removed by Index Recheck": 0, "Actual Rows": 1558}], "Actual Rows": 1558}, {"Node Type": "Index Scan", "Parent Relationship": "Inner", "Scan Direction": "Forward", "Index Name": "person_id_cast_info", "Relation Name": "cast_info", "Alias": "ci", "Startup Cost": 0.0, "Total Cost": 2.38, "Plan Rows": 1, "Plan Width": 16, "Actual Min Startup Time": 48.17, "Actual Max Startup Time": 48.17, "Actual Min Total Time": 53.195, "Actual Max Total Time": 53.195, "Index Cond": "(person_id = an.person_id)", "Rows Removed by Index Recheck": 0, "Filter": "((note)::text = ANY ('{(voice),\"(voice: Japanese version)\",\"(voice) (uncredited)\",\"(voice: English version)\"}'::text[]))", "Rows Removed by Filter": 69057, "Actual Rows": 425}], "Actual Rows": 425}], "Actual Rows": 426}], "Actual Rows": 425}, {"Node Type": "Index Scan", "Parent Relationship": "Inner", "Scan Direction": "Forward", "Index Name": "movie_id_movie_companies", "Relation Name": "movie_companies", "Alias": "mc", "Startup Cost": 0.0, "Total Cost": 0.42, "Plan Rows": 1, "Plan Width": 8, "Actual Min Startup Time": 2.892, "Actual Max Startup Time": 2.892, "Actual Min Total Time": 4.105, "Actual Max Total Time": 4.105, "Index Cond": "(movie_id = ci.movie_id)", "Rows Removed by Index Recheck": 0, "Filter": "((note IS NOT NULL) AND (((note)::text ~~ '%(USA)%'::text) OR ((note)::text ~~ '%(worldwide)%'::text)))", "Rows Removed by Filter": 1538, "Actual Rows": 373}], "Actual Rows": 373}, {"Node Type": "Index Scan", "Parent Relationship": "Inner", "Scan Direction": "Forward", "Index Name": "char_name_pkey", "Relation Name": "char_name", "Alias": "chn", "Startup Cost": 0.0, "Total Cost": 0.5, "Plan Rows": 1, "Plan Width": 20, "Actual Min Startup Time": 1.255, "Actual Max Startup Time": 1.255, "Actual Min Total Time": 1.255, "Actual Max Total Time": 1.255, "Index Cond": "(id = ci.person_role_id)", "Rows Removed by Index Recheck": 0, "Actual Rows": 348}], "Actual Rows": 348}, {"Node Type": "Index Scan", "Parent Relationship": "Inner", "Scan Direction": "Forward", "Index Name": "company_name_pkey", "Relation Name": "company_name", "Alias": "cn", "Startup Cost": 0.0, "Total Cost": 0.32, "Plan Rows": 1, "Plan Width": 4, "Actual Min Startup Time": 1.398, "Actual Max Startup Time": 1.398, "Actual Min Total Time": 1.398, "Actual Max Total Time": 1.398, "Index Cond": "(id = mc.company_id)", "Rows Removed by Index Recheck": 0, "Filter": "((country_code)::text = '[us]'::text)", "Rows Removed by Filter": 7, "Actual Rows": 341}], "Actual Rows": 341}, {"Node Type": "Index Scan", "Parent Relationship": "Inner", "Scan Direction": "Forward", "Index Name": "title_pkey", "Relation Name": "title", "Alias": "t", "Startup Cost": 0.0, "Total Cost": 0.49, "Plan Rows": 1, "Plan Width": 21, "Actual Min Startup Time": 1.689, "Actual Max Startup Time": 1.689, "Actual Min Total Time": 1.689, "Actual Max Total Time": 1.689, "Index Cond": "(id = ci.movie_id)", "Rows Removed by Index Recheck": 0, "Filter": "((production_year >= 2005) AND (production_year <= 2015))", "Rows Removed by Filter": 220, "Actual Rows": 121}], "Actual Rows": 121}], "Actual Rows": 1}, "Triggers": [], "Planner Runtime": 67, "Total Runtime": 251.757, "Unique SQL Id": 3431223514}}, "(64, 5)": {"explain_plan": {"Plan": {"Node Type": "Aggregate", "Strategy": "Plain", "Startup Cost": 198159.35, "Total Cost": 198159.36, "Plan Rows": 1, "Plan Width": 145, "Plans": [{"Node Type": "Nested Loop", "Parent Relationship": "Outer", "Join Type": "Inner", "Startup Cost": 0.0, "Total Cost": 198159.35, "Plan Rows": 1, "Plan Width": 49, "Inner Unique": true, "Plans": [{"Node Type": "Nested Loop", "Parent Relationship": "Outer", "Join Type": "Inner", "Startup Cost": 0.0, "Total Cost": 198158.85, "Plan Rows": 1, "Plan Width": 40, "Inner Unique": true, "Plans": [{"Node Type": "Nested Loop", "Parent Relationship": "Outer", "Join Type": "Inner", "Startup Cost": 0.0, "Total Cost": 198157.83, "Plan Rows": 2, "Plan Width": 28, "Inner Unique": true, "Plans": [{"Node Type": "Nested Loop", "Parent Relationship": "Outer", "Join Type": "Inner", "Startup Cost": 0.0, "Total Cost": 198156.19, "Plan Rows": 5, "Plan Width": 32, "Inner Unique": false, "Plans": [{"Node Type": "Nested Loop", "Parent Relationship": "Outer", "Join Type": "Inner", "Startup Cost": 0.0, "Total Cost": 198150.58, "Plan Rows": 13, "Plan Width": 24, "Inner Unique": false, "Join Filter": "(ci.role_id = rt.id)", "Plans": [{"Node Type": "Index Scan", "Parent Relationship": "Outer", "Scan Direction": "Forward", "Index Name": "role_type_pkey", "Relation Name": "role_type", "Alias": "rt", "Startup Cost": 0.0, "Total Cost": 12.46, "Plan Rows": 1, "Plan Width": 4, "Filter": "((role)::text = 'actress'::text)"}, {"Node Type": "Nested Loop", "Parent Relationship": "Inner", "Join Type": "Inner", "Startup Cost": 0.0, "Total Cost": 198136.36, "Plan Rows": 141, "Plan Width": 28, "Inner Unique": false, "Join Filter": "(n.id = ci.person_id)", "Plans": [{"Node Type": "Nested Loop", "Parent Relationship": "Outer", "Join Type": "Inner", "Startup Cost": 0.0, "Total Cost": 197861.08, "Plan Rows": 115, "Plan Width": 24, "Inner Unique": false, "Plans": [{"Node Type": "Index Scan", "Parent Relationship": "Outer", "Scan Direction": "Forward", "Index Name": "name_pkey", "Relation Name": "name", "Alias": "n", "Startup Cost": 0.0, "Total Cost": 197070.2, "Plan Rows": 96, "Plan Width": 4, "Filter": "(((name)::text ~~ '%Ang%'::text) AND ((gender)::text = 'f'::text))"}, {"Node Type": "Index Scan", "Parent Relationship": "Inner", "Scan Direction": "Forward", "Index Name": "person_id_aka_name", "Relation Name": "aka_name", "Alias": "an", "Startup Cost": 0.0, "Total Cost": 8.23, "Plan Rows": 1, "Plan Width": 20, "Index Cond": "(person_id = n.id)"}]}, {"Node Type": "Index Scan", "Parent Relationship": "Inner", "Scan Direction": "Forward", "Index Name": "person_id_cast_info", "Relation Name": "cast_info", "Alias": "ci", "Startup Cost": 0.0, "Total Cost": 2.38, "Plan Rows": 1, "Plan Width": 16, "Index Cond": "(person_id = an.person_id)", "Filter": "((note)::text = ANY ('{(voice),\"(voice: Japanese version)\",\"(voice) (uncredited)\",\"(voice: English version)\"}'::text[]))"}]}]}, {"Node Type": "Index Scan", "Parent Relationship": "Inner", "Scan Direction": "Forward", "Index Name": "movie_id_movie_companies", "Relation Name": "movie_companies", "Alias": "mc", "Startup Cost": 0.0, "Total Cost": 0.42, "Plan Rows": 1, "Plan Width": 8, "Index Cond": "(movie_id = ci.movie_id)", "Filter": "((note IS NOT NULL) AND (((note)::text ~~ '%(USA)%'::text) OR ((note)::text ~~ '%(worldwide)%'::text)))"}]}, {"Node Type": "Index Scan", "Parent Relationship": "Inner", "Scan Direction": "Forward", "Index Name": "company_name_pkey", "Relation Name": "company_name", "Alias": "cn", "Startup Cost": 0.0, "Total Cost": 0.32, "Plan Rows": 1, "Plan Width": 4, "Index Cond": "(id = mc.company_id)", "Filter": "((country_code)::text = '[us]'::text)"}]}, {"Node Type": "Index Scan", "Parent Relationship": "Inner", "Scan Direction": "Forward", "Index Name": "char_name_pkey", "Relation Name": "char_name", "Alias": "chn", "Startup Cost": 0.0, "Total Cost": 0.5, "Plan Rows": 1, "Plan Width": 20, "Index Cond": "(id = ci.person_role_id)"}]}, {"Node Type": "Index Scan", "Parent Relationship": "Inner", "Scan Direction": "Forward", "Index Name": "title_pkey", "Relation Name": "title", "Alias": "t", "Startup Cost": 0.0, "Total Cost": 0.49, "Plan Rows": 1, "Plan Width": 21, "Index Cond": "(id = ci.movie_id)", "Filter": "((production_year >= 2005) AND (production_year <= 2015))"}]}]}, "Unique SQL Id": 3431223514, "Planner Runtime": 89}, "explain_analyze_plan": null}, "(64, 6)": {"explain_plan": {"Plan": {"Node Type": "Aggregate", "Strategy": "Plain", "Startup Cost": 66284.39, "Total Cost": 66284.4, "Plan Rows": 1, "Plan Width": 145, "Plans": [{"Node Type": "Nested Loop", "Parent Relationship": "Outer", "Join Type": "Inner", "Startup Cost": 6.41, "Total Cost": 66284.37, "Plan Rows": 2, "Plan Width": 49, "Inner Unique": true, "Plans": [{"Node Type": "Nested Loop", "Parent Relationship": "Outer", "Join Type": "Inner", "Startup Cost": 6.11, "Total Cost": 66275.71, "Plan Rows": 2, "Plan Width": 40, "Inner Unique": true, "Plans": [{"Node Type": "Nested Loop", "Parent Relationship": "Outer", "Join Type": "Inner", "Startup Cost": 5.85, "Total Cost": 66267.14, "Plan Rows": 2, "Plan Width": 44, "Inner Unique": true, "Plans": [{"Node Type": "Nested Loop", "Parent Relationship": "Outer", "Join Type": "Inner", "Startup Cost": 5.53, "Total Cost": 66245.46, "Plan Rows": 5, "Plan Width": 32, "Inner Unique": false, "Plans": [{"Node Type": "Nested Loop", "Parent Relationship": "Outer", "Join Type": "Inner", "Startup Cost": 5.22, "Total Cost": 66188.82, "Plan Rows": 13, "Plan Width": 24, "Inner Unique": false, "Join Filter": "(ci.role_id = rt.id)", "Plans": [{"Node Type": "Seq Scan", "Parent Relationship": "Outer", "Relation Name": "role_type", "Alias": "rt", "Startup Cost": 0.0, "Total Cost": 1.15, "Plan Rows": 1, "Plan Width": 4, "Filter": "((role)::text = 'actress'::text)"}, {"Node Type": "Materialize", "Parent Relationship": "Inner", "Startup Cost": 5.22, "Total Cost": 66186.26, "Plan Rows": 141, "Plan Width": 28, "Plans": [{"Node Type": "Nested Loop", "Parent Relationship": "Outer", "Join Type": "Inner", "Startup Cost": 5.22, "Total Cost": 66185.91, "Plan Rows": 141, "Plan Width": 28, "Inner Unique": false, "Join Filter": "(n.id = ci.person_id)", "Plans": [{"Node Type": "Nested Loop", "Parent Relationship": "Outer", "Join Type": "Inner", "Startup Cost": 4.22, "Total Cost": 65572.72, "Plan Rows": 115, "Plan Width": 24, "Inner Unique": false, "Plans": [{"Node Type": "Streaming(type: LOCAL GATHER dop: 1/64)", "Parent Relationship": "Outer", "Startup Cost": 0.0, "Total Cost": 64781.81, "Plan Rows": 96, "Plan Width": 4, "Plans": [{"Node Type": "Seq Scan", "Parent Relationship": "Outer", "Relation Name": "name", "Alias": "n", "Startup Cost": 0.0, "Total Cost": 64779.83, "Plan Rows": 96, "Plan Width": 4, "Filter": "(((name)::text ~~ '%Ang%'::text) AND ((gender)::text = 'f'::text))"}]}, {"Node Type": "Bitmap Heap Scan", "Parent Relationship": "Inner", "Relation Name": "aka_name", "Alias": "an", "Startup Cost": 4.22, "Total Cost": 8.23, "Plan Rows": 1, "Plan Width": 20, "Recheck Cond": "(person_id = n.id)", "Plans": [{"Node Type": "Bitmap Index Scan", "Parent Relationship": "Outer", "Index Name": "person_id_aka_name", "Startup Cost": 0.0, "Total Cost": 4.22, "Plan Rows": 1, "Plan Width": 0, "Index Cond": "(person_id = n.id)"}]}]}, {"Node Type": "Bitmap Heap Scan", "Parent Relationship": "Inner", "Relation Name": "cast_info", "Alias": "ci", "Startup Cost": 1.0, "Total Cost": 5.32, "Plan Rows": 1, "Plan Width": 16, "Recheck Cond": "(person_id = an.person_id)", "Filter": "((note)::text = ANY ('{(voice),\"(voice: Japanese version)\",\"(voice) (uncredited)\",\"(voice: English version)\"}'::text[]))", "Plans": [{"Node Type": "Bitmap Index Scan", "Parent Relationship": "Outer", "Index Name": "person_id_cast_info", "Startup Cost": 0.0, "Total Cost": 1.0, "Plan Rows": 18, "Plan Width": 0, "Index Cond": "(person_id = an.person_id)"}]}]}]}]}, {"Node Type": "Bitmap Heap Scan", "Parent Relationship": "Inner", "Relation Name": "movie_companies", "Alias": "mc", "Startup Cost": 0.31, "Total Cost": 4.35, "Plan Rows": 1, "Plan Width": 8, "Recheck Cond": "(movie_id = ci.movie_id)", "Filter": "((note IS NOT NULL) AND (((note)::text ~~ '%(USA)%'::text) OR ((note)::text ~~ '%(worldwide)%'::text)))", "Plans": [{"Node Type": "Bitmap Index Scan", "Parent Relationship": "Outer", "Index Name": "movie_id_movie_companies", "Startup Cost": 0.0, "Total Cost": 0.31, "Plan Rows": 2, "Plan Width": 0, "Index Cond": "(movie_id = ci.movie_id)"}]}]}, {"Node Type": "Bitmap Heap Scan", "Parent Relationship": "Inner", "Relation Name": "char_name", "Alias": "chn", "Startup Cost": 0.31, "Total Cost": 4.33, "Plan Rows": 1, "Plan Width": 20, "Recheck Cond": "(id = ci.person_role_id)", "Plans": [{"Node Type": "Bitmap Index Scan", "Parent Relationship": "Outer", "Index Name": "char_name_pkey", "Startup Cost": 0.0, "Total Cost": 0.31, "Plan Rows": 1, "Plan Width": 0, "Index Cond": "(id = ci.person_role_id)"}]}]}, {"Node Type": "Bitmap Heap Scan", "Parent Relationship": "Inner", "Relation Name": "company_name", "Alias": "cn", "Startup Cost": 0.26, "Total Cost": 4.28, "Plan Rows": 1, "Plan Width": 4, "Recheck Cond": "(id = mc.company_id)", "Filter": "((country_code)::text = '[us]'::text)", "Plans": [{"Node Type": "Bitmap Index Scan", "Parent Relationship": "Outer", "Index Name": "company_name_pkey", "Startup Cost": 0.0, "Total Cost": 0.26, "Plan Rows": 1, "Plan Width": 0, "Index Cond": "(id = mc.company_id)"}]}]}, {"Node Type": "Bitmap Heap Scan", "Parent Relationship": "Inner", "Relation Name": "title", "Alias": "t", "Startup Cost": 0.3, "Total Cost": 4.32, "Plan Rows": 1, "Plan Width": 21, "Recheck Cond": "(id = ci.movie_id)", "Filter": "((production_year >= 2005) AND (production_year <= 2015))", "Plans": [{"Node Type": "Bitmap Index Scan", "Parent Relationship": "Outer", "Index Name": "title_pkey", "Startup Cost": 0.0, "Total Cost": 0.3, "Plan Rows": 1, "Plan Width": 0, "Index Cond": "(id = ci.movie_id)"}]}]}]}, "Unique SQL Id": 3431223514, "Planner Runtime": 153}, "explain_analyze_plan": {"Plan": {"Node Type": "Aggregate", "Strategy": "Plain", "Startup Cost": 66284.39, "Total Cost": 66284.4, "Plan Rows": 1, "Plan Width": 145, "Actual Min Startup Time": 251.018, "Actual Max Startup Time": 251.018, "Actual Min Total Time": 251.018, "Actual Max Total Time": 251.018, "Plans": [{"Node Type": "Nested Loop", "Parent Relationship": "Outer", "Join Type": "Inner", "Startup Cost": 6.41, "Total Cost": 66284.37, "Plan Rows": 2, "Plan Width": 49, "Actual Min Startup Time": 239.129, "Actual Max Startup Time": 239.129, "Actual Min Total Time": 250.853, "Actual Max Total Time": 250.853, "Inner Unique": true, "Plans": [{"Node Type": "Nested Loop", "Parent Relationship": "Outer", "Join Type": "Inner", "Startup Cost": 6.11, "Total Cost": 66275.71, "Plan Rows": 2, "Plan Width": 40, "Actual Min Startup Time": 238.187, "Actual Max Startup Time": 238.187, "Actual Min Total Time": 248.39, "Actual Max Total Time": 248.39, "Inner Unique": true, "Plans": [{"Node Type": "Nested Loop", "Parent Relationship": "Outer", "Join Type": "Inner", "Startup Cost": 5.85, "Total Cost": 66267.14, "Plan Rows": 2, "Plan Width": 44, "Actual Min Startup Time": 238.165, "Actual Max Startup Time": 238.165, "Actual Min Total Time": 246.11, "Actual Max Total Time": 246.11, "Inner Unique": true, "Plans": [{"Node Type": "Nested Loop", "Parent Relationship": "Outer", "Join Type": "Inner", "Startup Cost": 5.53, "Total Cost": 66245.46, "Plan Rows": 5, "Plan Width": 32, "Actual Min Startup Time": 238.136, "Actual Max Startup Time": 238.136, "Actual Min Total Time": 243.921, "Actual Max Total Time": 243.921, "Inner Unique": false, "Plans": [{"Node Type": "Nested Loop", "Parent Relationship": "Outer", "Join Type": "Inner", "Startup Cost": 5.22, "Total Cost": 66188.82, "Plan Rows": 13, "Plan Width": 24, "Actual Min Startup Time": 238.104, "Actual Max Startup Time": 238.104, "Actual Min Total Time": 238.402, "Actual Max Total Time": 238.402, "Inner Unique": false, "Join Filter": "(ci.role_id = rt.id)", "Rows Removed by Join Filter": 0, "Plans": [{"Node Type": "Seq Scan", "Parent Relationship": "Outer", "Relation Name": "role_type", "Alias": "rt", "Startup Cost": 0.0, "Total Cost": 1.15, "Plan Rows": 1, "Plan Width": 4, "Actual Min Startup Time": 0.021, "Actual Max Startup Time": 0.021, "Actual Min Total Time": 0.026, "Actual Max Total Time": 0.026, "Filter": "((role)::text = 'actress'::text)", "Rows Removed by Filter": 11, "Actual Rows": 1}, {"Node Type": "Materialize", "Parent Relationship": "Inner", "Startup Cost": 5.22, "Total Cost": 66186.26, "Plan Rows": 141, "Plan Width": 28, "Actual Min Startup Time": 238.072, "Actual Max Startup Time": 238.072, "Actual Min Total Time": 238.153, "Actual Max Total Time": 238.153, "Plans": [{"Node Type": "Nested Loop", "Parent Relationship": "Outer", "Join Type": "Inner", "Startup Cost": 5.22, "Total Cost": 66185.91, "Plan Rows": 141, "Plan Width": 28, "Actual Min Startup Time": 125.309, "Actual Max Startup Time": 125.309, "Actual Min Total Time": 237.852, "Actual Max Total Time": 237.852, "Inner Unique": false, "Join Filter": "(n.id = ci.person_id)", "Rows Removed by Join Filter": 0, "Plans": [{"Node Type": "Nested Loop", "Parent Relationship": "Outer", "Join Type": "Inner", "Startup Cost": 4.22, "Total Cost": 65572.72, "Plan Rows": 115, "Plan Width": 24, "Actual Min Startup Time": 111.461, "Actual Max Startup Time": 111.461, "Actual Min Total Time": 183.403, "Actual Max Total Time": 183.403, "Inner Unique": false, "Plans": [{"Node Type": "Streaming(type: LOCAL GATHER dop: 1/64)", "Parent Relationship": "Outer", "Startup Cost": 0.0, "Total Cost": 64781.81, "Plan Rows": 96, "Plan Width": 4, "Actual Min Startup Time": 111.341, "Actual Max Startup Time": 111.341, "Actual Min Total Time": 150.027, "Actual Max Total Time": 150.027, "Plans": [{"Node Type": "Seq Scan", "Parent Relationship": "Outer", "Relation Name": "name", "Alias": "n", "Startup Cost": 0.0, "Total Cost": 64779.83, "Plan Rows": 96, "Plan Width": 4, "Actual Min Startup Time": 9.503, "Actual Max Startup Time": 22.228, "Actual Min Total Time": 25.407, "Actual Max Total Time": 43.146, "Filter": "(((name)::text ~~ '%Ang%'::text) AND ((gender)::text = 'f'::text))", "Rows Removed by Filter": 4160722, "Actual Rows": 6768}], "Actual Rows": 6768}, {"Node Type": "Bitmap Heap Scan", "Parent Relationship": "Inner", "Relation Name": "aka_name", "Alias": "an", "Startup Cost": 4.22, "Total Cost": 8.23, "Plan Rows": 1, "Plan Width": 20, "Actual Min Startup Time": 25.289, "Actual Max Startup Time": 25.289, "Actual Min Total Time": 25.872, "Actual Max Total Time": 25.872, "Recheck Cond": "(person_id = n.id)", "Rows Removed by Index Recheck": 0, "Exact Heap Blocks": 1014, "Lossy Heap Blocks": 1014, "Plans": [{"Node Type": "Bitmap Index Scan", "Parent Relationship": "Outer", "Index Name": "person_id_aka_name", "Startup Cost": 0.0, "Total Cost": 4.22, "Plan Rows": 1, "Plan Width": 0, "Actual Min Startup Time": 19.521, "Actual Max Startup Time": 19.521, "Actual Min Total Time": 19.521, "Actual Max Total Time": 19.521, "Index Cond": "(person_id = n.id)", "Actual Rows": 1558}], "Actual Rows": 1558}], "Actual Rows": 1558}, {"Node Type": "Bitmap Heap Scan", "Parent Relationship": "Inner", "Relation Name": "cast_info", "Alias": "ci", "Startup Cost": 1.0, "Total Cost": 5.32, "Plan Rows": 1, "Plan Width": 16, "Actual Min Startup Time": 49.133, "Actual Max Startup Time": 49.133, "Actual Min Total Time": 52.368, "Actual Max Total Time": 52.368, "Recheck Cond": "(person_id = an.person_id)", "Rows Removed by Index Recheck": 0, "Filter": "((note)::text = ANY ('{(voice),\"(voice: Japanese version)\",\"(voice) (uncredited)\",\"(voice: English version)\"}'::text[]))", "Rows Removed by Filter": 69057, "Exact Heap Blocks": 2627, "Lossy Heap Blocks": 2627, "Plans": [{"Node Type": "Bitmap Index Scan", "Parent Relationship": "Outer", "Index Name": "person_id_cast_info", "Startup Cost": 0.0, "Total Cost": 1.0, "Plan Rows": 18, "Plan Width": 0, "Actual Min Startup Time": 15.987, "Actual Max Startup Time": 15.987, "Actual Min Total Time": 15.987, "Actual Max Total Time": 15.987, "Index Cond": "(person_id = an.person_id)", "Actual Rows": 69482}], "Actual Rows": 425}], "Actual Rows": 425}], "Actual Rows": 426}], "Actual Rows": 425}, {"Node Type": "Bitmap Heap Scan", "Parent Relationship": "Inner", "Relation Name": "movie_companies", "Alias": "mc", "Startup Cost": 0.31, "Total Cost": 4.35, "Plan Rows": 1, "Plan Width": 8, "Actual Min Startup Time": 3.907, "Actual Max Startup Time": 3.907, "Actual Min Total Time": 4.913, "Actual Max Total Time": 4.913, "Recheck Cond": "(movie_id = ci.movie_id)", "Rows Removed by Index Recheck": 0, "Filter": "((note IS NOT NULL) AND (((note)::text ~~ '%(USA)%'::text) OR ((note)::text ~~ '%(worldwide)%'::text)))", "Rows Removed by Filter": 1538, "Exact Heap Blocks": 580, "Lossy Heap Blocks": 580, "Plans": [{"Node Type": "Bitmap Index Scan", "Parent Relationship": "Outer", "Index Name": "movie_id_movie_companies", "Startup Cost": 0.0, "Total Cost": 0.31, "Plan Rows": 2, "Plan Width": 0, "Actual Min Startup Time": 2.055, "Actual Max Startup Time": 2.055, "Actual Min Total Time": 2.055, "Actual Max Total Time": 2.055, "Index Cond": "(movie_id = ci.movie_id)", "Actual Rows": 1911}], "Actual Rows": 373}], "Actual Rows": 373}, {"Node Type": "Bitmap Heap Scan", "Parent Relationship": "Inner", "Relation Name": "char_name", "Alias": "chn", "Startup Cost": 0.31, "Total Cost": 4.33, "Plan Rows": 1, "Plan Width": 20, "Actual Min Startup Time": 1.667, "Actual Max Startup Time": 1.667, "Actual Min Total Time": 1.667, "Actual Max Total Time": 1.667, "Recheck Cond": "(id = ci.person_role_id)", "Rows Removed by Index Recheck": 0, "Exact Heap Blocks": 348, "Lossy Heap Blocks": 348, "Plans": [{"Node Type": "Bitmap Index Scan", "Parent Relationship": "Outer", "Index Name": "char_name_pkey", "Startup Cost": 0.0, "Total Cost": 0.31, "Plan Rows": 1, "Plan Width": 0, "Actual Min Startup Time": 1.076, "Actual Max Startup Time": 1.076, "Actual Min Total Time": 1.076, "Actual Max Total Time": 1.076, "Index Cond": "(id = ci.person_role_id)", "Actual Rows": 348}], "Actual Rows": 348}], "Actual Rows": 348}, {"Node Type": "Bitmap Heap Scan", "Parent Relationship": "Inner", "Relation Name": "company_name", "Alias": "cn", "Startup Cost": 0.26, "Total Cost": 4.28, "Plan Rows": 1, "Plan Width": 4, "Actual Min Startup Time": 1.819, "Actual Max Startup Time": 1.819, "Actual Min Total Time": 1.819, "Actual Max Total Time": 1.819, "Recheck Cond": "(id = mc.company_id)", "Rows Removed by Index Recheck": 0, "Filter": "((country_code)::text = '[us]'::text)", "Rows Removed by Filter": 7, "Exact Heap Blocks": 348, "Lossy Heap Blocks": 348, "Plans": [{"Node Type": "Bitmap Index Scan", "Parent Relationship": "Outer", "Index Name": "company_name_pkey", "Startup Cost": 0.0, "Total Cost": 0.26, "Plan Rows": 1, "Plan Width": 0, "Actual Min Startup Time": 1.0, "Actual Max Startup Time": 1.0, "Actual Min Total Time": 1.0, "Actual Max Total Time": 1.0, "Index Cond": "(id = mc.company_id)", "Actual Rows": 348}], "Actual Rows": 341}], "Actual Rows": 341}, {"Node Type": "Bitmap Heap Scan", "Parent Relationship": "Inner", "Relation Name": "title", "Alias": "t", "Startup Cost": 0.3, "Total Cost": 4.32, "Plan Rows": 1, "Plan Width": 21, "Actual Min Startup Time": 2.04, "Actual Max Startup Time": 2.04, "Actual Min Total Time": 2.04, "Actual Max Total Time": 2.04, "Recheck Cond": "(id = ci.movie_id)", "Rows Removed by Index Recheck": 0, "Filter": "((production_year >= 2005) AND (production_year <= 2015))", "Rows Removed by Filter": 220, "Exact Heap Blocks": 341, "Lossy Heap Blocks": 341, "Plans": [{"Node Type": "Bitmap Index Scan", "Parent Relationship": "Outer", "Index Name": "title_pkey", "Startup Cost": 0.0, "Total Cost": 0.3, "Plan Rows": 1, "Plan Width": 0, "Actual Min Startup Time": 1.203, "Actual Max Startup Time": 1.203, "Actual Min Total Time": 1.203, "Actual Max Total Time": 1.203, "Index Cond": "(id = ci.movie_id)", "Actual Rows": 341}], "Actual Rows": 121}], "Actual Rows": 121}], "Actual Rows": 1}, "Triggers": [], "Planner Runtime": 119, "Total Runtime": 263.936, "Unique SQL Id": 3431223514}}, "(64, 7)": {"explain_plan": {"Plan": {"Node Type": "Aggregate", "Strategy": "Plain", "Startup Cost": 199170.6, "Total Cost": 199170.61, "Plan Rows": 1, "Plan Width": 145, "Plans": [{"Node Type": "Nested Loop", "Parent Relationship": "Outer", "Join Type": "Inner", "Startup Cost": 83164.39, "Total Cost": 199170.59, "Plan Rows": 2, "Plan Width": 49, "Inner Unique": true, "Plans": [{"Node Type": "Nested Loop", "Parent Relationship": "Outer", "Join Type": "Inner", "Startup Cost": 83164.09, "Total Cost": 199161.93, "Plan Rows": 2, "Plan Width": 40, "Inner Unique": true, "Plans": [{"Node Type": "Nested Loop", "Parent Relationship": "Outer", "Join Type": "Inner", "Startup Cost": 83163.83, "Total Cost": 199153.35, "Plan Rows": 2, "Plan Width": 44, "Inner Unique": true, "Plans": [{"Node Type": "Nested Loop", "Parent Relationship": "Outer", "Join Type": "Inner", "Startup Cost": 83163.51, "Total Cost": 199131.67, "Plan Rows": 5, "Plan Width": 32, "Inner Unique": false, "Plans": [{"Node Type": "Nested Loop", "Parent Relationship": "Outer", "Join Type": "Inner", "Startup Cost": 83163.2, "Total Cost": 199075.04, "Plan Rows": 13, "Plan Width": 24, "Inner Unique": true, "Plans": [{"Node Type": "Nested Loop", "Parent Relationship": "Outer", "Join Type": "Inner", "Startup Cost": 83162.94, "Total Cost": 198471.17, "Plan Rows": 141, "Plan Width": 28, "Inner Unique": false, "Join Filter": "(n.id = ci.person_id)", "Plans": [{"Node Type": "Nested Loop", "Parent Relationship": "Outer", "Join Type": "Inner", "Startup Cost": 83161.94, "Total Cost": 197857.98, "Plan Rows": 115, "Plan Width": 24, "Inner Unique": false, "Plans": [{"Node Type": "Bitmap Heap Scan", "Parent Relationship": "Outer", "Relation Name": "name", "Alias": "n", "Startup Cost": 83157.72, "Total Cost": 197067.07, "Plan Rows": 96, "Plan Width": 4, "Filter": "(((name)::text ~~ '%Ang%'::text) AND ((gender)::text = 'f'::text))", "Plans": [{"Node Type": "Bitmap Index Scan", "Parent Relationship": "Outer", "Index Name": "name_pkey", "Startup Cost": 0.0, "Total Cost": 83157.7, "Plan Rows": 4167490, "Plan Width": 0}]}, {"Node Type": "Bitmap Heap Scan", "Parent Relationship": "Inner", "Relation Name": "aka_name", "Alias": "an", "Startup Cost": 4.22, "Total Cost": 8.23, "Plan Rows": 1, "Plan Width": 20, "Recheck Cond": "(person_id = n.id)", "Plans": [{"Node Type": "Bitmap Index Scan", "Parent Relationship": "Outer", "Index Name": "person_id_aka_name", "Startup Cost": 0.0, "Total Cost": 4.22, "Plan Rows": 1, "Plan Width": 0, "Index Cond": "(person_id = n.id)"}]}]}, {"Node Type": "Bitmap Heap Scan", "Parent Relationship": "Inner", "Relation Name": "cast_info", "Alias": "ci", "Startup Cost": 1.0, "Total Cost": 5.32, "Plan Rows": 1, "Plan Width": 16, "Recheck Cond": "(person_id = an.person_id)", "Filter": "((note)::text = ANY ('{(voice),\"(voice: Japanese version)\",\"(voice) (uncredited)\",\"(voice: English version)\"}'::text[]))", "Plans": [{"Node Type": "Bitmap Index Scan", "Parent Relationship": "Outer", "Index Name": "person_id_cast_info", "Startup Cost": 0.0, "Total Cost": 1.0, "Plan Rows": 18, "Plan Width": 0, "Index Cond": "(person_id = an.person_id)"}]}]}, {"Node Type": "Bitmap Heap Scan", "Parent Relationship": "Inner", "Relation Name": "role_type", "Alias": "rt", "Startup Cost": 0.26, "Total Cost": 4.27, "Plan Rows": 1, "Plan Width": 4, "Recheck Cond": "(id = ci.role_id)", "Filter": "((role)::text = 'actress'::text)", "Plans": [{"Node Type": "Bitmap Index Scan", "Parent Relationship": "Outer", "Index Name": "role_type_pkey", "Startup Cost": 0.0, "Total Cost": 0.26, "Plan Rows": 1, "Plan Width": 0, "Index Cond": "(id = ci.role_id)"}]}]}, {"Node Type": "Bitmap Heap Scan", "Parent Relationship": "Inner", "Relation Name": "movie_companies", "Alias": "mc", "Startup Cost": 0.31, "Total Cost": 4.35, "Plan Rows": 1, "Plan Width": 8, "Recheck Cond": "(movie_id = ci.movie_id)", "Filter": "((note IS NOT NULL) AND (((note)::text ~~ '%(USA)%'::text) OR ((note)::text ~~ '%(worldwide)%'::text)))", "Plans": [{"Node Type": "Bitmap Index Scan", "Parent Relationship": "Outer", "Index Name": "movie_id_movie_companies", "Startup Cost": 0.0, "Total Cost": 0.31, "Plan Rows": 2, "Plan Width": 0, "Index Cond": "(movie_id = ci.movie_id)"}]}]}, {"Node Type": "Bitmap Heap Scan", "Parent Relationship": "Inner", "Relation Name": "char_name", "Alias": "chn", "Startup Cost": 0.31, "Total Cost": 4.33, "Plan Rows": 1, "Plan Width": 20, "Recheck Cond": "(id = ci.person_role_id)", "Plans": [{"Node Type": "Bitmap Index Scan", "Parent Relationship": "Outer", "Index Name": "char_name_pkey", "Startup Cost": 0.0, "Total Cost": 0.31, "Plan Rows": 1, "Plan Width": 0, "Index Cond": "(id = ci.person_role_id)"}]}]}, {"Node Type": "Bitmap Heap Scan", "Parent Relationship": "Inner", "Relation Name": "company_name", "Alias": "cn", "Startup Cost": 0.26, "Total Cost": 4.28, "Plan Rows": 1, "Plan Width": 4, "Recheck Cond": "(id = mc.company_id)", "Filter": "((country_code)::text = '[us]'::text)", "Plans": [{"Node Type": "Bitmap Index Scan", "Parent Relationship": "Outer", "Index Name": "company_name_pkey", "Startup Cost": 0.0, "Total Cost": 0.26, "Plan Rows": 1, "Plan Width": 0, "Index Cond": "(id = mc.company_id)"}]}]}, {"Node Type": "Bitmap Heap Scan", "Parent Relationship": "Inner", "Relation Name": "title", "Alias": "t", "Startup Cost": 0.3, "Total Cost": 4.32, "Plan Rows": 1, "Plan Width": 21, "Recheck Cond": "(id = ci.movie_id)", "Filter": "((production_year >= 2005) AND (production_year <= 2015))", "Plans": [{"Node Type": "Bitmap Index Scan", "Parent Relationship": "Outer", "Index Name": "title_pkey", "Startup Cost": 0.0, "Total Cost": 0.3, "Plan Rows": 1, "Plan Width": 0, "Index Cond": "(id = ci.movie_id)"}]}]}]}, "Unique SQL Id": 3431223514, "Planner Runtime": 88}, "explain_analyze_plan": null}, "(64, 8)": {"explain_plan": {"Plan": {"Node Type": "Aggregate", "Strategy": "Plain", "Startup Cost": 65860.2, "Total Cost": 65860.21, "Plan Rows": 1, "Plan Width": 145, "Plans": [{"Node Type": "Nested Loop", "Parent Relationship": "Outer", "Join Type": "Inner", "Startup Cost": 0.0, "Total Cost": 65860.2, "Plan Rows": 1, "Plan Width": 49, "Inner Unique": true, "Plans": [{"Node Type": "Nested Loop", "Parent Relationship": "Outer", "Join Type": "Inner", "Startup Cost": 0.0, "Total Cost": 65859.7, "Plan Rows": 1, "Plan Width": 40, "Inner Unique": true, "Plans": [{"Node Type": "Nested Loop", "Parent Relationship": "Outer", "Join Type": "Inner", "Startup Cost": 0.0, "Total Cost": 65859.04, "Plan Rows": 2, "Plan Width": 44, "Inner Unique": true, "Plans": [{"Node Type": "Nested Loop", "Parent Relationship": "Outer", "Join Type": "Inner", "Startup Cost": 0.0, "Total Cost": 65856.5, "Plan Rows": 5, "Plan Width": 32, "Inner Unique": false, "Plans": [{"Node Type": "Nested Loop", "Parent Relationship": "Outer", "Join Type": "Inner", "Startup Cost": 0.0, "Total Cost": 65850.89, "Plan Rows": 13, "Plan Width": 24, "Inner Unique": false, "Join Filter": "(ci.role_id = rt.id)", "Plans": [{"Node Type": "Seq Scan", "Parent Relationship": "Outer", "Relation Name": "role_type", "Alias": "rt", "Startup Cost": 0.0, "Total Cost": 1.15, "Plan Rows": 1, "Plan Width": 4, "Filter": "((role)::text = 'actress'::text)"}, {"Node Type": "Materialize", "Parent Relationship": "Inner", "Startup Cost": 0.0, "Total Cost": 65848.33, "Plan Rows": 141, "Plan Width": 28, "Plans": [{"Node Type": "Nested Loop", "Parent Relationship": "Outer", "Join Type": "Inner", "Startup Cost": 0.0, "Total Cost": 65847.98, "Plan Rows": 141, "Plan Width": 28, "Inner Unique": false, "Join Filter": "(n.id = ci.person_id)", "Plans": [{"Node Type": "Nested Loop", "Parent Relationship": "Outer", "Join Type": "Inner", "Startup Cost": 0.0, "Total Cost": 65572.69, "Plan Rows": 115, "Plan Width": 24, "Inner Unique": false, "Plans": [{"Node Type": "Streaming(type: LOCAL GATHER dop: 1/64)", "Parent Relationship": "Outer", "Startup Cost": 0.0, "Total Cost": 64781.81, "Plan Rows": 96, "Plan Width": 4, "Plans": [{"Node Type": "Seq Scan", "Parent Relationship": "Outer", "Relation Name": "name", "Alias": "n", "Startup Cost": 0.0, "Total Cost": 64779.83, "Plan Rows": 96, "Plan Width": 4, "Filter": "(((name)::text ~~ '%Ang%'::text) AND ((gender)::text = 'f'::text))"}]}, {"Node Type": "Index Scan", "Parent Relationship": "Inner", "Scan Direction": "Forward", "Index Name": "person_id_aka_name", "Relation Name": "aka_name", "Alias": "an", "Startup Cost": 0.0, "Total Cost": 8.23, "Plan Rows": 1, "Plan Width": 20, "Index Cond": "(person_id = n.id)"}]}, {"Node Type": "Index Scan", "Parent Relationship": "Inner", "Scan Direction": "Forward", "Index Name": "person_id_cast_info", "Relation Name": "cast_info", "Alias": "ci", "Startup Cost": 0.0, "Total Cost": 2.38, "Plan Rows": 1, "Plan Width": 16, "Index Cond": "(person_id = an.person_id)", "Filter": "((note)::text = ANY ('{(voice),\"(voice: Japanese version)\",\"(voice) (uncredited)\",\"(voice: English version)\"}'::text[]))"}]}]}]}, {"Node Type": "Index Scan", "Parent Relationship": "Inner", "Scan Direction": "Forward", "Index Name": "movie_id_movie_companies", "Relation Name": "movie_companies", "Alias": "mc", "Startup Cost": 0.0, "Total Cost": 0.42, "Plan Rows": 1, "Plan Width": 8, "Index Cond": "(movie_id = ci.movie_id)", "Filter": "((note IS NOT NULL) AND (((note)::text ~~ '%(USA)%'::text) OR ((note)::text ~~ '%(worldwide)%'::text)))"}]}, {"Node Type": "Index Scan", "Parent Relationship": "Inner", "Scan Direction": "Forward", "Index Name": "char_name_pkey", "Relation Name": "char_name", "Alias": "chn", "Startup Cost": 0.0, "Total Cost": 0.5, "Plan Rows": 1, "Plan Width": 20, "Index Cond": "(id = ci.person_role_id)"}]}, {"Node Type": "Index Scan", "Parent Relationship": "Inner", "Scan Direction": "Forward", "Index Name": "company_name_pkey", "Relation Name": "company_name", "Alias": "cn", "Startup Cost": 0.0, "Total Cost": 0.32, "Plan Rows": 1, "Plan Width": 4, "Index Cond": "(id = mc.company_id)", "Filter": "((country_code)::text = '[us]'::text)"}]}, {"Node Type": "Index Scan", "Parent Relationship": "Inner", "Scan Direction": "Forward", "Index Name": "title_pkey", "Relation Name": "title", "Alias": "t", "Startup Cost": 0.0, "Total Cost": 0.49, "Plan Rows": 1, "Plan Width": 21, "Index Cond": "(id = ci.movie_id)", "Filter": "((production_year >= 2005) AND (production_year <= 2015))"}]}]}, "Unique SQL Id": 3431223514, "Planner Runtime": 112}, "explain_analyze_plan": {"Plan": {"Node Type": "Aggregate", "Strategy": "Plain", "Startup Cost": 65860.2, "Total Cost": 65860.21, "Plan Rows": 1, "Plan Width": 145, "Actual Min Startup Time": 239.728, "Actual Max Startup Time": 239.728, "Actual Min Total Time": 239.728, "Actual Max Total Time": 239.728, "Plans": [{"Node Type": "Nested Loop", "Parent Relationship": "Outer", "Join Type": "Inner", "Startup Cost": 0.0, "Total Cost": 65860.2, "Plan Rows": 1, "Plan Width": 49, "Actual Min Startup Time": 230.969, "Actual Max Startup Time": 230.969, "Actual Min Total Time": 239.574, "Actual Max Total Time": 239.574, "Inner Unique": true, "Plans": [{"Node Type": "Nested Loop", "Parent Relationship": "Outer", "Join Type": "Inner", "Startup Cost": 0.0, "Total Cost": 65859.7, "Plan Rows": 1, "Plan Width": 40, "Actual Min Startup Time": 229.85, "Actual Max Startup Time": 229.85, "Actual Min Total Time": 237.655, "Actual Max Total Time": 237.655, "Inner Unique": true, "Plans": [{"Node Type": "Nested Loop", "Parent Relationship": "Outer", "Join Type": "Inner", "Startup Cost": 0.0, "Total Cost": 65859.04, "Plan Rows": 2, "Plan Width": 44, "Actual Min Startup Time": 229.833, "Actual Max Startup Time": 229.833, "Actual Min Total Time": 235.992, "Actual Max Total Time": 235.992, "Inner Unique": true, "Plans": [{"Node Type": "Nested Loop", "Parent Relationship": "Outer", "Join Type": "Inner", "Startup Cost": 0.0, "Total Cost": 65856.5, "Plan Rows": 5, "Plan Width": 32, "Actual Min Startup Time": 229.816, "Actual Max Startup Time": 229.816, "Actual Min Total Time": 234.443, "Actual Max Total Time": 234.443, "Inner Unique": false, "Plans": [{"Node Type": "Nested Loop", "Parent Relationship": "Outer", "Join Type": "Inner", "Startup Cost": 0.0, "Total Cost": 65850.89, "Plan Rows": 13, "Plan Width": 24, "Actual Min Startup Time": 229.764, "Actual Max Startup Time": 229.764, "Actual Min Total Time": 230.027, "Actual Max Total Time": 230.027, "Inner Unique": false, "Join Filter": "(ci.role_id = rt.id)", "Rows Removed by Join Filter": 0, "Plans": [{"Node Type": "Seq Scan", "Parent Relationship": "Outer", "Relation Name": "role_type", "Alias": "rt", "Startup Cost": 0.0, "Total Cost": 1.15, "Plan Rows": 1, "Plan Width": 4, "Actual Min Startup Time": 0.022, "Actual Max Startup Time": 0.022, "Actual Min Total Time": 0.026, "Actual Max Total Time": 0.026, "Filter": "((role)::text = 'actress'::text)", "Rows Removed by Filter": 11, "Actual Rows": 1}, {"Node Type": "Materialize", "Parent Relationship": "Inner", "Startup Cost": 0.0, "Total Cost": 65848.33, "Plan Rows": 141, "Plan Width": 28, "Actual Min Startup Time": 229.729, "Actual Max Startup Time": 229.729, "Actual Min Total Time": 229.79, "Actual Max Total Time": 229.79, "Plans": [{"Node Type": "Nested Loop", "Parent Relationship": "Outer", "Join Type": "Inner", "Startup Cost": 0.0, "Total Cost": 65847.98, "Plan Rows": 141, "Plan Width": 28, "Actual Min Startup Time": 109.917, "Actual Max Startup Time": 109.917, "Actual Min Total Time": 229.534, "Actual Max Total Time": 229.534, "Inner Unique": false, "Join Filter": "(n.id = ci.person_id)", "Rows Removed by Join Filter": 0, "Plans": [{"Node Type": "Nested Loop", "Parent Relationship": "Outer", "Join Type": "Inner", "Startup Cost": 0.0, "Total Cost": 65572.69, "Plan Rows": 115, "Plan Width": 24, "Actual Min Startup Time": 108.509, "Actual Max Startup Time": 108.509, "Actual Min Total Time": 175.399, "Actual Max Total Time": 175.399, "Inner Unique": false, "Plans": [{"Node Type": "Streaming(type: LOCAL GATHER dop: 1/64)", "Parent Relationship": "Outer", "Startup Cost": 0.0, "Total Cost": 64781.81, "Plan Rows": 96, "Plan Width": 4, "Actual Min Startup Time": 108.441, "Actual Max Startup Time": 108.441, "Actual Min Total Time": 150.514, "Actual Max Total Time": 150.514, "Plans": [{"Node Type": "Seq Scan", "Parent Relationship": "Outer", "Relation Name": "name", "Alias": "n", "Startup Cost": 0.0, "Total Cost": 64779.83, "Plan Rows": 96, "Plan Width": 4, "Actual Min Startup Time": 9.418, "Actual Max Startup Time": 13.998, "Actual Min Total Time": 25.419, "Actual Max Total Time": 30.544, "Filter": "(((name)::text ~~ '%Ang%'::text) AND ((gender)::text = 'f'::text))", "Rows Removed by Filter": 4160722, "Actual Rows": 6768}], "Actual Rows": 6768}, {"Node Type": "Index Scan", "Parent Relationship": "Inner", "Scan Direction": "Forward", "Index Name": "person_id_aka_name", "Relation Name": "aka_name", "Alias": "an", "Startup Cost": 0.0, "Total Cost": 8.23, "Plan Rows": 1, "Plan Width": 20, "Actual Min Startup Time": 20.591, "Actual Max Startup Time": 20.591, "Actual Min Total Time": 21.474, "Actual Max Total Time": 21.474, "Index Cond": "(person_id = n.id)", "Rows Removed by Index Recheck": 0, "Actual Rows": 1558}], "Actual Rows": 1558}, {"Node Type": "Index Scan", "Parent Relationship": "Inner", "Scan Direction": "Forward", "Index Name": "person_id_cast_info", "Relation Name": "cast_info", "Alias": "ci", "Startup Cost": 0.0, "Total Cost": 2.38, "Plan Rows": 1, "Plan Width": 16, "Actual Min Startup Time": 48.17, "Actual Max Startup Time": 48.17, "Actual Min Total Time": 53.195, "Actual Max Total Time": 53.195, "Index Cond": "(person_id = an.person_id)", "Rows Removed by Index Recheck": 0, "Filter": "((note)::text = ANY ('{(voice),\"(voice: Japanese version)\",\"(voice) (uncredited)\",\"(voice: English version)\"}'::text[]))", "Rows Removed by Filter": 69057, "Actual Rows": 425}], "Actual Rows": 425}], "Actual Rows": 426}], "Actual Rows": 425}, {"Node Type": "Index Scan", "Parent Relationship": "Inner", "Scan Direction": "Forward", "Index Name": "movie_id_movie_companies", "Relation Name": "movie_companies", "Alias": "mc", "Startup Cost": 0.0, "Total Cost": 0.42, "Plan Rows": 1, "Plan Width": 8, "Actual Min Startup Time": 2.892, "Actual Max Startup Time": 2.892, "Actual Min Total Time": 4.105, "Actual Max Total Time": 4.105, "Index Cond": "(movie_id = ci.movie_id)", "Rows Removed by Index Recheck": 0, "Filter": "((note IS NOT NULL) AND (((note)::text ~~ '%(USA)%'::text) OR ((note)::text ~~ '%(worldwide)%'::text)))", "Rows Removed by Filter": 1538, "Actual Rows": 373}], "Actual Rows": 373}, {"Node Type": "Index Scan", "Parent Relationship": "Inner", "Scan Direction": "Forward", "Index Name": "char_name_pkey", "Relation Name": "char_name", "Alias": "chn", "Startup Cost": 0.0, "Total Cost": 0.5, "Plan Rows": 1, "Plan Width": 20, "Actual Min Startup Time": 1.255, "Actual Max Startup Time": 1.255, "Actual Min Total Time": 1.255, "Actual Max Total Time": 1.255, "Index Cond": "(id = ci.person_role_id)", "Rows Removed by Index Recheck": 0, "Actual Rows": 348}], "Actual Rows": 348}, {"Node Type": "Index Scan", "Parent Relationship": "Inner", "Scan Direction": "Forward", "Index Name": "company_name_pkey", "Relation Name": "company_name", "Alias": "cn", "Startup Cost": 0.0, "Total Cost": 0.32, "Plan Rows": 1, "Plan Width": 4, "Actual Min Startup Time": 1.398, "Actual Max Startup Time": 1.398, "Actual Min Total Time": 1.398, "Actual Max Total Time": 1.398, "Index Cond": "(id = mc.company_id)", "Rows Removed by Index Recheck": 0, "Filter": "((country_code)::text = '[us]'::text)", "Rows Removed by Filter": 7, "Actual Rows": 341}], "Actual Rows": 341}, {"Node Type": "Index Scan", "Parent Relationship": "Inner", "Scan Direction": "Forward", "Index Name": "title_pkey", "Relation Name": "title", "Alias": "t", "Startup Cost": 0.0, "Total Cost": 0.49, "Plan Rows": 1, "Plan Width": 21, "Actual Min Startup Time": 1.689, "Actual Max Startup Time": 1.689, "Actual Min Total Time": 1.689, "Actual Max Total Time": 1.689, "Index Cond": "(id = ci.movie_id)", "Rows Removed by Index Recheck": 0, "Filter": "((production_year >= 2005) AND (production_year <= 2015))", "Rows Removed by Filter": 220, "Actual Rows": 121}], "Actual Rows": 121}], "Actual Rows": 1}, "Triggers": [], "Planner Runtime": 67, "Total Runtime": 251.757, "Unique SQL Id": 3431223514}}, "(64, 9)": {"explain_plan": {"Plan": {"Node Type": "Aggregate", "Strategy": "Plain", "Startup Cost": 198159.35, "Total Cost": 198159.36, "Plan Rows": 1, "Plan Width": 145, "Plans": [{"Node Type": "Nested Loop", "Parent Relationship": "Outer", "Join Type": "Inner", "Startup Cost": 0.0, "Total Cost": 198159.35, "Plan Rows": 1, "Plan Width": 49, "Inner Unique": true, "Plans": [{"Node Type": "Nested Loop", "Parent Relationship": "Outer", "Join Type": "Inner", "Startup Cost": 0.0, "Total Cost": 198158.85, "Plan Rows": 1, "Plan Width": 40, "Inner Unique": true, "Plans": [{"Node Type": "Nested Loop", "Parent Relationship": "Outer", "Join Type": "Inner", "Startup Cost": 0.0, "Total Cost": 198157.83, "Plan Rows": 2, "Plan Width": 28, "Inner Unique": true, "Plans": [{"Node Type": "Nested Loop", "Parent Relationship": "Outer", "Join Type": "Inner", "Startup Cost": 0.0, "Total Cost": 198156.19, "Plan Rows": 5, "Plan Width": 32, "Inner Unique": false, "Plans": [{"Node Type": "Nested Loop", "Parent Relationship": "Outer", "Join Type": "Inner", "Startup Cost": 0.0, "Total Cost": 198150.58, "Plan Rows": 13, "Plan Width": 24, "Inner Unique": false, "Join Filter": "(ci.role_id = rt.id)", "Plans": [{"Node Type": "Index Scan", "Parent Relationship": "Outer", "Scan Direction": "Forward", "Index Name": "role_type_pkey", "Relation Name": "role_type", "Alias": "rt", "Startup Cost": 0.0, "Total Cost": 12.46, "Plan Rows": 1, "Plan Width": 4, "Filter": "((role)::text = 'actress'::text)"}, {"Node Type": "Nested Loop", "Parent Relationship": "Inner", "Join Type": "Inner", "Startup Cost": 0.0, "Total Cost": 198136.36, "Plan Rows": 141, "Plan Width": 28, "Inner Unique": false, "Join Filter": "(n.id = ci.person_id)", "Plans": [{"Node Type": "Nested Loop", "Parent Relationship": "Outer", "Join Type": "Inner", "Startup Cost": 0.0, "Total Cost": 197861.08, "Plan Rows": 115, "Plan Width": 24, "Inner Unique": false, "Plans": [{"Node Type": "Index Scan", "Parent Relationship": "Outer", "Scan Direction": "Forward", "Index Name": "name_pkey", "Relation Name": "name", "Alias": "n", "Startup Cost": 0.0, "Total Cost": 197070.2, "Plan Rows": 96, "Plan Width": 4, "Filter": "(((name)::text ~~ '%Ang%'::text) AND ((gender)::text = 'f'::text))"}, {"Node Type": "Index Scan", "Parent Relationship": "Inner", "Scan Direction": "Forward", "Index Name": "person_id_aka_name", "Relation Name": "aka_name", "Alias": "an", "Startup Cost": 0.0, "Total Cost": 8.23, "Plan Rows": 1, "Plan Width": 20, "Index Cond": "(person_id = n.id)"}]}, {"Node Type": "Index Scan", "Parent Relationship": "Inner", "Scan Direction": "Forward", "Index Name": "person_id_cast_info", "Relation Name": "cast_info", "Alias": "ci", "Startup Cost": 0.0, "Total Cost": 2.38, "Plan Rows": 1, "Plan Width": 16, "Index Cond": "(person_id = an.person_id)", "Filter": "((note)::text = ANY ('{(voice),\"(voice: Japanese version)\",\"(voice) (uncredited)\",\"(voice: English version)\"}'::text[]))"}]}]}, {"Node Type": "Index Scan", "Parent Relationship": "Inner", "Scan Direction": "Forward", "Index Name": "movie_id_movie_companies", "Relation Name": "movie_companies", "Alias": "mc", "Startup Cost": 0.0, "Total Cost": 0.42, "Plan Rows": 1, "Plan Width": 8, "Index Cond": "(movie_id = ci.movie_id)", "Filter": "((note IS NOT NULL) AND (((note)::text ~~ '%(USA)%'::text) OR ((note)::text ~~ '%(worldwide)%'::text)))"}]}, {"Node Type": "Index Scan", "Parent Relationship": "Inner", "Scan Direction": "Forward", "Index Name": "company_name_pkey", "Relation Name": "company_name", "Alias": "cn", "Startup Cost": 0.0, "Total Cost": 0.32, "Plan Rows": 1, "Plan Width": 4, "Index Cond": "(id = mc.company_id)", "Filter": "((country_code)::text = '[us]'::text)"}]}, {"Node Type": "Index Scan", "Parent Relationship": "Inner", "Scan Direction": "Forward", "Index Name": "char_name_pkey", "Relation Name": "char_name", "Alias": "chn", "Startup Cost": 0.0, "Total Cost": 0.5, "Plan Rows": 1, "Plan Width": 20, "Index Cond": "(id = ci.person_role_id)"}]}, {"Node Type": "Index Scan", "Parent Relationship": "Inner", "Scan Direction": "Forward", "Index Name": "title_pkey", "Relation Name": "title", "Alias": "t", "Startup Cost": 0.0, "Total Cost": 0.49, "Plan Rows": 1, "Plan Width": 21, "Index Cond": "(id = ci.movie_id)", "Filter": "((production_year >= 2005) AND (production_year <= 2015))"}]}]}, "Unique SQL Id": 3431223514, "Planner Runtime": 80}, "explain_analyze_plan": null}, "(64, 10)": {"explain_plan": {"Plan": {"Node Type": "Aggregate", "Strategy": "Plain", "Startup Cost": 362727.92, "Total Cost": 362727.93, "Plan Rows": 1, "Plan Width": 145, "Plans": [{"Node Type": "Nested Loop", "Parent Relationship": "Outer", "Join Type": "Inner", "Startup Cost": 331566.75, "Total Cost": 362727.9, "Plan Rows": 2, "Plan Width": 49, "Inner Unique": false, "Join Filter": "(mc.company_id = cn.id)", "Plans": [{"Node Type": "Seq Scan", "Parent Relationship": "Outer", "Relation Name": "company_name", "Alias": "cn", "Startup Cost": 0.0, "Total Cost": 5903.45, "Plan Rows": 85170, "Plan Width": 4, "Filter": "((country_code)::text = '[us]'::text)"}, {"Node Type": "Materialize", "Parent Relationship": "Inner", "Startup Cost": 331566.75, "Total Cost": 354269.36, "Plan Rows": 2, "Plan Width": 53, "Plans": [{"Node Type": "Hash Join", "Parent Relationship": "Outer", "Join Type": "Inner", "Startup Cost": 331566.75, "Total Cost": 354269.35, "Plan Rows": 2, "Plan Width": 53, "Inner Unique": false, "Hash Cond": "(an.person_id = n.id)", "Plans": [{"Node Type": "Seq Scan", "Parent Relationship": "Outer", "Relation Name": "aka_name", "Alias": "an", "Startup Cost": 0.0, "Total Cost": 19908.42, "Plan Rows": 901342, "Plan Width": 20}, {"Node Type": "Hash", "Parent Relationship": "Inner", "Startup Cost": 331566.72, "Total Cost": 331566.72, "Plan Rows": 2, "Plan Width": 45, "Plans": [{"Node Type": "Hash Join", "Parent Relationship": "Outer", "Join Type": "Inner", "Startup Cost": 212582.29, "Total Cost": 331566.72, "Plan Rows": 2, "Plan Width": 45, "Inner Unique": true, "Hash Cond": "(ci.movie_id = t.id)", "Plans": [{"Node Type": "Streaming(type: LOCAL GATHER dop: 1/64)", "Parent Relationship": "Outer", "Startup Cost": 176962.17, "Total Cost": 295946.58, "Plan Rows": 2, "Plan Width": 36, "Plans": [{"Node Type": "Hash Join", "Parent Relationship": "Outer", "Join Type": "Inner", "Startup Cost": 176962.17, "Total Cost": 295946.54, "Plan Rows": 2, "Plan Width": 36, "Inner Unique": true, "Hash Cond": "(ci.person_role_id = chn.id)", "Plans": [{"Node Type": "Streaming(type: BROADCAST dop: 64/1)", "Parent Relationship": "Outer", "Startup Cost": 160335.18, "Total Cost": 279319.52, "Plan Rows": 256, "Plan Width": 24, "Plans": [{"Node Type": "Nested Loop", "Parent Relationship": "Outer", "Join Type": "Inner", "Startup Cost": 160335.18, "Total Cost": 216314.24, "Plan Rows": 4, "Plan Width": 24, "Inner Unique": false, "Join Filter": "(ci.role_id = rt.id)", "Plans": [{"Node Type": "Seq Scan", "Parent Relationship": "Outer", "Relation Name": "role_type", "Alias": "rt", "Startup Cost": 0.0, "Total Cost": 1.15, "Plan Rows": 1, "Plan Width": 4, "Filter": "((role)::text = 'actress'::text)"}, {"Node Type": "Materialize", "Parent Relationship": "Inner", "Startup Cost": 160335.18, "Total Cost": 216312.66, "Plan Rows": 43, "Plan Width": 28, "Plans": [{"Node Type": "Hash Join", "Parent Relationship": "Outer", "Join Type": "Inner", "Startup Cost": 160335.18, "Total Cost": 216312.55, "Plan Rows": 43, "Plan Width": 28, "Inner Unique": false, "Hash Cond": "(mc.movie_id = ci.movie_id)", "Plans": [{"Node Type": "Seq Scan", "Parent Relationship": "Outer", "Relation Name": "movie_companies", "Alias": "mc", "Startup Cost": 0.0, "Total Cost": 54862.92, "Plan Rows": 297072, "Plan Width": 8, "Filter": "((note IS NOT NULL) AND (((note)::text ~~ '%(USA)%'::text) OR ((note)::text ~~ '%(worldwide)%'::text))), (LLVM Optimized)"}, {"Node Type": "Hash", "Parent Relationship": "Inner", "Startup Cost": 160333.72, "Total Cost": 160333.72, "Plan Rows": 117, "Plan Width": 20, "Plans": [{"Node Type": "Hash Join", "Parent Relationship": "Outer", "Join Type": "Inner", "Startup Cost": 64783.01, "Total Cost": 160333.72, "Plan Rows": 117, "Plan Width": 20, "Inner Unique": true, "Hash Cond": "(ci.person_id = n.id)", "Plans": [{"Node Type": "Streaming(type: LOCAL GATHER dop: 1/64)", "Parent Relationship": "Outer", "Startup Cost": 0.0, "Total Cost": 92425.17, "Plan Rows": 833163, "Plan Width": 16, "Plans": [{"Node Type": "Seq Scan", "Parent Relationship": "Outer", "Relation Name": "cast_info", "Alias": "ci", "Startup Cost": 0.0, "Total Cost": 75237.12, "Plan Rows": 833163, "Plan Width": 16, "Filter": "((note)::text = ANY ('{(voice),\"(voice: Japanese version)\",\"(voice) (uncredited)\",\"(voice: English version)\"}'::text[]))"}]}, {"Node Type": "Hash", "Parent Relationship": "Inner", "Startup Cost": 64781.81, "Total Cost": 64781.81, "Plan Rows": 96, "Plan Width": 4, "Plans": [{"Node Type": "Streaming(type: LOCAL GATHER dop: 1/64)", "Parent Relationship": "Outer", "Startup Cost": 0.0, "Total Cost": 64781.81, "Plan Rows": 96, "Plan Width": 4, "Plans": [{"Node Type": "Seq Scan", "Parent Relationship": "Outer", "Relation Name": "name", "Alias": "n", "Startup Cost": 0.0, "Total Cost": 64779.83, "Plan Rows": 96, "Plan Width": 4, "Filter": "(((name)::text ~~ '%Ang%'::text) AND ((gender)::text = 'f'::text))"}]}]}]}]}]}]}]}]}, {"Node Type": "Hash", "Parent Relationship": "Inner", "Startup Cost": 64054.58, "Total Cost": 64054.58, "Plan Rows": 3140338, "Plan Width": 20, "Plans": [{"Node Type": "Seq Scan", "Parent Relationship": "Outer", "Relation Name": "char_name", "Alias": "chn", "Startup Cost": 0.0, "Total Cost": 64054.58, "Plan Rows": 3140338, "Plan Width": 20}]}]}]}, {"Node Type": "Hash", "Parent Relationship": "Inner", "Startup Cost": 87019.27, "Total Cost": 87019.27, "Plan Rows": 1109224, "Plan Width": 21, "Plans": [{"Node Type": "Streaming(type: LOCAL GATHER dop: 1/64)", "Parent Relationship": "Outer", "Startup Cost": 282.75, "Total Cost": 87019.27, "Plan Rows": 1109224, "Plan Width": 21, "Plans": [{"Node Type": "Seq Scan", "Parent Relationship": "Outer", "Relation Name": "title", "Alias": "t", "Startup Cost": 282.75, "Total Cost": 64136.1, "Plan Rows": 1109224, "Plan Width": 21, "Filter": "((production_year >= 2005) AND (production_year <= 2015)), (LLVM Optimized)"}]}]}]}]}]}]}]}]}, "Unique SQL Id": 3431223514, "Planner Runtime": 234}, "explain_analyze_plan": null}, "(64, 11)": {"explain_plan": {"Plan": {"Node Type": "Aggregate", "Strategy": "Plain", "Startup Cost": 3842119077147.93, "Total Cost": 3842119077147.94, "Plan Rows": 1, "Plan Width": 145, "Plans": [{"Node Type": "Merge Join", "Parent Relationship": "Outer", "Join Type": "Inner", "Startup Cost": 80000000000.0, "Total Cost": 3842119077147.92, "Plan Rows": 2, "Plan Width": 49, "Inner Unique": true, "Merge Cond": "(ci.person_role_id = chn.id)", "Plans": [{"Node Type": "Nested Loop", "Parent Relationship": "Outer", "Join Type": "Inner", "Startup Cost": 70000000000.0, "Total Cost": 7000265204378.85, "Plan Rows": 5, "Plan Width": 37, "Inner Unique": false, "Join Filter": "(n.id = an.person_id)", "Plans": [{"Node Type": "Nested Loop", "Parent Relationship": "Outer", "Join Type": "Inner", "Startup Cost": 60000000000.0, "Total Cost": 6000258251541.54, "Plan Rows": 4, "Plan Width": 29, "Inner Unique": true, "Join Filter": "(ci.movie_id = t.id)", "Plans": [{"Node Type": "Nested Loop", "Parent Relationship": "Outer", "Join Type": "Inner", "Startup Cost": 50000000000.0, "Total Cost": 5000245922648.99, "Plan Rows": 3, "Plan Width": 20, "Inner Unique": true, "Join Filter": "(mc.company_id = cn.id)", "Plans": [{"Node Type": "Nested Loop", "Parent Relationship": "Outer", "Join Type": "Inner", "Startup Cost": 40000000000.0, "Total Cost": 4000244867186.89, "Plan Rows": 4, "Plan Width": 24, "Inner Unique": false, "Join Filter": "(ci.movie_id = mc.movie_id)", "Plans": [{"Node Type": "Nested Loop", "Parent Relationship": "Outer", "Join Type": "Inner", "Startup Cost": 30000000000.0, "Total Cost": 3000231145513.35, "Plan Rows": 11, "Plan Width": 16, "Inner Unique": true, "Join Filter": "(ci.person_id = n.id)", "Plans": [{"Node Type": "Nested Loop", "Parent Relationship": "Outer", "Join Type": "Inner", "Startup Cost": 20000000000.0, "Total Cost": 2000211329424.93, "Plan Rows": 75742, "Plan Width": 12, "Inner Unique": true, "Join Filter": "(ci.role_id = rt.id)", "Plans": [{"Node Type": "Index Scan", "Parent Relationship": "Outer", "Scan Direction": "Forward", "Index Name": "person_role_id_cast_info", "Relation Name": "cast_info", "Alias": "ci", "Startup Cost": 10000000000.0, "Total Cost": 1000211315681.48, "Plan Rows": 833163, "Plan Width": 16, "Filter": "((note)::text = ANY ('{(voice),\"(voice: Japanese version)\",\"(voice) (uncredited)\",\"(voice: English version)\"}'::text[]))"}, {"Node Type": "Materialize", "Parent Relationship": "Inner", "Startup Cost": 10000000000.0, "Total Cost": 1000000001246.0, "Plan Rows": 1, "Plan Width": 4, "Plans": [{"Node Type": "Index Scan", "Parent Relationship": "Outer", "Scan Direction": "Forward", "Index Name": "role_type_pkey", "Relation Name": "role_type", "Alias": "rt", "Startup Cost": 10000000000.0, "Total Cost": 1000000001246.0, "Plan Rows": 1, "Plan Width": 4, "Filter": "((role)::text = 'actress'::text)"}]}]}, {"Node Type": "Materialize", "Parent Relationship": "Inner", "Startup Cost": 10000000000.0, "Total Cost": 1000019707020.18, "Plan Rows": 96, "Plan Width": 4, "Plans": [{"Node Type": "Index Scan", "Parent Relationship": "Outer", "Scan Direction": "Forward", "Index Name": "name_pkey", "Relation Name": "name", "Alias": "n", "Startup Cost": 10000000000.0, "Total Cost": 1000019707019.7, "Plan Rows": 96, "Plan Width": 4, "Filter": "(((name)::text ~~ '%Ang%'::text) AND ((gender)::text = 'f'::text))"}]}]}, {"Node Type": "Materialize", "Parent Relationship": "Inner", "Startup Cost": 10000000000.0, "Total Cost": 1000013673399.34, "Plan Rows": 297072, "Plan Width": 8, "Plans": [{"Node Type": "Index Scan", "Parent Relationship": "Outer", "Scan Direction": "Forward", "Index Name": "company_id_movie_companies", "Relation Name": "movie_companies", "Alias": "mc", "Startup Cost": 10000000000.0, "Total Cost": 1000013671913.98, "Plan Rows": 297072, "Plan Width": 8, "Filter": "((note IS NOT NULL) AND (((note)::text ~~ '%(USA)%'::text) OR ((note)::text ~~ '%(worldwide)%'::text))), (LLVM Optimized)"}]}]}, {"Node Type": "Materialize", "Parent Relationship": "Inner", "Startup Cost": 10000000000.0, "Total Cost": 1000001050564.82, "Plan Rows": 85170, "Plan Width": 4, "Plans": [{"Node Type": "Index Scan", "Parent Relationship": "Outer", "Scan Direction": "Forward", "Index Name": "company_name_pkey", "Relation Name": "company_name", "Alias": "cn", "Startup Cost": 10000000000.0, "Total Cost": 1000001050138.97, "Plan Rows": 85170, "Plan Width": 4, "Filter": "((country_code)::text = '[us]'::text)"}]}]}, {"Node Type": "Materialize", "Parent Relationship": "Inner", "Startup Cost": 10000000000.0, "Total Cost": 1000012281750.53, "Plan Rows": 1109224, "Plan Width": 21, "Plans": [{"Node Type": "Index Scan", "Parent Relationship": "Outer", "Scan Direction": "Forward", "Index Name": "title_pkey", "Relation Name": "title", "Alias": "t", "Startup Cost": 10000000000.0, "Total Cost": 1000012276204.41, "Plan Rows": 1109224, "Plan Width": 21, "Filter": "((production_year >= 2005) AND (production_year <= 2015)), (LLVM Optimized)"}]}]}, {"Node Type": "Materialize", "Parent Relationship": "Inner", "Startup Cost": 10000000000.0, "Total Cost": 1000006901010.14, "Plan Rows": 901342, "Plan Width": 20, "Plans": [{"Node Type": "Index Scan", "Parent Relationship": "Outer", "Scan Direction": "Forward", "Index Name": "person_id_aka_name", "Relation Name": "aka_name", "Alias": "an", "Startup Cost": 10000000000.0, "Total Cost": 1000006896503.43, "Plan Rows": 901342, "Plan Width": 20}]}]}, {"Node Type": "Index Scan", "Parent Relationship": "Inner", "Scan Direction": "Forward", "Index Name": "char_name_pkey", "Relation Name": "char_name", "Alias": "chn", "Startup Cost": 10000000000.0, "Total Cost": 1000012987545.51, "Plan Rows": 3140338, "Plan Width": 20}]}]}, "Unique SQL Id": 3431223514, "Planner Runtime": 204}, "explain_analyze_plan": null}, "(64, 12)": {"explain_plan": {"Plan": {"Node Type": "Aggregate", "Strategy": "Plain", "Startup Cost": 65860.2, "Total Cost": 65860.21, "Plan Rows": 1, "Plan Width": 145, "Plans": [{"Node Type": "Nested Loop", "Parent Relationship": "Outer", "Join Type": "Inner", "Startup Cost": 0.0, "Total Cost": 65860.2, "Plan Rows": 1, "Plan Width": 49, "Inner Unique": true, "Plans": [{"Node Type": "Nested Loop", "Parent Relationship": "Outer", "Join Type": "Inner", "Startup Cost": 0.0, "Total Cost": 65859.7, "Plan Rows": 1, "Plan Width": 40, "Inner Unique": true, "Plans": [{"Node Type": "Nested Loop", "Parent Relationship": "Outer", "Join Type": "Inner", "Startup Cost": 0.0, "Total Cost": 65859.04, "Plan Rows": 2, "Plan Width": 44, "Inner Unique": true, "Plans": [{"Node Type": "Nested Loop", "Parent Relationship": "Outer", "Join Type": "Inner", "Startup Cost": 0.0, "Total Cost": 65856.5, "Plan Rows": 5, "Plan Width": 32, "Inner Unique": false, "Plans": [{"Node Type": "Nested Loop", "Parent Relationship": "Outer", "Join Type": "Inner", "Startup Cost": 0.0, "Total Cost": 65850.89, "Plan Rows": 13, "Plan Width": 24, "Inner Unique": false, "Join Filter": "(ci.role_id = rt.id)", "Plans": [{"Node Type": "Seq Scan", "Parent Relationship": "Outer", "Relation Name": "role_type", "Alias": "rt", "Startup Cost": 0.0, "Total Cost": 1.15, "Plan Rows": 1, "Plan Width": 4, "Filter": "((role)::text = 'actress'::text)"}, {"Node Type": "Materialize", "Parent Relationship": "Inner", "Startup Cost": 0.0, "Total Cost": 65848.33, "Plan Rows": 141, "Plan Width": 28, "Plans": [{"Node Type": "Nested Loop", "Parent Relationship": "Outer", "Join Type": "Inner", "Startup Cost": 0.0, "Total Cost": 65847.98, "Plan Rows": 141, "Plan Width": 28, "Inner Unique": false, "Join Filter": "(n.id = ci.person_id)", "Plans": [{"Node Type": "Nested Loop", "Parent Relationship": "Outer", "Join Type": "Inner", "Startup Cost": 0.0, "Total Cost": 65572.69, "Plan Rows": 115, "Plan Width": 24, "Inner Unique": false, "Plans": [{"Node Type": "Streaming(type: LOCAL GATHER dop: 1/64)", "Parent Relationship": "Outer", "Startup Cost": 0.0, "Total Cost": 64781.81, "Plan Rows": 96, "Plan Width": 4, "Plans": [{"Node Type": "Seq Scan", "Parent Relationship": "Outer", "Relation Name": "name", "Alias": "n", "Startup Cost": 0.0, "Total Cost": 64779.83, "Plan Rows": 96, "Plan Width": 4, "Filter": "(((name)::text ~~ '%Ang%'::text) AND ((gender)::text = 'f'::text))"}]}, {"Node Type": "Index Scan", "Parent Relationship": "Inner", "Scan Direction": "Forward", "Index Name": "person_id_aka_name", "Relation Name": "aka_name", "Alias": "an", "Startup Cost": 0.0, "Total Cost": 8.23, "Plan Rows": 1, "Plan Width": 20, "Index Cond": "(person_id = n.id)"}]}, {"Node Type": "Index Scan", "Parent Relationship": "Inner", "Scan Direction": "Forward", "Index Name": "person_id_cast_info", "Relation Name": "cast_info", "Alias": "ci", "Startup Cost": 0.0, "Total Cost": 2.38, "Plan Rows": 1, "Plan Width": 16, "Index Cond": "(person_id = an.person_id)", "Filter": "((note)::text = ANY ('{(voice),\"(voice: Japanese version)\",\"(voice) (uncredited)\",\"(voice: English version)\"}'::text[]))"}]}]}]}, {"Node Type": "Index Scan", "Parent Relationship": "Inner", "Scan Direction": "Forward", "Index Name": "movie_id_movie_companies", "Relation Name": "movie_companies", "Alias": "mc", "Startup Cost": 0.0, "Total Cost": 0.42, "Plan Rows": 1, "Plan Width": 8, "Index Cond": "(movie_id = ci.movie_id)", "Filter": "((note IS NOT NULL) AND (((note)::text ~~ '%(USA)%'::text) OR ((note)::text ~~ '%(worldwide)%'::text)))"}]}, {"Node Type": "Index Scan", "Parent Relationship": "Inner", "Scan Direction": "Forward", "Index Name": "char_name_pkey", "Relation Name": "char_name", "Alias": "chn", "Startup Cost": 0.0, "Total Cost": 0.5, "Plan Rows": 1, "Plan Width": 20, "Index Cond": "(id = ci.person_role_id)"}]}, {"Node Type": "Index Scan", "Parent Relationship": "Inner", "Scan Direction": "Forward", "Index Name": "company_name_pkey", "Relation Name": "company_name", "Alias": "cn", "Startup Cost": 0.0, "Total Cost": 0.32, "Plan Rows": 1, "Plan Width": 4, "Index Cond": "(id = mc.company_id)", "Filter": "((country_code)::text = '[us]'::text)"}]}, {"Node Type": "Index Scan", "Parent Relationship": "Inner", "Scan Direction": "Forward", "Index Name": "title_pkey", "Relation Name": "title", "Alias": "t", "Startup Cost": 0.0, "Total Cost": 0.49, "Plan Rows": 1, "Plan Width": 21, "Index Cond": "(id = ci.movie_id)", "Filter": "((production_year >= 2005) AND (production_year <= 2015))"}]}]}, "Unique SQL Id": 3431223514, "Planner Runtime": 114}, "explain_analyze_plan": {"Plan": {"Node Type": "Aggregate", "Strategy": "Plain", "Startup Cost": 65860.2, "Total Cost": 65860.21, "Plan Rows": 1, "Plan Width": 145, "Actual Min Startup Time": 239.728, "Actual Max Startup Time": 239.728, "Actual Min Total Time": 239.728, "Actual Max Total Time": 239.728, "Plans": [{"Node Type": "Nested Loop", "Parent Relationship": "Outer", "Join Type": "Inner", "Startup Cost": 0.0, "Total Cost": 65860.2, "Plan Rows": 1, "Plan Width": 49, "Actual Min Startup Time": 230.969, "Actual Max Startup Time": 230.969, "Actual Min Total Time": 239.574, "Actual Max Total Time": 239.574, "Inner Unique": true, "Plans": [{"Node Type": "Nested Loop", "Parent Relationship": "Outer", "Join Type": "Inner", "Startup Cost": 0.0, "Total Cost": 65859.7, "Plan Rows": 1, "Plan Width": 40, "Actual Min Startup Time": 229.85, "Actual Max Startup Time": 229.85, "Actual Min Total Time": 237.655, "Actual Max Total Time": 237.655, "Inner Unique": true, "Plans": [{"Node Type": "Nested Loop", "Parent Relationship": "Outer", "Join Type": "Inner", "Startup Cost": 0.0, "Total Cost": 65859.04, "Plan Rows": 2, "Plan Width": 44, "Actual Min Startup Time": 229.833, "Actual Max Startup Time": 229.833, "Actual Min Total Time": 235.992, "Actual Max Total Time": 235.992, "Inner Unique": true, "Plans": [{"Node Type": "Nested Loop", "Parent Relationship": "Outer", "Join Type": "Inner", "Startup Cost": 0.0, "Total Cost": 65856.5, "Plan Rows": 5, "Plan Width": 32, "Actual Min Startup Time": 229.816, "Actual Max Startup Time": 229.816, "Actual Min Total Time": 234.443, "Actual Max Total Time": 234.443, "Inner Unique": false, "Plans": [{"Node Type": "Nested Loop", "Parent Relationship": "Outer", "Join Type": "Inner", "Startup Cost": 0.0, "Total Cost": 65850.89, "Plan Rows": 13, "Plan Width": 24, "Actual Min Startup Time": 229.764, "Actual Max Startup Time": 229.764, "Actual Min Total Time": 230.027, "Actual Max Total Time": 230.027, "Inner Unique": false, "Join Filter": "(ci.role_id = rt.id)", "Rows Removed by Join Filter": 0, "Plans": [{"Node Type": "Seq Scan", "Parent Relationship": "Outer", "Relation Name": "role_type", "Alias": "rt", "Startup Cost": 0.0, "Total Cost": 1.15, "Plan Rows": 1, "Plan Width": 4, "Actual Min Startup Time": 0.022, "Actual Max Startup Time": 0.022, "Actual Min Total Time": 0.026, "Actual Max Total Time": 0.026, "Filter": "((role)::text = 'actress'::text)", "Rows Removed by Filter": 11, "Actual Rows": 1}, {"Node Type": "Materialize", "Parent Relationship": "Inner", "Startup Cost": 0.0, "Total Cost": 65848.33, "Plan Rows": 141, "Plan Width": 28, "Actual Min Startup Time": 229.729, "Actual Max Startup Time": 229.729, "Actual Min Total Time": 229.79, "Actual Max Total Time": 229.79, "Plans": [{"Node Type": "Nested Loop", "Parent Relationship": "Outer", "Join Type": "Inner", "Startup Cost": 0.0, "Total Cost": 65847.98, "Plan Rows": 141, "Plan Width": 28, "Actual Min Startup Time": 109.917, "Actual Max Startup Time": 109.917, "Actual Min Total Time": 229.534, "Actual Max Total Time": 229.534, "Inner Unique": false, "Join Filter": "(n.id = ci.person_id)", "Rows Removed by Join Filter": 0, "Plans": [{"Node Type": "Nested Loop", "Parent Relationship": "Outer", "Join Type": "Inner", "Startup Cost": 0.0, "Total Cost": 65572.69, "Plan Rows": 115, "Plan Width": 24, "Actual Min Startup Time": 108.509, "Actual Max Startup Time": 108.509, "Actual Min Total Time": 175.399, "Actual Max Total Time": 175.399, "Inner Unique": false, "Plans": [{"Node Type": "Streaming(type: LOCAL GATHER dop: 1/64)", "Parent Relationship": "Outer", "Startup Cost": 0.0, "Total Cost": 64781.81, "Plan Rows": 96, "Plan Width": 4, "Actual Min Startup Time": 108.441, "Actual Max Startup Time": 108.441, "Actual Min Total Time": 150.514, "Actual Max Total Time": 150.514, "Plans": [{"Node Type": "Seq Scan", "Parent Relationship": "Outer", "Relation Name": "name", "Alias": "n", "Startup Cost": 0.0, "Total Cost": 64779.83, "Plan Rows": 96, "Plan Width": 4, "Actual Min Startup Time": 9.418, "Actual Max Startup Time": 13.998, "Actual Min Total Time": 25.419, "Actual Max Total Time": 30.544, "Filter": "(((name)::text ~~ '%Ang%'::text) AND ((gender)::text = 'f'::text))", "Rows Removed by Filter": 4160722, "Actual Rows": 6768}], "Actual Rows": 6768}, {"Node Type": "Index Scan", "Parent Relationship": "Inner", "Scan Direction": "Forward", "Index Name": "person_id_aka_name", "Relation Name": "aka_name", "Alias": "an", "Startup Cost": 0.0, "Total Cost": 8.23, "Plan Rows": 1, "Plan Width": 20, "Actual Min Startup Time": 20.591, "Actual Max Startup Time": 20.591, "Actual Min Total Time": 21.474, "Actual Max Total Time": 21.474, "Index Cond": "(person_id = n.id)", "Rows Removed by Index Recheck": 0, "Actual Rows": 1558}], "Actual Rows": 1558}, {"Node Type": "Index Scan", "Parent Relationship": "Inner", "Scan Direction": "Forward", "Index Name": "person_id_cast_info", "Relation Name": "cast_info", "Alias": "ci", "Startup Cost": 0.0, "Total Cost": 2.38, "Plan Rows": 1, "Plan Width": 16, "Actual Min Startup Time": 48.17, "Actual Max Startup Time": 48.17, "Actual Min Total Time": 53.195, "Actual Max Total Time": 53.195, "Index Cond": "(person_id = an.person_id)", "Rows Removed by Index Recheck": 0, "Filter": "((note)::text = ANY ('{(voice),\"(voice: Japanese version)\",\"(voice) (uncredited)\",\"(voice: English version)\"}'::text[]))", "Rows Removed by Filter": 69057, "Actual Rows": 425}], "Actual Rows": 425}], "Actual Rows": 426}], "Actual Rows": 425}, {"Node Type": "Index Scan", "Parent Relationship": "Inner", "Scan Direction": "Forward", "Index Name": "movie_id_movie_companies", "Relation Name": "movie_companies", "Alias": "mc", "Startup Cost": 0.0, "Total Cost": 0.42, "Plan Rows": 1, "Plan Width": 8, "Actual Min Startup Time": 2.892, "Actual Max Startup Time": 2.892, "Actual Min Total Time": 4.105, "Actual Max Total Time": 4.105, "Index Cond": "(movie_id = ci.movie_id)", "Rows Removed by Index Recheck": 0, "Filter": "((note IS NOT NULL) AND (((note)::text ~~ '%(USA)%'::text) OR ((note)::text ~~ '%(worldwide)%'::text)))", "Rows Removed by Filter": 1538, "Actual Rows": 373}], "Actual Rows": 373}, {"Node Type": "Index Scan", "Parent Relationship": "Inner", "Scan Direction": "Forward", "Index Name": "char_name_pkey", "Relation Name": "char_name", "Alias": "chn", "Startup Cost": 0.0, "Total Cost": 0.5, "Plan Rows": 1, "Plan Width": 20, "Actual Min Startup Time": 1.255, "Actual Max Startup Time": 1.255, "Actual Min Total Time": 1.255, "Actual Max Total Time": 1.255, "Index Cond": "(id = ci.person_role_id)", "Rows Removed by Index Recheck": 0, "Actual Rows": 348}], "Actual Rows": 348}, {"Node Type": "Index Scan", "Parent Relationship": "Inner", "Scan Direction": "Forward", "Index Name": "company_name_pkey", "Relation Name": "company_name", "Alias": "cn", "Startup Cost": 0.0, "Total Cost": 0.32, "Plan Rows": 1, "Plan Width": 4, "Actual Min Startup Time": 1.398, "Actual Max Startup Time": 1.398, "Actual Min Total Time": 1.398, "Actual Max Total Time": 1.398, "Index Cond": "(id = mc.company_id)", "Rows Removed by Index Recheck": 0, "Filter": "((country_code)::text = '[us]'::text)", "Rows Removed by Filter": 7, "Actual Rows": 341}], "Actual Rows": 341}, {"Node Type": "Index Scan", "Parent Relationship": "Inner", "Scan Direction": "Forward", "Index Name": "title_pkey", "Relation Name": "title", "Alias": "t", "Startup Cost": 0.0, "Total Cost": 0.49, "Plan Rows": 1, "Plan Width": 21, "Actual Min Startup Time": 1.689, "Actual Max Startup Time": 1.689, "Actual Min Total Time": 1.689, "Actual Max Total Time": 1.689, "Index Cond": "(id = ci.movie_id)", "Rows Removed by Index Recheck": 0, "Filter": "((production_year >= 2005) AND (production_year <= 2015))", "Rows Removed by Filter": 220, "Actual Rows": 121}], "Actual Rows": 121}], "Actual Rows": 1}, "Triggers": [], "Planner Runtime": 67, "Total Runtime": 251.757, "Unique SQL Id": 3431223514}}, "(64, 13)": {"explain_plan": {"Plan": {"Node Type": "Aggregate", "Strategy": "Plain", "Startup Cost": 198159.35, "Total Cost": 198159.36, "Plan Rows": 1, "Plan Width": 145, "Plans": [{"Node Type": "Nested Loop", "Parent Relationship": "Outer", "Join Type": "Inner", "Startup Cost": 0.0, "Total Cost": 198159.35, "Plan Rows": 1, "Plan Width": 49, "Inner Unique": true, "Plans": [{"Node Type": "Nested Loop", "Parent Relationship": "Outer", "Join Type": "Inner", "Startup Cost": 0.0, "Total Cost": 198158.85, "Plan Rows": 1, "Plan Width": 40, "Inner Unique": true, "Plans": [{"Node Type": "Nested Loop", "Parent Relationship": "Outer", "Join Type": "Inner", "Startup Cost": 0.0, "Total Cost": 198157.83, "Plan Rows": 2, "Plan Width": 28, "Inner Unique": true, "Plans": [{"Node Type": "Nested Loop", "Parent Relationship": "Outer", "Join Type": "Inner", "Startup Cost": 0.0, "Total Cost": 198156.19, "Plan Rows": 5, "Plan Width": 32, "Inner Unique": false, "Plans": [{"Node Type": "Nested Loop", "Parent Relationship": "Outer", "Join Type": "Inner", "Startup Cost": 0.0, "Total Cost": 198150.58, "Plan Rows": 13, "Plan Width": 24, "Inner Unique": false, "Join Filter": "(ci.role_id = rt.id)", "Plans": [{"Node Type": "Index Scan", "Parent Relationship": "Outer", "Scan Direction": "Forward", "Index Name": "role_type_pkey", "Relation Name": "role_type", "Alias": "rt", "Startup Cost": 0.0, "Total Cost": 12.46, "Plan Rows": 1, "Plan Width": 4, "Filter": "((role)::text = 'actress'::text)"}, {"Node Type": "Nested Loop", "Parent Relationship": "Inner", "Join Type": "Inner", "Startup Cost": 0.0, "Total Cost": 198136.36, "Plan Rows": 141, "Plan Width": 28, "Inner Unique": false, "Join Filter": "(n.id = ci.person_id)", "Plans": [{"Node Type": "Nested Loop", "Parent Relationship": "Outer", "Join Type": "Inner", "Startup Cost": 0.0, "Total Cost": 197861.08, "Plan Rows": 115, "Plan Width": 24, "Inner Unique": false, "Plans": [{"Node Type": "Index Scan", "Parent Relationship": "Outer", "Scan Direction": "Forward", "Index Name": "name_pkey", "Relation Name": "name", "Alias": "n", "Startup Cost": 0.0, "Total Cost": 197070.2, "Plan Rows": 96, "Plan Width": 4, "Filter": "(((name)::text ~~ '%Ang%'::text) AND ((gender)::text = 'f'::text))"}, {"Node Type": "Index Scan", "Parent Relationship": "Inner", "Scan Direction": "Forward", "Index Name": "person_id_aka_name", "Relation Name": "aka_name", "Alias": "an", "Startup Cost": 0.0, "Total Cost": 8.23, "Plan Rows": 1, "Plan Width": 20, "Index Cond": "(person_id = n.id)"}]}, {"Node Type": "Index Scan", "Parent Relationship": "Inner", "Scan Direction": "Forward", "Index Name": "person_id_cast_info", "Relation Name": "cast_info", "Alias": "ci", "Startup Cost": 0.0, "Total Cost": 2.38, "Plan Rows": 1, "Plan Width": 16, "Index Cond": "(person_id = an.person_id)", "Filter": "((note)::text = ANY ('{(voice),\"(voice: Japanese version)\",\"(voice) (uncredited)\",\"(voice: English version)\"}'::text[]))"}]}]}, {"Node Type": "Index Scan", "Parent Relationship": "Inner", "Scan Direction": "Forward", "Index Name": "movie_id_movie_companies", "Relation Name": "movie_companies", "Alias": "mc", "Startup Cost": 0.0, "Total Cost": 0.42, "Plan Rows": 1, "Plan Width": 8, "Index Cond": "(movie_id = ci.movie_id)", "Filter": "((note IS NOT NULL) AND (((note)::text ~~ '%(USA)%'::text) OR ((note)::text ~~ '%(worldwide)%'::text)))"}]}, {"Node Type": "Index Scan", "Parent Relationship": "Inner", "Scan Direction": "Forward", "Index Name": "company_name_pkey", "Relation Name": "company_name", "Alias": "cn", "Startup Cost": 0.0, "Total Cost": 0.32, "Plan Rows": 1, "Plan Width": 4, "Index Cond": "(id = mc.company_id)", "Filter": "((country_code)::text = '[us]'::text)"}]}, {"Node Type": "Index Scan", "Parent Relationship": "Inner", "Scan Direction": "Forward", "Index Name": "char_name_pkey", "Relation Name": "char_name", "Alias": "chn", "Startup Cost": 0.0, "Total Cost": 0.5, "Plan Rows": 1, "Plan Width": 20, "Index Cond": "(id = ci.person_role_id)"}]}, {"Node Type": "Index Scan", "Parent Relationship": "Inner", "Scan Direction": "Forward", "Index Name": "title_pkey", "Relation Name": "title", "Alias": "t", "Startup Cost": 0.0, "Total Cost": 0.49, "Plan Rows": 1, "Plan Width": 21, "Index Cond": "(id = ci.movie_id)", "Filter": "((production_year >= 2005) AND (production_year <= 2015))"}]}]}, "Unique SQL Id": 3431223514, "Planner Runtime": 81}, "explain_analyze_plan": null}, "(64, 14)": {"explain_plan": {"Plan": {"Node Type": "Aggregate", "Strategy": "Plain", "Startup Cost": 362727.92, "Total Cost": 362727.93, "Plan Rows": 1, "Plan Width": 145, "Plans": [{"Node Type": "Nested Loop", "Parent Relationship": "Outer", "Join Type": "Inner", "Startup Cost": 331566.75, "Total Cost": 362727.9, "Plan Rows": 2, "Plan Width": 49, "Inner Unique": false, "Join Filter": "(mc.company_id = cn.id)", "Plans": [{"Node Type": "Seq Scan", "Parent Relationship": "Outer", "Relation Name": "company_name", "Alias": "cn", "Startup Cost": 0.0, "Total Cost": 5903.45, "Plan Rows": 85170, "Plan Width": 4, "Filter": "((country_code)::text = '[us]'::text)"}, {"Node Type": "Materialize", "Parent Relationship": "Inner", "Startup Cost": 331566.75, "Total Cost": 354269.36, "Plan Rows": 2, "Plan Width": 53, "Plans": [{"Node Type": "Hash Join", "Parent Relationship": "Outer", "Join Type": "Inner", "Startup Cost": 331566.75, "Total Cost": 354269.35, "Plan Rows": 2, "Plan Width": 53, "Inner Unique": false, "Hash Cond": "(an.person_id = n.id)", "Plans": [{"Node Type": "Seq Scan", "Parent Relationship": "Outer", "Relation Name": "aka_name", "Alias": "an", "Startup Cost": 0.0, "Total Cost": 19908.42, "Plan Rows": 901342, "Plan Width": 20}, {"Node Type": "Hash", "Parent Relationship": "Inner", "Startup Cost": 331566.72, "Total Cost": 331566.72, "Plan Rows": 2, "Plan Width": 45, "Plans": [{"Node Type": "Hash Join", "Parent Relationship": "Outer", "Join Type": "Inner", "Startup Cost": 212582.29, "Total Cost": 331566.72, "Plan Rows": 2, "Plan Width": 45, "Inner Unique": true, "Hash Cond": "(ci.movie_id = t.id)", "Plans": [{"Node Type": "Streaming(type: LOCAL GATHER dop: 1/64)", "Parent Relationship": "Outer", "Startup Cost": 176962.17, "Total Cost": 295946.58, "Plan Rows": 2, "Plan Width": 36, "Plans": [{"Node Type": "Hash Join", "Parent Relationship": "Outer", "Join Type": "Inner", "Startup Cost": 176962.17, "Total Cost": 295946.54, "Plan Rows": 2, "Plan Width": 36, "Inner Unique": true, "Hash Cond": "(ci.person_role_id = chn.id)", "Plans": [{"Node Type": "Streaming(type: BROADCAST dop: 64/1)", "Parent Relationship": "Outer", "Startup Cost": 160335.18, "Total Cost": 279319.52, "Plan Rows": 256, "Plan Width": 24, "Plans": [{"Node Type": "Nested Loop", "Parent Relationship": "Outer", "Join Type": "Inner", "Startup Cost": 160335.18, "Total Cost": 216314.24, "Plan Rows": 4, "Plan Width": 24, "Inner Unique": false, "Join Filter": "(ci.role_id = rt.id)", "Plans": [{"Node Type": "Seq Scan", "Parent Relationship": "Outer", "Relation Name": "role_type", "Alias": "rt", "Startup Cost": 0.0, "Total Cost": 1.15, "Plan Rows": 1, "Plan Width": 4, "Filter": "((role)::text = 'actress'::text)"}, {"Node Type": "Materialize", "Parent Relationship": "Inner", "Startup Cost": 160335.18, "Total Cost": 216312.66, "Plan Rows": 43, "Plan Width": 28, "Plans": [{"Node Type": "Hash Join", "Parent Relationship": "Outer", "Join Type": "Inner", "Startup Cost": 160335.18, "Total Cost": 216312.55, "Plan Rows": 43, "Plan Width": 28, "Inner Unique": false, "Hash Cond": "(mc.movie_id = ci.movie_id)", "Plans": [{"Node Type": "Seq Scan", "Parent Relationship": "Outer", "Relation Name": "movie_companies", "Alias": "mc", "Startup Cost": 0.0, "Total Cost": 54862.92, "Plan Rows": 297072, "Plan Width": 8, "Filter": "((note IS NOT NULL) AND (((note)::text ~~ '%(USA)%'::text) OR ((note)::text ~~ '%(worldwide)%'::text))), (LLVM Optimized)"}, {"Node Type": "Hash", "Parent Relationship": "Inner", "Startup Cost": 160333.72, "Total Cost": 160333.72, "Plan Rows": 117, "Plan Width": 20, "Plans": [{"Node Type": "Hash Join", "Parent Relationship": "Outer", "Join Type": "Inner", "Startup Cost": 64783.01, "Total Cost": 160333.72, "Plan Rows": 117, "Plan Width": 20, "Inner Unique": true, "Hash Cond": "(ci.person_id = n.id)", "Plans": [{"Node Type": "Streaming(type: LOCAL GATHER dop: 1/64)", "Parent Relationship": "Outer", "Startup Cost": 0.0, "Total Cost": 92425.17, "Plan Rows": 833163, "Plan Width": 16, "Plans": [{"Node Type": "Seq Scan", "Parent Relationship": "Outer", "Relation Name": "cast_info", "Alias": "ci", "Startup Cost": 0.0, "Total Cost": 75237.12, "Plan Rows": 833163, "Plan Width": 16, "Filter": "((note)::text = ANY ('{(voice),\"(voice: Japanese version)\",\"(voice) (uncredited)\",\"(voice: English version)\"}'::text[]))"}]}, {"Node Type": "Hash", "Parent Relationship": "Inner", "Startup Cost": 64781.81, "Total Cost": 64781.81, "Plan Rows": 96, "Plan Width": 4, "Plans": [{"Node Type": "Streaming(type: LOCAL GATHER dop: 1/64)", "Parent Relationship": "Outer", "Startup Cost": 0.0, "Total Cost": 64781.81, "Plan Rows": 96, "Plan Width": 4, "Plans": [{"Node Type": "Seq Scan", "Parent Relationship": "Outer", "Relation Name": "name", "Alias": "n", "Startup Cost": 0.0, "Total Cost": 64779.83, "Plan Rows": 96, "Plan Width": 4, "Filter": "(((name)::text ~~ '%Ang%'::text) AND ((gender)::text = 'f'::text))"}]}]}]}]}]}]}]}]}, {"Node Type": "Hash", "Parent Relationship": "Inner", "Startup Cost": 64054.58, "Total Cost": 64054.58, "Plan Rows": 3140338, "Plan Width": 20, "Plans": [{"Node Type": "Seq Scan", "Parent Relationship": "Outer", "Relation Name": "char_name", "Alias": "chn", "Startup Cost": 0.0, "Total Cost": 64054.58, "Plan Rows": 3140338, "Plan Width": 20}]}]}]}, {"Node Type": "Hash", "Parent Relationship": "Inner", "Startup Cost": 87019.27, "Total Cost": 87019.27, "Plan Rows": 1109224, "Plan Width": 21, "Plans": [{"Node Type": "Streaming(type: LOCAL GATHER dop: 1/64)", "Parent Relationship": "Outer", "Startup Cost": 282.75, "Total Cost": 87019.27, "Plan Rows": 1109224, "Plan Width": 21, "Plans": [{"Node Type": "Seq Scan", "Parent Relationship": "Outer", "Relation Name": "title", "Alias": "t", "Startup Cost": 282.75, "Total Cost": 64136.1, "Plan Rows": 1109224, "Plan Width": 21, "Filter": "((production_year >= 2005) AND (production_year <= 2015)), (LLVM Optimized)"}]}]}]}]}]}]}]}]}, "Unique SQL Id": 3431223514, "Planner Runtime": 237}, "explain_analyze_plan": null}, "(64, 15)": {"explain_plan": {"Plan": {"Node Type": "Aggregate", "Strategy": "Plain", "Startup Cost": 3842119077147.93, "Total Cost": 3842119077147.94, "Plan Rows": 1, "Plan Width": 145, "Plans": [{"Node Type": "Merge Join", "Parent Relationship": "Outer", "Join Type": "Inner", "Startup Cost": 80000000000.0, "Total Cost": 3842119077147.92, "Plan Rows": 2, "Plan Width": 49, "Inner Unique": true, "Merge Cond": "(ci.person_role_id = chn.id)", "Plans": [{"Node Type": "Nested Loop", "Parent Relationship": "Outer", "Join Type": "Inner", "Startup Cost": 70000000000.0, "Total Cost": 7000265204378.85, "Plan Rows": 5, "Plan Width": 37, "Inner Unique": false, "Join Filter": "(n.id = an.person_id)", "Plans": [{"Node Type": "Nested Loop", "Parent Relationship": "Outer", "Join Type": "Inner", "Startup Cost": 60000000000.0, "Total Cost": 6000258251541.54, "Plan Rows": 4, "Plan Width": 29, "Inner Unique": true, "Join Filter": "(ci.movie_id = t.id)", "Plans": [{"Node Type": "Nested Loop", "Parent Relationship": "Outer", "Join Type": "Inner", "Startup Cost": 50000000000.0, "Total Cost": 5000245922648.99, "Plan Rows": 3, "Plan Width": 20, "Inner Unique": true, "Join Filter": "(mc.company_id = cn.id)", "Plans": [{"Node Type": "Nested Loop", "Parent Relationship": "Outer", "Join Type": "Inner", "Startup Cost": 40000000000.0, "Total Cost": 4000244867186.89, "Plan Rows": 4, "Plan Width": 24, "Inner Unique": false, "Join Filter": "(ci.movie_id = mc.movie_id)", "Plans": [{"Node Type": "Nested Loop", "Parent Relationship": "Outer", "Join Type": "Inner", "Startup Cost": 30000000000.0, "Total Cost": 3000231145513.35, "Plan Rows": 11, "Plan Width": 16, "Inner Unique": true, "Join Filter": "(ci.person_id = n.id)", "Plans": [{"Node Type": "Nested Loop", "Parent Relationship": "Outer", "Join Type": "Inner", "Startup Cost": 20000000000.0, "Total Cost": 2000211329424.93, "Plan Rows": 75742, "Plan Width": 12, "Inner Unique": true, "Join Filter": "(ci.role_id = rt.id)", "Plans": [{"Node Type": "Index Scan", "Parent Relationship": "Outer", "Scan Direction": "Forward", "Index Name": "person_role_id_cast_info", "Relation Name": "cast_info", "Alias": "ci", "Startup Cost": 10000000000.0, "Total Cost": 1000211315681.48, "Plan Rows": 833163, "Plan Width": 16, "Filter": "((note)::text = ANY ('{(voice),\"(voice: Japanese version)\",\"(voice) (uncredited)\",\"(voice: English version)\"}'::text[]))"}, {"Node Type": "Materialize", "Parent Relationship": "Inner", "Startup Cost": 10000000000.0, "Total Cost": 1000000001246.0, "Plan Rows": 1, "Plan Width": 4, "Plans": [{"Node Type": "Index Scan", "Parent Relationship": "Outer", "Scan Direction": "Forward", "Index Name": "role_type_pkey", "Relation Name": "role_type", "Alias": "rt", "Startup Cost": 10000000000.0, "Total Cost": 1000000001246.0, "Plan Rows": 1, "Plan Width": 4, "Filter": "((role)::text = 'actress'::text)"}]}]}, {"Node Type": "Materialize", "Parent Relationship": "Inner", "Startup Cost": 10000000000.0, "Total Cost": 1000019707020.18, "Plan Rows": 96, "Plan Width": 4, "Plans": [{"Node Type": "Index Scan", "Parent Relationship": "Outer", "Scan Direction": "Forward", "Index Name": "name_pkey", "Relation Name": "name", "Alias": "n", "Startup Cost": 10000000000.0, "Total Cost": 1000019707019.7, "Plan Rows": 96, "Plan Width": 4, "Filter": "(((name)::text ~~ '%Ang%'::text) AND ((gender)::text = 'f'::text))"}]}]}, {"Node Type": "Materialize", "Parent Relationship": "Inner", "Startup Cost": 10000000000.0, "Total Cost": 1000013673399.34, "Plan Rows": 297072, "Plan Width": 8, "Plans": [{"Node Type": "Index Scan", "Parent Relationship": "Outer", "Scan Direction": "Forward", "Index Name": "company_id_movie_companies", "Relation Name": "movie_companies", "Alias": "mc", "Startup Cost": 10000000000.0, "Total Cost": 1000013671913.98, "Plan Rows": 297072, "Plan Width": 8, "Filter": "((note IS NOT NULL) AND (((note)::text ~~ '%(USA)%'::text) OR ((note)::text ~~ '%(worldwide)%'::text))), (LLVM Optimized)"}]}]}, {"Node Type": "Materialize", "Parent Relationship": "Inner", "Startup Cost": 10000000000.0, "Total Cost": 1000001050564.82, "Plan Rows": 85170, "Plan Width": 4, "Plans": [{"Node Type": "Index Scan", "Parent Relationship": "Outer", "Scan Direction": "Forward", "Index Name": "company_name_pkey", "Relation Name": "company_name", "Alias": "cn", "Startup Cost": 10000000000.0, "Total Cost": 1000001050138.97, "Plan Rows": 85170, "Plan Width": 4, "Filter": "((country_code)::text = '[us]'::text)"}]}]}, {"Node Type": "Materialize", "Parent Relationship": "Inner", "Startup Cost": 10000000000.0, "Total Cost": 1000012281750.53, "Plan Rows": 1109224, "Plan Width": 21, "Plans": [{"Node Type": "Index Scan", "Parent Relationship": "Outer", "Scan Direction": "Forward", "Index Name": "title_pkey", "Relation Name": "title", "Alias": "t", "Startup Cost": 10000000000.0, "Total Cost": 1000012276204.41, "Plan Rows": 1109224, "Plan Width": 21, "Filter": "((production_year >= 2005) AND (production_year <= 2015)), (LLVM Optimized)"}]}]}, {"Node Type": "Materialize", "Parent Relationship": "Inner", "Startup Cost": 10000000000.0, "Total Cost": 1000006901010.14, "Plan Rows": 901342, "Plan Width": 20, "Plans": [{"Node Type": "Index Scan", "Parent Relationship": "Outer", "Scan Direction": "Forward", "Index Name": "person_id_aka_name", "Relation Name": "aka_name", "Alias": "an", "Startup Cost": 10000000000.0, "Total Cost": 1000006896503.43, "Plan Rows": 901342, "Plan Width": 20}]}]}, {"Node Type": "Index Scan", "Parent Relationship": "Inner", "Scan Direction": "Forward", "Index Name": "char_name_pkey", "Relation Name": "char_name", "Alias": "chn", "Startup Cost": 10000000000.0, "Total Cost": 1000012987545.51, "Plan Rows": 3140338, "Plan Width": 20}]}]}, "Unique SQL Id": 3431223514, "Planner Runtime": 195}, "explain_analyze_plan": null}, "(64, 16)": {"explain_plan": {"Plan": {"Node Type": "Aggregate", "Strategy": "Plain", "Startup Cost": 65860.2, "Total Cost": 65860.21, "Plan Rows": 1, "Plan Width": 145, "Plans": [{"Node Type": "Nested Loop", "Parent Relationship": "Outer", "Join Type": "Inner", "Startup Cost": 0.0, "Total Cost": 65860.2, "Plan Rows": 1, "Plan Width": 49, "Inner Unique": true, "Plans": [{"Node Type": "Nested Loop", "Parent Relationship": "Outer", "Join Type": "Inner", "Startup Cost": 0.0, "Total Cost": 65859.7, "Plan Rows": 1, "Plan Width": 40, "Inner Unique": true, "Plans": [{"Node Type": "Nested Loop", "Parent Relationship": "Outer", "Join Type": "Inner", "Startup Cost": 0.0, "Total Cost": 65859.04, "Plan Rows": 2, "Plan Width": 44, "Inner Unique": true, "Plans": [{"Node Type": "Nested Loop", "Parent Relationship": "Outer", "Join Type": "Inner", "Startup Cost": 0.0, "Total Cost": 65856.5, "Plan Rows": 5, "Plan Width": 32, "Inner Unique": false, "Plans": [{"Node Type": "Nested Loop", "Parent Relationship": "Outer", "Join Type": "Inner", "Startup Cost": 0.0, "Total Cost": 65850.89, "Plan Rows": 13, "Plan Width": 24, "Inner Unique": false, "Join Filter": "(ci.role_id = rt.id)", "Plans": [{"Node Type": "Seq Scan", "Parent Relationship": "Outer", "Relation Name": "role_type", "Alias": "rt", "Startup Cost": 0.0, "Total Cost": 1.15, "Plan Rows": 1, "Plan Width": 4, "Filter": "((role)::text = 'actress'::text)"}, {"Node Type": "Materialize", "Parent Relationship": "Inner", "Startup Cost": 0.0, "Total Cost": 65848.33, "Plan Rows": 141, "Plan Width": 28, "Plans": [{"Node Type": "Nested Loop", "Parent Relationship": "Outer", "Join Type": "Inner", "Startup Cost": 0.0, "Total Cost": 65847.98, "Plan Rows": 141, "Plan Width": 28, "Inner Unique": false, "Join Filter": "(n.id = ci.person_id)", "Plans": [{"Node Type": "Nested Loop", "Parent Relationship": "Outer", "Join Type": "Inner", "Startup Cost": 0.0, "Total Cost": 65572.69, "Plan Rows": 115, "Plan Width": 24, "Inner Unique": false, "Plans": [{"Node Type": "Streaming(type: LOCAL GATHER dop: 1/64)", "Parent Relationship": "Outer", "Startup Cost": 0.0, "Total Cost": 64781.81, "Plan Rows": 96, "Plan Width": 4, "Plans": [{"Node Type": "Seq Scan", "Parent Relationship": "Outer", "Relation Name": "name", "Alias": "n", "Startup Cost": 0.0, "Total Cost": 64779.83, "Plan Rows": 96, "Plan Width": 4, "Filter": "(((name)::text ~~ '%Ang%'::text) AND ((gender)::text = 'f'::text))"}]}, {"Node Type": "Index Scan", "Parent Relationship": "Inner", "Scan Direction": "Forward", "Index Name": "person_id_aka_name", "Relation Name": "aka_name", "Alias": "an", "Startup Cost": 0.0, "Total Cost": 8.23, "Plan Rows": 1, "Plan Width": 20, "Index Cond": "(person_id = n.id)"}]}, {"Node Type": "Index Scan", "Parent Relationship": "Inner", "Scan Direction": "Forward", "Index Name": "person_id_cast_info", "Relation Name": "cast_info", "Alias": "ci", "Startup Cost": 0.0, "Total Cost": 2.38, "Plan Rows": 1, "Plan Width": 16, "Index Cond": "(person_id = an.person_id)", "Filter": "((note)::text = ANY ('{(voice),\"(voice: Japanese version)\",\"(voice) (uncredited)\",\"(voice: English version)\"}'::text[]))"}]}]}]}, {"Node Type": "Index Scan", "Parent Relationship": "Inner", "Scan Direction": "Forward", "Index Name": "movie_id_movie_companies", "Relation Name": "movie_companies", "Alias": "mc", "Startup Cost": 0.0, "Total Cost": 0.42, "Plan Rows": 1, "Plan Width": 8, "Index Cond": "(movie_id = ci.movie_id)", "Filter": "((note IS NOT NULL) AND (((note)::text ~~ '%(USA)%'::text) OR ((note)::text ~~ '%(worldwide)%'::text)))"}]}, {"Node Type": "Index Scan", "Parent Relationship": "Inner", "Scan Direction": "Forward", "Index Name": "char_name_pkey", "Relation Name": "char_name", "Alias": "chn", "Startup Cost": 0.0, "Total Cost": 0.5, "Plan Rows": 1, "Plan Width": 20, "Index Cond": "(id = ci.person_role_id)"}]}, {"Node Type": "Index Scan", "Parent Relationship": "Inner", "Scan Direction": "Forward", "Index Name": "company_name_pkey", "Relation Name": "company_name", "Alias": "cn", "Startup Cost": 0.0, "Total Cost": 0.32, "Plan Rows": 1, "Plan Width": 4, "Index Cond": "(id = mc.company_id)", "Filter": "((country_code)::text = '[us]'::text)"}]}, {"Node Type": "Index Scan", "Parent Relationship": "Inner", "Scan Direction": "Forward", "Index Name": "title_pkey", "Relation Name": "title", "Alias": "t", "Startup Cost": 0.0, "Total Cost": 0.49, "Plan Rows": 1, "Plan Width": 21, "Index Cond": "(id = ci.movie_id)", "Filter": "((production_year >= 2005) AND (production_year <= 2015))"}]}]}, "Unique SQL Id": 3431223514, "Planner Runtime": 63}, "explain_analyze_plan": {"Plan": {"Node Type": "Aggregate", "Strategy": "Plain", "Startup Cost": 65860.2, "Total Cost": 65860.21, "Plan Rows": 1, "Plan Width": 145, "Actual Min Startup Time": 239.728, "Actual Max Startup Time": 239.728, "Actual Min Total Time": 239.728, "Actual Max Total Time": 239.728, "Plans": [{"Node Type": "Nested Loop", "Parent Relationship": "Outer", "Join Type": "Inner", "Startup Cost": 0.0, "Total Cost": 65860.2, "Plan Rows": 1, "Plan Width": 49, "Actual Min Startup Time": 230.969, "Actual Max Startup Time": 230.969, "Actual Min Total Time": 239.574, "Actual Max Total Time": 239.574, "Inner Unique": true, "Plans": [{"Node Type": "Nested Loop", "Parent Relationship": "Outer", "Join Type": "Inner", "Startup Cost": 0.0, "Total Cost": 65859.7, "Plan Rows": 1, "Plan Width": 40, "Actual Min Startup Time": 229.85, "Actual Max Startup Time": 229.85, "Actual Min Total Time": 237.655, "Actual Max Total Time": 237.655, "Inner Unique": true, "Plans": [{"Node Type": "Nested Loop", "Parent Relationship": "Outer", "Join Type": "Inner", "Startup Cost": 0.0, "Total Cost": 65859.04, "Plan Rows": 2, "Plan Width": 44, "Actual Min Startup Time": 229.833, "Actual Max Startup Time": 229.833, "Actual Min Total Time": 235.992, "Actual Max Total Time": 235.992, "Inner Unique": true, "Plans": [{"Node Type": "Nested Loop", "Parent Relationship": "Outer", "Join Type": "Inner", "Startup Cost": 0.0, "Total Cost": 65856.5, "Plan Rows": 5, "Plan Width": 32, "Actual Min Startup Time": 229.816, "Actual Max Startup Time": 229.816, "Actual Min Total Time": 234.443, "Actual Max Total Time": 234.443, "Inner Unique": false, "Plans": [{"Node Type": "Nested Loop", "Parent Relationship": "Outer", "Join Type": "Inner", "Startup Cost": 0.0, "Total Cost": 65850.89, "Plan Rows": 13, "Plan Width": 24, "Actual Min Startup Time": 229.764, "Actual Max Startup Time": 229.764, "Actual Min Total Time": 230.027, "Actual Max Total Time": 230.027, "Inner Unique": false, "Join Filter": "(ci.role_id = rt.id)", "Rows Removed by Join Filter": 0, "Plans": [{"Node Type": "Seq Scan", "Parent Relationship": "Outer", "Relation Name": "role_type", "Alias": "rt", "Startup Cost": 0.0, "Total Cost": 1.15, "Plan Rows": 1, "Plan Width": 4, "Actual Min Startup Time": 0.022, "Actual Max Startup Time": 0.022, "Actual Min Total Time": 0.026, "Actual Max Total Time": 0.026, "Filter": "((role)::text = 'actress'::text)", "Rows Removed by Filter": 11, "Actual Rows": 1}, {"Node Type": "Materialize", "Parent Relationship": "Inner", "Startup Cost": 0.0, "Total Cost": 65848.33, "Plan Rows": 141, "Plan Width": 28, "Actual Min Startup Time": 229.729, "Actual Max Startup Time": 229.729, "Actual Min Total Time": 229.79, "Actual Max Total Time": 229.79, "Plans": [{"Node Type": "Nested Loop", "Parent Relationship": "Outer", "Join Type": "Inner", "Startup Cost": 0.0, "Total Cost": 65847.98, "Plan Rows": 141, "Plan Width": 28, "Actual Min Startup Time": 109.917, "Actual Max Startup Time": 109.917, "Actual Min Total Time": 229.534, "Actual Max Total Time": 229.534, "Inner Unique": false, "Join Filter": "(n.id = ci.person_id)", "Rows Removed by Join Filter": 0, "Plans": [{"Node Type": "Nested Loop", "Parent Relationship": "Outer", "Join Type": "Inner", "Startup Cost": 0.0, "Total Cost": 65572.69, "Plan Rows": 115, "Plan Width": 24, "Actual Min Startup Time": 108.509, "Actual Max Startup Time": 108.509, "Actual Min Total Time": 175.399, "Actual Max Total Time": 175.399, "Inner Unique": false, "Plans": [{"Node Type": "Streaming(type: LOCAL GATHER dop: 1/64)", "Parent Relationship": "Outer", "Startup Cost": 0.0, "Total Cost": 64781.81, "Plan Rows": 96, "Plan Width": 4, "Actual Min Startup Time": 108.441, "Actual Max Startup Time": 108.441, "Actual Min Total Time": 150.514, "Actual Max Total Time": 150.514, "Plans": [{"Node Type": "Seq Scan", "Parent Relationship": "Outer", "Relation Name": "name", "Alias": "n", "Startup Cost": 0.0, "Total Cost": 64779.83, "Plan Rows": 96, "Plan Width": 4, "Actual Min Startup Time": 9.418, "Actual Max Startup Time": 13.998, "Actual Min Total Time": 25.419, "Actual Max Total Time": 30.544, "Filter": "(((name)::text ~~ '%Ang%'::text) AND ((gender)::text = 'f'::text))", "Rows Removed by Filter": 4160722, "Actual Rows": 6768}], "Actual Rows": 6768}, {"Node Type": "Index Scan", "Parent Relationship": "Inner", "Scan Direction": "Forward", "Index Name": "person_id_aka_name", "Relation Name": "aka_name", "Alias": "an", "Startup Cost": 0.0, "Total Cost": 8.23, "Plan Rows": 1, "Plan Width": 20, "Actual Min Startup Time": 20.591, "Actual Max Startup Time": 20.591, "Actual Min Total Time": 21.474, "Actual Max Total Time": 21.474, "Index Cond": "(person_id = n.id)", "Rows Removed by Index Recheck": 0, "Actual Rows": 1558}], "Actual Rows": 1558}, {"Node Type": "Index Scan", "Parent Relationship": "Inner", "Scan Direction": "Forward", "Index Name": "person_id_cast_info", "Relation Name": "cast_info", "Alias": "ci", "Startup Cost": 0.0, "Total Cost": 2.38, "Plan Rows": 1, "Plan Width": 16, "Actual Min Startup Time": 48.17, "Actual Max Startup Time": 48.17, "Actual Min Total Time": 53.195, "Actual Max Total Time": 53.195, "Index Cond": "(person_id = an.person_id)", "Rows Removed by Index Recheck": 0, "Filter": "((note)::text = ANY ('{(voice),\"(voice: Japanese version)\",\"(voice) (uncredited)\",\"(voice: English version)\"}'::text[]))", "Rows Removed by Filter": 69057, "Actual Rows": 425}], "Actual Rows": 425}], "Actual Rows": 426}], "Actual Rows": 425}, {"Node Type": "Index Scan", "Parent Relationship": "Inner", "Scan Direction": "Forward", "Index Name": "movie_id_movie_companies", "Relation Name": "movie_companies", "Alias": "mc", "Startup Cost": 0.0, "Total Cost": 0.42, "Plan Rows": 1, "Plan Width": 8, "Actual Min Startup Time": 2.892, "Actual Max Startup Time": 2.892, "Actual Min Total Time": 4.105, "Actual Max Total Time": 4.105, "Index Cond": "(movie_id = ci.movie_id)", "Rows Removed by Index Recheck": 0, "Filter": "((note IS NOT NULL) AND (((note)::text ~~ '%(USA)%'::text) OR ((note)::text ~~ '%(worldwide)%'::text)))", "Rows Removed by Filter": 1538, "Actual Rows": 373}], "Actual Rows": 373}, {"Node Type": "Index Scan", "Parent Relationship": "Inner", "Scan Direction": "Forward", "Index Name": "char_name_pkey", "Relation Name": "char_name", "Alias": "chn", "Startup Cost": 0.0, "Total Cost": 0.5, "Plan Rows": 1, "Plan Width": 20, "Actual Min Startup Time": 1.255, "Actual Max Startup Time": 1.255, "Actual Min Total Time": 1.255, "Actual Max Total Time": 1.255, "Index Cond": "(id = ci.person_role_id)", "Rows Removed by Index Recheck": 0, "Actual Rows": 348}], "Actual Rows": 348}, {"Node Type": "Index Scan", "Parent Relationship": "Inner", "Scan Direction": "Forward", "Index Name": "company_name_pkey", "Relation Name": "company_name", "Alias": "cn", "Startup Cost": 0.0, "Total Cost": 0.32, "Plan Rows": 1, "Plan Width": 4, "Actual Min Startup Time": 1.398, "Actual Max Startup Time": 1.398, "Actual Min Total Time": 1.398, "Actual Max Total Time": 1.398, "Index Cond": "(id = mc.company_id)", "Rows Removed by Index Recheck": 0, "Filter": "((country_code)::text = '[us]'::text)", "Rows Removed by Filter": 7, "Actual Rows": 341}], "Actual Rows": 341}, {"Node Type": "Index Scan", "Parent Relationship": "Inner", "Scan Direction": "Forward", "Index Name": "title_pkey", "Relation Name": "title", "Alias": "t", "Startup Cost": 0.0, "Total Cost": 0.49, "Plan Rows": 1, "Plan Width": 21, "Actual Min Startup Time": 1.689, "Actual Max Startup Time": 1.689, "Actual Min Total Time": 1.689, "Actual Max Total Time": 1.689, "Index Cond": "(id = ci.movie_id)", "Rows Removed by Index Recheck": 0, "Filter": "((production_year >= 2005) AND (production_year <= 2015))", "Rows Removed by Filter": 220, "Actual Rows": 121}], "Actual Rows": 121}], "Actual Rows": 1}, "Triggers": [], "Planner Runtime": 67, "Total Runtime": 251.757, "Unique SQL Id": 3431223514}}, "(64, 17)": {"explain_plan": {"Plan": {"Node Type": "Aggregate", "Strategy": "Plain", "Startup Cost": 198159.35, "Total Cost": 198159.36, "Plan Rows": 1, "Plan Width": 145, "Plans": [{"Node Type": "Nested Loop", "Parent Relationship": "Outer", "Join Type": "Inner", "Startup Cost": 0.0, "Total Cost": 198159.35, "Plan Rows": 1, "Plan Width": 49, "Inner Unique": true, "Plans": [{"Node Type": "Nested Loop", "Parent Relationship": "Outer", "Join Type": "Inner", "Startup Cost": 0.0, "Total Cost": 198158.85, "Plan Rows": 1, "Plan Width": 40, "Inner Unique": true, "Plans": [{"Node Type": "Nested Loop", "Parent Relationship": "Outer", "Join Type": "Inner", "Startup Cost": 0.0, "Total Cost": 198157.83, "Plan Rows": 2, "Plan Width": 28, "Inner Unique": true, "Plans": [{"Node Type": "Nested Loop", "Parent Relationship": "Outer", "Join Type": "Inner", "Startup Cost": 0.0, "Total Cost": 198156.19, "Plan Rows": 5, "Plan Width": 32, "Inner Unique": false, "Plans": [{"Node Type": "Nested Loop", "Parent Relationship": "Outer", "Join Type": "Inner", "Startup Cost": 0.0, "Total Cost": 198150.58, "Plan Rows": 13, "Plan Width": 24, "Inner Unique": false, "Join Filter": "(ci.role_id = rt.id)", "Plans": [{"Node Type": "Index Scan", "Parent Relationship": "Outer", "Scan Direction": "Forward", "Index Name": "role_type_pkey", "Relation Name": "role_type", "Alias": "rt", "Startup Cost": 0.0, "Total Cost": 12.46, "Plan Rows": 1, "Plan Width": 4, "Filter": "((role)::text = 'actress'::text)"}, {"Node Type": "Nested Loop", "Parent Relationship": "Inner", "Join Type": "Inner", "Startup Cost": 0.0, "Total Cost": 198136.36, "Plan Rows": 141, "Plan Width": 28, "Inner Unique": false, "Join Filter": "(n.id = ci.person_id)", "Plans": [{"Node Type": "Nested Loop", "Parent Relationship": "Outer", "Join Type": "Inner", "Startup Cost": 0.0, "Total Cost": 197861.08, "Plan Rows": 115, "Plan Width": 24, "Inner Unique": false, "Plans": [{"Node Type": "Index Scan", "Parent Relationship": "Outer", "Scan Direction": "Forward", "Index Name": "name_pkey", "Relation Name": "name", "Alias": "n", "Startup Cost": 0.0, "Total Cost": 197070.2, "Plan Rows": 96, "Plan Width": 4, "Filter": "(((name)::text ~~ '%Ang%'::text) AND ((gender)::text = 'f'::text))"}, {"Node Type": "Index Scan", "Parent Relationship": "Inner", "Scan Direction": "Forward", "Index Name": "person_id_aka_name", "Relation Name": "aka_name", "Alias": "an", "Startup Cost": 0.0, "Total Cost": 8.23, "Plan Rows": 1, "Plan Width": 20, "Index Cond": "(person_id = n.id)"}]}, {"Node Type": "Index Scan", "Parent Relationship": "Inner", "Scan Direction": "Forward", "Index Name": "person_id_cast_info", "Relation Name": "cast_info", "Alias": "ci", "Startup Cost": 0.0, "Total Cost": 2.38, "Plan Rows": 1, "Plan Width": 16, "Index Cond": "(person_id = an.person_id)", "Filter": "((note)::text = ANY ('{(voice),\"(voice: Japanese version)\",\"(voice) (uncredited)\",\"(voice: English version)\"}'::text[]))"}]}]}, {"Node Type": "Index Scan", "Parent Relationship": "Inner", "Scan Direction": "Forward", "Index Name": "movie_id_movie_companies", "Relation Name": "movie_companies", "Alias": "mc", "Startup Cost": 0.0, "Total Cost": 0.42, "Plan Rows": 1, "Plan Width": 8, "Index Cond": "(movie_id = ci.movie_id)", "Filter": "((note IS NOT NULL) AND (((note)::text ~~ '%(USA)%'::text) OR ((note)::text ~~ '%(worldwide)%'::text)))"}]}, {"Node Type": "Index Scan", "Parent Relationship": "Inner", "Scan Direction": "Forward", "Index Name": "company_name_pkey", "Relation Name": "company_name", "Alias": "cn", "Startup Cost": 0.0, "Total Cost": 0.32, "Plan Rows": 1, "Plan Width": 4, "Index Cond": "(id = mc.company_id)", "Filter": "((country_code)::text = '[us]'::text)"}]}, {"Node Type": "Index Scan", "Parent Relationship": "Inner", "Scan Direction": "Forward", "Index Name": "char_name_pkey", "Relation Name": "char_name", "Alias": "chn", "Startup Cost": 0.0, "Total Cost": 0.5, "Plan Rows": 1, "Plan Width": 20, "Index Cond": "(id = ci.person_role_id)"}]}, {"Node Type": "Index Scan", "Parent Relationship": "Inner", "Scan Direction": "Forward", "Index Name": "title_pkey", "Relation Name": "title", "Alias": "t", "Startup Cost": 0.0, "Total Cost": 0.49, "Plan Rows": 1, "Plan Width": 21, "Index Cond": "(id = ci.movie_id)", "Filter": "((production_year >= 2005) AND (production_year <= 2015))"}]}]}, "Unique SQL Id": 3431223514, "Planner Runtime": 55}, "explain_analyze_plan": null}, "(64, 18)": {"explain_plan": {"Plan": {"Node Type": "Aggregate", "Strategy": "Plain", "Startup Cost": 66284.39, "Total Cost": 66284.4, "Plan Rows": 1, "Plan Width": 145, "Plans": [{"Node Type": "Nested Loop", "Parent Relationship": "Outer", "Join Type": "Inner", "Startup Cost": 6.41, "Total Cost": 66284.37, "Plan Rows": 2, "Plan Width": 49, "Inner Unique": true, "Plans": [{"Node Type": "Nested Loop", "Parent Relationship": "Outer", "Join Type": "Inner", "Startup Cost": 6.11, "Total Cost": 66275.71, "Plan Rows": 2, "Plan Width": 40, "Inner Unique": true, "Plans": [{"Node Type": "Nested Loop", "Parent Relationship": "Outer", "Join Type": "Inner", "Startup Cost": 5.85, "Total Cost": 66267.14, "Plan Rows": 2, "Plan Width": 44, "Inner Unique": true, "Plans": [{"Node Type": "Nested Loop", "Parent Relationship": "Outer", "Join Type": "Inner", "Startup Cost": 5.53, "Total Cost": 66245.46, "Plan Rows": 5, "Plan Width": 32, "Inner Unique": false, "Plans": [{"Node Type": "Nested Loop", "Parent Relationship": "Outer", "Join Type": "Inner", "Startup Cost": 5.22, "Total Cost": 66188.82, "Plan Rows": 13, "Plan Width": 24, "Inner Unique": false, "Join Filter": "(ci.role_id = rt.id)", "Plans": [{"Node Type": "Seq Scan", "Parent Relationship": "Outer", "Relation Name": "role_type", "Alias": "rt", "Startup Cost": 0.0, "Total Cost": 1.15, "Plan Rows": 1, "Plan Width": 4, "Filter": "((role)::text = 'actress'::text)"}, {"Node Type": "Materialize", "Parent Relationship": "Inner", "Startup Cost": 5.22, "Total Cost": 66186.26, "Plan Rows": 141, "Plan Width": 28, "Plans": [{"Node Type": "Nested Loop", "Parent Relationship": "Outer", "Join Type": "Inner", "Startup Cost": 5.22, "Total Cost": 66185.91, "Plan Rows": 141, "Plan Width": 28, "Inner Unique": false, "Join Filter": "(n.id = ci.person_id)", "Plans": [{"Node Type": "Nested Loop", "Parent Relationship": "Outer", "Join Type": "Inner", "Startup Cost": 4.22, "Total Cost": 65572.72, "Plan Rows": 115, "Plan Width": 24, "Inner Unique": false, "Plans": [{"Node Type": "Streaming(type: LOCAL GATHER dop: 1/64)", "Parent Relationship": "Outer", "Startup Cost": 0.0, "Total Cost": 64781.81, "Plan Rows": 96, "Plan Width": 4, "Plans": [{"Node Type": "Seq Scan", "Parent Relationship": "Outer", "Relation Name": "name", "Alias": "n", "Startup Cost": 0.0, "Total Cost": 64779.83, "Plan Rows": 96, "Plan Width": 4, "Filter": "(((name)::text ~~ '%Ang%'::text) AND ((gender)::text = 'f'::text))"}]}, {"Node Type": "Bitmap Heap Scan", "Parent Relationship": "Inner", "Relation Name": "aka_name", "Alias": "an", "Startup Cost": 4.22, "Total Cost": 8.23, "Plan Rows": 1, "Plan Width": 20, "Recheck Cond": "(person_id = n.id)", "Plans": [{"Node Type": "Bitmap Index Scan", "Parent Relationship": "Outer", "Index Name": "person_id_aka_name", "Startup Cost": 0.0, "Total Cost": 4.22, "Plan Rows": 1, "Plan Width": 0, "Index Cond": "(person_id = n.id)"}]}]}, {"Node Type": "Bitmap Heap Scan", "Parent Relationship": "Inner", "Relation Name": "cast_info", "Alias": "ci", "Startup Cost": 1.0, "Total Cost": 5.32, "Plan Rows": 1, "Plan Width": 16, "Recheck Cond": "(person_id = an.person_id)", "Filter": "((note)::text = ANY ('{(voice),\"(voice: Japanese version)\",\"(voice) (uncredited)\",\"(voice: English version)\"}'::text[]))", "Plans": [{"Node Type": "Bitmap Index Scan", "Parent Relationship": "Outer", "Index Name": "person_id_cast_info", "Startup Cost": 0.0, "Total Cost": 1.0, "Plan Rows": 18, "Plan Width": 0, "Index Cond": "(person_id = an.person_id)"}]}]}]}]}, {"Node Type": "Bitmap Heap Scan", "Parent Relationship": "Inner", "Relation Name": "movie_companies", "Alias": "mc", "Startup Cost": 0.31, "Total Cost": 4.35, "Plan Rows": 1, "Plan Width": 8, "Recheck Cond": "(movie_id = ci.movie_id)", "Filter": "((note IS NOT NULL) AND (((note)::text ~~ '%(USA)%'::text) OR ((note)::text ~~ '%(worldwide)%'::text)))", "Plans": [{"Node Type": "Bitmap Index Scan", "Parent Relationship": "Outer", "Index Name": "movie_id_movie_companies", "Startup Cost": 0.0, "Total Cost": 0.31, "Plan Rows": 2, "Plan Width": 0, "Index Cond": "(movie_id = ci.movie_id)"}]}]}, {"Node Type": "Bitmap Heap Scan", "Parent Relationship": "Inner", "Relation Name": "char_name", "Alias": "chn", "Startup Cost": 0.31, "Total Cost": 4.33, "Plan Rows": 1, "Plan Width": 20, "Recheck Cond": "(id = ci.person_role_id)", "Plans": [{"Node Type": "Bitmap Index Scan", "Parent Relationship": "Outer", "Index Name": "char_name_pkey", "Startup Cost": 0.0, "Total Cost": 0.31, "Plan Rows": 1, "Plan Width": 0, "Index Cond": "(id = ci.person_role_id)"}]}]}, {"Node Type": "Bitmap Heap Scan", "Parent Relationship": "Inner", "Relation Name": "company_name", "Alias": "cn", "Startup Cost": 0.26, "Total Cost": 4.28, "Plan Rows": 1, "Plan Width": 4, "Recheck Cond": "(id = mc.company_id)", "Filter": "((country_code)::text = '[us]'::text)", "Plans": [{"Node Type": "Bitmap Index Scan", "Parent Relationship": "Outer", "Index Name": "company_name_pkey", "Startup Cost": 0.0, "Total Cost": 0.26, "Plan Rows": 1, "Plan Width": 0, "Index Cond": "(id = mc.company_id)"}]}]}, {"Node Type": "Bitmap Heap Scan", "Parent Relationship": "Inner", "Relation Name": "title", "Alias": "t", "Startup Cost": 0.3, "Total Cost": 4.32, "Plan Rows": 1, "Plan Width": 21, "Recheck Cond": "(id = ci.movie_id)", "Filter": "((production_year >= 2005) AND (production_year <= 2015))", "Plans": [{"Node Type": "Bitmap Index Scan", "Parent Relationship": "Outer", "Index Name": "title_pkey", "Startup Cost": 0.0, "Total Cost": 0.3, "Plan Rows": 1, "Plan Width": 0, "Index Cond": "(id = ci.movie_id)"}]}]}]}, "Unique SQL Id": 3431223514, "Planner Runtime": 69}, "explain_analyze_plan": {"Plan": {"Node Type": "Aggregate", "Strategy": "Plain", "Startup Cost": 66284.39, "Total Cost": 66284.4, "Plan Rows": 1, "Plan Width": 145, "Actual Min Startup Time": 251.018, "Actual Max Startup Time": 251.018, "Actual Min Total Time": 251.018, "Actual Max Total Time": 251.018, "Plans": [{"Node Type": "Nested Loop", "Parent Relationship": "Outer", "Join Type": "Inner", "Startup Cost": 6.41, "Total Cost": 66284.37, "Plan Rows": 2, "Plan Width": 49, "Actual Min Startup Time": 239.129, "Actual Max Startup Time": 239.129, "Actual Min Total Time": 250.853, "Actual Max Total Time": 250.853, "Inner Unique": true, "Plans": [{"Node Type": "Nested Loop", "Parent Relationship": "Outer", "Join Type": "Inner", "Startup Cost": 6.11, "Total Cost": 66275.71, "Plan Rows": 2, "Plan Width": 40, "Actual Min Startup Time": 238.187, "Actual Max Startup Time": 238.187, "Actual Min Total Time": 248.39, "Actual Max Total Time": 248.39, "Inner Unique": true, "Plans": [{"Node Type": "Nested Loop", "Parent Relationship": "Outer", "Join Type": "Inner", "Startup Cost": 5.85, "Total Cost": 66267.14, "Plan Rows": 2, "Plan Width": 44, "Actual Min Startup Time": 238.165, "Actual Max Startup Time": 238.165, "Actual Min Total Time": 246.11, "Actual Max Total Time": 246.11, "Inner Unique": true, "Plans": [{"Node Type": "Nested Loop", "Parent Relationship": "Outer", "Join Type": "Inner", "Startup Cost": 5.53, "Total Cost": 66245.46, "Plan Rows": 5, "Plan Width": 32, "Actual Min Startup Time": 238.136, "Actual Max Startup Time": 238.136, "Actual Min Total Time": 243.921, "Actual Max Total Time": 243.921, "Inner Unique": false, "Plans": [{"Node Type": "Nested Loop", "Parent Relationship": "Outer", "Join Type": "Inner", "Startup Cost": 5.22, "Total Cost": 66188.82, "Plan Rows": 13, "Plan Width": 24, "Actual Min Startup Time": 238.104, "Actual Max Startup Time": 238.104, "Actual Min Total Time": 238.402, "Actual Max Total Time": 238.402, "Inner Unique": false, "Join Filter": "(ci.role_id = rt.id)", "Rows Removed by Join Filter": 0, "Plans": [{"Node Type": "Seq Scan", "Parent Relationship": "Outer", "Relation Name": "role_type", "Alias": "rt", "Startup Cost": 0.0, "Total Cost": 1.15, "Plan Rows": 1, "Plan Width": 4, "Actual Min Startup Time": 0.021, "Actual Max Startup Time": 0.021, "Actual Min Total Time": 0.026, "Actual Max Total Time": 0.026, "Filter": "((role)::text = 'actress'::text)", "Rows Removed by Filter": 11, "Actual Rows": 1}, {"Node Type": "Materialize", "Parent Relationship": "Inner", "Startup Cost": 5.22, "Total Cost": 66186.26, "Plan Rows": 141, "Plan Width": 28, "Actual Min Startup Time": 238.072, "Actual Max Startup Time": 238.072, "Actual Min Total Time": 238.153, "Actual Max Total Time": 238.153, "Plans": [{"Node Type": "Nested Loop", "Parent Relationship": "Outer", "Join Type": "Inner", "Startup Cost": 5.22, "Total Cost": 66185.91, "Plan Rows": 141, "Plan Width": 28, "Actual Min Startup Time": 125.309, "Actual Max Startup Time": 125.309, "Actual Min Total Time": 237.852, "Actual Max Total Time": 237.852, "Inner Unique": false, "Join Filter": "(n.id = ci.person_id)", "Rows Removed by Join Filter": 0, "Plans": [{"Node Type": "Nested Loop", "Parent Relationship": "Outer", "Join Type": "Inner", "Startup Cost": 4.22, "Total Cost": 65572.72, "Plan Rows": 115, "Plan Width": 24, "Actual Min Startup Time": 111.461, "Actual Max Startup Time": 111.461, "Actual Min Total Time": 183.403, "Actual Max Total Time": 183.403, "Inner Unique": false, "Plans": [{"Node Type": "Streaming(type: LOCAL GATHER dop: 1/64)", "Parent Relationship": "Outer", "Startup Cost": 0.0, "Total Cost": 64781.81, "Plan Rows": 96, "Plan Width": 4, "Actual Min Startup Time": 111.341, "Actual Max Startup Time": 111.341, "Actual Min Total Time": 150.027, "Actual Max Total Time": 150.027, "Plans": [{"Node Type": "Seq Scan", "Parent Relationship": "Outer", "Relation Name": "name", "Alias": "n", "Startup Cost": 0.0, "Total Cost": 64779.83, "Plan Rows": 96, "Plan Width": 4, "Actual Min Startup Time": 9.503, "Actual Max Startup Time": 22.228, "Actual Min Total Time": 25.407, "Actual Max Total Time": 43.146, "Filter": "(((name)::text ~~ '%Ang%'::text) AND ((gender)::text = 'f'::text))", "Rows Removed by Filter": 4160722, "Actual Rows": 6768}], "Actual Rows": 6768}, {"Node Type": "Bitmap Heap Scan", "Parent Relationship": "Inner", "Relation Name": "aka_name", "Alias": "an", "Startup Cost": 4.22, "Total Cost": 8.23, "Plan Rows": 1, "Plan Width": 20, "Actual Min Startup Time": 25.289, "Actual Max Startup Time": 25.289, "Actual Min Total Time": 25.872, "Actual Max Total Time": 25.872, "Recheck Cond": "(person_id = n.id)", "Rows Removed by Index Recheck": 0, "Exact Heap Blocks": 1014, "Lossy Heap Blocks": 1014, "Plans": [{"Node Type": "Bitmap Index Scan", "Parent Relationship": "Outer", "Index Name": "person_id_aka_name", "Startup Cost": 0.0, "Total Cost": 4.22, "Plan Rows": 1, "Plan Width": 0, "Actual Min Startup Time": 19.521, "Actual Max Startup Time": 19.521, "Actual Min Total Time": 19.521, "Actual Max Total Time": 19.521, "Index Cond": "(person_id = n.id)", "Actual Rows": 1558}], "Actual Rows": 1558}], "Actual Rows": 1558}, {"Node Type": "Bitmap Heap Scan", "Parent Relationship": "Inner", "Relation Name": "cast_info", "Alias": "ci", "Startup Cost": 1.0, "Total Cost": 5.32, "Plan Rows": 1, "Plan Width": 16, "Actual Min Startup Time": 49.133, "Actual Max Startup Time": 49.133, "Actual Min Total Time": 52.368, "Actual Max Total Time": 52.368, "Recheck Cond": "(person_id = an.person_id)", "Rows Removed by Index Recheck": 0, "Filter": "((note)::text = ANY ('{(voice),\"(voice: Japanese version)\",\"(voice) (uncredited)\",\"(voice: English version)\"}'::text[]))", "Rows Removed by Filter": 69057, "Exact Heap Blocks": 2627, "Lossy Heap Blocks": 2627, "Plans": [{"Node Type": "Bitmap Index Scan", "Parent Relationship": "Outer", "Index Name": "person_id_cast_info", "Startup Cost": 0.0, "Total Cost": 1.0, "Plan Rows": 18, "Plan Width": 0, "Actual Min Startup Time": 15.987, "Actual Max Startup Time": 15.987, "Actual Min Total Time": 15.987, "Actual Max Total Time": 15.987, "Index Cond": "(person_id = an.person_id)", "Actual Rows": 69482}], "Actual Rows": 425}], "Actual Rows": 425}], "Actual Rows": 426}], "Actual Rows": 425}, {"Node Type": "Bitmap Heap Scan", "Parent Relationship": "Inner", "Relation Name": "movie_companies", "Alias": "mc", "Startup Cost": 0.31, "Total Cost": 4.35, "Plan Rows": 1, "Plan Width": 8, "Actual Min Startup Time": 3.907, "Actual Max Startup Time": 3.907, "Actual Min Total Time": 4.913, "Actual Max Total Time": 4.913, "Recheck Cond": "(movie_id = ci.movie_id)", "Rows Removed by Index Recheck": 0, "Filter": "((note IS NOT NULL) AND (((note)::text ~~ '%(USA)%'::text) OR ((note)::text ~~ '%(worldwide)%'::text)))", "Rows Removed by Filter": 1538, "Exact Heap Blocks": 580, "Lossy Heap Blocks": 580, "Plans": [{"Node Type": "Bitmap Index Scan", "Parent Relationship": "Outer", "Index Name": "movie_id_movie_companies", "Startup Cost": 0.0, "Total Cost": 0.31, "Plan Rows": 2, "Plan Width": 0, "Actual Min Startup Time": 2.055, "Actual Max Startup Time": 2.055, "Actual Min Total Time": 2.055, "Actual Max Total Time": 2.055, "Index Cond": "(movie_id = ci.movie_id)", "Actual Rows": 1911}], "Actual Rows": 373}], "Actual Rows": 373}, {"Node Type": "Bitmap Heap Scan", "Parent Relationship": "Inner", "Relation Name": "char_name", "Alias": "chn", "Startup Cost": 0.31, "Total Cost": 4.33, "Plan Rows": 1, "Plan Width": 20, "Actual Min Startup Time": 1.667, "Actual Max Startup Time": 1.667, "Actual Min Total Time": 1.667, "Actual Max Total Time": 1.667, "Recheck Cond": "(id = ci.person_role_id)", "Rows Removed by Index Recheck": 0, "Exact Heap Blocks": 348, "Lossy Heap Blocks": 348, "Plans": [{"Node Type": "Bitmap Index Scan", "Parent Relationship": "Outer", "Index Name": "char_name_pkey", "Startup Cost": 0.0, "Total Cost": 0.31, "Plan Rows": 1, "Plan Width": 0, "Actual Min Startup Time": 1.076, "Actual Max Startup Time": 1.076, "Actual Min Total Time": 1.076, "Actual Max Total Time": 1.076, "Index Cond": "(id = ci.person_role_id)", "Actual Rows": 348}], "Actual Rows": 348}], "Actual Rows": 348}, {"Node Type": "Bitmap Heap Scan", "Parent Relationship": "Inner", "Relation Name": "company_name", "Alias": "cn", "Startup Cost": 0.26, "Total Cost": 4.28, "Plan Rows": 1, "Plan Width": 4, "Actual Min Startup Time": 1.819, "Actual Max Startup Time": 1.819, "Actual Min Total Time": 1.819, "Actual Max Total Time": 1.819, "Recheck Cond": "(id = mc.company_id)", "Rows Removed by Index Recheck": 0, "Filter": "((country_code)::text = '[us]'::text)", "Rows Removed by Filter": 7, "Exact Heap Blocks": 348, "Lossy Heap Blocks": 348, "Plans": [{"Node Type": "Bitmap Index Scan", "Parent Relationship": "Outer", "Index Name": "company_name_pkey", "Startup Cost": 0.0, "Total Cost": 0.26, "Plan Rows": 1, "Plan Width": 0, "Actual Min Startup Time": 1.0, "Actual Max Startup Time": 1.0, "Actual Min Total Time": 1.0, "Actual Max Total Time": 1.0, "Index Cond": "(id = mc.company_id)", "Actual Rows": 348}], "Actual Rows": 341}], "Actual Rows": 341}, {"Node Type": "Bitmap Heap Scan", "Parent Relationship": "Inner", "Relation Name": "title", "Alias": "t", "Startup Cost": 0.3, "Total Cost": 4.32, "Plan Rows": 1, "Plan Width": 21, "Actual Min Startup Time": 2.04, "Actual Max Startup Time": 2.04, "Actual Min Total Time": 2.04, "Actual Max Total Time": 2.04, "Recheck Cond": "(id = ci.movie_id)", "Rows Removed by Index Recheck": 0, "Filter": "((production_year >= 2005) AND (production_year <= 2015))", "Rows Removed by Filter": 220, "Exact Heap Blocks": 341, "Lossy Heap Blocks": 341, "Plans": [{"Node Type": "Bitmap Index Scan", "Parent Relationship": "Outer", "Index Name": "title_pkey", "Startup Cost": 0.0, "Total Cost": 0.3, "Plan Rows": 1, "Plan Width": 0, "Actual Min Startup Time": 1.203, "Actual Max Startup Time": 1.203, "Actual Min Total Time": 1.203, "Actual Max Total Time": 1.203, "Index Cond": "(id = ci.movie_id)", "Actual Rows": 341}], "Actual Rows": 121}], "Actual Rows": 121}], "Actual Rows": 1}, "Triggers": [], "Planner Runtime": 119, "Total Runtime": 263.936, "Unique SQL Id": 3431223514}}, "(64, 19)": {"explain_plan": {"Plan": {"Node Type": "Aggregate", "Strategy": "Plain", "Startup Cost": 199170.6, "Total Cost": 199170.61, "Plan Rows": 1, "Plan Width": 145, "Plans": [{"Node Type": "Nested Loop", "Parent Relationship": "Outer", "Join Type": "Inner", "Startup Cost": 83164.39, "Total Cost": 199170.59, "Plan Rows": 2, "Plan Width": 49, "Inner Unique": true, "Plans": [{"Node Type": "Nested Loop", "Parent Relationship": "Outer", "Join Type": "Inner", "Startup Cost": 83164.09, "Total Cost": 199161.93, "Plan Rows": 2, "Plan Width": 40, "Inner Unique": true, "Plans": [{"Node Type": "Nested Loop", "Parent Relationship": "Outer", "Join Type": "Inner", "Startup Cost": 83163.83, "Total Cost": 199153.35, "Plan Rows": 2, "Plan Width": 44, "Inner Unique": true, "Plans": [{"Node Type": "Nested Loop", "Parent Relationship": "Outer", "Join Type": "Inner", "Startup Cost": 83163.51, "Total Cost": 199131.67, "Plan Rows": 5, "Plan Width": 32, "Inner Unique": false, "Plans": [{"Node Type": "Nested Loop", "Parent Relationship": "Outer", "Join Type": "Inner", "Startup Cost": 83163.2, "Total Cost": 199075.04, "Plan Rows": 13, "Plan Width": 24, "Inner Unique": true, "Plans": [{"Node Type": "Nested Loop", "Parent Relationship": "Outer", "Join Type": "Inner", "Startup Cost": 83162.94, "Total Cost": 198471.17, "Plan Rows": 141, "Plan Width": 28, "Inner Unique": false, "Join Filter": "(n.id = ci.person_id)", "Plans": [{"Node Type": "Nested Loop", "Parent Relationship": "Outer", "Join Type": "Inner", "Startup Cost": 83161.94, "Total Cost": 197857.98, "Plan Rows": 115, "Plan Width": 24, "Inner Unique": false, "Plans": [{"Node Type": "Bitmap Heap Scan", "Parent Relationship": "Outer", "Relation Name": "name", "Alias": "n", "Startup Cost": 83157.72, "Total Cost": 197067.07, "Plan Rows": 96, "Plan Width": 4, "Filter": "(((name)::text ~~ '%Ang%'::text) AND ((gender)::text = 'f'::text))", "Plans": [{"Node Type": "Bitmap Index Scan", "Parent Relationship": "Outer", "Index Name": "name_pkey", "Startup Cost": 0.0, "Total Cost": 83157.7, "Plan Rows": 4167490, "Plan Width": 0}]}, {"Node Type": "Bitmap Heap Scan", "Parent Relationship": "Inner", "Relation Name": "aka_name", "Alias": "an", "Startup Cost": 4.22, "Total Cost": 8.23, "Plan Rows": 1, "Plan Width": 20, "Recheck Cond": "(person_id = n.id)", "Plans": [{"Node Type": "Bitmap Index Scan", "Parent Relationship": "Outer", "Index Name": "person_id_aka_name", "Startup Cost": 0.0, "Total Cost": 4.22, "Plan Rows": 1, "Plan Width": 0, "Index Cond": "(person_id = n.id)"}]}]}, {"Node Type": "Bitmap Heap Scan", "Parent Relationship": "Inner", "Relation Name": "cast_info", "Alias": "ci", "Startup Cost": 1.0, "Total Cost": 5.32, "Plan Rows": 1, "Plan Width": 16, "Recheck Cond": "(person_id = an.person_id)", "Filter": "((note)::text = ANY ('{(voice),\"(voice: Japanese version)\",\"(voice) (uncredited)\",\"(voice: English version)\"}'::text[]))", "Plans": [{"Node Type": "Bitmap Index Scan", "Parent Relationship": "Outer", "Index Name": "person_id_cast_info", "Startup Cost": 0.0, "Total Cost": 1.0, "Plan Rows": 18, "Plan Width": 0, "Index Cond": "(person_id = an.person_id)"}]}]}, {"Node Type": "Bitmap Heap Scan", "Parent Relationship": "Inner", "Relation Name": "role_type", "Alias": "rt", "Startup Cost": 0.26, "Total Cost": 4.27, "Plan Rows": 1, "Plan Width": 4, "Recheck Cond": "(id = ci.role_id)", "Filter": "((role)::text = 'actress'::text)", "Plans": [{"Node Type": "Bitmap Index Scan", "Parent Relationship": "Outer", "Index Name": "role_type_pkey", "Startup Cost": 0.0, "Total Cost": 0.26, "Plan Rows": 1, "Plan Width": 0, "Index Cond": "(id = ci.role_id)"}]}]}, {"Node Type": "Bitmap Heap Scan", "Parent Relationship": "Inner", "Relation Name": "movie_companies", "Alias": "mc", "Startup Cost": 0.31, "Total Cost": 4.35, "Plan Rows": 1, "Plan Width": 8, "Recheck Cond": "(movie_id = ci.movie_id)", "Filter": "((note IS NOT NULL) AND (((note)::text ~~ '%(USA)%'::text) OR ((note)::text ~~ '%(worldwide)%'::text)))", "Plans": [{"Node Type": "Bitmap Index Scan", "Parent Relationship": "Outer", "Index Name": "movie_id_movie_companies", "Startup Cost": 0.0, "Total Cost": 0.31, "Plan Rows": 2, "Plan Width": 0, "Index Cond": "(movie_id = ci.movie_id)"}]}]}, {"Node Type": "Bitmap Heap Scan", "Parent Relationship": "Inner", "Relation Name": "char_name", "Alias": "chn", "Startup Cost": 0.31, "Total Cost": 4.33, "Plan Rows": 1, "Plan Width": 20, "Recheck Cond": "(id = ci.person_role_id)", "Plans": [{"Node Type": "Bitmap Index Scan", "Parent Relationship": "Outer", "Index Name": "char_name_pkey", "Startup Cost": 0.0, "Total Cost": 0.31, "Plan Rows": 1, "Plan Width": 0, "Index Cond": "(id = ci.person_role_id)"}]}]}, {"Node Type": "Bitmap Heap Scan", "Parent Relationship": "Inner", "Relation Name": "company_name", "Alias": "cn", "Startup Cost": 0.26, "Total Cost": 4.28, "Plan Rows": 1, "Plan Width": 4, "Recheck Cond": "(id = mc.company_id)", "Filter": "((country_code)::text = '[us]'::text)", "Plans": [{"Node Type": "Bitmap Index Scan", "Parent Relationship": "Outer", "Index Name": "company_name_pkey", "Startup Cost": 0.0, "Total Cost": 0.26, "Plan Rows": 1, "Plan Width": 0, "Index Cond": "(id = mc.company_id)"}]}]}, {"Node Type": "Bitmap Heap Scan", "Parent Relationship": "Inner", "Relation Name": "title", "Alias": "t", "Startup Cost": 0.3, "Total Cost": 4.32, "Plan Rows": 1, "Plan Width": 21, "Recheck Cond": "(id = ci.movie_id)", "Filter": "((production_year >= 2005) AND (production_year <= 2015))", "Plans": [{"Node Type": "Bitmap Index Scan", "Parent Relationship": "Outer", "Index Name": "title_pkey", "Startup Cost": 0.0, "Total Cost": 0.3, "Plan Rows": 1, "Plan Width": 0, "Index Cond": "(id = ci.movie_id)"}]}]}]}, "Unique SQL Id": 3431223514, "Planner Runtime": 53}, "explain_analyze_plan": null}, "(64, 20)": {"explain_plan": {"Plan": {"Node Type": "Aggregate", "Strategy": "Plain", "Startup Cost": 65860.2, "Total Cost": 65860.21, "Plan Rows": 1, "Plan Width": 145, "Plans": [{"Node Type": "Nested Loop", "Parent Relationship": "Outer", "Join Type": "Inner", "Startup Cost": 0.0, "Total Cost": 65860.2, "Plan Rows": 1, "Plan Width": 49, "Inner Unique": true, "Plans": [{"Node Type": "Nested Loop", "Parent Relationship": "Outer", "Join Type": "Inner", "Startup Cost": 0.0, "Total Cost": 65859.7, "Plan Rows": 1, "Plan Width": 40, "Inner Unique": true, "Plans": [{"Node Type": "Nested Loop", "Parent Relationship": "Outer", "Join Type": "Inner", "Startup Cost": 0.0, "Total Cost": 65859.04, "Plan Rows": 2, "Plan Width": 44, "Inner Unique": true, "Plans": [{"Node Type": "Nested Loop", "Parent Relationship": "Outer", "Join Type": "Inner", "Startup Cost": 0.0, "Total Cost": 65856.5, "Plan Rows": 5, "Plan Width": 32, "Inner Unique": false, "Plans": [{"Node Type": "Nested Loop", "Parent Relationship": "Outer", "Join Type": "Inner", "Startup Cost": 0.0, "Total Cost": 65850.89, "Plan Rows": 13, "Plan Width": 24, "Inner Unique": false, "Join Filter": "(ci.role_id = rt.id)", "Plans": [{"Node Type": "Seq Scan", "Parent Relationship": "Outer", "Relation Name": "role_type", "Alias": "rt", "Startup Cost": 0.0, "Total Cost": 1.15, "Plan Rows": 1, "Plan Width": 4, "Filter": "((role)::text = 'actress'::text)"}, {"Node Type": "Materialize", "Parent Relationship": "Inner", "Startup Cost": 0.0, "Total Cost": 65848.33, "Plan Rows": 141, "Plan Width": 28, "Plans": [{"Node Type": "Nested Loop", "Parent Relationship": "Outer", "Join Type": "Inner", "Startup Cost": 0.0, "Total Cost": 65847.98, "Plan Rows": 141, "Plan Width": 28, "Inner Unique": false, "Join Filter": "(n.id = ci.person_id)", "Plans": [{"Node Type": "Nested Loop", "Parent Relationship": "Outer", "Join Type": "Inner", "Startup Cost": 0.0, "Total Cost": 65572.69, "Plan Rows": 115, "Plan Width": 24, "Inner Unique": false, "Plans": [{"Node Type": "Streaming(type: LOCAL GATHER dop: 1/64)", "Parent Relationship": "Outer", "Startup Cost": 0.0, "Total Cost": 64781.81, "Plan Rows": 96, "Plan Width": 4, "Plans": [{"Node Type": "Seq Scan", "Parent Relationship": "Outer", "Relation Name": "name", "Alias": "n", "Startup Cost": 0.0, "Total Cost": 64779.83, "Plan Rows": 96, "Plan Width": 4, "Filter": "(((name)::text ~~ '%Ang%'::text) AND ((gender)::text = 'f'::text))"}]}, {"Node Type": "Index Scan", "Parent Relationship": "Inner", "Scan Direction": "Forward", "Index Name": "person_id_aka_name", "Relation Name": "aka_name", "Alias": "an", "Startup Cost": 0.0, "Total Cost": 8.23, "Plan Rows": 1, "Plan Width": 20, "Index Cond": "(person_id = n.id)"}]}, {"Node Type": "Index Scan", "Parent Relationship": "Inner", "Scan Direction": "Forward", "Index Name": "person_id_cast_info", "Relation Name": "cast_info", "Alias": "ci", "Startup Cost": 0.0, "Total Cost": 2.38, "Plan Rows": 1, "Plan Width": 16, "Index Cond": "(person_id = an.person_id)", "Filter": "((note)::text = ANY ('{(voice),\"(voice: Japanese version)\",\"(voice) (uncredited)\",\"(voice: English version)\"}'::text[]))"}]}]}]}, {"Node Type": "Index Scan", "Parent Relationship": "Inner", "Scan Direction": "Forward", "Index Name": "movie_id_movie_companies", "Relation Name": "movie_companies", "Alias": "mc", "Startup Cost": 0.0, "Total Cost": 0.42, "Plan Rows": 1, "Plan Width": 8, "Index Cond": "(movie_id = ci.movie_id)", "Filter": "((note IS NOT NULL) AND (((note)::text ~~ '%(USA)%'::text) OR ((note)::text ~~ '%(worldwide)%'::text)))"}]}, {"Node Type": "Index Scan", "Parent Relationship": "Inner", "Scan Direction": "Forward", "Index Name": "char_name_pkey", "Relation Name": "char_name", "Alias": "chn", "Startup Cost": 0.0, "Total Cost": 0.5, "Plan Rows": 1, "Plan Width": 20, "Index Cond": "(id = ci.person_role_id)"}]}, {"Node Type": "Index Scan", "Parent Relationship": "Inner", "Scan Direction": "Forward", "Index Name": "company_name_pkey", "Relation Name": "company_name", "Alias": "cn", "Startup Cost": 0.0, "Total Cost": 0.32, "Plan Rows": 1, "Plan Width": 4, "Index Cond": "(id = mc.company_id)", "Filter": "((country_code)::text = '[us]'::text)"}]}, {"Node Type": "Index Scan", "Parent Relationship": "Inner", "Scan Direction": "Forward", "Index Name": "title_pkey", "Relation Name": "title", "Alias": "t", "Startup Cost": 0.0, "Total Cost": 0.49, "Plan Rows": 1, "Plan Width": 21, "Index Cond": "(id = ci.movie_id)", "Filter": "((production_year >= 2005) AND (production_year <= 2015))"}]}]}, "Unique SQL Id": 3431223514, "Planner Runtime": 64}, "explain_analyze_plan": {"Plan": {"Node Type": "Aggregate", "Strategy": "Plain", "Startup Cost": 65860.2, "Total Cost": 65860.21, "Plan Rows": 1, "Plan Width": 145, "Actual Min Startup Time": 239.728, "Actual Max Startup Time": 239.728, "Actual Min Total Time": 239.728, "Actual Max Total Time": 239.728, "Plans": [{"Node Type": "Nested Loop", "Parent Relationship": "Outer", "Join Type": "Inner", "Startup Cost": 0.0, "Total Cost": 65860.2, "Plan Rows": 1, "Plan Width": 49, "Actual Min Startup Time": 230.969, "Actual Max Startup Time": 230.969, "Actual Min Total Time": 239.574, "Actual Max Total Time": 239.574, "Inner Unique": true, "Plans": [{"Node Type": "Nested Loop", "Parent Relationship": "Outer", "Join Type": "Inner", "Startup Cost": 0.0, "Total Cost": 65859.7, "Plan Rows": 1, "Plan Width": 40, "Actual Min Startup Time": 229.85, "Actual Max Startup Time": 229.85, "Actual Min Total Time": 237.655, "Actual Max Total Time": 237.655, "Inner Unique": true, "Plans": [{"Node Type": "Nested Loop", "Parent Relationship": "Outer", "Join Type": "Inner", "Startup Cost": 0.0, "Total Cost": 65859.04, "Plan Rows": 2, "Plan Width": 44, "Actual Min Startup Time": 229.833, "Actual Max Startup Time": 229.833, "Actual Min Total Time": 235.992, "Actual Max Total Time": 235.992, "Inner Unique": true, "Plans": [{"Node Type": "Nested Loop", "Parent Relationship": "Outer", "Join Type": "Inner", "Startup Cost": 0.0, "Total Cost": 65856.5, "Plan Rows": 5, "Plan Width": 32, "Actual Min Startup Time": 229.816, "Actual Max Startup Time": 229.816, "Actual Min Total Time": 234.443, "Actual Max Total Time": 234.443, "Inner Unique": false, "Plans": [{"Node Type": "Nested Loop", "Parent Relationship": "Outer", "Join Type": "Inner", "Startup Cost": 0.0, "Total Cost": 65850.89, "Plan Rows": 13, "Plan Width": 24, "Actual Min Startup Time": 229.764, "Actual Max Startup Time": 229.764, "Actual Min Total Time": 230.027, "Actual Max Total Time": 230.027, "Inner Unique": false, "Join Filter": "(ci.role_id = rt.id)", "Rows Removed by Join Filter": 0, "Plans": [{"Node Type": "Seq Scan", "Parent Relationship": "Outer", "Relation Name": "role_type", "Alias": "rt", "Startup Cost": 0.0, "Total Cost": 1.15, "Plan Rows": 1, "Plan Width": 4, "Actual Min Startup Time": 0.022, "Actual Max Startup Time": 0.022, "Actual Min Total Time": 0.026, "Actual Max Total Time": 0.026, "Filter": "((role)::text = 'actress'::text)", "Rows Removed by Filter": 11, "Actual Rows": 1}, {"Node Type": "Materialize", "Parent Relationship": "Inner", "Startup Cost": 0.0, "Total Cost": 65848.33, "Plan Rows": 141, "Plan Width": 28, "Actual Min Startup Time": 229.729, "Actual Max Startup Time": 229.729, "Actual Min Total Time": 229.79, "Actual Max Total Time": 229.79, "Plans": [{"Node Type": "Nested Loop", "Parent Relationship": "Outer", "Join Type": "Inner", "Startup Cost": 0.0, "Total Cost": 65847.98, "Plan Rows": 141, "Plan Width": 28, "Actual Min Startup Time": 109.917, "Actual Max Startup Time": 109.917, "Actual Min Total Time": 229.534, "Actual Max Total Time": 229.534, "Inner Unique": false, "Join Filter": "(n.id = ci.person_id)", "Rows Removed by Join Filter": 0, "Plans": [{"Node Type": "Nested Loop", "Parent Relationship": "Outer", "Join Type": "Inner", "Startup Cost": 0.0, "Total Cost": 65572.69, "Plan Rows": 115, "Plan Width": 24, "Actual Min Startup Time": 108.509, "Actual Max Startup Time": 108.509, "Actual Min Total Time": 175.399, "Actual Max Total Time": 175.399, "Inner Unique": false, "Plans": [{"Node Type": "Streaming(type: LOCAL GATHER dop: 1/64)", "Parent Relationship": "Outer", "Startup Cost": 0.0, "Total Cost": 64781.81, "Plan Rows": 96, "Plan Width": 4, "Actual Min Startup Time": 108.441, "Actual Max Startup Time": 108.441, "Actual Min Total Time": 150.514, "Actual Max Total Time": 150.514, "Plans": [{"Node Type": "Seq Scan", "Parent Relationship": "Outer", "Relation Name": "name", "Alias": "n", "Startup Cost": 0.0, "Total Cost": 64779.83, "Plan Rows": 96, "Plan Width": 4, "Actual Min Startup Time": 9.418, "Actual Max Startup Time": 13.998, "Actual Min Total Time": 25.419, "Actual Max Total Time": 30.544, "Filter": "(((name)::text ~~ '%Ang%'::text) AND ((gender)::text = 'f'::text))", "Rows Removed by Filter": 4160722, "Actual Rows": 6768}], "Actual Rows": 6768}, {"Node Type": "Index Scan", "Parent Relationship": "Inner", "Scan Direction": "Forward", "Index Name": "person_id_aka_name", "Relation Name": "aka_name", "Alias": "an", "Startup Cost": 0.0, "Total Cost": 8.23, "Plan Rows": 1, "Plan Width": 20, "Actual Min Startup Time": 20.591, "Actual Max Startup Time": 20.591, "Actual Min Total Time": 21.474, "Actual Max Total Time": 21.474, "Index Cond": "(person_id = n.id)", "Rows Removed by Index Recheck": 0, "Actual Rows": 1558}], "Actual Rows": 1558}, {"Node Type": "Index Scan", "Parent Relationship": "Inner", "Scan Direction": "Forward", "Index Name": "person_id_cast_info", "Relation Name": "cast_info", "Alias": "ci", "Startup Cost": 0.0, "Total Cost": 2.38, "Plan Rows": 1, "Plan Width": 16, "Actual Min Startup Time": 48.17, "Actual Max Startup Time": 48.17, "Actual Min Total Time": 53.195, "Actual Max Total Time": 53.195, "Index Cond": "(person_id = an.person_id)", "Rows Removed by Index Recheck": 0, "Filter": "((note)::text = ANY ('{(voice),\"(voice: Japanese version)\",\"(voice) (uncredited)\",\"(voice: English version)\"}'::text[]))", "Rows Removed by Filter": 69057, "Actual Rows": 425}], "Actual Rows": 425}], "Actual Rows": 426}], "Actual Rows": 425}, {"Node Type": "Index Scan", "Parent Relationship": "Inner", "Scan Direction": "Forward", "Index Name": "movie_id_movie_companies", "Relation Name": "movie_companies", "Alias": "mc", "Startup Cost": 0.0, "Total Cost": 0.42, "Plan Rows": 1, "Plan Width": 8, "Actual Min Startup Time": 2.892, "Actual Max Startup Time": 2.892, "Actual Min Total Time": 4.105, "Actual Max Total Time": 4.105, "Index Cond": "(movie_id = ci.movie_id)", "Rows Removed by Index Recheck": 0, "Filter": "((note IS NOT NULL) AND (((note)::text ~~ '%(USA)%'::text) OR ((note)::text ~~ '%(worldwide)%'::text)))", "Rows Removed by Filter": 1538, "Actual Rows": 373}], "Actual Rows": 373}, {"Node Type": "Index Scan", "Parent Relationship": "Inner", "Scan Direction": "Forward", "Index Name": "char_name_pkey", "Relation Name": "char_name", "Alias": "chn", "Startup Cost": 0.0, "Total Cost": 0.5, "Plan Rows": 1, "Plan Width": 20, "Actual Min Startup Time": 1.255, "Actual Max Startup Time": 1.255, "Actual Min Total Time": 1.255, "Actual Max Total Time": 1.255, "Index Cond": "(id = ci.person_role_id)", "Rows Removed by Index Recheck": 0, "Actual Rows": 348}], "Actual Rows": 348}, {"Node Type": "Index Scan", "Parent Relationship": "Inner", "Scan Direction": "Forward", "Index Name": "company_name_pkey", "Relation Name": "company_name", "Alias": "cn", "Startup Cost": 0.0, "Total Cost": 0.32, "Plan Rows": 1, "Plan Width": 4, "Actual Min Startup Time": 1.398, "Actual Max Startup Time": 1.398, "Actual Min Total Time": 1.398, "Actual Max Total Time": 1.398, "Index Cond": "(id = mc.company_id)", "Rows Removed by Index Recheck": 0, "Filter": "((country_code)::text = '[us]'::text)", "Rows Removed by Filter": 7, "Actual Rows": 341}], "Actual Rows": 341}, {"Node Type": "Index Scan", "Parent Relationship": "Inner", "Scan Direction": "Forward", "Index Name": "title_pkey", "Relation Name": "title", "Alias": "t", "Startup Cost": 0.0, "Total Cost": 0.49, "Plan Rows": 1, "Plan Width": 21, "Actual Min Startup Time": 1.689, "Actual Max Startup Time": 1.689, "Actual Min Total Time": 1.689, "Actual Max Total Time": 1.689, "Index Cond": "(id = ci.movie_id)", "Rows Removed by Index Recheck": 0, "Filter": "((production_year >= 2005) AND (production_year <= 2015))", "Rows Removed by Filter": 220, "Actual Rows": 121}], "Actual Rows": 121}], "Actual Rows": 1}, "Triggers": [], "Planner Runtime": 67, "Total Runtime": 251.757, "Unique SQL Id": 3431223514}}, "(64, 21)": {"explain_plan": {"Plan": {"Node Type": "Aggregate", "Strategy": "Plain", "Startup Cost": 198159.35, "Total Cost": 198159.36, "Plan Rows": 1, "Plan Width": 145, "Plans": [{"Node Type": "Nested Loop", "Parent Relationship": "Outer", "Join Type": "Inner", "Startup Cost": 0.0, "Total Cost": 198159.35, "Plan Rows": 1, "Plan Width": 49, "Inner Unique": true, "Plans": [{"Node Type": "Nested Loop", "Parent Relationship": "Outer", "Join Type": "Inner", "Startup Cost": 0.0, "Total Cost": 198158.85, "Plan Rows": 1, "Plan Width": 40, "Inner Unique": true, "Plans": [{"Node Type": "Nested Loop", "Parent Relationship": "Outer", "Join Type": "Inner", "Startup Cost": 0.0, "Total Cost": 198157.83, "Plan Rows": 2, "Plan Width": 28, "Inner Unique": true, "Plans": [{"Node Type": "Nested Loop", "Parent Relationship": "Outer", "Join Type": "Inner", "Startup Cost": 0.0, "Total Cost": 198156.19, "Plan Rows": 5, "Plan Width": 32, "Inner Unique": false, "Plans": [{"Node Type": "Nested Loop", "Parent Relationship": "Outer", "Join Type": "Inner", "Startup Cost": 0.0, "Total Cost": 198150.58, "Plan Rows": 13, "Plan Width": 24, "Inner Unique": false, "Join Filter": "(ci.role_id = rt.id)", "Plans": [{"Node Type": "Index Scan", "Parent Relationship": "Outer", "Scan Direction": "Forward", "Index Name": "role_type_pkey", "Relation Name": "role_type", "Alias": "rt", "Startup Cost": 0.0, "Total Cost": 12.46, "Plan Rows": 1, "Plan Width": 4, "Filter": "((role)::text = 'actress'::text)"}, {"Node Type": "Nested Loop", "Parent Relationship": "Inner", "Join Type": "Inner", "Startup Cost": 0.0, "Total Cost": 198136.36, "Plan Rows": 141, "Plan Width": 28, "Inner Unique": false, "Join Filter": "(n.id = ci.person_id)", "Plans": [{"Node Type": "Nested Loop", "Parent Relationship": "Outer", "Join Type": "Inner", "Startup Cost": 0.0, "Total Cost": 197861.08, "Plan Rows": 115, "Plan Width": 24, "Inner Unique": false, "Plans": [{"Node Type": "Index Scan", "Parent Relationship": "Outer", "Scan Direction": "Forward", "Index Name": "name_pkey", "Relation Name": "name", "Alias": "n", "Startup Cost": 0.0, "Total Cost": 197070.2, "Plan Rows": 96, "Plan Width": 4, "Filter": "(((name)::text ~~ '%Ang%'::text) AND ((gender)::text = 'f'::text))"}, {"Node Type": "Index Scan", "Parent Relationship": "Inner", "Scan Direction": "Forward", "Index Name": "person_id_aka_name", "Relation Name": "aka_name", "Alias": "an", "Startup Cost": 0.0, "Total Cost": 8.23, "Plan Rows": 1, "Plan Width": 20, "Index Cond": "(person_id = n.id)"}]}, {"Node Type": "Index Scan", "Parent Relationship": "Inner", "Scan Direction": "Forward", "Index Name": "person_id_cast_info", "Relation Name": "cast_info", "Alias": "ci", "Startup Cost": 0.0, "Total Cost": 2.38, "Plan Rows": 1, "Plan Width": 16, "Index Cond": "(person_id = an.person_id)", "Filter": "((note)::text = ANY ('{(voice),\"(voice: Japanese version)\",\"(voice) (uncredited)\",\"(voice: English version)\"}'::text[]))"}]}]}, {"Node Type": "Index Scan", "Parent Relationship": "Inner", "Scan Direction": "Forward", "Index Name": "movie_id_movie_companies", "Relation Name": "movie_companies", "Alias": "mc", "Startup Cost": 0.0, "Total Cost": 0.42, "Plan Rows": 1, "Plan Width": 8, "Index Cond": "(movie_id = ci.movie_id)", "Filter": "((note IS NOT NULL) AND (((note)::text ~~ '%(USA)%'::text) OR ((note)::text ~~ '%(worldwide)%'::text)))"}]}, {"Node Type": "Index Scan", "Parent Relationship": "Inner", "Scan Direction": "Forward", "Index Name": "company_name_pkey", "Relation Name": "company_name", "Alias": "cn", "Startup Cost": 0.0, "Total Cost": 0.32, "Plan Rows": 1, "Plan Width": 4, "Index Cond": "(id = mc.company_id)", "Filter": "((country_code)::text = '[us]'::text)"}]}, {"Node Type": "Index Scan", "Parent Relationship": "Inner", "Scan Direction": "Forward", "Index Name": "char_name_pkey", "Relation Name": "char_name", "Alias": "chn", "Startup Cost": 0.0, "Total Cost": 0.5, "Plan Rows": 1, "Plan Width": 20, "Index Cond": "(id = ci.person_role_id)"}]}, {"Node Type": "Index Scan", "Parent Relationship": "Inner", "Scan Direction": "Forward", "Index Name": "title_pkey", "Relation Name": "title", "Alias": "t", "Startup Cost": 0.0, "Total Cost": 0.49, "Plan Rows": 1, "Plan Width": 21, "Index Cond": "(id = ci.movie_id)", "Filter": "((production_year >= 2005) AND (production_year <= 2015))"}]}]}, "Unique SQL Id": 3431223514, "Planner Runtime": 54}, "explain_analyze_plan": null}, "(64, 22)": {"explain_plan": {"Plan": {"Node Type": "Aggregate", "Strategy": "Plain", "Startup Cost": 66284.39, "Total Cost": 66284.4, "Plan Rows": 1, "Plan Width": 145, "Plans": [{"Node Type": "Nested Loop", "Parent Relationship": "Outer", "Join Type": "Inner", "Startup Cost": 6.41, "Total Cost": 66284.37, "Plan Rows": 2, "Plan Width": 49, "Inner Unique": true, "Plans": [{"Node Type": "Nested Loop", "Parent Relationship": "Outer", "Join Type": "Inner", "Startup Cost": 6.11, "Total Cost": 66275.71, "Plan Rows": 2, "Plan Width": 40, "Inner Unique": true, "Plans": [{"Node Type": "Nested Loop", "Parent Relationship": "Outer", "Join Type": "Inner", "Startup Cost": 5.85, "Total Cost": 66267.14, "Plan Rows": 2, "Plan Width": 44, "Inner Unique": true, "Plans": [{"Node Type": "Nested Loop", "Parent Relationship": "Outer", "Join Type": "Inner", "Startup Cost": 5.53, "Total Cost": 66245.46, "Plan Rows": 5, "Plan Width": 32, "Inner Unique": false, "Plans": [{"Node Type": "Nested Loop", "Parent Relationship": "Outer", "Join Type": "Inner", "Startup Cost": 5.22, "Total Cost": 66188.82, "Plan Rows": 13, "Plan Width": 24, "Inner Unique": false, "Join Filter": "(ci.role_id = rt.id)", "Plans": [{"Node Type": "Seq Scan", "Parent Relationship": "Outer", "Relation Name": "role_type", "Alias": "rt", "Startup Cost": 0.0, "Total Cost": 1.15, "Plan Rows": 1, "Plan Width": 4, "Filter": "((role)::text = 'actress'::text)"}, {"Node Type": "Materialize", "Parent Relationship": "Inner", "Startup Cost": 5.22, "Total Cost": 66186.26, "Plan Rows": 141, "Plan Width": 28, "Plans": [{"Node Type": "Nested Loop", "Parent Relationship": "Outer", "Join Type": "Inner", "Startup Cost": 5.22, "Total Cost": 66185.91, "Plan Rows": 141, "Plan Width": 28, "Inner Unique": false, "Join Filter": "(n.id = ci.person_id)", "Plans": [{"Node Type": "Nested Loop", "Parent Relationship": "Outer", "Join Type": "Inner", "Startup Cost": 4.22, "Total Cost": 65572.72, "Plan Rows": 115, "Plan Width": 24, "Inner Unique": false, "Plans": [{"Node Type": "Streaming(type: LOCAL GATHER dop: 1/64)", "Parent Relationship": "Outer", "Startup Cost": 0.0, "Total Cost": 64781.81, "Plan Rows": 96, "Plan Width": 4, "Plans": [{"Node Type": "Seq Scan", "Parent Relationship": "Outer", "Relation Name": "name", "Alias": "n", "Startup Cost": 0.0, "Total Cost": 64779.83, "Plan Rows": 96, "Plan Width": 4, "Filter": "(((name)::text ~~ '%Ang%'::text) AND ((gender)::text = 'f'::text))"}]}, {"Node Type": "Bitmap Heap Scan", "Parent Relationship": "Inner", "Relation Name": "aka_name", "Alias": "an", "Startup Cost": 4.22, "Total Cost": 8.23, "Plan Rows": 1, "Plan Width": 20, "Recheck Cond": "(person_id = n.id)", "Plans": [{"Node Type": "Bitmap Index Scan", "Parent Relationship": "Outer", "Index Name": "person_id_aka_name", "Startup Cost": 0.0, "Total Cost": 4.22, "Plan Rows": 1, "Plan Width": 0, "Index Cond": "(person_id = n.id)"}]}]}, {"Node Type": "Bitmap Heap Scan", "Parent Relationship": "Inner", "Relation Name": "cast_info", "Alias": "ci", "Startup Cost": 1.0, "Total Cost": 5.32, "Plan Rows": 1, "Plan Width": 16, "Recheck Cond": "(person_id = an.person_id)", "Filter": "((note)::text = ANY ('{(voice),\"(voice: Japanese version)\",\"(voice) (uncredited)\",\"(voice: English version)\"}'::text[]))", "Plans": [{"Node Type": "Bitmap Index Scan", "Parent Relationship": "Outer", "Index Name": "person_id_cast_info", "Startup Cost": 0.0, "Total Cost": 1.0, "Plan Rows": 18, "Plan Width": 0, "Index Cond": "(person_id = an.person_id)"}]}]}]}]}, {"Node Type": "Bitmap Heap Scan", "Parent Relationship": "Inner", "Relation Name": "movie_companies", "Alias": "mc", "Startup Cost": 0.31, "Total Cost": 4.35, "Plan Rows": 1, "Plan Width": 8, "Recheck Cond": "(movie_id = ci.movie_id)", "Filter": "((note IS NOT NULL) AND (((note)::text ~~ '%(USA)%'::text) OR ((note)::text ~~ '%(worldwide)%'::text)))", "Plans": [{"Node Type": "Bitmap Index Scan", "Parent Relationship": "Outer", "Index Name": "movie_id_movie_companies", "Startup Cost": 0.0, "Total Cost": 0.31, "Plan Rows": 2, "Plan Width": 0, "Index Cond": "(movie_id = ci.movie_id)"}]}]}, {"Node Type": "Bitmap Heap Scan", "Parent Relationship": "Inner", "Relation Name": "char_name", "Alias": "chn", "Startup Cost": 0.31, "Total Cost": 4.33, "Plan Rows": 1, "Plan Width": 20, "Recheck Cond": "(id = ci.person_role_id)", "Plans": [{"Node Type": "Bitmap Index Scan", "Parent Relationship": "Outer", "Index Name": "char_name_pkey", "Startup Cost": 0.0, "Total Cost": 0.31, "Plan Rows": 1, "Plan Width": 0, "Index Cond": "(id = ci.person_role_id)"}]}]}, {"Node Type": "Bitmap Heap Scan", "Parent Relationship": "Inner", "Relation Name": "company_name", "Alias": "cn", "Startup Cost": 0.26, "Total Cost": 4.28, "Plan Rows": 1, "Plan Width": 4, "Recheck Cond": "(id = mc.company_id)", "Filter": "((country_code)::text = '[us]'::text)", "Plans": [{"Node Type": "Bitmap Index Scan", "Parent Relationship": "Outer", "Index Name": "company_name_pkey", "Startup Cost": 0.0, "Total Cost": 0.26, "Plan Rows": 1, "Plan Width": 0, "Index Cond": "(id = mc.company_id)"}]}]}, {"Node Type": "Bitmap Heap Scan", "Parent Relationship": "Inner", "Relation Name": "title", "Alias": "t", "Startup Cost": 0.3, "Total Cost": 4.32, "Plan Rows": 1, "Plan Width": 21, "Recheck Cond": "(id = ci.movie_id)", "Filter": "((production_year >= 2005) AND (production_year <= 2015))", "Plans": [{"Node Type": "Bitmap Index Scan", "Parent Relationship": "Outer", "Index Name": "title_pkey", "Startup Cost": 0.0, "Total Cost": 0.3, "Plan Rows": 1, "Plan Width": 0, "Index Cond": "(id = ci.movie_id)"}]}]}]}, "Unique SQL Id": 3431223514, "Planner Runtime": 70}, "explain_analyze_plan": {"Plan": {"Node Type": "Aggregate", "Strategy": "Plain", "Startup Cost": 66284.39, "Total Cost": 66284.4, "Plan Rows": 1, "Plan Width": 145, "Actual Min Startup Time": 251.018, "Actual Max Startup Time": 251.018, "Actual Min Total Time": 251.018, "Actual Max Total Time": 251.018, "Plans": [{"Node Type": "Nested Loop", "Parent Relationship": "Outer", "Join Type": "Inner", "Startup Cost": 6.41, "Total Cost": 66284.37, "Plan Rows": 2, "Plan Width": 49, "Actual Min Startup Time": 239.129, "Actual Max Startup Time": 239.129, "Actual Min Total Time": 250.853, "Actual Max Total Time": 250.853, "Inner Unique": true, "Plans": [{"Node Type": "Nested Loop", "Parent Relationship": "Outer", "Join Type": "Inner", "Startup Cost": 6.11, "Total Cost": 66275.71, "Plan Rows": 2, "Plan Width": 40, "Actual Min Startup Time": 238.187, "Actual Max Startup Time": 238.187, "Actual Min Total Time": 248.39, "Actual Max Total Time": 248.39, "Inner Unique": true, "Plans": [{"Node Type": "Nested Loop", "Parent Relationship": "Outer", "Join Type": "Inner", "Startup Cost": 5.85, "Total Cost": 66267.14, "Plan Rows": 2, "Plan Width": 44, "Actual Min Startup Time": 238.165, "Actual Max Startup Time": 238.165, "Actual Min Total Time": 246.11, "Actual Max Total Time": 246.11, "Inner Unique": true, "Plans": [{"Node Type": "Nested Loop", "Parent Relationship": "Outer", "Join Type": "Inner", "Startup Cost": 5.53, "Total Cost": 66245.46, "Plan Rows": 5, "Plan Width": 32, "Actual Min Startup Time": 238.136, "Actual Max Startup Time": 238.136, "Actual Min Total Time": 243.921, "Actual Max Total Time": 243.921, "Inner Unique": false, "Plans": [{"Node Type": "Nested Loop", "Parent Relationship": "Outer", "Join Type": "Inner", "Startup Cost": 5.22, "Total Cost": 66188.82, "Plan Rows": 13, "Plan Width": 24, "Actual Min Startup Time": 238.104, "Actual Max Startup Time": 238.104, "Actual Min Total Time": 238.402, "Actual Max Total Time": 238.402, "Inner Unique": false, "Join Filter": "(ci.role_id = rt.id)", "Rows Removed by Join Filter": 0, "Plans": [{"Node Type": "Seq Scan", "Parent Relationship": "Outer", "Relation Name": "role_type", "Alias": "rt", "Startup Cost": 0.0, "Total Cost": 1.15, "Plan Rows": 1, "Plan Width": 4, "Actual Min Startup Time": 0.021, "Actual Max Startup Time": 0.021, "Actual Min Total Time": 0.026, "Actual Max Total Time": 0.026, "Filter": "((role)::text = 'actress'::text)", "Rows Removed by Filter": 11, "Actual Rows": 1}, {"Node Type": "Materialize", "Parent Relationship": "Inner", "Startup Cost": 5.22, "Total Cost": 66186.26, "Plan Rows": 141, "Plan Width": 28, "Actual Min Startup Time": 238.072, "Actual Max Startup Time": 238.072, "Actual Min Total Time": 238.153, "Actual Max Total Time": 238.153, "Plans": [{"Node Type": "Nested Loop", "Parent Relationship": "Outer", "Join Type": "Inner", "Startup Cost": 5.22, "Total Cost": 66185.91, "Plan Rows": 141, "Plan Width": 28, "Actual Min Startup Time": 125.309, "Actual Max Startup Time": 125.309, "Actual Min Total Time": 237.852, "Actual Max Total Time": 237.852, "Inner Unique": false, "Join Filter": "(n.id = ci.person_id)", "Rows Removed by Join Filter": 0, "Plans": [{"Node Type": "Nested Loop", "Parent Relationship": "Outer", "Join Type": "Inner", "Startup Cost": 4.22, "Total Cost": 65572.72, "Plan Rows": 115, "Plan Width": 24, "Actual Min Startup Time": 111.461, "Actual Max Startup Time": 111.461, "Actual Min Total Time": 183.403, "Actual Max Total Time": 183.403, "Inner Unique": false, "Plans": [{"Node Type": "Streaming(type: LOCAL GATHER dop: 1/64)", "Parent Relationship": "Outer", "Startup Cost": 0.0, "Total Cost": 64781.81, "Plan Rows": 96, "Plan Width": 4, "Actual Min Startup Time": 111.341, "Actual Max Startup Time": 111.341, "Actual Min Total Time": 150.027, "Actual Max Total Time": 150.027, "Plans": [{"Node Type": "Seq Scan", "Parent Relationship": "Outer", "Relation Name": "name", "Alias": "n", "Startup Cost": 0.0, "Total Cost": 64779.83, "Plan Rows": 96, "Plan Width": 4, "Actual Min Startup Time": 9.503, "Actual Max Startup Time": 22.228, "Actual Min Total Time": 25.407, "Actual Max Total Time": 43.146, "Filter": "(((name)::text ~~ '%Ang%'::text) AND ((gender)::text = 'f'::text))", "Rows Removed by Filter": 4160722, "Actual Rows": 6768}], "Actual Rows": 6768}, {"Node Type": "Bitmap Heap Scan", "Parent Relationship": "Inner", "Relation Name": "aka_name", "Alias": "an", "Startup Cost": 4.22, "Total Cost": 8.23, "Plan Rows": 1, "Plan Width": 20, "Actual Min Startup Time": 25.289, "Actual Max Startup Time": 25.289, "Actual Min Total Time": 25.872, "Actual Max Total Time": 25.872, "Recheck Cond": "(person_id = n.id)", "Rows Removed by Index Recheck": 0, "Exact Heap Blocks": 1014, "Lossy Heap Blocks": 1014, "Plans": [{"Node Type": "Bitmap Index Scan", "Parent Relationship": "Outer", "Index Name": "person_id_aka_name", "Startup Cost": 0.0, "Total Cost": 4.22, "Plan Rows": 1, "Plan Width": 0, "Actual Min Startup Time": 19.521, "Actual Max Startup Time": 19.521, "Actual Min Total Time": 19.521, "Actual Max Total Time": 19.521, "Index Cond": "(person_id = n.id)", "Actual Rows": 1558}], "Actual Rows": 1558}], "Actual Rows": 1558}, {"Node Type": "Bitmap Heap Scan", "Parent Relationship": "Inner", "Relation Name": "cast_info", "Alias": "ci", "Startup Cost": 1.0, "Total Cost": 5.32, "Plan Rows": 1, "Plan Width": 16, "Actual Min Startup Time": 49.133, "Actual Max Startup Time": 49.133, "Actual Min Total Time": 52.368, "Actual Max Total Time": 52.368, "Recheck Cond": "(person_id = an.person_id)", "Rows Removed by Index Recheck": 0, "Filter": "((note)::text = ANY ('{(voice),\"(voice: Japanese version)\",\"(voice) (uncredited)\",\"(voice: English version)\"}'::text[]))", "Rows Removed by Filter": 69057, "Exact Heap Blocks": 2627, "Lossy Heap Blocks": 2627, "Plans": [{"Node Type": "Bitmap Index Scan", "Parent Relationship": "Outer", "Index Name": "person_id_cast_info", "Startup Cost": 0.0, "Total Cost": 1.0, "Plan Rows": 18, "Plan Width": 0, "Actual Min Startup Time": 15.987, "Actual Max Startup Time": 15.987, "Actual Min Total Time": 15.987, "Actual Max Total Time": 15.987, "Index Cond": "(person_id = an.person_id)", "Actual Rows": 69482}], "Actual Rows": 425}], "Actual Rows": 425}], "Actual Rows": 426}], "Actual Rows": 425}, {"Node Type": "Bitmap Heap Scan", "Parent Relationship": "Inner", "Relation Name": "movie_companies", "Alias": "mc", "Startup Cost": 0.31, "Total Cost": 4.35, "Plan Rows": 1, "Plan Width": 8, "Actual Min Startup Time": 3.907, "Actual Max Startup Time": 3.907, "Actual Min Total Time": 4.913, "Actual Max Total Time": 4.913, "Recheck Cond": "(movie_id = ci.movie_id)", "Rows Removed by Index Recheck": 0, "Filter": "((note IS NOT NULL) AND (((note)::text ~~ '%(USA)%'::text) OR ((note)::text ~~ '%(worldwide)%'::text)))", "Rows Removed by Filter": 1538, "Exact Heap Blocks": 580, "Lossy Heap Blocks": 580, "Plans": [{"Node Type": "Bitmap Index Scan", "Parent Relationship": "Outer", "Index Name": "movie_id_movie_companies", "Startup Cost": 0.0, "Total Cost": 0.31, "Plan Rows": 2, "Plan Width": 0, "Actual Min Startup Time": 2.055, "Actual Max Startup Time": 2.055, "Actual Min Total Time": 2.055, "Actual Max Total Time": 2.055, "Index Cond": "(movie_id = ci.movie_id)", "Actual Rows": 1911}], "Actual Rows": 373}], "Actual Rows": 373}, {"Node Type": "Bitmap Heap Scan", "Parent Relationship": "Inner", "Relation Name": "char_name", "Alias": "chn", "Startup Cost": 0.31, "Total Cost": 4.33, "Plan Rows": 1, "Plan Width": 20, "Actual Min Startup Time": 1.667, "Actual Max Startup Time": 1.667, "Actual Min Total Time": 1.667, "Actual Max Total Time": 1.667, "Recheck Cond": "(id = ci.person_role_id)", "Rows Removed by Index Recheck": 0, "Exact Heap Blocks": 348, "Lossy Heap Blocks": 348, "Plans": [{"Node Type": "Bitmap Index Scan", "Parent Relationship": "Outer", "Index Name": "char_name_pkey", "Startup Cost": 0.0, "Total Cost": 0.31, "Plan Rows": 1, "Plan Width": 0, "Actual Min Startup Time": 1.076, "Actual Max Startup Time": 1.076, "Actual Min Total Time": 1.076, "Actual Max Total Time": 1.076, "Index Cond": "(id = ci.person_role_id)", "Actual Rows": 348}], "Actual Rows": 348}], "Actual Rows": 348}, {"Node Type": "Bitmap Heap Scan", "Parent Relationship": "Inner", "Relation Name": "company_name", "Alias": "cn", "Startup Cost": 0.26, "Total Cost": 4.28, "Plan Rows": 1, "Plan Width": 4, "Actual Min Startup Time": 1.819, "Actual Max Startup Time": 1.819, "Actual Min Total Time": 1.819, "Actual Max Total Time": 1.819, "Recheck Cond": "(id = mc.company_id)", "Rows Removed by Index Recheck": 0, "Filter": "((country_code)::text = '[us]'::text)", "Rows Removed by Filter": 7, "Exact Heap Blocks": 348, "Lossy Heap Blocks": 348, "Plans": [{"Node Type": "Bitmap Index Scan", "Parent Relationship": "Outer", "Index Name": "company_name_pkey", "Startup Cost": 0.0, "Total Cost": 0.26, "Plan Rows": 1, "Plan Width": 0, "Actual Min Startup Time": 1.0, "Actual Max Startup Time": 1.0, "Actual Min Total Time": 1.0, "Actual Max Total Time": 1.0, "Index Cond": "(id = mc.company_id)", "Actual Rows": 348}], "Actual Rows": 341}], "Actual Rows": 341}, {"Node Type": "Bitmap Heap Scan", "Parent Relationship": "Inner", "Relation Name": "title", "Alias": "t", "Startup Cost": 0.3, "Total Cost": 4.32, "Plan Rows": 1, "Plan Width": 21, "Actual Min Startup Time": 2.04, "Actual Max Startup Time": 2.04, "Actual Min Total Time": 2.04, "Actual Max Total Time": 2.04, "Recheck Cond": "(id = ci.movie_id)", "Rows Removed by Index Recheck": 0, "Filter": "((production_year >= 2005) AND (production_year <= 2015))", "Rows Removed by Filter": 220, "Exact Heap Blocks": 341, "Lossy Heap Blocks": 341, "Plans": [{"Node Type": "Bitmap Index Scan", "Parent Relationship": "Outer", "Index Name": "title_pkey", "Startup Cost": 0.0, "Total Cost": 0.3, "Plan Rows": 1, "Plan Width": 0, "Actual Min Startup Time": 1.203, "Actual Max Startup Time": 1.203, "Actual Min Total Time": 1.203, "Actual Max Total Time": 1.203, "Index Cond": "(id = ci.movie_id)", "Actual Rows": 341}], "Actual Rows": 121}], "Actual Rows": 121}], "Actual Rows": 1}, "Triggers": [], "Planner Runtime": 119, "Total Runtime": 263.936, "Unique SQL Id": 3431223514}}, "(64, 23)": {"explain_plan": {"Plan": {"Node Type": "Aggregate", "Strategy": "Plain", "Startup Cost": 199170.6, "Total Cost": 199170.61, "Plan Rows": 1, "Plan Width": 145, "Plans": [{"Node Type": "Nested Loop", "Parent Relationship": "Outer", "Join Type": "Inner", "Startup Cost": 83164.39, "Total Cost": 199170.59, "Plan Rows": 2, "Plan Width": 49, "Inner Unique": true, "Plans": [{"Node Type": "Nested Loop", "Parent Relationship": "Outer", "Join Type": "Inner", "Startup Cost": 83164.09, "Total Cost": 199161.93, "Plan Rows": 2, "Plan Width": 40, "Inner Unique": true, "Plans": [{"Node Type": "Nested Loop", "Parent Relationship": "Outer", "Join Type": "Inner", "Startup Cost": 83163.83, "Total Cost": 199153.35, "Plan Rows": 2, "Plan Width": 44, "Inner Unique": true, "Plans": [{"Node Type": "Nested Loop", "Parent Relationship": "Outer", "Join Type": "Inner", "Startup Cost": 83163.51, "Total Cost": 199131.67, "Plan Rows": 5, "Plan Width": 32, "Inner Unique": false, "Plans": [{"Node Type": "Nested Loop", "Parent Relationship": "Outer", "Join Type": "Inner", "Startup Cost": 83163.2, "Total Cost": 199075.04, "Plan Rows": 13, "Plan Width": 24, "Inner Unique": true, "Plans": [{"Node Type": "Nested Loop", "Parent Relationship": "Outer", "Join Type": "Inner", "Startup Cost": 83162.94, "Total Cost": 198471.17, "Plan Rows": 141, "Plan Width": 28, "Inner Unique": false, "Join Filter": "(n.id = ci.person_id)", "Plans": [{"Node Type": "Nested Loop", "Parent Relationship": "Outer", "Join Type": "Inner", "Startup Cost": 83161.94, "Total Cost": 197857.98, "Plan Rows": 115, "Plan Width": 24, "Inner Unique": false, "Plans": [{"Node Type": "Bitmap Heap Scan", "Parent Relationship": "Outer", "Relation Name": "name", "Alias": "n", "Startup Cost": 83157.72, "Total Cost": 197067.07, "Plan Rows": 96, "Plan Width": 4, "Filter": "(((name)::text ~~ '%Ang%'::text) AND ((gender)::text = 'f'::text))", "Plans": [{"Node Type": "Bitmap Index Scan", "Parent Relationship": "Outer", "Index Name": "name_pkey", "Startup Cost": 0.0, "Total Cost": 83157.7, "Plan Rows": 4167490, "Plan Width": 0}]}, {"Node Type": "Bitmap Heap Scan", "Parent Relationship": "Inner", "Relation Name": "aka_name", "Alias": "an", "Startup Cost": 4.22, "Total Cost": 8.23, "Plan Rows": 1, "Plan Width": 20, "Recheck Cond": "(person_id = n.id)", "Plans": [{"Node Type": "Bitmap Index Scan", "Parent Relationship": "Outer", "Index Name": "person_id_aka_name", "Startup Cost": 0.0, "Total Cost": 4.22, "Plan Rows": 1, "Plan Width": 0, "Index Cond": "(person_id = n.id)"}]}]}, {"Node Type": "Bitmap Heap Scan", "Parent Relationship": "Inner", "Relation Name": "cast_info", "Alias": "ci", "Startup Cost": 1.0, "Total Cost": 5.32, "Plan Rows": 1, "Plan Width": 16, "Recheck Cond": "(person_id = an.person_id)", "Filter": "((note)::text = ANY ('{(voice),\"(voice: Japanese version)\",\"(voice) (uncredited)\",\"(voice: English version)\"}'::text[]))", "Plans": [{"Node Type": "Bitmap Index Scan", "Parent Relationship": "Outer", "Index Name": "person_id_cast_info", "Startup Cost": 0.0, "Total Cost": 1.0, "Plan Rows": 18, "Plan Width": 0, "Index Cond": "(person_id = an.person_id)"}]}]}, {"Node Type": "Bitmap Heap Scan", "Parent Relationship": "Inner", "Relation Name": "role_type", "Alias": "rt", "Startup Cost": 0.26, "Total Cost": 4.27, "Plan Rows": 1, "Plan Width": 4, "Recheck Cond": "(id = ci.role_id)", "Filter": "((role)::text = 'actress'::text)", "Plans": [{"Node Type": "Bitmap Index Scan", "Parent Relationship": "Outer", "Index Name": "role_type_pkey", "Startup Cost": 0.0, "Total Cost": 0.26, "Plan Rows": 1, "Plan Width": 0, "Index Cond": "(id = ci.role_id)"}]}]}, {"Node Type": "Bitmap Heap Scan", "Parent Relationship": "Inner", "Relation Name": "movie_companies", "Alias": "mc", "Startup Cost": 0.31, "Total Cost": 4.35, "Plan Rows": 1, "Plan Width": 8, "Recheck Cond": "(movie_id = ci.movie_id)", "Filter": "((note IS NOT NULL) AND (((note)::text ~~ '%(USA)%'::text) OR ((note)::text ~~ '%(worldwide)%'::text)))", "Plans": [{"Node Type": "Bitmap Index Scan", "Parent Relationship": "Outer", "Index Name": "movie_id_movie_companies", "Startup Cost": 0.0, "Total Cost": 0.31, "Plan Rows": 2, "Plan Width": 0, "Index Cond": "(movie_id = ci.movie_id)"}]}]}, {"Node Type": "Bitmap Heap Scan", "Parent Relationship": "Inner", "Relation Name": "char_name", "Alias": "chn", "Startup Cost": 0.31, "Total Cost": 4.33, "Plan Rows": 1, "Plan Width": 20, "Recheck Cond": "(id = ci.person_role_id)", "Plans": [{"Node Type": "Bitmap Index Scan", "Parent Relationship": "Outer", "Index Name": "char_name_pkey", "Startup Cost": 0.0, "Total Cost": 0.31, "Plan Rows": 1, "Plan Width": 0, "Index Cond": "(id = ci.person_role_id)"}]}]}, {"Node Type": "Bitmap Heap Scan", "Parent Relationship": "Inner", "Relation Name": "company_name", "Alias": "cn", "Startup Cost": 0.26, "Total Cost": 4.28, "Plan Rows": 1, "Plan Width": 4, "Recheck Cond": "(id = mc.company_id)", "Filter": "((country_code)::text = '[us]'::text)", "Plans": [{"Node Type": "Bitmap Index Scan", "Parent Relationship": "Outer", "Index Name": "company_name_pkey", "Startup Cost": 0.0, "Total Cost": 0.26, "Plan Rows": 1, "Plan Width": 0, "Index Cond": "(id = mc.company_id)"}]}]}, {"Node Type": "Bitmap Heap Scan", "Parent Relationship": "Inner", "Relation Name": "title", "Alias": "t", "Startup Cost": 0.3, "Total Cost": 4.32, "Plan Rows": 1, "Plan Width": 21, "Recheck Cond": "(id = ci.movie_id)", "Filter": "((production_year >= 2005) AND (production_year <= 2015))", "Plans": [{"Node Type": "Bitmap Index Scan", "Parent Relationship": "Outer", "Index Name": "title_pkey", "Startup Cost": 0.0, "Total Cost": 0.3, "Plan Rows": 1, "Plan Width": 0, "Index Cond": "(id = ci.movie_id)"}]}]}]}, "Unique SQL Id": 3431223514, "Planner Runtime": 52}, "explain_analyze_plan": null}, "(64, 24)": {"explain_plan": {"Plan": {"Node Type": "Aggregate", "Strategy": "Plain", "Startup Cost": 65860.2, "Total Cost": 65860.21, "Plan Rows": 1, "Plan Width": 145, "Plans": [{"Node Type": "Nested Loop", "Parent Relationship": "Outer", "Join Type": "Inner", "Startup Cost": 0.0, "Total Cost": 65860.2, "Plan Rows": 1, "Plan Width": 49, "Inner Unique": true, "Plans": [{"Node Type": "Nested Loop", "Parent Relationship": "Outer", "Join Type": "Inner", "Startup Cost": 0.0, "Total Cost": 65859.7, "Plan Rows": 1, "Plan Width": 40, "Inner Unique": true, "Plans": [{"Node Type": "Nested Loop", "Parent Relationship": "Outer", "Join Type": "Inner", "Startup Cost": 0.0, "Total Cost": 65859.04, "Plan Rows": 2, "Plan Width": 44, "Inner Unique": true, "Plans": [{"Node Type": "Nested Loop", "Parent Relationship": "Outer", "Join Type": "Inner", "Startup Cost": 0.0, "Total Cost": 65856.5, "Plan Rows": 5, "Plan Width": 32, "Inner Unique": false, "Plans": [{"Node Type": "Nested Loop", "Parent Relationship": "Outer", "Join Type": "Inner", "Startup Cost": 0.0, "Total Cost": 65850.89, "Plan Rows": 13, "Plan Width": 24, "Inner Unique": false, "Join Filter": "(ci.role_id = rt.id)", "Plans": [{"Node Type": "Seq Scan", "Parent Relationship": "Outer", "Relation Name": "role_type", "Alias": "rt", "Startup Cost": 0.0, "Total Cost": 1.15, "Plan Rows": 1, "Plan Width": 4, "Filter": "((role)::text = 'actress'::text)"}, {"Node Type": "Materialize", "Parent Relationship": "Inner", "Startup Cost": 0.0, "Total Cost": 65848.33, "Plan Rows": 141, "Plan Width": 28, "Plans": [{"Node Type": "Nested Loop", "Parent Relationship": "Outer", "Join Type": "Inner", "Startup Cost": 0.0, "Total Cost": 65847.98, "Plan Rows": 141, "Plan Width": 28, "Inner Unique": false, "Join Filter": "(n.id = ci.person_id)", "Plans": [{"Node Type": "Nested Loop", "Parent Relationship": "Outer", "Join Type": "Inner", "Startup Cost": 0.0, "Total Cost": 65572.69, "Plan Rows": 115, "Plan Width": 24, "Inner Unique": false, "Plans": [{"Node Type": "Streaming(type: LOCAL GATHER dop: 1/64)", "Parent Relationship": "Outer", "Startup Cost": 0.0, "Total Cost": 64781.81, "Plan Rows": 96, "Plan Width": 4, "Plans": [{"Node Type": "Seq Scan", "Parent Relationship": "Outer", "Relation Name": "name", "Alias": "n", "Startup Cost": 0.0, "Total Cost": 64779.83, "Plan Rows": 96, "Plan Width": 4, "Filter": "(((name)::text ~~ '%Ang%'::text) AND ((gender)::text = 'f'::text))"}]}, {"Node Type": "Index Scan", "Parent Relationship": "Inner", "Scan Direction": "Forward", "Index Name": "person_id_aka_name", "Relation Name": "aka_name", "Alias": "an", "Startup Cost": 0.0, "Total Cost": 8.23, "Plan Rows": 1, "Plan Width": 20, "Index Cond": "(person_id = n.id)"}]}, {"Node Type": "Index Scan", "Parent Relationship": "Inner", "Scan Direction": "Forward", "Index Name": "person_id_cast_info", "Relation Name": "cast_info", "Alias": "ci", "Startup Cost": 0.0, "Total Cost": 2.38, "Plan Rows": 1, "Plan Width": 16, "Index Cond": "(person_id = an.person_id)", "Filter": "((note)::text = ANY ('{(voice),\"(voice: Japanese version)\",\"(voice) (uncredited)\",\"(voice: English version)\"}'::text[]))"}]}]}]}, {"Node Type": "Index Scan", "Parent Relationship": "Inner", "Scan Direction": "Forward", "Index Name": "movie_id_movie_companies", "Relation Name": "movie_companies", "Alias": "mc", "Startup Cost": 0.0, "Total Cost": 0.42, "Plan Rows": 1, "Plan Width": 8, "Index Cond": "(movie_id = ci.movie_id)", "Filter": "((note IS NOT NULL) AND (((note)::text ~~ '%(USA)%'::text) OR ((note)::text ~~ '%(worldwide)%'::text)))"}]}, {"Node Type": "Index Scan", "Parent Relationship": "Inner", "Scan Direction": "Forward", "Index Name": "char_name_pkey", "Relation Name": "char_name", "Alias": "chn", "Startup Cost": 0.0, "Total Cost": 0.5, "Plan Rows": 1, "Plan Width": 20, "Index Cond": "(id = ci.person_role_id)"}]}, {"Node Type": "Index Scan", "Parent Relationship": "Inner", "Scan Direction": "Forward", "Index Name": "company_name_pkey", "Relation Name": "company_name", "Alias": "cn", "Startup Cost": 0.0, "Total Cost": 0.32, "Plan Rows": 1, "Plan Width": 4, "Index Cond": "(id = mc.company_id)", "Filter": "((country_code)::text = '[us]'::text)"}]}, {"Node Type": "Index Scan", "Parent Relationship": "Inner", "Scan Direction": "Forward", "Index Name": "title_pkey", "Relation Name": "title", "Alias": "t", "Startup Cost": 0.0, "Total Cost": 0.49, "Plan Rows": 1, "Plan Width": 21, "Index Cond": "(id = ci.movie_id)", "Filter": "((production_year >= 2005) AND (production_year <= 2015))"}]}]}, "Unique SQL Id": 3431223514, "Planner Runtime": 64}, "explain_analyze_plan": {"Plan": {"Node Type": "Aggregate", "Strategy": "Plain", "Startup Cost": 65860.2, "Total Cost": 65860.21, "Plan Rows": 1, "Plan Width": 145, "Actual Min Startup Time": 239.728, "Actual Max Startup Time": 239.728, "Actual Min Total Time": 239.728, "Actual Max Total Time": 239.728, "Plans": [{"Node Type": "Nested Loop", "Parent Relationship": "Outer", "Join Type": "Inner", "Startup Cost": 0.0, "Total Cost": 65860.2, "Plan Rows": 1, "Plan Width": 49, "Actual Min Startup Time": 230.969, "Actual Max Startup Time": 230.969, "Actual Min Total Time": 239.574, "Actual Max Total Time": 239.574, "Inner Unique": true, "Plans": [{"Node Type": "Nested Loop", "Parent Relationship": "Outer", "Join Type": "Inner", "Startup Cost": 0.0, "Total Cost": 65859.7, "Plan Rows": 1, "Plan Width": 40, "Actual Min Startup Time": 229.85, "Actual Max Startup Time": 229.85, "Actual Min Total Time": 237.655, "Actual Max Total Time": 237.655, "Inner Unique": true, "Plans": [{"Node Type": "Nested Loop", "Parent Relationship": "Outer", "Join Type": "Inner", "Startup Cost": 0.0, "Total Cost": 65859.04, "Plan Rows": 2, "Plan Width": 44, "Actual Min Startup Time": 229.833, "Actual Max Startup Time": 229.833, "Actual Min Total Time": 235.992, "Actual Max Total Time": 235.992, "Inner Unique": true, "Plans": [{"Node Type": "Nested Loop", "Parent Relationship": "Outer", "Join Type": "Inner", "Startup Cost": 0.0, "Total Cost": 65856.5, "Plan Rows": 5, "Plan Width": 32, "Actual Min Startup Time": 229.816, "Actual Max Startup Time": 229.816, "Actual Min Total Time": 234.443, "Actual Max Total Time": 234.443, "Inner Unique": false, "Plans": [{"Node Type": "Nested Loop", "Parent Relationship": "Outer", "Join Type": "Inner", "Startup Cost": 0.0, "Total Cost": 65850.89, "Plan Rows": 13, "Plan Width": 24, "Actual Min Startup Time": 229.764, "Actual Max Startup Time": 229.764, "Actual Min Total Time": 230.027, "Actual Max Total Time": 230.027, "Inner Unique": false, "Join Filter": "(ci.role_id = rt.id)", "Rows Removed by Join Filter": 0, "Plans": [{"Node Type": "Seq Scan", "Parent Relationship": "Outer", "Relation Name": "role_type", "Alias": "rt", "Startup Cost": 0.0, "Total Cost": 1.15, "Plan Rows": 1, "Plan Width": 4, "Actual Min Startup Time": 0.022, "Actual Max Startup Time": 0.022, "Actual Min Total Time": 0.026, "Actual Max Total Time": 0.026, "Filter": "((role)::text = 'actress'::text)", "Rows Removed by Filter": 11, "Actual Rows": 1}, {"Node Type": "Materialize", "Parent Relationship": "Inner", "Startup Cost": 0.0, "Total Cost": 65848.33, "Plan Rows": 141, "Plan Width": 28, "Actual Min Startup Time": 229.729, "Actual Max Startup Time": 229.729, "Actual Min Total Time": 229.79, "Actual Max Total Time": 229.79, "Plans": [{"Node Type": "Nested Loop", "Parent Relationship": "Outer", "Join Type": "Inner", "Startup Cost": 0.0, "Total Cost": 65847.98, "Plan Rows": 141, "Plan Width": 28, "Actual Min Startup Time": 109.917, "Actual Max Startup Time": 109.917, "Actual Min Total Time": 229.534, "Actual Max Total Time": 229.534, "Inner Unique": false, "Join Filter": "(n.id = ci.person_id)", "Rows Removed by Join Filter": 0, "Plans": [{"Node Type": "Nested Loop", "Parent Relationship": "Outer", "Join Type": "Inner", "Startup Cost": 0.0, "Total Cost": 65572.69, "Plan Rows": 115, "Plan Width": 24, "Actual Min Startup Time": 108.509, "Actual Max Startup Time": 108.509, "Actual Min Total Time": 175.399, "Actual Max Total Time": 175.399, "Inner Unique": false, "Plans": [{"Node Type": "Streaming(type: LOCAL GATHER dop: 1/64)", "Parent Relationship": "Outer", "Startup Cost": 0.0, "Total Cost": 64781.81, "Plan Rows": 96, "Plan Width": 4, "Actual Min Startup Time": 108.441, "Actual Max Startup Time": 108.441, "Actual Min Total Time": 150.514, "Actual Max Total Time": 150.514, "Plans": [{"Node Type": "Seq Scan", "Parent Relationship": "Outer", "Relation Name": "name", "Alias": "n", "Startup Cost": 0.0, "Total Cost": 64779.83, "Plan Rows": 96, "Plan Width": 4, "Actual Min Startup Time": 9.418, "Actual Max Startup Time": 13.998, "Actual Min Total Time": 25.419, "Actual Max Total Time": 30.544, "Filter": "(((name)::text ~~ '%Ang%'::text) AND ((gender)::text = 'f'::text))", "Rows Removed by Filter": 4160722, "Actual Rows": 6768}], "Actual Rows": 6768}, {"Node Type": "Index Scan", "Parent Relationship": "Inner", "Scan Direction": "Forward", "Index Name": "person_id_aka_name", "Relation Name": "aka_name", "Alias": "an", "Startup Cost": 0.0, "Total Cost": 8.23, "Plan Rows": 1, "Plan Width": 20, "Actual Min Startup Time": 20.591, "Actual Max Startup Time": 20.591, "Actual Min Total Time": 21.474, "Actual Max Total Time": 21.474, "Index Cond": "(person_id = n.id)", "Rows Removed by Index Recheck": 0, "Actual Rows": 1558}], "Actual Rows": 1558}, {"Node Type": "Index Scan", "Parent Relationship": "Inner", "Scan Direction": "Forward", "Index Name": "person_id_cast_info", "Relation Name": "cast_info", "Alias": "ci", "Startup Cost": 0.0, "Total Cost": 2.38, "Plan Rows": 1, "Plan Width": 16, "Actual Min Startup Time": 48.17, "Actual Max Startup Time": 48.17, "Actual Min Total Time": 53.195, "Actual Max Total Time": 53.195, "Index Cond": "(person_id = an.person_id)", "Rows Removed by Index Recheck": 0, "Filter": "((note)::text = ANY ('{(voice),\"(voice: Japanese version)\",\"(voice) (uncredited)\",\"(voice: English version)\"}'::text[]))", "Rows Removed by Filter": 69057, "Actual Rows": 425}], "Actual Rows": 425}], "Actual Rows": 426}], "Actual Rows": 425}, {"Node Type": "Index Scan", "Parent Relationship": "Inner", "Scan Direction": "Forward", "Index Name": "movie_id_movie_companies", "Relation Name": "movie_companies", "Alias": "mc", "Startup Cost": 0.0, "Total Cost": 0.42, "Plan Rows": 1, "Plan Width": 8, "Actual Min Startup Time": 2.892, "Actual Max Startup Time": 2.892, "Actual Min Total Time": 4.105, "Actual Max Total Time": 4.105, "Index Cond": "(movie_id = ci.movie_id)", "Rows Removed by Index Recheck": 0, "Filter": "((note IS NOT NULL) AND (((note)::text ~~ '%(USA)%'::text) OR ((note)::text ~~ '%(worldwide)%'::text)))", "Rows Removed by Filter": 1538, "Actual Rows": 373}], "Actual Rows": 373}, {"Node Type": "Index Scan", "Parent Relationship": "Inner", "Scan Direction": "Forward", "Index Name": "char_name_pkey", "Relation Name": "char_name", "Alias": "chn", "Startup Cost": 0.0, "Total Cost": 0.5, "Plan Rows": 1, "Plan Width": 20, "Actual Min Startup Time": 1.255, "Actual Max Startup Time": 1.255, "Actual Min Total Time": 1.255, "Actual Max Total Time": 1.255, "Index Cond": "(id = ci.person_role_id)", "Rows Removed by Index Recheck": 0, "Actual Rows": 348}], "Actual Rows": 348}, {"Node Type": "Index Scan", "Parent Relationship": "Inner", "Scan Direction": "Forward", "Index Name": "company_name_pkey", "Relation Name": "company_name", "Alias": "cn", "Startup Cost": 0.0, "Total Cost": 0.32, "Plan Rows": 1, "Plan Width": 4, "Actual Min Startup Time": 1.398, "Actual Max Startup Time": 1.398, "Actual Min Total Time": 1.398, "Actual Max Total Time": 1.398, "Index Cond": "(id = mc.company_id)", "Rows Removed by Index Recheck": 0, "Filter": "((country_code)::text = '[us]'::text)", "Rows Removed by Filter": 7, "Actual Rows": 341}], "Actual Rows": 341}, {"Node Type": "Index Scan", "Parent Relationship": "Inner", "Scan Direction": "Forward", "Index Name": "title_pkey", "Relation Name": "title", "Alias": "t", "Startup Cost": 0.0, "Total Cost": 0.49, "Plan Rows": 1, "Plan Width": 21, "Actual Min Startup Time": 1.689, "Actual Max Startup Time": 1.689, "Actual Min Total Time": 1.689, "Actual Max Total Time": 1.689, "Index Cond": "(id = ci.movie_id)", "Rows Removed by Index Recheck": 0, "Filter": "((production_year >= 2005) AND (production_year <= 2015))", "Rows Removed by Filter": 220, "Actual Rows": 121}], "Actual Rows": 121}], "Actual Rows": 1}, "Triggers": [], "Planner Runtime": 67, "Total Runtime": 251.757, "Unique SQL Id": 3431223514}}, "(64, 25)": {"explain_plan": {"Plan": {"Node Type": "Aggregate", "Strategy": "Plain", "Startup Cost": 198159.35, "Total Cost": 198159.36, "Plan Rows": 1, "Plan Width": 145, "Plans": [{"Node Type": "Nested Loop", "Parent Relationship": "Outer", "Join Type": "Inner", "Startup Cost": 0.0, "Total Cost": 198159.35, "Plan Rows": 1, "Plan Width": 49, "Inner Unique": true, "Plans": [{"Node Type": "Nested Loop", "Parent Relationship": "Outer", "Join Type": "Inner", "Startup Cost": 0.0, "Total Cost": 198158.85, "Plan Rows": 1, "Plan Width": 40, "Inner Unique": true, "Plans": [{"Node Type": "Nested Loop", "Parent Relationship": "Outer", "Join Type": "Inner", "Startup Cost": 0.0, "Total Cost": 198157.83, "Plan Rows": 2, "Plan Width": 28, "Inner Unique": true, "Plans": [{"Node Type": "Nested Loop", "Parent Relationship": "Outer", "Join Type": "Inner", "Startup Cost": 0.0, "Total Cost": 198156.19, "Plan Rows": 5, "Plan Width": 32, "Inner Unique": false, "Plans": [{"Node Type": "Nested Loop", "Parent Relationship": "Outer", "Join Type": "Inner", "Startup Cost": 0.0, "Total Cost": 198150.58, "Plan Rows": 13, "Plan Width": 24, "Inner Unique": false, "Join Filter": "(ci.role_id = rt.id)", "Plans": [{"Node Type": "Index Scan", "Parent Relationship": "Outer", "Scan Direction": "Forward", "Index Name": "role_type_pkey", "Relation Name": "role_type", "Alias": "rt", "Startup Cost": 0.0, "Total Cost": 12.46, "Plan Rows": 1, "Plan Width": 4, "Filter": "((role)::text = 'actress'::text)"}, {"Node Type": "Nested Loop", "Parent Relationship": "Inner", "Join Type": "Inner", "Startup Cost": 0.0, "Total Cost": 198136.36, "Plan Rows": 141, "Plan Width": 28, "Inner Unique": false, "Join Filter": "(n.id = ci.person_id)", "Plans": [{"Node Type": "Nested Loop", "Parent Relationship": "Outer", "Join Type": "Inner", "Startup Cost": 0.0, "Total Cost": 197861.08, "Plan Rows": 115, "Plan Width": 24, "Inner Unique": false, "Plans": [{"Node Type": "Index Scan", "Parent Relationship": "Outer", "Scan Direction": "Forward", "Index Name": "name_pkey", "Relation Name": "name", "Alias": "n", "Startup Cost": 0.0, "Total Cost": 197070.2, "Plan Rows": 96, "Plan Width": 4, "Filter": "(((name)::text ~~ '%Ang%'::text) AND ((gender)::text = 'f'::text))"}, {"Node Type": "Index Scan", "Parent Relationship": "Inner", "Scan Direction": "Forward", "Index Name": "person_id_aka_name", "Relation Name": "aka_name", "Alias": "an", "Startup Cost": 0.0, "Total Cost": 8.23, "Plan Rows": 1, "Plan Width": 20, "Index Cond": "(person_id = n.id)"}]}, {"Node Type": "Index Scan", "Parent Relationship": "Inner", "Scan Direction": "Forward", "Index Name": "person_id_cast_info", "Relation Name": "cast_info", "Alias": "ci", "Startup Cost": 0.0, "Total Cost": 2.38, "Plan Rows": 1, "Plan Width": 16, "Index Cond": "(person_id = an.person_id)", "Filter": "((note)::text = ANY ('{(voice),\"(voice: Japanese version)\",\"(voice) (uncredited)\",\"(voice: English version)\"}'::text[]))"}]}]}, {"Node Type": "Index Scan", "Parent Relationship": "Inner", "Scan Direction": "Forward", "Index Name": "movie_id_movie_companies", "Relation Name": "movie_companies", "Alias": "mc", "Startup Cost": 0.0, "Total Cost": 0.42, "Plan Rows": 1, "Plan Width": 8, "Index Cond": "(movie_id = ci.movie_id)", "Filter": "((note IS NOT NULL) AND (((note)::text ~~ '%(USA)%'::text) OR ((note)::text ~~ '%(worldwide)%'::text)))"}]}, {"Node Type": "Index Scan", "Parent Relationship": "Inner", "Scan Direction": "Forward", "Index Name": "company_name_pkey", "Relation Name": "company_name", "Alias": "cn", "Startup Cost": 0.0, "Total Cost": 0.32, "Plan Rows": 1, "Plan Width": 4, "Index Cond": "(id = mc.company_id)", "Filter": "((country_code)::text = '[us]'::text)"}]}, {"Node Type": "Index Scan", "Parent Relationship": "Inner", "Scan Direction": "Forward", "Index Name": "char_name_pkey", "Relation Name": "char_name", "Alias": "chn", "Startup Cost": 0.0, "Total Cost": 0.5, "Plan Rows": 1, "Plan Width": 20, "Index Cond": "(id = ci.person_role_id)"}]}, {"Node Type": "Index Scan", "Parent Relationship": "Inner", "Scan Direction": "Forward", "Index Name": "title_pkey", "Relation Name": "title", "Alias": "t", "Startup Cost": 0.0, "Total Cost": 0.49, "Plan Rows": 1, "Plan Width": 21, "Index Cond": "(id = ci.movie_id)", "Filter": "((production_year >= 2005) AND (production_year <= 2015))"}]}]}, "Unique SQL Id": 3431223514, "Planner Runtime": 61}, "explain_analyze_plan": null}, "(64, 26)": {"explain_plan": {"Plan": {"Node Type": "Aggregate", "Strategy": "Plain", "Startup Cost": 554320.75, "Total Cost": 554320.76, "Plan Rows": 1, "Plan Width": 145, "Plans": [{"Node Type": "Nested Loop", "Parent Relationship": "Outer", "Join Type": "Inner", "Startup Cost": 208179.68, "Total Cost": 554320.74, "Plan Rows": 1, "Plan Width": 49, "Inner Unique": true, "Join Filter": "(ci.movie_id = t.id)", "Plans": [{"Node Type": "Nested Loop", "Parent Relationship": "Outer", "Join Type": "Inner", "Startup Cost": 207896.93, "Total Cost": 453436.18, "Plan Rows": 1, "Plan Width": 40, "Inner Unique": false, "Join Filter": "(n.id = an.person_id)", "Plans": [{"Node Type": "Streaming(type: LOCAL GATHER dop: 1/64)", "Parent Relationship": "Outer", "Startup Cost": 207896.93, "Total Cost": 422260.98, "Plan Rows": 1, "Plan Width": 32, "Plans": [{"Node Type": "Nested Loop", "Parent Relationship": "Outer", "Join Type": "Inner", "Startup Cost": 207896.93, "Total Cost": 422260.96, "Plan Rows": 1, "Plan Width": 32, "Inner Unique": false, "Join Filter": "(ci.person_role_id = chn.id)", "Plans": [{"Node Type": "Seq Scan", "Parent Relationship": "Outer", "Relation Name": "char_name", "Alias": "chn", "Startup Cost": 0.0, "Total Cost": 64054.58, "Plan Rows": 3140338, "Plan Width": 20}, {"Node Type": "Materialize", "Parent Relationship": "Inner", "Startup Cost": 207896.93, "Total Cost": 355998.34, "Plan Rows": 192, "Plan Width": 20, "Plans": [{"Node Type": "Streaming(type: BROADCAST dop: 64/1)", "Parent Relationship": "Outer", "Startup Cost": 207896.93, "Total Cost": 355998.32, "Plan Rows": 192, "Plan Width": 20, "Plans": [{"Node Type": "Nested Loop", "Parent Relationship": "Outer", "Join Type": "Inner", "Startup Cost": 207896.93, "Total Cost": 292994.36, "Plan Rows": 3, "Plan Width": 20, "Inner Unique": true, "Join Filter": "(ci.person_id = n.id)", "Plans": [{"Node Type": "Merge Join", "Parent Relationship": "Outer", "Join Type": "Inner", "Startup Cost": 207896.93, "Total Cost": 208723.35, "Plan Rows": 13534, "Plan Width": 16, "Inner Unique": true, "Merge Cond": "(mc.company_id = cn.id)", "Plans": [{"Node Type": "Sort", "Parent Relationship": "Outer", "Startup Cost": 195015.31, "Total Cost": 195084.11, "Plan Rows": 27520, "Plan Width": 20, "Sort Key": ["mc.company_id"], "Plans": [{"Node Type": "Merge Join", "Parent Relationship": "Outer", "Join Type": "Inner", "Startup Cost": 190846.74, "Total Cost": 192985.96, "Plan Rows": 27520, "Plan Width": 20, "Inner Unique": false, "Merge Cond": "(ci.movie_id = mc.movie_id)", "Plans": [{"Node Type": "Sort", "Parent Relationship": "Outer", "Startup Cost": 108979.3, "Total Cost": 109168.65, "Plan Rows": 75742, "Plan Width": 12, "Sort Key": ["ci.movie_id"], "Plans": [{"Node Type": "Nested Loop", "Parent Relationship": "Outer", "Join Type": "Inner", "Startup Cost": 0.0, "Total Cost": 102840.86, "Plan Rows": 75742, "Plan Width": 12, "Inner Unique": false, "Join Filter": "(ci.role_id = rt.id)", "Plans": [{"Node Type": "Seq Scan", "Parent Relationship": "Outer", "Relation Name": "role_type", "Alias": "rt", "Startup Cost": 0.0, "Total Cost": 1.15, "Plan Rows": 1, "Plan Width": 4, "Filter": "((role)::text = 'actress'::text)"}, {"Node Type": "Materialize", "Parent Relationship": "Inner", "Startup Cost": 0.0, "Total Cost": 94508.08, "Plan Rows": 833163, "Plan Width": 16, "Plans": [{"Node Type": "Streaming(type: LOCAL GATHER dop: 1/64)", "Parent Relationship": "Outer", "Startup Cost": 0.0, "Total Cost": 92425.17, "Plan Rows": 833163, "Plan Width": 16, "Plans": [{"Node Type": "Seq Scan", "Parent Relationship": "Outer", "Relation Name": "cast_info", "Alias": "ci", "Startup Cost": 0.0, "Total Cost": 75237.12, "Plan Rows": 833163, "Plan Width": 16, "Filter": "((note)::text = ANY ('{(voice),\"(voice: Japanese version)\",\"(voice) (uncredited)\",\"(voice: English version)\"}'::text[]))"}]}]}]}]}, {"Node Type": "Sort", "Parent Relationship": "Inner", "Startup Cost": 81867.44, "Total Cost": 82610.12, "Plan Rows": 297072, "Plan Width": 8, "Sort Key": ["mc.movie_id"], "Plans": [{"Node Type": "Seq Scan", "Parent Relationship": "Outer", "Relation Name": "movie_companies", "Alias": "mc", "Startup Cost": 0.0, "Total Cost": 54862.92, "Plan Rows": 297072, "Plan Width": 8, "Filter": "((note IS NOT NULL) AND (((note)::text ~~ '%(USA)%'::text) OR ((note)::text ~~ '%(worldwide)%'::text))), (LLVM Optimized)"}]}]}]}, {"Node Type": "Sort", "Parent Relationship": "Inner", "Startup Cost": 12878.05, "Total Cost": 13090.97, "Plan Rows": 85170, "Plan Width": 4, "Sort Key": ["cn.id"], "Plans": [{"Node Type": "Seq Scan", "Parent Relationship": "Outer", "Relation Name": "company_name", "Alias": "cn", "Startup Cost": 0.0, "Total Cost": 5903.45, "Plan Rows": 85170, "Plan Width": 4, "Filter": "((country_code)::text = '[us]'::text)"}]}]}, {"Node Type": "Materialize", "Parent Relationship": "Inner", "Startup Cost": 0.0, "Total Cost": 64782.29, "Plan Rows": 96, "Plan Width": 4, "Plans": [{"Node Type": "Streaming(type: LOCAL GATHER dop: 1/64)", "Parent Relationship": "Outer", "Startup Cost": 0.0, "Total Cost": 64781.81, "Plan Rows": 96, "Plan Width": 4, "Plans": [{"Node Type": "Seq Scan", "Parent Relationship": "Outer", "Relation Name": "name", "Alias": "n", "Startup Cost": 0.0, "Total Cost": 64779.83, "Plan Rows": 96, "Plan Width": 4, "Filter": "(((name)::text ~~ '%Ang%'::text) AND ((gender)::text = 'f'::text))"}]}]}]}]}]}]}]}, {"Node Type": "Seq Scan", "Parent Relationship": "Inner", "Relation Name": "aka_name", "Alias": "an", "Startup Cost": 0.0, "Total Cost": 19908.42, "Plan Rows": 901342, "Plan Width": 20}]}, {"Node Type": "Materialize", "Parent Relationship": "Inner", "Startup Cost": 282.75, "Total Cost": 89792.33, "Plan Rows": 1109224, "Plan Width": 21, "Plans": [{"Node Type": "Streaming(type: LOCAL GATHER dop: 1/64)", "Parent Relationship": "Outer", "Startup Cost": 282.75, "Total Cost": 87019.27, "Plan Rows": 1109224, "Plan Width": 21, "Plans": [{"Node Type": "Seq Scan", "Parent Relationship": "Outer", "Relation Name": "title", "Alias": "t", "Startup Cost": 282.75, "Total Cost": 64136.1, "Plan Rows": 1109224, "Plan Width": 21, "Filter": "((production_year >= 2005) AND (production_year <= 2015)), (LLVM Optimized)"}]}]}]}]}, "Unique SQL Id": 3431223514, "Planner Runtime": 54}, "explain_analyze_plan": null}, "(64, 27)": {"explain_plan": {"Plan": {"Node Type": "Aggregate", "Strategy": "Plain", "Startup Cost": 3842119077147.93, "Total Cost": 3842119077147.94, "Plan Rows": 1, "Plan Width": 145, "Plans": [{"Node Type": "Merge Join", "Parent Relationship": "Outer", "Join Type": "Inner", "Startup Cost": 80000000000.0, "Total Cost": 3842119077147.92, "Plan Rows": 2, "Plan Width": 49, "Inner Unique": true, "Merge Cond": "(ci.person_role_id = chn.id)", "Plans": [{"Node Type": "Nested Loop", "Parent Relationship": "Outer", "Join Type": "Inner", "Startup Cost": 70000000000.0, "Total Cost": 7000265204378.85, "Plan Rows": 5, "Plan Width": 37, "Inner Unique": false, "Join Filter": "(n.id = an.person_id)", "Plans": [{"Node Type": "Nested Loop", "Parent Relationship": "Outer", "Join Type": "Inner", "Startup Cost": 60000000000.0, "Total Cost": 6000258251541.54, "Plan Rows": 4, "Plan Width": 29, "Inner Unique": true, "Join Filter": "(ci.movie_id = t.id)", "Plans": [{"Node Type": "Nested Loop", "Parent Relationship": "Outer", "Join Type": "Inner", "Startup Cost": 50000000000.0, "Total Cost": 5000245922648.99, "Plan Rows": 3, "Plan Width": 20, "Inner Unique": true, "Join Filter": "(mc.company_id = cn.id)", "Plans": [{"Node Type": "Nested Loop", "Parent Relationship": "Outer", "Join Type": "Inner", "Startup Cost": 40000000000.0, "Total Cost": 4000244867186.89, "Plan Rows": 4, "Plan Width": 24, "Inner Unique": false, "Join Filter": "(ci.movie_id = mc.movie_id)", "Plans": [{"Node Type": "Nested Loop", "Parent Relationship": "Outer", "Join Type": "Inner", "Startup Cost": 30000000000.0, "Total Cost": 3000231145513.35, "Plan Rows": 11, "Plan Width": 16, "Inner Unique": true, "Join Filter": "(ci.person_id = n.id)", "Plans": [{"Node Type": "Nested Loop", "Parent Relationship": "Outer", "Join Type": "Inner", "Startup Cost": 20000000000.0, "Total Cost": 2000211329424.93, "Plan Rows": 75742, "Plan Width": 12, "Inner Unique": true, "Join Filter": "(ci.role_id = rt.id)", "Plans": [{"Node Type": "Index Scan", "Parent Relationship": "Outer", "Scan Direction": "Forward", "Index Name": "person_role_id_cast_info", "Relation Name": "cast_info", "Alias": "ci", "Startup Cost": 10000000000.0, "Total Cost": 1000211315681.48, "Plan Rows": 833163, "Plan Width": 16, "Filter": "((note)::text = ANY ('{(voice),\"(voice: Japanese version)\",\"(voice) (uncredited)\",\"(voice: English version)\"}'::text[]))"}, {"Node Type": "Materialize", "Parent Relationship": "Inner", "Startup Cost": 10000000000.0, "Total Cost": 1000000001246.0, "Plan Rows": 1, "Plan Width": 4, "Plans": [{"Node Type": "Index Scan", "Parent Relationship": "Outer", "Scan Direction": "Forward", "Index Name": "role_type_pkey", "Relation Name": "role_type", "Alias": "rt", "Startup Cost": 10000000000.0, "Total Cost": 1000000001246.0, "Plan Rows": 1, "Plan Width": 4, "Filter": "((role)::text = 'actress'::text)"}]}]}, {"Node Type": "Materialize", "Parent Relationship": "Inner", "Startup Cost": 10000000000.0, "Total Cost": 1000019707020.18, "Plan Rows": 96, "Plan Width": 4, "Plans": [{"Node Type": "Index Scan", "Parent Relationship": "Outer", "Scan Direction": "Forward", "Index Name": "name_pkey", "Relation Name": "name", "Alias": "n", "Startup Cost": 10000000000.0, "Total Cost": 1000019707019.7, "Plan Rows": 96, "Plan Width": 4, "Filter": "(((name)::text ~~ '%Ang%'::text) AND ((gender)::text = 'f'::text))"}]}]}, {"Node Type": "Materialize", "Parent Relationship": "Inner", "Startup Cost": 10000000000.0, "Total Cost": 1000013673399.34, "Plan Rows": 297072, "Plan Width": 8, "Plans": [{"Node Type": "Index Scan", "Parent Relationship": "Outer", "Scan Direction": "Forward", "Index Name": "company_id_movie_companies", "Relation Name": "movie_companies", "Alias": "mc", "Startup Cost": 10000000000.0, "Total Cost": 1000013671913.98, "Plan Rows": 297072, "Plan Width": 8, "Filter": "((note IS NOT NULL) AND (((note)::text ~~ '%(USA)%'::text) OR ((note)::text ~~ '%(worldwide)%'::text))), (LLVM Optimized)"}]}]}, {"Node Type": "Materialize", "Parent Relationship": "Inner", "Startup Cost": 10000000000.0, "Total Cost": 1000001050564.82, "Plan Rows": 85170, "Plan Width": 4, "Plans": [{"Node Type": "Index Scan", "Parent Relationship": "Outer", "Scan Direction": "Forward", "Index Name": "company_name_pkey", "Relation Name": "company_name", "Alias": "cn", "Startup Cost": 10000000000.0, "Total Cost": 1000001050138.97, "Plan Rows": 85170, "Plan Width": 4, "Filter": "((country_code)::text = '[us]'::text)"}]}]}, {"Node Type": "Materialize", "Parent Relationship": "Inner", "Startup Cost": 10000000000.0, "Total Cost": 1000012281750.53, "Plan Rows": 1109224, "Plan Width": 21, "Plans": [{"Node Type": "Index Scan", "Parent Relationship": "Outer", "Scan Direction": "Forward", "Index Name": "title_pkey", "Relation Name": "title", "Alias": "t", "Startup Cost": 10000000000.0, "Total Cost": 1000012276204.41, "Plan Rows": 1109224, "Plan Width": 21, "Filter": "((production_year >= 2005) AND (production_year <= 2015)), (LLVM Optimized)"}]}]}, {"Node Type": "Materialize", "Parent Relationship": "Inner", "Startup Cost": 10000000000.0, "Total Cost": 1000006901010.14, "Plan Rows": 901342, "Plan Width": 20, "Plans": [{"Node Type": "Index Scan", "Parent Relationship": "Outer", "Scan Direction": "Forward", "Index Name": "person_id_aka_name", "Relation Name": "aka_name", "Alias": "an", "Startup Cost": 10000000000.0, "Total Cost": 1000006896503.43, "Plan Rows": 901342, "Plan Width": 20}]}]}, {"Node Type": "Index Scan", "Parent Relationship": "Inner", "Scan Direction": "Forward", "Index Name": "char_name_pkey", "Relation Name": "char_name", "Alias": "chn", "Startup Cost": 10000000000.0, "Total Cost": 1000012987545.51, "Plan Rows": 3140338, "Plan Width": 20}]}]}, "Unique SQL Id": 3431223514, "Planner Runtime": 171}, "explain_analyze_plan": null}, "(64, 28)": {"explain_plan": {"Plan": {"Node Type": "Aggregate", "Strategy": "Plain", "Startup Cost": 65860.2, "Total Cost": 65860.21, "Plan Rows": 1, "Plan Width": 145, "Plans": [{"Node Type": "Nested Loop", "Parent Relationship": "Outer", "Join Type": "Inner", "Startup Cost": 0.0, "Total Cost": 65860.2, "Plan Rows": 1, "Plan Width": 49, "Inner Unique": true, "Plans": [{"Node Type": "Nested Loop", "Parent Relationship": "Outer", "Join Type": "Inner", "Startup Cost": 0.0, "Total Cost": 65859.7, "Plan Rows": 1, "Plan Width": 40, "Inner Unique": true, "Plans": [{"Node Type": "Nested Loop", "Parent Relationship": "Outer", "Join Type": "Inner", "Startup Cost": 0.0, "Total Cost": 65859.04, "Plan Rows": 2, "Plan Width": 44, "Inner Unique": true, "Plans": [{"Node Type": "Nested Loop", "Parent Relationship": "Outer", "Join Type": "Inner", "Startup Cost": 0.0, "Total Cost": 65856.5, "Plan Rows": 5, "Plan Width": 32, "Inner Unique": false, "Plans": [{"Node Type": "Nested Loop", "Parent Relationship": "Outer", "Join Type": "Inner", "Startup Cost": 0.0, "Total Cost": 65850.89, "Plan Rows": 13, "Plan Width": 24, "Inner Unique": false, "Join Filter": "(ci.role_id = rt.id)", "Plans": [{"Node Type": "Seq Scan", "Parent Relationship": "Outer", "Relation Name": "role_type", "Alias": "rt", "Startup Cost": 0.0, "Total Cost": 1.15, "Plan Rows": 1, "Plan Width": 4, "Filter": "((role)::text = 'actress'::text)"}, {"Node Type": "Materialize", "Parent Relationship": "Inner", "Startup Cost": 0.0, "Total Cost": 65848.33, "Plan Rows": 141, "Plan Width": 28, "Plans": [{"Node Type": "Nested Loop", "Parent Relationship": "Outer", "Join Type": "Inner", "Startup Cost": 0.0, "Total Cost": 65847.98, "Plan Rows": 141, "Plan Width": 28, "Inner Unique": false, "Join Filter": "(n.id = ci.person_id)", "Plans": [{"Node Type": "Nested Loop", "Parent Relationship": "Outer", "Join Type": "Inner", "Startup Cost": 0.0, "Total Cost": 65572.69, "Plan Rows": 115, "Plan Width": 24, "Inner Unique": false, "Plans": [{"Node Type": "Streaming(type: LOCAL GATHER dop: 1/64)", "Parent Relationship": "Outer", "Startup Cost": 0.0, "Total Cost": 64781.81, "Plan Rows": 96, "Plan Width": 4, "Plans": [{"Node Type": "Seq Scan", "Parent Relationship": "Outer", "Relation Name": "name", "Alias": "n", "Startup Cost": 0.0, "Total Cost": 64779.83, "Plan Rows": 96, "Plan Width": 4, "Filter": "(((name)::text ~~ '%Ang%'::text) AND ((gender)::text = 'f'::text))"}]}, {"Node Type": "Index Scan", "Parent Relationship": "Inner", "Scan Direction": "Forward", "Index Name": "person_id_aka_name", "Relation Name": "aka_name", "Alias": "an", "Startup Cost": 0.0, "Total Cost": 8.23, "Plan Rows": 1, "Plan Width": 20, "Index Cond": "(person_id = n.id)"}]}, {"Node Type": "Index Scan", "Parent Relationship": "Inner", "Scan Direction": "Forward", "Index Name": "person_id_cast_info", "Relation Name": "cast_info", "Alias": "ci", "Startup Cost": 0.0, "Total Cost": 2.38, "Plan Rows": 1, "Plan Width": 16, "Index Cond": "(person_id = an.person_id)", "Filter": "((note)::text = ANY ('{(voice),\"(voice: Japanese version)\",\"(voice) (uncredited)\",\"(voice: English version)\"}'::text[]))"}]}]}]}, {"Node Type": "Index Scan", "Parent Relationship": "Inner", "Scan Direction": "Forward", "Index Name": "movie_id_movie_companies", "Relation Name": "movie_companies", "Alias": "mc", "Startup Cost": 0.0, "Total Cost": 0.42, "Plan Rows": 1, "Plan Width": 8, "Index Cond": "(movie_id = ci.movie_id)", "Filter": "((note IS NOT NULL) AND (((note)::text ~~ '%(USA)%'::text) OR ((note)::text ~~ '%(worldwide)%'::text)))"}]}, {"Node Type": "Index Scan", "Parent Relationship": "Inner", "Scan Direction": "Forward", "Index Name": "char_name_pkey", "Relation Name": "char_name", "Alias": "chn", "Startup Cost": 0.0, "Total Cost": 0.5, "Plan Rows": 1, "Plan Width": 20, "Index Cond": "(id = ci.person_role_id)"}]}, {"Node Type": "Index Scan", "Parent Relationship": "Inner", "Scan Direction": "Forward", "Index Name": "company_name_pkey", "Relation Name": "company_name", "Alias": "cn", "Startup Cost": 0.0, "Total Cost": 0.32, "Plan Rows": 1, "Plan Width": 4, "Index Cond": "(id = mc.company_id)", "Filter": "((country_code)::text = '[us]'::text)"}]}, {"Node Type": "Index Scan", "Parent Relationship": "Inner", "Scan Direction": "Forward", "Index Name": "title_pkey", "Relation Name": "title", "Alias": "t", "Startup Cost": 0.0, "Total Cost": 0.49, "Plan Rows": 1, "Plan Width": 21, "Index Cond": "(id = ci.movie_id)", "Filter": "((production_year >= 2005) AND (production_year <= 2015))"}]}]}, "Unique SQL Id": 3431223514, "Planner Runtime": 63}, "explain_analyze_plan": {"Plan": {"Node Type": "Aggregate", "Strategy": "Plain", "Startup Cost": 65860.2, "Total Cost": 65860.21, "Plan Rows": 1, "Plan Width": 145, "Actual Min Startup Time": 239.728, "Actual Max Startup Time": 239.728, "Actual Min Total Time": 239.728, "Actual Max Total Time": 239.728, "Plans": [{"Node Type": "Nested Loop", "Parent Relationship": "Outer", "Join Type": "Inner", "Startup Cost": 0.0, "Total Cost": 65860.2, "Plan Rows": 1, "Plan Width": 49, "Actual Min Startup Time": 230.969, "Actual Max Startup Time": 230.969, "Actual Min Total Time": 239.574, "Actual Max Total Time": 239.574, "Inner Unique": true, "Plans": [{"Node Type": "Nested Loop", "Parent Relationship": "Outer", "Join Type": "Inner", "Startup Cost": 0.0, "Total Cost": 65859.7, "Plan Rows": 1, "Plan Width": 40, "Actual Min Startup Time": 229.85, "Actual Max Startup Time": 229.85, "Actual Min Total Time": 237.655, "Actual Max Total Time": 237.655, "Inner Unique": true, "Plans": [{"Node Type": "Nested Loop", "Parent Relationship": "Outer", "Join Type": "Inner", "Startup Cost": 0.0, "Total Cost": 65859.04, "Plan Rows": 2, "Plan Width": 44, "Actual Min Startup Time": 229.833, "Actual Max Startup Time": 229.833, "Actual Min Total Time": 235.992, "Actual Max Total Time": 235.992, "Inner Unique": true, "Plans": [{"Node Type": "Nested Loop", "Parent Relationship": "Outer", "Join Type": "Inner", "Startup Cost": 0.0, "Total Cost": 65856.5, "Plan Rows": 5, "Plan Width": 32, "Actual Min Startup Time": 229.816, "Actual Max Startup Time": 229.816, "Actual Min Total Time": 234.443, "Actual Max Total Time": 234.443, "Inner Unique": false, "Plans": [{"Node Type": "Nested Loop", "Parent Relationship": "Outer", "Join Type": "Inner", "Startup Cost": 0.0, "Total Cost": 65850.89, "Plan Rows": 13, "Plan Width": 24, "Actual Min Startup Time": 229.764, "Actual Max Startup Time": 229.764, "Actual Min Total Time": 230.027, "Actual Max Total Time": 230.027, "Inner Unique": false, "Join Filter": "(ci.role_id = rt.id)", "Rows Removed by Join Filter": 0, "Plans": [{"Node Type": "Seq Scan", "Parent Relationship": "Outer", "Relation Name": "role_type", "Alias": "rt", "Startup Cost": 0.0, "Total Cost": 1.15, "Plan Rows": 1, "Plan Width": 4, "Actual Min Startup Time": 0.022, "Actual Max Startup Time": 0.022, "Actual Min Total Time": 0.026, "Actual Max Total Time": 0.026, "Filter": "((role)::text = 'actress'::text)", "Rows Removed by Filter": 11, "Actual Rows": 1}, {"Node Type": "Materialize", "Parent Relationship": "Inner", "Startup Cost": 0.0, "Total Cost": 65848.33, "Plan Rows": 141, "Plan Width": 28, "Actual Min Startup Time": 229.729, "Actual Max Startup Time": 229.729, "Actual Min Total Time": 229.79, "Actual Max Total Time": 229.79, "Plans": [{"Node Type": "Nested Loop", "Parent Relationship": "Outer", "Join Type": "Inner", "Startup Cost": 0.0, "Total Cost": 65847.98, "Plan Rows": 141, "Plan Width": 28, "Actual Min Startup Time": 109.917, "Actual Max Startup Time": 109.917, "Actual Min Total Time": 229.534, "Actual Max Total Time": 229.534, "Inner Unique": false, "Join Filter": "(n.id = ci.person_id)", "Rows Removed by Join Filter": 0, "Plans": [{"Node Type": "Nested Loop", "Parent Relationship": "Outer", "Join Type": "Inner", "Startup Cost": 0.0, "Total Cost": 65572.69, "Plan Rows": 115, "Plan Width": 24, "Actual Min Startup Time": 108.509, "Actual Max Startup Time": 108.509, "Actual Min Total Time": 175.399, "Actual Max Total Time": 175.399, "Inner Unique": false, "Plans": [{"Node Type": "Streaming(type: LOCAL GATHER dop: 1/64)", "Parent Relationship": "Outer", "Startup Cost": 0.0, "Total Cost": 64781.81, "Plan Rows": 96, "Plan Width": 4, "Actual Min Startup Time": 108.441, "Actual Max Startup Time": 108.441, "Actual Min Total Time": 150.514, "Actual Max Total Time": 150.514, "Plans": [{"Node Type": "Seq Scan", "Parent Relationship": "Outer", "Relation Name": "name", "Alias": "n", "Startup Cost": 0.0, "Total Cost": 64779.83, "Plan Rows": 96, "Plan Width": 4, "Actual Min Startup Time": 9.418, "Actual Max Startup Time": 13.998, "Actual Min Total Time": 25.419, "Actual Max Total Time": 30.544, "Filter": "(((name)::text ~~ '%Ang%'::text) AND ((gender)::text = 'f'::text))", "Rows Removed by Filter": 4160722, "Actual Rows": 6768}], "Actual Rows": 6768}, {"Node Type": "Index Scan", "Parent Relationship": "Inner", "Scan Direction": "Forward", "Index Name": "person_id_aka_name", "Relation Name": "aka_name", "Alias": "an", "Startup Cost": 0.0, "Total Cost": 8.23, "Plan Rows": 1, "Plan Width": 20, "Actual Min Startup Time": 20.591, "Actual Max Startup Time": 20.591, "Actual Min Total Time": 21.474, "Actual Max Total Time": 21.474, "Index Cond": "(person_id = n.id)", "Rows Removed by Index Recheck": 0, "Actual Rows": 1558}], "Actual Rows": 1558}, {"Node Type": "Index Scan", "Parent Relationship": "Inner", "Scan Direction": "Forward", "Index Name": "person_id_cast_info", "Relation Name": "cast_info", "Alias": "ci", "Startup Cost": 0.0, "Total Cost": 2.38, "Plan Rows": 1, "Plan Width": 16, "Actual Min Startup Time": 48.17, "Actual Max Startup Time": 48.17, "Actual Min Total Time": 53.195, "Actual Max Total Time": 53.195, "Index Cond": "(person_id = an.person_id)", "Rows Removed by Index Recheck": 0, "Filter": "((note)::text = ANY ('{(voice),\"(voice: Japanese version)\",\"(voice) (uncredited)\",\"(voice: English version)\"}'::text[]))", "Rows Removed by Filter": 69057, "Actual Rows": 425}], "Actual Rows": 425}], "Actual Rows": 426}], "Actual Rows": 425}, {"Node Type": "Index Scan", "Parent Relationship": "Inner", "Scan Direction": "Forward", "Index Name": "movie_id_movie_companies", "Relation Name": "movie_companies", "Alias": "mc", "Startup Cost": 0.0, "Total Cost": 0.42, "Plan Rows": 1, "Plan Width": 8, "Actual Min Startup Time": 2.892, "Actual Max Startup Time": 2.892, "Actual Min Total Time": 4.105, "Actual Max Total Time": 4.105, "Index Cond": "(movie_id = ci.movie_id)", "Rows Removed by Index Recheck": 0, "Filter": "((note IS NOT NULL) AND (((note)::text ~~ '%(USA)%'::text) OR ((note)::text ~~ '%(worldwide)%'::text)))", "Rows Removed by Filter": 1538, "Actual Rows": 373}], "Actual Rows": 373}, {"Node Type": "Index Scan", "Parent Relationship": "Inner", "Scan Direction": "Forward", "Index Name": "char_name_pkey", "Relation Name": "char_name", "Alias": "chn", "Startup Cost": 0.0, "Total Cost": 0.5, "Plan Rows": 1, "Plan Width": 20, "Actual Min Startup Time": 1.255, "Actual Max Startup Time": 1.255, "Actual Min Total Time": 1.255, "Actual Max Total Time": 1.255, "Index Cond": "(id = ci.person_role_id)", "Rows Removed by Index Recheck": 0, "Actual Rows": 348}], "Actual Rows": 348}, {"Node Type": "Index Scan", "Parent Relationship": "Inner", "Scan Direction": "Forward", "Index Name": "company_name_pkey", "Relation Name": "company_name", "Alias": "cn", "Startup Cost": 0.0, "Total Cost": 0.32, "Plan Rows": 1, "Plan Width": 4, "Actual Min Startup Time": 1.398, "Actual Max Startup Time": 1.398, "Actual Min Total Time": 1.398, "Actual Max Total Time": 1.398, "Index Cond": "(id = mc.company_id)", "Rows Removed by Index Recheck": 0, "Filter": "((country_code)::text = '[us]'::text)", "Rows Removed by Filter": 7, "Actual Rows": 341}], "Actual Rows": 341}, {"Node Type": "Index Scan", "Parent Relationship": "Inner", "Scan Direction": "Forward", "Index Name": "title_pkey", "Relation Name": "title", "Alias": "t", "Startup Cost": 0.0, "Total Cost": 0.49, "Plan Rows": 1, "Plan Width": 21, "Actual Min Startup Time": 1.689, "Actual Max Startup Time": 1.689, "Actual Min Total Time": 1.689, "Actual Max Total Time": 1.689, "Index Cond": "(id = ci.movie_id)", "Rows Removed by Index Recheck": 0, "Filter": "((production_year >= 2005) AND (production_year <= 2015))", "Rows Removed by Filter": 220, "Actual Rows": 121}], "Actual Rows": 121}], "Actual Rows": 1}, "Triggers": [], "Planner Runtime": 67, "Total Runtime": 251.757, "Unique SQL Id": 3431223514}}, "(64, 29)": {"explain_plan": {"Plan": {"Node Type": "Aggregate", "Strategy": "Plain", "Startup Cost": 198159.35, "Total Cost": 198159.36, "Plan Rows": 1, "Plan Width": 145, "Plans": [{"Node Type": "Nested Loop", "Parent Relationship": "Outer", "Join Type": "Inner", "Startup Cost": 0.0, "Total Cost": 198159.35, "Plan Rows": 1, "Plan Width": 49, "Inner Unique": true, "Plans": [{"Node Type": "Nested Loop", "Parent Relationship": "Outer", "Join Type": "Inner", "Startup Cost": 0.0, "Total Cost": 198158.85, "Plan Rows": 1, "Plan Width": 40, "Inner Unique": true, "Plans": [{"Node Type": "Nested Loop", "Parent Relationship": "Outer", "Join Type": "Inner", "Startup Cost": 0.0, "Total Cost": 198157.83, "Plan Rows": 2, "Plan Width": 28, "Inner Unique": true, "Plans": [{"Node Type": "Nested Loop", "Parent Relationship": "Outer", "Join Type": "Inner", "Startup Cost": 0.0, "Total Cost": 198156.19, "Plan Rows": 5, "Plan Width": 32, "Inner Unique": false, "Plans": [{"Node Type": "Nested Loop", "Parent Relationship": "Outer", "Join Type": "Inner", "Startup Cost": 0.0, "Total Cost": 198150.58, "Plan Rows": 13, "Plan Width": 24, "Inner Unique": false, "Join Filter": "(ci.role_id = rt.id)", "Plans": [{"Node Type": "Index Scan", "Parent Relationship": "Outer", "Scan Direction": "Forward", "Index Name": "role_type_pkey", "Relation Name": "role_type", "Alias": "rt", "Startup Cost": 0.0, "Total Cost": 12.46, "Plan Rows": 1, "Plan Width": 4, "Filter": "((role)::text = 'actress'::text)"}, {"Node Type": "Nested Loop", "Parent Relationship": "Inner", "Join Type": "Inner", "Startup Cost": 0.0, "Total Cost": 198136.36, "Plan Rows": 141, "Plan Width": 28, "Inner Unique": false, "Join Filter": "(n.id = ci.person_id)", "Plans": [{"Node Type": "Nested Loop", "Parent Relationship": "Outer", "Join Type": "Inner", "Startup Cost": 0.0, "Total Cost": 197861.08, "Plan Rows": 115, "Plan Width": 24, "Inner Unique": false, "Plans": [{"Node Type": "Index Scan", "Parent Relationship": "Outer", "Scan Direction": "Forward", "Index Name": "name_pkey", "Relation Name": "name", "Alias": "n", "Startup Cost": 0.0, "Total Cost": 197070.2, "Plan Rows": 96, "Plan Width": 4, "Filter": "(((name)::text ~~ '%Ang%'::text) AND ((gender)::text = 'f'::text))"}, {"Node Type": "Index Scan", "Parent Relationship": "Inner", "Scan Direction": "Forward", "Index Name": "person_id_aka_name", "Relation Name": "aka_name", "Alias": "an", "Startup Cost": 0.0, "Total Cost": 8.23, "Plan Rows": 1, "Plan Width": 20, "Index Cond": "(person_id = n.id)"}]}, {"Node Type": "Index Scan", "Parent Relationship": "Inner", "Scan Direction": "Forward", "Index Name": "person_id_cast_info", "Relation Name": "cast_info", "Alias": "ci", "Startup Cost": 0.0, "Total Cost": 2.38, "Plan Rows": 1, "Plan Width": 16, "Index Cond": "(person_id = an.person_id)", "Filter": "((note)::text = ANY ('{(voice),\"(voice: Japanese version)\",\"(voice) (uncredited)\",\"(voice: English version)\"}'::text[]))"}]}]}, {"Node Type": "Index Scan", "Parent Relationship": "Inner", "Scan Direction": "Forward", "Index Name": "movie_id_movie_companies", "Relation Name": "movie_companies", "Alias": "mc", "Startup Cost": 0.0, "Total Cost": 0.42, "Plan Rows": 1, "Plan Width": 8, "Index Cond": "(movie_id = ci.movie_id)", "Filter": "((note IS NOT NULL) AND (((note)::text ~~ '%(USA)%'::text) OR ((note)::text ~~ '%(worldwide)%'::text)))"}]}, {"Node Type": "Index Scan", "Parent Relationship": "Inner", "Scan Direction": "Forward", "Index Name": "company_name_pkey", "Relation Name": "company_name", "Alias": "cn", "Startup Cost": 0.0, "Total Cost": 0.32, "Plan Rows": 1, "Plan Width": 4, "Index Cond": "(id = mc.company_id)", "Filter": "((country_code)::text = '[us]'::text)"}]}, {"Node Type": "Index Scan", "Parent Relationship": "Inner", "Scan Direction": "Forward", "Index Name": "char_name_pkey", "Relation Name": "char_name", "Alias": "chn", "Startup Cost": 0.0, "Total Cost": 0.5, "Plan Rows": 1, "Plan Width": 20, "Index Cond": "(id = ci.person_role_id)"}]}, {"Node Type": "Index Scan", "Parent Relationship": "Inner", "Scan Direction": "Forward", "Index Name": "title_pkey", "Relation Name": "title", "Alias": "t", "Startup Cost": 0.0, "Total Cost": 0.49, "Plan Rows": 1, "Plan Width": 21, "Index Cond": "(id = ci.movie_id)", "Filter": "((production_year >= 2005) AND (production_year <= 2015))"}]}]}, "Unique SQL Id": 3431223514, "Planner Runtime": 60}, "explain_analyze_plan": null}, "(64, 30)": {"explain_plan": {"Plan": {"Node Type": "Aggregate", "Strategy": "Plain", "Startup Cost": 554320.75, "Total Cost": 554320.76, "Plan Rows": 1, "Plan Width": 145, "Plans": [{"Node Type": "Nested Loop", "Parent Relationship": "Outer", "Join Type": "Inner", "Startup Cost": 208179.68, "Total Cost": 554320.74, "Plan Rows": 1, "Plan Width": 49, "Inner Unique": true, "Join Filter": "(ci.movie_id = t.id)", "Plans": [{"Node Type": "Nested Loop", "Parent Relationship": "Outer", "Join Type": "Inner", "Startup Cost": 207896.93, "Total Cost": 453436.18, "Plan Rows": 1, "Plan Width": 40, "Inner Unique": false, "Join Filter": "(n.id = an.person_id)", "Plans": [{"Node Type": "Streaming(type: LOCAL GATHER dop: 1/64)", "Parent Relationship": "Outer", "Startup Cost": 207896.93, "Total Cost": 422260.98, "Plan Rows": 1, "Plan Width": 32, "Plans": [{"Node Type": "Nested Loop", "Parent Relationship": "Outer", "Join Type": "Inner", "Startup Cost": 207896.93, "Total Cost": 422260.96, "Plan Rows": 1, "Plan Width": 32, "Inner Unique": false, "Join Filter": "(ci.person_role_id = chn.id)", "Plans": [{"Node Type": "Seq Scan", "Parent Relationship": "Outer", "Relation Name": "char_name", "Alias": "chn", "Startup Cost": 0.0, "Total Cost": 64054.58, "Plan Rows": 3140338, "Plan Width": 20}, {"Node Type": "Materialize", "Parent Relationship": "Inner", "Startup Cost": 207896.93, "Total Cost": 355998.34, "Plan Rows": 192, "Plan Width": 20, "Plans": [{"Node Type": "Streaming(type: BROADCAST dop: 64/1)", "Parent Relationship": "Outer", "Startup Cost": 207896.93, "Total Cost": 355998.32, "Plan Rows": 192, "Plan Width": 20, "Plans": [{"Node Type": "Nested Loop", "Parent Relationship": "Outer", "Join Type": "Inner", "Startup Cost": 207896.93, "Total Cost": 292994.36, "Plan Rows": 3, "Plan Width": 20, "Inner Unique": true, "Join Filter": "(ci.person_id = n.id)", "Plans": [{"Node Type": "Merge Join", "Parent Relationship": "Outer", "Join Type": "Inner", "Startup Cost": 207896.93, "Total Cost": 208723.35, "Plan Rows": 13534, "Plan Width": 16, "Inner Unique": true, "Merge Cond": "(mc.company_id = cn.id)", "Plans": [{"Node Type": "Sort", "Parent Relationship": "Outer", "Startup Cost": 195015.31, "Total Cost": 195084.11, "Plan Rows": 27520, "Plan Width": 20, "Sort Key": ["mc.company_id"], "Plans": [{"Node Type": "Merge Join", "Parent Relationship": "Outer", "Join Type": "Inner", "Startup Cost": 190846.74, "Total Cost": 192985.96, "Plan Rows": 27520, "Plan Width": 20, "Inner Unique": false, "Merge Cond": "(ci.movie_id = mc.movie_id)", "Plans": [{"Node Type": "Sort", "Parent Relationship": "Outer", "Startup Cost": 108979.3, "Total Cost": 109168.65, "Plan Rows": 75742, "Plan Width": 12, "Sort Key": ["ci.movie_id"], "Plans": [{"Node Type": "Nested Loop", "Parent Relationship": "Outer", "Join Type": "Inner", "Startup Cost": 0.0, "Total Cost": 102840.86, "Plan Rows": 75742, "Plan Width": 12, "Inner Unique": false, "Join Filter": "(ci.role_id = rt.id)", "Plans": [{"Node Type": "Seq Scan", "Parent Relationship": "Outer", "Relation Name": "role_type", "Alias": "rt", "Startup Cost": 0.0, "Total Cost": 1.15, "Plan Rows": 1, "Plan Width": 4, "Filter": "((role)::text = 'actress'::text)"}, {"Node Type": "Materialize", "Parent Relationship": "Inner", "Startup Cost": 0.0, "Total Cost": 94508.08, "Plan Rows": 833163, "Plan Width": 16, "Plans": [{"Node Type": "Streaming(type: LOCAL GATHER dop: 1/64)", "Parent Relationship": "Outer", "Startup Cost": 0.0, "Total Cost": 92425.17, "Plan Rows": 833163, "Plan Width": 16, "Plans": [{"Node Type": "Seq Scan", "Parent Relationship": "Outer", "Relation Name": "cast_info", "Alias": "ci", "Startup Cost": 0.0, "Total Cost": 75237.12, "Plan Rows": 833163, "Plan Width": 16, "Filter": "((note)::text = ANY ('{(voice),\"(voice: Japanese version)\",\"(voice) (uncredited)\",\"(voice: English version)\"}'::text[]))"}]}]}]}]}, {"Node Type": "Sort", "Parent Relationship": "Inner", "Startup Cost": 81867.44, "Total Cost": 82610.12, "Plan Rows": 297072, "Plan Width": 8, "Sort Key": ["mc.movie_id"], "Plans": [{"Node Type": "Seq Scan", "Parent Relationship": "Outer", "Relation Name": "movie_companies", "Alias": "mc", "Startup Cost": 0.0, "Total Cost": 54862.92, "Plan Rows": 297072, "Plan Width": 8, "Filter": "((note IS NOT NULL) AND (((note)::text ~~ '%(USA)%'::text) OR ((note)::text ~~ '%(worldwide)%'::text))), (LLVM Optimized)"}]}]}]}, {"Node Type": "Sort", "Parent Relationship": "Inner", "Startup Cost": 12878.05, "Total Cost": 13090.97, "Plan Rows": 85170, "Plan Width": 4, "Sort Key": ["cn.id"], "Plans": [{"Node Type": "Seq Scan", "Parent Relationship": "Outer", "Relation Name": "company_name", "Alias": "cn", "Startup Cost": 0.0, "Total Cost": 5903.45, "Plan Rows": 85170, "Plan Width": 4, "Filter": "((country_code)::text = '[us]'::text)"}]}]}, {"Node Type": "Materialize", "Parent Relationship": "Inner", "Startup Cost": 0.0, "Total Cost": 64782.29, "Plan Rows": 96, "Plan Width": 4, "Plans": [{"Node Type": "Streaming(type: LOCAL GATHER dop: 1/64)", "Parent Relationship": "Outer", "Startup Cost": 0.0, "Total Cost": 64781.81, "Plan Rows": 96, "Plan Width": 4, "Plans": [{"Node Type": "Seq Scan", "Parent Relationship": "Outer", "Relation Name": "name", "Alias": "n", "Startup Cost": 0.0, "Total Cost": 64779.83, "Plan Rows": 96, "Plan Width": 4, "Filter": "(((name)::text ~~ '%Ang%'::text) AND ((gender)::text = 'f'::text))"}]}]}]}]}]}]}]}, {"Node Type": "Seq Scan", "Parent Relationship": "Inner", "Relation Name": "aka_name", "Alias": "an", "Startup Cost": 0.0, "Total Cost": 19908.42, "Plan Rows": 901342, "Plan Width": 20}]}, {"Node Type": "Materialize", "Parent Relationship": "Inner", "Startup Cost": 282.75, "Total Cost": 89792.33, "Plan Rows": 1109224, "Plan Width": 21, "Plans": [{"Node Type": "Streaming(type: LOCAL GATHER dop: 1/64)", "Parent Relationship": "Outer", "Startup Cost": 282.75, "Total Cost": 87019.27, "Plan Rows": 1109224, "Plan Width": 21, "Plans": [{"Node Type": "Seq Scan", "Parent Relationship": "Outer", "Relation Name": "title", "Alias": "t", "Startup Cost": 282.75, "Total Cost": 64136.1, "Plan Rows": 1109224, "Plan Width": 21, "Filter": "((production_year >= 2005) AND (production_year <= 2015)), (LLVM Optimized)"}]}]}]}]}, "Unique SQL Id": 3431223514, "Planner Runtime": 54}, "explain_analyze_plan": null}, "(64, 31)": {"explain_plan": {"Plan": {"Node Type": "Aggregate", "Strategy": "Plain", "Startup Cost": 3842119077147.93, "Total Cost": 3842119077147.94, "Plan Rows": 1, "Plan Width": 145, "Plans": [{"Node Type": "Merge Join", "Parent Relationship": "Outer", "Join Type": "Inner", "Startup Cost": 80000000000.0, "Total Cost": 3842119077147.92, "Plan Rows": 2, "Plan Width": 49, "Inner Unique": true, "Merge Cond": "(ci.person_role_id = chn.id)", "Plans": [{"Node Type": "Nested Loop", "Parent Relationship": "Outer", "Join Type": "Inner", "Startup Cost": 70000000000.0, "Total Cost": 7000265204378.85, "Plan Rows": 5, "Plan Width": 37, "Inner Unique": false, "Join Filter": "(n.id = an.person_id)", "Plans": [{"Node Type": "Nested Loop", "Parent Relationship": "Outer", "Join Type": "Inner", "Startup Cost": 60000000000.0, "Total Cost": 6000258251541.54, "Plan Rows": 4, "Plan Width": 29, "Inner Unique": true, "Join Filter": "(ci.movie_id = t.id)", "Plans": [{"Node Type": "Nested Loop", "Parent Relationship": "Outer", "Join Type": "Inner", "Startup Cost": 50000000000.0, "Total Cost": 5000245922648.99, "Plan Rows": 3, "Plan Width": 20, "Inner Unique": true, "Join Filter": "(mc.company_id = cn.id)", "Plans": [{"Node Type": "Nested Loop", "Parent Relationship": "Outer", "Join Type": "Inner", "Startup Cost": 40000000000.0, "Total Cost": 4000244867186.89, "Plan Rows": 4, "Plan Width": 24, "Inner Unique": false, "Join Filter": "(ci.movie_id = mc.movie_id)", "Plans": [{"Node Type": "Nested Loop", "Parent Relationship": "Outer", "Join Type": "Inner", "Startup Cost": 30000000000.0, "Total Cost": 3000231145513.35, "Plan Rows": 11, "Plan Width": 16, "Inner Unique": true, "Join Filter": "(ci.person_id = n.id)", "Plans": [{"Node Type": "Nested Loop", "Parent Relationship": "Outer", "Join Type": "Inner", "Startup Cost": 20000000000.0, "Total Cost": 2000211329424.93, "Plan Rows": 75742, "Plan Width": 12, "Inner Unique": true, "Join Filter": "(ci.role_id = rt.id)", "Plans": [{"Node Type": "Index Scan", "Parent Relationship": "Outer", "Scan Direction": "Forward", "Index Name": "person_role_id_cast_info", "Relation Name": "cast_info", "Alias": "ci", "Startup Cost": 10000000000.0, "Total Cost": 1000211315681.48, "Plan Rows": 833163, "Plan Width": 16, "Filter": "((note)::text = ANY ('{(voice),\"(voice: Japanese version)\",\"(voice) (uncredited)\",\"(voice: English version)\"}'::text[]))"}, {"Node Type": "Materialize", "Parent Relationship": "Inner", "Startup Cost": 10000000000.0, "Total Cost": 1000000001246.0, "Plan Rows": 1, "Plan Width": 4, "Plans": [{"Node Type": "Index Scan", "Parent Relationship": "Outer", "Scan Direction": "Forward", "Index Name": "role_type_pkey", "Relation Name": "role_type", "Alias": "rt", "Startup Cost": 10000000000.0, "Total Cost": 1000000001246.0, "Plan Rows": 1, "Plan Width": 4, "Filter": "((role)::text = 'actress'::text)"}]}]}, {"Node Type": "Materialize", "Parent Relationship": "Inner", "Startup Cost": 10000000000.0, "Total Cost": 1000019707020.18, "Plan Rows": 96, "Plan Width": 4, "Plans": [{"Node Type": "Index Scan", "Parent Relationship": "Outer", "Scan Direction": "Forward", "Index Name": "name_pkey", "Relation Name": "name", "Alias": "n", "Startup Cost": 10000000000.0, "Total Cost": 1000019707019.7, "Plan Rows": 96, "Plan Width": 4, "Filter": "(((name)::text ~~ '%Ang%'::text) AND ((gender)::text = 'f'::text))"}]}]}, {"Node Type": "Materialize", "Parent Relationship": "Inner", "Startup Cost": 10000000000.0, "Total Cost": 1000013673399.34, "Plan Rows": 297072, "Plan Width": 8, "Plans": [{"Node Type": "Index Scan", "Parent Relationship": "Outer", "Scan Direction": "Forward", "Index Name": "company_id_movie_companies", "Relation Name": "movie_companies", "Alias": "mc", "Startup Cost": 10000000000.0, "Total Cost": 1000013671913.98, "Plan Rows": 297072, "Plan Width": 8, "Filter": "((note IS NOT NULL) AND (((note)::text ~~ '%(USA)%'::text) OR ((note)::text ~~ '%(worldwide)%'::text))), (LLVM Optimized)"}]}]}, {"Node Type": "Materialize", "Parent Relationship": "Inner", "Startup Cost": 10000000000.0, "Total Cost": 1000001050564.82, "Plan Rows": 85170, "Plan Width": 4, "Plans": [{"Node Type": "Index Scan", "Parent Relationship": "Outer", "Scan Direction": "Forward", "Index Name": "company_name_pkey", "Relation Name": "company_name", "Alias": "cn", "Startup Cost": 10000000000.0, "Total Cost": 1000001050138.97, "Plan Rows": 85170, "Plan Width": 4, "Filter": "((country_code)::text = '[us]'::text)"}]}]}, {"Node Type": "Materialize", "Parent Relationship": "Inner", "Startup Cost": 10000000000.0, "Total Cost": 1000012281750.53, "Plan Rows": 1109224, "Plan Width": 21, "Plans": [{"Node Type": "Index Scan", "Parent Relationship": "Outer", "Scan Direction": "Forward", "Index Name": "title_pkey", "Relation Name": "title", "Alias": "t", "Startup Cost": 10000000000.0, "Total Cost": 1000012276204.41, "Plan Rows": 1109224, "Plan Width": 21, "Filter": "((production_year >= 2005) AND (production_year <= 2015)), (LLVM Optimized)"}]}]}, {"Node Type": "Materialize", "Parent Relationship": "Inner", "Startup Cost": 10000000000.0, "Total Cost": 1000006901010.14, "Plan Rows": 901342, "Plan Width": 20, "Plans": [{"Node Type": "Index Scan", "Parent Relationship": "Outer", "Scan Direction": "Forward", "Index Name": "person_id_aka_name", "Relation Name": "aka_name", "Alias": "an", "Startup Cost": 10000000000.0, "Total Cost": 1000006896503.43, "Plan Rows": 901342, "Plan Width": 20}]}]}, {"Node Type": "Index Scan", "Parent Relationship": "Inner", "Scan Direction": "Forward", "Index Name": "char_name_pkey", "Relation Name": "char_name", "Alias": "chn", "Startup Cost": 10000000000.0, "Total Cost": 1000012987545.51, "Plan Rows": 3140338, "Plan Width": 20}]}]}, "Unique SQL Id": 3431223514, "Planner Runtime": 160}, "explain_analyze_plan": null}, "(64, 32)": {"explain_plan": {"Plan": {"Node Type": "Aggregate", "Strategy": "Plain", "Startup Cost": 65860.2, "Total Cost": 65860.21, "Plan Rows": 1, "Plan Width": 145, "Plans": [{"Node Type": "Nested Loop", "Parent Relationship": "Outer", "Join Type": "Inner", "Startup Cost": 0.0, "Total Cost": 65860.2, "Plan Rows": 1, "Plan Width": 49, "Inner Unique": true, "Plans": [{"Node Type": "Nested Loop", "Parent Relationship": "Outer", "Join Type": "Inner", "Startup Cost": 0.0, "Total Cost": 65859.7, "Plan Rows": 1, "Plan Width": 40, "Inner Unique": true, "Plans": [{"Node Type": "Nested Loop", "Parent Relationship": "Outer", "Join Type": "Inner", "Startup Cost": 0.0, "Total Cost": 65859.04, "Plan Rows": 2, "Plan Width": 44, "Inner Unique": true, "Plans": [{"Node Type": "Nested Loop", "Parent Relationship": "Outer", "Join Type": "Inner", "Startup Cost": 0.0, "Total Cost": 65856.5, "Plan Rows": 5, "Plan Width": 32, "Inner Unique": false, "Plans": [{"Node Type": "Nested Loop", "Parent Relationship": "Outer", "Join Type": "Inner", "Startup Cost": 0.0, "Total Cost": 65850.89, "Plan Rows": 13, "Plan Width": 24, "Inner Unique": false, "Join Filter": "(ci.role_id = rt.id)", "Plans": [{"Node Type": "Seq Scan", "Parent Relationship": "Outer", "Relation Name": "role_type", "Alias": "rt", "Startup Cost": 0.0, "Total Cost": 1.15, "Plan Rows": 1, "Plan Width": 4, "Filter": "((role)::text = 'actress'::text)"}, {"Node Type": "Materialize", "Parent Relationship": "Inner", "Startup Cost": 0.0, "Total Cost": 65848.33, "Plan Rows": 141, "Plan Width": 28, "Plans": [{"Node Type": "Nested Loop", "Parent Relationship": "Outer", "Join Type": "Inner", "Startup Cost": 0.0, "Total Cost": 65847.98, "Plan Rows": 141, "Plan Width": 28, "Inner Unique": false, "Join Filter": "(n.id = ci.person_id)", "Plans": [{"Node Type": "Nested Loop", "Parent Relationship": "Outer", "Join Type": "Inner", "Startup Cost": 0.0, "Total Cost": 65572.69, "Plan Rows": 115, "Plan Width": 24, "Inner Unique": false, "Plans": [{"Node Type": "Streaming(type: LOCAL GATHER dop: 1/64)", "Parent Relationship": "Outer", "Startup Cost": 0.0, "Total Cost": 64781.81, "Plan Rows": 96, "Plan Width": 4, "Plans": [{"Node Type": "Seq Scan", "Parent Relationship": "Outer", "Relation Name": "name", "Alias": "n", "Startup Cost": 0.0, "Total Cost": 64779.83, "Plan Rows": 96, "Plan Width": 4, "Filter": "(((name)::text ~~ '%Ang%'::text) AND ((gender)::text = 'f'::text))"}]}, {"Node Type": "Index Scan", "Parent Relationship": "Inner", "Scan Direction": "Forward", "Index Name": "person_id_aka_name", "Relation Name": "aka_name", "Alias": "an", "Startup Cost": 0.0, "Total Cost": 8.23, "Plan Rows": 1, "Plan Width": 20, "Index Cond": "(person_id = n.id)"}]}, {"Node Type": "Index Scan", "Parent Relationship": "Inner", "Scan Direction": "Forward", "Index Name": "person_id_cast_info", "Relation Name": "cast_info", "Alias": "ci", "Startup Cost": 0.0, "Total Cost": 2.38, "Plan Rows": 1, "Plan Width": 16, "Index Cond": "(person_id = an.person_id)", "Filter": "((note)::text = ANY ('{(voice),\"(voice: Japanese version)\",\"(voice) (uncredited)\",\"(voice: English version)\"}'::text[]))"}]}]}]}, {"Node Type": "Index Scan", "Parent Relationship": "Inner", "Scan Direction": "Forward", "Index Name": "movie_id_movie_companies", "Relation Name": "movie_companies", "Alias": "mc", "Startup Cost": 0.0, "Total Cost": 0.42, "Plan Rows": 1, "Plan Width": 8, "Index Cond": "(movie_id = ci.movie_id)", "Filter": "((note IS NOT NULL) AND (((note)::text ~~ '%(USA)%'::text) OR ((note)::text ~~ '%(worldwide)%'::text)))"}]}, {"Node Type": "Index Scan", "Parent Relationship": "Inner", "Scan Direction": "Forward", "Index Name": "char_name_pkey", "Relation Name": "char_name", "Alias": "chn", "Startup Cost": 0.0, "Total Cost": 0.5, "Plan Rows": 1, "Plan Width": 20, "Index Cond": "(id = ci.person_role_id)"}]}, {"Node Type": "Index Scan", "Parent Relationship": "Inner", "Scan Direction": "Forward", "Index Name": "company_name_pkey", "Relation Name": "company_name", "Alias": "cn", "Startup Cost": 0.0, "Total Cost": 0.32, "Plan Rows": 1, "Plan Width": 4, "Index Cond": "(id = mc.company_id)", "Filter": "((country_code)::text = '[us]'::text)"}]}, {"Node Type": "Index Scan", "Parent Relationship": "Inner", "Scan Direction": "Forward", "Index Name": "title_pkey", "Relation Name": "title", "Alias": "t", "Startup Cost": 0.0, "Total Cost": 0.49, "Plan Rows": 1, "Plan Width": 21, "Index Cond": "(id = ci.movie_id)", "Filter": "((production_year >= 2005) AND (production_year <= 2015))"}]}]}, "Unique SQL Id": 3431223514, "Planner Runtime": 67}, "explain_analyze_plan": {"Plan": {"Node Type": "Aggregate", "Strategy": "Plain", "Startup Cost": 65860.2, "Total Cost": 65860.21, "Plan Rows": 1, "Plan Width": 145, "Actual Min Startup Time": 239.728, "Actual Max Startup Time": 239.728, "Actual Min Total Time": 239.728, "Actual Max Total Time": 239.728, "Plans": [{"Node Type": "Nested Loop", "Parent Relationship": "Outer", "Join Type": "Inner", "Startup Cost": 0.0, "Total Cost": 65860.2, "Plan Rows": 1, "Plan Width": 49, "Actual Min Startup Time": 230.969, "Actual Max Startup Time": 230.969, "Actual Min Total Time": 239.574, "Actual Max Total Time": 239.574, "Inner Unique": true, "Plans": [{"Node Type": "Nested Loop", "Parent Relationship": "Outer", "Join Type": "Inner", "Startup Cost": 0.0, "Total Cost": 65859.7, "Plan Rows": 1, "Plan Width": 40, "Actual Min Startup Time": 229.85, "Actual Max Startup Time": 229.85, "Actual Min Total Time": 237.655, "Actual Max Total Time": 237.655, "Inner Unique": true, "Plans": [{"Node Type": "Nested Loop", "Parent Relationship": "Outer", "Join Type": "Inner", "Startup Cost": 0.0, "Total Cost": 65859.04, "Plan Rows": 2, "Plan Width": 44, "Actual Min Startup Time": 229.833, "Actual Max Startup Time": 229.833, "Actual Min Total Time": 235.992, "Actual Max Total Time": 235.992, "Inner Unique": true, "Plans": [{"Node Type": "Nested Loop", "Parent Relationship": "Outer", "Join Type": "Inner", "Startup Cost": 0.0, "Total Cost": 65856.5, "Plan Rows": 5, "Plan Width": 32, "Actual Min Startup Time": 229.816, "Actual Max Startup Time": 229.816, "Actual Min Total Time": 234.443, "Actual Max Total Time": 234.443, "Inner Unique": false, "Plans": [{"Node Type": "Nested Loop", "Parent Relationship": "Outer", "Join Type": "Inner", "Startup Cost": 0.0, "Total Cost": 65850.89, "Plan Rows": 13, "Plan Width": 24, "Actual Min Startup Time": 229.764, "Actual Max Startup Time": 229.764, "Actual Min Total Time": 230.027, "Actual Max Total Time": 230.027, "Inner Unique": false, "Join Filter": "(ci.role_id = rt.id)", "Rows Removed by Join Filter": 0, "Plans": [{"Node Type": "Seq Scan", "Parent Relationship": "Outer", "Relation Name": "role_type", "Alias": "rt", "Startup Cost": 0.0, "Total Cost": 1.15, "Plan Rows": 1, "Plan Width": 4, "Actual Min Startup Time": 0.022, "Actual Max Startup Time": 0.022, "Actual Min Total Time": 0.026, "Actual Max Total Time": 0.026, "Filter": "((role)::text = 'actress'::text)", "Rows Removed by Filter": 11, "Actual Rows": 1}, {"Node Type": "Materialize", "Parent Relationship": "Inner", "Startup Cost": 0.0, "Total Cost": 65848.33, "Plan Rows": 141, "Plan Width": 28, "Actual Min Startup Time": 229.729, "Actual Max Startup Time": 229.729, "Actual Min Total Time": 229.79, "Actual Max Total Time": 229.79, "Plans": [{"Node Type": "Nested Loop", "Parent Relationship": "Outer", "Join Type": "Inner", "Startup Cost": 0.0, "Total Cost": 65847.98, "Plan Rows": 141, "Plan Width": 28, "Actual Min Startup Time": 109.917, "Actual Max Startup Time": 109.917, "Actual Min Total Time": 229.534, "Actual Max Total Time": 229.534, "Inner Unique": false, "Join Filter": "(n.id = ci.person_id)", "Rows Removed by Join Filter": 0, "Plans": [{"Node Type": "Nested Loop", "Parent Relationship": "Outer", "Join Type": "Inner", "Startup Cost": 0.0, "Total Cost": 65572.69, "Plan Rows": 115, "Plan Width": 24, "Actual Min Startup Time": 108.509, "Actual Max Startup Time": 108.509, "Actual Min Total Time": 175.399, "Actual Max Total Time": 175.399, "Inner Unique": false, "Plans": [{"Node Type": "Streaming(type: LOCAL GATHER dop: 1/64)", "Parent Relationship": "Outer", "Startup Cost": 0.0, "Total Cost": 64781.81, "Plan Rows": 96, "Plan Width": 4, "Actual Min Startup Time": 108.441, "Actual Max Startup Time": 108.441, "Actual Min Total Time": 150.514, "Actual Max Total Time": 150.514, "Plans": [{"Node Type": "Seq Scan", "Parent Relationship": "Outer", "Relation Name": "name", "Alias": "n", "Startup Cost": 0.0, "Total Cost": 64779.83, "Plan Rows": 96, "Plan Width": 4, "Actual Min Startup Time": 9.418, "Actual Max Startup Time": 13.998, "Actual Min Total Time": 25.419, "Actual Max Total Time": 30.544, "Filter": "(((name)::text ~~ '%Ang%'::text) AND ((gender)::text = 'f'::text))", "Rows Removed by Filter": 4160722, "Actual Rows": 6768}], "Actual Rows": 6768}, {"Node Type": "Index Scan", "Parent Relationship": "Inner", "Scan Direction": "Forward", "Index Name": "person_id_aka_name", "Relation Name": "aka_name", "Alias": "an", "Startup Cost": 0.0, "Total Cost": 8.23, "Plan Rows": 1, "Plan Width": 20, "Actual Min Startup Time": 20.591, "Actual Max Startup Time": 20.591, "Actual Min Total Time": 21.474, "Actual Max Total Time": 21.474, "Index Cond": "(person_id = n.id)", "Rows Removed by Index Recheck": 0, "Actual Rows": 1558}], "Actual Rows": 1558}, {"Node Type": "Index Scan", "Parent Relationship": "Inner", "Scan Direction": "Forward", "Index Name": "person_id_cast_info", "Relation Name": "cast_info", "Alias": "ci", "Startup Cost": 0.0, "Total Cost": 2.38, "Plan Rows": 1, "Plan Width": 16, "Actual Min Startup Time": 48.17, "Actual Max Startup Time": 48.17, "Actual Min Total Time": 53.195, "Actual Max Total Time": 53.195, "Index Cond": "(person_id = an.person_id)", "Rows Removed by Index Recheck": 0, "Filter": "((note)::text = ANY ('{(voice),\"(voice: Japanese version)\",\"(voice) (uncredited)\",\"(voice: English version)\"}'::text[]))", "Rows Removed by Filter": 69057, "Actual Rows": 425}], "Actual Rows": 425}], "Actual Rows": 426}], "Actual Rows": 425}, {"Node Type": "Index Scan", "Parent Relationship": "Inner", "Scan Direction": "Forward", "Index Name": "movie_id_movie_companies", "Relation Name": "movie_companies", "Alias": "mc", "Startup Cost": 0.0, "Total Cost": 0.42, "Plan Rows": 1, "Plan Width": 8, "Actual Min Startup Time": 2.892, "Actual Max Startup Time": 2.892, "Actual Min Total Time": 4.105, "Actual Max Total Time": 4.105, "Index Cond": "(movie_id = ci.movie_id)", "Rows Removed by Index Recheck": 0, "Filter": "((note IS NOT NULL) AND (((note)::text ~~ '%(USA)%'::text) OR ((note)::text ~~ '%(worldwide)%'::text)))", "Rows Removed by Filter": 1538, "Actual Rows": 373}], "Actual Rows": 373}, {"Node Type": "Index Scan", "Parent Relationship": "Inner", "Scan Direction": "Forward", "Index Name": "char_name_pkey", "Relation Name": "char_name", "Alias": "chn", "Startup Cost": 0.0, "Total Cost": 0.5, "Plan Rows": 1, "Plan Width": 20, "Actual Min Startup Time": 1.255, "Actual Max Startup Time": 1.255, "Actual Min Total Time": 1.255, "Actual Max Total Time": 1.255, "Index Cond": "(id = ci.person_role_id)", "Rows Removed by Index Recheck": 0, "Actual Rows": 348}], "Actual Rows": 348}, {"Node Type": "Index Scan", "Parent Relationship": "Inner", "Scan Direction": "Forward", "Index Name": "company_name_pkey", "Relation Name": "company_name", "Alias": "cn", "Startup Cost": 0.0, "Total Cost": 0.32, "Plan Rows": 1, "Plan Width": 4, "Actual Min Startup Time": 1.398, "Actual Max Startup Time": 1.398, "Actual Min Total Time": 1.398, "Actual Max Total Time": 1.398, "Index Cond": "(id = mc.company_id)", "Rows Removed by Index Recheck": 0, "Filter": "((country_code)::text = '[us]'::text)", "Rows Removed by Filter": 7, "Actual Rows": 341}], "Actual Rows": 341}, {"Node Type": "Index Scan", "Parent Relationship": "Inner", "Scan Direction": "Forward", "Index Name": "title_pkey", "Relation Name": "title", "Alias": "t", "Startup Cost": 0.0, "Total Cost": 0.49, "Plan Rows": 1, "Plan Width": 21, "Actual Min Startup Time": 1.689, "Actual Max Startup Time": 1.689, "Actual Min Total Time": 1.689, "Actual Max Total Time": 1.689, "Index Cond": "(id = ci.movie_id)", "Rows Removed by Index Recheck": 0, "Filter": "((production_year >= 2005) AND (production_year <= 2015))", "Rows Removed by Filter": 220, "Actual Rows": 121}], "Actual Rows": 121}], "Actual Rows": 1}, "Triggers": [], "Planner Runtime": 67, "Total Runtime": 251.757, "Unique SQL Id": 3431223514}}, "(64, 33)": {"explain_plan": {"Plan": {"Node Type": "Aggregate", "Strategy": "Plain", "Startup Cost": 198159.35, "Total Cost": 198159.36, "Plan Rows": 1, "Plan Width": 145, "Plans": [{"Node Type": "Nested Loop", "Parent Relationship": "Outer", "Join Type": "Inner", "Startup Cost": 0.0, "Total Cost": 198159.35, "Plan Rows": 1, "Plan Width": 49, "Inner Unique": true, "Plans": [{"Node Type": "Nested Loop", "Parent Relationship": "Outer", "Join Type": "Inner", "Startup Cost": 0.0, "Total Cost": 198158.85, "Plan Rows": 1, "Plan Width": 40, "Inner Unique": true, "Plans": [{"Node Type": "Nested Loop", "Parent Relationship": "Outer", "Join Type": "Inner", "Startup Cost": 0.0, "Total Cost": 198157.83, "Plan Rows": 2, "Plan Width": 28, "Inner Unique": true, "Plans": [{"Node Type": "Nested Loop", "Parent Relationship": "Outer", "Join Type": "Inner", "Startup Cost": 0.0, "Total Cost": 198156.19, "Plan Rows": 5, "Plan Width": 32, "Inner Unique": false, "Plans": [{"Node Type": "Nested Loop", "Parent Relationship": "Outer", "Join Type": "Inner", "Startup Cost": 0.0, "Total Cost": 198150.58, "Plan Rows": 13, "Plan Width": 24, "Inner Unique": false, "Join Filter": "(ci.role_id = rt.id)", "Plans": [{"Node Type": "Index Scan", "Parent Relationship": "Outer", "Scan Direction": "Forward", "Index Name": "role_type_pkey", "Relation Name": "role_type", "Alias": "rt", "Startup Cost": 0.0, "Total Cost": 12.46, "Plan Rows": 1, "Plan Width": 4, "Filter": "((role)::text = 'actress'::text)"}, {"Node Type": "Nested Loop", "Parent Relationship": "Inner", "Join Type": "Inner", "Startup Cost": 0.0, "Total Cost": 198136.36, "Plan Rows": 141, "Plan Width": 28, "Inner Unique": false, "Join Filter": "(n.id = ci.person_id)", "Plans": [{"Node Type": "Nested Loop", "Parent Relationship": "Outer", "Join Type": "Inner", "Startup Cost": 0.0, "Total Cost": 197861.08, "Plan Rows": 115, "Plan Width": 24, "Inner Unique": false, "Plans": [{"Node Type": "Index Scan", "Parent Relationship": "Outer", "Scan Direction": "Forward", "Index Name": "name_pkey", "Relation Name": "name", "Alias": "n", "Startup Cost": 0.0, "Total Cost": 197070.2, "Plan Rows": 96, "Plan Width": 4, "Filter": "(((name)::text ~~ '%Ang%'::text) AND ((gender)::text = 'f'::text))"}, {"Node Type": "Index Scan", "Parent Relationship": "Inner", "Scan Direction": "Forward", "Index Name": "person_id_aka_name", "Relation Name": "aka_name", "Alias": "an", "Startup Cost": 0.0, "Total Cost": 8.23, "Plan Rows": 1, "Plan Width": 20, "Index Cond": "(person_id = n.id)"}]}, {"Node Type": "Index Scan", "Parent Relationship": "Inner", "Scan Direction": "Forward", "Index Name": "person_id_cast_info", "Relation Name": "cast_info", "Alias": "ci", "Startup Cost": 0.0, "Total Cost": 2.38, "Plan Rows": 1, "Plan Width": 16, "Index Cond": "(person_id = an.person_id)", "Filter": "((note)::text = ANY ('{(voice),\"(voice: Japanese version)\",\"(voice) (uncredited)\",\"(voice: English version)\"}'::text[]))"}]}]}, {"Node Type": "Index Scan", "Parent Relationship": "Inner", "Scan Direction": "Forward", "Index Name": "movie_id_movie_companies", "Relation Name": "movie_companies", "Alias": "mc", "Startup Cost": 0.0, "Total Cost": 0.42, "Plan Rows": 1, "Plan Width": 8, "Index Cond": "(movie_id = ci.movie_id)", "Filter": "((note IS NOT NULL) AND (((note)::text ~~ '%(USA)%'::text) OR ((note)::text ~~ '%(worldwide)%'::text)))"}]}, {"Node Type": "Index Scan", "Parent Relationship": "Inner", "Scan Direction": "Forward", "Index Name": "company_name_pkey", "Relation Name": "company_name", "Alias": "cn", "Startup Cost": 0.0, "Total Cost": 0.32, "Plan Rows": 1, "Plan Width": 4, "Index Cond": "(id = mc.company_id)", "Filter": "((country_code)::text = '[us]'::text)"}]}, {"Node Type": "Index Scan", "Parent Relationship": "Inner", "Scan Direction": "Forward", "Index Name": "char_name_pkey", "Relation Name": "char_name", "Alias": "chn", "Startup Cost": 0.0, "Total Cost": 0.5, "Plan Rows": 1, "Plan Width": 20, "Index Cond": "(id = ci.person_role_id)"}]}, {"Node Type": "Index Scan", "Parent Relationship": "Inner", "Scan Direction": "Forward", "Index Name": "title_pkey", "Relation Name": "title", "Alias": "t", "Startup Cost": 0.0, "Total Cost": 0.49, "Plan Rows": 1, "Plan Width": 21, "Index Cond": "(id = ci.movie_id)", "Filter": "((production_year >= 2005) AND (production_year <= 2015))"}]}]}, "Unique SQL Id": 3431223514, "Planner Runtime": 46}, "explain_analyze_plan": null}, "(64, 34)": {"explain_plan": {"Plan": {"Node Type": "Aggregate", "Strategy": "Plain", "Startup Cost": 66284.39, "Total Cost": 66284.4, "Plan Rows": 1, "Plan Width": 145, "Plans": [{"Node Type": "Nested Loop", "Parent Relationship": "Outer", "Join Type": "Inner", "Startup Cost": 6.41, "Total Cost": 66284.37, "Plan Rows": 2, "Plan Width": 49, "Inner Unique": true, "Plans": [{"Node Type": "Nested Loop", "Parent Relationship": "Outer", "Join Type": "Inner", "Startup Cost": 6.11, "Total Cost": 66275.71, "Plan Rows": 2, "Plan Width": 40, "Inner Unique": true, "Plans": [{"Node Type": "Nested Loop", "Parent Relationship": "Outer", "Join Type": "Inner", "Startup Cost": 5.85, "Total Cost": 66267.14, "Plan Rows": 2, "Plan Width": 44, "Inner Unique": true, "Plans": [{"Node Type": "Nested Loop", "Parent Relationship": "Outer", "Join Type": "Inner", "Startup Cost": 5.53, "Total Cost": 66245.46, "Plan Rows": 5, "Plan Width": 32, "Inner Unique": false, "Plans": [{"Node Type": "Nested Loop", "Parent Relationship": "Outer", "Join Type": "Inner", "Startup Cost": 5.22, "Total Cost": 66188.82, "Plan Rows": 13, "Plan Width": 24, "Inner Unique": false, "Join Filter": "(ci.role_id = rt.id)", "Plans": [{"Node Type": "Seq Scan", "Parent Relationship": "Outer", "Relation Name": "role_type", "Alias": "rt", "Startup Cost": 0.0, "Total Cost": 1.15, "Plan Rows": 1, "Plan Width": 4, "Filter": "((role)::text = 'actress'::text)"}, {"Node Type": "Materialize", "Parent Relationship": "Inner", "Startup Cost": 5.22, "Total Cost": 66186.26, "Plan Rows": 141, "Plan Width": 28, "Plans": [{"Node Type": "Nested Loop", "Parent Relationship": "Outer", "Join Type": "Inner", "Startup Cost": 5.22, "Total Cost": 66185.91, "Plan Rows": 141, "Plan Width": 28, "Inner Unique": false, "Join Filter": "(n.id = ci.person_id)", "Plans": [{"Node Type": "Nested Loop", "Parent Relationship": "Outer", "Join Type": "Inner", "Startup Cost": 4.22, "Total Cost": 65572.72, "Plan Rows": 115, "Plan Width": 24, "Inner Unique": false, "Plans": [{"Node Type": "Streaming(type: LOCAL GATHER dop: 1/64)", "Parent Relationship": "Outer", "Startup Cost": 0.0, "Total Cost": 64781.81, "Plan Rows": 96, "Plan Width": 4, "Plans": [{"Node Type": "Seq Scan", "Parent Relationship": "Outer", "Relation Name": "name", "Alias": "n", "Startup Cost": 0.0, "Total Cost": 64779.83, "Plan Rows": 96, "Plan Width": 4, "Filter": "(((name)::text ~~ '%Ang%'::text) AND ((gender)::text = 'f'::text))"}]}, {"Node Type": "Bitmap Heap Scan", "Parent Relationship": "Inner", "Relation Name": "aka_name", "Alias": "an", "Startup Cost": 4.22, "Total Cost": 8.23, "Plan Rows": 1, "Plan Width": 20, "Recheck Cond": "(person_id = n.id)", "Plans": [{"Node Type": "Bitmap Index Scan", "Parent Relationship": "Outer", "Index Name": "person_id_aka_name", "Startup Cost": 0.0, "Total Cost": 4.22, "Plan Rows": 1, "Plan Width": 0, "Index Cond": "(person_id = n.id)"}]}]}, {"Node Type": "Bitmap Heap Scan", "Parent Relationship": "Inner", "Relation Name": "cast_info", "Alias": "ci", "Startup Cost": 1.0, "Total Cost": 5.32, "Plan Rows": 1, "Plan Width": 16, "Recheck Cond": "(person_id = an.person_id)", "Filter": "((note)::text = ANY ('{(voice),\"(voice: Japanese version)\",\"(voice) (uncredited)\",\"(voice: English version)\"}'::text[]))", "Plans": [{"Node Type": "Bitmap Index Scan", "Parent Relationship": "Outer", "Index Name": "person_id_cast_info", "Startup Cost": 0.0, "Total Cost": 1.0, "Plan Rows": 18, "Plan Width": 0, "Index Cond": "(person_id = an.person_id)"}]}]}]}]}, {"Node Type": "Bitmap Heap Scan", "Parent Relationship": "Inner", "Relation Name": "movie_companies", "Alias": "mc", "Startup Cost": 0.31, "Total Cost": 4.35, "Plan Rows": 1, "Plan Width": 8, "Recheck Cond": "(movie_id = ci.movie_id)", "Filter": "((note IS NOT NULL) AND (((note)::text ~~ '%(USA)%'::text) OR ((note)::text ~~ '%(worldwide)%'::text)))", "Plans": [{"Node Type": "Bitmap Index Scan", "Parent Relationship": "Outer", "Index Name": "movie_id_movie_companies", "Startup Cost": 0.0, "Total Cost": 0.31, "Plan Rows": 2, "Plan Width": 0, "Index Cond": "(movie_id = ci.movie_id)"}]}]}, {"Node Type": "Bitmap Heap Scan", "Parent Relationship": "Inner", "Relation Name": "char_name", "Alias": "chn", "Startup Cost": 0.31, "Total Cost": 4.33, "Plan Rows": 1, "Plan Width": 20, "Recheck Cond": "(id = ci.person_role_id)", "Plans": [{"Node Type": "Bitmap Index Scan", "Parent Relationship": "Outer", "Index Name": "char_name_pkey", "Startup Cost": 0.0, "Total Cost": 0.31, "Plan Rows": 1, "Plan Width": 0, "Index Cond": "(id = ci.person_role_id)"}]}]}, {"Node Type": "Bitmap Heap Scan", "Parent Relationship": "Inner", "Relation Name": "company_name", "Alias": "cn", "Startup Cost": 0.26, "Total Cost": 4.28, "Plan Rows": 1, "Plan Width": 4, "Recheck Cond": "(id = mc.company_id)", "Filter": "((country_code)::text = '[us]'::text)", "Plans": [{"Node Type": "Bitmap Index Scan", "Parent Relationship": "Outer", "Index Name": "company_name_pkey", "Startup Cost": 0.0, "Total Cost": 0.26, "Plan Rows": 1, "Plan Width": 0, "Index Cond": "(id = mc.company_id)"}]}]}, {"Node Type": "Bitmap Heap Scan", "Parent Relationship": "Inner", "Relation Name": "title", "Alias": "t", "Startup Cost": 0.3, "Total Cost": 4.32, "Plan Rows": 1, "Plan Width": 21, "Recheck Cond": "(id = ci.movie_id)", "Filter": "((production_year >= 2005) AND (production_year <= 2015))", "Plans": [{"Node Type": "Bitmap Index Scan", "Parent Relationship": "Outer", "Index Name": "title_pkey", "Startup Cost": 0.0, "Total Cost": 0.3, "Plan Rows": 1, "Plan Width": 0, "Index Cond": "(id = ci.movie_id)"}]}]}]}, "Unique SQL Id": 3431223514, "Planner Runtime": 119}, "explain_analyze_plan": {"Plan": {"Node Type": "Aggregate", "Strategy": "Plain", "Startup Cost": 66284.39, "Total Cost": 66284.4, "Plan Rows": 1, "Plan Width": 145, "Actual Min Startup Time": 251.018, "Actual Max Startup Time": 251.018, "Actual Min Total Time": 251.018, "Actual Max Total Time": 251.018, "Plans": [{"Node Type": "Nested Loop", "Parent Relationship": "Outer", "Join Type": "Inner", "Startup Cost": 6.41, "Total Cost": 66284.37, "Plan Rows": 2, "Plan Width": 49, "Actual Min Startup Time": 239.129, "Actual Max Startup Time": 239.129, "Actual Min Total Time": 250.853, "Actual Max Total Time": 250.853, "Inner Unique": true, "Plans": [{"Node Type": "Nested Loop", "Parent Relationship": "Outer", "Join Type": "Inner", "Startup Cost": 6.11, "Total Cost": 66275.71, "Plan Rows": 2, "Plan Width": 40, "Actual Min Startup Time": 238.187, "Actual Max Startup Time": 238.187, "Actual Min Total Time": 248.39, "Actual Max Total Time": 248.39, "Inner Unique": true, "Plans": [{"Node Type": "Nested Loop", "Parent Relationship": "Outer", "Join Type": "Inner", "Startup Cost": 5.85, "Total Cost": 66267.14, "Plan Rows": 2, "Plan Width": 44, "Actual Min Startup Time": 238.165, "Actual Max Startup Time": 238.165, "Actual Min Total Time": 246.11, "Actual Max Total Time": 246.11, "Inner Unique": true, "Plans": [{"Node Type": "Nested Loop", "Parent Relationship": "Outer", "Join Type": "Inner", "Startup Cost": 5.53, "Total Cost": 66245.46, "Plan Rows": 5, "Plan Width": 32, "Actual Min Startup Time": 238.136, "Actual Max Startup Time": 238.136, "Actual Min Total Time": 243.921, "Actual Max Total Time": 243.921, "Inner Unique": false, "Plans": [{"Node Type": "Nested Loop", "Parent Relationship": "Outer", "Join Type": "Inner", "Startup Cost": 5.22, "Total Cost": 66188.82, "Plan Rows": 13, "Plan Width": 24, "Actual Min Startup Time": 238.104, "Actual Max Startup Time": 238.104, "Actual Min Total Time": 238.402, "Actual Max Total Time": 238.402, "Inner Unique": false, "Join Filter": "(ci.role_id = rt.id)", "Rows Removed by Join Filter": 0, "Plans": [{"Node Type": "Seq Scan", "Parent Relationship": "Outer", "Relation Name": "role_type", "Alias": "rt", "Startup Cost": 0.0, "Total Cost": 1.15, "Plan Rows": 1, "Plan Width": 4, "Actual Min Startup Time": 0.021, "Actual Max Startup Time": 0.021, "Actual Min Total Time": 0.026, "Actual Max Total Time": 0.026, "Filter": "((role)::text = 'actress'::text)", "Rows Removed by Filter": 11, "Actual Rows": 1}, {"Node Type": "Materialize", "Parent Relationship": "Inner", "Startup Cost": 5.22, "Total Cost": 66186.26, "Plan Rows": 141, "Plan Width": 28, "Actual Min Startup Time": 238.072, "Actual Max Startup Time": 238.072, "Actual Min Total Time": 238.153, "Actual Max Total Time": 238.153, "Plans": [{"Node Type": "Nested Loop", "Parent Relationship": "Outer", "Join Type": "Inner", "Startup Cost": 5.22, "Total Cost": 66185.91, "Plan Rows": 141, "Plan Width": 28, "Actual Min Startup Time": 125.309, "Actual Max Startup Time": 125.309, "Actual Min Total Time": 237.852, "Actual Max Total Time": 237.852, "Inner Unique": false, "Join Filter": "(n.id = ci.person_id)", "Rows Removed by Join Filter": 0, "Plans": [{"Node Type": "Nested Loop", "Parent Relationship": "Outer", "Join Type": "Inner", "Startup Cost": 4.22, "Total Cost": 65572.72, "Plan Rows": 115, "Plan Width": 24, "Actual Min Startup Time": 111.461, "Actual Max Startup Time": 111.461, "Actual Min Total Time": 183.403, "Actual Max Total Time": 183.403, "Inner Unique": false, "Plans": [{"Node Type": "Streaming(type: LOCAL GATHER dop: 1/64)", "Parent Relationship": "Outer", "Startup Cost": 0.0, "Total Cost": 64781.81, "Plan Rows": 96, "Plan Width": 4, "Actual Min Startup Time": 111.341, "Actual Max Startup Time": 111.341, "Actual Min Total Time": 150.027, "Actual Max Total Time": 150.027, "Plans": [{"Node Type": "Seq Scan", "Parent Relationship": "Outer", "Relation Name": "name", "Alias": "n", "Startup Cost": 0.0, "Total Cost": 64779.83, "Plan Rows": 96, "Plan Width": 4, "Actual Min Startup Time": 9.503, "Actual Max Startup Time": 22.228, "Actual Min Total Time": 25.407, "Actual Max Total Time": 43.146, "Filter": "(((name)::text ~~ '%Ang%'::text) AND ((gender)::text = 'f'::text))", "Rows Removed by Filter": 4160722, "Actual Rows": 6768}], "Actual Rows": 6768}, {"Node Type": "Bitmap Heap Scan", "Parent Relationship": "Inner", "Relation Name": "aka_name", "Alias": "an", "Startup Cost": 4.22, "Total Cost": 8.23, "Plan Rows": 1, "Plan Width": 20, "Actual Min Startup Time": 25.289, "Actual Max Startup Time": 25.289, "Actual Min Total Time": 25.872, "Actual Max Total Time": 25.872, "Recheck Cond": "(person_id = n.id)", "Rows Removed by Index Recheck": 0, "Exact Heap Blocks": 1014, "Lossy Heap Blocks": 1014, "Plans": [{"Node Type": "Bitmap Index Scan", "Parent Relationship": "Outer", "Index Name": "person_id_aka_name", "Startup Cost": 0.0, "Total Cost": 4.22, "Plan Rows": 1, "Plan Width": 0, "Actual Min Startup Time": 19.521, "Actual Max Startup Time": 19.521, "Actual Min Total Time": 19.521, "Actual Max Total Time": 19.521, "Index Cond": "(person_id = n.id)", "Actual Rows": 1558}], "Actual Rows": 1558}], "Actual Rows": 1558}, {"Node Type": "Bitmap Heap Scan", "Parent Relationship": "Inner", "Relation Name": "cast_info", "Alias": "ci", "Startup Cost": 1.0, "Total Cost": 5.32, "Plan Rows": 1, "Plan Width": 16, "Actual Min Startup Time": 49.133, "Actual Max Startup Time": 49.133, "Actual Min Total Time": 52.368, "Actual Max Total Time": 52.368, "Recheck Cond": "(person_id = an.person_id)", "Rows Removed by Index Recheck": 0, "Filter": "((note)::text = ANY ('{(voice),\"(voice: Japanese version)\",\"(voice) (uncredited)\",\"(voice: English version)\"}'::text[]))", "Rows Removed by Filter": 69057, "Exact Heap Blocks": 2627, "Lossy Heap Blocks": 2627, "Plans": [{"Node Type": "Bitmap Index Scan", "Parent Relationship": "Outer", "Index Name": "person_id_cast_info", "Startup Cost": 0.0, "Total Cost": 1.0, "Plan Rows": 18, "Plan Width": 0, "Actual Min Startup Time": 15.987, "Actual Max Startup Time": 15.987, "Actual Min Total Time": 15.987, "Actual Max Total Time": 15.987, "Index Cond": "(person_id = an.person_id)", "Actual Rows": 69482}], "Actual Rows": 425}], "Actual Rows": 425}], "Actual Rows": 426}], "Actual Rows": 425}, {"Node Type": "Bitmap Heap Scan", "Parent Relationship": "Inner", "Relation Name": "movie_companies", "Alias": "mc", "Startup Cost": 0.31, "Total Cost": 4.35, "Plan Rows": 1, "Plan Width": 8, "Actual Min Startup Time": 3.907, "Actual Max Startup Time": 3.907, "Actual Min Total Time": 4.913, "Actual Max Total Time": 4.913, "Recheck Cond": "(movie_id = ci.movie_id)", "Rows Removed by Index Recheck": 0, "Filter": "((note IS NOT NULL) AND (((note)::text ~~ '%(USA)%'::text) OR ((note)::text ~~ '%(worldwide)%'::text)))", "Rows Removed by Filter": 1538, "Exact Heap Blocks": 580, "Lossy Heap Blocks": 580, "Plans": [{"Node Type": "Bitmap Index Scan", "Parent Relationship": "Outer", "Index Name": "movie_id_movie_companies", "Startup Cost": 0.0, "Total Cost": 0.31, "Plan Rows": 2, "Plan Width": 0, "Actual Min Startup Time": 2.055, "Actual Max Startup Time": 2.055, "Actual Min Total Time": 2.055, "Actual Max Total Time": 2.055, "Index Cond": "(movie_id = ci.movie_id)", "Actual Rows": 1911}], "Actual Rows": 373}], "Actual Rows": 373}, {"Node Type": "Bitmap Heap Scan", "Parent Relationship": "Inner", "Relation Name": "char_name", "Alias": "chn", "Startup Cost": 0.31, "Total Cost": 4.33, "Plan Rows": 1, "Plan Width": 20, "Actual Min Startup Time": 1.667, "Actual Max Startup Time": 1.667, "Actual Min Total Time": 1.667, "Actual Max Total Time": 1.667, "Recheck Cond": "(id = ci.person_role_id)", "Rows Removed by Index Recheck": 0, "Exact Heap Blocks": 348, "Lossy Heap Blocks": 348, "Plans": [{"Node Type": "Bitmap Index Scan", "Parent Relationship": "Outer", "Index Name": "char_name_pkey", "Startup Cost": 0.0, "Total Cost": 0.31, "Plan Rows": 1, "Plan Width": 0, "Actual Min Startup Time": 1.076, "Actual Max Startup Time": 1.076, "Actual Min Total Time": 1.076, "Actual Max Total Time": 1.076, "Index Cond": "(id = ci.person_role_id)", "Actual Rows": 348}], "Actual Rows": 348}], "Actual Rows": 348}, {"Node Type": "Bitmap Heap Scan", "Parent Relationship": "Inner", "Relation Name": "company_name", "Alias": "cn", "Startup Cost": 0.26, "Total Cost": 4.28, "Plan Rows": 1, "Plan Width": 4, "Actual Min Startup Time": 1.819, "Actual Max Startup Time": 1.819, "Actual Min Total Time": 1.819, "Actual Max Total Time": 1.819, "Recheck Cond": "(id = mc.company_id)", "Rows Removed by Index Recheck": 0, "Filter": "((country_code)::text = '[us]'::text)", "Rows Removed by Filter": 7, "Exact Heap Blocks": 348, "Lossy Heap Blocks": 348, "Plans": [{"Node Type": "Bitmap Index Scan", "Parent Relationship": "Outer", "Index Name": "company_name_pkey", "Startup Cost": 0.0, "Total Cost": 0.26, "Plan Rows": 1, "Plan Width": 0, "Actual Min Startup Time": 1.0, "Actual Max Startup Time": 1.0, "Actual Min Total Time": 1.0, "Actual Max Total Time": 1.0, "Index Cond": "(id = mc.company_id)", "Actual Rows": 348}], "Actual Rows": 341}], "Actual Rows": 341}, {"Node Type": "Bitmap Heap Scan", "Parent Relationship": "Inner", "Relation Name": "title", "Alias": "t", "Startup Cost": 0.3, "Total Cost": 4.32, "Plan Rows": 1, "Plan Width": 21, "Actual Min Startup Time": 2.04, "Actual Max Startup Time": 2.04, "Actual Min Total Time": 2.04, "Actual Max Total Time": 2.04, "Recheck Cond": "(id = ci.movie_id)", "Rows Removed by Index Recheck": 0, "Filter": "((production_year >= 2005) AND (production_year <= 2015))", "Rows Removed by Filter": 220, "Exact Heap Blocks": 341, "Lossy Heap Blocks": 341, "Plans": [{"Node Type": "Bitmap Index Scan", "Parent Relationship": "Outer", "Index Name": "title_pkey", "Startup Cost": 0.0, "Total Cost": 0.3, "Plan Rows": 1, "Plan Width": 0, "Actual Min Startup Time": 1.203, "Actual Max Startup Time": 1.203, "Actual Min Total Time": 1.203, "Actual Max Total Time": 1.203, "Index Cond": "(id = ci.movie_id)", "Actual Rows": 341}], "Actual Rows": 121}], "Actual Rows": 121}], "Actual Rows": 1}, "Triggers": [], "Planner Runtime": 119, "Total Runtime": 263.936, "Unique SQL Id": 3431223514}}, "(64, 35)": {"explain_plan": {"Plan": {"Node Type": "Aggregate", "Strategy": "Plain", "Startup Cost": 199166.12, "Total Cost": 199166.13, "Plan Rows": 1, "Plan Width": 145, "Plans": [{"Node Type": "Nested Loop", "Parent Relationship": "Outer", "Join Type": "Inner", "Startup Cost": 83164.39, "Total Cost": 199166.11, "Plan Rows": 1, "Plan Width": 49, "Inner Unique": true, "Plans": [{"Node Type": "Nested Loop", "Parent Relationship": "Outer", "Join Type": "Inner", "Startup Cost": 83164.09, "Total Cost": 199161.78, "Plan Rows": 1, "Plan Width": 40, "Inner Unique": true, "Plans": [{"Node Type": "Nested Loop", "Parent Relationship": "Outer", "Join Type": "Inner", "Startup Cost": 83163.78, "Total Cost": 199153.11, "Plan Rows": 2, "Plan Width": 28, "Inner Unique": true, "Plans": [{"Node Type": "Nested Loop", "Parent Relationship": "Outer", "Join Type": "Inner", "Startup Cost": 83163.51, "Total Cost": 199131.67, "Plan Rows": 5, "Plan Width": 32, "Inner Unique": false, "Plans": [{"Node Type": "Nested Loop", "Parent Relationship": "Outer", "Join Type": "Inner", "Startup Cost": 83163.2, "Total Cost": 199075.04, "Plan Rows": 13, "Plan Width": 24, "Inner Unique": true, "Plans": [{"Node Type": "Nested Loop", "Parent Relationship": "Outer", "Join Type": "Inner", "Startup Cost": 83162.94, "Total Cost": 198471.17, "Plan Rows": 141, "Plan Width": 28, "Inner Unique": false, "Join Filter": "(n.id = ci.person_id)", "Plans": [{"Node Type": "Nested Loop", "Parent Relationship": "Outer", "Join Type": "Inner", "Startup Cost": 83161.94, "Total Cost": 197857.98, "Plan Rows": 115, "Plan Width": 24, "Inner Unique": false, "Plans": [{"Node Type": "Bitmap Heap Scan", "Parent Relationship": "Outer", "Relation Name": "name", "Alias": "n", "Startup Cost": 83157.72, "Total Cost": 197067.07, "Plan Rows": 96, "Plan Width": 4, "Filter": "(((name)::text ~~ '%Ang%'::text) AND ((gender)::text = 'f'::text))", "Plans": [{"Node Type": "Bitmap Index Scan", "Parent Relationship": "Outer", "Index Name": "name_pkey", "Startup Cost": 0.0, "Total Cost": 83157.7, "Plan Rows": 4167490, "Plan Width": 0}]}, {"Node Type": "Bitmap Heap Scan", "Parent Relationship": "Inner", "Relation Name": "aka_name", "Alias": "an", "Startup Cost": 4.22, "Total Cost": 8.23, "Plan Rows": 1, "Plan Width": 20, "Recheck Cond": "(person_id = n.id)", "Plans": [{"Node Type": "Bitmap Index Scan", "Parent Relationship": "Outer", "Index Name": "person_id_aka_name", "Startup Cost": 0.0, "Total Cost": 4.22, "Plan Rows": 1, "Plan Width": 0, "Index Cond": "(person_id = n.id)"}]}]}, {"Node Type": "Bitmap Heap Scan", "Parent Relationship": "Inner", "Relation Name": "cast_info", "Alias": "ci", "Startup Cost": 1.0, "Total Cost": 5.32, "Plan Rows": 1, "Plan Width": 16, "Recheck Cond": "(person_id = an.person_id)", "Filter": "((note)::text = ANY ('{(voice),\"(voice: Japanese version)\",\"(voice) (uncredited)\",\"(voice: English version)\"}'::text[]))", "Plans": [{"Node Type": "Bitmap Index Scan", "Parent Relationship": "Outer", "Index Name": "person_id_cast_info", "Startup Cost": 0.0, "Total Cost": 1.0, "Plan Rows": 18, "Plan Width": 0, "Index Cond": "(person_id = an.person_id)"}]}]}, {"Node Type": "Bitmap Heap Scan", "Parent Relationship": "Inner", "Relation Name": "role_type", "Alias": "rt", "Startup Cost": 0.26, "Total Cost": 4.27, "Plan Rows": 1, "Plan Width": 4, "Recheck Cond": "(id = ci.role_id)", "Filter": "((role)::text = 'actress'::text)", "Plans": [{"Node Type": "Bitmap Index Scan", "Parent Relationship": "Outer", "Index Name": "role_type_pkey", "Startup Cost": 0.0, "Total Cost": 0.26, "Plan Rows": 1, "Plan Width": 0, "Index Cond": "(id = ci.role_id)"}]}]}, {"Node Type": "Bitmap Heap Scan", "Parent Relationship": "Inner", "Relation Name": "movie_companies", "Alias": "mc", "Startup Cost": 0.31, "Total Cost": 4.35, "Plan Rows": 1, "Plan Width": 8, "Recheck Cond": "(movie_id = ci.movie_id)", "Filter": "((note IS NOT NULL) AND (((note)::text ~~ '%(USA)%'::text) OR ((note)::text ~~ '%(worldwide)%'::text)))", "Plans": [{"Node Type": "Bitmap Index Scan", "Parent Relationship": "Outer", "Index Name": "movie_id_movie_companies", "Startup Cost": 0.0, "Total Cost": 0.31, "Plan Rows": 2, "Plan Width": 0, "Index Cond": "(movie_id = ci.movie_id)"}]}]}, {"Node Type": "Bitmap Heap Scan", "Parent Relationship": "Inner", "Relation Name": "company_name", "Alias": "cn", "Startup Cost": 0.26, "Total Cost": 4.28, "Plan Rows": 1, "Plan Width": 4, "Recheck Cond": "(id = mc.company_id)", "Filter": "((country_code)::text = '[us]'::text)", "Plans": [{"Node Type": "Bitmap Index Scan", "Parent Relationship": "Outer", "Index Name": "company_name_pkey", "Startup Cost": 0.0, "Total Cost": 0.26, "Plan Rows": 1, "Plan Width": 0, "Index Cond": "(id = mc.company_id)"}]}]}, {"Node Type": "Bitmap Heap Scan", "Parent Relationship": "Inner", "Relation Name": "char_name", "Alias": "chn", "Startup Cost": 0.31, "Total Cost": 4.33, "Plan Rows": 1, "Plan Width": 20, "Recheck Cond": "(id = ci.person_role_id)", "Plans": [{"Node Type": "Bitmap Index Scan", "Parent Relationship": "Outer", "Index Name": "char_name_pkey", "Startup Cost": 0.0, "Total Cost": 0.31, "Plan Rows": 1, "Plan Width": 0, "Index Cond": "(id = ci.person_role_id)"}]}]}, {"Node Type": "Bitmap Heap Scan", "Parent Relationship": "Inner", "Relation Name": "title", "Alias": "t", "Startup Cost": 0.3, "Total Cost": 4.32, "Plan Rows": 1, "Plan Width": 21, "Recheck Cond": "(id = ci.movie_id)", "Filter": "((production_year >= 2005) AND (production_year <= 2015))", "Plans": [{"Node Type": "Bitmap Index Scan", "Parent Relationship": "Outer", "Index Name": "title_pkey", "Startup Cost": 0.0, "Total Cost": 0.3, "Plan Rows": 1, "Plan Width": 0, "Index Cond": "(id = ci.movie_id)"}]}]}]}, "Unique SQL Id": 3431223514, "Planner Runtime": 50}, "explain_analyze_plan": null}, "(64, 36)": {"explain_plan": {"Plan": {"Node Type": "Aggregate", "Strategy": "Plain", "Startup Cost": 65860.2, "Total Cost": 65860.21, "Plan Rows": 1, "Plan Width": 145, "Plans": [{"Node Type": "Nested Loop", "Parent Relationship": "Outer", "Join Type": "Inner", "Startup Cost": 0.0, "Total Cost": 65860.2, "Plan Rows": 1, "Plan Width": 49, "Inner Unique": true, "Plans": [{"Node Type": "Nested Loop", "Parent Relationship": "Outer", "Join Type": "Inner", "Startup Cost": 0.0, "Total Cost": 65859.7, "Plan Rows": 1, "Plan Width": 40, "Inner Unique": true, "Plans": [{"Node Type": "Nested Loop", "Parent Relationship": "Outer", "Join Type": "Inner", "Startup Cost": 0.0, "Total Cost": 65859.04, "Plan Rows": 2, "Plan Width": 44, "Inner Unique": true, "Plans": [{"Node Type": "Nested Loop", "Parent Relationship": "Outer", "Join Type": "Inner", "Startup Cost": 0.0, "Total Cost": 65856.5, "Plan Rows": 5, "Plan Width": 32, "Inner Unique": false, "Plans": [{"Node Type": "Nested Loop", "Parent Relationship": "Outer", "Join Type": "Inner", "Startup Cost": 0.0, "Total Cost": 65850.89, "Plan Rows": 13, "Plan Width": 24, "Inner Unique": false, "Join Filter": "(ci.role_id = rt.id)", "Plans": [{"Node Type": "Seq Scan", "Parent Relationship": "Outer", "Relation Name": "role_type", "Alias": "rt", "Startup Cost": 0.0, "Total Cost": 1.15, "Plan Rows": 1, "Plan Width": 4, "Filter": "((role)::text = 'actress'::text)"}, {"Node Type": "Materialize", "Parent Relationship": "Inner", "Startup Cost": 0.0, "Total Cost": 65848.33, "Plan Rows": 141, "Plan Width": 28, "Plans": [{"Node Type": "Nested Loop", "Parent Relationship": "Outer", "Join Type": "Inner", "Startup Cost": 0.0, "Total Cost": 65847.98, "Plan Rows": 141, "Plan Width": 28, "Inner Unique": false, "Join Filter": "(n.id = ci.person_id)", "Plans": [{"Node Type": "Nested Loop", "Parent Relationship": "Outer", "Join Type": "Inner", "Startup Cost": 0.0, "Total Cost": 65572.69, "Plan Rows": 115, "Plan Width": 24, "Inner Unique": false, "Plans": [{"Node Type": "Streaming(type: LOCAL GATHER dop: 1/64)", "Parent Relationship": "Outer", "Startup Cost": 0.0, "Total Cost": 64781.81, "Plan Rows": 96, "Plan Width": 4, "Plans": [{"Node Type": "Seq Scan", "Parent Relationship": "Outer", "Relation Name": "name", "Alias": "n", "Startup Cost": 0.0, "Total Cost": 64779.83, "Plan Rows": 96, "Plan Width": 4, "Filter": "(((name)::text ~~ '%Ang%'::text) AND ((gender)::text = 'f'::text))"}]}, {"Node Type": "Index Scan", "Parent Relationship": "Inner", "Scan Direction": "Forward", "Index Name": "person_id_aka_name", "Relation Name": "aka_name", "Alias": "an", "Startup Cost": 0.0, "Total Cost": 8.23, "Plan Rows": 1, "Plan Width": 20, "Index Cond": "(person_id = n.id)"}]}, {"Node Type": "Index Scan", "Parent Relationship": "Inner", "Scan Direction": "Forward", "Index Name": "person_id_cast_info", "Relation Name": "cast_info", "Alias": "ci", "Startup Cost": 0.0, "Total Cost": 2.38, "Plan Rows": 1, "Plan Width": 16, "Index Cond": "(person_id = an.person_id)", "Filter": "((note)::text = ANY ('{(voice),\"(voice: Japanese version)\",\"(voice) (uncredited)\",\"(voice: English version)\"}'::text[]))"}]}]}]}, {"Node Type": "Index Scan", "Parent Relationship": "Inner", "Scan Direction": "Forward", "Index Name": "movie_id_movie_companies", "Relation Name": "movie_companies", "Alias": "mc", "Startup Cost": 0.0, "Total Cost": 0.42, "Plan Rows": 1, "Plan Width": 8, "Index Cond": "(movie_id = ci.movie_id)", "Filter": "((note IS NOT NULL) AND (((note)::text ~~ '%(USA)%'::text) OR ((note)::text ~~ '%(worldwide)%'::text)))"}]}, {"Node Type": "Index Scan", "Parent Relationship": "Inner", "Scan Direction": "Forward", "Index Name": "char_name_pkey", "Relation Name": "char_name", "Alias": "chn", "Startup Cost": 0.0, "Total Cost": 0.5, "Plan Rows": 1, "Plan Width": 20, "Index Cond": "(id = ci.person_role_id)"}]}, {"Node Type": "Index Scan", "Parent Relationship": "Inner", "Scan Direction": "Forward", "Index Name": "company_name_pkey", "Relation Name": "company_name", "Alias": "cn", "Startup Cost": 0.0, "Total Cost": 0.32, "Plan Rows": 1, "Plan Width": 4, "Index Cond": "(id = mc.company_id)", "Filter": "((country_code)::text = '[us]'::text)"}]}, {"Node Type": "Index Scan", "Parent Relationship": "Inner", "Scan Direction": "Forward", "Index Name": "title_pkey", "Relation Name": "title", "Alias": "t", "Startup Cost": 0.0, "Total Cost": 0.49, "Plan Rows": 1, "Plan Width": 21, "Index Cond": "(id = ci.movie_id)", "Filter": "((production_year >= 2005) AND (production_year <= 2015))"}]}]}, "Unique SQL Id": 3431223514, "Planner Runtime": 66}, "explain_analyze_plan": {"Plan": {"Node Type": "Aggregate", "Strategy": "Plain", "Startup Cost": 65860.2, "Total Cost": 65860.21, "Plan Rows": 1, "Plan Width": 145, "Actual Min Startup Time": 239.728, "Actual Max Startup Time": 239.728, "Actual Min Total Time": 239.728, "Actual Max Total Time": 239.728, "Plans": [{"Node Type": "Nested Loop", "Parent Relationship": "Outer", "Join Type": "Inner", "Startup Cost": 0.0, "Total Cost": 65860.2, "Plan Rows": 1, "Plan Width": 49, "Actual Min Startup Time": 230.969, "Actual Max Startup Time": 230.969, "Actual Min Total Time": 239.574, "Actual Max Total Time": 239.574, "Inner Unique": true, "Plans": [{"Node Type": "Nested Loop", "Parent Relationship": "Outer", "Join Type": "Inner", "Startup Cost": 0.0, "Total Cost": 65859.7, "Plan Rows": 1, "Plan Width": 40, "Actual Min Startup Time": 229.85, "Actual Max Startup Time": 229.85, "Actual Min Total Time": 237.655, "Actual Max Total Time": 237.655, "Inner Unique": true, "Plans": [{"Node Type": "Nested Loop", "Parent Relationship": "Outer", "Join Type": "Inner", "Startup Cost": 0.0, "Total Cost": 65859.04, "Plan Rows": 2, "Plan Width": 44, "Actual Min Startup Time": 229.833, "Actual Max Startup Time": 229.833, "Actual Min Total Time": 235.992, "Actual Max Total Time": 235.992, "Inner Unique": true, "Plans": [{"Node Type": "Nested Loop", "Parent Relationship": "Outer", "Join Type": "Inner", "Startup Cost": 0.0, "Total Cost": 65856.5, "Plan Rows": 5, "Plan Width": 32, "Actual Min Startup Time": 229.816, "Actual Max Startup Time": 229.816, "Actual Min Total Time": 234.443, "Actual Max Total Time": 234.443, "Inner Unique": false, "Plans": [{"Node Type": "Nested Loop", "Parent Relationship": "Outer", "Join Type": "Inner", "Startup Cost": 0.0, "Total Cost": 65850.89, "Plan Rows": 13, "Plan Width": 24, "Actual Min Startup Time": 229.764, "Actual Max Startup Time": 229.764, "Actual Min Total Time": 230.027, "Actual Max Total Time": 230.027, "Inner Unique": false, "Join Filter": "(ci.role_id = rt.id)", "Rows Removed by Join Filter": 0, "Plans": [{"Node Type": "Seq Scan", "Parent Relationship": "Outer", "Relation Name": "role_type", "Alias": "rt", "Startup Cost": 0.0, "Total Cost": 1.15, "Plan Rows": 1, "Plan Width": 4, "Actual Min Startup Time": 0.022, "Actual Max Startup Time": 0.022, "Actual Min Total Time": 0.026, "Actual Max Total Time": 0.026, "Filter": "((role)::text = 'actress'::text)", "Rows Removed by Filter": 11, "Actual Rows": 1}, {"Node Type": "Materialize", "Parent Relationship": "Inner", "Startup Cost": 0.0, "Total Cost": 65848.33, "Plan Rows": 141, "Plan Width": 28, "Actual Min Startup Time": 229.729, "Actual Max Startup Time": 229.729, "Actual Min Total Time": 229.79, "Actual Max Total Time": 229.79, "Plans": [{"Node Type": "Nested Loop", "Parent Relationship": "Outer", "Join Type": "Inner", "Startup Cost": 0.0, "Total Cost": 65847.98, "Plan Rows": 141, "Plan Width": 28, "Actual Min Startup Time": 109.917, "Actual Max Startup Time": 109.917, "Actual Min Total Time": 229.534, "Actual Max Total Time": 229.534, "Inner Unique": false, "Join Filter": "(n.id = ci.person_id)", "Rows Removed by Join Filter": 0, "Plans": [{"Node Type": "Nested Loop", "Parent Relationship": "Outer", "Join Type": "Inner", "Startup Cost": 0.0, "Total Cost": 65572.69, "Plan Rows": 115, "Plan Width": 24, "Actual Min Startup Time": 108.509, "Actual Max Startup Time": 108.509, "Actual Min Total Time": 175.399, "Actual Max Total Time": 175.399, "Inner Unique": false, "Plans": [{"Node Type": "Streaming(type: LOCAL GATHER dop: 1/64)", "Parent Relationship": "Outer", "Startup Cost": 0.0, "Total Cost": 64781.81, "Plan Rows": 96, "Plan Width": 4, "Actual Min Startup Time": 108.441, "Actual Max Startup Time": 108.441, "Actual Min Total Time": 150.514, "Actual Max Total Time": 150.514, "Plans": [{"Node Type": "Seq Scan", "Parent Relationship": "Outer", "Relation Name": "name", "Alias": "n", "Startup Cost": 0.0, "Total Cost": 64779.83, "Plan Rows": 96, "Plan Width": 4, "Actual Min Startup Time": 9.418, "Actual Max Startup Time": 13.998, "Actual Min Total Time": 25.419, "Actual Max Total Time": 30.544, "Filter": "(((name)::text ~~ '%Ang%'::text) AND ((gender)::text = 'f'::text))", "Rows Removed by Filter": 4160722, "Actual Rows": 6768}], "Actual Rows": 6768}, {"Node Type": "Index Scan", "Parent Relationship": "Inner", "Scan Direction": "Forward", "Index Name": "person_id_aka_name", "Relation Name": "aka_name", "Alias": "an", "Startup Cost": 0.0, "Total Cost": 8.23, "Plan Rows": 1, "Plan Width": 20, "Actual Min Startup Time": 20.591, "Actual Max Startup Time": 20.591, "Actual Min Total Time": 21.474, "Actual Max Total Time": 21.474, "Index Cond": "(person_id = n.id)", "Rows Removed by Index Recheck": 0, "Actual Rows": 1558}], "Actual Rows": 1558}, {"Node Type": "Index Scan", "Parent Relationship": "Inner", "Scan Direction": "Forward", "Index Name": "person_id_cast_info", "Relation Name": "cast_info", "Alias": "ci", "Startup Cost": 0.0, "Total Cost": 2.38, "Plan Rows": 1, "Plan Width": 16, "Actual Min Startup Time": 48.17, "Actual Max Startup Time": 48.17, "Actual Min Total Time": 53.195, "Actual Max Total Time": 53.195, "Index Cond": "(person_id = an.person_id)", "Rows Removed by Index Recheck": 0, "Filter": "((note)::text = ANY ('{(voice),\"(voice: Japanese version)\",\"(voice) (uncredited)\",\"(voice: English version)\"}'::text[]))", "Rows Removed by Filter": 69057, "Actual Rows": 425}], "Actual Rows": 425}], "Actual Rows": 426}], "Actual Rows": 425}, {"Node Type": "Index Scan", "Parent Relationship": "Inner", "Scan Direction": "Forward", "Index Name": "movie_id_movie_companies", "Relation Name": "movie_companies", "Alias": "mc", "Startup Cost": 0.0, "Total Cost": 0.42, "Plan Rows": 1, "Plan Width": 8, "Actual Min Startup Time": 2.892, "Actual Max Startup Time": 2.892, "Actual Min Total Time": 4.105, "Actual Max Total Time": 4.105, "Index Cond": "(movie_id = ci.movie_id)", "Rows Removed by Index Recheck": 0, "Filter": "((note IS NOT NULL) AND (((note)::text ~~ '%(USA)%'::text) OR ((note)::text ~~ '%(worldwide)%'::text)))", "Rows Removed by Filter": 1538, "Actual Rows": 373}], "Actual Rows": 373}, {"Node Type": "Index Scan", "Parent Relationship": "Inner", "Scan Direction": "Forward", "Index Name": "char_name_pkey", "Relation Name": "char_name", "Alias": "chn", "Startup Cost": 0.0, "Total Cost": 0.5, "Plan Rows": 1, "Plan Width": 20, "Actual Min Startup Time": 1.255, "Actual Max Startup Time": 1.255, "Actual Min Total Time": 1.255, "Actual Max Total Time": 1.255, "Index Cond": "(id = ci.person_role_id)", "Rows Removed by Index Recheck": 0, "Actual Rows": 348}], "Actual Rows": 348}, {"Node Type": "Index Scan", "Parent Relationship": "Inner", "Scan Direction": "Forward", "Index Name": "company_name_pkey", "Relation Name": "company_name", "Alias": "cn", "Startup Cost": 0.0, "Total Cost": 0.32, "Plan Rows": 1, "Plan Width": 4, "Actual Min Startup Time": 1.398, "Actual Max Startup Time": 1.398, "Actual Min Total Time": 1.398, "Actual Max Total Time": 1.398, "Index Cond": "(id = mc.company_id)", "Rows Removed by Index Recheck": 0, "Filter": "((country_code)::text = '[us]'::text)", "Rows Removed by Filter": 7, "Actual Rows": 341}], "Actual Rows": 341}, {"Node Type": "Index Scan", "Parent Relationship": "Inner", "Scan Direction": "Forward", "Index Name": "title_pkey", "Relation Name": "title", "Alias": "t", "Startup Cost": 0.0, "Total Cost": 0.49, "Plan Rows": 1, "Plan Width": 21, "Actual Min Startup Time": 1.689, "Actual Max Startup Time": 1.689, "Actual Min Total Time": 1.689, "Actual Max Total Time": 1.689, "Index Cond": "(id = ci.movie_id)", "Rows Removed by Index Recheck": 0, "Filter": "((production_year >= 2005) AND (production_year <= 2015))", "Rows Removed by Filter": 220, "Actual Rows": 121}], "Actual Rows": 121}], "Actual Rows": 1}, "Triggers": [], "Planner Runtime": 67, "Total Runtime": 251.757, "Unique SQL Id": 3431223514}}, "(64, 37)": {"explain_plan": {"Plan": {"Node Type": "Aggregate", "Strategy": "Plain", "Startup Cost": 198159.35, "Total Cost": 198159.36, "Plan Rows": 1, "Plan Width": 145, "Plans": [{"Node Type": "Nested Loop", "Parent Relationship": "Outer", "Join Type": "Inner", "Startup Cost": 0.0, "Total Cost": 198159.35, "Plan Rows": 1, "Plan Width": 49, "Inner Unique": true, "Plans": [{"Node Type": "Nested Loop", "Parent Relationship": "Outer", "Join Type": "Inner", "Startup Cost": 0.0, "Total Cost": 198158.85, "Plan Rows": 1, "Plan Width": 40, "Inner Unique": true, "Plans": [{"Node Type": "Nested Loop", "Parent Relationship": "Outer", "Join Type": "Inner", "Startup Cost": 0.0, "Total Cost": 198157.83, "Plan Rows": 2, "Plan Width": 28, "Inner Unique": true, "Plans": [{"Node Type": "Nested Loop", "Parent Relationship": "Outer", "Join Type": "Inner", "Startup Cost": 0.0, "Total Cost": 198156.19, "Plan Rows": 5, "Plan Width": 32, "Inner Unique": false, "Plans": [{"Node Type": "Nested Loop", "Parent Relationship": "Outer", "Join Type": "Inner", "Startup Cost": 0.0, "Total Cost": 198150.58, "Plan Rows": 13, "Plan Width": 24, "Inner Unique": false, "Join Filter": "(ci.role_id = rt.id)", "Plans": [{"Node Type": "Index Scan", "Parent Relationship": "Outer", "Scan Direction": "Forward", "Index Name": "role_type_pkey", "Relation Name": "role_type", "Alias": "rt", "Startup Cost": 0.0, "Total Cost": 12.46, "Plan Rows": 1, "Plan Width": 4, "Filter": "((role)::text = 'actress'::text)"}, {"Node Type": "Nested Loop", "Parent Relationship": "Inner", "Join Type": "Inner", "Startup Cost": 0.0, "Total Cost": 198136.36, "Plan Rows": 141, "Plan Width": 28, "Inner Unique": false, "Join Filter": "(n.id = ci.person_id)", "Plans": [{"Node Type": "Nested Loop", "Parent Relationship": "Outer", "Join Type": "Inner", "Startup Cost": 0.0, "Total Cost": 197861.08, "Plan Rows": 115, "Plan Width": 24, "Inner Unique": false, "Plans": [{"Node Type": "Index Scan", "Parent Relationship": "Outer", "Scan Direction": "Forward", "Index Name": "name_pkey", "Relation Name": "name", "Alias": "n", "Startup Cost": 0.0, "Total Cost": 197070.2, "Plan Rows": 96, "Plan Width": 4, "Filter": "(((name)::text ~~ '%Ang%'::text) AND ((gender)::text = 'f'::text))"}, {"Node Type": "Index Scan", "Parent Relationship": "Inner", "Scan Direction": "Forward", "Index Name": "person_id_aka_name", "Relation Name": "aka_name", "Alias": "an", "Startup Cost": 0.0, "Total Cost": 8.23, "Plan Rows": 1, "Plan Width": 20, "Index Cond": "(person_id = n.id)"}]}, {"Node Type": "Index Scan", "Parent Relationship": "Inner", "Scan Direction": "Forward", "Index Name": "person_id_cast_info", "Relation Name": "cast_info", "Alias": "ci", "Startup Cost": 0.0, "Total Cost": 2.38, "Plan Rows": 1, "Plan Width": 16, "Index Cond": "(person_id = an.person_id)", "Filter": "((note)::text = ANY ('{(voice),\"(voice: Japanese version)\",\"(voice) (uncredited)\",\"(voice: English version)\"}'::text[]))"}]}]}, {"Node Type": "Index Scan", "Parent Relationship": "Inner", "Scan Direction": "Forward", "Index Name": "movie_id_movie_companies", "Relation Name": "movie_companies", "Alias": "mc", "Startup Cost": 0.0, "Total Cost": 0.42, "Plan Rows": 1, "Plan Width": 8, "Index Cond": "(movie_id = ci.movie_id)", "Filter": "((note IS NOT NULL) AND (((note)::text ~~ '%(USA)%'::text) OR ((note)::text ~~ '%(worldwide)%'::text)))"}]}, {"Node Type": "Index Scan", "Parent Relationship": "Inner", "Scan Direction": "Forward", "Index Name": "company_name_pkey", "Relation Name": "company_name", "Alias": "cn", "Startup Cost": 0.0, "Total Cost": 0.32, "Plan Rows": 1, "Plan Width": 4, "Index Cond": "(id = mc.company_id)", "Filter": "((country_code)::text = '[us]'::text)"}]}, {"Node Type": "Index Scan", "Parent Relationship": "Inner", "Scan Direction": "Forward", "Index Name": "char_name_pkey", "Relation Name": "char_name", "Alias": "chn", "Startup Cost": 0.0, "Total Cost": 0.5, "Plan Rows": 1, "Plan Width": 20, "Index Cond": "(id = ci.person_role_id)"}]}, {"Node Type": "Index Scan", "Parent Relationship": "Inner", "Scan Direction": "Forward", "Index Name": "title_pkey", "Relation Name": "title", "Alias": "t", "Startup Cost": 0.0, "Total Cost": 0.49, "Plan Rows": 1, "Plan Width": 21, "Index Cond": "(id = ci.movie_id)", "Filter": "((production_year >= 2005) AND (production_year <= 2015))"}]}]}, "Unique SQL Id": 3431223514, "Planner Runtime": 46}, "explain_analyze_plan": null}, "(64, 38)": {"explain_plan": {"Plan": {"Node Type": "Aggregate", "Strategy": "Plain", "Startup Cost": 66284.39, "Total Cost": 66284.4, "Plan Rows": 1, "Plan Width": 145, "Plans": [{"Node Type": "Nested Loop", "Parent Relationship": "Outer", "Join Type": "Inner", "Startup Cost": 6.41, "Total Cost": 66284.37, "Plan Rows": 2, "Plan Width": 49, "Inner Unique": true, "Plans": [{"Node Type": "Nested Loop", "Parent Relationship": "Outer", "Join Type": "Inner", "Startup Cost": 6.11, "Total Cost": 66275.71, "Plan Rows": 2, "Plan Width": 40, "Inner Unique": true, "Plans": [{"Node Type": "Nested Loop", "Parent Relationship": "Outer", "Join Type": "Inner", "Startup Cost": 5.85, "Total Cost": 66267.14, "Plan Rows": 2, "Plan Width": 44, "Inner Unique": true, "Plans": [{"Node Type": "Nested Loop", "Parent Relationship": "Outer", "Join Type": "Inner", "Startup Cost": 5.53, "Total Cost": 66245.46, "Plan Rows": 5, "Plan Width": 32, "Inner Unique": false, "Plans": [{"Node Type": "Nested Loop", "Parent Relationship": "Outer", "Join Type": "Inner", "Startup Cost": 5.22, "Total Cost": 66188.82, "Plan Rows": 13, "Plan Width": 24, "Inner Unique": false, "Join Filter": "(ci.role_id = rt.id)", "Plans": [{"Node Type": "Seq Scan", "Parent Relationship": "Outer", "Relation Name": "role_type", "Alias": "rt", "Startup Cost": 0.0, "Total Cost": 1.15, "Plan Rows": 1, "Plan Width": 4, "Filter": "((role)::text = 'actress'::text)"}, {"Node Type": "Materialize", "Parent Relationship": "Inner", "Startup Cost": 5.22, "Total Cost": 66186.26, "Plan Rows": 141, "Plan Width": 28, "Plans": [{"Node Type": "Nested Loop", "Parent Relationship": "Outer", "Join Type": "Inner", "Startup Cost": 5.22, "Total Cost": 66185.91, "Plan Rows": 141, "Plan Width": 28, "Inner Unique": false, "Join Filter": "(n.id = ci.person_id)", "Plans": [{"Node Type": "Nested Loop", "Parent Relationship": "Outer", "Join Type": "Inner", "Startup Cost": 4.22, "Total Cost": 65572.72, "Plan Rows": 115, "Plan Width": 24, "Inner Unique": false, "Plans": [{"Node Type": "Streaming(type: LOCAL GATHER dop: 1/64)", "Parent Relationship": "Outer", "Startup Cost": 0.0, "Total Cost": 64781.81, "Plan Rows": 96, "Plan Width": 4, "Plans": [{"Node Type": "Seq Scan", "Parent Relationship": "Outer", "Relation Name": "name", "Alias": "n", "Startup Cost": 0.0, "Total Cost": 64779.83, "Plan Rows": 96, "Plan Width": 4, "Filter": "(((name)::text ~~ '%Ang%'::text) AND ((gender)::text = 'f'::text))"}]}, {"Node Type": "Bitmap Heap Scan", "Parent Relationship": "Inner", "Relation Name": "aka_name", "Alias": "an", "Startup Cost": 4.22, "Total Cost": 8.23, "Plan Rows": 1, "Plan Width": 20, "Recheck Cond": "(person_id = n.id)", "Plans": [{"Node Type": "Bitmap Index Scan", "Parent Relationship": "Outer", "Index Name": "person_id_aka_name", "Startup Cost": 0.0, "Total Cost": 4.22, "Plan Rows": 1, "Plan Width": 0, "Index Cond": "(person_id = n.id)"}]}]}, {"Node Type": "Bitmap Heap Scan", "Parent Relationship": "Inner", "Relation Name": "cast_info", "Alias": "ci", "Startup Cost": 1.0, "Total Cost": 5.32, "Plan Rows": 1, "Plan Width": 16, "Recheck Cond": "(person_id = an.person_id)", "Filter": "((note)::text = ANY ('{(voice),\"(voice: Japanese version)\",\"(voice) (uncredited)\",\"(voice: English version)\"}'::text[]))", "Plans": [{"Node Type": "Bitmap Index Scan", "Parent Relationship": "Outer", "Index Name": "person_id_cast_info", "Startup Cost": 0.0, "Total Cost": 1.0, "Plan Rows": 18, "Plan Width": 0, "Index Cond": "(person_id = an.person_id)"}]}]}]}]}, {"Node Type": "Bitmap Heap Scan", "Parent Relationship": "Inner", "Relation Name": "movie_companies", "Alias": "mc", "Startup Cost": 0.31, "Total Cost": 4.35, "Plan Rows": 1, "Plan Width": 8, "Recheck Cond": "(movie_id = ci.movie_id)", "Filter": "((note IS NOT NULL) AND (((note)::text ~~ '%(USA)%'::text) OR ((note)::text ~~ '%(worldwide)%'::text)))", "Plans": [{"Node Type": "Bitmap Index Scan", "Parent Relationship": "Outer", "Index Name": "movie_id_movie_companies", "Startup Cost": 0.0, "Total Cost": 0.31, "Plan Rows": 2, "Plan Width": 0, "Index Cond": "(movie_id = ci.movie_id)"}]}]}, {"Node Type": "Bitmap Heap Scan", "Parent Relationship": "Inner", "Relation Name": "char_name", "Alias": "chn", "Startup Cost": 0.31, "Total Cost": 4.33, "Plan Rows": 1, "Plan Width": 20, "Recheck Cond": "(id = ci.person_role_id)", "Plans": [{"Node Type": "Bitmap Index Scan", "Parent Relationship": "Outer", "Index Name": "char_name_pkey", "Startup Cost": 0.0, "Total Cost": 0.31, "Plan Rows": 1, "Plan Width": 0, "Index Cond": "(id = ci.person_role_id)"}]}]}, {"Node Type": "Bitmap Heap Scan", "Parent Relationship": "Inner", "Relation Name": "company_name", "Alias": "cn", "Startup Cost": 0.26, "Total Cost": 4.28, "Plan Rows": 1, "Plan Width": 4, "Recheck Cond": "(id = mc.company_id)", "Filter": "((country_code)::text = '[us]'::text)", "Plans": [{"Node Type": "Bitmap Index Scan", "Parent Relationship": "Outer", "Index Name": "company_name_pkey", "Startup Cost": 0.0, "Total Cost": 0.26, "Plan Rows": 1, "Plan Width": 0, "Index Cond": "(id = mc.company_id)"}]}]}, {"Node Type": "Bitmap Heap Scan", "Parent Relationship": "Inner", "Relation Name": "title", "Alias": "t", "Startup Cost": 0.3, "Total Cost": 4.32, "Plan Rows": 1, "Plan Width": 21, "Recheck Cond": "(id = ci.movie_id)", "Filter": "((production_year >= 2005) AND (production_year <= 2015))", "Plans": [{"Node Type": "Bitmap Index Scan", "Parent Relationship": "Outer", "Index Name": "title_pkey", "Startup Cost": 0.0, "Total Cost": 0.3, "Plan Rows": 1, "Plan Width": 0, "Index Cond": "(id = ci.movie_id)"}]}]}]}, "Unique SQL Id": 3431223514, "Planner Runtime": 119}, "explain_analyze_plan": {"Plan": {"Node Type": "Aggregate", "Strategy": "Plain", "Startup Cost": 66284.39, "Total Cost": 66284.4, "Plan Rows": 1, "Plan Width": 145, "Actual Min Startup Time": 251.018, "Actual Max Startup Time": 251.018, "Actual Min Total Time": 251.018, "Actual Max Total Time": 251.018, "Plans": [{"Node Type": "Nested Loop", "Parent Relationship": "Outer", "Join Type": "Inner", "Startup Cost": 6.41, "Total Cost": 66284.37, "Plan Rows": 2, "Plan Width": 49, "Actual Min Startup Time": 239.129, "Actual Max Startup Time": 239.129, "Actual Min Total Time": 250.853, "Actual Max Total Time": 250.853, "Inner Unique": true, "Plans": [{"Node Type": "Nested Loop", "Parent Relationship": "Outer", "Join Type": "Inner", "Startup Cost": 6.11, "Total Cost": 66275.71, "Plan Rows": 2, "Plan Width": 40, "Actual Min Startup Time": 238.187, "Actual Max Startup Time": 238.187, "Actual Min Total Time": 248.39, "Actual Max Total Time": 248.39, "Inner Unique": true, "Plans": [{"Node Type": "Nested Loop", "Parent Relationship": "Outer", "Join Type": "Inner", "Startup Cost": 5.85, "Total Cost": 66267.14, "Plan Rows": 2, "Plan Width": 44, "Actual Min Startup Time": 238.165, "Actual Max Startup Time": 238.165, "Actual Min Total Time": 246.11, "Actual Max Total Time": 246.11, "Inner Unique": true, "Plans": [{"Node Type": "Nested Loop", "Parent Relationship": "Outer", "Join Type": "Inner", "Startup Cost": 5.53, "Total Cost": 66245.46, "Plan Rows": 5, "Plan Width": 32, "Actual Min Startup Time": 238.136, "Actual Max Startup Time": 238.136, "Actual Min Total Time": 243.921, "Actual Max Total Time": 243.921, "Inner Unique": false, "Plans": [{"Node Type": "Nested Loop", "Parent Relationship": "Outer", "Join Type": "Inner", "Startup Cost": 5.22, "Total Cost": 66188.82, "Plan Rows": 13, "Plan Width": 24, "Actual Min Startup Time": 238.104, "Actual Max Startup Time": 238.104, "Actual Min Total Time": 238.402, "Actual Max Total Time": 238.402, "Inner Unique": false, "Join Filter": "(ci.role_id = rt.id)", "Rows Removed by Join Filter": 0, "Plans": [{"Node Type": "Seq Scan", "Parent Relationship": "Outer", "Relation Name": "role_type", "Alias": "rt", "Startup Cost": 0.0, "Total Cost": 1.15, "Plan Rows": 1, "Plan Width": 4, "Actual Min Startup Time": 0.021, "Actual Max Startup Time": 0.021, "Actual Min Total Time": 0.026, "Actual Max Total Time": 0.026, "Filter": "((role)::text = 'actress'::text)", "Rows Removed by Filter": 11, "Actual Rows": 1}, {"Node Type": "Materialize", "Parent Relationship": "Inner", "Startup Cost": 5.22, "Total Cost": 66186.26, "Plan Rows": 141, "Plan Width": 28, "Actual Min Startup Time": 238.072, "Actual Max Startup Time": 238.072, "Actual Min Total Time": 238.153, "Actual Max Total Time": 238.153, "Plans": [{"Node Type": "Nested Loop", "Parent Relationship": "Outer", "Join Type": "Inner", "Startup Cost": 5.22, "Total Cost": 66185.91, "Plan Rows": 141, "Plan Width": 28, "Actual Min Startup Time": 125.309, "Actual Max Startup Time": 125.309, "Actual Min Total Time": 237.852, "Actual Max Total Time": 237.852, "Inner Unique": false, "Join Filter": "(n.id = ci.person_id)", "Rows Removed by Join Filter": 0, "Plans": [{"Node Type": "Nested Loop", "Parent Relationship": "Outer", "Join Type": "Inner", "Startup Cost": 4.22, "Total Cost": 65572.72, "Plan Rows": 115, "Plan Width": 24, "Actual Min Startup Time": 111.461, "Actual Max Startup Time": 111.461, "Actual Min Total Time": 183.403, "Actual Max Total Time": 183.403, "Inner Unique": false, "Plans": [{"Node Type": "Streaming(type: LOCAL GATHER dop: 1/64)", "Parent Relationship": "Outer", "Startup Cost": 0.0, "Total Cost": 64781.81, "Plan Rows": 96, "Plan Width": 4, "Actual Min Startup Time": 111.341, "Actual Max Startup Time": 111.341, "Actual Min Total Time": 150.027, "Actual Max Total Time": 150.027, "Plans": [{"Node Type": "Seq Scan", "Parent Relationship": "Outer", "Relation Name": "name", "Alias": "n", "Startup Cost": 0.0, "Total Cost": 64779.83, "Plan Rows": 96, "Plan Width": 4, "Actual Min Startup Time": 9.503, "Actual Max Startup Time": 22.228, "Actual Min Total Time": 25.407, "Actual Max Total Time": 43.146, "Filter": "(((name)::text ~~ '%Ang%'::text) AND ((gender)::text = 'f'::text))", "Rows Removed by Filter": 4160722, "Actual Rows": 6768}], "Actual Rows": 6768}, {"Node Type": "Bitmap Heap Scan", "Parent Relationship": "Inner", "Relation Name": "aka_name", "Alias": "an", "Startup Cost": 4.22, "Total Cost": 8.23, "Plan Rows": 1, "Plan Width": 20, "Actual Min Startup Time": 25.289, "Actual Max Startup Time": 25.289, "Actual Min Total Time": 25.872, "Actual Max Total Time": 25.872, "Recheck Cond": "(person_id = n.id)", "Rows Removed by Index Recheck": 0, "Exact Heap Blocks": 1014, "Lossy Heap Blocks": 1014, "Plans": [{"Node Type": "Bitmap Index Scan", "Parent Relationship": "Outer", "Index Name": "person_id_aka_name", "Startup Cost": 0.0, "Total Cost": 4.22, "Plan Rows": 1, "Plan Width": 0, "Actual Min Startup Time": 19.521, "Actual Max Startup Time": 19.521, "Actual Min Total Time": 19.521, "Actual Max Total Time": 19.521, "Index Cond": "(person_id = n.id)", "Actual Rows": 1558}], "Actual Rows": 1558}], "Actual Rows": 1558}, {"Node Type": "Bitmap Heap Scan", "Parent Relationship": "Inner", "Relation Name": "cast_info", "Alias": "ci", "Startup Cost": 1.0, "Total Cost": 5.32, "Plan Rows": 1, "Plan Width": 16, "Actual Min Startup Time": 49.133, "Actual Max Startup Time": 49.133, "Actual Min Total Time": 52.368, "Actual Max Total Time": 52.368, "Recheck Cond": "(person_id = an.person_id)", "Rows Removed by Index Recheck": 0, "Filter": "((note)::text = ANY ('{(voice),\"(voice: Japanese version)\",\"(voice) (uncredited)\",\"(voice: English version)\"}'::text[]))", "Rows Removed by Filter": 69057, "Exact Heap Blocks": 2627, "Lossy Heap Blocks": 2627, "Plans": [{"Node Type": "Bitmap Index Scan", "Parent Relationship": "Outer", "Index Name": "person_id_cast_info", "Startup Cost": 0.0, "Total Cost": 1.0, "Plan Rows": 18, "Plan Width": 0, "Actual Min Startup Time": 15.987, "Actual Max Startup Time": 15.987, "Actual Min Total Time": 15.987, "Actual Max Total Time": 15.987, "Index Cond": "(person_id = an.person_id)", "Actual Rows": 69482}], "Actual Rows": 425}], "Actual Rows": 425}], "Actual Rows": 426}], "Actual Rows": 425}, {"Node Type": "Bitmap Heap Scan", "Parent Relationship": "Inner", "Relation Name": "movie_companies", "Alias": "mc", "Startup Cost": 0.31, "Total Cost": 4.35, "Plan Rows": 1, "Plan Width": 8, "Actual Min Startup Time": 3.907, "Actual Max Startup Time": 3.907, "Actual Min Total Time": 4.913, "Actual Max Total Time": 4.913, "Recheck Cond": "(movie_id = ci.movie_id)", "Rows Removed by Index Recheck": 0, "Filter": "((note IS NOT NULL) AND (((note)::text ~~ '%(USA)%'::text) OR ((note)::text ~~ '%(worldwide)%'::text)))", "Rows Removed by Filter": 1538, "Exact Heap Blocks": 580, "Lossy Heap Blocks": 580, "Plans": [{"Node Type": "Bitmap Index Scan", "Parent Relationship": "Outer", "Index Name": "movie_id_movie_companies", "Startup Cost": 0.0, "Total Cost": 0.31, "Plan Rows": 2, "Plan Width": 0, "Actual Min Startup Time": 2.055, "Actual Max Startup Time": 2.055, "Actual Min Total Time": 2.055, "Actual Max Total Time": 2.055, "Index Cond": "(movie_id = ci.movie_id)", "Actual Rows": 1911}], "Actual Rows": 373}], "Actual Rows": 373}, {"Node Type": "Bitmap Heap Scan", "Parent Relationship": "Inner", "Relation Name": "char_name", "Alias": "chn", "Startup Cost": 0.31, "Total Cost": 4.33, "Plan Rows": 1, "Plan Width": 20, "Actual Min Startup Time": 1.667, "Actual Max Startup Time": 1.667, "Actual Min Total Time": 1.667, "Actual Max Total Time": 1.667, "Recheck Cond": "(id = ci.person_role_id)", "Rows Removed by Index Recheck": 0, "Exact Heap Blocks": 348, "Lossy Heap Blocks": 348, "Plans": [{"Node Type": "Bitmap Index Scan", "Parent Relationship": "Outer", "Index Name": "char_name_pkey", "Startup Cost": 0.0, "Total Cost": 0.31, "Plan Rows": 1, "Plan Width": 0, "Actual Min Startup Time": 1.076, "Actual Max Startup Time": 1.076, "Actual Min Total Time": 1.076, "Actual Max Total Time": 1.076, "Index Cond": "(id = ci.person_role_id)", "Actual Rows": 348}], "Actual Rows": 348}], "Actual Rows": 348}, {"Node Type": "Bitmap Heap Scan", "Parent Relationship": "Inner", "Relation Name": "company_name", "Alias": "cn", "Startup Cost": 0.26, "Total Cost": 4.28, "Plan Rows": 1, "Plan Width": 4, "Actual Min Startup Time": 1.819, "Actual Max Startup Time": 1.819, "Actual Min Total Time": 1.819, "Actual Max Total Time": 1.819, "Recheck Cond": "(id = mc.company_id)", "Rows Removed by Index Recheck": 0, "Filter": "((country_code)::text = '[us]'::text)", "Rows Removed by Filter": 7, "Exact Heap Blocks": 348, "Lossy Heap Blocks": 348, "Plans": [{"Node Type": "Bitmap Index Scan", "Parent Relationship": "Outer", "Index Name": "company_name_pkey", "Startup Cost": 0.0, "Total Cost": 0.26, "Plan Rows": 1, "Plan Width": 0, "Actual Min Startup Time": 1.0, "Actual Max Startup Time": 1.0, "Actual Min Total Time": 1.0, "Actual Max Total Time": 1.0, "Index Cond": "(id = mc.company_id)", "Actual Rows": 348}], "Actual Rows": 341}], "Actual Rows": 341}, {"Node Type": "Bitmap Heap Scan", "Parent Relationship": "Inner", "Relation Name": "title", "Alias": "t", "Startup Cost": 0.3, "Total Cost": 4.32, "Plan Rows": 1, "Plan Width": 21, "Actual Min Startup Time": 2.04, "Actual Max Startup Time": 2.04, "Actual Min Total Time": 2.04, "Actual Max Total Time": 2.04, "Recheck Cond": "(id = ci.movie_id)", "Rows Removed by Index Recheck": 0, "Filter": "((production_year >= 2005) AND (production_year <= 2015))", "Rows Removed by Filter": 220, "Exact Heap Blocks": 341, "Lossy Heap Blocks": 341, "Plans": [{"Node Type": "Bitmap Index Scan", "Parent Relationship": "Outer", "Index Name": "title_pkey", "Startup Cost": 0.0, "Total Cost": 0.3, "Plan Rows": 1, "Plan Width": 0, "Actual Min Startup Time": 1.203, "Actual Max Startup Time": 1.203, "Actual Min Total Time": 1.203, "Actual Max Total Time": 1.203, "Index Cond": "(id = ci.movie_id)", "Actual Rows": 341}], "Actual Rows": 121}], "Actual Rows": 121}], "Actual Rows": 1}, "Triggers": [], "Planner Runtime": 119, "Total Runtime": 263.936, "Unique SQL Id": 3431223514}}, "(64, 39)": {"explain_plan": {"Plan": {"Node Type": "Aggregate", "Strategy": "Plain", "Startup Cost": 199166.12, "Total Cost": 199166.13, "Plan Rows": 1, "Plan Width": 145, "Plans": [{"Node Type": "Nested Loop", "Parent Relationship": "Outer", "Join Type": "Inner", "Startup Cost": 83164.39, "Total Cost": 199166.11, "Plan Rows": 1, "Plan Width": 49, "Inner Unique": true, "Plans": [{"Node Type": "Nested Loop", "Parent Relationship": "Outer", "Join Type": "Inner", "Startup Cost": 83164.09, "Total Cost": 199161.78, "Plan Rows": 1, "Plan Width": 40, "Inner Unique": true, "Plans": [{"Node Type": "Nested Loop", "Parent Relationship": "Outer", "Join Type": "Inner", "Startup Cost": 83163.78, "Total Cost": 199153.11, "Plan Rows": 2, "Plan Width": 28, "Inner Unique": true, "Plans": [{"Node Type": "Nested Loop", "Parent Relationship": "Outer", "Join Type": "Inner", "Startup Cost": 83163.51, "Total Cost": 199131.67, "Plan Rows": 5, "Plan Width": 32, "Inner Unique": false, "Plans": [{"Node Type": "Nested Loop", "Parent Relationship": "Outer", "Join Type": "Inner", "Startup Cost": 83163.2, "Total Cost": 199075.04, "Plan Rows": 13, "Plan Width": 24, "Inner Unique": true, "Plans": [{"Node Type": "Nested Loop", "Parent Relationship": "Outer", "Join Type": "Inner", "Startup Cost": 83162.94, "Total Cost": 198471.17, "Plan Rows": 141, "Plan Width": 28, "Inner Unique": false, "Join Filter": "(n.id = ci.person_id)", "Plans": [{"Node Type": "Nested Loop", "Parent Relationship": "Outer", "Join Type": "Inner", "Startup Cost": 83161.94, "Total Cost": 197857.98, "Plan Rows": 115, "Plan Width": 24, "Inner Unique": false, "Plans": [{"Node Type": "Bitmap Heap Scan", "Parent Relationship": "Outer", "Relation Name": "name", "Alias": "n", "Startup Cost": 83157.72, "Total Cost": 197067.07, "Plan Rows": 96, "Plan Width": 4, "Filter": "(((name)::text ~~ '%Ang%'::text) AND ((gender)::text = 'f'::text))", "Plans": [{"Node Type": "Bitmap Index Scan", "Parent Relationship": "Outer", "Index Name": "name_pkey", "Startup Cost": 0.0, "Total Cost": 83157.7, "Plan Rows": 4167490, "Plan Width": 0}]}, {"Node Type": "Bitmap Heap Scan", "Parent Relationship": "Inner", "Relation Name": "aka_name", "Alias": "an", "Startup Cost": 4.22, "Total Cost": 8.23, "Plan Rows": 1, "Plan Width": 20, "Recheck Cond": "(person_id = n.id)", "Plans": [{"Node Type": "Bitmap Index Scan", "Parent Relationship": "Outer", "Index Name": "person_id_aka_name", "Startup Cost": 0.0, "Total Cost": 4.22, "Plan Rows": 1, "Plan Width": 0, "Index Cond": "(person_id = n.id)"}]}]}, {"Node Type": "Bitmap Heap Scan", "Parent Relationship": "Inner", "Relation Name": "cast_info", "Alias": "ci", "Startup Cost": 1.0, "Total Cost": 5.32, "Plan Rows": 1, "Plan Width": 16, "Recheck Cond": "(person_id = an.person_id)", "Filter": "((note)::text = ANY ('{(voice),\"(voice: Japanese version)\",\"(voice) (uncredited)\",\"(voice: English version)\"}'::text[]))", "Plans": [{"Node Type": "Bitmap Index Scan", "Parent Relationship": "Outer", "Index Name": "person_id_cast_info", "Startup Cost": 0.0, "Total Cost": 1.0, "Plan Rows": 18, "Plan Width": 0, "Index Cond": "(person_id = an.person_id)"}]}]}, {"Node Type": "Bitmap Heap Scan", "Parent Relationship": "Inner", "Relation Name": "role_type", "Alias": "rt", "Startup Cost": 0.26, "Total Cost": 4.27, "Plan Rows": 1, "Plan Width": 4, "Recheck Cond": "(id = ci.role_id)", "Filter": "((role)::text = 'actress'::text)", "Plans": [{"Node Type": "Bitmap Index Scan", "Parent Relationship": "Outer", "Index Name": "role_type_pkey", "Startup Cost": 0.0, "Total Cost": 0.26, "Plan Rows": 1, "Plan Width": 0, "Index Cond": "(id = ci.role_id)"}]}]}, {"Node Type": "Bitmap Heap Scan", "Parent Relationship": "Inner", "Relation Name": "movie_companies", "Alias": "mc", "Startup Cost": 0.31, "Total Cost": 4.35, "Plan Rows": 1, "Plan Width": 8, "Recheck Cond": "(movie_id = ci.movie_id)", "Filter": "((note IS NOT NULL) AND (((note)::text ~~ '%(USA)%'::text) OR ((note)::text ~~ '%(worldwide)%'::text)))", "Plans": [{"Node Type": "Bitmap Index Scan", "Parent Relationship": "Outer", "Index Name": "movie_id_movie_companies", "Startup Cost": 0.0, "Total Cost": 0.31, "Plan Rows": 2, "Plan Width": 0, "Index Cond": "(movie_id = ci.movie_id)"}]}]}, {"Node Type": "Bitmap Heap Scan", "Parent Relationship": "Inner", "Relation Name": "company_name", "Alias": "cn", "Startup Cost": 0.26, "Total Cost": 4.28, "Plan Rows": 1, "Plan Width": 4, "Recheck Cond": "(id = mc.company_id)", "Filter": "((country_code)::text = '[us]'::text)", "Plans": [{"Node Type": "Bitmap Index Scan", "Parent Relationship": "Outer", "Index Name": "company_name_pkey", "Startup Cost": 0.0, "Total Cost": 0.26, "Plan Rows": 1, "Plan Width": 0, "Index Cond": "(id = mc.company_id)"}]}]}, {"Node Type": "Bitmap Heap Scan", "Parent Relationship": "Inner", "Relation Name": "char_name", "Alias": "chn", "Startup Cost": 0.31, "Total Cost": 4.33, "Plan Rows": 1, "Plan Width": 20, "Recheck Cond": "(id = ci.person_role_id)", "Plans": [{"Node Type": "Bitmap Index Scan", "Parent Relationship": "Outer", "Index Name": "char_name_pkey", "Startup Cost": 0.0, "Total Cost": 0.31, "Plan Rows": 1, "Plan Width": 0, "Index Cond": "(id = ci.person_role_id)"}]}]}, {"Node Type": "Bitmap Heap Scan", "Parent Relationship": "Inner", "Relation Name": "title", "Alias": "t", "Startup Cost": 0.3, "Total Cost": 4.32, "Plan Rows": 1, "Plan Width": 21, "Recheck Cond": "(id = ci.movie_id)", "Filter": "((production_year >= 2005) AND (production_year <= 2015))", "Plans": [{"Node Type": "Bitmap Index Scan", "Parent Relationship": "Outer", "Index Name": "title_pkey", "Startup Cost": 0.0, "Total Cost": 0.3, "Plan Rows": 1, "Plan Width": 0, "Index Cond": "(id = ci.movie_id)"}]}]}]}, "Unique SQL Id": 3431223514, "Planner Runtime": 50}, "explain_analyze_plan": null}, "(64, 40)": {"explain_plan": {"Plan": {"Node Type": "Aggregate", "Strategy": "Plain", "Startup Cost": 65860.2, "Total Cost": 65860.21, "Plan Rows": 1, "Plan Width": 145, "Plans": [{"Node Type": "Nested Loop", "Parent Relationship": "Outer", "Join Type": "Inner", "Startup Cost": 0.0, "Total Cost": 65860.2, "Plan Rows": 1, "Plan Width": 49, "Inner Unique": true, "Plans": [{"Node Type": "Nested Loop", "Parent Relationship": "Outer", "Join Type": "Inner", "Startup Cost": 0.0, "Total Cost": 65859.7, "Plan Rows": 1, "Plan Width": 40, "Inner Unique": true, "Plans": [{"Node Type": "Nested Loop", "Parent Relationship": "Outer", "Join Type": "Inner", "Startup Cost": 0.0, "Total Cost": 65859.04, "Plan Rows": 2, "Plan Width": 44, "Inner Unique": true, "Plans": [{"Node Type": "Nested Loop", "Parent Relationship": "Outer", "Join Type": "Inner", "Startup Cost": 0.0, "Total Cost": 65856.5, "Plan Rows": 5, "Plan Width": 32, "Inner Unique": false, "Plans": [{"Node Type": "Nested Loop", "Parent Relationship": "Outer", "Join Type": "Inner", "Startup Cost": 0.0, "Total Cost": 65850.89, "Plan Rows": 13, "Plan Width": 24, "Inner Unique": false, "Join Filter": "(ci.role_id = rt.id)", "Plans": [{"Node Type": "Seq Scan", "Parent Relationship": "Outer", "Relation Name": "role_type", "Alias": "rt", "Startup Cost": 0.0, "Total Cost": 1.15, "Plan Rows": 1, "Plan Width": 4, "Filter": "((role)::text = 'actress'::text)"}, {"Node Type": "Materialize", "Parent Relationship": "Inner", "Startup Cost": 0.0, "Total Cost": 65848.33, "Plan Rows": 141, "Plan Width": 28, "Plans": [{"Node Type": "Nested Loop", "Parent Relationship": "Outer", "Join Type": "Inner", "Startup Cost": 0.0, "Total Cost": 65847.98, "Plan Rows": 141, "Plan Width": 28, "Inner Unique": false, "Join Filter": "(n.id = ci.person_id)", "Plans": [{"Node Type": "Nested Loop", "Parent Relationship": "Outer", "Join Type": "Inner", "Startup Cost": 0.0, "Total Cost": 65572.69, "Plan Rows": 115, "Plan Width": 24, "Inner Unique": false, "Plans": [{"Node Type": "Streaming(type: LOCAL GATHER dop: 1/64)", "Parent Relationship": "Outer", "Startup Cost": 0.0, "Total Cost": 64781.81, "Plan Rows": 96, "Plan Width": 4, "Plans": [{"Node Type": "Seq Scan", "Parent Relationship": "Outer", "Relation Name": "name", "Alias": "n", "Startup Cost": 0.0, "Total Cost": 64779.83, "Plan Rows": 96, "Plan Width": 4, "Filter": "(((name)::text ~~ '%Ang%'::text) AND ((gender)::text = 'f'::text))"}]}, {"Node Type": "Index Scan", "Parent Relationship": "Inner", "Scan Direction": "Forward", "Index Name": "person_id_aka_name", "Relation Name": "aka_name", "Alias": "an", "Startup Cost": 0.0, "Total Cost": 8.23, "Plan Rows": 1, "Plan Width": 20, "Index Cond": "(person_id = n.id)"}]}, {"Node Type": "Index Scan", "Parent Relationship": "Inner", "Scan Direction": "Forward", "Index Name": "person_id_cast_info", "Relation Name": "cast_info", "Alias": "ci", "Startup Cost": 0.0, "Total Cost": 2.38, "Plan Rows": 1, "Plan Width": 16, "Index Cond": "(person_id = an.person_id)", "Filter": "((note)::text = ANY ('{(voice),\"(voice: Japanese version)\",\"(voice) (uncredited)\",\"(voice: English version)\"}'::text[]))"}]}]}]}, {"Node Type": "Index Scan", "Parent Relationship": "Inner", "Scan Direction": "Forward", "Index Name": "movie_id_movie_companies", "Relation Name": "movie_companies", "Alias": "mc", "Startup Cost": 0.0, "Total Cost": 0.42, "Plan Rows": 1, "Plan Width": 8, "Index Cond": "(movie_id = ci.movie_id)", "Filter": "((note IS NOT NULL) AND (((note)::text ~~ '%(USA)%'::text) OR ((note)::text ~~ '%(worldwide)%'::text)))"}]}, {"Node Type": "Index Scan", "Parent Relationship": "Inner", "Scan Direction": "Forward", "Index Name": "char_name_pkey", "Relation Name": "char_name", "Alias": "chn", "Startup Cost": 0.0, "Total Cost": 0.5, "Plan Rows": 1, "Plan Width": 20, "Index Cond": "(id = ci.person_role_id)"}]}, {"Node Type": "Index Scan", "Parent Relationship": "Inner", "Scan Direction": "Forward", "Index Name": "company_name_pkey", "Relation Name": "company_name", "Alias": "cn", "Startup Cost": 0.0, "Total Cost": 0.32, "Plan Rows": 1, "Plan Width": 4, "Index Cond": "(id = mc.company_id)", "Filter": "((country_code)::text = '[us]'::text)"}]}, {"Node Type": "Index Scan", "Parent Relationship": "Inner", "Scan Direction": "Forward", "Index Name": "title_pkey", "Relation Name": "title", "Alias": "t", "Startup Cost": 0.0, "Total Cost": 0.49, "Plan Rows": 1, "Plan Width": 21, "Index Cond": "(id = ci.movie_id)", "Filter": "((production_year >= 2005) AND (production_year <= 2015))"}]}]}, "Unique SQL Id": 3431223514, "Planner Runtime": 67}, "explain_analyze_plan": {"Plan": {"Node Type": "Aggregate", "Strategy": "Plain", "Startup Cost": 65860.2, "Total Cost": 65860.21, "Plan Rows": 1, "Plan Width": 145, "Actual Min Startup Time": 239.728, "Actual Max Startup Time": 239.728, "Actual Min Total Time": 239.728, "Actual Max Total Time": 239.728, "Plans": [{"Node Type": "Nested Loop", "Parent Relationship": "Outer", "Join Type": "Inner", "Startup Cost": 0.0, "Total Cost": 65860.2, "Plan Rows": 1, "Plan Width": 49, "Actual Min Startup Time": 230.969, "Actual Max Startup Time": 230.969, "Actual Min Total Time": 239.574, "Actual Max Total Time": 239.574, "Inner Unique": true, "Plans": [{"Node Type": "Nested Loop", "Parent Relationship": "Outer", "Join Type": "Inner", "Startup Cost": 0.0, "Total Cost": 65859.7, "Plan Rows": 1, "Plan Width": 40, "Actual Min Startup Time": 229.85, "Actual Max Startup Time": 229.85, "Actual Min Total Time": 237.655, "Actual Max Total Time": 237.655, "Inner Unique": true, "Plans": [{"Node Type": "Nested Loop", "Parent Relationship": "Outer", "Join Type": "Inner", "Startup Cost": 0.0, "Total Cost": 65859.04, "Plan Rows": 2, "Plan Width": 44, "Actual Min Startup Time": 229.833, "Actual Max Startup Time": 229.833, "Actual Min Total Time": 235.992, "Actual Max Total Time": 235.992, "Inner Unique": true, "Plans": [{"Node Type": "Nested Loop", "Parent Relationship": "Outer", "Join Type": "Inner", "Startup Cost": 0.0, "Total Cost": 65856.5, "Plan Rows": 5, "Plan Width": 32, "Actual Min Startup Time": 229.816, "Actual Max Startup Time": 229.816, "Actual Min Total Time": 234.443, "Actual Max Total Time": 234.443, "Inner Unique": false, "Plans": [{"Node Type": "Nested Loop", "Parent Relationship": "Outer", "Join Type": "Inner", "Startup Cost": 0.0, "Total Cost": 65850.89, "Plan Rows": 13, "Plan Width": 24, "Actual Min Startup Time": 229.764, "Actual Max Startup Time": 229.764, "Actual Min Total Time": 230.027, "Actual Max Total Time": 230.027, "Inner Unique": false, "Join Filter": "(ci.role_id = rt.id)", "Rows Removed by Join Filter": 0, "Plans": [{"Node Type": "Seq Scan", "Parent Relationship": "Outer", "Relation Name": "role_type", "Alias": "rt", "Startup Cost": 0.0, "Total Cost": 1.15, "Plan Rows": 1, "Plan Width": 4, "Actual Min Startup Time": 0.022, "Actual Max Startup Time": 0.022, "Actual Min Total Time": 0.026, "Actual Max Total Time": 0.026, "Filter": "((role)::text = 'actress'::text)", "Rows Removed by Filter": 11, "Actual Rows": 1}, {"Node Type": "Materialize", "Parent Relationship": "Inner", "Startup Cost": 0.0, "Total Cost": 65848.33, "Plan Rows": 141, "Plan Width": 28, "Actual Min Startup Time": 229.729, "Actual Max Startup Time": 229.729, "Actual Min Total Time": 229.79, "Actual Max Total Time": 229.79, "Plans": [{"Node Type": "Nested Loop", "Parent Relationship": "Outer", "Join Type": "Inner", "Startup Cost": 0.0, "Total Cost": 65847.98, "Plan Rows": 141, "Plan Width": 28, "Actual Min Startup Time": 109.917, "Actual Max Startup Time": 109.917, "Actual Min Total Time": 229.534, "Actual Max Total Time": 229.534, "Inner Unique": false, "Join Filter": "(n.id = ci.person_id)", "Rows Removed by Join Filter": 0, "Plans": [{"Node Type": "Nested Loop", "Parent Relationship": "Outer", "Join Type": "Inner", "Startup Cost": 0.0, "Total Cost": 65572.69, "Plan Rows": 115, "Plan Width": 24, "Actual Min Startup Time": 108.509, "Actual Max Startup Time": 108.509, "Actual Min Total Time": 175.399, "Actual Max Total Time": 175.399, "Inner Unique": false, "Plans": [{"Node Type": "Streaming(type: LOCAL GATHER dop: 1/64)", "Parent Relationship": "Outer", "Startup Cost": 0.0, "Total Cost": 64781.81, "Plan Rows": 96, "Plan Width": 4, "Actual Min Startup Time": 108.441, "Actual Max Startup Time": 108.441, "Actual Min Total Time": 150.514, "Actual Max Total Time": 150.514, "Plans": [{"Node Type": "Seq Scan", "Parent Relationship": "Outer", "Relation Name": "name", "Alias": "n", "Startup Cost": 0.0, "Total Cost": 64779.83, "Plan Rows": 96, "Plan Width": 4, "Actual Min Startup Time": 9.418, "Actual Max Startup Time": 13.998, "Actual Min Total Time": 25.419, "Actual Max Total Time": 30.544, "Filter": "(((name)::text ~~ '%Ang%'::text) AND ((gender)::text = 'f'::text))", "Rows Removed by Filter": 4160722, "Actual Rows": 6768}], "Actual Rows": 6768}, {"Node Type": "Index Scan", "Parent Relationship": "Inner", "Scan Direction": "Forward", "Index Name": "person_id_aka_name", "Relation Name": "aka_name", "Alias": "an", "Startup Cost": 0.0, "Total Cost": 8.23, "Plan Rows": 1, "Plan Width": 20, "Actual Min Startup Time": 20.591, "Actual Max Startup Time": 20.591, "Actual Min Total Time": 21.474, "Actual Max Total Time": 21.474, "Index Cond": "(person_id = n.id)", "Rows Removed by Index Recheck": 0, "Actual Rows": 1558}], "Actual Rows": 1558}, {"Node Type": "Index Scan", "Parent Relationship": "Inner", "Scan Direction": "Forward", "Index Name": "person_id_cast_info", "Relation Name": "cast_info", "Alias": "ci", "Startup Cost": 0.0, "Total Cost": 2.38, "Plan Rows": 1, "Plan Width": 16, "Actual Min Startup Time": 48.17, "Actual Max Startup Time": 48.17, "Actual Min Total Time": 53.195, "Actual Max Total Time": 53.195, "Index Cond": "(person_id = an.person_id)", "Rows Removed by Index Recheck": 0, "Filter": "((note)::text = ANY ('{(voice),\"(voice: Japanese version)\",\"(voice) (uncredited)\",\"(voice: English version)\"}'::text[]))", "Rows Removed by Filter": 69057, "Actual Rows": 425}], "Actual Rows": 425}], "Actual Rows": 426}], "Actual Rows": 425}, {"Node Type": "Index Scan", "Parent Relationship": "Inner", "Scan Direction": "Forward", "Index Name": "movie_id_movie_companies", "Relation Name": "movie_companies", "Alias": "mc", "Startup Cost": 0.0, "Total Cost": 0.42, "Plan Rows": 1, "Plan Width": 8, "Actual Min Startup Time": 2.892, "Actual Max Startup Time": 2.892, "Actual Min Total Time": 4.105, "Actual Max Total Time": 4.105, "Index Cond": "(movie_id = ci.movie_id)", "Rows Removed by Index Recheck": 0, "Filter": "((note IS NOT NULL) AND (((note)::text ~~ '%(USA)%'::text) OR ((note)::text ~~ '%(worldwide)%'::text)))", "Rows Removed by Filter": 1538, "Actual Rows": 373}], "Actual Rows": 373}, {"Node Type": "Index Scan", "Parent Relationship": "Inner", "Scan Direction": "Forward", "Index Name": "char_name_pkey", "Relation Name": "char_name", "Alias": "chn", "Startup Cost": 0.0, "Total Cost": 0.5, "Plan Rows": 1, "Plan Width": 20, "Actual Min Startup Time": 1.255, "Actual Max Startup Time": 1.255, "Actual Min Total Time": 1.255, "Actual Max Total Time": 1.255, "Index Cond": "(id = ci.person_role_id)", "Rows Removed by Index Recheck": 0, "Actual Rows": 348}], "Actual Rows": 348}, {"Node Type": "Index Scan", "Parent Relationship": "Inner", "Scan Direction": "Forward", "Index Name": "company_name_pkey", "Relation Name": "company_name", "Alias": "cn", "Startup Cost": 0.0, "Total Cost": 0.32, "Plan Rows": 1, "Plan Width": 4, "Actual Min Startup Time": 1.398, "Actual Max Startup Time": 1.398, "Actual Min Total Time": 1.398, "Actual Max Total Time": 1.398, "Index Cond": "(id = mc.company_id)", "Rows Removed by Index Recheck": 0, "Filter": "((country_code)::text = '[us]'::text)", "Rows Removed by Filter": 7, "Actual Rows": 341}], "Actual Rows": 341}, {"Node Type": "Index Scan", "Parent Relationship": "Inner", "Scan Direction": "Forward", "Index Name": "title_pkey", "Relation Name": "title", "Alias": "t", "Startup Cost": 0.0, "Total Cost": 0.49, "Plan Rows": 1, "Plan Width": 21, "Actual Min Startup Time": 1.689, "Actual Max Startup Time": 1.689, "Actual Min Total Time": 1.689, "Actual Max Total Time": 1.689, "Index Cond": "(id = ci.movie_id)", "Rows Removed by Index Recheck": 0, "Filter": "((production_year >= 2005) AND (production_year <= 2015))", "Rows Removed by Filter": 220, "Actual Rows": 121}], "Actual Rows": 121}], "Actual Rows": 1}, "Triggers": [], "Planner Runtime": 67, "Total Runtime": 251.757, "Unique SQL Id": 3431223514}}, "(64, 41)": {"explain_plan": {"Plan": {"Node Type": "Aggregate", "Strategy": "Plain", "Startup Cost": 198159.35, "Total Cost": 198159.36, "Plan Rows": 1, "Plan Width": 145, "Plans": [{"Node Type": "Nested Loop", "Parent Relationship": "Outer", "Join Type": "Inner", "Startup Cost": 0.0, "Total Cost": 198159.35, "Plan Rows": 1, "Plan Width": 49, "Inner Unique": true, "Plans": [{"Node Type": "Nested Loop", "Parent Relationship": "Outer", "Join Type": "Inner", "Startup Cost": 0.0, "Total Cost": 198158.85, "Plan Rows": 1, "Plan Width": 40, "Inner Unique": true, "Plans": [{"Node Type": "Nested Loop", "Parent Relationship": "Outer", "Join Type": "Inner", "Startup Cost": 0.0, "Total Cost": 198157.83, "Plan Rows": 2, "Plan Width": 28, "Inner Unique": true, "Plans": [{"Node Type": "Nested Loop", "Parent Relationship": "Outer", "Join Type": "Inner", "Startup Cost": 0.0, "Total Cost": 198156.19, "Plan Rows": 5, "Plan Width": 32, "Inner Unique": false, "Plans": [{"Node Type": "Nested Loop", "Parent Relationship": "Outer", "Join Type": "Inner", "Startup Cost": 0.0, "Total Cost": 198150.58, "Plan Rows": 13, "Plan Width": 24, "Inner Unique": false, "Join Filter": "(ci.role_id = rt.id)", "Plans": [{"Node Type": "Index Scan", "Parent Relationship": "Outer", "Scan Direction": "Forward", "Index Name": "role_type_pkey", "Relation Name": "role_type", "Alias": "rt", "Startup Cost": 0.0, "Total Cost": 12.46, "Plan Rows": 1, "Plan Width": 4, "Filter": "((role)::text = 'actress'::text)"}, {"Node Type": "Nested Loop", "Parent Relationship": "Inner", "Join Type": "Inner", "Startup Cost": 0.0, "Total Cost": 198136.36, "Plan Rows": 141, "Plan Width": 28, "Inner Unique": false, "Join Filter": "(n.id = ci.person_id)", "Plans": [{"Node Type": "Nested Loop", "Parent Relationship": "Outer", "Join Type": "Inner", "Startup Cost": 0.0, "Total Cost": 197861.08, "Plan Rows": 115, "Plan Width": 24, "Inner Unique": false, "Plans": [{"Node Type": "Index Scan", "Parent Relationship": "Outer", "Scan Direction": "Forward", "Index Name": "name_pkey", "Relation Name": "name", "Alias": "n", "Startup Cost": 0.0, "Total Cost": 197070.2, "Plan Rows": 96, "Plan Width": 4, "Filter": "(((name)::text ~~ '%Ang%'::text) AND ((gender)::text = 'f'::text))"}, {"Node Type": "Index Scan", "Parent Relationship": "Inner", "Scan Direction": "Forward", "Index Name": "person_id_aka_name", "Relation Name": "aka_name", "Alias": "an", "Startup Cost": 0.0, "Total Cost": 8.23, "Plan Rows": 1, "Plan Width": 20, "Index Cond": "(person_id = n.id)"}]}, {"Node Type": "Index Scan", "Parent Relationship": "Inner", "Scan Direction": "Forward", "Index Name": "person_id_cast_info", "Relation Name": "cast_info", "Alias": "ci", "Startup Cost": 0.0, "Total Cost": 2.38, "Plan Rows": 1, "Plan Width": 16, "Index Cond": "(person_id = an.person_id)", "Filter": "((note)::text = ANY ('{(voice),\"(voice: Japanese version)\",\"(voice) (uncredited)\",\"(voice: English version)\"}'::text[]))"}]}]}, {"Node Type": "Index Scan", "Parent Relationship": "Inner", "Scan Direction": "Forward", "Index Name": "movie_id_movie_companies", "Relation Name": "movie_companies", "Alias": "mc", "Startup Cost": 0.0, "Total Cost": 0.42, "Plan Rows": 1, "Plan Width": 8, "Index Cond": "(movie_id = ci.movie_id)", "Filter": "((note IS NOT NULL) AND (((note)::text ~~ '%(USA)%'::text) OR ((note)::text ~~ '%(worldwide)%'::text)))"}]}, {"Node Type": "Index Scan", "Parent Relationship": "Inner", "Scan Direction": "Forward", "Index Name": "company_name_pkey", "Relation Name": "company_name", "Alias": "cn", "Startup Cost": 0.0, "Total Cost": 0.32, "Plan Rows": 1, "Plan Width": 4, "Index Cond": "(id = mc.company_id)", "Filter": "((country_code)::text = '[us]'::text)"}]}, {"Node Type": "Index Scan", "Parent Relationship": "Inner", "Scan Direction": "Forward", "Index Name": "char_name_pkey", "Relation Name": "char_name", "Alias": "chn", "Startup Cost": 0.0, "Total Cost": 0.5, "Plan Rows": 1, "Plan Width": 20, "Index Cond": "(id = ci.person_role_id)"}]}, {"Node Type": "Index Scan", "Parent Relationship": "Inner", "Scan Direction": "Forward", "Index Name": "title_pkey", "Relation Name": "title", "Alias": "t", "Startup Cost": 0.0, "Total Cost": 0.49, "Plan Rows": 1, "Plan Width": 21, "Index Cond": "(id = ci.movie_id)", "Filter": "((production_year >= 2005) AND (production_year <= 2015))"}]}]}, "Unique SQL Id": 3431223514, "Planner Runtime": 35}, "explain_analyze_plan": null}, "(64, 42)": {"explain_plan": {"Plan": {"Node Type": "Aggregate", "Strategy": "Plain", "Startup Cost": 362727.92, "Total Cost": 362727.93, "Plan Rows": 1, "Plan Width": 145, "Plans": [{"Node Type": "Nested Loop", "Parent Relationship": "Outer", "Join Type": "Inner", "Startup Cost": 331566.75, "Total Cost": 362727.9, "Plan Rows": 2, "Plan Width": 49, "Inner Unique": false, "Join Filter": "(mc.company_id = cn.id)", "Plans": [{"Node Type": "Seq Scan", "Parent Relationship": "Outer", "Relation Name": "company_name", "Alias": "cn", "Startup Cost": 0.0, "Total Cost": 5903.45, "Plan Rows": 85170, "Plan Width": 4, "Filter": "((country_code)::text = '[us]'::text)"}, {"Node Type": "Materialize", "Parent Relationship": "Inner", "Startup Cost": 331566.75, "Total Cost": 354269.36, "Plan Rows": 2, "Plan Width": 53, "Plans": [{"Node Type": "Hash Join", "Parent Relationship": "Outer", "Join Type": "Inner", "Startup Cost": 331566.75, "Total Cost": 354269.35, "Plan Rows": 2, "Plan Width": 53, "Inner Unique": false, "Hash Cond": "(an.person_id = n.id)", "Plans": [{"Node Type": "Seq Scan", "Parent Relationship": "Outer", "Relation Name": "aka_name", "Alias": "an", "Startup Cost": 0.0, "Total Cost": 19908.42, "Plan Rows": 901342, "Plan Width": 20}, {"Node Type": "Hash", "Parent Relationship": "Inner", "Startup Cost": 331566.72, "Total Cost": 331566.72, "Plan Rows": 2, "Plan Width": 45, "Plans": [{"Node Type": "Hash Join", "Parent Relationship": "Outer", "Join Type": "Inner", "Startup Cost": 212582.29, "Total Cost": 331566.72, "Plan Rows": 2, "Plan Width": 45, "Inner Unique": true, "Hash Cond": "(ci.movie_id = t.id)", "Plans": [{"Node Type": "Streaming(type: LOCAL GATHER dop: 1/64)", "Parent Relationship": "Outer", "Startup Cost": 176962.17, "Total Cost": 295946.58, "Plan Rows": 2, "Plan Width": 36, "Plans": [{"Node Type": "Hash Join", "Parent Relationship": "Outer", "Join Type": "Inner", "Startup Cost": 176962.17, "Total Cost": 295946.54, "Plan Rows": 2, "Plan Width": 36, "Inner Unique": true, "Hash Cond": "(ci.person_role_id = chn.id)", "Plans": [{"Node Type": "Streaming(type: BROADCAST dop: 64/1)", "Parent Relationship": "Outer", "Startup Cost": 160335.18, "Total Cost": 279319.52, "Plan Rows": 256, "Plan Width": 24, "Plans": [{"Node Type": "Nested Loop", "Parent Relationship": "Outer", "Join Type": "Inner", "Startup Cost": 160335.18, "Total Cost": 216314.24, "Plan Rows": 4, "Plan Width": 24, "Inner Unique": false, "Join Filter": "(ci.role_id = rt.id)", "Plans": [{"Node Type": "Seq Scan", "Parent Relationship": "Outer", "Relation Name": "role_type", "Alias": "rt", "Startup Cost": 0.0, "Total Cost": 1.15, "Plan Rows": 1, "Plan Width": 4, "Filter": "((role)::text = 'actress'::text)"}, {"Node Type": "Materialize", "Parent Relationship": "Inner", "Startup Cost": 160335.18, "Total Cost": 216312.66, "Plan Rows": 43, "Plan Width": 28, "Plans": [{"Node Type": "Hash Join", "Parent Relationship": "Outer", "Join Type": "Inner", "Startup Cost": 160335.18, "Total Cost": 216312.55, "Plan Rows": 43, "Plan Width": 28, "Inner Unique": false, "Hash Cond": "(mc.movie_id = ci.movie_id)", "Plans": [{"Node Type": "Seq Scan", "Parent Relationship": "Outer", "Relation Name": "movie_companies", "Alias": "mc", "Startup Cost": 0.0, "Total Cost": 54862.92, "Plan Rows": 297072, "Plan Width": 8, "Filter": "((note IS NOT NULL) AND (((note)::text ~~ '%(USA)%'::text) OR ((note)::text ~~ '%(worldwide)%'::text))), (LLVM Optimized)"}, {"Node Type": "Hash", "Parent Relationship": "Inner", "Startup Cost": 160333.72, "Total Cost": 160333.72, "Plan Rows": 117, "Plan Width": 20, "Plans": [{"Node Type": "Hash Join", "Parent Relationship": "Outer", "Join Type": "Inner", "Startup Cost": 64783.01, "Total Cost": 160333.72, "Plan Rows": 117, "Plan Width": 20, "Inner Unique": true, "Hash Cond": "(ci.person_id = n.id)", "Plans": [{"Node Type": "Streaming(type: LOCAL GATHER dop: 1/64)", "Parent Relationship": "Outer", "Startup Cost": 0.0, "Total Cost": 92425.17, "Plan Rows": 833163, "Plan Width": 16, "Plans": [{"Node Type": "Seq Scan", "Parent Relationship": "Outer", "Relation Name": "cast_info", "Alias": "ci", "Startup Cost": 0.0, "Total Cost": 75237.12, "Plan Rows": 833163, "Plan Width": 16, "Filter": "((note)::text = ANY ('{(voice),\"(voice: Japanese version)\",\"(voice) (uncredited)\",\"(voice: English version)\"}'::text[]))"}]}, {"Node Type": "Hash", "Parent Relationship": "Inner", "Startup Cost": 64781.81, "Total Cost": 64781.81, "Plan Rows": 96, "Plan Width": 4, "Plans": [{"Node Type": "Streaming(type: LOCAL GATHER dop: 1/64)", "Parent Relationship": "Outer", "Startup Cost": 0.0, "Total Cost": 64781.81, "Plan Rows": 96, "Plan Width": 4, "Plans": [{"Node Type": "Seq Scan", "Parent Relationship": "Outer", "Relation Name": "name", "Alias": "n", "Startup Cost": 0.0, "Total Cost": 64779.83, "Plan Rows": 96, "Plan Width": 4, "Filter": "(((name)::text ~~ '%Ang%'::text) AND ((gender)::text = 'f'::text))"}]}]}]}]}]}]}]}]}, {"Node Type": "Hash", "Parent Relationship": "Inner", "Startup Cost": 64054.58, "Total Cost": 64054.58, "Plan Rows": 3140338, "Plan Width": 20, "Plans": [{"Node Type": "Seq Scan", "Parent Relationship": "Outer", "Relation Name": "char_name", "Alias": "chn", "Startup Cost": 0.0, "Total Cost": 64054.58, "Plan Rows": 3140338, "Plan Width": 20}]}]}]}, {"Node Type": "Hash", "Parent Relationship": "Inner", "Startup Cost": 87019.27, "Total Cost": 87019.27, "Plan Rows": 1109224, "Plan Width": 21, "Plans": [{"Node Type": "Streaming(type: LOCAL GATHER dop: 1/64)", "Parent Relationship": "Outer", "Startup Cost": 282.75, "Total Cost": 87019.27, "Plan Rows": 1109224, "Plan Width": 21, "Plans": [{"Node Type": "Seq Scan", "Parent Relationship": "Outer", "Relation Name": "title", "Alias": "t", "Startup Cost": 282.75, "Total Cost": 64136.1, "Plan Rows": 1109224, "Plan Width": 21, "Filter": "((production_year >= 2005) AND (production_year <= 2015)), (LLVM Optimized)"}]}]}]}]}]}]}]}]}, "Unique SQL Id": 3431223514, "Planner Runtime": 201}, "explain_analyze_plan": null}, "(64, 43)": {"explain_plan": {"Plan": {"Node Type": "Aggregate", "Strategy": "Plain", "Startup Cost": 8000201107247.63, "Total Cost": 8000201107247.64, "Plan Rows": 1, "Plan Width": 145, "Plans": [{"Node Type": "Nested Loop", "Parent Relationship": "Outer", "Join Type": "Inner", "Startup Cost": 80000000000.0, "Total Cost": 8000201107247.61, "Plan Rows": 2, "Plan Width": 49, "Inner Unique": false, "Join Filter": "(n.id = an.person_id)", "Plans": [{"Node Type": "Nested Loop", "Parent Relationship": "Outer", "Join Type": "Inner", "Startup Cost": 70000000000.0, "Total Cost": 7000201107213.94, "Plan Rows": 1, "Plan Width": 41, "Inner Unique": true, "Plans": [{"Node Type": "Nested Loop", "Parent Relationship": "Outer", "Join Type": "Inner", "Startup Cost": 60000000000.0, "Total Cost": 6000201107165.29, "Plan Rows": 1, "Plan Width": 32, "Inner Unique": true, "Join Filter": "(ci.person_role_id = chn.id)", "Plans": [{"Node Type": "Nested Loop", "Parent Relationship": "Outer", "Join Type": "Inner", "Startup Cost": 50000000000.0, "Total Cost": 5000187970453.73, "Plan Rows": 3, "Plan Width": 20, "Inner Unique": true, "Join Filter": "(mc.company_id = cn.id)", "Plans": [{"Node Type": "Nested Loop", "Parent Relationship": "Outer", "Join Type": "Inner", "Startup Cost": 40000000000.0, "Total Cost": 4000186914991.63, "Plan Rows": 4, "Plan Width": 24, "Inner Unique": false, "Join Filter": "(ci.movie_id = mc.movie_id)", "Plans": [{"Node Type": "Nested Loop", "Parent Relationship": "Outer", "Join Type": "Inner", "Startup Cost": 30000000000.0, "Total Cost": 3000173193318.09, "Plan Rows": 11, "Plan Width": 16, "Inner Unique": true, "Join Filter": "(ci.role_id = rt.id)", "Plans": [{"Node Type": "Nested Loop", "Parent Relationship": "Outer", "Join Type": "Inner", "Startup Cost": 20000000000.0, "Total Cost": 2000173192070.33, "Plan Rows": 117, "Plan Width": 20, "Inner Unique": false, "Join Filter": "(ci.person_id = n.id)", "Plans": [{"Node Type": "Index Scan", "Parent Relationship": "Outer", "Scan Direction": "Forward", "Index Name": "name_pkey", "Relation Name": "name", "Alias": "n", "Startup Cost": 10000000000.0, "Total Cost": 1000019707019.7, "Plan Rows": 96, "Plan Width": 4, "Filter": "(((name)::text ~~ '%Ang%'::text) AND ((gender)::text = 'f'::text))"}, {"Node Type": "Materialize", "Parent Relationship": "Inner", "Startup Cost": 10000000000.0, "Total Cost": 1000152287378.81, "Plan Rows": 833163, "Plan Width": 16, "Plans": [{"Node Type": "Index Scan", "Parent Relationship": "Outer", "Scan Direction": "Forward", "Index Name": "role_id_cast_info", "Relation Name": "cast_info", "Alias": "ci", "Startup Cost": 10000000000.0, "Total Cost": 1000152283213.0, "Plan Rows": 833163, "Plan Width": 16, "Filter": "((note)::text = ANY ('{(voice),\"(voice: Japanese version)\",\"(voice) (uncredited)\",\"(voice: English version)\"}'::text[]))"}]}]}, {"Node Type": "Materialize", "Parent Relationship": "Inner", "Startup Cost": 10000000000.0, "Total Cost": 1000000001246.0, "Plan Rows": 1, "Plan Width": 4, "Plans": [{"Node Type": "Index Scan", "Parent Relationship": "Outer", "Scan Direction": "Forward", "Index Name": "role_type_pkey", "Relation Name": "role_type", "Alias": "rt", "Startup Cost": 10000000000.0, "Total Cost": 1000000001246.0, "Plan Rows": 1, "Plan Width": 4, "Filter": "((role)::text = 'actress'::text)"}]}]}, {"Node Type": "Materialize", "Parent Relationship": "Inner", "Startup Cost": 10000000000.0, "Total Cost": 1000013673399.34, "Plan Rows": 297072, "Plan Width": 8, "Plans": [{"Node Type": "Index Scan", "Parent Relationship": "Outer", "Scan Direction": "Forward", "Index Name": "company_id_movie_companies", "Relation Name": "movie_companies", "Alias": "mc", "Startup Cost": 10000000000.0, "Total Cost": 1000013671913.98, "Plan Rows": 297072, "Plan Width": 8, "Filter": "((note IS NOT NULL) AND (((note)::text ~~ '%(USA)%'::text) OR ((note)::text ~~ '%(worldwide)%'::text))), (LLVM Optimized)"}]}]}, {"Node Type": "Materialize", "Parent Relationship": "Inner", "Startup Cost": 10000000000.0, "Total Cost": 1000001050564.82, "Plan Rows": 85170, "Plan Width": 4, "Plans": [{"Node Type": "Index Scan", "Parent Relationship": "Outer", "Scan Direction": "Forward", "Index Name": "company_name_pkey", "Relation Name": "company_name", "Alias": "cn", "Startup Cost": 10000000000.0, "Total Cost": 1000001050138.97, "Plan Rows": 85170, "Plan Width": 4, "Filter": "((country_code)::text = '[us]'::text)"}]}]}, {"Node Type": "Materialize", "Parent Relationship": "Inner", "Startup Cost": 10000000000.0, "Total Cost": 1000013003247.2, "Plan Rows": 3140338, "Plan Width": 20, "Plans": [{"Node Type": "Index Scan", "Parent Relationship": "Outer", "Scan Direction": "Forward", "Index Name": "char_name_pkey", "Relation Name": "char_name", "Alias": "chn", "Startup Cost": 10000000000.0, "Total Cost": 1000012987545.51, "Plan Rows": 3140338, "Plan Width": 20}]}]}, {"Node Type": "Index Scan", "Parent Relationship": "Inner", "Scan Direction": "Forward", "Index Name": "title_pkey", "Relation Name": "title", "Alias": "t", "Startup Cost": 10000000000.0, "Total Cost": 1000000000048.64, "Plan Rows": 1, "Plan Width": 21, "Index Cond": "(id = ci.movie_id)", "Filter": "((production_year >= 2005) AND (production_year <= 2015))"}]}, {"Node Type": "Index Scan", "Parent Relationship": "Inner", "Scan Direction": "Forward", "Index Name": "person_id_aka_name", "Relation Name": "aka_name", "Alias": "an", "Startup Cost": 10000000000.0, "Total Cost": 1000000000033.66, "Plan Rows": 1, "Plan Width": 20, "Index Cond": "(person_id = ci.person_id)"}]}]}, "Unique SQL Id": 3431223514, "Planner Runtime": 78}, "explain_analyze_plan": null}, "(64, 44)": {"explain_plan": {"Plan": {"Node Type": "Aggregate", "Strategy": "Plain", "Startup Cost": 65860.2, "Total Cost": 65860.21, "Plan Rows": 1, "Plan Width": 145, "Plans": [{"Node Type": "Nested Loop", "Parent Relationship": "Outer", "Join Type": "Inner", "Startup Cost": 0.0, "Total Cost": 65860.2, "Plan Rows": 1, "Plan Width": 49, "Inner Unique": true, "Plans": [{"Node Type": "Nested Loop", "Parent Relationship": "Outer", "Join Type": "Inner", "Startup Cost": 0.0, "Total Cost": 65859.7, "Plan Rows": 1, "Plan Width": 40, "Inner Unique": true, "Plans": [{"Node Type": "Nested Loop", "Parent Relationship": "Outer", "Join Type": "Inner", "Startup Cost": 0.0, "Total Cost": 65859.04, "Plan Rows": 2, "Plan Width": 44, "Inner Unique": true, "Plans": [{"Node Type": "Nested Loop", "Parent Relationship": "Outer", "Join Type": "Inner", "Startup Cost": 0.0, "Total Cost": 65856.5, "Plan Rows": 5, "Plan Width": 32, "Inner Unique": false, "Plans": [{"Node Type": "Nested Loop", "Parent Relationship": "Outer", "Join Type": "Inner", "Startup Cost": 0.0, "Total Cost": 65850.89, "Plan Rows": 13, "Plan Width": 24, "Inner Unique": false, "Join Filter": "(ci.role_id = rt.id)", "Plans": [{"Node Type": "Seq Scan", "Parent Relationship": "Outer", "Relation Name": "role_type", "Alias": "rt", "Startup Cost": 0.0, "Total Cost": 1.15, "Plan Rows": 1, "Plan Width": 4, "Filter": "((role)::text = 'actress'::text)"}, {"Node Type": "Materialize", "Parent Relationship": "Inner", "Startup Cost": 0.0, "Total Cost": 65848.33, "Plan Rows": 141, "Plan Width": 28, "Plans": [{"Node Type": "Nested Loop", "Parent Relationship": "Outer", "Join Type": "Inner", "Startup Cost": 0.0, "Total Cost": 65847.98, "Plan Rows": 141, "Plan Width": 28, "Inner Unique": false, "Join Filter": "(n.id = ci.person_id)", "Plans": [{"Node Type": "Nested Loop", "Parent Relationship": "Outer", "Join Type": "Inner", "Startup Cost": 0.0, "Total Cost": 65572.69, "Plan Rows": 115, "Plan Width": 24, "Inner Unique": false, "Plans": [{"Node Type": "Streaming(type: LOCAL GATHER dop: 1/64)", "Parent Relationship": "Outer", "Startup Cost": 0.0, "Total Cost": 64781.81, "Plan Rows": 96, "Plan Width": 4, "Plans": [{"Node Type": "Seq Scan", "Parent Relationship": "Outer", "Relation Name": "name", "Alias": "n", "Startup Cost": 0.0, "Total Cost": 64779.83, "Plan Rows": 96, "Plan Width": 4, "Filter": "(((name)::text ~~ '%Ang%'::text) AND ((gender)::text = 'f'::text))"}]}, {"Node Type": "Index Scan", "Parent Relationship": "Inner", "Scan Direction": "Forward", "Index Name": "person_id_aka_name", "Relation Name": "aka_name", "Alias": "an", "Startup Cost": 0.0, "Total Cost": 8.23, "Plan Rows": 1, "Plan Width": 20, "Index Cond": "(person_id = n.id)"}]}, {"Node Type": "Index Scan", "Parent Relationship": "Inner", "Scan Direction": "Forward", "Index Name": "person_id_cast_info", "Relation Name": "cast_info", "Alias": "ci", "Startup Cost": 0.0, "Total Cost": 2.38, "Plan Rows": 1, "Plan Width": 16, "Index Cond": "(person_id = an.person_id)", "Filter": "((note)::text = ANY ('{(voice),\"(voice: Japanese version)\",\"(voice) (uncredited)\",\"(voice: English version)\"}'::text[]))"}]}]}]}, {"Node Type": "Index Scan", "Parent Relationship": "Inner", "Scan Direction": "Forward", "Index Name": "movie_id_movie_companies", "Relation Name": "movie_companies", "Alias": "mc", "Startup Cost": 0.0, "Total Cost": 0.42, "Plan Rows": 1, "Plan Width": 8, "Index Cond": "(movie_id = ci.movie_id)", "Filter": "((note IS NOT NULL) AND (((note)::text ~~ '%(USA)%'::text) OR ((note)::text ~~ '%(worldwide)%'::text)))"}]}, {"Node Type": "Index Scan", "Parent Relationship": "Inner", "Scan Direction": "Forward", "Index Name": "char_name_pkey", "Relation Name": "char_name", "Alias": "chn", "Startup Cost": 0.0, "Total Cost": 0.5, "Plan Rows": 1, "Plan Width": 20, "Index Cond": "(id = ci.person_role_id)"}]}, {"Node Type": "Index Scan", "Parent Relationship": "Inner", "Scan Direction": "Forward", "Index Name": "company_name_pkey", "Relation Name": "company_name", "Alias": "cn", "Startup Cost": 0.0, "Total Cost": 0.32, "Plan Rows": 1, "Plan Width": 4, "Index Cond": "(id = mc.company_id)", "Filter": "((country_code)::text = '[us]'::text)"}]}, {"Node Type": "Index Scan", "Parent Relationship": "Inner", "Scan Direction": "Forward", "Index Name": "title_pkey", "Relation Name": "title", "Alias": "t", "Startup Cost": 0.0, "Total Cost": 0.49, "Plan Rows": 1, "Plan Width": 21, "Index Cond": "(id = ci.movie_id)", "Filter": "((production_year >= 2005) AND (production_year <= 2015))"}]}]}, "Unique SQL Id": 3431223514, "Planner Runtime": 67}, "explain_analyze_plan": {"Plan": {"Node Type": "Aggregate", "Strategy": "Plain", "Startup Cost": 65860.2, "Total Cost": 65860.21, "Plan Rows": 1, "Plan Width": 145, "Actual Min Startup Time": 239.728, "Actual Max Startup Time": 239.728, "Actual Min Total Time": 239.728, "Actual Max Total Time": 239.728, "Plans": [{"Node Type": "Nested Loop", "Parent Relationship": "Outer", "Join Type": "Inner", "Startup Cost": 0.0, "Total Cost": 65860.2, "Plan Rows": 1, "Plan Width": 49, "Actual Min Startup Time": 230.969, "Actual Max Startup Time": 230.969, "Actual Min Total Time": 239.574, "Actual Max Total Time": 239.574, "Inner Unique": true, "Plans": [{"Node Type": "Nested Loop", "Parent Relationship": "Outer", "Join Type": "Inner", "Startup Cost": 0.0, "Total Cost": 65859.7, "Plan Rows": 1, "Plan Width": 40, "Actual Min Startup Time": 229.85, "Actual Max Startup Time": 229.85, "Actual Min Total Time": 237.655, "Actual Max Total Time": 237.655, "Inner Unique": true, "Plans": [{"Node Type": "Nested Loop", "Parent Relationship": "Outer", "Join Type": "Inner", "Startup Cost": 0.0, "Total Cost": 65859.04, "Plan Rows": 2, "Plan Width": 44, "Actual Min Startup Time": 229.833, "Actual Max Startup Time": 229.833, "Actual Min Total Time": 235.992, "Actual Max Total Time": 235.992, "Inner Unique": true, "Plans": [{"Node Type": "Nested Loop", "Parent Relationship": "Outer", "Join Type": "Inner", "Startup Cost": 0.0, "Total Cost": 65856.5, "Plan Rows": 5, "Plan Width": 32, "Actual Min Startup Time": 229.816, "Actual Max Startup Time": 229.816, "Actual Min Total Time": 234.443, "Actual Max Total Time": 234.443, "Inner Unique": false, "Plans": [{"Node Type": "Nested Loop", "Parent Relationship": "Outer", "Join Type": "Inner", "Startup Cost": 0.0, "Total Cost": 65850.89, "Plan Rows": 13, "Plan Width": 24, "Actual Min Startup Time": 229.764, "Actual Max Startup Time": 229.764, "Actual Min Total Time": 230.027, "Actual Max Total Time": 230.027, "Inner Unique": false, "Join Filter": "(ci.role_id = rt.id)", "Rows Removed by Join Filter": 0, "Plans": [{"Node Type": "Seq Scan", "Parent Relationship": "Outer", "Relation Name": "role_type", "Alias": "rt", "Startup Cost": 0.0, "Total Cost": 1.15, "Plan Rows": 1, "Plan Width": 4, "Actual Min Startup Time": 0.022, "Actual Max Startup Time": 0.022, "Actual Min Total Time": 0.026, "Actual Max Total Time": 0.026, "Filter": "((role)::text = 'actress'::text)", "Rows Removed by Filter": 11, "Actual Rows": 1}, {"Node Type": "Materialize", "Parent Relationship": "Inner", "Startup Cost": 0.0, "Total Cost": 65848.33, "Plan Rows": 141, "Plan Width": 28, "Actual Min Startup Time": 229.729, "Actual Max Startup Time": 229.729, "Actual Min Total Time": 229.79, "Actual Max Total Time": 229.79, "Plans": [{"Node Type": "Nested Loop", "Parent Relationship": "Outer", "Join Type": "Inner", "Startup Cost": 0.0, "Total Cost": 65847.98, "Plan Rows": 141, "Plan Width": 28, "Actual Min Startup Time": 109.917, "Actual Max Startup Time": 109.917, "Actual Min Total Time": 229.534, "Actual Max Total Time": 229.534, "Inner Unique": false, "Join Filter": "(n.id = ci.person_id)", "Rows Removed by Join Filter": 0, "Plans": [{"Node Type": "Nested Loop", "Parent Relationship": "Outer", "Join Type": "Inner", "Startup Cost": 0.0, "Total Cost": 65572.69, "Plan Rows": 115, "Plan Width": 24, "Actual Min Startup Time": 108.509, "Actual Max Startup Time": 108.509, "Actual Min Total Time": 175.399, "Actual Max Total Time": 175.399, "Inner Unique": false, "Plans": [{"Node Type": "Streaming(type: LOCAL GATHER dop: 1/64)", "Parent Relationship": "Outer", "Startup Cost": 0.0, "Total Cost": 64781.81, "Plan Rows": 96, "Plan Width": 4, "Actual Min Startup Time": 108.441, "Actual Max Startup Time": 108.441, "Actual Min Total Time": 150.514, "Actual Max Total Time": 150.514, "Plans": [{"Node Type": "Seq Scan", "Parent Relationship": "Outer", "Relation Name": "name", "Alias": "n", "Startup Cost": 0.0, "Total Cost": 64779.83, "Plan Rows": 96, "Plan Width": 4, "Actual Min Startup Time": 9.418, "Actual Max Startup Time": 13.998, "Actual Min Total Time": 25.419, "Actual Max Total Time": 30.544, "Filter": "(((name)::text ~~ '%Ang%'::text) AND ((gender)::text = 'f'::text))", "Rows Removed by Filter": 4160722, "Actual Rows": 6768}], "Actual Rows": 6768}, {"Node Type": "Index Scan", "Parent Relationship": "Inner", "Scan Direction": "Forward", "Index Name": "person_id_aka_name", "Relation Name": "aka_name", "Alias": "an", "Startup Cost": 0.0, "Total Cost": 8.23, "Plan Rows": 1, "Plan Width": 20, "Actual Min Startup Time": 20.591, "Actual Max Startup Time": 20.591, "Actual Min Total Time": 21.474, "Actual Max Total Time": 21.474, "Index Cond": "(person_id = n.id)", "Rows Removed by Index Recheck": 0, "Actual Rows": 1558}], "Actual Rows": 1558}, {"Node Type": "Index Scan", "Parent Relationship": "Inner", "Scan Direction": "Forward", "Index Name": "person_id_cast_info", "Relation Name": "cast_info", "Alias": "ci", "Startup Cost": 0.0, "Total Cost": 2.38, "Plan Rows": 1, "Plan Width": 16, "Actual Min Startup Time": 48.17, "Actual Max Startup Time": 48.17, "Actual Min Total Time": 53.195, "Actual Max Total Time": 53.195, "Index Cond": "(person_id = an.person_id)", "Rows Removed by Index Recheck": 0, "Filter": "((note)::text = ANY ('{(voice),\"(voice: Japanese version)\",\"(voice) (uncredited)\",\"(voice: English version)\"}'::text[]))", "Rows Removed by Filter": 69057, "Actual Rows": 425}], "Actual Rows": 425}], "Actual Rows": 426}], "Actual Rows": 425}, {"Node Type": "Index Scan", "Parent Relationship": "Inner", "Scan Direction": "Forward", "Index Name": "movie_id_movie_companies", "Relation Name": "movie_companies", "Alias": "mc", "Startup Cost": 0.0, "Total Cost": 0.42, "Plan Rows": 1, "Plan Width": 8, "Actual Min Startup Time": 2.892, "Actual Max Startup Time": 2.892, "Actual Min Total Time": 4.105, "Actual Max Total Time": 4.105, "Index Cond": "(movie_id = ci.movie_id)", "Rows Removed by Index Recheck": 0, "Filter": "((note IS NOT NULL) AND (((note)::text ~~ '%(USA)%'::text) OR ((note)::text ~~ '%(worldwide)%'::text)))", "Rows Removed by Filter": 1538, "Actual Rows": 373}], "Actual Rows": 373}, {"Node Type": "Index Scan", "Parent Relationship": "Inner", "Scan Direction": "Forward", "Index Name": "char_name_pkey", "Relation Name": "char_name", "Alias": "chn", "Startup Cost": 0.0, "Total Cost": 0.5, "Plan Rows": 1, "Plan Width": 20, "Actual Min Startup Time": 1.255, "Actual Max Startup Time": 1.255, "Actual Min Total Time": 1.255, "Actual Max Total Time": 1.255, "Index Cond": "(id = ci.person_role_id)", "Rows Removed by Index Recheck": 0, "Actual Rows": 348}], "Actual Rows": 348}, {"Node Type": "Index Scan", "Parent Relationship": "Inner", "Scan Direction": "Forward", "Index Name": "company_name_pkey", "Relation Name": "company_name", "Alias": "cn", "Startup Cost": 0.0, "Total Cost": 0.32, "Plan Rows": 1, "Plan Width": 4, "Actual Min Startup Time": 1.398, "Actual Max Startup Time": 1.398, "Actual Min Total Time": 1.398, "Actual Max Total Time": 1.398, "Index Cond": "(id = mc.company_id)", "Rows Removed by Index Recheck": 0, "Filter": "((country_code)::text = '[us]'::text)", "Rows Removed by Filter": 7, "Actual Rows": 341}], "Actual Rows": 341}, {"Node Type": "Index Scan", "Parent Relationship": "Inner", "Scan Direction": "Forward", "Index Name": "title_pkey", "Relation Name": "title", "Alias": "t", "Startup Cost": 0.0, "Total Cost": 0.49, "Plan Rows": 1, "Plan Width": 21, "Actual Min Startup Time": 1.689, "Actual Max Startup Time": 1.689, "Actual Min Total Time": 1.689, "Actual Max Total Time": 1.689, "Index Cond": "(id = ci.movie_id)", "Rows Removed by Index Recheck": 0, "Filter": "((production_year >= 2005) AND (production_year <= 2015))", "Rows Removed by Filter": 220, "Actual Rows": 121}], "Actual Rows": 121}], "Actual Rows": 1}, "Triggers": [], "Planner Runtime": 67, "Total Runtime": 251.757, "Unique SQL Id": 3431223514}}, "(64, 45)": {"explain_plan": {"Plan": {"Node Type": "Aggregate", "Strategy": "Plain", "Startup Cost": 198159.35, "Total Cost": 198159.36, "Plan Rows": 1, "Plan Width": 145, "Plans": [{"Node Type": "Nested Loop", "Parent Relationship": "Outer", "Join Type": "Inner", "Startup Cost": 0.0, "Total Cost": 198159.35, "Plan Rows": 1, "Plan Width": 49, "Inner Unique": true, "Plans": [{"Node Type": "Nested Loop", "Parent Relationship": "Outer", "Join Type": "Inner", "Startup Cost": 0.0, "Total Cost": 198158.85, "Plan Rows": 1, "Plan Width": 40, "Inner Unique": true, "Plans": [{"Node Type": "Nested Loop", "Parent Relationship": "Outer", "Join Type": "Inner", "Startup Cost": 0.0, "Total Cost": 198157.83, "Plan Rows": 2, "Plan Width": 28, "Inner Unique": true, "Plans": [{"Node Type": "Nested Loop", "Parent Relationship": "Outer", "Join Type": "Inner", "Startup Cost": 0.0, "Total Cost": 198156.19, "Plan Rows": 5, "Plan Width": 32, "Inner Unique": false, "Plans": [{"Node Type": "Nested Loop", "Parent Relationship": "Outer", "Join Type": "Inner", "Startup Cost": 0.0, "Total Cost": 198150.58, "Plan Rows": 13, "Plan Width": 24, "Inner Unique": false, "Join Filter": "(ci.role_id = rt.id)", "Plans": [{"Node Type": "Index Scan", "Parent Relationship": "Outer", "Scan Direction": "Forward", "Index Name": "role_type_pkey", "Relation Name": "role_type", "Alias": "rt", "Startup Cost": 0.0, "Total Cost": 12.46, "Plan Rows": 1, "Plan Width": 4, "Filter": "((role)::text = 'actress'::text)"}, {"Node Type": "Nested Loop", "Parent Relationship": "Inner", "Join Type": "Inner", "Startup Cost": 0.0, "Total Cost": 198136.36, "Plan Rows": 141, "Plan Width": 28, "Inner Unique": false, "Join Filter": "(n.id = ci.person_id)", "Plans": [{"Node Type": "Nested Loop", "Parent Relationship": "Outer", "Join Type": "Inner", "Startup Cost": 0.0, "Total Cost": 197861.08, "Plan Rows": 115, "Plan Width": 24, "Inner Unique": false, "Plans": [{"Node Type": "Index Scan", "Parent Relationship": "Outer", "Scan Direction": "Forward", "Index Name": "name_pkey", "Relation Name": "name", "Alias": "n", "Startup Cost": 0.0, "Total Cost": 197070.2, "Plan Rows": 96, "Plan Width": 4, "Filter": "(((name)::text ~~ '%Ang%'::text) AND ((gender)::text = 'f'::text))"}, {"Node Type": "Index Scan", "Parent Relationship": "Inner", "Scan Direction": "Forward", "Index Name": "person_id_aka_name", "Relation Name": "aka_name", "Alias": "an", "Startup Cost": 0.0, "Total Cost": 8.23, "Plan Rows": 1, "Plan Width": 20, "Index Cond": "(person_id = n.id)"}]}, {"Node Type": "Index Scan", "Parent Relationship": "Inner", "Scan Direction": "Forward", "Index Name": "person_id_cast_info", "Relation Name": "cast_info", "Alias": "ci", "Startup Cost": 0.0, "Total Cost": 2.38, "Plan Rows": 1, "Plan Width": 16, "Index Cond": "(person_id = an.person_id)", "Filter": "((note)::text = ANY ('{(voice),\"(voice: Japanese version)\",\"(voice) (uncredited)\",\"(voice: English version)\"}'::text[]))"}]}]}, {"Node Type": "Index Scan", "Parent Relationship": "Inner", "Scan Direction": "Forward", "Index Name": "movie_id_movie_companies", "Relation Name": "movie_companies", "Alias": "mc", "Startup Cost": 0.0, "Total Cost": 0.42, "Plan Rows": 1, "Plan Width": 8, "Index Cond": "(movie_id = ci.movie_id)", "Filter": "((note IS NOT NULL) AND (((note)::text ~~ '%(USA)%'::text) OR ((note)::text ~~ '%(worldwide)%'::text)))"}]}, {"Node Type": "Index Scan", "Parent Relationship": "Inner", "Scan Direction": "Forward", "Index Name": "company_name_pkey", "Relation Name": "company_name", "Alias": "cn", "Startup Cost": 0.0, "Total Cost": 0.32, "Plan Rows": 1, "Plan Width": 4, "Index Cond": "(id = mc.company_id)", "Filter": "((country_code)::text = '[us]'::text)"}]}, {"Node Type": "Index Scan", "Parent Relationship": "Inner", "Scan Direction": "Forward", "Index Name": "char_name_pkey", "Relation Name": "char_name", "Alias": "chn", "Startup Cost": 0.0, "Total Cost": 0.5, "Plan Rows": 1, "Plan Width": 20, "Index Cond": "(id = ci.person_role_id)"}]}, {"Node Type": "Index Scan", "Parent Relationship": "Inner", "Scan Direction": "Forward", "Index Name": "title_pkey", "Relation Name": "title", "Alias": "t", "Startup Cost": 0.0, "Total Cost": 0.49, "Plan Rows": 1, "Plan Width": 21, "Index Cond": "(id = ci.movie_id)", "Filter": "((production_year >= 2005) AND (production_year <= 2015))"}]}]}, "Unique SQL Id": 3431223514, "Planner Runtime": 36}, "explain_analyze_plan": null}, "(64, 46)": {"explain_plan": {"Plan": {"Node Type": "Aggregate", "Strategy": "Plain", "Startup Cost": 362727.92, "Total Cost": 362727.93, "Plan Rows": 1, "Plan Width": 145, "Plans": [{"Node Type": "Nested Loop", "Parent Relationship": "Outer", "Join Type": "Inner", "Startup Cost": 331566.75, "Total Cost": 362727.9, "Plan Rows": 2, "Plan Width": 49, "Inner Unique": false, "Join Filter": "(mc.company_id = cn.id)", "Plans": [{"Node Type": "Seq Scan", "Parent Relationship": "Outer", "Relation Name": "company_name", "Alias": "cn", "Startup Cost": 0.0, "Total Cost": 5903.45, "Plan Rows": 85170, "Plan Width": 4, "Filter": "((country_code)::text = '[us]'::text)"}, {"Node Type": "Materialize", "Parent Relationship": "Inner", "Startup Cost": 331566.75, "Total Cost": 354269.36, "Plan Rows": 2, "Plan Width": 53, "Plans": [{"Node Type": "Hash Join", "Parent Relationship": "Outer", "Join Type": "Inner", "Startup Cost": 331566.75, "Total Cost": 354269.35, "Plan Rows": 2, "Plan Width": 53, "Inner Unique": false, "Hash Cond": "(an.person_id = n.id)", "Plans": [{"Node Type": "Seq Scan", "Parent Relationship": "Outer", "Relation Name": "aka_name", "Alias": "an", "Startup Cost": 0.0, "Total Cost": 19908.42, "Plan Rows": 901342, "Plan Width": 20}, {"Node Type": "Hash", "Parent Relationship": "Inner", "Startup Cost": 331566.72, "Total Cost": 331566.72, "Plan Rows": 2, "Plan Width": 45, "Plans": [{"Node Type": "Hash Join", "Parent Relationship": "Outer", "Join Type": "Inner", "Startup Cost": 212582.29, "Total Cost": 331566.72, "Plan Rows": 2, "Plan Width": 45, "Inner Unique": true, "Hash Cond": "(ci.movie_id = t.id)", "Plans": [{"Node Type": "Streaming(type: LOCAL GATHER dop: 1/64)", "Parent Relationship": "Outer", "Startup Cost": 176962.17, "Total Cost": 295946.58, "Plan Rows": 2, "Plan Width": 36, "Plans": [{"Node Type": "Hash Join", "Parent Relationship": "Outer", "Join Type": "Inner", "Startup Cost": 176962.17, "Total Cost": 295946.54, "Plan Rows": 2, "Plan Width": 36, "Inner Unique": true, "Hash Cond": "(ci.person_role_id = chn.id)", "Plans": [{"Node Type": "Streaming(type: BROADCAST dop: 64/1)", "Parent Relationship": "Outer", "Startup Cost": 160335.18, "Total Cost": 279319.52, "Plan Rows": 256, "Plan Width": 24, "Plans": [{"Node Type": "Nested Loop", "Parent Relationship": "Outer", "Join Type": "Inner", "Startup Cost": 160335.18, "Total Cost": 216314.24, "Plan Rows": 4, "Plan Width": 24, "Inner Unique": false, "Join Filter": "(ci.role_id = rt.id)", "Plans": [{"Node Type": "Seq Scan", "Parent Relationship": "Outer", "Relation Name": "role_type", "Alias": "rt", "Startup Cost": 0.0, "Total Cost": 1.15, "Plan Rows": 1, "Plan Width": 4, "Filter": "((role)::text = 'actress'::text)"}, {"Node Type": "Materialize", "Parent Relationship": "Inner", "Startup Cost": 160335.18, "Total Cost": 216312.66, "Plan Rows": 43, "Plan Width": 28, "Plans": [{"Node Type": "Hash Join", "Parent Relationship": "Outer", "Join Type": "Inner", "Startup Cost": 160335.18, "Total Cost": 216312.55, "Plan Rows": 43, "Plan Width": 28, "Inner Unique": false, "Hash Cond": "(mc.movie_id = ci.movie_id)", "Plans": [{"Node Type": "Seq Scan", "Parent Relationship": "Outer", "Relation Name": "movie_companies", "Alias": "mc", "Startup Cost": 0.0, "Total Cost": 54862.92, "Plan Rows": 297072, "Plan Width": 8, "Filter": "((note IS NOT NULL) AND (((note)::text ~~ '%(USA)%'::text) OR ((note)::text ~~ '%(worldwide)%'::text))), (LLVM Optimized)"}, {"Node Type": "Hash", "Parent Relationship": "Inner", "Startup Cost": 160333.72, "Total Cost": 160333.72, "Plan Rows": 117, "Plan Width": 20, "Plans": [{"Node Type": "Hash Join", "Parent Relationship": "Outer", "Join Type": "Inner", "Startup Cost": 64783.01, "Total Cost": 160333.72, "Plan Rows": 117, "Plan Width": 20, "Inner Unique": true, "Hash Cond": "(ci.person_id = n.id)", "Plans": [{"Node Type": "Streaming(type: LOCAL GATHER dop: 1/64)", "Parent Relationship": "Outer", "Startup Cost": 0.0, "Total Cost": 92425.17, "Plan Rows": 833163, "Plan Width": 16, "Plans": [{"Node Type": "Seq Scan", "Parent Relationship": "Outer", "Relation Name": "cast_info", "Alias": "ci", "Startup Cost": 0.0, "Total Cost": 75237.12, "Plan Rows": 833163, "Plan Width": 16, "Filter": "((note)::text = ANY ('{(voice),\"(voice: Japanese version)\",\"(voice) (uncredited)\",\"(voice: English version)\"}'::text[]))"}]}, {"Node Type": "Hash", "Parent Relationship": "Inner", "Startup Cost": 64781.81, "Total Cost": 64781.81, "Plan Rows": 96, "Plan Width": 4, "Plans": [{"Node Type": "Streaming(type: LOCAL GATHER dop: 1/64)", "Parent Relationship": "Outer", "Startup Cost": 0.0, "Total Cost": 64781.81, "Plan Rows": 96, "Plan Width": 4, "Plans": [{"Node Type": "Seq Scan", "Parent Relationship": "Outer", "Relation Name": "name", "Alias": "n", "Startup Cost": 0.0, "Total Cost": 64779.83, "Plan Rows": 96, "Plan Width": 4, "Filter": "(((name)::text ~~ '%Ang%'::text) AND ((gender)::text = 'f'::text))"}]}]}]}]}]}]}]}]}, {"Node Type": "Hash", "Parent Relationship": "Inner", "Startup Cost": 64054.58, "Total Cost": 64054.58, "Plan Rows": 3140338, "Plan Width": 20, "Plans": [{"Node Type": "Seq Scan", "Parent Relationship": "Outer", "Relation Name": "char_name", "Alias": "chn", "Startup Cost": 0.0, "Total Cost": 64054.58, "Plan Rows": 3140338, "Plan Width": 20}]}]}]}, {"Node Type": "Hash", "Parent Relationship": "Inner", "Startup Cost": 87019.27, "Total Cost": 87019.27, "Plan Rows": 1109224, "Plan Width": 21, "Plans": [{"Node Type": "Streaming(type: LOCAL GATHER dop: 1/64)", "Parent Relationship": "Outer", "Startup Cost": 282.75, "Total Cost": 87019.27, "Plan Rows": 1109224, "Plan Width": 21, "Plans": [{"Node Type": "Seq Scan", "Parent Relationship": "Outer", "Relation Name": "title", "Alias": "t", "Startup Cost": 282.75, "Total Cost": 64136.1, "Plan Rows": 1109224, "Plan Width": 21, "Filter": "((production_year >= 2005) AND (production_year <= 2015)), (LLVM Optimized)"}]}]}]}]}]}]}]}]}, "Unique SQL Id": 3431223514, "Planner Runtime": 202}, "explain_analyze_plan": null}, "(64, 47)": {"explain_plan": {"Plan": {"Node Type": "Aggregate", "Strategy": "Plain", "Startup Cost": 8000201107247.63, "Total Cost": 8000201107247.64, "Plan Rows": 1, "Plan Width": 145, "Plans": [{"Node Type": "Nested Loop", "Parent Relationship": "Outer", "Join Type": "Inner", "Startup Cost": 80000000000.0, "Total Cost": 8000201107247.61, "Plan Rows": 2, "Plan Width": 49, "Inner Unique": false, "Join Filter": "(n.id = an.person_id)", "Plans": [{"Node Type": "Nested Loop", "Parent Relationship": "Outer", "Join Type": "Inner", "Startup Cost": 70000000000.0, "Total Cost": 7000201107213.94, "Plan Rows": 1, "Plan Width": 41, "Inner Unique": true, "Plans": [{"Node Type": "Nested Loop", "Parent Relationship": "Outer", "Join Type": "Inner", "Startup Cost": 60000000000.0, "Total Cost": 6000201107165.29, "Plan Rows": 1, "Plan Width": 32, "Inner Unique": true, "Join Filter": "(ci.person_role_id = chn.id)", "Plans": [{"Node Type": "Nested Loop", "Parent Relationship": "Outer", "Join Type": "Inner", "Startup Cost": 50000000000.0, "Total Cost": 5000187970453.73, "Plan Rows": 3, "Plan Width": 20, "Inner Unique": true, "Join Filter": "(mc.company_id = cn.id)", "Plans": [{"Node Type": "Nested Loop", "Parent Relationship": "Outer", "Join Type": "Inner", "Startup Cost": 40000000000.0, "Total Cost": 4000186914991.63, "Plan Rows": 4, "Plan Width": 24, "Inner Unique": false, "Join Filter": "(ci.movie_id = mc.movie_id)", "Plans": [{"Node Type": "Nested Loop", "Parent Relationship": "Outer", "Join Type": "Inner", "Startup Cost": 30000000000.0, "Total Cost": 3000173193318.09, "Plan Rows": 11, "Plan Width": 16, "Inner Unique": true, "Join Filter": "(ci.role_id = rt.id)", "Plans": [{"Node Type": "Nested Loop", "Parent Relationship": "Outer", "Join Type": "Inner", "Startup Cost": 20000000000.0, "Total Cost": 2000173192070.33, "Plan Rows": 117, "Plan Width": 20, "Inner Unique": false, "Join Filter": "(ci.person_id = n.id)", "Plans": [{"Node Type": "Index Scan", "Parent Relationship": "Outer", "Scan Direction": "Forward", "Index Name": "name_pkey", "Relation Name": "name", "Alias": "n", "Startup Cost": 10000000000.0, "Total Cost": 1000019707019.7, "Plan Rows": 96, "Plan Width": 4, "Filter": "(((name)::text ~~ '%Ang%'::text) AND ((gender)::text = 'f'::text))"}, {"Node Type": "Materialize", "Parent Relationship": "Inner", "Startup Cost": 10000000000.0, "Total Cost": 1000152287378.81, "Plan Rows": 833163, "Plan Width": 16, "Plans": [{"Node Type": "Index Scan", "Parent Relationship": "Outer", "Scan Direction": "Forward", "Index Name": "role_id_cast_info", "Relation Name": "cast_info", "Alias": "ci", "Startup Cost": 10000000000.0, "Total Cost": 1000152283213.0, "Plan Rows": 833163, "Plan Width": 16, "Filter": "((note)::text = ANY ('{(voice),\"(voice: Japanese version)\",\"(voice) (uncredited)\",\"(voice: English version)\"}'::text[]))"}]}]}, {"Node Type": "Materialize", "Parent Relationship": "Inner", "Startup Cost": 10000000000.0, "Total Cost": 1000000001246.0, "Plan Rows": 1, "Plan Width": 4, "Plans": [{"Node Type": "Index Scan", "Parent Relationship": "Outer", "Scan Direction": "Forward", "Index Name": "role_type_pkey", "Relation Name": "role_type", "Alias": "rt", "Startup Cost": 10000000000.0, "Total Cost": 1000000001246.0, "Plan Rows": 1, "Plan Width": 4, "Filter": "((role)::text = 'actress'::text)"}]}]}, {"Node Type": "Materialize", "Parent Relationship": "Inner", "Startup Cost": 10000000000.0, "Total Cost": 1000013673399.34, "Plan Rows": 297072, "Plan Width": 8, "Plans": [{"Node Type": "Index Scan", "Parent Relationship": "Outer", "Scan Direction": "Forward", "Index Name": "company_id_movie_companies", "Relation Name": "movie_companies", "Alias": "mc", "Startup Cost": 10000000000.0, "Total Cost": 1000013671913.98, "Plan Rows": 297072, "Plan Width": 8, "Filter": "((note IS NOT NULL) AND (((note)::text ~~ '%(USA)%'::text) OR ((note)::text ~~ '%(worldwide)%'::text))), (LLVM Optimized)"}]}]}, {"Node Type": "Materialize", "Parent Relationship": "Inner", "Startup Cost": 10000000000.0, "Total Cost": 1000001050564.82, "Plan Rows": 85170, "Plan Width": 4, "Plans": [{"Node Type": "Index Scan", "Parent Relationship": "Outer", "Scan Direction": "Forward", "Index Name": "company_name_pkey", "Relation Name": "company_name", "Alias": "cn", "Startup Cost": 10000000000.0, "Total Cost": 1000001050138.97, "Plan Rows": 85170, "Plan Width": 4, "Filter": "((country_code)::text = '[us]'::text)"}]}]}, {"Node Type": "Materialize", "Parent Relationship": "Inner", "Startup Cost": 10000000000.0, "Total Cost": 1000013003247.2, "Plan Rows": 3140338, "Plan Width": 20, "Plans": [{"Node Type": "Index Scan", "Parent Relationship": "Outer", "Scan Direction": "Forward", "Index Name": "char_name_pkey", "Relation Name": "char_name", "Alias": "chn", "Startup Cost": 10000000000.0, "Total Cost": 1000012987545.51, "Plan Rows": 3140338, "Plan Width": 20}]}]}, {"Node Type": "Index Scan", "Parent Relationship": "Inner", "Scan Direction": "Forward", "Index Name": "title_pkey", "Relation Name": "title", "Alias": "t", "Startup Cost": 10000000000.0, "Total Cost": 1000000000048.64, "Plan Rows": 1, "Plan Width": 21, "Index Cond": "(id = ci.movie_id)", "Filter": "((production_year >= 2005) AND (production_year <= 2015))"}]}, {"Node Type": "Index Scan", "Parent Relationship": "Inner", "Scan Direction": "Forward", "Index Name": "person_id_aka_name", "Relation Name": "aka_name", "Alias": "an", "Startup Cost": 10000000000.0, "Total Cost": 1000000000033.66, "Plan Rows": 1, "Plan Width": 20, "Index Cond": "(person_id = ci.person_id)"}]}]}, "Unique SQL Id": 3431223514, "Planner Runtime": 78}, "explain_analyze_plan": null}, "(64, 48)": {"explain_plan": {"Plan": {"Node Type": "Aggregate", "Strategy": "Plain", "Startup Cost": 65859.66, "Total Cost": 65859.67, "Plan Rows": 1, "Plan Width": 145, "Plans": [{"Node Type": "Nested Loop", "Parent Relationship": "Outer", "Join Type": "Inner", "Startup Cost": 0.0, "Total Cost": 65859.65, "Plan Rows": 1, "Plan Width": 49, "Inner Unique": true, "Plans": [{"Node Type": "Nested Loop", "Parent Relationship": "Outer", "Join Type": "Inner", "Startup Cost": 0.0, "Total Cost": 65859.16, "Plan Rows": 1, "Plan Width": 40, "Inner Unique": true, "Plans": [{"Node Type": "Nested Loop", "Parent Relationship": "Outer", "Join Type": "Inner", "Startup Cost": 0.0, "Total Cost": 65858.14, "Plan Rows": 2, "Plan Width": 28, "Inner Unique": true, "Plans": [{"Node Type": "Nested Loop", "Parent Relationship": "Outer", "Join Type": "Inner", "Startup Cost": 0.0, "Total Cost": 65856.5, "Plan Rows": 5, "Plan Width": 32, "Inner Unique": false, "Plans": [{"Node Type": "Nested Loop", "Parent Relationship": "Outer", "Join Type": "Inner", "Startup Cost": 0.0, "Total Cost": 65850.89, "Plan Rows": 13, "Plan Width": 24, "Inner Unique": false, "Join Filter": "(ci.role_id = rt.id)", "Plans": [{"Node Type": "Seq Scan", "Parent Relationship": "Outer", "Relation Name": "role_type", "Alias": "rt", "Startup Cost": 0.0, "Total Cost": 1.15, "Plan Rows": 1, "Plan Width": 4, "Filter": "((role)::text = 'actress'::text)"}, {"Node Type": "Materialize", "Parent Relationship": "Inner", "Startup Cost": 0.0, "Total Cost": 65848.33, "Plan Rows": 141, "Plan Width": 28, "Plans": [{"Node Type": "Nested Loop", "Parent Relationship": "Outer", "Join Type": "Inner", "Startup Cost": 0.0, "Total Cost": 65847.98, "Plan Rows": 141, "Plan Width": 28, "Inner Unique": false, "Join Filter": "(n.id = ci.person_id)", "Plans": [{"Node Type": "Nested Loop", "Parent Relationship": "Outer", "Join Type": "Inner", "Startup Cost": 0.0, "Total Cost": 65572.69, "Plan Rows": 115, "Plan Width": 24, "Inner Unique": false, "Plans": [{"Node Type": "Streaming(type: LOCAL GATHER dop: 1/64)", "Parent Relationship": "Outer", "Startup Cost": 0.0, "Total Cost": 64781.81, "Plan Rows": 96, "Plan Width": 4, "Plans": [{"Node Type": "Seq Scan", "Parent Relationship": "Outer", "Relation Name": "name", "Alias": "n", "Startup Cost": 0.0, "Total Cost": 64779.83, "Plan Rows": 96, "Plan Width": 4, "Filter": "(((name)::text ~~ '%Ang%'::text) AND ((gender)::text = 'f'::text))"}]}, {"Node Type": "Index Scan", "Parent Relationship": "Inner", "Scan Direction": "Forward", "Index Name": "person_id_aka_name", "Relation Name": "aka_name", "Alias": "an", "Startup Cost": 0.0, "Total Cost": 8.23, "Plan Rows": 1, "Plan Width": 20, "Index Cond": "(person_id = n.id)"}]}, {"Node Type": "Index Scan", "Parent Relationship": "Inner", "Scan Direction": "Forward", "Index Name": "person_id_cast_info", "Relation Name": "cast_info", "Alias": "ci", "Startup Cost": 0.0, "Total Cost": 2.38, "Plan Rows": 1, "Plan Width": 16, "Index Cond": "(person_id = an.person_id)", "Filter": "((note)::text = ANY ('{(voice),\"(voice: Japanese version)\",\"(voice) (uncredited)\",\"(voice: English version)\"}'::text[]))"}]}]}]}, {"Node Type": "Index Scan", "Parent Relationship": "Inner", "Scan Direction": "Forward", "Index Name": "movie_id_movie_companies", "Relation Name": "movie_companies", "Alias": "mc", "Startup Cost": 0.0, "Total Cost": 0.42, "Plan Rows": 1, "Plan Width": 8, "Index Cond": "(movie_id = ci.movie_id)", "Filter": "((note IS NOT NULL) AND (((note)::text ~~ '%(USA)%'::text) OR ((note)::text ~~ '%(worldwide)%'::text)))"}]}, {"Node Type": "Index Scan", "Parent Relationship": "Inner", "Scan Direction": "Forward", "Index Name": "company_name_pkey", "Relation Name": "company_name", "Alias": "cn", "Startup Cost": 0.0, "Total Cost": 0.32, "Plan Rows": 1, "Plan Width": 4, "Index Cond": "(id = mc.company_id)", "Filter": "((country_code)::text = '[us]'::text)"}]}, {"Node Type": "Index Scan", "Parent Relationship": "Inner", "Scan Direction": "Forward", "Index Name": "char_name_pkey", "Relation Name": "char_name", "Alias": "chn", "Startup Cost": 0.0, "Total Cost": 0.5, "Plan Rows": 1, "Plan Width": 20, "Index Cond": "(id = ci.person_role_id)"}]}, {"Node Type": "Index Scan", "Parent Relationship": "Inner", "Scan Direction": "Forward", "Index Name": "title_pkey", "Relation Name": "title", "Alias": "t", "Startup Cost": 0.0, "Total Cost": 0.49, "Plan Rows": 1, "Plan Width": 21, "Index Cond": "(id = ci.movie_id)", "Filter": "((production_year >= 2005) AND (production_year <= 2015))"}]}]}, "Unique SQL Id": 3431223514, "Planner Runtime": 16}, "explain_analyze_plan": {"Plan": {"Node Type": "Aggregate", "Strategy": "Plain", "Startup Cost": 65859.66, "Total Cost": 65859.67, "Plan Rows": 1, "Plan Width": 145, "Actual Min Startup Time": 278.751, "Actual Max Startup Time": 278.751, "Actual Min Total Time": 278.751, "Actual Max Total Time": 278.751, "Plans": [{"Node Type": "Nested Loop", "Parent Relationship": "Outer", "Join Type": "Inner", "Startup Cost": 0.0, "Total Cost": 65859.65, "Plan Rows": 1, "Plan Width": 49, "Actual Min Startup Time": 269.585, "Actual Max Startup Time": 269.585, "Actual Min Total Time": 278.613, "Actual Max Total Time": 278.613, "Inner Unique": true, "Plans": [{"Node Type": "Nested Loop", "Parent Relationship": "Outer", "Join Type": "Inner", "Startup Cost": 0.0, "Total Cost": 65859.16, "Plan Rows": 1, "Plan Width": 40, "Actual Min Startup Time": 268.876, "Actual Max Startup Time": 268.876, "Actual Min Total Time": 276.683, "Actual Max Total Time": 276.683, "Inner Unique": true, "Plans": [{"Node Type": "Nested Loop", "Parent Relationship": "Outer", "Join Type": "Inner", "Startup Cost": 0.0, "Total Cost": 65858.14, "Plan Rows": 2, "Plan Width": 28, "Actual Min Startup Time": 268.861, "Actual Max Startup Time": 268.861, "Actual Min Total Time": 275.129, "Actual Max Total Time": 275.129, "Inner Unique": true, "Plans": [{"Node Type": "Nested Loop", "Parent Relationship": "Outer", "Join Type": "Inner", "Startup Cost": 0.0, "Total Cost": 65856.5, "Plan Rows": 5, "Plan Width": 32, "Actual Min Startup Time": 268.839, "Actual Max Startup Time": 268.839, "Actual Min Total Time": 273.251, "Actual Max Total Time": 273.251, "Inner Unique": false, "Plans": [{"Node Type": "Nested Loop", "Parent Relationship": "Outer", "Join Type": "Inner", "Startup Cost": 0.0, "Total Cost": 65850.89, "Plan Rows": 13, "Plan Width": 24, "Actual Min Startup Time": 268.561, "Actual Max Startup Time": 268.561, "Actual Min Total Time": 268.833, "Actual Max Total Time": 268.833, "Inner Unique": false, "Join Filter": "(ci.role_id = rt.id)", "Rows Removed by Join Filter": 0, "Plans": [{"Node Type": "Seq Scan", "Parent Relationship": "Outer", "Relation Name": "role_type", "Alias": "rt", "Startup Cost": 0.0, "Total Cost": 1.15, "Plan Rows": 1, "Plan Width": 4, "Actual Min Startup Time": 0.02, "Actual Max Startup Time": 0.02, "Actual Min Total Time": 0.025, "Actual Max Total Time": 0.025, "Filter": "((role)::text = 'actress'::text)", "Rows Removed by Filter": 11, "Actual Rows": 1}, {"Node Type": "Materialize", "Parent Relationship": "Inner", "Startup Cost": 0.0, "Total Cost": 65848.33, "Plan Rows": 141, "Plan Width": 28, "Actual Min Startup Time": 268.53, "Actual Max Startup Time": 268.53, "Actual Min Total Time": 268.596, "Actual Max Total Time": 268.596, "Plans": [{"Node Type": "Nested Loop", "Parent Relationship": "Outer", "Join Type": "Inner", "Startup Cost": 0.0, "Total Cost": 65847.98, "Plan Rows": 141, "Plan Width": 28, "Actual Min Startup Time": 116.037, "Actual Max Startup Time": 116.037, "Actual Min Total Time": 268.336, "Actual Max Total Time": 268.336, "Inner Unique": false, "Join Filter": "(n.id = ci.person_id)", "Rows Removed by Join Filter": 0, "Plans": [{"Node Type": "Nested Loop", "Parent Relationship": "Outer", "Join Type": "Inner", "Startup Cost": 0.0, "Total Cost": 65572.69, "Plan Rows": 115, "Plan Width": 24, "Actual Min Startup Time": 115.641, "Actual Max Startup Time": 115.641, "Actual Min Total Time": 213.771, "Actual Max Total Time": 213.771, "Inner Unique": false, "Plans": [{"Node Type": "Streaming(type: LOCAL GATHER dop: 1/64)", "Parent Relationship": "Outer", "Startup Cost": 0.0, "Total Cost": 64781.81, "Plan Rows": 96, "Plan Width": 4, "Actual Min Startup Time": 115.588, "Actual Max Startup Time": 115.588, "Actual Min Total Time": 189.366, "Actual Max Total Time": 189.366, "Plans": [{"Node Type": "Seq Scan", "Parent Relationship": "Outer", "Relation Name": "name", "Alias": "n", "Startup Cost": 0.0, "Total Cost": 64779.83, "Plan Rows": 96, "Plan Width": 4, "Actual Min Startup Time": 9.393, "Actual Max Startup Time": 14.192, "Actual Min Total Time": 25.316, "Actual Max Total Time": 30.862, "Filter": "(((name)::text ~~ '%Ang%'::text) AND ((gender)::text = 'f'::text))", "Rows Removed by Filter": 4160722, "Actual Rows": 6768}], "Actual Rows": 6768}, {"Node Type": "Index Scan", "Parent Relationship": "Inner", "Scan Direction": "Forward", "Index Name": "person_id_aka_name", "Relation Name": "aka_name", "Alias": "an", "Startup Cost": 0.0, "Total Cost": 8.23, "Plan Rows": 1, "Plan Width": 20, "Actual Min Startup Time": 20.047, "Actual Max Startup Time": 20.047, "Actual Min Total Time": 20.97, "Actual Max Total Time": 20.97, "Index Cond": "(person_id = n.id)", "Rows Removed by Index Recheck": 0, "Actual Rows": 1558}], "Actual Rows": 1558}, {"Node Type": "Index Scan", "Parent Relationship": "Inner", "Scan Direction": "Forward", "Index Name": "person_id_cast_info", "Relation Name": "cast_info", "Alias": "ci", "Startup Cost": 0.0, "Total Cost": 2.38, "Plan Rows": 1, "Plan Width": 16, "Actual Min Startup Time": 48.598, "Actual Max Startup Time": 48.598, "Actual Min Total Time": 53.659, "Actual Max Total Time": 53.659, "Index Cond": "(person_id = an.person_id)", "Rows Removed by Index Recheck": 0, "Filter": "((note)::text = ANY ('{(voice),\"(voice: Japanese version)\",\"(voice) (uncredited)\",\"(voice: English version)\"}'::text[]))", "Rows Removed by Filter": 69057, "Actual Rows": 425}], "Actual Rows": 425}], "Actual Rows": 426}], "Actual Rows": 425}, {"Node Type": "Index Scan", "Parent Relationship": "Inner", "Scan Direction": "Forward", "Index Name": "movie_id_movie_companies", "Relation Name": "movie_companies", "Alias": "mc", "Startup Cost": 0.0, "Total Cost": 0.42, "Plan Rows": 1, "Plan Width": 8, "Actual Min Startup Time": 2.893, "Actual Max Startup Time": 2.893, "Actual Min Total Time": 4.118, "Actual Max Total Time": 4.118, "Index Cond": "(movie_id = ci.movie_id)", "Rows Removed by Index Recheck": 0, "Filter": "((note IS NOT NULL) AND (((note)::text ~~ '%(USA)%'::text) OR ((note)::text ~~ '%(worldwide)%'::text)))", "Rows Removed by Filter": 1538, "Actual Rows": 373}], "Actual Rows": 373}, {"Node Type": "Index Scan", "Parent Relationship": "Inner", "Scan Direction": "Forward", "Index Name": "company_name_pkey", "Relation Name": "company_name", "Alias": "cn", "Startup Cost": 0.0, "Total Cost": 0.32, "Plan Rows": 1, "Plan Width": 4, "Actual Min Startup Time": 1.59, "Actual Max Startup Time": 1.59, "Actual Min Total Time": 1.59, "Actual Max Total Time": 1.59, "Index Cond": "(id = mc.company_id)", "Rows Removed by Index Recheck": 0, "Filter": "((country_code)::text = '[us]'::text)", "Rows Removed by Filter": 14, "Actual Rows": 359}], "Actual Rows": 359}, {"Node Type": "Index Scan", "Parent Relationship": "Inner", "Scan Direction": "Forward", "Index Name": "char_name_pkey", "Relation Name": "char_name", "Alias": "chn", "Startup Cost": 0.0, "Total Cost": 0.5, "Plan Rows": 1, "Plan Width": 20, "Actual Min Startup Time": 1.233, "Actual Max Startup Time": 1.233, "Actual Min Total Time": 1.233, "Actual Max Total Time": 1.233, "Index Cond": "(id = ci.person_role_id)", "Rows Removed by Index Recheck": 0, "Actual Rows": 341}], "Actual Rows": 341}, {"Node Type": "Index Scan", "Parent Relationship": "Inner", "Scan Direction": "Forward", "Index Name": "title_pkey", "Relation Name": "title", "Alias": "t", "Startup Cost": 0.0, "Total Cost": 0.49, "Plan Rows": 1, "Plan Width": 21, "Actual Min Startup Time": 1.72, "Actual Max Startup Time": 1.72, "Actual Min Total Time": 1.72, "Actual Max Total Time": 1.72, "Index Cond": "(id = ci.movie_id)", "Rows Removed by Index Recheck": 0, "Filter": "((production_year >= 2005) AND (production_year <= 2015))", "Rows Removed by Filter": 220, "Actual Rows": 121}], "Actual Rows": 121}], "Actual Rows": 1}, "Triggers": [], "Planner Runtime": 16, "Total Runtime": 291.03, "Unique SQL Id": 3431223514}}, "(64, 49)": {"explain_plan": {"Plan": {"Node Type": "Aggregate", "Strategy": "Plain", "Startup Cost": 198159.35, "Total Cost": 198159.36, "Plan Rows": 1, "Plan Width": 145, "Plans": [{"Node Type": "Nested Loop", "Parent Relationship": "Outer", "Join Type": "Inner", "Startup Cost": 0.0, "Total Cost": 198159.35, "Plan Rows": 1, "Plan Width": 49, "Inner Unique": true, "Plans": [{"Node Type": "Nested Loop", "Parent Relationship": "Outer", "Join Type": "Inner", "Startup Cost": 0.0, "Total Cost": 198158.85, "Plan Rows": 1, "Plan Width": 40, "Inner Unique": true, "Plans": [{"Node Type": "Nested Loop", "Parent Relationship": "Outer", "Join Type": "Inner", "Startup Cost": 0.0, "Total Cost": 198157.83, "Plan Rows": 2, "Plan Width": 28, "Inner Unique": true, "Plans": [{"Node Type": "Nested Loop", "Parent Relationship": "Outer", "Join Type": "Inner", "Startup Cost": 0.0, "Total Cost": 198156.19, "Plan Rows": 5, "Plan Width": 32, "Inner Unique": false, "Plans": [{"Node Type": "Nested Loop", "Parent Relationship": "Outer", "Join Type": "Inner", "Startup Cost": 0.0, "Total Cost": 198150.58, "Plan Rows": 13, "Plan Width": 24, "Inner Unique": false, "Join Filter": "(ci.role_id = rt.id)", "Plans": [{"Node Type": "Index Scan", "Parent Relationship": "Outer", "Scan Direction": "Forward", "Index Name": "role_type_pkey", "Relation Name": "role_type", "Alias": "rt", "Startup Cost": 0.0, "Total Cost": 12.46, "Plan Rows": 1, "Plan Width": 4, "Filter": "((role)::text = 'actress'::text)"}, {"Node Type": "Nested Loop", "Parent Relationship": "Inner", "Join Type": "Inner", "Startup Cost": 0.0, "Total Cost": 198136.36, "Plan Rows": 141, "Plan Width": 28, "Inner Unique": false, "Join Filter": "(n.id = ci.person_id)", "Plans": [{"Node Type": "Nested Loop", "Parent Relationship": "Outer", "Join Type": "Inner", "Startup Cost": 0.0, "Total Cost": 197861.08, "Plan Rows": 115, "Plan Width": 24, "Inner Unique": false, "Plans": [{"Node Type": "Index Scan", "Parent Relationship": "Outer", "Scan Direction": "Forward", "Index Name": "name_pkey", "Relation Name": "name", "Alias": "n", "Startup Cost": 0.0, "Total Cost": 197070.2, "Plan Rows": 96, "Plan Width": 4, "Filter": "(((name)::text ~~ '%Ang%'::text) AND ((gender)::text = 'f'::text))"}, {"Node Type": "Index Scan", "Parent Relationship": "Inner", "Scan Direction": "Forward", "Index Name": "person_id_aka_name", "Relation Name": "aka_name", "Alias": "an", "Startup Cost": 0.0, "Total Cost": 8.23, "Plan Rows": 1, "Plan Width": 20, "Index Cond": "(person_id = n.id)"}]}, {"Node Type": "Index Scan", "Parent Relationship": "Inner", "Scan Direction": "Forward", "Index Name": "person_id_cast_info", "Relation Name": "cast_info", "Alias": "ci", "Startup Cost": 0.0, "Total Cost": 2.38, "Plan Rows": 1, "Plan Width": 16, "Index Cond": "(person_id = an.person_id)", "Filter": "((note)::text = ANY ('{(voice),\"(voice: Japanese version)\",\"(voice) (uncredited)\",\"(voice: English version)\"}'::text[]))"}]}]}, {"Node Type": "Index Scan", "Parent Relationship": "Inner", "Scan Direction": "Forward", "Index Name": "movie_id_movie_companies", "Relation Name": "movie_companies", "Alias": "mc", "Startup Cost": 0.0, "Total Cost": 0.42, "Plan Rows": 1, "Plan Width": 8, "Index Cond": "(movie_id = ci.movie_id)", "Filter": "((note IS NOT NULL) AND (((note)::text ~~ '%(USA)%'::text) OR ((note)::text ~~ '%(worldwide)%'::text)))"}]}, {"Node Type": "Index Scan", "Parent Relationship": "Inner", "Scan Direction": "Forward", "Index Name": "company_name_pkey", "Relation Name": "company_name", "Alias": "cn", "Startup Cost": 0.0, "Total Cost": 0.32, "Plan Rows": 1, "Plan Width": 4, "Index Cond": "(id = mc.company_id)", "Filter": "((country_code)::text = '[us]'::text)"}]}, {"Node Type": "Index Scan", "Parent Relationship": "Inner", "Scan Direction": "Forward", "Index Name": "char_name_pkey", "Relation Name": "char_name", "Alias": "chn", "Startup Cost": 0.0, "Total Cost": 0.5, "Plan Rows": 1, "Plan Width": 20, "Index Cond": "(id = ci.person_role_id)"}]}, {"Node Type": "Index Scan", "Parent Relationship": "Inner", "Scan Direction": "Forward", "Index Name": "title_pkey", "Relation Name": "title", "Alias": "t", "Startup Cost": 0.0, "Total Cost": 0.49, "Plan Rows": 1, "Plan Width": 21, "Index Cond": "(id = ci.movie_id)", "Filter": "((production_year >= 2005) AND (production_year <= 2015))"}]}]}, "Unique SQL Id": 3431223514, "Planner Runtime": 12}, "explain_analyze_plan": null}, "(64, 50)": {"explain_plan": {"Plan": {"Node Type": "Aggregate", "Strategy": "Plain", "Startup Cost": 66279.91, "Total Cost": 66279.92, "Plan Rows": 1, "Plan Width": 145, "Plans": [{"Node Type": "Nested Loop", "Parent Relationship": "Outer", "Join Type": "Inner", "Startup Cost": 6.41, "Total Cost": 66279.9, "Plan Rows": 1, "Plan Width": 49, "Inner Unique": true, "Plans": [{"Node Type": "Nested Loop", "Parent Relationship": "Outer", "Join Type": "Inner", "Startup Cost": 6.11, "Total Cost": 66275.57, "Plan Rows": 1, "Plan Width": 40, "Inner Unique": true, "Plans": [{"Node Type": "Nested Loop", "Parent Relationship": "Outer", "Join Type": "Inner", "Startup Cost": 5.8, "Total Cost": 66266.9, "Plan Rows": 2, "Plan Width": 28, "Inner Unique": true, "Plans": [{"Node Type": "Nested Loop", "Parent Relationship": "Outer", "Join Type": "Inner", "Startup Cost": 5.53, "Total Cost": 66245.46, "Plan Rows": 5, "Plan Width": 32, "Inner Unique": false, "Plans": [{"Node Type": "Nested Loop", "Parent Relationship": "Outer", "Join Type": "Inner", "Startup Cost": 5.22, "Total Cost": 66188.82, "Plan Rows": 13, "Plan Width": 24, "Inner Unique": false, "Join Filter": "(ci.role_id = rt.id)", "Plans": [{"Node Type": "Seq Scan", "Parent Relationship": "Outer", "Relation Name": "role_type", "Alias": "rt", "Startup Cost": 0.0, "Total Cost": 1.15, "Plan Rows": 1, "Plan Width": 4, "Filter": "((role)::text = 'actress'::text)"}, {"Node Type": "Materialize", "Parent Relationship": "Inner", "Startup Cost": 5.22, "Total Cost": 66186.26, "Plan Rows": 141, "Plan Width": 28, "Plans": [{"Node Type": "Nested Loop", "Parent Relationship": "Outer", "Join Type": "Inner", "Startup Cost": 5.22, "Total Cost": 66185.91, "Plan Rows": 141, "Plan Width": 28, "Inner Unique": false, "Join Filter": "(n.id = ci.person_id)", "Plans": [{"Node Type": "Nested Loop", "Parent Relationship": "Outer", "Join Type": "Inner", "Startup Cost": 4.22, "Total Cost": 65572.72, "Plan Rows": 115, "Plan Width": 24, "Inner Unique": false, "Plans": [{"Node Type": "Streaming(type: LOCAL GATHER dop: 1/64)", "Parent Relationship": "Outer", "Startup Cost": 0.0, "Total Cost": 64781.81, "Plan Rows": 96, "Plan Width": 4, "Plans": [{"Node Type": "Seq Scan", "Parent Relationship": "Outer", "Relation Name": "name", "Alias": "n", "Startup Cost": 0.0, "Total Cost": 64779.83, "Plan Rows": 96, "Plan Width": 4, "Filter": "(((name)::text ~~ '%Ang%'::text) AND ((gender)::text = 'f'::text))"}]}, {"Node Type": "Bitmap Heap Scan", "Parent Relationship": "Inner", "Relation Name": "aka_name", "Alias": "an", "Startup Cost": 4.22, "Total Cost": 8.23, "Plan Rows": 1, "Plan Width": 20, "Recheck Cond": "(person_id = n.id)", "Plans": [{"Node Type": "Bitmap Index Scan", "Parent Relationship": "Outer", "Index Name": "person_id_aka_name", "Startup Cost": 0.0, "Total Cost": 4.22, "Plan Rows": 1, "Plan Width": 0, "Index Cond": "(person_id = n.id)"}]}]}, {"Node Type": "Bitmap Heap Scan", "Parent Relationship": "Inner", "Relation Name": "cast_info", "Alias": "ci", "Startup Cost": 1.0, "Total Cost": 5.32, "Plan Rows": 1, "Plan Width": 16, "Recheck Cond": "(person_id = an.person_id)", "Filter": "((note)::text = ANY ('{(voice),\"(voice: Japanese version)\",\"(voice) (uncredited)\",\"(voice: English version)\"}'::text[]))", "Plans": [{"Node Type": "Bitmap Index Scan", "Parent Relationship": "Outer", "Index Name": "person_id_cast_info", "Startup Cost": 0.0, "Total Cost": 1.0, "Plan Rows": 18, "Plan Width": 0, "Index Cond": "(person_id = an.person_id)"}]}]}]}]}, {"Node Type": "Bitmap Heap Scan", "Parent Relationship": "Inner", "Relation Name": "movie_companies", "Alias": "mc", "Startup Cost": 0.31, "Total Cost": 4.35, "Plan Rows": 1, "Plan Width": 8, "Recheck Cond": "(movie_id = ci.movie_id)", "Filter": "((note IS NOT NULL) AND (((note)::text ~~ '%(USA)%'::text) OR ((note)::text ~~ '%(worldwide)%'::text)))", "Plans": [{"Node Type": "Bitmap Index Scan", "Parent Relationship": "Outer", "Index Name": "movie_id_movie_companies", "Startup Cost": 0.0, "Total Cost": 0.31, "Plan Rows": 2, "Plan Width": 0, "Index Cond": "(movie_id = ci.movie_id)"}]}]}, {"Node Type": "Bitmap Heap Scan", "Parent Relationship": "Inner", "Relation Name": "company_name", "Alias": "cn", "Startup Cost": 0.26, "Total Cost": 4.28, "Plan Rows": 1, "Plan Width": 4, "Recheck Cond": "(id = mc.company_id)", "Filter": "((country_code)::text = '[us]'::text)", "Plans": [{"Node Type": "Bitmap Index Scan", "Parent Relationship": "Outer", "Index Name": "company_name_pkey", "Startup Cost": 0.0, "Total Cost": 0.26, "Plan Rows": 1, "Plan Width": 0, "Index Cond": "(id = mc.company_id)"}]}]}, {"Node Type": "Bitmap Heap Scan", "Parent Relationship": "Inner", "Relation Name": "char_name", "Alias": "chn", "Startup Cost": 0.31, "Total Cost": 4.33, "Plan Rows": 1, "Plan Width": 20, "Recheck Cond": "(id = ci.person_role_id)", "Plans": [{"Node Type": "Bitmap Index Scan", "Parent Relationship": "Outer", "Index Name": "char_name_pkey", "Startup Cost": 0.0, "Total Cost": 0.31, "Plan Rows": 1, "Plan Width": 0, "Index Cond": "(id = ci.person_role_id)"}]}]}, {"Node Type": "Bitmap Heap Scan", "Parent Relationship": "Inner", "Relation Name": "title", "Alias": "t", "Startup Cost": 0.3, "Total Cost": 4.32, "Plan Rows": 1, "Plan Width": 21, "Recheck Cond": "(id = ci.movie_id)", "Filter": "((production_year >= 2005) AND (production_year <= 2015))", "Plans": [{"Node Type": "Bitmap Index Scan", "Parent Relationship": "Outer", "Index Name": "title_pkey", "Startup Cost": 0.0, "Total Cost": 0.3, "Plan Rows": 1, "Plan Width": 0, "Index Cond": "(id = ci.movie_id)"}]}]}]}, "Unique SQL Id": 3431223514, "Planner Runtime": 38}, "explain_analyze_plan": {"Plan": {"Node Type": "Aggregate", "Strategy": "Plain", "Startup Cost": 66279.91, "Total Cost": 66279.92, "Plan Rows": 1, "Plan Width": 145, "Actual Min Startup Time": 276.76, "Actual Max Startup Time": 276.76, "Actual Min Total Time": 276.761, "Actual Max Total Time": 276.761, "Plans": [{"Node Type": "Nested Loop", "Parent Relationship": "Outer", "Join Type": "Inner", "Startup Cost": 6.41, "Total Cost": 66279.9, "Plan Rows": 1, "Plan Width": 49, "Actual Min Startup Time": 263.884, "Actual Max Startup Time": 263.884, "Actual Min Total Time": 276.595, "Actual Max Total Time": 276.595, "Inner Unique": true, "Plans": [{"Node Type": "Nested Loop", "Parent Relationship": "Outer", "Join Type": "Inner", "Startup Cost": 6.11, "Total Cost": 66275.57, "Plan Rows": 1, "Plan Width": 40, "Actual Min Startup Time": 263.855, "Actual Max Startup Time": 263.855, "Actual Min Total Time": 274.163, "Actual Max Total Time": 274.163, "Inner Unique": true, "Plans": [{"Node Type": "Nested Loop", "Parent Relationship": "Outer", "Join Type": "Inner", "Startup Cost": 5.8, "Total Cost": 66266.9, "Plan Rows": 2, "Plan Width": 28, "Actual Min Startup Time": 263.835, "Actual Max Startup Time": 263.835, "Actual Min Total Time": 272.075, "Actual Max Total Time": 272.075, "Inner Unique": true, "Plans": [{"Node Type": "Nested Loop", "Parent Relationship": "Outer", "Join Type": "Inner", "Startup Cost": 5.53, "Total Cost": 66245.46, "Plan Rows": 5, "Plan Width": 32, "Actual Min Startup Time": 263.813, "Actual Max Startup Time": 263.813, "Actual Min Total Time": 269.555, "Actual Max Total Time": 269.555, "Inner Unique": false, "Plans": [{"Node Type": "Nested Loop", "Parent Relationship": "Outer", "Join Type": "Inner", "Startup Cost": 5.22, "Total Cost": 66188.82, "Plan Rows": 13, "Plan Width": 24, "Actual Min Startup Time": 263.731, "Actual Max Startup Time": 263.731, "Actual Min Total Time": 264.023, "Actual Max Total Time": 264.023, "Inner Unique": false, "Join Filter": "(ci.role_id = rt.id)", "Rows Removed by Join Filter": 0, "Plans": [{"Node Type": "Seq Scan", "Parent Relationship": "Outer", "Relation Name": "role_type", "Alias": "rt", "Startup Cost": 0.0, "Total Cost": 1.15, "Plan Rows": 1, "Plan Width": 4, "Actual Min Startup Time": 0.022, "Actual Max Startup Time": 0.022, "Actual Min Total Time": 0.027, "Actual Max Total Time": 0.027, "Filter": "((role)::text = 'actress'::text)", "Rows Removed by Filter": 11, "Actual Rows": 1}, {"Node Type": "Materialize", "Parent Relationship": "Inner", "Startup Cost": 5.22, "Total Cost": 66186.26, "Plan Rows": 141, "Plan Width": 28, "Actual Min Startup Time": 263.691, "Actual Max Startup Time": 263.691, "Actual Min Total Time": 263.766, "Actual Max Total Time": 263.766, "Plans": [{"Node Type": "Nested Loop", "Parent Relationship": "Outer", "Join Type": "Inner", "Startup Cost": 5.22, "Total Cost": 66185.91, "Plan Rows": 141, "Plan Width": 28, "Actual Min Startup Time": 108.086, "Actual Max Startup Time": 108.086, "Actual Min Total Time": 263.5, "Actual Max Total Time": 263.5, "Inner Unique": false, "Join Filter": "(n.id = ci.person_id)", "Rows Removed by Join Filter": 0, "Plans": [{"Node Type": "Nested Loop", "Parent Relationship": "Outer", "Join Type": "Inner", "Startup Cost": 4.22, "Total Cost": 65572.72, "Plan Rows": 115, "Plan Width": 24, "Actual Min Startup Time": 62.476, "Actual Max Startup Time": 62.476, "Actual Min Total Time": 208.841, "Actual Max Total Time": 208.841, "Inner Unique": false, "Plans": [{"Node Type": "Streaming(type: LOCAL GATHER dop: 1/64)", "Parent Relationship": "Outer", "Startup Cost": 0.0, "Total Cost": 64781.81, "Plan Rows": 96, "Plan Width": 4, "Actual Min Startup Time": 62.403, "Actual Max Startup Time": 62.403, "Actual Min Total Time": 175.436, "Actual Max Total Time": 175.436, "Plans": [{"Node Type": "Seq Scan", "Parent Relationship": "Outer", "Relation Name": "name", "Alias": "n", "Startup Cost": 0.0, "Total Cost": 64779.83, "Plan Rows": 96, "Plan Width": 4, "Actual Min Startup Time": 9.522, "Actual Max Startup Time": 14.111, "Actual Min Total Time": 25.38, "Actual Max Total Time": 42.688, "Filter": "(((name)::text ~~ '%Ang%'::text) AND ((gender)::text = 'f'::text))", "Rows Removed by Filter": 4160722, "Actual Rows": 6768}], "Actual Rows": 6768}, {"Node Type": "Bitmap Heap Scan", "Parent Relationship": "Inner", "Relation Name": "aka_name", "Alias": "an", "Startup Cost": 4.22, "Total Cost": 8.23, "Plan Rows": 1, "Plan Width": 20, "Actual Min Startup Time": 25.316, "Actual Max Startup Time": 25.316, "Actual Min Total Time": 25.904, "Actual Max Total Time": 25.904, "Recheck Cond": "(person_id = n.id)", "Rows Removed by Index Recheck": 0, "Exact Heap Blocks": 1014, "Lossy Heap Blocks": 1014, "Plans": [{"Node Type": "Bitmap Index Scan", "Parent Relationship": "Outer", "Index Name": "person_id_aka_name", "Startup Cost": 0.0, "Total Cost": 4.22, "Plan Rows": 1, "Plan Width": 0, "Actual Min Startup Time": 19.555, "Actual Max Startup Time": 19.555, "Actual Min Total Time": 19.555, "Actual Max Total Time": 19.555, "Index Cond": "(person_id = n.id)", "Actual Rows": 1558}], "Actual Rows": 1558}], "Actual Rows": 1558}, {"Node Type": "Bitmap Heap Scan", "Parent Relationship": "Inner", "Relation Name": "cast_info", "Alias": "ci", "Startup Cost": 1.0, "Total Cost": 5.32, "Plan Rows": 1, "Plan Width": 16, "Actual Min Startup Time": 49.271, "Actual Max Startup Time": 49.271, "Actual Min Total Time": 52.575, "Actual Max Total Time": 52.575, "Recheck Cond": "(person_id = an.person_id)", "Rows Removed by Index Recheck": 0, "Filter": "((note)::text = ANY ('{(voice),\"(voice: Japanese version)\",\"(voice) (uncredited)\",\"(voice: English version)\"}'::text[]))", "Rows Removed by Filter": 69057, "Exact Heap Blocks": 2627, "Lossy Heap Blocks": 2627, "Plans": [{"Node Type": "Bitmap Index Scan", "Parent Relationship": "Outer", "Index Name": "person_id_cast_info", "Startup Cost": 0.0, "Total Cost": 1.0, "Plan Rows": 18, "Plan Width": 0, "Actual Min Startup Time": 16.083, "Actual Max Startup Time": 16.083, "Actual Min Total Time": 16.083, "Actual Max Total Time": 16.083, "Index Cond": "(person_id = an.person_id)", "Actual Rows": 69482}], "Actual Rows": 425}], "Actual Rows": 425}], "Actual Rows": 426}], "Actual Rows": 425}, {"Node Type": "Bitmap Heap Scan", "Parent Relationship": "Inner", "Relation Name": "movie_companies", "Alias": "mc", "Startup Cost": 0.31, "Total Cost": 4.35, "Plan Rows": 1, "Plan Width": 8, "Actual Min Startup Time": 3.927, "Actual Max Startup Time": 3.927, "Actual Min Total Time": 4.932, "Actual Max Total Time": 4.932, "Recheck Cond": "(movie_id = ci.movie_id)", "Rows Removed by Index Recheck": 0, "Filter": "((note IS NOT NULL) AND (((note)::text ~~ '%(USA)%'::text) OR ((note)::text ~~ '%(worldwide)%'::text)))", "Rows Removed by Filter": 1538, "Exact Heap Blocks": 580, "Lossy Heap Blocks": 580, "Plans": [{"Node Type": "Bitmap Index Scan", "Parent Relationship": "Outer", "Index Name": "movie_id_movie_companies", "Startup Cost": 0.0, "Total Cost": 0.31, "Plan Rows": 2, "Plan Width": 0, "Actual Min Startup Time": 2.054, "Actual Max Startup Time": 2.054, "Actual Min Total Time": 2.054, "Actual Max Total Time": 2.054, "Index Cond": "(movie_id = ci.movie_id)", "Actual Rows": 1911}], "Actual Rows": 373}], "Actual Rows": 373}, {"Node Type": "Bitmap Heap Scan", "Parent Relationship": "Inner", "Relation Name": "company_name", "Alias": "cn", "Startup Cost": 0.26, "Total Cost": 4.28, "Plan Rows": 1, "Plan Width": 4, "Actual Min Startup Time": 2.032, "Actual Max Startup Time": 2.032, "Actual Min Total Time": 2.032, "Actual Max Total Time": 2.032, "Recheck Cond": "(id = mc.company_id)", "Rows Removed by Index Recheck": 0, "Filter": "((country_code)::text = '[us]'::text)", "Rows Removed by Filter": 14, "Exact Heap Blocks": 373, "Lossy Heap Blocks": 373, "Plans": [{"Node Type": "Bitmap Index Scan", "Parent Relationship": "Outer", "Index Name": "company_name_pkey", "Startup Cost": 0.0, "Total Cost": 0.26, "Plan Rows": 1, "Plan Width": 0, "Actual Min Startup Time": 1.114, "Actual Max Startup Time": 1.114, "Actual Min Total Time": 1.114, "Actual Max Total Time": 1.114, "Index Cond": "(id = mc.company_id)", "Actual Rows": 373}], "Actual Rows": 359}], "Actual Rows": 359}, {"Node Type": "Bitmap Heap Scan", "Parent Relationship": "Inner", "Relation Name": "char_name", "Alias": "chn", "Startup Cost": 0.31, "Total Cost": 4.33, "Plan Rows": 1, "Plan Width": 20, "Actual Min Startup Time": 1.567, "Actual Max Startup Time": 1.567, "Actual Min Total Time": 1.567, "Actual Max Total Time": 1.567, "Recheck Cond": "(id = ci.person_role_id)", "Rows Removed by Index Recheck": 0, "Exact Heap Blocks": 341, "Lossy Heap Blocks": 341, "Plans": [{"Node Type": "Bitmap Index Scan", "Parent Relationship": "Outer", "Index Name": "char_name_pkey", "Startup Cost": 0.0, "Total Cost": 0.31, "Plan Rows": 1, "Plan Width": 0, "Actual Min Startup Time": 1.005, "Actual Max Startup Time": 1.005, "Actual Min Total Time": 1.005, "Actual Max Total Time": 1.005, "Index Cond": "(id = ci.person_role_id)", "Actual Rows": 341}], "Actual Rows": 341}], "Actual Rows": 341}, {"Node Type": "Bitmap Heap Scan", "Parent Relationship": "Inner", "Relation Name": "title", "Alias": "t", "Startup Cost": 0.3, "Total Cost": 4.32, "Plan Rows": 1, "Plan Width": 21, "Actual Min Startup Time": 2.009, "Actual Max Startup Time": 2.009, "Actual Min Total Time": 2.009, "Actual Max Total Time": 2.009, "Recheck Cond": "(id = ci.movie_id)", "Rows Removed by Index Recheck": 0, "Filter": "((production_year >= 2005) AND (production_year <= 2015))", "Rows Removed by Filter": 220, "Exact Heap Blocks": 341, "Lossy Heap Blocks": 341, "Plans": [{"Node Type": "Bitmap Index Scan", "Parent Relationship": "Outer", "Index Name": "title_pkey", "Startup Cost": 0.0, "Total Cost": 0.3, "Plan Rows": 1, "Plan Width": 0, "Actual Min Startup Time": 1.198, "Actual Max Startup Time": 1.198, "Actual Min Total Time": 1.198, "Actual Max Total Time": 1.198, "Index Cond": "(id = ci.movie_id)", "Actual Rows": 341}], "Actual Rows": 121}], "Actual Rows": 121}], "Actual Rows": 1}, "Triggers": [], "Planner Runtime": 38, "Total Runtime": 289.165, "Unique SQL Id": 3431223514}}, "(64, 51)": {"explain_plan": {"Plan": {"Node Type": "Aggregate", "Strategy": "Plain", "Startup Cost": 199166.12, "Total Cost": 199166.13, "Plan Rows": 1, "Plan Width": 145, "Plans": [{"Node Type": "Nested Loop", "Parent Relationship": "Outer", "Join Type": "Inner", "Startup Cost": 83164.39, "Total Cost": 199166.11, "Plan Rows": 1, "Plan Width": 49, "Inner Unique": true, "Plans": [{"Node Type": "Nested Loop", "Parent Relationship": "Outer", "Join Type": "Inner", "Startup Cost": 83164.09, "Total Cost": 199161.78, "Plan Rows": 1, "Plan Width": 40, "Inner Unique": true, "Plans": [{"Node Type": "Nested Loop", "Parent Relationship": "Outer", "Join Type": "Inner", "Startup Cost": 83163.78, "Total Cost": 199153.11, "Plan Rows": 2, "Plan Width": 28, "Inner Unique": true, "Plans": [{"Node Type": "Nested Loop", "Parent Relationship": "Outer", "Join Type": "Inner", "Startup Cost": 83163.51, "Total Cost": 199131.67, "Plan Rows": 5, "Plan Width": 32, "Inner Unique": false, "Plans": [{"Node Type": "Nested Loop", "Parent Relationship": "Outer", "Join Type": "Inner", "Startup Cost": 83163.2, "Total Cost": 199075.04, "Plan Rows": 13, "Plan Width": 24, "Inner Unique": true, "Plans": [{"Node Type": "Nested Loop", "Parent Relationship": "Outer", "Join Type": "Inner", "Startup Cost": 83162.94, "Total Cost": 198471.17, "Plan Rows": 141, "Plan Width": 28, "Inner Unique": false, "Join Filter": "(n.id = ci.person_id)", "Plans": [{"Node Type": "Nested Loop", "Parent Relationship": "Outer", "Join Type": "Inner", "Startup Cost": 83161.94, "Total Cost": 197857.98, "Plan Rows": 115, "Plan Width": 24, "Inner Unique": false, "Plans": [{"Node Type": "Bitmap Heap Scan", "Parent Relationship": "Outer", "Relation Name": "name", "Alias": "n", "Startup Cost": 83157.72, "Total Cost": 197067.07, "Plan Rows": 96, "Plan Width": 4, "Filter": "(((name)::text ~~ '%Ang%'::text) AND ((gender)::text = 'f'::text))", "Plans": [{"Node Type": "Bitmap Index Scan", "Parent Relationship": "Outer", "Index Name": "name_pkey", "Startup Cost": 0.0, "Total Cost": 83157.7, "Plan Rows": 4167490, "Plan Width": 0}]}, {"Node Type": "Bitmap Heap Scan", "Parent Relationship": "Inner", "Relation Name": "aka_name", "Alias": "an", "Startup Cost": 4.22, "Total Cost": 8.23, "Plan Rows": 1, "Plan Width": 20, "Recheck Cond": "(person_id = n.id)", "Plans": [{"Node Type": "Bitmap Index Scan", "Parent Relationship": "Outer", "Index Name": "person_id_aka_name", "Startup Cost": 0.0, "Total Cost": 4.22, "Plan Rows": 1, "Plan Width": 0, "Index Cond": "(person_id = n.id)"}]}]}, {"Node Type": "Bitmap Heap Scan", "Parent Relationship": "Inner", "Relation Name": "cast_info", "Alias": "ci", "Startup Cost": 1.0, "Total Cost": 5.32, "Plan Rows": 1, "Plan Width": 16, "Recheck Cond": "(person_id = an.person_id)", "Filter": "((note)::text = ANY ('{(voice),\"(voice: Japanese version)\",\"(voice) (uncredited)\",\"(voice: English version)\"}'::text[]))", "Plans": [{"Node Type": "Bitmap Index Scan", "Parent Relationship": "Outer", "Index Name": "person_id_cast_info", "Startup Cost": 0.0, "Total Cost": 1.0, "Plan Rows": 18, "Plan Width": 0, "Index Cond": "(person_id = an.person_id)"}]}]}, {"Node Type": "Bitmap Heap Scan", "Parent Relationship": "Inner", "Relation Name": "role_type", "Alias": "rt", "Startup Cost": 0.26, "Total Cost": 4.27, "Plan Rows": 1, "Plan Width": 4, "Recheck Cond": "(id = ci.role_id)", "Filter": "((role)::text = 'actress'::text)", "Plans": [{"Node Type": "Bitmap Index Scan", "Parent Relationship": "Outer", "Index Name": "role_type_pkey", "Startup Cost": 0.0, "Total Cost": 0.26, "Plan Rows": 1, "Plan Width": 0, "Index Cond": "(id = ci.role_id)"}]}]}, {"Node Type": "Bitmap Heap Scan", "Parent Relationship": "Inner", "Relation Name": "movie_companies", "Alias": "mc", "Startup Cost": 0.31, "Total Cost": 4.35, "Plan Rows": 1, "Plan Width": 8, "Recheck Cond": "(movie_id = ci.movie_id)", "Filter": "((note IS NOT NULL) AND (((note)::text ~~ '%(USA)%'::text) OR ((note)::text ~~ '%(worldwide)%'::text)))", "Plans": [{"Node Type": "Bitmap Index Scan", "Parent Relationship": "Outer", "Index Name": "movie_id_movie_companies", "Startup Cost": 0.0, "Total Cost": 0.31, "Plan Rows": 2, "Plan Width": 0, "Index Cond": "(movie_id = ci.movie_id)"}]}]}, {"Node Type": "Bitmap Heap Scan", "Parent Relationship": "Inner", "Relation Name": "company_name", "Alias": "cn", "Startup Cost": 0.26, "Total Cost": 4.28, "Plan Rows": 1, "Plan Width": 4, "Recheck Cond": "(id = mc.company_id)", "Filter": "((country_code)::text = '[us]'::text)", "Plans": [{"Node Type": "Bitmap Index Scan", "Parent Relationship": "Outer", "Index Name": "company_name_pkey", "Startup Cost": 0.0, "Total Cost": 0.26, "Plan Rows": 1, "Plan Width": 0, "Index Cond": "(id = mc.company_id)"}]}]}, {"Node Type": "Bitmap Heap Scan", "Parent Relationship": "Inner", "Relation Name": "char_name", "Alias": "chn", "Startup Cost": 0.31, "Total Cost": 4.33, "Plan Rows": 1, "Plan Width": 20, "Recheck Cond": "(id = ci.person_role_id)", "Plans": [{"Node Type": "Bitmap Index Scan", "Parent Relationship": "Outer", "Index Name": "char_name_pkey", "Startup Cost": 0.0, "Total Cost": 0.31, "Plan Rows": 1, "Plan Width": 0, "Index Cond": "(id = ci.person_role_id)"}]}]}, {"Node Type": "Bitmap Heap Scan", "Parent Relationship": "Inner", "Relation Name": "title", "Alias": "t", "Startup Cost": 0.3, "Total Cost": 4.32, "Plan Rows": 1, "Plan Width": 21, "Recheck Cond": "(id = ci.movie_id)", "Filter": "((production_year >= 2005) AND (production_year <= 2015))", "Plans": [{"Node Type": "Bitmap Index Scan", "Parent Relationship": "Outer", "Index Name": "title_pkey", "Startup Cost": 0.0, "Total Cost": 0.3, "Plan Rows": 1, "Plan Width": 0, "Index Cond": "(id = ci.movie_id)"}]}]}]}, "Unique SQL Id": 3431223514, "Planner Runtime": 17}, "explain_analyze_plan": null}, "(64, 52)": {"explain_plan": {"Plan": {"Node Type": "Aggregate", "Strategy": "Plain", "Startup Cost": 65859.66, "Total Cost": 65859.67, "Plan Rows": 1, "Plan Width": 145, "Plans": [{"Node Type": "Nested Loop", "Parent Relationship": "Outer", "Join Type": "Inner", "Startup Cost": 0.0, "Total Cost": 65859.65, "Plan Rows": 1, "Plan Width": 49, "Inner Unique": true, "Plans": [{"Node Type": "Nested Loop", "Parent Relationship": "Outer", "Join Type": "Inner", "Startup Cost": 0.0, "Total Cost": 65859.16, "Plan Rows": 1, "Plan Width": 40, "Inner Unique": true, "Plans": [{"Node Type": "Nested Loop", "Parent Relationship": "Outer", "Join Type": "Inner", "Startup Cost": 0.0, "Total Cost": 65858.14, "Plan Rows": 2, "Plan Width": 28, "Inner Unique": true, "Plans": [{"Node Type": "Nested Loop", "Parent Relationship": "Outer", "Join Type": "Inner", "Startup Cost": 0.0, "Total Cost": 65856.5, "Plan Rows": 5, "Plan Width": 32, "Inner Unique": false, "Plans": [{"Node Type": "Nested Loop", "Parent Relationship": "Outer", "Join Type": "Inner", "Startup Cost": 0.0, "Total Cost": 65850.89, "Plan Rows": 13, "Plan Width": 24, "Inner Unique": false, "Join Filter": "(ci.role_id = rt.id)", "Plans": [{"Node Type": "Seq Scan", "Parent Relationship": "Outer", "Relation Name": "role_type", "Alias": "rt", "Startup Cost": 0.0, "Total Cost": 1.15, "Plan Rows": 1, "Plan Width": 4, "Filter": "((role)::text = 'actress'::text)"}, {"Node Type": "Materialize", "Parent Relationship": "Inner", "Startup Cost": 0.0, "Total Cost": 65848.33, "Plan Rows": 141, "Plan Width": 28, "Plans": [{"Node Type": "Nested Loop", "Parent Relationship": "Outer", "Join Type": "Inner", "Startup Cost": 0.0, "Total Cost": 65847.98, "Plan Rows": 141, "Plan Width": 28, "Inner Unique": false, "Join Filter": "(n.id = ci.person_id)", "Plans": [{"Node Type": "Nested Loop", "Parent Relationship": "Outer", "Join Type": "Inner", "Startup Cost": 0.0, "Total Cost": 65572.69, "Plan Rows": 115, "Plan Width": 24, "Inner Unique": false, "Plans": [{"Node Type": "Streaming(type: LOCAL GATHER dop: 1/64)", "Parent Relationship": "Outer", "Startup Cost": 0.0, "Total Cost": 64781.81, "Plan Rows": 96, "Plan Width": 4, "Plans": [{"Node Type": "Seq Scan", "Parent Relationship": "Outer", "Relation Name": "name", "Alias": "n", "Startup Cost": 0.0, "Total Cost": 64779.83, "Plan Rows": 96, "Plan Width": 4, "Filter": "(((name)::text ~~ '%Ang%'::text) AND ((gender)::text = 'f'::text))"}]}, {"Node Type": "Index Scan", "Parent Relationship": "Inner", "Scan Direction": "Forward", "Index Name": "person_id_aka_name", "Relation Name": "aka_name", "Alias": "an", "Startup Cost": 0.0, "Total Cost": 8.23, "Plan Rows": 1, "Plan Width": 20, "Index Cond": "(person_id = n.id)"}]}, {"Node Type": "Index Scan", "Parent Relationship": "Inner", "Scan Direction": "Forward", "Index Name": "person_id_cast_info", "Relation Name": "cast_info", "Alias": "ci", "Startup Cost": 0.0, "Total Cost": 2.38, "Plan Rows": 1, "Plan Width": 16, "Index Cond": "(person_id = an.person_id)", "Filter": "((note)::text = ANY ('{(voice),\"(voice: Japanese version)\",\"(voice) (uncredited)\",\"(voice: English version)\"}'::text[]))"}]}]}]}, {"Node Type": "Index Scan", "Parent Relationship": "Inner", "Scan Direction": "Forward", "Index Name": "movie_id_movie_companies", "Relation Name": "movie_companies", "Alias": "mc", "Startup Cost": 0.0, "Total Cost": 0.42, "Plan Rows": 1, "Plan Width": 8, "Index Cond": "(movie_id = ci.movie_id)", "Filter": "((note IS NOT NULL) AND (((note)::text ~~ '%(USA)%'::text) OR ((note)::text ~~ '%(worldwide)%'::text)))"}]}, {"Node Type": "Index Scan", "Parent Relationship": "Inner", "Scan Direction": "Forward", "Index Name": "company_name_pkey", "Relation Name": "company_name", "Alias": "cn", "Startup Cost": 0.0, "Total Cost": 0.32, "Plan Rows": 1, "Plan Width": 4, "Index Cond": "(id = mc.company_id)", "Filter": "((country_code)::text = '[us]'::text)"}]}, {"Node Type": "Index Scan", "Parent Relationship": "Inner", "Scan Direction": "Forward", "Index Name": "char_name_pkey", "Relation Name": "char_name", "Alias": "chn", "Startup Cost": 0.0, "Total Cost": 0.5, "Plan Rows": 1, "Plan Width": 20, "Index Cond": "(id = ci.person_role_id)"}]}, {"Node Type": "Index Scan", "Parent Relationship": "Inner", "Scan Direction": "Forward", "Index Name": "title_pkey", "Relation Name": "title", "Alias": "t", "Startup Cost": 0.0, "Total Cost": 0.49, "Plan Rows": 1, "Plan Width": 21, "Index Cond": "(id = ci.movie_id)", "Filter": "((production_year >= 2005) AND (production_year <= 2015))"}]}]}, "Unique SQL Id": 3431223514, "Planner Runtime": 15}, "explain_analyze_plan": {"Plan": {"Node Type": "Aggregate", "Strategy": "Plain", "Startup Cost": 65859.66, "Total Cost": 65859.67, "Plan Rows": 1, "Plan Width": 145, "Actual Min Startup Time": 278.751, "Actual Max Startup Time": 278.751, "Actual Min Total Time": 278.751, "Actual Max Total Time": 278.751, "Plans": [{"Node Type": "Nested Loop", "Parent Relationship": "Outer", "Join Type": "Inner", "Startup Cost": 0.0, "Total Cost": 65859.65, "Plan Rows": 1, "Plan Width": 49, "Actual Min Startup Time": 269.585, "Actual Max Startup Time": 269.585, "Actual Min Total Time": 278.613, "Actual Max Total Time": 278.613, "Inner Unique": true, "Plans": [{"Node Type": "Nested Loop", "Parent Relationship": "Outer", "Join Type": "Inner", "Startup Cost": 0.0, "Total Cost": 65859.16, "Plan Rows": 1, "Plan Width": 40, "Actual Min Startup Time": 268.876, "Actual Max Startup Time": 268.876, "Actual Min Total Time": 276.683, "Actual Max Total Time": 276.683, "Inner Unique": true, "Plans": [{"Node Type": "Nested Loop", "Parent Relationship": "Outer", "Join Type": "Inner", "Startup Cost": 0.0, "Total Cost": 65858.14, "Plan Rows": 2, "Plan Width": 28, "Actual Min Startup Time": 268.861, "Actual Max Startup Time": 268.861, "Actual Min Total Time": 275.129, "Actual Max Total Time": 275.129, "Inner Unique": true, "Plans": [{"Node Type": "Nested Loop", "Parent Relationship": "Outer", "Join Type": "Inner", "Startup Cost": 0.0, "Total Cost": 65856.5, "Plan Rows": 5, "Plan Width": 32, "Actual Min Startup Time": 268.839, "Actual Max Startup Time": 268.839, "Actual Min Total Time": 273.251, "Actual Max Total Time": 273.251, "Inner Unique": false, "Plans": [{"Node Type": "Nested Loop", "Parent Relationship": "Outer", "Join Type": "Inner", "Startup Cost": 0.0, "Total Cost": 65850.89, "Plan Rows": 13, "Plan Width": 24, "Actual Min Startup Time": 268.561, "Actual Max Startup Time": 268.561, "Actual Min Total Time": 268.833, "Actual Max Total Time": 268.833, "Inner Unique": false, "Join Filter": "(ci.role_id = rt.id)", "Rows Removed by Join Filter": 0, "Plans": [{"Node Type": "Seq Scan", "Parent Relationship": "Outer", "Relation Name": "role_type", "Alias": "rt", "Startup Cost": 0.0, "Total Cost": 1.15, "Plan Rows": 1, "Plan Width": 4, "Actual Min Startup Time": 0.02, "Actual Max Startup Time": 0.02, "Actual Min Total Time": 0.025, "Actual Max Total Time": 0.025, "Filter": "((role)::text = 'actress'::text)", "Rows Removed by Filter": 11, "Actual Rows": 1}, {"Node Type": "Materialize", "Parent Relationship": "Inner", "Startup Cost": 0.0, "Total Cost": 65848.33, "Plan Rows": 141, "Plan Width": 28, "Actual Min Startup Time": 268.53, "Actual Max Startup Time": 268.53, "Actual Min Total Time": 268.596, "Actual Max Total Time": 268.596, "Plans": [{"Node Type": "Nested Loop", "Parent Relationship": "Outer", "Join Type": "Inner", "Startup Cost": 0.0, "Total Cost": 65847.98, "Plan Rows": 141, "Plan Width": 28, "Actual Min Startup Time": 116.037, "Actual Max Startup Time": 116.037, "Actual Min Total Time": 268.336, "Actual Max Total Time": 268.336, "Inner Unique": false, "Join Filter": "(n.id = ci.person_id)", "Rows Removed by Join Filter": 0, "Plans": [{"Node Type": "Nested Loop", "Parent Relationship": "Outer", "Join Type": "Inner", "Startup Cost": 0.0, "Total Cost": 65572.69, "Plan Rows": 115, "Plan Width": 24, "Actual Min Startup Time": 115.641, "Actual Max Startup Time": 115.641, "Actual Min Total Time": 213.771, "Actual Max Total Time": 213.771, "Inner Unique": false, "Plans": [{"Node Type": "Streaming(type: LOCAL GATHER dop: 1/64)", "Parent Relationship": "Outer", "Startup Cost": 0.0, "Total Cost": 64781.81, "Plan Rows": 96, "Plan Width": 4, "Actual Min Startup Time": 115.588, "Actual Max Startup Time": 115.588, "Actual Min Total Time": 189.366, "Actual Max Total Time": 189.366, "Plans": [{"Node Type": "Seq Scan", "Parent Relationship": "Outer", "Relation Name": "name", "Alias": "n", "Startup Cost": 0.0, "Total Cost": 64779.83, "Plan Rows": 96, "Plan Width": 4, "Actual Min Startup Time": 9.393, "Actual Max Startup Time": 14.192, "Actual Min Total Time": 25.316, "Actual Max Total Time": 30.862, "Filter": "(((name)::text ~~ '%Ang%'::text) AND ((gender)::text = 'f'::text))", "Rows Removed by Filter": 4160722, "Actual Rows": 6768}], "Actual Rows": 6768}, {"Node Type": "Index Scan", "Parent Relationship": "Inner", "Scan Direction": "Forward", "Index Name": "person_id_aka_name", "Relation Name": "aka_name", "Alias": "an", "Startup Cost": 0.0, "Total Cost": 8.23, "Plan Rows": 1, "Plan Width": 20, "Actual Min Startup Time": 20.047, "Actual Max Startup Time": 20.047, "Actual Min Total Time": 20.97, "Actual Max Total Time": 20.97, "Index Cond": "(person_id = n.id)", "Rows Removed by Index Recheck": 0, "Actual Rows": 1558}], "Actual Rows": 1558}, {"Node Type": "Index Scan", "Parent Relationship": "Inner", "Scan Direction": "Forward", "Index Name": "person_id_cast_info", "Relation Name": "cast_info", "Alias": "ci", "Startup Cost": 0.0, "Total Cost": 2.38, "Plan Rows": 1, "Plan Width": 16, "Actual Min Startup Time": 48.598, "Actual Max Startup Time": 48.598, "Actual Min Total Time": 53.659, "Actual Max Total Time": 53.659, "Index Cond": "(person_id = an.person_id)", "Rows Removed by Index Recheck": 0, "Filter": "((note)::text = ANY ('{(voice),\"(voice: Japanese version)\",\"(voice) (uncredited)\",\"(voice: English version)\"}'::text[]))", "Rows Removed by Filter": 69057, "Actual Rows": 425}], "Actual Rows": 425}], "Actual Rows": 426}], "Actual Rows": 425}, {"Node Type": "Index Scan", "Parent Relationship": "Inner", "Scan Direction": "Forward", "Index Name": "movie_id_movie_companies", "Relation Name": "movie_companies", "Alias": "mc", "Startup Cost": 0.0, "Total Cost": 0.42, "Plan Rows": 1, "Plan Width": 8, "Actual Min Startup Time": 2.893, "Actual Max Startup Time": 2.893, "Actual Min Total Time": 4.118, "Actual Max Total Time": 4.118, "Index Cond": "(movie_id = ci.movie_id)", "Rows Removed by Index Recheck": 0, "Filter": "((note IS NOT NULL) AND (((note)::text ~~ '%(USA)%'::text) OR ((note)::text ~~ '%(worldwide)%'::text)))", "Rows Removed by Filter": 1538, "Actual Rows": 373}], "Actual Rows": 373}, {"Node Type": "Index Scan", "Parent Relationship": "Inner", "Scan Direction": "Forward", "Index Name": "company_name_pkey", "Relation Name": "company_name", "Alias": "cn", "Startup Cost": 0.0, "Total Cost": 0.32, "Plan Rows": 1, "Plan Width": 4, "Actual Min Startup Time": 1.59, "Actual Max Startup Time": 1.59, "Actual Min Total Time": 1.59, "Actual Max Total Time": 1.59, "Index Cond": "(id = mc.company_id)", "Rows Removed by Index Recheck": 0, "Filter": "((country_code)::text = '[us]'::text)", "Rows Removed by Filter": 14, "Actual Rows": 359}], "Actual Rows": 359}, {"Node Type": "Index Scan", "Parent Relationship": "Inner", "Scan Direction": "Forward", "Index Name": "char_name_pkey", "Relation Name": "char_name", "Alias": "chn", "Startup Cost": 0.0, "Total Cost": 0.5, "Plan Rows": 1, "Plan Width": 20, "Actual Min Startup Time": 1.233, "Actual Max Startup Time": 1.233, "Actual Min Total Time": 1.233, "Actual Max Total Time": 1.233, "Index Cond": "(id = ci.person_role_id)", "Rows Removed by Index Recheck": 0, "Actual Rows": 341}], "Actual Rows": 341}, {"Node Type": "Index Scan", "Parent Relationship": "Inner", "Scan Direction": "Forward", "Index Name": "title_pkey", "Relation Name": "title", "Alias": "t", "Startup Cost": 0.0, "Total Cost": 0.49, "Plan Rows": 1, "Plan Width": 21, "Actual Min Startup Time": 1.72, "Actual Max Startup Time": 1.72, "Actual Min Total Time": 1.72, "Actual Max Total Time": 1.72, "Index Cond": "(id = ci.movie_id)", "Rows Removed by Index Recheck": 0, "Filter": "((production_year >= 2005) AND (production_year <= 2015))", "Rows Removed by Filter": 220, "Actual Rows": 121}], "Actual Rows": 121}], "Actual Rows": 1}, "Triggers": [], "Planner Runtime": 16, "Total Runtime": 291.03, "Unique SQL Id": 3431223514}}, "(64, 53)": {"explain_plan": {"Plan": {"Node Type": "Aggregate", "Strategy": "Plain", "Startup Cost": 198159.35, "Total Cost": 198159.36, "Plan Rows": 1, "Plan Width": 145, "Plans": [{"Node Type": "Nested Loop", "Parent Relationship": "Outer", "Join Type": "Inner", "Startup Cost": 0.0, "Total Cost": 198159.35, "Plan Rows": 1, "Plan Width": 49, "Inner Unique": true, "Plans": [{"Node Type": "Nested Loop", "Parent Relationship": "Outer", "Join Type": "Inner", "Startup Cost": 0.0, "Total Cost": 198158.85, "Plan Rows": 1, "Plan Width": 40, "Inner Unique": true, "Plans": [{"Node Type": "Nested Loop", "Parent Relationship": "Outer", "Join Type": "Inner", "Startup Cost": 0.0, "Total Cost": 198157.83, "Plan Rows": 2, "Plan Width": 28, "Inner Unique": true, "Plans": [{"Node Type": "Nested Loop", "Parent Relationship": "Outer", "Join Type": "Inner", "Startup Cost": 0.0, "Total Cost": 198156.19, "Plan Rows": 5, "Plan Width": 32, "Inner Unique": false, "Plans": [{"Node Type": "Nested Loop", "Parent Relationship": "Outer", "Join Type": "Inner", "Startup Cost": 0.0, "Total Cost": 198150.58, "Plan Rows": 13, "Plan Width": 24, "Inner Unique": false, "Join Filter": "(ci.role_id = rt.id)", "Plans": [{"Node Type": "Index Scan", "Parent Relationship": "Outer", "Scan Direction": "Forward", "Index Name": "role_type_pkey", "Relation Name": "role_type", "Alias": "rt", "Startup Cost": 0.0, "Total Cost": 12.46, "Plan Rows": 1, "Plan Width": 4, "Filter": "((role)::text = 'actress'::text)"}, {"Node Type": "Nested Loop", "Parent Relationship": "Inner", "Join Type": "Inner", "Startup Cost": 0.0, "Total Cost": 198136.36, "Plan Rows": 141, "Plan Width": 28, "Inner Unique": false, "Join Filter": "(n.id = ci.person_id)", "Plans": [{"Node Type": "Nested Loop", "Parent Relationship": "Outer", "Join Type": "Inner", "Startup Cost": 0.0, "Total Cost": 197861.08, "Plan Rows": 115, "Plan Width": 24, "Inner Unique": false, "Plans": [{"Node Type": "Index Scan", "Parent Relationship": "Outer", "Scan Direction": "Forward", "Index Name": "name_pkey", "Relation Name": "name", "Alias": "n", "Startup Cost": 0.0, "Total Cost": 197070.2, "Plan Rows": 96, "Plan Width": 4, "Filter": "(((name)::text ~~ '%Ang%'::text) AND ((gender)::text = 'f'::text))"}, {"Node Type": "Index Scan", "Parent Relationship": "Inner", "Scan Direction": "Forward", "Index Name": "person_id_aka_name", "Relation Name": "aka_name", "Alias": "an", "Startup Cost": 0.0, "Total Cost": 8.23, "Plan Rows": 1, "Plan Width": 20, "Index Cond": "(person_id = n.id)"}]}, {"Node Type": "Index Scan", "Parent Relationship": "Inner", "Scan Direction": "Forward", "Index Name": "person_id_cast_info", "Relation Name": "cast_info", "Alias": "ci", "Startup Cost": 0.0, "Total Cost": 2.38, "Plan Rows": 1, "Plan Width": 16, "Index Cond": "(person_id = an.person_id)", "Filter": "((note)::text = ANY ('{(voice),\"(voice: Japanese version)\",\"(voice) (uncredited)\",\"(voice: English version)\"}'::text[]))"}]}]}, {"Node Type": "Index Scan", "Parent Relationship": "Inner", "Scan Direction": "Forward", "Index Name": "movie_id_movie_companies", "Relation Name": "movie_companies", "Alias": "mc", "Startup Cost": 0.0, "Total Cost": 0.42, "Plan Rows": 1, "Plan Width": 8, "Index Cond": "(movie_id = ci.movie_id)", "Filter": "((note IS NOT NULL) AND (((note)::text ~~ '%(USA)%'::text) OR ((note)::text ~~ '%(worldwide)%'::text)))"}]}, {"Node Type": "Index Scan", "Parent Relationship": "Inner", "Scan Direction": "Forward", "Index Name": "company_name_pkey", "Relation Name": "company_name", "Alias": "cn", "Startup Cost": 0.0, "Total Cost": 0.32, "Plan Rows": 1, "Plan Width": 4, "Index Cond": "(id = mc.company_id)", "Filter": "((country_code)::text = '[us]'::text)"}]}, {"Node Type": "Index Scan", "Parent Relationship": "Inner", "Scan Direction": "Forward", "Index Name": "char_name_pkey", "Relation Name": "char_name", "Alias": "chn", "Startup Cost": 0.0, "Total Cost": 0.5, "Plan Rows": 1, "Plan Width": 20, "Index Cond": "(id = ci.person_role_id)"}]}, {"Node Type": "Index Scan", "Parent Relationship": "Inner", "Scan Direction": "Forward", "Index Name": "title_pkey", "Relation Name": "title", "Alias": "t", "Startup Cost": 0.0, "Total Cost": 0.49, "Plan Rows": 1, "Plan Width": 21, "Index Cond": "(id = ci.movie_id)", "Filter": "((production_year >= 2005) AND (production_year <= 2015))"}]}]}, "Unique SQL Id": 3431223514, "Planner Runtime": 12}, "explain_analyze_plan": null}, "(64, 54)": {"explain_plan": {"Plan": {"Node Type": "Aggregate", "Strategy": "Plain", "Startup Cost": 66279.91, "Total Cost": 66279.92, "Plan Rows": 1, "Plan Width": 145, "Plans": [{"Node Type": "Nested Loop", "Parent Relationship": "Outer", "Join Type": "Inner", "Startup Cost": 6.41, "Total Cost": 66279.9, "Plan Rows": 1, "Plan Width": 49, "Inner Unique": true, "Plans": [{"Node Type": "Nested Loop", "Parent Relationship": "Outer", "Join Type": "Inner", "Startup Cost": 6.11, "Total Cost": 66275.57, "Plan Rows": 1, "Plan Width": 40, "Inner Unique": true, "Plans": [{"Node Type": "Nested Loop", "Parent Relationship": "Outer", "Join Type": "Inner", "Startup Cost": 5.8, "Total Cost": 66266.9, "Plan Rows": 2, "Plan Width": 28, "Inner Unique": true, "Plans": [{"Node Type": "Nested Loop", "Parent Relationship": "Outer", "Join Type": "Inner", "Startup Cost": 5.53, "Total Cost": 66245.46, "Plan Rows": 5, "Plan Width": 32, "Inner Unique": false, "Plans": [{"Node Type": "Nested Loop", "Parent Relationship": "Outer", "Join Type": "Inner", "Startup Cost": 5.22, "Total Cost": 66188.82, "Plan Rows": 13, "Plan Width": 24, "Inner Unique": false, "Join Filter": "(ci.role_id = rt.id)", "Plans": [{"Node Type": "Seq Scan", "Parent Relationship": "Outer", "Relation Name": "role_type", "Alias": "rt", "Startup Cost": 0.0, "Total Cost": 1.15, "Plan Rows": 1, "Plan Width": 4, "Filter": "((role)::text = 'actress'::text)"}, {"Node Type": "Materialize", "Parent Relationship": "Inner", "Startup Cost": 5.22, "Total Cost": 66186.26, "Plan Rows": 141, "Plan Width": 28, "Plans": [{"Node Type": "Nested Loop", "Parent Relationship": "Outer", "Join Type": "Inner", "Startup Cost": 5.22, "Total Cost": 66185.91, "Plan Rows": 141, "Plan Width": 28, "Inner Unique": false, "Join Filter": "(n.id = ci.person_id)", "Plans": [{"Node Type": "Nested Loop", "Parent Relationship": "Outer", "Join Type": "Inner", "Startup Cost": 4.22, "Total Cost": 65572.72, "Plan Rows": 115, "Plan Width": 24, "Inner Unique": false, "Plans": [{"Node Type": "Streaming(type: LOCAL GATHER dop: 1/64)", "Parent Relationship": "Outer", "Startup Cost": 0.0, "Total Cost": 64781.81, "Plan Rows": 96, "Plan Width": 4, "Plans": [{"Node Type": "Seq Scan", "Parent Relationship": "Outer", "Relation Name": "name", "Alias": "n", "Startup Cost": 0.0, "Total Cost": 64779.83, "Plan Rows": 96, "Plan Width": 4, "Filter": "(((name)::text ~~ '%Ang%'::text) AND ((gender)::text = 'f'::text))"}]}, {"Node Type": "Bitmap Heap Scan", "Parent Relationship": "Inner", "Relation Name": "aka_name", "Alias": "an", "Startup Cost": 4.22, "Total Cost": 8.23, "Plan Rows": 1, "Plan Width": 20, "Recheck Cond": "(person_id = n.id)", "Plans": [{"Node Type": "Bitmap Index Scan", "Parent Relationship": "Outer", "Index Name": "person_id_aka_name", "Startup Cost": 0.0, "Total Cost": 4.22, "Plan Rows": 1, "Plan Width": 0, "Index Cond": "(person_id = n.id)"}]}]}, {"Node Type": "Bitmap Heap Scan", "Parent Relationship": "Inner", "Relation Name": "cast_info", "Alias": "ci", "Startup Cost": 1.0, "Total Cost": 5.32, "Plan Rows": 1, "Plan Width": 16, "Recheck Cond": "(person_id = an.person_id)", "Filter": "((note)::text = ANY ('{(voice),\"(voice: Japanese version)\",\"(voice) (uncredited)\",\"(voice: English version)\"}'::text[]))", "Plans": [{"Node Type": "Bitmap Index Scan", "Parent Relationship": "Outer", "Index Name": "person_id_cast_info", "Startup Cost": 0.0, "Total Cost": 1.0, "Plan Rows": 18, "Plan Width": 0, "Index Cond": "(person_id = an.person_id)"}]}]}]}]}, {"Node Type": "Bitmap Heap Scan", "Parent Relationship": "Inner", "Relation Name": "movie_companies", "Alias": "mc", "Startup Cost": 0.31, "Total Cost": 4.35, "Plan Rows": 1, "Plan Width": 8, "Recheck Cond": "(movie_id = ci.movie_id)", "Filter": "((note IS NOT NULL) AND (((note)::text ~~ '%(USA)%'::text) OR ((note)::text ~~ '%(worldwide)%'::text)))", "Plans": [{"Node Type": "Bitmap Index Scan", "Parent Relationship": "Outer", "Index Name": "movie_id_movie_companies", "Startup Cost": 0.0, "Total Cost": 0.31, "Plan Rows": 2, "Plan Width": 0, "Index Cond": "(movie_id = ci.movie_id)"}]}]}, {"Node Type": "Bitmap Heap Scan", "Parent Relationship": "Inner", "Relation Name": "company_name", "Alias": "cn", "Startup Cost": 0.26, "Total Cost": 4.28, "Plan Rows": 1, "Plan Width": 4, "Recheck Cond": "(id = mc.company_id)", "Filter": "((country_code)::text = '[us]'::text)", "Plans": [{"Node Type": "Bitmap Index Scan", "Parent Relationship": "Outer", "Index Name": "company_name_pkey", "Startup Cost": 0.0, "Total Cost": 0.26, "Plan Rows": 1, "Plan Width": 0, "Index Cond": "(id = mc.company_id)"}]}]}, {"Node Type": "Bitmap Heap Scan", "Parent Relationship": "Inner", "Relation Name": "char_name", "Alias": "chn", "Startup Cost": 0.31, "Total Cost": 4.33, "Plan Rows": 1, "Plan Width": 20, "Recheck Cond": "(id = ci.person_role_id)", "Plans": [{"Node Type": "Bitmap Index Scan", "Parent Relationship": "Outer", "Index Name": "char_name_pkey", "Startup Cost": 0.0, "Total Cost": 0.31, "Plan Rows": 1, "Plan Width": 0, "Index Cond": "(id = ci.person_role_id)"}]}]}, {"Node Type": "Bitmap Heap Scan", "Parent Relationship": "Inner", "Relation Name": "title", "Alias": "t", "Startup Cost": 0.3, "Total Cost": 4.32, "Plan Rows": 1, "Plan Width": 21, "Recheck Cond": "(id = ci.movie_id)", "Filter": "((production_year >= 2005) AND (production_year <= 2015))", "Plans": [{"Node Type": "Bitmap Index Scan", "Parent Relationship": "Outer", "Index Name": "title_pkey", "Startup Cost": 0.0, "Total Cost": 0.3, "Plan Rows": 1, "Plan Width": 0, "Index Cond": "(id = ci.movie_id)"}]}]}]}, "Unique SQL Id": 3431223514, "Planner Runtime": 38}, "explain_analyze_plan": {"Plan": {"Node Type": "Aggregate", "Strategy": "Plain", "Startup Cost": 66279.91, "Total Cost": 66279.92, "Plan Rows": 1, "Plan Width": 145, "Actual Min Startup Time": 276.76, "Actual Max Startup Time": 276.76, "Actual Min Total Time": 276.761, "Actual Max Total Time": 276.761, "Plans": [{"Node Type": "Nested Loop", "Parent Relationship": "Outer", "Join Type": "Inner", "Startup Cost": 6.41, "Total Cost": 66279.9, "Plan Rows": 1, "Plan Width": 49, "Actual Min Startup Time": 263.884, "Actual Max Startup Time": 263.884, "Actual Min Total Time": 276.595, "Actual Max Total Time": 276.595, "Inner Unique": true, "Plans": [{"Node Type": "Nested Loop", "Parent Relationship": "Outer", "Join Type": "Inner", "Startup Cost": 6.11, "Total Cost": 66275.57, "Plan Rows": 1, "Plan Width": 40, "Actual Min Startup Time": 263.855, "Actual Max Startup Time": 263.855, "Actual Min Total Time": 274.163, "Actual Max Total Time": 274.163, "Inner Unique": true, "Plans": [{"Node Type": "Nested Loop", "Parent Relationship": "Outer", "Join Type": "Inner", "Startup Cost": 5.8, "Total Cost": 66266.9, "Plan Rows": 2, "Plan Width": 28, "Actual Min Startup Time": 263.835, "Actual Max Startup Time": 263.835, "Actual Min Total Time": 272.075, "Actual Max Total Time": 272.075, "Inner Unique": true, "Plans": [{"Node Type": "Nested Loop", "Parent Relationship": "Outer", "Join Type": "Inner", "Startup Cost": 5.53, "Total Cost": 66245.46, "Plan Rows": 5, "Plan Width": 32, "Actual Min Startup Time": 263.813, "Actual Max Startup Time": 263.813, "Actual Min Total Time": 269.555, "Actual Max Total Time": 269.555, "Inner Unique": false, "Plans": [{"Node Type": "Nested Loop", "Parent Relationship": "Outer", "Join Type": "Inner", "Startup Cost": 5.22, "Total Cost": 66188.82, "Plan Rows": 13, "Plan Width": 24, "Actual Min Startup Time": 263.731, "Actual Max Startup Time": 263.731, "Actual Min Total Time": 264.023, "Actual Max Total Time": 264.023, "Inner Unique": false, "Join Filter": "(ci.role_id = rt.id)", "Rows Removed by Join Filter": 0, "Plans": [{"Node Type": "Seq Scan", "Parent Relationship": "Outer", "Relation Name": "role_type", "Alias": "rt", "Startup Cost": 0.0, "Total Cost": 1.15, "Plan Rows": 1, "Plan Width": 4, "Actual Min Startup Time": 0.022, "Actual Max Startup Time": 0.022, "Actual Min Total Time": 0.027, "Actual Max Total Time": 0.027, "Filter": "((role)::text = 'actress'::text)", "Rows Removed by Filter": 11, "Actual Rows": 1}, {"Node Type": "Materialize", "Parent Relationship": "Inner", "Startup Cost": 5.22, "Total Cost": 66186.26, "Plan Rows": 141, "Plan Width": 28, "Actual Min Startup Time": 263.691, "Actual Max Startup Time": 263.691, "Actual Min Total Time": 263.766, "Actual Max Total Time": 263.766, "Plans": [{"Node Type": "Nested Loop", "Parent Relationship": "Outer", "Join Type": "Inner", "Startup Cost": 5.22, "Total Cost": 66185.91, "Plan Rows": 141, "Plan Width": 28, "Actual Min Startup Time": 108.086, "Actual Max Startup Time": 108.086, "Actual Min Total Time": 263.5, "Actual Max Total Time": 263.5, "Inner Unique": false, "Join Filter": "(n.id = ci.person_id)", "Rows Removed by Join Filter": 0, "Plans": [{"Node Type": "Nested Loop", "Parent Relationship": "Outer", "Join Type": "Inner", "Startup Cost": 4.22, "Total Cost": 65572.72, "Plan Rows": 115, "Plan Width": 24, "Actual Min Startup Time": 62.476, "Actual Max Startup Time": 62.476, "Actual Min Total Time": 208.841, "Actual Max Total Time": 208.841, "Inner Unique": false, "Plans": [{"Node Type": "Streaming(type: LOCAL GATHER dop: 1/64)", "Parent Relationship": "Outer", "Startup Cost": 0.0, "Total Cost": 64781.81, "Plan Rows": 96, "Plan Width": 4, "Actual Min Startup Time": 62.403, "Actual Max Startup Time": 62.403, "Actual Min Total Time": 175.436, "Actual Max Total Time": 175.436, "Plans": [{"Node Type": "Seq Scan", "Parent Relationship": "Outer", "Relation Name": "name", "Alias": "n", "Startup Cost": 0.0, "Total Cost": 64779.83, "Plan Rows": 96, "Plan Width": 4, "Actual Min Startup Time": 9.522, "Actual Max Startup Time": 14.111, "Actual Min Total Time": 25.38, "Actual Max Total Time": 42.688, "Filter": "(((name)::text ~~ '%Ang%'::text) AND ((gender)::text = 'f'::text))", "Rows Removed by Filter": 4160722, "Actual Rows": 6768}], "Actual Rows": 6768}, {"Node Type": "Bitmap Heap Scan", "Parent Relationship": "Inner", "Relation Name": "aka_name", "Alias": "an", "Startup Cost": 4.22, "Total Cost": 8.23, "Plan Rows": 1, "Plan Width": 20, "Actual Min Startup Time": 25.316, "Actual Max Startup Time": 25.316, "Actual Min Total Time": 25.904, "Actual Max Total Time": 25.904, "Recheck Cond": "(person_id = n.id)", "Rows Removed by Index Recheck": 0, "Exact Heap Blocks": 1014, "Lossy Heap Blocks": 1014, "Plans": [{"Node Type": "Bitmap Index Scan", "Parent Relationship": "Outer", "Index Name": "person_id_aka_name", "Startup Cost": 0.0, "Total Cost": 4.22, "Plan Rows": 1, "Plan Width": 0, "Actual Min Startup Time": 19.555, "Actual Max Startup Time": 19.555, "Actual Min Total Time": 19.555, "Actual Max Total Time": 19.555, "Index Cond": "(person_id = n.id)", "Actual Rows": 1558}], "Actual Rows": 1558}], "Actual Rows": 1558}, {"Node Type": "Bitmap Heap Scan", "Parent Relationship": "Inner", "Relation Name": "cast_info", "Alias": "ci", "Startup Cost": 1.0, "Total Cost": 5.32, "Plan Rows": 1, "Plan Width": 16, "Actual Min Startup Time": 49.271, "Actual Max Startup Time": 49.271, "Actual Min Total Time": 52.575, "Actual Max Total Time": 52.575, "Recheck Cond": "(person_id = an.person_id)", "Rows Removed by Index Recheck": 0, "Filter": "((note)::text = ANY ('{(voice),\"(voice: Japanese version)\",\"(voice) (uncredited)\",\"(voice: English version)\"}'::text[]))", "Rows Removed by Filter": 69057, "Exact Heap Blocks": 2627, "Lossy Heap Blocks": 2627, "Plans": [{"Node Type": "Bitmap Index Scan", "Parent Relationship": "Outer", "Index Name": "person_id_cast_info", "Startup Cost": 0.0, "Total Cost": 1.0, "Plan Rows": 18, "Plan Width": 0, "Actual Min Startup Time": 16.083, "Actual Max Startup Time": 16.083, "Actual Min Total Time": 16.083, "Actual Max Total Time": 16.083, "Index Cond": "(person_id = an.person_id)", "Actual Rows": 69482}], "Actual Rows": 425}], "Actual Rows": 425}], "Actual Rows": 426}], "Actual Rows": 425}, {"Node Type": "Bitmap Heap Scan", "Parent Relationship": "Inner", "Relation Name": "movie_companies", "Alias": "mc", "Startup Cost": 0.31, "Total Cost": 4.35, "Plan Rows": 1, "Plan Width": 8, "Actual Min Startup Time": 3.927, "Actual Max Startup Time": 3.927, "Actual Min Total Time": 4.932, "Actual Max Total Time": 4.932, "Recheck Cond": "(movie_id = ci.movie_id)", "Rows Removed by Index Recheck": 0, "Filter": "((note IS NOT NULL) AND (((note)::text ~~ '%(USA)%'::text) OR ((note)::text ~~ '%(worldwide)%'::text)))", "Rows Removed by Filter": 1538, "Exact Heap Blocks": 580, "Lossy Heap Blocks": 580, "Plans": [{"Node Type": "Bitmap Index Scan", "Parent Relationship": "Outer", "Index Name": "movie_id_movie_companies", "Startup Cost": 0.0, "Total Cost": 0.31, "Plan Rows": 2, "Plan Width": 0, "Actual Min Startup Time": 2.054, "Actual Max Startup Time": 2.054, "Actual Min Total Time": 2.054, "Actual Max Total Time": 2.054, "Index Cond": "(movie_id = ci.movie_id)", "Actual Rows": 1911}], "Actual Rows": 373}], "Actual Rows": 373}, {"Node Type": "Bitmap Heap Scan", "Parent Relationship": "Inner", "Relation Name": "company_name", "Alias": "cn", "Startup Cost": 0.26, "Total Cost": 4.28, "Plan Rows": 1, "Plan Width": 4, "Actual Min Startup Time": 2.032, "Actual Max Startup Time": 2.032, "Actual Min Total Time": 2.032, "Actual Max Total Time": 2.032, "Recheck Cond": "(id = mc.company_id)", "Rows Removed by Index Recheck": 0, "Filter": "((country_code)::text = '[us]'::text)", "Rows Removed by Filter": 14, "Exact Heap Blocks": 373, "Lossy Heap Blocks": 373, "Plans": [{"Node Type": "Bitmap Index Scan", "Parent Relationship": "Outer", "Index Name": "company_name_pkey", "Startup Cost": 0.0, "Total Cost": 0.26, "Plan Rows": 1, "Plan Width": 0, "Actual Min Startup Time": 1.114, "Actual Max Startup Time": 1.114, "Actual Min Total Time": 1.114, "Actual Max Total Time": 1.114, "Index Cond": "(id = mc.company_id)", "Actual Rows": 373}], "Actual Rows": 359}], "Actual Rows": 359}, {"Node Type": "Bitmap Heap Scan", "Parent Relationship": "Inner", "Relation Name": "char_name", "Alias": "chn", "Startup Cost": 0.31, "Total Cost": 4.33, "Plan Rows": 1, "Plan Width": 20, "Actual Min Startup Time": 1.567, "Actual Max Startup Time": 1.567, "Actual Min Total Time": 1.567, "Actual Max Total Time": 1.567, "Recheck Cond": "(id = ci.person_role_id)", "Rows Removed by Index Recheck": 0, "Exact Heap Blocks": 341, "Lossy Heap Blocks": 341, "Plans": [{"Node Type": "Bitmap Index Scan", "Parent Relationship": "Outer", "Index Name": "char_name_pkey", "Startup Cost": 0.0, "Total Cost": 0.31, "Plan Rows": 1, "Plan Width": 0, "Actual Min Startup Time": 1.005, "Actual Max Startup Time": 1.005, "Actual Min Total Time": 1.005, "Actual Max Total Time": 1.005, "Index Cond": "(id = ci.person_role_id)", "Actual Rows": 341}], "Actual Rows": 341}], "Actual Rows": 341}, {"Node Type": "Bitmap Heap Scan", "Parent Relationship": "Inner", "Relation Name": "title", "Alias": "t", "Startup Cost": 0.3, "Total Cost": 4.32, "Plan Rows": 1, "Plan Width": 21, "Actual Min Startup Time": 2.009, "Actual Max Startup Time": 2.009, "Actual Min Total Time": 2.009, "Actual Max Total Time": 2.009, "Recheck Cond": "(id = ci.movie_id)", "Rows Removed by Index Recheck": 0, "Filter": "((production_year >= 2005) AND (production_year <= 2015))", "Rows Removed by Filter": 220, "Exact Heap Blocks": 341, "Lossy Heap Blocks": 341, "Plans": [{"Node Type": "Bitmap Index Scan", "Parent Relationship": "Outer", "Index Name": "title_pkey", "Startup Cost": 0.0, "Total Cost": 0.3, "Plan Rows": 1, "Plan Width": 0, "Actual Min Startup Time": 1.198, "Actual Max Startup Time": 1.198, "Actual Min Total Time": 1.198, "Actual Max Total Time": 1.198, "Index Cond": "(id = ci.movie_id)", "Actual Rows": 341}], "Actual Rows": 121}], "Actual Rows": 121}], "Actual Rows": 1}, "Triggers": [], "Planner Runtime": 38, "Total Runtime": 289.165, "Unique SQL Id": 3431223514}}, "(64, 55)": {"explain_plan": {"Plan": {"Node Type": "Aggregate", "Strategy": "Plain", "Startup Cost": 199166.12, "Total Cost": 199166.13, "Plan Rows": 1, "Plan Width": 145, "Plans": [{"Node Type": "Nested Loop", "Parent Relationship": "Outer", "Join Type": "Inner", "Startup Cost": 83164.39, "Total Cost": 199166.11, "Plan Rows": 1, "Plan Width": 49, "Inner Unique": true, "Plans": [{"Node Type": "Nested Loop", "Parent Relationship": "Outer", "Join Type": "Inner", "Startup Cost": 83164.09, "Total Cost": 199161.78, "Plan Rows": 1, "Plan Width": 40, "Inner Unique": true, "Plans": [{"Node Type": "Nested Loop", "Parent Relationship": "Outer", "Join Type": "Inner", "Startup Cost": 83163.78, "Total Cost": 199153.11, "Plan Rows": 2, "Plan Width": 28, "Inner Unique": true, "Plans": [{"Node Type": "Nested Loop", "Parent Relationship": "Outer", "Join Type": "Inner", "Startup Cost": 83163.51, "Total Cost": 199131.67, "Plan Rows": 5, "Plan Width": 32, "Inner Unique": false, "Plans": [{"Node Type": "Nested Loop", "Parent Relationship": "Outer", "Join Type": "Inner", "Startup Cost": 83163.2, "Total Cost": 199075.04, "Plan Rows": 13, "Plan Width": 24, "Inner Unique": true, "Plans": [{"Node Type": "Nested Loop", "Parent Relationship": "Outer", "Join Type": "Inner", "Startup Cost": 83162.94, "Total Cost": 198471.17, "Plan Rows": 141, "Plan Width": 28, "Inner Unique": false, "Join Filter": "(n.id = ci.person_id)", "Plans": [{"Node Type": "Nested Loop", "Parent Relationship": "Outer", "Join Type": "Inner", "Startup Cost": 83161.94, "Total Cost": 197857.98, "Plan Rows": 115, "Plan Width": 24, "Inner Unique": false, "Plans": [{"Node Type": "Bitmap Heap Scan", "Parent Relationship": "Outer", "Relation Name": "name", "Alias": "n", "Startup Cost": 83157.72, "Total Cost": 197067.07, "Plan Rows": 96, "Plan Width": 4, "Filter": "(((name)::text ~~ '%Ang%'::text) AND ((gender)::text = 'f'::text))", "Plans": [{"Node Type": "Bitmap Index Scan", "Parent Relationship": "Outer", "Index Name": "name_pkey", "Startup Cost": 0.0, "Total Cost": 83157.7, "Plan Rows": 4167490, "Plan Width": 0}]}, {"Node Type": "Bitmap Heap Scan", "Parent Relationship": "Inner", "Relation Name": "aka_name", "Alias": "an", "Startup Cost": 4.22, "Total Cost": 8.23, "Plan Rows": 1, "Plan Width": 20, "Recheck Cond": "(person_id = n.id)", "Plans": [{"Node Type": "Bitmap Index Scan", "Parent Relationship": "Outer", "Index Name": "person_id_aka_name", "Startup Cost": 0.0, "Total Cost": 4.22, "Plan Rows": 1, "Plan Width": 0, "Index Cond": "(person_id = n.id)"}]}]}, {"Node Type": "Bitmap Heap Scan", "Parent Relationship": "Inner", "Relation Name": "cast_info", "Alias": "ci", "Startup Cost": 1.0, "Total Cost": 5.32, "Plan Rows": 1, "Plan Width": 16, "Recheck Cond": "(person_id = an.person_id)", "Filter": "((note)::text = ANY ('{(voice),\"(voice: Japanese version)\",\"(voice) (uncredited)\",\"(voice: English version)\"}'::text[]))", "Plans": [{"Node Type": "Bitmap Index Scan", "Parent Relationship": "Outer", "Index Name": "person_id_cast_info", "Startup Cost": 0.0, "Total Cost": 1.0, "Plan Rows": 18, "Plan Width": 0, "Index Cond": "(person_id = an.person_id)"}]}]}, {"Node Type": "Bitmap Heap Scan", "Parent Relationship": "Inner", "Relation Name": "role_type", "Alias": "rt", "Startup Cost": 0.26, "Total Cost": 4.27, "Plan Rows": 1, "Plan Width": 4, "Recheck Cond": "(id = ci.role_id)", "Filter": "((role)::text = 'actress'::text)", "Plans": [{"Node Type": "Bitmap Index Scan", "Parent Relationship": "Outer", "Index Name": "role_type_pkey", "Startup Cost": 0.0, "Total Cost": 0.26, "Plan Rows": 1, "Plan Width": 0, "Index Cond": "(id = ci.role_id)"}]}]}, {"Node Type": "Bitmap Heap Scan", "Parent Relationship": "Inner", "Relation Name": "movie_companies", "Alias": "mc", "Startup Cost": 0.31, "Total Cost": 4.35, "Plan Rows": 1, "Plan Width": 8, "Recheck Cond": "(movie_id = ci.movie_id)", "Filter": "((note IS NOT NULL) AND (((note)::text ~~ '%(USA)%'::text) OR ((note)::text ~~ '%(worldwide)%'::text)))", "Plans": [{"Node Type": "Bitmap Index Scan", "Parent Relationship": "Outer", "Index Name": "movie_id_movie_companies", "Startup Cost": 0.0, "Total Cost": 0.31, "Plan Rows": 2, "Plan Width": 0, "Index Cond": "(movie_id = ci.movie_id)"}]}]}, {"Node Type": "Bitmap Heap Scan", "Parent Relationship": "Inner", "Relation Name": "company_name", "Alias": "cn", "Startup Cost": 0.26, "Total Cost": 4.28, "Plan Rows": 1, "Plan Width": 4, "Recheck Cond": "(id = mc.company_id)", "Filter": "((country_code)::text = '[us]'::text)", "Plans": [{"Node Type": "Bitmap Index Scan", "Parent Relationship": "Outer", "Index Name": "company_name_pkey", "Startup Cost": 0.0, "Total Cost": 0.26, "Plan Rows": 1, "Plan Width": 0, "Index Cond": "(id = mc.company_id)"}]}]}, {"Node Type": "Bitmap Heap Scan", "Parent Relationship": "Inner", "Relation Name": "char_name", "Alias": "chn", "Startup Cost": 0.31, "Total Cost": 4.33, "Plan Rows": 1, "Plan Width": 20, "Recheck Cond": "(id = ci.person_role_id)", "Plans": [{"Node Type": "Bitmap Index Scan", "Parent Relationship": "Outer", "Index Name": "char_name_pkey", "Startup Cost": 0.0, "Total Cost": 0.31, "Plan Rows": 1, "Plan Width": 0, "Index Cond": "(id = ci.person_role_id)"}]}]}, {"Node Type": "Bitmap Heap Scan", "Parent Relationship": "Inner", "Relation Name": "title", "Alias": "t", "Startup Cost": 0.3, "Total Cost": 4.32, "Plan Rows": 1, "Plan Width": 21, "Recheck Cond": "(id = ci.movie_id)", "Filter": "((production_year >= 2005) AND (production_year <= 2015))", "Plans": [{"Node Type": "Bitmap Index Scan", "Parent Relationship": "Outer", "Index Name": "title_pkey", "Startup Cost": 0.0, "Total Cost": 0.3, "Plan Rows": 1, "Plan Width": 0, "Index Cond": "(id = ci.movie_id)"}]}]}]}, "Unique SQL Id": 3431223514, "Planner Runtime": 17}, "explain_analyze_plan": null}, "(64, 56)": {"explain_plan": {"Plan": {"Node Type": "Aggregate", "Strategy": "Plain", "Startup Cost": 65859.66, "Total Cost": 65859.67, "Plan Rows": 1, "Plan Width": 145, "Plans": [{"Node Type": "Nested Loop", "Parent Relationship": "Outer", "Join Type": "Inner", "Startup Cost": 0.0, "Total Cost": 65859.65, "Plan Rows": 1, "Plan Width": 49, "Inner Unique": true, "Plans": [{"Node Type": "Nested Loop", "Parent Relationship": "Outer", "Join Type": "Inner", "Startup Cost": 0.0, "Total Cost": 65859.16, "Plan Rows": 1, "Plan Width": 40, "Inner Unique": true, "Plans": [{"Node Type": "Nested Loop", "Parent Relationship": "Outer", "Join Type": "Inner", "Startup Cost": 0.0, "Total Cost": 65858.14, "Plan Rows": 2, "Plan Width": 28, "Inner Unique": true, "Plans": [{"Node Type": "Nested Loop", "Parent Relationship": "Outer", "Join Type": "Inner", "Startup Cost": 0.0, "Total Cost": 65856.5, "Plan Rows": 5, "Plan Width": 32, "Inner Unique": false, "Plans": [{"Node Type": "Nested Loop", "Parent Relationship": "Outer", "Join Type": "Inner", "Startup Cost": 0.0, "Total Cost": 65850.89, "Plan Rows": 13, "Plan Width": 24, "Inner Unique": false, "Join Filter": "(ci.role_id = rt.id)", "Plans": [{"Node Type": "Seq Scan", "Parent Relationship": "Outer", "Relation Name": "role_type", "Alias": "rt", "Startup Cost": 0.0, "Total Cost": 1.15, "Plan Rows": 1, "Plan Width": 4, "Filter": "((role)::text = 'actress'::text)"}, {"Node Type": "Materialize", "Parent Relationship": "Inner", "Startup Cost": 0.0, "Total Cost": 65848.33, "Plan Rows": 141, "Plan Width": 28, "Plans": [{"Node Type": "Nested Loop", "Parent Relationship": "Outer", "Join Type": "Inner", "Startup Cost": 0.0, "Total Cost": 65847.98, "Plan Rows": 141, "Plan Width": 28, "Inner Unique": false, "Join Filter": "(n.id = ci.person_id)", "Plans": [{"Node Type": "Nested Loop", "Parent Relationship": "Outer", "Join Type": "Inner", "Startup Cost": 0.0, "Total Cost": 65572.69, "Plan Rows": 115, "Plan Width": 24, "Inner Unique": false, "Plans": [{"Node Type": "Streaming(type: LOCAL GATHER dop: 1/64)", "Parent Relationship": "Outer", "Startup Cost": 0.0, "Total Cost": 64781.81, "Plan Rows": 96, "Plan Width": 4, "Plans": [{"Node Type": "Seq Scan", "Parent Relationship": "Outer", "Relation Name": "name", "Alias": "n", "Startup Cost": 0.0, "Total Cost": 64779.83, "Plan Rows": 96, "Plan Width": 4, "Filter": "(((name)::text ~~ '%Ang%'::text) AND ((gender)::text = 'f'::text))"}]}, {"Node Type": "Index Scan", "Parent Relationship": "Inner", "Scan Direction": "Forward", "Index Name": "person_id_aka_name", "Relation Name": "aka_name", "Alias": "an", "Startup Cost": 0.0, "Total Cost": 8.23, "Plan Rows": 1, "Plan Width": 20, "Index Cond": "(person_id = n.id)"}]}, {"Node Type": "Index Scan", "Parent Relationship": "Inner", "Scan Direction": "Forward", "Index Name": "person_id_cast_info", "Relation Name": "cast_info", "Alias": "ci", "Startup Cost": 0.0, "Total Cost": 2.38, "Plan Rows": 1, "Plan Width": 16, "Index Cond": "(person_id = an.person_id)", "Filter": "((note)::text = ANY ('{(voice),\"(voice: Japanese version)\",\"(voice) (uncredited)\",\"(voice: English version)\"}'::text[]))"}]}]}]}, {"Node Type": "Index Scan", "Parent Relationship": "Inner", "Scan Direction": "Forward", "Index Name": "movie_id_movie_companies", "Relation Name": "movie_companies", "Alias": "mc", "Startup Cost": 0.0, "Total Cost": 0.42, "Plan Rows": 1, "Plan Width": 8, "Index Cond": "(movie_id = ci.movie_id)", "Filter": "((note IS NOT NULL) AND (((note)::text ~~ '%(USA)%'::text) OR ((note)::text ~~ '%(worldwide)%'::text)))"}]}, {"Node Type": "Index Scan", "Parent Relationship": "Inner", "Scan Direction": "Forward", "Index Name": "company_name_pkey", "Relation Name": "company_name", "Alias": "cn", "Startup Cost": 0.0, "Total Cost": 0.32, "Plan Rows": 1, "Plan Width": 4, "Index Cond": "(id = mc.company_id)", "Filter": "((country_code)::text = '[us]'::text)"}]}, {"Node Type": "Index Scan", "Parent Relationship": "Inner", "Scan Direction": "Forward", "Index Name": "char_name_pkey", "Relation Name": "char_name", "Alias": "chn", "Startup Cost": 0.0, "Total Cost": 0.5, "Plan Rows": 1, "Plan Width": 20, "Index Cond": "(id = ci.person_role_id)"}]}, {"Node Type": "Index Scan", "Parent Relationship": "Inner", "Scan Direction": "Forward", "Index Name": "title_pkey", "Relation Name": "title", "Alias": "t", "Startup Cost": 0.0, "Total Cost": 0.49, "Plan Rows": 1, "Plan Width": 21, "Index Cond": "(id = ci.movie_id)", "Filter": "((production_year >= 2005) AND (production_year <= 2015))"}]}]}, "Unique SQL Id": 3431223514, "Planner Runtime": 15}, "explain_analyze_plan": {"Plan": {"Node Type": "Aggregate", "Strategy": "Plain", "Startup Cost": 65859.66, "Total Cost": 65859.67, "Plan Rows": 1, "Plan Width": 145, "Actual Min Startup Time": 278.751, "Actual Max Startup Time": 278.751, "Actual Min Total Time": 278.751, "Actual Max Total Time": 278.751, "Plans": [{"Node Type": "Nested Loop", "Parent Relationship": "Outer", "Join Type": "Inner", "Startup Cost": 0.0, "Total Cost": 65859.65, "Plan Rows": 1, "Plan Width": 49, "Actual Min Startup Time": 269.585, "Actual Max Startup Time": 269.585, "Actual Min Total Time": 278.613, "Actual Max Total Time": 278.613, "Inner Unique": true, "Plans": [{"Node Type": "Nested Loop", "Parent Relationship": "Outer", "Join Type": "Inner", "Startup Cost": 0.0, "Total Cost": 65859.16, "Plan Rows": 1, "Plan Width": 40, "Actual Min Startup Time": 268.876, "Actual Max Startup Time": 268.876, "Actual Min Total Time": 276.683, "Actual Max Total Time": 276.683, "Inner Unique": true, "Plans": [{"Node Type": "Nested Loop", "Parent Relationship": "Outer", "Join Type": "Inner", "Startup Cost": 0.0, "Total Cost": 65858.14, "Plan Rows": 2, "Plan Width": 28, "Actual Min Startup Time": 268.861, "Actual Max Startup Time": 268.861, "Actual Min Total Time": 275.129, "Actual Max Total Time": 275.129, "Inner Unique": true, "Plans": [{"Node Type": "Nested Loop", "Parent Relationship": "Outer", "Join Type": "Inner", "Startup Cost": 0.0, "Total Cost": 65856.5, "Plan Rows": 5, "Plan Width": 32, "Actual Min Startup Time": 268.839, "Actual Max Startup Time": 268.839, "Actual Min Total Time": 273.251, "Actual Max Total Time": 273.251, "Inner Unique": false, "Plans": [{"Node Type": "Nested Loop", "Parent Relationship": "Outer", "Join Type": "Inner", "Startup Cost": 0.0, "Total Cost": 65850.89, "Plan Rows": 13, "Plan Width": 24, "Actual Min Startup Time": 268.561, "Actual Max Startup Time": 268.561, "Actual Min Total Time": 268.833, "Actual Max Total Time": 268.833, "Inner Unique": false, "Join Filter": "(ci.role_id = rt.id)", "Rows Removed by Join Filter": 0, "Plans": [{"Node Type": "Seq Scan", "Parent Relationship": "Outer", "Relation Name": "role_type", "Alias": "rt", "Startup Cost": 0.0, "Total Cost": 1.15, "Plan Rows": 1, "Plan Width": 4, "Actual Min Startup Time": 0.02, "Actual Max Startup Time": 0.02, "Actual Min Total Time": 0.025, "Actual Max Total Time": 0.025, "Filter": "((role)::text = 'actress'::text)", "Rows Removed by Filter": 11, "Actual Rows": 1}, {"Node Type": "Materialize", "Parent Relationship": "Inner", "Startup Cost": 0.0, "Total Cost": 65848.33, "Plan Rows": 141, "Plan Width": 28, "Actual Min Startup Time": 268.53, "Actual Max Startup Time": 268.53, "Actual Min Total Time": 268.596, "Actual Max Total Time": 268.596, "Plans": [{"Node Type": "Nested Loop", "Parent Relationship": "Outer", "Join Type": "Inner", "Startup Cost": 0.0, "Total Cost": 65847.98, "Plan Rows": 141, "Plan Width": 28, "Actual Min Startup Time": 116.037, "Actual Max Startup Time": 116.037, "Actual Min Total Time": 268.336, "Actual Max Total Time": 268.336, "Inner Unique": false, "Join Filter": "(n.id = ci.person_id)", "Rows Removed by Join Filter": 0, "Plans": [{"Node Type": "Nested Loop", "Parent Relationship": "Outer", "Join Type": "Inner", "Startup Cost": 0.0, "Total Cost": 65572.69, "Plan Rows": 115, "Plan Width": 24, "Actual Min Startup Time": 115.641, "Actual Max Startup Time": 115.641, "Actual Min Total Time": 213.771, "Actual Max Total Time": 213.771, "Inner Unique": false, "Plans": [{"Node Type": "Streaming(type: LOCAL GATHER dop: 1/64)", "Parent Relationship": "Outer", "Startup Cost": 0.0, "Total Cost": 64781.81, "Plan Rows": 96, "Plan Width": 4, "Actual Min Startup Time": 115.588, "Actual Max Startup Time": 115.588, "Actual Min Total Time": 189.366, "Actual Max Total Time": 189.366, "Plans": [{"Node Type": "Seq Scan", "Parent Relationship": "Outer", "Relation Name": "name", "Alias": "n", "Startup Cost": 0.0, "Total Cost": 64779.83, "Plan Rows": 96, "Plan Width": 4, "Actual Min Startup Time": 9.393, "Actual Max Startup Time": 14.192, "Actual Min Total Time": 25.316, "Actual Max Total Time": 30.862, "Filter": "(((name)::text ~~ '%Ang%'::text) AND ((gender)::text = 'f'::text))", "Rows Removed by Filter": 4160722, "Actual Rows": 6768}], "Actual Rows": 6768}, {"Node Type": "Index Scan", "Parent Relationship": "Inner", "Scan Direction": "Forward", "Index Name": "person_id_aka_name", "Relation Name": "aka_name", "Alias": "an", "Startup Cost": 0.0, "Total Cost": 8.23, "Plan Rows": 1, "Plan Width": 20, "Actual Min Startup Time": 20.047, "Actual Max Startup Time": 20.047, "Actual Min Total Time": 20.97, "Actual Max Total Time": 20.97, "Index Cond": "(person_id = n.id)", "Rows Removed by Index Recheck": 0, "Actual Rows": 1558}], "Actual Rows": 1558}, {"Node Type": "Index Scan", "Parent Relationship": "Inner", "Scan Direction": "Forward", "Index Name": "person_id_cast_info", "Relation Name": "cast_info", "Alias": "ci", "Startup Cost": 0.0, "Total Cost": 2.38, "Plan Rows": 1, "Plan Width": 16, "Actual Min Startup Time": 48.598, "Actual Max Startup Time": 48.598, "Actual Min Total Time": 53.659, "Actual Max Total Time": 53.659, "Index Cond": "(person_id = an.person_id)", "Rows Removed by Index Recheck": 0, "Filter": "((note)::text = ANY ('{(voice),\"(voice: Japanese version)\",\"(voice) (uncredited)\",\"(voice: English version)\"}'::text[]))", "Rows Removed by Filter": 69057, "Actual Rows": 425}], "Actual Rows": 425}], "Actual Rows": 426}], "Actual Rows": 425}, {"Node Type": "Index Scan", "Parent Relationship": "Inner", "Scan Direction": "Forward", "Index Name": "movie_id_movie_companies", "Relation Name": "movie_companies", "Alias": "mc", "Startup Cost": 0.0, "Total Cost": 0.42, "Plan Rows": 1, "Plan Width": 8, "Actual Min Startup Time": 2.893, "Actual Max Startup Time": 2.893, "Actual Min Total Time": 4.118, "Actual Max Total Time": 4.118, "Index Cond": "(movie_id = ci.movie_id)", "Rows Removed by Index Recheck": 0, "Filter": "((note IS NOT NULL) AND (((note)::text ~~ '%(USA)%'::text) OR ((note)::text ~~ '%(worldwide)%'::text)))", "Rows Removed by Filter": 1538, "Actual Rows": 373}], "Actual Rows": 373}, {"Node Type": "Index Scan", "Parent Relationship": "Inner", "Scan Direction": "Forward", "Index Name": "company_name_pkey", "Relation Name": "company_name", "Alias": "cn", "Startup Cost": 0.0, "Total Cost": 0.32, "Plan Rows": 1, "Plan Width": 4, "Actual Min Startup Time": 1.59, "Actual Max Startup Time": 1.59, "Actual Min Total Time": 1.59, "Actual Max Total Time": 1.59, "Index Cond": "(id = mc.company_id)", "Rows Removed by Index Recheck": 0, "Filter": "((country_code)::text = '[us]'::text)", "Rows Removed by Filter": 14, "Actual Rows": 359}], "Actual Rows": 359}, {"Node Type": "Index Scan", "Parent Relationship": "Inner", "Scan Direction": "Forward", "Index Name": "char_name_pkey", "Relation Name": "char_name", "Alias": "chn", "Startup Cost": 0.0, "Total Cost": 0.5, "Plan Rows": 1, "Plan Width": 20, "Actual Min Startup Time": 1.233, "Actual Max Startup Time": 1.233, "Actual Min Total Time": 1.233, "Actual Max Total Time": 1.233, "Index Cond": "(id = ci.person_role_id)", "Rows Removed by Index Recheck": 0, "Actual Rows": 341}], "Actual Rows": 341}, {"Node Type": "Index Scan", "Parent Relationship": "Inner", "Scan Direction": "Forward", "Index Name": "title_pkey", "Relation Name": "title", "Alias": "t", "Startup Cost": 0.0, "Total Cost": 0.49, "Plan Rows": 1, "Plan Width": 21, "Actual Min Startup Time": 1.72, "Actual Max Startup Time": 1.72, "Actual Min Total Time": 1.72, "Actual Max Total Time": 1.72, "Index Cond": "(id = ci.movie_id)", "Rows Removed by Index Recheck": 0, "Filter": "((production_year >= 2005) AND (production_year <= 2015))", "Rows Removed by Filter": 220, "Actual Rows": 121}], "Actual Rows": 121}], "Actual Rows": 1}, "Triggers": [], "Planner Runtime": 16, "Total Runtime": 291.03, "Unique SQL Id": 3431223514}}, "(64, 57)": {"explain_plan": {"Plan": {"Node Type": "Aggregate", "Strategy": "Plain", "Startup Cost": 198159.35, "Total Cost": 198159.36, "Plan Rows": 1, "Plan Width": 145, "Plans": [{"Node Type": "Nested Loop", "Parent Relationship": "Outer", "Join Type": "Inner", "Startup Cost": 0.0, "Total Cost": 198159.35, "Plan Rows": 1, "Plan Width": 49, "Inner Unique": true, "Plans": [{"Node Type": "Nested Loop", "Parent Relationship": "Outer", "Join Type": "Inner", "Startup Cost": 0.0, "Total Cost": 198158.85, "Plan Rows": 1, "Plan Width": 40, "Inner Unique": true, "Plans": [{"Node Type": "Nested Loop", "Parent Relationship": "Outer", "Join Type": "Inner", "Startup Cost": 0.0, "Total Cost": 198157.83, "Plan Rows": 2, "Plan Width": 28, "Inner Unique": true, "Plans": [{"Node Type": "Nested Loop", "Parent Relationship": "Outer", "Join Type": "Inner", "Startup Cost": 0.0, "Total Cost": 198156.19, "Plan Rows": 5, "Plan Width": 32, "Inner Unique": false, "Plans": [{"Node Type": "Nested Loop", "Parent Relationship": "Outer", "Join Type": "Inner", "Startup Cost": 0.0, "Total Cost": 198150.58, "Plan Rows": 13, "Plan Width": 24, "Inner Unique": false, "Join Filter": "(ci.role_id = rt.id)", "Plans": [{"Node Type": "Index Scan", "Parent Relationship": "Outer", "Scan Direction": "Forward", "Index Name": "role_type_pkey", "Relation Name": "role_type", "Alias": "rt", "Startup Cost": 0.0, "Total Cost": 12.46, "Plan Rows": 1, "Plan Width": 4, "Filter": "((role)::text = 'actress'::text)"}, {"Node Type": "Nested Loop", "Parent Relationship": "Inner", "Join Type": "Inner", "Startup Cost": 0.0, "Total Cost": 198136.36, "Plan Rows": 141, "Plan Width": 28, "Inner Unique": false, "Join Filter": "(n.id = ci.person_id)", "Plans": [{"Node Type": "Nested Loop", "Parent Relationship": "Outer", "Join Type": "Inner", "Startup Cost": 0.0, "Total Cost": 197861.08, "Plan Rows": 115, "Plan Width": 24, "Inner Unique": false, "Plans": [{"Node Type": "Index Scan", "Parent Relationship": "Outer", "Scan Direction": "Forward", "Index Name": "name_pkey", "Relation Name": "name", "Alias": "n", "Startup Cost": 0.0, "Total Cost": 197070.2, "Plan Rows": 96, "Plan Width": 4, "Filter": "(((name)::text ~~ '%Ang%'::text) AND ((gender)::text = 'f'::text))"}, {"Node Type": "Index Scan", "Parent Relationship": "Inner", "Scan Direction": "Forward", "Index Name": "person_id_aka_name", "Relation Name": "aka_name", "Alias": "an", "Startup Cost": 0.0, "Total Cost": 8.23, "Plan Rows": 1, "Plan Width": 20, "Index Cond": "(person_id = n.id)"}]}, {"Node Type": "Index Scan", "Parent Relationship": "Inner", "Scan Direction": "Forward", "Index Name": "person_id_cast_info", "Relation Name": "cast_info", "Alias": "ci", "Startup Cost": 0.0, "Total Cost": 2.38, "Plan Rows": 1, "Plan Width": 16, "Index Cond": "(person_id = an.person_id)", "Filter": "((note)::text = ANY ('{(voice),\"(voice: Japanese version)\",\"(voice) (uncredited)\",\"(voice: English version)\"}'::text[]))"}]}]}, {"Node Type": "Index Scan", "Parent Relationship": "Inner", "Scan Direction": "Forward", "Index Name": "movie_id_movie_companies", "Relation Name": "movie_companies", "Alias": "mc", "Startup Cost": 0.0, "Total Cost": 0.42, "Plan Rows": 1, "Plan Width": 8, "Index Cond": "(movie_id = ci.movie_id)", "Filter": "((note IS NOT NULL) AND (((note)::text ~~ '%(USA)%'::text) OR ((note)::text ~~ '%(worldwide)%'::text)))"}]}, {"Node Type": "Index Scan", "Parent Relationship": "Inner", "Scan Direction": "Forward", "Index Name": "company_name_pkey", "Relation Name": "company_name", "Alias": "cn", "Startup Cost": 0.0, "Total Cost": 0.32, "Plan Rows": 1, "Plan Width": 4, "Index Cond": "(id = mc.company_id)", "Filter": "((country_code)::text = '[us]'::text)"}]}, {"Node Type": "Index Scan", "Parent Relationship": "Inner", "Scan Direction": "Forward", "Index Name": "char_name_pkey", "Relation Name": "char_name", "Alias": "chn", "Startup Cost": 0.0, "Total Cost": 0.5, "Plan Rows": 1, "Plan Width": 20, "Index Cond": "(id = ci.person_role_id)"}]}, {"Node Type": "Index Scan", "Parent Relationship": "Inner", "Scan Direction": "Forward", "Index Name": "title_pkey", "Relation Name": "title", "Alias": "t", "Startup Cost": 0.0, "Total Cost": 0.49, "Plan Rows": 1, "Plan Width": 21, "Index Cond": "(id = ci.movie_id)", "Filter": "((production_year >= 2005) AND (production_year <= 2015))"}]}]}, "Unique SQL Id": 3431223514, "Planner Runtime": 11}, "explain_analyze_plan": null}, "(64, 58)": {"explain_plan": {"Plan": {"Node Type": "Aggregate", "Strategy": "Plain", "Startup Cost": 574599.36, "Total Cost": 574599.37, "Plan Rows": 1, "Plan Width": 145, "Plans": [{"Node Type": "Nested Loop", "Parent Relationship": "Outer", "Join Type": "Inner", "Startup Cost": 282.75, "Total Cost": 574599.35, "Plan Rows": 1, "Plan Width": 49, "Inner Unique": true, "Join Filter": "(ci.movie_id = t.id)", "Plans": [{"Node Type": "Nested Loop", "Parent Relationship": "Outer", "Join Type": "Inner", "Startup Cost": 0.0, "Total Cost": 473714.79, "Plan Rows": 1, "Plan Width": 40, "Inner Unique": false, "Join Filter": "(n.id = an.person_id)", "Plans": [{"Node Type": "Nested Loop", "Parent Relationship": "Outer", "Join Type": "Inner", "Startup Cost": 0.0, "Total Cost": 442539.59, "Plan Rows": 1, "Plan Width": 32, "Inner Unique": false, "Join Filter": "(mc.company_id = cn.id)", "Plans": [{"Node Type": "Seq Scan", "Parent Relationship": "Outer", "Relation Name": "company_name", "Alias": "cn", "Startup Cost": 0.0, "Total Cost": 5903.45, "Plan Rows": 85170, "Plan Width": 4, "Filter": "((country_code)::text = '[us]'::text)"}, {"Node Type": "Materialize", "Parent Relationship": "Inner", "Startup Cost": 0.0, "Total Cost": 434081.05, "Plan Rows": 2, "Plan Width": 36, "Plans": [{"Node Type": "Nested Loop", "Parent Relationship": "Outer", "Join Type": "Inner", "Startup Cost": 0.0, "Total Cost": 434081.04, "Plan Rows": 2, "Plan Width": 36, "Inner Unique": false, "Join Filter": "(ci.movie_id = mc.movie_id)", "Plans": [{"Node Type": "Seq Scan", "Parent Relationship": "Outer", "Relation Name": "movie_companies", "Alias": "mc", "Startup Cost": 0.0, "Total Cost": 54862.92, "Plan Rows": 297072, "Plan Width": 8, "Filter": "((note IS NOT NULL) AND (((note)::text ~~ '%(USA)%'::text) OR ((note)::text ~~ '%(worldwide)%'::text))), (LLVM Optimized)"}, {"Node Type": "Materialize", "Parent Relationship": "Inner", "Startup Cost": 0.0, "Total Cost": 356937.73, "Plan Rows": 5, "Plan Width": 28, "Plans": [{"Node Type": "Streaming(type: LOCAL GATHER dop: 1/64)", "Parent Relationship": "Outer", "Startup Cost": 0.0, "Total Cost": 356937.71, "Plan Rows": 5, "Plan Width": 28, "Plans": [{"Node Type": "Nested Loop", "Parent Relationship": "Outer", "Join Type": "Inner", "Startup Cost": 0.0, "Total Cost": 356937.6, "Plan Rows": 5, "Plan Width": 28, "Inner Unique": false, "Join Filter": "(ci.person_role_id = chn.id)", "Plans": [{"Node Type": "Seq Scan", "Parent Relationship": "Outer", "Relation Name": "char_name", "Alias": "chn", "Startup Cost": 0.0, "Total Cost": 64054.58, "Plan Rows": 3140338, "Plan Width": 20}, {"Node Type": "Materialize", "Parent Relationship": "Inner", "Startup Cost": 0.0, "Total Cost": 284786.86, "Plan Rows": 704, "Plan Width": 16, "Plans": [{"Node Type": "Streaming(type: BROADCAST dop: 64/1)", "Parent Relationship": "Outer", "Startup Cost": 0.0, "Total Cost": 284786.81, "Plan Rows": 704, "Plan Width": 16, "Plans": [{"Node Type": "Nested Loop", "Parent Relationship": "Outer", "Join Type": "Inner", "Startup Cost": 0.0, "Total Cost": 221772.28, "Plan Rows": 11, "Plan Width": 16, "Inner Unique": false, "Join Filter": "(ci.role_id = rt.id)", "Plans": [{"Node Type": "Seq Scan", "Parent Relationship": "Outer", "Relation Name": "role_type", "Alias": "rt", "Startup Cost": 0.0, "Total Cost": 1.15, "Plan Rows": 1, "Plan Width": 4, "Filter": "((role)::text = 'actress'::text)"}, {"Node Type": "Materialize", "Parent Relationship": "Inner", "Startup Cost": 0.0, "Total Cost": 221769.96, "Plan Rows": 117, "Plan Width": 20, "Plans": [{"Node Type": "Streaming(type: LOCAL GATHER dop: 1/64)", "Parent Relationship": "Outer", "Startup Cost": 0.0, "Total Cost": 221769.67, "Plan Rows": 117, "Plan Width": 20, "Plans": [{"Node Type": "Nested Loop", "Parent Relationship": "Outer", "Join Type": "Inner", "Startup Cost": 0.0, "Total Cost": 221767.26, "Plan Rows": 117, "Plan Width": 20, "Inner Unique": true, "Join Filter": "(ci.person_id = n.id)", "Plans": [{"Node Type": "Seq Scan", "Parent Relationship": "Outer", "Relation Name": "cast_info", "Alias": "ci", "Startup Cost": 0.0, "Total Cost": 75237.12, "Plan Rows": 833163, "Plan Width": 16, "Filter": "((note)::text = ANY ('{(voice),\"(voice: Japanese version)\",\"(voice) (uncredited)\",\"(voice: English version)\"}'::text[]))"}, {"Node Type": "Materialize", "Parent Relationship": "Inner", "Startup Cost": 0.0, "Total Cost": 127784.21, "Plan Rows": 6144, "Plan Width": 4, "Plans": [{"Node Type": "Streaming(type: BROADCAST dop: 64/64)", "Parent Relationship": "Outer", "Startup Cost": 0.0, "Total Cost": 127783.73, "Plan Rows": 6144, "Plan Width": 4, "Plans": [{"Node Type": "Seq Scan", "Parent Relationship": "Outer", "Relation Name": "name", "Alias": "n", "Startup Cost": 0.0, "Total Cost": 64779.83, "Plan Rows": 96, "Plan Width": 4, "Filter": "(((name)::text ~~ '%Ang%'::text) AND ((gender)::text = 'f'::text))"}]}]}]}]}]}]}]}]}]}]}]}]}]}]}, {"Node Type": "Seq Scan", "Parent Relationship": "Inner", "Relation Name": "aka_name", "Alias": "an", "Startup Cost": 0.0, "Total Cost": 19908.42, "Plan Rows": 901342, "Plan Width": 20}]}, {"Node Type": "Materialize", "Parent Relationship": "Inner", "Startup Cost": 282.75, "Total Cost": 89792.33, "Plan Rows": 1109224, "Plan Width": 21, "Plans": [{"Node Type": "Streaming(type: LOCAL GATHER dop: 1/64)", "Parent Relationship": "Outer", "Startup Cost": 282.75, "Total Cost": 87019.27, "Plan Rows": 1109224, "Plan Width": 21, "Plans": [{"Node Type": "Seq Scan", "Parent Relationship": "Outer", "Relation Name": "title", "Alias": "t", "Startup Cost": 282.75, "Total Cost": 64136.1, "Plan Rows": 1109224, "Plan Width": 21, "Filter": "((production_year >= 2005) AND (production_year <= 2015)), (LLVM Optimized)"}]}]}]}]}, "Unique SQL Id": 3431223514, "Planner Runtime": 32}, "explain_analyze_plan": null}, "(64, 59)": {"explain_plan": {"Plan": {"Node Type": "Aggregate", "Strategy": "Plain", "Startup Cost": 8000201060142.55, "Total Cost": 8000201060142.56, "Plan Rows": 1, "Plan Width": 145, "Plans": [{"Node Type": "Nested Loop", "Parent Relationship": "Outer", "Join Type": "Inner", "Startup Cost": 80000000000.0, "Total Cost": 8000201060142.54, "Plan Rows": 1, "Plan Width": 49, "Inner Unique": false, "Join Filter": "(n.id = an.person_id)", "Plans": [{"Node Type": "Nested Loop", "Parent Relationship": "Outer", "Join Type": "Inner", "Startup Cost": 70000000000.0, "Total Cost": 7000201060108.87, "Plan Rows": 1, "Plan Width": 41, "Inner Unique": true, "Plans": [{"Node Type": "Nested Loop", "Parent Relationship": "Outer", "Join Type": "Inner", "Startup Cost": 60000000000.0, "Total Cost": 6000201060060.22, "Plan Rows": 1, "Plan Width": 32, "Inner Unique": true, "Join Filter": "(ci.person_role_id = chn.id)", "Plans": [{"Node Type": "Nested Loop", "Parent Relationship": "Outer", "Join Type": "Inner", "Startup Cost": 50000000000.0, "Total Cost": 5000187970453.73, "Plan Rows": 2, "Plan Width": 20, "Inner Unique": true, "Join Filter": "(mc.company_id = cn.id)", "Plans": [{"Node Type": "Nested Loop", "Parent Relationship": "Outer", "Join Type": "Inner", "Startup Cost": 40000000000.0, "Total Cost": 4000186914991.63, "Plan Rows": 4, "Plan Width": 24, "Inner Unique": false, "Join Filter": "(ci.movie_id = mc.movie_id)", "Plans": [{"Node Type": "Nested Loop", "Parent Relationship": "Outer", "Join Type": "Inner", "Startup Cost": 30000000000.0, "Total Cost": 3000173193318.09, "Plan Rows": 11, "Plan Width": 16, "Inner Unique": true, "Join Filter": "(ci.role_id = rt.id)", "Plans": [{"Node Type": "Nested Loop", "Parent Relationship": "Outer", "Join Type": "Inner", "Startup Cost": 20000000000.0, "Total Cost": 2000173192070.33, "Plan Rows": 117, "Plan Width": 20, "Inner Unique": false, "Join Filter": "(ci.person_id = n.id)", "Plans": [{"Node Type": "Index Scan", "Parent Relationship": "Outer", "Scan Direction": "Forward", "Index Name": "name_pkey", "Relation Name": "name", "Alias": "n", "Startup Cost": 10000000000.0, "Total Cost": 1000019707019.7, "Plan Rows": 96, "Plan Width": 4, "Filter": "(((name)::text ~~ '%Ang%'::text) AND ((gender)::text = 'f'::text))"}, {"Node Type": "Materialize", "Parent Relationship": "Inner", "Startup Cost": 10000000000.0, "Total Cost": 1000152287378.81, "Plan Rows": 833163, "Plan Width": 16, "Plans": [{"Node Type": "Index Scan", "Parent Relationship": "Outer", "Scan Direction": "Forward", "Index Name": "role_id_cast_info", "Relation Name": "cast_info", "Alias": "ci", "Startup Cost": 10000000000.0, "Total Cost": 1000152283213.0, "Plan Rows": 833163, "Plan Width": 16, "Filter": "((note)::text = ANY ('{(voice),\"(voice: Japanese version)\",\"(voice) (uncredited)\",\"(voice: English version)\"}'::text[]))"}]}]}, {"Node Type": "Materialize", "Parent Relationship": "Inner", "Startup Cost": 10000000000.0, "Total Cost": 1000000001246.0, "Plan Rows": 1, "Plan Width": 4, "Plans": [{"Node Type": "Index Scan", "Parent Relationship": "Outer", "Scan Direction": "Forward", "Index Name": "role_type_pkey", "Relation Name": "role_type", "Alias": "rt", "Startup Cost": 10000000000.0, "Total Cost": 1000000001246.0, "Plan Rows": 1, "Plan Width": 4, "Filter": "((role)::text = 'actress'::text)"}]}]}, {"Node Type": "Materialize", "Parent Relationship": "Inner", "Startup Cost": 10000000000.0, "Total Cost": 1000013673399.34, "Plan Rows": 297072, "Plan Width": 8, "Plans": [{"Node Type": "Index Scan", "Parent Relationship": "Outer", "Scan Direction": "Forward", "Index Name": "company_id_movie_companies", "Relation Name": "movie_companies", "Alias": "mc", "Startup Cost": 10000000000.0, "Total Cost": 1000013671913.98, "Plan Rows": 297072, "Plan Width": 8, "Filter": "((note IS NOT NULL) AND (((note)::text ~~ '%(USA)%'::text) OR ((note)::text ~~ '%(worldwide)%'::text))), (LLVM Optimized)"}]}]}, {"Node Type": "Materialize", "Parent Relationship": "Inner", "Startup Cost": 10000000000.0, "Total Cost": 1000001050564.82, "Plan Rows": 85170, "Plan Width": 4, "Plans": [{"Node Type": "Index Scan", "Parent Relationship": "Outer", "Scan Direction": "Forward", "Index Name": "company_name_pkey", "Relation Name": "company_name", "Alias": "cn", "Startup Cost": 10000000000.0, "Total Cost": 1000001050138.97, "Plan Rows": 85170, "Plan Width": 4, "Filter": "((country_code)::text = '[us]'::text)"}]}]}, {"Node Type": "Materialize", "Parent Relationship": "Inner", "Startup Cost": 10000000000.0, "Total Cost": 1000013003247.2, "Plan Rows": 3140338, "Plan Width": 20, "Plans": [{"Node Type": "Index Scan", "Parent Relationship": "Outer", "Scan Direction": "Forward", "Index Name": "char_name_pkey", "Relation Name": "char_name", "Alias": "chn", "Startup Cost": 10000000000.0, "Total Cost": 1000012987545.51, "Plan Rows": 3140338, "Plan Width": 20}]}]}, {"Node Type": "Index Scan", "Parent Relationship": "Inner", "Scan Direction": "Forward", "Index Name": "title_pkey", "Relation Name": "title", "Alias": "t", "Startup Cost": 10000000000.0, "Total Cost": 1000000000048.64, "Plan Rows": 1, "Plan Width": 21, "Index Cond": "(id = ci.movie_id)", "Filter": "((production_year >= 2005) AND (production_year <= 2015))"}]}, {"Node Type": "Index Scan", "Parent Relationship": "Inner", "Scan Direction": "Forward", "Index Name": "person_id_aka_name", "Relation Name": "aka_name", "Alias": "an", "Startup Cost": 10000000000.0, "Total Cost": 1000000000033.66, "Plan Rows": 1, "Plan Width": 20, "Index Cond": "(person_id = ci.person_id)"}]}]}, "Unique SQL Id": 3431223514, "Planner Runtime": 13}, "explain_analyze_plan": null}, "(64, 60)": {"explain_plan": {"Plan": {"Node Type": "Aggregate", "Strategy": "Plain", "Startup Cost": 65859.66, "Total Cost": 65859.67, "Plan Rows": 1, "Plan Width": 145, "Plans": [{"Node Type": "Nested Loop", "Parent Relationship": "Outer", "Join Type": "Inner", "Startup Cost": 0.0, "Total Cost": 65859.65, "Plan Rows": 1, "Plan Width": 49, "Inner Unique": true, "Plans": [{"Node Type": "Nested Loop", "Parent Relationship": "Outer", "Join Type": "Inner", "Startup Cost": 0.0, "Total Cost": 65859.16, "Plan Rows": 1, "Plan Width": 40, "Inner Unique": true, "Plans": [{"Node Type": "Nested Loop", "Parent Relationship": "Outer", "Join Type": "Inner", "Startup Cost": 0.0, "Total Cost": 65858.14, "Plan Rows": 2, "Plan Width": 28, "Inner Unique": true, "Plans": [{"Node Type": "Nested Loop", "Parent Relationship": "Outer", "Join Type": "Inner", "Startup Cost": 0.0, "Total Cost": 65856.5, "Plan Rows": 5, "Plan Width": 32, "Inner Unique": false, "Plans": [{"Node Type": "Nested Loop", "Parent Relationship": "Outer", "Join Type": "Inner", "Startup Cost": 0.0, "Total Cost": 65850.89, "Plan Rows": 13, "Plan Width": 24, "Inner Unique": false, "Join Filter": "(ci.role_id = rt.id)", "Plans": [{"Node Type": "Seq Scan", "Parent Relationship": "Outer", "Relation Name": "role_type", "Alias": "rt", "Startup Cost": 0.0, "Total Cost": 1.15, "Plan Rows": 1, "Plan Width": 4, "Filter": "((role)::text = 'actress'::text)"}, {"Node Type": "Materialize", "Parent Relationship": "Inner", "Startup Cost": 0.0, "Total Cost": 65848.33, "Plan Rows": 141, "Plan Width": 28, "Plans": [{"Node Type": "Nested Loop", "Parent Relationship": "Outer", "Join Type": "Inner", "Startup Cost": 0.0, "Total Cost": 65847.98, "Plan Rows": 141, "Plan Width": 28, "Inner Unique": false, "Join Filter": "(n.id = ci.person_id)", "Plans": [{"Node Type": "Nested Loop", "Parent Relationship": "Outer", "Join Type": "Inner", "Startup Cost": 0.0, "Total Cost": 65572.69, "Plan Rows": 115, "Plan Width": 24, "Inner Unique": false, "Plans": [{"Node Type": "Streaming(type: LOCAL GATHER dop: 1/64)", "Parent Relationship": "Outer", "Startup Cost": 0.0, "Total Cost": 64781.81, "Plan Rows": 96, "Plan Width": 4, "Plans": [{"Node Type": "Seq Scan", "Parent Relationship": "Outer", "Relation Name": "name", "Alias": "n", "Startup Cost": 0.0, "Total Cost": 64779.83, "Plan Rows": 96, "Plan Width": 4, "Filter": "(((name)::text ~~ '%Ang%'::text) AND ((gender)::text = 'f'::text))"}]}, {"Node Type": "Index Scan", "Parent Relationship": "Inner", "Scan Direction": "Forward", "Index Name": "person_id_aka_name", "Relation Name": "aka_name", "Alias": "an", "Startup Cost": 0.0, "Total Cost": 8.23, "Plan Rows": 1, "Plan Width": 20, "Index Cond": "(person_id = n.id)"}]}, {"Node Type": "Index Scan", "Parent Relationship": "Inner", "Scan Direction": "Forward", "Index Name": "person_id_cast_info", "Relation Name": "cast_info", "Alias": "ci", "Startup Cost": 0.0, "Total Cost": 2.38, "Plan Rows": 1, "Plan Width": 16, "Index Cond": "(person_id = an.person_id)", "Filter": "((note)::text = ANY ('{(voice),\"(voice: Japanese version)\",\"(voice) (uncredited)\",\"(voice: English version)\"}'::text[]))"}]}]}]}, {"Node Type": "Index Scan", "Parent Relationship": "Inner", "Scan Direction": "Forward", "Index Name": "movie_id_movie_companies", "Relation Name": "movie_companies", "Alias": "mc", "Startup Cost": 0.0, "Total Cost": 0.42, "Plan Rows": 1, "Plan Width": 8, "Index Cond": "(movie_id = ci.movie_id)", "Filter": "((note IS NOT NULL) AND (((note)::text ~~ '%(USA)%'::text) OR ((note)::text ~~ '%(worldwide)%'::text)))"}]}, {"Node Type": "Index Scan", "Parent Relationship": "Inner", "Scan Direction": "Forward", "Index Name": "company_name_pkey", "Relation Name": "company_name", "Alias": "cn", "Startup Cost": 0.0, "Total Cost": 0.32, "Plan Rows": 1, "Plan Width": 4, "Index Cond": "(id = mc.company_id)", "Filter": "((country_code)::text = '[us]'::text)"}]}, {"Node Type": "Index Scan", "Parent Relationship": "Inner", "Scan Direction": "Forward", "Index Name": "char_name_pkey", "Relation Name": "char_name", "Alias": "chn", "Startup Cost": 0.0, "Total Cost": 0.5, "Plan Rows": 1, "Plan Width": 20, "Index Cond": "(id = ci.person_role_id)"}]}, {"Node Type": "Index Scan", "Parent Relationship": "Inner", "Scan Direction": "Forward", "Index Name": "title_pkey", "Relation Name": "title", "Alias": "t", "Startup Cost": 0.0, "Total Cost": 0.49, "Plan Rows": 1, "Plan Width": 21, "Index Cond": "(id = ci.movie_id)", "Filter": "((production_year >= 2005) AND (production_year <= 2015))"}]}]}, "Unique SQL Id": 3431223514, "Planner Runtime": 16}, "explain_analyze_plan": {"Plan": {"Node Type": "Aggregate", "Strategy": "Plain", "Startup Cost": 65859.66, "Total Cost": 65859.67, "Plan Rows": 1, "Plan Width": 145, "Actual Min Startup Time": 278.751, "Actual Max Startup Time": 278.751, "Actual Min Total Time": 278.751, "Actual Max Total Time": 278.751, "Plans": [{"Node Type": "Nested Loop", "Parent Relationship": "Outer", "Join Type": "Inner", "Startup Cost": 0.0, "Total Cost": 65859.65, "Plan Rows": 1, "Plan Width": 49, "Actual Min Startup Time": 269.585, "Actual Max Startup Time": 269.585, "Actual Min Total Time": 278.613, "Actual Max Total Time": 278.613, "Inner Unique": true, "Plans": [{"Node Type": "Nested Loop", "Parent Relationship": "Outer", "Join Type": "Inner", "Startup Cost": 0.0, "Total Cost": 65859.16, "Plan Rows": 1, "Plan Width": 40, "Actual Min Startup Time": 268.876, "Actual Max Startup Time": 268.876, "Actual Min Total Time": 276.683, "Actual Max Total Time": 276.683, "Inner Unique": true, "Plans": [{"Node Type": "Nested Loop", "Parent Relationship": "Outer", "Join Type": "Inner", "Startup Cost": 0.0, "Total Cost": 65858.14, "Plan Rows": 2, "Plan Width": 28, "Actual Min Startup Time": 268.861, "Actual Max Startup Time": 268.861, "Actual Min Total Time": 275.129, "Actual Max Total Time": 275.129, "Inner Unique": true, "Plans": [{"Node Type": "Nested Loop", "Parent Relationship": "Outer", "Join Type": "Inner", "Startup Cost": 0.0, "Total Cost": 65856.5, "Plan Rows": 5, "Plan Width": 32, "Actual Min Startup Time": 268.839, "Actual Max Startup Time": 268.839, "Actual Min Total Time": 273.251, "Actual Max Total Time": 273.251, "Inner Unique": false, "Plans": [{"Node Type": "Nested Loop", "Parent Relationship": "Outer", "Join Type": "Inner", "Startup Cost": 0.0, "Total Cost": 65850.89, "Plan Rows": 13, "Plan Width": 24, "Actual Min Startup Time": 268.561, "Actual Max Startup Time": 268.561, "Actual Min Total Time": 268.833, "Actual Max Total Time": 268.833, "Inner Unique": false, "Join Filter": "(ci.role_id = rt.id)", "Rows Removed by Join Filter": 0, "Plans": [{"Node Type": "Seq Scan", "Parent Relationship": "Outer", "Relation Name": "role_type", "Alias": "rt", "Startup Cost": 0.0, "Total Cost": 1.15, "Plan Rows": 1, "Plan Width": 4, "Actual Min Startup Time": 0.02, "Actual Max Startup Time": 0.02, "Actual Min Total Time": 0.025, "Actual Max Total Time": 0.025, "Filter": "((role)::text = 'actress'::text)", "Rows Removed by Filter": 11, "Actual Rows": 1}, {"Node Type": "Materialize", "Parent Relationship": "Inner", "Startup Cost": 0.0, "Total Cost": 65848.33, "Plan Rows": 141, "Plan Width": 28, "Actual Min Startup Time": 268.53, "Actual Max Startup Time": 268.53, "Actual Min Total Time": 268.596, "Actual Max Total Time": 268.596, "Plans": [{"Node Type": "Nested Loop", "Parent Relationship": "Outer", "Join Type": "Inner", "Startup Cost": 0.0, "Total Cost": 65847.98, "Plan Rows": 141, "Plan Width": 28, "Actual Min Startup Time": 116.037, "Actual Max Startup Time": 116.037, "Actual Min Total Time": 268.336, "Actual Max Total Time": 268.336, "Inner Unique": false, "Join Filter": "(n.id = ci.person_id)", "Rows Removed by Join Filter": 0, "Plans": [{"Node Type": "Nested Loop", "Parent Relationship": "Outer", "Join Type": "Inner", "Startup Cost": 0.0, "Total Cost": 65572.69, "Plan Rows": 115, "Plan Width": 24, "Actual Min Startup Time": 115.641, "Actual Max Startup Time": 115.641, "Actual Min Total Time": 213.771, "Actual Max Total Time": 213.771, "Inner Unique": false, "Plans": [{"Node Type": "Streaming(type: LOCAL GATHER dop: 1/64)", "Parent Relationship": "Outer", "Startup Cost": 0.0, "Total Cost": 64781.81, "Plan Rows": 96, "Plan Width": 4, "Actual Min Startup Time": 115.588, "Actual Max Startup Time": 115.588, "Actual Min Total Time": 189.366, "Actual Max Total Time": 189.366, "Plans": [{"Node Type": "Seq Scan", "Parent Relationship": "Outer", "Relation Name": "name", "Alias": "n", "Startup Cost": 0.0, "Total Cost": 64779.83, "Plan Rows": 96, "Plan Width": 4, "Actual Min Startup Time": 9.393, "Actual Max Startup Time": 14.192, "Actual Min Total Time": 25.316, "Actual Max Total Time": 30.862, "Filter": "(((name)::text ~~ '%Ang%'::text) AND ((gender)::text = 'f'::text))", "Rows Removed by Filter": 4160722, "Actual Rows": 6768}], "Actual Rows": 6768}, {"Node Type": "Index Scan", "Parent Relationship": "Inner", "Scan Direction": "Forward", "Index Name": "person_id_aka_name", "Relation Name": "aka_name", "Alias": "an", "Startup Cost": 0.0, "Total Cost": 8.23, "Plan Rows": 1, "Plan Width": 20, "Actual Min Startup Time": 20.047, "Actual Max Startup Time": 20.047, "Actual Min Total Time": 20.97, "Actual Max Total Time": 20.97, "Index Cond": "(person_id = n.id)", "Rows Removed by Index Recheck": 0, "Actual Rows": 1558}], "Actual Rows": 1558}, {"Node Type": "Index Scan", "Parent Relationship": "Inner", "Scan Direction": "Forward", "Index Name": "person_id_cast_info", "Relation Name": "cast_info", "Alias": "ci", "Startup Cost": 0.0, "Total Cost": 2.38, "Plan Rows": 1, "Plan Width": 16, "Actual Min Startup Time": 48.598, "Actual Max Startup Time": 48.598, "Actual Min Total Time": 53.659, "Actual Max Total Time": 53.659, "Index Cond": "(person_id = an.person_id)", "Rows Removed by Index Recheck": 0, "Filter": "((note)::text = ANY ('{(voice),\"(voice: Japanese version)\",\"(voice) (uncredited)\",\"(voice: English version)\"}'::text[]))", "Rows Removed by Filter": 69057, "Actual Rows": 425}], "Actual Rows": 425}], "Actual Rows": 426}], "Actual Rows": 425}, {"Node Type": "Index Scan", "Parent Relationship": "Inner", "Scan Direction": "Forward", "Index Name": "movie_id_movie_companies", "Relation Name": "movie_companies", "Alias": "mc", "Startup Cost": 0.0, "Total Cost": 0.42, "Plan Rows": 1, "Plan Width": 8, "Actual Min Startup Time": 2.893, "Actual Max Startup Time": 2.893, "Actual Min Total Time": 4.118, "Actual Max Total Time": 4.118, "Index Cond": "(movie_id = ci.movie_id)", "Rows Removed by Index Recheck": 0, "Filter": "((note IS NOT NULL) AND (((note)::text ~~ '%(USA)%'::text) OR ((note)::text ~~ '%(worldwide)%'::text)))", "Rows Removed by Filter": 1538, "Actual Rows": 373}], "Actual Rows": 373}, {"Node Type": "Index Scan", "Parent Relationship": "Inner", "Scan Direction": "Forward", "Index Name": "company_name_pkey", "Relation Name": "company_name", "Alias": "cn", "Startup Cost": 0.0, "Total Cost": 0.32, "Plan Rows": 1, "Plan Width": 4, "Actual Min Startup Time": 1.59, "Actual Max Startup Time": 1.59, "Actual Min Total Time": 1.59, "Actual Max Total Time": 1.59, "Index Cond": "(id = mc.company_id)", "Rows Removed by Index Recheck": 0, "Filter": "((country_code)::text = '[us]'::text)", "Rows Removed by Filter": 14, "Actual Rows": 359}], "Actual Rows": 359}, {"Node Type": "Index Scan", "Parent Relationship": "Inner", "Scan Direction": "Forward", "Index Name": "char_name_pkey", "Relation Name": "char_name", "Alias": "chn", "Startup Cost": 0.0, "Total Cost": 0.5, "Plan Rows": 1, "Plan Width": 20, "Actual Min Startup Time": 1.233, "Actual Max Startup Time": 1.233, "Actual Min Total Time": 1.233, "Actual Max Total Time": 1.233, "Index Cond": "(id = ci.person_role_id)", "Rows Removed by Index Recheck": 0, "Actual Rows": 341}], "Actual Rows": 341}, {"Node Type": "Index Scan", "Parent Relationship": "Inner", "Scan Direction": "Forward", "Index Name": "title_pkey", "Relation Name": "title", "Alias": "t", "Startup Cost": 0.0, "Total Cost": 0.49, "Plan Rows": 1, "Plan Width": 21, "Actual Min Startup Time": 1.72, "Actual Max Startup Time": 1.72, "Actual Min Total Time": 1.72, "Actual Max Total Time": 1.72, "Index Cond": "(id = ci.movie_id)", "Rows Removed by Index Recheck": 0, "Filter": "((production_year >= 2005) AND (production_year <= 2015))", "Rows Removed by Filter": 220, "Actual Rows": 121}], "Actual Rows": 121}], "Actual Rows": 1}, "Triggers": [], "Planner Runtime": 16, "Total Runtime": 291.03, "Unique SQL Id": 3431223514}}, "(64, 61)": {"explain_plan": {"Plan": {"Node Type": "Aggregate", "Strategy": "Plain", "Startup Cost": 198159.35, "Total Cost": 198159.36, "Plan Rows": 1, "Plan Width": 145, "Plans": [{"Node Type": "Nested Loop", "Parent Relationship": "Outer", "Join Type": "Inner", "Startup Cost": 0.0, "Total Cost": 198159.35, "Plan Rows": 1, "Plan Width": 49, "Inner Unique": true, "Plans": [{"Node Type": "Nested Loop", "Parent Relationship": "Outer", "Join Type": "Inner", "Startup Cost": 0.0, "Total Cost": 198158.85, "Plan Rows": 1, "Plan Width": 40, "Inner Unique": true, "Plans": [{"Node Type": "Nested Loop", "Parent Relationship": "Outer", "Join Type": "Inner", "Startup Cost": 0.0, "Total Cost": 198157.83, "Plan Rows": 2, "Plan Width": 28, "Inner Unique": true, "Plans": [{"Node Type": "Nested Loop", "Parent Relationship": "Outer", "Join Type": "Inner", "Startup Cost": 0.0, "Total Cost": 198156.19, "Plan Rows": 5, "Plan Width": 32, "Inner Unique": false, "Plans": [{"Node Type": "Nested Loop", "Parent Relationship": "Outer", "Join Type": "Inner", "Startup Cost": 0.0, "Total Cost": 198150.58, "Plan Rows": 13, "Plan Width": 24, "Inner Unique": false, "Join Filter": "(ci.role_id = rt.id)", "Plans": [{"Node Type": "Index Scan", "Parent Relationship": "Outer", "Scan Direction": "Forward", "Index Name": "role_type_pkey", "Relation Name": "role_type", "Alias": "rt", "Startup Cost": 0.0, "Total Cost": 12.46, "Plan Rows": 1, "Plan Width": 4, "Filter": "((role)::text = 'actress'::text)"}, {"Node Type": "Nested Loop", "Parent Relationship": "Inner", "Join Type": "Inner", "Startup Cost": 0.0, "Total Cost": 198136.36, "Plan Rows": 141, "Plan Width": 28, "Inner Unique": false, "Join Filter": "(n.id = ci.person_id)", "Plans": [{"Node Type": "Nested Loop", "Parent Relationship": "Outer", "Join Type": "Inner", "Startup Cost": 0.0, "Total Cost": 197861.08, "Plan Rows": 115, "Plan Width": 24, "Inner Unique": false, "Plans": [{"Node Type": "Index Scan", "Parent Relationship": "Outer", "Scan Direction": "Forward", "Index Name": "name_pkey", "Relation Name": "name", "Alias": "n", "Startup Cost": 0.0, "Total Cost": 197070.2, "Plan Rows": 96, "Plan Width": 4, "Filter": "(((name)::text ~~ '%Ang%'::text) AND ((gender)::text = 'f'::text))"}, {"Node Type": "Index Scan", "Parent Relationship": "Inner", "Scan Direction": "Forward", "Index Name": "person_id_aka_name", "Relation Name": "aka_name", "Alias": "an", "Startup Cost": 0.0, "Total Cost": 8.23, "Plan Rows": 1, "Plan Width": 20, "Index Cond": "(person_id = n.id)"}]}, {"Node Type": "Index Scan", "Parent Relationship": "Inner", "Scan Direction": "Forward", "Index Name": "person_id_cast_info", "Relation Name": "cast_info", "Alias": "ci", "Startup Cost": 0.0, "Total Cost": 2.38, "Plan Rows": 1, "Plan Width": 16, "Index Cond": "(person_id = an.person_id)", "Filter": "((note)::text = ANY ('{(voice),\"(voice: Japanese version)\",\"(voice) (uncredited)\",\"(voice: English version)\"}'::text[]))"}]}]}, {"Node Type": "Index Scan", "Parent Relationship": "Inner", "Scan Direction": "Forward", "Index Name": "movie_id_movie_companies", "Relation Name": "movie_companies", "Alias": "mc", "Startup Cost": 0.0, "Total Cost": 0.42, "Plan Rows": 1, "Plan Width": 8, "Index Cond": "(movie_id = ci.movie_id)", "Filter": "((note IS NOT NULL) AND (((note)::text ~~ '%(USA)%'::text) OR ((note)::text ~~ '%(worldwide)%'::text)))"}]}, {"Node Type": "Index Scan", "Parent Relationship": "Inner", "Scan Direction": "Forward", "Index Name": "company_name_pkey", "Relation Name": "company_name", "Alias": "cn", "Startup Cost": 0.0, "Total Cost": 0.32, "Plan Rows": 1, "Plan Width": 4, "Index Cond": "(id = mc.company_id)", "Filter": "((country_code)::text = '[us]'::text)"}]}, {"Node Type": "Index Scan", "Parent Relationship": "Inner", "Scan Direction": "Forward", "Index Name": "char_name_pkey", "Relation Name": "char_name", "Alias": "chn", "Startup Cost": 0.0, "Total Cost": 0.5, "Plan Rows": 1, "Plan Width": 20, "Index Cond": "(id = ci.person_role_id)"}]}, {"Node Type": "Index Scan", "Parent Relationship": "Inner", "Scan Direction": "Forward", "Index Name": "title_pkey", "Relation Name": "title", "Alias": "t", "Startup Cost": 0.0, "Total Cost": 0.49, "Plan Rows": 1, "Plan Width": 21, "Index Cond": "(id = ci.movie_id)", "Filter": "((production_year >= 2005) AND (production_year <= 2015))"}]}]}, "Unique SQL Id": 3431223514, "Planner Runtime": 12}, "explain_analyze_plan": null}, "(64, 62)": {"explain_plan": {"Plan": {"Node Type": "Aggregate", "Strategy": "Plain", "Startup Cost": 574599.36, "Total Cost": 574599.37, "Plan Rows": 1, "Plan Width": 145, "Plans": [{"Node Type": "Nested Loop", "Parent Relationship": "Outer", "Join Type": "Inner", "Startup Cost": 282.75, "Total Cost": 574599.35, "Plan Rows": 1, "Plan Width": 49, "Inner Unique": true, "Join Filter": "(ci.movie_id = t.id)", "Plans": [{"Node Type": "Nested Loop", "Parent Relationship": "Outer", "Join Type": "Inner", "Startup Cost": 0.0, "Total Cost": 473714.79, "Plan Rows": 1, "Plan Width": 40, "Inner Unique": false, "Join Filter": "(n.id = an.person_id)", "Plans": [{"Node Type": "Nested Loop", "Parent Relationship": "Outer", "Join Type": "Inner", "Startup Cost": 0.0, "Total Cost": 442539.59, "Plan Rows": 1, "Plan Width": 32, "Inner Unique": false, "Join Filter": "(mc.company_id = cn.id)", "Plans": [{"Node Type": "Seq Scan", "Parent Relationship": "Outer", "Relation Name": "company_name", "Alias": "cn", "Startup Cost": 0.0, "Total Cost": 5903.45, "Plan Rows": 85170, "Plan Width": 4, "Filter": "((country_code)::text = '[us]'::text)"}, {"Node Type": "Materialize", "Parent Relationship": "Inner", "Startup Cost": 0.0, "Total Cost": 434081.05, "Plan Rows": 2, "Plan Width": 36, "Plans": [{"Node Type": "Nested Loop", "Parent Relationship": "Outer", "Join Type": "Inner", "Startup Cost": 0.0, "Total Cost": 434081.04, "Plan Rows": 2, "Plan Width": 36, "Inner Unique": false, "Join Filter": "(ci.movie_id = mc.movie_id)", "Plans": [{"Node Type": "Seq Scan", "Parent Relationship": "Outer", "Relation Name": "movie_companies", "Alias": "mc", "Startup Cost": 0.0, "Total Cost": 54862.92, "Plan Rows": 297072, "Plan Width": 8, "Filter": "((note IS NOT NULL) AND (((note)::text ~~ '%(USA)%'::text) OR ((note)::text ~~ '%(worldwide)%'::text))), (LLVM Optimized)"}, {"Node Type": "Materialize", "Parent Relationship": "Inner", "Startup Cost": 0.0, "Total Cost": 356937.73, "Plan Rows": 5, "Plan Width": 28, "Plans": [{"Node Type": "Streaming(type: LOCAL GATHER dop: 1/64)", "Parent Relationship": "Outer", "Startup Cost": 0.0, "Total Cost": 356937.71, "Plan Rows": 5, "Plan Width": 28, "Plans": [{"Node Type": "Nested Loop", "Parent Relationship": "Outer", "Join Type": "Inner", "Startup Cost": 0.0, "Total Cost": 356937.6, "Plan Rows": 5, "Plan Width": 28, "Inner Unique": false, "Join Filter": "(ci.person_role_id = chn.id)", "Plans": [{"Node Type": "Seq Scan", "Parent Relationship": "Outer", "Relation Name": "char_name", "Alias": "chn", "Startup Cost": 0.0, "Total Cost": 64054.58, "Plan Rows": 3140338, "Plan Width": 20}, {"Node Type": "Materialize", "Parent Relationship": "Inner", "Startup Cost": 0.0, "Total Cost": 284786.86, "Plan Rows": 704, "Plan Width": 16, "Plans": [{"Node Type": "Streaming(type: BROADCAST dop: 64/1)", "Parent Relationship": "Outer", "Startup Cost": 0.0, "Total Cost": 284786.81, "Plan Rows": 704, "Plan Width": 16, "Plans": [{"Node Type": "Nested Loop", "Parent Relationship": "Outer", "Join Type": "Inner", "Startup Cost": 0.0, "Total Cost": 221772.28, "Plan Rows": 11, "Plan Width": 16, "Inner Unique": false, "Join Filter": "(ci.role_id = rt.id)", "Plans": [{"Node Type": "Seq Scan", "Parent Relationship": "Outer", "Relation Name": "role_type", "Alias": "rt", "Startup Cost": 0.0, "Total Cost": 1.15, "Plan Rows": 1, "Plan Width": 4, "Filter": "((role)::text = 'actress'::text)"}, {"Node Type": "Materialize", "Parent Relationship": "Inner", "Startup Cost": 0.0, "Total Cost": 221769.96, "Plan Rows": 117, "Plan Width": 20, "Plans": [{"Node Type": "Streaming(type: LOCAL GATHER dop: 1/64)", "Parent Relationship": "Outer", "Startup Cost": 0.0, "Total Cost": 221769.67, "Plan Rows": 117, "Plan Width": 20, "Plans": [{"Node Type": "Nested Loop", "Parent Relationship": "Outer", "Join Type": "Inner", "Startup Cost": 0.0, "Total Cost": 221767.26, "Plan Rows": 117, "Plan Width": 20, "Inner Unique": true, "Join Filter": "(ci.person_id = n.id)", "Plans": [{"Node Type": "Seq Scan", "Parent Relationship": "Outer", "Relation Name": "cast_info", "Alias": "ci", "Startup Cost": 0.0, "Total Cost": 75237.12, "Plan Rows": 833163, "Plan Width": 16, "Filter": "((note)::text = ANY ('{(voice),\"(voice: Japanese version)\",\"(voice) (uncredited)\",\"(voice: English version)\"}'::text[]))"}, {"Node Type": "Materialize", "Parent Relationship": "Inner", "Startup Cost": 0.0, "Total Cost": 127784.21, "Plan Rows": 6144, "Plan Width": 4, "Plans": [{"Node Type": "Streaming(type: BROADCAST dop: 64/64)", "Parent Relationship": "Outer", "Startup Cost": 0.0, "Total Cost": 127783.73, "Plan Rows": 6144, "Plan Width": 4, "Plans": [{"Node Type": "Seq Scan", "Parent Relationship": "Outer", "Relation Name": "name", "Alias": "n", "Startup Cost": 0.0, "Total Cost": 64779.83, "Plan Rows": 96, "Plan Width": 4, "Filter": "(((name)::text ~~ '%Ang%'::text) AND ((gender)::text = 'f'::text))"}]}]}]}]}]}]}]}]}]}]}]}]}]}]}, {"Node Type": "Seq Scan", "Parent Relationship": "Inner", "Relation Name": "aka_name", "Alias": "an", "Startup Cost": 0.0, "Total Cost": 19908.42, "Plan Rows": 901342, "Plan Width": 20}]}, {"Node Type": "Materialize", "Parent Relationship": "Inner", "Startup Cost": 282.75, "Total Cost": 89792.33, "Plan Rows": 1109224, "Plan Width": 21, "Plans": [{"Node Type": "Streaming(type: LOCAL GATHER dop: 1/64)", "Parent Relationship": "Outer", "Startup Cost": 282.75, "Total Cost": 87019.27, "Plan Rows": 1109224, "Plan Width": 21, "Plans": [{"Node Type": "Seq Scan", "Parent Relationship": "Outer", "Relation Name": "title", "Alias": "t", "Startup Cost": 282.75, "Total Cost": 64136.1, "Plan Rows": 1109224, "Plan Width": 21, "Filter": "((production_year >= 2005) AND (production_year <= 2015)), (LLVM Optimized)"}]}]}]}]}, "Unique SQL Id": 3431223514, "Planner Runtime": 32}, "explain_analyze_plan": null}, "(64, 63)": {"explain_plan": {"Plan": {"Node Type": "Aggregate", "Strategy": "Plain", "Startup Cost": 8000201060142.55, "Total Cost": 8000201060142.56, "Plan Rows": 1, "Plan Width": 145, "Plans": [{"Node Type": "Nested Loop", "Parent Relationship": "Outer", "Join Type": "Inner", "Startup Cost": 80000000000.0, "Total Cost": 8000201060142.54, "Plan Rows": 1, "Plan Width": 49, "Inner Unique": false, "Join Filter": "(n.id = an.person_id)", "Plans": [{"Node Type": "Nested Loop", "Parent Relationship": "Outer", "Join Type": "Inner", "Startup Cost": 70000000000.0, "Total Cost": 7000201060108.87, "Plan Rows": 1, "Plan Width": 41, "Inner Unique": true, "Plans": [{"Node Type": "Nested Loop", "Parent Relationship": "Outer", "Join Type": "Inner", "Startup Cost": 60000000000.0, "Total Cost": 6000201060060.22, "Plan Rows": 1, "Plan Width": 32, "Inner Unique": true, "Join Filter": "(ci.person_role_id = chn.id)", "Plans": [{"Node Type": "Nested Loop", "Parent Relationship": "Outer", "Join Type": "Inner", "Startup Cost": 50000000000.0, "Total Cost": 5000187970453.73, "Plan Rows": 2, "Plan Width": 20, "Inner Unique": true, "Join Filter": "(mc.company_id = cn.id)", "Plans": [{"Node Type": "Nested Loop", "Parent Relationship": "Outer", "Join Type": "Inner", "Startup Cost": 40000000000.0, "Total Cost": 4000186914991.63, "Plan Rows": 4, "Plan Width": 24, "Inner Unique": false, "Join Filter": "(ci.movie_id = mc.movie_id)", "Plans": [{"Node Type": "Nested Loop", "Parent Relationship": "Outer", "Join Type": "Inner", "Startup Cost": 30000000000.0, "Total Cost": 3000173193318.09, "Plan Rows": 11, "Plan Width": 16, "Inner Unique": true, "Join Filter": "(ci.role_id = rt.id)", "Plans": [{"Node Type": "Nested Loop", "Parent Relationship": "Outer", "Join Type": "Inner", "Startup Cost": 20000000000.0, "Total Cost": 2000173192070.33, "Plan Rows": 117, "Plan Width": 20, "Inner Unique": false, "Join Filter": "(ci.person_id = n.id)", "Plans": [{"Node Type": "Index Scan", "Parent Relationship": "Outer", "Scan Direction": "Forward", "Index Name": "name_pkey", "Relation Name": "name", "Alias": "n", "Startup Cost": 10000000000.0, "Total Cost": 1000019707019.7, "Plan Rows": 96, "Plan Width": 4, "Filter": "(((name)::text ~~ '%Ang%'::text) AND ((gender)::text = 'f'::text))"}, {"Node Type": "Materialize", "Parent Relationship": "Inner", "Startup Cost": 10000000000.0, "Total Cost": 1000152287378.81, "Plan Rows": 833163, "Plan Width": 16, "Plans": [{"Node Type": "Index Scan", "Parent Relationship": "Outer", "Scan Direction": "Forward", "Index Name": "role_id_cast_info", "Relation Name": "cast_info", "Alias": "ci", "Startup Cost": 10000000000.0, "Total Cost": 1000152283213.0, "Plan Rows": 833163, "Plan Width": 16, "Filter": "((note)::text = ANY ('{(voice),\"(voice: Japanese version)\",\"(voice) (uncredited)\",\"(voice: English version)\"}'::text[]))"}]}]}, {"Node Type": "Materialize", "Parent Relationship": "Inner", "Startup Cost": 10000000000.0, "Total Cost": 1000000001246.0, "Plan Rows": 1, "Plan Width": 4, "Plans": [{"Node Type": "Index Scan", "Parent Relationship": "Outer", "Scan Direction": "Forward", "Index Name": "role_type_pkey", "Relation Name": "role_type", "Alias": "rt", "Startup Cost": 10000000000.0, "Total Cost": 1000000001246.0, "Plan Rows": 1, "Plan Width": 4, "Filter": "((role)::text = 'actress'::text)"}]}]}, {"Node Type": "Materialize", "Parent Relationship": "Inner", "Startup Cost": 10000000000.0, "Total Cost": 1000013673399.34, "Plan Rows": 297072, "Plan Width": 8, "Plans": [{"Node Type": "Index Scan", "Parent Relationship": "Outer", "Scan Direction": "Forward", "Index Name": "company_id_movie_companies", "Relation Name": "movie_companies", "Alias": "mc", "Startup Cost": 10000000000.0, "Total Cost": 1000013671913.98, "Plan Rows": 297072, "Plan Width": 8, "Filter": "((note IS NOT NULL) AND (((note)::text ~~ '%(USA)%'::text) OR ((note)::text ~~ '%(worldwide)%'::text))), (LLVM Optimized)"}]}]}, {"Node Type": "Materialize", "Parent Relationship": "Inner", "Startup Cost": 10000000000.0, "Total Cost": 1000001050564.82, "Plan Rows": 85170, "Plan Width": 4, "Plans": [{"Node Type": "Index Scan", "Parent Relationship": "Outer", "Scan Direction": "Forward", "Index Name": "company_name_pkey", "Relation Name": "company_name", "Alias": "cn", "Startup Cost": 10000000000.0, "Total Cost": 1000001050138.97, "Plan Rows": 85170, "Plan Width": 4, "Filter": "((country_code)::text = '[us]'::text)"}]}]}, {"Node Type": "Materialize", "Parent Relationship": "Inner", "Startup Cost": 10000000000.0, "Total Cost": 1000013003247.2, "Plan Rows": 3140338, "Plan Width": 20, "Plans": [{"Node Type": "Index Scan", "Parent Relationship": "Outer", "Scan Direction": "Forward", "Index Name": "char_name_pkey", "Relation Name": "char_name", "Alias": "chn", "Startup Cost": 10000000000.0, "Total Cost": 1000012987545.51, "Plan Rows": 3140338, "Plan Width": 20}]}]}, {"Node Type": "Index Scan", "Parent Relationship": "Inner", "Scan Direction": "Forward", "Index Name": "title_pkey", "Relation Name": "title", "Alias": "t", "Startup Cost": 10000000000.0, "Total Cost": 1000000000048.64, "Plan Rows": 1, "Plan Width": 21, "Index Cond": "(id = ci.movie_id)", "Filter": "((production_year >= 2005) AND (production_year <= 2015))"}]}, {"Node Type": "Index Scan", "Parent Relationship": "Inner", "Scan Direction": "Forward", "Index Name": "person_id_aka_name", "Relation Name": "aka_name", "Alias": "an", "Startup Cost": 10000000000.0, "Total Cost": 1000000000033.66, "Plan Rows": 1, "Plan Width": 20, "Index Cond": "(person_id = ci.person_id)"}]}]}, "Unique SQL Id": 3431223514, "Planner Runtime": 13}, "explain_analyze_plan": null}, "(64, 64)": {"explain_plan": {"Plan": {"Node Type": "Aggregate", "Strategy": "Plain", "Startup Cost": 65897.13, "Total Cost": 65897.14, "Plan Rows": 1, "Plan Width": 145, "Plans": [{"Node Type": "Nested Loop", "Parent Relationship": "Outer", "Join Type": "Inner", "Startup Cost": 0.0, "Total Cost": 65897.12, "Plan Rows": 1, "Plan Width": 49, "Inner Unique": true, "Plans": [{"Node Type": "Nested Loop", "Parent Relationship": "Outer", "Join Type": "Inner", "Startup Cost": 0.0, "Total Cost": 65896.62, "Plan Rows": 1, "Plan Width": 40, "Inner Unique": true, "Plans": [{"Node Type": "Nested Loop", "Parent Relationship": "Outer", "Join Type": "Inner", "Startup Cost": 0.0, "Total Cost": 65895.97, "Plan Rows": 2, "Plan Width": 44, "Inner Unique": true, "Plans": [{"Node Type": "Nested Loop", "Parent Relationship": "Outer", "Join Type": "Inner", "Startup Cost": 0.0, "Total Cost": 65893.42, "Plan Rows": 5, "Plan Width": 32, "Inner Unique": false, "Plans": [{"Node Type": "Nested Loop", "Parent Relationship": "Outer", "Join Type": "Inner", "Startup Cost": 0.0, "Total Cost": 65887.81, "Plan Rows": 13, "Plan Width": 24, "Inner Unique": true, "Plans": [{"Node Type": "Nested Loop", "Parent Relationship": "Outer", "Join Type": "Inner", "Startup Cost": 0.0, "Total Cost": 65847.98, "Plan Rows": 141, "Plan Width": 28, "Inner Unique": false, "Join Filter": "(n.id = ci.person_id)", "Plans": [{"Node Type": "Nested Loop", "Parent Relationship": "Outer", "Join Type": "Inner", "Startup Cost": 0.0, "Total Cost": 65572.69, "Plan Rows": 115, "Plan Width": 24, "Inner Unique": false, "Plans": [{"Node Type": "Streaming(type: LOCAL GATHER dop: 1/64)", "Parent Relationship": "Outer", "Startup Cost": 0.0, "Total Cost": 64781.81, "Plan Rows": 96, "Plan Width": 4, "Plans": [{"Node Type": "Seq Scan", "Parent Relationship": "Outer", "Relation Name": "name", "Alias": "n", "Startup Cost": 0.0, "Total Cost": 64779.83, "Plan Rows": 96, "Plan Width": 4, "Filter": "(((name)::text ~~ '%Ang%'::text) AND ((gender)::text = 'f'::text))"}]}, {"Node Type": "Index Scan", "Parent Relationship": "Inner", "Scan Direction": "Forward", "Index Name": "person_id_aka_name", "Relation Name": "aka_name", "Alias": "an", "Startup Cost": 0.0, "Total Cost": 8.23, "Plan Rows": 1, "Plan Width": 20, "Index Cond": "(person_id = n.id)"}]}, {"Node Type": "Index Scan", "Parent Relationship": "Inner", "Scan Direction": "Forward", "Index Name": "person_id_cast_info", "Relation Name": "cast_info", "Alias": "ci", "Startup Cost": 0.0, "Total Cost": 2.38, "Plan Rows": 1, "Plan Width": 16, "Index Cond": "(person_id = an.person_id)", "Filter": "((note)::text = ANY ('{(voice),\"(voice: Japanese version)\",\"(voice) (uncredited)\",\"(voice: English version)\"}'::text[]))"}]}, {"Node Type": "Index Scan", "Parent Relationship": "Inner", "Scan Direction": "Forward", "Index Name": "role_type_pkey", "Relation Name": "role_type", "Alias": "rt", "Startup Cost": 0.0, "Total Cost": 0.27, "Plan Rows": 1, "Plan Width": 4, "Index Cond": "(id = ci.role_id)", "Filter": "((role)::text = 'actress'::text)"}]}, {"Node Type": "Index Scan", "Parent Relationship": "Inner", "Scan Direction": "Forward", "Index Name": "movie_id_movie_companies", "Relation Name": "movie_companies", "Alias": "mc", "Startup Cost": 0.0, "Total Cost": 0.42, "Plan Rows": 1, "Plan Width": 8, "Index Cond": "(movie_id = ci.movie_id)", "Filter": "((note IS NOT NULL) AND (((note)::text ~~ '%(USA)%'::text) OR ((note)::text ~~ '%(worldwide)%'::text)))"}]}, {"Node Type": "Index Scan", "Parent Relationship": "Inner", "Scan Direction": "Forward", "Index Name": "char_name_pkey", "Relation Name": "char_name", "Alias": "chn", "Startup Cost": 0.0, "Total Cost": 0.5, "Plan Rows": 1, "Plan Width": 20, "Index Cond": "(id = ci.person_role_id)"}]}, {"Node Type": "Index Scan", "Parent Relationship": "Inner", "Scan Direction": "Forward", "Index Name": "company_name_pkey", "Relation Name": "company_name", "Alias": "cn", "Startup Cost": 0.0, "Total Cost": 0.32, "Plan Rows": 1, "Plan Width": 4, "Index Cond": "(id = mc.company_id)", "Filter": "((country_code)::text = '[us]'::text)"}]}, {"Node Type": "Index Scan", "Parent Relationship": "Inner", "Scan Direction": "Forward", "Index Name": "title_pkey", "Relation Name": "title", "Alias": "t", "Startup Cost": 0.0, "Total Cost": 0.49, "Plan Rows": 1, "Plan Width": 21, "Index Cond": "(id = ci.movie_id)", "Filter": "((production_year >= 2005) AND (production_year <= 2015))"}]}]}, "Unique SQL Id": 3431223514, "Planner Runtime": 112}, "explain_analyze_plan": {"Plan": {"Node Type": "Aggregate", "Strategy": "Plain", "Startup Cost": 65897.13, "Total Cost": 65897.14, "Plan Rows": 1, "Plan Width": 145, "Actual Min Startup Time": 247.956, "Actual Max Startup Time": 247.956, "Actual Min Total Time": 247.957, "Actual Max Total Time": 247.957, "Plans": [{"Node Type": "Nested Loop", "Parent Relationship": "Outer", "Join Type": "Inner", "Startup Cost": 0.0, "Total Cost": 65897.12, "Plan Rows": 1, "Plan Width": 49, "Actual Min Startup Time": 158.201, "Actual Max Startup Time": 158.201, "Actual Min Total Time": 247.771, "Actual Max Total Time": 247.771, "Inner Unique": true, "Plans": [{"Node Type": "Nested Loop", "Parent Relationship": "Outer", "Join Type": "Inner", "Startup Cost": 0.0, "Total Cost": 65896.62, "Plan Rows": 1, "Plan Width": 40, "Actual Min Startup Time": 148.325, "Actual Max Startup Time": 148.325, "Actual Min Total Time": 245.64, "Actual Max Total Time": 245.64, "Inner Unique": true, "Plans": [{"Node Type": "Nested Loop", "Parent Relationship": "Outer", "Join Type": "Inner", "Startup Cost": 0.0, "Total Cost": 65895.97, "Plan Rows": 2, "Plan Width": 44, "Actual Min Startup Time": 148.293, "Actual Max Startup Time": 148.293, "Actual Min Total Time": 243.609, "Actual Max Total Time": 243.609, "Inner Unique": true, "Plans": [{"Node Type": "Nested Loop", "Parent Relationship": "Outer", "Join Type": "Inner", "Startup Cost": 0.0, "Total Cost": 65893.42, "Plan Rows": 5, "Plan Width": 32, "Actual Min Startup Time": 148.272, "Actual Max Startup Time": 148.272, "Actual Min Total Time": 241.843, "Actual Max Total Time": 241.843, "Inner Unique": false, "Plans": [{"Node Type": "Nested Loop", "Parent Relationship": "Outer", "Join Type": "Inner", "Startup Cost": 0.0, "Total Cost": 65887.81, "Plan Rows": 13, "Plan Width": 24, "Actual Min Startup Time": 117.747, "Actual Max Startup Time": 117.747, "Actual Min Total Time": 236.984, "Actual Max Total Time": 236.984, "Inner Unique": true, "Plans": [{"Node Type": "Nested Loop", "Parent Relationship": "Outer", "Join Type": "Inner", "Startup Cost": 0.0, "Total Cost": 65847.98, "Plan Rows": 141, "Plan Width": 28, "Actual Min Startup Time": 117.733, "Actual Max Startup Time": 117.733, "Actual Min Total Time": 235.718, "Actual Max Total Time": 235.718, "Inner Unique": false, "Join Filter": "(n.id = ci.person_id)", "Rows Removed by Join Filter": 0, "Plans": [{"Node Type": "Nested Loop", "Parent Relationship": "Outer", "Join Type": "Inner", "Startup Cost": 0.0, "Total Cost": 65572.69, "Plan Rows": 115, "Plan Width": 24, "Actual Min Startup Time": 117.21, "Actual Max Startup Time": 117.21, "Actual Min Total Time": 180.677, "Actual Max Total Time": 180.677, "Inner Unique": false, "Plans": [{"Node Type": "Streaming(type: LOCAL GATHER dop: 1/64)", "Parent Relationship": "Outer", "Startup Cost": 0.0, "Total Cost": 64781.81, "Plan Rows": 96, "Plan Width": 4, "Actual Min Startup Time": 117.144, "Actual Max Startup Time": 117.144, "Actual Min Total Time": 155.659, "Actual Max Total Time": 155.659, "Plans": [{"Node Type": "Seq Scan", "Parent Relationship": "Outer", "Relation Name": "name", "Alias": "n", "Startup Cost": 0.0, "Total Cost": 64779.83, "Plan Rows": 96, "Plan Width": 4, "Actual Min Startup Time": 9.543, "Actual Max Startup Time": 14.159, "Actual Min Total Time": 25.518, "Actual Max Total Time": 30.721, "Filter": "(((name)::text ~~ '%Ang%'::text) AND ((gender)::text = 'f'::text))", "Rows Removed by Filter": 4160722, "Actual Rows": 6768}], "Actual Rows": 6768}, {"Node Type": "Index Scan", "Parent Relationship": "Inner", "Scan Direction": "Forward", "Index Name": "person_id_aka_name", "Relation Name": "aka_name", "Alias": "an", "Startup Cost": 0.0, "Total Cost": 8.23, "Plan Rows": 1, "Plan Width": 20, "Actual Min Startup Time": 20.67, "Actual Max Startup Time": 20.67, "Actual Min Total Time": 21.568, "Actual Max Total Time": 21.568, "Index Cond": "(person_id = n.id)", "Rows Removed by Index Recheck": 0, "Actual Rows": 1558}], "Actual Rows": 1558}, {"Node Type": "Index Scan", "Parent Relationship": "Inner", "Scan Direction": "Forward", "Index Name": "person_id_cast_info", "Relation Name": "cast_info", "Alias": "ci", "Startup Cost": 0.0, "Total Cost": 2.38, "Plan Rows": 1, "Plan Width": 16, "Actual Min Startup Time": 48.98, "Actual Max Startup Time": 48.98, "Actual Min Total Time": 54.031, "Actual Max Total Time": 54.031, "Index Cond": "(person_id = an.person_id)", "Rows Removed by Index Recheck": 0, "Filter": "((note)::text = ANY ('{(voice),\"(voice: Japanese version)\",\"(voice) (uncredited)\",\"(voice: English version)\"}'::text[]))", "Rows Removed by Filter": 69057, "Actual Rows": 425}], "Actual Rows": 425}, {"Node Type": "Index Scan", "Parent Relationship": "Inner", "Scan Direction": "Forward", "Index Name": "role_type_pkey", "Relation Name": "role_type", "Alias": "rt", "Startup Cost": 0.0, "Total Cost": 0.27, "Plan Rows": 1, "Plan Width": 4, "Actual Min Startup Time": 0.839, "Actual Max Startup Time": 0.839, "Actual Min Total Time": 0.839, "Actual Max Total Time": 0.839, "Index Cond": "(id = ci.role_id)", "Rows Removed by Index Recheck": 0, "Filter": "((role)::text = 'actress'::text)", "Rows Removed by Filter": 0, "Actual Rows": 425}], "Actual Rows": 425}, {"Node Type": "Index Scan", "Parent Relationship": "Inner", "Scan Direction": "Forward", "Index Name": "movie_id_movie_companies", "Relation Name": "movie_companies", "Alias": "mc", "Startup Cost": 0.0, "Total Cost": 0.42, "Plan Rows": 1, "Plan Width": 8, "Actual Min Startup Time": 3.237, "Actual Max Startup Time": 3.237, "Actual Min Total Time": 4.499, "Actual Max Total Time": 4.499, "Index Cond": "(movie_id = ci.movie_id)", "Rows Removed by Index Recheck": 0, "Filter": "((note IS NOT NULL) AND (((note)::text ~~ '%(USA)%'::text) OR ((note)::text ~~ '%(worldwide)%'::text)))", "Rows Removed by Filter": 1538, "Actual Rows": 373}], "Actual Rows": 373}, {"Node Type": "Index Scan", "Parent Relationship": "Inner", "Scan Direction": "Forward", "Index Name": "char_name_pkey", "Relation Name": "char_name", "Alias": "chn", "Startup Cost": 0.0, "Total Cost": 0.5, "Plan Rows": 1, "Plan Width": 20, "Actual Min Startup Time": 1.4, "Actual Max Startup Time": 1.4, "Actual Min Total Time": 1.4, "Actual Max Total Time": 1.4, "Index Cond": "(id = ci.person_role_id)", "Rows Removed by Index Recheck": 0, "Actual Rows": 348}], "Actual Rows": 348}, {"Node Type": "Index Scan", "Parent Relationship": "Inner", "Scan Direction": "Forward", "Index Name": "company_name_pkey", "Relation Name": "company_name", "Alias": "cn", "Startup Cost": 0.0, "Total Cost": 0.32, "Plan Rows": 1, "Plan Width": 4, "Actual Min Startup Time": 1.687, "Actual Max Startup Time": 1.687, "Actual Min Total Time": 1.687, "Actual Max Total Time": 1.687, "Index Cond": "(id = mc.company_id)", "Rows Removed by Index Recheck": 0, "Filter": "((country_code)::text = '[us]'::text)", "Rows Removed by Filter": 7, "Actual Rows": 341}], "Actual Rows": 341}, {"Node Type": "Index Scan", "Parent Relationship": "Inner", "Scan Direction": "Forward", "Index Name": "title_pkey", "Relation Name": "title", "Alias": "t", "Startup Cost": 0.0, "Total Cost": 0.49, "Plan Rows": 1, "Plan Width": 21, "Actual Min Startup Time": 1.865, "Actual Max Startup Time": 1.865, "Actual Min Total Time": 1.865, "Actual Max Total Time": 1.865, "Index Cond": "(id = ci.movie_id)", "Rows Removed by Index Recheck": 0, "Filter": "((production_year >= 2005) AND (production_year <= 2015))", "Rows Removed by Filter": 220, "Actual Rows": 121}], "Actual Rows": 121}], "Actual Rows": 1}, "Triggers": [], "Planner Runtime": 66, "Total Runtime": 261.423, "Unique SQL Id": 3431223514}}, "(64, 65)": {"explain_plan": {"Plan": {"Node Type": "Aggregate", "Strategy": "Plain", "Startup Cost": 198184.97, "Total Cost": 198184.98, "Plan Rows": 1, "Plan Width": 145, "Plans": [{"Node Type": "Nested Loop", "Parent Relationship": "Outer", "Join Type": "Inner", "Startup Cost": 0.0, "Total Cost": 198184.96, "Plan Rows": 1, "Plan Width": 49, "Inner Unique": true, "Plans": [{"Node Type": "Nested Loop", "Parent Relationship": "Outer", "Join Type": "Inner", "Startup Cost": 0.0, "Total Cost": 198184.46, "Plan Rows": 1, "Plan Width": 40, "Inner Unique": true, "Plans": [{"Node Type": "Nested Loop", "Parent Relationship": "Outer", "Join Type": "Inner", "Startup Cost": 0.0, "Total Cost": 198183.44, "Plan Rows": 2, "Plan Width": 28, "Inner Unique": true, "Plans": [{"Node Type": "Nested Loop", "Parent Relationship": "Outer", "Join Type": "Inner", "Startup Cost": 0.0, "Total Cost": 198181.8, "Plan Rows": 5, "Plan Width": 32, "Inner Unique": false, "Plans": [{"Node Type": "Nested Loop", "Parent Relationship": "Outer", "Join Type": "Inner", "Startup Cost": 0.0, "Total Cost": 198176.2, "Plan Rows": 13, "Plan Width": 24, "Inner Unique": true, "Plans": [{"Node Type": "Nested Loop", "Parent Relationship": "Outer", "Join Type": "Inner", "Startup Cost": 0.0, "Total Cost": 198136.36, "Plan Rows": 141, "Plan Width": 28, "Inner Unique": false, "Join Filter": "(n.id = ci.person_id)", "Plans": [{"Node Type": "Nested Loop", "Parent Relationship": "Outer", "Join Type": "Inner", "Startup Cost": 0.0, "Total Cost": 197861.08, "Plan Rows": 115, "Plan Width": 24, "Inner Unique": false, "Plans": [{"Node Type": "Index Scan", "Parent Relationship": "Outer", "Scan Direction": "Forward", "Index Name": "name_pkey", "Relation Name": "name", "Alias": "n", "Startup Cost": 0.0, "Total Cost": 197070.2, "Plan Rows": 96, "Plan Width": 4, "Filter": "(((name)::text ~~ '%Ang%'::text) AND ((gender)::text = 'f'::text))"}, {"Node Type": "Index Scan", "Parent Relationship": "Inner", "Scan Direction": "Forward", "Index Name": "person_id_aka_name", "Relation Name": "aka_name", "Alias": "an", "Startup Cost": 0.0, "Total Cost": 8.23, "Plan Rows": 1, "Plan Width": 20, "Index Cond": "(person_id = n.id)"}]}, {"Node Type": "Index Scan", "Parent Relationship": "Inner", "Scan Direction": "Forward", "Index Name": "person_id_cast_info", "Relation Name": "cast_info", "Alias": "ci", "Startup Cost": 0.0, "Total Cost": 2.38, "Plan Rows": 1, "Plan Width": 16, "Index Cond": "(person_id = an.person_id)", "Filter": "((note)::text = ANY ('{(voice),\"(voice: Japanese version)\",\"(voice) (uncredited)\",\"(voice: English version)\"}'::text[]))"}]}, {"Node Type": "Index Scan", "Parent Relationship": "Inner", "Scan Direction": "Forward", "Index Name": "role_type_pkey", "Relation Name": "role_type", "Alias": "rt", "Startup Cost": 0.0, "Total Cost": 0.27, "Plan Rows": 1, "Plan Width": 4, "Index Cond": "(id = ci.role_id)", "Filter": "((role)::text = 'actress'::text)"}]}, {"Node Type": "Index Scan", "Parent Relationship": "Inner", "Scan Direction": "Forward", "Index Name": "movie_id_movie_companies", "Relation Name": "movie_companies", "Alias": "mc", "Startup Cost": 0.0, "Total Cost": 0.42, "Plan Rows": 1, "Plan Width": 8, "Index Cond": "(movie_id = ci.movie_id)", "Filter": "((note IS NOT NULL) AND (((note)::text ~~ '%(USA)%'::text) OR ((note)::text ~~ '%(worldwide)%'::text)))"}]}, {"Node Type": "Index Scan", "Parent Relationship": "Inner", "Scan Direction": "Forward", "Index Name": "company_name_pkey", "Relation Name": "company_name", "Alias": "cn", "Startup Cost": 0.0, "Total Cost": 0.32, "Plan Rows": 1, "Plan Width": 4, "Index Cond": "(id = mc.company_id)", "Filter": "((country_code)::text = '[us]'::text)"}]}, {"Node Type": "Index Scan", "Parent Relationship": "Inner", "Scan Direction": "Forward", "Index Name": "char_name_pkey", "Relation Name": "char_name", "Alias": "chn", "Startup Cost": 0.0, "Total Cost": 0.5, "Plan Rows": 1, "Plan Width": 20, "Index Cond": "(id = ci.person_role_id)"}]}, {"Node Type": "Index Scan", "Parent Relationship": "Inner", "Scan Direction": "Forward", "Index Name": "title_pkey", "Relation Name": "title", "Alias": "t", "Startup Cost": 0.0, "Total Cost": 0.49, "Plan Rows": 1, "Plan Width": 21, "Index Cond": "(id = ci.movie_id)", "Filter": "((production_year >= 2005) AND (production_year <= 2015))"}]}]}, "Unique SQL Id": 3431223514, "Planner Runtime": 90}, "explain_analyze_plan": null}, "(64, 66)": {"explain_plan": {"Plan": {"Node Type": "Aggregate", "Strategy": "Plain", "Startup Cost": 66283.12, "Total Cost": 66283.13, "Plan Rows": 1, "Plan Width": 145, "Plans": [{"Node Type": "Nested Loop", "Parent Relationship": "Outer", "Join Type": "Inner", "Startup Cost": 7.57, "Total Cost": 66283.11, "Plan Rows": 2, "Plan Width": 49, "Inner Unique": true, "Plans": [{"Node Type": "Nested Loop", "Parent Relationship": "Outer", "Join Type": "Inner", "Startup Cost": 7.27, "Total Cost": 66274.45, "Plan Rows": 2, "Plan Width": 40, "Inner Unique": true, "Plans": [{"Node Type": "Nested Loop", "Parent Relationship": "Outer", "Join Type": "Inner", "Startup Cost": 7.01, "Total Cost": 66265.87, "Plan Rows": 2, "Plan Width": 44, "Inner Unique": true, "Plans": [{"Node Type": "Nested Loop", "Parent Relationship": "Outer", "Join Type": "Inner", "Startup Cost": 6.69, "Total Cost": 66244.19, "Plan Rows": 5, "Plan Width": 32, "Inner Unique": false, "Plans": [{"Node Type": "Hash Join", "Parent Relationship": "Outer", "Join Type": "Inner", "Startup Cost": 6.38, "Total Cost": 66187.56, "Plan Rows": 13, "Plan Width": 24, "Inner Unique": true, "Hash Cond": "(ci.role_id = rt.id)", "Plans": [{"Node Type": "Nested Loop", "Parent Relationship": "Outer", "Join Type": "Inner", "Startup Cost": 5.22, "Total Cost": 66185.91, "Plan Rows": 141, "Plan Width": 28, "Inner Unique": false, "Join Filter": "(n.id = ci.person_id)", "Plans": [{"Node Type": "Nested Loop", "Parent Relationship": "Outer", "Join Type": "Inner", "Startup Cost": 4.22, "Total Cost": 65572.72, "Plan Rows": 115, "Plan Width": 24, "Inner Unique": false, "Plans": [{"Node Type": "Streaming(type: LOCAL GATHER dop: 1/64)", "Parent Relationship": "Outer", "Startup Cost": 0.0, "Total Cost": 64781.81, "Plan Rows": 96, "Plan Width": 4, "Plans": [{"Node Type": "Seq Scan", "Parent Relationship": "Outer", "Relation Name": "name", "Alias": "n", "Startup Cost": 0.0, "Total Cost": 64779.83, "Plan Rows": 96, "Plan Width": 4, "Filter": "(((name)::text ~~ '%Ang%'::text) AND ((gender)::text = 'f'::text))"}]}, {"Node Type": "Bitmap Heap Scan", "Parent Relationship": "Inner", "Relation Name": "aka_name", "Alias": "an", "Startup Cost": 4.22, "Total Cost": 8.23, "Plan Rows": 1, "Plan Width": 20, "Recheck Cond": "(person_id = n.id)", "Plans": [{"Node Type": "Bitmap Index Scan", "Parent Relationship": "Outer", "Index Name": "person_id_aka_name", "Startup Cost": 0.0, "Total Cost": 4.22, "Plan Rows": 1, "Plan Width": 0, "Index Cond": "(person_id = n.id)"}]}]}, {"Node Type": "Bitmap Heap Scan", "Parent Relationship": "Inner", "Relation Name": "cast_info", "Alias": "ci", "Startup Cost": 1.0, "Total Cost": 5.32, "Plan Rows": 1, "Plan Width": 16, "Recheck Cond": "(person_id = an.person_id)", "Filter": "((note)::text = ANY ('{(voice),\"(voice: Japanese version)\",\"(voice) (uncredited)\",\"(voice: English version)\"}'::text[]))", "Plans": [{"Node Type": "Bitmap Index Scan", "Parent Relationship": "Outer", "Index Name": "person_id_cast_info", "Startup Cost": 0.0, "Total Cost": 1.0, "Plan Rows": 18, "Plan Width": 0, "Index Cond": "(person_id = an.person_id)"}]}]}, {"Node Type": "Hash", "Parent Relationship": "Inner", "Startup Cost": 1.15, "Total Cost": 1.15, "Plan Rows": 1, "Plan Width": 4, "Plans": [{"Node Type": "Seq Scan", "Parent Relationship": "Outer", "Relation Name": "role_type", "Alias": "rt", "Startup Cost": 0.0, "Total Cost": 1.15, "Plan Rows": 1, "Plan Width": 4, "Filter": "((role)::text = 'actress'::text)"}]}]}, {"Node Type": "Bitmap Heap Scan", "Parent Relationship": "Inner", "Relation Name": "movie_companies", "Alias": "mc", "Startup Cost": 0.31, "Total Cost": 4.35, "Plan Rows": 1, "Plan Width": 8, "Recheck Cond": "(movie_id = ci.movie_id)", "Filter": "((note IS NOT NULL) AND (((note)::text ~~ '%(USA)%'::text) OR ((note)::text ~~ '%(worldwide)%'::text)))", "Plans": [{"Node Type": "Bitmap Index Scan", "Parent Relationship": "Outer", "Index Name": "movie_id_movie_companies", "Startup Cost": 0.0, "Total Cost": 0.31, "Plan Rows": 2, "Plan Width": 0, "Index Cond": "(movie_id = ci.movie_id)"}]}]}, {"Node Type": "Bitmap Heap Scan", "Parent Relationship": "Inner", "Relation Name": "char_name", "Alias": "chn", "Startup Cost": 0.31, "Total Cost": 4.33, "Plan Rows": 1, "Plan Width": 20, "Recheck Cond": "(id = ci.person_role_id)", "Plans": [{"Node Type": "Bitmap Index Scan", "Parent Relationship": "Outer", "Index Name": "char_name_pkey", "Startup Cost": 0.0, "Total Cost": 0.31, "Plan Rows": 1, "Plan Width": 0, "Index Cond": "(id = ci.person_role_id)"}]}]}, {"Node Type": "Bitmap Heap Scan", "Parent Relationship": "Inner", "Relation Name": "company_name", "Alias": "cn", "Startup Cost": 0.26, "Total Cost": 4.28, "Plan Rows": 1, "Plan Width": 4, "Recheck Cond": "(id = mc.company_id)", "Filter": "((country_code)::text = '[us]'::text)", "Plans": [{"Node Type": "Bitmap Index Scan", "Parent Relationship": "Outer", "Index Name": "company_name_pkey", "Startup Cost": 0.0, "Total Cost": 0.26, "Plan Rows": 1, "Plan Width": 0, "Index Cond": "(id = mc.company_id)"}]}]}, {"Node Type": "Bitmap Heap Scan", "Parent Relationship": "Inner", "Relation Name": "title", "Alias": "t", "Startup Cost": 0.3, "Total Cost": 4.32, "Plan Rows": 1, "Plan Width": 21, "Recheck Cond": "(id = ci.movie_id)", "Filter": "((production_year >= 2005) AND (production_year <= 2015))", "Plans": [{"Node Type": "Bitmap Index Scan", "Parent Relationship": "Outer", "Index Name": "title_pkey", "Startup Cost": 0.0, "Total Cost": 0.3, "Plan Rows": 1, "Plan Width": 0, "Index Cond": "(id = ci.movie_id)"}]}]}]}, "Unique SQL Id": 3431223514, "Planner Runtime": 139}, "explain_analyze_plan": {"Plan": {"Node Type": "Aggregate", "Strategy": "Plain", "Startup Cost": 66283.12, "Total Cost": 66283.13, "Plan Rows": 1, "Plan Width": 145, "Actual Min Startup Time": 241.803, "Actual Max Startup Time": 241.803, "Actual Min Total Time": 241.803, "Actual Max Total Time": 241.803, "Plans": [{"Node Type": "Nested Loop", "Parent Relationship": "Outer", "Join Type": "Inner", "Startup Cost": 7.57, "Total Cost": 66283.11, "Plan Rows": 2, "Plan Width": 49, "Actual Min Startup Time": 154.874, "Actual Max Startup Time": 154.874, "Actual Min Total Time": 241.573, "Actual Max Total Time": 241.573, "Inner Unique": true, "Plans": [{"Node Type": "Nested Loop", "Parent Relationship": "Outer", "Join Type": "Inner", "Startup Cost": 7.27, "Total Cost": 66274.45, "Plan Rows": 2, "Plan Width": 40, "Actual Min Startup Time": 59.119, "Actual Max Startup Time": 59.119, "Actual Min Total Time": 238.806, "Actual Max Total Time": 238.806, "Inner Unique": true, "Plans": [{"Node Type": "Nested Loop", "Parent Relationship": "Outer", "Join Type": "Inner", "Startup Cost": 7.01, "Total Cost": 66265.87, "Plan Rows": 2, "Plan Width": 44, "Actual Min Startup Time": 59.093, "Actual Max Startup Time": 59.093, "Actual Min Total Time": 236.097, "Actual Max Total Time": 236.097, "Inner Unique": true, "Plans": [{"Node Type": "Nested Loop", "Parent Relationship": "Outer", "Join Type": "Inner", "Startup Cost": 6.69, "Total Cost": 66244.19, "Plan Rows": 5, "Plan Width": 32, "Actual Min Startup Time": 59.073, "Actual Max Startup Time": 59.073, "Actual Min Total Time": 233.665, "Actual Max Total Time": 233.665, "Inner Unique": false, "Plans": [{"Node Type": "Hash Join", "Parent Relationship": "Outer", "Join Type": "Inner", "Startup Cost": 6.38, "Total Cost": 66187.56, "Plan Rows": 13, "Plan Width": 24, "Actual Min Startup Time": 58.489, "Actual Max Startup Time": 58.489, "Actual Min Total Time": 227.282, "Actual Max Total Time": 227.282, "Inner Unique": true, "Hash Cond": "(ci.role_id = rt.id)", "Plans": [{"Node Type": "Nested Loop", "Parent Relationship": "Outer", "Join Type": "Inner", "Startup Cost": 5.22, "Total Cost": 66185.91, "Plan Rows": 141, "Plan Width": 28, "Actual Min Startup Time": 58.362, "Actual Max Startup Time": 58.362, "Actual Min Total Time": 226.878, "Actual Max Total Time": 226.878, "Inner Unique": false, "Join Filter": "(n.id = ci.person_id)", "Rows Removed by Join Filter": 0, "Plans": [{"Node Type": "Nested Loop", "Parent Relationship": "Outer", "Join Type": "Inner", "Startup Cost": 4.22, "Total Cost": 65572.72, "Plan Rows": 115, "Plan Width": 24, "Actual Min Startup Time": 58.169, "Actual Max Startup Time": 58.169, "Actual Min Total Time": 171.925, "Actual Max Total Time": 171.925, "Inner Unique": false, "Plans": [{"Node Type": "Streaming(type: LOCAL GATHER dop: 1/64)", "Parent Relationship": "Outer", "Startup Cost": 0.0, "Total Cost": 64781.81, "Plan Rows": 96, "Plan Width": 4, "Actual Min Startup Time": 58.058, "Actual Max Startup Time": 58.058, "Actual Min Total Time": 138.216, "Actual Max Total Time": 138.216, "Plans": [{"Node Type": "Seq Scan", "Parent Relationship": "Outer", "Relation Name": "name", "Alias": "n", "Startup Cost": 0.0, "Total Cost": 64779.83, "Plan Rows": 96, "Plan Width": 4, "Actual Min Startup Time": 9.448, "Actual Max Startup Time": 14.127, "Actual Min Total Time": 25.4, "Actual Max Total Time": 30.778, "Filter": "(((name)::text ~~ '%Ang%'::text) AND ((gender)::text = 'f'::text))", "Rows Removed by Filter": 4160722, "Actual Rows": 6768}], "Actual Rows": 6768}, {"Node Type": "Bitmap Heap Scan", "Parent Relationship": "Inner", "Relation Name": "aka_name", "Alias": "an", "Startup Cost": 4.22, "Total Cost": 8.23, "Plan Rows": 1, "Plan Width": 20, "Actual Min Startup Time": 25.536, "Actual Max Startup Time": 25.536, "Actual Min Total Time": 26.138, "Actual Max Total Time": 26.138, "Recheck Cond": "(person_id = n.id)", "Rows Removed by Index Recheck": 0, "Exact Heap Blocks": 1014, "Lossy Heap Blocks": 1014, "Plans": [{"Node Type": "Bitmap Index Scan", "Parent Relationship": "Outer", "Index Name": "person_id_aka_name", "Startup Cost": 0.0, "Total Cost": 4.22, "Plan Rows": 1, "Plan Width": 0, "Actual Min Startup Time": 19.602, "Actual Max Startup Time": 19.602, "Actual Min Total Time": 19.602, "Actual Max Total Time": 19.602, "Index Cond": "(person_id = n.id)", "Actual Rows": 1558}], "Actual Rows": 1558}], "Actual Rows": 1558}, {"Node Type": "Bitmap Heap Scan", "Parent Relationship": "Inner", "Relation Name": "cast_info", "Alias": "ci", "Startup Cost": 1.0, "Total Cost": 5.32, "Plan Rows": 1, "Plan Width": 16, "Actual Min Startup Time": 49.425, "Actual Max Startup Time": 49.425, "Actual Min Total Time": 52.815, "Actual Max Total Time": 52.815, "Recheck Cond": "(person_id = an.person_id)", "Rows Removed by Index Recheck": 0, "Filter": "((note)::text = ANY ('{(voice),\"(voice: Japanese version)\",\"(voice) (uncredited)\",\"(voice: English version)\"}'::text[]))", "Rows Removed by Filter": 69057, "Exact Heap Blocks": 2627, "Lossy Heap Blocks": 2627, "Plans": [{"Node Type": "Bitmap Index Scan", "Parent Relationship": "Outer", "Index Name": "person_id_cast_info", "Startup Cost": 0.0, "Total Cost": 1.0, "Plan Rows": 18, "Plan Width": 0, "Actual Min Startup Time": 16.224, "Actual Max Startup Time": 16.224, "Actual Min Total Time": 16.224, "Actual Max Total Time": 16.224, "Index Cond": "(person_id = an.person_id)", "Actual Rows": 69482}], "Actual Rows": 425}], "Actual Rows": 425}, {"Node Type": "Hash", "Parent Relationship": "Inner", "Startup Cost": 1.15, "Total Cost": 1.15, "Plan Rows": 1, "Plan Width": 4, "Actual Min Startup Time": 0.062, "Actual Max Startup Time": 0.062, "Actual Min Total Time": 0.062, "Actual Max Total Time": 0.062, "Max Hash Buckets": 32768, "Min Hash Buckets": 32768, "Max Hash Batches": 1, "Min Hash Batches": 1, "Max Original Hash Batches": 1, "Min Original Hash Batches": 1, "Max Peak Memory Usage": 1, "min Peak Memory Usage": 1, "Plans": [{"Node Type": "Seq Scan", "Parent Relationship": "Outer", "Relation Name": "role_type", "Alias": "rt", "Startup Cost": 0.0, "Total Cost": 1.15, "Plan Rows": 1, "Plan Width": 4, "Actual Min Startup Time": 0.048, "Actual Max Startup Time": 0.048, "Actual Min Total Time": 0.052, "Actual Max Total Time": 0.052, "Filter": "((role)::text = 'actress'::text)", "Rows Removed by Filter": 11, "Actual Rows": 1}], "Actual Rows": 1}], "Actual Rows": 425}, {"Node Type": "Bitmap Heap Scan", "Parent Relationship": "Inner", "Relation Name": "movie_companies", "Alias": "mc", "Startup Cost": 0.31, "Total Cost": 4.35, "Plan Rows": 1, "Plan Width": 8, "Actual Min Startup Time": 4.61, "Actual Max Startup Time": 4.61, "Actual Min Total Time": 5.64, "Actual Max Total Time": 5.64, "Recheck Cond": "(movie_id = ci.movie_id)", "Rows Removed by Index Recheck": 0, "Filter": "((note IS NOT NULL) AND (((note)::text ~~ '%(USA)%'::text) OR ((note)::text ~~ '%(worldwide)%'::text)))", "Rows Removed by Filter": 1538, "Exact Heap Blocks": 580, "Lossy Heap Blocks": 580, "Plans": [{"Node Type": "Bitmap Index Scan", "Parent Relationship": "Outer", "Index Name": "movie_id_movie_companies", "Startup Cost": 0.0, "Total Cost": 0.31, "Plan Rows": 2, "Plan Width": 0, "Actual Min Startup Time": 2.448, "Actual Max Startup Time": 2.448, "Actual Min Total Time": 2.448, "Actual Max Total Time": 2.448, "Index Cond": "(movie_id = ci.movie_id)", "Actual Rows": 1911}], "Actual Rows": 373}], "Actual Rows": 373}, {"Node Type": "Bitmap Heap Scan", "Parent Relationship": "Inner", "Relation Name": "char_name", "Alias": "chn", "Startup Cost": 0.31, "Total Cost": 4.33, "Plan Rows": 1, "Plan Width": 20, "Actual Min Startup Time": 1.821, "Actual Max Startup Time": 1.821, "Actual Min Total Time": 1.821, "Actual Max Total Time": 1.821, "Recheck Cond": "(id = ci.person_role_id)", "Rows Removed by Index Recheck": 0, "Exact Heap Blocks": 348, "Lossy Heap Blocks": 348, "Plans": [{"Node Type": "Bitmap Index Scan", "Parent Relationship": "Outer", "Index Name": "char_name_pkey", "Startup Cost": 0.0, "Total Cost": 0.31, "Plan Rows": 1, "Plan Width": 0, "Actual Min Startup Time": 1.169, "Actual Max Startup Time": 1.169, "Actual Min Total Time": 1.169, "Actual Max Total Time": 1.169, "Index Cond": "(id = ci.person_role_id)", "Actual Rows": 348}], "Actual Rows": 348}], "Actual Rows": 348}, {"Node Type": "Bitmap Heap Scan", "Parent Relationship": "Inner", "Relation Name": "company_name", "Alias": "cn", "Startup Cost": 0.26, "Total Cost": 4.28, "Plan Rows": 1, "Plan Width": 4, "Actual Min Startup Time": 2.199, "Actual Max Startup Time": 2.199, "Actual Min Total Time": 2.199, "Actual Max Total Time": 2.199, "Recheck Cond": "(id = mc.company_id)", "Rows Removed by Index Recheck": 0, "Filter": "((country_code)::text = '[us]'::text)", "Rows Removed by Filter": 7, "Exact Heap Blocks": 348, "Lossy Heap Blocks": 348, "Plans": [{"Node Type": "Bitmap Index Scan", "Parent Relationship": "Outer", "Index Name": "company_name_pkey", "Startup Cost": 0.0, "Total Cost": 0.26, "Plan Rows": 1, "Plan Width": 0, "Actual Min Startup Time": 1.207, "Actual Max Startup Time": 1.207, "Actual Min Total Time": 1.207, "Actual Max Total Time": 1.207, "Index Cond": "(id = mc.company_id)", "Actual Rows": 348}], "Actual Rows": 341}], "Actual Rows": 341}, {"Node Type": "Bitmap Heap Scan", "Parent Relationship": "Inner", "Relation Name": "title", "Alias": "t", "Startup Cost": 0.3, "Total Cost": 4.32, "Plan Rows": 1, "Plan Width": 21, "Actual Min Startup Time": 2.286, "Actual Max Startup Time": 2.286, "Actual Min Total Time": 2.286, "Actual Max Total Time": 2.286, "Recheck Cond": "(id = ci.movie_id)", "Rows Removed by Index Recheck": 0, "Filter": "((production_year >= 2005) AND (production_year <= 2015))", "Rows Removed by Filter": 220, "Exact Heap Blocks": 341, "Lossy Heap Blocks": 341, "Plans": [{"Node Type": "Bitmap Index Scan", "Parent Relationship": "Outer", "Index Name": "title_pkey", "Startup Cost": 0.0, "Total Cost": 0.3, "Plan Rows": 1, "Plan Width": 0, "Actual Min Startup Time": 1.39, "Actual Max Startup Time": 1.39, "Actual Min Total Time": 1.39, "Actual Max Total Time": 1.39, "Index Cond": "(id = ci.movie_id)", "Actual Rows": 341}], "Actual Rows": 121}], "Actual Rows": 121}], "Actual Rows": 1}, "Triggers": [], "Planner Runtime": 106, "Total Runtime": 254.326, "Unique SQL Id": 3431223514}}, "(64, 67)": {"explain_plan": {"Plan": {"Node Type": "Aggregate", "Strategy": "Plain", "Startup Cost": 199170.6, "Total Cost": 199170.61, "Plan Rows": 1, "Plan Width": 145, "Plans": [{"Node Type": "Nested Loop", "Parent Relationship": "Outer", "Join Type": "Inner", "Startup Cost": 83164.39, "Total Cost": 199170.59, "Plan Rows": 2, "Plan Width": 49, "Inner Unique": true, "Plans": [{"Node Type": "Nested Loop", "Parent Relationship": "Outer", "Join Type": "Inner", "Startup Cost": 83164.09, "Total Cost": 199161.93, "Plan Rows": 2, "Plan Width": 40, "Inner Unique": true, "Plans": [{"Node Type": "Nested Loop", "Parent Relationship": "Outer", "Join Type": "Inner", "Startup Cost": 83163.83, "Total Cost": 199153.35, "Plan Rows": 2, "Plan Width": 44, "Inner Unique": true, "Plans": [{"Node Type": "Nested Loop", "Parent Relationship": "Outer", "Join Type": "Inner", "Startup Cost": 83163.51, "Total Cost": 199131.67, "Plan Rows": 5, "Plan Width": 32, "Inner Unique": false, "Plans": [{"Node Type": "Nested Loop", "Parent Relationship": "Outer", "Join Type": "Inner", "Startup Cost": 83163.2, "Total Cost": 199075.04, "Plan Rows": 13, "Plan Width": 24, "Inner Unique": true, "Plans": [{"Node Type": "Nested Loop", "Parent Relationship": "Outer", "Join Type": "Inner", "Startup Cost": 83162.94, "Total Cost": 198471.17, "Plan Rows": 141, "Plan Width": 28, "Inner Unique": false, "Join Filter": "(n.id = ci.person_id)", "Plans": [{"Node Type": "Nested Loop", "Parent Relationship": "Outer", "Join Type": "Inner", "Startup Cost": 83161.94, "Total Cost": 197857.98, "Plan Rows": 115, "Plan Width": 24, "Inner Unique": false, "Plans": [{"Node Type": "Bitmap Heap Scan", "Parent Relationship": "Outer", "Relation Name": "name", "Alias": "n", "Startup Cost": 83157.72, "Total Cost": 197067.07, "Plan Rows": 96, "Plan Width": 4, "Filter": "(((name)::text ~~ '%Ang%'::text) AND ((gender)::text = 'f'::text))", "Plans": [{"Node Type": "Bitmap Index Scan", "Parent Relationship": "Outer", "Index Name": "name_pkey", "Startup Cost": 0.0, "Total Cost": 83157.7, "Plan Rows": 4167490, "Plan Width": 0}]}, {"Node Type": "Bitmap Heap Scan", "Parent Relationship": "Inner", "Relation Name": "aka_name", "Alias": "an", "Startup Cost": 4.22, "Total Cost": 8.23, "Plan Rows": 1, "Plan Width": 20, "Recheck Cond": "(person_id = n.id)", "Plans": [{"Node Type": "Bitmap Index Scan", "Parent Relationship": "Outer", "Index Name": "person_id_aka_name", "Startup Cost": 0.0, "Total Cost": 4.22, "Plan Rows": 1, "Plan Width": 0, "Index Cond": "(person_id = n.id)"}]}]}, {"Node Type": "Bitmap Heap Scan", "Parent Relationship": "Inner", "Relation Name": "cast_info", "Alias": "ci", "Startup Cost": 1.0, "Total Cost": 5.32, "Plan Rows": 1, "Plan Width": 16, "Recheck Cond": "(person_id = an.person_id)", "Filter": "((note)::text = ANY ('{(voice),\"(voice: Japanese version)\",\"(voice) (uncredited)\",\"(voice: English version)\"}'::text[]))", "Plans": [{"Node Type": "Bitmap Index Scan", "Parent Relationship": "Outer", "Index Name": "person_id_cast_info", "Startup Cost": 0.0, "Total Cost": 1.0, "Plan Rows": 18, "Plan Width": 0, "Index Cond": "(person_id = an.person_id)"}]}]}, {"Node Type": "Bitmap Heap Scan", "Parent Relationship": "Inner", "Relation Name": "role_type", "Alias": "rt", "Startup Cost": 0.26, "Total Cost": 4.27, "Plan Rows": 1, "Plan Width": 4, "Recheck Cond": "(id = ci.role_id)", "Filter": "((role)::text = 'actress'::text)", "Plans": [{"Node Type": "Bitmap Index Scan", "Parent Relationship": "Outer", "Index Name": "role_type_pkey", "Startup Cost": 0.0, "Total Cost": 0.26, "Plan Rows": 1, "Plan Width": 0, "Index Cond": "(id = ci.role_id)"}]}]}, {"Node Type": "Bitmap Heap Scan", "Parent Relationship": "Inner", "Relation Name": "movie_companies", "Alias": "mc", "Startup Cost": 0.31, "Total Cost": 4.35, "Plan Rows": 1, "Plan Width": 8, "Recheck Cond": "(movie_id = ci.movie_id)", "Filter": "((note IS NOT NULL) AND (((note)::text ~~ '%(USA)%'::text) OR ((note)::text ~~ '%(worldwide)%'::text)))", "Plans": [{"Node Type": "Bitmap Index Scan", "Parent Relationship": "Outer", "Index Name": "movie_id_movie_companies", "Startup Cost": 0.0, "Total Cost": 0.31, "Plan Rows": 2, "Plan Width": 0, "Index Cond": "(movie_id = ci.movie_id)"}]}]}, {"Node Type": "Bitmap Heap Scan", "Parent Relationship": "Inner", "Relation Name": "char_name", "Alias": "chn", "Startup Cost": 0.31, "Total Cost": 4.33, "Plan Rows": 1, "Plan Width": 20, "Recheck Cond": "(id = ci.person_role_id)", "Plans": [{"Node Type": "Bitmap Index Scan", "Parent Relationship": "Outer", "Index Name": "char_name_pkey", "Startup Cost": 0.0, "Total Cost": 0.31, "Plan Rows": 1, "Plan Width": 0, "Index Cond": "(id = ci.person_role_id)"}]}]}, {"Node Type": "Bitmap Heap Scan", "Parent Relationship": "Inner", "Relation Name": "company_name", "Alias": "cn", "Startup Cost": 0.26, "Total Cost": 4.28, "Plan Rows": 1, "Plan Width": 4, "Recheck Cond": "(id = mc.company_id)", "Filter": "((country_code)::text = '[us]'::text)", "Plans": [{"Node Type": "Bitmap Index Scan", "Parent Relationship": "Outer", "Index Name": "company_name_pkey", "Startup Cost": 0.0, "Total Cost": 0.26, "Plan Rows": 1, "Plan Width": 0, "Index Cond": "(id = mc.company_id)"}]}]}, {"Node Type": "Bitmap Heap Scan", "Parent Relationship": "Inner", "Relation Name": "title", "Alias": "t", "Startup Cost": 0.3, "Total Cost": 4.32, "Plan Rows": 1, "Plan Width": 21, "Recheck Cond": "(id = ci.movie_id)", "Filter": "((production_year >= 2005) AND (production_year <= 2015))", "Plans": [{"Node Type": "Bitmap Index Scan", "Parent Relationship": "Outer", "Index Name": "title_pkey", "Startup Cost": 0.0, "Total Cost": 0.3, "Plan Rows": 1, "Plan Width": 0, "Index Cond": "(id = ci.movie_id)"}]}]}]}, "Unique SQL Id": 3431223514, "Planner Runtime": 88}, "explain_analyze_plan": null}, "(64, 68)": {"explain_plan": {"Plan": {"Node Type": "Aggregate", "Strategy": "Plain", "Startup Cost": 65897.13, "Total Cost": 65897.14, "Plan Rows": 1, "Plan Width": 145, "Plans": [{"Node Type": "Nested Loop", "Parent Relationship": "Outer", "Join Type": "Inner", "Startup Cost": 0.0, "Total Cost": 65897.12, "Plan Rows": 1, "Plan Width": 49, "Inner Unique": true, "Plans": [{"Node Type": "Nested Loop", "Parent Relationship": "Outer", "Join Type": "Inner", "Startup Cost": 0.0, "Total Cost": 65896.62, "Plan Rows": 1, "Plan Width": 40, "Inner Unique": true, "Plans": [{"Node Type": "Nested Loop", "Parent Relationship": "Outer", "Join Type": "Inner", "Startup Cost": 0.0, "Total Cost": 65895.97, "Plan Rows": 2, "Plan Width": 44, "Inner Unique": true, "Plans": [{"Node Type": "Nested Loop", "Parent Relationship": "Outer", "Join Type": "Inner", "Startup Cost": 0.0, "Total Cost": 65893.42, "Plan Rows": 5, "Plan Width": 32, "Inner Unique": false, "Plans": [{"Node Type": "Nested Loop", "Parent Relationship": "Outer", "Join Type": "Inner", "Startup Cost": 0.0, "Total Cost": 65887.81, "Plan Rows": 13, "Plan Width": 24, "Inner Unique": true, "Plans": [{"Node Type": "Nested Loop", "Parent Relationship": "Outer", "Join Type": "Inner", "Startup Cost": 0.0, "Total Cost": 65847.98, "Plan Rows": 141, "Plan Width": 28, "Inner Unique": false, "Join Filter": "(n.id = ci.person_id)", "Plans": [{"Node Type": "Nested Loop", "Parent Relationship": "Outer", "Join Type": "Inner", "Startup Cost": 0.0, "Total Cost": 65572.69, "Plan Rows": 115, "Plan Width": 24, "Inner Unique": false, "Plans": [{"Node Type": "Streaming(type: LOCAL GATHER dop: 1/64)", "Parent Relationship": "Outer", "Startup Cost": 0.0, "Total Cost": 64781.81, "Plan Rows": 96, "Plan Width": 4, "Plans": [{"Node Type": "Seq Scan", "Parent Relationship": "Outer", "Relation Name": "name", "Alias": "n", "Startup Cost": 0.0, "Total Cost": 64779.83, "Plan Rows": 96, "Plan Width": 4, "Filter": "(((name)::text ~~ '%Ang%'::text) AND ((gender)::text = 'f'::text))"}]}, {"Node Type": "Index Scan", "Parent Relationship": "Inner", "Scan Direction": "Forward", "Index Name": "person_id_aka_name", "Relation Name": "aka_name", "Alias": "an", "Startup Cost": 0.0, "Total Cost": 8.23, "Plan Rows": 1, "Plan Width": 20, "Index Cond": "(person_id = n.id)"}]}, {"Node Type": "Index Scan", "Parent Relationship": "Inner", "Scan Direction": "Forward", "Index Name": "person_id_cast_info", "Relation Name": "cast_info", "Alias": "ci", "Startup Cost": 0.0, "Total Cost": 2.38, "Plan Rows": 1, "Plan Width": 16, "Index Cond": "(person_id = an.person_id)", "Filter": "((note)::text = ANY ('{(voice),\"(voice: Japanese version)\",\"(voice) (uncredited)\",\"(voice: English version)\"}'::text[]))"}]}, {"Node Type": "Index Scan", "Parent Relationship": "Inner", "Scan Direction": "Forward", "Index Name": "role_type_pkey", "Relation Name": "role_type", "Alias": "rt", "Startup Cost": 0.0, "Total Cost": 0.27, "Plan Rows": 1, "Plan Width": 4, "Index Cond": "(id = ci.role_id)", "Filter": "((role)::text = 'actress'::text)"}]}, {"Node Type": "Index Scan", "Parent Relationship": "Inner", "Scan Direction": "Forward", "Index Name": "movie_id_movie_companies", "Relation Name": "movie_companies", "Alias": "mc", "Startup Cost": 0.0, "Total Cost": 0.42, "Plan Rows": 1, "Plan Width": 8, "Index Cond": "(movie_id = ci.movie_id)", "Filter": "((note IS NOT NULL) AND (((note)::text ~~ '%(USA)%'::text) OR ((note)::text ~~ '%(worldwide)%'::text)))"}]}, {"Node Type": "Index Scan", "Parent Relationship": "Inner", "Scan Direction": "Forward", "Index Name": "char_name_pkey", "Relation Name": "char_name", "Alias": "chn", "Startup Cost": 0.0, "Total Cost": 0.5, "Plan Rows": 1, "Plan Width": 20, "Index Cond": "(id = ci.person_role_id)"}]}, {"Node Type": "Index Scan", "Parent Relationship": "Inner", "Scan Direction": "Forward", "Index Name": "company_name_pkey", "Relation Name": "company_name", "Alias": "cn", "Startup Cost": 0.0, "Total Cost": 0.32, "Plan Rows": 1, "Plan Width": 4, "Index Cond": "(id = mc.company_id)", "Filter": "((country_code)::text = '[us]'::text)"}]}, {"Node Type": "Index Scan", "Parent Relationship": "Inner", "Scan Direction": "Forward", "Index Name": "title_pkey", "Relation Name": "title", "Alias": "t", "Startup Cost": 0.0, "Total Cost": 0.49, "Plan Rows": 1, "Plan Width": 21, "Index Cond": "(id = ci.movie_id)", "Filter": "((production_year >= 2005) AND (production_year <= 2015))"}]}]}, "Unique SQL Id": 3431223514, "Planner Runtime": 111}, "explain_analyze_plan": {"Plan": {"Node Type": "Aggregate", "Strategy": "Plain", "Startup Cost": 65897.13, "Total Cost": 65897.14, "Plan Rows": 1, "Plan Width": 145, "Actual Min Startup Time": 247.956, "Actual Max Startup Time": 247.956, "Actual Min Total Time": 247.957, "Actual Max Total Time": 247.957, "Plans": [{"Node Type": "Nested Loop", "Parent Relationship": "Outer", "Join Type": "Inner", "Startup Cost": 0.0, "Total Cost": 65897.12, "Plan Rows": 1, "Plan Width": 49, "Actual Min Startup Time": 158.201, "Actual Max Startup Time": 158.201, "Actual Min Total Time": 247.771, "Actual Max Total Time": 247.771, "Inner Unique": true, "Plans": [{"Node Type": "Nested Loop", "Parent Relationship": "Outer", "Join Type": "Inner", "Startup Cost": 0.0, "Total Cost": 65896.62, "Plan Rows": 1, "Plan Width": 40, "Actual Min Startup Time": 148.325, "Actual Max Startup Time": 148.325, "Actual Min Total Time": 245.64, "Actual Max Total Time": 245.64, "Inner Unique": true, "Plans": [{"Node Type": "Nested Loop", "Parent Relationship": "Outer", "Join Type": "Inner", "Startup Cost": 0.0, "Total Cost": 65895.97, "Plan Rows": 2, "Plan Width": 44, "Actual Min Startup Time": 148.293, "Actual Max Startup Time": 148.293, "Actual Min Total Time": 243.609, "Actual Max Total Time": 243.609, "Inner Unique": true, "Plans": [{"Node Type": "Nested Loop", "Parent Relationship": "Outer", "Join Type": "Inner", "Startup Cost": 0.0, "Total Cost": 65893.42, "Plan Rows": 5, "Plan Width": 32, "Actual Min Startup Time": 148.272, "Actual Max Startup Time": 148.272, "Actual Min Total Time": 241.843, "Actual Max Total Time": 241.843, "Inner Unique": false, "Plans": [{"Node Type": "Nested Loop", "Parent Relationship": "Outer", "Join Type": "Inner", "Startup Cost": 0.0, "Total Cost": 65887.81, "Plan Rows": 13, "Plan Width": 24, "Actual Min Startup Time": 117.747, "Actual Max Startup Time": 117.747, "Actual Min Total Time": 236.984, "Actual Max Total Time": 236.984, "Inner Unique": true, "Plans": [{"Node Type": "Nested Loop", "Parent Relationship": "Outer", "Join Type": "Inner", "Startup Cost": 0.0, "Total Cost": 65847.98, "Plan Rows": 141, "Plan Width": 28, "Actual Min Startup Time": 117.733, "Actual Max Startup Time": 117.733, "Actual Min Total Time": 235.718, "Actual Max Total Time": 235.718, "Inner Unique": false, "Join Filter": "(n.id = ci.person_id)", "Rows Removed by Join Filter": 0, "Plans": [{"Node Type": "Nested Loop", "Parent Relationship": "Outer", "Join Type": "Inner", "Startup Cost": 0.0, "Total Cost": 65572.69, "Plan Rows": 115, "Plan Width": 24, "Actual Min Startup Time": 117.21, "Actual Max Startup Time": 117.21, "Actual Min Total Time": 180.677, "Actual Max Total Time": 180.677, "Inner Unique": false, "Plans": [{"Node Type": "Streaming(type: LOCAL GATHER dop: 1/64)", "Parent Relationship": "Outer", "Startup Cost": 0.0, "Total Cost": 64781.81, "Plan Rows": 96, "Plan Width": 4, "Actual Min Startup Time": 117.144, "Actual Max Startup Time": 117.144, "Actual Min Total Time": 155.659, "Actual Max Total Time": 155.659, "Plans": [{"Node Type": "Seq Scan", "Parent Relationship": "Outer", "Relation Name": "name", "Alias": "n", "Startup Cost": 0.0, "Total Cost": 64779.83, "Plan Rows": 96, "Plan Width": 4, "Actual Min Startup Time": 9.543, "Actual Max Startup Time": 14.159, "Actual Min Total Time": 25.518, "Actual Max Total Time": 30.721, "Filter": "(((name)::text ~~ '%Ang%'::text) AND ((gender)::text = 'f'::text))", "Rows Removed by Filter": 4160722, "Actual Rows": 6768}], "Actual Rows": 6768}, {"Node Type": "Index Scan", "Parent Relationship": "Inner", "Scan Direction": "Forward", "Index Name": "person_id_aka_name", "Relation Name": "aka_name", "Alias": "an", "Startup Cost": 0.0, "Total Cost": 8.23, "Plan Rows": 1, "Plan Width": 20, "Actual Min Startup Time": 20.67, "Actual Max Startup Time": 20.67, "Actual Min Total Time": 21.568, "Actual Max Total Time": 21.568, "Index Cond": "(person_id = n.id)", "Rows Removed by Index Recheck": 0, "Actual Rows": 1558}], "Actual Rows": 1558}, {"Node Type": "Index Scan", "Parent Relationship": "Inner", "Scan Direction": "Forward", "Index Name": "person_id_cast_info", "Relation Name": "cast_info", "Alias": "ci", "Startup Cost": 0.0, "Total Cost": 2.38, "Plan Rows": 1, "Plan Width": 16, "Actual Min Startup Time": 48.98, "Actual Max Startup Time": 48.98, "Actual Min Total Time": 54.031, "Actual Max Total Time": 54.031, "Index Cond": "(person_id = an.person_id)", "Rows Removed by Index Recheck": 0, "Filter": "((note)::text = ANY ('{(voice),\"(voice: Japanese version)\",\"(voice) (uncredited)\",\"(voice: English version)\"}'::text[]))", "Rows Removed by Filter": 69057, "Actual Rows": 425}], "Actual Rows": 425}, {"Node Type": "Index Scan", "Parent Relationship": "Inner", "Scan Direction": "Forward", "Index Name": "role_type_pkey", "Relation Name": "role_type", "Alias": "rt", "Startup Cost": 0.0, "Total Cost": 0.27, "Plan Rows": 1, "Plan Width": 4, "Actual Min Startup Time": 0.839, "Actual Max Startup Time": 0.839, "Actual Min Total Time": 0.839, "Actual Max Total Time": 0.839, "Index Cond": "(id = ci.role_id)", "Rows Removed by Index Recheck": 0, "Filter": "((role)::text = 'actress'::text)", "Rows Removed by Filter": 0, "Actual Rows": 425}], "Actual Rows": 425}, {"Node Type": "Index Scan", "Parent Relationship": "Inner", "Scan Direction": "Forward", "Index Name": "movie_id_movie_companies", "Relation Name": "movie_companies", "Alias": "mc", "Startup Cost": 0.0, "Total Cost": 0.42, "Plan Rows": 1, "Plan Width": 8, "Actual Min Startup Time": 3.237, "Actual Max Startup Time": 3.237, "Actual Min Total Time": 4.499, "Actual Max Total Time": 4.499, "Index Cond": "(movie_id = ci.movie_id)", "Rows Removed by Index Recheck": 0, "Filter": "((note IS NOT NULL) AND (((note)::text ~~ '%(USA)%'::text) OR ((note)::text ~~ '%(worldwide)%'::text)))", "Rows Removed by Filter": 1538, "Actual Rows": 373}], "Actual Rows": 373}, {"Node Type": "Index Scan", "Parent Relationship": "Inner", "Scan Direction": "Forward", "Index Name": "char_name_pkey", "Relation Name": "char_name", "Alias": "chn", "Startup Cost": 0.0, "Total Cost": 0.5, "Plan Rows": 1, "Plan Width": 20, "Actual Min Startup Time": 1.4, "Actual Max Startup Time": 1.4, "Actual Min Total Time": 1.4, "Actual Max Total Time": 1.4, "Index Cond": "(id = ci.person_role_id)", "Rows Removed by Index Recheck": 0, "Actual Rows": 348}], "Actual Rows": 348}, {"Node Type": "Index Scan", "Parent Relationship": "Inner", "Scan Direction": "Forward", "Index Name": "company_name_pkey", "Relation Name": "company_name", "Alias": "cn", "Startup Cost": 0.0, "Total Cost": 0.32, "Plan Rows": 1, "Plan Width": 4, "Actual Min Startup Time": 1.687, "Actual Max Startup Time": 1.687, "Actual Min Total Time": 1.687, "Actual Max Total Time": 1.687, "Index Cond": "(id = mc.company_id)", "Rows Removed by Index Recheck": 0, "Filter": "((country_code)::text = '[us]'::text)", "Rows Removed by Filter": 7, "Actual Rows": 341}], "Actual Rows": 341}, {"Node Type": "Index Scan", "Parent Relationship": "Inner", "Scan Direction": "Forward", "Index Name": "title_pkey", "Relation Name": "title", "Alias": "t", "Startup Cost": 0.0, "Total Cost": 0.49, "Plan Rows": 1, "Plan Width": 21, "Actual Min Startup Time": 1.865, "Actual Max Startup Time": 1.865, "Actual Min Total Time": 1.865, "Actual Max Total Time": 1.865, "Index Cond": "(id = ci.movie_id)", "Rows Removed by Index Recheck": 0, "Filter": "((production_year >= 2005) AND (production_year <= 2015))", "Rows Removed by Filter": 220, "Actual Rows": 121}], "Actual Rows": 121}], "Actual Rows": 1}, "Triggers": [], "Planner Runtime": 66, "Total Runtime": 261.423, "Unique SQL Id": 3431223514}}, "(64, 69)": {"explain_plan": {"Plan": {"Node Type": "Aggregate", "Strategy": "Plain", "Startup Cost": 198184.97, "Total Cost": 198184.98, "Plan Rows": 1, "Plan Width": 145, "Plans": [{"Node Type": "Nested Loop", "Parent Relationship": "Outer", "Join Type": "Inner", "Startup Cost": 0.0, "Total Cost": 198184.96, "Plan Rows": 1, "Plan Width": 49, "Inner Unique": true, "Plans": [{"Node Type": "Nested Loop", "Parent Relationship": "Outer", "Join Type": "Inner", "Startup Cost": 0.0, "Total Cost": 198184.46, "Plan Rows": 1, "Plan Width": 40, "Inner Unique": true, "Plans": [{"Node Type": "Nested Loop", "Parent Relationship": "Outer", "Join Type": "Inner", "Startup Cost": 0.0, "Total Cost": 198183.44, "Plan Rows": 2, "Plan Width": 28, "Inner Unique": true, "Plans": [{"Node Type": "Nested Loop", "Parent Relationship": "Outer", "Join Type": "Inner", "Startup Cost": 0.0, "Total Cost": 198181.8, "Plan Rows": 5, "Plan Width": 32, "Inner Unique": false, "Plans": [{"Node Type": "Nested Loop", "Parent Relationship": "Outer", "Join Type": "Inner", "Startup Cost": 0.0, "Total Cost": 198176.2, "Plan Rows": 13, "Plan Width": 24, "Inner Unique": true, "Plans": [{"Node Type": "Nested Loop", "Parent Relationship": "Outer", "Join Type": "Inner", "Startup Cost": 0.0, "Total Cost": 198136.36, "Plan Rows": 141, "Plan Width": 28, "Inner Unique": false, "Join Filter": "(n.id = ci.person_id)", "Plans": [{"Node Type": "Nested Loop", "Parent Relationship": "Outer", "Join Type": "Inner", "Startup Cost": 0.0, "Total Cost": 197861.08, "Plan Rows": 115, "Plan Width": 24, "Inner Unique": false, "Plans": [{"Node Type": "Index Scan", "Parent Relationship": "Outer", "Scan Direction": "Forward", "Index Name": "name_pkey", "Relation Name": "name", "Alias": "n", "Startup Cost": 0.0, "Total Cost": 197070.2, "Plan Rows": 96, "Plan Width": 4, "Filter": "(((name)::text ~~ '%Ang%'::text) AND ((gender)::text = 'f'::text))"}, {"Node Type": "Index Scan", "Parent Relationship": "Inner", "Scan Direction": "Forward", "Index Name": "person_id_aka_name", "Relation Name": "aka_name", "Alias": "an", "Startup Cost": 0.0, "Total Cost": 8.23, "Plan Rows": 1, "Plan Width": 20, "Index Cond": "(person_id = n.id)"}]}, {"Node Type": "Index Scan", "Parent Relationship": "Inner", "Scan Direction": "Forward", "Index Name": "person_id_cast_info", "Relation Name": "cast_info", "Alias": "ci", "Startup Cost": 0.0, "Total Cost": 2.38, "Plan Rows": 1, "Plan Width": 16, "Index Cond": "(person_id = an.person_id)", "Filter": "((note)::text = ANY ('{(voice),\"(voice: Japanese version)\",\"(voice) (uncredited)\",\"(voice: English version)\"}'::text[]))"}]}, {"Node Type": "Index Scan", "Parent Relationship": "Inner", "Scan Direction": "Forward", "Index Name": "role_type_pkey", "Relation Name": "role_type", "Alias": "rt", "Startup Cost": 0.0, "Total Cost": 0.27, "Plan Rows": 1, "Plan Width": 4, "Index Cond": "(id = ci.role_id)", "Filter": "((role)::text = 'actress'::text)"}]}, {"Node Type": "Index Scan", "Parent Relationship": "Inner", "Scan Direction": "Forward", "Index Name": "movie_id_movie_companies", "Relation Name": "movie_companies", "Alias": "mc", "Startup Cost": 0.0, "Total Cost": 0.42, "Plan Rows": 1, "Plan Width": 8, "Index Cond": "(movie_id = ci.movie_id)", "Filter": "((note IS NOT NULL) AND (((note)::text ~~ '%(USA)%'::text) OR ((note)::text ~~ '%(worldwide)%'::text)))"}]}, {"Node Type": "Index Scan", "Parent Relationship": "Inner", "Scan Direction": "Forward", "Index Name": "company_name_pkey", "Relation Name": "company_name", "Alias": "cn", "Startup Cost": 0.0, "Total Cost": 0.32, "Plan Rows": 1, "Plan Width": 4, "Index Cond": "(id = mc.company_id)", "Filter": "((country_code)::text = '[us]'::text)"}]}, {"Node Type": "Index Scan", "Parent Relationship": "Inner", "Scan Direction": "Forward", "Index Name": "char_name_pkey", "Relation Name": "char_name", "Alias": "chn", "Startup Cost": 0.0, "Total Cost": 0.5, "Plan Rows": 1, "Plan Width": 20, "Index Cond": "(id = ci.person_role_id)"}]}, {"Node Type": "Index Scan", "Parent Relationship": "Inner", "Scan Direction": "Forward", "Index Name": "title_pkey", "Relation Name": "title", "Alias": "t", "Startup Cost": 0.0, "Total Cost": 0.49, "Plan Rows": 1, "Plan Width": 21, "Index Cond": "(id = ci.movie_id)", "Filter": "((production_year >= 2005) AND (production_year <= 2015))"}]}]}, "Unique SQL Id": 3431223514, "Planner Runtime": 89}, "explain_analyze_plan": null}, "(64, 70)": {"explain_plan": {"Plan": {"Node Type": "Aggregate", "Strategy": "Plain", "Startup Cost": 66283.12, "Total Cost": 66283.13, "Plan Rows": 1, "Plan Width": 145, "Plans": [{"Node Type": "Nested Loop", "Parent Relationship": "Outer", "Join Type": "Inner", "Startup Cost": 7.57, "Total Cost": 66283.11, "Plan Rows": 2, "Plan Width": 49, "Inner Unique": true, "Plans": [{"Node Type": "Nested Loop", "Parent Relationship": "Outer", "Join Type": "Inner", "Startup Cost": 7.27, "Total Cost": 66274.45, "Plan Rows": 2, "Plan Width": 40, "Inner Unique": true, "Plans": [{"Node Type": "Nested Loop", "Parent Relationship": "Outer", "Join Type": "Inner", "Startup Cost": 7.01, "Total Cost": 66265.87, "Plan Rows": 2, "Plan Width": 44, "Inner Unique": true, "Plans": [{"Node Type": "Nested Loop", "Parent Relationship": "Outer", "Join Type": "Inner", "Startup Cost": 6.69, "Total Cost": 66244.19, "Plan Rows": 5, "Plan Width": 32, "Inner Unique": false, "Plans": [{"Node Type": "Hash Join", "Parent Relationship": "Outer", "Join Type": "Inner", "Startup Cost": 6.38, "Total Cost": 66187.56, "Plan Rows": 13, "Plan Width": 24, "Inner Unique": true, "Hash Cond": "(ci.role_id = rt.id)", "Plans": [{"Node Type": "Nested Loop", "Parent Relationship": "Outer", "Join Type": "Inner", "Startup Cost": 5.22, "Total Cost": 66185.91, "Plan Rows": 141, "Plan Width": 28, "Inner Unique": false, "Join Filter": "(n.id = ci.person_id)", "Plans": [{"Node Type": "Nested Loop", "Parent Relationship": "Outer", "Join Type": "Inner", "Startup Cost": 4.22, "Total Cost": 65572.72, "Plan Rows": 115, "Plan Width": 24, "Inner Unique": false, "Plans": [{"Node Type": "Streaming(type: LOCAL GATHER dop: 1/64)", "Parent Relationship": "Outer", "Startup Cost": 0.0, "Total Cost": 64781.81, "Plan Rows": 96, "Plan Width": 4, "Plans": [{"Node Type": "Seq Scan", "Parent Relationship": "Outer", "Relation Name": "name", "Alias": "n", "Startup Cost": 0.0, "Total Cost": 64779.83, "Plan Rows": 96, "Plan Width": 4, "Filter": "(((name)::text ~~ '%Ang%'::text) AND ((gender)::text = 'f'::text))"}]}, {"Node Type": "Bitmap Heap Scan", "Parent Relationship": "Inner", "Relation Name": "aka_name", "Alias": "an", "Startup Cost": 4.22, "Total Cost": 8.23, "Plan Rows": 1, "Plan Width": 20, "Recheck Cond": "(person_id = n.id)", "Plans": [{"Node Type": "Bitmap Index Scan", "Parent Relationship": "Outer", "Index Name": "person_id_aka_name", "Startup Cost": 0.0, "Total Cost": 4.22, "Plan Rows": 1, "Plan Width": 0, "Index Cond": "(person_id = n.id)"}]}]}, {"Node Type": "Bitmap Heap Scan", "Parent Relationship": "Inner", "Relation Name": "cast_info", "Alias": "ci", "Startup Cost": 1.0, "Total Cost": 5.32, "Plan Rows": 1, "Plan Width": 16, "Recheck Cond": "(person_id = an.person_id)", "Filter": "((note)::text = ANY ('{(voice),\"(voice: Japanese version)\",\"(voice) (uncredited)\",\"(voice: English version)\"}'::text[]))", "Plans": [{"Node Type": "Bitmap Index Scan", "Parent Relationship": "Outer", "Index Name": "person_id_cast_info", "Startup Cost": 0.0, "Total Cost": 1.0, "Plan Rows": 18, "Plan Width": 0, "Index Cond": "(person_id = an.person_id)"}]}]}, {"Node Type": "Hash", "Parent Relationship": "Inner", "Startup Cost": 1.15, "Total Cost": 1.15, "Plan Rows": 1, "Plan Width": 4, "Plans": [{"Node Type": "Seq Scan", "Parent Relationship": "Outer", "Relation Name": "role_type", "Alias": "rt", "Startup Cost": 0.0, "Total Cost": 1.15, "Plan Rows": 1, "Plan Width": 4, "Filter": "((role)::text = 'actress'::text)"}]}]}, {"Node Type": "Bitmap Heap Scan", "Parent Relationship": "Inner", "Relation Name": "movie_companies", "Alias": "mc", "Startup Cost": 0.31, "Total Cost": 4.35, "Plan Rows": 1, "Plan Width": 8, "Recheck Cond": "(movie_id = ci.movie_id)", "Filter": "((note IS NOT NULL) AND (((note)::text ~~ '%(USA)%'::text) OR ((note)::text ~~ '%(worldwide)%'::text)))", "Plans": [{"Node Type": "Bitmap Index Scan", "Parent Relationship": "Outer", "Index Name": "movie_id_movie_companies", "Startup Cost": 0.0, "Total Cost": 0.31, "Plan Rows": 2, "Plan Width": 0, "Index Cond": "(movie_id = ci.movie_id)"}]}]}, {"Node Type": "Bitmap Heap Scan", "Parent Relationship": "Inner", "Relation Name": "char_name", "Alias": "chn", "Startup Cost": 0.31, "Total Cost": 4.33, "Plan Rows": 1, "Plan Width": 20, "Recheck Cond": "(id = ci.person_role_id)", "Plans": [{"Node Type": "Bitmap Index Scan", "Parent Relationship": "Outer", "Index Name": "char_name_pkey", "Startup Cost": 0.0, "Total Cost": 0.31, "Plan Rows": 1, "Plan Width": 0, "Index Cond": "(id = ci.person_role_id)"}]}]}, {"Node Type": "Bitmap Heap Scan", "Parent Relationship": "Inner", "Relation Name": "company_name", "Alias": "cn", "Startup Cost": 0.26, "Total Cost": 4.28, "Plan Rows": 1, "Plan Width": 4, "Recheck Cond": "(id = mc.company_id)", "Filter": "((country_code)::text = '[us]'::text)", "Plans": [{"Node Type": "Bitmap Index Scan", "Parent Relationship": "Outer", "Index Name": "company_name_pkey", "Startup Cost": 0.0, "Total Cost": 0.26, "Plan Rows": 1, "Plan Width": 0, "Index Cond": "(id = mc.company_id)"}]}]}, {"Node Type": "Bitmap Heap Scan", "Parent Relationship": "Inner", "Relation Name": "title", "Alias": "t", "Startup Cost": 0.3, "Total Cost": 4.32, "Plan Rows": 1, "Plan Width": 21, "Recheck Cond": "(id = ci.movie_id)", "Filter": "((production_year >= 2005) AND (production_year <= 2015))", "Plans": [{"Node Type": "Bitmap Index Scan", "Parent Relationship": "Outer", "Index Name": "title_pkey", "Startup Cost": 0.0, "Total Cost": 0.3, "Plan Rows": 1, "Plan Width": 0, "Index Cond": "(id = ci.movie_id)"}]}]}]}, "Unique SQL Id": 3431223514, "Planner Runtime": 138}, "explain_analyze_plan": {"Plan": {"Node Type": "Aggregate", "Strategy": "Plain", "Startup Cost": 66283.12, "Total Cost": 66283.13, "Plan Rows": 1, "Plan Width": 145, "Actual Min Startup Time": 241.803, "Actual Max Startup Time": 241.803, "Actual Min Total Time": 241.803, "Actual Max Total Time": 241.803, "Plans": [{"Node Type": "Nested Loop", "Parent Relationship": "Outer", "Join Type": "Inner", "Startup Cost": 7.57, "Total Cost": 66283.11, "Plan Rows": 2, "Plan Width": 49, "Actual Min Startup Time": 154.874, "Actual Max Startup Time": 154.874, "Actual Min Total Time": 241.573, "Actual Max Total Time": 241.573, "Inner Unique": true, "Plans": [{"Node Type": "Nested Loop", "Parent Relationship": "Outer", "Join Type": "Inner", "Startup Cost": 7.27, "Total Cost": 66274.45, "Plan Rows": 2, "Plan Width": 40, "Actual Min Startup Time": 59.119, "Actual Max Startup Time": 59.119, "Actual Min Total Time": 238.806, "Actual Max Total Time": 238.806, "Inner Unique": true, "Plans": [{"Node Type": "Nested Loop", "Parent Relationship": "Outer", "Join Type": "Inner", "Startup Cost": 7.01, "Total Cost": 66265.87, "Plan Rows": 2, "Plan Width": 44, "Actual Min Startup Time": 59.093, "Actual Max Startup Time": 59.093, "Actual Min Total Time": 236.097, "Actual Max Total Time": 236.097, "Inner Unique": true, "Plans": [{"Node Type": "Nested Loop", "Parent Relationship": "Outer", "Join Type": "Inner", "Startup Cost": 6.69, "Total Cost": 66244.19, "Plan Rows": 5, "Plan Width": 32, "Actual Min Startup Time": 59.073, "Actual Max Startup Time": 59.073, "Actual Min Total Time": 233.665, "Actual Max Total Time": 233.665, "Inner Unique": false, "Plans": [{"Node Type": "Hash Join", "Parent Relationship": "Outer", "Join Type": "Inner", "Startup Cost": 6.38, "Total Cost": 66187.56, "Plan Rows": 13, "Plan Width": 24, "Actual Min Startup Time": 58.489, "Actual Max Startup Time": 58.489, "Actual Min Total Time": 227.282, "Actual Max Total Time": 227.282, "Inner Unique": true, "Hash Cond": "(ci.role_id = rt.id)", "Plans": [{"Node Type": "Nested Loop", "Parent Relationship": "Outer", "Join Type": "Inner", "Startup Cost": 5.22, "Total Cost": 66185.91, "Plan Rows": 141, "Plan Width": 28, "Actual Min Startup Time": 58.362, "Actual Max Startup Time": 58.362, "Actual Min Total Time": 226.878, "Actual Max Total Time": 226.878, "Inner Unique": false, "Join Filter": "(n.id = ci.person_id)", "Rows Removed by Join Filter": 0, "Plans": [{"Node Type": "Nested Loop", "Parent Relationship": "Outer", "Join Type": "Inner", "Startup Cost": 4.22, "Total Cost": 65572.72, "Plan Rows": 115, "Plan Width": 24, "Actual Min Startup Time": 58.169, "Actual Max Startup Time": 58.169, "Actual Min Total Time": 171.925, "Actual Max Total Time": 171.925, "Inner Unique": false, "Plans": [{"Node Type": "Streaming(type: LOCAL GATHER dop: 1/64)", "Parent Relationship": "Outer", "Startup Cost": 0.0, "Total Cost": 64781.81, "Plan Rows": 96, "Plan Width": 4, "Actual Min Startup Time": 58.058, "Actual Max Startup Time": 58.058, "Actual Min Total Time": 138.216, "Actual Max Total Time": 138.216, "Plans": [{"Node Type": "Seq Scan", "Parent Relationship": "Outer", "Relation Name": "name", "Alias": "n", "Startup Cost": 0.0, "Total Cost": 64779.83, "Plan Rows": 96, "Plan Width": 4, "Actual Min Startup Time": 9.448, "Actual Max Startup Time": 14.127, "Actual Min Total Time": 25.4, "Actual Max Total Time": 30.778, "Filter": "(((name)::text ~~ '%Ang%'::text) AND ((gender)::text = 'f'::text))", "Rows Removed by Filter": 4160722, "Actual Rows": 6768}], "Actual Rows": 6768}, {"Node Type": "Bitmap Heap Scan", "Parent Relationship": "Inner", "Relation Name": "aka_name", "Alias": "an", "Startup Cost": 4.22, "Total Cost": 8.23, "Plan Rows": 1, "Plan Width": 20, "Actual Min Startup Time": 25.536, "Actual Max Startup Time": 25.536, "Actual Min Total Time": 26.138, "Actual Max Total Time": 26.138, "Recheck Cond": "(person_id = n.id)", "Rows Removed by Index Recheck": 0, "Exact Heap Blocks": 1014, "Lossy Heap Blocks": 1014, "Plans": [{"Node Type": "Bitmap Index Scan", "Parent Relationship": "Outer", "Index Name": "person_id_aka_name", "Startup Cost": 0.0, "Total Cost": 4.22, "Plan Rows": 1, "Plan Width": 0, "Actual Min Startup Time": 19.602, "Actual Max Startup Time": 19.602, "Actual Min Total Time": 19.602, "Actual Max Total Time": 19.602, "Index Cond": "(person_id = n.id)", "Actual Rows": 1558}], "Actual Rows": 1558}], "Actual Rows": 1558}, {"Node Type": "Bitmap Heap Scan", "Parent Relationship": "Inner", "Relation Name": "cast_info", "Alias": "ci", "Startup Cost": 1.0, "Total Cost": 5.32, "Plan Rows": 1, "Plan Width": 16, "Actual Min Startup Time": 49.425, "Actual Max Startup Time": 49.425, "Actual Min Total Time": 52.815, "Actual Max Total Time": 52.815, "Recheck Cond": "(person_id = an.person_id)", "Rows Removed by Index Recheck": 0, "Filter": "((note)::text = ANY ('{(voice),\"(voice: Japanese version)\",\"(voice) (uncredited)\",\"(voice: English version)\"}'::text[]))", "Rows Removed by Filter": 69057, "Exact Heap Blocks": 2627, "Lossy Heap Blocks": 2627, "Plans": [{"Node Type": "Bitmap Index Scan", "Parent Relationship": "Outer", "Index Name": "person_id_cast_info", "Startup Cost": 0.0, "Total Cost": 1.0, "Plan Rows": 18, "Plan Width": 0, "Actual Min Startup Time": 16.224, "Actual Max Startup Time": 16.224, "Actual Min Total Time": 16.224, "Actual Max Total Time": 16.224, "Index Cond": "(person_id = an.person_id)", "Actual Rows": 69482}], "Actual Rows": 425}], "Actual Rows": 425}, {"Node Type": "Hash", "Parent Relationship": "Inner", "Startup Cost": 1.15, "Total Cost": 1.15, "Plan Rows": 1, "Plan Width": 4, "Actual Min Startup Time": 0.062, "Actual Max Startup Time": 0.062, "Actual Min Total Time": 0.062, "Actual Max Total Time": 0.062, "Max Hash Buckets": 32768, "Min Hash Buckets": 32768, "Max Hash Batches": 1, "Min Hash Batches": 1, "Max Original Hash Batches": 1, "Min Original Hash Batches": 1, "Max Peak Memory Usage": 1, "min Peak Memory Usage": 1, "Plans": [{"Node Type": "Seq Scan", "Parent Relationship": "Outer", "Relation Name": "role_type", "Alias": "rt", "Startup Cost": 0.0, "Total Cost": 1.15, "Plan Rows": 1, "Plan Width": 4, "Actual Min Startup Time": 0.048, "Actual Max Startup Time": 0.048, "Actual Min Total Time": 0.052, "Actual Max Total Time": 0.052, "Filter": "((role)::text = 'actress'::text)", "Rows Removed by Filter": 11, "Actual Rows": 1}], "Actual Rows": 1}], "Actual Rows": 425}, {"Node Type": "Bitmap Heap Scan", "Parent Relationship": "Inner", "Relation Name": "movie_companies", "Alias": "mc", "Startup Cost": 0.31, "Total Cost": 4.35, "Plan Rows": 1, "Plan Width": 8, "Actual Min Startup Time": 4.61, "Actual Max Startup Time": 4.61, "Actual Min Total Time": 5.64, "Actual Max Total Time": 5.64, "Recheck Cond": "(movie_id = ci.movie_id)", "Rows Removed by Index Recheck": 0, "Filter": "((note IS NOT NULL) AND (((note)::text ~~ '%(USA)%'::text) OR ((note)::text ~~ '%(worldwide)%'::text)))", "Rows Removed by Filter": 1538, "Exact Heap Blocks": 580, "Lossy Heap Blocks": 580, "Plans": [{"Node Type": "Bitmap Index Scan", "Parent Relationship": "Outer", "Index Name": "movie_id_movie_companies", "Startup Cost": 0.0, "Total Cost": 0.31, "Plan Rows": 2, "Plan Width": 0, "Actual Min Startup Time": 2.448, "Actual Max Startup Time": 2.448, "Actual Min Total Time": 2.448, "Actual Max Total Time": 2.448, "Index Cond": "(movie_id = ci.movie_id)", "Actual Rows": 1911}], "Actual Rows": 373}], "Actual Rows": 373}, {"Node Type": "Bitmap Heap Scan", "Parent Relationship": "Inner", "Relation Name": "char_name", "Alias": "chn", "Startup Cost": 0.31, "Total Cost": 4.33, "Plan Rows": 1, "Plan Width": 20, "Actual Min Startup Time": 1.821, "Actual Max Startup Time": 1.821, "Actual Min Total Time": 1.821, "Actual Max Total Time": 1.821, "Recheck Cond": "(id = ci.person_role_id)", "Rows Removed by Index Recheck": 0, "Exact Heap Blocks": 348, "Lossy Heap Blocks": 348, "Plans": [{"Node Type": "Bitmap Index Scan", "Parent Relationship": "Outer", "Index Name": "char_name_pkey", "Startup Cost": 0.0, "Total Cost": 0.31, "Plan Rows": 1, "Plan Width": 0, "Actual Min Startup Time": 1.169, "Actual Max Startup Time": 1.169, "Actual Min Total Time": 1.169, "Actual Max Total Time": 1.169, "Index Cond": "(id = ci.person_role_id)", "Actual Rows": 348}], "Actual Rows": 348}], "Actual Rows": 348}, {"Node Type": "Bitmap Heap Scan", "Parent Relationship": "Inner", "Relation Name": "company_name", "Alias": "cn", "Startup Cost": 0.26, "Total Cost": 4.28, "Plan Rows": 1, "Plan Width": 4, "Actual Min Startup Time": 2.199, "Actual Max Startup Time": 2.199, "Actual Min Total Time": 2.199, "Actual Max Total Time": 2.199, "Recheck Cond": "(id = mc.company_id)", "Rows Removed by Index Recheck": 0, "Filter": "((country_code)::text = '[us]'::text)", "Rows Removed by Filter": 7, "Exact Heap Blocks": 348, "Lossy Heap Blocks": 348, "Plans": [{"Node Type": "Bitmap Index Scan", "Parent Relationship": "Outer", "Index Name": "company_name_pkey", "Startup Cost": 0.0, "Total Cost": 0.26, "Plan Rows": 1, "Plan Width": 0, "Actual Min Startup Time": 1.207, "Actual Max Startup Time": 1.207, "Actual Min Total Time": 1.207, "Actual Max Total Time": 1.207, "Index Cond": "(id = mc.company_id)", "Actual Rows": 348}], "Actual Rows": 341}], "Actual Rows": 341}, {"Node Type": "Bitmap Heap Scan", "Parent Relationship": "Inner", "Relation Name": "title", "Alias": "t", "Startup Cost": 0.3, "Total Cost": 4.32, "Plan Rows": 1, "Plan Width": 21, "Actual Min Startup Time": 2.286, "Actual Max Startup Time": 2.286, "Actual Min Total Time": 2.286, "Actual Max Total Time": 2.286, "Recheck Cond": "(id = ci.movie_id)", "Rows Removed by Index Recheck": 0, "Filter": "((production_year >= 2005) AND (production_year <= 2015))", "Rows Removed by Filter": 220, "Exact Heap Blocks": 341, "Lossy Heap Blocks": 341, "Plans": [{"Node Type": "Bitmap Index Scan", "Parent Relationship": "Outer", "Index Name": "title_pkey", "Startup Cost": 0.0, "Total Cost": 0.3, "Plan Rows": 1, "Plan Width": 0, "Actual Min Startup Time": 1.39, "Actual Max Startup Time": 1.39, "Actual Min Total Time": 1.39, "Actual Max Total Time": 1.39, "Index Cond": "(id = ci.movie_id)", "Actual Rows": 341}], "Actual Rows": 121}], "Actual Rows": 121}], "Actual Rows": 1}, "Triggers": [], "Planner Runtime": 106, "Total Runtime": 254.326, "Unique SQL Id": 3431223514}}, "(64, 71)": {"explain_plan": {"Plan": {"Node Type": "Aggregate", "Strategy": "Plain", "Startup Cost": 199170.6, "Total Cost": 199170.61, "Plan Rows": 1, "Plan Width": 145, "Plans": [{"Node Type": "Nested Loop", "Parent Relationship": "Outer", "Join Type": "Inner", "Startup Cost": 83164.39, "Total Cost": 199170.59, "Plan Rows": 2, "Plan Width": 49, "Inner Unique": true, "Plans": [{"Node Type": "Nested Loop", "Parent Relationship": "Outer", "Join Type": "Inner", "Startup Cost": 83164.09, "Total Cost": 199161.93, "Plan Rows": 2, "Plan Width": 40, "Inner Unique": true, "Plans": [{"Node Type": "Nested Loop", "Parent Relationship": "Outer", "Join Type": "Inner", "Startup Cost": 83163.83, "Total Cost": 199153.35, "Plan Rows": 2, "Plan Width": 44, "Inner Unique": true, "Plans": [{"Node Type": "Nested Loop", "Parent Relationship": "Outer", "Join Type": "Inner", "Startup Cost": 83163.51, "Total Cost": 199131.67, "Plan Rows": 5, "Plan Width": 32, "Inner Unique": false, "Plans": [{"Node Type": "Nested Loop", "Parent Relationship": "Outer", "Join Type": "Inner", "Startup Cost": 83163.2, "Total Cost": 199075.04, "Plan Rows": 13, "Plan Width": 24, "Inner Unique": true, "Plans": [{"Node Type": "Nested Loop", "Parent Relationship": "Outer", "Join Type": "Inner", "Startup Cost": 83162.94, "Total Cost": 198471.17, "Plan Rows": 141, "Plan Width": 28, "Inner Unique": false, "Join Filter": "(n.id = ci.person_id)", "Plans": [{"Node Type": "Nested Loop", "Parent Relationship": "Outer", "Join Type": "Inner", "Startup Cost": 83161.94, "Total Cost": 197857.98, "Plan Rows": 115, "Plan Width": 24, "Inner Unique": false, "Plans": [{"Node Type": "Bitmap Heap Scan", "Parent Relationship": "Outer", "Relation Name": "name", "Alias": "n", "Startup Cost": 83157.72, "Total Cost": 197067.07, "Plan Rows": 96, "Plan Width": 4, "Filter": "(((name)::text ~~ '%Ang%'::text) AND ((gender)::text = 'f'::text))", "Plans": [{"Node Type": "Bitmap Index Scan", "Parent Relationship": "Outer", "Index Name": "name_pkey", "Startup Cost": 0.0, "Total Cost": 83157.7, "Plan Rows": 4167490, "Plan Width": 0}]}, {"Node Type": "Bitmap Heap Scan", "Parent Relationship": "Inner", "Relation Name": "aka_name", "Alias": "an", "Startup Cost": 4.22, "Total Cost": 8.23, "Plan Rows": 1, "Plan Width": 20, "Recheck Cond": "(person_id = n.id)", "Plans": [{"Node Type": "Bitmap Index Scan", "Parent Relationship": "Outer", "Index Name": "person_id_aka_name", "Startup Cost": 0.0, "Total Cost": 4.22, "Plan Rows": 1, "Plan Width": 0, "Index Cond": "(person_id = n.id)"}]}]}, {"Node Type": "Bitmap Heap Scan", "Parent Relationship": "Inner", "Relation Name": "cast_info", "Alias": "ci", "Startup Cost": 1.0, "Total Cost": 5.32, "Plan Rows": 1, "Plan Width": 16, "Recheck Cond": "(person_id = an.person_id)", "Filter": "((note)::text = ANY ('{(voice),\"(voice: Japanese version)\",\"(voice) (uncredited)\",\"(voice: English version)\"}'::text[]))", "Plans": [{"Node Type": "Bitmap Index Scan", "Parent Relationship": "Outer", "Index Name": "person_id_cast_info", "Startup Cost": 0.0, "Total Cost": 1.0, "Plan Rows": 18, "Plan Width": 0, "Index Cond": "(person_id = an.person_id)"}]}]}, {"Node Type": "Bitmap Heap Scan", "Parent Relationship": "Inner", "Relation Name": "role_type", "Alias": "rt", "Startup Cost": 0.26, "Total Cost": 4.27, "Plan Rows": 1, "Plan Width": 4, "Recheck Cond": "(id = ci.role_id)", "Filter": "((role)::text = 'actress'::text)", "Plans": [{"Node Type": "Bitmap Index Scan", "Parent Relationship": "Outer", "Index Name": "role_type_pkey", "Startup Cost": 0.0, "Total Cost": 0.26, "Plan Rows": 1, "Plan Width": 0, "Index Cond": "(id = ci.role_id)"}]}]}, {"Node Type": "Bitmap Heap Scan", "Parent Relationship": "Inner", "Relation Name": "movie_companies", "Alias": "mc", "Startup Cost": 0.31, "Total Cost": 4.35, "Plan Rows": 1, "Plan Width": 8, "Recheck Cond": "(movie_id = ci.movie_id)", "Filter": "((note IS NOT NULL) AND (((note)::text ~~ '%(USA)%'::text) OR ((note)::text ~~ '%(worldwide)%'::text)))", "Plans": [{"Node Type": "Bitmap Index Scan", "Parent Relationship": "Outer", "Index Name": "movie_id_movie_companies", "Startup Cost": 0.0, "Total Cost": 0.31, "Plan Rows": 2, "Plan Width": 0, "Index Cond": "(movie_id = ci.movie_id)"}]}]}, {"Node Type": "Bitmap Heap Scan", "Parent Relationship": "Inner", "Relation Name": "char_name", "Alias": "chn", "Startup Cost": 0.31, "Total Cost": 4.33, "Plan Rows": 1, "Plan Width": 20, "Recheck Cond": "(id = ci.person_role_id)", "Plans": [{"Node Type": "Bitmap Index Scan", "Parent Relationship": "Outer", "Index Name": "char_name_pkey", "Startup Cost": 0.0, "Total Cost": 0.31, "Plan Rows": 1, "Plan Width": 0, "Index Cond": "(id = ci.person_role_id)"}]}]}, {"Node Type": "Bitmap Heap Scan", "Parent Relationship": "Inner", "Relation Name": "company_name", "Alias": "cn", "Startup Cost": 0.26, "Total Cost": 4.28, "Plan Rows": 1, "Plan Width": 4, "Recheck Cond": "(id = mc.company_id)", "Filter": "((country_code)::text = '[us]'::text)", "Plans": [{"Node Type": "Bitmap Index Scan", "Parent Relationship": "Outer", "Index Name": "company_name_pkey", "Startup Cost": 0.0, "Total Cost": 0.26, "Plan Rows": 1, "Plan Width": 0, "Index Cond": "(id = mc.company_id)"}]}]}, {"Node Type": "Bitmap Heap Scan", "Parent Relationship": "Inner", "Relation Name": "title", "Alias": "t", "Startup Cost": 0.3, "Total Cost": 4.32, "Plan Rows": 1, "Plan Width": 21, "Recheck Cond": "(id = ci.movie_id)", "Filter": "((production_year >= 2005) AND (production_year <= 2015))", "Plans": [{"Node Type": "Bitmap Index Scan", "Parent Relationship": "Outer", "Index Name": "title_pkey", "Startup Cost": 0.0, "Total Cost": 0.3, "Plan Rows": 1, "Plan Width": 0, "Index Cond": "(id = ci.movie_id)"}]}]}]}, "Unique SQL Id": 3431223514, "Planner Runtime": 88}, "explain_analyze_plan": null}, "(64, 72)": {"explain_plan": {"Plan": {"Node Type": "Aggregate", "Strategy": "Plain", "Startup Cost": 65897.13, "Total Cost": 65897.14, "Plan Rows": 1, "Plan Width": 145, "Plans": [{"Node Type": "Nested Loop", "Parent Relationship": "Outer", "Join Type": "Inner", "Startup Cost": 0.0, "Total Cost": 65897.12, "Plan Rows": 1, "Plan Width": 49, "Inner Unique": true, "Plans": [{"Node Type": "Nested Loop", "Parent Relationship": "Outer", "Join Type": "Inner", "Startup Cost": 0.0, "Total Cost": 65896.62, "Plan Rows": 1, "Plan Width": 40, "Inner Unique": true, "Plans": [{"Node Type": "Nested Loop", "Parent Relationship": "Outer", "Join Type": "Inner", "Startup Cost": 0.0, "Total Cost": 65895.97, "Plan Rows": 2, "Plan Width": 44, "Inner Unique": true, "Plans": [{"Node Type": "Nested Loop", "Parent Relationship": "Outer", "Join Type": "Inner", "Startup Cost": 0.0, "Total Cost": 65893.42, "Plan Rows": 5, "Plan Width": 32, "Inner Unique": false, "Plans": [{"Node Type": "Nested Loop", "Parent Relationship": "Outer", "Join Type": "Inner", "Startup Cost": 0.0, "Total Cost": 65887.81, "Plan Rows": 13, "Plan Width": 24, "Inner Unique": true, "Plans": [{"Node Type": "Nested Loop", "Parent Relationship": "Outer", "Join Type": "Inner", "Startup Cost": 0.0, "Total Cost": 65847.98, "Plan Rows": 141, "Plan Width": 28, "Inner Unique": false, "Join Filter": "(n.id = ci.person_id)", "Plans": [{"Node Type": "Nested Loop", "Parent Relationship": "Outer", "Join Type": "Inner", "Startup Cost": 0.0, "Total Cost": 65572.69, "Plan Rows": 115, "Plan Width": 24, "Inner Unique": false, "Plans": [{"Node Type": "Streaming(type: LOCAL GATHER dop: 1/64)", "Parent Relationship": "Outer", "Startup Cost": 0.0, "Total Cost": 64781.81, "Plan Rows": 96, "Plan Width": 4, "Plans": [{"Node Type": "Seq Scan", "Parent Relationship": "Outer", "Relation Name": "name", "Alias": "n", "Startup Cost": 0.0, "Total Cost": 64779.83, "Plan Rows": 96, "Plan Width": 4, "Filter": "(((name)::text ~~ '%Ang%'::text) AND ((gender)::text = 'f'::text))"}]}, {"Node Type": "Index Scan", "Parent Relationship": "Inner", "Scan Direction": "Forward", "Index Name": "person_id_aka_name", "Relation Name": "aka_name", "Alias": "an", "Startup Cost": 0.0, "Total Cost": 8.23, "Plan Rows": 1, "Plan Width": 20, "Index Cond": "(person_id = n.id)"}]}, {"Node Type": "Index Scan", "Parent Relationship": "Inner", "Scan Direction": "Forward", "Index Name": "person_id_cast_info", "Relation Name": "cast_info", "Alias": "ci", "Startup Cost": 0.0, "Total Cost": 2.38, "Plan Rows": 1, "Plan Width": 16, "Index Cond": "(person_id = an.person_id)", "Filter": "((note)::text = ANY ('{(voice),\"(voice: Japanese version)\",\"(voice) (uncredited)\",\"(voice: English version)\"}'::text[]))"}]}, {"Node Type": "Index Scan", "Parent Relationship": "Inner", "Scan Direction": "Forward", "Index Name": "role_type_pkey", "Relation Name": "role_type", "Alias": "rt", "Startup Cost": 0.0, "Total Cost": 0.27, "Plan Rows": 1, "Plan Width": 4, "Index Cond": "(id = ci.role_id)", "Filter": "((role)::text = 'actress'::text)"}]}, {"Node Type": "Index Scan", "Parent Relationship": "Inner", "Scan Direction": "Forward", "Index Name": "movie_id_movie_companies", "Relation Name": "movie_companies", "Alias": "mc", "Startup Cost": 0.0, "Total Cost": 0.42, "Plan Rows": 1, "Plan Width": 8, "Index Cond": "(movie_id = ci.movie_id)", "Filter": "((note IS NOT NULL) AND (((note)::text ~~ '%(USA)%'::text) OR ((note)::text ~~ '%(worldwide)%'::text)))"}]}, {"Node Type": "Index Scan", "Parent Relationship": "Inner", "Scan Direction": "Forward", "Index Name": "char_name_pkey", "Relation Name": "char_name", "Alias": "chn", "Startup Cost": 0.0, "Total Cost": 0.5, "Plan Rows": 1, "Plan Width": 20, "Index Cond": "(id = ci.person_role_id)"}]}, {"Node Type": "Index Scan", "Parent Relationship": "Inner", "Scan Direction": "Forward", "Index Name": "company_name_pkey", "Relation Name": "company_name", "Alias": "cn", "Startup Cost": 0.0, "Total Cost": 0.32, "Plan Rows": 1, "Plan Width": 4, "Index Cond": "(id = mc.company_id)", "Filter": "((country_code)::text = '[us]'::text)"}]}, {"Node Type": "Index Scan", "Parent Relationship": "Inner", "Scan Direction": "Forward", "Index Name": "title_pkey", "Relation Name": "title", "Alias": "t", "Startup Cost": 0.0, "Total Cost": 0.49, "Plan Rows": 1, "Plan Width": 21, "Index Cond": "(id = ci.movie_id)", "Filter": "((production_year >= 2005) AND (production_year <= 2015))"}]}]}, "Unique SQL Id": 3431223514, "Planner Runtime": 111}, "explain_analyze_plan": {"Plan": {"Node Type": "Aggregate", "Strategy": "Plain", "Startup Cost": 65897.13, "Total Cost": 65897.14, "Plan Rows": 1, "Plan Width": 145, "Actual Min Startup Time": 247.956, "Actual Max Startup Time": 247.956, "Actual Min Total Time": 247.957, "Actual Max Total Time": 247.957, "Plans": [{"Node Type": "Nested Loop", "Parent Relationship": "Outer", "Join Type": "Inner", "Startup Cost": 0.0, "Total Cost": 65897.12, "Plan Rows": 1, "Plan Width": 49, "Actual Min Startup Time": 158.201, "Actual Max Startup Time": 158.201, "Actual Min Total Time": 247.771, "Actual Max Total Time": 247.771, "Inner Unique": true, "Plans": [{"Node Type": "Nested Loop", "Parent Relationship": "Outer", "Join Type": "Inner", "Startup Cost": 0.0, "Total Cost": 65896.62, "Plan Rows": 1, "Plan Width": 40, "Actual Min Startup Time": 148.325, "Actual Max Startup Time": 148.325, "Actual Min Total Time": 245.64, "Actual Max Total Time": 245.64, "Inner Unique": true, "Plans": [{"Node Type": "Nested Loop", "Parent Relationship": "Outer", "Join Type": "Inner", "Startup Cost": 0.0, "Total Cost": 65895.97, "Plan Rows": 2, "Plan Width": 44, "Actual Min Startup Time": 148.293, "Actual Max Startup Time": 148.293, "Actual Min Total Time": 243.609, "Actual Max Total Time": 243.609, "Inner Unique": true, "Plans": [{"Node Type": "Nested Loop", "Parent Relationship": "Outer", "Join Type": "Inner", "Startup Cost": 0.0, "Total Cost": 65893.42, "Plan Rows": 5, "Plan Width": 32, "Actual Min Startup Time": 148.272, "Actual Max Startup Time": 148.272, "Actual Min Total Time": 241.843, "Actual Max Total Time": 241.843, "Inner Unique": false, "Plans": [{"Node Type": "Nested Loop", "Parent Relationship": "Outer", "Join Type": "Inner", "Startup Cost": 0.0, "Total Cost": 65887.81, "Plan Rows": 13, "Plan Width": 24, "Actual Min Startup Time": 117.747, "Actual Max Startup Time": 117.747, "Actual Min Total Time": 236.984, "Actual Max Total Time": 236.984, "Inner Unique": true, "Plans": [{"Node Type": "Nested Loop", "Parent Relationship": "Outer", "Join Type": "Inner", "Startup Cost": 0.0, "Total Cost": 65847.98, "Plan Rows": 141, "Plan Width": 28, "Actual Min Startup Time": 117.733, "Actual Max Startup Time": 117.733, "Actual Min Total Time": 235.718, "Actual Max Total Time": 235.718, "Inner Unique": false, "Join Filter": "(n.id = ci.person_id)", "Rows Removed by Join Filter": 0, "Plans": [{"Node Type": "Nested Loop", "Parent Relationship": "Outer", "Join Type": "Inner", "Startup Cost": 0.0, "Total Cost": 65572.69, "Plan Rows": 115, "Plan Width": 24, "Actual Min Startup Time": 117.21, "Actual Max Startup Time": 117.21, "Actual Min Total Time": 180.677, "Actual Max Total Time": 180.677, "Inner Unique": false, "Plans": [{"Node Type": "Streaming(type: LOCAL GATHER dop: 1/64)", "Parent Relationship": "Outer", "Startup Cost": 0.0, "Total Cost": 64781.81, "Plan Rows": 96, "Plan Width": 4, "Actual Min Startup Time": 117.144, "Actual Max Startup Time": 117.144, "Actual Min Total Time": 155.659, "Actual Max Total Time": 155.659, "Plans": [{"Node Type": "Seq Scan", "Parent Relationship": "Outer", "Relation Name": "name", "Alias": "n", "Startup Cost": 0.0, "Total Cost": 64779.83, "Plan Rows": 96, "Plan Width": 4, "Actual Min Startup Time": 9.543, "Actual Max Startup Time": 14.159, "Actual Min Total Time": 25.518, "Actual Max Total Time": 30.721, "Filter": "(((name)::text ~~ '%Ang%'::text) AND ((gender)::text = 'f'::text))", "Rows Removed by Filter": 4160722, "Actual Rows": 6768}], "Actual Rows": 6768}, {"Node Type": "Index Scan", "Parent Relationship": "Inner", "Scan Direction": "Forward", "Index Name": "person_id_aka_name", "Relation Name": "aka_name", "Alias": "an", "Startup Cost": 0.0, "Total Cost": 8.23, "Plan Rows": 1, "Plan Width": 20, "Actual Min Startup Time": 20.67, "Actual Max Startup Time": 20.67, "Actual Min Total Time": 21.568, "Actual Max Total Time": 21.568, "Index Cond": "(person_id = n.id)", "Rows Removed by Index Recheck": 0, "Actual Rows": 1558}], "Actual Rows": 1558}, {"Node Type": "Index Scan", "Parent Relationship": "Inner", "Scan Direction": "Forward", "Index Name": "person_id_cast_info", "Relation Name": "cast_info", "Alias": "ci", "Startup Cost": 0.0, "Total Cost": 2.38, "Plan Rows": 1, "Plan Width": 16, "Actual Min Startup Time": 48.98, "Actual Max Startup Time": 48.98, "Actual Min Total Time": 54.031, "Actual Max Total Time": 54.031, "Index Cond": "(person_id = an.person_id)", "Rows Removed by Index Recheck": 0, "Filter": "((note)::text = ANY ('{(voice),\"(voice: Japanese version)\",\"(voice) (uncredited)\",\"(voice: English version)\"}'::text[]))", "Rows Removed by Filter": 69057, "Actual Rows": 425}], "Actual Rows": 425}, {"Node Type": "Index Scan", "Parent Relationship": "Inner", "Scan Direction": "Forward", "Index Name": "role_type_pkey", "Relation Name": "role_type", "Alias": "rt", "Startup Cost": 0.0, "Total Cost": 0.27, "Plan Rows": 1, "Plan Width": 4, "Actual Min Startup Time": 0.839, "Actual Max Startup Time": 0.839, "Actual Min Total Time": 0.839, "Actual Max Total Time": 0.839, "Index Cond": "(id = ci.role_id)", "Rows Removed by Index Recheck": 0, "Filter": "((role)::text = 'actress'::text)", "Rows Removed by Filter": 0, "Actual Rows": 425}], "Actual Rows": 425}, {"Node Type": "Index Scan", "Parent Relationship": "Inner", "Scan Direction": "Forward", "Index Name": "movie_id_movie_companies", "Relation Name": "movie_companies", "Alias": "mc", "Startup Cost": 0.0, "Total Cost": 0.42, "Plan Rows": 1, "Plan Width": 8, "Actual Min Startup Time": 3.237, "Actual Max Startup Time": 3.237, "Actual Min Total Time": 4.499, "Actual Max Total Time": 4.499, "Index Cond": "(movie_id = ci.movie_id)", "Rows Removed by Index Recheck": 0, "Filter": "((note IS NOT NULL) AND (((note)::text ~~ '%(USA)%'::text) OR ((note)::text ~~ '%(worldwide)%'::text)))", "Rows Removed by Filter": 1538, "Actual Rows": 373}], "Actual Rows": 373}, {"Node Type": "Index Scan", "Parent Relationship": "Inner", "Scan Direction": "Forward", "Index Name": "char_name_pkey", "Relation Name": "char_name", "Alias": "chn", "Startup Cost": 0.0, "Total Cost": 0.5, "Plan Rows": 1, "Plan Width": 20, "Actual Min Startup Time": 1.4, "Actual Max Startup Time": 1.4, "Actual Min Total Time": 1.4, "Actual Max Total Time": 1.4, "Index Cond": "(id = ci.person_role_id)", "Rows Removed by Index Recheck": 0, "Actual Rows": 348}], "Actual Rows": 348}, {"Node Type": "Index Scan", "Parent Relationship": "Inner", "Scan Direction": "Forward", "Index Name": "company_name_pkey", "Relation Name": "company_name", "Alias": "cn", "Startup Cost": 0.0, "Total Cost": 0.32, "Plan Rows": 1, "Plan Width": 4, "Actual Min Startup Time": 1.687, "Actual Max Startup Time": 1.687, "Actual Min Total Time": 1.687, "Actual Max Total Time": 1.687, "Index Cond": "(id = mc.company_id)", "Rows Removed by Index Recheck": 0, "Filter": "((country_code)::text = '[us]'::text)", "Rows Removed by Filter": 7, "Actual Rows": 341}], "Actual Rows": 341}, {"Node Type": "Index Scan", "Parent Relationship": "Inner", "Scan Direction": "Forward", "Index Name": "title_pkey", "Relation Name": "title", "Alias": "t", "Startup Cost": 0.0, "Total Cost": 0.49, "Plan Rows": 1, "Plan Width": 21, "Actual Min Startup Time": 1.865, "Actual Max Startup Time": 1.865, "Actual Min Total Time": 1.865, "Actual Max Total Time": 1.865, "Index Cond": "(id = ci.movie_id)", "Rows Removed by Index Recheck": 0, "Filter": "((production_year >= 2005) AND (production_year <= 2015))", "Rows Removed by Filter": 220, "Actual Rows": 121}], "Actual Rows": 121}], "Actual Rows": 1}, "Triggers": [], "Planner Runtime": 66, "Total Runtime": 261.423, "Unique SQL Id": 3431223514}}, "(64, 73)": {"explain_plan": {"Plan": {"Node Type": "Aggregate", "Strategy": "Plain", "Startup Cost": 198184.97, "Total Cost": 198184.98, "Plan Rows": 1, "Plan Width": 145, "Plans": [{"Node Type": "Nested Loop", "Parent Relationship": "Outer", "Join Type": "Inner", "Startup Cost": 0.0, "Total Cost": 198184.96, "Plan Rows": 1, "Plan Width": 49, "Inner Unique": true, "Plans": [{"Node Type": "Nested Loop", "Parent Relationship": "Outer", "Join Type": "Inner", "Startup Cost": 0.0, "Total Cost": 198184.46, "Plan Rows": 1, "Plan Width": 40, "Inner Unique": true, "Plans": [{"Node Type": "Nested Loop", "Parent Relationship": "Outer", "Join Type": "Inner", "Startup Cost": 0.0, "Total Cost": 198183.44, "Plan Rows": 2, "Plan Width": 28, "Inner Unique": true, "Plans": [{"Node Type": "Nested Loop", "Parent Relationship": "Outer", "Join Type": "Inner", "Startup Cost": 0.0, "Total Cost": 198181.8, "Plan Rows": 5, "Plan Width": 32, "Inner Unique": false, "Plans": [{"Node Type": "Nested Loop", "Parent Relationship": "Outer", "Join Type": "Inner", "Startup Cost": 0.0, "Total Cost": 198176.2, "Plan Rows": 13, "Plan Width": 24, "Inner Unique": true, "Plans": [{"Node Type": "Nested Loop", "Parent Relationship": "Outer", "Join Type": "Inner", "Startup Cost": 0.0, "Total Cost": 198136.36, "Plan Rows": 141, "Plan Width": 28, "Inner Unique": false, "Join Filter": "(n.id = ci.person_id)", "Plans": [{"Node Type": "Nested Loop", "Parent Relationship": "Outer", "Join Type": "Inner", "Startup Cost": 0.0, "Total Cost": 197861.08, "Plan Rows": 115, "Plan Width": 24, "Inner Unique": false, "Plans": [{"Node Type": "Index Scan", "Parent Relationship": "Outer", "Scan Direction": "Forward", "Index Name": "name_pkey", "Relation Name": "name", "Alias": "n", "Startup Cost": 0.0, "Total Cost": 197070.2, "Plan Rows": 96, "Plan Width": 4, "Filter": "(((name)::text ~~ '%Ang%'::text) AND ((gender)::text = 'f'::text))"}, {"Node Type": "Index Scan", "Parent Relationship": "Inner", "Scan Direction": "Forward", "Index Name": "person_id_aka_name", "Relation Name": "aka_name", "Alias": "an", "Startup Cost": 0.0, "Total Cost": 8.23, "Plan Rows": 1, "Plan Width": 20, "Index Cond": "(person_id = n.id)"}]}, {"Node Type": "Index Scan", "Parent Relationship": "Inner", "Scan Direction": "Forward", "Index Name": "person_id_cast_info", "Relation Name": "cast_info", "Alias": "ci", "Startup Cost": 0.0, "Total Cost": 2.38, "Plan Rows": 1, "Plan Width": 16, "Index Cond": "(person_id = an.person_id)", "Filter": "((note)::text = ANY ('{(voice),\"(voice: Japanese version)\",\"(voice) (uncredited)\",\"(voice: English version)\"}'::text[]))"}]}, {"Node Type": "Index Scan", "Parent Relationship": "Inner", "Scan Direction": "Forward", "Index Name": "role_type_pkey", "Relation Name": "role_type", "Alias": "rt", "Startup Cost": 0.0, "Total Cost": 0.27, "Plan Rows": 1, "Plan Width": 4, "Index Cond": "(id = ci.role_id)", "Filter": "((role)::text = 'actress'::text)"}]}, {"Node Type": "Index Scan", "Parent Relationship": "Inner", "Scan Direction": "Forward", "Index Name": "movie_id_movie_companies", "Relation Name": "movie_companies", "Alias": "mc", "Startup Cost": 0.0, "Total Cost": 0.42, "Plan Rows": 1, "Plan Width": 8, "Index Cond": "(movie_id = ci.movie_id)", "Filter": "((note IS NOT NULL) AND (((note)::text ~~ '%(USA)%'::text) OR ((note)::text ~~ '%(worldwide)%'::text)))"}]}, {"Node Type": "Index Scan", "Parent Relationship": "Inner", "Scan Direction": "Forward", "Index Name": "company_name_pkey", "Relation Name": "company_name", "Alias": "cn", "Startup Cost": 0.0, "Total Cost": 0.32, "Plan Rows": 1, "Plan Width": 4, "Index Cond": "(id = mc.company_id)", "Filter": "((country_code)::text = '[us]'::text)"}]}, {"Node Type": "Index Scan", "Parent Relationship": "Inner", "Scan Direction": "Forward", "Index Name": "char_name_pkey", "Relation Name": "char_name", "Alias": "chn", "Startup Cost": 0.0, "Total Cost": 0.5, "Plan Rows": 1, "Plan Width": 20, "Index Cond": "(id = ci.person_role_id)"}]}, {"Node Type": "Index Scan", "Parent Relationship": "Inner", "Scan Direction": "Forward", "Index Name": "title_pkey", "Relation Name": "title", "Alias": "t", "Startup Cost": 0.0, "Total Cost": 0.49, "Plan Rows": 1, "Plan Width": 21, "Index Cond": "(id = ci.movie_id)", "Filter": "((production_year >= 2005) AND (production_year <= 2015))"}]}]}, "Unique SQL Id": 3431223514, "Planner Runtime": 80}, "explain_analyze_plan": null}, "(64, 74)": {"explain_plan": {"Plan": {"Node Type": "Aggregate", "Strategy": "Plain", "Startup Cost": 363917.29, "Total Cost": 363917.3, "Plan Rows": 1, "Plan Width": 145, "Plans": [{"Node Type": "Hash Join", "Parent Relationship": "Outer", "Join Type": "Inner", "Startup Cost": 341214.65, "Total Cost": 363917.27, "Plan Rows": 2, "Plan Width": 49, "Inner Unique": true, "Hash Cond": "(mc.company_id = cn.id)", "Plans": [{"Node Type": "Hash Join", "Parent Relationship": "Outer", "Join Type": "Inner", "Startup Cost": 334246.58, "Total Cost": 356949.18, "Plan Rows": 2, "Plan Width": 53, "Inner Unique": false, "Hash Cond": "(an.person_id = n.id)", "Plans": [{"Node Type": "Seq Scan", "Parent Relationship": "Outer", "Relation Name": "aka_name", "Alias": "an", "Startup Cost": 0.0, "Total Cost": 19908.42, "Plan Rows": 901342, "Plan Width": 20}, {"Node Type": "Hash", "Parent Relationship": "Inner", "Startup Cost": 334246.55, "Total Cost": 334246.55, "Plan Rows": 2, "Plan Width": 45, "Plans": [{"Node Type": "Hash Join", "Parent Relationship": "Outer", "Join Type": "Inner", "Startup Cost": 175607.61, "Total Cost": 334246.55, "Plan Rows": 2, "Plan Width": 45, "Inner Unique": true, "Hash Cond": "(ci.role_id = rt.id)", "Plans": [{"Node Type": "Hash Join", "Parent Relationship": "Outer", "Join Type": "Inner", "Startup Cost": 175606.44, "Total Cost": 334245.27, "Plan Rows": 26, "Plan Width": 49, "Inner Unique": true, "Hash Cond": "(ci.movie_id = t.id)", "Plans": [{"Node Type": "Streaming(type: LOCAL GATHER dop: 1/64)", "Parent Relationship": "Outer", "Startup Cost": 139986.33, "Total Cost": 298624.82, "Plan Rows": 21, "Plan Width": 40, "Plans": [{"Node Type": "Hash Join", "Parent Relationship": "Outer", "Join Type": "Inner", "Startup Cost": 139986.33, "Total Cost": 298624.39, "Plan Rows": 21, "Plan Width": 40, "Inner Unique": true, "Hash Cond": "(ci.person_role_id = chn.id)", "Plans": [{"Node Type": "Streaming(type: BROADCAST dop: 64/1)", "Parent Relationship": "Outer", "Startup Cost": 123359.33, "Total Cost": 281997.22, "Plan Rows": 2752, "Plan Width": 28, "Plans": [{"Node Type": "Hash Join", "Parent Relationship": "Outer", "Join Type": "Inner", "Startup Cost": 123359.33, "Total Cost": 218940.45, "Plan Rows": 43, "Plan Width": 28, "Inner Unique": false, "Hash Cond": "(ci.movie_id = mc.movie_id)", "Plans": [{"Node Type": "Hash Join", "Parent Relationship": "Outer", "Join Type": "Inner", "Startup Cost": 64783.01, "Total Cost": 160333.72, "Plan Rows": 117, "Plan Width": 20, "Inner Unique": true, "Hash Cond": "(ci.person_id = n.id)", "Plans": [{"Node Type": "Streaming(type: LOCAL GATHER dop: 1/64)", "Parent Relationship": "Outer", "Startup Cost": 0.0, "Total Cost": 92425.17, "Plan Rows": 833163, "Plan Width": 16, "Plans": [{"Node Type": "Seq Scan", "Parent Relationship": "Outer", "Relation Name": "cast_info", "Alias": "ci", "Startup Cost": 0.0, "Total Cost": 75237.12, "Plan Rows": 833163, "Plan Width": 16, "Filter": "((note)::text = ANY ('{(voice),\"(voice: Japanese version)\",\"(voice) (uncredited)\",\"(voice: English version)\"}'::text[]))"}]}, {"Node Type": "Hash", "Parent Relationship": "Inner", "Startup Cost": 64781.81, "Total Cost": 64781.81, "Plan Rows": 96, "Plan Width": 4, "Plans": [{"Node Type": "Streaming(type: LOCAL GATHER dop: 1/64)", "Parent Relationship": "Outer", "Startup Cost": 0.0, "Total Cost": 64781.81, "Plan Rows": 96, "Plan Width": 4, "Plans": [{"Node Type": "Seq Scan", "Parent Relationship": "Outer", "Relation Name": "name", "Alias": "n", "Startup Cost": 0.0, "Total Cost": 64779.83, "Plan Rows": 96, "Plan Width": 4, "Filter": "(((name)::text ~~ '%Ang%'::text) AND ((gender)::text = 'f'::text))"}]}]}]}, {"Node Type": "Hash", "Parent Relationship": "Inner", "Startup Cost": 54862.92, "Total Cost": 54862.92, "Plan Rows": 297072, "Plan Width": 8, "Plans": [{"Node Type": "Seq Scan", "Parent Relationship": "Outer", "Relation Name": "movie_companies", "Alias": "mc", "Startup Cost": 0.0, "Total Cost": 54862.92, "Plan Rows": 297072, "Plan Width": 8, "Filter": "((note IS NOT NULL) AND (((note)::text ~~ '%(USA)%'::text) OR ((note)::text ~~ '%(worldwide)%'::text))), (LLVM Optimized)"}]}]}]}, {"Node Type": "Hash", "Parent Relationship": "Inner", "Startup Cost": 64054.58, "Total Cost": 64054.58, "Plan Rows": 3140338, "Plan Width": 20, "Plans": [{"Node Type": "Seq Scan", "Parent Relationship": "Outer", "Relation Name": "char_name", "Alias": "chn", "Startup Cost": 0.0, "Total Cost": 64054.58, "Plan Rows": 3140338, "Plan Width": 20}]}]}]}, {"Node Type": "Hash", "Parent Relationship": "Inner", "Startup Cost": 87019.27, "Total Cost": 87019.27, "Plan Rows": 1109224, "Plan Width": 21, "Plans": [{"Node Type": "Streaming(type: LOCAL GATHER dop: 1/64)", "Parent Relationship": "Outer", "Startup Cost": 282.75, "Total Cost": 87019.27, "Plan Rows": 1109224, "Plan Width": 21, "Plans": [{"Node Type": "Seq Scan", "Parent Relationship": "Outer", "Relation Name": "title", "Alias": "t", "Startup Cost": 282.75, "Total Cost": 64136.1, "Plan Rows": 1109224, "Plan Width": 21, "Filter": "((production_year >= 2005) AND (production_year <= 2015)), (LLVM Optimized)"}]}]}]}, {"Node Type": "Hash", "Parent Relationship": "Inner", "Startup Cost": 1.15, "Total Cost": 1.15, "Plan Rows": 1, "Plan Width": 4, "Plans": [{"Node Type": "Seq Scan", "Parent Relationship": "Outer", "Relation Name": "role_type", "Alias": "rt", "Startup Cost": 0.0, "Total Cost": 1.15, "Plan Rows": 1, "Plan Width": 4, "Filter": "((role)::text = 'actress'::text)"}]}]}]}]}, {"Node Type": "Hash", "Parent Relationship": "Inner", "Startup Cost": 5903.45, "Total Cost": 5903.45, "Plan Rows": 85170, "Plan Width": 4, "Plans": [{"Node Type": "Seq Scan", "Parent Relationship": "Outer", "Relation Name": "company_name", "Alias": "cn", "Startup Cost": 0.0, "Total Cost": 5903.45, "Plan Rows": 85170, "Plan Width": 4, "Filter": "((country_code)::text = '[us]'::text)"}]}]}]}, "Unique SQL Id": 3431223514, "Planner Runtime": 175}, "explain_analyze_plan": null}, "(64, 75)": {"explain_plan": {"Plan": {"Node Type": "Aggregate", "Strategy": "Plain", "Startup Cost": 7329418129133.29, "Total Cost": 7329418129133.3, "Plan Rows": 1, "Plan Width": 145, "Plans": [{"Node Type": "Hash Join", "Parent Relationship": "Outer", "Join Type": "Inner", "Startup Cost": 5350274202025.58, "Total Cost": 7329418129133.27, "Plan Rows": 2, "Plan Width": 49, "Inner Unique": true, "Hash Cond": "(mc.company_id = cn.id)", "Plans": [{"Node Type": "Merge Join", "Parent Relationship": "Outer", "Join Type": "Inner", "Startup Cost": 4350273150821.99, "Total Cost": 6329417077929.65, "Plan Rows": 2, "Plan Width": 53, "Inner Unique": true, "Merge Cond": "(ci.movie_id = t.id)", "Plans": [{"Node Type": "Merge Join", "Parent Relationship": "Outer", "Join Type": "Inner", "Startup Cost": 4340273150821.99, "Total Cost": 5330287508074.84, "Plan Rows": 2, "Plan Width": 44, "Inner Unique": false, "Merge Cond": "(mc.movie_id = ci.movie_id)", "Plans": [{"Node Type": "Index Scan", "Parent Relationship": "Outer", "Scan Direction": "Forward", "Index Name": "movie_id_movie_companies", "Relation Name": "movie_companies", "Alias": "mc", "Startup Cost": 10000000000.0, "Total Cost": 1000014356510.13, "Plan Rows": 297072, "Plan Width": 8, "Filter": "((note IS NOT NULL) AND (((note)::text ~~ '%(USA)%'::text) OR ((note)::text ~~ '%(worldwide)%'::text))), (LLVM Optimized)"}, {"Node Type": "Sort", "Parent Relationship": "Inner", "Startup Cost": 4330273150821.99, "Total Cost": 4330273150822.0, "Plan Rows": 6, "Plan Width": 36, "Sort Key": ["ci.movie_id"], "Plans": [{"Node Type": "Merge Join", "Parent Relationship": "Outer", "Join Type": "Inner", "Startup Cost": 2510047083971.88, "Total Cost": 4330273150821.91, "Plan Rows": 6, "Plan Width": 36, "Inner Unique": true, "Merge Cond": "(ci.person_id = n.id)", "Plans": [{"Node Type": "Merge Join", "Parent Relationship": "Outer", "Join Type": "Inner", "Startup Cost": 2500027729291.02, "Total Cost": 3350878854254.41, "Plan Rows": 43961, "Plan Width": 44, "Inner Unique": false, "Merge Cond": "(ci.person_id = an.person_id)", "Plans": [{"Node Type": "Sort", "Parent Relationship": "Outer", "Startup Cost": 2490027729291.02, "Total Cost": 2490027729382.81, "Plan Rows": 36717, "Plan Width": 24, "Sort Key": ["ci.person_id"], "Plans": [{"Node Type": "Hash Join", "Parent Relationship": "Outer", "Join Type": "Inner", "Startup Cost": 1059427184468.88, "Total Cost": 2490027726507.1, "Plan Rows": 36717, "Plan Width": 24, "Inner Unique": true, "Hash Cond": "(ci.role_id = rt.id)", "Plans": [{"Node Type": "Merge Join", "Parent Relationship": "Outer", "Join Type": "Inner", "Startup Cost": 59427183222.87, "Total Cost": 1490027723881.67, "Plan Rows": 403890, "Plan Width": 28, "Inner Unique": false, "Merge Cond": "(chn.id = ci.person_role_id)", "Plans": [{"Node Type": "Index Scan", "Parent Relationship": "Outer", "Scan Direction": "Forward", "Index Name": "char_name_pkey", "Relation Name": "char_name", "Alias": "chn", "Startup Cost": 10000000000.0, "Total Cost": 1000012987545.51, "Plan Rows": 3140338, "Plan Width": 20}, {"Node Type": "Index Scan", "Parent Relationship": "Inner", "Scan Direction": "Forward", "Index Name": "person_role_id_cast_info", "Relation Name": "cast_info", "Alias": "ci", "Startup Cost": 10000000000.0, "Total Cost": 1000211315681.48, "Plan Rows": 833163, "Plan Width": 16, "Filter": "((note)::text = ANY ('{(voice),\"(voice: Japanese version)\",\"(voice) (uncredited)\",\"(voice: English version)\"}'::text[]))"}]}, {"Node Type": "Hash", "Parent Relationship": "Inner", "Startup Cost": 1000000001246.0, "Total Cost": 1000000001246.0, "Plan Rows": 1, "Plan Width": 4, "Plans": [{"Node Type": "Index Scan", "Parent Relationship": "Outer", "Scan Direction": "Forward", "Index Name": "role_type_pkey", "Relation Name": "role_type", "Alias": "rt", "Startup Cost": 10000000000.0, "Total Cost": 1000000001246.0, "Plan Rows": 1, "Plan Width": 4, "Filter": "((role)::text = 'actress'::text)"}]}]}]}, {"Node Type": "Index Scan", "Parent Relationship": "Inner", "Scan Direction": "Forward", "Index Name": "person_id_aka_name", "Relation Name": "aka_name", "Alias": "an", "Startup Cost": 10000000000.0, "Total Cost": 1000006896503.43, "Plan Rows": 901342, "Plan Width": 20}]}, {"Node Type": "Index Scan", "Parent Relationship": "Inner", "Scan Direction": "Forward", "Index Name": "name_pkey", "Relation Name": "name", "Alias": "n", "Startup Cost": 10000000000.0, "Total Cost": 1000019707019.7, "Plan Rows": 96, "Plan Width": 4, "Filter": "(((name)::text ~~ '%Ang%'::text) AND ((gender)::text = 'f'::text))"}]}]}]}, {"Node Type": "Index Scan", "Parent Relationship": "Inner", "Scan Direction": "Forward", "Index Name": "title_pkey", "Relation Name": "title", "Alias": "t", "Startup Cost": 10000000000.0, "Total Cost": 1000012276204.41, "Plan Rows": 1109224, "Plan Width": 21, "Filter": "((production_year >= 2005) AND (production_year <= 2015)), (LLVM Optimized)"}]}, {"Node Type": "Hash", "Parent Relationship": "Inner", "Startup Cost": 1000001050138.97, "Total Cost": 1000001050138.97, "Plan Rows": 85170, "Plan Width": 4, "Plans": [{"Node Type": "Index Scan", "Parent Relationship": "Outer", "Scan Direction": "Forward", "Index Name": "company_name_pkey", "Relation Name": "company_name", "Alias": "cn", "Startup Cost": 10000000000.0, "Total Cost": 1000001050138.97, "Plan Rows": 85170, "Plan Width": 4, "Filter": "((country_code)::text = '[us]'::text)"}]}]}]}, "Unique SQL Id": 3431223514, "Planner Runtime": 284}, "explain_analyze_plan": null}, "(64, 76)": {"explain_plan": {"Plan": {"Node Type": "Aggregate", "Strategy": "Plain", "Startup Cost": 65897.13, "Total Cost": 65897.14, "Plan Rows": 1, "Plan Width": 145, "Plans": [{"Node Type": "Nested Loop", "Parent Relationship": "Outer", "Join Type": "Inner", "Startup Cost": 0.0, "Total Cost": 65897.12, "Plan Rows": 1, "Plan Width": 49, "Inner Unique": true, "Plans": [{"Node Type": "Nested Loop", "Parent Relationship": "Outer", "Join Type": "Inner", "Startup Cost": 0.0, "Total Cost": 65896.62, "Plan Rows": 1, "Plan Width": 40, "Inner Unique": true, "Plans": [{"Node Type": "Nested Loop", "Parent Relationship": "Outer", "Join Type": "Inner", "Startup Cost": 0.0, "Total Cost": 65895.97, "Plan Rows": 2, "Plan Width": 44, "Inner Unique": true, "Plans": [{"Node Type": "Nested Loop", "Parent Relationship": "Outer", "Join Type": "Inner", "Startup Cost": 0.0, "Total Cost": 65893.42, "Plan Rows": 5, "Plan Width": 32, "Inner Unique": false, "Plans": [{"Node Type": "Nested Loop", "Parent Relationship": "Outer", "Join Type": "Inner", "Startup Cost": 0.0, "Total Cost": 65887.81, "Plan Rows": 13, "Plan Width": 24, "Inner Unique": true, "Plans": [{"Node Type": "Nested Loop", "Parent Relationship": "Outer", "Join Type": "Inner", "Startup Cost": 0.0, "Total Cost": 65847.98, "Plan Rows": 141, "Plan Width": 28, "Inner Unique": false, "Join Filter": "(n.id = ci.person_id)", "Plans": [{"Node Type": "Nested Loop", "Parent Relationship": "Outer", "Join Type": "Inner", "Startup Cost": 0.0, "Total Cost": 65572.69, "Plan Rows": 115, "Plan Width": 24, "Inner Unique": false, "Plans": [{"Node Type": "Streaming(type: LOCAL GATHER dop: 1/64)", "Parent Relationship": "Outer", "Startup Cost": 0.0, "Total Cost": 64781.81, "Plan Rows": 96, "Plan Width": 4, "Plans": [{"Node Type": "Seq Scan", "Parent Relationship": "Outer", "Relation Name": "name", "Alias": "n", "Startup Cost": 0.0, "Total Cost": 64779.83, "Plan Rows": 96, "Plan Width": 4, "Filter": "(((name)::text ~~ '%Ang%'::text) AND ((gender)::text = 'f'::text))"}]}, {"Node Type": "Index Scan", "Parent Relationship": "Inner", "Scan Direction": "Forward", "Index Name": "person_id_aka_name", "Relation Name": "aka_name", "Alias": "an", "Startup Cost": 0.0, "Total Cost": 8.23, "Plan Rows": 1, "Plan Width": 20, "Index Cond": "(person_id = n.id)"}]}, {"Node Type": "Index Scan", "Parent Relationship": "Inner", "Scan Direction": "Forward", "Index Name": "person_id_cast_info", "Relation Name": "cast_info", "Alias": "ci", "Startup Cost": 0.0, "Total Cost": 2.38, "Plan Rows": 1, "Plan Width": 16, "Index Cond": "(person_id = an.person_id)", "Filter": "((note)::text = ANY ('{(voice),\"(voice: Japanese version)\",\"(voice) (uncredited)\",\"(voice: English version)\"}'::text[]))"}]}, {"Node Type": "Index Scan", "Parent Relationship": "Inner", "Scan Direction": "Forward", "Index Name": "role_type_pkey", "Relation Name": "role_type", "Alias": "rt", "Startup Cost": 0.0, "Total Cost": 0.27, "Plan Rows": 1, "Plan Width": 4, "Index Cond": "(id = ci.role_id)", "Filter": "((role)::text = 'actress'::text)"}]}, {"Node Type": "Index Scan", "Parent Relationship": "Inner", "Scan Direction": "Forward", "Index Name": "movie_id_movie_companies", "Relation Name": "movie_companies", "Alias": "mc", "Startup Cost": 0.0, "Total Cost": 0.42, "Plan Rows": 1, "Plan Width": 8, "Index Cond": "(movie_id = ci.movie_id)", "Filter": "((note IS NOT NULL) AND (((note)::text ~~ '%(USA)%'::text) OR ((note)::text ~~ '%(worldwide)%'::text)))"}]}, {"Node Type": "Index Scan", "Parent Relationship": "Inner", "Scan Direction": "Forward", "Index Name": "char_name_pkey", "Relation Name": "char_name", "Alias": "chn", "Startup Cost": 0.0, "Total Cost": 0.5, "Plan Rows": 1, "Plan Width": 20, "Index Cond": "(id = ci.person_role_id)"}]}, {"Node Type": "Index Scan", "Parent Relationship": "Inner", "Scan Direction": "Forward", "Index Name": "company_name_pkey", "Relation Name": "company_name", "Alias": "cn", "Startup Cost": 0.0, "Total Cost": 0.32, "Plan Rows": 1, "Plan Width": 4, "Index Cond": "(id = mc.company_id)", "Filter": "((country_code)::text = '[us]'::text)"}]}, {"Node Type": "Index Scan", "Parent Relationship": "Inner", "Scan Direction": "Forward", "Index Name": "title_pkey", "Relation Name": "title", "Alias": "t", "Startup Cost": 0.0, "Total Cost": 0.49, "Plan Rows": 1, "Plan Width": 21, "Index Cond": "(id = ci.movie_id)", "Filter": "((production_year >= 2005) AND (production_year <= 2015))"}]}]}, "Unique SQL Id": 3431223514, "Planner Runtime": 113}, "explain_analyze_plan": {"Plan": {"Node Type": "Aggregate", "Strategy": "Plain", "Startup Cost": 65897.13, "Total Cost": 65897.14, "Plan Rows": 1, "Plan Width": 145, "Actual Min Startup Time": 247.956, "Actual Max Startup Time": 247.956, "Actual Min Total Time": 247.957, "Actual Max Total Time": 247.957, "Plans": [{"Node Type": "Nested Loop", "Parent Relationship": "Outer", "Join Type": "Inner", "Startup Cost": 0.0, "Total Cost": 65897.12, "Plan Rows": 1, "Plan Width": 49, "Actual Min Startup Time": 158.201, "Actual Max Startup Time": 158.201, "Actual Min Total Time": 247.771, "Actual Max Total Time": 247.771, "Inner Unique": true, "Plans": [{"Node Type": "Nested Loop", "Parent Relationship": "Outer", "Join Type": "Inner", "Startup Cost": 0.0, "Total Cost": 65896.62, "Plan Rows": 1, "Plan Width": 40, "Actual Min Startup Time": 148.325, "Actual Max Startup Time": 148.325, "Actual Min Total Time": 245.64, "Actual Max Total Time": 245.64, "Inner Unique": true, "Plans": [{"Node Type": "Nested Loop", "Parent Relationship": "Outer", "Join Type": "Inner", "Startup Cost": 0.0, "Total Cost": 65895.97, "Plan Rows": 2, "Plan Width": 44, "Actual Min Startup Time": 148.293, "Actual Max Startup Time": 148.293, "Actual Min Total Time": 243.609, "Actual Max Total Time": 243.609, "Inner Unique": true, "Plans": [{"Node Type": "Nested Loop", "Parent Relationship": "Outer", "Join Type": "Inner", "Startup Cost": 0.0, "Total Cost": 65893.42, "Plan Rows": 5, "Plan Width": 32, "Actual Min Startup Time": 148.272, "Actual Max Startup Time": 148.272, "Actual Min Total Time": 241.843, "Actual Max Total Time": 241.843, "Inner Unique": false, "Plans": [{"Node Type": "Nested Loop", "Parent Relationship": "Outer", "Join Type": "Inner", "Startup Cost": 0.0, "Total Cost": 65887.81, "Plan Rows": 13, "Plan Width": 24, "Actual Min Startup Time": 117.747, "Actual Max Startup Time": 117.747, "Actual Min Total Time": 236.984, "Actual Max Total Time": 236.984, "Inner Unique": true, "Plans": [{"Node Type": "Nested Loop", "Parent Relationship": "Outer", "Join Type": "Inner", "Startup Cost": 0.0, "Total Cost": 65847.98, "Plan Rows": 141, "Plan Width": 28, "Actual Min Startup Time": 117.733, "Actual Max Startup Time": 117.733, "Actual Min Total Time": 235.718, "Actual Max Total Time": 235.718, "Inner Unique": false, "Join Filter": "(n.id = ci.person_id)", "Rows Removed by Join Filter": 0, "Plans": [{"Node Type": "Nested Loop", "Parent Relationship": "Outer", "Join Type": "Inner", "Startup Cost": 0.0, "Total Cost": 65572.69, "Plan Rows": 115, "Plan Width": 24, "Actual Min Startup Time": 117.21, "Actual Max Startup Time": 117.21, "Actual Min Total Time": 180.677, "Actual Max Total Time": 180.677, "Inner Unique": false, "Plans": [{"Node Type": "Streaming(type: LOCAL GATHER dop: 1/64)", "Parent Relationship": "Outer", "Startup Cost": 0.0, "Total Cost": 64781.81, "Plan Rows": 96, "Plan Width": 4, "Actual Min Startup Time": 117.144, "Actual Max Startup Time": 117.144, "Actual Min Total Time": 155.659, "Actual Max Total Time": 155.659, "Plans": [{"Node Type": "Seq Scan", "Parent Relationship": "Outer", "Relation Name": "name", "Alias": "n", "Startup Cost": 0.0, "Total Cost": 64779.83, "Plan Rows": 96, "Plan Width": 4, "Actual Min Startup Time": 9.543, "Actual Max Startup Time": 14.159, "Actual Min Total Time": 25.518, "Actual Max Total Time": 30.721, "Filter": "(((name)::text ~~ '%Ang%'::text) AND ((gender)::text = 'f'::text))", "Rows Removed by Filter": 4160722, "Actual Rows": 6768}], "Actual Rows": 6768}, {"Node Type": "Index Scan", "Parent Relationship": "Inner", "Scan Direction": "Forward", "Index Name": "person_id_aka_name", "Relation Name": "aka_name", "Alias": "an", "Startup Cost": 0.0, "Total Cost": 8.23, "Plan Rows": 1, "Plan Width": 20, "Actual Min Startup Time": 20.67, "Actual Max Startup Time": 20.67, "Actual Min Total Time": 21.568, "Actual Max Total Time": 21.568, "Index Cond": "(person_id = n.id)", "Rows Removed by Index Recheck": 0, "Actual Rows": 1558}], "Actual Rows": 1558}, {"Node Type": "Index Scan", "Parent Relationship": "Inner", "Scan Direction": "Forward", "Index Name": "person_id_cast_info", "Relation Name": "cast_info", "Alias": "ci", "Startup Cost": 0.0, "Total Cost": 2.38, "Plan Rows": 1, "Plan Width": 16, "Actual Min Startup Time": 48.98, "Actual Max Startup Time": 48.98, "Actual Min Total Time": 54.031, "Actual Max Total Time": 54.031, "Index Cond": "(person_id = an.person_id)", "Rows Removed by Index Recheck": 0, "Filter": "((note)::text = ANY ('{(voice),\"(voice: Japanese version)\",\"(voice) (uncredited)\",\"(voice: English version)\"}'::text[]))", "Rows Removed by Filter": 69057, "Actual Rows": 425}], "Actual Rows": 425}, {"Node Type": "Index Scan", "Parent Relationship": "Inner", "Scan Direction": "Forward", "Index Name": "role_type_pkey", "Relation Name": "role_type", "Alias": "rt", "Startup Cost": 0.0, "Total Cost": 0.27, "Plan Rows": 1, "Plan Width": 4, "Actual Min Startup Time": 0.839, "Actual Max Startup Time": 0.839, "Actual Min Total Time": 0.839, "Actual Max Total Time": 0.839, "Index Cond": "(id = ci.role_id)", "Rows Removed by Index Recheck": 0, "Filter": "((role)::text = 'actress'::text)", "Rows Removed by Filter": 0, "Actual Rows": 425}], "Actual Rows": 425}, {"Node Type": "Index Scan", "Parent Relationship": "Inner", "Scan Direction": "Forward", "Index Name": "movie_id_movie_companies", "Relation Name": "movie_companies", "Alias": "mc", "Startup Cost": 0.0, "Total Cost": 0.42, "Plan Rows": 1, "Plan Width": 8, "Actual Min Startup Time": 3.237, "Actual Max Startup Time": 3.237, "Actual Min Total Time": 4.499, "Actual Max Total Time": 4.499, "Index Cond": "(movie_id = ci.movie_id)", "Rows Removed by Index Recheck": 0, "Filter": "((note IS NOT NULL) AND (((note)::text ~~ '%(USA)%'::text) OR ((note)::text ~~ '%(worldwide)%'::text)))", "Rows Removed by Filter": 1538, "Actual Rows": 373}], "Actual Rows": 373}, {"Node Type": "Index Scan", "Parent Relationship": "Inner", "Scan Direction": "Forward", "Index Name": "char_name_pkey", "Relation Name": "char_name", "Alias": "chn", "Startup Cost": 0.0, "Total Cost": 0.5, "Plan Rows": 1, "Plan Width": 20, "Actual Min Startup Time": 1.4, "Actual Max Startup Time": 1.4, "Actual Min Total Time": 1.4, "Actual Max Total Time": 1.4, "Index Cond": "(id = ci.person_role_id)", "Rows Removed by Index Recheck": 0, "Actual Rows": 348}], "Actual Rows": 348}, {"Node Type": "Index Scan", "Parent Relationship": "Inner", "Scan Direction": "Forward", "Index Name": "company_name_pkey", "Relation Name": "company_name", "Alias": "cn", "Startup Cost": 0.0, "Total Cost": 0.32, "Plan Rows": 1, "Plan Width": 4, "Actual Min Startup Time": 1.687, "Actual Max Startup Time": 1.687, "Actual Min Total Time": 1.687, "Actual Max Total Time": 1.687, "Index Cond": "(id = mc.company_id)", "Rows Removed by Index Recheck": 0, "Filter": "((country_code)::text = '[us]'::text)", "Rows Removed by Filter": 7, "Actual Rows": 341}], "Actual Rows": 341}, {"Node Type": "Index Scan", "Parent Relationship": "Inner", "Scan Direction": "Forward", "Index Name": "title_pkey", "Relation Name": "title", "Alias": "t", "Startup Cost": 0.0, "Total Cost": 0.49, "Plan Rows": 1, "Plan Width": 21, "Actual Min Startup Time": 1.865, "Actual Max Startup Time": 1.865, "Actual Min Total Time": 1.865, "Actual Max Total Time": 1.865, "Index Cond": "(id = ci.movie_id)", "Rows Removed by Index Recheck": 0, "Filter": "((production_year >= 2005) AND (production_year <= 2015))", "Rows Removed by Filter": 220, "Actual Rows": 121}], "Actual Rows": 121}], "Actual Rows": 1}, "Triggers": [], "Planner Runtime": 66, "Total Runtime": 261.423, "Unique SQL Id": 3431223514}}, "(64, 77)": {"explain_plan": {"Plan": {"Node Type": "Aggregate", "Strategy": "Plain", "Startup Cost": 198184.97, "Total Cost": 198184.98, "Plan Rows": 1, "Plan Width": 145, "Plans": [{"Node Type": "Nested Loop", "Parent Relationship": "Outer", "Join Type": "Inner", "Startup Cost": 0.0, "Total Cost": 198184.96, "Plan Rows": 1, "Plan Width": 49, "Inner Unique": true, "Plans": [{"Node Type": "Nested Loop", "Parent Relationship": "Outer", "Join Type": "Inner", "Startup Cost": 0.0, "Total Cost": 198184.46, "Plan Rows": 1, "Plan Width": 40, "Inner Unique": true, "Plans": [{"Node Type": "Nested Loop", "Parent Relationship": "Outer", "Join Type": "Inner", "Startup Cost": 0.0, "Total Cost": 198183.44, "Plan Rows": 2, "Plan Width": 28, "Inner Unique": true, "Plans": [{"Node Type": "Nested Loop", "Parent Relationship": "Outer", "Join Type": "Inner", "Startup Cost": 0.0, "Total Cost": 198181.8, "Plan Rows": 5, "Plan Width": 32, "Inner Unique": false, "Plans": [{"Node Type": "Nested Loop", "Parent Relationship": "Outer", "Join Type": "Inner", "Startup Cost": 0.0, "Total Cost": 198176.2, "Plan Rows": 13, "Plan Width": 24, "Inner Unique": true, "Plans": [{"Node Type": "Nested Loop", "Parent Relationship": "Outer", "Join Type": "Inner", "Startup Cost": 0.0, "Total Cost": 198136.36, "Plan Rows": 141, "Plan Width": 28, "Inner Unique": false, "Join Filter": "(n.id = ci.person_id)", "Plans": [{"Node Type": "Nested Loop", "Parent Relationship": "Outer", "Join Type": "Inner", "Startup Cost": 0.0, "Total Cost": 197861.08, "Plan Rows": 115, "Plan Width": 24, "Inner Unique": false, "Plans": [{"Node Type": "Index Scan", "Parent Relationship": "Outer", "Scan Direction": "Forward", "Index Name": "name_pkey", "Relation Name": "name", "Alias": "n", "Startup Cost": 0.0, "Total Cost": 197070.2, "Plan Rows": 96, "Plan Width": 4, "Filter": "(((name)::text ~~ '%Ang%'::text) AND ((gender)::text = 'f'::text))"}, {"Node Type": "Index Scan", "Parent Relationship": "Inner", "Scan Direction": "Forward", "Index Name": "person_id_aka_name", "Relation Name": "aka_name", "Alias": "an", "Startup Cost": 0.0, "Total Cost": 8.23, "Plan Rows": 1, "Plan Width": 20, "Index Cond": "(person_id = n.id)"}]}, {"Node Type": "Index Scan", "Parent Relationship": "Inner", "Scan Direction": "Forward", "Index Name": "person_id_cast_info", "Relation Name": "cast_info", "Alias": "ci", "Startup Cost": 0.0, "Total Cost": 2.38, "Plan Rows": 1, "Plan Width": 16, "Index Cond": "(person_id = an.person_id)", "Filter": "((note)::text = ANY ('{(voice),\"(voice: Japanese version)\",\"(voice) (uncredited)\",\"(voice: English version)\"}'::text[]))"}]}, {"Node Type": "Index Scan", "Parent Relationship": "Inner", "Scan Direction": "Forward", "Index Name": "role_type_pkey", "Relation Name": "role_type", "Alias": "rt", "Startup Cost": 0.0, "Total Cost": 0.27, "Plan Rows": 1, "Plan Width": 4, "Index Cond": "(id = ci.role_id)", "Filter": "((role)::text = 'actress'::text)"}]}, {"Node Type": "Index Scan", "Parent Relationship": "Inner", "Scan Direction": "Forward", "Index Name": "movie_id_movie_companies", "Relation Name": "movie_companies", "Alias": "mc", "Startup Cost": 0.0, "Total Cost": 0.42, "Plan Rows": 1, "Plan Width": 8, "Index Cond": "(movie_id = ci.movie_id)", "Filter": "((note IS NOT NULL) AND (((note)::text ~~ '%(USA)%'::text) OR ((note)::text ~~ '%(worldwide)%'::text)))"}]}, {"Node Type": "Index Scan", "Parent Relationship": "Inner", "Scan Direction": "Forward", "Index Name": "company_name_pkey", "Relation Name": "company_name", "Alias": "cn", "Startup Cost": 0.0, "Total Cost": 0.32, "Plan Rows": 1, "Plan Width": 4, "Index Cond": "(id = mc.company_id)", "Filter": "((country_code)::text = '[us]'::text)"}]}, {"Node Type": "Index Scan", "Parent Relationship": "Inner", "Scan Direction": "Forward", "Index Name": "char_name_pkey", "Relation Name": "char_name", "Alias": "chn", "Startup Cost": 0.0, "Total Cost": 0.5, "Plan Rows": 1, "Plan Width": 20, "Index Cond": "(id = ci.person_role_id)"}]}, {"Node Type": "Index Scan", "Parent Relationship": "Inner", "Scan Direction": "Forward", "Index Name": "title_pkey", "Relation Name": "title", "Alias": "t", "Startup Cost": 0.0, "Total Cost": 0.49, "Plan Rows": 1, "Plan Width": 21, "Index Cond": "(id = ci.movie_id)", "Filter": "((production_year >= 2005) AND (production_year <= 2015))"}]}]}, "Unique SQL Id": 3431223514, "Planner Runtime": 81}, "explain_analyze_plan": null}, "(64, 78)": {"explain_plan": {"Plan": {"Node Type": "Aggregate", "Strategy": "Plain", "Startup Cost": 363917.29, "Total Cost": 363917.3, "Plan Rows": 1, "Plan Width": 145, "Plans": [{"Node Type": "Hash Join", "Parent Relationship": "Outer", "Join Type": "Inner", "Startup Cost": 341214.65, "Total Cost": 363917.27, "Plan Rows": 2, "Plan Width": 49, "Inner Unique": true, "Hash Cond": "(mc.company_id = cn.id)", "Plans": [{"Node Type": "Hash Join", "Parent Relationship": "Outer", "Join Type": "Inner", "Startup Cost": 334246.58, "Total Cost": 356949.18, "Plan Rows": 2, "Plan Width": 53, "Inner Unique": false, "Hash Cond": "(an.person_id = n.id)", "Plans": [{"Node Type": "Seq Scan", "Parent Relationship": "Outer", "Relation Name": "aka_name", "Alias": "an", "Startup Cost": 0.0, "Total Cost": 19908.42, "Plan Rows": 901342, "Plan Width": 20}, {"Node Type": "Hash", "Parent Relationship": "Inner", "Startup Cost": 334246.55, "Total Cost": 334246.55, "Plan Rows": 2, "Plan Width": 45, "Plans": [{"Node Type": "Hash Join", "Parent Relationship": "Outer", "Join Type": "Inner", "Startup Cost": 175607.61, "Total Cost": 334246.55, "Plan Rows": 2, "Plan Width": 45, "Inner Unique": true, "Hash Cond": "(ci.role_id = rt.id)", "Plans": [{"Node Type": "Hash Join", "Parent Relationship": "Outer", "Join Type": "Inner", "Startup Cost": 175606.44, "Total Cost": 334245.27, "Plan Rows": 26, "Plan Width": 49, "Inner Unique": true, "Hash Cond": "(ci.movie_id = t.id)", "Plans": [{"Node Type": "Streaming(type: LOCAL GATHER dop: 1/64)", "Parent Relationship": "Outer", "Startup Cost": 139986.33, "Total Cost": 298624.82, "Plan Rows": 21, "Plan Width": 40, "Plans": [{"Node Type": "Hash Join", "Parent Relationship": "Outer", "Join Type": "Inner", "Startup Cost": 139986.33, "Total Cost": 298624.39, "Plan Rows": 21, "Plan Width": 40, "Inner Unique": true, "Hash Cond": "(ci.person_role_id = chn.id)", "Plans": [{"Node Type": "Streaming(type: BROADCAST dop: 64/1)", "Parent Relationship": "Outer", "Startup Cost": 123359.33, "Total Cost": 281997.22, "Plan Rows": 2752, "Plan Width": 28, "Plans": [{"Node Type": "Hash Join", "Parent Relationship": "Outer", "Join Type": "Inner", "Startup Cost": 123359.33, "Total Cost": 218940.45, "Plan Rows": 43, "Plan Width": 28, "Inner Unique": false, "Hash Cond": "(ci.movie_id = mc.movie_id)", "Plans": [{"Node Type": "Hash Join", "Parent Relationship": "Outer", "Join Type": "Inner", "Startup Cost": 64783.01, "Total Cost": 160333.72, "Plan Rows": 117, "Plan Width": 20, "Inner Unique": true, "Hash Cond": "(ci.person_id = n.id)", "Plans": [{"Node Type": "Streaming(type: LOCAL GATHER dop: 1/64)", "Parent Relationship": "Outer", "Startup Cost": 0.0, "Total Cost": 92425.17, "Plan Rows": 833163, "Plan Width": 16, "Plans": [{"Node Type": "Seq Scan", "Parent Relationship": "Outer", "Relation Name": "cast_info", "Alias": "ci", "Startup Cost": 0.0, "Total Cost": 75237.12, "Plan Rows": 833163, "Plan Width": 16, "Filter": "((note)::text = ANY ('{(voice),\"(voice: Japanese version)\",\"(voice) (uncredited)\",\"(voice: English version)\"}'::text[]))"}]}, {"Node Type": "Hash", "Parent Relationship": "Inner", "Startup Cost": 64781.81, "Total Cost": 64781.81, "Plan Rows": 96, "Plan Width": 4, "Plans": [{"Node Type": "Streaming(type: LOCAL GATHER dop: 1/64)", "Parent Relationship": "Outer", "Startup Cost": 0.0, "Total Cost": 64781.81, "Plan Rows": 96, "Plan Width": 4, "Plans": [{"Node Type": "Seq Scan", "Parent Relationship": "Outer", "Relation Name": "name", "Alias": "n", "Startup Cost": 0.0, "Total Cost": 64779.83, "Plan Rows": 96, "Plan Width": 4, "Filter": "(((name)::text ~~ '%Ang%'::text) AND ((gender)::text = 'f'::text))"}]}]}]}, {"Node Type": "Hash", "Parent Relationship": "Inner", "Startup Cost": 54862.92, "Total Cost": 54862.92, "Plan Rows": 297072, "Plan Width": 8, "Plans": [{"Node Type": "Seq Scan", "Parent Relationship": "Outer", "Relation Name": "movie_companies", "Alias": "mc", "Startup Cost": 0.0, "Total Cost": 54862.92, "Plan Rows": 297072, "Plan Width": 8, "Filter": "((note IS NOT NULL) AND (((note)::text ~~ '%(USA)%'::text) OR ((note)::text ~~ '%(worldwide)%'::text))), (LLVM Optimized)"}]}]}]}, {"Node Type": "Hash", "Parent Relationship": "Inner", "Startup Cost": 64054.58, "Total Cost": 64054.58, "Plan Rows": 3140338, "Plan Width": 20, "Plans": [{"Node Type": "Seq Scan", "Parent Relationship": "Outer", "Relation Name": "char_name", "Alias": "chn", "Startup Cost": 0.0, "Total Cost": 64054.58, "Plan Rows": 3140338, "Plan Width": 20}]}]}]}, {"Node Type": "Hash", "Parent Relationship": "Inner", "Startup Cost": 87019.27, "Total Cost": 87019.27, "Plan Rows": 1109224, "Plan Width": 21, "Plans": [{"Node Type": "Streaming(type: LOCAL GATHER dop: 1/64)", "Parent Relationship": "Outer", "Startup Cost": 282.75, "Total Cost": 87019.27, "Plan Rows": 1109224, "Plan Width": 21, "Plans": [{"Node Type": "Seq Scan", "Parent Relationship": "Outer", "Relation Name": "title", "Alias": "t", "Startup Cost": 282.75, "Total Cost": 64136.1, "Plan Rows": 1109224, "Plan Width": 21, "Filter": "((production_year >= 2005) AND (production_year <= 2015)), (LLVM Optimized)"}]}]}]}, {"Node Type": "Hash", "Parent Relationship": "Inner", "Startup Cost": 1.15, "Total Cost": 1.15, "Plan Rows": 1, "Plan Width": 4, "Plans": [{"Node Type": "Seq Scan", "Parent Relationship": "Outer", "Relation Name": "role_type", "Alias": "rt", "Startup Cost": 0.0, "Total Cost": 1.15, "Plan Rows": 1, "Plan Width": 4, "Filter": "((role)::text = 'actress'::text)"}]}]}]}]}, {"Node Type": "Hash", "Parent Relationship": "Inner", "Startup Cost": 5903.45, "Total Cost": 5903.45, "Plan Rows": 85170, "Plan Width": 4, "Plans": [{"Node Type": "Seq Scan", "Parent Relationship": "Outer", "Relation Name": "company_name", "Alias": "cn", "Startup Cost": 0.0, "Total Cost": 5903.45, "Plan Rows": 85170, "Plan Width": 4, "Filter": "((country_code)::text = '[us]'::text)"}]}]}]}, "Unique SQL Id": 3431223514, "Planner Runtime": 175}, "explain_analyze_plan": null}, "(64, 79)": {"explain_plan": {"Plan": {"Node Type": "Aggregate", "Strategy": "Plain", "Startup Cost": 7329418129133.29, "Total Cost": 7329418129133.3, "Plan Rows": 1, "Plan Width": 145, "Plans": [{"Node Type": "Hash Join", "Parent Relationship": "Outer", "Join Type": "Inner", "Startup Cost": 5350274202025.58, "Total Cost": 7329418129133.27, "Plan Rows": 2, "Plan Width": 49, "Inner Unique": true, "Hash Cond": "(mc.company_id = cn.id)", "Plans": [{"Node Type": "Merge Join", "Parent Relationship": "Outer", "Join Type": "Inner", "Startup Cost": 4350273150821.99, "Total Cost": 6329417077929.65, "Plan Rows": 2, "Plan Width": 53, "Inner Unique": true, "Merge Cond": "(ci.movie_id = t.id)", "Plans": [{"Node Type": "Merge Join", "Parent Relationship": "Outer", "Join Type": "Inner", "Startup Cost": 4340273150821.99, "Total Cost": 5330287508074.84, "Plan Rows": 2, "Plan Width": 44, "Inner Unique": false, "Merge Cond": "(mc.movie_id = ci.movie_id)", "Plans": [{"Node Type": "Index Scan", "Parent Relationship": "Outer", "Scan Direction": "Forward", "Index Name": "movie_id_movie_companies", "Relation Name": "movie_companies", "Alias": "mc", "Startup Cost": 10000000000.0, "Total Cost": 1000014356510.13, "Plan Rows": 297072, "Plan Width": 8, "Filter": "((note IS NOT NULL) AND (((note)::text ~~ '%(USA)%'::text) OR ((note)::text ~~ '%(worldwide)%'::text))), (LLVM Optimized)"}, {"Node Type": "Sort", "Parent Relationship": "Inner", "Startup Cost": 4330273150821.99, "Total Cost": 4330273150822.0, "Plan Rows": 6, "Plan Width": 36, "Sort Key": ["ci.movie_id"], "Plans": [{"Node Type": "Merge Join", "Parent Relationship": "Outer", "Join Type": "Inner", "Startup Cost": 2510047083971.88, "Total Cost": 4330273150821.91, "Plan Rows": 6, "Plan Width": 36, "Inner Unique": true, "Merge Cond": "(ci.person_id = n.id)", "Plans": [{"Node Type": "Merge Join", "Parent Relationship": "Outer", "Join Type": "Inner", "Startup Cost": 2500027729291.02, "Total Cost": 3350878854254.41, "Plan Rows": 43961, "Plan Width": 44, "Inner Unique": false, "Merge Cond": "(ci.person_id = an.person_id)", "Plans": [{"Node Type": "Sort", "Parent Relationship": "Outer", "Startup Cost": 2490027729291.02, "Total Cost": 2490027729382.81, "Plan Rows": 36717, "Plan Width": 24, "Sort Key": ["ci.person_id"], "Plans": [{"Node Type": "Hash Join", "Parent Relationship": "Outer", "Join Type": "Inner", "Startup Cost": 1059427184468.88, "Total Cost": 2490027726507.1, "Plan Rows": 36717, "Plan Width": 24, "Inner Unique": true, "Hash Cond": "(ci.role_id = rt.id)", "Plans": [{"Node Type": "Merge Join", "Parent Relationship": "Outer", "Join Type": "Inner", "Startup Cost": 59427183222.87, "Total Cost": 1490027723881.67, "Plan Rows": 403890, "Plan Width": 28, "Inner Unique": false, "Merge Cond": "(chn.id = ci.person_role_id)", "Plans": [{"Node Type": "Index Scan", "Parent Relationship": "Outer", "Scan Direction": "Forward", "Index Name": "char_name_pkey", "Relation Name": "char_name", "Alias": "chn", "Startup Cost": 10000000000.0, "Total Cost": 1000012987545.51, "Plan Rows": 3140338, "Plan Width": 20}, {"Node Type": "Index Scan", "Parent Relationship": "Inner", "Scan Direction": "Forward", "Index Name": "person_role_id_cast_info", "Relation Name": "cast_info", "Alias": "ci", "Startup Cost": 10000000000.0, "Total Cost": 1000211315681.48, "Plan Rows": 833163, "Plan Width": 16, "Filter": "((note)::text = ANY ('{(voice),\"(voice: Japanese version)\",\"(voice) (uncredited)\",\"(voice: English version)\"}'::text[]))"}]}, {"Node Type": "Hash", "Parent Relationship": "Inner", "Startup Cost": 1000000001246.0, "Total Cost": 1000000001246.0, "Plan Rows": 1, "Plan Width": 4, "Plans": [{"Node Type": "Index Scan", "Parent Relationship": "Outer", "Scan Direction": "Forward", "Index Name": "role_type_pkey", "Relation Name": "role_type", "Alias": "rt", "Startup Cost": 10000000000.0, "Total Cost": 1000000001246.0, "Plan Rows": 1, "Plan Width": 4, "Filter": "((role)::text = 'actress'::text)"}]}]}]}, {"Node Type": "Index Scan", "Parent Relationship": "Inner", "Scan Direction": "Forward", "Index Name": "person_id_aka_name", "Relation Name": "aka_name", "Alias": "an", "Startup Cost": 10000000000.0, "Total Cost": 1000006896503.43, "Plan Rows": 901342, "Plan Width": 20}]}, {"Node Type": "Index Scan", "Parent Relationship": "Inner", "Scan Direction": "Forward", "Index Name": "name_pkey", "Relation Name": "name", "Alias": "n", "Startup Cost": 10000000000.0, "Total Cost": 1000019707019.7, "Plan Rows": 96, "Plan Width": 4, "Filter": "(((name)::text ~~ '%Ang%'::text) AND ((gender)::text = 'f'::text))"}]}]}]}, {"Node Type": "Index Scan", "Parent Relationship": "Inner", "Scan Direction": "Forward", "Index Name": "title_pkey", "Relation Name": "title", "Alias": "t", "Startup Cost": 10000000000.0, "Total Cost": 1000012276204.41, "Plan Rows": 1109224, "Plan Width": 21, "Filter": "((production_year >= 2005) AND (production_year <= 2015)), (LLVM Optimized)"}]}, {"Node Type": "Hash", "Parent Relationship": "Inner", "Startup Cost": 1000001050138.97, "Total Cost": 1000001050138.97, "Plan Rows": 85170, "Plan Width": 4, "Plans": [{"Node Type": "Index Scan", "Parent Relationship": "Outer", "Scan Direction": "Forward", "Index Name": "company_name_pkey", "Relation Name": "company_name", "Alias": "cn", "Startup Cost": 10000000000.0, "Total Cost": 1000001050138.97, "Plan Rows": 85170, "Plan Width": 4, "Filter": "((country_code)::text = '[us]'::text)"}]}]}]}, "Unique SQL Id": 3431223514, "Planner Runtime": 282}, "explain_analyze_plan": null}, "(64, 80)": {"explain_plan": {"Plan": {"Node Type": "Aggregate", "Strategy": "Plain", "Startup Cost": 65897.13, "Total Cost": 65897.14, "Plan Rows": 1, "Plan Width": 145, "Plans": [{"Node Type": "Nested Loop", "Parent Relationship": "Outer", "Join Type": "Inner", "Startup Cost": 0.0, "Total Cost": 65897.12, "Plan Rows": 1, "Plan Width": 49, "Inner Unique": true, "Plans": [{"Node Type": "Nested Loop", "Parent Relationship": "Outer", "Join Type": "Inner", "Startup Cost": 0.0, "Total Cost": 65896.62, "Plan Rows": 1, "Plan Width": 40, "Inner Unique": true, "Plans": [{"Node Type": "Nested Loop", "Parent Relationship": "Outer", "Join Type": "Inner", "Startup Cost": 0.0, "Total Cost": 65895.97, "Plan Rows": 2, "Plan Width": 44, "Inner Unique": true, "Plans": [{"Node Type": "Nested Loop", "Parent Relationship": "Outer", "Join Type": "Inner", "Startup Cost": 0.0, "Total Cost": 65893.42, "Plan Rows": 5, "Plan Width": 32, "Inner Unique": false, "Plans": [{"Node Type": "Nested Loop", "Parent Relationship": "Outer", "Join Type": "Inner", "Startup Cost": 0.0, "Total Cost": 65887.81, "Plan Rows": 13, "Plan Width": 24, "Inner Unique": true, "Plans": [{"Node Type": "Nested Loop", "Parent Relationship": "Outer", "Join Type": "Inner", "Startup Cost": 0.0, "Total Cost": 65847.98, "Plan Rows": 141, "Plan Width": 28, "Inner Unique": false, "Join Filter": "(n.id = ci.person_id)", "Plans": [{"Node Type": "Nested Loop", "Parent Relationship": "Outer", "Join Type": "Inner", "Startup Cost": 0.0, "Total Cost": 65572.69, "Plan Rows": 115, "Plan Width": 24, "Inner Unique": false, "Plans": [{"Node Type": "Streaming(type: LOCAL GATHER dop: 1/64)", "Parent Relationship": "Outer", "Startup Cost": 0.0, "Total Cost": 64781.81, "Plan Rows": 96, "Plan Width": 4, "Plans": [{"Node Type": "Seq Scan", "Parent Relationship": "Outer", "Relation Name": "name", "Alias": "n", "Startup Cost": 0.0, "Total Cost": 64779.83, "Plan Rows": 96, "Plan Width": 4, "Filter": "(((name)::text ~~ '%Ang%'::text) AND ((gender)::text = 'f'::text))"}]}, {"Node Type": "Index Scan", "Parent Relationship": "Inner", "Scan Direction": "Forward", "Index Name": "person_id_aka_name", "Relation Name": "aka_name", "Alias": "an", "Startup Cost": 0.0, "Total Cost": 8.23, "Plan Rows": 1, "Plan Width": 20, "Index Cond": "(person_id = n.id)"}]}, {"Node Type": "Index Scan", "Parent Relationship": "Inner", "Scan Direction": "Forward", "Index Name": "person_id_cast_info", "Relation Name": "cast_info", "Alias": "ci", "Startup Cost": 0.0, "Total Cost": 2.38, "Plan Rows": 1, "Plan Width": 16, "Index Cond": "(person_id = an.person_id)", "Filter": "((note)::text = ANY ('{(voice),\"(voice: Japanese version)\",\"(voice) (uncredited)\",\"(voice: English version)\"}'::text[]))"}]}, {"Node Type": "Index Scan", "Parent Relationship": "Inner", "Scan Direction": "Forward", "Index Name": "role_type_pkey", "Relation Name": "role_type", "Alias": "rt", "Startup Cost": 0.0, "Total Cost": 0.27, "Plan Rows": 1, "Plan Width": 4, "Index Cond": "(id = ci.role_id)", "Filter": "((role)::text = 'actress'::text)"}]}, {"Node Type": "Index Scan", "Parent Relationship": "Inner", "Scan Direction": "Forward", "Index Name": "movie_id_movie_companies", "Relation Name": "movie_companies", "Alias": "mc", "Startup Cost": 0.0, "Total Cost": 0.42, "Plan Rows": 1, "Plan Width": 8, "Index Cond": "(movie_id = ci.movie_id)", "Filter": "((note IS NOT NULL) AND (((note)::text ~~ '%(USA)%'::text) OR ((note)::text ~~ '%(worldwide)%'::text)))"}]}, {"Node Type": "Index Scan", "Parent Relationship": "Inner", "Scan Direction": "Forward", "Index Name": "char_name_pkey", "Relation Name": "char_name", "Alias": "chn", "Startup Cost": 0.0, "Total Cost": 0.5, "Plan Rows": 1, "Plan Width": 20, "Index Cond": "(id = ci.person_role_id)"}]}, {"Node Type": "Index Scan", "Parent Relationship": "Inner", "Scan Direction": "Forward", "Index Name": "company_name_pkey", "Relation Name": "company_name", "Alias": "cn", "Startup Cost": 0.0, "Total Cost": 0.32, "Plan Rows": 1, "Plan Width": 4, "Index Cond": "(id = mc.company_id)", "Filter": "((country_code)::text = '[us]'::text)"}]}, {"Node Type": "Index Scan", "Parent Relationship": "Inner", "Scan Direction": "Forward", "Index Name": "title_pkey", "Relation Name": "title", "Alias": "t", "Startup Cost": 0.0, "Total Cost": 0.49, "Plan Rows": 1, "Plan Width": 21, "Index Cond": "(id = ci.movie_id)", "Filter": "((production_year >= 2005) AND (production_year <= 2015))"}]}]}, "Unique SQL Id": 3431223514, "Planner Runtime": 64}, "explain_analyze_plan": {"Plan": {"Node Type": "Aggregate", "Strategy": "Plain", "Startup Cost": 65897.13, "Total Cost": 65897.14, "Plan Rows": 1, "Plan Width": 145, "Actual Min Startup Time": 247.956, "Actual Max Startup Time": 247.956, "Actual Min Total Time": 247.957, "Actual Max Total Time": 247.957, "Plans": [{"Node Type": "Nested Loop", "Parent Relationship": "Outer", "Join Type": "Inner", "Startup Cost": 0.0, "Total Cost": 65897.12, "Plan Rows": 1, "Plan Width": 49, "Actual Min Startup Time": 158.201, "Actual Max Startup Time": 158.201, "Actual Min Total Time": 247.771, "Actual Max Total Time": 247.771, "Inner Unique": true, "Plans": [{"Node Type": "Nested Loop", "Parent Relationship": "Outer", "Join Type": "Inner", "Startup Cost": 0.0, "Total Cost": 65896.62, "Plan Rows": 1, "Plan Width": 40, "Actual Min Startup Time": 148.325, "Actual Max Startup Time": 148.325, "Actual Min Total Time": 245.64, "Actual Max Total Time": 245.64, "Inner Unique": true, "Plans": [{"Node Type": "Nested Loop", "Parent Relationship": "Outer", "Join Type": "Inner", "Startup Cost": 0.0, "Total Cost": 65895.97, "Plan Rows": 2, "Plan Width": 44, "Actual Min Startup Time": 148.293, "Actual Max Startup Time": 148.293, "Actual Min Total Time": 243.609, "Actual Max Total Time": 243.609, "Inner Unique": true, "Plans": [{"Node Type": "Nested Loop", "Parent Relationship": "Outer", "Join Type": "Inner", "Startup Cost": 0.0, "Total Cost": 65893.42, "Plan Rows": 5, "Plan Width": 32, "Actual Min Startup Time": 148.272, "Actual Max Startup Time": 148.272, "Actual Min Total Time": 241.843, "Actual Max Total Time": 241.843, "Inner Unique": false, "Plans": [{"Node Type": "Nested Loop", "Parent Relationship": "Outer", "Join Type": "Inner", "Startup Cost": 0.0, "Total Cost": 65887.81, "Plan Rows": 13, "Plan Width": 24, "Actual Min Startup Time": 117.747, "Actual Max Startup Time": 117.747, "Actual Min Total Time": 236.984, "Actual Max Total Time": 236.984, "Inner Unique": true, "Plans": [{"Node Type": "Nested Loop", "Parent Relationship": "Outer", "Join Type": "Inner", "Startup Cost": 0.0, "Total Cost": 65847.98, "Plan Rows": 141, "Plan Width": 28, "Actual Min Startup Time": 117.733, "Actual Max Startup Time": 117.733, "Actual Min Total Time": 235.718, "Actual Max Total Time": 235.718, "Inner Unique": false, "Join Filter": "(n.id = ci.person_id)", "Rows Removed by Join Filter": 0, "Plans": [{"Node Type": "Nested Loop", "Parent Relationship": "Outer", "Join Type": "Inner", "Startup Cost": 0.0, "Total Cost": 65572.69, "Plan Rows": 115, "Plan Width": 24, "Actual Min Startup Time": 117.21, "Actual Max Startup Time": 117.21, "Actual Min Total Time": 180.677, "Actual Max Total Time": 180.677, "Inner Unique": false, "Plans": [{"Node Type": "Streaming(type: LOCAL GATHER dop: 1/64)", "Parent Relationship": "Outer", "Startup Cost": 0.0, "Total Cost": 64781.81, "Plan Rows": 96, "Plan Width": 4, "Actual Min Startup Time": 117.144, "Actual Max Startup Time": 117.144, "Actual Min Total Time": 155.659, "Actual Max Total Time": 155.659, "Plans": [{"Node Type": "Seq Scan", "Parent Relationship": "Outer", "Relation Name": "name", "Alias": "n", "Startup Cost": 0.0, "Total Cost": 64779.83, "Plan Rows": 96, "Plan Width": 4, "Actual Min Startup Time": 9.543, "Actual Max Startup Time": 14.159, "Actual Min Total Time": 25.518, "Actual Max Total Time": 30.721, "Filter": "(((name)::text ~~ '%Ang%'::text) AND ((gender)::text = 'f'::text))", "Rows Removed by Filter": 4160722, "Actual Rows": 6768}], "Actual Rows": 6768}, {"Node Type": "Index Scan", "Parent Relationship": "Inner", "Scan Direction": "Forward", "Index Name": "person_id_aka_name", "Relation Name": "aka_name", "Alias": "an", "Startup Cost": 0.0, "Total Cost": 8.23, "Plan Rows": 1, "Plan Width": 20, "Actual Min Startup Time": 20.67, "Actual Max Startup Time": 20.67, "Actual Min Total Time": 21.568, "Actual Max Total Time": 21.568, "Index Cond": "(person_id = n.id)", "Rows Removed by Index Recheck": 0, "Actual Rows": 1558}], "Actual Rows": 1558}, {"Node Type": "Index Scan", "Parent Relationship": "Inner", "Scan Direction": "Forward", "Index Name": "person_id_cast_info", "Relation Name": "cast_info", "Alias": "ci", "Startup Cost": 0.0, "Total Cost": 2.38, "Plan Rows": 1, "Plan Width": 16, "Actual Min Startup Time": 48.98, "Actual Max Startup Time": 48.98, "Actual Min Total Time": 54.031, "Actual Max Total Time": 54.031, "Index Cond": "(person_id = an.person_id)", "Rows Removed by Index Recheck": 0, "Filter": "((note)::text = ANY ('{(voice),\"(voice: Japanese version)\",\"(voice) (uncredited)\",\"(voice: English version)\"}'::text[]))", "Rows Removed by Filter": 69057, "Actual Rows": 425}], "Actual Rows": 425}, {"Node Type": "Index Scan", "Parent Relationship": "Inner", "Scan Direction": "Forward", "Index Name": "role_type_pkey", "Relation Name": "role_type", "Alias": "rt", "Startup Cost": 0.0, "Total Cost": 0.27, "Plan Rows": 1, "Plan Width": 4, "Actual Min Startup Time": 0.839, "Actual Max Startup Time": 0.839, "Actual Min Total Time": 0.839, "Actual Max Total Time": 0.839, "Index Cond": "(id = ci.role_id)", "Rows Removed by Index Recheck": 0, "Filter": "((role)::text = 'actress'::text)", "Rows Removed by Filter": 0, "Actual Rows": 425}], "Actual Rows": 425}, {"Node Type": "Index Scan", "Parent Relationship": "Inner", "Scan Direction": "Forward", "Index Name": "movie_id_movie_companies", "Relation Name": "movie_companies", "Alias": "mc", "Startup Cost": 0.0, "Total Cost": 0.42, "Plan Rows": 1, "Plan Width": 8, "Actual Min Startup Time": 3.237, "Actual Max Startup Time": 3.237, "Actual Min Total Time": 4.499, "Actual Max Total Time": 4.499, "Index Cond": "(movie_id = ci.movie_id)", "Rows Removed by Index Recheck": 0, "Filter": "((note IS NOT NULL) AND (((note)::text ~~ '%(USA)%'::text) OR ((note)::text ~~ '%(worldwide)%'::text)))", "Rows Removed by Filter": 1538, "Actual Rows": 373}], "Actual Rows": 373}, {"Node Type": "Index Scan", "Parent Relationship": "Inner", "Scan Direction": "Forward", "Index Name": "char_name_pkey", "Relation Name": "char_name", "Alias": "chn", "Startup Cost": 0.0, "Total Cost": 0.5, "Plan Rows": 1, "Plan Width": 20, "Actual Min Startup Time": 1.4, "Actual Max Startup Time": 1.4, "Actual Min Total Time": 1.4, "Actual Max Total Time": 1.4, "Index Cond": "(id = ci.person_role_id)", "Rows Removed by Index Recheck": 0, "Actual Rows": 348}], "Actual Rows": 348}, {"Node Type": "Index Scan", "Parent Relationship": "Inner", "Scan Direction": "Forward", "Index Name": "company_name_pkey", "Relation Name": "company_name", "Alias": "cn", "Startup Cost": 0.0, "Total Cost": 0.32, "Plan Rows": 1, "Plan Width": 4, "Actual Min Startup Time": 1.687, "Actual Max Startup Time": 1.687, "Actual Min Total Time": 1.687, "Actual Max Total Time": 1.687, "Index Cond": "(id = mc.company_id)", "Rows Removed by Index Recheck": 0, "Filter": "((country_code)::text = '[us]'::text)", "Rows Removed by Filter": 7, "Actual Rows": 341}], "Actual Rows": 341}, {"Node Type": "Index Scan", "Parent Relationship": "Inner", "Scan Direction": "Forward", "Index Name": "title_pkey", "Relation Name": "title", "Alias": "t", "Startup Cost": 0.0, "Total Cost": 0.49, "Plan Rows": 1, "Plan Width": 21, "Actual Min Startup Time": 1.865, "Actual Max Startup Time": 1.865, "Actual Min Total Time": 1.865, "Actual Max Total Time": 1.865, "Index Cond": "(id = ci.movie_id)", "Rows Removed by Index Recheck": 0, "Filter": "((production_year >= 2005) AND (production_year <= 2015))", "Rows Removed by Filter": 220, "Actual Rows": 121}], "Actual Rows": 121}], "Actual Rows": 1}, "Triggers": [], "Planner Runtime": 66, "Total Runtime": 261.423, "Unique SQL Id": 3431223514}}, "(64, 81)": {"explain_plan": {"Plan": {"Node Type": "Aggregate", "Strategy": "Plain", "Startup Cost": 198184.97, "Total Cost": 198184.98, "Plan Rows": 1, "Plan Width": 145, "Plans": [{"Node Type": "Nested Loop", "Parent Relationship": "Outer", "Join Type": "Inner", "Startup Cost": 0.0, "Total Cost": 198184.96, "Plan Rows": 1, "Plan Width": 49, "Inner Unique": true, "Plans": [{"Node Type": "Nested Loop", "Parent Relationship": "Outer", "Join Type": "Inner", "Startup Cost": 0.0, "Total Cost": 198184.46, "Plan Rows": 1, "Plan Width": 40, "Inner Unique": true, "Plans": [{"Node Type": "Nested Loop", "Parent Relationship": "Outer", "Join Type": "Inner", "Startup Cost": 0.0, "Total Cost": 198183.44, "Plan Rows": 2, "Plan Width": 28, "Inner Unique": true, "Plans": [{"Node Type": "Nested Loop", "Parent Relationship": "Outer", "Join Type": "Inner", "Startup Cost": 0.0, "Total Cost": 198181.8, "Plan Rows": 5, "Plan Width": 32, "Inner Unique": false, "Plans": [{"Node Type": "Nested Loop", "Parent Relationship": "Outer", "Join Type": "Inner", "Startup Cost": 0.0, "Total Cost": 198176.2, "Plan Rows": 13, "Plan Width": 24, "Inner Unique": true, "Plans": [{"Node Type": "Nested Loop", "Parent Relationship": "Outer", "Join Type": "Inner", "Startup Cost": 0.0, "Total Cost": 198136.36, "Plan Rows": 141, "Plan Width": 28, "Inner Unique": false, "Join Filter": "(n.id = ci.person_id)", "Plans": [{"Node Type": "Nested Loop", "Parent Relationship": "Outer", "Join Type": "Inner", "Startup Cost": 0.0, "Total Cost": 197861.08, "Plan Rows": 115, "Plan Width": 24, "Inner Unique": false, "Plans": [{"Node Type": "Index Scan", "Parent Relationship": "Outer", "Scan Direction": "Forward", "Index Name": "name_pkey", "Relation Name": "name", "Alias": "n", "Startup Cost": 0.0, "Total Cost": 197070.2, "Plan Rows": 96, "Plan Width": 4, "Filter": "(((name)::text ~~ '%Ang%'::text) AND ((gender)::text = 'f'::text))"}, {"Node Type": "Index Scan", "Parent Relationship": "Inner", "Scan Direction": "Forward", "Index Name": "person_id_aka_name", "Relation Name": "aka_name", "Alias": "an", "Startup Cost": 0.0, "Total Cost": 8.23, "Plan Rows": 1, "Plan Width": 20, "Index Cond": "(person_id = n.id)"}]}, {"Node Type": "Index Scan", "Parent Relationship": "Inner", "Scan Direction": "Forward", "Index Name": "person_id_cast_info", "Relation Name": "cast_info", "Alias": "ci", "Startup Cost": 0.0, "Total Cost": 2.38, "Plan Rows": 1, "Plan Width": 16, "Index Cond": "(person_id = an.person_id)", "Filter": "((note)::text = ANY ('{(voice),\"(voice: Japanese version)\",\"(voice) (uncredited)\",\"(voice: English version)\"}'::text[]))"}]}, {"Node Type": "Index Scan", "Parent Relationship": "Inner", "Scan Direction": "Forward", "Index Name": "role_type_pkey", "Relation Name": "role_type", "Alias": "rt", "Startup Cost": 0.0, "Total Cost": 0.27, "Plan Rows": 1, "Plan Width": 4, "Index Cond": "(id = ci.role_id)", "Filter": "((role)::text = 'actress'::text)"}]}, {"Node Type": "Index Scan", "Parent Relationship": "Inner", "Scan Direction": "Forward", "Index Name": "movie_id_movie_companies", "Relation Name": "movie_companies", "Alias": "mc", "Startup Cost": 0.0, "Total Cost": 0.42, "Plan Rows": 1, "Plan Width": 8, "Index Cond": "(movie_id = ci.movie_id)", "Filter": "((note IS NOT NULL) AND (((note)::text ~~ '%(USA)%'::text) OR ((note)::text ~~ '%(worldwide)%'::text)))"}]}, {"Node Type": "Index Scan", "Parent Relationship": "Inner", "Scan Direction": "Forward", "Index Name": "company_name_pkey", "Relation Name": "company_name", "Alias": "cn", "Startup Cost": 0.0, "Total Cost": 0.32, "Plan Rows": 1, "Plan Width": 4, "Index Cond": "(id = mc.company_id)", "Filter": "((country_code)::text = '[us]'::text)"}]}, {"Node Type": "Index Scan", "Parent Relationship": "Inner", "Scan Direction": "Forward", "Index Name": "char_name_pkey", "Relation Name": "char_name", "Alias": "chn", "Startup Cost": 0.0, "Total Cost": 0.5, "Plan Rows": 1, "Plan Width": 20, "Index Cond": "(id = ci.person_role_id)"}]}, {"Node Type": "Index Scan", "Parent Relationship": "Inner", "Scan Direction": "Forward", "Index Name": "title_pkey", "Relation Name": "title", "Alias": "t", "Startup Cost": 0.0, "Total Cost": 0.49, "Plan Rows": 1, "Plan Width": 21, "Index Cond": "(id = ci.movie_id)", "Filter": "((production_year >= 2005) AND (production_year <= 2015))"}]}]}, "Unique SQL Id": 3431223514, "Planner Runtime": 55}, "explain_analyze_plan": null}, "(64, 82)": {"explain_plan": {"Plan": {"Node Type": "Aggregate", "Strategy": "Plain", "Startup Cost": 66288.51, "Total Cost": 66288.52, "Plan Rows": 1, "Plan Width": 145, "Plans": [{"Node Type": "Nested Loop", "Parent Relationship": "Outer", "Join Type": "Inner", "Startup Cost": 66193.3, "Total Cost": 66288.49, "Plan Rows": 2, "Plan Width": 49, "Inner Unique": true, "Plans": [{"Node Type": "Nested Loop", "Parent Relationship": "Outer", "Join Type": "Inner", "Startup Cost": 66192.99, "Total Cost": 66279.84, "Plan Rows": 2, "Plan Width": 40, "Inner Unique": true, "Plans": [{"Node Type": "Nested Loop", "Parent Relationship": "Outer", "Join Type": "Inner", "Startup Cost": 66192.73, "Total Cost": 66271.26, "Plan Rows": 2, "Plan Width": 44, "Inner Unique": true, "Plans": [{"Node Type": "Nested Loop", "Parent Relationship": "Outer", "Join Type": "Inner", "Startup Cost": 66192.42, "Total Cost": 66249.58, "Plan Rows": 5, "Plan Width": 32, "Inner Unique": false, "Plans": [{"Node Type": "Merge Join", "Parent Relationship": "Outer", "Join Type": "Inner", "Startup Cost": 66192.11, "Total Cost": 66192.95, "Plan Rows": 13, "Plan Width": 24, "Inner Unique": false, "Merge Cond": "(rt.id = ci.role_id)", "Plans": [{"Node Type": "Sort", "Parent Relationship": "Outer", "Startup Cost": 1.16, "Total Cost": 1.16, "Plan Rows": 1, "Plan Width": 4, "Sort Key": ["rt.id"], "Plans": [{"Node Type": "Seq Scan", "Parent Relationship": "Outer", "Relation Name": "role_type", "Alias": "rt", "Startup Cost": 0.0, "Total Cost": 1.15, "Plan Rows": 1, "Plan Width": 4, "Filter": "((role)::text = 'actress'::text)"}]}, {"Node Type": "Sort", "Parent Relationship": "Inner", "Startup Cost": 66190.95, "Total Cost": 66191.3, "Plan Rows": 141, "Plan Width": 28, "Sort Key": ["ci.role_id"], "Plans": [{"Node Type": "Nested Loop", "Parent Relationship": "Outer", "Join Type": "Inner", "Startup Cost": 5.22, "Total Cost": 66185.91, "Plan Rows": 141, "Plan Width": 28, "Inner Unique": false, "Join Filter": "(n.id = ci.person_id)", "Plans": [{"Node Type": "Nested Loop", "Parent Relationship": "Outer", "Join Type": "Inner", "Startup Cost": 4.22, "Total Cost": 65572.72, "Plan Rows": 115, "Plan Width": 24, "Inner Unique": false, "Plans": [{"Node Type": "Streaming(type: LOCAL GATHER dop: 1/64)", "Parent Relationship": "Outer", "Startup Cost": 0.0, "Total Cost": 64781.81, "Plan Rows": 96, "Plan Width": 4, "Plans": [{"Node Type": "Seq Scan", "Parent Relationship": "Outer", "Relation Name": "name", "Alias": "n", "Startup Cost": 0.0, "Total Cost": 64779.83, "Plan Rows": 96, "Plan Width": 4, "Filter": "(((name)::text ~~ '%Ang%'::text) AND ((gender)::text = 'f'::text))"}]}, {"Node Type": "Bitmap Heap Scan", "Parent Relationship": "Inner", "Relation Name": "aka_name", "Alias": "an", "Startup Cost": 4.22, "Total Cost": 8.23, "Plan Rows": 1, "Plan Width": 20, "Recheck Cond": "(person_id = n.id)", "Plans": [{"Node Type": "Bitmap Index Scan", "Parent Relationship": "Outer", "Index Name": "person_id_aka_name", "Startup Cost": 0.0, "Total Cost": 4.22, "Plan Rows": 1, "Plan Width": 0, "Index Cond": "(person_id = n.id)"}]}]}, {"Node Type": "Bitmap Heap Scan", "Parent Relationship": "Inner", "Relation Name": "cast_info", "Alias": "ci", "Startup Cost": 1.0, "Total Cost": 5.32, "Plan Rows": 1, "Plan Width": 16, "Recheck Cond": "(person_id = an.person_id)", "Filter": "((note)::text = ANY ('{(voice),\"(voice: Japanese version)\",\"(voice) (uncredited)\",\"(voice: English version)\"}'::text[]))", "Plans": [{"Node Type": "Bitmap Index Scan", "Parent Relationship": "Outer", "Index Name": "person_id_cast_info", "Startup Cost": 0.0, "Total Cost": 1.0, "Plan Rows": 18, "Plan Width": 0, "Index Cond": "(person_id = an.person_id)"}]}]}]}]}, {"Node Type": "Bitmap Heap Scan", "Parent Relationship": "Inner", "Relation Name": "movie_companies", "Alias": "mc", "Startup Cost": 0.31, "Total Cost": 4.35, "Plan Rows": 1, "Plan Width": 8, "Recheck Cond": "(movie_id = ci.movie_id)", "Filter": "((note IS NOT NULL) AND (((note)::text ~~ '%(USA)%'::text) OR ((note)::text ~~ '%(worldwide)%'::text)))", "Plans": [{"Node Type": "Bitmap Index Scan", "Parent Relationship": "Outer", "Index Name": "movie_id_movie_companies", "Startup Cost": 0.0, "Total Cost": 0.31, "Plan Rows": 2, "Plan Width": 0, "Index Cond": "(movie_id = ci.movie_id)"}]}]}, {"Node Type": "Bitmap Heap Scan", "Parent Relationship": "Inner", "Relation Name": "char_name", "Alias": "chn", "Startup Cost": 0.31, "Total Cost": 4.33, "Plan Rows": 1, "Plan Width": 20, "Recheck Cond": "(id = ci.person_role_id)", "Plans": [{"Node Type": "Bitmap Index Scan", "Parent Relationship": "Outer", "Index Name": "char_name_pkey", "Startup Cost": 0.0, "Total Cost": 0.31, "Plan Rows": 1, "Plan Width": 0, "Index Cond": "(id = ci.person_role_id)"}]}]}, {"Node Type": "Bitmap Heap Scan", "Parent Relationship": "Inner", "Relation Name": "company_name", "Alias": "cn", "Startup Cost": 0.26, "Total Cost": 4.28, "Plan Rows": 1, "Plan Width": 4, "Recheck Cond": "(id = mc.company_id)", "Filter": "((country_code)::text = '[us]'::text)", "Plans": [{"Node Type": "Bitmap Index Scan", "Parent Relationship": "Outer", "Index Name": "company_name_pkey", "Startup Cost": 0.0, "Total Cost": 0.26, "Plan Rows": 1, "Plan Width": 0, "Index Cond": "(id = mc.company_id)"}]}]}, {"Node Type": "Bitmap Heap Scan", "Parent Relationship": "Inner", "Relation Name": "title", "Alias": "t", "Startup Cost": 0.3, "Total Cost": 4.32, "Plan Rows": 1, "Plan Width": 21, "Recheck Cond": "(id = ci.movie_id)", "Filter": "((production_year >= 2005) AND (production_year <= 2015))", "Plans": [{"Node Type": "Bitmap Index Scan", "Parent Relationship": "Outer", "Index Name": "title_pkey", "Startup Cost": 0.0, "Total Cost": 0.3, "Plan Rows": 1, "Plan Width": 0, "Index Cond": "(id = ci.movie_id)"}]}]}]}, "Unique SQL Id": 3431223514, "Planner Runtime": 62}, "explain_analyze_plan": {"Plan": {"Node Type": "Aggregate", "Strategy": "Plain", "Startup Cost": 66288.51, "Total Cost": 66288.52, "Plan Rows": 1, "Plan Width": 145, "Actual Min Startup Time": 260.502, "Actual Max Startup Time": 260.502, "Actual Min Total Time": 260.503, "Actual Max Total Time": 260.503, "Plans": [{"Node Type": "Nested Loop", "Parent Relationship": "Outer", "Join Type": "Inner", "Startup Cost": 66193.3, "Total Cost": 66288.49, "Plan Rows": 2, "Plan Width": 49, "Actual Min Startup Time": 247.821, "Actual Max Startup Time": 247.821, "Actual Min Total Time": 260.343, "Actual Max Total Time": 260.343, "Inner Unique": true, "Plans": [{"Node Type": "Nested Loop", "Parent Relationship": "Outer", "Join Type": "Inner", "Startup Cost": 66192.99, "Total Cost": 66279.84, "Plan Rows": 2, "Plan Width": 40, "Actual Min Startup Time": 247.779, "Actual Max Startup Time": 247.779, "Actual Min Total Time": 257.877, "Actual Max Total Time": 257.877, "Inner Unique": true, "Plans": [{"Node Type": "Nested Loop", "Parent Relationship": "Outer", "Join Type": "Inner", "Startup Cost": 66192.73, "Total Cost": 66271.26, "Plan Rows": 2, "Plan Width": 44, "Actual Min Startup Time": 247.747, "Actual Max Startup Time": 247.747, "Actual Min Total Time": 255.577, "Actual Max Total Time": 255.577, "Inner Unique": true, "Plans": [{"Node Type": "Nested Loop", "Parent Relationship": "Outer", "Join Type": "Inner", "Startup Cost": 66192.42, "Total Cost": 66249.58, "Plan Rows": 5, "Plan Width": 32, "Actual Min Startup Time": 247.676, "Actual Max Startup Time": 247.676, "Actual Min Total Time": 253.372, "Actual Max Total Time": 253.372, "Inner Unique": false, "Plans": [{"Node Type": "Merge Join", "Parent Relationship": "Outer", "Join Type": "Inner", "Startup Cost": 66192.11, "Total Cost": 66192.95, "Plan Rows": 13, "Plan Width": 24, "Actual Min Startup Time": 247.616, "Actual Max Startup Time": 247.616, "Actual Min Total Time": 247.849, "Actual Max Total Time": 247.849, "Inner Unique": false, "Merge Cond": "(rt.id = ci.role_id)", "Plans": [{"Node Type": "Sort", "Parent Relationship": "Outer", "Startup Cost": 1.16, "Total Cost": 1.16, "Plan Rows": 1, "Plan Width": 4, "Actual Min Startup Time": 0.073, "Actual Max Startup Time": 0.073, "Actual Min Total Time": 0.073, "Actual Max Total Time": 0.073, "Sort Key": ["rt.id"], "Sort Method": "quicksort", "Sort Space Min Used": 25, "Sort Space Max Used": 25, "Sort Space Type": "Memory", "Plans": [{"Node Type": "Seq Scan", "Parent Relationship": "Outer", "Relation Name": "role_type", "Alias": "rt", "Startup Cost": 0.0, "Total Cost": 1.15, "Plan Rows": 1, "Plan Width": 4, "Actual Min Startup Time": 0.041, "Actual Max Startup Time": 0.041, "Actual Min Total Time": 0.046, "Actual Max Total Time": 0.046, "Filter": "((role)::text = 'actress'::text)", "Rows Removed by Filter": 11, "Actual Rows": 1}], "Actual Rows": 1}, {"Node Type": "Sort", "Parent Relationship": "Inner", "Startup Cost": 66190.95, "Total Cost": 66191.3, "Plan Rows": 141, "Plan Width": 28, "Actual Min Startup Time": 247.536, "Actual Max Startup Time": 247.536, "Actual Min Total Time": 247.603, "Actual Max Total Time": 247.603, "Sort Key": ["ci.role_id"], "Sort Method": "quicksort", "Sort Space Min Used": 65, "Sort Space Max Used": 65, "Sort Space Type": "Memory", "Plans": [{"Node Type": "Nested Loop", "Parent Relationship": "Outer", "Join Type": "Inner", "Startup Cost": 5.22, "Total Cost": 66185.91, "Plan Rows": 141, "Plan Width": 28, "Actual Min Startup Time": 122.411, "Actual Max Startup Time": 122.411, "Actual Min Total Time": 247.301, "Actual Max Total Time": 247.301, "Inner Unique": false, "Join Filter": "(n.id = ci.person_id)", "Rows Removed by Join Filter": 0, "Plans": [{"Node Type": "Nested Loop", "Parent Relationship": "Outer", "Join Type": "Inner", "Startup Cost": 4.22, "Total Cost": 65572.72, "Plan Rows": 115, "Plan Width": 24, "Actual Min Startup Time": 122.35, "Actual Max Startup Time": 122.35, "Actual Min Total Time": 191.746, "Actual Max Total Time": 191.746, "Inner Unique": false, "Plans": [{"Node Type": "Streaming(type: LOCAL GATHER dop: 1/64)", "Parent Relationship": "Outer", "Startup Cost": 0.0, "Total Cost": 64781.81, "Plan Rows": 96, "Plan Width": 4, "Actual Min Startup Time": 122.262, "Actual Max Startup Time": 122.262, "Actual Min Total Time": 158.084, "Actual Max Total Time": 158.084, "Plans": [{"Node Type": "Seq Scan", "Parent Relationship": "Outer", "Relation Name": "name", "Alias": "n", "Startup Cost": 0.0, "Total Cost": 64779.83, "Plan Rows": 96, "Plan Width": 4, "Actual Min Startup Time": 9.482, "Actual Max Startup Time": 30.164, "Actual Min Total Time": 25.271, "Actual Max Total Time": 43.333, "Filter": "(((name)::text ~~ '%Ang%'::text) AND ((gender)::text = 'f'::text))", "Rows Removed by Filter": 4160722, "Actual Rows": 6768}], "Actual Rows": 6768}, {"Node Type": "Bitmap Heap Scan", "Parent Relationship": "Inner", "Relation Name": "aka_name", "Alias": "an", "Startup Cost": 4.22, "Total Cost": 8.23, "Plan Rows": 1, "Plan Width": 20, "Actual Min Startup Time": 25.571, "Actual Max Startup Time": 25.571, "Actual Min Total Time": 26.188, "Actual Max Total Time": 26.188, "Recheck Cond": "(person_id = n.id)", "Rows Removed by Index Recheck": 0, "Exact Heap Blocks": 1014, "Lossy Heap Blocks": 1014, "Plans": [{"Node Type": "Bitmap Index Scan", "Parent Relationship": "Outer", "Index Name": "person_id_aka_name", "Startup Cost": 0.0, "Total Cost": 4.22, "Plan Rows": 1, "Plan Width": 0, "Actual Min Startup Time": 19.638, "Actual Max Startup Time": 19.638, "Actual Min Total Time": 19.638, "Actual Max Total Time": 19.638, "Index Cond": "(person_id = n.id)", "Actual Rows": 1558}], "Actual Rows": 1558}], "Actual Rows": 1558}, {"Node Type": "Bitmap Heap Scan", "Parent Relationship": "Inner", "Relation Name": "cast_info", "Alias": "ci", "Startup Cost": 1.0, "Total Cost": 5.32, "Plan Rows": 1, "Plan Width": 16, "Actual Min Startup Time": 50.104, "Actual Max Startup Time": 50.104, "Actual Min Total Time": 53.428, "Actual Max Total Time": 53.428, "Recheck Cond": "(person_id = an.person_id)", "Rows Removed by Index Recheck": 0, "Filter": "((note)::text = ANY ('{(voice),\"(voice: Japanese version)\",\"(voice) (uncredited)\",\"(voice: English version)\"}'::text[]))", "Rows Removed by Filter": 69057, "Exact Heap Blocks": 2627, "Lossy Heap Blocks": 2627, "Plans": [{"Node Type": "Bitmap Index Scan", "Parent Relationship": "Outer", "Index Name": "person_id_cast_info", "Startup Cost": 0.0, "Total Cost": 1.0, "Plan Rows": 18, "Plan Width": 0, "Actual Min Startup Time": 16.18, "Actual Max Startup Time": 16.18, "Actual Min Total Time": 16.18, "Actual Max Total Time": 16.18, "Index Cond": "(person_id = an.person_id)", "Actual Rows": 69482}], "Actual Rows": 425}], "Actual Rows": 425}], "Actual Rows": 425}], "Actual Rows": 425}, {"Node Type": "Bitmap Heap Scan", "Parent Relationship": "Inner", "Relation Name": "movie_companies", "Alias": "mc", "Startup Cost": 0.31, "Total Cost": 4.35, "Plan Rows": 1, "Plan Width": 8, "Actual Min Startup Time": 3.912, "Actual Max Startup Time": 3.912, "Actual Min Total Time": 4.903, "Actual Max Total Time": 4.903, "Recheck Cond": "(movie_id = ci.movie_id)", "Rows Removed by Index Recheck": 0, "Filter": "((note IS NOT NULL) AND (((note)::text ~~ '%(USA)%'::text) OR ((note)::text ~~ '%(worldwide)%'::text)))", "Rows Removed by Filter": 1538, "Exact Heap Blocks": 580, "Lossy Heap Blocks": 580, "Plans": [{"Node Type": "Bitmap Index Scan", "Parent Relationship": "Outer", "Index Name": "movie_id_movie_companies", "Startup Cost": 0.0, "Total Cost": 0.31, "Plan Rows": 2, "Plan Width": 0, "Actual Min Startup Time": 2.066, "Actual Max Startup Time": 2.066, "Actual Min Total Time": 2.066, "Actual Max Total Time": 2.066, "Index Cond": "(movie_id = ci.movie_id)", "Actual Rows": 1911}], "Actual Rows": 373}], "Actual Rows": 373}, {"Node Type": "Bitmap Heap Scan", "Parent Relationship": "Inner", "Relation Name": "char_name", "Alias": "chn", "Startup Cost": 0.31, "Total Cost": 4.33, "Plan Rows": 1, "Plan Width": 20, "Actual Min Startup Time": 1.646, "Actual Max Startup Time": 1.646, "Actual Min Total Time": 1.646, "Actual Max Total Time": 1.646, "Recheck Cond": "(id = ci.person_role_id)", "Rows Removed by Index Recheck": 0, "Exact Heap Blocks": 348, "Lossy Heap Blocks": 348, "Plans": [{"Node Type": "Bitmap Index Scan", "Parent Relationship": "Outer", "Index Name": "char_name_pkey", "Startup Cost": 0.0, "Total Cost": 0.31, "Plan Rows": 1, "Plan Width": 0, "Actual Min Startup Time": 1.058, "Actual Max Startup Time": 1.058, "Actual Min Total Time": 1.058, "Actual Max Total Time": 1.058, "Index Cond": "(id = ci.person_role_id)", "Actual Rows": 348}], "Actual Rows": 348}], "Actual Rows": 348}, {"Node Type": "Bitmap Heap Scan", "Parent Relationship": "Inner", "Relation Name": "company_name", "Alias": "cn", "Startup Cost": 0.26, "Total Cost": 4.28, "Plan Rows": 1, "Plan Width": 4, "Actual Min Startup Time": 1.84, "Actual Max Startup Time": 1.84, "Actual Min Total Time": 1.84, "Actual Max Total Time": 1.84, "Recheck Cond": "(id = mc.company_id)", "Rows Removed by Index Recheck": 0, "Filter": "((country_code)::text = '[us]'::text)", "Rows Removed by Filter": 7, "Exact Heap Blocks": 348, "Lossy Heap Blocks": 348, "Plans": [{"Node Type": "Bitmap Index Scan", "Parent Relationship": "Outer", "Index Name": "company_name_pkey", "Startup Cost": 0.0, "Total Cost": 0.26, "Plan Rows": 1, "Plan Width": 0, "Actual Min Startup Time": 1.009, "Actual Max Startup Time": 1.009, "Actual Min Total Time": 1.009, "Actual Max Total Time": 1.009, "Index Cond": "(id = mc.company_id)", "Actual Rows": 348}], "Actual Rows": 341}], "Actual Rows": 341}, {"Node Type": "Bitmap Heap Scan", "Parent Relationship": "Inner", "Relation Name": "title", "Alias": "t", "Startup Cost": 0.3, "Total Cost": 4.32, "Plan Rows": 1, "Plan Width": 21, "Actual Min Startup Time": 2.055, "Actual Max Startup Time": 2.055, "Actual Min Total Time": 2.055, "Actual Max Total Time": 2.055, "Recheck Cond": "(id = ci.movie_id)", "Rows Removed by Index Recheck": 0, "Filter": "((production_year >= 2005) AND (production_year <= 2015))", "Rows Removed by Filter": 220, "Exact Heap Blocks": 341, "Lossy Heap Blocks": 341, "Plans": [{"Node Type": "Bitmap Index Scan", "Parent Relationship": "Outer", "Index Name": "title_pkey", "Startup Cost": 0.0, "Total Cost": 0.3, "Plan Rows": 1, "Plan Width": 0, "Actual Min Startup Time": 1.228, "Actual Max Startup Time": 1.228, "Actual Min Total Time": 1.228, "Actual Max Total Time": 1.228, "Index Cond": "(id = ci.movie_id)", "Actual Rows": 341}], "Actual Rows": 121}], "Actual Rows": 121}], "Actual Rows": 1}, "Triggers": [], "Planner Runtime": 61, "Total Runtime": 272.75, "Unique SQL Id": 3431223514}}, "(64, 83)": {"explain_plan": {"Plan": {"Node Type": "Aggregate", "Strategy": "Plain", "Startup Cost": 199170.6, "Total Cost": 199170.61, "Plan Rows": 1, "Plan Width": 145, "Plans": [{"Node Type": "Nested Loop", "Parent Relationship": "Outer", "Join Type": "Inner", "Startup Cost": 83164.39, "Total Cost": 199170.59, "Plan Rows": 2, "Plan Width": 49, "Inner Unique": true, "Plans": [{"Node Type": "Nested Loop", "Parent Relationship": "Outer", "Join Type": "Inner", "Startup Cost": 83164.09, "Total Cost": 199161.93, "Plan Rows": 2, "Plan Width": 40, "Inner Unique": true, "Plans": [{"Node Type": "Nested Loop", "Parent Relationship": "Outer", "Join Type": "Inner", "Startup Cost": 83163.83, "Total Cost": 199153.35, "Plan Rows": 2, "Plan Width": 44, "Inner Unique": true, "Plans": [{"Node Type": "Nested Loop", "Parent Relationship": "Outer", "Join Type": "Inner", "Startup Cost": 83163.51, "Total Cost": 199131.67, "Plan Rows": 5, "Plan Width": 32, "Inner Unique": false, "Plans": [{"Node Type": "Nested Loop", "Parent Relationship": "Outer", "Join Type": "Inner", "Startup Cost": 83163.2, "Total Cost": 199075.04, "Plan Rows": 13, "Plan Width": 24, "Inner Unique": true, "Plans": [{"Node Type": "Nested Loop", "Parent Relationship": "Outer", "Join Type": "Inner", "Startup Cost": 83162.94, "Total Cost": 198471.17, "Plan Rows": 141, "Plan Width": 28, "Inner Unique": false, "Join Filter": "(n.id = ci.person_id)", "Plans": [{"Node Type": "Nested Loop", "Parent Relationship": "Outer", "Join Type": "Inner", "Startup Cost": 83161.94, "Total Cost": 197857.98, "Plan Rows": 115, "Plan Width": 24, "Inner Unique": false, "Plans": [{"Node Type": "Bitmap Heap Scan", "Parent Relationship": "Outer", "Relation Name": "name", "Alias": "n", "Startup Cost": 83157.72, "Total Cost": 197067.07, "Plan Rows": 96, "Plan Width": 4, "Filter": "(((name)::text ~~ '%Ang%'::text) AND ((gender)::text = 'f'::text))", "Plans": [{"Node Type": "Bitmap Index Scan", "Parent Relationship": "Outer", "Index Name": "name_pkey", "Startup Cost": 0.0, "Total Cost": 83157.7, "Plan Rows": 4167490, "Plan Width": 0}]}, {"Node Type": "Bitmap Heap Scan", "Parent Relationship": "Inner", "Relation Name": "aka_name", "Alias": "an", "Startup Cost": 4.22, "Total Cost": 8.23, "Plan Rows": 1, "Plan Width": 20, "Recheck Cond": "(person_id = n.id)", "Plans": [{"Node Type": "Bitmap Index Scan", "Parent Relationship": "Outer", "Index Name": "person_id_aka_name", "Startup Cost": 0.0, "Total Cost": 4.22, "Plan Rows": 1, "Plan Width": 0, "Index Cond": "(person_id = n.id)"}]}]}, {"Node Type": "Bitmap Heap Scan", "Parent Relationship": "Inner", "Relation Name": "cast_info", "Alias": "ci", "Startup Cost": 1.0, "Total Cost": 5.32, "Plan Rows": 1, "Plan Width": 16, "Recheck Cond": "(person_id = an.person_id)", "Filter": "((note)::text = ANY ('{(voice),\"(voice: Japanese version)\",\"(voice) (uncredited)\",\"(voice: English version)\"}'::text[]))", "Plans": [{"Node Type": "Bitmap Index Scan", "Parent Relationship": "Outer", "Index Name": "person_id_cast_info", "Startup Cost": 0.0, "Total Cost": 1.0, "Plan Rows": 18, "Plan Width": 0, "Index Cond": "(person_id = an.person_id)"}]}]}, {"Node Type": "Bitmap Heap Scan", "Parent Relationship": "Inner", "Relation Name": "role_type", "Alias": "rt", "Startup Cost": 0.26, "Total Cost": 4.27, "Plan Rows": 1, "Plan Width": 4, "Recheck Cond": "(id = ci.role_id)", "Filter": "((role)::text = 'actress'::text)", "Plans": [{"Node Type": "Bitmap Index Scan", "Parent Relationship": "Outer", "Index Name": "role_type_pkey", "Startup Cost": 0.0, "Total Cost": 0.26, "Plan Rows": 1, "Plan Width": 0, "Index Cond": "(id = ci.role_id)"}]}]}, {"Node Type": "Bitmap Heap Scan", "Parent Relationship": "Inner", "Relation Name": "movie_companies", "Alias": "mc", "Startup Cost": 0.31, "Total Cost": 4.35, "Plan Rows": 1, "Plan Width": 8, "Recheck Cond": "(movie_id = ci.movie_id)", "Filter": "((note IS NOT NULL) AND (((note)::text ~~ '%(USA)%'::text) OR ((note)::text ~~ '%(worldwide)%'::text)))", "Plans": [{"Node Type": "Bitmap Index Scan", "Parent Relationship": "Outer", "Index Name": "movie_id_movie_companies", "Startup Cost": 0.0, "Total Cost": 0.31, "Plan Rows": 2, "Plan Width": 0, "Index Cond": "(movie_id = ci.movie_id)"}]}]}, {"Node Type": "Bitmap Heap Scan", "Parent Relationship": "Inner", "Relation Name": "char_name", "Alias": "chn", "Startup Cost": 0.31, "Total Cost": 4.33, "Plan Rows": 1, "Plan Width": 20, "Recheck Cond": "(id = ci.person_role_id)", "Plans": [{"Node Type": "Bitmap Index Scan", "Parent Relationship": "Outer", "Index Name": "char_name_pkey", "Startup Cost": 0.0, "Total Cost": 0.31, "Plan Rows": 1, "Plan Width": 0, "Index Cond": "(id = ci.person_role_id)"}]}]}, {"Node Type": "Bitmap Heap Scan", "Parent Relationship": "Inner", "Relation Name": "company_name", "Alias": "cn", "Startup Cost": 0.26, "Total Cost": 4.28, "Plan Rows": 1, "Plan Width": 4, "Recheck Cond": "(id = mc.company_id)", "Filter": "((country_code)::text = '[us]'::text)", "Plans": [{"Node Type": "Bitmap Index Scan", "Parent Relationship": "Outer", "Index Name": "company_name_pkey", "Startup Cost": 0.0, "Total Cost": 0.26, "Plan Rows": 1, "Plan Width": 0, "Index Cond": "(id = mc.company_id)"}]}]}, {"Node Type": "Bitmap Heap Scan", "Parent Relationship": "Inner", "Relation Name": "title", "Alias": "t", "Startup Cost": 0.3, "Total Cost": 4.32, "Plan Rows": 1, "Plan Width": 21, "Recheck Cond": "(id = ci.movie_id)", "Filter": "((production_year >= 2005) AND (production_year <= 2015))", "Plans": [{"Node Type": "Bitmap Index Scan", "Parent Relationship": "Outer", "Index Name": "title_pkey", "Startup Cost": 0.0, "Total Cost": 0.3, "Plan Rows": 1, "Plan Width": 0, "Index Cond": "(id = ci.movie_id)"}]}]}]}, "Unique SQL Id": 3431223514, "Planner Runtime": 53}, "explain_analyze_plan": null}, "(64, 84)": {"explain_plan": {"Plan": {"Node Type": "Aggregate", "Strategy": "Plain", "Startup Cost": 65897.13, "Total Cost": 65897.14, "Plan Rows": 1, "Plan Width": 145, "Plans": [{"Node Type": "Nested Loop", "Parent Relationship": "Outer", "Join Type": "Inner", "Startup Cost": 0.0, "Total Cost": 65897.12, "Plan Rows": 1, "Plan Width": 49, "Inner Unique": true, "Plans": [{"Node Type": "Nested Loop", "Parent Relationship": "Outer", "Join Type": "Inner", "Startup Cost": 0.0, "Total Cost": 65896.62, "Plan Rows": 1, "Plan Width": 40, "Inner Unique": true, "Plans": [{"Node Type": "Nested Loop", "Parent Relationship": "Outer", "Join Type": "Inner", "Startup Cost": 0.0, "Total Cost": 65895.97, "Plan Rows": 2, "Plan Width": 44, "Inner Unique": true, "Plans": [{"Node Type": "Nested Loop", "Parent Relationship": "Outer", "Join Type": "Inner", "Startup Cost": 0.0, "Total Cost": 65893.42, "Plan Rows": 5, "Plan Width": 32, "Inner Unique": false, "Plans": [{"Node Type": "Nested Loop", "Parent Relationship": "Outer", "Join Type": "Inner", "Startup Cost": 0.0, "Total Cost": 65887.81, "Plan Rows": 13, "Plan Width": 24, "Inner Unique": true, "Plans": [{"Node Type": "Nested Loop", "Parent Relationship": "Outer", "Join Type": "Inner", "Startup Cost": 0.0, "Total Cost": 65847.98, "Plan Rows": 141, "Plan Width": 28, "Inner Unique": false, "Join Filter": "(n.id = ci.person_id)", "Plans": [{"Node Type": "Nested Loop", "Parent Relationship": "Outer", "Join Type": "Inner", "Startup Cost": 0.0, "Total Cost": 65572.69, "Plan Rows": 115, "Plan Width": 24, "Inner Unique": false, "Plans": [{"Node Type": "Streaming(type: LOCAL GATHER dop: 1/64)", "Parent Relationship": "Outer", "Startup Cost": 0.0, "Total Cost": 64781.81, "Plan Rows": 96, "Plan Width": 4, "Plans": [{"Node Type": "Seq Scan", "Parent Relationship": "Outer", "Relation Name": "name", "Alias": "n", "Startup Cost": 0.0, "Total Cost": 64779.83, "Plan Rows": 96, "Plan Width": 4, "Filter": "(((name)::text ~~ '%Ang%'::text) AND ((gender)::text = 'f'::text))"}]}, {"Node Type": "Index Scan", "Parent Relationship": "Inner", "Scan Direction": "Forward", "Index Name": "person_id_aka_name", "Relation Name": "aka_name", "Alias": "an", "Startup Cost": 0.0, "Total Cost": 8.23, "Plan Rows": 1, "Plan Width": 20, "Index Cond": "(person_id = n.id)"}]}, {"Node Type": "Index Scan", "Parent Relationship": "Inner", "Scan Direction": "Forward", "Index Name": "person_id_cast_info", "Relation Name": "cast_info", "Alias": "ci", "Startup Cost": 0.0, "Total Cost": 2.38, "Plan Rows": 1, "Plan Width": 16, "Index Cond": "(person_id = an.person_id)", "Filter": "((note)::text = ANY ('{(voice),\"(voice: Japanese version)\",\"(voice) (uncredited)\",\"(voice: English version)\"}'::text[]))"}]}, {"Node Type": "Index Scan", "Parent Relationship": "Inner", "Scan Direction": "Forward", "Index Name": "role_type_pkey", "Relation Name": "role_type", "Alias": "rt", "Startup Cost": 0.0, "Total Cost": 0.27, "Plan Rows": 1, "Plan Width": 4, "Index Cond": "(id = ci.role_id)", "Filter": "((role)::text = 'actress'::text)"}]}, {"Node Type": "Index Scan", "Parent Relationship": "Inner", "Scan Direction": "Forward", "Index Name": "movie_id_movie_companies", "Relation Name": "movie_companies", "Alias": "mc", "Startup Cost": 0.0, "Total Cost": 0.42, "Plan Rows": 1, "Plan Width": 8, "Index Cond": "(movie_id = ci.movie_id)", "Filter": "((note IS NOT NULL) AND (((note)::text ~~ '%(USA)%'::text) OR ((note)::text ~~ '%(worldwide)%'::text)))"}]}, {"Node Type": "Index Scan", "Parent Relationship": "Inner", "Scan Direction": "Forward", "Index Name": "char_name_pkey", "Relation Name": "char_name", "Alias": "chn", "Startup Cost": 0.0, "Total Cost": 0.5, "Plan Rows": 1, "Plan Width": 20, "Index Cond": "(id = ci.person_role_id)"}]}, {"Node Type": "Index Scan", "Parent Relationship": "Inner", "Scan Direction": "Forward", "Index Name": "company_name_pkey", "Relation Name": "company_name", "Alias": "cn", "Startup Cost": 0.0, "Total Cost": 0.32, "Plan Rows": 1, "Plan Width": 4, "Index Cond": "(id = mc.company_id)", "Filter": "((country_code)::text = '[us]'::text)"}]}, {"Node Type": "Index Scan", "Parent Relationship": "Inner", "Scan Direction": "Forward", "Index Name": "title_pkey", "Relation Name": "title", "Alias": "t", "Startup Cost": 0.0, "Total Cost": 0.49, "Plan Rows": 1, "Plan Width": 21, "Index Cond": "(id = ci.movie_id)", "Filter": "((production_year >= 2005) AND (production_year <= 2015))"}]}]}, "Unique SQL Id": 3431223514, "Planner Runtime": 63}, "explain_analyze_plan": {"Plan": {"Node Type": "Aggregate", "Strategy": "Plain", "Startup Cost": 65897.13, "Total Cost": 65897.14, "Plan Rows": 1, "Plan Width": 145, "Actual Min Startup Time": 247.956, "Actual Max Startup Time": 247.956, "Actual Min Total Time": 247.957, "Actual Max Total Time": 247.957, "Plans": [{"Node Type": "Nested Loop", "Parent Relationship": "Outer", "Join Type": "Inner", "Startup Cost": 0.0, "Total Cost": 65897.12, "Plan Rows": 1, "Plan Width": 49, "Actual Min Startup Time": 158.201, "Actual Max Startup Time": 158.201, "Actual Min Total Time": 247.771, "Actual Max Total Time": 247.771, "Inner Unique": true, "Plans": [{"Node Type": "Nested Loop", "Parent Relationship": "Outer", "Join Type": "Inner", "Startup Cost": 0.0, "Total Cost": 65896.62, "Plan Rows": 1, "Plan Width": 40, "Actual Min Startup Time": 148.325, "Actual Max Startup Time": 148.325, "Actual Min Total Time": 245.64, "Actual Max Total Time": 245.64, "Inner Unique": true, "Plans": [{"Node Type": "Nested Loop", "Parent Relationship": "Outer", "Join Type": "Inner", "Startup Cost": 0.0, "Total Cost": 65895.97, "Plan Rows": 2, "Plan Width": 44, "Actual Min Startup Time": 148.293, "Actual Max Startup Time": 148.293, "Actual Min Total Time": 243.609, "Actual Max Total Time": 243.609, "Inner Unique": true, "Plans": [{"Node Type": "Nested Loop", "Parent Relationship": "Outer", "Join Type": "Inner", "Startup Cost": 0.0, "Total Cost": 65893.42, "Plan Rows": 5, "Plan Width": 32, "Actual Min Startup Time": 148.272, "Actual Max Startup Time": 148.272, "Actual Min Total Time": 241.843, "Actual Max Total Time": 241.843, "Inner Unique": false, "Plans": [{"Node Type": "Nested Loop", "Parent Relationship": "Outer", "Join Type": "Inner", "Startup Cost": 0.0, "Total Cost": 65887.81, "Plan Rows": 13, "Plan Width": 24, "Actual Min Startup Time": 117.747, "Actual Max Startup Time": 117.747, "Actual Min Total Time": 236.984, "Actual Max Total Time": 236.984, "Inner Unique": true, "Plans": [{"Node Type": "Nested Loop", "Parent Relationship": "Outer", "Join Type": "Inner", "Startup Cost": 0.0, "Total Cost": 65847.98, "Plan Rows": 141, "Plan Width": 28, "Actual Min Startup Time": 117.733, "Actual Max Startup Time": 117.733, "Actual Min Total Time": 235.718, "Actual Max Total Time": 235.718, "Inner Unique": false, "Join Filter": "(n.id = ci.person_id)", "Rows Removed by Join Filter": 0, "Plans": [{"Node Type": "Nested Loop", "Parent Relationship": "Outer", "Join Type": "Inner", "Startup Cost": 0.0, "Total Cost": 65572.69, "Plan Rows": 115, "Plan Width": 24, "Actual Min Startup Time": 117.21, "Actual Max Startup Time": 117.21, "Actual Min Total Time": 180.677, "Actual Max Total Time": 180.677, "Inner Unique": false, "Plans": [{"Node Type": "Streaming(type: LOCAL GATHER dop: 1/64)", "Parent Relationship": "Outer", "Startup Cost": 0.0, "Total Cost": 64781.81, "Plan Rows": 96, "Plan Width": 4, "Actual Min Startup Time": 117.144, "Actual Max Startup Time": 117.144, "Actual Min Total Time": 155.659, "Actual Max Total Time": 155.659, "Plans": [{"Node Type": "Seq Scan", "Parent Relationship": "Outer", "Relation Name": "name", "Alias": "n", "Startup Cost": 0.0, "Total Cost": 64779.83, "Plan Rows": 96, "Plan Width": 4, "Actual Min Startup Time": 9.543, "Actual Max Startup Time": 14.159, "Actual Min Total Time": 25.518, "Actual Max Total Time": 30.721, "Filter": "(((name)::text ~~ '%Ang%'::text) AND ((gender)::text = 'f'::text))", "Rows Removed by Filter": 4160722, "Actual Rows": 6768}], "Actual Rows": 6768}, {"Node Type": "Index Scan", "Parent Relationship": "Inner", "Scan Direction": "Forward", "Index Name": "person_id_aka_name", "Relation Name": "aka_name", "Alias": "an", "Startup Cost": 0.0, "Total Cost": 8.23, "Plan Rows": 1, "Plan Width": 20, "Actual Min Startup Time": 20.67, "Actual Max Startup Time": 20.67, "Actual Min Total Time": 21.568, "Actual Max Total Time": 21.568, "Index Cond": "(person_id = n.id)", "Rows Removed by Index Recheck": 0, "Actual Rows": 1558}], "Actual Rows": 1558}, {"Node Type": "Index Scan", "Parent Relationship": "Inner", "Scan Direction": "Forward", "Index Name": "person_id_cast_info", "Relation Name": "cast_info", "Alias": "ci", "Startup Cost": 0.0, "Total Cost": 2.38, "Plan Rows": 1, "Plan Width": 16, "Actual Min Startup Time": 48.98, "Actual Max Startup Time": 48.98, "Actual Min Total Time": 54.031, "Actual Max Total Time": 54.031, "Index Cond": "(person_id = an.person_id)", "Rows Removed by Index Recheck": 0, "Filter": "((note)::text = ANY ('{(voice),\"(voice: Japanese version)\",\"(voice) (uncredited)\",\"(voice: English version)\"}'::text[]))", "Rows Removed by Filter": 69057, "Actual Rows": 425}], "Actual Rows": 425}, {"Node Type": "Index Scan", "Parent Relationship": "Inner", "Scan Direction": "Forward", "Index Name": "role_type_pkey", "Relation Name": "role_type", "Alias": "rt", "Startup Cost": 0.0, "Total Cost": 0.27, "Plan Rows": 1, "Plan Width": 4, "Actual Min Startup Time": 0.839, "Actual Max Startup Time": 0.839, "Actual Min Total Time": 0.839, "Actual Max Total Time": 0.839, "Index Cond": "(id = ci.role_id)", "Rows Removed by Index Recheck": 0, "Filter": "((role)::text = 'actress'::text)", "Rows Removed by Filter": 0, "Actual Rows": 425}], "Actual Rows": 425}, {"Node Type": "Index Scan", "Parent Relationship": "Inner", "Scan Direction": "Forward", "Index Name": "movie_id_movie_companies", "Relation Name": "movie_companies", "Alias": "mc", "Startup Cost": 0.0, "Total Cost": 0.42, "Plan Rows": 1, "Plan Width": 8, "Actual Min Startup Time": 3.237, "Actual Max Startup Time": 3.237, "Actual Min Total Time": 4.499, "Actual Max Total Time": 4.499, "Index Cond": "(movie_id = ci.movie_id)", "Rows Removed by Index Recheck": 0, "Filter": "((note IS NOT NULL) AND (((note)::text ~~ '%(USA)%'::text) OR ((note)::text ~~ '%(worldwide)%'::text)))", "Rows Removed by Filter": 1538, "Actual Rows": 373}], "Actual Rows": 373}, {"Node Type": "Index Scan", "Parent Relationship": "Inner", "Scan Direction": "Forward", "Index Name": "char_name_pkey", "Relation Name": "char_name", "Alias": "chn", "Startup Cost": 0.0, "Total Cost": 0.5, "Plan Rows": 1, "Plan Width": 20, "Actual Min Startup Time": 1.4, "Actual Max Startup Time": 1.4, "Actual Min Total Time": 1.4, "Actual Max Total Time": 1.4, "Index Cond": "(id = ci.person_role_id)", "Rows Removed by Index Recheck": 0, "Actual Rows": 348}], "Actual Rows": 348}, {"Node Type": "Index Scan", "Parent Relationship": "Inner", "Scan Direction": "Forward", "Index Name": "company_name_pkey", "Relation Name": "company_name", "Alias": "cn", "Startup Cost": 0.0, "Total Cost": 0.32, "Plan Rows": 1, "Plan Width": 4, "Actual Min Startup Time": 1.687, "Actual Max Startup Time": 1.687, "Actual Min Total Time": 1.687, "Actual Max Total Time": 1.687, "Index Cond": "(id = mc.company_id)", "Rows Removed by Index Recheck": 0, "Filter": "((country_code)::text = '[us]'::text)", "Rows Removed by Filter": 7, "Actual Rows": 341}], "Actual Rows": 341}, {"Node Type": "Index Scan", "Parent Relationship": "Inner", "Scan Direction": "Forward", "Index Name": "title_pkey", "Relation Name": "title", "Alias": "t", "Startup Cost": 0.0, "Total Cost": 0.49, "Plan Rows": 1, "Plan Width": 21, "Actual Min Startup Time": 1.865, "Actual Max Startup Time": 1.865, "Actual Min Total Time": 1.865, "Actual Max Total Time": 1.865, "Index Cond": "(id = ci.movie_id)", "Rows Removed by Index Recheck": 0, "Filter": "((production_year >= 2005) AND (production_year <= 2015))", "Rows Removed by Filter": 220, "Actual Rows": 121}], "Actual Rows": 121}], "Actual Rows": 1}, "Triggers": [], "Planner Runtime": 66, "Total Runtime": 261.423, "Unique SQL Id": 3431223514}}, "(64, 85)": {"explain_plan": {"Plan": {"Node Type": "Aggregate", "Strategy": "Plain", "Startup Cost": 198184.97, "Total Cost": 198184.98, "Plan Rows": 1, "Plan Width": 145, "Plans": [{"Node Type": "Nested Loop", "Parent Relationship": "Outer", "Join Type": "Inner", "Startup Cost": 0.0, "Total Cost": 198184.96, "Plan Rows": 1, "Plan Width": 49, "Inner Unique": true, "Plans": [{"Node Type": "Nested Loop", "Parent Relationship": "Outer", "Join Type": "Inner", "Startup Cost": 0.0, "Total Cost": 198184.46, "Plan Rows": 1, "Plan Width": 40, "Inner Unique": true, "Plans": [{"Node Type": "Nested Loop", "Parent Relationship": "Outer", "Join Type": "Inner", "Startup Cost": 0.0, "Total Cost": 198183.44, "Plan Rows": 2, "Plan Width": 28, "Inner Unique": true, "Plans": [{"Node Type": "Nested Loop", "Parent Relationship": "Outer", "Join Type": "Inner", "Startup Cost": 0.0, "Total Cost": 198181.8, "Plan Rows": 5, "Plan Width": 32, "Inner Unique": false, "Plans": [{"Node Type": "Nested Loop", "Parent Relationship": "Outer", "Join Type": "Inner", "Startup Cost": 0.0, "Total Cost": 198176.2, "Plan Rows": 13, "Plan Width": 24, "Inner Unique": true, "Plans": [{"Node Type": "Nested Loop", "Parent Relationship": "Outer", "Join Type": "Inner", "Startup Cost": 0.0, "Total Cost": 198136.36, "Plan Rows": 141, "Plan Width": 28, "Inner Unique": false, "Join Filter": "(n.id = ci.person_id)", "Plans": [{"Node Type": "Nested Loop", "Parent Relationship": "Outer", "Join Type": "Inner", "Startup Cost": 0.0, "Total Cost": 197861.08, "Plan Rows": 115, "Plan Width": 24, "Inner Unique": false, "Plans": [{"Node Type": "Index Scan", "Parent Relationship": "Outer", "Scan Direction": "Forward", "Index Name": "name_pkey", "Relation Name": "name", "Alias": "n", "Startup Cost": 0.0, "Total Cost": 197070.2, "Plan Rows": 96, "Plan Width": 4, "Filter": "(((name)::text ~~ '%Ang%'::text) AND ((gender)::text = 'f'::text))"}, {"Node Type": "Index Scan", "Parent Relationship": "Inner", "Scan Direction": "Forward", "Index Name": "person_id_aka_name", "Relation Name": "aka_name", "Alias": "an", "Startup Cost": 0.0, "Total Cost": 8.23, "Plan Rows": 1, "Plan Width": 20, "Index Cond": "(person_id = n.id)"}]}, {"Node Type": "Index Scan", "Parent Relationship": "Inner", "Scan Direction": "Forward", "Index Name": "person_id_cast_info", "Relation Name": "cast_info", "Alias": "ci", "Startup Cost": 0.0, "Total Cost": 2.38, "Plan Rows": 1, "Plan Width": 16, "Index Cond": "(person_id = an.person_id)", "Filter": "((note)::text = ANY ('{(voice),\"(voice: Japanese version)\",\"(voice) (uncredited)\",\"(voice: English version)\"}'::text[]))"}]}, {"Node Type": "Index Scan", "Parent Relationship": "Inner", "Scan Direction": "Forward", "Index Name": "role_type_pkey", "Relation Name": "role_type", "Alias": "rt", "Startup Cost": 0.0, "Total Cost": 0.27, "Plan Rows": 1, "Plan Width": 4, "Index Cond": "(id = ci.role_id)", "Filter": "((role)::text = 'actress'::text)"}]}, {"Node Type": "Index Scan", "Parent Relationship": "Inner", "Scan Direction": "Forward", "Index Name": "movie_id_movie_companies", "Relation Name": "movie_companies", "Alias": "mc", "Startup Cost": 0.0, "Total Cost": 0.42, "Plan Rows": 1, "Plan Width": 8, "Index Cond": "(movie_id = ci.movie_id)", "Filter": "((note IS NOT NULL) AND (((note)::text ~~ '%(USA)%'::text) OR ((note)::text ~~ '%(worldwide)%'::text)))"}]}, {"Node Type": "Index Scan", "Parent Relationship": "Inner", "Scan Direction": "Forward", "Index Name": "company_name_pkey", "Relation Name": "company_name", "Alias": "cn", "Startup Cost": 0.0, "Total Cost": 0.32, "Plan Rows": 1, "Plan Width": 4, "Index Cond": "(id = mc.company_id)", "Filter": "((country_code)::text = '[us]'::text)"}]}, {"Node Type": "Index Scan", "Parent Relationship": "Inner", "Scan Direction": "Forward", "Index Name": "char_name_pkey", "Relation Name": "char_name", "Alias": "chn", "Startup Cost": 0.0, "Total Cost": 0.5, "Plan Rows": 1, "Plan Width": 20, "Index Cond": "(id = ci.person_role_id)"}]}, {"Node Type": "Index Scan", "Parent Relationship": "Inner", "Scan Direction": "Forward", "Index Name": "title_pkey", "Relation Name": "title", "Alias": "t", "Startup Cost": 0.0, "Total Cost": 0.49, "Plan Rows": 1, "Plan Width": 21, "Index Cond": "(id = ci.movie_id)", "Filter": "((production_year >= 2005) AND (production_year <= 2015))"}]}]}, "Unique SQL Id": 3431223514, "Planner Runtime": 55}, "explain_analyze_plan": null}, "(64, 86)": {"explain_plan": {"Plan": {"Node Type": "Aggregate", "Strategy": "Plain", "Startup Cost": 66288.51, "Total Cost": 66288.52, "Plan Rows": 1, "Plan Width": 145, "Plans": [{"Node Type": "Nested Loop", "Parent Relationship": "Outer", "Join Type": "Inner", "Startup Cost": 66193.3, "Total Cost": 66288.49, "Plan Rows": 2, "Plan Width": 49, "Inner Unique": true, "Plans": [{"Node Type": "Nested Loop", "Parent Relationship": "Outer", "Join Type": "Inner", "Startup Cost": 66192.99, "Total Cost": 66279.84, "Plan Rows": 2, "Plan Width": 40, "Inner Unique": true, "Plans": [{"Node Type": "Nested Loop", "Parent Relationship": "Outer", "Join Type": "Inner", "Startup Cost": 66192.73, "Total Cost": 66271.26, "Plan Rows": 2, "Plan Width": 44, "Inner Unique": true, "Plans": [{"Node Type": "Nested Loop", "Parent Relationship": "Outer", "Join Type": "Inner", "Startup Cost": 66192.42, "Total Cost": 66249.58, "Plan Rows": 5, "Plan Width": 32, "Inner Unique": false, "Plans": [{"Node Type": "Merge Join", "Parent Relationship": "Outer", "Join Type": "Inner", "Startup Cost": 66192.11, "Total Cost": 66192.95, "Plan Rows": 13, "Plan Width": 24, "Inner Unique": false, "Merge Cond": "(rt.id = ci.role_id)", "Plans": [{"Node Type": "Sort", "Parent Relationship": "Outer", "Startup Cost": 1.16, "Total Cost": 1.16, "Plan Rows": 1, "Plan Width": 4, "Sort Key": ["rt.id"], "Plans": [{"Node Type": "Seq Scan", "Parent Relationship": "Outer", "Relation Name": "role_type", "Alias": "rt", "Startup Cost": 0.0, "Total Cost": 1.15, "Plan Rows": 1, "Plan Width": 4, "Filter": "((role)::text = 'actress'::text)"}]}, {"Node Type": "Sort", "Parent Relationship": "Inner", "Startup Cost": 66190.95, "Total Cost": 66191.3, "Plan Rows": 141, "Plan Width": 28, "Sort Key": ["ci.role_id"], "Plans": [{"Node Type": "Nested Loop", "Parent Relationship": "Outer", "Join Type": "Inner", "Startup Cost": 5.22, "Total Cost": 66185.91, "Plan Rows": 141, "Plan Width": 28, "Inner Unique": false, "Join Filter": "(n.id = ci.person_id)", "Plans": [{"Node Type": "Nested Loop", "Parent Relationship": "Outer", "Join Type": "Inner", "Startup Cost": 4.22, "Total Cost": 65572.72, "Plan Rows": 115, "Plan Width": 24, "Inner Unique": false, "Plans": [{"Node Type": "Streaming(type: LOCAL GATHER dop: 1/64)", "Parent Relationship": "Outer", "Startup Cost": 0.0, "Total Cost": 64781.81, "Plan Rows": 96, "Plan Width": 4, "Plans": [{"Node Type": "Seq Scan", "Parent Relationship": "Outer", "Relation Name": "name", "Alias": "n", "Startup Cost": 0.0, "Total Cost": 64779.83, "Plan Rows": 96, "Plan Width": 4, "Filter": "(((name)::text ~~ '%Ang%'::text) AND ((gender)::text = 'f'::text))"}]}, {"Node Type": "Bitmap Heap Scan", "Parent Relationship": "Inner", "Relation Name": "aka_name", "Alias": "an", "Startup Cost": 4.22, "Total Cost": 8.23, "Plan Rows": 1, "Plan Width": 20, "Recheck Cond": "(person_id = n.id)", "Plans": [{"Node Type": "Bitmap Index Scan", "Parent Relationship": "Outer", "Index Name": "person_id_aka_name", "Startup Cost": 0.0, "Total Cost": 4.22, "Plan Rows": 1, "Plan Width": 0, "Index Cond": "(person_id = n.id)"}]}]}, {"Node Type": "Bitmap Heap Scan", "Parent Relationship": "Inner", "Relation Name": "cast_info", "Alias": "ci", "Startup Cost": 1.0, "Total Cost": 5.32, "Plan Rows": 1, "Plan Width": 16, "Recheck Cond": "(person_id = an.person_id)", "Filter": "((note)::text = ANY ('{(voice),\"(voice: Japanese version)\",\"(voice) (uncredited)\",\"(voice: English version)\"}'::text[]))", "Plans": [{"Node Type": "Bitmap Index Scan", "Parent Relationship": "Outer", "Index Name": "person_id_cast_info", "Startup Cost": 0.0, "Total Cost": 1.0, "Plan Rows": 18, "Plan Width": 0, "Index Cond": "(person_id = an.person_id)"}]}]}]}]}, {"Node Type": "Bitmap Heap Scan", "Parent Relationship": "Inner", "Relation Name": "movie_companies", "Alias": "mc", "Startup Cost": 0.31, "Total Cost": 4.35, "Plan Rows": 1, "Plan Width": 8, "Recheck Cond": "(movie_id = ci.movie_id)", "Filter": "((note IS NOT NULL) AND (((note)::text ~~ '%(USA)%'::text) OR ((note)::text ~~ '%(worldwide)%'::text)))", "Plans": [{"Node Type": "Bitmap Index Scan", "Parent Relationship": "Outer", "Index Name": "movie_id_movie_companies", "Startup Cost": 0.0, "Total Cost": 0.31, "Plan Rows": 2, "Plan Width": 0, "Index Cond": "(movie_id = ci.movie_id)"}]}]}, {"Node Type": "Bitmap Heap Scan", "Parent Relationship": "Inner", "Relation Name": "char_name", "Alias": "chn", "Startup Cost": 0.31, "Total Cost": 4.33, "Plan Rows": 1, "Plan Width": 20, "Recheck Cond": "(id = ci.person_role_id)", "Plans": [{"Node Type": "Bitmap Index Scan", "Parent Relationship": "Outer", "Index Name": "char_name_pkey", "Startup Cost": 0.0, "Total Cost": 0.31, "Plan Rows": 1, "Plan Width": 0, "Index Cond": "(id = ci.person_role_id)"}]}]}, {"Node Type": "Bitmap Heap Scan", "Parent Relationship": "Inner", "Relation Name": "company_name", "Alias": "cn", "Startup Cost": 0.26, "Total Cost": 4.28, "Plan Rows": 1, "Plan Width": 4, "Recheck Cond": "(id = mc.company_id)", "Filter": "((country_code)::text = '[us]'::text)", "Plans": [{"Node Type": "Bitmap Index Scan", "Parent Relationship": "Outer", "Index Name": "company_name_pkey", "Startup Cost": 0.0, "Total Cost": 0.26, "Plan Rows": 1, "Plan Width": 0, "Index Cond": "(id = mc.company_id)"}]}]}, {"Node Type": "Bitmap Heap Scan", "Parent Relationship": "Inner", "Relation Name": "title", "Alias": "t", "Startup Cost": 0.3, "Total Cost": 4.32, "Plan Rows": 1, "Plan Width": 21, "Recheck Cond": "(id = ci.movie_id)", "Filter": "((production_year >= 2005) AND (production_year <= 2015))", "Plans": [{"Node Type": "Bitmap Index Scan", "Parent Relationship": "Outer", "Index Name": "title_pkey", "Startup Cost": 0.0, "Total Cost": 0.3, "Plan Rows": 1, "Plan Width": 0, "Index Cond": "(id = ci.movie_id)"}]}]}]}, "Unique SQL Id": 3431223514, "Planner Runtime": 61}, "explain_analyze_plan": {"Plan": {"Node Type": "Aggregate", "Strategy": "Plain", "Startup Cost": 66288.51, "Total Cost": 66288.52, "Plan Rows": 1, "Plan Width": 145, "Actual Min Startup Time": 260.502, "Actual Max Startup Time": 260.502, "Actual Min Total Time": 260.503, "Actual Max Total Time": 260.503, "Plans": [{"Node Type": "Nested Loop", "Parent Relationship": "Outer", "Join Type": "Inner", "Startup Cost": 66193.3, "Total Cost": 66288.49, "Plan Rows": 2, "Plan Width": 49, "Actual Min Startup Time": 247.821, "Actual Max Startup Time": 247.821, "Actual Min Total Time": 260.343, "Actual Max Total Time": 260.343, "Inner Unique": true, "Plans": [{"Node Type": "Nested Loop", "Parent Relationship": "Outer", "Join Type": "Inner", "Startup Cost": 66192.99, "Total Cost": 66279.84, "Plan Rows": 2, "Plan Width": 40, "Actual Min Startup Time": 247.779, "Actual Max Startup Time": 247.779, "Actual Min Total Time": 257.877, "Actual Max Total Time": 257.877, "Inner Unique": true, "Plans": [{"Node Type": "Nested Loop", "Parent Relationship": "Outer", "Join Type": "Inner", "Startup Cost": 66192.73, "Total Cost": 66271.26, "Plan Rows": 2, "Plan Width": 44, "Actual Min Startup Time": 247.747, "Actual Max Startup Time": 247.747, "Actual Min Total Time": 255.577, "Actual Max Total Time": 255.577, "Inner Unique": true, "Plans": [{"Node Type": "Nested Loop", "Parent Relationship": "Outer", "Join Type": "Inner", "Startup Cost": 66192.42, "Total Cost": 66249.58, "Plan Rows": 5, "Plan Width": 32, "Actual Min Startup Time": 247.676, "Actual Max Startup Time": 247.676, "Actual Min Total Time": 253.372, "Actual Max Total Time": 253.372, "Inner Unique": false, "Plans": [{"Node Type": "Merge Join", "Parent Relationship": "Outer", "Join Type": "Inner", "Startup Cost": 66192.11, "Total Cost": 66192.95, "Plan Rows": 13, "Plan Width": 24, "Actual Min Startup Time": 247.616, "Actual Max Startup Time": 247.616, "Actual Min Total Time": 247.849, "Actual Max Total Time": 247.849, "Inner Unique": false, "Merge Cond": "(rt.id = ci.role_id)", "Plans": [{"Node Type": "Sort", "Parent Relationship": "Outer", "Startup Cost": 1.16, "Total Cost": 1.16, "Plan Rows": 1, "Plan Width": 4, "Actual Min Startup Time": 0.073, "Actual Max Startup Time": 0.073, "Actual Min Total Time": 0.073, "Actual Max Total Time": 0.073, "Sort Key": ["rt.id"], "Sort Method": "quicksort", "Sort Space Min Used": 25, "Sort Space Max Used": 25, "Sort Space Type": "Memory", "Plans": [{"Node Type": "Seq Scan", "Parent Relationship": "Outer", "Relation Name": "role_type", "Alias": "rt", "Startup Cost": 0.0, "Total Cost": 1.15, "Plan Rows": 1, "Plan Width": 4, "Actual Min Startup Time": 0.041, "Actual Max Startup Time": 0.041, "Actual Min Total Time": 0.046, "Actual Max Total Time": 0.046, "Filter": "((role)::text = 'actress'::text)", "Rows Removed by Filter": 11, "Actual Rows": 1}], "Actual Rows": 1}, {"Node Type": "Sort", "Parent Relationship": "Inner", "Startup Cost": 66190.95, "Total Cost": 66191.3, "Plan Rows": 141, "Plan Width": 28, "Actual Min Startup Time": 247.536, "Actual Max Startup Time": 247.536, "Actual Min Total Time": 247.603, "Actual Max Total Time": 247.603, "Sort Key": ["ci.role_id"], "Sort Method": "quicksort", "Sort Space Min Used": 65, "Sort Space Max Used": 65, "Sort Space Type": "Memory", "Plans": [{"Node Type": "Nested Loop", "Parent Relationship": "Outer", "Join Type": "Inner", "Startup Cost": 5.22, "Total Cost": 66185.91, "Plan Rows": 141, "Plan Width": 28, "Actual Min Startup Time": 122.411, "Actual Max Startup Time": 122.411, "Actual Min Total Time": 247.301, "Actual Max Total Time": 247.301, "Inner Unique": false, "Join Filter": "(n.id = ci.person_id)", "Rows Removed by Join Filter": 0, "Plans": [{"Node Type": "Nested Loop", "Parent Relationship": "Outer", "Join Type": "Inner", "Startup Cost": 4.22, "Total Cost": 65572.72, "Plan Rows": 115, "Plan Width": 24, "Actual Min Startup Time": 122.35, "Actual Max Startup Time": 122.35, "Actual Min Total Time": 191.746, "Actual Max Total Time": 191.746, "Inner Unique": false, "Plans": [{"Node Type": "Streaming(type: LOCAL GATHER dop: 1/64)", "Parent Relationship": "Outer", "Startup Cost": 0.0, "Total Cost": 64781.81, "Plan Rows": 96, "Plan Width": 4, "Actual Min Startup Time": 122.262, "Actual Max Startup Time": 122.262, "Actual Min Total Time": 158.084, "Actual Max Total Time": 158.084, "Plans": [{"Node Type": "Seq Scan", "Parent Relationship": "Outer", "Relation Name": "name", "Alias": "n", "Startup Cost": 0.0, "Total Cost": 64779.83, "Plan Rows": 96, "Plan Width": 4, "Actual Min Startup Time": 9.482, "Actual Max Startup Time": 30.164, "Actual Min Total Time": 25.271, "Actual Max Total Time": 43.333, "Filter": "(((name)::text ~~ '%Ang%'::text) AND ((gender)::text = 'f'::text))", "Rows Removed by Filter": 4160722, "Actual Rows": 6768}], "Actual Rows": 6768}, {"Node Type": "Bitmap Heap Scan", "Parent Relationship": "Inner", "Relation Name": "aka_name", "Alias": "an", "Startup Cost": 4.22, "Total Cost": 8.23, "Plan Rows": 1, "Plan Width": 20, "Actual Min Startup Time": 25.571, "Actual Max Startup Time": 25.571, "Actual Min Total Time": 26.188, "Actual Max Total Time": 26.188, "Recheck Cond": "(person_id = n.id)", "Rows Removed by Index Recheck": 0, "Exact Heap Blocks": 1014, "Lossy Heap Blocks": 1014, "Plans": [{"Node Type": "Bitmap Index Scan", "Parent Relationship": "Outer", "Index Name": "person_id_aka_name", "Startup Cost": 0.0, "Total Cost": 4.22, "Plan Rows": 1, "Plan Width": 0, "Actual Min Startup Time": 19.638, "Actual Max Startup Time": 19.638, "Actual Min Total Time": 19.638, "Actual Max Total Time": 19.638, "Index Cond": "(person_id = n.id)", "Actual Rows": 1558}], "Actual Rows": 1558}], "Actual Rows": 1558}, {"Node Type": "Bitmap Heap Scan", "Parent Relationship": "Inner", "Relation Name": "cast_info", "Alias": "ci", "Startup Cost": 1.0, "Total Cost": 5.32, "Plan Rows": 1, "Plan Width": 16, "Actual Min Startup Time": 50.104, "Actual Max Startup Time": 50.104, "Actual Min Total Time": 53.428, "Actual Max Total Time": 53.428, "Recheck Cond": "(person_id = an.person_id)", "Rows Removed by Index Recheck": 0, "Filter": "((note)::text = ANY ('{(voice),\"(voice: Japanese version)\",\"(voice) (uncredited)\",\"(voice: English version)\"}'::text[]))", "Rows Removed by Filter": 69057, "Exact Heap Blocks": 2627, "Lossy Heap Blocks": 2627, "Plans": [{"Node Type": "Bitmap Index Scan", "Parent Relationship": "Outer", "Index Name": "person_id_cast_info", "Startup Cost": 0.0, "Total Cost": 1.0, "Plan Rows": 18, "Plan Width": 0, "Actual Min Startup Time": 16.18, "Actual Max Startup Time": 16.18, "Actual Min Total Time": 16.18, "Actual Max Total Time": 16.18, "Index Cond": "(person_id = an.person_id)", "Actual Rows": 69482}], "Actual Rows": 425}], "Actual Rows": 425}], "Actual Rows": 425}], "Actual Rows": 425}, {"Node Type": "Bitmap Heap Scan", "Parent Relationship": "Inner", "Relation Name": "movie_companies", "Alias": "mc", "Startup Cost": 0.31, "Total Cost": 4.35, "Plan Rows": 1, "Plan Width": 8, "Actual Min Startup Time": 3.912, "Actual Max Startup Time": 3.912, "Actual Min Total Time": 4.903, "Actual Max Total Time": 4.903, "Recheck Cond": "(movie_id = ci.movie_id)", "Rows Removed by Index Recheck": 0, "Filter": "((note IS NOT NULL) AND (((note)::text ~~ '%(USA)%'::text) OR ((note)::text ~~ '%(worldwide)%'::text)))", "Rows Removed by Filter": 1538, "Exact Heap Blocks": 580, "Lossy Heap Blocks": 580, "Plans": [{"Node Type": "Bitmap Index Scan", "Parent Relationship": "Outer", "Index Name": "movie_id_movie_companies", "Startup Cost": 0.0, "Total Cost": 0.31, "Plan Rows": 2, "Plan Width": 0, "Actual Min Startup Time": 2.066, "Actual Max Startup Time": 2.066, "Actual Min Total Time": 2.066, "Actual Max Total Time": 2.066, "Index Cond": "(movie_id = ci.movie_id)", "Actual Rows": 1911}], "Actual Rows": 373}], "Actual Rows": 373}, {"Node Type": "Bitmap Heap Scan", "Parent Relationship": "Inner", "Relation Name": "char_name", "Alias": "chn", "Startup Cost": 0.31, "Total Cost": 4.33, "Plan Rows": 1, "Plan Width": 20, "Actual Min Startup Time": 1.646, "Actual Max Startup Time": 1.646, "Actual Min Total Time": 1.646, "Actual Max Total Time": 1.646, "Recheck Cond": "(id = ci.person_role_id)", "Rows Removed by Index Recheck": 0, "Exact Heap Blocks": 348, "Lossy Heap Blocks": 348, "Plans": [{"Node Type": "Bitmap Index Scan", "Parent Relationship": "Outer", "Index Name": "char_name_pkey", "Startup Cost": 0.0, "Total Cost": 0.31, "Plan Rows": 1, "Plan Width": 0, "Actual Min Startup Time": 1.058, "Actual Max Startup Time": 1.058, "Actual Min Total Time": 1.058, "Actual Max Total Time": 1.058, "Index Cond": "(id = ci.person_role_id)", "Actual Rows": 348}], "Actual Rows": 348}], "Actual Rows": 348}, {"Node Type": "Bitmap Heap Scan", "Parent Relationship": "Inner", "Relation Name": "company_name", "Alias": "cn", "Startup Cost": 0.26, "Total Cost": 4.28, "Plan Rows": 1, "Plan Width": 4, "Actual Min Startup Time": 1.84, "Actual Max Startup Time": 1.84, "Actual Min Total Time": 1.84, "Actual Max Total Time": 1.84, "Recheck Cond": "(id = mc.company_id)", "Rows Removed by Index Recheck": 0, "Filter": "((country_code)::text = '[us]'::text)", "Rows Removed by Filter": 7, "Exact Heap Blocks": 348, "Lossy Heap Blocks": 348, "Plans": [{"Node Type": "Bitmap Index Scan", "Parent Relationship": "Outer", "Index Name": "company_name_pkey", "Startup Cost": 0.0, "Total Cost": 0.26, "Plan Rows": 1, "Plan Width": 0, "Actual Min Startup Time": 1.009, "Actual Max Startup Time": 1.009, "Actual Min Total Time": 1.009, "Actual Max Total Time": 1.009, "Index Cond": "(id = mc.company_id)", "Actual Rows": 348}], "Actual Rows": 341}], "Actual Rows": 341}, {"Node Type": "Bitmap Heap Scan", "Parent Relationship": "Inner", "Relation Name": "title", "Alias": "t", "Startup Cost": 0.3, "Total Cost": 4.32, "Plan Rows": 1, "Plan Width": 21, "Actual Min Startup Time": 2.055, "Actual Max Startup Time": 2.055, "Actual Min Total Time": 2.055, "Actual Max Total Time": 2.055, "Recheck Cond": "(id = ci.movie_id)", "Rows Removed by Index Recheck": 0, "Filter": "((production_year >= 2005) AND (production_year <= 2015))", "Rows Removed by Filter": 220, "Exact Heap Blocks": 341, "Lossy Heap Blocks": 341, "Plans": [{"Node Type": "Bitmap Index Scan", "Parent Relationship": "Outer", "Index Name": "title_pkey", "Startup Cost": 0.0, "Total Cost": 0.3, "Plan Rows": 1, "Plan Width": 0, "Actual Min Startup Time": 1.228, "Actual Max Startup Time": 1.228, "Actual Min Total Time": 1.228, "Actual Max Total Time": 1.228, "Index Cond": "(id = ci.movie_id)", "Actual Rows": 341}], "Actual Rows": 121}], "Actual Rows": 121}], "Actual Rows": 1}, "Triggers": [], "Planner Runtime": 61, "Total Runtime": 272.75, "Unique SQL Id": 3431223514}}, "(64, 87)": {"explain_plan": {"Plan": {"Node Type": "Aggregate", "Strategy": "Plain", "Startup Cost": 199170.6, "Total Cost": 199170.61, "Plan Rows": 1, "Plan Width": 145, "Plans": [{"Node Type": "Nested Loop", "Parent Relationship": "Outer", "Join Type": "Inner", "Startup Cost": 83164.39, "Total Cost": 199170.59, "Plan Rows": 2, "Plan Width": 49, "Inner Unique": true, "Plans": [{"Node Type": "Nested Loop", "Parent Relationship": "Outer", "Join Type": "Inner", "Startup Cost": 83164.09, "Total Cost": 199161.93, "Plan Rows": 2, "Plan Width": 40, "Inner Unique": true, "Plans": [{"Node Type": "Nested Loop", "Parent Relationship": "Outer", "Join Type": "Inner", "Startup Cost": 83163.83, "Total Cost": 199153.35, "Plan Rows": 2, "Plan Width": 44, "Inner Unique": true, "Plans": [{"Node Type": "Nested Loop", "Parent Relationship": "Outer", "Join Type": "Inner", "Startup Cost": 83163.51, "Total Cost": 199131.67, "Plan Rows": 5, "Plan Width": 32, "Inner Unique": false, "Plans": [{"Node Type": "Nested Loop", "Parent Relationship": "Outer", "Join Type": "Inner", "Startup Cost": 83163.2, "Total Cost": 199075.04, "Plan Rows": 13, "Plan Width": 24, "Inner Unique": true, "Plans": [{"Node Type": "Nested Loop", "Parent Relationship": "Outer", "Join Type": "Inner", "Startup Cost": 83162.94, "Total Cost": 198471.17, "Plan Rows": 141, "Plan Width": 28, "Inner Unique": false, "Join Filter": "(n.id = ci.person_id)", "Plans": [{"Node Type": "Nested Loop", "Parent Relationship": "Outer", "Join Type": "Inner", "Startup Cost": 83161.94, "Total Cost": 197857.98, "Plan Rows": 115, "Plan Width": 24, "Inner Unique": false, "Plans": [{"Node Type": "Bitmap Heap Scan", "Parent Relationship": "Outer", "Relation Name": "name", "Alias": "n", "Startup Cost": 83157.72, "Total Cost": 197067.07, "Plan Rows": 96, "Plan Width": 4, "Filter": "(((name)::text ~~ '%Ang%'::text) AND ((gender)::text = 'f'::text))", "Plans": [{"Node Type": "Bitmap Index Scan", "Parent Relationship": "Outer", "Index Name": "name_pkey", "Startup Cost": 0.0, "Total Cost": 83157.7, "Plan Rows": 4167490, "Plan Width": 0}]}, {"Node Type": "Bitmap Heap Scan", "Parent Relationship": "Inner", "Relation Name": "aka_name", "Alias": "an", "Startup Cost": 4.22, "Total Cost": 8.23, "Plan Rows": 1, "Plan Width": 20, "Recheck Cond": "(person_id = n.id)", "Plans": [{"Node Type": "Bitmap Index Scan", "Parent Relationship": "Outer", "Index Name": "person_id_aka_name", "Startup Cost": 0.0, "Total Cost": 4.22, "Plan Rows": 1, "Plan Width": 0, "Index Cond": "(person_id = n.id)"}]}]}, {"Node Type": "Bitmap Heap Scan", "Parent Relationship": "Inner", "Relation Name": "cast_info", "Alias": "ci", "Startup Cost": 1.0, "Total Cost": 5.32, "Plan Rows": 1, "Plan Width": 16, "Recheck Cond": "(person_id = an.person_id)", "Filter": "((note)::text = ANY ('{(voice),\"(voice: Japanese version)\",\"(voice) (uncredited)\",\"(voice: English version)\"}'::text[]))", "Plans": [{"Node Type": "Bitmap Index Scan", "Parent Relationship": "Outer", "Index Name": "person_id_cast_info", "Startup Cost": 0.0, "Total Cost": 1.0, "Plan Rows": 18, "Plan Width": 0, "Index Cond": "(person_id = an.person_id)"}]}]}, {"Node Type": "Bitmap Heap Scan", "Parent Relationship": "Inner", "Relation Name": "role_type", "Alias": "rt", "Startup Cost": 0.26, "Total Cost": 4.27, "Plan Rows": 1, "Plan Width": 4, "Recheck Cond": "(id = ci.role_id)", "Filter": "((role)::text = 'actress'::text)", "Plans": [{"Node Type": "Bitmap Index Scan", "Parent Relationship": "Outer", "Index Name": "role_type_pkey", "Startup Cost": 0.0, "Total Cost": 0.26, "Plan Rows": 1, "Plan Width": 0, "Index Cond": "(id = ci.role_id)"}]}]}, {"Node Type": "Bitmap Heap Scan", "Parent Relationship": "Inner", "Relation Name": "movie_companies", "Alias": "mc", "Startup Cost": 0.31, "Total Cost": 4.35, "Plan Rows": 1, "Plan Width": 8, "Recheck Cond": "(movie_id = ci.movie_id)", "Filter": "((note IS NOT NULL) AND (((note)::text ~~ '%(USA)%'::text) OR ((note)::text ~~ '%(worldwide)%'::text)))", "Plans": [{"Node Type": "Bitmap Index Scan", "Parent Relationship": "Outer", "Index Name": "movie_id_movie_companies", "Startup Cost": 0.0, "Total Cost": 0.31, "Plan Rows": 2, "Plan Width": 0, "Index Cond": "(movie_id = ci.movie_id)"}]}]}, {"Node Type": "Bitmap Heap Scan", "Parent Relationship": "Inner", "Relation Name": "char_name", "Alias": "chn", "Startup Cost": 0.31, "Total Cost": 4.33, "Plan Rows": 1, "Plan Width": 20, "Recheck Cond": "(id = ci.person_role_id)", "Plans": [{"Node Type": "Bitmap Index Scan", "Parent Relationship": "Outer", "Index Name": "char_name_pkey", "Startup Cost": 0.0, "Total Cost": 0.31, "Plan Rows": 1, "Plan Width": 0, "Index Cond": "(id = ci.person_role_id)"}]}]}, {"Node Type": "Bitmap Heap Scan", "Parent Relationship": "Inner", "Relation Name": "company_name", "Alias": "cn", "Startup Cost": 0.26, "Total Cost": 4.28, "Plan Rows": 1, "Plan Width": 4, "Recheck Cond": "(id = mc.company_id)", "Filter": "((country_code)::text = '[us]'::text)", "Plans": [{"Node Type": "Bitmap Index Scan", "Parent Relationship": "Outer", "Index Name": "company_name_pkey", "Startup Cost": 0.0, "Total Cost": 0.26, "Plan Rows": 1, "Plan Width": 0, "Index Cond": "(id = mc.company_id)"}]}]}, {"Node Type": "Bitmap Heap Scan", "Parent Relationship": "Inner", "Relation Name": "title", "Alias": "t", "Startup Cost": 0.3, "Total Cost": 4.32, "Plan Rows": 1, "Plan Width": 21, "Recheck Cond": "(id = ci.movie_id)", "Filter": "((production_year >= 2005) AND (production_year <= 2015))", "Plans": [{"Node Type": "Bitmap Index Scan", "Parent Relationship": "Outer", "Index Name": "title_pkey", "Startup Cost": 0.0, "Total Cost": 0.3, "Plan Rows": 1, "Plan Width": 0, "Index Cond": "(id = ci.movie_id)"}]}]}]}, "Unique SQL Id": 3431223514, "Planner Runtime": 54}, "explain_analyze_plan": null}, "(64, 88)": {"explain_plan": {"Plan": {"Node Type": "Aggregate", "Strategy": "Plain", "Startup Cost": 65897.13, "Total Cost": 65897.14, "Plan Rows": 1, "Plan Width": 145, "Plans": [{"Node Type": "Nested Loop", "Parent Relationship": "Outer", "Join Type": "Inner", "Startup Cost": 0.0, "Total Cost": 65897.12, "Plan Rows": 1, "Plan Width": 49, "Inner Unique": true, "Plans": [{"Node Type": "Nested Loop", "Parent Relationship": "Outer", "Join Type": "Inner", "Startup Cost": 0.0, "Total Cost": 65896.62, "Plan Rows": 1, "Plan Width": 40, "Inner Unique": true, "Plans": [{"Node Type": "Nested Loop", "Parent Relationship": "Outer", "Join Type": "Inner", "Startup Cost": 0.0, "Total Cost": 65895.97, "Plan Rows": 2, "Plan Width": 44, "Inner Unique": true, "Plans": [{"Node Type": "Nested Loop", "Parent Relationship": "Outer", "Join Type": "Inner", "Startup Cost": 0.0, "Total Cost": 65893.42, "Plan Rows": 5, "Plan Width": 32, "Inner Unique": false, "Plans": [{"Node Type": "Nested Loop", "Parent Relationship": "Outer", "Join Type": "Inner", "Startup Cost": 0.0, "Total Cost": 65887.81, "Plan Rows": 13, "Plan Width": 24, "Inner Unique": true, "Plans": [{"Node Type": "Nested Loop", "Parent Relationship": "Outer", "Join Type": "Inner", "Startup Cost": 0.0, "Total Cost": 65847.98, "Plan Rows": 141, "Plan Width": 28, "Inner Unique": false, "Join Filter": "(n.id = ci.person_id)", "Plans": [{"Node Type": "Nested Loop", "Parent Relationship": "Outer", "Join Type": "Inner", "Startup Cost": 0.0, "Total Cost": 65572.69, "Plan Rows": 115, "Plan Width": 24, "Inner Unique": false, "Plans": [{"Node Type": "Streaming(type: LOCAL GATHER dop: 1/64)", "Parent Relationship": "Outer", "Startup Cost": 0.0, "Total Cost": 64781.81, "Plan Rows": 96, "Plan Width": 4, "Plans": [{"Node Type": "Seq Scan", "Parent Relationship": "Outer", "Relation Name": "name", "Alias": "n", "Startup Cost": 0.0, "Total Cost": 64779.83, "Plan Rows": 96, "Plan Width": 4, "Filter": "(((name)::text ~~ '%Ang%'::text) AND ((gender)::text = 'f'::text))"}]}, {"Node Type": "Index Scan", "Parent Relationship": "Inner", "Scan Direction": "Forward", "Index Name": "person_id_aka_name", "Relation Name": "aka_name", "Alias": "an", "Startup Cost": 0.0, "Total Cost": 8.23, "Plan Rows": 1, "Plan Width": 20, "Index Cond": "(person_id = n.id)"}]}, {"Node Type": "Index Scan", "Parent Relationship": "Inner", "Scan Direction": "Forward", "Index Name": "person_id_cast_info", "Relation Name": "cast_info", "Alias": "ci", "Startup Cost": 0.0, "Total Cost": 2.38, "Plan Rows": 1, "Plan Width": 16, "Index Cond": "(person_id = an.person_id)", "Filter": "((note)::text = ANY ('{(voice),\"(voice: Japanese version)\",\"(voice) (uncredited)\",\"(voice: English version)\"}'::text[]))"}]}, {"Node Type": "Index Scan", "Parent Relationship": "Inner", "Scan Direction": "Forward", "Index Name": "role_type_pkey", "Relation Name": "role_type", "Alias": "rt", "Startup Cost": 0.0, "Total Cost": 0.27, "Plan Rows": 1, "Plan Width": 4, "Index Cond": "(id = ci.role_id)", "Filter": "((role)::text = 'actress'::text)"}]}, {"Node Type": "Index Scan", "Parent Relationship": "Inner", "Scan Direction": "Forward", "Index Name": "movie_id_movie_companies", "Relation Name": "movie_companies", "Alias": "mc", "Startup Cost": 0.0, "Total Cost": 0.42, "Plan Rows": 1, "Plan Width": 8, "Index Cond": "(movie_id = ci.movie_id)", "Filter": "((note IS NOT NULL) AND (((note)::text ~~ '%(USA)%'::text) OR ((note)::text ~~ '%(worldwide)%'::text)))"}]}, {"Node Type": "Index Scan", "Parent Relationship": "Inner", "Scan Direction": "Forward", "Index Name": "char_name_pkey", "Relation Name": "char_name", "Alias": "chn", "Startup Cost": 0.0, "Total Cost": 0.5, "Plan Rows": 1, "Plan Width": 20, "Index Cond": "(id = ci.person_role_id)"}]}, {"Node Type": "Index Scan", "Parent Relationship": "Inner", "Scan Direction": "Forward", "Index Name": "company_name_pkey", "Relation Name": "company_name", "Alias": "cn", "Startup Cost": 0.0, "Total Cost": 0.32, "Plan Rows": 1, "Plan Width": 4, "Index Cond": "(id = mc.company_id)", "Filter": "((country_code)::text = '[us]'::text)"}]}, {"Node Type": "Index Scan", "Parent Relationship": "Inner", "Scan Direction": "Forward", "Index Name": "title_pkey", "Relation Name": "title", "Alias": "t", "Startup Cost": 0.0, "Total Cost": 0.49, "Plan Rows": 1, "Plan Width": 21, "Index Cond": "(id = ci.movie_id)", "Filter": "((production_year >= 2005) AND (production_year <= 2015))"}]}]}, "Unique SQL Id": 3431223514, "Planner Runtime": 65}, "explain_analyze_plan": {"Plan": {"Node Type": "Aggregate", "Strategy": "Plain", "Startup Cost": 65897.13, "Total Cost": 65897.14, "Plan Rows": 1, "Plan Width": 145, "Actual Min Startup Time": 247.956, "Actual Max Startup Time": 247.956, "Actual Min Total Time": 247.957, "Actual Max Total Time": 247.957, "Plans": [{"Node Type": "Nested Loop", "Parent Relationship": "Outer", "Join Type": "Inner", "Startup Cost": 0.0, "Total Cost": 65897.12, "Plan Rows": 1, "Plan Width": 49, "Actual Min Startup Time": 158.201, "Actual Max Startup Time": 158.201, "Actual Min Total Time": 247.771, "Actual Max Total Time": 247.771, "Inner Unique": true, "Plans": [{"Node Type": "Nested Loop", "Parent Relationship": "Outer", "Join Type": "Inner", "Startup Cost": 0.0, "Total Cost": 65896.62, "Plan Rows": 1, "Plan Width": 40, "Actual Min Startup Time": 148.325, "Actual Max Startup Time": 148.325, "Actual Min Total Time": 245.64, "Actual Max Total Time": 245.64, "Inner Unique": true, "Plans": [{"Node Type": "Nested Loop", "Parent Relationship": "Outer", "Join Type": "Inner", "Startup Cost": 0.0, "Total Cost": 65895.97, "Plan Rows": 2, "Plan Width": 44, "Actual Min Startup Time": 148.293, "Actual Max Startup Time": 148.293, "Actual Min Total Time": 243.609, "Actual Max Total Time": 243.609, "Inner Unique": true, "Plans": [{"Node Type": "Nested Loop", "Parent Relationship": "Outer", "Join Type": "Inner", "Startup Cost": 0.0, "Total Cost": 65893.42, "Plan Rows": 5, "Plan Width": 32, "Actual Min Startup Time": 148.272, "Actual Max Startup Time": 148.272, "Actual Min Total Time": 241.843, "Actual Max Total Time": 241.843, "Inner Unique": false, "Plans": [{"Node Type": "Nested Loop", "Parent Relationship": "Outer", "Join Type": "Inner", "Startup Cost": 0.0, "Total Cost": 65887.81, "Plan Rows": 13, "Plan Width": 24, "Actual Min Startup Time": 117.747, "Actual Max Startup Time": 117.747, "Actual Min Total Time": 236.984, "Actual Max Total Time": 236.984, "Inner Unique": true, "Plans": [{"Node Type": "Nested Loop", "Parent Relationship": "Outer", "Join Type": "Inner", "Startup Cost": 0.0, "Total Cost": 65847.98, "Plan Rows": 141, "Plan Width": 28, "Actual Min Startup Time": 117.733, "Actual Max Startup Time": 117.733, "Actual Min Total Time": 235.718, "Actual Max Total Time": 235.718, "Inner Unique": false, "Join Filter": "(n.id = ci.person_id)", "Rows Removed by Join Filter": 0, "Plans": [{"Node Type": "Nested Loop", "Parent Relationship": "Outer", "Join Type": "Inner", "Startup Cost": 0.0, "Total Cost": 65572.69, "Plan Rows": 115, "Plan Width": 24, "Actual Min Startup Time": 117.21, "Actual Max Startup Time": 117.21, "Actual Min Total Time": 180.677, "Actual Max Total Time": 180.677, "Inner Unique": false, "Plans": [{"Node Type": "Streaming(type: LOCAL GATHER dop: 1/64)", "Parent Relationship": "Outer", "Startup Cost": 0.0, "Total Cost": 64781.81, "Plan Rows": 96, "Plan Width": 4, "Actual Min Startup Time": 117.144, "Actual Max Startup Time": 117.144, "Actual Min Total Time": 155.659, "Actual Max Total Time": 155.659, "Plans": [{"Node Type": "Seq Scan", "Parent Relationship": "Outer", "Relation Name": "name", "Alias": "n", "Startup Cost": 0.0, "Total Cost": 64779.83, "Plan Rows": 96, "Plan Width": 4, "Actual Min Startup Time": 9.543, "Actual Max Startup Time": 14.159, "Actual Min Total Time": 25.518, "Actual Max Total Time": 30.721, "Filter": "(((name)::text ~~ '%Ang%'::text) AND ((gender)::text = 'f'::text))", "Rows Removed by Filter": 4160722, "Actual Rows": 6768}], "Actual Rows": 6768}, {"Node Type": "Index Scan", "Parent Relationship": "Inner", "Scan Direction": "Forward", "Index Name": "person_id_aka_name", "Relation Name": "aka_name", "Alias": "an", "Startup Cost": 0.0, "Total Cost": 8.23, "Plan Rows": 1, "Plan Width": 20, "Actual Min Startup Time": 20.67, "Actual Max Startup Time": 20.67, "Actual Min Total Time": 21.568, "Actual Max Total Time": 21.568, "Index Cond": "(person_id = n.id)", "Rows Removed by Index Recheck": 0, "Actual Rows": 1558}], "Actual Rows": 1558}, {"Node Type": "Index Scan", "Parent Relationship": "Inner", "Scan Direction": "Forward", "Index Name": "person_id_cast_info", "Relation Name": "cast_info", "Alias": "ci", "Startup Cost": 0.0, "Total Cost": 2.38, "Plan Rows": 1, "Plan Width": 16, "Actual Min Startup Time": 48.98, "Actual Max Startup Time": 48.98, "Actual Min Total Time": 54.031, "Actual Max Total Time": 54.031, "Index Cond": "(person_id = an.person_id)", "Rows Removed by Index Recheck": 0, "Filter": "((note)::text = ANY ('{(voice),\"(voice: Japanese version)\",\"(voice) (uncredited)\",\"(voice: English version)\"}'::text[]))", "Rows Removed by Filter": 69057, "Actual Rows": 425}], "Actual Rows": 425}, {"Node Type": "Index Scan", "Parent Relationship": "Inner", "Scan Direction": "Forward", "Index Name": "role_type_pkey", "Relation Name": "role_type", "Alias": "rt", "Startup Cost": 0.0, "Total Cost": 0.27, "Plan Rows": 1, "Plan Width": 4, "Actual Min Startup Time": 0.839, "Actual Max Startup Time": 0.839, "Actual Min Total Time": 0.839, "Actual Max Total Time": 0.839, "Index Cond": "(id = ci.role_id)", "Rows Removed by Index Recheck": 0, "Filter": "((role)::text = 'actress'::text)", "Rows Removed by Filter": 0, "Actual Rows": 425}], "Actual Rows": 425}, {"Node Type": "Index Scan", "Parent Relationship": "Inner", "Scan Direction": "Forward", "Index Name": "movie_id_movie_companies", "Relation Name": "movie_companies", "Alias": "mc", "Startup Cost": 0.0, "Total Cost": 0.42, "Plan Rows": 1, "Plan Width": 8, "Actual Min Startup Time": 3.237, "Actual Max Startup Time": 3.237, "Actual Min Total Time": 4.499, "Actual Max Total Time": 4.499, "Index Cond": "(movie_id = ci.movie_id)", "Rows Removed by Index Recheck": 0, "Filter": "((note IS NOT NULL) AND (((note)::text ~~ '%(USA)%'::text) OR ((note)::text ~~ '%(worldwide)%'::text)))", "Rows Removed by Filter": 1538, "Actual Rows": 373}], "Actual Rows": 373}, {"Node Type": "Index Scan", "Parent Relationship": "Inner", "Scan Direction": "Forward", "Index Name": "char_name_pkey", "Relation Name": "char_name", "Alias": "chn", "Startup Cost": 0.0, "Total Cost": 0.5, "Plan Rows": 1, "Plan Width": 20, "Actual Min Startup Time": 1.4, "Actual Max Startup Time": 1.4, "Actual Min Total Time": 1.4, "Actual Max Total Time": 1.4, "Index Cond": "(id = ci.person_role_id)", "Rows Removed by Index Recheck": 0, "Actual Rows": 348}], "Actual Rows": 348}, {"Node Type": "Index Scan", "Parent Relationship": "Inner", "Scan Direction": "Forward", "Index Name": "company_name_pkey", "Relation Name": "company_name", "Alias": "cn", "Startup Cost": 0.0, "Total Cost": 0.32, "Plan Rows": 1, "Plan Width": 4, "Actual Min Startup Time": 1.687, "Actual Max Startup Time": 1.687, "Actual Min Total Time": 1.687, "Actual Max Total Time": 1.687, "Index Cond": "(id = mc.company_id)", "Rows Removed by Index Recheck": 0, "Filter": "((country_code)::text = '[us]'::text)", "Rows Removed by Filter": 7, "Actual Rows": 341}], "Actual Rows": 341}, {"Node Type": "Index Scan", "Parent Relationship": "Inner", "Scan Direction": "Forward", "Index Name": "title_pkey", "Relation Name": "title", "Alias": "t", "Startup Cost": 0.0, "Total Cost": 0.49, "Plan Rows": 1, "Plan Width": 21, "Actual Min Startup Time": 1.865, "Actual Max Startup Time": 1.865, "Actual Min Total Time": 1.865, "Actual Max Total Time": 1.865, "Index Cond": "(id = ci.movie_id)", "Rows Removed by Index Recheck": 0, "Filter": "((production_year >= 2005) AND (production_year <= 2015))", "Rows Removed by Filter": 220, "Actual Rows": 121}], "Actual Rows": 121}], "Actual Rows": 1}, "Triggers": [], "Planner Runtime": 66, "Total Runtime": 261.423, "Unique SQL Id": 3431223514}}, "(64, 89)": {"explain_plan": {"Plan": {"Node Type": "Aggregate", "Strategy": "Plain", "Startup Cost": 198184.97, "Total Cost": 198184.98, "Plan Rows": 1, "Plan Width": 145, "Plans": [{"Node Type": "Nested Loop", "Parent Relationship": "Outer", "Join Type": "Inner", "Startup Cost": 0.0, "Total Cost": 198184.96, "Plan Rows": 1, "Plan Width": 49, "Inner Unique": true, "Plans": [{"Node Type": "Nested Loop", "Parent Relationship": "Outer", "Join Type": "Inner", "Startup Cost": 0.0, "Total Cost": 198184.46, "Plan Rows": 1, "Plan Width": 40, "Inner Unique": true, "Plans": [{"Node Type": "Nested Loop", "Parent Relationship": "Outer", "Join Type": "Inner", "Startup Cost": 0.0, "Total Cost": 198183.44, "Plan Rows": 2, "Plan Width": 28, "Inner Unique": true, "Plans": [{"Node Type": "Nested Loop", "Parent Relationship": "Outer", "Join Type": "Inner", "Startup Cost": 0.0, "Total Cost": 198181.8, "Plan Rows": 5, "Plan Width": 32, "Inner Unique": false, "Plans": [{"Node Type": "Nested Loop", "Parent Relationship": "Outer", "Join Type": "Inner", "Startup Cost": 0.0, "Total Cost": 198176.2, "Plan Rows": 13, "Plan Width": 24, "Inner Unique": true, "Plans": [{"Node Type": "Nested Loop", "Parent Relationship": "Outer", "Join Type": "Inner", "Startup Cost": 0.0, "Total Cost": 198136.36, "Plan Rows": 141, "Plan Width": 28, "Inner Unique": false, "Join Filter": "(n.id = ci.person_id)", "Plans": [{"Node Type": "Nested Loop", "Parent Relationship": "Outer", "Join Type": "Inner", "Startup Cost": 0.0, "Total Cost": 197861.08, "Plan Rows": 115, "Plan Width": 24, "Inner Unique": false, "Plans": [{"Node Type": "Index Scan", "Parent Relationship": "Outer", "Scan Direction": "Forward", "Index Name": "name_pkey", "Relation Name": "name", "Alias": "n", "Startup Cost": 0.0, "Total Cost": 197070.2, "Plan Rows": 96, "Plan Width": 4, "Filter": "(((name)::text ~~ '%Ang%'::text) AND ((gender)::text = 'f'::text))"}, {"Node Type": "Index Scan", "Parent Relationship": "Inner", "Scan Direction": "Forward", "Index Name": "person_id_aka_name", "Relation Name": "aka_name", "Alias": "an", "Startup Cost": 0.0, "Total Cost": 8.23, "Plan Rows": 1, "Plan Width": 20, "Index Cond": "(person_id = n.id)"}]}, {"Node Type": "Index Scan", "Parent Relationship": "Inner", "Scan Direction": "Forward", "Index Name": "person_id_cast_info", "Relation Name": "cast_info", "Alias": "ci", "Startup Cost": 0.0, "Total Cost": 2.38, "Plan Rows": 1, "Plan Width": 16, "Index Cond": "(person_id = an.person_id)", "Filter": "((note)::text = ANY ('{(voice),\"(voice: Japanese version)\",\"(voice) (uncredited)\",\"(voice: English version)\"}'::text[]))"}]}, {"Node Type": "Index Scan", "Parent Relationship": "Inner", "Scan Direction": "Forward", "Index Name": "role_type_pkey", "Relation Name": "role_type", "Alias": "rt", "Startup Cost": 0.0, "Total Cost": 0.27, "Plan Rows": 1, "Plan Width": 4, "Index Cond": "(id = ci.role_id)", "Filter": "((role)::text = 'actress'::text)"}]}, {"Node Type": "Index Scan", "Parent Relationship": "Inner", "Scan Direction": "Forward", "Index Name": "movie_id_movie_companies", "Relation Name": "movie_companies", "Alias": "mc", "Startup Cost": 0.0, "Total Cost": 0.42, "Plan Rows": 1, "Plan Width": 8, "Index Cond": "(movie_id = ci.movie_id)", "Filter": "((note IS NOT NULL) AND (((note)::text ~~ '%(USA)%'::text) OR ((note)::text ~~ '%(worldwide)%'::text)))"}]}, {"Node Type": "Index Scan", "Parent Relationship": "Inner", "Scan Direction": "Forward", "Index Name": "company_name_pkey", "Relation Name": "company_name", "Alias": "cn", "Startup Cost": 0.0, "Total Cost": 0.32, "Plan Rows": 1, "Plan Width": 4, "Index Cond": "(id = mc.company_id)", "Filter": "((country_code)::text = '[us]'::text)"}]}, {"Node Type": "Index Scan", "Parent Relationship": "Inner", "Scan Direction": "Forward", "Index Name": "char_name_pkey", "Relation Name": "char_name", "Alias": "chn", "Startup Cost": 0.0, "Total Cost": 0.5, "Plan Rows": 1, "Plan Width": 20, "Index Cond": "(id = ci.person_role_id)"}]}, {"Node Type": "Index Scan", "Parent Relationship": "Inner", "Scan Direction": "Forward", "Index Name": "title_pkey", "Relation Name": "title", "Alias": "t", "Startup Cost": 0.0, "Total Cost": 0.49, "Plan Rows": 1, "Plan Width": 21, "Index Cond": "(id = ci.movie_id)", "Filter": "((production_year >= 2005) AND (production_year <= 2015))"}]}]}, "Unique SQL Id": 3431223514, "Planner Runtime": 62}, "explain_analyze_plan": null}, "(64, 90)": {"explain_plan": {"Plan": {"Node Type": "Aggregate", "Strategy": "Plain", "Startup Cost": 3087041646441.2, "Total Cost": 3087041646441.21, "Plan Rows": 1, "Plan Width": 145, "Plans": [{"Node Type": "Nested Loop", "Parent Relationship": "Outer", "Join Type": "Inner", "Startup Cost": 130001256539.04, "Total Cost": 3087041646441.19, "Plan Rows": 1, "Plan Width": 49, "Inner Unique": true, "Plans": [{"Node Type": "Merge Join", "Parent Relationship": "Outer", "Join Type": "Inner", "Startup Cost": 120001256539.04, "Total Cost": 2087041646392.54, "Plan Rows": 1, "Plan Width": 40, "Inner Unique": true, "Merge Cond": "(ci.person_id = n.id)", "Plans": [{"Node Type": "Nested Loop", "Parent Relationship": "Outer", "Join Type": "Inner", "Startup Cost": 110001256539.04, "Total Cost": 1107647349915.77, "Plan Rows": 7856, "Plan Width": 48, "Inner Unique": true, "Join Filter": "(ci.person_role_id = chn.id)", "Plans": [{"Node Type": "Merge Join", "Parent Relationship": "Outer", "Join Type": "Inner", "Startup Cost": 100001256539.04, "Total Cost": 100001260641.99, "Plan Rows": 16205, "Plan Width": 36, "Inner Unique": false, "Merge Cond": "(ci.person_id = an.person_id)", "Plans": [{"Node Type": "Sort", "Parent Relationship": "Outer", "Startup Cost": 100001147480.16, "Total Cost": 100001147514.0, "Plan Rows": 13534, "Plan Width": 16, "Sort Key": ["ci.person_id"], "Plans": [{"Node Type": "Merge Join", "Parent Relationship": "Outer", "Join Type": "Inner", "Startup Cost": 100001145194.11, "Total Cost": 100001146551.44, "Plan Rows": 13534, "Plan Width": 16, "Inner Unique": false, "Merge Cond": "(ci.movie_id = mc.movie_id)", "Plans": [{"Node Type": "Sort", "Parent Relationship": "Outer", "Startup Cost": 100001034547.02, "Total Cost": 100001034736.38, "Plan Rows": 75742, "Plan Width": 12, "Sort Key": ["ci.movie_id"], "Plans": [{"Node Type": "Nested Loop", "Parent Relationship": "Outer", "Join Type": "Inner", "Startup Cost": 10000000000.0, "Total Cost": 100001028408.58, "Plan Rows": 75742, "Plan Width": 12, "Inner Unique": false, "Join Filter": "(ci.role_id = rt.id)", "Plans": [{"Node Type": "Seq Scan", "Parent Relationship": "Outer", "Relation Name": "role_type", "Alias": "rt", "Startup Cost": 0.0, "Total Cost": 1.15, "Plan Rows": 1, "Plan Width": 4, "Filter": "((role)::text = 'actress'::text)"}, {"Node Type": "Materialize", "Parent Relationship": "Inner", "Startup Cost": 0.0, "Total Cost": 94508.08, "Plan Rows": 833163, "Plan Width": 16, "Plans": [{"Node Type": "Streaming(type: LOCAL GATHER dop: 1/64)", "Parent Relationship": "Outer", "Startup Cost": 0.0, "Total Cost": 92425.17, "Plan Rows": 833163, "Plan Width": 16, "Plans": [{"Node Type": "Seq Scan", "Parent Relationship": "Outer", "Relation Name": "cast_info", "Alias": "ci", "Startup Cost": 0.0, "Total Cost": 75237.12, "Plan Rows": 833163, "Plan Width": 16, "Filter": "((note)::text = ANY ('{(voice),\"(voice: Japanese version)\",\"(voice) (uncredited)\",\"(voice: English version)\"}'::text[]))"}]}]}]}]}, {"Node Type": "Sort", "Parent Relationship": "Inner", "Startup Cost": 110647.09, "Total Cost": 111012.25, "Plan Rows": 146066, "Plan Width": 4, "Sort Key": ["mc.movie_id"], "Plans": [{"Node Type": "Merge Join", "Parent Relationship": "Outer", "Join Type": "Inner", "Startup Cost": 94784.08, "Total Cost": 98117.35, "Plan Rows": 146066, "Plan Width": 4, "Inner Unique": false, "Merge Cond": "(cn.id = mc.company_id)", "Plans": [{"Node Type": "Sort", "Parent Relationship": "Outer", "Startup Cost": 12878.05, "Total Cost": 13090.97, "Plan Rows": 85170, "Plan Width": 4, "Sort Key": ["cn.id"], "Plans": [{"Node Type": "Seq Scan", "Parent Relationship": "Outer", "Relation Name": "company_name", "Alias": "cn", "Startup Cost": 0.0, "Total Cost": 5903.45, "Plan Rows": 85170, "Plan Width": 4, "Filter": "((country_code)::text = '[us]'::text)"}]}, {"Node Type": "Sort", "Parent Relationship": "Inner", "Startup Cost": 81867.44, "Total Cost": 82610.12, "Plan Rows": 297072, "Plan Width": 8, "Sort Key": ["mc.company_id"], "Plans": [{"Node Type": "Seq Scan", "Parent Relationship": "Outer", "Relation Name": "movie_companies", "Alias": "mc", "Startup Cost": 0.0, "Total Cost": 54862.92, "Plan Rows": 297072, "Plan Width": 8, "Filter": "((note IS NOT NULL) AND (((note)::text ~~ '%(USA)%'::text) OR ((note)::text ~~ '%(worldwide)%'::text))), (LLVM Optimized)"}]}]}]}]}]}, {"Node Type": "Sort", "Parent Relationship": "Inner", "Startup Cost": 109058.87, "Total Cost": 111312.23, "Plan Rows": 901342, "Plan Width": 20, "Sort Key": ["an.person_id"], "Plans": [{"Node Type": "Seq Scan", "Parent Relationship": "Outer", "Relation Name": "aka_name", "Alias": "an", "Startup Cost": 0.0, "Total Cost": 19908.42, "Plan Rows": 901342, "Plan Width": 20}]}]}, {"Node Type": "Materialize", "Parent Relationship": "Inner", "Startup Cost": 0.0, "Total Cost": 144541.08, "Plan Rows": 3140338, "Plan Width": 20, "Plans": [{"Node Type": "Streaming(type: LOCAL GATHER dop: 1/64)", "Parent Relationship": "Outer", "Startup Cost": 0.0, "Total Cost": 128839.39, "Plan Rows": 3140338, "Plan Width": 20, "Plans": [{"Node Type": "Seq Scan", "Parent Relationship": "Outer", "Relation Name": "char_name", "Alias": "chn", "Startup Cost": 0.0, "Total Cost": 64054.58, "Plan Rows": 3140338, "Plan Width": 20}]}]}]}, {"Node Type": "Index Scan", "Parent Relationship": "Inner", "Scan Direction": "Forward", "Index Name": "name_pkey", "Relation Name": "name", "Alias": "n", "Startup Cost": 10000000000.0, "Total Cost": 1000019707019.7, "Plan Rows": 96, "Plan Width": 4, "Filter": "(((name)::text ~~ '%Ang%'::text) AND ((gender)::text = 'f'::text))"}]}, {"Node Type": "Index Scan", "Parent Relationship": "Inner", "Scan Direction": "Forward", "Index Name": "title_pkey", "Relation Name": "title", "Alias": "t", "Startup Cost": 10000000000.0, "Total Cost": 1000000000048.64, "Plan Rows": 1, "Plan Width": 21, "Index Cond": "(id = ci.movie_id)", "Filter": "((production_year >= 2005) AND (production_year <= 2015))"}]}]}, "Unique SQL Id": 3431223514, "Planner Runtime": 153}, "explain_analyze_plan": null}, "(64, 91)": {"explain_plan": {"Plan": {"Node Type": "Aggregate", "Strategy": "Plain", "Startup Cost": 7329417497562.09, "Total Cost": 7329417497562.1, "Plan Rows": 1, "Plan Width": 145, "Plans": [{"Node Type": "Merge Join", "Parent Relationship": "Outer", "Join Type": "Inner", "Startup Cost": 5509172076602.9, "Total Cost": 7329417497562.08, "Plan Rows": 2, "Plan Width": 49, "Inner Unique": true, "Merge Cond": "(ci.person_id = n.id)", "Plans": [{"Node Type": "Merge Join", "Parent Relationship": "Outer", "Join Type": "Inner", "Startup Cost": 5499172076602.9, "Total Cost": 6350023201080.66, "Plan Rows": 9705, "Plan Width": 57, "Inner Unique": false, "Merge Cond": "(ci.person_id = an.person_id)", "Plans": [{"Node Type": "Sort", "Parent Relationship": "Outer", "Startup Cost": 5489172076602.9, "Total Cost": 5489172076623.16, "Plan Rows": 8105, "Plan Width": 37, "Sort Key": ["ci.person_id"], "Plans": [{"Node Type": "Merge Join", "Parent Relationship": "Outer", "Join Type": "Inner", "Startup Cost": 4500042505090.18, "Total Cost": 5489172076076.69, "Plan Rows": 8105, "Plan Width": 37, "Inner Unique": true, "Merge Cond": "(ci.movie_id = t.id)", "Plans": [{"Node Type": "Merge Join", "Parent Relationship": "Outer", "Join Type": "Inner", "Startup Cost": 4490042505090.18, "Total Cost": 4490042506124.46, "Plan Rows": 6561, "Plan Width": 28, "Inner Unique": false, "Merge Cond": "(mc.movie_id = ci.movie_id)", "Plans": [{"Node Type": "Sort", "Parent Relationship": "Outer", "Startup Cost": 2000014736998.95, "Total Cost": 2000014737364.11, "Plan Rows": 146066, "Plan Width": 4, "Sort Key": ["mc.movie_id"], "Plans": [{"Node Type": "Merge Join", "Parent Relationship": "Outer", "Join Type": "Inner", "Startup Cost": 45724119200.86, "Total Cost": 2000014724469.22, "Plan Rows": 146066, "Plan Width": 4, "Inner Unique": false, "Merge Cond": "(cn.id = mc.company_id)", "Plans": [{"Node Type": "Index Scan", "Parent Relationship": "Outer", "Scan Direction": "Forward", "Index Name": "company_name_pkey", "Relation Name": "company_name", "Alias": "cn", "Startup Cost": 10000000000.0, "Total Cost": 1000001050138.97, "Plan Rows": 85170, "Plan Width": 4, "Filter": "((country_code)::text = '[us]'::text)"}, {"Node Type": "Index Scan", "Parent Relationship": "Inner", "Scan Direction": "Forward", "Index Name": "company_id_movie_companies", "Relation Name": "movie_companies", "Alias": "mc", "Startup Cost": 10000000000.0, "Total Cost": 1000013671913.98, "Plan Rows": 297072, "Plan Width": 8, "Filter": "((note IS NOT NULL) AND (((note)::text ~~ '%(USA)%'::text) OR ((note)::text ~~ '%(worldwide)%'::text))), (LLVM Optimized)"}]}]}, {"Node Type": "Sort", "Parent Relationship": "Inner", "Startup Cost": 2490027768091.22, "Total Cost": 2490027768183.02, "Plan Rows": 36717, "Plan Width": 24, "Sort Key": ["ci.movie_id"], "Plans": [{"Node Type": "Merge Join", "Parent Relationship": "Outer", "Join Type": "Inner", "Startup Cost": 1500027761491.11, "Total Cost": 2490027765307.31, "Plan Rows": 36717, "Plan Width": 24, "Inner Unique": true, "Merge Cond": "(ci.role_id = rt.id)", "Plans": [{"Node Type": "Sort", "Parent Relationship": "Outer", "Startup Cost": 1490027761491.11, "Total Cost": 1490027762500.83, "Plan Rows": 403890, "Plan Width": 28, "Sort Key": ["ci.role_id"], "Plans": [{"Node Type": "Merge Join", "Parent Relationship": "Outer", "Join Type": "Inner", "Startup Cost": 59427183222.87, "Total Cost": 1490027723881.67, "Plan Rows": 403890, "Plan Width": 28, "Inner Unique": false, "Merge Cond": "(chn.id = ci.person_role_id)", "Plans": [{"Node Type": "Index Scan", "Parent Relationship": "Outer", "Scan Direction": "Forward", "Index Name": "char_name_pkey", "Relation Name": "char_name", "Alias": "chn", "Startup Cost": 10000000000.0, "Total Cost": 1000012987545.51, "Plan Rows": 3140338, "Plan Width": 20}, {"Node Type": "Index Scan", "Parent Relationship": "Inner", "Scan Direction": "Forward", "Index Name": "person_role_id_cast_info", "Relation Name": "cast_info", "Alias": "ci", "Startup Cost": 10000000000.0, "Total Cost": 1000211315681.48, "Plan Rows": 833163, "Plan Width": 16, "Filter": "((note)::text = ANY ('{(voice),\"(voice: Japanese version)\",\"(voice) (uncredited)\",\"(voice: English version)\"}'::text[]))"}]}]}, {"Node Type": "Materialize", "Parent Relationship": "Inner", "Startup Cost": 10000000000.0, "Total Cost": 1000000001246.0, "Plan Rows": 1, "Plan Width": 4, "Plans": [{"Node Type": "Index Scan", "Parent Relationship": "Outer", "Scan Direction": "Forward", "Index Name": "role_type_pkey", "Relation Name": "role_type", "Alias": "rt", "Startup Cost": 10000000000.0, "Total Cost": 1000000001246.0, "Plan Rows": 1, "Plan Width": 4, "Filter": "((role)::text = 'actress'::text)"}]}]}]}]}, {"Node Type": "Index Scan", "Parent Relationship": "Inner", "Scan Direction": "Forward", "Index Name": "title_pkey", "Relation Name": "title", "Alias": "t", "Startup Cost": 10000000000.0, "Total Cost": 1000012276204.41, "Plan Rows": 1109224, "Plan Width": 21, "Filter": "((production_year >= 2005) AND (production_year <= 2015)), (LLVM Optimized)"}]}]}, {"Node Type": "Index Scan", "Parent Relationship": "Inner", "Scan Direction": "Forward", "Index Name": "person_id_aka_name", "Relation Name": "aka_name", "Alias": "an", "Startup Cost": 10000000000.0, "Total Cost": 1000006896503.43, "Plan Rows": 901342, "Plan Width": 20}]}, {"Node Type": "Index Scan", "Parent Relationship": "Inner", "Scan Direction": "Forward", "Index Name": "name_pkey", "Relation Name": "name", "Alias": "n", "Startup Cost": 10000000000.0, "Total Cost": 1000019707019.7, "Plan Rows": 96, "Plan Width": 4, "Filter": "(((name)::text ~~ '%Ang%'::text) AND ((gender)::text = 'f'::text))"}]}]}, "Unique SQL Id": 3431223514, "Planner Runtime": 233}, "explain_analyze_plan": null}, "(64, 92)": {"explain_plan": {"Plan": {"Node Type": "Aggregate", "Strategy": "Plain", "Startup Cost": 65897.13, "Total Cost": 65897.14, "Plan Rows": 1, "Plan Width": 145, "Plans": [{"Node Type": "Nested Loop", "Parent Relationship": "Outer", "Join Type": "Inner", "Startup Cost": 0.0, "Total Cost": 65897.12, "Plan Rows": 1, "Plan Width": 49, "Inner Unique": true, "Plans": [{"Node Type": "Nested Loop", "Parent Relationship": "Outer", "Join Type": "Inner", "Startup Cost": 0.0, "Total Cost": 65896.62, "Plan Rows": 1, "Plan Width": 40, "Inner Unique": true, "Plans": [{"Node Type": "Nested Loop", "Parent Relationship": "Outer", "Join Type": "Inner", "Startup Cost": 0.0, "Total Cost": 65895.97, "Plan Rows": 2, "Plan Width": 44, "Inner Unique": true, "Plans": [{"Node Type": "Nested Loop", "Parent Relationship": "Outer", "Join Type": "Inner", "Startup Cost": 0.0, "Total Cost": 65893.42, "Plan Rows": 5, "Plan Width": 32, "Inner Unique": false, "Plans": [{"Node Type": "Nested Loop", "Parent Relationship": "Outer", "Join Type": "Inner", "Startup Cost": 0.0, "Total Cost": 65887.81, "Plan Rows": 13, "Plan Width": 24, "Inner Unique": true, "Plans": [{"Node Type": "Nested Loop", "Parent Relationship": "Outer", "Join Type": "Inner", "Startup Cost": 0.0, "Total Cost": 65847.98, "Plan Rows": 141, "Plan Width": 28, "Inner Unique": false, "Join Filter": "(n.id = ci.person_id)", "Plans": [{"Node Type": "Nested Loop", "Parent Relationship": "Outer", "Join Type": "Inner", "Startup Cost": 0.0, "Total Cost": 65572.69, "Plan Rows": 115, "Plan Width": 24, "Inner Unique": false, "Plans": [{"Node Type": "Streaming(type: LOCAL GATHER dop: 1/64)", "Parent Relationship": "Outer", "Startup Cost": 0.0, "Total Cost": 64781.81, "Plan Rows": 96, "Plan Width": 4, "Plans": [{"Node Type": "Seq Scan", "Parent Relationship": "Outer", "Relation Name": "name", "Alias": "n", "Startup Cost": 0.0, "Total Cost": 64779.83, "Plan Rows": 96, "Plan Width": 4, "Filter": "(((name)::text ~~ '%Ang%'::text) AND ((gender)::text = 'f'::text))"}]}, {"Node Type": "Index Scan", "Parent Relationship": "Inner", "Scan Direction": "Forward", "Index Name": "person_id_aka_name", "Relation Name": "aka_name", "Alias": "an", "Startup Cost": 0.0, "Total Cost": 8.23, "Plan Rows": 1, "Plan Width": 20, "Index Cond": "(person_id = n.id)"}]}, {"Node Type": "Index Scan", "Parent Relationship": "Inner", "Scan Direction": "Forward", "Index Name": "person_id_cast_info", "Relation Name": "cast_info", "Alias": "ci", "Startup Cost": 0.0, "Total Cost": 2.38, "Plan Rows": 1, "Plan Width": 16, "Index Cond": "(person_id = an.person_id)", "Filter": "((note)::text = ANY ('{(voice),\"(voice: Japanese version)\",\"(voice) (uncredited)\",\"(voice: English version)\"}'::text[]))"}]}, {"Node Type": "Index Scan", "Parent Relationship": "Inner", "Scan Direction": "Forward", "Index Name": "role_type_pkey", "Relation Name": "role_type", "Alias": "rt", "Startup Cost": 0.0, "Total Cost": 0.27, "Plan Rows": 1, "Plan Width": 4, "Index Cond": "(id = ci.role_id)", "Filter": "((role)::text = 'actress'::text)"}]}, {"Node Type": "Index Scan", "Parent Relationship": "Inner", "Scan Direction": "Forward", "Index Name": "movie_id_movie_companies", "Relation Name": "movie_companies", "Alias": "mc", "Startup Cost": 0.0, "Total Cost": 0.42, "Plan Rows": 1, "Plan Width": 8, "Index Cond": "(movie_id = ci.movie_id)", "Filter": "((note IS NOT NULL) AND (((note)::text ~~ '%(USA)%'::text) OR ((note)::text ~~ '%(worldwide)%'::text)))"}]}, {"Node Type": "Index Scan", "Parent Relationship": "Inner", "Scan Direction": "Forward", "Index Name": "char_name_pkey", "Relation Name": "char_name", "Alias": "chn", "Startup Cost": 0.0, "Total Cost": 0.5, "Plan Rows": 1, "Plan Width": 20, "Index Cond": "(id = ci.person_role_id)"}]}, {"Node Type": "Index Scan", "Parent Relationship": "Inner", "Scan Direction": "Forward", "Index Name": "company_name_pkey", "Relation Name": "company_name", "Alias": "cn", "Startup Cost": 0.0, "Total Cost": 0.32, "Plan Rows": 1, "Plan Width": 4, "Index Cond": "(id = mc.company_id)", "Filter": "((country_code)::text = '[us]'::text)"}]}, {"Node Type": "Index Scan", "Parent Relationship": "Inner", "Scan Direction": "Forward", "Index Name": "title_pkey", "Relation Name": "title", "Alias": "t", "Startup Cost": 0.0, "Total Cost": 0.49, "Plan Rows": 1, "Plan Width": 21, "Index Cond": "(id = ci.movie_id)", "Filter": "((production_year >= 2005) AND (production_year <= 2015))"}]}]}, "Unique SQL Id": 3431223514, "Planner Runtime": 64}, "explain_analyze_plan": {"Plan": {"Node Type": "Aggregate", "Strategy": "Plain", "Startup Cost": 65897.13, "Total Cost": 65897.14, "Plan Rows": 1, "Plan Width": 145, "Actual Min Startup Time": 247.956, "Actual Max Startup Time": 247.956, "Actual Min Total Time": 247.957, "Actual Max Total Time": 247.957, "Plans": [{"Node Type": "Nested Loop", "Parent Relationship": "Outer", "Join Type": "Inner", "Startup Cost": 0.0, "Total Cost": 65897.12, "Plan Rows": 1, "Plan Width": 49, "Actual Min Startup Time": 158.201, "Actual Max Startup Time": 158.201, "Actual Min Total Time": 247.771, "Actual Max Total Time": 247.771, "Inner Unique": true, "Plans": [{"Node Type": "Nested Loop", "Parent Relationship": "Outer", "Join Type": "Inner", "Startup Cost": 0.0, "Total Cost": 65896.62, "Plan Rows": 1, "Plan Width": 40, "Actual Min Startup Time": 148.325, "Actual Max Startup Time": 148.325, "Actual Min Total Time": 245.64, "Actual Max Total Time": 245.64, "Inner Unique": true, "Plans": [{"Node Type": "Nested Loop", "Parent Relationship": "Outer", "Join Type": "Inner", "Startup Cost": 0.0, "Total Cost": 65895.97, "Plan Rows": 2, "Plan Width": 44, "Actual Min Startup Time": 148.293, "Actual Max Startup Time": 148.293, "Actual Min Total Time": 243.609, "Actual Max Total Time": 243.609, "Inner Unique": true, "Plans": [{"Node Type": "Nested Loop", "Parent Relationship": "Outer", "Join Type": "Inner", "Startup Cost": 0.0, "Total Cost": 65893.42, "Plan Rows": 5, "Plan Width": 32, "Actual Min Startup Time": 148.272, "Actual Max Startup Time": 148.272, "Actual Min Total Time": 241.843, "Actual Max Total Time": 241.843, "Inner Unique": false, "Plans": [{"Node Type": "Nested Loop", "Parent Relationship": "Outer", "Join Type": "Inner", "Startup Cost": 0.0, "Total Cost": 65887.81, "Plan Rows": 13, "Plan Width": 24, "Actual Min Startup Time": 117.747, "Actual Max Startup Time": 117.747, "Actual Min Total Time": 236.984, "Actual Max Total Time": 236.984, "Inner Unique": true, "Plans": [{"Node Type": "Nested Loop", "Parent Relationship": "Outer", "Join Type": "Inner", "Startup Cost": 0.0, "Total Cost": 65847.98, "Plan Rows": 141, "Plan Width": 28, "Actual Min Startup Time": 117.733, "Actual Max Startup Time": 117.733, "Actual Min Total Time": 235.718, "Actual Max Total Time": 235.718, "Inner Unique": false, "Join Filter": "(n.id = ci.person_id)", "Rows Removed by Join Filter": 0, "Plans": [{"Node Type": "Nested Loop", "Parent Relationship": "Outer", "Join Type": "Inner", "Startup Cost": 0.0, "Total Cost": 65572.69, "Plan Rows": 115, "Plan Width": 24, "Actual Min Startup Time": 117.21, "Actual Max Startup Time": 117.21, "Actual Min Total Time": 180.677, "Actual Max Total Time": 180.677, "Inner Unique": false, "Plans": [{"Node Type": "Streaming(type: LOCAL GATHER dop: 1/64)", "Parent Relationship": "Outer", "Startup Cost": 0.0, "Total Cost": 64781.81, "Plan Rows": 96, "Plan Width": 4, "Actual Min Startup Time": 117.144, "Actual Max Startup Time": 117.144, "Actual Min Total Time": 155.659, "Actual Max Total Time": 155.659, "Plans": [{"Node Type": "Seq Scan", "Parent Relationship": "Outer", "Relation Name": "name", "Alias": "n", "Startup Cost": 0.0, "Total Cost": 64779.83, "Plan Rows": 96, "Plan Width": 4, "Actual Min Startup Time": 9.543, "Actual Max Startup Time": 14.159, "Actual Min Total Time": 25.518, "Actual Max Total Time": 30.721, "Filter": "(((name)::text ~~ '%Ang%'::text) AND ((gender)::text = 'f'::text))", "Rows Removed by Filter": 4160722, "Actual Rows": 6768}], "Actual Rows": 6768}, {"Node Type": "Index Scan", "Parent Relationship": "Inner", "Scan Direction": "Forward", "Index Name": "person_id_aka_name", "Relation Name": "aka_name", "Alias": "an", "Startup Cost": 0.0, "Total Cost": 8.23, "Plan Rows": 1, "Plan Width": 20, "Actual Min Startup Time": 20.67, "Actual Max Startup Time": 20.67, "Actual Min Total Time": 21.568, "Actual Max Total Time": 21.568, "Index Cond": "(person_id = n.id)", "Rows Removed by Index Recheck": 0, "Actual Rows": 1558}], "Actual Rows": 1558}, {"Node Type": "Index Scan", "Parent Relationship": "Inner", "Scan Direction": "Forward", "Index Name": "person_id_cast_info", "Relation Name": "cast_info", "Alias": "ci", "Startup Cost": 0.0, "Total Cost": 2.38, "Plan Rows": 1, "Plan Width": 16, "Actual Min Startup Time": 48.98, "Actual Max Startup Time": 48.98, "Actual Min Total Time": 54.031, "Actual Max Total Time": 54.031, "Index Cond": "(person_id = an.person_id)", "Rows Removed by Index Recheck": 0, "Filter": "((note)::text = ANY ('{(voice),\"(voice: Japanese version)\",\"(voice) (uncredited)\",\"(voice: English version)\"}'::text[]))", "Rows Removed by Filter": 69057, "Actual Rows": 425}], "Actual Rows": 425}, {"Node Type": "Index Scan", "Parent Relationship": "Inner", "Scan Direction": "Forward", "Index Name": "role_type_pkey", "Relation Name": "role_type", "Alias": "rt", "Startup Cost": 0.0, "Total Cost": 0.27, "Plan Rows": 1, "Plan Width": 4, "Actual Min Startup Time": 0.839, "Actual Max Startup Time": 0.839, "Actual Min Total Time": 0.839, "Actual Max Total Time": 0.839, "Index Cond": "(id = ci.role_id)", "Rows Removed by Index Recheck": 0, "Filter": "((role)::text = 'actress'::text)", "Rows Removed by Filter": 0, "Actual Rows": 425}], "Actual Rows": 425}, {"Node Type": "Index Scan", "Parent Relationship": "Inner", "Scan Direction": "Forward", "Index Name": "movie_id_movie_companies", "Relation Name": "movie_companies", "Alias": "mc", "Startup Cost": 0.0, "Total Cost": 0.42, "Plan Rows": 1, "Plan Width": 8, "Actual Min Startup Time": 3.237, "Actual Max Startup Time": 3.237, "Actual Min Total Time": 4.499, "Actual Max Total Time": 4.499, "Index Cond": "(movie_id = ci.movie_id)", "Rows Removed by Index Recheck": 0, "Filter": "((note IS NOT NULL) AND (((note)::text ~~ '%(USA)%'::text) OR ((note)::text ~~ '%(worldwide)%'::text)))", "Rows Removed by Filter": 1538, "Actual Rows": 373}], "Actual Rows": 373}, {"Node Type": "Index Scan", "Parent Relationship": "Inner", "Scan Direction": "Forward", "Index Name": "char_name_pkey", "Relation Name": "char_name", "Alias": "chn", "Startup Cost": 0.0, "Total Cost": 0.5, "Plan Rows": 1, "Plan Width": 20, "Actual Min Startup Time": 1.4, "Actual Max Startup Time": 1.4, "Actual Min Total Time": 1.4, "Actual Max Total Time": 1.4, "Index Cond": "(id = ci.person_role_id)", "Rows Removed by Index Recheck": 0, "Actual Rows": 348}], "Actual Rows": 348}, {"Node Type": "Index Scan", "Parent Relationship": "Inner", "Scan Direction": "Forward", "Index Name": "company_name_pkey", "Relation Name": "company_name", "Alias": "cn", "Startup Cost": 0.0, "Total Cost": 0.32, "Plan Rows": 1, "Plan Width": 4, "Actual Min Startup Time": 1.687, "Actual Max Startup Time": 1.687, "Actual Min Total Time": 1.687, "Actual Max Total Time": 1.687, "Index Cond": "(id = mc.company_id)", "Rows Removed by Index Recheck": 0, "Filter": "((country_code)::text = '[us]'::text)", "Rows Removed by Filter": 7, "Actual Rows": 341}], "Actual Rows": 341}, {"Node Type": "Index Scan", "Parent Relationship": "Inner", "Scan Direction": "Forward", "Index Name": "title_pkey", "Relation Name": "title", "Alias": "t", "Startup Cost": 0.0, "Total Cost": 0.49, "Plan Rows": 1, "Plan Width": 21, "Actual Min Startup Time": 1.865, "Actual Max Startup Time": 1.865, "Actual Min Total Time": 1.865, "Actual Max Total Time": 1.865, "Index Cond": "(id = ci.movie_id)", "Rows Removed by Index Recheck": 0, "Filter": "((production_year >= 2005) AND (production_year <= 2015))", "Rows Removed by Filter": 220, "Actual Rows": 121}], "Actual Rows": 121}], "Actual Rows": 1}, "Triggers": [], "Planner Runtime": 66, "Total Runtime": 261.423, "Unique SQL Id": 3431223514}}, "(64, 93)": {"explain_plan": {"Plan": {"Node Type": "Aggregate", "Strategy": "Plain", "Startup Cost": 198184.97, "Total Cost": 198184.98, "Plan Rows": 1, "Plan Width": 145, "Plans": [{"Node Type": "Nested Loop", "Parent Relationship": "Outer", "Join Type": "Inner", "Startup Cost": 0.0, "Total Cost": 198184.96, "Plan Rows": 1, "Plan Width": 49, "Inner Unique": true, "Plans": [{"Node Type": "Nested Loop", "Parent Relationship": "Outer", "Join Type": "Inner", "Startup Cost": 0.0, "Total Cost": 198184.46, "Plan Rows": 1, "Plan Width": 40, "Inner Unique": true, "Plans": [{"Node Type": "Nested Loop", "Parent Relationship": "Outer", "Join Type": "Inner", "Startup Cost": 0.0, "Total Cost": 198183.44, "Plan Rows": 2, "Plan Width": 28, "Inner Unique": true, "Plans": [{"Node Type": "Nested Loop", "Parent Relationship": "Outer", "Join Type": "Inner", "Startup Cost": 0.0, "Total Cost": 198181.8, "Plan Rows": 5, "Plan Width": 32, "Inner Unique": false, "Plans": [{"Node Type": "Nested Loop", "Parent Relationship": "Outer", "Join Type": "Inner", "Startup Cost": 0.0, "Total Cost": 198176.2, "Plan Rows": 13, "Plan Width": 24, "Inner Unique": true, "Plans": [{"Node Type": "Nested Loop", "Parent Relationship": "Outer", "Join Type": "Inner", "Startup Cost": 0.0, "Total Cost": 198136.36, "Plan Rows": 141, "Plan Width": 28, "Inner Unique": false, "Join Filter": "(n.id = ci.person_id)", "Plans": [{"Node Type": "Nested Loop", "Parent Relationship": "Outer", "Join Type": "Inner", "Startup Cost": 0.0, "Total Cost": 197861.08, "Plan Rows": 115, "Plan Width": 24, "Inner Unique": false, "Plans": [{"Node Type": "Index Scan", "Parent Relationship": "Outer", "Scan Direction": "Forward", "Index Name": "name_pkey", "Relation Name": "name", "Alias": "n", "Startup Cost": 0.0, "Total Cost": 197070.2, "Plan Rows": 96, "Plan Width": 4, "Filter": "(((name)::text ~~ '%Ang%'::text) AND ((gender)::text = 'f'::text))"}, {"Node Type": "Index Scan", "Parent Relationship": "Inner", "Scan Direction": "Forward", "Index Name": "person_id_aka_name", "Relation Name": "aka_name", "Alias": "an", "Startup Cost": 0.0, "Total Cost": 8.23, "Plan Rows": 1, "Plan Width": 20, "Index Cond": "(person_id = n.id)"}]}, {"Node Type": "Index Scan", "Parent Relationship": "Inner", "Scan Direction": "Forward", "Index Name": "person_id_cast_info", "Relation Name": "cast_info", "Alias": "ci", "Startup Cost": 0.0, "Total Cost": 2.38, "Plan Rows": 1, "Plan Width": 16, "Index Cond": "(person_id = an.person_id)", "Filter": "((note)::text = ANY ('{(voice),\"(voice: Japanese version)\",\"(voice) (uncredited)\",\"(voice: English version)\"}'::text[]))"}]}, {"Node Type": "Index Scan", "Parent Relationship": "Inner", "Scan Direction": "Forward", "Index Name": "role_type_pkey", "Relation Name": "role_type", "Alias": "rt", "Startup Cost": 0.0, "Total Cost": 0.27, "Plan Rows": 1, "Plan Width": 4, "Index Cond": "(id = ci.role_id)", "Filter": "((role)::text = 'actress'::text)"}]}, {"Node Type": "Index Scan", "Parent Relationship": "Inner", "Scan Direction": "Forward", "Index Name": "movie_id_movie_companies", "Relation Name": "movie_companies", "Alias": "mc", "Startup Cost": 0.0, "Total Cost": 0.42, "Plan Rows": 1, "Plan Width": 8, "Index Cond": "(movie_id = ci.movie_id)", "Filter": "((note IS NOT NULL) AND (((note)::text ~~ '%(USA)%'::text) OR ((note)::text ~~ '%(worldwide)%'::text)))"}]}, {"Node Type": "Index Scan", "Parent Relationship": "Inner", "Scan Direction": "Forward", "Index Name": "company_name_pkey", "Relation Name": "company_name", "Alias": "cn", "Startup Cost": 0.0, "Total Cost": 0.32, "Plan Rows": 1, "Plan Width": 4, "Index Cond": "(id = mc.company_id)", "Filter": "((country_code)::text = '[us]'::text)"}]}, {"Node Type": "Index Scan", "Parent Relationship": "Inner", "Scan Direction": "Forward", "Index Name": "char_name_pkey", "Relation Name": "char_name", "Alias": "chn", "Startup Cost": 0.0, "Total Cost": 0.5, "Plan Rows": 1, "Plan Width": 20, "Index Cond": "(id = ci.person_role_id)"}]}, {"Node Type": "Index Scan", "Parent Relationship": "Inner", "Scan Direction": "Forward", "Index Name": "title_pkey", "Relation Name": "title", "Alias": "t", "Startup Cost": 0.0, "Total Cost": 0.49, "Plan Rows": 1, "Plan Width": 21, "Index Cond": "(id = ci.movie_id)", "Filter": "((production_year >= 2005) AND (production_year <= 2015))"}]}]}, "Unique SQL Id": 3431223514, "Planner Runtime": 60}, "explain_analyze_plan": null}, "(64, 94)": {"explain_plan": {"Plan": {"Node Type": "Aggregate", "Strategy": "Plain", "Startup Cost": 3087041646441.2, "Total Cost": 3087041646441.21, "Plan Rows": 1, "Plan Width": 145, "Plans": [{"Node Type": "Nested Loop", "Parent Relationship": "Outer", "Join Type": "Inner", "Startup Cost": 130001256539.04, "Total Cost": 3087041646441.19, "Plan Rows": 1, "Plan Width": 49, "Inner Unique": true, "Plans": [{"Node Type": "Merge Join", "Parent Relationship": "Outer", "Join Type": "Inner", "Startup Cost": 120001256539.04, "Total Cost": 2087041646392.54, "Plan Rows": 1, "Plan Width": 40, "Inner Unique": true, "Merge Cond": "(ci.person_id = n.id)", "Plans": [{"Node Type": "Nested Loop", "Parent Relationship": "Outer", "Join Type": "Inner", "Startup Cost": 110001256539.04, "Total Cost": 1107647349915.77, "Plan Rows": 7856, "Plan Width": 48, "Inner Unique": true, "Join Filter": "(ci.person_role_id = chn.id)", "Plans": [{"Node Type": "Merge Join", "Parent Relationship": "Outer", "Join Type": "Inner", "Startup Cost": 100001256539.04, "Total Cost": 100001260641.99, "Plan Rows": 16205, "Plan Width": 36, "Inner Unique": false, "Merge Cond": "(ci.person_id = an.person_id)", "Plans": [{"Node Type": "Sort", "Parent Relationship": "Outer", "Startup Cost": 100001147480.16, "Total Cost": 100001147514.0, "Plan Rows": 13534, "Plan Width": 16, "Sort Key": ["ci.person_id"], "Plans": [{"Node Type": "Merge Join", "Parent Relationship": "Outer", "Join Type": "Inner", "Startup Cost": 100001145194.11, "Total Cost": 100001146551.44, "Plan Rows": 13534, "Plan Width": 16, "Inner Unique": false, "Merge Cond": "(ci.movie_id = mc.movie_id)", "Plans": [{"Node Type": "Sort", "Parent Relationship": "Outer", "Startup Cost": 100001034547.02, "Total Cost": 100001034736.38, "Plan Rows": 75742, "Plan Width": 12, "Sort Key": ["ci.movie_id"], "Plans": [{"Node Type": "Nested Loop", "Parent Relationship": "Outer", "Join Type": "Inner", "Startup Cost": 10000000000.0, "Total Cost": 100001028408.58, "Plan Rows": 75742, "Plan Width": 12, "Inner Unique": false, "Join Filter": "(ci.role_id = rt.id)", "Plans": [{"Node Type": "Seq Scan", "Parent Relationship": "Outer", "Relation Name": "role_type", "Alias": "rt", "Startup Cost": 0.0, "Total Cost": 1.15, "Plan Rows": 1, "Plan Width": 4, "Filter": "((role)::text = 'actress'::text)"}, {"Node Type": "Materialize", "Parent Relationship": "Inner", "Startup Cost": 0.0, "Total Cost": 94508.08, "Plan Rows": 833163, "Plan Width": 16, "Plans": [{"Node Type": "Streaming(type: LOCAL GATHER dop: 1/64)", "Parent Relationship": "Outer", "Startup Cost": 0.0, "Total Cost": 92425.17, "Plan Rows": 833163, "Plan Width": 16, "Plans": [{"Node Type": "Seq Scan", "Parent Relationship": "Outer", "Relation Name": "cast_info", "Alias": "ci", "Startup Cost": 0.0, "Total Cost": 75237.12, "Plan Rows": 833163, "Plan Width": 16, "Filter": "((note)::text = ANY ('{(voice),\"(voice: Japanese version)\",\"(voice) (uncredited)\",\"(voice: English version)\"}'::text[]))"}]}]}]}]}, {"Node Type": "Sort", "Parent Relationship": "Inner", "Startup Cost": 110647.09, "Total Cost": 111012.25, "Plan Rows": 146066, "Plan Width": 4, "Sort Key": ["mc.movie_id"], "Plans": [{"Node Type": "Merge Join", "Parent Relationship": "Outer", "Join Type": "Inner", "Startup Cost": 94784.08, "Total Cost": 98117.35, "Plan Rows": 146066, "Plan Width": 4, "Inner Unique": false, "Merge Cond": "(cn.id = mc.company_id)", "Plans": [{"Node Type": "Sort", "Parent Relationship": "Outer", "Startup Cost": 12878.05, "Total Cost": 13090.97, "Plan Rows": 85170, "Plan Width": 4, "Sort Key": ["cn.id"], "Plans": [{"Node Type": "Seq Scan", "Parent Relationship": "Outer", "Relation Name": "company_name", "Alias": "cn", "Startup Cost": 0.0, "Total Cost": 5903.45, "Plan Rows": 85170, "Plan Width": 4, "Filter": "((country_code)::text = '[us]'::text)"}]}, {"Node Type": "Sort", "Parent Relationship": "Inner", "Startup Cost": 81867.44, "Total Cost": 82610.12, "Plan Rows": 297072, "Plan Width": 8, "Sort Key": ["mc.company_id"], "Plans": [{"Node Type": "Seq Scan", "Parent Relationship": "Outer", "Relation Name": "movie_companies", "Alias": "mc", "Startup Cost": 0.0, "Total Cost": 54862.92, "Plan Rows": 297072, "Plan Width": 8, "Filter": "((note IS NOT NULL) AND (((note)::text ~~ '%(USA)%'::text) OR ((note)::text ~~ '%(worldwide)%'::text))), (LLVM Optimized)"}]}]}]}]}]}, {"Node Type": "Sort", "Parent Relationship": "Inner", "Startup Cost": 109058.87, "Total Cost": 111312.23, "Plan Rows": 901342, "Plan Width": 20, "Sort Key": ["an.person_id"], "Plans": [{"Node Type": "Seq Scan", "Parent Relationship": "Outer", "Relation Name": "aka_name", "Alias": "an", "Startup Cost": 0.0, "Total Cost": 19908.42, "Plan Rows": 901342, "Plan Width": 20}]}]}, {"Node Type": "Materialize", "Parent Relationship": "Inner", "Startup Cost": 0.0, "Total Cost": 144541.08, "Plan Rows": 3140338, "Plan Width": 20, "Plans": [{"Node Type": "Streaming(type: LOCAL GATHER dop: 1/64)", "Parent Relationship": "Outer", "Startup Cost": 0.0, "Total Cost": 128839.39, "Plan Rows": 3140338, "Plan Width": 20, "Plans": [{"Node Type": "Seq Scan", "Parent Relationship": "Outer", "Relation Name": "char_name", "Alias": "chn", "Startup Cost": 0.0, "Total Cost": 64054.58, "Plan Rows": 3140338, "Plan Width": 20}]}]}]}, {"Node Type": "Index Scan", "Parent Relationship": "Inner", "Scan Direction": "Forward", "Index Name": "name_pkey", "Relation Name": "name", "Alias": "n", "Startup Cost": 10000000000.0, "Total Cost": 1000019707019.7, "Plan Rows": 96, "Plan Width": 4, "Filter": "(((name)::text ~~ '%Ang%'::text) AND ((gender)::text = 'f'::text))"}]}, {"Node Type": "Index Scan", "Parent Relationship": "Inner", "Scan Direction": "Forward", "Index Name": "title_pkey", "Relation Name": "title", "Alias": "t", "Startup Cost": 10000000000.0, "Total Cost": 1000000000048.64, "Plan Rows": 1, "Plan Width": 21, "Index Cond": "(id = ci.movie_id)", "Filter": "((production_year >= 2005) AND (production_year <= 2015))"}]}]}, "Unique SQL Id": 3431223514, "Planner Runtime": 151}, "explain_analyze_plan": null}, "(64, 95)": {"explain_plan": {"Plan": {"Node Type": "Aggregate", "Strategy": "Plain", "Startup Cost": 7329417497562.09, "Total Cost": 7329417497562.1, "Plan Rows": 1, "Plan Width": 145, "Plans": [{"Node Type": "Merge Join", "Parent Relationship": "Outer", "Join Type": "Inner", "Startup Cost": 5509172076602.9, "Total Cost": 7329417497562.08, "Plan Rows": 2, "Plan Width": 49, "Inner Unique": true, "Merge Cond": "(ci.person_id = n.id)", "Plans": [{"Node Type": "Merge Join", "Parent Relationship": "Outer", "Join Type": "Inner", "Startup Cost": 5499172076602.9, "Total Cost": 6350023201080.66, "Plan Rows": 9705, "Plan Width": 57, "Inner Unique": false, "Merge Cond": "(ci.person_id = an.person_id)", "Plans": [{"Node Type": "Sort", "Parent Relationship": "Outer", "Startup Cost": 5489172076602.9, "Total Cost": 5489172076623.16, "Plan Rows": 8105, "Plan Width": 37, "Sort Key": ["ci.person_id"], "Plans": [{"Node Type": "Merge Join", "Parent Relationship": "Outer", "Join Type": "Inner", "Startup Cost": 4500042505090.18, "Total Cost": 5489172076076.69, "Plan Rows": 8105, "Plan Width": 37, "Inner Unique": true, "Merge Cond": "(ci.movie_id = t.id)", "Plans": [{"Node Type": "Merge Join", "Parent Relationship": "Outer", "Join Type": "Inner", "Startup Cost": 4490042505090.18, "Total Cost": 4490042506124.46, "Plan Rows": 6561, "Plan Width": 28, "Inner Unique": false, "Merge Cond": "(mc.movie_id = ci.movie_id)", "Plans": [{"Node Type": "Sort", "Parent Relationship": "Outer", "Startup Cost": 2000014736998.95, "Total Cost": 2000014737364.11, "Plan Rows": 146066, "Plan Width": 4, "Sort Key": ["mc.movie_id"], "Plans": [{"Node Type": "Merge Join", "Parent Relationship": "Outer", "Join Type": "Inner", "Startup Cost": 45724119200.86, "Total Cost": 2000014724469.22, "Plan Rows": 146066, "Plan Width": 4, "Inner Unique": false, "Merge Cond": "(cn.id = mc.company_id)", "Plans": [{"Node Type": "Index Scan", "Parent Relationship": "Outer", "Scan Direction": "Forward", "Index Name": "company_name_pkey", "Relation Name": "company_name", "Alias": "cn", "Startup Cost": 10000000000.0, "Total Cost": 1000001050138.97, "Plan Rows": 85170, "Plan Width": 4, "Filter": "((country_code)::text = '[us]'::text)"}, {"Node Type": "Index Scan", "Parent Relationship": "Inner", "Scan Direction": "Forward", "Index Name": "company_id_movie_companies", "Relation Name": "movie_companies", "Alias": "mc", "Startup Cost": 10000000000.0, "Total Cost": 1000013671913.98, "Plan Rows": 297072, "Plan Width": 8, "Filter": "((note IS NOT NULL) AND (((note)::text ~~ '%(USA)%'::text) OR ((note)::text ~~ '%(worldwide)%'::text))), (LLVM Optimized)"}]}]}, {"Node Type": "Sort", "Parent Relationship": "Inner", "Startup Cost": 2490027768091.22, "Total Cost": 2490027768183.02, "Plan Rows": 36717, "Plan Width": 24, "Sort Key": ["ci.movie_id"], "Plans": [{"Node Type": "Merge Join", "Parent Relationship": "Outer", "Join Type": "Inner", "Startup Cost": 1500027761491.11, "Total Cost": 2490027765307.31, "Plan Rows": 36717, "Plan Width": 24, "Inner Unique": true, "Merge Cond": "(ci.role_id = rt.id)", "Plans": [{"Node Type": "Sort", "Parent Relationship": "Outer", "Startup Cost": 1490027761491.11, "Total Cost": 1490027762500.83, "Plan Rows": 403890, "Plan Width": 28, "Sort Key": ["ci.role_id"], "Plans": [{"Node Type": "Merge Join", "Parent Relationship": "Outer", "Join Type": "Inner", "Startup Cost": 59427183222.87, "Total Cost": 1490027723881.67, "Plan Rows": 403890, "Plan Width": 28, "Inner Unique": false, "Merge Cond": "(chn.id = ci.person_role_id)", "Plans": [{"Node Type": "Index Scan", "Parent Relationship": "Outer", "Scan Direction": "Forward", "Index Name": "char_name_pkey", "Relation Name": "char_name", "Alias": "chn", "Startup Cost": 10000000000.0, "Total Cost": 1000012987545.51, "Plan Rows": 3140338, "Plan Width": 20}, {"Node Type": "Index Scan", "Parent Relationship": "Inner", "Scan Direction": "Forward", "Index Name": "person_role_id_cast_info", "Relation Name": "cast_info", "Alias": "ci", "Startup Cost": 10000000000.0, "Total Cost": 1000211315681.48, "Plan Rows": 833163, "Plan Width": 16, "Filter": "((note)::text = ANY ('{(voice),\"(voice: Japanese version)\",\"(voice) (uncredited)\",\"(voice: English version)\"}'::text[]))"}]}]}, {"Node Type": "Materialize", "Parent Relationship": "Inner", "Startup Cost": 10000000000.0, "Total Cost": 1000000001246.0, "Plan Rows": 1, "Plan Width": 4, "Plans": [{"Node Type": "Index Scan", "Parent Relationship": "Outer", "Scan Direction": "Forward", "Index Name": "role_type_pkey", "Relation Name": "role_type", "Alias": "rt", "Startup Cost": 10000000000.0, "Total Cost": 1000000001246.0, "Plan Rows": 1, "Plan Width": 4, "Filter": "((role)::text = 'actress'::text)"}]}]}]}]}, {"Node Type": "Index Scan", "Parent Relationship": "Inner", "Scan Direction": "Forward", "Index Name": "title_pkey", "Relation Name": "title", "Alias": "t", "Startup Cost": 10000000000.0, "Total Cost": 1000012276204.41, "Plan Rows": 1109224, "Plan Width": 21, "Filter": "((production_year >= 2005) AND (production_year <= 2015)), (LLVM Optimized)"}]}]}, {"Node Type": "Index Scan", "Parent Relationship": "Inner", "Scan Direction": "Forward", "Index Name": "person_id_aka_name", "Relation Name": "aka_name", "Alias": "an", "Startup Cost": 10000000000.0, "Total Cost": 1000006896503.43, "Plan Rows": 901342, "Plan Width": 20}]}, {"Node Type": "Index Scan", "Parent Relationship": "Inner", "Scan Direction": "Forward", "Index Name": "name_pkey", "Relation Name": "name", "Alias": "n", "Startup Cost": 10000000000.0, "Total Cost": 1000019707019.7, "Plan Rows": 96, "Plan Width": 4, "Filter": "(((name)::text ~~ '%Ang%'::text) AND ((gender)::text = 'f'::text))"}]}]}, "Unique SQL Id": 3431223514, "Planner Runtime": 230}, "explain_analyze_plan": null}, "(64, 96)": {"explain_plan": {"Plan": {"Node Type": "Aggregate", "Strategy": "Plain", "Startup Cost": 65897.13, "Total Cost": 65897.14, "Plan Rows": 1, "Plan Width": 145, "Plans": [{"Node Type": "Nested Loop", "Parent Relationship": "Outer", "Join Type": "Inner", "Startup Cost": 0.0, "Total Cost": 65897.12, "Plan Rows": 1, "Plan Width": 49, "Inner Unique": true, "Plans": [{"Node Type": "Nested Loop", "Parent Relationship": "Outer", "Join Type": "Inner", "Startup Cost": 0.0, "Total Cost": 65896.62, "Plan Rows": 1, "Plan Width": 40, "Inner Unique": true, "Plans": [{"Node Type": "Nested Loop", "Parent Relationship": "Outer", "Join Type": "Inner", "Startup Cost": 0.0, "Total Cost": 65895.97, "Plan Rows": 2, "Plan Width": 44, "Inner Unique": true, "Plans": [{"Node Type": "Nested Loop", "Parent Relationship": "Outer", "Join Type": "Inner", "Startup Cost": 0.0, "Total Cost": 65893.42, "Plan Rows": 5, "Plan Width": 32, "Inner Unique": false, "Plans": [{"Node Type": "Nested Loop", "Parent Relationship": "Outer", "Join Type": "Inner", "Startup Cost": 0.0, "Total Cost": 65887.81, "Plan Rows": 13, "Plan Width": 24, "Inner Unique": true, "Plans": [{"Node Type": "Nested Loop", "Parent Relationship": "Outer", "Join Type": "Inner", "Startup Cost": 0.0, "Total Cost": 65847.98, "Plan Rows": 141, "Plan Width": 28, "Inner Unique": false, "Join Filter": "(n.id = ci.person_id)", "Plans": [{"Node Type": "Nested Loop", "Parent Relationship": "Outer", "Join Type": "Inner", "Startup Cost": 0.0, "Total Cost": 65572.69, "Plan Rows": 115, "Plan Width": 24, "Inner Unique": false, "Plans": [{"Node Type": "Streaming(type: LOCAL GATHER dop: 1/64)", "Parent Relationship": "Outer", "Startup Cost": 0.0, "Total Cost": 64781.81, "Plan Rows": 96, "Plan Width": 4, "Plans": [{"Node Type": "Seq Scan", "Parent Relationship": "Outer", "Relation Name": "name", "Alias": "n", "Startup Cost": 0.0, "Total Cost": 64779.83, "Plan Rows": 96, "Plan Width": 4, "Filter": "(((name)::text ~~ '%Ang%'::text) AND ((gender)::text = 'f'::text))"}]}, {"Node Type": "Index Scan", "Parent Relationship": "Inner", "Scan Direction": "Forward", "Index Name": "person_id_aka_name", "Relation Name": "aka_name", "Alias": "an", "Startup Cost": 0.0, "Total Cost": 8.23, "Plan Rows": 1, "Plan Width": 20, "Index Cond": "(person_id = n.id)"}]}, {"Node Type": "Index Scan", "Parent Relationship": "Inner", "Scan Direction": "Forward", "Index Name": "person_id_cast_info", "Relation Name": "cast_info", "Alias": "ci", "Startup Cost": 0.0, "Total Cost": 2.38, "Plan Rows": 1, "Plan Width": 16, "Index Cond": "(person_id = an.person_id)", "Filter": "((note)::text = ANY ('{(voice),\"(voice: Japanese version)\",\"(voice) (uncredited)\",\"(voice: English version)\"}'::text[]))"}]}, {"Node Type": "Index Scan", "Parent Relationship": "Inner", "Scan Direction": "Forward", "Index Name": "role_type_pkey", "Relation Name": "role_type", "Alias": "rt", "Startup Cost": 0.0, "Total Cost": 0.27, "Plan Rows": 1, "Plan Width": 4, "Index Cond": "(id = ci.role_id)", "Filter": "((role)::text = 'actress'::text)"}]}, {"Node Type": "Index Scan", "Parent Relationship": "Inner", "Scan Direction": "Forward", "Index Name": "movie_id_movie_companies", "Relation Name": "movie_companies", "Alias": "mc", "Startup Cost": 0.0, "Total Cost": 0.42, "Plan Rows": 1, "Plan Width": 8, "Index Cond": "(movie_id = ci.movie_id)", "Filter": "((note IS NOT NULL) AND (((note)::text ~~ '%(USA)%'::text) OR ((note)::text ~~ '%(worldwide)%'::text)))"}]}, {"Node Type": "Index Scan", "Parent Relationship": "Inner", "Scan Direction": "Forward", "Index Name": "char_name_pkey", "Relation Name": "char_name", "Alias": "chn", "Startup Cost": 0.0, "Total Cost": 0.5, "Plan Rows": 1, "Plan Width": 20, "Index Cond": "(id = ci.person_role_id)"}]}, {"Node Type": "Index Scan", "Parent Relationship": "Inner", "Scan Direction": "Forward", "Index Name": "company_name_pkey", "Relation Name": "company_name", "Alias": "cn", "Startup Cost": 0.0, "Total Cost": 0.32, "Plan Rows": 1, "Plan Width": 4, "Index Cond": "(id = mc.company_id)", "Filter": "((country_code)::text = '[us]'::text)"}]}, {"Node Type": "Index Scan", "Parent Relationship": "Inner", "Scan Direction": "Forward", "Index Name": "title_pkey", "Relation Name": "title", "Alias": "t", "Startup Cost": 0.0, "Total Cost": 0.49, "Plan Rows": 1, "Plan Width": 21, "Index Cond": "(id = ci.movie_id)", "Filter": "((production_year >= 2005) AND (production_year <= 2015))"}]}]}, "Unique SQL Id": 3431223514, "Planner Runtime": 66}, "explain_analyze_plan": {"Plan": {"Node Type": "Aggregate", "Strategy": "Plain", "Startup Cost": 65897.13, "Total Cost": 65897.14, "Plan Rows": 1, "Plan Width": 145, "Actual Min Startup Time": 247.956, "Actual Max Startup Time": 247.956, "Actual Min Total Time": 247.957, "Actual Max Total Time": 247.957, "Plans": [{"Node Type": "Nested Loop", "Parent Relationship": "Outer", "Join Type": "Inner", "Startup Cost": 0.0, "Total Cost": 65897.12, "Plan Rows": 1, "Plan Width": 49, "Actual Min Startup Time": 158.201, "Actual Max Startup Time": 158.201, "Actual Min Total Time": 247.771, "Actual Max Total Time": 247.771, "Inner Unique": true, "Plans": [{"Node Type": "Nested Loop", "Parent Relationship": "Outer", "Join Type": "Inner", "Startup Cost": 0.0, "Total Cost": 65896.62, "Plan Rows": 1, "Plan Width": 40, "Actual Min Startup Time": 148.325, "Actual Max Startup Time": 148.325, "Actual Min Total Time": 245.64, "Actual Max Total Time": 245.64, "Inner Unique": true, "Plans": [{"Node Type": "Nested Loop", "Parent Relationship": "Outer", "Join Type": "Inner", "Startup Cost": 0.0, "Total Cost": 65895.97, "Plan Rows": 2, "Plan Width": 44, "Actual Min Startup Time": 148.293, "Actual Max Startup Time": 148.293, "Actual Min Total Time": 243.609, "Actual Max Total Time": 243.609, "Inner Unique": true, "Plans": [{"Node Type": "Nested Loop", "Parent Relationship": "Outer", "Join Type": "Inner", "Startup Cost": 0.0, "Total Cost": 65893.42, "Plan Rows": 5, "Plan Width": 32, "Actual Min Startup Time": 148.272, "Actual Max Startup Time": 148.272, "Actual Min Total Time": 241.843, "Actual Max Total Time": 241.843, "Inner Unique": false, "Plans": [{"Node Type": "Nested Loop", "Parent Relationship": "Outer", "Join Type": "Inner", "Startup Cost": 0.0, "Total Cost": 65887.81, "Plan Rows": 13, "Plan Width": 24, "Actual Min Startup Time": 117.747, "Actual Max Startup Time": 117.747, "Actual Min Total Time": 236.984, "Actual Max Total Time": 236.984, "Inner Unique": true, "Plans": [{"Node Type": "Nested Loop", "Parent Relationship": "Outer", "Join Type": "Inner", "Startup Cost": 0.0, "Total Cost": 65847.98, "Plan Rows": 141, "Plan Width": 28, "Actual Min Startup Time": 117.733, "Actual Max Startup Time": 117.733, "Actual Min Total Time": 235.718, "Actual Max Total Time": 235.718, "Inner Unique": false, "Join Filter": "(n.id = ci.person_id)", "Rows Removed by Join Filter": 0, "Plans": [{"Node Type": "Nested Loop", "Parent Relationship": "Outer", "Join Type": "Inner", "Startup Cost": 0.0, "Total Cost": 65572.69, "Plan Rows": 115, "Plan Width": 24, "Actual Min Startup Time": 117.21, "Actual Max Startup Time": 117.21, "Actual Min Total Time": 180.677, "Actual Max Total Time": 180.677, "Inner Unique": false, "Plans": [{"Node Type": "Streaming(type: LOCAL GATHER dop: 1/64)", "Parent Relationship": "Outer", "Startup Cost": 0.0, "Total Cost": 64781.81, "Plan Rows": 96, "Plan Width": 4, "Actual Min Startup Time": 117.144, "Actual Max Startup Time": 117.144, "Actual Min Total Time": 155.659, "Actual Max Total Time": 155.659, "Plans": [{"Node Type": "Seq Scan", "Parent Relationship": "Outer", "Relation Name": "name", "Alias": "n", "Startup Cost": 0.0, "Total Cost": 64779.83, "Plan Rows": 96, "Plan Width": 4, "Actual Min Startup Time": 9.543, "Actual Max Startup Time": 14.159, "Actual Min Total Time": 25.518, "Actual Max Total Time": 30.721, "Filter": "(((name)::text ~~ '%Ang%'::text) AND ((gender)::text = 'f'::text))", "Rows Removed by Filter": 4160722, "Actual Rows": 6768}], "Actual Rows": 6768}, {"Node Type": "Index Scan", "Parent Relationship": "Inner", "Scan Direction": "Forward", "Index Name": "person_id_aka_name", "Relation Name": "aka_name", "Alias": "an", "Startup Cost": 0.0, "Total Cost": 8.23, "Plan Rows": 1, "Plan Width": 20, "Actual Min Startup Time": 20.67, "Actual Max Startup Time": 20.67, "Actual Min Total Time": 21.568, "Actual Max Total Time": 21.568, "Index Cond": "(person_id = n.id)", "Rows Removed by Index Recheck": 0, "Actual Rows": 1558}], "Actual Rows": 1558}, {"Node Type": "Index Scan", "Parent Relationship": "Inner", "Scan Direction": "Forward", "Index Name": "person_id_cast_info", "Relation Name": "cast_info", "Alias": "ci", "Startup Cost": 0.0, "Total Cost": 2.38, "Plan Rows": 1, "Plan Width": 16, "Actual Min Startup Time": 48.98, "Actual Max Startup Time": 48.98, "Actual Min Total Time": 54.031, "Actual Max Total Time": 54.031, "Index Cond": "(person_id = an.person_id)", "Rows Removed by Index Recheck": 0, "Filter": "((note)::text = ANY ('{(voice),\"(voice: Japanese version)\",\"(voice) (uncredited)\",\"(voice: English version)\"}'::text[]))", "Rows Removed by Filter": 69057, "Actual Rows": 425}], "Actual Rows": 425}, {"Node Type": "Index Scan", "Parent Relationship": "Inner", "Scan Direction": "Forward", "Index Name": "role_type_pkey", "Relation Name": "role_type", "Alias": "rt", "Startup Cost": 0.0, "Total Cost": 0.27, "Plan Rows": 1, "Plan Width": 4, "Actual Min Startup Time": 0.839, "Actual Max Startup Time": 0.839, "Actual Min Total Time": 0.839, "Actual Max Total Time": 0.839, "Index Cond": "(id = ci.role_id)", "Rows Removed by Index Recheck": 0, "Filter": "((role)::text = 'actress'::text)", "Rows Removed by Filter": 0, "Actual Rows": 425}], "Actual Rows": 425}, {"Node Type": "Index Scan", "Parent Relationship": "Inner", "Scan Direction": "Forward", "Index Name": "movie_id_movie_companies", "Relation Name": "movie_companies", "Alias": "mc", "Startup Cost": 0.0, "Total Cost": 0.42, "Plan Rows": 1, "Plan Width": 8, "Actual Min Startup Time": 3.237, "Actual Max Startup Time": 3.237, "Actual Min Total Time": 4.499, "Actual Max Total Time": 4.499, "Index Cond": "(movie_id = ci.movie_id)", "Rows Removed by Index Recheck": 0, "Filter": "((note IS NOT NULL) AND (((note)::text ~~ '%(USA)%'::text) OR ((note)::text ~~ '%(worldwide)%'::text)))", "Rows Removed by Filter": 1538, "Actual Rows": 373}], "Actual Rows": 373}, {"Node Type": "Index Scan", "Parent Relationship": "Inner", "Scan Direction": "Forward", "Index Name": "char_name_pkey", "Relation Name": "char_name", "Alias": "chn", "Startup Cost": 0.0, "Total Cost": 0.5, "Plan Rows": 1, "Plan Width": 20, "Actual Min Startup Time": 1.4, "Actual Max Startup Time": 1.4, "Actual Min Total Time": 1.4, "Actual Max Total Time": 1.4, "Index Cond": "(id = ci.person_role_id)", "Rows Removed by Index Recheck": 0, "Actual Rows": 348}], "Actual Rows": 348}, {"Node Type": "Index Scan", "Parent Relationship": "Inner", "Scan Direction": "Forward", "Index Name": "company_name_pkey", "Relation Name": "company_name", "Alias": "cn", "Startup Cost": 0.0, "Total Cost": 0.32, "Plan Rows": 1, "Plan Width": 4, "Actual Min Startup Time": 1.687, "Actual Max Startup Time": 1.687, "Actual Min Total Time": 1.687, "Actual Max Total Time": 1.687, "Index Cond": "(id = mc.company_id)", "Rows Removed by Index Recheck": 0, "Filter": "((country_code)::text = '[us]'::text)", "Rows Removed by Filter": 7, "Actual Rows": 341}], "Actual Rows": 341}, {"Node Type": "Index Scan", "Parent Relationship": "Inner", "Scan Direction": "Forward", "Index Name": "title_pkey", "Relation Name": "title", "Alias": "t", "Startup Cost": 0.0, "Total Cost": 0.49, "Plan Rows": 1, "Plan Width": 21, "Actual Min Startup Time": 1.865, "Actual Max Startup Time": 1.865, "Actual Min Total Time": 1.865, "Actual Max Total Time": 1.865, "Index Cond": "(id = ci.movie_id)", "Rows Removed by Index Recheck": 0, "Filter": "((production_year >= 2005) AND (production_year <= 2015))", "Rows Removed by Filter": 220, "Actual Rows": 121}], "Actual Rows": 121}], "Actual Rows": 1}, "Triggers": [], "Planner Runtime": 66, "Total Runtime": 261.423, "Unique SQL Id": 3431223514}}, "(64, 97)": {"explain_plan": {"Plan": {"Node Type": "Aggregate", "Strategy": "Plain", "Startup Cost": 198184.97, "Total Cost": 198184.98, "Plan Rows": 1, "Plan Width": 145, "Plans": [{"Node Type": "Nested Loop", "Parent Relationship": "Outer", "Join Type": "Inner", "Startup Cost": 0.0, "Total Cost": 198184.96, "Plan Rows": 1, "Plan Width": 49, "Inner Unique": true, "Plans": [{"Node Type": "Nested Loop", "Parent Relationship": "Outer", "Join Type": "Inner", "Startup Cost": 0.0, "Total Cost": 198184.46, "Plan Rows": 1, "Plan Width": 40, "Inner Unique": true, "Plans": [{"Node Type": "Nested Loop", "Parent Relationship": "Outer", "Join Type": "Inner", "Startup Cost": 0.0, "Total Cost": 198183.44, "Plan Rows": 2, "Plan Width": 28, "Inner Unique": true, "Plans": [{"Node Type": "Nested Loop", "Parent Relationship": "Outer", "Join Type": "Inner", "Startup Cost": 0.0, "Total Cost": 198181.8, "Plan Rows": 5, "Plan Width": 32, "Inner Unique": false, "Plans": [{"Node Type": "Nested Loop", "Parent Relationship": "Outer", "Join Type": "Inner", "Startup Cost": 0.0, "Total Cost": 198176.2, "Plan Rows": 13, "Plan Width": 24, "Inner Unique": true, "Plans": [{"Node Type": "Nested Loop", "Parent Relationship": "Outer", "Join Type": "Inner", "Startup Cost": 0.0, "Total Cost": 198136.36, "Plan Rows": 141, "Plan Width": 28, "Inner Unique": false, "Join Filter": "(n.id = ci.person_id)", "Plans": [{"Node Type": "Nested Loop", "Parent Relationship": "Outer", "Join Type": "Inner", "Startup Cost": 0.0, "Total Cost": 197861.08, "Plan Rows": 115, "Plan Width": 24, "Inner Unique": false, "Plans": [{"Node Type": "Index Scan", "Parent Relationship": "Outer", "Scan Direction": "Forward", "Index Name": "name_pkey", "Relation Name": "name", "Alias": "n", "Startup Cost": 0.0, "Total Cost": 197070.2, "Plan Rows": 96, "Plan Width": 4, "Filter": "(((name)::text ~~ '%Ang%'::text) AND ((gender)::text = 'f'::text))"}, {"Node Type": "Index Scan", "Parent Relationship": "Inner", "Scan Direction": "Forward", "Index Name": "person_id_aka_name", "Relation Name": "aka_name", "Alias": "an", "Startup Cost": 0.0, "Total Cost": 8.23, "Plan Rows": 1, "Plan Width": 20, "Index Cond": "(person_id = n.id)"}]}, {"Node Type": "Index Scan", "Parent Relationship": "Inner", "Scan Direction": "Forward", "Index Name": "person_id_cast_info", "Relation Name": "cast_info", "Alias": "ci", "Startup Cost": 0.0, "Total Cost": 2.38, "Plan Rows": 1, "Plan Width": 16, "Index Cond": "(person_id = an.person_id)", "Filter": "((note)::text = ANY ('{(voice),\"(voice: Japanese version)\",\"(voice) (uncredited)\",\"(voice: English version)\"}'::text[]))"}]}, {"Node Type": "Index Scan", "Parent Relationship": "Inner", "Scan Direction": "Forward", "Index Name": "role_type_pkey", "Relation Name": "role_type", "Alias": "rt", "Startup Cost": 0.0, "Total Cost": 0.27, "Plan Rows": 1, "Plan Width": 4, "Index Cond": "(id = ci.role_id)", "Filter": "((role)::text = 'actress'::text)"}]}, {"Node Type": "Index Scan", "Parent Relationship": "Inner", "Scan Direction": "Forward", "Index Name": "movie_id_movie_companies", "Relation Name": "movie_companies", "Alias": "mc", "Startup Cost": 0.0, "Total Cost": 0.42, "Plan Rows": 1, "Plan Width": 8, "Index Cond": "(movie_id = ci.movie_id)", "Filter": "((note IS NOT NULL) AND (((note)::text ~~ '%(USA)%'::text) OR ((note)::text ~~ '%(worldwide)%'::text)))"}]}, {"Node Type": "Index Scan", "Parent Relationship": "Inner", "Scan Direction": "Forward", "Index Name": "company_name_pkey", "Relation Name": "company_name", "Alias": "cn", "Startup Cost": 0.0, "Total Cost": 0.32, "Plan Rows": 1, "Plan Width": 4, "Index Cond": "(id = mc.company_id)", "Filter": "((country_code)::text = '[us]'::text)"}]}, {"Node Type": "Index Scan", "Parent Relationship": "Inner", "Scan Direction": "Forward", "Index Name": "char_name_pkey", "Relation Name": "char_name", "Alias": "chn", "Startup Cost": 0.0, "Total Cost": 0.5, "Plan Rows": 1, "Plan Width": 20, "Index Cond": "(id = ci.person_role_id)"}]}, {"Node Type": "Index Scan", "Parent Relationship": "Inner", "Scan Direction": "Forward", "Index Name": "title_pkey", "Relation Name": "title", "Alias": "t", "Startup Cost": 0.0, "Total Cost": 0.49, "Plan Rows": 1, "Plan Width": 21, "Index Cond": "(id = ci.movie_id)", "Filter": "((production_year >= 2005) AND (production_year <= 2015))"}]}]}, "Unique SQL Id": 3431223514, "Planner Runtime": 47}, "explain_analyze_plan": null}, "(64, 98)": {"explain_plan": {"Plan": {"Node Type": "Aggregate", "Strategy": "Plain", "Startup Cost": 66283.12, "Total Cost": 66283.13, "Plan Rows": 1, "Plan Width": 145, "Plans": [{"Node Type": "Nested Loop", "Parent Relationship": "Outer", "Join Type": "Inner", "Startup Cost": 7.57, "Total Cost": 66283.11, "Plan Rows": 2, "Plan Width": 49, "Inner Unique": true, "Plans": [{"Node Type": "Nested Loop", "Parent Relationship": "Outer", "Join Type": "Inner", "Startup Cost": 7.27, "Total Cost": 66274.45, "Plan Rows": 2, "Plan Width": 40, "Inner Unique": true, "Plans": [{"Node Type": "Nested Loop", "Parent Relationship": "Outer", "Join Type": "Inner", "Startup Cost": 7.01, "Total Cost": 66265.87, "Plan Rows": 2, "Plan Width": 44, "Inner Unique": true, "Plans": [{"Node Type": "Nested Loop", "Parent Relationship": "Outer", "Join Type": "Inner", "Startup Cost": 6.69, "Total Cost": 66244.19, "Plan Rows": 5, "Plan Width": 32, "Inner Unique": false, "Plans": [{"Node Type": "Hash Join", "Parent Relationship": "Outer", "Join Type": "Inner", "Startup Cost": 6.38, "Total Cost": 66187.56, "Plan Rows": 13, "Plan Width": 24, "Inner Unique": true, "Hash Cond": "(ci.role_id = rt.id)", "Plans": [{"Node Type": "Nested Loop", "Parent Relationship": "Outer", "Join Type": "Inner", "Startup Cost": 5.22, "Total Cost": 66185.91, "Plan Rows": 141, "Plan Width": 28, "Inner Unique": false, "Join Filter": "(n.id = ci.person_id)", "Plans": [{"Node Type": "Nested Loop", "Parent Relationship": "Outer", "Join Type": "Inner", "Startup Cost": 4.22, "Total Cost": 65572.72, "Plan Rows": 115, "Plan Width": 24, "Inner Unique": false, "Plans": [{"Node Type": "Streaming(type: LOCAL GATHER dop: 1/64)", "Parent Relationship": "Outer", "Startup Cost": 0.0, "Total Cost": 64781.81, "Plan Rows": 96, "Plan Width": 4, "Plans": [{"Node Type": "Seq Scan", "Parent Relationship": "Outer", "Relation Name": "name", "Alias": "n", "Startup Cost": 0.0, "Total Cost": 64779.83, "Plan Rows": 96, "Plan Width": 4, "Filter": "(((name)::text ~~ '%Ang%'::text) AND ((gender)::text = 'f'::text))"}]}, {"Node Type": "Bitmap Heap Scan", "Parent Relationship": "Inner", "Relation Name": "aka_name", "Alias": "an", "Startup Cost": 4.22, "Total Cost": 8.23, "Plan Rows": 1, "Plan Width": 20, "Recheck Cond": "(person_id = n.id)", "Plans": [{"Node Type": "Bitmap Index Scan", "Parent Relationship": "Outer", "Index Name": "person_id_aka_name", "Startup Cost": 0.0, "Total Cost": 4.22, "Plan Rows": 1, "Plan Width": 0, "Index Cond": "(person_id = n.id)"}]}]}, {"Node Type": "Bitmap Heap Scan", "Parent Relationship": "Inner", "Relation Name": "cast_info", "Alias": "ci", "Startup Cost": 1.0, "Total Cost": 5.32, "Plan Rows": 1, "Plan Width": 16, "Recheck Cond": "(person_id = an.person_id)", "Filter": "((note)::text = ANY ('{(voice),\"(voice: Japanese version)\",\"(voice) (uncredited)\",\"(voice: English version)\"}'::text[]))", "Plans": [{"Node Type": "Bitmap Index Scan", "Parent Relationship": "Outer", "Index Name": "person_id_cast_info", "Startup Cost": 0.0, "Total Cost": 1.0, "Plan Rows": 18, "Plan Width": 0, "Index Cond": "(person_id = an.person_id)"}]}]}, {"Node Type": "Hash", "Parent Relationship": "Inner", "Startup Cost": 1.15, "Total Cost": 1.15, "Plan Rows": 1, "Plan Width": 4, "Plans": [{"Node Type": "Seq Scan", "Parent Relationship": "Outer", "Relation Name": "role_type", "Alias": "rt", "Startup Cost": 0.0, "Total Cost": 1.15, "Plan Rows": 1, "Plan Width": 4, "Filter": "((role)::text = 'actress'::text)"}]}]}, {"Node Type": "Bitmap Heap Scan", "Parent Relationship": "Inner", "Relation Name": "movie_companies", "Alias": "mc", "Startup Cost": 0.31, "Total Cost": 4.35, "Plan Rows": 1, "Plan Width": 8, "Recheck Cond": "(movie_id = ci.movie_id)", "Filter": "((note IS NOT NULL) AND (((note)::text ~~ '%(USA)%'::text) OR ((note)::text ~~ '%(worldwide)%'::text)))", "Plans": [{"Node Type": "Bitmap Index Scan", "Parent Relationship": "Outer", "Index Name": "movie_id_movie_companies", "Startup Cost": 0.0, "Total Cost": 0.31, "Plan Rows": 2, "Plan Width": 0, "Index Cond": "(movie_id = ci.movie_id)"}]}]}, {"Node Type": "Bitmap Heap Scan", "Parent Relationship": "Inner", "Relation Name": "char_name", "Alias": "chn", "Startup Cost": 0.31, "Total Cost": 4.33, "Plan Rows": 1, "Plan Width": 20, "Recheck Cond": "(id = ci.person_role_id)", "Plans": [{"Node Type": "Bitmap Index Scan", "Parent Relationship": "Outer", "Index Name": "char_name_pkey", "Startup Cost": 0.0, "Total Cost": 0.31, "Plan Rows": 1, "Plan Width": 0, "Index Cond": "(id = ci.person_role_id)"}]}]}, {"Node Type": "Bitmap Heap Scan", "Parent Relationship": "Inner", "Relation Name": "company_name", "Alias": "cn", "Startup Cost": 0.26, "Total Cost": 4.28, "Plan Rows": 1, "Plan Width": 4, "Recheck Cond": "(id = mc.company_id)", "Filter": "((country_code)::text = '[us]'::text)", "Plans": [{"Node Type": "Bitmap Index Scan", "Parent Relationship": "Outer", "Index Name": "company_name_pkey", "Startup Cost": 0.0, "Total Cost": 0.26, "Plan Rows": 1, "Plan Width": 0, "Index Cond": "(id = mc.company_id)"}]}]}, {"Node Type": "Bitmap Heap Scan", "Parent Relationship": "Inner", "Relation Name": "title", "Alias": "t", "Startup Cost": 0.3, "Total Cost": 4.32, "Plan Rows": 1, "Plan Width": 21, "Recheck Cond": "(id = ci.movie_id)", "Filter": "((production_year >= 2005) AND (production_year <= 2015))", "Plans": [{"Node Type": "Bitmap Index Scan", "Parent Relationship": "Outer", "Index Name": "title_pkey", "Startup Cost": 0.0, "Total Cost": 0.3, "Plan Rows": 1, "Plan Width": 0, "Index Cond": "(id = ci.movie_id)"}]}]}]}, "Unique SQL Id": 3431223514, "Planner Runtime": 107}, "explain_analyze_plan": {"Plan": {"Node Type": "Aggregate", "Strategy": "Plain", "Startup Cost": 66283.12, "Total Cost": 66283.13, "Plan Rows": 1, "Plan Width": 145, "Actual Min Startup Time": 241.803, "Actual Max Startup Time": 241.803, "Actual Min Total Time": 241.803, "Actual Max Total Time": 241.803, "Plans": [{"Node Type": "Nested Loop", "Parent Relationship": "Outer", "Join Type": "Inner", "Startup Cost": 7.57, "Total Cost": 66283.11, "Plan Rows": 2, "Plan Width": 49, "Actual Min Startup Time": 154.874, "Actual Max Startup Time": 154.874, "Actual Min Total Time": 241.573, "Actual Max Total Time": 241.573, "Inner Unique": true, "Plans": [{"Node Type": "Nested Loop", "Parent Relationship": "Outer", "Join Type": "Inner", "Startup Cost": 7.27, "Total Cost": 66274.45, "Plan Rows": 2, "Plan Width": 40, "Actual Min Startup Time": 59.119, "Actual Max Startup Time": 59.119, "Actual Min Total Time": 238.806, "Actual Max Total Time": 238.806, "Inner Unique": true, "Plans": [{"Node Type": "Nested Loop", "Parent Relationship": "Outer", "Join Type": "Inner", "Startup Cost": 7.01, "Total Cost": 66265.87, "Plan Rows": 2, "Plan Width": 44, "Actual Min Startup Time": 59.093, "Actual Max Startup Time": 59.093, "Actual Min Total Time": 236.097, "Actual Max Total Time": 236.097, "Inner Unique": true, "Plans": [{"Node Type": "Nested Loop", "Parent Relationship": "Outer", "Join Type": "Inner", "Startup Cost": 6.69, "Total Cost": 66244.19, "Plan Rows": 5, "Plan Width": 32, "Actual Min Startup Time": 59.073, "Actual Max Startup Time": 59.073, "Actual Min Total Time": 233.665, "Actual Max Total Time": 233.665, "Inner Unique": false, "Plans": [{"Node Type": "Hash Join", "Parent Relationship": "Outer", "Join Type": "Inner", "Startup Cost": 6.38, "Total Cost": 66187.56, "Plan Rows": 13, "Plan Width": 24, "Actual Min Startup Time": 58.489, "Actual Max Startup Time": 58.489, "Actual Min Total Time": 227.282, "Actual Max Total Time": 227.282, "Inner Unique": true, "Hash Cond": "(ci.role_id = rt.id)", "Plans": [{"Node Type": "Nested Loop", "Parent Relationship": "Outer", "Join Type": "Inner", "Startup Cost": 5.22, "Total Cost": 66185.91, "Plan Rows": 141, "Plan Width": 28, "Actual Min Startup Time": 58.362, "Actual Max Startup Time": 58.362, "Actual Min Total Time": 226.878, "Actual Max Total Time": 226.878, "Inner Unique": false, "Join Filter": "(n.id = ci.person_id)", "Rows Removed by Join Filter": 0, "Plans": [{"Node Type": "Nested Loop", "Parent Relationship": "Outer", "Join Type": "Inner", "Startup Cost": 4.22, "Total Cost": 65572.72, "Plan Rows": 115, "Plan Width": 24, "Actual Min Startup Time": 58.169, "Actual Max Startup Time": 58.169, "Actual Min Total Time": 171.925, "Actual Max Total Time": 171.925, "Inner Unique": false, "Plans": [{"Node Type": "Streaming(type: LOCAL GATHER dop: 1/64)", "Parent Relationship": "Outer", "Startup Cost": 0.0, "Total Cost": 64781.81, "Plan Rows": 96, "Plan Width": 4, "Actual Min Startup Time": 58.058, "Actual Max Startup Time": 58.058, "Actual Min Total Time": 138.216, "Actual Max Total Time": 138.216, "Plans": [{"Node Type": "Seq Scan", "Parent Relationship": "Outer", "Relation Name": "name", "Alias": "n", "Startup Cost": 0.0, "Total Cost": 64779.83, "Plan Rows": 96, "Plan Width": 4, "Actual Min Startup Time": 9.448, "Actual Max Startup Time": 14.127, "Actual Min Total Time": 25.4, "Actual Max Total Time": 30.778, "Filter": "(((name)::text ~~ '%Ang%'::text) AND ((gender)::text = 'f'::text))", "Rows Removed by Filter": 4160722, "Actual Rows": 6768}], "Actual Rows": 6768}, {"Node Type": "Bitmap Heap Scan", "Parent Relationship": "Inner", "Relation Name": "aka_name", "Alias": "an", "Startup Cost": 4.22, "Total Cost": 8.23, "Plan Rows": 1, "Plan Width": 20, "Actual Min Startup Time": 25.536, "Actual Max Startup Time": 25.536, "Actual Min Total Time": 26.138, "Actual Max Total Time": 26.138, "Recheck Cond": "(person_id = n.id)", "Rows Removed by Index Recheck": 0, "Exact Heap Blocks": 1014, "Lossy Heap Blocks": 1014, "Plans": [{"Node Type": "Bitmap Index Scan", "Parent Relationship": "Outer", "Index Name": "person_id_aka_name", "Startup Cost": 0.0, "Total Cost": 4.22, "Plan Rows": 1, "Plan Width": 0, "Actual Min Startup Time": 19.602, "Actual Max Startup Time": 19.602, "Actual Min Total Time": 19.602, "Actual Max Total Time": 19.602, "Index Cond": "(person_id = n.id)", "Actual Rows": 1558}], "Actual Rows": 1558}], "Actual Rows": 1558}, {"Node Type": "Bitmap Heap Scan", "Parent Relationship": "Inner", "Relation Name": "cast_info", "Alias": "ci", "Startup Cost": 1.0, "Total Cost": 5.32, "Plan Rows": 1, "Plan Width": 16, "Actual Min Startup Time": 49.425, "Actual Max Startup Time": 49.425, "Actual Min Total Time": 52.815, "Actual Max Total Time": 52.815, "Recheck Cond": "(person_id = an.person_id)", "Rows Removed by Index Recheck": 0, "Filter": "((note)::text = ANY ('{(voice),\"(voice: Japanese version)\",\"(voice) (uncredited)\",\"(voice: English version)\"}'::text[]))", "Rows Removed by Filter": 69057, "Exact Heap Blocks": 2627, "Lossy Heap Blocks": 2627, "Plans": [{"Node Type": "Bitmap Index Scan", "Parent Relationship": "Outer", "Index Name": "person_id_cast_info", "Startup Cost": 0.0, "Total Cost": 1.0, "Plan Rows": 18, "Plan Width": 0, "Actual Min Startup Time": 16.224, "Actual Max Startup Time": 16.224, "Actual Min Total Time": 16.224, "Actual Max Total Time": 16.224, "Index Cond": "(person_id = an.person_id)", "Actual Rows": 69482}], "Actual Rows": 425}], "Actual Rows": 425}, {"Node Type": "Hash", "Parent Relationship": "Inner", "Startup Cost": 1.15, "Total Cost": 1.15, "Plan Rows": 1, "Plan Width": 4, "Actual Min Startup Time": 0.062, "Actual Max Startup Time": 0.062, "Actual Min Total Time": 0.062, "Actual Max Total Time": 0.062, "Max Hash Buckets": 32768, "Min Hash Buckets": 32768, "Max Hash Batches": 1, "Min Hash Batches": 1, "Max Original Hash Batches": 1, "Min Original Hash Batches": 1, "Max Peak Memory Usage": 1, "min Peak Memory Usage": 1, "Plans": [{"Node Type": "Seq Scan", "Parent Relationship": "Outer", "Relation Name": "role_type", "Alias": "rt", "Startup Cost": 0.0, "Total Cost": 1.15, "Plan Rows": 1, "Plan Width": 4, "Actual Min Startup Time": 0.048, "Actual Max Startup Time": 0.048, "Actual Min Total Time": 0.052, "Actual Max Total Time": 0.052, "Filter": "((role)::text = 'actress'::text)", "Rows Removed by Filter": 11, "Actual Rows": 1}], "Actual Rows": 1}], "Actual Rows": 425}, {"Node Type": "Bitmap Heap Scan", "Parent Relationship": "Inner", "Relation Name": "movie_companies", "Alias": "mc", "Startup Cost": 0.31, "Total Cost": 4.35, "Plan Rows": 1, "Plan Width": 8, "Actual Min Startup Time": 4.61, "Actual Max Startup Time": 4.61, "Actual Min Total Time": 5.64, "Actual Max Total Time": 5.64, "Recheck Cond": "(movie_id = ci.movie_id)", "Rows Removed by Index Recheck": 0, "Filter": "((note IS NOT NULL) AND (((note)::text ~~ '%(USA)%'::text) OR ((note)::text ~~ '%(worldwide)%'::text)))", "Rows Removed by Filter": 1538, "Exact Heap Blocks": 580, "Lossy Heap Blocks": 580, "Plans": [{"Node Type": "Bitmap Index Scan", "Parent Relationship": "Outer", "Index Name": "movie_id_movie_companies", "Startup Cost": 0.0, "Total Cost": 0.31, "Plan Rows": 2, "Plan Width": 0, "Actual Min Startup Time": 2.448, "Actual Max Startup Time": 2.448, "Actual Min Total Time": 2.448, "Actual Max Total Time": 2.448, "Index Cond": "(movie_id = ci.movie_id)", "Actual Rows": 1911}], "Actual Rows": 373}], "Actual Rows": 373}, {"Node Type": "Bitmap Heap Scan", "Parent Relationship": "Inner", "Relation Name": "char_name", "Alias": "chn", "Startup Cost": 0.31, "Total Cost": 4.33, "Plan Rows": 1, "Plan Width": 20, "Actual Min Startup Time": 1.821, "Actual Max Startup Time": 1.821, "Actual Min Total Time": 1.821, "Actual Max Total Time": 1.821, "Recheck Cond": "(id = ci.person_role_id)", "Rows Removed by Index Recheck": 0, "Exact Heap Blocks": 348, "Lossy Heap Blocks": 348, "Plans": [{"Node Type": "Bitmap Index Scan", "Parent Relationship": "Outer", "Index Name": "char_name_pkey", "Startup Cost": 0.0, "Total Cost": 0.31, "Plan Rows": 1, "Plan Width": 0, "Actual Min Startup Time": 1.169, "Actual Max Startup Time": 1.169, "Actual Min Total Time": 1.169, "Actual Max Total Time": 1.169, "Index Cond": "(id = ci.person_role_id)", "Actual Rows": 348}], "Actual Rows": 348}], "Actual Rows": 348}, {"Node Type": "Bitmap Heap Scan", "Parent Relationship": "Inner", "Relation Name": "company_name", "Alias": "cn", "Startup Cost": 0.26, "Total Cost": 4.28, "Plan Rows": 1, "Plan Width": 4, "Actual Min Startup Time": 2.199, "Actual Max Startup Time": 2.199, "Actual Min Total Time": 2.199, "Actual Max Total Time": 2.199, "Recheck Cond": "(id = mc.company_id)", "Rows Removed by Index Recheck": 0, "Filter": "((country_code)::text = '[us]'::text)", "Rows Removed by Filter": 7, "Exact Heap Blocks": 348, "Lossy Heap Blocks": 348, "Plans": [{"Node Type": "Bitmap Index Scan", "Parent Relationship": "Outer", "Index Name": "company_name_pkey", "Startup Cost": 0.0, "Total Cost": 0.26, "Plan Rows": 1, "Plan Width": 0, "Actual Min Startup Time": 1.207, "Actual Max Startup Time": 1.207, "Actual Min Total Time": 1.207, "Actual Max Total Time": 1.207, "Index Cond": "(id = mc.company_id)", "Actual Rows": 348}], "Actual Rows": 341}], "Actual Rows": 341}, {"Node Type": "Bitmap Heap Scan", "Parent Relationship": "Inner", "Relation Name": "title", "Alias": "t", "Startup Cost": 0.3, "Total Cost": 4.32, "Plan Rows": 1, "Plan Width": 21, "Actual Min Startup Time": 2.286, "Actual Max Startup Time": 2.286, "Actual Min Total Time": 2.286, "Actual Max Total Time": 2.286, "Recheck Cond": "(id = ci.movie_id)", "Rows Removed by Index Recheck": 0, "Filter": "((production_year >= 2005) AND (production_year <= 2015))", "Rows Removed by Filter": 220, "Exact Heap Blocks": 341, "Lossy Heap Blocks": 341, "Plans": [{"Node Type": "Bitmap Index Scan", "Parent Relationship": "Outer", "Index Name": "title_pkey", "Startup Cost": 0.0, "Total Cost": 0.3, "Plan Rows": 1, "Plan Width": 0, "Actual Min Startup Time": 1.39, "Actual Max Startup Time": 1.39, "Actual Min Total Time": 1.39, "Actual Max Total Time": 1.39, "Index Cond": "(id = ci.movie_id)", "Actual Rows": 341}], "Actual Rows": 121}], "Actual Rows": 121}], "Actual Rows": 1}, "Triggers": [], "Planner Runtime": 106, "Total Runtime": 254.326, "Unique SQL Id": 3431223514}}, "(64, 99)": {"explain_plan": {"Plan": {"Node Type": "Aggregate", "Strategy": "Plain", "Startup Cost": 199166.12, "Total Cost": 199166.13, "Plan Rows": 1, "Plan Width": 145, "Plans": [{"Node Type": "Nested Loop", "Parent Relationship": "Outer", "Join Type": "Inner", "Startup Cost": 83164.39, "Total Cost": 199166.11, "Plan Rows": 1, "Plan Width": 49, "Inner Unique": true, "Plans": [{"Node Type": "Nested Loop", "Parent Relationship": "Outer", "Join Type": "Inner", "Startup Cost": 83164.09, "Total Cost": 199161.78, "Plan Rows": 1, "Plan Width": 40, "Inner Unique": true, "Plans": [{"Node Type": "Nested Loop", "Parent Relationship": "Outer", "Join Type": "Inner", "Startup Cost": 83163.78, "Total Cost": 199153.11, "Plan Rows": 2, "Plan Width": 28, "Inner Unique": true, "Plans": [{"Node Type": "Nested Loop", "Parent Relationship": "Outer", "Join Type": "Inner", "Startup Cost": 83163.51, "Total Cost": 199131.67, "Plan Rows": 5, "Plan Width": 32, "Inner Unique": false, "Plans": [{"Node Type": "Nested Loop", "Parent Relationship": "Outer", "Join Type": "Inner", "Startup Cost": 83163.2, "Total Cost": 199075.04, "Plan Rows": 13, "Plan Width": 24, "Inner Unique": true, "Plans": [{"Node Type": "Nested Loop", "Parent Relationship": "Outer", "Join Type": "Inner", "Startup Cost": 83162.94, "Total Cost": 198471.17, "Plan Rows": 141, "Plan Width": 28, "Inner Unique": false, "Join Filter": "(n.id = ci.person_id)", "Plans": [{"Node Type": "Nested Loop", "Parent Relationship": "Outer", "Join Type": "Inner", "Startup Cost": 83161.94, "Total Cost": 197857.98, "Plan Rows": 115, "Plan Width": 24, "Inner Unique": false, "Plans": [{"Node Type": "Bitmap Heap Scan", "Parent Relationship": "Outer", "Relation Name": "name", "Alias": "n", "Startup Cost": 83157.72, "Total Cost": 197067.07, "Plan Rows": 96, "Plan Width": 4, "Filter": "(((name)::text ~~ '%Ang%'::text) AND ((gender)::text = 'f'::text))", "Plans": [{"Node Type": "Bitmap Index Scan", "Parent Relationship": "Outer", "Index Name": "name_pkey", "Startup Cost": 0.0, "Total Cost": 83157.7, "Plan Rows": 4167490, "Plan Width": 0}]}, {"Node Type": "Bitmap Heap Scan", "Parent Relationship": "Inner", "Relation Name": "aka_name", "Alias": "an", "Startup Cost": 4.22, "Total Cost": 8.23, "Plan Rows": 1, "Plan Width": 20, "Recheck Cond": "(person_id = n.id)", "Plans": [{"Node Type": "Bitmap Index Scan", "Parent Relationship": "Outer", "Index Name": "person_id_aka_name", "Startup Cost": 0.0, "Total Cost": 4.22, "Plan Rows": 1, "Plan Width": 0, "Index Cond": "(person_id = n.id)"}]}]}, {"Node Type": "Bitmap Heap Scan", "Parent Relationship": "Inner", "Relation Name": "cast_info", "Alias": "ci", "Startup Cost": 1.0, "Total Cost": 5.32, "Plan Rows": 1, "Plan Width": 16, "Recheck Cond": "(person_id = an.person_id)", "Filter": "((note)::text = ANY ('{(voice),\"(voice: Japanese version)\",\"(voice) (uncredited)\",\"(voice: English version)\"}'::text[]))", "Plans": [{"Node Type": "Bitmap Index Scan", "Parent Relationship": "Outer", "Index Name": "person_id_cast_info", "Startup Cost": 0.0, "Total Cost": 1.0, "Plan Rows": 18, "Plan Width": 0, "Index Cond": "(person_id = an.person_id)"}]}]}, {"Node Type": "Bitmap Heap Scan", "Parent Relationship": "Inner", "Relation Name": "role_type", "Alias": "rt", "Startup Cost": 0.26, "Total Cost": 4.27, "Plan Rows": 1, "Plan Width": 4, "Recheck Cond": "(id = ci.role_id)", "Filter": "((role)::text = 'actress'::text)", "Plans": [{"Node Type": "Bitmap Index Scan", "Parent Relationship": "Outer", "Index Name": "role_type_pkey", "Startup Cost": 0.0, "Total Cost": 0.26, "Plan Rows": 1, "Plan Width": 0, "Index Cond": "(id = ci.role_id)"}]}]}, {"Node Type": "Bitmap Heap Scan", "Parent Relationship": "Inner", "Relation Name": "movie_companies", "Alias": "mc", "Startup Cost": 0.31, "Total Cost": 4.35, "Plan Rows": 1, "Plan Width": 8, "Recheck Cond": "(movie_id = ci.movie_id)", "Filter": "((note IS NOT NULL) AND (((note)::text ~~ '%(USA)%'::text) OR ((note)::text ~~ '%(worldwide)%'::text)))", "Plans": [{"Node Type": "Bitmap Index Scan", "Parent Relationship": "Outer", "Index Name": "movie_id_movie_companies", "Startup Cost": 0.0, "Total Cost": 0.31, "Plan Rows": 2, "Plan Width": 0, "Index Cond": "(movie_id = ci.movie_id)"}]}]}, {"Node Type": "Bitmap Heap Scan", "Parent Relationship": "Inner", "Relation Name": "company_name", "Alias": "cn", "Startup Cost": 0.26, "Total Cost": 4.28, "Plan Rows": 1, "Plan Width": 4, "Recheck Cond": "(id = mc.company_id)", "Filter": "((country_code)::text = '[us]'::text)", "Plans": [{"Node Type": "Bitmap Index Scan", "Parent Relationship": "Outer", "Index Name": "company_name_pkey", "Startup Cost": 0.0, "Total Cost": 0.26, "Plan Rows": 1, "Plan Width": 0, "Index Cond": "(id = mc.company_id)"}]}]}, {"Node Type": "Bitmap Heap Scan", "Parent Relationship": "Inner", "Relation Name": "char_name", "Alias": "chn", "Startup Cost": 0.31, "Total Cost": 4.33, "Plan Rows": 1, "Plan Width": 20, "Recheck Cond": "(id = ci.person_role_id)", "Plans": [{"Node Type": "Bitmap Index Scan", "Parent Relationship": "Outer", "Index Name": "char_name_pkey", "Startup Cost": 0.0, "Total Cost": 0.31, "Plan Rows": 1, "Plan Width": 0, "Index Cond": "(id = ci.person_role_id)"}]}]}, {"Node Type": "Bitmap Heap Scan", "Parent Relationship": "Inner", "Relation Name": "title", "Alias": "t", "Startup Cost": 0.3, "Total Cost": 4.32, "Plan Rows": 1, "Plan Width": 21, "Recheck Cond": "(id = ci.movie_id)", "Filter": "((production_year >= 2005) AND (production_year <= 2015))", "Plans": [{"Node Type": "Bitmap Index Scan", "Parent Relationship": "Outer", "Index Name": "title_pkey", "Startup Cost": 0.0, "Total Cost": 0.3, "Plan Rows": 1, "Plan Width": 0, "Index Cond": "(id = ci.movie_id)"}]}]}]}, "Unique SQL Id": 3431223514, "Planner Runtime": 50}, "explain_analyze_plan": null}, "(64, 100)": {"explain_plan": {"Plan": {"Node Type": "Aggregate", "Strategy": "Plain", "Startup Cost": 65897.13, "Total Cost": 65897.14, "Plan Rows": 1, "Plan Width": 145, "Plans": [{"Node Type": "Nested Loop", "Parent Relationship": "Outer", "Join Type": "Inner", "Startup Cost": 0.0, "Total Cost": 65897.12, "Plan Rows": 1, "Plan Width": 49, "Inner Unique": true, "Plans": [{"Node Type": "Nested Loop", "Parent Relationship": "Outer", "Join Type": "Inner", "Startup Cost": 0.0, "Total Cost": 65896.62, "Plan Rows": 1, "Plan Width": 40, "Inner Unique": true, "Plans": [{"Node Type": "Nested Loop", "Parent Relationship": "Outer", "Join Type": "Inner", "Startup Cost": 0.0, "Total Cost": 65895.97, "Plan Rows": 2, "Plan Width": 44, "Inner Unique": true, "Plans": [{"Node Type": "Nested Loop", "Parent Relationship": "Outer", "Join Type": "Inner", "Startup Cost": 0.0, "Total Cost": 65893.42, "Plan Rows": 5, "Plan Width": 32, "Inner Unique": false, "Plans": [{"Node Type": "Nested Loop", "Parent Relationship": "Outer", "Join Type": "Inner", "Startup Cost": 0.0, "Total Cost": 65887.81, "Plan Rows": 13, "Plan Width": 24, "Inner Unique": true, "Plans": [{"Node Type": "Nested Loop", "Parent Relationship": "Outer", "Join Type": "Inner", "Startup Cost": 0.0, "Total Cost": 65847.98, "Plan Rows": 141, "Plan Width": 28, "Inner Unique": false, "Join Filter": "(n.id = ci.person_id)", "Plans": [{"Node Type": "Nested Loop", "Parent Relationship": "Outer", "Join Type": "Inner", "Startup Cost": 0.0, "Total Cost": 65572.69, "Plan Rows": 115, "Plan Width": 24, "Inner Unique": false, "Plans": [{"Node Type": "Streaming(type: LOCAL GATHER dop: 1/64)", "Parent Relationship": "Outer", "Startup Cost": 0.0, "Total Cost": 64781.81, "Plan Rows": 96, "Plan Width": 4, "Plans": [{"Node Type": "Seq Scan", "Parent Relationship": "Outer", "Relation Name": "name", "Alias": "n", "Startup Cost": 0.0, "Total Cost": 64779.83, "Plan Rows": 96, "Plan Width": 4, "Filter": "(((name)::text ~~ '%Ang%'::text) AND ((gender)::text = 'f'::text))"}]}, {"Node Type": "Index Scan", "Parent Relationship": "Inner", "Scan Direction": "Forward", "Index Name": "person_id_aka_name", "Relation Name": "aka_name", "Alias": "an", "Startup Cost": 0.0, "Total Cost": 8.23, "Plan Rows": 1, "Plan Width": 20, "Index Cond": "(person_id = n.id)"}]}, {"Node Type": "Index Scan", "Parent Relationship": "Inner", "Scan Direction": "Forward", "Index Name": "person_id_cast_info", "Relation Name": "cast_info", "Alias": "ci", "Startup Cost": 0.0, "Total Cost": 2.38, "Plan Rows": 1, "Plan Width": 16, "Index Cond": "(person_id = an.person_id)", "Filter": "((note)::text = ANY ('{(voice),\"(voice: Japanese version)\",\"(voice) (uncredited)\",\"(voice: English version)\"}'::text[]))"}]}, {"Node Type": "Index Scan", "Parent Relationship": "Inner", "Scan Direction": "Forward", "Index Name": "role_type_pkey", "Relation Name": "role_type", "Alias": "rt", "Startup Cost": 0.0, "Total Cost": 0.27, "Plan Rows": 1, "Plan Width": 4, "Index Cond": "(id = ci.role_id)", "Filter": "((role)::text = 'actress'::text)"}]}, {"Node Type": "Index Scan", "Parent Relationship": "Inner", "Scan Direction": "Forward", "Index Name": "movie_id_movie_companies", "Relation Name": "movie_companies", "Alias": "mc", "Startup Cost": 0.0, "Total Cost": 0.42, "Plan Rows": 1, "Plan Width": 8, "Index Cond": "(movie_id = ci.movie_id)", "Filter": "((note IS NOT NULL) AND (((note)::text ~~ '%(USA)%'::text) OR ((note)::text ~~ '%(worldwide)%'::text)))"}]}, {"Node Type": "Index Scan", "Parent Relationship": "Inner", "Scan Direction": "Forward", "Index Name": "char_name_pkey", "Relation Name": "char_name", "Alias": "chn", "Startup Cost": 0.0, "Total Cost": 0.5, "Plan Rows": 1, "Plan Width": 20, "Index Cond": "(id = ci.person_role_id)"}]}, {"Node Type": "Index Scan", "Parent Relationship": "Inner", "Scan Direction": "Forward", "Index Name": "company_name_pkey", "Relation Name": "company_name", "Alias": "cn", "Startup Cost": 0.0, "Total Cost": 0.32, "Plan Rows": 1, "Plan Width": 4, "Index Cond": "(id = mc.company_id)", "Filter": "((country_code)::text = '[us]'::text)"}]}, {"Node Type": "Index Scan", "Parent Relationship": "Inner", "Scan Direction": "Forward", "Index Name": "title_pkey", "Relation Name": "title", "Alias": "t", "Startup Cost": 0.0, "Total Cost": 0.49, "Plan Rows": 1, "Plan Width": 21, "Index Cond": "(id = ci.movie_id)", "Filter": "((production_year >= 2005) AND (production_year <= 2015))"}]}]}, "Unique SQL Id": 3431223514, "Planner Runtime": 66}, "explain_analyze_plan": {"Plan": {"Node Type": "Aggregate", "Strategy": "Plain", "Startup Cost": 65897.13, "Total Cost": 65897.14, "Plan Rows": 1, "Plan Width": 145, "Actual Min Startup Time": 247.956, "Actual Max Startup Time": 247.956, "Actual Min Total Time": 247.957, "Actual Max Total Time": 247.957, "Plans": [{"Node Type": "Nested Loop", "Parent Relationship": "Outer", "Join Type": "Inner", "Startup Cost": 0.0, "Total Cost": 65897.12, "Plan Rows": 1, "Plan Width": 49, "Actual Min Startup Time": 158.201, "Actual Max Startup Time": 158.201, "Actual Min Total Time": 247.771, "Actual Max Total Time": 247.771, "Inner Unique": true, "Plans": [{"Node Type": "Nested Loop", "Parent Relationship": "Outer", "Join Type": "Inner", "Startup Cost": 0.0, "Total Cost": 65896.62, "Plan Rows": 1, "Plan Width": 40, "Actual Min Startup Time": 148.325, "Actual Max Startup Time": 148.325, "Actual Min Total Time": 245.64, "Actual Max Total Time": 245.64, "Inner Unique": true, "Plans": [{"Node Type": "Nested Loop", "Parent Relationship": "Outer", "Join Type": "Inner", "Startup Cost": 0.0, "Total Cost": 65895.97, "Plan Rows": 2, "Plan Width": 44, "Actual Min Startup Time": 148.293, "Actual Max Startup Time": 148.293, "Actual Min Total Time": 243.609, "Actual Max Total Time": 243.609, "Inner Unique": true, "Plans": [{"Node Type": "Nested Loop", "Parent Relationship": "Outer", "Join Type": "Inner", "Startup Cost": 0.0, "Total Cost": 65893.42, "Plan Rows": 5, "Plan Width": 32, "Actual Min Startup Time": 148.272, "Actual Max Startup Time": 148.272, "Actual Min Total Time": 241.843, "Actual Max Total Time": 241.843, "Inner Unique": false, "Plans": [{"Node Type": "Nested Loop", "Parent Relationship": "Outer", "Join Type": "Inner", "Startup Cost": 0.0, "Total Cost": 65887.81, "Plan Rows": 13, "Plan Width": 24, "Actual Min Startup Time": 117.747, "Actual Max Startup Time": 117.747, "Actual Min Total Time": 236.984, "Actual Max Total Time": 236.984, "Inner Unique": true, "Plans": [{"Node Type": "Nested Loop", "Parent Relationship": "Outer", "Join Type": "Inner", "Startup Cost": 0.0, "Total Cost": 65847.98, "Plan Rows": 141, "Plan Width": 28, "Actual Min Startup Time": 117.733, "Actual Max Startup Time": 117.733, "Actual Min Total Time": 235.718, "Actual Max Total Time": 235.718, "Inner Unique": false, "Join Filter": "(n.id = ci.person_id)", "Rows Removed by Join Filter": 0, "Plans": [{"Node Type": "Nested Loop", "Parent Relationship": "Outer", "Join Type": "Inner", "Startup Cost": 0.0, "Total Cost": 65572.69, "Plan Rows": 115, "Plan Width": 24, "Actual Min Startup Time": 117.21, "Actual Max Startup Time": 117.21, "Actual Min Total Time": 180.677, "Actual Max Total Time": 180.677, "Inner Unique": false, "Plans": [{"Node Type": "Streaming(type: LOCAL GATHER dop: 1/64)", "Parent Relationship": "Outer", "Startup Cost": 0.0, "Total Cost": 64781.81, "Plan Rows": 96, "Plan Width": 4, "Actual Min Startup Time": 117.144, "Actual Max Startup Time": 117.144, "Actual Min Total Time": 155.659, "Actual Max Total Time": 155.659, "Plans": [{"Node Type": "Seq Scan", "Parent Relationship": "Outer", "Relation Name": "name", "Alias": "n", "Startup Cost": 0.0, "Total Cost": 64779.83, "Plan Rows": 96, "Plan Width": 4, "Actual Min Startup Time": 9.543, "Actual Max Startup Time": 14.159, "Actual Min Total Time": 25.518, "Actual Max Total Time": 30.721, "Filter": "(((name)::text ~~ '%Ang%'::text) AND ((gender)::text = 'f'::text))", "Rows Removed by Filter": 4160722, "Actual Rows": 6768}], "Actual Rows": 6768}, {"Node Type": "Index Scan", "Parent Relationship": "Inner", "Scan Direction": "Forward", "Index Name": "person_id_aka_name", "Relation Name": "aka_name", "Alias": "an", "Startup Cost": 0.0, "Total Cost": 8.23, "Plan Rows": 1, "Plan Width": 20, "Actual Min Startup Time": 20.67, "Actual Max Startup Time": 20.67, "Actual Min Total Time": 21.568, "Actual Max Total Time": 21.568, "Index Cond": "(person_id = n.id)", "Rows Removed by Index Recheck": 0, "Actual Rows": 1558}], "Actual Rows": 1558}, {"Node Type": "Index Scan", "Parent Relationship": "Inner", "Scan Direction": "Forward", "Index Name": "person_id_cast_info", "Relation Name": "cast_info", "Alias": "ci", "Startup Cost": 0.0, "Total Cost": 2.38, "Plan Rows": 1, "Plan Width": 16, "Actual Min Startup Time": 48.98, "Actual Max Startup Time": 48.98, "Actual Min Total Time": 54.031, "Actual Max Total Time": 54.031, "Index Cond": "(person_id = an.person_id)", "Rows Removed by Index Recheck": 0, "Filter": "((note)::text = ANY ('{(voice),\"(voice: Japanese version)\",\"(voice) (uncredited)\",\"(voice: English version)\"}'::text[]))", "Rows Removed by Filter": 69057, "Actual Rows": 425}], "Actual Rows": 425}, {"Node Type": "Index Scan", "Parent Relationship": "Inner", "Scan Direction": "Forward", "Index Name": "role_type_pkey", "Relation Name": "role_type", "Alias": "rt", "Startup Cost": 0.0, "Total Cost": 0.27, "Plan Rows": 1, "Plan Width": 4, "Actual Min Startup Time": 0.839, "Actual Max Startup Time": 0.839, "Actual Min Total Time": 0.839, "Actual Max Total Time": 0.839, "Index Cond": "(id = ci.role_id)", "Rows Removed by Index Recheck": 0, "Filter": "((role)::text = 'actress'::text)", "Rows Removed by Filter": 0, "Actual Rows": 425}], "Actual Rows": 425}, {"Node Type": "Index Scan", "Parent Relationship": "Inner", "Scan Direction": "Forward", "Index Name": "movie_id_movie_companies", "Relation Name": "movie_companies", "Alias": "mc", "Startup Cost": 0.0, "Total Cost": 0.42, "Plan Rows": 1, "Plan Width": 8, "Actual Min Startup Time": 3.237, "Actual Max Startup Time": 3.237, "Actual Min Total Time": 4.499, "Actual Max Total Time": 4.499, "Index Cond": "(movie_id = ci.movie_id)", "Rows Removed by Index Recheck": 0, "Filter": "((note IS NOT NULL) AND (((note)::text ~~ '%(USA)%'::text) OR ((note)::text ~~ '%(worldwide)%'::text)))", "Rows Removed by Filter": 1538, "Actual Rows": 373}], "Actual Rows": 373}, {"Node Type": "Index Scan", "Parent Relationship": "Inner", "Scan Direction": "Forward", "Index Name": "char_name_pkey", "Relation Name": "char_name", "Alias": "chn", "Startup Cost": 0.0, "Total Cost": 0.5, "Plan Rows": 1, "Plan Width": 20, "Actual Min Startup Time": 1.4, "Actual Max Startup Time": 1.4, "Actual Min Total Time": 1.4, "Actual Max Total Time": 1.4, "Index Cond": "(id = ci.person_role_id)", "Rows Removed by Index Recheck": 0, "Actual Rows": 348}], "Actual Rows": 348}, {"Node Type": "Index Scan", "Parent Relationship": "Inner", "Scan Direction": "Forward", "Index Name": "company_name_pkey", "Relation Name": "company_name", "Alias": "cn", "Startup Cost": 0.0, "Total Cost": 0.32, "Plan Rows": 1, "Plan Width": 4, "Actual Min Startup Time": 1.687, "Actual Max Startup Time": 1.687, "Actual Min Total Time": 1.687, "Actual Max Total Time": 1.687, "Index Cond": "(id = mc.company_id)", "Rows Removed by Index Recheck": 0, "Filter": "((country_code)::text = '[us]'::text)", "Rows Removed by Filter": 7, "Actual Rows": 341}], "Actual Rows": 341}, {"Node Type": "Index Scan", "Parent Relationship": "Inner", "Scan Direction": "Forward", "Index Name": "title_pkey", "Relation Name": "title", "Alias": "t", "Startup Cost": 0.0, "Total Cost": 0.49, "Plan Rows": 1, "Plan Width": 21, "Actual Min Startup Time": 1.865, "Actual Max Startup Time": 1.865, "Actual Min Total Time": 1.865, "Actual Max Total Time": 1.865, "Index Cond": "(id = ci.movie_id)", "Rows Removed by Index Recheck": 0, "Filter": "((production_year >= 2005) AND (production_year <= 2015))", "Rows Removed by Filter": 220, "Actual Rows": 121}], "Actual Rows": 121}], "Actual Rows": 1}, "Triggers": [], "Planner Runtime": 66, "Total Runtime": 261.423, "Unique SQL Id": 3431223514}}, "(64, 101)": {"explain_plan": {"Plan": {"Node Type": "Aggregate", "Strategy": "Plain", "Startup Cost": 198184.97, "Total Cost": 198184.98, "Plan Rows": 1, "Plan Width": 145, "Plans": [{"Node Type": "Nested Loop", "Parent Relationship": "Outer", "Join Type": "Inner", "Startup Cost": 0.0, "Total Cost": 198184.96, "Plan Rows": 1, "Plan Width": 49, "Inner Unique": true, "Plans": [{"Node Type": "Nested Loop", "Parent Relationship": "Outer", "Join Type": "Inner", "Startup Cost": 0.0, "Total Cost": 198184.46, "Plan Rows": 1, "Plan Width": 40, "Inner Unique": true, "Plans": [{"Node Type": "Nested Loop", "Parent Relationship": "Outer", "Join Type": "Inner", "Startup Cost": 0.0, "Total Cost": 198183.44, "Plan Rows": 2, "Plan Width": 28, "Inner Unique": true, "Plans": [{"Node Type": "Nested Loop", "Parent Relationship": "Outer", "Join Type": "Inner", "Startup Cost": 0.0, "Total Cost": 198181.8, "Plan Rows": 5, "Plan Width": 32, "Inner Unique": false, "Plans": [{"Node Type": "Nested Loop", "Parent Relationship": "Outer", "Join Type": "Inner", "Startup Cost": 0.0, "Total Cost": 198176.2, "Plan Rows": 13, "Plan Width": 24, "Inner Unique": true, "Plans": [{"Node Type": "Nested Loop", "Parent Relationship": "Outer", "Join Type": "Inner", "Startup Cost": 0.0, "Total Cost": 198136.36, "Plan Rows": 141, "Plan Width": 28, "Inner Unique": false, "Join Filter": "(n.id = ci.person_id)", "Plans": [{"Node Type": "Nested Loop", "Parent Relationship": "Outer", "Join Type": "Inner", "Startup Cost": 0.0, "Total Cost": 197861.08, "Plan Rows": 115, "Plan Width": 24, "Inner Unique": false, "Plans": [{"Node Type": "Index Scan", "Parent Relationship": "Outer", "Scan Direction": "Forward", "Index Name": "name_pkey", "Relation Name": "name", "Alias": "n", "Startup Cost": 0.0, "Total Cost": 197070.2, "Plan Rows": 96, "Plan Width": 4, "Filter": "(((name)::text ~~ '%Ang%'::text) AND ((gender)::text = 'f'::text))"}, {"Node Type": "Index Scan", "Parent Relationship": "Inner", "Scan Direction": "Forward", "Index Name": "person_id_aka_name", "Relation Name": "aka_name", "Alias": "an", "Startup Cost": 0.0, "Total Cost": 8.23, "Plan Rows": 1, "Plan Width": 20, "Index Cond": "(person_id = n.id)"}]}, {"Node Type": "Index Scan", "Parent Relationship": "Inner", "Scan Direction": "Forward", "Index Name": "person_id_cast_info", "Relation Name": "cast_info", "Alias": "ci", "Startup Cost": 0.0, "Total Cost": 2.38, "Plan Rows": 1, "Plan Width": 16, "Index Cond": "(person_id = an.person_id)", "Filter": "((note)::text = ANY ('{(voice),\"(voice: Japanese version)\",\"(voice) (uncredited)\",\"(voice: English version)\"}'::text[]))"}]}, {"Node Type": "Index Scan", "Parent Relationship": "Inner", "Scan Direction": "Forward", "Index Name": "role_type_pkey", "Relation Name": "role_type", "Alias": "rt", "Startup Cost": 0.0, "Total Cost": 0.27, "Plan Rows": 1, "Plan Width": 4, "Index Cond": "(id = ci.role_id)", "Filter": "((role)::text = 'actress'::text)"}]}, {"Node Type": "Index Scan", "Parent Relationship": "Inner", "Scan Direction": "Forward", "Index Name": "movie_id_movie_companies", "Relation Name": "movie_companies", "Alias": "mc", "Startup Cost": 0.0, "Total Cost": 0.42, "Plan Rows": 1, "Plan Width": 8, "Index Cond": "(movie_id = ci.movie_id)", "Filter": "((note IS NOT NULL) AND (((note)::text ~~ '%(USA)%'::text) OR ((note)::text ~~ '%(worldwide)%'::text)))"}]}, {"Node Type": "Index Scan", "Parent Relationship": "Inner", "Scan Direction": "Forward", "Index Name": "company_name_pkey", "Relation Name": "company_name", "Alias": "cn", "Startup Cost": 0.0, "Total Cost": 0.32, "Plan Rows": 1, "Plan Width": 4, "Index Cond": "(id = mc.company_id)", "Filter": "((country_code)::text = '[us]'::text)"}]}, {"Node Type": "Index Scan", "Parent Relationship": "Inner", "Scan Direction": "Forward", "Index Name": "char_name_pkey", "Relation Name": "char_name", "Alias": "chn", "Startup Cost": 0.0, "Total Cost": 0.5, "Plan Rows": 1, "Plan Width": 20, "Index Cond": "(id = ci.person_role_id)"}]}, {"Node Type": "Index Scan", "Parent Relationship": "Inner", "Scan Direction": "Forward", "Index Name": "title_pkey", "Relation Name": "title", "Alias": "t", "Startup Cost": 0.0, "Total Cost": 0.49, "Plan Rows": 1, "Plan Width": 21, "Index Cond": "(id = ci.movie_id)", "Filter": "((production_year >= 2005) AND (production_year <= 2015))"}]}]}, "Unique SQL Id": 3431223514, "Planner Runtime": 47}, "explain_analyze_plan": null}, "(64, 102)": {"explain_plan": {"Plan": {"Node Type": "Aggregate", "Strategy": "Plain", "Startup Cost": 66283.12, "Total Cost": 66283.13, "Plan Rows": 1, "Plan Width": 145, "Plans": [{"Node Type": "Nested Loop", "Parent Relationship": "Outer", "Join Type": "Inner", "Startup Cost": 7.57, "Total Cost": 66283.11, "Plan Rows": 2, "Plan Width": 49, "Inner Unique": true, "Plans": [{"Node Type": "Nested Loop", "Parent Relationship": "Outer", "Join Type": "Inner", "Startup Cost": 7.27, "Total Cost": 66274.45, "Plan Rows": 2, "Plan Width": 40, "Inner Unique": true, "Plans": [{"Node Type": "Nested Loop", "Parent Relationship": "Outer", "Join Type": "Inner", "Startup Cost": 7.01, "Total Cost": 66265.87, "Plan Rows": 2, "Plan Width": 44, "Inner Unique": true, "Plans": [{"Node Type": "Nested Loop", "Parent Relationship": "Outer", "Join Type": "Inner", "Startup Cost": 6.69, "Total Cost": 66244.19, "Plan Rows": 5, "Plan Width": 32, "Inner Unique": false, "Plans": [{"Node Type": "Hash Join", "Parent Relationship": "Outer", "Join Type": "Inner", "Startup Cost": 6.38, "Total Cost": 66187.56, "Plan Rows": 13, "Plan Width": 24, "Inner Unique": true, "Hash Cond": "(ci.role_id = rt.id)", "Plans": [{"Node Type": "Nested Loop", "Parent Relationship": "Outer", "Join Type": "Inner", "Startup Cost": 5.22, "Total Cost": 66185.91, "Plan Rows": 141, "Plan Width": 28, "Inner Unique": false, "Join Filter": "(n.id = ci.person_id)", "Plans": [{"Node Type": "Nested Loop", "Parent Relationship": "Outer", "Join Type": "Inner", "Startup Cost": 4.22, "Total Cost": 65572.72, "Plan Rows": 115, "Plan Width": 24, "Inner Unique": false, "Plans": [{"Node Type": "Streaming(type: LOCAL GATHER dop: 1/64)", "Parent Relationship": "Outer", "Startup Cost": 0.0, "Total Cost": 64781.81, "Plan Rows": 96, "Plan Width": 4, "Plans": [{"Node Type": "Seq Scan", "Parent Relationship": "Outer", "Relation Name": "name", "Alias": "n", "Startup Cost": 0.0, "Total Cost": 64779.83, "Plan Rows": 96, "Plan Width": 4, "Filter": "(((name)::text ~~ '%Ang%'::text) AND ((gender)::text = 'f'::text))"}]}, {"Node Type": "Bitmap Heap Scan", "Parent Relationship": "Inner", "Relation Name": "aka_name", "Alias": "an", "Startup Cost": 4.22, "Total Cost": 8.23, "Plan Rows": 1, "Plan Width": 20, "Recheck Cond": "(person_id = n.id)", "Plans": [{"Node Type": "Bitmap Index Scan", "Parent Relationship": "Outer", "Index Name": "person_id_aka_name", "Startup Cost": 0.0, "Total Cost": 4.22, "Plan Rows": 1, "Plan Width": 0, "Index Cond": "(person_id = n.id)"}]}]}, {"Node Type": "Bitmap Heap Scan", "Parent Relationship": "Inner", "Relation Name": "cast_info", "Alias": "ci", "Startup Cost": 1.0, "Total Cost": 5.32, "Plan Rows": 1, "Plan Width": 16, "Recheck Cond": "(person_id = an.person_id)", "Filter": "((note)::text = ANY ('{(voice),\"(voice: Japanese version)\",\"(voice) (uncredited)\",\"(voice: English version)\"}'::text[]))", "Plans": [{"Node Type": "Bitmap Index Scan", "Parent Relationship": "Outer", "Index Name": "person_id_cast_info", "Startup Cost": 0.0, "Total Cost": 1.0, "Plan Rows": 18, "Plan Width": 0, "Index Cond": "(person_id = an.person_id)"}]}]}, {"Node Type": "Hash", "Parent Relationship": "Inner", "Startup Cost": 1.15, "Total Cost": 1.15, "Plan Rows": 1, "Plan Width": 4, "Plans": [{"Node Type": "Seq Scan", "Parent Relationship": "Outer", "Relation Name": "role_type", "Alias": "rt", "Startup Cost": 0.0, "Total Cost": 1.15, "Plan Rows": 1, "Plan Width": 4, "Filter": "((role)::text = 'actress'::text)"}]}]}, {"Node Type": "Bitmap Heap Scan", "Parent Relationship": "Inner", "Relation Name": "movie_companies", "Alias": "mc", "Startup Cost": 0.31, "Total Cost": 4.35, "Plan Rows": 1, "Plan Width": 8, "Recheck Cond": "(movie_id = ci.movie_id)", "Filter": "((note IS NOT NULL) AND (((note)::text ~~ '%(USA)%'::text) OR ((note)::text ~~ '%(worldwide)%'::text)))", "Plans": [{"Node Type": "Bitmap Index Scan", "Parent Relationship": "Outer", "Index Name": "movie_id_movie_companies", "Startup Cost": 0.0, "Total Cost": 0.31, "Plan Rows": 2, "Plan Width": 0, "Index Cond": "(movie_id = ci.movie_id)"}]}]}, {"Node Type": "Bitmap Heap Scan", "Parent Relationship": "Inner", "Relation Name": "char_name", "Alias": "chn", "Startup Cost": 0.31, "Total Cost": 4.33, "Plan Rows": 1, "Plan Width": 20, "Recheck Cond": "(id = ci.person_role_id)", "Plans": [{"Node Type": "Bitmap Index Scan", "Parent Relationship": "Outer", "Index Name": "char_name_pkey", "Startup Cost": 0.0, "Total Cost": 0.31, "Plan Rows": 1, "Plan Width": 0, "Index Cond": "(id = ci.person_role_id)"}]}]}, {"Node Type": "Bitmap Heap Scan", "Parent Relationship": "Inner", "Relation Name": "company_name", "Alias": "cn", "Startup Cost": 0.26, "Total Cost": 4.28, "Plan Rows": 1, "Plan Width": 4, "Recheck Cond": "(id = mc.company_id)", "Filter": "((country_code)::text = '[us]'::text)", "Plans": [{"Node Type": "Bitmap Index Scan", "Parent Relationship": "Outer", "Index Name": "company_name_pkey", "Startup Cost": 0.0, "Total Cost": 0.26, "Plan Rows": 1, "Plan Width": 0, "Index Cond": "(id = mc.company_id)"}]}]}, {"Node Type": "Bitmap Heap Scan", "Parent Relationship": "Inner", "Relation Name": "title", "Alias": "t", "Startup Cost": 0.3, "Total Cost": 4.32, "Plan Rows": 1, "Plan Width": 21, "Recheck Cond": "(id = ci.movie_id)", "Filter": "((production_year >= 2005) AND (production_year <= 2015))", "Plans": [{"Node Type": "Bitmap Index Scan", "Parent Relationship": "Outer", "Index Name": "title_pkey", "Startup Cost": 0.0, "Total Cost": 0.3, "Plan Rows": 1, "Plan Width": 0, "Index Cond": "(id = ci.movie_id)"}]}]}]}, "Unique SQL Id": 3431223514, "Planner Runtime": 106}, "explain_analyze_plan": {"Plan": {"Node Type": "Aggregate", "Strategy": "Plain", "Startup Cost": 66283.12, "Total Cost": 66283.13, "Plan Rows": 1, "Plan Width": 145, "Actual Min Startup Time": 241.803, "Actual Max Startup Time": 241.803, "Actual Min Total Time": 241.803, "Actual Max Total Time": 241.803, "Plans": [{"Node Type": "Nested Loop", "Parent Relationship": "Outer", "Join Type": "Inner", "Startup Cost": 7.57, "Total Cost": 66283.11, "Plan Rows": 2, "Plan Width": 49, "Actual Min Startup Time": 154.874, "Actual Max Startup Time": 154.874, "Actual Min Total Time": 241.573, "Actual Max Total Time": 241.573, "Inner Unique": true, "Plans": [{"Node Type": "Nested Loop", "Parent Relationship": "Outer", "Join Type": "Inner", "Startup Cost": 7.27, "Total Cost": 66274.45, "Plan Rows": 2, "Plan Width": 40, "Actual Min Startup Time": 59.119, "Actual Max Startup Time": 59.119, "Actual Min Total Time": 238.806, "Actual Max Total Time": 238.806, "Inner Unique": true, "Plans": [{"Node Type": "Nested Loop", "Parent Relationship": "Outer", "Join Type": "Inner", "Startup Cost": 7.01, "Total Cost": 66265.87, "Plan Rows": 2, "Plan Width": 44, "Actual Min Startup Time": 59.093, "Actual Max Startup Time": 59.093, "Actual Min Total Time": 236.097, "Actual Max Total Time": 236.097, "Inner Unique": true, "Plans": [{"Node Type": "Nested Loop", "Parent Relationship": "Outer", "Join Type": "Inner", "Startup Cost": 6.69, "Total Cost": 66244.19, "Plan Rows": 5, "Plan Width": 32, "Actual Min Startup Time": 59.073, "Actual Max Startup Time": 59.073, "Actual Min Total Time": 233.665, "Actual Max Total Time": 233.665, "Inner Unique": false, "Plans": [{"Node Type": "Hash Join", "Parent Relationship": "Outer", "Join Type": "Inner", "Startup Cost": 6.38, "Total Cost": 66187.56, "Plan Rows": 13, "Plan Width": 24, "Actual Min Startup Time": 58.489, "Actual Max Startup Time": 58.489, "Actual Min Total Time": 227.282, "Actual Max Total Time": 227.282, "Inner Unique": true, "Hash Cond": "(ci.role_id = rt.id)", "Plans": [{"Node Type": "Nested Loop", "Parent Relationship": "Outer", "Join Type": "Inner", "Startup Cost": 5.22, "Total Cost": 66185.91, "Plan Rows": 141, "Plan Width": 28, "Actual Min Startup Time": 58.362, "Actual Max Startup Time": 58.362, "Actual Min Total Time": 226.878, "Actual Max Total Time": 226.878, "Inner Unique": false, "Join Filter": "(n.id = ci.person_id)", "Rows Removed by Join Filter": 0, "Plans": [{"Node Type": "Nested Loop", "Parent Relationship": "Outer", "Join Type": "Inner", "Startup Cost": 4.22, "Total Cost": 65572.72, "Plan Rows": 115, "Plan Width": 24, "Actual Min Startup Time": 58.169, "Actual Max Startup Time": 58.169, "Actual Min Total Time": 171.925, "Actual Max Total Time": 171.925, "Inner Unique": false, "Plans": [{"Node Type": "Streaming(type: LOCAL GATHER dop: 1/64)", "Parent Relationship": "Outer", "Startup Cost": 0.0, "Total Cost": 64781.81, "Plan Rows": 96, "Plan Width": 4, "Actual Min Startup Time": 58.058, "Actual Max Startup Time": 58.058, "Actual Min Total Time": 138.216, "Actual Max Total Time": 138.216, "Plans": [{"Node Type": "Seq Scan", "Parent Relationship": "Outer", "Relation Name": "name", "Alias": "n", "Startup Cost": 0.0, "Total Cost": 64779.83, "Plan Rows": 96, "Plan Width": 4, "Actual Min Startup Time": 9.448, "Actual Max Startup Time": 14.127, "Actual Min Total Time": 25.4, "Actual Max Total Time": 30.778, "Filter": "(((name)::text ~~ '%Ang%'::text) AND ((gender)::text = 'f'::text))", "Rows Removed by Filter": 4160722, "Actual Rows": 6768}], "Actual Rows": 6768}, {"Node Type": "Bitmap Heap Scan", "Parent Relationship": "Inner", "Relation Name": "aka_name", "Alias": "an", "Startup Cost": 4.22, "Total Cost": 8.23, "Plan Rows": 1, "Plan Width": 20, "Actual Min Startup Time": 25.536, "Actual Max Startup Time": 25.536, "Actual Min Total Time": 26.138, "Actual Max Total Time": 26.138, "Recheck Cond": "(person_id = n.id)", "Rows Removed by Index Recheck": 0, "Exact Heap Blocks": 1014, "Lossy Heap Blocks": 1014, "Plans": [{"Node Type": "Bitmap Index Scan", "Parent Relationship": "Outer", "Index Name": "person_id_aka_name", "Startup Cost": 0.0, "Total Cost": 4.22, "Plan Rows": 1, "Plan Width": 0, "Actual Min Startup Time": 19.602, "Actual Max Startup Time": 19.602, "Actual Min Total Time": 19.602, "Actual Max Total Time": 19.602, "Index Cond": "(person_id = n.id)", "Actual Rows": 1558}], "Actual Rows": 1558}], "Actual Rows": 1558}, {"Node Type": "Bitmap Heap Scan", "Parent Relationship": "Inner", "Relation Name": "cast_info", "Alias": "ci", "Startup Cost": 1.0, "Total Cost": 5.32, "Plan Rows": 1, "Plan Width": 16, "Actual Min Startup Time": 49.425, "Actual Max Startup Time": 49.425, "Actual Min Total Time": 52.815, "Actual Max Total Time": 52.815, "Recheck Cond": "(person_id = an.person_id)", "Rows Removed by Index Recheck": 0, "Filter": "((note)::text = ANY ('{(voice),\"(voice: Japanese version)\",\"(voice) (uncredited)\",\"(voice: English version)\"}'::text[]))", "Rows Removed by Filter": 69057, "Exact Heap Blocks": 2627, "Lossy Heap Blocks": 2627, "Plans": [{"Node Type": "Bitmap Index Scan", "Parent Relationship": "Outer", "Index Name": "person_id_cast_info", "Startup Cost": 0.0, "Total Cost": 1.0, "Plan Rows": 18, "Plan Width": 0, "Actual Min Startup Time": 16.224, "Actual Max Startup Time": 16.224, "Actual Min Total Time": 16.224, "Actual Max Total Time": 16.224, "Index Cond": "(person_id = an.person_id)", "Actual Rows": 69482}], "Actual Rows": 425}], "Actual Rows": 425}, {"Node Type": "Hash", "Parent Relationship": "Inner", "Startup Cost": 1.15, "Total Cost": 1.15, "Plan Rows": 1, "Plan Width": 4, "Actual Min Startup Time": 0.062, "Actual Max Startup Time": 0.062, "Actual Min Total Time": 0.062, "Actual Max Total Time": 0.062, "Max Hash Buckets": 32768, "Min Hash Buckets": 32768, "Max Hash Batches": 1, "Min Hash Batches": 1, "Max Original Hash Batches": 1, "Min Original Hash Batches": 1, "Max Peak Memory Usage": 1, "min Peak Memory Usage": 1, "Plans": [{"Node Type": "Seq Scan", "Parent Relationship": "Outer", "Relation Name": "role_type", "Alias": "rt", "Startup Cost": 0.0, "Total Cost": 1.15, "Plan Rows": 1, "Plan Width": 4, "Actual Min Startup Time": 0.048, "Actual Max Startup Time": 0.048, "Actual Min Total Time": 0.052, "Actual Max Total Time": 0.052, "Filter": "((role)::text = 'actress'::text)", "Rows Removed by Filter": 11, "Actual Rows": 1}], "Actual Rows": 1}], "Actual Rows": 425}, {"Node Type": "Bitmap Heap Scan", "Parent Relationship": "Inner", "Relation Name": "movie_companies", "Alias": "mc", "Startup Cost": 0.31, "Total Cost": 4.35, "Plan Rows": 1, "Plan Width": 8, "Actual Min Startup Time": 4.61, "Actual Max Startup Time": 4.61, "Actual Min Total Time": 5.64, "Actual Max Total Time": 5.64, "Recheck Cond": "(movie_id = ci.movie_id)", "Rows Removed by Index Recheck": 0, "Filter": "((note IS NOT NULL) AND (((note)::text ~~ '%(USA)%'::text) OR ((note)::text ~~ '%(worldwide)%'::text)))", "Rows Removed by Filter": 1538, "Exact Heap Blocks": 580, "Lossy Heap Blocks": 580, "Plans": [{"Node Type": "Bitmap Index Scan", "Parent Relationship": "Outer", "Index Name": "movie_id_movie_companies", "Startup Cost": 0.0, "Total Cost": 0.31, "Plan Rows": 2, "Plan Width": 0, "Actual Min Startup Time": 2.448, "Actual Max Startup Time": 2.448, "Actual Min Total Time": 2.448, "Actual Max Total Time": 2.448, "Index Cond": "(movie_id = ci.movie_id)", "Actual Rows": 1911}], "Actual Rows": 373}], "Actual Rows": 373}, {"Node Type": "Bitmap Heap Scan", "Parent Relationship": "Inner", "Relation Name": "char_name", "Alias": "chn", "Startup Cost": 0.31, "Total Cost": 4.33, "Plan Rows": 1, "Plan Width": 20, "Actual Min Startup Time": 1.821, "Actual Max Startup Time": 1.821, "Actual Min Total Time": 1.821, "Actual Max Total Time": 1.821, "Recheck Cond": "(id = ci.person_role_id)", "Rows Removed by Index Recheck": 0, "Exact Heap Blocks": 348, "Lossy Heap Blocks": 348, "Plans": [{"Node Type": "Bitmap Index Scan", "Parent Relationship": "Outer", "Index Name": "char_name_pkey", "Startup Cost": 0.0, "Total Cost": 0.31, "Plan Rows": 1, "Plan Width": 0, "Actual Min Startup Time": 1.169, "Actual Max Startup Time": 1.169, "Actual Min Total Time": 1.169, "Actual Max Total Time": 1.169, "Index Cond": "(id = ci.person_role_id)", "Actual Rows": 348}], "Actual Rows": 348}], "Actual Rows": 348}, {"Node Type": "Bitmap Heap Scan", "Parent Relationship": "Inner", "Relation Name": "company_name", "Alias": "cn", "Startup Cost": 0.26, "Total Cost": 4.28, "Plan Rows": 1, "Plan Width": 4, "Actual Min Startup Time": 2.199, "Actual Max Startup Time": 2.199, "Actual Min Total Time": 2.199, "Actual Max Total Time": 2.199, "Recheck Cond": "(id = mc.company_id)", "Rows Removed by Index Recheck": 0, "Filter": "((country_code)::text = '[us]'::text)", "Rows Removed by Filter": 7, "Exact Heap Blocks": 348, "Lossy Heap Blocks": 348, "Plans": [{"Node Type": "Bitmap Index Scan", "Parent Relationship": "Outer", "Index Name": "company_name_pkey", "Startup Cost": 0.0, "Total Cost": 0.26, "Plan Rows": 1, "Plan Width": 0, "Actual Min Startup Time": 1.207, "Actual Max Startup Time": 1.207, "Actual Min Total Time": 1.207, "Actual Max Total Time": 1.207, "Index Cond": "(id = mc.company_id)", "Actual Rows": 348}], "Actual Rows": 341}], "Actual Rows": 341}, {"Node Type": "Bitmap Heap Scan", "Parent Relationship": "Inner", "Relation Name": "title", "Alias": "t", "Startup Cost": 0.3, "Total Cost": 4.32, "Plan Rows": 1, "Plan Width": 21, "Actual Min Startup Time": 2.286, "Actual Max Startup Time": 2.286, "Actual Min Total Time": 2.286, "Actual Max Total Time": 2.286, "Recheck Cond": "(id = ci.movie_id)", "Rows Removed by Index Recheck": 0, "Filter": "((production_year >= 2005) AND (production_year <= 2015))", "Rows Removed by Filter": 220, "Exact Heap Blocks": 341, "Lossy Heap Blocks": 341, "Plans": [{"Node Type": "Bitmap Index Scan", "Parent Relationship": "Outer", "Index Name": "title_pkey", "Startup Cost": 0.0, "Total Cost": 0.3, "Plan Rows": 1, "Plan Width": 0, "Actual Min Startup Time": 1.39, "Actual Max Startup Time": 1.39, "Actual Min Total Time": 1.39, "Actual Max Total Time": 1.39, "Index Cond": "(id = ci.movie_id)", "Actual Rows": 341}], "Actual Rows": 121}], "Actual Rows": 121}], "Actual Rows": 1}, "Triggers": [], "Planner Runtime": 106, "Total Runtime": 254.326, "Unique SQL Id": 3431223514}}, "(64, 103)": {"explain_plan": {"Plan": {"Node Type": "Aggregate", "Strategy": "Plain", "Startup Cost": 199166.12, "Total Cost": 199166.13, "Plan Rows": 1, "Plan Width": 145, "Plans": [{"Node Type": "Nested Loop", "Parent Relationship": "Outer", "Join Type": "Inner", "Startup Cost": 83164.39, "Total Cost": 199166.11, "Plan Rows": 1, "Plan Width": 49, "Inner Unique": true, "Plans": [{"Node Type": "Nested Loop", "Parent Relationship": "Outer", "Join Type": "Inner", "Startup Cost": 83164.09, "Total Cost": 199161.78, "Plan Rows": 1, "Plan Width": 40, "Inner Unique": true, "Plans": [{"Node Type": "Nested Loop", "Parent Relationship": "Outer", "Join Type": "Inner", "Startup Cost": 83163.78, "Total Cost": 199153.11, "Plan Rows": 2, "Plan Width": 28, "Inner Unique": true, "Plans": [{"Node Type": "Nested Loop", "Parent Relationship": "Outer", "Join Type": "Inner", "Startup Cost": 83163.51, "Total Cost": 199131.67, "Plan Rows": 5, "Plan Width": 32, "Inner Unique": false, "Plans": [{"Node Type": "Nested Loop", "Parent Relationship": "Outer", "Join Type": "Inner", "Startup Cost": 83163.2, "Total Cost": 199075.04, "Plan Rows": 13, "Plan Width": 24, "Inner Unique": true, "Plans": [{"Node Type": "Nested Loop", "Parent Relationship": "Outer", "Join Type": "Inner", "Startup Cost": 83162.94, "Total Cost": 198471.17, "Plan Rows": 141, "Plan Width": 28, "Inner Unique": false, "Join Filter": "(n.id = ci.person_id)", "Plans": [{"Node Type": "Nested Loop", "Parent Relationship": "Outer", "Join Type": "Inner", "Startup Cost": 83161.94, "Total Cost": 197857.98, "Plan Rows": 115, "Plan Width": 24, "Inner Unique": false, "Plans": [{"Node Type": "Bitmap Heap Scan", "Parent Relationship": "Outer", "Relation Name": "name", "Alias": "n", "Startup Cost": 83157.72, "Total Cost": 197067.07, "Plan Rows": 96, "Plan Width": 4, "Filter": "(((name)::text ~~ '%Ang%'::text) AND ((gender)::text = 'f'::text))", "Plans": [{"Node Type": "Bitmap Index Scan", "Parent Relationship": "Outer", "Index Name": "name_pkey", "Startup Cost": 0.0, "Total Cost": 83157.7, "Plan Rows": 4167490, "Plan Width": 0}]}, {"Node Type": "Bitmap Heap Scan", "Parent Relationship": "Inner", "Relation Name": "aka_name", "Alias": "an", "Startup Cost": 4.22, "Total Cost": 8.23, "Plan Rows": 1, "Plan Width": 20, "Recheck Cond": "(person_id = n.id)", "Plans": [{"Node Type": "Bitmap Index Scan", "Parent Relationship": "Outer", "Index Name": "person_id_aka_name", "Startup Cost": 0.0, "Total Cost": 4.22, "Plan Rows": 1, "Plan Width": 0, "Index Cond": "(person_id = n.id)"}]}]}, {"Node Type": "Bitmap Heap Scan", "Parent Relationship": "Inner", "Relation Name": "cast_info", "Alias": "ci", "Startup Cost": 1.0, "Total Cost": 5.32, "Plan Rows": 1, "Plan Width": 16, "Recheck Cond": "(person_id = an.person_id)", "Filter": "((note)::text = ANY ('{(voice),\"(voice: Japanese version)\",\"(voice) (uncredited)\",\"(voice: English version)\"}'::text[]))", "Plans": [{"Node Type": "Bitmap Index Scan", "Parent Relationship": "Outer", "Index Name": "person_id_cast_info", "Startup Cost": 0.0, "Total Cost": 1.0, "Plan Rows": 18, "Plan Width": 0, "Index Cond": "(person_id = an.person_id)"}]}]}, {"Node Type": "Bitmap Heap Scan", "Parent Relationship": "Inner", "Relation Name": "role_type", "Alias": "rt", "Startup Cost": 0.26, "Total Cost": 4.27, "Plan Rows": 1, "Plan Width": 4, "Recheck Cond": "(id = ci.role_id)", "Filter": "((role)::text = 'actress'::text)", "Plans": [{"Node Type": "Bitmap Index Scan", "Parent Relationship": "Outer", "Index Name": "role_type_pkey", "Startup Cost": 0.0, "Total Cost": 0.26, "Plan Rows": 1, "Plan Width": 0, "Index Cond": "(id = ci.role_id)"}]}]}, {"Node Type": "Bitmap Heap Scan", "Parent Relationship": "Inner", "Relation Name": "movie_companies", "Alias": "mc", "Startup Cost": 0.31, "Total Cost": 4.35, "Plan Rows": 1, "Plan Width": 8, "Recheck Cond": "(movie_id = ci.movie_id)", "Filter": "((note IS NOT NULL) AND (((note)::text ~~ '%(USA)%'::text) OR ((note)::text ~~ '%(worldwide)%'::text)))", "Plans": [{"Node Type": "Bitmap Index Scan", "Parent Relationship": "Outer", "Index Name": "movie_id_movie_companies", "Startup Cost": 0.0, "Total Cost": 0.31, "Plan Rows": 2, "Plan Width": 0, "Index Cond": "(movie_id = ci.movie_id)"}]}]}, {"Node Type": "Bitmap Heap Scan", "Parent Relationship": "Inner", "Relation Name": "company_name", "Alias": "cn", "Startup Cost": 0.26, "Total Cost": 4.28, "Plan Rows": 1, "Plan Width": 4, "Recheck Cond": "(id = mc.company_id)", "Filter": "((country_code)::text = '[us]'::text)", "Plans": [{"Node Type": "Bitmap Index Scan", "Parent Relationship": "Outer", "Index Name": "company_name_pkey", "Startup Cost": 0.0, "Total Cost": 0.26, "Plan Rows": 1, "Plan Width": 0, "Index Cond": "(id = mc.company_id)"}]}]}, {"Node Type": "Bitmap Heap Scan", "Parent Relationship": "Inner", "Relation Name": "char_name", "Alias": "chn", "Startup Cost": 0.31, "Total Cost": 4.33, "Plan Rows": 1, "Plan Width": 20, "Recheck Cond": "(id = ci.person_role_id)", "Plans": [{"Node Type": "Bitmap Index Scan", "Parent Relationship": "Outer", "Index Name": "char_name_pkey", "Startup Cost": 0.0, "Total Cost": 0.31, "Plan Rows": 1, "Plan Width": 0, "Index Cond": "(id = ci.person_role_id)"}]}]}, {"Node Type": "Bitmap Heap Scan", "Parent Relationship": "Inner", "Relation Name": "title", "Alias": "t", "Startup Cost": 0.3, "Total Cost": 4.32, "Plan Rows": 1, "Plan Width": 21, "Recheck Cond": "(id = ci.movie_id)", "Filter": "((production_year >= 2005) AND (production_year <= 2015))", "Plans": [{"Node Type": "Bitmap Index Scan", "Parent Relationship": "Outer", "Index Name": "title_pkey", "Startup Cost": 0.0, "Total Cost": 0.3, "Plan Rows": 1, "Plan Width": 0, "Index Cond": "(id = ci.movie_id)"}]}]}]}, "Unique SQL Id": 3431223514, "Planner Runtime": 50}, "explain_analyze_plan": null}, "(64, 104)": {"explain_plan": {"Plan": {"Node Type": "Aggregate", "Strategy": "Plain", "Startup Cost": 65897.13, "Total Cost": 65897.14, "Plan Rows": 1, "Plan Width": 145, "Plans": [{"Node Type": "Nested Loop", "Parent Relationship": "Outer", "Join Type": "Inner", "Startup Cost": 0.0, "Total Cost": 65897.12, "Plan Rows": 1, "Plan Width": 49, "Inner Unique": true, "Plans": [{"Node Type": "Nested Loop", "Parent Relationship": "Outer", "Join Type": "Inner", "Startup Cost": 0.0, "Total Cost": 65896.62, "Plan Rows": 1, "Plan Width": 40, "Inner Unique": true, "Plans": [{"Node Type": "Nested Loop", "Parent Relationship": "Outer", "Join Type": "Inner", "Startup Cost": 0.0, "Total Cost": 65895.97, "Plan Rows": 2, "Plan Width": 44, "Inner Unique": true, "Plans": [{"Node Type": "Nested Loop", "Parent Relationship": "Outer", "Join Type": "Inner", "Startup Cost": 0.0, "Total Cost": 65893.42, "Plan Rows": 5, "Plan Width": 32, "Inner Unique": false, "Plans": [{"Node Type": "Nested Loop", "Parent Relationship": "Outer", "Join Type": "Inner", "Startup Cost": 0.0, "Total Cost": 65887.81, "Plan Rows": 13, "Plan Width": 24, "Inner Unique": true, "Plans": [{"Node Type": "Nested Loop", "Parent Relationship": "Outer", "Join Type": "Inner", "Startup Cost": 0.0, "Total Cost": 65847.98, "Plan Rows": 141, "Plan Width": 28, "Inner Unique": false, "Join Filter": "(n.id = ci.person_id)", "Plans": [{"Node Type": "Nested Loop", "Parent Relationship": "Outer", "Join Type": "Inner", "Startup Cost": 0.0, "Total Cost": 65572.69, "Plan Rows": 115, "Plan Width": 24, "Inner Unique": false, "Plans": [{"Node Type": "Streaming(type: LOCAL GATHER dop: 1/64)", "Parent Relationship": "Outer", "Startup Cost": 0.0, "Total Cost": 64781.81, "Plan Rows": 96, "Plan Width": 4, "Plans": [{"Node Type": "Seq Scan", "Parent Relationship": "Outer", "Relation Name": "name", "Alias": "n", "Startup Cost": 0.0, "Total Cost": 64779.83, "Plan Rows": 96, "Plan Width": 4, "Filter": "(((name)::text ~~ '%Ang%'::text) AND ((gender)::text = 'f'::text))"}]}, {"Node Type": "Index Scan", "Parent Relationship": "Inner", "Scan Direction": "Forward", "Index Name": "person_id_aka_name", "Relation Name": "aka_name", "Alias": "an", "Startup Cost": 0.0, "Total Cost": 8.23, "Plan Rows": 1, "Plan Width": 20, "Index Cond": "(person_id = n.id)"}]}, {"Node Type": "Index Scan", "Parent Relationship": "Inner", "Scan Direction": "Forward", "Index Name": "person_id_cast_info", "Relation Name": "cast_info", "Alias": "ci", "Startup Cost": 0.0, "Total Cost": 2.38, "Plan Rows": 1, "Plan Width": 16, "Index Cond": "(person_id = an.person_id)", "Filter": "((note)::text = ANY ('{(voice),\"(voice: Japanese version)\",\"(voice) (uncredited)\",\"(voice: English version)\"}'::text[]))"}]}, {"Node Type": "Index Scan", "Parent Relationship": "Inner", "Scan Direction": "Forward", "Index Name": "role_type_pkey", "Relation Name": "role_type", "Alias": "rt", "Startup Cost": 0.0, "Total Cost": 0.27, "Plan Rows": 1, "Plan Width": 4, "Index Cond": "(id = ci.role_id)", "Filter": "((role)::text = 'actress'::text)"}]}, {"Node Type": "Index Scan", "Parent Relationship": "Inner", "Scan Direction": "Forward", "Index Name": "movie_id_movie_companies", "Relation Name": "movie_companies", "Alias": "mc", "Startup Cost": 0.0, "Total Cost": 0.42, "Plan Rows": 1, "Plan Width": 8, "Index Cond": "(movie_id = ci.movie_id)", "Filter": "((note IS NOT NULL) AND (((note)::text ~~ '%(USA)%'::text) OR ((note)::text ~~ '%(worldwide)%'::text)))"}]}, {"Node Type": "Index Scan", "Parent Relationship": "Inner", "Scan Direction": "Forward", "Index Name": "char_name_pkey", "Relation Name": "char_name", "Alias": "chn", "Startup Cost": 0.0, "Total Cost": 0.5, "Plan Rows": 1, "Plan Width": 20, "Index Cond": "(id = ci.person_role_id)"}]}, {"Node Type": "Index Scan", "Parent Relationship": "Inner", "Scan Direction": "Forward", "Index Name": "company_name_pkey", "Relation Name": "company_name", "Alias": "cn", "Startup Cost": 0.0, "Total Cost": 0.32, "Plan Rows": 1, "Plan Width": 4, "Index Cond": "(id = mc.company_id)", "Filter": "((country_code)::text = '[us]'::text)"}]}, {"Node Type": "Index Scan", "Parent Relationship": "Inner", "Scan Direction": "Forward", "Index Name": "title_pkey", "Relation Name": "title", "Alias": "t", "Startup Cost": 0.0, "Total Cost": 0.49, "Plan Rows": 1, "Plan Width": 21, "Index Cond": "(id = ci.movie_id)", "Filter": "((production_year >= 2005) AND (production_year <= 2015))"}]}]}, "Unique SQL Id": 3431223514, "Planner Runtime": 66}, "explain_analyze_plan": {"Plan": {"Node Type": "Aggregate", "Strategy": "Plain", "Startup Cost": 65897.13, "Total Cost": 65897.14, "Plan Rows": 1, "Plan Width": 145, "Actual Min Startup Time": 247.956, "Actual Max Startup Time": 247.956, "Actual Min Total Time": 247.957, "Actual Max Total Time": 247.957, "Plans": [{"Node Type": "Nested Loop", "Parent Relationship": "Outer", "Join Type": "Inner", "Startup Cost": 0.0, "Total Cost": 65897.12, "Plan Rows": 1, "Plan Width": 49, "Actual Min Startup Time": 158.201, "Actual Max Startup Time": 158.201, "Actual Min Total Time": 247.771, "Actual Max Total Time": 247.771, "Inner Unique": true, "Plans": [{"Node Type": "Nested Loop", "Parent Relationship": "Outer", "Join Type": "Inner", "Startup Cost": 0.0, "Total Cost": 65896.62, "Plan Rows": 1, "Plan Width": 40, "Actual Min Startup Time": 148.325, "Actual Max Startup Time": 148.325, "Actual Min Total Time": 245.64, "Actual Max Total Time": 245.64, "Inner Unique": true, "Plans": [{"Node Type": "Nested Loop", "Parent Relationship": "Outer", "Join Type": "Inner", "Startup Cost": 0.0, "Total Cost": 65895.97, "Plan Rows": 2, "Plan Width": 44, "Actual Min Startup Time": 148.293, "Actual Max Startup Time": 148.293, "Actual Min Total Time": 243.609, "Actual Max Total Time": 243.609, "Inner Unique": true, "Plans": [{"Node Type": "Nested Loop", "Parent Relationship": "Outer", "Join Type": "Inner", "Startup Cost": 0.0, "Total Cost": 65893.42, "Plan Rows": 5, "Plan Width": 32, "Actual Min Startup Time": 148.272, "Actual Max Startup Time": 148.272, "Actual Min Total Time": 241.843, "Actual Max Total Time": 241.843, "Inner Unique": false, "Plans": [{"Node Type": "Nested Loop", "Parent Relationship": "Outer", "Join Type": "Inner", "Startup Cost": 0.0, "Total Cost": 65887.81, "Plan Rows": 13, "Plan Width": 24, "Actual Min Startup Time": 117.747, "Actual Max Startup Time": 117.747, "Actual Min Total Time": 236.984, "Actual Max Total Time": 236.984, "Inner Unique": true, "Plans": [{"Node Type": "Nested Loop", "Parent Relationship": "Outer", "Join Type": "Inner", "Startup Cost": 0.0, "Total Cost": 65847.98, "Plan Rows": 141, "Plan Width": 28, "Actual Min Startup Time": 117.733, "Actual Max Startup Time": 117.733, "Actual Min Total Time": 235.718, "Actual Max Total Time": 235.718, "Inner Unique": false, "Join Filter": "(n.id = ci.person_id)", "Rows Removed by Join Filter": 0, "Plans": [{"Node Type": "Nested Loop", "Parent Relationship": "Outer", "Join Type": "Inner", "Startup Cost": 0.0, "Total Cost": 65572.69, "Plan Rows": 115, "Plan Width": 24, "Actual Min Startup Time": 117.21, "Actual Max Startup Time": 117.21, "Actual Min Total Time": 180.677, "Actual Max Total Time": 180.677, "Inner Unique": false, "Plans": [{"Node Type": "Streaming(type: LOCAL GATHER dop: 1/64)", "Parent Relationship": "Outer", "Startup Cost": 0.0, "Total Cost": 64781.81, "Plan Rows": 96, "Plan Width": 4, "Actual Min Startup Time": 117.144, "Actual Max Startup Time": 117.144, "Actual Min Total Time": 155.659, "Actual Max Total Time": 155.659, "Plans": [{"Node Type": "Seq Scan", "Parent Relationship": "Outer", "Relation Name": "name", "Alias": "n", "Startup Cost": 0.0, "Total Cost": 64779.83, "Plan Rows": 96, "Plan Width": 4, "Actual Min Startup Time": 9.543, "Actual Max Startup Time": 14.159, "Actual Min Total Time": 25.518, "Actual Max Total Time": 30.721, "Filter": "(((name)::text ~~ '%Ang%'::text) AND ((gender)::text = 'f'::text))", "Rows Removed by Filter": 4160722, "Actual Rows": 6768}], "Actual Rows": 6768}, {"Node Type": "Index Scan", "Parent Relationship": "Inner", "Scan Direction": "Forward", "Index Name": "person_id_aka_name", "Relation Name": "aka_name", "Alias": "an", "Startup Cost": 0.0, "Total Cost": 8.23, "Plan Rows": 1, "Plan Width": 20, "Actual Min Startup Time": 20.67, "Actual Max Startup Time": 20.67, "Actual Min Total Time": 21.568, "Actual Max Total Time": 21.568, "Index Cond": "(person_id = n.id)", "Rows Removed by Index Recheck": 0, "Actual Rows": 1558}], "Actual Rows": 1558}, {"Node Type": "Index Scan", "Parent Relationship": "Inner", "Scan Direction": "Forward", "Index Name": "person_id_cast_info", "Relation Name": "cast_info", "Alias": "ci", "Startup Cost": 0.0, "Total Cost": 2.38, "Plan Rows": 1, "Plan Width": 16, "Actual Min Startup Time": 48.98, "Actual Max Startup Time": 48.98, "Actual Min Total Time": 54.031, "Actual Max Total Time": 54.031, "Index Cond": "(person_id = an.person_id)", "Rows Removed by Index Recheck": 0, "Filter": "((note)::text = ANY ('{(voice),\"(voice: Japanese version)\",\"(voice) (uncredited)\",\"(voice: English version)\"}'::text[]))", "Rows Removed by Filter": 69057, "Actual Rows": 425}], "Actual Rows": 425}, {"Node Type": "Index Scan", "Parent Relationship": "Inner", "Scan Direction": "Forward", "Index Name": "role_type_pkey", "Relation Name": "role_type", "Alias": "rt", "Startup Cost": 0.0, "Total Cost": 0.27, "Plan Rows": 1, "Plan Width": 4, "Actual Min Startup Time": 0.839, "Actual Max Startup Time": 0.839, "Actual Min Total Time": 0.839, "Actual Max Total Time": 0.839, "Index Cond": "(id = ci.role_id)", "Rows Removed by Index Recheck": 0, "Filter": "((role)::text = 'actress'::text)", "Rows Removed by Filter": 0, "Actual Rows": 425}], "Actual Rows": 425}, {"Node Type": "Index Scan", "Parent Relationship": "Inner", "Scan Direction": "Forward", "Index Name": "movie_id_movie_companies", "Relation Name": "movie_companies", "Alias": "mc", "Startup Cost": 0.0, "Total Cost": 0.42, "Plan Rows": 1, "Plan Width": 8, "Actual Min Startup Time": 3.237, "Actual Max Startup Time": 3.237, "Actual Min Total Time": 4.499, "Actual Max Total Time": 4.499, "Index Cond": "(movie_id = ci.movie_id)", "Rows Removed by Index Recheck": 0, "Filter": "((note IS NOT NULL) AND (((note)::text ~~ '%(USA)%'::text) OR ((note)::text ~~ '%(worldwide)%'::text)))", "Rows Removed by Filter": 1538, "Actual Rows": 373}], "Actual Rows": 373}, {"Node Type": "Index Scan", "Parent Relationship": "Inner", "Scan Direction": "Forward", "Index Name": "char_name_pkey", "Relation Name": "char_name", "Alias": "chn", "Startup Cost": 0.0, "Total Cost": 0.5, "Plan Rows": 1, "Plan Width": 20, "Actual Min Startup Time": 1.4, "Actual Max Startup Time": 1.4, "Actual Min Total Time": 1.4, "Actual Max Total Time": 1.4, "Index Cond": "(id = ci.person_role_id)", "Rows Removed by Index Recheck": 0, "Actual Rows": 348}], "Actual Rows": 348}, {"Node Type": "Index Scan", "Parent Relationship": "Inner", "Scan Direction": "Forward", "Index Name": "company_name_pkey", "Relation Name": "company_name", "Alias": "cn", "Startup Cost": 0.0, "Total Cost": 0.32, "Plan Rows": 1, "Plan Width": 4, "Actual Min Startup Time": 1.687, "Actual Max Startup Time": 1.687, "Actual Min Total Time": 1.687, "Actual Max Total Time": 1.687, "Index Cond": "(id = mc.company_id)", "Rows Removed by Index Recheck": 0, "Filter": "((country_code)::text = '[us]'::text)", "Rows Removed by Filter": 7, "Actual Rows": 341}], "Actual Rows": 341}, {"Node Type": "Index Scan", "Parent Relationship": "Inner", "Scan Direction": "Forward", "Index Name": "title_pkey", "Relation Name": "title", "Alias": "t", "Startup Cost": 0.0, "Total Cost": 0.49, "Plan Rows": 1, "Plan Width": 21, "Actual Min Startup Time": 1.865, "Actual Max Startup Time": 1.865, "Actual Min Total Time": 1.865, "Actual Max Total Time": 1.865, "Index Cond": "(id = ci.movie_id)", "Rows Removed by Index Recheck": 0, "Filter": "((production_year >= 2005) AND (production_year <= 2015))", "Rows Removed by Filter": 220, "Actual Rows": 121}], "Actual Rows": 121}], "Actual Rows": 1}, "Triggers": [], "Planner Runtime": 66, "Total Runtime": 261.423, "Unique SQL Id": 3431223514}}, "(64, 105)": {"explain_plan": {"Plan": {"Node Type": "Aggregate", "Strategy": "Plain", "Startup Cost": 198184.97, "Total Cost": 198184.98, "Plan Rows": 1, "Plan Width": 145, "Plans": [{"Node Type": "Nested Loop", "Parent Relationship": "Outer", "Join Type": "Inner", "Startup Cost": 0.0, "Total Cost": 198184.96, "Plan Rows": 1, "Plan Width": 49, "Inner Unique": true, "Plans": [{"Node Type": "Nested Loop", "Parent Relationship": "Outer", "Join Type": "Inner", "Startup Cost": 0.0, "Total Cost": 198184.46, "Plan Rows": 1, "Plan Width": 40, "Inner Unique": true, "Plans": [{"Node Type": "Nested Loop", "Parent Relationship": "Outer", "Join Type": "Inner", "Startup Cost": 0.0, "Total Cost": 198183.44, "Plan Rows": 2, "Plan Width": 28, "Inner Unique": true, "Plans": [{"Node Type": "Nested Loop", "Parent Relationship": "Outer", "Join Type": "Inner", "Startup Cost": 0.0, "Total Cost": 198181.8, "Plan Rows": 5, "Plan Width": 32, "Inner Unique": false, "Plans": [{"Node Type": "Nested Loop", "Parent Relationship": "Outer", "Join Type": "Inner", "Startup Cost": 0.0, "Total Cost": 198176.2, "Plan Rows": 13, "Plan Width": 24, "Inner Unique": true, "Plans": [{"Node Type": "Nested Loop", "Parent Relationship": "Outer", "Join Type": "Inner", "Startup Cost": 0.0, "Total Cost": 198136.36, "Plan Rows": 141, "Plan Width": 28, "Inner Unique": false, "Join Filter": "(n.id = ci.person_id)", "Plans": [{"Node Type": "Nested Loop", "Parent Relationship": "Outer", "Join Type": "Inner", "Startup Cost": 0.0, "Total Cost": 197861.08, "Plan Rows": 115, "Plan Width": 24, "Inner Unique": false, "Plans": [{"Node Type": "Index Scan", "Parent Relationship": "Outer", "Scan Direction": "Forward", "Index Name": "name_pkey", "Relation Name": "name", "Alias": "n", "Startup Cost": 0.0, "Total Cost": 197070.2, "Plan Rows": 96, "Plan Width": 4, "Filter": "(((name)::text ~~ '%Ang%'::text) AND ((gender)::text = 'f'::text))"}, {"Node Type": "Index Scan", "Parent Relationship": "Inner", "Scan Direction": "Forward", "Index Name": "person_id_aka_name", "Relation Name": "aka_name", "Alias": "an", "Startup Cost": 0.0, "Total Cost": 8.23, "Plan Rows": 1, "Plan Width": 20, "Index Cond": "(person_id = n.id)"}]}, {"Node Type": "Index Scan", "Parent Relationship": "Inner", "Scan Direction": "Forward", "Index Name": "person_id_cast_info", "Relation Name": "cast_info", "Alias": "ci", "Startup Cost": 0.0, "Total Cost": 2.38, "Plan Rows": 1, "Plan Width": 16, "Index Cond": "(person_id = an.person_id)", "Filter": "((note)::text = ANY ('{(voice),\"(voice: Japanese version)\",\"(voice) (uncredited)\",\"(voice: English version)\"}'::text[]))"}]}, {"Node Type": "Index Scan", "Parent Relationship": "Inner", "Scan Direction": "Forward", "Index Name": "role_type_pkey", "Relation Name": "role_type", "Alias": "rt", "Startup Cost": 0.0, "Total Cost": 0.27, "Plan Rows": 1, "Plan Width": 4, "Index Cond": "(id = ci.role_id)", "Filter": "((role)::text = 'actress'::text)"}]}, {"Node Type": "Index Scan", "Parent Relationship": "Inner", "Scan Direction": "Forward", "Index Name": "movie_id_movie_companies", "Relation Name": "movie_companies", "Alias": "mc", "Startup Cost": 0.0, "Total Cost": 0.42, "Plan Rows": 1, "Plan Width": 8, "Index Cond": "(movie_id = ci.movie_id)", "Filter": "((note IS NOT NULL) AND (((note)::text ~~ '%(USA)%'::text) OR ((note)::text ~~ '%(worldwide)%'::text)))"}]}, {"Node Type": "Index Scan", "Parent Relationship": "Inner", "Scan Direction": "Forward", "Index Name": "company_name_pkey", "Relation Name": "company_name", "Alias": "cn", "Startup Cost": 0.0, "Total Cost": 0.32, "Plan Rows": 1, "Plan Width": 4, "Index Cond": "(id = mc.company_id)", "Filter": "((country_code)::text = '[us]'::text)"}]}, {"Node Type": "Index Scan", "Parent Relationship": "Inner", "Scan Direction": "Forward", "Index Name": "char_name_pkey", "Relation Name": "char_name", "Alias": "chn", "Startup Cost": 0.0, "Total Cost": 0.5, "Plan Rows": 1, "Plan Width": 20, "Index Cond": "(id = ci.person_role_id)"}]}, {"Node Type": "Index Scan", "Parent Relationship": "Inner", "Scan Direction": "Forward", "Index Name": "title_pkey", "Relation Name": "title", "Alias": "t", "Startup Cost": 0.0, "Total Cost": 0.49, "Plan Rows": 1, "Plan Width": 21, "Index Cond": "(id = ci.movie_id)", "Filter": "((production_year >= 2005) AND (production_year <= 2015))"}]}]}, "Unique SQL Id": 3431223514, "Planner Runtime": 35}, "explain_analyze_plan": null}, "(64, 106)": {"explain_plan": {"Plan": {"Node Type": "Aggregate", "Strategy": "Plain", "Startup Cost": 363917.29, "Total Cost": 363917.3, "Plan Rows": 1, "Plan Width": 145, "Plans": [{"Node Type": "Hash Join", "Parent Relationship": "Outer", "Join Type": "Inner", "Startup Cost": 341214.65, "Total Cost": 363917.27, "Plan Rows": 2, "Plan Width": 49, "Inner Unique": true, "Hash Cond": "(mc.company_id = cn.id)", "Plans": [{"Node Type": "Hash Join", "Parent Relationship": "Outer", "Join Type": "Inner", "Startup Cost": 334246.58, "Total Cost": 356949.18, "Plan Rows": 2, "Plan Width": 53, "Inner Unique": false, "Hash Cond": "(an.person_id = n.id)", "Plans": [{"Node Type": "Seq Scan", "Parent Relationship": "Outer", "Relation Name": "aka_name", "Alias": "an", "Startup Cost": 0.0, "Total Cost": 19908.42, "Plan Rows": 901342, "Plan Width": 20}, {"Node Type": "Hash", "Parent Relationship": "Inner", "Startup Cost": 334246.55, "Total Cost": 334246.55, "Plan Rows": 2, "Plan Width": 45, "Plans": [{"Node Type": "Hash Join", "Parent Relationship": "Outer", "Join Type": "Inner", "Startup Cost": 175607.61, "Total Cost": 334246.55, "Plan Rows": 2, "Plan Width": 45, "Inner Unique": true, "Hash Cond": "(ci.role_id = rt.id)", "Plans": [{"Node Type": "Hash Join", "Parent Relationship": "Outer", "Join Type": "Inner", "Startup Cost": 175606.44, "Total Cost": 334245.27, "Plan Rows": 26, "Plan Width": 49, "Inner Unique": true, "Hash Cond": "(ci.movie_id = t.id)", "Plans": [{"Node Type": "Streaming(type: LOCAL GATHER dop: 1/64)", "Parent Relationship": "Outer", "Startup Cost": 139986.33, "Total Cost": 298624.82, "Plan Rows": 21, "Plan Width": 40, "Plans": [{"Node Type": "Hash Join", "Parent Relationship": "Outer", "Join Type": "Inner", "Startup Cost": 139986.33, "Total Cost": 298624.39, "Plan Rows": 21, "Plan Width": 40, "Inner Unique": true, "Hash Cond": "(ci.person_role_id = chn.id)", "Plans": [{"Node Type": "Streaming(type: BROADCAST dop: 64/1)", "Parent Relationship": "Outer", "Startup Cost": 123359.33, "Total Cost": 281997.22, "Plan Rows": 2752, "Plan Width": 28, "Plans": [{"Node Type": "Hash Join", "Parent Relationship": "Outer", "Join Type": "Inner", "Startup Cost": 123359.33, "Total Cost": 218940.45, "Plan Rows": 43, "Plan Width": 28, "Inner Unique": false, "Hash Cond": "(ci.movie_id = mc.movie_id)", "Plans": [{"Node Type": "Hash Join", "Parent Relationship": "Outer", "Join Type": "Inner", "Startup Cost": 64783.01, "Total Cost": 160333.72, "Plan Rows": 117, "Plan Width": 20, "Inner Unique": true, "Hash Cond": "(ci.person_id = n.id)", "Plans": [{"Node Type": "Streaming(type: LOCAL GATHER dop: 1/64)", "Parent Relationship": "Outer", "Startup Cost": 0.0, "Total Cost": 92425.17, "Plan Rows": 833163, "Plan Width": 16, "Plans": [{"Node Type": "Seq Scan", "Parent Relationship": "Outer", "Relation Name": "cast_info", "Alias": "ci", "Startup Cost": 0.0, "Total Cost": 75237.12, "Plan Rows": 833163, "Plan Width": 16, "Filter": "((note)::text = ANY ('{(voice),\"(voice: Japanese version)\",\"(voice) (uncredited)\",\"(voice: English version)\"}'::text[]))"}]}, {"Node Type": "Hash", "Parent Relationship": "Inner", "Startup Cost": 64781.81, "Total Cost": 64781.81, "Plan Rows": 96, "Plan Width": 4, "Plans": [{"Node Type": "Streaming(type: LOCAL GATHER dop: 1/64)", "Parent Relationship": "Outer", "Startup Cost": 0.0, "Total Cost": 64781.81, "Plan Rows": 96, "Plan Width": 4, "Plans": [{"Node Type": "Seq Scan", "Parent Relationship": "Outer", "Relation Name": "name", "Alias": "n", "Startup Cost": 0.0, "Total Cost": 64779.83, "Plan Rows": 96, "Plan Width": 4, "Filter": "(((name)::text ~~ '%Ang%'::text) AND ((gender)::text = 'f'::text))"}]}]}]}, {"Node Type": "Hash", "Parent Relationship": "Inner", "Startup Cost": 54862.92, "Total Cost": 54862.92, "Plan Rows": 297072, "Plan Width": 8, "Plans": [{"Node Type": "Seq Scan", "Parent Relationship": "Outer", "Relation Name": "movie_companies", "Alias": "mc", "Startup Cost": 0.0, "Total Cost": 54862.92, "Plan Rows": 297072, "Plan Width": 8, "Filter": "((note IS NOT NULL) AND (((note)::text ~~ '%(USA)%'::text) OR ((note)::text ~~ '%(worldwide)%'::text))), (LLVM Optimized)"}]}]}]}, {"Node Type": "Hash", "Parent Relationship": "Inner", "Startup Cost": 64054.58, "Total Cost": 64054.58, "Plan Rows": 3140338, "Plan Width": 20, "Plans": [{"Node Type": "Seq Scan", "Parent Relationship": "Outer", "Relation Name": "char_name", "Alias": "chn", "Startup Cost": 0.0, "Total Cost": 64054.58, "Plan Rows": 3140338, "Plan Width": 20}]}]}]}, {"Node Type": "Hash", "Parent Relationship": "Inner", "Startup Cost": 87019.27, "Total Cost": 87019.27, "Plan Rows": 1109224, "Plan Width": 21, "Plans": [{"Node Type": "Streaming(type: LOCAL GATHER dop: 1/64)", "Parent Relationship": "Outer", "Startup Cost": 282.75, "Total Cost": 87019.27, "Plan Rows": 1109224, "Plan Width": 21, "Plans": [{"Node Type": "Seq Scan", "Parent Relationship": "Outer", "Relation Name": "title", "Alias": "t", "Startup Cost": 282.75, "Total Cost": 64136.1, "Plan Rows": 1109224, "Plan Width": 21, "Filter": "((production_year >= 2005) AND (production_year <= 2015)), (LLVM Optimized)"}]}]}]}, {"Node Type": "Hash", "Parent Relationship": "Inner", "Startup Cost": 1.15, "Total Cost": 1.15, "Plan Rows": 1, "Plan Width": 4, "Plans": [{"Node Type": "Seq Scan", "Parent Relationship": "Outer", "Relation Name": "role_type", "Alias": "rt", "Startup Cost": 0.0, "Total Cost": 1.15, "Plan Rows": 1, "Plan Width": 4, "Filter": "((role)::text = 'actress'::text)"}]}]}]}]}, {"Node Type": "Hash", "Parent Relationship": "Inner", "Startup Cost": 5903.45, "Total Cost": 5903.45, "Plan Rows": 85170, "Plan Width": 4, "Plans": [{"Node Type": "Seq Scan", "Parent Relationship": "Outer", "Relation Name": "company_name", "Alias": "cn", "Startup Cost": 0.0, "Total Cost": 5903.45, "Plan Rows": 85170, "Plan Width": 4, "Filter": "((country_code)::text = '[us]'::text)"}]}]}]}, "Unique SQL Id": 3431223514, "Planner Runtime": 140}, "explain_analyze_plan": null}, "(64, 107)": {"explain_plan": {"Plan": {"Node Type": "Aggregate", "Strategy": "Plain", "Startup Cost": 8000062955394.57, "Total Cost": 8000062955394.58, "Plan Rows": 1, "Plan Width": 145, "Plans": [{"Node Type": "Nested Loop", "Parent Relationship": "Outer", "Join Type": "Inner", "Startup Cost": 4040047460651.61, "Total Cost": 8000062955394.56, "Plan Rows": 2, "Plan Width": 49, "Inner Unique": false, "Join Filter": "(n.id = an.person_id)", "Plans": [{"Node Type": "Nested Loop", "Parent Relationship": "Outer", "Join Type": "Inner", "Startup Cost": 4030047460651.61, "Total Cost": 7000062955360.89, "Plan Rows": 1, "Plan Width": 41, "Inner Unique": true, "Plans": [{"Node Type": "Hash Join", "Parent Relationship": "Outer", "Join Type": "Inner", "Startup Cost": 4020047460651.61, "Total Cost": 6000062955312.23, "Plan Rows": 1, "Plan Width": 32, "Inner Unique": true, "Hash Cond": "(mc.company_id = cn.id)", "Plans": [{"Node Type": "Hash Join", "Parent Relationship": "Outer", "Join Type": "Inner", "Startup Cost": 3020046409448.02, "Total Cost": 5000061904108.61, "Plan Rows": 2, "Plan Width": 36, "Inner Unique": false, "Hash Cond": "(ci.movie_id = mc.movie_id)", "Plans": [{"Node Type": "Hash Join", "Parent Relationship": "Outer", "Join Type": "Inner", "Startup Cost": 2020032733820.64, "Total Cost": 4000048228479.93, "Plan Rows": 5, "Plan Width": 28, "Inner Unique": true, "Hash Cond": "(ci.person_role_id = chn.id)", "Plans": [{"Node Type": "Hash Join", "Parent Relationship": "Outer", "Join Type": "Inner", "Startup Cost": 1020019707020.9, "Total Cost": 3000035201680.1, "Plan Rows": 11, "Plan Width": 16, "Inner Unique": true, "Hash Cond": "(ci.person_id = n.id)", "Plans": [{"Node Type": "Nested Loop", "Parent Relationship": "Outer", "Join Type": "Inner", "Startup Cost": 20000000000.0, "Total Cost": 2000015494423.42, "Plan Rows": 75742, "Plan Width": 12, "Inner Unique": false, "Plans": [{"Node Type": "Index Scan", "Parent Relationship": "Outer", "Scan Direction": "Forward", "Index Name": "role_type_pkey", "Relation Name": "role_type", "Alias": "rt", "Startup Cost": 10000000000.0, "Total Cost": 1000000001246.0, "Plan Rows": 1, "Plan Width": 4, "Filter": "((role)::text = 'actress'::text)"}, {"Node Type": "Index Scan", "Parent Relationship": "Inner", "Scan Direction": "Forward", "Index Name": "role_id_cast_info", "Relation Name": "cast_info", "Alias": "ci", "Startup Cost": 10000000000.0, "Total Cost": 1000015492420.0, "Plan Rows": 75742, "Plan Width": 16, "Index Cond": "(role_id = rt.id)", "Filter": "((note)::text = ANY ('{(voice),\"(voice: Japanese version)\",\"(voice) (uncredited)\",\"(voice: English version)\"}'::text[]))"}]}, {"Node Type": "Hash", "Parent Relationship": "Inner", "Startup Cost": 1000019707019.7, "Total Cost": 1000019707019.7, "Plan Rows": 96, "Plan Width": 4, "Plans": [{"Node Type": "Index Scan", "Parent Relationship": "Outer", "Scan Direction": "Forward", "Index Name": "name_pkey", "Relation Name": "name", "Alias": "n", "Startup Cost": 10000000000.0, "Total Cost": 1000019707019.7, "Plan Rows": 96, "Plan Width": 4, "Filter": "(((name)::text ~~ '%Ang%'::text) AND ((gender)::text = 'f'::text))"}]}]}, {"Node Type": "Hash", "Parent Relationship": "Inner", "Startup Cost": 1000012987545.51, "Total Cost": 1000012987545.51, "Plan Rows": 3140338, "Plan Width": 20, "Plans": [{"Node Type": "Index Scan", "Parent Relationship": "Outer", "Scan Direction": "Forward", "Index Name": "char_name_pkey", "Relation Name": "char_name", "Alias": "chn", "Startup Cost": 10000000000.0, "Total Cost": 1000012987545.51, "Plan Rows": 3140338, "Plan Width": 20}]}]}, {"Node Type": "Hash", "Parent Relationship": "Inner", "Startup Cost": 1000013671913.98, "Total Cost": 1000013671913.98, "Plan Rows": 297072, "Plan Width": 8, "Plans": [{"Node Type": "Index Scan", "Parent Relationship": "Outer", "Scan Direction": "Forward", "Index Name": "company_id_movie_companies", "Relation Name": "movie_companies", "Alias": "mc", "Startup Cost": 10000000000.0, "Total Cost": 1000013671913.98, "Plan Rows": 297072, "Plan Width": 8, "Filter": "((note IS NOT NULL) AND (((note)::text ~~ '%(USA)%'::text) OR ((note)::text ~~ '%(worldwide)%'::text))), (LLVM Optimized)"}]}]}, {"Node Type": "Hash", "Parent Relationship": "Inner", "Startup Cost": 1000001050138.97, "Total Cost": 1000001050138.97, "Plan Rows": 85170, "Plan Width": 4, "Plans": [{"Node Type": "Index Scan", "Parent Relationship": "Outer", "Scan Direction": "Forward", "Index Name": "company_name_pkey", "Relation Name": "company_name", "Alias": "cn", "Startup Cost": 10000000000.0, "Total Cost": 1000001050138.97, "Plan Rows": 85170, "Plan Width": 4, "Filter": "((country_code)::text = '[us]'::text)"}]}]}, {"Node Type": "Index Scan", "Parent Relationship": "Inner", "Scan Direction": "Forward", "Index Name": "title_pkey", "Relation Name": "title", "Alias": "t", "Startup Cost": 10000000000.0, "Total Cost": 1000000000048.64, "Plan Rows": 1, "Plan Width": 21, "Index Cond": "(id = ci.movie_id)", "Filter": "((production_year >= 2005) AND (production_year <= 2015))"}]}, {"Node Type": "Index Scan", "Parent Relationship": "Inner", "Scan Direction": "Forward", "Index Name": "person_id_aka_name", "Relation Name": "aka_name", "Alias": "an", "Startup Cost": 10000000000.0, "Total Cost": 1000000000033.66, "Plan Rows": 1, "Plan Width": 20, "Index Cond": "(person_id = ci.person_id)"}]}]}, "Unique SQL Id": 3431223514, "Planner Runtime": 96}, "explain_analyze_plan": null}, "(64, 108)": {"explain_plan": {"Plan": {"Node Type": "Aggregate", "Strategy": "Plain", "Startup Cost": 65897.13, "Total Cost": 65897.14, "Plan Rows": 1, "Plan Width": 145, "Plans": [{"Node Type": "Nested Loop", "Parent Relationship": "Outer", "Join Type": "Inner", "Startup Cost": 0.0, "Total Cost": 65897.12, "Plan Rows": 1, "Plan Width": 49, "Inner Unique": true, "Plans": [{"Node Type": "Nested Loop", "Parent Relationship": "Outer", "Join Type": "Inner", "Startup Cost": 0.0, "Total Cost": 65896.62, "Plan Rows": 1, "Plan Width": 40, "Inner Unique": true, "Plans": [{"Node Type": "Nested Loop", "Parent Relationship": "Outer", "Join Type": "Inner", "Startup Cost": 0.0, "Total Cost": 65895.97, "Plan Rows": 2, "Plan Width": 44, "Inner Unique": true, "Plans": [{"Node Type": "Nested Loop", "Parent Relationship": "Outer", "Join Type": "Inner", "Startup Cost": 0.0, "Total Cost": 65893.42, "Plan Rows": 5, "Plan Width": 32, "Inner Unique": false, "Plans": [{"Node Type": "Nested Loop", "Parent Relationship": "Outer", "Join Type": "Inner", "Startup Cost": 0.0, "Total Cost": 65887.81, "Plan Rows": 13, "Plan Width": 24, "Inner Unique": true, "Plans": [{"Node Type": "Nested Loop", "Parent Relationship": "Outer", "Join Type": "Inner", "Startup Cost": 0.0, "Total Cost": 65847.98, "Plan Rows": 141, "Plan Width": 28, "Inner Unique": false, "Join Filter": "(n.id = ci.person_id)", "Plans": [{"Node Type": "Nested Loop", "Parent Relationship": "Outer", "Join Type": "Inner", "Startup Cost": 0.0, "Total Cost": 65572.69, "Plan Rows": 115, "Plan Width": 24, "Inner Unique": false, "Plans": [{"Node Type": "Streaming(type: LOCAL GATHER dop: 1/64)", "Parent Relationship": "Outer", "Startup Cost": 0.0, "Total Cost": 64781.81, "Plan Rows": 96, "Plan Width": 4, "Plans": [{"Node Type": "Seq Scan", "Parent Relationship": "Outer", "Relation Name": "name", "Alias": "n", "Startup Cost": 0.0, "Total Cost": 64779.83, "Plan Rows": 96, "Plan Width": 4, "Filter": "(((name)::text ~~ '%Ang%'::text) AND ((gender)::text = 'f'::text))"}]}, {"Node Type": "Index Scan", "Parent Relationship": "Inner", "Scan Direction": "Forward", "Index Name": "person_id_aka_name", "Relation Name": "aka_name", "Alias": "an", "Startup Cost": 0.0, "Total Cost": 8.23, "Plan Rows": 1, "Plan Width": 20, "Index Cond": "(person_id = n.id)"}]}, {"Node Type": "Index Scan", "Parent Relationship": "Inner", "Scan Direction": "Forward", "Index Name": "person_id_cast_info", "Relation Name": "cast_info", "Alias": "ci", "Startup Cost": 0.0, "Total Cost": 2.38, "Plan Rows": 1, "Plan Width": 16, "Index Cond": "(person_id = an.person_id)", "Filter": "((note)::text = ANY ('{(voice),\"(voice: Japanese version)\",\"(voice) (uncredited)\",\"(voice: English version)\"}'::text[]))"}]}, {"Node Type": "Index Scan", "Parent Relationship": "Inner", "Scan Direction": "Forward", "Index Name": "role_type_pkey", "Relation Name": "role_type", "Alias": "rt", "Startup Cost": 0.0, "Total Cost": 0.27, "Plan Rows": 1, "Plan Width": 4, "Index Cond": "(id = ci.role_id)", "Filter": "((role)::text = 'actress'::text)"}]}, {"Node Type": "Index Scan", "Parent Relationship": "Inner", "Scan Direction": "Forward", "Index Name": "movie_id_movie_companies", "Relation Name": "movie_companies", "Alias": "mc", "Startup Cost": 0.0, "Total Cost": 0.42, "Plan Rows": 1, "Plan Width": 8, "Index Cond": "(movie_id = ci.movie_id)", "Filter": "((note IS NOT NULL) AND (((note)::text ~~ '%(USA)%'::text) OR ((note)::text ~~ '%(worldwide)%'::text)))"}]}, {"Node Type": "Index Scan", "Parent Relationship": "Inner", "Scan Direction": "Forward", "Index Name": "char_name_pkey", "Relation Name": "char_name", "Alias": "chn", "Startup Cost": 0.0, "Total Cost": 0.5, "Plan Rows": 1, "Plan Width": 20, "Index Cond": "(id = ci.person_role_id)"}]}, {"Node Type": "Index Scan", "Parent Relationship": "Inner", "Scan Direction": "Forward", "Index Name": "company_name_pkey", "Relation Name": "company_name", "Alias": "cn", "Startup Cost": 0.0, "Total Cost": 0.32, "Plan Rows": 1, "Plan Width": 4, "Index Cond": "(id = mc.company_id)", "Filter": "((country_code)::text = '[us]'::text)"}]}, {"Node Type": "Index Scan", "Parent Relationship": "Inner", "Scan Direction": "Forward", "Index Name": "title_pkey", "Relation Name": "title", "Alias": "t", "Startup Cost": 0.0, "Total Cost": 0.49, "Plan Rows": 1, "Plan Width": 21, "Index Cond": "(id = ci.movie_id)", "Filter": "((production_year >= 2005) AND (production_year <= 2015))"}]}]}, "Unique SQL Id": 3431223514, "Planner Runtime": 66}, "explain_analyze_plan": {"Plan": {"Node Type": "Aggregate", "Strategy": "Plain", "Startup Cost": 65897.13, "Total Cost": 65897.14, "Plan Rows": 1, "Plan Width": 145, "Actual Min Startup Time": 247.956, "Actual Max Startup Time": 247.956, "Actual Min Total Time": 247.957, "Actual Max Total Time": 247.957, "Plans": [{"Node Type": "Nested Loop", "Parent Relationship": "Outer", "Join Type": "Inner", "Startup Cost": 0.0, "Total Cost": 65897.12, "Plan Rows": 1, "Plan Width": 49, "Actual Min Startup Time": 158.201, "Actual Max Startup Time": 158.201, "Actual Min Total Time": 247.771, "Actual Max Total Time": 247.771, "Inner Unique": true, "Plans": [{"Node Type": "Nested Loop", "Parent Relationship": "Outer", "Join Type": "Inner", "Startup Cost": 0.0, "Total Cost": 65896.62, "Plan Rows": 1, "Plan Width": 40, "Actual Min Startup Time": 148.325, "Actual Max Startup Time": 148.325, "Actual Min Total Time": 245.64, "Actual Max Total Time": 245.64, "Inner Unique": true, "Plans": [{"Node Type": "Nested Loop", "Parent Relationship": "Outer", "Join Type": "Inner", "Startup Cost": 0.0, "Total Cost": 65895.97, "Plan Rows": 2, "Plan Width": 44, "Actual Min Startup Time": 148.293, "Actual Max Startup Time": 148.293, "Actual Min Total Time": 243.609, "Actual Max Total Time": 243.609, "Inner Unique": true, "Plans": [{"Node Type": "Nested Loop", "Parent Relationship": "Outer", "Join Type": "Inner", "Startup Cost": 0.0, "Total Cost": 65893.42, "Plan Rows": 5, "Plan Width": 32, "Actual Min Startup Time": 148.272, "Actual Max Startup Time": 148.272, "Actual Min Total Time": 241.843, "Actual Max Total Time": 241.843, "Inner Unique": false, "Plans": [{"Node Type": "Nested Loop", "Parent Relationship": "Outer", "Join Type": "Inner", "Startup Cost": 0.0, "Total Cost": 65887.81, "Plan Rows": 13, "Plan Width": 24, "Actual Min Startup Time": 117.747, "Actual Max Startup Time": 117.747, "Actual Min Total Time": 236.984, "Actual Max Total Time": 236.984, "Inner Unique": true, "Plans": [{"Node Type": "Nested Loop", "Parent Relationship": "Outer", "Join Type": "Inner", "Startup Cost": 0.0, "Total Cost": 65847.98, "Plan Rows": 141, "Plan Width": 28, "Actual Min Startup Time": 117.733, "Actual Max Startup Time": 117.733, "Actual Min Total Time": 235.718, "Actual Max Total Time": 235.718, "Inner Unique": false, "Join Filter": "(n.id = ci.person_id)", "Rows Removed by Join Filter": 0, "Plans": [{"Node Type": "Nested Loop", "Parent Relationship": "Outer", "Join Type": "Inner", "Startup Cost": 0.0, "Total Cost": 65572.69, "Plan Rows": 115, "Plan Width": 24, "Actual Min Startup Time": 117.21, "Actual Max Startup Time": 117.21, "Actual Min Total Time": 180.677, "Actual Max Total Time": 180.677, "Inner Unique": false, "Plans": [{"Node Type": "Streaming(type: LOCAL GATHER dop: 1/64)", "Parent Relationship": "Outer", "Startup Cost": 0.0, "Total Cost": 64781.81, "Plan Rows": 96, "Plan Width": 4, "Actual Min Startup Time": 117.144, "Actual Max Startup Time": 117.144, "Actual Min Total Time": 155.659, "Actual Max Total Time": 155.659, "Plans": [{"Node Type": "Seq Scan", "Parent Relationship": "Outer", "Relation Name": "name", "Alias": "n", "Startup Cost": 0.0, "Total Cost": 64779.83, "Plan Rows": 96, "Plan Width": 4, "Actual Min Startup Time": 9.543, "Actual Max Startup Time": 14.159, "Actual Min Total Time": 25.518, "Actual Max Total Time": 30.721, "Filter": "(((name)::text ~~ '%Ang%'::text) AND ((gender)::text = 'f'::text))", "Rows Removed by Filter": 4160722, "Actual Rows": 6768}], "Actual Rows": 6768}, {"Node Type": "Index Scan", "Parent Relationship": "Inner", "Scan Direction": "Forward", "Index Name": "person_id_aka_name", "Relation Name": "aka_name", "Alias": "an", "Startup Cost": 0.0, "Total Cost": 8.23, "Plan Rows": 1, "Plan Width": 20, "Actual Min Startup Time": 20.67, "Actual Max Startup Time": 20.67, "Actual Min Total Time": 21.568, "Actual Max Total Time": 21.568, "Index Cond": "(person_id = n.id)", "Rows Removed by Index Recheck": 0, "Actual Rows": 1558}], "Actual Rows": 1558}, {"Node Type": "Index Scan", "Parent Relationship": "Inner", "Scan Direction": "Forward", "Index Name": "person_id_cast_info", "Relation Name": "cast_info", "Alias": "ci", "Startup Cost": 0.0, "Total Cost": 2.38, "Plan Rows": 1, "Plan Width": 16, "Actual Min Startup Time": 48.98, "Actual Max Startup Time": 48.98, "Actual Min Total Time": 54.031, "Actual Max Total Time": 54.031, "Index Cond": "(person_id = an.person_id)", "Rows Removed by Index Recheck": 0, "Filter": "((note)::text = ANY ('{(voice),\"(voice: Japanese version)\",\"(voice) (uncredited)\",\"(voice: English version)\"}'::text[]))", "Rows Removed by Filter": 69057, "Actual Rows": 425}], "Actual Rows": 425}, {"Node Type": "Index Scan", "Parent Relationship": "Inner", "Scan Direction": "Forward", "Index Name": "role_type_pkey", "Relation Name": "role_type", "Alias": "rt", "Startup Cost": 0.0, "Total Cost": 0.27, "Plan Rows": 1, "Plan Width": 4, "Actual Min Startup Time": 0.839, "Actual Max Startup Time": 0.839, "Actual Min Total Time": 0.839, "Actual Max Total Time": 0.839, "Index Cond": "(id = ci.role_id)", "Rows Removed by Index Recheck": 0, "Filter": "((role)::text = 'actress'::text)", "Rows Removed by Filter": 0, "Actual Rows": 425}], "Actual Rows": 425}, {"Node Type": "Index Scan", "Parent Relationship": "Inner", "Scan Direction": "Forward", "Index Name": "movie_id_movie_companies", "Relation Name": "movie_companies", "Alias": "mc", "Startup Cost": 0.0, "Total Cost": 0.42, "Plan Rows": 1, "Plan Width": 8, "Actual Min Startup Time": 3.237, "Actual Max Startup Time": 3.237, "Actual Min Total Time": 4.499, "Actual Max Total Time": 4.499, "Index Cond": "(movie_id = ci.movie_id)", "Rows Removed by Index Recheck": 0, "Filter": "((note IS NOT NULL) AND (((note)::text ~~ '%(USA)%'::text) OR ((note)::text ~~ '%(worldwide)%'::text)))", "Rows Removed by Filter": 1538, "Actual Rows": 373}], "Actual Rows": 373}, {"Node Type": "Index Scan", "Parent Relationship": "Inner", "Scan Direction": "Forward", "Index Name": "char_name_pkey", "Relation Name": "char_name", "Alias": "chn", "Startup Cost": 0.0, "Total Cost": 0.5, "Plan Rows": 1, "Plan Width": 20, "Actual Min Startup Time": 1.4, "Actual Max Startup Time": 1.4, "Actual Min Total Time": 1.4, "Actual Max Total Time": 1.4, "Index Cond": "(id = ci.person_role_id)", "Rows Removed by Index Recheck": 0, "Actual Rows": 348}], "Actual Rows": 348}, {"Node Type": "Index Scan", "Parent Relationship": "Inner", "Scan Direction": "Forward", "Index Name": "company_name_pkey", "Relation Name": "company_name", "Alias": "cn", "Startup Cost": 0.0, "Total Cost": 0.32, "Plan Rows": 1, "Plan Width": 4, "Actual Min Startup Time": 1.687, "Actual Max Startup Time": 1.687, "Actual Min Total Time": 1.687, "Actual Max Total Time": 1.687, "Index Cond": "(id = mc.company_id)", "Rows Removed by Index Recheck": 0, "Filter": "((country_code)::text = '[us]'::text)", "Rows Removed by Filter": 7, "Actual Rows": 341}], "Actual Rows": 341}, {"Node Type": "Index Scan", "Parent Relationship": "Inner", "Scan Direction": "Forward", "Index Name": "title_pkey", "Relation Name": "title", "Alias": "t", "Startup Cost": 0.0, "Total Cost": 0.49, "Plan Rows": 1, "Plan Width": 21, "Actual Min Startup Time": 1.865, "Actual Max Startup Time": 1.865, "Actual Min Total Time": 1.865, "Actual Max Total Time": 1.865, "Index Cond": "(id = ci.movie_id)", "Rows Removed by Index Recheck": 0, "Filter": "((production_year >= 2005) AND (production_year <= 2015))", "Rows Removed by Filter": 220, "Actual Rows": 121}], "Actual Rows": 121}], "Actual Rows": 1}, "Triggers": [], "Planner Runtime": 66, "Total Runtime": 261.423, "Unique SQL Id": 3431223514}}, "(64, 109)": {"explain_plan": {"Plan": {"Node Type": "Aggregate", "Strategy": "Plain", "Startup Cost": 198184.97, "Total Cost": 198184.98, "Plan Rows": 1, "Plan Width": 145, "Plans": [{"Node Type": "Nested Loop", "Parent Relationship": "Outer", "Join Type": "Inner", "Startup Cost": 0.0, "Total Cost": 198184.96, "Plan Rows": 1, "Plan Width": 49, "Inner Unique": true, "Plans": [{"Node Type": "Nested Loop", "Parent Relationship": "Outer", "Join Type": "Inner", "Startup Cost": 0.0, "Total Cost": 198184.46, "Plan Rows": 1, "Plan Width": 40, "Inner Unique": true, "Plans": [{"Node Type": "Nested Loop", "Parent Relationship": "Outer", "Join Type": "Inner", "Startup Cost": 0.0, "Total Cost": 198183.44, "Plan Rows": 2, "Plan Width": 28, "Inner Unique": true, "Plans": [{"Node Type": "Nested Loop", "Parent Relationship": "Outer", "Join Type": "Inner", "Startup Cost": 0.0, "Total Cost": 198181.8, "Plan Rows": 5, "Plan Width": 32, "Inner Unique": false, "Plans": [{"Node Type": "Nested Loop", "Parent Relationship": "Outer", "Join Type": "Inner", "Startup Cost": 0.0, "Total Cost": 198176.2, "Plan Rows": 13, "Plan Width": 24, "Inner Unique": true, "Plans": [{"Node Type": "Nested Loop", "Parent Relationship": "Outer", "Join Type": "Inner", "Startup Cost": 0.0, "Total Cost": 198136.36, "Plan Rows": 141, "Plan Width": 28, "Inner Unique": false, "Join Filter": "(n.id = ci.person_id)", "Plans": [{"Node Type": "Nested Loop", "Parent Relationship": "Outer", "Join Type": "Inner", "Startup Cost": 0.0, "Total Cost": 197861.08, "Plan Rows": 115, "Plan Width": 24, "Inner Unique": false, "Plans": [{"Node Type": "Index Scan", "Parent Relationship": "Outer", "Scan Direction": "Forward", "Index Name": "name_pkey", "Relation Name": "name", "Alias": "n", "Startup Cost": 0.0, "Total Cost": 197070.2, "Plan Rows": 96, "Plan Width": 4, "Filter": "(((name)::text ~~ '%Ang%'::text) AND ((gender)::text = 'f'::text))"}, {"Node Type": "Index Scan", "Parent Relationship": "Inner", "Scan Direction": "Forward", "Index Name": "person_id_aka_name", "Relation Name": "aka_name", "Alias": "an", "Startup Cost": 0.0, "Total Cost": 8.23, "Plan Rows": 1, "Plan Width": 20, "Index Cond": "(person_id = n.id)"}]}, {"Node Type": "Index Scan", "Parent Relationship": "Inner", "Scan Direction": "Forward", "Index Name": "person_id_cast_info", "Relation Name": "cast_info", "Alias": "ci", "Startup Cost": 0.0, "Total Cost": 2.38, "Plan Rows": 1, "Plan Width": 16, "Index Cond": "(person_id = an.person_id)", "Filter": "((note)::text = ANY ('{(voice),\"(voice: Japanese version)\",\"(voice) (uncredited)\",\"(voice: English version)\"}'::text[]))"}]}, {"Node Type": "Index Scan", "Parent Relationship": "Inner", "Scan Direction": "Forward", "Index Name": "role_type_pkey", "Relation Name": "role_type", "Alias": "rt", "Startup Cost": 0.0, "Total Cost": 0.27, "Plan Rows": 1, "Plan Width": 4, "Index Cond": "(id = ci.role_id)", "Filter": "((role)::text = 'actress'::text)"}]}, {"Node Type": "Index Scan", "Parent Relationship": "Inner", "Scan Direction": "Forward", "Index Name": "movie_id_movie_companies", "Relation Name": "movie_companies", "Alias": "mc", "Startup Cost": 0.0, "Total Cost": 0.42, "Plan Rows": 1, "Plan Width": 8, "Index Cond": "(movie_id = ci.movie_id)", "Filter": "((note IS NOT NULL) AND (((note)::text ~~ '%(USA)%'::text) OR ((note)::text ~~ '%(worldwide)%'::text)))"}]}, {"Node Type": "Index Scan", "Parent Relationship": "Inner", "Scan Direction": "Forward", "Index Name": "company_name_pkey", "Relation Name": "company_name", "Alias": "cn", "Startup Cost": 0.0, "Total Cost": 0.32, "Plan Rows": 1, "Plan Width": 4, "Index Cond": "(id = mc.company_id)", "Filter": "((country_code)::text = '[us]'::text)"}]}, {"Node Type": "Index Scan", "Parent Relationship": "Inner", "Scan Direction": "Forward", "Index Name": "char_name_pkey", "Relation Name": "char_name", "Alias": "chn", "Startup Cost": 0.0, "Total Cost": 0.5, "Plan Rows": 1, "Plan Width": 20, "Index Cond": "(id = ci.person_role_id)"}]}, {"Node Type": "Index Scan", "Parent Relationship": "Inner", "Scan Direction": "Forward", "Index Name": "title_pkey", "Relation Name": "title", "Alias": "t", "Startup Cost": 0.0, "Total Cost": 0.49, "Plan Rows": 1, "Plan Width": 21, "Index Cond": "(id = ci.movie_id)", "Filter": "((production_year >= 2005) AND (production_year <= 2015))"}]}]}, "Unique SQL Id": 3431223514, "Planner Runtime": 35}, "explain_analyze_plan": null}, "(64, 110)": {"explain_plan": {"Plan": {"Node Type": "Aggregate", "Strategy": "Plain", "Startup Cost": 363917.29, "Total Cost": 363917.3, "Plan Rows": 1, "Plan Width": 145, "Plans": [{"Node Type": "Hash Join", "Parent Relationship": "Outer", "Join Type": "Inner", "Startup Cost": 341214.65, "Total Cost": 363917.27, "Plan Rows": 2, "Plan Width": 49, "Inner Unique": true, "Hash Cond": "(mc.company_id = cn.id)", "Plans": [{"Node Type": "Hash Join", "Parent Relationship": "Outer", "Join Type": "Inner", "Startup Cost": 334246.58, "Total Cost": 356949.18, "Plan Rows": 2, "Plan Width": 53, "Inner Unique": false, "Hash Cond": "(an.person_id = n.id)", "Plans": [{"Node Type": "Seq Scan", "Parent Relationship": "Outer", "Relation Name": "aka_name", "Alias": "an", "Startup Cost": 0.0, "Total Cost": 19908.42, "Plan Rows": 901342, "Plan Width": 20}, {"Node Type": "Hash", "Parent Relationship": "Inner", "Startup Cost": 334246.55, "Total Cost": 334246.55, "Plan Rows": 2, "Plan Width": 45, "Plans": [{"Node Type": "Hash Join", "Parent Relationship": "Outer", "Join Type": "Inner", "Startup Cost": 175607.61, "Total Cost": 334246.55, "Plan Rows": 2, "Plan Width": 45, "Inner Unique": true, "Hash Cond": "(ci.role_id = rt.id)", "Plans": [{"Node Type": "Hash Join", "Parent Relationship": "Outer", "Join Type": "Inner", "Startup Cost": 175606.44, "Total Cost": 334245.27, "Plan Rows": 26, "Plan Width": 49, "Inner Unique": true, "Hash Cond": "(ci.movie_id = t.id)", "Plans": [{"Node Type": "Streaming(type: LOCAL GATHER dop: 1/64)", "Parent Relationship": "Outer", "Startup Cost": 139986.33, "Total Cost": 298624.82, "Plan Rows": 21, "Plan Width": 40, "Plans": [{"Node Type": "Hash Join", "Parent Relationship": "Outer", "Join Type": "Inner", "Startup Cost": 139986.33, "Total Cost": 298624.39, "Plan Rows": 21, "Plan Width": 40, "Inner Unique": true, "Hash Cond": "(ci.person_role_id = chn.id)", "Plans": [{"Node Type": "Streaming(type: BROADCAST dop: 64/1)", "Parent Relationship": "Outer", "Startup Cost": 123359.33, "Total Cost": 281997.22, "Plan Rows": 2752, "Plan Width": 28, "Plans": [{"Node Type": "Hash Join", "Parent Relationship": "Outer", "Join Type": "Inner", "Startup Cost": 123359.33, "Total Cost": 218940.45, "Plan Rows": 43, "Plan Width": 28, "Inner Unique": false, "Hash Cond": "(ci.movie_id = mc.movie_id)", "Plans": [{"Node Type": "Hash Join", "Parent Relationship": "Outer", "Join Type": "Inner", "Startup Cost": 64783.01, "Total Cost": 160333.72, "Plan Rows": 117, "Plan Width": 20, "Inner Unique": true, "Hash Cond": "(ci.person_id = n.id)", "Plans": [{"Node Type": "Streaming(type: LOCAL GATHER dop: 1/64)", "Parent Relationship": "Outer", "Startup Cost": 0.0, "Total Cost": 92425.17, "Plan Rows": 833163, "Plan Width": 16, "Plans": [{"Node Type": "Seq Scan", "Parent Relationship": "Outer", "Relation Name": "cast_info", "Alias": "ci", "Startup Cost": 0.0, "Total Cost": 75237.12, "Plan Rows": 833163, "Plan Width": 16, "Filter": "((note)::text = ANY ('{(voice),\"(voice: Japanese version)\",\"(voice) (uncredited)\",\"(voice: English version)\"}'::text[]))"}]}, {"Node Type": "Hash", "Parent Relationship": "Inner", "Startup Cost": 64781.81, "Total Cost": 64781.81, "Plan Rows": 96, "Plan Width": 4, "Plans": [{"Node Type": "Streaming(type: LOCAL GATHER dop: 1/64)", "Parent Relationship": "Outer", "Startup Cost": 0.0, "Total Cost": 64781.81, "Plan Rows": 96, "Plan Width": 4, "Plans": [{"Node Type": "Seq Scan", "Parent Relationship": "Outer", "Relation Name": "name", "Alias": "n", "Startup Cost": 0.0, "Total Cost": 64779.83, "Plan Rows": 96, "Plan Width": 4, "Filter": "(((name)::text ~~ '%Ang%'::text) AND ((gender)::text = 'f'::text))"}]}]}]}, {"Node Type": "Hash", "Parent Relationship": "Inner", "Startup Cost": 54862.92, "Total Cost": 54862.92, "Plan Rows": 297072, "Plan Width": 8, "Plans": [{"Node Type": "Seq Scan", "Parent Relationship": "Outer", "Relation Name": "movie_companies", "Alias": "mc", "Startup Cost": 0.0, "Total Cost": 54862.92, "Plan Rows": 297072, "Plan Width": 8, "Filter": "((note IS NOT NULL) AND (((note)::text ~~ '%(USA)%'::text) OR ((note)::text ~~ '%(worldwide)%'::text))), (LLVM Optimized)"}]}]}]}, {"Node Type": "Hash", "Parent Relationship": "Inner", "Startup Cost": 64054.58, "Total Cost": 64054.58, "Plan Rows": 3140338, "Plan Width": 20, "Plans": [{"Node Type": "Seq Scan", "Parent Relationship": "Outer", "Relation Name": "char_name", "Alias": "chn", "Startup Cost": 0.0, "Total Cost": 64054.58, "Plan Rows": 3140338, "Plan Width": 20}]}]}]}, {"Node Type": "Hash", "Parent Relationship": "Inner", "Startup Cost": 87019.27, "Total Cost": 87019.27, "Plan Rows": 1109224, "Plan Width": 21, "Plans": [{"Node Type": "Streaming(type: LOCAL GATHER dop: 1/64)", "Parent Relationship": "Outer", "Startup Cost": 282.75, "Total Cost": 87019.27, "Plan Rows": 1109224, "Plan Width": 21, "Plans": [{"Node Type": "Seq Scan", "Parent Relationship": "Outer", "Relation Name": "title", "Alias": "t", "Startup Cost": 282.75, "Total Cost": 64136.1, "Plan Rows": 1109224, "Plan Width": 21, "Filter": "((production_year >= 2005) AND (production_year <= 2015)), (LLVM Optimized)"}]}]}]}, {"Node Type": "Hash", "Parent Relationship": "Inner", "Startup Cost": 1.15, "Total Cost": 1.15, "Plan Rows": 1, "Plan Width": 4, "Plans": [{"Node Type": "Seq Scan", "Parent Relationship": "Outer", "Relation Name": "role_type", "Alias": "rt", "Startup Cost": 0.0, "Total Cost": 1.15, "Plan Rows": 1, "Plan Width": 4, "Filter": "((role)::text = 'actress'::text)"}]}]}]}]}, {"Node Type": "Hash", "Parent Relationship": "Inner", "Startup Cost": 5903.45, "Total Cost": 5903.45, "Plan Rows": 85170, "Plan Width": 4, "Plans": [{"Node Type": "Seq Scan", "Parent Relationship": "Outer", "Relation Name": "company_name", "Alias": "cn", "Startup Cost": 0.0, "Total Cost": 5903.45, "Plan Rows": 85170, "Plan Width": 4, "Filter": "((country_code)::text = '[us]'::text)"}]}]}]}, "Unique SQL Id": 3431223514, "Planner Runtime": 139}, "explain_analyze_plan": null}, "(64, 111)": {"explain_plan": {"Plan": {"Node Type": "Aggregate", "Strategy": "Plain", "Startup Cost": 8000062955394.57, "Total Cost": 8000062955394.58, "Plan Rows": 1, "Plan Width": 145, "Plans": [{"Node Type": "Nested Loop", "Parent Relationship": "Outer", "Join Type": "Inner", "Startup Cost": 4040047460651.61, "Total Cost": 8000062955394.56, "Plan Rows": 2, "Plan Width": 49, "Inner Unique": false, "Join Filter": "(n.id = an.person_id)", "Plans": [{"Node Type": "Nested Loop", "Parent Relationship": "Outer", "Join Type": "Inner", "Startup Cost": 4030047460651.61, "Total Cost": 7000062955360.89, "Plan Rows": 1, "Plan Width": 41, "Inner Unique": true, "Plans": [{"Node Type": "Hash Join", "Parent Relationship": "Outer", "Join Type": "Inner", "Startup Cost": 4020047460651.61, "Total Cost": 6000062955312.23, "Plan Rows": 1, "Plan Width": 32, "Inner Unique": true, "Hash Cond": "(mc.company_id = cn.id)", "Plans": [{"Node Type": "Hash Join", "Parent Relationship": "Outer", "Join Type": "Inner", "Startup Cost": 3020046409448.02, "Total Cost": 5000061904108.61, "Plan Rows": 2, "Plan Width": 36, "Inner Unique": false, "Hash Cond": "(ci.movie_id = mc.movie_id)", "Plans": [{"Node Type": "Hash Join", "Parent Relationship": "Outer", "Join Type": "Inner", "Startup Cost": 2020032733820.64, "Total Cost": 4000048228479.93, "Plan Rows": 5, "Plan Width": 28, "Inner Unique": true, "Hash Cond": "(ci.person_role_id = chn.id)", "Plans": [{"Node Type": "Hash Join", "Parent Relationship": "Outer", "Join Type": "Inner", "Startup Cost": 1020019707020.9, "Total Cost": 3000035201680.1, "Plan Rows": 11, "Plan Width": 16, "Inner Unique": true, "Hash Cond": "(ci.person_id = n.id)", "Plans": [{"Node Type": "Nested Loop", "Parent Relationship": "Outer", "Join Type": "Inner", "Startup Cost": 20000000000.0, "Total Cost": 2000015494423.42, "Plan Rows": 75742, "Plan Width": 12, "Inner Unique": false, "Plans": [{"Node Type": "Index Scan", "Parent Relationship": "Outer", "Scan Direction": "Forward", "Index Name": "role_type_pkey", "Relation Name": "role_type", "Alias": "rt", "Startup Cost": 10000000000.0, "Total Cost": 1000000001246.0, "Plan Rows": 1, "Plan Width": 4, "Filter": "((role)::text = 'actress'::text)"}, {"Node Type": "Index Scan", "Parent Relationship": "Inner", "Scan Direction": "Forward", "Index Name": "role_id_cast_info", "Relation Name": "cast_info", "Alias": "ci", "Startup Cost": 10000000000.0, "Total Cost": 1000015492420.0, "Plan Rows": 75742, "Plan Width": 16, "Index Cond": "(role_id = rt.id)", "Filter": "((note)::text = ANY ('{(voice),\"(voice: Japanese version)\",\"(voice) (uncredited)\",\"(voice: English version)\"}'::text[]))"}]}, {"Node Type": "Hash", "Parent Relationship": "Inner", "Startup Cost": 1000019707019.7, "Total Cost": 1000019707019.7, "Plan Rows": 96, "Plan Width": 4, "Plans": [{"Node Type": "Index Scan", "Parent Relationship": "Outer", "Scan Direction": "Forward", "Index Name": "name_pkey", "Relation Name": "name", "Alias": "n", "Startup Cost": 10000000000.0, "Total Cost": 1000019707019.7, "Plan Rows": 96, "Plan Width": 4, "Filter": "(((name)::text ~~ '%Ang%'::text) AND ((gender)::text = 'f'::text))"}]}]}, {"Node Type": "Hash", "Parent Relationship": "Inner", "Startup Cost": 1000012987545.51, "Total Cost": 1000012987545.51, "Plan Rows": 3140338, "Plan Width": 20, "Plans": [{"Node Type": "Index Scan", "Parent Relationship": "Outer", "Scan Direction": "Forward", "Index Name": "char_name_pkey", "Relation Name": "char_name", "Alias": "chn", "Startup Cost": 10000000000.0, "Total Cost": 1000012987545.51, "Plan Rows": 3140338, "Plan Width": 20}]}]}, {"Node Type": "Hash", "Parent Relationship": "Inner", "Startup Cost": 1000013671913.98, "Total Cost": 1000013671913.98, "Plan Rows": 297072, "Plan Width": 8, "Plans": [{"Node Type": "Index Scan", "Parent Relationship": "Outer", "Scan Direction": "Forward", "Index Name": "company_id_movie_companies", "Relation Name": "movie_companies", "Alias": "mc", "Startup Cost": 10000000000.0, "Total Cost": 1000013671913.98, "Plan Rows": 297072, "Plan Width": 8, "Filter": "((note IS NOT NULL) AND (((note)::text ~~ '%(USA)%'::text) OR ((note)::text ~~ '%(worldwide)%'::text))), (LLVM Optimized)"}]}]}, {"Node Type": "Hash", "Parent Relationship": "Inner", "Startup Cost": 1000001050138.97, "Total Cost": 1000001050138.97, "Plan Rows": 85170, "Plan Width": 4, "Plans": [{"Node Type": "Index Scan", "Parent Relationship": "Outer", "Scan Direction": "Forward", "Index Name": "company_name_pkey", "Relation Name": "company_name", "Alias": "cn", "Startup Cost": 10000000000.0, "Total Cost": 1000001050138.97, "Plan Rows": 85170, "Plan Width": 4, "Filter": "((country_code)::text = '[us]'::text)"}]}]}, {"Node Type": "Index Scan", "Parent Relationship": "Inner", "Scan Direction": "Forward", "Index Name": "title_pkey", "Relation Name": "title", "Alias": "t", "Startup Cost": 10000000000.0, "Total Cost": 1000000000048.64, "Plan Rows": 1, "Plan Width": 21, "Index Cond": "(id = ci.movie_id)", "Filter": "((production_year >= 2005) AND (production_year <= 2015))"}]}, {"Node Type": "Index Scan", "Parent Relationship": "Inner", "Scan Direction": "Forward", "Index Name": "person_id_aka_name", "Relation Name": "aka_name", "Alias": "an", "Startup Cost": 10000000000.0, "Total Cost": 1000000000033.66, "Plan Rows": 1, "Plan Width": 20, "Index Cond": "(person_id = ci.person_id)"}]}]}, "Unique SQL Id": 3431223514, "Planner Runtime": 96}, "explain_analyze_plan": null}, "(64, 112)": {"explain_plan": {"Plan": {"Node Type": "Aggregate", "Strategy": "Plain", "Startup Cost": 65859.66, "Total Cost": 65859.67, "Plan Rows": 1, "Plan Width": 145, "Plans": [{"Node Type": "Nested Loop", "Parent Relationship": "Outer", "Join Type": "Inner", "Startup Cost": 0.0, "Total Cost": 65859.65, "Plan Rows": 1, "Plan Width": 49, "Inner Unique": true, "Plans": [{"Node Type": "Nested Loop", "Parent Relationship": "Outer", "Join Type": "Inner", "Startup Cost": 0.0, "Total Cost": 65859.16, "Plan Rows": 1, "Plan Width": 40, "Inner Unique": true, "Plans": [{"Node Type": "Nested Loop", "Parent Relationship": "Outer", "Join Type": "Inner", "Startup Cost": 0.0, "Total Cost": 65858.14, "Plan Rows": 2, "Plan Width": 28, "Inner Unique": true, "Plans": [{"Node Type": "Nested Loop", "Parent Relationship": "Outer", "Join Type": "Inner", "Startup Cost": 0.0, "Total Cost": 65856.5, "Plan Rows": 5, "Plan Width": 32, "Inner Unique": false, "Plans": [{"Node Type": "Nested Loop", "Parent Relationship": "Outer", "Join Type": "Inner", "Startup Cost": 0.0, "Total Cost": 65850.89, "Plan Rows": 13, "Plan Width": 24, "Inner Unique": false, "Join Filter": "(ci.role_id = rt.id)", "Plans": [{"Node Type": "Seq Scan", "Parent Relationship": "Outer", "Relation Name": "role_type", "Alias": "rt", "Startup Cost": 0.0, "Total Cost": 1.15, "Plan Rows": 1, "Plan Width": 4, "Filter": "((role)::text = 'actress'::text)"}, {"Node Type": "Materialize", "Parent Relationship": "Inner", "Startup Cost": 0.0, "Total Cost": 65848.33, "Plan Rows": 141, "Plan Width": 28, "Plans": [{"Node Type": "Nested Loop", "Parent Relationship": "Outer", "Join Type": "Inner", "Startup Cost": 0.0, "Total Cost": 65847.98, "Plan Rows": 141, "Plan Width": 28, "Inner Unique": false, "Join Filter": "(n.id = ci.person_id)", "Plans": [{"Node Type": "Nested Loop", "Parent Relationship": "Outer", "Join Type": "Inner", "Startup Cost": 0.0, "Total Cost": 65572.69, "Plan Rows": 115, "Plan Width": 24, "Inner Unique": false, "Plans": [{"Node Type": "Streaming(type: LOCAL GATHER dop: 1/64)", "Parent Relationship": "Outer", "Startup Cost": 0.0, "Total Cost": 64781.81, "Plan Rows": 96, "Plan Width": 4, "Plans": [{"Node Type": "Seq Scan", "Parent Relationship": "Outer", "Relation Name": "name", "Alias": "n", "Startup Cost": 0.0, "Total Cost": 64779.83, "Plan Rows": 96, "Plan Width": 4, "Filter": "(((name)::text ~~ '%Ang%'::text) AND ((gender)::text = 'f'::text))"}]}, {"Node Type": "Index Scan", "Parent Relationship": "Inner", "Scan Direction": "Forward", "Index Name": "person_id_aka_name", "Relation Name": "aka_name", "Alias": "an", "Startup Cost": 0.0, "Total Cost": 8.23, "Plan Rows": 1, "Plan Width": 20, "Index Cond": "(person_id = n.id)"}]}, {"Node Type": "Index Scan", "Parent Relationship": "Inner", "Scan Direction": "Forward", "Index Name": "person_id_cast_info", "Relation Name": "cast_info", "Alias": "ci", "Startup Cost": 0.0, "Total Cost": 2.38, "Plan Rows": 1, "Plan Width": 16, "Index Cond": "(person_id = an.person_id)", "Filter": "((note)::text = ANY ('{(voice),\"(voice: Japanese version)\",\"(voice) (uncredited)\",\"(voice: English version)\"}'::text[]))"}]}]}]}, {"Node Type": "Index Scan", "Parent Relationship": "Inner", "Scan Direction": "Forward", "Index Name": "movie_id_movie_companies", "Relation Name": "movie_companies", "Alias": "mc", "Startup Cost": 0.0, "Total Cost": 0.42, "Plan Rows": 1, "Plan Width": 8, "Index Cond": "(movie_id = ci.movie_id)", "Filter": "((note IS NOT NULL) AND (((note)::text ~~ '%(USA)%'::text) OR ((note)::text ~~ '%(worldwide)%'::text)))"}]}, {"Node Type": "Index Scan", "Parent Relationship": "Inner", "Scan Direction": "Forward", "Index Name": "company_name_pkey", "Relation Name": "company_name", "Alias": "cn", "Startup Cost": 0.0, "Total Cost": 0.32, "Plan Rows": 1, "Plan Width": 4, "Index Cond": "(id = mc.company_id)", "Filter": "((country_code)::text = '[us]'::text)"}]}, {"Node Type": "Index Scan", "Parent Relationship": "Inner", "Scan Direction": "Forward", "Index Name": "char_name_pkey", "Relation Name": "char_name", "Alias": "chn", "Startup Cost": 0.0, "Total Cost": 0.5, "Plan Rows": 1, "Plan Width": 20, "Index Cond": "(id = ci.person_role_id)"}]}, {"Node Type": "Index Scan", "Parent Relationship": "Inner", "Scan Direction": "Forward", "Index Name": "title_pkey", "Relation Name": "title", "Alias": "t", "Startup Cost": 0.0, "Total Cost": 0.49, "Plan Rows": 1, "Plan Width": 21, "Index Cond": "(id = ci.movie_id)", "Filter": "((production_year >= 2005) AND (production_year <= 2015))"}]}]}, "Unique SQL Id": 3431223514, "Planner Runtime": 15}, "explain_analyze_plan": {"Plan": {"Node Type": "Aggregate", "Strategy": "Plain", "Startup Cost": 65859.66, "Total Cost": 65859.67, "Plan Rows": 1, "Plan Width": 145, "Actual Min Startup Time": 278.751, "Actual Max Startup Time": 278.751, "Actual Min Total Time": 278.751, "Actual Max Total Time": 278.751, "Plans": [{"Node Type": "Nested Loop", "Parent Relationship": "Outer", "Join Type": "Inner", "Startup Cost": 0.0, "Total Cost": 65859.65, "Plan Rows": 1, "Plan Width": 49, "Actual Min Startup Time": 269.585, "Actual Max Startup Time": 269.585, "Actual Min Total Time": 278.613, "Actual Max Total Time": 278.613, "Inner Unique": true, "Plans": [{"Node Type": "Nested Loop", "Parent Relationship": "Outer", "Join Type": "Inner", "Startup Cost": 0.0, "Total Cost": 65859.16, "Plan Rows": 1, "Plan Width": 40, "Actual Min Startup Time": 268.876, "Actual Max Startup Time": 268.876, "Actual Min Total Time": 276.683, "Actual Max Total Time": 276.683, "Inner Unique": true, "Plans": [{"Node Type": "Nested Loop", "Parent Relationship": "Outer", "Join Type": "Inner", "Startup Cost": 0.0, "Total Cost": 65858.14, "Plan Rows": 2, "Plan Width": 28, "Actual Min Startup Time": 268.861, "Actual Max Startup Time": 268.861, "Actual Min Total Time": 275.129, "Actual Max Total Time": 275.129, "Inner Unique": true, "Plans": [{"Node Type": "Nested Loop", "Parent Relationship": "Outer", "Join Type": "Inner", "Startup Cost": 0.0, "Total Cost": 65856.5, "Plan Rows": 5, "Plan Width": 32, "Actual Min Startup Time": 268.839, "Actual Max Startup Time": 268.839, "Actual Min Total Time": 273.251, "Actual Max Total Time": 273.251, "Inner Unique": false, "Plans": [{"Node Type": "Nested Loop", "Parent Relationship": "Outer", "Join Type": "Inner", "Startup Cost": 0.0, "Total Cost": 65850.89, "Plan Rows": 13, "Plan Width": 24, "Actual Min Startup Time": 268.561, "Actual Max Startup Time": 268.561, "Actual Min Total Time": 268.833, "Actual Max Total Time": 268.833, "Inner Unique": false, "Join Filter": "(ci.role_id = rt.id)", "Rows Removed by Join Filter": 0, "Plans": [{"Node Type": "Seq Scan", "Parent Relationship": "Outer", "Relation Name": "role_type", "Alias": "rt", "Startup Cost": 0.0, "Total Cost": 1.15, "Plan Rows": 1, "Plan Width": 4, "Actual Min Startup Time": 0.02, "Actual Max Startup Time": 0.02, "Actual Min Total Time": 0.025, "Actual Max Total Time": 0.025, "Filter": "((role)::text = 'actress'::text)", "Rows Removed by Filter": 11, "Actual Rows": 1}, {"Node Type": "Materialize", "Parent Relationship": "Inner", "Startup Cost": 0.0, "Total Cost": 65848.33, "Plan Rows": 141, "Plan Width": 28, "Actual Min Startup Time": 268.53, "Actual Max Startup Time": 268.53, "Actual Min Total Time": 268.596, "Actual Max Total Time": 268.596, "Plans": [{"Node Type": "Nested Loop", "Parent Relationship": "Outer", "Join Type": "Inner", "Startup Cost": 0.0, "Total Cost": 65847.98, "Plan Rows": 141, "Plan Width": 28, "Actual Min Startup Time": 116.037, "Actual Max Startup Time": 116.037, "Actual Min Total Time": 268.336, "Actual Max Total Time": 268.336, "Inner Unique": false, "Join Filter": "(n.id = ci.person_id)", "Rows Removed by Join Filter": 0, "Plans": [{"Node Type": "Nested Loop", "Parent Relationship": "Outer", "Join Type": "Inner", "Startup Cost": 0.0, "Total Cost": 65572.69, "Plan Rows": 115, "Plan Width": 24, "Actual Min Startup Time": 115.641, "Actual Max Startup Time": 115.641, "Actual Min Total Time": 213.771, "Actual Max Total Time": 213.771, "Inner Unique": false, "Plans": [{"Node Type": "Streaming(type: LOCAL GATHER dop: 1/64)", "Parent Relationship": "Outer", "Startup Cost": 0.0, "Total Cost": 64781.81, "Plan Rows": 96, "Plan Width": 4, "Actual Min Startup Time": 115.588, "Actual Max Startup Time": 115.588, "Actual Min Total Time": 189.366, "Actual Max Total Time": 189.366, "Plans": [{"Node Type": "Seq Scan", "Parent Relationship": "Outer", "Relation Name": "name", "Alias": "n", "Startup Cost": 0.0, "Total Cost": 64779.83, "Plan Rows": 96, "Plan Width": 4, "Actual Min Startup Time": 9.393, "Actual Max Startup Time": 14.192, "Actual Min Total Time": 25.316, "Actual Max Total Time": 30.862, "Filter": "(((name)::text ~~ '%Ang%'::text) AND ((gender)::text = 'f'::text))", "Rows Removed by Filter": 4160722, "Actual Rows": 6768}], "Actual Rows": 6768}, {"Node Type": "Index Scan", "Parent Relationship": "Inner", "Scan Direction": "Forward", "Index Name": "person_id_aka_name", "Relation Name": "aka_name", "Alias": "an", "Startup Cost": 0.0, "Total Cost": 8.23, "Plan Rows": 1, "Plan Width": 20, "Actual Min Startup Time": 20.047, "Actual Max Startup Time": 20.047, "Actual Min Total Time": 20.97, "Actual Max Total Time": 20.97, "Index Cond": "(person_id = n.id)", "Rows Removed by Index Recheck": 0, "Actual Rows": 1558}], "Actual Rows": 1558}, {"Node Type": "Index Scan", "Parent Relationship": "Inner", "Scan Direction": "Forward", "Index Name": "person_id_cast_info", "Relation Name": "cast_info", "Alias": "ci", "Startup Cost": 0.0, "Total Cost": 2.38, "Plan Rows": 1, "Plan Width": 16, "Actual Min Startup Time": 48.598, "Actual Max Startup Time": 48.598, "Actual Min Total Time": 53.659, "Actual Max Total Time": 53.659, "Index Cond": "(person_id = an.person_id)", "Rows Removed by Index Recheck": 0, "Filter": "((note)::text = ANY ('{(voice),\"(voice: Japanese version)\",\"(voice) (uncredited)\",\"(voice: English version)\"}'::text[]))", "Rows Removed by Filter": 69057, "Actual Rows": 425}], "Actual Rows": 425}], "Actual Rows": 426}], "Actual Rows": 425}, {"Node Type": "Index Scan", "Parent Relationship": "Inner", "Scan Direction": "Forward", "Index Name": "movie_id_movie_companies", "Relation Name": "movie_companies", "Alias": "mc", "Startup Cost": 0.0, "Total Cost": 0.42, "Plan Rows": 1, "Plan Width": 8, "Actual Min Startup Time": 2.893, "Actual Max Startup Time": 2.893, "Actual Min Total Time": 4.118, "Actual Max Total Time": 4.118, "Index Cond": "(movie_id = ci.movie_id)", "Rows Removed by Index Recheck": 0, "Filter": "((note IS NOT NULL) AND (((note)::text ~~ '%(USA)%'::text) OR ((note)::text ~~ '%(worldwide)%'::text)))", "Rows Removed by Filter": 1538, "Actual Rows": 373}], "Actual Rows": 373}, {"Node Type": "Index Scan", "Parent Relationship": "Inner", "Scan Direction": "Forward", "Index Name": "company_name_pkey", "Relation Name": "company_name", "Alias": "cn", "Startup Cost": 0.0, "Total Cost": 0.32, "Plan Rows": 1, "Plan Width": 4, "Actual Min Startup Time": 1.59, "Actual Max Startup Time": 1.59, "Actual Min Total Time": 1.59, "Actual Max Total Time": 1.59, "Index Cond": "(id = mc.company_id)", "Rows Removed by Index Recheck": 0, "Filter": "((country_code)::text = '[us]'::text)", "Rows Removed by Filter": 14, "Actual Rows": 359}], "Actual Rows": 359}, {"Node Type": "Index Scan", "Parent Relationship": "Inner", "Scan Direction": "Forward", "Index Name": "char_name_pkey", "Relation Name": "char_name", "Alias": "chn", "Startup Cost": 0.0, "Total Cost": 0.5, "Plan Rows": 1, "Plan Width": 20, "Actual Min Startup Time": 1.233, "Actual Max Startup Time": 1.233, "Actual Min Total Time": 1.233, "Actual Max Total Time": 1.233, "Index Cond": "(id = ci.person_role_id)", "Rows Removed by Index Recheck": 0, "Actual Rows": 341}], "Actual Rows": 341}, {"Node Type": "Index Scan", "Parent Relationship": "Inner", "Scan Direction": "Forward", "Index Name": "title_pkey", "Relation Name": "title", "Alias": "t", "Startup Cost": 0.0, "Total Cost": 0.49, "Plan Rows": 1, "Plan Width": 21, "Actual Min Startup Time": 1.72, "Actual Max Startup Time": 1.72, "Actual Min Total Time": 1.72, "Actual Max Total Time": 1.72, "Index Cond": "(id = ci.movie_id)", "Rows Removed by Index Recheck": 0, "Filter": "((production_year >= 2005) AND (production_year <= 2015))", "Rows Removed by Filter": 220, "Actual Rows": 121}], "Actual Rows": 121}], "Actual Rows": 1}, "Triggers": [], "Planner Runtime": 16, "Total Runtime": 291.03, "Unique SQL Id": 3431223514}}, "(64, 113)": {"explain_plan": {"Plan": {"Node Type": "Aggregate", "Strategy": "Plain", "Startup Cost": 198159.35, "Total Cost": 198159.36, "Plan Rows": 1, "Plan Width": 145, "Plans": [{"Node Type": "Nested Loop", "Parent Relationship": "Outer", "Join Type": "Inner", "Startup Cost": 0.0, "Total Cost": 198159.35, "Plan Rows": 1, "Plan Width": 49, "Inner Unique": true, "Plans": [{"Node Type": "Nested Loop", "Parent Relationship": "Outer", "Join Type": "Inner", "Startup Cost": 0.0, "Total Cost": 198158.85, "Plan Rows": 1, "Plan Width": 40, "Inner Unique": true, "Plans": [{"Node Type": "Nested Loop", "Parent Relationship": "Outer", "Join Type": "Inner", "Startup Cost": 0.0, "Total Cost": 198157.83, "Plan Rows": 2, "Plan Width": 28, "Inner Unique": true, "Plans": [{"Node Type": "Nested Loop", "Parent Relationship": "Outer", "Join Type": "Inner", "Startup Cost": 0.0, "Total Cost": 198156.19, "Plan Rows": 5, "Plan Width": 32, "Inner Unique": false, "Plans": [{"Node Type": "Nested Loop", "Parent Relationship": "Outer", "Join Type": "Inner", "Startup Cost": 0.0, "Total Cost": 198150.58, "Plan Rows": 13, "Plan Width": 24, "Inner Unique": false, "Join Filter": "(ci.role_id = rt.id)", "Plans": [{"Node Type": "Index Scan", "Parent Relationship": "Outer", "Scan Direction": "Forward", "Index Name": "role_type_pkey", "Relation Name": "role_type", "Alias": "rt", "Startup Cost": 0.0, "Total Cost": 12.46, "Plan Rows": 1, "Plan Width": 4, "Filter": "((role)::text = 'actress'::text)"}, {"Node Type": "Nested Loop", "Parent Relationship": "Inner", "Join Type": "Inner", "Startup Cost": 0.0, "Total Cost": 198136.36, "Plan Rows": 141, "Plan Width": 28, "Inner Unique": false, "Join Filter": "(n.id = ci.person_id)", "Plans": [{"Node Type": "Nested Loop", "Parent Relationship": "Outer", "Join Type": "Inner", "Startup Cost": 0.0, "Total Cost": 197861.08, "Plan Rows": 115, "Plan Width": 24, "Inner Unique": false, "Plans": [{"Node Type": "Index Scan", "Parent Relationship": "Outer", "Scan Direction": "Forward", "Index Name": "name_pkey", "Relation Name": "name", "Alias": "n", "Startup Cost": 0.0, "Total Cost": 197070.2, "Plan Rows": 96, "Plan Width": 4, "Filter": "(((name)::text ~~ '%Ang%'::text) AND ((gender)::text = 'f'::text))"}, {"Node Type": "Index Scan", "Parent Relationship": "Inner", "Scan Direction": "Forward", "Index Name": "person_id_aka_name", "Relation Name": "aka_name", "Alias": "an", "Startup Cost": 0.0, "Total Cost": 8.23, "Plan Rows": 1, "Plan Width": 20, "Index Cond": "(person_id = n.id)"}]}, {"Node Type": "Index Scan", "Parent Relationship": "Inner", "Scan Direction": "Forward", "Index Name": "person_id_cast_info", "Relation Name": "cast_info", "Alias": "ci", "Startup Cost": 0.0, "Total Cost": 2.38, "Plan Rows": 1, "Plan Width": 16, "Index Cond": "(person_id = an.person_id)", "Filter": "((note)::text = ANY ('{(voice),\"(voice: Japanese version)\",\"(voice) (uncredited)\",\"(voice: English version)\"}'::text[]))"}]}]}, {"Node Type": "Index Scan", "Parent Relationship": "Inner", "Scan Direction": "Forward", "Index Name": "movie_id_movie_companies", "Relation Name": "movie_companies", "Alias": "mc", "Startup Cost": 0.0, "Total Cost": 0.42, "Plan Rows": 1, "Plan Width": 8, "Index Cond": "(movie_id = ci.movie_id)", "Filter": "((note IS NOT NULL) AND (((note)::text ~~ '%(USA)%'::text) OR ((note)::text ~~ '%(worldwide)%'::text)))"}]}, {"Node Type": "Index Scan", "Parent Relationship": "Inner", "Scan Direction": "Forward", "Index Name": "company_name_pkey", "Relation Name": "company_name", "Alias": "cn", "Startup Cost": 0.0, "Total Cost": 0.32, "Plan Rows": 1, "Plan Width": 4, "Index Cond": "(id = mc.company_id)", "Filter": "((country_code)::text = '[us]'::text)"}]}, {"Node Type": "Index Scan", "Parent Relationship": "Inner", "Scan Direction": "Forward", "Index Name": "char_name_pkey", "Relation Name": "char_name", "Alias": "chn", "Startup Cost": 0.0, "Total Cost": 0.5, "Plan Rows": 1, "Plan Width": 20, "Index Cond": "(id = ci.person_role_id)"}]}, {"Node Type": "Index Scan", "Parent Relationship": "Inner", "Scan Direction": "Forward", "Index Name": "title_pkey", "Relation Name": "title", "Alias": "t", "Startup Cost": 0.0, "Total Cost": 0.49, "Plan Rows": 1, "Plan Width": 21, "Index Cond": "(id = ci.movie_id)", "Filter": "((production_year >= 2005) AND (production_year <= 2015))"}]}]}, "Unique SQL Id": 3431223514, "Planner Runtime": 12}, "explain_analyze_plan": null}, "(64, 114)": {"explain_plan": {"Plan": {"Node Type": "Aggregate", "Strategy": "Plain", "Startup Cost": 66279.91, "Total Cost": 66279.92, "Plan Rows": 1, "Plan Width": 145, "Plans": [{"Node Type": "Nested Loop", "Parent Relationship": "Outer", "Join Type": "Inner", "Startup Cost": 6.41, "Total Cost": 66279.9, "Plan Rows": 1, "Plan Width": 49, "Inner Unique": true, "Plans": [{"Node Type": "Nested Loop", "Parent Relationship": "Outer", "Join Type": "Inner", "Startup Cost": 6.11, "Total Cost": 66275.57, "Plan Rows": 1, "Plan Width": 40, "Inner Unique": true, "Plans": [{"Node Type": "Nested Loop", "Parent Relationship": "Outer", "Join Type": "Inner", "Startup Cost": 5.8, "Total Cost": 66266.9, "Plan Rows": 2, "Plan Width": 28, "Inner Unique": true, "Plans": [{"Node Type": "Nested Loop", "Parent Relationship": "Outer", "Join Type": "Inner", "Startup Cost": 5.53, "Total Cost": 66245.46, "Plan Rows": 5, "Plan Width": 32, "Inner Unique": false, "Plans": [{"Node Type": "Nested Loop", "Parent Relationship": "Outer", "Join Type": "Inner", "Startup Cost": 5.22, "Total Cost": 66188.82, "Plan Rows": 13, "Plan Width": 24, "Inner Unique": false, "Join Filter": "(ci.role_id = rt.id)", "Plans": [{"Node Type": "Seq Scan", "Parent Relationship": "Outer", "Relation Name": "role_type", "Alias": "rt", "Startup Cost": 0.0, "Total Cost": 1.15, "Plan Rows": 1, "Plan Width": 4, "Filter": "((role)::text = 'actress'::text)"}, {"Node Type": "Materialize", "Parent Relationship": "Inner", "Startup Cost": 5.22, "Total Cost": 66186.26, "Plan Rows": 141, "Plan Width": 28, "Plans": [{"Node Type": "Nested Loop", "Parent Relationship": "Outer", "Join Type": "Inner", "Startup Cost": 5.22, "Total Cost": 66185.91, "Plan Rows": 141, "Plan Width": 28, "Inner Unique": false, "Join Filter": "(n.id = ci.person_id)", "Plans": [{"Node Type": "Nested Loop", "Parent Relationship": "Outer", "Join Type": "Inner", "Startup Cost": 4.22, "Total Cost": 65572.72, "Plan Rows": 115, "Plan Width": 24, "Inner Unique": false, "Plans": [{"Node Type": "Streaming(type: LOCAL GATHER dop: 1/64)", "Parent Relationship": "Outer", "Startup Cost": 0.0, "Total Cost": 64781.81, "Plan Rows": 96, "Plan Width": 4, "Plans": [{"Node Type": "Seq Scan", "Parent Relationship": "Outer", "Relation Name": "name", "Alias": "n", "Startup Cost": 0.0, "Total Cost": 64779.83, "Plan Rows": 96, "Plan Width": 4, "Filter": "(((name)::text ~~ '%Ang%'::text) AND ((gender)::text = 'f'::text))"}]}, {"Node Type": "Bitmap Heap Scan", "Parent Relationship": "Inner", "Relation Name": "aka_name", "Alias": "an", "Startup Cost": 4.22, "Total Cost": 8.23, "Plan Rows": 1, "Plan Width": 20, "Recheck Cond": "(person_id = n.id)", "Plans": [{"Node Type": "Bitmap Index Scan", "Parent Relationship": "Outer", "Index Name": "person_id_aka_name", "Startup Cost": 0.0, "Total Cost": 4.22, "Plan Rows": 1, "Plan Width": 0, "Index Cond": "(person_id = n.id)"}]}]}, {"Node Type": "Bitmap Heap Scan", "Parent Relationship": "Inner", "Relation Name": "cast_info", "Alias": "ci", "Startup Cost": 1.0, "Total Cost": 5.32, "Plan Rows": 1, "Plan Width": 16, "Recheck Cond": "(person_id = an.person_id)", "Filter": "((note)::text = ANY ('{(voice),\"(voice: Japanese version)\",\"(voice) (uncredited)\",\"(voice: English version)\"}'::text[]))", "Plans": [{"Node Type": "Bitmap Index Scan", "Parent Relationship": "Outer", "Index Name": "person_id_cast_info", "Startup Cost": 0.0, "Total Cost": 1.0, "Plan Rows": 18, "Plan Width": 0, "Index Cond": "(person_id = an.person_id)"}]}]}]}]}, {"Node Type": "Bitmap Heap Scan", "Parent Relationship": "Inner", "Relation Name": "movie_companies", "Alias": "mc", "Startup Cost": 0.31, "Total Cost": 4.35, "Plan Rows": 1, "Plan Width": 8, "Recheck Cond": "(movie_id = ci.movie_id)", "Filter": "((note IS NOT NULL) AND (((note)::text ~~ '%(USA)%'::text) OR ((note)::text ~~ '%(worldwide)%'::text)))", "Plans": [{"Node Type": "Bitmap Index Scan", "Parent Relationship": "Outer", "Index Name": "movie_id_movie_companies", "Startup Cost": 0.0, "Total Cost": 0.31, "Plan Rows": 2, "Plan Width": 0, "Index Cond": "(movie_id = ci.movie_id)"}]}]}, {"Node Type": "Bitmap Heap Scan", "Parent Relationship": "Inner", "Relation Name": "company_name", "Alias": "cn", "Startup Cost": 0.26, "Total Cost": 4.28, "Plan Rows": 1, "Plan Width": 4, "Recheck Cond": "(id = mc.company_id)", "Filter": "((country_code)::text = '[us]'::text)", "Plans": [{"Node Type": "Bitmap Index Scan", "Parent Relationship": "Outer", "Index Name": "company_name_pkey", "Startup Cost": 0.0, "Total Cost": 0.26, "Plan Rows": 1, "Plan Width": 0, "Index Cond": "(id = mc.company_id)"}]}]}, {"Node Type": "Bitmap Heap Scan", "Parent Relationship": "Inner", "Relation Name": "char_name", "Alias": "chn", "Startup Cost": 0.31, "Total Cost": 4.33, "Plan Rows": 1, "Plan Width": 20, "Recheck Cond": "(id = ci.person_role_id)", "Plans": [{"Node Type": "Bitmap Index Scan", "Parent Relationship": "Outer", "Index Name": "char_name_pkey", "Startup Cost": 0.0, "Total Cost": 0.31, "Plan Rows": 1, "Plan Width": 0, "Index Cond": "(id = ci.person_role_id)"}]}]}, {"Node Type": "Bitmap Heap Scan", "Parent Relationship": "Inner", "Relation Name": "title", "Alias": "t", "Startup Cost": 0.3, "Total Cost": 4.32, "Plan Rows": 1, "Plan Width": 21, "Recheck Cond": "(id = ci.movie_id)", "Filter": "((production_year >= 2005) AND (production_year <= 2015))", "Plans": [{"Node Type": "Bitmap Index Scan", "Parent Relationship": "Outer", "Index Name": "title_pkey", "Startup Cost": 0.0, "Total Cost": 0.3, "Plan Rows": 1, "Plan Width": 0, "Index Cond": "(id = ci.movie_id)"}]}]}]}, "Unique SQL Id": 3431223514, "Planner Runtime": 38}, "explain_analyze_plan": {"Plan": {"Node Type": "Aggregate", "Strategy": "Plain", "Startup Cost": 66279.91, "Total Cost": 66279.92, "Plan Rows": 1, "Plan Width": 145, "Actual Min Startup Time": 276.76, "Actual Max Startup Time": 276.76, "Actual Min Total Time": 276.761, "Actual Max Total Time": 276.761, "Plans": [{"Node Type": "Nested Loop", "Parent Relationship": "Outer", "Join Type": "Inner", "Startup Cost": 6.41, "Total Cost": 66279.9, "Plan Rows": 1, "Plan Width": 49, "Actual Min Startup Time": 263.884, "Actual Max Startup Time": 263.884, "Actual Min Total Time": 276.595, "Actual Max Total Time": 276.595, "Inner Unique": true, "Plans": [{"Node Type": "Nested Loop", "Parent Relationship": "Outer", "Join Type": "Inner", "Startup Cost": 6.11, "Total Cost": 66275.57, "Plan Rows": 1, "Plan Width": 40, "Actual Min Startup Time": 263.855, "Actual Max Startup Time": 263.855, "Actual Min Total Time": 274.163, "Actual Max Total Time": 274.163, "Inner Unique": true, "Plans": [{"Node Type": "Nested Loop", "Parent Relationship": "Outer", "Join Type": "Inner", "Startup Cost": 5.8, "Total Cost": 66266.9, "Plan Rows": 2, "Plan Width": 28, "Actual Min Startup Time": 263.835, "Actual Max Startup Time": 263.835, "Actual Min Total Time": 272.075, "Actual Max Total Time": 272.075, "Inner Unique": true, "Plans": [{"Node Type": "Nested Loop", "Parent Relationship": "Outer", "Join Type": "Inner", "Startup Cost": 5.53, "Total Cost": 66245.46, "Plan Rows": 5, "Plan Width": 32, "Actual Min Startup Time": 263.813, "Actual Max Startup Time": 263.813, "Actual Min Total Time": 269.555, "Actual Max Total Time": 269.555, "Inner Unique": false, "Plans": [{"Node Type": "Nested Loop", "Parent Relationship": "Outer", "Join Type": "Inner", "Startup Cost": 5.22, "Total Cost": 66188.82, "Plan Rows": 13, "Plan Width": 24, "Actual Min Startup Time": 263.731, "Actual Max Startup Time": 263.731, "Actual Min Total Time": 264.023, "Actual Max Total Time": 264.023, "Inner Unique": false, "Join Filter": "(ci.role_id = rt.id)", "Rows Removed by Join Filter": 0, "Plans": [{"Node Type": "Seq Scan", "Parent Relationship": "Outer", "Relation Name": "role_type", "Alias": "rt", "Startup Cost": 0.0, "Total Cost": 1.15, "Plan Rows": 1, "Plan Width": 4, "Actual Min Startup Time": 0.022, "Actual Max Startup Time": 0.022, "Actual Min Total Time": 0.027, "Actual Max Total Time": 0.027, "Filter": "((role)::text = 'actress'::text)", "Rows Removed by Filter": 11, "Actual Rows": 1}, {"Node Type": "Materialize", "Parent Relationship": "Inner", "Startup Cost": 5.22, "Total Cost": 66186.26, "Plan Rows": 141, "Plan Width": 28, "Actual Min Startup Time": 263.691, "Actual Max Startup Time": 263.691, "Actual Min Total Time": 263.766, "Actual Max Total Time": 263.766, "Plans": [{"Node Type": "Nested Loop", "Parent Relationship": "Outer", "Join Type": "Inner", "Startup Cost": 5.22, "Total Cost": 66185.91, "Plan Rows": 141, "Plan Width": 28, "Actual Min Startup Time": 108.086, "Actual Max Startup Time": 108.086, "Actual Min Total Time": 263.5, "Actual Max Total Time": 263.5, "Inner Unique": false, "Join Filter": "(n.id = ci.person_id)", "Rows Removed by Join Filter": 0, "Plans": [{"Node Type": "Nested Loop", "Parent Relationship": "Outer", "Join Type": "Inner", "Startup Cost": 4.22, "Total Cost": 65572.72, "Plan Rows": 115, "Plan Width": 24, "Actual Min Startup Time": 62.476, "Actual Max Startup Time": 62.476, "Actual Min Total Time": 208.841, "Actual Max Total Time": 208.841, "Inner Unique": false, "Plans": [{"Node Type": "Streaming(type: LOCAL GATHER dop: 1/64)", "Parent Relationship": "Outer", "Startup Cost": 0.0, "Total Cost": 64781.81, "Plan Rows": 96, "Plan Width": 4, "Actual Min Startup Time": 62.403, "Actual Max Startup Time": 62.403, "Actual Min Total Time": 175.436, "Actual Max Total Time": 175.436, "Plans": [{"Node Type": "Seq Scan", "Parent Relationship": "Outer", "Relation Name": "name", "Alias": "n", "Startup Cost": 0.0, "Total Cost": 64779.83, "Plan Rows": 96, "Plan Width": 4, "Actual Min Startup Time": 9.522, "Actual Max Startup Time": 14.111, "Actual Min Total Time": 25.38, "Actual Max Total Time": 42.688, "Filter": "(((name)::text ~~ '%Ang%'::text) AND ((gender)::text = 'f'::text))", "Rows Removed by Filter": 4160722, "Actual Rows": 6768}], "Actual Rows": 6768}, {"Node Type": "Bitmap Heap Scan", "Parent Relationship": "Inner", "Relation Name": "aka_name", "Alias": "an", "Startup Cost": 4.22, "Total Cost": 8.23, "Plan Rows": 1, "Plan Width": 20, "Actual Min Startup Time": 25.316, "Actual Max Startup Time": 25.316, "Actual Min Total Time": 25.904, "Actual Max Total Time": 25.904, "Recheck Cond": "(person_id = n.id)", "Rows Removed by Index Recheck": 0, "Exact Heap Blocks": 1014, "Lossy Heap Blocks": 1014, "Plans": [{"Node Type": "Bitmap Index Scan", "Parent Relationship": "Outer", "Index Name": "person_id_aka_name", "Startup Cost": 0.0, "Total Cost": 4.22, "Plan Rows": 1, "Plan Width": 0, "Actual Min Startup Time": 19.555, "Actual Max Startup Time": 19.555, "Actual Min Total Time": 19.555, "Actual Max Total Time": 19.555, "Index Cond": "(person_id = n.id)", "Actual Rows": 1558}], "Actual Rows": 1558}], "Actual Rows": 1558}, {"Node Type": "Bitmap Heap Scan", "Parent Relationship": "Inner", "Relation Name": "cast_info", "Alias": "ci", "Startup Cost": 1.0, "Total Cost": 5.32, "Plan Rows": 1, "Plan Width": 16, "Actual Min Startup Time": 49.271, "Actual Max Startup Time": 49.271, "Actual Min Total Time": 52.575, "Actual Max Total Time": 52.575, "Recheck Cond": "(person_id = an.person_id)", "Rows Removed by Index Recheck": 0, "Filter": "((note)::text = ANY ('{(voice),\"(voice: Japanese version)\",\"(voice) (uncredited)\",\"(voice: English version)\"}'::text[]))", "Rows Removed by Filter": 69057, "Exact Heap Blocks": 2627, "Lossy Heap Blocks": 2627, "Plans": [{"Node Type": "Bitmap Index Scan", "Parent Relationship": "Outer", "Index Name": "person_id_cast_info", "Startup Cost": 0.0, "Total Cost": 1.0, "Plan Rows": 18, "Plan Width": 0, "Actual Min Startup Time": 16.083, "Actual Max Startup Time": 16.083, "Actual Min Total Time": 16.083, "Actual Max Total Time": 16.083, "Index Cond": "(person_id = an.person_id)", "Actual Rows": 69482}], "Actual Rows": 425}], "Actual Rows": 425}], "Actual Rows": 426}], "Actual Rows": 425}, {"Node Type": "Bitmap Heap Scan", "Parent Relationship": "Inner", "Relation Name": "movie_companies", "Alias": "mc", "Startup Cost": 0.31, "Total Cost": 4.35, "Plan Rows": 1, "Plan Width": 8, "Actual Min Startup Time": 3.927, "Actual Max Startup Time": 3.927, "Actual Min Total Time": 4.932, "Actual Max Total Time": 4.932, "Recheck Cond": "(movie_id = ci.movie_id)", "Rows Removed by Index Recheck": 0, "Filter": "((note IS NOT NULL) AND (((note)::text ~~ '%(USA)%'::text) OR ((note)::text ~~ '%(worldwide)%'::text)))", "Rows Removed by Filter": 1538, "Exact Heap Blocks": 580, "Lossy Heap Blocks": 580, "Plans": [{"Node Type": "Bitmap Index Scan", "Parent Relationship": "Outer", "Index Name": "movie_id_movie_companies", "Startup Cost": 0.0, "Total Cost": 0.31, "Plan Rows": 2, "Plan Width": 0, "Actual Min Startup Time": 2.054, "Actual Max Startup Time": 2.054, "Actual Min Total Time": 2.054, "Actual Max Total Time": 2.054, "Index Cond": "(movie_id = ci.movie_id)", "Actual Rows": 1911}], "Actual Rows": 373}], "Actual Rows": 373}, {"Node Type": "Bitmap Heap Scan", "Parent Relationship": "Inner", "Relation Name": "company_name", "Alias": "cn", "Startup Cost": 0.26, "Total Cost": 4.28, "Plan Rows": 1, "Plan Width": 4, "Actual Min Startup Time": 2.032, "Actual Max Startup Time": 2.032, "Actual Min Total Time": 2.032, "Actual Max Total Time": 2.032, "Recheck Cond": "(id = mc.company_id)", "Rows Removed by Index Recheck": 0, "Filter": "((country_code)::text = '[us]'::text)", "Rows Removed by Filter": 14, "Exact Heap Blocks": 373, "Lossy Heap Blocks": 373, "Plans": [{"Node Type": "Bitmap Index Scan", "Parent Relationship": "Outer", "Index Name": "company_name_pkey", "Startup Cost": 0.0, "Total Cost": 0.26, "Plan Rows": 1, "Plan Width": 0, "Actual Min Startup Time": 1.114, "Actual Max Startup Time": 1.114, "Actual Min Total Time": 1.114, "Actual Max Total Time": 1.114, "Index Cond": "(id = mc.company_id)", "Actual Rows": 373}], "Actual Rows": 359}], "Actual Rows": 359}, {"Node Type": "Bitmap Heap Scan", "Parent Relationship": "Inner", "Relation Name": "char_name", "Alias": "chn", "Startup Cost": 0.31, "Total Cost": 4.33, "Plan Rows": 1, "Plan Width": 20, "Actual Min Startup Time": 1.567, "Actual Max Startup Time": 1.567, "Actual Min Total Time": 1.567, "Actual Max Total Time": 1.567, "Recheck Cond": "(id = ci.person_role_id)", "Rows Removed by Index Recheck": 0, "Exact Heap Blocks": 341, "Lossy Heap Blocks": 341, "Plans": [{"Node Type": "Bitmap Index Scan", "Parent Relationship": "Outer", "Index Name": "char_name_pkey", "Startup Cost": 0.0, "Total Cost": 0.31, "Plan Rows": 1, "Plan Width": 0, "Actual Min Startup Time": 1.005, "Actual Max Startup Time": 1.005, "Actual Min Total Time": 1.005, "Actual Max Total Time": 1.005, "Index Cond": "(id = ci.person_role_id)", "Actual Rows": 341}], "Actual Rows": 341}], "Actual Rows": 341}, {"Node Type": "Bitmap Heap Scan", "Parent Relationship": "Inner", "Relation Name": "title", "Alias": "t", "Startup Cost": 0.3, "Total Cost": 4.32, "Plan Rows": 1, "Plan Width": 21, "Actual Min Startup Time": 2.009, "Actual Max Startup Time": 2.009, "Actual Min Total Time": 2.009, "Actual Max Total Time": 2.009, "Recheck Cond": "(id = ci.movie_id)", "Rows Removed by Index Recheck": 0, "Filter": "((production_year >= 2005) AND (production_year <= 2015))", "Rows Removed by Filter": 220, "Exact Heap Blocks": 341, "Lossy Heap Blocks": 341, "Plans": [{"Node Type": "Bitmap Index Scan", "Parent Relationship": "Outer", "Index Name": "title_pkey", "Startup Cost": 0.0, "Total Cost": 0.3, "Plan Rows": 1, "Plan Width": 0, "Actual Min Startup Time": 1.198, "Actual Max Startup Time": 1.198, "Actual Min Total Time": 1.198, "Actual Max Total Time": 1.198, "Index Cond": "(id = ci.movie_id)", "Actual Rows": 341}], "Actual Rows": 121}], "Actual Rows": 121}], "Actual Rows": 1}, "Triggers": [], "Planner Runtime": 38, "Total Runtime": 289.165, "Unique SQL Id": 3431223514}}, "(64, 115)": {"explain_plan": {"Plan": {"Node Type": "Aggregate", "Strategy": "Plain", "Startup Cost": 199166.12, "Total Cost": 199166.13, "Plan Rows": 1, "Plan Width": 145, "Plans": [{"Node Type": "Nested Loop", "Parent Relationship": "Outer", "Join Type": "Inner", "Startup Cost": 83164.39, "Total Cost": 199166.11, "Plan Rows": 1, "Plan Width": 49, "Inner Unique": true, "Plans": [{"Node Type": "Nested Loop", "Parent Relationship": "Outer", "Join Type": "Inner", "Startup Cost": 83164.09, "Total Cost": 199161.78, "Plan Rows": 1, "Plan Width": 40, "Inner Unique": true, "Plans": [{"Node Type": "Nested Loop", "Parent Relationship": "Outer", "Join Type": "Inner", "Startup Cost": 83163.78, "Total Cost": 199153.11, "Plan Rows": 2, "Plan Width": 28, "Inner Unique": true, "Plans": [{"Node Type": "Nested Loop", "Parent Relationship": "Outer", "Join Type": "Inner", "Startup Cost": 83163.51, "Total Cost": 199131.67, "Plan Rows": 5, "Plan Width": 32, "Inner Unique": false, "Plans": [{"Node Type": "Nested Loop", "Parent Relationship": "Outer", "Join Type": "Inner", "Startup Cost": 83163.2, "Total Cost": 199075.04, "Plan Rows": 13, "Plan Width": 24, "Inner Unique": true, "Plans": [{"Node Type": "Nested Loop", "Parent Relationship": "Outer", "Join Type": "Inner", "Startup Cost": 83162.94, "Total Cost": 198471.17, "Plan Rows": 141, "Plan Width": 28, "Inner Unique": false, "Join Filter": "(n.id = ci.person_id)", "Plans": [{"Node Type": "Nested Loop", "Parent Relationship": "Outer", "Join Type": "Inner", "Startup Cost": 83161.94, "Total Cost": 197857.98, "Plan Rows": 115, "Plan Width": 24, "Inner Unique": false, "Plans": [{"Node Type": "Bitmap Heap Scan", "Parent Relationship": "Outer", "Relation Name": "name", "Alias": "n", "Startup Cost": 83157.72, "Total Cost": 197067.07, "Plan Rows": 96, "Plan Width": 4, "Filter": "(((name)::text ~~ '%Ang%'::text) AND ((gender)::text = 'f'::text))", "Plans": [{"Node Type": "Bitmap Index Scan", "Parent Relationship": "Outer", "Index Name": "name_pkey", "Startup Cost": 0.0, "Total Cost": 83157.7, "Plan Rows": 4167490, "Plan Width": 0}]}, {"Node Type": "Bitmap Heap Scan", "Parent Relationship": "Inner", "Relation Name": "aka_name", "Alias": "an", "Startup Cost": 4.22, "Total Cost": 8.23, "Plan Rows": 1, "Plan Width": 20, "Recheck Cond": "(person_id = n.id)", "Plans": [{"Node Type": "Bitmap Index Scan", "Parent Relationship": "Outer", "Index Name": "person_id_aka_name", "Startup Cost": 0.0, "Total Cost": 4.22, "Plan Rows": 1, "Plan Width": 0, "Index Cond": "(person_id = n.id)"}]}]}, {"Node Type": "Bitmap Heap Scan", "Parent Relationship": "Inner", "Relation Name": "cast_info", "Alias": "ci", "Startup Cost": 1.0, "Total Cost": 5.32, "Plan Rows": 1, "Plan Width": 16, "Recheck Cond": "(person_id = an.person_id)", "Filter": "((note)::text = ANY ('{(voice),\"(voice: Japanese version)\",\"(voice) (uncredited)\",\"(voice: English version)\"}'::text[]))", "Plans": [{"Node Type": "Bitmap Index Scan", "Parent Relationship": "Outer", "Index Name": "person_id_cast_info", "Startup Cost": 0.0, "Total Cost": 1.0, "Plan Rows": 18, "Plan Width": 0, "Index Cond": "(person_id = an.person_id)"}]}]}, {"Node Type": "Bitmap Heap Scan", "Parent Relationship": "Inner", "Relation Name": "role_type", "Alias": "rt", "Startup Cost": 0.26, "Total Cost": 4.27, "Plan Rows": 1, "Plan Width": 4, "Recheck Cond": "(id = ci.role_id)", "Filter": "((role)::text = 'actress'::text)", "Plans": [{"Node Type": "Bitmap Index Scan", "Parent Relationship": "Outer", "Index Name": "role_type_pkey", "Startup Cost": 0.0, "Total Cost": 0.26, "Plan Rows": 1, "Plan Width": 0, "Index Cond": "(id = ci.role_id)"}]}]}, {"Node Type": "Bitmap Heap Scan", "Parent Relationship": "Inner", "Relation Name": "movie_companies", "Alias": "mc", "Startup Cost": 0.31, "Total Cost": 4.35, "Plan Rows": 1, "Plan Width": 8, "Recheck Cond": "(movie_id = ci.movie_id)", "Filter": "((note IS NOT NULL) AND (((note)::text ~~ '%(USA)%'::text) OR ((note)::text ~~ '%(worldwide)%'::text)))", "Plans": [{"Node Type": "Bitmap Index Scan", "Parent Relationship": "Outer", "Index Name": "movie_id_movie_companies", "Startup Cost": 0.0, "Total Cost": 0.31, "Plan Rows": 2, "Plan Width": 0, "Index Cond": "(movie_id = ci.movie_id)"}]}]}, {"Node Type": "Bitmap Heap Scan", "Parent Relationship": "Inner", "Relation Name": "company_name", "Alias": "cn", "Startup Cost": 0.26, "Total Cost": 4.28, "Plan Rows": 1, "Plan Width": 4, "Recheck Cond": "(id = mc.company_id)", "Filter": "((country_code)::text = '[us]'::text)", "Plans": [{"Node Type": "Bitmap Index Scan", "Parent Relationship": "Outer", "Index Name": "company_name_pkey", "Startup Cost": 0.0, "Total Cost": 0.26, "Plan Rows": 1, "Plan Width": 0, "Index Cond": "(id = mc.company_id)"}]}]}, {"Node Type": "Bitmap Heap Scan", "Parent Relationship": "Inner", "Relation Name": "char_name", "Alias": "chn", "Startup Cost": 0.31, "Total Cost": 4.33, "Plan Rows": 1, "Plan Width": 20, "Recheck Cond": "(id = ci.person_role_id)", "Plans": [{"Node Type": "Bitmap Index Scan", "Parent Relationship": "Outer", "Index Name": "char_name_pkey", "Startup Cost": 0.0, "Total Cost": 0.31, "Plan Rows": 1, "Plan Width": 0, "Index Cond": "(id = ci.person_role_id)"}]}]}, {"Node Type": "Bitmap Heap Scan", "Parent Relationship": "Inner", "Relation Name": "title", "Alias": "t", "Startup Cost": 0.3, "Total Cost": 4.32, "Plan Rows": 1, "Plan Width": 21, "Recheck Cond": "(id = ci.movie_id)", "Filter": "((production_year >= 2005) AND (production_year <= 2015))", "Plans": [{"Node Type": "Bitmap Index Scan", "Parent Relationship": "Outer", "Index Name": "title_pkey", "Startup Cost": 0.0, "Total Cost": 0.3, "Plan Rows": 1, "Plan Width": 0, "Index Cond": "(id = ci.movie_id)"}]}]}]}, "Unique SQL Id": 3431223514, "Planner Runtime": 17}, "explain_analyze_plan": null}, "(64, 116)": {"explain_plan": {"Plan": {"Node Type": "Aggregate", "Strategy": "Plain", "Startup Cost": 65859.66, "Total Cost": 65859.67, "Plan Rows": 1, "Plan Width": 145, "Plans": [{"Node Type": "Nested Loop", "Parent Relationship": "Outer", "Join Type": "Inner", "Startup Cost": 0.0, "Total Cost": 65859.65, "Plan Rows": 1, "Plan Width": 49, "Inner Unique": true, "Plans": [{"Node Type": "Nested Loop", "Parent Relationship": "Outer", "Join Type": "Inner", "Startup Cost": 0.0, "Total Cost": 65859.16, "Plan Rows": 1, "Plan Width": 40, "Inner Unique": true, "Plans": [{"Node Type": "Nested Loop", "Parent Relationship": "Outer", "Join Type": "Inner", "Startup Cost": 0.0, "Total Cost": 65858.14, "Plan Rows": 2, "Plan Width": 28, "Inner Unique": true, "Plans": [{"Node Type": "Nested Loop", "Parent Relationship": "Outer", "Join Type": "Inner", "Startup Cost": 0.0, "Total Cost": 65856.5, "Plan Rows": 5, "Plan Width": 32, "Inner Unique": false, "Plans": [{"Node Type": "Nested Loop", "Parent Relationship": "Outer", "Join Type": "Inner", "Startup Cost": 0.0, "Total Cost": 65850.89, "Plan Rows": 13, "Plan Width": 24, "Inner Unique": false, "Join Filter": "(ci.role_id = rt.id)", "Plans": [{"Node Type": "Seq Scan", "Parent Relationship": "Outer", "Relation Name": "role_type", "Alias": "rt", "Startup Cost": 0.0, "Total Cost": 1.15, "Plan Rows": 1, "Plan Width": 4, "Filter": "((role)::text = 'actress'::text)"}, {"Node Type": "Materialize", "Parent Relationship": "Inner", "Startup Cost": 0.0, "Total Cost": 65848.33, "Plan Rows": 141, "Plan Width": 28, "Plans": [{"Node Type": "Nested Loop", "Parent Relationship": "Outer", "Join Type": "Inner", "Startup Cost": 0.0, "Total Cost": 65847.98, "Plan Rows": 141, "Plan Width": 28, "Inner Unique": false, "Join Filter": "(n.id = ci.person_id)", "Plans": [{"Node Type": "Nested Loop", "Parent Relationship": "Outer", "Join Type": "Inner", "Startup Cost": 0.0, "Total Cost": 65572.69, "Plan Rows": 115, "Plan Width": 24, "Inner Unique": false, "Plans": [{"Node Type": "Streaming(type: LOCAL GATHER dop: 1/64)", "Parent Relationship": "Outer", "Startup Cost": 0.0, "Total Cost": 64781.81, "Plan Rows": 96, "Plan Width": 4, "Plans": [{"Node Type": "Seq Scan", "Parent Relationship": "Outer", "Relation Name": "name", "Alias": "n", "Startup Cost": 0.0, "Total Cost": 64779.83, "Plan Rows": 96, "Plan Width": 4, "Filter": "(((name)::text ~~ '%Ang%'::text) AND ((gender)::text = 'f'::text))"}]}, {"Node Type": "Index Scan", "Parent Relationship": "Inner", "Scan Direction": "Forward", "Index Name": "person_id_aka_name", "Relation Name": "aka_name", "Alias": "an", "Startup Cost": 0.0, "Total Cost": 8.23, "Plan Rows": 1, "Plan Width": 20, "Index Cond": "(person_id = n.id)"}]}, {"Node Type": "Index Scan", "Parent Relationship": "Inner", "Scan Direction": "Forward", "Index Name": "person_id_cast_info", "Relation Name": "cast_info", "Alias": "ci", "Startup Cost": 0.0, "Total Cost": 2.38, "Plan Rows": 1, "Plan Width": 16, "Index Cond": "(person_id = an.person_id)", "Filter": "((note)::text = ANY ('{(voice),\"(voice: Japanese version)\",\"(voice) (uncredited)\",\"(voice: English version)\"}'::text[]))"}]}]}]}, {"Node Type": "Index Scan", "Parent Relationship": "Inner", "Scan Direction": "Forward", "Index Name": "movie_id_movie_companies", "Relation Name": "movie_companies", "Alias": "mc", "Startup Cost": 0.0, "Total Cost": 0.42, "Plan Rows": 1, "Plan Width": 8, "Index Cond": "(movie_id = ci.movie_id)", "Filter": "((note IS NOT NULL) AND (((note)::text ~~ '%(USA)%'::text) OR ((note)::text ~~ '%(worldwide)%'::text)))"}]}, {"Node Type": "Index Scan", "Parent Relationship": "Inner", "Scan Direction": "Forward", "Index Name": "company_name_pkey", "Relation Name": "company_name", "Alias": "cn", "Startup Cost": 0.0, "Total Cost": 0.32, "Plan Rows": 1, "Plan Width": 4, "Index Cond": "(id = mc.company_id)", "Filter": "((country_code)::text = '[us]'::text)"}]}, {"Node Type": "Index Scan", "Parent Relationship": "Inner", "Scan Direction": "Forward", "Index Name": "char_name_pkey", "Relation Name": "char_name", "Alias": "chn", "Startup Cost": 0.0, "Total Cost": 0.5, "Plan Rows": 1, "Plan Width": 20, "Index Cond": "(id = ci.person_role_id)"}]}, {"Node Type": "Index Scan", "Parent Relationship": "Inner", "Scan Direction": "Forward", "Index Name": "title_pkey", "Relation Name": "title", "Alias": "t", "Startup Cost": 0.0, "Total Cost": 0.49, "Plan Rows": 1, "Plan Width": 21, "Index Cond": "(id = ci.movie_id)", "Filter": "((production_year >= 2005) AND (production_year <= 2015))"}]}]}, "Unique SQL Id": 3431223514, "Planner Runtime": 15}, "explain_analyze_plan": {"Plan": {"Node Type": "Aggregate", "Strategy": "Plain", "Startup Cost": 65859.66, "Total Cost": 65859.67, "Plan Rows": 1, "Plan Width": 145, "Actual Min Startup Time": 278.751, "Actual Max Startup Time": 278.751, "Actual Min Total Time": 278.751, "Actual Max Total Time": 278.751, "Plans": [{"Node Type": "Nested Loop", "Parent Relationship": "Outer", "Join Type": "Inner", "Startup Cost": 0.0, "Total Cost": 65859.65, "Plan Rows": 1, "Plan Width": 49, "Actual Min Startup Time": 269.585, "Actual Max Startup Time": 269.585, "Actual Min Total Time": 278.613, "Actual Max Total Time": 278.613, "Inner Unique": true, "Plans": [{"Node Type": "Nested Loop", "Parent Relationship": "Outer", "Join Type": "Inner", "Startup Cost": 0.0, "Total Cost": 65859.16, "Plan Rows": 1, "Plan Width": 40, "Actual Min Startup Time": 268.876, "Actual Max Startup Time": 268.876, "Actual Min Total Time": 276.683, "Actual Max Total Time": 276.683, "Inner Unique": true, "Plans": [{"Node Type": "Nested Loop", "Parent Relationship": "Outer", "Join Type": "Inner", "Startup Cost": 0.0, "Total Cost": 65858.14, "Plan Rows": 2, "Plan Width": 28, "Actual Min Startup Time": 268.861, "Actual Max Startup Time": 268.861, "Actual Min Total Time": 275.129, "Actual Max Total Time": 275.129, "Inner Unique": true, "Plans": [{"Node Type": "Nested Loop", "Parent Relationship": "Outer", "Join Type": "Inner", "Startup Cost": 0.0, "Total Cost": 65856.5, "Plan Rows": 5, "Plan Width": 32, "Actual Min Startup Time": 268.839, "Actual Max Startup Time": 268.839, "Actual Min Total Time": 273.251, "Actual Max Total Time": 273.251, "Inner Unique": false, "Plans": [{"Node Type": "Nested Loop", "Parent Relationship": "Outer", "Join Type": "Inner", "Startup Cost": 0.0, "Total Cost": 65850.89, "Plan Rows": 13, "Plan Width": 24, "Actual Min Startup Time": 268.561, "Actual Max Startup Time": 268.561, "Actual Min Total Time": 268.833, "Actual Max Total Time": 268.833, "Inner Unique": false, "Join Filter": "(ci.role_id = rt.id)", "Rows Removed by Join Filter": 0, "Plans": [{"Node Type": "Seq Scan", "Parent Relationship": "Outer", "Relation Name": "role_type", "Alias": "rt", "Startup Cost": 0.0, "Total Cost": 1.15, "Plan Rows": 1, "Plan Width": 4, "Actual Min Startup Time": 0.02, "Actual Max Startup Time": 0.02, "Actual Min Total Time": 0.025, "Actual Max Total Time": 0.025, "Filter": "((role)::text = 'actress'::text)", "Rows Removed by Filter": 11, "Actual Rows": 1}, {"Node Type": "Materialize", "Parent Relationship": "Inner", "Startup Cost": 0.0, "Total Cost": 65848.33, "Plan Rows": 141, "Plan Width": 28, "Actual Min Startup Time": 268.53, "Actual Max Startup Time": 268.53, "Actual Min Total Time": 268.596, "Actual Max Total Time": 268.596, "Plans": [{"Node Type": "Nested Loop", "Parent Relationship": "Outer", "Join Type": "Inner", "Startup Cost": 0.0, "Total Cost": 65847.98, "Plan Rows": 141, "Plan Width": 28, "Actual Min Startup Time": 116.037, "Actual Max Startup Time": 116.037, "Actual Min Total Time": 268.336, "Actual Max Total Time": 268.336, "Inner Unique": false, "Join Filter": "(n.id = ci.person_id)", "Rows Removed by Join Filter": 0, "Plans": [{"Node Type": "Nested Loop", "Parent Relationship": "Outer", "Join Type": "Inner", "Startup Cost": 0.0, "Total Cost": 65572.69, "Plan Rows": 115, "Plan Width": 24, "Actual Min Startup Time": 115.641, "Actual Max Startup Time": 115.641, "Actual Min Total Time": 213.771, "Actual Max Total Time": 213.771, "Inner Unique": false, "Plans": [{"Node Type": "Streaming(type: LOCAL GATHER dop: 1/64)", "Parent Relationship": "Outer", "Startup Cost": 0.0, "Total Cost": 64781.81, "Plan Rows": 96, "Plan Width": 4, "Actual Min Startup Time": 115.588, "Actual Max Startup Time": 115.588, "Actual Min Total Time": 189.366, "Actual Max Total Time": 189.366, "Plans": [{"Node Type": "Seq Scan", "Parent Relationship": "Outer", "Relation Name": "name", "Alias": "n", "Startup Cost": 0.0, "Total Cost": 64779.83, "Plan Rows": 96, "Plan Width": 4, "Actual Min Startup Time": 9.393, "Actual Max Startup Time": 14.192, "Actual Min Total Time": 25.316, "Actual Max Total Time": 30.862, "Filter": "(((name)::text ~~ '%Ang%'::text) AND ((gender)::text = 'f'::text))", "Rows Removed by Filter": 4160722, "Actual Rows": 6768}], "Actual Rows": 6768}, {"Node Type": "Index Scan", "Parent Relationship": "Inner", "Scan Direction": "Forward", "Index Name": "person_id_aka_name", "Relation Name": "aka_name", "Alias": "an", "Startup Cost": 0.0, "Total Cost": 8.23, "Plan Rows": 1, "Plan Width": 20, "Actual Min Startup Time": 20.047, "Actual Max Startup Time": 20.047, "Actual Min Total Time": 20.97, "Actual Max Total Time": 20.97, "Index Cond": "(person_id = n.id)", "Rows Removed by Index Recheck": 0, "Actual Rows": 1558}], "Actual Rows": 1558}, {"Node Type": "Index Scan", "Parent Relationship": "Inner", "Scan Direction": "Forward", "Index Name": "person_id_cast_info", "Relation Name": "cast_info", "Alias": "ci", "Startup Cost": 0.0, "Total Cost": 2.38, "Plan Rows": 1, "Plan Width": 16, "Actual Min Startup Time": 48.598, "Actual Max Startup Time": 48.598, "Actual Min Total Time": 53.659, "Actual Max Total Time": 53.659, "Index Cond": "(person_id = an.person_id)", "Rows Removed by Index Recheck": 0, "Filter": "((note)::text = ANY ('{(voice),\"(voice: Japanese version)\",\"(voice) (uncredited)\",\"(voice: English version)\"}'::text[]))", "Rows Removed by Filter": 69057, "Actual Rows": 425}], "Actual Rows": 425}], "Actual Rows": 426}], "Actual Rows": 425}, {"Node Type": "Index Scan", "Parent Relationship": "Inner", "Scan Direction": "Forward", "Index Name": "movie_id_movie_companies", "Relation Name": "movie_companies", "Alias": "mc", "Startup Cost": 0.0, "Total Cost": 0.42, "Plan Rows": 1, "Plan Width": 8, "Actual Min Startup Time": 2.893, "Actual Max Startup Time": 2.893, "Actual Min Total Time": 4.118, "Actual Max Total Time": 4.118, "Index Cond": "(movie_id = ci.movie_id)", "Rows Removed by Index Recheck": 0, "Filter": "((note IS NOT NULL) AND (((note)::text ~~ '%(USA)%'::text) OR ((note)::text ~~ '%(worldwide)%'::text)))", "Rows Removed by Filter": 1538, "Actual Rows": 373}], "Actual Rows": 373}, {"Node Type": "Index Scan", "Parent Relationship": "Inner", "Scan Direction": "Forward", "Index Name": "company_name_pkey", "Relation Name": "company_name", "Alias": "cn", "Startup Cost": 0.0, "Total Cost": 0.32, "Plan Rows": 1, "Plan Width": 4, "Actual Min Startup Time": 1.59, "Actual Max Startup Time": 1.59, "Actual Min Total Time": 1.59, "Actual Max Total Time": 1.59, "Index Cond": "(id = mc.company_id)", "Rows Removed by Index Recheck": 0, "Filter": "((country_code)::text = '[us]'::text)", "Rows Removed by Filter": 14, "Actual Rows": 359}], "Actual Rows": 359}, {"Node Type": "Index Scan", "Parent Relationship": "Inner", "Scan Direction": "Forward", "Index Name": "char_name_pkey", "Relation Name": "char_name", "Alias": "chn", "Startup Cost": 0.0, "Total Cost": 0.5, "Plan Rows": 1, "Plan Width": 20, "Actual Min Startup Time": 1.233, "Actual Max Startup Time": 1.233, "Actual Min Total Time": 1.233, "Actual Max Total Time": 1.233, "Index Cond": "(id = ci.person_role_id)", "Rows Removed by Index Recheck": 0, "Actual Rows": 341}], "Actual Rows": 341}, {"Node Type": "Index Scan", "Parent Relationship": "Inner", "Scan Direction": "Forward", "Index Name": "title_pkey", "Relation Name": "title", "Alias": "t", "Startup Cost": 0.0, "Total Cost": 0.49, "Plan Rows": 1, "Plan Width": 21, "Actual Min Startup Time": 1.72, "Actual Max Startup Time": 1.72, "Actual Min Total Time": 1.72, "Actual Max Total Time": 1.72, "Index Cond": "(id = ci.movie_id)", "Rows Removed by Index Recheck": 0, "Filter": "((production_year >= 2005) AND (production_year <= 2015))", "Rows Removed by Filter": 220, "Actual Rows": 121}], "Actual Rows": 121}], "Actual Rows": 1}, "Triggers": [], "Planner Runtime": 16, "Total Runtime": 291.03, "Unique SQL Id": 3431223514}}, "(64, 117)": {"explain_plan": {"Plan": {"Node Type": "Aggregate", "Strategy": "Plain", "Startup Cost": 198159.35, "Total Cost": 198159.36, "Plan Rows": 1, "Plan Width": 145, "Plans": [{"Node Type": "Nested Loop", "Parent Relationship": "Outer", "Join Type": "Inner", "Startup Cost": 0.0, "Total Cost": 198159.35, "Plan Rows": 1, "Plan Width": 49, "Inner Unique": true, "Plans": [{"Node Type": "Nested Loop", "Parent Relationship": "Outer", "Join Type": "Inner", "Startup Cost": 0.0, "Total Cost": 198158.85, "Plan Rows": 1, "Plan Width": 40, "Inner Unique": true, "Plans": [{"Node Type": "Nested Loop", "Parent Relationship": "Outer", "Join Type": "Inner", "Startup Cost": 0.0, "Total Cost": 198157.83, "Plan Rows": 2, "Plan Width": 28, "Inner Unique": true, "Plans": [{"Node Type": "Nested Loop", "Parent Relationship": "Outer", "Join Type": "Inner", "Startup Cost": 0.0, "Total Cost": 198156.19, "Plan Rows": 5, "Plan Width": 32, "Inner Unique": false, "Plans": [{"Node Type": "Nested Loop", "Parent Relationship": "Outer", "Join Type": "Inner", "Startup Cost": 0.0, "Total Cost": 198150.58, "Plan Rows": 13, "Plan Width": 24, "Inner Unique": false, "Join Filter": "(ci.role_id = rt.id)", "Plans": [{"Node Type": "Index Scan", "Parent Relationship": "Outer", "Scan Direction": "Forward", "Index Name": "role_type_pkey", "Relation Name": "role_type", "Alias": "rt", "Startup Cost": 0.0, "Total Cost": 12.46, "Plan Rows": 1, "Plan Width": 4, "Filter": "((role)::text = 'actress'::text)"}, {"Node Type": "Nested Loop", "Parent Relationship": "Inner", "Join Type": "Inner", "Startup Cost": 0.0, "Total Cost": 198136.36, "Plan Rows": 141, "Plan Width": 28, "Inner Unique": false, "Join Filter": "(n.id = ci.person_id)", "Plans": [{"Node Type": "Nested Loop", "Parent Relationship": "Outer", "Join Type": "Inner", "Startup Cost": 0.0, "Total Cost": 197861.08, "Plan Rows": 115, "Plan Width": 24, "Inner Unique": false, "Plans": [{"Node Type": "Index Scan", "Parent Relationship": "Outer", "Scan Direction": "Forward", "Index Name": "name_pkey", "Relation Name": "name", "Alias": "n", "Startup Cost": 0.0, "Total Cost": 197070.2, "Plan Rows": 96, "Plan Width": 4, "Filter": "(((name)::text ~~ '%Ang%'::text) AND ((gender)::text = 'f'::text))"}, {"Node Type": "Index Scan", "Parent Relationship": "Inner", "Scan Direction": "Forward", "Index Name": "person_id_aka_name", "Relation Name": "aka_name", "Alias": "an", "Startup Cost": 0.0, "Total Cost": 8.23, "Plan Rows": 1, "Plan Width": 20, "Index Cond": "(person_id = n.id)"}]}, {"Node Type": "Index Scan", "Parent Relationship": "Inner", "Scan Direction": "Forward", "Index Name": "person_id_cast_info", "Relation Name": "cast_info", "Alias": "ci", "Startup Cost": 0.0, "Total Cost": 2.38, "Plan Rows": 1, "Plan Width": 16, "Index Cond": "(person_id = an.person_id)", "Filter": "((note)::text = ANY ('{(voice),\"(voice: Japanese version)\",\"(voice) (uncredited)\",\"(voice: English version)\"}'::text[]))"}]}]}, {"Node Type": "Index Scan", "Parent Relationship": "Inner", "Scan Direction": "Forward", "Index Name": "movie_id_movie_companies", "Relation Name": "movie_companies", "Alias": "mc", "Startup Cost": 0.0, "Total Cost": 0.42, "Plan Rows": 1, "Plan Width": 8, "Index Cond": "(movie_id = ci.movie_id)", "Filter": "((note IS NOT NULL) AND (((note)::text ~~ '%(USA)%'::text) OR ((note)::text ~~ '%(worldwide)%'::text)))"}]}, {"Node Type": "Index Scan", "Parent Relationship": "Inner", "Scan Direction": "Forward", "Index Name": "company_name_pkey", "Relation Name": "company_name", "Alias": "cn", "Startup Cost": 0.0, "Total Cost": 0.32, "Plan Rows": 1, "Plan Width": 4, "Index Cond": "(id = mc.company_id)", "Filter": "((country_code)::text = '[us]'::text)"}]}, {"Node Type": "Index Scan", "Parent Relationship": "Inner", "Scan Direction": "Forward", "Index Name": "char_name_pkey", "Relation Name": "char_name", "Alias": "chn", "Startup Cost": 0.0, "Total Cost": 0.5, "Plan Rows": 1, "Plan Width": 20, "Index Cond": "(id = ci.person_role_id)"}]}, {"Node Type": "Index Scan", "Parent Relationship": "Inner", "Scan Direction": "Forward", "Index Name": "title_pkey", "Relation Name": "title", "Alias": "t", "Startup Cost": 0.0, "Total Cost": 0.49, "Plan Rows": 1, "Plan Width": 21, "Index Cond": "(id = ci.movie_id)", "Filter": "((production_year >= 2005) AND (production_year <= 2015))"}]}]}, "Unique SQL Id": 3431223514, "Planner Runtime": 12}, "explain_analyze_plan": null}, "(64, 118)": {"explain_plan": {"Plan": {"Node Type": "Aggregate", "Strategy": "Plain", "Startup Cost": 66279.91, "Total Cost": 66279.92, "Plan Rows": 1, "Plan Width": 145, "Plans": [{"Node Type": "Nested Loop", "Parent Relationship": "Outer", "Join Type": "Inner", "Startup Cost": 6.41, "Total Cost": 66279.9, "Plan Rows": 1, "Plan Width": 49, "Inner Unique": true, "Plans": [{"Node Type": "Nested Loop", "Parent Relationship": "Outer", "Join Type": "Inner", "Startup Cost": 6.11, "Total Cost": 66275.57, "Plan Rows": 1, "Plan Width": 40, "Inner Unique": true, "Plans": [{"Node Type": "Nested Loop", "Parent Relationship": "Outer", "Join Type": "Inner", "Startup Cost": 5.8, "Total Cost": 66266.9, "Plan Rows": 2, "Plan Width": 28, "Inner Unique": true, "Plans": [{"Node Type": "Nested Loop", "Parent Relationship": "Outer", "Join Type": "Inner", "Startup Cost": 5.53, "Total Cost": 66245.46, "Plan Rows": 5, "Plan Width": 32, "Inner Unique": false, "Plans": [{"Node Type": "Nested Loop", "Parent Relationship": "Outer", "Join Type": "Inner", "Startup Cost": 5.22, "Total Cost": 66188.82, "Plan Rows": 13, "Plan Width": 24, "Inner Unique": false, "Join Filter": "(ci.role_id = rt.id)", "Plans": [{"Node Type": "Seq Scan", "Parent Relationship": "Outer", "Relation Name": "role_type", "Alias": "rt", "Startup Cost": 0.0, "Total Cost": 1.15, "Plan Rows": 1, "Plan Width": 4, "Filter": "((role)::text = 'actress'::text)"}, {"Node Type": "Materialize", "Parent Relationship": "Inner", "Startup Cost": 5.22, "Total Cost": 66186.26, "Plan Rows": 141, "Plan Width": 28, "Plans": [{"Node Type": "Nested Loop", "Parent Relationship": "Outer", "Join Type": "Inner", "Startup Cost": 5.22, "Total Cost": 66185.91, "Plan Rows": 141, "Plan Width": 28, "Inner Unique": false, "Join Filter": "(n.id = ci.person_id)", "Plans": [{"Node Type": "Nested Loop", "Parent Relationship": "Outer", "Join Type": "Inner", "Startup Cost": 4.22, "Total Cost": 65572.72, "Plan Rows": 115, "Plan Width": 24, "Inner Unique": false, "Plans": [{"Node Type": "Streaming(type: LOCAL GATHER dop: 1/64)", "Parent Relationship": "Outer", "Startup Cost": 0.0, "Total Cost": 64781.81, "Plan Rows": 96, "Plan Width": 4, "Plans": [{"Node Type": "Seq Scan", "Parent Relationship": "Outer", "Relation Name": "name", "Alias": "n", "Startup Cost": 0.0, "Total Cost": 64779.83, "Plan Rows": 96, "Plan Width": 4, "Filter": "(((name)::text ~~ '%Ang%'::text) AND ((gender)::text = 'f'::text))"}]}, {"Node Type": "Bitmap Heap Scan", "Parent Relationship": "Inner", "Relation Name": "aka_name", "Alias": "an", "Startup Cost": 4.22, "Total Cost": 8.23, "Plan Rows": 1, "Plan Width": 20, "Recheck Cond": "(person_id = n.id)", "Plans": [{"Node Type": "Bitmap Index Scan", "Parent Relationship": "Outer", "Index Name": "person_id_aka_name", "Startup Cost": 0.0, "Total Cost": 4.22, "Plan Rows": 1, "Plan Width": 0, "Index Cond": "(person_id = n.id)"}]}]}, {"Node Type": "Bitmap Heap Scan", "Parent Relationship": "Inner", "Relation Name": "cast_info", "Alias": "ci", "Startup Cost": 1.0, "Total Cost": 5.32, "Plan Rows": 1, "Plan Width": 16, "Recheck Cond": "(person_id = an.person_id)", "Filter": "((note)::text = ANY ('{(voice),\"(voice: Japanese version)\",\"(voice) (uncredited)\",\"(voice: English version)\"}'::text[]))", "Plans": [{"Node Type": "Bitmap Index Scan", "Parent Relationship": "Outer", "Index Name": "person_id_cast_info", "Startup Cost": 0.0, "Total Cost": 1.0, "Plan Rows": 18, "Plan Width": 0, "Index Cond": "(person_id = an.person_id)"}]}]}]}]}, {"Node Type": "Bitmap Heap Scan", "Parent Relationship": "Inner", "Relation Name": "movie_companies", "Alias": "mc", "Startup Cost": 0.31, "Total Cost": 4.35, "Plan Rows": 1, "Plan Width": 8, "Recheck Cond": "(movie_id = ci.movie_id)", "Filter": "((note IS NOT NULL) AND (((note)::text ~~ '%(USA)%'::text) OR ((note)::text ~~ '%(worldwide)%'::text)))", "Plans": [{"Node Type": "Bitmap Index Scan", "Parent Relationship": "Outer", "Index Name": "movie_id_movie_companies", "Startup Cost": 0.0, "Total Cost": 0.31, "Plan Rows": 2, "Plan Width": 0, "Index Cond": "(movie_id = ci.movie_id)"}]}]}, {"Node Type": "Bitmap Heap Scan", "Parent Relationship": "Inner", "Relation Name": "company_name", "Alias": "cn", "Startup Cost": 0.26, "Total Cost": 4.28, "Plan Rows": 1, "Plan Width": 4, "Recheck Cond": "(id = mc.company_id)", "Filter": "((country_code)::text = '[us]'::text)", "Plans": [{"Node Type": "Bitmap Index Scan", "Parent Relationship": "Outer", "Index Name": "company_name_pkey", "Startup Cost": 0.0, "Total Cost": 0.26, "Plan Rows": 1, "Plan Width": 0, "Index Cond": "(id = mc.company_id)"}]}]}, {"Node Type": "Bitmap Heap Scan", "Parent Relationship": "Inner", "Relation Name": "char_name", "Alias": "chn", "Startup Cost": 0.31, "Total Cost": 4.33, "Plan Rows": 1, "Plan Width": 20, "Recheck Cond": "(id = ci.person_role_id)", "Plans": [{"Node Type": "Bitmap Index Scan", "Parent Relationship": "Outer", "Index Name": "char_name_pkey", "Startup Cost": 0.0, "Total Cost": 0.31, "Plan Rows": 1, "Plan Width": 0, "Index Cond": "(id = ci.person_role_id)"}]}]}, {"Node Type": "Bitmap Heap Scan", "Parent Relationship": "Inner", "Relation Name": "title", "Alias": "t", "Startup Cost": 0.3, "Total Cost": 4.32, "Plan Rows": 1, "Plan Width": 21, "Recheck Cond": "(id = ci.movie_id)", "Filter": "((production_year >= 2005) AND (production_year <= 2015))", "Plans": [{"Node Type": "Bitmap Index Scan", "Parent Relationship": "Outer", "Index Name": "title_pkey", "Startup Cost": 0.0, "Total Cost": 0.3, "Plan Rows": 1, "Plan Width": 0, "Index Cond": "(id = ci.movie_id)"}]}]}]}, "Unique SQL Id": 3431223514, "Planner Runtime": 38}, "explain_analyze_plan": {"Plan": {"Node Type": "Aggregate", "Strategy": "Plain", "Startup Cost": 66279.91, "Total Cost": 66279.92, "Plan Rows": 1, "Plan Width": 145, "Actual Min Startup Time": 276.76, "Actual Max Startup Time": 276.76, "Actual Min Total Time": 276.761, "Actual Max Total Time": 276.761, "Plans": [{"Node Type": "Nested Loop", "Parent Relationship": "Outer", "Join Type": "Inner", "Startup Cost": 6.41, "Total Cost": 66279.9, "Plan Rows": 1, "Plan Width": 49, "Actual Min Startup Time": 263.884, "Actual Max Startup Time": 263.884, "Actual Min Total Time": 276.595, "Actual Max Total Time": 276.595, "Inner Unique": true, "Plans": [{"Node Type": "Nested Loop", "Parent Relationship": "Outer", "Join Type": "Inner", "Startup Cost": 6.11, "Total Cost": 66275.57, "Plan Rows": 1, "Plan Width": 40, "Actual Min Startup Time": 263.855, "Actual Max Startup Time": 263.855, "Actual Min Total Time": 274.163, "Actual Max Total Time": 274.163, "Inner Unique": true, "Plans": [{"Node Type": "Nested Loop", "Parent Relationship": "Outer", "Join Type": "Inner", "Startup Cost": 5.8, "Total Cost": 66266.9, "Plan Rows": 2, "Plan Width": 28, "Actual Min Startup Time": 263.835, "Actual Max Startup Time": 263.835, "Actual Min Total Time": 272.075, "Actual Max Total Time": 272.075, "Inner Unique": true, "Plans": [{"Node Type": "Nested Loop", "Parent Relationship": "Outer", "Join Type": "Inner", "Startup Cost": 5.53, "Total Cost": 66245.46, "Plan Rows": 5, "Plan Width": 32, "Actual Min Startup Time": 263.813, "Actual Max Startup Time": 263.813, "Actual Min Total Time": 269.555, "Actual Max Total Time": 269.555, "Inner Unique": false, "Plans": [{"Node Type": "Nested Loop", "Parent Relationship": "Outer", "Join Type": "Inner", "Startup Cost": 5.22, "Total Cost": 66188.82, "Plan Rows": 13, "Plan Width": 24, "Actual Min Startup Time": 263.731, "Actual Max Startup Time": 263.731, "Actual Min Total Time": 264.023, "Actual Max Total Time": 264.023, "Inner Unique": false, "Join Filter": "(ci.role_id = rt.id)", "Rows Removed by Join Filter": 0, "Plans": [{"Node Type": "Seq Scan", "Parent Relationship": "Outer", "Relation Name": "role_type", "Alias": "rt", "Startup Cost": 0.0, "Total Cost": 1.15, "Plan Rows": 1, "Plan Width": 4, "Actual Min Startup Time": 0.022, "Actual Max Startup Time": 0.022, "Actual Min Total Time": 0.027, "Actual Max Total Time": 0.027, "Filter": "((role)::text = 'actress'::text)", "Rows Removed by Filter": 11, "Actual Rows": 1}, {"Node Type": "Materialize", "Parent Relationship": "Inner", "Startup Cost": 5.22, "Total Cost": 66186.26, "Plan Rows": 141, "Plan Width": 28, "Actual Min Startup Time": 263.691, "Actual Max Startup Time": 263.691, "Actual Min Total Time": 263.766, "Actual Max Total Time": 263.766, "Plans": [{"Node Type": "Nested Loop", "Parent Relationship": "Outer", "Join Type": "Inner", "Startup Cost": 5.22, "Total Cost": 66185.91, "Plan Rows": 141, "Plan Width": 28, "Actual Min Startup Time": 108.086, "Actual Max Startup Time": 108.086, "Actual Min Total Time": 263.5, "Actual Max Total Time": 263.5, "Inner Unique": false, "Join Filter": "(n.id = ci.person_id)", "Rows Removed by Join Filter": 0, "Plans": [{"Node Type": "Nested Loop", "Parent Relationship": "Outer", "Join Type": "Inner", "Startup Cost": 4.22, "Total Cost": 65572.72, "Plan Rows": 115, "Plan Width": 24, "Actual Min Startup Time": 62.476, "Actual Max Startup Time": 62.476, "Actual Min Total Time": 208.841, "Actual Max Total Time": 208.841, "Inner Unique": false, "Plans": [{"Node Type": "Streaming(type: LOCAL GATHER dop: 1/64)", "Parent Relationship": "Outer", "Startup Cost": 0.0, "Total Cost": 64781.81, "Plan Rows": 96, "Plan Width": 4, "Actual Min Startup Time": 62.403, "Actual Max Startup Time": 62.403, "Actual Min Total Time": 175.436, "Actual Max Total Time": 175.436, "Plans": [{"Node Type": "Seq Scan", "Parent Relationship": "Outer", "Relation Name": "name", "Alias": "n", "Startup Cost": 0.0, "Total Cost": 64779.83, "Plan Rows": 96, "Plan Width": 4, "Actual Min Startup Time": 9.522, "Actual Max Startup Time": 14.111, "Actual Min Total Time": 25.38, "Actual Max Total Time": 42.688, "Filter": "(((name)::text ~~ '%Ang%'::text) AND ((gender)::text = 'f'::text))", "Rows Removed by Filter": 4160722, "Actual Rows": 6768}], "Actual Rows": 6768}, {"Node Type": "Bitmap Heap Scan", "Parent Relationship": "Inner", "Relation Name": "aka_name", "Alias": "an", "Startup Cost": 4.22, "Total Cost": 8.23, "Plan Rows": 1, "Plan Width": 20, "Actual Min Startup Time": 25.316, "Actual Max Startup Time": 25.316, "Actual Min Total Time": 25.904, "Actual Max Total Time": 25.904, "Recheck Cond": "(person_id = n.id)", "Rows Removed by Index Recheck": 0, "Exact Heap Blocks": 1014, "Lossy Heap Blocks": 1014, "Plans": [{"Node Type": "Bitmap Index Scan", "Parent Relationship": "Outer", "Index Name": "person_id_aka_name", "Startup Cost": 0.0, "Total Cost": 4.22, "Plan Rows": 1, "Plan Width": 0, "Actual Min Startup Time": 19.555, "Actual Max Startup Time": 19.555, "Actual Min Total Time": 19.555, "Actual Max Total Time": 19.555, "Index Cond": "(person_id = n.id)", "Actual Rows": 1558}], "Actual Rows": 1558}], "Actual Rows": 1558}, {"Node Type": "Bitmap Heap Scan", "Parent Relationship": "Inner", "Relation Name": "cast_info", "Alias": "ci", "Startup Cost": 1.0, "Total Cost": 5.32, "Plan Rows": 1, "Plan Width": 16, "Actual Min Startup Time": 49.271, "Actual Max Startup Time": 49.271, "Actual Min Total Time": 52.575, "Actual Max Total Time": 52.575, "Recheck Cond": "(person_id = an.person_id)", "Rows Removed by Index Recheck": 0, "Filter": "((note)::text = ANY ('{(voice),\"(voice: Japanese version)\",\"(voice) (uncredited)\",\"(voice: English version)\"}'::text[]))", "Rows Removed by Filter": 69057, "Exact Heap Blocks": 2627, "Lossy Heap Blocks": 2627, "Plans": [{"Node Type": "Bitmap Index Scan", "Parent Relationship": "Outer", "Index Name": "person_id_cast_info", "Startup Cost": 0.0, "Total Cost": 1.0, "Plan Rows": 18, "Plan Width": 0, "Actual Min Startup Time": 16.083, "Actual Max Startup Time": 16.083, "Actual Min Total Time": 16.083, "Actual Max Total Time": 16.083, "Index Cond": "(person_id = an.person_id)", "Actual Rows": 69482}], "Actual Rows": 425}], "Actual Rows": 425}], "Actual Rows": 426}], "Actual Rows": 425}, {"Node Type": "Bitmap Heap Scan", "Parent Relationship": "Inner", "Relation Name": "movie_companies", "Alias": "mc", "Startup Cost": 0.31, "Total Cost": 4.35, "Plan Rows": 1, "Plan Width": 8, "Actual Min Startup Time": 3.927, "Actual Max Startup Time": 3.927, "Actual Min Total Time": 4.932, "Actual Max Total Time": 4.932, "Recheck Cond": "(movie_id = ci.movie_id)", "Rows Removed by Index Recheck": 0, "Filter": "((note IS NOT NULL) AND (((note)::text ~~ '%(USA)%'::text) OR ((note)::text ~~ '%(worldwide)%'::text)))", "Rows Removed by Filter": 1538, "Exact Heap Blocks": 580, "Lossy Heap Blocks": 580, "Plans": [{"Node Type": "Bitmap Index Scan", "Parent Relationship": "Outer", "Index Name": "movie_id_movie_companies", "Startup Cost": 0.0, "Total Cost": 0.31, "Plan Rows": 2, "Plan Width": 0, "Actual Min Startup Time": 2.054, "Actual Max Startup Time": 2.054, "Actual Min Total Time": 2.054, "Actual Max Total Time": 2.054, "Index Cond": "(movie_id = ci.movie_id)", "Actual Rows": 1911}], "Actual Rows": 373}], "Actual Rows": 373}, {"Node Type": "Bitmap Heap Scan", "Parent Relationship": "Inner", "Relation Name": "company_name", "Alias": "cn", "Startup Cost": 0.26, "Total Cost": 4.28, "Plan Rows": 1, "Plan Width": 4, "Actual Min Startup Time": 2.032, "Actual Max Startup Time": 2.032, "Actual Min Total Time": 2.032, "Actual Max Total Time": 2.032, "Recheck Cond": "(id = mc.company_id)", "Rows Removed by Index Recheck": 0, "Filter": "((country_code)::text = '[us]'::text)", "Rows Removed by Filter": 14, "Exact Heap Blocks": 373, "Lossy Heap Blocks": 373, "Plans": [{"Node Type": "Bitmap Index Scan", "Parent Relationship": "Outer", "Index Name": "company_name_pkey", "Startup Cost": 0.0, "Total Cost": 0.26, "Plan Rows": 1, "Plan Width": 0, "Actual Min Startup Time": 1.114, "Actual Max Startup Time": 1.114, "Actual Min Total Time": 1.114, "Actual Max Total Time": 1.114, "Index Cond": "(id = mc.company_id)", "Actual Rows": 373}], "Actual Rows": 359}], "Actual Rows": 359}, {"Node Type": "Bitmap Heap Scan", "Parent Relationship": "Inner", "Relation Name": "char_name", "Alias": "chn", "Startup Cost": 0.31, "Total Cost": 4.33, "Plan Rows": 1, "Plan Width": 20, "Actual Min Startup Time": 1.567, "Actual Max Startup Time": 1.567, "Actual Min Total Time": 1.567, "Actual Max Total Time": 1.567, "Recheck Cond": "(id = ci.person_role_id)", "Rows Removed by Index Recheck": 0, "Exact Heap Blocks": 341, "Lossy Heap Blocks": 341, "Plans": [{"Node Type": "Bitmap Index Scan", "Parent Relationship": "Outer", "Index Name": "char_name_pkey", "Startup Cost": 0.0, "Total Cost": 0.31, "Plan Rows": 1, "Plan Width": 0, "Actual Min Startup Time": 1.005, "Actual Max Startup Time": 1.005, "Actual Min Total Time": 1.005, "Actual Max Total Time": 1.005, "Index Cond": "(id = ci.person_role_id)", "Actual Rows": 341}], "Actual Rows": 341}], "Actual Rows": 341}, {"Node Type": "Bitmap Heap Scan", "Parent Relationship": "Inner", "Relation Name": "title", "Alias": "t", "Startup Cost": 0.3, "Total Cost": 4.32, "Plan Rows": 1, "Plan Width": 21, "Actual Min Startup Time": 2.009, "Actual Max Startup Time": 2.009, "Actual Min Total Time": 2.009, "Actual Max Total Time": 2.009, "Recheck Cond": "(id = ci.movie_id)", "Rows Removed by Index Recheck": 0, "Filter": "((production_year >= 2005) AND (production_year <= 2015))", "Rows Removed by Filter": 220, "Exact Heap Blocks": 341, "Lossy Heap Blocks": 341, "Plans": [{"Node Type": "Bitmap Index Scan", "Parent Relationship": "Outer", "Index Name": "title_pkey", "Startup Cost": 0.0, "Total Cost": 0.3, "Plan Rows": 1, "Plan Width": 0, "Actual Min Startup Time": 1.198, "Actual Max Startup Time": 1.198, "Actual Min Total Time": 1.198, "Actual Max Total Time": 1.198, "Index Cond": "(id = ci.movie_id)", "Actual Rows": 341}], "Actual Rows": 121}], "Actual Rows": 121}], "Actual Rows": 1}, "Triggers": [], "Planner Runtime": 38, "Total Runtime": 289.165, "Unique SQL Id": 3431223514}}, "(64, 119)": {"explain_plan": {"Plan": {"Node Type": "Aggregate", "Strategy": "Plain", "Startup Cost": 199166.12, "Total Cost": 199166.13, "Plan Rows": 1, "Plan Width": 145, "Plans": [{"Node Type": "Nested Loop", "Parent Relationship": "Outer", "Join Type": "Inner", "Startup Cost": 83164.39, "Total Cost": 199166.11, "Plan Rows": 1, "Plan Width": 49, "Inner Unique": true, "Plans": [{"Node Type": "Nested Loop", "Parent Relationship": "Outer", "Join Type": "Inner", "Startup Cost": 83164.09, "Total Cost": 199161.78, "Plan Rows": 1, "Plan Width": 40, "Inner Unique": true, "Plans": [{"Node Type": "Nested Loop", "Parent Relationship": "Outer", "Join Type": "Inner", "Startup Cost": 83163.78, "Total Cost": 199153.11, "Plan Rows": 2, "Plan Width": 28, "Inner Unique": true, "Plans": [{"Node Type": "Nested Loop", "Parent Relationship": "Outer", "Join Type": "Inner", "Startup Cost": 83163.51, "Total Cost": 199131.67, "Plan Rows": 5, "Plan Width": 32, "Inner Unique": false, "Plans": [{"Node Type": "Nested Loop", "Parent Relationship": "Outer", "Join Type": "Inner", "Startup Cost": 83163.2, "Total Cost": 199075.04, "Plan Rows": 13, "Plan Width": 24, "Inner Unique": true, "Plans": [{"Node Type": "Nested Loop", "Parent Relationship": "Outer", "Join Type": "Inner", "Startup Cost": 83162.94, "Total Cost": 198471.17, "Plan Rows": 141, "Plan Width": 28, "Inner Unique": false, "Join Filter": "(n.id = ci.person_id)", "Plans": [{"Node Type": "Nested Loop", "Parent Relationship": "Outer", "Join Type": "Inner", "Startup Cost": 83161.94, "Total Cost": 197857.98, "Plan Rows": 115, "Plan Width": 24, "Inner Unique": false, "Plans": [{"Node Type": "Bitmap Heap Scan", "Parent Relationship": "Outer", "Relation Name": "name", "Alias": "n", "Startup Cost": 83157.72, "Total Cost": 197067.07, "Plan Rows": 96, "Plan Width": 4, "Filter": "(((name)::text ~~ '%Ang%'::text) AND ((gender)::text = 'f'::text))", "Plans": [{"Node Type": "Bitmap Index Scan", "Parent Relationship": "Outer", "Index Name": "name_pkey", "Startup Cost": 0.0, "Total Cost": 83157.7, "Plan Rows": 4167490, "Plan Width": 0}]}, {"Node Type": "Bitmap Heap Scan", "Parent Relationship": "Inner", "Relation Name": "aka_name", "Alias": "an", "Startup Cost": 4.22, "Total Cost": 8.23, "Plan Rows": 1, "Plan Width": 20, "Recheck Cond": "(person_id = n.id)", "Plans": [{"Node Type": "Bitmap Index Scan", "Parent Relationship": "Outer", "Index Name": "person_id_aka_name", "Startup Cost": 0.0, "Total Cost": 4.22, "Plan Rows": 1, "Plan Width": 0, "Index Cond": "(person_id = n.id)"}]}]}, {"Node Type": "Bitmap Heap Scan", "Parent Relationship": "Inner", "Relation Name": "cast_info", "Alias": "ci", "Startup Cost": 1.0, "Total Cost": 5.32, "Plan Rows": 1, "Plan Width": 16, "Recheck Cond": "(person_id = an.person_id)", "Filter": "((note)::text = ANY ('{(voice),\"(voice: Japanese version)\",\"(voice) (uncredited)\",\"(voice: English version)\"}'::text[]))", "Plans": [{"Node Type": "Bitmap Index Scan", "Parent Relationship": "Outer", "Index Name": "person_id_cast_info", "Startup Cost": 0.0, "Total Cost": 1.0, "Plan Rows": 18, "Plan Width": 0, "Index Cond": "(person_id = an.person_id)"}]}]}, {"Node Type": "Bitmap Heap Scan", "Parent Relationship": "Inner", "Relation Name": "role_type", "Alias": "rt", "Startup Cost": 0.26, "Total Cost": 4.27, "Plan Rows": 1, "Plan Width": 4, "Recheck Cond": "(id = ci.role_id)", "Filter": "((role)::text = 'actress'::text)", "Plans": [{"Node Type": "Bitmap Index Scan", "Parent Relationship": "Outer", "Index Name": "role_type_pkey", "Startup Cost": 0.0, "Total Cost": 0.26, "Plan Rows": 1, "Plan Width": 0, "Index Cond": "(id = ci.role_id)"}]}]}, {"Node Type": "Bitmap Heap Scan", "Parent Relationship": "Inner", "Relation Name": "movie_companies", "Alias": "mc", "Startup Cost": 0.31, "Total Cost": 4.35, "Plan Rows": 1, "Plan Width": 8, "Recheck Cond": "(movie_id = ci.movie_id)", "Filter": "((note IS NOT NULL) AND (((note)::text ~~ '%(USA)%'::text) OR ((note)::text ~~ '%(worldwide)%'::text)))", "Plans": [{"Node Type": "Bitmap Index Scan", "Parent Relationship": "Outer", "Index Name": "movie_id_movie_companies", "Startup Cost": 0.0, "Total Cost": 0.31, "Plan Rows": 2, "Plan Width": 0, "Index Cond": "(movie_id = ci.movie_id)"}]}]}, {"Node Type": "Bitmap Heap Scan", "Parent Relationship": "Inner", "Relation Name": "company_name", "Alias": "cn", "Startup Cost": 0.26, "Total Cost": 4.28, "Plan Rows": 1, "Plan Width": 4, "Recheck Cond": "(id = mc.company_id)", "Filter": "((country_code)::text = '[us]'::text)", "Plans": [{"Node Type": "Bitmap Index Scan", "Parent Relationship": "Outer", "Index Name": "company_name_pkey", "Startup Cost": 0.0, "Total Cost": 0.26, "Plan Rows": 1, "Plan Width": 0, "Index Cond": "(id = mc.company_id)"}]}]}, {"Node Type": "Bitmap Heap Scan", "Parent Relationship": "Inner", "Relation Name": "char_name", "Alias": "chn", "Startup Cost": 0.31, "Total Cost": 4.33, "Plan Rows": 1, "Plan Width": 20, "Recheck Cond": "(id = ci.person_role_id)", "Plans": [{"Node Type": "Bitmap Index Scan", "Parent Relationship": "Outer", "Index Name": "char_name_pkey", "Startup Cost": 0.0, "Total Cost": 0.31, "Plan Rows": 1, "Plan Width": 0, "Index Cond": "(id = ci.person_role_id)"}]}]}, {"Node Type": "Bitmap Heap Scan", "Parent Relationship": "Inner", "Relation Name": "title", "Alias": "t", "Startup Cost": 0.3, "Total Cost": 4.32, "Plan Rows": 1, "Plan Width": 21, "Recheck Cond": "(id = ci.movie_id)", "Filter": "((production_year >= 2005) AND (production_year <= 2015))", "Plans": [{"Node Type": "Bitmap Index Scan", "Parent Relationship": "Outer", "Index Name": "title_pkey", "Startup Cost": 0.0, "Total Cost": 0.3, "Plan Rows": 1, "Plan Width": 0, "Index Cond": "(id = ci.movie_id)"}]}]}]}, "Unique SQL Id": 3431223514, "Planner Runtime": 17}, "explain_analyze_plan": null}, "(64, 120)": {"explain_plan": {"Plan": {"Node Type": "Aggregate", "Strategy": "Plain", "Startup Cost": 65859.66, "Total Cost": 65859.67, "Plan Rows": 1, "Plan Width": 145, "Plans": [{"Node Type": "Nested Loop", "Parent Relationship": "Outer", "Join Type": "Inner", "Startup Cost": 0.0, "Total Cost": 65859.65, "Plan Rows": 1, "Plan Width": 49, "Inner Unique": true, "Plans": [{"Node Type": "Nested Loop", "Parent Relationship": "Outer", "Join Type": "Inner", "Startup Cost": 0.0, "Total Cost": 65859.16, "Plan Rows": 1, "Plan Width": 40, "Inner Unique": true, "Plans": [{"Node Type": "Nested Loop", "Parent Relationship": "Outer", "Join Type": "Inner", "Startup Cost": 0.0, "Total Cost": 65858.14, "Plan Rows": 2, "Plan Width": 28, "Inner Unique": true, "Plans": [{"Node Type": "Nested Loop", "Parent Relationship": "Outer", "Join Type": "Inner", "Startup Cost": 0.0, "Total Cost": 65856.5, "Plan Rows": 5, "Plan Width": 32, "Inner Unique": false, "Plans": [{"Node Type": "Nested Loop", "Parent Relationship": "Outer", "Join Type": "Inner", "Startup Cost": 0.0, "Total Cost": 65850.89, "Plan Rows": 13, "Plan Width": 24, "Inner Unique": false, "Join Filter": "(ci.role_id = rt.id)", "Plans": [{"Node Type": "Seq Scan", "Parent Relationship": "Outer", "Relation Name": "role_type", "Alias": "rt", "Startup Cost": 0.0, "Total Cost": 1.15, "Plan Rows": 1, "Plan Width": 4, "Filter": "((role)::text = 'actress'::text)"}, {"Node Type": "Materialize", "Parent Relationship": "Inner", "Startup Cost": 0.0, "Total Cost": 65848.33, "Plan Rows": 141, "Plan Width": 28, "Plans": [{"Node Type": "Nested Loop", "Parent Relationship": "Outer", "Join Type": "Inner", "Startup Cost": 0.0, "Total Cost": 65847.98, "Plan Rows": 141, "Plan Width": 28, "Inner Unique": false, "Join Filter": "(n.id = ci.person_id)", "Plans": [{"Node Type": "Nested Loop", "Parent Relationship": "Outer", "Join Type": "Inner", "Startup Cost": 0.0, "Total Cost": 65572.69, "Plan Rows": 115, "Plan Width": 24, "Inner Unique": false, "Plans": [{"Node Type": "Streaming(type: LOCAL GATHER dop: 1/64)", "Parent Relationship": "Outer", "Startup Cost": 0.0, "Total Cost": 64781.81, "Plan Rows": 96, "Plan Width": 4, "Plans": [{"Node Type": "Seq Scan", "Parent Relationship": "Outer", "Relation Name": "name", "Alias": "n", "Startup Cost": 0.0, "Total Cost": 64779.83, "Plan Rows": 96, "Plan Width": 4, "Filter": "(((name)::text ~~ '%Ang%'::text) AND ((gender)::text = 'f'::text))"}]}, {"Node Type": "Index Scan", "Parent Relationship": "Inner", "Scan Direction": "Forward", "Index Name": "person_id_aka_name", "Relation Name": "aka_name", "Alias": "an", "Startup Cost": 0.0, "Total Cost": 8.23, "Plan Rows": 1, "Plan Width": 20, "Index Cond": "(person_id = n.id)"}]}, {"Node Type": "Index Scan", "Parent Relationship": "Inner", "Scan Direction": "Forward", "Index Name": "person_id_cast_info", "Relation Name": "cast_info", "Alias": "ci", "Startup Cost": 0.0, "Total Cost": 2.38, "Plan Rows": 1, "Plan Width": 16, "Index Cond": "(person_id = an.person_id)", "Filter": "((note)::text = ANY ('{(voice),\"(voice: Japanese version)\",\"(voice) (uncredited)\",\"(voice: English version)\"}'::text[]))"}]}]}]}, {"Node Type": "Index Scan", "Parent Relationship": "Inner", "Scan Direction": "Forward", "Index Name": "movie_id_movie_companies", "Relation Name": "movie_companies", "Alias": "mc", "Startup Cost": 0.0, "Total Cost": 0.42, "Plan Rows": 1, "Plan Width": 8, "Index Cond": "(movie_id = ci.movie_id)", "Filter": "((note IS NOT NULL) AND (((note)::text ~~ '%(USA)%'::text) OR ((note)::text ~~ '%(worldwide)%'::text)))"}]}, {"Node Type": "Index Scan", "Parent Relationship": "Inner", "Scan Direction": "Forward", "Index Name": "company_name_pkey", "Relation Name": "company_name", "Alias": "cn", "Startup Cost": 0.0, "Total Cost": 0.32, "Plan Rows": 1, "Plan Width": 4, "Index Cond": "(id = mc.company_id)", "Filter": "((country_code)::text = '[us]'::text)"}]}, {"Node Type": "Index Scan", "Parent Relationship": "Inner", "Scan Direction": "Forward", "Index Name": "char_name_pkey", "Relation Name": "char_name", "Alias": "chn", "Startup Cost": 0.0, "Total Cost": 0.5, "Plan Rows": 1, "Plan Width": 20, "Index Cond": "(id = ci.person_role_id)"}]}, {"Node Type": "Index Scan", "Parent Relationship": "Inner", "Scan Direction": "Forward", "Index Name": "title_pkey", "Relation Name": "title", "Alias": "t", "Startup Cost": 0.0, "Total Cost": 0.49, "Plan Rows": 1, "Plan Width": 21, "Index Cond": "(id = ci.movie_id)", "Filter": "((production_year >= 2005) AND (production_year <= 2015))"}]}]}, "Unique SQL Id": 3431223514, "Planner Runtime": 15}, "explain_analyze_plan": {"Plan": {"Node Type": "Aggregate", "Strategy": "Plain", "Startup Cost": 65859.66, "Total Cost": 65859.67, "Plan Rows": 1, "Plan Width": 145, "Actual Min Startup Time": 278.751, "Actual Max Startup Time": 278.751, "Actual Min Total Time": 278.751, "Actual Max Total Time": 278.751, "Plans": [{"Node Type": "Nested Loop", "Parent Relationship": "Outer", "Join Type": "Inner", "Startup Cost": 0.0, "Total Cost": 65859.65, "Plan Rows": 1, "Plan Width": 49, "Actual Min Startup Time": 269.585, "Actual Max Startup Time": 269.585, "Actual Min Total Time": 278.613, "Actual Max Total Time": 278.613, "Inner Unique": true, "Plans": [{"Node Type": "Nested Loop", "Parent Relationship": "Outer", "Join Type": "Inner", "Startup Cost": 0.0, "Total Cost": 65859.16, "Plan Rows": 1, "Plan Width": 40, "Actual Min Startup Time": 268.876, "Actual Max Startup Time": 268.876, "Actual Min Total Time": 276.683, "Actual Max Total Time": 276.683, "Inner Unique": true, "Plans": [{"Node Type": "Nested Loop", "Parent Relationship": "Outer", "Join Type": "Inner", "Startup Cost": 0.0, "Total Cost": 65858.14, "Plan Rows": 2, "Plan Width": 28, "Actual Min Startup Time": 268.861, "Actual Max Startup Time": 268.861, "Actual Min Total Time": 275.129, "Actual Max Total Time": 275.129, "Inner Unique": true, "Plans": [{"Node Type": "Nested Loop", "Parent Relationship": "Outer", "Join Type": "Inner", "Startup Cost": 0.0, "Total Cost": 65856.5, "Plan Rows": 5, "Plan Width": 32, "Actual Min Startup Time": 268.839, "Actual Max Startup Time": 268.839, "Actual Min Total Time": 273.251, "Actual Max Total Time": 273.251, "Inner Unique": false, "Plans": [{"Node Type": "Nested Loop", "Parent Relationship": "Outer", "Join Type": "Inner", "Startup Cost": 0.0, "Total Cost": 65850.89, "Plan Rows": 13, "Plan Width": 24, "Actual Min Startup Time": 268.561, "Actual Max Startup Time": 268.561, "Actual Min Total Time": 268.833, "Actual Max Total Time": 268.833, "Inner Unique": false, "Join Filter": "(ci.role_id = rt.id)", "Rows Removed by Join Filter": 0, "Plans": [{"Node Type": "Seq Scan", "Parent Relationship": "Outer", "Relation Name": "role_type", "Alias": "rt", "Startup Cost": 0.0, "Total Cost": 1.15, "Plan Rows": 1, "Plan Width": 4, "Actual Min Startup Time": 0.02, "Actual Max Startup Time": 0.02, "Actual Min Total Time": 0.025, "Actual Max Total Time": 0.025, "Filter": "((role)::text = 'actress'::text)", "Rows Removed by Filter": 11, "Actual Rows": 1}, {"Node Type": "Materialize", "Parent Relationship": "Inner", "Startup Cost": 0.0, "Total Cost": 65848.33, "Plan Rows": 141, "Plan Width": 28, "Actual Min Startup Time": 268.53, "Actual Max Startup Time": 268.53, "Actual Min Total Time": 268.596, "Actual Max Total Time": 268.596, "Plans": [{"Node Type": "Nested Loop", "Parent Relationship": "Outer", "Join Type": "Inner", "Startup Cost": 0.0, "Total Cost": 65847.98, "Plan Rows": 141, "Plan Width": 28, "Actual Min Startup Time": 116.037, "Actual Max Startup Time": 116.037, "Actual Min Total Time": 268.336, "Actual Max Total Time": 268.336, "Inner Unique": false, "Join Filter": "(n.id = ci.person_id)", "Rows Removed by Join Filter": 0, "Plans": [{"Node Type": "Nested Loop", "Parent Relationship": "Outer", "Join Type": "Inner", "Startup Cost": 0.0, "Total Cost": 65572.69, "Plan Rows": 115, "Plan Width": 24, "Actual Min Startup Time": 115.641, "Actual Max Startup Time": 115.641, "Actual Min Total Time": 213.771, "Actual Max Total Time": 213.771, "Inner Unique": false, "Plans": [{"Node Type": "Streaming(type: LOCAL GATHER dop: 1/64)", "Parent Relationship": "Outer", "Startup Cost": 0.0, "Total Cost": 64781.81, "Plan Rows": 96, "Plan Width": 4, "Actual Min Startup Time": 115.588, "Actual Max Startup Time": 115.588, "Actual Min Total Time": 189.366, "Actual Max Total Time": 189.366, "Plans": [{"Node Type": "Seq Scan", "Parent Relationship": "Outer", "Relation Name": "name", "Alias": "n", "Startup Cost": 0.0, "Total Cost": 64779.83, "Plan Rows": 96, "Plan Width": 4, "Actual Min Startup Time": 9.393, "Actual Max Startup Time": 14.192, "Actual Min Total Time": 25.316, "Actual Max Total Time": 30.862, "Filter": "(((name)::text ~~ '%Ang%'::text) AND ((gender)::text = 'f'::text))", "Rows Removed by Filter": 4160722, "Actual Rows": 6768}], "Actual Rows": 6768}, {"Node Type": "Index Scan", "Parent Relationship": "Inner", "Scan Direction": "Forward", "Index Name": "person_id_aka_name", "Relation Name": "aka_name", "Alias": "an", "Startup Cost": 0.0, "Total Cost": 8.23, "Plan Rows": 1, "Plan Width": 20, "Actual Min Startup Time": 20.047, "Actual Max Startup Time": 20.047, "Actual Min Total Time": 20.97, "Actual Max Total Time": 20.97, "Index Cond": "(person_id = n.id)", "Rows Removed by Index Recheck": 0, "Actual Rows": 1558}], "Actual Rows": 1558}, {"Node Type": "Index Scan", "Parent Relationship": "Inner", "Scan Direction": "Forward", "Index Name": "person_id_cast_info", "Relation Name": "cast_info", "Alias": "ci", "Startup Cost": 0.0, "Total Cost": 2.38, "Plan Rows": 1, "Plan Width": 16, "Actual Min Startup Time": 48.598, "Actual Max Startup Time": 48.598, "Actual Min Total Time": 53.659, "Actual Max Total Time": 53.659, "Index Cond": "(person_id = an.person_id)", "Rows Removed by Index Recheck": 0, "Filter": "((note)::text = ANY ('{(voice),\"(voice: Japanese version)\",\"(voice) (uncredited)\",\"(voice: English version)\"}'::text[]))", "Rows Removed by Filter": 69057, "Actual Rows": 425}], "Actual Rows": 425}], "Actual Rows": 426}], "Actual Rows": 425}, {"Node Type": "Index Scan", "Parent Relationship": "Inner", "Scan Direction": "Forward", "Index Name": "movie_id_movie_companies", "Relation Name": "movie_companies", "Alias": "mc", "Startup Cost": 0.0, "Total Cost": 0.42, "Plan Rows": 1, "Plan Width": 8, "Actual Min Startup Time": 2.893, "Actual Max Startup Time": 2.893, "Actual Min Total Time": 4.118, "Actual Max Total Time": 4.118, "Index Cond": "(movie_id = ci.movie_id)", "Rows Removed by Index Recheck": 0, "Filter": "((note IS NOT NULL) AND (((note)::text ~~ '%(USA)%'::text) OR ((note)::text ~~ '%(worldwide)%'::text)))", "Rows Removed by Filter": 1538, "Actual Rows": 373}], "Actual Rows": 373}, {"Node Type": "Index Scan", "Parent Relationship": "Inner", "Scan Direction": "Forward", "Index Name": "company_name_pkey", "Relation Name": "company_name", "Alias": "cn", "Startup Cost": 0.0, "Total Cost": 0.32, "Plan Rows": 1, "Plan Width": 4, "Actual Min Startup Time": 1.59, "Actual Max Startup Time": 1.59, "Actual Min Total Time": 1.59, "Actual Max Total Time": 1.59, "Index Cond": "(id = mc.company_id)", "Rows Removed by Index Recheck": 0, "Filter": "((country_code)::text = '[us]'::text)", "Rows Removed by Filter": 14, "Actual Rows": 359}], "Actual Rows": 359}, {"Node Type": "Index Scan", "Parent Relationship": "Inner", "Scan Direction": "Forward", "Index Name": "char_name_pkey", "Relation Name": "char_name", "Alias": "chn", "Startup Cost": 0.0, "Total Cost": 0.5, "Plan Rows": 1, "Plan Width": 20, "Actual Min Startup Time": 1.233, "Actual Max Startup Time": 1.233, "Actual Min Total Time": 1.233, "Actual Max Total Time": 1.233, "Index Cond": "(id = ci.person_role_id)", "Rows Removed by Index Recheck": 0, "Actual Rows": 341}], "Actual Rows": 341}, {"Node Type": "Index Scan", "Parent Relationship": "Inner", "Scan Direction": "Forward", "Index Name": "title_pkey", "Relation Name": "title", "Alias": "t", "Startup Cost": 0.0, "Total Cost": 0.49, "Plan Rows": 1, "Plan Width": 21, "Actual Min Startup Time": 1.72, "Actual Max Startup Time": 1.72, "Actual Min Total Time": 1.72, "Actual Max Total Time": 1.72, "Index Cond": "(id = ci.movie_id)", "Rows Removed by Index Recheck": 0, "Filter": "((production_year >= 2005) AND (production_year <= 2015))", "Rows Removed by Filter": 220, "Actual Rows": 121}], "Actual Rows": 121}], "Actual Rows": 1}, "Triggers": [], "Planner Runtime": 16, "Total Runtime": 291.03, "Unique SQL Id": 3431223514}}, "(64, 121)": {"explain_plan": {"Plan": {"Node Type": "Aggregate", "Strategy": "Plain", "Startup Cost": 198159.35, "Total Cost": 198159.36, "Plan Rows": 1, "Plan Width": 145, "Plans": [{"Node Type": "Nested Loop", "Parent Relationship": "Outer", "Join Type": "Inner", "Startup Cost": 0.0, "Total Cost": 198159.35, "Plan Rows": 1, "Plan Width": 49, "Inner Unique": true, "Plans": [{"Node Type": "Nested Loop", "Parent Relationship": "Outer", "Join Type": "Inner", "Startup Cost": 0.0, "Total Cost": 198158.85, "Plan Rows": 1, "Plan Width": 40, "Inner Unique": true, "Plans": [{"Node Type": "Nested Loop", "Parent Relationship": "Outer", "Join Type": "Inner", "Startup Cost": 0.0, "Total Cost": 198157.83, "Plan Rows": 2, "Plan Width": 28, "Inner Unique": true, "Plans": [{"Node Type": "Nested Loop", "Parent Relationship": "Outer", "Join Type": "Inner", "Startup Cost": 0.0, "Total Cost": 198156.19, "Plan Rows": 5, "Plan Width": 32, "Inner Unique": false, "Plans": [{"Node Type": "Nested Loop", "Parent Relationship": "Outer", "Join Type": "Inner", "Startup Cost": 0.0, "Total Cost": 198150.58, "Plan Rows": 13, "Plan Width": 24, "Inner Unique": false, "Join Filter": "(ci.role_id = rt.id)", "Plans": [{"Node Type": "Index Scan", "Parent Relationship": "Outer", "Scan Direction": "Forward", "Index Name": "role_type_pkey", "Relation Name": "role_type", "Alias": "rt", "Startup Cost": 0.0, "Total Cost": 12.46, "Plan Rows": 1, "Plan Width": 4, "Filter": "((role)::text = 'actress'::text)"}, {"Node Type": "Nested Loop", "Parent Relationship": "Inner", "Join Type": "Inner", "Startup Cost": 0.0, "Total Cost": 198136.36, "Plan Rows": 141, "Plan Width": 28, "Inner Unique": false, "Join Filter": "(n.id = ci.person_id)", "Plans": [{"Node Type": "Nested Loop", "Parent Relationship": "Outer", "Join Type": "Inner", "Startup Cost": 0.0, "Total Cost": 197861.08, "Plan Rows": 115, "Plan Width": 24, "Inner Unique": false, "Plans": [{"Node Type": "Index Scan", "Parent Relationship": "Outer", "Scan Direction": "Forward", "Index Name": "name_pkey", "Relation Name": "name", "Alias": "n", "Startup Cost": 0.0, "Total Cost": 197070.2, "Plan Rows": 96, "Plan Width": 4, "Filter": "(((name)::text ~~ '%Ang%'::text) AND ((gender)::text = 'f'::text))"}, {"Node Type": "Index Scan", "Parent Relationship": "Inner", "Scan Direction": "Forward", "Index Name": "person_id_aka_name", "Relation Name": "aka_name", "Alias": "an", "Startup Cost": 0.0, "Total Cost": 8.23, "Plan Rows": 1, "Plan Width": 20, "Index Cond": "(person_id = n.id)"}]}, {"Node Type": "Index Scan", "Parent Relationship": "Inner", "Scan Direction": "Forward", "Index Name": "person_id_cast_info", "Relation Name": "cast_info", "Alias": "ci", "Startup Cost": 0.0, "Total Cost": 2.38, "Plan Rows": 1, "Plan Width": 16, "Index Cond": "(person_id = an.person_id)", "Filter": "((note)::text = ANY ('{(voice),\"(voice: Japanese version)\",\"(voice) (uncredited)\",\"(voice: English version)\"}'::text[]))"}]}]}, {"Node Type": "Index Scan", "Parent Relationship": "Inner", "Scan Direction": "Forward", "Index Name": "movie_id_movie_companies", "Relation Name": "movie_companies", "Alias": "mc", "Startup Cost": 0.0, "Total Cost": 0.42, "Plan Rows": 1, "Plan Width": 8, "Index Cond": "(movie_id = ci.movie_id)", "Filter": "((note IS NOT NULL) AND (((note)::text ~~ '%(USA)%'::text) OR ((note)::text ~~ '%(worldwide)%'::text)))"}]}, {"Node Type": "Index Scan", "Parent Relationship": "Inner", "Scan Direction": "Forward", "Index Name": "company_name_pkey", "Relation Name": "company_name", "Alias": "cn", "Startup Cost": 0.0, "Total Cost": 0.32, "Plan Rows": 1, "Plan Width": 4, "Index Cond": "(id = mc.company_id)", "Filter": "((country_code)::text = '[us]'::text)"}]}, {"Node Type": "Index Scan", "Parent Relationship": "Inner", "Scan Direction": "Forward", "Index Name": "char_name_pkey", "Relation Name": "char_name", "Alias": "chn", "Startup Cost": 0.0, "Total Cost": 0.5, "Plan Rows": 1, "Plan Width": 20, "Index Cond": "(id = ci.person_role_id)"}]}, {"Node Type": "Index Scan", "Parent Relationship": "Inner", "Scan Direction": "Forward", "Index Name": "title_pkey", "Relation Name": "title", "Alias": "t", "Startup Cost": 0.0, "Total Cost": 0.49, "Plan Rows": 1, "Plan Width": 21, "Index Cond": "(id = ci.movie_id)", "Filter": "((production_year >= 2005) AND (production_year <= 2015))"}]}]}, "Unique SQL Id": 3431223514, "Planner Runtime": 11}, "explain_analyze_plan": null}, "(64, 122)": {"explain_plan": {"Plan": {"Node Type": "Aggregate", "Strategy": "Plain", "Startup Cost": 574599.36, "Total Cost": 574599.37, "Plan Rows": 1, "Plan Width": 145, "Plans": [{"Node Type": "Nested Loop", "Parent Relationship": "Outer", "Join Type": "Inner", "Startup Cost": 282.75, "Total Cost": 574599.35, "Plan Rows": 1, "Plan Width": 49, "Inner Unique": true, "Join Filter": "(ci.movie_id = t.id)", "Plans": [{"Node Type": "Nested Loop", "Parent Relationship": "Outer", "Join Type": "Inner", "Startup Cost": 0.0, "Total Cost": 473714.79, "Plan Rows": 1, "Plan Width": 40, "Inner Unique": false, "Join Filter": "(n.id = an.person_id)", "Plans": [{"Node Type": "Nested Loop", "Parent Relationship": "Outer", "Join Type": "Inner", "Startup Cost": 0.0, "Total Cost": 442539.59, "Plan Rows": 1, "Plan Width": 32, "Inner Unique": false, "Join Filter": "(mc.company_id = cn.id)", "Plans": [{"Node Type": "Seq Scan", "Parent Relationship": "Outer", "Relation Name": "company_name", "Alias": "cn", "Startup Cost": 0.0, "Total Cost": 5903.45, "Plan Rows": 85170, "Plan Width": 4, "Filter": "((country_code)::text = '[us]'::text)"}, {"Node Type": "Materialize", "Parent Relationship": "Inner", "Startup Cost": 0.0, "Total Cost": 434081.05, "Plan Rows": 2, "Plan Width": 36, "Plans": [{"Node Type": "Nested Loop", "Parent Relationship": "Outer", "Join Type": "Inner", "Startup Cost": 0.0, "Total Cost": 434081.04, "Plan Rows": 2, "Plan Width": 36, "Inner Unique": false, "Join Filter": "(ci.movie_id = mc.movie_id)", "Plans": [{"Node Type": "Seq Scan", "Parent Relationship": "Outer", "Relation Name": "movie_companies", "Alias": "mc", "Startup Cost": 0.0, "Total Cost": 54862.92, "Plan Rows": 297072, "Plan Width": 8, "Filter": "((note IS NOT NULL) AND (((note)::text ~~ '%(USA)%'::text) OR ((note)::text ~~ '%(worldwide)%'::text))), (LLVM Optimized)"}, {"Node Type": "Materialize", "Parent Relationship": "Inner", "Startup Cost": 0.0, "Total Cost": 356937.73, "Plan Rows": 5, "Plan Width": 28, "Plans": [{"Node Type": "Streaming(type: LOCAL GATHER dop: 1/64)", "Parent Relationship": "Outer", "Startup Cost": 0.0, "Total Cost": 356937.71, "Plan Rows": 5, "Plan Width": 28, "Plans": [{"Node Type": "Nested Loop", "Parent Relationship": "Outer", "Join Type": "Inner", "Startup Cost": 0.0, "Total Cost": 356937.6, "Plan Rows": 5, "Plan Width": 28, "Inner Unique": false, "Join Filter": "(ci.person_role_id = chn.id)", "Plans": [{"Node Type": "Seq Scan", "Parent Relationship": "Outer", "Relation Name": "char_name", "Alias": "chn", "Startup Cost": 0.0, "Total Cost": 64054.58, "Plan Rows": 3140338, "Plan Width": 20}, {"Node Type": "Materialize", "Parent Relationship": "Inner", "Startup Cost": 0.0, "Total Cost": 284786.86, "Plan Rows": 704, "Plan Width": 16, "Plans": [{"Node Type": "Streaming(type: BROADCAST dop: 64/1)", "Parent Relationship": "Outer", "Startup Cost": 0.0, "Total Cost": 284786.81, "Plan Rows": 704, "Plan Width": 16, "Plans": [{"Node Type": "Nested Loop", "Parent Relationship": "Outer", "Join Type": "Inner", "Startup Cost": 0.0, "Total Cost": 221772.28, "Plan Rows": 11, "Plan Width": 16, "Inner Unique": false, "Join Filter": "(ci.role_id = rt.id)", "Plans": [{"Node Type": "Seq Scan", "Parent Relationship": "Outer", "Relation Name": "role_type", "Alias": "rt", "Startup Cost": 0.0, "Total Cost": 1.15, "Plan Rows": 1, "Plan Width": 4, "Filter": "((role)::text = 'actress'::text)"}, {"Node Type": "Materialize", "Parent Relationship": "Inner", "Startup Cost": 0.0, "Total Cost": 221769.96, "Plan Rows": 117, "Plan Width": 20, "Plans": [{"Node Type": "Streaming(type: LOCAL GATHER dop: 1/64)", "Parent Relationship": "Outer", "Startup Cost": 0.0, "Total Cost": 221769.67, "Plan Rows": 117, "Plan Width": 20, "Plans": [{"Node Type": "Nested Loop", "Parent Relationship": "Outer", "Join Type": "Inner", "Startup Cost": 0.0, "Total Cost": 221767.26, "Plan Rows": 117, "Plan Width": 20, "Inner Unique": true, "Join Filter": "(ci.person_id = n.id)", "Plans": [{"Node Type": "Seq Scan", "Parent Relationship": "Outer", "Relation Name": "cast_info", "Alias": "ci", "Startup Cost": 0.0, "Total Cost": 75237.12, "Plan Rows": 833163, "Plan Width": 16, "Filter": "((note)::text = ANY ('{(voice),\"(voice: Japanese version)\",\"(voice) (uncredited)\",\"(voice: English version)\"}'::text[]))"}, {"Node Type": "Materialize", "Parent Relationship": "Inner", "Startup Cost": 0.0, "Total Cost": 127784.21, "Plan Rows": 6144, "Plan Width": 4, "Plans": [{"Node Type": "Streaming(type: BROADCAST dop: 64/64)", "Parent Relationship": "Outer", "Startup Cost": 0.0, "Total Cost": 127783.73, "Plan Rows": 6144, "Plan Width": 4, "Plans": [{"Node Type": "Seq Scan", "Parent Relationship": "Outer", "Relation Name": "name", "Alias": "n", "Startup Cost": 0.0, "Total Cost": 64779.83, "Plan Rows": 96, "Plan Width": 4, "Filter": "(((name)::text ~~ '%Ang%'::text) AND ((gender)::text = 'f'::text))"}]}]}]}]}]}]}]}]}]}]}]}]}]}]}, {"Node Type": "Seq Scan", "Parent Relationship": "Inner", "Relation Name": "aka_name", "Alias": "an", "Startup Cost": 0.0, "Total Cost": 19908.42, "Plan Rows": 901342, "Plan Width": 20}]}, {"Node Type": "Materialize", "Parent Relationship": "Inner", "Startup Cost": 282.75, "Total Cost": 89792.33, "Plan Rows": 1109224, "Plan Width": 21, "Plans": [{"Node Type": "Streaming(type: LOCAL GATHER dop: 1/64)", "Parent Relationship": "Outer", "Startup Cost": 282.75, "Total Cost": 87019.27, "Plan Rows": 1109224, "Plan Width": 21, "Plans": [{"Node Type": "Seq Scan", "Parent Relationship": "Outer", "Relation Name": "title", "Alias": "t", "Startup Cost": 282.75, "Total Cost": 64136.1, "Plan Rows": 1109224, "Plan Width": 21, "Filter": "((production_year >= 2005) AND (production_year <= 2015)), (LLVM Optimized)"}]}]}]}]}, "Unique SQL Id": 3431223514, "Planner Runtime": 33}, "explain_analyze_plan": null}, "(64, 123)": {"explain_plan": {"Plan": {"Node Type": "Aggregate", "Strategy": "Plain", "Startup Cost": 8000201060142.55, "Total Cost": 8000201060142.56, "Plan Rows": 1, "Plan Width": 145, "Plans": [{"Node Type": "Nested Loop", "Parent Relationship": "Outer", "Join Type": "Inner", "Startup Cost": 80000000000.0, "Total Cost": 8000201060142.54, "Plan Rows": 1, "Plan Width": 49, "Inner Unique": false, "Join Filter": "(n.id = an.person_id)", "Plans": [{"Node Type": "Nested Loop", "Parent Relationship": "Outer", "Join Type": "Inner", "Startup Cost": 70000000000.0, "Total Cost": 7000201060108.87, "Plan Rows": 1, "Plan Width": 41, "Inner Unique": true, "Plans": [{"Node Type": "Nested Loop", "Parent Relationship": "Outer", "Join Type": "Inner", "Startup Cost": 60000000000.0, "Total Cost": 6000201060060.22, "Plan Rows": 1, "Plan Width": 32, "Inner Unique": true, "Join Filter": "(ci.person_role_id = chn.id)", "Plans": [{"Node Type": "Nested Loop", "Parent Relationship": "Outer", "Join Type": "Inner", "Startup Cost": 50000000000.0, "Total Cost": 5000187970453.73, "Plan Rows": 2, "Plan Width": 20, "Inner Unique": true, "Join Filter": "(mc.company_id = cn.id)", "Plans": [{"Node Type": "Nested Loop", "Parent Relationship": "Outer", "Join Type": "Inner", "Startup Cost": 40000000000.0, "Total Cost": 4000186914991.63, "Plan Rows": 4, "Plan Width": 24, "Inner Unique": false, "Join Filter": "(ci.movie_id = mc.movie_id)", "Plans": [{"Node Type": "Nested Loop", "Parent Relationship": "Outer", "Join Type": "Inner", "Startup Cost": 30000000000.0, "Total Cost": 3000173193318.09, "Plan Rows": 11, "Plan Width": 16, "Inner Unique": true, "Join Filter": "(ci.role_id = rt.id)", "Plans": [{"Node Type": "Nested Loop", "Parent Relationship": "Outer", "Join Type": "Inner", "Startup Cost": 20000000000.0, "Total Cost": 2000173192070.33, "Plan Rows": 117, "Plan Width": 20, "Inner Unique": false, "Join Filter": "(ci.person_id = n.id)", "Plans": [{"Node Type": "Index Scan", "Parent Relationship": "Outer", "Scan Direction": "Forward", "Index Name": "name_pkey", "Relation Name": "name", "Alias": "n", "Startup Cost": 10000000000.0, "Total Cost": 1000019707019.7, "Plan Rows": 96, "Plan Width": 4, "Filter": "(((name)::text ~~ '%Ang%'::text) AND ((gender)::text = 'f'::text))"}, {"Node Type": "Materialize", "Parent Relationship": "Inner", "Startup Cost": 10000000000.0, "Total Cost": 1000152287378.81, "Plan Rows": 833163, "Plan Width": 16, "Plans": [{"Node Type": "Index Scan", "Parent Relationship": "Outer", "Scan Direction": "Forward", "Index Name": "role_id_cast_info", "Relation Name": "cast_info", "Alias": "ci", "Startup Cost": 10000000000.0, "Total Cost": 1000152283213.0, "Plan Rows": 833163, "Plan Width": 16, "Filter": "((note)::text = ANY ('{(voice),\"(voice: Japanese version)\",\"(voice) (uncredited)\",\"(voice: English version)\"}'::text[]))"}]}]}, {"Node Type": "Materialize", "Parent Relationship": "Inner", "Startup Cost": 10000000000.0, "Total Cost": 1000000001246.0, "Plan Rows": 1, "Plan Width": 4, "Plans": [{"Node Type": "Index Scan", "Parent Relationship": "Outer", "Scan Direction": "Forward", "Index Name": "role_type_pkey", "Relation Name": "role_type", "Alias": "rt", "Startup Cost": 10000000000.0, "Total Cost": 1000000001246.0, "Plan Rows": 1, "Plan Width": 4, "Filter": "((role)::text = 'actress'::text)"}]}]}, {"Node Type": "Materialize", "Parent Relationship": "Inner", "Startup Cost": 10000000000.0, "Total Cost": 1000013673399.34, "Plan Rows": 297072, "Plan Width": 8, "Plans": [{"Node Type": "Index Scan", "Parent Relationship": "Outer", "Scan Direction": "Forward", "Index Name": "company_id_movie_companies", "Relation Name": "movie_companies", "Alias": "mc", "Startup Cost": 10000000000.0, "Total Cost": 1000013671913.98, "Plan Rows": 297072, "Plan Width": 8, "Filter": "((note IS NOT NULL) AND (((note)::text ~~ '%(USA)%'::text) OR ((note)::text ~~ '%(worldwide)%'::text))), (LLVM Optimized)"}]}]}, {"Node Type": "Materialize", "Parent Relationship": "Inner", "Startup Cost": 10000000000.0, "Total Cost": 1000001050564.82, "Plan Rows": 85170, "Plan Width": 4, "Plans": [{"Node Type": "Index Scan", "Parent Relationship": "Outer", "Scan Direction": "Forward", "Index Name": "company_name_pkey", "Relation Name": "company_name", "Alias": "cn", "Startup Cost": 10000000000.0, "Total Cost": 1000001050138.97, "Plan Rows": 85170, "Plan Width": 4, "Filter": "((country_code)::text = '[us]'::text)"}]}]}, {"Node Type": "Materialize", "Parent Relationship": "Inner", "Startup Cost": 10000000000.0, "Total Cost": 1000013003247.2, "Plan Rows": 3140338, "Plan Width": 20, "Plans": [{"Node Type": "Index Scan", "Parent Relationship": "Outer", "Scan Direction": "Forward", "Index Name": "char_name_pkey", "Relation Name": "char_name", "Alias": "chn", "Startup Cost": 10000000000.0, "Total Cost": 1000012987545.51, "Plan Rows": 3140338, "Plan Width": 20}]}]}, {"Node Type": "Index Scan", "Parent Relationship": "Inner", "Scan Direction": "Forward", "Index Name": "title_pkey", "Relation Name": "title", "Alias": "t", "Startup Cost": 10000000000.0, "Total Cost": 1000000000048.64, "Plan Rows": 1, "Plan Width": 21, "Index Cond": "(id = ci.movie_id)", "Filter": "((production_year >= 2005) AND (production_year <= 2015))"}]}, {"Node Type": "Index Scan", "Parent Relationship": "Inner", "Scan Direction": "Forward", "Index Name": "person_id_aka_name", "Relation Name": "aka_name", "Alias": "an", "Startup Cost": 10000000000.0, "Total Cost": 1000000000033.66, "Plan Rows": 1, "Plan Width": 20, "Index Cond": "(person_id = ci.person_id)"}]}]}, "Unique SQL Id": 3431223514, "Planner Runtime": 13}, "explain_analyze_plan": null}, "(64, 124)": {"explain_plan": {"Plan": {"Node Type": "Aggregate", "Strategy": "Plain", "Startup Cost": 65859.66, "Total Cost": 65859.67, "Plan Rows": 1, "Plan Width": 145, "Plans": [{"Node Type": "Nested Loop", "Parent Relationship": "Outer", "Join Type": "Inner", "Startup Cost": 0.0, "Total Cost": 65859.65, "Plan Rows": 1, "Plan Width": 49, "Inner Unique": true, "Plans": [{"Node Type": "Nested Loop", "Parent Relationship": "Outer", "Join Type": "Inner", "Startup Cost": 0.0, "Total Cost": 65859.16, "Plan Rows": 1, "Plan Width": 40, "Inner Unique": true, "Plans": [{"Node Type": "Nested Loop", "Parent Relationship": "Outer", "Join Type": "Inner", "Startup Cost": 0.0, "Total Cost": 65858.14, "Plan Rows": 2, "Plan Width": 28, "Inner Unique": true, "Plans": [{"Node Type": "Nested Loop", "Parent Relationship": "Outer", "Join Type": "Inner", "Startup Cost": 0.0, "Total Cost": 65856.5, "Plan Rows": 5, "Plan Width": 32, "Inner Unique": false, "Plans": [{"Node Type": "Nested Loop", "Parent Relationship": "Outer", "Join Type": "Inner", "Startup Cost": 0.0, "Total Cost": 65850.89, "Plan Rows": 13, "Plan Width": 24, "Inner Unique": false, "Join Filter": "(ci.role_id = rt.id)", "Plans": [{"Node Type": "Seq Scan", "Parent Relationship": "Outer", "Relation Name": "role_type", "Alias": "rt", "Startup Cost": 0.0, "Total Cost": 1.15, "Plan Rows": 1, "Plan Width": 4, "Filter": "((role)::text = 'actress'::text)"}, {"Node Type": "Materialize", "Parent Relationship": "Inner", "Startup Cost": 0.0, "Total Cost": 65848.33, "Plan Rows": 141, "Plan Width": 28, "Plans": [{"Node Type": "Nested Loop", "Parent Relationship": "Outer", "Join Type": "Inner", "Startup Cost": 0.0, "Total Cost": 65847.98, "Plan Rows": 141, "Plan Width": 28, "Inner Unique": false, "Join Filter": "(n.id = ci.person_id)", "Plans": [{"Node Type": "Nested Loop", "Parent Relationship": "Outer", "Join Type": "Inner", "Startup Cost": 0.0, "Total Cost": 65572.69, "Plan Rows": 115, "Plan Width": 24, "Inner Unique": false, "Plans": [{"Node Type": "Streaming(type: LOCAL GATHER dop: 1/64)", "Parent Relationship": "Outer", "Startup Cost": 0.0, "Total Cost": 64781.81, "Plan Rows": 96, "Plan Width": 4, "Plans": [{"Node Type": "Seq Scan", "Parent Relationship": "Outer", "Relation Name": "name", "Alias": "n", "Startup Cost": 0.0, "Total Cost": 64779.83, "Plan Rows": 96, "Plan Width": 4, "Filter": "(((name)::text ~~ '%Ang%'::text) AND ((gender)::text = 'f'::text))"}]}, {"Node Type": "Index Scan", "Parent Relationship": "Inner", "Scan Direction": "Forward", "Index Name": "person_id_aka_name", "Relation Name": "aka_name", "Alias": "an", "Startup Cost": 0.0, "Total Cost": 8.23, "Plan Rows": 1, "Plan Width": 20, "Index Cond": "(person_id = n.id)"}]}, {"Node Type": "Index Scan", "Parent Relationship": "Inner", "Scan Direction": "Forward", "Index Name": "person_id_cast_info", "Relation Name": "cast_info", "Alias": "ci", "Startup Cost": 0.0, "Total Cost": 2.38, "Plan Rows": 1, "Plan Width": 16, "Index Cond": "(person_id = an.person_id)", "Filter": "((note)::text = ANY ('{(voice),\"(voice: Japanese version)\",\"(voice) (uncredited)\",\"(voice: English version)\"}'::text[]))"}]}]}]}, {"Node Type": "Index Scan", "Parent Relationship": "Inner", "Scan Direction": "Forward", "Index Name": "movie_id_movie_companies", "Relation Name": "movie_companies", "Alias": "mc", "Startup Cost": 0.0, "Total Cost": 0.42, "Plan Rows": 1, "Plan Width": 8, "Index Cond": "(movie_id = ci.movie_id)", "Filter": "((note IS NOT NULL) AND (((note)::text ~~ '%(USA)%'::text) OR ((note)::text ~~ '%(worldwide)%'::text)))"}]}, {"Node Type": "Index Scan", "Parent Relationship": "Inner", "Scan Direction": "Forward", "Index Name": "company_name_pkey", "Relation Name": "company_name", "Alias": "cn", "Startup Cost": 0.0, "Total Cost": 0.32, "Plan Rows": 1, "Plan Width": 4, "Index Cond": "(id = mc.company_id)", "Filter": "((country_code)::text = '[us]'::text)"}]}, {"Node Type": "Index Scan", "Parent Relationship": "Inner", "Scan Direction": "Forward", "Index Name": "char_name_pkey", "Relation Name": "char_name", "Alias": "chn", "Startup Cost": 0.0, "Total Cost": 0.5, "Plan Rows": 1, "Plan Width": 20, "Index Cond": "(id = ci.person_role_id)"}]}, {"Node Type": "Index Scan", "Parent Relationship": "Inner", "Scan Direction": "Forward", "Index Name": "title_pkey", "Relation Name": "title", "Alias": "t", "Startup Cost": 0.0, "Total Cost": 0.49, "Plan Rows": 1, "Plan Width": 21, "Index Cond": "(id = ci.movie_id)", "Filter": "((production_year >= 2005) AND (production_year <= 2015))"}]}]}, "Unique SQL Id": 3431223514, "Planner Runtime": 16}, "explain_analyze_plan": {"Plan": {"Node Type": "Aggregate", "Strategy": "Plain", "Startup Cost": 65859.66, "Total Cost": 65859.67, "Plan Rows": 1, "Plan Width": 145, "Actual Min Startup Time": 278.751, "Actual Max Startup Time": 278.751, "Actual Min Total Time": 278.751, "Actual Max Total Time": 278.751, "Plans": [{"Node Type": "Nested Loop", "Parent Relationship": "Outer", "Join Type": "Inner", "Startup Cost": 0.0, "Total Cost": 65859.65, "Plan Rows": 1, "Plan Width": 49, "Actual Min Startup Time": 269.585, "Actual Max Startup Time": 269.585, "Actual Min Total Time": 278.613, "Actual Max Total Time": 278.613, "Inner Unique": true, "Plans": [{"Node Type": "Nested Loop", "Parent Relationship": "Outer", "Join Type": "Inner", "Startup Cost": 0.0, "Total Cost": 65859.16, "Plan Rows": 1, "Plan Width": 40, "Actual Min Startup Time": 268.876, "Actual Max Startup Time": 268.876, "Actual Min Total Time": 276.683, "Actual Max Total Time": 276.683, "Inner Unique": true, "Plans": [{"Node Type": "Nested Loop", "Parent Relationship": "Outer", "Join Type": "Inner", "Startup Cost": 0.0, "Total Cost": 65858.14, "Plan Rows": 2, "Plan Width": 28, "Actual Min Startup Time": 268.861, "Actual Max Startup Time": 268.861, "Actual Min Total Time": 275.129, "Actual Max Total Time": 275.129, "Inner Unique": true, "Plans": [{"Node Type": "Nested Loop", "Parent Relationship": "Outer", "Join Type": "Inner", "Startup Cost": 0.0, "Total Cost": 65856.5, "Plan Rows": 5, "Plan Width": 32, "Actual Min Startup Time": 268.839, "Actual Max Startup Time": 268.839, "Actual Min Total Time": 273.251, "Actual Max Total Time": 273.251, "Inner Unique": false, "Plans": [{"Node Type": "Nested Loop", "Parent Relationship": "Outer", "Join Type": "Inner", "Startup Cost": 0.0, "Total Cost": 65850.89, "Plan Rows": 13, "Plan Width": 24, "Actual Min Startup Time": 268.561, "Actual Max Startup Time": 268.561, "Actual Min Total Time": 268.833, "Actual Max Total Time": 268.833, "Inner Unique": false, "Join Filter": "(ci.role_id = rt.id)", "Rows Removed by Join Filter": 0, "Plans": [{"Node Type": "Seq Scan", "Parent Relationship": "Outer", "Relation Name": "role_type", "Alias": "rt", "Startup Cost": 0.0, "Total Cost": 1.15, "Plan Rows": 1, "Plan Width": 4, "Actual Min Startup Time": 0.02, "Actual Max Startup Time": 0.02, "Actual Min Total Time": 0.025, "Actual Max Total Time": 0.025, "Filter": "((role)::text = 'actress'::text)", "Rows Removed by Filter": 11, "Actual Rows": 1}, {"Node Type": "Materialize", "Parent Relationship": "Inner", "Startup Cost": 0.0, "Total Cost": 65848.33, "Plan Rows": 141, "Plan Width": 28, "Actual Min Startup Time": 268.53, "Actual Max Startup Time": 268.53, "Actual Min Total Time": 268.596, "Actual Max Total Time": 268.596, "Plans": [{"Node Type": "Nested Loop", "Parent Relationship": "Outer", "Join Type": "Inner", "Startup Cost": 0.0, "Total Cost": 65847.98, "Plan Rows": 141, "Plan Width": 28, "Actual Min Startup Time": 116.037, "Actual Max Startup Time": 116.037, "Actual Min Total Time": 268.336, "Actual Max Total Time": 268.336, "Inner Unique": false, "Join Filter": "(n.id = ci.person_id)", "Rows Removed by Join Filter": 0, "Plans": [{"Node Type": "Nested Loop", "Parent Relationship": "Outer", "Join Type": "Inner", "Startup Cost": 0.0, "Total Cost": 65572.69, "Plan Rows": 115, "Plan Width": 24, "Actual Min Startup Time": 115.641, "Actual Max Startup Time": 115.641, "Actual Min Total Time": 213.771, "Actual Max Total Time": 213.771, "Inner Unique": false, "Plans": [{"Node Type": "Streaming(type: LOCAL GATHER dop: 1/64)", "Parent Relationship": "Outer", "Startup Cost": 0.0, "Total Cost": 64781.81, "Plan Rows": 96, "Plan Width": 4, "Actual Min Startup Time": 115.588, "Actual Max Startup Time": 115.588, "Actual Min Total Time": 189.366, "Actual Max Total Time": 189.366, "Plans": [{"Node Type": "Seq Scan", "Parent Relationship": "Outer", "Relation Name": "name", "Alias": "n", "Startup Cost": 0.0, "Total Cost": 64779.83, "Plan Rows": 96, "Plan Width": 4, "Actual Min Startup Time": 9.393, "Actual Max Startup Time": 14.192, "Actual Min Total Time": 25.316, "Actual Max Total Time": 30.862, "Filter": "(((name)::text ~~ '%Ang%'::text) AND ((gender)::text = 'f'::text))", "Rows Removed by Filter": 4160722, "Actual Rows": 6768}], "Actual Rows": 6768}, {"Node Type": "Index Scan", "Parent Relationship": "Inner", "Scan Direction": "Forward", "Index Name": "person_id_aka_name", "Relation Name": "aka_name", "Alias": "an", "Startup Cost": 0.0, "Total Cost": 8.23, "Plan Rows": 1, "Plan Width": 20, "Actual Min Startup Time": 20.047, "Actual Max Startup Time": 20.047, "Actual Min Total Time": 20.97, "Actual Max Total Time": 20.97, "Index Cond": "(person_id = n.id)", "Rows Removed by Index Recheck": 0, "Actual Rows": 1558}], "Actual Rows": 1558}, {"Node Type": "Index Scan", "Parent Relationship": "Inner", "Scan Direction": "Forward", "Index Name": "person_id_cast_info", "Relation Name": "cast_info", "Alias": "ci", "Startup Cost": 0.0, "Total Cost": 2.38, "Plan Rows": 1, "Plan Width": 16, "Actual Min Startup Time": 48.598, "Actual Max Startup Time": 48.598, "Actual Min Total Time": 53.659, "Actual Max Total Time": 53.659, "Index Cond": "(person_id = an.person_id)", "Rows Removed by Index Recheck": 0, "Filter": "((note)::text = ANY ('{(voice),\"(voice: Japanese version)\",\"(voice) (uncredited)\",\"(voice: English version)\"}'::text[]))", "Rows Removed by Filter": 69057, "Actual Rows": 425}], "Actual Rows": 425}], "Actual Rows": 426}], "Actual Rows": 425}, {"Node Type": "Index Scan", "Parent Relationship": "Inner", "Scan Direction": "Forward", "Index Name": "movie_id_movie_companies", "Relation Name": "movie_companies", "Alias": "mc", "Startup Cost": 0.0, "Total Cost": 0.42, "Plan Rows": 1, "Plan Width": 8, "Actual Min Startup Time": 2.893, "Actual Max Startup Time": 2.893, "Actual Min Total Time": 4.118, "Actual Max Total Time": 4.118, "Index Cond": "(movie_id = ci.movie_id)", "Rows Removed by Index Recheck": 0, "Filter": "((note IS NOT NULL) AND (((note)::text ~~ '%(USA)%'::text) OR ((note)::text ~~ '%(worldwide)%'::text)))", "Rows Removed by Filter": 1538, "Actual Rows": 373}], "Actual Rows": 373}, {"Node Type": "Index Scan", "Parent Relationship": "Inner", "Scan Direction": "Forward", "Index Name": "company_name_pkey", "Relation Name": "company_name", "Alias": "cn", "Startup Cost": 0.0, "Total Cost": 0.32, "Plan Rows": 1, "Plan Width": 4, "Actual Min Startup Time": 1.59, "Actual Max Startup Time": 1.59, "Actual Min Total Time": 1.59, "Actual Max Total Time": 1.59, "Index Cond": "(id = mc.company_id)", "Rows Removed by Index Recheck": 0, "Filter": "((country_code)::text = '[us]'::text)", "Rows Removed by Filter": 14, "Actual Rows": 359}], "Actual Rows": 359}, {"Node Type": "Index Scan", "Parent Relationship": "Inner", "Scan Direction": "Forward", "Index Name": "char_name_pkey", "Relation Name": "char_name", "Alias": "chn", "Startup Cost": 0.0, "Total Cost": 0.5, "Plan Rows": 1, "Plan Width": 20, "Actual Min Startup Time": 1.233, "Actual Max Startup Time": 1.233, "Actual Min Total Time": 1.233, "Actual Max Total Time": 1.233, "Index Cond": "(id = ci.person_role_id)", "Rows Removed by Index Recheck": 0, "Actual Rows": 341}], "Actual Rows": 341}, {"Node Type": "Index Scan", "Parent Relationship": "Inner", "Scan Direction": "Forward", "Index Name": "title_pkey", "Relation Name": "title", "Alias": "t", "Startup Cost": 0.0, "Total Cost": 0.49, "Plan Rows": 1, "Plan Width": 21, "Actual Min Startup Time": 1.72, "Actual Max Startup Time": 1.72, "Actual Min Total Time": 1.72, "Actual Max Total Time": 1.72, "Index Cond": "(id = ci.movie_id)", "Rows Removed by Index Recheck": 0, "Filter": "((production_year >= 2005) AND (production_year <= 2015))", "Rows Removed by Filter": 220, "Actual Rows": 121}], "Actual Rows": 121}], "Actual Rows": 1}, "Triggers": [], "Planner Runtime": 16, "Total Runtime": 291.03, "Unique SQL Id": 3431223514}}, "(64, 125)": {"explain_plan": {"Plan": {"Node Type": "Aggregate", "Strategy": "Plain", "Startup Cost": 198159.35, "Total Cost": 198159.36, "Plan Rows": 1, "Plan Width": 145, "Plans": [{"Node Type": "Nested Loop", "Parent Relationship": "Outer", "Join Type": "Inner", "Startup Cost": 0.0, "Total Cost": 198159.35, "Plan Rows": 1, "Plan Width": 49, "Inner Unique": true, "Plans": [{"Node Type": "Nested Loop", "Parent Relationship": "Outer", "Join Type": "Inner", "Startup Cost": 0.0, "Total Cost": 198158.85, "Plan Rows": 1, "Plan Width": 40, "Inner Unique": true, "Plans": [{"Node Type": "Nested Loop", "Parent Relationship": "Outer", "Join Type": "Inner", "Startup Cost": 0.0, "Total Cost": 198157.83, "Plan Rows": 2, "Plan Width": 28, "Inner Unique": true, "Plans": [{"Node Type": "Nested Loop", "Parent Relationship": "Outer", "Join Type": "Inner", "Startup Cost": 0.0, "Total Cost": 198156.19, "Plan Rows": 5, "Plan Width": 32, "Inner Unique": false, "Plans": [{"Node Type": "Nested Loop", "Parent Relationship": "Outer", "Join Type": "Inner", "Startup Cost": 0.0, "Total Cost": 198150.58, "Plan Rows": 13, "Plan Width": 24, "Inner Unique": false, "Join Filter": "(ci.role_id = rt.id)", "Plans": [{"Node Type": "Index Scan", "Parent Relationship": "Outer", "Scan Direction": "Forward", "Index Name": "role_type_pkey", "Relation Name": "role_type", "Alias": "rt", "Startup Cost": 0.0, "Total Cost": 12.46, "Plan Rows": 1, "Plan Width": 4, "Filter": "((role)::text = 'actress'::text)"}, {"Node Type": "Nested Loop", "Parent Relationship": "Inner", "Join Type": "Inner", "Startup Cost": 0.0, "Total Cost": 198136.36, "Plan Rows": 141, "Plan Width": 28, "Inner Unique": false, "Join Filter": "(n.id = ci.person_id)", "Plans": [{"Node Type": "Nested Loop", "Parent Relationship": "Outer", "Join Type": "Inner", "Startup Cost": 0.0, "Total Cost": 197861.08, "Plan Rows": 115, "Plan Width": 24, "Inner Unique": false, "Plans": [{"Node Type": "Index Scan", "Parent Relationship": "Outer", "Scan Direction": "Forward", "Index Name": "name_pkey", "Relation Name": "name", "Alias": "n", "Startup Cost": 0.0, "Total Cost": 197070.2, "Plan Rows": 96, "Plan Width": 4, "Filter": "(((name)::text ~~ '%Ang%'::text) AND ((gender)::text = 'f'::text))"}, {"Node Type": "Index Scan", "Parent Relationship": "Inner", "Scan Direction": "Forward", "Index Name": "person_id_aka_name", "Relation Name": "aka_name", "Alias": "an", "Startup Cost": 0.0, "Total Cost": 8.23, "Plan Rows": 1, "Plan Width": 20, "Index Cond": "(person_id = n.id)"}]}, {"Node Type": "Index Scan", "Parent Relationship": "Inner", "Scan Direction": "Forward", "Index Name": "person_id_cast_info", "Relation Name": "cast_info", "Alias": "ci", "Startup Cost": 0.0, "Total Cost": 2.38, "Plan Rows": 1, "Plan Width": 16, "Index Cond": "(person_id = an.person_id)", "Filter": "((note)::text = ANY ('{(voice),\"(voice: Japanese version)\",\"(voice) (uncredited)\",\"(voice: English version)\"}'::text[]))"}]}]}, {"Node Type": "Index Scan", "Parent Relationship": "Inner", "Scan Direction": "Forward", "Index Name": "movie_id_movie_companies", "Relation Name": "movie_companies", "Alias": "mc", "Startup Cost": 0.0, "Total Cost": 0.42, "Plan Rows": 1, "Plan Width": 8, "Index Cond": "(movie_id = ci.movie_id)", "Filter": "((note IS NOT NULL) AND (((note)::text ~~ '%(USA)%'::text) OR ((note)::text ~~ '%(worldwide)%'::text)))"}]}, {"Node Type": "Index Scan", "Parent Relationship": "Inner", "Scan Direction": "Forward", "Index Name": "company_name_pkey", "Relation Name": "company_name", "Alias": "cn", "Startup Cost": 0.0, "Total Cost": 0.32, "Plan Rows": 1, "Plan Width": 4, "Index Cond": "(id = mc.company_id)", "Filter": "((country_code)::text = '[us]'::text)"}]}, {"Node Type": "Index Scan", "Parent Relationship": "Inner", "Scan Direction": "Forward", "Index Name": "char_name_pkey", "Relation Name": "char_name", "Alias": "chn", "Startup Cost": 0.0, "Total Cost": 0.5, "Plan Rows": 1, "Plan Width": 20, "Index Cond": "(id = ci.person_role_id)"}]}, {"Node Type": "Index Scan", "Parent Relationship": "Inner", "Scan Direction": "Forward", "Index Name": "title_pkey", "Relation Name": "title", "Alias": "t", "Startup Cost": 0.0, "Total Cost": 0.49, "Plan Rows": 1, "Plan Width": 21, "Index Cond": "(id = ci.movie_id)", "Filter": "((production_year >= 2005) AND (production_year <= 2015))"}]}]}, "Unique SQL Id": 3431223514, "Planner Runtime": 12}, "explain_analyze_plan": null}, "(64, 126)": {"explain_plan": {"Plan": {"Node Type": "Aggregate", "Strategy": "Plain", "Startup Cost": 574599.36, "Total Cost": 574599.37, "Plan Rows": 1, "Plan Width": 145, "Plans": [{"Node Type": "Nested Loop", "Parent Relationship": "Outer", "Join Type": "Inner", "Startup Cost": 282.75, "Total Cost": 574599.35, "Plan Rows": 1, "Plan Width": 49, "Inner Unique": true, "Join Filter": "(ci.movie_id = t.id)", "Plans": [{"Node Type": "Nested Loop", "Parent Relationship": "Outer", "Join Type": "Inner", "Startup Cost": 0.0, "Total Cost": 473714.79, "Plan Rows": 1, "Plan Width": 40, "Inner Unique": false, "Join Filter": "(n.id = an.person_id)", "Plans": [{"Node Type": "Nested Loop", "Parent Relationship": "Outer", "Join Type": "Inner", "Startup Cost": 0.0, "Total Cost": 442539.59, "Plan Rows": 1, "Plan Width": 32, "Inner Unique": false, "Join Filter": "(mc.company_id = cn.id)", "Plans": [{"Node Type": "Seq Scan", "Parent Relationship": "Outer", "Relation Name": "company_name", "Alias": "cn", "Startup Cost": 0.0, "Total Cost": 5903.45, "Plan Rows": 85170, "Plan Width": 4, "Filter": "((country_code)::text = '[us]'::text)"}, {"Node Type": "Materialize", "Parent Relationship": "Inner", "Startup Cost": 0.0, "Total Cost": 434081.05, "Plan Rows": 2, "Plan Width": 36, "Plans": [{"Node Type": "Nested Loop", "Parent Relationship": "Outer", "Join Type": "Inner", "Startup Cost": 0.0, "Total Cost": 434081.04, "Plan Rows": 2, "Plan Width": 36, "Inner Unique": false, "Join Filter": "(ci.movie_id = mc.movie_id)", "Plans": [{"Node Type": "Seq Scan", "Parent Relationship": "Outer", "Relation Name": "movie_companies", "Alias": "mc", "Startup Cost": 0.0, "Total Cost": 54862.92, "Plan Rows": 297072, "Plan Width": 8, "Filter": "((note IS NOT NULL) AND (((note)::text ~~ '%(USA)%'::text) OR ((note)::text ~~ '%(worldwide)%'::text))), (LLVM Optimized)"}, {"Node Type": "Materialize", "Parent Relationship": "Inner", "Startup Cost": 0.0, "Total Cost": 356937.73, "Plan Rows": 5, "Plan Width": 28, "Plans": [{"Node Type": "Streaming(type: LOCAL GATHER dop: 1/64)", "Parent Relationship": "Outer", "Startup Cost": 0.0, "Total Cost": 356937.71, "Plan Rows": 5, "Plan Width": 28, "Plans": [{"Node Type": "Nested Loop", "Parent Relationship": "Outer", "Join Type": "Inner", "Startup Cost": 0.0, "Total Cost": 356937.6, "Plan Rows": 5, "Plan Width": 28, "Inner Unique": false, "Join Filter": "(ci.person_role_id = chn.id)", "Plans": [{"Node Type": "Seq Scan", "Parent Relationship": "Outer", "Relation Name": "char_name", "Alias": "chn", "Startup Cost": 0.0, "Total Cost": 64054.58, "Plan Rows": 3140338, "Plan Width": 20}, {"Node Type": "Materialize", "Parent Relationship": "Inner", "Startup Cost": 0.0, "Total Cost": 284786.86, "Plan Rows": 704, "Plan Width": 16, "Plans": [{"Node Type": "Streaming(type: BROADCAST dop: 64/1)", "Parent Relationship": "Outer", "Startup Cost": 0.0, "Total Cost": 284786.81, "Plan Rows": 704, "Plan Width": 16, "Plans": [{"Node Type": "Nested Loop", "Parent Relationship": "Outer", "Join Type": "Inner", "Startup Cost": 0.0, "Total Cost": 221772.28, "Plan Rows": 11, "Plan Width": 16, "Inner Unique": false, "Join Filter": "(ci.role_id = rt.id)", "Plans": [{"Node Type": "Seq Scan", "Parent Relationship": "Outer", "Relation Name": "role_type", "Alias": "rt", "Startup Cost": 0.0, "Total Cost": 1.15, "Plan Rows": 1, "Plan Width": 4, "Filter": "((role)::text = 'actress'::text)"}, {"Node Type": "Materialize", "Parent Relationship": "Inner", "Startup Cost": 0.0, "Total Cost": 221769.96, "Plan Rows": 117, "Plan Width": 20, "Plans": [{"Node Type": "Streaming(type: LOCAL GATHER dop: 1/64)", "Parent Relationship": "Outer", "Startup Cost": 0.0, "Total Cost": 221769.67, "Plan Rows": 117, "Plan Width": 20, "Plans": [{"Node Type": "Nested Loop", "Parent Relationship": "Outer", "Join Type": "Inner", "Startup Cost": 0.0, "Total Cost": 221767.26, "Plan Rows": 117, "Plan Width": 20, "Inner Unique": true, "Join Filter": "(ci.person_id = n.id)", "Plans": [{"Node Type": "Seq Scan", "Parent Relationship": "Outer", "Relation Name": "cast_info", "Alias": "ci", "Startup Cost": 0.0, "Total Cost": 75237.12, "Plan Rows": 833163, "Plan Width": 16, "Filter": "((note)::text = ANY ('{(voice),\"(voice: Japanese version)\",\"(voice) (uncredited)\",\"(voice: English version)\"}'::text[]))"}, {"Node Type": "Materialize", "Parent Relationship": "Inner", "Startup Cost": 0.0, "Total Cost": 127784.21, "Plan Rows": 6144, "Plan Width": 4, "Plans": [{"Node Type": "Streaming(type: BROADCAST dop: 64/64)", "Parent Relationship": "Outer", "Startup Cost": 0.0, "Total Cost": 127783.73, "Plan Rows": 6144, "Plan Width": 4, "Plans": [{"Node Type": "Seq Scan", "Parent Relationship": "Outer", "Relation Name": "name", "Alias": "n", "Startup Cost": 0.0, "Total Cost": 64779.83, "Plan Rows": 96, "Plan Width": 4, "Filter": "(((name)::text ~~ '%Ang%'::text) AND ((gender)::text = 'f'::text))"}]}]}]}]}]}]}]}]}]}]}]}]}]}]}, {"Node Type": "Seq Scan", "Parent Relationship": "Inner", "Relation Name": "aka_name", "Alias": "an", "Startup Cost": 0.0, "Total Cost": 19908.42, "Plan Rows": 901342, "Plan Width": 20}]}, {"Node Type": "Materialize", "Parent Relationship": "Inner", "Startup Cost": 282.75, "Total Cost": 89792.33, "Plan Rows": 1109224, "Plan Width": 21, "Plans": [{"Node Type": "Streaming(type: LOCAL GATHER dop: 1/64)", "Parent Relationship": "Outer", "Startup Cost": 282.75, "Total Cost": 87019.27, "Plan Rows": 1109224, "Plan Width": 21, "Plans": [{"Node Type": "Seq Scan", "Parent Relationship": "Outer", "Relation Name": "title", "Alias": "t", "Startup Cost": 282.75, "Total Cost": 64136.1, "Plan Rows": 1109224, "Plan Width": 21, "Filter": "((production_year >= 2005) AND (production_year <= 2015)), (LLVM Optimized)"}]}]}]}]}, "Unique SQL Id": 3431223514, "Planner Runtime": 32}, "explain_analyze_plan": null}, "(64, 127)": {"explain_plan": {"Plan": {"Node Type": "Aggregate", "Strategy": "Plain", "Startup Cost": 8000201060142.55, "Total Cost": 8000201060142.56, "Plan Rows": 1, "Plan Width": 145, "Plans": [{"Node Type": "Nested Loop", "Parent Relationship": "Outer", "Join Type": "Inner", "Startup Cost": 80000000000.0, "Total Cost": 8000201060142.54, "Plan Rows": 1, "Plan Width": 49, "Inner Unique": false, "Join Filter": "(n.id = an.person_id)", "Plans": [{"Node Type": "Nested Loop", "Parent Relationship": "Outer", "Join Type": "Inner", "Startup Cost": 70000000000.0, "Total Cost": 7000201060108.87, "Plan Rows": 1, "Plan Width": 41, "Inner Unique": true, "Plans": [{"Node Type": "Nested Loop", "Parent Relationship": "Outer", "Join Type": "Inner", "Startup Cost": 60000000000.0, "Total Cost": 6000201060060.22, "Plan Rows": 1, "Plan Width": 32, "Inner Unique": true, "Join Filter": "(ci.person_role_id = chn.id)", "Plans": [{"Node Type": "Nested Loop", "Parent Relationship": "Outer", "Join Type": "Inner", "Startup Cost": 50000000000.0, "Total Cost": 5000187970453.73, "Plan Rows": 2, "Plan Width": 20, "Inner Unique": true, "Join Filter": "(mc.company_id = cn.id)", "Plans": [{"Node Type": "Nested Loop", "Parent Relationship": "Outer", "Join Type": "Inner", "Startup Cost": 40000000000.0, "Total Cost": 4000186914991.63, "Plan Rows": 4, "Plan Width": 24, "Inner Unique": false, "Join Filter": "(ci.movie_id = mc.movie_id)", "Plans": [{"Node Type": "Nested Loop", "Parent Relationship": "Outer", "Join Type": "Inner", "Startup Cost": 30000000000.0, "Total Cost": 3000173193318.09, "Plan Rows": 11, "Plan Width": 16, "Inner Unique": true, "Join Filter": "(ci.role_id = rt.id)", "Plans": [{"Node Type": "Nested Loop", "Parent Relationship": "Outer", "Join Type": "Inner", "Startup Cost": 20000000000.0, "Total Cost": 2000173192070.33, "Plan Rows": 117, "Plan Width": 20, "Inner Unique": false, "Join Filter": "(ci.person_id = n.id)", "Plans": [{"Node Type": "Index Scan", "Parent Relationship": "Outer", "Scan Direction": "Forward", "Index Name": "name_pkey", "Relation Name": "name", "Alias": "n", "Startup Cost": 10000000000.0, "Total Cost": 1000019707019.7, "Plan Rows": 96, "Plan Width": 4, "Filter": "(((name)::text ~~ '%Ang%'::text) AND ((gender)::text = 'f'::text))"}, {"Node Type": "Materialize", "Parent Relationship": "Inner", "Startup Cost": 10000000000.0, "Total Cost": 1000152287378.81, "Plan Rows": 833163, "Plan Width": 16, "Plans": [{"Node Type": "Index Scan", "Parent Relationship": "Outer", "Scan Direction": "Forward", "Index Name": "role_id_cast_info", "Relation Name": "cast_info", "Alias": "ci", "Startup Cost": 10000000000.0, "Total Cost": 1000152283213.0, "Plan Rows": 833163, "Plan Width": 16, "Filter": "((note)::text = ANY ('{(voice),\"(voice: Japanese version)\",\"(voice) (uncredited)\",\"(voice: English version)\"}'::text[]))"}]}]}, {"Node Type": "Materialize", "Parent Relationship": "Inner", "Startup Cost": 10000000000.0, "Total Cost": 1000000001246.0, "Plan Rows": 1, "Plan Width": 4, "Plans": [{"Node Type": "Index Scan", "Parent Relationship": "Outer", "Scan Direction": "Forward", "Index Name": "role_type_pkey", "Relation Name": "role_type", "Alias": "rt", "Startup Cost": 10000000000.0, "Total Cost": 1000000001246.0, "Plan Rows": 1, "Plan Width": 4, "Filter": "((role)::text = 'actress'::text)"}]}]}, {"Node Type": "Materialize", "Parent Relationship": "Inner", "Startup Cost": 10000000000.0, "Total Cost": 1000013673399.34, "Plan Rows": 297072, "Plan Width": 8, "Plans": [{"Node Type": "Index Scan", "Parent Relationship": "Outer", "Scan Direction": "Forward", "Index Name": "company_id_movie_companies", "Relation Name": "movie_companies", "Alias": "mc", "Startup Cost": 10000000000.0, "Total Cost": 1000013671913.98, "Plan Rows": 297072, "Plan Width": 8, "Filter": "((note IS NOT NULL) AND (((note)::text ~~ '%(USA)%'::text) OR ((note)::text ~~ '%(worldwide)%'::text))), (LLVM Optimized)"}]}]}, {"Node Type": "Materialize", "Parent Relationship": "Inner", "Startup Cost": 10000000000.0, "Total Cost": 1000001050564.82, "Plan Rows": 85170, "Plan Width": 4, "Plans": [{"Node Type": "Index Scan", "Parent Relationship": "Outer", "Scan Direction": "Forward", "Index Name": "company_name_pkey", "Relation Name": "company_name", "Alias": "cn", "Startup Cost": 10000000000.0, "Total Cost": 1000001050138.97, "Plan Rows": 85170, "Plan Width": 4, "Filter": "((country_code)::text = '[us]'::text)"}]}]}, {"Node Type": "Materialize", "Parent Relationship": "Inner", "Startup Cost": 10000000000.0, "Total Cost": 1000013003247.2, "Plan Rows": 3140338, "Plan Width": 20, "Plans": [{"Node Type": "Index Scan", "Parent Relationship": "Outer", "Scan Direction": "Forward", "Index Name": "char_name_pkey", "Relation Name": "char_name", "Alias": "chn", "Startup Cost": 10000000000.0, "Total Cost": 1000012987545.51, "Plan Rows": 3140338, "Plan Width": 20}]}]}, {"Node Type": "Index Scan", "Parent Relationship": "Inner", "Scan Direction": "Forward", "Index Name": "title_pkey", "Relation Name": "title", "Alias": "t", "Startup Cost": 10000000000.0, "Total Cost": 1000000000048.64, "Plan Rows": 1, "Plan Width": 21, "Index Cond": "(id = ci.movie_id)", "Filter": "((production_year >= 2005) AND (production_year <= 2015))"}]}, {"Node Type": "Index Scan", "Parent Relationship": "Inner", "Scan Direction": "Forward", "Index Name": "person_id_aka_name", "Relation Name": "aka_name", "Alias": "an", "Startup Cost": 10000000000.0, "Total Cost": 1000000000033.66, "Plan Rows": 1, "Plan Width": 20, "Index Cond": "(person_id = ci.person_id)"}]}]}, "Unique SQL Id": 3431223514, "Planner Runtime": 13}, "explain_analyze_plan": null}}