{"(1, 0)": {"explain_plan": {"Plan": {"Node Type": "Limit", "Startup Cost": 2741876.6, "Total Cost": 2741876.65, "Plan Rows": 20, "Plan Width": 191, "Plans": [{"Node Type": "Sort", "Parent Relationship": "Outer", "Startup Cost": 2741876.6, "Total Cost": 2745491.35, "Plan Rows": 20, "Plan Width": 191, "Sort Key": ["(sum((lineitem.l_extendedprice * (1::double precision - lineitem.l_discount)))) DESC"], "Plans": [{"Node Type": "Aggregate", "Strategy": "Hashed", "Parent Relationship": "Outer", "Startup Cost": 2688942.8, "Total Cost": 2703401.78, "Plan Rows": 1445898, "Plan Width": 191, "Group By Key": ["customer.c_custkey", "customer.c_name", "customer.c_acctbal", "customer.c_phone", "nation.n_name", "customer.c_address", "customer.c_comment"], "Plans": [{"Node Type": "Hash Join", "Parent Relationship": "Outer", "Join Type": "Inner", "Startup Cost": 377859.22, "Total Cost": 2652795.35, "Plan Rows": 1445898, "Plan Width": 191, "Inner Unique": true, "Hash Cond": "(customer.c_nationkey = nation.n_nationkey), (LLVM Optimized)", "Plans": [{"Node Type": "Hash Join", "Parent Relationship": "Outer", "Join Type": "Inner", "Startup Cost": 377857.66, "Total Cost": 2632912.69, "Plan Rows": 1445898, "Plan Width": 169, "Inner Unique": true, "Hash Cond": "(orders.o_custkey = customer.c_custkey), (LLVM Optimized)", "Plans": [{"Node Type": "Hash Join", "Parent Relationship": "Outer", "Join Type": "Inner", "Startup Cost": 306981.66, "Total Cost": 2542155.59, "Plan Rows": 1445898, "Plan Width": 24, "Inner Unique": true, "Hash Cond": "(lineitem.l_orderkey = orders.o_orderkey), (LLVM Optimized)", "Plans": [{"Node Type": "Seq Scan", "Parent Relationship": "Outer", "Relation Name": "lineitem", "Alias": "lineitem", "Startup Cost": 0.0, "Total Cost": 2165082.91, "Plan Rows": 14835209, "Plan Width": 24, "Filter": "(l_returnflag = 'R'::bpchar), (LLVM Optimized)"}, {"Node Type": "Hash", "Parent Relationship": "Inner", "Startup Cost": 299784.84, "Total Cost": 299784.84, "Plan Rows": 575746, "Plan Width": 16, "Plans": [{"Node Type": "Bitmap Heap Scan", "Parent Relationship": "Outer", "Relation Name": "orders", "Alias": "orders", "Startup Cost": 14729.65, "Total Cost": 299784.84, "Plan Rows": 575746, "Plan Width": 16, "Recheck Cond": "((o_orderdate >= '1993-08-01 00:00:00'::timestamp(0) without time zone) AND (o_orderdate < '1993-11-01 00:00:00'::timestamp without time zone)), (LLVM Optimized)", "Plans": [{"Node Type": "Bitmap Index Scan", "Parent Relationship": "Outer", "Index Name": "idx_orders_orderdate", "Startup Cost": 0.0, "Total Cost": 14585.71, "Plan Rows": 575746, "Plan Width": 0, "Index Cond": "((o_orderdate >= '1993-08-01 00:00:00'::timestamp(0) without time zone) AND (o_orderdate < '1993-11-01 00:00:00'::timestamp without time zone))"}]}]}]}, {"Node Type": "Hash", "Parent Relationship": "Inner", "Startup Cost": 52126.0, "Total Cost": 52126.0, "Plan Rows": 1500000, "Plan Width": 153, "Plans": [{"Node Type": "Seq Scan", "Parent Relationship": "Outer", "Relation Name": "customer", "Alias": "customer", "Startup Cost": 0.0, "Total Cost": 52126.0, "Plan Rows": 1500000, "Plan Width": 153}]}]}, {"Node Type": "Hash", "Parent Relationship": "Inner", "Startup Cost": 1.25, "Total Cost": 1.25, "Plan Rows": 25, "Plan Width": 30, "Plans": [{"Node Type": "Seq Scan", "Parent Relationship": "Outer", "Relation Name": "nation", "Alias": "nation", "Startup Cost": 0.0, "Total Cost": 1.25, "Plan Rows": 25, "Plan Width": 30}]}]}]}]}]}, "Unique SQL Id": 1604070524, "Planner Runtime": 1}, "explain_analyze_plan": {"Plan": {"Node Type": "Limit", "Startup Cost": 2741876.6, "Total Cost": 2741876.65, "Plan Rows": 20, "Plan Width": 191, "Actual Startup Time": 33004.147, "Actual Total Time": 33004.153, "Actual Rows": 20, "Actual Loops": 1, "Plans": [{"Node Type": "Sort", "Parent Relationship": "Outer", "Startup Cost": 2741876.6, "Total Cost": 2745491.35, "Plan Rows": 20, "Plan Width": 191, "Actual Startup Time": 33004.144, "Actual Total Time": 33004.147, "Actual Rows": 20, "Actual Loops": 1, "Sort Key": ["(sum((lineitem.l_extendedprice * (1::double precision - lineitem.l_discount)))) DESC"], "Sort Method": "top-N heapsort", "Sort Space Used": 35, "Sort Space Type": "Memory", "Plans": [{"Node Type": "Aggregate", "Strategy": "Hashed", "Parent Relationship": "Outer", "Startup Cost": 2688942.8, "Total Cost": 2703401.78, "Plan Rows": 1445898, "Plan Width": 191, "Actual Startup Time": 32671.075, "Actual Total Time": 32870.631, "Actual Rows": 381542, "Actual Loops": 1, "Group By Key": ["customer.c_custkey", "customer.c_name", "customer.c_acctbal", "customer.c_phone", "nation.n_name", "customer.c_address", "customer.c_comment"], "Plans": [{"Node Type": "Hash Join", "Parent Relationship": "Outer", "Join Type": "Inner", "Startup Cost": 377859.22, "Total Cost": 2652795.35, "Plan Rows": 1445898, "Plan Width": 191, "Actual Startup Time": 2461.198, "Actual Total Time": 30813.969, "Actual Rows": 1145969, "Actual Loops": 1, "Inner Unique": true, "Hash Cond": "(customer.c_nationkey = nation.n_nationkey), (LLVM Optimized, Jit Execute)", "Plans": [{"Node Type": "Hash Join", "Parent Relationship": "Outer", "Join Type": "Inner", "Startup Cost": 377857.66, "Total Cost": 2632912.69, "Plan Rows": 1445898, "Plan Width": 169, "Actual Startup Time": 2461.091, "Actual Total Time": 30352.238, "Actual Rows": 1145969, "Actual Loops": 1, "Inner Unique": true, "Hash Cond": "(orders.o_custkey = customer.c_custkey), (LLVM Optimized, Jit Execute)", "Plans": [{"Node Type": "Hash Join", "Parent Relationship": "Outer", "Join Type": "Inner", "Startup Cost": 306981.66, "Total Cost": 2542155.59, "Plan Rows": 1445898, "Plan Width": 24, "Actual Startup Time": 1151.523, "Actual Total Time": 28224.084, "Actual Rows": 1145969, "Actual Loops": 1, "Inner Unique": true, "Hash Cond": "(lineitem.l_orderkey = orders.o_orderkey), (LLVM Optimized, Jit Execute)", "Plans": [{"Node Type": "Seq Scan", "Parent Relationship": "Outer", "Relation Name": "lineitem", "Alias": "lineitem", "Startup Cost": 0.0, "Total Cost": 2165082.91, "Plan Rows": 14835209, "Plan Width": 24, "Actual Startup Time": 0.018, "Actual Total Time": 22374.177, "Actual Rows": 14808183, "Actual Loops": 1, "Filter": "(l_returnflag = 'R'::bpchar), (LLVM Optimized, Jit Execute)", "Rows Removed by Filter": 45177869}, {"Node Type": "Hash", "Parent Relationship": "Inner", "Startup Cost": 299784.84, "Total Cost": 299784.84, "Plan Rows": 575746, "Plan Width": 16, "Actual Startup Time": 1150.79, "Actual Total Time": 1150.79, "Actual Rows": 573635, "Actual Loops": 1, "Hash Buckets": 1048576, "Hash Batches": 1, "Original Hash Batches": 1, "Peak Memory Usage": 26890, "Plans": [{"Node Type": "Bitmap Heap Scan", "Parent Relationship": "Outer", "Relation Name": "orders", "Alias": "orders", "Startup Cost": 14729.65, "Total Cost": 299784.84, "Plan Rows": 575746, "Plan Width": 16, "Actual Startup Time": 240.926, "Actual Total Time": 939.038, "Actual Rows": 573635, "Actual Loops": 1, "Recheck Cond": "((o_orderdate >= '1993-08-01 00:00:00'::timestamp(0) without time zone) AND (o_orderdate < '1993-11-01 00:00:00'::timestamp without time zone)), (LLVM Optimized, Jit Execute)", "Rows Removed by Index Recheck": 0, "Exact Heap Blocks": 242860, "Lossy Heap Blocks": 242860, "Plans": [{"Node Type": "Bitmap Index Scan", "Parent Relationship": "Outer", "Index Name": "idx_orders_orderdate", "Startup Cost": 0.0, "Total Cost": 14585.71, "Plan Rows": 575746, "Plan Width": 0, "Actual Startup Time": 164.914, "Actual Total Time": 164.914, "Actual Rows": 573635, "Actual Loops": 1, "Index Cond": "((o_orderdate >= '1993-08-01 00:00:00'::timestamp(0) without time zone) AND (o_orderdate < '1993-11-01 00:00:00'::timestamp without time zone))"}]}]}]}, {"Node Type": "Hash", "Parent Relationship": "Inner", "Startup Cost": 52126.0, "Total Cost": 52126.0, "Plan Rows": 1500000, "Plan Width": 153, "Actual Startup Time": 1307.083, "Actual Total Time": 1307.083, "Actual Rows": 1500000, "Actual Loops": 1, "Hash Buckets": 2097152, "Hash Batches": 1, "Original Hash Batches": 1, "Peak Memory Usage": 282695, "Plans": [{"Node Type": "Seq Scan", "Parent Relationship": "Outer", "Relation Name": "customer", "Alias": "customer", "Startup Cost": 0.0, "Total Cost": 52126.0, "Plan Rows": 1500000, "Plan Width": 153, "Actual Startup Time": 0.025, "Actual Total Time": 597.485, "Actual Rows": 1500000, "Actual Loops": 1}]}]}, {"Node Type": "Hash", "Parent Relationship": "Inner", "Startup Cost": 1.25, "Total Cost": 1.25, "Plan Rows": 25, "Plan Width": 30, "Actual Startup Time": 0.036, "Actual Total Time": 0.036, "Actual Rows": 25, "Actual Loops": 1, "Hash Buckets": 32768, "Hash Batches": 1, "Original Hash Batches": 1, "Peak Memory Usage": 2, "Plans": [{"Node Type": "Seq Scan", "Parent Relationship": "Outer", "Relation Name": "nation", "Alias": "nation", "Startup Cost": 0.0, "Total Cost": 1.25, "Plan Rows": 25, "Plan Width": 30, "Actual Startup Time": 0.014, "Actual Total Time": 0.021, "Actual Rows": 25, "Actual Loops": 1}]}]}]}]}]}, "Triggers": [], "Planner Runtime": 0, "Total Runtime": 33015.458, "Unique SQL Id": 1604070524}}, "(1, 1)": {"explain_plan": {"Plan": {"Node Type": "Limit", "Startup Cost": 3620844.85, "Total Cost": 3620844.9, "Plan Rows": 20, "Plan Width": 191, "Plans": [{"Node Type": "Sort", "Parent Relationship": "Outer", "Startup Cost": 3620844.85, "Total Cost": 3624459.59, "Plan Rows": 20, "Plan Width": 191, "Sort Key": ["(sum((lineitem.l_extendedprice * (1::double precision - lineitem.l_discount)))) DESC"], "Plans": [{"Node Type": "Aggregate", "Strategy": "Hashed", "Parent Relationship": "Outer", "Startup Cost": 3567911.04, "Total Cost": 3582370.02, "Plan Rows": 1445898, "Plan Width": 191, "Group By Key": ["customer.c_custkey", "customer.c_name", "customer.c_acctbal", "customer.c_phone", "nation.n_name", "customer.c_address", "customer.c_comment"], "Plans": [{"Node Type": "Nested Loop", "Parent Relationship": "Outer", "Join Type": "Inner", "Startup Cost": 114257.94, "Total Cost": 3531763.59, "Plan Rows": 1445898, "Plan Width": 191, "Inner Unique": false, "Plans": [{"Node Type": "Hash Join", "Parent Relationship": "Outer", "Join Type": "Inner", "Startup Cost": 114257.94, "Total Cost": 415146.15, "Plan Rows": 575746, "Plan Width": 183, "Inner Unique": true, "Hash Cond": "(customer.c_nationkey = nation.n_nationkey), (LLVM Optimized)", "Plans": [{"Node Type": "Hash Join", "Parent Relationship": "Outer", "Join Type": "Inner", "Startup Cost": 114245.0, "Total Cost": 407216.7, "Plan Rows": 575746, "Plan Width": 161, "Inner Unique": true, "Hash Cond": "(orders.o_custkey = customer.c_custkey), (LLVM Optimized)", "Plans": [{"Node Type": "Bitmap Heap Scan", "Parent Relationship": "Outer", "Relation Name": "orders", "Alias": "orders", "Startup Cost": 14729.65, "Total Cost": 299784.84, "Plan Rows": 575746, "Plan Width": 16, "Recheck Cond": "((o_orderdate >= '1993-08-01 00:00:00'::timestamp(0) without time zone) AND (o_orderdate < '1993-11-01 00:00:00'::timestamp without time zone)), (LLVM Optimized)", "Plans": [{"Node Type": "Bitmap Index Scan", "Parent Relationship": "Outer", "Index Name": "idx_orders_orderdate", "Startup Cost": 0.0, "Total Cost": 14585.71, "Plan Rows": 575746, "Plan Width": 0, "Index Cond": "((o_orderdate >= '1993-08-01 00:00:00'::timestamp(0) without time zone) AND (o_orderdate < '1993-11-01 00:00:00'::timestamp without time zone))"}]}, {"Node Type": "Hash", "Parent Relationship": "Inner", "Startup Cost": 80765.36, "Total Cost": 80765.36, "Plan Rows": 1500000, "Plan Width": 153, "Plans": [{"Node Type": "Index Scan", "Parent Relationship": "Outer", "Scan Direction": "Forward", "Index Name": "customer_pkey", "Relation Name": "customer", "Alias": "customer", "Startup Cost": 0.0, "Total Cost": 80765.36, "Plan Rows": 1500000, "Plan Width": 153}]}]}, {"Node Type": "Hash", "Parent Relationship": "Inner", "Startup Cost": 12.62, "Total Cost": 12.62, "Plan Rows": 25, "Plan Width": 30, "Plans": [{"Node Type": "Index Scan", "Parent Relationship": "Outer", "Scan Direction": "Forward", "Index Name": "nation_pkey", "Relation Name": "nation", "Alias": "nation", "Startup Cost": 0.0, "Total Cost": 12.62, "Plan Rows": 25, "Plan Width": 30}]}]}, {"Node Type": "Index Scan", "Parent Relationship": "Inner", "Scan Direction": "Forward", "Index Name": "idx_lineitem_orderkey", "Relation Name": "lineitem", "Alias": "lineitem", "Startup Cost": 0.0, "Total Cost": 5.38, "Plan Rows": 3, "Plan Width": 24, "Index Cond": "(l_orderkey = orders.o_orderkey)", "Filter": "(l_returnflag = 'R'::bpchar)"}]}]}]}]}, "Unique SQL Id": 1604070524, "Planner Runtime": 1}, "explain_analyze_plan": {"Plan": {"Node Type": "Limit", "Startup Cost": 3620844.85, "Total Cost": 3620844.9, "Plan Rows": 20, "Plan Width": 191, "Actual Startup Time": 13884.972, "Actual Total Time": 13884.98, "Actual Rows": 20, "Actual Loops": 1, "Plans": [{"Node Type": "Sort", "Parent Relationship": "Outer", "Startup Cost": 3620844.85, "Total Cost": 3624459.59, "Plan Rows": 20, "Plan Width": 191, "Actual Startup Time": 13884.967, "Actual Total Time": 13884.97, "Actual Rows": 20, "Actual Loops": 1, "Sort Key": ["(sum((lineitem.l_extendedprice * (1::double precision - lineitem.l_discount)))) DESC"], "Sort Method": "top-N heapsort", "Sort Space Used": 35, "Sort Space Type": "Memory", "Plans": [{"Node Type": "Aggregate", "Strategy": "Hashed", "Parent Relationship": "Outer", "Startup Cost": 3567911.04, "Total Cost": 3582370.02, "Plan Rows": 1445898, "Plan Width": 191, "Actual Startup Time": 13549.273, "Actual Total Time": 13750.357, "Actual Rows": 381542, "Actual Loops": 1, "Group By Key": ["customer.c_custkey", "customer.c_name", "customer.c_acctbal", "customer.c_phone", "nation.n_name", "customer.c_address", "customer.c_comment"], "Plans": [{"Node Type": "Nested Loop", "Parent Relationship": "Outer", "Join Type": "Inner", "Startup Cost": 114257.94, "Total Cost": 3531763.59, "Plan Rows": 1445898, "Plan Width": 191, "Actual Startup Time": 1960.115, "Actual Total Time": 11619.369, "Actual Rows": 1145969, "Actual Loops": 1, "Inner Unique": false, "Plans": [{"Node Type": "Hash Join", "Parent Relationship": "Outer", "Join Type": "Inner", "Startup Cost": 114257.94, "Total Cost": 415146.15, "Plan Rows": 575746, "Plan Width": 183, "Actual Startup Time": 1959.983, "Actual Total Time": 3759.194, "Actual Rows": 573635, "Actual Loops": 1, "Inner Unique": true, "Hash Cond": "(customer.c_nationkey = nation.n_nationkey), (LLVM Optimized, Jit Execute)", "Plans": [{"Node Type": "Hash Join", "Parent Relationship": "Outer", "Join Type": "Inner", "Startup Cost": 114245.0, "Total Cost": 407216.7, "Plan Rows": 575746, "Plan Width": 161, "Actual Startup Time": 1959.879, "Actual Total Time": 3505.46, "Actual Rows": 573635, "Actual Loops": 1, "Inner Unique": true, "Hash Cond": "(orders.o_custkey = customer.c_custkey), (LLVM Optimized, Jit Execute)", "Plans": [{"Node Type": "Bitmap Heap Scan", "Parent Relationship": "Outer", "Relation Name": "orders", "Alias": "orders", "Startup Cost": 14729.65, "Total Cost": 299784.84, "Plan Rows": 575746, "Plan Width": 16, "Actual Startup Time": 239.628, "Actual Total Time": 1107.976, "Actual Rows": 573635, "Actual Loops": 1, "Recheck Cond": "((o_orderdate >= '1993-08-01 00:00:00'::timestamp(0) without time zone) AND (o_orderdate < '1993-11-01 00:00:00'::timestamp without time zone)), (LLVM Optimized, Jit Execute)", "Rows Removed by Index Recheck": 0, "Exact Heap Blocks": 242860, "Lossy Heap Blocks": 242860, "Plans": [{"Node Type": "Bitmap Index Scan", "Parent Relationship": "Outer", "Index Name": "idx_orders_orderdate", "Startup Cost": 0.0, "Total Cost": 14585.71, "Plan Rows": 575746, "Plan Width": 0, "Actual Startup Time": 164.39, "Actual Total Time": 164.39, "Actual Rows": 573635, "Actual Loops": 1, "Index Cond": "((o_orderdate >= '1993-08-01 00:00:00'::timestamp(0) without time zone) AND (o_orderdate < '1993-11-01 00:00:00'::timestamp without time zone))"}]}, {"Node Type": "Hash", "Parent Relationship": "Inner", "Startup Cost": 80765.36, "Total Cost": 80765.36, "Plan Rows": 1500000, "Plan Width": 153, "Actual Startup Time": 1718.794, "Actual Total Time": 1718.794, "Actual Rows": 1500000, "Actual Loops": 1, "Hash Buckets": 2097152, "Hash Batches": 1, "Original Hash Batches": 1, "Peak Memory Usage": 282695, "Plans": [{"Node Type": "Index Scan", "Parent Relationship": "Outer", "Scan Direction": "Forward", "Index Name": "customer_pkey", "Relation Name": "customer", "Alias": "customer", "Startup Cost": 0.0, "Total Cost": 80765.36, "Plan Rows": 1500000, "Plan Width": 153, "Actual Startup Time": 0.057, "Actual Total Time": 1053.373, "Actual Rows": 1500000, "Actual Loops": 1}]}]}, {"Node Type": "Hash", "Parent Relationship": "Inner", "Startup Cost": 12.62, "Total Cost": 12.62, "Plan Rows": 25, "Plan Width": 30, "Actual Startup Time": 0.054, "Actual Total Time": 0.054, "Actual Rows": 25, "Actual Loops": 1, "Hash Buckets": 32768, "Hash Batches": 1, "Original Hash Batches": 1, "Peak Memory Usage": 2, "Plans": [{"Node Type": "Index Scan", "Parent Relationship": "Outer", "Scan Direction": "Forward", "Index Name": "nation_pkey", "Relation Name": "nation", "Alias": "nation", "Startup Cost": 0.0, "Total Cost": 12.62, "Plan Rows": 25, "Plan Width": 30, "Actual Startup Time": 0.018, "Actual Total Time": 0.034, "Actual Rows": 25, "Actual Loops": 1}]}]}, {"Node Type": "Index Scan", "Parent Relationship": "Inner", "Scan Direction": "Forward", "Index Name": "idx_lineitem_orderkey", "Relation Name": "lineitem", "Alias": "lineitem", "Startup Cost": 0.0, "Total Cost": 5.38, "Plan Rows": 3, "Plan Width": 24, "Actual Startup Time": 5879.361, "Actual Total Time": 7208.975, "Actual Rows": 1145969, "Actual Loops": 573635, "Index Cond": "(l_orderkey = orders.o_orderkey)", "Rows Removed by Index Recheck": 0, "Filter": "(l_returnflag = 'R'::bpchar)", "Rows Removed by Filter": 1146896}]}]}]}]}, "Triggers": [], "Planner Runtime": 0, "Total Runtime": 13895.62, "Unique SQL Id": 1604070524}}, "(1, 2)": {"explain_plan": {"Plan": {"Node Type": "Limit", "Startup Cost": 2741876.6, "Total Cost": 2741876.65, "Plan Rows": 20, "Plan Width": 191, "Plans": [{"Node Type": "Sort", "Parent Relationship": "Outer", "Startup Cost": 2741876.6, "Total Cost": 2745491.35, "Plan Rows": 20, "Plan Width": 191, "Sort Key": ["(sum((lineitem.l_extendedprice * (1::double precision - lineitem.l_discount)))) DESC"], "Plans": [{"Node Type": "Aggregate", "Strategy": "Hashed", "Parent Relationship": "Outer", "Startup Cost": 2688942.8, "Total Cost": 2703401.78, "Plan Rows": 1445898, "Plan Width": 191, "Group By Key": ["customer.c_custkey", "customer.c_name", "customer.c_acctbal", "customer.c_phone", "nation.n_name", "customer.c_address", "customer.c_comment"], "Plans": [{"Node Type": "Hash Join", "Parent Relationship": "Outer", "Join Type": "Inner", "Startup Cost": 377859.22, "Total Cost": 2652795.35, "Plan Rows": 1445898, "Plan Width": 191, "Inner Unique": true, "Hash Cond": "(customer.c_nationkey = nation.n_nationkey), (LLVM Optimized)", "Plans": [{"Node Type": "Hash Join", "Parent Relationship": "Outer", "Join Type": "Inner", "Startup Cost": 377857.66, "Total Cost": 2632912.69, "Plan Rows": 1445898, "Plan Width": 169, "Inner Unique": true, "Hash Cond": "(orders.o_custkey = customer.c_custkey), (LLVM Optimized)", "Plans": [{"Node Type": "Hash Join", "Parent Relationship": "Outer", "Join Type": "Inner", "Startup Cost": 306981.66, "Total Cost": 2542155.59, "Plan Rows": 1445898, "Plan Width": 24, "Inner Unique": true, "Hash Cond": "(lineitem.l_orderkey = orders.o_orderkey), (LLVM Optimized)", "Plans": [{"Node Type": "Seq Scan", "Parent Relationship": "Outer", "Relation Name": "lineitem", "Alias": "lineitem", "Startup Cost": 0.0, "Total Cost": 2165082.91, "Plan Rows": 14835209, "Plan Width": 24, "Filter": "(l_returnflag = 'R'::bpchar), (LLVM Optimized)"}, {"Node Type": "Hash", "Parent Relationship": "Inner", "Startup Cost": 299784.84, "Total Cost": 299784.84, "Plan Rows": 575746, "Plan Width": 16, "Plans": [{"Node Type": "Bitmap Heap Scan", "Parent Relationship": "Outer", "Relation Name": "orders", "Alias": "orders", "Startup Cost": 14729.65, "Total Cost": 299784.84, "Plan Rows": 575746, "Plan Width": 16, "Recheck Cond": "((o_orderdate >= '1993-08-01 00:00:00'::timestamp(0) without time zone) AND (o_orderdate < '1993-11-01 00:00:00'::timestamp without time zone)), (LLVM Optimized)", "Plans": [{"Node Type": "Bitmap Index Scan", "Parent Relationship": "Outer", "Index Name": "idx_orders_orderdate", "Startup Cost": 0.0, "Total Cost": 14585.71, "Plan Rows": 575746, "Plan Width": 0, "Index Cond": "((o_orderdate >= '1993-08-01 00:00:00'::timestamp(0) without time zone) AND (o_orderdate < '1993-11-01 00:00:00'::timestamp without time zone))"}]}]}]}, {"Node Type": "Hash", "Parent Relationship": "Inner", "Startup Cost": 52126.0, "Total Cost": 52126.0, "Plan Rows": 1500000, "Plan Width": 153, "Plans": [{"Node Type": "Seq Scan", "Parent Relationship": "Outer", "Relation Name": "customer", "Alias": "customer", "Startup Cost": 0.0, "Total Cost": 52126.0, "Plan Rows": 1500000, "Plan Width": 153}]}]}, {"Node Type": "Hash", "Parent Relationship": "Inner", "Startup Cost": 1.25, "Total Cost": 1.25, "Plan Rows": 25, "Plan Width": 30, "Plans": [{"Node Type": "Seq Scan", "Parent Relationship": "Outer", "Relation Name": "nation", "Alias": "nation", "Startup Cost": 0.0, "Total Cost": 1.25, "Plan Rows": 25, "Plan Width": 30}]}]}]}]}]}, "Unique SQL Id": 1604070524, "Planner Runtime": 1}, "explain_analyze_plan": {"Plan": {"Node Type": "Limit", "Startup Cost": 2741876.6, "Total Cost": 2741876.65, "Plan Rows": 20, "Plan Width": 191, "Actual Startup Time": 33004.147, "Actual Total Time": 33004.153, "Actual Rows": 20, "Actual Loops": 1, "Plans": [{"Node Type": "Sort", "Parent Relationship": "Outer", "Startup Cost": 2741876.6, "Total Cost": 2745491.35, "Plan Rows": 20, "Plan Width": 191, "Actual Startup Time": 33004.144, "Actual Total Time": 33004.147, "Actual Rows": 20, "Actual Loops": 1, "Sort Key": ["(sum((lineitem.l_extendedprice * (1::double precision - lineitem.l_discount)))) DESC"], "Sort Method": "top-N heapsort", "Sort Space Used": 35, "Sort Space Type": "Memory", "Plans": [{"Node Type": "Aggregate", "Strategy": "Hashed", "Parent Relationship": "Outer", "Startup Cost": 2688942.8, "Total Cost": 2703401.78, "Plan Rows": 1445898, "Plan Width": 191, "Actual Startup Time": 32671.075, "Actual Total Time": 32870.631, "Actual Rows": 381542, "Actual Loops": 1, "Group By Key": ["customer.c_custkey", "customer.c_name", "customer.c_acctbal", "customer.c_phone", "nation.n_name", "customer.c_address", "customer.c_comment"], "Plans": [{"Node Type": "Hash Join", "Parent Relationship": "Outer", "Join Type": "Inner", "Startup Cost": 377859.22, "Total Cost": 2652795.35, "Plan Rows": 1445898, "Plan Width": 191, "Actual Startup Time": 2461.198, "Actual Total Time": 30813.969, "Actual Rows": 1145969, "Actual Loops": 1, "Inner Unique": true, "Hash Cond": "(customer.c_nationkey = nation.n_nationkey), (LLVM Optimized, Jit Execute)", "Plans": [{"Node Type": "Hash Join", "Parent Relationship": "Outer", "Join Type": "Inner", "Startup Cost": 377857.66, "Total Cost": 2632912.69, "Plan Rows": 1445898, "Plan Width": 169, "Actual Startup Time": 2461.091, "Actual Total Time": 30352.238, "Actual Rows": 1145969, "Actual Loops": 1, "Inner Unique": true, "Hash Cond": "(orders.o_custkey = customer.c_custkey), (LLVM Optimized, Jit Execute)", "Plans": [{"Node Type": "Hash Join", "Parent Relationship": "Outer", "Join Type": "Inner", "Startup Cost": 306981.66, "Total Cost": 2542155.59, "Plan Rows": 1445898, "Plan Width": 24, "Actual Startup Time": 1151.523, "Actual Total Time": 28224.084, "Actual Rows": 1145969, "Actual Loops": 1, "Inner Unique": true, "Hash Cond": "(lineitem.l_orderkey = orders.o_orderkey), (LLVM Optimized, Jit Execute)", "Plans": [{"Node Type": "Seq Scan", "Parent Relationship": "Outer", "Relation Name": "lineitem", "Alias": "lineitem", "Startup Cost": 0.0, "Total Cost": 2165082.91, "Plan Rows": 14835209, "Plan Width": 24, "Actual Startup Time": 0.018, "Actual Total Time": 22374.177, "Actual Rows": 14808183, "Actual Loops": 1, "Filter": "(l_returnflag = 'R'::bpchar), (LLVM Optimized, Jit Execute)", "Rows Removed by Filter": 45177869}, {"Node Type": "Hash", "Parent Relationship": "Inner", "Startup Cost": 299784.84, "Total Cost": 299784.84, "Plan Rows": 575746, "Plan Width": 16, "Actual Startup Time": 1150.79, "Actual Total Time": 1150.79, "Actual Rows": 573635, "Actual Loops": 1, "Hash Buckets": 1048576, "Hash Batches": 1, "Original Hash Batches": 1, "Peak Memory Usage": 26890, "Plans": [{"Node Type": "Bitmap Heap Scan", "Parent Relationship": "Outer", "Relation Name": "orders", "Alias": "orders", "Startup Cost": 14729.65, "Total Cost": 299784.84, "Plan Rows": 575746, "Plan Width": 16, "Actual Startup Time": 240.926, "Actual Total Time": 939.038, "Actual Rows": 573635, "Actual Loops": 1, "Recheck Cond": "((o_orderdate >= '1993-08-01 00:00:00'::timestamp(0) without time zone) AND (o_orderdate < '1993-11-01 00:00:00'::timestamp without time zone)), (LLVM Optimized, Jit Execute)", "Rows Removed by Index Recheck": 0, "Exact Heap Blocks": 242860, "Lossy Heap Blocks": 242860, "Plans": [{"Node Type": "Bitmap Index Scan", "Parent Relationship": "Outer", "Index Name": "idx_orders_orderdate", "Startup Cost": 0.0, "Total Cost": 14585.71, "Plan Rows": 575746, "Plan Width": 0, "Actual Startup Time": 164.914, "Actual Total Time": 164.914, "Actual Rows": 573635, "Actual Loops": 1, "Index Cond": "((o_orderdate >= '1993-08-01 00:00:00'::timestamp(0) without time zone) AND (o_orderdate < '1993-11-01 00:00:00'::timestamp without time zone))"}]}]}]}, {"Node Type": "Hash", "Parent Relationship": "Inner", "Startup Cost": 52126.0, "Total Cost": 52126.0, "Plan Rows": 1500000, "Plan Width": 153, "Actual Startup Time": 1307.083, "Actual Total Time": 1307.083, "Actual Rows": 1500000, "Actual Loops": 1, "Hash Buckets": 2097152, "Hash Batches": 1, "Original Hash Batches": 1, "Peak Memory Usage": 282695, "Plans": [{"Node Type": "Seq Scan", "Parent Relationship": "Outer", "Relation Name": "customer", "Alias": "customer", "Startup Cost": 0.0, "Total Cost": 52126.0, "Plan Rows": 1500000, "Plan Width": 153, "Actual Startup Time": 0.025, "Actual Total Time": 597.485, "Actual Rows": 1500000, "Actual Loops": 1}]}]}, {"Node Type": "Hash", "Parent Relationship": "Inner", "Startup Cost": 1.25, "Total Cost": 1.25, "Plan Rows": 25, "Plan Width": 30, "Actual Startup Time": 0.036, "Actual Total Time": 0.036, "Actual Rows": 25, "Actual Loops": 1, "Hash Buckets": 32768, "Hash Batches": 1, "Original Hash Batches": 1, "Peak Memory Usage": 2, "Plans": [{"Node Type": "Seq Scan", "Parent Relationship": "Outer", "Relation Name": "nation", "Alias": "nation", "Startup Cost": 0.0, "Total Cost": 1.25, "Plan Rows": 25, "Plan Width": 30, "Actual Startup Time": 0.014, "Actual Total Time": 0.021, "Actual Rows": 25, "Actual Loops": 1}]}]}]}]}]}, "Triggers": [], "Planner Runtime": 0, "Total Runtime": 33015.458, "Unique SQL Id": 1604070524}}, "(1, 3)": {"explain_plan": {"Plan": {"Node Type": "Limit", "Startup Cost": 13443415.76, "Total Cost": 13443415.81, "Plan Rows": 20, "Plan Width": 191, "Plans": [{"Node Type": "Sort", "Parent Relationship": "Outer", "Startup Cost": 13443415.76, "Total Cost": 13447030.51, "Plan Rows": 20, "Plan Width": 191, "Sort Key": ["(sum((lineitem.l_extendedprice * (1::double precision - lineitem.l_discount)))) DESC"], "Plans": [{"Node Type": "Aggregate", "Strategy": "Hashed", "Parent Relationship": "Outer", "Startup Cost": 13390481.96, "Total Cost": 13404940.94, "Plan Rows": 1445898, "Plan Width": 191, "Group By Key": ["customer.c_custkey", "customer.c_name", "customer.c_acctbal", "customer.c_phone", "nation.n_name", "customer.c_address", "customer.c_comment"], "Plans": [{"Node Type": "Nested Loop", "Parent Relationship": "Outer", "Join Type": "Inner", "Startup Cost": 14732.12, "Total Cost": 13354334.51, "Plan Rows": 1445898, "Plan Width": 191, "Inner Unique": false, "Plans": [{"Node Type": "Nested Loop", "Parent Relationship": "Outer", "Join Type": "Inner", "Startup Cost": 14730.2, "Total Cost": 5249597.54, "Plan Rows": 575746, "Plan Width": 183, "Inner Unique": true, "Plans": [{"Node Type": "Nested Loop", "Parent Relationship": "Outer", "Join Type": "Inner", "Startup Cost": 14729.94, "Total Cost": 2785257.65, "Plan Rows": 575746, "Plan Width": 161, "Inner Unique": true, "Plans": [{"Node Type": "Bitmap Heap Scan", "Parent Relationship": "Outer", "Relation Name": "orders", "Alias": "orders", "Startup Cost": 14729.65, "Total Cost": 299784.84, "Plan Rows": 575746, "Plan Width": 16, "Recheck Cond": "((o_orderdate >= '1993-08-01 00:00:00'::timestamp(0) without time zone) AND (o_orderdate < '1993-11-01 00:00:00'::timestamp without time zone)), (LLVM Optimized)", "Plans": [{"Node Type": "Bitmap Index Scan", "Parent Relationship": "Outer", "Index Name": "idx_orders_orderdate", "Startup Cost": 0.0, "Total Cost": 14585.71, "Plan Rows": 575746, "Plan Width": 0, "Index Cond": "((o_orderdate >= '1993-08-01 00:00:00'::timestamp(0) without time zone) AND (o_orderdate < '1993-11-01 00:00:00'::timestamp without time zone))"}]}, {"Node Type": "Bitmap Heap Scan", "Parent Relationship": "Inner", "Relation Name": "customer", "Alias": "customer", "Startup Cost": 0.29, "Total Cost": 4.31, "Plan Rows": 1, "Plan Width": 153, "Recheck Cond": "(c_custkey = orders.o_custkey)", "Plans": [{"Node Type": "Bitmap Index Scan", "Parent Relationship": "Outer", "Index Name": "customer_pkey", "Startup Cost": 0.0, "Total Cost": 0.29, "Plan Rows": 1, "Plan Width": 0, "Index Cond": "(c_custkey = orders.o_custkey)"}]}]}, {"Node Type": "Bitmap Heap Scan", "Parent Relationship": "Inner", "Relation Name": "nation", "Alias": "nation", "Startup Cost": 0.26, "Total Cost": 4.27, "Plan Rows": 1, "Plan Width": 30, "Recheck Cond": "(n_nationkey = customer.c_nationkey)", "Plans": [{"Node Type": "Bitmap Index Scan", "Parent Relationship": "Outer", "Index Name": "nation_pkey", "Startup Cost": 0.0, "Total Cost": 0.26, "Plan Rows": 1, "Plan Width": 0, "Index Cond": "(n_nationkey = customer.c_nationkey)"}]}]}, {"Node Type": "Bitmap Heap Scan", "Parent Relationship": "Inner", "Relation Name": "lineitem", "Alias": "lineitem", "Startup Cost": 1.93, "Total Cost": 14.05, "Plan Rows": 3, "Plan Width": 24, "Recheck Cond": "(l_orderkey = orders.o_orderkey)", "Filter": "(l_returnflag = 'R'::bpchar)", "Plans": [{"Node Type": "Bitmap Index Scan", "Parent Relationship": "Outer", "Index Name": "idx_lineitem_orderkey", "Startup Cost": 0.0, "Total Cost": 1.92, "Plan Rows": 9, "Plan Width": 0, "Index Cond": "(l_orderkey = orders.o_orderkey)"}]}]}]}]}]}, "Unique SQL Id": 1604070524, "Planner Runtime": 1}, "explain_analyze_plan": {"Plan": {"Node Type": "Limit", "Startup Cost": 13443415.76, "Total Cost": 13443415.81, "Plan Rows": 20, "Plan Width": 191, "Actual Startup Time": 17197.212, "Actual Total Time": 17197.217, "Actual Rows": 20, "Actual Loops": 1, "Plans": [{"Node Type": "Sort", "Parent Relationship": "Outer", "Startup Cost": 13443415.76, "Total Cost": 13447030.51, "Plan Rows": 20, "Plan Width": 191, "Actual Startup Time": 17197.208, "Actual Total Time": 17197.21, "Actual Rows": 20, "Actual Loops": 1, "Sort Key": ["(sum((lineitem.l_extendedprice * (1::double precision - lineitem.l_discount)))) DESC"], "Sort Method": "top-N heapsort", "Sort Space Used": 35, "Sort Space Type": "Memory", "Plans": [{"Node Type": "Aggregate", "Strategy": "Hashed", "Parent Relationship": "Outer", "Startup Cost": 13390481.96, "Total Cost": 13404940.94, "Plan Rows": 1445898, "Plan Width": 191, "Actual Startup Time": 16740.682, "Actual Total Time": 17059.666, "Actual Rows": 381542, "Actual Loops": 1, "Group By Key": ["customer.c_custkey", "customer.c_name", "customer.c_acctbal", "customer.c_phone", "nation.n_name", "customer.c_address", "customer.c_comment"], "Plans": [{"Node Type": "Nested Loop", "Parent Relationship": "Outer", "Join Type": "Inner", "Startup Cost": 14732.12, "Total Cost": 13354334.51, "Plan Rows": 1445898, "Plan Width": 191, "Actual Startup Time": 238.524, "Actual Total Time": 14766.149, "Actual Rows": 1145969, "Actual Loops": 1, "Inner Unique": false, "Plans": [{"Node Type": "Nested Loop", "Parent Relationship": "Outer", "Join Type": "Inner", "Startup Cost": 14730.2, "Total Cost": 5249597.54, "Plan Rows": 575746, "Plan Width": 183, "Actual Startup Time": 238.474, "Actual Total Time": 8454.028, "Actual Rows": 573635, "Actual Loops": 1, "Inner Unique": true, "Plans": [{"Node Type": "Nested Loop", "Parent Relationship": "Outer", "Join Type": "Inner", "Startup Cost": 14729.94, "Total Cost": 2785257.65, "Plan Rows": 575746, "Plan Width": 161, "Actual Startup Time": 238.424, "Actual Total Time": 6266.051, "Actual Rows": 573635, "Actual Loops": 1, "Inner Unique": true, "Plans": [{"Node Type": "Bitmap Heap Scan", "Parent Relationship": "Outer", "Relation Name": "orders", "Alias": "orders", "Startup Cost": 14729.65, "Total Cost": 299784.84, "Plan Rows": 575746, "Plan Width": 16, "Actual Startup Time": 238.197, "Actual Total Time": 1069.489, "Actual Rows": 573635, "Actual Loops": 1, "Recheck Cond": "((o_orderdate >= '1993-08-01 00:00:00'::timestamp(0) without time zone) AND (o_orderdate < '1993-11-01 00:00:00'::timestamp without time zone)), (LLVM Optimized, Jit Execute)", "Rows Removed by Index Recheck": 0, "Exact Heap Blocks": 242860, "Lossy Heap Blocks": 242860, "Plans": [{"Node Type": "Bitmap Index Scan", "Parent Relationship": "Outer", "Index Name": "idx_orders_orderdate", "Startup Cost": 0.0, "Total Cost": 14585.71, "Plan Rows": 575746, "Plan Width": 0, "Actual Startup Time": 163.236, "Actual Total Time": 163.236, "Actual Rows": 573635, "Actual Loops": 1, "Index Cond": "((o_orderdate >= '1993-08-01 00:00:00'::timestamp(0) without time zone) AND (o_orderdate < '1993-11-01 00:00:00'::timestamp without time zone))"}]}, {"Node Type": "Bitmap Heap Scan", "Parent Relationship": "Inner", "Relation Name": "customer", "Alias": "customer", "Startup Cost": 0.29, "Total Cost": 4.31, "Plan Rows": 1, "Plan Width": 153, "Actual Startup Time": 4318.454, "Actual Total Time": 4318.454, "Actual Rows": 573635, "Actual Loops": 573635, "Recheck Cond": "(c_custkey = orders.o_custkey)", "Rows Removed by Index Recheck": 0, "Exact Heap Blocks": 573635, "Lossy Heap Blocks": 573635, "Plans": [{"Node Type": "Bitmap Index Scan", "Parent Relationship": "Outer", "Index Name": "customer_pkey", "Startup Cost": 0.0, "Total Cost": 0.29, "Plan Rows": 1, "Plan Width": 0, "Actual Startup Time": 2664.814, "Actual Total Time": 2664.814, "Actual Rows": 573635, "Actual Loops": 573635, "Index Cond": "(c_custkey = orders.o_custkey)"}]}]}, {"Node Type": "Bitmap Heap Scan", "Parent Relationship": "Inner", "Relation Name": "nation", "Alias": "nation", "Startup Cost": 0.26, "Total Cost": 4.27, "Plan Rows": 1, "Plan Width": 30, "Actual Startup Time": 1395.278, "Actual Total Time": 1395.278, "Actual Rows": 573635, "Actual Loops": 573635, "Recheck Cond": "(n_nationkey = customer.c_nationkey)", "Rows Removed by Index Recheck": 0, "Exact Heap Blocks": 573635, "Lossy Heap Blocks": 573635, "Plans": [{"Node Type": "Bitmap Index Scan", "Parent Relationship": "Outer", "Index Name": "nation_pkey", "Startup Cost": 0.0, "Total Cost": 0.26, "Plan Rows": 1, "Plan Width": 0, "Actual Startup Time": 608.282, "Actual Total Time": 608.282, "Actual Rows": 573635, "Actual Loops": 573635, "Index Cond": "(n_nationkey = customer.c_nationkey)"}]}]}, {"Node Type": "Bitmap Heap Scan", "Parent Relationship": "Inner", "Relation Name": "lineitem", "Alias": "lineitem", "Startup Cost": 1.93, "Total Cost": 14.05, "Plan Rows": 3, "Plan Width": 24, "Actual Startup Time": 4824.259, "Actual Total Time": 5354.044, "Actual Rows": 1145969, "Actual Loops": 573635, "Recheck Cond": "(l_orderkey = orders.o_orderkey)", "Rows Removed by Index Recheck": 0, "Filter": "(l_returnflag = 'R'::bpchar)", "Rows Removed by Filter": 1146896, "Exact Heap Blocks": 614400, "Lossy Heap Blocks": 614400, "Plans": [{"Node Type": "Bitmap Index Scan", "Parent Relationship": "Outer", "Index Name": "idx_lineitem_orderkey", "Startup Cost": 0.0, "Total Cost": 1.92, "Plan Rows": 9, "Plan Width": 0, "Actual Startup Time": 2480.858, "Actual Total Time": 2480.858, "Actual Rows": 2292865, "Actual Loops": 573635, "Index Cond": "(l_orderkey = orders.o_orderkey)"}]}]}]}]}]}, "Triggers": [], "Planner Runtime": 0, "Total Runtime": 17207.36, "Unique SQL Id": 1604070524}}, "(1, 4)": {"explain_plan": {"Plan": {"Node Type": "Limit", "Startup Cost": 2741876.6, "Total Cost": 2741876.65, "Plan Rows": 20, "Plan Width": 191, "Plans": [{"Node Type": "Sort", "Parent Relationship": "Outer", "Startup Cost": 2741876.6, "Total Cost": 2745491.35, "Plan Rows": 20, "Plan Width": 191, "Sort Key": ["(sum((lineitem.l_extendedprice * (1::double precision - lineitem.l_discount)))) DESC"], "Plans": [{"Node Type": "Aggregate", "Strategy": "Hashed", "Parent Relationship": "Outer", "Startup Cost": 2688942.8, "Total Cost": 2703401.78, "Plan Rows": 1445898, "Plan Width": 191, "Group By Key": ["customer.c_custkey", "customer.c_name", "customer.c_acctbal", "customer.c_phone", "nation.n_name", "customer.c_address", "customer.c_comment"], "Plans": [{"Node Type": "Hash Join", "Parent Relationship": "Outer", "Join Type": "Inner", "Startup Cost": 377859.22, "Total Cost": 2652795.35, "Plan Rows": 1445898, "Plan Width": 191, "Inner Unique": true, "Hash Cond": "(customer.c_nationkey = nation.n_nationkey), (LLVM Optimized)", "Plans": [{"Node Type": "Hash Join", "Parent Relationship": "Outer", "Join Type": "Inner", "Startup Cost": 377857.66, "Total Cost": 2632912.69, "Plan Rows": 1445898, "Plan Width": 169, "Inner Unique": true, "Hash Cond": "(orders.o_custkey = customer.c_custkey), (LLVM Optimized)", "Plans": [{"Node Type": "Hash Join", "Parent Relationship": "Outer", "Join Type": "Inner", "Startup Cost": 306981.66, "Total Cost": 2542155.59, "Plan Rows": 1445898, "Plan Width": 24, "Inner Unique": true, "Hash Cond": "(lineitem.l_orderkey = orders.o_orderkey), (LLVM Optimized)", "Plans": [{"Node Type": "Seq Scan", "Parent Relationship": "Outer", "Relation Name": "lineitem", "Alias": "lineitem", "Startup Cost": 0.0, "Total Cost": 2165082.91, "Plan Rows": 14835209, "Plan Width": 24, "Filter": "(l_returnflag = 'R'::bpchar), (LLVM Optimized)"}, {"Node Type": "Hash", "Parent Relationship": "Inner", "Startup Cost": 299784.84, "Total Cost": 299784.84, "Plan Rows": 575746, "Plan Width": 16, "Plans": [{"Node Type": "Bitmap Heap Scan", "Parent Relationship": "Outer", "Relation Name": "orders", "Alias": "orders", "Startup Cost": 14729.65, "Total Cost": 299784.84, "Plan Rows": 575746, "Plan Width": 16, "Recheck Cond": "((o_orderdate >= '1993-08-01 00:00:00'::timestamp(0) without time zone) AND (o_orderdate < '1993-11-01 00:00:00'::timestamp without time zone)), (LLVM Optimized)", "Plans": [{"Node Type": "Bitmap Index Scan", "Parent Relationship": "Outer", "Index Name": "idx_orders_orderdate", "Startup Cost": 0.0, "Total Cost": 14585.71, "Plan Rows": 575746, "Plan Width": 0, "Index Cond": "((o_orderdate >= '1993-08-01 00:00:00'::timestamp(0) without time zone) AND (o_orderdate < '1993-11-01 00:00:00'::timestamp without time zone))"}]}]}]}, {"Node Type": "Hash", "Parent Relationship": "Inner", "Startup Cost": 52126.0, "Total Cost": 52126.0, "Plan Rows": 1500000, "Plan Width": 153, "Plans": [{"Node Type": "Seq Scan", "Parent Relationship": "Outer", "Relation Name": "customer", "Alias": "customer", "Startup Cost": 0.0, "Total Cost": 52126.0, "Plan Rows": 1500000, "Plan Width": 153}]}]}, {"Node Type": "Hash", "Parent Relationship": "Inner", "Startup Cost": 1.25, "Total Cost": 1.25, "Plan Rows": 25, "Plan Width": 30, "Plans": [{"Node Type": "Seq Scan", "Parent Relationship": "Outer", "Relation Name": "nation", "Alias": "nation", "Startup Cost": 0.0, "Total Cost": 1.25, "Plan Rows": 25, "Plan Width": 30}]}]}]}]}]}, "Unique SQL Id": 1604070524, "Planner Runtime": 1}, "explain_analyze_plan": {"Plan": {"Node Type": "Limit", "Startup Cost": 2741876.6, "Total Cost": 2741876.65, "Plan Rows": 20, "Plan Width": 191, "Actual Startup Time": 33004.147, "Actual Total Time": 33004.153, "Actual Rows": 20, "Actual Loops": 1, "Plans": [{"Node Type": "Sort", "Parent Relationship": "Outer", "Startup Cost": 2741876.6, "Total Cost": 2745491.35, "Plan Rows": 20, "Plan Width": 191, "Actual Startup Time": 33004.144, "Actual Total Time": 33004.147, "Actual Rows": 20, "Actual Loops": 1, "Sort Key": ["(sum((lineitem.l_extendedprice * (1::double precision - lineitem.l_discount)))) DESC"], "Sort Method": "top-N heapsort", "Sort Space Used": 35, "Sort Space Type": "Memory", "Plans": [{"Node Type": "Aggregate", "Strategy": "Hashed", "Parent Relationship": "Outer", "Startup Cost": 2688942.8, "Total Cost": 2703401.78, "Plan Rows": 1445898, "Plan Width": 191, "Actual Startup Time": 32671.075, "Actual Total Time": 32870.631, "Actual Rows": 381542, "Actual Loops": 1, "Group By Key": ["customer.c_custkey", "customer.c_name", "customer.c_acctbal", "customer.c_phone", "nation.n_name", "customer.c_address", "customer.c_comment"], "Plans": [{"Node Type": "Hash Join", "Parent Relationship": "Outer", "Join Type": "Inner", "Startup Cost": 377859.22, "Total Cost": 2652795.35, "Plan Rows": 1445898, "Plan Width": 191, "Actual Startup Time": 2461.198, "Actual Total Time": 30813.969, "Actual Rows": 1145969, "Actual Loops": 1, "Inner Unique": true, "Hash Cond": "(customer.c_nationkey = nation.n_nationkey), (LLVM Optimized, Jit Execute)", "Plans": [{"Node Type": "Hash Join", "Parent Relationship": "Outer", "Join Type": "Inner", "Startup Cost": 377857.66, "Total Cost": 2632912.69, "Plan Rows": 1445898, "Plan Width": 169, "Actual Startup Time": 2461.091, "Actual Total Time": 30352.238, "Actual Rows": 1145969, "Actual Loops": 1, "Inner Unique": true, "Hash Cond": "(orders.o_custkey = customer.c_custkey), (LLVM Optimized, Jit Execute)", "Plans": [{"Node Type": "Hash Join", "Parent Relationship": "Outer", "Join Type": "Inner", "Startup Cost": 306981.66, "Total Cost": 2542155.59, "Plan Rows": 1445898, "Plan Width": 24, "Actual Startup Time": 1151.523, "Actual Total Time": 28224.084, "Actual Rows": 1145969, "Actual Loops": 1, "Inner Unique": true, "Hash Cond": "(lineitem.l_orderkey = orders.o_orderkey), (LLVM Optimized, Jit Execute)", "Plans": [{"Node Type": "Seq Scan", "Parent Relationship": "Outer", "Relation Name": "lineitem", "Alias": "lineitem", "Startup Cost": 0.0, "Total Cost": 2165082.91, "Plan Rows": 14835209, "Plan Width": 24, "Actual Startup Time": 0.018, "Actual Total Time": 22374.177, "Actual Rows": 14808183, "Actual Loops": 1, "Filter": "(l_returnflag = 'R'::bpchar), (LLVM Optimized, Jit Execute)", "Rows Removed by Filter": 45177869}, {"Node Type": "Hash", "Parent Relationship": "Inner", "Startup Cost": 299784.84, "Total Cost": 299784.84, "Plan Rows": 575746, "Plan Width": 16, "Actual Startup Time": 1150.79, "Actual Total Time": 1150.79, "Actual Rows": 573635, "Actual Loops": 1, "Hash Buckets": 1048576, "Hash Batches": 1, "Original Hash Batches": 1, "Peak Memory Usage": 26890, "Plans": [{"Node Type": "Bitmap Heap Scan", "Parent Relationship": "Outer", "Relation Name": "orders", "Alias": "orders", "Startup Cost": 14729.65, "Total Cost": 299784.84, "Plan Rows": 575746, "Plan Width": 16, "Actual Startup Time": 240.926, "Actual Total Time": 939.038, "Actual Rows": 573635, "Actual Loops": 1, "Recheck Cond": "((o_orderdate >= '1993-08-01 00:00:00'::timestamp(0) without time zone) AND (o_orderdate < '1993-11-01 00:00:00'::timestamp without time zone)), (LLVM Optimized, Jit Execute)", "Rows Removed by Index Recheck": 0, "Exact Heap Blocks": 242860, "Lossy Heap Blocks": 242860, "Plans": [{"Node Type": "Bitmap Index Scan", "Parent Relationship": "Outer", "Index Name": "idx_orders_orderdate", "Startup Cost": 0.0, "Total Cost": 14585.71, "Plan Rows": 575746, "Plan Width": 0, "Actual Startup Time": 164.914, "Actual Total Time": 164.914, "Actual Rows": 573635, "Actual Loops": 1, "Index Cond": "((o_orderdate >= '1993-08-01 00:00:00'::timestamp(0) without time zone) AND (o_orderdate < '1993-11-01 00:00:00'::timestamp without time zone))"}]}]}]}, {"Node Type": "Hash", "Parent Relationship": "Inner", "Startup Cost": 52126.0, "Total Cost": 52126.0, "Plan Rows": 1500000, "Plan Width": 153, "Actual Startup Time": 1307.083, "Actual Total Time": 1307.083, "Actual Rows": 1500000, "Actual Loops": 1, "Hash Buckets": 2097152, "Hash Batches": 1, "Original Hash Batches": 1, "Peak Memory Usage": 282695, "Plans": [{"Node Type": "Seq Scan", "Parent Relationship": "Outer", "Relation Name": "customer", "Alias": "customer", "Startup Cost": 0.0, "Total Cost": 52126.0, "Plan Rows": 1500000, "Plan Width": 153, "Actual Startup Time": 0.025, "Actual Total Time": 597.485, "Actual Rows": 1500000, "Actual Loops": 1}]}]}, {"Node Type": "Hash", "Parent Relationship": "Inner", "Startup Cost": 1.25, "Total Cost": 1.25, "Plan Rows": 25, "Plan Width": 30, "Actual Startup Time": 0.036, "Actual Total Time": 0.036, "Actual Rows": 25, "Actual Loops": 1, "Hash Buckets": 32768, "Hash Batches": 1, "Original Hash Batches": 1, "Peak Memory Usage": 2, "Plans": [{"Node Type": "Seq Scan", "Parent Relationship": "Outer", "Relation Name": "nation", "Alias": "nation", "Startup Cost": 0.0, "Total Cost": 1.25, "Plan Rows": 25, "Plan Width": 30, "Actual Startup Time": 0.014, "Actual Total Time": 0.021, "Actual Rows": 25, "Actual Loops": 1}]}]}]}]}]}, "Triggers": [], "Planner Runtime": 0, "Total Runtime": 33015.458, "Unique SQL Id": 1604070524}}, "(1, 5)": {"explain_plan": {"Plan": {"Node Type": "Limit", "Startup Cost": 3620844.85, "Total Cost": 3620844.9, "Plan Rows": 20, "Plan Width": 191, "Plans": [{"Node Type": "Sort", "Parent Relationship": "Outer", "Startup Cost": 3620844.85, "Total Cost": 3624459.59, "Plan Rows": 20, "Plan Width": 191, "Sort Key": ["(sum((lineitem.l_extendedprice * (1::double precision - lineitem.l_discount)))) DESC"], "Plans": [{"Node Type": "Aggregate", "Strategy": "Hashed", "Parent Relationship": "Outer", "Startup Cost": 3567911.04, "Total Cost": 3582370.02, "Plan Rows": 1445898, "Plan Width": 191, "Group By Key": ["customer.c_custkey", "customer.c_name", "customer.c_acctbal", "customer.c_phone", "nation.n_name", "customer.c_address", "customer.c_comment"], "Plans": [{"Node Type": "Nested Loop", "Parent Relationship": "Outer", "Join Type": "Inner", "Startup Cost": 114257.94, "Total Cost": 3531763.59, "Plan Rows": 1445898, "Plan Width": 191, "Inner Unique": false, "Plans": [{"Node Type": "Hash Join", "Parent Relationship": "Outer", "Join Type": "Inner", "Startup Cost": 114257.94, "Total Cost": 415146.15, "Plan Rows": 575746, "Plan Width": 183, "Inner Unique": true, "Hash Cond": "(customer.c_nationkey = nation.n_nationkey), (LLVM Optimized)", "Plans": [{"Node Type": "Hash Join", "Parent Relationship": "Outer", "Join Type": "Inner", "Startup Cost": 114245.0, "Total Cost": 407216.7, "Plan Rows": 575746, "Plan Width": 161, "Inner Unique": true, "Hash Cond": "(orders.o_custkey = customer.c_custkey), (LLVM Optimized)", "Plans": [{"Node Type": "Bitmap Heap Scan", "Parent Relationship": "Outer", "Relation Name": "orders", "Alias": "orders", "Startup Cost": 14729.65, "Total Cost": 299784.84, "Plan Rows": 575746, "Plan Width": 16, "Recheck Cond": "((o_orderdate >= '1993-08-01 00:00:00'::timestamp(0) without time zone) AND (o_orderdate < '1993-11-01 00:00:00'::timestamp without time zone)), (LLVM Optimized)", "Plans": [{"Node Type": "Bitmap Index Scan", "Parent Relationship": "Outer", "Index Name": "idx_orders_orderdate", "Startup Cost": 0.0, "Total Cost": 14585.71, "Plan Rows": 575746, "Plan Width": 0, "Index Cond": "((o_orderdate >= '1993-08-01 00:00:00'::timestamp(0) without time zone) AND (o_orderdate < '1993-11-01 00:00:00'::timestamp without time zone))"}]}, {"Node Type": "Hash", "Parent Relationship": "Inner", "Startup Cost": 80765.36, "Total Cost": 80765.36, "Plan Rows": 1500000, "Plan Width": 153, "Plans": [{"Node Type": "Index Scan", "Parent Relationship": "Outer", "Scan Direction": "Forward", "Index Name": "customer_pkey", "Relation Name": "customer", "Alias": "customer", "Startup Cost": 0.0, "Total Cost": 80765.36, "Plan Rows": 1500000, "Plan Width": 153}]}]}, {"Node Type": "Hash", "Parent Relationship": "Inner", "Startup Cost": 12.62, "Total Cost": 12.62, "Plan Rows": 25, "Plan Width": 30, "Plans": [{"Node Type": "Index Scan", "Parent Relationship": "Outer", "Scan Direction": "Forward", "Index Name": "nation_pkey", "Relation Name": "nation", "Alias": "nation", "Startup Cost": 0.0, "Total Cost": 12.62, "Plan Rows": 25, "Plan Width": 30}]}]}, {"Node Type": "Index Scan", "Parent Relationship": "Inner", "Scan Direction": "Forward", "Index Name": "idx_lineitem_orderkey", "Relation Name": "lineitem", "Alias": "lineitem", "Startup Cost": 0.0, "Total Cost": 5.38, "Plan Rows": 3, "Plan Width": 24, "Index Cond": "(l_orderkey = orders.o_orderkey)", "Filter": "(l_returnflag = 'R'::bpchar)"}]}]}]}]}, "Unique SQL Id": 1604070524, "Planner Runtime": 1}, "explain_analyze_plan": {"Plan": {"Node Type": "Limit", "Startup Cost": 3620844.85, "Total Cost": 3620844.9, "Plan Rows": 20, "Plan Width": 191, "Actual Startup Time": 13884.972, "Actual Total Time": 13884.98, "Actual Rows": 20, "Actual Loops": 1, "Plans": [{"Node Type": "Sort", "Parent Relationship": "Outer", "Startup Cost": 3620844.85, "Total Cost": 3624459.59, "Plan Rows": 20, "Plan Width": 191, "Actual Startup Time": 13884.967, "Actual Total Time": 13884.97, "Actual Rows": 20, "Actual Loops": 1, "Sort Key": ["(sum((lineitem.l_extendedprice * (1::double precision - lineitem.l_discount)))) DESC"], "Sort Method": "top-N heapsort", "Sort Space Used": 35, "Sort Space Type": "Memory", "Plans": [{"Node Type": "Aggregate", "Strategy": "Hashed", "Parent Relationship": "Outer", "Startup Cost": 3567911.04, "Total Cost": 3582370.02, "Plan Rows": 1445898, "Plan Width": 191, "Actual Startup Time": 13549.273, "Actual Total Time": 13750.357, "Actual Rows": 381542, "Actual Loops": 1, "Group By Key": ["customer.c_custkey", "customer.c_name", "customer.c_acctbal", "customer.c_phone", "nation.n_name", "customer.c_address", "customer.c_comment"], "Plans": [{"Node Type": "Nested Loop", "Parent Relationship": "Outer", "Join Type": "Inner", "Startup Cost": 114257.94, "Total Cost": 3531763.59, "Plan Rows": 1445898, "Plan Width": 191, "Actual Startup Time": 1960.115, "Actual Total Time": 11619.369, "Actual Rows": 1145969, "Actual Loops": 1, "Inner Unique": false, "Plans": [{"Node Type": "Hash Join", "Parent Relationship": "Outer", "Join Type": "Inner", "Startup Cost": 114257.94, "Total Cost": 415146.15, "Plan Rows": 575746, "Plan Width": 183, "Actual Startup Time": 1959.983, "Actual Total Time": 3759.194, "Actual Rows": 573635, "Actual Loops": 1, "Inner Unique": true, "Hash Cond": "(customer.c_nationkey = nation.n_nationkey), (LLVM Optimized, Jit Execute)", "Plans": [{"Node Type": "Hash Join", "Parent Relationship": "Outer", "Join Type": "Inner", "Startup Cost": 114245.0, "Total Cost": 407216.7, "Plan Rows": 575746, "Plan Width": 161, "Actual Startup Time": 1959.879, "Actual Total Time": 3505.46, "Actual Rows": 573635, "Actual Loops": 1, "Inner Unique": true, "Hash Cond": "(orders.o_custkey = customer.c_custkey), (LLVM Optimized, Jit Execute)", "Plans": [{"Node Type": "Bitmap Heap Scan", "Parent Relationship": "Outer", "Relation Name": "orders", "Alias": "orders", "Startup Cost": 14729.65, "Total Cost": 299784.84, "Plan Rows": 575746, "Plan Width": 16, "Actual Startup Time": 239.628, "Actual Total Time": 1107.976, "Actual Rows": 573635, "Actual Loops": 1, "Recheck Cond": "((o_orderdate >= '1993-08-01 00:00:00'::timestamp(0) without time zone) AND (o_orderdate < '1993-11-01 00:00:00'::timestamp without time zone)), (LLVM Optimized, Jit Execute)", "Rows Removed by Index Recheck": 0, "Exact Heap Blocks": 242860, "Lossy Heap Blocks": 242860, "Plans": [{"Node Type": "Bitmap Index Scan", "Parent Relationship": "Outer", "Index Name": "idx_orders_orderdate", "Startup Cost": 0.0, "Total Cost": 14585.71, "Plan Rows": 575746, "Plan Width": 0, "Actual Startup Time": 164.39, "Actual Total Time": 164.39, "Actual Rows": 573635, "Actual Loops": 1, "Index Cond": "((o_orderdate >= '1993-08-01 00:00:00'::timestamp(0) without time zone) AND (o_orderdate < '1993-11-01 00:00:00'::timestamp without time zone))"}]}, {"Node Type": "Hash", "Parent Relationship": "Inner", "Startup Cost": 80765.36, "Total Cost": 80765.36, "Plan Rows": 1500000, "Plan Width": 153, "Actual Startup Time": 1718.794, "Actual Total Time": 1718.794, "Actual Rows": 1500000, "Actual Loops": 1, "Hash Buckets": 2097152, "Hash Batches": 1, "Original Hash Batches": 1, "Peak Memory Usage": 282695, "Plans": [{"Node Type": "Index Scan", "Parent Relationship": "Outer", "Scan Direction": "Forward", "Index Name": "customer_pkey", "Relation Name": "customer", "Alias": "customer", "Startup Cost": 0.0, "Total Cost": 80765.36, "Plan Rows": 1500000, "Plan Width": 153, "Actual Startup Time": 0.057, "Actual Total Time": 1053.373, "Actual Rows": 1500000, "Actual Loops": 1}]}]}, {"Node Type": "Hash", "Parent Relationship": "Inner", "Startup Cost": 12.62, "Total Cost": 12.62, "Plan Rows": 25, "Plan Width": 30, "Actual Startup Time": 0.054, "Actual Total Time": 0.054, "Actual Rows": 25, "Actual Loops": 1, "Hash Buckets": 32768, "Hash Batches": 1, "Original Hash Batches": 1, "Peak Memory Usage": 2, "Plans": [{"Node Type": "Index Scan", "Parent Relationship": "Outer", "Scan Direction": "Forward", "Index Name": "nation_pkey", "Relation Name": "nation", "Alias": "nation", "Startup Cost": 0.0, "Total Cost": 12.62, "Plan Rows": 25, "Plan Width": 30, "Actual Startup Time": 0.018, "Actual Total Time": 0.034, "Actual Rows": 25, "Actual Loops": 1}]}]}, {"Node Type": "Index Scan", "Parent Relationship": "Inner", "Scan Direction": "Forward", "Index Name": "idx_lineitem_orderkey", "Relation Name": "lineitem", "Alias": "lineitem", "Startup Cost": 0.0, "Total Cost": 5.38, "Plan Rows": 3, "Plan Width": 24, "Actual Startup Time": 5879.361, "Actual Total Time": 7208.975, "Actual Rows": 1145969, "Actual Loops": 573635, "Index Cond": "(l_orderkey = orders.o_orderkey)", "Rows Removed by Index Recheck": 0, "Filter": "(l_returnflag = 'R'::bpchar)", "Rows Removed by Filter": 1146896}]}]}]}]}, "Triggers": [], "Planner Runtime": 0, "Total Runtime": 13895.62, "Unique SQL Id": 1604070524}}, "(1, 6)": {"explain_plan": {"Plan": {"Node Type": "Limit", "Startup Cost": 2741876.6, "Total Cost": 2741876.65, "Plan Rows": 20, "Plan Width": 191, "Plans": [{"Node Type": "Sort", "Parent Relationship": "Outer", "Startup Cost": 2741876.6, "Total Cost": 2745491.35, "Plan Rows": 20, "Plan Width": 191, "Sort Key": ["(sum((lineitem.l_extendedprice * (1::double precision - lineitem.l_discount)))) DESC"], "Plans": [{"Node Type": "Aggregate", "Strategy": "Hashed", "Parent Relationship": "Outer", "Startup Cost": 2688942.8, "Total Cost": 2703401.78, "Plan Rows": 1445898, "Plan Width": 191, "Group By Key": ["customer.c_custkey", "customer.c_name", "customer.c_acctbal", "customer.c_phone", "nation.n_name", "customer.c_address", "customer.c_comment"], "Plans": [{"Node Type": "Hash Join", "Parent Relationship": "Outer", "Join Type": "Inner", "Startup Cost": 377859.22, "Total Cost": 2652795.35, "Plan Rows": 1445898, "Plan Width": 191, "Inner Unique": true, "Hash Cond": "(customer.c_nationkey = nation.n_nationkey), (LLVM Optimized)", "Plans": [{"Node Type": "Hash Join", "Parent Relationship": "Outer", "Join Type": "Inner", "Startup Cost": 377857.66, "Total Cost": 2632912.69, "Plan Rows": 1445898, "Plan Width": 169, "Inner Unique": true, "Hash Cond": "(orders.o_custkey = customer.c_custkey), (LLVM Optimized)", "Plans": [{"Node Type": "Hash Join", "Parent Relationship": "Outer", "Join Type": "Inner", "Startup Cost": 306981.66, "Total Cost": 2542155.59, "Plan Rows": 1445898, "Plan Width": 24, "Inner Unique": true, "Hash Cond": "(lineitem.l_orderkey = orders.o_orderkey), (LLVM Optimized)", "Plans": [{"Node Type": "Seq Scan", "Parent Relationship": "Outer", "Relation Name": "lineitem", "Alias": "lineitem", "Startup Cost": 0.0, "Total Cost": 2165082.91, "Plan Rows": 14835209, "Plan Width": 24, "Filter": "(l_returnflag = 'R'::bpchar), (LLVM Optimized)"}, {"Node Type": "Hash", "Parent Relationship": "Inner", "Startup Cost": 299784.84, "Total Cost": 299784.84, "Plan Rows": 575746, "Plan Width": 16, "Plans": [{"Node Type": "Bitmap Heap Scan", "Parent Relationship": "Outer", "Relation Name": "orders", "Alias": "orders", "Startup Cost": 14729.65, "Total Cost": 299784.84, "Plan Rows": 575746, "Plan Width": 16, "Recheck Cond": "((o_orderdate >= '1993-08-01 00:00:00'::timestamp(0) without time zone) AND (o_orderdate < '1993-11-01 00:00:00'::timestamp without time zone)), (LLVM Optimized)", "Plans": [{"Node Type": "Bitmap Index Scan", "Parent Relationship": "Outer", "Index Name": "idx_orders_orderdate", "Startup Cost": 0.0, "Total Cost": 14585.71, "Plan Rows": 575746, "Plan Width": 0, "Index Cond": "((o_orderdate >= '1993-08-01 00:00:00'::timestamp(0) without time zone) AND (o_orderdate < '1993-11-01 00:00:00'::timestamp without time zone))"}]}]}]}, {"Node Type": "Hash", "Parent Relationship": "Inner", "Startup Cost": 52126.0, "Total Cost": 52126.0, "Plan Rows": 1500000, "Plan Width": 153, "Plans": [{"Node Type": "Seq Scan", "Parent Relationship": "Outer", "Relation Name": "customer", "Alias": "customer", "Startup Cost": 0.0, "Total Cost": 52126.0, "Plan Rows": 1500000, "Plan Width": 153}]}]}, {"Node Type": "Hash", "Parent Relationship": "Inner", "Startup Cost": 1.25, "Total Cost": 1.25, "Plan Rows": 25, "Plan Width": 30, "Plans": [{"Node Type": "Seq Scan", "Parent Relationship": "Outer", "Relation Name": "nation", "Alias": "nation", "Startup Cost": 0.0, "Total Cost": 1.25, "Plan Rows": 25, "Plan Width": 30}]}]}]}]}]}, "Unique SQL Id": 1604070524, "Planner Runtime": 1}, "explain_analyze_plan": {"Plan": {"Node Type": "Limit", "Startup Cost": 2741876.6, "Total Cost": 2741876.65, "Plan Rows": 20, "Plan Width": 191, "Actual Startup Time": 33004.147, "Actual Total Time": 33004.153, "Actual Rows": 20, "Actual Loops": 1, "Plans": [{"Node Type": "Sort", "Parent Relationship": "Outer", "Startup Cost": 2741876.6, "Total Cost": 2745491.35, "Plan Rows": 20, "Plan Width": 191, "Actual Startup Time": 33004.144, "Actual Total Time": 33004.147, "Actual Rows": 20, "Actual Loops": 1, "Sort Key": ["(sum((lineitem.l_extendedprice * (1::double precision - lineitem.l_discount)))) DESC"], "Sort Method": "top-N heapsort", "Sort Space Used": 35, "Sort Space Type": "Memory", "Plans": [{"Node Type": "Aggregate", "Strategy": "Hashed", "Parent Relationship": "Outer", "Startup Cost": 2688942.8, "Total Cost": 2703401.78, "Plan Rows": 1445898, "Plan Width": 191, "Actual Startup Time": 32671.075, "Actual Total Time": 32870.631, "Actual Rows": 381542, "Actual Loops": 1, "Group By Key": ["customer.c_custkey", "customer.c_name", "customer.c_acctbal", "customer.c_phone", "nation.n_name", "customer.c_address", "customer.c_comment"], "Plans": [{"Node Type": "Hash Join", "Parent Relationship": "Outer", "Join Type": "Inner", "Startup Cost": 377859.22, "Total Cost": 2652795.35, "Plan Rows": 1445898, "Plan Width": 191, "Actual Startup Time": 2461.198, "Actual Total Time": 30813.969, "Actual Rows": 1145969, "Actual Loops": 1, "Inner Unique": true, "Hash Cond": "(customer.c_nationkey = nation.n_nationkey), (LLVM Optimized, Jit Execute)", "Plans": [{"Node Type": "Hash Join", "Parent Relationship": "Outer", "Join Type": "Inner", "Startup Cost": 377857.66, "Total Cost": 2632912.69, "Plan Rows": 1445898, "Plan Width": 169, "Actual Startup Time": 2461.091, "Actual Total Time": 30352.238, "Actual Rows": 1145969, "Actual Loops": 1, "Inner Unique": true, "Hash Cond": "(orders.o_custkey = customer.c_custkey), (LLVM Optimized, Jit Execute)", "Plans": [{"Node Type": "Hash Join", "Parent Relationship": "Outer", "Join Type": "Inner", "Startup Cost": 306981.66, "Total Cost": 2542155.59, "Plan Rows": 1445898, "Plan Width": 24, "Actual Startup Time": 1151.523, "Actual Total Time": 28224.084, "Actual Rows": 1145969, "Actual Loops": 1, "Inner Unique": true, "Hash Cond": "(lineitem.l_orderkey = orders.o_orderkey), (LLVM Optimized, Jit Execute)", "Plans": [{"Node Type": "Seq Scan", "Parent Relationship": "Outer", "Relation Name": "lineitem", "Alias": "lineitem", "Startup Cost": 0.0, "Total Cost": 2165082.91, "Plan Rows": 14835209, "Plan Width": 24, "Actual Startup Time": 0.018, "Actual Total Time": 22374.177, "Actual Rows": 14808183, "Actual Loops": 1, "Filter": "(l_returnflag = 'R'::bpchar), (LLVM Optimized, Jit Execute)", "Rows Removed by Filter": 45177869}, {"Node Type": "Hash", "Parent Relationship": "Inner", "Startup Cost": 299784.84, "Total Cost": 299784.84, "Plan Rows": 575746, "Plan Width": 16, "Actual Startup Time": 1150.79, "Actual Total Time": 1150.79, "Actual Rows": 573635, "Actual Loops": 1, "Hash Buckets": 1048576, "Hash Batches": 1, "Original Hash Batches": 1, "Peak Memory Usage": 26890, "Plans": [{"Node Type": "Bitmap Heap Scan", "Parent Relationship": "Outer", "Relation Name": "orders", "Alias": "orders", "Startup Cost": 14729.65, "Total Cost": 299784.84, "Plan Rows": 575746, "Plan Width": 16, "Actual Startup Time": 240.926, "Actual Total Time": 939.038, "Actual Rows": 573635, "Actual Loops": 1, "Recheck Cond": "((o_orderdate >= '1993-08-01 00:00:00'::timestamp(0) without time zone) AND (o_orderdate < '1993-11-01 00:00:00'::timestamp without time zone)), (LLVM Optimized, Jit Execute)", "Rows Removed by Index Recheck": 0, "Exact Heap Blocks": 242860, "Lossy Heap Blocks": 242860, "Plans": [{"Node Type": "Bitmap Index Scan", "Parent Relationship": "Outer", "Index Name": "idx_orders_orderdate", "Startup Cost": 0.0, "Total Cost": 14585.71, "Plan Rows": 575746, "Plan Width": 0, "Actual Startup Time": 164.914, "Actual Total Time": 164.914, "Actual Rows": 573635, "Actual Loops": 1, "Index Cond": "((o_orderdate >= '1993-08-01 00:00:00'::timestamp(0) without time zone) AND (o_orderdate < '1993-11-01 00:00:00'::timestamp without time zone))"}]}]}]}, {"Node Type": "Hash", "Parent Relationship": "Inner", "Startup Cost": 52126.0, "Total Cost": 52126.0, "Plan Rows": 1500000, "Plan Width": 153, "Actual Startup Time": 1307.083, "Actual Total Time": 1307.083, "Actual Rows": 1500000, "Actual Loops": 1, "Hash Buckets": 2097152, "Hash Batches": 1, "Original Hash Batches": 1, "Peak Memory Usage": 282695, "Plans": [{"Node Type": "Seq Scan", "Parent Relationship": "Outer", "Relation Name": "customer", "Alias": "customer", "Startup Cost": 0.0, "Total Cost": 52126.0, "Plan Rows": 1500000, "Plan Width": 153, "Actual Startup Time": 0.025, "Actual Total Time": 597.485, "Actual Rows": 1500000, "Actual Loops": 1}]}]}, {"Node Type": "Hash", "Parent Relationship": "Inner", "Startup Cost": 1.25, "Total Cost": 1.25, "Plan Rows": 25, "Plan Width": 30, "Actual Startup Time": 0.036, "Actual Total Time": 0.036, "Actual Rows": 25, "Actual Loops": 1, "Hash Buckets": 32768, "Hash Batches": 1, "Original Hash Batches": 1, "Peak Memory Usage": 2, "Plans": [{"Node Type": "Seq Scan", "Parent Relationship": "Outer", "Relation Name": "nation", "Alias": "nation", "Startup Cost": 0.0, "Total Cost": 1.25, "Plan Rows": 25, "Plan Width": 30, "Actual Startup Time": 0.014, "Actual Total Time": 0.021, "Actual Rows": 25, "Actual Loops": 1}]}]}]}]}]}, "Triggers": [], "Planner Runtime": 0, "Total Runtime": 33015.458, "Unique SQL Id": 1604070524}}, "(1, 7)": {"explain_plan": {"Plan": {"Node Type": "Limit", "Startup Cost": 13443415.76, "Total Cost": 13443415.81, "Plan Rows": 20, "Plan Width": 191, "Plans": [{"Node Type": "Sort", "Parent Relationship": "Outer", "Startup Cost": 13443415.76, "Total Cost": 13447030.51, "Plan Rows": 20, "Plan Width": 191, "Sort Key": ["(sum((lineitem.l_extendedprice * (1::double precision - lineitem.l_discount)))) DESC"], "Plans": [{"Node Type": "Aggregate", "Strategy": "Hashed", "Parent Relationship": "Outer", "Startup Cost": 13390481.96, "Total Cost": 13404940.94, "Plan Rows": 1445898, "Plan Width": 191, "Group By Key": ["customer.c_custkey", "customer.c_name", "customer.c_acctbal", "customer.c_phone", "nation.n_name", "customer.c_address", "customer.c_comment"], "Plans": [{"Node Type": "Nested Loop", "Parent Relationship": "Outer", "Join Type": "Inner", "Startup Cost": 14732.12, "Total Cost": 13354334.51, "Plan Rows": 1445898, "Plan Width": 191, "Inner Unique": false, "Plans": [{"Node Type": "Nested Loop", "Parent Relationship": "Outer", "Join Type": "Inner", "Startup Cost": 14730.2, "Total Cost": 5249597.54, "Plan Rows": 575746, "Plan Width": 183, "Inner Unique": true, "Plans": [{"Node Type": "Nested Loop", "Parent Relationship": "Outer", "Join Type": "Inner", "Startup Cost": 14729.94, "Total Cost": 2785257.65, "Plan Rows": 575746, "Plan Width": 161, "Inner Unique": true, "Plans": [{"Node Type": "Bitmap Heap Scan", "Parent Relationship": "Outer", "Relation Name": "orders", "Alias": "orders", "Startup Cost": 14729.65, "Total Cost": 299784.84, "Plan Rows": 575746, "Plan Width": 16, "Recheck Cond": "((o_orderdate >= '1993-08-01 00:00:00'::timestamp(0) without time zone) AND (o_orderdate < '1993-11-01 00:00:00'::timestamp without time zone)), (LLVM Optimized)", "Plans": [{"Node Type": "Bitmap Index Scan", "Parent Relationship": "Outer", "Index Name": "idx_orders_orderdate", "Startup Cost": 0.0, "Total Cost": 14585.71, "Plan Rows": 575746, "Plan Width": 0, "Index Cond": "((o_orderdate >= '1993-08-01 00:00:00'::timestamp(0) without time zone) AND (o_orderdate < '1993-11-01 00:00:00'::timestamp without time zone))"}]}, {"Node Type": "Bitmap Heap Scan", "Parent Relationship": "Inner", "Relation Name": "customer", "Alias": "customer", "Startup Cost": 0.29, "Total Cost": 4.31, "Plan Rows": 1, "Plan Width": 153, "Recheck Cond": "(c_custkey = orders.o_custkey)", "Plans": [{"Node Type": "Bitmap Index Scan", "Parent Relationship": "Outer", "Index Name": "customer_pkey", "Startup Cost": 0.0, "Total Cost": 0.29, "Plan Rows": 1, "Plan Width": 0, "Index Cond": "(c_custkey = orders.o_custkey)"}]}]}, {"Node Type": "Bitmap Heap Scan", "Parent Relationship": "Inner", "Relation Name": "nation", "Alias": "nation", "Startup Cost": 0.26, "Total Cost": 4.27, "Plan Rows": 1, "Plan Width": 30, "Recheck Cond": "(n_nationkey = customer.c_nationkey)", "Plans": [{"Node Type": "Bitmap Index Scan", "Parent Relationship": "Outer", "Index Name": "nation_pkey", "Startup Cost": 0.0, "Total Cost": 0.26, "Plan Rows": 1, "Plan Width": 0, "Index Cond": "(n_nationkey = customer.c_nationkey)"}]}]}, {"Node Type": "Bitmap Heap Scan", "Parent Relationship": "Inner", "Relation Name": "lineitem", "Alias": "lineitem", "Startup Cost": 1.93, "Total Cost": 14.05, "Plan Rows": 3, "Plan Width": 24, "Recheck Cond": "(l_orderkey = orders.o_orderkey)", "Filter": "(l_returnflag = 'R'::bpchar)", "Plans": [{"Node Type": "Bitmap Index Scan", "Parent Relationship": "Outer", "Index Name": "idx_lineitem_orderkey", "Startup Cost": 0.0, "Total Cost": 1.92, "Plan Rows": 9, "Plan Width": 0, "Index Cond": "(l_orderkey = orders.o_orderkey)"}]}]}]}]}]}, "Unique SQL Id": 1604070524, "Planner Runtime": 1}, "explain_analyze_plan": {"Plan": {"Node Type": "Limit", "Startup Cost": 13443415.76, "Total Cost": 13443415.81, "Plan Rows": 20, "Plan Width": 191, "Actual Startup Time": 17197.212, "Actual Total Time": 17197.217, "Actual Rows": 20, "Actual Loops": 1, "Plans": [{"Node Type": "Sort", "Parent Relationship": "Outer", "Startup Cost": 13443415.76, "Total Cost": 13447030.51, "Plan Rows": 20, "Plan Width": 191, "Actual Startup Time": 17197.208, "Actual Total Time": 17197.21, "Actual Rows": 20, "Actual Loops": 1, "Sort Key": ["(sum((lineitem.l_extendedprice * (1::double precision - lineitem.l_discount)))) DESC"], "Sort Method": "top-N heapsort", "Sort Space Used": 35, "Sort Space Type": "Memory", "Plans": [{"Node Type": "Aggregate", "Strategy": "Hashed", "Parent Relationship": "Outer", "Startup Cost": 13390481.96, "Total Cost": 13404940.94, "Plan Rows": 1445898, "Plan Width": 191, "Actual Startup Time": 16740.682, "Actual Total Time": 17059.666, "Actual Rows": 381542, "Actual Loops": 1, "Group By Key": ["customer.c_custkey", "customer.c_name", "customer.c_acctbal", "customer.c_phone", "nation.n_name", "customer.c_address", "customer.c_comment"], "Plans": [{"Node Type": "Nested Loop", "Parent Relationship": "Outer", "Join Type": "Inner", "Startup Cost": 14732.12, "Total Cost": 13354334.51, "Plan Rows": 1445898, "Plan Width": 191, "Actual Startup Time": 238.524, "Actual Total Time": 14766.149, "Actual Rows": 1145969, "Actual Loops": 1, "Inner Unique": false, "Plans": [{"Node Type": "Nested Loop", "Parent Relationship": "Outer", "Join Type": "Inner", "Startup Cost": 14730.2, "Total Cost": 5249597.54, "Plan Rows": 575746, "Plan Width": 183, "Actual Startup Time": 238.474, "Actual Total Time": 8454.028, "Actual Rows": 573635, "Actual Loops": 1, "Inner Unique": true, "Plans": [{"Node Type": "Nested Loop", "Parent Relationship": "Outer", "Join Type": "Inner", "Startup Cost": 14729.94, "Total Cost": 2785257.65, "Plan Rows": 575746, "Plan Width": 161, "Actual Startup Time": 238.424, "Actual Total Time": 6266.051, "Actual Rows": 573635, "Actual Loops": 1, "Inner Unique": true, "Plans": [{"Node Type": "Bitmap Heap Scan", "Parent Relationship": "Outer", "Relation Name": "orders", "Alias": "orders", "Startup Cost": 14729.65, "Total Cost": 299784.84, "Plan Rows": 575746, "Plan Width": 16, "Actual Startup Time": 238.197, "Actual Total Time": 1069.489, "Actual Rows": 573635, "Actual Loops": 1, "Recheck Cond": "((o_orderdate >= '1993-08-01 00:00:00'::timestamp(0) without time zone) AND (o_orderdate < '1993-11-01 00:00:00'::timestamp without time zone)), (LLVM Optimized, Jit Execute)", "Rows Removed by Index Recheck": 0, "Exact Heap Blocks": 242860, "Lossy Heap Blocks": 242860, "Plans": [{"Node Type": "Bitmap Index Scan", "Parent Relationship": "Outer", "Index Name": "idx_orders_orderdate", "Startup Cost": 0.0, "Total Cost": 14585.71, "Plan Rows": 575746, "Plan Width": 0, "Actual Startup Time": 163.236, "Actual Total Time": 163.236, "Actual Rows": 573635, "Actual Loops": 1, "Index Cond": "((o_orderdate >= '1993-08-01 00:00:00'::timestamp(0) without time zone) AND (o_orderdate < '1993-11-01 00:00:00'::timestamp without time zone))"}]}, {"Node Type": "Bitmap Heap Scan", "Parent Relationship": "Inner", "Relation Name": "customer", "Alias": "customer", "Startup Cost": 0.29, "Total Cost": 4.31, "Plan Rows": 1, "Plan Width": 153, "Actual Startup Time": 4318.454, "Actual Total Time": 4318.454, "Actual Rows": 573635, "Actual Loops": 573635, "Recheck Cond": "(c_custkey = orders.o_custkey)", "Rows Removed by Index Recheck": 0, "Exact Heap Blocks": 573635, "Lossy Heap Blocks": 573635, "Plans": [{"Node Type": "Bitmap Index Scan", "Parent Relationship": "Outer", "Index Name": "customer_pkey", "Startup Cost": 0.0, "Total Cost": 0.29, "Plan Rows": 1, "Plan Width": 0, "Actual Startup Time": 2664.814, "Actual Total Time": 2664.814, "Actual Rows": 573635, "Actual Loops": 573635, "Index Cond": "(c_custkey = orders.o_custkey)"}]}]}, {"Node Type": "Bitmap Heap Scan", "Parent Relationship": "Inner", "Relation Name": "nation", "Alias": "nation", "Startup Cost": 0.26, "Total Cost": 4.27, "Plan Rows": 1, "Plan Width": 30, "Actual Startup Time": 1395.278, "Actual Total Time": 1395.278, "Actual Rows": 573635, "Actual Loops": 573635, "Recheck Cond": "(n_nationkey = customer.c_nationkey)", "Rows Removed by Index Recheck": 0, "Exact Heap Blocks": 573635, "Lossy Heap Blocks": 573635, "Plans": [{"Node Type": "Bitmap Index Scan", "Parent Relationship": "Outer", "Index Name": "nation_pkey", "Startup Cost": 0.0, "Total Cost": 0.26, "Plan Rows": 1, "Plan Width": 0, "Actual Startup Time": 608.282, "Actual Total Time": 608.282, "Actual Rows": 573635, "Actual Loops": 573635, "Index Cond": "(n_nationkey = customer.c_nationkey)"}]}]}, {"Node Type": "Bitmap Heap Scan", "Parent Relationship": "Inner", "Relation Name": "lineitem", "Alias": "lineitem", "Startup Cost": 1.93, "Total Cost": 14.05, "Plan Rows": 3, "Plan Width": 24, "Actual Startup Time": 4824.259, "Actual Total Time": 5354.044, "Actual Rows": 1145969, "Actual Loops": 573635, "Recheck Cond": "(l_orderkey = orders.o_orderkey)", "Rows Removed by Index Recheck": 0, "Filter": "(l_returnflag = 'R'::bpchar)", "Rows Removed by Filter": 1146896, "Exact Heap Blocks": 614400, "Lossy Heap Blocks": 614400, "Plans": [{"Node Type": "Bitmap Index Scan", "Parent Relationship": "Outer", "Index Name": "idx_lineitem_orderkey", "Startup Cost": 0.0, "Total Cost": 1.92, "Plan Rows": 9, "Plan Width": 0, "Actual Startup Time": 2480.858, "Actual Total Time": 2480.858, "Actual Rows": 2292865, "Actual Loops": 573635, "Index Cond": "(l_orderkey = orders.o_orderkey)"}]}]}]}]}]}, "Triggers": [], "Planner Runtime": 0, "Total Runtime": 17207.36, "Unique SQL Id": 1604070524}}, "(1, 8)": {"explain_plan": {"Plan": {"Node Type": "Limit", "Startup Cost": 2943502.95, "Total Cost": 2943503.0, "Plan Rows": 20, "Plan Width": 191, "Plans": [{"Node Type": "Sort", "Parent Relationship": "Outer", "Startup Cost": 2943502.95, "Total Cost": 2947117.69, "Plan Rows": 20, "Plan Width": 191, "Sort Key": ["(sum((lineitem.l_extendedprice * (1::double precision - lineitem.l_discount)))) DESC"], "Plans": [{"Node Type": "Aggregate", "Strategy": "Hashed", "Parent Relationship": "Outer", "Startup Cost": 2890569.14, "Total Cost": 2905028.12, "Plan Rows": 1445898, "Plan Width": 191, "Group By Key": ["customer.c_custkey", "customer.c_name", "customer.c_acctbal", "customer.c_phone", "nation.n_name", "customer.c_address", "customer.c_comment"], "Plans": [{"Node Type": "Hash Join", "Parent Relationship": "Outer", "Join Type": "Inner", "Startup Cost": 579485.57, "Total Cost": 2854421.69, "Plan Rows": 1445898, "Plan Width": 191, "Inner Unique": true, "Hash Cond": "(customer.c_nationkey = nation.n_nationkey), (LLVM Optimized)", "Plans": [{"Node Type": "Hash Join", "Parent Relationship": "Outer", "Join Type": "Inner", "Startup Cost": 579484.01, "Total Cost": 2834539.03, "Plan Rows": 1445898, "Plan Width": 169, "Inner Unique": true, "Hash Cond": "(orders.o_custkey = customer.c_custkey), (LLVM Optimized)", "Plans": [{"Node Type": "Hash Join", "Parent Relationship": "Outer", "Join Type": "Inner", "Startup Cost": 508608.01, "Total Cost": 2743781.94, "Plan Rows": 1445898, "Plan Width": 24, "Inner Unique": true, "Hash Cond": "(lineitem.l_orderkey = orders.o_orderkey), (LLVM Optimized)", "Plans": [{"Node Type": "Seq Scan", "Parent Relationship": "Outer", "Relation Name": "lineitem", "Alias": "lineitem", "Startup Cost": 0.0, "Total Cost": 2165082.91, "Plan Rows": 14835209, "Plan Width": 24, "Filter": "(l_returnflag = 'R'::bpchar), (LLVM Optimized)"}, {"Node Type": "Hash", "Parent Relationship": "Inner", "Startup Cost": 501411.18, "Total Cost": 501411.18, "Plan Rows": 575746, "Plan Width": 16, "Plans": [{"Node Type": "Seq Scan", "Parent Relationship": "Outer", "Relation Name": "orders", "Alias": "orders", "Startup Cost": 578.97, "Total Cost": 501411.18, "Plan Rows": 575746, "Plan Width": 16, "Filter": "((o_orderdate >= '1993-08-01 00:00:00'::timestamp(0) without time zone) AND (o_orderdate < '1993-11-01 00:00:00'::timestamp without time zone)), (LLVM Optimized)"}]}]}, {"Node Type": "Hash", "Parent Relationship": "Inner", "Startup Cost": 52126.0, "Total Cost": 52126.0, "Plan Rows": 1500000, "Plan Width": 153, "Plans": [{"Node Type": "Seq Scan", "Parent Relationship": "Outer", "Relation Name": "customer", "Alias": "customer", "Startup Cost": 0.0, "Total Cost": 52126.0, "Plan Rows": 1500000, "Plan Width": 153}]}]}, {"Node Type": "Hash", "Parent Relationship": "Inner", "Startup Cost": 1.25, "Total Cost": 1.25, "Plan Rows": 25, "Plan Width": 30, "Plans": [{"Node Type": "Seq Scan", "Parent Relationship": "Outer", "Relation Name": "nation", "Alias": "nation", "Startup Cost": 0.0, "Total Cost": 1.25, "Plan Rows": 25, "Plan Width": 30}]}]}]}]}]}, "Unique SQL Id": 1604070524, "Planner Runtime": 1}, "explain_analyze_plan": {"Plan": {"Node Type": "Limit", "Startup Cost": 2943502.95, "Total Cost": 2943503.0, "Plan Rows": 20, "Plan Width": 191, "Actual Startup Time": 37507.07, "Actual Total Time": 37507.078, "Actual Rows": 20, "Actual Loops": 1, "Plans": [{"Node Type": "Sort", "Parent Relationship": "Outer", "Startup Cost": 2943502.95, "Total Cost": 2947117.69, "Plan Rows": 20, "Plan Width": 191, "Actual Startup Time": 37507.067, "Actual Total Time": 37507.072, "Actual Rows": 20, "Actual Loops": 1, "Sort Key": ["(sum((lineitem.l_extendedprice * (1::double precision - lineitem.l_discount)))) DESC"], "Sort Method": "top-N heapsort", "Sort Space Used": 35, "Sort Space Type": "Memory", "Plans": [{"Node Type": "Aggregate", "Strategy": "Hashed", "Parent Relationship": "Outer", "Startup Cost": 2890569.14, "Total Cost": 2905028.12, "Plan Rows": 1445898, "Plan Width": 191, "Actual Startup Time": 37011.07, "Actual Total Time": 37368.13, "Actual Rows": 381542, "Actual Loops": 1, "Group By Key": ["customer.c_custkey", "customer.c_name", "customer.c_acctbal", "customer.c_phone", "nation.n_name", "customer.c_address", "customer.c_comment"], "Plans": [{"Node Type": "Hash Join", "Parent Relationship": "Outer", "Join Type": "Inner", "Startup Cost": 579485.57, "Total Cost": 2854421.69, "Plan Rows": 1445898, "Plan Width": 191, "Actual Startup Time": 6752.103, "Actual Total Time": 35154.298, "Actual Rows": 1145969, "Actual Loops": 1, "Inner Unique": true, "Hash Cond": "(customer.c_nationkey = nation.n_nationkey), (LLVM Optimized, Jit Execute)", "Plans": [{"Node Type": "Hash Join", "Parent Relationship": "Outer", "Join Type": "Inner", "Startup Cost": 579484.01, "Total Cost": 2834539.03, "Plan Rows": 1445898, "Plan Width": 169, "Actual Startup Time": 6752.0, "Actual Total Time": 34685.986, "Actual Rows": 1145969, "Actual Loops": 1, "Inner Unique": true, "Hash Cond": "(orders.o_custkey = customer.c_custkey), (LLVM Optimized, Jit Execute)", "Plans": [{"Node Type": "Hash Join", "Parent Relationship": "Outer", "Join Type": "Inner", "Startup Cost": 508608.01, "Total Cost": 2743781.94, "Plan Rows": 1445898, "Plan Width": 24, "Actual Startup Time": 5507.657, "Actual Total Time": 32610.074, "Actual Rows": 1145969, "Actual Loops": 1, "Inner Unique": true, "Hash Cond": "(lineitem.l_orderkey = orders.o_orderkey), (LLVM Optimized, Jit Execute)", "Plans": [{"Node Type": "Seq Scan", "Parent Relationship": "Outer", "Relation Name": "lineitem", "Alias": "lineitem", "Startup Cost": 0.0, "Total Cost": 2165082.91, "Plan Rows": 14835209, "Plan Width": 24, "Actual Startup Time": 0.018, "Actual Total Time": 22339.025, "Actual Rows": 14808183, "Actual Loops": 1, "Filter": "(l_returnflag = 'R'::bpchar), (LLVM Optimized, Jit Execute)", "Rows Removed by Filter": 45177869}, {"Node Type": "Hash", "Parent Relationship": "Inner", "Startup Cost": 501411.18, "Total Cost": 501411.18, "Plan Rows": 575746, "Plan Width": 16, "Actual Startup Time": 5506.946, "Actual Total Time": 5506.946, "Actual Rows": 573635, "Actual Loops": 1, "Hash Buckets": 1048576, "Hash Batches": 1, "Original Hash Batches": 1, "Peak Memory Usage": 26890, "Plans": [{"Node Type": "Seq Scan", "Parent Relationship": "Outer", "Relation Name": "orders", "Alias": "orders", "Startup Cost": 578.97, "Total Cost": 501411.18, "Plan Rows": 575746, "Plan Width": 16, "Actual Startup Time": 0.026, "Actual Total Time": 5235.253, "Actual Rows": 573635, "Actual Loops": 1, "Filter": "((o_orderdate >= '1993-08-01 00:00:00'::timestamp(0) without time zone) AND (o_orderdate < '1993-11-01 00:00:00'::timestamp without time zone)), (LLVM Optimized, Jit Execute)", "Rows Removed by Filter": 14426365}]}]}, {"Node Type": "Hash", "Parent Relationship": "Inner", "Startup Cost": 52126.0, "Total Cost": 52126.0, "Plan Rows": 1500000, "Plan Width": 153, "Actual Startup Time": 1243.058, "Actual Total Time": 1243.058, "Actual Rows": 1500000, "Actual Loops": 1, "Hash Buckets": 2097152, "Hash Batches": 1, "Original Hash Batches": 1, "Peak Memory Usage": 282695, "Plans": [{"Node Type": "Seq Scan", "Parent Relationship": "Outer", "Relation Name": "customer", "Alias": "customer", "Startup Cost": 0.0, "Total Cost": 52126.0, "Plan Rows": 1500000, "Plan Width": 153, "Actual Startup Time": 0.021, "Actual Total Time": 589.55, "Actual Rows": 1500000, "Actual Loops": 1}]}]}, {"Node Type": "Hash", "Parent Relationship": "Inner", "Startup Cost": 1.25, "Total Cost": 1.25, "Plan Rows": 25, "Plan Width": 30, "Actual Startup Time": 0.054, "Actual Total Time": 0.054, "Actual Rows": 25, "Actual Loops": 1, "Hash Buckets": 32768, "Hash Batches": 1, "Original Hash Batches": 1, "Peak Memory Usage": 2, "Plans": [{"Node Type": "Seq Scan", "Parent Relationship": "Outer", "Relation Name": "nation", "Alias": "nation", "Startup Cost": 0.0, "Total Cost": 1.25, "Plan Rows": 25, "Plan Width": 30, "Actual Startup Time": 0.025, "Actual Total Time": 0.031, "Actual Rows": 25, "Actual Loops": 1}]}]}]}]}]}, "Triggers": [], "Planner Runtime": 0, "Total Runtime": 37517.838, "Unique SQL Id": 1604070524}}, "(1, 9)": {"explain_plan": {"Plan": {"Node Type": "Limit", "Startup Cost": 4127035.84, "Total Cost": 4127035.89, "Plan Rows": 20, "Plan Width": 191, "Plans": [{"Node Type": "Sort", "Parent Relationship": "Outer", "Startup Cost": 4127035.84, "Total Cost": 4130650.58, "Plan Rows": 20, "Plan Width": 191, "Sort Key": ["(sum((lineitem.l_extendedprice * (1::double precision - lineitem.l_discount)))) DESC"], "Plans": [{"Node Type": "Aggregate", "Strategy": "Hashed", "Parent Relationship": "Outer", "Startup Cost": 4074102.03, "Total Cost": 4088561.01, "Plan Rows": 1445898, "Plan Width": 191, "Group By Key": ["customer.c_custkey", "customer.c_name", "customer.c_acctbal", "customer.c_phone", "nation.n_name", "customer.c_address", "customer.c_comment"], "Plans": [{"Node Type": "Nested Loop", "Parent Relationship": "Outer", "Join Type": "Inner", "Startup Cost": 99528.29, "Total Cost": 4037954.58, "Plan Rows": 1445898, "Plan Width": 191, "Inner Unique": false, "Plans": [{"Node Type": "Hash Join", "Parent Relationship": "Outer", "Join Type": "Inner", "Startup Cost": 99528.29, "Total Cost": 921337.14, "Plan Rows": 575746, "Plan Width": 183, "Inner Unique": true, "Hash Cond": "(customer.c_nationkey = nation.n_nationkey), (LLVM Optimized)", "Plans": [{"Node Type": "Hash Join", "Parent Relationship": "Outer", "Join Type": "Inner", "Startup Cost": 99515.36, "Total Cost": 913407.69, "Plan Rows": 575746, "Plan Width": 161, "Inner Unique": true, "Hash Cond": "(orders.o_custkey = customer.c_custkey), (LLVM Optimized)", "Plans": [{"Node Type": "Index Scan", "Parent Relationship": "Outer", "Scan Direction": "Forward", "Index Name": "orders_pkey", "Relation Name": "orders", "Alias": "orders", "Startup Cost": 0.0, "Total Cost": 805975.83, "Plan Rows": 575746, "Plan Width": 16, "Filter": "((o_orderdate >= '1993-08-01 00:00:00'::timestamp(0) without time zone) AND (o_orderdate < '1993-11-01 00:00:00'::timestamp without time zone)), (LLVM Optimized)"}, {"Node Type": "Hash", "Parent Relationship": "Inner", "Startup Cost": 80765.36, "Total Cost": 80765.36, "Plan Rows": 1500000, "Plan Width": 153, "Plans": [{"Node Type": "Index Scan", "Parent Relationship": "Outer", "Scan Direction": "Forward", "Index Name": "customer_pkey", "Relation Name": "customer", "Alias": "customer", "Startup Cost": 0.0, "Total Cost": 80765.36, "Plan Rows": 1500000, "Plan Width": 153}]}]}, {"Node Type": "Hash", "Parent Relationship": "Inner", "Startup Cost": 12.62, "Total Cost": 12.62, "Plan Rows": 25, "Plan Width": 30, "Plans": [{"Node Type": "Index Scan", "Parent Relationship": "Outer", "Scan Direction": "Forward", "Index Name": "nation_pkey", "Relation Name": "nation", "Alias": "nation", "Startup Cost": 0.0, "Total Cost": 12.62, "Plan Rows": 25, "Plan Width": 30}]}]}, {"Node Type": "Index Scan", "Parent Relationship": "Inner", "Scan Direction": "Forward", "Index Name": "idx_lineitem_orderkey", "Relation Name": "lineitem", "Alias": "lineitem", "Startup Cost": 0.0, "Total Cost": 5.38, "Plan Rows": 3, "Plan Width": 24, "Index Cond": "(l_orderkey = orders.o_orderkey)", "Filter": "(l_returnflag = 'R'::bpchar)"}]}]}]}]}, "Unique SQL Id": 1604070524, "Planner Runtime": 1}, "explain_analyze_plan": {"Plan": {"Node Type": "Limit", "Startup Cost": 4127035.84, "Total Cost": 4127035.89, "Plan Rows": 20, "Plan Width": 191, "Actual Startup Time": 21936.277, "Actual Total Time": 21936.283, "Actual Rows": 20, "Actual Loops": 1, "Plans": [{"Node Type": "Sort", "Parent Relationship": "Outer", "Startup Cost": 4127035.84, "Total Cost": 4130650.58, "Plan Rows": 20, "Plan Width": 191, "Actual Startup Time": 21936.274, "Actual Total Time": 21936.279, "Actual Rows": 20, "Actual Loops": 1, "Sort Key": ["(sum((lineitem.l_extendedprice * (1::double precision - lineitem.l_discount)))) DESC"], "Sort Method": "top-N heapsort", "Sort Space Used": 35, "Sort Space Type": "Memory", "Plans": [{"Node Type": "Aggregate", "Strategy": "Hashed", "Parent Relationship": "Outer", "Startup Cost": 4074102.03, "Total Cost": 4088561.01, "Plan Rows": 1445898, "Plan Width": 191, "Actual Startup Time": 21602.846, "Actual Total Time": 21802.074, "Actual Rows": 381542, "Actual Loops": 1, "Group By Key": ["customer.c_custkey", "customer.c_name", "customer.c_acctbal", "customer.c_phone", "nation.n_name", "customer.c_address", "customer.c_comment"], "Plans": [{"Node Type": "Nested Loop", "Parent Relationship": "Outer", "Join Type": "Inner", "Startup Cost": 99528.29, "Total Cost": 4037954.58, "Plan Rows": 1445898, "Plan Width": 191, "Actual Startup Time": 2126.954, "Actual Total Time": 19667.735, "Actual Rows": 1145969, "Actual Loops": 1, "Inner Unique": false, "Plans": [{"Node Type": "Hash Join", "Parent Relationship": "Outer", "Join Type": "Inner", "Startup Cost": 99528.29, "Total Cost": 921337.14, "Plan Rows": 575746, "Plan Width": 183, "Actual Startup Time": 2126.802, "Actual Total Time": 13808.845, "Actual Rows": 573635, "Actual Loops": 1, "Inner Unique": true, "Hash Cond": "(customer.c_nationkey = nation.n_nationkey), (LLVM Optimized, Jit Execute)", "Plans": [{"Node Type": "Hash Join", "Parent Relationship": "Outer", "Join Type": "Inner", "Startup Cost": 99515.36, "Total Cost": 913407.69, "Plan Rows": 575746, "Plan Width": 161, "Actual Startup Time": 2126.692, "Actual Total Time": 13557.509, "Actual Rows": 573635, "Actual Loops": 1, "Inner Unique": true, "Hash Cond": "(orders.o_custkey = customer.c_custkey), (LLVM Optimized, Jit Execute)", "Plans": [{"Node Type": "Index Scan", "Parent Relationship": "Outer", "Scan Direction": "Forward", "Index Name": "orders_pkey", "Relation Name": "orders", "Alias": "orders", "Startup Cost": 0.0, "Total Cost": 805975.83, "Plan Rows": 575746, "Plan Width": 16, "Actual Startup Time": 0.031, "Actual Total Time": 10741.931, "Actual Rows": 573635, "Actual Loops": 1, "Filter": "((o_orderdate >= '1993-08-01 00:00:00'::timestamp(0) without time zone) AND (o_orderdate < '1993-11-01 00:00:00'::timestamp without time zone)), (LLVM Optimized, Jit Execute)", "Rows Removed by Filter": 14426365}, {"Node Type": "Hash", "Parent Relationship": "Inner", "Startup Cost": 80765.36, "Total Cost": 80765.36, "Plan Rows": 1500000, "Plan Width": 153, "Actual Startup Time": 2124.217, "Actual Total Time": 2124.217, "Actual Rows": 1500000, "Actual Loops": 1, "Hash Buckets": 2097152, "Hash Batches": 1, "Original Hash Batches": 1, "Peak Memory Usage": 282695, "Plans": [{"Node Type": "Index Scan", "Parent Relationship": "Outer", "Scan Direction": "Forward", "Index Name": "customer_pkey", "Relation Name": "customer", "Alias": "customer", "Startup Cost": 0.0, "Total Cost": 80765.36, "Plan Rows": 1500000, "Plan Width": 153, "Actual Startup Time": 0.022, "Actual Total Time": 1241.581, "Actual Rows": 1500000, "Actual Loops": 1}]}]}, {"Node Type": "Hash", "Parent Relationship": "Inner", "Startup Cost": 12.62, "Total Cost": 12.62, "Plan Rows": 25, "Plan Width": 30, "Actual Startup Time": 0.046, "Actual Total Time": 0.046, "Actual Rows": 25, "Actual Loops": 1, "Hash Buckets": 32768, "Hash Batches": 1, "Original Hash Batches": 1, "Peak Memory Usage": 2, "Plans": [{"Node Type": "Index Scan", "Parent Relationship": "Outer", "Scan Direction": "Forward", "Index Name": "nation_pkey", "Relation Name": "nation", "Alias": "nation", "Startup Cost": 0.0, "Total Cost": 12.62, "Plan Rows": 25, "Plan Width": 30, "Actual Startup Time": 0.014, "Actual Total Time": 0.032, "Actual Rows": 25, "Actual Loops": 1}]}]}, {"Node Type": "Index Scan", "Parent Relationship": "Inner", "Scan Direction": "Forward", "Index Name": "idx_lineitem_orderkey", "Relation Name": "lineitem", "Alias": "lineitem", "Startup Cost": 0.0, "Total Cost": 5.38, "Plan Rows": 3, "Plan Width": 24, "Actual Startup Time": 3945.434, "Actual Total Time": 5206.896, "Actual Rows": 1145969, "Actual Loops": 573635, "Index Cond": "(l_orderkey = orders.o_orderkey)", "Rows Removed by Index Recheck": 0, "Filter": "(l_returnflag = 'R'::bpchar)", "Rows Removed by Filter": 1146896}]}]}]}]}, "Triggers": [], "Planner Runtime": 0, "Total Runtime": 21946.72, "Unique SQL Id": 1604070524}}, "(1, 10)": {"explain_plan": {"Plan": {"Node Type": "Limit", "Startup Cost": 2943502.95, "Total Cost": 2943503.0, "Plan Rows": 20, "Plan Width": 191, "Plans": [{"Node Type": "Sort", "Parent Relationship": "Outer", "Startup Cost": 2943502.95, "Total Cost": 2947117.69, "Plan Rows": 20, "Plan Width": 191, "Sort Key": ["(sum((lineitem.l_extendedprice * (1::double precision - lineitem.l_discount)))) DESC"], "Plans": [{"Node Type": "Aggregate", "Strategy": "Hashed", "Parent Relationship": "Outer", "Startup Cost": 2890569.14, "Total Cost": 2905028.12, "Plan Rows": 1445898, "Plan Width": 191, "Group By Key": ["customer.c_custkey", "customer.c_name", "customer.c_acctbal", "customer.c_phone", "nation.n_name", "customer.c_address", "customer.c_comment"], "Plans": [{"Node Type": "Hash Join", "Parent Relationship": "Outer", "Join Type": "Inner", "Startup Cost": 579485.57, "Total Cost": 2854421.69, "Plan Rows": 1445898, "Plan Width": 191, "Inner Unique": true, "Hash Cond": "(customer.c_nationkey = nation.n_nationkey), (LLVM Optimized)", "Plans": [{"Node Type": "Hash Join", "Parent Relationship": "Outer", "Join Type": "Inner", "Startup Cost": 579484.01, "Total Cost": 2834539.03, "Plan Rows": 1445898, "Plan Width": 169, "Inner Unique": true, "Hash Cond": "(orders.o_custkey = customer.c_custkey), (LLVM Optimized)", "Plans": [{"Node Type": "Hash Join", "Parent Relationship": "Outer", "Join Type": "Inner", "Startup Cost": 508608.01, "Total Cost": 2743781.94, "Plan Rows": 1445898, "Plan Width": 24, "Inner Unique": true, "Hash Cond": "(lineitem.l_orderkey = orders.o_orderkey), (LLVM Optimized)", "Plans": [{"Node Type": "Seq Scan", "Parent Relationship": "Outer", "Relation Name": "lineitem", "Alias": "lineitem", "Startup Cost": 0.0, "Total Cost": 2165082.91, "Plan Rows": 14835209, "Plan Width": 24, "Filter": "(l_returnflag = 'R'::bpchar), (LLVM Optimized)"}, {"Node Type": "Hash", "Parent Relationship": "Inner", "Startup Cost": 501411.18, "Total Cost": 501411.18, "Plan Rows": 575746, "Plan Width": 16, "Plans": [{"Node Type": "Seq Scan", "Parent Relationship": "Outer", "Relation Name": "orders", "Alias": "orders", "Startup Cost": 578.97, "Total Cost": 501411.18, "Plan Rows": 575746, "Plan Width": 16, "Filter": "((o_orderdate >= '1993-08-01 00:00:00'::timestamp(0) without time zone) AND (o_orderdate < '1993-11-01 00:00:00'::timestamp without time zone)), (LLVM Optimized)"}]}]}, {"Node Type": "Hash", "Parent Relationship": "Inner", "Startup Cost": 52126.0, "Total Cost": 52126.0, "Plan Rows": 1500000, "Plan Width": 153, "Plans": [{"Node Type": "Seq Scan", "Parent Relationship": "Outer", "Relation Name": "customer", "Alias": "customer", "Startup Cost": 0.0, "Total Cost": 52126.0, "Plan Rows": 1500000, "Plan Width": 153}]}]}, {"Node Type": "Hash", "Parent Relationship": "Inner", "Startup Cost": 1.25, "Total Cost": 1.25, "Plan Rows": 25, "Plan Width": 30, "Plans": [{"Node Type": "Seq Scan", "Parent Relationship": "Outer", "Relation Name": "nation", "Alias": "nation", "Startup Cost": 0.0, "Total Cost": 1.25, "Plan Rows": 25, "Plan Width": 30}]}]}]}]}]}, "Unique SQL Id": 1604070524, "Planner Runtime": 1}, "explain_analyze_plan": {"Plan": {"Node Type": "Limit", "Startup Cost": 2943502.95, "Total Cost": 2943503.0, "Plan Rows": 20, "Plan Width": 191, "Actual Startup Time": 37507.07, "Actual Total Time": 37507.078, "Actual Rows": 20, "Actual Loops": 1, "Plans": [{"Node Type": "Sort", "Parent Relationship": "Outer", "Startup Cost": 2943502.95, "Total Cost": 2947117.69, "Plan Rows": 20, "Plan Width": 191, "Actual Startup Time": 37507.067, "Actual Total Time": 37507.072, "Actual Rows": 20, "Actual Loops": 1, "Sort Key": ["(sum((lineitem.l_extendedprice * (1::double precision - lineitem.l_discount)))) DESC"], "Sort Method": "top-N heapsort", "Sort Space Used": 35, "Sort Space Type": "Memory", "Plans": [{"Node Type": "Aggregate", "Strategy": "Hashed", "Parent Relationship": "Outer", "Startup Cost": 2890569.14, "Total Cost": 2905028.12, "Plan Rows": 1445898, "Plan Width": 191, "Actual Startup Time": 37011.07, "Actual Total Time": 37368.13, "Actual Rows": 381542, "Actual Loops": 1, "Group By Key": ["customer.c_custkey", "customer.c_name", "customer.c_acctbal", "customer.c_phone", "nation.n_name", "customer.c_address", "customer.c_comment"], "Plans": [{"Node Type": "Hash Join", "Parent Relationship": "Outer", "Join Type": "Inner", "Startup Cost": 579485.57, "Total Cost": 2854421.69, "Plan Rows": 1445898, "Plan Width": 191, "Actual Startup Time": 6752.103, "Actual Total Time": 35154.298, "Actual Rows": 1145969, "Actual Loops": 1, "Inner Unique": true, "Hash Cond": "(customer.c_nationkey = nation.n_nationkey), (LLVM Optimized, Jit Execute)", "Plans": [{"Node Type": "Hash Join", "Parent Relationship": "Outer", "Join Type": "Inner", "Startup Cost": 579484.01, "Total Cost": 2834539.03, "Plan Rows": 1445898, "Plan Width": 169, "Actual Startup Time": 6752.0, "Actual Total Time": 34685.986, "Actual Rows": 1145969, "Actual Loops": 1, "Inner Unique": true, "Hash Cond": "(orders.o_custkey = customer.c_custkey), (LLVM Optimized, Jit Execute)", "Plans": [{"Node Type": "Hash Join", "Parent Relationship": "Outer", "Join Type": "Inner", "Startup Cost": 508608.01, "Total Cost": 2743781.94, "Plan Rows": 1445898, "Plan Width": 24, "Actual Startup Time": 5507.657, "Actual Total Time": 32610.074, "Actual Rows": 1145969, "Actual Loops": 1, "Inner Unique": true, "Hash Cond": "(lineitem.l_orderkey = orders.o_orderkey), (LLVM Optimized, Jit Execute)", "Plans": [{"Node Type": "Seq Scan", "Parent Relationship": "Outer", "Relation Name": "lineitem", "Alias": "lineitem", "Startup Cost": 0.0, "Total Cost": 2165082.91, "Plan Rows": 14835209, "Plan Width": 24, "Actual Startup Time": 0.018, "Actual Total Time": 22339.025, "Actual Rows": 14808183, "Actual Loops": 1, "Filter": "(l_returnflag = 'R'::bpchar), (LLVM Optimized, Jit Execute)", "Rows Removed by Filter": 45177869}, {"Node Type": "Hash", "Parent Relationship": "Inner", "Startup Cost": 501411.18, "Total Cost": 501411.18, "Plan Rows": 575746, "Plan Width": 16, "Actual Startup Time": 5506.946, "Actual Total Time": 5506.946, "Actual Rows": 573635, "Actual Loops": 1, "Hash Buckets": 1048576, "Hash Batches": 1, "Original Hash Batches": 1, "Peak Memory Usage": 26890, "Plans": [{"Node Type": "Seq Scan", "Parent Relationship": "Outer", "Relation Name": "orders", "Alias": "orders", "Startup Cost": 578.97, "Total Cost": 501411.18, "Plan Rows": 575746, "Plan Width": 16, "Actual Startup Time": 0.026, "Actual Total Time": 5235.253, "Actual Rows": 573635, "Actual Loops": 1, "Filter": "((o_orderdate >= '1993-08-01 00:00:00'::timestamp(0) without time zone) AND (o_orderdate < '1993-11-01 00:00:00'::timestamp without time zone)), (LLVM Optimized, Jit Execute)", "Rows Removed by Filter": 14426365}]}]}, {"Node Type": "Hash", "Parent Relationship": "Inner", "Startup Cost": 52126.0, "Total Cost": 52126.0, "Plan Rows": 1500000, "Plan Width": 153, "Actual Startup Time": 1243.058, "Actual Total Time": 1243.058, "Actual Rows": 1500000, "Actual Loops": 1, "Hash Buckets": 2097152, "Hash Batches": 1, "Original Hash Batches": 1, "Peak Memory Usage": 282695, "Plans": [{"Node Type": "Seq Scan", "Parent Relationship": "Outer", "Relation Name": "customer", "Alias": "customer", "Startup Cost": 0.0, "Total Cost": 52126.0, "Plan Rows": 1500000, "Plan Width": 153, "Actual Startup Time": 0.021, "Actual Total Time": 589.55, "Actual Rows": 1500000, "Actual Loops": 1}]}]}, {"Node Type": "Hash", "Parent Relationship": "Inner", "Startup Cost": 1.25, "Total Cost": 1.25, "Plan Rows": 25, "Plan Width": 30, "Actual Startup Time": 0.054, "Actual Total Time": 0.054, "Actual Rows": 25, "Actual Loops": 1, "Hash Buckets": 32768, "Hash Batches": 1, "Original Hash Batches": 1, "Peak Memory Usage": 2, "Plans": [{"Node Type": "Seq Scan", "Parent Relationship": "Outer", "Relation Name": "nation", "Alias": "nation", "Startup Cost": 0.0, "Total Cost": 1.25, "Plan Rows": 25, "Plan Width": 30, "Actual Startup Time": 0.025, "Actual Total Time": 0.031, "Actual Rows": 25, "Actual Loops": 1}]}]}]}]}]}, "Triggers": [], "Planner Runtime": 0, "Total Runtime": 37517.838, "Unique SQL Id": 1604070524}}, "(1, 11)": {"explain_plan": {"Plan": {"Node Type": "Limit", "Startup Cost": 4032944945746.96, "Total Cost": 4032944945747.01, "Plan Rows": 20, "Plan Width": 191, "Plans": [{"Node Type": "Sort", "Parent Relationship": "Outer", "Startup Cost": 4032944945746.96, "Total Cost": 4032944949361.7, "Plan Rows": 20, "Plan Width": 191, "Sort Key": ["(sum((lineitem.l_extendedprice * (1::double precision - lineitem.l_discount)))) DESC"], "Plans": [{"Node Type": "Aggregate", "Strategy": "Hashed", "Parent Relationship": "Outer", "Startup Cost": 4032944892813.15, "Total Cost": 4032944907272.13, "Plan Rows": 1445898, "Plan Width": 191, "Group By Key": ["customer.c_custkey", "customer.c_name", "customer.c_acctbal", "customer.c_phone", "nation.n_name", "customer.c_address", "customer.c_comment"], "Plans": [{"Node Type": "Nested Loop", "Parent Relationship": "Outer", "Join Type": "Inner", "Startup Cost": 40036112613.17, "Total Cost": 4032944856665.7, "Plan Rows": 1445898, "Plan Width": 191, "Inner Unique": false, "Join Filter": "(customer.c_custkey = orders.o_custkey), (LLVM Optimized)", "Plans": [{"Node Type": "Nested Loop", "Parent Relationship": "Outer", "Join Type": "Inner", "Startup Cost": 20000000000.0, "Total Cost": 2000008640298.18, "Plan Rows": 1500000, "Plan Width": 175, "Inner Unique": true, "Join Filter": "(customer.c_nationkey = nation.n_nationkey), (LLVM Optimized)", "Plans": [{"Node Type": "Index Scan", "Parent Relationship": "Outer", "Scan Direction": "Forward", "Index Name": "customer_pkey", "Relation Name": "customer", "Alias": "customer", "Startup Cost": 10000000000.0, "Total Cost": 1000008076535.62, "Plan Rows": 1500000, "Plan Width": 153}, {"Node Type": "Materialize", "Parent Relationship": "Inner", "Startup Cost": 10000000000.0, "Total Cost": 1000000001262.62, "Plan Rows": 25, "Plan Width": 30, "Plans": [{"Node Type": "Index Scan", "Parent Relationship": "Outer", "Scan Direction": "Forward", "Index Name": "nation_pkey", "Relation Name": "nation", "Alias": "nation", "Startup Cost": 10000000000.0, "Total Cost": 1000000001262.5, "Plan Rows": 25, "Plan Width": 30}]}]}, {"Node Type": "Materialize", "Parent Relationship": "Inner", "Startup Cost": 20036112613.17, "Total Cost": 2000403514982.26, "Plan Rows": 1445898, "Plan Width": 24, "Plans": [{"Node Type": "Merge Join", "Parent Relationship": "Outer", "Join Type": "Inner", "Startup Cost": 20036112613.17, "Total Cost": 2000403507752.77, "Plan Rows": 1445898, "Plan Width": 24, "Inner Unique": false, "Merge Cond": "(orders.o_orderkey = lineitem.l_orderkey)", "Plans": [{"Node Type": "Index Scan", "Parent Relationship": "Outer", "Scan Direction": "Forward", "Index Name": "orders_pkey", "Relation Name": "orders", "Alias": "orders", "Startup Cost": 10000000000.0, "Total Cost": 1000080597583.0, "Plan Rows": 575746, "Plan Width": 16, "Filter": "((o_orderdate >= '1993-08-01 00:00:00'::timestamp(0) without time zone) AND (o_orderdate < '1993-11-01 00:00:00'::timestamp without time zone)), (LLVM Optimized)"}, {"Node Type": "Index Scan", "Parent Relationship": "Inner", "Scan Direction": "Forward", "Index Name": "idx_lineitem_orderkey", "Relation Name": "lineitem", "Alias": "lineitem", "Startup Cost": 10000000000.0, "Total Cost": 1000339012132.75, "Plan Rows": 14835209, "Plan Width": 24, "Filter": "(l_returnflag = 'R'::bpchar), (LLVM Optimized)"}]}]}]}]}]}]}, "Unique SQL Id": 1604070524, "Planner Runtime": 1}, "explain_analyze_plan": null}, "(1, 12)": {"explain_plan": {"Plan": {"Node Type": "Limit", "Startup Cost": 2943502.95, "Total Cost": 2943503.0, "Plan Rows": 20, "Plan Width": 191, "Plans": [{"Node Type": "Sort", "Parent Relationship": "Outer", "Startup Cost": 2943502.95, "Total Cost": 2947117.69, "Plan Rows": 20, "Plan Width": 191, "Sort Key": ["(sum((lineitem.l_extendedprice * (1::double precision - lineitem.l_discount)))) DESC"], "Plans": [{"Node Type": "Aggregate", "Strategy": "Hashed", "Parent Relationship": "Outer", "Startup Cost": 2890569.14, "Total Cost": 2905028.12, "Plan Rows": 1445898, "Plan Width": 191, "Group By Key": ["customer.c_custkey", "customer.c_name", "customer.c_acctbal", "customer.c_phone", "nation.n_name", "customer.c_address", "customer.c_comment"], "Plans": [{"Node Type": "Hash Join", "Parent Relationship": "Outer", "Join Type": "Inner", "Startup Cost": 579485.57, "Total Cost": 2854421.69, "Plan Rows": 1445898, "Plan Width": 191, "Inner Unique": true, "Hash Cond": "(customer.c_nationkey = nation.n_nationkey), (LLVM Optimized)", "Plans": [{"Node Type": "Hash Join", "Parent Relationship": "Outer", "Join Type": "Inner", "Startup Cost": 579484.01, "Total Cost": 2834539.03, "Plan Rows": 1445898, "Plan Width": 169, "Inner Unique": true, "Hash Cond": "(orders.o_custkey = customer.c_custkey), (LLVM Optimized)", "Plans": [{"Node Type": "Hash Join", "Parent Relationship": "Outer", "Join Type": "Inner", "Startup Cost": 508608.01, "Total Cost": 2743781.94, "Plan Rows": 1445898, "Plan Width": 24, "Inner Unique": true, "Hash Cond": "(lineitem.l_orderkey = orders.o_orderkey), (LLVM Optimized)", "Plans": [{"Node Type": "Seq Scan", "Parent Relationship": "Outer", "Relation Name": "lineitem", "Alias": "lineitem", "Startup Cost": 0.0, "Total Cost": 2165082.91, "Plan Rows": 14835209, "Plan Width": 24, "Filter": "(l_returnflag = 'R'::bpchar), (LLVM Optimized)"}, {"Node Type": "Hash", "Parent Relationship": "Inner", "Startup Cost": 501411.18, "Total Cost": 501411.18, "Plan Rows": 575746, "Plan Width": 16, "Plans": [{"Node Type": "Seq Scan", "Parent Relationship": "Outer", "Relation Name": "orders", "Alias": "orders", "Startup Cost": 578.97, "Total Cost": 501411.18, "Plan Rows": 575746, "Plan Width": 16, "Filter": "((o_orderdate >= '1993-08-01 00:00:00'::timestamp(0) without time zone) AND (o_orderdate < '1993-11-01 00:00:00'::timestamp without time zone)), (LLVM Optimized)"}]}]}, {"Node Type": "Hash", "Parent Relationship": "Inner", "Startup Cost": 52126.0, "Total Cost": 52126.0, "Plan Rows": 1500000, "Plan Width": 153, "Plans": [{"Node Type": "Seq Scan", "Parent Relationship": "Outer", "Relation Name": "customer", "Alias": "customer", "Startup Cost": 0.0, "Total Cost": 52126.0, "Plan Rows": 1500000, "Plan Width": 153}]}]}, {"Node Type": "Hash", "Parent Relationship": "Inner", "Startup Cost": 1.25, "Total Cost": 1.25, "Plan Rows": 25, "Plan Width": 30, "Plans": [{"Node Type": "Seq Scan", "Parent Relationship": "Outer", "Relation Name": "nation", "Alias": "nation", "Startup Cost": 0.0, "Total Cost": 1.25, "Plan Rows": 25, "Plan Width": 30}]}]}]}]}]}, "Unique SQL Id": 1604070524, "Planner Runtime": 1}, "explain_analyze_plan": {"Plan": {"Node Type": "Limit", "Startup Cost": 2943502.95, "Total Cost": 2943503.0, "Plan Rows": 20, "Plan Width": 191, "Actual Startup Time": 37507.07, "Actual Total Time": 37507.078, "Actual Rows": 20, "Actual Loops": 1, "Plans": [{"Node Type": "Sort", "Parent Relationship": "Outer", "Startup Cost": 2943502.95, "Total Cost": 2947117.69, "Plan Rows": 20, "Plan Width": 191, "Actual Startup Time": 37507.067, "Actual Total Time": 37507.072, "Actual Rows": 20, "Actual Loops": 1, "Sort Key": ["(sum((lineitem.l_extendedprice * (1::double precision - lineitem.l_discount)))) DESC"], "Sort Method": "top-N heapsort", "Sort Space Used": 35, "Sort Space Type": "Memory", "Plans": [{"Node Type": "Aggregate", "Strategy": "Hashed", "Parent Relationship": "Outer", "Startup Cost": 2890569.14, "Total Cost": 2905028.12, "Plan Rows": 1445898, "Plan Width": 191, "Actual Startup Time": 37011.07, "Actual Total Time": 37368.13, "Actual Rows": 381542, "Actual Loops": 1, "Group By Key": ["customer.c_custkey", "customer.c_name", "customer.c_acctbal", "customer.c_phone", "nation.n_name", "customer.c_address", "customer.c_comment"], "Plans": [{"Node Type": "Hash Join", "Parent Relationship": "Outer", "Join Type": "Inner", "Startup Cost": 579485.57, "Total Cost": 2854421.69, "Plan Rows": 1445898, "Plan Width": 191, "Actual Startup Time": 6752.103, "Actual Total Time": 35154.298, "Actual Rows": 1145969, "Actual Loops": 1, "Inner Unique": true, "Hash Cond": "(customer.c_nationkey = nation.n_nationkey), (LLVM Optimized, Jit Execute)", "Plans": [{"Node Type": "Hash Join", "Parent Relationship": "Outer", "Join Type": "Inner", "Startup Cost": 579484.01, "Total Cost": 2834539.03, "Plan Rows": 1445898, "Plan Width": 169, "Actual Startup Time": 6752.0, "Actual Total Time": 34685.986, "Actual Rows": 1145969, "Actual Loops": 1, "Inner Unique": true, "Hash Cond": "(orders.o_custkey = customer.c_custkey), (LLVM Optimized, Jit Execute)", "Plans": [{"Node Type": "Hash Join", "Parent Relationship": "Outer", "Join Type": "Inner", "Startup Cost": 508608.01, "Total Cost": 2743781.94, "Plan Rows": 1445898, "Plan Width": 24, "Actual Startup Time": 5507.657, "Actual Total Time": 32610.074, "Actual Rows": 1145969, "Actual Loops": 1, "Inner Unique": true, "Hash Cond": "(lineitem.l_orderkey = orders.o_orderkey), (LLVM Optimized, Jit Execute)", "Plans": [{"Node Type": "Seq Scan", "Parent Relationship": "Outer", "Relation Name": "lineitem", "Alias": "lineitem", "Startup Cost": 0.0, "Total Cost": 2165082.91, "Plan Rows": 14835209, "Plan Width": 24, "Actual Startup Time": 0.018, "Actual Total Time": 22339.025, "Actual Rows": 14808183, "Actual Loops": 1, "Filter": "(l_returnflag = 'R'::bpchar), (LLVM Optimized, Jit Execute)", "Rows Removed by Filter": 45177869}, {"Node Type": "Hash", "Parent Relationship": "Inner", "Startup Cost": 501411.18, "Total Cost": 501411.18, "Plan Rows": 575746, "Plan Width": 16, "Actual Startup Time": 5506.946, "Actual Total Time": 5506.946, "Actual Rows": 573635, "Actual Loops": 1, "Hash Buckets": 1048576, "Hash Batches": 1, "Original Hash Batches": 1, "Peak Memory Usage": 26890, "Plans": [{"Node Type": "Seq Scan", "Parent Relationship": "Outer", "Relation Name": "orders", "Alias": "orders", "Startup Cost": 578.97, "Total Cost": 501411.18, "Plan Rows": 575746, "Plan Width": 16, "Actual Startup Time": 0.026, "Actual Total Time": 5235.253, "Actual Rows": 573635, "Actual Loops": 1, "Filter": "((o_orderdate >= '1993-08-01 00:00:00'::timestamp(0) without time zone) AND (o_orderdate < '1993-11-01 00:00:00'::timestamp without time zone)), (LLVM Optimized, Jit Execute)", "Rows Removed by Filter": 14426365}]}]}, {"Node Type": "Hash", "Parent Relationship": "Inner", "Startup Cost": 52126.0, "Total Cost": 52126.0, "Plan Rows": 1500000, "Plan Width": 153, "Actual Startup Time": 1243.058, "Actual Total Time": 1243.058, "Actual Rows": 1500000, "Actual Loops": 1, "Hash Buckets": 2097152, "Hash Batches": 1, "Original Hash Batches": 1, "Peak Memory Usage": 282695, "Plans": [{"Node Type": "Seq Scan", "Parent Relationship": "Outer", "Relation Name": "customer", "Alias": "customer", "Startup Cost": 0.0, "Total Cost": 52126.0, "Plan Rows": 1500000, "Plan Width": 153, "Actual Startup Time": 0.021, "Actual Total Time": 589.55, "Actual Rows": 1500000, "Actual Loops": 1}]}]}, {"Node Type": "Hash", "Parent Relationship": "Inner", "Startup Cost": 1.25, "Total Cost": 1.25, "Plan Rows": 25, "Plan Width": 30, "Actual Startup Time": 0.054, "Actual Total Time": 0.054, "Actual Rows": 25, "Actual Loops": 1, "Hash Buckets": 32768, "Hash Batches": 1, "Original Hash Batches": 1, "Peak Memory Usage": 2, "Plans": [{"Node Type": "Seq Scan", "Parent Relationship": "Outer", "Relation Name": "nation", "Alias": "nation", "Startup Cost": 0.0, "Total Cost": 1.25, "Plan Rows": 25, "Plan Width": 30, "Actual Startup Time": 0.025, "Actual Total Time": 0.031, "Actual Rows": 25, "Actual Loops": 1}]}]}]}]}]}, "Triggers": [], "Planner Runtime": 0, "Total Runtime": 37517.838, "Unique SQL Id": 1604070524}}, "(1, 13)": {"explain_plan": {"Plan": {"Node Type": "Limit", "Startup Cost": 4127035.84, "Total Cost": 4127035.89, "Plan Rows": 20, "Plan Width": 191, "Plans": [{"Node Type": "Sort", "Parent Relationship": "Outer", "Startup Cost": 4127035.84, "Total Cost": 4130650.58, "Plan Rows": 20, "Plan Width": 191, "Sort Key": ["(sum((lineitem.l_extendedprice * (1::double precision - lineitem.l_discount)))) DESC"], "Plans": [{"Node Type": "Aggregate", "Strategy": "Hashed", "Parent Relationship": "Outer", "Startup Cost": 4074102.03, "Total Cost": 4088561.01, "Plan Rows": 1445898, "Plan Width": 191, "Group By Key": ["customer.c_custkey", "customer.c_name", "customer.c_acctbal", "customer.c_phone", "nation.n_name", "customer.c_address", "customer.c_comment"], "Plans": [{"Node Type": "Nested Loop", "Parent Relationship": "Outer", "Join Type": "Inner", "Startup Cost": 99528.29, "Total Cost": 4037954.58, "Plan Rows": 1445898, "Plan Width": 191, "Inner Unique": false, "Plans": [{"Node Type": "Hash Join", "Parent Relationship": "Outer", "Join Type": "Inner", "Startup Cost": 99528.29, "Total Cost": 921337.14, "Plan Rows": 575746, "Plan Width": 183, "Inner Unique": true, "Hash Cond": "(customer.c_nationkey = nation.n_nationkey), (LLVM Optimized)", "Plans": [{"Node Type": "Hash Join", "Parent Relationship": "Outer", "Join Type": "Inner", "Startup Cost": 99515.36, "Total Cost": 913407.69, "Plan Rows": 575746, "Plan Width": 161, "Inner Unique": true, "Hash Cond": "(orders.o_custkey = customer.c_custkey), (LLVM Optimized)", "Plans": [{"Node Type": "Index Scan", "Parent Relationship": "Outer", "Scan Direction": "Forward", "Index Name": "orders_pkey", "Relation Name": "orders", "Alias": "orders", "Startup Cost": 0.0, "Total Cost": 805975.83, "Plan Rows": 575746, "Plan Width": 16, "Filter": "((o_orderdate >= '1993-08-01 00:00:00'::timestamp(0) without time zone) AND (o_orderdate < '1993-11-01 00:00:00'::timestamp without time zone)), (LLVM Optimized)"}, {"Node Type": "Hash", "Parent Relationship": "Inner", "Startup Cost": 80765.36, "Total Cost": 80765.36, "Plan Rows": 1500000, "Plan Width": 153, "Plans": [{"Node Type": "Index Scan", "Parent Relationship": "Outer", "Scan Direction": "Forward", "Index Name": "customer_pkey", "Relation Name": "customer", "Alias": "customer", "Startup Cost": 0.0, "Total Cost": 80765.36, "Plan Rows": 1500000, "Plan Width": 153}]}]}, {"Node Type": "Hash", "Parent Relationship": "Inner", "Startup Cost": 12.62, "Total Cost": 12.62, "Plan Rows": 25, "Plan Width": 30, "Plans": [{"Node Type": "Index Scan", "Parent Relationship": "Outer", "Scan Direction": "Forward", "Index Name": "nation_pkey", "Relation Name": "nation", "Alias": "nation", "Startup Cost": 0.0, "Total Cost": 12.62, "Plan Rows": 25, "Plan Width": 30}]}]}, {"Node Type": "Index Scan", "Parent Relationship": "Inner", "Scan Direction": "Forward", "Index Name": "idx_lineitem_orderkey", "Relation Name": "lineitem", "Alias": "lineitem", "Startup Cost": 0.0, "Total Cost": 5.38, "Plan Rows": 3, "Plan Width": 24, "Index Cond": "(l_orderkey = orders.o_orderkey)", "Filter": "(l_returnflag = 'R'::bpchar)"}]}]}]}]}, "Unique SQL Id": 1604070524, "Planner Runtime": 1}, "explain_analyze_plan": {"Plan": {"Node Type": "Limit", "Startup Cost": 4127035.84, "Total Cost": 4127035.89, "Plan Rows": 20, "Plan Width": 191, "Actual Startup Time": 21936.277, "Actual Total Time": 21936.283, "Actual Rows": 20, "Actual Loops": 1, "Plans": [{"Node Type": "Sort", "Parent Relationship": "Outer", "Startup Cost": 4127035.84, "Total Cost": 4130650.58, "Plan Rows": 20, "Plan Width": 191, "Actual Startup Time": 21936.274, "Actual Total Time": 21936.279, "Actual Rows": 20, "Actual Loops": 1, "Sort Key": ["(sum((lineitem.l_extendedprice * (1::double precision - lineitem.l_discount)))) DESC"], "Sort Method": "top-N heapsort", "Sort Space Used": 35, "Sort Space Type": "Memory", "Plans": [{"Node Type": "Aggregate", "Strategy": "Hashed", "Parent Relationship": "Outer", "Startup Cost": 4074102.03, "Total Cost": 4088561.01, "Plan Rows": 1445898, "Plan Width": 191, "Actual Startup Time": 21602.846, "Actual Total Time": 21802.074, "Actual Rows": 381542, "Actual Loops": 1, "Group By Key": ["customer.c_custkey", "customer.c_name", "customer.c_acctbal", "customer.c_phone", "nation.n_name", "customer.c_address", "customer.c_comment"], "Plans": [{"Node Type": "Nested Loop", "Parent Relationship": "Outer", "Join Type": "Inner", "Startup Cost": 99528.29, "Total Cost": 4037954.58, "Plan Rows": 1445898, "Plan Width": 191, "Actual Startup Time": 2126.954, "Actual Total Time": 19667.735, "Actual Rows": 1145969, "Actual Loops": 1, "Inner Unique": false, "Plans": [{"Node Type": "Hash Join", "Parent Relationship": "Outer", "Join Type": "Inner", "Startup Cost": 99528.29, "Total Cost": 921337.14, "Plan Rows": 575746, "Plan Width": 183, "Actual Startup Time": 2126.802, "Actual Total Time": 13808.845, "Actual Rows": 573635, "Actual Loops": 1, "Inner Unique": true, "Hash Cond": "(customer.c_nationkey = nation.n_nationkey), (LLVM Optimized, Jit Execute)", "Plans": [{"Node Type": "Hash Join", "Parent Relationship": "Outer", "Join Type": "Inner", "Startup Cost": 99515.36, "Total Cost": 913407.69, "Plan Rows": 575746, "Plan Width": 161, "Actual Startup Time": 2126.692, "Actual Total Time": 13557.509, "Actual Rows": 573635, "Actual Loops": 1, "Inner Unique": true, "Hash Cond": "(orders.o_custkey = customer.c_custkey), (LLVM Optimized, Jit Execute)", "Plans": [{"Node Type": "Index Scan", "Parent Relationship": "Outer", "Scan Direction": "Forward", "Index Name": "orders_pkey", "Relation Name": "orders", "Alias": "orders", "Startup Cost": 0.0, "Total Cost": 805975.83, "Plan Rows": 575746, "Plan Width": 16, "Actual Startup Time": 0.031, "Actual Total Time": 10741.931, "Actual Rows": 573635, "Actual Loops": 1, "Filter": "((o_orderdate >= '1993-08-01 00:00:00'::timestamp(0) without time zone) AND (o_orderdate < '1993-11-01 00:00:00'::timestamp without time zone)), (LLVM Optimized, Jit Execute)", "Rows Removed by Filter": 14426365}, {"Node Type": "Hash", "Parent Relationship": "Inner", "Startup Cost": 80765.36, "Total Cost": 80765.36, "Plan Rows": 1500000, "Plan Width": 153, "Actual Startup Time": 2124.217, "Actual Total Time": 2124.217, "Actual Rows": 1500000, "Actual Loops": 1, "Hash Buckets": 2097152, "Hash Batches": 1, "Original Hash Batches": 1, "Peak Memory Usage": 282695, "Plans": [{"Node Type": "Index Scan", "Parent Relationship": "Outer", "Scan Direction": "Forward", "Index Name": "customer_pkey", "Relation Name": "customer", "Alias": "customer", "Startup Cost": 0.0, "Total Cost": 80765.36, "Plan Rows": 1500000, "Plan Width": 153, "Actual Startup Time": 0.022, "Actual Total Time": 1241.581, "Actual Rows": 1500000, "Actual Loops": 1}]}]}, {"Node Type": "Hash", "Parent Relationship": "Inner", "Startup Cost": 12.62, "Total Cost": 12.62, "Plan Rows": 25, "Plan Width": 30, "Actual Startup Time": 0.046, "Actual Total Time": 0.046, "Actual Rows": 25, "Actual Loops": 1, "Hash Buckets": 32768, "Hash Batches": 1, "Original Hash Batches": 1, "Peak Memory Usage": 2, "Plans": [{"Node Type": "Index Scan", "Parent Relationship": "Outer", "Scan Direction": "Forward", "Index Name": "nation_pkey", "Relation Name": "nation", "Alias": "nation", "Startup Cost": 0.0, "Total Cost": 12.62, "Plan Rows": 25, "Plan Width": 30, "Actual Startup Time": 0.014, "Actual Total Time": 0.032, "Actual Rows": 25, "Actual Loops": 1}]}]}, {"Node Type": "Index Scan", "Parent Relationship": "Inner", "Scan Direction": "Forward", "Index Name": "idx_lineitem_orderkey", "Relation Name": "lineitem", "Alias": "lineitem", "Startup Cost": 0.0, "Total Cost": 5.38, "Plan Rows": 3, "Plan Width": 24, "Actual Startup Time": 3945.434, "Actual Total Time": 5206.896, "Actual Rows": 1145969, "Actual Loops": 573635, "Index Cond": "(l_orderkey = orders.o_orderkey)", "Rows Removed by Index Recheck": 0, "Filter": "(l_returnflag = 'R'::bpchar)", "Rows Removed by Filter": 1146896}]}]}]}]}, "Triggers": [], "Planner Runtime": 0, "Total Runtime": 21946.72, "Unique SQL Id": 1604070524}}, "(1, 14)": {"explain_plan": {"Plan": {"Node Type": "Limit", "Startup Cost": 2943502.95, "Total Cost": 2943503.0, "Plan Rows": 20, "Plan Width": 191, "Plans": [{"Node Type": "Sort", "Parent Relationship": "Outer", "Startup Cost": 2943502.95, "Total Cost": 2947117.69, "Plan Rows": 20, "Plan Width": 191, "Sort Key": ["(sum((lineitem.l_extendedprice * (1::double precision - lineitem.l_discount)))) DESC"], "Plans": [{"Node Type": "Aggregate", "Strategy": "Hashed", "Parent Relationship": "Outer", "Startup Cost": 2890569.14, "Total Cost": 2905028.12, "Plan Rows": 1445898, "Plan Width": 191, "Group By Key": ["customer.c_custkey", "customer.c_name", "customer.c_acctbal", "customer.c_phone", "nation.n_name", "customer.c_address", "customer.c_comment"], "Plans": [{"Node Type": "Hash Join", "Parent Relationship": "Outer", "Join Type": "Inner", "Startup Cost": 579485.57, "Total Cost": 2854421.69, "Plan Rows": 1445898, "Plan Width": 191, "Inner Unique": true, "Hash Cond": "(customer.c_nationkey = nation.n_nationkey), (LLVM Optimized)", "Plans": [{"Node Type": "Hash Join", "Parent Relationship": "Outer", "Join Type": "Inner", "Startup Cost": 579484.01, "Total Cost": 2834539.03, "Plan Rows": 1445898, "Plan Width": 169, "Inner Unique": true, "Hash Cond": "(orders.o_custkey = customer.c_custkey), (LLVM Optimized)", "Plans": [{"Node Type": "Hash Join", "Parent Relationship": "Outer", "Join Type": "Inner", "Startup Cost": 508608.01, "Total Cost": 2743781.94, "Plan Rows": 1445898, "Plan Width": 24, "Inner Unique": true, "Hash Cond": "(lineitem.l_orderkey = orders.o_orderkey), (LLVM Optimized)", "Plans": [{"Node Type": "Seq Scan", "Parent Relationship": "Outer", "Relation Name": "lineitem", "Alias": "lineitem", "Startup Cost": 0.0, "Total Cost": 2165082.91, "Plan Rows": 14835209, "Plan Width": 24, "Filter": "(l_returnflag = 'R'::bpchar), (LLVM Optimized)"}, {"Node Type": "Hash", "Parent Relationship": "Inner", "Startup Cost": 501411.18, "Total Cost": 501411.18, "Plan Rows": 575746, "Plan Width": 16, "Plans": [{"Node Type": "Seq Scan", "Parent Relationship": "Outer", "Relation Name": "orders", "Alias": "orders", "Startup Cost": 578.97, "Total Cost": 501411.18, "Plan Rows": 575746, "Plan Width": 16, "Filter": "((o_orderdate >= '1993-08-01 00:00:00'::timestamp(0) without time zone) AND (o_orderdate < '1993-11-01 00:00:00'::timestamp without time zone)), (LLVM Optimized)"}]}]}, {"Node Type": "Hash", "Parent Relationship": "Inner", "Startup Cost": 52126.0, "Total Cost": 52126.0, "Plan Rows": 1500000, "Plan Width": 153, "Plans": [{"Node Type": "Seq Scan", "Parent Relationship": "Outer", "Relation Name": "customer", "Alias": "customer", "Startup Cost": 0.0, "Total Cost": 52126.0, "Plan Rows": 1500000, "Plan Width": 153}]}]}, {"Node Type": "Hash", "Parent Relationship": "Inner", "Startup Cost": 1.25, "Total Cost": 1.25, "Plan Rows": 25, "Plan Width": 30, "Plans": [{"Node Type": "Seq Scan", "Parent Relationship": "Outer", "Relation Name": "nation", "Alias": "nation", "Startup Cost": 0.0, "Total Cost": 1.25, "Plan Rows": 25, "Plan Width": 30}]}]}]}]}]}, "Unique SQL Id": 1604070524, "Planner Runtime": 1}, "explain_analyze_plan": {"Plan": {"Node Type": "Limit", "Startup Cost": 2943502.95, "Total Cost": 2943503.0, "Plan Rows": 20, "Plan Width": 191, "Actual Startup Time": 37507.07, "Actual Total Time": 37507.078, "Actual Rows": 20, "Actual Loops": 1, "Plans": [{"Node Type": "Sort", "Parent Relationship": "Outer", "Startup Cost": 2943502.95, "Total Cost": 2947117.69, "Plan Rows": 20, "Plan Width": 191, "Actual Startup Time": 37507.067, "Actual Total Time": 37507.072, "Actual Rows": 20, "Actual Loops": 1, "Sort Key": ["(sum((lineitem.l_extendedprice * (1::double precision - lineitem.l_discount)))) DESC"], "Sort Method": "top-N heapsort", "Sort Space Used": 35, "Sort Space Type": "Memory", "Plans": [{"Node Type": "Aggregate", "Strategy": "Hashed", "Parent Relationship": "Outer", "Startup Cost": 2890569.14, "Total Cost": 2905028.12, "Plan Rows": 1445898, "Plan Width": 191, "Actual Startup Time": 37011.07, "Actual Total Time": 37368.13, "Actual Rows": 381542, "Actual Loops": 1, "Group By Key": ["customer.c_custkey", "customer.c_name", "customer.c_acctbal", "customer.c_phone", "nation.n_name", "customer.c_address", "customer.c_comment"], "Plans": [{"Node Type": "Hash Join", "Parent Relationship": "Outer", "Join Type": "Inner", "Startup Cost": 579485.57, "Total Cost": 2854421.69, "Plan Rows": 1445898, "Plan Width": 191, "Actual Startup Time": 6752.103, "Actual Total Time": 35154.298, "Actual Rows": 1145969, "Actual Loops": 1, "Inner Unique": true, "Hash Cond": "(customer.c_nationkey = nation.n_nationkey), (LLVM Optimized, Jit Execute)", "Plans": [{"Node Type": "Hash Join", "Parent Relationship": "Outer", "Join Type": "Inner", "Startup Cost": 579484.01, "Total Cost": 2834539.03, "Plan Rows": 1445898, "Plan Width": 169, "Actual Startup Time": 6752.0, "Actual Total Time": 34685.986, "Actual Rows": 1145969, "Actual Loops": 1, "Inner Unique": true, "Hash Cond": "(orders.o_custkey = customer.c_custkey), (LLVM Optimized, Jit Execute)", "Plans": [{"Node Type": "Hash Join", "Parent Relationship": "Outer", "Join Type": "Inner", "Startup Cost": 508608.01, "Total Cost": 2743781.94, "Plan Rows": 1445898, "Plan Width": 24, "Actual Startup Time": 5507.657, "Actual Total Time": 32610.074, "Actual Rows": 1145969, "Actual Loops": 1, "Inner Unique": true, "Hash Cond": "(lineitem.l_orderkey = orders.o_orderkey), (LLVM Optimized, Jit Execute)", "Plans": [{"Node Type": "Seq Scan", "Parent Relationship": "Outer", "Relation Name": "lineitem", "Alias": "lineitem", "Startup Cost": 0.0, "Total Cost": 2165082.91, "Plan Rows": 14835209, "Plan Width": 24, "Actual Startup Time": 0.018, "Actual Total Time": 22339.025, "Actual Rows": 14808183, "Actual Loops": 1, "Filter": "(l_returnflag = 'R'::bpchar), (LLVM Optimized, Jit Execute)", "Rows Removed by Filter": 45177869}, {"Node Type": "Hash", "Parent Relationship": "Inner", "Startup Cost": 501411.18, "Total Cost": 501411.18, "Plan Rows": 575746, "Plan Width": 16, "Actual Startup Time": 5506.946, "Actual Total Time": 5506.946, "Actual Rows": 573635, "Actual Loops": 1, "Hash Buckets": 1048576, "Hash Batches": 1, "Original Hash Batches": 1, "Peak Memory Usage": 26890, "Plans": [{"Node Type": "Seq Scan", "Parent Relationship": "Outer", "Relation Name": "orders", "Alias": "orders", "Startup Cost": 578.97, "Total Cost": 501411.18, "Plan Rows": 575746, "Plan Width": 16, "Actual Startup Time": 0.026, "Actual Total Time": 5235.253, "Actual Rows": 573635, "Actual Loops": 1, "Filter": "((o_orderdate >= '1993-08-01 00:00:00'::timestamp(0) without time zone) AND (o_orderdate < '1993-11-01 00:00:00'::timestamp without time zone)), (LLVM Optimized, Jit Execute)", "Rows Removed by Filter": 14426365}]}]}, {"Node Type": "Hash", "Parent Relationship": "Inner", "Startup Cost": 52126.0, "Total Cost": 52126.0, "Plan Rows": 1500000, "Plan Width": 153, "Actual Startup Time": 1243.058, "Actual Total Time": 1243.058, "Actual Rows": 1500000, "Actual Loops": 1, "Hash Buckets": 2097152, "Hash Batches": 1, "Original Hash Batches": 1, "Peak Memory Usage": 282695, "Plans": [{"Node Type": "Seq Scan", "Parent Relationship": "Outer", "Relation Name": "customer", "Alias": "customer", "Startup Cost": 0.0, "Total Cost": 52126.0, "Plan Rows": 1500000, "Plan Width": 153, "Actual Startup Time": 0.021, "Actual Total Time": 589.55, "Actual Rows": 1500000, "Actual Loops": 1}]}]}, {"Node Type": "Hash", "Parent Relationship": "Inner", "Startup Cost": 1.25, "Total Cost": 1.25, "Plan Rows": 25, "Plan Width": 30, "Actual Startup Time": 0.054, "Actual Total Time": 0.054, "Actual Rows": 25, "Actual Loops": 1, "Hash Buckets": 32768, "Hash Batches": 1, "Original Hash Batches": 1, "Peak Memory Usage": 2, "Plans": [{"Node Type": "Seq Scan", "Parent Relationship": "Outer", "Relation Name": "nation", "Alias": "nation", "Startup Cost": 0.0, "Total Cost": 1.25, "Plan Rows": 25, "Plan Width": 30, "Actual Startup Time": 0.025, "Actual Total Time": 0.031, "Actual Rows": 25, "Actual Loops": 1}]}]}]}]}]}, "Triggers": [], "Planner Runtime": 0, "Total Runtime": 37517.838, "Unique SQL Id": 1604070524}}, "(1, 15)": {"explain_plan": {"Plan": {"Node Type": "Limit", "Startup Cost": 4032944945746.96, "Total Cost": 4032944945747.01, "Plan Rows": 20, "Plan Width": 191, "Plans": [{"Node Type": "Sort", "Parent Relationship": "Outer", "Startup Cost": 4032944945746.96, "Total Cost": 4032944949361.7, "Plan Rows": 20, "Plan Width": 191, "Sort Key": ["(sum((lineitem.l_extendedprice * (1::double precision - lineitem.l_discount)))) DESC"], "Plans": [{"Node Type": "Aggregate", "Strategy": "Hashed", "Parent Relationship": "Outer", "Startup Cost": 4032944892813.15, "Total Cost": 4032944907272.13, "Plan Rows": 1445898, "Plan Width": 191, "Group By Key": ["customer.c_custkey", "customer.c_name", "customer.c_acctbal", "customer.c_phone", "nation.n_name", "customer.c_address", "customer.c_comment"], "Plans": [{"Node Type": "Nested Loop", "Parent Relationship": "Outer", "Join Type": "Inner", "Startup Cost": 40036112613.17, "Total Cost": 4032944856665.7, "Plan Rows": 1445898, "Plan Width": 191, "Inner Unique": false, "Join Filter": "(customer.c_custkey = orders.o_custkey), (LLVM Optimized)", "Plans": [{"Node Type": "Nested Loop", "Parent Relationship": "Outer", "Join Type": "Inner", "Startup Cost": 20000000000.0, "Total Cost": 2000008640298.18, "Plan Rows": 1500000, "Plan Width": 175, "Inner Unique": true, "Join Filter": "(customer.c_nationkey = nation.n_nationkey), (LLVM Optimized)", "Plans": [{"Node Type": "Index Scan", "Parent Relationship": "Outer", "Scan Direction": "Forward", "Index Name": "customer_pkey", "Relation Name": "customer", "Alias": "customer", "Startup Cost": 10000000000.0, "Total Cost": 1000008076535.62, "Plan Rows": 1500000, "Plan Width": 153}, {"Node Type": "Materialize", "Parent Relationship": "Inner", "Startup Cost": 10000000000.0, "Total Cost": 1000000001262.62, "Plan Rows": 25, "Plan Width": 30, "Plans": [{"Node Type": "Index Scan", "Parent Relationship": "Outer", "Scan Direction": "Forward", "Index Name": "nation_pkey", "Relation Name": "nation", "Alias": "nation", "Startup Cost": 10000000000.0, "Total Cost": 1000000001262.5, "Plan Rows": 25, "Plan Width": 30}]}]}, {"Node Type": "Materialize", "Parent Relationship": "Inner", "Startup Cost": 20036112613.17, "Total Cost": 2000403514982.26, "Plan Rows": 1445898, "Plan Width": 24, "Plans": [{"Node Type": "Merge Join", "Parent Relationship": "Outer", "Join Type": "Inner", "Startup Cost": 20036112613.17, "Total Cost": 2000403507752.77, "Plan Rows": 1445898, "Plan Width": 24, "Inner Unique": false, "Merge Cond": "(orders.o_orderkey = lineitem.l_orderkey)", "Plans": [{"Node Type": "Index Scan", "Parent Relationship": "Outer", "Scan Direction": "Forward", "Index Name": "orders_pkey", "Relation Name": "orders", "Alias": "orders", "Startup Cost": 10000000000.0, "Total Cost": 1000080597583.0, "Plan Rows": 575746, "Plan Width": 16, "Filter": "((o_orderdate >= '1993-08-01 00:00:00'::timestamp(0) without time zone) AND (o_orderdate < '1993-11-01 00:00:00'::timestamp without time zone)), (LLVM Optimized)"}, {"Node Type": "Index Scan", "Parent Relationship": "Inner", "Scan Direction": "Forward", "Index Name": "idx_lineitem_orderkey", "Relation Name": "lineitem", "Alias": "lineitem", "Startup Cost": 10000000000.0, "Total Cost": 1000339012132.75, "Plan Rows": 14835209, "Plan Width": 24, "Filter": "(l_returnflag = 'R'::bpchar), (LLVM Optimized)"}]}]}]}]}]}]}, "Unique SQL Id": 1604070524, "Planner Runtime": 1}, "explain_analyze_plan": null}, "(1, 16)": {"explain_plan": {"Plan": {"Node Type": "Limit", "Startup Cost": 3717442.55, "Total Cost": 3717442.6, "Plan Rows": 20, "Plan Width": 191, "Plans": [{"Node Type": "Sort", "Parent Relationship": "Outer", "Startup Cost": 3717442.55, "Total Cost": 3721057.3, "Plan Rows": 20, "Plan Width": 191, "Sort Key": ["(sum((lineitem.l_extendedprice * (1::double precision - lineitem.l_discount)))) DESC"], "Plans": [{"Node Type": "Aggregate", "Strategy": "Hashed", "Parent Relationship": "Outer", "Startup Cost": 3664508.75, "Total Cost": 3678967.73, "Plan Rows": 1445898, "Plan Width": 191, "Group By Key": ["customer.c_custkey", "customer.c_name", "customer.c_acctbal", "customer.c_phone", "nation.n_name", "customer.c_address", "customer.c_comment"], "Plans": [{"Node Type": "Nested Loop", "Parent Relationship": "Outer", "Join Type": "Inner", "Startup Cost": 503107.54, "Total Cost": 3628361.3, "Plan Rows": 1445898, "Plan Width": 191, "Inner Unique": false, "Plans": [{"Node Type": "Merge Join", "Parent Relationship": "Outer", "Join Type": "Inner", "Startup Cost": 503107.54, "Total Cost": 511743.85, "Plan Rows": 575746, "Plan Width": 183, "Inner Unique": false, "Merge Cond": "(nation.n_nationkey = customer.c_nationkey)", "Plans": [{"Node Type": "Sort", "Parent Relationship": "Outer", "Startup Cost": 1.83, "Total Cost": 1.89, "Plan Rows": 25, "Plan Width": 30, "Sort Key": ["nation.n_nationkey"], "Plans": [{"Node Type": "Seq Scan", "Parent Relationship": "Outer", "Relation Name": "nation", "Alias": "nation", "Startup Cost": 0.0, "Total Cost": 1.25, "Plan Rows": 25, "Plan Width": 30}]}, {"Node Type": "Sort", "Parent Relationship": "Inner", "Startup Cost": 503105.7, "Total Cost": 504545.07, "Plan Rows": 575746, "Plan Width": 161, "Sort Key": ["customer.c_nationkey"], "Plans": [{"Node Type": "Merge Join", "Parent Relationship": "Outer", "Join Type": "Inner", "Startup Cost": 354871.86, "Total Cost": 448021.0, "Plan Rows": 575746, "Plan Width": 161, "Inner Unique": false, "Merge Cond": "(customer.c_custkey = orders.o_custkey)", "Plans": [{"Node Type": "Index Scan", "Parent Relationship": "Outer", "Scan Direction": "Forward", "Index Name": "customer_pkey", "Relation Name": "customer", "Alias": "customer", "Startup Cost": 0.0, "Total Cost": 80765.36, "Plan Rows": 1500000, "Plan Width": 153}, {"Node Type": "Sort", "Parent Relationship": "Inner", "Startup Cost": 354869.55, "Total Cost": 356308.91, "Plan Rows": 575746, "Plan Width": 16, "Sort Key": ["orders.o_custkey"], "Plans": [{"Node Type": "Bitmap Heap Scan", "Parent Relationship": "Outer", "Relation Name": "orders", "Alias": "orders", "Startup Cost": 14729.65, "Total Cost": 299784.84, "Plan Rows": 575746, "Plan Width": 16, "Recheck Cond": "((o_orderdate >= '1993-08-01 00:00:00'::timestamp(0) without time zone) AND (o_orderdate < '1993-11-01 00:00:00'::timestamp without time zone)), (LLVM Optimized)", "Plans": [{"Node Type": "Bitmap Index Scan", "Parent Relationship": "Outer", "Index Name": "idx_orders_orderdate", "Startup Cost": 0.0, "Total Cost": 14585.71, "Plan Rows": 575746, "Plan Width": 0, "Index Cond": "((o_orderdate >= '1993-08-01 00:00:00'::timestamp(0) without time zone) AND (o_orderdate < '1993-11-01 00:00:00'::timestamp without time zone))"}]}]}]}]}]}, {"Node Type": "Index Scan", "Parent Relationship": "Inner", "Scan Direction": "Forward", "Index Name": "idx_lineitem_orderkey", "Relation Name": "lineitem", "Alias": "lineitem", "Startup Cost": 0.0, "Total Cost": 5.38, "Plan Rows": 3, "Plan Width": 24, "Index Cond": "(l_orderkey = orders.o_orderkey)", "Filter": "(l_returnflag = 'R'::bpchar)"}]}]}]}]}, "Unique SQL Id": 1604070524, "Planner Runtime": 1}, "explain_analyze_plan": {"Plan": {"Node Type": "Limit", "Startup Cost": 3717442.55, "Total Cost": 3717442.6, "Plan Rows": 20, "Plan Width": 191, "Actual Startup Time": 12711.136, "Actual Total Time": 12711.142, "Actual Rows": 20, "Actual Loops": 1, "Plans": [{"Node Type": "Sort", "Parent Relationship": "Outer", "Startup Cost": 3717442.55, "Total Cost": 3721057.3, "Plan Rows": 20, "Plan Width": 191, "Actual Startup Time": 12711.132, "Actual Total Time": 12711.135, "Actual Rows": 20, "Actual Loops": 1, "Sort Key": ["(sum((lineitem.l_extendedprice * (1::double precision - lineitem.l_discount)))) DESC"], "Sort Method": "top-N heapsort", "Sort Space Used": 35, "Sort Space Type": "Memory", "Plans": [{"Node Type": "Aggregate", "Strategy": "Hashed", "Parent Relationship": "Outer", "Startup Cost": 3664508.75, "Total Cost": 3678967.73, "Plan Rows": 1445898, "Plan Width": 191, "Actual Startup Time": 12376.54, "Actual Total Time": 12577.027, "Actual Rows": 381542, "Actual Loops": 1, "Group By Key": ["customer.c_custkey", "customer.c_name", "customer.c_acctbal", "customer.c_phone", "nation.n_name", "customer.c_address", "customer.c_comment"], "Plans": [{"Node Type": "Nested Loop", "Parent Relationship": "Outer", "Join Type": "Inner", "Startup Cost": 503107.54, "Total Cost": 3628361.3, "Plan Rows": 1445898, "Plan Width": 191, "Actual Startup Time": 3119.726, "Actual Total Time": 10640.857, "Actual Rows": 1145969, "Actual Loops": 1, "Inner Unique": false, "Plans": [{"Node Type": "Merge Join", "Parent Relationship": "Outer", "Join Type": "Inner", "Startup Cost": 503107.54, "Total Cost": 511743.85, "Plan Rows": 575746, "Plan Width": 183, "Actual Startup Time": 3119.655, "Actual Total Time": 3504.339, "Actual Rows": 573635, "Actual Loops": 1, "Inner Unique": false, "Merge Cond": "(nation.n_nationkey = customer.c_nationkey)", "Plans": [{"Node Type": "Sort", "Parent Relationship": "Outer", "Startup Cost": 1.83, "Total Cost": 1.89, "Plan Rows": 25, "Plan Width": 30, "Actual Startup Time": 0.069, "Actual Total Time": 0.089, "Actual Rows": 25, "Actual Loops": 1, "Sort Key": ["nation.n_nationkey"], "Sort Method": "quicksort", "Sort Space Used": 27, "Sort Space Type": "Memory", "Plans": [{"Node Type": "Seq Scan", "Parent Relationship": "Outer", "Relation Name": "nation", "Alias": "nation", "Startup Cost": 0.0, "Total Cost": 1.25, "Plan Rows": 25, "Plan Width": 30, "Actual Startup Time": 0.025, "Actual Total Time": 0.033, "Actual Rows": 25, "Actual Loops": 1}]}, {"Node Type": "Sort", "Parent Relationship": "Inner", "Startup Cost": 503105.7, "Total Cost": 504545.07, "Plan Rows": 575746, "Plan Width": 161, "Actual Startup Time": 3119.576, "Actual Total Time": 3255.292, "Actual Rows": 573635, "Actual Loops": 1, "Sort Key": ["customer.c_nationkey"], "Sort Method": "quicksort", "Sort Space Used": 185911, "Sort Space Type": "Memory", "Plans": [{"Node Type": "Merge Join", "Parent Relationship": "Outer", "Join Type": "Inner", "Startup Cost": 354871.86, "Total Cost": 448021.0, "Plan Rows": 575746, "Plan Width": 161, "Actual Startup Time": 1161.037, "Actual Total Time": 2850.033, "Actual Rows": 573635, "Actual Loops": 1, "Inner Unique": false, "Merge Cond": "(customer.c_custkey = orders.o_custkey)", "Plans": [{"Node Type": "Index Scan", "Parent Relationship": "Outer", "Scan Direction": "Forward", "Index Name": "customer_pkey", "Relation Name": "customer", "Alias": "customer", "Startup Cost": 0.0, "Total Cost": 80765.36, "Plan Rows": 1500000, "Plan Width": 153, "Actual Startup Time": 0.031, "Actual Total Time": 1050.4, "Actual Rows": 1499999, "Actual Loops": 1}, {"Node Type": "Sort", "Parent Relationship": "Inner", "Startup Cost": 354869.55, "Total Cost": 356308.91, "Plan Rows": 575746, "Plan Width": 16, "Actual Startup Time": 1160.992, "Actual Total Time": 1329.422, "Actual Rows": 573635, "Actual Loops": 1, "Sort Key": ["orders.o_custkey"], "Sort Method": "quicksort", "Sort Space Used": 78355, "Sort Space Type": "Memory", "Plans": [{"Node Type": "Bitmap Heap Scan", "Parent Relationship": "Outer", "Relation Name": "orders", "Alias": "orders", "Startup Cost": 14729.65, "Total Cost": 299784.84, "Plan Rows": 575746, "Plan Width": 16, "Actual Startup Time": 238.878, "Actual Total Time": 928.985, "Actual Rows": 573635, "Actual Loops": 1, "Recheck Cond": "((o_orderdate >= '1993-08-01 00:00:00'::timestamp(0) without time zone) AND (o_orderdate < '1993-11-01 00:00:00'::timestamp without time zone)), (LLVM Optimized, Jit Execute)", "Rows Removed by Index Recheck": 0, "Exact Heap Blocks": 242860, "Lossy Heap Blocks": 242860, "Plans": [{"Node Type": "Bitmap Index Scan", "Parent Relationship": "Outer", "Index Name": "idx_orders_orderdate", "Startup Cost": 0.0, "Total Cost": 14585.71, "Plan Rows": 575746, "Plan Width": 0, "Actual Startup Time": 164.053, "Actual Total Time": 164.053, "Actual Rows": 573635, "Actual Loops": 1, "Index Cond": "((o_orderdate >= '1993-08-01 00:00:00'::timestamp(0) without time zone) AND (o_orderdate < '1993-11-01 00:00:00'::timestamp without time zone))"}]}]}]}]}]}, {"Node Type": "Index Scan", "Parent Relationship": "Inner", "Scan Direction": "Forward", "Index Name": "idx_lineitem_orderkey", "Relation Name": "lineitem", "Alias": "lineitem", "Startup Cost": 0.0, "Total Cost": 5.38, "Plan Rows": 3, "Plan Width": 24, "Actual Startup Time": 5330.989, "Actual Total Time": 6534.404, "Actual Rows": 1145969, "Actual Loops": 573635, "Index Cond": "(l_orderkey = orders.o_orderkey)", "Rows Removed by Index Recheck": 0, "Filter": "(l_returnflag = 'R'::bpchar)", "Rows Removed by Filter": 1146896}]}]}]}]}, "Triggers": [], "Planner Runtime": 1, "Total Runtime": 12721.329, "Unique SQL Id": 1604070524}}, "(1, 17)": {"explain_plan": {"Plan": {"Node Type": "Limit", "Startup Cost": 3717453.28, "Total Cost": 3717453.33, "Plan Rows": 20, "Plan Width": 191, "Plans": [{"Node Type": "Sort", "Parent Relationship": "Outer", "Startup Cost": 3717453.28, "Total Cost": 3721068.03, "Plan Rows": 20, "Plan Width": 191, "Sort Key": ["(sum((lineitem.l_extendedprice * (1::double precision - lineitem.l_discount)))) DESC"], "Plans": [{"Node Type": "Aggregate", "Strategy": "Hashed", "Parent Relationship": "Outer", "Startup Cost": 3664519.48, "Total Cost": 3678978.46, "Plan Rows": 1445898, "Plan Width": 191, "Group By Key": ["customer.c_custkey", "customer.c_name", "customer.c_acctbal", "customer.c_phone", "nation.n_name", "customer.c_address", "customer.c_comment"], "Plans": [{"Node Type": "Nested Loop", "Parent Relationship": "Outer", "Join Type": "Inner", "Startup Cost": 503105.7, "Total Cost": 3628372.03, "Plan Rows": 1445898, "Plan Width": 191, "Inner Unique": false, "Plans": [{"Node Type": "Merge Join", "Parent Relationship": "Outer", "Join Type": "Inner", "Startup Cost": 503105.7, "Total Cost": 511754.58, "Plan Rows": 575746, "Plan Width": 183, "Inner Unique": false, "Merge Cond": "(nation.n_nationkey = customer.c_nationkey)", "Plans": [{"Node Type": "Index Scan", "Parent Relationship": "Outer", "Scan Direction": "Forward", "Index Name": "nation_pkey", "Relation Name": "nation", "Alias": "nation", "Startup Cost": 0.0, "Total Cost": 12.62, "Plan Rows": 25, "Plan Width": 30}, {"Node Type": "Sort", "Parent Relationship": "Inner", "Startup Cost": 503105.7, "Total Cost": 504545.07, "Plan Rows": 575746, "Plan Width": 161, "Sort Key": ["customer.c_nationkey"], "Plans": [{"Node Type": "Merge Join", "Parent Relationship": "Outer", "Join Type": "Inner", "Startup Cost": 354871.86, "Total Cost": 448021.0, "Plan Rows": 575746, "Plan Width": 161, "Inner Unique": false, "Merge Cond": "(customer.c_custkey = orders.o_custkey)", "Plans": [{"Node Type": "Index Scan", "Parent Relationship": "Outer", "Scan Direction": "Forward", "Index Name": "customer_pkey", "Relation Name": "customer", "Alias": "customer", "Startup Cost": 0.0, "Total Cost": 80765.36, "Plan Rows": 1500000, "Plan Width": 153}, {"Node Type": "Sort", "Parent Relationship": "Inner", "Startup Cost": 354869.55, "Total Cost": 356308.91, "Plan Rows": 575746, "Plan Width": 16, "Sort Key": ["orders.o_custkey"], "Plans": [{"Node Type": "Bitmap Heap Scan", "Parent Relationship": "Outer", "Relation Name": "orders", "Alias": "orders", "Startup Cost": 14729.65, "Total Cost": 299784.84, "Plan Rows": 575746, "Plan Width": 16, "Recheck Cond": "((o_orderdate >= '1993-08-01 00:00:00'::timestamp(0) without time zone) AND (o_orderdate < '1993-11-01 00:00:00'::timestamp without time zone)), (LLVM Optimized)", "Plans": [{"Node Type": "Bitmap Index Scan", "Parent Relationship": "Outer", "Index Name": "idx_orders_orderdate", "Startup Cost": 0.0, "Total Cost": 14585.71, "Plan Rows": 575746, "Plan Width": 0, "Index Cond": "((o_orderdate >= '1993-08-01 00:00:00'::timestamp(0) without time zone) AND (o_orderdate < '1993-11-01 00:00:00'::timestamp without time zone))"}]}]}]}]}]}, {"Node Type": "Index Scan", "Parent Relationship": "Inner", "Scan Direction": "Forward", "Index Name": "idx_lineitem_orderkey", "Relation Name": "lineitem", "Alias": "lineitem", "Startup Cost": 0.0, "Total Cost": 5.38, "Plan Rows": 3, "Plan Width": 24, "Index Cond": "(l_orderkey = orders.o_orderkey)", "Filter": "(l_returnflag = 'R'::bpchar)"}]}]}]}]}, "Unique SQL Id": 1604070524, "Planner Runtime": 1}, "explain_analyze_plan": {"Plan": {"Node Type": "Limit", "Startup Cost": 3717453.28, "Total Cost": 3717453.33, "Plan Rows": 20, "Plan Width": 191, "Actual Startup Time": 12881.408, "Actual Total Time": 12881.416, "Actual Rows": 20, "Actual Loops": 1, "Plans": [{"Node Type": "Sort", "Parent Relationship": "Outer", "Startup Cost": 3717453.28, "Total Cost": 3721068.03, "Plan Rows": 20, "Plan Width": 191, "Actual Startup Time": 12881.404, "Actual Total Time": 12881.409, "Actual Rows": 20, "Actual Loops": 1, "Sort Key": ["(sum((lineitem.l_extendedprice * (1::double precision - lineitem.l_discount)))) DESC"], "Sort Method": "top-N heapsort", "Sort Space Used": 35, "Sort Space Type": "Memory", "Plans": [{"Node Type": "Aggregate", "Strategy": "Hashed", "Parent Relationship": "Outer", "Startup Cost": 3664519.48, "Total Cost": 3678978.46, "Plan Rows": 1445898, "Plan Width": 191, "Actual Startup Time": 12526.995, "Actual Total Time": 12746.263, "Actual Rows": 381542, "Actual Loops": 1, "Group By Key": ["customer.c_custkey", "customer.c_name", "customer.c_acctbal", "customer.c_phone", "nation.n_name", "customer.c_address", "customer.c_comment"], "Plans": [{"Node Type": "Nested Loop", "Parent Relationship": "Outer", "Join Type": "Inner", "Startup Cost": 503105.7, "Total Cost": 3628372.03, "Plan Rows": 1445898, "Plan Width": 191, "Actual Startup Time": 2944.515, "Actual Total Time": 10761.98, "Actual Rows": 1145969, "Actual Loops": 1, "Inner Unique": false, "Plans": [{"Node Type": "Merge Join", "Parent Relationship": "Outer", "Join Type": "Inner", "Startup Cost": 503105.7, "Total Cost": 511754.58, "Plan Rows": 575746, "Plan Width": 183, "Actual Startup Time": 2944.443, "Actual Total Time": 3367.18, "Actual Rows": 573635, "Actual Loops": 1, "Inner Unique": false, "Merge Cond": "(nation.n_nationkey = customer.c_nationkey)", "Plans": [{"Node Type": "Index Scan", "Parent Relationship": "Outer", "Scan Direction": "Forward", "Index Name": "nation_pkey", "Relation Name": "nation", "Alias": "nation", "Startup Cost": 0.0, "Total Cost": 12.62, "Plan Rows": 25, "Plan Width": 30, "Actual Startup Time": 0.017, "Actual Total Time": 0.076, "Actual Rows": 25, "Actual Loops": 1}, {"Node Type": "Sort", "Parent Relationship": "Inner", "Startup Cost": 503105.7, "Total Cost": 504545.07, "Plan Rows": 575746, "Plan Width": 161, "Actual Startup Time": 2944.414, "Actual Total Time": 3092.845, "Actual Rows": 573635, "Actual Loops": 1, "Sort Key": ["customer.c_nationkey"], "Sort Method": "quicksort", "Sort Space Used": 185911, "Sort Space Type": "Memory", "Plans": [{"Node Type": "Merge Join", "Parent Relationship": "Outer", "Join Type": "Inner", "Startup Cost": 354871.86, "Total Cost": 448021.0, "Plan Rows": 575746, "Plan Width": 161, "Actual Startup Time": 1115.13, "Actual Total Time": 2664.999, "Actual Rows": 573635, "Actual Loops": 1, "Inner Unique": false, "Merge Cond": "(customer.c_custkey = orders.o_custkey)", "Plans": [{"Node Type": "Index Scan", "Parent Relationship": "Outer", "Scan Direction": "Forward", "Index Name": "customer_pkey", "Relation Name": "customer", "Alias": "customer", "Startup Cost": 0.0, "Total Cost": 80765.36, "Plan Rows": 1500000, "Plan Width": 153, "Actual Startup Time": 0.022, "Actual Total Time": 938.404, "Actual Rows": 1499999, "Actual Loops": 1}, {"Node Type": "Sort", "Parent Relationship": "Inner", "Startup Cost": 354869.55, "Total Cost": 356308.91, "Plan Rows": 575746, "Plan Width": 16, "Actual Startup Time": 1115.096, "Actual Total Time": 1256.851, "Actual Rows": 573635, "Actual Loops": 1, "Sort Key": ["orders.o_custkey"], "Sort Method": "quicksort", "Sort Space Used": 78355, "Sort Space Type": "Memory", "Plans": [{"Node Type": "Bitmap Heap Scan", "Parent Relationship": "Outer", "Relation Name": "orders", "Alias": "orders", "Startup Cost": 14729.65, "Total Cost": 299784.84, "Plan Rows": 575746, "Plan Width": 16, "Actual Startup Time": 240.083, "Actual Total Time": 882.591, "Actual Rows": 573635, "Actual Loops": 1, "Recheck Cond": "((o_orderdate >= '1993-08-01 00:00:00'::timestamp(0) without time zone) AND (o_orderdate < '1993-11-01 00:00:00'::timestamp without time zone)), (LLVM Optimized, Jit Execute)", "Rows Removed by Index Recheck": 0, "Exact Heap Blocks": 242860, "Lossy Heap Blocks": 242860, "Plans": [{"Node Type": "Bitmap Index Scan", "Parent Relationship": "Outer", "Index Name": "idx_orders_orderdate", "Startup Cost": 0.0, "Total Cost": 14585.71, "Plan Rows": 575746, "Plan Width": 0, "Actual Startup Time": 164.177, "Actual Total Time": 164.177, "Actual Rows": 573635, "Actual Loops": 1, "Index Cond": "((o_orderdate >= '1993-08-01 00:00:00'::timestamp(0) without time zone) AND (o_orderdate < '1993-11-01 00:00:00'::timestamp without time zone))"}]}]}]}]}]}, {"Node Type": "Index Scan", "Parent Relationship": "Inner", "Scan Direction": "Forward", "Index Name": "idx_lineitem_orderkey", "Relation Name": "lineitem", "Alias": "lineitem", "Startup Cost": 0.0, "Total Cost": 5.38, "Plan Rows": 3, "Plan Width": 24, "Actual Startup Time": 5538.719, "Actual Total Time": 6781.072, "Actual Rows": 1145969, "Actual Loops": 573635, "Index Cond": "(l_orderkey = orders.o_orderkey)", "Rows Removed by Index Recheck": 0, "Filter": "(l_returnflag = 'R'::bpchar)", "Rows Removed by Filter": 1146896}]}]}]}]}, "Triggers": [], "Planner Runtime": 1, "Total Runtime": 12891.724, "Unique SQL Id": 1604070524}}, "(1, 18)": {"explain_plan": {"Plan": {"Node Type": "Limit", "Startup Cost": 4808550.36, "Total Cost": 4808550.41, "Plan Rows": 20, "Plan Width": 191, "Plans": [{"Node Type": "Sort", "Parent Relationship": "Outer", "Startup Cost": 4808550.36, "Total Cost": 4812165.1, "Plan Rows": 20, "Plan Width": 191, "Sort Key": ["(sum((lineitem.l_extendedprice * (1::double precision - lineitem.l_discount)))) DESC"], "Plans": [{"Node Type": "Aggregate", "Strategy": "Hashed", "Parent Relationship": "Outer", "Startup Cost": 4755616.55, "Total Cost": 4770075.53, "Plan Rows": 1445898, "Plan Width": 191, "Group By Key": ["customer.c_custkey", "customer.c_name", "customer.c_acctbal", "customer.c_phone", "nation.n_name", "customer.c_address", "customer.c_comment"], "Plans": [{"Node Type": "Merge Join", "Parent Relationship": "Outer", "Join Type": "Inner", "Startup Cost": 4627956.66, "Total Cost": 4719469.1, "Plan Rows": 1445898, "Plan Width": 191, "Inner Unique": false, "Merge Cond": "(orders.o_orderkey = lineitem.l_orderkey)", "Plans": [{"Node Type": "Sort", "Parent Relationship": "Outer", "Startup Cost": 695813.19, "Total Cost": 697252.55, "Plan Rows": 575746, "Plan Width": 183, "Sort Key": ["orders.o_orderkey"], "Plans": [{"Node Type": "Merge Join", "Parent Relationship": "Outer", "Join Type": "Inner", "Startup Cost": 632092.16, "Total Cost": 640728.48, "Plan Rows": 575746, "Plan Width": 183, "Inner Unique": false, "Merge Cond": "(nation.n_nationkey = customer.c_nationkey)", "Plans": [{"Node Type": "Sort", "Parent Relationship": "Outer", "Startup Cost": 1.83, "Total Cost": 1.89, "Plan Rows": 25, "Plan Width": 30, "Sort Key": ["nation.n_nationkey"], "Plans": [{"Node Type": "Seq Scan", "Parent Relationship": "Outer", "Relation Name": "nation", "Alias": "nation", "Startup Cost": 0.0, "Total Cost": 1.25, "Plan Rows": 25, "Plan Width": 30}]}, {"Node Type": "Sort", "Parent Relationship": "Inner", "Startup Cost": 632090.33, "Total Cost": 633529.7, "Plan Rows": 575746, "Plan Width": 161, "Sort Key": ["customer.c_nationkey"], "Plans": [{"Node Type": "Merge Join", "Parent Relationship": "Outer", "Join Type": "Inner", "Startup Cost": 560869.73, "Total Cost": 577005.62, "Plan Rows": 575746, "Plan Width": 161, "Inner Unique": false, "Merge Cond": "(customer.c_custkey = orders.o_custkey)", "Plans": [{"Node Type": "Sort", "Parent Relationship": "Outer", "Startup Cost": 205999.98, "Total Cost": 209749.98, "Plan Rows": 1500000, "Plan Width": 153, "Sort Key": ["customer.c_custkey"], "Plans": [{"Node Type": "Seq Scan", "Parent Relationship": "Outer", "Relation Name": "customer", "Alias": "customer", "Startup Cost": 0.0, "Total Cost": 52126.0, "Plan Rows": 1500000, "Plan Width": 153}]}, {"Node Type": "Sort", "Parent Relationship": "Inner", "Startup Cost": 354869.55, "Total Cost": 356308.91, "Plan Rows": 575746, "Plan Width": 16, "Sort Key": ["orders.o_custkey"], "Plans": [{"Node Type": "Bitmap Heap Scan", "Parent Relationship": "Outer", "Relation Name": "orders", "Alias": "orders", "Startup Cost": 14729.65, "Total Cost": 299784.84, "Plan Rows": 575746, "Plan Width": 16, "Recheck Cond": "((o_orderdate >= '1993-08-01 00:00:00'::timestamp(0) without time zone) AND (o_orderdate < '1993-11-01 00:00:00'::timestamp without time zone)), (LLVM Optimized)", "Plans": [{"Node Type": "Bitmap Index Scan", "Parent Relationship": "Outer", "Index Name": "idx_orders_orderdate", "Startup Cost": 0.0, "Total Cost": 14585.71, "Plan Rows": 575746, "Plan Width": 0, "Index Cond": "((o_orderdate >= '1993-08-01 00:00:00'::timestamp(0) without time zone) AND (o_orderdate < '1993-11-01 00:00:00'::timestamp without time zone))"}]}]}]}]}]}]}, {"Node Type": "Sort", "Parent Relationship": "Inner", "Startup Cost": 3932143.37, "Total Cost": 3969231.39, "Plan Rows": 14835209, "Plan Width": 24, "Sort Key": ["lineitem.l_orderkey"], "Plans": [{"Node Type": "Seq Scan", "Parent Relationship": "Outer", "Relation Name": "lineitem", "Alias": "lineitem", "Startup Cost": 0.0, "Total Cost": 2165082.91, "Plan Rows": 14835209, "Plan Width": 24, "Filter": "(l_returnflag = 'R'::bpchar), (LLVM Optimized)"}]}]}]}]}]}, "Unique SQL Id": 1604070524, "Planner Runtime": 1}, "explain_analyze_plan": {"Plan": {"Node Type": "Limit", "Startup Cost": 4808550.36, "Total Cost": 4808550.41, "Plan Rows": 20, "Plan Width": 191, "Actual Startup Time": 39076.757, "Actual Total Time": 39076.763, "Actual Rows": 20, "Actual Loops": 1, "Plans": [{"Node Type": "Sort", "Parent Relationship": "Outer", "Startup Cost": 4808550.36, "Total Cost": 4812165.1, "Plan Rows": 20, "Plan Width": 191, "Actual Startup Time": 39076.755, "Actual Total Time": 39076.759, "Actual Rows": 20, "Actual Loops": 1, "Sort Key": ["(sum((lineitem.l_extendedprice * (1::double precision - lineitem.l_discount)))) DESC"], "Sort Method": "top-N heapsort", "Sort Space Used": 35, "Sort Space Type": "Memory", "Plans": [{"Node Type": "Aggregate", "Strategy": "Hashed", "Parent Relationship": "Outer", "Startup Cost": 4755616.55, "Total Cost": 4770075.53, "Plan Rows": 1445898, "Plan Width": 191, "Actual Startup Time": 38746.781, "Actual Total Time": 38944.817, "Actual Rows": 381542, "Actual Loops": 1, "Group By Key": ["customer.c_custkey", "customer.c_name", "customer.c_acctbal", "customer.c_phone", "nation.n_name", "customer.c_address", "customer.c_comment"], "Plans": [{"Node Type": "Merge Join", "Parent Relationship": "Outer", "Join Type": "Inner", "Startup Cost": 4627956.66, "Total Cost": 4719469.1, "Plan Rows": 1445898, "Plan Width": 191, "Actual Startup Time": 32286.615, "Actual Total Time": 37096.16, "Actual Rows": 1145969, "Actual Loops": 1, "Inner Unique": false, "Merge Cond": "(orders.o_orderkey = lineitem.l_orderkey)", "Plans": [{"Node Type": "Sort", "Parent Relationship": "Outer", "Startup Cost": 695813.19, "Total Cost": 697252.55, "Plan Rows": 575746, "Plan Width": 183, "Actual Startup Time": 4308.423, "Actual Total Time": 4439.603, "Actual Rows": 573635, "Actual Loops": 1, "Sort Key": ["orders.o_orderkey"], "Sort Method": "quicksort", "Sort Space Used": 199246, "Sort Space Type": "Memory", "Plans": [{"Node Type": "Merge Join", "Parent Relationship": "Outer", "Join Type": "Inner", "Startup Cost": 632092.16, "Total Cost": 640728.48, "Plan Rows": 575746, "Plan Width": 183, "Actual Startup Time": 3692.463, "Actual Total Time": 3992.69, "Actual Rows": 573635, "Actual Loops": 1, "Inner Unique": false, "Merge Cond": "(nation.n_nationkey = customer.c_nationkey)", "Plans": [{"Node Type": "Sort", "Parent Relationship": "Outer", "Startup Cost": 1.83, "Total Cost": 1.89, "Plan Rows": 25, "Plan Width": 30, "Actual Startup Time": 0.048, "Actual Total Time": 0.052, "Actual Rows": 25, "Actual Loops": 1, "Sort Key": ["nation.n_nationkey"], "Sort Method": "quicksort", "Sort Space Used": 27, "Sort Space Type": "Memory", "Plans": [{"Node Type": "Seq Scan", "Parent Relationship": "Outer", "Relation Name": "nation", "Alias": "nation", "Startup Cost": 0.0, "Total Cost": 1.25, "Plan Rows": 25, "Plan Width": 30, "Actual Startup Time": 0.022, "Actual Total Time": 0.027, "Actual Rows": 25, "Actual Loops": 1}]}, {"Node Type": "Sort", "Parent Relationship": "Inner", "Startup Cost": 632090.33, "Total Cost": 633529.7, "Plan Rows": 575746, "Plan Width": 161, "Actual Startup Time": 3692.398, "Actual Total Time": 3788.963, "Actual Rows": 573635, "Actual Loops": 1, "Sort Key": ["customer.c_nationkey"], "Sort Method": "quicksort", "Sort Space Used": 185911, "Sort Space Type": "Memory", "Plans": [{"Node Type": "Merge Join", "Parent Relationship": "Outer", "Join Type": "Inner", "Startup Cost": 560869.73, "Total Cost": 577005.62, "Plan Rows": 575746, "Plan Width": 161, "Actual Startup Time": 2460.02, "Actual Total Time": 3448.501, "Actual Rows": 573635, "Actual Loops": 1, "Inner Unique": false, "Merge Cond": "(customer.c_custkey = orders.o_custkey)", "Plans": [{"Node Type": "Sort", "Parent Relationship": "Outer", "Startup Cost": 205999.98, "Total Cost": 209749.98, "Plan Rows": 1500000, "Plan Width": 153, "Actual Startup Time": 1209.749, "Actual Total Time": 1493.86, "Actual Rows": 1499999, "Actual Loops": 1, "Sort Key": ["customer.c_custkey"], "Sort Method": "quicksort", "Sort Space Used": 470340, "Sort Space Type": "Memory", "Plans": [{"Node Type": "Seq Scan", "Parent Relationship": "Outer", "Relation Name": "customer", "Alias": "customer", "Startup Cost": 0.0, "Total Cost": 52126.0, "Plan Rows": 1500000, "Plan Width": 153, "Actual Startup Time": 0.014, "Actual Total Time": 545.626, "Actual Rows": 1500000, "Actual Loops": 1}]}, {"Node Type": "Sort", "Parent Relationship": "Inner", "Startup Cost": 354869.55, "Total Cost": 356308.91, "Plan Rows": 575746, "Plan Width": 16, "Actual Startup Time": 1250.255, "Actual Total Time": 1430.039, "Actual Rows": 573635, "Actual Loops": 1, "Sort Key": ["orders.o_custkey"], "Sort Method": "quicksort", "Sort Space Used": 78355, "Sort Space Type": "Memory", "Plans": [{"Node Type": "Bitmap Heap Scan", "Parent Relationship": "Outer", "Relation Name": "orders", "Alias": "orders", "Startup Cost": 14729.65, "Total Cost": 299784.84, "Plan Rows": 575746, "Plan Width": 16, "Actual Startup Time": 255.16, "Actual Total Time": 1004.014, "Actual Rows": 573635, "Actual Loops": 1, "Recheck Cond": "((o_orderdate >= '1993-08-01 00:00:00'::timestamp(0) without time zone) AND (o_orderdate < '1993-11-01 00:00:00'::timestamp without time zone)), (LLVM Optimized, Jit Execute)", "Rows Removed by Index Recheck": 0, "Exact Heap Blocks": 242860, "Lossy Heap Blocks": 242860, "Plans": [{"Node Type": "Bitmap Index Scan", "Parent Relationship": "Outer", "Index Name": "idx_orders_orderdate", "Startup Cost": 0.0, "Total Cost": 14585.71, "Plan Rows": 575746, "Plan Width": 0, "Actual Startup Time": 175.029, "Actual Total Time": 175.029, "Actual Rows": 573635, "Actual Loops": 1, "Index Cond": "((o_orderdate >= '1993-08-01 00:00:00'::timestamp(0) without time zone) AND (o_orderdate < '1993-11-01 00:00:00'::timestamp without time zone))"}]}]}]}]}]}]}, {"Node Type": "Sort", "Parent Relationship": "Inner", "Startup Cost": 3932143.37, "Total Cost": 3969231.39, "Plan Rows": 14835209, "Plan Width": 24, "Actual Startup Time": 27978.156, "Actual Total Time": 29855.231, "Actual Rows": 14808182, "Actual Loops": 1, "Sort Key": ["lineitem.l_orderkey"], "Sort Method": "quicksort", "Sort Space Used": 1781484, "Sort Space Type": "Memory", "Plans": [{"Node Type": "Seq Scan", "Parent Relationship": "Outer", "Relation Name": "lineitem", "Alias": "lineitem", "Startup Cost": 0.0, "Total Cost": 2165082.91, "Plan Rows": 14835209, "Plan Width": 24, "Actual Startup Time": 0.043, "Actual Total Time": 22456.204, "Actual Rows": 14808183, "Actual Loops": 1, "Filter": "(l_returnflag = 'R'::bpchar), (LLVM Optimized, Jit Execute)", "Rows Removed by Filter": 45177869}]}]}]}]}]}, "Triggers": [], "Planner Runtime": 1, "Total Runtime": 39087.087, "Unique SQL Id": 1604070524}}, "(1, 19)": {"explain_plan": {"Plan": {"Node Type": "Limit", "Startup Cost": 13443415.76, "Total Cost": 13443415.81, "Plan Rows": 20, "Plan Width": 191, "Plans": [{"Node Type": "Sort", "Parent Relationship": "Outer", "Startup Cost": 13443415.76, "Total Cost": 13447030.51, "Plan Rows": 20, "Plan Width": 191, "Sort Key": ["(sum((lineitem.l_extendedprice * (1::double precision - lineitem.l_discount)))) DESC"], "Plans": [{"Node Type": "Aggregate", "Strategy": "Hashed", "Parent Relationship": "Outer", "Startup Cost": 13390481.96, "Total Cost": 13404940.94, "Plan Rows": 1445898, "Plan Width": 191, "Group By Key": ["customer.c_custkey", "customer.c_name", "customer.c_acctbal", "customer.c_phone", "nation.n_name", "customer.c_address", "customer.c_comment"], "Plans": [{"Node Type": "Nested Loop", "Parent Relationship": "Outer", "Join Type": "Inner", "Startup Cost": 14732.12, "Total Cost": 13354334.51, "Plan Rows": 1445898, "Plan Width": 191, "Inner Unique": false, "Plans": [{"Node Type": "Nested Loop", "Parent Relationship": "Outer", "Join Type": "Inner", "Startup Cost": 14730.2, "Total Cost": 5249597.54, "Plan Rows": 575746, "Plan Width": 183, "Inner Unique": true, "Plans": [{"Node Type": "Nested Loop", "Parent Relationship": "Outer", "Join Type": "Inner", "Startup Cost": 14729.94, "Total Cost": 2785257.65, "Plan Rows": 575746, "Plan Width": 161, "Inner Unique": true, "Plans": [{"Node Type": "Bitmap Heap Scan", "Parent Relationship": "Outer", "Relation Name": "orders", "Alias": "orders", "Startup Cost": 14729.65, "Total Cost": 299784.84, "Plan Rows": 575746, "Plan Width": 16, "Recheck Cond": "((o_orderdate >= '1993-08-01 00:00:00'::timestamp(0) without time zone) AND (o_orderdate < '1993-11-01 00:00:00'::timestamp without time zone)), (LLVM Optimized)", "Plans": [{"Node Type": "Bitmap Index Scan", "Parent Relationship": "Outer", "Index Name": "idx_orders_orderdate", "Startup Cost": 0.0, "Total Cost": 14585.71, "Plan Rows": 575746, "Plan Width": 0, "Index Cond": "((o_orderdate >= '1993-08-01 00:00:00'::timestamp(0) without time zone) AND (o_orderdate < '1993-11-01 00:00:00'::timestamp without time zone))"}]}, {"Node Type": "Bitmap Heap Scan", "Parent Relationship": "Inner", "Relation Name": "customer", "Alias": "customer", "Startup Cost": 0.29, "Total Cost": 4.31, "Plan Rows": 1, "Plan Width": 153, "Recheck Cond": "(c_custkey = orders.o_custkey)", "Plans": [{"Node Type": "Bitmap Index Scan", "Parent Relationship": "Outer", "Index Name": "customer_pkey", "Startup Cost": 0.0, "Total Cost": 0.29, "Plan Rows": 1, "Plan Width": 0, "Index Cond": "(c_custkey = orders.o_custkey)"}]}]}, {"Node Type": "Bitmap Heap Scan", "Parent Relationship": "Inner", "Relation Name": "nation", "Alias": "nation", "Startup Cost": 0.26, "Total Cost": 4.27, "Plan Rows": 1, "Plan Width": 30, "Recheck Cond": "(n_nationkey = customer.c_nationkey)", "Plans": [{"Node Type": "Bitmap Index Scan", "Parent Relationship": "Outer", "Index Name": "nation_pkey", "Startup Cost": 0.0, "Total Cost": 0.26, "Plan Rows": 1, "Plan Width": 0, "Index Cond": "(n_nationkey = customer.c_nationkey)"}]}]}, {"Node Type": "Bitmap Heap Scan", "Parent Relationship": "Inner", "Relation Name": "lineitem", "Alias": "lineitem", "Startup Cost": 1.93, "Total Cost": 14.05, "Plan Rows": 3, "Plan Width": 24, "Recheck Cond": "(l_orderkey = orders.o_orderkey)", "Filter": "(l_returnflag = 'R'::bpchar)", "Plans": [{"Node Type": "Bitmap Index Scan", "Parent Relationship": "Outer", "Index Name": "idx_lineitem_orderkey", "Startup Cost": 0.0, "Total Cost": 1.92, "Plan Rows": 9, "Plan Width": 0, "Index Cond": "(l_orderkey = orders.o_orderkey)"}]}]}]}]}]}, "Unique SQL Id": 1604070524, "Planner Runtime": 1}, "explain_analyze_plan": {"Plan": {"Node Type": "Limit", "Startup Cost": 13443415.76, "Total Cost": 13443415.81, "Plan Rows": 20, "Plan Width": 191, "Actual Startup Time": 17197.212, "Actual Total Time": 17197.217, "Actual Rows": 20, "Actual Loops": 1, "Plans": [{"Node Type": "Sort", "Parent Relationship": "Outer", "Startup Cost": 13443415.76, "Total Cost": 13447030.51, "Plan Rows": 20, "Plan Width": 191, "Actual Startup Time": 17197.208, "Actual Total Time": 17197.21, "Actual Rows": 20, "Actual Loops": 1, "Sort Key": ["(sum((lineitem.l_extendedprice * (1::double precision - lineitem.l_discount)))) DESC"], "Sort Method": "top-N heapsort", "Sort Space Used": 35, "Sort Space Type": "Memory", "Plans": [{"Node Type": "Aggregate", "Strategy": "Hashed", "Parent Relationship": "Outer", "Startup Cost": 13390481.96, "Total Cost": 13404940.94, "Plan Rows": 1445898, "Plan Width": 191, "Actual Startup Time": 16740.682, "Actual Total Time": 17059.666, "Actual Rows": 381542, "Actual Loops": 1, "Group By Key": ["customer.c_custkey", "customer.c_name", "customer.c_acctbal", "customer.c_phone", "nation.n_name", "customer.c_address", "customer.c_comment"], "Plans": [{"Node Type": "Nested Loop", "Parent Relationship": "Outer", "Join Type": "Inner", "Startup Cost": 14732.12, "Total Cost": 13354334.51, "Plan Rows": 1445898, "Plan Width": 191, "Actual Startup Time": 238.524, "Actual Total Time": 14766.149, "Actual Rows": 1145969, "Actual Loops": 1, "Inner Unique": false, "Plans": [{"Node Type": "Nested Loop", "Parent Relationship": "Outer", "Join Type": "Inner", "Startup Cost": 14730.2, "Total Cost": 5249597.54, "Plan Rows": 575746, "Plan Width": 183, "Actual Startup Time": 238.474, "Actual Total Time": 8454.028, "Actual Rows": 573635, "Actual Loops": 1, "Inner Unique": true, "Plans": [{"Node Type": "Nested Loop", "Parent Relationship": "Outer", "Join Type": "Inner", "Startup Cost": 14729.94, "Total Cost": 2785257.65, "Plan Rows": 575746, "Plan Width": 161, "Actual Startup Time": 238.424, "Actual Total Time": 6266.051, "Actual Rows": 573635, "Actual Loops": 1, "Inner Unique": true, "Plans": [{"Node Type": "Bitmap Heap Scan", "Parent Relationship": "Outer", "Relation Name": "orders", "Alias": "orders", "Startup Cost": 14729.65, "Total Cost": 299784.84, "Plan Rows": 575746, "Plan Width": 16, "Actual Startup Time": 238.197, "Actual Total Time": 1069.489, "Actual Rows": 573635, "Actual Loops": 1, "Recheck Cond": "((o_orderdate >= '1993-08-01 00:00:00'::timestamp(0) without time zone) AND (o_orderdate < '1993-11-01 00:00:00'::timestamp without time zone)), (LLVM Optimized, Jit Execute)", "Rows Removed by Index Recheck": 0, "Exact Heap Blocks": 242860, "Lossy Heap Blocks": 242860, "Plans": [{"Node Type": "Bitmap Index Scan", "Parent Relationship": "Outer", "Index Name": "idx_orders_orderdate", "Startup Cost": 0.0, "Total Cost": 14585.71, "Plan Rows": 575746, "Plan Width": 0, "Actual Startup Time": 163.236, "Actual Total Time": 163.236, "Actual Rows": 573635, "Actual Loops": 1, "Index Cond": "((o_orderdate >= '1993-08-01 00:00:00'::timestamp(0) without time zone) AND (o_orderdate < '1993-11-01 00:00:00'::timestamp without time zone))"}]}, {"Node Type": "Bitmap Heap Scan", "Parent Relationship": "Inner", "Relation Name": "customer", "Alias": "customer", "Startup Cost": 0.29, "Total Cost": 4.31, "Plan Rows": 1, "Plan Width": 153, "Actual Startup Time": 4318.454, "Actual Total Time": 4318.454, "Actual Rows": 573635, "Actual Loops": 573635, "Recheck Cond": "(c_custkey = orders.o_custkey)", "Rows Removed by Index Recheck": 0, "Exact Heap Blocks": 573635, "Lossy Heap Blocks": 573635, "Plans": [{"Node Type": "Bitmap Index Scan", "Parent Relationship": "Outer", "Index Name": "customer_pkey", "Startup Cost": 0.0, "Total Cost": 0.29, "Plan Rows": 1, "Plan Width": 0, "Actual Startup Time": 2664.814, "Actual Total Time": 2664.814, "Actual Rows": 573635, "Actual Loops": 573635, "Index Cond": "(c_custkey = orders.o_custkey)"}]}]}, {"Node Type": "Bitmap Heap Scan", "Parent Relationship": "Inner", "Relation Name": "nation", "Alias": "nation", "Startup Cost": 0.26, "Total Cost": 4.27, "Plan Rows": 1, "Plan Width": 30, "Actual Startup Time": 1395.278, "Actual Total Time": 1395.278, "Actual Rows": 573635, "Actual Loops": 573635, "Recheck Cond": "(n_nationkey = customer.c_nationkey)", "Rows Removed by Index Recheck": 0, "Exact Heap Blocks": 573635, "Lossy Heap Blocks": 573635, "Plans": [{"Node Type": "Bitmap Index Scan", "Parent Relationship": "Outer", "Index Name": "nation_pkey", "Startup Cost": 0.0, "Total Cost": 0.26, "Plan Rows": 1, "Plan Width": 0, "Actual Startup Time": 608.282, "Actual Total Time": 608.282, "Actual Rows": 573635, "Actual Loops": 573635, "Index Cond": "(n_nationkey = customer.c_nationkey)"}]}]}, {"Node Type": "Bitmap Heap Scan", "Parent Relationship": "Inner", "Relation Name": "lineitem", "Alias": "lineitem", "Startup Cost": 1.93, "Total Cost": 14.05, "Plan Rows": 3, "Plan Width": 24, "Actual Startup Time": 4824.259, "Actual Total Time": 5354.044, "Actual Rows": 1145969, "Actual Loops": 573635, "Recheck Cond": "(l_orderkey = orders.o_orderkey)", "Rows Removed by Index Recheck": 0, "Filter": "(l_returnflag = 'R'::bpchar)", "Rows Removed by Filter": 1146896, "Exact Heap Blocks": 614400, "Lossy Heap Blocks": 614400, "Plans": [{"Node Type": "Bitmap Index Scan", "Parent Relationship": "Outer", "Index Name": "idx_lineitem_orderkey", "Startup Cost": 0.0, "Total Cost": 1.92, "Plan Rows": 9, "Plan Width": 0, "Actual Startup Time": 2480.858, "Actual Total Time": 2480.858, "Actual Rows": 2292865, "Actual Loops": 573635, "Index Cond": "(l_orderkey = orders.o_orderkey)"}]}]}]}]}]}, "Triggers": [], "Planner Runtime": 0, "Total Runtime": 17207.36, "Unique SQL Id": 1604070524}}, "(1, 20)": {"explain_plan": {"Plan": {"Node Type": "Limit", "Startup Cost": 3717442.55, "Total Cost": 3717442.6, "Plan Rows": 20, "Plan Width": 191, "Plans": [{"Node Type": "Sort", "Parent Relationship": "Outer", "Startup Cost": 3717442.55, "Total Cost": 3721057.3, "Plan Rows": 20, "Plan Width": 191, "Sort Key": ["(sum((lineitem.l_extendedprice * (1::double precision - lineitem.l_discount)))) DESC"], "Plans": [{"Node Type": "Aggregate", "Strategy": "Hashed", "Parent Relationship": "Outer", "Startup Cost": 3664508.75, "Total Cost": 3678967.73, "Plan Rows": 1445898, "Plan Width": 191, "Group By Key": ["customer.c_custkey", "customer.c_name", "customer.c_acctbal", "customer.c_phone", "nation.n_name", "customer.c_address", "customer.c_comment"], "Plans": [{"Node Type": "Nested Loop", "Parent Relationship": "Outer", "Join Type": "Inner", "Startup Cost": 503107.54, "Total Cost": 3628361.3, "Plan Rows": 1445898, "Plan Width": 191, "Inner Unique": false, "Plans": [{"Node Type": "Merge Join", "Parent Relationship": "Outer", "Join Type": "Inner", "Startup Cost": 503107.54, "Total Cost": 511743.85, "Plan Rows": 575746, "Plan Width": 183, "Inner Unique": false, "Merge Cond": "(nation.n_nationkey = customer.c_nationkey)", "Plans": [{"Node Type": "Sort", "Parent Relationship": "Outer", "Startup Cost": 1.83, "Total Cost": 1.89, "Plan Rows": 25, "Plan Width": 30, "Sort Key": ["nation.n_nationkey"], "Plans": [{"Node Type": "Seq Scan", "Parent Relationship": "Outer", "Relation Name": "nation", "Alias": "nation", "Startup Cost": 0.0, "Total Cost": 1.25, "Plan Rows": 25, "Plan Width": 30}]}, {"Node Type": "Sort", "Parent Relationship": "Inner", "Startup Cost": 503105.7, "Total Cost": 504545.07, "Plan Rows": 575746, "Plan Width": 161, "Sort Key": ["customer.c_nationkey"], "Plans": [{"Node Type": "Merge Join", "Parent Relationship": "Outer", "Join Type": "Inner", "Startup Cost": 354871.86, "Total Cost": 448021.0, "Plan Rows": 575746, "Plan Width": 161, "Inner Unique": false, "Merge Cond": "(customer.c_custkey = orders.o_custkey)", "Plans": [{"Node Type": "Index Scan", "Parent Relationship": "Outer", "Scan Direction": "Forward", "Index Name": "customer_pkey", "Relation Name": "customer", "Alias": "customer", "Startup Cost": 0.0, "Total Cost": 80765.36, "Plan Rows": 1500000, "Plan Width": 153}, {"Node Type": "Sort", "Parent Relationship": "Inner", "Startup Cost": 354869.55, "Total Cost": 356308.91, "Plan Rows": 575746, "Plan Width": 16, "Sort Key": ["orders.o_custkey"], "Plans": [{"Node Type": "Bitmap Heap Scan", "Parent Relationship": "Outer", "Relation Name": "orders", "Alias": "orders", "Startup Cost": 14729.65, "Total Cost": 299784.84, "Plan Rows": 575746, "Plan Width": 16, "Recheck Cond": "((o_orderdate >= '1993-08-01 00:00:00'::timestamp(0) without time zone) AND (o_orderdate < '1993-11-01 00:00:00'::timestamp without time zone)), (LLVM Optimized)", "Plans": [{"Node Type": "Bitmap Index Scan", "Parent Relationship": "Outer", "Index Name": "idx_orders_orderdate", "Startup Cost": 0.0, "Total Cost": 14585.71, "Plan Rows": 575746, "Plan Width": 0, "Index Cond": "((o_orderdate >= '1993-08-01 00:00:00'::timestamp(0) without time zone) AND (o_orderdate < '1993-11-01 00:00:00'::timestamp without time zone))"}]}]}]}]}]}, {"Node Type": "Index Scan", "Parent Relationship": "Inner", "Scan Direction": "Forward", "Index Name": "idx_lineitem_orderkey", "Relation Name": "lineitem", "Alias": "lineitem", "Startup Cost": 0.0, "Total Cost": 5.38, "Plan Rows": 3, "Plan Width": 24, "Index Cond": "(l_orderkey = orders.o_orderkey)", "Filter": "(l_returnflag = 'R'::bpchar)"}]}]}]}]}, "Unique SQL Id": 1604070524, "Planner Runtime": 1}, "explain_analyze_plan": {"Plan": {"Node Type": "Limit", "Startup Cost": 3717442.55, "Total Cost": 3717442.6, "Plan Rows": 20, "Plan Width": 191, "Actual Startup Time": 12711.136, "Actual Total Time": 12711.142, "Actual Rows": 20, "Actual Loops": 1, "Plans": [{"Node Type": "Sort", "Parent Relationship": "Outer", "Startup Cost": 3717442.55, "Total Cost": 3721057.3, "Plan Rows": 20, "Plan Width": 191, "Actual Startup Time": 12711.132, "Actual Total Time": 12711.135, "Actual Rows": 20, "Actual Loops": 1, "Sort Key": ["(sum((lineitem.l_extendedprice * (1::double precision - lineitem.l_discount)))) DESC"], "Sort Method": "top-N heapsort", "Sort Space Used": 35, "Sort Space Type": "Memory", "Plans": [{"Node Type": "Aggregate", "Strategy": "Hashed", "Parent Relationship": "Outer", "Startup Cost": 3664508.75, "Total Cost": 3678967.73, "Plan Rows": 1445898, "Plan Width": 191, "Actual Startup Time": 12376.54, "Actual Total Time": 12577.027, "Actual Rows": 381542, "Actual Loops": 1, "Group By Key": ["customer.c_custkey", "customer.c_name", "customer.c_acctbal", "customer.c_phone", "nation.n_name", "customer.c_address", "customer.c_comment"], "Plans": [{"Node Type": "Nested Loop", "Parent Relationship": "Outer", "Join Type": "Inner", "Startup Cost": 503107.54, "Total Cost": 3628361.3, "Plan Rows": 1445898, "Plan Width": 191, "Actual Startup Time": 3119.726, "Actual Total Time": 10640.857, "Actual Rows": 1145969, "Actual Loops": 1, "Inner Unique": false, "Plans": [{"Node Type": "Merge Join", "Parent Relationship": "Outer", "Join Type": "Inner", "Startup Cost": 503107.54, "Total Cost": 511743.85, "Plan Rows": 575746, "Plan Width": 183, "Actual Startup Time": 3119.655, "Actual Total Time": 3504.339, "Actual Rows": 573635, "Actual Loops": 1, "Inner Unique": false, "Merge Cond": "(nation.n_nationkey = customer.c_nationkey)", "Plans": [{"Node Type": "Sort", "Parent Relationship": "Outer", "Startup Cost": 1.83, "Total Cost": 1.89, "Plan Rows": 25, "Plan Width": 30, "Actual Startup Time": 0.069, "Actual Total Time": 0.089, "Actual Rows": 25, "Actual Loops": 1, "Sort Key": ["nation.n_nationkey"], "Sort Method": "quicksort", "Sort Space Used": 27, "Sort Space Type": "Memory", "Plans": [{"Node Type": "Seq Scan", "Parent Relationship": "Outer", "Relation Name": "nation", "Alias": "nation", "Startup Cost": 0.0, "Total Cost": 1.25, "Plan Rows": 25, "Plan Width": 30, "Actual Startup Time": 0.025, "Actual Total Time": 0.033, "Actual Rows": 25, "Actual Loops": 1}]}, {"Node Type": "Sort", "Parent Relationship": "Inner", "Startup Cost": 503105.7, "Total Cost": 504545.07, "Plan Rows": 575746, "Plan Width": 161, "Actual Startup Time": 3119.576, "Actual Total Time": 3255.292, "Actual Rows": 573635, "Actual Loops": 1, "Sort Key": ["customer.c_nationkey"], "Sort Method": "quicksort", "Sort Space Used": 185911, "Sort Space Type": "Memory", "Plans": [{"Node Type": "Merge Join", "Parent Relationship": "Outer", "Join Type": "Inner", "Startup Cost": 354871.86, "Total Cost": 448021.0, "Plan Rows": 575746, "Plan Width": 161, "Actual Startup Time": 1161.037, "Actual Total Time": 2850.033, "Actual Rows": 573635, "Actual Loops": 1, "Inner Unique": false, "Merge Cond": "(customer.c_custkey = orders.o_custkey)", "Plans": [{"Node Type": "Index Scan", "Parent Relationship": "Outer", "Scan Direction": "Forward", "Index Name": "customer_pkey", "Relation Name": "customer", "Alias": "customer", "Startup Cost": 0.0, "Total Cost": 80765.36, "Plan Rows": 1500000, "Plan Width": 153, "Actual Startup Time": 0.031, "Actual Total Time": 1050.4, "Actual Rows": 1499999, "Actual Loops": 1}, {"Node Type": "Sort", "Parent Relationship": "Inner", "Startup Cost": 354869.55, "Total Cost": 356308.91, "Plan Rows": 575746, "Plan Width": 16, "Actual Startup Time": 1160.992, "Actual Total Time": 1329.422, "Actual Rows": 573635, "Actual Loops": 1, "Sort Key": ["orders.o_custkey"], "Sort Method": "quicksort", "Sort Space Used": 78355, "Sort Space Type": "Memory", "Plans": [{"Node Type": "Bitmap Heap Scan", "Parent Relationship": "Outer", "Relation Name": "orders", "Alias": "orders", "Startup Cost": 14729.65, "Total Cost": 299784.84, "Plan Rows": 575746, "Plan Width": 16, "Actual Startup Time": 238.878, "Actual Total Time": 928.985, "Actual Rows": 573635, "Actual Loops": 1, "Recheck Cond": "((o_orderdate >= '1993-08-01 00:00:00'::timestamp(0) without time zone) AND (o_orderdate < '1993-11-01 00:00:00'::timestamp without time zone)), (LLVM Optimized, Jit Execute)", "Rows Removed by Index Recheck": 0, "Exact Heap Blocks": 242860, "Lossy Heap Blocks": 242860, "Plans": [{"Node Type": "Bitmap Index Scan", "Parent Relationship": "Outer", "Index Name": "idx_orders_orderdate", "Startup Cost": 0.0, "Total Cost": 14585.71, "Plan Rows": 575746, "Plan Width": 0, "Actual Startup Time": 164.053, "Actual Total Time": 164.053, "Actual Rows": 573635, "Actual Loops": 1, "Index Cond": "((o_orderdate >= '1993-08-01 00:00:00'::timestamp(0) without time zone) AND (o_orderdate < '1993-11-01 00:00:00'::timestamp without time zone))"}]}]}]}]}]}, {"Node Type": "Index Scan", "Parent Relationship": "Inner", "Scan Direction": "Forward", "Index Name": "idx_lineitem_orderkey", "Relation Name": "lineitem", "Alias": "lineitem", "Startup Cost": 0.0, "Total Cost": 5.38, "Plan Rows": 3, "Plan Width": 24, "Actual Startup Time": 5330.989, "Actual Total Time": 6534.404, "Actual Rows": 1145969, "Actual Loops": 573635, "Index Cond": "(l_orderkey = orders.o_orderkey)", "Rows Removed by Index Recheck": 0, "Filter": "(l_returnflag = 'R'::bpchar)", "Rows Removed by Filter": 1146896}]}]}]}]}, "Triggers": [], "Planner Runtime": 1, "Total Runtime": 12721.329, "Unique SQL Id": 1604070524}}, "(1, 21)": {"explain_plan": {"Plan": {"Node Type": "Limit", "Startup Cost": 3717453.28, "Total Cost": 3717453.33, "Plan Rows": 20, "Plan Width": 191, "Plans": [{"Node Type": "Sort", "Parent Relationship": "Outer", "Startup Cost": 3717453.28, "Total Cost": 3721068.03, "Plan Rows": 20, "Plan Width": 191, "Sort Key": ["(sum((lineitem.l_extendedprice * (1::double precision - lineitem.l_discount)))) DESC"], "Plans": [{"Node Type": "Aggregate", "Strategy": "Hashed", "Parent Relationship": "Outer", "Startup Cost": 3664519.48, "Total Cost": 3678978.46, "Plan Rows": 1445898, "Plan Width": 191, "Group By Key": ["customer.c_custkey", "customer.c_name", "customer.c_acctbal", "customer.c_phone", "nation.n_name", "customer.c_address", "customer.c_comment"], "Plans": [{"Node Type": "Nested Loop", "Parent Relationship": "Outer", "Join Type": "Inner", "Startup Cost": 503105.7, "Total Cost": 3628372.03, "Plan Rows": 1445898, "Plan Width": 191, "Inner Unique": false, "Plans": [{"Node Type": "Merge Join", "Parent Relationship": "Outer", "Join Type": "Inner", "Startup Cost": 503105.7, "Total Cost": 511754.58, "Plan Rows": 575746, "Plan Width": 183, "Inner Unique": false, "Merge Cond": "(nation.n_nationkey = customer.c_nationkey)", "Plans": [{"Node Type": "Index Scan", "Parent Relationship": "Outer", "Scan Direction": "Forward", "Index Name": "nation_pkey", "Relation Name": "nation", "Alias": "nation", "Startup Cost": 0.0, "Total Cost": 12.62, "Plan Rows": 25, "Plan Width": 30}, {"Node Type": "Sort", "Parent Relationship": "Inner", "Startup Cost": 503105.7, "Total Cost": 504545.07, "Plan Rows": 575746, "Plan Width": 161, "Sort Key": ["customer.c_nationkey"], "Plans": [{"Node Type": "Merge Join", "Parent Relationship": "Outer", "Join Type": "Inner", "Startup Cost": 354871.86, "Total Cost": 448021.0, "Plan Rows": 575746, "Plan Width": 161, "Inner Unique": false, "Merge Cond": "(customer.c_custkey = orders.o_custkey)", "Plans": [{"Node Type": "Index Scan", "Parent Relationship": "Outer", "Scan Direction": "Forward", "Index Name": "customer_pkey", "Relation Name": "customer", "Alias": "customer", "Startup Cost": 0.0, "Total Cost": 80765.36, "Plan Rows": 1500000, "Plan Width": 153}, {"Node Type": "Sort", "Parent Relationship": "Inner", "Startup Cost": 354869.55, "Total Cost": 356308.91, "Plan Rows": 575746, "Plan Width": 16, "Sort Key": ["orders.o_custkey"], "Plans": [{"Node Type": "Bitmap Heap Scan", "Parent Relationship": "Outer", "Relation Name": "orders", "Alias": "orders", "Startup Cost": 14729.65, "Total Cost": 299784.84, "Plan Rows": 575746, "Plan Width": 16, "Recheck Cond": "((o_orderdate >= '1993-08-01 00:00:00'::timestamp(0) without time zone) AND (o_orderdate < '1993-11-01 00:00:00'::timestamp without time zone)), (LLVM Optimized)", "Plans": [{"Node Type": "Bitmap Index Scan", "Parent Relationship": "Outer", "Index Name": "idx_orders_orderdate", "Startup Cost": 0.0, "Total Cost": 14585.71, "Plan Rows": 575746, "Plan Width": 0, "Index Cond": "((o_orderdate >= '1993-08-01 00:00:00'::timestamp(0) without time zone) AND (o_orderdate < '1993-11-01 00:00:00'::timestamp without time zone))"}]}]}]}]}]}, {"Node Type": "Index Scan", "Parent Relationship": "Inner", "Scan Direction": "Forward", "Index Name": "idx_lineitem_orderkey", "Relation Name": "lineitem", "Alias": "lineitem", "Startup Cost": 0.0, "Total Cost": 5.38, "Plan Rows": 3, "Plan Width": 24, "Index Cond": "(l_orderkey = orders.o_orderkey)", "Filter": "(l_returnflag = 'R'::bpchar)"}]}]}]}]}, "Unique SQL Id": 1604070524, "Planner Runtime": 1}, "explain_analyze_plan": {"Plan": {"Node Type": "Limit", "Startup Cost": 3717453.28, "Total Cost": 3717453.33, "Plan Rows": 20, "Plan Width": 191, "Actual Startup Time": 12881.408, "Actual Total Time": 12881.416, "Actual Rows": 20, "Actual Loops": 1, "Plans": [{"Node Type": "Sort", "Parent Relationship": "Outer", "Startup Cost": 3717453.28, "Total Cost": 3721068.03, "Plan Rows": 20, "Plan Width": 191, "Actual Startup Time": 12881.404, "Actual Total Time": 12881.409, "Actual Rows": 20, "Actual Loops": 1, "Sort Key": ["(sum((lineitem.l_extendedprice * (1::double precision - lineitem.l_discount)))) DESC"], "Sort Method": "top-N heapsort", "Sort Space Used": 35, "Sort Space Type": "Memory", "Plans": [{"Node Type": "Aggregate", "Strategy": "Hashed", "Parent Relationship": "Outer", "Startup Cost": 3664519.48, "Total Cost": 3678978.46, "Plan Rows": 1445898, "Plan Width": 191, "Actual Startup Time": 12526.995, "Actual Total Time": 12746.263, "Actual Rows": 381542, "Actual Loops": 1, "Group By Key": ["customer.c_custkey", "customer.c_name", "customer.c_acctbal", "customer.c_phone", "nation.n_name", "customer.c_address", "customer.c_comment"], "Plans": [{"Node Type": "Nested Loop", "Parent Relationship": "Outer", "Join Type": "Inner", "Startup Cost": 503105.7, "Total Cost": 3628372.03, "Plan Rows": 1445898, "Plan Width": 191, "Actual Startup Time": 2944.515, "Actual Total Time": 10761.98, "Actual Rows": 1145969, "Actual Loops": 1, "Inner Unique": false, "Plans": [{"Node Type": "Merge Join", "Parent Relationship": "Outer", "Join Type": "Inner", "Startup Cost": 503105.7, "Total Cost": 511754.58, "Plan Rows": 575746, "Plan Width": 183, "Actual Startup Time": 2944.443, "Actual Total Time": 3367.18, "Actual Rows": 573635, "Actual Loops": 1, "Inner Unique": false, "Merge Cond": "(nation.n_nationkey = customer.c_nationkey)", "Plans": [{"Node Type": "Index Scan", "Parent Relationship": "Outer", "Scan Direction": "Forward", "Index Name": "nation_pkey", "Relation Name": "nation", "Alias": "nation", "Startup Cost": 0.0, "Total Cost": 12.62, "Plan Rows": 25, "Plan Width": 30, "Actual Startup Time": 0.017, "Actual Total Time": 0.076, "Actual Rows": 25, "Actual Loops": 1}, {"Node Type": "Sort", "Parent Relationship": "Inner", "Startup Cost": 503105.7, "Total Cost": 504545.07, "Plan Rows": 575746, "Plan Width": 161, "Actual Startup Time": 2944.414, "Actual Total Time": 3092.845, "Actual Rows": 573635, "Actual Loops": 1, "Sort Key": ["customer.c_nationkey"], "Sort Method": "quicksort", "Sort Space Used": 185911, "Sort Space Type": "Memory", "Plans": [{"Node Type": "Merge Join", "Parent Relationship": "Outer", "Join Type": "Inner", "Startup Cost": 354871.86, "Total Cost": 448021.0, "Plan Rows": 575746, "Plan Width": 161, "Actual Startup Time": 1115.13, "Actual Total Time": 2664.999, "Actual Rows": 573635, "Actual Loops": 1, "Inner Unique": false, "Merge Cond": "(customer.c_custkey = orders.o_custkey)", "Plans": [{"Node Type": "Index Scan", "Parent Relationship": "Outer", "Scan Direction": "Forward", "Index Name": "customer_pkey", "Relation Name": "customer", "Alias": "customer", "Startup Cost": 0.0, "Total Cost": 80765.36, "Plan Rows": 1500000, "Plan Width": 153, "Actual Startup Time": 0.022, "Actual Total Time": 938.404, "Actual Rows": 1499999, "Actual Loops": 1}, {"Node Type": "Sort", "Parent Relationship": "Inner", "Startup Cost": 354869.55, "Total Cost": 356308.91, "Plan Rows": 575746, "Plan Width": 16, "Actual Startup Time": 1115.096, "Actual Total Time": 1256.851, "Actual Rows": 573635, "Actual Loops": 1, "Sort Key": ["orders.o_custkey"], "Sort Method": "quicksort", "Sort Space Used": 78355, "Sort Space Type": "Memory", "Plans": [{"Node Type": "Bitmap Heap Scan", "Parent Relationship": "Outer", "Relation Name": "orders", "Alias": "orders", "Startup Cost": 14729.65, "Total Cost": 299784.84, "Plan Rows": 575746, "Plan Width": 16, "Actual Startup Time": 240.083, "Actual Total Time": 882.591, "Actual Rows": 573635, "Actual Loops": 1, "Recheck Cond": "((o_orderdate >= '1993-08-01 00:00:00'::timestamp(0) without time zone) AND (o_orderdate < '1993-11-01 00:00:00'::timestamp without time zone)), (LLVM Optimized, Jit Execute)", "Rows Removed by Index Recheck": 0, "Exact Heap Blocks": 242860, "Lossy Heap Blocks": 242860, "Plans": [{"Node Type": "Bitmap Index Scan", "Parent Relationship": "Outer", "Index Name": "idx_orders_orderdate", "Startup Cost": 0.0, "Total Cost": 14585.71, "Plan Rows": 575746, "Plan Width": 0, "Actual Startup Time": 164.177, "Actual Total Time": 164.177, "Actual Rows": 573635, "Actual Loops": 1, "Index Cond": "((o_orderdate >= '1993-08-01 00:00:00'::timestamp(0) without time zone) AND (o_orderdate < '1993-11-01 00:00:00'::timestamp without time zone))"}]}]}]}]}]}, {"Node Type": "Index Scan", "Parent Relationship": "Inner", "Scan Direction": "Forward", "Index Name": "idx_lineitem_orderkey", "Relation Name": "lineitem", "Alias": "lineitem", "Startup Cost": 0.0, "Total Cost": 5.38, "Plan Rows": 3, "Plan Width": 24, "Actual Startup Time": 5538.719, "Actual Total Time": 6781.072, "Actual Rows": 1145969, "Actual Loops": 573635, "Index Cond": "(l_orderkey = orders.o_orderkey)", "Rows Removed by Index Recheck": 0, "Filter": "(l_returnflag = 'R'::bpchar)", "Rows Removed by Filter": 1146896}]}]}]}]}, "Triggers": [], "Planner Runtime": 1, "Total Runtime": 12891.724, "Unique SQL Id": 1604070524}}, "(1, 22)": {"explain_plan": {"Plan": {"Node Type": "Limit", "Startup Cost": 4808550.36, "Total Cost": 4808550.41, "Plan Rows": 20, "Plan Width": 191, "Plans": [{"Node Type": "Sort", "Parent Relationship": "Outer", "Startup Cost": 4808550.36, "Total Cost": 4812165.1, "Plan Rows": 20, "Plan Width": 191, "Sort Key": ["(sum((lineitem.l_extendedprice * (1::double precision - lineitem.l_discount)))) DESC"], "Plans": [{"Node Type": "Aggregate", "Strategy": "Hashed", "Parent Relationship": "Outer", "Startup Cost": 4755616.55, "Total Cost": 4770075.53, "Plan Rows": 1445898, "Plan Width": 191, "Group By Key": ["customer.c_custkey", "customer.c_name", "customer.c_acctbal", "customer.c_phone", "nation.n_name", "customer.c_address", "customer.c_comment"], "Plans": [{"Node Type": "Merge Join", "Parent Relationship": "Outer", "Join Type": "Inner", "Startup Cost": 4627956.66, "Total Cost": 4719469.1, "Plan Rows": 1445898, "Plan Width": 191, "Inner Unique": false, "Merge Cond": "(orders.o_orderkey = lineitem.l_orderkey)", "Plans": [{"Node Type": "Sort", "Parent Relationship": "Outer", "Startup Cost": 695813.19, "Total Cost": 697252.55, "Plan Rows": 575746, "Plan Width": 183, "Sort Key": ["orders.o_orderkey"], "Plans": [{"Node Type": "Merge Join", "Parent Relationship": "Outer", "Join Type": "Inner", "Startup Cost": 632092.16, "Total Cost": 640728.48, "Plan Rows": 575746, "Plan Width": 183, "Inner Unique": false, "Merge Cond": "(nation.n_nationkey = customer.c_nationkey)", "Plans": [{"Node Type": "Sort", "Parent Relationship": "Outer", "Startup Cost": 1.83, "Total Cost": 1.89, "Plan Rows": 25, "Plan Width": 30, "Sort Key": ["nation.n_nationkey"], "Plans": [{"Node Type": "Seq Scan", "Parent Relationship": "Outer", "Relation Name": "nation", "Alias": "nation", "Startup Cost": 0.0, "Total Cost": 1.25, "Plan Rows": 25, "Plan Width": 30}]}, {"Node Type": "Sort", "Parent Relationship": "Inner", "Startup Cost": 632090.33, "Total Cost": 633529.7, "Plan Rows": 575746, "Plan Width": 161, "Sort Key": ["customer.c_nationkey"], "Plans": [{"Node Type": "Merge Join", "Parent Relationship": "Outer", "Join Type": "Inner", "Startup Cost": 560869.73, "Total Cost": 577005.62, "Plan Rows": 575746, "Plan Width": 161, "Inner Unique": false, "Merge Cond": "(customer.c_custkey = orders.o_custkey)", "Plans": [{"Node Type": "Sort", "Parent Relationship": "Outer", "Startup Cost": 205999.98, "Total Cost": 209749.98, "Plan Rows": 1500000, "Plan Width": 153, "Sort Key": ["customer.c_custkey"], "Plans": [{"Node Type": "Seq Scan", "Parent Relationship": "Outer", "Relation Name": "customer", "Alias": "customer", "Startup Cost": 0.0, "Total Cost": 52126.0, "Plan Rows": 1500000, "Plan Width": 153}]}, {"Node Type": "Sort", "Parent Relationship": "Inner", "Startup Cost": 354869.55, "Total Cost": 356308.91, "Plan Rows": 575746, "Plan Width": 16, "Sort Key": ["orders.o_custkey"], "Plans": [{"Node Type": "Bitmap Heap Scan", "Parent Relationship": "Outer", "Relation Name": "orders", "Alias": "orders", "Startup Cost": 14729.65, "Total Cost": 299784.84, "Plan Rows": 575746, "Plan Width": 16, "Recheck Cond": "((o_orderdate >= '1993-08-01 00:00:00'::timestamp(0) without time zone) AND (o_orderdate < '1993-11-01 00:00:00'::timestamp without time zone)), (LLVM Optimized)", "Plans": [{"Node Type": "Bitmap Index Scan", "Parent Relationship": "Outer", "Index Name": "idx_orders_orderdate", "Startup Cost": 0.0, "Total Cost": 14585.71, "Plan Rows": 575746, "Plan Width": 0, "Index Cond": "((o_orderdate >= '1993-08-01 00:00:00'::timestamp(0) without time zone) AND (o_orderdate < '1993-11-01 00:00:00'::timestamp without time zone))"}]}]}]}]}]}]}, {"Node Type": "Sort", "Parent Relationship": "Inner", "Startup Cost": 3932143.37, "Total Cost": 3969231.39, "Plan Rows": 14835209, "Plan Width": 24, "Sort Key": ["lineitem.l_orderkey"], "Plans": [{"Node Type": "Seq Scan", "Parent Relationship": "Outer", "Relation Name": "lineitem", "Alias": "lineitem", "Startup Cost": 0.0, "Total Cost": 2165082.91, "Plan Rows": 14835209, "Plan Width": 24, "Filter": "(l_returnflag = 'R'::bpchar), (LLVM Optimized)"}]}]}]}]}]}, "Unique SQL Id": 1604070524, "Planner Runtime": 1}, "explain_analyze_plan": {"Plan": {"Node Type": "Limit", "Startup Cost": 4808550.36, "Total Cost": 4808550.41, "Plan Rows": 20, "Plan Width": 191, "Actual Startup Time": 39076.757, "Actual Total Time": 39076.763, "Actual Rows": 20, "Actual Loops": 1, "Plans": [{"Node Type": "Sort", "Parent Relationship": "Outer", "Startup Cost": 4808550.36, "Total Cost": 4812165.1, "Plan Rows": 20, "Plan Width": 191, "Actual Startup Time": 39076.755, "Actual Total Time": 39076.759, "Actual Rows": 20, "Actual Loops": 1, "Sort Key": ["(sum((lineitem.l_extendedprice * (1::double precision - lineitem.l_discount)))) DESC"], "Sort Method": "top-N heapsort", "Sort Space Used": 35, "Sort Space Type": "Memory", "Plans": [{"Node Type": "Aggregate", "Strategy": "Hashed", "Parent Relationship": "Outer", "Startup Cost": 4755616.55, "Total Cost": 4770075.53, "Plan Rows": 1445898, "Plan Width": 191, "Actual Startup Time": 38746.781, "Actual Total Time": 38944.817, "Actual Rows": 381542, "Actual Loops": 1, "Group By Key": ["customer.c_custkey", "customer.c_name", "customer.c_acctbal", "customer.c_phone", "nation.n_name", "customer.c_address", "customer.c_comment"], "Plans": [{"Node Type": "Merge Join", "Parent Relationship": "Outer", "Join Type": "Inner", "Startup Cost": 4627956.66, "Total Cost": 4719469.1, "Plan Rows": 1445898, "Plan Width": 191, "Actual Startup Time": 32286.615, "Actual Total Time": 37096.16, "Actual Rows": 1145969, "Actual Loops": 1, "Inner Unique": false, "Merge Cond": "(orders.o_orderkey = lineitem.l_orderkey)", "Plans": [{"Node Type": "Sort", "Parent Relationship": "Outer", "Startup Cost": 695813.19, "Total Cost": 697252.55, "Plan Rows": 575746, "Plan Width": 183, "Actual Startup Time": 4308.423, "Actual Total Time": 4439.603, "Actual Rows": 573635, "Actual Loops": 1, "Sort Key": ["orders.o_orderkey"], "Sort Method": "quicksort", "Sort Space Used": 199246, "Sort Space Type": "Memory", "Plans": [{"Node Type": "Merge Join", "Parent Relationship": "Outer", "Join Type": "Inner", "Startup Cost": 632092.16, "Total Cost": 640728.48, "Plan Rows": 575746, "Plan Width": 183, "Actual Startup Time": 3692.463, "Actual Total Time": 3992.69, "Actual Rows": 573635, "Actual Loops": 1, "Inner Unique": false, "Merge Cond": "(nation.n_nationkey = customer.c_nationkey)", "Plans": [{"Node Type": "Sort", "Parent Relationship": "Outer", "Startup Cost": 1.83, "Total Cost": 1.89, "Plan Rows": 25, "Plan Width": 30, "Actual Startup Time": 0.048, "Actual Total Time": 0.052, "Actual Rows": 25, "Actual Loops": 1, "Sort Key": ["nation.n_nationkey"], "Sort Method": "quicksort", "Sort Space Used": 27, "Sort Space Type": "Memory", "Plans": [{"Node Type": "Seq Scan", "Parent Relationship": "Outer", "Relation Name": "nation", "Alias": "nation", "Startup Cost": 0.0, "Total Cost": 1.25, "Plan Rows": 25, "Plan Width": 30, "Actual Startup Time": 0.022, "Actual Total Time": 0.027, "Actual Rows": 25, "Actual Loops": 1}]}, {"Node Type": "Sort", "Parent Relationship": "Inner", "Startup Cost": 632090.33, "Total Cost": 633529.7, "Plan Rows": 575746, "Plan Width": 161, "Actual Startup Time": 3692.398, "Actual Total Time": 3788.963, "Actual Rows": 573635, "Actual Loops": 1, "Sort Key": ["customer.c_nationkey"], "Sort Method": "quicksort", "Sort Space Used": 185911, "Sort Space Type": "Memory", "Plans": [{"Node Type": "Merge Join", "Parent Relationship": "Outer", "Join Type": "Inner", "Startup Cost": 560869.73, "Total Cost": 577005.62, "Plan Rows": 575746, "Plan Width": 161, "Actual Startup Time": 2460.02, "Actual Total Time": 3448.501, "Actual Rows": 573635, "Actual Loops": 1, "Inner Unique": false, "Merge Cond": "(customer.c_custkey = orders.o_custkey)", "Plans": [{"Node Type": "Sort", "Parent Relationship": "Outer", "Startup Cost": 205999.98, "Total Cost": 209749.98, "Plan Rows": 1500000, "Plan Width": 153, "Actual Startup Time": 1209.749, "Actual Total Time": 1493.86, "Actual Rows": 1499999, "Actual Loops": 1, "Sort Key": ["customer.c_custkey"], "Sort Method": "quicksort", "Sort Space Used": 470340, "Sort Space Type": "Memory", "Plans": [{"Node Type": "Seq Scan", "Parent Relationship": "Outer", "Relation Name": "customer", "Alias": "customer", "Startup Cost": 0.0, "Total Cost": 52126.0, "Plan Rows": 1500000, "Plan Width": 153, "Actual Startup Time": 0.014, "Actual Total Time": 545.626, "Actual Rows": 1500000, "Actual Loops": 1}]}, {"Node Type": "Sort", "Parent Relationship": "Inner", "Startup Cost": 354869.55, "Total Cost": 356308.91, "Plan Rows": 575746, "Plan Width": 16, "Actual Startup Time": 1250.255, "Actual Total Time": 1430.039, "Actual Rows": 573635, "Actual Loops": 1, "Sort Key": ["orders.o_custkey"], "Sort Method": "quicksort", "Sort Space Used": 78355, "Sort Space Type": "Memory", "Plans": [{"Node Type": "Bitmap Heap Scan", "Parent Relationship": "Outer", "Relation Name": "orders", "Alias": "orders", "Startup Cost": 14729.65, "Total Cost": 299784.84, "Plan Rows": 575746, "Plan Width": 16, "Actual Startup Time": 255.16, "Actual Total Time": 1004.014, "Actual Rows": 573635, "Actual Loops": 1, "Recheck Cond": "((o_orderdate >= '1993-08-01 00:00:00'::timestamp(0) without time zone) AND (o_orderdate < '1993-11-01 00:00:00'::timestamp without time zone)), (LLVM Optimized, Jit Execute)", "Rows Removed by Index Recheck": 0, "Exact Heap Blocks": 242860, "Lossy Heap Blocks": 242860, "Plans": [{"Node Type": "Bitmap Index Scan", "Parent Relationship": "Outer", "Index Name": "idx_orders_orderdate", "Startup Cost": 0.0, "Total Cost": 14585.71, "Plan Rows": 575746, "Plan Width": 0, "Actual Startup Time": 175.029, "Actual Total Time": 175.029, "Actual Rows": 573635, "Actual Loops": 1, "Index Cond": "((o_orderdate >= '1993-08-01 00:00:00'::timestamp(0) without time zone) AND (o_orderdate < '1993-11-01 00:00:00'::timestamp without time zone))"}]}]}]}]}]}]}, {"Node Type": "Sort", "Parent Relationship": "Inner", "Startup Cost": 3932143.37, "Total Cost": 3969231.39, "Plan Rows": 14835209, "Plan Width": 24, "Actual Startup Time": 27978.156, "Actual Total Time": 29855.231, "Actual Rows": 14808182, "Actual Loops": 1, "Sort Key": ["lineitem.l_orderkey"], "Sort Method": "quicksort", "Sort Space Used": 1781484, "Sort Space Type": "Memory", "Plans": [{"Node Type": "Seq Scan", "Parent Relationship": "Outer", "Relation Name": "lineitem", "Alias": "lineitem", "Startup Cost": 0.0, "Total Cost": 2165082.91, "Plan Rows": 14835209, "Plan Width": 24, "Actual Startup Time": 0.043, "Actual Total Time": 22456.204, "Actual Rows": 14808183, "Actual Loops": 1, "Filter": "(l_returnflag = 'R'::bpchar), (LLVM Optimized, Jit Execute)", "Rows Removed by Filter": 45177869}]}]}]}]}]}, "Triggers": [], "Planner Runtime": 1, "Total Runtime": 39087.087, "Unique SQL Id": 1604070524}}, "(1, 23)": {"explain_plan": {"Plan": {"Node Type": "Limit", "Startup Cost": 13443415.76, "Total Cost": 13443415.81, "Plan Rows": 20, "Plan Width": 191, "Plans": [{"Node Type": "Sort", "Parent Relationship": "Outer", "Startup Cost": 13443415.76, "Total Cost": 13447030.51, "Plan Rows": 20, "Plan Width": 191, "Sort Key": ["(sum((lineitem.l_extendedprice * (1::double precision - lineitem.l_discount)))) DESC"], "Plans": [{"Node Type": "Aggregate", "Strategy": "Hashed", "Parent Relationship": "Outer", "Startup Cost": 13390481.96, "Total Cost": 13404940.94, "Plan Rows": 1445898, "Plan Width": 191, "Group By Key": ["customer.c_custkey", "customer.c_name", "customer.c_acctbal", "customer.c_phone", "nation.n_name", "customer.c_address", "customer.c_comment"], "Plans": [{"Node Type": "Nested Loop", "Parent Relationship": "Outer", "Join Type": "Inner", "Startup Cost": 14732.12, "Total Cost": 13354334.51, "Plan Rows": 1445898, "Plan Width": 191, "Inner Unique": false, "Plans": [{"Node Type": "Nested Loop", "Parent Relationship": "Outer", "Join Type": "Inner", "Startup Cost": 14730.2, "Total Cost": 5249597.54, "Plan Rows": 575746, "Plan Width": 183, "Inner Unique": true, "Plans": [{"Node Type": "Nested Loop", "Parent Relationship": "Outer", "Join Type": "Inner", "Startup Cost": 14729.94, "Total Cost": 2785257.65, "Plan Rows": 575746, "Plan Width": 161, "Inner Unique": true, "Plans": [{"Node Type": "Bitmap Heap Scan", "Parent Relationship": "Outer", "Relation Name": "orders", "Alias": "orders", "Startup Cost": 14729.65, "Total Cost": 299784.84, "Plan Rows": 575746, "Plan Width": 16, "Recheck Cond": "((o_orderdate >= '1993-08-01 00:00:00'::timestamp(0) without time zone) AND (o_orderdate < '1993-11-01 00:00:00'::timestamp without time zone)), (LLVM Optimized)", "Plans": [{"Node Type": "Bitmap Index Scan", "Parent Relationship": "Outer", "Index Name": "idx_orders_orderdate", "Startup Cost": 0.0, "Total Cost": 14585.71, "Plan Rows": 575746, "Plan Width": 0, "Index Cond": "((o_orderdate >= '1993-08-01 00:00:00'::timestamp(0) without time zone) AND (o_orderdate < '1993-11-01 00:00:00'::timestamp without time zone))"}]}, {"Node Type": "Bitmap Heap Scan", "Parent Relationship": "Inner", "Relation Name": "customer", "Alias": "customer", "Startup Cost": 0.29, "Total Cost": 4.31, "Plan Rows": 1, "Plan Width": 153, "Recheck Cond": "(c_custkey = orders.o_custkey)", "Plans": [{"Node Type": "Bitmap Index Scan", "Parent Relationship": "Outer", "Index Name": "customer_pkey", "Startup Cost": 0.0, "Total Cost": 0.29, "Plan Rows": 1, "Plan Width": 0, "Index Cond": "(c_custkey = orders.o_custkey)"}]}]}, {"Node Type": "Bitmap Heap Scan", "Parent Relationship": "Inner", "Relation Name": "nation", "Alias": "nation", "Startup Cost": 0.26, "Total Cost": 4.27, "Plan Rows": 1, "Plan Width": 30, "Recheck Cond": "(n_nationkey = customer.c_nationkey)", "Plans": [{"Node Type": "Bitmap Index Scan", "Parent Relationship": "Outer", "Index Name": "nation_pkey", "Startup Cost": 0.0, "Total Cost": 0.26, "Plan Rows": 1, "Plan Width": 0, "Index Cond": "(n_nationkey = customer.c_nationkey)"}]}]}, {"Node Type": "Bitmap Heap Scan", "Parent Relationship": "Inner", "Relation Name": "lineitem", "Alias": "lineitem", "Startup Cost": 1.93, "Total Cost": 14.05, "Plan Rows": 3, "Plan Width": 24, "Recheck Cond": "(l_orderkey = orders.o_orderkey)", "Filter": "(l_returnflag = 'R'::bpchar)", "Plans": [{"Node Type": "Bitmap Index Scan", "Parent Relationship": "Outer", "Index Name": "idx_lineitem_orderkey", "Startup Cost": 0.0, "Total Cost": 1.92, "Plan Rows": 9, "Plan Width": 0, "Index Cond": "(l_orderkey = orders.o_orderkey)"}]}]}]}]}]}, "Unique SQL Id": 1604070524, "Planner Runtime": 1}, "explain_analyze_plan": {"Plan": {"Node Type": "Limit", "Startup Cost": 13443415.76, "Total Cost": 13443415.81, "Plan Rows": 20, "Plan Width": 191, "Actual Startup Time": 17197.212, "Actual Total Time": 17197.217, "Actual Rows": 20, "Actual Loops": 1, "Plans": [{"Node Type": "Sort", "Parent Relationship": "Outer", "Startup Cost": 13443415.76, "Total Cost": 13447030.51, "Plan Rows": 20, "Plan Width": 191, "Actual Startup Time": 17197.208, "Actual Total Time": 17197.21, "Actual Rows": 20, "Actual Loops": 1, "Sort Key": ["(sum((lineitem.l_extendedprice * (1::double precision - lineitem.l_discount)))) DESC"], "Sort Method": "top-N heapsort", "Sort Space Used": 35, "Sort Space Type": "Memory", "Plans": [{"Node Type": "Aggregate", "Strategy": "Hashed", "Parent Relationship": "Outer", "Startup Cost": 13390481.96, "Total Cost": 13404940.94, "Plan Rows": 1445898, "Plan Width": 191, "Actual Startup Time": 16740.682, "Actual Total Time": 17059.666, "Actual Rows": 381542, "Actual Loops": 1, "Group By Key": ["customer.c_custkey", "customer.c_name", "customer.c_acctbal", "customer.c_phone", "nation.n_name", "customer.c_address", "customer.c_comment"], "Plans": [{"Node Type": "Nested Loop", "Parent Relationship": "Outer", "Join Type": "Inner", "Startup Cost": 14732.12, "Total Cost": 13354334.51, "Plan Rows": 1445898, "Plan Width": 191, "Actual Startup Time": 238.524, "Actual Total Time": 14766.149, "Actual Rows": 1145969, "Actual Loops": 1, "Inner Unique": false, "Plans": [{"Node Type": "Nested Loop", "Parent Relationship": "Outer", "Join Type": "Inner", "Startup Cost": 14730.2, "Total Cost": 5249597.54, "Plan Rows": 575746, "Plan Width": 183, "Actual Startup Time": 238.474, "Actual Total Time": 8454.028, "Actual Rows": 573635, "Actual Loops": 1, "Inner Unique": true, "Plans": [{"Node Type": "Nested Loop", "Parent Relationship": "Outer", "Join Type": "Inner", "Startup Cost": 14729.94, "Total Cost": 2785257.65, "Plan Rows": 575746, "Plan Width": 161, "Actual Startup Time": 238.424, "Actual Total Time": 6266.051, "Actual Rows": 573635, "Actual Loops": 1, "Inner Unique": true, "Plans": [{"Node Type": "Bitmap Heap Scan", "Parent Relationship": "Outer", "Relation Name": "orders", "Alias": "orders", "Startup Cost": 14729.65, "Total Cost": 299784.84, "Plan Rows": 575746, "Plan Width": 16, "Actual Startup Time": 238.197, "Actual Total Time": 1069.489, "Actual Rows": 573635, "Actual Loops": 1, "Recheck Cond": "((o_orderdate >= '1993-08-01 00:00:00'::timestamp(0) without time zone) AND (o_orderdate < '1993-11-01 00:00:00'::timestamp without time zone)), (LLVM Optimized, Jit Execute)", "Rows Removed by Index Recheck": 0, "Exact Heap Blocks": 242860, "Lossy Heap Blocks": 242860, "Plans": [{"Node Type": "Bitmap Index Scan", "Parent Relationship": "Outer", "Index Name": "idx_orders_orderdate", "Startup Cost": 0.0, "Total Cost": 14585.71, "Plan Rows": 575746, "Plan Width": 0, "Actual Startup Time": 163.236, "Actual Total Time": 163.236, "Actual Rows": 573635, "Actual Loops": 1, "Index Cond": "((o_orderdate >= '1993-08-01 00:00:00'::timestamp(0) without time zone) AND (o_orderdate < '1993-11-01 00:00:00'::timestamp without time zone))"}]}, {"Node Type": "Bitmap Heap Scan", "Parent Relationship": "Inner", "Relation Name": "customer", "Alias": "customer", "Startup Cost": 0.29, "Total Cost": 4.31, "Plan Rows": 1, "Plan Width": 153, "Actual Startup Time": 4318.454, "Actual Total Time": 4318.454, "Actual Rows": 573635, "Actual Loops": 573635, "Recheck Cond": "(c_custkey = orders.o_custkey)", "Rows Removed by Index Recheck": 0, "Exact Heap Blocks": 573635, "Lossy Heap Blocks": 573635, "Plans": [{"Node Type": "Bitmap Index Scan", "Parent Relationship": "Outer", "Index Name": "customer_pkey", "Startup Cost": 0.0, "Total Cost": 0.29, "Plan Rows": 1, "Plan Width": 0, "Actual Startup Time": 2664.814, "Actual Total Time": 2664.814, "Actual Rows": 573635, "Actual Loops": 573635, "Index Cond": "(c_custkey = orders.o_custkey)"}]}]}, {"Node Type": "Bitmap Heap Scan", "Parent Relationship": "Inner", "Relation Name": "nation", "Alias": "nation", "Startup Cost": 0.26, "Total Cost": 4.27, "Plan Rows": 1, "Plan Width": 30, "Actual Startup Time": 1395.278, "Actual Total Time": 1395.278, "Actual Rows": 573635, "Actual Loops": 573635, "Recheck Cond": "(n_nationkey = customer.c_nationkey)", "Rows Removed by Index Recheck": 0, "Exact Heap Blocks": 573635, "Lossy Heap Blocks": 573635, "Plans": [{"Node Type": "Bitmap Index Scan", "Parent Relationship": "Outer", "Index Name": "nation_pkey", "Startup Cost": 0.0, "Total Cost": 0.26, "Plan Rows": 1, "Plan Width": 0, "Actual Startup Time": 608.282, "Actual Total Time": 608.282, "Actual Rows": 573635, "Actual Loops": 573635, "Index Cond": "(n_nationkey = customer.c_nationkey)"}]}]}, {"Node Type": "Bitmap Heap Scan", "Parent Relationship": "Inner", "Relation Name": "lineitem", "Alias": "lineitem", "Startup Cost": 1.93, "Total Cost": 14.05, "Plan Rows": 3, "Plan Width": 24, "Actual Startup Time": 4824.259, "Actual Total Time": 5354.044, "Actual Rows": 1145969, "Actual Loops": 573635, "Recheck Cond": "(l_orderkey = orders.o_orderkey)", "Rows Removed by Index Recheck": 0, "Filter": "(l_returnflag = 'R'::bpchar)", "Rows Removed by Filter": 1146896, "Exact Heap Blocks": 614400, "Lossy Heap Blocks": 614400, "Plans": [{"Node Type": "Bitmap Index Scan", "Parent Relationship": "Outer", "Index Name": "idx_lineitem_orderkey", "Startup Cost": 0.0, "Total Cost": 1.92, "Plan Rows": 9, "Plan Width": 0, "Actual Startup Time": 2480.858, "Actual Total Time": 2480.858, "Actual Rows": 2292865, "Actual Loops": 573635, "Index Cond": "(l_orderkey = orders.o_orderkey)"}]}]}]}]}]}, "Triggers": [], "Planner Runtime": 0, "Total Runtime": 17207.36, "Unique SQL Id": 1604070524}}, "(1, 24)": {"explain_plan": {"Plan": {"Node Type": "Limit", "Startup Cost": 3919068.9, "Total Cost": 3919068.95, "Plan Rows": 20, "Plan Width": 191, "Plans": [{"Node Type": "Sort", "Parent Relationship": "Outer", "Startup Cost": 3919068.9, "Total Cost": 3922683.64, "Plan Rows": 20, "Plan Width": 191, "Sort Key": ["(sum((lineitem.l_extendedprice * (1::double precision - lineitem.l_discount)))) DESC"], "Plans": [{"Node Type": "Aggregate", "Strategy": "Hashed", "Parent Relationship": "Outer", "Startup Cost": 3866135.09, "Total Cost": 3880594.07, "Plan Rows": 1445898, "Plan Width": 191, "Group By Key": ["customer.c_custkey", "customer.c_name", "customer.c_acctbal", "customer.c_phone", "nation.n_name", "customer.c_address", "customer.c_comment"], "Plans": [{"Node Type": "Nested Loop", "Parent Relationship": "Outer", "Join Type": "Inner", "Startup Cost": 704733.88, "Total Cost": 3829987.64, "Plan Rows": 1445898, "Plan Width": 191, "Inner Unique": false, "Plans": [{"Node Type": "Merge Join", "Parent Relationship": "Outer", "Join Type": "Inner", "Startup Cost": 704733.88, "Total Cost": 713370.2, "Plan Rows": 575746, "Plan Width": 183, "Inner Unique": false, "Merge Cond": "(nation.n_nationkey = customer.c_nationkey)", "Plans": [{"Node Type": "Sort", "Parent Relationship": "Outer", "Startup Cost": 1.83, "Total Cost": 1.89, "Plan Rows": 25, "Plan Width": 30, "Sort Key": ["nation.n_nationkey"], "Plans": [{"Node Type": "Seq Scan", "Parent Relationship": "Outer", "Relation Name": "nation", "Alias": "nation", "Startup Cost": 0.0, "Total Cost": 1.25, "Plan Rows": 25, "Plan Width": 30}]}, {"Node Type": "Sort", "Parent Relationship": "Inner", "Startup Cost": 704732.05, "Total Cost": 706171.42, "Plan Rows": 575746, "Plan Width": 161, "Sort Key": ["customer.c_nationkey"], "Plans": [{"Node Type": "Merge Join", "Parent Relationship": "Outer", "Join Type": "Inner", "Startup Cost": 556498.2, "Total Cost": 649647.34, "Plan Rows": 575746, "Plan Width": 161, "Inner Unique": false, "Merge Cond": "(customer.c_custkey = orders.o_custkey)", "Plans": [{"Node Type": "Index Scan", "Parent Relationship": "Outer", "Scan Direction": "Forward", "Index Name": "customer_pkey", "Relation Name": "customer", "Alias": "customer", "Startup Cost": 0.0, "Total Cost": 80765.36, "Plan Rows": 1500000, "Plan Width": 153}, {"Node Type": "Sort", "Parent Relationship": "Inner", "Startup Cost": 556495.89, "Total Cost": 557935.26, "Plan Rows": 575746, "Plan Width": 16, "Sort Key": ["orders.o_custkey"], "Plans": [{"Node Type": "Seq Scan", "Parent Relationship": "Outer", "Relation Name": "orders", "Alias": "orders", "Startup Cost": 578.97, "Total Cost": 501411.18, "Plan Rows": 575746, "Plan Width": 16, "Filter": "((o_orderdate >= '1993-08-01 00:00:00'::timestamp(0) without time zone) AND (o_orderdate < '1993-11-01 00:00:00'::timestamp without time zone)), (LLVM Optimized)"}]}]}]}]}, {"Node Type": "Index Scan", "Parent Relationship": "Inner", "Scan Direction": "Forward", "Index Name": "idx_lineitem_orderkey", "Relation Name": "lineitem", "Alias": "lineitem", "Startup Cost": 0.0, "Total Cost": 5.38, "Plan Rows": 3, "Plan Width": 24, "Index Cond": "(l_orderkey = orders.o_orderkey)", "Filter": "(l_returnflag = 'R'::bpchar)"}]}]}]}]}, "Unique SQL Id": 1604070524, "Planner Runtime": 1}, "explain_analyze_plan": {"Plan": {"Node Type": "Limit", "Startup Cost": 3919068.9, "Total Cost": 3919068.95, "Plan Rows": 20, "Plan Width": 191, "Actual Startup Time": 16602.655, "Actual Total Time": 16602.662, "Actual Rows": 20, "Actual Loops": 1, "Plans": [{"Node Type": "Sort", "Parent Relationship": "Outer", "Startup Cost": 3919068.9, "Total Cost": 3922683.64, "Plan Rows": 20, "Plan Width": 191, "Actual Startup Time": 16602.652, "Actual Total Time": 16602.657, "Actual Rows": 20, "Actual Loops": 1, "Sort Key": ["(sum((lineitem.l_extendedprice * (1::double precision - lineitem.l_discount)))) DESC"], "Sort Method": "top-N heapsort", "Sort Space Used": 35, "Sort Space Type": "Memory", "Plans": [{"Node Type": "Aggregate", "Strategy": "Hashed", "Parent Relationship": "Outer", "Startup Cost": 3866135.09, "Total Cost": 3880594.07, "Plan Rows": 1445898, "Plan Width": 191, "Actual Startup Time": 16109.408, "Actual Total Time": 16464.109, "Actual Rows": 381542, "Actual Loops": 1, "Group By Key": ["customer.c_custkey", "customer.c_name", "customer.c_acctbal", "customer.c_phone", "nation.n_name", "customer.c_address", "customer.c_comment"], "Plans": [{"Node Type": "Nested Loop", "Parent Relationship": "Outer", "Join Type": "Inner", "Startup Cost": 704733.88, "Total Cost": 3829987.64, "Plan Rows": 1445898, "Plan Width": 191, "Actual Startup Time": 7028.494, "Actual Total Time": 14369.32, "Actual Rows": 1145969, "Actual Loops": 1, "Inner Unique": false, "Plans": [{"Node Type": "Merge Join", "Parent Relationship": "Outer", "Join Type": "Inner", "Startup Cost": 704733.88, "Total Cost": 713370.2, "Plan Rows": 575746, "Plan Width": 183, "Actual Startup Time": 7028.404, "Actual Total Time": 7401.755, "Actual Rows": 573635, "Actual Loops": 1, "Inner Unique": false, "Merge Cond": "(nation.n_nationkey = customer.c_nationkey)", "Plans": [{"Node Type": "Sort", "Parent Relationship": "Outer", "Startup Cost": 1.83, "Total Cost": 1.89, "Plan Rows": 25, "Plan Width": 30, "Actual Startup Time": 0.057, "Actual Total Time": 0.077, "Actual Rows": 25, "Actual Loops": 1, "Sort Key": ["nation.n_nationkey"], "Sort Method": "quicksort", "Sort Space Used": 27, "Sort Space Type": "Memory", "Plans": [{"Node Type": "Seq Scan", "Parent Relationship": "Outer", "Relation Name": "nation", "Alias": "nation", "Startup Cost": 0.0, "Total Cost": 1.25, "Plan Rows": 25, "Plan Width": 30, "Actual Startup Time": 0.023, "Actual Total Time": 0.028, "Actual Rows": 25, "Actual Loops": 1}]}, {"Node Type": "Sort", "Parent Relationship": "Inner", "Startup Cost": 704732.05, "Total Cost": 706171.42, "Plan Rows": 575746, "Plan Width": 161, "Actual Startup Time": 7028.333, "Actual Total Time": 7159.492, "Actual Rows": 573635, "Actual Loops": 1, "Sort Key": ["customer.c_nationkey"], "Sort Method": "quicksort", "Sort Space Used": 185911, "Sort Space Type": "Memory", "Plans": [{"Node Type": "Merge Join", "Parent Relationship": "Outer", "Join Type": "Inner", "Startup Cost": 556498.2, "Total Cost": 649647.34, "Plan Rows": 575746, "Plan Width": 161, "Actual Startup Time": 5365.711, "Actual Total Time": 6762.347, "Actual Rows": 573635, "Actual Loops": 1, "Inner Unique": false, "Merge Cond": "(customer.c_custkey = orders.o_custkey)", "Plans": [{"Node Type": "Index Scan", "Parent Relationship": "Outer", "Scan Direction": "Forward", "Index Name": "customer_pkey", "Relation Name": "customer", "Alias": "customer", "Startup Cost": 0.0, "Total Cost": 80765.36, "Plan Rows": 1500000, "Plan Width": 153, "Actual Startup Time": 0.03, "Actual Total Time": 818.113, "Actual Rows": 1499999, "Actual Loops": 1}, {"Node Type": "Sort", "Parent Relationship": "Inner", "Startup Cost": 556495.89, "Total Cost": 557935.26, "Plan Rows": 575746, "Plan Width": 16, "Actual Startup Time": 5365.663, "Actual Total Time": 5473.732, "Actual Rows": 573635, "Actual Loops": 1, "Sort Key": ["orders.o_custkey"], "Sort Method": "quicksort", "Sort Space Used": 78355, "Sort Space Type": "Memory", "Plans": [{"Node Type": "Seq Scan", "Parent Relationship": "Outer", "Relation Name": "orders", "Alias": "orders", "Startup Cost": 578.97, "Total Cost": 501411.18, "Plan Rows": 575746, "Plan Width": 16, "Actual Startup Time": 0.041, "Actual Total Time": 5128.999, "Actual Rows": 573635, "Actual Loops": 1, "Filter": "((o_orderdate >= '1993-08-01 00:00:00'::timestamp(0) without time zone) AND (o_orderdate < '1993-11-01 00:00:00'::timestamp without time zone)), (LLVM Optimized, Jit Execute)", "Rows Removed by Filter": 14426365}]}]}]}]}, {"Node Type": "Index Scan", "Parent Relationship": "Inner", "Scan Direction": "Forward", "Index Name": "idx_lineitem_orderkey", "Relation Name": "lineitem", "Alias": "lineitem", "Startup Cost": 0.0, "Total Cost": 5.38, "Plan Rows": 3, "Plan Width": 24, "Actual Startup Time": 5179.934, "Actual Total Time": 6366.195, "Actual Rows": 1145969, "Actual Loops": 573635, "Index Cond": "(l_orderkey = orders.o_orderkey)", "Rows Removed by Index Recheck": 0, "Filter": "(l_returnflag = 'R'::bpchar)", "Rows Removed by Filter": 1146896}]}]}]}]}, "Triggers": [], "Planner Runtime": 1, "Total Runtime": 16612.421, "Unique SQL Id": 1604070524}}, "(1, 25)": {"explain_plan": {"Plan": {"Node Type": "Limit", "Startup Cost": 4223644.28, "Total Cost": 4223644.33, "Plan Rows": 20, "Plan Width": 191, "Plans": [{"Node Type": "Sort", "Parent Relationship": "Outer", "Startup Cost": 4223644.28, "Total Cost": 4227259.02, "Plan Rows": 20, "Plan Width": 191, "Sort Key": ["(sum((lineitem.l_extendedprice * (1::double precision - lineitem.l_discount)))) DESC"], "Plans": [{"Node Type": "Aggregate", "Strategy": "Hashed", "Parent Relationship": "Outer", "Startup Cost": 4170710.47, "Total Cost": 4185169.45, "Plan Rows": 1445898, "Plan Width": 191, "Group By Key": ["customer.c_custkey", "customer.c_name", "customer.c_acctbal", "customer.c_phone", "nation.n_name", "customer.c_address", "customer.c_comment"], "Plans": [{"Node Type": "Nested Loop", "Parent Relationship": "Outer", "Join Type": "Inner", "Startup Cost": 1009296.7, "Total Cost": 4134563.02, "Plan Rows": 1445898, "Plan Width": 191, "Inner Unique": false, "Plans": [{"Node Type": "Merge Join", "Parent Relationship": "Outer", "Join Type": "Inner", "Startup Cost": 1009296.7, "Total Cost": 1017945.58, "Plan Rows": 575746, "Plan Width": 183, "Inner Unique": false, "Merge Cond": "(nation.n_nationkey = customer.c_nationkey)", "Plans": [{"Node Type": "Index Scan", "Parent Relationship": "Outer", "Scan Direction": "Forward", "Index Name": "nation_pkey", "Relation Name": "nation", "Alias": "nation", "Startup Cost": 0.0, "Total Cost": 12.62, "Plan Rows": 25, "Plan Width": 30}, {"Node Type": "Sort", "Parent Relationship": "Inner", "Startup Cost": 1009296.7, "Total Cost": 1010736.06, "Plan Rows": 575746, "Plan Width": 161, "Sort Key": ["customer.c_nationkey"], "Plans": [{"Node Type": "Merge Join", "Parent Relationship": "Outer", "Join Type": "Inner", "Startup Cost": 861062.85, "Total Cost": 954211.99, "Plan Rows": 575746, "Plan Width": 161, "Inner Unique": false, "Merge Cond": "(customer.c_custkey = orders.o_custkey)", "Plans": [{"Node Type": "Index Scan", "Parent Relationship": "Outer", "Scan Direction": "Forward", "Index Name": "customer_pkey", "Relation Name": "customer", "Alias": "customer", "Startup Cost": 0.0, "Total Cost": 80765.36, "Plan Rows": 1500000, "Plan Width": 153}, {"Node Type": "Sort", "Parent Relationship": "Inner", "Startup Cost": 861060.54, "Total Cost": 862499.9, "Plan Rows": 575746, "Plan Width": 16, "Sort Key": ["orders.o_custkey"], "Plans": [{"Node Type": "Index Scan", "Parent Relationship": "Outer", "Scan Direction": "Forward", "Index Name": "orders_pkey", "Relation Name": "orders", "Alias": "orders", "Startup Cost": 0.0, "Total Cost": 805975.83, "Plan Rows": 575746, "Plan Width": 16, "Filter": "((o_orderdate >= '1993-08-01 00:00:00'::timestamp(0) without time zone) AND (o_orderdate < '1993-11-01 00:00:00'::timestamp without time zone)), (LLVM Optimized)"}]}]}]}]}, {"Node Type": "Index Scan", "Parent Relationship": "Inner", "Scan Direction": "Forward", "Index Name": "idx_lineitem_orderkey", "Relation Name": "lineitem", "Alias": "lineitem", "Startup Cost": 0.0, "Total Cost": 5.38, "Plan Rows": 3, "Plan Width": 24, "Index Cond": "(l_orderkey = orders.o_orderkey)", "Filter": "(l_returnflag = 'R'::bpchar)"}]}]}]}]}, "Unique SQL Id": 1604070524, "Planner Runtime": 1}, "explain_analyze_plan": {"Plan": {"Node Type": "Limit", "Startup Cost": 4223644.28, "Total Cost": 4223644.33, "Plan Rows": 20, "Plan Width": 191, "Actual Startup Time": 21456.538, "Actual Total Time": 21456.545, "Actual Rows": 20, "Actual Loops": 1, "Plans": [{"Node Type": "Sort", "Parent Relationship": "Outer", "Startup Cost": 4223644.28, "Total Cost": 4227259.02, "Plan Rows": 20, "Plan Width": 191, "Actual Startup Time": 21456.535, "Actual Total Time": 21456.54, "Actual Rows": 20, "Actual Loops": 1, "Sort Key": ["(sum((lineitem.l_extendedprice * (1::double precision - lineitem.l_discount)))) DESC"], "Sort Method": "top-N heapsort", "Sort Space Used": 35, "Sort Space Type": "Memory", "Plans": [{"Node Type": "Aggregate", "Strategy": "Hashed", "Parent Relationship": "Outer", "Startup Cost": 4170710.47, "Total Cost": 4185169.45, "Plan Rows": 1445898, "Plan Width": 191, "Actual Startup Time": 21081.686, "Actual Total Time": 21320.82, "Actual Rows": 381542, "Actual Loops": 1, "Group By Key": ["customer.c_custkey", "customer.c_name", "customer.c_acctbal", "customer.c_phone", "nation.n_name", "customer.c_address", "customer.c_comment"], "Plans": [{"Node Type": "Nested Loop", "Parent Relationship": "Outer", "Join Type": "Inner", "Startup Cost": 1009296.7, "Total Cost": 4134563.02, "Plan Rows": 1445898, "Plan Width": 191, "Actual Startup Time": 11702.536, "Actual Total Time": 19317.436, "Actual Rows": 1145969, "Actual Loops": 1, "Inner Unique": false, "Plans": [{"Node Type": "Merge Join", "Parent Relationship": "Outer", "Join Type": "Inner", "Startup Cost": 1009296.7, "Total Cost": 1017945.58, "Plan Rows": 575746, "Plan Width": 183, "Actual Startup Time": 11702.441, "Actual Total Time": 12112.133, "Actual Rows": 573635, "Actual Loops": 1, "Inner Unique": false, "Merge Cond": "(nation.n_nationkey = customer.c_nationkey)", "Plans": [{"Node Type": "Index Scan", "Parent Relationship": "Outer", "Scan Direction": "Forward", "Index Name": "nation_pkey", "Relation Name": "nation", "Alias": "nation", "Startup Cost": 0.0, "Total Cost": 12.62, "Plan Rows": 25, "Plan Width": 30, "Actual Startup Time": 0.012, "Actual Total Time": 0.074, "Actual Rows": 25, "Actual Loops": 1}, {"Node Type": "Sort", "Parent Relationship": "Inner", "Startup Cost": 1009296.7, "Total Cost": 1010736.06, "Plan Rows": 575746, "Plan Width": 161, "Actual Startup Time": 11702.415, "Actual Total Time": 11848.798, "Actual Rows": 573635, "Actual Loops": 1, "Sort Key": ["customer.c_nationkey"], "Sort Method": "quicksort", "Sort Space Used": 185911, "Sort Space Type": "Memory", "Plans": [{"Node Type": "Merge Join", "Parent Relationship": "Outer", "Join Type": "Inner", "Startup Cost": 861062.85, "Total Cost": 954211.99, "Plan Rows": 575746, "Plan Width": 161, "Actual Startup Time": 10002.927, "Actual Total Time": 11438.534, "Actual Rows": 573635, "Actual Loops": 1, "Inner Unique": false, "Merge Cond": "(customer.c_custkey = orders.o_custkey)", "Plans": [{"Node Type": "Index Scan", "Parent Relationship": "Outer", "Scan Direction": "Forward", "Index Name": "customer_pkey", "Relation Name": "customer", "Alias": "customer", "Startup Cost": 0.0, "Total Cost": 80765.36, "Plan Rows": 1500000, "Plan Width": 153, "Actual Startup Time": 0.022, "Actual Total Time": 849.322, "Actual Rows": 1499999, "Actual Loops": 1}, {"Node Type": "Sort", "Parent Relationship": "Inner", "Startup Cost": 861060.54, "Total Cost": 862499.9, "Plan Rows": 575746, "Plan Width": 16, "Actual Startup Time": 10002.884, "Actual Total Time": 10119.65, "Actual Rows": 573635, "Actual Loops": 1, "Sort Key": ["orders.o_custkey"], "Sort Method": "quicksort", "Sort Space Used": 78355, "Sort Space Type": "Memory", "Plans": [{"Node Type": "Index Scan", "Parent Relationship": "Outer", "Scan Direction": "Forward", "Index Name": "orders_pkey", "Relation Name": "orders", "Alias": "orders", "Startup Cost": 0.0, "Total Cost": 805975.83, "Plan Rows": 575746, "Plan Width": 16, "Actual Startup Time": 0.028, "Actual Total Time": 9746.014, "Actual Rows": 573635, "Actual Loops": 1, "Filter": "((o_orderdate >= '1993-08-01 00:00:00'::timestamp(0) without time zone) AND (o_orderdate < '1993-11-01 00:00:00'::timestamp without time zone)), (LLVM Optimized, Jit Execute)", "Rows Removed by Filter": 14426365}]}]}]}]}, {"Node Type": "Index Scan", "Parent Relationship": "Inner", "Scan Direction": "Forward", "Index Name": "idx_lineitem_orderkey", "Relation Name": "lineitem", "Alias": "lineitem", "Startup Cost": 0.0, "Total Cost": 5.38, "Plan Rows": 3, "Plan Width": 24, "Actual Startup Time": 5378.271, "Actual Total Time": 6598.309, "Actual Rows": 1145969, "Actual Loops": 573635, "Index Cond": "(l_orderkey = orders.o_orderkey)", "Rows Removed by Index Recheck": 0, "Filter": "(l_returnflag = 'R'::bpchar)", "Rows Removed by Filter": 1146896}]}]}]}]}, "Triggers": [], "Planner Runtime": 1, "Total Runtime": 21466.493, "Unique SQL Id": 1604070524}}, "(1, 26)": {"explain_plan": {"Plan": {"Node Type": "Limit", "Startup Cost": 5010176.71, "Total Cost": 5010176.76, "Plan Rows": 20, "Plan Width": 191, "Plans": [{"Node Type": "Sort", "Parent Relationship": "Outer", "Startup Cost": 5010176.71, "Total Cost": 5013791.45, "Plan Rows": 20, "Plan Width": 191, "Sort Key": ["(sum((lineitem.l_extendedprice * (1::double precision - lineitem.l_discount)))) DESC"], "Plans": [{"Node Type": "Aggregate", "Strategy": "Hashed", "Parent Relationship": "Outer", "Startup Cost": 4957242.9, "Total Cost": 4971701.88, "Plan Rows": 1445898, "Plan Width": 191, "Group By Key": ["customer.c_custkey", "customer.c_name", "customer.c_acctbal", "customer.c_phone", "nation.n_name", "customer.c_address", "customer.c_comment"], "Plans": [{"Node Type": "Merge Join", "Parent Relationship": "Outer", "Join Type": "Inner", "Startup Cost": 4829583.01, "Total Cost": 4921095.45, "Plan Rows": 1445898, "Plan Width": 191, "Inner Unique": false, "Merge Cond": "(orders.o_orderkey = lineitem.l_orderkey)", "Plans": [{"Node Type": "Sort", "Parent Relationship": "Outer", "Startup Cost": 897439.53, "Total Cost": 898878.9, "Plan Rows": 575746, "Plan Width": 183, "Sort Key": ["orders.o_orderkey"], "Plans": [{"Node Type": "Merge Join", "Parent Relationship": "Outer", "Join Type": "Inner", "Startup Cost": 833718.51, "Total Cost": 842354.83, "Plan Rows": 575746, "Plan Width": 183, "Inner Unique": false, "Merge Cond": "(nation.n_nationkey = customer.c_nationkey)", "Plans": [{"Node Type": "Sort", "Parent Relationship": "Outer", "Startup Cost": 1.83, "Total Cost": 1.89, "Plan Rows": 25, "Plan Width": 30, "Sort Key": ["nation.n_nationkey"], "Plans": [{"Node Type": "Seq Scan", "Parent Relationship": "Outer", "Relation Name": "nation", "Alias": "nation", "Startup Cost": 0.0, "Total Cost": 1.25, "Plan Rows": 25, "Plan Width": 30}]}, {"Node Type": "Sort", "Parent Relationship": "Inner", "Startup Cost": 833716.68, "Total Cost": 835156.05, "Plan Rows": 575746, "Plan Width": 161, "Sort Key": ["customer.c_nationkey"], "Plans": [{"Node Type": "Merge Join", "Parent Relationship": "Outer", "Join Type": "Inner", "Startup Cost": 762496.08, "Total Cost": 778631.97, "Plan Rows": 575746, "Plan Width": 161, "Inner Unique": false, "Merge Cond": "(customer.c_custkey = orders.o_custkey)", "Plans": [{"Node Type": "Sort", "Parent Relationship": "Outer", "Startup Cost": 205999.98, "Total Cost": 209749.98, "Plan Rows": 1500000, "Plan Width": 153, "Sort Key": ["customer.c_custkey"], "Plans": [{"Node Type": "Seq Scan", "Parent Relationship": "Outer", "Relation Name": "customer", "Alias": "customer", "Startup Cost": 0.0, "Total Cost": 52126.0, "Plan Rows": 1500000, "Plan Width": 153}]}, {"Node Type": "Sort", "Parent Relationship": "Inner", "Startup Cost": 556495.89, "Total Cost": 557935.26, "Plan Rows": 575746, "Plan Width": 16, "Sort Key": ["orders.o_custkey"], "Plans": [{"Node Type": "Seq Scan", "Parent Relationship": "Outer", "Relation Name": "orders", "Alias": "orders", "Startup Cost": 578.97, "Total Cost": 501411.18, "Plan Rows": 575746, "Plan Width": 16, "Filter": "((o_orderdate >= '1993-08-01 00:00:00'::timestamp(0) without time zone) AND (o_orderdate < '1993-11-01 00:00:00'::timestamp without time zone)), (LLVM Optimized)"}]}]}]}]}]}, {"Node Type": "Sort", "Parent Relationship": "Inner", "Startup Cost": 3932143.37, "Total Cost": 3969231.39, "Plan Rows": 14835209, "Plan Width": 24, "Sort Key": ["lineitem.l_orderkey"], "Plans": [{"Node Type": "Seq Scan", "Parent Relationship": "Outer", "Relation Name": "lineitem", "Alias": "lineitem", "Startup Cost": 0.0, "Total Cost": 2165082.91, "Plan Rows": 14835209, "Plan Width": 24, "Filter": "(l_returnflag = 'R'::bpchar), (LLVM Optimized)"}]}]}]}]}]}, "Unique SQL Id": 1604070524, "Planner Runtime": 1}, "explain_analyze_plan": {"Plan": {"Node Type": "Limit", "Startup Cost": 5010176.71, "Total Cost": 5010176.76, "Plan Rows": 20, "Plan Width": 191, "Actual Startup Time": 43257.089, "Actual Total Time": 43257.098, "Actual Rows": 20, "Actual Loops": 1, "Plans": [{"Node Type": "Sort", "Parent Relationship": "Outer", "Startup Cost": 5010176.71, "Total Cost": 5013791.45, "Plan Rows": 20, "Plan Width": 191, "Actual Startup Time": 43257.087, "Actual Total Time": 43257.093, "Actual Rows": 20, "Actual Loops": 1, "Sort Key": ["(sum((lineitem.l_extendedprice * (1::double precision - lineitem.l_discount)))) DESC"], "Sort Method": "top-N heapsort", "Sort Space Used": 35, "Sort Space Type": "Memory", "Plans": [{"Node Type": "Aggregate", "Strategy": "Hashed", "Parent Relationship": "Outer", "Startup Cost": 4957242.9, "Total Cost": 4971701.88, "Plan Rows": 1445898, "Plan Width": 191, "Actual Startup Time": 42837.758, "Actual Total Time": 43123.092, "Actual Rows": 381542, "Actual Loops": 1, "Group By Key": ["customer.c_custkey", "customer.c_name", "customer.c_acctbal", "customer.c_phone", "nation.n_name", "customer.c_address", "customer.c_comment"], "Plans": [{"Node Type": "Merge Join", "Parent Relationship": "Outer", "Join Type": "Inner", "Startup Cost": 4829583.01, "Total Cost": 4921095.45, "Plan Rows": 1445898, "Plan Width": 191, "Actual Startup Time": 36397.71, "Actual Total Time": 41138.88, "Actual Rows": 1145969, "Actual Loops": 1, "Inner Unique": false, "Merge Cond": "(orders.o_orderkey = lineitem.l_orderkey)", "Plans": [{"Node Type": "Sort", "Parent Relationship": "Outer", "Startup Cost": 897439.53, "Total Cost": 898878.9, "Plan Rows": 575746, "Plan Width": 183, "Actual Startup Time": 8289.029, "Actual Total Time": 8436.202, "Actual Rows": 573635, "Actual Loops": 1, "Sort Key": ["orders.o_orderkey"], "Sort Method": "quicksort", "Sort Space Used": 199246, "Sort Space Type": "Memory", "Plans": [{"Node Type": "Merge Join", "Parent Relationship": "Outer", "Join Type": "Inner", "Startup Cost": 833718.51, "Total Cost": 842354.83, "Plan Rows": 575746, "Plan Width": 183, "Actual Startup Time": 7673.304, "Actual Total Time": 7967.826, "Actual Rows": 573635, "Actual Loops": 1, "Inner Unique": false, "Merge Cond": "(nation.n_nationkey = customer.c_nationkey)", "Plans": [{"Node Type": "Sort", "Parent Relationship": "Outer", "Startup Cost": 1.83, "Total Cost": 1.89, "Plan Rows": 25, "Plan Width": 30, "Actual Startup Time": 0.049, "Actual Total Time": 0.056, "Actual Rows": 25, "Actual Loops": 1, "Sort Key": ["nation.n_nationkey"], "Sort Method": "quicksort", "Sort Space Used": 27, "Sort Space Type": "Memory", "Plans": [{"Node Type": "Seq Scan", "Parent Relationship": "Outer", "Relation Name": "nation", "Alias": "nation", "Startup Cost": 0.0, "Total Cost": 1.25, "Plan Rows": 25, "Plan Width": 30, "Actual Startup Time": 0.023, "Actual Total Time": 0.029, "Actual Rows": 25, "Actual Loops": 1}]}, {"Node Type": "Sort", "Parent Relationship": "Inner", "Startup Cost": 833716.68, "Total Cost": 835156.05, "Plan Rows": 575746, "Plan Width": 161, "Actual Startup Time": 7673.243, "Actual Total Time": 7766.174, "Actual Rows": 573635, "Actual Loops": 1, "Sort Key": ["customer.c_nationkey"], "Sort Method": "quicksort", "Sort Space Used": 185911, "Sort Space Type": "Memory", "Plans": [{"Node Type": "Merge Join", "Parent Relationship": "Outer", "Join Type": "Inner", "Startup Cost": 762496.08, "Total Cost": 778631.97, "Plan Rows": 575746, "Plan Width": 161, "Actual Startup Time": 6374.977, "Actual Total Time": 7416.258, "Actual Rows": 573635, "Actual Loops": 1, "Inner Unique": false, "Merge Cond": "(customer.c_custkey = orders.o_custkey)", "Plans": [{"Node Type": "Sort", "Parent Relationship": "Outer", "Startup Cost": 205999.98, "Total Cost": 209749.98, "Plan Rows": 1500000, "Plan Width": 153, "Actual Startup Time": 1218.119, "Actual Total Time": 1537.674, "Actual Rows": 1499999, "Actual Loops": 1, "Sort Key": ["customer.c_custkey"], "Sort Method": "quicksort", "Sort Space Used": 470340, "Sort Space Type": "Memory", "Plans": [{"Node Type": "Seq Scan", "Parent Relationship": "Outer", "Relation Name": "customer", "Alias": "customer", "Startup Cost": 0.0, "Total Cost": 52126.0, "Plan Rows": 1500000, "Plan Width": 153, "Actual Startup Time": 0.013, "Actual Total Time": 552.174, "Actual Rows": 1500000, "Actual Loops": 1}]}, {"Node Type": "Sort", "Parent Relationship": "Inner", "Startup Cost": 556495.89, "Total Cost": 557935.26, "Plan Rows": 575746, "Plan Width": 16, "Actual Startup Time": 5156.843, "Actual Total Time": 5338.229, "Actual Rows": 573635, "Actual Loops": 1, "Sort Key": ["orders.o_custkey"], "Sort Method": "quicksort", "Sort Space Used": 78355, "Sort Space Type": "Memory", "Plans": [{"Node Type": "Seq Scan", "Parent Relationship": "Outer", "Relation Name": "orders", "Alias": "orders", "Startup Cost": 578.97, "Total Cost": 501411.18, "Plan Rows": 575746, "Plan Width": 16, "Actual Startup Time": 0.033, "Actual Total Time": 4914.675, "Actual Rows": 573635, "Actual Loops": 1, "Filter": "((o_orderdate >= '1993-08-01 00:00:00'::timestamp(0) without time zone) AND (o_orderdate < '1993-11-01 00:00:00'::timestamp without time zone)), (LLVM Optimized, Jit Execute)", "Rows Removed by Filter": 14426365}]}]}]}]}]}, {"Node Type": "Sort", "Parent Relationship": "Inner", "Startup Cost": 3932143.37, "Total Cost": 3969231.39, "Plan Rows": 14835209, "Plan Width": 24, "Actual Startup Time": 28108.581, "Actual Total Time": 29909.139, "Actual Rows": 14808182, "Actual Loops": 1, "Sort Key": ["lineitem.l_orderkey"], "Sort Method": "quicksort", "Sort Space Used": 1781484, "Sort Space Type": "Memory", "Plans": [{"Node Type": "Seq Scan", "Parent Relationship": "Outer", "Relation Name": "lineitem", "Alias": "lineitem", "Startup Cost": 0.0, "Total Cost": 2165082.91, "Plan Rows": 14835209, "Plan Width": 24, "Actual Startup Time": 0.047, "Actual Total Time": 22524.812, "Actual Rows": 14808183, "Actual Loops": 1, "Filter": "(l_returnflag = 'R'::bpchar), (LLVM Optimized, Jit Execute)", "Rows Removed by Filter": 45177869}]}]}]}]}]}, "Triggers": [], "Planner Runtime": 1, "Total Runtime": 43267.183, "Unique SQL Id": 1604070524}}, "(1, 27)": {"explain_plan": {"Plan": {"Node Type": "Limit", "Startup Cost": 4032944945746.96, "Total Cost": 4032944945747.01, "Plan Rows": 20, "Plan Width": 191, "Plans": [{"Node Type": "Sort", "Parent Relationship": "Outer", "Startup Cost": 4032944945746.96, "Total Cost": 4032944949361.7, "Plan Rows": 20, "Plan Width": 191, "Sort Key": ["(sum((lineitem.l_extendedprice * (1::double precision - lineitem.l_discount)))) DESC"], "Plans": [{"Node Type": "Aggregate", "Strategy": "Hashed", "Parent Relationship": "Outer", "Startup Cost": 4032944892813.15, "Total Cost": 4032944907272.13, "Plan Rows": 1445898, "Plan Width": 191, "Group By Key": ["customer.c_custkey", "customer.c_name", "customer.c_acctbal", "customer.c_phone", "nation.n_name", "customer.c_address", "customer.c_comment"], "Plans": [{"Node Type": "Nested Loop", "Parent Relationship": "Outer", "Join Type": "Inner", "Startup Cost": 40036112613.17, "Total Cost": 4032944856665.7, "Plan Rows": 1445898, "Plan Width": 191, "Inner Unique": false, "Join Filter": "(customer.c_custkey = orders.o_custkey), (LLVM Optimized)", "Plans": [{"Node Type": "Nested Loop", "Parent Relationship": "Outer", "Join Type": "Inner", "Startup Cost": 20000000000.0, "Total Cost": 2000008640298.18, "Plan Rows": 1500000, "Plan Width": 175, "Inner Unique": true, "Join Filter": "(customer.c_nationkey = nation.n_nationkey), (LLVM Optimized)", "Plans": [{"Node Type": "Index Scan", "Parent Relationship": "Outer", "Scan Direction": "Forward", "Index Name": "customer_pkey", "Relation Name": "customer", "Alias": "customer", "Startup Cost": 10000000000.0, "Total Cost": 1000008076535.62, "Plan Rows": 1500000, "Plan Width": 153}, {"Node Type": "Materialize", "Parent Relationship": "Inner", "Startup Cost": 10000000000.0, "Total Cost": 1000000001262.62, "Plan Rows": 25, "Plan Width": 30, "Plans": [{"Node Type": "Index Scan", "Parent Relationship": "Outer", "Scan Direction": "Forward", "Index Name": "nation_pkey", "Relation Name": "nation", "Alias": "nation", "Startup Cost": 10000000000.0, "Total Cost": 1000000001262.5, "Plan Rows": 25, "Plan Width": 30}]}]}, {"Node Type": "Materialize", "Parent Relationship": "Inner", "Startup Cost": 20036112613.17, "Total Cost": 2000403514982.26, "Plan Rows": 1445898, "Plan Width": 24, "Plans": [{"Node Type": "Merge Join", "Parent Relationship": "Outer", "Join Type": "Inner", "Startup Cost": 20036112613.17, "Total Cost": 2000403507752.77, "Plan Rows": 1445898, "Plan Width": 24, "Inner Unique": false, "Merge Cond": "(orders.o_orderkey = lineitem.l_orderkey)", "Plans": [{"Node Type": "Index Scan", "Parent Relationship": "Outer", "Scan Direction": "Forward", "Index Name": "orders_pkey", "Relation Name": "orders", "Alias": "orders", "Startup Cost": 10000000000.0, "Total Cost": 1000080597583.0, "Plan Rows": 575746, "Plan Width": 16, "Filter": "((o_orderdate >= '1993-08-01 00:00:00'::timestamp(0) without time zone) AND (o_orderdate < '1993-11-01 00:00:00'::timestamp without time zone)), (LLVM Optimized)"}, {"Node Type": "Index Scan", "Parent Relationship": "Inner", "Scan Direction": "Forward", "Index Name": "idx_lineitem_orderkey", "Relation Name": "lineitem", "Alias": "lineitem", "Startup Cost": 10000000000.0, "Total Cost": 1000339012132.75, "Plan Rows": 14835209, "Plan Width": 24, "Filter": "(l_returnflag = 'R'::bpchar), (LLVM Optimized)"}]}]}]}]}]}]}, "Unique SQL Id": 1604070524, "Planner Runtime": 1}, "explain_analyze_plan": null}, "(1, 28)": {"explain_plan": {"Plan": {"Node Type": "Limit", "Startup Cost": 3919068.9, "Total Cost": 3919068.95, "Plan Rows": 20, "Plan Width": 191, "Plans": [{"Node Type": "Sort", "Parent Relationship": "Outer", "Startup Cost": 3919068.9, "Total Cost": 3922683.64, "Plan Rows": 20, "Plan Width": 191, "Sort Key": ["(sum((lineitem.l_extendedprice * (1::double precision - lineitem.l_discount)))) DESC"], "Plans": [{"Node Type": "Aggregate", "Strategy": "Hashed", "Parent Relationship": "Outer", "Startup Cost": 3866135.09, "Total Cost": 3880594.07, "Plan Rows": 1445898, "Plan Width": 191, "Group By Key": ["customer.c_custkey", "customer.c_name", "customer.c_acctbal", "customer.c_phone", "nation.n_name", "customer.c_address", "customer.c_comment"], "Plans": [{"Node Type": "Nested Loop", "Parent Relationship": "Outer", "Join Type": "Inner", "Startup Cost": 704733.88, "Total Cost": 3829987.64, "Plan Rows": 1445898, "Plan Width": 191, "Inner Unique": false, "Plans": [{"Node Type": "Merge Join", "Parent Relationship": "Outer", "Join Type": "Inner", "Startup Cost": 704733.88, "Total Cost": 713370.2, "Plan Rows": 575746, "Plan Width": 183, "Inner Unique": false, "Merge Cond": "(nation.n_nationkey = customer.c_nationkey)", "Plans": [{"Node Type": "Sort", "Parent Relationship": "Outer", "Startup Cost": 1.83, "Total Cost": 1.89, "Plan Rows": 25, "Plan Width": 30, "Sort Key": ["nation.n_nationkey"], "Plans": [{"Node Type": "Seq Scan", "Parent Relationship": "Outer", "Relation Name": "nation", "Alias": "nation", "Startup Cost": 0.0, "Total Cost": 1.25, "Plan Rows": 25, "Plan Width": 30}]}, {"Node Type": "Sort", "Parent Relationship": "Inner", "Startup Cost": 704732.05, "Total Cost": 706171.42, "Plan Rows": 575746, "Plan Width": 161, "Sort Key": ["customer.c_nationkey"], "Plans": [{"Node Type": "Merge Join", "Parent Relationship": "Outer", "Join Type": "Inner", "Startup Cost": 556498.2, "Total Cost": 649647.34, "Plan Rows": 575746, "Plan Width": 161, "Inner Unique": false, "Merge Cond": "(customer.c_custkey = orders.o_custkey)", "Plans": [{"Node Type": "Index Scan", "Parent Relationship": "Outer", "Scan Direction": "Forward", "Index Name": "customer_pkey", "Relation Name": "customer", "Alias": "customer", "Startup Cost": 0.0, "Total Cost": 80765.36, "Plan Rows": 1500000, "Plan Width": 153}, {"Node Type": "Sort", "Parent Relationship": "Inner", "Startup Cost": 556495.89, "Total Cost": 557935.26, "Plan Rows": 575746, "Plan Width": 16, "Sort Key": ["orders.o_custkey"], "Plans": [{"Node Type": "Seq Scan", "Parent Relationship": "Outer", "Relation Name": "orders", "Alias": "orders", "Startup Cost": 578.97, "Total Cost": 501411.18, "Plan Rows": 575746, "Plan Width": 16, "Filter": "((o_orderdate >= '1993-08-01 00:00:00'::timestamp(0) without time zone) AND (o_orderdate < '1993-11-01 00:00:00'::timestamp without time zone)), (LLVM Optimized)"}]}]}]}]}, {"Node Type": "Index Scan", "Parent Relationship": "Inner", "Scan Direction": "Forward", "Index Name": "idx_lineitem_orderkey", "Relation Name": "lineitem", "Alias": "lineitem", "Startup Cost": 0.0, "Total Cost": 5.38, "Plan Rows": 3, "Plan Width": 24, "Index Cond": "(l_orderkey = orders.o_orderkey)", "Filter": "(l_returnflag = 'R'::bpchar)"}]}]}]}]}, "Unique SQL Id": 1604070524, "Planner Runtime": 1}, "explain_analyze_plan": {"Plan": {"Node Type": "Limit", "Startup Cost": 3919068.9, "Total Cost": 3919068.95, "Plan Rows": 20, "Plan Width": 191, "Actual Startup Time": 16602.655, "Actual Total Time": 16602.662, "Actual Rows": 20, "Actual Loops": 1, "Plans": [{"Node Type": "Sort", "Parent Relationship": "Outer", "Startup Cost": 3919068.9, "Total Cost": 3922683.64, "Plan Rows": 20, "Plan Width": 191, "Actual Startup Time": 16602.652, "Actual Total Time": 16602.657, "Actual Rows": 20, "Actual Loops": 1, "Sort Key": ["(sum((lineitem.l_extendedprice * (1::double precision - lineitem.l_discount)))) DESC"], "Sort Method": "top-N heapsort", "Sort Space Used": 35, "Sort Space Type": "Memory", "Plans": [{"Node Type": "Aggregate", "Strategy": "Hashed", "Parent Relationship": "Outer", "Startup Cost": 3866135.09, "Total Cost": 3880594.07, "Plan Rows": 1445898, "Plan Width": 191, "Actual Startup Time": 16109.408, "Actual Total Time": 16464.109, "Actual Rows": 381542, "Actual Loops": 1, "Group By Key": ["customer.c_custkey", "customer.c_name", "customer.c_acctbal", "customer.c_phone", "nation.n_name", "customer.c_address", "customer.c_comment"], "Plans": [{"Node Type": "Nested Loop", "Parent Relationship": "Outer", "Join Type": "Inner", "Startup Cost": 704733.88, "Total Cost": 3829987.64, "Plan Rows": 1445898, "Plan Width": 191, "Actual Startup Time": 7028.494, "Actual Total Time": 14369.32, "Actual Rows": 1145969, "Actual Loops": 1, "Inner Unique": false, "Plans": [{"Node Type": "Merge Join", "Parent Relationship": "Outer", "Join Type": "Inner", "Startup Cost": 704733.88, "Total Cost": 713370.2, "Plan Rows": 575746, "Plan Width": 183, "Actual Startup Time": 7028.404, "Actual Total Time": 7401.755, "Actual Rows": 573635, "Actual Loops": 1, "Inner Unique": false, "Merge Cond": "(nation.n_nationkey = customer.c_nationkey)", "Plans": [{"Node Type": "Sort", "Parent Relationship": "Outer", "Startup Cost": 1.83, "Total Cost": 1.89, "Plan Rows": 25, "Plan Width": 30, "Actual Startup Time": 0.057, "Actual Total Time": 0.077, "Actual Rows": 25, "Actual Loops": 1, "Sort Key": ["nation.n_nationkey"], "Sort Method": "quicksort", "Sort Space Used": 27, "Sort Space Type": "Memory", "Plans": [{"Node Type": "Seq Scan", "Parent Relationship": "Outer", "Relation Name": "nation", "Alias": "nation", "Startup Cost": 0.0, "Total Cost": 1.25, "Plan Rows": 25, "Plan Width": 30, "Actual Startup Time": 0.023, "Actual Total Time": 0.028, "Actual Rows": 25, "Actual Loops": 1}]}, {"Node Type": "Sort", "Parent Relationship": "Inner", "Startup Cost": 704732.05, "Total Cost": 706171.42, "Plan Rows": 575746, "Plan Width": 161, "Actual Startup Time": 7028.333, "Actual Total Time": 7159.492, "Actual Rows": 573635, "Actual Loops": 1, "Sort Key": ["customer.c_nationkey"], "Sort Method": "quicksort", "Sort Space Used": 185911, "Sort Space Type": "Memory", "Plans": [{"Node Type": "Merge Join", "Parent Relationship": "Outer", "Join Type": "Inner", "Startup Cost": 556498.2, "Total Cost": 649647.34, "Plan Rows": 575746, "Plan Width": 161, "Actual Startup Time": 5365.711, "Actual Total Time": 6762.347, "Actual Rows": 573635, "Actual Loops": 1, "Inner Unique": false, "Merge Cond": "(customer.c_custkey = orders.o_custkey)", "Plans": [{"Node Type": "Index Scan", "Parent Relationship": "Outer", "Scan Direction": "Forward", "Index Name": "customer_pkey", "Relation Name": "customer", "Alias": "customer", "Startup Cost": 0.0, "Total Cost": 80765.36, "Plan Rows": 1500000, "Plan Width": 153, "Actual Startup Time": 0.03, "Actual Total Time": 818.113, "Actual Rows": 1499999, "Actual Loops": 1}, {"Node Type": "Sort", "Parent Relationship": "Inner", "Startup Cost": 556495.89, "Total Cost": 557935.26, "Plan Rows": 575746, "Plan Width": 16, "Actual Startup Time": 5365.663, "Actual Total Time": 5473.732, "Actual Rows": 573635, "Actual Loops": 1, "Sort Key": ["orders.o_custkey"], "Sort Method": "quicksort", "Sort Space Used": 78355, "Sort Space Type": "Memory", "Plans": [{"Node Type": "Seq Scan", "Parent Relationship": "Outer", "Relation Name": "orders", "Alias": "orders", "Startup Cost": 578.97, "Total Cost": 501411.18, "Plan Rows": 575746, "Plan Width": 16, "Actual Startup Time": 0.041, "Actual Total Time": 5128.999, "Actual Rows": 573635, "Actual Loops": 1, "Filter": "((o_orderdate >= '1993-08-01 00:00:00'::timestamp(0) without time zone) AND (o_orderdate < '1993-11-01 00:00:00'::timestamp without time zone)), (LLVM Optimized, Jit Execute)", "Rows Removed by Filter": 14426365}]}]}]}]}, {"Node Type": "Index Scan", "Parent Relationship": "Inner", "Scan Direction": "Forward", "Index Name": "idx_lineitem_orderkey", "Relation Name": "lineitem", "Alias": "lineitem", "Startup Cost": 0.0, "Total Cost": 5.38, "Plan Rows": 3, "Plan Width": 24, "Actual Startup Time": 5179.934, "Actual Total Time": 6366.195, "Actual Rows": 1145969, "Actual Loops": 573635, "Index Cond": "(l_orderkey = orders.o_orderkey)", "Rows Removed by Index Recheck": 0, "Filter": "(l_returnflag = 'R'::bpchar)", "Rows Removed by Filter": 1146896}]}]}]}]}, "Triggers": [], "Planner Runtime": 1, "Total Runtime": 16612.421, "Unique SQL Id": 1604070524}}, "(1, 29)": {"explain_plan": {"Plan": {"Node Type": "Limit", "Startup Cost": 4223644.28, "Total Cost": 4223644.33, "Plan Rows": 20, "Plan Width": 191, "Plans": [{"Node Type": "Sort", "Parent Relationship": "Outer", "Startup Cost": 4223644.28, "Total Cost": 4227259.02, "Plan Rows": 20, "Plan Width": 191, "Sort Key": ["(sum((lineitem.l_extendedprice * (1::double precision - lineitem.l_discount)))) DESC"], "Plans": [{"Node Type": "Aggregate", "Strategy": "Hashed", "Parent Relationship": "Outer", "Startup Cost": 4170710.47, "Total Cost": 4185169.45, "Plan Rows": 1445898, "Plan Width": 191, "Group By Key": ["customer.c_custkey", "customer.c_name", "customer.c_acctbal", "customer.c_phone", "nation.n_name", "customer.c_address", "customer.c_comment"], "Plans": [{"Node Type": "Nested Loop", "Parent Relationship": "Outer", "Join Type": "Inner", "Startup Cost": 1009296.7, "Total Cost": 4134563.02, "Plan Rows": 1445898, "Plan Width": 191, "Inner Unique": false, "Plans": [{"Node Type": "Merge Join", "Parent Relationship": "Outer", "Join Type": "Inner", "Startup Cost": 1009296.7, "Total Cost": 1017945.58, "Plan Rows": 575746, "Plan Width": 183, "Inner Unique": false, "Merge Cond": "(nation.n_nationkey = customer.c_nationkey)", "Plans": [{"Node Type": "Index Scan", "Parent Relationship": "Outer", "Scan Direction": "Forward", "Index Name": "nation_pkey", "Relation Name": "nation", "Alias": "nation", "Startup Cost": 0.0, "Total Cost": 12.62, "Plan Rows": 25, "Plan Width": 30}, {"Node Type": "Sort", "Parent Relationship": "Inner", "Startup Cost": 1009296.7, "Total Cost": 1010736.06, "Plan Rows": 575746, "Plan Width": 161, "Sort Key": ["customer.c_nationkey"], "Plans": [{"Node Type": "Merge Join", "Parent Relationship": "Outer", "Join Type": "Inner", "Startup Cost": 861062.85, "Total Cost": 954211.99, "Plan Rows": 575746, "Plan Width": 161, "Inner Unique": false, "Merge Cond": "(customer.c_custkey = orders.o_custkey)", "Plans": [{"Node Type": "Index Scan", "Parent Relationship": "Outer", "Scan Direction": "Forward", "Index Name": "customer_pkey", "Relation Name": "customer", "Alias": "customer", "Startup Cost": 0.0, "Total Cost": 80765.36, "Plan Rows": 1500000, "Plan Width": 153}, {"Node Type": "Sort", "Parent Relationship": "Inner", "Startup Cost": 861060.54, "Total Cost": 862499.9, "Plan Rows": 575746, "Plan Width": 16, "Sort Key": ["orders.o_custkey"], "Plans": [{"Node Type": "Index Scan", "Parent Relationship": "Outer", "Scan Direction": "Forward", "Index Name": "orders_pkey", "Relation Name": "orders", "Alias": "orders", "Startup Cost": 0.0, "Total Cost": 805975.83, "Plan Rows": 575746, "Plan Width": 16, "Filter": "((o_orderdate >= '1993-08-01 00:00:00'::timestamp(0) without time zone) AND (o_orderdate < '1993-11-01 00:00:00'::timestamp without time zone)), (LLVM Optimized)"}]}]}]}]}, {"Node Type": "Index Scan", "Parent Relationship": "Inner", "Scan Direction": "Forward", "Index Name": "idx_lineitem_orderkey", "Relation Name": "lineitem", "Alias": "lineitem", "Startup Cost": 0.0, "Total Cost": 5.38, "Plan Rows": 3, "Plan Width": 24, "Index Cond": "(l_orderkey = orders.o_orderkey)", "Filter": "(l_returnflag = 'R'::bpchar)"}]}]}]}]}, "Unique SQL Id": 1604070524, "Planner Runtime": 1}, "explain_analyze_plan": {"Plan": {"Node Type": "Limit", "Startup Cost": 4223644.28, "Total Cost": 4223644.33, "Plan Rows": 20, "Plan Width": 191, "Actual Startup Time": 21456.538, "Actual Total Time": 21456.545, "Actual Rows": 20, "Actual Loops": 1, "Plans": [{"Node Type": "Sort", "Parent Relationship": "Outer", "Startup Cost": 4223644.28, "Total Cost": 4227259.02, "Plan Rows": 20, "Plan Width": 191, "Actual Startup Time": 21456.535, "Actual Total Time": 21456.54, "Actual Rows": 20, "Actual Loops": 1, "Sort Key": ["(sum((lineitem.l_extendedprice * (1::double precision - lineitem.l_discount)))) DESC"], "Sort Method": "top-N heapsort", "Sort Space Used": 35, "Sort Space Type": "Memory", "Plans": [{"Node Type": "Aggregate", "Strategy": "Hashed", "Parent Relationship": "Outer", "Startup Cost": 4170710.47, "Total Cost": 4185169.45, "Plan Rows": 1445898, "Plan Width": 191, "Actual Startup Time": 21081.686, "Actual Total Time": 21320.82, "Actual Rows": 381542, "Actual Loops": 1, "Group By Key": ["customer.c_custkey", "customer.c_name", "customer.c_acctbal", "customer.c_phone", "nation.n_name", "customer.c_address", "customer.c_comment"], "Plans": [{"Node Type": "Nested Loop", "Parent Relationship": "Outer", "Join Type": "Inner", "Startup Cost": 1009296.7, "Total Cost": 4134563.02, "Plan Rows": 1445898, "Plan Width": 191, "Actual Startup Time": 11702.536, "Actual Total Time": 19317.436, "Actual Rows": 1145969, "Actual Loops": 1, "Inner Unique": false, "Plans": [{"Node Type": "Merge Join", "Parent Relationship": "Outer", "Join Type": "Inner", "Startup Cost": 1009296.7, "Total Cost": 1017945.58, "Plan Rows": 575746, "Plan Width": 183, "Actual Startup Time": 11702.441, "Actual Total Time": 12112.133, "Actual Rows": 573635, "Actual Loops": 1, "Inner Unique": false, "Merge Cond": "(nation.n_nationkey = customer.c_nationkey)", "Plans": [{"Node Type": "Index Scan", "Parent Relationship": "Outer", "Scan Direction": "Forward", "Index Name": "nation_pkey", "Relation Name": "nation", "Alias": "nation", "Startup Cost": 0.0, "Total Cost": 12.62, "Plan Rows": 25, "Plan Width": 30, "Actual Startup Time": 0.012, "Actual Total Time": 0.074, "Actual Rows": 25, "Actual Loops": 1}, {"Node Type": "Sort", "Parent Relationship": "Inner", "Startup Cost": 1009296.7, "Total Cost": 1010736.06, "Plan Rows": 575746, "Plan Width": 161, "Actual Startup Time": 11702.415, "Actual Total Time": 11848.798, "Actual Rows": 573635, "Actual Loops": 1, "Sort Key": ["customer.c_nationkey"], "Sort Method": "quicksort", "Sort Space Used": 185911, "Sort Space Type": "Memory", "Plans": [{"Node Type": "Merge Join", "Parent Relationship": "Outer", "Join Type": "Inner", "Startup Cost": 861062.85, "Total Cost": 954211.99, "Plan Rows": 575746, "Plan Width": 161, "Actual Startup Time": 10002.927, "Actual Total Time": 11438.534, "Actual Rows": 573635, "Actual Loops": 1, "Inner Unique": false, "Merge Cond": "(customer.c_custkey = orders.o_custkey)", "Plans": [{"Node Type": "Index Scan", "Parent Relationship": "Outer", "Scan Direction": "Forward", "Index Name": "customer_pkey", "Relation Name": "customer", "Alias": "customer", "Startup Cost": 0.0, "Total Cost": 80765.36, "Plan Rows": 1500000, "Plan Width": 153, "Actual Startup Time": 0.022, "Actual Total Time": 849.322, "Actual Rows": 1499999, "Actual Loops": 1}, {"Node Type": "Sort", "Parent Relationship": "Inner", "Startup Cost": 861060.54, "Total Cost": 862499.9, "Plan Rows": 575746, "Plan Width": 16, "Actual Startup Time": 10002.884, "Actual Total Time": 10119.65, "Actual Rows": 573635, "Actual Loops": 1, "Sort Key": ["orders.o_custkey"], "Sort Method": "quicksort", "Sort Space Used": 78355, "Sort Space Type": "Memory", "Plans": [{"Node Type": "Index Scan", "Parent Relationship": "Outer", "Scan Direction": "Forward", "Index Name": "orders_pkey", "Relation Name": "orders", "Alias": "orders", "Startup Cost": 0.0, "Total Cost": 805975.83, "Plan Rows": 575746, "Plan Width": 16, "Actual Startup Time": 0.028, "Actual Total Time": 9746.014, "Actual Rows": 573635, "Actual Loops": 1, "Filter": "((o_orderdate >= '1993-08-01 00:00:00'::timestamp(0) without time zone) AND (o_orderdate < '1993-11-01 00:00:00'::timestamp without time zone)), (LLVM Optimized, Jit Execute)", "Rows Removed by Filter": 14426365}]}]}]}]}, {"Node Type": "Index Scan", "Parent Relationship": "Inner", "Scan Direction": "Forward", "Index Name": "idx_lineitem_orderkey", "Relation Name": "lineitem", "Alias": "lineitem", "Startup Cost": 0.0, "Total Cost": 5.38, "Plan Rows": 3, "Plan Width": 24, "Actual Startup Time": 5378.271, "Actual Total Time": 6598.309, "Actual Rows": 1145969, "Actual Loops": 573635, "Index Cond": "(l_orderkey = orders.o_orderkey)", "Rows Removed by Index Recheck": 0, "Filter": "(l_returnflag = 'R'::bpchar)", "Rows Removed by Filter": 1146896}]}]}]}]}, "Triggers": [], "Planner Runtime": 1, "Total Runtime": 21466.493, "Unique SQL Id": 1604070524}}, "(1, 30)": {"explain_plan": {"Plan": {"Node Type": "Limit", "Startup Cost": 5010176.71, "Total Cost": 5010176.76, "Plan Rows": 20, "Plan Width": 191, "Plans": [{"Node Type": "Sort", "Parent Relationship": "Outer", "Startup Cost": 5010176.71, "Total Cost": 5013791.45, "Plan Rows": 20, "Plan Width": 191, "Sort Key": ["(sum((lineitem.l_extendedprice * (1::double precision - lineitem.l_discount)))) DESC"], "Plans": [{"Node Type": "Aggregate", "Strategy": "Hashed", "Parent Relationship": "Outer", "Startup Cost": 4957242.9, "Total Cost": 4971701.88, "Plan Rows": 1445898, "Plan Width": 191, "Group By Key": ["customer.c_custkey", "customer.c_name", "customer.c_acctbal", "customer.c_phone", "nation.n_name", "customer.c_address", "customer.c_comment"], "Plans": [{"Node Type": "Merge Join", "Parent Relationship": "Outer", "Join Type": "Inner", "Startup Cost": 4829583.01, "Total Cost": 4921095.45, "Plan Rows": 1445898, "Plan Width": 191, "Inner Unique": false, "Merge Cond": "(orders.o_orderkey = lineitem.l_orderkey)", "Plans": [{"Node Type": "Sort", "Parent Relationship": "Outer", "Startup Cost": 897439.53, "Total Cost": 898878.9, "Plan Rows": 575746, "Plan Width": 183, "Sort Key": ["orders.o_orderkey"], "Plans": [{"Node Type": "Merge Join", "Parent Relationship": "Outer", "Join Type": "Inner", "Startup Cost": 833718.51, "Total Cost": 842354.83, "Plan Rows": 575746, "Plan Width": 183, "Inner Unique": false, "Merge Cond": "(nation.n_nationkey = customer.c_nationkey)", "Plans": [{"Node Type": "Sort", "Parent Relationship": "Outer", "Startup Cost": 1.83, "Total Cost": 1.89, "Plan Rows": 25, "Plan Width": 30, "Sort Key": ["nation.n_nationkey"], "Plans": [{"Node Type": "Seq Scan", "Parent Relationship": "Outer", "Relation Name": "nation", "Alias": "nation", "Startup Cost": 0.0, "Total Cost": 1.25, "Plan Rows": 25, "Plan Width": 30}]}, {"Node Type": "Sort", "Parent Relationship": "Inner", "Startup Cost": 833716.68, "Total Cost": 835156.05, "Plan Rows": 575746, "Plan Width": 161, "Sort Key": ["customer.c_nationkey"], "Plans": [{"Node Type": "Merge Join", "Parent Relationship": "Outer", "Join Type": "Inner", "Startup Cost": 762496.08, "Total Cost": 778631.97, "Plan Rows": 575746, "Plan Width": 161, "Inner Unique": false, "Merge Cond": "(customer.c_custkey = orders.o_custkey)", "Plans": [{"Node Type": "Sort", "Parent Relationship": "Outer", "Startup Cost": 205999.98, "Total Cost": 209749.98, "Plan Rows": 1500000, "Plan Width": 153, "Sort Key": ["customer.c_custkey"], "Plans": [{"Node Type": "Seq Scan", "Parent Relationship": "Outer", "Relation Name": "customer", "Alias": "customer", "Startup Cost": 0.0, "Total Cost": 52126.0, "Plan Rows": 1500000, "Plan Width": 153}]}, {"Node Type": "Sort", "Parent Relationship": "Inner", "Startup Cost": 556495.89, "Total Cost": 557935.26, "Plan Rows": 575746, "Plan Width": 16, "Sort Key": ["orders.o_custkey"], "Plans": [{"Node Type": "Seq Scan", "Parent Relationship": "Outer", "Relation Name": "orders", "Alias": "orders", "Startup Cost": 578.97, "Total Cost": 501411.18, "Plan Rows": 575746, "Plan Width": 16, "Filter": "((o_orderdate >= '1993-08-01 00:00:00'::timestamp(0) without time zone) AND (o_orderdate < '1993-11-01 00:00:00'::timestamp without time zone)), (LLVM Optimized)"}]}]}]}]}]}, {"Node Type": "Sort", "Parent Relationship": "Inner", "Startup Cost": 3932143.37, "Total Cost": 3969231.39, "Plan Rows": 14835209, "Plan Width": 24, "Sort Key": ["lineitem.l_orderkey"], "Plans": [{"Node Type": "Seq Scan", "Parent Relationship": "Outer", "Relation Name": "lineitem", "Alias": "lineitem", "Startup Cost": 0.0, "Total Cost": 2165082.91, "Plan Rows": 14835209, "Plan Width": 24, "Filter": "(l_returnflag = 'R'::bpchar), (LLVM Optimized)"}]}]}]}]}]}, "Unique SQL Id": 1604070524, "Planner Runtime": 1}, "explain_analyze_plan": {"Plan": {"Node Type": "Limit", "Startup Cost": 5010176.71, "Total Cost": 5010176.76, "Plan Rows": 20, "Plan Width": 191, "Actual Startup Time": 43257.089, "Actual Total Time": 43257.098, "Actual Rows": 20, "Actual Loops": 1, "Plans": [{"Node Type": "Sort", "Parent Relationship": "Outer", "Startup Cost": 5010176.71, "Total Cost": 5013791.45, "Plan Rows": 20, "Plan Width": 191, "Actual Startup Time": 43257.087, "Actual Total Time": 43257.093, "Actual Rows": 20, "Actual Loops": 1, "Sort Key": ["(sum((lineitem.l_extendedprice * (1::double precision - lineitem.l_discount)))) DESC"], "Sort Method": "top-N heapsort", "Sort Space Used": 35, "Sort Space Type": "Memory", "Plans": [{"Node Type": "Aggregate", "Strategy": "Hashed", "Parent Relationship": "Outer", "Startup Cost": 4957242.9, "Total Cost": 4971701.88, "Plan Rows": 1445898, "Plan Width": 191, "Actual Startup Time": 42837.758, "Actual Total Time": 43123.092, "Actual Rows": 381542, "Actual Loops": 1, "Group By Key": ["customer.c_custkey", "customer.c_name", "customer.c_acctbal", "customer.c_phone", "nation.n_name", "customer.c_address", "customer.c_comment"], "Plans": [{"Node Type": "Merge Join", "Parent Relationship": "Outer", "Join Type": "Inner", "Startup Cost": 4829583.01, "Total Cost": 4921095.45, "Plan Rows": 1445898, "Plan Width": 191, "Actual Startup Time": 36397.71, "Actual Total Time": 41138.88, "Actual Rows": 1145969, "Actual Loops": 1, "Inner Unique": false, "Merge Cond": "(orders.o_orderkey = lineitem.l_orderkey)", "Plans": [{"Node Type": "Sort", "Parent Relationship": "Outer", "Startup Cost": 897439.53, "Total Cost": 898878.9, "Plan Rows": 575746, "Plan Width": 183, "Actual Startup Time": 8289.029, "Actual Total Time": 8436.202, "Actual Rows": 573635, "Actual Loops": 1, "Sort Key": ["orders.o_orderkey"], "Sort Method": "quicksort", "Sort Space Used": 199246, "Sort Space Type": "Memory", "Plans": [{"Node Type": "Merge Join", "Parent Relationship": "Outer", "Join Type": "Inner", "Startup Cost": 833718.51, "Total Cost": 842354.83, "Plan Rows": 575746, "Plan Width": 183, "Actual Startup Time": 7673.304, "Actual Total Time": 7967.826, "Actual Rows": 573635, "Actual Loops": 1, "Inner Unique": false, "Merge Cond": "(nation.n_nationkey = customer.c_nationkey)", "Plans": [{"Node Type": "Sort", "Parent Relationship": "Outer", "Startup Cost": 1.83, "Total Cost": 1.89, "Plan Rows": 25, "Plan Width": 30, "Actual Startup Time": 0.049, "Actual Total Time": 0.056, "Actual Rows": 25, "Actual Loops": 1, "Sort Key": ["nation.n_nationkey"], "Sort Method": "quicksort", "Sort Space Used": 27, "Sort Space Type": "Memory", "Plans": [{"Node Type": "Seq Scan", "Parent Relationship": "Outer", "Relation Name": "nation", "Alias": "nation", "Startup Cost": 0.0, "Total Cost": 1.25, "Plan Rows": 25, "Plan Width": 30, "Actual Startup Time": 0.023, "Actual Total Time": 0.029, "Actual Rows": 25, "Actual Loops": 1}]}, {"Node Type": "Sort", "Parent Relationship": "Inner", "Startup Cost": 833716.68, "Total Cost": 835156.05, "Plan Rows": 575746, "Plan Width": 161, "Actual Startup Time": 7673.243, "Actual Total Time": 7766.174, "Actual Rows": 573635, "Actual Loops": 1, "Sort Key": ["customer.c_nationkey"], "Sort Method": "quicksort", "Sort Space Used": 185911, "Sort Space Type": "Memory", "Plans": [{"Node Type": "Merge Join", "Parent Relationship": "Outer", "Join Type": "Inner", "Startup Cost": 762496.08, "Total Cost": 778631.97, "Plan Rows": 575746, "Plan Width": 161, "Actual Startup Time": 6374.977, "Actual Total Time": 7416.258, "Actual Rows": 573635, "Actual Loops": 1, "Inner Unique": false, "Merge Cond": "(customer.c_custkey = orders.o_custkey)", "Plans": [{"Node Type": "Sort", "Parent Relationship": "Outer", "Startup Cost": 205999.98, "Total Cost": 209749.98, "Plan Rows": 1500000, "Plan Width": 153, "Actual Startup Time": 1218.119, "Actual Total Time": 1537.674, "Actual Rows": 1499999, "Actual Loops": 1, "Sort Key": ["customer.c_custkey"], "Sort Method": "quicksort", "Sort Space Used": 470340, "Sort Space Type": "Memory", "Plans": [{"Node Type": "Seq Scan", "Parent Relationship": "Outer", "Relation Name": "customer", "Alias": "customer", "Startup Cost": 0.0, "Total Cost": 52126.0, "Plan Rows": 1500000, "Plan Width": 153, "Actual Startup Time": 0.013, "Actual Total Time": 552.174, "Actual Rows": 1500000, "Actual Loops": 1}]}, {"Node Type": "Sort", "Parent Relationship": "Inner", "Startup Cost": 556495.89, "Total Cost": 557935.26, "Plan Rows": 575746, "Plan Width": 16, "Actual Startup Time": 5156.843, "Actual Total Time": 5338.229, "Actual Rows": 573635, "Actual Loops": 1, "Sort Key": ["orders.o_custkey"], "Sort Method": "quicksort", "Sort Space Used": 78355, "Sort Space Type": "Memory", "Plans": [{"Node Type": "Seq Scan", "Parent Relationship": "Outer", "Relation Name": "orders", "Alias": "orders", "Startup Cost": 578.97, "Total Cost": 501411.18, "Plan Rows": 575746, "Plan Width": 16, "Actual Startup Time": 0.033, "Actual Total Time": 4914.675, "Actual Rows": 573635, "Actual Loops": 1, "Filter": "((o_orderdate >= '1993-08-01 00:00:00'::timestamp(0) without time zone) AND (o_orderdate < '1993-11-01 00:00:00'::timestamp without time zone)), (LLVM Optimized, Jit Execute)", "Rows Removed by Filter": 14426365}]}]}]}]}]}, {"Node Type": "Sort", "Parent Relationship": "Inner", "Startup Cost": 3932143.37, "Total Cost": 3969231.39, "Plan Rows": 14835209, "Plan Width": 24, "Actual Startup Time": 28108.581, "Actual Total Time": 29909.139, "Actual Rows": 14808182, "Actual Loops": 1, "Sort Key": ["lineitem.l_orderkey"], "Sort Method": "quicksort", "Sort Space Used": 1781484, "Sort Space Type": "Memory", "Plans": [{"Node Type": "Seq Scan", "Parent Relationship": "Outer", "Relation Name": "lineitem", "Alias": "lineitem", "Startup Cost": 0.0, "Total Cost": 2165082.91, "Plan Rows": 14835209, "Plan Width": 24, "Actual Startup Time": 0.047, "Actual Total Time": 22524.812, "Actual Rows": 14808183, "Actual Loops": 1, "Filter": "(l_returnflag = 'R'::bpchar), (LLVM Optimized, Jit Execute)", "Rows Removed by Filter": 45177869}]}]}]}]}]}, "Triggers": [], "Planner Runtime": 1, "Total Runtime": 43267.183, "Unique SQL Id": 1604070524}}, "(1, 31)": {"explain_plan": {"Plan": {"Node Type": "Limit", "Startup Cost": 4032944945746.96, "Total Cost": 4032944945747.01, "Plan Rows": 20, "Plan Width": 191, "Plans": [{"Node Type": "Sort", "Parent Relationship": "Outer", "Startup Cost": 4032944945746.96, "Total Cost": 4032944949361.7, "Plan Rows": 20, "Plan Width": 191, "Sort Key": ["(sum((lineitem.l_extendedprice * (1::double precision - lineitem.l_discount)))) DESC"], "Plans": [{"Node Type": "Aggregate", "Strategy": "Hashed", "Parent Relationship": "Outer", "Startup Cost": 4032944892813.15, "Total Cost": 4032944907272.13, "Plan Rows": 1445898, "Plan Width": 191, "Group By Key": ["customer.c_custkey", "customer.c_name", "customer.c_acctbal", "customer.c_phone", "nation.n_name", "customer.c_address", "customer.c_comment"], "Plans": [{"Node Type": "Nested Loop", "Parent Relationship": "Outer", "Join Type": "Inner", "Startup Cost": 40036112613.17, "Total Cost": 4032944856665.7, "Plan Rows": 1445898, "Plan Width": 191, "Inner Unique": false, "Join Filter": "(customer.c_custkey = orders.o_custkey), (LLVM Optimized)", "Plans": [{"Node Type": "Nested Loop", "Parent Relationship": "Outer", "Join Type": "Inner", "Startup Cost": 20000000000.0, "Total Cost": 2000008640298.18, "Plan Rows": 1500000, "Plan Width": 175, "Inner Unique": true, "Join Filter": "(customer.c_nationkey = nation.n_nationkey), (LLVM Optimized)", "Plans": [{"Node Type": "Index Scan", "Parent Relationship": "Outer", "Scan Direction": "Forward", "Index Name": "customer_pkey", "Relation Name": "customer", "Alias": "customer", "Startup Cost": 10000000000.0, "Total Cost": 1000008076535.62, "Plan Rows": 1500000, "Plan Width": 153}, {"Node Type": "Materialize", "Parent Relationship": "Inner", "Startup Cost": 10000000000.0, "Total Cost": 1000000001262.62, "Plan Rows": 25, "Plan Width": 30, "Plans": [{"Node Type": "Index Scan", "Parent Relationship": "Outer", "Scan Direction": "Forward", "Index Name": "nation_pkey", "Relation Name": "nation", "Alias": "nation", "Startup Cost": 10000000000.0, "Total Cost": 1000000001262.5, "Plan Rows": 25, "Plan Width": 30}]}]}, {"Node Type": "Materialize", "Parent Relationship": "Inner", "Startup Cost": 20036112613.17, "Total Cost": 2000403514982.26, "Plan Rows": 1445898, "Plan Width": 24, "Plans": [{"Node Type": "Merge Join", "Parent Relationship": "Outer", "Join Type": "Inner", "Startup Cost": 20036112613.17, "Total Cost": 2000403507752.77, "Plan Rows": 1445898, "Plan Width": 24, "Inner Unique": false, "Merge Cond": "(orders.o_orderkey = lineitem.l_orderkey)", "Plans": [{"Node Type": "Index Scan", "Parent Relationship": "Outer", "Scan Direction": "Forward", "Index Name": "orders_pkey", "Relation Name": "orders", "Alias": "orders", "Startup Cost": 10000000000.0, "Total Cost": 1000080597583.0, "Plan Rows": 575746, "Plan Width": 16, "Filter": "((o_orderdate >= '1993-08-01 00:00:00'::timestamp(0) without time zone) AND (o_orderdate < '1993-11-01 00:00:00'::timestamp without time zone)), (LLVM Optimized)"}, {"Node Type": "Index Scan", "Parent Relationship": "Inner", "Scan Direction": "Forward", "Index Name": "idx_lineitem_orderkey", "Relation Name": "lineitem", "Alias": "lineitem", "Startup Cost": 10000000000.0, "Total Cost": 1000339012132.75, "Plan Rows": 14835209, "Plan Width": 24, "Filter": "(l_returnflag = 'R'::bpchar), (LLVM Optimized)"}]}]}]}]}]}]}, "Unique SQL Id": 1604070524, "Planner Runtime": 1}, "explain_analyze_plan": null}, "(1, 32)": {"explain_plan": {"Plan": {"Node Type": "Limit", "Startup Cost": 2741876.6, "Total Cost": 2741876.65, "Plan Rows": 20, "Plan Width": 191, "Plans": [{"Node Type": "Sort", "Parent Relationship": "Outer", "Startup Cost": 2741876.6, "Total Cost": 2745491.35, "Plan Rows": 20, "Plan Width": 191, "Sort Key": ["(sum((lineitem.l_extendedprice * (1::double precision - lineitem.l_discount)))) DESC"], "Plans": [{"Node Type": "Aggregate", "Strategy": "Hashed", "Parent Relationship": "Outer", "Startup Cost": 2688942.8, "Total Cost": 2703401.78, "Plan Rows": 1445898, "Plan Width": 191, "Group By Key": ["customer.c_custkey", "customer.c_name", "customer.c_acctbal", "customer.c_phone", "nation.n_name", "customer.c_address", "customer.c_comment"], "Plans": [{"Node Type": "Hash Join", "Parent Relationship": "Outer", "Join Type": "Inner", "Startup Cost": 377859.22, "Total Cost": 2652795.35, "Plan Rows": 1445898, "Plan Width": 191, "Inner Unique": true, "Hash Cond": "(customer.c_nationkey = nation.n_nationkey), (LLVM Optimized)", "Plans": [{"Node Type": "Hash Join", "Parent Relationship": "Outer", "Join Type": "Inner", "Startup Cost": 377857.66, "Total Cost": 2632912.69, "Plan Rows": 1445898, "Plan Width": 169, "Inner Unique": true, "Hash Cond": "(orders.o_custkey = customer.c_custkey), (LLVM Optimized)", "Plans": [{"Node Type": "Hash Join", "Parent Relationship": "Outer", "Join Type": "Inner", "Startup Cost": 306981.66, "Total Cost": 2542155.59, "Plan Rows": 1445898, "Plan Width": 24, "Inner Unique": true, "Hash Cond": "(lineitem.l_orderkey = orders.o_orderkey), (LLVM Optimized)", "Plans": [{"Node Type": "Seq Scan", "Parent Relationship": "Outer", "Relation Name": "lineitem", "Alias": "lineitem", "Startup Cost": 0.0, "Total Cost": 2165082.91, "Plan Rows": 14835209, "Plan Width": 24, "Filter": "(l_returnflag = 'R'::bpchar), (LLVM Optimized)"}, {"Node Type": "Hash", "Parent Relationship": "Inner", "Startup Cost": 299784.84, "Total Cost": 299784.84, "Plan Rows": 575746, "Plan Width": 16, "Plans": [{"Node Type": "Bitmap Heap Scan", "Parent Relationship": "Outer", "Relation Name": "orders", "Alias": "orders", "Startup Cost": 14729.65, "Total Cost": 299784.84, "Plan Rows": 575746, "Plan Width": 16, "Recheck Cond": "((o_orderdate >= '1993-08-01 00:00:00'::timestamp(0) without time zone) AND (o_orderdate < '1993-11-01 00:00:00'::timestamp without time zone)), (LLVM Optimized)", "Plans": [{"Node Type": "Bitmap Index Scan", "Parent Relationship": "Outer", "Index Name": "idx_orders_orderdate", "Startup Cost": 0.0, "Total Cost": 14585.71, "Plan Rows": 575746, "Plan Width": 0, "Index Cond": "((o_orderdate >= '1993-08-01 00:00:00'::timestamp(0) without time zone) AND (o_orderdate < '1993-11-01 00:00:00'::timestamp without time zone))"}]}]}]}, {"Node Type": "Hash", "Parent Relationship": "Inner", "Startup Cost": 52126.0, "Total Cost": 52126.0, "Plan Rows": 1500000, "Plan Width": 153, "Plans": [{"Node Type": "Seq Scan", "Parent Relationship": "Outer", "Relation Name": "customer", "Alias": "customer", "Startup Cost": 0.0, "Total Cost": 52126.0, "Plan Rows": 1500000, "Plan Width": 153}]}]}, {"Node Type": "Hash", "Parent Relationship": "Inner", "Startup Cost": 1.25, "Total Cost": 1.25, "Plan Rows": 25, "Plan Width": 30, "Plans": [{"Node Type": "Seq Scan", "Parent Relationship": "Outer", "Relation Name": "nation", "Alias": "nation", "Startup Cost": 0.0, "Total Cost": 1.25, "Plan Rows": 25, "Plan Width": 30}]}]}]}]}]}, "Unique SQL Id": 1604070524, "Planner Runtime": 0}, "explain_analyze_plan": {"Plan": {"Node Type": "Limit", "Startup Cost": 2741876.6, "Total Cost": 2741876.65, "Plan Rows": 20, "Plan Width": 191, "Actual Startup Time": 33004.147, "Actual Total Time": 33004.153, "Actual Rows": 20, "Actual Loops": 1, "Plans": [{"Node Type": "Sort", "Parent Relationship": "Outer", "Startup Cost": 2741876.6, "Total Cost": 2745491.35, "Plan Rows": 20, "Plan Width": 191, "Actual Startup Time": 33004.144, "Actual Total Time": 33004.147, "Actual Rows": 20, "Actual Loops": 1, "Sort Key": ["(sum((lineitem.l_extendedprice * (1::double precision - lineitem.l_discount)))) DESC"], "Sort Method": "top-N heapsort", "Sort Space Used": 35, "Sort Space Type": "Memory", "Plans": [{"Node Type": "Aggregate", "Strategy": "Hashed", "Parent Relationship": "Outer", "Startup Cost": 2688942.8, "Total Cost": 2703401.78, "Plan Rows": 1445898, "Plan Width": 191, "Actual Startup Time": 32671.075, "Actual Total Time": 32870.631, "Actual Rows": 381542, "Actual Loops": 1, "Group By Key": ["customer.c_custkey", "customer.c_name", "customer.c_acctbal", "customer.c_phone", "nation.n_name", "customer.c_address", "customer.c_comment"], "Plans": [{"Node Type": "Hash Join", "Parent Relationship": "Outer", "Join Type": "Inner", "Startup Cost": 377859.22, "Total Cost": 2652795.35, "Plan Rows": 1445898, "Plan Width": 191, "Actual Startup Time": 2461.198, "Actual Total Time": 30813.969, "Actual Rows": 1145969, "Actual Loops": 1, "Inner Unique": true, "Hash Cond": "(customer.c_nationkey = nation.n_nationkey), (LLVM Optimized, Jit Execute)", "Plans": [{"Node Type": "Hash Join", "Parent Relationship": "Outer", "Join Type": "Inner", "Startup Cost": 377857.66, "Total Cost": 2632912.69, "Plan Rows": 1445898, "Plan Width": 169, "Actual Startup Time": 2461.091, "Actual Total Time": 30352.238, "Actual Rows": 1145969, "Actual Loops": 1, "Inner Unique": true, "Hash Cond": "(orders.o_custkey = customer.c_custkey), (LLVM Optimized, Jit Execute)", "Plans": [{"Node Type": "Hash Join", "Parent Relationship": "Outer", "Join Type": "Inner", "Startup Cost": 306981.66, "Total Cost": 2542155.59, "Plan Rows": 1445898, "Plan Width": 24, "Actual Startup Time": 1151.523, "Actual Total Time": 28224.084, "Actual Rows": 1145969, "Actual Loops": 1, "Inner Unique": true, "Hash Cond": "(lineitem.l_orderkey = orders.o_orderkey), (LLVM Optimized, Jit Execute)", "Plans": [{"Node Type": "Seq Scan", "Parent Relationship": "Outer", "Relation Name": "lineitem", "Alias": "lineitem", "Startup Cost": 0.0, "Total Cost": 2165082.91, "Plan Rows": 14835209, "Plan Width": 24, "Actual Startup Time": 0.018, "Actual Total Time": 22374.177, "Actual Rows": 14808183, "Actual Loops": 1, "Filter": "(l_returnflag = 'R'::bpchar), (LLVM Optimized, Jit Execute)", "Rows Removed by Filter": 45177869}, {"Node Type": "Hash", "Parent Relationship": "Inner", "Startup Cost": 299784.84, "Total Cost": 299784.84, "Plan Rows": 575746, "Plan Width": 16, "Actual Startup Time": 1150.79, "Actual Total Time": 1150.79, "Actual Rows": 573635, "Actual Loops": 1, "Hash Buckets": 1048576, "Hash Batches": 1, "Original Hash Batches": 1, "Peak Memory Usage": 26890, "Plans": [{"Node Type": "Bitmap Heap Scan", "Parent Relationship": "Outer", "Relation Name": "orders", "Alias": "orders", "Startup Cost": 14729.65, "Total Cost": 299784.84, "Plan Rows": 575746, "Plan Width": 16, "Actual Startup Time": 240.926, "Actual Total Time": 939.038, "Actual Rows": 573635, "Actual Loops": 1, "Recheck Cond": "((o_orderdate >= '1993-08-01 00:00:00'::timestamp(0) without time zone) AND (o_orderdate < '1993-11-01 00:00:00'::timestamp without time zone)), (LLVM Optimized, Jit Execute)", "Rows Removed by Index Recheck": 0, "Exact Heap Blocks": 242860, "Lossy Heap Blocks": 242860, "Plans": [{"Node Type": "Bitmap Index Scan", "Parent Relationship": "Outer", "Index Name": "idx_orders_orderdate", "Startup Cost": 0.0, "Total Cost": 14585.71, "Plan Rows": 575746, "Plan Width": 0, "Actual Startup Time": 164.914, "Actual Total Time": 164.914, "Actual Rows": 573635, "Actual Loops": 1, "Index Cond": "((o_orderdate >= '1993-08-01 00:00:00'::timestamp(0) without time zone) AND (o_orderdate < '1993-11-01 00:00:00'::timestamp without time zone))"}]}]}]}, {"Node Type": "Hash", "Parent Relationship": "Inner", "Startup Cost": 52126.0, "Total Cost": 52126.0, "Plan Rows": 1500000, "Plan Width": 153, "Actual Startup Time": 1307.083, "Actual Total Time": 1307.083, "Actual Rows": 1500000, "Actual Loops": 1, "Hash Buckets": 2097152, "Hash Batches": 1, "Original Hash Batches": 1, "Peak Memory Usage": 282695, "Plans": [{"Node Type": "Seq Scan", "Parent Relationship": "Outer", "Relation Name": "customer", "Alias": "customer", "Startup Cost": 0.0, "Total Cost": 52126.0, "Plan Rows": 1500000, "Plan Width": 153, "Actual Startup Time": 0.025, "Actual Total Time": 597.485, "Actual Rows": 1500000, "Actual Loops": 1}]}]}, {"Node Type": "Hash", "Parent Relationship": "Inner", "Startup Cost": 1.25, "Total Cost": 1.25, "Plan Rows": 25, "Plan Width": 30, "Actual Startup Time": 0.036, "Actual Total Time": 0.036, "Actual Rows": 25, "Actual Loops": 1, "Hash Buckets": 32768, "Hash Batches": 1, "Original Hash Batches": 1, "Peak Memory Usage": 2, "Plans": [{"Node Type": "Seq Scan", "Parent Relationship": "Outer", "Relation Name": "nation", "Alias": "nation", "Startup Cost": 0.0, "Total Cost": 1.25, "Plan Rows": 25, "Plan Width": 30, "Actual Startup Time": 0.014, "Actual Total Time": 0.021, "Actual Rows": 25, "Actual Loops": 1}]}]}]}]}]}, "Triggers": [], "Planner Runtime": 0, "Total Runtime": 33015.458, "Unique SQL Id": 1604070524}}, "(1, 33)": {"explain_plan": {"Plan": {"Node Type": "Limit", "Startup Cost": 3620844.85, "Total Cost": 3620844.9, "Plan Rows": 20, "Plan Width": 191, "Plans": [{"Node Type": "Sort", "Parent Relationship": "Outer", "Startup Cost": 3620844.85, "Total Cost": 3624459.59, "Plan Rows": 20, "Plan Width": 191, "Sort Key": ["(sum((lineitem.l_extendedprice * (1::double precision - lineitem.l_discount)))) DESC"], "Plans": [{"Node Type": "Aggregate", "Strategy": "Hashed", "Parent Relationship": "Outer", "Startup Cost": 3567911.04, "Total Cost": 3582370.02, "Plan Rows": 1445898, "Plan Width": 191, "Group By Key": ["customer.c_custkey", "customer.c_name", "customer.c_acctbal", "customer.c_phone", "nation.n_name", "customer.c_address", "customer.c_comment"], "Plans": [{"Node Type": "Nested Loop", "Parent Relationship": "Outer", "Join Type": "Inner", "Startup Cost": 114257.94, "Total Cost": 3531763.59, "Plan Rows": 1445898, "Plan Width": 191, "Inner Unique": false, "Plans": [{"Node Type": "Hash Join", "Parent Relationship": "Outer", "Join Type": "Inner", "Startup Cost": 114257.94, "Total Cost": 415146.15, "Plan Rows": 575746, "Plan Width": 183, "Inner Unique": true, "Hash Cond": "(customer.c_nationkey = nation.n_nationkey), (LLVM Optimized)", "Plans": [{"Node Type": "Hash Join", "Parent Relationship": "Outer", "Join Type": "Inner", "Startup Cost": 114245.0, "Total Cost": 407216.7, "Plan Rows": 575746, "Plan Width": 161, "Inner Unique": true, "Hash Cond": "(orders.o_custkey = customer.c_custkey), (LLVM Optimized)", "Plans": [{"Node Type": "Bitmap Heap Scan", "Parent Relationship": "Outer", "Relation Name": "orders", "Alias": "orders", "Startup Cost": 14729.65, "Total Cost": 299784.84, "Plan Rows": 575746, "Plan Width": 16, "Recheck Cond": "((o_orderdate >= '1993-08-01 00:00:00'::timestamp(0) without time zone) AND (o_orderdate < '1993-11-01 00:00:00'::timestamp without time zone)), (LLVM Optimized)", "Plans": [{"Node Type": "Bitmap Index Scan", "Parent Relationship": "Outer", "Index Name": "idx_orders_orderdate", "Startup Cost": 0.0, "Total Cost": 14585.71, "Plan Rows": 575746, "Plan Width": 0, "Index Cond": "((o_orderdate >= '1993-08-01 00:00:00'::timestamp(0) without time zone) AND (o_orderdate < '1993-11-01 00:00:00'::timestamp without time zone))"}]}, {"Node Type": "Hash", "Parent Relationship": "Inner", "Startup Cost": 80765.36, "Total Cost": 80765.36, "Plan Rows": 1500000, "Plan Width": 153, "Plans": [{"Node Type": "Index Scan", "Parent Relationship": "Outer", "Scan Direction": "Forward", "Index Name": "customer_pkey", "Relation Name": "customer", "Alias": "customer", "Startup Cost": 0.0, "Total Cost": 80765.36, "Plan Rows": 1500000, "Plan Width": 153}]}]}, {"Node Type": "Hash", "Parent Relationship": "Inner", "Startup Cost": 12.62, "Total Cost": 12.62, "Plan Rows": 25, "Plan Width": 30, "Plans": [{"Node Type": "Index Scan", "Parent Relationship": "Outer", "Scan Direction": "Forward", "Index Name": "nation_pkey", "Relation Name": "nation", "Alias": "nation", "Startup Cost": 0.0, "Total Cost": 12.62, "Plan Rows": 25, "Plan Width": 30}]}]}, {"Node Type": "Index Scan", "Parent Relationship": "Inner", "Scan Direction": "Forward", "Index Name": "idx_lineitem_orderkey", "Relation Name": "lineitem", "Alias": "lineitem", "Startup Cost": 0.0, "Total Cost": 5.38, "Plan Rows": 3, "Plan Width": 24, "Index Cond": "(l_orderkey = orders.o_orderkey)", "Filter": "(l_returnflag = 'R'::bpchar)"}]}]}]}]}, "Unique SQL Id": 1604070524, "Planner Runtime": 0}, "explain_analyze_plan": {"Plan": {"Node Type": "Limit", "Startup Cost": 3620844.85, "Total Cost": 3620844.9, "Plan Rows": 20, "Plan Width": 191, "Actual Startup Time": 13884.972, "Actual Total Time": 13884.98, "Actual Rows": 20, "Actual Loops": 1, "Plans": [{"Node Type": "Sort", "Parent Relationship": "Outer", "Startup Cost": 3620844.85, "Total Cost": 3624459.59, "Plan Rows": 20, "Plan Width": 191, "Actual Startup Time": 13884.967, "Actual Total Time": 13884.97, "Actual Rows": 20, "Actual Loops": 1, "Sort Key": ["(sum((lineitem.l_extendedprice * (1::double precision - lineitem.l_discount)))) DESC"], "Sort Method": "top-N heapsort", "Sort Space Used": 35, "Sort Space Type": "Memory", "Plans": [{"Node Type": "Aggregate", "Strategy": "Hashed", "Parent Relationship": "Outer", "Startup Cost": 3567911.04, "Total Cost": 3582370.02, "Plan Rows": 1445898, "Plan Width": 191, "Actual Startup Time": 13549.273, "Actual Total Time": 13750.357, "Actual Rows": 381542, "Actual Loops": 1, "Group By Key": ["customer.c_custkey", "customer.c_name", "customer.c_acctbal", "customer.c_phone", "nation.n_name", "customer.c_address", "customer.c_comment"], "Plans": [{"Node Type": "Nested Loop", "Parent Relationship": "Outer", "Join Type": "Inner", "Startup Cost": 114257.94, "Total Cost": 3531763.59, "Plan Rows": 1445898, "Plan Width": 191, "Actual Startup Time": 1960.115, "Actual Total Time": 11619.369, "Actual Rows": 1145969, "Actual Loops": 1, "Inner Unique": false, "Plans": [{"Node Type": "Hash Join", "Parent Relationship": "Outer", "Join Type": "Inner", "Startup Cost": 114257.94, "Total Cost": 415146.15, "Plan Rows": 575746, "Plan Width": 183, "Actual Startup Time": 1959.983, "Actual Total Time": 3759.194, "Actual Rows": 573635, "Actual Loops": 1, "Inner Unique": true, "Hash Cond": "(customer.c_nationkey = nation.n_nationkey), (LLVM Optimized, Jit Execute)", "Plans": [{"Node Type": "Hash Join", "Parent Relationship": "Outer", "Join Type": "Inner", "Startup Cost": 114245.0, "Total Cost": 407216.7, "Plan Rows": 575746, "Plan Width": 161, "Actual Startup Time": 1959.879, "Actual Total Time": 3505.46, "Actual Rows": 573635, "Actual Loops": 1, "Inner Unique": true, "Hash Cond": "(orders.o_custkey = customer.c_custkey), (LLVM Optimized, Jit Execute)", "Plans": [{"Node Type": "Bitmap Heap Scan", "Parent Relationship": "Outer", "Relation Name": "orders", "Alias": "orders", "Startup Cost": 14729.65, "Total Cost": 299784.84, "Plan Rows": 575746, "Plan Width": 16, "Actual Startup Time": 239.628, "Actual Total Time": 1107.976, "Actual Rows": 573635, "Actual Loops": 1, "Recheck Cond": "((o_orderdate >= '1993-08-01 00:00:00'::timestamp(0) without time zone) AND (o_orderdate < '1993-11-01 00:00:00'::timestamp without time zone)), (LLVM Optimized, Jit Execute)", "Rows Removed by Index Recheck": 0, "Exact Heap Blocks": 242860, "Lossy Heap Blocks": 242860, "Plans": [{"Node Type": "Bitmap Index Scan", "Parent Relationship": "Outer", "Index Name": "idx_orders_orderdate", "Startup Cost": 0.0, "Total Cost": 14585.71, "Plan Rows": 575746, "Plan Width": 0, "Actual Startup Time": 164.39, "Actual Total Time": 164.39, "Actual Rows": 573635, "Actual Loops": 1, "Index Cond": "((o_orderdate >= '1993-08-01 00:00:00'::timestamp(0) without time zone) AND (o_orderdate < '1993-11-01 00:00:00'::timestamp without time zone))"}]}, {"Node Type": "Hash", "Parent Relationship": "Inner", "Startup Cost": 80765.36, "Total Cost": 80765.36, "Plan Rows": 1500000, "Plan Width": 153, "Actual Startup Time": 1718.794, "Actual Total Time": 1718.794, "Actual Rows": 1500000, "Actual Loops": 1, "Hash Buckets": 2097152, "Hash Batches": 1, "Original Hash Batches": 1, "Peak Memory Usage": 282695, "Plans": [{"Node Type": "Index Scan", "Parent Relationship": "Outer", "Scan Direction": "Forward", "Index Name": "customer_pkey", "Relation Name": "customer", "Alias": "customer", "Startup Cost": 0.0, "Total Cost": 80765.36, "Plan Rows": 1500000, "Plan Width": 153, "Actual Startup Time": 0.057, "Actual Total Time": 1053.373, "Actual Rows": 1500000, "Actual Loops": 1}]}]}, {"Node Type": "Hash", "Parent Relationship": "Inner", "Startup Cost": 12.62, "Total Cost": 12.62, "Plan Rows": 25, "Plan Width": 30, "Actual Startup Time": 0.054, "Actual Total Time": 0.054, "Actual Rows": 25, "Actual Loops": 1, "Hash Buckets": 32768, "Hash Batches": 1, "Original Hash Batches": 1, "Peak Memory Usage": 2, "Plans": [{"Node Type": "Index Scan", "Parent Relationship": "Outer", "Scan Direction": "Forward", "Index Name": "nation_pkey", "Relation Name": "nation", "Alias": "nation", "Startup Cost": 0.0, "Total Cost": 12.62, "Plan Rows": 25, "Plan Width": 30, "Actual Startup Time": 0.018, "Actual Total Time": 0.034, "Actual Rows": 25, "Actual Loops": 1}]}]}, {"Node Type": "Index Scan", "Parent Relationship": "Inner", "Scan Direction": "Forward", "Index Name": "idx_lineitem_orderkey", "Relation Name": "lineitem", "Alias": "lineitem", "Startup Cost": 0.0, "Total Cost": 5.38, "Plan Rows": 3, "Plan Width": 24, "Actual Startup Time": 5879.361, "Actual Total Time": 7208.975, "Actual Rows": 1145969, "Actual Loops": 573635, "Index Cond": "(l_orderkey = orders.o_orderkey)", "Rows Removed by Index Recheck": 0, "Filter": "(l_returnflag = 'R'::bpchar)", "Rows Removed by Filter": 1146896}]}]}]}]}, "Triggers": [], "Planner Runtime": 0, "Total Runtime": 13895.62, "Unique SQL Id": 1604070524}}, "(1, 34)": {"explain_plan": {"Plan": {"Node Type": "Limit", "Startup Cost": 2741876.6, "Total Cost": 2741876.65, "Plan Rows": 20, "Plan Width": 191, "Plans": [{"Node Type": "Sort", "Parent Relationship": "Outer", "Startup Cost": 2741876.6, "Total Cost": 2745491.35, "Plan Rows": 20, "Plan Width": 191, "Sort Key": ["(sum((lineitem.l_extendedprice * (1::double precision - lineitem.l_discount)))) DESC"], "Plans": [{"Node Type": "Aggregate", "Strategy": "Hashed", "Parent Relationship": "Outer", "Startup Cost": 2688942.8, "Total Cost": 2703401.78, "Plan Rows": 1445898, "Plan Width": 191, "Group By Key": ["customer.c_custkey", "customer.c_name", "customer.c_acctbal", "customer.c_phone", "nation.n_name", "customer.c_address", "customer.c_comment"], "Plans": [{"Node Type": "Hash Join", "Parent Relationship": "Outer", "Join Type": "Inner", "Startup Cost": 377859.22, "Total Cost": 2652795.35, "Plan Rows": 1445898, "Plan Width": 191, "Inner Unique": true, "Hash Cond": "(customer.c_nationkey = nation.n_nationkey), (LLVM Optimized)", "Plans": [{"Node Type": "Hash Join", "Parent Relationship": "Outer", "Join Type": "Inner", "Startup Cost": 377857.66, "Total Cost": 2632912.69, "Plan Rows": 1445898, "Plan Width": 169, "Inner Unique": true, "Hash Cond": "(orders.o_custkey = customer.c_custkey), (LLVM Optimized)", "Plans": [{"Node Type": "Hash Join", "Parent Relationship": "Outer", "Join Type": "Inner", "Startup Cost": 306981.66, "Total Cost": 2542155.59, "Plan Rows": 1445898, "Plan Width": 24, "Inner Unique": true, "Hash Cond": "(lineitem.l_orderkey = orders.o_orderkey), (LLVM Optimized)", "Plans": [{"Node Type": "Seq Scan", "Parent Relationship": "Outer", "Relation Name": "lineitem", "Alias": "lineitem", "Startup Cost": 0.0, "Total Cost": 2165082.91, "Plan Rows": 14835209, "Plan Width": 24, "Filter": "(l_returnflag = 'R'::bpchar), (LLVM Optimized)"}, {"Node Type": "Hash", "Parent Relationship": "Inner", "Startup Cost": 299784.84, "Total Cost": 299784.84, "Plan Rows": 575746, "Plan Width": 16, "Plans": [{"Node Type": "Bitmap Heap Scan", "Parent Relationship": "Outer", "Relation Name": "orders", "Alias": "orders", "Startup Cost": 14729.65, "Total Cost": 299784.84, "Plan Rows": 575746, "Plan Width": 16, "Recheck Cond": "((o_orderdate >= '1993-08-01 00:00:00'::timestamp(0) without time zone) AND (o_orderdate < '1993-11-01 00:00:00'::timestamp without time zone)), (LLVM Optimized)", "Plans": [{"Node Type": "Bitmap Index Scan", "Parent Relationship": "Outer", "Index Name": "idx_orders_orderdate", "Startup Cost": 0.0, "Total Cost": 14585.71, "Plan Rows": 575746, "Plan Width": 0, "Index Cond": "((o_orderdate >= '1993-08-01 00:00:00'::timestamp(0) without time zone) AND (o_orderdate < '1993-11-01 00:00:00'::timestamp without time zone))"}]}]}]}, {"Node Type": "Hash", "Parent Relationship": "Inner", "Startup Cost": 52126.0, "Total Cost": 52126.0, "Plan Rows": 1500000, "Plan Width": 153, "Plans": [{"Node Type": "Seq Scan", "Parent Relationship": "Outer", "Relation Name": "customer", "Alias": "customer", "Startup Cost": 0.0, "Total Cost": 52126.0, "Plan Rows": 1500000, "Plan Width": 153}]}]}, {"Node Type": "Hash", "Parent Relationship": "Inner", "Startup Cost": 1.25, "Total Cost": 1.25, "Plan Rows": 25, "Plan Width": 30, "Plans": [{"Node Type": "Seq Scan", "Parent Relationship": "Outer", "Relation Name": "nation", "Alias": "nation", "Startup Cost": 0.0, "Total Cost": 1.25, "Plan Rows": 25, "Plan Width": 30}]}]}]}]}]}, "Unique SQL Id": 1604070524, "Planner Runtime": 0}, "explain_analyze_plan": {"Plan": {"Node Type": "Limit", "Startup Cost": 2741876.6, "Total Cost": 2741876.65, "Plan Rows": 20, "Plan Width": 191, "Actual Startup Time": 33004.147, "Actual Total Time": 33004.153, "Actual Rows": 20, "Actual Loops": 1, "Plans": [{"Node Type": "Sort", "Parent Relationship": "Outer", "Startup Cost": 2741876.6, "Total Cost": 2745491.35, "Plan Rows": 20, "Plan Width": 191, "Actual Startup Time": 33004.144, "Actual Total Time": 33004.147, "Actual Rows": 20, "Actual Loops": 1, "Sort Key": ["(sum((lineitem.l_extendedprice * (1::double precision - lineitem.l_discount)))) DESC"], "Sort Method": "top-N heapsort", "Sort Space Used": 35, "Sort Space Type": "Memory", "Plans": [{"Node Type": "Aggregate", "Strategy": "Hashed", "Parent Relationship": "Outer", "Startup Cost": 2688942.8, "Total Cost": 2703401.78, "Plan Rows": 1445898, "Plan Width": 191, "Actual Startup Time": 32671.075, "Actual Total Time": 32870.631, "Actual Rows": 381542, "Actual Loops": 1, "Group By Key": ["customer.c_custkey", "customer.c_name", "customer.c_acctbal", "customer.c_phone", "nation.n_name", "customer.c_address", "customer.c_comment"], "Plans": [{"Node Type": "Hash Join", "Parent Relationship": "Outer", "Join Type": "Inner", "Startup Cost": 377859.22, "Total Cost": 2652795.35, "Plan Rows": 1445898, "Plan Width": 191, "Actual Startup Time": 2461.198, "Actual Total Time": 30813.969, "Actual Rows": 1145969, "Actual Loops": 1, "Inner Unique": true, "Hash Cond": "(customer.c_nationkey = nation.n_nationkey), (LLVM Optimized, Jit Execute)", "Plans": [{"Node Type": "Hash Join", "Parent Relationship": "Outer", "Join Type": "Inner", "Startup Cost": 377857.66, "Total Cost": 2632912.69, "Plan Rows": 1445898, "Plan Width": 169, "Actual Startup Time": 2461.091, "Actual Total Time": 30352.238, "Actual Rows": 1145969, "Actual Loops": 1, "Inner Unique": true, "Hash Cond": "(orders.o_custkey = customer.c_custkey), (LLVM Optimized, Jit Execute)", "Plans": [{"Node Type": "Hash Join", "Parent Relationship": "Outer", "Join Type": "Inner", "Startup Cost": 306981.66, "Total Cost": 2542155.59, "Plan Rows": 1445898, "Plan Width": 24, "Actual Startup Time": 1151.523, "Actual Total Time": 28224.084, "Actual Rows": 1145969, "Actual Loops": 1, "Inner Unique": true, "Hash Cond": "(lineitem.l_orderkey = orders.o_orderkey), (LLVM Optimized, Jit Execute)", "Plans": [{"Node Type": "Seq Scan", "Parent Relationship": "Outer", "Relation Name": "lineitem", "Alias": "lineitem", "Startup Cost": 0.0, "Total Cost": 2165082.91, "Plan Rows": 14835209, "Plan Width": 24, "Actual Startup Time": 0.018, "Actual Total Time": 22374.177, "Actual Rows": 14808183, "Actual Loops": 1, "Filter": "(l_returnflag = 'R'::bpchar), (LLVM Optimized, Jit Execute)", "Rows Removed by Filter": 45177869}, {"Node Type": "Hash", "Parent Relationship": "Inner", "Startup Cost": 299784.84, "Total Cost": 299784.84, "Plan Rows": 575746, "Plan Width": 16, "Actual Startup Time": 1150.79, "Actual Total Time": 1150.79, "Actual Rows": 573635, "Actual Loops": 1, "Hash Buckets": 1048576, "Hash Batches": 1, "Original Hash Batches": 1, "Peak Memory Usage": 26890, "Plans": [{"Node Type": "Bitmap Heap Scan", "Parent Relationship": "Outer", "Relation Name": "orders", "Alias": "orders", "Startup Cost": 14729.65, "Total Cost": 299784.84, "Plan Rows": 575746, "Plan Width": 16, "Actual Startup Time": 240.926, "Actual Total Time": 939.038, "Actual Rows": 573635, "Actual Loops": 1, "Recheck Cond": "((o_orderdate >= '1993-08-01 00:00:00'::timestamp(0) without time zone) AND (o_orderdate < '1993-11-01 00:00:00'::timestamp without time zone)), (LLVM Optimized, Jit Execute)", "Rows Removed by Index Recheck": 0, "Exact Heap Blocks": 242860, "Lossy Heap Blocks": 242860, "Plans": [{"Node Type": "Bitmap Index Scan", "Parent Relationship": "Outer", "Index Name": "idx_orders_orderdate", "Startup Cost": 0.0, "Total Cost": 14585.71, "Plan Rows": 575746, "Plan Width": 0, "Actual Startup Time": 164.914, "Actual Total Time": 164.914, "Actual Rows": 573635, "Actual Loops": 1, "Index Cond": "((o_orderdate >= '1993-08-01 00:00:00'::timestamp(0) without time zone) AND (o_orderdate < '1993-11-01 00:00:00'::timestamp without time zone))"}]}]}]}, {"Node Type": "Hash", "Parent Relationship": "Inner", "Startup Cost": 52126.0, "Total Cost": 52126.0, "Plan Rows": 1500000, "Plan Width": 153, "Actual Startup Time": 1307.083, "Actual Total Time": 1307.083, "Actual Rows": 1500000, "Actual Loops": 1, "Hash Buckets": 2097152, "Hash Batches": 1, "Original Hash Batches": 1, "Peak Memory Usage": 282695, "Plans": [{"Node Type": "Seq Scan", "Parent Relationship": "Outer", "Relation Name": "customer", "Alias": "customer", "Startup Cost": 0.0, "Total Cost": 52126.0, "Plan Rows": 1500000, "Plan Width": 153, "Actual Startup Time": 0.025, "Actual Total Time": 597.485, "Actual Rows": 1500000, "Actual Loops": 1}]}]}, {"Node Type": "Hash", "Parent Relationship": "Inner", "Startup Cost": 1.25, "Total Cost": 1.25, "Plan Rows": 25, "Plan Width": 30, "Actual Startup Time": 0.036, "Actual Total Time": 0.036, "Actual Rows": 25, "Actual Loops": 1, "Hash Buckets": 32768, "Hash Batches": 1, "Original Hash Batches": 1, "Peak Memory Usage": 2, "Plans": [{"Node Type": "Seq Scan", "Parent Relationship": "Outer", "Relation Name": "nation", "Alias": "nation", "Startup Cost": 0.0, "Total Cost": 1.25, "Plan Rows": 25, "Plan Width": 30, "Actual Startup Time": 0.014, "Actual Total Time": 0.021, "Actual Rows": 25, "Actual Loops": 1}]}]}]}]}]}, "Triggers": [], "Planner Runtime": 0, "Total Runtime": 33015.458, "Unique SQL Id": 1604070524}}, "(1, 35)": {"explain_plan": {"Plan": {"Node Type": "Limit", "Startup Cost": 13443415.76, "Total Cost": 13443415.81, "Plan Rows": 20, "Plan Width": 191, "Plans": [{"Node Type": "Sort", "Parent Relationship": "Outer", "Startup Cost": 13443415.76, "Total Cost": 13447030.51, "Plan Rows": 20, "Plan Width": 191, "Sort Key": ["(sum((lineitem.l_extendedprice * (1::double precision - lineitem.l_discount)))) DESC"], "Plans": [{"Node Type": "Aggregate", "Strategy": "Hashed", "Parent Relationship": "Outer", "Startup Cost": 13390481.96, "Total Cost": 13404940.94, "Plan Rows": 1445898, "Plan Width": 191, "Group By Key": ["customer.c_custkey", "customer.c_name", "customer.c_acctbal", "customer.c_phone", "nation.n_name", "customer.c_address", "customer.c_comment"], "Plans": [{"Node Type": "Nested Loop", "Parent Relationship": "Outer", "Join Type": "Inner", "Startup Cost": 14732.12, "Total Cost": 13354334.51, "Plan Rows": 1445898, "Plan Width": 191, "Inner Unique": false, "Plans": [{"Node Type": "Nested Loop", "Parent Relationship": "Outer", "Join Type": "Inner", "Startup Cost": 14730.2, "Total Cost": 5249597.54, "Plan Rows": 575746, "Plan Width": 183, "Inner Unique": true, "Plans": [{"Node Type": "Nested Loop", "Parent Relationship": "Outer", "Join Type": "Inner", "Startup Cost": 14729.94, "Total Cost": 2785257.65, "Plan Rows": 575746, "Plan Width": 161, "Inner Unique": true, "Plans": [{"Node Type": "Bitmap Heap Scan", "Parent Relationship": "Outer", "Relation Name": "orders", "Alias": "orders", "Startup Cost": 14729.65, "Total Cost": 299784.84, "Plan Rows": 575746, "Plan Width": 16, "Recheck Cond": "((o_orderdate >= '1993-08-01 00:00:00'::timestamp(0) without time zone) AND (o_orderdate < '1993-11-01 00:00:00'::timestamp without time zone)), (LLVM Optimized)", "Plans": [{"Node Type": "Bitmap Index Scan", "Parent Relationship": "Outer", "Index Name": "idx_orders_orderdate", "Startup Cost": 0.0, "Total Cost": 14585.71, "Plan Rows": 575746, "Plan Width": 0, "Index Cond": "((o_orderdate >= '1993-08-01 00:00:00'::timestamp(0) without time zone) AND (o_orderdate < '1993-11-01 00:00:00'::timestamp without time zone))"}]}, {"Node Type": "Bitmap Heap Scan", "Parent Relationship": "Inner", "Relation Name": "customer", "Alias": "customer", "Startup Cost": 0.29, "Total Cost": 4.31, "Plan Rows": 1, "Plan Width": 153, "Recheck Cond": "(c_custkey = orders.o_custkey)", "Plans": [{"Node Type": "Bitmap Index Scan", "Parent Relationship": "Outer", "Index Name": "customer_pkey", "Startup Cost": 0.0, "Total Cost": 0.29, "Plan Rows": 1, "Plan Width": 0, "Index Cond": "(c_custkey = orders.o_custkey)"}]}]}, {"Node Type": "Bitmap Heap Scan", "Parent Relationship": "Inner", "Relation Name": "nation", "Alias": "nation", "Startup Cost": 0.26, "Total Cost": 4.27, "Plan Rows": 1, "Plan Width": 30, "Recheck Cond": "(n_nationkey = customer.c_nationkey)", "Plans": [{"Node Type": "Bitmap Index Scan", "Parent Relationship": "Outer", "Index Name": "nation_pkey", "Startup Cost": 0.0, "Total Cost": 0.26, "Plan Rows": 1, "Plan Width": 0, "Index Cond": "(n_nationkey = customer.c_nationkey)"}]}]}, {"Node Type": "Bitmap Heap Scan", "Parent Relationship": "Inner", "Relation Name": "lineitem", "Alias": "lineitem", "Startup Cost": 1.93, "Total Cost": 14.05, "Plan Rows": 3, "Plan Width": 24, "Recheck Cond": "(l_orderkey = orders.o_orderkey)", "Filter": "(l_returnflag = 'R'::bpchar)", "Plans": [{"Node Type": "Bitmap Index Scan", "Parent Relationship": "Outer", "Index Name": "idx_lineitem_orderkey", "Startup Cost": 0.0, "Total Cost": 1.92, "Plan Rows": 9, "Plan Width": 0, "Index Cond": "(l_orderkey = orders.o_orderkey)"}]}]}]}]}]}, "Unique SQL Id": 1604070524, "Planner Runtime": 0}, "explain_analyze_plan": {"Plan": {"Node Type": "Limit", "Startup Cost": 13443415.76, "Total Cost": 13443415.81, "Plan Rows": 20, "Plan Width": 191, "Actual Startup Time": 17197.212, "Actual Total Time": 17197.217, "Actual Rows": 20, "Actual Loops": 1, "Plans": [{"Node Type": "Sort", "Parent Relationship": "Outer", "Startup Cost": 13443415.76, "Total Cost": 13447030.51, "Plan Rows": 20, "Plan Width": 191, "Actual Startup Time": 17197.208, "Actual Total Time": 17197.21, "Actual Rows": 20, "Actual Loops": 1, "Sort Key": ["(sum((lineitem.l_extendedprice * (1::double precision - lineitem.l_discount)))) DESC"], "Sort Method": "top-N heapsort", "Sort Space Used": 35, "Sort Space Type": "Memory", "Plans": [{"Node Type": "Aggregate", "Strategy": "Hashed", "Parent Relationship": "Outer", "Startup Cost": 13390481.96, "Total Cost": 13404940.94, "Plan Rows": 1445898, "Plan Width": 191, "Actual Startup Time": 16740.682, "Actual Total Time": 17059.666, "Actual Rows": 381542, "Actual Loops": 1, "Group By Key": ["customer.c_custkey", "customer.c_name", "customer.c_acctbal", "customer.c_phone", "nation.n_name", "customer.c_address", "customer.c_comment"], "Plans": [{"Node Type": "Nested Loop", "Parent Relationship": "Outer", "Join Type": "Inner", "Startup Cost": 14732.12, "Total Cost": 13354334.51, "Plan Rows": 1445898, "Plan Width": 191, "Actual Startup Time": 238.524, "Actual Total Time": 14766.149, "Actual Rows": 1145969, "Actual Loops": 1, "Inner Unique": false, "Plans": [{"Node Type": "Nested Loop", "Parent Relationship": "Outer", "Join Type": "Inner", "Startup Cost": 14730.2, "Total Cost": 5249597.54, "Plan Rows": 575746, "Plan Width": 183, "Actual Startup Time": 238.474, "Actual Total Time": 8454.028, "Actual Rows": 573635, "Actual Loops": 1, "Inner Unique": true, "Plans": [{"Node Type": "Nested Loop", "Parent Relationship": "Outer", "Join Type": "Inner", "Startup Cost": 14729.94, "Total Cost": 2785257.65, "Plan Rows": 575746, "Plan Width": 161, "Actual Startup Time": 238.424, "Actual Total Time": 6266.051, "Actual Rows": 573635, "Actual Loops": 1, "Inner Unique": true, "Plans": [{"Node Type": "Bitmap Heap Scan", "Parent Relationship": "Outer", "Relation Name": "orders", "Alias": "orders", "Startup Cost": 14729.65, "Total Cost": 299784.84, "Plan Rows": 575746, "Plan Width": 16, "Actual Startup Time": 238.197, "Actual Total Time": 1069.489, "Actual Rows": 573635, "Actual Loops": 1, "Recheck Cond": "((o_orderdate >= '1993-08-01 00:00:00'::timestamp(0) without time zone) AND (o_orderdate < '1993-11-01 00:00:00'::timestamp without time zone)), (LLVM Optimized, Jit Execute)", "Rows Removed by Index Recheck": 0, "Exact Heap Blocks": 242860, "Lossy Heap Blocks": 242860, "Plans": [{"Node Type": "Bitmap Index Scan", "Parent Relationship": "Outer", "Index Name": "idx_orders_orderdate", "Startup Cost": 0.0, "Total Cost": 14585.71, "Plan Rows": 575746, "Plan Width": 0, "Actual Startup Time": 163.236, "Actual Total Time": 163.236, "Actual Rows": 573635, "Actual Loops": 1, "Index Cond": "((o_orderdate >= '1993-08-01 00:00:00'::timestamp(0) without time zone) AND (o_orderdate < '1993-11-01 00:00:00'::timestamp without time zone))"}]}, {"Node Type": "Bitmap Heap Scan", "Parent Relationship": "Inner", "Relation Name": "customer", "Alias": "customer", "Startup Cost": 0.29, "Total Cost": 4.31, "Plan Rows": 1, "Plan Width": 153, "Actual Startup Time": 4318.454, "Actual Total Time": 4318.454, "Actual Rows": 573635, "Actual Loops": 573635, "Recheck Cond": "(c_custkey = orders.o_custkey)", "Rows Removed by Index Recheck": 0, "Exact Heap Blocks": 573635, "Lossy Heap Blocks": 573635, "Plans": [{"Node Type": "Bitmap Index Scan", "Parent Relationship": "Outer", "Index Name": "customer_pkey", "Startup Cost": 0.0, "Total Cost": 0.29, "Plan Rows": 1, "Plan Width": 0, "Actual Startup Time": 2664.814, "Actual Total Time": 2664.814, "Actual Rows": 573635, "Actual Loops": 573635, "Index Cond": "(c_custkey = orders.o_custkey)"}]}]}, {"Node Type": "Bitmap Heap Scan", "Parent Relationship": "Inner", "Relation Name": "nation", "Alias": "nation", "Startup Cost": 0.26, "Total Cost": 4.27, "Plan Rows": 1, "Plan Width": 30, "Actual Startup Time": 1395.278, "Actual Total Time": 1395.278, "Actual Rows": 573635, "Actual Loops": 573635, "Recheck Cond": "(n_nationkey = customer.c_nationkey)", "Rows Removed by Index Recheck": 0, "Exact Heap Blocks": 573635, "Lossy Heap Blocks": 573635, "Plans": [{"Node Type": "Bitmap Index Scan", "Parent Relationship": "Outer", "Index Name": "nation_pkey", "Startup Cost": 0.0, "Total Cost": 0.26, "Plan Rows": 1, "Plan Width": 0, "Actual Startup Time": 608.282, "Actual Total Time": 608.282, "Actual Rows": 573635, "Actual Loops": 573635, "Index Cond": "(n_nationkey = customer.c_nationkey)"}]}]}, {"Node Type": "Bitmap Heap Scan", "Parent Relationship": "Inner", "Relation Name": "lineitem", "Alias": "lineitem", "Startup Cost": 1.93, "Total Cost": 14.05, "Plan Rows": 3, "Plan Width": 24, "Actual Startup Time": 4824.259, "Actual Total Time": 5354.044, "Actual Rows": 1145969, "Actual Loops": 573635, "Recheck Cond": "(l_orderkey = orders.o_orderkey)", "Rows Removed by Index Recheck": 0, "Filter": "(l_returnflag = 'R'::bpchar)", "Rows Removed by Filter": 1146896, "Exact Heap Blocks": 614400, "Lossy Heap Blocks": 614400, "Plans": [{"Node Type": "Bitmap Index Scan", "Parent Relationship": "Outer", "Index Name": "idx_lineitem_orderkey", "Startup Cost": 0.0, "Total Cost": 1.92, "Plan Rows": 9, "Plan Width": 0, "Actual Startup Time": 2480.858, "Actual Total Time": 2480.858, "Actual Rows": 2292865, "Actual Loops": 573635, "Index Cond": "(l_orderkey = orders.o_orderkey)"}]}]}]}]}]}, "Triggers": [], "Planner Runtime": 0, "Total Runtime": 17207.36, "Unique SQL Id": 1604070524}}, "(1, 36)": {"explain_plan": {"Plan": {"Node Type": "Limit", "Startup Cost": 2741876.6, "Total Cost": 2741876.65, "Plan Rows": 20, "Plan Width": 191, "Plans": [{"Node Type": "Sort", "Parent Relationship": "Outer", "Startup Cost": 2741876.6, "Total Cost": 2745491.35, "Plan Rows": 20, "Plan Width": 191, "Sort Key": ["(sum((lineitem.l_extendedprice * (1::double precision - lineitem.l_discount)))) DESC"], "Plans": [{"Node Type": "Aggregate", "Strategy": "Hashed", "Parent Relationship": "Outer", "Startup Cost": 2688942.8, "Total Cost": 2703401.78, "Plan Rows": 1445898, "Plan Width": 191, "Group By Key": ["customer.c_custkey", "customer.c_name", "customer.c_acctbal", "customer.c_phone", "nation.n_name", "customer.c_address", "customer.c_comment"], "Plans": [{"Node Type": "Hash Join", "Parent Relationship": "Outer", "Join Type": "Inner", "Startup Cost": 377859.22, "Total Cost": 2652795.35, "Plan Rows": 1445898, "Plan Width": 191, "Inner Unique": true, "Hash Cond": "(customer.c_nationkey = nation.n_nationkey), (LLVM Optimized)", "Plans": [{"Node Type": "Hash Join", "Parent Relationship": "Outer", "Join Type": "Inner", "Startup Cost": 377857.66, "Total Cost": 2632912.69, "Plan Rows": 1445898, "Plan Width": 169, "Inner Unique": true, "Hash Cond": "(orders.o_custkey = customer.c_custkey), (LLVM Optimized)", "Plans": [{"Node Type": "Hash Join", "Parent Relationship": "Outer", "Join Type": "Inner", "Startup Cost": 306981.66, "Total Cost": 2542155.59, "Plan Rows": 1445898, "Plan Width": 24, "Inner Unique": true, "Hash Cond": "(lineitem.l_orderkey = orders.o_orderkey), (LLVM Optimized)", "Plans": [{"Node Type": "Seq Scan", "Parent Relationship": "Outer", "Relation Name": "lineitem", "Alias": "lineitem", "Startup Cost": 0.0, "Total Cost": 2165082.91, "Plan Rows": 14835209, "Plan Width": 24, "Filter": "(l_returnflag = 'R'::bpchar), (LLVM Optimized)"}, {"Node Type": "Hash", "Parent Relationship": "Inner", "Startup Cost": 299784.84, "Total Cost": 299784.84, "Plan Rows": 575746, "Plan Width": 16, "Plans": [{"Node Type": "Bitmap Heap Scan", "Parent Relationship": "Outer", "Relation Name": "orders", "Alias": "orders", "Startup Cost": 14729.65, "Total Cost": 299784.84, "Plan Rows": 575746, "Plan Width": 16, "Recheck Cond": "((o_orderdate >= '1993-08-01 00:00:00'::timestamp(0) without time zone) AND (o_orderdate < '1993-11-01 00:00:00'::timestamp without time zone)), (LLVM Optimized)", "Plans": [{"Node Type": "Bitmap Index Scan", "Parent Relationship": "Outer", "Index Name": "idx_orders_orderdate", "Startup Cost": 0.0, "Total Cost": 14585.71, "Plan Rows": 575746, "Plan Width": 0, "Index Cond": "((o_orderdate >= '1993-08-01 00:00:00'::timestamp(0) without time zone) AND (o_orderdate < '1993-11-01 00:00:00'::timestamp without time zone))"}]}]}]}, {"Node Type": "Hash", "Parent Relationship": "Inner", "Startup Cost": 52126.0, "Total Cost": 52126.0, "Plan Rows": 1500000, "Plan Width": 153, "Plans": [{"Node Type": "Seq Scan", "Parent Relationship": "Outer", "Relation Name": "customer", "Alias": "customer", "Startup Cost": 0.0, "Total Cost": 52126.0, "Plan Rows": 1500000, "Plan Width": 153}]}]}, {"Node Type": "Hash", "Parent Relationship": "Inner", "Startup Cost": 1.25, "Total Cost": 1.25, "Plan Rows": 25, "Plan Width": 30, "Plans": [{"Node Type": "Seq Scan", "Parent Relationship": "Outer", "Relation Name": "nation", "Alias": "nation", "Startup Cost": 0.0, "Total Cost": 1.25, "Plan Rows": 25, "Plan Width": 30}]}]}]}]}]}, "Unique SQL Id": 1604070524, "Planner Runtime": 0}, "explain_analyze_plan": {"Plan": {"Node Type": "Limit", "Startup Cost": 2741876.6, "Total Cost": 2741876.65, "Plan Rows": 20, "Plan Width": 191, "Actual Startup Time": 33004.147, "Actual Total Time": 33004.153, "Actual Rows": 20, "Actual Loops": 1, "Plans": [{"Node Type": "Sort", "Parent Relationship": "Outer", "Startup Cost": 2741876.6, "Total Cost": 2745491.35, "Plan Rows": 20, "Plan Width": 191, "Actual Startup Time": 33004.144, "Actual Total Time": 33004.147, "Actual Rows": 20, "Actual Loops": 1, "Sort Key": ["(sum((lineitem.l_extendedprice * (1::double precision - lineitem.l_discount)))) DESC"], "Sort Method": "top-N heapsort", "Sort Space Used": 35, "Sort Space Type": "Memory", "Plans": [{"Node Type": "Aggregate", "Strategy": "Hashed", "Parent Relationship": "Outer", "Startup Cost": 2688942.8, "Total Cost": 2703401.78, "Plan Rows": 1445898, "Plan Width": 191, "Actual Startup Time": 32671.075, "Actual Total Time": 32870.631, "Actual Rows": 381542, "Actual Loops": 1, "Group By Key": ["customer.c_custkey", "customer.c_name", "customer.c_acctbal", "customer.c_phone", "nation.n_name", "customer.c_address", "customer.c_comment"], "Plans": [{"Node Type": "Hash Join", "Parent Relationship": "Outer", "Join Type": "Inner", "Startup Cost": 377859.22, "Total Cost": 2652795.35, "Plan Rows": 1445898, "Plan Width": 191, "Actual Startup Time": 2461.198, "Actual Total Time": 30813.969, "Actual Rows": 1145969, "Actual Loops": 1, "Inner Unique": true, "Hash Cond": "(customer.c_nationkey = nation.n_nationkey), (LLVM Optimized, Jit Execute)", "Plans": [{"Node Type": "Hash Join", "Parent Relationship": "Outer", "Join Type": "Inner", "Startup Cost": 377857.66, "Total Cost": 2632912.69, "Plan Rows": 1445898, "Plan Width": 169, "Actual Startup Time": 2461.091, "Actual Total Time": 30352.238, "Actual Rows": 1145969, "Actual Loops": 1, "Inner Unique": true, "Hash Cond": "(orders.o_custkey = customer.c_custkey), (LLVM Optimized, Jit Execute)", "Plans": [{"Node Type": "Hash Join", "Parent Relationship": "Outer", "Join Type": "Inner", "Startup Cost": 306981.66, "Total Cost": 2542155.59, "Plan Rows": 1445898, "Plan Width": 24, "Actual Startup Time": 1151.523, "Actual Total Time": 28224.084, "Actual Rows": 1145969, "Actual Loops": 1, "Inner Unique": true, "Hash Cond": "(lineitem.l_orderkey = orders.o_orderkey), (LLVM Optimized, Jit Execute)", "Plans": [{"Node Type": "Seq Scan", "Parent Relationship": "Outer", "Relation Name": "lineitem", "Alias": "lineitem", "Startup Cost": 0.0, "Total Cost": 2165082.91, "Plan Rows": 14835209, "Plan Width": 24, "Actual Startup Time": 0.018, "Actual Total Time": 22374.177, "Actual Rows": 14808183, "Actual Loops": 1, "Filter": "(l_returnflag = 'R'::bpchar), (LLVM Optimized, Jit Execute)", "Rows Removed by Filter": 45177869}, {"Node Type": "Hash", "Parent Relationship": "Inner", "Startup Cost": 299784.84, "Total Cost": 299784.84, "Plan Rows": 575746, "Plan Width": 16, "Actual Startup Time": 1150.79, "Actual Total Time": 1150.79, "Actual Rows": 573635, "Actual Loops": 1, "Hash Buckets": 1048576, "Hash Batches": 1, "Original Hash Batches": 1, "Peak Memory Usage": 26890, "Plans": [{"Node Type": "Bitmap Heap Scan", "Parent Relationship": "Outer", "Relation Name": "orders", "Alias": "orders", "Startup Cost": 14729.65, "Total Cost": 299784.84, "Plan Rows": 575746, "Plan Width": 16, "Actual Startup Time": 240.926, "Actual Total Time": 939.038, "Actual Rows": 573635, "Actual Loops": 1, "Recheck Cond": "((o_orderdate >= '1993-08-01 00:00:00'::timestamp(0) without time zone) AND (o_orderdate < '1993-11-01 00:00:00'::timestamp without time zone)), (LLVM Optimized, Jit Execute)", "Rows Removed by Index Recheck": 0, "Exact Heap Blocks": 242860, "Lossy Heap Blocks": 242860, "Plans": [{"Node Type": "Bitmap Index Scan", "Parent Relationship": "Outer", "Index Name": "idx_orders_orderdate", "Startup Cost": 0.0, "Total Cost": 14585.71, "Plan Rows": 575746, "Plan Width": 0, "Actual Startup Time": 164.914, "Actual Total Time": 164.914, "Actual Rows": 573635, "Actual Loops": 1, "Index Cond": "((o_orderdate >= '1993-08-01 00:00:00'::timestamp(0) without time zone) AND (o_orderdate < '1993-11-01 00:00:00'::timestamp without time zone))"}]}]}]}, {"Node Type": "Hash", "Parent Relationship": "Inner", "Startup Cost": 52126.0, "Total Cost": 52126.0, "Plan Rows": 1500000, "Plan Width": 153, "Actual Startup Time": 1307.083, "Actual Total Time": 1307.083, "Actual Rows": 1500000, "Actual Loops": 1, "Hash Buckets": 2097152, "Hash Batches": 1, "Original Hash Batches": 1, "Peak Memory Usage": 282695, "Plans": [{"Node Type": "Seq Scan", "Parent Relationship": "Outer", "Relation Name": "customer", "Alias": "customer", "Startup Cost": 0.0, "Total Cost": 52126.0, "Plan Rows": 1500000, "Plan Width": 153, "Actual Startup Time": 0.025, "Actual Total Time": 597.485, "Actual Rows": 1500000, "Actual Loops": 1}]}]}, {"Node Type": "Hash", "Parent Relationship": "Inner", "Startup Cost": 1.25, "Total Cost": 1.25, "Plan Rows": 25, "Plan Width": 30, "Actual Startup Time": 0.036, "Actual Total Time": 0.036, "Actual Rows": 25, "Actual Loops": 1, "Hash Buckets": 32768, "Hash Batches": 1, "Original Hash Batches": 1, "Peak Memory Usage": 2, "Plans": [{"Node Type": "Seq Scan", "Parent Relationship": "Outer", "Relation Name": "nation", "Alias": "nation", "Startup Cost": 0.0, "Total Cost": 1.25, "Plan Rows": 25, "Plan Width": 30, "Actual Startup Time": 0.014, "Actual Total Time": 0.021, "Actual Rows": 25, "Actual Loops": 1}]}]}]}]}]}, "Triggers": [], "Planner Runtime": 0, "Total Runtime": 33015.458, "Unique SQL Id": 1604070524}}, "(1, 37)": {"explain_plan": {"Plan": {"Node Type": "Limit", "Startup Cost": 3620844.85, "Total Cost": 3620844.9, "Plan Rows": 20, "Plan Width": 191, "Plans": [{"Node Type": "Sort", "Parent Relationship": "Outer", "Startup Cost": 3620844.85, "Total Cost": 3624459.59, "Plan Rows": 20, "Plan Width": 191, "Sort Key": ["(sum((lineitem.l_extendedprice * (1::double precision - lineitem.l_discount)))) DESC"], "Plans": [{"Node Type": "Aggregate", "Strategy": "Hashed", "Parent Relationship": "Outer", "Startup Cost": 3567911.04, "Total Cost": 3582370.02, "Plan Rows": 1445898, "Plan Width": 191, "Group By Key": ["customer.c_custkey", "customer.c_name", "customer.c_acctbal", "customer.c_phone", "nation.n_name", "customer.c_address", "customer.c_comment"], "Plans": [{"Node Type": "Nested Loop", "Parent Relationship": "Outer", "Join Type": "Inner", "Startup Cost": 114257.94, "Total Cost": 3531763.59, "Plan Rows": 1445898, "Plan Width": 191, "Inner Unique": false, "Plans": [{"Node Type": "Hash Join", "Parent Relationship": "Outer", "Join Type": "Inner", "Startup Cost": 114257.94, "Total Cost": 415146.15, "Plan Rows": 575746, "Plan Width": 183, "Inner Unique": true, "Hash Cond": "(customer.c_nationkey = nation.n_nationkey), (LLVM Optimized)", "Plans": [{"Node Type": "Hash Join", "Parent Relationship": "Outer", "Join Type": "Inner", "Startup Cost": 114245.0, "Total Cost": 407216.7, "Plan Rows": 575746, "Plan Width": 161, "Inner Unique": true, "Hash Cond": "(orders.o_custkey = customer.c_custkey), (LLVM Optimized)", "Plans": [{"Node Type": "Bitmap Heap Scan", "Parent Relationship": "Outer", "Relation Name": "orders", "Alias": "orders", "Startup Cost": 14729.65, "Total Cost": 299784.84, "Plan Rows": 575746, "Plan Width": 16, "Recheck Cond": "((o_orderdate >= '1993-08-01 00:00:00'::timestamp(0) without time zone) AND (o_orderdate < '1993-11-01 00:00:00'::timestamp without time zone)), (LLVM Optimized)", "Plans": [{"Node Type": "Bitmap Index Scan", "Parent Relationship": "Outer", "Index Name": "idx_orders_orderdate", "Startup Cost": 0.0, "Total Cost": 14585.71, "Plan Rows": 575746, "Plan Width": 0, "Index Cond": "((o_orderdate >= '1993-08-01 00:00:00'::timestamp(0) without time zone) AND (o_orderdate < '1993-11-01 00:00:00'::timestamp without time zone))"}]}, {"Node Type": "Hash", "Parent Relationship": "Inner", "Startup Cost": 80765.36, "Total Cost": 80765.36, "Plan Rows": 1500000, "Plan Width": 153, "Plans": [{"Node Type": "Index Scan", "Parent Relationship": "Outer", "Scan Direction": "Forward", "Index Name": "customer_pkey", "Relation Name": "customer", "Alias": "customer", "Startup Cost": 0.0, "Total Cost": 80765.36, "Plan Rows": 1500000, "Plan Width": 153}]}]}, {"Node Type": "Hash", "Parent Relationship": "Inner", "Startup Cost": 12.62, "Total Cost": 12.62, "Plan Rows": 25, "Plan Width": 30, "Plans": [{"Node Type": "Index Scan", "Parent Relationship": "Outer", "Scan Direction": "Forward", "Index Name": "nation_pkey", "Relation Name": "nation", "Alias": "nation", "Startup Cost": 0.0, "Total Cost": 12.62, "Plan Rows": 25, "Plan Width": 30}]}]}, {"Node Type": "Index Scan", "Parent Relationship": "Inner", "Scan Direction": "Forward", "Index Name": "idx_lineitem_orderkey", "Relation Name": "lineitem", "Alias": "lineitem", "Startup Cost": 0.0, "Total Cost": 5.38, "Plan Rows": 3, "Plan Width": 24, "Index Cond": "(l_orderkey = orders.o_orderkey)", "Filter": "(l_returnflag = 'R'::bpchar)"}]}]}]}]}, "Unique SQL Id": 1604070524, "Planner Runtime": 0}, "explain_analyze_plan": {"Plan": {"Node Type": "Limit", "Startup Cost": 3620844.85, "Total Cost": 3620844.9, "Plan Rows": 20, "Plan Width": 191, "Actual Startup Time": 13884.972, "Actual Total Time": 13884.98, "Actual Rows": 20, "Actual Loops": 1, "Plans": [{"Node Type": "Sort", "Parent Relationship": "Outer", "Startup Cost": 3620844.85, "Total Cost": 3624459.59, "Plan Rows": 20, "Plan Width": 191, "Actual Startup Time": 13884.967, "Actual Total Time": 13884.97, "Actual Rows": 20, "Actual Loops": 1, "Sort Key": ["(sum((lineitem.l_extendedprice * (1::double precision - lineitem.l_discount)))) DESC"], "Sort Method": "top-N heapsort", "Sort Space Used": 35, "Sort Space Type": "Memory", "Plans": [{"Node Type": "Aggregate", "Strategy": "Hashed", "Parent Relationship": "Outer", "Startup Cost": 3567911.04, "Total Cost": 3582370.02, "Plan Rows": 1445898, "Plan Width": 191, "Actual Startup Time": 13549.273, "Actual Total Time": 13750.357, "Actual Rows": 381542, "Actual Loops": 1, "Group By Key": ["customer.c_custkey", "customer.c_name", "customer.c_acctbal", "customer.c_phone", "nation.n_name", "customer.c_address", "customer.c_comment"], "Plans": [{"Node Type": "Nested Loop", "Parent Relationship": "Outer", "Join Type": "Inner", "Startup Cost": 114257.94, "Total Cost": 3531763.59, "Plan Rows": 1445898, "Plan Width": 191, "Actual Startup Time": 1960.115, "Actual Total Time": 11619.369, "Actual Rows": 1145969, "Actual Loops": 1, "Inner Unique": false, "Plans": [{"Node Type": "Hash Join", "Parent Relationship": "Outer", "Join Type": "Inner", "Startup Cost": 114257.94, "Total Cost": 415146.15, "Plan Rows": 575746, "Plan Width": 183, "Actual Startup Time": 1959.983, "Actual Total Time": 3759.194, "Actual Rows": 573635, "Actual Loops": 1, "Inner Unique": true, "Hash Cond": "(customer.c_nationkey = nation.n_nationkey), (LLVM Optimized, Jit Execute)", "Plans": [{"Node Type": "Hash Join", "Parent Relationship": "Outer", "Join Type": "Inner", "Startup Cost": 114245.0, "Total Cost": 407216.7, "Plan Rows": 575746, "Plan Width": 161, "Actual Startup Time": 1959.879, "Actual Total Time": 3505.46, "Actual Rows": 573635, "Actual Loops": 1, "Inner Unique": true, "Hash Cond": "(orders.o_custkey = customer.c_custkey), (LLVM Optimized, Jit Execute)", "Plans": [{"Node Type": "Bitmap Heap Scan", "Parent Relationship": "Outer", "Relation Name": "orders", "Alias": "orders", "Startup Cost": 14729.65, "Total Cost": 299784.84, "Plan Rows": 575746, "Plan Width": 16, "Actual Startup Time": 239.628, "Actual Total Time": 1107.976, "Actual Rows": 573635, "Actual Loops": 1, "Recheck Cond": "((o_orderdate >= '1993-08-01 00:00:00'::timestamp(0) without time zone) AND (o_orderdate < '1993-11-01 00:00:00'::timestamp without time zone)), (LLVM Optimized, Jit Execute)", "Rows Removed by Index Recheck": 0, "Exact Heap Blocks": 242860, "Lossy Heap Blocks": 242860, "Plans": [{"Node Type": "Bitmap Index Scan", "Parent Relationship": "Outer", "Index Name": "idx_orders_orderdate", "Startup Cost": 0.0, "Total Cost": 14585.71, "Plan Rows": 575746, "Plan Width": 0, "Actual Startup Time": 164.39, "Actual Total Time": 164.39, "Actual Rows": 573635, "Actual Loops": 1, "Index Cond": "((o_orderdate >= '1993-08-01 00:00:00'::timestamp(0) without time zone) AND (o_orderdate < '1993-11-01 00:00:00'::timestamp without time zone))"}]}, {"Node Type": "Hash", "Parent Relationship": "Inner", "Startup Cost": 80765.36, "Total Cost": 80765.36, "Plan Rows": 1500000, "Plan Width": 153, "Actual Startup Time": 1718.794, "Actual Total Time": 1718.794, "Actual Rows": 1500000, "Actual Loops": 1, "Hash Buckets": 2097152, "Hash Batches": 1, "Original Hash Batches": 1, "Peak Memory Usage": 282695, "Plans": [{"Node Type": "Index Scan", "Parent Relationship": "Outer", "Scan Direction": "Forward", "Index Name": "customer_pkey", "Relation Name": "customer", "Alias": "customer", "Startup Cost": 0.0, "Total Cost": 80765.36, "Plan Rows": 1500000, "Plan Width": 153, "Actual Startup Time": 0.057, "Actual Total Time": 1053.373, "Actual Rows": 1500000, "Actual Loops": 1}]}]}, {"Node Type": "Hash", "Parent Relationship": "Inner", "Startup Cost": 12.62, "Total Cost": 12.62, "Plan Rows": 25, "Plan Width": 30, "Actual Startup Time": 0.054, "Actual Total Time": 0.054, "Actual Rows": 25, "Actual Loops": 1, "Hash Buckets": 32768, "Hash Batches": 1, "Original Hash Batches": 1, "Peak Memory Usage": 2, "Plans": [{"Node Type": "Index Scan", "Parent Relationship": "Outer", "Scan Direction": "Forward", "Index Name": "nation_pkey", "Relation Name": "nation", "Alias": "nation", "Startup Cost": 0.0, "Total Cost": 12.62, "Plan Rows": 25, "Plan Width": 30, "Actual Startup Time": 0.018, "Actual Total Time": 0.034, "Actual Rows": 25, "Actual Loops": 1}]}]}, {"Node Type": "Index Scan", "Parent Relationship": "Inner", "Scan Direction": "Forward", "Index Name": "idx_lineitem_orderkey", "Relation Name": "lineitem", "Alias": "lineitem", "Startup Cost": 0.0, "Total Cost": 5.38, "Plan Rows": 3, "Plan Width": 24, "Actual Startup Time": 5879.361, "Actual Total Time": 7208.975, "Actual Rows": 1145969, "Actual Loops": 573635, "Index Cond": "(l_orderkey = orders.o_orderkey)", "Rows Removed by Index Recheck": 0, "Filter": "(l_returnflag = 'R'::bpchar)", "Rows Removed by Filter": 1146896}]}]}]}]}, "Triggers": [], "Planner Runtime": 0, "Total Runtime": 13895.62, "Unique SQL Id": 1604070524}}, "(1, 38)": {"explain_plan": {"Plan": {"Node Type": "Limit", "Startup Cost": 2741876.6, "Total Cost": 2741876.65, "Plan Rows": 20, "Plan Width": 191, "Plans": [{"Node Type": "Sort", "Parent Relationship": "Outer", "Startup Cost": 2741876.6, "Total Cost": 2745491.35, "Plan Rows": 20, "Plan Width": 191, "Sort Key": ["(sum((lineitem.l_extendedprice * (1::double precision - lineitem.l_discount)))) DESC"], "Plans": [{"Node Type": "Aggregate", "Strategy": "Hashed", "Parent Relationship": "Outer", "Startup Cost": 2688942.8, "Total Cost": 2703401.78, "Plan Rows": 1445898, "Plan Width": 191, "Group By Key": ["customer.c_custkey", "customer.c_name", "customer.c_acctbal", "customer.c_phone", "nation.n_name", "customer.c_address", "customer.c_comment"], "Plans": [{"Node Type": "Hash Join", "Parent Relationship": "Outer", "Join Type": "Inner", "Startup Cost": 377859.22, "Total Cost": 2652795.35, "Plan Rows": 1445898, "Plan Width": 191, "Inner Unique": true, "Hash Cond": "(customer.c_nationkey = nation.n_nationkey), (LLVM Optimized)", "Plans": [{"Node Type": "Hash Join", "Parent Relationship": "Outer", "Join Type": "Inner", "Startup Cost": 377857.66, "Total Cost": 2632912.69, "Plan Rows": 1445898, "Plan Width": 169, "Inner Unique": true, "Hash Cond": "(orders.o_custkey = customer.c_custkey), (LLVM Optimized)", "Plans": [{"Node Type": "Hash Join", "Parent Relationship": "Outer", "Join Type": "Inner", "Startup Cost": 306981.66, "Total Cost": 2542155.59, "Plan Rows": 1445898, "Plan Width": 24, "Inner Unique": true, "Hash Cond": "(lineitem.l_orderkey = orders.o_orderkey), (LLVM Optimized)", "Plans": [{"Node Type": "Seq Scan", "Parent Relationship": "Outer", "Relation Name": "lineitem", "Alias": "lineitem", "Startup Cost": 0.0, "Total Cost": 2165082.91, "Plan Rows": 14835209, "Plan Width": 24, "Filter": "(l_returnflag = 'R'::bpchar), (LLVM Optimized)"}, {"Node Type": "Hash", "Parent Relationship": "Inner", "Startup Cost": 299784.84, "Total Cost": 299784.84, "Plan Rows": 575746, "Plan Width": 16, "Plans": [{"Node Type": "Bitmap Heap Scan", "Parent Relationship": "Outer", "Relation Name": "orders", "Alias": "orders", "Startup Cost": 14729.65, "Total Cost": 299784.84, "Plan Rows": 575746, "Plan Width": 16, "Recheck Cond": "((o_orderdate >= '1993-08-01 00:00:00'::timestamp(0) without time zone) AND (o_orderdate < '1993-11-01 00:00:00'::timestamp without time zone)), (LLVM Optimized)", "Plans": [{"Node Type": "Bitmap Index Scan", "Parent Relationship": "Outer", "Index Name": "idx_orders_orderdate", "Startup Cost": 0.0, "Total Cost": 14585.71, "Plan Rows": 575746, "Plan Width": 0, "Index Cond": "((o_orderdate >= '1993-08-01 00:00:00'::timestamp(0) without time zone) AND (o_orderdate < '1993-11-01 00:00:00'::timestamp without time zone))"}]}]}]}, {"Node Type": "Hash", "Parent Relationship": "Inner", "Startup Cost": 52126.0, "Total Cost": 52126.0, "Plan Rows": 1500000, "Plan Width": 153, "Plans": [{"Node Type": "Seq Scan", "Parent Relationship": "Outer", "Relation Name": "customer", "Alias": "customer", "Startup Cost": 0.0, "Total Cost": 52126.0, "Plan Rows": 1500000, "Plan Width": 153}]}]}, {"Node Type": "Hash", "Parent Relationship": "Inner", "Startup Cost": 1.25, "Total Cost": 1.25, "Plan Rows": 25, "Plan Width": 30, "Plans": [{"Node Type": "Seq Scan", "Parent Relationship": "Outer", "Relation Name": "nation", "Alias": "nation", "Startup Cost": 0.0, "Total Cost": 1.25, "Plan Rows": 25, "Plan Width": 30}]}]}]}]}]}, "Unique SQL Id": 1604070524, "Planner Runtime": 0}, "explain_analyze_plan": {"Plan": {"Node Type": "Limit", "Startup Cost": 2741876.6, "Total Cost": 2741876.65, "Plan Rows": 20, "Plan Width": 191, "Actual Startup Time": 33004.147, "Actual Total Time": 33004.153, "Actual Rows": 20, "Actual Loops": 1, "Plans": [{"Node Type": "Sort", "Parent Relationship": "Outer", "Startup Cost": 2741876.6, "Total Cost": 2745491.35, "Plan Rows": 20, "Plan Width": 191, "Actual Startup Time": 33004.144, "Actual Total Time": 33004.147, "Actual Rows": 20, "Actual Loops": 1, "Sort Key": ["(sum((lineitem.l_extendedprice * (1::double precision - lineitem.l_discount)))) DESC"], "Sort Method": "top-N heapsort", "Sort Space Used": 35, "Sort Space Type": "Memory", "Plans": [{"Node Type": "Aggregate", "Strategy": "Hashed", "Parent Relationship": "Outer", "Startup Cost": 2688942.8, "Total Cost": 2703401.78, "Plan Rows": 1445898, "Plan Width": 191, "Actual Startup Time": 32671.075, "Actual Total Time": 32870.631, "Actual Rows": 381542, "Actual Loops": 1, "Group By Key": ["customer.c_custkey", "customer.c_name", "customer.c_acctbal", "customer.c_phone", "nation.n_name", "customer.c_address", "customer.c_comment"], "Plans": [{"Node Type": "Hash Join", "Parent Relationship": "Outer", "Join Type": "Inner", "Startup Cost": 377859.22, "Total Cost": 2652795.35, "Plan Rows": 1445898, "Plan Width": 191, "Actual Startup Time": 2461.198, "Actual Total Time": 30813.969, "Actual Rows": 1145969, "Actual Loops": 1, "Inner Unique": true, "Hash Cond": "(customer.c_nationkey = nation.n_nationkey), (LLVM Optimized, Jit Execute)", "Plans": [{"Node Type": "Hash Join", "Parent Relationship": "Outer", "Join Type": "Inner", "Startup Cost": 377857.66, "Total Cost": 2632912.69, "Plan Rows": 1445898, "Plan Width": 169, "Actual Startup Time": 2461.091, "Actual Total Time": 30352.238, "Actual Rows": 1145969, "Actual Loops": 1, "Inner Unique": true, "Hash Cond": "(orders.o_custkey = customer.c_custkey), (LLVM Optimized, Jit Execute)", "Plans": [{"Node Type": "Hash Join", "Parent Relationship": "Outer", "Join Type": "Inner", "Startup Cost": 306981.66, "Total Cost": 2542155.59, "Plan Rows": 1445898, "Plan Width": 24, "Actual Startup Time": 1151.523, "Actual Total Time": 28224.084, "Actual Rows": 1145969, "Actual Loops": 1, "Inner Unique": true, "Hash Cond": "(lineitem.l_orderkey = orders.o_orderkey), (LLVM Optimized, Jit Execute)", "Plans": [{"Node Type": "Seq Scan", "Parent Relationship": "Outer", "Relation Name": "lineitem", "Alias": "lineitem", "Startup Cost": 0.0, "Total Cost": 2165082.91, "Plan Rows": 14835209, "Plan Width": 24, "Actual Startup Time": 0.018, "Actual Total Time": 22374.177, "Actual Rows": 14808183, "Actual Loops": 1, "Filter": "(l_returnflag = 'R'::bpchar), (LLVM Optimized, Jit Execute)", "Rows Removed by Filter": 45177869}, {"Node Type": "Hash", "Parent Relationship": "Inner", "Startup Cost": 299784.84, "Total Cost": 299784.84, "Plan Rows": 575746, "Plan Width": 16, "Actual Startup Time": 1150.79, "Actual Total Time": 1150.79, "Actual Rows": 573635, "Actual Loops": 1, "Hash Buckets": 1048576, "Hash Batches": 1, "Original Hash Batches": 1, "Peak Memory Usage": 26890, "Plans": [{"Node Type": "Bitmap Heap Scan", "Parent Relationship": "Outer", "Relation Name": "orders", "Alias": "orders", "Startup Cost": 14729.65, "Total Cost": 299784.84, "Plan Rows": 575746, "Plan Width": 16, "Actual Startup Time": 240.926, "Actual Total Time": 939.038, "Actual Rows": 573635, "Actual Loops": 1, "Recheck Cond": "((o_orderdate >= '1993-08-01 00:00:00'::timestamp(0) without time zone) AND (o_orderdate < '1993-11-01 00:00:00'::timestamp without time zone)), (LLVM Optimized, Jit Execute)", "Rows Removed by Index Recheck": 0, "Exact Heap Blocks": 242860, "Lossy Heap Blocks": 242860, "Plans": [{"Node Type": "Bitmap Index Scan", "Parent Relationship": "Outer", "Index Name": "idx_orders_orderdate", "Startup Cost": 0.0, "Total Cost": 14585.71, "Plan Rows": 575746, "Plan Width": 0, "Actual Startup Time": 164.914, "Actual Total Time": 164.914, "Actual Rows": 573635, "Actual Loops": 1, "Index Cond": "((o_orderdate >= '1993-08-01 00:00:00'::timestamp(0) without time zone) AND (o_orderdate < '1993-11-01 00:00:00'::timestamp without time zone))"}]}]}]}, {"Node Type": "Hash", "Parent Relationship": "Inner", "Startup Cost": 52126.0, "Total Cost": 52126.0, "Plan Rows": 1500000, "Plan Width": 153, "Actual Startup Time": 1307.083, "Actual Total Time": 1307.083, "Actual Rows": 1500000, "Actual Loops": 1, "Hash Buckets": 2097152, "Hash Batches": 1, "Original Hash Batches": 1, "Peak Memory Usage": 282695, "Plans": [{"Node Type": "Seq Scan", "Parent Relationship": "Outer", "Relation Name": "customer", "Alias": "customer", "Startup Cost": 0.0, "Total Cost": 52126.0, "Plan Rows": 1500000, "Plan Width": 153, "Actual Startup Time": 0.025, "Actual Total Time": 597.485, "Actual Rows": 1500000, "Actual Loops": 1}]}]}, {"Node Type": "Hash", "Parent Relationship": "Inner", "Startup Cost": 1.25, "Total Cost": 1.25, "Plan Rows": 25, "Plan Width": 30, "Actual Startup Time": 0.036, "Actual Total Time": 0.036, "Actual Rows": 25, "Actual Loops": 1, "Hash Buckets": 32768, "Hash Batches": 1, "Original Hash Batches": 1, "Peak Memory Usage": 2, "Plans": [{"Node Type": "Seq Scan", "Parent Relationship": "Outer", "Relation Name": "nation", "Alias": "nation", "Startup Cost": 0.0, "Total Cost": 1.25, "Plan Rows": 25, "Plan Width": 30, "Actual Startup Time": 0.014, "Actual Total Time": 0.021, "Actual Rows": 25, "Actual Loops": 1}]}]}]}]}]}, "Triggers": [], "Planner Runtime": 0, "Total Runtime": 33015.458, "Unique SQL Id": 1604070524}}, "(1, 39)": {"explain_plan": {"Plan": {"Node Type": "Limit", "Startup Cost": 13443415.76, "Total Cost": 13443415.81, "Plan Rows": 20, "Plan Width": 191, "Plans": [{"Node Type": "Sort", "Parent Relationship": "Outer", "Startup Cost": 13443415.76, "Total Cost": 13447030.51, "Plan Rows": 20, "Plan Width": 191, "Sort Key": ["(sum((lineitem.l_extendedprice * (1::double precision - lineitem.l_discount)))) DESC"], "Plans": [{"Node Type": "Aggregate", "Strategy": "Hashed", "Parent Relationship": "Outer", "Startup Cost": 13390481.96, "Total Cost": 13404940.94, "Plan Rows": 1445898, "Plan Width": 191, "Group By Key": ["customer.c_custkey", "customer.c_name", "customer.c_acctbal", "customer.c_phone", "nation.n_name", "customer.c_address", "customer.c_comment"], "Plans": [{"Node Type": "Nested Loop", "Parent Relationship": "Outer", "Join Type": "Inner", "Startup Cost": 14732.12, "Total Cost": 13354334.51, "Plan Rows": 1445898, "Plan Width": 191, "Inner Unique": false, "Plans": [{"Node Type": "Nested Loop", "Parent Relationship": "Outer", "Join Type": "Inner", "Startup Cost": 14730.2, "Total Cost": 5249597.54, "Plan Rows": 575746, "Plan Width": 183, "Inner Unique": true, "Plans": [{"Node Type": "Nested Loop", "Parent Relationship": "Outer", "Join Type": "Inner", "Startup Cost": 14729.94, "Total Cost": 2785257.65, "Plan Rows": 575746, "Plan Width": 161, "Inner Unique": true, "Plans": [{"Node Type": "Bitmap Heap Scan", "Parent Relationship": "Outer", "Relation Name": "orders", "Alias": "orders", "Startup Cost": 14729.65, "Total Cost": 299784.84, "Plan Rows": 575746, "Plan Width": 16, "Recheck Cond": "((o_orderdate >= '1993-08-01 00:00:00'::timestamp(0) without time zone) AND (o_orderdate < '1993-11-01 00:00:00'::timestamp without time zone)), (LLVM Optimized)", "Plans": [{"Node Type": "Bitmap Index Scan", "Parent Relationship": "Outer", "Index Name": "idx_orders_orderdate", "Startup Cost": 0.0, "Total Cost": 14585.71, "Plan Rows": 575746, "Plan Width": 0, "Index Cond": "((o_orderdate >= '1993-08-01 00:00:00'::timestamp(0) without time zone) AND (o_orderdate < '1993-11-01 00:00:00'::timestamp without time zone))"}]}, {"Node Type": "Bitmap Heap Scan", "Parent Relationship": "Inner", "Relation Name": "customer", "Alias": "customer", "Startup Cost": 0.29, "Total Cost": 4.31, "Plan Rows": 1, "Plan Width": 153, "Recheck Cond": "(c_custkey = orders.o_custkey)", "Plans": [{"Node Type": "Bitmap Index Scan", "Parent Relationship": "Outer", "Index Name": "customer_pkey", "Startup Cost": 0.0, "Total Cost": 0.29, "Plan Rows": 1, "Plan Width": 0, "Index Cond": "(c_custkey = orders.o_custkey)"}]}]}, {"Node Type": "Bitmap Heap Scan", "Parent Relationship": "Inner", "Relation Name": "nation", "Alias": "nation", "Startup Cost": 0.26, "Total Cost": 4.27, "Plan Rows": 1, "Plan Width": 30, "Recheck Cond": "(n_nationkey = customer.c_nationkey)", "Plans": [{"Node Type": "Bitmap Index Scan", "Parent Relationship": "Outer", "Index Name": "nation_pkey", "Startup Cost": 0.0, "Total Cost": 0.26, "Plan Rows": 1, "Plan Width": 0, "Index Cond": "(n_nationkey = customer.c_nationkey)"}]}]}, {"Node Type": "Bitmap Heap Scan", "Parent Relationship": "Inner", "Relation Name": "lineitem", "Alias": "lineitem", "Startup Cost": 1.93, "Total Cost": 14.05, "Plan Rows": 3, "Plan Width": 24, "Recheck Cond": "(l_orderkey = orders.o_orderkey)", "Filter": "(l_returnflag = 'R'::bpchar)", "Plans": [{"Node Type": "Bitmap Index Scan", "Parent Relationship": "Outer", "Index Name": "idx_lineitem_orderkey", "Startup Cost": 0.0, "Total Cost": 1.92, "Plan Rows": 9, "Plan Width": 0, "Index Cond": "(l_orderkey = orders.o_orderkey)"}]}]}]}]}]}, "Unique SQL Id": 1604070524, "Planner Runtime": 0}, "explain_analyze_plan": {"Plan": {"Node Type": "Limit", "Startup Cost": 13443415.76, "Total Cost": 13443415.81, "Plan Rows": 20, "Plan Width": 191, "Actual Startup Time": 17197.212, "Actual Total Time": 17197.217, "Actual Rows": 20, "Actual Loops": 1, "Plans": [{"Node Type": "Sort", "Parent Relationship": "Outer", "Startup Cost": 13443415.76, "Total Cost": 13447030.51, "Plan Rows": 20, "Plan Width": 191, "Actual Startup Time": 17197.208, "Actual Total Time": 17197.21, "Actual Rows": 20, "Actual Loops": 1, "Sort Key": ["(sum((lineitem.l_extendedprice * (1::double precision - lineitem.l_discount)))) DESC"], "Sort Method": "top-N heapsort", "Sort Space Used": 35, "Sort Space Type": "Memory", "Plans": [{"Node Type": "Aggregate", "Strategy": "Hashed", "Parent Relationship": "Outer", "Startup Cost": 13390481.96, "Total Cost": 13404940.94, "Plan Rows": 1445898, "Plan Width": 191, "Actual Startup Time": 16740.682, "Actual Total Time": 17059.666, "Actual Rows": 381542, "Actual Loops": 1, "Group By Key": ["customer.c_custkey", "customer.c_name", "customer.c_acctbal", "customer.c_phone", "nation.n_name", "customer.c_address", "customer.c_comment"], "Plans": [{"Node Type": "Nested Loop", "Parent Relationship": "Outer", "Join Type": "Inner", "Startup Cost": 14732.12, "Total Cost": 13354334.51, "Plan Rows": 1445898, "Plan Width": 191, "Actual Startup Time": 238.524, "Actual Total Time": 14766.149, "Actual Rows": 1145969, "Actual Loops": 1, "Inner Unique": false, "Plans": [{"Node Type": "Nested Loop", "Parent Relationship": "Outer", "Join Type": "Inner", "Startup Cost": 14730.2, "Total Cost": 5249597.54, "Plan Rows": 575746, "Plan Width": 183, "Actual Startup Time": 238.474, "Actual Total Time": 8454.028, "Actual Rows": 573635, "Actual Loops": 1, "Inner Unique": true, "Plans": [{"Node Type": "Nested Loop", "Parent Relationship": "Outer", "Join Type": "Inner", "Startup Cost": 14729.94, "Total Cost": 2785257.65, "Plan Rows": 575746, "Plan Width": 161, "Actual Startup Time": 238.424, "Actual Total Time": 6266.051, "Actual Rows": 573635, "Actual Loops": 1, "Inner Unique": true, "Plans": [{"Node Type": "Bitmap Heap Scan", "Parent Relationship": "Outer", "Relation Name": "orders", "Alias": "orders", "Startup Cost": 14729.65, "Total Cost": 299784.84, "Plan Rows": 575746, "Plan Width": 16, "Actual Startup Time": 238.197, "Actual Total Time": 1069.489, "Actual Rows": 573635, "Actual Loops": 1, "Recheck Cond": "((o_orderdate >= '1993-08-01 00:00:00'::timestamp(0) without time zone) AND (o_orderdate < '1993-11-01 00:00:00'::timestamp without time zone)), (LLVM Optimized, Jit Execute)", "Rows Removed by Index Recheck": 0, "Exact Heap Blocks": 242860, "Lossy Heap Blocks": 242860, "Plans": [{"Node Type": "Bitmap Index Scan", "Parent Relationship": "Outer", "Index Name": "idx_orders_orderdate", "Startup Cost": 0.0, "Total Cost": 14585.71, "Plan Rows": 575746, "Plan Width": 0, "Actual Startup Time": 163.236, "Actual Total Time": 163.236, "Actual Rows": 573635, "Actual Loops": 1, "Index Cond": "((o_orderdate >= '1993-08-01 00:00:00'::timestamp(0) without time zone) AND (o_orderdate < '1993-11-01 00:00:00'::timestamp without time zone))"}]}, {"Node Type": "Bitmap Heap Scan", "Parent Relationship": "Inner", "Relation Name": "customer", "Alias": "customer", "Startup Cost": 0.29, "Total Cost": 4.31, "Plan Rows": 1, "Plan Width": 153, "Actual Startup Time": 4318.454, "Actual Total Time": 4318.454, "Actual Rows": 573635, "Actual Loops": 573635, "Recheck Cond": "(c_custkey = orders.o_custkey)", "Rows Removed by Index Recheck": 0, "Exact Heap Blocks": 573635, "Lossy Heap Blocks": 573635, "Plans": [{"Node Type": "Bitmap Index Scan", "Parent Relationship": "Outer", "Index Name": "customer_pkey", "Startup Cost": 0.0, "Total Cost": 0.29, "Plan Rows": 1, "Plan Width": 0, "Actual Startup Time": 2664.814, "Actual Total Time": 2664.814, "Actual Rows": 573635, "Actual Loops": 573635, "Index Cond": "(c_custkey = orders.o_custkey)"}]}]}, {"Node Type": "Bitmap Heap Scan", "Parent Relationship": "Inner", "Relation Name": "nation", "Alias": "nation", "Startup Cost": 0.26, "Total Cost": 4.27, "Plan Rows": 1, "Plan Width": 30, "Actual Startup Time": 1395.278, "Actual Total Time": 1395.278, "Actual Rows": 573635, "Actual Loops": 573635, "Recheck Cond": "(n_nationkey = customer.c_nationkey)", "Rows Removed by Index Recheck": 0, "Exact Heap Blocks": 573635, "Lossy Heap Blocks": 573635, "Plans": [{"Node Type": "Bitmap Index Scan", "Parent Relationship": "Outer", "Index Name": "nation_pkey", "Startup Cost": 0.0, "Total Cost": 0.26, "Plan Rows": 1, "Plan Width": 0, "Actual Startup Time": 608.282, "Actual Total Time": 608.282, "Actual Rows": 573635, "Actual Loops": 573635, "Index Cond": "(n_nationkey = customer.c_nationkey)"}]}]}, {"Node Type": "Bitmap Heap Scan", "Parent Relationship": "Inner", "Relation Name": "lineitem", "Alias": "lineitem", "Startup Cost": 1.93, "Total Cost": 14.05, "Plan Rows": 3, "Plan Width": 24, "Actual Startup Time": 4824.259, "Actual Total Time": 5354.044, "Actual Rows": 1145969, "Actual Loops": 573635, "Recheck Cond": "(l_orderkey = orders.o_orderkey)", "Rows Removed by Index Recheck": 0, "Filter": "(l_returnflag = 'R'::bpchar)", "Rows Removed by Filter": 1146896, "Exact Heap Blocks": 614400, "Lossy Heap Blocks": 614400, "Plans": [{"Node Type": "Bitmap Index Scan", "Parent Relationship": "Outer", "Index Name": "idx_lineitem_orderkey", "Startup Cost": 0.0, "Total Cost": 1.92, "Plan Rows": 9, "Plan Width": 0, "Actual Startup Time": 2480.858, "Actual Total Time": 2480.858, "Actual Rows": 2292865, "Actual Loops": 573635, "Index Cond": "(l_orderkey = orders.o_orderkey)"}]}]}]}]}]}, "Triggers": [], "Planner Runtime": 0, "Total Runtime": 17207.36, "Unique SQL Id": 1604070524}}, "(1, 40)": {"explain_plan": {"Plan": {"Node Type": "Limit", "Startup Cost": 2943502.95, "Total Cost": 2943503.0, "Plan Rows": 20, "Plan Width": 191, "Plans": [{"Node Type": "Sort", "Parent Relationship": "Outer", "Startup Cost": 2943502.95, "Total Cost": 2947117.69, "Plan Rows": 20, "Plan Width": 191, "Sort Key": ["(sum((lineitem.l_extendedprice * (1::double precision - lineitem.l_discount)))) DESC"], "Plans": [{"Node Type": "Aggregate", "Strategy": "Hashed", "Parent Relationship": "Outer", "Startup Cost": 2890569.14, "Total Cost": 2905028.12, "Plan Rows": 1445898, "Plan Width": 191, "Group By Key": ["customer.c_custkey", "customer.c_name", "customer.c_acctbal", "customer.c_phone", "nation.n_name", "customer.c_address", "customer.c_comment"], "Plans": [{"Node Type": "Hash Join", "Parent Relationship": "Outer", "Join Type": "Inner", "Startup Cost": 579485.57, "Total Cost": 2854421.69, "Plan Rows": 1445898, "Plan Width": 191, "Inner Unique": true, "Hash Cond": "(customer.c_nationkey = nation.n_nationkey), (LLVM Optimized)", "Plans": [{"Node Type": "Hash Join", "Parent Relationship": "Outer", "Join Type": "Inner", "Startup Cost": 579484.01, "Total Cost": 2834539.03, "Plan Rows": 1445898, "Plan Width": 169, "Inner Unique": true, "Hash Cond": "(orders.o_custkey = customer.c_custkey), (LLVM Optimized)", "Plans": [{"Node Type": "Hash Join", "Parent Relationship": "Outer", "Join Type": "Inner", "Startup Cost": 508608.01, "Total Cost": 2743781.94, "Plan Rows": 1445898, "Plan Width": 24, "Inner Unique": true, "Hash Cond": "(lineitem.l_orderkey = orders.o_orderkey), (LLVM Optimized)", "Plans": [{"Node Type": "Seq Scan", "Parent Relationship": "Outer", "Relation Name": "lineitem", "Alias": "lineitem", "Startup Cost": 0.0, "Total Cost": 2165082.91, "Plan Rows": 14835209, "Plan Width": 24, "Filter": "(l_returnflag = 'R'::bpchar), (LLVM Optimized)"}, {"Node Type": "Hash", "Parent Relationship": "Inner", "Startup Cost": 501411.18, "Total Cost": 501411.18, "Plan Rows": 575746, "Plan Width": 16, "Plans": [{"Node Type": "Seq Scan", "Parent Relationship": "Outer", "Relation Name": "orders", "Alias": "orders", "Startup Cost": 578.97, "Total Cost": 501411.18, "Plan Rows": 575746, "Plan Width": 16, "Filter": "((o_orderdate >= '1993-08-01 00:00:00'::timestamp(0) without time zone) AND (o_orderdate < '1993-11-01 00:00:00'::timestamp without time zone)), (LLVM Optimized)"}]}]}, {"Node Type": "Hash", "Parent Relationship": "Inner", "Startup Cost": 52126.0, "Total Cost": 52126.0, "Plan Rows": 1500000, "Plan Width": 153, "Plans": [{"Node Type": "Seq Scan", "Parent Relationship": "Outer", "Relation Name": "customer", "Alias": "customer", "Startup Cost": 0.0, "Total Cost": 52126.0, "Plan Rows": 1500000, "Plan Width": 153}]}]}, {"Node Type": "Hash", "Parent Relationship": "Inner", "Startup Cost": 1.25, "Total Cost": 1.25, "Plan Rows": 25, "Plan Width": 30, "Plans": [{"Node Type": "Seq Scan", "Parent Relationship": "Outer", "Relation Name": "nation", "Alias": "nation", "Startup Cost": 0.0, "Total Cost": 1.25, "Plan Rows": 25, "Plan Width": 30}]}]}]}]}]}, "Unique SQL Id": 1604070524, "Planner Runtime": 0}, "explain_analyze_plan": {"Plan": {"Node Type": "Limit", "Startup Cost": 2943502.95, "Total Cost": 2943503.0, "Plan Rows": 20, "Plan Width": 191, "Actual Startup Time": 37507.07, "Actual Total Time": 37507.078, "Actual Rows": 20, "Actual Loops": 1, "Plans": [{"Node Type": "Sort", "Parent Relationship": "Outer", "Startup Cost": 2943502.95, "Total Cost": 2947117.69, "Plan Rows": 20, "Plan Width": 191, "Actual Startup Time": 37507.067, "Actual Total Time": 37507.072, "Actual Rows": 20, "Actual Loops": 1, "Sort Key": ["(sum((lineitem.l_extendedprice * (1::double precision - lineitem.l_discount)))) DESC"], "Sort Method": "top-N heapsort", "Sort Space Used": 35, "Sort Space Type": "Memory", "Plans": [{"Node Type": "Aggregate", "Strategy": "Hashed", "Parent Relationship": "Outer", "Startup Cost": 2890569.14, "Total Cost": 2905028.12, "Plan Rows": 1445898, "Plan Width": 191, "Actual Startup Time": 37011.07, "Actual Total Time": 37368.13, "Actual Rows": 381542, "Actual Loops": 1, "Group By Key": ["customer.c_custkey", "customer.c_name", "customer.c_acctbal", "customer.c_phone", "nation.n_name", "customer.c_address", "customer.c_comment"], "Plans": [{"Node Type": "Hash Join", "Parent Relationship": "Outer", "Join Type": "Inner", "Startup Cost": 579485.57, "Total Cost": 2854421.69, "Plan Rows": 1445898, "Plan Width": 191, "Actual Startup Time": 6752.103, "Actual Total Time": 35154.298, "Actual Rows": 1145969, "Actual Loops": 1, "Inner Unique": true, "Hash Cond": "(customer.c_nationkey = nation.n_nationkey), (LLVM Optimized, Jit Execute)", "Plans": [{"Node Type": "Hash Join", "Parent Relationship": "Outer", "Join Type": "Inner", "Startup Cost": 579484.01, "Total Cost": 2834539.03, "Plan Rows": 1445898, "Plan Width": 169, "Actual Startup Time": 6752.0, "Actual Total Time": 34685.986, "Actual Rows": 1145969, "Actual Loops": 1, "Inner Unique": true, "Hash Cond": "(orders.o_custkey = customer.c_custkey), (LLVM Optimized, Jit Execute)", "Plans": [{"Node Type": "Hash Join", "Parent Relationship": "Outer", "Join Type": "Inner", "Startup Cost": 508608.01, "Total Cost": 2743781.94, "Plan Rows": 1445898, "Plan Width": 24, "Actual Startup Time": 5507.657, "Actual Total Time": 32610.074, "Actual Rows": 1145969, "Actual Loops": 1, "Inner Unique": true, "Hash Cond": "(lineitem.l_orderkey = orders.o_orderkey), (LLVM Optimized, Jit Execute)", "Plans": [{"Node Type": "Seq Scan", "Parent Relationship": "Outer", "Relation Name": "lineitem", "Alias": "lineitem", "Startup Cost": 0.0, "Total Cost": 2165082.91, "Plan Rows": 14835209, "Plan Width": 24, "Actual Startup Time": 0.018, "Actual Total Time": 22339.025, "Actual Rows": 14808183, "Actual Loops": 1, "Filter": "(l_returnflag = 'R'::bpchar), (LLVM Optimized, Jit Execute)", "Rows Removed by Filter": 45177869}, {"Node Type": "Hash", "Parent Relationship": "Inner", "Startup Cost": 501411.18, "Total Cost": 501411.18, "Plan Rows": 575746, "Plan Width": 16, "Actual Startup Time": 5506.946, "Actual Total Time": 5506.946, "Actual Rows": 573635, "Actual Loops": 1, "Hash Buckets": 1048576, "Hash Batches": 1, "Original Hash Batches": 1, "Peak Memory Usage": 26890, "Plans": [{"Node Type": "Seq Scan", "Parent Relationship": "Outer", "Relation Name": "orders", "Alias": "orders", "Startup Cost": 578.97, "Total Cost": 501411.18, "Plan Rows": 575746, "Plan Width": 16, "Actual Startup Time": 0.026, "Actual Total Time": 5235.253, "Actual Rows": 573635, "Actual Loops": 1, "Filter": "((o_orderdate >= '1993-08-01 00:00:00'::timestamp(0) without time zone) AND (o_orderdate < '1993-11-01 00:00:00'::timestamp without time zone)), (LLVM Optimized, Jit Execute)", "Rows Removed by Filter": 14426365}]}]}, {"Node Type": "Hash", "Parent Relationship": "Inner", "Startup Cost": 52126.0, "Total Cost": 52126.0, "Plan Rows": 1500000, "Plan Width": 153, "Actual Startup Time": 1243.058, "Actual Total Time": 1243.058, "Actual Rows": 1500000, "Actual Loops": 1, "Hash Buckets": 2097152, "Hash Batches": 1, "Original Hash Batches": 1, "Peak Memory Usage": 282695, "Plans": [{"Node Type": "Seq Scan", "Parent Relationship": "Outer", "Relation Name": "customer", "Alias": "customer", "Startup Cost": 0.0, "Total Cost": 52126.0, "Plan Rows": 1500000, "Plan Width": 153, "Actual Startup Time": 0.021, "Actual Total Time": 589.55, "Actual Rows": 1500000, "Actual Loops": 1}]}]}, {"Node Type": "Hash", "Parent Relationship": "Inner", "Startup Cost": 1.25, "Total Cost": 1.25, "Plan Rows": 25, "Plan Width": 30, "Actual Startup Time": 0.054, "Actual Total Time": 0.054, "Actual Rows": 25, "Actual Loops": 1, "Hash Buckets": 32768, "Hash Batches": 1, "Original Hash Batches": 1, "Peak Memory Usage": 2, "Plans": [{"Node Type": "Seq Scan", "Parent Relationship": "Outer", "Relation Name": "nation", "Alias": "nation", "Startup Cost": 0.0, "Total Cost": 1.25, "Plan Rows": 25, "Plan Width": 30, "Actual Startup Time": 0.025, "Actual Total Time": 0.031, "Actual Rows": 25, "Actual Loops": 1}]}]}]}]}]}, "Triggers": [], "Planner Runtime": 0, "Total Runtime": 37517.838, "Unique SQL Id": 1604070524}}, "(1, 41)": {"explain_plan": {"Plan": {"Node Type": "Limit", "Startup Cost": 4127035.84, "Total Cost": 4127035.89, "Plan Rows": 20, "Plan Width": 191, "Plans": [{"Node Type": "Sort", "Parent Relationship": "Outer", "Startup Cost": 4127035.84, "Total Cost": 4130650.58, "Plan Rows": 20, "Plan Width": 191, "Sort Key": ["(sum((lineitem.l_extendedprice * (1::double precision - lineitem.l_discount)))) DESC"], "Plans": [{"Node Type": "Aggregate", "Strategy": "Hashed", "Parent Relationship": "Outer", "Startup Cost": 4074102.03, "Total Cost": 4088561.01, "Plan Rows": 1445898, "Plan Width": 191, "Group By Key": ["customer.c_custkey", "customer.c_name", "customer.c_acctbal", "customer.c_phone", "nation.n_name", "customer.c_address", "customer.c_comment"], "Plans": [{"Node Type": "Nested Loop", "Parent Relationship": "Outer", "Join Type": "Inner", "Startup Cost": 99528.29, "Total Cost": 4037954.58, "Plan Rows": 1445898, "Plan Width": 191, "Inner Unique": false, "Plans": [{"Node Type": "Hash Join", "Parent Relationship": "Outer", "Join Type": "Inner", "Startup Cost": 99528.29, "Total Cost": 921337.14, "Plan Rows": 575746, "Plan Width": 183, "Inner Unique": true, "Hash Cond": "(customer.c_nationkey = nation.n_nationkey), (LLVM Optimized)", "Plans": [{"Node Type": "Hash Join", "Parent Relationship": "Outer", "Join Type": "Inner", "Startup Cost": 99515.36, "Total Cost": 913407.69, "Plan Rows": 575746, "Plan Width": 161, "Inner Unique": true, "Hash Cond": "(orders.o_custkey = customer.c_custkey), (LLVM Optimized)", "Plans": [{"Node Type": "Index Scan", "Parent Relationship": "Outer", "Scan Direction": "Forward", "Index Name": "orders_pkey", "Relation Name": "orders", "Alias": "orders", "Startup Cost": 0.0, "Total Cost": 805975.83, "Plan Rows": 575746, "Plan Width": 16, "Filter": "((o_orderdate >= '1993-08-01 00:00:00'::timestamp(0) without time zone) AND (o_orderdate < '1993-11-01 00:00:00'::timestamp without time zone)), (LLVM Optimized)"}, {"Node Type": "Hash", "Parent Relationship": "Inner", "Startup Cost": 80765.36, "Total Cost": 80765.36, "Plan Rows": 1500000, "Plan Width": 153, "Plans": [{"Node Type": "Index Scan", "Parent Relationship": "Outer", "Scan Direction": "Forward", "Index Name": "customer_pkey", "Relation Name": "customer", "Alias": "customer", "Startup Cost": 0.0, "Total Cost": 80765.36, "Plan Rows": 1500000, "Plan Width": 153}]}]}, {"Node Type": "Hash", "Parent Relationship": "Inner", "Startup Cost": 12.62, "Total Cost": 12.62, "Plan Rows": 25, "Plan Width": 30, "Plans": [{"Node Type": "Index Scan", "Parent Relationship": "Outer", "Scan Direction": "Forward", "Index Name": "nation_pkey", "Relation Name": "nation", "Alias": "nation", "Startup Cost": 0.0, "Total Cost": 12.62, "Plan Rows": 25, "Plan Width": 30}]}]}, {"Node Type": "Index Scan", "Parent Relationship": "Inner", "Scan Direction": "Forward", "Index Name": "idx_lineitem_orderkey", "Relation Name": "lineitem", "Alias": "lineitem", "Startup Cost": 0.0, "Total Cost": 5.38, "Plan Rows": 3, "Plan Width": 24, "Index Cond": "(l_orderkey = orders.o_orderkey)", "Filter": "(l_returnflag = 'R'::bpchar)"}]}]}]}]}, "Unique SQL Id": 1604070524, "Planner Runtime": 0}, "explain_analyze_plan": {"Plan": {"Node Type": "Limit", "Startup Cost": 4127035.84, "Total Cost": 4127035.89, "Plan Rows": 20, "Plan Width": 191, "Actual Startup Time": 21936.277, "Actual Total Time": 21936.283, "Actual Rows": 20, "Actual Loops": 1, "Plans": [{"Node Type": "Sort", "Parent Relationship": "Outer", "Startup Cost": 4127035.84, "Total Cost": 4130650.58, "Plan Rows": 20, "Plan Width": 191, "Actual Startup Time": 21936.274, "Actual Total Time": 21936.279, "Actual Rows": 20, "Actual Loops": 1, "Sort Key": ["(sum((lineitem.l_extendedprice * (1::double precision - lineitem.l_discount)))) DESC"], "Sort Method": "top-N heapsort", "Sort Space Used": 35, "Sort Space Type": "Memory", "Plans": [{"Node Type": "Aggregate", "Strategy": "Hashed", "Parent Relationship": "Outer", "Startup Cost": 4074102.03, "Total Cost": 4088561.01, "Plan Rows": 1445898, "Plan Width": 191, "Actual Startup Time": 21602.846, "Actual Total Time": 21802.074, "Actual Rows": 381542, "Actual Loops": 1, "Group By Key": ["customer.c_custkey", "customer.c_name", "customer.c_acctbal", "customer.c_phone", "nation.n_name", "customer.c_address", "customer.c_comment"], "Plans": [{"Node Type": "Nested Loop", "Parent Relationship": "Outer", "Join Type": "Inner", "Startup Cost": 99528.29, "Total Cost": 4037954.58, "Plan Rows": 1445898, "Plan Width": 191, "Actual Startup Time": 2126.954, "Actual Total Time": 19667.735, "Actual Rows": 1145969, "Actual Loops": 1, "Inner Unique": false, "Plans": [{"Node Type": "Hash Join", "Parent Relationship": "Outer", "Join Type": "Inner", "Startup Cost": 99528.29, "Total Cost": 921337.14, "Plan Rows": 575746, "Plan Width": 183, "Actual Startup Time": 2126.802, "Actual Total Time": 13808.845, "Actual Rows": 573635, "Actual Loops": 1, "Inner Unique": true, "Hash Cond": "(customer.c_nationkey = nation.n_nationkey), (LLVM Optimized, Jit Execute)", "Plans": [{"Node Type": "Hash Join", "Parent Relationship": "Outer", "Join Type": "Inner", "Startup Cost": 99515.36, "Total Cost": 913407.69, "Plan Rows": 575746, "Plan Width": 161, "Actual Startup Time": 2126.692, "Actual Total Time": 13557.509, "Actual Rows": 573635, "Actual Loops": 1, "Inner Unique": true, "Hash Cond": "(orders.o_custkey = customer.c_custkey), (LLVM Optimized, Jit Execute)", "Plans": [{"Node Type": "Index Scan", "Parent Relationship": "Outer", "Scan Direction": "Forward", "Index Name": "orders_pkey", "Relation Name": "orders", "Alias": "orders", "Startup Cost": 0.0, "Total Cost": 805975.83, "Plan Rows": 575746, "Plan Width": 16, "Actual Startup Time": 0.031, "Actual Total Time": 10741.931, "Actual Rows": 573635, "Actual Loops": 1, "Filter": "((o_orderdate >= '1993-08-01 00:00:00'::timestamp(0) without time zone) AND (o_orderdate < '1993-11-01 00:00:00'::timestamp without time zone)), (LLVM Optimized, Jit Execute)", "Rows Removed by Filter": 14426365}, {"Node Type": "Hash", "Parent Relationship": "Inner", "Startup Cost": 80765.36, "Total Cost": 80765.36, "Plan Rows": 1500000, "Plan Width": 153, "Actual Startup Time": 2124.217, "Actual Total Time": 2124.217, "Actual Rows": 1500000, "Actual Loops": 1, "Hash Buckets": 2097152, "Hash Batches": 1, "Original Hash Batches": 1, "Peak Memory Usage": 282695, "Plans": [{"Node Type": "Index Scan", "Parent Relationship": "Outer", "Scan Direction": "Forward", "Index Name": "customer_pkey", "Relation Name": "customer", "Alias": "customer", "Startup Cost": 0.0, "Total Cost": 80765.36, "Plan Rows": 1500000, "Plan Width": 153, "Actual Startup Time": 0.022, "Actual Total Time": 1241.581, "Actual Rows": 1500000, "Actual Loops": 1}]}]}, {"Node Type": "Hash", "Parent Relationship": "Inner", "Startup Cost": 12.62, "Total Cost": 12.62, "Plan Rows": 25, "Plan Width": 30, "Actual Startup Time": 0.046, "Actual Total Time": 0.046, "Actual Rows": 25, "Actual Loops": 1, "Hash Buckets": 32768, "Hash Batches": 1, "Original Hash Batches": 1, "Peak Memory Usage": 2, "Plans": [{"Node Type": "Index Scan", "Parent Relationship": "Outer", "Scan Direction": "Forward", "Index Name": "nation_pkey", "Relation Name": "nation", "Alias": "nation", "Startup Cost": 0.0, "Total Cost": 12.62, "Plan Rows": 25, "Plan Width": 30, "Actual Startup Time": 0.014, "Actual Total Time": 0.032, "Actual Rows": 25, "Actual Loops": 1}]}]}, {"Node Type": "Index Scan", "Parent Relationship": "Inner", "Scan Direction": "Forward", "Index Name": "idx_lineitem_orderkey", "Relation Name": "lineitem", "Alias": "lineitem", "Startup Cost": 0.0, "Total Cost": 5.38, "Plan Rows": 3, "Plan Width": 24, "Actual Startup Time": 3945.434, "Actual Total Time": 5206.896, "Actual Rows": 1145969, "Actual Loops": 573635, "Index Cond": "(l_orderkey = orders.o_orderkey)", "Rows Removed by Index Recheck": 0, "Filter": "(l_returnflag = 'R'::bpchar)", "Rows Removed by Filter": 1146896}]}]}]}]}, "Triggers": [], "Planner Runtime": 0, "Total Runtime": 21946.72, "Unique SQL Id": 1604070524}}, "(1, 42)": {"explain_plan": {"Plan": {"Node Type": "Limit", "Startup Cost": 2943502.95, "Total Cost": 2943503.0, "Plan Rows": 20, "Plan Width": 191, "Plans": [{"Node Type": "Sort", "Parent Relationship": "Outer", "Startup Cost": 2943502.95, "Total Cost": 2947117.69, "Plan Rows": 20, "Plan Width": 191, "Sort Key": ["(sum((lineitem.l_extendedprice * (1::double precision - lineitem.l_discount)))) DESC"], "Plans": [{"Node Type": "Aggregate", "Strategy": "Hashed", "Parent Relationship": "Outer", "Startup Cost": 2890569.14, "Total Cost": 2905028.12, "Plan Rows": 1445898, "Plan Width": 191, "Group By Key": ["customer.c_custkey", "customer.c_name", "customer.c_acctbal", "customer.c_phone", "nation.n_name", "customer.c_address", "customer.c_comment"], "Plans": [{"Node Type": "Hash Join", "Parent Relationship": "Outer", "Join Type": "Inner", "Startup Cost": 579485.57, "Total Cost": 2854421.69, "Plan Rows": 1445898, "Plan Width": 191, "Inner Unique": true, "Hash Cond": "(customer.c_nationkey = nation.n_nationkey), (LLVM Optimized)", "Plans": [{"Node Type": "Hash Join", "Parent Relationship": "Outer", "Join Type": "Inner", "Startup Cost": 579484.01, "Total Cost": 2834539.03, "Plan Rows": 1445898, "Plan Width": 169, "Inner Unique": true, "Hash Cond": "(orders.o_custkey = customer.c_custkey), (LLVM Optimized)", "Plans": [{"Node Type": "Hash Join", "Parent Relationship": "Outer", "Join Type": "Inner", "Startup Cost": 508608.01, "Total Cost": 2743781.94, "Plan Rows": 1445898, "Plan Width": 24, "Inner Unique": true, "Hash Cond": "(lineitem.l_orderkey = orders.o_orderkey), (LLVM Optimized)", "Plans": [{"Node Type": "Seq Scan", "Parent Relationship": "Outer", "Relation Name": "lineitem", "Alias": "lineitem", "Startup Cost": 0.0, "Total Cost": 2165082.91, "Plan Rows": 14835209, "Plan Width": 24, "Filter": "(l_returnflag = 'R'::bpchar), (LLVM Optimized)"}, {"Node Type": "Hash", "Parent Relationship": "Inner", "Startup Cost": 501411.18, "Total Cost": 501411.18, "Plan Rows": 575746, "Plan Width": 16, "Plans": [{"Node Type": "Seq Scan", "Parent Relationship": "Outer", "Relation Name": "orders", "Alias": "orders", "Startup Cost": 578.97, "Total Cost": 501411.18, "Plan Rows": 575746, "Plan Width": 16, "Filter": "((o_orderdate >= '1993-08-01 00:00:00'::timestamp(0) without time zone) AND (o_orderdate < '1993-11-01 00:00:00'::timestamp without time zone)), (LLVM Optimized)"}]}]}, {"Node Type": "Hash", "Parent Relationship": "Inner", "Startup Cost": 52126.0, "Total Cost": 52126.0, "Plan Rows": 1500000, "Plan Width": 153, "Plans": [{"Node Type": "Seq Scan", "Parent Relationship": "Outer", "Relation Name": "customer", "Alias": "customer", "Startup Cost": 0.0, "Total Cost": 52126.0, "Plan Rows": 1500000, "Plan Width": 153}]}]}, {"Node Type": "Hash", "Parent Relationship": "Inner", "Startup Cost": 1.25, "Total Cost": 1.25, "Plan Rows": 25, "Plan Width": 30, "Plans": [{"Node Type": "Seq Scan", "Parent Relationship": "Outer", "Relation Name": "nation", "Alias": "nation", "Startup Cost": 0.0, "Total Cost": 1.25, "Plan Rows": 25, "Plan Width": 30}]}]}]}]}]}, "Unique SQL Id": 1604070524, "Planner Runtime": 0}, "explain_analyze_plan": {"Plan": {"Node Type": "Limit", "Startup Cost": 2943502.95, "Total Cost": 2943503.0, "Plan Rows": 20, "Plan Width": 191, "Actual Startup Time": 37507.07, "Actual Total Time": 37507.078, "Actual Rows": 20, "Actual Loops": 1, "Plans": [{"Node Type": "Sort", "Parent Relationship": "Outer", "Startup Cost": 2943502.95, "Total Cost": 2947117.69, "Plan Rows": 20, "Plan Width": 191, "Actual Startup Time": 37507.067, "Actual Total Time": 37507.072, "Actual Rows": 20, "Actual Loops": 1, "Sort Key": ["(sum((lineitem.l_extendedprice * (1::double precision - lineitem.l_discount)))) DESC"], "Sort Method": "top-N heapsort", "Sort Space Used": 35, "Sort Space Type": "Memory", "Plans": [{"Node Type": "Aggregate", "Strategy": "Hashed", "Parent Relationship": "Outer", "Startup Cost": 2890569.14, "Total Cost": 2905028.12, "Plan Rows": 1445898, "Plan Width": 191, "Actual Startup Time": 37011.07, "Actual Total Time": 37368.13, "Actual Rows": 381542, "Actual Loops": 1, "Group By Key": ["customer.c_custkey", "customer.c_name", "customer.c_acctbal", "customer.c_phone", "nation.n_name", "customer.c_address", "customer.c_comment"], "Plans": [{"Node Type": "Hash Join", "Parent Relationship": "Outer", "Join Type": "Inner", "Startup Cost": 579485.57, "Total Cost": 2854421.69, "Plan Rows": 1445898, "Plan Width": 191, "Actual Startup Time": 6752.103, "Actual Total Time": 35154.298, "Actual Rows": 1145969, "Actual Loops": 1, "Inner Unique": true, "Hash Cond": "(customer.c_nationkey = nation.n_nationkey), (LLVM Optimized, Jit Execute)", "Plans": [{"Node Type": "Hash Join", "Parent Relationship": "Outer", "Join Type": "Inner", "Startup Cost": 579484.01, "Total Cost": 2834539.03, "Plan Rows": 1445898, "Plan Width": 169, "Actual Startup Time": 6752.0, "Actual Total Time": 34685.986, "Actual Rows": 1145969, "Actual Loops": 1, "Inner Unique": true, "Hash Cond": "(orders.o_custkey = customer.c_custkey), (LLVM Optimized, Jit Execute)", "Plans": [{"Node Type": "Hash Join", "Parent Relationship": "Outer", "Join Type": "Inner", "Startup Cost": 508608.01, "Total Cost": 2743781.94, "Plan Rows": 1445898, "Plan Width": 24, "Actual Startup Time": 5507.657, "Actual Total Time": 32610.074, "Actual Rows": 1145969, "Actual Loops": 1, "Inner Unique": true, "Hash Cond": "(lineitem.l_orderkey = orders.o_orderkey), (LLVM Optimized, Jit Execute)", "Plans": [{"Node Type": "Seq Scan", "Parent Relationship": "Outer", "Relation Name": "lineitem", "Alias": "lineitem", "Startup Cost": 0.0, "Total Cost": 2165082.91, "Plan Rows": 14835209, "Plan Width": 24, "Actual Startup Time": 0.018, "Actual Total Time": 22339.025, "Actual Rows": 14808183, "Actual Loops": 1, "Filter": "(l_returnflag = 'R'::bpchar), (LLVM Optimized, Jit Execute)", "Rows Removed by Filter": 45177869}, {"Node Type": "Hash", "Parent Relationship": "Inner", "Startup Cost": 501411.18, "Total Cost": 501411.18, "Plan Rows": 575746, "Plan Width": 16, "Actual Startup Time": 5506.946, "Actual Total Time": 5506.946, "Actual Rows": 573635, "Actual Loops": 1, "Hash Buckets": 1048576, "Hash Batches": 1, "Original Hash Batches": 1, "Peak Memory Usage": 26890, "Plans": [{"Node Type": "Seq Scan", "Parent Relationship": "Outer", "Relation Name": "orders", "Alias": "orders", "Startup Cost": 578.97, "Total Cost": 501411.18, "Plan Rows": 575746, "Plan Width": 16, "Actual Startup Time": 0.026, "Actual Total Time": 5235.253, "Actual Rows": 573635, "Actual Loops": 1, "Filter": "((o_orderdate >= '1993-08-01 00:00:00'::timestamp(0) without time zone) AND (o_orderdate < '1993-11-01 00:00:00'::timestamp without time zone)), (LLVM Optimized, Jit Execute)", "Rows Removed by Filter": 14426365}]}]}, {"Node Type": "Hash", "Parent Relationship": "Inner", "Startup Cost": 52126.0, "Total Cost": 52126.0, "Plan Rows": 1500000, "Plan Width": 153, "Actual Startup Time": 1243.058, "Actual Total Time": 1243.058, "Actual Rows": 1500000, "Actual Loops": 1, "Hash Buckets": 2097152, "Hash Batches": 1, "Original Hash Batches": 1, "Peak Memory Usage": 282695, "Plans": [{"Node Type": "Seq Scan", "Parent Relationship": "Outer", "Relation Name": "customer", "Alias": "customer", "Startup Cost": 0.0, "Total Cost": 52126.0, "Plan Rows": 1500000, "Plan Width": 153, "Actual Startup Time": 0.021, "Actual Total Time": 589.55, "Actual Rows": 1500000, "Actual Loops": 1}]}]}, {"Node Type": "Hash", "Parent Relationship": "Inner", "Startup Cost": 1.25, "Total Cost": 1.25, "Plan Rows": 25, "Plan Width": 30, "Actual Startup Time": 0.054, "Actual Total Time": 0.054, "Actual Rows": 25, "Actual Loops": 1, "Hash Buckets": 32768, "Hash Batches": 1, "Original Hash Batches": 1, "Peak Memory Usage": 2, "Plans": [{"Node Type": "Seq Scan", "Parent Relationship": "Outer", "Relation Name": "nation", "Alias": "nation", "Startup Cost": 0.0, "Total Cost": 1.25, "Plan Rows": 25, "Plan Width": 30, "Actual Startup Time": 0.025, "Actual Total Time": 0.031, "Actual Rows": 25, "Actual Loops": 1}]}]}]}]}]}, "Triggers": [], "Planner Runtime": 0, "Total Runtime": 37517.838, "Unique SQL Id": 1604070524}}, "(1, 43)": {"explain_plan": {"Plan": {"Node Type": "Limit", "Startup Cost": 4032961124997.77, "Total Cost": 4032961124997.82, "Plan Rows": 20, "Plan Width": 191, "Plans": [{"Node Type": "Sort", "Parent Relationship": "Outer", "Startup Cost": 4032961124997.77, "Total Cost": 4032961128612.52, "Plan Rows": 20, "Plan Width": 191, "Sort Key": ["(sum((lineitem.l_extendedprice * (1::double precision - lineitem.l_discount)))) DESC"], "Plans": [{"Node Type": "Aggregate", "Strategy": "Hashed", "Parent Relationship": "Outer", "Startup Cost": 4032961072063.97, "Total Cost": 4032961086522.95, "Plan Rows": 1445898, "Plan Width": 191, "Group By Key": ["customer.c_custkey", "customer.c_name", "customer.c_acctbal", "customer.c_phone", "nation.n_name", "customer.c_address", "customer.c_comment"], "Plans": [{"Node Type": "Nested Loop", "Parent Relationship": "Outer", "Join Type": "Inner", "Startup Cost": 1030080604779.82, "Total Cost": 4032961035916.52, "Plan Rows": 1445898, "Plan Width": 191, "Inner Unique": false, "Join Filter": "(customer.c_custkey = orders.o_custkey), (LLVM Optimized)", "Plans": [{"Node Type": "Nested Loop", "Parent Relationship": "Outer", "Join Type": "Inner", "Startup Cost": 20000000000.0, "Total Cost": 2000008640298.18, "Plan Rows": 1500000, "Plan Width": 175, "Inner Unique": true, "Join Filter": "(customer.c_nationkey = nation.n_nationkey), (LLVM Optimized)", "Plans": [{"Node Type": "Index Scan", "Parent Relationship": "Outer", "Scan Direction": "Forward", "Index Name": "customer_pkey", "Relation Name": "customer", "Alias": "customer", "Startup Cost": 10000000000.0, "Total Cost": 1000008076535.62, "Plan Rows": 1500000, "Plan Width": 153}, {"Node Type": "Materialize", "Parent Relationship": "Inner", "Startup Cost": 10000000000.0, "Total Cost": 1000000001262.62, "Plan Rows": 25, "Plan Width": 30, "Plans": [{"Node Type": "Index Scan", "Parent Relationship": "Outer", "Scan Direction": "Forward", "Index Name": "nation_pkey", "Relation Name": "nation", "Alias": "nation", "Startup Cost": 10000000000.0, "Total Cost": 1000000001262.5, "Plan Rows": 25, "Plan Width": 30}]}]}, {"Node Type": "Materialize", "Parent Relationship": "Inner", "Startup Cost": 1010080604779.82, "Total Cost": 2000419694233.08, "Plan Rows": 1445898, "Plan Width": 24, "Plans": [{"Node Type": "Hash Join", "Parent Relationship": "Outer", "Join Type": "Inner", "Startup Cost": 1010080604779.82, "Total Cost": 2000419687003.59, "Plan Rows": 1445898, "Plan Width": 24, "Inner Unique": true, "Hash Cond": "(lineitem.l_orderkey = orders.o_orderkey), (LLVM Optimized)", "Plans": [{"Node Type": "Index Scan", "Parent Relationship": "Outer", "Scan Direction": "Forward", "Index Name": "idx_lineitem_orderkey", "Relation Name": "lineitem", "Alias": "lineitem", "Startup Cost": 10000000000.0, "Total Cost": 1000339012132.75, "Plan Rows": 14835209, "Plan Width": 24, "Filter": "(l_returnflag = 'R'::bpchar), (LLVM Optimized)"}, {"Node Type": "Hash", "Parent Relationship": "Inner", "Startup Cost": 1000080597583.0, "Total Cost": 1000080597583.0, "Plan Rows": 575746, "Plan Width": 16, "Plans": [{"Node Type": "Index Scan", "Parent Relationship": "Outer", "Scan Direction": "Forward", "Index Name": "orders_pkey", "Relation Name": "orders", "Alias": "orders", "Startup Cost": 10000000000.0, "Total Cost": 1000080597583.0, "Plan Rows": 575746, "Plan Width": 16, "Filter": "((o_orderdate >= '1993-08-01 00:00:00'::timestamp(0) without time zone) AND (o_orderdate < '1993-11-01 00:00:00'::timestamp without time zone)), (LLVM Optimized)"}]}]}]}]}]}]}]}, "Unique SQL Id": 1604070524, "Planner Runtime": 0}, "explain_analyze_plan": null}, "(1, 44)": {"explain_plan": {"Plan": {"Node Type": "Limit", "Startup Cost": 2943502.95, "Total Cost": 2943503.0, "Plan Rows": 20, "Plan Width": 191, "Plans": [{"Node Type": "Sort", "Parent Relationship": "Outer", "Startup Cost": 2943502.95, "Total Cost": 2947117.69, "Plan Rows": 20, "Plan Width": 191, "Sort Key": ["(sum((lineitem.l_extendedprice * (1::double precision - lineitem.l_discount)))) DESC"], "Plans": [{"Node Type": "Aggregate", "Strategy": "Hashed", "Parent Relationship": "Outer", "Startup Cost": 2890569.14, "Total Cost": 2905028.12, "Plan Rows": 1445898, "Plan Width": 191, "Group By Key": ["customer.c_custkey", "customer.c_name", "customer.c_acctbal", "customer.c_phone", "nation.n_name", "customer.c_address", "customer.c_comment"], "Plans": [{"Node Type": "Hash Join", "Parent Relationship": "Outer", "Join Type": "Inner", "Startup Cost": 579485.57, "Total Cost": 2854421.69, "Plan Rows": 1445898, "Plan Width": 191, "Inner Unique": true, "Hash Cond": "(customer.c_nationkey = nation.n_nationkey), (LLVM Optimized)", "Plans": [{"Node Type": "Hash Join", "Parent Relationship": "Outer", "Join Type": "Inner", "Startup Cost": 579484.01, "Total Cost": 2834539.03, "Plan Rows": 1445898, "Plan Width": 169, "Inner Unique": true, "Hash Cond": "(orders.o_custkey = customer.c_custkey), (LLVM Optimized)", "Plans": [{"Node Type": "Hash Join", "Parent Relationship": "Outer", "Join Type": "Inner", "Startup Cost": 508608.01, "Total Cost": 2743781.94, "Plan Rows": 1445898, "Plan Width": 24, "Inner Unique": true, "Hash Cond": "(lineitem.l_orderkey = orders.o_orderkey), (LLVM Optimized)", "Plans": [{"Node Type": "Seq Scan", "Parent Relationship": "Outer", "Relation Name": "lineitem", "Alias": "lineitem", "Startup Cost": 0.0, "Total Cost": 2165082.91, "Plan Rows": 14835209, "Plan Width": 24, "Filter": "(l_returnflag = 'R'::bpchar), (LLVM Optimized)"}, {"Node Type": "Hash", "Parent Relationship": "Inner", "Startup Cost": 501411.18, "Total Cost": 501411.18, "Plan Rows": 575746, "Plan Width": 16, "Plans": [{"Node Type": "Seq Scan", "Parent Relationship": "Outer", "Relation Name": "orders", "Alias": "orders", "Startup Cost": 578.97, "Total Cost": 501411.18, "Plan Rows": 575746, "Plan Width": 16, "Filter": "((o_orderdate >= '1993-08-01 00:00:00'::timestamp(0) without time zone) AND (o_orderdate < '1993-11-01 00:00:00'::timestamp without time zone)), (LLVM Optimized)"}]}]}, {"Node Type": "Hash", "Parent Relationship": "Inner", "Startup Cost": 52126.0, "Total Cost": 52126.0, "Plan Rows": 1500000, "Plan Width": 153, "Plans": [{"Node Type": "Seq Scan", "Parent Relationship": "Outer", "Relation Name": "customer", "Alias": "customer", "Startup Cost": 0.0, "Total Cost": 52126.0, "Plan Rows": 1500000, "Plan Width": 153}]}]}, {"Node Type": "Hash", "Parent Relationship": "Inner", "Startup Cost": 1.25, "Total Cost": 1.25, "Plan Rows": 25, "Plan Width": 30, "Plans": [{"Node Type": "Seq Scan", "Parent Relationship": "Outer", "Relation Name": "nation", "Alias": "nation", "Startup Cost": 0.0, "Total Cost": 1.25, "Plan Rows": 25, "Plan Width": 30}]}]}]}]}]}, "Unique SQL Id": 1604070524, "Planner Runtime": 1}, "explain_analyze_plan": {"Plan": {"Node Type": "Limit", "Startup Cost": 2943502.95, "Total Cost": 2943503.0, "Plan Rows": 20, "Plan Width": 191, "Actual Startup Time": 37507.07, "Actual Total Time": 37507.078, "Actual Rows": 20, "Actual Loops": 1, "Plans": [{"Node Type": "Sort", "Parent Relationship": "Outer", "Startup Cost": 2943502.95, "Total Cost": 2947117.69, "Plan Rows": 20, "Plan Width": 191, "Actual Startup Time": 37507.067, "Actual Total Time": 37507.072, "Actual Rows": 20, "Actual Loops": 1, "Sort Key": ["(sum((lineitem.l_extendedprice * (1::double precision - lineitem.l_discount)))) DESC"], "Sort Method": "top-N heapsort", "Sort Space Used": 35, "Sort Space Type": "Memory", "Plans": [{"Node Type": "Aggregate", "Strategy": "Hashed", "Parent Relationship": "Outer", "Startup Cost": 2890569.14, "Total Cost": 2905028.12, "Plan Rows": 1445898, "Plan Width": 191, "Actual Startup Time": 37011.07, "Actual Total Time": 37368.13, "Actual Rows": 381542, "Actual Loops": 1, "Group By Key": ["customer.c_custkey", "customer.c_name", "customer.c_acctbal", "customer.c_phone", "nation.n_name", "customer.c_address", "customer.c_comment"], "Plans": [{"Node Type": "Hash Join", "Parent Relationship": "Outer", "Join Type": "Inner", "Startup Cost": 579485.57, "Total Cost": 2854421.69, "Plan Rows": 1445898, "Plan Width": 191, "Actual Startup Time": 6752.103, "Actual Total Time": 35154.298, "Actual Rows": 1145969, "Actual Loops": 1, "Inner Unique": true, "Hash Cond": "(customer.c_nationkey = nation.n_nationkey), (LLVM Optimized, Jit Execute)", "Plans": [{"Node Type": "Hash Join", "Parent Relationship": "Outer", "Join Type": "Inner", "Startup Cost": 579484.01, "Total Cost": 2834539.03, "Plan Rows": 1445898, "Plan Width": 169, "Actual Startup Time": 6752.0, "Actual Total Time": 34685.986, "Actual Rows": 1145969, "Actual Loops": 1, "Inner Unique": true, "Hash Cond": "(orders.o_custkey = customer.c_custkey), (LLVM Optimized, Jit Execute)", "Plans": [{"Node Type": "Hash Join", "Parent Relationship": "Outer", "Join Type": "Inner", "Startup Cost": 508608.01, "Total Cost": 2743781.94, "Plan Rows": 1445898, "Plan Width": 24, "Actual Startup Time": 5507.657, "Actual Total Time": 32610.074, "Actual Rows": 1145969, "Actual Loops": 1, "Inner Unique": true, "Hash Cond": "(lineitem.l_orderkey = orders.o_orderkey), (LLVM Optimized, Jit Execute)", "Plans": [{"Node Type": "Seq Scan", "Parent Relationship": "Outer", "Relation Name": "lineitem", "Alias": "lineitem", "Startup Cost": 0.0, "Total Cost": 2165082.91, "Plan Rows": 14835209, "Plan Width": 24, "Actual Startup Time": 0.018, "Actual Total Time": 22339.025, "Actual Rows": 14808183, "Actual Loops": 1, "Filter": "(l_returnflag = 'R'::bpchar), (LLVM Optimized, Jit Execute)", "Rows Removed by Filter": 45177869}, {"Node Type": "Hash", "Parent Relationship": "Inner", "Startup Cost": 501411.18, "Total Cost": 501411.18, "Plan Rows": 575746, "Plan Width": 16, "Actual Startup Time": 5506.946, "Actual Total Time": 5506.946, "Actual Rows": 573635, "Actual Loops": 1, "Hash Buckets": 1048576, "Hash Batches": 1, "Original Hash Batches": 1, "Peak Memory Usage": 26890, "Plans": [{"Node Type": "Seq Scan", "Parent Relationship": "Outer", "Relation Name": "orders", "Alias": "orders", "Startup Cost": 578.97, "Total Cost": 501411.18, "Plan Rows": 575746, "Plan Width": 16, "Actual Startup Time": 0.026, "Actual Total Time": 5235.253, "Actual Rows": 573635, "Actual Loops": 1, "Filter": "((o_orderdate >= '1993-08-01 00:00:00'::timestamp(0) without time zone) AND (o_orderdate < '1993-11-01 00:00:00'::timestamp without time zone)), (LLVM Optimized, Jit Execute)", "Rows Removed by Filter": 14426365}]}]}, {"Node Type": "Hash", "Parent Relationship": "Inner", "Startup Cost": 52126.0, "Total Cost": 52126.0, "Plan Rows": 1500000, "Plan Width": 153, "Actual Startup Time": 1243.058, "Actual Total Time": 1243.058, "Actual Rows": 1500000, "Actual Loops": 1, "Hash Buckets": 2097152, "Hash Batches": 1, "Original Hash Batches": 1, "Peak Memory Usage": 282695, "Plans": [{"Node Type": "Seq Scan", "Parent Relationship": "Outer", "Relation Name": "customer", "Alias": "customer", "Startup Cost": 0.0, "Total Cost": 52126.0, "Plan Rows": 1500000, "Plan Width": 153, "Actual Startup Time": 0.021, "Actual Total Time": 589.55, "Actual Rows": 1500000, "Actual Loops": 1}]}]}, {"Node Type": "Hash", "Parent Relationship": "Inner", "Startup Cost": 1.25, "Total Cost": 1.25, "Plan Rows": 25, "Plan Width": 30, "Actual Startup Time": 0.054, "Actual Total Time": 0.054, "Actual Rows": 25, "Actual Loops": 1, "Hash Buckets": 32768, "Hash Batches": 1, "Original Hash Batches": 1, "Peak Memory Usage": 2, "Plans": [{"Node Type": "Seq Scan", "Parent Relationship": "Outer", "Relation Name": "nation", "Alias": "nation", "Startup Cost": 0.0, "Total Cost": 1.25, "Plan Rows": 25, "Plan Width": 30, "Actual Startup Time": 0.025, "Actual Total Time": 0.031, "Actual Rows": 25, "Actual Loops": 1}]}]}]}]}]}, "Triggers": [], "Planner Runtime": 0, "Total Runtime": 37517.838, "Unique SQL Id": 1604070524}}, "(1, 45)": {"explain_plan": {"Plan": {"Node Type": "Limit", "Startup Cost": 4127035.84, "Total Cost": 4127035.89, "Plan Rows": 20, "Plan Width": 191, "Plans": [{"Node Type": "Sort", "Parent Relationship": "Outer", "Startup Cost": 4127035.84, "Total Cost": 4130650.58, "Plan Rows": 20, "Plan Width": 191, "Sort Key": ["(sum((lineitem.l_extendedprice * (1::double precision - lineitem.l_discount)))) DESC"], "Plans": [{"Node Type": "Aggregate", "Strategy": "Hashed", "Parent Relationship": "Outer", "Startup Cost": 4074102.03, "Total Cost": 4088561.01, "Plan Rows": 1445898, "Plan Width": 191, "Group By Key": ["customer.c_custkey", "customer.c_name", "customer.c_acctbal", "customer.c_phone", "nation.n_name", "customer.c_address", "customer.c_comment"], "Plans": [{"Node Type": "Nested Loop", "Parent Relationship": "Outer", "Join Type": "Inner", "Startup Cost": 99528.29, "Total Cost": 4037954.58, "Plan Rows": 1445898, "Plan Width": 191, "Inner Unique": false, "Plans": [{"Node Type": "Hash Join", "Parent Relationship": "Outer", "Join Type": "Inner", "Startup Cost": 99528.29, "Total Cost": 921337.14, "Plan Rows": 575746, "Plan Width": 183, "Inner Unique": true, "Hash Cond": "(customer.c_nationkey = nation.n_nationkey), (LLVM Optimized)", "Plans": [{"Node Type": "Hash Join", "Parent Relationship": "Outer", "Join Type": "Inner", "Startup Cost": 99515.36, "Total Cost": 913407.69, "Plan Rows": 575746, "Plan Width": 161, "Inner Unique": true, "Hash Cond": "(orders.o_custkey = customer.c_custkey), (LLVM Optimized)", "Plans": [{"Node Type": "Index Scan", "Parent Relationship": "Outer", "Scan Direction": "Forward", "Index Name": "orders_pkey", "Relation Name": "orders", "Alias": "orders", "Startup Cost": 0.0, "Total Cost": 805975.83, "Plan Rows": 575746, "Plan Width": 16, "Filter": "((o_orderdate >= '1993-08-01 00:00:00'::timestamp(0) without time zone) AND (o_orderdate < '1993-11-01 00:00:00'::timestamp without time zone)), (LLVM Optimized)"}, {"Node Type": "Hash", "Parent Relationship": "Inner", "Startup Cost": 80765.36, "Total Cost": 80765.36, "Plan Rows": 1500000, "Plan Width": 153, "Plans": [{"Node Type": "Index Scan", "Parent Relationship": "Outer", "Scan Direction": "Forward", "Index Name": "customer_pkey", "Relation Name": "customer", "Alias": "customer", "Startup Cost": 0.0, "Total Cost": 80765.36, "Plan Rows": 1500000, "Plan Width": 153}]}]}, {"Node Type": "Hash", "Parent Relationship": "Inner", "Startup Cost": 12.62, "Total Cost": 12.62, "Plan Rows": 25, "Plan Width": 30, "Plans": [{"Node Type": "Index Scan", "Parent Relationship": "Outer", "Scan Direction": "Forward", "Index Name": "nation_pkey", "Relation Name": "nation", "Alias": "nation", "Startup Cost": 0.0, "Total Cost": 12.62, "Plan Rows": 25, "Plan Width": 30}]}]}, {"Node Type": "Index Scan", "Parent Relationship": "Inner", "Scan Direction": "Forward", "Index Name": "idx_lineitem_orderkey", "Relation Name": "lineitem", "Alias": "lineitem", "Startup Cost": 0.0, "Total Cost": 5.38, "Plan Rows": 3, "Plan Width": 24, "Index Cond": "(l_orderkey = orders.o_orderkey)", "Filter": "(l_returnflag = 'R'::bpchar)"}]}]}]}]}, "Unique SQL Id": 1604070524, "Planner Runtime": 0}, "explain_analyze_plan": {"Plan": {"Node Type": "Limit", "Startup Cost": 4127035.84, "Total Cost": 4127035.89, "Plan Rows": 20, "Plan Width": 191, "Actual Startup Time": 21936.277, "Actual Total Time": 21936.283, "Actual Rows": 20, "Actual Loops": 1, "Plans": [{"Node Type": "Sort", "Parent Relationship": "Outer", "Startup Cost": 4127035.84, "Total Cost": 4130650.58, "Plan Rows": 20, "Plan Width": 191, "Actual Startup Time": 21936.274, "Actual Total Time": 21936.279, "Actual Rows": 20, "Actual Loops": 1, "Sort Key": ["(sum((lineitem.l_extendedprice * (1::double precision - lineitem.l_discount)))) DESC"], "Sort Method": "top-N heapsort", "Sort Space Used": 35, "Sort Space Type": "Memory", "Plans": [{"Node Type": "Aggregate", "Strategy": "Hashed", "Parent Relationship": "Outer", "Startup Cost": 4074102.03, "Total Cost": 4088561.01, "Plan Rows": 1445898, "Plan Width": 191, "Actual Startup Time": 21602.846, "Actual Total Time": 21802.074, "Actual Rows": 381542, "Actual Loops": 1, "Group By Key": ["customer.c_custkey", "customer.c_name", "customer.c_acctbal", "customer.c_phone", "nation.n_name", "customer.c_address", "customer.c_comment"], "Plans": [{"Node Type": "Nested Loop", "Parent Relationship": "Outer", "Join Type": "Inner", "Startup Cost": 99528.29, "Total Cost": 4037954.58, "Plan Rows": 1445898, "Plan Width": 191, "Actual Startup Time": 2126.954, "Actual Total Time": 19667.735, "Actual Rows": 1145969, "Actual Loops": 1, "Inner Unique": false, "Plans": [{"Node Type": "Hash Join", "Parent Relationship": "Outer", "Join Type": "Inner", "Startup Cost": 99528.29, "Total Cost": 921337.14, "Plan Rows": 575746, "Plan Width": 183, "Actual Startup Time": 2126.802, "Actual Total Time": 13808.845, "Actual Rows": 573635, "Actual Loops": 1, "Inner Unique": true, "Hash Cond": "(customer.c_nationkey = nation.n_nationkey), (LLVM Optimized, Jit Execute)", "Plans": [{"Node Type": "Hash Join", "Parent Relationship": "Outer", "Join Type": "Inner", "Startup Cost": 99515.36, "Total Cost": 913407.69, "Plan Rows": 575746, "Plan Width": 161, "Actual Startup Time": 2126.692, "Actual Total Time": 13557.509, "Actual Rows": 573635, "Actual Loops": 1, "Inner Unique": true, "Hash Cond": "(orders.o_custkey = customer.c_custkey), (LLVM Optimized, Jit Execute)", "Plans": [{"Node Type": "Index Scan", "Parent Relationship": "Outer", "Scan Direction": "Forward", "Index Name": "orders_pkey", "Relation Name": "orders", "Alias": "orders", "Startup Cost": 0.0, "Total Cost": 805975.83, "Plan Rows": 575746, "Plan Width": 16, "Actual Startup Time": 0.031, "Actual Total Time": 10741.931, "Actual Rows": 573635, "Actual Loops": 1, "Filter": "((o_orderdate >= '1993-08-01 00:00:00'::timestamp(0) without time zone) AND (o_orderdate < '1993-11-01 00:00:00'::timestamp without time zone)), (LLVM Optimized, Jit Execute)", "Rows Removed by Filter": 14426365}, {"Node Type": "Hash", "Parent Relationship": "Inner", "Startup Cost": 80765.36, "Total Cost": 80765.36, "Plan Rows": 1500000, "Plan Width": 153, "Actual Startup Time": 2124.217, "Actual Total Time": 2124.217, "Actual Rows": 1500000, "Actual Loops": 1, "Hash Buckets": 2097152, "Hash Batches": 1, "Original Hash Batches": 1, "Peak Memory Usage": 282695, "Plans": [{"Node Type": "Index Scan", "Parent Relationship": "Outer", "Scan Direction": "Forward", "Index Name": "customer_pkey", "Relation Name": "customer", "Alias": "customer", "Startup Cost": 0.0, "Total Cost": 80765.36, "Plan Rows": 1500000, "Plan Width": 153, "Actual Startup Time": 0.022, "Actual Total Time": 1241.581, "Actual Rows": 1500000, "Actual Loops": 1}]}]}, {"Node Type": "Hash", "Parent Relationship": "Inner", "Startup Cost": 12.62, "Total Cost": 12.62, "Plan Rows": 25, "Plan Width": 30, "Actual Startup Time": 0.046, "Actual Total Time": 0.046, "Actual Rows": 25, "Actual Loops": 1, "Hash Buckets": 32768, "Hash Batches": 1, "Original Hash Batches": 1, "Peak Memory Usage": 2, "Plans": [{"Node Type": "Index Scan", "Parent Relationship": "Outer", "Scan Direction": "Forward", "Index Name": "nation_pkey", "Relation Name": "nation", "Alias": "nation", "Startup Cost": 0.0, "Total Cost": 12.62, "Plan Rows": 25, "Plan Width": 30, "Actual Startup Time": 0.014, "Actual Total Time": 0.032, "Actual Rows": 25, "Actual Loops": 1}]}]}, {"Node Type": "Index Scan", "Parent Relationship": "Inner", "Scan Direction": "Forward", "Index Name": "idx_lineitem_orderkey", "Relation Name": "lineitem", "Alias": "lineitem", "Startup Cost": 0.0, "Total Cost": 5.38, "Plan Rows": 3, "Plan Width": 24, "Actual Startup Time": 3945.434, "Actual Total Time": 5206.896, "Actual Rows": 1145969, "Actual Loops": 573635, "Index Cond": "(l_orderkey = orders.o_orderkey)", "Rows Removed by Index Recheck": 0, "Filter": "(l_returnflag = 'R'::bpchar)", "Rows Removed by Filter": 1146896}]}]}]}]}, "Triggers": [], "Planner Runtime": 0, "Total Runtime": 21946.72, "Unique SQL Id": 1604070524}}, "(1, 46)": {"explain_plan": {"Plan": {"Node Type": "Limit", "Startup Cost": 2943502.95, "Total Cost": 2943503.0, "Plan Rows": 20, "Plan Width": 191, "Plans": [{"Node Type": "Sort", "Parent Relationship": "Outer", "Startup Cost": 2943502.95, "Total Cost": 2947117.69, "Plan Rows": 20, "Plan Width": 191, "Sort Key": ["(sum((lineitem.l_extendedprice * (1::double precision - lineitem.l_discount)))) DESC"], "Plans": [{"Node Type": "Aggregate", "Strategy": "Hashed", "Parent Relationship": "Outer", "Startup Cost": 2890569.14, "Total Cost": 2905028.12, "Plan Rows": 1445898, "Plan Width": 191, "Group By Key": ["customer.c_custkey", "customer.c_name", "customer.c_acctbal", "customer.c_phone", "nation.n_name", "customer.c_address", "customer.c_comment"], "Plans": [{"Node Type": "Hash Join", "Parent Relationship": "Outer", "Join Type": "Inner", "Startup Cost": 579485.57, "Total Cost": 2854421.69, "Plan Rows": 1445898, "Plan Width": 191, "Inner Unique": true, "Hash Cond": "(customer.c_nationkey = nation.n_nationkey), (LLVM Optimized)", "Plans": [{"Node Type": "Hash Join", "Parent Relationship": "Outer", "Join Type": "Inner", "Startup Cost": 579484.01, "Total Cost": 2834539.03, "Plan Rows": 1445898, "Plan Width": 169, "Inner Unique": true, "Hash Cond": "(orders.o_custkey = customer.c_custkey), (LLVM Optimized)", "Plans": [{"Node Type": "Hash Join", "Parent Relationship": "Outer", "Join Type": "Inner", "Startup Cost": 508608.01, "Total Cost": 2743781.94, "Plan Rows": 1445898, "Plan Width": 24, "Inner Unique": true, "Hash Cond": "(lineitem.l_orderkey = orders.o_orderkey), (LLVM Optimized)", "Plans": [{"Node Type": "Seq Scan", "Parent Relationship": "Outer", "Relation Name": "lineitem", "Alias": "lineitem", "Startup Cost": 0.0, "Total Cost": 2165082.91, "Plan Rows": 14835209, "Plan Width": 24, "Filter": "(l_returnflag = 'R'::bpchar), (LLVM Optimized)"}, {"Node Type": "Hash", "Parent Relationship": "Inner", "Startup Cost": 501411.18, "Total Cost": 501411.18, "Plan Rows": 575746, "Plan Width": 16, "Plans": [{"Node Type": "Seq Scan", "Parent Relationship": "Outer", "Relation Name": "orders", "Alias": "orders", "Startup Cost": 578.97, "Total Cost": 501411.18, "Plan Rows": 575746, "Plan Width": 16, "Filter": "((o_orderdate >= '1993-08-01 00:00:00'::timestamp(0) without time zone) AND (o_orderdate < '1993-11-01 00:00:00'::timestamp without time zone)), (LLVM Optimized)"}]}]}, {"Node Type": "Hash", "Parent Relationship": "Inner", "Startup Cost": 52126.0, "Total Cost": 52126.0, "Plan Rows": 1500000, "Plan Width": 153, "Plans": [{"Node Type": "Seq Scan", "Parent Relationship": "Outer", "Relation Name": "customer", "Alias": "customer", "Startup Cost": 0.0, "Total Cost": 52126.0, "Plan Rows": 1500000, "Plan Width": 153}]}]}, {"Node Type": "Hash", "Parent Relationship": "Inner", "Startup Cost": 1.25, "Total Cost": 1.25, "Plan Rows": 25, "Plan Width": 30, "Plans": [{"Node Type": "Seq Scan", "Parent Relationship": "Outer", "Relation Name": "nation", "Alias": "nation", "Startup Cost": 0.0, "Total Cost": 1.25, "Plan Rows": 25, "Plan Width": 30}]}]}]}]}]}, "Unique SQL Id": 1604070524, "Planner Runtime": 0}, "explain_analyze_plan": {"Plan": {"Node Type": "Limit", "Startup Cost": 2943502.95, "Total Cost": 2943503.0, "Plan Rows": 20, "Plan Width": 191, "Actual Startup Time": 37507.07, "Actual Total Time": 37507.078, "Actual Rows": 20, "Actual Loops": 1, "Plans": [{"Node Type": "Sort", "Parent Relationship": "Outer", "Startup Cost": 2943502.95, "Total Cost": 2947117.69, "Plan Rows": 20, "Plan Width": 191, "Actual Startup Time": 37507.067, "Actual Total Time": 37507.072, "Actual Rows": 20, "Actual Loops": 1, "Sort Key": ["(sum((lineitem.l_extendedprice * (1::double precision - lineitem.l_discount)))) DESC"], "Sort Method": "top-N heapsort", "Sort Space Used": 35, "Sort Space Type": "Memory", "Plans": [{"Node Type": "Aggregate", "Strategy": "Hashed", "Parent Relationship": "Outer", "Startup Cost": 2890569.14, "Total Cost": 2905028.12, "Plan Rows": 1445898, "Plan Width": 191, "Actual Startup Time": 37011.07, "Actual Total Time": 37368.13, "Actual Rows": 381542, "Actual Loops": 1, "Group By Key": ["customer.c_custkey", "customer.c_name", "customer.c_acctbal", "customer.c_phone", "nation.n_name", "customer.c_address", "customer.c_comment"], "Plans": [{"Node Type": "Hash Join", "Parent Relationship": "Outer", "Join Type": "Inner", "Startup Cost": 579485.57, "Total Cost": 2854421.69, "Plan Rows": 1445898, "Plan Width": 191, "Actual Startup Time": 6752.103, "Actual Total Time": 35154.298, "Actual Rows": 1145969, "Actual Loops": 1, "Inner Unique": true, "Hash Cond": "(customer.c_nationkey = nation.n_nationkey), (LLVM Optimized, Jit Execute)", "Plans": [{"Node Type": "Hash Join", "Parent Relationship": "Outer", "Join Type": "Inner", "Startup Cost": 579484.01, "Total Cost": 2834539.03, "Plan Rows": 1445898, "Plan Width": 169, "Actual Startup Time": 6752.0, "Actual Total Time": 34685.986, "Actual Rows": 1145969, "Actual Loops": 1, "Inner Unique": true, "Hash Cond": "(orders.o_custkey = customer.c_custkey), (LLVM Optimized, Jit Execute)", "Plans": [{"Node Type": "Hash Join", "Parent Relationship": "Outer", "Join Type": "Inner", "Startup Cost": 508608.01, "Total Cost": 2743781.94, "Plan Rows": 1445898, "Plan Width": 24, "Actual Startup Time": 5507.657, "Actual Total Time": 32610.074, "Actual Rows": 1145969, "Actual Loops": 1, "Inner Unique": true, "Hash Cond": "(lineitem.l_orderkey = orders.o_orderkey), (LLVM Optimized, Jit Execute)", "Plans": [{"Node Type": "Seq Scan", "Parent Relationship": "Outer", "Relation Name": "lineitem", "Alias": "lineitem", "Startup Cost": 0.0, "Total Cost": 2165082.91, "Plan Rows": 14835209, "Plan Width": 24, "Actual Startup Time": 0.018, "Actual Total Time": 22339.025, "Actual Rows": 14808183, "Actual Loops": 1, "Filter": "(l_returnflag = 'R'::bpchar), (LLVM Optimized, Jit Execute)", "Rows Removed by Filter": 45177869}, {"Node Type": "Hash", "Parent Relationship": "Inner", "Startup Cost": 501411.18, "Total Cost": 501411.18, "Plan Rows": 575746, "Plan Width": 16, "Actual Startup Time": 5506.946, "Actual Total Time": 5506.946, "Actual Rows": 573635, "Actual Loops": 1, "Hash Buckets": 1048576, "Hash Batches": 1, "Original Hash Batches": 1, "Peak Memory Usage": 26890, "Plans": [{"Node Type": "Seq Scan", "Parent Relationship": "Outer", "Relation Name": "orders", "Alias": "orders", "Startup Cost": 578.97, "Total Cost": 501411.18, "Plan Rows": 575746, "Plan Width": 16, "Actual Startup Time": 0.026, "Actual Total Time": 5235.253, "Actual Rows": 573635, "Actual Loops": 1, "Filter": "((o_orderdate >= '1993-08-01 00:00:00'::timestamp(0) without time zone) AND (o_orderdate < '1993-11-01 00:00:00'::timestamp without time zone)), (LLVM Optimized, Jit Execute)", "Rows Removed by Filter": 14426365}]}]}, {"Node Type": "Hash", "Parent Relationship": "Inner", "Startup Cost": 52126.0, "Total Cost": 52126.0, "Plan Rows": 1500000, "Plan Width": 153, "Actual Startup Time": 1243.058, "Actual Total Time": 1243.058, "Actual Rows": 1500000, "Actual Loops": 1, "Hash Buckets": 2097152, "Hash Batches": 1, "Original Hash Batches": 1, "Peak Memory Usage": 282695, "Plans": [{"Node Type": "Seq Scan", "Parent Relationship": "Outer", "Relation Name": "customer", "Alias": "customer", "Startup Cost": 0.0, "Total Cost": 52126.0, "Plan Rows": 1500000, "Plan Width": 153, "Actual Startup Time": 0.021, "Actual Total Time": 589.55, "Actual Rows": 1500000, "Actual Loops": 1}]}]}, {"Node Type": "Hash", "Parent Relationship": "Inner", "Startup Cost": 1.25, "Total Cost": 1.25, "Plan Rows": 25, "Plan Width": 30, "Actual Startup Time": 0.054, "Actual Total Time": 0.054, "Actual Rows": 25, "Actual Loops": 1, "Hash Buckets": 32768, "Hash Batches": 1, "Original Hash Batches": 1, "Peak Memory Usage": 2, "Plans": [{"Node Type": "Seq Scan", "Parent Relationship": "Outer", "Relation Name": "nation", "Alias": "nation", "Startup Cost": 0.0, "Total Cost": 1.25, "Plan Rows": 25, "Plan Width": 30, "Actual Startup Time": 0.025, "Actual Total Time": 0.031, "Actual Rows": 25, "Actual Loops": 1}]}]}]}]}]}, "Triggers": [], "Planner Runtime": 0, "Total Runtime": 37517.838, "Unique SQL Id": 1604070524}}, "(1, 47)": {"explain_plan": {"Plan": {"Node Type": "Limit", "Startup Cost": 4032961124997.77, "Total Cost": 4032961124997.82, "Plan Rows": 20, "Plan Width": 191, "Plans": [{"Node Type": "Sort", "Parent Relationship": "Outer", "Startup Cost": 4032961124997.77, "Total Cost": 4032961128612.52, "Plan Rows": 20, "Plan Width": 191, "Sort Key": ["(sum((lineitem.l_extendedprice * (1::double precision - lineitem.l_discount)))) DESC"], "Plans": [{"Node Type": "Aggregate", "Strategy": "Hashed", "Parent Relationship": "Outer", "Startup Cost": 4032961072063.97, "Total Cost": 4032961086522.95, "Plan Rows": 1445898, "Plan Width": 191, "Group By Key": ["customer.c_custkey", "customer.c_name", "customer.c_acctbal", "customer.c_phone", "nation.n_name", "customer.c_address", "customer.c_comment"], "Plans": [{"Node Type": "Nested Loop", "Parent Relationship": "Outer", "Join Type": "Inner", "Startup Cost": 1030080604779.82, "Total Cost": 4032961035916.52, "Plan Rows": 1445898, "Plan Width": 191, "Inner Unique": false, "Join Filter": "(customer.c_custkey = orders.o_custkey), (LLVM Optimized)", "Plans": [{"Node Type": "Nested Loop", "Parent Relationship": "Outer", "Join Type": "Inner", "Startup Cost": 20000000000.0, "Total Cost": 2000008640298.18, "Plan Rows": 1500000, "Plan Width": 175, "Inner Unique": true, "Join Filter": "(customer.c_nationkey = nation.n_nationkey), (LLVM Optimized)", "Plans": [{"Node Type": "Index Scan", "Parent Relationship": "Outer", "Scan Direction": "Forward", "Index Name": "customer_pkey", "Relation Name": "customer", "Alias": "customer", "Startup Cost": 10000000000.0, "Total Cost": 1000008076535.62, "Plan Rows": 1500000, "Plan Width": 153}, {"Node Type": "Materialize", "Parent Relationship": "Inner", "Startup Cost": 10000000000.0, "Total Cost": 1000000001262.62, "Plan Rows": 25, "Plan Width": 30, "Plans": [{"Node Type": "Index Scan", "Parent Relationship": "Outer", "Scan Direction": "Forward", "Index Name": "nation_pkey", "Relation Name": "nation", "Alias": "nation", "Startup Cost": 10000000000.0, "Total Cost": 1000000001262.5, "Plan Rows": 25, "Plan Width": 30}]}]}, {"Node Type": "Materialize", "Parent Relationship": "Inner", "Startup Cost": 1010080604779.82, "Total Cost": 2000419694233.08, "Plan Rows": 1445898, "Plan Width": 24, "Plans": [{"Node Type": "Hash Join", "Parent Relationship": "Outer", "Join Type": "Inner", "Startup Cost": 1010080604779.82, "Total Cost": 2000419687003.59, "Plan Rows": 1445898, "Plan Width": 24, "Inner Unique": true, "Hash Cond": "(lineitem.l_orderkey = orders.o_orderkey), (LLVM Optimized)", "Plans": [{"Node Type": "Index Scan", "Parent Relationship": "Outer", "Scan Direction": "Forward", "Index Name": "idx_lineitem_orderkey", "Relation Name": "lineitem", "Alias": "lineitem", "Startup Cost": 10000000000.0, "Total Cost": 1000339012132.75, "Plan Rows": 14835209, "Plan Width": 24, "Filter": "(l_returnflag = 'R'::bpchar), (LLVM Optimized)"}, {"Node Type": "Hash", "Parent Relationship": "Inner", "Startup Cost": 1000080597583.0, "Total Cost": 1000080597583.0, "Plan Rows": 575746, "Plan Width": 16, "Plans": [{"Node Type": "Index Scan", "Parent Relationship": "Outer", "Scan Direction": "Forward", "Index Name": "orders_pkey", "Relation Name": "orders", "Alias": "orders", "Startup Cost": 10000000000.0, "Total Cost": 1000080597583.0, "Plan Rows": 575746, "Plan Width": 16, "Filter": "((o_orderdate >= '1993-08-01 00:00:00'::timestamp(0) without time zone) AND (o_orderdate < '1993-11-01 00:00:00'::timestamp without time zone)), (LLVM Optimized)"}]}]}]}]}]}]}]}, "Unique SQL Id": 1604070524, "Planner Runtime": 0}, "explain_analyze_plan": null}, "(1, 48)": {"explain_plan": {"Plan": {"Node Type": "Limit", "Startup Cost": 3997545.9, "Total Cost": 3997545.95, "Plan Rows": 20, "Plan Width": 191, "Plans": [{"Node Type": "Sort", "Parent Relationship": "Outer", "Startup Cost": 3997545.9, "Total Cost": 4001160.65, "Plan Rows": 20, "Plan Width": 191, "Sort Key": ["(sum((lineitem.l_extendedprice * (1::double precision - lineitem.l_discount)))) DESC"], "Plans": [{"Node Type": "Aggregate", "Strategy": "Hashed", "Parent Relationship": "Outer", "Startup Cost": 3944612.1, "Total Cost": 3959071.08, "Plan Rows": 1445898, "Plan Width": 191, "Group By Key": ["customer.c_custkey", "customer.c_name", "customer.c_acctbal", "customer.c_phone", "nation.n_name", "customer.c_address", "customer.c_comment"], "Plans": [{"Node Type": "Nested Loop", "Parent Relationship": "Outer", "Join Type": "Inner", "Startup Cost": 14729.65, "Total Cost": 3908464.65, "Plan Rows": 1445898, "Plan Width": 191, "Inner Unique": false, "Plans": [{"Node Type": "Nested Loop", "Parent Relationship": "Outer", "Join Type": "Inner", "Startup Cost": 14729.65, "Total Cost": 791847.2, "Plan Rows": 575746, "Plan Width": 183, "Inner Unique": true, "Plans": [{"Node Type": "Nested Loop", "Parent Relationship": "Outer", "Join Type": "Inner", "Startup Cost": 14729.65, "Total Cost": 630633.72, "Plan Rows": 575746, "Plan Width": 161, "Inner Unique": true, "Plans": [{"Node Type": "Bitmap Heap Scan", "Parent Relationship": "Outer", "Relation Name": "orders", "Alias": "orders", "Startup Cost": 14729.65, "Total Cost": 299784.84, "Plan Rows": 575746, "Plan Width": 16, "Recheck Cond": "((o_orderdate >= '1993-08-01 00:00:00'::timestamp(0) without time zone) AND (o_orderdate < '1993-11-01 00:00:00'::timestamp without time zone)), (LLVM Optimized)", "Plans": [{"Node Type": "Bitmap Index Scan", "Parent Relationship": "Outer", "Index Name": "idx_orders_orderdate", "Startup Cost": 0.0, "Total Cost": 14585.71, "Plan Rows": 575746, "Plan Width": 0, "Index Cond": "((o_orderdate >= '1993-08-01 00:00:00'::timestamp(0) without time zone) AND (o_orderdate < '1993-11-01 00:00:00'::timestamp without time zone))"}]}, {"Node Type": "Index Scan", "Parent Relationship": "Inner", "Scan Direction": "Forward", "Index Name": "customer_pkey", "Relation Name": "customer", "Alias": "customer", "Startup Cost": 0.0, "Total Cost": 0.56, "Plan Rows": 1, "Plan Width": 153, "Index Cond": "(c_custkey = orders.o_custkey)"}]}, {"Node Type": "Index Scan", "Parent Relationship": "Inner", "Scan Direction": "Forward", "Index Name": "nation_pkey", "Relation Name": "nation", "Alias": "nation", "Startup Cost": 0.0, "Total Cost": 0.27, "Plan Rows": 1, "Plan Width": 30, "Index Cond": "(n_nationkey = customer.c_nationkey)"}]}, {"Node Type": "Index Scan", "Parent Relationship": "Inner", "Scan Direction": "Forward", "Index Name": "idx_lineitem_orderkey", "Relation Name": "lineitem", "Alias": "lineitem", "Startup Cost": 0.0, "Total Cost": 5.38, "Plan Rows": 3, "Plan Width": 24, "Index Cond": "(l_orderkey = orders.o_orderkey)", "Filter": "(l_returnflag = 'R'::bpchar)"}]}]}]}]}, "Unique SQL Id": 1604070524, "Planner Runtime": 0}, "explain_analyze_plan": {"Plan": {"Node Type": "Limit", "Startup Cost": 3997545.9, "Total Cost": 3997545.95, "Plan Rows": 20, "Plan Width": 191, "Actual Startup Time": 13373.541, "Actual Total Time": 13373.546, "Actual Rows": 20, "Actual Loops": 1, "Plans": [{"Node Type": "Sort", "Parent Relationship": "Outer", "Startup Cost": 3997545.9, "Total Cost": 4001160.65, "Plan Rows": 20, "Plan Width": 191, "Actual Startup Time": 13373.538, "Actual Total Time": 13373.54, "Actual Rows": 20, "Actual Loops": 1, "Sort Key": ["(sum((lineitem.l_extendedprice * (1::double precision - lineitem.l_discount)))) DESC"], "Sort Method": "top-N heapsort", "Sort Space Used": 35, "Sort Space Type": "Memory", "Plans": [{"Node Type": "Aggregate", "Strategy": "Hashed", "Parent Relationship": "Outer", "Startup Cost": 3944612.1, "Total Cost": 3959071.08, "Plan Rows": 1445898, "Plan Width": 191, "Actual Startup Time": 13040.548, "Actual Total Time": 13240.101, "Actual Rows": 381542, "Actual Loops": 1, "Group By Key": ["customer.c_custkey", "customer.c_name", "customer.c_acctbal", "customer.c_phone", "nation.n_name", "customer.c_address", "customer.c_comment"], "Plans": [{"Node Type": "Nested Loop", "Parent Relationship": "Outer", "Join Type": "Inner", "Startup Cost": 14729.65, "Total Cost": 3908464.65, "Plan Rows": 1445898, "Plan Width": 191, "Actual Startup Time": 241.378, "Actual Total Time": 11182.684, "Actual Rows": 1145969, "Actual Loops": 1, "Inner Unique": false, "Plans": [{"Node Type": "Nested Loop", "Parent Relationship": "Outer", "Join Type": "Inner", "Startup Cost": 14729.65, "Total Cost": 791847.2, "Plan Rows": 575746, "Plan Width": 183, "Actual Startup Time": 241.335, "Actual Total Time": 6039.514, "Actual Rows": 573635, "Actual Loops": 1, "Inner Unique": true, "Plans": [{"Node Type": "Nested Loop", "Parent Relationship": "Outer", "Join Type": "Inner", "Startup Cost": 14729.65, "Total Cost": 630633.72, "Plan Rows": 575746, "Plan Width": 161, "Actual Startup Time": 241.326, "Actual Total Time": 4786.093, "Actual Rows": 573635, "Actual Loops": 1, "Inner Unique": true, "Plans": [{"Node Type": "Bitmap Heap Scan", "Parent Relationship": "Outer", "Relation Name": "orders", "Alias": "orders", "Startup Cost": 14729.65, "Total Cost": 299784.84, "Plan Rows": 575746, "Plan Width": 16, "Actual Startup Time": 241.273, "Actual Total Time": 993.913, "Actual Rows": 573635, "Actual Loops": 1, "Recheck Cond": "((o_orderdate >= '1993-08-01 00:00:00'::timestamp(0) without time zone) AND (o_orderdate < '1993-11-01 00:00:00'::timestamp without time zone)), (LLVM Optimized, Jit Execute)", "Rows Removed by Index Recheck": 0, "Exact Heap Blocks": 242860, "Lossy Heap Blocks": 242860, "Plans": [{"Node Type": "Bitmap Index Scan", "Parent Relationship": "Outer", "Index Name": "idx_orders_orderdate", "Startup Cost": 0.0, "Total Cost": 14585.71, "Plan Rows": 575746, "Plan Width": 0, "Actual Startup Time": 165.433, "Actual Total Time": 165.433, "Actual Rows": 573635, "Actual Loops": 1, "Index Cond": "((o_orderdate >= '1993-08-01 00:00:00'::timestamp(0) without time zone) AND (o_orderdate < '1993-11-01 00:00:00'::timestamp without time zone))"}]}, {"Node Type": "Index Scan", "Parent Relationship": "Inner", "Scan Direction": "Forward", "Index Name": "customer_pkey", "Relation Name": "customer", "Alias": "customer", "Startup Cost": 0.0, "Total Cost": 0.56, "Plan Rows": 1, "Plan Width": 153, "Actual Startup Time": 3277.633, "Actual Total Time": 3277.633, "Actual Rows": 573635, "Actual Loops": 573635, "Index Cond": "(c_custkey = orders.o_custkey)", "Rows Removed by Index Recheck": 0}]}, {"Node Type": "Index Scan", "Parent Relationship": "Inner", "Scan Direction": "Forward", "Index Name": "nation_pkey", "Relation Name": "nation", "Alias": "nation", "Startup Cost": 0.0, "Total Cost": 0.27, "Plan Rows": 1, "Plan Width": 30, "Actual Startup Time": 797.22, "Actual Total Time": 797.22, "Actual Rows": 573635, "Actual Loops": 573635, "Index Cond": "(n_nationkey = customer.c_nationkey)", "Rows Removed by Index Recheck": 0}]}, {"Node Type": "Index Scan", "Parent Relationship": "Inner", "Scan Direction": "Forward", "Index Name": "idx_lineitem_orderkey", "Relation Name": "lineitem", "Alias": "lineitem", "Startup Cost": 0.0, "Total Cost": 5.38, "Plan Rows": 3, "Plan Width": 24, "Actual Startup Time": 3405.561, "Actual Total Time": 4562.606, "Actual Rows": 1145969, "Actual Loops": 573635, "Index Cond": "(l_orderkey = orders.o_orderkey)", "Rows Removed by Index Recheck": 0, "Filter": "(l_returnflag = 'R'::bpchar)", "Rows Removed by Filter": 1146896}]}]}]}]}, "Triggers": [], "Planner Runtime": 0, "Total Runtime": 13383.713, "Unique SQL Id": 1604070524}}, "(1, 49)": {"explain_plan": {"Plan": {"Node Type": "Limit", "Startup Cost": 3997545.9, "Total Cost": 3997545.95, "Plan Rows": 20, "Plan Width": 191, "Plans": [{"Node Type": "Sort", "Parent Relationship": "Outer", "Startup Cost": 3997545.9, "Total Cost": 4001160.65, "Plan Rows": 20, "Plan Width": 191, "Sort Key": ["(sum((lineitem.l_extendedprice * (1::double precision - lineitem.l_discount)))) DESC"], "Plans": [{"Node Type": "Aggregate", "Strategy": "Hashed", "Parent Relationship": "Outer", "Startup Cost": 3944612.1, "Total Cost": 3959071.08, "Plan Rows": 1445898, "Plan Width": 191, "Group By Key": ["customer.c_custkey", "customer.c_name", "customer.c_acctbal", "customer.c_phone", "nation.n_name", "customer.c_address", "customer.c_comment"], "Plans": [{"Node Type": "Nested Loop", "Parent Relationship": "Outer", "Join Type": "Inner", "Startup Cost": 14729.65, "Total Cost": 3908464.65, "Plan Rows": 1445898, "Plan Width": 191, "Inner Unique": false, "Plans": [{"Node Type": "Nested Loop", "Parent Relationship": "Outer", "Join Type": "Inner", "Startup Cost": 14729.65, "Total Cost": 791847.2, "Plan Rows": 575746, "Plan Width": 183, "Inner Unique": true, "Plans": [{"Node Type": "Nested Loop", "Parent Relationship": "Outer", "Join Type": "Inner", "Startup Cost": 14729.65, "Total Cost": 630633.72, "Plan Rows": 575746, "Plan Width": 161, "Inner Unique": true, "Plans": [{"Node Type": "Bitmap Heap Scan", "Parent Relationship": "Outer", "Relation Name": "orders", "Alias": "orders", "Startup Cost": 14729.65, "Total Cost": 299784.84, "Plan Rows": 575746, "Plan Width": 16, "Recheck Cond": "((o_orderdate >= '1993-08-01 00:00:00'::timestamp(0) without time zone) AND (o_orderdate < '1993-11-01 00:00:00'::timestamp without time zone)), (LLVM Optimized)", "Plans": [{"Node Type": "Bitmap Index Scan", "Parent Relationship": "Outer", "Index Name": "idx_orders_orderdate", "Startup Cost": 0.0, "Total Cost": 14585.71, "Plan Rows": 575746, "Plan Width": 0, "Index Cond": "((o_orderdate >= '1993-08-01 00:00:00'::timestamp(0) without time zone) AND (o_orderdate < '1993-11-01 00:00:00'::timestamp without time zone))"}]}, {"Node Type": "Index Scan", "Parent Relationship": "Inner", "Scan Direction": "Forward", "Index Name": "customer_pkey", "Relation Name": "customer", "Alias": "customer", "Startup Cost": 0.0, "Total Cost": 0.56, "Plan Rows": 1, "Plan Width": 153, "Index Cond": "(c_custkey = orders.o_custkey)"}]}, {"Node Type": "Index Scan", "Parent Relationship": "Inner", "Scan Direction": "Forward", "Index Name": "nation_pkey", "Relation Name": "nation", "Alias": "nation", "Startup Cost": 0.0, "Total Cost": 0.27, "Plan Rows": 1, "Plan Width": 30, "Index Cond": "(n_nationkey = customer.c_nationkey)"}]}, {"Node Type": "Index Scan", "Parent Relationship": "Inner", "Scan Direction": "Forward", "Index Name": "idx_lineitem_orderkey", "Relation Name": "lineitem", "Alias": "lineitem", "Startup Cost": 0.0, "Total Cost": 5.38, "Plan Rows": 3, "Plan Width": 24, "Index Cond": "(l_orderkey = orders.o_orderkey)", "Filter": "(l_returnflag = 'R'::bpchar)"}]}]}]}]}, "Unique SQL Id": 1604070524, "Planner Runtime": 1}, "explain_analyze_plan": {"Plan": {"Node Type": "Limit", "Startup Cost": 3997545.9, "Total Cost": 3997545.95, "Plan Rows": 20, "Plan Width": 191, "Actual Startup Time": 13373.541, "Actual Total Time": 13373.546, "Actual Rows": 20, "Actual Loops": 1, "Plans": [{"Node Type": "Sort", "Parent Relationship": "Outer", "Startup Cost": 3997545.9, "Total Cost": 4001160.65, "Plan Rows": 20, "Plan Width": 191, "Actual Startup Time": 13373.538, "Actual Total Time": 13373.54, "Actual Rows": 20, "Actual Loops": 1, "Sort Key": ["(sum((lineitem.l_extendedprice * (1::double precision - lineitem.l_discount)))) DESC"], "Sort Method": "top-N heapsort", "Sort Space Used": 35, "Sort Space Type": "Memory", "Plans": [{"Node Type": "Aggregate", "Strategy": "Hashed", "Parent Relationship": "Outer", "Startup Cost": 3944612.1, "Total Cost": 3959071.08, "Plan Rows": 1445898, "Plan Width": 191, "Actual Startup Time": 13040.548, "Actual Total Time": 13240.101, "Actual Rows": 381542, "Actual Loops": 1, "Group By Key": ["customer.c_custkey", "customer.c_name", "customer.c_acctbal", "customer.c_phone", "nation.n_name", "customer.c_address", "customer.c_comment"], "Plans": [{"Node Type": "Nested Loop", "Parent Relationship": "Outer", "Join Type": "Inner", "Startup Cost": 14729.65, "Total Cost": 3908464.65, "Plan Rows": 1445898, "Plan Width": 191, "Actual Startup Time": 241.378, "Actual Total Time": 11182.684, "Actual Rows": 1145969, "Actual Loops": 1, "Inner Unique": false, "Plans": [{"Node Type": "Nested Loop", "Parent Relationship": "Outer", "Join Type": "Inner", "Startup Cost": 14729.65, "Total Cost": 791847.2, "Plan Rows": 575746, "Plan Width": 183, "Actual Startup Time": 241.335, "Actual Total Time": 6039.514, "Actual Rows": 573635, "Actual Loops": 1, "Inner Unique": true, "Plans": [{"Node Type": "Nested Loop", "Parent Relationship": "Outer", "Join Type": "Inner", "Startup Cost": 14729.65, "Total Cost": 630633.72, "Plan Rows": 575746, "Plan Width": 161, "Actual Startup Time": 241.326, "Actual Total Time": 4786.093, "Actual Rows": 573635, "Actual Loops": 1, "Inner Unique": true, "Plans": [{"Node Type": "Bitmap Heap Scan", "Parent Relationship": "Outer", "Relation Name": "orders", "Alias": "orders", "Startup Cost": 14729.65, "Total Cost": 299784.84, "Plan Rows": 575746, "Plan Width": 16, "Actual Startup Time": 241.273, "Actual Total Time": 993.913, "Actual Rows": 573635, "Actual Loops": 1, "Recheck Cond": "((o_orderdate >= '1993-08-01 00:00:00'::timestamp(0) without time zone) AND (o_orderdate < '1993-11-01 00:00:00'::timestamp without time zone)), (LLVM Optimized, Jit Execute)", "Rows Removed by Index Recheck": 0, "Exact Heap Blocks": 242860, "Lossy Heap Blocks": 242860, "Plans": [{"Node Type": "Bitmap Index Scan", "Parent Relationship": "Outer", "Index Name": "idx_orders_orderdate", "Startup Cost": 0.0, "Total Cost": 14585.71, "Plan Rows": 575746, "Plan Width": 0, "Actual Startup Time": 165.433, "Actual Total Time": 165.433, "Actual Rows": 573635, "Actual Loops": 1, "Index Cond": "((o_orderdate >= '1993-08-01 00:00:00'::timestamp(0) without time zone) AND (o_orderdate < '1993-11-01 00:00:00'::timestamp without time zone))"}]}, {"Node Type": "Index Scan", "Parent Relationship": "Inner", "Scan Direction": "Forward", "Index Name": "customer_pkey", "Relation Name": "customer", "Alias": "customer", "Startup Cost": 0.0, "Total Cost": 0.56, "Plan Rows": 1, "Plan Width": 153, "Actual Startup Time": 3277.633, "Actual Total Time": 3277.633, "Actual Rows": 573635, "Actual Loops": 573635, "Index Cond": "(c_custkey = orders.o_custkey)", "Rows Removed by Index Recheck": 0}]}, {"Node Type": "Index Scan", "Parent Relationship": "Inner", "Scan Direction": "Forward", "Index Name": "nation_pkey", "Relation Name": "nation", "Alias": "nation", "Startup Cost": 0.0, "Total Cost": 0.27, "Plan Rows": 1, "Plan Width": 30, "Actual Startup Time": 797.22, "Actual Total Time": 797.22, "Actual Rows": 573635, "Actual Loops": 573635, "Index Cond": "(n_nationkey = customer.c_nationkey)", "Rows Removed by Index Recheck": 0}]}, {"Node Type": "Index Scan", "Parent Relationship": "Inner", "Scan Direction": "Forward", "Index Name": "idx_lineitem_orderkey", "Relation Name": "lineitem", "Alias": "lineitem", "Startup Cost": 0.0, "Total Cost": 5.38, "Plan Rows": 3, "Plan Width": 24, "Actual Startup Time": 3405.561, "Actual Total Time": 4562.606, "Actual Rows": 1145969, "Actual Loops": 573635, "Index Cond": "(l_orderkey = orders.o_orderkey)", "Rows Removed by Index Recheck": 0, "Filter": "(l_returnflag = 'R'::bpchar)", "Rows Removed by Filter": 1146896}]}]}]}]}, "Triggers": [], "Planner Runtime": 0, "Total Runtime": 13383.713, "Unique SQL Id": 1604070524}}, "(1, 50)": {"explain_plan": {"Plan": {"Node Type": "Limit", "Startup Cost": 11194981.94, "Total Cost": 11194981.99, "Plan Rows": 20, "Plan Width": 191, "Plans": [{"Node Type": "Sort", "Parent Relationship": "Outer", "Startup Cost": 11194981.94, "Total Cost": 11198596.68, "Plan Rows": 20, "Plan Width": 191, "Sort Key": ["(sum((lineitem.l_extendedprice * (1::double precision - lineitem.l_discount)))) DESC"], "Plans": [{"Node Type": "Aggregate", "Strategy": "Hashed", "Parent Relationship": "Outer", "Startup Cost": 11142048.13, "Total Cost": 11156507.11, "Plan Rows": 1445898, "Plan Width": 191, "Group By Key": ["customer.c_custkey", "customer.c_name", "customer.c_acctbal", "customer.c_phone", "nation.n_name", "customer.c_address", "customer.c_comment"], "Plans": [{"Node Type": "Nested Loop", "Parent Relationship": "Outer", "Join Type": "Inner", "Startup Cost": 14731.87, "Total Cost": 11105900.68, "Plan Rows": 1445898, "Plan Width": 191, "Inner Unique": false, "Plans": [{"Node Type": "Nested Loop", "Parent Relationship": "Outer", "Join Type": "Inner", "Startup Cost": 14729.94, "Total Cost": 3001163.72, "Plan Rows": 575746, "Plan Width": 183, "Inner Unique": true, "Join Filter": "(customer.c_nationkey = nation.n_nationkey), (LLVM Optimized)", "Plans": [{"Node Type": "Nested Loop", "Parent Relationship": "Outer", "Join Type": "Inner", "Startup Cost": 14729.94, "Total Cost": 2785257.65, "Plan Rows": 575746, "Plan Width": 161, "Inner Unique": true, "Plans": [{"Node Type": "Bitmap Heap Scan", "Parent Relationship": "Outer", "Relation Name": "orders", "Alias": "orders", "Startup Cost": 14729.65, "Total Cost": 299784.84, "Plan Rows": 575746, "Plan Width": 16, "Recheck Cond": "((o_orderdate >= '1993-08-01 00:00:00'::timestamp(0) without time zone) AND (o_orderdate < '1993-11-01 00:00:00'::timestamp without time zone)), (LLVM Optimized)", "Plans": [{"Node Type": "Bitmap Index Scan", "Parent Relationship": "Outer", "Index Name": "idx_orders_orderdate", "Startup Cost": 0.0, "Total Cost": 14585.71, "Plan Rows": 575746, "Plan Width": 0, "Index Cond": "((o_orderdate >= '1993-08-01 00:00:00'::timestamp(0) without time zone) AND (o_orderdate < '1993-11-01 00:00:00'::timestamp without time zone))"}]}, {"Node Type": "Bitmap Heap Scan", "Parent Relationship": "Inner", "Relation Name": "customer", "Alias": "customer", "Startup Cost": 0.29, "Total Cost": 4.31, "Plan Rows": 1, "Plan Width": 153, "Recheck Cond": "(c_custkey = orders.o_custkey)", "Plans": [{"Node Type": "Bitmap Index Scan", "Parent Relationship": "Outer", "Index Name": "customer_pkey", "Startup Cost": 0.0, "Total Cost": 0.29, "Plan Rows": 1, "Plan Width": 0, "Index Cond": "(c_custkey = orders.o_custkey)"}]}]}, {"Node Type": "Materialize", "Parent Relationship": "Inner", "Startup Cost": 0.0, "Total Cost": 1.38, "Plan Rows": 25, "Plan Width": 30, "Plans": [{"Node Type": "Seq Scan", "Parent Relationship": "Outer", "Relation Name": "nation", "Alias": "nation", "Startup Cost": 0.0, "Total Cost": 1.25, "Plan Rows": 25, "Plan Width": 30}]}]}, {"Node Type": "Bitmap Heap Scan", "Parent Relationship": "Inner", "Relation Name": "lineitem", "Alias": "lineitem", "Startup Cost": 1.93, "Total Cost": 14.05, "Plan Rows": 3, "Plan Width": 24, "Recheck Cond": "(l_orderkey = orders.o_orderkey)", "Filter": "(l_returnflag = 'R'::bpchar)", "Plans": [{"Node Type": "Bitmap Index Scan", "Parent Relationship": "Outer", "Index Name": "idx_lineitem_orderkey", "Startup Cost": 0.0, "Total Cost": 1.92, "Plan Rows": 9, "Plan Width": 0, "Index Cond": "(l_orderkey = orders.o_orderkey)"}]}]}]}]}]}, "Unique SQL Id": 1604070524, "Planner Runtime": 0}, "explain_analyze_plan": {"Plan": {"Node Type": "Limit", "Startup Cost": 11194981.94, "Total Cost": 11194981.99, "Plan Rows": 20, "Plan Width": 191, "Actual Startup Time": 17223.366, "Actual Total Time": 17223.373, "Actual Rows": 20, "Actual Loops": 1, "Plans": [{"Node Type": "Sort", "Parent Relationship": "Outer", "Startup Cost": 11194981.94, "Total Cost": 11198596.68, "Plan Rows": 20, "Plan Width": 191, "Actual Startup Time": 17223.363, "Actual Total Time": 17223.367, "Actual Rows": 20, "Actual Loops": 1, "Sort Key": ["(sum((lineitem.l_extendedprice * (1::double precision - lineitem.l_discount)))) DESC"], "Sort Method": "top-N heapsort", "Sort Space Used": 35, "Sort Space Type": "Memory", "Plans": [{"Node Type": "Aggregate", "Strategy": "Hashed", "Parent Relationship": "Outer", "Startup Cost": 11142048.13, "Total Cost": 11156507.11, "Plan Rows": 1445898, "Plan Width": 191, "Actual Startup Time": 16890.708, "Actual Total Time": 17089.166, "Actual Rows": 381542, "Actual Loops": 1, "Group By Key": ["customer.c_custkey", "customer.c_name", "customer.c_acctbal", "customer.c_phone", "nation.n_name", "customer.c_address", "customer.c_comment"], "Plans": [{"Node Type": "Nested Loop", "Parent Relationship": "Outer", "Join Type": "Inner", "Startup Cost": 14731.87, "Total Cost": 11105900.68, "Plan Rows": 1445898, "Plan Width": 191, "Actual Startup Time": 240.274, "Actual Total Time": 14881.711, "Actual Rows": 1145969, "Actual Loops": 1, "Inner Unique": false, "Plans": [{"Node Type": "Nested Loop", "Parent Relationship": "Outer", "Join Type": "Inner", "Startup Cost": 14729.94, "Total Cost": 3001163.72, "Plan Rows": 575746, "Plan Width": 183, "Actual Startup Time": 240.238, "Actual Total Time": 8428.873, "Actual Rows": 573635, "Actual Loops": 1, "Inner Unique": true, "Join Filter": "(customer.c_nationkey = nation.n_nationkey), (LLVM Optimized, Jit Execute)", "Rows Removed by Join Filter": 6871608, "Plans": [{"Node Type": "Nested Loop", "Parent Relationship": "Outer", "Join Type": "Inner", "Startup Cost": 14729.94, "Total Cost": 2785257.65, "Plan Rows": 575746, "Plan Width": 161, "Actual Startup Time": 240.181, "Actual Total Time": 6354.87, "Actual Rows": 573635, "Actual Loops": 1, "Inner Unique": true, "Plans": [{"Node Type": "Bitmap Heap Scan", "Parent Relationship": "Outer", "Relation Name": "orders", "Alias": "orders", "Startup Cost": 14729.65, "Total Cost": 299784.84, "Plan Rows": 575746, "Plan Width": 16, "Actual Startup Time": 240.099, "Actual Total Time": 1080.074, "Actual Rows": 573635, "Actual Loops": 1, "Recheck Cond": "((o_orderdate >= '1993-08-01 00:00:00'::timestamp(0) without time zone) AND (o_orderdate < '1993-11-01 00:00:00'::timestamp without time zone)), (LLVM Optimized, Jit Execute)", "Rows Removed by Index Recheck": 0, "Exact Heap Blocks": 242860, "Lossy Heap Blocks": 242860, "Plans": [{"Node Type": "Bitmap Index Scan", "Parent Relationship": "Outer", "Index Name": "idx_orders_orderdate", "Startup Cost": 0.0, "Total Cost": 14585.71, "Plan Rows": 575746, "Plan Width": 0, "Actual Startup Time": 163.839, "Actual Total Time": 163.839, "Actual Rows": 573635, "Actual Loops": 1, "Index Cond": "((o_orderdate >= '1993-08-01 00:00:00'::timestamp(0) without time zone) AND (o_orderdate < '1993-11-01 00:00:00'::timestamp without time zone))"}]}, {"Node Type": "Bitmap Heap Scan", "Parent Relationship": "Inner", "Relation Name": "customer", "Alias": "customer", "Startup Cost": 0.29, "Total Cost": 4.31, "Plan Rows": 1, "Plan Width": 153, "Actual Startup Time": 4380.274, "Actual Total Time": 4380.274, "Actual Rows": 573635, "Actual Loops": 573635, "Recheck Cond": "(c_custkey = orders.o_custkey)", "Rows Removed by Index Recheck": 0, "Exact Heap Blocks": 573635, "Lossy Heap Blocks": 573635, "Plans": [{"Node Type": "Bitmap Index Scan", "Parent Relationship": "Outer", "Index Name": "customer_pkey", "Startup Cost": 0.0, "Total Cost": 0.29, "Plan Rows": 1, "Plan Width": 0, "Actual Startup Time": 2700.778, "Actual Total Time": 2700.778, "Actual Rows": 573635, "Actual Loops": 573635, "Index Cond": "(c_custkey = orders.o_custkey)"}]}]}, {"Node Type": "Materialize", "Parent Relationship": "Inner", "Startup Cost": 0.0, "Total Cost": 1.38, "Plan Rows": 25, "Plan Width": 30, "Actual Startup Time": 74.446, "Actual Total Time": 653.217, "Actual Rows": 7445243, "Actual Loops": 573635, "Plans": [{"Node Type": "Seq Scan", "Parent Relationship": "Outer", "Relation Name": "nation", "Alias": "nation", "Startup Cost": 0.0, "Total Cost": 1.25, "Plan Rows": 25, "Plan Width": 30, "Actual Startup Time": 0.019, "Actual Total Time": 0.023, "Actual Rows": 25, "Actual Loops": 1}]}]}, {"Node Type": "Bitmap Heap Scan", "Parent Relationship": "Inner", "Relation Name": "lineitem", "Alias": "lineitem", "Startup Cost": 1.93, "Total Cost": 14.05, "Plan Rows": 3, "Plan Width": 24, "Actual Startup Time": 4932.438, "Actual Total Time": 5468.969, "Actual Rows": 1145969, "Actual Loops": 573635, "Recheck Cond": "(l_orderkey = orders.o_orderkey)", "Rows Removed by Index Recheck": 0, "Filter": "(l_returnflag = 'R'::bpchar)", "Rows Removed by Filter": 1146896, "Exact Heap Blocks": 614400, "Lossy Heap Blocks": 614400, "Plans": [{"Node Type": "Bitmap Index Scan", "Parent Relationship": "Outer", "Index Name": "idx_lineitem_orderkey", "Startup Cost": 0.0, "Total Cost": 1.92, "Plan Rows": 9, "Plan Width": 0, "Actual Startup Time": 2545.514, "Actual Total Time": 2545.514, "Actual Rows": 2292865, "Actual Loops": 573635, "Index Cond": "(l_orderkey = orders.o_orderkey)"}]}]}]}]}]}, "Triggers": [], "Planner Runtime": 0, "Total Runtime": 17233.751, "Unique SQL Id": 1604070524}}, "(1, 51)": {"explain_plan": {"Plan": {"Node Type": "Limit", "Startup Cost": 13443415.76, "Total Cost": 13443415.81, "Plan Rows": 20, "Plan Width": 191, "Plans": [{"Node Type": "Sort", "Parent Relationship": "Outer", "Startup Cost": 13443415.76, "Total Cost": 13447030.51, "Plan Rows": 20, "Plan Width": 191, "Sort Key": ["(sum((lineitem.l_extendedprice * (1::double precision - lineitem.l_discount)))) DESC"], "Plans": [{"Node Type": "Aggregate", "Strategy": "Hashed", "Parent Relationship": "Outer", "Startup Cost": 13390481.96, "Total Cost": 13404940.94, "Plan Rows": 1445898, "Plan Width": 191, "Group By Key": ["customer.c_custkey", "customer.c_name", "customer.c_acctbal", "customer.c_phone", "nation.n_name", "customer.c_address", "customer.c_comment"], "Plans": [{"Node Type": "Nested Loop", "Parent Relationship": "Outer", "Join Type": "Inner", "Startup Cost": 14732.12, "Total Cost": 13354334.51, "Plan Rows": 1445898, "Plan Width": 191, "Inner Unique": false, "Plans": [{"Node Type": "Nested Loop", "Parent Relationship": "Outer", "Join Type": "Inner", "Startup Cost": 14730.2, "Total Cost": 5249597.54, "Plan Rows": 575746, "Plan Width": 183, "Inner Unique": true, "Plans": [{"Node Type": "Nested Loop", "Parent Relationship": "Outer", "Join Type": "Inner", "Startup Cost": 14729.94, "Total Cost": 2785257.65, "Plan Rows": 575746, "Plan Width": 161, "Inner Unique": true, "Plans": [{"Node Type": "Bitmap Heap Scan", "Parent Relationship": "Outer", "Relation Name": "orders", "Alias": "orders", "Startup Cost": 14729.65, "Total Cost": 299784.84, "Plan Rows": 575746, "Plan Width": 16, "Recheck Cond": "((o_orderdate >= '1993-08-01 00:00:00'::timestamp(0) without time zone) AND (o_orderdate < '1993-11-01 00:00:00'::timestamp without time zone)), (LLVM Optimized)", "Plans": [{"Node Type": "Bitmap Index Scan", "Parent Relationship": "Outer", "Index Name": "idx_orders_orderdate", "Startup Cost": 0.0, "Total Cost": 14585.71, "Plan Rows": 575746, "Plan Width": 0, "Index Cond": "((o_orderdate >= '1993-08-01 00:00:00'::timestamp(0) without time zone) AND (o_orderdate < '1993-11-01 00:00:00'::timestamp without time zone))"}]}, {"Node Type": "Bitmap Heap Scan", "Parent Relationship": "Inner", "Relation Name": "customer", "Alias": "customer", "Startup Cost": 0.29, "Total Cost": 4.31, "Plan Rows": 1, "Plan Width": 153, "Recheck Cond": "(c_custkey = orders.o_custkey)", "Plans": [{"Node Type": "Bitmap Index Scan", "Parent Relationship": "Outer", "Index Name": "customer_pkey", "Startup Cost": 0.0, "Total Cost": 0.29, "Plan Rows": 1, "Plan Width": 0, "Index Cond": "(c_custkey = orders.o_custkey)"}]}]}, {"Node Type": "Bitmap Heap Scan", "Parent Relationship": "Inner", "Relation Name": "nation", "Alias": "nation", "Startup Cost": 0.26, "Total Cost": 4.27, "Plan Rows": 1, "Plan Width": 30, "Recheck Cond": "(n_nationkey = customer.c_nationkey)", "Plans": [{"Node Type": "Bitmap Index Scan", "Parent Relationship": "Outer", "Index Name": "nation_pkey", "Startup Cost": 0.0, "Total Cost": 0.26, "Plan Rows": 1, "Plan Width": 0, "Index Cond": "(n_nationkey = customer.c_nationkey)"}]}]}, {"Node Type": "Bitmap Heap Scan", "Parent Relationship": "Inner", "Relation Name": "lineitem", "Alias": "lineitem", "Startup Cost": 1.93, "Total Cost": 14.05, "Plan Rows": 3, "Plan Width": 24, "Recheck Cond": "(l_orderkey = orders.o_orderkey)", "Filter": "(l_returnflag = 'R'::bpchar)", "Plans": [{"Node Type": "Bitmap Index Scan", "Parent Relationship": "Outer", "Index Name": "idx_lineitem_orderkey", "Startup Cost": 0.0, "Total Cost": 1.92, "Plan Rows": 9, "Plan Width": 0, "Index Cond": "(l_orderkey = orders.o_orderkey)"}]}]}]}]}]}, "Unique SQL Id": 1604070524, "Planner Runtime": 1}, "explain_analyze_plan": {"Plan": {"Node Type": "Limit", "Startup Cost": 13443415.76, "Total Cost": 13443415.81, "Plan Rows": 20, "Plan Width": 191, "Actual Startup Time": 17197.212, "Actual Total Time": 17197.217, "Actual Rows": 20, "Actual Loops": 1, "Plans": [{"Node Type": "Sort", "Parent Relationship": "Outer", "Startup Cost": 13443415.76, "Total Cost": 13447030.51, "Plan Rows": 20, "Plan Width": 191, "Actual Startup Time": 17197.208, "Actual Total Time": 17197.21, "Actual Rows": 20, "Actual Loops": 1, "Sort Key": ["(sum((lineitem.l_extendedprice * (1::double precision - lineitem.l_discount)))) DESC"], "Sort Method": "top-N heapsort", "Sort Space Used": 35, "Sort Space Type": "Memory", "Plans": [{"Node Type": "Aggregate", "Strategy": "Hashed", "Parent Relationship": "Outer", "Startup Cost": 13390481.96, "Total Cost": 13404940.94, "Plan Rows": 1445898, "Plan Width": 191, "Actual Startup Time": 16740.682, "Actual Total Time": 17059.666, "Actual Rows": 381542, "Actual Loops": 1, "Group By Key": ["customer.c_custkey", "customer.c_name", "customer.c_acctbal", "customer.c_phone", "nation.n_name", "customer.c_address", "customer.c_comment"], "Plans": [{"Node Type": "Nested Loop", "Parent Relationship": "Outer", "Join Type": "Inner", "Startup Cost": 14732.12, "Total Cost": 13354334.51, "Plan Rows": 1445898, "Plan Width": 191, "Actual Startup Time": 238.524, "Actual Total Time": 14766.149, "Actual Rows": 1145969, "Actual Loops": 1, "Inner Unique": false, "Plans": [{"Node Type": "Nested Loop", "Parent Relationship": "Outer", "Join Type": "Inner", "Startup Cost": 14730.2, "Total Cost": 5249597.54, "Plan Rows": 575746, "Plan Width": 183, "Actual Startup Time": 238.474, "Actual Total Time": 8454.028, "Actual Rows": 573635, "Actual Loops": 1, "Inner Unique": true, "Plans": [{"Node Type": "Nested Loop", "Parent Relationship": "Outer", "Join Type": "Inner", "Startup Cost": 14729.94, "Total Cost": 2785257.65, "Plan Rows": 575746, "Plan Width": 161, "Actual Startup Time": 238.424, "Actual Total Time": 6266.051, "Actual Rows": 573635, "Actual Loops": 1, "Inner Unique": true, "Plans": [{"Node Type": "Bitmap Heap Scan", "Parent Relationship": "Outer", "Relation Name": "orders", "Alias": "orders", "Startup Cost": 14729.65, "Total Cost": 299784.84, "Plan Rows": 575746, "Plan Width": 16, "Actual Startup Time": 238.197, "Actual Total Time": 1069.489, "Actual Rows": 573635, "Actual Loops": 1, "Recheck Cond": "((o_orderdate >= '1993-08-01 00:00:00'::timestamp(0) without time zone) AND (o_orderdate < '1993-11-01 00:00:00'::timestamp without time zone)), (LLVM Optimized, Jit Execute)", "Rows Removed by Index Recheck": 0, "Exact Heap Blocks": 242860, "Lossy Heap Blocks": 242860, "Plans": [{"Node Type": "Bitmap Index Scan", "Parent Relationship": "Outer", "Index Name": "idx_orders_orderdate", "Startup Cost": 0.0, "Total Cost": 14585.71, "Plan Rows": 575746, "Plan Width": 0, "Actual Startup Time": 163.236, "Actual Total Time": 163.236, "Actual Rows": 573635, "Actual Loops": 1, "Index Cond": "((o_orderdate >= '1993-08-01 00:00:00'::timestamp(0) without time zone) AND (o_orderdate < '1993-11-01 00:00:00'::timestamp without time zone))"}]}, {"Node Type": "Bitmap Heap Scan", "Parent Relationship": "Inner", "Relation Name": "customer", "Alias": "customer", "Startup Cost": 0.29, "Total Cost": 4.31, "Plan Rows": 1, "Plan Width": 153, "Actual Startup Time": 4318.454, "Actual Total Time": 4318.454, "Actual Rows": 573635, "Actual Loops": 573635, "Recheck Cond": "(c_custkey = orders.o_custkey)", "Rows Removed by Index Recheck": 0, "Exact Heap Blocks": 573635, "Lossy Heap Blocks": 573635, "Plans": [{"Node Type": "Bitmap Index Scan", "Parent Relationship": "Outer", "Index Name": "customer_pkey", "Startup Cost": 0.0, "Total Cost": 0.29, "Plan Rows": 1, "Plan Width": 0, "Actual Startup Time": 2664.814, "Actual Total Time": 2664.814, "Actual Rows": 573635, "Actual Loops": 573635, "Index Cond": "(c_custkey = orders.o_custkey)"}]}]}, {"Node Type": "Bitmap Heap Scan", "Parent Relationship": "Inner", "Relation Name": "nation", "Alias": "nation", "Startup Cost": 0.26, "Total Cost": 4.27, "Plan Rows": 1, "Plan Width": 30, "Actual Startup Time": 1395.278, "Actual Total Time": 1395.278, "Actual Rows": 573635, "Actual Loops": 573635, "Recheck Cond": "(n_nationkey = customer.c_nationkey)", "Rows Removed by Index Recheck": 0, "Exact Heap Blocks": 573635, "Lossy Heap Blocks": 573635, "Plans": [{"Node Type": "Bitmap Index Scan", "Parent Relationship": "Outer", "Index Name": "nation_pkey", "Startup Cost": 0.0, "Total Cost": 0.26, "Plan Rows": 1, "Plan Width": 0, "Actual Startup Time": 608.282, "Actual Total Time": 608.282, "Actual Rows": 573635, "Actual Loops": 573635, "Index Cond": "(n_nationkey = customer.c_nationkey)"}]}]}, {"Node Type": "Bitmap Heap Scan", "Parent Relationship": "Inner", "Relation Name": "lineitem", "Alias": "lineitem", "Startup Cost": 1.93, "Total Cost": 14.05, "Plan Rows": 3, "Plan Width": 24, "Actual Startup Time": 4824.259, "Actual Total Time": 5354.044, "Actual Rows": 1145969, "Actual Loops": 573635, "Recheck Cond": "(l_orderkey = orders.o_orderkey)", "Rows Removed by Index Recheck": 0, "Filter": "(l_returnflag = 'R'::bpchar)", "Rows Removed by Filter": 1146896, "Exact Heap Blocks": 614400, "Lossy Heap Blocks": 614400, "Plans": [{"Node Type": "Bitmap Index Scan", "Parent Relationship": "Outer", "Index Name": "idx_lineitem_orderkey", "Startup Cost": 0.0, "Total Cost": 1.92, "Plan Rows": 9, "Plan Width": 0, "Actual Startup Time": 2480.858, "Actual Total Time": 2480.858, "Actual Rows": 2292865, "Actual Loops": 573635, "Index Cond": "(l_orderkey = orders.o_orderkey)"}]}]}]}]}]}, "Triggers": [], "Planner Runtime": 0, "Total Runtime": 17207.36, "Unique SQL Id": 1604070524}}, "(1, 52)": {"explain_plan": {"Plan": {"Node Type": "Limit", "Startup Cost": 3997545.9, "Total Cost": 3997545.95, "Plan Rows": 20, "Plan Width": 191, "Plans": [{"Node Type": "Sort", "Parent Relationship": "Outer", "Startup Cost": 3997545.9, "Total Cost": 4001160.65, "Plan Rows": 20, "Plan Width": 191, "Sort Key": ["(sum((lineitem.l_extendedprice * (1::double precision - lineitem.l_discount)))) DESC"], "Plans": [{"Node Type": "Aggregate", "Strategy": "Hashed", "Parent Relationship": "Outer", "Startup Cost": 3944612.1, "Total Cost": 3959071.08, "Plan Rows": 1445898, "Plan Width": 191, "Group By Key": ["customer.c_custkey", "customer.c_name", "customer.c_acctbal", "customer.c_phone", "nation.n_name", "customer.c_address", "customer.c_comment"], "Plans": [{"Node Type": "Nested Loop", "Parent Relationship": "Outer", "Join Type": "Inner", "Startup Cost": 14729.65, "Total Cost": 3908464.65, "Plan Rows": 1445898, "Plan Width": 191, "Inner Unique": false, "Plans": [{"Node Type": "Nested Loop", "Parent Relationship": "Outer", "Join Type": "Inner", "Startup Cost": 14729.65, "Total Cost": 791847.2, "Plan Rows": 575746, "Plan Width": 183, "Inner Unique": true, "Plans": [{"Node Type": "Nested Loop", "Parent Relationship": "Outer", "Join Type": "Inner", "Startup Cost": 14729.65, "Total Cost": 630633.72, "Plan Rows": 575746, "Plan Width": 161, "Inner Unique": true, "Plans": [{"Node Type": "Bitmap Heap Scan", "Parent Relationship": "Outer", "Relation Name": "orders", "Alias": "orders", "Startup Cost": 14729.65, "Total Cost": 299784.84, "Plan Rows": 575746, "Plan Width": 16, "Recheck Cond": "((o_orderdate >= '1993-08-01 00:00:00'::timestamp(0) without time zone) AND (o_orderdate < '1993-11-01 00:00:00'::timestamp without time zone)), (LLVM Optimized)", "Plans": [{"Node Type": "Bitmap Index Scan", "Parent Relationship": "Outer", "Index Name": "idx_orders_orderdate", "Startup Cost": 0.0, "Total Cost": 14585.71, "Plan Rows": 575746, "Plan Width": 0, "Index Cond": "((o_orderdate >= '1993-08-01 00:00:00'::timestamp(0) without time zone) AND (o_orderdate < '1993-11-01 00:00:00'::timestamp without time zone))"}]}, {"Node Type": "Index Scan", "Parent Relationship": "Inner", "Scan Direction": "Forward", "Index Name": "customer_pkey", "Relation Name": "customer", "Alias": "customer", "Startup Cost": 0.0, "Total Cost": 0.56, "Plan Rows": 1, "Plan Width": 153, "Index Cond": "(c_custkey = orders.o_custkey)"}]}, {"Node Type": "Index Scan", "Parent Relationship": "Inner", "Scan Direction": "Forward", "Index Name": "nation_pkey", "Relation Name": "nation", "Alias": "nation", "Startup Cost": 0.0, "Total Cost": 0.27, "Plan Rows": 1, "Plan Width": 30, "Index Cond": "(n_nationkey = customer.c_nationkey)"}]}, {"Node Type": "Index Scan", "Parent Relationship": "Inner", "Scan Direction": "Forward", "Index Name": "idx_lineitem_orderkey", "Relation Name": "lineitem", "Alias": "lineitem", "Startup Cost": 0.0, "Total Cost": 5.38, "Plan Rows": 3, "Plan Width": 24, "Index Cond": "(l_orderkey = orders.o_orderkey)", "Filter": "(l_returnflag = 'R'::bpchar)"}]}]}]}]}, "Unique SQL Id": 1604070524, "Planner Runtime": 0}, "explain_analyze_plan": {"Plan": {"Node Type": "Limit", "Startup Cost": 3997545.9, "Total Cost": 3997545.95, "Plan Rows": 20, "Plan Width": 191, "Actual Startup Time": 13373.541, "Actual Total Time": 13373.546, "Actual Rows": 20, "Actual Loops": 1, "Plans": [{"Node Type": "Sort", "Parent Relationship": "Outer", "Startup Cost": 3997545.9, "Total Cost": 4001160.65, "Plan Rows": 20, "Plan Width": 191, "Actual Startup Time": 13373.538, "Actual Total Time": 13373.54, "Actual Rows": 20, "Actual Loops": 1, "Sort Key": ["(sum((lineitem.l_extendedprice * (1::double precision - lineitem.l_discount)))) DESC"], "Sort Method": "top-N heapsort", "Sort Space Used": 35, "Sort Space Type": "Memory", "Plans": [{"Node Type": "Aggregate", "Strategy": "Hashed", "Parent Relationship": "Outer", "Startup Cost": 3944612.1, "Total Cost": 3959071.08, "Plan Rows": 1445898, "Plan Width": 191, "Actual Startup Time": 13040.548, "Actual Total Time": 13240.101, "Actual Rows": 381542, "Actual Loops": 1, "Group By Key": ["customer.c_custkey", "customer.c_name", "customer.c_acctbal", "customer.c_phone", "nation.n_name", "customer.c_address", "customer.c_comment"], "Plans": [{"Node Type": "Nested Loop", "Parent Relationship": "Outer", "Join Type": "Inner", "Startup Cost": 14729.65, "Total Cost": 3908464.65, "Plan Rows": 1445898, "Plan Width": 191, "Actual Startup Time": 241.378, "Actual Total Time": 11182.684, "Actual Rows": 1145969, "Actual Loops": 1, "Inner Unique": false, "Plans": [{"Node Type": "Nested Loop", "Parent Relationship": "Outer", "Join Type": "Inner", "Startup Cost": 14729.65, "Total Cost": 791847.2, "Plan Rows": 575746, "Plan Width": 183, "Actual Startup Time": 241.335, "Actual Total Time": 6039.514, "Actual Rows": 573635, "Actual Loops": 1, "Inner Unique": true, "Plans": [{"Node Type": "Nested Loop", "Parent Relationship": "Outer", "Join Type": "Inner", "Startup Cost": 14729.65, "Total Cost": 630633.72, "Plan Rows": 575746, "Plan Width": 161, "Actual Startup Time": 241.326, "Actual Total Time": 4786.093, "Actual Rows": 573635, "Actual Loops": 1, "Inner Unique": true, "Plans": [{"Node Type": "Bitmap Heap Scan", "Parent Relationship": "Outer", "Relation Name": "orders", "Alias": "orders", "Startup Cost": 14729.65, "Total Cost": 299784.84, "Plan Rows": 575746, "Plan Width": 16, "Actual Startup Time": 241.273, "Actual Total Time": 993.913, "Actual Rows": 573635, "Actual Loops": 1, "Recheck Cond": "((o_orderdate >= '1993-08-01 00:00:00'::timestamp(0) without time zone) AND (o_orderdate < '1993-11-01 00:00:00'::timestamp without time zone)), (LLVM Optimized, Jit Execute)", "Rows Removed by Index Recheck": 0, "Exact Heap Blocks": 242860, "Lossy Heap Blocks": 242860, "Plans": [{"Node Type": "Bitmap Index Scan", "Parent Relationship": "Outer", "Index Name": "idx_orders_orderdate", "Startup Cost": 0.0, "Total Cost": 14585.71, "Plan Rows": 575746, "Plan Width": 0, "Actual Startup Time": 165.433, "Actual Total Time": 165.433, "Actual Rows": 573635, "Actual Loops": 1, "Index Cond": "((o_orderdate >= '1993-08-01 00:00:00'::timestamp(0) without time zone) AND (o_orderdate < '1993-11-01 00:00:00'::timestamp without time zone))"}]}, {"Node Type": "Index Scan", "Parent Relationship": "Inner", "Scan Direction": "Forward", "Index Name": "customer_pkey", "Relation Name": "customer", "Alias": "customer", "Startup Cost": 0.0, "Total Cost": 0.56, "Plan Rows": 1, "Plan Width": 153, "Actual Startup Time": 3277.633, "Actual Total Time": 3277.633, "Actual Rows": 573635, "Actual Loops": 573635, "Index Cond": "(c_custkey = orders.o_custkey)", "Rows Removed by Index Recheck": 0}]}, {"Node Type": "Index Scan", "Parent Relationship": "Inner", "Scan Direction": "Forward", "Index Name": "nation_pkey", "Relation Name": "nation", "Alias": "nation", "Startup Cost": 0.0, "Total Cost": 0.27, "Plan Rows": 1, "Plan Width": 30, "Actual Startup Time": 797.22, "Actual Total Time": 797.22, "Actual Rows": 573635, "Actual Loops": 573635, "Index Cond": "(n_nationkey = customer.c_nationkey)", "Rows Removed by Index Recheck": 0}]}, {"Node Type": "Index Scan", "Parent Relationship": "Inner", "Scan Direction": "Forward", "Index Name": "idx_lineitem_orderkey", "Relation Name": "lineitem", "Alias": "lineitem", "Startup Cost": 0.0, "Total Cost": 5.38, "Plan Rows": 3, "Plan Width": 24, "Actual Startup Time": 3405.561, "Actual Total Time": 4562.606, "Actual Rows": 1145969, "Actual Loops": 573635, "Index Cond": "(l_orderkey = orders.o_orderkey)", "Rows Removed by Index Recheck": 0, "Filter": "(l_returnflag = 'R'::bpchar)", "Rows Removed by Filter": 1146896}]}]}]}]}, "Triggers": [], "Planner Runtime": 0, "Total Runtime": 13383.713, "Unique SQL Id": 1604070524}}, "(1, 53)": {"explain_plan": {"Plan": {"Node Type": "Limit", "Startup Cost": 3997545.9, "Total Cost": 3997545.95, "Plan Rows": 20, "Plan Width": 191, "Plans": [{"Node Type": "Sort", "Parent Relationship": "Outer", "Startup Cost": 3997545.9, "Total Cost": 4001160.65, "Plan Rows": 20, "Plan Width": 191, "Sort Key": ["(sum((lineitem.l_extendedprice * (1::double precision - lineitem.l_discount)))) DESC"], "Plans": [{"Node Type": "Aggregate", "Strategy": "Hashed", "Parent Relationship": "Outer", "Startup Cost": 3944612.1, "Total Cost": 3959071.08, "Plan Rows": 1445898, "Plan Width": 191, "Group By Key": ["customer.c_custkey", "customer.c_name", "customer.c_acctbal", "customer.c_phone", "nation.n_name", "customer.c_address", "customer.c_comment"], "Plans": [{"Node Type": "Nested Loop", "Parent Relationship": "Outer", "Join Type": "Inner", "Startup Cost": 14729.65, "Total Cost": 3908464.65, "Plan Rows": 1445898, "Plan Width": 191, "Inner Unique": false, "Plans": [{"Node Type": "Nested Loop", "Parent Relationship": "Outer", "Join Type": "Inner", "Startup Cost": 14729.65, "Total Cost": 791847.2, "Plan Rows": 575746, "Plan Width": 183, "Inner Unique": true, "Plans": [{"Node Type": "Nested Loop", "Parent Relationship": "Outer", "Join Type": "Inner", "Startup Cost": 14729.65, "Total Cost": 630633.72, "Plan Rows": 575746, "Plan Width": 161, "Inner Unique": true, "Plans": [{"Node Type": "Bitmap Heap Scan", "Parent Relationship": "Outer", "Relation Name": "orders", "Alias": "orders", "Startup Cost": 14729.65, "Total Cost": 299784.84, "Plan Rows": 575746, "Plan Width": 16, "Recheck Cond": "((o_orderdate >= '1993-08-01 00:00:00'::timestamp(0) without time zone) AND (o_orderdate < '1993-11-01 00:00:00'::timestamp without time zone)), (LLVM Optimized)", "Plans": [{"Node Type": "Bitmap Index Scan", "Parent Relationship": "Outer", "Index Name": "idx_orders_orderdate", "Startup Cost": 0.0, "Total Cost": 14585.71, "Plan Rows": 575746, "Plan Width": 0, "Index Cond": "((o_orderdate >= '1993-08-01 00:00:00'::timestamp(0) without time zone) AND (o_orderdate < '1993-11-01 00:00:00'::timestamp without time zone))"}]}, {"Node Type": "Index Scan", "Parent Relationship": "Inner", "Scan Direction": "Forward", "Index Name": "customer_pkey", "Relation Name": "customer", "Alias": "customer", "Startup Cost": 0.0, "Total Cost": 0.56, "Plan Rows": 1, "Plan Width": 153, "Index Cond": "(c_custkey = orders.o_custkey)"}]}, {"Node Type": "Index Scan", "Parent Relationship": "Inner", "Scan Direction": "Forward", "Index Name": "nation_pkey", "Relation Name": "nation", "Alias": "nation", "Startup Cost": 0.0, "Total Cost": 0.27, "Plan Rows": 1, "Plan Width": 30, "Index Cond": "(n_nationkey = customer.c_nationkey)"}]}, {"Node Type": "Index Scan", "Parent Relationship": "Inner", "Scan Direction": "Forward", "Index Name": "idx_lineitem_orderkey", "Relation Name": "lineitem", "Alias": "lineitem", "Startup Cost": 0.0, "Total Cost": 5.38, "Plan Rows": 3, "Plan Width": 24, "Index Cond": "(l_orderkey = orders.o_orderkey)", "Filter": "(l_returnflag = 'R'::bpchar)"}]}]}]}]}, "Unique SQL Id": 1604070524, "Planner Runtime": 0}, "explain_analyze_plan": {"Plan": {"Node Type": "Limit", "Startup Cost": 3997545.9, "Total Cost": 3997545.95, "Plan Rows": 20, "Plan Width": 191, "Actual Startup Time": 13373.541, "Actual Total Time": 13373.546, "Actual Rows": 20, "Actual Loops": 1, "Plans": [{"Node Type": "Sort", "Parent Relationship": "Outer", "Startup Cost": 3997545.9, "Total Cost": 4001160.65, "Plan Rows": 20, "Plan Width": 191, "Actual Startup Time": 13373.538, "Actual Total Time": 13373.54, "Actual Rows": 20, "Actual Loops": 1, "Sort Key": ["(sum((lineitem.l_extendedprice * (1::double precision - lineitem.l_discount)))) DESC"], "Sort Method": "top-N heapsort", "Sort Space Used": 35, "Sort Space Type": "Memory", "Plans": [{"Node Type": "Aggregate", "Strategy": "Hashed", "Parent Relationship": "Outer", "Startup Cost": 3944612.1, "Total Cost": 3959071.08, "Plan Rows": 1445898, "Plan Width": 191, "Actual Startup Time": 13040.548, "Actual Total Time": 13240.101, "Actual Rows": 381542, "Actual Loops": 1, "Group By Key": ["customer.c_custkey", "customer.c_name", "customer.c_acctbal", "customer.c_phone", "nation.n_name", "customer.c_address", "customer.c_comment"], "Plans": [{"Node Type": "Nested Loop", "Parent Relationship": "Outer", "Join Type": "Inner", "Startup Cost": 14729.65, "Total Cost": 3908464.65, "Plan Rows": 1445898, "Plan Width": 191, "Actual Startup Time": 241.378, "Actual Total Time": 11182.684, "Actual Rows": 1145969, "Actual Loops": 1, "Inner Unique": false, "Plans": [{"Node Type": "Nested Loop", "Parent Relationship": "Outer", "Join Type": "Inner", "Startup Cost": 14729.65, "Total Cost": 791847.2, "Plan Rows": 575746, "Plan Width": 183, "Actual Startup Time": 241.335, "Actual Total Time": 6039.514, "Actual Rows": 573635, "Actual Loops": 1, "Inner Unique": true, "Plans": [{"Node Type": "Nested Loop", "Parent Relationship": "Outer", "Join Type": "Inner", "Startup Cost": 14729.65, "Total Cost": 630633.72, "Plan Rows": 575746, "Plan Width": 161, "Actual Startup Time": 241.326, "Actual Total Time": 4786.093, "Actual Rows": 573635, "Actual Loops": 1, "Inner Unique": true, "Plans": [{"Node Type": "Bitmap Heap Scan", "Parent Relationship": "Outer", "Relation Name": "orders", "Alias": "orders", "Startup Cost": 14729.65, "Total Cost": 299784.84, "Plan Rows": 575746, "Plan Width": 16, "Actual Startup Time": 241.273, "Actual Total Time": 993.913, "Actual Rows": 573635, "Actual Loops": 1, "Recheck Cond": "((o_orderdate >= '1993-08-01 00:00:00'::timestamp(0) without time zone) AND (o_orderdate < '1993-11-01 00:00:00'::timestamp without time zone)), (LLVM Optimized, Jit Execute)", "Rows Removed by Index Recheck": 0, "Exact Heap Blocks": 242860, "Lossy Heap Blocks": 242860, "Plans": [{"Node Type": "Bitmap Index Scan", "Parent Relationship": "Outer", "Index Name": "idx_orders_orderdate", "Startup Cost": 0.0, "Total Cost": 14585.71, "Plan Rows": 575746, "Plan Width": 0, "Actual Startup Time": 165.433, "Actual Total Time": 165.433, "Actual Rows": 573635, "Actual Loops": 1, "Index Cond": "((o_orderdate >= '1993-08-01 00:00:00'::timestamp(0) without time zone) AND (o_orderdate < '1993-11-01 00:00:00'::timestamp without time zone))"}]}, {"Node Type": "Index Scan", "Parent Relationship": "Inner", "Scan Direction": "Forward", "Index Name": "customer_pkey", "Relation Name": "customer", "Alias": "customer", "Startup Cost": 0.0, "Total Cost": 0.56, "Plan Rows": 1, "Plan Width": 153, "Actual Startup Time": 3277.633, "Actual Total Time": 3277.633, "Actual Rows": 573635, "Actual Loops": 573635, "Index Cond": "(c_custkey = orders.o_custkey)", "Rows Removed by Index Recheck": 0}]}, {"Node Type": "Index Scan", "Parent Relationship": "Inner", "Scan Direction": "Forward", "Index Name": "nation_pkey", "Relation Name": "nation", "Alias": "nation", "Startup Cost": 0.0, "Total Cost": 0.27, "Plan Rows": 1, "Plan Width": 30, "Actual Startup Time": 797.22, "Actual Total Time": 797.22, "Actual Rows": 573635, "Actual Loops": 573635, "Index Cond": "(n_nationkey = customer.c_nationkey)", "Rows Removed by Index Recheck": 0}]}, {"Node Type": "Index Scan", "Parent Relationship": "Inner", "Scan Direction": "Forward", "Index Name": "idx_lineitem_orderkey", "Relation Name": "lineitem", "Alias": "lineitem", "Startup Cost": 0.0, "Total Cost": 5.38, "Plan Rows": 3, "Plan Width": 24, "Actual Startup Time": 3405.561, "Actual Total Time": 4562.606, "Actual Rows": 1145969, "Actual Loops": 573635, "Index Cond": "(l_orderkey = orders.o_orderkey)", "Rows Removed by Index Recheck": 0, "Filter": "(l_returnflag = 'R'::bpchar)", "Rows Removed by Filter": 1146896}]}]}]}]}, "Triggers": [], "Planner Runtime": 0, "Total Runtime": 13383.713, "Unique SQL Id": 1604070524}}, "(1, 54)": {"explain_plan": {"Plan": {"Node Type": "Limit", "Startup Cost": 11194981.94, "Total Cost": 11194981.99, "Plan Rows": 20, "Plan Width": 191, "Plans": [{"Node Type": "Sort", "Parent Relationship": "Outer", "Startup Cost": 11194981.94, "Total Cost": 11198596.68, "Plan Rows": 20, "Plan Width": 191, "Sort Key": ["(sum((lineitem.l_extendedprice * (1::double precision - lineitem.l_discount)))) DESC"], "Plans": [{"Node Type": "Aggregate", "Strategy": "Hashed", "Parent Relationship": "Outer", "Startup Cost": 11142048.13, "Total Cost": 11156507.11, "Plan Rows": 1445898, "Plan Width": 191, "Group By Key": ["customer.c_custkey", "customer.c_name", "customer.c_acctbal", "customer.c_phone", "nation.n_name", "customer.c_address", "customer.c_comment"], "Plans": [{"Node Type": "Nested Loop", "Parent Relationship": "Outer", "Join Type": "Inner", "Startup Cost": 14731.87, "Total Cost": 11105900.68, "Plan Rows": 1445898, "Plan Width": 191, "Inner Unique": false, "Plans": [{"Node Type": "Nested Loop", "Parent Relationship": "Outer", "Join Type": "Inner", "Startup Cost": 14729.94, "Total Cost": 3001163.72, "Plan Rows": 575746, "Plan Width": 183, "Inner Unique": true, "Join Filter": "(customer.c_nationkey = nation.n_nationkey), (LLVM Optimized)", "Plans": [{"Node Type": "Nested Loop", "Parent Relationship": "Outer", "Join Type": "Inner", "Startup Cost": 14729.94, "Total Cost": 2785257.65, "Plan Rows": 575746, "Plan Width": 161, "Inner Unique": true, "Plans": [{"Node Type": "Bitmap Heap Scan", "Parent Relationship": "Outer", "Relation Name": "orders", "Alias": "orders", "Startup Cost": 14729.65, "Total Cost": 299784.84, "Plan Rows": 575746, "Plan Width": 16, "Recheck Cond": "((o_orderdate >= '1993-08-01 00:00:00'::timestamp(0) without time zone) AND (o_orderdate < '1993-11-01 00:00:00'::timestamp without time zone)), (LLVM Optimized)", "Plans": [{"Node Type": "Bitmap Index Scan", "Parent Relationship": "Outer", "Index Name": "idx_orders_orderdate", "Startup Cost": 0.0, "Total Cost": 14585.71, "Plan Rows": 575746, "Plan Width": 0, "Index Cond": "((o_orderdate >= '1993-08-01 00:00:00'::timestamp(0) without time zone) AND (o_orderdate < '1993-11-01 00:00:00'::timestamp without time zone))"}]}, {"Node Type": "Bitmap Heap Scan", "Parent Relationship": "Inner", "Relation Name": "customer", "Alias": "customer", "Startup Cost": 0.29, "Total Cost": 4.31, "Plan Rows": 1, "Plan Width": 153, "Recheck Cond": "(c_custkey = orders.o_custkey)", "Plans": [{"Node Type": "Bitmap Index Scan", "Parent Relationship": "Outer", "Index Name": "customer_pkey", "Startup Cost": 0.0, "Total Cost": 0.29, "Plan Rows": 1, "Plan Width": 0, "Index Cond": "(c_custkey = orders.o_custkey)"}]}]}, {"Node Type": "Materialize", "Parent Relationship": "Inner", "Startup Cost": 0.0, "Total Cost": 1.38, "Plan Rows": 25, "Plan Width": 30, "Plans": [{"Node Type": "Seq Scan", "Parent Relationship": "Outer", "Relation Name": "nation", "Alias": "nation", "Startup Cost": 0.0, "Total Cost": 1.25, "Plan Rows": 25, "Plan Width": 30}]}]}, {"Node Type": "Bitmap Heap Scan", "Parent Relationship": "Inner", "Relation Name": "lineitem", "Alias": "lineitem", "Startup Cost": 1.93, "Total Cost": 14.05, "Plan Rows": 3, "Plan Width": 24, "Recheck Cond": "(l_orderkey = orders.o_orderkey)", "Filter": "(l_returnflag = 'R'::bpchar)", "Plans": [{"Node Type": "Bitmap Index Scan", "Parent Relationship": "Outer", "Index Name": "idx_lineitem_orderkey", "Startup Cost": 0.0, "Total Cost": 1.92, "Plan Rows": 9, "Plan Width": 0, "Index Cond": "(l_orderkey = orders.o_orderkey)"}]}]}]}]}]}, "Unique SQL Id": 1604070524, "Planner Runtime": 0}, "explain_analyze_plan": {"Plan": {"Node Type": "Limit", "Startup Cost": 11194981.94, "Total Cost": 11194981.99, "Plan Rows": 20, "Plan Width": 191, "Actual Startup Time": 17223.366, "Actual Total Time": 17223.373, "Actual Rows": 20, "Actual Loops": 1, "Plans": [{"Node Type": "Sort", "Parent Relationship": "Outer", "Startup Cost": 11194981.94, "Total Cost": 11198596.68, "Plan Rows": 20, "Plan Width": 191, "Actual Startup Time": 17223.363, "Actual Total Time": 17223.367, "Actual Rows": 20, "Actual Loops": 1, "Sort Key": ["(sum((lineitem.l_extendedprice * (1::double precision - lineitem.l_discount)))) DESC"], "Sort Method": "top-N heapsort", "Sort Space Used": 35, "Sort Space Type": "Memory", "Plans": [{"Node Type": "Aggregate", "Strategy": "Hashed", "Parent Relationship": "Outer", "Startup Cost": 11142048.13, "Total Cost": 11156507.11, "Plan Rows": 1445898, "Plan Width": 191, "Actual Startup Time": 16890.708, "Actual Total Time": 17089.166, "Actual Rows": 381542, "Actual Loops": 1, "Group By Key": ["customer.c_custkey", "customer.c_name", "customer.c_acctbal", "customer.c_phone", "nation.n_name", "customer.c_address", "customer.c_comment"], "Plans": [{"Node Type": "Nested Loop", "Parent Relationship": "Outer", "Join Type": "Inner", "Startup Cost": 14731.87, "Total Cost": 11105900.68, "Plan Rows": 1445898, "Plan Width": 191, "Actual Startup Time": 240.274, "Actual Total Time": 14881.711, "Actual Rows": 1145969, "Actual Loops": 1, "Inner Unique": false, "Plans": [{"Node Type": "Nested Loop", "Parent Relationship": "Outer", "Join Type": "Inner", "Startup Cost": 14729.94, "Total Cost": 3001163.72, "Plan Rows": 575746, "Plan Width": 183, "Actual Startup Time": 240.238, "Actual Total Time": 8428.873, "Actual Rows": 573635, "Actual Loops": 1, "Inner Unique": true, "Join Filter": "(customer.c_nationkey = nation.n_nationkey), (LLVM Optimized, Jit Execute)", "Rows Removed by Join Filter": 6871608, "Plans": [{"Node Type": "Nested Loop", "Parent Relationship": "Outer", "Join Type": "Inner", "Startup Cost": 14729.94, "Total Cost": 2785257.65, "Plan Rows": 575746, "Plan Width": 161, "Actual Startup Time": 240.181, "Actual Total Time": 6354.87, "Actual Rows": 573635, "Actual Loops": 1, "Inner Unique": true, "Plans": [{"Node Type": "Bitmap Heap Scan", "Parent Relationship": "Outer", "Relation Name": "orders", "Alias": "orders", "Startup Cost": 14729.65, "Total Cost": 299784.84, "Plan Rows": 575746, "Plan Width": 16, "Actual Startup Time": 240.099, "Actual Total Time": 1080.074, "Actual Rows": 573635, "Actual Loops": 1, "Recheck Cond": "((o_orderdate >= '1993-08-01 00:00:00'::timestamp(0) without time zone) AND (o_orderdate < '1993-11-01 00:00:00'::timestamp without time zone)), (LLVM Optimized, Jit Execute)", "Rows Removed by Index Recheck": 0, "Exact Heap Blocks": 242860, "Lossy Heap Blocks": 242860, "Plans": [{"Node Type": "Bitmap Index Scan", "Parent Relationship": "Outer", "Index Name": "idx_orders_orderdate", "Startup Cost": 0.0, "Total Cost": 14585.71, "Plan Rows": 575746, "Plan Width": 0, "Actual Startup Time": 163.839, "Actual Total Time": 163.839, "Actual Rows": 573635, "Actual Loops": 1, "Index Cond": "((o_orderdate >= '1993-08-01 00:00:00'::timestamp(0) without time zone) AND (o_orderdate < '1993-11-01 00:00:00'::timestamp without time zone))"}]}, {"Node Type": "Bitmap Heap Scan", "Parent Relationship": "Inner", "Relation Name": "customer", "Alias": "customer", "Startup Cost": 0.29, "Total Cost": 4.31, "Plan Rows": 1, "Plan Width": 153, "Actual Startup Time": 4380.274, "Actual Total Time": 4380.274, "Actual Rows": 573635, "Actual Loops": 573635, "Recheck Cond": "(c_custkey = orders.o_custkey)", "Rows Removed by Index Recheck": 0, "Exact Heap Blocks": 573635, "Lossy Heap Blocks": 573635, "Plans": [{"Node Type": "Bitmap Index Scan", "Parent Relationship": "Outer", "Index Name": "customer_pkey", "Startup Cost": 0.0, "Total Cost": 0.29, "Plan Rows": 1, "Plan Width": 0, "Actual Startup Time": 2700.778, "Actual Total Time": 2700.778, "Actual Rows": 573635, "Actual Loops": 573635, "Index Cond": "(c_custkey = orders.o_custkey)"}]}]}, {"Node Type": "Materialize", "Parent Relationship": "Inner", "Startup Cost": 0.0, "Total Cost": 1.38, "Plan Rows": 25, "Plan Width": 30, "Actual Startup Time": 74.446, "Actual Total Time": 653.217, "Actual Rows": 7445243, "Actual Loops": 573635, "Plans": [{"Node Type": "Seq Scan", "Parent Relationship": "Outer", "Relation Name": "nation", "Alias": "nation", "Startup Cost": 0.0, "Total Cost": 1.25, "Plan Rows": 25, "Plan Width": 30, "Actual Startup Time": 0.019, "Actual Total Time": 0.023, "Actual Rows": 25, "Actual Loops": 1}]}]}, {"Node Type": "Bitmap Heap Scan", "Parent Relationship": "Inner", "Relation Name": "lineitem", "Alias": "lineitem", "Startup Cost": 1.93, "Total Cost": 14.05, "Plan Rows": 3, "Plan Width": 24, "Actual Startup Time": 4932.438, "Actual Total Time": 5468.969, "Actual Rows": 1145969, "Actual Loops": 573635, "Recheck Cond": "(l_orderkey = orders.o_orderkey)", "Rows Removed by Index Recheck": 0, "Filter": "(l_returnflag = 'R'::bpchar)", "Rows Removed by Filter": 1146896, "Exact Heap Blocks": 614400, "Lossy Heap Blocks": 614400, "Plans": [{"Node Type": "Bitmap Index Scan", "Parent Relationship": "Outer", "Index Name": "idx_lineitem_orderkey", "Startup Cost": 0.0, "Total Cost": 1.92, "Plan Rows": 9, "Plan Width": 0, "Actual Startup Time": 2545.514, "Actual Total Time": 2545.514, "Actual Rows": 2292865, "Actual Loops": 573635, "Index Cond": "(l_orderkey = orders.o_orderkey)"}]}]}]}]}]}, "Triggers": [], "Planner Runtime": 0, "Total Runtime": 17233.751, "Unique SQL Id": 1604070524}}, "(1, 55)": {"explain_plan": {"Plan": {"Node Type": "Limit", "Startup Cost": 13443415.76, "Total Cost": 13443415.81, "Plan Rows": 20, "Plan Width": 191, "Plans": [{"Node Type": "Sort", "Parent Relationship": "Outer", "Startup Cost": 13443415.76, "Total Cost": 13447030.51, "Plan Rows": 20, "Plan Width": 191, "Sort Key": ["(sum((lineitem.l_extendedprice * (1::double precision - lineitem.l_discount)))) DESC"], "Plans": [{"Node Type": "Aggregate", "Strategy": "Hashed", "Parent Relationship": "Outer", "Startup Cost": 13390481.96, "Total Cost": 13404940.94, "Plan Rows": 1445898, "Plan Width": 191, "Group By Key": ["customer.c_custkey", "customer.c_name", "customer.c_acctbal", "customer.c_phone", "nation.n_name", "customer.c_address", "customer.c_comment"], "Plans": [{"Node Type": "Nested Loop", "Parent Relationship": "Outer", "Join Type": "Inner", "Startup Cost": 14732.12, "Total Cost": 13354334.51, "Plan Rows": 1445898, "Plan Width": 191, "Inner Unique": false, "Plans": [{"Node Type": "Nested Loop", "Parent Relationship": "Outer", "Join Type": "Inner", "Startup Cost": 14730.2, "Total Cost": 5249597.54, "Plan Rows": 575746, "Plan Width": 183, "Inner Unique": true, "Plans": [{"Node Type": "Nested Loop", "Parent Relationship": "Outer", "Join Type": "Inner", "Startup Cost": 14729.94, "Total Cost": 2785257.65, "Plan Rows": 575746, "Plan Width": 161, "Inner Unique": true, "Plans": [{"Node Type": "Bitmap Heap Scan", "Parent Relationship": "Outer", "Relation Name": "orders", "Alias": "orders", "Startup Cost": 14729.65, "Total Cost": 299784.84, "Plan Rows": 575746, "Plan Width": 16, "Recheck Cond": "((o_orderdate >= '1993-08-01 00:00:00'::timestamp(0) without time zone) AND (o_orderdate < '1993-11-01 00:00:00'::timestamp without time zone)), (LLVM Optimized)", "Plans": [{"Node Type": "Bitmap Index Scan", "Parent Relationship": "Outer", "Index Name": "idx_orders_orderdate", "Startup Cost": 0.0, "Total Cost": 14585.71, "Plan Rows": 575746, "Plan Width": 0, "Index Cond": "((o_orderdate >= '1993-08-01 00:00:00'::timestamp(0) without time zone) AND (o_orderdate < '1993-11-01 00:00:00'::timestamp without time zone))"}]}, {"Node Type": "Bitmap Heap Scan", "Parent Relationship": "Inner", "Relation Name": "customer", "Alias": "customer", "Startup Cost": 0.29, "Total Cost": 4.31, "Plan Rows": 1, "Plan Width": 153, "Recheck Cond": "(c_custkey = orders.o_custkey)", "Plans": [{"Node Type": "Bitmap Index Scan", "Parent Relationship": "Outer", "Index Name": "customer_pkey", "Startup Cost": 0.0, "Total Cost": 0.29, "Plan Rows": 1, "Plan Width": 0, "Index Cond": "(c_custkey = orders.o_custkey)"}]}]}, {"Node Type": "Bitmap Heap Scan", "Parent Relationship": "Inner", "Relation Name": "nation", "Alias": "nation", "Startup Cost": 0.26, "Total Cost": 4.27, "Plan Rows": 1, "Plan Width": 30, "Recheck Cond": "(n_nationkey = customer.c_nationkey)", "Plans": [{"Node Type": "Bitmap Index Scan", "Parent Relationship": "Outer", "Index Name": "nation_pkey", "Startup Cost": 0.0, "Total Cost": 0.26, "Plan Rows": 1, "Plan Width": 0, "Index Cond": "(n_nationkey = customer.c_nationkey)"}]}]}, {"Node Type": "Bitmap Heap Scan", "Parent Relationship": "Inner", "Relation Name": "lineitem", "Alias": "lineitem", "Startup Cost": 1.93, "Total Cost": 14.05, "Plan Rows": 3, "Plan Width": 24, "Recheck Cond": "(l_orderkey = orders.o_orderkey)", "Filter": "(l_returnflag = 'R'::bpchar)", "Plans": [{"Node Type": "Bitmap Index Scan", "Parent Relationship": "Outer", "Index Name": "idx_lineitem_orderkey", "Startup Cost": 0.0, "Total Cost": 1.92, "Plan Rows": 9, "Plan Width": 0, "Index Cond": "(l_orderkey = orders.o_orderkey)"}]}]}]}]}]}, "Unique SQL Id": 1604070524, "Planner Runtime": 0}, "explain_analyze_plan": {"Plan": {"Node Type": "Limit", "Startup Cost": 13443415.76, "Total Cost": 13443415.81, "Plan Rows": 20, "Plan Width": 191, "Actual Startup Time": 17197.212, "Actual Total Time": 17197.217, "Actual Rows": 20, "Actual Loops": 1, "Plans": [{"Node Type": "Sort", "Parent Relationship": "Outer", "Startup Cost": 13443415.76, "Total Cost": 13447030.51, "Plan Rows": 20, "Plan Width": 191, "Actual Startup Time": 17197.208, "Actual Total Time": 17197.21, "Actual Rows": 20, "Actual Loops": 1, "Sort Key": ["(sum((lineitem.l_extendedprice * (1::double precision - lineitem.l_discount)))) DESC"], "Sort Method": "top-N heapsort", "Sort Space Used": 35, "Sort Space Type": "Memory", "Plans": [{"Node Type": "Aggregate", "Strategy": "Hashed", "Parent Relationship": "Outer", "Startup Cost": 13390481.96, "Total Cost": 13404940.94, "Plan Rows": 1445898, "Plan Width": 191, "Actual Startup Time": 16740.682, "Actual Total Time": 17059.666, "Actual Rows": 381542, "Actual Loops": 1, "Group By Key": ["customer.c_custkey", "customer.c_name", "customer.c_acctbal", "customer.c_phone", "nation.n_name", "customer.c_address", "customer.c_comment"], "Plans": [{"Node Type": "Nested Loop", "Parent Relationship": "Outer", "Join Type": "Inner", "Startup Cost": 14732.12, "Total Cost": 13354334.51, "Plan Rows": 1445898, "Plan Width": 191, "Actual Startup Time": 238.524, "Actual Total Time": 14766.149, "Actual Rows": 1145969, "Actual Loops": 1, "Inner Unique": false, "Plans": [{"Node Type": "Nested Loop", "Parent Relationship": "Outer", "Join Type": "Inner", "Startup Cost": 14730.2, "Total Cost": 5249597.54, "Plan Rows": 575746, "Plan Width": 183, "Actual Startup Time": 238.474, "Actual Total Time": 8454.028, "Actual Rows": 573635, "Actual Loops": 1, "Inner Unique": true, "Plans": [{"Node Type": "Nested Loop", "Parent Relationship": "Outer", "Join Type": "Inner", "Startup Cost": 14729.94, "Total Cost": 2785257.65, "Plan Rows": 575746, "Plan Width": 161, "Actual Startup Time": 238.424, "Actual Total Time": 6266.051, "Actual Rows": 573635, "Actual Loops": 1, "Inner Unique": true, "Plans": [{"Node Type": "Bitmap Heap Scan", "Parent Relationship": "Outer", "Relation Name": "orders", "Alias": "orders", "Startup Cost": 14729.65, "Total Cost": 299784.84, "Plan Rows": 575746, "Plan Width": 16, "Actual Startup Time": 238.197, "Actual Total Time": 1069.489, "Actual Rows": 573635, "Actual Loops": 1, "Recheck Cond": "((o_orderdate >= '1993-08-01 00:00:00'::timestamp(0) without time zone) AND (o_orderdate < '1993-11-01 00:00:00'::timestamp without time zone)), (LLVM Optimized, Jit Execute)", "Rows Removed by Index Recheck": 0, "Exact Heap Blocks": 242860, "Lossy Heap Blocks": 242860, "Plans": [{"Node Type": "Bitmap Index Scan", "Parent Relationship": "Outer", "Index Name": "idx_orders_orderdate", "Startup Cost": 0.0, "Total Cost": 14585.71, "Plan Rows": 575746, "Plan Width": 0, "Actual Startup Time": 163.236, "Actual Total Time": 163.236, "Actual Rows": 573635, "Actual Loops": 1, "Index Cond": "((o_orderdate >= '1993-08-01 00:00:00'::timestamp(0) without time zone) AND (o_orderdate < '1993-11-01 00:00:00'::timestamp without time zone))"}]}, {"Node Type": "Bitmap Heap Scan", "Parent Relationship": "Inner", "Relation Name": "customer", "Alias": "customer", "Startup Cost": 0.29, "Total Cost": 4.31, "Plan Rows": 1, "Plan Width": 153, "Actual Startup Time": 4318.454, "Actual Total Time": 4318.454, "Actual Rows": 573635, "Actual Loops": 573635, "Recheck Cond": "(c_custkey = orders.o_custkey)", "Rows Removed by Index Recheck": 0, "Exact Heap Blocks": 573635, "Lossy Heap Blocks": 573635, "Plans": [{"Node Type": "Bitmap Index Scan", "Parent Relationship": "Outer", "Index Name": "customer_pkey", "Startup Cost": 0.0, "Total Cost": 0.29, "Plan Rows": 1, "Plan Width": 0, "Actual Startup Time": 2664.814, "Actual Total Time": 2664.814, "Actual Rows": 573635, "Actual Loops": 573635, "Index Cond": "(c_custkey = orders.o_custkey)"}]}]}, {"Node Type": "Bitmap Heap Scan", "Parent Relationship": "Inner", "Relation Name": "nation", "Alias": "nation", "Startup Cost": 0.26, "Total Cost": 4.27, "Plan Rows": 1, "Plan Width": 30, "Actual Startup Time": 1395.278, "Actual Total Time": 1395.278, "Actual Rows": 573635, "Actual Loops": 573635, "Recheck Cond": "(n_nationkey = customer.c_nationkey)", "Rows Removed by Index Recheck": 0, "Exact Heap Blocks": 573635, "Lossy Heap Blocks": 573635, "Plans": [{"Node Type": "Bitmap Index Scan", "Parent Relationship": "Outer", "Index Name": "nation_pkey", "Startup Cost": 0.0, "Total Cost": 0.26, "Plan Rows": 1, "Plan Width": 0, "Actual Startup Time": 608.282, "Actual Total Time": 608.282, "Actual Rows": 573635, "Actual Loops": 573635, "Index Cond": "(n_nationkey = customer.c_nationkey)"}]}]}, {"Node Type": "Bitmap Heap Scan", "Parent Relationship": "Inner", "Relation Name": "lineitem", "Alias": "lineitem", "Startup Cost": 1.93, "Total Cost": 14.05, "Plan Rows": 3, "Plan Width": 24, "Actual Startup Time": 4824.259, "Actual Total Time": 5354.044, "Actual Rows": 1145969, "Actual Loops": 573635, "Recheck Cond": "(l_orderkey = orders.o_orderkey)", "Rows Removed by Index Recheck": 0, "Filter": "(l_returnflag = 'R'::bpchar)", "Rows Removed by Filter": 1146896, "Exact Heap Blocks": 614400, "Lossy Heap Blocks": 614400, "Plans": [{"Node Type": "Bitmap Index Scan", "Parent Relationship": "Outer", "Index Name": "idx_lineitem_orderkey", "Startup Cost": 0.0, "Total Cost": 1.92, "Plan Rows": 9, "Plan Width": 0, "Actual Startup Time": 2480.858, "Actual Total Time": 2480.858, "Actual Rows": 2292865, "Actual Loops": 573635, "Index Cond": "(l_orderkey = orders.o_orderkey)"}]}]}]}]}]}, "Triggers": [], "Planner Runtime": 0, "Total Runtime": 17207.36, "Unique SQL Id": 1604070524}}, "(1, 56)": {"explain_plan": {"Plan": {"Node Type": "Limit", "Startup Cost": 4199172.25, "Total Cost": 4199172.3, "Plan Rows": 20, "Plan Width": 191, "Plans": [{"Node Type": "Sort", "Parent Relationship": "Outer", "Startup Cost": 4199172.25, "Total Cost": 4202787.0, "Plan Rows": 20, "Plan Width": 191, "Sort Key": ["(sum((lineitem.l_extendedprice * (1::double precision - lineitem.l_discount)))) DESC"], "Plans": [{"Node Type": "Aggregate", "Strategy": "Hashed", "Parent Relationship": "Outer", "Startup Cost": 4146238.45, "Total Cost": 4160697.43, "Plan Rows": 1445898, "Plan Width": 191, "Group By Key": ["customer.c_custkey", "customer.c_name", "customer.c_acctbal", "customer.c_phone", "nation.n_name", "customer.c_address", "customer.c_comment"], "Plans": [{"Node Type": "Nested Loop", "Parent Relationship": "Outer", "Join Type": "Inner", "Startup Cost": 578.97, "Total Cost": 4110091.0, "Plan Rows": 1445898, "Plan Width": 191, "Inner Unique": false, "Plans": [{"Node Type": "Nested Loop", "Parent Relationship": "Outer", "Join Type": "Inner", "Startup Cost": 578.97, "Total Cost": 993473.55, "Plan Rows": 575746, "Plan Width": 183, "Inner Unique": true, "Plans": [{"Node Type": "Nested Loop", "Parent Relationship": "Outer", "Join Type": "Inner", "Startup Cost": 578.97, "Total Cost": 832260.06, "Plan Rows": 575746, "Plan Width": 161, "Inner Unique": true, "Plans": [{"Node Type": "Seq Scan", "Parent Relationship": "Outer", "Relation Name": "orders", "Alias": "orders", "Startup Cost": 578.97, "Total Cost": 501411.18, "Plan Rows": 575746, "Plan Width": 16, "Filter": "((o_orderdate >= '1993-08-01 00:00:00'::timestamp(0) without time zone) AND (o_orderdate < '1993-11-01 00:00:00'::timestamp without time zone)), (LLVM Optimized)"}, {"Node Type": "Index Scan", "Parent Relationship": "Inner", "Scan Direction": "Forward", "Index Name": "customer_pkey", "Relation Name": "customer", "Alias": "customer", "Startup Cost": 0.0, "Total Cost": 0.56, "Plan Rows": 1, "Plan Width": 153, "Index Cond": "(c_custkey = orders.o_custkey)"}]}, {"Node Type": "Index Scan", "Parent Relationship": "Inner", "Scan Direction": "Forward", "Index Name": "nation_pkey", "Relation Name": "nation", "Alias": "nation", "Startup Cost": 0.0, "Total Cost": 0.27, "Plan Rows": 1, "Plan Width": 30, "Index Cond": "(n_nationkey = customer.c_nationkey)"}]}, {"Node Type": "Index Scan", "Parent Relationship": "Inner", "Scan Direction": "Forward", "Index Name": "idx_lineitem_orderkey", "Relation Name": "lineitem", "Alias": "lineitem", "Startup Cost": 0.0, "Total Cost": 5.38, "Plan Rows": 3, "Plan Width": 24, "Index Cond": "(l_orderkey = orders.o_orderkey)", "Filter": "(l_returnflag = 'R'::bpchar)"}]}]}]}]}, "Unique SQL Id": 1604070524, "Planner Runtime": 0}, "explain_analyze_plan": {"Plan": {"Node Type": "Limit", "Startup Cost": 4199172.25, "Total Cost": 4199172.3, "Plan Rows": 20, "Plan Width": 191, "Actual Startup Time": 18670.116, "Actual Total Time": 18670.12, "Actual Rows": 20, "Actual Loops": 1, "Plans": [{"Node Type": "Sort", "Parent Relationship": "Outer", "Startup Cost": 4199172.25, "Total Cost": 4202787.0, "Plan Rows": 20, "Plan Width": 191, "Actual Startup Time": 18670.113, "Actual Total Time": 18670.115, "Actual Rows": 20, "Actual Loops": 1, "Sort Key": ["(sum((lineitem.l_extendedprice * (1::double precision - lineitem.l_discount)))) DESC"], "Sort Method": "top-N heapsort", "Sort Space Used": 35, "Sort Space Type": "Memory", "Plans": [{"Node Type": "Aggregate", "Strategy": "Hashed", "Parent Relationship": "Outer", "Startup Cost": 4146238.45, "Total Cost": 4160697.43, "Plan Rows": 1445898, "Plan Width": 191, "Actual Startup Time": 18336.516, "Actual Total Time": 18536.411, "Actual Rows": 381542, "Actual Loops": 1, "Group By Key": ["customer.c_custkey", "customer.c_name", "customer.c_acctbal", "customer.c_phone", "nation.n_name", "customer.c_address", "customer.c_comment"], "Plans": [{"Node Type": "Nested Loop", "Parent Relationship": "Outer", "Join Type": "Inner", "Startup Cost": 578.97, "Total Cost": 4110091.0, "Plan Rows": 1445898, "Plan Width": 191, "Actual Startup Time": 0.116, "Actual Total Time": 16376.839, "Actual Rows": 1145969, "Actual Loops": 1, "Inner Unique": false, "Plans": [{"Node Type": "Nested Loop", "Parent Relationship": "Outer", "Join Type": "Inner", "Startup Cost": 578.97, "Total Cost": 993473.55, "Plan Rows": 575746, "Plan Width": 183, "Actual Startup Time": 0.096, "Actual Total Time": 10744.849, "Actual Rows": 573635, "Actual Loops": 1, "Inner Unique": true, "Plans": [{"Node Type": "Nested Loop", "Parent Relationship": "Outer", "Join Type": "Inner", "Startup Cost": 578.97, "Total Cost": 832260.06, "Plan Rows": 575746, "Plan Width": 161, "Actual Startup Time": 0.087, "Actual Total Time": 9478.775, "Actual Rows": 573635, "Actual Loops": 1, "Inner Unique": true, "Plans": [{"Node Type": "Seq Scan", "Parent Relationship": "Outer", "Relation Name": "orders", "Alias": "orders", "Startup Cost": 578.97, "Total Cost": 501411.18, "Plan Rows": 575746, "Plan Width": 16, "Actual Startup Time": 0.047, "Actual Total Time": 5063.599, "Actual Rows": 573635, "Actual Loops": 1, "Filter": "((o_orderdate >= '1993-08-01 00:00:00'::timestamp(0) without time zone) AND (o_orderdate < '1993-11-01 00:00:00'::timestamp without time zone)), (LLVM Optimized, Jit Execute)", "Rows Removed by Filter": 14426365}, {"Node Type": "Index Scan", "Parent Relationship": "Inner", "Scan Direction": "Forward", "Index Name": "customer_pkey", "Relation Name": "customer", "Alias": "customer", "Startup Cost": 0.0, "Total Cost": 0.56, "Plan Rows": 1, "Plan Width": 153, "Actual Startup Time": 3887.269, "Actual Total Time": 3887.269, "Actual Rows": 573635, "Actual Loops": 573635, "Index Cond": "(c_custkey = orders.o_custkey)", "Rows Removed by Index Recheck": 0}]}, {"Node Type": "Index Scan", "Parent Relationship": "Inner", "Scan Direction": "Forward", "Index Name": "nation_pkey", "Relation Name": "nation", "Alias": "nation", "Startup Cost": 0.0, "Total Cost": 0.27, "Plan Rows": 1, "Plan Width": 30, "Actual Startup Time": 815.835, "Actual Total Time": 815.835, "Actual Rows": 573635, "Actual Loops": 573635, "Index Cond": "(n_nationkey = customer.c_nationkey)", "Rows Removed by Index Recheck": 0}]}, {"Node Type": "Index Scan", "Parent Relationship": "Inner", "Scan Direction": "Forward", "Index Name": "idx_lineitem_orderkey", "Relation Name": "lineitem", "Alias": "lineitem", "Startup Cost": 0.0, "Total Cost": 5.38, "Plan Rows": 3, "Plan Width": 24, "Actual Startup Time": 3790.744, "Actual Total Time": 5040.107, "Actual Rows": 1145969, "Actual Loops": 573635, "Index Cond": "(l_orderkey = orders.o_orderkey)", "Rows Removed by Index Recheck": 0, "Filter": "(l_returnflag = 'R'::bpchar)", "Rows Removed by Filter": 1146896}]}]}]}]}, "Triggers": [], "Planner Runtime": 0, "Total Runtime": 18679.837, "Unique SQL Id": 1604070524}}, "(1, 57)": {"explain_plan": {"Plan": {"Node Type": "Limit", "Startup Cost": 4503736.9, "Total Cost": 4503736.95, "Plan Rows": 20, "Plan Width": 191, "Plans": [{"Node Type": "Sort", "Parent Relationship": "Outer", "Startup Cost": 4503736.9, "Total Cost": 4507351.64, "Plan Rows": 20, "Plan Width": 191, "Sort Key": ["(sum((lineitem.l_extendedprice * (1::double precision - lineitem.l_discount)))) DESC"], "Plans": [{"Node Type": "Aggregate", "Strategy": "Hashed", "Parent Relationship": "Outer", "Startup Cost": 4450803.09, "Total Cost": 4465262.07, "Plan Rows": 1445898, "Plan Width": 191, "Group By Key": ["customer.c_custkey", "customer.c_name", "customer.c_acctbal", "customer.c_phone", "nation.n_name", "customer.c_address", "customer.c_comment"], "Plans": [{"Node Type": "Nested Loop", "Parent Relationship": "Outer", "Join Type": "Inner", "Startup Cost": 0.0, "Total Cost": 4414655.64, "Plan Rows": 1445898, "Plan Width": 191, "Inner Unique": false, "Plans": [{"Node Type": "Nested Loop", "Parent Relationship": "Outer", "Join Type": "Inner", "Startup Cost": 0.0, "Total Cost": 1298038.2, "Plan Rows": 575746, "Plan Width": 183, "Inner Unique": true, "Plans": [{"Node Type": "Nested Loop", "Parent Relationship": "Outer", "Join Type": "Inner", "Startup Cost": 0.0, "Total Cost": 1136824.71, "Plan Rows": 575746, "Plan Width": 161, "Inner Unique": true, "Plans": [{"Node Type": "Index Scan", "Parent Relationship": "Outer", "Scan Direction": "Forward", "Index Name": "orders_pkey", "Relation Name": "orders", "Alias": "orders", "Startup Cost": 0.0, "Total Cost": 805975.83, "Plan Rows": 575746, "Plan Width": 16, "Filter": "((o_orderdate >= '1993-08-01 00:00:00'::timestamp(0) without time zone) AND (o_orderdate < '1993-11-01 00:00:00'::timestamp without time zone)), (LLVM Optimized)"}, {"Node Type": "Index Scan", "Parent Relationship": "Inner", "Scan Direction": "Forward", "Index Name": "customer_pkey", "Relation Name": "customer", "Alias": "customer", "Startup Cost": 0.0, "Total Cost": 0.56, "Plan Rows": 1, "Plan Width": 153, "Index Cond": "(c_custkey = orders.o_custkey)"}]}, {"Node Type": "Index Scan", "Parent Relationship": "Inner", "Scan Direction": "Forward", "Index Name": "nation_pkey", "Relation Name": "nation", "Alias": "nation", "Startup Cost": 0.0, "Total Cost": 0.27, "Plan Rows": 1, "Plan Width": 30, "Index Cond": "(n_nationkey = customer.c_nationkey)"}]}, {"Node Type": "Index Scan", "Parent Relationship": "Inner", "Scan Direction": "Forward", "Index Name": "idx_lineitem_orderkey", "Relation Name": "lineitem", "Alias": "lineitem", "Startup Cost": 0.0, "Total Cost": 5.38, "Plan Rows": 3, "Plan Width": 24, "Index Cond": "(l_orderkey = orders.o_orderkey)", "Filter": "(l_returnflag = 'R'::bpchar)"}]}]}]}]}, "Unique SQL Id": 1604070524, "Planner Runtime": 1}, "explain_analyze_plan": {"Plan": {"Node Type": "Limit", "Startup Cost": 4503736.9, "Total Cost": 4503736.95, "Plan Rows": 20, "Plan Width": 191, "Actual Startup Time": 24177.69, "Actual Total Time": 24177.696, "Actual Rows": 20, "Actual Loops": 1, "Plans": [{"Node Type": "Sort", "Parent Relationship": "Outer", "Startup Cost": 4503736.9, "Total Cost": 4507351.64, "Plan Rows": 20, "Plan Width": 191, "Actual Startup Time": 24177.687, "Actual Total Time": 24177.691, "Actual Rows": 20, "Actual Loops": 1, "Sort Key": ["(sum((lineitem.l_extendedprice * (1::double precision - lineitem.l_discount)))) DESC"], "Sort Method": "top-N heapsort", "Sort Space Used": 35, "Sort Space Type": "Memory", "Plans": [{"Node Type": "Aggregate", "Strategy": "Hashed", "Parent Relationship": "Outer", "Startup Cost": 4450803.09, "Total Cost": 4465262.07, "Plan Rows": 1445898, "Plan Width": 191, "Actual Startup Time": 23843.314, "Actual Total Time": 24042.891, "Actual Rows": 381542, "Actual Loops": 1, "Group By Key": ["customer.c_custkey", "customer.c_name", "customer.c_acctbal", "customer.c_phone", "nation.n_name", "customer.c_address", "customer.c_comment"], "Plans": [{"Node Type": "Nested Loop", "Parent Relationship": "Outer", "Join Type": "Inner", "Startup Cost": 0.0, "Total Cost": 4414655.64, "Plan Rows": 1445898, "Plan Width": 191, "Actual Startup Time": 0.12, "Actual Total Time": 21892.164, "Actual Rows": 1145969, "Actual Loops": 1, "Inner Unique": false, "Plans": [{"Node Type": "Nested Loop", "Parent Relationship": "Outer", "Join Type": "Inner", "Startup Cost": 0.0, "Total Cost": 1298038.2, "Plan Rows": 575746, "Plan Width": 183, "Actual Startup Time": 0.099, "Actual Total Time": 16176.775, "Actual Rows": 573635, "Actual Loops": 1, "Inner Unique": true, "Plans": [{"Node Type": "Nested Loop", "Parent Relationship": "Outer", "Join Type": "Inner", "Startup Cost": 0.0, "Total Cost": 1136824.71, "Plan Rows": 575746, "Plan Width": 161, "Actual Startup Time": 0.091, "Actual Total Time": 14898.555, "Actual Rows": 573635, "Actual Loops": 1, "Inner Unique": true, "Plans": [{"Node Type": "Index Scan", "Parent Relationship": "Outer", "Scan Direction": "Forward", "Index Name": "orders_pkey", "Relation Name": "orders", "Alias": "orders", "Startup Cost": 0.0, "Total Cost": 805975.83, "Plan Rows": 575746, "Plan Width": 16, "Actual Startup Time": 0.067, "Actual Total Time": 10397.112, "Actual Rows": 573635, "Actual Loops": 1, "Filter": "((o_orderdate >= '1993-08-01 00:00:00'::timestamp(0) without time zone) AND (o_orderdate < '1993-11-01 00:00:00'::timestamp without time zone)), (LLVM Optimized, Jit Execute)", "Rows Removed by Filter": 14426365}, {"Node Type": "Index Scan", "Parent Relationship": "Inner", "Scan Direction": "Forward", "Index Name": "customer_pkey", "Relation Name": "customer", "Alias": "customer", "Startup Cost": 0.0, "Total Cost": 0.56, "Plan Rows": 1, "Plan Width": 153, "Actual Startup Time": 3948.889, "Actual Total Time": 3948.889, "Actual Rows": 573635, "Actual Loops": 573635, "Index Cond": "(c_custkey = orders.o_custkey)", "Rows Removed by Index Recheck": 0}]}, {"Node Type": "Index Scan", "Parent Relationship": "Inner", "Scan Direction": "Forward", "Index Name": "nation_pkey", "Relation Name": "nation", "Alias": "nation", "Startup Cost": 0.0, "Total Cost": 0.27, "Plan Rows": 1, "Plan Width": 30, "Actual Startup Time": 807.607, "Actual Total Time": 807.607, "Actual Rows": 573635, "Actual Loops": 573635, "Index Cond": "(n_nationkey = customer.c_nationkey)", "Rows Removed by Index Recheck": 0}]}, {"Node Type": "Index Scan", "Parent Relationship": "Inner", "Scan Direction": "Forward", "Index Name": "idx_lineitem_orderkey", "Relation Name": "lineitem", "Alias": "lineitem", "Startup Cost": 0.0, "Total Cost": 5.38, "Plan Rows": 3, "Plan Width": 24, "Actual Startup Time": 3842.066, "Actual Total Time": 5108.604, "Actual Rows": 1145969, "Actual Loops": 573635, "Index Cond": "(l_orderkey = orders.o_orderkey)", "Rows Removed by Index Recheck": 0, "Filter": "(l_returnflag = 'R'::bpchar)", "Rows Removed by Filter": 1146896}]}]}]}]}, "Triggers": [], "Planner Runtime": 0, "Total Runtime": 24187.454, "Unique SQL Id": 1604070524}}, "(1, 58)": {"explain_plan": {"Plan": {"Node Type": "Limit", "Startup Cost": 141076995099.86, "Total Cost": 141076995099.91, "Plan Rows": 20, "Plan Width": 191, "Plans": [{"Node Type": "Sort", "Parent Relationship": "Outer", "Startup Cost": 141076995099.86, "Total Cost": 141076998714.6, "Plan Rows": 20, "Plan Width": 191, "Sort Key": ["(sum((lineitem.l_extendedprice * (1::double precision - lineitem.l_discount)))) DESC"], "Plans": [{"Node Type": "Aggregate", "Strategy": "Hashed", "Parent Relationship": "Outer", "Startup Cost": 141076942166.05, "Total Cost": 141076956625.03, "Plan Rows": 1445898, "Plan Width": 191, "Group By Key": ["customer.c_custkey", "customer.c_name", "customer.c_acctbal", "customer.c_phone", "nation.n_name", "customer.c_address", "customer.c_comment"], "Plans": [{"Node Type": "Nested Loop", "Parent Relationship": "Outer", "Join Type": "Inner", "Startup Cost": 578.97, "Total Cost": 141076906018.6, "Plan Rows": 1445898, "Plan Width": 191, "Inner Unique": false, "Join Filter": "(orders.o_orderkey = lineitem.l_orderkey), (LLVM Optimized)", "Plans": [{"Node Type": "Seq Scan", "Parent Relationship": "Outer", "Relation Name": "lineitem", "Alias": "lineitem", "Startup Cost": 0.0, "Total Cost": 2165082.91, "Plan Rows": 14835209, "Plan Width": 24, "Filter": "(l_returnflag = 'R'::bpchar), (LLVM Optimized)"}, {"Node Type": "Materialize", "Parent Relationship": "Inner", "Startup Cost": 578.97, "Total Cost": 12955058761.34, "Plan Rows": 575746, "Plan Width": 183, "Plans": [{"Node Type": "Nested Loop", "Parent Relationship": "Outer", "Join Type": "Inner", "Startup Cost": 578.97, "Total Cost": 12955055882.61, "Plan Rows": 575746, "Plan Width": 183, "Inner Unique": true, "Join Filter": "(customer.c_nationkey = nation.n_nationkey), (LLVM Optimized)", "Plans": [{"Node Type": "Nested Loop", "Parent Relationship": "Outer", "Join Type": "Inner", "Startup Cost": 578.97, "Total Cost": 12954839976.55, "Plan Rows": 575746, "Plan Width": 161, "Inner Unique": false, "Join Filter": "(customer.c_custkey = orders.o_custkey), (LLVM Optimized)", "Plans": [{"Node Type": "Seq Scan", "Parent Relationship": "Outer", "Relation Name": "customer", "Alias": "customer", "Startup Cost": 0.0, "Total Cost": 52126.0, "Plan Rows": 1500000, "Plan Width": 153}, {"Node Type": "Materialize", "Parent Relationship": "Inner", "Startup Cost": 578.97, "Total Cost": 504289.91, "Plan Rows": 575746, "Plan Width": 16, "Plans": [{"Node Type": "Seq Scan", "Parent Relationship": "Outer", "Relation Name": "orders", "Alias": "orders", "Startup Cost": 578.97, "Total Cost": 501411.18, "Plan Rows": 575746, "Plan Width": 16, "Filter": "((o_orderdate >= '1993-08-01 00:00:00'::timestamp(0) without time zone) AND (o_orderdate < '1993-11-01 00:00:00'::timestamp without time zone)), (LLVM Optimized)"}]}]}, {"Node Type": "Materialize", "Parent Relationship": "Inner", "Startup Cost": 0.0, "Total Cost": 1.38, "Plan Rows": 25, "Plan Width": 30, "Plans": [{"Node Type": "Seq Scan", "Parent Relationship": "Outer", "Relation Name": "nation", "Alias": "nation", "Startup Cost": 0.0, "Total Cost": 1.25, "Plan Rows": 25, "Plan Width": 30}]}]}]}]}]}]}]}, "Unique SQL Id": 1604070524, "Planner Runtime": 1}, "explain_analyze_plan": null}, "(1, 59)": {"explain_plan": {"Plan": {"Node Type": "Limit", "Startup Cost": 4141501966303.01, "Total Cost": 4141501966303.06, "Plan Rows": 20, "Plan Width": 191, "Plans": [{"Node Type": "Sort", "Parent Relationship": "Outer", "Startup Cost": 4141501966303.01, "Total Cost": 4141501969917.76, "Plan Rows": 20, "Plan Width": 191, "Sort Key": ["(sum((lineitem.l_extendedprice * (1::double precision - lineitem.l_discount)))) DESC"], "Plans": [{"Node Type": "Aggregate", "Strategy": "Hashed", "Parent Relationship": "Outer", "Startup Cost": 4141501913369.21, "Total Cost": 4141501927828.19, "Plan Rows": 1445898, "Plan Width": 191, "Group By Key": ["customer.c_custkey", "customer.c_name", "customer.c_acctbal", "customer.c_phone", "nation.n_name", "customer.c_address", "customer.c_comment"], "Plans": [{"Node Type": "Nested Loop", "Parent Relationship": "Outer", "Join Type": "Inner", "Startup Cost": 40000000000.0, "Total Cost": 4141501877221.76, "Plan Rows": 1445898, "Plan Width": 191, "Inner Unique": false, "Join Filter": "(orders.o_orderkey = lineitem.l_orderkey), (LLVM Optimized)", "Plans": [{"Node Type": "Index Scan", "Parent Relationship": "Outer", "Scan Direction": "Forward", "Index Name": "idx_lineitem_orderkey", "Relation Name": "lineitem", "Alias": "lineitem", "Startup Cost": 10000000000.0, "Total Cost": 1000339012132.75, "Plan Rows": 14835209, "Plan Width": 24, "Filter": "(l_returnflag = 'R'::bpchar), (LLVM Optimized)"}, {"Node Type": "Materialize", "Parent Relationship": "Inner", "Startup Cost": 30000000000.0, "Total Cost": 3013043182914.66, "Plan Rows": 575746, "Plan Width": 183, "Plans": [{"Node Type": "Nested Loop", "Parent Relationship": "Outer", "Join Type": "Inner", "Startup Cost": 30000000000.0, "Total Cost": 3013043180035.93, "Plan Rows": 575746, "Plan Width": 183, "Inner Unique": true, "Join Filter": "(customer.c_nationkey = nation.n_nationkey), (LLVM Optimized)", "Plans": [{"Node Type": "Nested Loop", "Parent Relationship": "Outer", "Join Type": "Inner", "Startup Cost": 20000000000.0, "Total Cost": 2013042962868.62, "Plan Rows": 575746, "Plan Width": 161, "Inner Unique": true, "Join Filter": "(customer.c_custkey = orders.o_custkey), (LLVM Optimized)", "Plans": [{"Node Type": "Index Scan", "Parent Relationship": "Outer", "Scan Direction": "Forward", "Index Name": "orders_pkey", "Relation Name": "orders", "Alias": "orders", "Startup Cost": 10000000000.0, "Total Cost": 1000080597583.0, "Plan Rows": 575746, "Plan Width": 16, "Filter": "((o_orderdate >= '1993-08-01 00:00:00'::timestamp(0) without time zone) AND (o_orderdate < '1993-11-01 00:00:00'::timestamp without time zone)), (LLVM Optimized)"}, {"Node Type": "Materialize", "Parent Relationship": "Inner", "Startup Cost": 10000000000.0, "Total Cost": 1000008084035.62, "Plan Rows": 1500000, "Plan Width": 153, "Plans": [{"Node Type": "Index Scan", "Parent Relationship": "Outer", "Scan Direction": "Forward", "Index Name": "customer_pkey", "Relation Name": "customer", "Alias": "customer", "Startup Cost": 10000000000.0, "Total Cost": 1000008076535.62, "Plan Rows": 1500000, "Plan Width": 153}]}]}, {"Node Type": "Materialize", "Parent Relationship": "Inner", "Startup Cost": 10000000000.0, "Total Cost": 1000000001262.62, "Plan Rows": 25, "Plan Width": 30, "Plans": [{"Node Type": "Index Scan", "Parent Relationship": "Outer", "Scan Direction": "Forward", "Index Name": "nation_pkey", "Relation Name": "nation", "Alias": "nation", "Startup Cost": 10000000000.0, "Total Cost": 1000000001262.5, "Plan Rows": 25, "Plan Width": 30}]}]}]}]}]}]}]}, "Unique SQL Id": 1604070524, "Planner Runtime": 1}, "explain_analyze_plan": null}, "(1, 60)": {"explain_plan": {"Plan": {"Node Type": "Limit", "Startup Cost": 4199172.25, "Total Cost": 4199172.3, "Plan Rows": 20, "Plan Width": 191, "Plans": [{"Node Type": "Sort", "Parent Relationship": "Outer", "Startup Cost": 4199172.25, "Total Cost": 4202787.0, "Plan Rows": 20, "Plan Width": 191, "Sort Key": ["(sum((lineitem.l_extendedprice * (1::double precision - lineitem.l_discount)))) DESC"], "Plans": [{"Node Type": "Aggregate", "Strategy": "Hashed", "Parent Relationship": "Outer", "Startup Cost": 4146238.45, "Total Cost": 4160697.43, "Plan Rows": 1445898, "Plan Width": 191, "Group By Key": ["customer.c_custkey", "customer.c_name", "customer.c_acctbal", "customer.c_phone", "nation.n_name", "customer.c_address", "customer.c_comment"], "Plans": [{"Node Type": "Nested Loop", "Parent Relationship": "Outer", "Join Type": "Inner", "Startup Cost": 578.97, "Total Cost": 4110091.0, "Plan Rows": 1445898, "Plan Width": 191, "Inner Unique": false, "Plans": [{"Node Type": "Nested Loop", "Parent Relationship": "Outer", "Join Type": "Inner", "Startup Cost": 578.97, "Total Cost": 993473.55, "Plan Rows": 575746, "Plan Width": 183, "Inner Unique": true, "Plans": [{"Node Type": "Nested Loop", "Parent Relationship": "Outer", "Join Type": "Inner", "Startup Cost": 578.97, "Total Cost": 832260.06, "Plan Rows": 575746, "Plan Width": 161, "Inner Unique": true, "Plans": [{"Node Type": "Seq Scan", "Parent Relationship": "Outer", "Relation Name": "orders", "Alias": "orders", "Startup Cost": 578.97, "Total Cost": 501411.18, "Plan Rows": 575746, "Plan Width": 16, "Filter": "((o_orderdate >= '1993-08-01 00:00:00'::timestamp(0) without time zone) AND (o_orderdate < '1993-11-01 00:00:00'::timestamp without time zone)), (LLVM Optimized)"}, {"Node Type": "Index Scan", "Parent Relationship": "Inner", "Scan Direction": "Forward", "Index Name": "customer_pkey", "Relation Name": "customer", "Alias": "customer", "Startup Cost": 0.0, "Total Cost": 0.56, "Plan Rows": 1, "Plan Width": 153, "Index Cond": "(c_custkey = orders.o_custkey)"}]}, {"Node Type": "Index Scan", "Parent Relationship": "Inner", "Scan Direction": "Forward", "Index Name": "nation_pkey", "Relation Name": "nation", "Alias": "nation", "Startup Cost": 0.0, "Total Cost": 0.27, "Plan Rows": 1, "Plan Width": 30, "Index Cond": "(n_nationkey = customer.c_nationkey)"}]}, {"Node Type": "Index Scan", "Parent Relationship": "Inner", "Scan Direction": "Forward", "Index Name": "idx_lineitem_orderkey", "Relation Name": "lineitem", "Alias": "lineitem", "Startup Cost": 0.0, "Total Cost": 5.38, "Plan Rows": 3, "Plan Width": 24, "Index Cond": "(l_orderkey = orders.o_orderkey)", "Filter": "(l_returnflag = 'R'::bpchar)"}]}]}]}]}, "Unique SQL Id": 1604070524, "Planner Runtime": 1}, "explain_analyze_plan": {"Plan": {"Node Type": "Limit", "Startup Cost": 4199172.25, "Total Cost": 4199172.3, "Plan Rows": 20, "Plan Width": 191, "Actual Startup Time": 18670.116, "Actual Total Time": 18670.12, "Actual Rows": 20, "Actual Loops": 1, "Plans": [{"Node Type": "Sort", "Parent Relationship": "Outer", "Startup Cost": 4199172.25, "Total Cost": 4202787.0, "Plan Rows": 20, "Plan Width": 191, "Actual Startup Time": 18670.113, "Actual Total Time": 18670.115, "Actual Rows": 20, "Actual Loops": 1, "Sort Key": ["(sum((lineitem.l_extendedprice * (1::double precision - lineitem.l_discount)))) DESC"], "Sort Method": "top-N heapsort", "Sort Space Used": 35, "Sort Space Type": "Memory", "Plans": [{"Node Type": "Aggregate", "Strategy": "Hashed", "Parent Relationship": "Outer", "Startup Cost": 4146238.45, "Total Cost": 4160697.43, "Plan Rows": 1445898, "Plan Width": 191, "Actual Startup Time": 18336.516, "Actual Total Time": 18536.411, "Actual Rows": 381542, "Actual Loops": 1, "Group By Key": ["customer.c_custkey", "customer.c_name", "customer.c_acctbal", "customer.c_phone", "nation.n_name", "customer.c_address", "customer.c_comment"], "Plans": [{"Node Type": "Nested Loop", "Parent Relationship": "Outer", "Join Type": "Inner", "Startup Cost": 578.97, "Total Cost": 4110091.0, "Plan Rows": 1445898, "Plan Width": 191, "Actual Startup Time": 0.116, "Actual Total Time": 16376.839, "Actual Rows": 1145969, "Actual Loops": 1, "Inner Unique": false, "Plans": [{"Node Type": "Nested Loop", "Parent Relationship": "Outer", "Join Type": "Inner", "Startup Cost": 578.97, "Total Cost": 993473.55, "Plan Rows": 575746, "Plan Width": 183, "Actual Startup Time": 0.096, "Actual Total Time": 10744.849, "Actual Rows": 573635, "Actual Loops": 1, "Inner Unique": true, "Plans": [{"Node Type": "Nested Loop", "Parent Relationship": "Outer", "Join Type": "Inner", "Startup Cost": 578.97, "Total Cost": 832260.06, "Plan Rows": 575746, "Plan Width": 161, "Actual Startup Time": 0.087, "Actual Total Time": 9478.775, "Actual Rows": 573635, "Actual Loops": 1, "Inner Unique": true, "Plans": [{"Node Type": "Seq Scan", "Parent Relationship": "Outer", "Relation Name": "orders", "Alias": "orders", "Startup Cost": 578.97, "Total Cost": 501411.18, "Plan Rows": 575746, "Plan Width": 16, "Actual Startup Time": 0.047, "Actual Total Time": 5063.599, "Actual Rows": 573635, "Actual Loops": 1, "Filter": "((o_orderdate >= '1993-08-01 00:00:00'::timestamp(0) without time zone) AND (o_orderdate < '1993-11-01 00:00:00'::timestamp without time zone)), (LLVM Optimized, Jit Execute)", "Rows Removed by Filter": 14426365}, {"Node Type": "Index Scan", "Parent Relationship": "Inner", "Scan Direction": "Forward", "Index Name": "customer_pkey", "Relation Name": "customer", "Alias": "customer", "Startup Cost": 0.0, "Total Cost": 0.56, "Plan Rows": 1, "Plan Width": 153, "Actual Startup Time": 3887.269, "Actual Total Time": 3887.269, "Actual Rows": 573635, "Actual Loops": 573635, "Index Cond": "(c_custkey = orders.o_custkey)", "Rows Removed by Index Recheck": 0}]}, {"Node Type": "Index Scan", "Parent Relationship": "Inner", "Scan Direction": "Forward", "Index Name": "nation_pkey", "Relation Name": "nation", "Alias": "nation", "Startup Cost": 0.0, "Total Cost": 0.27, "Plan Rows": 1, "Plan Width": 30, "Actual Startup Time": 815.835, "Actual Total Time": 815.835, "Actual Rows": 573635, "Actual Loops": 573635, "Index Cond": "(n_nationkey = customer.c_nationkey)", "Rows Removed by Index Recheck": 0}]}, {"Node Type": "Index Scan", "Parent Relationship": "Inner", "Scan Direction": "Forward", "Index Name": "idx_lineitem_orderkey", "Relation Name": "lineitem", "Alias": "lineitem", "Startup Cost": 0.0, "Total Cost": 5.38, "Plan Rows": 3, "Plan Width": 24, "Actual Startup Time": 3790.744, "Actual Total Time": 5040.107, "Actual Rows": 1145969, "Actual Loops": 573635, "Index Cond": "(l_orderkey = orders.o_orderkey)", "Rows Removed by Index Recheck": 0, "Filter": "(l_returnflag = 'R'::bpchar)", "Rows Removed by Filter": 1146896}]}]}]}]}, "Triggers": [], "Planner Runtime": 0, "Total Runtime": 18679.837, "Unique SQL Id": 1604070524}}, "(1, 61)": {"explain_plan": {"Plan": {"Node Type": "Limit", "Startup Cost": 4503736.9, "Total Cost": 4503736.95, "Plan Rows": 20, "Plan Width": 191, "Plans": [{"Node Type": "Sort", "Parent Relationship": "Outer", "Startup Cost": 4503736.9, "Total Cost": 4507351.64, "Plan Rows": 20, "Plan Width": 191, "Sort Key": ["(sum((lineitem.l_extendedprice * (1::double precision - lineitem.l_discount)))) DESC"], "Plans": [{"Node Type": "Aggregate", "Strategy": "Hashed", "Parent Relationship": "Outer", "Startup Cost": 4450803.09, "Total Cost": 4465262.07, "Plan Rows": 1445898, "Plan Width": 191, "Group By Key": ["customer.c_custkey", "customer.c_name", "customer.c_acctbal", "customer.c_phone", "nation.n_name", "customer.c_address", "customer.c_comment"], "Plans": [{"Node Type": "Nested Loop", "Parent Relationship": "Outer", "Join Type": "Inner", "Startup Cost": 0.0, "Total Cost": 4414655.64, "Plan Rows": 1445898, "Plan Width": 191, "Inner Unique": false, "Plans": [{"Node Type": "Nested Loop", "Parent Relationship": "Outer", "Join Type": "Inner", "Startup Cost": 0.0, "Total Cost": 1298038.2, "Plan Rows": 575746, "Plan Width": 183, "Inner Unique": true, "Plans": [{"Node Type": "Nested Loop", "Parent Relationship": "Outer", "Join Type": "Inner", "Startup Cost": 0.0, "Total Cost": 1136824.71, "Plan Rows": 575746, "Plan Width": 161, "Inner Unique": true, "Plans": [{"Node Type": "Index Scan", "Parent Relationship": "Outer", "Scan Direction": "Forward", "Index Name": "orders_pkey", "Relation Name": "orders", "Alias": "orders", "Startup Cost": 0.0, "Total Cost": 805975.83, "Plan Rows": 575746, "Plan Width": 16, "Filter": "((o_orderdate >= '1993-08-01 00:00:00'::timestamp(0) without time zone) AND (o_orderdate < '1993-11-01 00:00:00'::timestamp without time zone)), (LLVM Optimized)"}, {"Node Type": "Index Scan", "Parent Relationship": "Inner", "Scan Direction": "Forward", "Index Name": "customer_pkey", "Relation Name": "customer", "Alias": "customer", "Startup Cost": 0.0, "Total Cost": 0.56, "Plan Rows": 1, "Plan Width": 153, "Index Cond": "(c_custkey = orders.o_custkey)"}]}, {"Node Type": "Index Scan", "Parent Relationship": "Inner", "Scan Direction": "Forward", "Index Name": "nation_pkey", "Relation Name": "nation", "Alias": "nation", "Startup Cost": 0.0, "Total Cost": 0.27, "Plan Rows": 1, "Plan Width": 30, "Index Cond": "(n_nationkey = customer.c_nationkey)"}]}, {"Node Type": "Index Scan", "Parent Relationship": "Inner", "Scan Direction": "Forward", "Index Name": "idx_lineitem_orderkey", "Relation Name": "lineitem", "Alias": "lineitem", "Startup Cost": 0.0, "Total Cost": 5.38, "Plan Rows": 3, "Plan Width": 24, "Index Cond": "(l_orderkey = orders.o_orderkey)", "Filter": "(l_returnflag = 'R'::bpchar)"}]}]}]}]}, "Unique SQL Id": 1604070524, "Planner Runtime": 0}, "explain_analyze_plan": {"Plan": {"Node Type": "Limit", "Startup Cost": 4503736.9, "Total Cost": 4503736.95, "Plan Rows": 20, "Plan Width": 191, "Actual Startup Time": 24177.69, "Actual Total Time": 24177.696, "Actual Rows": 20, "Actual Loops": 1, "Plans": [{"Node Type": "Sort", "Parent Relationship": "Outer", "Startup Cost": 4503736.9, "Total Cost": 4507351.64, "Plan Rows": 20, "Plan Width": 191, "Actual Startup Time": 24177.687, "Actual Total Time": 24177.691, "Actual Rows": 20, "Actual Loops": 1, "Sort Key": ["(sum((lineitem.l_extendedprice * (1::double precision - lineitem.l_discount)))) DESC"], "Sort Method": "top-N heapsort", "Sort Space Used": 35, "Sort Space Type": "Memory", "Plans": [{"Node Type": "Aggregate", "Strategy": "Hashed", "Parent Relationship": "Outer", "Startup Cost": 4450803.09, "Total Cost": 4465262.07, "Plan Rows": 1445898, "Plan Width": 191, "Actual Startup Time": 23843.314, "Actual Total Time": 24042.891, "Actual Rows": 381542, "Actual Loops": 1, "Group By Key": ["customer.c_custkey", "customer.c_name", "customer.c_acctbal", "customer.c_phone", "nation.n_name", "customer.c_address", "customer.c_comment"], "Plans": [{"Node Type": "Nested Loop", "Parent Relationship": "Outer", "Join Type": "Inner", "Startup Cost": 0.0, "Total Cost": 4414655.64, "Plan Rows": 1445898, "Plan Width": 191, "Actual Startup Time": 0.12, "Actual Total Time": 21892.164, "Actual Rows": 1145969, "Actual Loops": 1, "Inner Unique": false, "Plans": [{"Node Type": "Nested Loop", "Parent Relationship": "Outer", "Join Type": "Inner", "Startup Cost": 0.0, "Total Cost": 1298038.2, "Plan Rows": 575746, "Plan Width": 183, "Actual Startup Time": 0.099, "Actual Total Time": 16176.775, "Actual Rows": 573635, "Actual Loops": 1, "Inner Unique": true, "Plans": [{"Node Type": "Nested Loop", "Parent Relationship": "Outer", "Join Type": "Inner", "Startup Cost": 0.0, "Total Cost": 1136824.71, "Plan Rows": 575746, "Plan Width": 161, "Actual Startup Time": 0.091, "Actual Total Time": 14898.555, "Actual Rows": 573635, "Actual Loops": 1, "Inner Unique": true, "Plans": [{"Node Type": "Index Scan", "Parent Relationship": "Outer", "Scan Direction": "Forward", "Index Name": "orders_pkey", "Relation Name": "orders", "Alias": "orders", "Startup Cost": 0.0, "Total Cost": 805975.83, "Plan Rows": 575746, "Plan Width": 16, "Actual Startup Time": 0.067, "Actual Total Time": 10397.112, "Actual Rows": 573635, "Actual Loops": 1, "Filter": "((o_orderdate >= '1993-08-01 00:00:00'::timestamp(0) without time zone) AND (o_orderdate < '1993-11-01 00:00:00'::timestamp without time zone)), (LLVM Optimized, Jit Execute)", "Rows Removed by Filter": 14426365}, {"Node Type": "Index Scan", "Parent Relationship": "Inner", "Scan Direction": "Forward", "Index Name": "customer_pkey", "Relation Name": "customer", "Alias": "customer", "Startup Cost": 0.0, "Total Cost": 0.56, "Plan Rows": 1, "Plan Width": 153, "Actual Startup Time": 3948.889, "Actual Total Time": 3948.889, "Actual Rows": 573635, "Actual Loops": 573635, "Index Cond": "(c_custkey = orders.o_custkey)", "Rows Removed by Index Recheck": 0}]}, {"Node Type": "Index Scan", "Parent Relationship": "Inner", "Scan Direction": "Forward", "Index Name": "nation_pkey", "Relation Name": "nation", "Alias": "nation", "Startup Cost": 0.0, "Total Cost": 0.27, "Plan Rows": 1, "Plan Width": 30, "Actual Startup Time": 807.607, "Actual Total Time": 807.607, "Actual Rows": 573635, "Actual Loops": 573635, "Index Cond": "(n_nationkey = customer.c_nationkey)", "Rows Removed by Index Recheck": 0}]}, {"Node Type": "Index Scan", "Parent Relationship": "Inner", "Scan Direction": "Forward", "Index Name": "idx_lineitem_orderkey", "Relation Name": "lineitem", "Alias": "lineitem", "Startup Cost": 0.0, "Total Cost": 5.38, "Plan Rows": 3, "Plan Width": 24, "Actual Startup Time": 3842.066, "Actual Total Time": 5108.604, "Actual Rows": 1145969, "Actual Loops": 573635, "Index Cond": "(l_orderkey = orders.o_orderkey)", "Rows Removed by Index Recheck": 0, "Filter": "(l_returnflag = 'R'::bpchar)", "Rows Removed by Filter": 1146896}]}]}]}]}, "Triggers": [], "Planner Runtime": 0, "Total Runtime": 24187.454, "Unique SQL Id": 1604070524}}, "(1, 62)": {"explain_plan": {"Plan": {"Node Type": "Limit", "Startup Cost": 141076995099.86, "Total Cost": 141076995099.91, "Plan Rows": 20, "Plan Width": 191, "Plans": [{"Node Type": "Sort", "Parent Relationship": "Outer", "Startup Cost": 141076995099.86, "Total Cost": 141076998714.6, "Plan Rows": 20, "Plan Width": 191, "Sort Key": ["(sum((lineitem.l_extendedprice * (1::double precision - lineitem.l_discount)))) DESC"], "Plans": [{"Node Type": "Aggregate", "Strategy": "Hashed", "Parent Relationship": "Outer", "Startup Cost": 141076942166.05, "Total Cost": 141076956625.03, "Plan Rows": 1445898, "Plan Width": 191, "Group By Key": ["customer.c_custkey", "customer.c_name", "customer.c_acctbal", "customer.c_phone", "nation.n_name", "customer.c_address", "customer.c_comment"], "Plans": [{"Node Type": "Nested Loop", "Parent Relationship": "Outer", "Join Type": "Inner", "Startup Cost": 578.97, "Total Cost": 141076906018.6, "Plan Rows": 1445898, "Plan Width": 191, "Inner Unique": false, "Join Filter": "(orders.o_orderkey = lineitem.l_orderkey), (LLVM Optimized)", "Plans": [{"Node Type": "Seq Scan", "Parent Relationship": "Outer", "Relation Name": "lineitem", "Alias": "lineitem", "Startup Cost": 0.0, "Total Cost": 2165082.91, "Plan Rows": 14835209, "Plan Width": 24, "Filter": "(l_returnflag = 'R'::bpchar), (LLVM Optimized)"}, {"Node Type": "Materialize", "Parent Relationship": "Inner", "Startup Cost": 578.97, "Total Cost": 12955058761.34, "Plan Rows": 575746, "Plan Width": 183, "Plans": [{"Node Type": "Nested Loop", "Parent Relationship": "Outer", "Join Type": "Inner", "Startup Cost": 578.97, "Total Cost": 12955055882.61, "Plan Rows": 575746, "Plan Width": 183, "Inner Unique": true, "Join Filter": "(customer.c_nationkey = nation.n_nationkey), (LLVM Optimized)", "Plans": [{"Node Type": "Nested Loop", "Parent Relationship": "Outer", "Join Type": "Inner", "Startup Cost": 578.97, "Total Cost": 12954839976.55, "Plan Rows": 575746, "Plan Width": 161, "Inner Unique": false, "Join Filter": "(customer.c_custkey = orders.o_custkey), (LLVM Optimized)", "Plans": [{"Node Type": "Seq Scan", "Parent Relationship": "Outer", "Relation Name": "customer", "Alias": "customer", "Startup Cost": 0.0, "Total Cost": 52126.0, "Plan Rows": 1500000, "Plan Width": 153}, {"Node Type": "Materialize", "Parent Relationship": "Inner", "Startup Cost": 578.97, "Total Cost": 504289.91, "Plan Rows": 575746, "Plan Width": 16, "Plans": [{"Node Type": "Seq Scan", "Parent Relationship": "Outer", "Relation Name": "orders", "Alias": "orders", "Startup Cost": 578.97, "Total Cost": 501411.18, "Plan Rows": 575746, "Plan Width": 16, "Filter": "((o_orderdate >= '1993-08-01 00:00:00'::timestamp(0) without time zone) AND (o_orderdate < '1993-11-01 00:00:00'::timestamp without time zone)), (LLVM Optimized)"}]}]}, {"Node Type": "Materialize", "Parent Relationship": "Inner", "Startup Cost": 0.0, "Total Cost": 1.38, "Plan Rows": 25, "Plan Width": 30, "Plans": [{"Node Type": "Seq Scan", "Parent Relationship": "Outer", "Relation Name": "nation", "Alias": "nation", "Startup Cost": 0.0, "Total Cost": 1.25, "Plan Rows": 25, "Plan Width": 30}]}]}]}]}]}]}]}, "Unique SQL Id": 1604070524, "Planner Runtime": 0}, "explain_analyze_plan": null}, "(1, 63)": {"explain_plan": {"Plan": {"Node Type": "Limit", "Startup Cost": 4141501966303.01, "Total Cost": 4141501966303.06, "Plan Rows": 20, "Plan Width": 191, "Plans": [{"Node Type": "Sort", "Parent Relationship": "Outer", "Startup Cost": 4141501966303.01, "Total Cost": 4141501969917.76, "Plan Rows": 20, "Plan Width": 191, "Sort Key": ["(sum((lineitem.l_extendedprice * (1::double precision - lineitem.l_discount)))) DESC"], "Plans": [{"Node Type": "Aggregate", "Strategy": "Hashed", "Parent Relationship": "Outer", "Startup Cost": 4141501913369.21, "Total Cost": 4141501927828.19, "Plan Rows": 1445898, "Plan Width": 191, "Group By Key": ["customer.c_custkey", "customer.c_name", "customer.c_acctbal", "customer.c_phone", "nation.n_name", "customer.c_address", "customer.c_comment"], "Plans": [{"Node Type": "Nested Loop", "Parent Relationship": "Outer", "Join Type": "Inner", "Startup Cost": 40000000000.0, "Total Cost": 4141501877221.76, "Plan Rows": 1445898, "Plan Width": 191, "Inner Unique": false, "Join Filter": "(orders.o_orderkey = lineitem.l_orderkey), (LLVM Optimized)", "Plans": [{"Node Type": "Index Scan", "Parent Relationship": "Outer", "Scan Direction": "Forward", "Index Name": "idx_lineitem_orderkey", "Relation Name": "lineitem", "Alias": "lineitem", "Startup Cost": 10000000000.0, "Total Cost": 1000339012132.75, "Plan Rows": 14835209, "Plan Width": 24, "Filter": "(l_returnflag = 'R'::bpchar), (LLVM Optimized)"}, {"Node Type": "Materialize", "Parent Relationship": "Inner", "Startup Cost": 30000000000.0, "Total Cost": 3013043182914.66, "Plan Rows": 575746, "Plan Width": 183, "Plans": [{"Node Type": "Nested Loop", "Parent Relationship": "Outer", "Join Type": "Inner", "Startup Cost": 30000000000.0, "Total Cost": 3013043180035.93, "Plan Rows": 575746, "Plan Width": 183, "Inner Unique": true, "Join Filter": "(customer.c_nationkey = nation.n_nationkey), (LLVM Optimized)", "Plans": [{"Node Type": "Nested Loop", "Parent Relationship": "Outer", "Join Type": "Inner", "Startup Cost": 20000000000.0, "Total Cost": 2013042962868.62, "Plan Rows": 575746, "Plan Width": 161, "Inner Unique": true, "Join Filter": "(customer.c_custkey = orders.o_custkey), (LLVM Optimized)", "Plans": [{"Node Type": "Index Scan", "Parent Relationship": "Outer", "Scan Direction": "Forward", "Index Name": "orders_pkey", "Relation Name": "orders", "Alias": "orders", "Startup Cost": 10000000000.0, "Total Cost": 1000080597583.0, "Plan Rows": 575746, "Plan Width": 16, "Filter": "((o_orderdate >= '1993-08-01 00:00:00'::timestamp(0) without time zone) AND (o_orderdate < '1993-11-01 00:00:00'::timestamp without time zone)), (LLVM Optimized)"}, {"Node Type": "Materialize", "Parent Relationship": "Inner", "Startup Cost": 10000000000.0, "Total Cost": 1000008084035.62, "Plan Rows": 1500000, "Plan Width": 153, "Plans": [{"Node Type": "Index Scan", "Parent Relationship": "Outer", "Scan Direction": "Forward", "Index Name": "customer_pkey", "Relation Name": "customer", "Alias": "customer", "Startup Cost": 10000000000.0, "Total Cost": 1000008076535.62, "Plan Rows": 1500000, "Plan Width": 153}]}]}, {"Node Type": "Materialize", "Parent Relationship": "Inner", "Startup Cost": 10000000000.0, "Total Cost": 1000000001262.62, "Plan Rows": 25, "Plan Width": 30, "Plans": [{"Node Type": "Index Scan", "Parent Relationship": "Outer", "Scan Direction": "Forward", "Index Name": "nation_pkey", "Relation Name": "nation", "Alias": "nation", "Startup Cost": 10000000000.0, "Total Cost": 1000000001262.5, "Plan Rows": 25, "Plan Width": 30}]}]}]}]}]}]}]}, "Unique SQL Id": 1604070524, "Planner Runtime": 0}, "explain_analyze_plan": null}, "(1, 64)": {"explain_plan": {"Plan": {"Node Type": "Limit", "Startup Cost": 2741876.6, "Total Cost": 2741876.65, "Plan Rows": 20, "Plan Width": 191, "Plans": [{"Node Type": "Sort", "Parent Relationship": "Outer", "Startup Cost": 2741876.6, "Total Cost": 2745491.35, "Plan Rows": 20, "Plan Width": 191, "Sort Key": ["(sum((lineitem.l_extendedprice * (1::double precision - lineitem.l_discount)))) DESC"], "Plans": [{"Node Type": "Aggregate", "Strategy": "Hashed", "Parent Relationship": "Outer", "Startup Cost": 2688942.8, "Total Cost": 2703401.78, "Plan Rows": 1445898, "Plan Width": 191, "Group By Key": ["customer.c_custkey", "customer.c_name", "customer.c_acctbal", "customer.c_phone", "nation.n_name", "customer.c_address", "customer.c_comment"], "Plans": [{"Node Type": "Hash Join", "Parent Relationship": "Outer", "Join Type": "Inner", "Startup Cost": 377859.22, "Total Cost": 2652795.35, "Plan Rows": 1445898, "Plan Width": 191, "Inner Unique": true, "Hash Cond": "(customer.c_nationkey = nation.n_nationkey), (LLVM Optimized)", "Plans": [{"Node Type": "Hash Join", "Parent Relationship": "Outer", "Join Type": "Inner", "Startup Cost": 377857.66, "Total Cost": 2632912.69, "Plan Rows": 1445898, "Plan Width": 169, "Inner Unique": true, "Hash Cond": "(orders.o_custkey = customer.c_custkey), (LLVM Optimized)", "Plans": [{"Node Type": "Hash Join", "Parent Relationship": "Outer", "Join Type": "Inner", "Startup Cost": 306981.66, "Total Cost": 2542155.59, "Plan Rows": 1445898, "Plan Width": 24, "Inner Unique": true, "Hash Cond": "(lineitem.l_orderkey = orders.o_orderkey), (LLVM Optimized)", "Plans": [{"Node Type": "Seq Scan", "Parent Relationship": "Outer", "Relation Name": "lineitem", "Alias": "lineitem", "Startup Cost": 0.0, "Total Cost": 2165082.91, "Plan Rows": 14835209, "Plan Width": 24, "Filter": "(l_returnflag = 'R'::bpchar), (LLVM Optimized)"}, {"Node Type": "Hash", "Parent Relationship": "Inner", "Startup Cost": 299784.84, "Total Cost": 299784.84, "Plan Rows": 575746, "Plan Width": 16, "Plans": [{"Node Type": "Bitmap Heap Scan", "Parent Relationship": "Outer", "Relation Name": "orders", "Alias": "orders", "Startup Cost": 14729.65, "Total Cost": 299784.84, "Plan Rows": 575746, "Plan Width": 16, "Recheck Cond": "((o_orderdate >= '1993-08-01 00:00:00'::timestamp(0) without time zone) AND (o_orderdate < '1993-11-01 00:00:00'::timestamp without time zone)), (LLVM Optimized)", "Plans": [{"Node Type": "Bitmap Index Scan", "Parent Relationship": "Outer", "Index Name": "idx_orders_orderdate", "Startup Cost": 0.0, "Total Cost": 14585.71, "Plan Rows": 575746, "Plan Width": 0, "Index Cond": "((o_orderdate >= '1993-08-01 00:00:00'::timestamp(0) without time zone) AND (o_orderdate < '1993-11-01 00:00:00'::timestamp without time zone))"}]}]}]}, {"Node Type": "Hash", "Parent Relationship": "Inner", "Startup Cost": 52126.0, "Total Cost": 52126.0, "Plan Rows": 1500000, "Plan Width": 153, "Plans": [{"Node Type": "Seq Scan", "Parent Relationship": "Outer", "Relation Name": "customer", "Alias": "customer", "Startup Cost": 0.0, "Total Cost": 52126.0, "Plan Rows": 1500000, "Plan Width": 153}]}]}, {"Node Type": "Hash", "Parent Relationship": "Inner", "Startup Cost": 1.25, "Total Cost": 1.25, "Plan Rows": 25, "Plan Width": 30, "Plans": [{"Node Type": "Seq Scan", "Parent Relationship": "Outer", "Relation Name": "nation", "Alias": "nation", "Startup Cost": 0.0, "Total Cost": 1.25, "Plan Rows": 25, "Plan Width": 30}]}]}]}]}]}, "Unique SQL Id": 1604070524, "Planner Runtime": 1}, "explain_analyze_plan": {"Plan": {"Node Type": "Limit", "Startup Cost": 2741876.6, "Total Cost": 2741876.65, "Plan Rows": 20, "Plan Width": 191, "Actual Startup Time": 33004.147, "Actual Total Time": 33004.153, "Actual Rows": 20, "Actual Loops": 1, "Plans": [{"Node Type": "Sort", "Parent Relationship": "Outer", "Startup Cost": 2741876.6, "Total Cost": 2745491.35, "Plan Rows": 20, "Plan Width": 191, "Actual Startup Time": 33004.144, "Actual Total Time": 33004.147, "Actual Rows": 20, "Actual Loops": 1, "Sort Key": ["(sum((lineitem.l_extendedprice * (1::double precision - lineitem.l_discount)))) DESC"], "Sort Method": "top-N heapsort", "Sort Space Used": 35, "Sort Space Type": "Memory", "Plans": [{"Node Type": "Aggregate", "Strategy": "Hashed", "Parent Relationship": "Outer", "Startup Cost": 2688942.8, "Total Cost": 2703401.78, "Plan Rows": 1445898, "Plan Width": 191, "Actual Startup Time": 32671.075, "Actual Total Time": 32870.631, "Actual Rows": 381542, "Actual Loops": 1, "Group By Key": ["customer.c_custkey", "customer.c_name", "customer.c_acctbal", "customer.c_phone", "nation.n_name", "customer.c_address", "customer.c_comment"], "Plans": [{"Node Type": "Hash Join", "Parent Relationship": "Outer", "Join Type": "Inner", "Startup Cost": 377859.22, "Total Cost": 2652795.35, "Plan Rows": 1445898, "Plan Width": 191, "Actual Startup Time": 2461.198, "Actual Total Time": 30813.969, "Actual Rows": 1145969, "Actual Loops": 1, "Inner Unique": true, "Hash Cond": "(customer.c_nationkey = nation.n_nationkey), (LLVM Optimized, Jit Execute)", "Plans": [{"Node Type": "Hash Join", "Parent Relationship": "Outer", "Join Type": "Inner", "Startup Cost": 377857.66, "Total Cost": 2632912.69, "Plan Rows": 1445898, "Plan Width": 169, "Actual Startup Time": 2461.091, "Actual Total Time": 30352.238, "Actual Rows": 1145969, "Actual Loops": 1, "Inner Unique": true, "Hash Cond": "(orders.o_custkey = customer.c_custkey), (LLVM Optimized, Jit Execute)", "Plans": [{"Node Type": "Hash Join", "Parent Relationship": "Outer", "Join Type": "Inner", "Startup Cost": 306981.66, "Total Cost": 2542155.59, "Plan Rows": 1445898, "Plan Width": 24, "Actual Startup Time": 1151.523, "Actual Total Time": 28224.084, "Actual Rows": 1145969, "Actual Loops": 1, "Inner Unique": true, "Hash Cond": "(lineitem.l_orderkey = orders.o_orderkey), (LLVM Optimized, Jit Execute)", "Plans": [{"Node Type": "Seq Scan", "Parent Relationship": "Outer", "Relation Name": "lineitem", "Alias": "lineitem", "Startup Cost": 0.0, "Total Cost": 2165082.91, "Plan Rows": 14835209, "Plan Width": 24, "Actual Startup Time": 0.018, "Actual Total Time": 22374.177, "Actual Rows": 14808183, "Actual Loops": 1, "Filter": "(l_returnflag = 'R'::bpchar), (LLVM Optimized, Jit Execute)", "Rows Removed by Filter": 45177869}, {"Node Type": "Hash", "Parent Relationship": "Inner", "Startup Cost": 299784.84, "Total Cost": 299784.84, "Plan Rows": 575746, "Plan Width": 16, "Actual Startup Time": 1150.79, "Actual Total Time": 1150.79, "Actual Rows": 573635, "Actual Loops": 1, "Hash Buckets": 1048576, "Hash Batches": 1, "Original Hash Batches": 1, "Peak Memory Usage": 26890, "Plans": [{"Node Type": "Bitmap Heap Scan", "Parent Relationship": "Outer", "Relation Name": "orders", "Alias": "orders", "Startup Cost": 14729.65, "Total Cost": 299784.84, "Plan Rows": 575746, "Plan Width": 16, "Actual Startup Time": 240.926, "Actual Total Time": 939.038, "Actual Rows": 573635, "Actual Loops": 1, "Recheck Cond": "((o_orderdate >= '1993-08-01 00:00:00'::timestamp(0) without time zone) AND (o_orderdate < '1993-11-01 00:00:00'::timestamp without time zone)), (LLVM Optimized, Jit Execute)", "Rows Removed by Index Recheck": 0, "Exact Heap Blocks": 242860, "Lossy Heap Blocks": 242860, "Plans": [{"Node Type": "Bitmap Index Scan", "Parent Relationship": "Outer", "Index Name": "idx_orders_orderdate", "Startup Cost": 0.0, "Total Cost": 14585.71, "Plan Rows": 575746, "Plan Width": 0, "Actual Startup Time": 164.914, "Actual Total Time": 164.914, "Actual Rows": 573635, "Actual Loops": 1, "Index Cond": "((o_orderdate >= '1993-08-01 00:00:00'::timestamp(0) without time zone) AND (o_orderdate < '1993-11-01 00:00:00'::timestamp without time zone))"}]}]}]}, {"Node Type": "Hash", "Parent Relationship": "Inner", "Startup Cost": 52126.0, "Total Cost": 52126.0, "Plan Rows": 1500000, "Plan Width": 153, "Actual Startup Time": 1307.083, "Actual Total Time": 1307.083, "Actual Rows": 1500000, "Actual Loops": 1, "Hash Buckets": 2097152, "Hash Batches": 1, "Original Hash Batches": 1, "Peak Memory Usage": 282695, "Plans": [{"Node Type": "Seq Scan", "Parent Relationship": "Outer", "Relation Name": "customer", "Alias": "customer", "Startup Cost": 0.0, "Total Cost": 52126.0, "Plan Rows": 1500000, "Plan Width": 153, "Actual Startup Time": 0.025, "Actual Total Time": 597.485, "Actual Rows": 1500000, "Actual Loops": 1}]}]}, {"Node Type": "Hash", "Parent Relationship": "Inner", "Startup Cost": 1.25, "Total Cost": 1.25, "Plan Rows": 25, "Plan Width": 30, "Actual Startup Time": 0.036, "Actual Total Time": 0.036, "Actual Rows": 25, "Actual Loops": 1, "Hash Buckets": 32768, "Hash Batches": 1, "Original Hash Batches": 1, "Peak Memory Usage": 2, "Plans": [{"Node Type": "Seq Scan", "Parent Relationship": "Outer", "Relation Name": "nation", "Alias": "nation", "Startup Cost": 0.0, "Total Cost": 1.25, "Plan Rows": 25, "Plan Width": 30, "Actual Startup Time": 0.014, "Actual Total Time": 0.021, "Actual Rows": 25, "Actual Loops": 1}]}]}]}]}]}, "Triggers": [], "Planner Runtime": 0, "Total Runtime": 33015.458, "Unique SQL Id": 1604070524}}, "(1, 65)": {"explain_plan": {"Plan": {"Node Type": "Limit", "Startup Cost": 3620844.85, "Total Cost": 3620844.9, "Plan Rows": 20, "Plan Width": 191, "Plans": [{"Node Type": "Sort", "Parent Relationship": "Outer", "Startup Cost": 3620844.85, "Total Cost": 3624459.59, "Plan Rows": 20, "Plan Width": 191, "Sort Key": ["(sum((lineitem.l_extendedprice * (1::double precision - lineitem.l_discount)))) DESC"], "Plans": [{"Node Type": "Aggregate", "Strategy": "Hashed", "Parent Relationship": "Outer", "Startup Cost": 3567911.04, "Total Cost": 3582370.02, "Plan Rows": 1445898, "Plan Width": 191, "Group By Key": ["customer.c_custkey", "customer.c_name", "customer.c_acctbal", "customer.c_phone", "nation.n_name", "customer.c_address", "customer.c_comment"], "Plans": [{"Node Type": "Nested Loop", "Parent Relationship": "Outer", "Join Type": "Inner", "Startup Cost": 114257.94, "Total Cost": 3531763.59, "Plan Rows": 1445898, "Plan Width": 191, "Inner Unique": false, "Plans": [{"Node Type": "Hash Join", "Parent Relationship": "Outer", "Join Type": "Inner", "Startup Cost": 114257.94, "Total Cost": 415146.15, "Plan Rows": 575746, "Plan Width": 183, "Inner Unique": true, "Hash Cond": "(customer.c_nationkey = nation.n_nationkey), (LLVM Optimized)", "Plans": [{"Node Type": "Hash Join", "Parent Relationship": "Outer", "Join Type": "Inner", "Startup Cost": 114245.0, "Total Cost": 407216.7, "Plan Rows": 575746, "Plan Width": 161, "Inner Unique": true, "Hash Cond": "(orders.o_custkey = customer.c_custkey), (LLVM Optimized)", "Plans": [{"Node Type": "Bitmap Heap Scan", "Parent Relationship": "Outer", "Relation Name": "orders", "Alias": "orders", "Startup Cost": 14729.65, "Total Cost": 299784.84, "Plan Rows": 575746, "Plan Width": 16, "Recheck Cond": "((o_orderdate >= '1993-08-01 00:00:00'::timestamp(0) without time zone) AND (o_orderdate < '1993-11-01 00:00:00'::timestamp without time zone)), (LLVM Optimized)", "Plans": [{"Node Type": "Bitmap Index Scan", "Parent Relationship": "Outer", "Index Name": "idx_orders_orderdate", "Startup Cost": 0.0, "Total Cost": 14585.71, "Plan Rows": 575746, "Plan Width": 0, "Index Cond": "((o_orderdate >= '1993-08-01 00:00:00'::timestamp(0) without time zone) AND (o_orderdate < '1993-11-01 00:00:00'::timestamp without time zone))"}]}, {"Node Type": "Hash", "Parent Relationship": "Inner", "Startup Cost": 80765.36, "Total Cost": 80765.36, "Plan Rows": 1500000, "Plan Width": 153, "Plans": [{"Node Type": "Index Scan", "Parent Relationship": "Outer", "Scan Direction": "Forward", "Index Name": "customer_pkey", "Relation Name": "customer", "Alias": "customer", "Startup Cost": 0.0, "Total Cost": 80765.36, "Plan Rows": 1500000, "Plan Width": 153}]}]}, {"Node Type": "Hash", "Parent Relationship": "Inner", "Startup Cost": 12.62, "Total Cost": 12.62, "Plan Rows": 25, "Plan Width": 30, "Plans": [{"Node Type": "Index Scan", "Parent Relationship": "Outer", "Scan Direction": "Forward", "Index Name": "nation_pkey", "Relation Name": "nation", "Alias": "nation", "Startup Cost": 0.0, "Total Cost": 12.62, "Plan Rows": 25, "Plan Width": 30}]}]}, {"Node Type": "Index Scan", "Parent Relationship": "Inner", "Scan Direction": "Forward", "Index Name": "idx_lineitem_orderkey", "Relation Name": "lineitem", "Alias": "lineitem", "Startup Cost": 0.0, "Total Cost": 5.38, "Plan Rows": 3, "Plan Width": 24, "Index Cond": "(l_orderkey = orders.o_orderkey)", "Filter": "(l_returnflag = 'R'::bpchar)"}]}]}]}]}, "Unique SQL Id": 1604070524, "Planner Runtime": 1}, "explain_analyze_plan": {"Plan": {"Node Type": "Limit", "Startup Cost": 3620844.85, "Total Cost": 3620844.9, "Plan Rows": 20, "Plan Width": 191, "Actual Startup Time": 13884.972, "Actual Total Time": 13884.98, "Actual Rows": 20, "Actual Loops": 1, "Plans": [{"Node Type": "Sort", "Parent Relationship": "Outer", "Startup Cost": 3620844.85, "Total Cost": 3624459.59, "Plan Rows": 20, "Plan Width": 191, "Actual Startup Time": 13884.967, "Actual Total Time": 13884.97, "Actual Rows": 20, "Actual Loops": 1, "Sort Key": ["(sum((lineitem.l_extendedprice * (1::double precision - lineitem.l_discount)))) DESC"], "Sort Method": "top-N heapsort", "Sort Space Used": 35, "Sort Space Type": "Memory", "Plans": [{"Node Type": "Aggregate", "Strategy": "Hashed", "Parent Relationship": "Outer", "Startup Cost": 3567911.04, "Total Cost": 3582370.02, "Plan Rows": 1445898, "Plan Width": 191, "Actual Startup Time": 13549.273, "Actual Total Time": 13750.357, "Actual Rows": 381542, "Actual Loops": 1, "Group By Key": ["customer.c_custkey", "customer.c_name", "customer.c_acctbal", "customer.c_phone", "nation.n_name", "customer.c_address", "customer.c_comment"], "Plans": [{"Node Type": "Nested Loop", "Parent Relationship": "Outer", "Join Type": "Inner", "Startup Cost": 114257.94, "Total Cost": 3531763.59, "Plan Rows": 1445898, "Plan Width": 191, "Actual Startup Time": 1960.115, "Actual Total Time": 11619.369, "Actual Rows": 1145969, "Actual Loops": 1, "Inner Unique": false, "Plans": [{"Node Type": "Hash Join", "Parent Relationship": "Outer", "Join Type": "Inner", "Startup Cost": 114257.94, "Total Cost": 415146.15, "Plan Rows": 575746, "Plan Width": 183, "Actual Startup Time": 1959.983, "Actual Total Time": 3759.194, "Actual Rows": 573635, "Actual Loops": 1, "Inner Unique": true, "Hash Cond": "(customer.c_nationkey = nation.n_nationkey), (LLVM Optimized, Jit Execute)", "Plans": [{"Node Type": "Hash Join", "Parent Relationship": "Outer", "Join Type": "Inner", "Startup Cost": 114245.0, "Total Cost": 407216.7, "Plan Rows": 575746, "Plan Width": 161, "Actual Startup Time": 1959.879, "Actual Total Time": 3505.46, "Actual Rows": 573635, "Actual Loops": 1, "Inner Unique": true, "Hash Cond": "(orders.o_custkey = customer.c_custkey), (LLVM Optimized, Jit Execute)", "Plans": [{"Node Type": "Bitmap Heap Scan", "Parent Relationship": "Outer", "Relation Name": "orders", "Alias": "orders", "Startup Cost": 14729.65, "Total Cost": 299784.84, "Plan Rows": 575746, "Plan Width": 16, "Actual Startup Time": 239.628, "Actual Total Time": 1107.976, "Actual Rows": 573635, "Actual Loops": 1, "Recheck Cond": "((o_orderdate >= '1993-08-01 00:00:00'::timestamp(0) without time zone) AND (o_orderdate < '1993-11-01 00:00:00'::timestamp without time zone)), (LLVM Optimized, Jit Execute)", "Rows Removed by Index Recheck": 0, "Exact Heap Blocks": 242860, "Lossy Heap Blocks": 242860, "Plans": [{"Node Type": "Bitmap Index Scan", "Parent Relationship": "Outer", "Index Name": "idx_orders_orderdate", "Startup Cost": 0.0, "Total Cost": 14585.71, "Plan Rows": 575746, "Plan Width": 0, "Actual Startup Time": 164.39, "Actual Total Time": 164.39, "Actual Rows": 573635, "Actual Loops": 1, "Index Cond": "((o_orderdate >= '1993-08-01 00:00:00'::timestamp(0) without time zone) AND (o_orderdate < '1993-11-01 00:00:00'::timestamp without time zone))"}]}, {"Node Type": "Hash", "Parent Relationship": "Inner", "Startup Cost": 80765.36, "Total Cost": 80765.36, "Plan Rows": 1500000, "Plan Width": 153, "Actual Startup Time": 1718.794, "Actual Total Time": 1718.794, "Actual Rows": 1500000, "Actual Loops": 1, "Hash Buckets": 2097152, "Hash Batches": 1, "Original Hash Batches": 1, "Peak Memory Usage": 282695, "Plans": [{"Node Type": "Index Scan", "Parent Relationship": "Outer", "Scan Direction": "Forward", "Index Name": "customer_pkey", "Relation Name": "customer", "Alias": "customer", "Startup Cost": 0.0, "Total Cost": 80765.36, "Plan Rows": 1500000, "Plan Width": 153, "Actual Startup Time": 0.057, "Actual Total Time": 1053.373, "Actual Rows": 1500000, "Actual Loops": 1}]}]}, {"Node Type": "Hash", "Parent Relationship": "Inner", "Startup Cost": 12.62, "Total Cost": 12.62, "Plan Rows": 25, "Plan Width": 30, "Actual Startup Time": 0.054, "Actual Total Time": 0.054, "Actual Rows": 25, "Actual Loops": 1, "Hash Buckets": 32768, "Hash Batches": 1, "Original Hash Batches": 1, "Peak Memory Usage": 2, "Plans": [{"Node Type": "Index Scan", "Parent Relationship": "Outer", "Scan Direction": "Forward", "Index Name": "nation_pkey", "Relation Name": "nation", "Alias": "nation", "Startup Cost": 0.0, "Total Cost": 12.62, "Plan Rows": 25, "Plan Width": 30, "Actual Startup Time": 0.018, "Actual Total Time": 0.034, "Actual Rows": 25, "Actual Loops": 1}]}]}, {"Node Type": "Index Scan", "Parent Relationship": "Inner", "Scan Direction": "Forward", "Index Name": "idx_lineitem_orderkey", "Relation Name": "lineitem", "Alias": "lineitem", "Startup Cost": 0.0, "Total Cost": 5.38, "Plan Rows": 3, "Plan Width": 24, "Actual Startup Time": 5879.361, "Actual Total Time": 7208.975, "Actual Rows": 1145969, "Actual Loops": 573635, "Index Cond": "(l_orderkey = orders.o_orderkey)", "Rows Removed by Index Recheck": 0, "Filter": "(l_returnflag = 'R'::bpchar)", "Rows Removed by Filter": 1146896}]}]}]}]}, "Triggers": [], "Planner Runtime": 0, "Total Runtime": 13895.62, "Unique SQL Id": 1604070524}}, "(1, 66)": {"explain_plan": {"Plan": {"Node Type": "Limit", "Startup Cost": 2741876.6, "Total Cost": 2741876.65, "Plan Rows": 20, "Plan Width": 191, "Plans": [{"Node Type": "Sort", "Parent Relationship": "Outer", "Startup Cost": 2741876.6, "Total Cost": 2745491.35, "Plan Rows": 20, "Plan Width": 191, "Sort Key": ["(sum((lineitem.l_extendedprice * (1::double precision - lineitem.l_discount)))) DESC"], "Plans": [{"Node Type": "Aggregate", "Strategy": "Hashed", "Parent Relationship": "Outer", "Startup Cost": 2688942.8, "Total Cost": 2703401.78, "Plan Rows": 1445898, "Plan Width": 191, "Group By Key": ["customer.c_custkey", "customer.c_name", "customer.c_acctbal", "customer.c_phone", "nation.n_name", "customer.c_address", "customer.c_comment"], "Plans": [{"Node Type": "Hash Join", "Parent Relationship": "Outer", "Join Type": "Inner", "Startup Cost": 377859.22, "Total Cost": 2652795.35, "Plan Rows": 1445898, "Plan Width": 191, "Inner Unique": true, "Hash Cond": "(customer.c_nationkey = nation.n_nationkey), (LLVM Optimized)", "Plans": [{"Node Type": "Hash Join", "Parent Relationship": "Outer", "Join Type": "Inner", "Startup Cost": 377857.66, "Total Cost": 2632912.69, "Plan Rows": 1445898, "Plan Width": 169, "Inner Unique": true, "Hash Cond": "(orders.o_custkey = customer.c_custkey), (LLVM Optimized)", "Plans": [{"Node Type": "Hash Join", "Parent Relationship": "Outer", "Join Type": "Inner", "Startup Cost": 306981.66, "Total Cost": 2542155.59, "Plan Rows": 1445898, "Plan Width": 24, "Inner Unique": true, "Hash Cond": "(lineitem.l_orderkey = orders.o_orderkey), (LLVM Optimized)", "Plans": [{"Node Type": "Seq Scan", "Parent Relationship": "Outer", "Relation Name": "lineitem", "Alias": "lineitem", "Startup Cost": 0.0, "Total Cost": 2165082.91, "Plan Rows": 14835209, "Plan Width": 24, "Filter": "(l_returnflag = 'R'::bpchar), (LLVM Optimized)"}, {"Node Type": "Hash", "Parent Relationship": "Inner", "Startup Cost": 299784.84, "Total Cost": 299784.84, "Plan Rows": 575746, "Plan Width": 16, "Plans": [{"Node Type": "Bitmap Heap Scan", "Parent Relationship": "Outer", "Relation Name": "orders", "Alias": "orders", "Startup Cost": 14729.65, "Total Cost": 299784.84, "Plan Rows": 575746, "Plan Width": 16, "Recheck Cond": "((o_orderdate >= '1993-08-01 00:00:00'::timestamp(0) without time zone) AND (o_orderdate < '1993-11-01 00:00:00'::timestamp without time zone)), (LLVM Optimized)", "Plans": [{"Node Type": "Bitmap Index Scan", "Parent Relationship": "Outer", "Index Name": "idx_orders_orderdate", "Startup Cost": 0.0, "Total Cost": 14585.71, "Plan Rows": 575746, "Plan Width": 0, "Index Cond": "((o_orderdate >= '1993-08-01 00:00:00'::timestamp(0) without time zone) AND (o_orderdate < '1993-11-01 00:00:00'::timestamp without time zone))"}]}]}]}, {"Node Type": "Hash", "Parent Relationship": "Inner", "Startup Cost": 52126.0, "Total Cost": 52126.0, "Plan Rows": 1500000, "Plan Width": 153, "Plans": [{"Node Type": "Seq Scan", "Parent Relationship": "Outer", "Relation Name": "customer", "Alias": "customer", "Startup Cost": 0.0, "Total Cost": 52126.0, "Plan Rows": 1500000, "Plan Width": 153}]}]}, {"Node Type": "Hash", "Parent Relationship": "Inner", "Startup Cost": 1.25, "Total Cost": 1.25, "Plan Rows": 25, "Plan Width": 30, "Plans": [{"Node Type": "Seq Scan", "Parent Relationship": "Outer", "Relation Name": "nation", "Alias": "nation", "Startup Cost": 0.0, "Total Cost": 1.25, "Plan Rows": 25, "Plan Width": 30}]}]}]}]}]}, "Unique SQL Id": 1604070524, "Planner Runtime": 1}, "explain_analyze_plan": {"Plan": {"Node Type": "Limit", "Startup Cost": 2741876.6, "Total Cost": 2741876.65, "Plan Rows": 20, "Plan Width": 191, "Actual Startup Time": 33004.147, "Actual Total Time": 33004.153, "Actual Rows": 20, "Actual Loops": 1, "Plans": [{"Node Type": "Sort", "Parent Relationship": "Outer", "Startup Cost": 2741876.6, "Total Cost": 2745491.35, "Plan Rows": 20, "Plan Width": 191, "Actual Startup Time": 33004.144, "Actual Total Time": 33004.147, "Actual Rows": 20, "Actual Loops": 1, "Sort Key": ["(sum((lineitem.l_extendedprice * (1::double precision - lineitem.l_discount)))) DESC"], "Sort Method": "top-N heapsort", "Sort Space Used": 35, "Sort Space Type": "Memory", "Plans": [{"Node Type": "Aggregate", "Strategy": "Hashed", "Parent Relationship": "Outer", "Startup Cost": 2688942.8, "Total Cost": 2703401.78, "Plan Rows": 1445898, "Plan Width": 191, "Actual Startup Time": 32671.075, "Actual Total Time": 32870.631, "Actual Rows": 381542, "Actual Loops": 1, "Group By Key": ["customer.c_custkey", "customer.c_name", "customer.c_acctbal", "customer.c_phone", "nation.n_name", "customer.c_address", "customer.c_comment"], "Plans": [{"Node Type": "Hash Join", "Parent Relationship": "Outer", "Join Type": "Inner", "Startup Cost": 377859.22, "Total Cost": 2652795.35, "Plan Rows": 1445898, "Plan Width": 191, "Actual Startup Time": 2461.198, "Actual Total Time": 30813.969, "Actual Rows": 1145969, "Actual Loops": 1, "Inner Unique": true, "Hash Cond": "(customer.c_nationkey = nation.n_nationkey), (LLVM Optimized, Jit Execute)", "Plans": [{"Node Type": "Hash Join", "Parent Relationship": "Outer", "Join Type": "Inner", "Startup Cost": 377857.66, "Total Cost": 2632912.69, "Plan Rows": 1445898, "Plan Width": 169, "Actual Startup Time": 2461.091, "Actual Total Time": 30352.238, "Actual Rows": 1145969, "Actual Loops": 1, "Inner Unique": true, "Hash Cond": "(orders.o_custkey = customer.c_custkey), (LLVM Optimized, Jit Execute)", "Plans": [{"Node Type": "Hash Join", "Parent Relationship": "Outer", "Join Type": "Inner", "Startup Cost": 306981.66, "Total Cost": 2542155.59, "Plan Rows": 1445898, "Plan Width": 24, "Actual Startup Time": 1151.523, "Actual Total Time": 28224.084, "Actual Rows": 1145969, "Actual Loops": 1, "Inner Unique": true, "Hash Cond": "(lineitem.l_orderkey = orders.o_orderkey), (LLVM Optimized, Jit Execute)", "Plans": [{"Node Type": "Seq Scan", "Parent Relationship": "Outer", "Relation Name": "lineitem", "Alias": "lineitem", "Startup Cost": 0.0, "Total Cost": 2165082.91, "Plan Rows": 14835209, "Plan Width": 24, "Actual Startup Time": 0.018, "Actual Total Time": 22374.177, "Actual Rows": 14808183, "Actual Loops": 1, "Filter": "(l_returnflag = 'R'::bpchar), (LLVM Optimized, Jit Execute)", "Rows Removed by Filter": 45177869}, {"Node Type": "Hash", "Parent Relationship": "Inner", "Startup Cost": 299784.84, "Total Cost": 299784.84, "Plan Rows": 575746, "Plan Width": 16, "Actual Startup Time": 1150.79, "Actual Total Time": 1150.79, "Actual Rows": 573635, "Actual Loops": 1, "Hash Buckets": 1048576, "Hash Batches": 1, "Original Hash Batches": 1, "Peak Memory Usage": 26890, "Plans": [{"Node Type": "Bitmap Heap Scan", "Parent Relationship": "Outer", "Relation Name": "orders", "Alias": "orders", "Startup Cost": 14729.65, "Total Cost": 299784.84, "Plan Rows": 575746, "Plan Width": 16, "Actual Startup Time": 240.926, "Actual Total Time": 939.038, "Actual Rows": 573635, "Actual Loops": 1, "Recheck Cond": "((o_orderdate >= '1993-08-01 00:00:00'::timestamp(0) without time zone) AND (o_orderdate < '1993-11-01 00:00:00'::timestamp without time zone)), (LLVM Optimized, Jit Execute)", "Rows Removed by Index Recheck": 0, "Exact Heap Blocks": 242860, "Lossy Heap Blocks": 242860, "Plans": [{"Node Type": "Bitmap Index Scan", "Parent Relationship": "Outer", "Index Name": "idx_orders_orderdate", "Startup Cost": 0.0, "Total Cost": 14585.71, "Plan Rows": 575746, "Plan Width": 0, "Actual Startup Time": 164.914, "Actual Total Time": 164.914, "Actual Rows": 573635, "Actual Loops": 1, "Index Cond": "((o_orderdate >= '1993-08-01 00:00:00'::timestamp(0) without time zone) AND (o_orderdate < '1993-11-01 00:00:00'::timestamp without time zone))"}]}]}]}, {"Node Type": "Hash", "Parent Relationship": "Inner", "Startup Cost": 52126.0, "Total Cost": 52126.0, "Plan Rows": 1500000, "Plan Width": 153, "Actual Startup Time": 1307.083, "Actual Total Time": 1307.083, "Actual Rows": 1500000, "Actual Loops": 1, "Hash Buckets": 2097152, "Hash Batches": 1, "Original Hash Batches": 1, "Peak Memory Usage": 282695, "Plans": [{"Node Type": "Seq Scan", "Parent Relationship": "Outer", "Relation Name": "customer", "Alias": "customer", "Startup Cost": 0.0, "Total Cost": 52126.0, "Plan Rows": 1500000, "Plan Width": 153, "Actual Startup Time": 0.025, "Actual Total Time": 597.485, "Actual Rows": 1500000, "Actual Loops": 1}]}]}, {"Node Type": "Hash", "Parent Relationship": "Inner", "Startup Cost": 1.25, "Total Cost": 1.25, "Plan Rows": 25, "Plan Width": 30, "Actual Startup Time": 0.036, "Actual Total Time": 0.036, "Actual Rows": 25, "Actual Loops": 1, "Hash Buckets": 32768, "Hash Batches": 1, "Original Hash Batches": 1, "Peak Memory Usage": 2, "Plans": [{"Node Type": "Seq Scan", "Parent Relationship": "Outer", "Relation Name": "nation", "Alias": "nation", "Startup Cost": 0.0, "Total Cost": 1.25, "Plan Rows": 25, "Plan Width": 30, "Actual Startup Time": 0.014, "Actual Total Time": 0.021, "Actual Rows": 25, "Actual Loops": 1}]}]}]}]}]}, "Triggers": [], "Planner Runtime": 0, "Total Runtime": 33015.458, "Unique SQL Id": 1604070524}}, "(1, 67)": {"explain_plan": {"Plan": {"Node Type": "Limit", "Startup Cost": 13443415.76, "Total Cost": 13443415.81, "Plan Rows": 20, "Plan Width": 191, "Plans": [{"Node Type": "Sort", "Parent Relationship": "Outer", "Startup Cost": 13443415.76, "Total Cost": 13447030.51, "Plan Rows": 20, "Plan Width": 191, "Sort Key": ["(sum((lineitem.l_extendedprice * (1::double precision - lineitem.l_discount)))) DESC"], "Plans": [{"Node Type": "Aggregate", "Strategy": "Hashed", "Parent Relationship": "Outer", "Startup Cost": 13390481.96, "Total Cost": 13404940.94, "Plan Rows": 1445898, "Plan Width": 191, "Group By Key": ["customer.c_custkey", "customer.c_name", "customer.c_acctbal", "customer.c_phone", "nation.n_name", "customer.c_address", "customer.c_comment"], "Plans": [{"Node Type": "Nested Loop", "Parent Relationship": "Outer", "Join Type": "Inner", "Startup Cost": 14732.12, "Total Cost": 13354334.51, "Plan Rows": 1445898, "Plan Width": 191, "Inner Unique": false, "Plans": [{"Node Type": "Nested Loop", "Parent Relationship": "Outer", "Join Type": "Inner", "Startup Cost": 14730.2, "Total Cost": 5249597.54, "Plan Rows": 575746, "Plan Width": 183, "Inner Unique": true, "Plans": [{"Node Type": "Nested Loop", "Parent Relationship": "Outer", "Join Type": "Inner", "Startup Cost": 14729.94, "Total Cost": 2785257.65, "Plan Rows": 575746, "Plan Width": 161, "Inner Unique": true, "Plans": [{"Node Type": "Bitmap Heap Scan", "Parent Relationship": "Outer", "Relation Name": "orders", "Alias": "orders", "Startup Cost": 14729.65, "Total Cost": 299784.84, "Plan Rows": 575746, "Plan Width": 16, "Recheck Cond": "((o_orderdate >= '1993-08-01 00:00:00'::timestamp(0) without time zone) AND (o_orderdate < '1993-11-01 00:00:00'::timestamp without time zone)), (LLVM Optimized)", "Plans": [{"Node Type": "Bitmap Index Scan", "Parent Relationship": "Outer", "Index Name": "idx_orders_orderdate", "Startup Cost": 0.0, "Total Cost": 14585.71, "Plan Rows": 575746, "Plan Width": 0, "Index Cond": "((o_orderdate >= '1993-08-01 00:00:00'::timestamp(0) without time zone) AND (o_orderdate < '1993-11-01 00:00:00'::timestamp without time zone))"}]}, {"Node Type": "Bitmap Heap Scan", "Parent Relationship": "Inner", "Relation Name": "customer", "Alias": "customer", "Startup Cost": 0.29, "Total Cost": 4.31, "Plan Rows": 1, "Plan Width": 153, "Recheck Cond": "(c_custkey = orders.o_custkey)", "Plans": [{"Node Type": "Bitmap Index Scan", "Parent Relationship": "Outer", "Index Name": "customer_pkey", "Startup Cost": 0.0, "Total Cost": 0.29, "Plan Rows": 1, "Plan Width": 0, "Index Cond": "(c_custkey = orders.o_custkey)"}]}]}, {"Node Type": "Bitmap Heap Scan", "Parent Relationship": "Inner", "Relation Name": "nation", "Alias": "nation", "Startup Cost": 0.26, "Total Cost": 4.27, "Plan Rows": 1, "Plan Width": 30, "Recheck Cond": "(n_nationkey = customer.c_nationkey)", "Plans": [{"Node Type": "Bitmap Index Scan", "Parent Relationship": "Outer", "Index Name": "nation_pkey", "Startup Cost": 0.0, "Total Cost": 0.26, "Plan Rows": 1, "Plan Width": 0, "Index Cond": "(n_nationkey = customer.c_nationkey)"}]}]}, {"Node Type": "Bitmap Heap Scan", "Parent Relationship": "Inner", "Relation Name": "lineitem", "Alias": "lineitem", "Startup Cost": 1.93, "Total Cost": 14.05, "Plan Rows": 3, "Plan Width": 24, "Recheck Cond": "(l_orderkey = orders.o_orderkey)", "Filter": "(l_returnflag = 'R'::bpchar)", "Plans": [{"Node Type": "Bitmap Index Scan", "Parent Relationship": "Outer", "Index Name": "idx_lineitem_orderkey", "Startup Cost": 0.0, "Total Cost": 1.92, "Plan Rows": 9, "Plan Width": 0, "Index Cond": "(l_orderkey = orders.o_orderkey)"}]}]}]}]}]}, "Unique SQL Id": 1604070524, "Planner Runtime": 1}, "explain_analyze_plan": {"Plan": {"Node Type": "Limit", "Startup Cost": 13443415.76, "Total Cost": 13443415.81, "Plan Rows": 20, "Plan Width": 191, "Actual Startup Time": 17197.212, "Actual Total Time": 17197.217, "Actual Rows": 20, "Actual Loops": 1, "Plans": [{"Node Type": "Sort", "Parent Relationship": "Outer", "Startup Cost": 13443415.76, "Total Cost": 13447030.51, "Plan Rows": 20, "Plan Width": 191, "Actual Startup Time": 17197.208, "Actual Total Time": 17197.21, "Actual Rows": 20, "Actual Loops": 1, "Sort Key": ["(sum((lineitem.l_extendedprice * (1::double precision - lineitem.l_discount)))) DESC"], "Sort Method": "top-N heapsort", "Sort Space Used": 35, "Sort Space Type": "Memory", "Plans": [{"Node Type": "Aggregate", "Strategy": "Hashed", "Parent Relationship": "Outer", "Startup Cost": 13390481.96, "Total Cost": 13404940.94, "Plan Rows": 1445898, "Plan Width": 191, "Actual Startup Time": 16740.682, "Actual Total Time": 17059.666, "Actual Rows": 381542, "Actual Loops": 1, "Group By Key": ["customer.c_custkey", "customer.c_name", "customer.c_acctbal", "customer.c_phone", "nation.n_name", "customer.c_address", "customer.c_comment"], "Plans": [{"Node Type": "Nested Loop", "Parent Relationship": "Outer", "Join Type": "Inner", "Startup Cost": 14732.12, "Total Cost": 13354334.51, "Plan Rows": 1445898, "Plan Width": 191, "Actual Startup Time": 238.524, "Actual Total Time": 14766.149, "Actual Rows": 1145969, "Actual Loops": 1, "Inner Unique": false, "Plans": [{"Node Type": "Nested Loop", "Parent Relationship": "Outer", "Join Type": "Inner", "Startup Cost": 14730.2, "Total Cost": 5249597.54, "Plan Rows": 575746, "Plan Width": 183, "Actual Startup Time": 238.474, "Actual Total Time": 8454.028, "Actual Rows": 573635, "Actual Loops": 1, "Inner Unique": true, "Plans": [{"Node Type": "Nested Loop", "Parent Relationship": "Outer", "Join Type": "Inner", "Startup Cost": 14729.94, "Total Cost": 2785257.65, "Plan Rows": 575746, "Plan Width": 161, "Actual Startup Time": 238.424, "Actual Total Time": 6266.051, "Actual Rows": 573635, "Actual Loops": 1, "Inner Unique": true, "Plans": [{"Node Type": "Bitmap Heap Scan", "Parent Relationship": "Outer", "Relation Name": "orders", "Alias": "orders", "Startup Cost": 14729.65, "Total Cost": 299784.84, "Plan Rows": 575746, "Plan Width": 16, "Actual Startup Time": 238.197, "Actual Total Time": 1069.489, "Actual Rows": 573635, "Actual Loops": 1, "Recheck Cond": "((o_orderdate >= '1993-08-01 00:00:00'::timestamp(0) without time zone) AND (o_orderdate < '1993-11-01 00:00:00'::timestamp without time zone)), (LLVM Optimized, Jit Execute)", "Rows Removed by Index Recheck": 0, "Exact Heap Blocks": 242860, "Lossy Heap Blocks": 242860, "Plans": [{"Node Type": "Bitmap Index Scan", "Parent Relationship": "Outer", "Index Name": "idx_orders_orderdate", "Startup Cost": 0.0, "Total Cost": 14585.71, "Plan Rows": 575746, "Plan Width": 0, "Actual Startup Time": 163.236, "Actual Total Time": 163.236, "Actual Rows": 573635, "Actual Loops": 1, "Index Cond": "((o_orderdate >= '1993-08-01 00:00:00'::timestamp(0) without time zone) AND (o_orderdate < '1993-11-01 00:00:00'::timestamp without time zone))"}]}, {"Node Type": "Bitmap Heap Scan", "Parent Relationship": "Inner", "Relation Name": "customer", "Alias": "customer", "Startup Cost": 0.29, "Total Cost": 4.31, "Plan Rows": 1, "Plan Width": 153, "Actual Startup Time": 4318.454, "Actual Total Time": 4318.454, "Actual Rows": 573635, "Actual Loops": 573635, "Recheck Cond": "(c_custkey = orders.o_custkey)", "Rows Removed by Index Recheck": 0, "Exact Heap Blocks": 573635, "Lossy Heap Blocks": 573635, "Plans": [{"Node Type": "Bitmap Index Scan", "Parent Relationship": "Outer", "Index Name": "customer_pkey", "Startup Cost": 0.0, "Total Cost": 0.29, "Plan Rows": 1, "Plan Width": 0, "Actual Startup Time": 2664.814, "Actual Total Time": 2664.814, "Actual Rows": 573635, "Actual Loops": 573635, "Index Cond": "(c_custkey = orders.o_custkey)"}]}]}, {"Node Type": "Bitmap Heap Scan", "Parent Relationship": "Inner", "Relation Name": "nation", "Alias": "nation", "Startup Cost": 0.26, "Total Cost": 4.27, "Plan Rows": 1, "Plan Width": 30, "Actual Startup Time": 1395.278, "Actual Total Time": 1395.278, "Actual Rows": 573635, "Actual Loops": 573635, "Recheck Cond": "(n_nationkey = customer.c_nationkey)", "Rows Removed by Index Recheck": 0, "Exact Heap Blocks": 573635, "Lossy Heap Blocks": 573635, "Plans": [{"Node Type": "Bitmap Index Scan", "Parent Relationship": "Outer", "Index Name": "nation_pkey", "Startup Cost": 0.0, "Total Cost": 0.26, "Plan Rows": 1, "Plan Width": 0, "Actual Startup Time": 608.282, "Actual Total Time": 608.282, "Actual Rows": 573635, "Actual Loops": 573635, "Index Cond": "(n_nationkey = customer.c_nationkey)"}]}]}, {"Node Type": "Bitmap Heap Scan", "Parent Relationship": "Inner", "Relation Name": "lineitem", "Alias": "lineitem", "Startup Cost": 1.93, "Total Cost": 14.05, "Plan Rows": 3, "Plan Width": 24, "Actual Startup Time": 4824.259, "Actual Total Time": 5354.044, "Actual Rows": 1145969, "Actual Loops": 573635, "Recheck Cond": "(l_orderkey = orders.o_orderkey)", "Rows Removed by Index Recheck": 0, "Filter": "(l_returnflag = 'R'::bpchar)", "Rows Removed by Filter": 1146896, "Exact Heap Blocks": 614400, "Lossy Heap Blocks": 614400, "Plans": [{"Node Type": "Bitmap Index Scan", "Parent Relationship": "Outer", "Index Name": "idx_lineitem_orderkey", "Startup Cost": 0.0, "Total Cost": 1.92, "Plan Rows": 9, "Plan Width": 0, "Actual Startup Time": 2480.858, "Actual Total Time": 2480.858, "Actual Rows": 2292865, "Actual Loops": 573635, "Index Cond": "(l_orderkey = orders.o_orderkey)"}]}]}]}]}]}, "Triggers": [], "Planner Runtime": 0, "Total Runtime": 17207.36, "Unique SQL Id": 1604070524}}, "(1, 68)": {"explain_plan": {"Plan": {"Node Type": "Limit", "Startup Cost": 2741876.6, "Total Cost": 2741876.65, "Plan Rows": 20, "Plan Width": 191, "Plans": [{"Node Type": "Sort", "Parent Relationship": "Outer", "Startup Cost": 2741876.6, "Total Cost": 2745491.35, "Plan Rows": 20, "Plan Width": 191, "Sort Key": ["(sum((lineitem.l_extendedprice * (1::double precision - lineitem.l_discount)))) DESC"], "Plans": [{"Node Type": "Aggregate", "Strategy": "Hashed", "Parent Relationship": "Outer", "Startup Cost": 2688942.8, "Total Cost": 2703401.78, "Plan Rows": 1445898, "Plan Width": 191, "Group By Key": ["customer.c_custkey", "customer.c_name", "customer.c_acctbal", "customer.c_phone", "nation.n_name", "customer.c_address", "customer.c_comment"], "Plans": [{"Node Type": "Hash Join", "Parent Relationship": "Outer", "Join Type": "Inner", "Startup Cost": 377859.22, "Total Cost": 2652795.35, "Plan Rows": 1445898, "Plan Width": 191, "Inner Unique": true, "Hash Cond": "(customer.c_nationkey = nation.n_nationkey), (LLVM Optimized)", "Plans": [{"Node Type": "Hash Join", "Parent Relationship": "Outer", "Join Type": "Inner", "Startup Cost": 377857.66, "Total Cost": 2632912.69, "Plan Rows": 1445898, "Plan Width": 169, "Inner Unique": true, "Hash Cond": "(orders.o_custkey = customer.c_custkey), (LLVM Optimized)", "Plans": [{"Node Type": "Hash Join", "Parent Relationship": "Outer", "Join Type": "Inner", "Startup Cost": 306981.66, "Total Cost": 2542155.59, "Plan Rows": 1445898, "Plan Width": 24, "Inner Unique": true, "Hash Cond": "(lineitem.l_orderkey = orders.o_orderkey), (LLVM Optimized)", "Plans": [{"Node Type": "Seq Scan", "Parent Relationship": "Outer", "Relation Name": "lineitem", "Alias": "lineitem", "Startup Cost": 0.0, "Total Cost": 2165082.91, "Plan Rows": 14835209, "Plan Width": 24, "Filter": "(l_returnflag = 'R'::bpchar), (LLVM Optimized)"}, {"Node Type": "Hash", "Parent Relationship": "Inner", "Startup Cost": 299784.84, "Total Cost": 299784.84, "Plan Rows": 575746, "Plan Width": 16, "Plans": [{"Node Type": "Bitmap Heap Scan", "Parent Relationship": "Outer", "Relation Name": "orders", "Alias": "orders", "Startup Cost": 14729.65, "Total Cost": 299784.84, "Plan Rows": 575746, "Plan Width": 16, "Recheck Cond": "((o_orderdate >= '1993-08-01 00:00:00'::timestamp(0) without time zone) AND (o_orderdate < '1993-11-01 00:00:00'::timestamp without time zone)), (LLVM Optimized)", "Plans": [{"Node Type": "Bitmap Index Scan", "Parent Relationship": "Outer", "Index Name": "idx_orders_orderdate", "Startup Cost": 0.0, "Total Cost": 14585.71, "Plan Rows": 575746, "Plan Width": 0, "Index Cond": "((o_orderdate >= '1993-08-01 00:00:00'::timestamp(0) without time zone) AND (o_orderdate < '1993-11-01 00:00:00'::timestamp without time zone))"}]}]}]}, {"Node Type": "Hash", "Parent Relationship": "Inner", "Startup Cost": 52126.0, "Total Cost": 52126.0, "Plan Rows": 1500000, "Plan Width": 153, "Plans": [{"Node Type": "Seq Scan", "Parent Relationship": "Outer", "Relation Name": "customer", "Alias": "customer", "Startup Cost": 0.0, "Total Cost": 52126.0, "Plan Rows": 1500000, "Plan Width": 153}]}]}, {"Node Type": "Hash", "Parent Relationship": "Inner", "Startup Cost": 1.25, "Total Cost": 1.25, "Plan Rows": 25, "Plan Width": 30, "Plans": [{"Node Type": "Seq Scan", "Parent Relationship": "Outer", "Relation Name": "nation", "Alias": "nation", "Startup Cost": 0.0, "Total Cost": 1.25, "Plan Rows": 25, "Plan Width": 30}]}]}]}]}]}, "Unique SQL Id": 1604070524, "Planner Runtime": 1}, "explain_analyze_plan": {"Plan": {"Node Type": "Limit", "Startup Cost": 2741876.6, "Total Cost": 2741876.65, "Plan Rows": 20, "Plan Width": 191, "Actual Startup Time": 33004.147, "Actual Total Time": 33004.153, "Actual Rows": 20, "Actual Loops": 1, "Plans": [{"Node Type": "Sort", "Parent Relationship": "Outer", "Startup Cost": 2741876.6, "Total Cost": 2745491.35, "Plan Rows": 20, "Plan Width": 191, "Actual Startup Time": 33004.144, "Actual Total Time": 33004.147, "Actual Rows": 20, "Actual Loops": 1, "Sort Key": ["(sum((lineitem.l_extendedprice * (1::double precision - lineitem.l_discount)))) DESC"], "Sort Method": "top-N heapsort", "Sort Space Used": 35, "Sort Space Type": "Memory", "Plans": [{"Node Type": "Aggregate", "Strategy": "Hashed", "Parent Relationship": "Outer", "Startup Cost": 2688942.8, "Total Cost": 2703401.78, "Plan Rows": 1445898, "Plan Width": 191, "Actual Startup Time": 32671.075, "Actual Total Time": 32870.631, "Actual Rows": 381542, "Actual Loops": 1, "Group By Key": ["customer.c_custkey", "customer.c_name", "customer.c_acctbal", "customer.c_phone", "nation.n_name", "customer.c_address", "customer.c_comment"], "Plans": [{"Node Type": "Hash Join", "Parent Relationship": "Outer", "Join Type": "Inner", "Startup Cost": 377859.22, "Total Cost": 2652795.35, "Plan Rows": 1445898, "Plan Width": 191, "Actual Startup Time": 2461.198, "Actual Total Time": 30813.969, "Actual Rows": 1145969, "Actual Loops": 1, "Inner Unique": true, "Hash Cond": "(customer.c_nationkey = nation.n_nationkey), (LLVM Optimized, Jit Execute)", "Plans": [{"Node Type": "Hash Join", "Parent Relationship": "Outer", "Join Type": "Inner", "Startup Cost": 377857.66, "Total Cost": 2632912.69, "Plan Rows": 1445898, "Plan Width": 169, "Actual Startup Time": 2461.091, "Actual Total Time": 30352.238, "Actual Rows": 1145969, "Actual Loops": 1, "Inner Unique": true, "Hash Cond": "(orders.o_custkey = customer.c_custkey), (LLVM Optimized, Jit Execute)", "Plans": [{"Node Type": "Hash Join", "Parent Relationship": "Outer", "Join Type": "Inner", "Startup Cost": 306981.66, "Total Cost": 2542155.59, "Plan Rows": 1445898, "Plan Width": 24, "Actual Startup Time": 1151.523, "Actual Total Time": 28224.084, "Actual Rows": 1145969, "Actual Loops": 1, "Inner Unique": true, "Hash Cond": "(lineitem.l_orderkey = orders.o_orderkey), (LLVM Optimized, Jit Execute)", "Plans": [{"Node Type": "Seq Scan", "Parent Relationship": "Outer", "Relation Name": "lineitem", "Alias": "lineitem", "Startup Cost": 0.0, "Total Cost": 2165082.91, "Plan Rows": 14835209, "Plan Width": 24, "Actual Startup Time": 0.018, "Actual Total Time": 22374.177, "Actual Rows": 14808183, "Actual Loops": 1, "Filter": "(l_returnflag = 'R'::bpchar), (LLVM Optimized, Jit Execute)", "Rows Removed by Filter": 45177869}, {"Node Type": "Hash", "Parent Relationship": "Inner", "Startup Cost": 299784.84, "Total Cost": 299784.84, "Plan Rows": 575746, "Plan Width": 16, "Actual Startup Time": 1150.79, "Actual Total Time": 1150.79, "Actual Rows": 573635, "Actual Loops": 1, "Hash Buckets": 1048576, "Hash Batches": 1, "Original Hash Batches": 1, "Peak Memory Usage": 26890, "Plans": [{"Node Type": "Bitmap Heap Scan", "Parent Relationship": "Outer", "Relation Name": "orders", "Alias": "orders", "Startup Cost": 14729.65, "Total Cost": 299784.84, "Plan Rows": 575746, "Plan Width": 16, "Actual Startup Time": 240.926, "Actual Total Time": 939.038, "Actual Rows": 573635, "Actual Loops": 1, "Recheck Cond": "((o_orderdate >= '1993-08-01 00:00:00'::timestamp(0) without time zone) AND (o_orderdate < '1993-11-01 00:00:00'::timestamp without time zone)), (LLVM Optimized, Jit Execute)", "Rows Removed by Index Recheck": 0, "Exact Heap Blocks": 242860, "Lossy Heap Blocks": 242860, "Plans": [{"Node Type": "Bitmap Index Scan", "Parent Relationship": "Outer", "Index Name": "idx_orders_orderdate", "Startup Cost": 0.0, "Total Cost": 14585.71, "Plan Rows": 575746, "Plan Width": 0, "Actual Startup Time": 164.914, "Actual Total Time": 164.914, "Actual Rows": 573635, "Actual Loops": 1, "Index Cond": "((o_orderdate >= '1993-08-01 00:00:00'::timestamp(0) without time zone) AND (o_orderdate < '1993-11-01 00:00:00'::timestamp without time zone))"}]}]}]}, {"Node Type": "Hash", "Parent Relationship": "Inner", "Startup Cost": 52126.0, "Total Cost": 52126.0, "Plan Rows": 1500000, "Plan Width": 153, "Actual Startup Time": 1307.083, "Actual Total Time": 1307.083, "Actual Rows": 1500000, "Actual Loops": 1, "Hash Buckets": 2097152, "Hash Batches": 1, "Original Hash Batches": 1, "Peak Memory Usage": 282695, "Plans": [{"Node Type": "Seq Scan", "Parent Relationship": "Outer", "Relation Name": "customer", "Alias": "customer", "Startup Cost": 0.0, "Total Cost": 52126.0, "Plan Rows": 1500000, "Plan Width": 153, "Actual Startup Time": 0.025, "Actual Total Time": 597.485, "Actual Rows": 1500000, "Actual Loops": 1}]}]}, {"Node Type": "Hash", "Parent Relationship": "Inner", "Startup Cost": 1.25, "Total Cost": 1.25, "Plan Rows": 25, "Plan Width": 30, "Actual Startup Time": 0.036, "Actual Total Time": 0.036, "Actual Rows": 25, "Actual Loops": 1, "Hash Buckets": 32768, "Hash Batches": 1, "Original Hash Batches": 1, "Peak Memory Usage": 2, "Plans": [{"Node Type": "Seq Scan", "Parent Relationship": "Outer", "Relation Name": "nation", "Alias": "nation", "Startup Cost": 0.0, "Total Cost": 1.25, "Plan Rows": 25, "Plan Width": 30, "Actual Startup Time": 0.014, "Actual Total Time": 0.021, "Actual Rows": 25, "Actual Loops": 1}]}]}]}]}]}, "Triggers": [], "Planner Runtime": 0, "Total Runtime": 33015.458, "Unique SQL Id": 1604070524}}, "(1, 69)": {"explain_plan": {"Plan": {"Node Type": "Limit", "Startup Cost": 3620844.85, "Total Cost": 3620844.9, "Plan Rows": 20, "Plan Width": 191, "Plans": [{"Node Type": "Sort", "Parent Relationship": "Outer", "Startup Cost": 3620844.85, "Total Cost": 3624459.59, "Plan Rows": 20, "Plan Width": 191, "Sort Key": ["(sum((lineitem.l_extendedprice * (1::double precision - lineitem.l_discount)))) DESC"], "Plans": [{"Node Type": "Aggregate", "Strategy": "Hashed", "Parent Relationship": "Outer", "Startup Cost": 3567911.04, "Total Cost": 3582370.02, "Plan Rows": 1445898, "Plan Width": 191, "Group By Key": ["customer.c_custkey", "customer.c_name", "customer.c_acctbal", "customer.c_phone", "nation.n_name", "customer.c_address", "customer.c_comment"], "Plans": [{"Node Type": "Nested Loop", "Parent Relationship": "Outer", "Join Type": "Inner", "Startup Cost": 114257.94, "Total Cost": 3531763.59, "Plan Rows": 1445898, "Plan Width": 191, "Inner Unique": false, "Plans": [{"Node Type": "Hash Join", "Parent Relationship": "Outer", "Join Type": "Inner", "Startup Cost": 114257.94, "Total Cost": 415146.15, "Plan Rows": 575746, "Plan Width": 183, "Inner Unique": true, "Hash Cond": "(customer.c_nationkey = nation.n_nationkey), (LLVM Optimized)", "Plans": [{"Node Type": "Hash Join", "Parent Relationship": "Outer", "Join Type": "Inner", "Startup Cost": 114245.0, "Total Cost": 407216.7, "Plan Rows": 575746, "Plan Width": 161, "Inner Unique": true, "Hash Cond": "(orders.o_custkey = customer.c_custkey), (LLVM Optimized)", "Plans": [{"Node Type": "Bitmap Heap Scan", "Parent Relationship": "Outer", "Relation Name": "orders", "Alias": "orders", "Startup Cost": 14729.65, "Total Cost": 299784.84, "Plan Rows": 575746, "Plan Width": 16, "Recheck Cond": "((o_orderdate >= '1993-08-01 00:00:00'::timestamp(0) without time zone) AND (o_orderdate < '1993-11-01 00:00:00'::timestamp without time zone)), (LLVM Optimized)", "Plans": [{"Node Type": "Bitmap Index Scan", "Parent Relationship": "Outer", "Index Name": "idx_orders_orderdate", "Startup Cost": 0.0, "Total Cost": 14585.71, "Plan Rows": 575746, "Plan Width": 0, "Index Cond": "((o_orderdate >= '1993-08-01 00:00:00'::timestamp(0) without time zone) AND (o_orderdate < '1993-11-01 00:00:00'::timestamp without time zone))"}]}, {"Node Type": "Hash", "Parent Relationship": "Inner", "Startup Cost": 80765.36, "Total Cost": 80765.36, "Plan Rows": 1500000, "Plan Width": 153, "Plans": [{"Node Type": "Index Scan", "Parent Relationship": "Outer", "Scan Direction": "Forward", "Index Name": "customer_pkey", "Relation Name": "customer", "Alias": "customer", "Startup Cost": 0.0, "Total Cost": 80765.36, "Plan Rows": 1500000, "Plan Width": 153}]}]}, {"Node Type": "Hash", "Parent Relationship": "Inner", "Startup Cost": 12.62, "Total Cost": 12.62, "Plan Rows": 25, "Plan Width": 30, "Plans": [{"Node Type": "Index Scan", "Parent Relationship": "Outer", "Scan Direction": "Forward", "Index Name": "nation_pkey", "Relation Name": "nation", "Alias": "nation", "Startup Cost": 0.0, "Total Cost": 12.62, "Plan Rows": 25, "Plan Width": 30}]}]}, {"Node Type": "Index Scan", "Parent Relationship": "Inner", "Scan Direction": "Forward", "Index Name": "idx_lineitem_orderkey", "Relation Name": "lineitem", "Alias": "lineitem", "Startup Cost": 0.0, "Total Cost": 5.38, "Plan Rows": 3, "Plan Width": 24, "Index Cond": "(l_orderkey = orders.o_orderkey)", "Filter": "(l_returnflag = 'R'::bpchar)"}]}]}]}]}, "Unique SQL Id": 1604070524, "Planner Runtime": 1}, "explain_analyze_plan": {"Plan": {"Node Type": "Limit", "Startup Cost": 3620844.85, "Total Cost": 3620844.9, "Plan Rows": 20, "Plan Width": 191, "Actual Startup Time": 13884.972, "Actual Total Time": 13884.98, "Actual Rows": 20, "Actual Loops": 1, "Plans": [{"Node Type": "Sort", "Parent Relationship": "Outer", "Startup Cost": 3620844.85, "Total Cost": 3624459.59, "Plan Rows": 20, "Plan Width": 191, "Actual Startup Time": 13884.967, "Actual Total Time": 13884.97, "Actual Rows": 20, "Actual Loops": 1, "Sort Key": ["(sum((lineitem.l_extendedprice * (1::double precision - lineitem.l_discount)))) DESC"], "Sort Method": "top-N heapsort", "Sort Space Used": 35, "Sort Space Type": "Memory", "Plans": [{"Node Type": "Aggregate", "Strategy": "Hashed", "Parent Relationship": "Outer", "Startup Cost": 3567911.04, "Total Cost": 3582370.02, "Plan Rows": 1445898, "Plan Width": 191, "Actual Startup Time": 13549.273, "Actual Total Time": 13750.357, "Actual Rows": 381542, "Actual Loops": 1, "Group By Key": ["customer.c_custkey", "customer.c_name", "customer.c_acctbal", "customer.c_phone", "nation.n_name", "customer.c_address", "customer.c_comment"], "Plans": [{"Node Type": "Nested Loop", "Parent Relationship": "Outer", "Join Type": "Inner", "Startup Cost": 114257.94, "Total Cost": 3531763.59, "Plan Rows": 1445898, "Plan Width": 191, "Actual Startup Time": 1960.115, "Actual Total Time": 11619.369, "Actual Rows": 1145969, "Actual Loops": 1, "Inner Unique": false, "Plans": [{"Node Type": "Hash Join", "Parent Relationship": "Outer", "Join Type": "Inner", "Startup Cost": 114257.94, "Total Cost": 415146.15, "Plan Rows": 575746, "Plan Width": 183, "Actual Startup Time": 1959.983, "Actual Total Time": 3759.194, "Actual Rows": 573635, "Actual Loops": 1, "Inner Unique": true, "Hash Cond": "(customer.c_nationkey = nation.n_nationkey), (LLVM Optimized, Jit Execute)", "Plans": [{"Node Type": "Hash Join", "Parent Relationship": "Outer", "Join Type": "Inner", "Startup Cost": 114245.0, "Total Cost": 407216.7, "Plan Rows": 575746, "Plan Width": 161, "Actual Startup Time": 1959.879, "Actual Total Time": 3505.46, "Actual Rows": 573635, "Actual Loops": 1, "Inner Unique": true, "Hash Cond": "(orders.o_custkey = customer.c_custkey), (LLVM Optimized, Jit Execute)", "Plans": [{"Node Type": "Bitmap Heap Scan", "Parent Relationship": "Outer", "Relation Name": "orders", "Alias": "orders", "Startup Cost": 14729.65, "Total Cost": 299784.84, "Plan Rows": 575746, "Plan Width": 16, "Actual Startup Time": 239.628, "Actual Total Time": 1107.976, "Actual Rows": 573635, "Actual Loops": 1, "Recheck Cond": "((o_orderdate >= '1993-08-01 00:00:00'::timestamp(0) without time zone) AND (o_orderdate < '1993-11-01 00:00:00'::timestamp without time zone)), (LLVM Optimized, Jit Execute)", "Rows Removed by Index Recheck": 0, "Exact Heap Blocks": 242860, "Lossy Heap Blocks": 242860, "Plans": [{"Node Type": "Bitmap Index Scan", "Parent Relationship": "Outer", "Index Name": "idx_orders_orderdate", "Startup Cost": 0.0, "Total Cost": 14585.71, "Plan Rows": 575746, "Plan Width": 0, "Actual Startup Time": 164.39, "Actual Total Time": 164.39, "Actual Rows": 573635, "Actual Loops": 1, "Index Cond": "((o_orderdate >= '1993-08-01 00:00:00'::timestamp(0) without time zone) AND (o_orderdate < '1993-11-01 00:00:00'::timestamp without time zone))"}]}, {"Node Type": "Hash", "Parent Relationship": "Inner", "Startup Cost": 80765.36, "Total Cost": 80765.36, "Plan Rows": 1500000, "Plan Width": 153, "Actual Startup Time": 1718.794, "Actual Total Time": 1718.794, "Actual Rows": 1500000, "Actual Loops": 1, "Hash Buckets": 2097152, "Hash Batches": 1, "Original Hash Batches": 1, "Peak Memory Usage": 282695, "Plans": [{"Node Type": "Index Scan", "Parent Relationship": "Outer", "Scan Direction": "Forward", "Index Name": "customer_pkey", "Relation Name": "customer", "Alias": "customer", "Startup Cost": 0.0, "Total Cost": 80765.36, "Plan Rows": 1500000, "Plan Width": 153, "Actual Startup Time": 0.057, "Actual Total Time": 1053.373, "Actual Rows": 1500000, "Actual Loops": 1}]}]}, {"Node Type": "Hash", "Parent Relationship": "Inner", "Startup Cost": 12.62, "Total Cost": 12.62, "Plan Rows": 25, "Plan Width": 30, "Actual Startup Time": 0.054, "Actual Total Time": 0.054, "Actual Rows": 25, "Actual Loops": 1, "Hash Buckets": 32768, "Hash Batches": 1, "Original Hash Batches": 1, "Peak Memory Usage": 2, "Plans": [{"Node Type": "Index Scan", "Parent Relationship": "Outer", "Scan Direction": "Forward", "Index Name": "nation_pkey", "Relation Name": "nation", "Alias": "nation", "Startup Cost": 0.0, "Total Cost": 12.62, "Plan Rows": 25, "Plan Width": 30, "Actual Startup Time": 0.018, "Actual Total Time": 0.034, "Actual Rows": 25, "Actual Loops": 1}]}]}, {"Node Type": "Index Scan", "Parent Relationship": "Inner", "Scan Direction": "Forward", "Index Name": "idx_lineitem_orderkey", "Relation Name": "lineitem", "Alias": "lineitem", "Startup Cost": 0.0, "Total Cost": 5.38, "Plan Rows": 3, "Plan Width": 24, "Actual Startup Time": 5879.361, "Actual Total Time": 7208.975, "Actual Rows": 1145969, "Actual Loops": 573635, "Index Cond": "(l_orderkey = orders.o_orderkey)", "Rows Removed by Index Recheck": 0, "Filter": "(l_returnflag = 'R'::bpchar)", "Rows Removed by Filter": 1146896}]}]}]}]}, "Triggers": [], "Planner Runtime": 0, "Total Runtime": 13895.62, "Unique SQL Id": 1604070524}}, "(1, 70)": {"explain_plan": {"Plan": {"Node Type": "Limit", "Startup Cost": 2741876.6, "Total Cost": 2741876.65, "Plan Rows": 20, "Plan Width": 191, "Plans": [{"Node Type": "Sort", "Parent Relationship": "Outer", "Startup Cost": 2741876.6, "Total Cost": 2745491.35, "Plan Rows": 20, "Plan Width": 191, "Sort Key": ["(sum((lineitem.l_extendedprice * (1::double precision - lineitem.l_discount)))) DESC"], "Plans": [{"Node Type": "Aggregate", "Strategy": "Hashed", "Parent Relationship": "Outer", "Startup Cost": 2688942.8, "Total Cost": 2703401.78, "Plan Rows": 1445898, "Plan Width": 191, "Group By Key": ["customer.c_custkey", "customer.c_name", "customer.c_acctbal", "customer.c_phone", "nation.n_name", "customer.c_address", "customer.c_comment"], "Plans": [{"Node Type": "Hash Join", "Parent Relationship": "Outer", "Join Type": "Inner", "Startup Cost": 377859.22, "Total Cost": 2652795.35, "Plan Rows": 1445898, "Plan Width": 191, "Inner Unique": true, "Hash Cond": "(customer.c_nationkey = nation.n_nationkey), (LLVM Optimized)", "Plans": [{"Node Type": "Hash Join", "Parent Relationship": "Outer", "Join Type": "Inner", "Startup Cost": 377857.66, "Total Cost": 2632912.69, "Plan Rows": 1445898, "Plan Width": 169, "Inner Unique": true, "Hash Cond": "(orders.o_custkey = customer.c_custkey), (LLVM Optimized)", "Plans": [{"Node Type": "Hash Join", "Parent Relationship": "Outer", "Join Type": "Inner", "Startup Cost": 306981.66, "Total Cost": 2542155.59, "Plan Rows": 1445898, "Plan Width": 24, "Inner Unique": true, "Hash Cond": "(lineitem.l_orderkey = orders.o_orderkey), (LLVM Optimized)", "Plans": [{"Node Type": "Seq Scan", "Parent Relationship": "Outer", "Relation Name": "lineitem", "Alias": "lineitem", "Startup Cost": 0.0, "Total Cost": 2165082.91, "Plan Rows": 14835209, "Plan Width": 24, "Filter": "(l_returnflag = 'R'::bpchar), (LLVM Optimized)"}, {"Node Type": "Hash", "Parent Relationship": "Inner", "Startup Cost": 299784.84, "Total Cost": 299784.84, "Plan Rows": 575746, "Plan Width": 16, "Plans": [{"Node Type": "Bitmap Heap Scan", "Parent Relationship": "Outer", "Relation Name": "orders", "Alias": "orders", "Startup Cost": 14729.65, "Total Cost": 299784.84, "Plan Rows": 575746, "Plan Width": 16, "Recheck Cond": "((o_orderdate >= '1993-08-01 00:00:00'::timestamp(0) without time zone) AND (o_orderdate < '1993-11-01 00:00:00'::timestamp without time zone)), (LLVM Optimized)", "Plans": [{"Node Type": "Bitmap Index Scan", "Parent Relationship": "Outer", "Index Name": "idx_orders_orderdate", "Startup Cost": 0.0, "Total Cost": 14585.71, "Plan Rows": 575746, "Plan Width": 0, "Index Cond": "((o_orderdate >= '1993-08-01 00:00:00'::timestamp(0) without time zone) AND (o_orderdate < '1993-11-01 00:00:00'::timestamp without time zone))"}]}]}]}, {"Node Type": "Hash", "Parent Relationship": "Inner", "Startup Cost": 52126.0, "Total Cost": 52126.0, "Plan Rows": 1500000, "Plan Width": 153, "Plans": [{"Node Type": "Seq Scan", "Parent Relationship": "Outer", "Relation Name": "customer", "Alias": "customer", "Startup Cost": 0.0, "Total Cost": 52126.0, "Plan Rows": 1500000, "Plan Width": 153}]}]}, {"Node Type": "Hash", "Parent Relationship": "Inner", "Startup Cost": 1.25, "Total Cost": 1.25, "Plan Rows": 25, "Plan Width": 30, "Plans": [{"Node Type": "Seq Scan", "Parent Relationship": "Outer", "Relation Name": "nation", "Alias": "nation", "Startup Cost": 0.0, "Total Cost": 1.25, "Plan Rows": 25, "Plan Width": 30}]}]}]}]}]}, "Unique SQL Id": 1604070524, "Planner Runtime": 1}, "explain_analyze_plan": {"Plan": {"Node Type": "Limit", "Startup Cost": 2741876.6, "Total Cost": 2741876.65, "Plan Rows": 20, "Plan Width": 191, "Actual Startup Time": 33004.147, "Actual Total Time": 33004.153, "Actual Rows": 20, "Actual Loops": 1, "Plans": [{"Node Type": "Sort", "Parent Relationship": "Outer", "Startup Cost": 2741876.6, "Total Cost": 2745491.35, "Plan Rows": 20, "Plan Width": 191, "Actual Startup Time": 33004.144, "Actual Total Time": 33004.147, "Actual Rows": 20, "Actual Loops": 1, "Sort Key": ["(sum((lineitem.l_extendedprice * (1::double precision - lineitem.l_discount)))) DESC"], "Sort Method": "top-N heapsort", "Sort Space Used": 35, "Sort Space Type": "Memory", "Plans": [{"Node Type": "Aggregate", "Strategy": "Hashed", "Parent Relationship": "Outer", "Startup Cost": 2688942.8, "Total Cost": 2703401.78, "Plan Rows": 1445898, "Plan Width": 191, "Actual Startup Time": 32671.075, "Actual Total Time": 32870.631, "Actual Rows": 381542, "Actual Loops": 1, "Group By Key": ["customer.c_custkey", "customer.c_name", "customer.c_acctbal", "customer.c_phone", "nation.n_name", "customer.c_address", "customer.c_comment"], "Plans": [{"Node Type": "Hash Join", "Parent Relationship": "Outer", "Join Type": "Inner", "Startup Cost": 377859.22, "Total Cost": 2652795.35, "Plan Rows": 1445898, "Plan Width": 191, "Actual Startup Time": 2461.198, "Actual Total Time": 30813.969, "Actual Rows": 1145969, "Actual Loops": 1, "Inner Unique": true, "Hash Cond": "(customer.c_nationkey = nation.n_nationkey), (LLVM Optimized, Jit Execute)", "Plans": [{"Node Type": "Hash Join", "Parent Relationship": "Outer", "Join Type": "Inner", "Startup Cost": 377857.66, "Total Cost": 2632912.69, "Plan Rows": 1445898, "Plan Width": 169, "Actual Startup Time": 2461.091, "Actual Total Time": 30352.238, "Actual Rows": 1145969, "Actual Loops": 1, "Inner Unique": true, "Hash Cond": "(orders.o_custkey = customer.c_custkey), (LLVM Optimized, Jit Execute)", "Plans": [{"Node Type": "Hash Join", "Parent Relationship": "Outer", "Join Type": "Inner", "Startup Cost": 306981.66, "Total Cost": 2542155.59, "Plan Rows": 1445898, "Plan Width": 24, "Actual Startup Time": 1151.523, "Actual Total Time": 28224.084, "Actual Rows": 1145969, "Actual Loops": 1, "Inner Unique": true, "Hash Cond": "(lineitem.l_orderkey = orders.o_orderkey), (LLVM Optimized, Jit Execute)", "Plans": [{"Node Type": "Seq Scan", "Parent Relationship": "Outer", "Relation Name": "lineitem", "Alias": "lineitem", "Startup Cost": 0.0, "Total Cost": 2165082.91, "Plan Rows": 14835209, "Plan Width": 24, "Actual Startup Time": 0.018, "Actual Total Time": 22374.177, "Actual Rows": 14808183, "Actual Loops": 1, "Filter": "(l_returnflag = 'R'::bpchar), (LLVM Optimized, Jit Execute)", "Rows Removed by Filter": 45177869}, {"Node Type": "Hash", "Parent Relationship": "Inner", "Startup Cost": 299784.84, "Total Cost": 299784.84, "Plan Rows": 575746, "Plan Width": 16, "Actual Startup Time": 1150.79, "Actual Total Time": 1150.79, "Actual Rows": 573635, "Actual Loops": 1, "Hash Buckets": 1048576, "Hash Batches": 1, "Original Hash Batches": 1, "Peak Memory Usage": 26890, "Plans": [{"Node Type": "Bitmap Heap Scan", "Parent Relationship": "Outer", "Relation Name": "orders", "Alias": "orders", "Startup Cost": 14729.65, "Total Cost": 299784.84, "Plan Rows": 575746, "Plan Width": 16, "Actual Startup Time": 240.926, "Actual Total Time": 939.038, "Actual Rows": 573635, "Actual Loops": 1, "Recheck Cond": "((o_orderdate >= '1993-08-01 00:00:00'::timestamp(0) without time zone) AND (o_orderdate < '1993-11-01 00:00:00'::timestamp without time zone)), (LLVM Optimized, Jit Execute)", "Rows Removed by Index Recheck": 0, "Exact Heap Blocks": 242860, "Lossy Heap Blocks": 242860, "Plans": [{"Node Type": "Bitmap Index Scan", "Parent Relationship": "Outer", "Index Name": "idx_orders_orderdate", "Startup Cost": 0.0, "Total Cost": 14585.71, "Plan Rows": 575746, "Plan Width": 0, "Actual Startup Time": 164.914, "Actual Total Time": 164.914, "Actual Rows": 573635, "Actual Loops": 1, "Index Cond": "((o_orderdate >= '1993-08-01 00:00:00'::timestamp(0) without time zone) AND (o_orderdate < '1993-11-01 00:00:00'::timestamp without time zone))"}]}]}]}, {"Node Type": "Hash", "Parent Relationship": "Inner", "Startup Cost": 52126.0, "Total Cost": 52126.0, "Plan Rows": 1500000, "Plan Width": 153, "Actual Startup Time": 1307.083, "Actual Total Time": 1307.083, "Actual Rows": 1500000, "Actual Loops": 1, "Hash Buckets": 2097152, "Hash Batches": 1, "Original Hash Batches": 1, "Peak Memory Usage": 282695, "Plans": [{"Node Type": "Seq Scan", "Parent Relationship": "Outer", "Relation Name": "customer", "Alias": "customer", "Startup Cost": 0.0, "Total Cost": 52126.0, "Plan Rows": 1500000, "Plan Width": 153, "Actual Startup Time": 0.025, "Actual Total Time": 597.485, "Actual Rows": 1500000, "Actual Loops": 1}]}]}, {"Node Type": "Hash", "Parent Relationship": "Inner", "Startup Cost": 1.25, "Total Cost": 1.25, "Plan Rows": 25, "Plan Width": 30, "Actual Startup Time": 0.036, "Actual Total Time": 0.036, "Actual Rows": 25, "Actual Loops": 1, "Hash Buckets": 32768, "Hash Batches": 1, "Original Hash Batches": 1, "Peak Memory Usage": 2, "Plans": [{"Node Type": "Seq Scan", "Parent Relationship": "Outer", "Relation Name": "nation", "Alias": "nation", "Startup Cost": 0.0, "Total Cost": 1.25, "Plan Rows": 25, "Plan Width": 30, "Actual Startup Time": 0.014, "Actual Total Time": 0.021, "Actual Rows": 25, "Actual Loops": 1}]}]}]}]}]}, "Triggers": [], "Planner Runtime": 0, "Total Runtime": 33015.458, "Unique SQL Id": 1604070524}}, "(1, 71)": {"explain_plan": {"Plan": {"Node Type": "Limit", "Startup Cost": 13443415.76, "Total Cost": 13443415.81, "Plan Rows": 20, "Plan Width": 191, "Plans": [{"Node Type": "Sort", "Parent Relationship": "Outer", "Startup Cost": 13443415.76, "Total Cost": 13447030.51, "Plan Rows": 20, "Plan Width": 191, "Sort Key": ["(sum((lineitem.l_extendedprice * (1::double precision - lineitem.l_discount)))) DESC"], "Plans": [{"Node Type": "Aggregate", "Strategy": "Hashed", "Parent Relationship": "Outer", "Startup Cost": 13390481.96, "Total Cost": 13404940.94, "Plan Rows": 1445898, "Plan Width": 191, "Group By Key": ["customer.c_custkey", "customer.c_name", "customer.c_acctbal", "customer.c_phone", "nation.n_name", "customer.c_address", "customer.c_comment"], "Plans": [{"Node Type": "Nested Loop", "Parent Relationship": "Outer", "Join Type": "Inner", "Startup Cost": 14732.12, "Total Cost": 13354334.51, "Plan Rows": 1445898, "Plan Width": 191, "Inner Unique": false, "Plans": [{"Node Type": "Nested Loop", "Parent Relationship": "Outer", "Join Type": "Inner", "Startup Cost": 14730.2, "Total Cost": 5249597.54, "Plan Rows": 575746, "Plan Width": 183, "Inner Unique": true, "Plans": [{"Node Type": "Nested Loop", "Parent Relationship": "Outer", "Join Type": "Inner", "Startup Cost": 14729.94, "Total Cost": 2785257.65, "Plan Rows": 575746, "Plan Width": 161, "Inner Unique": true, "Plans": [{"Node Type": "Bitmap Heap Scan", "Parent Relationship": "Outer", "Relation Name": "orders", "Alias": "orders", "Startup Cost": 14729.65, "Total Cost": 299784.84, "Plan Rows": 575746, "Plan Width": 16, "Recheck Cond": "((o_orderdate >= '1993-08-01 00:00:00'::timestamp(0) without time zone) AND (o_orderdate < '1993-11-01 00:00:00'::timestamp without time zone)), (LLVM Optimized)", "Plans": [{"Node Type": "Bitmap Index Scan", "Parent Relationship": "Outer", "Index Name": "idx_orders_orderdate", "Startup Cost": 0.0, "Total Cost": 14585.71, "Plan Rows": 575746, "Plan Width": 0, "Index Cond": "((o_orderdate >= '1993-08-01 00:00:00'::timestamp(0) without time zone) AND (o_orderdate < '1993-11-01 00:00:00'::timestamp without time zone))"}]}, {"Node Type": "Bitmap Heap Scan", "Parent Relationship": "Inner", "Relation Name": "customer", "Alias": "customer", "Startup Cost": 0.29, "Total Cost": 4.31, "Plan Rows": 1, "Plan Width": 153, "Recheck Cond": "(c_custkey = orders.o_custkey)", "Plans": [{"Node Type": "Bitmap Index Scan", "Parent Relationship": "Outer", "Index Name": "customer_pkey", "Startup Cost": 0.0, "Total Cost": 0.29, "Plan Rows": 1, "Plan Width": 0, "Index Cond": "(c_custkey = orders.o_custkey)"}]}]}, {"Node Type": "Bitmap Heap Scan", "Parent Relationship": "Inner", "Relation Name": "nation", "Alias": "nation", "Startup Cost": 0.26, "Total Cost": 4.27, "Plan Rows": 1, "Plan Width": 30, "Recheck Cond": "(n_nationkey = customer.c_nationkey)", "Plans": [{"Node Type": "Bitmap Index Scan", "Parent Relationship": "Outer", "Index Name": "nation_pkey", "Startup Cost": 0.0, "Total Cost": 0.26, "Plan Rows": 1, "Plan Width": 0, "Index Cond": "(n_nationkey = customer.c_nationkey)"}]}]}, {"Node Type": "Bitmap Heap Scan", "Parent Relationship": "Inner", "Relation Name": "lineitem", "Alias": "lineitem", "Startup Cost": 1.93, "Total Cost": 14.05, "Plan Rows": 3, "Plan Width": 24, "Recheck Cond": "(l_orderkey = orders.o_orderkey)", "Filter": "(l_returnflag = 'R'::bpchar)", "Plans": [{"Node Type": "Bitmap Index Scan", "Parent Relationship": "Outer", "Index Name": "idx_lineitem_orderkey", "Startup Cost": 0.0, "Total Cost": 1.92, "Plan Rows": 9, "Plan Width": 0, "Index Cond": "(l_orderkey = orders.o_orderkey)"}]}]}]}]}]}, "Unique SQL Id": 1604070524, "Planner Runtime": 1}, "explain_analyze_plan": {"Plan": {"Node Type": "Limit", "Startup Cost": 13443415.76, "Total Cost": 13443415.81, "Plan Rows": 20, "Plan Width": 191, "Actual Startup Time": 17197.212, "Actual Total Time": 17197.217, "Actual Rows": 20, "Actual Loops": 1, "Plans": [{"Node Type": "Sort", "Parent Relationship": "Outer", "Startup Cost": 13443415.76, "Total Cost": 13447030.51, "Plan Rows": 20, "Plan Width": 191, "Actual Startup Time": 17197.208, "Actual Total Time": 17197.21, "Actual Rows": 20, "Actual Loops": 1, "Sort Key": ["(sum((lineitem.l_extendedprice * (1::double precision - lineitem.l_discount)))) DESC"], "Sort Method": "top-N heapsort", "Sort Space Used": 35, "Sort Space Type": "Memory", "Plans": [{"Node Type": "Aggregate", "Strategy": "Hashed", "Parent Relationship": "Outer", "Startup Cost": 13390481.96, "Total Cost": 13404940.94, "Plan Rows": 1445898, "Plan Width": 191, "Actual Startup Time": 16740.682, "Actual Total Time": 17059.666, "Actual Rows": 381542, "Actual Loops": 1, "Group By Key": ["customer.c_custkey", "customer.c_name", "customer.c_acctbal", "customer.c_phone", "nation.n_name", "customer.c_address", "customer.c_comment"], "Plans": [{"Node Type": "Nested Loop", "Parent Relationship": "Outer", "Join Type": "Inner", "Startup Cost": 14732.12, "Total Cost": 13354334.51, "Plan Rows": 1445898, "Plan Width": 191, "Actual Startup Time": 238.524, "Actual Total Time": 14766.149, "Actual Rows": 1145969, "Actual Loops": 1, "Inner Unique": false, "Plans": [{"Node Type": "Nested Loop", "Parent Relationship": "Outer", "Join Type": "Inner", "Startup Cost": 14730.2, "Total Cost": 5249597.54, "Plan Rows": 575746, "Plan Width": 183, "Actual Startup Time": 238.474, "Actual Total Time": 8454.028, "Actual Rows": 573635, "Actual Loops": 1, "Inner Unique": true, "Plans": [{"Node Type": "Nested Loop", "Parent Relationship": "Outer", "Join Type": "Inner", "Startup Cost": 14729.94, "Total Cost": 2785257.65, "Plan Rows": 575746, "Plan Width": 161, "Actual Startup Time": 238.424, "Actual Total Time": 6266.051, "Actual Rows": 573635, "Actual Loops": 1, "Inner Unique": true, "Plans": [{"Node Type": "Bitmap Heap Scan", "Parent Relationship": "Outer", "Relation Name": "orders", "Alias": "orders", "Startup Cost": 14729.65, "Total Cost": 299784.84, "Plan Rows": 575746, "Plan Width": 16, "Actual Startup Time": 238.197, "Actual Total Time": 1069.489, "Actual Rows": 573635, "Actual Loops": 1, "Recheck Cond": "((o_orderdate >= '1993-08-01 00:00:00'::timestamp(0) without time zone) AND (o_orderdate < '1993-11-01 00:00:00'::timestamp without time zone)), (LLVM Optimized, Jit Execute)", "Rows Removed by Index Recheck": 0, "Exact Heap Blocks": 242860, "Lossy Heap Blocks": 242860, "Plans": [{"Node Type": "Bitmap Index Scan", "Parent Relationship": "Outer", "Index Name": "idx_orders_orderdate", "Startup Cost": 0.0, "Total Cost": 14585.71, "Plan Rows": 575746, "Plan Width": 0, "Actual Startup Time": 163.236, "Actual Total Time": 163.236, "Actual Rows": 573635, "Actual Loops": 1, "Index Cond": "((o_orderdate >= '1993-08-01 00:00:00'::timestamp(0) without time zone) AND (o_orderdate < '1993-11-01 00:00:00'::timestamp without time zone))"}]}, {"Node Type": "Bitmap Heap Scan", "Parent Relationship": "Inner", "Relation Name": "customer", "Alias": "customer", "Startup Cost": 0.29, "Total Cost": 4.31, "Plan Rows": 1, "Plan Width": 153, "Actual Startup Time": 4318.454, "Actual Total Time": 4318.454, "Actual Rows": 573635, "Actual Loops": 573635, "Recheck Cond": "(c_custkey = orders.o_custkey)", "Rows Removed by Index Recheck": 0, "Exact Heap Blocks": 573635, "Lossy Heap Blocks": 573635, "Plans": [{"Node Type": "Bitmap Index Scan", "Parent Relationship": "Outer", "Index Name": "customer_pkey", "Startup Cost": 0.0, "Total Cost": 0.29, "Plan Rows": 1, "Plan Width": 0, "Actual Startup Time": 2664.814, "Actual Total Time": 2664.814, "Actual Rows": 573635, "Actual Loops": 573635, "Index Cond": "(c_custkey = orders.o_custkey)"}]}]}, {"Node Type": "Bitmap Heap Scan", "Parent Relationship": "Inner", "Relation Name": "nation", "Alias": "nation", "Startup Cost": 0.26, "Total Cost": 4.27, "Plan Rows": 1, "Plan Width": 30, "Actual Startup Time": 1395.278, "Actual Total Time": 1395.278, "Actual Rows": 573635, "Actual Loops": 573635, "Recheck Cond": "(n_nationkey = customer.c_nationkey)", "Rows Removed by Index Recheck": 0, "Exact Heap Blocks": 573635, "Lossy Heap Blocks": 573635, "Plans": [{"Node Type": "Bitmap Index Scan", "Parent Relationship": "Outer", "Index Name": "nation_pkey", "Startup Cost": 0.0, "Total Cost": 0.26, "Plan Rows": 1, "Plan Width": 0, "Actual Startup Time": 608.282, "Actual Total Time": 608.282, "Actual Rows": 573635, "Actual Loops": 573635, "Index Cond": "(n_nationkey = customer.c_nationkey)"}]}]}, {"Node Type": "Bitmap Heap Scan", "Parent Relationship": "Inner", "Relation Name": "lineitem", "Alias": "lineitem", "Startup Cost": 1.93, "Total Cost": 14.05, "Plan Rows": 3, "Plan Width": 24, "Actual Startup Time": 4824.259, "Actual Total Time": 5354.044, "Actual Rows": 1145969, "Actual Loops": 573635, "Recheck Cond": "(l_orderkey = orders.o_orderkey)", "Rows Removed by Index Recheck": 0, "Filter": "(l_returnflag = 'R'::bpchar)", "Rows Removed by Filter": 1146896, "Exact Heap Blocks": 614400, "Lossy Heap Blocks": 614400, "Plans": [{"Node Type": "Bitmap Index Scan", "Parent Relationship": "Outer", "Index Name": "idx_lineitem_orderkey", "Startup Cost": 0.0, "Total Cost": 1.92, "Plan Rows": 9, "Plan Width": 0, "Actual Startup Time": 2480.858, "Actual Total Time": 2480.858, "Actual Rows": 2292865, "Actual Loops": 573635, "Index Cond": "(l_orderkey = orders.o_orderkey)"}]}]}]}]}]}, "Triggers": [], "Planner Runtime": 0, "Total Runtime": 17207.36, "Unique SQL Id": 1604070524}}, "(1, 72)": {"explain_plan": {"Plan": {"Node Type": "Limit", "Startup Cost": 2943502.95, "Total Cost": 2943503.0, "Plan Rows": 20, "Plan Width": 191, "Plans": [{"Node Type": "Sort", "Parent Relationship": "Outer", "Startup Cost": 2943502.95, "Total Cost": 2947117.69, "Plan Rows": 20, "Plan Width": 191, "Sort Key": ["(sum((lineitem.l_extendedprice * (1::double precision - lineitem.l_discount)))) DESC"], "Plans": [{"Node Type": "Aggregate", "Strategy": "Hashed", "Parent Relationship": "Outer", "Startup Cost": 2890569.14, "Total Cost": 2905028.12, "Plan Rows": 1445898, "Plan Width": 191, "Group By Key": ["customer.c_custkey", "customer.c_name", "customer.c_acctbal", "customer.c_phone", "nation.n_name", "customer.c_address", "customer.c_comment"], "Plans": [{"Node Type": "Hash Join", "Parent Relationship": "Outer", "Join Type": "Inner", "Startup Cost": 579485.57, "Total Cost": 2854421.69, "Plan Rows": 1445898, "Plan Width": 191, "Inner Unique": true, "Hash Cond": "(customer.c_nationkey = nation.n_nationkey), (LLVM Optimized)", "Plans": [{"Node Type": "Hash Join", "Parent Relationship": "Outer", "Join Type": "Inner", "Startup Cost": 579484.01, "Total Cost": 2834539.03, "Plan Rows": 1445898, "Plan Width": 169, "Inner Unique": true, "Hash Cond": "(orders.o_custkey = customer.c_custkey), (LLVM Optimized)", "Plans": [{"Node Type": "Hash Join", "Parent Relationship": "Outer", "Join Type": "Inner", "Startup Cost": 508608.01, "Total Cost": 2743781.94, "Plan Rows": 1445898, "Plan Width": 24, "Inner Unique": true, "Hash Cond": "(lineitem.l_orderkey = orders.o_orderkey), (LLVM Optimized)", "Plans": [{"Node Type": "Seq Scan", "Parent Relationship": "Outer", "Relation Name": "lineitem", "Alias": "lineitem", "Startup Cost": 0.0, "Total Cost": 2165082.91, "Plan Rows": 14835209, "Plan Width": 24, "Filter": "(l_returnflag = 'R'::bpchar), (LLVM Optimized)"}, {"Node Type": "Hash", "Parent Relationship": "Inner", "Startup Cost": 501411.18, "Total Cost": 501411.18, "Plan Rows": 575746, "Plan Width": 16, "Plans": [{"Node Type": "Seq Scan", "Parent Relationship": "Outer", "Relation Name": "orders", "Alias": "orders", "Startup Cost": 578.97, "Total Cost": 501411.18, "Plan Rows": 575746, "Plan Width": 16, "Filter": "((o_orderdate >= '1993-08-01 00:00:00'::timestamp(0) without time zone) AND (o_orderdate < '1993-11-01 00:00:00'::timestamp without time zone)), (LLVM Optimized)"}]}]}, {"Node Type": "Hash", "Parent Relationship": "Inner", "Startup Cost": 52126.0, "Total Cost": 52126.0, "Plan Rows": 1500000, "Plan Width": 153, "Plans": [{"Node Type": "Seq Scan", "Parent Relationship": "Outer", "Relation Name": "customer", "Alias": "customer", "Startup Cost": 0.0, "Total Cost": 52126.0, "Plan Rows": 1500000, "Plan Width": 153}]}]}, {"Node Type": "Hash", "Parent Relationship": "Inner", "Startup Cost": 1.25, "Total Cost": 1.25, "Plan Rows": 25, "Plan Width": 30, "Plans": [{"Node Type": "Seq Scan", "Parent Relationship": "Outer", "Relation Name": "nation", "Alias": "nation", "Startup Cost": 0.0, "Total Cost": 1.25, "Plan Rows": 25, "Plan Width": 30}]}]}]}]}]}, "Unique SQL Id": 1604070524, "Planner Runtime": 1}, "explain_analyze_plan": {"Plan": {"Node Type": "Limit", "Startup Cost": 2943502.95, "Total Cost": 2943503.0, "Plan Rows": 20, "Plan Width": 191, "Actual Startup Time": 37507.07, "Actual Total Time": 37507.078, "Actual Rows": 20, "Actual Loops": 1, "Plans": [{"Node Type": "Sort", "Parent Relationship": "Outer", "Startup Cost": 2943502.95, "Total Cost": 2947117.69, "Plan Rows": 20, "Plan Width": 191, "Actual Startup Time": 37507.067, "Actual Total Time": 37507.072, "Actual Rows": 20, "Actual Loops": 1, "Sort Key": ["(sum((lineitem.l_extendedprice * (1::double precision - lineitem.l_discount)))) DESC"], "Sort Method": "top-N heapsort", "Sort Space Used": 35, "Sort Space Type": "Memory", "Plans": [{"Node Type": "Aggregate", "Strategy": "Hashed", "Parent Relationship": "Outer", "Startup Cost": 2890569.14, "Total Cost": 2905028.12, "Plan Rows": 1445898, "Plan Width": 191, "Actual Startup Time": 37011.07, "Actual Total Time": 37368.13, "Actual Rows": 381542, "Actual Loops": 1, "Group By Key": ["customer.c_custkey", "customer.c_name", "customer.c_acctbal", "customer.c_phone", "nation.n_name", "customer.c_address", "customer.c_comment"], "Plans": [{"Node Type": "Hash Join", "Parent Relationship": "Outer", "Join Type": "Inner", "Startup Cost": 579485.57, "Total Cost": 2854421.69, "Plan Rows": 1445898, "Plan Width": 191, "Actual Startup Time": 6752.103, "Actual Total Time": 35154.298, "Actual Rows": 1145969, "Actual Loops": 1, "Inner Unique": true, "Hash Cond": "(customer.c_nationkey = nation.n_nationkey), (LLVM Optimized, Jit Execute)", "Plans": [{"Node Type": "Hash Join", "Parent Relationship": "Outer", "Join Type": "Inner", "Startup Cost": 579484.01, "Total Cost": 2834539.03, "Plan Rows": 1445898, "Plan Width": 169, "Actual Startup Time": 6752.0, "Actual Total Time": 34685.986, "Actual Rows": 1145969, "Actual Loops": 1, "Inner Unique": true, "Hash Cond": "(orders.o_custkey = customer.c_custkey), (LLVM Optimized, Jit Execute)", "Plans": [{"Node Type": "Hash Join", "Parent Relationship": "Outer", "Join Type": "Inner", "Startup Cost": 508608.01, "Total Cost": 2743781.94, "Plan Rows": 1445898, "Plan Width": 24, "Actual Startup Time": 5507.657, "Actual Total Time": 32610.074, "Actual Rows": 1145969, "Actual Loops": 1, "Inner Unique": true, "Hash Cond": "(lineitem.l_orderkey = orders.o_orderkey), (LLVM Optimized, Jit Execute)", "Plans": [{"Node Type": "Seq Scan", "Parent Relationship": "Outer", "Relation Name": "lineitem", "Alias": "lineitem", "Startup Cost": 0.0, "Total Cost": 2165082.91, "Plan Rows": 14835209, "Plan Width": 24, "Actual Startup Time": 0.018, "Actual Total Time": 22339.025, "Actual Rows": 14808183, "Actual Loops": 1, "Filter": "(l_returnflag = 'R'::bpchar), (LLVM Optimized, Jit Execute)", "Rows Removed by Filter": 45177869}, {"Node Type": "Hash", "Parent Relationship": "Inner", "Startup Cost": 501411.18, "Total Cost": 501411.18, "Plan Rows": 575746, "Plan Width": 16, "Actual Startup Time": 5506.946, "Actual Total Time": 5506.946, "Actual Rows": 573635, "Actual Loops": 1, "Hash Buckets": 1048576, "Hash Batches": 1, "Original Hash Batches": 1, "Peak Memory Usage": 26890, "Plans": [{"Node Type": "Seq Scan", "Parent Relationship": "Outer", "Relation Name": "orders", "Alias": "orders", "Startup Cost": 578.97, "Total Cost": 501411.18, "Plan Rows": 575746, "Plan Width": 16, "Actual Startup Time": 0.026, "Actual Total Time": 5235.253, "Actual Rows": 573635, "Actual Loops": 1, "Filter": "((o_orderdate >= '1993-08-01 00:00:00'::timestamp(0) without time zone) AND (o_orderdate < '1993-11-01 00:00:00'::timestamp without time zone)), (LLVM Optimized, Jit Execute)", "Rows Removed by Filter": 14426365}]}]}, {"Node Type": "Hash", "Parent Relationship": "Inner", "Startup Cost": 52126.0, "Total Cost": 52126.0, "Plan Rows": 1500000, "Plan Width": 153, "Actual Startup Time": 1243.058, "Actual Total Time": 1243.058, "Actual Rows": 1500000, "Actual Loops": 1, "Hash Buckets": 2097152, "Hash Batches": 1, "Original Hash Batches": 1, "Peak Memory Usage": 282695, "Plans": [{"Node Type": "Seq Scan", "Parent Relationship": "Outer", "Relation Name": "customer", "Alias": "customer", "Startup Cost": 0.0, "Total Cost": 52126.0, "Plan Rows": 1500000, "Plan Width": 153, "Actual Startup Time": 0.021, "Actual Total Time": 589.55, "Actual Rows": 1500000, "Actual Loops": 1}]}]}, {"Node Type": "Hash", "Parent Relationship": "Inner", "Startup Cost": 1.25, "Total Cost": 1.25, "Plan Rows": 25, "Plan Width": 30, "Actual Startup Time": 0.054, "Actual Total Time": 0.054, "Actual Rows": 25, "Actual Loops": 1, "Hash Buckets": 32768, "Hash Batches": 1, "Original Hash Batches": 1, "Peak Memory Usage": 2, "Plans": [{"Node Type": "Seq Scan", "Parent Relationship": "Outer", "Relation Name": "nation", "Alias": "nation", "Startup Cost": 0.0, "Total Cost": 1.25, "Plan Rows": 25, "Plan Width": 30, "Actual Startup Time": 0.025, "Actual Total Time": 0.031, "Actual Rows": 25, "Actual Loops": 1}]}]}]}]}]}, "Triggers": [], "Planner Runtime": 0, "Total Runtime": 37517.838, "Unique SQL Id": 1604070524}}, "(1, 73)": {"explain_plan": {"Plan": {"Node Type": "Limit", "Startup Cost": 4127035.84, "Total Cost": 4127035.89, "Plan Rows": 20, "Plan Width": 191, "Plans": [{"Node Type": "Sort", "Parent Relationship": "Outer", "Startup Cost": 4127035.84, "Total Cost": 4130650.58, "Plan Rows": 20, "Plan Width": 191, "Sort Key": ["(sum((lineitem.l_extendedprice * (1::double precision - lineitem.l_discount)))) DESC"], "Plans": [{"Node Type": "Aggregate", "Strategy": "Hashed", "Parent Relationship": "Outer", "Startup Cost": 4074102.03, "Total Cost": 4088561.01, "Plan Rows": 1445898, "Plan Width": 191, "Group By Key": ["customer.c_custkey", "customer.c_name", "customer.c_acctbal", "customer.c_phone", "nation.n_name", "customer.c_address", "customer.c_comment"], "Plans": [{"Node Type": "Nested Loop", "Parent Relationship": "Outer", "Join Type": "Inner", "Startup Cost": 99528.29, "Total Cost": 4037954.58, "Plan Rows": 1445898, "Plan Width": 191, "Inner Unique": false, "Plans": [{"Node Type": "Hash Join", "Parent Relationship": "Outer", "Join Type": "Inner", "Startup Cost": 99528.29, "Total Cost": 921337.14, "Plan Rows": 575746, "Plan Width": 183, "Inner Unique": true, "Hash Cond": "(customer.c_nationkey = nation.n_nationkey), (LLVM Optimized)", "Plans": [{"Node Type": "Hash Join", "Parent Relationship": "Outer", "Join Type": "Inner", "Startup Cost": 99515.36, "Total Cost": 913407.69, "Plan Rows": 575746, "Plan Width": 161, "Inner Unique": true, "Hash Cond": "(orders.o_custkey = customer.c_custkey), (LLVM Optimized)", "Plans": [{"Node Type": "Index Scan", "Parent Relationship": "Outer", "Scan Direction": "Forward", "Index Name": "orders_pkey", "Relation Name": "orders", "Alias": "orders", "Startup Cost": 0.0, "Total Cost": 805975.83, "Plan Rows": 575746, "Plan Width": 16, "Filter": "((o_orderdate >= '1993-08-01 00:00:00'::timestamp(0) without time zone) AND (o_orderdate < '1993-11-01 00:00:00'::timestamp without time zone)), (LLVM Optimized)"}, {"Node Type": "Hash", "Parent Relationship": "Inner", "Startup Cost": 80765.36, "Total Cost": 80765.36, "Plan Rows": 1500000, "Plan Width": 153, "Plans": [{"Node Type": "Index Scan", "Parent Relationship": "Outer", "Scan Direction": "Forward", "Index Name": "customer_pkey", "Relation Name": "customer", "Alias": "customer", "Startup Cost": 0.0, "Total Cost": 80765.36, "Plan Rows": 1500000, "Plan Width": 153}]}]}, {"Node Type": "Hash", "Parent Relationship": "Inner", "Startup Cost": 12.62, "Total Cost": 12.62, "Plan Rows": 25, "Plan Width": 30, "Plans": [{"Node Type": "Index Scan", "Parent Relationship": "Outer", "Scan Direction": "Forward", "Index Name": "nation_pkey", "Relation Name": "nation", "Alias": "nation", "Startup Cost": 0.0, "Total Cost": 12.62, "Plan Rows": 25, "Plan Width": 30}]}]}, {"Node Type": "Index Scan", "Parent Relationship": "Inner", "Scan Direction": "Forward", "Index Name": "idx_lineitem_orderkey", "Relation Name": "lineitem", "Alias": "lineitem", "Startup Cost": 0.0, "Total Cost": 5.38, "Plan Rows": 3, "Plan Width": 24, "Index Cond": "(l_orderkey = orders.o_orderkey)", "Filter": "(l_returnflag = 'R'::bpchar)"}]}]}]}]}, "Unique SQL Id": 1604070524, "Planner Runtime": 1}, "explain_analyze_plan": {"Plan": {"Node Type": "Limit", "Startup Cost": 4127035.84, "Total Cost": 4127035.89, "Plan Rows": 20, "Plan Width": 191, "Actual Startup Time": 21936.277, "Actual Total Time": 21936.283, "Actual Rows": 20, "Actual Loops": 1, "Plans": [{"Node Type": "Sort", "Parent Relationship": "Outer", "Startup Cost": 4127035.84, "Total Cost": 4130650.58, "Plan Rows": 20, "Plan Width": 191, "Actual Startup Time": 21936.274, "Actual Total Time": 21936.279, "Actual Rows": 20, "Actual Loops": 1, "Sort Key": ["(sum((lineitem.l_extendedprice * (1::double precision - lineitem.l_discount)))) DESC"], "Sort Method": "top-N heapsort", "Sort Space Used": 35, "Sort Space Type": "Memory", "Plans": [{"Node Type": "Aggregate", "Strategy": "Hashed", "Parent Relationship": "Outer", "Startup Cost": 4074102.03, "Total Cost": 4088561.01, "Plan Rows": 1445898, "Plan Width": 191, "Actual Startup Time": 21602.846, "Actual Total Time": 21802.074, "Actual Rows": 381542, "Actual Loops": 1, "Group By Key": ["customer.c_custkey", "customer.c_name", "customer.c_acctbal", "customer.c_phone", "nation.n_name", "customer.c_address", "customer.c_comment"], "Plans": [{"Node Type": "Nested Loop", "Parent Relationship": "Outer", "Join Type": "Inner", "Startup Cost": 99528.29, "Total Cost": 4037954.58, "Plan Rows": 1445898, "Plan Width": 191, "Actual Startup Time": 2126.954, "Actual Total Time": 19667.735, "Actual Rows": 1145969, "Actual Loops": 1, "Inner Unique": false, "Plans": [{"Node Type": "Hash Join", "Parent Relationship": "Outer", "Join Type": "Inner", "Startup Cost": 99528.29, "Total Cost": 921337.14, "Plan Rows": 575746, "Plan Width": 183, "Actual Startup Time": 2126.802, "Actual Total Time": 13808.845, "Actual Rows": 573635, "Actual Loops": 1, "Inner Unique": true, "Hash Cond": "(customer.c_nationkey = nation.n_nationkey), (LLVM Optimized, Jit Execute)", "Plans": [{"Node Type": "Hash Join", "Parent Relationship": "Outer", "Join Type": "Inner", "Startup Cost": 99515.36, "Total Cost": 913407.69, "Plan Rows": 575746, "Plan Width": 161, "Actual Startup Time": 2126.692, "Actual Total Time": 13557.509, "Actual Rows": 573635, "Actual Loops": 1, "Inner Unique": true, "Hash Cond": "(orders.o_custkey = customer.c_custkey), (LLVM Optimized, Jit Execute)", "Plans": [{"Node Type": "Index Scan", "Parent Relationship": "Outer", "Scan Direction": "Forward", "Index Name": "orders_pkey", "Relation Name": "orders", "Alias": "orders", "Startup Cost": 0.0, "Total Cost": 805975.83, "Plan Rows": 575746, "Plan Width": 16, "Actual Startup Time": 0.031, "Actual Total Time": 10741.931, "Actual Rows": 573635, "Actual Loops": 1, "Filter": "((o_orderdate >= '1993-08-01 00:00:00'::timestamp(0) without time zone) AND (o_orderdate < '1993-11-01 00:00:00'::timestamp without time zone)), (LLVM Optimized, Jit Execute)", "Rows Removed by Filter": 14426365}, {"Node Type": "Hash", "Parent Relationship": "Inner", "Startup Cost": 80765.36, "Total Cost": 80765.36, "Plan Rows": 1500000, "Plan Width": 153, "Actual Startup Time": 2124.217, "Actual Total Time": 2124.217, "Actual Rows": 1500000, "Actual Loops": 1, "Hash Buckets": 2097152, "Hash Batches": 1, "Original Hash Batches": 1, "Peak Memory Usage": 282695, "Plans": [{"Node Type": "Index Scan", "Parent Relationship": "Outer", "Scan Direction": "Forward", "Index Name": "customer_pkey", "Relation Name": "customer", "Alias": "customer", "Startup Cost": 0.0, "Total Cost": 80765.36, "Plan Rows": 1500000, "Plan Width": 153, "Actual Startup Time": 0.022, "Actual Total Time": 1241.581, "Actual Rows": 1500000, "Actual Loops": 1}]}]}, {"Node Type": "Hash", "Parent Relationship": "Inner", "Startup Cost": 12.62, "Total Cost": 12.62, "Plan Rows": 25, "Plan Width": 30, "Actual Startup Time": 0.046, "Actual Total Time": 0.046, "Actual Rows": 25, "Actual Loops": 1, "Hash Buckets": 32768, "Hash Batches": 1, "Original Hash Batches": 1, "Peak Memory Usage": 2, "Plans": [{"Node Type": "Index Scan", "Parent Relationship": "Outer", "Scan Direction": "Forward", "Index Name": "nation_pkey", "Relation Name": "nation", "Alias": "nation", "Startup Cost": 0.0, "Total Cost": 12.62, "Plan Rows": 25, "Plan Width": 30, "Actual Startup Time": 0.014, "Actual Total Time": 0.032, "Actual Rows": 25, "Actual Loops": 1}]}]}, {"Node Type": "Index Scan", "Parent Relationship": "Inner", "Scan Direction": "Forward", "Index Name": "idx_lineitem_orderkey", "Relation Name": "lineitem", "Alias": "lineitem", "Startup Cost": 0.0, "Total Cost": 5.38, "Plan Rows": 3, "Plan Width": 24, "Actual Startup Time": 3945.434, "Actual Total Time": 5206.896, "Actual Rows": 1145969, "Actual Loops": 573635, "Index Cond": "(l_orderkey = orders.o_orderkey)", "Rows Removed by Index Recheck": 0, "Filter": "(l_returnflag = 'R'::bpchar)", "Rows Removed by Filter": 1146896}]}]}]}]}, "Triggers": [], "Planner Runtime": 0, "Total Runtime": 21946.72, "Unique SQL Id": 1604070524}}, "(1, 74)": {"explain_plan": {"Plan": {"Node Type": "Limit", "Startup Cost": 2943502.95, "Total Cost": 2943503.0, "Plan Rows": 20, "Plan Width": 191, "Plans": [{"Node Type": "Sort", "Parent Relationship": "Outer", "Startup Cost": 2943502.95, "Total Cost": 2947117.69, "Plan Rows": 20, "Plan Width": 191, "Sort Key": ["(sum((lineitem.l_extendedprice * (1::double precision - lineitem.l_discount)))) DESC"], "Plans": [{"Node Type": "Aggregate", "Strategy": "Hashed", "Parent Relationship": "Outer", "Startup Cost": 2890569.14, "Total Cost": 2905028.12, "Plan Rows": 1445898, "Plan Width": 191, "Group By Key": ["customer.c_custkey", "customer.c_name", "customer.c_acctbal", "customer.c_phone", "nation.n_name", "customer.c_address", "customer.c_comment"], "Plans": [{"Node Type": "Hash Join", "Parent Relationship": "Outer", "Join Type": "Inner", "Startup Cost": 579485.57, "Total Cost": 2854421.69, "Plan Rows": 1445898, "Plan Width": 191, "Inner Unique": true, "Hash Cond": "(customer.c_nationkey = nation.n_nationkey), (LLVM Optimized)", "Plans": [{"Node Type": "Hash Join", "Parent Relationship": "Outer", "Join Type": "Inner", "Startup Cost": 579484.01, "Total Cost": 2834539.03, "Plan Rows": 1445898, "Plan Width": 169, "Inner Unique": true, "Hash Cond": "(orders.o_custkey = customer.c_custkey), (LLVM Optimized)", "Plans": [{"Node Type": "Hash Join", "Parent Relationship": "Outer", "Join Type": "Inner", "Startup Cost": 508608.01, "Total Cost": 2743781.94, "Plan Rows": 1445898, "Plan Width": 24, "Inner Unique": true, "Hash Cond": "(lineitem.l_orderkey = orders.o_orderkey), (LLVM Optimized)", "Plans": [{"Node Type": "Seq Scan", "Parent Relationship": "Outer", "Relation Name": "lineitem", "Alias": "lineitem", "Startup Cost": 0.0, "Total Cost": 2165082.91, "Plan Rows": 14835209, "Plan Width": 24, "Filter": "(l_returnflag = 'R'::bpchar), (LLVM Optimized)"}, {"Node Type": "Hash", "Parent Relationship": "Inner", "Startup Cost": 501411.18, "Total Cost": 501411.18, "Plan Rows": 575746, "Plan Width": 16, "Plans": [{"Node Type": "Seq Scan", "Parent Relationship": "Outer", "Relation Name": "orders", "Alias": "orders", "Startup Cost": 578.97, "Total Cost": 501411.18, "Plan Rows": 575746, "Plan Width": 16, "Filter": "((o_orderdate >= '1993-08-01 00:00:00'::timestamp(0) without time zone) AND (o_orderdate < '1993-11-01 00:00:00'::timestamp without time zone)), (LLVM Optimized)"}]}]}, {"Node Type": "Hash", "Parent Relationship": "Inner", "Startup Cost": 52126.0, "Total Cost": 52126.0, "Plan Rows": 1500000, "Plan Width": 153, "Plans": [{"Node Type": "Seq Scan", "Parent Relationship": "Outer", "Relation Name": "customer", "Alias": "customer", "Startup Cost": 0.0, "Total Cost": 52126.0, "Plan Rows": 1500000, "Plan Width": 153}]}]}, {"Node Type": "Hash", "Parent Relationship": "Inner", "Startup Cost": 1.25, "Total Cost": 1.25, "Plan Rows": 25, "Plan Width": 30, "Plans": [{"Node Type": "Seq Scan", "Parent Relationship": "Outer", "Relation Name": "nation", "Alias": "nation", "Startup Cost": 0.0, "Total Cost": 1.25, "Plan Rows": 25, "Plan Width": 30}]}]}]}]}]}, "Unique SQL Id": 1604070524, "Planner Runtime": 1}, "explain_analyze_plan": {"Plan": {"Node Type": "Limit", "Startup Cost": 2943502.95, "Total Cost": 2943503.0, "Plan Rows": 20, "Plan Width": 191, "Actual Startup Time": 37507.07, "Actual Total Time": 37507.078, "Actual Rows": 20, "Actual Loops": 1, "Plans": [{"Node Type": "Sort", "Parent Relationship": "Outer", "Startup Cost": 2943502.95, "Total Cost": 2947117.69, "Plan Rows": 20, "Plan Width": 191, "Actual Startup Time": 37507.067, "Actual Total Time": 37507.072, "Actual Rows": 20, "Actual Loops": 1, "Sort Key": ["(sum((lineitem.l_extendedprice * (1::double precision - lineitem.l_discount)))) DESC"], "Sort Method": "top-N heapsort", "Sort Space Used": 35, "Sort Space Type": "Memory", "Plans": [{"Node Type": "Aggregate", "Strategy": "Hashed", "Parent Relationship": "Outer", "Startup Cost": 2890569.14, "Total Cost": 2905028.12, "Plan Rows": 1445898, "Plan Width": 191, "Actual Startup Time": 37011.07, "Actual Total Time": 37368.13, "Actual Rows": 381542, "Actual Loops": 1, "Group By Key": ["customer.c_custkey", "customer.c_name", "customer.c_acctbal", "customer.c_phone", "nation.n_name", "customer.c_address", "customer.c_comment"], "Plans": [{"Node Type": "Hash Join", "Parent Relationship": "Outer", "Join Type": "Inner", "Startup Cost": 579485.57, "Total Cost": 2854421.69, "Plan Rows": 1445898, "Plan Width": 191, "Actual Startup Time": 6752.103, "Actual Total Time": 35154.298, "Actual Rows": 1145969, "Actual Loops": 1, "Inner Unique": true, "Hash Cond": "(customer.c_nationkey = nation.n_nationkey), (LLVM Optimized, Jit Execute)", "Plans": [{"Node Type": "Hash Join", "Parent Relationship": "Outer", "Join Type": "Inner", "Startup Cost": 579484.01, "Total Cost": 2834539.03, "Plan Rows": 1445898, "Plan Width": 169, "Actual Startup Time": 6752.0, "Actual Total Time": 34685.986, "Actual Rows": 1145969, "Actual Loops": 1, "Inner Unique": true, "Hash Cond": "(orders.o_custkey = customer.c_custkey), (LLVM Optimized, Jit Execute)", "Plans": [{"Node Type": "Hash Join", "Parent Relationship": "Outer", "Join Type": "Inner", "Startup Cost": 508608.01, "Total Cost": 2743781.94, "Plan Rows": 1445898, "Plan Width": 24, "Actual Startup Time": 5507.657, "Actual Total Time": 32610.074, "Actual Rows": 1145969, "Actual Loops": 1, "Inner Unique": true, "Hash Cond": "(lineitem.l_orderkey = orders.o_orderkey), (LLVM Optimized, Jit Execute)", "Plans": [{"Node Type": "Seq Scan", "Parent Relationship": "Outer", "Relation Name": "lineitem", "Alias": "lineitem", "Startup Cost": 0.0, "Total Cost": 2165082.91, "Plan Rows": 14835209, "Plan Width": 24, "Actual Startup Time": 0.018, "Actual Total Time": 22339.025, "Actual Rows": 14808183, "Actual Loops": 1, "Filter": "(l_returnflag = 'R'::bpchar), (LLVM Optimized, Jit Execute)", "Rows Removed by Filter": 45177869}, {"Node Type": "Hash", "Parent Relationship": "Inner", "Startup Cost": 501411.18, "Total Cost": 501411.18, "Plan Rows": 575746, "Plan Width": 16, "Actual Startup Time": 5506.946, "Actual Total Time": 5506.946, "Actual Rows": 573635, "Actual Loops": 1, "Hash Buckets": 1048576, "Hash Batches": 1, "Original Hash Batches": 1, "Peak Memory Usage": 26890, "Plans": [{"Node Type": "Seq Scan", "Parent Relationship": "Outer", "Relation Name": "orders", "Alias": "orders", "Startup Cost": 578.97, "Total Cost": 501411.18, "Plan Rows": 575746, "Plan Width": 16, "Actual Startup Time": 0.026, "Actual Total Time": 5235.253, "Actual Rows": 573635, "Actual Loops": 1, "Filter": "((o_orderdate >= '1993-08-01 00:00:00'::timestamp(0) without time zone) AND (o_orderdate < '1993-11-01 00:00:00'::timestamp without time zone)), (LLVM Optimized, Jit Execute)", "Rows Removed by Filter": 14426365}]}]}, {"Node Type": "Hash", "Parent Relationship": "Inner", "Startup Cost": 52126.0, "Total Cost": 52126.0, "Plan Rows": 1500000, "Plan Width": 153, "Actual Startup Time": 1243.058, "Actual Total Time": 1243.058, "Actual Rows": 1500000, "Actual Loops": 1, "Hash Buckets": 2097152, "Hash Batches": 1, "Original Hash Batches": 1, "Peak Memory Usage": 282695, "Plans": [{"Node Type": "Seq Scan", "Parent Relationship": "Outer", "Relation Name": "customer", "Alias": "customer", "Startup Cost": 0.0, "Total Cost": 52126.0, "Plan Rows": 1500000, "Plan Width": 153, "Actual Startup Time": 0.021, "Actual Total Time": 589.55, "Actual Rows": 1500000, "Actual Loops": 1}]}]}, {"Node Type": "Hash", "Parent Relationship": "Inner", "Startup Cost": 1.25, "Total Cost": 1.25, "Plan Rows": 25, "Plan Width": 30, "Actual Startup Time": 0.054, "Actual Total Time": 0.054, "Actual Rows": 25, "Actual Loops": 1, "Hash Buckets": 32768, "Hash Batches": 1, "Original Hash Batches": 1, "Peak Memory Usage": 2, "Plans": [{"Node Type": "Seq Scan", "Parent Relationship": "Outer", "Relation Name": "nation", "Alias": "nation", "Startup Cost": 0.0, "Total Cost": 1.25, "Plan Rows": 25, "Plan Width": 30, "Actual Startup Time": 0.025, "Actual Total Time": 0.031, "Actual Rows": 25, "Actual Loops": 1}]}]}]}]}]}, "Triggers": [], "Planner Runtime": 0, "Total Runtime": 37517.838, "Unique SQL Id": 1604070524}}, "(1, 75)": {"explain_plan": {"Plan": {"Node Type": "Limit", "Startup Cost": 4000411733144.66, "Total Cost": 4000411733144.71, "Plan Rows": 20, "Plan Width": 191, "Plans": [{"Node Type": "Sort", "Parent Relationship": "Outer", "Startup Cost": 4000411733144.66, "Total Cost": 4000411736759.4, "Plan Rows": 20, "Plan Width": 191, "Sort Key": ["(sum((lineitem.l_extendedprice * (1::double precision - lineitem.l_discount)))) DESC"], "Plans": [{"Node Type": "Aggregate", "Strategy": "Hashed", "Parent Relationship": "Outer", "Startup Cost": 4000411680210.85, "Total Cost": 4000411694669.83, "Plan Rows": 1445898, "Plan Width": 191, "Group By Key": ["customer.c_custkey", "customer.c_name", "customer.c_acctbal", "customer.c_phone", "nation.n_name", "customer.c_address", "customer.c_comment"], "Plans": [{"Node Type": "Hash Join", "Parent Relationship": "Outer", "Join Type": "Inner", "Startup Cost": 2020044209161.6, "Total Cost": 4000411644063.4, "Plan Rows": 1445898, "Plan Width": 191, "Inner Unique": true, "Hash Cond": "(customer.c_nationkey = nation.n_nationkey), (LLVM Optimized)", "Plans": [{"Node Type": "Hash Join", "Parent Relationship": "Outer", "Join Type": "Inner", "Startup Cost": 1020044207898.79, "Total Cost": 3000411622919.49, "Plan Rows": 1445898, "Plan Width": 169, "Inner Unique": true, "Hash Cond": "(orders.o_custkey = customer.c_custkey), (LLVM Optimized)", "Plans": [{"Node Type": "Merge Join", "Parent Relationship": "Outer", "Join Type": "Inner", "Startup Cost": 20036112613.17, "Total Cost": 2000403507752.77, "Plan Rows": 1445898, "Plan Width": 24, "Inner Unique": false, "Merge Cond": "(orders.o_orderkey = lineitem.l_orderkey)", "Plans": [{"Node Type": "Index Scan", "Parent Relationship": "Outer", "Scan Direction": "Forward", "Index Name": "orders_pkey", "Relation Name": "orders", "Alias": "orders", "Startup Cost": 10000000000.0, "Total Cost": 1000080597583.0, "Plan Rows": 575746, "Plan Width": 16, "Filter": "((o_orderdate >= '1993-08-01 00:00:00'::timestamp(0) without time zone) AND (o_orderdate < '1993-11-01 00:00:00'::timestamp without time zone)), (LLVM Optimized)"}, {"Node Type": "Index Scan", "Parent Relationship": "Inner", "Scan Direction": "Forward", "Index Name": "idx_lineitem_orderkey", "Relation Name": "lineitem", "Alias": "lineitem", "Startup Cost": 10000000000.0, "Total Cost": 1000339012132.75, "Plan Rows": 14835209, "Plan Width": 24, "Filter": "(l_returnflag = 'R'::bpchar), (LLVM Optimized)"}]}, {"Node Type": "Hash", "Parent Relationship": "Inner", "Startup Cost": 1000008076535.62, "Total Cost": 1000008076535.62, "Plan Rows": 1500000, "Plan Width": 153, "Plans": [{"Node Type": "Index Scan", "Parent Relationship": "Outer", "Scan Direction": "Forward", "Index Name": "customer_pkey", "Relation Name": "customer", "Alias": "customer", "Startup Cost": 10000000000.0, "Total Cost": 1000008076535.62, "Plan Rows": 1500000, "Plan Width": 153}]}]}, {"Node Type": "Hash", "Parent Relationship": "Inner", "Startup Cost": 1000000001262.5, "Total Cost": 1000000001262.5, "Plan Rows": 25, "Plan Width": 30, "Plans": [{"Node Type": "Index Scan", "Parent Relationship": "Outer", "Scan Direction": "Forward", "Index Name": "nation_pkey", "Relation Name": "nation", "Alias": "nation", "Startup Cost": 10000000000.0, "Total Cost": 1000000001262.5, "Plan Rows": 25, "Plan Width": 30}]}]}]}]}]}, "Unique SQL Id": 1604070524, "Planner Runtime": 1}, "explain_analyze_plan": {"Plan": {"Node Type": "Limit", "Startup Cost": 4000411733144.66, "Total Cost": 4000411733144.71, "Plan Rows": 20, "Plan Width": 191, "Actual Startup Time": 59615.049, "Actual Total Time": 59615.055, "Actual Rows": 20, "Actual Loops": 1, "Plans": [{"Node Type": "Sort", "Parent Relationship": "Outer", "Startup Cost": 4000411733144.66, "Total Cost": 4000411736759.4, "Plan Rows": 20, "Plan Width": 191, "Actual Startup Time": 59615.045, "Actual Total Time": 59615.048, "Actual Rows": 20, "Actual Loops": 1, "Sort Key": ["(sum((lineitem.l_extendedprice * (1::double precision - lineitem.l_discount)))) DESC"], "Sort Method": "top-N heapsort", "Sort Space Used": 35, "Sort Space Type": "Memory", "Plans": [{"Node Type": "Aggregate", "Strategy": "Hashed", "Parent Relationship": "Outer", "Startup Cost": 4000411680210.85, "Total Cost": 4000411694669.83, "Plan Rows": 1445898, "Plan Width": 191, "Actual Startup Time": 59280.307, "Actual Total Time": 59481.333, "Actual Rows": 381542, "Actual Loops": 1, "Group By Key": ["customer.c_custkey", "customer.c_name", "customer.c_acctbal", "customer.c_phone", "nation.n_name", "customer.c_address", "customer.c_comment"], "Plans": [{"Node Type": "Hash Join", "Parent Relationship": "Outer", "Join Type": "Inner", "Startup Cost": 2020044209161.6, "Total Cost": 4000411644063.4, "Plan Rows": 1445898, "Plan Width": 191, "Actual Startup Time": 1739.052, "Actual Total Time": 57364.554, "Actual Rows": 1145969, "Actual Loops": 1, "Inner Unique": true, "Hash Cond": "(customer.c_nationkey = nation.n_nationkey), (LLVM Optimized, Jit Execute)", "Plans": [{"Node Type": "Hash Join", "Parent Relationship": "Outer", "Join Type": "Inner", "Startup Cost": 1020044207898.79, "Total Cost": 3000411622919.49, "Plan Rows": 1445898, "Plan Width": 169, "Actual Startup Time": 1738.942, "Actual Total Time": 56888.736, "Actual Rows": 1145969, "Actual Loops": 1, "Inner Unique": true, "Hash Cond": "(orders.o_custkey = customer.c_custkey), (LLVM Optimized, Jit Execute)", "Plans": [{"Node Type": "Merge Join", "Parent Relationship": "Outer", "Join Type": "Inner", "Startup Cost": 20036112613.17, "Total Cost": 2000403507752.77, "Plan Rows": 1445898, "Plan Width": 24, "Actual Startup Time": 0.074, "Actual Total Time": 54295.58, "Actual Rows": 1145969, "Actual Loops": 1, "Inner Unique": false, "Merge Cond": "(orders.o_orderkey = lineitem.l_orderkey)", "Plans": [{"Node Type": "Index Scan", "Parent Relationship": "Outer", "Scan Direction": "Forward", "Index Name": "orders_pkey", "Relation Name": "orders", "Alias": "orders", "Startup Cost": 10000000000.0, "Total Cost": 1000080597583.0, "Plan Rows": 575746, "Plan Width": 16, "Actual Startup Time": 0.035, "Actual Total Time": 9899.586, "Actual Rows": 573635, "Actual Loops": 1, "Filter": "((o_orderdate >= '1993-08-01 00:00:00'::timestamp(0) without time zone) AND (o_orderdate < '1993-11-01 00:00:00'::timestamp without time zone)), (LLVM Optimized, Jit Execute)", "Rows Removed by Filter": 14426365}, {"Node Type": "Index Scan", "Parent Relationship": "Inner", "Scan Direction": "Forward", "Index Name": "idx_lineitem_orderkey", "Relation Name": "lineitem", "Alias": "lineitem", "Startup Cost": 10000000000.0, "Total Cost": 1000339012132.75, "Plan Rows": 14835209, "Plan Width": 24, "Actual Startup Time": 0.029, "Actual Total Time": 41696.802, "Actual Rows": 14808182, "Actual Loops": 1, "Filter": "(l_returnflag = 'R'::bpchar), (LLVM Optimized, Jit Execute)", "Rows Removed by Filter": 45177851}]}, {"Node Type": "Hash", "Parent Relationship": "Inner", "Startup Cost": 1000008076535.62, "Total Cost": 1000008076535.62, "Plan Rows": 1500000, "Plan Width": 153, "Actual Startup Time": 1737.422, "Actual Total Time": 1737.422, "Actual Rows": 1500000, "Actual Loops": 1, "Hash Buckets": 2097152, "Hash Batches": 1, "Original Hash Batches": 1, "Peak Memory Usage": 282695, "Plans": [{"Node Type": "Index Scan", "Parent Relationship": "Outer", "Scan Direction": "Forward", "Index Name": "customer_pkey", "Relation Name": "customer", "Alias": "customer", "Startup Cost": 10000000000.0, "Total Cost": 1000008076535.62, "Plan Rows": 1500000, "Plan Width": 153, "Actual Startup Time": 0.025, "Actual Total Time": 1004.28, "Actual Rows": 1500000, "Actual Loops": 1}]}]}, {"Node Type": "Hash", "Parent Relationship": "Inner", "Startup Cost": 1000000001262.5, "Total Cost": 1000000001262.5, "Plan Rows": 25, "Plan Width": 30, "Actual Startup Time": 0.057, "Actual Total Time": 0.057, "Actual Rows": 25, "Actual Loops": 1, "Hash Buckets": 32768, "Hash Batches": 1, "Original Hash Batches": 1, "Peak Memory Usage": 2, "Plans": [{"Node Type": "Index Scan", "Parent Relationship": "Outer", "Scan Direction": "Forward", "Index Name": "nation_pkey", "Relation Name": "nation", "Alias": "nation", "Startup Cost": 10000000000.0, "Total Cost": 1000000001262.5, "Plan Rows": 25, "Plan Width": 30, "Actual Startup Time": 0.022, "Actual Total Time": 0.036, "Actual Rows": 25, "Actual Loops": 1}]}]}]}]}]}, "Triggers": [], "Planner Runtime": 1, "Total Runtime": 59625.56, "Unique SQL Id": 1604070524}}, "(1, 76)": {"explain_plan": {"Plan": {"Node Type": "Limit", "Startup Cost": 2943502.95, "Total Cost": 2943503.0, "Plan Rows": 20, "Plan Width": 191, "Plans": [{"Node Type": "Sort", "Parent Relationship": "Outer", "Startup Cost": 2943502.95, "Total Cost": 2947117.69, "Plan Rows": 20, "Plan Width": 191, "Sort Key": ["(sum((lineitem.l_extendedprice * (1::double precision - lineitem.l_discount)))) DESC"], "Plans": [{"Node Type": "Aggregate", "Strategy": "Hashed", "Parent Relationship": "Outer", "Startup Cost": 2890569.14, "Total Cost": 2905028.12, "Plan Rows": 1445898, "Plan Width": 191, "Group By Key": ["customer.c_custkey", "customer.c_name", "customer.c_acctbal", "customer.c_phone", "nation.n_name", "customer.c_address", "customer.c_comment"], "Plans": [{"Node Type": "Hash Join", "Parent Relationship": "Outer", "Join Type": "Inner", "Startup Cost": 579485.57, "Total Cost": 2854421.69, "Plan Rows": 1445898, "Plan Width": 191, "Inner Unique": true, "Hash Cond": "(customer.c_nationkey = nation.n_nationkey), (LLVM Optimized)", "Plans": [{"Node Type": "Hash Join", "Parent Relationship": "Outer", "Join Type": "Inner", "Startup Cost": 579484.01, "Total Cost": 2834539.03, "Plan Rows": 1445898, "Plan Width": 169, "Inner Unique": true, "Hash Cond": "(orders.o_custkey = customer.c_custkey), (LLVM Optimized)", "Plans": [{"Node Type": "Hash Join", "Parent Relationship": "Outer", "Join Type": "Inner", "Startup Cost": 508608.01, "Total Cost": 2743781.94, "Plan Rows": 1445898, "Plan Width": 24, "Inner Unique": true, "Hash Cond": "(lineitem.l_orderkey = orders.o_orderkey), (LLVM Optimized)", "Plans": [{"Node Type": "Seq Scan", "Parent Relationship": "Outer", "Relation Name": "lineitem", "Alias": "lineitem", "Startup Cost": 0.0, "Total Cost": 2165082.91, "Plan Rows": 14835209, "Plan Width": 24, "Filter": "(l_returnflag = 'R'::bpchar), (LLVM Optimized)"}, {"Node Type": "Hash", "Parent Relationship": "Inner", "Startup Cost": 501411.18, "Total Cost": 501411.18, "Plan Rows": 575746, "Plan Width": 16, "Plans": [{"Node Type": "Seq Scan", "Parent Relationship": "Outer", "Relation Name": "orders", "Alias": "orders", "Startup Cost": 578.97, "Total Cost": 501411.18, "Plan Rows": 575746, "Plan Width": 16, "Filter": "((o_orderdate >= '1993-08-01 00:00:00'::timestamp(0) without time zone) AND (o_orderdate < '1993-11-01 00:00:00'::timestamp without time zone)), (LLVM Optimized)"}]}]}, {"Node Type": "Hash", "Parent Relationship": "Inner", "Startup Cost": 52126.0, "Total Cost": 52126.0, "Plan Rows": 1500000, "Plan Width": 153, "Plans": [{"Node Type": "Seq Scan", "Parent Relationship": "Outer", "Relation Name": "customer", "Alias": "customer", "Startup Cost": 0.0, "Total Cost": 52126.0, "Plan Rows": 1500000, "Plan Width": 153}]}]}, {"Node Type": "Hash", "Parent Relationship": "Inner", "Startup Cost": 1.25, "Total Cost": 1.25, "Plan Rows": 25, "Plan Width": 30, "Plans": [{"Node Type": "Seq Scan", "Parent Relationship": "Outer", "Relation Name": "nation", "Alias": "nation", "Startup Cost": 0.0, "Total Cost": 1.25, "Plan Rows": 25, "Plan Width": 30}]}]}]}]}]}, "Unique SQL Id": 1604070524, "Planner Runtime": 1}, "explain_analyze_plan": {"Plan": {"Node Type": "Limit", "Startup Cost": 2943502.95, "Total Cost": 2943503.0, "Plan Rows": 20, "Plan Width": 191, "Actual Startup Time": 37507.07, "Actual Total Time": 37507.078, "Actual Rows": 20, "Actual Loops": 1, "Plans": [{"Node Type": "Sort", "Parent Relationship": "Outer", "Startup Cost": 2943502.95, "Total Cost": 2947117.69, "Plan Rows": 20, "Plan Width": 191, "Actual Startup Time": 37507.067, "Actual Total Time": 37507.072, "Actual Rows": 20, "Actual Loops": 1, "Sort Key": ["(sum((lineitem.l_extendedprice * (1::double precision - lineitem.l_discount)))) DESC"], "Sort Method": "top-N heapsort", "Sort Space Used": 35, "Sort Space Type": "Memory", "Plans": [{"Node Type": "Aggregate", "Strategy": "Hashed", "Parent Relationship": "Outer", "Startup Cost": 2890569.14, "Total Cost": 2905028.12, "Plan Rows": 1445898, "Plan Width": 191, "Actual Startup Time": 37011.07, "Actual Total Time": 37368.13, "Actual Rows": 381542, "Actual Loops": 1, "Group By Key": ["customer.c_custkey", "customer.c_name", "customer.c_acctbal", "customer.c_phone", "nation.n_name", "customer.c_address", "customer.c_comment"], "Plans": [{"Node Type": "Hash Join", "Parent Relationship": "Outer", "Join Type": "Inner", "Startup Cost": 579485.57, "Total Cost": 2854421.69, "Plan Rows": 1445898, "Plan Width": 191, "Actual Startup Time": 6752.103, "Actual Total Time": 35154.298, "Actual Rows": 1145969, "Actual Loops": 1, "Inner Unique": true, "Hash Cond": "(customer.c_nationkey = nation.n_nationkey), (LLVM Optimized, Jit Execute)", "Plans": [{"Node Type": "Hash Join", "Parent Relationship": "Outer", "Join Type": "Inner", "Startup Cost": 579484.01, "Total Cost": 2834539.03, "Plan Rows": 1445898, "Plan Width": 169, "Actual Startup Time": 6752.0, "Actual Total Time": 34685.986, "Actual Rows": 1145969, "Actual Loops": 1, "Inner Unique": true, "Hash Cond": "(orders.o_custkey = customer.c_custkey), (LLVM Optimized, Jit Execute)", "Plans": [{"Node Type": "Hash Join", "Parent Relationship": "Outer", "Join Type": "Inner", "Startup Cost": 508608.01, "Total Cost": 2743781.94, "Plan Rows": 1445898, "Plan Width": 24, "Actual Startup Time": 5507.657, "Actual Total Time": 32610.074, "Actual Rows": 1145969, "Actual Loops": 1, "Inner Unique": true, "Hash Cond": "(lineitem.l_orderkey = orders.o_orderkey), (LLVM Optimized, Jit Execute)", "Plans": [{"Node Type": "Seq Scan", "Parent Relationship": "Outer", "Relation Name": "lineitem", "Alias": "lineitem", "Startup Cost": 0.0, "Total Cost": 2165082.91, "Plan Rows": 14835209, "Plan Width": 24, "Actual Startup Time": 0.018, "Actual Total Time": 22339.025, "Actual Rows": 14808183, "Actual Loops": 1, "Filter": "(l_returnflag = 'R'::bpchar), (LLVM Optimized, Jit Execute)", "Rows Removed by Filter": 45177869}, {"Node Type": "Hash", "Parent Relationship": "Inner", "Startup Cost": 501411.18, "Total Cost": 501411.18, "Plan Rows": 575746, "Plan Width": 16, "Actual Startup Time": 5506.946, "Actual Total Time": 5506.946, "Actual Rows": 573635, "Actual Loops": 1, "Hash Buckets": 1048576, "Hash Batches": 1, "Original Hash Batches": 1, "Peak Memory Usage": 26890, "Plans": [{"Node Type": "Seq Scan", "Parent Relationship": "Outer", "Relation Name": "orders", "Alias": "orders", "Startup Cost": 578.97, "Total Cost": 501411.18, "Plan Rows": 575746, "Plan Width": 16, "Actual Startup Time": 0.026, "Actual Total Time": 5235.253, "Actual Rows": 573635, "Actual Loops": 1, "Filter": "((o_orderdate >= '1993-08-01 00:00:00'::timestamp(0) without time zone) AND (o_orderdate < '1993-11-01 00:00:00'::timestamp without time zone)), (LLVM Optimized, Jit Execute)", "Rows Removed by Filter": 14426365}]}]}, {"Node Type": "Hash", "Parent Relationship": "Inner", "Startup Cost": 52126.0, "Total Cost": 52126.0, "Plan Rows": 1500000, "Plan Width": 153, "Actual Startup Time": 1243.058, "Actual Total Time": 1243.058, "Actual Rows": 1500000, "Actual Loops": 1, "Hash Buckets": 2097152, "Hash Batches": 1, "Original Hash Batches": 1, "Peak Memory Usage": 282695, "Plans": [{"Node Type": "Seq Scan", "Parent Relationship": "Outer", "Relation Name": "customer", "Alias": "customer", "Startup Cost": 0.0, "Total Cost": 52126.0, "Plan Rows": 1500000, "Plan Width": 153, "Actual Startup Time": 0.021, "Actual Total Time": 589.55, "Actual Rows": 1500000, "Actual Loops": 1}]}]}, {"Node Type": "Hash", "Parent Relationship": "Inner", "Startup Cost": 1.25, "Total Cost": 1.25, "Plan Rows": 25, "Plan Width": 30, "Actual Startup Time": 0.054, "Actual Total Time": 0.054, "Actual Rows": 25, "Actual Loops": 1, "Hash Buckets": 32768, "Hash Batches": 1, "Original Hash Batches": 1, "Peak Memory Usage": 2, "Plans": [{"Node Type": "Seq Scan", "Parent Relationship": "Outer", "Relation Name": "nation", "Alias": "nation", "Startup Cost": 0.0, "Total Cost": 1.25, "Plan Rows": 25, "Plan Width": 30, "Actual Startup Time": 0.025, "Actual Total Time": 0.031, "Actual Rows": 25, "Actual Loops": 1}]}]}]}]}]}, "Triggers": [], "Planner Runtime": 0, "Total Runtime": 37517.838, "Unique SQL Id": 1604070524}}, "(1, 77)": {"explain_plan": {"Plan": {"Node Type": "Limit", "Startup Cost": 4127035.84, "Total Cost": 4127035.89, "Plan Rows": 20, "Plan Width": 191, "Plans": [{"Node Type": "Sort", "Parent Relationship": "Outer", "Startup Cost": 4127035.84, "Total Cost": 4130650.58, "Plan Rows": 20, "Plan Width": 191, "Sort Key": ["(sum((lineitem.l_extendedprice * (1::double precision - lineitem.l_discount)))) DESC"], "Plans": [{"Node Type": "Aggregate", "Strategy": "Hashed", "Parent Relationship": "Outer", "Startup Cost": 4074102.03, "Total Cost": 4088561.01, "Plan Rows": 1445898, "Plan Width": 191, "Group By Key": ["customer.c_custkey", "customer.c_name", "customer.c_acctbal", "customer.c_phone", "nation.n_name", "customer.c_address", "customer.c_comment"], "Plans": [{"Node Type": "Nested Loop", "Parent Relationship": "Outer", "Join Type": "Inner", "Startup Cost": 99528.29, "Total Cost": 4037954.58, "Plan Rows": 1445898, "Plan Width": 191, "Inner Unique": false, "Plans": [{"Node Type": "Hash Join", "Parent Relationship": "Outer", "Join Type": "Inner", "Startup Cost": 99528.29, "Total Cost": 921337.14, "Plan Rows": 575746, "Plan Width": 183, "Inner Unique": true, "Hash Cond": "(customer.c_nationkey = nation.n_nationkey), (LLVM Optimized)", "Plans": [{"Node Type": "Hash Join", "Parent Relationship": "Outer", "Join Type": "Inner", "Startup Cost": 99515.36, "Total Cost": 913407.69, "Plan Rows": 575746, "Plan Width": 161, "Inner Unique": true, "Hash Cond": "(orders.o_custkey = customer.c_custkey), (LLVM Optimized)", "Plans": [{"Node Type": "Index Scan", "Parent Relationship": "Outer", "Scan Direction": "Forward", "Index Name": "orders_pkey", "Relation Name": "orders", "Alias": "orders", "Startup Cost": 0.0, "Total Cost": 805975.83, "Plan Rows": 575746, "Plan Width": 16, "Filter": "((o_orderdate >= '1993-08-01 00:00:00'::timestamp(0) without time zone) AND (o_orderdate < '1993-11-01 00:00:00'::timestamp without time zone)), (LLVM Optimized)"}, {"Node Type": "Hash", "Parent Relationship": "Inner", "Startup Cost": 80765.36, "Total Cost": 80765.36, "Plan Rows": 1500000, "Plan Width": 153, "Plans": [{"Node Type": "Index Scan", "Parent Relationship": "Outer", "Scan Direction": "Forward", "Index Name": "customer_pkey", "Relation Name": "customer", "Alias": "customer", "Startup Cost": 0.0, "Total Cost": 80765.36, "Plan Rows": 1500000, "Plan Width": 153}]}]}, {"Node Type": "Hash", "Parent Relationship": "Inner", "Startup Cost": 12.62, "Total Cost": 12.62, "Plan Rows": 25, "Plan Width": 30, "Plans": [{"Node Type": "Index Scan", "Parent Relationship": "Outer", "Scan Direction": "Forward", "Index Name": "nation_pkey", "Relation Name": "nation", "Alias": "nation", "Startup Cost": 0.0, "Total Cost": 12.62, "Plan Rows": 25, "Plan Width": 30}]}]}, {"Node Type": "Index Scan", "Parent Relationship": "Inner", "Scan Direction": "Forward", "Index Name": "idx_lineitem_orderkey", "Relation Name": "lineitem", "Alias": "lineitem", "Startup Cost": 0.0, "Total Cost": 5.38, "Plan Rows": 3, "Plan Width": 24, "Index Cond": "(l_orderkey = orders.o_orderkey)", "Filter": "(l_returnflag = 'R'::bpchar)"}]}]}]}]}, "Unique SQL Id": 1604070524, "Planner Runtime": 1}, "explain_analyze_plan": {"Plan": {"Node Type": "Limit", "Startup Cost": 4127035.84, "Total Cost": 4127035.89, "Plan Rows": 20, "Plan Width": 191, "Actual Startup Time": 21936.277, "Actual Total Time": 21936.283, "Actual Rows": 20, "Actual Loops": 1, "Plans": [{"Node Type": "Sort", "Parent Relationship": "Outer", "Startup Cost": 4127035.84, "Total Cost": 4130650.58, "Plan Rows": 20, "Plan Width": 191, "Actual Startup Time": 21936.274, "Actual Total Time": 21936.279, "Actual Rows": 20, "Actual Loops": 1, "Sort Key": ["(sum((lineitem.l_extendedprice * (1::double precision - lineitem.l_discount)))) DESC"], "Sort Method": "top-N heapsort", "Sort Space Used": 35, "Sort Space Type": "Memory", "Plans": [{"Node Type": "Aggregate", "Strategy": "Hashed", "Parent Relationship": "Outer", "Startup Cost": 4074102.03, "Total Cost": 4088561.01, "Plan Rows": 1445898, "Plan Width": 191, "Actual Startup Time": 21602.846, "Actual Total Time": 21802.074, "Actual Rows": 381542, "Actual Loops": 1, "Group By Key": ["customer.c_custkey", "customer.c_name", "customer.c_acctbal", "customer.c_phone", "nation.n_name", "customer.c_address", "customer.c_comment"], "Plans": [{"Node Type": "Nested Loop", "Parent Relationship": "Outer", "Join Type": "Inner", "Startup Cost": 99528.29, "Total Cost": 4037954.58, "Plan Rows": 1445898, "Plan Width": 191, "Actual Startup Time": 2126.954, "Actual Total Time": 19667.735, "Actual Rows": 1145969, "Actual Loops": 1, "Inner Unique": false, "Plans": [{"Node Type": "Hash Join", "Parent Relationship": "Outer", "Join Type": "Inner", "Startup Cost": 99528.29, "Total Cost": 921337.14, "Plan Rows": 575746, "Plan Width": 183, "Actual Startup Time": 2126.802, "Actual Total Time": 13808.845, "Actual Rows": 573635, "Actual Loops": 1, "Inner Unique": true, "Hash Cond": "(customer.c_nationkey = nation.n_nationkey), (LLVM Optimized, Jit Execute)", "Plans": [{"Node Type": "Hash Join", "Parent Relationship": "Outer", "Join Type": "Inner", "Startup Cost": 99515.36, "Total Cost": 913407.69, "Plan Rows": 575746, "Plan Width": 161, "Actual Startup Time": 2126.692, "Actual Total Time": 13557.509, "Actual Rows": 573635, "Actual Loops": 1, "Inner Unique": true, "Hash Cond": "(orders.o_custkey = customer.c_custkey), (LLVM Optimized, Jit Execute)", "Plans": [{"Node Type": "Index Scan", "Parent Relationship": "Outer", "Scan Direction": "Forward", "Index Name": "orders_pkey", "Relation Name": "orders", "Alias": "orders", "Startup Cost": 0.0, "Total Cost": 805975.83, "Plan Rows": 575746, "Plan Width": 16, "Actual Startup Time": 0.031, "Actual Total Time": 10741.931, "Actual Rows": 573635, "Actual Loops": 1, "Filter": "((o_orderdate >= '1993-08-01 00:00:00'::timestamp(0) without time zone) AND (o_orderdate < '1993-11-01 00:00:00'::timestamp without time zone)), (LLVM Optimized, Jit Execute)", "Rows Removed by Filter": 14426365}, {"Node Type": "Hash", "Parent Relationship": "Inner", "Startup Cost": 80765.36, "Total Cost": 80765.36, "Plan Rows": 1500000, "Plan Width": 153, "Actual Startup Time": 2124.217, "Actual Total Time": 2124.217, "Actual Rows": 1500000, "Actual Loops": 1, "Hash Buckets": 2097152, "Hash Batches": 1, "Original Hash Batches": 1, "Peak Memory Usage": 282695, "Plans": [{"Node Type": "Index Scan", "Parent Relationship": "Outer", "Scan Direction": "Forward", "Index Name": "customer_pkey", "Relation Name": "customer", "Alias": "customer", "Startup Cost": 0.0, "Total Cost": 80765.36, "Plan Rows": 1500000, "Plan Width": 153, "Actual Startup Time": 0.022, "Actual Total Time": 1241.581, "Actual Rows": 1500000, "Actual Loops": 1}]}]}, {"Node Type": "Hash", "Parent Relationship": "Inner", "Startup Cost": 12.62, "Total Cost": 12.62, "Plan Rows": 25, "Plan Width": 30, "Actual Startup Time": 0.046, "Actual Total Time": 0.046, "Actual Rows": 25, "Actual Loops": 1, "Hash Buckets": 32768, "Hash Batches": 1, "Original Hash Batches": 1, "Peak Memory Usage": 2, "Plans": [{"Node Type": "Index Scan", "Parent Relationship": "Outer", "Scan Direction": "Forward", "Index Name": "nation_pkey", "Relation Name": "nation", "Alias": "nation", "Startup Cost": 0.0, "Total Cost": 12.62, "Plan Rows": 25, "Plan Width": 30, "Actual Startup Time": 0.014, "Actual Total Time": 0.032, "Actual Rows": 25, "Actual Loops": 1}]}]}, {"Node Type": "Index Scan", "Parent Relationship": "Inner", "Scan Direction": "Forward", "Index Name": "idx_lineitem_orderkey", "Relation Name": "lineitem", "Alias": "lineitem", "Startup Cost": 0.0, "Total Cost": 5.38, "Plan Rows": 3, "Plan Width": 24, "Actual Startup Time": 3945.434, "Actual Total Time": 5206.896, "Actual Rows": 1145969, "Actual Loops": 573635, "Index Cond": "(l_orderkey = orders.o_orderkey)", "Rows Removed by Index Recheck": 0, "Filter": "(l_returnflag = 'R'::bpchar)", "Rows Removed by Filter": 1146896}]}]}]}]}, "Triggers": [], "Planner Runtime": 0, "Total Runtime": 21946.72, "Unique SQL Id": 1604070524}}, "(1, 78)": {"explain_plan": {"Plan": {"Node Type": "Limit", "Startup Cost": 2943502.95, "Total Cost": 2943503.0, "Plan Rows": 20, "Plan Width": 191, "Plans": [{"Node Type": "Sort", "Parent Relationship": "Outer", "Startup Cost": 2943502.95, "Total Cost": 2947117.69, "Plan Rows": 20, "Plan Width": 191, "Sort Key": ["(sum((lineitem.l_extendedprice * (1::double precision - lineitem.l_discount)))) DESC"], "Plans": [{"Node Type": "Aggregate", "Strategy": "Hashed", "Parent Relationship": "Outer", "Startup Cost": 2890569.14, "Total Cost": 2905028.12, "Plan Rows": 1445898, "Plan Width": 191, "Group By Key": ["customer.c_custkey", "customer.c_name", "customer.c_acctbal", "customer.c_phone", "nation.n_name", "customer.c_address", "customer.c_comment"], "Plans": [{"Node Type": "Hash Join", "Parent Relationship": "Outer", "Join Type": "Inner", "Startup Cost": 579485.57, "Total Cost": 2854421.69, "Plan Rows": 1445898, "Plan Width": 191, "Inner Unique": true, "Hash Cond": "(customer.c_nationkey = nation.n_nationkey), (LLVM Optimized)", "Plans": [{"Node Type": "Hash Join", "Parent Relationship": "Outer", "Join Type": "Inner", "Startup Cost": 579484.01, "Total Cost": 2834539.03, "Plan Rows": 1445898, "Plan Width": 169, "Inner Unique": true, "Hash Cond": "(orders.o_custkey = customer.c_custkey), (LLVM Optimized)", "Plans": [{"Node Type": "Hash Join", "Parent Relationship": "Outer", "Join Type": "Inner", "Startup Cost": 508608.01, "Total Cost": 2743781.94, "Plan Rows": 1445898, "Plan Width": 24, "Inner Unique": true, "Hash Cond": "(lineitem.l_orderkey = orders.o_orderkey), (LLVM Optimized)", "Plans": [{"Node Type": "Seq Scan", "Parent Relationship": "Outer", "Relation Name": "lineitem", "Alias": "lineitem", "Startup Cost": 0.0, "Total Cost": 2165082.91, "Plan Rows": 14835209, "Plan Width": 24, "Filter": "(l_returnflag = 'R'::bpchar), (LLVM Optimized)"}, {"Node Type": "Hash", "Parent Relationship": "Inner", "Startup Cost": 501411.18, "Total Cost": 501411.18, "Plan Rows": 575746, "Plan Width": 16, "Plans": [{"Node Type": "Seq Scan", "Parent Relationship": "Outer", "Relation Name": "orders", "Alias": "orders", "Startup Cost": 578.97, "Total Cost": 501411.18, "Plan Rows": 575746, "Plan Width": 16, "Filter": "((o_orderdate >= '1993-08-01 00:00:00'::timestamp(0) without time zone) AND (o_orderdate < '1993-11-01 00:00:00'::timestamp without time zone)), (LLVM Optimized)"}]}]}, {"Node Type": "Hash", "Parent Relationship": "Inner", "Startup Cost": 52126.0, "Total Cost": 52126.0, "Plan Rows": 1500000, "Plan Width": 153, "Plans": [{"Node Type": "Seq Scan", "Parent Relationship": "Outer", "Relation Name": "customer", "Alias": "customer", "Startup Cost": 0.0, "Total Cost": 52126.0, "Plan Rows": 1500000, "Plan Width": 153}]}]}, {"Node Type": "Hash", "Parent Relationship": "Inner", "Startup Cost": 1.25, "Total Cost": 1.25, "Plan Rows": 25, "Plan Width": 30, "Plans": [{"Node Type": "Seq Scan", "Parent Relationship": "Outer", "Relation Name": "nation", "Alias": "nation", "Startup Cost": 0.0, "Total Cost": 1.25, "Plan Rows": 25, "Plan Width": 30}]}]}]}]}]}, "Unique SQL Id": 1604070524, "Planner Runtime": 1}, "explain_analyze_plan": {"Plan": {"Node Type": "Limit", "Startup Cost": 2943502.95, "Total Cost": 2943503.0, "Plan Rows": 20, "Plan Width": 191, "Actual Startup Time": 37507.07, "Actual Total Time": 37507.078, "Actual Rows": 20, "Actual Loops": 1, "Plans": [{"Node Type": "Sort", "Parent Relationship": "Outer", "Startup Cost": 2943502.95, "Total Cost": 2947117.69, "Plan Rows": 20, "Plan Width": 191, "Actual Startup Time": 37507.067, "Actual Total Time": 37507.072, "Actual Rows": 20, "Actual Loops": 1, "Sort Key": ["(sum((lineitem.l_extendedprice * (1::double precision - lineitem.l_discount)))) DESC"], "Sort Method": "top-N heapsort", "Sort Space Used": 35, "Sort Space Type": "Memory", "Plans": [{"Node Type": "Aggregate", "Strategy": "Hashed", "Parent Relationship": "Outer", "Startup Cost": 2890569.14, "Total Cost": 2905028.12, "Plan Rows": 1445898, "Plan Width": 191, "Actual Startup Time": 37011.07, "Actual Total Time": 37368.13, "Actual Rows": 381542, "Actual Loops": 1, "Group By Key": ["customer.c_custkey", "customer.c_name", "customer.c_acctbal", "customer.c_phone", "nation.n_name", "customer.c_address", "customer.c_comment"], "Plans": [{"Node Type": "Hash Join", "Parent Relationship": "Outer", "Join Type": "Inner", "Startup Cost": 579485.57, "Total Cost": 2854421.69, "Plan Rows": 1445898, "Plan Width": 191, "Actual Startup Time": 6752.103, "Actual Total Time": 35154.298, "Actual Rows": 1145969, "Actual Loops": 1, "Inner Unique": true, "Hash Cond": "(customer.c_nationkey = nation.n_nationkey), (LLVM Optimized, Jit Execute)", "Plans": [{"Node Type": "Hash Join", "Parent Relationship": "Outer", "Join Type": "Inner", "Startup Cost": 579484.01, "Total Cost": 2834539.03, "Plan Rows": 1445898, "Plan Width": 169, "Actual Startup Time": 6752.0, "Actual Total Time": 34685.986, "Actual Rows": 1145969, "Actual Loops": 1, "Inner Unique": true, "Hash Cond": "(orders.o_custkey = customer.c_custkey), (LLVM Optimized, Jit Execute)", "Plans": [{"Node Type": "Hash Join", "Parent Relationship": "Outer", "Join Type": "Inner", "Startup Cost": 508608.01, "Total Cost": 2743781.94, "Plan Rows": 1445898, "Plan Width": 24, "Actual Startup Time": 5507.657, "Actual Total Time": 32610.074, "Actual Rows": 1145969, "Actual Loops": 1, "Inner Unique": true, "Hash Cond": "(lineitem.l_orderkey = orders.o_orderkey), (LLVM Optimized, Jit Execute)", "Plans": [{"Node Type": "Seq Scan", "Parent Relationship": "Outer", "Relation Name": "lineitem", "Alias": "lineitem", "Startup Cost": 0.0, "Total Cost": 2165082.91, "Plan Rows": 14835209, "Plan Width": 24, "Actual Startup Time": 0.018, "Actual Total Time": 22339.025, "Actual Rows": 14808183, "Actual Loops": 1, "Filter": "(l_returnflag = 'R'::bpchar), (LLVM Optimized, Jit Execute)", "Rows Removed by Filter": 45177869}, {"Node Type": "Hash", "Parent Relationship": "Inner", "Startup Cost": 501411.18, "Total Cost": 501411.18, "Plan Rows": 575746, "Plan Width": 16, "Actual Startup Time": 5506.946, "Actual Total Time": 5506.946, "Actual Rows": 573635, "Actual Loops": 1, "Hash Buckets": 1048576, "Hash Batches": 1, "Original Hash Batches": 1, "Peak Memory Usage": 26890, "Plans": [{"Node Type": "Seq Scan", "Parent Relationship": "Outer", "Relation Name": "orders", "Alias": "orders", "Startup Cost": 578.97, "Total Cost": 501411.18, "Plan Rows": 575746, "Plan Width": 16, "Actual Startup Time": 0.026, "Actual Total Time": 5235.253, "Actual Rows": 573635, "Actual Loops": 1, "Filter": "((o_orderdate >= '1993-08-01 00:00:00'::timestamp(0) without time zone) AND (o_orderdate < '1993-11-01 00:00:00'::timestamp without time zone)), (LLVM Optimized, Jit Execute)", "Rows Removed by Filter": 14426365}]}]}, {"Node Type": "Hash", "Parent Relationship": "Inner", "Startup Cost": 52126.0, "Total Cost": 52126.0, "Plan Rows": 1500000, "Plan Width": 153, "Actual Startup Time": 1243.058, "Actual Total Time": 1243.058, "Actual Rows": 1500000, "Actual Loops": 1, "Hash Buckets": 2097152, "Hash Batches": 1, "Original Hash Batches": 1, "Peak Memory Usage": 282695, "Plans": [{"Node Type": "Seq Scan", "Parent Relationship": "Outer", "Relation Name": "customer", "Alias": "customer", "Startup Cost": 0.0, "Total Cost": 52126.0, "Plan Rows": 1500000, "Plan Width": 153, "Actual Startup Time": 0.021, "Actual Total Time": 589.55, "Actual Rows": 1500000, "Actual Loops": 1}]}]}, {"Node Type": "Hash", "Parent Relationship": "Inner", "Startup Cost": 1.25, "Total Cost": 1.25, "Plan Rows": 25, "Plan Width": 30, "Actual Startup Time": 0.054, "Actual Total Time": 0.054, "Actual Rows": 25, "Actual Loops": 1, "Hash Buckets": 32768, "Hash Batches": 1, "Original Hash Batches": 1, "Peak Memory Usage": 2, "Plans": [{"Node Type": "Seq Scan", "Parent Relationship": "Outer", "Relation Name": "nation", "Alias": "nation", "Startup Cost": 0.0, "Total Cost": 1.25, "Plan Rows": 25, "Plan Width": 30, "Actual Startup Time": 0.025, "Actual Total Time": 0.031, "Actual Rows": 25, "Actual Loops": 1}]}]}]}]}]}, "Triggers": [], "Planner Runtime": 0, "Total Runtime": 37517.838, "Unique SQL Id": 1604070524}}, "(1, 79)": {"explain_plan": {"Plan": {"Node Type": "Limit", "Startup Cost": 4000411733144.66, "Total Cost": 4000411733144.71, "Plan Rows": 20, "Plan Width": 191, "Plans": [{"Node Type": "Sort", "Parent Relationship": "Outer", "Startup Cost": 4000411733144.66, "Total Cost": 4000411736759.4, "Plan Rows": 20, "Plan Width": 191, "Sort Key": ["(sum((lineitem.l_extendedprice * (1::double precision - lineitem.l_discount)))) DESC"], "Plans": [{"Node Type": "Aggregate", "Strategy": "Hashed", "Parent Relationship": "Outer", "Startup Cost": 4000411680210.85, "Total Cost": 4000411694669.83, "Plan Rows": 1445898, "Plan Width": 191, "Group By Key": ["customer.c_custkey", "customer.c_name", "customer.c_acctbal", "customer.c_phone", "nation.n_name", "customer.c_address", "customer.c_comment"], "Plans": [{"Node Type": "Hash Join", "Parent Relationship": "Outer", "Join Type": "Inner", "Startup Cost": 2020044209161.6, "Total Cost": 4000411644063.4, "Plan Rows": 1445898, "Plan Width": 191, "Inner Unique": true, "Hash Cond": "(customer.c_nationkey = nation.n_nationkey), (LLVM Optimized)", "Plans": [{"Node Type": "Hash Join", "Parent Relationship": "Outer", "Join Type": "Inner", "Startup Cost": 1020044207898.79, "Total Cost": 3000411622919.49, "Plan Rows": 1445898, "Plan Width": 169, "Inner Unique": true, "Hash Cond": "(orders.o_custkey = customer.c_custkey), (LLVM Optimized)", "Plans": [{"Node Type": "Merge Join", "Parent Relationship": "Outer", "Join Type": "Inner", "Startup Cost": 20036112613.17, "Total Cost": 2000403507752.77, "Plan Rows": 1445898, "Plan Width": 24, "Inner Unique": false, "Merge Cond": "(orders.o_orderkey = lineitem.l_orderkey)", "Plans": [{"Node Type": "Index Scan", "Parent Relationship": "Outer", "Scan Direction": "Forward", "Index Name": "orders_pkey", "Relation Name": "orders", "Alias": "orders", "Startup Cost": 10000000000.0, "Total Cost": 1000080597583.0, "Plan Rows": 575746, "Plan Width": 16, "Filter": "((o_orderdate >= '1993-08-01 00:00:00'::timestamp(0) without time zone) AND (o_orderdate < '1993-11-01 00:00:00'::timestamp without time zone)), (LLVM Optimized)"}, {"Node Type": "Index Scan", "Parent Relationship": "Inner", "Scan Direction": "Forward", "Index Name": "idx_lineitem_orderkey", "Relation Name": "lineitem", "Alias": "lineitem", "Startup Cost": 10000000000.0, "Total Cost": 1000339012132.75, "Plan Rows": 14835209, "Plan Width": 24, "Filter": "(l_returnflag = 'R'::bpchar), (LLVM Optimized)"}]}, {"Node Type": "Hash", "Parent Relationship": "Inner", "Startup Cost": 1000008076535.62, "Total Cost": 1000008076535.62, "Plan Rows": 1500000, "Plan Width": 153, "Plans": [{"Node Type": "Index Scan", "Parent Relationship": "Outer", "Scan Direction": "Forward", "Index Name": "customer_pkey", "Relation Name": "customer", "Alias": "customer", "Startup Cost": 10000000000.0, "Total Cost": 1000008076535.62, "Plan Rows": 1500000, "Plan Width": 153}]}]}, {"Node Type": "Hash", "Parent Relationship": "Inner", "Startup Cost": 1000000001262.5, "Total Cost": 1000000001262.5, "Plan Rows": 25, "Plan Width": 30, "Plans": [{"Node Type": "Index Scan", "Parent Relationship": "Outer", "Scan Direction": "Forward", "Index Name": "nation_pkey", "Relation Name": "nation", "Alias": "nation", "Startup Cost": 10000000000.0, "Total Cost": 1000000001262.5, "Plan Rows": 25, "Plan Width": 30}]}]}]}]}]}, "Unique SQL Id": 1604070524, "Planner Runtime": 1}, "explain_analyze_plan": {"Plan": {"Node Type": "Limit", "Startup Cost": 4000411733144.66, "Total Cost": 4000411733144.71, "Plan Rows": 20, "Plan Width": 191, "Actual Startup Time": 59615.049, "Actual Total Time": 59615.055, "Actual Rows": 20, "Actual Loops": 1, "Plans": [{"Node Type": "Sort", "Parent Relationship": "Outer", "Startup Cost": 4000411733144.66, "Total Cost": 4000411736759.4, "Plan Rows": 20, "Plan Width": 191, "Actual Startup Time": 59615.045, "Actual Total Time": 59615.048, "Actual Rows": 20, "Actual Loops": 1, "Sort Key": ["(sum((lineitem.l_extendedprice * (1::double precision - lineitem.l_discount)))) DESC"], "Sort Method": "top-N heapsort", "Sort Space Used": 35, "Sort Space Type": "Memory", "Plans": [{"Node Type": "Aggregate", "Strategy": "Hashed", "Parent Relationship": "Outer", "Startup Cost": 4000411680210.85, "Total Cost": 4000411694669.83, "Plan Rows": 1445898, "Plan Width": 191, "Actual Startup Time": 59280.307, "Actual Total Time": 59481.333, "Actual Rows": 381542, "Actual Loops": 1, "Group By Key": ["customer.c_custkey", "customer.c_name", "customer.c_acctbal", "customer.c_phone", "nation.n_name", "customer.c_address", "customer.c_comment"], "Plans": [{"Node Type": "Hash Join", "Parent Relationship": "Outer", "Join Type": "Inner", "Startup Cost": 2020044209161.6, "Total Cost": 4000411644063.4, "Plan Rows": 1445898, "Plan Width": 191, "Actual Startup Time": 1739.052, "Actual Total Time": 57364.554, "Actual Rows": 1145969, "Actual Loops": 1, "Inner Unique": true, "Hash Cond": "(customer.c_nationkey = nation.n_nationkey), (LLVM Optimized, Jit Execute)", "Plans": [{"Node Type": "Hash Join", "Parent Relationship": "Outer", "Join Type": "Inner", "Startup Cost": 1020044207898.79, "Total Cost": 3000411622919.49, "Plan Rows": 1445898, "Plan Width": 169, "Actual Startup Time": 1738.942, "Actual Total Time": 56888.736, "Actual Rows": 1145969, "Actual Loops": 1, "Inner Unique": true, "Hash Cond": "(orders.o_custkey = customer.c_custkey), (LLVM Optimized, Jit Execute)", "Plans": [{"Node Type": "Merge Join", "Parent Relationship": "Outer", "Join Type": "Inner", "Startup Cost": 20036112613.17, "Total Cost": 2000403507752.77, "Plan Rows": 1445898, "Plan Width": 24, "Actual Startup Time": 0.074, "Actual Total Time": 54295.58, "Actual Rows": 1145969, "Actual Loops": 1, "Inner Unique": false, "Merge Cond": "(orders.o_orderkey = lineitem.l_orderkey)", "Plans": [{"Node Type": "Index Scan", "Parent Relationship": "Outer", "Scan Direction": "Forward", "Index Name": "orders_pkey", "Relation Name": "orders", "Alias": "orders", "Startup Cost": 10000000000.0, "Total Cost": 1000080597583.0, "Plan Rows": 575746, "Plan Width": 16, "Actual Startup Time": 0.035, "Actual Total Time": 9899.586, "Actual Rows": 573635, "Actual Loops": 1, "Filter": "((o_orderdate >= '1993-08-01 00:00:00'::timestamp(0) without time zone) AND (o_orderdate < '1993-11-01 00:00:00'::timestamp without time zone)), (LLVM Optimized, Jit Execute)", "Rows Removed by Filter": 14426365}, {"Node Type": "Index Scan", "Parent Relationship": "Inner", "Scan Direction": "Forward", "Index Name": "idx_lineitem_orderkey", "Relation Name": "lineitem", "Alias": "lineitem", "Startup Cost": 10000000000.0, "Total Cost": 1000339012132.75, "Plan Rows": 14835209, "Plan Width": 24, "Actual Startup Time": 0.029, "Actual Total Time": 41696.802, "Actual Rows": 14808182, "Actual Loops": 1, "Filter": "(l_returnflag = 'R'::bpchar), (LLVM Optimized, Jit Execute)", "Rows Removed by Filter": 45177851}]}, {"Node Type": "Hash", "Parent Relationship": "Inner", "Startup Cost": 1000008076535.62, "Total Cost": 1000008076535.62, "Plan Rows": 1500000, "Plan Width": 153, "Actual Startup Time": 1737.422, "Actual Total Time": 1737.422, "Actual Rows": 1500000, "Actual Loops": 1, "Hash Buckets": 2097152, "Hash Batches": 1, "Original Hash Batches": 1, "Peak Memory Usage": 282695, "Plans": [{"Node Type": "Index Scan", "Parent Relationship": "Outer", "Scan Direction": "Forward", "Index Name": "customer_pkey", "Relation Name": "customer", "Alias": "customer", "Startup Cost": 10000000000.0, "Total Cost": 1000008076535.62, "Plan Rows": 1500000, "Plan Width": 153, "Actual Startup Time": 0.025, "Actual Total Time": 1004.28, "Actual Rows": 1500000, "Actual Loops": 1}]}]}, {"Node Type": "Hash", "Parent Relationship": "Inner", "Startup Cost": 1000000001262.5, "Total Cost": 1000000001262.5, "Plan Rows": 25, "Plan Width": 30, "Actual Startup Time": 0.057, "Actual Total Time": 0.057, "Actual Rows": 25, "Actual Loops": 1, "Hash Buckets": 32768, "Hash Batches": 1, "Original Hash Batches": 1, "Peak Memory Usage": 2, "Plans": [{"Node Type": "Index Scan", "Parent Relationship": "Outer", "Scan Direction": "Forward", "Index Name": "nation_pkey", "Relation Name": "nation", "Alias": "nation", "Startup Cost": 10000000000.0, "Total Cost": 1000000001262.5, "Plan Rows": 25, "Plan Width": 30, "Actual Startup Time": 0.022, "Actual Total Time": 0.036, "Actual Rows": 25, "Actual Loops": 1}]}]}]}]}]}, "Triggers": [], "Planner Runtime": 1, "Total Runtime": 59625.56, "Unique SQL Id": 1604070524}}, "(1, 80)": {"explain_plan": {"Plan": {"Node Type": "Limit", "Startup Cost": 3717442.55, "Total Cost": 3717442.6, "Plan Rows": 20, "Plan Width": 191, "Plans": [{"Node Type": "Sort", "Parent Relationship": "Outer", "Startup Cost": 3717442.55, "Total Cost": 3721057.3, "Plan Rows": 20, "Plan Width": 191, "Sort Key": ["(sum((lineitem.l_extendedprice * (1::double precision - lineitem.l_discount)))) DESC"], "Plans": [{"Node Type": "Aggregate", "Strategy": "Hashed", "Parent Relationship": "Outer", "Startup Cost": 3664508.75, "Total Cost": 3678967.73, "Plan Rows": 1445898, "Plan Width": 191, "Group By Key": ["customer.c_custkey", "customer.c_name", "customer.c_acctbal", "customer.c_phone", "nation.n_name", "customer.c_address", "customer.c_comment"], "Plans": [{"Node Type": "Nested Loop", "Parent Relationship": "Outer", "Join Type": "Inner", "Startup Cost": 503107.54, "Total Cost": 3628361.3, "Plan Rows": 1445898, "Plan Width": 191, "Inner Unique": false, "Plans": [{"Node Type": "Merge Join", "Parent Relationship": "Outer", "Join Type": "Inner", "Startup Cost": 503107.54, "Total Cost": 511743.85, "Plan Rows": 575746, "Plan Width": 183, "Inner Unique": false, "Merge Cond": "(nation.n_nationkey = customer.c_nationkey)", "Plans": [{"Node Type": "Sort", "Parent Relationship": "Outer", "Startup Cost": 1.83, "Total Cost": 1.89, "Plan Rows": 25, "Plan Width": 30, "Sort Key": ["nation.n_nationkey"], "Plans": [{"Node Type": "Seq Scan", "Parent Relationship": "Outer", "Relation Name": "nation", "Alias": "nation", "Startup Cost": 0.0, "Total Cost": 1.25, "Plan Rows": 25, "Plan Width": 30}]}, {"Node Type": "Sort", "Parent Relationship": "Inner", "Startup Cost": 503105.7, "Total Cost": 504545.07, "Plan Rows": 575746, "Plan Width": 161, "Sort Key": ["customer.c_nationkey"], "Plans": [{"Node Type": "Merge Join", "Parent Relationship": "Outer", "Join Type": "Inner", "Startup Cost": 354871.86, "Total Cost": 448021.0, "Plan Rows": 575746, "Plan Width": 161, "Inner Unique": false, "Merge Cond": "(customer.c_custkey = orders.o_custkey)", "Plans": [{"Node Type": "Index Scan", "Parent Relationship": "Outer", "Scan Direction": "Forward", "Index Name": "customer_pkey", "Relation Name": "customer", "Alias": "customer", "Startup Cost": 0.0, "Total Cost": 80765.36, "Plan Rows": 1500000, "Plan Width": 153}, {"Node Type": "Sort", "Parent Relationship": "Inner", "Startup Cost": 354869.55, "Total Cost": 356308.91, "Plan Rows": 575746, "Plan Width": 16, "Sort Key": ["orders.o_custkey"], "Plans": [{"Node Type": "Bitmap Heap Scan", "Parent Relationship": "Outer", "Relation Name": "orders", "Alias": "orders", "Startup Cost": 14729.65, "Total Cost": 299784.84, "Plan Rows": 575746, "Plan Width": 16, "Recheck Cond": "((o_orderdate >= '1993-08-01 00:00:00'::timestamp(0) without time zone) AND (o_orderdate < '1993-11-01 00:00:00'::timestamp without time zone)), (LLVM Optimized)", "Plans": [{"Node Type": "Bitmap Index Scan", "Parent Relationship": "Outer", "Index Name": "idx_orders_orderdate", "Startup Cost": 0.0, "Total Cost": 14585.71, "Plan Rows": 575746, "Plan Width": 0, "Index Cond": "((o_orderdate >= '1993-08-01 00:00:00'::timestamp(0) without time zone) AND (o_orderdate < '1993-11-01 00:00:00'::timestamp without time zone))"}]}]}]}]}]}, {"Node Type": "Index Scan", "Parent Relationship": "Inner", "Scan Direction": "Forward", "Index Name": "idx_lineitem_orderkey", "Relation Name": "lineitem", "Alias": "lineitem", "Startup Cost": 0.0, "Total Cost": 5.38, "Plan Rows": 3, "Plan Width": 24, "Index Cond": "(l_orderkey = orders.o_orderkey)", "Filter": "(l_returnflag = 'R'::bpchar)"}]}]}]}]}, "Unique SQL Id": 1604070524, "Planner Runtime": 1}, "explain_analyze_plan": {"Plan": {"Node Type": "Limit", "Startup Cost": 3717442.55, "Total Cost": 3717442.6, "Plan Rows": 20, "Plan Width": 191, "Actual Startup Time": 12711.136, "Actual Total Time": 12711.142, "Actual Rows": 20, "Actual Loops": 1, "Plans": [{"Node Type": "Sort", "Parent Relationship": "Outer", "Startup Cost": 3717442.55, "Total Cost": 3721057.3, "Plan Rows": 20, "Plan Width": 191, "Actual Startup Time": 12711.132, "Actual Total Time": 12711.135, "Actual Rows": 20, "Actual Loops": 1, "Sort Key": ["(sum((lineitem.l_extendedprice * (1::double precision - lineitem.l_discount)))) DESC"], "Sort Method": "top-N heapsort", "Sort Space Used": 35, "Sort Space Type": "Memory", "Plans": [{"Node Type": "Aggregate", "Strategy": "Hashed", "Parent Relationship": "Outer", "Startup Cost": 3664508.75, "Total Cost": 3678967.73, "Plan Rows": 1445898, "Plan Width": 191, "Actual Startup Time": 12376.54, "Actual Total Time": 12577.027, "Actual Rows": 381542, "Actual Loops": 1, "Group By Key": ["customer.c_custkey", "customer.c_name", "customer.c_acctbal", "customer.c_phone", "nation.n_name", "customer.c_address", "customer.c_comment"], "Plans": [{"Node Type": "Nested Loop", "Parent Relationship": "Outer", "Join Type": "Inner", "Startup Cost": 503107.54, "Total Cost": 3628361.3, "Plan Rows": 1445898, "Plan Width": 191, "Actual Startup Time": 3119.726, "Actual Total Time": 10640.857, "Actual Rows": 1145969, "Actual Loops": 1, "Inner Unique": false, "Plans": [{"Node Type": "Merge Join", "Parent Relationship": "Outer", "Join Type": "Inner", "Startup Cost": 503107.54, "Total Cost": 511743.85, "Plan Rows": 575746, "Plan Width": 183, "Actual Startup Time": 3119.655, "Actual Total Time": 3504.339, "Actual Rows": 573635, "Actual Loops": 1, "Inner Unique": false, "Merge Cond": "(nation.n_nationkey = customer.c_nationkey)", "Plans": [{"Node Type": "Sort", "Parent Relationship": "Outer", "Startup Cost": 1.83, "Total Cost": 1.89, "Plan Rows": 25, "Plan Width": 30, "Actual Startup Time": 0.069, "Actual Total Time": 0.089, "Actual Rows": 25, "Actual Loops": 1, "Sort Key": ["nation.n_nationkey"], "Sort Method": "quicksort", "Sort Space Used": 27, "Sort Space Type": "Memory", "Plans": [{"Node Type": "Seq Scan", "Parent Relationship": "Outer", "Relation Name": "nation", "Alias": "nation", "Startup Cost": 0.0, "Total Cost": 1.25, "Plan Rows": 25, "Plan Width": 30, "Actual Startup Time": 0.025, "Actual Total Time": 0.033, "Actual Rows": 25, "Actual Loops": 1}]}, {"Node Type": "Sort", "Parent Relationship": "Inner", "Startup Cost": 503105.7, "Total Cost": 504545.07, "Plan Rows": 575746, "Plan Width": 161, "Actual Startup Time": 3119.576, "Actual Total Time": 3255.292, "Actual Rows": 573635, "Actual Loops": 1, "Sort Key": ["customer.c_nationkey"], "Sort Method": "quicksort", "Sort Space Used": 185911, "Sort Space Type": "Memory", "Plans": [{"Node Type": "Merge Join", "Parent Relationship": "Outer", "Join Type": "Inner", "Startup Cost": 354871.86, "Total Cost": 448021.0, "Plan Rows": 575746, "Plan Width": 161, "Actual Startup Time": 1161.037, "Actual Total Time": 2850.033, "Actual Rows": 573635, "Actual Loops": 1, "Inner Unique": false, "Merge Cond": "(customer.c_custkey = orders.o_custkey)", "Plans": [{"Node Type": "Index Scan", "Parent Relationship": "Outer", "Scan Direction": "Forward", "Index Name": "customer_pkey", "Relation Name": "customer", "Alias": "customer", "Startup Cost": 0.0, "Total Cost": 80765.36, "Plan Rows": 1500000, "Plan Width": 153, "Actual Startup Time": 0.031, "Actual Total Time": 1050.4, "Actual Rows": 1499999, "Actual Loops": 1}, {"Node Type": "Sort", "Parent Relationship": "Inner", "Startup Cost": 354869.55, "Total Cost": 356308.91, "Plan Rows": 575746, "Plan Width": 16, "Actual Startup Time": 1160.992, "Actual Total Time": 1329.422, "Actual Rows": 573635, "Actual Loops": 1, "Sort Key": ["orders.o_custkey"], "Sort Method": "quicksort", "Sort Space Used": 78355, "Sort Space Type": "Memory", "Plans": [{"Node Type": "Bitmap Heap Scan", "Parent Relationship": "Outer", "Relation Name": "orders", "Alias": "orders", "Startup Cost": 14729.65, "Total Cost": 299784.84, "Plan Rows": 575746, "Plan Width": 16, "Actual Startup Time": 238.878, "Actual Total Time": 928.985, "Actual Rows": 573635, "Actual Loops": 1, "Recheck Cond": "((o_orderdate >= '1993-08-01 00:00:00'::timestamp(0) without time zone) AND (o_orderdate < '1993-11-01 00:00:00'::timestamp without time zone)), (LLVM Optimized, Jit Execute)", "Rows Removed by Index Recheck": 0, "Exact Heap Blocks": 242860, "Lossy Heap Blocks": 242860, "Plans": [{"Node Type": "Bitmap Index Scan", "Parent Relationship": "Outer", "Index Name": "idx_orders_orderdate", "Startup Cost": 0.0, "Total Cost": 14585.71, "Plan Rows": 575746, "Plan Width": 0, "Actual Startup Time": 164.053, "Actual Total Time": 164.053, "Actual Rows": 573635, "Actual Loops": 1, "Index Cond": "((o_orderdate >= '1993-08-01 00:00:00'::timestamp(0) without time zone) AND (o_orderdate < '1993-11-01 00:00:00'::timestamp without time zone))"}]}]}]}]}]}, {"Node Type": "Index Scan", "Parent Relationship": "Inner", "Scan Direction": "Forward", "Index Name": "idx_lineitem_orderkey", "Relation Name": "lineitem", "Alias": "lineitem", "Startup Cost": 0.0, "Total Cost": 5.38, "Plan Rows": 3, "Plan Width": 24, "Actual Startup Time": 5330.989, "Actual Total Time": 6534.404, "Actual Rows": 1145969, "Actual Loops": 573635, "Index Cond": "(l_orderkey = orders.o_orderkey)", "Rows Removed by Index Recheck": 0, "Filter": "(l_returnflag = 'R'::bpchar)", "Rows Removed by Filter": 1146896}]}]}]}]}, "Triggers": [], "Planner Runtime": 1, "Total Runtime": 12721.329, "Unique SQL Id": 1604070524}}, "(1, 81)": {"explain_plan": {"Plan": {"Node Type": "Limit", "Startup Cost": 3717453.28, "Total Cost": 3717453.33, "Plan Rows": 20, "Plan Width": 191, "Plans": [{"Node Type": "Sort", "Parent Relationship": "Outer", "Startup Cost": 3717453.28, "Total Cost": 3721068.03, "Plan Rows": 20, "Plan Width": 191, "Sort Key": ["(sum((lineitem.l_extendedprice * (1::double precision - lineitem.l_discount)))) DESC"], "Plans": [{"Node Type": "Aggregate", "Strategy": "Hashed", "Parent Relationship": "Outer", "Startup Cost": 3664519.48, "Total Cost": 3678978.46, "Plan Rows": 1445898, "Plan Width": 191, "Group By Key": ["customer.c_custkey", "customer.c_name", "customer.c_acctbal", "customer.c_phone", "nation.n_name", "customer.c_address", "customer.c_comment"], "Plans": [{"Node Type": "Nested Loop", "Parent Relationship": "Outer", "Join Type": "Inner", "Startup Cost": 503105.7, "Total Cost": 3628372.03, "Plan Rows": 1445898, "Plan Width": 191, "Inner Unique": false, "Plans": [{"Node Type": "Merge Join", "Parent Relationship": "Outer", "Join Type": "Inner", "Startup Cost": 503105.7, "Total Cost": 511754.58, "Plan Rows": 575746, "Plan Width": 183, "Inner Unique": false, "Merge Cond": "(nation.n_nationkey = customer.c_nationkey)", "Plans": [{"Node Type": "Index Scan", "Parent Relationship": "Outer", "Scan Direction": "Forward", "Index Name": "nation_pkey", "Relation Name": "nation", "Alias": "nation", "Startup Cost": 0.0, "Total Cost": 12.62, "Plan Rows": 25, "Plan Width": 30}, {"Node Type": "Sort", "Parent Relationship": "Inner", "Startup Cost": 503105.7, "Total Cost": 504545.07, "Plan Rows": 575746, "Plan Width": 161, "Sort Key": ["customer.c_nationkey"], "Plans": [{"Node Type": "Merge Join", "Parent Relationship": "Outer", "Join Type": "Inner", "Startup Cost": 354871.86, "Total Cost": 448021.0, "Plan Rows": 575746, "Plan Width": 161, "Inner Unique": false, "Merge Cond": "(customer.c_custkey = orders.o_custkey)", "Plans": [{"Node Type": "Index Scan", "Parent Relationship": "Outer", "Scan Direction": "Forward", "Index Name": "customer_pkey", "Relation Name": "customer", "Alias": "customer", "Startup Cost": 0.0, "Total Cost": 80765.36, "Plan Rows": 1500000, "Plan Width": 153}, {"Node Type": "Sort", "Parent Relationship": "Inner", "Startup Cost": 354869.55, "Total Cost": 356308.91, "Plan Rows": 575746, "Plan Width": 16, "Sort Key": ["orders.o_custkey"], "Plans": [{"Node Type": "Bitmap Heap Scan", "Parent Relationship": "Outer", "Relation Name": "orders", "Alias": "orders", "Startup Cost": 14729.65, "Total Cost": 299784.84, "Plan Rows": 575746, "Plan Width": 16, "Recheck Cond": "((o_orderdate >= '1993-08-01 00:00:00'::timestamp(0) without time zone) AND (o_orderdate < '1993-11-01 00:00:00'::timestamp without time zone)), (LLVM Optimized)", "Plans": [{"Node Type": "Bitmap Index Scan", "Parent Relationship": "Outer", "Index Name": "idx_orders_orderdate", "Startup Cost": 0.0, "Total Cost": 14585.71, "Plan Rows": 575746, "Plan Width": 0, "Index Cond": "((o_orderdate >= '1993-08-01 00:00:00'::timestamp(0) without time zone) AND (o_orderdate < '1993-11-01 00:00:00'::timestamp without time zone))"}]}]}]}]}]}, {"Node Type": "Index Scan", "Parent Relationship": "Inner", "Scan Direction": "Forward", "Index Name": "idx_lineitem_orderkey", "Relation Name": "lineitem", "Alias": "lineitem", "Startup Cost": 0.0, "Total Cost": 5.38, "Plan Rows": 3, "Plan Width": 24, "Index Cond": "(l_orderkey = orders.o_orderkey)", "Filter": "(l_returnflag = 'R'::bpchar)"}]}]}]}]}, "Unique SQL Id": 1604070524, "Planner Runtime": 1}, "explain_analyze_plan": {"Plan": {"Node Type": "Limit", "Startup Cost": 3717453.28, "Total Cost": 3717453.33, "Plan Rows": 20, "Plan Width": 191, "Actual Startup Time": 12881.408, "Actual Total Time": 12881.416, "Actual Rows": 20, "Actual Loops": 1, "Plans": [{"Node Type": "Sort", "Parent Relationship": "Outer", "Startup Cost": 3717453.28, "Total Cost": 3721068.03, "Plan Rows": 20, "Plan Width": 191, "Actual Startup Time": 12881.404, "Actual Total Time": 12881.409, "Actual Rows": 20, "Actual Loops": 1, "Sort Key": ["(sum((lineitem.l_extendedprice * (1::double precision - lineitem.l_discount)))) DESC"], "Sort Method": "top-N heapsort", "Sort Space Used": 35, "Sort Space Type": "Memory", "Plans": [{"Node Type": "Aggregate", "Strategy": "Hashed", "Parent Relationship": "Outer", "Startup Cost": 3664519.48, "Total Cost": 3678978.46, "Plan Rows": 1445898, "Plan Width": 191, "Actual Startup Time": 12526.995, "Actual Total Time": 12746.263, "Actual Rows": 381542, "Actual Loops": 1, "Group By Key": ["customer.c_custkey", "customer.c_name", "customer.c_acctbal", "customer.c_phone", "nation.n_name", "customer.c_address", "customer.c_comment"], "Plans": [{"Node Type": "Nested Loop", "Parent Relationship": "Outer", "Join Type": "Inner", "Startup Cost": 503105.7, "Total Cost": 3628372.03, "Plan Rows": 1445898, "Plan Width": 191, "Actual Startup Time": 2944.515, "Actual Total Time": 10761.98, "Actual Rows": 1145969, "Actual Loops": 1, "Inner Unique": false, "Plans": [{"Node Type": "Merge Join", "Parent Relationship": "Outer", "Join Type": "Inner", "Startup Cost": 503105.7, "Total Cost": 511754.58, "Plan Rows": 575746, "Plan Width": 183, "Actual Startup Time": 2944.443, "Actual Total Time": 3367.18, "Actual Rows": 573635, "Actual Loops": 1, "Inner Unique": false, "Merge Cond": "(nation.n_nationkey = customer.c_nationkey)", "Plans": [{"Node Type": "Index Scan", "Parent Relationship": "Outer", "Scan Direction": "Forward", "Index Name": "nation_pkey", "Relation Name": "nation", "Alias": "nation", "Startup Cost": 0.0, "Total Cost": 12.62, "Plan Rows": 25, "Plan Width": 30, "Actual Startup Time": 0.017, "Actual Total Time": 0.076, "Actual Rows": 25, "Actual Loops": 1}, {"Node Type": "Sort", "Parent Relationship": "Inner", "Startup Cost": 503105.7, "Total Cost": 504545.07, "Plan Rows": 575746, "Plan Width": 161, "Actual Startup Time": 2944.414, "Actual Total Time": 3092.845, "Actual Rows": 573635, "Actual Loops": 1, "Sort Key": ["customer.c_nationkey"], "Sort Method": "quicksort", "Sort Space Used": 185911, "Sort Space Type": "Memory", "Plans": [{"Node Type": "Merge Join", "Parent Relationship": "Outer", "Join Type": "Inner", "Startup Cost": 354871.86, "Total Cost": 448021.0, "Plan Rows": 575746, "Plan Width": 161, "Actual Startup Time": 1115.13, "Actual Total Time": 2664.999, "Actual Rows": 573635, "Actual Loops": 1, "Inner Unique": false, "Merge Cond": "(customer.c_custkey = orders.o_custkey)", "Plans": [{"Node Type": "Index Scan", "Parent Relationship": "Outer", "Scan Direction": "Forward", "Index Name": "customer_pkey", "Relation Name": "customer", "Alias": "customer", "Startup Cost": 0.0, "Total Cost": 80765.36, "Plan Rows": 1500000, "Plan Width": 153, "Actual Startup Time": 0.022, "Actual Total Time": 938.404, "Actual Rows": 1499999, "Actual Loops": 1}, {"Node Type": "Sort", "Parent Relationship": "Inner", "Startup Cost": 354869.55, "Total Cost": 356308.91, "Plan Rows": 575746, "Plan Width": 16, "Actual Startup Time": 1115.096, "Actual Total Time": 1256.851, "Actual Rows": 573635, "Actual Loops": 1, "Sort Key": ["orders.o_custkey"], "Sort Method": "quicksort", "Sort Space Used": 78355, "Sort Space Type": "Memory", "Plans": [{"Node Type": "Bitmap Heap Scan", "Parent Relationship": "Outer", "Relation Name": "orders", "Alias": "orders", "Startup Cost": 14729.65, "Total Cost": 299784.84, "Plan Rows": 575746, "Plan Width": 16, "Actual Startup Time": 240.083, "Actual Total Time": 882.591, "Actual Rows": 573635, "Actual Loops": 1, "Recheck Cond": "((o_orderdate >= '1993-08-01 00:00:00'::timestamp(0) without time zone) AND (o_orderdate < '1993-11-01 00:00:00'::timestamp without time zone)), (LLVM Optimized, Jit Execute)", "Rows Removed by Index Recheck": 0, "Exact Heap Blocks": 242860, "Lossy Heap Blocks": 242860, "Plans": [{"Node Type": "Bitmap Index Scan", "Parent Relationship": "Outer", "Index Name": "idx_orders_orderdate", "Startup Cost": 0.0, "Total Cost": 14585.71, "Plan Rows": 575746, "Plan Width": 0, "Actual Startup Time": 164.177, "Actual Total Time": 164.177, "Actual Rows": 573635, "Actual Loops": 1, "Index Cond": "((o_orderdate >= '1993-08-01 00:00:00'::timestamp(0) without time zone) AND (o_orderdate < '1993-11-01 00:00:00'::timestamp without time zone))"}]}]}]}]}]}, {"Node Type": "Index Scan", "Parent Relationship": "Inner", "Scan Direction": "Forward", "Index Name": "idx_lineitem_orderkey", "Relation Name": "lineitem", "Alias": "lineitem", "Startup Cost": 0.0, "Total Cost": 5.38, "Plan Rows": 3, "Plan Width": 24, "Actual Startup Time": 5538.719, "Actual Total Time": 6781.072, "Actual Rows": 1145969, "Actual Loops": 573635, "Index Cond": "(l_orderkey = orders.o_orderkey)", "Rows Removed by Index Recheck": 0, "Filter": "(l_returnflag = 'R'::bpchar)", "Rows Removed by Filter": 1146896}]}]}]}]}, "Triggers": [], "Planner Runtime": 1, "Total Runtime": 12891.724, "Unique SQL Id": 1604070524}}, "(1, 82)": {"explain_plan": {"Plan": {"Node Type": "Limit", "Startup Cost": 4808550.36, "Total Cost": 4808550.41, "Plan Rows": 20, "Plan Width": 191, "Plans": [{"Node Type": "Sort", "Parent Relationship": "Outer", "Startup Cost": 4808550.36, "Total Cost": 4812165.1, "Plan Rows": 20, "Plan Width": 191, "Sort Key": ["(sum((lineitem.l_extendedprice * (1::double precision - lineitem.l_discount)))) DESC"], "Plans": [{"Node Type": "Aggregate", "Strategy": "Hashed", "Parent Relationship": "Outer", "Startup Cost": 4755616.55, "Total Cost": 4770075.53, "Plan Rows": 1445898, "Plan Width": 191, "Group By Key": ["customer.c_custkey", "customer.c_name", "customer.c_acctbal", "customer.c_phone", "nation.n_name", "customer.c_address", "customer.c_comment"], "Plans": [{"Node Type": "Merge Join", "Parent Relationship": "Outer", "Join Type": "Inner", "Startup Cost": 4627956.66, "Total Cost": 4719469.1, "Plan Rows": 1445898, "Plan Width": 191, "Inner Unique": false, "Merge Cond": "(orders.o_orderkey = lineitem.l_orderkey)", "Plans": [{"Node Type": "Sort", "Parent Relationship": "Outer", "Startup Cost": 695813.19, "Total Cost": 697252.55, "Plan Rows": 575746, "Plan Width": 183, "Sort Key": ["orders.o_orderkey"], "Plans": [{"Node Type": "Merge Join", "Parent Relationship": "Outer", "Join Type": "Inner", "Startup Cost": 632092.16, "Total Cost": 640728.48, "Plan Rows": 575746, "Plan Width": 183, "Inner Unique": false, "Merge Cond": "(nation.n_nationkey = customer.c_nationkey)", "Plans": [{"Node Type": "Sort", "Parent Relationship": "Outer", "Startup Cost": 1.83, "Total Cost": 1.89, "Plan Rows": 25, "Plan Width": 30, "Sort Key": ["nation.n_nationkey"], "Plans": [{"Node Type": "Seq Scan", "Parent Relationship": "Outer", "Relation Name": "nation", "Alias": "nation", "Startup Cost": 0.0, "Total Cost": 1.25, "Plan Rows": 25, "Plan Width": 30}]}, {"Node Type": "Sort", "Parent Relationship": "Inner", "Startup Cost": 632090.33, "Total Cost": 633529.7, "Plan Rows": 575746, "Plan Width": 161, "Sort Key": ["customer.c_nationkey"], "Plans": [{"Node Type": "Merge Join", "Parent Relationship": "Outer", "Join Type": "Inner", "Startup Cost": 560869.73, "Total Cost": 577005.62, "Plan Rows": 575746, "Plan Width": 161, "Inner Unique": false, "Merge Cond": "(customer.c_custkey = orders.o_custkey)", "Plans": [{"Node Type": "Sort", "Parent Relationship": "Outer", "Startup Cost": 205999.98, "Total Cost": 209749.98, "Plan Rows": 1500000, "Plan Width": 153, "Sort Key": ["customer.c_custkey"], "Plans": [{"Node Type": "Seq Scan", "Parent Relationship": "Outer", "Relation Name": "customer", "Alias": "customer", "Startup Cost": 0.0, "Total Cost": 52126.0, "Plan Rows": 1500000, "Plan Width": 153}]}, {"Node Type": "Sort", "Parent Relationship": "Inner", "Startup Cost": 354869.55, "Total Cost": 356308.91, "Plan Rows": 575746, "Plan Width": 16, "Sort Key": ["orders.o_custkey"], "Plans": [{"Node Type": "Bitmap Heap Scan", "Parent Relationship": "Outer", "Relation Name": "orders", "Alias": "orders", "Startup Cost": 14729.65, "Total Cost": 299784.84, "Plan Rows": 575746, "Plan Width": 16, "Recheck Cond": "((o_orderdate >= '1993-08-01 00:00:00'::timestamp(0) without time zone) AND (o_orderdate < '1993-11-01 00:00:00'::timestamp without time zone)), (LLVM Optimized)", "Plans": [{"Node Type": "Bitmap Index Scan", "Parent Relationship": "Outer", "Index Name": "idx_orders_orderdate", "Startup Cost": 0.0, "Total Cost": 14585.71, "Plan Rows": 575746, "Plan Width": 0, "Index Cond": "((o_orderdate >= '1993-08-01 00:00:00'::timestamp(0) without time zone) AND (o_orderdate < '1993-11-01 00:00:00'::timestamp without time zone))"}]}]}]}]}]}]}, {"Node Type": "Sort", "Parent Relationship": "Inner", "Startup Cost": 3932143.37, "Total Cost": 3969231.39, "Plan Rows": 14835209, "Plan Width": 24, "Sort Key": ["lineitem.l_orderkey"], "Plans": [{"Node Type": "Seq Scan", "Parent Relationship": "Outer", "Relation Name": "lineitem", "Alias": "lineitem", "Startup Cost": 0.0, "Total Cost": 2165082.91, "Plan Rows": 14835209, "Plan Width": 24, "Filter": "(l_returnflag = 'R'::bpchar), (LLVM Optimized)"}]}]}]}]}]}, "Unique SQL Id": 1604070524, "Planner Runtime": 1}, "explain_analyze_plan": {"Plan": {"Node Type": "Limit", "Startup Cost": 4808550.36, "Total Cost": 4808550.41, "Plan Rows": 20, "Plan Width": 191, "Actual Startup Time": 39076.757, "Actual Total Time": 39076.763, "Actual Rows": 20, "Actual Loops": 1, "Plans": [{"Node Type": "Sort", "Parent Relationship": "Outer", "Startup Cost": 4808550.36, "Total Cost": 4812165.1, "Plan Rows": 20, "Plan Width": 191, "Actual Startup Time": 39076.755, "Actual Total Time": 39076.759, "Actual Rows": 20, "Actual Loops": 1, "Sort Key": ["(sum((lineitem.l_extendedprice * (1::double precision - lineitem.l_discount)))) DESC"], "Sort Method": "top-N heapsort", "Sort Space Used": 35, "Sort Space Type": "Memory", "Plans": [{"Node Type": "Aggregate", "Strategy": "Hashed", "Parent Relationship": "Outer", "Startup Cost": 4755616.55, "Total Cost": 4770075.53, "Plan Rows": 1445898, "Plan Width": 191, "Actual Startup Time": 38746.781, "Actual Total Time": 38944.817, "Actual Rows": 381542, "Actual Loops": 1, "Group By Key": ["customer.c_custkey", "customer.c_name", "customer.c_acctbal", "customer.c_phone", "nation.n_name", "customer.c_address", "customer.c_comment"], "Plans": [{"Node Type": "Merge Join", "Parent Relationship": "Outer", "Join Type": "Inner", "Startup Cost": 4627956.66, "Total Cost": 4719469.1, "Plan Rows": 1445898, "Plan Width": 191, "Actual Startup Time": 32286.615, "Actual Total Time": 37096.16, "Actual Rows": 1145969, "Actual Loops": 1, "Inner Unique": false, "Merge Cond": "(orders.o_orderkey = lineitem.l_orderkey)", "Plans": [{"Node Type": "Sort", "Parent Relationship": "Outer", "Startup Cost": 695813.19, "Total Cost": 697252.55, "Plan Rows": 575746, "Plan Width": 183, "Actual Startup Time": 4308.423, "Actual Total Time": 4439.603, "Actual Rows": 573635, "Actual Loops": 1, "Sort Key": ["orders.o_orderkey"], "Sort Method": "quicksort", "Sort Space Used": 199246, "Sort Space Type": "Memory", "Plans": [{"Node Type": "Merge Join", "Parent Relationship": "Outer", "Join Type": "Inner", "Startup Cost": 632092.16, "Total Cost": 640728.48, "Plan Rows": 575746, "Plan Width": 183, "Actual Startup Time": 3692.463, "Actual Total Time": 3992.69, "Actual Rows": 573635, "Actual Loops": 1, "Inner Unique": false, "Merge Cond": "(nation.n_nationkey = customer.c_nationkey)", "Plans": [{"Node Type": "Sort", "Parent Relationship": "Outer", "Startup Cost": 1.83, "Total Cost": 1.89, "Plan Rows": 25, "Plan Width": 30, "Actual Startup Time": 0.048, "Actual Total Time": 0.052, "Actual Rows": 25, "Actual Loops": 1, "Sort Key": ["nation.n_nationkey"], "Sort Method": "quicksort", "Sort Space Used": 27, "Sort Space Type": "Memory", "Plans": [{"Node Type": "Seq Scan", "Parent Relationship": "Outer", "Relation Name": "nation", "Alias": "nation", "Startup Cost": 0.0, "Total Cost": 1.25, "Plan Rows": 25, "Plan Width": 30, "Actual Startup Time": 0.022, "Actual Total Time": 0.027, "Actual Rows": 25, "Actual Loops": 1}]}, {"Node Type": "Sort", "Parent Relationship": "Inner", "Startup Cost": 632090.33, "Total Cost": 633529.7, "Plan Rows": 575746, "Plan Width": 161, "Actual Startup Time": 3692.398, "Actual Total Time": 3788.963, "Actual Rows": 573635, "Actual Loops": 1, "Sort Key": ["customer.c_nationkey"], "Sort Method": "quicksort", "Sort Space Used": 185911, "Sort Space Type": "Memory", "Plans": [{"Node Type": "Merge Join", "Parent Relationship": "Outer", "Join Type": "Inner", "Startup Cost": 560869.73, "Total Cost": 577005.62, "Plan Rows": 575746, "Plan Width": 161, "Actual Startup Time": 2460.02, "Actual Total Time": 3448.501, "Actual Rows": 573635, "Actual Loops": 1, "Inner Unique": false, "Merge Cond": "(customer.c_custkey = orders.o_custkey)", "Plans": [{"Node Type": "Sort", "Parent Relationship": "Outer", "Startup Cost": 205999.98, "Total Cost": 209749.98, "Plan Rows": 1500000, "Plan Width": 153, "Actual Startup Time": 1209.749, "Actual Total Time": 1493.86, "Actual Rows": 1499999, "Actual Loops": 1, "Sort Key": ["customer.c_custkey"], "Sort Method": "quicksort", "Sort Space Used": 470340, "Sort Space Type": "Memory", "Plans": [{"Node Type": "Seq Scan", "Parent Relationship": "Outer", "Relation Name": "customer", "Alias": "customer", "Startup Cost": 0.0, "Total Cost": 52126.0, "Plan Rows": 1500000, "Plan Width": 153, "Actual Startup Time": 0.014, "Actual Total Time": 545.626, "Actual Rows": 1500000, "Actual Loops": 1}]}, {"Node Type": "Sort", "Parent Relationship": "Inner", "Startup Cost": 354869.55, "Total Cost": 356308.91, "Plan Rows": 575746, "Plan Width": 16, "Actual Startup Time": 1250.255, "Actual Total Time": 1430.039, "Actual Rows": 573635, "Actual Loops": 1, "Sort Key": ["orders.o_custkey"], "Sort Method": "quicksort", "Sort Space Used": 78355, "Sort Space Type": "Memory", "Plans": [{"Node Type": "Bitmap Heap Scan", "Parent Relationship": "Outer", "Relation Name": "orders", "Alias": "orders", "Startup Cost": 14729.65, "Total Cost": 299784.84, "Plan Rows": 575746, "Plan Width": 16, "Actual Startup Time": 255.16, "Actual Total Time": 1004.014, "Actual Rows": 573635, "Actual Loops": 1, "Recheck Cond": "((o_orderdate >= '1993-08-01 00:00:00'::timestamp(0) without time zone) AND (o_orderdate < '1993-11-01 00:00:00'::timestamp without time zone)), (LLVM Optimized, Jit Execute)", "Rows Removed by Index Recheck": 0, "Exact Heap Blocks": 242860, "Lossy Heap Blocks": 242860, "Plans": [{"Node Type": "Bitmap Index Scan", "Parent Relationship": "Outer", "Index Name": "idx_orders_orderdate", "Startup Cost": 0.0, "Total Cost": 14585.71, "Plan Rows": 575746, "Plan Width": 0, "Actual Startup Time": 175.029, "Actual Total Time": 175.029, "Actual Rows": 573635, "Actual Loops": 1, "Index Cond": "((o_orderdate >= '1993-08-01 00:00:00'::timestamp(0) without time zone) AND (o_orderdate < '1993-11-01 00:00:00'::timestamp without time zone))"}]}]}]}]}]}]}, {"Node Type": "Sort", "Parent Relationship": "Inner", "Startup Cost": 3932143.37, "Total Cost": 3969231.39, "Plan Rows": 14835209, "Plan Width": 24, "Actual Startup Time": 27978.156, "Actual Total Time": 29855.231, "Actual Rows": 14808182, "Actual Loops": 1, "Sort Key": ["lineitem.l_orderkey"], "Sort Method": "quicksort", "Sort Space Used": 1781484, "Sort Space Type": "Memory", "Plans": [{"Node Type": "Seq Scan", "Parent Relationship": "Outer", "Relation Name": "lineitem", "Alias": "lineitem", "Startup Cost": 0.0, "Total Cost": 2165082.91, "Plan Rows": 14835209, "Plan Width": 24, "Actual Startup Time": 0.043, "Actual Total Time": 22456.204, "Actual Rows": 14808183, "Actual Loops": 1, "Filter": "(l_returnflag = 'R'::bpchar), (LLVM Optimized, Jit Execute)", "Rows Removed by Filter": 45177869}]}]}]}]}]}, "Triggers": [], "Planner Runtime": 1, "Total Runtime": 39087.087, "Unique SQL Id": 1604070524}}, "(1, 83)": {"explain_plan": {"Plan": {"Node Type": "Limit", "Startup Cost": 13443415.76, "Total Cost": 13443415.81, "Plan Rows": 20, "Plan Width": 191, "Plans": [{"Node Type": "Sort", "Parent Relationship": "Outer", "Startup Cost": 13443415.76, "Total Cost": 13447030.51, "Plan Rows": 20, "Plan Width": 191, "Sort Key": ["(sum((lineitem.l_extendedprice * (1::double precision - lineitem.l_discount)))) DESC"], "Plans": [{"Node Type": "Aggregate", "Strategy": "Hashed", "Parent Relationship": "Outer", "Startup Cost": 13390481.96, "Total Cost": 13404940.94, "Plan Rows": 1445898, "Plan Width": 191, "Group By Key": ["customer.c_custkey", "customer.c_name", "customer.c_acctbal", "customer.c_phone", "nation.n_name", "customer.c_address", "customer.c_comment"], "Plans": [{"Node Type": "Nested Loop", "Parent Relationship": "Outer", "Join Type": "Inner", "Startup Cost": 14732.12, "Total Cost": 13354334.51, "Plan Rows": 1445898, "Plan Width": 191, "Inner Unique": false, "Plans": [{"Node Type": "Nested Loop", "Parent Relationship": "Outer", "Join Type": "Inner", "Startup Cost": 14730.2, "Total Cost": 5249597.54, "Plan Rows": 575746, "Plan Width": 183, "Inner Unique": true, "Plans": [{"Node Type": "Nested Loop", "Parent Relationship": "Outer", "Join Type": "Inner", "Startup Cost": 14729.94, "Total Cost": 2785257.65, "Plan Rows": 575746, "Plan Width": 161, "Inner Unique": true, "Plans": [{"Node Type": "Bitmap Heap Scan", "Parent Relationship": "Outer", "Relation Name": "orders", "Alias": "orders", "Startup Cost": 14729.65, "Total Cost": 299784.84, "Plan Rows": 575746, "Plan Width": 16, "Recheck Cond": "((o_orderdate >= '1993-08-01 00:00:00'::timestamp(0) without time zone) AND (o_orderdate < '1993-11-01 00:00:00'::timestamp without time zone)), (LLVM Optimized)", "Plans": [{"Node Type": "Bitmap Index Scan", "Parent Relationship": "Outer", "Index Name": "idx_orders_orderdate", "Startup Cost": 0.0, "Total Cost": 14585.71, "Plan Rows": 575746, "Plan Width": 0, "Index Cond": "((o_orderdate >= '1993-08-01 00:00:00'::timestamp(0) without time zone) AND (o_orderdate < '1993-11-01 00:00:00'::timestamp without time zone))"}]}, {"Node Type": "Bitmap Heap Scan", "Parent Relationship": "Inner", "Relation Name": "customer", "Alias": "customer", "Startup Cost": 0.29, "Total Cost": 4.31, "Plan Rows": 1, "Plan Width": 153, "Recheck Cond": "(c_custkey = orders.o_custkey)", "Plans": [{"Node Type": "Bitmap Index Scan", "Parent Relationship": "Outer", "Index Name": "customer_pkey", "Startup Cost": 0.0, "Total Cost": 0.29, "Plan Rows": 1, "Plan Width": 0, "Index Cond": "(c_custkey = orders.o_custkey)"}]}]}, {"Node Type": "Bitmap Heap Scan", "Parent Relationship": "Inner", "Relation Name": "nation", "Alias": "nation", "Startup Cost": 0.26, "Total Cost": 4.27, "Plan Rows": 1, "Plan Width": 30, "Recheck Cond": "(n_nationkey = customer.c_nationkey)", "Plans": [{"Node Type": "Bitmap Index Scan", "Parent Relationship": "Outer", "Index Name": "nation_pkey", "Startup Cost": 0.0, "Total Cost": 0.26, "Plan Rows": 1, "Plan Width": 0, "Index Cond": "(n_nationkey = customer.c_nationkey)"}]}]}, {"Node Type": "Bitmap Heap Scan", "Parent Relationship": "Inner", "Relation Name": "lineitem", "Alias": "lineitem", "Startup Cost": 1.93, "Total Cost": 14.05, "Plan Rows": 3, "Plan Width": 24, "Recheck Cond": "(l_orderkey = orders.o_orderkey)", "Filter": "(l_returnflag = 'R'::bpchar)", "Plans": [{"Node Type": "Bitmap Index Scan", "Parent Relationship": "Outer", "Index Name": "idx_lineitem_orderkey", "Startup Cost": 0.0, "Total Cost": 1.92, "Plan Rows": 9, "Plan Width": 0, "Index Cond": "(l_orderkey = orders.o_orderkey)"}]}]}]}]}]}, "Unique SQL Id": 1604070524, "Planner Runtime": 1}, "explain_analyze_plan": {"Plan": {"Node Type": "Limit", "Startup Cost": 13443415.76, "Total Cost": 13443415.81, "Plan Rows": 20, "Plan Width": 191, "Actual Startup Time": 17197.212, "Actual Total Time": 17197.217, "Actual Rows": 20, "Actual Loops": 1, "Plans": [{"Node Type": "Sort", "Parent Relationship": "Outer", "Startup Cost": 13443415.76, "Total Cost": 13447030.51, "Plan Rows": 20, "Plan Width": 191, "Actual Startup Time": 17197.208, "Actual Total Time": 17197.21, "Actual Rows": 20, "Actual Loops": 1, "Sort Key": ["(sum((lineitem.l_extendedprice * (1::double precision - lineitem.l_discount)))) DESC"], "Sort Method": "top-N heapsort", "Sort Space Used": 35, "Sort Space Type": "Memory", "Plans": [{"Node Type": "Aggregate", "Strategy": "Hashed", "Parent Relationship": "Outer", "Startup Cost": 13390481.96, "Total Cost": 13404940.94, "Plan Rows": 1445898, "Plan Width": 191, "Actual Startup Time": 16740.682, "Actual Total Time": 17059.666, "Actual Rows": 381542, "Actual Loops": 1, "Group By Key": ["customer.c_custkey", "customer.c_name", "customer.c_acctbal", "customer.c_phone", "nation.n_name", "customer.c_address", "customer.c_comment"], "Plans": [{"Node Type": "Nested Loop", "Parent Relationship": "Outer", "Join Type": "Inner", "Startup Cost": 14732.12, "Total Cost": 13354334.51, "Plan Rows": 1445898, "Plan Width": 191, "Actual Startup Time": 238.524, "Actual Total Time": 14766.149, "Actual Rows": 1145969, "Actual Loops": 1, "Inner Unique": false, "Plans": [{"Node Type": "Nested Loop", "Parent Relationship": "Outer", "Join Type": "Inner", "Startup Cost": 14730.2, "Total Cost": 5249597.54, "Plan Rows": 575746, "Plan Width": 183, "Actual Startup Time": 238.474, "Actual Total Time": 8454.028, "Actual Rows": 573635, "Actual Loops": 1, "Inner Unique": true, "Plans": [{"Node Type": "Nested Loop", "Parent Relationship": "Outer", "Join Type": "Inner", "Startup Cost": 14729.94, "Total Cost": 2785257.65, "Plan Rows": 575746, "Plan Width": 161, "Actual Startup Time": 238.424, "Actual Total Time": 6266.051, "Actual Rows": 573635, "Actual Loops": 1, "Inner Unique": true, "Plans": [{"Node Type": "Bitmap Heap Scan", "Parent Relationship": "Outer", "Relation Name": "orders", "Alias": "orders", "Startup Cost": 14729.65, "Total Cost": 299784.84, "Plan Rows": 575746, "Plan Width": 16, "Actual Startup Time": 238.197, "Actual Total Time": 1069.489, "Actual Rows": 573635, "Actual Loops": 1, "Recheck Cond": "((o_orderdate >= '1993-08-01 00:00:00'::timestamp(0) without time zone) AND (o_orderdate < '1993-11-01 00:00:00'::timestamp without time zone)), (LLVM Optimized, Jit Execute)", "Rows Removed by Index Recheck": 0, "Exact Heap Blocks": 242860, "Lossy Heap Blocks": 242860, "Plans": [{"Node Type": "Bitmap Index Scan", "Parent Relationship": "Outer", "Index Name": "idx_orders_orderdate", "Startup Cost": 0.0, "Total Cost": 14585.71, "Plan Rows": 575746, "Plan Width": 0, "Actual Startup Time": 163.236, "Actual Total Time": 163.236, "Actual Rows": 573635, "Actual Loops": 1, "Index Cond": "((o_orderdate >= '1993-08-01 00:00:00'::timestamp(0) without time zone) AND (o_orderdate < '1993-11-01 00:00:00'::timestamp without time zone))"}]}, {"Node Type": "Bitmap Heap Scan", "Parent Relationship": "Inner", "Relation Name": "customer", "Alias": "customer", "Startup Cost": 0.29, "Total Cost": 4.31, "Plan Rows": 1, "Plan Width": 153, "Actual Startup Time": 4318.454, "Actual Total Time": 4318.454, "Actual Rows": 573635, "Actual Loops": 573635, "Recheck Cond": "(c_custkey = orders.o_custkey)", "Rows Removed by Index Recheck": 0, "Exact Heap Blocks": 573635, "Lossy Heap Blocks": 573635, "Plans": [{"Node Type": "Bitmap Index Scan", "Parent Relationship": "Outer", "Index Name": "customer_pkey", "Startup Cost": 0.0, "Total Cost": 0.29, "Plan Rows": 1, "Plan Width": 0, "Actual Startup Time": 2664.814, "Actual Total Time": 2664.814, "Actual Rows": 573635, "Actual Loops": 573635, "Index Cond": "(c_custkey = orders.o_custkey)"}]}]}, {"Node Type": "Bitmap Heap Scan", "Parent Relationship": "Inner", "Relation Name": "nation", "Alias": "nation", "Startup Cost": 0.26, "Total Cost": 4.27, "Plan Rows": 1, "Plan Width": 30, "Actual Startup Time": 1395.278, "Actual Total Time": 1395.278, "Actual Rows": 573635, "Actual Loops": 573635, "Recheck Cond": "(n_nationkey = customer.c_nationkey)", "Rows Removed by Index Recheck": 0, "Exact Heap Blocks": 573635, "Lossy Heap Blocks": 573635, "Plans": [{"Node Type": "Bitmap Index Scan", "Parent Relationship": "Outer", "Index Name": "nation_pkey", "Startup Cost": 0.0, "Total Cost": 0.26, "Plan Rows": 1, "Plan Width": 0, "Actual Startup Time": 608.282, "Actual Total Time": 608.282, "Actual Rows": 573635, "Actual Loops": 573635, "Index Cond": "(n_nationkey = customer.c_nationkey)"}]}]}, {"Node Type": "Bitmap Heap Scan", "Parent Relationship": "Inner", "Relation Name": "lineitem", "Alias": "lineitem", "Startup Cost": 1.93, "Total Cost": 14.05, "Plan Rows": 3, "Plan Width": 24, "Actual Startup Time": 4824.259, "Actual Total Time": 5354.044, "Actual Rows": 1145969, "Actual Loops": 573635, "Recheck Cond": "(l_orderkey = orders.o_orderkey)", "Rows Removed by Index Recheck": 0, "Filter": "(l_returnflag = 'R'::bpchar)", "Rows Removed by Filter": 1146896, "Exact Heap Blocks": 614400, "Lossy Heap Blocks": 614400, "Plans": [{"Node Type": "Bitmap Index Scan", "Parent Relationship": "Outer", "Index Name": "idx_lineitem_orderkey", "Startup Cost": 0.0, "Total Cost": 1.92, "Plan Rows": 9, "Plan Width": 0, "Actual Startup Time": 2480.858, "Actual Total Time": 2480.858, "Actual Rows": 2292865, "Actual Loops": 573635, "Index Cond": "(l_orderkey = orders.o_orderkey)"}]}]}]}]}]}, "Triggers": [], "Planner Runtime": 0, "Total Runtime": 17207.36, "Unique SQL Id": 1604070524}}, "(1, 84)": {"explain_plan": {"Plan": {"Node Type": "Limit", "Startup Cost": 3717442.55, "Total Cost": 3717442.6, "Plan Rows": 20, "Plan Width": 191, "Plans": [{"Node Type": "Sort", "Parent Relationship": "Outer", "Startup Cost": 3717442.55, "Total Cost": 3721057.3, "Plan Rows": 20, "Plan Width": 191, "Sort Key": ["(sum((lineitem.l_extendedprice * (1::double precision - lineitem.l_discount)))) DESC"], "Plans": [{"Node Type": "Aggregate", "Strategy": "Hashed", "Parent Relationship": "Outer", "Startup Cost": 3664508.75, "Total Cost": 3678967.73, "Plan Rows": 1445898, "Plan Width": 191, "Group By Key": ["customer.c_custkey", "customer.c_name", "customer.c_acctbal", "customer.c_phone", "nation.n_name", "customer.c_address", "customer.c_comment"], "Plans": [{"Node Type": "Nested Loop", "Parent Relationship": "Outer", "Join Type": "Inner", "Startup Cost": 503107.54, "Total Cost": 3628361.3, "Plan Rows": 1445898, "Plan Width": 191, "Inner Unique": false, "Plans": [{"Node Type": "Merge Join", "Parent Relationship": "Outer", "Join Type": "Inner", "Startup Cost": 503107.54, "Total Cost": 511743.85, "Plan Rows": 575746, "Plan Width": 183, "Inner Unique": false, "Merge Cond": "(nation.n_nationkey = customer.c_nationkey)", "Plans": [{"Node Type": "Sort", "Parent Relationship": "Outer", "Startup Cost": 1.83, "Total Cost": 1.89, "Plan Rows": 25, "Plan Width": 30, "Sort Key": ["nation.n_nationkey"], "Plans": [{"Node Type": "Seq Scan", "Parent Relationship": "Outer", "Relation Name": "nation", "Alias": "nation", "Startup Cost": 0.0, "Total Cost": 1.25, "Plan Rows": 25, "Plan Width": 30}]}, {"Node Type": "Sort", "Parent Relationship": "Inner", "Startup Cost": 503105.7, "Total Cost": 504545.07, "Plan Rows": 575746, "Plan Width": 161, "Sort Key": ["customer.c_nationkey"], "Plans": [{"Node Type": "Merge Join", "Parent Relationship": "Outer", "Join Type": "Inner", "Startup Cost": 354871.86, "Total Cost": 448021.0, "Plan Rows": 575746, "Plan Width": 161, "Inner Unique": false, "Merge Cond": "(customer.c_custkey = orders.o_custkey)", "Plans": [{"Node Type": "Index Scan", "Parent Relationship": "Outer", "Scan Direction": "Forward", "Index Name": "customer_pkey", "Relation Name": "customer", "Alias": "customer", "Startup Cost": 0.0, "Total Cost": 80765.36, "Plan Rows": 1500000, "Plan Width": 153}, {"Node Type": "Sort", "Parent Relationship": "Inner", "Startup Cost": 354869.55, "Total Cost": 356308.91, "Plan Rows": 575746, "Plan Width": 16, "Sort Key": ["orders.o_custkey"], "Plans": [{"Node Type": "Bitmap Heap Scan", "Parent Relationship": "Outer", "Relation Name": "orders", "Alias": "orders", "Startup Cost": 14729.65, "Total Cost": 299784.84, "Plan Rows": 575746, "Plan Width": 16, "Recheck Cond": "((o_orderdate >= '1993-08-01 00:00:00'::timestamp(0) without time zone) AND (o_orderdate < '1993-11-01 00:00:00'::timestamp without time zone)), (LLVM Optimized)", "Plans": [{"Node Type": "Bitmap Index Scan", "Parent Relationship": "Outer", "Index Name": "idx_orders_orderdate", "Startup Cost": 0.0, "Total Cost": 14585.71, "Plan Rows": 575746, "Plan Width": 0, "Index Cond": "((o_orderdate >= '1993-08-01 00:00:00'::timestamp(0) without time zone) AND (o_orderdate < '1993-11-01 00:00:00'::timestamp without time zone))"}]}]}]}]}]}, {"Node Type": "Index Scan", "Parent Relationship": "Inner", "Scan Direction": "Forward", "Index Name": "idx_lineitem_orderkey", "Relation Name": "lineitem", "Alias": "lineitem", "Startup Cost": 0.0, "Total Cost": 5.38, "Plan Rows": 3, "Plan Width": 24, "Index Cond": "(l_orderkey = orders.o_orderkey)", "Filter": "(l_returnflag = 'R'::bpchar)"}]}]}]}]}, "Unique SQL Id": 1604070524, "Planner Runtime": 1}, "explain_analyze_plan": {"Plan": {"Node Type": "Limit", "Startup Cost": 3717442.55, "Total Cost": 3717442.6, "Plan Rows": 20, "Plan Width": 191, "Actual Startup Time": 12711.136, "Actual Total Time": 12711.142, "Actual Rows": 20, "Actual Loops": 1, "Plans": [{"Node Type": "Sort", "Parent Relationship": "Outer", "Startup Cost": 3717442.55, "Total Cost": 3721057.3, "Plan Rows": 20, "Plan Width": 191, "Actual Startup Time": 12711.132, "Actual Total Time": 12711.135, "Actual Rows": 20, "Actual Loops": 1, "Sort Key": ["(sum((lineitem.l_extendedprice * (1::double precision - lineitem.l_discount)))) DESC"], "Sort Method": "top-N heapsort", "Sort Space Used": 35, "Sort Space Type": "Memory", "Plans": [{"Node Type": "Aggregate", "Strategy": "Hashed", "Parent Relationship": "Outer", "Startup Cost": 3664508.75, "Total Cost": 3678967.73, "Plan Rows": 1445898, "Plan Width": 191, "Actual Startup Time": 12376.54, "Actual Total Time": 12577.027, "Actual Rows": 381542, "Actual Loops": 1, "Group By Key": ["customer.c_custkey", "customer.c_name", "customer.c_acctbal", "customer.c_phone", "nation.n_name", "customer.c_address", "customer.c_comment"], "Plans": [{"Node Type": "Nested Loop", "Parent Relationship": "Outer", "Join Type": "Inner", "Startup Cost": 503107.54, "Total Cost": 3628361.3, "Plan Rows": 1445898, "Plan Width": 191, "Actual Startup Time": 3119.726, "Actual Total Time": 10640.857, "Actual Rows": 1145969, "Actual Loops": 1, "Inner Unique": false, "Plans": [{"Node Type": "Merge Join", "Parent Relationship": "Outer", "Join Type": "Inner", "Startup Cost": 503107.54, "Total Cost": 511743.85, "Plan Rows": 575746, "Plan Width": 183, "Actual Startup Time": 3119.655, "Actual Total Time": 3504.339, "Actual Rows": 573635, "Actual Loops": 1, "Inner Unique": false, "Merge Cond": "(nation.n_nationkey = customer.c_nationkey)", "Plans": [{"Node Type": "Sort", "Parent Relationship": "Outer", "Startup Cost": 1.83, "Total Cost": 1.89, "Plan Rows": 25, "Plan Width": 30, "Actual Startup Time": 0.069, "Actual Total Time": 0.089, "Actual Rows": 25, "Actual Loops": 1, "Sort Key": ["nation.n_nationkey"], "Sort Method": "quicksort", "Sort Space Used": 27, "Sort Space Type": "Memory", "Plans": [{"Node Type": "Seq Scan", "Parent Relationship": "Outer", "Relation Name": "nation", "Alias": "nation", "Startup Cost": 0.0, "Total Cost": 1.25, "Plan Rows": 25, "Plan Width": 30, "Actual Startup Time": 0.025, "Actual Total Time": 0.033, "Actual Rows": 25, "Actual Loops": 1}]}, {"Node Type": "Sort", "Parent Relationship": "Inner", "Startup Cost": 503105.7, "Total Cost": 504545.07, "Plan Rows": 575746, "Plan Width": 161, "Actual Startup Time": 3119.576, "Actual Total Time": 3255.292, "Actual Rows": 573635, "Actual Loops": 1, "Sort Key": ["customer.c_nationkey"], "Sort Method": "quicksort", "Sort Space Used": 185911, "Sort Space Type": "Memory", "Plans": [{"Node Type": "Merge Join", "Parent Relationship": "Outer", "Join Type": "Inner", "Startup Cost": 354871.86, "Total Cost": 448021.0, "Plan Rows": 575746, "Plan Width": 161, "Actual Startup Time": 1161.037, "Actual Total Time": 2850.033, "Actual Rows": 573635, "Actual Loops": 1, "Inner Unique": false, "Merge Cond": "(customer.c_custkey = orders.o_custkey)", "Plans": [{"Node Type": "Index Scan", "Parent Relationship": "Outer", "Scan Direction": "Forward", "Index Name": "customer_pkey", "Relation Name": "customer", "Alias": "customer", "Startup Cost": 0.0, "Total Cost": 80765.36, "Plan Rows": 1500000, "Plan Width": 153, "Actual Startup Time": 0.031, "Actual Total Time": 1050.4, "Actual Rows": 1499999, "Actual Loops": 1}, {"Node Type": "Sort", "Parent Relationship": "Inner", "Startup Cost": 354869.55, "Total Cost": 356308.91, "Plan Rows": 575746, "Plan Width": 16, "Actual Startup Time": 1160.992, "Actual Total Time": 1329.422, "Actual Rows": 573635, "Actual Loops": 1, "Sort Key": ["orders.o_custkey"], "Sort Method": "quicksort", "Sort Space Used": 78355, "Sort Space Type": "Memory", "Plans": [{"Node Type": "Bitmap Heap Scan", "Parent Relationship": "Outer", "Relation Name": "orders", "Alias": "orders", "Startup Cost": 14729.65, "Total Cost": 299784.84, "Plan Rows": 575746, "Plan Width": 16, "Actual Startup Time": 238.878, "Actual Total Time": 928.985, "Actual Rows": 573635, "Actual Loops": 1, "Recheck Cond": "((o_orderdate >= '1993-08-01 00:00:00'::timestamp(0) without time zone) AND (o_orderdate < '1993-11-01 00:00:00'::timestamp without time zone)), (LLVM Optimized, Jit Execute)", "Rows Removed by Index Recheck": 0, "Exact Heap Blocks": 242860, "Lossy Heap Blocks": 242860, "Plans": [{"Node Type": "Bitmap Index Scan", "Parent Relationship": "Outer", "Index Name": "idx_orders_orderdate", "Startup Cost": 0.0, "Total Cost": 14585.71, "Plan Rows": 575746, "Plan Width": 0, "Actual Startup Time": 164.053, "Actual Total Time": 164.053, "Actual Rows": 573635, "Actual Loops": 1, "Index Cond": "((o_orderdate >= '1993-08-01 00:00:00'::timestamp(0) without time zone) AND (o_orderdate < '1993-11-01 00:00:00'::timestamp without time zone))"}]}]}]}]}]}, {"Node Type": "Index Scan", "Parent Relationship": "Inner", "Scan Direction": "Forward", "Index Name": "idx_lineitem_orderkey", "Relation Name": "lineitem", "Alias": "lineitem", "Startup Cost": 0.0, "Total Cost": 5.38, "Plan Rows": 3, "Plan Width": 24, "Actual Startup Time": 5330.989, "Actual Total Time": 6534.404, "Actual Rows": 1145969, "Actual Loops": 573635, "Index Cond": "(l_orderkey = orders.o_orderkey)", "Rows Removed by Index Recheck": 0, "Filter": "(l_returnflag = 'R'::bpchar)", "Rows Removed by Filter": 1146896}]}]}]}]}, "Triggers": [], "Planner Runtime": 1, "Total Runtime": 12721.329, "Unique SQL Id": 1604070524}}, "(1, 85)": {"explain_plan": {"Plan": {"Node Type": "Limit", "Startup Cost": 3717453.28, "Total Cost": 3717453.33, "Plan Rows": 20, "Plan Width": 191, "Plans": [{"Node Type": "Sort", "Parent Relationship": "Outer", "Startup Cost": 3717453.28, "Total Cost": 3721068.03, "Plan Rows": 20, "Plan Width": 191, "Sort Key": ["(sum((lineitem.l_extendedprice * (1::double precision - lineitem.l_discount)))) DESC"], "Plans": [{"Node Type": "Aggregate", "Strategy": "Hashed", "Parent Relationship": "Outer", "Startup Cost": 3664519.48, "Total Cost": 3678978.46, "Plan Rows": 1445898, "Plan Width": 191, "Group By Key": ["customer.c_custkey", "customer.c_name", "customer.c_acctbal", "customer.c_phone", "nation.n_name", "customer.c_address", "customer.c_comment"], "Plans": [{"Node Type": "Nested Loop", "Parent Relationship": "Outer", "Join Type": "Inner", "Startup Cost": 503105.7, "Total Cost": 3628372.03, "Plan Rows": 1445898, "Plan Width": 191, "Inner Unique": false, "Plans": [{"Node Type": "Merge Join", "Parent Relationship": "Outer", "Join Type": "Inner", "Startup Cost": 503105.7, "Total Cost": 511754.58, "Plan Rows": 575746, "Plan Width": 183, "Inner Unique": false, "Merge Cond": "(nation.n_nationkey = customer.c_nationkey)", "Plans": [{"Node Type": "Index Scan", "Parent Relationship": "Outer", "Scan Direction": "Forward", "Index Name": "nation_pkey", "Relation Name": "nation", "Alias": "nation", "Startup Cost": 0.0, "Total Cost": 12.62, "Plan Rows": 25, "Plan Width": 30}, {"Node Type": "Sort", "Parent Relationship": "Inner", "Startup Cost": 503105.7, "Total Cost": 504545.07, "Plan Rows": 575746, "Plan Width": 161, "Sort Key": ["customer.c_nationkey"], "Plans": [{"Node Type": "Merge Join", "Parent Relationship": "Outer", "Join Type": "Inner", "Startup Cost": 354871.86, "Total Cost": 448021.0, "Plan Rows": 575746, "Plan Width": 161, "Inner Unique": false, "Merge Cond": "(customer.c_custkey = orders.o_custkey)", "Plans": [{"Node Type": "Index Scan", "Parent Relationship": "Outer", "Scan Direction": "Forward", "Index Name": "customer_pkey", "Relation Name": "customer", "Alias": "customer", "Startup Cost": 0.0, "Total Cost": 80765.36, "Plan Rows": 1500000, "Plan Width": 153}, {"Node Type": "Sort", "Parent Relationship": "Inner", "Startup Cost": 354869.55, "Total Cost": 356308.91, "Plan Rows": 575746, "Plan Width": 16, "Sort Key": ["orders.o_custkey"], "Plans": [{"Node Type": "Bitmap Heap Scan", "Parent Relationship": "Outer", "Relation Name": "orders", "Alias": "orders", "Startup Cost": 14729.65, "Total Cost": 299784.84, "Plan Rows": 575746, "Plan Width": 16, "Recheck Cond": "((o_orderdate >= '1993-08-01 00:00:00'::timestamp(0) without time zone) AND (o_orderdate < '1993-11-01 00:00:00'::timestamp without time zone)), (LLVM Optimized)", "Plans": [{"Node Type": "Bitmap Index Scan", "Parent Relationship": "Outer", "Index Name": "idx_orders_orderdate", "Startup Cost": 0.0, "Total Cost": 14585.71, "Plan Rows": 575746, "Plan Width": 0, "Index Cond": "((o_orderdate >= '1993-08-01 00:00:00'::timestamp(0) without time zone) AND (o_orderdate < '1993-11-01 00:00:00'::timestamp without time zone))"}]}]}]}]}]}, {"Node Type": "Index Scan", "Parent Relationship": "Inner", "Scan Direction": "Forward", "Index Name": "idx_lineitem_orderkey", "Relation Name": "lineitem", "Alias": "lineitem", "Startup Cost": 0.0, "Total Cost": 5.38, "Plan Rows": 3, "Plan Width": 24, "Index Cond": "(l_orderkey = orders.o_orderkey)", "Filter": "(l_returnflag = 'R'::bpchar)"}]}]}]}]}, "Unique SQL Id": 1604070524, "Planner Runtime": 1}, "explain_analyze_plan": {"Plan": {"Node Type": "Limit", "Startup Cost": 3717453.28, "Total Cost": 3717453.33, "Plan Rows": 20, "Plan Width": 191, "Actual Startup Time": 12881.408, "Actual Total Time": 12881.416, "Actual Rows": 20, "Actual Loops": 1, "Plans": [{"Node Type": "Sort", "Parent Relationship": "Outer", "Startup Cost": 3717453.28, "Total Cost": 3721068.03, "Plan Rows": 20, "Plan Width": 191, "Actual Startup Time": 12881.404, "Actual Total Time": 12881.409, "Actual Rows": 20, "Actual Loops": 1, "Sort Key": ["(sum((lineitem.l_extendedprice * (1::double precision - lineitem.l_discount)))) DESC"], "Sort Method": "top-N heapsort", "Sort Space Used": 35, "Sort Space Type": "Memory", "Plans": [{"Node Type": "Aggregate", "Strategy": "Hashed", "Parent Relationship": "Outer", "Startup Cost": 3664519.48, "Total Cost": 3678978.46, "Plan Rows": 1445898, "Plan Width": 191, "Actual Startup Time": 12526.995, "Actual Total Time": 12746.263, "Actual Rows": 381542, "Actual Loops": 1, "Group By Key": ["customer.c_custkey", "customer.c_name", "customer.c_acctbal", "customer.c_phone", "nation.n_name", "customer.c_address", "customer.c_comment"], "Plans": [{"Node Type": "Nested Loop", "Parent Relationship": "Outer", "Join Type": "Inner", "Startup Cost": 503105.7, "Total Cost": 3628372.03, "Plan Rows": 1445898, "Plan Width": 191, "Actual Startup Time": 2944.515, "Actual Total Time": 10761.98, "Actual Rows": 1145969, "Actual Loops": 1, "Inner Unique": false, "Plans": [{"Node Type": "Merge Join", "Parent Relationship": "Outer", "Join Type": "Inner", "Startup Cost": 503105.7, "Total Cost": 511754.58, "Plan Rows": 575746, "Plan Width": 183, "Actual Startup Time": 2944.443, "Actual Total Time": 3367.18, "Actual Rows": 573635, "Actual Loops": 1, "Inner Unique": false, "Merge Cond": "(nation.n_nationkey = customer.c_nationkey)", "Plans": [{"Node Type": "Index Scan", "Parent Relationship": "Outer", "Scan Direction": "Forward", "Index Name": "nation_pkey", "Relation Name": "nation", "Alias": "nation", "Startup Cost": 0.0, "Total Cost": 12.62, "Plan Rows": 25, "Plan Width": 30, "Actual Startup Time": 0.017, "Actual Total Time": 0.076, "Actual Rows": 25, "Actual Loops": 1}, {"Node Type": "Sort", "Parent Relationship": "Inner", "Startup Cost": 503105.7, "Total Cost": 504545.07, "Plan Rows": 575746, "Plan Width": 161, "Actual Startup Time": 2944.414, "Actual Total Time": 3092.845, "Actual Rows": 573635, "Actual Loops": 1, "Sort Key": ["customer.c_nationkey"], "Sort Method": "quicksort", "Sort Space Used": 185911, "Sort Space Type": "Memory", "Plans": [{"Node Type": "Merge Join", "Parent Relationship": "Outer", "Join Type": "Inner", "Startup Cost": 354871.86, "Total Cost": 448021.0, "Plan Rows": 575746, "Plan Width": 161, "Actual Startup Time": 1115.13, "Actual Total Time": 2664.999, "Actual Rows": 573635, "Actual Loops": 1, "Inner Unique": false, "Merge Cond": "(customer.c_custkey = orders.o_custkey)", "Plans": [{"Node Type": "Index Scan", "Parent Relationship": "Outer", "Scan Direction": "Forward", "Index Name": "customer_pkey", "Relation Name": "customer", "Alias": "customer", "Startup Cost": 0.0, "Total Cost": 80765.36, "Plan Rows": 1500000, "Plan Width": 153, "Actual Startup Time": 0.022, "Actual Total Time": 938.404, "Actual Rows": 1499999, "Actual Loops": 1}, {"Node Type": "Sort", "Parent Relationship": "Inner", "Startup Cost": 354869.55, "Total Cost": 356308.91, "Plan Rows": 575746, "Plan Width": 16, "Actual Startup Time": 1115.096, "Actual Total Time": 1256.851, "Actual Rows": 573635, "Actual Loops": 1, "Sort Key": ["orders.o_custkey"], "Sort Method": "quicksort", "Sort Space Used": 78355, "Sort Space Type": "Memory", "Plans": [{"Node Type": "Bitmap Heap Scan", "Parent Relationship": "Outer", "Relation Name": "orders", "Alias": "orders", "Startup Cost": 14729.65, "Total Cost": 299784.84, "Plan Rows": 575746, "Plan Width": 16, "Actual Startup Time": 240.083, "Actual Total Time": 882.591, "Actual Rows": 573635, "Actual Loops": 1, "Recheck Cond": "((o_orderdate >= '1993-08-01 00:00:00'::timestamp(0) without time zone) AND (o_orderdate < '1993-11-01 00:00:00'::timestamp without time zone)), (LLVM Optimized, Jit Execute)", "Rows Removed by Index Recheck": 0, "Exact Heap Blocks": 242860, "Lossy Heap Blocks": 242860, "Plans": [{"Node Type": "Bitmap Index Scan", "Parent Relationship": "Outer", "Index Name": "idx_orders_orderdate", "Startup Cost": 0.0, "Total Cost": 14585.71, "Plan Rows": 575746, "Plan Width": 0, "Actual Startup Time": 164.177, "Actual Total Time": 164.177, "Actual Rows": 573635, "Actual Loops": 1, "Index Cond": "((o_orderdate >= '1993-08-01 00:00:00'::timestamp(0) without time zone) AND (o_orderdate < '1993-11-01 00:00:00'::timestamp without time zone))"}]}]}]}]}]}, {"Node Type": "Index Scan", "Parent Relationship": "Inner", "Scan Direction": "Forward", "Index Name": "idx_lineitem_orderkey", "Relation Name": "lineitem", "Alias": "lineitem", "Startup Cost": 0.0, "Total Cost": 5.38, "Plan Rows": 3, "Plan Width": 24, "Actual Startup Time": 5538.719, "Actual Total Time": 6781.072, "Actual Rows": 1145969, "Actual Loops": 573635, "Index Cond": "(l_orderkey = orders.o_orderkey)", "Rows Removed by Index Recheck": 0, "Filter": "(l_returnflag = 'R'::bpchar)", "Rows Removed by Filter": 1146896}]}]}]}]}, "Triggers": [], "Planner Runtime": 1, "Total Runtime": 12891.724, "Unique SQL Id": 1604070524}}, "(1, 86)": {"explain_plan": {"Plan": {"Node Type": "Limit", "Startup Cost": 4808550.36, "Total Cost": 4808550.41, "Plan Rows": 20, "Plan Width": 191, "Plans": [{"Node Type": "Sort", "Parent Relationship": "Outer", "Startup Cost": 4808550.36, "Total Cost": 4812165.1, "Plan Rows": 20, "Plan Width": 191, "Sort Key": ["(sum((lineitem.l_extendedprice * (1::double precision - lineitem.l_discount)))) DESC"], "Plans": [{"Node Type": "Aggregate", "Strategy": "Hashed", "Parent Relationship": "Outer", "Startup Cost": 4755616.55, "Total Cost": 4770075.53, "Plan Rows": 1445898, "Plan Width": 191, "Group By Key": ["customer.c_custkey", "customer.c_name", "customer.c_acctbal", "customer.c_phone", "nation.n_name", "customer.c_address", "customer.c_comment"], "Plans": [{"Node Type": "Merge Join", "Parent Relationship": "Outer", "Join Type": "Inner", "Startup Cost": 4627956.66, "Total Cost": 4719469.1, "Plan Rows": 1445898, "Plan Width": 191, "Inner Unique": false, "Merge Cond": "(orders.o_orderkey = lineitem.l_orderkey)", "Plans": [{"Node Type": "Sort", "Parent Relationship": "Outer", "Startup Cost": 695813.19, "Total Cost": 697252.55, "Plan Rows": 575746, "Plan Width": 183, "Sort Key": ["orders.o_orderkey"], "Plans": [{"Node Type": "Merge Join", "Parent Relationship": "Outer", "Join Type": "Inner", "Startup Cost": 632092.16, "Total Cost": 640728.48, "Plan Rows": 575746, "Plan Width": 183, "Inner Unique": false, "Merge Cond": "(nation.n_nationkey = customer.c_nationkey)", "Plans": [{"Node Type": "Sort", "Parent Relationship": "Outer", "Startup Cost": 1.83, "Total Cost": 1.89, "Plan Rows": 25, "Plan Width": 30, "Sort Key": ["nation.n_nationkey"], "Plans": [{"Node Type": "Seq Scan", "Parent Relationship": "Outer", "Relation Name": "nation", "Alias": "nation", "Startup Cost": 0.0, "Total Cost": 1.25, "Plan Rows": 25, "Plan Width": 30}]}, {"Node Type": "Sort", "Parent Relationship": "Inner", "Startup Cost": 632090.33, "Total Cost": 633529.7, "Plan Rows": 575746, "Plan Width": 161, "Sort Key": ["customer.c_nationkey"], "Plans": [{"Node Type": "Merge Join", "Parent Relationship": "Outer", "Join Type": "Inner", "Startup Cost": 560869.73, "Total Cost": 577005.62, "Plan Rows": 575746, "Plan Width": 161, "Inner Unique": false, "Merge Cond": "(customer.c_custkey = orders.o_custkey)", "Plans": [{"Node Type": "Sort", "Parent Relationship": "Outer", "Startup Cost": 205999.98, "Total Cost": 209749.98, "Plan Rows": 1500000, "Plan Width": 153, "Sort Key": ["customer.c_custkey"], "Plans": [{"Node Type": "Seq Scan", "Parent Relationship": "Outer", "Relation Name": "customer", "Alias": "customer", "Startup Cost": 0.0, "Total Cost": 52126.0, "Plan Rows": 1500000, "Plan Width": 153}]}, {"Node Type": "Sort", "Parent Relationship": "Inner", "Startup Cost": 354869.55, "Total Cost": 356308.91, "Plan Rows": 575746, "Plan Width": 16, "Sort Key": ["orders.o_custkey"], "Plans": [{"Node Type": "Bitmap Heap Scan", "Parent Relationship": "Outer", "Relation Name": "orders", "Alias": "orders", "Startup Cost": 14729.65, "Total Cost": 299784.84, "Plan Rows": 575746, "Plan Width": 16, "Recheck Cond": "((o_orderdate >= '1993-08-01 00:00:00'::timestamp(0) without time zone) AND (o_orderdate < '1993-11-01 00:00:00'::timestamp without time zone)), (LLVM Optimized)", "Plans": [{"Node Type": "Bitmap Index Scan", "Parent Relationship": "Outer", "Index Name": "idx_orders_orderdate", "Startup Cost": 0.0, "Total Cost": 14585.71, "Plan Rows": 575746, "Plan Width": 0, "Index Cond": "((o_orderdate >= '1993-08-01 00:00:00'::timestamp(0) without time zone) AND (o_orderdate < '1993-11-01 00:00:00'::timestamp without time zone))"}]}]}]}]}]}]}, {"Node Type": "Sort", "Parent Relationship": "Inner", "Startup Cost": 3932143.37, "Total Cost": 3969231.39, "Plan Rows": 14835209, "Plan Width": 24, "Sort Key": ["lineitem.l_orderkey"], "Plans": [{"Node Type": "Seq Scan", "Parent Relationship": "Outer", "Relation Name": "lineitem", "Alias": "lineitem", "Startup Cost": 0.0, "Total Cost": 2165082.91, "Plan Rows": 14835209, "Plan Width": 24, "Filter": "(l_returnflag = 'R'::bpchar), (LLVM Optimized)"}]}]}]}]}]}, "Unique SQL Id": 1604070524, "Planner Runtime": 1}, "explain_analyze_plan": {"Plan": {"Node Type": "Limit", "Startup Cost": 4808550.36, "Total Cost": 4808550.41, "Plan Rows": 20, "Plan Width": 191, "Actual Startup Time": 39076.757, "Actual Total Time": 39076.763, "Actual Rows": 20, "Actual Loops": 1, "Plans": [{"Node Type": "Sort", "Parent Relationship": "Outer", "Startup Cost": 4808550.36, "Total Cost": 4812165.1, "Plan Rows": 20, "Plan Width": 191, "Actual Startup Time": 39076.755, "Actual Total Time": 39076.759, "Actual Rows": 20, "Actual Loops": 1, "Sort Key": ["(sum((lineitem.l_extendedprice * (1::double precision - lineitem.l_discount)))) DESC"], "Sort Method": "top-N heapsort", "Sort Space Used": 35, "Sort Space Type": "Memory", "Plans": [{"Node Type": "Aggregate", "Strategy": "Hashed", "Parent Relationship": "Outer", "Startup Cost": 4755616.55, "Total Cost": 4770075.53, "Plan Rows": 1445898, "Plan Width": 191, "Actual Startup Time": 38746.781, "Actual Total Time": 38944.817, "Actual Rows": 381542, "Actual Loops": 1, "Group By Key": ["customer.c_custkey", "customer.c_name", "customer.c_acctbal", "customer.c_phone", "nation.n_name", "customer.c_address", "customer.c_comment"], "Plans": [{"Node Type": "Merge Join", "Parent Relationship": "Outer", "Join Type": "Inner", "Startup Cost": 4627956.66, "Total Cost": 4719469.1, "Plan Rows": 1445898, "Plan Width": 191, "Actual Startup Time": 32286.615, "Actual Total Time": 37096.16, "Actual Rows": 1145969, "Actual Loops": 1, "Inner Unique": false, "Merge Cond": "(orders.o_orderkey = lineitem.l_orderkey)", "Plans": [{"Node Type": "Sort", "Parent Relationship": "Outer", "Startup Cost": 695813.19, "Total Cost": 697252.55, "Plan Rows": 575746, "Plan Width": 183, "Actual Startup Time": 4308.423, "Actual Total Time": 4439.603, "Actual Rows": 573635, "Actual Loops": 1, "Sort Key": ["orders.o_orderkey"], "Sort Method": "quicksort", "Sort Space Used": 199246, "Sort Space Type": "Memory", "Plans": [{"Node Type": "Merge Join", "Parent Relationship": "Outer", "Join Type": "Inner", "Startup Cost": 632092.16, "Total Cost": 640728.48, "Plan Rows": 575746, "Plan Width": 183, "Actual Startup Time": 3692.463, "Actual Total Time": 3992.69, "Actual Rows": 573635, "Actual Loops": 1, "Inner Unique": false, "Merge Cond": "(nation.n_nationkey = customer.c_nationkey)", "Plans": [{"Node Type": "Sort", "Parent Relationship": "Outer", "Startup Cost": 1.83, "Total Cost": 1.89, "Plan Rows": 25, "Plan Width": 30, "Actual Startup Time": 0.048, "Actual Total Time": 0.052, "Actual Rows": 25, "Actual Loops": 1, "Sort Key": ["nation.n_nationkey"], "Sort Method": "quicksort", "Sort Space Used": 27, "Sort Space Type": "Memory", "Plans": [{"Node Type": "Seq Scan", "Parent Relationship": "Outer", "Relation Name": "nation", "Alias": "nation", "Startup Cost": 0.0, "Total Cost": 1.25, "Plan Rows": 25, "Plan Width": 30, "Actual Startup Time": 0.022, "Actual Total Time": 0.027, "Actual Rows": 25, "Actual Loops": 1}]}, {"Node Type": "Sort", "Parent Relationship": "Inner", "Startup Cost": 632090.33, "Total Cost": 633529.7, "Plan Rows": 575746, "Plan Width": 161, "Actual Startup Time": 3692.398, "Actual Total Time": 3788.963, "Actual Rows": 573635, "Actual Loops": 1, "Sort Key": ["customer.c_nationkey"], "Sort Method": "quicksort", "Sort Space Used": 185911, "Sort Space Type": "Memory", "Plans": [{"Node Type": "Merge Join", "Parent Relationship": "Outer", "Join Type": "Inner", "Startup Cost": 560869.73, "Total Cost": 577005.62, "Plan Rows": 575746, "Plan Width": 161, "Actual Startup Time": 2460.02, "Actual Total Time": 3448.501, "Actual Rows": 573635, "Actual Loops": 1, "Inner Unique": false, "Merge Cond": "(customer.c_custkey = orders.o_custkey)", "Plans": [{"Node Type": "Sort", "Parent Relationship": "Outer", "Startup Cost": 205999.98, "Total Cost": 209749.98, "Plan Rows": 1500000, "Plan Width": 153, "Actual Startup Time": 1209.749, "Actual Total Time": 1493.86, "Actual Rows": 1499999, "Actual Loops": 1, "Sort Key": ["customer.c_custkey"], "Sort Method": "quicksort", "Sort Space Used": 470340, "Sort Space Type": "Memory", "Plans": [{"Node Type": "Seq Scan", "Parent Relationship": "Outer", "Relation Name": "customer", "Alias": "customer", "Startup Cost": 0.0, "Total Cost": 52126.0, "Plan Rows": 1500000, "Plan Width": 153, "Actual Startup Time": 0.014, "Actual Total Time": 545.626, "Actual Rows": 1500000, "Actual Loops": 1}]}, {"Node Type": "Sort", "Parent Relationship": "Inner", "Startup Cost": 354869.55, "Total Cost": 356308.91, "Plan Rows": 575746, "Plan Width": 16, "Actual Startup Time": 1250.255, "Actual Total Time": 1430.039, "Actual Rows": 573635, "Actual Loops": 1, "Sort Key": ["orders.o_custkey"], "Sort Method": "quicksort", "Sort Space Used": 78355, "Sort Space Type": "Memory", "Plans": [{"Node Type": "Bitmap Heap Scan", "Parent Relationship": "Outer", "Relation Name": "orders", "Alias": "orders", "Startup Cost": 14729.65, "Total Cost": 299784.84, "Plan Rows": 575746, "Plan Width": 16, "Actual Startup Time": 255.16, "Actual Total Time": 1004.014, "Actual Rows": 573635, "Actual Loops": 1, "Recheck Cond": "((o_orderdate >= '1993-08-01 00:00:00'::timestamp(0) without time zone) AND (o_orderdate < '1993-11-01 00:00:00'::timestamp without time zone)), (LLVM Optimized, Jit Execute)", "Rows Removed by Index Recheck": 0, "Exact Heap Blocks": 242860, "Lossy Heap Blocks": 242860, "Plans": [{"Node Type": "Bitmap Index Scan", "Parent Relationship": "Outer", "Index Name": "idx_orders_orderdate", "Startup Cost": 0.0, "Total Cost": 14585.71, "Plan Rows": 575746, "Plan Width": 0, "Actual Startup Time": 175.029, "Actual Total Time": 175.029, "Actual Rows": 573635, "Actual Loops": 1, "Index Cond": "((o_orderdate >= '1993-08-01 00:00:00'::timestamp(0) without time zone) AND (o_orderdate < '1993-11-01 00:00:00'::timestamp without time zone))"}]}]}]}]}]}]}, {"Node Type": "Sort", "Parent Relationship": "Inner", "Startup Cost": 3932143.37, "Total Cost": 3969231.39, "Plan Rows": 14835209, "Plan Width": 24, "Actual Startup Time": 27978.156, "Actual Total Time": 29855.231, "Actual Rows": 14808182, "Actual Loops": 1, "Sort Key": ["lineitem.l_orderkey"], "Sort Method": "quicksort", "Sort Space Used": 1781484, "Sort Space Type": "Memory", "Plans": [{"Node Type": "Seq Scan", "Parent Relationship": "Outer", "Relation Name": "lineitem", "Alias": "lineitem", "Startup Cost": 0.0, "Total Cost": 2165082.91, "Plan Rows": 14835209, "Plan Width": 24, "Actual Startup Time": 0.043, "Actual Total Time": 22456.204, "Actual Rows": 14808183, "Actual Loops": 1, "Filter": "(l_returnflag = 'R'::bpchar), (LLVM Optimized, Jit Execute)", "Rows Removed by Filter": 45177869}]}]}]}]}]}, "Triggers": [], "Planner Runtime": 1, "Total Runtime": 39087.087, "Unique SQL Id": 1604070524}}, "(1, 87)": {"explain_plan": {"Plan": {"Node Type": "Limit", "Startup Cost": 13443415.76, "Total Cost": 13443415.81, "Plan Rows": 20, "Plan Width": 191, "Plans": [{"Node Type": "Sort", "Parent Relationship": "Outer", "Startup Cost": 13443415.76, "Total Cost": 13447030.51, "Plan Rows": 20, "Plan Width": 191, "Sort Key": ["(sum((lineitem.l_extendedprice * (1::double precision - lineitem.l_discount)))) DESC"], "Plans": [{"Node Type": "Aggregate", "Strategy": "Hashed", "Parent Relationship": "Outer", "Startup Cost": 13390481.96, "Total Cost": 13404940.94, "Plan Rows": 1445898, "Plan Width": 191, "Group By Key": ["customer.c_custkey", "customer.c_name", "customer.c_acctbal", "customer.c_phone", "nation.n_name", "customer.c_address", "customer.c_comment"], "Plans": [{"Node Type": "Nested Loop", "Parent Relationship": "Outer", "Join Type": "Inner", "Startup Cost": 14732.12, "Total Cost": 13354334.51, "Plan Rows": 1445898, "Plan Width": 191, "Inner Unique": false, "Plans": [{"Node Type": "Nested Loop", "Parent Relationship": "Outer", "Join Type": "Inner", "Startup Cost": 14730.2, "Total Cost": 5249597.54, "Plan Rows": 575746, "Plan Width": 183, "Inner Unique": true, "Plans": [{"Node Type": "Nested Loop", "Parent Relationship": "Outer", "Join Type": "Inner", "Startup Cost": 14729.94, "Total Cost": 2785257.65, "Plan Rows": 575746, "Plan Width": 161, "Inner Unique": true, "Plans": [{"Node Type": "Bitmap Heap Scan", "Parent Relationship": "Outer", "Relation Name": "orders", "Alias": "orders", "Startup Cost": 14729.65, "Total Cost": 299784.84, "Plan Rows": 575746, "Plan Width": 16, "Recheck Cond": "((o_orderdate >= '1993-08-01 00:00:00'::timestamp(0) without time zone) AND (o_orderdate < '1993-11-01 00:00:00'::timestamp without time zone)), (LLVM Optimized)", "Plans": [{"Node Type": "Bitmap Index Scan", "Parent Relationship": "Outer", "Index Name": "idx_orders_orderdate", "Startup Cost": 0.0, "Total Cost": 14585.71, "Plan Rows": 575746, "Plan Width": 0, "Index Cond": "((o_orderdate >= '1993-08-01 00:00:00'::timestamp(0) without time zone) AND (o_orderdate < '1993-11-01 00:00:00'::timestamp without time zone))"}]}, {"Node Type": "Bitmap Heap Scan", "Parent Relationship": "Inner", "Relation Name": "customer", "Alias": "customer", "Startup Cost": 0.29, "Total Cost": 4.31, "Plan Rows": 1, "Plan Width": 153, "Recheck Cond": "(c_custkey = orders.o_custkey)", "Plans": [{"Node Type": "Bitmap Index Scan", "Parent Relationship": "Outer", "Index Name": "customer_pkey", "Startup Cost": 0.0, "Total Cost": 0.29, "Plan Rows": 1, "Plan Width": 0, "Index Cond": "(c_custkey = orders.o_custkey)"}]}]}, {"Node Type": "Bitmap Heap Scan", "Parent Relationship": "Inner", "Relation Name": "nation", "Alias": "nation", "Startup Cost": 0.26, "Total Cost": 4.27, "Plan Rows": 1, "Plan Width": 30, "Recheck Cond": "(n_nationkey = customer.c_nationkey)", "Plans": [{"Node Type": "Bitmap Index Scan", "Parent Relationship": "Outer", "Index Name": "nation_pkey", "Startup Cost": 0.0, "Total Cost": 0.26, "Plan Rows": 1, "Plan Width": 0, "Index Cond": "(n_nationkey = customer.c_nationkey)"}]}]}, {"Node Type": "Bitmap Heap Scan", "Parent Relationship": "Inner", "Relation Name": "lineitem", "Alias": "lineitem", "Startup Cost": 1.93, "Total Cost": 14.05, "Plan Rows": 3, "Plan Width": 24, "Recheck Cond": "(l_orderkey = orders.o_orderkey)", "Filter": "(l_returnflag = 'R'::bpchar)", "Plans": [{"Node Type": "Bitmap Index Scan", "Parent Relationship": "Outer", "Index Name": "idx_lineitem_orderkey", "Startup Cost": 0.0, "Total Cost": 1.92, "Plan Rows": 9, "Plan Width": 0, "Index Cond": "(l_orderkey = orders.o_orderkey)"}]}]}]}]}]}, "Unique SQL Id": 1604070524, "Planner Runtime": 1}, "explain_analyze_plan": {"Plan": {"Node Type": "Limit", "Startup Cost": 13443415.76, "Total Cost": 13443415.81, "Plan Rows": 20, "Plan Width": 191, "Actual Startup Time": 17197.212, "Actual Total Time": 17197.217, "Actual Rows": 20, "Actual Loops": 1, "Plans": [{"Node Type": "Sort", "Parent Relationship": "Outer", "Startup Cost": 13443415.76, "Total Cost": 13447030.51, "Plan Rows": 20, "Plan Width": 191, "Actual Startup Time": 17197.208, "Actual Total Time": 17197.21, "Actual Rows": 20, "Actual Loops": 1, "Sort Key": ["(sum((lineitem.l_extendedprice * (1::double precision - lineitem.l_discount)))) DESC"], "Sort Method": "top-N heapsort", "Sort Space Used": 35, "Sort Space Type": "Memory", "Plans": [{"Node Type": "Aggregate", "Strategy": "Hashed", "Parent Relationship": "Outer", "Startup Cost": 13390481.96, "Total Cost": 13404940.94, "Plan Rows": 1445898, "Plan Width": 191, "Actual Startup Time": 16740.682, "Actual Total Time": 17059.666, "Actual Rows": 381542, "Actual Loops": 1, "Group By Key": ["customer.c_custkey", "customer.c_name", "customer.c_acctbal", "customer.c_phone", "nation.n_name", "customer.c_address", "customer.c_comment"], "Plans": [{"Node Type": "Nested Loop", "Parent Relationship": "Outer", "Join Type": "Inner", "Startup Cost": 14732.12, "Total Cost": 13354334.51, "Plan Rows": 1445898, "Plan Width": 191, "Actual Startup Time": 238.524, "Actual Total Time": 14766.149, "Actual Rows": 1145969, "Actual Loops": 1, "Inner Unique": false, "Plans": [{"Node Type": "Nested Loop", "Parent Relationship": "Outer", "Join Type": "Inner", "Startup Cost": 14730.2, "Total Cost": 5249597.54, "Plan Rows": 575746, "Plan Width": 183, "Actual Startup Time": 238.474, "Actual Total Time": 8454.028, "Actual Rows": 573635, "Actual Loops": 1, "Inner Unique": true, "Plans": [{"Node Type": "Nested Loop", "Parent Relationship": "Outer", "Join Type": "Inner", "Startup Cost": 14729.94, "Total Cost": 2785257.65, "Plan Rows": 575746, "Plan Width": 161, "Actual Startup Time": 238.424, "Actual Total Time": 6266.051, "Actual Rows": 573635, "Actual Loops": 1, "Inner Unique": true, "Plans": [{"Node Type": "Bitmap Heap Scan", "Parent Relationship": "Outer", "Relation Name": "orders", "Alias": "orders", "Startup Cost": 14729.65, "Total Cost": 299784.84, "Plan Rows": 575746, "Plan Width": 16, "Actual Startup Time": 238.197, "Actual Total Time": 1069.489, "Actual Rows": 573635, "Actual Loops": 1, "Recheck Cond": "((o_orderdate >= '1993-08-01 00:00:00'::timestamp(0) without time zone) AND (o_orderdate < '1993-11-01 00:00:00'::timestamp without time zone)), (LLVM Optimized, Jit Execute)", "Rows Removed by Index Recheck": 0, "Exact Heap Blocks": 242860, "Lossy Heap Blocks": 242860, "Plans": [{"Node Type": "Bitmap Index Scan", "Parent Relationship": "Outer", "Index Name": "idx_orders_orderdate", "Startup Cost": 0.0, "Total Cost": 14585.71, "Plan Rows": 575746, "Plan Width": 0, "Actual Startup Time": 163.236, "Actual Total Time": 163.236, "Actual Rows": 573635, "Actual Loops": 1, "Index Cond": "((o_orderdate >= '1993-08-01 00:00:00'::timestamp(0) without time zone) AND (o_orderdate < '1993-11-01 00:00:00'::timestamp without time zone))"}]}, {"Node Type": "Bitmap Heap Scan", "Parent Relationship": "Inner", "Relation Name": "customer", "Alias": "customer", "Startup Cost": 0.29, "Total Cost": 4.31, "Plan Rows": 1, "Plan Width": 153, "Actual Startup Time": 4318.454, "Actual Total Time": 4318.454, "Actual Rows": 573635, "Actual Loops": 573635, "Recheck Cond": "(c_custkey = orders.o_custkey)", "Rows Removed by Index Recheck": 0, "Exact Heap Blocks": 573635, "Lossy Heap Blocks": 573635, "Plans": [{"Node Type": "Bitmap Index Scan", "Parent Relationship": "Outer", "Index Name": "customer_pkey", "Startup Cost": 0.0, "Total Cost": 0.29, "Plan Rows": 1, "Plan Width": 0, "Actual Startup Time": 2664.814, "Actual Total Time": 2664.814, "Actual Rows": 573635, "Actual Loops": 573635, "Index Cond": "(c_custkey = orders.o_custkey)"}]}]}, {"Node Type": "Bitmap Heap Scan", "Parent Relationship": "Inner", "Relation Name": "nation", "Alias": "nation", "Startup Cost": 0.26, "Total Cost": 4.27, "Plan Rows": 1, "Plan Width": 30, "Actual Startup Time": 1395.278, "Actual Total Time": 1395.278, "Actual Rows": 573635, "Actual Loops": 573635, "Recheck Cond": "(n_nationkey = customer.c_nationkey)", "Rows Removed by Index Recheck": 0, "Exact Heap Blocks": 573635, "Lossy Heap Blocks": 573635, "Plans": [{"Node Type": "Bitmap Index Scan", "Parent Relationship": "Outer", "Index Name": "nation_pkey", "Startup Cost": 0.0, "Total Cost": 0.26, "Plan Rows": 1, "Plan Width": 0, "Actual Startup Time": 608.282, "Actual Total Time": 608.282, "Actual Rows": 573635, "Actual Loops": 573635, "Index Cond": "(n_nationkey = customer.c_nationkey)"}]}]}, {"Node Type": "Bitmap Heap Scan", "Parent Relationship": "Inner", "Relation Name": "lineitem", "Alias": "lineitem", "Startup Cost": 1.93, "Total Cost": 14.05, "Plan Rows": 3, "Plan Width": 24, "Actual Startup Time": 4824.259, "Actual Total Time": 5354.044, "Actual Rows": 1145969, "Actual Loops": 573635, "Recheck Cond": "(l_orderkey = orders.o_orderkey)", "Rows Removed by Index Recheck": 0, "Filter": "(l_returnflag = 'R'::bpchar)", "Rows Removed by Filter": 1146896, "Exact Heap Blocks": 614400, "Lossy Heap Blocks": 614400, "Plans": [{"Node Type": "Bitmap Index Scan", "Parent Relationship": "Outer", "Index Name": "idx_lineitem_orderkey", "Startup Cost": 0.0, "Total Cost": 1.92, "Plan Rows": 9, "Plan Width": 0, "Actual Startup Time": 2480.858, "Actual Total Time": 2480.858, "Actual Rows": 2292865, "Actual Loops": 573635, "Index Cond": "(l_orderkey = orders.o_orderkey)"}]}]}]}]}]}, "Triggers": [], "Planner Runtime": 0, "Total Runtime": 17207.36, "Unique SQL Id": 1604070524}}, "(1, 88)": {"explain_plan": {"Plan": {"Node Type": "Limit", "Startup Cost": 3919068.9, "Total Cost": 3919068.95, "Plan Rows": 20, "Plan Width": 191, "Plans": [{"Node Type": "Sort", "Parent Relationship": "Outer", "Startup Cost": 3919068.9, "Total Cost": 3922683.64, "Plan Rows": 20, "Plan Width": 191, "Sort Key": ["(sum((lineitem.l_extendedprice * (1::double precision - lineitem.l_discount)))) DESC"], "Plans": [{"Node Type": "Aggregate", "Strategy": "Hashed", "Parent Relationship": "Outer", "Startup Cost": 3866135.09, "Total Cost": 3880594.07, "Plan Rows": 1445898, "Plan Width": 191, "Group By Key": ["customer.c_custkey", "customer.c_name", "customer.c_acctbal", "customer.c_phone", "nation.n_name", "customer.c_address", "customer.c_comment"], "Plans": [{"Node Type": "Nested Loop", "Parent Relationship": "Outer", "Join Type": "Inner", "Startup Cost": 704733.88, "Total Cost": 3829987.64, "Plan Rows": 1445898, "Plan Width": 191, "Inner Unique": false, "Plans": [{"Node Type": "Merge Join", "Parent Relationship": "Outer", "Join Type": "Inner", "Startup Cost": 704733.88, "Total Cost": 713370.2, "Plan Rows": 575746, "Plan Width": 183, "Inner Unique": false, "Merge Cond": "(nation.n_nationkey = customer.c_nationkey)", "Plans": [{"Node Type": "Sort", "Parent Relationship": "Outer", "Startup Cost": 1.83, "Total Cost": 1.89, "Plan Rows": 25, "Plan Width": 30, "Sort Key": ["nation.n_nationkey"], "Plans": [{"Node Type": "Seq Scan", "Parent Relationship": "Outer", "Relation Name": "nation", "Alias": "nation", "Startup Cost": 0.0, "Total Cost": 1.25, "Plan Rows": 25, "Plan Width": 30}]}, {"Node Type": "Sort", "Parent Relationship": "Inner", "Startup Cost": 704732.05, "Total Cost": 706171.42, "Plan Rows": 575746, "Plan Width": 161, "Sort Key": ["customer.c_nationkey"], "Plans": [{"Node Type": "Merge Join", "Parent Relationship": "Outer", "Join Type": "Inner", "Startup Cost": 556498.2, "Total Cost": 649647.34, "Plan Rows": 575746, "Plan Width": 161, "Inner Unique": false, "Merge Cond": "(customer.c_custkey = orders.o_custkey)", "Plans": [{"Node Type": "Index Scan", "Parent Relationship": "Outer", "Scan Direction": "Forward", "Index Name": "customer_pkey", "Relation Name": "customer", "Alias": "customer", "Startup Cost": 0.0, "Total Cost": 80765.36, "Plan Rows": 1500000, "Plan Width": 153}, {"Node Type": "Sort", "Parent Relationship": "Inner", "Startup Cost": 556495.89, "Total Cost": 557935.26, "Plan Rows": 575746, "Plan Width": 16, "Sort Key": ["orders.o_custkey"], "Plans": [{"Node Type": "Seq Scan", "Parent Relationship": "Outer", "Relation Name": "orders", "Alias": "orders", "Startup Cost": 578.97, "Total Cost": 501411.18, "Plan Rows": 575746, "Plan Width": 16, "Filter": "((o_orderdate >= '1993-08-01 00:00:00'::timestamp(0) without time zone) AND (o_orderdate < '1993-11-01 00:00:00'::timestamp without time zone)), (LLVM Optimized)"}]}]}]}]}, {"Node Type": "Index Scan", "Parent Relationship": "Inner", "Scan Direction": "Forward", "Index Name": "idx_lineitem_orderkey", "Relation Name": "lineitem", "Alias": "lineitem", "Startup Cost": 0.0, "Total Cost": 5.38, "Plan Rows": 3, "Plan Width": 24, "Index Cond": "(l_orderkey = orders.o_orderkey)", "Filter": "(l_returnflag = 'R'::bpchar)"}]}]}]}]}, "Unique SQL Id": 1604070524, "Planner Runtime": 1}, "explain_analyze_plan": {"Plan": {"Node Type": "Limit", "Startup Cost": 3919068.9, "Total Cost": 3919068.95, "Plan Rows": 20, "Plan Width": 191, "Actual Startup Time": 16602.655, "Actual Total Time": 16602.662, "Actual Rows": 20, "Actual Loops": 1, "Plans": [{"Node Type": "Sort", "Parent Relationship": "Outer", "Startup Cost": 3919068.9, "Total Cost": 3922683.64, "Plan Rows": 20, "Plan Width": 191, "Actual Startup Time": 16602.652, "Actual Total Time": 16602.657, "Actual Rows": 20, "Actual Loops": 1, "Sort Key": ["(sum((lineitem.l_extendedprice * (1::double precision - lineitem.l_discount)))) DESC"], "Sort Method": "top-N heapsort", "Sort Space Used": 35, "Sort Space Type": "Memory", "Plans": [{"Node Type": "Aggregate", "Strategy": "Hashed", "Parent Relationship": "Outer", "Startup Cost": 3866135.09, "Total Cost": 3880594.07, "Plan Rows": 1445898, "Plan Width": 191, "Actual Startup Time": 16109.408, "Actual Total Time": 16464.109, "Actual Rows": 381542, "Actual Loops": 1, "Group By Key": ["customer.c_custkey", "customer.c_name", "customer.c_acctbal", "customer.c_phone", "nation.n_name", "customer.c_address", "customer.c_comment"], "Plans": [{"Node Type": "Nested Loop", "Parent Relationship": "Outer", "Join Type": "Inner", "Startup Cost": 704733.88, "Total Cost": 3829987.64, "Plan Rows": 1445898, "Plan Width": 191, "Actual Startup Time": 7028.494, "Actual Total Time": 14369.32, "Actual Rows": 1145969, "Actual Loops": 1, "Inner Unique": false, "Plans": [{"Node Type": "Merge Join", "Parent Relationship": "Outer", "Join Type": "Inner", "Startup Cost": 704733.88, "Total Cost": 713370.2, "Plan Rows": 575746, "Plan Width": 183, "Actual Startup Time": 7028.404, "Actual Total Time": 7401.755, "Actual Rows": 573635, "Actual Loops": 1, "Inner Unique": false, "Merge Cond": "(nation.n_nationkey = customer.c_nationkey)", "Plans": [{"Node Type": "Sort", "Parent Relationship": "Outer", "Startup Cost": 1.83, "Total Cost": 1.89, "Plan Rows": 25, "Plan Width": 30, "Actual Startup Time": 0.057, "Actual Total Time": 0.077, "Actual Rows": 25, "Actual Loops": 1, "Sort Key": ["nation.n_nationkey"], "Sort Method": "quicksort", "Sort Space Used": 27, "Sort Space Type": "Memory", "Plans": [{"Node Type": "Seq Scan", "Parent Relationship": "Outer", "Relation Name": "nation", "Alias": "nation", "Startup Cost": 0.0, "Total Cost": 1.25, "Plan Rows": 25, "Plan Width": 30, "Actual Startup Time": 0.023, "Actual Total Time": 0.028, "Actual Rows": 25, "Actual Loops": 1}]}, {"Node Type": "Sort", "Parent Relationship": "Inner", "Startup Cost": 704732.05, "Total Cost": 706171.42, "Plan Rows": 575746, "Plan Width": 161, "Actual Startup Time": 7028.333, "Actual Total Time": 7159.492, "Actual Rows": 573635, "Actual Loops": 1, "Sort Key": ["customer.c_nationkey"], "Sort Method": "quicksort", "Sort Space Used": 185911, "Sort Space Type": "Memory", "Plans": [{"Node Type": "Merge Join", "Parent Relationship": "Outer", "Join Type": "Inner", "Startup Cost": 556498.2, "Total Cost": 649647.34, "Plan Rows": 575746, "Plan Width": 161, "Actual Startup Time": 5365.711, "Actual Total Time": 6762.347, "Actual Rows": 573635, "Actual Loops": 1, "Inner Unique": false, "Merge Cond": "(customer.c_custkey = orders.o_custkey)", "Plans": [{"Node Type": "Index Scan", "Parent Relationship": "Outer", "Scan Direction": "Forward", "Index Name": "customer_pkey", "Relation Name": "customer", "Alias": "customer", "Startup Cost": 0.0, "Total Cost": 80765.36, "Plan Rows": 1500000, "Plan Width": 153, "Actual Startup Time": 0.03, "Actual Total Time": 818.113, "Actual Rows": 1499999, "Actual Loops": 1}, {"Node Type": "Sort", "Parent Relationship": "Inner", "Startup Cost": 556495.89, "Total Cost": 557935.26, "Plan Rows": 575746, "Plan Width": 16, "Actual Startup Time": 5365.663, "Actual Total Time": 5473.732, "Actual Rows": 573635, "Actual Loops": 1, "Sort Key": ["orders.o_custkey"], "Sort Method": "quicksort", "Sort Space Used": 78355, "Sort Space Type": "Memory", "Plans": [{"Node Type": "Seq Scan", "Parent Relationship": "Outer", "Relation Name": "orders", "Alias": "orders", "Startup Cost": 578.97, "Total Cost": 501411.18, "Plan Rows": 575746, "Plan Width": 16, "Actual Startup Time": 0.041, "Actual Total Time": 5128.999, "Actual Rows": 573635, "Actual Loops": 1, "Filter": "((o_orderdate >= '1993-08-01 00:00:00'::timestamp(0) without time zone) AND (o_orderdate < '1993-11-01 00:00:00'::timestamp without time zone)), (LLVM Optimized, Jit Execute)", "Rows Removed by Filter": 14426365}]}]}]}]}, {"Node Type": "Index Scan", "Parent Relationship": "Inner", "Scan Direction": "Forward", "Index Name": "idx_lineitem_orderkey", "Relation Name": "lineitem", "Alias": "lineitem", "Startup Cost": 0.0, "Total Cost": 5.38, "Plan Rows": 3, "Plan Width": 24, "Actual Startup Time": 5179.934, "Actual Total Time": 6366.195, "Actual Rows": 1145969, "Actual Loops": 573635, "Index Cond": "(l_orderkey = orders.o_orderkey)", "Rows Removed by Index Recheck": 0, "Filter": "(l_returnflag = 'R'::bpchar)", "Rows Removed by Filter": 1146896}]}]}]}]}, "Triggers": [], "Planner Runtime": 1, "Total Runtime": 16612.421, "Unique SQL Id": 1604070524}}, "(1, 89)": {"explain_plan": {"Plan": {"Node Type": "Limit", "Startup Cost": 4223644.28, "Total Cost": 4223644.33, "Plan Rows": 20, "Plan Width": 191, "Plans": [{"Node Type": "Sort", "Parent Relationship": "Outer", "Startup Cost": 4223644.28, "Total Cost": 4227259.02, "Plan Rows": 20, "Plan Width": 191, "Sort Key": ["(sum((lineitem.l_extendedprice * (1::double precision - lineitem.l_discount)))) DESC"], "Plans": [{"Node Type": "Aggregate", "Strategy": "Hashed", "Parent Relationship": "Outer", "Startup Cost": 4170710.47, "Total Cost": 4185169.45, "Plan Rows": 1445898, "Plan Width": 191, "Group By Key": ["customer.c_custkey", "customer.c_name", "customer.c_acctbal", "customer.c_phone", "nation.n_name", "customer.c_address", "customer.c_comment"], "Plans": [{"Node Type": "Nested Loop", "Parent Relationship": "Outer", "Join Type": "Inner", "Startup Cost": 1009296.7, "Total Cost": 4134563.02, "Plan Rows": 1445898, "Plan Width": 191, "Inner Unique": false, "Plans": [{"Node Type": "Merge Join", "Parent Relationship": "Outer", "Join Type": "Inner", "Startup Cost": 1009296.7, "Total Cost": 1017945.58, "Plan Rows": 575746, "Plan Width": 183, "Inner Unique": false, "Merge Cond": "(nation.n_nationkey = customer.c_nationkey)", "Plans": [{"Node Type": "Index Scan", "Parent Relationship": "Outer", "Scan Direction": "Forward", "Index Name": "nation_pkey", "Relation Name": "nation", "Alias": "nation", "Startup Cost": 0.0, "Total Cost": 12.62, "Plan Rows": 25, "Plan Width": 30}, {"Node Type": "Sort", "Parent Relationship": "Inner", "Startup Cost": 1009296.7, "Total Cost": 1010736.06, "Plan Rows": 575746, "Plan Width": 161, "Sort Key": ["customer.c_nationkey"], "Plans": [{"Node Type": "Merge Join", "Parent Relationship": "Outer", "Join Type": "Inner", "Startup Cost": 861062.85, "Total Cost": 954211.99, "Plan Rows": 575746, "Plan Width": 161, "Inner Unique": false, "Merge Cond": "(customer.c_custkey = orders.o_custkey)", "Plans": [{"Node Type": "Index Scan", "Parent Relationship": "Outer", "Scan Direction": "Forward", "Index Name": "customer_pkey", "Relation Name": "customer", "Alias": "customer", "Startup Cost": 0.0, "Total Cost": 80765.36, "Plan Rows": 1500000, "Plan Width": 153}, {"Node Type": "Sort", "Parent Relationship": "Inner", "Startup Cost": 861060.54, "Total Cost": 862499.9, "Plan Rows": 575746, "Plan Width": 16, "Sort Key": ["orders.o_custkey"], "Plans": [{"Node Type": "Index Scan", "Parent Relationship": "Outer", "Scan Direction": "Forward", "Index Name": "orders_pkey", "Relation Name": "orders", "Alias": "orders", "Startup Cost": 0.0, "Total Cost": 805975.83, "Plan Rows": 575746, "Plan Width": 16, "Filter": "((o_orderdate >= '1993-08-01 00:00:00'::timestamp(0) without time zone) AND (o_orderdate < '1993-11-01 00:00:00'::timestamp without time zone)), (LLVM Optimized)"}]}]}]}]}, {"Node Type": "Index Scan", "Parent Relationship": "Inner", "Scan Direction": "Forward", "Index Name": "idx_lineitem_orderkey", "Relation Name": "lineitem", "Alias": "lineitem", "Startup Cost": 0.0, "Total Cost": 5.38, "Plan Rows": 3, "Plan Width": 24, "Index Cond": "(l_orderkey = orders.o_orderkey)", "Filter": "(l_returnflag = 'R'::bpchar)"}]}]}]}]}, "Unique SQL Id": 1604070524, "Planner Runtime": 1}, "explain_analyze_plan": {"Plan": {"Node Type": "Limit", "Startup Cost": 4223644.28, "Total Cost": 4223644.33, "Plan Rows": 20, "Plan Width": 191, "Actual Startup Time": 21456.538, "Actual Total Time": 21456.545, "Actual Rows": 20, "Actual Loops": 1, "Plans": [{"Node Type": "Sort", "Parent Relationship": "Outer", "Startup Cost": 4223644.28, "Total Cost": 4227259.02, "Plan Rows": 20, "Plan Width": 191, "Actual Startup Time": 21456.535, "Actual Total Time": 21456.54, "Actual Rows": 20, "Actual Loops": 1, "Sort Key": ["(sum((lineitem.l_extendedprice * (1::double precision - lineitem.l_discount)))) DESC"], "Sort Method": "top-N heapsort", "Sort Space Used": 35, "Sort Space Type": "Memory", "Plans": [{"Node Type": "Aggregate", "Strategy": "Hashed", "Parent Relationship": "Outer", "Startup Cost": 4170710.47, "Total Cost": 4185169.45, "Plan Rows": 1445898, "Plan Width": 191, "Actual Startup Time": 21081.686, "Actual Total Time": 21320.82, "Actual Rows": 381542, "Actual Loops": 1, "Group By Key": ["customer.c_custkey", "customer.c_name", "customer.c_acctbal", "customer.c_phone", "nation.n_name", "customer.c_address", "customer.c_comment"], "Plans": [{"Node Type": "Nested Loop", "Parent Relationship": "Outer", "Join Type": "Inner", "Startup Cost": 1009296.7, "Total Cost": 4134563.02, "Plan Rows": 1445898, "Plan Width": 191, "Actual Startup Time": 11702.536, "Actual Total Time": 19317.436, "Actual Rows": 1145969, "Actual Loops": 1, "Inner Unique": false, "Plans": [{"Node Type": "Merge Join", "Parent Relationship": "Outer", "Join Type": "Inner", "Startup Cost": 1009296.7, "Total Cost": 1017945.58, "Plan Rows": 575746, "Plan Width": 183, "Actual Startup Time": 11702.441, "Actual Total Time": 12112.133, "Actual Rows": 573635, "Actual Loops": 1, "Inner Unique": false, "Merge Cond": "(nation.n_nationkey = customer.c_nationkey)", "Plans": [{"Node Type": "Index Scan", "Parent Relationship": "Outer", "Scan Direction": "Forward", "Index Name": "nation_pkey", "Relation Name": "nation", "Alias": "nation", "Startup Cost": 0.0, "Total Cost": 12.62, "Plan Rows": 25, "Plan Width": 30, "Actual Startup Time": 0.012, "Actual Total Time": 0.074, "Actual Rows": 25, "Actual Loops": 1}, {"Node Type": "Sort", "Parent Relationship": "Inner", "Startup Cost": 1009296.7, "Total Cost": 1010736.06, "Plan Rows": 575746, "Plan Width": 161, "Actual Startup Time": 11702.415, "Actual Total Time": 11848.798, "Actual Rows": 573635, "Actual Loops": 1, "Sort Key": ["customer.c_nationkey"], "Sort Method": "quicksort", "Sort Space Used": 185911, "Sort Space Type": "Memory", "Plans": [{"Node Type": "Merge Join", "Parent Relationship": "Outer", "Join Type": "Inner", "Startup Cost": 861062.85, "Total Cost": 954211.99, "Plan Rows": 575746, "Plan Width": 161, "Actual Startup Time": 10002.927, "Actual Total Time": 11438.534, "Actual Rows": 573635, "Actual Loops": 1, "Inner Unique": false, "Merge Cond": "(customer.c_custkey = orders.o_custkey)", "Plans": [{"Node Type": "Index Scan", "Parent Relationship": "Outer", "Scan Direction": "Forward", "Index Name": "customer_pkey", "Relation Name": "customer", "Alias": "customer", "Startup Cost": 0.0, "Total Cost": 80765.36, "Plan Rows": 1500000, "Plan Width": 153, "Actual Startup Time": 0.022, "Actual Total Time": 849.322, "Actual Rows": 1499999, "Actual Loops": 1}, {"Node Type": "Sort", "Parent Relationship": "Inner", "Startup Cost": 861060.54, "Total Cost": 862499.9, "Plan Rows": 575746, "Plan Width": 16, "Actual Startup Time": 10002.884, "Actual Total Time": 10119.65, "Actual Rows": 573635, "Actual Loops": 1, "Sort Key": ["orders.o_custkey"], "Sort Method": "quicksort", "Sort Space Used": 78355, "Sort Space Type": "Memory", "Plans": [{"Node Type": "Index Scan", "Parent Relationship": "Outer", "Scan Direction": "Forward", "Index Name": "orders_pkey", "Relation Name": "orders", "Alias": "orders", "Startup Cost": 0.0, "Total Cost": 805975.83, "Plan Rows": 575746, "Plan Width": 16, "Actual Startup Time": 0.028, "Actual Total Time": 9746.014, "Actual Rows": 573635, "Actual Loops": 1, "Filter": "((o_orderdate >= '1993-08-01 00:00:00'::timestamp(0) without time zone) AND (o_orderdate < '1993-11-01 00:00:00'::timestamp without time zone)), (LLVM Optimized, Jit Execute)", "Rows Removed by Filter": 14426365}]}]}]}]}, {"Node Type": "Index Scan", "Parent Relationship": "Inner", "Scan Direction": "Forward", "Index Name": "idx_lineitem_orderkey", "Relation Name": "lineitem", "Alias": "lineitem", "Startup Cost": 0.0, "Total Cost": 5.38, "Plan Rows": 3, "Plan Width": 24, "Actual Startup Time": 5378.271, "Actual Total Time": 6598.309, "Actual Rows": 1145969, "Actual Loops": 573635, "Index Cond": "(l_orderkey = orders.o_orderkey)", "Rows Removed by Index Recheck": 0, "Filter": "(l_returnflag = 'R'::bpchar)", "Rows Removed by Filter": 1146896}]}]}]}]}, "Triggers": [], "Planner Runtime": 1, "Total Runtime": 21466.493, "Unique SQL Id": 1604070524}}, "(1, 90)": {"explain_plan": {"Plan": {"Node Type": "Limit", "Startup Cost": 5010176.71, "Total Cost": 5010176.76, "Plan Rows": 20, "Plan Width": 191, "Plans": [{"Node Type": "Sort", "Parent Relationship": "Outer", "Startup Cost": 5010176.71, "Total Cost": 5013791.45, "Plan Rows": 20, "Plan Width": 191, "Sort Key": ["(sum((lineitem.l_extendedprice * (1::double precision - lineitem.l_discount)))) DESC"], "Plans": [{"Node Type": "Aggregate", "Strategy": "Hashed", "Parent Relationship": "Outer", "Startup Cost": 4957242.9, "Total Cost": 4971701.88, "Plan Rows": 1445898, "Plan Width": 191, "Group By Key": ["customer.c_custkey", "customer.c_name", "customer.c_acctbal", "customer.c_phone", "nation.n_name", "customer.c_address", "customer.c_comment"], "Plans": [{"Node Type": "Merge Join", "Parent Relationship": "Outer", "Join Type": "Inner", "Startup Cost": 4829583.01, "Total Cost": 4921095.45, "Plan Rows": 1445898, "Plan Width": 191, "Inner Unique": false, "Merge Cond": "(orders.o_orderkey = lineitem.l_orderkey)", "Plans": [{"Node Type": "Sort", "Parent Relationship": "Outer", "Startup Cost": 897439.53, "Total Cost": 898878.9, "Plan Rows": 575746, "Plan Width": 183, "Sort Key": ["orders.o_orderkey"], "Plans": [{"Node Type": "Merge Join", "Parent Relationship": "Outer", "Join Type": "Inner", "Startup Cost": 833718.51, "Total Cost": 842354.83, "Plan Rows": 575746, "Plan Width": 183, "Inner Unique": false, "Merge Cond": "(nation.n_nationkey = customer.c_nationkey)", "Plans": [{"Node Type": "Sort", "Parent Relationship": "Outer", "Startup Cost": 1.83, "Total Cost": 1.89, "Plan Rows": 25, "Plan Width": 30, "Sort Key": ["nation.n_nationkey"], "Plans": [{"Node Type": "Seq Scan", "Parent Relationship": "Outer", "Relation Name": "nation", "Alias": "nation", "Startup Cost": 0.0, "Total Cost": 1.25, "Plan Rows": 25, "Plan Width": 30}]}, {"Node Type": "Sort", "Parent Relationship": "Inner", "Startup Cost": 833716.68, "Total Cost": 835156.05, "Plan Rows": 575746, "Plan Width": 161, "Sort Key": ["customer.c_nationkey"], "Plans": [{"Node Type": "Merge Join", "Parent Relationship": "Outer", "Join Type": "Inner", "Startup Cost": 762496.08, "Total Cost": 778631.97, "Plan Rows": 575746, "Plan Width": 161, "Inner Unique": false, "Merge Cond": "(customer.c_custkey = orders.o_custkey)", "Plans": [{"Node Type": "Sort", "Parent Relationship": "Outer", "Startup Cost": 205999.98, "Total Cost": 209749.98, "Plan Rows": 1500000, "Plan Width": 153, "Sort Key": ["customer.c_custkey"], "Plans": [{"Node Type": "Seq Scan", "Parent Relationship": "Outer", "Relation Name": "customer", "Alias": "customer", "Startup Cost": 0.0, "Total Cost": 52126.0, "Plan Rows": 1500000, "Plan Width": 153}]}, {"Node Type": "Sort", "Parent Relationship": "Inner", "Startup Cost": 556495.89, "Total Cost": 557935.26, "Plan Rows": 575746, "Plan Width": 16, "Sort Key": ["orders.o_custkey"], "Plans": [{"Node Type": "Seq Scan", "Parent Relationship": "Outer", "Relation Name": "orders", "Alias": "orders", "Startup Cost": 578.97, "Total Cost": 501411.18, "Plan Rows": 575746, "Plan Width": 16, "Filter": "((o_orderdate >= '1993-08-01 00:00:00'::timestamp(0) without time zone) AND (o_orderdate < '1993-11-01 00:00:00'::timestamp without time zone)), (LLVM Optimized)"}]}]}]}]}]}, {"Node Type": "Sort", "Parent Relationship": "Inner", "Startup Cost": 3932143.37, "Total Cost": 3969231.39, "Plan Rows": 14835209, "Plan Width": 24, "Sort Key": ["lineitem.l_orderkey"], "Plans": [{"Node Type": "Seq Scan", "Parent Relationship": "Outer", "Relation Name": "lineitem", "Alias": "lineitem", "Startup Cost": 0.0, "Total Cost": 2165082.91, "Plan Rows": 14835209, "Plan Width": 24, "Filter": "(l_returnflag = 'R'::bpchar), (LLVM Optimized)"}]}]}]}]}]}, "Unique SQL Id": 1604070524, "Planner Runtime": 1}, "explain_analyze_plan": {"Plan": {"Node Type": "Limit", "Startup Cost": 5010176.71, "Total Cost": 5010176.76, "Plan Rows": 20, "Plan Width": 191, "Actual Startup Time": 43257.089, "Actual Total Time": 43257.098, "Actual Rows": 20, "Actual Loops": 1, "Plans": [{"Node Type": "Sort", "Parent Relationship": "Outer", "Startup Cost": 5010176.71, "Total Cost": 5013791.45, "Plan Rows": 20, "Plan Width": 191, "Actual Startup Time": 43257.087, "Actual Total Time": 43257.093, "Actual Rows": 20, "Actual Loops": 1, "Sort Key": ["(sum((lineitem.l_extendedprice * (1::double precision - lineitem.l_discount)))) DESC"], "Sort Method": "top-N heapsort", "Sort Space Used": 35, "Sort Space Type": "Memory", "Plans": [{"Node Type": "Aggregate", "Strategy": "Hashed", "Parent Relationship": "Outer", "Startup Cost": 4957242.9, "Total Cost": 4971701.88, "Plan Rows": 1445898, "Plan Width": 191, "Actual Startup Time": 42837.758, "Actual Total Time": 43123.092, "Actual Rows": 381542, "Actual Loops": 1, "Group By Key": ["customer.c_custkey", "customer.c_name", "customer.c_acctbal", "customer.c_phone", "nation.n_name", "customer.c_address", "customer.c_comment"], "Plans": [{"Node Type": "Merge Join", "Parent Relationship": "Outer", "Join Type": "Inner", "Startup Cost": 4829583.01, "Total Cost": 4921095.45, "Plan Rows": 1445898, "Plan Width": 191, "Actual Startup Time": 36397.71, "Actual Total Time": 41138.88, "Actual Rows": 1145969, "Actual Loops": 1, "Inner Unique": false, "Merge Cond": "(orders.o_orderkey = lineitem.l_orderkey)", "Plans": [{"Node Type": "Sort", "Parent Relationship": "Outer", "Startup Cost": 897439.53, "Total Cost": 898878.9, "Plan Rows": 575746, "Plan Width": 183, "Actual Startup Time": 8289.029, "Actual Total Time": 8436.202, "Actual Rows": 573635, "Actual Loops": 1, "Sort Key": ["orders.o_orderkey"], "Sort Method": "quicksort", "Sort Space Used": 199246, "Sort Space Type": "Memory", "Plans": [{"Node Type": "Merge Join", "Parent Relationship": "Outer", "Join Type": "Inner", "Startup Cost": 833718.51, "Total Cost": 842354.83, "Plan Rows": 575746, "Plan Width": 183, "Actual Startup Time": 7673.304, "Actual Total Time": 7967.826, "Actual Rows": 573635, "Actual Loops": 1, "Inner Unique": false, "Merge Cond": "(nation.n_nationkey = customer.c_nationkey)", "Plans": [{"Node Type": "Sort", "Parent Relationship": "Outer", "Startup Cost": 1.83, "Total Cost": 1.89, "Plan Rows": 25, "Plan Width": 30, "Actual Startup Time": 0.049, "Actual Total Time": 0.056, "Actual Rows": 25, "Actual Loops": 1, "Sort Key": ["nation.n_nationkey"], "Sort Method": "quicksort", "Sort Space Used": 27, "Sort Space Type": "Memory", "Plans": [{"Node Type": "Seq Scan", "Parent Relationship": "Outer", "Relation Name": "nation", "Alias": "nation", "Startup Cost": 0.0, "Total Cost": 1.25, "Plan Rows": 25, "Plan Width": 30, "Actual Startup Time": 0.023, "Actual Total Time": 0.029, "Actual Rows": 25, "Actual Loops": 1}]}, {"Node Type": "Sort", "Parent Relationship": "Inner", "Startup Cost": 833716.68, "Total Cost": 835156.05, "Plan Rows": 575746, "Plan Width": 161, "Actual Startup Time": 7673.243, "Actual Total Time": 7766.174, "Actual Rows": 573635, "Actual Loops": 1, "Sort Key": ["customer.c_nationkey"], "Sort Method": "quicksort", "Sort Space Used": 185911, "Sort Space Type": "Memory", "Plans": [{"Node Type": "Merge Join", "Parent Relationship": "Outer", "Join Type": "Inner", "Startup Cost": 762496.08, "Total Cost": 778631.97, "Plan Rows": 575746, "Plan Width": 161, "Actual Startup Time": 6374.977, "Actual Total Time": 7416.258, "Actual Rows": 573635, "Actual Loops": 1, "Inner Unique": false, "Merge Cond": "(customer.c_custkey = orders.o_custkey)", "Plans": [{"Node Type": "Sort", "Parent Relationship": "Outer", "Startup Cost": 205999.98, "Total Cost": 209749.98, "Plan Rows": 1500000, "Plan Width": 153, "Actual Startup Time": 1218.119, "Actual Total Time": 1537.674, "Actual Rows": 1499999, "Actual Loops": 1, "Sort Key": ["customer.c_custkey"], "Sort Method": "quicksort", "Sort Space Used": 470340, "Sort Space Type": "Memory", "Plans": [{"Node Type": "Seq Scan", "Parent Relationship": "Outer", "Relation Name": "customer", "Alias": "customer", "Startup Cost": 0.0, "Total Cost": 52126.0, "Plan Rows": 1500000, "Plan Width": 153, "Actual Startup Time": 0.013, "Actual Total Time": 552.174, "Actual Rows": 1500000, "Actual Loops": 1}]}, {"Node Type": "Sort", "Parent Relationship": "Inner", "Startup Cost": 556495.89, "Total Cost": 557935.26, "Plan Rows": 575746, "Plan Width": 16, "Actual Startup Time": 5156.843, "Actual Total Time": 5338.229, "Actual Rows": 573635, "Actual Loops": 1, "Sort Key": ["orders.o_custkey"], "Sort Method": "quicksort", "Sort Space Used": 78355, "Sort Space Type": "Memory", "Plans": [{"Node Type": "Seq Scan", "Parent Relationship": "Outer", "Relation Name": "orders", "Alias": "orders", "Startup Cost": 578.97, "Total Cost": 501411.18, "Plan Rows": 575746, "Plan Width": 16, "Actual Startup Time": 0.033, "Actual Total Time": 4914.675, "Actual Rows": 573635, "Actual Loops": 1, "Filter": "((o_orderdate >= '1993-08-01 00:00:00'::timestamp(0) without time zone) AND (o_orderdate < '1993-11-01 00:00:00'::timestamp without time zone)), (LLVM Optimized, Jit Execute)", "Rows Removed by Filter": 14426365}]}]}]}]}]}, {"Node Type": "Sort", "Parent Relationship": "Inner", "Startup Cost": 3932143.37, "Total Cost": 3969231.39, "Plan Rows": 14835209, "Plan Width": 24, "Actual Startup Time": 28108.581, "Actual Total Time": 29909.139, "Actual Rows": 14808182, "Actual Loops": 1, "Sort Key": ["lineitem.l_orderkey"], "Sort Method": "quicksort", "Sort Space Used": 1781484, "Sort Space Type": "Memory", "Plans": [{"Node Type": "Seq Scan", "Parent Relationship": "Outer", "Relation Name": "lineitem", "Alias": "lineitem", "Startup Cost": 0.0, "Total Cost": 2165082.91, "Plan Rows": 14835209, "Plan Width": 24, "Actual Startup Time": 0.047, "Actual Total Time": 22524.812, "Actual Rows": 14808183, "Actual Loops": 1, "Filter": "(l_returnflag = 'R'::bpchar), (LLVM Optimized, Jit Execute)", "Rows Removed by Filter": 45177869}]}]}]}]}]}, "Triggers": [], "Planner Runtime": 1, "Total Runtime": 43267.183, "Unique SQL Id": 1604070524}}, "(1, 91)": {"explain_plan": {"Plan": {"Node Type": "Limit", "Startup Cost": 4000462083455.39, "Total Cost": 4000462083455.44, "Plan Rows": 20, "Plan Width": 191, "Plans": [{"Node Type": "Sort", "Parent Relationship": "Outer", "Startup Cost": 4000462083455.39, "Total Cost": 4000462087070.14, "Plan Rows": 20, "Plan Width": 191, "Sort Key": ["(sum((lineitem.l_extendedprice * (1::double precision - lineitem.l_discount)))) DESC"], "Plans": [{"Node Type": "Aggregate", "Strategy": "Hashed", "Parent Relationship": "Outer", "Startup Cost": 4000462030521.59, "Total Cost": 4000462044980.57, "Plan Rows": 1445898, "Plan Width": 191, "Group By Key": ["customer.c_custkey", "customer.c_name", "customer.c_acctbal", "customer.c_phone", "nation.n_name", "customer.c_address", "customer.c_comment"], "Plans": [{"Node Type": "Merge Join", "Parent Relationship": "Outer", "Join Type": "Inner", "Startup Cost": 3010139082765.1, "Total Cost": 4000461994374.14, "Plan Rows": 1445898, "Plan Width": 191, "Inner Unique": false, "Merge Cond": "(orders.o_orderkey = lineitem.l_orderkey)", "Plans": [{"Node Type": "Sort", "Parent Relationship": "Outer", "Startup Cost": 3000139082765.0, "Total Cost": 3000139084204.36, "Plan Rows": 575746, "Plan Width": 183, "Sort Key": ["orders.o_orderkey"], "Plans": [{"Node Type": "Merge Join", "Parent Relationship": "Outer", "Join Type": "Inner", "Startup Cost": 2010139017781.54, "Total Cost": 3000139027680.29, "Plan Rows": 575746, "Plan Width": 183, "Inner Unique": false, "Merge Cond": "(nation.n_nationkey = customer.c_nationkey)", "Plans": [{"Node Type": "Index Scan", "Parent Relationship": "Outer", "Scan Direction": "Forward", "Index Name": "nation_pkey", "Relation Name": "nation", "Alias": "nation", "Startup Cost": 10000000000.0, "Total Cost": 1000000001262.5, "Plan Rows": 25, "Plan Width": 30}, {"Node Type": "Sort", "Parent Relationship": "Inner", "Startup Cost": 2000139017781.54, "Total Cost": 2000139019220.9, "Plan Rows": 575746, "Plan Width": 161, "Sort Key": ["customer.c_nationkey"], "Plans": [{"Node Type": "Merge Join", "Parent Relationship": "Outer", "Join Type": "Inner", "Startup Cost": 20027060220.86, "Total Cost": 2000138962696.83, "Plan Rows": 575746, "Plan Width": 161, "Inner Unique": false, "Merge Cond": "(customer.c_custkey = orders.o_custkey)", "Plans": [{"Node Type": "Index Scan", "Parent Relationship": "Outer", "Scan Direction": "Forward", "Index Name": "customer_pkey", "Relation Name": "customer", "Alias": "customer", "Startup Cost": 10000000000.0, "Total Cost": 1000008076535.62, "Plan Rows": 1500000, "Plan Width": 153}, {"Node Type": "Index Scan", "Parent Relationship": "Inner", "Scan Direction": "Forward", "Index Name": "idx_orders_custkey", "Relation Name": "orders", "Alias": "orders", "Startup Cost": 10000000000.0, "Total Cost": 1000163551268.58, "Plan Rows": 575746, "Plan Width": 16, "Filter": "((o_orderdate >= '1993-08-01 00:00:00'::timestamp(0) without time zone) AND (o_orderdate < '1993-11-01 00:00:00'::timestamp without time zone)), (LLVM Optimized)"}]}]}]}]}, {"Node Type": "Index Scan", "Parent Relationship": "Inner", "Scan Direction": "Forward", "Index Name": "idx_lineitem_orderkey", "Relation Name": "lineitem", "Alias": "lineitem", "Startup Cost": 10000000000.0, "Total Cost": 1000339012132.75, "Plan Rows": 14835209, "Plan Width": 24, "Filter": "(l_returnflag = 'R'::bpchar), (LLVM Optimized)"}]}]}]}]}, "Unique SQL Id": 1604070524, "Planner Runtime": 1}, "explain_analyze_plan": null}, "(1, 92)": {"explain_plan": {"Plan": {"Node Type": "Limit", "Startup Cost": 3919068.9, "Total Cost": 3919068.95, "Plan Rows": 20, "Plan Width": 191, "Plans": [{"Node Type": "Sort", "Parent Relationship": "Outer", "Startup Cost": 3919068.9, "Total Cost": 3922683.64, "Plan Rows": 20, "Plan Width": 191, "Sort Key": ["(sum((lineitem.l_extendedprice * (1::double precision - lineitem.l_discount)))) DESC"], "Plans": [{"Node Type": "Aggregate", "Strategy": "Hashed", "Parent Relationship": "Outer", "Startup Cost": 3866135.09, "Total Cost": 3880594.07, "Plan Rows": 1445898, "Plan Width": 191, "Group By Key": ["customer.c_custkey", "customer.c_name", "customer.c_acctbal", "customer.c_phone", "nation.n_name", "customer.c_address", "customer.c_comment"], "Plans": [{"Node Type": "Nested Loop", "Parent Relationship": "Outer", "Join Type": "Inner", "Startup Cost": 704733.88, "Total Cost": 3829987.64, "Plan Rows": 1445898, "Plan Width": 191, "Inner Unique": false, "Plans": [{"Node Type": "Merge Join", "Parent Relationship": "Outer", "Join Type": "Inner", "Startup Cost": 704733.88, "Total Cost": 713370.2, "Plan Rows": 575746, "Plan Width": 183, "Inner Unique": false, "Merge Cond": "(nation.n_nationkey = customer.c_nationkey)", "Plans": [{"Node Type": "Sort", "Parent Relationship": "Outer", "Startup Cost": 1.83, "Total Cost": 1.89, "Plan Rows": 25, "Plan Width": 30, "Sort Key": ["nation.n_nationkey"], "Plans": [{"Node Type": "Seq Scan", "Parent Relationship": "Outer", "Relation Name": "nation", "Alias": "nation", "Startup Cost": 0.0, "Total Cost": 1.25, "Plan Rows": 25, "Plan Width": 30}]}, {"Node Type": "Sort", "Parent Relationship": "Inner", "Startup Cost": 704732.05, "Total Cost": 706171.42, "Plan Rows": 575746, "Plan Width": 161, "Sort Key": ["customer.c_nationkey"], "Plans": [{"Node Type": "Merge Join", "Parent Relationship": "Outer", "Join Type": "Inner", "Startup Cost": 556498.2, "Total Cost": 649647.34, "Plan Rows": 575746, "Plan Width": 161, "Inner Unique": false, "Merge Cond": "(customer.c_custkey = orders.o_custkey)", "Plans": [{"Node Type": "Index Scan", "Parent Relationship": "Outer", "Scan Direction": "Forward", "Index Name": "customer_pkey", "Relation Name": "customer", "Alias": "customer", "Startup Cost": 0.0, "Total Cost": 80765.36, "Plan Rows": 1500000, "Plan Width": 153}, {"Node Type": "Sort", "Parent Relationship": "Inner", "Startup Cost": 556495.89, "Total Cost": 557935.26, "Plan Rows": 575746, "Plan Width": 16, "Sort Key": ["orders.o_custkey"], "Plans": [{"Node Type": "Seq Scan", "Parent Relationship": "Outer", "Relation Name": "orders", "Alias": "orders", "Startup Cost": 578.97, "Total Cost": 501411.18, "Plan Rows": 575746, "Plan Width": 16, "Filter": "((o_orderdate >= '1993-08-01 00:00:00'::timestamp(0) without time zone) AND (o_orderdate < '1993-11-01 00:00:00'::timestamp without time zone)), (LLVM Optimized)"}]}]}]}]}, {"Node Type": "Index Scan", "Parent Relationship": "Inner", "Scan Direction": "Forward", "Index Name": "idx_lineitem_orderkey", "Relation Name": "lineitem", "Alias": "lineitem", "Startup Cost": 0.0, "Total Cost": 5.38, "Plan Rows": 3, "Plan Width": 24, "Index Cond": "(l_orderkey = orders.o_orderkey)", "Filter": "(l_returnflag = 'R'::bpchar)"}]}]}]}]}, "Unique SQL Id": 1604070524, "Planner Runtime": 1}, "explain_analyze_plan": {"Plan": {"Node Type": "Limit", "Startup Cost": 3919068.9, "Total Cost": 3919068.95, "Plan Rows": 20, "Plan Width": 191, "Actual Startup Time": 16602.655, "Actual Total Time": 16602.662, "Actual Rows": 20, "Actual Loops": 1, "Plans": [{"Node Type": "Sort", "Parent Relationship": "Outer", "Startup Cost": 3919068.9, "Total Cost": 3922683.64, "Plan Rows": 20, "Plan Width": 191, "Actual Startup Time": 16602.652, "Actual Total Time": 16602.657, "Actual Rows": 20, "Actual Loops": 1, "Sort Key": ["(sum((lineitem.l_extendedprice * (1::double precision - lineitem.l_discount)))) DESC"], "Sort Method": "top-N heapsort", "Sort Space Used": 35, "Sort Space Type": "Memory", "Plans": [{"Node Type": "Aggregate", "Strategy": "Hashed", "Parent Relationship": "Outer", "Startup Cost": 3866135.09, "Total Cost": 3880594.07, "Plan Rows": 1445898, "Plan Width": 191, "Actual Startup Time": 16109.408, "Actual Total Time": 16464.109, "Actual Rows": 381542, "Actual Loops": 1, "Group By Key": ["customer.c_custkey", "customer.c_name", "customer.c_acctbal", "customer.c_phone", "nation.n_name", "customer.c_address", "customer.c_comment"], "Plans": [{"Node Type": "Nested Loop", "Parent Relationship": "Outer", "Join Type": "Inner", "Startup Cost": 704733.88, "Total Cost": 3829987.64, "Plan Rows": 1445898, "Plan Width": 191, "Actual Startup Time": 7028.494, "Actual Total Time": 14369.32, "Actual Rows": 1145969, "Actual Loops": 1, "Inner Unique": false, "Plans": [{"Node Type": "Merge Join", "Parent Relationship": "Outer", "Join Type": "Inner", "Startup Cost": 704733.88, "Total Cost": 713370.2, "Plan Rows": 575746, "Plan Width": 183, "Actual Startup Time": 7028.404, "Actual Total Time": 7401.755, "Actual Rows": 573635, "Actual Loops": 1, "Inner Unique": false, "Merge Cond": "(nation.n_nationkey = customer.c_nationkey)", "Plans": [{"Node Type": "Sort", "Parent Relationship": "Outer", "Startup Cost": 1.83, "Total Cost": 1.89, "Plan Rows": 25, "Plan Width": 30, "Actual Startup Time": 0.057, "Actual Total Time": 0.077, "Actual Rows": 25, "Actual Loops": 1, "Sort Key": ["nation.n_nationkey"], "Sort Method": "quicksort", "Sort Space Used": 27, "Sort Space Type": "Memory", "Plans": [{"Node Type": "Seq Scan", "Parent Relationship": "Outer", "Relation Name": "nation", "Alias": "nation", "Startup Cost": 0.0, "Total Cost": 1.25, "Plan Rows": 25, "Plan Width": 30, "Actual Startup Time": 0.023, "Actual Total Time": 0.028, "Actual Rows": 25, "Actual Loops": 1}]}, {"Node Type": "Sort", "Parent Relationship": "Inner", "Startup Cost": 704732.05, "Total Cost": 706171.42, "Plan Rows": 575746, "Plan Width": 161, "Actual Startup Time": 7028.333, "Actual Total Time": 7159.492, "Actual Rows": 573635, "Actual Loops": 1, "Sort Key": ["customer.c_nationkey"], "Sort Method": "quicksort", "Sort Space Used": 185911, "Sort Space Type": "Memory", "Plans": [{"Node Type": "Merge Join", "Parent Relationship": "Outer", "Join Type": "Inner", "Startup Cost": 556498.2, "Total Cost": 649647.34, "Plan Rows": 575746, "Plan Width": 161, "Actual Startup Time": 5365.711, "Actual Total Time": 6762.347, "Actual Rows": 573635, "Actual Loops": 1, "Inner Unique": false, "Merge Cond": "(customer.c_custkey = orders.o_custkey)", "Plans": [{"Node Type": "Index Scan", "Parent Relationship": "Outer", "Scan Direction": "Forward", "Index Name": "customer_pkey", "Relation Name": "customer", "Alias": "customer", "Startup Cost": 0.0, "Total Cost": 80765.36, "Plan Rows": 1500000, "Plan Width": 153, "Actual Startup Time": 0.03, "Actual Total Time": 818.113, "Actual Rows": 1499999, "Actual Loops": 1}, {"Node Type": "Sort", "Parent Relationship": "Inner", "Startup Cost": 556495.89, "Total Cost": 557935.26, "Plan Rows": 575746, "Plan Width": 16, "Actual Startup Time": 5365.663, "Actual Total Time": 5473.732, "Actual Rows": 573635, "Actual Loops": 1, "Sort Key": ["orders.o_custkey"], "Sort Method": "quicksort", "Sort Space Used": 78355, "Sort Space Type": "Memory", "Plans": [{"Node Type": "Seq Scan", "Parent Relationship": "Outer", "Relation Name": "orders", "Alias": "orders", "Startup Cost": 578.97, "Total Cost": 501411.18, "Plan Rows": 575746, "Plan Width": 16, "Actual Startup Time": 0.041, "Actual Total Time": 5128.999, "Actual Rows": 573635, "Actual Loops": 1, "Filter": "((o_orderdate >= '1993-08-01 00:00:00'::timestamp(0) without time zone) AND (o_orderdate < '1993-11-01 00:00:00'::timestamp without time zone)), (LLVM Optimized, Jit Execute)", "Rows Removed by Filter": 14426365}]}]}]}]}, {"Node Type": "Index Scan", "Parent Relationship": "Inner", "Scan Direction": "Forward", "Index Name": "idx_lineitem_orderkey", "Relation Name": "lineitem", "Alias": "lineitem", "Startup Cost": 0.0, "Total Cost": 5.38, "Plan Rows": 3, "Plan Width": 24, "Actual Startup Time": 5179.934, "Actual Total Time": 6366.195, "Actual Rows": 1145969, "Actual Loops": 573635, "Index Cond": "(l_orderkey = orders.o_orderkey)", "Rows Removed by Index Recheck": 0, "Filter": "(l_returnflag = 'R'::bpchar)", "Rows Removed by Filter": 1146896}]}]}]}]}, "Triggers": [], "Planner Runtime": 1, "Total Runtime": 16612.421, "Unique SQL Id": 1604070524}}, "(1, 93)": {"explain_plan": {"Plan": {"Node Type": "Limit", "Startup Cost": 4223644.28, "Total Cost": 4223644.33, "Plan Rows": 20, "Plan Width": 191, "Plans": [{"Node Type": "Sort", "Parent Relationship": "Outer", "Startup Cost": 4223644.28, "Total Cost": 4227259.02, "Plan Rows": 20, "Plan Width": 191, "Sort Key": ["(sum((lineitem.l_extendedprice * (1::double precision - lineitem.l_discount)))) DESC"], "Plans": [{"Node Type": "Aggregate", "Strategy": "Hashed", "Parent Relationship": "Outer", "Startup Cost": 4170710.47, "Total Cost": 4185169.45, "Plan Rows": 1445898, "Plan Width": 191, "Group By Key": ["customer.c_custkey", "customer.c_name", "customer.c_acctbal", "customer.c_phone", "nation.n_name", "customer.c_address", "customer.c_comment"], "Plans": [{"Node Type": "Nested Loop", "Parent Relationship": "Outer", "Join Type": "Inner", "Startup Cost": 1009296.7, "Total Cost": 4134563.02, "Plan Rows": 1445898, "Plan Width": 191, "Inner Unique": false, "Plans": [{"Node Type": "Merge Join", "Parent Relationship": "Outer", "Join Type": "Inner", "Startup Cost": 1009296.7, "Total Cost": 1017945.58, "Plan Rows": 575746, "Plan Width": 183, "Inner Unique": false, "Merge Cond": "(nation.n_nationkey = customer.c_nationkey)", "Plans": [{"Node Type": "Index Scan", "Parent Relationship": "Outer", "Scan Direction": "Forward", "Index Name": "nation_pkey", "Relation Name": "nation", "Alias": "nation", "Startup Cost": 0.0, "Total Cost": 12.62, "Plan Rows": 25, "Plan Width": 30}, {"Node Type": "Sort", "Parent Relationship": "Inner", "Startup Cost": 1009296.7, "Total Cost": 1010736.06, "Plan Rows": 575746, "Plan Width": 161, "Sort Key": ["customer.c_nationkey"], "Plans": [{"Node Type": "Merge Join", "Parent Relationship": "Outer", "Join Type": "Inner", "Startup Cost": 861062.85, "Total Cost": 954211.99, "Plan Rows": 575746, "Plan Width": 161, "Inner Unique": false, "Merge Cond": "(customer.c_custkey = orders.o_custkey)", "Plans": [{"Node Type": "Index Scan", "Parent Relationship": "Outer", "Scan Direction": "Forward", "Index Name": "customer_pkey", "Relation Name": "customer", "Alias": "customer", "Startup Cost": 0.0, "Total Cost": 80765.36, "Plan Rows": 1500000, "Plan Width": 153}, {"Node Type": "Sort", "Parent Relationship": "Inner", "Startup Cost": 861060.54, "Total Cost": 862499.9, "Plan Rows": 575746, "Plan Width": 16, "Sort Key": ["orders.o_custkey"], "Plans": [{"Node Type": "Index Scan", "Parent Relationship": "Outer", "Scan Direction": "Forward", "Index Name": "orders_pkey", "Relation Name": "orders", "Alias": "orders", "Startup Cost": 0.0, "Total Cost": 805975.83, "Plan Rows": 575746, "Plan Width": 16, "Filter": "((o_orderdate >= '1993-08-01 00:00:00'::timestamp(0) without time zone) AND (o_orderdate < '1993-11-01 00:00:00'::timestamp without time zone)), (LLVM Optimized)"}]}]}]}]}, {"Node Type": "Index Scan", "Parent Relationship": "Inner", "Scan Direction": "Forward", "Index Name": "idx_lineitem_orderkey", "Relation Name": "lineitem", "Alias": "lineitem", "Startup Cost": 0.0, "Total Cost": 5.38, "Plan Rows": 3, "Plan Width": 24, "Index Cond": "(l_orderkey = orders.o_orderkey)", "Filter": "(l_returnflag = 'R'::bpchar)"}]}]}]}]}, "Unique SQL Id": 1604070524, "Planner Runtime": 1}, "explain_analyze_plan": {"Plan": {"Node Type": "Limit", "Startup Cost": 4223644.28, "Total Cost": 4223644.33, "Plan Rows": 20, "Plan Width": 191, "Actual Startup Time": 21456.538, "Actual Total Time": 21456.545, "Actual Rows": 20, "Actual Loops": 1, "Plans": [{"Node Type": "Sort", "Parent Relationship": "Outer", "Startup Cost": 4223644.28, "Total Cost": 4227259.02, "Plan Rows": 20, "Plan Width": 191, "Actual Startup Time": 21456.535, "Actual Total Time": 21456.54, "Actual Rows": 20, "Actual Loops": 1, "Sort Key": ["(sum((lineitem.l_extendedprice * (1::double precision - lineitem.l_discount)))) DESC"], "Sort Method": "top-N heapsort", "Sort Space Used": 35, "Sort Space Type": "Memory", "Plans": [{"Node Type": "Aggregate", "Strategy": "Hashed", "Parent Relationship": "Outer", "Startup Cost": 4170710.47, "Total Cost": 4185169.45, "Plan Rows": 1445898, "Plan Width": 191, "Actual Startup Time": 21081.686, "Actual Total Time": 21320.82, "Actual Rows": 381542, "Actual Loops": 1, "Group By Key": ["customer.c_custkey", "customer.c_name", "customer.c_acctbal", "customer.c_phone", "nation.n_name", "customer.c_address", "customer.c_comment"], "Plans": [{"Node Type": "Nested Loop", "Parent Relationship": "Outer", "Join Type": "Inner", "Startup Cost": 1009296.7, "Total Cost": 4134563.02, "Plan Rows": 1445898, "Plan Width": 191, "Actual Startup Time": 11702.536, "Actual Total Time": 19317.436, "Actual Rows": 1145969, "Actual Loops": 1, "Inner Unique": false, "Plans": [{"Node Type": "Merge Join", "Parent Relationship": "Outer", "Join Type": "Inner", "Startup Cost": 1009296.7, "Total Cost": 1017945.58, "Plan Rows": 575746, "Plan Width": 183, "Actual Startup Time": 11702.441, "Actual Total Time": 12112.133, "Actual Rows": 573635, "Actual Loops": 1, "Inner Unique": false, "Merge Cond": "(nation.n_nationkey = customer.c_nationkey)", "Plans": [{"Node Type": "Index Scan", "Parent Relationship": "Outer", "Scan Direction": "Forward", "Index Name": "nation_pkey", "Relation Name": "nation", "Alias": "nation", "Startup Cost": 0.0, "Total Cost": 12.62, "Plan Rows": 25, "Plan Width": 30, "Actual Startup Time": 0.012, "Actual Total Time": 0.074, "Actual Rows": 25, "Actual Loops": 1}, {"Node Type": "Sort", "Parent Relationship": "Inner", "Startup Cost": 1009296.7, "Total Cost": 1010736.06, "Plan Rows": 575746, "Plan Width": 161, "Actual Startup Time": 11702.415, "Actual Total Time": 11848.798, "Actual Rows": 573635, "Actual Loops": 1, "Sort Key": ["customer.c_nationkey"], "Sort Method": "quicksort", "Sort Space Used": 185911, "Sort Space Type": "Memory", "Plans": [{"Node Type": "Merge Join", "Parent Relationship": "Outer", "Join Type": "Inner", "Startup Cost": 861062.85, "Total Cost": 954211.99, "Plan Rows": 575746, "Plan Width": 161, "Actual Startup Time": 10002.927, "Actual Total Time": 11438.534, "Actual Rows": 573635, "Actual Loops": 1, "Inner Unique": false, "Merge Cond": "(customer.c_custkey = orders.o_custkey)", "Plans": [{"Node Type": "Index Scan", "Parent Relationship": "Outer", "Scan Direction": "Forward", "Index Name": "customer_pkey", "Relation Name": "customer", "Alias": "customer", "Startup Cost": 0.0, "Total Cost": 80765.36, "Plan Rows": 1500000, "Plan Width": 153, "Actual Startup Time": 0.022, "Actual Total Time": 849.322, "Actual Rows": 1499999, "Actual Loops": 1}, {"Node Type": "Sort", "Parent Relationship": "Inner", "Startup Cost": 861060.54, "Total Cost": 862499.9, "Plan Rows": 575746, "Plan Width": 16, "Actual Startup Time": 10002.884, "Actual Total Time": 10119.65, "Actual Rows": 573635, "Actual Loops": 1, "Sort Key": ["orders.o_custkey"], "Sort Method": "quicksort", "Sort Space Used": 78355, "Sort Space Type": "Memory", "Plans": [{"Node Type": "Index Scan", "Parent Relationship": "Outer", "Scan Direction": "Forward", "Index Name": "orders_pkey", "Relation Name": "orders", "Alias": "orders", "Startup Cost": 0.0, "Total Cost": 805975.83, "Plan Rows": 575746, "Plan Width": 16, "Actual Startup Time": 0.028, "Actual Total Time": 9746.014, "Actual Rows": 573635, "Actual Loops": 1, "Filter": "((o_orderdate >= '1993-08-01 00:00:00'::timestamp(0) without time zone) AND (o_orderdate < '1993-11-01 00:00:00'::timestamp without time zone)), (LLVM Optimized, Jit Execute)", "Rows Removed by Filter": 14426365}]}]}]}]}, {"Node Type": "Index Scan", "Parent Relationship": "Inner", "Scan Direction": "Forward", "Index Name": "idx_lineitem_orderkey", "Relation Name": "lineitem", "Alias": "lineitem", "Startup Cost": 0.0, "Total Cost": 5.38, "Plan Rows": 3, "Plan Width": 24, "Actual Startup Time": 5378.271, "Actual Total Time": 6598.309, "Actual Rows": 1145969, "Actual Loops": 573635, "Index Cond": "(l_orderkey = orders.o_orderkey)", "Rows Removed by Index Recheck": 0, "Filter": "(l_returnflag = 'R'::bpchar)", "Rows Removed by Filter": 1146896}]}]}]}]}, "Triggers": [], "Planner Runtime": 1, "Total Runtime": 21466.493, "Unique SQL Id": 1604070524}}, "(1, 94)": {"explain_plan": {"Plan": {"Node Type": "Limit", "Startup Cost": 5010176.71, "Total Cost": 5010176.76, "Plan Rows": 20, "Plan Width": 191, "Plans": [{"Node Type": "Sort", "Parent Relationship": "Outer", "Startup Cost": 5010176.71, "Total Cost": 5013791.45, "Plan Rows": 20, "Plan Width": 191, "Sort Key": ["(sum((lineitem.l_extendedprice * (1::double precision - lineitem.l_discount)))) DESC"], "Plans": [{"Node Type": "Aggregate", "Strategy": "Hashed", "Parent Relationship": "Outer", "Startup Cost": 4957242.9, "Total Cost": 4971701.88, "Plan Rows": 1445898, "Plan Width": 191, "Group By Key": ["customer.c_custkey", "customer.c_name", "customer.c_acctbal", "customer.c_phone", "nation.n_name", "customer.c_address", "customer.c_comment"], "Plans": [{"Node Type": "Merge Join", "Parent Relationship": "Outer", "Join Type": "Inner", "Startup Cost": 4829583.01, "Total Cost": 4921095.45, "Plan Rows": 1445898, "Plan Width": 191, "Inner Unique": false, "Merge Cond": "(orders.o_orderkey = lineitem.l_orderkey)", "Plans": [{"Node Type": "Sort", "Parent Relationship": "Outer", "Startup Cost": 897439.53, "Total Cost": 898878.9, "Plan Rows": 575746, "Plan Width": 183, "Sort Key": ["orders.o_orderkey"], "Plans": [{"Node Type": "Merge Join", "Parent Relationship": "Outer", "Join Type": "Inner", "Startup Cost": 833718.51, "Total Cost": 842354.83, "Plan Rows": 575746, "Plan Width": 183, "Inner Unique": false, "Merge Cond": "(nation.n_nationkey = customer.c_nationkey)", "Plans": [{"Node Type": "Sort", "Parent Relationship": "Outer", "Startup Cost": 1.83, "Total Cost": 1.89, "Plan Rows": 25, "Plan Width": 30, "Sort Key": ["nation.n_nationkey"], "Plans": [{"Node Type": "Seq Scan", "Parent Relationship": "Outer", "Relation Name": "nation", "Alias": "nation", "Startup Cost": 0.0, "Total Cost": 1.25, "Plan Rows": 25, "Plan Width": 30}]}, {"Node Type": "Sort", "Parent Relationship": "Inner", "Startup Cost": 833716.68, "Total Cost": 835156.05, "Plan Rows": 575746, "Plan Width": 161, "Sort Key": ["customer.c_nationkey"], "Plans": [{"Node Type": "Merge Join", "Parent Relationship": "Outer", "Join Type": "Inner", "Startup Cost": 762496.08, "Total Cost": 778631.97, "Plan Rows": 575746, "Plan Width": 161, "Inner Unique": false, "Merge Cond": "(customer.c_custkey = orders.o_custkey)", "Plans": [{"Node Type": "Sort", "Parent Relationship": "Outer", "Startup Cost": 205999.98, "Total Cost": 209749.98, "Plan Rows": 1500000, "Plan Width": 153, "Sort Key": ["customer.c_custkey"], "Plans": [{"Node Type": "Seq Scan", "Parent Relationship": "Outer", "Relation Name": "customer", "Alias": "customer", "Startup Cost": 0.0, "Total Cost": 52126.0, "Plan Rows": 1500000, "Plan Width": 153}]}, {"Node Type": "Sort", "Parent Relationship": "Inner", "Startup Cost": 556495.89, "Total Cost": 557935.26, "Plan Rows": 575746, "Plan Width": 16, "Sort Key": ["orders.o_custkey"], "Plans": [{"Node Type": "Seq Scan", "Parent Relationship": "Outer", "Relation Name": "orders", "Alias": "orders", "Startup Cost": 578.97, "Total Cost": 501411.18, "Plan Rows": 575746, "Plan Width": 16, "Filter": "((o_orderdate >= '1993-08-01 00:00:00'::timestamp(0) without time zone) AND (o_orderdate < '1993-11-01 00:00:00'::timestamp without time zone)), (LLVM Optimized)"}]}]}]}]}]}, {"Node Type": "Sort", "Parent Relationship": "Inner", "Startup Cost": 3932143.37, "Total Cost": 3969231.39, "Plan Rows": 14835209, "Plan Width": 24, "Sort Key": ["lineitem.l_orderkey"], "Plans": [{"Node Type": "Seq Scan", "Parent Relationship": "Outer", "Relation Name": "lineitem", "Alias": "lineitem", "Startup Cost": 0.0, "Total Cost": 2165082.91, "Plan Rows": 14835209, "Plan Width": 24, "Filter": "(l_returnflag = 'R'::bpchar), (LLVM Optimized)"}]}]}]}]}]}, "Unique SQL Id": 1604070524, "Planner Runtime": 1}, "explain_analyze_plan": {"Plan": {"Node Type": "Limit", "Startup Cost": 5010176.71, "Total Cost": 5010176.76, "Plan Rows": 20, "Plan Width": 191, "Actual Startup Time": 43257.089, "Actual Total Time": 43257.098, "Actual Rows": 20, "Actual Loops": 1, "Plans": [{"Node Type": "Sort", "Parent Relationship": "Outer", "Startup Cost": 5010176.71, "Total Cost": 5013791.45, "Plan Rows": 20, "Plan Width": 191, "Actual Startup Time": 43257.087, "Actual Total Time": 43257.093, "Actual Rows": 20, "Actual Loops": 1, "Sort Key": ["(sum((lineitem.l_extendedprice * (1::double precision - lineitem.l_discount)))) DESC"], "Sort Method": "top-N heapsort", "Sort Space Used": 35, "Sort Space Type": "Memory", "Plans": [{"Node Type": "Aggregate", "Strategy": "Hashed", "Parent Relationship": "Outer", "Startup Cost": 4957242.9, "Total Cost": 4971701.88, "Plan Rows": 1445898, "Plan Width": 191, "Actual Startup Time": 42837.758, "Actual Total Time": 43123.092, "Actual Rows": 381542, "Actual Loops": 1, "Group By Key": ["customer.c_custkey", "customer.c_name", "customer.c_acctbal", "customer.c_phone", "nation.n_name", "customer.c_address", "customer.c_comment"], "Plans": [{"Node Type": "Merge Join", "Parent Relationship": "Outer", "Join Type": "Inner", "Startup Cost": 4829583.01, "Total Cost": 4921095.45, "Plan Rows": 1445898, "Plan Width": 191, "Actual Startup Time": 36397.71, "Actual Total Time": 41138.88, "Actual Rows": 1145969, "Actual Loops": 1, "Inner Unique": false, "Merge Cond": "(orders.o_orderkey = lineitem.l_orderkey)", "Plans": [{"Node Type": "Sort", "Parent Relationship": "Outer", "Startup Cost": 897439.53, "Total Cost": 898878.9, "Plan Rows": 575746, "Plan Width": 183, "Actual Startup Time": 8289.029, "Actual Total Time": 8436.202, "Actual Rows": 573635, "Actual Loops": 1, "Sort Key": ["orders.o_orderkey"], "Sort Method": "quicksort", "Sort Space Used": 199246, "Sort Space Type": "Memory", "Plans": [{"Node Type": "Merge Join", "Parent Relationship": "Outer", "Join Type": "Inner", "Startup Cost": 833718.51, "Total Cost": 842354.83, "Plan Rows": 575746, "Plan Width": 183, "Actual Startup Time": 7673.304, "Actual Total Time": 7967.826, "Actual Rows": 573635, "Actual Loops": 1, "Inner Unique": false, "Merge Cond": "(nation.n_nationkey = customer.c_nationkey)", "Plans": [{"Node Type": "Sort", "Parent Relationship": "Outer", "Startup Cost": 1.83, "Total Cost": 1.89, "Plan Rows": 25, "Plan Width": 30, "Actual Startup Time": 0.049, "Actual Total Time": 0.056, "Actual Rows": 25, "Actual Loops": 1, "Sort Key": ["nation.n_nationkey"], "Sort Method": "quicksort", "Sort Space Used": 27, "Sort Space Type": "Memory", "Plans": [{"Node Type": "Seq Scan", "Parent Relationship": "Outer", "Relation Name": "nation", "Alias": "nation", "Startup Cost": 0.0, "Total Cost": 1.25, "Plan Rows": 25, "Plan Width": 30, "Actual Startup Time": 0.023, "Actual Total Time": 0.029, "Actual Rows": 25, "Actual Loops": 1}]}, {"Node Type": "Sort", "Parent Relationship": "Inner", "Startup Cost": 833716.68, "Total Cost": 835156.05, "Plan Rows": 575746, "Plan Width": 161, "Actual Startup Time": 7673.243, "Actual Total Time": 7766.174, "Actual Rows": 573635, "Actual Loops": 1, "Sort Key": ["customer.c_nationkey"], "Sort Method": "quicksort", "Sort Space Used": 185911, "Sort Space Type": "Memory", "Plans": [{"Node Type": "Merge Join", "Parent Relationship": "Outer", "Join Type": "Inner", "Startup Cost": 762496.08, "Total Cost": 778631.97, "Plan Rows": 575746, "Plan Width": 161, "Actual Startup Time": 6374.977, "Actual Total Time": 7416.258, "Actual Rows": 573635, "Actual Loops": 1, "Inner Unique": false, "Merge Cond": "(customer.c_custkey = orders.o_custkey)", "Plans": [{"Node Type": "Sort", "Parent Relationship": "Outer", "Startup Cost": 205999.98, "Total Cost": 209749.98, "Plan Rows": 1500000, "Plan Width": 153, "Actual Startup Time": 1218.119, "Actual Total Time": 1537.674, "Actual Rows": 1499999, "Actual Loops": 1, "Sort Key": ["customer.c_custkey"], "Sort Method": "quicksort", "Sort Space Used": 470340, "Sort Space Type": "Memory", "Plans": [{"Node Type": "Seq Scan", "Parent Relationship": "Outer", "Relation Name": "customer", "Alias": "customer", "Startup Cost": 0.0, "Total Cost": 52126.0, "Plan Rows": 1500000, "Plan Width": 153, "Actual Startup Time": 0.013, "Actual Total Time": 552.174, "Actual Rows": 1500000, "Actual Loops": 1}]}, {"Node Type": "Sort", "Parent Relationship": "Inner", "Startup Cost": 556495.89, "Total Cost": 557935.26, "Plan Rows": 575746, "Plan Width": 16, "Actual Startup Time": 5156.843, "Actual Total Time": 5338.229, "Actual Rows": 573635, "Actual Loops": 1, "Sort Key": ["orders.o_custkey"], "Sort Method": "quicksort", "Sort Space Used": 78355, "Sort Space Type": "Memory", "Plans": [{"Node Type": "Seq Scan", "Parent Relationship": "Outer", "Relation Name": "orders", "Alias": "orders", "Startup Cost": 578.97, "Total Cost": 501411.18, "Plan Rows": 575746, "Plan Width": 16, "Actual Startup Time": 0.033, "Actual Total Time": 4914.675, "Actual Rows": 573635, "Actual Loops": 1, "Filter": "((o_orderdate >= '1993-08-01 00:00:00'::timestamp(0) without time zone) AND (o_orderdate < '1993-11-01 00:00:00'::timestamp without time zone)), (LLVM Optimized, Jit Execute)", "Rows Removed by Filter": 14426365}]}]}]}]}]}, {"Node Type": "Sort", "Parent Relationship": "Inner", "Startup Cost": 3932143.37, "Total Cost": 3969231.39, "Plan Rows": 14835209, "Plan Width": 24, "Actual Startup Time": 28108.581, "Actual Total Time": 29909.139, "Actual Rows": 14808182, "Actual Loops": 1, "Sort Key": ["lineitem.l_orderkey"], "Sort Method": "quicksort", "Sort Space Used": 1781484, "Sort Space Type": "Memory", "Plans": [{"Node Type": "Seq Scan", "Parent Relationship": "Outer", "Relation Name": "lineitem", "Alias": "lineitem", "Startup Cost": 0.0, "Total Cost": 2165082.91, "Plan Rows": 14835209, "Plan Width": 24, "Actual Startup Time": 0.047, "Actual Total Time": 22524.812, "Actual Rows": 14808183, "Actual Loops": 1, "Filter": "(l_returnflag = 'R'::bpchar), (LLVM Optimized, Jit Execute)", "Rows Removed by Filter": 45177869}]}]}]}]}]}, "Triggers": [], "Planner Runtime": 1, "Total Runtime": 43267.183, "Unique SQL Id": 1604070524}}, "(1, 95)": {"explain_plan": {"Plan": {"Node Type": "Limit", "Startup Cost": 4000462083455.39, "Total Cost": 4000462083455.44, "Plan Rows": 20, "Plan Width": 191, "Plans": [{"Node Type": "Sort", "Parent Relationship": "Outer", "Startup Cost": 4000462083455.39, "Total Cost": 4000462087070.14, "Plan Rows": 20, "Plan Width": 191, "Sort Key": ["(sum((lineitem.l_extendedprice * (1::double precision - lineitem.l_discount)))) DESC"], "Plans": [{"Node Type": "Aggregate", "Strategy": "Hashed", "Parent Relationship": "Outer", "Startup Cost": 4000462030521.59, "Total Cost": 4000462044980.57, "Plan Rows": 1445898, "Plan Width": 191, "Group By Key": ["customer.c_custkey", "customer.c_name", "customer.c_acctbal", "customer.c_phone", "nation.n_name", "customer.c_address", "customer.c_comment"], "Plans": [{"Node Type": "Merge Join", "Parent Relationship": "Outer", "Join Type": "Inner", "Startup Cost": 3010139082765.1, "Total Cost": 4000461994374.14, "Plan Rows": 1445898, "Plan Width": 191, "Inner Unique": false, "Merge Cond": "(orders.o_orderkey = lineitem.l_orderkey)", "Plans": [{"Node Type": "Sort", "Parent Relationship": "Outer", "Startup Cost": 3000139082765.0, "Total Cost": 3000139084204.36, "Plan Rows": 575746, "Plan Width": 183, "Sort Key": ["orders.o_orderkey"], "Plans": [{"Node Type": "Merge Join", "Parent Relationship": "Outer", "Join Type": "Inner", "Startup Cost": 2010139017781.54, "Total Cost": 3000139027680.29, "Plan Rows": 575746, "Plan Width": 183, "Inner Unique": false, "Merge Cond": "(nation.n_nationkey = customer.c_nationkey)", "Plans": [{"Node Type": "Index Scan", "Parent Relationship": "Outer", "Scan Direction": "Forward", "Index Name": "nation_pkey", "Relation Name": "nation", "Alias": "nation", "Startup Cost": 10000000000.0, "Total Cost": 1000000001262.5, "Plan Rows": 25, "Plan Width": 30}, {"Node Type": "Sort", "Parent Relationship": "Inner", "Startup Cost": 2000139017781.54, "Total Cost": 2000139019220.9, "Plan Rows": 575746, "Plan Width": 161, "Sort Key": ["customer.c_nationkey"], "Plans": [{"Node Type": "Merge Join", "Parent Relationship": "Outer", "Join Type": "Inner", "Startup Cost": 20027060220.86, "Total Cost": 2000138962696.83, "Plan Rows": 575746, "Plan Width": 161, "Inner Unique": false, "Merge Cond": "(customer.c_custkey = orders.o_custkey)", "Plans": [{"Node Type": "Index Scan", "Parent Relationship": "Outer", "Scan Direction": "Forward", "Index Name": "customer_pkey", "Relation Name": "customer", "Alias": "customer", "Startup Cost": 10000000000.0, "Total Cost": 1000008076535.62, "Plan Rows": 1500000, "Plan Width": 153}, {"Node Type": "Index Scan", "Parent Relationship": "Inner", "Scan Direction": "Forward", "Index Name": "idx_orders_custkey", "Relation Name": "orders", "Alias": "orders", "Startup Cost": 10000000000.0, "Total Cost": 1000163551268.58, "Plan Rows": 575746, "Plan Width": 16, "Filter": "((o_orderdate >= '1993-08-01 00:00:00'::timestamp(0) without time zone) AND (o_orderdate < '1993-11-01 00:00:00'::timestamp without time zone)), (LLVM Optimized)"}]}]}]}]}, {"Node Type": "Index Scan", "Parent Relationship": "Inner", "Scan Direction": "Forward", "Index Name": "idx_lineitem_orderkey", "Relation Name": "lineitem", "Alias": "lineitem", "Startup Cost": 10000000000.0, "Total Cost": 1000339012132.75, "Plan Rows": 14835209, "Plan Width": 24, "Filter": "(l_returnflag = 'R'::bpchar), (LLVM Optimized)"}]}]}]}]}, "Unique SQL Id": 1604070524, "Planner Runtime": 1}, "explain_analyze_plan": null}, "(1, 96)": {"explain_plan": {"Plan": {"Node Type": "Limit", "Startup Cost": 2741876.6, "Total Cost": 2741876.65, "Plan Rows": 20, "Plan Width": 191, "Plans": [{"Node Type": "Sort", "Parent Relationship": "Outer", "Startup Cost": 2741876.6, "Total Cost": 2745491.35, "Plan Rows": 20, "Plan Width": 191, "Sort Key": ["(sum((lineitem.l_extendedprice * (1::double precision - lineitem.l_discount)))) DESC"], "Plans": [{"Node Type": "Aggregate", "Strategy": "Hashed", "Parent Relationship": "Outer", "Startup Cost": 2688942.8, "Total Cost": 2703401.78, "Plan Rows": 1445898, "Plan Width": 191, "Group By Key": ["customer.c_custkey", "customer.c_name", "customer.c_acctbal", "customer.c_phone", "nation.n_name", "customer.c_address", "customer.c_comment"], "Plans": [{"Node Type": "Hash Join", "Parent Relationship": "Outer", "Join Type": "Inner", "Startup Cost": 377859.22, "Total Cost": 2652795.35, "Plan Rows": 1445898, "Plan Width": 191, "Inner Unique": true, "Hash Cond": "(customer.c_nationkey = nation.n_nationkey), (LLVM Optimized)", "Plans": [{"Node Type": "Hash Join", "Parent Relationship": "Outer", "Join Type": "Inner", "Startup Cost": 377857.66, "Total Cost": 2632912.69, "Plan Rows": 1445898, "Plan Width": 169, "Inner Unique": true, "Hash Cond": "(orders.o_custkey = customer.c_custkey), (LLVM Optimized)", "Plans": [{"Node Type": "Hash Join", "Parent Relationship": "Outer", "Join Type": "Inner", "Startup Cost": 306981.66, "Total Cost": 2542155.59, "Plan Rows": 1445898, "Plan Width": 24, "Inner Unique": true, "Hash Cond": "(lineitem.l_orderkey = orders.o_orderkey), (LLVM Optimized)", "Plans": [{"Node Type": "Seq Scan", "Parent Relationship": "Outer", "Relation Name": "lineitem", "Alias": "lineitem", "Startup Cost": 0.0, "Total Cost": 2165082.91, "Plan Rows": 14835209, "Plan Width": 24, "Filter": "(l_returnflag = 'R'::bpchar), (LLVM Optimized)"}, {"Node Type": "Hash", "Parent Relationship": "Inner", "Startup Cost": 299784.84, "Total Cost": 299784.84, "Plan Rows": 575746, "Plan Width": 16, "Plans": [{"Node Type": "Bitmap Heap Scan", "Parent Relationship": "Outer", "Relation Name": "orders", "Alias": "orders", "Startup Cost": 14729.65, "Total Cost": 299784.84, "Plan Rows": 575746, "Plan Width": 16, "Recheck Cond": "((o_orderdate >= '1993-08-01 00:00:00'::timestamp(0) without time zone) AND (o_orderdate < '1993-11-01 00:00:00'::timestamp without time zone)), (LLVM Optimized)", "Plans": [{"Node Type": "Bitmap Index Scan", "Parent Relationship": "Outer", "Index Name": "idx_orders_orderdate", "Startup Cost": 0.0, "Total Cost": 14585.71, "Plan Rows": 575746, "Plan Width": 0, "Index Cond": "((o_orderdate >= '1993-08-01 00:00:00'::timestamp(0) without time zone) AND (o_orderdate < '1993-11-01 00:00:00'::timestamp without time zone))"}]}]}]}, {"Node Type": "Hash", "Parent Relationship": "Inner", "Startup Cost": 52126.0, "Total Cost": 52126.0, "Plan Rows": 1500000, "Plan Width": 153, "Plans": [{"Node Type": "Seq Scan", "Parent Relationship": "Outer", "Relation Name": "customer", "Alias": "customer", "Startup Cost": 0.0, "Total Cost": 52126.0, "Plan Rows": 1500000, "Plan Width": 153}]}]}, {"Node Type": "Hash", "Parent Relationship": "Inner", "Startup Cost": 1.25, "Total Cost": 1.25, "Plan Rows": 25, "Plan Width": 30, "Plans": [{"Node Type": "Seq Scan", "Parent Relationship": "Outer", "Relation Name": "nation", "Alias": "nation", "Startup Cost": 0.0, "Total Cost": 1.25, "Plan Rows": 25, "Plan Width": 30}]}]}]}]}]}, "Unique SQL Id": 1604070524, "Planner Runtime": 0}, "explain_analyze_plan": {"Plan": {"Node Type": "Limit", "Startup Cost": 2741876.6, "Total Cost": 2741876.65, "Plan Rows": 20, "Plan Width": 191, "Actual Startup Time": 33004.147, "Actual Total Time": 33004.153, "Actual Rows": 20, "Actual Loops": 1, "Plans": [{"Node Type": "Sort", "Parent Relationship": "Outer", "Startup Cost": 2741876.6, "Total Cost": 2745491.35, "Plan Rows": 20, "Plan Width": 191, "Actual Startup Time": 33004.144, "Actual Total Time": 33004.147, "Actual Rows": 20, "Actual Loops": 1, "Sort Key": ["(sum((lineitem.l_extendedprice * (1::double precision - lineitem.l_discount)))) DESC"], "Sort Method": "top-N heapsort", "Sort Space Used": 35, "Sort Space Type": "Memory", "Plans": [{"Node Type": "Aggregate", "Strategy": "Hashed", "Parent Relationship": "Outer", "Startup Cost": 2688942.8, "Total Cost": 2703401.78, "Plan Rows": 1445898, "Plan Width": 191, "Actual Startup Time": 32671.075, "Actual Total Time": 32870.631, "Actual Rows": 381542, "Actual Loops": 1, "Group By Key": ["customer.c_custkey", "customer.c_name", "customer.c_acctbal", "customer.c_phone", "nation.n_name", "customer.c_address", "customer.c_comment"], "Plans": [{"Node Type": "Hash Join", "Parent Relationship": "Outer", "Join Type": "Inner", "Startup Cost": 377859.22, "Total Cost": 2652795.35, "Plan Rows": 1445898, "Plan Width": 191, "Actual Startup Time": 2461.198, "Actual Total Time": 30813.969, "Actual Rows": 1145969, "Actual Loops": 1, "Inner Unique": true, "Hash Cond": "(customer.c_nationkey = nation.n_nationkey), (LLVM Optimized, Jit Execute)", "Plans": [{"Node Type": "Hash Join", "Parent Relationship": "Outer", "Join Type": "Inner", "Startup Cost": 377857.66, "Total Cost": 2632912.69, "Plan Rows": 1445898, "Plan Width": 169, "Actual Startup Time": 2461.091, "Actual Total Time": 30352.238, "Actual Rows": 1145969, "Actual Loops": 1, "Inner Unique": true, "Hash Cond": "(orders.o_custkey = customer.c_custkey), (LLVM Optimized, Jit Execute)", "Plans": [{"Node Type": "Hash Join", "Parent Relationship": "Outer", "Join Type": "Inner", "Startup Cost": 306981.66, "Total Cost": 2542155.59, "Plan Rows": 1445898, "Plan Width": 24, "Actual Startup Time": 1151.523, "Actual Total Time": 28224.084, "Actual Rows": 1145969, "Actual Loops": 1, "Inner Unique": true, "Hash Cond": "(lineitem.l_orderkey = orders.o_orderkey), (LLVM Optimized, Jit Execute)", "Plans": [{"Node Type": "Seq Scan", "Parent Relationship": "Outer", "Relation Name": "lineitem", "Alias": "lineitem", "Startup Cost": 0.0, "Total Cost": 2165082.91, "Plan Rows": 14835209, "Plan Width": 24, "Actual Startup Time": 0.018, "Actual Total Time": 22374.177, "Actual Rows": 14808183, "Actual Loops": 1, "Filter": "(l_returnflag = 'R'::bpchar), (LLVM Optimized, Jit Execute)", "Rows Removed by Filter": 45177869}, {"Node Type": "Hash", "Parent Relationship": "Inner", "Startup Cost": 299784.84, "Total Cost": 299784.84, "Plan Rows": 575746, "Plan Width": 16, "Actual Startup Time": 1150.79, "Actual Total Time": 1150.79, "Actual Rows": 573635, "Actual Loops": 1, "Hash Buckets": 1048576, "Hash Batches": 1, "Original Hash Batches": 1, "Peak Memory Usage": 26890, "Plans": [{"Node Type": "Bitmap Heap Scan", "Parent Relationship": "Outer", "Relation Name": "orders", "Alias": "orders", "Startup Cost": 14729.65, "Total Cost": 299784.84, "Plan Rows": 575746, "Plan Width": 16, "Actual Startup Time": 240.926, "Actual Total Time": 939.038, "Actual Rows": 573635, "Actual Loops": 1, "Recheck Cond": "((o_orderdate >= '1993-08-01 00:00:00'::timestamp(0) without time zone) AND (o_orderdate < '1993-11-01 00:00:00'::timestamp without time zone)), (LLVM Optimized, Jit Execute)", "Rows Removed by Index Recheck": 0, "Exact Heap Blocks": 242860, "Lossy Heap Blocks": 242860, "Plans": [{"Node Type": "Bitmap Index Scan", "Parent Relationship": "Outer", "Index Name": "idx_orders_orderdate", "Startup Cost": 0.0, "Total Cost": 14585.71, "Plan Rows": 575746, "Plan Width": 0, "Actual Startup Time": 164.914, "Actual Total Time": 164.914, "Actual Rows": 573635, "Actual Loops": 1, "Index Cond": "((o_orderdate >= '1993-08-01 00:00:00'::timestamp(0) without time zone) AND (o_orderdate < '1993-11-01 00:00:00'::timestamp without time zone))"}]}]}]}, {"Node Type": "Hash", "Parent Relationship": "Inner", "Startup Cost": 52126.0, "Total Cost": 52126.0, "Plan Rows": 1500000, "Plan Width": 153, "Actual Startup Time": 1307.083, "Actual Total Time": 1307.083, "Actual Rows": 1500000, "Actual Loops": 1, "Hash Buckets": 2097152, "Hash Batches": 1, "Original Hash Batches": 1, "Peak Memory Usage": 282695, "Plans": [{"Node Type": "Seq Scan", "Parent Relationship": "Outer", "Relation Name": "customer", "Alias": "customer", "Startup Cost": 0.0, "Total Cost": 52126.0, "Plan Rows": 1500000, "Plan Width": 153, "Actual Startup Time": 0.025, "Actual Total Time": 597.485, "Actual Rows": 1500000, "Actual Loops": 1}]}]}, {"Node Type": "Hash", "Parent Relationship": "Inner", "Startup Cost": 1.25, "Total Cost": 1.25, "Plan Rows": 25, "Plan Width": 30, "Actual Startup Time": 0.036, "Actual Total Time": 0.036, "Actual Rows": 25, "Actual Loops": 1, "Hash Buckets": 32768, "Hash Batches": 1, "Original Hash Batches": 1, "Peak Memory Usage": 2, "Plans": [{"Node Type": "Seq Scan", "Parent Relationship": "Outer", "Relation Name": "nation", "Alias": "nation", "Startup Cost": 0.0, "Total Cost": 1.25, "Plan Rows": 25, "Plan Width": 30, "Actual Startup Time": 0.014, "Actual Total Time": 0.021, "Actual Rows": 25, "Actual Loops": 1}]}]}]}]}]}, "Triggers": [], "Planner Runtime": 0, "Total Runtime": 33015.458, "Unique SQL Id": 1604070524}}, "(1, 97)": {"explain_plan": {"Plan": {"Node Type": "Limit", "Startup Cost": 3620844.85, "Total Cost": 3620844.9, "Plan Rows": 20, "Plan Width": 191, "Plans": [{"Node Type": "Sort", "Parent Relationship": "Outer", "Startup Cost": 3620844.85, "Total Cost": 3624459.59, "Plan Rows": 20, "Plan Width": 191, "Sort Key": ["(sum((lineitem.l_extendedprice * (1::double precision - lineitem.l_discount)))) DESC"], "Plans": [{"Node Type": "Aggregate", "Strategy": "Hashed", "Parent Relationship": "Outer", "Startup Cost": 3567911.04, "Total Cost": 3582370.02, "Plan Rows": 1445898, "Plan Width": 191, "Group By Key": ["customer.c_custkey", "customer.c_name", "customer.c_acctbal", "customer.c_phone", "nation.n_name", "customer.c_address", "customer.c_comment"], "Plans": [{"Node Type": "Nested Loop", "Parent Relationship": "Outer", "Join Type": "Inner", "Startup Cost": 114257.94, "Total Cost": 3531763.59, "Plan Rows": 1445898, "Plan Width": 191, "Inner Unique": false, "Plans": [{"Node Type": "Hash Join", "Parent Relationship": "Outer", "Join Type": "Inner", "Startup Cost": 114257.94, "Total Cost": 415146.15, "Plan Rows": 575746, "Plan Width": 183, "Inner Unique": true, "Hash Cond": "(customer.c_nationkey = nation.n_nationkey), (LLVM Optimized)", "Plans": [{"Node Type": "Hash Join", "Parent Relationship": "Outer", "Join Type": "Inner", "Startup Cost": 114245.0, "Total Cost": 407216.7, "Plan Rows": 575746, "Plan Width": 161, "Inner Unique": true, "Hash Cond": "(orders.o_custkey = customer.c_custkey), (LLVM Optimized)", "Plans": [{"Node Type": "Bitmap Heap Scan", "Parent Relationship": "Outer", "Relation Name": "orders", "Alias": "orders", "Startup Cost": 14729.65, "Total Cost": 299784.84, "Plan Rows": 575746, "Plan Width": 16, "Recheck Cond": "((o_orderdate >= '1993-08-01 00:00:00'::timestamp(0) without time zone) AND (o_orderdate < '1993-11-01 00:00:00'::timestamp without time zone)), (LLVM Optimized)", "Plans": [{"Node Type": "Bitmap Index Scan", "Parent Relationship": "Outer", "Index Name": "idx_orders_orderdate", "Startup Cost": 0.0, "Total Cost": 14585.71, "Plan Rows": 575746, "Plan Width": 0, "Index Cond": "((o_orderdate >= '1993-08-01 00:00:00'::timestamp(0) without time zone) AND (o_orderdate < '1993-11-01 00:00:00'::timestamp without time zone))"}]}, {"Node Type": "Hash", "Parent Relationship": "Inner", "Startup Cost": 80765.36, "Total Cost": 80765.36, "Plan Rows": 1500000, "Plan Width": 153, "Plans": [{"Node Type": "Index Scan", "Parent Relationship": "Outer", "Scan Direction": "Forward", "Index Name": "customer_pkey", "Relation Name": "customer", "Alias": "customer", "Startup Cost": 0.0, "Total Cost": 80765.36, "Plan Rows": 1500000, "Plan Width": 153}]}]}, {"Node Type": "Hash", "Parent Relationship": "Inner", "Startup Cost": 12.62, "Total Cost": 12.62, "Plan Rows": 25, "Plan Width": 30, "Plans": [{"Node Type": "Index Scan", "Parent Relationship": "Outer", "Scan Direction": "Forward", "Index Name": "nation_pkey", "Relation Name": "nation", "Alias": "nation", "Startup Cost": 0.0, "Total Cost": 12.62, "Plan Rows": 25, "Plan Width": 30}]}]}, {"Node Type": "Index Scan", "Parent Relationship": "Inner", "Scan Direction": "Forward", "Index Name": "idx_lineitem_orderkey", "Relation Name": "lineitem", "Alias": "lineitem", "Startup Cost": 0.0, "Total Cost": 5.38, "Plan Rows": 3, "Plan Width": 24, "Index Cond": "(l_orderkey = orders.o_orderkey)", "Filter": "(l_returnflag = 'R'::bpchar)"}]}]}]}]}, "Unique SQL Id": 1604070524, "Planner Runtime": 0}, "explain_analyze_plan": {"Plan": {"Node Type": "Limit", "Startup Cost": 3620844.85, "Total Cost": 3620844.9, "Plan Rows": 20, "Plan Width": 191, "Actual Startup Time": 13884.972, "Actual Total Time": 13884.98, "Actual Rows": 20, "Actual Loops": 1, "Plans": [{"Node Type": "Sort", "Parent Relationship": "Outer", "Startup Cost": 3620844.85, "Total Cost": 3624459.59, "Plan Rows": 20, "Plan Width": 191, "Actual Startup Time": 13884.967, "Actual Total Time": 13884.97, "Actual Rows": 20, "Actual Loops": 1, "Sort Key": ["(sum((lineitem.l_extendedprice * (1::double precision - lineitem.l_discount)))) DESC"], "Sort Method": "top-N heapsort", "Sort Space Used": 35, "Sort Space Type": "Memory", "Plans": [{"Node Type": "Aggregate", "Strategy": "Hashed", "Parent Relationship": "Outer", "Startup Cost": 3567911.04, "Total Cost": 3582370.02, "Plan Rows": 1445898, "Plan Width": 191, "Actual Startup Time": 13549.273, "Actual Total Time": 13750.357, "Actual Rows": 381542, "Actual Loops": 1, "Group By Key": ["customer.c_custkey", "customer.c_name", "customer.c_acctbal", "customer.c_phone", "nation.n_name", "customer.c_address", "customer.c_comment"], "Plans": [{"Node Type": "Nested Loop", "Parent Relationship": "Outer", "Join Type": "Inner", "Startup Cost": 114257.94, "Total Cost": 3531763.59, "Plan Rows": 1445898, "Plan Width": 191, "Actual Startup Time": 1960.115, "Actual Total Time": 11619.369, "Actual Rows": 1145969, "Actual Loops": 1, "Inner Unique": false, "Plans": [{"Node Type": "Hash Join", "Parent Relationship": "Outer", "Join Type": "Inner", "Startup Cost": 114257.94, "Total Cost": 415146.15, "Plan Rows": 575746, "Plan Width": 183, "Actual Startup Time": 1959.983, "Actual Total Time": 3759.194, "Actual Rows": 573635, "Actual Loops": 1, "Inner Unique": true, "Hash Cond": "(customer.c_nationkey = nation.n_nationkey), (LLVM Optimized, Jit Execute)", "Plans": [{"Node Type": "Hash Join", "Parent Relationship": "Outer", "Join Type": "Inner", "Startup Cost": 114245.0, "Total Cost": 407216.7, "Plan Rows": 575746, "Plan Width": 161, "Actual Startup Time": 1959.879, "Actual Total Time": 3505.46, "Actual Rows": 573635, "Actual Loops": 1, "Inner Unique": true, "Hash Cond": "(orders.o_custkey = customer.c_custkey), (LLVM Optimized, Jit Execute)", "Plans": [{"Node Type": "Bitmap Heap Scan", "Parent Relationship": "Outer", "Relation Name": "orders", "Alias": "orders", "Startup Cost": 14729.65, "Total Cost": 299784.84, "Plan Rows": 575746, "Plan Width": 16, "Actual Startup Time": 239.628, "Actual Total Time": 1107.976, "Actual Rows": 573635, "Actual Loops": 1, "Recheck Cond": "((o_orderdate >= '1993-08-01 00:00:00'::timestamp(0) without time zone) AND (o_orderdate < '1993-11-01 00:00:00'::timestamp without time zone)), (LLVM Optimized, Jit Execute)", "Rows Removed by Index Recheck": 0, "Exact Heap Blocks": 242860, "Lossy Heap Blocks": 242860, "Plans": [{"Node Type": "Bitmap Index Scan", "Parent Relationship": "Outer", "Index Name": "idx_orders_orderdate", "Startup Cost": 0.0, "Total Cost": 14585.71, "Plan Rows": 575746, "Plan Width": 0, "Actual Startup Time": 164.39, "Actual Total Time": 164.39, "Actual Rows": 573635, "Actual Loops": 1, "Index Cond": "((o_orderdate >= '1993-08-01 00:00:00'::timestamp(0) without time zone) AND (o_orderdate < '1993-11-01 00:00:00'::timestamp without time zone))"}]}, {"Node Type": "Hash", "Parent Relationship": "Inner", "Startup Cost": 80765.36, "Total Cost": 80765.36, "Plan Rows": 1500000, "Plan Width": 153, "Actual Startup Time": 1718.794, "Actual Total Time": 1718.794, "Actual Rows": 1500000, "Actual Loops": 1, "Hash Buckets": 2097152, "Hash Batches": 1, "Original Hash Batches": 1, "Peak Memory Usage": 282695, "Plans": [{"Node Type": "Index Scan", "Parent Relationship": "Outer", "Scan Direction": "Forward", "Index Name": "customer_pkey", "Relation Name": "customer", "Alias": "customer", "Startup Cost": 0.0, "Total Cost": 80765.36, "Plan Rows": 1500000, "Plan Width": 153, "Actual Startup Time": 0.057, "Actual Total Time": 1053.373, "Actual Rows": 1500000, "Actual Loops": 1}]}]}, {"Node Type": "Hash", "Parent Relationship": "Inner", "Startup Cost": 12.62, "Total Cost": 12.62, "Plan Rows": 25, "Plan Width": 30, "Actual Startup Time": 0.054, "Actual Total Time": 0.054, "Actual Rows": 25, "Actual Loops": 1, "Hash Buckets": 32768, "Hash Batches": 1, "Original Hash Batches": 1, "Peak Memory Usage": 2, "Plans": [{"Node Type": "Index Scan", "Parent Relationship": "Outer", "Scan Direction": "Forward", "Index Name": "nation_pkey", "Relation Name": "nation", "Alias": "nation", "Startup Cost": 0.0, "Total Cost": 12.62, "Plan Rows": 25, "Plan Width": 30, "Actual Startup Time": 0.018, "Actual Total Time": 0.034, "Actual Rows": 25, "Actual Loops": 1}]}]}, {"Node Type": "Index Scan", "Parent Relationship": "Inner", "Scan Direction": "Forward", "Index Name": "idx_lineitem_orderkey", "Relation Name": "lineitem", "Alias": "lineitem", "Startup Cost": 0.0, "Total Cost": 5.38, "Plan Rows": 3, "Plan Width": 24, "Actual Startup Time": 5879.361, "Actual Total Time": 7208.975, "Actual Rows": 1145969, "Actual Loops": 573635, "Index Cond": "(l_orderkey = orders.o_orderkey)", "Rows Removed by Index Recheck": 0, "Filter": "(l_returnflag = 'R'::bpchar)", "Rows Removed by Filter": 1146896}]}]}]}]}, "Triggers": [], "Planner Runtime": 0, "Total Runtime": 13895.62, "Unique SQL Id": 1604070524}}, "(1, 98)": {"explain_plan": {"Plan": {"Node Type": "Limit", "Startup Cost": 2741876.6, "Total Cost": 2741876.65, "Plan Rows": 20, "Plan Width": 191, "Plans": [{"Node Type": "Sort", "Parent Relationship": "Outer", "Startup Cost": 2741876.6, "Total Cost": 2745491.35, "Plan Rows": 20, "Plan Width": 191, "Sort Key": ["(sum((lineitem.l_extendedprice * (1::double precision - lineitem.l_discount)))) DESC"], "Plans": [{"Node Type": "Aggregate", "Strategy": "Hashed", "Parent Relationship": "Outer", "Startup Cost": 2688942.8, "Total Cost": 2703401.78, "Plan Rows": 1445898, "Plan Width": 191, "Group By Key": ["customer.c_custkey", "customer.c_name", "customer.c_acctbal", "customer.c_phone", "nation.n_name", "customer.c_address", "customer.c_comment"], "Plans": [{"Node Type": "Hash Join", "Parent Relationship": "Outer", "Join Type": "Inner", "Startup Cost": 377859.22, "Total Cost": 2652795.35, "Plan Rows": 1445898, "Plan Width": 191, "Inner Unique": true, "Hash Cond": "(customer.c_nationkey = nation.n_nationkey), (LLVM Optimized)", "Plans": [{"Node Type": "Hash Join", "Parent Relationship": "Outer", "Join Type": "Inner", "Startup Cost": 377857.66, "Total Cost": 2632912.69, "Plan Rows": 1445898, "Plan Width": 169, "Inner Unique": true, "Hash Cond": "(orders.o_custkey = customer.c_custkey), (LLVM Optimized)", "Plans": [{"Node Type": "Hash Join", "Parent Relationship": "Outer", "Join Type": "Inner", "Startup Cost": 306981.66, "Total Cost": 2542155.59, "Plan Rows": 1445898, "Plan Width": 24, "Inner Unique": true, "Hash Cond": "(lineitem.l_orderkey = orders.o_orderkey), (LLVM Optimized)", "Plans": [{"Node Type": "Seq Scan", "Parent Relationship": "Outer", "Relation Name": "lineitem", "Alias": "lineitem", "Startup Cost": 0.0, "Total Cost": 2165082.91, "Plan Rows": 14835209, "Plan Width": 24, "Filter": "(l_returnflag = 'R'::bpchar), (LLVM Optimized)"}, {"Node Type": "Hash", "Parent Relationship": "Inner", "Startup Cost": 299784.84, "Total Cost": 299784.84, "Plan Rows": 575746, "Plan Width": 16, "Plans": [{"Node Type": "Bitmap Heap Scan", "Parent Relationship": "Outer", "Relation Name": "orders", "Alias": "orders", "Startup Cost": 14729.65, "Total Cost": 299784.84, "Plan Rows": 575746, "Plan Width": 16, "Recheck Cond": "((o_orderdate >= '1993-08-01 00:00:00'::timestamp(0) without time zone) AND (o_orderdate < '1993-11-01 00:00:00'::timestamp without time zone)), (LLVM Optimized)", "Plans": [{"Node Type": "Bitmap Index Scan", "Parent Relationship": "Outer", "Index Name": "idx_orders_orderdate", "Startup Cost": 0.0, "Total Cost": 14585.71, "Plan Rows": 575746, "Plan Width": 0, "Index Cond": "((o_orderdate >= '1993-08-01 00:00:00'::timestamp(0) without time zone) AND (o_orderdate < '1993-11-01 00:00:00'::timestamp without time zone))"}]}]}]}, {"Node Type": "Hash", "Parent Relationship": "Inner", "Startup Cost": 52126.0, "Total Cost": 52126.0, "Plan Rows": 1500000, "Plan Width": 153, "Plans": [{"Node Type": "Seq Scan", "Parent Relationship": "Outer", "Relation Name": "customer", "Alias": "customer", "Startup Cost": 0.0, "Total Cost": 52126.0, "Plan Rows": 1500000, "Plan Width": 153}]}]}, {"Node Type": "Hash", "Parent Relationship": "Inner", "Startup Cost": 1.25, "Total Cost": 1.25, "Plan Rows": 25, "Plan Width": 30, "Plans": [{"Node Type": "Seq Scan", "Parent Relationship": "Outer", "Relation Name": "nation", "Alias": "nation", "Startup Cost": 0.0, "Total Cost": 1.25, "Plan Rows": 25, "Plan Width": 30}]}]}]}]}]}, "Unique SQL Id": 1604070524, "Planner Runtime": 0}, "explain_analyze_plan": {"Plan": {"Node Type": "Limit", "Startup Cost": 2741876.6, "Total Cost": 2741876.65, "Plan Rows": 20, "Plan Width": 191, "Actual Startup Time": 33004.147, "Actual Total Time": 33004.153, "Actual Rows": 20, "Actual Loops": 1, "Plans": [{"Node Type": "Sort", "Parent Relationship": "Outer", "Startup Cost": 2741876.6, "Total Cost": 2745491.35, "Plan Rows": 20, "Plan Width": 191, "Actual Startup Time": 33004.144, "Actual Total Time": 33004.147, "Actual Rows": 20, "Actual Loops": 1, "Sort Key": ["(sum((lineitem.l_extendedprice * (1::double precision - lineitem.l_discount)))) DESC"], "Sort Method": "top-N heapsort", "Sort Space Used": 35, "Sort Space Type": "Memory", "Plans": [{"Node Type": "Aggregate", "Strategy": "Hashed", "Parent Relationship": "Outer", "Startup Cost": 2688942.8, "Total Cost": 2703401.78, "Plan Rows": 1445898, "Plan Width": 191, "Actual Startup Time": 32671.075, "Actual Total Time": 32870.631, "Actual Rows": 381542, "Actual Loops": 1, "Group By Key": ["customer.c_custkey", "customer.c_name", "customer.c_acctbal", "customer.c_phone", "nation.n_name", "customer.c_address", "customer.c_comment"], "Plans": [{"Node Type": "Hash Join", "Parent Relationship": "Outer", "Join Type": "Inner", "Startup Cost": 377859.22, "Total Cost": 2652795.35, "Plan Rows": 1445898, "Plan Width": 191, "Actual Startup Time": 2461.198, "Actual Total Time": 30813.969, "Actual Rows": 1145969, "Actual Loops": 1, "Inner Unique": true, "Hash Cond": "(customer.c_nationkey = nation.n_nationkey), (LLVM Optimized, Jit Execute)", "Plans": [{"Node Type": "Hash Join", "Parent Relationship": "Outer", "Join Type": "Inner", "Startup Cost": 377857.66, "Total Cost": 2632912.69, "Plan Rows": 1445898, "Plan Width": 169, "Actual Startup Time": 2461.091, "Actual Total Time": 30352.238, "Actual Rows": 1145969, "Actual Loops": 1, "Inner Unique": true, "Hash Cond": "(orders.o_custkey = customer.c_custkey), (LLVM Optimized, Jit Execute)", "Plans": [{"Node Type": "Hash Join", "Parent Relationship": "Outer", "Join Type": "Inner", "Startup Cost": 306981.66, "Total Cost": 2542155.59, "Plan Rows": 1445898, "Plan Width": 24, "Actual Startup Time": 1151.523, "Actual Total Time": 28224.084, "Actual Rows": 1145969, "Actual Loops": 1, "Inner Unique": true, "Hash Cond": "(lineitem.l_orderkey = orders.o_orderkey), (LLVM Optimized, Jit Execute)", "Plans": [{"Node Type": "Seq Scan", "Parent Relationship": "Outer", "Relation Name": "lineitem", "Alias": "lineitem", "Startup Cost": 0.0, "Total Cost": 2165082.91, "Plan Rows": 14835209, "Plan Width": 24, "Actual Startup Time": 0.018, "Actual Total Time": 22374.177, "Actual Rows": 14808183, "Actual Loops": 1, "Filter": "(l_returnflag = 'R'::bpchar), (LLVM Optimized, Jit Execute)", "Rows Removed by Filter": 45177869}, {"Node Type": "Hash", "Parent Relationship": "Inner", "Startup Cost": 299784.84, "Total Cost": 299784.84, "Plan Rows": 575746, "Plan Width": 16, "Actual Startup Time": 1150.79, "Actual Total Time": 1150.79, "Actual Rows": 573635, "Actual Loops": 1, "Hash Buckets": 1048576, "Hash Batches": 1, "Original Hash Batches": 1, "Peak Memory Usage": 26890, "Plans": [{"Node Type": "Bitmap Heap Scan", "Parent Relationship": "Outer", "Relation Name": "orders", "Alias": "orders", "Startup Cost": 14729.65, "Total Cost": 299784.84, "Plan Rows": 575746, "Plan Width": 16, "Actual Startup Time": 240.926, "Actual Total Time": 939.038, "Actual Rows": 573635, "Actual Loops": 1, "Recheck Cond": "((o_orderdate >= '1993-08-01 00:00:00'::timestamp(0) without time zone) AND (o_orderdate < '1993-11-01 00:00:00'::timestamp without time zone)), (LLVM Optimized, Jit Execute)", "Rows Removed by Index Recheck": 0, "Exact Heap Blocks": 242860, "Lossy Heap Blocks": 242860, "Plans": [{"Node Type": "Bitmap Index Scan", "Parent Relationship": "Outer", "Index Name": "idx_orders_orderdate", "Startup Cost": 0.0, "Total Cost": 14585.71, "Plan Rows": 575746, "Plan Width": 0, "Actual Startup Time": 164.914, "Actual Total Time": 164.914, "Actual Rows": 573635, "Actual Loops": 1, "Index Cond": "((o_orderdate >= '1993-08-01 00:00:00'::timestamp(0) without time zone) AND (o_orderdate < '1993-11-01 00:00:00'::timestamp without time zone))"}]}]}]}, {"Node Type": "Hash", "Parent Relationship": "Inner", "Startup Cost": 52126.0, "Total Cost": 52126.0, "Plan Rows": 1500000, "Plan Width": 153, "Actual Startup Time": 1307.083, "Actual Total Time": 1307.083, "Actual Rows": 1500000, "Actual Loops": 1, "Hash Buckets": 2097152, "Hash Batches": 1, "Original Hash Batches": 1, "Peak Memory Usage": 282695, "Plans": [{"Node Type": "Seq Scan", "Parent Relationship": "Outer", "Relation Name": "customer", "Alias": "customer", "Startup Cost": 0.0, "Total Cost": 52126.0, "Plan Rows": 1500000, "Plan Width": 153, "Actual Startup Time": 0.025, "Actual Total Time": 597.485, "Actual Rows": 1500000, "Actual Loops": 1}]}]}, {"Node Type": "Hash", "Parent Relationship": "Inner", "Startup Cost": 1.25, "Total Cost": 1.25, "Plan Rows": 25, "Plan Width": 30, "Actual Startup Time": 0.036, "Actual Total Time": 0.036, "Actual Rows": 25, "Actual Loops": 1, "Hash Buckets": 32768, "Hash Batches": 1, "Original Hash Batches": 1, "Peak Memory Usage": 2, "Plans": [{"Node Type": "Seq Scan", "Parent Relationship": "Outer", "Relation Name": "nation", "Alias": "nation", "Startup Cost": 0.0, "Total Cost": 1.25, "Plan Rows": 25, "Plan Width": 30, "Actual Startup Time": 0.014, "Actual Total Time": 0.021, "Actual Rows": 25, "Actual Loops": 1}]}]}]}]}]}, "Triggers": [], "Planner Runtime": 0, "Total Runtime": 33015.458, "Unique SQL Id": 1604070524}}, "(1, 99)": {"explain_plan": {"Plan": {"Node Type": "Limit", "Startup Cost": 13443415.76, "Total Cost": 13443415.81, "Plan Rows": 20, "Plan Width": 191, "Plans": [{"Node Type": "Sort", "Parent Relationship": "Outer", "Startup Cost": 13443415.76, "Total Cost": 13447030.51, "Plan Rows": 20, "Plan Width": 191, "Sort Key": ["(sum((lineitem.l_extendedprice * (1::double precision - lineitem.l_discount)))) DESC"], "Plans": [{"Node Type": "Aggregate", "Strategy": "Hashed", "Parent Relationship": "Outer", "Startup Cost": 13390481.96, "Total Cost": 13404940.94, "Plan Rows": 1445898, "Plan Width": 191, "Group By Key": ["customer.c_custkey", "customer.c_name", "customer.c_acctbal", "customer.c_phone", "nation.n_name", "customer.c_address", "customer.c_comment"], "Plans": [{"Node Type": "Nested Loop", "Parent Relationship": "Outer", "Join Type": "Inner", "Startup Cost": 14732.12, "Total Cost": 13354334.51, "Plan Rows": 1445898, "Plan Width": 191, "Inner Unique": false, "Plans": [{"Node Type": "Nested Loop", "Parent Relationship": "Outer", "Join Type": "Inner", "Startup Cost": 14730.2, "Total Cost": 5249597.54, "Plan Rows": 575746, "Plan Width": 183, "Inner Unique": true, "Plans": [{"Node Type": "Nested Loop", "Parent Relationship": "Outer", "Join Type": "Inner", "Startup Cost": 14729.94, "Total Cost": 2785257.65, "Plan Rows": 575746, "Plan Width": 161, "Inner Unique": true, "Plans": [{"Node Type": "Bitmap Heap Scan", "Parent Relationship": "Outer", "Relation Name": "orders", "Alias": "orders", "Startup Cost": 14729.65, "Total Cost": 299784.84, "Plan Rows": 575746, "Plan Width": 16, "Recheck Cond": "((o_orderdate >= '1993-08-01 00:00:00'::timestamp(0) without time zone) AND (o_orderdate < '1993-11-01 00:00:00'::timestamp without time zone)), (LLVM Optimized)", "Plans": [{"Node Type": "Bitmap Index Scan", "Parent Relationship": "Outer", "Index Name": "idx_orders_orderdate", "Startup Cost": 0.0, "Total Cost": 14585.71, "Plan Rows": 575746, "Plan Width": 0, "Index Cond": "((o_orderdate >= '1993-08-01 00:00:00'::timestamp(0) without time zone) AND (o_orderdate < '1993-11-01 00:00:00'::timestamp without time zone))"}]}, {"Node Type": "Bitmap Heap Scan", "Parent Relationship": "Inner", "Relation Name": "customer", "Alias": "customer", "Startup Cost": 0.29, "Total Cost": 4.31, "Plan Rows": 1, "Plan Width": 153, "Recheck Cond": "(c_custkey = orders.o_custkey)", "Plans": [{"Node Type": "Bitmap Index Scan", "Parent Relationship": "Outer", "Index Name": "customer_pkey", "Startup Cost": 0.0, "Total Cost": 0.29, "Plan Rows": 1, "Plan Width": 0, "Index Cond": "(c_custkey = orders.o_custkey)"}]}]}, {"Node Type": "Bitmap Heap Scan", "Parent Relationship": "Inner", "Relation Name": "nation", "Alias": "nation", "Startup Cost": 0.26, "Total Cost": 4.27, "Plan Rows": 1, "Plan Width": 30, "Recheck Cond": "(n_nationkey = customer.c_nationkey)", "Plans": [{"Node Type": "Bitmap Index Scan", "Parent Relationship": "Outer", "Index Name": "nation_pkey", "Startup Cost": 0.0, "Total Cost": 0.26, "Plan Rows": 1, "Plan Width": 0, "Index Cond": "(n_nationkey = customer.c_nationkey)"}]}]}, {"Node Type": "Bitmap Heap Scan", "Parent Relationship": "Inner", "Relation Name": "lineitem", "Alias": "lineitem", "Startup Cost": 1.93, "Total Cost": 14.05, "Plan Rows": 3, "Plan Width": 24, "Recheck Cond": "(l_orderkey = orders.o_orderkey)", "Filter": "(l_returnflag = 'R'::bpchar)", "Plans": [{"Node Type": "Bitmap Index Scan", "Parent Relationship": "Outer", "Index Name": "idx_lineitem_orderkey", "Startup Cost": 0.0, "Total Cost": 1.92, "Plan Rows": 9, "Plan Width": 0, "Index Cond": "(l_orderkey = orders.o_orderkey)"}]}]}]}]}]}, "Unique SQL Id": 1604070524, "Planner Runtime": 0}, "explain_analyze_plan": {"Plan": {"Node Type": "Limit", "Startup Cost": 13443415.76, "Total Cost": 13443415.81, "Plan Rows": 20, "Plan Width": 191, "Actual Startup Time": 17197.212, "Actual Total Time": 17197.217, "Actual Rows": 20, "Actual Loops": 1, "Plans": [{"Node Type": "Sort", "Parent Relationship": "Outer", "Startup Cost": 13443415.76, "Total Cost": 13447030.51, "Plan Rows": 20, "Plan Width": 191, "Actual Startup Time": 17197.208, "Actual Total Time": 17197.21, "Actual Rows": 20, "Actual Loops": 1, "Sort Key": ["(sum((lineitem.l_extendedprice * (1::double precision - lineitem.l_discount)))) DESC"], "Sort Method": "top-N heapsort", "Sort Space Used": 35, "Sort Space Type": "Memory", "Plans": [{"Node Type": "Aggregate", "Strategy": "Hashed", "Parent Relationship": "Outer", "Startup Cost": 13390481.96, "Total Cost": 13404940.94, "Plan Rows": 1445898, "Plan Width": 191, "Actual Startup Time": 16740.682, "Actual Total Time": 17059.666, "Actual Rows": 381542, "Actual Loops": 1, "Group By Key": ["customer.c_custkey", "customer.c_name", "customer.c_acctbal", "customer.c_phone", "nation.n_name", "customer.c_address", "customer.c_comment"], "Plans": [{"Node Type": "Nested Loop", "Parent Relationship": "Outer", "Join Type": "Inner", "Startup Cost": 14732.12, "Total Cost": 13354334.51, "Plan Rows": 1445898, "Plan Width": 191, "Actual Startup Time": 238.524, "Actual Total Time": 14766.149, "Actual Rows": 1145969, "Actual Loops": 1, "Inner Unique": false, "Plans": [{"Node Type": "Nested Loop", "Parent Relationship": "Outer", "Join Type": "Inner", "Startup Cost": 14730.2, "Total Cost": 5249597.54, "Plan Rows": 575746, "Plan Width": 183, "Actual Startup Time": 238.474, "Actual Total Time": 8454.028, "Actual Rows": 573635, "Actual Loops": 1, "Inner Unique": true, "Plans": [{"Node Type": "Nested Loop", "Parent Relationship": "Outer", "Join Type": "Inner", "Startup Cost": 14729.94, "Total Cost": 2785257.65, "Plan Rows": 575746, "Plan Width": 161, "Actual Startup Time": 238.424, "Actual Total Time": 6266.051, "Actual Rows": 573635, "Actual Loops": 1, "Inner Unique": true, "Plans": [{"Node Type": "Bitmap Heap Scan", "Parent Relationship": "Outer", "Relation Name": "orders", "Alias": "orders", "Startup Cost": 14729.65, "Total Cost": 299784.84, "Plan Rows": 575746, "Plan Width": 16, "Actual Startup Time": 238.197, "Actual Total Time": 1069.489, "Actual Rows": 573635, "Actual Loops": 1, "Recheck Cond": "((o_orderdate >= '1993-08-01 00:00:00'::timestamp(0) without time zone) AND (o_orderdate < '1993-11-01 00:00:00'::timestamp without time zone)), (LLVM Optimized, Jit Execute)", "Rows Removed by Index Recheck": 0, "Exact Heap Blocks": 242860, "Lossy Heap Blocks": 242860, "Plans": [{"Node Type": "Bitmap Index Scan", "Parent Relationship": "Outer", "Index Name": "idx_orders_orderdate", "Startup Cost": 0.0, "Total Cost": 14585.71, "Plan Rows": 575746, "Plan Width": 0, "Actual Startup Time": 163.236, "Actual Total Time": 163.236, "Actual Rows": 573635, "Actual Loops": 1, "Index Cond": "((o_orderdate >= '1993-08-01 00:00:00'::timestamp(0) without time zone) AND (o_orderdate < '1993-11-01 00:00:00'::timestamp without time zone))"}]}, {"Node Type": "Bitmap Heap Scan", "Parent Relationship": "Inner", "Relation Name": "customer", "Alias": "customer", "Startup Cost": 0.29, "Total Cost": 4.31, "Plan Rows": 1, "Plan Width": 153, "Actual Startup Time": 4318.454, "Actual Total Time": 4318.454, "Actual Rows": 573635, "Actual Loops": 573635, "Recheck Cond": "(c_custkey = orders.o_custkey)", "Rows Removed by Index Recheck": 0, "Exact Heap Blocks": 573635, "Lossy Heap Blocks": 573635, "Plans": [{"Node Type": "Bitmap Index Scan", "Parent Relationship": "Outer", "Index Name": "customer_pkey", "Startup Cost": 0.0, "Total Cost": 0.29, "Plan Rows": 1, "Plan Width": 0, "Actual Startup Time": 2664.814, "Actual Total Time": 2664.814, "Actual Rows": 573635, "Actual Loops": 573635, "Index Cond": "(c_custkey = orders.o_custkey)"}]}]}, {"Node Type": "Bitmap Heap Scan", "Parent Relationship": "Inner", "Relation Name": "nation", "Alias": "nation", "Startup Cost": 0.26, "Total Cost": 4.27, "Plan Rows": 1, "Plan Width": 30, "Actual Startup Time": 1395.278, "Actual Total Time": 1395.278, "Actual Rows": 573635, "Actual Loops": 573635, "Recheck Cond": "(n_nationkey = customer.c_nationkey)", "Rows Removed by Index Recheck": 0, "Exact Heap Blocks": 573635, "Lossy Heap Blocks": 573635, "Plans": [{"Node Type": "Bitmap Index Scan", "Parent Relationship": "Outer", "Index Name": "nation_pkey", "Startup Cost": 0.0, "Total Cost": 0.26, "Plan Rows": 1, "Plan Width": 0, "Actual Startup Time": 608.282, "Actual Total Time": 608.282, "Actual Rows": 573635, "Actual Loops": 573635, "Index Cond": "(n_nationkey = customer.c_nationkey)"}]}]}, {"Node Type": "Bitmap Heap Scan", "Parent Relationship": "Inner", "Relation Name": "lineitem", "Alias": "lineitem", "Startup Cost": 1.93, "Total Cost": 14.05, "Plan Rows": 3, "Plan Width": 24, "Actual Startup Time": 4824.259, "Actual Total Time": 5354.044, "Actual Rows": 1145969, "Actual Loops": 573635, "Recheck Cond": "(l_orderkey = orders.o_orderkey)", "Rows Removed by Index Recheck": 0, "Filter": "(l_returnflag = 'R'::bpchar)", "Rows Removed by Filter": 1146896, "Exact Heap Blocks": 614400, "Lossy Heap Blocks": 614400, "Plans": [{"Node Type": "Bitmap Index Scan", "Parent Relationship": "Outer", "Index Name": "idx_lineitem_orderkey", "Startup Cost": 0.0, "Total Cost": 1.92, "Plan Rows": 9, "Plan Width": 0, "Actual Startup Time": 2480.858, "Actual Total Time": 2480.858, "Actual Rows": 2292865, "Actual Loops": 573635, "Index Cond": "(l_orderkey = orders.o_orderkey)"}]}]}]}]}]}, "Triggers": [], "Planner Runtime": 0, "Total Runtime": 17207.36, "Unique SQL Id": 1604070524}}, "(1, 100)": {"explain_plan": {"Plan": {"Node Type": "Limit", "Startup Cost": 2741876.6, "Total Cost": 2741876.65, "Plan Rows": 20, "Plan Width": 191, "Plans": [{"Node Type": "Sort", "Parent Relationship": "Outer", "Startup Cost": 2741876.6, "Total Cost": 2745491.35, "Plan Rows": 20, "Plan Width": 191, "Sort Key": ["(sum((lineitem.l_extendedprice * (1::double precision - lineitem.l_discount)))) DESC"], "Plans": [{"Node Type": "Aggregate", "Strategy": "Hashed", "Parent Relationship": "Outer", "Startup Cost": 2688942.8, "Total Cost": 2703401.78, "Plan Rows": 1445898, "Plan Width": 191, "Group By Key": ["customer.c_custkey", "customer.c_name", "customer.c_acctbal", "customer.c_phone", "nation.n_name", "customer.c_address", "customer.c_comment"], "Plans": [{"Node Type": "Hash Join", "Parent Relationship": "Outer", "Join Type": "Inner", "Startup Cost": 377859.22, "Total Cost": 2652795.35, "Plan Rows": 1445898, "Plan Width": 191, "Inner Unique": true, "Hash Cond": "(customer.c_nationkey = nation.n_nationkey), (LLVM Optimized)", "Plans": [{"Node Type": "Hash Join", "Parent Relationship": "Outer", "Join Type": "Inner", "Startup Cost": 377857.66, "Total Cost": 2632912.69, "Plan Rows": 1445898, "Plan Width": 169, "Inner Unique": true, "Hash Cond": "(orders.o_custkey = customer.c_custkey), (LLVM Optimized)", "Plans": [{"Node Type": "Hash Join", "Parent Relationship": "Outer", "Join Type": "Inner", "Startup Cost": 306981.66, "Total Cost": 2542155.59, "Plan Rows": 1445898, "Plan Width": 24, "Inner Unique": true, "Hash Cond": "(lineitem.l_orderkey = orders.o_orderkey), (LLVM Optimized)", "Plans": [{"Node Type": "Seq Scan", "Parent Relationship": "Outer", "Relation Name": "lineitem", "Alias": "lineitem", "Startup Cost": 0.0, "Total Cost": 2165082.91, "Plan Rows": 14835209, "Plan Width": 24, "Filter": "(l_returnflag = 'R'::bpchar), (LLVM Optimized)"}, {"Node Type": "Hash", "Parent Relationship": "Inner", "Startup Cost": 299784.84, "Total Cost": 299784.84, "Plan Rows": 575746, "Plan Width": 16, "Plans": [{"Node Type": "Bitmap Heap Scan", "Parent Relationship": "Outer", "Relation Name": "orders", "Alias": "orders", "Startup Cost": 14729.65, "Total Cost": 299784.84, "Plan Rows": 575746, "Plan Width": 16, "Recheck Cond": "((o_orderdate >= '1993-08-01 00:00:00'::timestamp(0) without time zone) AND (o_orderdate < '1993-11-01 00:00:00'::timestamp without time zone)), (LLVM Optimized)", "Plans": [{"Node Type": "Bitmap Index Scan", "Parent Relationship": "Outer", "Index Name": "idx_orders_orderdate", "Startup Cost": 0.0, "Total Cost": 14585.71, "Plan Rows": 575746, "Plan Width": 0, "Index Cond": "((o_orderdate >= '1993-08-01 00:00:00'::timestamp(0) without time zone) AND (o_orderdate < '1993-11-01 00:00:00'::timestamp without time zone))"}]}]}]}, {"Node Type": "Hash", "Parent Relationship": "Inner", "Startup Cost": 52126.0, "Total Cost": 52126.0, "Plan Rows": 1500000, "Plan Width": 153, "Plans": [{"Node Type": "Seq Scan", "Parent Relationship": "Outer", "Relation Name": "customer", "Alias": "customer", "Startup Cost": 0.0, "Total Cost": 52126.0, "Plan Rows": 1500000, "Plan Width": 153}]}]}, {"Node Type": "Hash", "Parent Relationship": "Inner", "Startup Cost": 1.25, "Total Cost": 1.25, "Plan Rows": 25, "Plan Width": 30, "Plans": [{"Node Type": "Seq Scan", "Parent Relationship": "Outer", "Relation Name": "nation", "Alias": "nation", "Startup Cost": 0.0, "Total Cost": 1.25, "Plan Rows": 25, "Plan Width": 30}]}]}]}]}]}, "Unique SQL Id": 1604070524, "Planner Runtime": 0}, "explain_analyze_plan": {"Plan": {"Node Type": "Limit", "Startup Cost": 2741876.6, "Total Cost": 2741876.65, "Plan Rows": 20, "Plan Width": 191, "Actual Startup Time": 33004.147, "Actual Total Time": 33004.153, "Actual Rows": 20, "Actual Loops": 1, "Plans": [{"Node Type": "Sort", "Parent Relationship": "Outer", "Startup Cost": 2741876.6, "Total Cost": 2745491.35, "Plan Rows": 20, "Plan Width": 191, "Actual Startup Time": 33004.144, "Actual Total Time": 33004.147, "Actual Rows": 20, "Actual Loops": 1, "Sort Key": ["(sum((lineitem.l_extendedprice * (1::double precision - lineitem.l_discount)))) DESC"], "Sort Method": "top-N heapsort", "Sort Space Used": 35, "Sort Space Type": "Memory", "Plans": [{"Node Type": "Aggregate", "Strategy": "Hashed", "Parent Relationship": "Outer", "Startup Cost": 2688942.8, "Total Cost": 2703401.78, "Plan Rows": 1445898, "Plan Width": 191, "Actual Startup Time": 32671.075, "Actual Total Time": 32870.631, "Actual Rows": 381542, "Actual Loops": 1, "Group By Key": ["customer.c_custkey", "customer.c_name", "customer.c_acctbal", "customer.c_phone", "nation.n_name", "customer.c_address", "customer.c_comment"], "Plans": [{"Node Type": "Hash Join", "Parent Relationship": "Outer", "Join Type": "Inner", "Startup Cost": 377859.22, "Total Cost": 2652795.35, "Plan Rows": 1445898, "Plan Width": 191, "Actual Startup Time": 2461.198, "Actual Total Time": 30813.969, "Actual Rows": 1145969, "Actual Loops": 1, "Inner Unique": true, "Hash Cond": "(customer.c_nationkey = nation.n_nationkey), (LLVM Optimized, Jit Execute)", "Plans": [{"Node Type": "Hash Join", "Parent Relationship": "Outer", "Join Type": "Inner", "Startup Cost": 377857.66, "Total Cost": 2632912.69, "Plan Rows": 1445898, "Plan Width": 169, "Actual Startup Time": 2461.091, "Actual Total Time": 30352.238, "Actual Rows": 1145969, "Actual Loops": 1, "Inner Unique": true, "Hash Cond": "(orders.o_custkey = customer.c_custkey), (LLVM Optimized, Jit Execute)", "Plans": [{"Node Type": "Hash Join", "Parent Relationship": "Outer", "Join Type": "Inner", "Startup Cost": 306981.66, "Total Cost": 2542155.59, "Plan Rows": 1445898, "Plan Width": 24, "Actual Startup Time": 1151.523, "Actual Total Time": 28224.084, "Actual Rows": 1145969, "Actual Loops": 1, "Inner Unique": true, "Hash Cond": "(lineitem.l_orderkey = orders.o_orderkey), (LLVM Optimized, Jit Execute)", "Plans": [{"Node Type": "Seq Scan", "Parent Relationship": "Outer", "Relation Name": "lineitem", "Alias": "lineitem", "Startup Cost": 0.0, "Total Cost": 2165082.91, "Plan Rows": 14835209, "Plan Width": 24, "Actual Startup Time": 0.018, "Actual Total Time": 22374.177, "Actual Rows": 14808183, "Actual Loops": 1, "Filter": "(l_returnflag = 'R'::bpchar), (LLVM Optimized, Jit Execute)", "Rows Removed by Filter": 45177869}, {"Node Type": "Hash", "Parent Relationship": "Inner", "Startup Cost": 299784.84, "Total Cost": 299784.84, "Plan Rows": 575746, "Plan Width": 16, "Actual Startup Time": 1150.79, "Actual Total Time": 1150.79, "Actual Rows": 573635, "Actual Loops": 1, "Hash Buckets": 1048576, "Hash Batches": 1, "Original Hash Batches": 1, "Peak Memory Usage": 26890, "Plans": [{"Node Type": "Bitmap Heap Scan", "Parent Relationship": "Outer", "Relation Name": "orders", "Alias": "orders", "Startup Cost": 14729.65, "Total Cost": 299784.84, "Plan Rows": 575746, "Plan Width": 16, "Actual Startup Time": 240.926, "Actual Total Time": 939.038, "Actual Rows": 573635, "Actual Loops": 1, "Recheck Cond": "((o_orderdate >= '1993-08-01 00:00:00'::timestamp(0) without time zone) AND (o_orderdate < '1993-11-01 00:00:00'::timestamp without time zone)), (LLVM Optimized, Jit Execute)", "Rows Removed by Index Recheck": 0, "Exact Heap Blocks": 242860, "Lossy Heap Blocks": 242860, "Plans": [{"Node Type": "Bitmap Index Scan", "Parent Relationship": "Outer", "Index Name": "idx_orders_orderdate", "Startup Cost": 0.0, "Total Cost": 14585.71, "Plan Rows": 575746, "Plan Width": 0, "Actual Startup Time": 164.914, "Actual Total Time": 164.914, "Actual Rows": 573635, "Actual Loops": 1, "Index Cond": "((o_orderdate >= '1993-08-01 00:00:00'::timestamp(0) without time zone) AND (o_orderdate < '1993-11-01 00:00:00'::timestamp without time zone))"}]}]}]}, {"Node Type": "Hash", "Parent Relationship": "Inner", "Startup Cost": 52126.0, "Total Cost": 52126.0, "Plan Rows": 1500000, "Plan Width": 153, "Actual Startup Time": 1307.083, "Actual Total Time": 1307.083, "Actual Rows": 1500000, "Actual Loops": 1, "Hash Buckets": 2097152, "Hash Batches": 1, "Original Hash Batches": 1, "Peak Memory Usage": 282695, "Plans": [{"Node Type": "Seq Scan", "Parent Relationship": "Outer", "Relation Name": "customer", "Alias": "customer", "Startup Cost": 0.0, "Total Cost": 52126.0, "Plan Rows": 1500000, "Plan Width": 153, "Actual Startup Time": 0.025, "Actual Total Time": 597.485, "Actual Rows": 1500000, "Actual Loops": 1}]}]}, {"Node Type": "Hash", "Parent Relationship": "Inner", "Startup Cost": 1.25, "Total Cost": 1.25, "Plan Rows": 25, "Plan Width": 30, "Actual Startup Time": 0.036, "Actual Total Time": 0.036, "Actual Rows": 25, "Actual Loops": 1, "Hash Buckets": 32768, "Hash Batches": 1, "Original Hash Batches": 1, "Peak Memory Usage": 2, "Plans": [{"Node Type": "Seq Scan", "Parent Relationship": "Outer", "Relation Name": "nation", "Alias": "nation", "Startup Cost": 0.0, "Total Cost": 1.25, "Plan Rows": 25, "Plan Width": 30, "Actual Startup Time": 0.014, "Actual Total Time": 0.021, "Actual Rows": 25, "Actual Loops": 1}]}]}]}]}]}, "Triggers": [], "Planner Runtime": 0, "Total Runtime": 33015.458, "Unique SQL Id": 1604070524}}, "(1, 101)": {"explain_plan": {"Plan": {"Node Type": "Limit", "Startup Cost": 3620844.85, "Total Cost": 3620844.9, "Plan Rows": 20, "Plan Width": 191, "Plans": [{"Node Type": "Sort", "Parent Relationship": "Outer", "Startup Cost": 3620844.85, "Total Cost": 3624459.59, "Plan Rows": 20, "Plan Width": 191, "Sort Key": ["(sum((lineitem.l_extendedprice * (1::double precision - lineitem.l_discount)))) DESC"], "Plans": [{"Node Type": "Aggregate", "Strategy": "Hashed", "Parent Relationship": "Outer", "Startup Cost": 3567911.04, "Total Cost": 3582370.02, "Plan Rows": 1445898, "Plan Width": 191, "Group By Key": ["customer.c_custkey", "customer.c_name", "customer.c_acctbal", "customer.c_phone", "nation.n_name", "customer.c_address", "customer.c_comment"], "Plans": [{"Node Type": "Nested Loop", "Parent Relationship": "Outer", "Join Type": "Inner", "Startup Cost": 114257.94, "Total Cost": 3531763.59, "Plan Rows": 1445898, "Plan Width": 191, "Inner Unique": false, "Plans": [{"Node Type": "Hash Join", "Parent Relationship": "Outer", "Join Type": "Inner", "Startup Cost": 114257.94, "Total Cost": 415146.15, "Plan Rows": 575746, "Plan Width": 183, "Inner Unique": true, "Hash Cond": "(customer.c_nationkey = nation.n_nationkey), (LLVM Optimized)", "Plans": [{"Node Type": "Hash Join", "Parent Relationship": "Outer", "Join Type": "Inner", "Startup Cost": 114245.0, "Total Cost": 407216.7, "Plan Rows": 575746, "Plan Width": 161, "Inner Unique": true, "Hash Cond": "(orders.o_custkey = customer.c_custkey), (LLVM Optimized)", "Plans": [{"Node Type": "Bitmap Heap Scan", "Parent Relationship": "Outer", "Relation Name": "orders", "Alias": "orders", "Startup Cost": 14729.65, "Total Cost": 299784.84, "Plan Rows": 575746, "Plan Width": 16, "Recheck Cond": "((o_orderdate >= '1993-08-01 00:00:00'::timestamp(0) without time zone) AND (o_orderdate < '1993-11-01 00:00:00'::timestamp without time zone)), (LLVM Optimized)", "Plans": [{"Node Type": "Bitmap Index Scan", "Parent Relationship": "Outer", "Index Name": "idx_orders_orderdate", "Startup Cost": 0.0, "Total Cost": 14585.71, "Plan Rows": 575746, "Plan Width": 0, "Index Cond": "((o_orderdate >= '1993-08-01 00:00:00'::timestamp(0) without time zone) AND (o_orderdate < '1993-11-01 00:00:00'::timestamp without time zone))"}]}, {"Node Type": "Hash", "Parent Relationship": "Inner", "Startup Cost": 80765.36, "Total Cost": 80765.36, "Plan Rows": 1500000, "Plan Width": 153, "Plans": [{"Node Type": "Index Scan", "Parent Relationship": "Outer", "Scan Direction": "Forward", "Index Name": "customer_pkey", "Relation Name": "customer", "Alias": "customer", "Startup Cost": 0.0, "Total Cost": 80765.36, "Plan Rows": 1500000, "Plan Width": 153}]}]}, {"Node Type": "Hash", "Parent Relationship": "Inner", "Startup Cost": 12.62, "Total Cost": 12.62, "Plan Rows": 25, "Plan Width": 30, "Plans": [{"Node Type": "Index Scan", "Parent Relationship": "Outer", "Scan Direction": "Forward", "Index Name": "nation_pkey", "Relation Name": "nation", "Alias": "nation", "Startup Cost": 0.0, "Total Cost": 12.62, "Plan Rows": 25, "Plan Width": 30}]}]}, {"Node Type": "Index Scan", "Parent Relationship": "Inner", "Scan Direction": "Forward", "Index Name": "idx_lineitem_orderkey", "Relation Name": "lineitem", "Alias": "lineitem", "Startup Cost": 0.0, "Total Cost": 5.38, "Plan Rows": 3, "Plan Width": 24, "Index Cond": "(l_orderkey = orders.o_orderkey)", "Filter": "(l_returnflag = 'R'::bpchar)"}]}]}]}]}, "Unique SQL Id": 1604070524, "Planner Runtime": 0}, "explain_analyze_plan": {"Plan": {"Node Type": "Limit", "Startup Cost": 3620844.85, "Total Cost": 3620844.9, "Plan Rows": 20, "Plan Width": 191, "Actual Startup Time": 13884.972, "Actual Total Time": 13884.98, "Actual Rows": 20, "Actual Loops": 1, "Plans": [{"Node Type": "Sort", "Parent Relationship": "Outer", "Startup Cost": 3620844.85, "Total Cost": 3624459.59, "Plan Rows": 20, "Plan Width": 191, "Actual Startup Time": 13884.967, "Actual Total Time": 13884.97, "Actual Rows": 20, "Actual Loops": 1, "Sort Key": ["(sum((lineitem.l_extendedprice * (1::double precision - lineitem.l_discount)))) DESC"], "Sort Method": "top-N heapsort", "Sort Space Used": 35, "Sort Space Type": "Memory", "Plans": [{"Node Type": "Aggregate", "Strategy": "Hashed", "Parent Relationship": "Outer", "Startup Cost": 3567911.04, "Total Cost": 3582370.02, "Plan Rows": 1445898, "Plan Width": 191, "Actual Startup Time": 13549.273, "Actual Total Time": 13750.357, "Actual Rows": 381542, "Actual Loops": 1, "Group By Key": ["customer.c_custkey", "customer.c_name", "customer.c_acctbal", "customer.c_phone", "nation.n_name", "customer.c_address", "customer.c_comment"], "Plans": [{"Node Type": "Nested Loop", "Parent Relationship": "Outer", "Join Type": "Inner", "Startup Cost": 114257.94, "Total Cost": 3531763.59, "Plan Rows": 1445898, "Plan Width": 191, "Actual Startup Time": 1960.115, "Actual Total Time": 11619.369, "Actual Rows": 1145969, "Actual Loops": 1, "Inner Unique": false, "Plans": [{"Node Type": "Hash Join", "Parent Relationship": "Outer", "Join Type": "Inner", "Startup Cost": 114257.94, "Total Cost": 415146.15, "Plan Rows": 575746, "Plan Width": 183, "Actual Startup Time": 1959.983, "Actual Total Time": 3759.194, "Actual Rows": 573635, "Actual Loops": 1, "Inner Unique": true, "Hash Cond": "(customer.c_nationkey = nation.n_nationkey), (LLVM Optimized, Jit Execute)", "Plans": [{"Node Type": "Hash Join", "Parent Relationship": "Outer", "Join Type": "Inner", "Startup Cost": 114245.0, "Total Cost": 407216.7, "Plan Rows": 575746, "Plan Width": 161, "Actual Startup Time": 1959.879, "Actual Total Time": 3505.46, "Actual Rows": 573635, "Actual Loops": 1, "Inner Unique": true, "Hash Cond": "(orders.o_custkey = customer.c_custkey), (LLVM Optimized, Jit Execute)", "Plans": [{"Node Type": "Bitmap Heap Scan", "Parent Relationship": "Outer", "Relation Name": "orders", "Alias": "orders", "Startup Cost": 14729.65, "Total Cost": 299784.84, "Plan Rows": 575746, "Plan Width": 16, "Actual Startup Time": 239.628, "Actual Total Time": 1107.976, "Actual Rows": 573635, "Actual Loops": 1, "Recheck Cond": "((o_orderdate >= '1993-08-01 00:00:00'::timestamp(0) without time zone) AND (o_orderdate < '1993-11-01 00:00:00'::timestamp without time zone)), (LLVM Optimized, Jit Execute)", "Rows Removed by Index Recheck": 0, "Exact Heap Blocks": 242860, "Lossy Heap Blocks": 242860, "Plans": [{"Node Type": "Bitmap Index Scan", "Parent Relationship": "Outer", "Index Name": "idx_orders_orderdate", "Startup Cost": 0.0, "Total Cost": 14585.71, "Plan Rows": 575746, "Plan Width": 0, "Actual Startup Time": 164.39, "Actual Total Time": 164.39, "Actual Rows": 573635, "Actual Loops": 1, "Index Cond": "((o_orderdate >= '1993-08-01 00:00:00'::timestamp(0) without time zone) AND (o_orderdate < '1993-11-01 00:00:00'::timestamp without time zone))"}]}, {"Node Type": "Hash", "Parent Relationship": "Inner", "Startup Cost": 80765.36, "Total Cost": 80765.36, "Plan Rows": 1500000, "Plan Width": 153, "Actual Startup Time": 1718.794, "Actual Total Time": 1718.794, "Actual Rows": 1500000, "Actual Loops": 1, "Hash Buckets": 2097152, "Hash Batches": 1, "Original Hash Batches": 1, "Peak Memory Usage": 282695, "Plans": [{"Node Type": "Index Scan", "Parent Relationship": "Outer", "Scan Direction": "Forward", "Index Name": "customer_pkey", "Relation Name": "customer", "Alias": "customer", "Startup Cost": 0.0, "Total Cost": 80765.36, "Plan Rows": 1500000, "Plan Width": 153, "Actual Startup Time": 0.057, "Actual Total Time": 1053.373, "Actual Rows": 1500000, "Actual Loops": 1}]}]}, {"Node Type": "Hash", "Parent Relationship": "Inner", "Startup Cost": 12.62, "Total Cost": 12.62, "Plan Rows": 25, "Plan Width": 30, "Actual Startup Time": 0.054, "Actual Total Time": 0.054, "Actual Rows": 25, "Actual Loops": 1, "Hash Buckets": 32768, "Hash Batches": 1, "Original Hash Batches": 1, "Peak Memory Usage": 2, "Plans": [{"Node Type": "Index Scan", "Parent Relationship": "Outer", "Scan Direction": "Forward", "Index Name": "nation_pkey", "Relation Name": "nation", "Alias": "nation", "Startup Cost": 0.0, "Total Cost": 12.62, "Plan Rows": 25, "Plan Width": 30, "Actual Startup Time": 0.018, "Actual Total Time": 0.034, "Actual Rows": 25, "Actual Loops": 1}]}]}, {"Node Type": "Index Scan", "Parent Relationship": "Inner", "Scan Direction": "Forward", "Index Name": "idx_lineitem_orderkey", "Relation Name": "lineitem", "Alias": "lineitem", "Startup Cost": 0.0, "Total Cost": 5.38, "Plan Rows": 3, "Plan Width": 24, "Actual Startup Time": 5879.361, "Actual Total Time": 7208.975, "Actual Rows": 1145969, "Actual Loops": 573635, "Index Cond": "(l_orderkey = orders.o_orderkey)", "Rows Removed by Index Recheck": 0, "Filter": "(l_returnflag = 'R'::bpchar)", "Rows Removed by Filter": 1146896}]}]}]}]}, "Triggers": [], "Planner Runtime": 0, "Total Runtime": 13895.62, "Unique SQL Id": 1604070524}}, "(1, 102)": {"explain_plan": {"Plan": {"Node Type": "Limit", "Startup Cost": 2741876.6, "Total Cost": 2741876.65, "Plan Rows": 20, "Plan Width": 191, "Plans": [{"Node Type": "Sort", "Parent Relationship": "Outer", "Startup Cost": 2741876.6, "Total Cost": 2745491.35, "Plan Rows": 20, "Plan Width": 191, "Sort Key": ["(sum((lineitem.l_extendedprice * (1::double precision - lineitem.l_discount)))) DESC"], "Plans": [{"Node Type": "Aggregate", "Strategy": "Hashed", "Parent Relationship": "Outer", "Startup Cost": 2688942.8, "Total Cost": 2703401.78, "Plan Rows": 1445898, "Plan Width": 191, "Group By Key": ["customer.c_custkey", "customer.c_name", "customer.c_acctbal", "customer.c_phone", "nation.n_name", "customer.c_address", "customer.c_comment"], "Plans": [{"Node Type": "Hash Join", "Parent Relationship": "Outer", "Join Type": "Inner", "Startup Cost": 377859.22, "Total Cost": 2652795.35, "Plan Rows": 1445898, "Plan Width": 191, "Inner Unique": true, "Hash Cond": "(customer.c_nationkey = nation.n_nationkey), (LLVM Optimized)", "Plans": [{"Node Type": "Hash Join", "Parent Relationship": "Outer", "Join Type": "Inner", "Startup Cost": 377857.66, "Total Cost": 2632912.69, "Plan Rows": 1445898, "Plan Width": 169, "Inner Unique": true, "Hash Cond": "(orders.o_custkey = customer.c_custkey), (LLVM Optimized)", "Plans": [{"Node Type": "Hash Join", "Parent Relationship": "Outer", "Join Type": "Inner", "Startup Cost": 306981.66, "Total Cost": 2542155.59, "Plan Rows": 1445898, "Plan Width": 24, "Inner Unique": true, "Hash Cond": "(lineitem.l_orderkey = orders.o_orderkey), (LLVM Optimized)", "Plans": [{"Node Type": "Seq Scan", "Parent Relationship": "Outer", "Relation Name": "lineitem", "Alias": "lineitem", "Startup Cost": 0.0, "Total Cost": 2165082.91, "Plan Rows": 14835209, "Plan Width": 24, "Filter": "(l_returnflag = 'R'::bpchar), (LLVM Optimized)"}, {"Node Type": "Hash", "Parent Relationship": "Inner", "Startup Cost": 299784.84, "Total Cost": 299784.84, "Plan Rows": 575746, "Plan Width": 16, "Plans": [{"Node Type": "Bitmap Heap Scan", "Parent Relationship": "Outer", "Relation Name": "orders", "Alias": "orders", "Startup Cost": 14729.65, "Total Cost": 299784.84, "Plan Rows": 575746, "Plan Width": 16, "Recheck Cond": "((o_orderdate >= '1993-08-01 00:00:00'::timestamp(0) without time zone) AND (o_orderdate < '1993-11-01 00:00:00'::timestamp without time zone)), (LLVM Optimized)", "Plans": [{"Node Type": "Bitmap Index Scan", "Parent Relationship": "Outer", "Index Name": "idx_orders_orderdate", "Startup Cost": 0.0, "Total Cost": 14585.71, "Plan Rows": 575746, "Plan Width": 0, "Index Cond": "((o_orderdate >= '1993-08-01 00:00:00'::timestamp(0) without time zone) AND (o_orderdate < '1993-11-01 00:00:00'::timestamp without time zone))"}]}]}]}, {"Node Type": "Hash", "Parent Relationship": "Inner", "Startup Cost": 52126.0, "Total Cost": 52126.0, "Plan Rows": 1500000, "Plan Width": 153, "Plans": [{"Node Type": "Seq Scan", "Parent Relationship": "Outer", "Relation Name": "customer", "Alias": "customer", "Startup Cost": 0.0, "Total Cost": 52126.0, "Plan Rows": 1500000, "Plan Width": 153}]}]}, {"Node Type": "Hash", "Parent Relationship": "Inner", "Startup Cost": 1.25, "Total Cost": 1.25, "Plan Rows": 25, "Plan Width": 30, "Plans": [{"Node Type": "Seq Scan", "Parent Relationship": "Outer", "Relation Name": "nation", "Alias": "nation", "Startup Cost": 0.0, "Total Cost": 1.25, "Plan Rows": 25, "Plan Width": 30}]}]}]}]}]}, "Unique SQL Id": 1604070524, "Planner Runtime": 0}, "explain_analyze_plan": {"Plan": {"Node Type": "Limit", "Startup Cost": 2741876.6, "Total Cost": 2741876.65, "Plan Rows": 20, "Plan Width": 191, "Actual Startup Time": 33004.147, "Actual Total Time": 33004.153, "Actual Rows": 20, "Actual Loops": 1, "Plans": [{"Node Type": "Sort", "Parent Relationship": "Outer", "Startup Cost": 2741876.6, "Total Cost": 2745491.35, "Plan Rows": 20, "Plan Width": 191, "Actual Startup Time": 33004.144, "Actual Total Time": 33004.147, "Actual Rows": 20, "Actual Loops": 1, "Sort Key": ["(sum((lineitem.l_extendedprice * (1::double precision - lineitem.l_discount)))) DESC"], "Sort Method": "top-N heapsort", "Sort Space Used": 35, "Sort Space Type": "Memory", "Plans": [{"Node Type": "Aggregate", "Strategy": "Hashed", "Parent Relationship": "Outer", "Startup Cost": 2688942.8, "Total Cost": 2703401.78, "Plan Rows": 1445898, "Plan Width": 191, "Actual Startup Time": 32671.075, "Actual Total Time": 32870.631, "Actual Rows": 381542, "Actual Loops": 1, "Group By Key": ["customer.c_custkey", "customer.c_name", "customer.c_acctbal", "customer.c_phone", "nation.n_name", "customer.c_address", "customer.c_comment"], "Plans": [{"Node Type": "Hash Join", "Parent Relationship": "Outer", "Join Type": "Inner", "Startup Cost": 377859.22, "Total Cost": 2652795.35, "Plan Rows": 1445898, "Plan Width": 191, "Actual Startup Time": 2461.198, "Actual Total Time": 30813.969, "Actual Rows": 1145969, "Actual Loops": 1, "Inner Unique": true, "Hash Cond": "(customer.c_nationkey = nation.n_nationkey), (LLVM Optimized, Jit Execute)", "Plans": [{"Node Type": "Hash Join", "Parent Relationship": "Outer", "Join Type": "Inner", "Startup Cost": 377857.66, "Total Cost": 2632912.69, "Plan Rows": 1445898, "Plan Width": 169, "Actual Startup Time": 2461.091, "Actual Total Time": 30352.238, "Actual Rows": 1145969, "Actual Loops": 1, "Inner Unique": true, "Hash Cond": "(orders.o_custkey = customer.c_custkey), (LLVM Optimized, Jit Execute)", "Plans": [{"Node Type": "Hash Join", "Parent Relationship": "Outer", "Join Type": "Inner", "Startup Cost": 306981.66, "Total Cost": 2542155.59, "Plan Rows": 1445898, "Plan Width": 24, "Actual Startup Time": 1151.523, "Actual Total Time": 28224.084, "Actual Rows": 1145969, "Actual Loops": 1, "Inner Unique": true, "Hash Cond": "(lineitem.l_orderkey = orders.o_orderkey), (LLVM Optimized, Jit Execute)", "Plans": [{"Node Type": "Seq Scan", "Parent Relationship": "Outer", "Relation Name": "lineitem", "Alias": "lineitem", "Startup Cost": 0.0, "Total Cost": 2165082.91, "Plan Rows": 14835209, "Plan Width": 24, "Actual Startup Time": 0.018, "Actual Total Time": 22374.177, "Actual Rows": 14808183, "Actual Loops": 1, "Filter": "(l_returnflag = 'R'::bpchar), (LLVM Optimized, Jit Execute)", "Rows Removed by Filter": 45177869}, {"Node Type": "Hash", "Parent Relationship": "Inner", "Startup Cost": 299784.84, "Total Cost": 299784.84, "Plan Rows": 575746, "Plan Width": 16, "Actual Startup Time": 1150.79, "Actual Total Time": 1150.79, "Actual Rows": 573635, "Actual Loops": 1, "Hash Buckets": 1048576, "Hash Batches": 1, "Original Hash Batches": 1, "Peak Memory Usage": 26890, "Plans": [{"Node Type": "Bitmap Heap Scan", "Parent Relationship": "Outer", "Relation Name": "orders", "Alias": "orders", "Startup Cost": 14729.65, "Total Cost": 299784.84, "Plan Rows": 575746, "Plan Width": 16, "Actual Startup Time": 240.926, "Actual Total Time": 939.038, "Actual Rows": 573635, "Actual Loops": 1, "Recheck Cond": "((o_orderdate >= '1993-08-01 00:00:00'::timestamp(0) without time zone) AND (o_orderdate < '1993-11-01 00:00:00'::timestamp without time zone)), (LLVM Optimized, Jit Execute)", "Rows Removed by Index Recheck": 0, "Exact Heap Blocks": 242860, "Lossy Heap Blocks": 242860, "Plans": [{"Node Type": "Bitmap Index Scan", "Parent Relationship": "Outer", "Index Name": "idx_orders_orderdate", "Startup Cost": 0.0, "Total Cost": 14585.71, "Plan Rows": 575746, "Plan Width": 0, "Actual Startup Time": 164.914, "Actual Total Time": 164.914, "Actual Rows": 573635, "Actual Loops": 1, "Index Cond": "((o_orderdate >= '1993-08-01 00:00:00'::timestamp(0) without time zone) AND (o_orderdate < '1993-11-01 00:00:00'::timestamp without time zone))"}]}]}]}, {"Node Type": "Hash", "Parent Relationship": "Inner", "Startup Cost": 52126.0, "Total Cost": 52126.0, "Plan Rows": 1500000, "Plan Width": 153, "Actual Startup Time": 1307.083, "Actual Total Time": 1307.083, "Actual Rows": 1500000, "Actual Loops": 1, "Hash Buckets": 2097152, "Hash Batches": 1, "Original Hash Batches": 1, "Peak Memory Usage": 282695, "Plans": [{"Node Type": "Seq Scan", "Parent Relationship": "Outer", "Relation Name": "customer", "Alias": "customer", "Startup Cost": 0.0, "Total Cost": 52126.0, "Plan Rows": 1500000, "Plan Width": 153, "Actual Startup Time": 0.025, "Actual Total Time": 597.485, "Actual Rows": 1500000, "Actual Loops": 1}]}]}, {"Node Type": "Hash", "Parent Relationship": "Inner", "Startup Cost": 1.25, "Total Cost": 1.25, "Plan Rows": 25, "Plan Width": 30, "Actual Startup Time": 0.036, "Actual Total Time": 0.036, "Actual Rows": 25, "Actual Loops": 1, "Hash Buckets": 32768, "Hash Batches": 1, "Original Hash Batches": 1, "Peak Memory Usage": 2, "Plans": [{"Node Type": "Seq Scan", "Parent Relationship": "Outer", "Relation Name": "nation", "Alias": "nation", "Startup Cost": 0.0, "Total Cost": 1.25, "Plan Rows": 25, "Plan Width": 30, "Actual Startup Time": 0.014, "Actual Total Time": 0.021, "Actual Rows": 25, "Actual Loops": 1}]}]}]}]}]}, "Triggers": [], "Planner Runtime": 0, "Total Runtime": 33015.458, "Unique SQL Id": 1604070524}}, "(1, 103)": {"explain_plan": {"Plan": {"Node Type": "Limit", "Startup Cost": 13443415.76, "Total Cost": 13443415.81, "Plan Rows": 20, "Plan Width": 191, "Plans": [{"Node Type": "Sort", "Parent Relationship": "Outer", "Startup Cost": 13443415.76, "Total Cost": 13447030.51, "Plan Rows": 20, "Plan Width": 191, "Sort Key": ["(sum((lineitem.l_extendedprice * (1::double precision - lineitem.l_discount)))) DESC"], "Plans": [{"Node Type": "Aggregate", "Strategy": "Hashed", "Parent Relationship": "Outer", "Startup Cost": 13390481.96, "Total Cost": 13404940.94, "Plan Rows": 1445898, "Plan Width": 191, "Group By Key": ["customer.c_custkey", "customer.c_name", "customer.c_acctbal", "customer.c_phone", "nation.n_name", "customer.c_address", "customer.c_comment"], "Plans": [{"Node Type": "Nested Loop", "Parent Relationship": "Outer", "Join Type": "Inner", "Startup Cost": 14732.12, "Total Cost": 13354334.51, "Plan Rows": 1445898, "Plan Width": 191, "Inner Unique": false, "Plans": [{"Node Type": "Nested Loop", "Parent Relationship": "Outer", "Join Type": "Inner", "Startup Cost": 14730.2, "Total Cost": 5249597.54, "Plan Rows": 575746, "Plan Width": 183, "Inner Unique": true, "Plans": [{"Node Type": "Nested Loop", "Parent Relationship": "Outer", "Join Type": "Inner", "Startup Cost": 14729.94, "Total Cost": 2785257.65, "Plan Rows": 575746, "Plan Width": 161, "Inner Unique": true, "Plans": [{"Node Type": "Bitmap Heap Scan", "Parent Relationship": "Outer", "Relation Name": "orders", "Alias": "orders", "Startup Cost": 14729.65, "Total Cost": 299784.84, "Plan Rows": 575746, "Plan Width": 16, "Recheck Cond": "((o_orderdate >= '1993-08-01 00:00:00'::timestamp(0) without time zone) AND (o_orderdate < '1993-11-01 00:00:00'::timestamp without time zone)), (LLVM Optimized)", "Plans": [{"Node Type": "Bitmap Index Scan", "Parent Relationship": "Outer", "Index Name": "idx_orders_orderdate", "Startup Cost": 0.0, "Total Cost": 14585.71, "Plan Rows": 575746, "Plan Width": 0, "Index Cond": "((o_orderdate >= '1993-08-01 00:00:00'::timestamp(0) without time zone) AND (o_orderdate < '1993-11-01 00:00:00'::timestamp without time zone))"}]}, {"Node Type": "Bitmap Heap Scan", "Parent Relationship": "Inner", "Relation Name": "customer", "Alias": "customer", "Startup Cost": 0.29, "Total Cost": 4.31, "Plan Rows": 1, "Plan Width": 153, "Recheck Cond": "(c_custkey = orders.o_custkey)", "Plans": [{"Node Type": "Bitmap Index Scan", "Parent Relationship": "Outer", "Index Name": "customer_pkey", "Startup Cost": 0.0, "Total Cost": 0.29, "Plan Rows": 1, "Plan Width": 0, "Index Cond": "(c_custkey = orders.o_custkey)"}]}]}, {"Node Type": "Bitmap Heap Scan", "Parent Relationship": "Inner", "Relation Name": "nation", "Alias": "nation", "Startup Cost": 0.26, "Total Cost": 4.27, "Plan Rows": 1, "Plan Width": 30, "Recheck Cond": "(n_nationkey = customer.c_nationkey)", "Plans": [{"Node Type": "Bitmap Index Scan", "Parent Relationship": "Outer", "Index Name": "nation_pkey", "Startup Cost": 0.0, "Total Cost": 0.26, "Plan Rows": 1, "Plan Width": 0, "Index Cond": "(n_nationkey = customer.c_nationkey)"}]}]}, {"Node Type": "Bitmap Heap Scan", "Parent Relationship": "Inner", "Relation Name": "lineitem", "Alias": "lineitem", "Startup Cost": 1.93, "Total Cost": 14.05, "Plan Rows": 3, "Plan Width": 24, "Recheck Cond": "(l_orderkey = orders.o_orderkey)", "Filter": "(l_returnflag = 'R'::bpchar)", "Plans": [{"Node Type": "Bitmap Index Scan", "Parent Relationship": "Outer", "Index Name": "idx_lineitem_orderkey", "Startup Cost": 0.0, "Total Cost": 1.92, "Plan Rows": 9, "Plan Width": 0, "Index Cond": "(l_orderkey = orders.o_orderkey)"}]}]}]}]}]}, "Unique SQL Id": 1604070524, "Planner Runtime": 0}, "explain_analyze_plan": {"Plan": {"Node Type": "Limit", "Startup Cost": 13443415.76, "Total Cost": 13443415.81, "Plan Rows": 20, "Plan Width": 191, "Actual Startup Time": 17197.212, "Actual Total Time": 17197.217, "Actual Rows": 20, "Actual Loops": 1, "Plans": [{"Node Type": "Sort", "Parent Relationship": "Outer", "Startup Cost": 13443415.76, "Total Cost": 13447030.51, "Plan Rows": 20, "Plan Width": 191, "Actual Startup Time": 17197.208, "Actual Total Time": 17197.21, "Actual Rows": 20, "Actual Loops": 1, "Sort Key": ["(sum((lineitem.l_extendedprice * (1::double precision - lineitem.l_discount)))) DESC"], "Sort Method": "top-N heapsort", "Sort Space Used": 35, "Sort Space Type": "Memory", "Plans": [{"Node Type": "Aggregate", "Strategy": "Hashed", "Parent Relationship": "Outer", "Startup Cost": 13390481.96, "Total Cost": 13404940.94, "Plan Rows": 1445898, "Plan Width": 191, "Actual Startup Time": 16740.682, "Actual Total Time": 17059.666, "Actual Rows": 381542, "Actual Loops": 1, "Group By Key": ["customer.c_custkey", "customer.c_name", "customer.c_acctbal", "customer.c_phone", "nation.n_name", "customer.c_address", "customer.c_comment"], "Plans": [{"Node Type": "Nested Loop", "Parent Relationship": "Outer", "Join Type": "Inner", "Startup Cost": 14732.12, "Total Cost": 13354334.51, "Plan Rows": 1445898, "Plan Width": 191, "Actual Startup Time": 238.524, "Actual Total Time": 14766.149, "Actual Rows": 1145969, "Actual Loops": 1, "Inner Unique": false, "Plans": [{"Node Type": "Nested Loop", "Parent Relationship": "Outer", "Join Type": "Inner", "Startup Cost": 14730.2, "Total Cost": 5249597.54, "Plan Rows": 575746, "Plan Width": 183, "Actual Startup Time": 238.474, "Actual Total Time": 8454.028, "Actual Rows": 573635, "Actual Loops": 1, "Inner Unique": true, "Plans": [{"Node Type": "Nested Loop", "Parent Relationship": "Outer", "Join Type": "Inner", "Startup Cost": 14729.94, "Total Cost": 2785257.65, "Plan Rows": 575746, "Plan Width": 161, "Actual Startup Time": 238.424, "Actual Total Time": 6266.051, "Actual Rows": 573635, "Actual Loops": 1, "Inner Unique": true, "Plans": [{"Node Type": "Bitmap Heap Scan", "Parent Relationship": "Outer", "Relation Name": "orders", "Alias": "orders", "Startup Cost": 14729.65, "Total Cost": 299784.84, "Plan Rows": 575746, "Plan Width": 16, "Actual Startup Time": 238.197, "Actual Total Time": 1069.489, "Actual Rows": 573635, "Actual Loops": 1, "Recheck Cond": "((o_orderdate >= '1993-08-01 00:00:00'::timestamp(0) without time zone) AND (o_orderdate < '1993-11-01 00:00:00'::timestamp without time zone)), (LLVM Optimized, Jit Execute)", "Rows Removed by Index Recheck": 0, "Exact Heap Blocks": 242860, "Lossy Heap Blocks": 242860, "Plans": [{"Node Type": "Bitmap Index Scan", "Parent Relationship": "Outer", "Index Name": "idx_orders_orderdate", "Startup Cost": 0.0, "Total Cost": 14585.71, "Plan Rows": 575746, "Plan Width": 0, "Actual Startup Time": 163.236, "Actual Total Time": 163.236, "Actual Rows": 573635, "Actual Loops": 1, "Index Cond": "((o_orderdate >= '1993-08-01 00:00:00'::timestamp(0) without time zone) AND (o_orderdate < '1993-11-01 00:00:00'::timestamp without time zone))"}]}, {"Node Type": "Bitmap Heap Scan", "Parent Relationship": "Inner", "Relation Name": "customer", "Alias": "customer", "Startup Cost": 0.29, "Total Cost": 4.31, "Plan Rows": 1, "Plan Width": 153, "Actual Startup Time": 4318.454, "Actual Total Time": 4318.454, "Actual Rows": 573635, "Actual Loops": 573635, "Recheck Cond": "(c_custkey = orders.o_custkey)", "Rows Removed by Index Recheck": 0, "Exact Heap Blocks": 573635, "Lossy Heap Blocks": 573635, "Plans": [{"Node Type": "Bitmap Index Scan", "Parent Relationship": "Outer", "Index Name": "customer_pkey", "Startup Cost": 0.0, "Total Cost": 0.29, "Plan Rows": 1, "Plan Width": 0, "Actual Startup Time": 2664.814, "Actual Total Time": 2664.814, "Actual Rows": 573635, "Actual Loops": 573635, "Index Cond": "(c_custkey = orders.o_custkey)"}]}]}, {"Node Type": "Bitmap Heap Scan", "Parent Relationship": "Inner", "Relation Name": "nation", "Alias": "nation", "Startup Cost": 0.26, "Total Cost": 4.27, "Plan Rows": 1, "Plan Width": 30, "Actual Startup Time": 1395.278, "Actual Total Time": 1395.278, "Actual Rows": 573635, "Actual Loops": 573635, "Recheck Cond": "(n_nationkey = customer.c_nationkey)", "Rows Removed by Index Recheck": 0, "Exact Heap Blocks": 573635, "Lossy Heap Blocks": 573635, "Plans": [{"Node Type": "Bitmap Index Scan", "Parent Relationship": "Outer", "Index Name": "nation_pkey", "Startup Cost": 0.0, "Total Cost": 0.26, "Plan Rows": 1, "Plan Width": 0, "Actual Startup Time": 608.282, "Actual Total Time": 608.282, "Actual Rows": 573635, "Actual Loops": 573635, "Index Cond": "(n_nationkey = customer.c_nationkey)"}]}]}, {"Node Type": "Bitmap Heap Scan", "Parent Relationship": "Inner", "Relation Name": "lineitem", "Alias": "lineitem", "Startup Cost": 1.93, "Total Cost": 14.05, "Plan Rows": 3, "Plan Width": 24, "Actual Startup Time": 4824.259, "Actual Total Time": 5354.044, "Actual Rows": 1145969, "Actual Loops": 573635, "Recheck Cond": "(l_orderkey = orders.o_orderkey)", "Rows Removed by Index Recheck": 0, "Filter": "(l_returnflag = 'R'::bpchar)", "Rows Removed by Filter": 1146896, "Exact Heap Blocks": 614400, "Lossy Heap Blocks": 614400, "Plans": [{"Node Type": "Bitmap Index Scan", "Parent Relationship": "Outer", "Index Name": "idx_lineitem_orderkey", "Startup Cost": 0.0, "Total Cost": 1.92, "Plan Rows": 9, "Plan Width": 0, "Actual Startup Time": 2480.858, "Actual Total Time": 2480.858, "Actual Rows": 2292865, "Actual Loops": 573635, "Index Cond": "(l_orderkey = orders.o_orderkey)"}]}]}]}]}]}, "Triggers": [], "Planner Runtime": 0, "Total Runtime": 17207.36, "Unique SQL Id": 1604070524}}, "(1, 104)": {"explain_plan": {"Plan": {"Node Type": "Limit", "Startup Cost": 2943502.95, "Total Cost": 2943503.0, "Plan Rows": 20, "Plan Width": 191, "Plans": [{"Node Type": "Sort", "Parent Relationship": "Outer", "Startup Cost": 2943502.95, "Total Cost": 2947117.69, "Plan Rows": 20, "Plan Width": 191, "Sort Key": ["(sum((lineitem.l_extendedprice * (1::double precision - lineitem.l_discount)))) DESC"], "Plans": [{"Node Type": "Aggregate", "Strategy": "Hashed", "Parent Relationship": "Outer", "Startup Cost": 2890569.14, "Total Cost": 2905028.12, "Plan Rows": 1445898, "Plan Width": 191, "Group By Key": ["customer.c_custkey", "customer.c_name", "customer.c_acctbal", "customer.c_phone", "nation.n_name", "customer.c_address", "customer.c_comment"], "Plans": [{"Node Type": "Hash Join", "Parent Relationship": "Outer", "Join Type": "Inner", "Startup Cost": 579485.57, "Total Cost": 2854421.69, "Plan Rows": 1445898, "Plan Width": 191, "Inner Unique": true, "Hash Cond": "(customer.c_nationkey = nation.n_nationkey), (LLVM Optimized)", "Plans": [{"Node Type": "Hash Join", "Parent Relationship": "Outer", "Join Type": "Inner", "Startup Cost": 579484.01, "Total Cost": 2834539.03, "Plan Rows": 1445898, "Plan Width": 169, "Inner Unique": true, "Hash Cond": "(orders.o_custkey = customer.c_custkey), (LLVM Optimized)", "Plans": [{"Node Type": "Hash Join", "Parent Relationship": "Outer", "Join Type": "Inner", "Startup Cost": 508608.01, "Total Cost": 2743781.94, "Plan Rows": 1445898, "Plan Width": 24, "Inner Unique": true, "Hash Cond": "(lineitem.l_orderkey = orders.o_orderkey), (LLVM Optimized)", "Plans": [{"Node Type": "Seq Scan", "Parent Relationship": "Outer", "Relation Name": "lineitem", "Alias": "lineitem", "Startup Cost": 0.0, "Total Cost": 2165082.91, "Plan Rows": 14835209, "Plan Width": 24, "Filter": "(l_returnflag = 'R'::bpchar), (LLVM Optimized)"}, {"Node Type": "Hash", "Parent Relationship": "Inner", "Startup Cost": 501411.18, "Total Cost": 501411.18, "Plan Rows": 575746, "Plan Width": 16, "Plans": [{"Node Type": "Seq Scan", "Parent Relationship": "Outer", "Relation Name": "orders", "Alias": "orders", "Startup Cost": 578.97, "Total Cost": 501411.18, "Plan Rows": 575746, "Plan Width": 16, "Filter": "((o_orderdate >= '1993-08-01 00:00:00'::timestamp(0) without time zone) AND (o_orderdate < '1993-11-01 00:00:00'::timestamp without time zone)), (LLVM Optimized)"}]}]}, {"Node Type": "Hash", "Parent Relationship": "Inner", "Startup Cost": 52126.0, "Total Cost": 52126.0, "Plan Rows": 1500000, "Plan Width": 153, "Plans": [{"Node Type": "Seq Scan", "Parent Relationship": "Outer", "Relation Name": "customer", "Alias": "customer", "Startup Cost": 0.0, "Total Cost": 52126.0, "Plan Rows": 1500000, "Plan Width": 153}]}]}, {"Node Type": "Hash", "Parent Relationship": "Inner", "Startup Cost": 1.25, "Total Cost": 1.25, "Plan Rows": 25, "Plan Width": 30, "Plans": [{"Node Type": "Seq Scan", "Parent Relationship": "Outer", "Relation Name": "nation", "Alias": "nation", "Startup Cost": 0.0, "Total Cost": 1.25, "Plan Rows": 25, "Plan Width": 30}]}]}]}]}]}, "Unique SQL Id": 1604070524, "Planner Runtime": 0}, "explain_analyze_plan": {"Plan": {"Node Type": "Limit", "Startup Cost": 2943502.95, "Total Cost": 2943503.0, "Plan Rows": 20, "Plan Width": 191, "Actual Startup Time": 37507.07, "Actual Total Time": 37507.078, "Actual Rows": 20, "Actual Loops": 1, "Plans": [{"Node Type": "Sort", "Parent Relationship": "Outer", "Startup Cost": 2943502.95, "Total Cost": 2947117.69, "Plan Rows": 20, "Plan Width": 191, "Actual Startup Time": 37507.067, "Actual Total Time": 37507.072, "Actual Rows": 20, "Actual Loops": 1, "Sort Key": ["(sum((lineitem.l_extendedprice * (1::double precision - lineitem.l_discount)))) DESC"], "Sort Method": "top-N heapsort", "Sort Space Used": 35, "Sort Space Type": "Memory", "Plans": [{"Node Type": "Aggregate", "Strategy": "Hashed", "Parent Relationship": "Outer", "Startup Cost": 2890569.14, "Total Cost": 2905028.12, "Plan Rows": 1445898, "Plan Width": 191, "Actual Startup Time": 37011.07, "Actual Total Time": 37368.13, "Actual Rows": 381542, "Actual Loops": 1, "Group By Key": ["customer.c_custkey", "customer.c_name", "customer.c_acctbal", "customer.c_phone", "nation.n_name", "customer.c_address", "customer.c_comment"], "Plans": [{"Node Type": "Hash Join", "Parent Relationship": "Outer", "Join Type": "Inner", "Startup Cost": 579485.57, "Total Cost": 2854421.69, "Plan Rows": 1445898, "Plan Width": 191, "Actual Startup Time": 6752.103, "Actual Total Time": 35154.298, "Actual Rows": 1145969, "Actual Loops": 1, "Inner Unique": true, "Hash Cond": "(customer.c_nationkey = nation.n_nationkey), (LLVM Optimized, Jit Execute)", "Plans": [{"Node Type": "Hash Join", "Parent Relationship": "Outer", "Join Type": "Inner", "Startup Cost": 579484.01, "Total Cost": 2834539.03, "Plan Rows": 1445898, "Plan Width": 169, "Actual Startup Time": 6752.0, "Actual Total Time": 34685.986, "Actual Rows": 1145969, "Actual Loops": 1, "Inner Unique": true, "Hash Cond": "(orders.o_custkey = customer.c_custkey), (LLVM Optimized, Jit Execute)", "Plans": [{"Node Type": "Hash Join", "Parent Relationship": "Outer", "Join Type": "Inner", "Startup Cost": 508608.01, "Total Cost": 2743781.94, "Plan Rows": 1445898, "Plan Width": 24, "Actual Startup Time": 5507.657, "Actual Total Time": 32610.074, "Actual Rows": 1145969, "Actual Loops": 1, "Inner Unique": true, "Hash Cond": "(lineitem.l_orderkey = orders.o_orderkey), (LLVM Optimized, Jit Execute)", "Plans": [{"Node Type": "Seq Scan", "Parent Relationship": "Outer", "Relation Name": "lineitem", "Alias": "lineitem", "Startup Cost": 0.0, "Total Cost": 2165082.91, "Plan Rows": 14835209, "Plan Width": 24, "Actual Startup Time": 0.018, "Actual Total Time": 22339.025, "Actual Rows": 14808183, "Actual Loops": 1, "Filter": "(l_returnflag = 'R'::bpchar), (LLVM Optimized, Jit Execute)", "Rows Removed by Filter": 45177869}, {"Node Type": "Hash", "Parent Relationship": "Inner", "Startup Cost": 501411.18, "Total Cost": 501411.18, "Plan Rows": 575746, "Plan Width": 16, "Actual Startup Time": 5506.946, "Actual Total Time": 5506.946, "Actual Rows": 573635, "Actual Loops": 1, "Hash Buckets": 1048576, "Hash Batches": 1, "Original Hash Batches": 1, "Peak Memory Usage": 26890, "Plans": [{"Node Type": "Seq Scan", "Parent Relationship": "Outer", "Relation Name": "orders", "Alias": "orders", "Startup Cost": 578.97, "Total Cost": 501411.18, "Plan Rows": 575746, "Plan Width": 16, "Actual Startup Time": 0.026, "Actual Total Time": 5235.253, "Actual Rows": 573635, "Actual Loops": 1, "Filter": "((o_orderdate >= '1993-08-01 00:00:00'::timestamp(0) without time zone) AND (o_orderdate < '1993-11-01 00:00:00'::timestamp without time zone)), (LLVM Optimized, Jit Execute)", "Rows Removed by Filter": 14426365}]}]}, {"Node Type": "Hash", "Parent Relationship": "Inner", "Startup Cost": 52126.0, "Total Cost": 52126.0, "Plan Rows": 1500000, "Plan Width": 153, "Actual Startup Time": 1243.058, "Actual Total Time": 1243.058, "Actual Rows": 1500000, "Actual Loops": 1, "Hash Buckets": 2097152, "Hash Batches": 1, "Original Hash Batches": 1, "Peak Memory Usage": 282695, "Plans": [{"Node Type": "Seq Scan", "Parent Relationship": "Outer", "Relation Name": "customer", "Alias": "customer", "Startup Cost": 0.0, "Total Cost": 52126.0, "Plan Rows": 1500000, "Plan Width": 153, "Actual Startup Time": 0.021, "Actual Total Time": 589.55, "Actual Rows": 1500000, "Actual Loops": 1}]}]}, {"Node Type": "Hash", "Parent Relationship": "Inner", "Startup Cost": 1.25, "Total Cost": 1.25, "Plan Rows": 25, "Plan Width": 30, "Actual Startup Time": 0.054, "Actual Total Time": 0.054, "Actual Rows": 25, "Actual Loops": 1, "Hash Buckets": 32768, "Hash Batches": 1, "Original Hash Batches": 1, "Peak Memory Usage": 2, "Plans": [{"Node Type": "Seq Scan", "Parent Relationship": "Outer", "Relation Name": "nation", "Alias": "nation", "Startup Cost": 0.0, "Total Cost": 1.25, "Plan Rows": 25, "Plan Width": 30, "Actual Startup Time": 0.025, "Actual Total Time": 0.031, "Actual Rows": 25, "Actual Loops": 1}]}]}]}]}]}, "Triggers": [], "Planner Runtime": 0, "Total Runtime": 37517.838, "Unique SQL Id": 1604070524}}, "(1, 105)": {"explain_plan": {"Plan": {"Node Type": "Limit", "Startup Cost": 4127035.84, "Total Cost": 4127035.89, "Plan Rows": 20, "Plan Width": 191, "Plans": [{"Node Type": "Sort", "Parent Relationship": "Outer", "Startup Cost": 4127035.84, "Total Cost": 4130650.58, "Plan Rows": 20, "Plan Width": 191, "Sort Key": ["(sum((lineitem.l_extendedprice * (1::double precision - lineitem.l_discount)))) DESC"], "Plans": [{"Node Type": "Aggregate", "Strategy": "Hashed", "Parent Relationship": "Outer", "Startup Cost": 4074102.03, "Total Cost": 4088561.01, "Plan Rows": 1445898, "Plan Width": 191, "Group By Key": ["customer.c_custkey", "customer.c_name", "customer.c_acctbal", "customer.c_phone", "nation.n_name", "customer.c_address", "customer.c_comment"], "Plans": [{"Node Type": "Nested Loop", "Parent Relationship": "Outer", "Join Type": "Inner", "Startup Cost": 99528.29, "Total Cost": 4037954.58, "Plan Rows": 1445898, "Plan Width": 191, "Inner Unique": false, "Plans": [{"Node Type": "Hash Join", "Parent Relationship": "Outer", "Join Type": "Inner", "Startup Cost": 99528.29, "Total Cost": 921337.14, "Plan Rows": 575746, "Plan Width": 183, "Inner Unique": true, "Hash Cond": "(customer.c_nationkey = nation.n_nationkey), (LLVM Optimized)", "Plans": [{"Node Type": "Hash Join", "Parent Relationship": "Outer", "Join Type": "Inner", "Startup Cost": 99515.36, "Total Cost": 913407.69, "Plan Rows": 575746, "Plan Width": 161, "Inner Unique": true, "Hash Cond": "(orders.o_custkey = customer.c_custkey), (LLVM Optimized)", "Plans": [{"Node Type": "Index Scan", "Parent Relationship": "Outer", "Scan Direction": "Forward", "Index Name": "orders_pkey", "Relation Name": "orders", "Alias": "orders", "Startup Cost": 0.0, "Total Cost": 805975.83, "Plan Rows": 575746, "Plan Width": 16, "Filter": "((o_orderdate >= '1993-08-01 00:00:00'::timestamp(0) without time zone) AND (o_orderdate < '1993-11-01 00:00:00'::timestamp without time zone)), (LLVM Optimized)"}, {"Node Type": "Hash", "Parent Relationship": "Inner", "Startup Cost": 80765.36, "Total Cost": 80765.36, "Plan Rows": 1500000, "Plan Width": 153, "Plans": [{"Node Type": "Index Scan", "Parent Relationship": "Outer", "Scan Direction": "Forward", "Index Name": "customer_pkey", "Relation Name": "customer", "Alias": "customer", "Startup Cost": 0.0, "Total Cost": 80765.36, "Plan Rows": 1500000, "Plan Width": 153}]}]}, {"Node Type": "Hash", "Parent Relationship": "Inner", "Startup Cost": 12.62, "Total Cost": 12.62, "Plan Rows": 25, "Plan Width": 30, "Plans": [{"Node Type": "Index Scan", "Parent Relationship": "Outer", "Scan Direction": "Forward", "Index Name": "nation_pkey", "Relation Name": "nation", "Alias": "nation", "Startup Cost": 0.0, "Total Cost": 12.62, "Plan Rows": 25, "Plan Width": 30}]}]}, {"Node Type": "Index Scan", "Parent Relationship": "Inner", "Scan Direction": "Forward", "Index Name": "idx_lineitem_orderkey", "Relation Name": "lineitem", "Alias": "lineitem", "Startup Cost": 0.0, "Total Cost": 5.38, "Plan Rows": 3, "Plan Width": 24, "Index Cond": "(l_orderkey = orders.o_orderkey)", "Filter": "(l_returnflag = 'R'::bpchar)"}]}]}]}]}, "Unique SQL Id": 1604070524, "Planner Runtime": 0}, "explain_analyze_plan": {"Plan": {"Node Type": "Limit", "Startup Cost": 4127035.84, "Total Cost": 4127035.89, "Plan Rows": 20, "Plan Width": 191, "Actual Startup Time": 21936.277, "Actual Total Time": 21936.283, "Actual Rows": 20, "Actual Loops": 1, "Plans": [{"Node Type": "Sort", "Parent Relationship": "Outer", "Startup Cost": 4127035.84, "Total Cost": 4130650.58, "Plan Rows": 20, "Plan Width": 191, "Actual Startup Time": 21936.274, "Actual Total Time": 21936.279, "Actual Rows": 20, "Actual Loops": 1, "Sort Key": ["(sum((lineitem.l_extendedprice * (1::double precision - lineitem.l_discount)))) DESC"], "Sort Method": "top-N heapsort", "Sort Space Used": 35, "Sort Space Type": "Memory", "Plans": [{"Node Type": "Aggregate", "Strategy": "Hashed", "Parent Relationship": "Outer", "Startup Cost": 4074102.03, "Total Cost": 4088561.01, "Plan Rows": 1445898, "Plan Width": 191, "Actual Startup Time": 21602.846, "Actual Total Time": 21802.074, "Actual Rows": 381542, "Actual Loops": 1, "Group By Key": ["customer.c_custkey", "customer.c_name", "customer.c_acctbal", "customer.c_phone", "nation.n_name", "customer.c_address", "customer.c_comment"], "Plans": [{"Node Type": "Nested Loop", "Parent Relationship": "Outer", "Join Type": "Inner", "Startup Cost": 99528.29, "Total Cost": 4037954.58, "Plan Rows": 1445898, "Plan Width": 191, "Actual Startup Time": 2126.954, "Actual Total Time": 19667.735, "Actual Rows": 1145969, "Actual Loops": 1, "Inner Unique": false, "Plans": [{"Node Type": "Hash Join", "Parent Relationship": "Outer", "Join Type": "Inner", "Startup Cost": 99528.29, "Total Cost": 921337.14, "Plan Rows": 575746, "Plan Width": 183, "Actual Startup Time": 2126.802, "Actual Total Time": 13808.845, "Actual Rows": 573635, "Actual Loops": 1, "Inner Unique": true, "Hash Cond": "(customer.c_nationkey = nation.n_nationkey), (LLVM Optimized, Jit Execute)", "Plans": [{"Node Type": "Hash Join", "Parent Relationship": "Outer", "Join Type": "Inner", "Startup Cost": 99515.36, "Total Cost": 913407.69, "Plan Rows": 575746, "Plan Width": 161, "Actual Startup Time": 2126.692, "Actual Total Time": 13557.509, "Actual Rows": 573635, "Actual Loops": 1, "Inner Unique": true, "Hash Cond": "(orders.o_custkey = customer.c_custkey), (LLVM Optimized, Jit Execute)", "Plans": [{"Node Type": "Index Scan", "Parent Relationship": "Outer", "Scan Direction": "Forward", "Index Name": "orders_pkey", "Relation Name": "orders", "Alias": "orders", "Startup Cost": 0.0, "Total Cost": 805975.83, "Plan Rows": 575746, "Plan Width": 16, "Actual Startup Time": 0.031, "Actual Total Time": 10741.931, "Actual Rows": 573635, "Actual Loops": 1, "Filter": "((o_orderdate >= '1993-08-01 00:00:00'::timestamp(0) without time zone) AND (o_orderdate < '1993-11-01 00:00:00'::timestamp without time zone)), (LLVM Optimized, Jit Execute)", "Rows Removed by Filter": 14426365}, {"Node Type": "Hash", "Parent Relationship": "Inner", "Startup Cost": 80765.36, "Total Cost": 80765.36, "Plan Rows": 1500000, "Plan Width": 153, "Actual Startup Time": 2124.217, "Actual Total Time": 2124.217, "Actual Rows": 1500000, "Actual Loops": 1, "Hash Buckets": 2097152, "Hash Batches": 1, "Original Hash Batches": 1, "Peak Memory Usage": 282695, "Plans": [{"Node Type": "Index Scan", "Parent Relationship": "Outer", "Scan Direction": "Forward", "Index Name": "customer_pkey", "Relation Name": "customer", "Alias": "customer", "Startup Cost": 0.0, "Total Cost": 80765.36, "Plan Rows": 1500000, "Plan Width": 153, "Actual Startup Time": 0.022, "Actual Total Time": 1241.581, "Actual Rows": 1500000, "Actual Loops": 1}]}]}, {"Node Type": "Hash", "Parent Relationship": "Inner", "Startup Cost": 12.62, "Total Cost": 12.62, "Plan Rows": 25, "Plan Width": 30, "Actual Startup Time": 0.046, "Actual Total Time": 0.046, "Actual Rows": 25, "Actual Loops": 1, "Hash Buckets": 32768, "Hash Batches": 1, "Original Hash Batches": 1, "Peak Memory Usage": 2, "Plans": [{"Node Type": "Index Scan", "Parent Relationship": "Outer", "Scan Direction": "Forward", "Index Name": "nation_pkey", "Relation Name": "nation", "Alias": "nation", "Startup Cost": 0.0, "Total Cost": 12.62, "Plan Rows": 25, "Plan Width": 30, "Actual Startup Time": 0.014, "Actual Total Time": 0.032, "Actual Rows": 25, "Actual Loops": 1}]}]}, {"Node Type": "Index Scan", "Parent Relationship": "Inner", "Scan Direction": "Forward", "Index Name": "idx_lineitem_orderkey", "Relation Name": "lineitem", "Alias": "lineitem", "Startup Cost": 0.0, "Total Cost": 5.38, "Plan Rows": 3, "Plan Width": 24, "Actual Startup Time": 3945.434, "Actual Total Time": 5206.896, "Actual Rows": 1145969, "Actual Loops": 573635, "Index Cond": "(l_orderkey = orders.o_orderkey)", "Rows Removed by Index Recheck": 0, "Filter": "(l_returnflag = 'R'::bpchar)", "Rows Removed by Filter": 1146896}]}]}]}]}, "Triggers": [], "Planner Runtime": 0, "Total Runtime": 21946.72, "Unique SQL Id": 1604070524}}, "(1, 106)": {"explain_plan": {"Plan": {"Node Type": "Limit", "Startup Cost": 2943502.95, "Total Cost": 2943503.0, "Plan Rows": 20, "Plan Width": 191, "Plans": [{"Node Type": "Sort", "Parent Relationship": "Outer", "Startup Cost": 2943502.95, "Total Cost": 2947117.69, "Plan Rows": 20, "Plan Width": 191, "Sort Key": ["(sum((lineitem.l_extendedprice * (1::double precision - lineitem.l_discount)))) DESC"], "Plans": [{"Node Type": "Aggregate", "Strategy": "Hashed", "Parent Relationship": "Outer", "Startup Cost": 2890569.14, "Total Cost": 2905028.12, "Plan Rows": 1445898, "Plan Width": 191, "Group By Key": ["customer.c_custkey", "customer.c_name", "customer.c_acctbal", "customer.c_phone", "nation.n_name", "customer.c_address", "customer.c_comment"], "Plans": [{"Node Type": "Hash Join", "Parent Relationship": "Outer", "Join Type": "Inner", "Startup Cost": 579485.57, "Total Cost": 2854421.69, "Plan Rows": 1445898, "Plan Width": 191, "Inner Unique": true, "Hash Cond": "(customer.c_nationkey = nation.n_nationkey), (LLVM Optimized)", "Plans": [{"Node Type": "Hash Join", "Parent Relationship": "Outer", "Join Type": "Inner", "Startup Cost": 579484.01, "Total Cost": 2834539.03, "Plan Rows": 1445898, "Plan Width": 169, "Inner Unique": true, "Hash Cond": "(orders.o_custkey = customer.c_custkey), (LLVM Optimized)", "Plans": [{"Node Type": "Hash Join", "Parent Relationship": "Outer", "Join Type": "Inner", "Startup Cost": 508608.01, "Total Cost": 2743781.94, "Plan Rows": 1445898, "Plan Width": 24, "Inner Unique": true, "Hash Cond": "(lineitem.l_orderkey = orders.o_orderkey), (LLVM Optimized)", "Plans": [{"Node Type": "Seq Scan", "Parent Relationship": "Outer", "Relation Name": "lineitem", "Alias": "lineitem", "Startup Cost": 0.0, "Total Cost": 2165082.91, "Plan Rows": 14835209, "Plan Width": 24, "Filter": "(l_returnflag = 'R'::bpchar), (LLVM Optimized)"}, {"Node Type": "Hash", "Parent Relationship": "Inner", "Startup Cost": 501411.18, "Total Cost": 501411.18, "Plan Rows": 575746, "Plan Width": 16, "Plans": [{"Node Type": "Seq Scan", "Parent Relationship": "Outer", "Relation Name": "orders", "Alias": "orders", "Startup Cost": 578.97, "Total Cost": 501411.18, "Plan Rows": 575746, "Plan Width": 16, "Filter": "((o_orderdate >= '1993-08-01 00:00:00'::timestamp(0) without time zone) AND (o_orderdate < '1993-11-01 00:00:00'::timestamp without time zone)), (LLVM Optimized)"}]}]}, {"Node Type": "Hash", "Parent Relationship": "Inner", "Startup Cost": 52126.0, "Total Cost": 52126.0, "Plan Rows": 1500000, "Plan Width": 153, "Plans": [{"Node Type": "Seq Scan", "Parent Relationship": "Outer", "Relation Name": "customer", "Alias": "customer", "Startup Cost": 0.0, "Total Cost": 52126.0, "Plan Rows": 1500000, "Plan Width": 153}]}]}, {"Node Type": "Hash", "Parent Relationship": "Inner", "Startup Cost": 1.25, "Total Cost": 1.25, "Plan Rows": 25, "Plan Width": 30, "Plans": [{"Node Type": "Seq Scan", "Parent Relationship": "Outer", "Relation Name": "nation", "Alias": "nation", "Startup Cost": 0.0, "Total Cost": 1.25, "Plan Rows": 25, "Plan Width": 30}]}]}]}]}]}, "Unique SQL Id": 1604070524, "Planner Runtime": 0}, "explain_analyze_plan": {"Plan": {"Node Type": "Limit", "Startup Cost": 2943502.95, "Total Cost": 2943503.0, "Plan Rows": 20, "Plan Width": 191, "Actual Startup Time": 37507.07, "Actual Total Time": 37507.078, "Actual Rows": 20, "Actual Loops": 1, "Plans": [{"Node Type": "Sort", "Parent Relationship": "Outer", "Startup Cost": 2943502.95, "Total Cost": 2947117.69, "Plan Rows": 20, "Plan Width": 191, "Actual Startup Time": 37507.067, "Actual Total Time": 37507.072, "Actual Rows": 20, "Actual Loops": 1, "Sort Key": ["(sum((lineitem.l_extendedprice * (1::double precision - lineitem.l_discount)))) DESC"], "Sort Method": "top-N heapsort", "Sort Space Used": 35, "Sort Space Type": "Memory", "Plans": [{"Node Type": "Aggregate", "Strategy": "Hashed", "Parent Relationship": "Outer", "Startup Cost": 2890569.14, "Total Cost": 2905028.12, "Plan Rows": 1445898, "Plan Width": 191, "Actual Startup Time": 37011.07, "Actual Total Time": 37368.13, "Actual Rows": 381542, "Actual Loops": 1, "Group By Key": ["customer.c_custkey", "customer.c_name", "customer.c_acctbal", "customer.c_phone", "nation.n_name", "customer.c_address", "customer.c_comment"], "Plans": [{"Node Type": "Hash Join", "Parent Relationship": "Outer", "Join Type": "Inner", "Startup Cost": 579485.57, "Total Cost": 2854421.69, "Plan Rows": 1445898, "Plan Width": 191, "Actual Startup Time": 6752.103, "Actual Total Time": 35154.298, "Actual Rows": 1145969, "Actual Loops": 1, "Inner Unique": true, "Hash Cond": "(customer.c_nationkey = nation.n_nationkey), (LLVM Optimized, Jit Execute)", "Plans": [{"Node Type": "Hash Join", "Parent Relationship": "Outer", "Join Type": "Inner", "Startup Cost": 579484.01, "Total Cost": 2834539.03, "Plan Rows": 1445898, "Plan Width": 169, "Actual Startup Time": 6752.0, "Actual Total Time": 34685.986, "Actual Rows": 1145969, "Actual Loops": 1, "Inner Unique": true, "Hash Cond": "(orders.o_custkey = customer.c_custkey), (LLVM Optimized, Jit Execute)", "Plans": [{"Node Type": "Hash Join", "Parent Relationship": "Outer", "Join Type": "Inner", "Startup Cost": 508608.01, "Total Cost": 2743781.94, "Plan Rows": 1445898, "Plan Width": 24, "Actual Startup Time": 5507.657, "Actual Total Time": 32610.074, "Actual Rows": 1145969, "Actual Loops": 1, "Inner Unique": true, "Hash Cond": "(lineitem.l_orderkey = orders.o_orderkey), (LLVM Optimized, Jit Execute)", "Plans": [{"Node Type": "Seq Scan", "Parent Relationship": "Outer", "Relation Name": "lineitem", "Alias": "lineitem", "Startup Cost": 0.0, "Total Cost": 2165082.91, "Plan Rows": 14835209, "Plan Width": 24, "Actual Startup Time": 0.018, "Actual Total Time": 22339.025, "Actual Rows": 14808183, "Actual Loops": 1, "Filter": "(l_returnflag = 'R'::bpchar), (LLVM Optimized, Jit Execute)", "Rows Removed by Filter": 45177869}, {"Node Type": "Hash", "Parent Relationship": "Inner", "Startup Cost": 501411.18, "Total Cost": 501411.18, "Plan Rows": 575746, "Plan Width": 16, "Actual Startup Time": 5506.946, "Actual Total Time": 5506.946, "Actual Rows": 573635, "Actual Loops": 1, "Hash Buckets": 1048576, "Hash Batches": 1, "Original Hash Batches": 1, "Peak Memory Usage": 26890, "Plans": [{"Node Type": "Seq Scan", "Parent Relationship": "Outer", "Relation Name": "orders", "Alias": "orders", "Startup Cost": 578.97, "Total Cost": 501411.18, "Plan Rows": 575746, "Plan Width": 16, "Actual Startup Time": 0.026, "Actual Total Time": 5235.253, "Actual Rows": 573635, "Actual Loops": 1, "Filter": "((o_orderdate >= '1993-08-01 00:00:00'::timestamp(0) without time zone) AND (o_orderdate < '1993-11-01 00:00:00'::timestamp without time zone)), (LLVM Optimized, Jit Execute)", "Rows Removed by Filter": 14426365}]}]}, {"Node Type": "Hash", "Parent Relationship": "Inner", "Startup Cost": 52126.0, "Total Cost": 52126.0, "Plan Rows": 1500000, "Plan Width": 153, "Actual Startup Time": 1243.058, "Actual Total Time": 1243.058, "Actual Rows": 1500000, "Actual Loops": 1, "Hash Buckets": 2097152, "Hash Batches": 1, "Original Hash Batches": 1, "Peak Memory Usage": 282695, "Plans": [{"Node Type": "Seq Scan", "Parent Relationship": "Outer", "Relation Name": "customer", "Alias": "customer", "Startup Cost": 0.0, "Total Cost": 52126.0, "Plan Rows": 1500000, "Plan Width": 153, "Actual Startup Time": 0.021, "Actual Total Time": 589.55, "Actual Rows": 1500000, "Actual Loops": 1}]}]}, {"Node Type": "Hash", "Parent Relationship": "Inner", "Startup Cost": 1.25, "Total Cost": 1.25, "Plan Rows": 25, "Plan Width": 30, "Actual Startup Time": 0.054, "Actual Total Time": 0.054, "Actual Rows": 25, "Actual Loops": 1, "Hash Buckets": 32768, "Hash Batches": 1, "Original Hash Batches": 1, "Peak Memory Usage": 2, "Plans": [{"Node Type": "Seq Scan", "Parent Relationship": "Outer", "Relation Name": "nation", "Alias": "nation", "Startup Cost": 0.0, "Total Cost": 1.25, "Plan Rows": 25, "Plan Width": 30, "Actual Startup Time": 0.025, "Actual Total Time": 0.031, "Actual Rows": 25, "Actual Loops": 1}]}]}]}]}]}, "Triggers": [], "Planner Runtime": 0, "Total Runtime": 37517.838, "Unique SQL Id": 1604070524}}, "(1, 107)": {"explain_plan": {"Plan": {"Node Type": "Limit", "Startup Cost": 4000427900430.88, "Total Cost": 4000427900430.93, "Plan Rows": 20, "Plan Width": 191, "Plans": [{"Node Type": "Sort", "Parent Relationship": "Outer", "Startup Cost": 4000427900430.88, "Total Cost": 4000427904045.63, "Plan Rows": 20, "Plan Width": 191, "Sort Key": ["(sum((lineitem.l_extendedprice * (1::double precision - lineitem.l_discount)))) DESC"], "Plans": [{"Node Type": "Aggregate", "Strategy": "Hashed", "Parent Relationship": "Outer", "Startup Cost": 4000427847497.08, "Total Cost": 4000427861956.06, "Plan Rows": 1445898, "Plan Width": 191, "Group By Key": ["customer.c_custkey", "customer.c_name", "customer.c_acctbal", "customer.c_phone", "nation.n_name", "customer.c_address", "customer.c_comment"], "Plans": [{"Node Type": "Hash Join", "Parent Relationship": "Outer", "Join Type": "Inner", "Startup Cost": 3010088709244.77, "Total Cost": 4000427811349.63, "Plan Rows": 1445898, "Plan Width": 191, "Inner Unique": true, "Hash Cond": "(customer.c_nationkey = nation.n_nationkey), (LLVM Optimized)", "Plans": [{"Node Type": "Hash Join", "Parent Relationship": "Outer", "Join Type": "Inner", "Startup Cost": 2010088707981.95, "Total Cost": 3000427790205.72, "Plan Rows": 1445898, "Plan Width": 169, "Inner Unique": false, "Hash Cond": "(lineitem.l_orderkey = orders.o_orderkey), (LLVM Optimized)", "Plans": [{"Node Type": "Index Scan", "Parent Relationship": "Outer", "Scan Direction": "Forward", "Index Name": "idx_lineitem_orderkey", "Relation Name": "lineitem", "Alias": "lineitem", "Startup Cost": 10000000000.0, "Total Cost": 1000339012132.75, "Plan Rows": 14835209, "Plan Width": 24, "Filter": "(l_returnflag = 'R'::bpchar), (LLVM Optimized)"}, {"Node Type": "Hash", "Parent Relationship": "Inner", "Startup Cost": 2000088700785.13, "Total Cost": 2000088700785.13, "Plan Rows": 575746, "Plan Width": 161, "Plans": [{"Node Type": "Hash Join", "Parent Relationship": "Outer", "Join Type": "Inner", "Startup Cost": 1010008095285.62, "Total Cost": 2000088700785.13, "Plan Rows": 575746, "Plan Width": 161, "Inner Unique": true, "Hash Cond": "(orders.o_custkey = customer.c_custkey), (LLVM Optimized)", "Plans": [{"Node Type": "Index Scan", "Parent Relationship": "Outer", "Scan Direction": "Forward", "Index Name": "orders_pkey", "Relation Name": "orders", "Alias": "orders", "Startup Cost": 10000000000.0, "Total Cost": 1000080597583.0, "Plan Rows": 575746, "Plan Width": 16, "Filter": "((o_orderdate >= '1993-08-01 00:00:00'::timestamp(0) without time zone) AND (o_orderdate < '1993-11-01 00:00:00'::timestamp without time zone)), (LLVM Optimized)"}, {"Node Type": "Hash", "Parent Relationship": "Inner", "Startup Cost": 1000008076535.62, "Total Cost": 1000008076535.62, "Plan Rows": 1500000, "Plan Width": 153, "Plans": [{"Node Type": "Index Scan", "Parent Relationship": "Outer", "Scan Direction": "Forward", "Index Name": "customer_pkey", "Relation Name": "customer", "Alias": "customer", "Startup Cost": 10000000000.0, "Total Cost": 1000008076535.62, "Plan Rows": 1500000, "Plan Width": 153}]}]}]}]}, {"Node Type": "Hash", "Parent Relationship": "Inner", "Startup Cost": 1000000001262.5, "Total Cost": 1000000001262.5, "Plan Rows": 25, "Plan Width": 30, "Plans": [{"Node Type": "Index Scan", "Parent Relationship": "Outer", "Scan Direction": "Forward", "Index Name": "nation_pkey", "Relation Name": "nation", "Alias": "nation", "Startup Cost": 10000000000.0, "Total Cost": 1000000001262.5, "Plan Rows": 25, "Plan Width": 30}]}]}]}]}]}, "Unique SQL Id": 1604070524, "Planner Runtime": 0}, "explain_analyze_plan": {"Plan": {"Node Type": "Limit", "Startup Cost": 4000427900430.88, "Total Cost": 4000427900430.93, "Plan Rows": 20, "Plan Width": 191, "Actual Startup Time": 59986.718, "Actual Total Time": 59986.724, "Actual Rows": 20, "Actual Loops": 1, "Plans": [{"Node Type": "Sort", "Parent Relationship": "Outer", "Startup Cost": 4000427900430.88, "Total Cost": 4000427904045.63, "Plan Rows": 20, "Plan Width": 191, "Actual Startup Time": 59986.714, "Actual Total Time": 59986.717, "Actual Rows": 20, "Actual Loops": 1, "Sort Key": ["(sum((lineitem.l_extendedprice * (1::double precision - lineitem.l_discount)))) DESC"], "Sort Method": "top-N heapsort", "Sort Space Used": 35, "Sort Space Type": "Memory", "Plans": [{"Node Type": "Aggregate", "Strategy": "Hashed", "Parent Relationship": "Outer", "Startup Cost": 4000427847497.08, "Total Cost": 4000427861956.06, "Plan Rows": 1445898, "Plan Width": 191, "Actual Startup Time": 59605.837, "Actual Total Time": 59851.307, "Actual Rows": 381542, "Actual Loops": 1, "Group By Key": ["customer.c_custkey", "customer.c_name", "customer.c_acctbal", "customer.c_phone", "nation.n_name", "customer.c_address", "customer.c_comment"], "Plans": [{"Node Type": "Hash Join", "Parent Relationship": "Outer", "Join Type": "Inner", "Startup Cost": 3010088709244.77, "Total Cost": 4000427811349.63, "Plan Rows": 1445898, "Plan Width": 191, "Actual Startup Time": 12373.74, "Actual Total Time": 57746.471, "Actual Rows": 1145969, "Actual Loops": 1, "Inner Unique": true, "Hash Cond": "(customer.c_nationkey = nation.n_nationkey), (LLVM Optimized, Jit Execute)", "Plans": [{"Node Type": "Hash Join", "Parent Relationship": "Outer", "Join Type": "Inner", "Startup Cost": 2010088707981.95, "Total Cost": 3000427790205.72, "Plan Rows": 1445898, "Plan Width": 169, "Actual Startup Time": 12373.621, "Actual Total Time": 57273.342, "Actual Rows": 1145969, "Actual Loops": 1, "Inner Unique": false, "Hash Cond": "(lineitem.l_orderkey = orders.o_orderkey), (LLVM Optimized, Jit Execute)", "Plans": [{"Node Type": "Index Scan", "Parent Relationship": "Outer", "Scan Direction": "Forward", "Index Name": "idx_lineitem_orderkey", "Relation Name": "lineitem", "Alias": "lineitem", "Startup Cost": 10000000000.0, "Total Cost": 1000339012132.75, "Plan Rows": 14835209, "Plan Width": 24, "Actual Startup Time": 0.04, "Actual Total Time": 40411.896, "Actual Rows": 14808183, "Actual Loops": 1, "Filter": "(l_returnflag = 'R'::bpchar), (LLVM Optimized, Jit Execute)", "Rows Removed by Filter": 45177869}, {"Node Type": "Hash", "Parent Relationship": "Inner", "Startup Cost": 2000088700785.13, "Total Cost": 2000088700785.13, "Plan Rows": 575746, "Plan Width": 161, "Actual Startup Time": 12366.239, "Actual Total Time": 12366.239, "Actual Rows": 573635, "Actual Loops": 1, "Hash Buckets": 1048576, "Hash Batches": 1, "Original Hash Batches": 1, "Peak Memory Usage": 113704, "Plans": [{"Node Type": "Hash Join", "Parent Relationship": "Outer", "Join Type": "Inner", "Startup Cost": 1010008095285.62, "Total Cost": 2000088700785.13, "Plan Rows": 575746, "Plan Width": 161, "Actual Startup Time": 1638.783, "Actual Total Time": 12015.296, "Actual Rows": 573635, "Actual Loops": 1, "Inner Unique": true, "Hash Cond": "(orders.o_custkey = customer.c_custkey), (LLVM Optimized, Jit Execute)", "Plans": [{"Node Type": "Index Scan", "Parent Relationship": "Outer", "Scan Direction": "Forward", "Index Name": "orders_pkey", "Relation Name": "orders", "Alias": "orders", "Startup Cost": 10000000000.0, "Total Cost": 1000080597583.0, "Plan Rows": 575746, "Plan Width": 16, "Actual Startup Time": 0.032, "Actual Total Time": 9775.617, "Actual Rows": 573635, "Actual Loops": 1, "Filter": "((o_orderdate >= '1993-08-01 00:00:00'::timestamp(0) without time zone) AND (o_orderdate < '1993-11-01 00:00:00'::timestamp without time zone)), (LLVM Optimized, Jit Execute)", "Rows Removed by Filter": 14426365}, {"Node Type": "Hash", "Parent Relationship": "Inner", "Startup Cost": 1000008076535.62, "Total Cost": 1000008076535.62, "Plan Rows": 1500000, "Plan Width": 153, "Actual Startup Time": 1637.496, "Actual Total Time": 1637.496, "Actual Rows": 1500000, "Actual Loops": 1, "Hash Buckets": 2097152, "Hash Batches": 1, "Original Hash Batches": 1, "Peak Memory Usage": 282695, "Plans": [{"Node Type": "Index Scan", "Parent Relationship": "Outer", "Scan Direction": "Forward", "Index Name": "customer_pkey", "Relation Name": "customer", "Alias": "customer", "Startup Cost": 10000000000.0, "Total Cost": 1000008076535.62, "Plan Rows": 1500000, "Plan Width": 153, "Actual Startup Time": 0.028, "Actual Total Time": 973.351, "Actual Rows": 1500000, "Actual Loops": 1}]}]}]}]}, {"Node Type": "Hash", "Parent Relationship": "Inner", "Startup Cost": 1000000001262.5, "Total Cost": 1000000001262.5, "Plan Rows": 25, "Plan Width": 30, "Actual Startup Time": 0.065, "Actual Total Time": 0.065, "Actual Rows": 25, "Actual Loops": 1, "Hash Buckets": 32768, "Hash Batches": 1, "Original Hash Batches": 1, "Peak Memory Usage": 2, "Plans": [{"Node Type": "Index Scan", "Parent Relationship": "Outer", "Scan Direction": "Forward", "Index Name": "nation_pkey", "Relation Name": "nation", "Alias": "nation", "Startup Cost": 10000000000.0, "Total Cost": 1000000001262.5, "Plan Rows": 25, "Plan Width": 30, "Actual Startup Time": 0.028, "Actual Total Time": 0.045, "Actual Rows": 25, "Actual Loops": 1}]}]}]}]}]}, "Triggers": [], "Planner Runtime": 0, "Total Runtime": 59997.475, "Unique SQL Id": 1604070524}}, "(1, 108)": {"explain_plan": {"Plan": {"Node Type": "Limit", "Startup Cost": 2943502.95, "Total Cost": 2943503.0, "Plan Rows": 20, "Plan Width": 191, "Plans": [{"Node Type": "Sort", "Parent Relationship": "Outer", "Startup Cost": 2943502.95, "Total Cost": 2947117.69, "Plan Rows": 20, "Plan Width": 191, "Sort Key": ["(sum((lineitem.l_extendedprice * (1::double precision - lineitem.l_discount)))) DESC"], "Plans": [{"Node Type": "Aggregate", "Strategy": "Hashed", "Parent Relationship": "Outer", "Startup Cost": 2890569.14, "Total Cost": 2905028.12, "Plan Rows": 1445898, "Plan Width": 191, "Group By Key": ["customer.c_custkey", "customer.c_name", "customer.c_acctbal", "customer.c_phone", "nation.n_name", "customer.c_address", "customer.c_comment"], "Plans": [{"Node Type": "Hash Join", "Parent Relationship": "Outer", "Join Type": "Inner", "Startup Cost": 579485.57, "Total Cost": 2854421.69, "Plan Rows": 1445898, "Plan Width": 191, "Inner Unique": true, "Hash Cond": "(customer.c_nationkey = nation.n_nationkey), (LLVM Optimized)", "Plans": [{"Node Type": "Hash Join", "Parent Relationship": "Outer", "Join Type": "Inner", "Startup Cost": 579484.01, "Total Cost": 2834539.03, "Plan Rows": 1445898, "Plan Width": 169, "Inner Unique": true, "Hash Cond": "(orders.o_custkey = customer.c_custkey), (LLVM Optimized)", "Plans": [{"Node Type": "Hash Join", "Parent Relationship": "Outer", "Join Type": "Inner", "Startup Cost": 508608.01, "Total Cost": 2743781.94, "Plan Rows": 1445898, "Plan Width": 24, "Inner Unique": true, "Hash Cond": "(lineitem.l_orderkey = orders.o_orderkey), (LLVM Optimized)", "Plans": [{"Node Type": "Seq Scan", "Parent Relationship": "Outer", "Relation Name": "lineitem", "Alias": "lineitem", "Startup Cost": 0.0, "Total Cost": 2165082.91, "Plan Rows": 14835209, "Plan Width": 24, "Filter": "(l_returnflag = 'R'::bpchar), (LLVM Optimized)"}, {"Node Type": "Hash", "Parent Relationship": "Inner", "Startup Cost": 501411.18, "Total Cost": 501411.18, "Plan Rows": 575746, "Plan Width": 16, "Plans": [{"Node Type": "Seq Scan", "Parent Relationship": "Outer", "Relation Name": "orders", "Alias": "orders", "Startup Cost": 578.97, "Total Cost": 501411.18, "Plan Rows": 575746, "Plan Width": 16, "Filter": "((o_orderdate >= '1993-08-01 00:00:00'::timestamp(0) without time zone) AND (o_orderdate < '1993-11-01 00:00:00'::timestamp without time zone)), (LLVM Optimized)"}]}]}, {"Node Type": "Hash", "Parent Relationship": "Inner", "Startup Cost": 52126.0, "Total Cost": 52126.0, "Plan Rows": 1500000, "Plan Width": 153, "Plans": [{"Node Type": "Seq Scan", "Parent Relationship": "Outer", "Relation Name": "customer", "Alias": "customer", "Startup Cost": 0.0, "Total Cost": 52126.0, "Plan Rows": 1500000, "Plan Width": 153}]}]}, {"Node Type": "Hash", "Parent Relationship": "Inner", "Startup Cost": 1.25, "Total Cost": 1.25, "Plan Rows": 25, "Plan Width": 30, "Plans": [{"Node Type": "Seq Scan", "Parent Relationship": "Outer", "Relation Name": "nation", "Alias": "nation", "Startup Cost": 0.0, "Total Cost": 1.25, "Plan Rows": 25, "Plan Width": 30}]}]}]}]}]}, "Unique SQL Id": 1604070524, "Planner Runtime": 1}, "explain_analyze_plan": {"Plan": {"Node Type": "Limit", "Startup Cost": 2943502.95, "Total Cost": 2943503.0, "Plan Rows": 20, "Plan Width": 191, "Actual Startup Time": 37507.07, "Actual Total Time": 37507.078, "Actual Rows": 20, "Actual Loops": 1, "Plans": [{"Node Type": "Sort", "Parent Relationship": "Outer", "Startup Cost": 2943502.95, "Total Cost": 2947117.69, "Plan Rows": 20, "Plan Width": 191, "Actual Startup Time": 37507.067, "Actual Total Time": 37507.072, "Actual Rows": 20, "Actual Loops": 1, "Sort Key": ["(sum((lineitem.l_extendedprice * (1::double precision - lineitem.l_discount)))) DESC"], "Sort Method": "top-N heapsort", "Sort Space Used": 35, "Sort Space Type": "Memory", "Plans": [{"Node Type": "Aggregate", "Strategy": "Hashed", "Parent Relationship": "Outer", "Startup Cost": 2890569.14, "Total Cost": 2905028.12, "Plan Rows": 1445898, "Plan Width": 191, "Actual Startup Time": 37011.07, "Actual Total Time": 37368.13, "Actual Rows": 381542, "Actual Loops": 1, "Group By Key": ["customer.c_custkey", "customer.c_name", "customer.c_acctbal", "customer.c_phone", "nation.n_name", "customer.c_address", "customer.c_comment"], "Plans": [{"Node Type": "Hash Join", "Parent Relationship": "Outer", "Join Type": "Inner", "Startup Cost": 579485.57, "Total Cost": 2854421.69, "Plan Rows": 1445898, "Plan Width": 191, "Actual Startup Time": 6752.103, "Actual Total Time": 35154.298, "Actual Rows": 1145969, "Actual Loops": 1, "Inner Unique": true, "Hash Cond": "(customer.c_nationkey = nation.n_nationkey), (LLVM Optimized, Jit Execute)", "Plans": [{"Node Type": "Hash Join", "Parent Relationship": "Outer", "Join Type": "Inner", "Startup Cost": 579484.01, "Total Cost": 2834539.03, "Plan Rows": 1445898, "Plan Width": 169, "Actual Startup Time": 6752.0, "Actual Total Time": 34685.986, "Actual Rows": 1145969, "Actual Loops": 1, "Inner Unique": true, "Hash Cond": "(orders.o_custkey = customer.c_custkey), (LLVM Optimized, Jit Execute)", "Plans": [{"Node Type": "Hash Join", "Parent Relationship": "Outer", "Join Type": "Inner", "Startup Cost": 508608.01, "Total Cost": 2743781.94, "Plan Rows": 1445898, "Plan Width": 24, "Actual Startup Time": 5507.657, "Actual Total Time": 32610.074, "Actual Rows": 1145969, "Actual Loops": 1, "Inner Unique": true, "Hash Cond": "(lineitem.l_orderkey = orders.o_orderkey), (LLVM Optimized, Jit Execute)", "Plans": [{"Node Type": "Seq Scan", "Parent Relationship": "Outer", "Relation Name": "lineitem", "Alias": "lineitem", "Startup Cost": 0.0, "Total Cost": 2165082.91, "Plan Rows": 14835209, "Plan Width": 24, "Actual Startup Time": 0.018, "Actual Total Time": 22339.025, "Actual Rows": 14808183, "Actual Loops": 1, "Filter": "(l_returnflag = 'R'::bpchar), (LLVM Optimized, Jit Execute)", "Rows Removed by Filter": 45177869}, {"Node Type": "Hash", "Parent Relationship": "Inner", "Startup Cost": 501411.18, "Total Cost": 501411.18, "Plan Rows": 575746, "Plan Width": 16, "Actual Startup Time": 5506.946, "Actual Total Time": 5506.946, "Actual Rows": 573635, "Actual Loops": 1, "Hash Buckets": 1048576, "Hash Batches": 1, "Original Hash Batches": 1, "Peak Memory Usage": 26890, "Plans": [{"Node Type": "Seq Scan", "Parent Relationship": "Outer", "Relation Name": "orders", "Alias": "orders", "Startup Cost": 578.97, "Total Cost": 501411.18, "Plan Rows": 575746, "Plan Width": 16, "Actual Startup Time": 0.026, "Actual Total Time": 5235.253, "Actual Rows": 573635, "Actual Loops": 1, "Filter": "((o_orderdate >= '1993-08-01 00:00:00'::timestamp(0) without time zone) AND (o_orderdate < '1993-11-01 00:00:00'::timestamp without time zone)), (LLVM Optimized, Jit Execute)", "Rows Removed by Filter": 14426365}]}]}, {"Node Type": "Hash", "Parent Relationship": "Inner", "Startup Cost": 52126.0, "Total Cost": 52126.0, "Plan Rows": 1500000, "Plan Width": 153, "Actual Startup Time": 1243.058, "Actual Total Time": 1243.058, "Actual Rows": 1500000, "Actual Loops": 1, "Hash Buckets": 2097152, "Hash Batches": 1, "Original Hash Batches": 1, "Peak Memory Usage": 282695, "Plans": [{"Node Type": "Seq Scan", "Parent Relationship": "Outer", "Relation Name": "customer", "Alias": "customer", "Startup Cost": 0.0, "Total Cost": 52126.0, "Plan Rows": 1500000, "Plan Width": 153, "Actual Startup Time": 0.021, "Actual Total Time": 589.55, "Actual Rows": 1500000, "Actual Loops": 1}]}]}, {"Node Type": "Hash", "Parent Relationship": "Inner", "Startup Cost": 1.25, "Total Cost": 1.25, "Plan Rows": 25, "Plan Width": 30, "Actual Startup Time": 0.054, "Actual Total Time": 0.054, "Actual Rows": 25, "Actual Loops": 1, "Hash Buckets": 32768, "Hash Batches": 1, "Original Hash Batches": 1, "Peak Memory Usage": 2, "Plans": [{"Node Type": "Seq Scan", "Parent Relationship": "Outer", "Relation Name": "nation", "Alias": "nation", "Startup Cost": 0.0, "Total Cost": 1.25, "Plan Rows": 25, "Plan Width": 30, "Actual Startup Time": 0.025, "Actual Total Time": 0.031, "Actual Rows": 25, "Actual Loops": 1}]}]}]}]}]}, "Triggers": [], "Planner Runtime": 0, "Total Runtime": 37517.838, "Unique SQL Id": 1604070524}}, "(1, 109)": {"explain_plan": {"Plan": {"Node Type": "Limit", "Startup Cost": 4127035.84, "Total Cost": 4127035.89, "Plan Rows": 20, "Plan Width": 191, "Plans": [{"Node Type": "Sort", "Parent Relationship": "Outer", "Startup Cost": 4127035.84, "Total Cost": 4130650.58, "Plan Rows": 20, "Plan Width": 191, "Sort Key": ["(sum((lineitem.l_extendedprice * (1::double precision - lineitem.l_discount)))) DESC"], "Plans": [{"Node Type": "Aggregate", "Strategy": "Hashed", "Parent Relationship": "Outer", "Startup Cost": 4074102.03, "Total Cost": 4088561.01, "Plan Rows": 1445898, "Plan Width": 191, "Group By Key": ["customer.c_custkey", "customer.c_name", "customer.c_acctbal", "customer.c_phone", "nation.n_name", "customer.c_address", "customer.c_comment"], "Plans": [{"Node Type": "Nested Loop", "Parent Relationship": "Outer", "Join Type": "Inner", "Startup Cost": 99528.29, "Total Cost": 4037954.58, "Plan Rows": 1445898, "Plan Width": 191, "Inner Unique": false, "Plans": [{"Node Type": "Hash Join", "Parent Relationship": "Outer", "Join Type": "Inner", "Startup Cost": 99528.29, "Total Cost": 921337.14, "Plan Rows": 575746, "Plan Width": 183, "Inner Unique": true, "Hash Cond": "(customer.c_nationkey = nation.n_nationkey), (LLVM Optimized)", "Plans": [{"Node Type": "Hash Join", "Parent Relationship": "Outer", "Join Type": "Inner", "Startup Cost": 99515.36, "Total Cost": 913407.69, "Plan Rows": 575746, "Plan Width": 161, "Inner Unique": true, "Hash Cond": "(orders.o_custkey = customer.c_custkey), (LLVM Optimized)", "Plans": [{"Node Type": "Index Scan", "Parent Relationship": "Outer", "Scan Direction": "Forward", "Index Name": "orders_pkey", "Relation Name": "orders", "Alias": "orders", "Startup Cost": 0.0, "Total Cost": 805975.83, "Plan Rows": 575746, "Plan Width": 16, "Filter": "((o_orderdate >= '1993-08-01 00:00:00'::timestamp(0) without time zone) AND (o_orderdate < '1993-11-01 00:00:00'::timestamp without time zone)), (LLVM Optimized)"}, {"Node Type": "Hash", "Parent Relationship": "Inner", "Startup Cost": 80765.36, "Total Cost": 80765.36, "Plan Rows": 1500000, "Plan Width": 153, "Plans": [{"Node Type": "Index Scan", "Parent Relationship": "Outer", "Scan Direction": "Forward", "Index Name": "customer_pkey", "Relation Name": "customer", "Alias": "customer", "Startup Cost": 0.0, "Total Cost": 80765.36, "Plan Rows": 1500000, "Plan Width": 153}]}]}, {"Node Type": "Hash", "Parent Relationship": "Inner", "Startup Cost": 12.62, "Total Cost": 12.62, "Plan Rows": 25, "Plan Width": 30, "Plans": [{"Node Type": "Index Scan", "Parent Relationship": "Outer", "Scan Direction": "Forward", "Index Name": "nation_pkey", "Relation Name": "nation", "Alias": "nation", "Startup Cost": 0.0, "Total Cost": 12.62, "Plan Rows": 25, "Plan Width": 30}]}]}, {"Node Type": "Index Scan", "Parent Relationship": "Inner", "Scan Direction": "Forward", "Index Name": "idx_lineitem_orderkey", "Relation Name": "lineitem", "Alias": "lineitem", "Startup Cost": 0.0, "Total Cost": 5.38, "Plan Rows": 3, "Plan Width": 24, "Index Cond": "(l_orderkey = orders.o_orderkey)", "Filter": "(l_returnflag = 'R'::bpchar)"}]}]}]}]}, "Unique SQL Id": 1604070524, "Planner Runtime": 0}, "explain_analyze_plan": {"Plan": {"Node Type": "Limit", "Startup Cost": 4127035.84, "Total Cost": 4127035.89, "Plan Rows": 20, "Plan Width": 191, "Actual Startup Time": 21936.277, "Actual Total Time": 21936.283, "Actual Rows": 20, "Actual Loops": 1, "Plans": [{"Node Type": "Sort", "Parent Relationship": "Outer", "Startup Cost": 4127035.84, "Total Cost": 4130650.58, "Plan Rows": 20, "Plan Width": 191, "Actual Startup Time": 21936.274, "Actual Total Time": 21936.279, "Actual Rows": 20, "Actual Loops": 1, "Sort Key": ["(sum((lineitem.l_extendedprice * (1::double precision - lineitem.l_discount)))) DESC"], "Sort Method": "top-N heapsort", "Sort Space Used": 35, "Sort Space Type": "Memory", "Plans": [{"Node Type": "Aggregate", "Strategy": "Hashed", "Parent Relationship": "Outer", "Startup Cost": 4074102.03, "Total Cost": 4088561.01, "Plan Rows": 1445898, "Plan Width": 191, "Actual Startup Time": 21602.846, "Actual Total Time": 21802.074, "Actual Rows": 381542, "Actual Loops": 1, "Group By Key": ["customer.c_custkey", "customer.c_name", "customer.c_acctbal", "customer.c_phone", "nation.n_name", "customer.c_address", "customer.c_comment"], "Plans": [{"Node Type": "Nested Loop", "Parent Relationship": "Outer", "Join Type": "Inner", "Startup Cost": 99528.29, "Total Cost": 4037954.58, "Plan Rows": 1445898, "Plan Width": 191, "Actual Startup Time": 2126.954, "Actual Total Time": 19667.735, "Actual Rows": 1145969, "Actual Loops": 1, "Inner Unique": false, "Plans": [{"Node Type": "Hash Join", "Parent Relationship": "Outer", "Join Type": "Inner", "Startup Cost": 99528.29, "Total Cost": 921337.14, "Plan Rows": 575746, "Plan Width": 183, "Actual Startup Time": 2126.802, "Actual Total Time": 13808.845, "Actual Rows": 573635, "Actual Loops": 1, "Inner Unique": true, "Hash Cond": "(customer.c_nationkey = nation.n_nationkey), (LLVM Optimized, Jit Execute)", "Plans": [{"Node Type": "Hash Join", "Parent Relationship": "Outer", "Join Type": "Inner", "Startup Cost": 99515.36, "Total Cost": 913407.69, "Plan Rows": 575746, "Plan Width": 161, "Actual Startup Time": 2126.692, "Actual Total Time": 13557.509, "Actual Rows": 573635, "Actual Loops": 1, "Inner Unique": true, "Hash Cond": "(orders.o_custkey = customer.c_custkey), (LLVM Optimized, Jit Execute)", "Plans": [{"Node Type": "Index Scan", "Parent Relationship": "Outer", "Scan Direction": "Forward", "Index Name": "orders_pkey", "Relation Name": "orders", "Alias": "orders", "Startup Cost": 0.0, "Total Cost": 805975.83, "Plan Rows": 575746, "Plan Width": 16, "Actual Startup Time": 0.031, "Actual Total Time": 10741.931, "Actual Rows": 573635, "Actual Loops": 1, "Filter": "((o_orderdate >= '1993-08-01 00:00:00'::timestamp(0) without time zone) AND (o_orderdate < '1993-11-01 00:00:00'::timestamp without time zone)), (LLVM Optimized, Jit Execute)", "Rows Removed by Filter": 14426365}, {"Node Type": "Hash", "Parent Relationship": "Inner", "Startup Cost": 80765.36, "Total Cost": 80765.36, "Plan Rows": 1500000, "Plan Width": 153, "Actual Startup Time": 2124.217, "Actual Total Time": 2124.217, "Actual Rows": 1500000, "Actual Loops": 1, "Hash Buckets": 2097152, "Hash Batches": 1, "Original Hash Batches": 1, "Peak Memory Usage": 282695, "Plans": [{"Node Type": "Index Scan", "Parent Relationship": "Outer", "Scan Direction": "Forward", "Index Name": "customer_pkey", "Relation Name": "customer", "Alias": "customer", "Startup Cost": 0.0, "Total Cost": 80765.36, "Plan Rows": 1500000, "Plan Width": 153, "Actual Startup Time": 0.022, "Actual Total Time": 1241.581, "Actual Rows": 1500000, "Actual Loops": 1}]}]}, {"Node Type": "Hash", "Parent Relationship": "Inner", "Startup Cost": 12.62, "Total Cost": 12.62, "Plan Rows": 25, "Plan Width": 30, "Actual Startup Time": 0.046, "Actual Total Time": 0.046, "Actual Rows": 25, "Actual Loops": 1, "Hash Buckets": 32768, "Hash Batches": 1, "Original Hash Batches": 1, "Peak Memory Usage": 2, "Plans": [{"Node Type": "Index Scan", "Parent Relationship": "Outer", "Scan Direction": "Forward", "Index Name": "nation_pkey", "Relation Name": "nation", "Alias": "nation", "Startup Cost": 0.0, "Total Cost": 12.62, "Plan Rows": 25, "Plan Width": 30, "Actual Startup Time": 0.014, "Actual Total Time": 0.032, "Actual Rows": 25, "Actual Loops": 1}]}]}, {"Node Type": "Index Scan", "Parent Relationship": "Inner", "Scan Direction": "Forward", "Index Name": "idx_lineitem_orderkey", "Relation Name": "lineitem", "Alias": "lineitem", "Startup Cost": 0.0, "Total Cost": 5.38, "Plan Rows": 3, "Plan Width": 24, "Actual Startup Time": 3945.434, "Actual Total Time": 5206.896, "Actual Rows": 1145969, "Actual Loops": 573635, "Index Cond": "(l_orderkey = orders.o_orderkey)", "Rows Removed by Index Recheck": 0, "Filter": "(l_returnflag = 'R'::bpchar)", "Rows Removed by Filter": 1146896}]}]}]}]}, "Triggers": [], "Planner Runtime": 0, "Total Runtime": 21946.72, "Unique SQL Id": 1604070524}}, "(1, 110)": {"explain_plan": {"Plan": {"Node Type": "Limit", "Startup Cost": 2943502.95, "Total Cost": 2943503.0, "Plan Rows": 20, "Plan Width": 191, "Plans": [{"Node Type": "Sort", "Parent Relationship": "Outer", "Startup Cost": 2943502.95, "Total Cost": 2947117.69, "Plan Rows": 20, "Plan Width": 191, "Sort Key": ["(sum((lineitem.l_extendedprice * (1::double precision - lineitem.l_discount)))) DESC"], "Plans": [{"Node Type": "Aggregate", "Strategy": "Hashed", "Parent Relationship": "Outer", "Startup Cost": 2890569.14, "Total Cost": 2905028.12, "Plan Rows": 1445898, "Plan Width": 191, "Group By Key": ["customer.c_custkey", "customer.c_name", "customer.c_acctbal", "customer.c_phone", "nation.n_name", "customer.c_address", "customer.c_comment"], "Plans": [{"Node Type": "Hash Join", "Parent Relationship": "Outer", "Join Type": "Inner", "Startup Cost": 579485.57, "Total Cost": 2854421.69, "Plan Rows": 1445898, "Plan Width": 191, "Inner Unique": true, "Hash Cond": "(customer.c_nationkey = nation.n_nationkey), (LLVM Optimized)", "Plans": [{"Node Type": "Hash Join", "Parent Relationship": "Outer", "Join Type": "Inner", "Startup Cost": 579484.01, "Total Cost": 2834539.03, "Plan Rows": 1445898, "Plan Width": 169, "Inner Unique": true, "Hash Cond": "(orders.o_custkey = customer.c_custkey), (LLVM Optimized)", "Plans": [{"Node Type": "Hash Join", "Parent Relationship": "Outer", "Join Type": "Inner", "Startup Cost": 508608.01, "Total Cost": 2743781.94, "Plan Rows": 1445898, "Plan Width": 24, "Inner Unique": true, "Hash Cond": "(lineitem.l_orderkey = orders.o_orderkey), (LLVM Optimized)", "Plans": [{"Node Type": "Seq Scan", "Parent Relationship": "Outer", "Relation Name": "lineitem", "Alias": "lineitem", "Startup Cost": 0.0, "Total Cost": 2165082.91, "Plan Rows": 14835209, "Plan Width": 24, "Filter": "(l_returnflag = 'R'::bpchar), (LLVM Optimized)"}, {"Node Type": "Hash", "Parent Relationship": "Inner", "Startup Cost": 501411.18, "Total Cost": 501411.18, "Plan Rows": 575746, "Plan Width": 16, "Plans": [{"Node Type": "Seq Scan", "Parent Relationship": "Outer", "Relation Name": "orders", "Alias": "orders", "Startup Cost": 578.97, "Total Cost": 501411.18, "Plan Rows": 575746, "Plan Width": 16, "Filter": "((o_orderdate >= '1993-08-01 00:00:00'::timestamp(0) without time zone) AND (o_orderdate < '1993-11-01 00:00:00'::timestamp without time zone)), (LLVM Optimized)"}]}]}, {"Node Type": "Hash", "Parent Relationship": "Inner", "Startup Cost": 52126.0, "Total Cost": 52126.0, "Plan Rows": 1500000, "Plan Width": 153, "Plans": [{"Node Type": "Seq Scan", "Parent Relationship": "Outer", "Relation Name": "customer", "Alias": "customer", "Startup Cost": 0.0, "Total Cost": 52126.0, "Plan Rows": 1500000, "Plan Width": 153}]}]}, {"Node Type": "Hash", "Parent Relationship": "Inner", "Startup Cost": 1.25, "Total Cost": 1.25, "Plan Rows": 25, "Plan Width": 30, "Plans": [{"Node Type": "Seq Scan", "Parent Relationship": "Outer", "Relation Name": "nation", "Alias": "nation", "Startup Cost": 0.0, "Total Cost": 1.25, "Plan Rows": 25, "Plan Width": 30}]}]}]}]}]}, "Unique SQL Id": 1604070524, "Planner Runtime": 0}, "explain_analyze_plan": {"Plan": {"Node Type": "Limit", "Startup Cost": 2943502.95, "Total Cost": 2943503.0, "Plan Rows": 20, "Plan Width": 191, "Actual Startup Time": 37507.07, "Actual Total Time": 37507.078, "Actual Rows": 20, "Actual Loops": 1, "Plans": [{"Node Type": "Sort", "Parent Relationship": "Outer", "Startup Cost": 2943502.95, "Total Cost": 2947117.69, "Plan Rows": 20, "Plan Width": 191, "Actual Startup Time": 37507.067, "Actual Total Time": 37507.072, "Actual Rows": 20, "Actual Loops": 1, "Sort Key": ["(sum((lineitem.l_extendedprice * (1::double precision - lineitem.l_discount)))) DESC"], "Sort Method": "top-N heapsort", "Sort Space Used": 35, "Sort Space Type": "Memory", "Plans": [{"Node Type": "Aggregate", "Strategy": "Hashed", "Parent Relationship": "Outer", "Startup Cost": 2890569.14, "Total Cost": 2905028.12, "Plan Rows": 1445898, "Plan Width": 191, "Actual Startup Time": 37011.07, "Actual Total Time": 37368.13, "Actual Rows": 381542, "Actual Loops": 1, "Group By Key": ["customer.c_custkey", "customer.c_name", "customer.c_acctbal", "customer.c_phone", "nation.n_name", "customer.c_address", "customer.c_comment"], "Plans": [{"Node Type": "Hash Join", "Parent Relationship": "Outer", "Join Type": "Inner", "Startup Cost": 579485.57, "Total Cost": 2854421.69, "Plan Rows": 1445898, "Plan Width": 191, "Actual Startup Time": 6752.103, "Actual Total Time": 35154.298, "Actual Rows": 1145969, "Actual Loops": 1, "Inner Unique": true, "Hash Cond": "(customer.c_nationkey = nation.n_nationkey), (LLVM Optimized, Jit Execute)", "Plans": [{"Node Type": "Hash Join", "Parent Relationship": "Outer", "Join Type": "Inner", "Startup Cost": 579484.01, "Total Cost": 2834539.03, "Plan Rows": 1445898, "Plan Width": 169, "Actual Startup Time": 6752.0, "Actual Total Time": 34685.986, "Actual Rows": 1145969, "Actual Loops": 1, "Inner Unique": true, "Hash Cond": "(orders.o_custkey = customer.c_custkey), (LLVM Optimized, Jit Execute)", "Plans": [{"Node Type": "Hash Join", "Parent Relationship": "Outer", "Join Type": "Inner", "Startup Cost": 508608.01, "Total Cost": 2743781.94, "Plan Rows": 1445898, "Plan Width": 24, "Actual Startup Time": 5507.657, "Actual Total Time": 32610.074, "Actual Rows": 1145969, "Actual Loops": 1, "Inner Unique": true, "Hash Cond": "(lineitem.l_orderkey = orders.o_orderkey), (LLVM Optimized, Jit Execute)", "Plans": [{"Node Type": "Seq Scan", "Parent Relationship": "Outer", "Relation Name": "lineitem", "Alias": "lineitem", "Startup Cost": 0.0, "Total Cost": 2165082.91, "Plan Rows": 14835209, "Plan Width": 24, "Actual Startup Time": 0.018, "Actual Total Time": 22339.025, "Actual Rows": 14808183, "Actual Loops": 1, "Filter": "(l_returnflag = 'R'::bpchar), (LLVM Optimized, Jit Execute)", "Rows Removed by Filter": 45177869}, {"Node Type": "Hash", "Parent Relationship": "Inner", "Startup Cost": 501411.18, "Total Cost": 501411.18, "Plan Rows": 575746, "Plan Width": 16, "Actual Startup Time": 5506.946, "Actual Total Time": 5506.946, "Actual Rows": 573635, "Actual Loops": 1, "Hash Buckets": 1048576, "Hash Batches": 1, "Original Hash Batches": 1, "Peak Memory Usage": 26890, "Plans": [{"Node Type": "Seq Scan", "Parent Relationship": "Outer", "Relation Name": "orders", "Alias": "orders", "Startup Cost": 578.97, "Total Cost": 501411.18, "Plan Rows": 575746, "Plan Width": 16, "Actual Startup Time": 0.026, "Actual Total Time": 5235.253, "Actual Rows": 573635, "Actual Loops": 1, "Filter": "((o_orderdate >= '1993-08-01 00:00:00'::timestamp(0) without time zone) AND (o_orderdate < '1993-11-01 00:00:00'::timestamp without time zone)), (LLVM Optimized, Jit Execute)", "Rows Removed by Filter": 14426365}]}]}, {"Node Type": "Hash", "Parent Relationship": "Inner", "Startup Cost": 52126.0, "Total Cost": 52126.0, "Plan Rows": 1500000, "Plan Width": 153, "Actual Startup Time": 1243.058, "Actual Total Time": 1243.058, "Actual Rows": 1500000, "Actual Loops": 1, "Hash Buckets": 2097152, "Hash Batches": 1, "Original Hash Batches": 1, "Peak Memory Usage": 282695, "Plans": [{"Node Type": "Seq Scan", "Parent Relationship": "Outer", "Relation Name": "customer", "Alias": "customer", "Startup Cost": 0.0, "Total Cost": 52126.0, "Plan Rows": 1500000, "Plan Width": 153, "Actual Startup Time": 0.021, "Actual Total Time": 589.55, "Actual Rows": 1500000, "Actual Loops": 1}]}]}, {"Node Type": "Hash", "Parent Relationship": "Inner", "Startup Cost": 1.25, "Total Cost": 1.25, "Plan Rows": 25, "Plan Width": 30, "Actual Startup Time": 0.054, "Actual Total Time": 0.054, "Actual Rows": 25, "Actual Loops": 1, "Hash Buckets": 32768, "Hash Batches": 1, "Original Hash Batches": 1, "Peak Memory Usage": 2, "Plans": [{"Node Type": "Seq Scan", "Parent Relationship": "Outer", "Relation Name": "nation", "Alias": "nation", "Startup Cost": 0.0, "Total Cost": 1.25, "Plan Rows": 25, "Plan Width": 30, "Actual Startup Time": 0.025, "Actual Total Time": 0.031, "Actual Rows": 25, "Actual Loops": 1}]}]}]}]}]}, "Triggers": [], "Planner Runtime": 0, "Total Runtime": 37517.838, "Unique SQL Id": 1604070524}}, "(1, 111)": {"explain_plan": {"Plan": {"Node Type": "Limit", "Startup Cost": 4000427900430.88, "Total Cost": 4000427900430.93, "Plan Rows": 20, "Plan Width": 191, "Plans": [{"Node Type": "Sort", "Parent Relationship": "Outer", "Startup Cost": 4000427900430.88, "Total Cost": 4000427904045.63, "Plan Rows": 20, "Plan Width": 191, "Sort Key": ["(sum((lineitem.l_extendedprice * (1::double precision - lineitem.l_discount)))) DESC"], "Plans": [{"Node Type": "Aggregate", "Strategy": "Hashed", "Parent Relationship": "Outer", "Startup Cost": 4000427847497.08, "Total Cost": 4000427861956.06, "Plan Rows": 1445898, "Plan Width": 191, "Group By Key": ["customer.c_custkey", "customer.c_name", "customer.c_acctbal", "customer.c_phone", "nation.n_name", "customer.c_address", "customer.c_comment"], "Plans": [{"Node Type": "Hash Join", "Parent Relationship": "Outer", "Join Type": "Inner", "Startup Cost": 3010088709244.77, "Total Cost": 4000427811349.63, "Plan Rows": 1445898, "Plan Width": 191, "Inner Unique": true, "Hash Cond": "(customer.c_nationkey = nation.n_nationkey), (LLVM Optimized)", "Plans": [{"Node Type": "Hash Join", "Parent Relationship": "Outer", "Join Type": "Inner", "Startup Cost": 2010088707981.95, "Total Cost": 3000427790205.72, "Plan Rows": 1445898, "Plan Width": 169, "Inner Unique": false, "Hash Cond": "(lineitem.l_orderkey = orders.o_orderkey), (LLVM Optimized)", "Plans": [{"Node Type": "Index Scan", "Parent Relationship": "Outer", "Scan Direction": "Forward", "Index Name": "idx_lineitem_orderkey", "Relation Name": "lineitem", "Alias": "lineitem", "Startup Cost": 10000000000.0, "Total Cost": 1000339012132.75, "Plan Rows": 14835209, "Plan Width": 24, "Filter": "(l_returnflag = 'R'::bpchar), (LLVM Optimized)"}, {"Node Type": "Hash", "Parent Relationship": "Inner", "Startup Cost": 2000088700785.13, "Total Cost": 2000088700785.13, "Plan Rows": 575746, "Plan Width": 161, "Plans": [{"Node Type": "Hash Join", "Parent Relationship": "Outer", "Join Type": "Inner", "Startup Cost": 1010008095285.62, "Total Cost": 2000088700785.13, "Plan Rows": 575746, "Plan Width": 161, "Inner Unique": true, "Hash Cond": "(orders.o_custkey = customer.c_custkey), (LLVM Optimized)", "Plans": [{"Node Type": "Index Scan", "Parent Relationship": "Outer", "Scan Direction": "Forward", "Index Name": "orders_pkey", "Relation Name": "orders", "Alias": "orders", "Startup Cost": 10000000000.0, "Total Cost": 1000080597583.0, "Plan Rows": 575746, "Plan Width": 16, "Filter": "((o_orderdate >= '1993-08-01 00:00:00'::timestamp(0) without time zone) AND (o_orderdate < '1993-11-01 00:00:00'::timestamp without time zone)), (LLVM Optimized)"}, {"Node Type": "Hash", "Parent Relationship": "Inner", "Startup Cost": 1000008076535.62, "Total Cost": 1000008076535.62, "Plan Rows": 1500000, "Plan Width": 153, "Plans": [{"Node Type": "Index Scan", "Parent Relationship": "Outer", "Scan Direction": "Forward", "Index Name": "customer_pkey", "Relation Name": "customer", "Alias": "customer", "Startup Cost": 10000000000.0, "Total Cost": 1000008076535.62, "Plan Rows": 1500000, "Plan Width": 153}]}]}]}]}, {"Node Type": "Hash", "Parent Relationship": "Inner", "Startup Cost": 1000000001262.5, "Total Cost": 1000000001262.5, "Plan Rows": 25, "Plan Width": 30, "Plans": [{"Node Type": "Index Scan", "Parent Relationship": "Outer", "Scan Direction": "Forward", "Index Name": "nation_pkey", "Relation Name": "nation", "Alias": "nation", "Startup Cost": 10000000000.0, "Total Cost": 1000000001262.5, "Plan Rows": 25, "Plan Width": 30}]}]}]}]}]}, "Unique SQL Id": 1604070524, "Planner Runtime": 0}, "explain_analyze_plan": {"Plan": {"Node Type": "Limit", "Startup Cost": 4000427900430.88, "Total Cost": 4000427900430.93, "Plan Rows": 20, "Plan Width": 191, "Actual Startup Time": 59986.718, "Actual Total Time": 59986.724, "Actual Rows": 20, "Actual Loops": 1, "Plans": [{"Node Type": "Sort", "Parent Relationship": "Outer", "Startup Cost": 4000427900430.88, "Total Cost": 4000427904045.63, "Plan Rows": 20, "Plan Width": 191, "Actual Startup Time": 59986.714, "Actual Total Time": 59986.717, "Actual Rows": 20, "Actual Loops": 1, "Sort Key": ["(sum((lineitem.l_extendedprice * (1::double precision - lineitem.l_discount)))) DESC"], "Sort Method": "top-N heapsort", "Sort Space Used": 35, "Sort Space Type": "Memory", "Plans": [{"Node Type": "Aggregate", "Strategy": "Hashed", "Parent Relationship": "Outer", "Startup Cost": 4000427847497.08, "Total Cost": 4000427861956.06, "Plan Rows": 1445898, "Plan Width": 191, "Actual Startup Time": 59605.837, "Actual Total Time": 59851.307, "Actual Rows": 381542, "Actual Loops": 1, "Group By Key": ["customer.c_custkey", "customer.c_name", "customer.c_acctbal", "customer.c_phone", "nation.n_name", "customer.c_address", "customer.c_comment"], "Plans": [{"Node Type": "Hash Join", "Parent Relationship": "Outer", "Join Type": "Inner", "Startup Cost": 3010088709244.77, "Total Cost": 4000427811349.63, "Plan Rows": 1445898, "Plan Width": 191, "Actual Startup Time": 12373.74, "Actual Total Time": 57746.471, "Actual Rows": 1145969, "Actual Loops": 1, "Inner Unique": true, "Hash Cond": "(customer.c_nationkey = nation.n_nationkey), (LLVM Optimized, Jit Execute)", "Plans": [{"Node Type": "Hash Join", "Parent Relationship": "Outer", "Join Type": "Inner", "Startup Cost": 2010088707981.95, "Total Cost": 3000427790205.72, "Plan Rows": 1445898, "Plan Width": 169, "Actual Startup Time": 12373.621, "Actual Total Time": 57273.342, "Actual Rows": 1145969, "Actual Loops": 1, "Inner Unique": false, "Hash Cond": "(lineitem.l_orderkey = orders.o_orderkey), (LLVM Optimized, Jit Execute)", "Plans": [{"Node Type": "Index Scan", "Parent Relationship": "Outer", "Scan Direction": "Forward", "Index Name": "idx_lineitem_orderkey", "Relation Name": "lineitem", "Alias": "lineitem", "Startup Cost": 10000000000.0, "Total Cost": 1000339012132.75, "Plan Rows": 14835209, "Plan Width": 24, "Actual Startup Time": 0.04, "Actual Total Time": 40411.896, "Actual Rows": 14808183, "Actual Loops": 1, "Filter": "(l_returnflag = 'R'::bpchar), (LLVM Optimized, Jit Execute)", "Rows Removed by Filter": 45177869}, {"Node Type": "Hash", "Parent Relationship": "Inner", "Startup Cost": 2000088700785.13, "Total Cost": 2000088700785.13, "Plan Rows": 575746, "Plan Width": 161, "Actual Startup Time": 12366.239, "Actual Total Time": 12366.239, "Actual Rows": 573635, "Actual Loops": 1, "Hash Buckets": 1048576, "Hash Batches": 1, "Original Hash Batches": 1, "Peak Memory Usage": 113704, "Plans": [{"Node Type": "Hash Join", "Parent Relationship": "Outer", "Join Type": "Inner", "Startup Cost": 1010008095285.62, "Total Cost": 2000088700785.13, "Plan Rows": 575746, "Plan Width": 161, "Actual Startup Time": 1638.783, "Actual Total Time": 12015.296, "Actual Rows": 573635, "Actual Loops": 1, "Inner Unique": true, "Hash Cond": "(orders.o_custkey = customer.c_custkey), (LLVM Optimized, Jit Execute)", "Plans": [{"Node Type": "Index Scan", "Parent Relationship": "Outer", "Scan Direction": "Forward", "Index Name": "orders_pkey", "Relation Name": "orders", "Alias": "orders", "Startup Cost": 10000000000.0, "Total Cost": 1000080597583.0, "Plan Rows": 575746, "Plan Width": 16, "Actual Startup Time": 0.032, "Actual Total Time": 9775.617, "Actual Rows": 573635, "Actual Loops": 1, "Filter": "((o_orderdate >= '1993-08-01 00:00:00'::timestamp(0) without time zone) AND (o_orderdate < '1993-11-01 00:00:00'::timestamp without time zone)), (LLVM Optimized, Jit Execute)", "Rows Removed by Filter": 14426365}, {"Node Type": "Hash", "Parent Relationship": "Inner", "Startup Cost": 1000008076535.62, "Total Cost": 1000008076535.62, "Plan Rows": 1500000, "Plan Width": 153, "Actual Startup Time": 1637.496, "Actual Total Time": 1637.496, "Actual Rows": 1500000, "Actual Loops": 1, "Hash Buckets": 2097152, "Hash Batches": 1, "Original Hash Batches": 1, "Peak Memory Usage": 282695, "Plans": [{"Node Type": "Index Scan", "Parent Relationship": "Outer", "Scan Direction": "Forward", "Index Name": "customer_pkey", "Relation Name": "customer", "Alias": "customer", "Startup Cost": 10000000000.0, "Total Cost": 1000008076535.62, "Plan Rows": 1500000, "Plan Width": 153, "Actual Startup Time": 0.028, "Actual Total Time": 973.351, "Actual Rows": 1500000, "Actual Loops": 1}]}]}]}]}, {"Node Type": "Hash", "Parent Relationship": "Inner", "Startup Cost": 1000000001262.5, "Total Cost": 1000000001262.5, "Plan Rows": 25, "Plan Width": 30, "Actual Startup Time": 0.065, "Actual Total Time": 0.065, "Actual Rows": 25, "Actual Loops": 1, "Hash Buckets": 32768, "Hash Batches": 1, "Original Hash Batches": 1, "Peak Memory Usage": 2, "Plans": [{"Node Type": "Index Scan", "Parent Relationship": "Outer", "Scan Direction": "Forward", "Index Name": "nation_pkey", "Relation Name": "nation", "Alias": "nation", "Startup Cost": 10000000000.0, "Total Cost": 1000000001262.5, "Plan Rows": 25, "Plan Width": 30, "Actual Startup Time": 0.028, "Actual Total Time": 0.045, "Actual Rows": 25, "Actual Loops": 1}]}]}]}]}]}, "Triggers": [], "Planner Runtime": 0, "Total Runtime": 59997.475, "Unique SQL Id": 1604070524}}, "(1, 112)": {"explain_plan": {"Plan": {"Node Type": "Limit", "Startup Cost": 3997545.9, "Total Cost": 3997545.95, "Plan Rows": 20, "Plan Width": 191, "Plans": [{"Node Type": "Sort", "Parent Relationship": "Outer", "Startup Cost": 3997545.9, "Total Cost": 4001160.65, "Plan Rows": 20, "Plan Width": 191, "Sort Key": ["(sum((lineitem.l_extendedprice * (1::double precision - lineitem.l_discount)))) DESC"], "Plans": [{"Node Type": "Aggregate", "Strategy": "Hashed", "Parent Relationship": "Outer", "Startup Cost": 3944612.1, "Total Cost": 3959071.08, "Plan Rows": 1445898, "Plan Width": 191, "Group By Key": ["customer.c_custkey", "customer.c_name", "customer.c_acctbal", "customer.c_phone", "nation.n_name", "customer.c_address", "customer.c_comment"], "Plans": [{"Node Type": "Nested Loop", "Parent Relationship": "Outer", "Join Type": "Inner", "Startup Cost": 14729.65, "Total Cost": 3908464.65, "Plan Rows": 1445898, "Plan Width": 191, "Inner Unique": false, "Plans": [{"Node Type": "Nested Loop", "Parent Relationship": "Outer", "Join Type": "Inner", "Startup Cost": 14729.65, "Total Cost": 791847.2, "Plan Rows": 575746, "Plan Width": 183, "Inner Unique": true, "Plans": [{"Node Type": "Nested Loop", "Parent Relationship": "Outer", "Join Type": "Inner", "Startup Cost": 14729.65, "Total Cost": 630633.72, "Plan Rows": 575746, "Plan Width": 161, "Inner Unique": true, "Plans": [{"Node Type": "Bitmap Heap Scan", "Parent Relationship": "Outer", "Relation Name": "orders", "Alias": "orders", "Startup Cost": 14729.65, "Total Cost": 299784.84, "Plan Rows": 575746, "Plan Width": 16, "Recheck Cond": "((o_orderdate >= '1993-08-01 00:00:00'::timestamp(0) without time zone) AND (o_orderdate < '1993-11-01 00:00:00'::timestamp without time zone)), (LLVM Optimized)", "Plans": [{"Node Type": "Bitmap Index Scan", "Parent Relationship": "Outer", "Index Name": "idx_orders_orderdate", "Startup Cost": 0.0, "Total Cost": 14585.71, "Plan Rows": 575746, "Plan Width": 0, "Index Cond": "((o_orderdate >= '1993-08-01 00:00:00'::timestamp(0) without time zone) AND (o_orderdate < '1993-11-01 00:00:00'::timestamp without time zone))"}]}, {"Node Type": "Index Scan", "Parent Relationship": "Inner", "Scan Direction": "Forward", "Index Name": "customer_pkey", "Relation Name": "customer", "Alias": "customer", "Startup Cost": 0.0, "Total Cost": 0.56, "Plan Rows": 1, "Plan Width": 153, "Index Cond": "(c_custkey = orders.o_custkey)"}]}, {"Node Type": "Index Scan", "Parent Relationship": "Inner", "Scan Direction": "Forward", "Index Name": "nation_pkey", "Relation Name": "nation", "Alias": "nation", "Startup Cost": 0.0, "Total Cost": 0.27, "Plan Rows": 1, "Plan Width": 30, "Index Cond": "(n_nationkey = customer.c_nationkey)"}]}, {"Node Type": "Index Scan", "Parent Relationship": "Inner", "Scan Direction": "Forward", "Index Name": "idx_lineitem_orderkey", "Relation Name": "lineitem", "Alias": "lineitem", "Startup Cost": 0.0, "Total Cost": 5.38, "Plan Rows": 3, "Plan Width": 24, "Index Cond": "(l_orderkey = orders.o_orderkey)", "Filter": "(l_returnflag = 'R'::bpchar)"}]}]}]}]}, "Unique SQL Id": 1604070524, "Planner Runtime": 0}, "explain_analyze_plan": {"Plan": {"Node Type": "Limit", "Startup Cost": 3997545.9, "Total Cost": 3997545.95, "Plan Rows": 20, "Plan Width": 191, "Actual Startup Time": 13373.541, "Actual Total Time": 13373.546, "Actual Rows": 20, "Actual Loops": 1, "Plans": [{"Node Type": "Sort", "Parent Relationship": "Outer", "Startup Cost": 3997545.9, "Total Cost": 4001160.65, "Plan Rows": 20, "Plan Width": 191, "Actual Startup Time": 13373.538, "Actual Total Time": 13373.54, "Actual Rows": 20, "Actual Loops": 1, "Sort Key": ["(sum((lineitem.l_extendedprice * (1::double precision - lineitem.l_discount)))) DESC"], "Sort Method": "top-N heapsort", "Sort Space Used": 35, "Sort Space Type": "Memory", "Plans": [{"Node Type": "Aggregate", "Strategy": "Hashed", "Parent Relationship": "Outer", "Startup Cost": 3944612.1, "Total Cost": 3959071.08, "Plan Rows": 1445898, "Plan Width": 191, "Actual Startup Time": 13040.548, "Actual Total Time": 13240.101, "Actual Rows": 381542, "Actual Loops": 1, "Group By Key": ["customer.c_custkey", "customer.c_name", "customer.c_acctbal", "customer.c_phone", "nation.n_name", "customer.c_address", "customer.c_comment"], "Plans": [{"Node Type": "Nested Loop", "Parent Relationship": "Outer", "Join Type": "Inner", "Startup Cost": 14729.65, "Total Cost": 3908464.65, "Plan Rows": 1445898, "Plan Width": 191, "Actual Startup Time": 241.378, "Actual Total Time": 11182.684, "Actual Rows": 1145969, "Actual Loops": 1, "Inner Unique": false, "Plans": [{"Node Type": "Nested Loop", "Parent Relationship": "Outer", "Join Type": "Inner", "Startup Cost": 14729.65, "Total Cost": 791847.2, "Plan Rows": 575746, "Plan Width": 183, "Actual Startup Time": 241.335, "Actual Total Time": 6039.514, "Actual Rows": 573635, "Actual Loops": 1, "Inner Unique": true, "Plans": [{"Node Type": "Nested Loop", "Parent Relationship": "Outer", "Join Type": "Inner", "Startup Cost": 14729.65, "Total Cost": 630633.72, "Plan Rows": 575746, "Plan Width": 161, "Actual Startup Time": 241.326, "Actual Total Time": 4786.093, "Actual Rows": 573635, "Actual Loops": 1, "Inner Unique": true, "Plans": [{"Node Type": "Bitmap Heap Scan", "Parent Relationship": "Outer", "Relation Name": "orders", "Alias": "orders", "Startup Cost": 14729.65, "Total Cost": 299784.84, "Plan Rows": 575746, "Plan Width": 16, "Actual Startup Time": 241.273, "Actual Total Time": 993.913, "Actual Rows": 573635, "Actual Loops": 1, "Recheck Cond": "((o_orderdate >= '1993-08-01 00:00:00'::timestamp(0) without time zone) AND (o_orderdate < '1993-11-01 00:00:00'::timestamp without time zone)), (LLVM Optimized, Jit Execute)", "Rows Removed by Index Recheck": 0, "Exact Heap Blocks": 242860, "Lossy Heap Blocks": 242860, "Plans": [{"Node Type": "Bitmap Index Scan", "Parent Relationship": "Outer", "Index Name": "idx_orders_orderdate", "Startup Cost": 0.0, "Total Cost": 14585.71, "Plan Rows": 575746, "Plan Width": 0, "Actual Startup Time": 165.433, "Actual Total Time": 165.433, "Actual Rows": 573635, "Actual Loops": 1, "Index Cond": "((o_orderdate >= '1993-08-01 00:00:00'::timestamp(0) without time zone) AND (o_orderdate < '1993-11-01 00:00:00'::timestamp without time zone))"}]}, {"Node Type": "Index Scan", "Parent Relationship": "Inner", "Scan Direction": "Forward", "Index Name": "customer_pkey", "Relation Name": "customer", "Alias": "customer", "Startup Cost": 0.0, "Total Cost": 0.56, "Plan Rows": 1, "Plan Width": 153, "Actual Startup Time": 3277.633, "Actual Total Time": 3277.633, "Actual Rows": 573635, "Actual Loops": 573635, "Index Cond": "(c_custkey = orders.o_custkey)", "Rows Removed by Index Recheck": 0}]}, {"Node Type": "Index Scan", "Parent Relationship": "Inner", "Scan Direction": "Forward", "Index Name": "nation_pkey", "Relation Name": "nation", "Alias": "nation", "Startup Cost": 0.0, "Total Cost": 0.27, "Plan Rows": 1, "Plan Width": 30, "Actual Startup Time": 797.22, "Actual Total Time": 797.22, "Actual Rows": 573635, "Actual Loops": 573635, "Index Cond": "(n_nationkey = customer.c_nationkey)", "Rows Removed by Index Recheck": 0}]}, {"Node Type": "Index Scan", "Parent Relationship": "Inner", "Scan Direction": "Forward", "Index Name": "idx_lineitem_orderkey", "Relation Name": "lineitem", "Alias": "lineitem", "Startup Cost": 0.0, "Total Cost": 5.38, "Plan Rows": 3, "Plan Width": 24, "Actual Startup Time": 3405.561, "Actual Total Time": 4562.606, "Actual Rows": 1145969, "Actual Loops": 573635, "Index Cond": "(l_orderkey = orders.o_orderkey)", "Rows Removed by Index Recheck": 0, "Filter": "(l_returnflag = 'R'::bpchar)", "Rows Removed by Filter": 1146896}]}]}]}]}, "Triggers": [], "Planner Runtime": 0, "Total Runtime": 13383.713, "Unique SQL Id": 1604070524}}, "(1, 113)": {"explain_plan": {"Plan": {"Node Type": "Limit", "Startup Cost": 3997545.9, "Total Cost": 3997545.95, "Plan Rows": 20, "Plan Width": 191, "Plans": [{"Node Type": "Sort", "Parent Relationship": "Outer", "Startup Cost": 3997545.9, "Total Cost": 4001160.65, "Plan Rows": 20, "Plan Width": 191, "Sort Key": ["(sum((lineitem.l_extendedprice * (1::double precision - lineitem.l_discount)))) DESC"], "Plans": [{"Node Type": "Aggregate", "Strategy": "Hashed", "Parent Relationship": "Outer", "Startup Cost": 3944612.1, "Total Cost": 3959071.08, "Plan Rows": 1445898, "Plan Width": 191, "Group By Key": ["customer.c_custkey", "customer.c_name", "customer.c_acctbal", "customer.c_phone", "nation.n_name", "customer.c_address", "customer.c_comment"], "Plans": [{"Node Type": "Nested Loop", "Parent Relationship": "Outer", "Join Type": "Inner", "Startup Cost": 14729.65, "Total Cost": 3908464.65, "Plan Rows": 1445898, "Plan Width": 191, "Inner Unique": false, "Plans": [{"Node Type": "Nested Loop", "Parent Relationship": "Outer", "Join Type": "Inner", "Startup Cost": 14729.65, "Total Cost": 791847.2, "Plan Rows": 575746, "Plan Width": 183, "Inner Unique": true, "Plans": [{"Node Type": "Nested Loop", "Parent Relationship": "Outer", "Join Type": "Inner", "Startup Cost": 14729.65, "Total Cost": 630633.72, "Plan Rows": 575746, "Plan Width": 161, "Inner Unique": true, "Plans": [{"Node Type": "Bitmap Heap Scan", "Parent Relationship": "Outer", "Relation Name": "orders", "Alias": "orders", "Startup Cost": 14729.65, "Total Cost": 299784.84, "Plan Rows": 575746, "Plan Width": 16, "Recheck Cond": "((o_orderdate >= '1993-08-01 00:00:00'::timestamp(0) without time zone) AND (o_orderdate < '1993-11-01 00:00:00'::timestamp without time zone)), (LLVM Optimized)", "Plans": [{"Node Type": "Bitmap Index Scan", "Parent Relationship": "Outer", "Index Name": "idx_orders_orderdate", "Startup Cost": 0.0, "Total Cost": 14585.71, "Plan Rows": 575746, "Plan Width": 0, "Index Cond": "((o_orderdate >= '1993-08-01 00:00:00'::timestamp(0) without time zone) AND (o_orderdate < '1993-11-01 00:00:00'::timestamp without time zone))"}]}, {"Node Type": "Index Scan", "Parent Relationship": "Inner", "Scan Direction": "Forward", "Index Name": "customer_pkey", "Relation Name": "customer", "Alias": "customer", "Startup Cost": 0.0, "Total Cost": 0.56, "Plan Rows": 1, "Plan Width": 153, "Index Cond": "(c_custkey = orders.o_custkey)"}]}, {"Node Type": "Index Scan", "Parent Relationship": "Inner", "Scan Direction": "Forward", "Index Name": "nation_pkey", "Relation Name": "nation", "Alias": "nation", "Startup Cost": 0.0, "Total Cost": 0.27, "Plan Rows": 1, "Plan Width": 30, "Index Cond": "(n_nationkey = customer.c_nationkey)"}]}, {"Node Type": "Index Scan", "Parent Relationship": "Inner", "Scan Direction": "Forward", "Index Name": "idx_lineitem_orderkey", "Relation Name": "lineitem", "Alias": "lineitem", "Startup Cost": 0.0, "Total Cost": 5.38, "Plan Rows": 3, "Plan Width": 24, "Index Cond": "(l_orderkey = orders.o_orderkey)", "Filter": "(l_returnflag = 'R'::bpchar)"}]}]}]}]}, "Unique SQL Id": 1604070524, "Planner Runtime": 0}, "explain_analyze_plan": {"Plan": {"Node Type": "Limit", "Startup Cost": 3997545.9, "Total Cost": 3997545.95, "Plan Rows": 20, "Plan Width": 191, "Actual Startup Time": 13373.541, "Actual Total Time": 13373.546, "Actual Rows": 20, "Actual Loops": 1, "Plans": [{"Node Type": "Sort", "Parent Relationship": "Outer", "Startup Cost": 3997545.9, "Total Cost": 4001160.65, "Plan Rows": 20, "Plan Width": 191, "Actual Startup Time": 13373.538, "Actual Total Time": 13373.54, "Actual Rows": 20, "Actual Loops": 1, "Sort Key": ["(sum((lineitem.l_extendedprice * (1::double precision - lineitem.l_discount)))) DESC"], "Sort Method": "top-N heapsort", "Sort Space Used": 35, "Sort Space Type": "Memory", "Plans": [{"Node Type": "Aggregate", "Strategy": "Hashed", "Parent Relationship": "Outer", "Startup Cost": 3944612.1, "Total Cost": 3959071.08, "Plan Rows": 1445898, "Plan Width": 191, "Actual Startup Time": 13040.548, "Actual Total Time": 13240.101, "Actual Rows": 381542, "Actual Loops": 1, "Group By Key": ["customer.c_custkey", "customer.c_name", "customer.c_acctbal", "customer.c_phone", "nation.n_name", "customer.c_address", "customer.c_comment"], "Plans": [{"Node Type": "Nested Loop", "Parent Relationship": "Outer", "Join Type": "Inner", "Startup Cost": 14729.65, "Total Cost": 3908464.65, "Plan Rows": 1445898, "Plan Width": 191, "Actual Startup Time": 241.378, "Actual Total Time": 11182.684, "Actual Rows": 1145969, "Actual Loops": 1, "Inner Unique": false, "Plans": [{"Node Type": "Nested Loop", "Parent Relationship": "Outer", "Join Type": "Inner", "Startup Cost": 14729.65, "Total Cost": 791847.2, "Plan Rows": 575746, "Plan Width": 183, "Actual Startup Time": 241.335, "Actual Total Time": 6039.514, "Actual Rows": 573635, "Actual Loops": 1, "Inner Unique": true, "Plans": [{"Node Type": "Nested Loop", "Parent Relationship": "Outer", "Join Type": "Inner", "Startup Cost": 14729.65, "Total Cost": 630633.72, "Plan Rows": 575746, "Plan Width": 161, "Actual Startup Time": 241.326, "Actual Total Time": 4786.093, "Actual Rows": 573635, "Actual Loops": 1, "Inner Unique": true, "Plans": [{"Node Type": "Bitmap Heap Scan", "Parent Relationship": "Outer", "Relation Name": "orders", "Alias": "orders", "Startup Cost": 14729.65, "Total Cost": 299784.84, "Plan Rows": 575746, "Plan Width": 16, "Actual Startup Time": 241.273, "Actual Total Time": 993.913, "Actual Rows": 573635, "Actual Loops": 1, "Recheck Cond": "((o_orderdate >= '1993-08-01 00:00:00'::timestamp(0) without time zone) AND (o_orderdate < '1993-11-01 00:00:00'::timestamp without time zone)), (LLVM Optimized, Jit Execute)", "Rows Removed by Index Recheck": 0, "Exact Heap Blocks": 242860, "Lossy Heap Blocks": 242860, "Plans": [{"Node Type": "Bitmap Index Scan", "Parent Relationship": "Outer", "Index Name": "idx_orders_orderdate", "Startup Cost": 0.0, "Total Cost": 14585.71, "Plan Rows": 575746, "Plan Width": 0, "Actual Startup Time": 165.433, "Actual Total Time": 165.433, "Actual Rows": 573635, "Actual Loops": 1, "Index Cond": "((o_orderdate >= '1993-08-01 00:00:00'::timestamp(0) without time zone) AND (o_orderdate < '1993-11-01 00:00:00'::timestamp without time zone))"}]}, {"Node Type": "Index Scan", "Parent Relationship": "Inner", "Scan Direction": "Forward", "Index Name": "customer_pkey", "Relation Name": "customer", "Alias": "customer", "Startup Cost": 0.0, "Total Cost": 0.56, "Plan Rows": 1, "Plan Width": 153, "Actual Startup Time": 3277.633, "Actual Total Time": 3277.633, "Actual Rows": 573635, "Actual Loops": 573635, "Index Cond": "(c_custkey = orders.o_custkey)", "Rows Removed by Index Recheck": 0}]}, {"Node Type": "Index Scan", "Parent Relationship": "Inner", "Scan Direction": "Forward", "Index Name": "nation_pkey", "Relation Name": "nation", "Alias": "nation", "Startup Cost": 0.0, "Total Cost": 0.27, "Plan Rows": 1, "Plan Width": 30, "Actual Startup Time": 797.22, "Actual Total Time": 797.22, "Actual Rows": 573635, "Actual Loops": 573635, "Index Cond": "(n_nationkey = customer.c_nationkey)", "Rows Removed by Index Recheck": 0}]}, {"Node Type": "Index Scan", "Parent Relationship": "Inner", "Scan Direction": "Forward", "Index Name": "idx_lineitem_orderkey", "Relation Name": "lineitem", "Alias": "lineitem", "Startup Cost": 0.0, "Total Cost": 5.38, "Plan Rows": 3, "Plan Width": 24, "Actual Startup Time": 3405.561, "Actual Total Time": 4562.606, "Actual Rows": 1145969, "Actual Loops": 573635, "Index Cond": "(l_orderkey = orders.o_orderkey)", "Rows Removed by Index Recheck": 0, "Filter": "(l_returnflag = 'R'::bpchar)", "Rows Removed by Filter": 1146896}]}]}]}]}, "Triggers": [], "Planner Runtime": 0, "Total Runtime": 13383.713, "Unique SQL Id": 1604070524}}, "(1, 114)": {"explain_plan": {"Plan": {"Node Type": "Limit", "Startup Cost": 11194981.94, "Total Cost": 11194981.99, "Plan Rows": 20, "Plan Width": 191, "Plans": [{"Node Type": "Sort", "Parent Relationship": "Outer", "Startup Cost": 11194981.94, "Total Cost": 11198596.68, "Plan Rows": 20, "Plan Width": 191, "Sort Key": ["(sum((lineitem.l_extendedprice * (1::double precision - lineitem.l_discount)))) DESC"], "Plans": [{"Node Type": "Aggregate", "Strategy": "Hashed", "Parent Relationship": "Outer", "Startup Cost": 11142048.13, "Total Cost": 11156507.11, "Plan Rows": 1445898, "Plan Width": 191, "Group By Key": ["customer.c_custkey", "customer.c_name", "customer.c_acctbal", "customer.c_phone", "nation.n_name", "customer.c_address", "customer.c_comment"], "Plans": [{"Node Type": "Nested Loop", "Parent Relationship": "Outer", "Join Type": "Inner", "Startup Cost": 14731.87, "Total Cost": 11105900.68, "Plan Rows": 1445898, "Plan Width": 191, "Inner Unique": false, "Plans": [{"Node Type": "Nested Loop", "Parent Relationship": "Outer", "Join Type": "Inner", "Startup Cost": 14729.94, "Total Cost": 3001163.72, "Plan Rows": 575746, "Plan Width": 183, "Inner Unique": true, "Join Filter": "(customer.c_nationkey = nation.n_nationkey), (LLVM Optimized)", "Plans": [{"Node Type": "Nested Loop", "Parent Relationship": "Outer", "Join Type": "Inner", "Startup Cost": 14729.94, "Total Cost": 2785257.65, "Plan Rows": 575746, "Plan Width": 161, "Inner Unique": true, "Plans": [{"Node Type": "Bitmap Heap Scan", "Parent Relationship": "Outer", "Relation Name": "orders", "Alias": "orders", "Startup Cost": 14729.65, "Total Cost": 299784.84, "Plan Rows": 575746, "Plan Width": 16, "Recheck Cond": "((o_orderdate >= '1993-08-01 00:00:00'::timestamp(0) without time zone) AND (o_orderdate < '1993-11-01 00:00:00'::timestamp without time zone)), (LLVM Optimized)", "Plans": [{"Node Type": "Bitmap Index Scan", "Parent Relationship": "Outer", "Index Name": "idx_orders_orderdate", "Startup Cost": 0.0, "Total Cost": 14585.71, "Plan Rows": 575746, "Plan Width": 0, "Index Cond": "((o_orderdate >= '1993-08-01 00:00:00'::timestamp(0) without time zone) AND (o_orderdate < '1993-11-01 00:00:00'::timestamp without time zone))"}]}, {"Node Type": "Bitmap Heap Scan", "Parent Relationship": "Inner", "Relation Name": "customer", "Alias": "customer", "Startup Cost": 0.29, "Total Cost": 4.31, "Plan Rows": 1, "Plan Width": 153, "Recheck Cond": "(c_custkey = orders.o_custkey)", "Plans": [{"Node Type": "Bitmap Index Scan", "Parent Relationship": "Outer", "Index Name": "customer_pkey", "Startup Cost": 0.0, "Total Cost": 0.29, "Plan Rows": 1, "Plan Width": 0, "Index Cond": "(c_custkey = orders.o_custkey)"}]}]}, {"Node Type": "Materialize", "Parent Relationship": "Inner", "Startup Cost": 0.0, "Total Cost": 1.38, "Plan Rows": 25, "Plan Width": 30, "Plans": [{"Node Type": "Seq Scan", "Parent Relationship": "Outer", "Relation Name": "nation", "Alias": "nation", "Startup Cost": 0.0, "Total Cost": 1.25, "Plan Rows": 25, "Plan Width": 30}]}]}, {"Node Type": "Bitmap Heap Scan", "Parent Relationship": "Inner", "Relation Name": "lineitem", "Alias": "lineitem", "Startup Cost": 1.93, "Total Cost": 14.05, "Plan Rows": 3, "Plan Width": 24, "Recheck Cond": "(l_orderkey = orders.o_orderkey)", "Filter": "(l_returnflag = 'R'::bpchar)", "Plans": [{"Node Type": "Bitmap Index Scan", "Parent Relationship": "Outer", "Index Name": "idx_lineitem_orderkey", "Startup Cost": 0.0, "Total Cost": 1.92, "Plan Rows": 9, "Plan Width": 0, "Index Cond": "(l_orderkey = orders.o_orderkey)"}]}]}]}]}]}, "Unique SQL Id": 1604070524, "Planner Runtime": 0}, "explain_analyze_plan": {"Plan": {"Node Type": "Limit", "Startup Cost": 11194981.94, "Total Cost": 11194981.99, "Plan Rows": 20, "Plan Width": 191, "Actual Startup Time": 17223.366, "Actual Total Time": 17223.373, "Actual Rows": 20, "Actual Loops": 1, "Plans": [{"Node Type": "Sort", "Parent Relationship": "Outer", "Startup Cost": 11194981.94, "Total Cost": 11198596.68, "Plan Rows": 20, "Plan Width": 191, "Actual Startup Time": 17223.363, "Actual Total Time": 17223.367, "Actual Rows": 20, "Actual Loops": 1, "Sort Key": ["(sum((lineitem.l_extendedprice * (1::double precision - lineitem.l_discount)))) DESC"], "Sort Method": "top-N heapsort", "Sort Space Used": 35, "Sort Space Type": "Memory", "Plans": [{"Node Type": "Aggregate", "Strategy": "Hashed", "Parent Relationship": "Outer", "Startup Cost": 11142048.13, "Total Cost": 11156507.11, "Plan Rows": 1445898, "Plan Width": 191, "Actual Startup Time": 16890.708, "Actual Total Time": 17089.166, "Actual Rows": 381542, "Actual Loops": 1, "Group By Key": ["customer.c_custkey", "customer.c_name", "customer.c_acctbal", "customer.c_phone", "nation.n_name", "customer.c_address", "customer.c_comment"], "Plans": [{"Node Type": "Nested Loop", "Parent Relationship": "Outer", "Join Type": "Inner", "Startup Cost": 14731.87, "Total Cost": 11105900.68, "Plan Rows": 1445898, "Plan Width": 191, "Actual Startup Time": 240.274, "Actual Total Time": 14881.711, "Actual Rows": 1145969, "Actual Loops": 1, "Inner Unique": false, "Plans": [{"Node Type": "Nested Loop", "Parent Relationship": "Outer", "Join Type": "Inner", "Startup Cost": 14729.94, "Total Cost": 3001163.72, "Plan Rows": 575746, "Plan Width": 183, "Actual Startup Time": 240.238, "Actual Total Time": 8428.873, "Actual Rows": 573635, "Actual Loops": 1, "Inner Unique": true, "Join Filter": "(customer.c_nationkey = nation.n_nationkey), (LLVM Optimized, Jit Execute)", "Rows Removed by Join Filter": 6871608, "Plans": [{"Node Type": "Nested Loop", "Parent Relationship": "Outer", "Join Type": "Inner", "Startup Cost": 14729.94, "Total Cost": 2785257.65, "Plan Rows": 575746, "Plan Width": 161, "Actual Startup Time": 240.181, "Actual Total Time": 6354.87, "Actual Rows": 573635, "Actual Loops": 1, "Inner Unique": true, "Plans": [{"Node Type": "Bitmap Heap Scan", "Parent Relationship": "Outer", "Relation Name": "orders", "Alias": "orders", "Startup Cost": 14729.65, "Total Cost": 299784.84, "Plan Rows": 575746, "Plan Width": 16, "Actual Startup Time": 240.099, "Actual Total Time": 1080.074, "Actual Rows": 573635, "Actual Loops": 1, "Recheck Cond": "((o_orderdate >= '1993-08-01 00:00:00'::timestamp(0) without time zone) AND (o_orderdate < '1993-11-01 00:00:00'::timestamp without time zone)), (LLVM Optimized, Jit Execute)", "Rows Removed by Index Recheck": 0, "Exact Heap Blocks": 242860, "Lossy Heap Blocks": 242860, "Plans": [{"Node Type": "Bitmap Index Scan", "Parent Relationship": "Outer", "Index Name": "idx_orders_orderdate", "Startup Cost": 0.0, "Total Cost": 14585.71, "Plan Rows": 575746, "Plan Width": 0, "Actual Startup Time": 163.839, "Actual Total Time": 163.839, "Actual Rows": 573635, "Actual Loops": 1, "Index Cond": "((o_orderdate >= '1993-08-01 00:00:00'::timestamp(0) without time zone) AND (o_orderdate < '1993-11-01 00:00:00'::timestamp without time zone))"}]}, {"Node Type": "Bitmap Heap Scan", "Parent Relationship": "Inner", "Relation Name": "customer", "Alias": "customer", "Startup Cost": 0.29, "Total Cost": 4.31, "Plan Rows": 1, "Plan Width": 153, "Actual Startup Time": 4380.274, "Actual Total Time": 4380.274, "Actual Rows": 573635, "Actual Loops": 573635, "Recheck Cond": "(c_custkey = orders.o_custkey)", "Rows Removed by Index Recheck": 0, "Exact Heap Blocks": 573635, "Lossy Heap Blocks": 573635, "Plans": [{"Node Type": "Bitmap Index Scan", "Parent Relationship": "Outer", "Index Name": "customer_pkey", "Startup Cost": 0.0, "Total Cost": 0.29, "Plan Rows": 1, "Plan Width": 0, "Actual Startup Time": 2700.778, "Actual Total Time": 2700.778, "Actual Rows": 573635, "Actual Loops": 573635, "Index Cond": "(c_custkey = orders.o_custkey)"}]}]}, {"Node Type": "Materialize", "Parent Relationship": "Inner", "Startup Cost": 0.0, "Total Cost": 1.38, "Plan Rows": 25, "Plan Width": 30, "Actual Startup Time": 74.446, "Actual Total Time": 653.217, "Actual Rows": 7445243, "Actual Loops": 573635, "Plans": [{"Node Type": "Seq Scan", "Parent Relationship": "Outer", "Relation Name": "nation", "Alias": "nation", "Startup Cost": 0.0, "Total Cost": 1.25, "Plan Rows": 25, "Plan Width": 30, "Actual Startup Time": 0.019, "Actual Total Time": 0.023, "Actual Rows": 25, "Actual Loops": 1}]}]}, {"Node Type": "Bitmap Heap Scan", "Parent Relationship": "Inner", "Relation Name": "lineitem", "Alias": "lineitem", "Startup Cost": 1.93, "Total Cost": 14.05, "Plan Rows": 3, "Plan Width": 24, "Actual Startup Time": 4932.438, "Actual Total Time": 5468.969, "Actual Rows": 1145969, "Actual Loops": 573635, "Recheck Cond": "(l_orderkey = orders.o_orderkey)", "Rows Removed by Index Recheck": 0, "Filter": "(l_returnflag = 'R'::bpchar)", "Rows Removed by Filter": 1146896, "Exact Heap Blocks": 614400, "Lossy Heap Blocks": 614400, "Plans": [{"Node Type": "Bitmap Index Scan", "Parent Relationship": "Outer", "Index Name": "idx_lineitem_orderkey", "Startup Cost": 0.0, "Total Cost": 1.92, "Plan Rows": 9, "Plan Width": 0, "Actual Startup Time": 2545.514, "Actual Total Time": 2545.514, "Actual Rows": 2292865, "Actual Loops": 573635, "Index Cond": "(l_orderkey = orders.o_orderkey)"}]}]}]}]}]}, "Triggers": [], "Planner Runtime": 0, "Total Runtime": 17233.751, "Unique SQL Id": 1604070524}}, "(1, 115)": {"explain_plan": {"Plan": {"Node Type": "Limit", "Startup Cost": 13443415.76, "Total Cost": 13443415.81, "Plan Rows": 20, "Plan Width": 191, "Plans": [{"Node Type": "Sort", "Parent Relationship": "Outer", "Startup Cost": 13443415.76, "Total Cost": 13447030.51, "Plan Rows": 20, "Plan Width": 191, "Sort Key": ["(sum((lineitem.l_extendedprice * (1::double precision - lineitem.l_discount)))) DESC"], "Plans": [{"Node Type": "Aggregate", "Strategy": "Hashed", "Parent Relationship": "Outer", "Startup Cost": 13390481.96, "Total Cost": 13404940.94, "Plan Rows": 1445898, "Plan Width": 191, "Group By Key": ["customer.c_custkey", "customer.c_name", "customer.c_acctbal", "customer.c_phone", "nation.n_name", "customer.c_address", "customer.c_comment"], "Plans": [{"Node Type": "Nested Loop", "Parent Relationship": "Outer", "Join Type": "Inner", "Startup Cost": 14732.12, "Total Cost": 13354334.51, "Plan Rows": 1445898, "Plan Width": 191, "Inner Unique": false, "Plans": [{"Node Type": "Nested Loop", "Parent Relationship": "Outer", "Join Type": "Inner", "Startup Cost": 14730.2, "Total Cost": 5249597.54, "Plan Rows": 575746, "Plan Width": 183, "Inner Unique": true, "Plans": [{"Node Type": "Nested Loop", "Parent Relationship": "Outer", "Join Type": "Inner", "Startup Cost": 14729.94, "Total Cost": 2785257.65, "Plan Rows": 575746, "Plan Width": 161, "Inner Unique": true, "Plans": [{"Node Type": "Bitmap Heap Scan", "Parent Relationship": "Outer", "Relation Name": "orders", "Alias": "orders", "Startup Cost": 14729.65, "Total Cost": 299784.84, "Plan Rows": 575746, "Plan Width": 16, "Recheck Cond": "((o_orderdate >= '1993-08-01 00:00:00'::timestamp(0) without time zone) AND (o_orderdate < '1993-11-01 00:00:00'::timestamp without time zone)), (LLVM Optimized)", "Plans": [{"Node Type": "Bitmap Index Scan", "Parent Relationship": "Outer", "Index Name": "idx_orders_orderdate", "Startup Cost": 0.0, "Total Cost": 14585.71, "Plan Rows": 575746, "Plan Width": 0, "Index Cond": "((o_orderdate >= '1993-08-01 00:00:00'::timestamp(0) without time zone) AND (o_orderdate < '1993-11-01 00:00:00'::timestamp without time zone))"}]}, {"Node Type": "Bitmap Heap Scan", "Parent Relationship": "Inner", "Relation Name": "customer", "Alias": "customer", "Startup Cost": 0.29, "Total Cost": 4.31, "Plan Rows": 1, "Plan Width": 153, "Recheck Cond": "(c_custkey = orders.o_custkey)", "Plans": [{"Node Type": "Bitmap Index Scan", "Parent Relationship": "Outer", "Index Name": "customer_pkey", "Startup Cost": 0.0, "Total Cost": 0.29, "Plan Rows": 1, "Plan Width": 0, "Index Cond": "(c_custkey = orders.o_custkey)"}]}]}, {"Node Type": "Bitmap Heap Scan", "Parent Relationship": "Inner", "Relation Name": "nation", "Alias": "nation", "Startup Cost": 0.26, "Total Cost": 4.27, "Plan Rows": 1, "Plan Width": 30, "Recheck Cond": "(n_nationkey = customer.c_nationkey)", "Plans": [{"Node Type": "Bitmap Index Scan", "Parent Relationship": "Outer", "Index Name": "nation_pkey", "Startup Cost": 0.0, "Total Cost": 0.26, "Plan Rows": 1, "Plan Width": 0, "Index Cond": "(n_nationkey = customer.c_nationkey)"}]}]}, {"Node Type": "Bitmap Heap Scan", "Parent Relationship": "Inner", "Relation Name": "lineitem", "Alias": "lineitem", "Startup Cost": 1.93, "Total Cost": 14.05, "Plan Rows": 3, "Plan Width": 24, "Recheck Cond": "(l_orderkey = orders.o_orderkey)", "Filter": "(l_returnflag = 'R'::bpchar)", "Plans": [{"Node Type": "Bitmap Index Scan", "Parent Relationship": "Outer", "Index Name": "idx_lineitem_orderkey", "Startup Cost": 0.0, "Total Cost": 1.92, "Plan Rows": 9, "Plan Width": 0, "Index Cond": "(l_orderkey = orders.o_orderkey)"}]}]}]}]}]}, "Unique SQL Id": 1604070524, "Planner Runtime": 0}, "explain_analyze_plan": {"Plan": {"Node Type": "Limit", "Startup Cost": 13443415.76, "Total Cost": 13443415.81, "Plan Rows": 20, "Plan Width": 191, "Actual Startup Time": 17197.212, "Actual Total Time": 17197.217, "Actual Rows": 20, "Actual Loops": 1, "Plans": [{"Node Type": "Sort", "Parent Relationship": "Outer", "Startup Cost": 13443415.76, "Total Cost": 13447030.51, "Plan Rows": 20, "Plan Width": 191, "Actual Startup Time": 17197.208, "Actual Total Time": 17197.21, "Actual Rows": 20, "Actual Loops": 1, "Sort Key": ["(sum((lineitem.l_extendedprice * (1::double precision - lineitem.l_discount)))) DESC"], "Sort Method": "top-N heapsort", "Sort Space Used": 35, "Sort Space Type": "Memory", "Plans": [{"Node Type": "Aggregate", "Strategy": "Hashed", "Parent Relationship": "Outer", "Startup Cost": 13390481.96, "Total Cost": 13404940.94, "Plan Rows": 1445898, "Plan Width": 191, "Actual Startup Time": 16740.682, "Actual Total Time": 17059.666, "Actual Rows": 381542, "Actual Loops": 1, "Group By Key": ["customer.c_custkey", "customer.c_name", "customer.c_acctbal", "customer.c_phone", "nation.n_name", "customer.c_address", "customer.c_comment"], "Plans": [{"Node Type": "Nested Loop", "Parent Relationship": "Outer", "Join Type": "Inner", "Startup Cost": 14732.12, "Total Cost": 13354334.51, "Plan Rows": 1445898, "Plan Width": 191, "Actual Startup Time": 238.524, "Actual Total Time": 14766.149, "Actual Rows": 1145969, "Actual Loops": 1, "Inner Unique": false, "Plans": [{"Node Type": "Nested Loop", "Parent Relationship": "Outer", "Join Type": "Inner", "Startup Cost": 14730.2, "Total Cost": 5249597.54, "Plan Rows": 575746, "Plan Width": 183, "Actual Startup Time": 238.474, "Actual Total Time": 8454.028, "Actual Rows": 573635, "Actual Loops": 1, "Inner Unique": true, "Plans": [{"Node Type": "Nested Loop", "Parent Relationship": "Outer", "Join Type": "Inner", "Startup Cost": 14729.94, "Total Cost": 2785257.65, "Plan Rows": 575746, "Plan Width": 161, "Actual Startup Time": 238.424, "Actual Total Time": 6266.051, "Actual Rows": 573635, "Actual Loops": 1, "Inner Unique": true, "Plans": [{"Node Type": "Bitmap Heap Scan", "Parent Relationship": "Outer", "Relation Name": "orders", "Alias": "orders", "Startup Cost": 14729.65, "Total Cost": 299784.84, "Plan Rows": 575746, "Plan Width": 16, "Actual Startup Time": 238.197, "Actual Total Time": 1069.489, "Actual Rows": 573635, "Actual Loops": 1, "Recheck Cond": "((o_orderdate >= '1993-08-01 00:00:00'::timestamp(0) without time zone) AND (o_orderdate < '1993-11-01 00:00:00'::timestamp without time zone)), (LLVM Optimized, Jit Execute)", "Rows Removed by Index Recheck": 0, "Exact Heap Blocks": 242860, "Lossy Heap Blocks": 242860, "Plans": [{"Node Type": "Bitmap Index Scan", "Parent Relationship": "Outer", "Index Name": "idx_orders_orderdate", "Startup Cost": 0.0, "Total Cost": 14585.71, "Plan Rows": 575746, "Plan Width": 0, "Actual Startup Time": 163.236, "Actual Total Time": 163.236, "Actual Rows": 573635, "Actual Loops": 1, "Index Cond": "((o_orderdate >= '1993-08-01 00:00:00'::timestamp(0) without time zone) AND (o_orderdate < '1993-11-01 00:00:00'::timestamp without time zone))"}]}, {"Node Type": "Bitmap Heap Scan", "Parent Relationship": "Inner", "Relation Name": "customer", "Alias": "customer", "Startup Cost": 0.29, "Total Cost": 4.31, "Plan Rows": 1, "Plan Width": 153, "Actual Startup Time": 4318.454, "Actual Total Time": 4318.454, "Actual Rows": 573635, "Actual Loops": 573635, "Recheck Cond": "(c_custkey = orders.o_custkey)", "Rows Removed by Index Recheck": 0, "Exact Heap Blocks": 573635, "Lossy Heap Blocks": 573635, "Plans": [{"Node Type": "Bitmap Index Scan", "Parent Relationship": "Outer", "Index Name": "customer_pkey", "Startup Cost": 0.0, "Total Cost": 0.29, "Plan Rows": 1, "Plan Width": 0, "Actual Startup Time": 2664.814, "Actual Total Time": 2664.814, "Actual Rows": 573635, "Actual Loops": 573635, "Index Cond": "(c_custkey = orders.o_custkey)"}]}]}, {"Node Type": "Bitmap Heap Scan", "Parent Relationship": "Inner", "Relation Name": "nation", "Alias": "nation", "Startup Cost": 0.26, "Total Cost": 4.27, "Plan Rows": 1, "Plan Width": 30, "Actual Startup Time": 1395.278, "Actual Total Time": 1395.278, "Actual Rows": 573635, "Actual Loops": 573635, "Recheck Cond": "(n_nationkey = customer.c_nationkey)", "Rows Removed by Index Recheck": 0, "Exact Heap Blocks": 573635, "Lossy Heap Blocks": 573635, "Plans": [{"Node Type": "Bitmap Index Scan", "Parent Relationship": "Outer", "Index Name": "nation_pkey", "Startup Cost": 0.0, "Total Cost": 0.26, "Plan Rows": 1, "Plan Width": 0, "Actual Startup Time": 608.282, "Actual Total Time": 608.282, "Actual Rows": 573635, "Actual Loops": 573635, "Index Cond": "(n_nationkey = customer.c_nationkey)"}]}]}, {"Node Type": "Bitmap Heap Scan", "Parent Relationship": "Inner", "Relation Name": "lineitem", "Alias": "lineitem", "Startup Cost": 1.93, "Total Cost": 14.05, "Plan Rows": 3, "Plan Width": 24, "Actual Startup Time": 4824.259, "Actual Total Time": 5354.044, "Actual Rows": 1145969, "Actual Loops": 573635, "Recheck Cond": "(l_orderkey = orders.o_orderkey)", "Rows Removed by Index Recheck": 0, "Filter": "(l_returnflag = 'R'::bpchar)", "Rows Removed by Filter": 1146896, "Exact Heap Blocks": 614400, "Lossy Heap Blocks": 614400, "Plans": [{"Node Type": "Bitmap Index Scan", "Parent Relationship": "Outer", "Index Name": "idx_lineitem_orderkey", "Startup Cost": 0.0, "Total Cost": 1.92, "Plan Rows": 9, "Plan Width": 0, "Actual Startup Time": 2480.858, "Actual Total Time": 2480.858, "Actual Rows": 2292865, "Actual Loops": 573635, "Index Cond": "(l_orderkey = orders.o_orderkey)"}]}]}]}]}]}, "Triggers": [], "Planner Runtime": 0, "Total Runtime": 17207.36, "Unique SQL Id": 1604070524}}, "(1, 116)": {"explain_plan": {"Plan": {"Node Type": "Limit", "Startup Cost": 3997545.9, "Total Cost": 3997545.95, "Plan Rows": 20, "Plan Width": 191, "Plans": [{"Node Type": "Sort", "Parent Relationship": "Outer", "Startup Cost": 3997545.9, "Total Cost": 4001160.65, "Plan Rows": 20, "Plan Width": 191, "Sort Key": ["(sum((lineitem.l_extendedprice * (1::double precision - lineitem.l_discount)))) DESC"], "Plans": [{"Node Type": "Aggregate", "Strategy": "Hashed", "Parent Relationship": "Outer", "Startup Cost": 3944612.1, "Total Cost": 3959071.08, "Plan Rows": 1445898, "Plan Width": 191, "Group By Key": ["customer.c_custkey", "customer.c_name", "customer.c_acctbal", "customer.c_phone", "nation.n_name", "customer.c_address", "customer.c_comment"], "Plans": [{"Node Type": "Nested Loop", "Parent Relationship": "Outer", "Join Type": "Inner", "Startup Cost": 14729.65, "Total Cost": 3908464.65, "Plan Rows": 1445898, "Plan Width": 191, "Inner Unique": false, "Plans": [{"Node Type": "Nested Loop", "Parent Relationship": "Outer", "Join Type": "Inner", "Startup Cost": 14729.65, "Total Cost": 791847.2, "Plan Rows": 575746, "Plan Width": 183, "Inner Unique": true, "Plans": [{"Node Type": "Nested Loop", "Parent Relationship": "Outer", "Join Type": "Inner", "Startup Cost": 14729.65, "Total Cost": 630633.72, "Plan Rows": 575746, "Plan Width": 161, "Inner Unique": true, "Plans": [{"Node Type": "Bitmap Heap Scan", "Parent Relationship": "Outer", "Relation Name": "orders", "Alias": "orders", "Startup Cost": 14729.65, "Total Cost": 299784.84, "Plan Rows": 575746, "Plan Width": 16, "Recheck Cond": "((o_orderdate >= '1993-08-01 00:00:00'::timestamp(0) without time zone) AND (o_orderdate < '1993-11-01 00:00:00'::timestamp without time zone)), (LLVM Optimized)", "Plans": [{"Node Type": "Bitmap Index Scan", "Parent Relationship": "Outer", "Index Name": "idx_orders_orderdate", "Startup Cost": 0.0, "Total Cost": 14585.71, "Plan Rows": 575746, "Plan Width": 0, "Index Cond": "((o_orderdate >= '1993-08-01 00:00:00'::timestamp(0) without time zone) AND (o_orderdate < '1993-11-01 00:00:00'::timestamp without time zone))"}]}, {"Node Type": "Index Scan", "Parent Relationship": "Inner", "Scan Direction": "Forward", "Index Name": "customer_pkey", "Relation Name": "customer", "Alias": "customer", "Startup Cost": 0.0, "Total Cost": 0.56, "Plan Rows": 1, "Plan Width": 153, "Index Cond": "(c_custkey = orders.o_custkey)"}]}, {"Node Type": "Index Scan", "Parent Relationship": "Inner", "Scan Direction": "Forward", "Index Name": "nation_pkey", "Relation Name": "nation", "Alias": "nation", "Startup Cost": 0.0, "Total Cost": 0.27, "Plan Rows": 1, "Plan Width": 30, "Index Cond": "(n_nationkey = customer.c_nationkey)"}]}, {"Node Type": "Index Scan", "Parent Relationship": "Inner", "Scan Direction": "Forward", "Index Name": "idx_lineitem_orderkey", "Relation Name": "lineitem", "Alias": "lineitem", "Startup Cost": 0.0, "Total Cost": 5.38, "Plan Rows": 3, "Plan Width": 24, "Index Cond": "(l_orderkey = orders.o_orderkey)", "Filter": "(l_returnflag = 'R'::bpchar)"}]}]}]}]}, "Unique SQL Id": 1604070524, "Planner Runtime": 0}, "explain_analyze_plan": {"Plan": {"Node Type": "Limit", "Startup Cost": 3997545.9, "Total Cost": 3997545.95, "Plan Rows": 20, "Plan Width": 191, "Actual Startup Time": 13373.541, "Actual Total Time": 13373.546, "Actual Rows": 20, "Actual Loops": 1, "Plans": [{"Node Type": "Sort", "Parent Relationship": "Outer", "Startup Cost": 3997545.9, "Total Cost": 4001160.65, "Plan Rows": 20, "Plan Width": 191, "Actual Startup Time": 13373.538, "Actual Total Time": 13373.54, "Actual Rows": 20, "Actual Loops": 1, "Sort Key": ["(sum((lineitem.l_extendedprice * (1::double precision - lineitem.l_discount)))) DESC"], "Sort Method": "top-N heapsort", "Sort Space Used": 35, "Sort Space Type": "Memory", "Plans": [{"Node Type": "Aggregate", "Strategy": "Hashed", "Parent Relationship": "Outer", "Startup Cost": 3944612.1, "Total Cost": 3959071.08, "Plan Rows": 1445898, "Plan Width": 191, "Actual Startup Time": 13040.548, "Actual Total Time": 13240.101, "Actual Rows": 381542, "Actual Loops": 1, "Group By Key": ["customer.c_custkey", "customer.c_name", "customer.c_acctbal", "customer.c_phone", "nation.n_name", "customer.c_address", "customer.c_comment"], "Plans": [{"Node Type": "Nested Loop", "Parent Relationship": "Outer", "Join Type": "Inner", "Startup Cost": 14729.65, "Total Cost": 3908464.65, "Plan Rows": 1445898, "Plan Width": 191, "Actual Startup Time": 241.378, "Actual Total Time": 11182.684, "Actual Rows": 1145969, "Actual Loops": 1, "Inner Unique": false, "Plans": [{"Node Type": "Nested Loop", "Parent Relationship": "Outer", "Join Type": "Inner", "Startup Cost": 14729.65, "Total Cost": 791847.2, "Plan Rows": 575746, "Plan Width": 183, "Actual Startup Time": 241.335, "Actual Total Time": 6039.514, "Actual Rows": 573635, "Actual Loops": 1, "Inner Unique": true, "Plans": [{"Node Type": "Nested Loop", "Parent Relationship": "Outer", "Join Type": "Inner", "Startup Cost": 14729.65, "Total Cost": 630633.72, "Plan Rows": 575746, "Plan Width": 161, "Actual Startup Time": 241.326, "Actual Total Time": 4786.093, "Actual Rows": 573635, "Actual Loops": 1, "Inner Unique": true, "Plans": [{"Node Type": "Bitmap Heap Scan", "Parent Relationship": "Outer", "Relation Name": "orders", "Alias": "orders", "Startup Cost": 14729.65, "Total Cost": 299784.84, "Plan Rows": 575746, "Plan Width": 16, "Actual Startup Time": 241.273, "Actual Total Time": 993.913, "Actual Rows": 573635, "Actual Loops": 1, "Recheck Cond": "((o_orderdate >= '1993-08-01 00:00:00'::timestamp(0) without time zone) AND (o_orderdate < '1993-11-01 00:00:00'::timestamp without time zone)), (LLVM Optimized, Jit Execute)", "Rows Removed by Index Recheck": 0, "Exact Heap Blocks": 242860, "Lossy Heap Blocks": 242860, "Plans": [{"Node Type": "Bitmap Index Scan", "Parent Relationship": "Outer", "Index Name": "idx_orders_orderdate", "Startup Cost": 0.0, "Total Cost": 14585.71, "Plan Rows": 575746, "Plan Width": 0, "Actual Startup Time": 165.433, "Actual Total Time": 165.433, "Actual Rows": 573635, "Actual Loops": 1, "Index Cond": "((o_orderdate >= '1993-08-01 00:00:00'::timestamp(0) without time zone) AND (o_orderdate < '1993-11-01 00:00:00'::timestamp without time zone))"}]}, {"Node Type": "Index Scan", "Parent Relationship": "Inner", "Scan Direction": "Forward", "Index Name": "customer_pkey", "Relation Name": "customer", "Alias": "customer", "Startup Cost": 0.0, "Total Cost": 0.56, "Plan Rows": 1, "Plan Width": 153, "Actual Startup Time": 3277.633, "Actual Total Time": 3277.633, "Actual Rows": 573635, "Actual Loops": 573635, "Index Cond": "(c_custkey = orders.o_custkey)", "Rows Removed by Index Recheck": 0}]}, {"Node Type": "Index Scan", "Parent Relationship": "Inner", "Scan Direction": "Forward", "Index Name": "nation_pkey", "Relation Name": "nation", "Alias": "nation", "Startup Cost": 0.0, "Total Cost": 0.27, "Plan Rows": 1, "Plan Width": 30, "Actual Startup Time": 797.22, "Actual Total Time": 797.22, "Actual Rows": 573635, "Actual Loops": 573635, "Index Cond": "(n_nationkey = customer.c_nationkey)", "Rows Removed by Index Recheck": 0}]}, {"Node Type": "Index Scan", "Parent Relationship": "Inner", "Scan Direction": "Forward", "Index Name": "idx_lineitem_orderkey", "Relation Name": "lineitem", "Alias": "lineitem", "Startup Cost": 0.0, "Total Cost": 5.38, "Plan Rows": 3, "Plan Width": 24, "Actual Startup Time": 3405.561, "Actual Total Time": 4562.606, "Actual Rows": 1145969, "Actual Loops": 573635, "Index Cond": "(l_orderkey = orders.o_orderkey)", "Rows Removed by Index Recheck": 0, "Filter": "(l_returnflag = 'R'::bpchar)", "Rows Removed by Filter": 1146896}]}]}]}]}, "Triggers": [], "Planner Runtime": 0, "Total Runtime": 13383.713, "Unique SQL Id": 1604070524}}, "(1, 117)": {"explain_plan": {"Plan": {"Node Type": "Limit", "Startup Cost": 3997545.9, "Total Cost": 3997545.95, "Plan Rows": 20, "Plan Width": 191, "Plans": [{"Node Type": "Sort", "Parent Relationship": "Outer", "Startup Cost": 3997545.9, "Total Cost": 4001160.65, "Plan Rows": 20, "Plan Width": 191, "Sort Key": ["(sum((lineitem.l_extendedprice * (1::double precision - lineitem.l_discount)))) DESC"], "Plans": [{"Node Type": "Aggregate", "Strategy": "Hashed", "Parent Relationship": "Outer", "Startup Cost": 3944612.1, "Total Cost": 3959071.08, "Plan Rows": 1445898, "Plan Width": 191, "Group By Key": ["customer.c_custkey", "customer.c_name", "customer.c_acctbal", "customer.c_phone", "nation.n_name", "customer.c_address", "customer.c_comment"], "Plans": [{"Node Type": "Nested Loop", "Parent Relationship": "Outer", "Join Type": "Inner", "Startup Cost": 14729.65, "Total Cost": 3908464.65, "Plan Rows": 1445898, "Plan Width": 191, "Inner Unique": false, "Plans": [{"Node Type": "Nested Loop", "Parent Relationship": "Outer", "Join Type": "Inner", "Startup Cost": 14729.65, "Total Cost": 791847.2, "Plan Rows": 575746, "Plan Width": 183, "Inner Unique": true, "Plans": [{"Node Type": "Nested Loop", "Parent Relationship": "Outer", "Join Type": "Inner", "Startup Cost": 14729.65, "Total Cost": 630633.72, "Plan Rows": 575746, "Plan Width": 161, "Inner Unique": true, "Plans": [{"Node Type": "Bitmap Heap Scan", "Parent Relationship": "Outer", "Relation Name": "orders", "Alias": "orders", "Startup Cost": 14729.65, "Total Cost": 299784.84, "Plan Rows": 575746, "Plan Width": 16, "Recheck Cond": "((o_orderdate >= '1993-08-01 00:00:00'::timestamp(0) without time zone) AND (o_orderdate < '1993-11-01 00:00:00'::timestamp without time zone)), (LLVM Optimized)", "Plans": [{"Node Type": "Bitmap Index Scan", "Parent Relationship": "Outer", "Index Name": "idx_orders_orderdate", "Startup Cost": 0.0, "Total Cost": 14585.71, "Plan Rows": 575746, "Plan Width": 0, "Index Cond": "((o_orderdate >= '1993-08-01 00:00:00'::timestamp(0) without time zone) AND (o_orderdate < '1993-11-01 00:00:00'::timestamp without time zone))"}]}, {"Node Type": "Index Scan", "Parent Relationship": "Inner", "Scan Direction": "Forward", "Index Name": "customer_pkey", "Relation Name": "customer", "Alias": "customer", "Startup Cost": 0.0, "Total Cost": 0.56, "Plan Rows": 1, "Plan Width": 153, "Index Cond": "(c_custkey = orders.o_custkey)"}]}, {"Node Type": "Index Scan", "Parent Relationship": "Inner", "Scan Direction": "Forward", "Index Name": "nation_pkey", "Relation Name": "nation", "Alias": "nation", "Startup Cost": 0.0, "Total Cost": 0.27, "Plan Rows": 1, "Plan Width": 30, "Index Cond": "(n_nationkey = customer.c_nationkey)"}]}, {"Node Type": "Index Scan", "Parent Relationship": "Inner", "Scan Direction": "Forward", "Index Name": "idx_lineitem_orderkey", "Relation Name": "lineitem", "Alias": "lineitem", "Startup Cost": 0.0, "Total Cost": 5.38, "Plan Rows": 3, "Plan Width": 24, "Index Cond": "(l_orderkey = orders.o_orderkey)", "Filter": "(l_returnflag = 'R'::bpchar)"}]}]}]}]}, "Unique SQL Id": 1604070524, "Planner Runtime": 0}, "explain_analyze_plan": {"Plan": {"Node Type": "Limit", "Startup Cost": 3997545.9, "Total Cost": 3997545.95, "Plan Rows": 20, "Plan Width": 191, "Actual Startup Time": 13373.541, "Actual Total Time": 13373.546, "Actual Rows": 20, "Actual Loops": 1, "Plans": [{"Node Type": "Sort", "Parent Relationship": "Outer", "Startup Cost": 3997545.9, "Total Cost": 4001160.65, "Plan Rows": 20, "Plan Width": 191, "Actual Startup Time": 13373.538, "Actual Total Time": 13373.54, "Actual Rows": 20, "Actual Loops": 1, "Sort Key": ["(sum((lineitem.l_extendedprice * (1::double precision - lineitem.l_discount)))) DESC"], "Sort Method": "top-N heapsort", "Sort Space Used": 35, "Sort Space Type": "Memory", "Plans": [{"Node Type": "Aggregate", "Strategy": "Hashed", "Parent Relationship": "Outer", "Startup Cost": 3944612.1, "Total Cost": 3959071.08, "Plan Rows": 1445898, "Plan Width": 191, "Actual Startup Time": 13040.548, "Actual Total Time": 13240.101, "Actual Rows": 381542, "Actual Loops": 1, "Group By Key": ["customer.c_custkey", "customer.c_name", "customer.c_acctbal", "customer.c_phone", "nation.n_name", "customer.c_address", "customer.c_comment"], "Plans": [{"Node Type": "Nested Loop", "Parent Relationship": "Outer", "Join Type": "Inner", "Startup Cost": 14729.65, "Total Cost": 3908464.65, "Plan Rows": 1445898, "Plan Width": 191, "Actual Startup Time": 241.378, "Actual Total Time": 11182.684, "Actual Rows": 1145969, "Actual Loops": 1, "Inner Unique": false, "Plans": [{"Node Type": "Nested Loop", "Parent Relationship": "Outer", "Join Type": "Inner", "Startup Cost": 14729.65, "Total Cost": 791847.2, "Plan Rows": 575746, "Plan Width": 183, "Actual Startup Time": 241.335, "Actual Total Time": 6039.514, "Actual Rows": 573635, "Actual Loops": 1, "Inner Unique": true, "Plans": [{"Node Type": "Nested Loop", "Parent Relationship": "Outer", "Join Type": "Inner", "Startup Cost": 14729.65, "Total Cost": 630633.72, "Plan Rows": 575746, "Plan Width": 161, "Actual Startup Time": 241.326, "Actual Total Time": 4786.093, "Actual Rows": 573635, "Actual Loops": 1, "Inner Unique": true, "Plans": [{"Node Type": "Bitmap Heap Scan", "Parent Relationship": "Outer", "Relation Name": "orders", "Alias": "orders", "Startup Cost": 14729.65, "Total Cost": 299784.84, "Plan Rows": 575746, "Plan Width": 16, "Actual Startup Time": 241.273, "Actual Total Time": 993.913, "Actual Rows": 573635, "Actual Loops": 1, "Recheck Cond": "((o_orderdate >= '1993-08-01 00:00:00'::timestamp(0) without time zone) AND (o_orderdate < '1993-11-01 00:00:00'::timestamp without time zone)), (LLVM Optimized, Jit Execute)", "Rows Removed by Index Recheck": 0, "Exact Heap Blocks": 242860, "Lossy Heap Blocks": 242860, "Plans": [{"Node Type": "Bitmap Index Scan", "Parent Relationship": "Outer", "Index Name": "idx_orders_orderdate", "Startup Cost": 0.0, "Total Cost": 14585.71, "Plan Rows": 575746, "Plan Width": 0, "Actual Startup Time": 165.433, "Actual Total Time": 165.433, "Actual Rows": 573635, "Actual Loops": 1, "Index Cond": "((o_orderdate >= '1993-08-01 00:00:00'::timestamp(0) without time zone) AND (o_orderdate < '1993-11-01 00:00:00'::timestamp without time zone))"}]}, {"Node Type": "Index Scan", "Parent Relationship": "Inner", "Scan Direction": "Forward", "Index Name": "customer_pkey", "Relation Name": "customer", "Alias": "customer", "Startup Cost": 0.0, "Total Cost": 0.56, "Plan Rows": 1, "Plan Width": 153, "Actual Startup Time": 3277.633, "Actual Total Time": 3277.633, "Actual Rows": 573635, "Actual Loops": 573635, "Index Cond": "(c_custkey = orders.o_custkey)", "Rows Removed by Index Recheck": 0}]}, {"Node Type": "Index Scan", "Parent Relationship": "Inner", "Scan Direction": "Forward", "Index Name": "nation_pkey", "Relation Name": "nation", "Alias": "nation", "Startup Cost": 0.0, "Total Cost": 0.27, "Plan Rows": 1, "Plan Width": 30, "Actual Startup Time": 797.22, "Actual Total Time": 797.22, "Actual Rows": 573635, "Actual Loops": 573635, "Index Cond": "(n_nationkey = customer.c_nationkey)", "Rows Removed by Index Recheck": 0}]}, {"Node Type": "Index Scan", "Parent Relationship": "Inner", "Scan Direction": "Forward", "Index Name": "idx_lineitem_orderkey", "Relation Name": "lineitem", "Alias": "lineitem", "Startup Cost": 0.0, "Total Cost": 5.38, "Plan Rows": 3, "Plan Width": 24, "Actual Startup Time": 3405.561, "Actual Total Time": 4562.606, "Actual Rows": 1145969, "Actual Loops": 573635, "Index Cond": "(l_orderkey = orders.o_orderkey)", "Rows Removed by Index Recheck": 0, "Filter": "(l_returnflag = 'R'::bpchar)", "Rows Removed by Filter": 1146896}]}]}]}]}, "Triggers": [], "Planner Runtime": 0, "Total Runtime": 13383.713, "Unique SQL Id": 1604070524}}, "(1, 118)": {"explain_plan": {"Plan": {"Node Type": "Limit", "Startup Cost": 11194981.94, "Total Cost": 11194981.99, "Plan Rows": 20, "Plan Width": 191, "Plans": [{"Node Type": "Sort", "Parent Relationship": "Outer", "Startup Cost": 11194981.94, "Total Cost": 11198596.68, "Plan Rows": 20, "Plan Width": 191, "Sort Key": ["(sum((lineitem.l_extendedprice * (1::double precision - lineitem.l_discount)))) DESC"], "Plans": [{"Node Type": "Aggregate", "Strategy": "Hashed", "Parent Relationship": "Outer", "Startup Cost": 11142048.13, "Total Cost": 11156507.11, "Plan Rows": 1445898, "Plan Width": 191, "Group By Key": ["customer.c_custkey", "customer.c_name", "customer.c_acctbal", "customer.c_phone", "nation.n_name", "customer.c_address", "customer.c_comment"], "Plans": [{"Node Type": "Nested Loop", "Parent Relationship": "Outer", "Join Type": "Inner", "Startup Cost": 14731.87, "Total Cost": 11105900.68, "Plan Rows": 1445898, "Plan Width": 191, "Inner Unique": false, "Plans": [{"Node Type": "Nested Loop", "Parent Relationship": "Outer", "Join Type": "Inner", "Startup Cost": 14729.94, "Total Cost": 3001163.72, "Plan Rows": 575746, "Plan Width": 183, "Inner Unique": true, "Join Filter": "(customer.c_nationkey = nation.n_nationkey), (LLVM Optimized)", "Plans": [{"Node Type": "Nested Loop", "Parent Relationship": "Outer", "Join Type": "Inner", "Startup Cost": 14729.94, "Total Cost": 2785257.65, "Plan Rows": 575746, "Plan Width": 161, "Inner Unique": true, "Plans": [{"Node Type": "Bitmap Heap Scan", "Parent Relationship": "Outer", "Relation Name": "orders", "Alias": "orders", "Startup Cost": 14729.65, "Total Cost": 299784.84, "Plan Rows": 575746, "Plan Width": 16, "Recheck Cond": "((o_orderdate >= '1993-08-01 00:00:00'::timestamp(0) without time zone) AND (o_orderdate < '1993-11-01 00:00:00'::timestamp without time zone)), (LLVM Optimized)", "Plans": [{"Node Type": "Bitmap Index Scan", "Parent Relationship": "Outer", "Index Name": "idx_orders_orderdate", "Startup Cost": 0.0, "Total Cost": 14585.71, "Plan Rows": 575746, "Plan Width": 0, "Index Cond": "((o_orderdate >= '1993-08-01 00:00:00'::timestamp(0) without time zone) AND (o_orderdate < '1993-11-01 00:00:00'::timestamp without time zone))"}]}, {"Node Type": "Bitmap Heap Scan", "Parent Relationship": "Inner", "Relation Name": "customer", "Alias": "customer", "Startup Cost": 0.29, "Total Cost": 4.31, "Plan Rows": 1, "Plan Width": 153, "Recheck Cond": "(c_custkey = orders.o_custkey)", "Plans": [{"Node Type": "Bitmap Index Scan", "Parent Relationship": "Outer", "Index Name": "customer_pkey", "Startup Cost": 0.0, "Total Cost": 0.29, "Plan Rows": 1, "Plan Width": 0, "Index Cond": "(c_custkey = orders.o_custkey)"}]}]}, {"Node Type": "Materialize", "Parent Relationship": "Inner", "Startup Cost": 0.0, "Total Cost": 1.38, "Plan Rows": 25, "Plan Width": 30, "Plans": [{"Node Type": "Seq Scan", "Parent Relationship": "Outer", "Relation Name": "nation", "Alias": "nation", "Startup Cost": 0.0, "Total Cost": 1.25, "Plan Rows": 25, "Plan Width": 30}]}]}, {"Node Type": "Bitmap Heap Scan", "Parent Relationship": "Inner", "Relation Name": "lineitem", "Alias": "lineitem", "Startup Cost": 1.93, "Total Cost": 14.05, "Plan Rows": 3, "Plan Width": 24, "Recheck Cond": "(l_orderkey = orders.o_orderkey)", "Filter": "(l_returnflag = 'R'::bpchar)", "Plans": [{"Node Type": "Bitmap Index Scan", "Parent Relationship": "Outer", "Index Name": "idx_lineitem_orderkey", "Startup Cost": 0.0, "Total Cost": 1.92, "Plan Rows": 9, "Plan Width": 0, "Index Cond": "(l_orderkey = orders.o_orderkey)"}]}]}]}]}]}, "Unique SQL Id": 1604070524, "Planner Runtime": 0}, "explain_analyze_plan": {"Plan": {"Node Type": "Limit", "Startup Cost": 11194981.94, "Total Cost": 11194981.99, "Plan Rows": 20, "Plan Width": 191, "Actual Startup Time": 17223.366, "Actual Total Time": 17223.373, "Actual Rows": 20, "Actual Loops": 1, "Plans": [{"Node Type": "Sort", "Parent Relationship": "Outer", "Startup Cost": 11194981.94, "Total Cost": 11198596.68, "Plan Rows": 20, "Plan Width": 191, "Actual Startup Time": 17223.363, "Actual Total Time": 17223.367, "Actual Rows": 20, "Actual Loops": 1, "Sort Key": ["(sum((lineitem.l_extendedprice * (1::double precision - lineitem.l_discount)))) DESC"], "Sort Method": "top-N heapsort", "Sort Space Used": 35, "Sort Space Type": "Memory", "Plans": [{"Node Type": "Aggregate", "Strategy": "Hashed", "Parent Relationship": "Outer", "Startup Cost": 11142048.13, "Total Cost": 11156507.11, "Plan Rows": 1445898, "Plan Width": 191, "Actual Startup Time": 16890.708, "Actual Total Time": 17089.166, "Actual Rows": 381542, "Actual Loops": 1, "Group By Key": ["customer.c_custkey", "customer.c_name", "customer.c_acctbal", "customer.c_phone", "nation.n_name", "customer.c_address", "customer.c_comment"], "Plans": [{"Node Type": "Nested Loop", "Parent Relationship": "Outer", "Join Type": "Inner", "Startup Cost": 14731.87, "Total Cost": 11105900.68, "Plan Rows": 1445898, "Plan Width": 191, "Actual Startup Time": 240.274, "Actual Total Time": 14881.711, "Actual Rows": 1145969, "Actual Loops": 1, "Inner Unique": false, "Plans": [{"Node Type": "Nested Loop", "Parent Relationship": "Outer", "Join Type": "Inner", "Startup Cost": 14729.94, "Total Cost": 3001163.72, "Plan Rows": 575746, "Plan Width": 183, "Actual Startup Time": 240.238, "Actual Total Time": 8428.873, "Actual Rows": 573635, "Actual Loops": 1, "Inner Unique": true, "Join Filter": "(customer.c_nationkey = nation.n_nationkey), (LLVM Optimized, Jit Execute)", "Rows Removed by Join Filter": 6871608, "Plans": [{"Node Type": "Nested Loop", "Parent Relationship": "Outer", "Join Type": "Inner", "Startup Cost": 14729.94, "Total Cost": 2785257.65, "Plan Rows": 575746, "Plan Width": 161, "Actual Startup Time": 240.181, "Actual Total Time": 6354.87, "Actual Rows": 573635, "Actual Loops": 1, "Inner Unique": true, "Plans": [{"Node Type": "Bitmap Heap Scan", "Parent Relationship": "Outer", "Relation Name": "orders", "Alias": "orders", "Startup Cost": 14729.65, "Total Cost": 299784.84, "Plan Rows": 575746, "Plan Width": 16, "Actual Startup Time": 240.099, "Actual Total Time": 1080.074, "Actual Rows": 573635, "Actual Loops": 1, "Recheck Cond": "((o_orderdate >= '1993-08-01 00:00:00'::timestamp(0) without time zone) AND (o_orderdate < '1993-11-01 00:00:00'::timestamp without time zone)), (LLVM Optimized, Jit Execute)", "Rows Removed by Index Recheck": 0, "Exact Heap Blocks": 242860, "Lossy Heap Blocks": 242860, "Plans": [{"Node Type": "Bitmap Index Scan", "Parent Relationship": "Outer", "Index Name": "idx_orders_orderdate", "Startup Cost": 0.0, "Total Cost": 14585.71, "Plan Rows": 575746, "Plan Width": 0, "Actual Startup Time": 163.839, "Actual Total Time": 163.839, "Actual Rows": 573635, "Actual Loops": 1, "Index Cond": "((o_orderdate >= '1993-08-01 00:00:00'::timestamp(0) without time zone) AND (o_orderdate < '1993-11-01 00:00:00'::timestamp without time zone))"}]}, {"Node Type": "Bitmap Heap Scan", "Parent Relationship": "Inner", "Relation Name": "customer", "Alias": "customer", "Startup Cost": 0.29, "Total Cost": 4.31, "Plan Rows": 1, "Plan Width": 153, "Actual Startup Time": 4380.274, "Actual Total Time": 4380.274, "Actual Rows": 573635, "Actual Loops": 573635, "Recheck Cond": "(c_custkey = orders.o_custkey)", "Rows Removed by Index Recheck": 0, "Exact Heap Blocks": 573635, "Lossy Heap Blocks": 573635, "Plans": [{"Node Type": "Bitmap Index Scan", "Parent Relationship": "Outer", "Index Name": "customer_pkey", "Startup Cost": 0.0, "Total Cost": 0.29, "Plan Rows": 1, "Plan Width": 0, "Actual Startup Time": 2700.778, "Actual Total Time": 2700.778, "Actual Rows": 573635, "Actual Loops": 573635, "Index Cond": "(c_custkey = orders.o_custkey)"}]}]}, {"Node Type": "Materialize", "Parent Relationship": "Inner", "Startup Cost": 0.0, "Total Cost": 1.38, "Plan Rows": 25, "Plan Width": 30, "Actual Startup Time": 74.446, "Actual Total Time": 653.217, "Actual Rows": 7445243, "Actual Loops": 573635, "Plans": [{"Node Type": "Seq Scan", "Parent Relationship": "Outer", "Relation Name": "nation", "Alias": "nation", "Startup Cost": 0.0, "Total Cost": 1.25, "Plan Rows": 25, "Plan Width": 30, "Actual Startup Time": 0.019, "Actual Total Time": 0.023, "Actual Rows": 25, "Actual Loops": 1}]}]}, {"Node Type": "Bitmap Heap Scan", "Parent Relationship": "Inner", "Relation Name": "lineitem", "Alias": "lineitem", "Startup Cost": 1.93, "Total Cost": 14.05, "Plan Rows": 3, "Plan Width": 24, "Actual Startup Time": 4932.438, "Actual Total Time": 5468.969, "Actual Rows": 1145969, "Actual Loops": 573635, "Recheck Cond": "(l_orderkey = orders.o_orderkey)", "Rows Removed by Index Recheck": 0, "Filter": "(l_returnflag = 'R'::bpchar)", "Rows Removed by Filter": 1146896, "Exact Heap Blocks": 614400, "Lossy Heap Blocks": 614400, "Plans": [{"Node Type": "Bitmap Index Scan", "Parent Relationship": "Outer", "Index Name": "idx_lineitem_orderkey", "Startup Cost": 0.0, "Total Cost": 1.92, "Plan Rows": 9, "Plan Width": 0, "Actual Startup Time": 2545.514, "Actual Total Time": 2545.514, "Actual Rows": 2292865, "Actual Loops": 573635, "Index Cond": "(l_orderkey = orders.o_orderkey)"}]}]}]}]}]}, "Triggers": [], "Planner Runtime": 0, "Total Runtime": 17233.751, "Unique SQL Id": 1604070524}}, "(1, 119)": {"explain_plan": {"Plan": {"Node Type": "Limit", "Startup Cost": 13443415.76, "Total Cost": 13443415.81, "Plan Rows": 20, "Plan Width": 191, "Plans": [{"Node Type": "Sort", "Parent Relationship": "Outer", "Startup Cost": 13443415.76, "Total Cost": 13447030.51, "Plan Rows": 20, "Plan Width": 191, "Sort Key": ["(sum((lineitem.l_extendedprice * (1::double precision - lineitem.l_discount)))) DESC"], "Plans": [{"Node Type": "Aggregate", "Strategy": "Hashed", "Parent Relationship": "Outer", "Startup Cost": 13390481.96, "Total Cost": 13404940.94, "Plan Rows": 1445898, "Plan Width": 191, "Group By Key": ["customer.c_custkey", "customer.c_name", "customer.c_acctbal", "customer.c_phone", "nation.n_name", "customer.c_address", "customer.c_comment"], "Plans": [{"Node Type": "Nested Loop", "Parent Relationship": "Outer", "Join Type": "Inner", "Startup Cost": 14732.12, "Total Cost": 13354334.51, "Plan Rows": 1445898, "Plan Width": 191, "Inner Unique": false, "Plans": [{"Node Type": "Nested Loop", "Parent Relationship": "Outer", "Join Type": "Inner", "Startup Cost": 14730.2, "Total Cost": 5249597.54, "Plan Rows": 575746, "Plan Width": 183, "Inner Unique": true, "Plans": [{"Node Type": "Nested Loop", "Parent Relationship": "Outer", "Join Type": "Inner", "Startup Cost": 14729.94, "Total Cost": 2785257.65, "Plan Rows": 575746, "Plan Width": 161, "Inner Unique": true, "Plans": [{"Node Type": "Bitmap Heap Scan", "Parent Relationship": "Outer", "Relation Name": "orders", "Alias": "orders", "Startup Cost": 14729.65, "Total Cost": 299784.84, "Plan Rows": 575746, "Plan Width": 16, "Recheck Cond": "((o_orderdate >= '1993-08-01 00:00:00'::timestamp(0) without time zone) AND (o_orderdate < '1993-11-01 00:00:00'::timestamp without time zone)), (LLVM Optimized)", "Plans": [{"Node Type": "Bitmap Index Scan", "Parent Relationship": "Outer", "Index Name": "idx_orders_orderdate", "Startup Cost": 0.0, "Total Cost": 14585.71, "Plan Rows": 575746, "Plan Width": 0, "Index Cond": "((o_orderdate >= '1993-08-01 00:00:00'::timestamp(0) without time zone) AND (o_orderdate < '1993-11-01 00:00:00'::timestamp without time zone))"}]}, {"Node Type": "Bitmap Heap Scan", "Parent Relationship": "Inner", "Relation Name": "customer", "Alias": "customer", "Startup Cost": 0.29, "Total Cost": 4.31, "Plan Rows": 1, "Plan Width": 153, "Recheck Cond": "(c_custkey = orders.o_custkey)", "Plans": [{"Node Type": "Bitmap Index Scan", "Parent Relationship": "Outer", "Index Name": "customer_pkey", "Startup Cost": 0.0, "Total Cost": 0.29, "Plan Rows": 1, "Plan Width": 0, "Index Cond": "(c_custkey = orders.o_custkey)"}]}]}, {"Node Type": "Bitmap Heap Scan", "Parent Relationship": "Inner", "Relation Name": "nation", "Alias": "nation", "Startup Cost": 0.26, "Total Cost": 4.27, "Plan Rows": 1, "Plan Width": 30, "Recheck Cond": "(n_nationkey = customer.c_nationkey)", "Plans": [{"Node Type": "Bitmap Index Scan", "Parent Relationship": "Outer", "Index Name": "nation_pkey", "Startup Cost": 0.0, "Total Cost": 0.26, "Plan Rows": 1, "Plan Width": 0, "Index Cond": "(n_nationkey = customer.c_nationkey)"}]}]}, {"Node Type": "Bitmap Heap Scan", "Parent Relationship": "Inner", "Relation Name": "lineitem", "Alias": "lineitem", "Startup Cost": 1.93, "Total Cost": 14.05, "Plan Rows": 3, "Plan Width": 24, "Recheck Cond": "(l_orderkey = orders.o_orderkey)", "Filter": "(l_returnflag = 'R'::bpchar)", "Plans": [{"Node Type": "Bitmap Index Scan", "Parent Relationship": "Outer", "Index Name": "idx_lineitem_orderkey", "Startup Cost": 0.0, "Total Cost": 1.92, "Plan Rows": 9, "Plan Width": 0, "Index Cond": "(l_orderkey = orders.o_orderkey)"}]}]}]}]}]}, "Unique SQL Id": 1604070524, "Planner Runtime": 0}, "explain_analyze_plan": {"Plan": {"Node Type": "Limit", "Startup Cost": 13443415.76, "Total Cost": 13443415.81, "Plan Rows": 20, "Plan Width": 191, "Actual Startup Time": 17197.212, "Actual Total Time": 17197.217, "Actual Rows": 20, "Actual Loops": 1, "Plans": [{"Node Type": "Sort", "Parent Relationship": "Outer", "Startup Cost": 13443415.76, "Total Cost": 13447030.51, "Plan Rows": 20, "Plan Width": 191, "Actual Startup Time": 17197.208, "Actual Total Time": 17197.21, "Actual Rows": 20, "Actual Loops": 1, "Sort Key": ["(sum((lineitem.l_extendedprice * (1::double precision - lineitem.l_discount)))) DESC"], "Sort Method": "top-N heapsort", "Sort Space Used": 35, "Sort Space Type": "Memory", "Plans": [{"Node Type": "Aggregate", "Strategy": "Hashed", "Parent Relationship": "Outer", "Startup Cost": 13390481.96, "Total Cost": 13404940.94, "Plan Rows": 1445898, "Plan Width": 191, "Actual Startup Time": 16740.682, "Actual Total Time": 17059.666, "Actual Rows": 381542, "Actual Loops": 1, "Group By Key": ["customer.c_custkey", "customer.c_name", "customer.c_acctbal", "customer.c_phone", "nation.n_name", "customer.c_address", "customer.c_comment"], "Plans": [{"Node Type": "Nested Loop", "Parent Relationship": "Outer", "Join Type": "Inner", "Startup Cost": 14732.12, "Total Cost": 13354334.51, "Plan Rows": 1445898, "Plan Width": 191, "Actual Startup Time": 238.524, "Actual Total Time": 14766.149, "Actual Rows": 1145969, "Actual Loops": 1, "Inner Unique": false, "Plans": [{"Node Type": "Nested Loop", "Parent Relationship": "Outer", "Join Type": "Inner", "Startup Cost": 14730.2, "Total Cost": 5249597.54, "Plan Rows": 575746, "Plan Width": 183, "Actual Startup Time": 238.474, "Actual Total Time": 8454.028, "Actual Rows": 573635, "Actual Loops": 1, "Inner Unique": true, "Plans": [{"Node Type": "Nested Loop", "Parent Relationship": "Outer", "Join Type": "Inner", "Startup Cost": 14729.94, "Total Cost": 2785257.65, "Plan Rows": 575746, "Plan Width": 161, "Actual Startup Time": 238.424, "Actual Total Time": 6266.051, "Actual Rows": 573635, "Actual Loops": 1, "Inner Unique": true, "Plans": [{"Node Type": "Bitmap Heap Scan", "Parent Relationship": "Outer", "Relation Name": "orders", "Alias": "orders", "Startup Cost": 14729.65, "Total Cost": 299784.84, "Plan Rows": 575746, "Plan Width": 16, "Actual Startup Time": 238.197, "Actual Total Time": 1069.489, "Actual Rows": 573635, "Actual Loops": 1, "Recheck Cond": "((o_orderdate >= '1993-08-01 00:00:00'::timestamp(0) without time zone) AND (o_orderdate < '1993-11-01 00:00:00'::timestamp without time zone)), (LLVM Optimized, Jit Execute)", "Rows Removed by Index Recheck": 0, "Exact Heap Blocks": 242860, "Lossy Heap Blocks": 242860, "Plans": [{"Node Type": "Bitmap Index Scan", "Parent Relationship": "Outer", "Index Name": "idx_orders_orderdate", "Startup Cost": 0.0, "Total Cost": 14585.71, "Plan Rows": 575746, "Plan Width": 0, "Actual Startup Time": 163.236, "Actual Total Time": 163.236, "Actual Rows": 573635, "Actual Loops": 1, "Index Cond": "((o_orderdate >= '1993-08-01 00:00:00'::timestamp(0) without time zone) AND (o_orderdate < '1993-11-01 00:00:00'::timestamp without time zone))"}]}, {"Node Type": "Bitmap Heap Scan", "Parent Relationship": "Inner", "Relation Name": "customer", "Alias": "customer", "Startup Cost": 0.29, "Total Cost": 4.31, "Plan Rows": 1, "Plan Width": 153, "Actual Startup Time": 4318.454, "Actual Total Time": 4318.454, "Actual Rows": 573635, "Actual Loops": 573635, "Recheck Cond": "(c_custkey = orders.o_custkey)", "Rows Removed by Index Recheck": 0, "Exact Heap Blocks": 573635, "Lossy Heap Blocks": 573635, "Plans": [{"Node Type": "Bitmap Index Scan", "Parent Relationship": "Outer", "Index Name": "customer_pkey", "Startup Cost": 0.0, "Total Cost": 0.29, "Plan Rows": 1, "Plan Width": 0, "Actual Startup Time": 2664.814, "Actual Total Time": 2664.814, "Actual Rows": 573635, "Actual Loops": 573635, "Index Cond": "(c_custkey = orders.o_custkey)"}]}]}, {"Node Type": "Bitmap Heap Scan", "Parent Relationship": "Inner", "Relation Name": "nation", "Alias": "nation", "Startup Cost": 0.26, "Total Cost": 4.27, "Plan Rows": 1, "Plan Width": 30, "Actual Startup Time": 1395.278, "Actual Total Time": 1395.278, "Actual Rows": 573635, "Actual Loops": 573635, "Recheck Cond": "(n_nationkey = customer.c_nationkey)", "Rows Removed by Index Recheck": 0, "Exact Heap Blocks": 573635, "Lossy Heap Blocks": 573635, "Plans": [{"Node Type": "Bitmap Index Scan", "Parent Relationship": "Outer", "Index Name": "nation_pkey", "Startup Cost": 0.0, "Total Cost": 0.26, "Plan Rows": 1, "Plan Width": 0, "Actual Startup Time": 608.282, "Actual Total Time": 608.282, "Actual Rows": 573635, "Actual Loops": 573635, "Index Cond": "(n_nationkey = customer.c_nationkey)"}]}]}, {"Node Type": "Bitmap Heap Scan", "Parent Relationship": "Inner", "Relation Name": "lineitem", "Alias": "lineitem", "Startup Cost": 1.93, "Total Cost": 14.05, "Plan Rows": 3, "Plan Width": 24, "Actual Startup Time": 4824.259, "Actual Total Time": 5354.044, "Actual Rows": 1145969, "Actual Loops": 573635, "Recheck Cond": "(l_orderkey = orders.o_orderkey)", "Rows Removed by Index Recheck": 0, "Filter": "(l_returnflag = 'R'::bpchar)", "Rows Removed by Filter": 1146896, "Exact Heap Blocks": 614400, "Lossy Heap Blocks": 614400, "Plans": [{"Node Type": "Bitmap Index Scan", "Parent Relationship": "Outer", "Index Name": "idx_lineitem_orderkey", "Startup Cost": 0.0, "Total Cost": 1.92, "Plan Rows": 9, "Plan Width": 0, "Actual Startup Time": 2480.858, "Actual Total Time": 2480.858, "Actual Rows": 2292865, "Actual Loops": 573635, "Index Cond": "(l_orderkey = orders.o_orderkey)"}]}]}]}]}]}, "Triggers": [], "Planner Runtime": 0, "Total Runtime": 17207.36, "Unique SQL Id": 1604070524}}, "(1, 120)": {"explain_plan": {"Plan": {"Node Type": "Limit", "Startup Cost": 4199172.25, "Total Cost": 4199172.3, "Plan Rows": 20, "Plan Width": 191, "Plans": [{"Node Type": "Sort", "Parent Relationship": "Outer", "Startup Cost": 4199172.25, "Total Cost": 4202787.0, "Plan Rows": 20, "Plan Width": 191, "Sort Key": ["(sum((lineitem.l_extendedprice * (1::double precision - lineitem.l_discount)))) DESC"], "Plans": [{"Node Type": "Aggregate", "Strategy": "Hashed", "Parent Relationship": "Outer", "Startup Cost": 4146238.45, "Total Cost": 4160697.43, "Plan Rows": 1445898, "Plan Width": 191, "Group By Key": ["customer.c_custkey", "customer.c_name", "customer.c_acctbal", "customer.c_phone", "nation.n_name", "customer.c_address", "customer.c_comment"], "Plans": [{"Node Type": "Nested Loop", "Parent Relationship": "Outer", "Join Type": "Inner", "Startup Cost": 578.97, "Total Cost": 4110091.0, "Plan Rows": 1445898, "Plan Width": 191, "Inner Unique": false, "Plans": [{"Node Type": "Nested Loop", "Parent Relationship": "Outer", "Join Type": "Inner", "Startup Cost": 578.97, "Total Cost": 993473.55, "Plan Rows": 575746, "Plan Width": 183, "Inner Unique": true, "Plans": [{"Node Type": "Nested Loop", "Parent Relationship": "Outer", "Join Type": "Inner", "Startup Cost": 578.97, "Total Cost": 832260.06, "Plan Rows": 575746, "Plan Width": 161, "Inner Unique": true, "Plans": [{"Node Type": "Seq Scan", "Parent Relationship": "Outer", "Relation Name": "orders", "Alias": "orders", "Startup Cost": 578.97, "Total Cost": 501411.18, "Plan Rows": 575746, "Plan Width": 16, "Filter": "((o_orderdate >= '1993-08-01 00:00:00'::timestamp(0) without time zone) AND (o_orderdate < '1993-11-01 00:00:00'::timestamp without time zone)), (LLVM Optimized)"}, {"Node Type": "Index Scan", "Parent Relationship": "Inner", "Scan Direction": "Forward", "Index Name": "customer_pkey", "Relation Name": "customer", "Alias": "customer", "Startup Cost": 0.0, "Total Cost": 0.56, "Plan Rows": 1, "Plan Width": 153, "Index Cond": "(c_custkey = orders.o_custkey)"}]}, {"Node Type": "Index Scan", "Parent Relationship": "Inner", "Scan Direction": "Forward", "Index Name": "nation_pkey", "Relation Name": "nation", "Alias": "nation", "Startup Cost": 0.0, "Total Cost": 0.27, "Plan Rows": 1, "Plan Width": 30, "Index Cond": "(n_nationkey = customer.c_nationkey)"}]}, {"Node Type": "Index Scan", "Parent Relationship": "Inner", "Scan Direction": "Forward", "Index Name": "idx_lineitem_orderkey", "Relation Name": "lineitem", "Alias": "lineitem", "Startup Cost": 0.0, "Total Cost": 5.38, "Plan Rows": 3, "Plan Width": 24, "Index Cond": "(l_orderkey = orders.o_orderkey)", "Filter": "(l_returnflag = 'R'::bpchar)"}]}]}]}]}, "Unique SQL Id": 1604070524, "Planner Runtime": 0}, "explain_analyze_plan": {"Plan": {"Node Type": "Limit", "Startup Cost": 4199172.25, "Total Cost": 4199172.3, "Plan Rows": 20, "Plan Width": 191, "Actual Startup Time": 18670.116, "Actual Total Time": 18670.12, "Actual Rows": 20, "Actual Loops": 1, "Plans": [{"Node Type": "Sort", "Parent Relationship": "Outer", "Startup Cost": 4199172.25, "Total Cost": 4202787.0, "Plan Rows": 20, "Plan Width": 191, "Actual Startup Time": 18670.113, "Actual Total Time": 18670.115, "Actual Rows": 20, "Actual Loops": 1, "Sort Key": ["(sum((lineitem.l_extendedprice * (1::double precision - lineitem.l_discount)))) DESC"], "Sort Method": "top-N heapsort", "Sort Space Used": 35, "Sort Space Type": "Memory", "Plans": [{"Node Type": "Aggregate", "Strategy": "Hashed", "Parent Relationship": "Outer", "Startup Cost": 4146238.45, "Total Cost": 4160697.43, "Plan Rows": 1445898, "Plan Width": 191, "Actual Startup Time": 18336.516, "Actual Total Time": 18536.411, "Actual Rows": 381542, "Actual Loops": 1, "Group By Key": ["customer.c_custkey", "customer.c_name", "customer.c_acctbal", "customer.c_phone", "nation.n_name", "customer.c_address", "customer.c_comment"], "Plans": [{"Node Type": "Nested Loop", "Parent Relationship": "Outer", "Join Type": "Inner", "Startup Cost": 578.97, "Total Cost": 4110091.0, "Plan Rows": 1445898, "Plan Width": 191, "Actual Startup Time": 0.116, "Actual Total Time": 16376.839, "Actual Rows": 1145969, "Actual Loops": 1, "Inner Unique": false, "Plans": [{"Node Type": "Nested Loop", "Parent Relationship": "Outer", "Join Type": "Inner", "Startup Cost": 578.97, "Total Cost": 993473.55, "Plan Rows": 575746, "Plan Width": 183, "Actual Startup Time": 0.096, "Actual Total Time": 10744.849, "Actual Rows": 573635, "Actual Loops": 1, "Inner Unique": true, "Plans": [{"Node Type": "Nested Loop", "Parent Relationship": "Outer", "Join Type": "Inner", "Startup Cost": 578.97, "Total Cost": 832260.06, "Plan Rows": 575746, "Plan Width": 161, "Actual Startup Time": 0.087, "Actual Total Time": 9478.775, "Actual Rows": 573635, "Actual Loops": 1, "Inner Unique": true, "Plans": [{"Node Type": "Seq Scan", "Parent Relationship": "Outer", "Relation Name": "orders", "Alias": "orders", "Startup Cost": 578.97, "Total Cost": 501411.18, "Plan Rows": 575746, "Plan Width": 16, "Actual Startup Time": 0.047, "Actual Total Time": 5063.599, "Actual Rows": 573635, "Actual Loops": 1, "Filter": "((o_orderdate >= '1993-08-01 00:00:00'::timestamp(0) without time zone) AND (o_orderdate < '1993-11-01 00:00:00'::timestamp without time zone)), (LLVM Optimized, Jit Execute)", "Rows Removed by Filter": 14426365}, {"Node Type": "Index Scan", "Parent Relationship": "Inner", "Scan Direction": "Forward", "Index Name": "customer_pkey", "Relation Name": "customer", "Alias": "customer", "Startup Cost": 0.0, "Total Cost": 0.56, "Plan Rows": 1, "Plan Width": 153, "Actual Startup Time": 3887.269, "Actual Total Time": 3887.269, "Actual Rows": 573635, "Actual Loops": 573635, "Index Cond": "(c_custkey = orders.o_custkey)", "Rows Removed by Index Recheck": 0}]}, {"Node Type": "Index Scan", "Parent Relationship": "Inner", "Scan Direction": "Forward", "Index Name": "nation_pkey", "Relation Name": "nation", "Alias": "nation", "Startup Cost": 0.0, "Total Cost": 0.27, "Plan Rows": 1, "Plan Width": 30, "Actual Startup Time": 815.835, "Actual Total Time": 815.835, "Actual Rows": 573635, "Actual Loops": 573635, "Index Cond": "(n_nationkey = customer.c_nationkey)", "Rows Removed by Index Recheck": 0}]}, {"Node Type": "Index Scan", "Parent Relationship": "Inner", "Scan Direction": "Forward", "Index Name": "idx_lineitem_orderkey", "Relation Name": "lineitem", "Alias": "lineitem", "Startup Cost": 0.0, "Total Cost": 5.38, "Plan Rows": 3, "Plan Width": 24, "Actual Startup Time": 3790.744, "Actual Total Time": 5040.107, "Actual Rows": 1145969, "Actual Loops": 573635, "Index Cond": "(l_orderkey = orders.o_orderkey)", "Rows Removed by Index Recheck": 0, "Filter": "(l_returnflag = 'R'::bpchar)", "Rows Removed by Filter": 1146896}]}]}]}]}, "Triggers": [], "Planner Runtime": 0, "Total Runtime": 18679.837, "Unique SQL Id": 1604070524}}, "(1, 121)": {"explain_plan": {"Plan": {"Node Type": "Limit", "Startup Cost": 4503736.9, "Total Cost": 4503736.95, "Plan Rows": 20, "Plan Width": 191, "Plans": [{"Node Type": "Sort", "Parent Relationship": "Outer", "Startup Cost": 4503736.9, "Total Cost": 4507351.64, "Plan Rows": 20, "Plan Width": 191, "Sort Key": ["(sum((lineitem.l_extendedprice * (1::double precision - lineitem.l_discount)))) DESC"], "Plans": [{"Node Type": "Aggregate", "Strategy": "Hashed", "Parent Relationship": "Outer", "Startup Cost": 4450803.09, "Total Cost": 4465262.07, "Plan Rows": 1445898, "Plan Width": 191, "Group By Key": ["customer.c_custkey", "customer.c_name", "customer.c_acctbal", "customer.c_phone", "nation.n_name", "customer.c_address", "customer.c_comment"], "Plans": [{"Node Type": "Nested Loop", "Parent Relationship": "Outer", "Join Type": "Inner", "Startup Cost": 0.0, "Total Cost": 4414655.64, "Plan Rows": 1445898, "Plan Width": 191, "Inner Unique": false, "Plans": [{"Node Type": "Nested Loop", "Parent Relationship": "Outer", "Join Type": "Inner", "Startup Cost": 0.0, "Total Cost": 1298038.2, "Plan Rows": 575746, "Plan Width": 183, "Inner Unique": true, "Plans": [{"Node Type": "Nested Loop", "Parent Relationship": "Outer", "Join Type": "Inner", "Startup Cost": 0.0, "Total Cost": 1136824.71, "Plan Rows": 575746, "Plan Width": 161, "Inner Unique": true, "Plans": [{"Node Type": "Index Scan", "Parent Relationship": "Outer", "Scan Direction": "Forward", "Index Name": "orders_pkey", "Relation Name": "orders", "Alias": "orders", "Startup Cost": 0.0, "Total Cost": 805975.83, "Plan Rows": 575746, "Plan Width": 16, "Filter": "((o_orderdate >= '1993-08-01 00:00:00'::timestamp(0) without time zone) AND (o_orderdate < '1993-11-01 00:00:00'::timestamp without time zone)), (LLVM Optimized)"}, {"Node Type": "Index Scan", "Parent Relationship": "Inner", "Scan Direction": "Forward", "Index Name": "customer_pkey", "Relation Name": "customer", "Alias": "customer", "Startup Cost": 0.0, "Total Cost": 0.56, "Plan Rows": 1, "Plan Width": 153, "Index Cond": "(c_custkey = orders.o_custkey)"}]}, {"Node Type": "Index Scan", "Parent Relationship": "Inner", "Scan Direction": "Forward", "Index Name": "nation_pkey", "Relation Name": "nation", "Alias": "nation", "Startup Cost": 0.0, "Total Cost": 0.27, "Plan Rows": 1, "Plan Width": 30, "Index Cond": "(n_nationkey = customer.c_nationkey)"}]}, {"Node Type": "Index Scan", "Parent Relationship": "Inner", "Scan Direction": "Forward", "Index Name": "idx_lineitem_orderkey", "Relation Name": "lineitem", "Alias": "lineitem", "Startup Cost": 0.0, "Total Cost": 5.38, "Plan Rows": 3, "Plan Width": 24, "Index Cond": "(l_orderkey = orders.o_orderkey)", "Filter": "(l_returnflag = 'R'::bpchar)"}]}]}]}]}, "Unique SQL Id": 1604070524, "Planner Runtime": 0}, "explain_analyze_plan": {"Plan": {"Node Type": "Limit", "Startup Cost": 4503736.9, "Total Cost": 4503736.95, "Plan Rows": 20, "Plan Width": 191, "Actual Startup Time": 24177.69, "Actual Total Time": 24177.696, "Actual Rows": 20, "Actual Loops": 1, "Plans": [{"Node Type": "Sort", "Parent Relationship": "Outer", "Startup Cost": 4503736.9, "Total Cost": 4507351.64, "Plan Rows": 20, "Plan Width": 191, "Actual Startup Time": 24177.687, "Actual Total Time": 24177.691, "Actual Rows": 20, "Actual Loops": 1, "Sort Key": ["(sum((lineitem.l_extendedprice * (1::double precision - lineitem.l_discount)))) DESC"], "Sort Method": "top-N heapsort", "Sort Space Used": 35, "Sort Space Type": "Memory", "Plans": [{"Node Type": "Aggregate", "Strategy": "Hashed", "Parent Relationship": "Outer", "Startup Cost": 4450803.09, "Total Cost": 4465262.07, "Plan Rows": 1445898, "Plan Width": 191, "Actual Startup Time": 23843.314, "Actual Total Time": 24042.891, "Actual Rows": 381542, "Actual Loops": 1, "Group By Key": ["customer.c_custkey", "customer.c_name", "customer.c_acctbal", "customer.c_phone", "nation.n_name", "customer.c_address", "customer.c_comment"], "Plans": [{"Node Type": "Nested Loop", "Parent Relationship": "Outer", "Join Type": "Inner", "Startup Cost": 0.0, "Total Cost": 4414655.64, "Plan Rows": 1445898, "Plan Width": 191, "Actual Startup Time": 0.12, "Actual Total Time": 21892.164, "Actual Rows": 1145969, "Actual Loops": 1, "Inner Unique": false, "Plans": [{"Node Type": "Nested Loop", "Parent Relationship": "Outer", "Join Type": "Inner", "Startup Cost": 0.0, "Total Cost": 1298038.2, "Plan Rows": 575746, "Plan Width": 183, "Actual Startup Time": 0.099, "Actual Total Time": 16176.775, "Actual Rows": 573635, "Actual Loops": 1, "Inner Unique": true, "Plans": [{"Node Type": "Nested Loop", "Parent Relationship": "Outer", "Join Type": "Inner", "Startup Cost": 0.0, "Total Cost": 1136824.71, "Plan Rows": 575746, "Plan Width": 161, "Actual Startup Time": 0.091, "Actual Total Time": 14898.555, "Actual Rows": 573635, "Actual Loops": 1, "Inner Unique": true, "Plans": [{"Node Type": "Index Scan", "Parent Relationship": "Outer", "Scan Direction": "Forward", "Index Name": "orders_pkey", "Relation Name": "orders", "Alias": "orders", "Startup Cost": 0.0, "Total Cost": 805975.83, "Plan Rows": 575746, "Plan Width": 16, "Actual Startup Time": 0.067, "Actual Total Time": 10397.112, "Actual Rows": 573635, "Actual Loops": 1, "Filter": "((o_orderdate >= '1993-08-01 00:00:00'::timestamp(0) without time zone) AND (o_orderdate < '1993-11-01 00:00:00'::timestamp without time zone)), (LLVM Optimized, Jit Execute)", "Rows Removed by Filter": 14426365}, {"Node Type": "Index Scan", "Parent Relationship": "Inner", "Scan Direction": "Forward", "Index Name": "customer_pkey", "Relation Name": "customer", "Alias": "customer", "Startup Cost": 0.0, "Total Cost": 0.56, "Plan Rows": 1, "Plan Width": 153, "Actual Startup Time": 3948.889, "Actual Total Time": 3948.889, "Actual Rows": 573635, "Actual Loops": 573635, "Index Cond": "(c_custkey = orders.o_custkey)", "Rows Removed by Index Recheck": 0}]}, {"Node Type": "Index Scan", "Parent Relationship": "Inner", "Scan Direction": "Forward", "Index Name": "nation_pkey", "Relation Name": "nation", "Alias": "nation", "Startup Cost": 0.0, "Total Cost": 0.27, "Plan Rows": 1, "Plan Width": 30, "Actual Startup Time": 807.607, "Actual Total Time": 807.607, "Actual Rows": 573635, "Actual Loops": 573635, "Index Cond": "(n_nationkey = customer.c_nationkey)", "Rows Removed by Index Recheck": 0}]}, {"Node Type": "Index Scan", "Parent Relationship": "Inner", "Scan Direction": "Forward", "Index Name": "idx_lineitem_orderkey", "Relation Name": "lineitem", "Alias": "lineitem", "Startup Cost": 0.0, "Total Cost": 5.38, "Plan Rows": 3, "Plan Width": 24, "Actual Startup Time": 3842.066, "Actual Total Time": 5108.604, "Actual Rows": 1145969, "Actual Loops": 573635, "Index Cond": "(l_orderkey = orders.o_orderkey)", "Rows Removed by Index Recheck": 0, "Filter": "(l_returnflag = 'R'::bpchar)", "Rows Removed by Filter": 1146896}]}]}]}]}, "Triggers": [], "Planner Runtime": 0, "Total Runtime": 24187.454, "Unique SQL Id": 1604070524}}, "(1, 122)": {"explain_plan": {"Plan": {"Node Type": "Limit", "Startup Cost": 141076995099.86, "Total Cost": 141076995099.91, "Plan Rows": 20, "Plan Width": 191, "Plans": [{"Node Type": "Sort", "Parent Relationship": "Outer", "Startup Cost": 141076995099.86, "Total Cost": 141076998714.6, "Plan Rows": 20, "Plan Width": 191, "Sort Key": ["(sum((lineitem.l_extendedprice * (1::double precision - lineitem.l_discount)))) DESC"], "Plans": [{"Node Type": "Aggregate", "Strategy": "Hashed", "Parent Relationship": "Outer", "Startup Cost": 141076942166.05, "Total Cost": 141076956625.03, "Plan Rows": 1445898, "Plan Width": 191, "Group By Key": ["customer.c_custkey", "customer.c_name", "customer.c_acctbal", "customer.c_phone", "nation.n_name", "customer.c_address", "customer.c_comment"], "Plans": [{"Node Type": "Nested Loop", "Parent Relationship": "Outer", "Join Type": "Inner", "Startup Cost": 578.97, "Total Cost": 141076906018.6, "Plan Rows": 1445898, "Plan Width": 191, "Inner Unique": false, "Join Filter": "(orders.o_orderkey = lineitem.l_orderkey), (LLVM Optimized)", "Plans": [{"Node Type": "Seq Scan", "Parent Relationship": "Outer", "Relation Name": "lineitem", "Alias": "lineitem", "Startup Cost": 0.0, "Total Cost": 2165082.91, "Plan Rows": 14835209, "Plan Width": 24, "Filter": "(l_returnflag = 'R'::bpchar), (LLVM Optimized)"}, {"Node Type": "Materialize", "Parent Relationship": "Inner", "Startup Cost": 578.97, "Total Cost": 12955058761.34, "Plan Rows": 575746, "Plan Width": 183, "Plans": [{"Node Type": "Nested Loop", "Parent Relationship": "Outer", "Join Type": "Inner", "Startup Cost": 578.97, "Total Cost": 12955055882.61, "Plan Rows": 575746, "Plan Width": 183, "Inner Unique": true, "Join Filter": "(customer.c_nationkey = nation.n_nationkey), (LLVM Optimized)", "Plans": [{"Node Type": "Nested Loop", "Parent Relationship": "Outer", "Join Type": "Inner", "Startup Cost": 578.97, "Total Cost": 12954839976.55, "Plan Rows": 575746, "Plan Width": 161, "Inner Unique": false, "Join Filter": "(customer.c_custkey = orders.o_custkey), (LLVM Optimized)", "Plans": [{"Node Type": "Seq Scan", "Parent Relationship": "Outer", "Relation Name": "customer", "Alias": "customer", "Startup Cost": 0.0, "Total Cost": 52126.0, "Plan Rows": 1500000, "Plan Width": 153}, {"Node Type": "Materialize", "Parent Relationship": "Inner", "Startup Cost": 578.97, "Total Cost": 504289.91, "Plan Rows": 575746, "Plan Width": 16, "Plans": [{"Node Type": "Seq Scan", "Parent Relationship": "Outer", "Relation Name": "orders", "Alias": "orders", "Startup Cost": 578.97, "Total Cost": 501411.18, "Plan Rows": 575746, "Plan Width": 16, "Filter": "((o_orderdate >= '1993-08-01 00:00:00'::timestamp(0) without time zone) AND (o_orderdate < '1993-11-01 00:00:00'::timestamp without time zone)), (LLVM Optimized)"}]}]}, {"Node Type": "Materialize", "Parent Relationship": "Inner", "Startup Cost": 0.0, "Total Cost": 1.38, "Plan Rows": 25, "Plan Width": 30, "Plans": [{"Node Type": "Seq Scan", "Parent Relationship": "Outer", "Relation Name": "nation", "Alias": "nation", "Startup Cost": 0.0, "Total Cost": 1.25, "Plan Rows": 25, "Plan Width": 30}]}]}]}]}]}]}]}, "Unique SQL Id": 1604070524, "Planner Runtime": 0}, "explain_analyze_plan": null}, "(1, 123)": {"explain_plan": {"Plan": {"Node Type": "Limit", "Startup Cost": 4141501966303.01, "Total Cost": 4141501966303.06, "Plan Rows": 20, "Plan Width": 191, "Plans": [{"Node Type": "Sort", "Parent Relationship": "Outer", "Startup Cost": 4141501966303.01, "Total Cost": 4141501969917.76, "Plan Rows": 20, "Plan Width": 191, "Sort Key": ["(sum((lineitem.l_extendedprice * (1::double precision - lineitem.l_discount)))) DESC"], "Plans": [{"Node Type": "Aggregate", "Strategy": "Hashed", "Parent Relationship": "Outer", "Startup Cost": 4141501913369.21, "Total Cost": 4141501927828.19, "Plan Rows": 1445898, "Plan Width": 191, "Group By Key": ["customer.c_custkey", "customer.c_name", "customer.c_acctbal", "customer.c_phone", "nation.n_name", "customer.c_address", "customer.c_comment"], "Plans": [{"Node Type": "Nested Loop", "Parent Relationship": "Outer", "Join Type": "Inner", "Startup Cost": 40000000000.0, "Total Cost": 4141501877221.76, "Plan Rows": 1445898, "Plan Width": 191, "Inner Unique": false, "Join Filter": "(orders.o_orderkey = lineitem.l_orderkey), (LLVM Optimized)", "Plans": [{"Node Type": "Index Scan", "Parent Relationship": "Outer", "Scan Direction": "Forward", "Index Name": "idx_lineitem_orderkey", "Relation Name": "lineitem", "Alias": "lineitem", "Startup Cost": 10000000000.0, "Total Cost": 1000339012132.75, "Plan Rows": 14835209, "Plan Width": 24, "Filter": "(l_returnflag = 'R'::bpchar), (LLVM Optimized)"}, {"Node Type": "Materialize", "Parent Relationship": "Inner", "Startup Cost": 30000000000.0, "Total Cost": 3013043182914.66, "Plan Rows": 575746, "Plan Width": 183, "Plans": [{"Node Type": "Nested Loop", "Parent Relationship": "Outer", "Join Type": "Inner", "Startup Cost": 30000000000.0, "Total Cost": 3013043180035.93, "Plan Rows": 575746, "Plan Width": 183, "Inner Unique": true, "Join Filter": "(customer.c_nationkey = nation.n_nationkey), (LLVM Optimized)", "Plans": [{"Node Type": "Nested Loop", "Parent Relationship": "Outer", "Join Type": "Inner", "Startup Cost": 20000000000.0, "Total Cost": 2013042962868.62, "Plan Rows": 575746, "Plan Width": 161, "Inner Unique": true, "Join Filter": "(customer.c_custkey = orders.o_custkey), (LLVM Optimized)", "Plans": [{"Node Type": "Index Scan", "Parent Relationship": "Outer", "Scan Direction": "Forward", "Index Name": "orders_pkey", "Relation Name": "orders", "Alias": "orders", "Startup Cost": 10000000000.0, "Total Cost": 1000080597583.0, "Plan Rows": 575746, "Plan Width": 16, "Filter": "((o_orderdate >= '1993-08-01 00:00:00'::timestamp(0) without time zone) AND (o_orderdate < '1993-11-01 00:00:00'::timestamp without time zone)), (LLVM Optimized)"}, {"Node Type": "Materialize", "Parent Relationship": "Inner", "Startup Cost": 10000000000.0, "Total Cost": 1000008084035.62, "Plan Rows": 1500000, "Plan Width": 153, "Plans": [{"Node Type": "Index Scan", "Parent Relationship": "Outer", "Scan Direction": "Forward", "Index Name": "customer_pkey", "Relation Name": "customer", "Alias": "customer", "Startup Cost": 10000000000.0, "Total Cost": 1000008076535.62, "Plan Rows": 1500000, "Plan Width": 153}]}]}, {"Node Type": "Materialize", "Parent Relationship": "Inner", "Startup Cost": 10000000000.0, "Total Cost": 1000000001262.62, "Plan Rows": 25, "Plan Width": 30, "Plans": [{"Node Type": "Index Scan", "Parent Relationship": "Outer", "Scan Direction": "Forward", "Index Name": "nation_pkey", "Relation Name": "nation", "Alias": "nation", "Startup Cost": 10000000000.0, "Total Cost": 1000000001262.5, "Plan Rows": 25, "Plan Width": 30}]}]}]}]}]}]}]}, "Unique SQL Id": 1604070524, "Planner Runtime": 0}, "explain_analyze_plan": null}, "(1, 124)": {"explain_plan": {"Plan": {"Node Type": "Limit", "Startup Cost": 4199172.25, "Total Cost": 4199172.3, "Plan Rows": 20, "Plan Width": 191, "Plans": [{"Node Type": "Sort", "Parent Relationship": "Outer", "Startup Cost": 4199172.25, "Total Cost": 4202787.0, "Plan Rows": 20, "Plan Width": 191, "Sort Key": ["(sum((lineitem.l_extendedprice * (1::double precision - lineitem.l_discount)))) DESC"], "Plans": [{"Node Type": "Aggregate", "Strategy": "Hashed", "Parent Relationship": "Outer", "Startup Cost": 4146238.45, "Total Cost": 4160697.43, "Plan Rows": 1445898, "Plan Width": 191, "Group By Key": ["customer.c_custkey", "customer.c_name", "customer.c_acctbal", "customer.c_phone", "nation.n_name", "customer.c_address", "customer.c_comment"], "Plans": [{"Node Type": "Nested Loop", "Parent Relationship": "Outer", "Join Type": "Inner", "Startup Cost": 578.97, "Total Cost": 4110091.0, "Plan Rows": 1445898, "Plan Width": 191, "Inner Unique": false, "Plans": [{"Node Type": "Nested Loop", "Parent Relationship": "Outer", "Join Type": "Inner", "Startup Cost": 578.97, "Total Cost": 993473.55, "Plan Rows": 575746, "Plan Width": 183, "Inner Unique": true, "Plans": [{"Node Type": "Nested Loop", "Parent Relationship": "Outer", "Join Type": "Inner", "Startup Cost": 578.97, "Total Cost": 832260.06, "Plan Rows": 575746, "Plan Width": 161, "Inner Unique": true, "Plans": [{"Node Type": "Seq Scan", "Parent Relationship": "Outer", "Relation Name": "orders", "Alias": "orders", "Startup Cost": 578.97, "Total Cost": 501411.18, "Plan Rows": 575746, "Plan Width": 16, "Filter": "((o_orderdate >= '1993-08-01 00:00:00'::timestamp(0) without time zone) AND (o_orderdate < '1993-11-01 00:00:00'::timestamp without time zone)), (LLVM Optimized)"}, {"Node Type": "Index Scan", "Parent Relationship": "Inner", "Scan Direction": "Forward", "Index Name": "customer_pkey", "Relation Name": "customer", "Alias": "customer", "Startup Cost": 0.0, "Total Cost": 0.56, "Plan Rows": 1, "Plan Width": 153, "Index Cond": "(c_custkey = orders.o_custkey)"}]}, {"Node Type": "Index Scan", "Parent Relationship": "Inner", "Scan Direction": "Forward", "Index Name": "nation_pkey", "Relation Name": "nation", "Alias": "nation", "Startup Cost": 0.0, "Total Cost": 0.27, "Plan Rows": 1, "Plan Width": 30, "Index Cond": "(n_nationkey = customer.c_nationkey)"}]}, {"Node Type": "Index Scan", "Parent Relationship": "Inner", "Scan Direction": "Forward", "Index Name": "idx_lineitem_orderkey", "Relation Name": "lineitem", "Alias": "lineitem", "Startup Cost": 0.0, "Total Cost": 5.38, "Plan Rows": 3, "Plan Width": 24, "Index Cond": "(l_orderkey = orders.o_orderkey)", "Filter": "(l_returnflag = 'R'::bpchar)"}]}]}]}]}, "Unique SQL Id": 1604070524, "Planner Runtime": 0}, "explain_analyze_plan": {"Plan": {"Node Type": "Limit", "Startup Cost": 4199172.25, "Total Cost": 4199172.3, "Plan Rows": 20, "Plan Width": 191, "Actual Startup Time": 18670.116, "Actual Total Time": 18670.12, "Actual Rows": 20, "Actual Loops": 1, "Plans": [{"Node Type": "Sort", "Parent Relationship": "Outer", "Startup Cost": 4199172.25, "Total Cost": 4202787.0, "Plan Rows": 20, "Plan Width": 191, "Actual Startup Time": 18670.113, "Actual Total Time": 18670.115, "Actual Rows": 20, "Actual Loops": 1, "Sort Key": ["(sum((lineitem.l_extendedprice * (1::double precision - lineitem.l_discount)))) DESC"], "Sort Method": "top-N heapsort", "Sort Space Used": 35, "Sort Space Type": "Memory", "Plans": [{"Node Type": "Aggregate", "Strategy": "Hashed", "Parent Relationship": "Outer", "Startup Cost": 4146238.45, "Total Cost": 4160697.43, "Plan Rows": 1445898, "Plan Width": 191, "Actual Startup Time": 18336.516, "Actual Total Time": 18536.411, "Actual Rows": 381542, "Actual Loops": 1, "Group By Key": ["customer.c_custkey", "customer.c_name", "customer.c_acctbal", "customer.c_phone", "nation.n_name", "customer.c_address", "customer.c_comment"], "Plans": [{"Node Type": "Nested Loop", "Parent Relationship": "Outer", "Join Type": "Inner", "Startup Cost": 578.97, "Total Cost": 4110091.0, "Plan Rows": 1445898, "Plan Width": 191, "Actual Startup Time": 0.116, "Actual Total Time": 16376.839, "Actual Rows": 1145969, "Actual Loops": 1, "Inner Unique": false, "Plans": [{"Node Type": "Nested Loop", "Parent Relationship": "Outer", "Join Type": "Inner", "Startup Cost": 578.97, "Total Cost": 993473.55, "Plan Rows": 575746, "Plan Width": 183, "Actual Startup Time": 0.096, "Actual Total Time": 10744.849, "Actual Rows": 573635, "Actual Loops": 1, "Inner Unique": true, "Plans": [{"Node Type": "Nested Loop", "Parent Relationship": "Outer", "Join Type": "Inner", "Startup Cost": 578.97, "Total Cost": 832260.06, "Plan Rows": 575746, "Plan Width": 161, "Actual Startup Time": 0.087, "Actual Total Time": 9478.775, "Actual Rows": 573635, "Actual Loops": 1, "Inner Unique": true, "Plans": [{"Node Type": "Seq Scan", "Parent Relationship": "Outer", "Relation Name": "orders", "Alias": "orders", "Startup Cost": 578.97, "Total Cost": 501411.18, "Plan Rows": 575746, "Plan Width": 16, "Actual Startup Time": 0.047, "Actual Total Time": 5063.599, "Actual Rows": 573635, "Actual Loops": 1, "Filter": "((o_orderdate >= '1993-08-01 00:00:00'::timestamp(0) without time zone) AND (o_orderdate < '1993-11-01 00:00:00'::timestamp without time zone)), (LLVM Optimized, Jit Execute)", "Rows Removed by Filter": 14426365}, {"Node Type": "Index Scan", "Parent Relationship": "Inner", "Scan Direction": "Forward", "Index Name": "customer_pkey", "Relation Name": "customer", "Alias": "customer", "Startup Cost": 0.0, "Total Cost": 0.56, "Plan Rows": 1, "Plan Width": 153, "Actual Startup Time": 3887.269, "Actual Total Time": 3887.269, "Actual Rows": 573635, "Actual Loops": 573635, "Index Cond": "(c_custkey = orders.o_custkey)", "Rows Removed by Index Recheck": 0}]}, {"Node Type": "Index Scan", "Parent Relationship": "Inner", "Scan Direction": "Forward", "Index Name": "nation_pkey", "Relation Name": "nation", "Alias": "nation", "Startup Cost": 0.0, "Total Cost": 0.27, "Plan Rows": 1, "Plan Width": 30, "Actual Startup Time": 815.835, "Actual Total Time": 815.835, "Actual Rows": 573635, "Actual Loops": 573635, "Index Cond": "(n_nationkey = customer.c_nationkey)", "Rows Removed by Index Recheck": 0}]}, {"Node Type": "Index Scan", "Parent Relationship": "Inner", "Scan Direction": "Forward", "Index Name": "idx_lineitem_orderkey", "Relation Name": "lineitem", "Alias": "lineitem", "Startup Cost": 0.0, "Total Cost": 5.38, "Plan Rows": 3, "Plan Width": 24, "Actual Startup Time": 3790.744, "Actual Total Time": 5040.107, "Actual Rows": 1145969, "Actual Loops": 573635, "Index Cond": "(l_orderkey = orders.o_orderkey)", "Rows Removed by Index Recheck": 0, "Filter": "(l_returnflag = 'R'::bpchar)", "Rows Removed by Filter": 1146896}]}]}]}]}, "Triggers": [], "Planner Runtime": 0, "Total Runtime": 18679.837, "Unique SQL Id": 1604070524}}, "(1, 125)": {"explain_plan": {"Plan": {"Node Type": "Limit", "Startup Cost": 4503736.9, "Total Cost": 4503736.95, "Plan Rows": 20, "Plan Width": 191, "Plans": [{"Node Type": "Sort", "Parent Relationship": "Outer", "Startup Cost": 4503736.9, "Total Cost": 4507351.64, "Plan Rows": 20, "Plan Width": 191, "Sort Key": ["(sum((lineitem.l_extendedprice * (1::double precision - lineitem.l_discount)))) DESC"], "Plans": [{"Node Type": "Aggregate", "Strategy": "Hashed", "Parent Relationship": "Outer", "Startup Cost": 4450803.09, "Total Cost": 4465262.07, "Plan Rows": 1445898, "Plan Width": 191, "Group By Key": ["customer.c_custkey", "customer.c_name", "customer.c_acctbal", "customer.c_phone", "nation.n_name", "customer.c_address", "customer.c_comment"], "Plans": [{"Node Type": "Nested Loop", "Parent Relationship": "Outer", "Join Type": "Inner", "Startup Cost": 0.0, "Total Cost": 4414655.64, "Plan Rows": 1445898, "Plan Width": 191, "Inner Unique": false, "Plans": [{"Node Type": "Nested Loop", "Parent Relationship": "Outer", "Join Type": "Inner", "Startup Cost": 0.0, "Total Cost": 1298038.2, "Plan Rows": 575746, "Plan Width": 183, "Inner Unique": true, "Plans": [{"Node Type": "Nested Loop", "Parent Relationship": "Outer", "Join Type": "Inner", "Startup Cost": 0.0, "Total Cost": 1136824.71, "Plan Rows": 575746, "Plan Width": 161, "Inner Unique": true, "Plans": [{"Node Type": "Index Scan", "Parent Relationship": "Outer", "Scan Direction": "Forward", "Index Name": "orders_pkey", "Relation Name": "orders", "Alias": "orders", "Startup Cost": 0.0, "Total Cost": 805975.83, "Plan Rows": 575746, "Plan Width": 16, "Filter": "((o_orderdate >= '1993-08-01 00:00:00'::timestamp(0) without time zone) AND (o_orderdate < '1993-11-01 00:00:00'::timestamp without time zone)), (LLVM Optimized)"}, {"Node Type": "Index Scan", "Parent Relationship": "Inner", "Scan Direction": "Forward", "Index Name": "customer_pkey", "Relation Name": "customer", "Alias": "customer", "Startup Cost": 0.0, "Total Cost": 0.56, "Plan Rows": 1, "Plan Width": 153, "Index Cond": "(c_custkey = orders.o_custkey)"}]}, {"Node Type": "Index Scan", "Parent Relationship": "Inner", "Scan Direction": "Forward", "Index Name": "nation_pkey", "Relation Name": "nation", "Alias": "nation", "Startup Cost": 0.0, "Total Cost": 0.27, "Plan Rows": 1, "Plan Width": 30, "Index Cond": "(n_nationkey = customer.c_nationkey)"}]}, {"Node Type": "Index Scan", "Parent Relationship": "Inner", "Scan Direction": "Forward", "Index Name": "idx_lineitem_orderkey", "Relation Name": "lineitem", "Alias": "lineitem", "Startup Cost": 0.0, "Total Cost": 5.38, "Plan Rows": 3, "Plan Width": 24, "Index Cond": "(l_orderkey = orders.o_orderkey)", "Filter": "(l_returnflag = 'R'::bpchar)"}]}]}]}]}, "Unique SQL Id": 1604070524, "Planner Runtime": 0}, "explain_analyze_plan": {"Plan": {"Node Type": "Limit", "Startup Cost": 4503736.9, "Total Cost": 4503736.95, "Plan Rows": 20, "Plan Width": 191, "Actual Startup Time": 24177.69, "Actual Total Time": 24177.696, "Actual Rows": 20, "Actual Loops": 1, "Plans": [{"Node Type": "Sort", "Parent Relationship": "Outer", "Startup Cost": 4503736.9, "Total Cost": 4507351.64, "Plan Rows": 20, "Plan Width": 191, "Actual Startup Time": 24177.687, "Actual Total Time": 24177.691, "Actual Rows": 20, "Actual Loops": 1, "Sort Key": ["(sum((lineitem.l_extendedprice * (1::double precision - lineitem.l_discount)))) DESC"], "Sort Method": "top-N heapsort", "Sort Space Used": 35, "Sort Space Type": "Memory", "Plans": [{"Node Type": "Aggregate", "Strategy": "Hashed", "Parent Relationship": "Outer", "Startup Cost": 4450803.09, "Total Cost": 4465262.07, "Plan Rows": 1445898, "Plan Width": 191, "Actual Startup Time": 23843.314, "Actual Total Time": 24042.891, "Actual Rows": 381542, "Actual Loops": 1, "Group By Key": ["customer.c_custkey", "customer.c_name", "customer.c_acctbal", "customer.c_phone", "nation.n_name", "customer.c_address", "customer.c_comment"], "Plans": [{"Node Type": "Nested Loop", "Parent Relationship": "Outer", "Join Type": "Inner", "Startup Cost": 0.0, "Total Cost": 4414655.64, "Plan Rows": 1445898, "Plan Width": 191, "Actual Startup Time": 0.12, "Actual Total Time": 21892.164, "Actual Rows": 1145969, "Actual Loops": 1, "Inner Unique": false, "Plans": [{"Node Type": "Nested Loop", "Parent Relationship": "Outer", "Join Type": "Inner", "Startup Cost": 0.0, "Total Cost": 1298038.2, "Plan Rows": 575746, "Plan Width": 183, "Actual Startup Time": 0.099, "Actual Total Time": 16176.775, "Actual Rows": 573635, "Actual Loops": 1, "Inner Unique": true, "Plans": [{"Node Type": "Nested Loop", "Parent Relationship": "Outer", "Join Type": "Inner", "Startup Cost": 0.0, "Total Cost": 1136824.71, "Plan Rows": 575746, "Plan Width": 161, "Actual Startup Time": 0.091, "Actual Total Time": 14898.555, "Actual Rows": 573635, "Actual Loops": 1, "Inner Unique": true, "Plans": [{"Node Type": "Index Scan", "Parent Relationship": "Outer", "Scan Direction": "Forward", "Index Name": "orders_pkey", "Relation Name": "orders", "Alias": "orders", "Startup Cost": 0.0, "Total Cost": 805975.83, "Plan Rows": 575746, "Plan Width": 16, "Actual Startup Time": 0.067, "Actual Total Time": 10397.112, "Actual Rows": 573635, "Actual Loops": 1, "Filter": "((o_orderdate >= '1993-08-01 00:00:00'::timestamp(0) without time zone) AND (o_orderdate < '1993-11-01 00:00:00'::timestamp without time zone)), (LLVM Optimized, Jit Execute)", "Rows Removed by Filter": 14426365}, {"Node Type": "Index Scan", "Parent Relationship": "Inner", "Scan Direction": "Forward", "Index Name": "customer_pkey", "Relation Name": "customer", "Alias": "customer", "Startup Cost": 0.0, "Total Cost": 0.56, "Plan Rows": 1, "Plan Width": 153, "Actual Startup Time": 3948.889, "Actual Total Time": 3948.889, "Actual Rows": 573635, "Actual Loops": 573635, "Index Cond": "(c_custkey = orders.o_custkey)", "Rows Removed by Index Recheck": 0}]}, {"Node Type": "Index Scan", "Parent Relationship": "Inner", "Scan Direction": "Forward", "Index Name": "nation_pkey", "Relation Name": "nation", "Alias": "nation", "Startup Cost": 0.0, "Total Cost": 0.27, "Plan Rows": 1, "Plan Width": 30, "Actual Startup Time": 807.607, "Actual Total Time": 807.607, "Actual Rows": 573635, "Actual Loops": 573635, "Index Cond": "(n_nationkey = customer.c_nationkey)", "Rows Removed by Index Recheck": 0}]}, {"Node Type": "Index Scan", "Parent Relationship": "Inner", "Scan Direction": "Forward", "Index Name": "idx_lineitem_orderkey", "Relation Name": "lineitem", "Alias": "lineitem", "Startup Cost": 0.0, "Total Cost": 5.38, "Plan Rows": 3, "Plan Width": 24, "Actual Startup Time": 3842.066, "Actual Total Time": 5108.604, "Actual Rows": 1145969, "Actual Loops": 573635, "Index Cond": "(l_orderkey = orders.o_orderkey)", "Rows Removed by Index Recheck": 0, "Filter": "(l_returnflag = 'R'::bpchar)", "Rows Removed by Filter": 1146896}]}]}]}]}, "Triggers": [], "Planner Runtime": 0, "Total Runtime": 24187.454, "Unique SQL Id": 1604070524}}, "(1, 126)": {"explain_plan": {"Plan": {"Node Type": "Limit", "Startup Cost": 141076995099.86, "Total Cost": 141076995099.91, "Plan Rows": 20, "Plan Width": 191, "Plans": [{"Node Type": "Sort", "Parent Relationship": "Outer", "Startup Cost": 141076995099.86, "Total Cost": 141076998714.6, "Plan Rows": 20, "Plan Width": 191, "Sort Key": ["(sum((lineitem.l_extendedprice * (1::double precision - lineitem.l_discount)))) DESC"], "Plans": [{"Node Type": "Aggregate", "Strategy": "Hashed", "Parent Relationship": "Outer", "Startup Cost": 141076942166.05, "Total Cost": 141076956625.03, "Plan Rows": 1445898, "Plan Width": 191, "Group By Key": ["customer.c_custkey", "customer.c_name", "customer.c_acctbal", "customer.c_phone", "nation.n_name", "customer.c_address", "customer.c_comment"], "Plans": [{"Node Type": "Nested Loop", "Parent Relationship": "Outer", "Join Type": "Inner", "Startup Cost": 578.97, "Total Cost": 141076906018.6, "Plan Rows": 1445898, "Plan Width": 191, "Inner Unique": false, "Join Filter": "(orders.o_orderkey = lineitem.l_orderkey), (LLVM Optimized)", "Plans": [{"Node Type": "Seq Scan", "Parent Relationship": "Outer", "Relation Name": "lineitem", "Alias": "lineitem", "Startup Cost": 0.0, "Total Cost": 2165082.91, "Plan Rows": 14835209, "Plan Width": 24, "Filter": "(l_returnflag = 'R'::bpchar), (LLVM Optimized)"}, {"Node Type": "Materialize", "Parent Relationship": "Inner", "Startup Cost": 578.97, "Total Cost": 12955058761.34, "Plan Rows": 575746, "Plan Width": 183, "Plans": [{"Node Type": "Nested Loop", "Parent Relationship": "Outer", "Join Type": "Inner", "Startup Cost": 578.97, "Total Cost": 12955055882.61, "Plan Rows": 575746, "Plan Width": 183, "Inner Unique": true, "Join Filter": "(customer.c_nationkey = nation.n_nationkey), (LLVM Optimized)", "Plans": [{"Node Type": "Nested Loop", "Parent Relationship": "Outer", "Join Type": "Inner", "Startup Cost": 578.97, "Total Cost": 12954839976.55, "Plan Rows": 575746, "Plan Width": 161, "Inner Unique": false, "Join Filter": "(customer.c_custkey = orders.o_custkey), (LLVM Optimized)", "Plans": [{"Node Type": "Seq Scan", "Parent Relationship": "Outer", "Relation Name": "customer", "Alias": "customer", "Startup Cost": 0.0, "Total Cost": 52126.0, "Plan Rows": 1500000, "Plan Width": 153}, {"Node Type": "Materialize", "Parent Relationship": "Inner", "Startup Cost": 578.97, "Total Cost": 504289.91, "Plan Rows": 575746, "Plan Width": 16, "Plans": [{"Node Type": "Seq Scan", "Parent Relationship": "Outer", "Relation Name": "orders", "Alias": "orders", "Startup Cost": 578.97, "Total Cost": 501411.18, "Plan Rows": 575746, "Plan Width": 16, "Filter": "((o_orderdate >= '1993-08-01 00:00:00'::timestamp(0) without time zone) AND (o_orderdate < '1993-11-01 00:00:00'::timestamp without time zone)), (LLVM Optimized)"}]}]}, {"Node Type": "Materialize", "Parent Relationship": "Inner", "Startup Cost": 0.0, "Total Cost": 1.38, "Plan Rows": 25, "Plan Width": 30, "Plans": [{"Node Type": "Seq Scan", "Parent Relationship": "Outer", "Relation Name": "nation", "Alias": "nation", "Startup Cost": 0.0, "Total Cost": 1.25, "Plan Rows": 25, "Plan Width": 30}]}]}]}]}]}]}]}, "Unique SQL Id": 1604070524, "Planner Runtime": 0}, "explain_analyze_plan": null}, "(1, 127)": {"explain_plan": {"Plan": {"Node Type": "Limit", "Startup Cost": 4141501966303.01, "Total Cost": 4141501966303.06, "Plan Rows": 20, "Plan Width": 191, "Plans": [{"Node Type": "Sort", "Parent Relationship": "Outer", "Startup Cost": 4141501966303.01, "Total Cost": 4141501969917.76, "Plan Rows": 20, "Plan Width": 191, "Sort Key": ["(sum((lineitem.l_extendedprice * (1::double precision - lineitem.l_discount)))) DESC"], "Plans": [{"Node Type": "Aggregate", "Strategy": "Hashed", "Parent Relationship": "Outer", "Startup Cost": 4141501913369.21, "Total Cost": 4141501927828.19, "Plan Rows": 1445898, "Plan Width": 191, "Group By Key": ["customer.c_custkey", "customer.c_name", "customer.c_acctbal", "customer.c_phone", "nation.n_name", "customer.c_address", "customer.c_comment"], "Plans": [{"Node Type": "Nested Loop", "Parent Relationship": "Outer", "Join Type": "Inner", "Startup Cost": 40000000000.0, "Total Cost": 4141501877221.76, "Plan Rows": 1445898, "Plan Width": 191, "Inner Unique": false, "Join Filter": "(orders.o_orderkey = lineitem.l_orderkey), (LLVM Optimized)", "Plans": [{"Node Type": "Index Scan", "Parent Relationship": "Outer", "Scan Direction": "Forward", "Index Name": "idx_lineitem_orderkey", "Relation Name": "lineitem", "Alias": "lineitem", "Startup Cost": 10000000000.0, "Total Cost": 1000339012132.75, "Plan Rows": 14835209, "Plan Width": 24, "Filter": "(l_returnflag = 'R'::bpchar), (LLVM Optimized)"}, {"Node Type": "Materialize", "Parent Relationship": "Inner", "Startup Cost": 30000000000.0, "Total Cost": 3013043182914.66, "Plan Rows": 575746, "Plan Width": 183, "Plans": [{"Node Type": "Nested Loop", "Parent Relationship": "Outer", "Join Type": "Inner", "Startup Cost": 30000000000.0, "Total Cost": 3013043180035.93, "Plan Rows": 575746, "Plan Width": 183, "Inner Unique": true, "Join Filter": "(customer.c_nationkey = nation.n_nationkey), (LLVM Optimized)", "Plans": [{"Node Type": "Nested Loop", "Parent Relationship": "Outer", "Join Type": "Inner", "Startup Cost": 20000000000.0, "Total Cost": 2013042962868.62, "Plan Rows": 575746, "Plan Width": 161, "Inner Unique": true, "Join Filter": "(customer.c_custkey = orders.o_custkey), (LLVM Optimized)", "Plans": [{"Node Type": "Index Scan", "Parent Relationship": "Outer", "Scan Direction": "Forward", "Index Name": "orders_pkey", "Relation Name": "orders", "Alias": "orders", "Startup Cost": 10000000000.0, "Total Cost": 1000080597583.0, "Plan Rows": 575746, "Plan Width": 16, "Filter": "((o_orderdate >= '1993-08-01 00:00:00'::timestamp(0) without time zone) AND (o_orderdate < '1993-11-01 00:00:00'::timestamp without time zone)), (LLVM Optimized)"}, {"Node Type": "Materialize", "Parent Relationship": "Inner", "Startup Cost": 10000000000.0, "Total Cost": 1000008084035.62, "Plan Rows": 1500000, "Plan Width": 153, "Plans": [{"Node Type": "Index Scan", "Parent Relationship": "Outer", "Scan Direction": "Forward", "Index Name": "customer_pkey", "Relation Name": "customer", "Alias": "customer", "Startup Cost": 10000000000.0, "Total Cost": 1000008076535.62, "Plan Rows": 1500000, "Plan Width": 153}]}]}, {"Node Type": "Materialize", "Parent Relationship": "Inner", "Startup Cost": 10000000000.0, "Total Cost": 1000000001262.62, "Plan Rows": 25, "Plan Width": 30, "Plans": [{"Node Type": "Index Scan", "Parent Relationship": "Outer", "Scan Direction": "Forward", "Index Name": "nation_pkey", "Relation Name": "nation", "Alias": "nation", "Startup Cost": 10000000000.0, "Total Cost": 1000000001262.5, "Plan Rows": 25, "Plan Width": 30}]}]}]}]}]}]}]}, "Unique SQL Id": 1604070524, "Planner Runtime": 0}, "explain_analyze_plan": null}, "(16, 0)": {"explain_plan": {"Plan": {"Node Type": "Limit", "Startup Cost": 2741876.6, "Total Cost": 2741876.65, "Plan Rows": 20, "Plan Width": 199, "Plans": [{"Node Type": "Sort", "Parent Relationship": "Outer", "Startup Cost": 2741876.6, "Total Cost": 2745491.35, "Plan Rows": 20, "Plan Width": 199, "Sort Key": ["(sum((lineitem.l_extendedprice * (1::double precision - lineitem.l_discount)))) DESC"], "Plans": [{"Node Type": "Aggregate", "Strategy": "Hashed", "Parent Relationship": "Outer", "Startup Cost": 2688942.8, "Total Cost": 2703401.78, "Plan Rows": 1445898, "Plan Width": 199, "Group By Key": ["customer.c_custkey", "customer.c_name", "customer.c_acctbal", "customer.c_phone", "nation.n_name", "customer.c_address", "customer.c_comment"], "Plans": [{"Node Type": "Hash Join", "Parent Relationship": "Outer", "Join Type": "Inner", "Startup Cost": 377859.22, "Total Cost": 2652795.35, "Plan Rows": 1445898, "Plan Width": 191, "Inner Unique": true, "Hash Cond": "(customer.c_nationkey = nation.n_nationkey), (LLVM Optimized)", "Plans": [{"Node Type": "Hash Join", "Parent Relationship": "Outer", "Join Type": "Inner", "Startup Cost": 377857.66, "Total Cost": 2632912.69, "Plan Rows": 1445898, "Plan Width": 169, "Inner Unique": true, "Hash Cond": "(orders.o_custkey = customer.c_custkey), (LLVM Optimized)", "Plans": [{"Node Type": "Hash Join", "Parent Relationship": "Outer", "Join Type": "Inner", "Startup Cost": 306981.66, "Total Cost": 2542155.59, "Plan Rows": 1445898, "Plan Width": 24, "Inner Unique": true, "Hash Cond": "(lineitem.l_orderkey = orders.o_orderkey), (LLVM Optimized)", "Plans": [{"Node Type": "Seq Scan", "Parent Relationship": "Outer", "Relation Name": "lineitem", "Alias": "lineitem", "Startup Cost": 0.0, "Total Cost": 2165082.91, "Plan Rows": 14835209, "Plan Width": 24, "Filter": "(l_returnflag = 'R'::bpchar), (LLVM Optimized)"}, {"Node Type": "Hash", "Parent Relationship": "Inner", "Startup Cost": 299784.84, "Total Cost": 299784.84, "Plan Rows": 575746, "Plan Width": 16, "Plans": [{"Node Type": "Bitmap Heap Scan", "Parent Relationship": "Outer", "Relation Name": "orders", "Alias": "orders", "Startup Cost": 14729.65, "Total Cost": 299784.84, "Plan Rows": 575746, "Plan Width": 16, "Recheck Cond": "((o_orderdate >= '1993-08-01 00:00:00'::timestamp(0) without time zone) AND (o_orderdate < '1993-11-01 00:00:00'::timestamp without time zone)), (LLVM Optimized)", "Plans": [{"Node Type": "Bitmap Index Scan", "Parent Relationship": "Outer", "Index Name": "idx_orders_orderdate", "Startup Cost": 0.0, "Total Cost": 14585.71, "Plan Rows": 575746, "Plan Width": 0, "Index Cond": "((o_orderdate >= '1993-08-01 00:00:00'::timestamp(0) without time zone) AND (o_orderdate < '1993-11-01 00:00:00'::timestamp without time zone))"}]}]}]}, {"Node Type": "Hash", "Parent Relationship": "Inner", "Startup Cost": 52126.0, "Total Cost": 52126.0, "Plan Rows": 1500000, "Plan Width": 153, "Plans": [{"Node Type": "Seq Scan", "Parent Relationship": "Outer", "Relation Name": "customer", "Alias": "customer", "Startup Cost": 0.0, "Total Cost": 52126.0, "Plan Rows": 1500000, "Plan Width": 153}]}]}, {"Node Type": "Hash", "Parent Relationship": "Inner", "Startup Cost": 1.25, "Total Cost": 1.25, "Plan Rows": 25, "Plan Width": 30, "Plans": [{"Node Type": "Seq Scan", "Parent Relationship": "Outer", "Relation Name": "nation", "Alias": "nation", "Startup Cost": 0.0, "Total Cost": 1.25, "Plan Rows": 25, "Plan Width": 30}]}]}]}]}]}, "Unique SQL Id": 1604070524, "Planner Runtime": 2}, "explain_analyze_plan": {"Plan": {"Node Type": "Limit", "Startup Cost": 2741876.6, "Total Cost": 2741876.65, "Plan Rows": 20, "Plan Width": 199, "Actual Startup Time": 32366.791, "Actual Total Time": 32366.797, "Actual Rows": 20, "Actual Loops": 1, "Plans": [{"Node Type": "Sort", "Parent Relationship": "Outer", "Startup Cost": 2741876.6, "Total Cost": 2745491.35, "Plan Rows": 20, "Plan Width": 199, "Actual Startup Time": 32366.788, "Actual Total Time": 32366.792, "Actual Rows": 20, "Actual Loops": 1, "Sort Key": ["(sum((lineitem.l_extendedprice * (1::double precision - lineitem.l_discount)))) DESC"], "Sort Method": "top-N heapsort", "Sort Space Used": 35, "Sort Space Type": "Memory", "Plans": [{"Node Type": "Aggregate", "Strategy": "Hashed", "Parent Relationship": "Outer", "Startup Cost": 2688942.8, "Total Cost": 2703401.78, "Plan Rows": 1445898, "Plan Width": 199, "Actual Startup Time": 31978.233, "Actual Total Time": 32230.896, "Actual Rows": 381542, "Actual Loops": 1, "Group By Key": ["customer.c_custkey", "customer.c_name", "customer.c_acctbal", "customer.c_phone", "nation.n_name", "customer.c_address", "customer.c_comment"], "Plans": [{"Node Type": "Hash Join", "Parent Relationship": "Outer", "Join Type": "Inner", "Startup Cost": 377859.22, "Total Cost": 2652795.35, "Plan Rows": 1445898, "Plan Width": 191, "Actual Startup Time": 2668.375, "Actual Total Time": 30150.047, "Actual Rows": 1145969, "Actual Loops": 1, "Inner Unique": true, "Hash Cond": "(customer.c_nationkey = nation.n_nationkey), (LLVM Optimized, Jit Execute)", "Plans": [{"Node Type": "Hash Join", "Parent Relationship": "Outer", "Join Type": "Inner", "Startup Cost": 377857.66, "Total Cost": 2632912.69, "Plan Rows": 1445898, "Plan Width": 169, "Actual Startup Time": 2668.286, "Actual Total Time": 29684.602, "Actual Rows": 1145969, "Actual Loops": 1, "Inner Unique": true, "Hash Cond": "(orders.o_custkey = customer.c_custkey), (LLVM Optimized, Jit Execute)", "Plans": [{"Node Type": "Hash Join", "Parent Relationship": "Outer", "Join Type": "Inner", "Startup Cost": 306981.66, "Total Cost": 2542155.59, "Plan Rows": 1445898, "Plan Width": 24, "Actual Startup Time": 1386.463, "Actual Total Time": 27642.574, "Actual Rows": 1145969, "Actual Loops": 1, "Inner Unique": true, "Hash Cond": "(lineitem.l_orderkey = orders.o_orderkey), (LLVM Optimized, Jit Execute)", "Plans": [{"Node Type": "Seq Scan", "Parent Relationship": "Outer", "Relation Name": "lineitem", "Alias": "lineitem", "Startup Cost": 0.0, "Total Cost": 2165082.91, "Plan Rows": 14835209, "Plan Width": 24, "Actual Startup Time": 0.021, "Actual Total Time": 22090.21, "Actual Rows": 14808183, "Actual Loops": 1, "Filter": "(l_returnflag = 'R'::bpchar), (LLVM Optimized, Jit Execute)", "Rows Removed by Filter": 45177869}, {"Node Type": "Hash", "Parent Relationship": "Inner", "Startup Cost": 299784.84, "Total Cost": 299784.84, "Plan Rows": 575746, "Plan Width": 16, "Actual Startup Time": 1385.671, "Actual Total Time": 1385.671, "Actual Rows": 573635, "Actual Loops": 1, "Hash Buckets": 1048576, "Hash Batches": 1, "Original Hash Batches": 1, "Peak Memory Usage": 26890, "Plans": [{"Node Type": "Bitmap Heap Scan", "Parent Relationship": "Outer", "Relation Name": "orders", "Alias": "orders", "Startup Cost": 14729.65, "Total Cost": 299784.84, "Plan Rows": 575746, "Plan Width": 16, "Actual Startup Time": 280.557, "Actual Total Time": 1156.886, "Actual Rows": 573635, "Actual Loops": 1, "Recheck Cond": "((o_orderdate >= '1993-08-01 00:00:00'::timestamp(0) without time zone) AND (o_orderdate < '1993-11-01 00:00:00'::timestamp without time zone)), (LLVM Optimized, Jit Execute)", "Rows Removed by Index Recheck": 0, "Exact Heap Blocks": 242860, "Lossy Heap Blocks": 242860, "Plans": [{"Node Type": "Bitmap Index Scan", "Parent Relationship": "Outer", "Index Name": "idx_orders_orderdate", "Startup Cost": 0.0, "Total Cost": 14585.71, "Plan Rows": 575746, "Plan Width": 0, "Actual Startup Time": 199.97, "Actual Total Time": 199.97, "Actual Rows": 573635, "Actual Loops": 1, "Index Cond": "((o_orderdate >= '1993-08-01 00:00:00'::timestamp(0) without time zone) AND (o_orderdate < '1993-11-01 00:00:00'::timestamp without time zone))"}]}]}]}, {"Node Type": "Hash", "Parent Relationship": "Inner", "Startup Cost": 52126.0, "Total Cost": 52126.0, "Plan Rows": 1500000, "Plan Width": 153, "Actual Startup Time": 1280.614, "Actual Total Time": 1280.614, "Actual Rows": 1500000, "Actual Loops": 1, "Hash Buckets": 2097152, "Hash Batches": 1, "Original Hash Batches": 1, "Peak Memory Usage": 282695, "Plans": [{"Node Type": "Seq Scan", "Parent Relationship": "Outer", "Relation Name": "customer", "Alias": "customer", "Startup Cost": 0.0, "Total Cost": 52126.0, "Plan Rows": 1500000, "Plan Width": 153, "Actual Startup Time": 0.017, "Actual Total Time": 610.086, "Actual Rows": 1500000, "Actual Loops": 1}]}]}, {"Node Type": "Hash", "Parent Relationship": "Inner", "Startup Cost": 1.25, "Total Cost": 1.25, "Plan Rows": 25, "Plan Width": 30, "Actual Startup Time": 0.042, "Actual Total Time": 0.042, "Actual Rows": 25, "Actual Loops": 1, "Hash Buckets": 32768, "Hash Batches": 1, "Original Hash Batches": 1, "Peak Memory Usage": 2, "Plans": [{"Node Type": "Seq Scan", "Parent Relationship": "Outer", "Relation Name": "nation", "Alias": "nation", "Startup Cost": 0.0, "Total Cost": 1.25, "Plan Rows": 25, "Plan Width": 30, "Actual Startup Time": 0.019, "Actual Total Time": 0.025, "Actual Rows": 25, "Actual Loops": 1}]}]}]}]}]}, "Triggers": [], "Planner Runtime": 1, "Total Runtime": 32378.341, "Unique SQL Id": 1604070524}}, "(16, 1)": {"explain_plan": {"Plan": {"Node Type": "Limit", "Startup Cost": 3620844.85, "Total Cost": 3620844.9, "Plan Rows": 20, "Plan Width": 199, "Plans": [{"Node Type": "Sort", "Parent Relationship": "Outer", "Startup Cost": 3620844.85, "Total Cost": 3624459.59, "Plan Rows": 20, "Plan Width": 199, "Sort Key": ["(sum((lineitem.l_extendedprice * (1::double precision - lineitem.l_discount)))) DESC"], "Plans": [{"Node Type": "Aggregate", "Strategy": "Hashed", "Parent Relationship": "Outer", "Startup Cost": 3567911.04, "Total Cost": 3582370.02, "Plan Rows": 1445898, "Plan Width": 199, "Group By Key": ["customer.c_custkey", "customer.c_name", "customer.c_acctbal", "customer.c_phone", "nation.n_name", "customer.c_address", "customer.c_comment"], "Plans": [{"Node Type": "Nested Loop", "Parent Relationship": "Outer", "Join Type": "Inner", "Startup Cost": 114257.94, "Total Cost": 3531763.59, "Plan Rows": 1445898, "Plan Width": 191, "Inner Unique": false, "Plans": [{"Node Type": "Hash Join", "Parent Relationship": "Outer", "Join Type": "Inner", "Startup Cost": 114257.94, "Total Cost": 415146.15, "Plan Rows": 575746, "Plan Width": 183, "Inner Unique": true, "Hash Cond": "(customer.c_nationkey = nation.n_nationkey), (LLVM Optimized)", "Plans": [{"Node Type": "Hash Join", "Parent Relationship": "Outer", "Join Type": "Inner", "Startup Cost": 114245.0, "Total Cost": 407216.7, "Plan Rows": 575746, "Plan Width": 161, "Inner Unique": true, "Hash Cond": "(orders.o_custkey = customer.c_custkey), (LLVM Optimized)", "Plans": [{"Node Type": "Bitmap Heap Scan", "Parent Relationship": "Outer", "Relation Name": "orders", "Alias": "orders", "Startup Cost": 14729.65, "Total Cost": 299784.84, "Plan Rows": 575746, "Plan Width": 16, "Recheck Cond": "((o_orderdate >= '1993-08-01 00:00:00'::timestamp(0) without time zone) AND (o_orderdate < '1993-11-01 00:00:00'::timestamp without time zone)), (LLVM Optimized)", "Plans": [{"Node Type": "Bitmap Index Scan", "Parent Relationship": "Outer", "Index Name": "idx_orders_orderdate", "Startup Cost": 0.0, "Total Cost": 14585.71, "Plan Rows": 575746, "Plan Width": 0, "Index Cond": "((o_orderdate >= '1993-08-01 00:00:00'::timestamp(0) without time zone) AND (o_orderdate < '1993-11-01 00:00:00'::timestamp without time zone))"}]}, {"Node Type": "Hash", "Parent Relationship": "Inner", "Startup Cost": 80765.36, "Total Cost": 80765.36, "Plan Rows": 1500000, "Plan Width": 153, "Plans": [{"Node Type": "Index Scan", "Parent Relationship": "Outer", "Scan Direction": "Forward", "Index Name": "customer_pkey", "Relation Name": "customer", "Alias": "customer", "Startup Cost": 0.0, "Total Cost": 80765.36, "Plan Rows": 1500000, "Plan Width": 153}]}]}, {"Node Type": "Hash", "Parent Relationship": "Inner", "Startup Cost": 12.62, "Total Cost": 12.62, "Plan Rows": 25, "Plan Width": 30, "Plans": [{"Node Type": "Index Scan", "Parent Relationship": "Outer", "Scan Direction": "Forward", "Index Name": "nation_pkey", "Relation Name": "nation", "Alias": "nation", "Startup Cost": 0.0, "Total Cost": 12.62, "Plan Rows": 25, "Plan Width": 30}]}]}, {"Node Type": "Index Scan", "Parent Relationship": "Inner", "Scan Direction": "Forward", "Index Name": "idx_lineitem_orderkey", "Relation Name": "lineitem", "Alias": "lineitem", "Startup Cost": 0.0, "Total Cost": 5.38, "Plan Rows": 3, "Plan Width": 24, "Index Cond": "(l_orderkey = orders.o_orderkey)", "Filter": "(l_returnflag = 'R'::bpchar)"}]}]}]}]}, "Unique SQL Id": 1604070524, "Planner Runtime": 2}, "explain_analyze_plan": {"Plan": {"Node Type": "Limit", "Startup Cost": 3620844.85, "Total Cost": 3620844.9, "Plan Rows": 20, "Plan Width": 199, "Actual Startup Time": 14339.291, "Actual Total Time": 14339.3, "Actual Rows": 20, "Actual Loops": 1, "Plans": [{"Node Type": "Sort", "Parent Relationship": "Outer", "Startup Cost": 3620844.85, "Total Cost": 3624459.59, "Plan Rows": 20, "Plan Width": 199, "Actual Startup Time": 14339.286, "Actual Total Time": 14339.292, "Actual Rows": 20, "Actual Loops": 1, "Sort Key": ["(sum((lineitem.l_extendedprice * (1::double precision - lineitem.l_discount)))) DESC"], "Sort Method": "top-N heapsort", "Sort Space Used": 35, "Sort Space Type": "Memory", "Plans": [{"Node Type": "Aggregate", "Strategy": "Hashed", "Parent Relationship": "Outer", "Startup Cost": 3567911.04, "Total Cost": 3582370.02, "Plan Rows": 1445898, "Plan Width": 199, "Actual Startup Time": 13930.126, "Actual Total Time": 14202.669, "Actual Rows": 381542, "Actual Loops": 1, "Group By Key": ["customer.c_custkey", "customer.c_name", "customer.c_acctbal", "customer.c_phone", "nation.n_name", "customer.c_address", "customer.c_comment"], "Plans": [{"Node Type": "Nested Loop", "Parent Relationship": "Outer", "Join Type": "Inner", "Startup Cost": 114257.94, "Total Cost": 3531763.59, "Plan Rows": 1445898, "Plan Width": 191, "Actual Startup Time": 2113.963, "Actual Total Time": 12023.546, "Actual Rows": 1145969, "Actual Loops": 1, "Inner Unique": false, "Plans": [{"Node Type": "Hash Join", "Parent Relationship": "Outer", "Join Type": "Inner", "Startup Cost": 114257.94, "Total Cost": 415146.15, "Plan Rows": 575746, "Plan Width": 183, "Actual Startup Time": 2113.905, "Actual Total Time": 3925.924, "Actual Rows": 573635, "Actual Loops": 1, "Inner Unique": true, "Hash Cond": "(customer.c_nationkey = nation.n_nationkey), (LLVM Optimized, Jit Execute)", "Plans": [{"Node Type": "Hash Join", "Parent Relationship": "Outer", "Join Type": "Inner", "Startup Cost": 114245.0, "Total Cost": 407216.7, "Plan Rows": 575746, "Plan Width": 161, "Actual Startup Time": 2113.798, "Actual Total Time": 3672.375, "Actual Rows": 573635, "Actual Loops": 1, "Inner Unique": true, "Hash Cond": "(orders.o_custkey = customer.c_custkey), (LLVM Optimized, Jit Execute)", "Plans": [{"Node Type": "Bitmap Heap Scan", "Parent Relationship": "Outer", "Relation Name": "orders", "Alias": "orders", "Startup Cost": 14729.65, "Total Cost": 299784.84, "Plan Rows": 575746, "Plan Width": 16, "Actual Startup Time": 255.306, "Actual Total Time": 1209.216, "Actual Rows": 573635, "Actual Loops": 1, "Recheck Cond": "((o_orderdate >= '1993-08-01 00:00:00'::timestamp(0) without time zone) AND (o_orderdate < '1993-11-01 00:00:00'::timestamp without time zone)), (LLVM Optimized, Jit Execute)", "Rows Removed by Index Recheck": 0, "Exact Heap Blocks": 242860, "Lossy Heap Blocks": 242860, "Plans": [{"Node Type": "Bitmap Index Scan", "Parent Relationship": "Outer", "Index Name": "idx_orders_orderdate", "Startup Cost": 0.0, "Total Cost": 14585.71, "Plan Rows": 575746, "Plan Width": 0, "Actual Startup Time": 180.492, "Actual Total Time": 180.492, "Actual Rows": 573635, "Actual Loops": 1, "Index Cond": "((o_orderdate >= '1993-08-01 00:00:00'::timestamp(0) without time zone) AND (o_orderdate < '1993-11-01 00:00:00'::timestamp without time zone))"}]}, {"Node Type": "Hash", "Parent Relationship": "Inner", "Startup Cost": 80765.36, "Total Cost": 80765.36, "Plan Rows": 1500000, "Plan Width": 153, "Actual Startup Time": 1857.226, "Actual Total Time": 1857.226, "Actual Rows": 1500000, "Actual Loops": 1, "Hash Buckets": 2097152, "Hash Batches": 1, "Original Hash Batches": 1, "Peak Memory Usage": 282695, "Plans": [{"Node Type": "Index Scan", "Parent Relationship": "Outer", "Scan Direction": "Forward", "Index Name": "customer_pkey", "Relation Name": "customer", "Alias": "customer", "Startup Cost": 0.0, "Total Cost": 80765.36, "Plan Rows": 1500000, "Plan Width": 153, "Actual Startup Time": 0.043, "Actual Total Time": 1157.899, "Actual Rows": 1500000, "Actual Loops": 1}]}]}, {"Node Type": "Hash", "Parent Relationship": "Inner", "Startup Cost": 12.62, "Total Cost": 12.62, "Plan Rows": 25, "Plan Width": 30, "Actual Startup Time": 0.051, "Actual Total Time": 0.051, "Actual Rows": 25, "Actual Loops": 1, "Hash Buckets": 32768, "Hash Batches": 1, "Original Hash Batches": 1, "Peak Memory Usage": 2, "Plans": [{"Node Type": "Index Scan", "Parent Relationship": "Outer", "Scan Direction": "Forward", "Index Name": "nation_pkey", "Relation Name": "nation", "Alias": "nation", "Startup Cost": 0.0, "Total Cost": 12.62, "Plan Rows": 25, "Plan Width": 30, "Actual Startup Time": 0.019, "Actual Total Time": 0.034, "Actual Rows": 25, "Actual Loops": 1}]}]}, {"Node Type": "Index Scan", "Parent Relationship": "Inner", "Scan Direction": "Forward", "Index Name": "idx_lineitem_orderkey", "Relation Name": "lineitem", "Alias": "lineitem", "Startup Cost": 0.0, "Total Cost": 5.38, "Plan Rows": 3, "Plan Width": 24, "Actual Startup Time": 6123.392, "Actual Total Time": 7438.708, "Actual Rows": 1145969, "Actual Loops": 573635, "Index Cond": "(l_orderkey = orders.o_orderkey)", "Rows Removed by Index Recheck": 0, "Filter": "(l_returnflag = 'R'::bpchar)", "Rows Removed by Filter": 1146896}]}]}]}]}, "Triggers": [], "Planner Runtime": 1, "Total Runtime": 14350.386, "Unique SQL Id": 1604070524}}, "(16, 2)": {"explain_plan": {"Plan": {"Node Type": "Limit", "Startup Cost": 2741876.6, "Total Cost": 2741876.65, "Plan Rows": 20, "Plan Width": 199, "Plans": [{"Node Type": "Sort", "Parent Relationship": "Outer", "Startup Cost": 2741876.6, "Total Cost": 2745491.35, "Plan Rows": 20, "Plan Width": 199, "Sort Key": ["(sum((lineitem.l_extendedprice * (1::double precision - lineitem.l_discount)))) DESC"], "Plans": [{"Node Type": "Aggregate", "Strategy": "Hashed", "Parent Relationship": "Outer", "Startup Cost": 2688942.8, "Total Cost": 2703401.78, "Plan Rows": 1445898, "Plan Width": 199, "Group By Key": ["customer.c_custkey", "customer.c_name", "customer.c_acctbal", "customer.c_phone", "nation.n_name", "customer.c_address", "customer.c_comment"], "Plans": [{"Node Type": "Hash Join", "Parent Relationship": "Outer", "Join Type": "Inner", "Startup Cost": 377859.22, "Total Cost": 2652795.35, "Plan Rows": 1445898, "Plan Width": 191, "Inner Unique": true, "Hash Cond": "(customer.c_nationkey = nation.n_nationkey), (LLVM Optimized)", "Plans": [{"Node Type": "Hash Join", "Parent Relationship": "Outer", "Join Type": "Inner", "Startup Cost": 377857.66, "Total Cost": 2632912.69, "Plan Rows": 1445898, "Plan Width": 169, "Inner Unique": true, "Hash Cond": "(orders.o_custkey = customer.c_custkey), (LLVM Optimized)", "Plans": [{"Node Type": "Hash Join", "Parent Relationship": "Outer", "Join Type": "Inner", "Startup Cost": 306981.66, "Total Cost": 2542155.59, "Plan Rows": 1445898, "Plan Width": 24, "Inner Unique": true, "Hash Cond": "(lineitem.l_orderkey = orders.o_orderkey), (LLVM Optimized)", "Plans": [{"Node Type": "Seq Scan", "Parent Relationship": "Outer", "Relation Name": "lineitem", "Alias": "lineitem", "Startup Cost": 0.0, "Total Cost": 2165082.91, "Plan Rows": 14835209, "Plan Width": 24, "Filter": "(l_returnflag = 'R'::bpchar), (LLVM Optimized)"}, {"Node Type": "Hash", "Parent Relationship": "Inner", "Startup Cost": 299784.84, "Total Cost": 299784.84, "Plan Rows": 575746, "Plan Width": 16, "Plans": [{"Node Type": "Bitmap Heap Scan", "Parent Relationship": "Outer", "Relation Name": "orders", "Alias": "orders", "Startup Cost": 14729.65, "Total Cost": 299784.84, "Plan Rows": 575746, "Plan Width": 16, "Recheck Cond": "((o_orderdate >= '1993-08-01 00:00:00'::timestamp(0) without time zone) AND (o_orderdate < '1993-11-01 00:00:00'::timestamp without time zone)), (LLVM Optimized)", "Plans": [{"Node Type": "Bitmap Index Scan", "Parent Relationship": "Outer", "Index Name": "idx_orders_orderdate", "Startup Cost": 0.0, "Total Cost": 14585.71, "Plan Rows": 575746, "Plan Width": 0, "Index Cond": "((o_orderdate >= '1993-08-01 00:00:00'::timestamp(0) without time zone) AND (o_orderdate < '1993-11-01 00:00:00'::timestamp without time zone))"}]}]}]}, {"Node Type": "Hash", "Parent Relationship": "Inner", "Startup Cost": 52126.0, "Total Cost": 52126.0, "Plan Rows": 1500000, "Plan Width": 153, "Plans": [{"Node Type": "Seq Scan", "Parent Relationship": "Outer", "Relation Name": "customer", "Alias": "customer", "Startup Cost": 0.0, "Total Cost": 52126.0, "Plan Rows": 1500000, "Plan Width": 153}]}]}, {"Node Type": "Hash", "Parent Relationship": "Inner", "Startup Cost": 1.25, "Total Cost": 1.25, "Plan Rows": 25, "Plan Width": 30, "Plans": [{"Node Type": "Seq Scan", "Parent Relationship": "Outer", "Relation Name": "nation", "Alias": "nation", "Startup Cost": 0.0, "Total Cost": 1.25, "Plan Rows": 25, "Plan Width": 30}]}]}]}]}]}, "Unique SQL Id": 1604070524, "Planner Runtime": 2}, "explain_analyze_plan": {"Plan": {"Node Type": "Limit", "Startup Cost": 2741876.6, "Total Cost": 2741876.65, "Plan Rows": 20, "Plan Width": 199, "Actual Startup Time": 32366.791, "Actual Total Time": 32366.797, "Actual Rows": 20, "Actual Loops": 1, "Plans": [{"Node Type": "Sort", "Parent Relationship": "Outer", "Startup Cost": 2741876.6, "Total Cost": 2745491.35, "Plan Rows": 20, "Plan Width": 199, "Actual Startup Time": 32366.788, "Actual Total Time": 32366.792, "Actual Rows": 20, "Actual Loops": 1, "Sort Key": ["(sum((lineitem.l_extendedprice * (1::double precision - lineitem.l_discount)))) DESC"], "Sort Method": "top-N heapsort", "Sort Space Used": 35, "Sort Space Type": "Memory", "Plans": [{"Node Type": "Aggregate", "Strategy": "Hashed", "Parent Relationship": "Outer", "Startup Cost": 2688942.8, "Total Cost": 2703401.78, "Plan Rows": 1445898, "Plan Width": 199, "Actual Startup Time": 31978.233, "Actual Total Time": 32230.896, "Actual Rows": 381542, "Actual Loops": 1, "Group By Key": ["customer.c_custkey", "customer.c_name", "customer.c_acctbal", "customer.c_phone", "nation.n_name", "customer.c_address", "customer.c_comment"], "Plans": [{"Node Type": "Hash Join", "Parent Relationship": "Outer", "Join Type": "Inner", "Startup Cost": 377859.22, "Total Cost": 2652795.35, "Plan Rows": 1445898, "Plan Width": 191, "Actual Startup Time": 2668.375, "Actual Total Time": 30150.047, "Actual Rows": 1145969, "Actual Loops": 1, "Inner Unique": true, "Hash Cond": "(customer.c_nationkey = nation.n_nationkey), (LLVM Optimized, Jit Execute)", "Plans": [{"Node Type": "Hash Join", "Parent Relationship": "Outer", "Join Type": "Inner", "Startup Cost": 377857.66, "Total Cost": 2632912.69, "Plan Rows": 1445898, "Plan Width": 169, "Actual Startup Time": 2668.286, "Actual Total Time": 29684.602, "Actual Rows": 1145969, "Actual Loops": 1, "Inner Unique": true, "Hash Cond": "(orders.o_custkey = customer.c_custkey), (LLVM Optimized, Jit Execute)", "Plans": [{"Node Type": "Hash Join", "Parent Relationship": "Outer", "Join Type": "Inner", "Startup Cost": 306981.66, "Total Cost": 2542155.59, "Plan Rows": 1445898, "Plan Width": 24, "Actual Startup Time": 1386.463, "Actual Total Time": 27642.574, "Actual Rows": 1145969, "Actual Loops": 1, "Inner Unique": true, "Hash Cond": "(lineitem.l_orderkey = orders.o_orderkey), (LLVM Optimized, Jit Execute)", "Plans": [{"Node Type": "Seq Scan", "Parent Relationship": "Outer", "Relation Name": "lineitem", "Alias": "lineitem", "Startup Cost": 0.0, "Total Cost": 2165082.91, "Plan Rows": 14835209, "Plan Width": 24, "Actual Startup Time": 0.021, "Actual Total Time": 22090.21, "Actual Rows": 14808183, "Actual Loops": 1, "Filter": "(l_returnflag = 'R'::bpchar), (LLVM Optimized, Jit Execute)", "Rows Removed by Filter": 45177869}, {"Node Type": "Hash", "Parent Relationship": "Inner", "Startup Cost": 299784.84, "Total Cost": 299784.84, "Plan Rows": 575746, "Plan Width": 16, "Actual Startup Time": 1385.671, "Actual Total Time": 1385.671, "Actual Rows": 573635, "Actual Loops": 1, "Hash Buckets": 1048576, "Hash Batches": 1, "Original Hash Batches": 1, "Peak Memory Usage": 26890, "Plans": [{"Node Type": "Bitmap Heap Scan", "Parent Relationship": "Outer", "Relation Name": "orders", "Alias": "orders", "Startup Cost": 14729.65, "Total Cost": 299784.84, "Plan Rows": 575746, "Plan Width": 16, "Actual Startup Time": 280.557, "Actual Total Time": 1156.886, "Actual Rows": 573635, "Actual Loops": 1, "Recheck Cond": "((o_orderdate >= '1993-08-01 00:00:00'::timestamp(0) without time zone) AND (o_orderdate < '1993-11-01 00:00:00'::timestamp without time zone)), (LLVM Optimized, Jit Execute)", "Rows Removed by Index Recheck": 0, "Exact Heap Blocks": 242860, "Lossy Heap Blocks": 242860, "Plans": [{"Node Type": "Bitmap Index Scan", "Parent Relationship": "Outer", "Index Name": "idx_orders_orderdate", "Startup Cost": 0.0, "Total Cost": 14585.71, "Plan Rows": 575746, "Plan Width": 0, "Actual Startup Time": 199.97, "Actual Total Time": 199.97, "Actual Rows": 573635, "Actual Loops": 1, "Index Cond": "((o_orderdate >= '1993-08-01 00:00:00'::timestamp(0) without time zone) AND (o_orderdate < '1993-11-01 00:00:00'::timestamp without time zone))"}]}]}]}, {"Node Type": "Hash", "Parent Relationship": "Inner", "Startup Cost": 52126.0, "Total Cost": 52126.0, "Plan Rows": 1500000, "Plan Width": 153, "Actual Startup Time": 1280.614, "Actual Total Time": 1280.614, "Actual Rows": 1500000, "Actual Loops": 1, "Hash Buckets": 2097152, "Hash Batches": 1, "Original Hash Batches": 1, "Peak Memory Usage": 282695, "Plans": [{"Node Type": "Seq Scan", "Parent Relationship": "Outer", "Relation Name": "customer", "Alias": "customer", "Startup Cost": 0.0, "Total Cost": 52126.0, "Plan Rows": 1500000, "Plan Width": 153, "Actual Startup Time": 0.017, "Actual Total Time": 610.086, "Actual Rows": 1500000, "Actual Loops": 1}]}]}, {"Node Type": "Hash", "Parent Relationship": "Inner", "Startup Cost": 1.25, "Total Cost": 1.25, "Plan Rows": 25, "Plan Width": 30, "Actual Startup Time": 0.042, "Actual Total Time": 0.042, "Actual Rows": 25, "Actual Loops": 1, "Hash Buckets": 32768, "Hash Batches": 1, "Original Hash Batches": 1, "Peak Memory Usage": 2, "Plans": [{"Node Type": "Seq Scan", "Parent Relationship": "Outer", "Relation Name": "nation", "Alias": "nation", "Startup Cost": 0.0, "Total Cost": 1.25, "Plan Rows": 25, "Plan Width": 30, "Actual Startup Time": 0.019, "Actual Total Time": 0.025, "Actual Rows": 25, "Actual Loops": 1}]}]}]}]}]}, "Triggers": [], "Planner Runtime": 1, "Total Runtime": 32378.341, "Unique SQL Id": 1604070524}}, "(16, 3)": {"explain_plan": {"Plan": {"Node Type": "Limit", "Startup Cost": 13443415.76, "Total Cost": 13443415.81, "Plan Rows": 20, "Plan Width": 199, "Plans": [{"Node Type": "Sort", "Parent Relationship": "Outer", "Startup Cost": 13443415.76, "Total Cost": 13447030.51, "Plan Rows": 20, "Plan Width": 199, "Sort Key": ["(sum((lineitem.l_extendedprice * (1::double precision - lineitem.l_discount)))) DESC"], "Plans": [{"Node Type": "Aggregate", "Strategy": "Hashed", "Parent Relationship": "Outer", "Startup Cost": 13390481.96, "Total Cost": 13404940.94, "Plan Rows": 1445898, "Plan Width": 199, "Group By Key": ["customer.c_custkey", "customer.c_name", "customer.c_acctbal", "customer.c_phone", "nation.n_name", "customer.c_address", "customer.c_comment"], "Plans": [{"Node Type": "Nested Loop", "Parent Relationship": "Outer", "Join Type": "Inner", "Startup Cost": 14732.12, "Total Cost": 13354334.51, "Plan Rows": 1445898, "Plan Width": 191, "Inner Unique": false, "Plans": [{"Node Type": "Nested Loop", "Parent Relationship": "Outer", "Join Type": "Inner", "Startup Cost": 14730.2, "Total Cost": 5249597.54, "Plan Rows": 575746, "Plan Width": 183, "Inner Unique": true, "Plans": [{"Node Type": "Nested Loop", "Parent Relationship": "Outer", "Join Type": "Inner", "Startup Cost": 14729.94, "Total Cost": 2785257.65, "Plan Rows": 575746, "Plan Width": 161, "Inner Unique": true, "Plans": [{"Node Type": "Bitmap Heap Scan", "Parent Relationship": "Outer", "Relation Name": "orders", "Alias": "orders", "Startup Cost": 14729.65, "Total Cost": 299784.84, "Plan Rows": 575746, "Plan Width": 16, "Recheck Cond": "((o_orderdate >= '1993-08-01 00:00:00'::timestamp(0) without time zone) AND (o_orderdate < '1993-11-01 00:00:00'::timestamp without time zone)), (LLVM Optimized)", "Plans": [{"Node Type": "Bitmap Index Scan", "Parent Relationship": "Outer", "Index Name": "idx_orders_orderdate", "Startup Cost": 0.0, "Total Cost": 14585.71, "Plan Rows": 575746, "Plan Width": 0, "Index Cond": "((o_orderdate >= '1993-08-01 00:00:00'::timestamp(0) without time zone) AND (o_orderdate < '1993-11-01 00:00:00'::timestamp without time zone))"}]}, {"Node Type": "Bitmap Heap Scan", "Parent Relationship": "Inner", "Relation Name": "customer", "Alias": "customer", "Startup Cost": 0.29, "Total Cost": 4.31, "Plan Rows": 1, "Plan Width": 153, "Recheck Cond": "(c_custkey = orders.o_custkey)", "Plans": [{"Node Type": "Bitmap Index Scan", "Parent Relationship": "Outer", "Index Name": "customer_pkey", "Startup Cost": 0.0, "Total Cost": 0.29, "Plan Rows": 1, "Plan Width": 0, "Index Cond": "(c_custkey = orders.o_custkey)"}]}]}, {"Node Type": "Bitmap Heap Scan", "Parent Relationship": "Inner", "Relation Name": "nation", "Alias": "nation", "Startup Cost": 0.26, "Total Cost": 4.27, "Plan Rows": 1, "Plan Width": 30, "Recheck Cond": "(n_nationkey = customer.c_nationkey)", "Plans": [{"Node Type": "Bitmap Index Scan", "Parent Relationship": "Outer", "Index Name": "nation_pkey", "Startup Cost": 0.0, "Total Cost": 0.26, "Plan Rows": 1, "Plan Width": 0, "Index Cond": "(n_nationkey = customer.c_nationkey)"}]}]}, {"Node Type": "Bitmap Heap Scan", "Parent Relationship": "Inner", "Relation Name": "lineitem", "Alias": "lineitem", "Startup Cost": 1.93, "Total Cost": 14.05, "Plan Rows": 3, "Plan Width": 24, "Recheck Cond": "(l_orderkey = orders.o_orderkey)", "Filter": "(l_returnflag = 'R'::bpchar)", "Plans": [{"Node Type": "Bitmap Index Scan", "Parent Relationship": "Outer", "Index Name": "idx_lineitem_orderkey", "Startup Cost": 0.0, "Total Cost": 1.92, "Plan Rows": 9, "Plan Width": 0, "Index Cond": "(l_orderkey = orders.o_orderkey)"}]}]}]}]}]}, "Unique SQL Id": 1604070524, "Planner Runtime": 1}, "explain_analyze_plan": {"Plan": {"Node Type": "Limit", "Startup Cost": 13443415.76, "Total Cost": 13443415.81, "Plan Rows": 20, "Plan Width": 199, "Actual Startup Time": 17339.241, "Actual Total Time": 17339.252, "Actual Rows": 20, "Actual Loops": 1, "Plans": [{"Node Type": "Sort", "Parent Relationship": "Outer", "Startup Cost": 13443415.76, "Total Cost": 13447030.51, "Plan Rows": 20, "Plan Width": 199, "Actual Startup Time": 17339.239, "Actual Total Time": 17339.248, "Actual Rows": 20, "Actual Loops": 1, "Sort Key": ["(sum((lineitem.l_extendedprice * (1::double precision - lineitem.l_discount)))) DESC"], "Sort Method": "top-N heapsort", "Sort Space Used": 35, "Sort Space Type": "Memory", "Plans": [{"Node Type": "Aggregate", "Strategy": "Hashed", "Parent Relationship": "Outer", "Startup Cost": 13390481.96, "Total Cost": 13404940.94, "Plan Rows": 1445898, "Plan Width": 199, "Actual Startup Time": 16948.804, "Actual Total Time": 17203.575, "Actual Rows": 381542, "Actual Loops": 1, "Group By Key": ["customer.c_custkey", "customer.c_name", "customer.c_acctbal", "customer.c_phone", "nation.n_name", "customer.c_address", "customer.c_comment"], "Plans": [{"Node Type": "Nested Loop", "Parent Relationship": "Outer", "Join Type": "Inner", "Startup Cost": 14732.12, "Total Cost": 13354334.51, "Plan Rows": 1445898, "Plan Width": 191, "Actual Startup Time": 243.383, "Actual Total Time": 14979.756, "Actual Rows": 1145969, "Actual Loops": 1, "Inner Unique": false, "Plans": [{"Node Type": "Nested Loop", "Parent Relationship": "Outer", "Join Type": "Inner", "Startup Cost": 14730.2, "Total Cost": 5249597.54, "Plan Rows": 575746, "Plan Width": 183, "Actual Startup Time": 243.33, "Actual Total Time": 8554.709, "Actual Rows": 573635, "Actual Loops": 1, "Inner Unique": true, "Plans": [{"Node Type": "Nested Loop", "Parent Relationship": "Outer", "Join Type": "Inner", "Startup Cost": 14729.94, "Total Cost": 2785257.65, "Plan Rows": 575746, "Plan Width": 161, "Actual Startup Time": 243.278, "Actual Total Time": 6365.155, "Actual Rows": 573635, "Actual Loops": 1, "Inner Unique": true, "Plans": [{"Node Type": "Bitmap Heap Scan", "Parent Relationship": "Outer", "Relation Name": "orders", "Alias": "orders", "Startup Cost": 14729.65, "Total Cost": 299784.84, "Plan Rows": 575746, "Plan Width": 16, "Actual Startup Time": 243.054, "Actual Total Time": 1186.231, "Actual Rows": 573635, "Actual Loops": 1, "Recheck Cond": "((o_orderdate >= '1993-08-01 00:00:00'::timestamp(0) without time zone) AND (o_orderdate < '1993-11-01 00:00:00'::timestamp without time zone)), (LLVM Optimized, Jit Execute)", "Rows Removed by Index Recheck": 0, "Exact Heap Blocks": 242860, "Lossy Heap Blocks": 242860, "Plans": [{"Node Type": "Bitmap Index Scan", "Parent Relationship": "Outer", "Index Name": "idx_orders_orderdate", "Startup Cost": 0.0, "Total Cost": 14585.71, "Plan Rows": 575746, "Plan Width": 0, "Actual Startup Time": 167.646, "Actual Total Time": 167.646, "Actual Rows": 573635, "Actual Loops": 1, "Index Cond": "((o_orderdate >= '1993-08-01 00:00:00'::timestamp(0) without time zone) AND (o_orderdate < '1993-11-01 00:00:00'::timestamp without time zone))"}]}, {"Node Type": "Bitmap Heap Scan", "Parent Relationship": "Inner", "Relation Name": "customer", "Alias": "customer", "Startup Cost": 0.29, "Total Cost": 4.31, "Plan Rows": 1, "Plan Width": 153, "Actual Startup Time": 4298.917, "Actual Total Time": 4298.917, "Actual Rows": 573635, "Actual Loops": 573635, "Recheck Cond": "(c_custkey = orders.o_custkey)", "Rows Removed by Index Recheck": 0, "Exact Heap Blocks": 573635, "Lossy Heap Blocks": 573635, "Plans": [{"Node Type": "Bitmap Index Scan", "Parent Relationship": "Outer", "Index Name": "customer_pkey", "Startup Cost": 0.0, "Total Cost": 0.29, "Plan Rows": 1, "Plan Width": 0, "Actual Startup Time": 2605.74, "Actual Total Time": 2605.74, "Actual Rows": 573635, "Actual Loops": 573635, "Index Cond": "(c_custkey = orders.o_custkey)"}]}]}, {"Node Type": "Bitmap Heap Scan", "Parent Relationship": "Inner", "Relation Name": "nation", "Alias": "nation", "Startup Cost": 0.26, "Total Cost": 4.27, "Plan Rows": 1, "Plan Width": 30, "Actual Startup Time": 1394.855, "Actual Total Time": 1394.855, "Actual Rows": 573635, "Actual Loops": 573635, "Recheck Cond": "(n_nationkey = customer.c_nationkey)", "Rows Removed by Index Recheck": 0, "Exact Heap Blocks": 573635, "Lossy Heap Blocks": 573635, "Plans": [{"Node Type": "Bitmap Index Scan", "Parent Relationship": "Outer", "Index Name": "nation_pkey", "Startup Cost": 0.0, "Total Cost": 0.26, "Plan Rows": 1, "Plan Width": 0, "Actual Startup Time": 610.88, "Actual Total Time": 610.88, "Actual Rows": 573635, "Actual Loops": 573635, "Index Cond": "(n_nationkey = customer.c_nationkey)"}]}]}, {"Node Type": "Bitmap Heap Scan", "Parent Relationship": "Inner", "Relation Name": "lineitem", "Alias": "lineitem", "Startup Cost": 1.93, "Total Cost": 14.05, "Plan Rows": 3, "Plan Width": 24, "Actual Startup Time": 4948.946, "Actual Total Time": 5481.054, "Actual Rows": 1145969, "Actual Loops": 573635, "Recheck Cond": "(l_orderkey = orders.o_orderkey)", "Rows Removed by Index Recheck": 0, "Filter": "(l_returnflag = 'R'::bpchar)", "Rows Removed by Filter": 1146896, "Exact Heap Blocks": 614400, "Lossy Heap Blocks": 614400, "Plans": [{"Node Type": "Bitmap Index Scan", "Parent Relationship": "Outer", "Index Name": "idx_lineitem_orderkey", "Startup Cost": 0.0, "Total Cost": 1.92, "Plan Rows": 9, "Plan Width": 0, "Actual Startup Time": 2525.585, "Actual Total Time": 2525.585, "Actual Rows": 2292865, "Actual Loops": 573635, "Index Cond": "(l_orderkey = orders.o_orderkey)"}]}]}]}]}]}, "Triggers": [], "Planner Runtime": 1, "Total Runtime": 17349.86, "Unique SQL Id": 1604070524}}, "(16, 4)": {"explain_plan": {"Plan": {"Node Type": "Limit", "Startup Cost": 2741876.6, "Total Cost": 2741876.65, "Plan Rows": 20, "Plan Width": 199, "Plans": [{"Node Type": "Sort", "Parent Relationship": "Outer", "Startup Cost": 2741876.6, "Total Cost": 2745491.35, "Plan Rows": 20, "Plan Width": 199, "Sort Key": ["(sum((lineitem.l_extendedprice * (1::double precision - lineitem.l_discount)))) DESC"], "Plans": [{"Node Type": "Aggregate", "Strategy": "Hashed", "Parent Relationship": "Outer", "Startup Cost": 2688942.8, "Total Cost": 2703401.78, "Plan Rows": 1445898, "Plan Width": 199, "Group By Key": ["customer.c_custkey", "customer.c_name", "customer.c_acctbal", "customer.c_phone", "nation.n_name", "customer.c_address", "customer.c_comment"], "Plans": [{"Node Type": "Hash Join", "Parent Relationship": "Outer", "Join Type": "Inner", "Startup Cost": 377859.22, "Total Cost": 2652795.35, "Plan Rows": 1445898, "Plan Width": 191, "Inner Unique": true, "Hash Cond": "(customer.c_nationkey = nation.n_nationkey), (LLVM Optimized)", "Plans": [{"Node Type": "Hash Join", "Parent Relationship": "Outer", "Join Type": "Inner", "Startup Cost": 377857.66, "Total Cost": 2632912.69, "Plan Rows": 1445898, "Plan Width": 169, "Inner Unique": true, "Hash Cond": "(orders.o_custkey = customer.c_custkey), (LLVM Optimized)", "Plans": [{"Node Type": "Hash Join", "Parent Relationship": "Outer", "Join Type": "Inner", "Startup Cost": 306981.66, "Total Cost": 2542155.59, "Plan Rows": 1445898, "Plan Width": 24, "Inner Unique": true, "Hash Cond": "(lineitem.l_orderkey = orders.o_orderkey), (LLVM Optimized)", "Plans": [{"Node Type": "Seq Scan", "Parent Relationship": "Outer", "Relation Name": "lineitem", "Alias": "lineitem", "Startup Cost": 0.0, "Total Cost": 2165082.91, "Plan Rows": 14835209, "Plan Width": 24, "Filter": "(l_returnflag = 'R'::bpchar), (LLVM Optimized)"}, {"Node Type": "Hash", "Parent Relationship": "Inner", "Startup Cost": 299784.84, "Total Cost": 299784.84, "Plan Rows": 575746, "Plan Width": 16, "Plans": [{"Node Type": "Bitmap Heap Scan", "Parent Relationship": "Outer", "Relation Name": "orders", "Alias": "orders", "Startup Cost": 14729.65, "Total Cost": 299784.84, "Plan Rows": 575746, "Plan Width": 16, "Recheck Cond": "((o_orderdate >= '1993-08-01 00:00:00'::timestamp(0) without time zone) AND (o_orderdate < '1993-11-01 00:00:00'::timestamp without time zone)), (LLVM Optimized)", "Plans": [{"Node Type": "Bitmap Index Scan", "Parent Relationship": "Outer", "Index Name": "idx_orders_orderdate", "Startup Cost": 0.0, "Total Cost": 14585.71, "Plan Rows": 575746, "Plan Width": 0, "Index Cond": "((o_orderdate >= '1993-08-01 00:00:00'::timestamp(0) without time zone) AND (o_orderdate < '1993-11-01 00:00:00'::timestamp without time zone))"}]}]}]}, {"Node Type": "Hash", "Parent Relationship": "Inner", "Startup Cost": 52126.0, "Total Cost": 52126.0, "Plan Rows": 1500000, "Plan Width": 153, "Plans": [{"Node Type": "Seq Scan", "Parent Relationship": "Outer", "Relation Name": "customer", "Alias": "customer", "Startup Cost": 0.0, "Total Cost": 52126.0, "Plan Rows": 1500000, "Plan Width": 153}]}]}, {"Node Type": "Hash", "Parent Relationship": "Inner", "Startup Cost": 1.25, "Total Cost": 1.25, "Plan Rows": 25, "Plan Width": 30, "Plans": [{"Node Type": "Seq Scan", "Parent Relationship": "Outer", "Relation Name": "nation", "Alias": "nation", "Startup Cost": 0.0, "Total Cost": 1.25, "Plan Rows": 25, "Plan Width": 30}]}]}]}]}]}, "Unique SQL Id": 1604070524, "Planner Runtime": 2}, "explain_analyze_plan": {"Plan": {"Node Type": "Limit", "Startup Cost": 2741876.6, "Total Cost": 2741876.65, "Plan Rows": 20, "Plan Width": 199, "Actual Startup Time": 32366.791, "Actual Total Time": 32366.797, "Actual Rows": 20, "Actual Loops": 1, "Plans": [{"Node Type": "Sort", "Parent Relationship": "Outer", "Startup Cost": 2741876.6, "Total Cost": 2745491.35, "Plan Rows": 20, "Plan Width": 199, "Actual Startup Time": 32366.788, "Actual Total Time": 32366.792, "Actual Rows": 20, "Actual Loops": 1, "Sort Key": ["(sum((lineitem.l_extendedprice * (1::double precision - lineitem.l_discount)))) DESC"], "Sort Method": "top-N heapsort", "Sort Space Used": 35, "Sort Space Type": "Memory", "Plans": [{"Node Type": "Aggregate", "Strategy": "Hashed", "Parent Relationship": "Outer", "Startup Cost": 2688942.8, "Total Cost": 2703401.78, "Plan Rows": 1445898, "Plan Width": 199, "Actual Startup Time": 31978.233, "Actual Total Time": 32230.896, "Actual Rows": 381542, "Actual Loops": 1, "Group By Key": ["customer.c_custkey", "customer.c_name", "customer.c_acctbal", "customer.c_phone", "nation.n_name", "customer.c_address", "customer.c_comment"], "Plans": [{"Node Type": "Hash Join", "Parent Relationship": "Outer", "Join Type": "Inner", "Startup Cost": 377859.22, "Total Cost": 2652795.35, "Plan Rows": 1445898, "Plan Width": 191, "Actual Startup Time": 2668.375, "Actual Total Time": 30150.047, "Actual Rows": 1145969, "Actual Loops": 1, "Inner Unique": true, "Hash Cond": "(customer.c_nationkey = nation.n_nationkey), (LLVM Optimized, Jit Execute)", "Plans": [{"Node Type": "Hash Join", "Parent Relationship": "Outer", "Join Type": "Inner", "Startup Cost": 377857.66, "Total Cost": 2632912.69, "Plan Rows": 1445898, "Plan Width": 169, "Actual Startup Time": 2668.286, "Actual Total Time": 29684.602, "Actual Rows": 1145969, "Actual Loops": 1, "Inner Unique": true, "Hash Cond": "(orders.o_custkey = customer.c_custkey), (LLVM Optimized, Jit Execute)", "Plans": [{"Node Type": "Hash Join", "Parent Relationship": "Outer", "Join Type": "Inner", "Startup Cost": 306981.66, "Total Cost": 2542155.59, "Plan Rows": 1445898, "Plan Width": 24, "Actual Startup Time": 1386.463, "Actual Total Time": 27642.574, "Actual Rows": 1145969, "Actual Loops": 1, "Inner Unique": true, "Hash Cond": "(lineitem.l_orderkey = orders.o_orderkey), (LLVM Optimized, Jit Execute)", "Plans": [{"Node Type": "Seq Scan", "Parent Relationship": "Outer", "Relation Name": "lineitem", "Alias": "lineitem", "Startup Cost": 0.0, "Total Cost": 2165082.91, "Plan Rows": 14835209, "Plan Width": 24, "Actual Startup Time": 0.021, "Actual Total Time": 22090.21, "Actual Rows": 14808183, "Actual Loops": 1, "Filter": "(l_returnflag = 'R'::bpchar), (LLVM Optimized, Jit Execute)", "Rows Removed by Filter": 45177869}, {"Node Type": "Hash", "Parent Relationship": "Inner", "Startup Cost": 299784.84, "Total Cost": 299784.84, "Plan Rows": 575746, "Plan Width": 16, "Actual Startup Time": 1385.671, "Actual Total Time": 1385.671, "Actual Rows": 573635, "Actual Loops": 1, "Hash Buckets": 1048576, "Hash Batches": 1, "Original Hash Batches": 1, "Peak Memory Usage": 26890, "Plans": [{"Node Type": "Bitmap Heap Scan", "Parent Relationship": "Outer", "Relation Name": "orders", "Alias": "orders", "Startup Cost": 14729.65, "Total Cost": 299784.84, "Plan Rows": 575746, "Plan Width": 16, "Actual Startup Time": 280.557, "Actual Total Time": 1156.886, "Actual Rows": 573635, "Actual Loops": 1, "Recheck Cond": "((o_orderdate >= '1993-08-01 00:00:00'::timestamp(0) without time zone) AND (o_orderdate < '1993-11-01 00:00:00'::timestamp without time zone)), (LLVM Optimized, Jit Execute)", "Rows Removed by Index Recheck": 0, "Exact Heap Blocks": 242860, "Lossy Heap Blocks": 242860, "Plans": [{"Node Type": "Bitmap Index Scan", "Parent Relationship": "Outer", "Index Name": "idx_orders_orderdate", "Startup Cost": 0.0, "Total Cost": 14585.71, "Plan Rows": 575746, "Plan Width": 0, "Actual Startup Time": 199.97, "Actual Total Time": 199.97, "Actual Rows": 573635, "Actual Loops": 1, "Index Cond": "((o_orderdate >= '1993-08-01 00:00:00'::timestamp(0) without time zone) AND (o_orderdate < '1993-11-01 00:00:00'::timestamp without time zone))"}]}]}]}, {"Node Type": "Hash", "Parent Relationship": "Inner", "Startup Cost": 52126.0, "Total Cost": 52126.0, "Plan Rows": 1500000, "Plan Width": 153, "Actual Startup Time": 1280.614, "Actual Total Time": 1280.614, "Actual Rows": 1500000, "Actual Loops": 1, "Hash Buckets": 2097152, "Hash Batches": 1, "Original Hash Batches": 1, "Peak Memory Usage": 282695, "Plans": [{"Node Type": "Seq Scan", "Parent Relationship": "Outer", "Relation Name": "customer", "Alias": "customer", "Startup Cost": 0.0, "Total Cost": 52126.0, "Plan Rows": 1500000, "Plan Width": 153, "Actual Startup Time": 0.017, "Actual Total Time": 610.086, "Actual Rows": 1500000, "Actual Loops": 1}]}]}, {"Node Type": "Hash", "Parent Relationship": "Inner", "Startup Cost": 1.25, "Total Cost": 1.25, "Plan Rows": 25, "Plan Width": 30, "Actual Startup Time": 0.042, "Actual Total Time": 0.042, "Actual Rows": 25, "Actual Loops": 1, "Hash Buckets": 32768, "Hash Batches": 1, "Original Hash Batches": 1, "Peak Memory Usage": 2, "Plans": [{"Node Type": "Seq Scan", "Parent Relationship": "Outer", "Relation Name": "nation", "Alias": "nation", "Startup Cost": 0.0, "Total Cost": 1.25, "Plan Rows": 25, "Plan Width": 30, "Actual Startup Time": 0.019, "Actual Total Time": 0.025, "Actual Rows": 25, "Actual Loops": 1}]}]}]}]}]}, "Triggers": [], "Planner Runtime": 1, "Total Runtime": 32378.341, "Unique SQL Id": 1604070524}}, "(16, 5)": {"explain_plan": {"Plan": {"Node Type": "Limit", "Startup Cost": 3620844.85, "Total Cost": 3620844.9, "Plan Rows": 20, "Plan Width": 199, "Plans": [{"Node Type": "Sort", "Parent Relationship": "Outer", "Startup Cost": 3620844.85, "Total Cost": 3624459.59, "Plan Rows": 20, "Plan Width": 199, "Sort Key": ["(sum((lineitem.l_extendedprice * (1::double precision - lineitem.l_discount)))) DESC"], "Plans": [{"Node Type": "Aggregate", "Strategy": "Hashed", "Parent Relationship": "Outer", "Startup Cost": 3567911.04, "Total Cost": 3582370.02, "Plan Rows": 1445898, "Plan Width": 199, "Group By Key": ["customer.c_custkey", "customer.c_name", "customer.c_acctbal", "customer.c_phone", "nation.n_name", "customer.c_address", "customer.c_comment"], "Plans": [{"Node Type": "Nested Loop", "Parent Relationship": "Outer", "Join Type": "Inner", "Startup Cost": 114257.94, "Total Cost": 3531763.59, "Plan Rows": 1445898, "Plan Width": 191, "Inner Unique": false, "Plans": [{"Node Type": "Hash Join", "Parent Relationship": "Outer", "Join Type": "Inner", "Startup Cost": 114257.94, "Total Cost": 415146.15, "Plan Rows": 575746, "Plan Width": 183, "Inner Unique": true, "Hash Cond": "(customer.c_nationkey = nation.n_nationkey), (LLVM Optimized)", "Plans": [{"Node Type": "Hash Join", "Parent Relationship": "Outer", "Join Type": "Inner", "Startup Cost": 114245.0, "Total Cost": 407216.7, "Plan Rows": 575746, "Plan Width": 161, "Inner Unique": true, "Hash Cond": "(orders.o_custkey = customer.c_custkey), (LLVM Optimized)", "Plans": [{"Node Type": "Bitmap Heap Scan", "Parent Relationship": "Outer", "Relation Name": "orders", "Alias": "orders", "Startup Cost": 14729.65, "Total Cost": 299784.84, "Plan Rows": 575746, "Plan Width": 16, "Recheck Cond": "((o_orderdate >= '1993-08-01 00:00:00'::timestamp(0) without time zone) AND (o_orderdate < '1993-11-01 00:00:00'::timestamp without time zone)), (LLVM Optimized)", "Plans": [{"Node Type": "Bitmap Index Scan", "Parent Relationship": "Outer", "Index Name": "idx_orders_orderdate", "Startup Cost": 0.0, "Total Cost": 14585.71, "Plan Rows": 575746, "Plan Width": 0, "Index Cond": "((o_orderdate >= '1993-08-01 00:00:00'::timestamp(0) without time zone) AND (o_orderdate < '1993-11-01 00:00:00'::timestamp without time zone))"}]}, {"Node Type": "Hash", "Parent Relationship": "Inner", "Startup Cost": 80765.36, "Total Cost": 80765.36, "Plan Rows": 1500000, "Plan Width": 153, "Plans": [{"Node Type": "Index Scan", "Parent Relationship": "Outer", "Scan Direction": "Forward", "Index Name": "customer_pkey", "Relation Name": "customer", "Alias": "customer", "Startup Cost": 0.0, "Total Cost": 80765.36, "Plan Rows": 1500000, "Plan Width": 153}]}]}, {"Node Type": "Hash", "Parent Relationship": "Inner", "Startup Cost": 12.62, "Total Cost": 12.62, "Plan Rows": 25, "Plan Width": 30, "Plans": [{"Node Type": "Index Scan", "Parent Relationship": "Outer", "Scan Direction": "Forward", "Index Name": "nation_pkey", "Relation Name": "nation", "Alias": "nation", "Startup Cost": 0.0, "Total Cost": 12.62, "Plan Rows": 25, "Plan Width": 30}]}]}, {"Node Type": "Index Scan", "Parent Relationship": "Inner", "Scan Direction": "Forward", "Index Name": "idx_lineitem_orderkey", "Relation Name": "lineitem", "Alias": "lineitem", "Startup Cost": 0.0, "Total Cost": 5.38, "Plan Rows": 3, "Plan Width": 24, "Index Cond": "(l_orderkey = orders.o_orderkey)", "Filter": "(l_returnflag = 'R'::bpchar)"}]}]}]}]}, "Unique SQL Id": 1604070524, "Planner Runtime": 1}, "explain_analyze_plan": {"Plan": {"Node Type": "Limit", "Startup Cost": 3620844.85, "Total Cost": 3620844.9, "Plan Rows": 20, "Plan Width": 199, "Actual Startup Time": 14339.291, "Actual Total Time": 14339.3, "Actual Rows": 20, "Actual Loops": 1, "Plans": [{"Node Type": "Sort", "Parent Relationship": "Outer", "Startup Cost": 3620844.85, "Total Cost": 3624459.59, "Plan Rows": 20, "Plan Width": 199, "Actual Startup Time": 14339.286, "Actual Total Time": 14339.292, "Actual Rows": 20, "Actual Loops": 1, "Sort Key": ["(sum((lineitem.l_extendedprice * (1::double precision - lineitem.l_discount)))) DESC"], "Sort Method": "top-N heapsort", "Sort Space Used": 35, "Sort Space Type": "Memory", "Plans": [{"Node Type": "Aggregate", "Strategy": "Hashed", "Parent Relationship": "Outer", "Startup Cost": 3567911.04, "Total Cost": 3582370.02, "Plan Rows": 1445898, "Plan Width": 199, "Actual Startup Time": 13930.126, "Actual Total Time": 14202.669, "Actual Rows": 381542, "Actual Loops": 1, "Group By Key": ["customer.c_custkey", "customer.c_name", "customer.c_acctbal", "customer.c_phone", "nation.n_name", "customer.c_address", "customer.c_comment"], "Plans": [{"Node Type": "Nested Loop", "Parent Relationship": "Outer", "Join Type": "Inner", "Startup Cost": 114257.94, "Total Cost": 3531763.59, "Plan Rows": 1445898, "Plan Width": 191, "Actual Startup Time": 2113.963, "Actual Total Time": 12023.546, "Actual Rows": 1145969, "Actual Loops": 1, "Inner Unique": false, "Plans": [{"Node Type": "Hash Join", "Parent Relationship": "Outer", "Join Type": "Inner", "Startup Cost": 114257.94, "Total Cost": 415146.15, "Plan Rows": 575746, "Plan Width": 183, "Actual Startup Time": 2113.905, "Actual Total Time": 3925.924, "Actual Rows": 573635, "Actual Loops": 1, "Inner Unique": true, "Hash Cond": "(customer.c_nationkey = nation.n_nationkey), (LLVM Optimized, Jit Execute)", "Plans": [{"Node Type": "Hash Join", "Parent Relationship": "Outer", "Join Type": "Inner", "Startup Cost": 114245.0, "Total Cost": 407216.7, "Plan Rows": 575746, "Plan Width": 161, "Actual Startup Time": 2113.798, "Actual Total Time": 3672.375, "Actual Rows": 573635, "Actual Loops": 1, "Inner Unique": true, "Hash Cond": "(orders.o_custkey = customer.c_custkey), (LLVM Optimized, Jit Execute)", "Plans": [{"Node Type": "Bitmap Heap Scan", "Parent Relationship": "Outer", "Relation Name": "orders", "Alias": "orders", "Startup Cost": 14729.65, "Total Cost": 299784.84, "Plan Rows": 575746, "Plan Width": 16, "Actual Startup Time": 255.306, "Actual Total Time": 1209.216, "Actual Rows": 573635, "Actual Loops": 1, "Recheck Cond": "((o_orderdate >= '1993-08-01 00:00:00'::timestamp(0) without time zone) AND (o_orderdate < '1993-11-01 00:00:00'::timestamp without time zone)), (LLVM Optimized, Jit Execute)", "Rows Removed by Index Recheck": 0, "Exact Heap Blocks": 242860, "Lossy Heap Blocks": 242860, "Plans": [{"Node Type": "Bitmap Index Scan", "Parent Relationship": "Outer", "Index Name": "idx_orders_orderdate", "Startup Cost": 0.0, "Total Cost": 14585.71, "Plan Rows": 575746, "Plan Width": 0, "Actual Startup Time": 180.492, "Actual Total Time": 180.492, "Actual Rows": 573635, "Actual Loops": 1, "Index Cond": "((o_orderdate >= '1993-08-01 00:00:00'::timestamp(0) without time zone) AND (o_orderdate < '1993-11-01 00:00:00'::timestamp without time zone))"}]}, {"Node Type": "Hash", "Parent Relationship": "Inner", "Startup Cost": 80765.36, "Total Cost": 80765.36, "Plan Rows": 1500000, "Plan Width": 153, "Actual Startup Time": 1857.226, "Actual Total Time": 1857.226, "Actual Rows": 1500000, "Actual Loops": 1, "Hash Buckets": 2097152, "Hash Batches": 1, "Original Hash Batches": 1, "Peak Memory Usage": 282695, "Plans": [{"Node Type": "Index Scan", "Parent Relationship": "Outer", "Scan Direction": "Forward", "Index Name": "customer_pkey", "Relation Name": "customer", "Alias": "customer", "Startup Cost": 0.0, "Total Cost": 80765.36, "Plan Rows": 1500000, "Plan Width": 153, "Actual Startup Time": 0.043, "Actual Total Time": 1157.899, "Actual Rows": 1500000, "Actual Loops": 1}]}]}, {"Node Type": "Hash", "Parent Relationship": "Inner", "Startup Cost": 12.62, "Total Cost": 12.62, "Plan Rows": 25, "Plan Width": 30, "Actual Startup Time": 0.051, "Actual Total Time": 0.051, "Actual Rows": 25, "Actual Loops": 1, "Hash Buckets": 32768, "Hash Batches": 1, "Original Hash Batches": 1, "Peak Memory Usage": 2, "Plans": [{"Node Type": "Index Scan", "Parent Relationship": "Outer", "Scan Direction": "Forward", "Index Name": "nation_pkey", "Relation Name": "nation", "Alias": "nation", "Startup Cost": 0.0, "Total Cost": 12.62, "Plan Rows": 25, "Plan Width": 30, "Actual Startup Time": 0.019, "Actual Total Time": 0.034, "Actual Rows": 25, "Actual Loops": 1}]}]}, {"Node Type": "Index Scan", "Parent Relationship": "Inner", "Scan Direction": "Forward", "Index Name": "idx_lineitem_orderkey", "Relation Name": "lineitem", "Alias": "lineitem", "Startup Cost": 0.0, "Total Cost": 5.38, "Plan Rows": 3, "Plan Width": 24, "Actual Startup Time": 6123.392, "Actual Total Time": 7438.708, "Actual Rows": 1145969, "Actual Loops": 573635, "Index Cond": "(l_orderkey = orders.o_orderkey)", "Rows Removed by Index Recheck": 0, "Filter": "(l_returnflag = 'R'::bpchar)", "Rows Removed by Filter": 1146896}]}]}]}]}, "Triggers": [], "Planner Runtime": 1, "Total Runtime": 14350.386, "Unique SQL Id": 1604070524}}, "(16, 6)": {"explain_plan": {"Plan": {"Node Type": "Limit", "Startup Cost": 2741876.6, "Total Cost": 2741876.65, "Plan Rows": 20, "Plan Width": 199, "Plans": [{"Node Type": "Sort", "Parent Relationship": "Outer", "Startup Cost": 2741876.6, "Total Cost": 2745491.35, "Plan Rows": 20, "Plan Width": 199, "Sort Key": ["(sum((lineitem.l_extendedprice * (1::double precision - lineitem.l_discount)))) DESC"], "Plans": [{"Node Type": "Aggregate", "Strategy": "Hashed", "Parent Relationship": "Outer", "Startup Cost": 2688942.8, "Total Cost": 2703401.78, "Plan Rows": 1445898, "Plan Width": 199, "Group By Key": ["customer.c_custkey", "customer.c_name", "customer.c_acctbal", "customer.c_phone", "nation.n_name", "customer.c_address", "customer.c_comment"], "Plans": [{"Node Type": "Hash Join", "Parent Relationship": "Outer", "Join Type": "Inner", "Startup Cost": 377859.22, "Total Cost": 2652795.35, "Plan Rows": 1445898, "Plan Width": 191, "Inner Unique": true, "Hash Cond": "(customer.c_nationkey = nation.n_nationkey), (LLVM Optimized)", "Plans": [{"Node Type": "Hash Join", "Parent Relationship": "Outer", "Join Type": "Inner", "Startup Cost": 377857.66, "Total Cost": 2632912.69, "Plan Rows": 1445898, "Plan Width": 169, "Inner Unique": true, "Hash Cond": "(orders.o_custkey = customer.c_custkey), (LLVM Optimized)", "Plans": [{"Node Type": "Hash Join", "Parent Relationship": "Outer", "Join Type": "Inner", "Startup Cost": 306981.66, "Total Cost": 2542155.59, "Plan Rows": 1445898, "Plan Width": 24, "Inner Unique": true, "Hash Cond": "(lineitem.l_orderkey = orders.o_orderkey), (LLVM Optimized)", "Plans": [{"Node Type": "Seq Scan", "Parent Relationship": "Outer", "Relation Name": "lineitem", "Alias": "lineitem", "Startup Cost": 0.0, "Total Cost": 2165082.91, "Plan Rows": 14835209, "Plan Width": 24, "Filter": "(l_returnflag = 'R'::bpchar), (LLVM Optimized)"}, {"Node Type": "Hash", "Parent Relationship": "Inner", "Startup Cost": 299784.84, "Total Cost": 299784.84, "Plan Rows": 575746, "Plan Width": 16, "Plans": [{"Node Type": "Bitmap Heap Scan", "Parent Relationship": "Outer", "Relation Name": "orders", "Alias": "orders", "Startup Cost": 14729.65, "Total Cost": 299784.84, "Plan Rows": 575746, "Plan Width": 16, "Recheck Cond": "((o_orderdate >= '1993-08-01 00:00:00'::timestamp(0) without time zone) AND (o_orderdate < '1993-11-01 00:00:00'::timestamp without time zone)), (LLVM Optimized)", "Plans": [{"Node Type": "Bitmap Index Scan", "Parent Relationship": "Outer", "Index Name": "idx_orders_orderdate", "Startup Cost": 0.0, "Total Cost": 14585.71, "Plan Rows": 575746, "Plan Width": 0, "Index Cond": "((o_orderdate >= '1993-08-01 00:00:00'::timestamp(0) without time zone) AND (o_orderdate < '1993-11-01 00:00:00'::timestamp without time zone))"}]}]}]}, {"Node Type": "Hash", "Parent Relationship": "Inner", "Startup Cost": 52126.0, "Total Cost": 52126.0, "Plan Rows": 1500000, "Plan Width": 153, "Plans": [{"Node Type": "Seq Scan", "Parent Relationship": "Outer", "Relation Name": "customer", "Alias": "customer", "Startup Cost": 0.0, "Total Cost": 52126.0, "Plan Rows": 1500000, "Plan Width": 153}]}]}, {"Node Type": "Hash", "Parent Relationship": "Inner", "Startup Cost": 1.25, "Total Cost": 1.25, "Plan Rows": 25, "Plan Width": 30, "Plans": [{"Node Type": "Seq Scan", "Parent Relationship": "Outer", "Relation Name": "nation", "Alias": "nation", "Startup Cost": 0.0, "Total Cost": 1.25, "Plan Rows": 25, "Plan Width": 30}]}]}]}]}]}, "Unique SQL Id": 1604070524, "Planner Runtime": 1}, "explain_analyze_plan": {"Plan": {"Node Type": "Limit", "Startup Cost": 2741876.6, "Total Cost": 2741876.65, "Plan Rows": 20, "Plan Width": 199, "Actual Startup Time": 32366.791, "Actual Total Time": 32366.797, "Actual Rows": 20, "Actual Loops": 1, "Plans": [{"Node Type": "Sort", "Parent Relationship": "Outer", "Startup Cost": 2741876.6, "Total Cost": 2745491.35, "Plan Rows": 20, "Plan Width": 199, "Actual Startup Time": 32366.788, "Actual Total Time": 32366.792, "Actual Rows": 20, "Actual Loops": 1, "Sort Key": ["(sum((lineitem.l_extendedprice * (1::double precision - lineitem.l_discount)))) DESC"], "Sort Method": "top-N heapsort", "Sort Space Used": 35, "Sort Space Type": "Memory", "Plans": [{"Node Type": "Aggregate", "Strategy": "Hashed", "Parent Relationship": "Outer", "Startup Cost": 2688942.8, "Total Cost": 2703401.78, "Plan Rows": 1445898, "Plan Width": 199, "Actual Startup Time": 31978.233, "Actual Total Time": 32230.896, "Actual Rows": 381542, "Actual Loops": 1, "Group By Key": ["customer.c_custkey", "customer.c_name", "customer.c_acctbal", "customer.c_phone", "nation.n_name", "customer.c_address", "customer.c_comment"], "Plans": [{"Node Type": "Hash Join", "Parent Relationship": "Outer", "Join Type": "Inner", "Startup Cost": 377859.22, "Total Cost": 2652795.35, "Plan Rows": 1445898, "Plan Width": 191, "Actual Startup Time": 2668.375, "Actual Total Time": 30150.047, "Actual Rows": 1145969, "Actual Loops": 1, "Inner Unique": true, "Hash Cond": "(customer.c_nationkey = nation.n_nationkey), (LLVM Optimized, Jit Execute)", "Plans": [{"Node Type": "Hash Join", "Parent Relationship": "Outer", "Join Type": "Inner", "Startup Cost": 377857.66, "Total Cost": 2632912.69, "Plan Rows": 1445898, "Plan Width": 169, "Actual Startup Time": 2668.286, "Actual Total Time": 29684.602, "Actual Rows": 1145969, "Actual Loops": 1, "Inner Unique": true, "Hash Cond": "(orders.o_custkey = customer.c_custkey), (LLVM Optimized, Jit Execute)", "Plans": [{"Node Type": "Hash Join", "Parent Relationship": "Outer", "Join Type": "Inner", "Startup Cost": 306981.66, "Total Cost": 2542155.59, "Plan Rows": 1445898, "Plan Width": 24, "Actual Startup Time": 1386.463, "Actual Total Time": 27642.574, "Actual Rows": 1145969, "Actual Loops": 1, "Inner Unique": true, "Hash Cond": "(lineitem.l_orderkey = orders.o_orderkey), (LLVM Optimized, Jit Execute)", "Plans": [{"Node Type": "Seq Scan", "Parent Relationship": "Outer", "Relation Name": "lineitem", "Alias": "lineitem", "Startup Cost": 0.0, "Total Cost": 2165082.91, "Plan Rows": 14835209, "Plan Width": 24, "Actual Startup Time": 0.021, "Actual Total Time": 22090.21, "Actual Rows": 14808183, "Actual Loops": 1, "Filter": "(l_returnflag = 'R'::bpchar), (LLVM Optimized, Jit Execute)", "Rows Removed by Filter": 45177869}, {"Node Type": "Hash", "Parent Relationship": "Inner", "Startup Cost": 299784.84, "Total Cost": 299784.84, "Plan Rows": 575746, "Plan Width": 16, "Actual Startup Time": 1385.671, "Actual Total Time": 1385.671, "Actual Rows": 573635, "Actual Loops": 1, "Hash Buckets": 1048576, "Hash Batches": 1, "Original Hash Batches": 1, "Peak Memory Usage": 26890, "Plans": [{"Node Type": "Bitmap Heap Scan", "Parent Relationship": "Outer", "Relation Name": "orders", "Alias": "orders", "Startup Cost": 14729.65, "Total Cost": 299784.84, "Plan Rows": 575746, "Plan Width": 16, "Actual Startup Time": 280.557, "Actual Total Time": 1156.886, "Actual Rows": 573635, "Actual Loops": 1, "Recheck Cond": "((o_orderdate >= '1993-08-01 00:00:00'::timestamp(0) without time zone) AND (o_orderdate < '1993-11-01 00:00:00'::timestamp without time zone)), (LLVM Optimized, Jit Execute)", "Rows Removed by Index Recheck": 0, "Exact Heap Blocks": 242860, "Lossy Heap Blocks": 242860, "Plans": [{"Node Type": "Bitmap Index Scan", "Parent Relationship": "Outer", "Index Name": "idx_orders_orderdate", "Startup Cost": 0.0, "Total Cost": 14585.71, "Plan Rows": 575746, "Plan Width": 0, "Actual Startup Time": 199.97, "Actual Total Time": 199.97, "Actual Rows": 573635, "Actual Loops": 1, "Index Cond": "((o_orderdate >= '1993-08-01 00:00:00'::timestamp(0) without time zone) AND (o_orderdate < '1993-11-01 00:00:00'::timestamp without time zone))"}]}]}]}, {"Node Type": "Hash", "Parent Relationship": "Inner", "Startup Cost": 52126.0, "Total Cost": 52126.0, "Plan Rows": 1500000, "Plan Width": 153, "Actual Startup Time": 1280.614, "Actual Total Time": 1280.614, "Actual Rows": 1500000, "Actual Loops": 1, "Hash Buckets": 2097152, "Hash Batches": 1, "Original Hash Batches": 1, "Peak Memory Usage": 282695, "Plans": [{"Node Type": "Seq Scan", "Parent Relationship": "Outer", "Relation Name": "customer", "Alias": "customer", "Startup Cost": 0.0, "Total Cost": 52126.0, "Plan Rows": 1500000, "Plan Width": 153, "Actual Startup Time": 0.017, "Actual Total Time": 610.086, "Actual Rows": 1500000, "Actual Loops": 1}]}]}, {"Node Type": "Hash", "Parent Relationship": "Inner", "Startup Cost": 1.25, "Total Cost": 1.25, "Plan Rows": 25, "Plan Width": 30, "Actual Startup Time": 0.042, "Actual Total Time": 0.042, "Actual Rows": 25, "Actual Loops": 1, "Hash Buckets": 32768, "Hash Batches": 1, "Original Hash Batches": 1, "Peak Memory Usage": 2, "Plans": [{"Node Type": "Seq Scan", "Parent Relationship": "Outer", "Relation Name": "nation", "Alias": "nation", "Startup Cost": 0.0, "Total Cost": 1.25, "Plan Rows": 25, "Plan Width": 30, "Actual Startup Time": 0.019, "Actual Total Time": 0.025, "Actual Rows": 25, "Actual Loops": 1}]}]}]}]}]}, "Triggers": [], "Planner Runtime": 1, "Total Runtime": 32378.341, "Unique SQL Id": 1604070524}}, "(16, 7)": {"explain_plan": {"Plan": {"Node Type": "Limit", "Startup Cost": 13443415.76, "Total Cost": 13443415.81, "Plan Rows": 20, "Plan Width": 199, "Plans": [{"Node Type": "Sort", "Parent Relationship": "Outer", "Startup Cost": 13443415.76, "Total Cost": 13447030.51, "Plan Rows": 20, "Plan Width": 199, "Sort Key": ["(sum((lineitem.l_extendedprice * (1::double precision - lineitem.l_discount)))) DESC"], "Plans": [{"Node Type": "Aggregate", "Strategy": "Hashed", "Parent Relationship": "Outer", "Startup Cost": 13390481.96, "Total Cost": 13404940.94, "Plan Rows": 1445898, "Plan Width": 199, "Group By Key": ["customer.c_custkey", "customer.c_name", "customer.c_acctbal", "customer.c_phone", "nation.n_name", "customer.c_address", "customer.c_comment"], "Plans": [{"Node Type": "Nested Loop", "Parent Relationship": "Outer", "Join Type": "Inner", "Startup Cost": 14732.12, "Total Cost": 13354334.51, "Plan Rows": 1445898, "Plan Width": 191, "Inner Unique": false, "Plans": [{"Node Type": "Nested Loop", "Parent Relationship": "Outer", "Join Type": "Inner", "Startup Cost": 14730.2, "Total Cost": 5249597.54, "Plan Rows": 575746, "Plan Width": 183, "Inner Unique": true, "Plans": [{"Node Type": "Nested Loop", "Parent Relationship": "Outer", "Join Type": "Inner", "Startup Cost": 14729.94, "Total Cost": 2785257.65, "Plan Rows": 575746, "Plan Width": 161, "Inner Unique": true, "Plans": [{"Node Type": "Bitmap Heap Scan", "Parent Relationship": "Outer", "Relation Name": "orders", "Alias": "orders", "Startup Cost": 14729.65, "Total Cost": 299784.84, "Plan Rows": 575746, "Plan Width": 16, "Recheck Cond": "((o_orderdate >= '1993-08-01 00:00:00'::timestamp(0) without time zone) AND (o_orderdate < '1993-11-01 00:00:00'::timestamp without time zone)), (LLVM Optimized)", "Plans": [{"Node Type": "Bitmap Index Scan", "Parent Relationship": "Outer", "Index Name": "idx_orders_orderdate", "Startup Cost": 0.0, "Total Cost": 14585.71, "Plan Rows": 575746, "Plan Width": 0, "Index Cond": "((o_orderdate >= '1993-08-01 00:00:00'::timestamp(0) without time zone) AND (o_orderdate < '1993-11-01 00:00:00'::timestamp without time zone))"}]}, {"Node Type": "Bitmap Heap Scan", "Parent Relationship": "Inner", "Relation Name": "customer", "Alias": "customer", "Startup Cost": 0.29, "Total Cost": 4.31, "Plan Rows": 1, "Plan Width": 153, "Recheck Cond": "(c_custkey = orders.o_custkey)", "Plans": [{"Node Type": "Bitmap Index Scan", "Parent Relationship": "Outer", "Index Name": "customer_pkey", "Startup Cost": 0.0, "Total Cost": 0.29, "Plan Rows": 1, "Plan Width": 0, "Index Cond": "(c_custkey = orders.o_custkey)"}]}]}, {"Node Type": "Bitmap Heap Scan", "Parent Relationship": "Inner", "Relation Name": "nation", "Alias": "nation", "Startup Cost": 0.26, "Total Cost": 4.27, "Plan Rows": 1, "Plan Width": 30, "Recheck Cond": "(n_nationkey = customer.c_nationkey)", "Plans": [{"Node Type": "Bitmap Index Scan", "Parent Relationship": "Outer", "Index Name": "nation_pkey", "Startup Cost": 0.0, "Total Cost": 0.26, "Plan Rows": 1, "Plan Width": 0, "Index Cond": "(n_nationkey = customer.c_nationkey)"}]}]}, {"Node Type": "Bitmap Heap Scan", "Parent Relationship": "Inner", "Relation Name": "lineitem", "Alias": "lineitem", "Startup Cost": 1.93, "Total Cost": 14.05, "Plan Rows": 3, "Plan Width": 24, "Recheck Cond": "(l_orderkey = orders.o_orderkey)", "Filter": "(l_returnflag = 'R'::bpchar)", "Plans": [{"Node Type": "Bitmap Index Scan", "Parent Relationship": "Outer", "Index Name": "idx_lineitem_orderkey", "Startup Cost": 0.0, "Total Cost": 1.92, "Plan Rows": 9, "Plan Width": 0, "Index Cond": "(l_orderkey = orders.o_orderkey)"}]}]}]}]}]}, "Unique SQL Id": 1604070524, "Planner Runtime": 1}, "explain_analyze_plan": {"Plan": {"Node Type": "Limit", "Startup Cost": 13443415.76, "Total Cost": 13443415.81, "Plan Rows": 20, "Plan Width": 199, "Actual Startup Time": 17339.241, "Actual Total Time": 17339.252, "Actual Rows": 20, "Actual Loops": 1, "Plans": [{"Node Type": "Sort", "Parent Relationship": "Outer", "Startup Cost": 13443415.76, "Total Cost": 13447030.51, "Plan Rows": 20, "Plan Width": 199, "Actual Startup Time": 17339.239, "Actual Total Time": 17339.248, "Actual Rows": 20, "Actual Loops": 1, "Sort Key": ["(sum((lineitem.l_extendedprice * (1::double precision - lineitem.l_discount)))) DESC"], "Sort Method": "top-N heapsort", "Sort Space Used": 35, "Sort Space Type": "Memory", "Plans": [{"Node Type": "Aggregate", "Strategy": "Hashed", "Parent Relationship": "Outer", "Startup Cost": 13390481.96, "Total Cost": 13404940.94, "Plan Rows": 1445898, "Plan Width": 199, "Actual Startup Time": 16948.804, "Actual Total Time": 17203.575, "Actual Rows": 381542, "Actual Loops": 1, "Group By Key": ["customer.c_custkey", "customer.c_name", "customer.c_acctbal", "customer.c_phone", "nation.n_name", "customer.c_address", "customer.c_comment"], "Plans": [{"Node Type": "Nested Loop", "Parent Relationship": "Outer", "Join Type": "Inner", "Startup Cost": 14732.12, "Total Cost": 13354334.51, "Plan Rows": 1445898, "Plan Width": 191, "Actual Startup Time": 243.383, "Actual Total Time": 14979.756, "Actual Rows": 1145969, "Actual Loops": 1, "Inner Unique": false, "Plans": [{"Node Type": "Nested Loop", "Parent Relationship": "Outer", "Join Type": "Inner", "Startup Cost": 14730.2, "Total Cost": 5249597.54, "Plan Rows": 575746, "Plan Width": 183, "Actual Startup Time": 243.33, "Actual Total Time": 8554.709, "Actual Rows": 573635, "Actual Loops": 1, "Inner Unique": true, "Plans": [{"Node Type": "Nested Loop", "Parent Relationship": "Outer", "Join Type": "Inner", "Startup Cost": 14729.94, "Total Cost": 2785257.65, "Plan Rows": 575746, "Plan Width": 161, "Actual Startup Time": 243.278, "Actual Total Time": 6365.155, "Actual Rows": 573635, "Actual Loops": 1, "Inner Unique": true, "Plans": [{"Node Type": "Bitmap Heap Scan", "Parent Relationship": "Outer", "Relation Name": "orders", "Alias": "orders", "Startup Cost": 14729.65, "Total Cost": 299784.84, "Plan Rows": 575746, "Plan Width": 16, "Actual Startup Time": 243.054, "Actual Total Time": 1186.231, "Actual Rows": 573635, "Actual Loops": 1, "Recheck Cond": "((o_orderdate >= '1993-08-01 00:00:00'::timestamp(0) without time zone) AND (o_orderdate < '1993-11-01 00:00:00'::timestamp without time zone)), (LLVM Optimized, Jit Execute)", "Rows Removed by Index Recheck": 0, "Exact Heap Blocks": 242860, "Lossy Heap Blocks": 242860, "Plans": [{"Node Type": "Bitmap Index Scan", "Parent Relationship": "Outer", "Index Name": "idx_orders_orderdate", "Startup Cost": 0.0, "Total Cost": 14585.71, "Plan Rows": 575746, "Plan Width": 0, "Actual Startup Time": 167.646, "Actual Total Time": 167.646, "Actual Rows": 573635, "Actual Loops": 1, "Index Cond": "((o_orderdate >= '1993-08-01 00:00:00'::timestamp(0) without time zone) AND (o_orderdate < '1993-11-01 00:00:00'::timestamp without time zone))"}]}, {"Node Type": "Bitmap Heap Scan", "Parent Relationship": "Inner", "Relation Name": "customer", "Alias": "customer", "Startup Cost": 0.29, "Total Cost": 4.31, "Plan Rows": 1, "Plan Width": 153, "Actual Startup Time": 4298.917, "Actual Total Time": 4298.917, "Actual Rows": 573635, "Actual Loops": 573635, "Recheck Cond": "(c_custkey = orders.o_custkey)", "Rows Removed by Index Recheck": 0, "Exact Heap Blocks": 573635, "Lossy Heap Blocks": 573635, "Plans": [{"Node Type": "Bitmap Index Scan", "Parent Relationship": "Outer", "Index Name": "customer_pkey", "Startup Cost": 0.0, "Total Cost": 0.29, "Plan Rows": 1, "Plan Width": 0, "Actual Startup Time": 2605.74, "Actual Total Time": 2605.74, "Actual Rows": 573635, "Actual Loops": 573635, "Index Cond": "(c_custkey = orders.o_custkey)"}]}]}, {"Node Type": "Bitmap Heap Scan", "Parent Relationship": "Inner", "Relation Name": "nation", "Alias": "nation", "Startup Cost": 0.26, "Total Cost": 4.27, "Plan Rows": 1, "Plan Width": 30, "Actual Startup Time": 1394.855, "Actual Total Time": 1394.855, "Actual Rows": 573635, "Actual Loops": 573635, "Recheck Cond": "(n_nationkey = customer.c_nationkey)", "Rows Removed by Index Recheck": 0, "Exact Heap Blocks": 573635, "Lossy Heap Blocks": 573635, "Plans": [{"Node Type": "Bitmap Index Scan", "Parent Relationship": "Outer", "Index Name": "nation_pkey", "Startup Cost": 0.0, "Total Cost": 0.26, "Plan Rows": 1, "Plan Width": 0, "Actual Startup Time": 610.88, "Actual Total Time": 610.88, "Actual Rows": 573635, "Actual Loops": 573635, "Index Cond": "(n_nationkey = customer.c_nationkey)"}]}]}, {"Node Type": "Bitmap Heap Scan", "Parent Relationship": "Inner", "Relation Name": "lineitem", "Alias": "lineitem", "Startup Cost": 1.93, "Total Cost": 14.05, "Plan Rows": 3, "Plan Width": 24, "Actual Startup Time": 4948.946, "Actual Total Time": 5481.054, "Actual Rows": 1145969, "Actual Loops": 573635, "Recheck Cond": "(l_orderkey = orders.o_orderkey)", "Rows Removed by Index Recheck": 0, "Filter": "(l_returnflag = 'R'::bpchar)", "Rows Removed by Filter": 1146896, "Exact Heap Blocks": 614400, "Lossy Heap Blocks": 614400, "Plans": [{"Node Type": "Bitmap Index Scan", "Parent Relationship": "Outer", "Index Name": "idx_lineitem_orderkey", "Startup Cost": 0.0, "Total Cost": 1.92, "Plan Rows": 9, "Plan Width": 0, "Actual Startup Time": 2525.585, "Actual Total Time": 2525.585, "Actual Rows": 2292865, "Actual Loops": 573635, "Index Cond": "(l_orderkey = orders.o_orderkey)"}]}]}]}]}]}, "Triggers": [], "Planner Runtime": 1, "Total Runtime": 17349.86, "Unique SQL Id": 1604070524}}, "(16, 8)": {"explain_plan": {"Plan": {"Node Type": "Limit", "Startup Cost": 2943502.95, "Total Cost": 2943503.0, "Plan Rows": 20, "Plan Width": 199, "Plans": [{"Node Type": "Sort", "Parent Relationship": "Outer", "Startup Cost": 2943502.95, "Total Cost": 2947117.69, "Plan Rows": 20, "Plan Width": 199, "Sort Key": ["(sum((lineitem.l_extendedprice * (1::double precision - lineitem.l_discount)))) DESC"], "Plans": [{"Node Type": "Aggregate", "Strategy": "Hashed", "Parent Relationship": "Outer", "Startup Cost": 2890569.14, "Total Cost": 2905028.12, "Plan Rows": 1445898, "Plan Width": 199, "Group By Key": ["customer.c_custkey", "customer.c_name", "customer.c_acctbal", "customer.c_phone", "nation.n_name", "customer.c_address", "customer.c_comment"], "Plans": [{"Node Type": "Hash Join", "Parent Relationship": "Outer", "Join Type": "Inner", "Startup Cost": 579485.57, "Total Cost": 2854421.69, "Plan Rows": 1445898, "Plan Width": 191, "Inner Unique": true, "Hash Cond": "(customer.c_nationkey = nation.n_nationkey), (LLVM Optimized)", "Plans": [{"Node Type": "Hash Join", "Parent Relationship": "Outer", "Join Type": "Inner", "Startup Cost": 579484.01, "Total Cost": 2834539.03, "Plan Rows": 1445898, "Plan Width": 169, "Inner Unique": true, "Hash Cond": "(orders.o_custkey = customer.c_custkey), (LLVM Optimized)", "Plans": [{"Node Type": "Hash Join", "Parent Relationship": "Outer", "Join Type": "Inner", "Startup Cost": 508608.01, "Total Cost": 2743781.94, "Plan Rows": 1445898, "Plan Width": 24, "Inner Unique": true, "Hash Cond": "(lineitem.l_orderkey = orders.o_orderkey), (LLVM Optimized)", "Plans": [{"Node Type": "Seq Scan", "Parent Relationship": "Outer", "Relation Name": "lineitem", "Alias": "lineitem", "Startup Cost": 0.0, "Total Cost": 2165082.91, "Plan Rows": 14835209, "Plan Width": 24, "Filter": "(l_returnflag = 'R'::bpchar), (LLVM Optimized)"}, {"Node Type": "Hash", "Parent Relationship": "Inner", "Startup Cost": 501411.18, "Total Cost": 501411.18, "Plan Rows": 575746, "Plan Width": 16, "Plans": [{"Node Type": "Seq Scan", "Parent Relationship": "Outer", "Relation Name": "orders", "Alias": "orders", "Startup Cost": 585.62, "Total Cost": 501411.18, "Plan Rows": 575746, "Plan Width": 16, "Filter": "((o_orderdate >= '1993-08-01 00:00:00'::timestamp(0) without time zone) AND (o_orderdate < '1993-11-01 00:00:00'::timestamp without time zone)), (LLVM Optimized)"}]}]}, {"Node Type": "Hash", "Parent Relationship": "Inner", "Startup Cost": 52126.0, "Total Cost": 52126.0, "Plan Rows": 1500000, "Plan Width": 153, "Plans": [{"Node Type": "Seq Scan", "Parent Relationship": "Outer", "Relation Name": "customer", "Alias": "customer", "Startup Cost": 0.0, "Total Cost": 52126.0, "Plan Rows": 1500000, "Plan Width": 153}]}]}, {"Node Type": "Hash", "Parent Relationship": "Inner", "Startup Cost": 1.25, "Total Cost": 1.25, "Plan Rows": 25, "Plan Width": 30, "Plans": [{"Node Type": "Seq Scan", "Parent Relationship": "Outer", "Relation Name": "nation", "Alias": "nation", "Startup Cost": 0.0, "Total Cost": 1.25, "Plan Rows": 25, "Plan Width": 30}]}]}]}]}]}, "Unique SQL Id": 1604070524, "Planner Runtime": 1}, "explain_analyze_plan": {"Plan": {"Node Type": "Limit", "Startup Cost": 2943502.95, "Total Cost": 2943503.0, "Plan Rows": 20, "Plan Width": 199, "Actual Startup Time": 36445.204, "Actual Total Time": 36445.212, "Actual Rows": 20, "Actual Loops": 1, "Plans": [{"Node Type": "Sort", "Parent Relationship": "Outer", "Startup Cost": 2943502.95, "Total Cost": 2947117.69, "Plan Rows": 20, "Plan Width": 199, "Actual Startup Time": 36445.202, "Actual Total Time": 36445.207, "Actual Rows": 20, "Actual Loops": 1, "Sort Key": ["(sum((lineitem.l_extendedprice * (1::double precision - lineitem.l_discount)))) DESC"], "Sort Method": "top-N heapsort", "Sort Space Used": 35, "Sort Space Type": "Memory", "Plans": [{"Node Type": "Aggregate", "Strategy": "Hashed", "Parent Relationship": "Outer", "Startup Cost": 2890569.14, "Total Cost": 2905028.12, "Plan Rows": 1445898, "Plan Width": 199, "Actual Startup Time": 36036.211, "Actual Total Time": 36308.683, "Actual Rows": 381542, "Actual Loops": 1, "Group By Key": ["customer.c_custkey", "customer.c_name", "customer.c_acctbal", "customer.c_phone", "nation.n_name", "customer.c_address", "customer.c_comment"], "Plans": [{"Node Type": "Hash Join", "Parent Relationship": "Outer", "Join Type": "Inner", "Startup Cost": 579485.57, "Total Cost": 2854421.69, "Plan Rows": 1445898, "Plan Width": 191, "Actual Startup Time": 6903.26, "Actual Total Time": 34227.795, "Actual Rows": 1145969, "Actual Loops": 1, "Inner Unique": true, "Hash Cond": "(customer.c_nationkey = nation.n_nationkey), (LLVM Optimized, Jit Execute)", "Plans": [{"Node Type": "Hash Join", "Parent Relationship": "Outer", "Join Type": "Inner", "Startup Cost": 579484.01, "Total Cost": 2834539.03, "Plan Rows": 1445898, "Plan Width": 169, "Actual Startup Time": 6903.167, "Actual Total Time": 33759.477, "Actual Rows": 1145969, "Actual Loops": 1, "Inner Unique": true, "Hash Cond": "(orders.o_custkey = customer.c_custkey), (LLVM Optimized, Jit Execute)", "Plans": [{"Node Type": "Hash Join", "Parent Relationship": "Outer", "Join Type": "Inner", "Startup Cost": 508608.01, "Total Cost": 2743781.94, "Plan Rows": 1445898, "Plan Width": 24, "Actual Startup Time": 5606.947, "Actual Total Time": 31725.907, "Actual Rows": 1145969, "Actual Loops": 1, "Inner Unique": true, "Hash Cond": "(lineitem.l_orderkey = orders.o_orderkey), (LLVM Optimized, Jit Execute)", "Plans": [{"Node Type": "Seq Scan", "Parent Relationship": "Outer", "Relation Name": "lineitem", "Alias": "lineitem", "Startup Cost": 0.0, "Total Cost": 2165082.91, "Plan Rows": 14835209, "Plan Width": 24, "Actual Startup Time": 0.022, "Actual Total Time": 22103.583, "Actual Rows": 14808183, "Actual Loops": 1, "Filter": "(l_returnflag = 'R'::bpchar), (LLVM Optimized, Jit Execute)", "Rows Removed by Filter": 45177869}, {"Node Type": "Hash", "Parent Relationship": "Inner", "Startup Cost": 501411.18, "Total Cost": 501411.18, "Plan Rows": 575746, "Plan Width": 16, "Actual Startup Time": 5606.149, "Actual Total Time": 5606.149, "Actual Rows": 573635, "Actual Loops": 1, "Hash Buckets": 1048576, "Hash Batches": 1, "Original Hash Batches": 1, "Peak Memory Usage": 26890, "Plans": [{"Node Type": "Seq Scan", "Parent Relationship": "Outer", "Relation Name": "orders", "Alias": "orders", "Startup Cost": 585.62, "Total Cost": 501411.18, "Plan Rows": 575746, "Plan Width": 16, "Actual Startup Time": 0.026, "Actual Total Time": 5367.895, "Actual Rows": 573635, "Actual Loops": 1, "Filter": "((o_orderdate >= '1993-08-01 00:00:00'::timestamp(0) without time zone) AND (o_orderdate < '1993-11-01 00:00:00'::timestamp without time zone)), (LLVM Optimized, Jit Execute)", "Rows Removed by Filter": 14426365}]}]}, {"Node Type": "Hash", "Parent Relationship": "Inner", "Startup Cost": 52126.0, "Total Cost": 52126.0, "Plan Rows": 1500000, "Plan Width": 153, "Actual Startup Time": 1294.912, "Actual Total Time": 1294.912, "Actual Rows": 1500000, "Actual Loops": 1, "Hash Buckets": 2097152, "Hash Batches": 1, "Original Hash Batches": 1, "Peak Memory Usage": 282695, "Plans": [{"Node Type": "Seq Scan", "Parent Relationship": "Outer", "Relation Name": "customer", "Alias": "customer", "Startup Cost": 0.0, "Total Cost": 52126.0, "Plan Rows": 1500000, "Plan Width": 153, "Actual Startup Time": 0.022, "Actual Total Time": 605.911, "Actual Rows": 1500000, "Actual Loops": 1}]}]}, {"Node Type": "Hash", "Parent Relationship": "Inner", "Startup Cost": 1.25, "Total Cost": 1.25, "Plan Rows": 25, "Plan Width": 30, "Actual Startup Time": 0.043, "Actual Total Time": 0.043, "Actual Rows": 25, "Actual Loops": 1, "Hash Buckets": 32768, "Hash Batches": 1, "Original Hash Batches": 1, "Peak Memory Usage": 2, "Plans": [{"Node Type": "Seq Scan", "Parent Relationship": "Outer", "Relation Name": "nation", "Alias": "nation", "Startup Cost": 0.0, "Total Cost": 1.25, "Plan Rows": 25, "Plan Width": 30, "Actual Startup Time": 0.019, "Actual Total Time": 0.025, "Actual Rows": 25, "Actual Loops": 1}]}]}]}]}]}, "Triggers": [], "Planner Runtime": 1, "Total Runtime": 36456.213, "Unique SQL Id": 1604070524}}, "(16, 9)": {"explain_plan": {"Plan": {"Node Type": "Limit", "Startup Cost": 4127035.84, "Total Cost": 4127035.89, "Plan Rows": 20, "Plan Width": 199, "Plans": [{"Node Type": "Sort", "Parent Relationship": "Outer", "Startup Cost": 4127035.84, "Total Cost": 4130650.58, "Plan Rows": 20, "Plan Width": 199, "Sort Key": ["(sum((lineitem.l_extendedprice * (1::double precision - lineitem.l_discount)))) DESC"], "Plans": [{"Node Type": "Aggregate", "Strategy": "Hashed", "Parent Relationship": "Outer", "Startup Cost": 4074102.03, "Total Cost": 4088561.01, "Plan Rows": 1445898, "Plan Width": 199, "Group By Key": ["customer.c_custkey", "customer.c_name", "customer.c_acctbal", "customer.c_phone", "nation.n_name", "customer.c_address", "customer.c_comment"], "Plans": [{"Node Type": "Nested Loop", "Parent Relationship": "Outer", "Join Type": "Inner", "Startup Cost": 99528.29, "Total Cost": 4037954.58, "Plan Rows": 1445898, "Plan Width": 191, "Inner Unique": false, "Plans": [{"Node Type": "Hash Join", "Parent Relationship": "Outer", "Join Type": "Inner", "Startup Cost": 99528.29, "Total Cost": 921337.14, "Plan Rows": 575746, "Plan Width": 183, "Inner Unique": true, "Hash Cond": "(customer.c_nationkey = nation.n_nationkey), (LLVM Optimized)", "Plans": [{"Node Type": "Hash Join", "Parent Relationship": "Outer", "Join Type": "Inner", "Startup Cost": 99515.36, "Total Cost": 913407.69, "Plan Rows": 575746, "Plan Width": 161, "Inner Unique": true, "Hash Cond": "(orders.o_custkey = customer.c_custkey), (LLVM Optimized)", "Plans": [{"Node Type": "Index Scan", "Parent Relationship": "Outer", "Scan Direction": "Forward", "Index Name": "orders_pkey", "Relation Name": "orders", "Alias": "orders", "Startup Cost": 0.0, "Total Cost": 805975.83, "Plan Rows": 575746, "Plan Width": 16, "Filter": "((o_orderdate >= '1993-08-01 00:00:00'::timestamp(0) without time zone) AND (o_orderdate < '1993-11-01 00:00:00'::timestamp without time zone)), (LLVM Optimized)"}, {"Node Type": "Hash", "Parent Relationship": "Inner", "Startup Cost": 80765.36, "Total Cost": 80765.36, "Plan Rows": 1500000, "Plan Width": 153, "Plans": [{"Node Type": "Index Scan", "Parent Relationship": "Outer", "Scan Direction": "Forward", "Index Name": "customer_pkey", "Relation Name": "customer", "Alias": "customer", "Startup Cost": 0.0, "Total Cost": 80765.36, "Plan Rows": 1500000, "Plan Width": 153}]}]}, {"Node Type": "Hash", "Parent Relationship": "Inner", "Startup Cost": 12.62, "Total Cost": 12.62, "Plan Rows": 25, "Plan Width": 30, "Plans": [{"Node Type": "Index Scan", "Parent Relationship": "Outer", "Scan Direction": "Forward", "Index Name": "nation_pkey", "Relation Name": "nation", "Alias": "nation", "Startup Cost": 0.0, "Total Cost": 12.62, "Plan Rows": 25, "Plan Width": 30}]}]}, {"Node Type": "Index Scan", "Parent Relationship": "Inner", "Scan Direction": "Forward", "Index Name": "idx_lineitem_orderkey", "Relation Name": "lineitem", "Alias": "lineitem", "Startup Cost": 0.0, "Total Cost": 5.38, "Plan Rows": 3, "Plan Width": 24, "Index Cond": "(l_orderkey = orders.o_orderkey)", "Filter": "(l_returnflag = 'R'::bpchar)"}]}]}]}]}, "Unique SQL Id": 1604070524, "Planner Runtime": 2}, "explain_analyze_plan": {"Plan": {"Node Type": "Limit", "Startup Cost": 4127035.84, "Total Cost": 4127035.89, "Plan Rows": 20, "Plan Width": 199, "Actual Startup Time": 22102.896, "Actual Total Time": 22102.901, "Actual Rows": 20, "Actual Loops": 1, "Plans": [{"Node Type": "Sort", "Parent Relationship": "Outer", "Startup Cost": 4127035.84, "Total Cost": 4130650.58, "Plan Rows": 20, "Plan Width": 199, "Actual Startup Time": 22102.892, "Actual Total Time": 22102.894, "Actual Rows": 20, "Actual Loops": 1, "Sort Key": ["(sum((lineitem.l_extendedprice * (1::double precision - lineitem.l_discount)))) DESC"], "Sort Method": "top-N heapsort", "Sort Space Used": 35, "Sort Space Type": "Memory", "Plans": [{"Node Type": "Aggregate", "Strategy": "Hashed", "Parent Relationship": "Outer", "Startup Cost": 4074102.03, "Total Cost": 4088561.01, "Plan Rows": 1445898, "Plan Width": 199, "Actual Startup Time": 21697.408, "Actual Total Time": 21966.438, "Actual Rows": 381542, "Actual Loops": 1, "Group By Key": ["customer.c_custkey", "customer.c_name", "customer.c_acctbal", "customer.c_phone", "nation.n_name", "customer.c_address", "customer.c_comment"], "Plans": [{"Node Type": "Nested Loop", "Parent Relationship": "Outer", "Join Type": "Inner", "Startup Cost": 99528.29, "Total Cost": 4037954.58, "Plan Rows": 1445898, "Plan Width": 191, "Actual Startup Time": 1763.635, "Actual Total Time": 19843.764, "Actual Rows": 1145969, "Actual Loops": 1, "Inner Unique": false, "Plans": [{"Node Type": "Hash Join", "Parent Relationship": "Outer", "Join Type": "Inner", "Startup Cost": 99528.29, "Total Cost": 921337.14, "Plan Rows": 575746, "Plan Width": 183, "Actual Startup Time": 1763.574, "Actual Total Time": 14035.254, "Actual Rows": 573635, "Actual Loops": 1, "Inner Unique": true, "Hash Cond": "(customer.c_nationkey = nation.n_nationkey), (LLVM Optimized, Jit Execute)", "Plans": [{"Node Type": "Hash Join", "Parent Relationship": "Outer", "Join Type": "Inner", "Startup Cost": 99515.36, "Total Cost": 913407.69, "Plan Rows": 575746, "Plan Width": 161, "Actual Startup Time": 1763.472, "Actual Total Time": 13780.974, "Actual Rows": 573635, "Actual Loops": 1, "Inner Unique": true, "Hash Cond": "(orders.o_custkey = customer.c_custkey), (LLVM Optimized, Jit Execute)", "Plans": [{"Node Type": "Index Scan", "Parent Relationship": "Outer", "Scan Direction": "Forward", "Index Name": "orders_pkey", "Relation Name": "orders", "Alias": "orders", "Startup Cost": 0.0, "Total Cost": 805975.83, "Plan Rows": 575746, "Plan Width": 16, "Actual Startup Time": 0.034, "Actual Total Time": 11438.885, "Actual Rows": 573635, "Actual Loops": 1, "Filter": "((o_orderdate >= '1993-08-01 00:00:00'::timestamp(0) without time zone) AND (o_orderdate < '1993-11-01 00:00:00'::timestamp without time zone)), (LLVM Optimized, Jit Execute)", "Rows Removed by Filter": 14426365}, {"Node Type": "Hash", "Parent Relationship": "Inner", "Startup Cost": 80765.36, "Total Cost": 80765.36, "Plan Rows": 1500000, "Plan Width": 153, "Actual Startup Time": 1762.18, "Actual Total Time": 1762.18, "Actual Rows": 1500000, "Actual Loops": 1, "Hash Buckets": 2097152, "Hash Batches": 1, "Original Hash Batches": 1, "Peak Memory Usage": 282695, "Plans": [{"Node Type": "Index Scan", "Parent Relationship": "Outer", "Scan Direction": "Forward", "Index Name": "customer_pkey", "Relation Name": "customer", "Alias": "customer", "Startup Cost": 0.0, "Total Cost": 80765.36, "Plan Rows": 1500000, "Plan Width": 153, "Actual Startup Time": 0.024, "Actual Total Time": 1082.575, "Actual Rows": 1500000, "Actual Loops": 1}]}]}, {"Node Type": "Hash", "Parent Relationship": "Inner", "Startup Cost": 12.62, "Total Cost": 12.62, "Plan Rows": 25, "Plan Width": 30, "Actual Startup Time": 0.053, "Actual Total Time": 0.053, "Actual Rows": 25, "Actual Loops": 1, "Hash Buckets": 32768, "Hash Batches": 1, "Original Hash Batches": 1, "Peak Memory Usage": 2, "Plans": [{"Node Type": "Index Scan", "Parent Relationship": "Outer", "Scan Direction": "Forward", "Index Name": "nation_pkey", "Relation Name": "nation", "Alias": "nation", "Startup Cost": 0.0, "Total Cost": 12.62, "Plan Rows": 25, "Plan Width": 30, "Actual Startup Time": 0.021, "Actual Total Time": 0.038, "Actual Rows": 25, "Actual Loops": 1}]}]}, {"Node Type": "Index Scan", "Parent Relationship": "Inner", "Scan Direction": "Forward", "Index Name": "idx_lineitem_orderkey", "Relation Name": "lineitem", "Alias": "lineitem", "Startup Cost": 0.0, "Total Cost": 5.38, "Plan Rows": 3, "Plan Width": 24, "Actual Startup Time": 3961.05, "Actual Total Time": 5170.281, "Actual Rows": 1145969, "Actual Loops": 573635, "Index Cond": "(l_orderkey = orders.o_orderkey)", "Rows Removed by Index Recheck": 0, "Filter": "(l_returnflag = 'R'::bpchar)", "Rows Removed by Filter": 1146896}]}]}]}]}, "Triggers": [], "Planner Runtime": 1, "Total Runtime": 22113.511, "Unique SQL Id": 1604070524}}, "(16, 10)": {"explain_plan": {"Plan": {"Node Type": "Limit", "Startup Cost": 2943502.95, "Total Cost": 2943503.0, "Plan Rows": 20, "Plan Width": 199, "Plans": [{"Node Type": "Sort", "Parent Relationship": "Outer", "Startup Cost": 2943502.95, "Total Cost": 2947117.69, "Plan Rows": 20, "Plan Width": 199, "Sort Key": ["(sum((lineitem.l_extendedprice * (1::double precision - lineitem.l_discount)))) DESC"], "Plans": [{"Node Type": "Aggregate", "Strategy": "Hashed", "Parent Relationship": "Outer", "Startup Cost": 2890569.14, "Total Cost": 2905028.12, "Plan Rows": 1445898, "Plan Width": 199, "Group By Key": ["customer.c_custkey", "customer.c_name", "customer.c_acctbal", "customer.c_phone", "nation.n_name", "customer.c_address", "customer.c_comment"], "Plans": [{"Node Type": "Hash Join", "Parent Relationship": "Outer", "Join Type": "Inner", "Startup Cost": 579485.57, "Total Cost": 2854421.69, "Plan Rows": 1445898, "Plan Width": 191, "Inner Unique": true, "Hash Cond": "(customer.c_nationkey = nation.n_nationkey), (LLVM Optimized)", "Plans": [{"Node Type": "Hash Join", "Parent Relationship": "Outer", "Join Type": "Inner", "Startup Cost": 579484.01, "Total Cost": 2834539.03, "Plan Rows": 1445898, "Plan Width": 169, "Inner Unique": true, "Hash Cond": "(orders.o_custkey = customer.c_custkey), (LLVM Optimized)", "Plans": [{"Node Type": "Hash Join", "Parent Relationship": "Outer", "Join Type": "Inner", "Startup Cost": 508608.01, "Total Cost": 2743781.94, "Plan Rows": 1445898, "Plan Width": 24, "Inner Unique": true, "Hash Cond": "(lineitem.l_orderkey = orders.o_orderkey), (LLVM Optimized)", "Plans": [{"Node Type": "Seq Scan", "Parent Relationship": "Outer", "Relation Name": "lineitem", "Alias": "lineitem", "Startup Cost": 0.0, "Total Cost": 2165082.91, "Plan Rows": 14835209, "Plan Width": 24, "Filter": "(l_returnflag = 'R'::bpchar), (LLVM Optimized)"}, {"Node Type": "Hash", "Parent Relationship": "Inner", "Startup Cost": 501411.18, "Total Cost": 501411.18, "Plan Rows": 575746, "Plan Width": 16, "Plans": [{"Node Type": "Seq Scan", "Parent Relationship": "Outer", "Relation Name": "orders", "Alias": "orders", "Startup Cost": 585.62, "Total Cost": 501411.18, "Plan Rows": 575746, "Plan Width": 16, "Filter": "((o_orderdate >= '1993-08-01 00:00:00'::timestamp(0) without time zone) AND (o_orderdate < '1993-11-01 00:00:00'::timestamp without time zone)), (LLVM Optimized)"}]}]}, {"Node Type": "Hash", "Parent Relationship": "Inner", "Startup Cost": 52126.0, "Total Cost": 52126.0, "Plan Rows": 1500000, "Plan Width": 153, "Plans": [{"Node Type": "Seq Scan", "Parent Relationship": "Outer", "Relation Name": "customer", "Alias": "customer", "Startup Cost": 0.0, "Total Cost": 52126.0, "Plan Rows": 1500000, "Plan Width": 153}]}]}, {"Node Type": "Hash", "Parent Relationship": "Inner", "Startup Cost": 1.25, "Total Cost": 1.25, "Plan Rows": 25, "Plan Width": 30, "Plans": [{"Node Type": "Seq Scan", "Parent Relationship": "Outer", "Relation Name": "nation", "Alias": "nation", "Startup Cost": 0.0, "Total Cost": 1.25, "Plan Rows": 25, "Plan Width": 30}]}]}]}]}]}, "Unique SQL Id": 1604070524, "Planner Runtime": 2}, "explain_analyze_plan": {"Plan": {"Node Type": "Limit", "Startup Cost": 2943502.95, "Total Cost": 2943503.0, "Plan Rows": 20, "Plan Width": 199, "Actual Startup Time": 36445.204, "Actual Total Time": 36445.212, "Actual Rows": 20, "Actual Loops": 1, "Plans": [{"Node Type": "Sort", "Parent Relationship": "Outer", "Startup Cost": 2943502.95, "Total Cost": 2947117.69, "Plan Rows": 20, "Plan Width": 199, "Actual Startup Time": 36445.202, "Actual Total Time": 36445.207, "Actual Rows": 20, "Actual Loops": 1, "Sort Key": ["(sum((lineitem.l_extendedprice * (1::double precision - lineitem.l_discount)))) DESC"], "Sort Method": "top-N heapsort", "Sort Space Used": 35, "Sort Space Type": "Memory", "Plans": [{"Node Type": "Aggregate", "Strategy": "Hashed", "Parent Relationship": "Outer", "Startup Cost": 2890569.14, "Total Cost": 2905028.12, "Plan Rows": 1445898, "Plan Width": 199, "Actual Startup Time": 36036.211, "Actual Total Time": 36308.683, "Actual Rows": 381542, "Actual Loops": 1, "Group By Key": ["customer.c_custkey", "customer.c_name", "customer.c_acctbal", "customer.c_phone", "nation.n_name", "customer.c_address", "customer.c_comment"], "Plans": [{"Node Type": "Hash Join", "Parent Relationship": "Outer", "Join Type": "Inner", "Startup Cost": 579485.57, "Total Cost": 2854421.69, "Plan Rows": 1445898, "Plan Width": 191, "Actual Startup Time": 6903.26, "Actual Total Time": 34227.795, "Actual Rows": 1145969, "Actual Loops": 1, "Inner Unique": true, "Hash Cond": "(customer.c_nationkey = nation.n_nationkey), (LLVM Optimized, Jit Execute)", "Plans": [{"Node Type": "Hash Join", "Parent Relationship": "Outer", "Join Type": "Inner", "Startup Cost": 579484.01, "Total Cost": 2834539.03, "Plan Rows": 1445898, "Plan Width": 169, "Actual Startup Time": 6903.167, "Actual Total Time": 33759.477, "Actual Rows": 1145969, "Actual Loops": 1, "Inner Unique": true, "Hash Cond": "(orders.o_custkey = customer.c_custkey), (LLVM Optimized, Jit Execute)", "Plans": [{"Node Type": "Hash Join", "Parent Relationship": "Outer", "Join Type": "Inner", "Startup Cost": 508608.01, "Total Cost": 2743781.94, "Plan Rows": 1445898, "Plan Width": 24, "Actual Startup Time": 5606.947, "Actual Total Time": 31725.907, "Actual Rows": 1145969, "Actual Loops": 1, "Inner Unique": true, "Hash Cond": "(lineitem.l_orderkey = orders.o_orderkey), (LLVM Optimized, Jit Execute)", "Plans": [{"Node Type": "Seq Scan", "Parent Relationship": "Outer", "Relation Name": "lineitem", "Alias": "lineitem", "Startup Cost": 0.0, "Total Cost": 2165082.91, "Plan Rows": 14835209, "Plan Width": 24, "Actual Startup Time": 0.022, "Actual Total Time": 22103.583, "Actual Rows": 14808183, "Actual Loops": 1, "Filter": "(l_returnflag = 'R'::bpchar), (LLVM Optimized, Jit Execute)", "Rows Removed by Filter": 45177869}, {"Node Type": "Hash", "Parent Relationship": "Inner", "Startup Cost": 501411.18, "Total Cost": 501411.18, "Plan Rows": 575746, "Plan Width": 16, "Actual Startup Time": 5606.149, "Actual Total Time": 5606.149, "Actual Rows": 573635, "Actual Loops": 1, "Hash Buckets": 1048576, "Hash Batches": 1, "Original Hash Batches": 1, "Peak Memory Usage": 26890, "Plans": [{"Node Type": "Seq Scan", "Parent Relationship": "Outer", "Relation Name": "orders", "Alias": "orders", "Startup Cost": 585.62, "Total Cost": 501411.18, "Plan Rows": 575746, "Plan Width": 16, "Actual Startup Time": 0.026, "Actual Total Time": 5367.895, "Actual Rows": 573635, "Actual Loops": 1, "Filter": "((o_orderdate >= '1993-08-01 00:00:00'::timestamp(0) without time zone) AND (o_orderdate < '1993-11-01 00:00:00'::timestamp without time zone)), (LLVM Optimized, Jit Execute)", "Rows Removed by Filter": 14426365}]}]}, {"Node Type": "Hash", "Parent Relationship": "Inner", "Startup Cost": 52126.0, "Total Cost": 52126.0, "Plan Rows": 1500000, "Plan Width": 153, "Actual Startup Time": 1294.912, "Actual Total Time": 1294.912, "Actual Rows": 1500000, "Actual Loops": 1, "Hash Buckets": 2097152, "Hash Batches": 1, "Original Hash Batches": 1, "Peak Memory Usage": 282695, "Plans": [{"Node Type": "Seq Scan", "Parent Relationship": "Outer", "Relation Name": "customer", "Alias": "customer", "Startup Cost": 0.0, "Total Cost": 52126.0, "Plan Rows": 1500000, "Plan Width": 153, "Actual Startup Time": 0.022, "Actual Total Time": 605.911, "Actual Rows": 1500000, "Actual Loops": 1}]}]}, {"Node Type": "Hash", "Parent Relationship": "Inner", "Startup Cost": 1.25, "Total Cost": 1.25, "Plan Rows": 25, "Plan Width": 30, "Actual Startup Time": 0.043, "Actual Total Time": 0.043, "Actual Rows": 25, "Actual Loops": 1, "Hash Buckets": 32768, "Hash Batches": 1, "Original Hash Batches": 1, "Peak Memory Usage": 2, "Plans": [{"Node Type": "Seq Scan", "Parent Relationship": "Outer", "Relation Name": "nation", "Alias": "nation", "Startup Cost": 0.0, "Total Cost": 1.25, "Plan Rows": 25, "Plan Width": 30, "Actual Startup Time": 0.019, "Actual Total Time": 0.025, "Actual Rows": 25, "Actual Loops": 1}]}]}]}]}]}, "Triggers": [], "Planner Runtime": 1, "Total Runtime": 36456.213, "Unique SQL Id": 1604070524}}, "(16, 11)": {"explain_plan": {"Plan": {"Node Type": "Limit", "Startup Cost": 4032944945746.96, "Total Cost": 4032944945747.01, "Plan Rows": 20, "Plan Width": 199, "Plans": [{"Node Type": "Sort", "Parent Relationship": "Outer", "Startup Cost": 4032944945746.96, "Total Cost": 4032944949361.7, "Plan Rows": 20, "Plan Width": 199, "Sort Key": ["(sum((lineitem.l_extendedprice * (1::double precision - lineitem.l_discount)))) DESC"], "Plans": [{"Node Type": "Aggregate", "Strategy": "Hashed", "Parent Relationship": "Outer", "Startup Cost": 4032944892813.15, "Total Cost": 4032944907272.13, "Plan Rows": 1445898, "Plan Width": 199, "Group By Key": ["customer.c_custkey", "customer.c_name", "customer.c_acctbal", "customer.c_phone", "nation.n_name", "customer.c_address", "customer.c_comment"], "Plans": [{"Node Type": "Nested Loop", "Parent Relationship": "Outer", "Join Type": "Inner", "Startup Cost": 40036112613.17, "Total Cost": 4032944856665.7, "Plan Rows": 1445898, "Plan Width": 191, "Inner Unique": false, "Join Filter": "(customer.c_custkey = orders.o_custkey), (LLVM Optimized)", "Plans": [{"Node Type": "Nested Loop", "Parent Relationship": "Outer", "Join Type": "Inner", "Startup Cost": 20000000000.0, "Total Cost": 2000008640298.18, "Plan Rows": 1500000, "Plan Width": 175, "Inner Unique": true, "Join Filter": "(customer.c_nationkey = nation.n_nationkey), (LLVM Optimized)", "Plans": [{"Node Type": "Index Scan", "Parent Relationship": "Outer", "Scan Direction": "Forward", "Index Name": "customer_pkey", "Relation Name": "customer", "Alias": "customer", "Startup Cost": 10000000000.0, "Total Cost": 1000008076535.62, "Plan Rows": 1500000, "Plan Width": 153}, {"Node Type": "Materialize", "Parent Relationship": "Inner", "Startup Cost": 10000000000.0, "Total Cost": 1000000001262.62, "Plan Rows": 25, "Plan Width": 30, "Plans": [{"Node Type": "Index Scan", "Parent Relationship": "Outer", "Scan Direction": "Forward", "Index Name": "nation_pkey", "Relation Name": "nation", "Alias": "nation", "Startup Cost": 10000000000.0, "Total Cost": 1000000001262.5, "Plan Rows": 25, "Plan Width": 30}]}]}, {"Node Type": "Materialize", "Parent Relationship": "Inner", "Startup Cost": 20036112613.17, "Total Cost": 2000403514982.26, "Plan Rows": 1445898, "Plan Width": 24, "Plans": [{"Node Type": "Merge Join", "Parent Relationship": "Outer", "Join Type": "Inner", "Startup Cost": 20036112613.17, "Total Cost": 2000403507752.77, "Plan Rows": 1445898, "Plan Width": 24, "Inner Unique": false, "Merge Cond": "(orders.o_orderkey = lineitem.l_orderkey)", "Plans": [{"Node Type": "Index Scan", "Parent Relationship": "Outer", "Scan Direction": "Forward", "Index Name": "orders_pkey", "Relation Name": "orders", "Alias": "orders", "Startup Cost": 10000000000.0, "Total Cost": 1000080597583.0, "Plan Rows": 575746, "Plan Width": 16, "Filter": "((o_orderdate >= '1993-08-01 00:00:00'::timestamp(0) without time zone) AND (o_orderdate < '1993-11-01 00:00:00'::timestamp without time zone)), (LLVM Optimized)"}, {"Node Type": "Index Scan", "Parent Relationship": "Inner", "Scan Direction": "Forward", "Index Name": "idx_lineitem_orderkey", "Relation Name": "lineitem", "Alias": "lineitem", "Startup Cost": 10000000000.0, "Total Cost": 1000339012132.75, "Plan Rows": 14835209, "Plan Width": 24, "Filter": "(l_returnflag = 'R'::bpchar), (LLVM Optimized)"}]}]}]}]}]}]}, "Unique SQL Id": 1604070524, "Planner Runtime": 1}, "explain_analyze_plan": null}, "(16, 12)": {"explain_plan": {"Plan": {"Node Type": "Limit", "Startup Cost": 2943502.95, "Total Cost": 2943503.0, "Plan Rows": 20, "Plan Width": 199, "Plans": [{"Node Type": "Sort", "Parent Relationship": "Outer", "Startup Cost": 2943502.95, "Total Cost": 2947117.69, "Plan Rows": 20, "Plan Width": 199, "Sort Key": ["(sum((lineitem.l_extendedprice * (1::double precision - lineitem.l_discount)))) DESC"], "Plans": [{"Node Type": "Aggregate", "Strategy": "Hashed", "Parent Relationship": "Outer", "Startup Cost": 2890569.14, "Total Cost": 2905028.12, "Plan Rows": 1445898, "Plan Width": 199, "Group By Key": ["customer.c_custkey", "customer.c_name", "customer.c_acctbal", "customer.c_phone", "nation.n_name", "customer.c_address", "customer.c_comment"], "Plans": [{"Node Type": "Hash Join", "Parent Relationship": "Outer", "Join Type": "Inner", "Startup Cost": 579485.57, "Total Cost": 2854421.69, "Plan Rows": 1445898, "Plan Width": 191, "Inner Unique": true, "Hash Cond": "(customer.c_nationkey = nation.n_nationkey), (LLVM Optimized)", "Plans": [{"Node Type": "Hash Join", "Parent Relationship": "Outer", "Join Type": "Inner", "Startup Cost": 579484.01, "Total Cost": 2834539.03, "Plan Rows": 1445898, "Plan Width": 169, "Inner Unique": true, "Hash Cond": "(orders.o_custkey = customer.c_custkey), (LLVM Optimized)", "Plans": [{"Node Type": "Hash Join", "Parent Relationship": "Outer", "Join Type": "Inner", "Startup Cost": 508608.01, "Total Cost": 2743781.94, "Plan Rows": 1445898, "Plan Width": 24, "Inner Unique": true, "Hash Cond": "(lineitem.l_orderkey = orders.o_orderkey), (LLVM Optimized)", "Plans": [{"Node Type": "Seq Scan", "Parent Relationship": "Outer", "Relation Name": "lineitem", "Alias": "lineitem", "Startup Cost": 0.0, "Total Cost": 2165082.91, "Plan Rows": 14835209, "Plan Width": 24, "Filter": "(l_returnflag = 'R'::bpchar), (LLVM Optimized)"}, {"Node Type": "Hash", "Parent Relationship": "Inner", "Startup Cost": 501411.18, "Total Cost": 501411.18, "Plan Rows": 575746, "Plan Width": 16, "Plans": [{"Node Type": "Seq Scan", "Parent Relationship": "Outer", "Relation Name": "orders", "Alias": "orders", "Startup Cost": 585.62, "Total Cost": 501411.18, "Plan Rows": 575746, "Plan Width": 16, "Filter": "((o_orderdate >= '1993-08-01 00:00:00'::timestamp(0) without time zone) AND (o_orderdate < '1993-11-01 00:00:00'::timestamp without time zone)), (LLVM Optimized)"}]}]}, {"Node Type": "Hash", "Parent Relationship": "Inner", "Startup Cost": 52126.0, "Total Cost": 52126.0, "Plan Rows": 1500000, "Plan Width": 153, "Plans": [{"Node Type": "Seq Scan", "Parent Relationship": "Outer", "Relation Name": "customer", "Alias": "customer", "Startup Cost": 0.0, "Total Cost": 52126.0, "Plan Rows": 1500000, "Plan Width": 153}]}]}, {"Node Type": "Hash", "Parent Relationship": "Inner", "Startup Cost": 1.25, "Total Cost": 1.25, "Plan Rows": 25, "Plan Width": 30, "Plans": [{"Node Type": "Seq Scan", "Parent Relationship": "Outer", "Relation Name": "nation", "Alias": "nation", "Startup Cost": 0.0, "Total Cost": 1.25, "Plan Rows": 25, "Plan Width": 30}]}]}]}]}]}, "Unique SQL Id": 1604070524, "Planner Runtime": 2}, "explain_analyze_plan": {"Plan": {"Node Type": "Limit", "Startup Cost": 2943502.95, "Total Cost": 2943503.0, "Plan Rows": 20, "Plan Width": 199, "Actual Startup Time": 36445.204, "Actual Total Time": 36445.212, "Actual Rows": 20, "Actual Loops": 1, "Plans": [{"Node Type": "Sort", "Parent Relationship": "Outer", "Startup Cost": 2943502.95, "Total Cost": 2947117.69, "Plan Rows": 20, "Plan Width": 199, "Actual Startup Time": 36445.202, "Actual Total Time": 36445.207, "Actual Rows": 20, "Actual Loops": 1, "Sort Key": ["(sum((lineitem.l_extendedprice * (1::double precision - lineitem.l_discount)))) DESC"], "Sort Method": "top-N heapsort", "Sort Space Used": 35, "Sort Space Type": "Memory", "Plans": [{"Node Type": "Aggregate", "Strategy": "Hashed", "Parent Relationship": "Outer", "Startup Cost": 2890569.14, "Total Cost": 2905028.12, "Plan Rows": 1445898, "Plan Width": 199, "Actual Startup Time": 36036.211, "Actual Total Time": 36308.683, "Actual Rows": 381542, "Actual Loops": 1, "Group By Key": ["customer.c_custkey", "customer.c_name", "customer.c_acctbal", "customer.c_phone", "nation.n_name", "customer.c_address", "customer.c_comment"], "Plans": [{"Node Type": "Hash Join", "Parent Relationship": "Outer", "Join Type": "Inner", "Startup Cost": 579485.57, "Total Cost": 2854421.69, "Plan Rows": 1445898, "Plan Width": 191, "Actual Startup Time": 6903.26, "Actual Total Time": 34227.795, "Actual Rows": 1145969, "Actual Loops": 1, "Inner Unique": true, "Hash Cond": "(customer.c_nationkey = nation.n_nationkey), (LLVM Optimized, Jit Execute)", "Plans": [{"Node Type": "Hash Join", "Parent Relationship": "Outer", "Join Type": "Inner", "Startup Cost": 579484.01, "Total Cost": 2834539.03, "Plan Rows": 1445898, "Plan Width": 169, "Actual Startup Time": 6903.167, "Actual Total Time": 33759.477, "Actual Rows": 1145969, "Actual Loops": 1, "Inner Unique": true, "Hash Cond": "(orders.o_custkey = customer.c_custkey), (LLVM Optimized, Jit Execute)", "Plans": [{"Node Type": "Hash Join", "Parent Relationship": "Outer", "Join Type": "Inner", "Startup Cost": 508608.01, "Total Cost": 2743781.94, "Plan Rows": 1445898, "Plan Width": 24, "Actual Startup Time": 5606.947, "Actual Total Time": 31725.907, "Actual Rows": 1145969, "Actual Loops": 1, "Inner Unique": true, "Hash Cond": "(lineitem.l_orderkey = orders.o_orderkey), (LLVM Optimized, Jit Execute)", "Plans": [{"Node Type": "Seq Scan", "Parent Relationship": "Outer", "Relation Name": "lineitem", "Alias": "lineitem", "Startup Cost": 0.0, "Total Cost": 2165082.91, "Plan Rows": 14835209, "Plan Width": 24, "Actual Startup Time": 0.022, "Actual Total Time": 22103.583, "Actual Rows": 14808183, "Actual Loops": 1, "Filter": "(l_returnflag = 'R'::bpchar), (LLVM Optimized, Jit Execute)", "Rows Removed by Filter": 45177869}, {"Node Type": "Hash", "Parent Relationship": "Inner", "Startup Cost": 501411.18, "Total Cost": 501411.18, "Plan Rows": 575746, "Plan Width": 16, "Actual Startup Time": 5606.149, "Actual Total Time": 5606.149, "Actual Rows": 573635, "Actual Loops": 1, "Hash Buckets": 1048576, "Hash Batches": 1, "Original Hash Batches": 1, "Peak Memory Usage": 26890, "Plans": [{"Node Type": "Seq Scan", "Parent Relationship": "Outer", "Relation Name": "orders", "Alias": "orders", "Startup Cost": 585.62, "Total Cost": 501411.18, "Plan Rows": 575746, "Plan Width": 16, "Actual Startup Time": 0.026, "Actual Total Time": 5367.895, "Actual Rows": 573635, "Actual Loops": 1, "Filter": "((o_orderdate >= '1993-08-01 00:00:00'::timestamp(0) without time zone) AND (o_orderdate < '1993-11-01 00:00:00'::timestamp without time zone)), (LLVM Optimized, Jit Execute)", "Rows Removed by Filter": 14426365}]}]}, {"Node Type": "Hash", "Parent Relationship": "Inner", "Startup Cost": 52126.0, "Total Cost": 52126.0, "Plan Rows": 1500000, "Plan Width": 153, "Actual Startup Time": 1294.912, "Actual Total Time": 1294.912, "Actual Rows": 1500000, "Actual Loops": 1, "Hash Buckets": 2097152, "Hash Batches": 1, "Original Hash Batches": 1, "Peak Memory Usage": 282695, "Plans": [{"Node Type": "Seq Scan", "Parent Relationship": "Outer", "Relation Name": "customer", "Alias": "customer", "Startup Cost": 0.0, "Total Cost": 52126.0, "Plan Rows": 1500000, "Plan Width": 153, "Actual Startup Time": 0.022, "Actual Total Time": 605.911, "Actual Rows": 1500000, "Actual Loops": 1}]}]}, {"Node Type": "Hash", "Parent Relationship": "Inner", "Startup Cost": 1.25, "Total Cost": 1.25, "Plan Rows": 25, "Plan Width": 30, "Actual Startup Time": 0.043, "Actual Total Time": 0.043, "Actual Rows": 25, "Actual Loops": 1, "Hash Buckets": 32768, "Hash Batches": 1, "Original Hash Batches": 1, "Peak Memory Usage": 2, "Plans": [{"Node Type": "Seq Scan", "Parent Relationship": "Outer", "Relation Name": "nation", "Alias": "nation", "Startup Cost": 0.0, "Total Cost": 1.25, "Plan Rows": 25, "Plan Width": 30, "Actual Startup Time": 0.019, "Actual Total Time": 0.025, "Actual Rows": 25, "Actual Loops": 1}]}]}]}]}]}, "Triggers": [], "Planner Runtime": 1, "Total Runtime": 36456.213, "Unique SQL Id": 1604070524}}, "(16, 13)": {"explain_plan": {"Plan": {"Node Type": "Limit", "Startup Cost": 4127035.84, "Total Cost": 4127035.89, "Plan Rows": 20, "Plan Width": 199, "Plans": [{"Node Type": "Sort", "Parent Relationship": "Outer", "Startup Cost": 4127035.84, "Total Cost": 4130650.58, "Plan Rows": 20, "Plan Width": 199, "Sort Key": ["(sum((lineitem.l_extendedprice * (1::double precision - lineitem.l_discount)))) DESC"], "Plans": [{"Node Type": "Aggregate", "Strategy": "Hashed", "Parent Relationship": "Outer", "Startup Cost": 4074102.03, "Total Cost": 4088561.01, "Plan Rows": 1445898, "Plan Width": 199, "Group By Key": ["customer.c_custkey", "customer.c_name", "customer.c_acctbal", "customer.c_phone", "nation.n_name", "customer.c_address", "customer.c_comment"], "Plans": [{"Node Type": "Nested Loop", "Parent Relationship": "Outer", "Join Type": "Inner", "Startup Cost": 99528.29, "Total Cost": 4037954.58, "Plan Rows": 1445898, "Plan Width": 191, "Inner Unique": false, "Plans": [{"Node Type": "Hash Join", "Parent Relationship": "Outer", "Join Type": "Inner", "Startup Cost": 99528.29, "Total Cost": 921337.14, "Plan Rows": 575746, "Plan Width": 183, "Inner Unique": true, "Hash Cond": "(customer.c_nationkey = nation.n_nationkey), (LLVM Optimized)", "Plans": [{"Node Type": "Hash Join", "Parent Relationship": "Outer", "Join Type": "Inner", "Startup Cost": 99515.36, "Total Cost": 913407.69, "Plan Rows": 575746, "Plan Width": 161, "Inner Unique": true, "Hash Cond": "(orders.o_custkey = customer.c_custkey), (LLVM Optimized)", "Plans": [{"Node Type": "Index Scan", "Parent Relationship": "Outer", "Scan Direction": "Forward", "Index Name": "orders_pkey", "Relation Name": "orders", "Alias": "orders", "Startup Cost": 0.0, "Total Cost": 805975.83, "Plan Rows": 575746, "Plan Width": 16, "Filter": "((o_orderdate >= '1993-08-01 00:00:00'::timestamp(0) without time zone) AND (o_orderdate < '1993-11-01 00:00:00'::timestamp without time zone)), (LLVM Optimized)"}, {"Node Type": "Hash", "Parent Relationship": "Inner", "Startup Cost": 80765.36, "Total Cost": 80765.36, "Plan Rows": 1500000, "Plan Width": 153, "Plans": [{"Node Type": "Index Scan", "Parent Relationship": "Outer", "Scan Direction": "Forward", "Index Name": "customer_pkey", "Relation Name": "customer", "Alias": "customer", "Startup Cost": 0.0, "Total Cost": 80765.36, "Plan Rows": 1500000, "Plan Width": 153}]}]}, {"Node Type": "Hash", "Parent Relationship": "Inner", "Startup Cost": 12.62, "Total Cost": 12.62, "Plan Rows": 25, "Plan Width": 30, "Plans": [{"Node Type": "Index Scan", "Parent Relationship": "Outer", "Scan Direction": "Forward", "Index Name": "nation_pkey", "Relation Name": "nation", "Alias": "nation", "Startup Cost": 0.0, "Total Cost": 12.62, "Plan Rows": 25, "Plan Width": 30}]}]}, {"Node Type": "Index Scan", "Parent Relationship": "Inner", "Scan Direction": "Forward", "Index Name": "idx_lineitem_orderkey", "Relation Name": "lineitem", "Alias": "lineitem", "Startup Cost": 0.0, "Total Cost": 5.38, "Plan Rows": 3, "Plan Width": 24, "Index Cond": "(l_orderkey = orders.o_orderkey)", "Filter": "(l_returnflag = 'R'::bpchar)"}]}]}]}]}, "Unique SQL Id": 1604070524, "Planner Runtime": 1}, "explain_analyze_plan": {"Plan": {"Node Type": "Limit", "Startup Cost": 4127035.84, "Total Cost": 4127035.89, "Plan Rows": 20, "Plan Width": 199, "Actual Startup Time": 22102.896, "Actual Total Time": 22102.901, "Actual Rows": 20, "Actual Loops": 1, "Plans": [{"Node Type": "Sort", "Parent Relationship": "Outer", "Startup Cost": 4127035.84, "Total Cost": 4130650.58, "Plan Rows": 20, "Plan Width": 199, "Actual Startup Time": 22102.892, "Actual Total Time": 22102.894, "Actual Rows": 20, "Actual Loops": 1, "Sort Key": ["(sum((lineitem.l_extendedprice * (1::double precision - lineitem.l_discount)))) DESC"], "Sort Method": "top-N heapsort", "Sort Space Used": 35, "Sort Space Type": "Memory", "Plans": [{"Node Type": "Aggregate", "Strategy": "Hashed", "Parent Relationship": "Outer", "Startup Cost": 4074102.03, "Total Cost": 4088561.01, "Plan Rows": 1445898, "Plan Width": 199, "Actual Startup Time": 21697.408, "Actual Total Time": 21966.438, "Actual Rows": 381542, "Actual Loops": 1, "Group By Key": ["customer.c_custkey", "customer.c_name", "customer.c_acctbal", "customer.c_phone", "nation.n_name", "customer.c_address", "customer.c_comment"], "Plans": [{"Node Type": "Nested Loop", "Parent Relationship": "Outer", "Join Type": "Inner", "Startup Cost": 99528.29, "Total Cost": 4037954.58, "Plan Rows": 1445898, "Plan Width": 191, "Actual Startup Time": 1763.635, "Actual Total Time": 19843.764, "Actual Rows": 1145969, "Actual Loops": 1, "Inner Unique": false, "Plans": [{"Node Type": "Hash Join", "Parent Relationship": "Outer", "Join Type": "Inner", "Startup Cost": 99528.29, "Total Cost": 921337.14, "Plan Rows": 575746, "Plan Width": 183, "Actual Startup Time": 1763.574, "Actual Total Time": 14035.254, "Actual Rows": 573635, "Actual Loops": 1, "Inner Unique": true, "Hash Cond": "(customer.c_nationkey = nation.n_nationkey), (LLVM Optimized, Jit Execute)", "Plans": [{"Node Type": "Hash Join", "Parent Relationship": "Outer", "Join Type": "Inner", "Startup Cost": 99515.36, "Total Cost": 913407.69, "Plan Rows": 575746, "Plan Width": 161, "Actual Startup Time": 1763.472, "Actual Total Time": 13780.974, "Actual Rows": 573635, "Actual Loops": 1, "Inner Unique": true, "Hash Cond": "(orders.o_custkey = customer.c_custkey), (LLVM Optimized, Jit Execute)", "Plans": [{"Node Type": "Index Scan", "Parent Relationship": "Outer", "Scan Direction": "Forward", "Index Name": "orders_pkey", "Relation Name": "orders", "Alias": "orders", "Startup Cost": 0.0, "Total Cost": 805975.83, "Plan Rows": 575746, "Plan Width": 16, "Actual Startup Time": 0.034, "Actual Total Time": 11438.885, "Actual Rows": 573635, "Actual Loops": 1, "Filter": "((o_orderdate >= '1993-08-01 00:00:00'::timestamp(0) without time zone) AND (o_orderdate < '1993-11-01 00:00:00'::timestamp without time zone)), (LLVM Optimized, Jit Execute)", "Rows Removed by Filter": 14426365}, {"Node Type": "Hash", "Parent Relationship": "Inner", "Startup Cost": 80765.36, "Total Cost": 80765.36, "Plan Rows": 1500000, "Plan Width": 153, "Actual Startup Time": 1762.18, "Actual Total Time": 1762.18, "Actual Rows": 1500000, "Actual Loops": 1, "Hash Buckets": 2097152, "Hash Batches": 1, "Original Hash Batches": 1, "Peak Memory Usage": 282695, "Plans": [{"Node Type": "Index Scan", "Parent Relationship": "Outer", "Scan Direction": "Forward", "Index Name": "customer_pkey", "Relation Name": "customer", "Alias": "customer", "Startup Cost": 0.0, "Total Cost": 80765.36, "Plan Rows": 1500000, "Plan Width": 153, "Actual Startup Time": 0.024, "Actual Total Time": 1082.575, "Actual Rows": 1500000, "Actual Loops": 1}]}]}, {"Node Type": "Hash", "Parent Relationship": "Inner", "Startup Cost": 12.62, "Total Cost": 12.62, "Plan Rows": 25, "Plan Width": 30, "Actual Startup Time": 0.053, "Actual Total Time": 0.053, "Actual Rows": 25, "Actual Loops": 1, "Hash Buckets": 32768, "Hash Batches": 1, "Original Hash Batches": 1, "Peak Memory Usage": 2, "Plans": [{"Node Type": "Index Scan", "Parent Relationship": "Outer", "Scan Direction": "Forward", "Index Name": "nation_pkey", "Relation Name": "nation", "Alias": "nation", "Startup Cost": 0.0, "Total Cost": 12.62, "Plan Rows": 25, "Plan Width": 30, "Actual Startup Time": 0.021, "Actual Total Time": 0.038, "Actual Rows": 25, "Actual Loops": 1}]}]}, {"Node Type": "Index Scan", "Parent Relationship": "Inner", "Scan Direction": "Forward", "Index Name": "idx_lineitem_orderkey", "Relation Name": "lineitem", "Alias": "lineitem", "Startup Cost": 0.0, "Total Cost": 5.38, "Plan Rows": 3, "Plan Width": 24, "Actual Startup Time": 3961.05, "Actual Total Time": 5170.281, "Actual Rows": 1145969, "Actual Loops": 573635, "Index Cond": "(l_orderkey = orders.o_orderkey)", "Rows Removed by Index Recheck": 0, "Filter": "(l_returnflag = 'R'::bpchar)", "Rows Removed by Filter": 1146896}]}]}]}]}, "Triggers": [], "Planner Runtime": 1, "Total Runtime": 22113.511, "Unique SQL Id": 1604070524}}, "(16, 14)": {"explain_plan": {"Plan": {"Node Type": "Limit", "Startup Cost": 2943502.95, "Total Cost": 2943503.0, "Plan Rows": 20, "Plan Width": 199, "Plans": [{"Node Type": "Sort", "Parent Relationship": "Outer", "Startup Cost": 2943502.95, "Total Cost": 2947117.69, "Plan Rows": 20, "Plan Width": 199, "Sort Key": ["(sum((lineitem.l_extendedprice * (1::double precision - lineitem.l_discount)))) DESC"], "Plans": [{"Node Type": "Aggregate", "Strategy": "Hashed", "Parent Relationship": "Outer", "Startup Cost": 2890569.14, "Total Cost": 2905028.12, "Plan Rows": 1445898, "Plan Width": 199, "Group By Key": ["customer.c_custkey", "customer.c_name", "customer.c_acctbal", "customer.c_phone", "nation.n_name", "customer.c_address", "customer.c_comment"], "Plans": [{"Node Type": "Hash Join", "Parent Relationship": "Outer", "Join Type": "Inner", "Startup Cost": 579485.57, "Total Cost": 2854421.69, "Plan Rows": 1445898, "Plan Width": 191, "Inner Unique": true, "Hash Cond": "(customer.c_nationkey = nation.n_nationkey), (LLVM Optimized)", "Plans": [{"Node Type": "Hash Join", "Parent Relationship": "Outer", "Join Type": "Inner", "Startup Cost": 579484.01, "Total Cost": 2834539.03, "Plan Rows": 1445898, "Plan Width": 169, "Inner Unique": true, "Hash Cond": "(orders.o_custkey = customer.c_custkey), (LLVM Optimized)", "Plans": [{"Node Type": "Hash Join", "Parent Relationship": "Outer", "Join Type": "Inner", "Startup Cost": 508608.01, "Total Cost": 2743781.94, "Plan Rows": 1445898, "Plan Width": 24, "Inner Unique": true, "Hash Cond": "(lineitem.l_orderkey = orders.o_orderkey), (LLVM Optimized)", "Plans": [{"Node Type": "Seq Scan", "Parent Relationship": "Outer", "Relation Name": "lineitem", "Alias": "lineitem", "Startup Cost": 0.0, "Total Cost": 2165082.91, "Plan Rows": 14835209, "Plan Width": 24, "Filter": "(l_returnflag = 'R'::bpchar), (LLVM Optimized)"}, {"Node Type": "Hash", "Parent Relationship": "Inner", "Startup Cost": 501411.18, "Total Cost": 501411.18, "Plan Rows": 575746, "Plan Width": 16, "Plans": [{"Node Type": "Seq Scan", "Parent Relationship": "Outer", "Relation Name": "orders", "Alias": "orders", "Startup Cost": 585.62, "Total Cost": 501411.18, "Plan Rows": 575746, "Plan Width": 16, "Filter": "((o_orderdate >= '1993-08-01 00:00:00'::timestamp(0) without time zone) AND (o_orderdate < '1993-11-01 00:00:00'::timestamp without time zone)), (LLVM Optimized)"}]}]}, {"Node Type": "Hash", "Parent Relationship": "Inner", "Startup Cost": 52126.0, "Total Cost": 52126.0, "Plan Rows": 1500000, "Plan Width": 153, "Plans": [{"Node Type": "Seq Scan", "Parent Relationship": "Outer", "Relation Name": "customer", "Alias": "customer", "Startup Cost": 0.0, "Total Cost": 52126.0, "Plan Rows": 1500000, "Plan Width": 153}]}]}, {"Node Type": "Hash", "Parent Relationship": "Inner", "Startup Cost": 1.25, "Total Cost": 1.25, "Plan Rows": 25, "Plan Width": 30, "Plans": [{"Node Type": "Seq Scan", "Parent Relationship": "Outer", "Relation Name": "nation", "Alias": "nation", "Startup Cost": 0.0, "Total Cost": 1.25, "Plan Rows": 25, "Plan Width": 30}]}]}]}]}]}, "Unique SQL Id": 1604070524, "Planner Runtime": 1}, "explain_analyze_plan": {"Plan": {"Node Type": "Limit", "Startup Cost": 2943502.95, "Total Cost": 2943503.0, "Plan Rows": 20, "Plan Width": 199, "Actual Startup Time": 36445.204, "Actual Total Time": 36445.212, "Actual Rows": 20, "Actual Loops": 1, "Plans": [{"Node Type": "Sort", "Parent Relationship": "Outer", "Startup Cost": 2943502.95, "Total Cost": 2947117.69, "Plan Rows": 20, "Plan Width": 199, "Actual Startup Time": 36445.202, "Actual Total Time": 36445.207, "Actual Rows": 20, "Actual Loops": 1, "Sort Key": ["(sum((lineitem.l_extendedprice * (1::double precision - lineitem.l_discount)))) DESC"], "Sort Method": "top-N heapsort", "Sort Space Used": 35, "Sort Space Type": "Memory", "Plans": [{"Node Type": "Aggregate", "Strategy": "Hashed", "Parent Relationship": "Outer", "Startup Cost": 2890569.14, "Total Cost": 2905028.12, "Plan Rows": 1445898, "Plan Width": 199, "Actual Startup Time": 36036.211, "Actual Total Time": 36308.683, "Actual Rows": 381542, "Actual Loops": 1, "Group By Key": ["customer.c_custkey", "customer.c_name", "customer.c_acctbal", "customer.c_phone", "nation.n_name", "customer.c_address", "customer.c_comment"], "Plans": [{"Node Type": "Hash Join", "Parent Relationship": "Outer", "Join Type": "Inner", "Startup Cost": 579485.57, "Total Cost": 2854421.69, "Plan Rows": 1445898, "Plan Width": 191, "Actual Startup Time": 6903.26, "Actual Total Time": 34227.795, "Actual Rows": 1145969, "Actual Loops": 1, "Inner Unique": true, "Hash Cond": "(customer.c_nationkey = nation.n_nationkey), (LLVM Optimized, Jit Execute)", "Plans": [{"Node Type": "Hash Join", "Parent Relationship": "Outer", "Join Type": "Inner", "Startup Cost": 579484.01, "Total Cost": 2834539.03, "Plan Rows": 1445898, "Plan Width": 169, "Actual Startup Time": 6903.167, "Actual Total Time": 33759.477, "Actual Rows": 1145969, "Actual Loops": 1, "Inner Unique": true, "Hash Cond": "(orders.o_custkey = customer.c_custkey), (LLVM Optimized, Jit Execute)", "Plans": [{"Node Type": "Hash Join", "Parent Relationship": "Outer", "Join Type": "Inner", "Startup Cost": 508608.01, "Total Cost": 2743781.94, "Plan Rows": 1445898, "Plan Width": 24, "Actual Startup Time": 5606.947, "Actual Total Time": 31725.907, "Actual Rows": 1145969, "Actual Loops": 1, "Inner Unique": true, "Hash Cond": "(lineitem.l_orderkey = orders.o_orderkey), (LLVM Optimized, Jit Execute)", "Plans": [{"Node Type": "Seq Scan", "Parent Relationship": "Outer", "Relation Name": "lineitem", "Alias": "lineitem", "Startup Cost": 0.0, "Total Cost": 2165082.91, "Plan Rows": 14835209, "Plan Width": 24, "Actual Startup Time": 0.022, "Actual Total Time": 22103.583, "Actual Rows": 14808183, "Actual Loops": 1, "Filter": "(l_returnflag = 'R'::bpchar), (LLVM Optimized, Jit Execute)", "Rows Removed by Filter": 45177869}, {"Node Type": "Hash", "Parent Relationship": "Inner", "Startup Cost": 501411.18, "Total Cost": 501411.18, "Plan Rows": 575746, "Plan Width": 16, "Actual Startup Time": 5606.149, "Actual Total Time": 5606.149, "Actual Rows": 573635, "Actual Loops": 1, "Hash Buckets": 1048576, "Hash Batches": 1, "Original Hash Batches": 1, "Peak Memory Usage": 26890, "Plans": [{"Node Type": "Seq Scan", "Parent Relationship": "Outer", "Relation Name": "orders", "Alias": "orders", "Startup Cost": 585.62, "Total Cost": 501411.18, "Plan Rows": 575746, "Plan Width": 16, "Actual Startup Time": 0.026, "Actual Total Time": 5367.895, "Actual Rows": 573635, "Actual Loops": 1, "Filter": "((o_orderdate >= '1993-08-01 00:00:00'::timestamp(0) without time zone) AND (o_orderdate < '1993-11-01 00:00:00'::timestamp without time zone)), (LLVM Optimized, Jit Execute)", "Rows Removed by Filter": 14426365}]}]}, {"Node Type": "Hash", "Parent Relationship": "Inner", "Startup Cost": 52126.0, "Total Cost": 52126.0, "Plan Rows": 1500000, "Plan Width": 153, "Actual Startup Time": 1294.912, "Actual Total Time": 1294.912, "Actual Rows": 1500000, "Actual Loops": 1, "Hash Buckets": 2097152, "Hash Batches": 1, "Original Hash Batches": 1, "Peak Memory Usage": 282695, "Plans": [{"Node Type": "Seq Scan", "Parent Relationship": "Outer", "Relation Name": "customer", "Alias": "customer", "Startup Cost": 0.0, "Total Cost": 52126.0, "Plan Rows": 1500000, "Plan Width": 153, "Actual Startup Time": 0.022, "Actual Total Time": 605.911, "Actual Rows": 1500000, "Actual Loops": 1}]}]}, {"Node Type": "Hash", "Parent Relationship": "Inner", "Startup Cost": 1.25, "Total Cost": 1.25, "Plan Rows": 25, "Plan Width": 30, "Actual Startup Time": 0.043, "Actual Total Time": 0.043, "Actual Rows": 25, "Actual Loops": 1, "Hash Buckets": 32768, "Hash Batches": 1, "Original Hash Batches": 1, "Peak Memory Usage": 2, "Plans": [{"Node Type": "Seq Scan", "Parent Relationship": "Outer", "Relation Name": "nation", "Alias": "nation", "Startup Cost": 0.0, "Total Cost": 1.25, "Plan Rows": 25, "Plan Width": 30, "Actual Startup Time": 0.019, "Actual Total Time": 0.025, "Actual Rows": 25, "Actual Loops": 1}]}]}]}]}]}, "Triggers": [], "Planner Runtime": 1, "Total Runtime": 36456.213, "Unique SQL Id": 1604070524}}, "(16, 15)": {"explain_plan": {"Plan": {"Node Type": "Limit", "Startup Cost": 4032944945746.96, "Total Cost": 4032944945747.01, "Plan Rows": 20, "Plan Width": 199, "Plans": [{"Node Type": "Sort", "Parent Relationship": "Outer", "Startup Cost": 4032944945746.96, "Total Cost": 4032944949361.7, "Plan Rows": 20, "Plan Width": 199, "Sort Key": ["(sum((lineitem.l_extendedprice * (1::double precision - lineitem.l_discount)))) DESC"], "Plans": [{"Node Type": "Aggregate", "Strategy": "Hashed", "Parent Relationship": "Outer", "Startup Cost": 4032944892813.15, "Total Cost": 4032944907272.13, "Plan Rows": 1445898, "Plan Width": 199, "Group By Key": ["customer.c_custkey", "customer.c_name", "customer.c_acctbal", "customer.c_phone", "nation.n_name", "customer.c_address", "customer.c_comment"], "Plans": [{"Node Type": "Nested Loop", "Parent Relationship": "Outer", "Join Type": "Inner", "Startup Cost": 40036112613.17, "Total Cost": 4032944856665.7, "Plan Rows": 1445898, "Plan Width": 191, "Inner Unique": false, "Join Filter": "(customer.c_custkey = orders.o_custkey), (LLVM Optimized)", "Plans": [{"Node Type": "Nested Loop", "Parent Relationship": "Outer", "Join Type": "Inner", "Startup Cost": 20000000000.0, "Total Cost": 2000008640298.18, "Plan Rows": 1500000, "Plan Width": 175, "Inner Unique": true, "Join Filter": "(customer.c_nationkey = nation.n_nationkey), (LLVM Optimized)", "Plans": [{"Node Type": "Index Scan", "Parent Relationship": "Outer", "Scan Direction": "Forward", "Index Name": "customer_pkey", "Relation Name": "customer", "Alias": "customer", "Startup Cost": 10000000000.0, "Total Cost": 1000008076535.62, "Plan Rows": 1500000, "Plan Width": 153}, {"Node Type": "Materialize", "Parent Relationship": "Inner", "Startup Cost": 10000000000.0, "Total Cost": 1000000001262.62, "Plan Rows": 25, "Plan Width": 30, "Plans": [{"Node Type": "Index Scan", "Parent Relationship": "Outer", "Scan Direction": "Forward", "Index Name": "nation_pkey", "Relation Name": "nation", "Alias": "nation", "Startup Cost": 10000000000.0, "Total Cost": 1000000001262.5, "Plan Rows": 25, "Plan Width": 30}]}]}, {"Node Type": "Materialize", "Parent Relationship": "Inner", "Startup Cost": 20036112613.17, "Total Cost": 2000403514982.26, "Plan Rows": 1445898, "Plan Width": 24, "Plans": [{"Node Type": "Merge Join", "Parent Relationship": "Outer", "Join Type": "Inner", "Startup Cost": 20036112613.17, "Total Cost": 2000403507752.77, "Plan Rows": 1445898, "Plan Width": 24, "Inner Unique": false, "Merge Cond": "(orders.o_orderkey = lineitem.l_orderkey)", "Plans": [{"Node Type": "Index Scan", "Parent Relationship": "Outer", "Scan Direction": "Forward", "Index Name": "orders_pkey", "Relation Name": "orders", "Alias": "orders", "Startup Cost": 10000000000.0, "Total Cost": 1000080597583.0, "Plan Rows": 575746, "Plan Width": 16, "Filter": "((o_orderdate >= '1993-08-01 00:00:00'::timestamp(0) without time zone) AND (o_orderdate < '1993-11-01 00:00:00'::timestamp without time zone)), (LLVM Optimized)"}, {"Node Type": "Index Scan", "Parent Relationship": "Inner", "Scan Direction": "Forward", "Index Name": "idx_lineitem_orderkey", "Relation Name": "lineitem", "Alias": "lineitem", "Startup Cost": 10000000000.0, "Total Cost": 1000339012132.75, "Plan Rows": 14835209, "Plan Width": 24, "Filter": "(l_returnflag = 'R'::bpchar), (LLVM Optimized)"}]}]}]}]}]}]}, "Unique SQL Id": 1604070524, "Planner Runtime": 1}, "explain_analyze_plan": null}, "(16, 16)": {"explain_plan": {"Plan": {"Node Type": "Limit", "Startup Cost": 3717442.55, "Total Cost": 3717442.6, "Plan Rows": 20, "Plan Width": 199, "Plans": [{"Node Type": "Sort", "Parent Relationship": "Outer", "Startup Cost": 3717442.55, "Total Cost": 3721057.3, "Plan Rows": 20, "Plan Width": 199, "Sort Key": ["(sum((lineitem.l_extendedprice * (1::double precision - lineitem.l_discount)))) DESC"], "Plans": [{"Node Type": "Aggregate", "Strategy": "Hashed", "Parent Relationship": "Outer", "Startup Cost": 3664508.75, "Total Cost": 3678967.73, "Plan Rows": 1445898, "Plan Width": 199, "Group By Key": ["customer.c_custkey", "customer.c_name", "customer.c_acctbal", "customer.c_phone", "nation.n_name", "customer.c_address", "customer.c_comment"], "Plans": [{"Node Type": "Nested Loop", "Parent Relationship": "Outer", "Join Type": "Inner", "Startup Cost": 503107.54, "Total Cost": 3628361.3, "Plan Rows": 1445898, "Plan Width": 191, "Inner Unique": false, "Plans": [{"Node Type": "Merge Join", "Parent Relationship": "Outer", "Join Type": "Inner", "Startup Cost": 503107.54, "Total Cost": 511743.85, "Plan Rows": 575746, "Plan Width": 183, "Inner Unique": false, "Merge Cond": "(nation.n_nationkey = customer.c_nationkey)", "Plans": [{"Node Type": "Sort", "Parent Relationship": "Outer", "Startup Cost": 1.83, "Total Cost": 1.89, "Plan Rows": 25, "Plan Width": 30, "Sort Key": ["nation.n_nationkey"], "Plans": [{"Node Type": "Seq Scan", "Parent Relationship": "Outer", "Relation Name": "nation", "Alias": "nation", "Startup Cost": 0.0, "Total Cost": 1.25, "Plan Rows": 25, "Plan Width": 30}]}, {"Node Type": "Sort", "Parent Relationship": "Inner", "Startup Cost": 503105.7, "Total Cost": 504545.07, "Plan Rows": 575746, "Plan Width": 161, "Sort Key": ["customer.c_nationkey"], "Plans": [{"Node Type": "Merge Join", "Parent Relationship": "Outer", "Join Type": "Inner", "Startup Cost": 354871.86, "Total Cost": 448021.0, "Plan Rows": 575746, "Plan Width": 161, "Inner Unique": false, "Merge Cond": "(customer.c_custkey = orders.o_custkey)", "Plans": [{"Node Type": "Index Scan", "Parent Relationship": "Outer", "Scan Direction": "Forward", "Index Name": "customer_pkey", "Relation Name": "customer", "Alias": "customer", "Startup Cost": 0.0, "Total Cost": 80765.36, "Plan Rows": 1500000, "Plan Width": 153}, {"Node Type": "Sort", "Parent Relationship": "Inner", "Startup Cost": 354869.55, "Total Cost": 356308.91, "Plan Rows": 575746, "Plan Width": 16, "Sort Key": ["orders.o_custkey"], "Plans": [{"Node Type": "Bitmap Heap Scan", "Parent Relationship": "Outer", "Relation Name": "orders", "Alias": "orders", "Startup Cost": 14729.65, "Total Cost": 299784.84, "Plan Rows": 575746, "Plan Width": 16, "Recheck Cond": "((o_orderdate >= '1993-08-01 00:00:00'::timestamp(0) without time zone) AND (o_orderdate < '1993-11-01 00:00:00'::timestamp without time zone)), (LLVM Optimized)", "Plans": [{"Node Type": "Bitmap Index Scan", "Parent Relationship": "Outer", "Index Name": "idx_orders_orderdate", "Startup Cost": 0.0, "Total Cost": 14585.71, "Plan Rows": 575746, "Plan Width": 0, "Index Cond": "((o_orderdate >= '1993-08-01 00:00:00'::timestamp(0) without time zone) AND (o_orderdate < '1993-11-01 00:00:00'::timestamp without time zone))"}]}]}]}]}]}, {"Node Type": "Index Scan", "Parent Relationship": "Inner", "Scan Direction": "Forward", "Index Name": "idx_lineitem_orderkey", "Relation Name": "lineitem", "Alias": "lineitem", "Startup Cost": 0.0, "Total Cost": 5.38, "Plan Rows": 3, "Plan Width": 24, "Index Cond": "(l_orderkey = orders.o_orderkey)", "Filter": "(l_returnflag = 'R'::bpchar)"}]}]}]}]}, "Unique SQL Id": 1604070524, "Planner Runtime": 1}, "explain_analyze_plan": {"Plan": {"Node Type": "Limit", "Startup Cost": 3717442.55, "Total Cost": 3717442.6, "Plan Rows": 20, "Plan Width": 199, "Actual Startup Time": 13086.458, "Actual Total Time": 13086.464, "Actual Rows": 20, "Actual Loops": 1, "Plans": [{"Node Type": "Sort", "Parent Relationship": "Outer", "Startup Cost": 3717442.55, "Total Cost": 3721057.3, "Plan Rows": 20, "Plan Width": 199, "Actual Startup Time": 13086.457, "Actual Total Time": 13086.461, "Actual Rows": 20, "Actual Loops": 1, "Sort Key": ["(sum((lineitem.l_extendedprice * (1::double precision - lineitem.l_discount)))) DESC"], "Sort Method": "top-N heapsort", "Sort Space Used": 35, "Sort Space Type": "Memory", "Plans": [{"Node Type": "Aggregate", "Strategy": "Hashed", "Parent Relationship": "Outer", "Startup Cost": 3664508.75, "Total Cost": 3678967.73, "Plan Rows": 1445898, "Plan Width": 199, "Actual Startup Time": 12724.118, "Actual Total Time": 12951.752, "Actual Rows": 381542, "Actual Loops": 1, "Group By Key": ["customer.c_custkey", "customer.c_name", "customer.c_acctbal", "customer.c_phone", "nation.n_name", "customer.c_address", "customer.c_comment"], "Plans": [{"Node Type": "Nested Loop", "Parent Relationship": "Outer", "Join Type": "Inner", "Startup Cost": 503107.54, "Total Cost": 3628361.3, "Plan Rows": 1445898, "Plan Width": 191, "Actual Startup Time": 3214.314, "Actual Total Time": 10988.666, "Actual Rows": 1145969, "Actual Loops": 1, "Inner Unique": false, "Plans": [{"Node Type": "Merge Join", "Parent Relationship": "Outer", "Join Type": "Inner", "Startup Cost": 503107.54, "Total Cost": 511743.85, "Plan Rows": 575746, "Plan Width": 183, "Actual Startup Time": 3214.245, "Actual Total Time": 3604.817, "Actual Rows": 573635, "Actual Loops": 1, "Inner Unique": false, "Merge Cond": "(nation.n_nationkey = customer.c_nationkey)", "Plans": [{"Node Type": "Sort", "Parent Relationship": "Outer", "Startup Cost": 1.83, "Total Cost": 1.89, "Plan Rows": 25, "Plan Width": 30, "Actual Startup Time": 0.142, "Actual Total Time": 0.173, "Actual Rows": 25, "Actual Loops": 1, "Sort Key": ["nation.n_nationkey"], "Sort Method": "quicksort", "Sort Space Used": 27, "Sort Space Type": "Memory", "Plans": [{"Node Type": "Seq Scan", "Parent Relationship": "Outer", "Relation Name": "nation", "Alias": "nation", "Startup Cost": 0.0, "Total Cost": 1.25, "Plan Rows": 25, "Plan Width": 30, "Actual Startup Time": 0.015, "Actual Total Time": 0.022, "Actual Rows": 25, "Actual Loops": 1}]}, {"Node Type": "Sort", "Parent Relationship": "Inner", "Startup Cost": 503105.7, "Total Cost": 504545.07, "Plan Rows": 575746, "Plan Width": 161, "Actual Startup Time": 3214.09, "Actual Total Time": 3355.387, "Actual Rows": 573635, "Actual Loops": 1, "Sort Key": ["customer.c_nationkey"], "Sort Method": "quicksort", "Sort Space Used": 185911, "Sort Space Type": "Memory", "Plans": [{"Node Type": "Merge Join", "Parent Relationship": "Outer", "Join Type": "Inner", "Startup Cost": 354871.86, "Total Cost": 448021.0, "Plan Rows": 575746, "Plan Width": 161, "Actual Startup Time": 1373.616, "Actual Total Time": 2926.408, "Actual Rows": 573635, "Actual Loops": 1, "Inner Unique": false, "Merge Cond": "(customer.c_custkey = orders.o_custkey)", "Plans": [{"Node Type": "Index Scan", "Parent Relationship": "Outer", "Scan Direction": "Forward", "Index Name": "customer_pkey", "Relation Name": "customer", "Alias": "customer", "Startup Cost": 0.0, "Total Cost": 80765.36, "Plan Rows": 1500000, "Plan Width": 153, "Actual Startup Time": 0.026, "Actual Total Time": 950.592, "Actual Rows": 1499999, "Actual Loops": 1}, {"Node Type": "Sort", "Parent Relationship": "Inner", "Startup Cost": 354869.55, "Total Cost": 356308.91, "Plan Rows": 575746, "Plan Width": 16, "Actual Startup Time": 1373.579, "Actual Total Time": 1504.216, "Actual Rows": 573635, "Actual Loops": 1, "Sort Key": ["orders.o_custkey"], "Sort Method": "quicksort", "Sort Space Used": 78355, "Sort Space Type": "Memory", "Plans": [{"Node Type": "Bitmap Heap Scan", "Parent Relationship": "Outer", "Relation Name": "orders", "Alias": "orders", "Startup Cost": 14729.65, "Total Cost": 299784.84, "Plan Rows": 575746, "Plan Width": 16, "Actual Startup Time": 259.051, "Actual Total Time": 1130.352, "Actual Rows": 573635, "Actual Loops": 1, "Recheck Cond": "((o_orderdate >= '1993-08-01 00:00:00'::timestamp(0) without time zone) AND (o_orderdate < '1993-11-01 00:00:00'::timestamp without time zone)), (LLVM Optimized, Jit Execute)", "Rows Removed by Index Recheck": 0, "Exact Heap Blocks": 242860, "Lossy Heap Blocks": 242860, "Plans": [{"Node Type": "Bitmap Index Scan", "Parent Relationship": "Outer", "Index Name": "idx_orders_orderdate", "Startup Cost": 0.0, "Total Cost": 14585.71, "Plan Rows": 575746, "Plan Width": 0, "Actual Startup Time": 181.246, "Actual Total Time": 181.246, "Actual Rows": 573635, "Actual Loops": 1, "Index Cond": "((o_orderdate >= '1993-08-01 00:00:00'::timestamp(0) without time zone) AND (o_orderdate < '1993-11-01 00:00:00'::timestamp without time zone))"}]}]}]}]}]}, {"Node Type": "Index Scan", "Parent Relationship": "Inner", "Scan Direction": "Forward", "Index Name": "idx_lineitem_orderkey", "Relation Name": "lineitem", "Alias": "lineitem", "Startup Cost": 0.0, "Total Cost": 5.38, "Plan Rows": 3, "Plan Width": 24, "Actual Startup Time": 5568.792, "Actual Total Time": 6778.552, "Actual Rows": 1145969, "Actual Loops": 573635, "Index Cond": "(l_orderkey = orders.o_orderkey)", "Rows Removed by Index Recheck": 0, "Filter": "(l_returnflag = 'R'::bpchar)", "Rows Removed by Filter": 1146896}]}]}]}]}, "Triggers": [], "Planner Runtime": 1, "Total Runtime": 13096.989, "Unique SQL Id": 1604070524}}, "(16, 17)": {"explain_plan": {"Plan": {"Node Type": "Limit", "Startup Cost": 3717453.28, "Total Cost": 3717453.33, "Plan Rows": 20, "Plan Width": 199, "Plans": [{"Node Type": "Sort", "Parent Relationship": "Outer", "Startup Cost": 3717453.28, "Total Cost": 3721068.03, "Plan Rows": 20, "Plan Width": 199, "Sort Key": ["(sum((lineitem.l_extendedprice * (1::double precision - lineitem.l_discount)))) DESC"], "Plans": [{"Node Type": "Aggregate", "Strategy": "Hashed", "Parent Relationship": "Outer", "Startup Cost": 3664519.48, "Total Cost": 3678978.46, "Plan Rows": 1445898, "Plan Width": 199, "Group By Key": ["customer.c_custkey", "customer.c_name", "customer.c_acctbal", "customer.c_phone", "nation.n_name", "customer.c_address", "customer.c_comment"], "Plans": [{"Node Type": "Nested Loop", "Parent Relationship": "Outer", "Join Type": "Inner", "Startup Cost": 503105.7, "Total Cost": 3628372.03, "Plan Rows": 1445898, "Plan Width": 191, "Inner Unique": false, "Plans": [{"Node Type": "Merge Join", "Parent Relationship": "Outer", "Join Type": "Inner", "Startup Cost": 503105.7, "Total Cost": 511754.58, "Plan Rows": 575746, "Plan Width": 183, "Inner Unique": false, "Merge Cond": "(nation.n_nationkey = customer.c_nationkey)", "Plans": [{"Node Type": "Index Scan", "Parent Relationship": "Outer", "Scan Direction": "Forward", "Index Name": "nation_pkey", "Relation Name": "nation", "Alias": "nation", "Startup Cost": 0.0, "Total Cost": 12.62, "Plan Rows": 25, "Plan Width": 30}, {"Node Type": "Sort", "Parent Relationship": "Inner", "Startup Cost": 503105.7, "Total Cost": 504545.07, "Plan Rows": 575746, "Plan Width": 161, "Sort Key": ["customer.c_nationkey"], "Plans": [{"Node Type": "Merge Join", "Parent Relationship": "Outer", "Join Type": "Inner", "Startup Cost": 354871.86, "Total Cost": 448021.0, "Plan Rows": 575746, "Plan Width": 161, "Inner Unique": false, "Merge Cond": "(customer.c_custkey = orders.o_custkey)", "Plans": [{"Node Type": "Index Scan", "Parent Relationship": "Outer", "Scan Direction": "Forward", "Index Name": "customer_pkey", "Relation Name": "customer", "Alias": "customer", "Startup Cost": 0.0, "Total Cost": 80765.36, "Plan Rows": 1500000, "Plan Width": 153}, {"Node Type": "Sort", "Parent Relationship": "Inner", "Startup Cost": 354869.55, "Total Cost": 356308.91, "Plan Rows": 575746, "Plan Width": 16, "Sort Key": ["orders.o_custkey"], "Plans": [{"Node Type": "Bitmap Heap Scan", "Parent Relationship": "Outer", "Relation Name": "orders", "Alias": "orders", "Startup Cost": 14729.65, "Total Cost": 299784.84, "Plan Rows": 575746, "Plan Width": 16, "Recheck Cond": "((o_orderdate >= '1993-08-01 00:00:00'::timestamp(0) without time zone) AND (o_orderdate < '1993-11-01 00:00:00'::timestamp without time zone)), (LLVM Optimized)", "Plans": [{"Node Type": "Bitmap Index Scan", "Parent Relationship": "Outer", "Index Name": "idx_orders_orderdate", "Startup Cost": 0.0, "Total Cost": 14585.71, "Plan Rows": 575746, "Plan Width": 0, "Index Cond": "((o_orderdate >= '1993-08-01 00:00:00'::timestamp(0) without time zone) AND (o_orderdate < '1993-11-01 00:00:00'::timestamp without time zone))"}]}]}]}]}]}, {"Node Type": "Index Scan", "Parent Relationship": "Inner", "Scan Direction": "Forward", "Index Name": "idx_lineitem_orderkey", "Relation Name": "lineitem", "Alias": "lineitem", "Startup Cost": 0.0, "Total Cost": 5.38, "Plan Rows": 3, "Plan Width": 24, "Index Cond": "(l_orderkey = orders.o_orderkey)", "Filter": "(l_returnflag = 'R'::bpchar)"}]}]}]}]}, "Unique SQL Id": 1604070524, "Planner Runtime": 2}, "explain_analyze_plan": {"Plan": {"Node Type": "Limit", "Startup Cost": 3717453.28, "Total Cost": 3717453.33, "Plan Rows": 20, "Plan Width": 199, "Actual Startup Time": 13130.889, "Actual Total Time": 13130.894, "Actual Rows": 20, "Actual Loops": 1, "Plans": [{"Node Type": "Sort", "Parent Relationship": "Outer", "Startup Cost": 3717453.28, "Total Cost": 3721068.03, "Plan Rows": 20, "Plan Width": 199, "Actual Startup Time": 13130.887, "Actual Total Time": 13130.888, "Actual Rows": 20, "Actual Loops": 1, "Sort Key": ["(sum((lineitem.l_extendedprice * (1::double precision - lineitem.l_discount)))) DESC"], "Sort Method": "top-N heapsort", "Sort Space Used": 35, "Sort Space Type": "Memory", "Plans": [{"Node Type": "Aggregate", "Strategy": "Hashed", "Parent Relationship": "Outer", "Startup Cost": 3664519.48, "Total Cost": 3678978.46, "Plan Rows": 1445898, "Plan Width": 199, "Actual Startup Time": 12759.194, "Actual Total Time": 12994.995, "Actual Rows": 381542, "Actual Loops": 1, "Group By Key": ["customer.c_custkey", "customer.c_name", "customer.c_acctbal", "customer.c_phone", "nation.n_name", "customer.c_address", "customer.c_comment"], "Plans": [{"Node Type": "Nested Loop", "Parent Relationship": "Outer", "Join Type": "Inner", "Startup Cost": 503105.7, "Total Cost": 3628372.03, "Plan Rows": 1445898, "Plan Width": 191, "Actual Startup Time": 3231.838, "Actual Total Time": 11027.263, "Actual Rows": 1145969, "Actual Loops": 1, "Inner Unique": false, "Plans": [{"Node Type": "Merge Join", "Parent Relationship": "Outer", "Join Type": "Inner", "Startup Cost": 503105.7, "Total Cost": 511754.58, "Plan Rows": 575746, "Plan Width": 183, "Actual Startup Time": 3231.757, "Actual Total Time": 3647.744, "Actual Rows": 573635, "Actual Loops": 1, "Inner Unique": false, "Merge Cond": "(nation.n_nationkey = customer.c_nationkey)", "Plans": [{"Node Type": "Index Scan", "Parent Relationship": "Outer", "Scan Direction": "Forward", "Index Name": "nation_pkey", "Relation Name": "nation", "Alias": "nation", "Startup Cost": 0.0, "Total Cost": 12.62, "Plan Rows": 25, "Plan Width": 30, "Actual Startup Time": 0.019, "Actual Total Time": 0.087, "Actual Rows": 25, "Actual Loops": 1}, {"Node Type": "Sort", "Parent Relationship": "Inner", "Startup Cost": 503105.7, "Total Cost": 504545.07, "Plan Rows": 575746, "Plan Width": 161, "Actual Startup Time": 3231.724, "Actual Total Time": 3379.447, "Actual Rows": 573635, "Actual Loops": 1, "Sort Key": ["customer.c_nationkey"], "Sort Method": "quicksort", "Sort Space Used": 185911, "Sort Space Type": "Memory", "Plans": [{"Node Type": "Merge Join", "Parent Relationship": "Outer", "Join Type": "Inner", "Startup Cost": 354871.86, "Total Cost": 448021.0, "Plan Rows": 575746, "Plan Width": 161, "Actual Startup Time": 1383.632, "Actual Total Time": 2948.066, "Actual Rows": 573635, "Actual Loops": 1, "Inner Unique": false, "Merge Cond": "(customer.c_custkey = orders.o_custkey)", "Plans": [{"Node Type": "Index Scan", "Parent Relationship": "Outer", "Scan Direction": "Forward", "Index Name": "customer_pkey", "Relation Name": "customer", "Alias": "customer", "Startup Cost": 0.0, "Total Cost": 80765.36, "Plan Rows": 1500000, "Plan Width": 153, "Actual Startup Time": 0.023, "Actual Total Time": 962.484, "Actual Rows": 1499999, "Actual Loops": 1}, {"Node Type": "Sort", "Parent Relationship": "Inner", "Startup Cost": 354869.55, "Total Cost": 356308.91, "Plan Rows": 575746, "Plan Width": 16, "Actual Startup Time": 1383.598, "Actual Total Time": 1515.734, "Actual Rows": 573635, "Actual Loops": 1, "Sort Key": ["orders.o_custkey"], "Sort Method": "quicksort", "Sort Space Used": 78355, "Sort Space Type": "Memory", "Plans": [{"Node Type": "Bitmap Heap Scan", "Parent Relationship": "Outer", "Relation Name": "orders", "Alias": "orders", "Startup Cost": 14729.65, "Total Cost": 299784.84, "Plan Rows": 575746, "Plan Width": 16, "Actual Startup Time": 259.928, "Actual Total Time": 1135.763, "Actual Rows": 573635, "Actual Loops": 1, "Recheck Cond": "((o_orderdate >= '1993-08-01 00:00:00'::timestamp(0) without time zone) AND (o_orderdate < '1993-11-01 00:00:00'::timestamp without time zone)), (LLVM Optimized, Jit Execute)", "Rows Removed by Index Recheck": 0, "Exact Heap Blocks": 242860, "Lossy Heap Blocks": 242860, "Plans": [{"Node Type": "Bitmap Index Scan", "Parent Relationship": "Outer", "Index Name": "idx_orders_orderdate", "Startup Cost": 0.0, "Total Cost": 14585.71, "Plan Rows": 575746, "Plan Width": 0, "Actual Startup Time": 182.848, "Actual Total Time": 182.848, "Actual Rows": 573635, "Actual Loops": 1, "Index Cond": "((o_orderdate >= '1993-08-01 00:00:00'::timestamp(0) without time zone) AND (o_orderdate < '1993-11-01 00:00:00'::timestamp without time zone))"}]}]}]}]}]}, {"Node Type": "Index Scan", "Parent Relationship": "Inner", "Scan Direction": "Forward", "Index Name": "idx_lineitem_orderkey", "Relation Name": "lineitem", "Alias": "lineitem", "Startup Cost": 0.0, "Total Cost": 5.38, "Plan Rows": 3, "Plan Width": 24, "Actual Startup Time": 5552.29, "Actual Total Time": 6777.628, "Actual Rows": 1145969, "Actual Loops": 573635, "Index Cond": "(l_orderkey = orders.o_orderkey)", "Rows Removed by Index Recheck": 0, "Filter": "(l_returnflag = 'R'::bpchar)", "Rows Removed by Filter": 1146896}]}]}]}]}, "Triggers": [], "Planner Runtime": 1, "Total Runtime": 13141.43, "Unique SQL Id": 1604070524}}, "(16, 18)": {"explain_plan": {"Plan": {"Node Type": "Limit", "Startup Cost": 4808550.36, "Total Cost": 4808550.41, "Plan Rows": 20, "Plan Width": 199, "Plans": [{"Node Type": "Sort", "Parent Relationship": "Outer", "Startup Cost": 4808550.36, "Total Cost": 4812165.1, "Plan Rows": 20, "Plan Width": 199, "Sort Key": ["(sum((lineitem.l_extendedprice * (1::double precision - lineitem.l_discount)))) DESC"], "Plans": [{"Node Type": "Aggregate", "Strategy": "Hashed", "Parent Relationship": "Outer", "Startup Cost": 4755616.55, "Total Cost": 4770075.53, "Plan Rows": 1445898, "Plan Width": 199, "Group By Key": ["customer.c_custkey", "customer.c_name", "customer.c_acctbal", "customer.c_phone", "nation.n_name", "customer.c_address", "customer.c_comment"], "Plans": [{"Node Type": "Merge Join", "Parent Relationship": "Outer", "Join Type": "Inner", "Startup Cost": 4627956.66, "Total Cost": 4719469.1, "Plan Rows": 1445898, "Plan Width": 191, "Inner Unique": false, "Merge Cond": "(orders.o_orderkey = lineitem.l_orderkey)", "Plans": [{"Node Type": "Sort", "Parent Relationship": "Outer", "Startup Cost": 695813.19, "Total Cost": 697252.55, "Plan Rows": 575746, "Plan Width": 183, "Sort Key": ["orders.o_orderkey"], "Plans": [{"Node Type": "Merge Join", "Parent Relationship": "Outer", "Join Type": "Inner", "Startup Cost": 632092.16, "Total Cost": 640728.48, "Plan Rows": 575746, "Plan Width": 183, "Inner Unique": false, "Merge Cond": "(nation.n_nationkey = customer.c_nationkey)", "Plans": [{"Node Type": "Sort", "Parent Relationship": "Outer", "Startup Cost": 1.83, "Total Cost": 1.89, "Plan Rows": 25, "Plan Width": 30, "Sort Key": ["nation.n_nationkey"], "Plans": [{"Node Type": "Seq Scan", "Parent Relationship": "Outer", "Relation Name": "nation", "Alias": "nation", "Startup Cost": 0.0, "Total Cost": 1.25, "Plan Rows": 25, "Plan Width": 30}]}, {"Node Type": "Sort", "Parent Relationship": "Inner", "Startup Cost": 632090.33, "Total Cost": 633529.7, "Plan Rows": 575746, "Plan Width": 161, "Sort Key": ["customer.c_nationkey"], "Plans": [{"Node Type": "Merge Join", "Parent Relationship": "Outer", "Join Type": "Inner", "Startup Cost": 560869.73, "Total Cost": 577005.62, "Plan Rows": 575746, "Plan Width": 161, "Inner Unique": false, "Merge Cond": "(customer.c_custkey = orders.o_custkey)", "Plans": [{"Node Type": "Sort", "Parent Relationship": "Outer", "Startup Cost": 205999.98, "Total Cost": 209749.98, "Plan Rows": 1500000, "Plan Width": 153, "Sort Key": ["customer.c_custkey"], "Plans": [{"Node Type": "Seq Scan", "Parent Relationship": "Outer", "Relation Name": "customer", "Alias": "customer", "Startup Cost": 0.0, "Total Cost": 52126.0, "Plan Rows": 1500000, "Plan Width": 153}]}, {"Node Type": "Sort", "Parent Relationship": "Inner", "Startup Cost": 354869.55, "Total Cost": 356308.91, "Plan Rows": 575746, "Plan Width": 16, "Sort Key": ["orders.o_custkey"], "Plans": [{"Node Type": "Bitmap Heap Scan", "Parent Relationship": "Outer", "Relation Name": "orders", "Alias": "orders", "Startup Cost": 14729.65, "Total Cost": 299784.84, "Plan Rows": 575746, "Plan Width": 16, "Recheck Cond": "((o_orderdate >= '1993-08-01 00:00:00'::timestamp(0) without time zone) AND (o_orderdate < '1993-11-01 00:00:00'::timestamp without time zone)), (LLVM Optimized)", "Plans": [{"Node Type": "Bitmap Index Scan", "Parent Relationship": "Outer", "Index Name": "idx_orders_orderdate", "Startup Cost": 0.0, "Total Cost": 14585.71, "Plan Rows": 575746, "Plan Width": 0, "Index Cond": "((o_orderdate >= '1993-08-01 00:00:00'::timestamp(0) without time zone) AND (o_orderdate < '1993-11-01 00:00:00'::timestamp without time zone))"}]}]}]}]}]}]}, {"Node Type": "Sort", "Parent Relationship": "Inner", "Startup Cost": 3932143.37, "Total Cost": 3969231.39, "Plan Rows": 14835209, "Plan Width": 24, "Sort Key": ["lineitem.l_orderkey"], "Plans": [{"Node Type": "Seq Scan", "Parent Relationship": "Outer", "Relation Name": "lineitem", "Alias": "lineitem", "Startup Cost": 0.0, "Total Cost": 2165082.91, "Plan Rows": 14835209, "Plan Width": 24, "Filter": "(l_returnflag = 'R'::bpchar), (LLVM Optimized)"}]}]}]}]}]}, "Unique SQL Id": 1604070524, "Planner Runtime": 2}, "explain_analyze_plan": {"Plan": {"Node Type": "Limit", "Startup Cost": 4808550.36, "Total Cost": 4808550.41, "Plan Rows": 20, "Plan Width": 199, "Actual Startup Time": 39001.686, "Actual Total Time": 39001.692, "Actual Rows": 20, "Actual Loops": 1, "Plans": [{"Node Type": "Sort", "Parent Relationship": "Outer", "Startup Cost": 4808550.36, "Total Cost": 4812165.1, "Plan Rows": 20, "Plan Width": 199, "Actual Startup Time": 39001.683, "Actual Total Time": 39001.687, "Actual Rows": 20, "Actual Loops": 1, "Sort Key": ["(sum((lineitem.l_extendedprice * (1::double precision - lineitem.l_discount)))) DESC"], "Sort Method": "top-N heapsort", "Sort Space Used": 35, "Sort Space Type": "Memory", "Plans": [{"Node Type": "Aggregate", "Strategy": "Hashed", "Parent Relationship": "Outer", "Startup Cost": 4755616.55, "Total Cost": 4770075.53, "Plan Rows": 1445898, "Plan Width": 199, "Actual Startup Time": 38649.199, "Actual Total Time": 38868.832, "Actual Rows": 381542, "Actual Loops": 1, "Group By Key": ["customer.c_custkey", "customer.c_name", "customer.c_acctbal", "customer.c_phone", "nation.n_name", "customer.c_address", "customer.c_comment"], "Plans": [{"Node Type": "Merge Join", "Parent Relationship": "Outer", "Join Type": "Inner", "Startup Cost": 4627956.66, "Total Cost": 4719469.1, "Plan Rows": 1445898, "Plan Width": 191, "Actual Startup Time": 31667.983, "Actual Total Time": 37009.509, "Actual Rows": 1145969, "Actual Loops": 1, "Inner Unique": false, "Merge Cond": "(orders.o_orderkey = lineitem.l_orderkey)", "Plans": [{"Node Type": "Sort", "Parent Relationship": "Outer", "Startup Cost": 695813.19, "Total Cost": 697252.55, "Plan Rows": 575746, "Plan Width": 183, "Actual Startup Time": 4427.0, "Actual Total Time": 4592.073, "Actual Rows": 573635, "Actual Loops": 1, "Sort Key": ["orders.o_orderkey"], "Sort Method": "quicksort", "Sort Space Used": 199246, "Sort Space Type": "Memory", "Plans": [{"Node Type": "Merge Join", "Parent Relationship": "Outer", "Join Type": "Inner", "Startup Cost": 632092.16, "Total Cost": 640728.48, "Plan Rows": 575746, "Plan Width": 183, "Actual Startup Time": 3739.459, "Actual Total Time": 4099.071, "Actual Rows": 573635, "Actual Loops": 1, "Inner Unique": false, "Merge Cond": "(nation.n_nationkey = customer.c_nationkey)", "Plans": [{"Node Type": "Sort", "Parent Relationship": "Outer", "Startup Cost": 1.83, "Total Cost": 1.89, "Plan Rows": 25, "Plan Width": 30, "Actual Startup Time": 0.044, "Actual Total Time": 0.06, "Actual Rows": 25, "Actual Loops": 1, "Sort Key": ["nation.n_nationkey"], "Sort Method": "quicksort", "Sort Space Used": 27, "Sort Space Type": "Memory", "Plans": [{"Node Type": "Seq Scan", "Parent Relationship": "Outer", "Relation Name": "nation", "Alias": "nation", "Startup Cost": 0.0, "Total Cost": 1.25, "Plan Rows": 25, "Plan Width": 30, "Actual Startup Time": 0.02, "Actual Total Time": 0.029, "Actual Rows": 25, "Actual Loops": 1}]}, {"Node Type": "Sort", "Parent Relationship": "Inner", "Startup Cost": 632090.33, "Total Cost": 633529.7, "Plan Rows": 575746, "Plan Width": 161, "Actual Startup Time": 3739.4, "Actual Total Time": 3865.145, "Actual Rows": 573635, "Actual Loops": 1, "Sort Key": ["customer.c_nationkey"], "Sort Method": "quicksort", "Sort Space Used": 185911, "Sort Space Type": "Memory", "Plans": [{"Node Type": "Merge Join", "Parent Relationship": "Outer", "Join Type": "Inner", "Startup Cost": 560869.73, "Total Cost": 577005.62, "Plan Rows": 575746, "Plan Width": 161, "Actual Startup Time": 2544.142, "Actual Total Time": 3469.589, "Actual Rows": 573635, "Actual Loops": 1, "Inner Unique": false, "Merge Cond": "(customer.c_custkey = orders.o_custkey)", "Plans": [{"Node Type": "Sort", "Parent Relationship": "Outer", "Startup Cost": 205999.98, "Total Cost": 209749.98, "Plan Rows": 1500000, "Plan Width": 153, "Actual Startup Time": 1272.248, "Actual Total Time": 1555.71, "Actual Rows": 1499999, "Actual Loops": 1, "Sort Key": ["customer.c_custkey"], "Sort Method": "quicksort", "Sort Space Used": 470340, "Sort Space Type": "Memory", "Plans": [{"Node Type": "Seq Scan", "Parent Relationship": "Outer", "Relation Name": "customer", "Alias": "customer", "Startup Cost": 0.0, "Total Cost": 52126.0, "Plan Rows": 1500000, "Plan Width": 153, "Actual Startup Time": 0.014, "Actual Total Time": 563.367, "Actual Rows": 1500000, "Actual Loops": 1}]}, {"Node Type": "Sort", "Parent Relationship": "Inner", "Startup Cost": 354869.55, "Total Cost": 356308.91, "Plan Rows": 575746, "Plan Width": 16, "Actual Startup Time": 1271.879, "Actual Total Time": 1411.427, "Actual Rows": 573635, "Actual Loops": 1, "Sort Key": ["orders.o_custkey"], "Sort Method": "quicksort", "Sort Space Used": 78355, "Sort Space Type": "Memory", "Plans": [{"Node Type": "Bitmap Heap Scan", "Parent Relationship": "Outer", "Relation Name": "orders", "Alias": "orders", "Startup Cost": 14729.65, "Total Cost": 299784.84, "Plan Rows": 575746, "Plan Width": 16, "Actual Startup Time": 280.545, "Actual Total Time": 1033.407, "Actual Rows": 573635, "Actual Loops": 1, "Recheck Cond": "((o_orderdate >= '1993-08-01 00:00:00'::timestamp(0) without time zone) AND (o_orderdate < '1993-11-01 00:00:00'::timestamp without time zone)), (LLVM Optimized, Jit Execute)", "Rows Removed by Index Recheck": 0, "Exact Heap Blocks": 242860, "Lossy Heap Blocks": 242860, "Plans": [{"Node Type": "Bitmap Index Scan", "Parent Relationship": "Outer", "Index Name": "idx_orders_orderdate", "Startup Cost": 0.0, "Total Cost": 14585.71, "Plan Rows": 575746, "Plan Width": 0, "Actual Startup Time": 200.144, "Actual Total Time": 200.144, "Actual Rows": 573635, "Actual Loops": 1, "Index Cond": "((o_orderdate >= '1993-08-01 00:00:00'::timestamp(0) without time zone) AND (o_orderdate < '1993-11-01 00:00:00'::timestamp without time zone))"}]}]}]}]}]}]}, {"Node Type": "Sort", "Parent Relationship": "Inner", "Startup Cost": 3932143.37, "Total Cost": 3969231.39, "Plan Rows": 14835209, "Plan Width": 24, "Actual Startup Time": 27240.957, "Actual Total Time": 29453.449, "Actual Rows": 14808182, "Actual Loops": 1, "Sort Key": ["lineitem.l_orderkey"], "Sort Method": "quicksort", "Sort Space Used": 1781484, "Sort Space Type": "Memory", "Plans": [{"Node Type": "Seq Scan", "Parent Relationship": "Outer", "Relation Name": "lineitem", "Alias": "lineitem", "Startup Cost": 0.0, "Total Cost": 2165082.91, "Plan Rows": 14835209, "Plan Width": 24, "Actual Startup Time": 0.052, "Actual Total Time": 22367.832, "Actual Rows": 14808183, "Actual Loops": 1, "Filter": "(l_returnflag = 'R'::bpchar), (LLVM Optimized, Jit Execute)", "Rows Removed by Filter": 45177869}]}]}]}]}]}, "Triggers": [], "Planner Runtime": 1, "Total Runtime": 39012.48, "Unique SQL Id": 1604070524}}, "(16, 19)": {"explain_plan": {"Plan": {"Node Type": "Limit", "Startup Cost": 13443415.76, "Total Cost": 13443415.81, "Plan Rows": 20, "Plan Width": 199, "Plans": [{"Node Type": "Sort", "Parent Relationship": "Outer", "Startup Cost": 13443415.76, "Total Cost": 13447030.51, "Plan Rows": 20, "Plan Width": 199, "Sort Key": ["(sum((lineitem.l_extendedprice * (1::double precision - lineitem.l_discount)))) DESC"], "Plans": [{"Node Type": "Aggregate", "Strategy": "Hashed", "Parent Relationship": "Outer", "Startup Cost": 13390481.96, "Total Cost": 13404940.94, "Plan Rows": 1445898, "Plan Width": 199, "Group By Key": ["customer.c_custkey", "customer.c_name", "customer.c_acctbal", "customer.c_phone", "nation.n_name", "customer.c_address", "customer.c_comment"], "Plans": [{"Node Type": "Nested Loop", "Parent Relationship": "Outer", "Join Type": "Inner", "Startup Cost": 14732.12, "Total Cost": 13354334.51, "Plan Rows": 1445898, "Plan Width": 191, "Inner Unique": false, "Plans": [{"Node Type": "Nested Loop", "Parent Relationship": "Outer", "Join Type": "Inner", "Startup Cost": 14730.2, "Total Cost": 5249597.54, "Plan Rows": 575746, "Plan Width": 183, "Inner Unique": true, "Plans": [{"Node Type": "Nested Loop", "Parent Relationship": "Outer", "Join Type": "Inner", "Startup Cost": 14729.94, "Total Cost": 2785257.65, "Plan Rows": 575746, "Plan Width": 161, "Inner Unique": true, "Plans": [{"Node Type": "Bitmap Heap Scan", "Parent Relationship": "Outer", "Relation Name": "orders", "Alias": "orders", "Startup Cost": 14729.65, "Total Cost": 299784.84, "Plan Rows": 575746, "Plan Width": 16, "Recheck Cond": "((o_orderdate >= '1993-08-01 00:00:00'::timestamp(0) without time zone) AND (o_orderdate < '1993-11-01 00:00:00'::timestamp without time zone)), (LLVM Optimized)", "Plans": [{"Node Type": "Bitmap Index Scan", "Parent Relationship": "Outer", "Index Name": "idx_orders_orderdate", "Startup Cost": 0.0, "Total Cost": 14585.71, "Plan Rows": 575746, "Plan Width": 0, "Index Cond": "((o_orderdate >= '1993-08-01 00:00:00'::timestamp(0) without time zone) AND (o_orderdate < '1993-11-01 00:00:00'::timestamp without time zone))"}]}, {"Node Type": "Bitmap Heap Scan", "Parent Relationship": "Inner", "Relation Name": "customer", "Alias": "customer", "Startup Cost": 0.29, "Total Cost": 4.31, "Plan Rows": 1, "Plan Width": 153, "Recheck Cond": "(c_custkey = orders.o_custkey)", "Plans": [{"Node Type": "Bitmap Index Scan", "Parent Relationship": "Outer", "Index Name": "customer_pkey", "Startup Cost": 0.0, "Total Cost": 0.29, "Plan Rows": 1, "Plan Width": 0, "Index Cond": "(c_custkey = orders.o_custkey)"}]}]}, {"Node Type": "Bitmap Heap Scan", "Parent Relationship": "Inner", "Relation Name": "nation", "Alias": "nation", "Startup Cost": 0.26, "Total Cost": 4.27, "Plan Rows": 1, "Plan Width": 30, "Recheck Cond": "(n_nationkey = customer.c_nationkey)", "Plans": [{"Node Type": "Bitmap Index Scan", "Parent Relationship": "Outer", "Index Name": "nation_pkey", "Startup Cost": 0.0, "Total Cost": 0.26, "Plan Rows": 1, "Plan Width": 0, "Index Cond": "(n_nationkey = customer.c_nationkey)"}]}]}, {"Node Type": "Bitmap Heap Scan", "Parent Relationship": "Inner", "Relation Name": "lineitem", "Alias": "lineitem", "Startup Cost": 1.93, "Total Cost": 14.05, "Plan Rows": 3, "Plan Width": 24, "Recheck Cond": "(l_orderkey = orders.o_orderkey)", "Filter": "(l_returnflag = 'R'::bpchar)", "Plans": [{"Node Type": "Bitmap Index Scan", "Parent Relationship": "Outer", "Index Name": "idx_lineitem_orderkey", "Startup Cost": 0.0, "Total Cost": 1.92, "Plan Rows": 9, "Plan Width": 0, "Index Cond": "(l_orderkey = orders.o_orderkey)"}]}]}]}]}]}, "Unique SQL Id": 1604070524, "Planner Runtime": 1}, "explain_analyze_plan": {"Plan": {"Node Type": "Limit", "Startup Cost": 13443415.76, "Total Cost": 13443415.81, "Plan Rows": 20, "Plan Width": 199, "Actual Startup Time": 17339.241, "Actual Total Time": 17339.252, "Actual Rows": 20, "Actual Loops": 1, "Plans": [{"Node Type": "Sort", "Parent Relationship": "Outer", "Startup Cost": 13443415.76, "Total Cost": 13447030.51, "Plan Rows": 20, "Plan Width": 199, "Actual Startup Time": 17339.239, "Actual Total Time": 17339.248, "Actual Rows": 20, "Actual Loops": 1, "Sort Key": ["(sum((lineitem.l_extendedprice * (1::double precision - lineitem.l_discount)))) DESC"], "Sort Method": "top-N heapsort", "Sort Space Used": 35, "Sort Space Type": "Memory", "Plans": [{"Node Type": "Aggregate", "Strategy": "Hashed", "Parent Relationship": "Outer", "Startup Cost": 13390481.96, "Total Cost": 13404940.94, "Plan Rows": 1445898, "Plan Width": 199, "Actual Startup Time": 16948.804, "Actual Total Time": 17203.575, "Actual Rows": 381542, "Actual Loops": 1, "Group By Key": ["customer.c_custkey", "customer.c_name", "customer.c_acctbal", "customer.c_phone", "nation.n_name", "customer.c_address", "customer.c_comment"], "Plans": [{"Node Type": "Nested Loop", "Parent Relationship": "Outer", "Join Type": "Inner", "Startup Cost": 14732.12, "Total Cost": 13354334.51, "Plan Rows": 1445898, "Plan Width": 191, "Actual Startup Time": 243.383, "Actual Total Time": 14979.756, "Actual Rows": 1145969, "Actual Loops": 1, "Inner Unique": false, "Plans": [{"Node Type": "Nested Loop", "Parent Relationship": "Outer", "Join Type": "Inner", "Startup Cost": 14730.2, "Total Cost": 5249597.54, "Plan Rows": 575746, "Plan Width": 183, "Actual Startup Time": 243.33, "Actual Total Time": 8554.709, "Actual Rows": 573635, "Actual Loops": 1, "Inner Unique": true, "Plans": [{"Node Type": "Nested Loop", "Parent Relationship": "Outer", "Join Type": "Inner", "Startup Cost": 14729.94, "Total Cost": 2785257.65, "Plan Rows": 575746, "Plan Width": 161, "Actual Startup Time": 243.278, "Actual Total Time": 6365.155, "Actual Rows": 573635, "Actual Loops": 1, "Inner Unique": true, "Plans": [{"Node Type": "Bitmap Heap Scan", "Parent Relationship": "Outer", "Relation Name": "orders", "Alias": "orders", "Startup Cost": 14729.65, "Total Cost": 299784.84, "Plan Rows": 575746, "Plan Width": 16, "Actual Startup Time": 243.054, "Actual Total Time": 1186.231, "Actual Rows": 573635, "Actual Loops": 1, "Recheck Cond": "((o_orderdate >= '1993-08-01 00:00:00'::timestamp(0) without time zone) AND (o_orderdate < '1993-11-01 00:00:00'::timestamp without time zone)), (LLVM Optimized, Jit Execute)", "Rows Removed by Index Recheck": 0, "Exact Heap Blocks": 242860, "Lossy Heap Blocks": 242860, "Plans": [{"Node Type": "Bitmap Index Scan", "Parent Relationship": "Outer", "Index Name": "idx_orders_orderdate", "Startup Cost": 0.0, "Total Cost": 14585.71, "Plan Rows": 575746, "Plan Width": 0, "Actual Startup Time": 167.646, "Actual Total Time": 167.646, "Actual Rows": 573635, "Actual Loops": 1, "Index Cond": "((o_orderdate >= '1993-08-01 00:00:00'::timestamp(0) without time zone) AND (o_orderdate < '1993-11-01 00:00:00'::timestamp without time zone))"}]}, {"Node Type": "Bitmap Heap Scan", "Parent Relationship": "Inner", "Relation Name": "customer", "Alias": "customer", "Startup Cost": 0.29, "Total Cost": 4.31, "Plan Rows": 1, "Plan Width": 153, "Actual Startup Time": 4298.917, "Actual Total Time": 4298.917, "Actual Rows": 573635, "Actual Loops": 573635, "Recheck Cond": "(c_custkey = orders.o_custkey)", "Rows Removed by Index Recheck": 0, "Exact Heap Blocks": 573635, "Lossy Heap Blocks": 573635, "Plans": [{"Node Type": "Bitmap Index Scan", "Parent Relationship": "Outer", "Index Name": "customer_pkey", "Startup Cost": 0.0, "Total Cost": 0.29, "Plan Rows": 1, "Plan Width": 0, "Actual Startup Time": 2605.74, "Actual Total Time": 2605.74, "Actual Rows": 573635, "Actual Loops": 573635, "Index Cond": "(c_custkey = orders.o_custkey)"}]}]}, {"Node Type": "Bitmap Heap Scan", "Parent Relationship": "Inner", "Relation Name": "nation", "Alias": "nation", "Startup Cost": 0.26, "Total Cost": 4.27, "Plan Rows": 1, "Plan Width": 30, "Actual Startup Time": 1394.855, "Actual Total Time": 1394.855, "Actual Rows": 573635, "Actual Loops": 573635, "Recheck Cond": "(n_nationkey = customer.c_nationkey)", "Rows Removed by Index Recheck": 0, "Exact Heap Blocks": 573635, "Lossy Heap Blocks": 573635, "Plans": [{"Node Type": "Bitmap Index Scan", "Parent Relationship": "Outer", "Index Name": "nation_pkey", "Startup Cost": 0.0, "Total Cost": 0.26, "Plan Rows": 1, "Plan Width": 0, "Actual Startup Time": 610.88, "Actual Total Time": 610.88, "Actual Rows": 573635, "Actual Loops": 573635, "Index Cond": "(n_nationkey = customer.c_nationkey)"}]}]}, {"Node Type": "Bitmap Heap Scan", "Parent Relationship": "Inner", "Relation Name": "lineitem", "Alias": "lineitem", "Startup Cost": 1.93, "Total Cost": 14.05, "Plan Rows": 3, "Plan Width": 24, "Actual Startup Time": 4948.946, "Actual Total Time": 5481.054, "Actual Rows": 1145969, "Actual Loops": 573635, "Recheck Cond": "(l_orderkey = orders.o_orderkey)", "Rows Removed by Index Recheck": 0, "Filter": "(l_returnflag = 'R'::bpchar)", "Rows Removed by Filter": 1146896, "Exact Heap Blocks": 614400, "Lossy Heap Blocks": 614400, "Plans": [{"Node Type": "Bitmap Index Scan", "Parent Relationship": "Outer", "Index Name": "idx_lineitem_orderkey", "Startup Cost": 0.0, "Total Cost": 1.92, "Plan Rows": 9, "Plan Width": 0, "Actual Startup Time": 2525.585, "Actual Total Time": 2525.585, "Actual Rows": 2292865, "Actual Loops": 573635, "Index Cond": "(l_orderkey = orders.o_orderkey)"}]}]}]}]}]}, "Triggers": [], "Planner Runtime": 1, "Total Runtime": 17349.86, "Unique SQL Id": 1604070524}}, "(16, 20)": {"explain_plan": {"Plan": {"Node Type": "Limit", "Startup Cost": 3717442.55, "Total Cost": 3717442.6, "Plan Rows": 20, "Plan Width": 199, "Plans": [{"Node Type": "Sort", "Parent Relationship": "Outer", "Startup Cost": 3717442.55, "Total Cost": 3721057.3, "Plan Rows": 20, "Plan Width": 199, "Sort Key": ["(sum((lineitem.l_extendedprice * (1::double precision - lineitem.l_discount)))) DESC"], "Plans": [{"Node Type": "Aggregate", "Strategy": "Hashed", "Parent Relationship": "Outer", "Startup Cost": 3664508.75, "Total Cost": 3678967.73, "Plan Rows": 1445898, "Plan Width": 199, "Group By Key": ["customer.c_custkey", "customer.c_name", "customer.c_acctbal", "customer.c_phone", "nation.n_name", "customer.c_address", "customer.c_comment"], "Plans": [{"Node Type": "Nested Loop", "Parent Relationship": "Outer", "Join Type": "Inner", "Startup Cost": 503107.54, "Total Cost": 3628361.3, "Plan Rows": 1445898, "Plan Width": 191, "Inner Unique": false, "Plans": [{"Node Type": "Merge Join", "Parent Relationship": "Outer", "Join Type": "Inner", "Startup Cost": 503107.54, "Total Cost": 511743.85, "Plan Rows": 575746, "Plan Width": 183, "Inner Unique": false, "Merge Cond": "(nation.n_nationkey = customer.c_nationkey)", "Plans": [{"Node Type": "Sort", "Parent Relationship": "Outer", "Startup Cost": 1.83, "Total Cost": 1.89, "Plan Rows": 25, "Plan Width": 30, "Sort Key": ["nation.n_nationkey"], "Plans": [{"Node Type": "Seq Scan", "Parent Relationship": "Outer", "Relation Name": "nation", "Alias": "nation", "Startup Cost": 0.0, "Total Cost": 1.25, "Plan Rows": 25, "Plan Width": 30}]}, {"Node Type": "Sort", "Parent Relationship": "Inner", "Startup Cost": 503105.7, "Total Cost": 504545.07, "Plan Rows": 575746, "Plan Width": 161, "Sort Key": ["customer.c_nationkey"], "Plans": [{"Node Type": "Merge Join", "Parent Relationship": "Outer", "Join Type": "Inner", "Startup Cost": 354871.86, "Total Cost": 448021.0, "Plan Rows": 575746, "Plan Width": 161, "Inner Unique": false, "Merge Cond": "(customer.c_custkey = orders.o_custkey)", "Plans": [{"Node Type": "Index Scan", "Parent Relationship": "Outer", "Scan Direction": "Forward", "Index Name": "customer_pkey", "Relation Name": "customer", "Alias": "customer", "Startup Cost": 0.0, "Total Cost": 80765.36, "Plan Rows": 1500000, "Plan Width": 153}, {"Node Type": "Sort", "Parent Relationship": "Inner", "Startup Cost": 354869.55, "Total Cost": 356308.91, "Plan Rows": 575746, "Plan Width": 16, "Sort Key": ["orders.o_custkey"], "Plans": [{"Node Type": "Bitmap Heap Scan", "Parent Relationship": "Outer", "Relation Name": "orders", "Alias": "orders", "Startup Cost": 14729.65, "Total Cost": 299784.84, "Plan Rows": 575746, "Plan Width": 16, "Recheck Cond": "((o_orderdate >= '1993-08-01 00:00:00'::timestamp(0) without time zone) AND (o_orderdate < '1993-11-01 00:00:00'::timestamp without time zone)), (LLVM Optimized)", "Plans": [{"Node Type": "Bitmap Index Scan", "Parent Relationship": "Outer", "Index Name": "idx_orders_orderdate", "Startup Cost": 0.0, "Total Cost": 14585.71, "Plan Rows": 575746, "Plan Width": 0, "Index Cond": "((o_orderdate >= '1993-08-01 00:00:00'::timestamp(0) without time zone) AND (o_orderdate < '1993-11-01 00:00:00'::timestamp without time zone))"}]}]}]}]}]}, {"Node Type": "Index Scan", "Parent Relationship": "Inner", "Scan Direction": "Forward", "Index Name": "idx_lineitem_orderkey", "Relation Name": "lineitem", "Alias": "lineitem", "Startup Cost": 0.0, "Total Cost": 5.38, "Plan Rows": 3, "Plan Width": 24, "Index Cond": "(l_orderkey = orders.o_orderkey)", "Filter": "(l_returnflag = 'R'::bpchar)"}]}]}]}]}, "Unique SQL Id": 1604070524, "Planner Runtime": 1}, "explain_analyze_plan": {"Plan": {"Node Type": "Limit", "Startup Cost": 3717442.55, "Total Cost": 3717442.6, "Plan Rows": 20, "Plan Width": 199, "Actual Startup Time": 13086.458, "Actual Total Time": 13086.464, "Actual Rows": 20, "Actual Loops": 1, "Plans": [{"Node Type": "Sort", "Parent Relationship": "Outer", "Startup Cost": 3717442.55, "Total Cost": 3721057.3, "Plan Rows": 20, "Plan Width": 199, "Actual Startup Time": 13086.457, "Actual Total Time": 13086.461, "Actual Rows": 20, "Actual Loops": 1, "Sort Key": ["(sum((lineitem.l_extendedprice * (1::double precision - lineitem.l_discount)))) DESC"], "Sort Method": "top-N heapsort", "Sort Space Used": 35, "Sort Space Type": "Memory", "Plans": [{"Node Type": "Aggregate", "Strategy": "Hashed", "Parent Relationship": "Outer", "Startup Cost": 3664508.75, "Total Cost": 3678967.73, "Plan Rows": 1445898, "Plan Width": 199, "Actual Startup Time": 12724.118, "Actual Total Time": 12951.752, "Actual Rows": 381542, "Actual Loops": 1, "Group By Key": ["customer.c_custkey", "customer.c_name", "customer.c_acctbal", "customer.c_phone", "nation.n_name", "customer.c_address", "customer.c_comment"], "Plans": [{"Node Type": "Nested Loop", "Parent Relationship": "Outer", "Join Type": "Inner", "Startup Cost": 503107.54, "Total Cost": 3628361.3, "Plan Rows": 1445898, "Plan Width": 191, "Actual Startup Time": 3214.314, "Actual Total Time": 10988.666, "Actual Rows": 1145969, "Actual Loops": 1, "Inner Unique": false, "Plans": [{"Node Type": "Merge Join", "Parent Relationship": "Outer", "Join Type": "Inner", "Startup Cost": 503107.54, "Total Cost": 511743.85, "Plan Rows": 575746, "Plan Width": 183, "Actual Startup Time": 3214.245, "Actual Total Time": 3604.817, "Actual Rows": 573635, "Actual Loops": 1, "Inner Unique": false, "Merge Cond": "(nation.n_nationkey = customer.c_nationkey)", "Plans": [{"Node Type": "Sort", "Parent Relationship": "Outer", "Startup Cost": 1.83, "Total Cost": 1.89, "Plan Rows": 25, "Plan Width": 30, "Actual Startup Time": 0.142, "Actual Total Time": 0.173, "Actual Rows": 25, "Actual Loops": 1, "Sort Key": ["nation.n_nationkey"], "Sort Method": "quicksort", "Sort Space Used": 27, "Sort Space Type": "Memory", "Plans": [{"Node Type": "Seq Scan", "Parent Relationship": "Outer", "Relation Name": "nation", "Alias": "nation", "Startup Cost": 0.0, "Total Cost": 1.25, "Plan Rows": 25, "Plan Width": 30, "Actual Startup Time": 0.015, "Actual Total Time": 0.022, "Actual Rows": 25, "Actual Loops": 1}]}, {"Node Type": "Sort", "Parent Relationship": "Inner", "Startup Cost": 503105.7, "Total Cost": 504545.07, "Plan Rows": 575746, "Plan Width": 161, "Actual Startup Time": 3214.09, "Actual Total Time": 3355.387, "Actual Rows": 573635, "Actual Loops": 1, "Sort Key": ["customer.c_nationkey"], "Sort Method": "quicksort", "Sort Space Used": 185911, "Sort Space Type": "Memory", "Plans": [{"Node Type": "Merge Join", "Parent Relationship": "Outer", "Join Type": "Inner", "Startup Cost": 354871.86, "Total Cost": 448021.0, "Plan Rows": 575746, "Plan Width": 161, "Actual Startup Time": 1373.616, "Actual Total Time": 2926.408, "Actual Rows": 573635, "Actual Loops": 1, "Inner Unique": false, "Merge Cond": "(customer.c_custkey = orders.o_custkey)", "Plans": [{"Node Type": "Index Scan", "Parent Relationship": "Outer", "Scan Direction": "Forward", "Index Name": "customer_pkey", "Relation Name": "customer", "Alias": "customer", "Startup Cost": 0.0, "Total Cost": 80765.36, "Plan Rows": 1500000, "Plan Width": 153, "Actual Startup Time": 0.026, "Actual Total Time": 950.592, "Actual Rows": 1499999, "Actual Loops": 1}, {"Node Type": "Sort", "Parent Relationship": "Inner", "Startup Cost": 354869.55, "Total Cost": 356308.91, "Plan Rows": 575746, "Plan Width": 16, "Actual Startup Time": 1373.579, "Actual Total Time": 1504.216, "Actual Rows": 573635, "Actual Loops": 1, "Sort Key": ["orders.o_custkey"], "Sort Method": "quicksort", "Sort Space Used": 78355, "Sort Space Type": "Memory", "Plans": [{"Node Type": "Bitmap Heap Scan", "Parent Relationship": "Outer", "Relation Name": "orders", "Alias": "orders", "Startup Cost": 14729.65, "Total Cost": 299784.84, "Plan Rows": 575746, "Plan Width": 16, "Actual Startup Time": 259.051, "Actual Total Time": 1130.352, "Actual Rows": 573635, "Actual Loops": 1, "Recheck Cond": "((o_orderdate >= '1993-08-01 00:00:00'::timestamp(0) without time zone) AND (o_orderdate < '1993-11-01 00:00:00'::timestamp without time zone)), (LLVM Optimized, Jit Execute)", "Rows Removed by Index Recheck": 0, "Exact Heap Blocks": 242860, "Lossy Heap Blocks": 242860, "Plans": [{"Node Type": "Bitmap Index Scan", "Parent Relationship": "Outer", "Index Name": "idx_orders_orderdate", "Startup Cost": 0.0, "Total Cost": 14585.71, "Plan Rows": 575746, "Plan Width": 0, "Actual Startup Time": 181.246, "Actual Total Time": 181.246, "Actual Rows": 573635, "Actual Loops": 1, "Index Cond": "((o_orderdate >= '1993-08-01 00:00:00'::timestamp(0) without time zone) AND (o_orderdate < '1993-11-01 00:00:00'::timestamp without time zone))"}]}]}]}]}]}, {"Node Type": "Index Scan", "Parent Relationship": "Inner", "Scan Direction": "Forward", "Index Name": "idx_lineitem_orderkey", "Relation Name": "lineitem", "Alias": "lineitem", "Startup Cost": 0.0, "Total Cost": 5.38, "Plan Rows": 3, "Plan Width": 24, "Actual Startup Time": 5568.792, "Actual Total Time": 6778.552, "Actual Rows": 1145969, "Actual Loops": 573635, "Index Cond": "(l_orderkey = orders.o_orderkey)", "Rows Removed by Index Recheck": 0, "Filter": "(l_returnflag = 'R'::bpchar)", "Rows Removed by Filter": 1146896}]}]}]}]}, "Triggers": [], "Planner Runtime": 1, "Total Runtime": 13096.989, "Unique SQL Id": 1604070524}}, "(16, 21)": {"explain_plan": {"Plan": {"Node Type": "Limit", "Startup Cost": 3717453.28, "Total Cost": 3717453.33, "Plan Rows": 20, "Plan Width": 199, "Plans": [{"Node Type": "Sort", "Parent Relationship": "Outer", "Startup Cost": 3717453.28, "Total Cost": 3721068.03, "Plan Rows": 20, "Plan Width": 199, "Sort Key": ["(sum((lineitem.l_extendedprice * (1::double precision - lineitem.l_discount)))) DESC"], "Plans": [{"Node Type": "Aggregate", "Strategy": "Hashed", "Parent Relationship": "Outer", "Startup Cost": 3664519.48, "Total Cost": 3678978.46, "Plan Rows": 1445898, "Plan Width": 199, "Group By Key": ["customer.c_custkey", "customer.c_name", "customer.c_acctbal", "customer.c_phone", "nation.n_name", "customer.c_address", "customer.c_comment"], "Plans": [{"Node Type": "Nested Loop", "Parent Relationship": "Outer", "Join Type": "Inner", "Startup Cost": 503105.7, "Total Cost": 3628372.03, "Plan Rows": 1445898, "Plan Width": 191, "Inner Unique": false, "Plans": [{"Node Type": "Merge Join", "Parent Relationship": "Outer", "Join Type": "Inner", "Startup Cost": 503105.7, "Total Cost": 511754.58, "Plan Rows": 575746, "Plan Width": 183, "Inner Unique": false, "Merge Cond": "(nation.n_nationkey = customer.c_nationkey)", "Plans": [{"Node Type": "Index Scan", "Parent Relationship": "Outer", "Scan Direction": "Forward", "Index Name": "nation_pkey", "Relation Name": "nation", "Alias": "nation", "Startup Cost": 0.0, "Total Cost": 12.62, "Plan Rows": 25, "Plan Width": 30}, {"Node Type": "Sort", "Parent Relationship": "Inner", "Startup Cost": 503105.7, "Total Cost": 504545.07, "Plan Rows": 575746, "Plan Width": 161, "Sort Key": ["customer.c_nationkey"], "Plans": [{"Node Type": "Merge Join", "Parent Relationship": "Outer", "Join Type": "Inner", "Startup Cost": 354871.86, "Total Cost": 448021.0, "Plan Rows": 575746, "Plan Width": 161, "Inner Unique": false, "Merge Cond": "(customer.c_custkey = orders.o_custkey)", "Plans": [{"Node Type": "Index Scan", "Parent Relationship": "Outer", "Scan Direction": "Forward", "Index Name": "customer_pkey", "Relation Name": "customer", "Alias": "customer", "Startup Cost": 0.0, "Total Cost": 80765.36, "Plan Rows": 1500000, "Plan Width": 153}, {"Node Type": "Sort", "Parent Relationship": "Inner", "Startup Cost": 354869.55, "Total Cost": 356308.91, "Plan Rows": 575746, "Plan Width": 16, "Sort Key": ["orders.o_custkey"], "Plans": [{"Node Type": "Bitmap Heap Scan", "Parent Relationship": "Outer", "Relation Name": "orders", "Alias": "orders", "Startup Cost": 14729.65, "Total Cost": 299784.84, "Plan Rows": 575746, "Plan Width": 16, "Recheck Cond": "((o_orderdate >= '1993-08-01 00:00:00'::timestamp(0) without time zone) AND (o_orderdate < '1993-11-01 00:00:00'::timestamp without time zone)), (LLVM Optimized)", "Plans": [{"Node Type": "Bitmap Index Scan", "Parent Relationship": "Outer", "Index Name": "idx_orders_orderdate", "Startup Cost": 0.0, "Total Cost": 14585.71, "Plan Rows": 575746, "Plan Width": 0, "Index Cond": "((o_orderdate >= '1993-08-01 00:00:00'::timestamp(0) without time zone) AND (o_orderdate < '1993-11-01 00:00:00'::timestamp without time zone))"}]}]}]}]}]}, {"Node Type": "Index Scan", "Parent Relationship": "Inner", "Scan Direction": "Forward", "Index Name": "idx_lineitem_orderkey", "Relation Name": "lineitem", "Alias": "lineitem", "Startup Cost": 0.0, "Total Cost": 5.38, "Plan Rows": 3, "Plan Width": 24, "Index Cond": "(l_orderkey = orders.o_orderkey)", "Filter": "(l_returnflag = 'R'::bpchar)"}]}]}]}]}, "Unique SQL Id": 1604070524, "Planner Runtime": 1}, "explain_analyze_plan": {"Plan": {"Node Type": "Limit", "Startup Cost": 3717453.28, "Total Cost": 3717453.33, "Plan Rows": 20, "Plan Width": 199, "Actual Startup Time": 13130.889, "Actual Total Time": 13130.894, "Actual Rows": 20, "Actual Loops": 1, "Plans": [{"Node Type": "Sort", "Parent Relationship": "Outer", "Startup Cost": 3717453.28, "Total Cost": 3721068.03, "Plan Rows": 20, "Plan Width": 199, "Actual Startup Time": 13130.887, "Actual Total Time": 13130.888, "Actual Rows": 20, "Actual Loops": 1, "Sort Key": ["(sum((lineitem.l_extendedprice * (1::double precision - lineitem.l_discount)))) DESC"], "Sort Method": "top-N heapsort", "Sort Space Used": 35, "Sort Space Type": "Memory", "Plans": [{"Node Type": "Aggregate", "Strategy": "Hashed", "Parent Relationship": "Outer", "Startup Cost": 3664519.48, "Total Cost": 3678978.46, "Plan Rows": 1445898, "Plan Width": 199, "Actual Startup Time": 12759.194, "Actual Total Time": 12994.995, "Actual Rows": 381542, "Actual Loops": 1, "Group By Key": ["customer.c_custkey", "customer.c_name", "customer.c_acctbal", "customer.c_phone", "nation.n_name", "customer.c_address", "customer.c_comment"], "Plans": [{"Node Type": "Nested Loop", "Parent Relationship": "Outer", "Join Type": "Inner", "Startup Cost": 503105.7, "Total Cost": 3628372.03, "Plan Rows": 1445898, "Plan Width": 191, "Actual Startup Time": 3231.838, "Actual Total Time": 11027.263, "Actual Rows": 1145969, "Actual Loops": 1, "Inner Unique": false, "Plans": [{"Node Type": "Merge Join", "Parent Relationship": "Outer", "Join Type": "Inner", "Startup Cost": 503105.7, "Total Cost": 511754.58, "Plan Rows": 575746, "Plan Width": 183, "Actual Startup Time": 3231.757, "Actual Total Time": 3647.744, "Actual Rows": 573635, "Actual Loops": 1, "Inner Unique": false, "Merge Cond": "(nation.n_nationkey = customer.c_nationkey)", "Plans": [{"Node Type": "Index Scan", "Parent Relationship": "Outer", "Scan Direction": "Forward", "Index Name": "nation_pkey", "Relation Name": "nation", "Alias": "nation", "Startup Cost": 0.0, "Total Cost": 12.62, "Plan Rows": 25, "Plan Width": 30, "Actual Startup Time": 0.019, "Actual Total Time": 0.087, "Actual Rows": 25, "Actual Loops": 1}, {"Node Type": "Sort", "Parent Relationship": "Inner", "Startup Cost": 503105.7, "Total Cost": 504545.07, "Plan Rows": 575746, "Plan Width": 161, "Actual Startup Time": 3231.724, "Actual Total Time": 3379.447, "Actual Rows": 573635, "Actual Loops": 1, "Sort Key": ["customer.c_nationkey"], "Sort Method": "quicksort", "Sort Space Used": 185911, "Sort Space Type": "Memory", "Plans": [{"Node Type": "Merge Join", "Parent Relationship": "Outer", "Join Type": "Inner", "Startup Cost": 354871.86, "Total Cost": 448021.0, "Plan Rows": 575746, "Plan Width": 161, "Actual Startup Time": 1383.632, "Actual Total Time": 2948.066, "Actual Rows": 573635, "Actual Loops": 1, "Inner Unique": false, "Merge Cond": "(customer.c_custkey = orders.o_custkey)", "Plans": [{"Node Type": "Index Scan", "Parent Relationship": "Outer", "Scan Direction": "Forward", "Index Name": "customer_pkey", "Relation Name": "customer", "Alias": "customer", "Startup Cost": 0.0, "Total Cost": 80765.36, "Plan Rows": 1500000, "Plan Width": 153, "Actual Startup Time": 0.023, "Actual Total Time": 962.484, "Actual Rows": 1499999, "Actual Loops": 1}, {"Node Type": "Sort", "Parent Relationship": "Inner", "Startup Cost": 354869.55, "Total Cost": 356308.91, "Plan Rows": 575746, "Plan Width": 16, "Actual Startup Time": 1383.598, "Actual Total Time": 1515.734, "Actual Rows": 573635, "Actual Loops": 1, "Sort Key": ["orders.o_custkey"], "Sort Method": "quicksort", "Sort Space Used": 78355, "Sort Space Type": "Memory", "Plans": [{"Node Type": "Bitmap Heap Scan", "Parent Relationship": "Outer", "Relation Name": "orders", "Alias": "orders", "Startup Cost": 14729.65, "Total Cost": 299784.84, "Plan Rows": 575746, "Plan Width": 16, "Actual Startup Time": 259.928, "Actual Total Time": 1135.763, "Actual Rows": 573635, "Actual Loops": 1, "Recheck Cond": "((o_orderdate >= '1993-08-01 00:00:00'::timestamp(0) without time zone) AND (o_orderdate < '1993-11-01 00:00:00'::timestamp without time zone)), (LLVM Optimized, Jit Execute)", "Rows Removed by Index Recheck": 0, "Exact Heap Blocks": 242860, "Lossy Heap Blocks": 242860, "Plans": [{"Node Type": "Bitmap Index Scan", "Parent Relationship": "Outer", "Index Name": "idx_orders_orderdate", "Startup Cost": 0.0, "Total Cost": 14585.71, "Plan Rows": 575746, "Plan Width": 0, "Actual Startup Time": 182.848, "Actual Total Time": 182.848, "Actual Rows": 573635, "Actual Loops": 1, "Index Cond": "((o_orderdate >= '1993-08-01 00:00:00'::timestamp(0) without time zone) AND (o_orderdate < '1993-11-01 00:00:00'::timestamp without time zone))"}]}]}]}]}]}, {"Node Type": "Index Scan", "Parent Relationship": "Inner", "Scan Direction": "Forward", "Index Name": "idx_lineitem_orderkey", "Relation Name": "lineitem", "Alias": "lineitem", "Startup Cost": 0.0, "Total Cost": 5.38, "Plan Rows": 3, "Plan Width": 24, "Actual Startup Time": 5552.29, "Actual Total Time": 6777.628, "Actual Rows": 1145969, "Actual Loops": 573635, "Index Cond": "(l_orderkey = orders.o_orderkey)", "Rows Removed by Index Recheck": 0, "Filter": "(l_returnflag = 'R'::bpchar)", "Rows Removed by Filter": 1146896}]}]}]}]}, "Triggers": [], "Planner Runtime": 1, "Total Runtime": 13141.43, "Unique SQL Id": 1604070524}}, "(16, 22)": {"explain_plan": {"Plan": {"Node Type": "Limit", "Startup Cost": 4808550.36, "Total Cost": 4808550.41, "Plan Rows": 20, "Plan Width": 199, "Plans": [{"Node Type": "Sort", "Parent Relationship": "Outer", "Startup Cost": 4808550.36, "Total Cost": 4812165.1, "Plan Rows": 20, "Plan Width": 199, "Sort Key": ["(sum((lineitem.l_extendedprice * (1::double precision - lineitem.l_discount)))) DESC"], "Plans": [{"Node Type": "Aggregate", "Strategy": "Hashed", "Parent Relationship": "Outer", "Startup Cost": 4755616.55, "Total Cost": 4770075.53, "Plan Rows": 1445898, "Plan Width": 199, "Group By Key": ["customer.c_custkey", "customer.c_name", "customer.c_acctbal", "customer.c_phone", "nation.n_name", "customer.c_address", "customer.c_comment"], "Plans": [{"Node Type": "Merge Join", "Parent Relationship": "Outer", "Join Type": "Inner", "Startup Cost": 4627956.66, "Total Cost": 4719469.1, "Plan Rows": 1445898, "Plan Width": 191, "Inner Unique": false, "Merge Cond": "(orders.o_orderkey = lineitem.l_orderkey)", "Plans": [{"Node Type": "Sort", "Parent Relationship": "Outer", "Startup Cost": 695813.19, "Total Cost": 697252.55, "Plan Rows": 575746, "Plan Width": 183, "Sort Key": ["orders.o_orderkey"], "Plans": [{"Node Type": "Merge Join", "Parent Relationship": "Outer", "Join Type": "Inner", "Startup Cost": 632092.16, "Total Cost": 640728.48, "Plan Rows": 575746, "Plan Width": 183, "Inner Unique": false, "Merge Cond": "(nation.n_nationkey = customer.c_nationkey)", "Plans": [{"Node Type": "Sort", "Parent Relationship": "Outer", "Startup Cost": 1.83, "Total Cost": 1.89, "Plan Rows": 25, "Plan Width": 30, "Sort Key": ["nation.n_nationkey"], "Plans": [{"Node Type": "Seq Scan", "Parent Relationship": "Outer", "Relation Name": "nation", "Alias": "nation", "Startup Cost": 0.0, "Total Cost": 1.25, "Plan Rows": 25, "Plan Width": 30}]}, {"Node Type": "Sort", "Parent Relationship": "Inner", "Startup Cost": 632090.33, "Total Cost": 633529.7, "Plan Rows": 575746, "Plan Width": 161, "Sort Key": ["customer.c_nationkey"], "Plans": [{"Node Type": "Merge Join", "Parent Relationship": "Outer", "Join Type": "Inner", "Startup Cost": 560869.73, "Total Cost": 577005.62, "Plan Rows": 575746, "Plan Width": 161, "Inner Unique": false, "Merge Cond": "(customer.c_custkey = orders.o_custkey)", "Plans": [{"Node Type": "Sort", "Parent Relationship": "Outer", "Startup Cost": 205999.98, "Total Cost": 209749.98, "Plan Rows": 1500000, "Plan Width": 153, "Sort Key": ["customer.c_custkey"], "Plans": [{"Node Type": "Seq Scan", "Parent Relationship": "Outer", "Relation Name": "customer", "Alias": "customer", "Startup Cost": 0.0, "Total Cost": 52126.0, "Plan Rows": 1500000, "Plan Width": 153}]}, {"Node Type": "Sort", "Parent Relationship": "Inner", "Startup Cost": 354869.55, "Total Cost": 356308.91, "Plan Rows": 575746, "Plan Width": 16, "Sort Key": ["orders.o_custkey"], "Plans": [{"Node Type": "Bitmap Heap Scan", "Parent Relationship": "Outer", "Relation Name": "orders", "Alias": "orders", "Startup Cost": 14729.65, "Total Cost": 299784.84, "Plan Rows": 575746, "Plan Width": 16, "Recheck Cond": "((o_orderdate >= '1993-08-01 00:00:00'::timestamp(0) without time zone) AND (o_orderdate < '1993-11-01 00:00:00'::timestamp without time zone)), (LLVM Optimized)", "Plans": [{"Node Type": "Bitmap Index Scan", "Parent Relationship": "Outer", "Index Name": "idx_orders_orderdate", "Startup Cost": 0.0, "Total Cost": 14585.71, "Plan Rows": 575746, "Plan Width": 0, "Index Cond": "((o_orderdate >= '1993-08-01 00:00:00'::timestamp(0) without time zone) AND (o_orderdate < '1993-11-01 00:00:00'::timestamp without time zone))"}]}]}]}]}]}]}, {"Node Type": "Sort", "Parent Relationship": "Inner", "Startup Cost": 3932143.37, "Total Cost": 3969231.39, "Plan Rows": 14835209, "Plan Width": 24, "Sort Key": ["lineitem.l_orderkey"], "Plans": [{"Node Type": "Seq Scan", "Parent Relationship": "Outer", "Relation Name": "lineitem", "Alias": "lineitem", "Startup Cost": 0.0, "Total Cost": 2165082.91, "Plan Rows": 14835209, "Plan Width": 24, "Filter": "(l_returnflag = 'R'::bpchar), (LLVM Optimized)"}]}]}]}]}]}, "Unique SQL Id": 1604070524, "Planner Runtime": 1}, "explain_analyze_plan": {"Plan": {"Node Type": "Limit", "Startup Cost": 4808550.36, "Total Cost": 4808550.41, "Plan Rows": 20, "Plan Width": 199, "Actual Startup Time": 39001.686, "Actual Total Time": 39001.692, "Actual Rows": 20, "Actual Loops": 1, "Plans": [{"Node Type": "Sort", "Parent Relationship": "Outer", "Startup Cost": 4808550.36, "Total Cost": 4812165.1, "Plan Rows": 20, "Plan Width": 199, "Actual Startup Time": 39001.683, "Actual Total Time": 39001.687, "Actual Rows": 20, "Actual Loops": 1, "Sort Key": ["(sum((lineitem.l_extendedprice * (1::double precision - lineitem.l_discount)))) DESC"], "Sort Method": "top-N heapsort", "Sort Space Used": 35, "Sort Space Type": "Memory", "Plans": [{"Node Type": "Aggregate", "Strategy": "Hashed", "Parent Relationship": "Outer", "Startup Cost": 4755616.55, "Total Cost": 4770075.53, "Plan Rows": 1445898, "Plan Width": 199, "Actual Startup Time": 38649.199, "Actual Total Time": 38868.832, "Actual Rows": 381542, "Actual Loops": 1, "Group By Key": ["customer.c_custkey", "customer.c_name", "customer.c_acctbal", "customer.c_phone", "nation.n_name", "customer.c_address", "customer.c_comment"], "Plans": [{"Node Type": "Merge Join", "Parent Relationship": "Outer", "Join Type": "Inner", "Startup Cost": 4627956.66, "Total Cost": 4719469.1, "Plan Rows": 1445898, "Plan Width": 191, "Actual Startup Time": 31667.983, "Actual Total Time": 37009.509, "Actual Rows": 1145969, "Actual Loops": 1, "Inner Unique": false, "Merge Cond": "(orders.o_orderkey = lineitem.l_orderkey)", "Plans": [{"Node Type": "Sort", "Parent Relationship": "Outer", "Startup Cost": 695813.19, "Total Cost": 697252.55, "Plan Rows": 575746, "Plan Width": 183, "Actual Startup Time": 4427.0, "Actual Total Time": 4592.073, "Actual Rows": 573635, "Actual Loops": 1, "Sort Key": ["orders.o_orderkey"], "Sort Method": "quicksort", "Sort Space Used": 199246, "Sort Space Type": "Memory", "Plans": [{"Node Type": "Merge Join", "Parent Relationship": "Outer", "Join Type": "Inner", "Startup Cost": 632092.16, "Total Cost": 640728.48, "Plan Rows": 575746, "Plan Width": 183, "Actual Startup Time": 3739.459, "Actual Total Time": 4099.071, "Actual Rows": 573635, "Actual Loops": 1, "Inner Unique": false, "Merge Cond": "(nation.n_nationkey = customer.c_nationkey)", "Plans": [{"Node Type": "Sort", "Parent Relationship": "Outer", "Startup Cost": 1.83, "Total Cost": 1.89, "Plan Rows": 25, "Plan Width": 30, "Actual Startup Time": 0.044, "Actual Total Time": 0.06, "Actual Rows": 25, "Actual Loops": 1, "Sort Key": ["nation.n_nationkey"], "Sort Method": "quicksort", "Sort Space Used": 27, "Sort Space Type": "Memory", "Plans": [{"Node Type": "Seq Scan", "Parent Relationship": "Outer", "Relation Name": "nation", "Alias": "nation", "Startup Cost": 0.0, "Total Cost": 1.25, "Plan Rows": 25, "Plan Width": 30, "Actual Startup Time": 0.02, "Actual Total Time": 0.029, "Actual Rows": 25, "Actual Loops": 1}]}, {"Node Type": "Sort", "Parent Relationship": "Inner", "Startup Cost": 632090.33, "Total Cost": 633529.7, "Plan Rows": 575746, "Plan Width": 161, "Actual Startup Time": 3739.4, "Actual Total Time": 3865.145, "Actual Rows": 573635, "Actual Loops": 1, "Sort Key": ["customer.c_nationkey"], "Sort Method": "quicksort", "Sort Space Used": 185911, "Sort Space Type": "Memory", "Plans": [{"Node Type": "Merge Join", "Parent Relationship": "Outer", "Join Type": "Inner", "Startup Cost": 560869.73, "Total Cost": 577005.62, "Plan Rows": 575746, "Plan Width": 161, "Actual Startup Time": 2544.142, "Actual Total Time": 3469.589, "Actual Rows": 573635, "Actual Loops": 1, "Inner Unique": false, "Merge Cond": "(customer.c_custkey = orders.o_custkey)", "Plans": [{"Node Type": "Sort", "Parent Relationship": "Outer", "Startup Cost": 205999.98, "Total Cost": 209749.98, "Plan Rows": 1500000, "Plan Width": 153, "Actual Startup Time": 1272.248, "Actual Total Time": 1555.71, "Actual Rows": 1499999, "Actual Loops": 1, "Sort Key": ["customer.c_custkey"], "Sort Method": "quicksort", "Sort Space Used": 470340, "Sort Space Type": "Memory", "Plans": [{"Node Type": "Seq Scan", "Parent Relationship": "Outer", "Relation Name": "customer", "Alias": "customer", "Startup Cost": 0.0, "Total Cost": 52126.0, "Plan Rows": 1500000, "Plan Width": 153, "Actual Startup Time": 0.014, "Actual Total Time": 563.367, "Actual Rows": 1500000, "Actual Loops": 1}]}, {"Node Type": "Sort", "Parent Relationship": "Inner", "Startup Cost": 354869.55, "Total Cost": 356308.91, "Plan Rows": 575746, "Plan Width": 16, "Actual Startup Time": 1271.879, "Actual Total Time": 1411.427, "Actual Rows": 573635, "Actual Loops": 1, "Sort Key": ["orders.o_custkey"], "Sort Method": "quicksort", "Sort Space Used": 78355, "Sort Space Type": "Memory", "Plans": [{"Node Type": "Bitmap Heap Scan", "Parent Relationship": "Outer", "Relation Name": "orders", "Alias": "orders", "Startup Cost": 14729.65, "Total Cost": 299784.84, "Plan Rows": 575746, "Plan Width": 16, "Actual Startup Time": 280.545, "Actual Total Time": 1033.407, "Actual Rows": 573635, "Actual Loops": 1, "Recheck Cond": "((o_orderdate >= '1993-08-01 00:00:00'::timestamp(0) without time zone) AND (o_orderdate < '1993-11-01 00:00:00'::timestamp without time zone)), (LLVM Optimized, Jit Execute)", "Rows Removed by Index Recheck": 0, "Exact Heap Blocks": 242860, "Lossy Heap Blocks": 242860, "Plans": [{"Node Type": "Bitmap Index Scan", "Parent Relationship": "Outer", "Index Name": "idx_orders_orderdate", "Startup Cost": 0.0, "Total Cost": 14585.71, "Plan Rows": 575746, "Plan Width": 0, "Actual Startup Time": 200.144, "Actual Total Time": 200.144, "Actual Rows": 573635, "Actual Loops": 1, "Index Cond": "((o_orderdate >= '1993-08-01 00:00:00'::timestamp(0) without time zone) AND (o_orderdate < '1993-11-01 00:00:00'::timestamp without time zone))"}]}]}]}]}]}]}, {"Node Type": "Sort", "Parent Relationship": "Inner", "Startup Cost": 3932143.37, "Total Cost": 3969231.39, "Plan Rows": 14835209, "Plan Width": 24, "Actual Startup Time": 27240.957, "Actual Total Time": 29453.449, "Actual Rows": 14808182, "Actual Loops": 1, "Sort Key": ["lineitem.l_orderkey"], "Sort Method": "quicksort", "Sort Space Used": 1781484, "Sort Space Type": "Memory", "Plans": [{"Node Type": "Seq Scan", "Parent Relationship": "Outer", "Relation Name": "lineitem", "Alias": "lineitem", "Startup Cost": 0.0, "Total Cost": 2165082.91, "Plan Rows": 14835209, "Plan Width": 24, "Actual Startup Time": 0.052, "Actual Total Time": 22367.832, "Actual Rows": 14808183, "Actual Loops": 1, "Filter": "(l_returnflag = 'R'::bpchar), (LLVM Optimized, Jit Execute)", "Rows Removed by Filter": 45177869}]}]}]}]}]}, "Triggers": [], "Planner Runtime": 1, "Total Runtime": 39012.48, "Unique SQL Id": 1604070524}}, "(16, 23)": {"explain_plan": {"Plan": {"Node Type": "Limit", "Startup Cost": 13443415.76, "Total Cost": 13443415.81, "Plan Rows": 20, "Plan Width": 199, "Plans": [{"Node Type": "Sort", "Parent Relationship": "Outer", "Startup Cost": 13443415.76, "Total Cost": 13447030.51, "Plan Rows": 20, "Plan Width": 199, "Sort Key": ["(sum((lineitem.l_extendedprice * (1::double precision - lineitem.l_discount)))) DESC"], "Plans": [{"Node Type": "Aggregate", "Strategy": "Hashed", "Parent Relationship": "Outer", "Startup Cost": 13390481.96, "Total Cost": 13404940.94, "Plan Rows": 1445898, "Plan Width": 199, "Group By Key": ["customer.c_custkey", "customer.c_name", "customer.c_acctbal", "customer.c_phone", "nation.n_name", "customer.c_address", "customer.c_comment"], "Plans": [{"Node Type": "Nested Loop", "Parent Relationship": "Outer", "Join Type": "Inner", "Startup Cost": 14732.12, "Total Cost": 13354334.51, "Plan Rows": 1445898, "Plan Width": 191, "Inner Unique": false, "Plans": [{"Node Type": "Nested Loop", "Parent Relationship": "Outer", "Join Type": "Inner", "Startup Cost": 14730.2, "Total Cost": 5249597.54, "Plan Rows": 575746, "Plan Width": 183, "Inner Unique": true, "Plans": [{"Node Type": "Nested Loop", "Parent Relationship": "Outer", "Join Type": "Inner", "Startup Cost": 14729.94, "Total Cost": 2785257.65, "Plan Rows": 575746, "Plan Width": 161, "Inner Unique": true, "Plans": [{"Node Type": "Bitmap Heap Scan", "Parent Relationship": "Outer", "Relation Name": "orders", "Alias": "orders", "Startup Cost": 14729.65, "Total Cost": 299784.84, "Plan Rows": 575746, "Plan Width": 16, "Recheck Cond": "((o_orderdate >= '1993-08-01 00:00:00'::timestamp(0) without time zone) AND (o_orderdate < '1993-11-01 00:00:00'::timestamp without time zone)), (LLVM Optimized)", "Plans": [{"Node Type": "Bitmap Index Scan", "Parent Relationship": "Outer", "Index Name": "idx_orders_orderdate", "Startup Cost": 0.0, "Total Cost": 14585.71, "Plan Rows": 575746, "Plan Width": 0, "Index Cond": "((o_orderdate >= '1993-08-01 00:00:00'::timestamp(0) without time zone) AND (o_orderdate < '1993-11-01 00:00:00'::timestamp without time zone))"}]}, {"Node Type": "Bitmap Heap Scan", "Parent Relationship": "Inner", "Relation Name": "customer", "Alias": "customer", "Startup Cost": 0.29, "Total Cost": 4.31, "Plan Rows": 1, "Plan Width": 153, "Recheck Cond": "(c_custkey = orders.o_custkey)", "Plans": [{"Node Type": "Bitmap Index Scan", "Parent Relationship": "Outer", "Index Name": "customer_pkey", "Startup Cost": 0.0, "Total Cost": 0.29, "Plan Rows": 1, "Plan Width": 0, "Index Cond": "(c_custkey = orders.o_custkey)"}]}]}, {"Node Type": "Bitmap Heap Scan", "Parent Relationship": "Inner", "Relation Name": "nation", "Alias": "nation", "Startup Cost": 0.26, "Total Cost": 4.27, "Plan Rows": 1, "Plan Width": 30, "Recheck Cond": "(n_nationkey = customer.c_nationkey)", "Plans": [{"Node Type": "Bitmap Index Scan", "Parent Relationship": "Outer", "Index Name": "nation_pkey", "Startup Cost": 0.0, "Total Cost": 0.26, "Plan Rows": 1, "Plan Width": 0, "Index Cond": "(n_nationkey = customer.c_nationkey)"}]}]}, {"Node Type": "Bitmap Heap Scan", "Parent Relationship": "Inner", "Relation Name": "lineitem", "Alias": "lineitem", "Startup Cost": 1.93, "Total Cost": 14.05, "Plan Rows": 3, "Plan Width": 24, "Recheck Cond": "(l_orderkey = orders.o_orderkey)", "Filter": "(l_returnflag = 'R'::bpchar)", "Plans": [{"Node Type": "Bitmap Index Scan", "Parent Relationship": "Outer", "Index Name": "idx_lineitem_orderkey", "Startup Cost": 0.0, "Total Cost": 1.92, "Plan Rows": 9, "Plan Width": 0, "Index Cond": "(l_orderkey = orders.o_orderkey)"}]}]}]}]}]}, "Unique SQL Id": 1604070524, "Planner Runtime": 1}, "explain_analyze_plan": {"Plan": {"Node Type": "Limit", "Startup Cost": 13443415.76, "Total Cost": 13443415.81, "Plan Rows": 20, "Plan Width": 199, "Actual Startup Time": 17339.241, "Actual Total Time": 17339.252, "Actual Rows": 20, "Actual Loops": 1, "Plans": [{"Node Type": "Sort", "Parent Relationship": "Outer", "Startup Cost": 13443415.76, "Total Cost": 13447030.51, "Plan Rows": 20, "Plan Width": 199, "Actual Startup Time": 17339.239, "Actual Total Time": 17339.248, "Actual Rows": 20, "Actual Loops": 1, "Sort Key": ["(sum((lineitem.l_extendedprice * (1::double precision - lineitem.l_discount)))) DESC"], "Sort Method": "top-N heapsort", "Sort Space Used": 35, "Sort Space Type": "Memory", "Plans": [{"Node Type": "Aggregate", "Strategy": "Hashed", "Parent Relationship": "Outer", "Startup Cost": 13390481.96, "Total Cost": 13404940.94, "Plan Rows": 1445898, "Plan Width": 199, "Actual Startup Time": 16948.804, "Actual Total Time": 17203.575, "Actual Rows": 381542, "Actual Loops": 1, "Group By Key": ["customer.c_custkey", "customer.c_name", "customer.c_acctbal", "customer.c_phone", "nation.n_name", "customer.c_address", "customer.c_comment"], "Plans": [{"Node Type": "Nested Loop", "Parent Relationship": "Outer", "Join Type": "Inner", "Startup Cost": 14732.12, "Total Cost": 13354334.51, "Plan Rows": 1445898, "Plan Width": 191, "Actual Startup Time": 243.383, "Actual Total Time": 14979.756, "Actual Rows": 1145969, "Actual Loops": 1, "Inner Unique": false, "Plans": [{"Node Type": "Nested Loop", "Parent Relationship": "Outer", "Join Type": "Inner", "Startup Cost": 14730.2, "Total Cost": 5249597.54, "Plan Rows": 575746, "Plan Width": 183, "Actual Startup Time": 243.33, "Actual Total Time": 8554.709, "Actual Rows": 573635, "Actual Loops": 1, "Inner Unique": true, "Plans": [{"Node Type": "Nested Loop", "Parent Relationship": "Outer", "Join Type": "Inner", "Startup Cost": 14729.94, "Total Cost": 2785257.65, "Plan Rows": 575746, "Plan Width": 161, "Actual Startup Time": 243.278, "Actual Total Time": 6365.155, "Actual Rows": 573635, "Actual Loops": 1, "Inner Unique": true, "Plans": [{"Node Type": "Bitmap Heap Scan", "Parent Relationship": "Outer", "Relation Name": "orders", "Alias": "orders", "Startup Cost": 14729.65, "Total Cost": 299784.84, "Plan Rows": 575746, "Plan Width": 16, "Actual Startup Time": 243.054, "Actual Total Time": 1186.231, "Actual Rows": 573635, "Actual Loops": 1, "Recheck Cond": "((o_orderdate >= '1993-08-01 00:00:00'::timestamp(0) without time zone) AND (o_orderdate < '1993-11-01 00:00:00'::timestamp without time zone)), (LLVM Optimized, Jit Execute)", "Rows Removed by Index Recheck": 0, "Exact Heap Blocks": 242860, "Lossy Heap Blocks": 242860, "Plans": [{"Node Type": "Bitmap Index Scan", "Parent Relationship": "Outer", "Index Name": "idx_orders_orderdate", "Startup Cost": 0.0, "Total Cost": 14585.71, "Plan Rows": 575746, "Plan Width": 0, "Actual Startup Time": 167.646, "Actual Total Time": 167.646, "Actual Rows": 573635, "Actual Loops": 1, "Index Cond": "((o_orderdate >= '1993-08-01 00:00:00'::timestamp(0) without time zone) AND (o_orderdate < '1993-11-01 00:00:00'::timestamp without time zone))"}]}, {"Node Type": "Bitmap Heap Scan", "Parent Relationship": "Inner", "Relation Name": "customer", "Alias": "customer", "Startup Cost": 0.29, "Total Cost": 4.31, "Plan Rows": 1, "Plan Width": 153, "Actual Startup Time": 4298.917, "Actual Total Time": 4298.917, "Actual Rows": 573635, "Actual Loops": 573635, "Recheck Cond": "(c_custkey = orders.o_custkey)", "Rows Removed by Index Recheck": 0, "Exact Heap Blocks": 573635, "Lossy Heap Blocks": 573635, "Plans": [{"Node Type": "Bitmap Index Scan", "Parent Relationship": "Outer", "Index Name": "customer_pkey", "Startup Cost": 0.0, "Total Cost": 0.29, "Plan Rows": 1, "Plan Width": 0, "Actual Startup Time": 2605.74, "Actual Total Time": 2605.74, "Actual Rows": 573635, "Actual Loops": 573635, "Index Cond": "(c_custkey = orders.o_custkey)"}]}]}, {"Node Type": "Bitmap Heap Scan", "Parent Relationship": "Inner", "Relation Name": "nation", "Alias": "nation", "Startup Cost": 0.26, "Total Cost": 4.27, "Plan Rows": 1, "Plan Width": 30, "Actual Startup Time": 1394.855, "Actual Total Time": 1394.855, "Actual Rows": 573635, "Actual Loops": 573635, "Recheck Cond": "(n_nationkey = customer.c_nationkey)", "Rows Removed by Index Recheck": 0, "Exact Heap Blocks": 573635, "Lossy Heap Blocks": 573635, "Plans": [{"Node Type": "Bitmap Index Scan", "Parent Relationship": "Outer", "Index Name": "nation_pkey", "Startup Cost": 0.0, "Total Cost": 0.26, "Plan Rows": 1, "Plan Width": 0, "Actual Startup Time": 610.88, "Actual Total Time": 610.88, "Actual Rows": 573635, "Actual Loops": 573635, "Index Cond": "(n_nationkey = customer.c_nationkey)"}]}]}, {"Node Type": "Bitmap Heap Scan", "Parent Relationship": "Inner", "Relation Name": "lineitem", "Alias": "lineitem", "Startup Cost": 1.93, "Total Cost": 14.05, "Plan Rows": 3, "Plan Width": 24, "Actual Startup Time": 4948.946, "Actual Total Time": 5481.054, "Actual Rows": 1145969, "Actual Loops": 573635, "Recheck Cond": "(l_orderkey = orders.o_orderkey)", "Rows Removed by Index Recheck": 0, "Filter": "(l_returnflag = 'R'::bpchar)", "Rows Removed by Filter": 1146896, "Exact Heap Blocks": 614400, "Lossy Heap Blocks": 614400, "Plans": [{"Node Type": "Bitmap Index Scan", "Parent Relationship": "Outer", "Index Name": "idx_lineitem_orderkey", "Startup Cost": 0.0, "Total Cost": 1.92, "Plan Rows": 9, "Plan Width": 0, "Actual Startup Time": 2525.585, "Actual Total Time": 2525.585, "Actual Rows": 2292865, "Actual Loops": 573635, "Index Cond": "(l_orderkey = orders.o_orderkey)"}]}]}]}]}]}, "Triggers": [], "Planner Runtime": 1, "Total Runtime": 17349.86, "Unique SQL Id": 1604070524}}, "(16, 24)": {"explain_plan": {"Plan": {"Node Type": "Limit", "Startup Cost": 3919068.9, "Total Cost": 3919068.95, "Plan Rows": 20, "Plan Width": 199, "Plans": [{"Node Type": "Sort", "Parent Relationship": "Outer", "Startup Cost": 3919068.9, "Total Cost": 3922683.64, "Plan Rows": 20, "Plan Width": 199, "Sort Key": ["(sum((lineitem.l_extendedprice * (1::double precision - lineitem.l_discount)))) DESC"], "Plans": [{"Node Type": "Aggregate", "Strategy": "Hashed", "Parent Relationship": "Outer", "Startup Cost": 3866135.09, "Total Cost": 3880594.07, "Plan Rows": 1445898, "Plan Width": 199, "Group By Key": ["customer.c_custkey", "customer.c_name", "customer.c_acctbal", "customer.c_phone", "nation.n_name", "customer.c_address", "customer.c_comment"], "Plans": [{"Node Type": "Nested Loop", "Parent Relationship": "Outer", "Join Type": "Inner", "Startup Cost": 704733.88, "Total Cost": 3829987.64, "Plan Rows": 1445898, "Plan Width": 191, "Inner Unique": false, "Plans": [{"Node Type": "Merge Join", "Parent Relationship": "Outer", "Join Type": "Inner", "Startup Cost": 704733.88, "Total Cost": 713370.2, "Plan Rows": 575746, "Plan Width": 183, "Inner Unique": false, "Merge Cond": "(nation.n_nationkey = customer.c_nationkey)", "Plans": [{"Node Type": "Sort", "Parent Relationship": "Outer", "Startup Cost": 1.83, "Total Cost": 1.89, "Plan Rows": 25, "Plan Width": 30, "Sort Key": ["nation.n_nationkey"], "Plans": [{"Node Type": "Seq Scan", "Parent Relationship": "Outer", "Relation Name": "nation", "Alias": "nation", "Startup Cost": 0.0, "Total Cost": 1.25, "Plan Rows": 25, "Plan Width": 30}]}, {"Node Type": "Sort", "Parent Relationship": "Inner", "Startup Cost": 704732.05, "Total Cost": 706171.42, "Plan Rows": 575746, "Plan Width": 161, "Sort Key": ["customer.c_nationkey"], "Plans": [{"Node Type": "Merge Join", "Parent Relationship": "Outer", "Join Type": "Inner", "Startup Cost": 556498.2, "Total Cost": 649647.34, "Plan Rows": 575746, "Plan Width": 161, "Inner Unique": false, "Merge Cond": "(customer.c_custkey = orders.o_custkey)", "Plans": [{"Node Type": "Index Scan", "Parent Relationship": "Outer", "Scan Direction": "Forward", "Index Name": "customer_pkey", "Relation Name": "customer", "Alias": "customer", "Startup Cost": 0.0, "Total Cost": 80765.36, "Plan Rows": 1500000, "Plan Width": 153}, {"Node Type": "Sort", "Parent Relationship": "Inner", "Startup Cost": 556495.89, "Total Cost": 557935.26, "Plan Rows": 575746, "Plan Width": 16, "Sort Key": ["orders.o_custkey"], "Plans": [{"Node Type": "Seq Scan", "Parent Relationship": "Outer", "Relation Name": "orders", "Alias": "orders", "Startup Cost": 585.62, "Total Cost": 501411.18, "Plan Rows": 575746, "Plan Width": 16, "Filter": "((o_orderdate >= '1993-08-01 00:00:00'::timestamp(0) without time zone) AND (o_orderdate < '1993-11-01 00:00:00'::timestamp without time zone)), (LLVM Optimized)"}]}]}]}]}, {"Node Type": "Index Scan", "Parent Relationship": "Inner", "Scan Direction": "Forward", "Index Name": "idx_lineitem_orderkey", "Relation Name": "lineitem", "Alias": "lineitem", "Startup Cost": 0.0, "Total Cost": 5.38, "Plan Rows": 3, "Plan Width": 24, "Index Cond": "(l_orderkey = orders.o_orderkey)", "Filter": "(l_returnflag = 'R'::bpchar)"}]}]}]}]}, "Unique SQL Id": 1604070524, "Planner Runtime": 1}, "explain_analyze_plan": {"Plan": {"Node Type": "Limit", "Startup Cost": 3919068.9, "Total Cost": 3919068.95, "Plan Rows": 20, "Plan Width": 199, "Actual Startup Time": 16806.353, "Actual Total Time": 16806.36, "Actual Rows": 20, "Actual Loops": 1, "Plans": [{"Node Type": "Sort", "Parent Relationship": "Outer", "Startup Cost": 3919068.9, "Total Cost": 3922683.64, "Plan Rows": 20, "Plan Width": 199, "Actual Startup Time": 16806.351, "Actual Total Time": 16806.354, "Actual Rows": 20, "Actual Loops": 1, "Sort Key": ["(sum((lineitem.l_extendedprice * (1::double precision - lineitem.l_discount)))) DESC"], "Sort Method": "top-N heapsort", "Sort Space Used": 35, "Sort Space Type": "Memory", "Plans": [{"Node Type": "Aggregate", "Strategy": "Hashed", "Parent Relationship": "Outer", "Startup Cost": 3866135.09, "Total Cost": 3880594.07, "Plan Rows": 1445898, "Plan Width": 199, "Actual Startup Time": 16450.67, "Actual Total Time": 16671.477, "Actual Rows": 381542, "Actual Loops": 1, "Group By Key": ["customer.c_custkey", "customer.c_name", "customer.c_acctbal", "customer.c_phone", "nation.n_name", "customer.c_address", "customer.c_comment"], "Plans": [{"Node Type": "Nested Loop", "Parent Relationship": "Outer", "Join Type": "Inner", "Startup Cost": 704733.88, "Total Cost": 3829987.64, "Plan Rows": 1445898, "Plan Width": 191, "Actual Startup Time": 7013.248, "Actual Total Time": 14715.733, "Actual Rows": 1145969, "Actual Loops": 1, "Inner Unique": false, "Plans": [{"Node Type": "Merge Join", "Parent Relationship": "Outer", "Join Type": "Inner", "Startup Cost": 704733.88, "Total Cost": 713370.2, "Plan Rows": 575746, "Plan Width": 183, "Actual Startup Time": 7013.177, "Actual Total Time": 7377.048, "Actual Rows": 573635, "Actual Loops": 1, "Inner Unique": false, "Merge Cond": "(nation.n_nationkey = customer.c_nationkey)", "Plans": [{"Node Type": "Sort", "Parent Relationship": "Outer", "Startup Cost": 1.83, "Total Cost": 1.89, "Plan Rows": 25, "Plan Width": 30, "Actual Startup Time": 0.051, "Actual Total Time": 0.071, "Actual Rows": 25, "Actual Loops": 1, "Sort Key": ["nation.n_nationkey"], "Sort Method": "quicksort", "Sort Space Used": 27, "Sort Space Type": "Memory", "Plans": [{"Node Type": "Seq Scan", "Parent Relationship": "Outer", "Relation Name": "nation", "Alias": "nation", "Startup Cost": 0.0, "Total Cost": 1.25, "Plan Rows": 25, "Plan Width": 30, "Actual Startup Time": 0.019, "Actual Total Time": 0.023, "Actual Rows": 25, "Actual Loops": 1}]}, {"Node Type": "Sort", "Parent Relationship": "Inner", "Startup Cost": 704732.05, "Total Cost": 706171.42, "Plan Rows": 575746, "Plan Width": 161, "Actual Startup Time": 7013.113, "Actual Total Time": 7142.975, "Actual Rows": 573635, "Actual Loops": 1, "Sort Key": ["customer.c_nationkey"], "Sort Method": "quicksort", "Sort Space Used": 185911, "Sort Space Type": "Memory", "Plans": [{"Node Type": "Merge Join", "Parent Relationship": "Outer", "Join Type": "Inner", "Startup Cost": 556498.2, "Total Cost": 649647.34, "Plan Rows": 575746, "Plan Width": 161, "Actual Startup Time": 5235.674, "Actual Total Time": 6719.585, "Actual Rows": 573635, "Actual Loops": 1, "Inner Unique": false, "Merge Cond": "(customer.c_custkey = orders.o_custkey)", "Plans": [{"Node Type": "Index Scan", "Parent Relationship": "Outer", "Scan Direction": "Forward", "Index Name": "customer_pkey", "Relation Name": "customer", "Alias": "customer", "Startup Cost": 0.0, "Total Cost": 80765.36, "Plan Rows": 1500000, "Plan Width": 153, "Actual Startup Time": 0.029, "Actual Total Time": 895.309, "Actual Rows": 1499999, "Actual Loops": 1}, {"Node Type": "Sort", "Parent Relationship": "Inner", "Startup Cost": 556495.89, "Total Cost": 557935.26, "Plan Rows": 575746, "Plan Width": 16, "Actual Startup Time": 5235.633, "Actual Total Time": 5353.409, "Actual Rows": 573635, "Actual Loops": 1, "Sort Key": ["orders.o_custkey"], "Sort Method": "quicksort", "Sort Space Used": 78355, "Sort Space Type": "Memory", "Plans": [{"Node Type": "Seq Scan", "Parent Relationship": "Outer", "Relation Name": "orders", "Alias": "orders", "Startup Cost": 585.62, "Total Cost": 501411.18, "Plan Rows": 575746, "Plan Width": 16, "Actual Startup Time": 0.035, "Actual Total Time": 4996.209, "Actual Rows": 573635, "Actual Loops": 1, "Filter": "((o_orderdate >= '1993-08-01 00:00:00'::timestamp(0) without time zone) AND (o_orderdate < '1993-11-01 00:00:00'::timestamp without time zone)), (LLVM Optimized, Jit Execute)", "Rows Removed by Filter": 14426365}]}]}]}]}, {"Node Type": "Index Scan", "Parent Relationship": "Inner", "Scan Direction": "Forward", "Index Name": "idx_lineitem_orderkey", "Relation Name": "lineitem", "Alias": "lineitem", "Startup Cost": 0.0, "Total Cost": 5.38, "Plan Rows": 3, "Plan Width": 24, "Actual Startup Time": 5502.952, "Actual Total Time": 6712.348, "Actual Rows": 1145969, "Actual Loops": 573635, "Index Cond": "(l_orderkey = orders.o_orderkey)", "Rows Removed by Index Recheck": 0, "Filter": "(l_returnflag = 'R'::bpchar)", "Rows Removed by Filter": 1146896}]}]}]}]}, "Triggers": [], "Planner Runtime": 2, "Total Runtime": 16816.406, "Unique SQL Id": 1604070524}}, "(16, 25)": {"explain_plan": {"Plan": {"Node Type": "Limit", "Startup Cost": 4223644.28, "Total Cost": 4223644.33, "Plan Rows": 20, "Plan Width": 199, "Plans": [{"Node Type": "Sort", "Parent Relationship": "Outer", "Startup Cost": 4223644.28, "Total Cost": 4227259.02, "Plan Rows": 20, "Plan Width": 199, "Sort Key": ["(sum((lineitem.l_extendedprice * (1::double precision - lineitem.l_discount)))) DESC"], "Plans": [{"Node Type": "Aggregate", "Strategy": "Hashed", "Parent Relationship": "Outer", "Startup Cost": 4170710.47, "Total Cost": 4185169.45, "Plan Rows": 1445898, "Plan Width": 199, "Group By Key": ["customer.c_custkey", "customer.c_name", "customer.c_acctbal", "customer.c_phone", "nation.n_name", "customer.c_address", "customer.c_comment"], "Plans": [{"Node Type": "Nested Loop", "Parent Relationship": "Outer", "Join Type": "Inner", "Startup Cost": 1009296.7, "Total Cost": 4134563.02, "Plan Rows": 1445898, "Plan Width": 191, "Inner Unique": false, "Plans": [{"Node Type": "Merge Join", "Parent Relationship": "Outer", "Join Type": "Inner", "Startup Cost": 1009296.7, "Total Cost": 1017945.58, "Plan Rows": 575746, "Plan Width": 183, "Inner Unique": false, "Merge Cond": "(nation.n_nationkey = customer.c_nationkey)", "Plans": [{"Node Type": "Index Scan", "Parent Relationship": "Outer", "Scan Direction": "Forward", "Index Name": "nation_pkey", "Relation Name": "nation", "Alias": "nation", "Startup Cost": 0.0, "Total Cost": 12.62, "Plan Rows": 25, "Plan Width": 30}, {"Node Type": "Sort", "Parent Relationship": "Inner", "Startup Cost": 1009296.7, "Total Cost": 1010736.06, "Plan Rows": 575746, "Plan Width": 161, "Sort Key": ["customer.c_nationkey"], "Plans": [{"Node Type": "Merge Join", "Parent Relationship": "Outer", "Join Type": "Inner", "Startup Cost": 861062.85, "Total Cost": 954211.99, "Plan Rows": 575746, "Plan Width": 161, "Inner Unique": false, "Merge Cond": "(customer.c_custkey = orders.o_custkey)", "Plans": [{"Node Type": "Index Scan", "Parent Relationship": "Outer", "Scan Direction": "Forward", "Index Name": "customer_pkey", "Relation Name": "customer", "Alias": "customer", "Startup Cost": 0.0, "Total Cost": 80765.36, "Plan Rows": 1500000, "Plan Width": 153}, {"Node Type": "Sort", "Parent Relationship": "Inner", "Startup Cost": 861060.54, "Total Cost": 862499.9, "Plan Rows": 575746, "Plan Width": 16, "Sort Key": ["orders.o_custkey"], "Plans": [{"Node Type": "Index Scan", "Parent Relationship": "Outer", "Scan Direction": "Forward", "Index Name": "orders_pkey", "Relation Name": "orders", "Alias": "orders", "Startup Cost": 0.0, "Total Cost": 805975.83, "Plan Rows": 575746, "Plan Width": 16, "Filter": "((o_orderdate >= '1993-08-01 00:00:00'::timestamp(0) without time zone) AND (o_orderdate < '1993-11-01 00:00:00'::timestamp without time zone)), (LLVM Optimized)"}]}]}]}]}, {"Node Type": "Index Scan", "Parent Relationship": "Inner", "Scan Direction": "Forward", "Index Name": "idx_lineitem_orderkey", "Relation Name": "lineitem", "Alias": "lineitem", "Startup Cost": 0.0, "Total Cost": 5.38, "Plan Rows": 3, "Plan Width": 24, "Index Cond": "(l_orderkey = orders.o_orderkey)", "Filter": "(l_returnflag = 'R'::bpchar)"}]}]}]}]}, "Unique SQL Id": 1604070524, "Planner Runtime": 1}, "explain_analyze_plan": {"Plan": {"Node Type": "Limit", "Startup Cost": 4223644.28, "Total Cost": 4223644.33, "Plan Rows": 20, "Plan Width": 199, "Actual Startup Time": 22269.368, "Actual Total Time": 22269.372, "Actual Rows": 20, "Actual Loops": 1, "Plans": [{"Node Type": "Sort", "Parent Relationship": "Outer", "Startup Cost": 4223644.28, "Total Cost": 4227259.02, "Plan Rows": 20, "Plan Width": 199, "Actual Startup Time": 22269.365, "Actual Total Time": 22269.366, "Actual Rows": 20, "Actual Loops": 1, "Sort Key": ["(sum((lineitem.l_extendedprice * (1::double precision - lineitem.l_discount)))) DESC"], "Sort Method": "top-N heapsort", "Sort Space Used": 35, "Sort Space Type": "Memory", "Plans": [{"Node Type": "Aggregate", "Strategy": "Hashed", "Parent Relationship": "Outer", "Startup Cost": 4170710.47, "Total Cost": 4185169.45, "Plan Rows": 1445898, "Plan Width": 199, "Actual Startup Time": 21897.314, "Actual Total Time": 22134.132, "Actual Rows": 381542, "Actual Loops": 1, "Group By Key": ["customer.c_custkey", "customer.c_name", "customer.c_acctbal", "customer.c_phone", "nation.n_name", "customer.c_address", "customer.c_comment"], "Plans": [{"Node Type": "Nested Loop", "Parent Relationship": "Outer", "Join Type": "Inner", "Startup Cost": 1009296.7, "Total Cost": 4134563.02, "Plan Rows": 1445898, "Plan Width": 191, "Actual Startup Time": 12418.581, "Actual Total Time": 20160.172, "Actual Rows": 1145969, "Actual Loops": 1, "Inner Unique": false, "Plans": [{"Node Type": "Merge Join", "Parent Relationship": "Outer", "Join Type": "Inner", "Startup Cost": 1009296.7, "Total Cost": 1017945.58, "Plan Rows": 575746, "Plan Width": 183, "Actual Startup Time": 12418.482, "Actual Total Time": 12816.301, "Actual Rows": 573635, "Actual Loops": 1, "Inner Unique": false, "Merge Cond": "(nation.n_nationkey = customer.c_nationkey)", "Plans": [{"Node Type": "Index Scan", "Parent Relationship": "Outer", "Scan Direction": "Forward", "Index Name": "nation_pkey", "Relation Name": "nation", "Alias": "nation", "Startup Cost": 0.0, "Total Cost": 12.62, "Plan Rows": 25, "Plan Width": 30, "Actual Startup Time": 0.018, "Actual Total Time": 0.085, "Actual Rows": 25, "Actual Loops": 1}, {"Node Type": "Sort", "Parent Relationship": "Inner", "Startup Cost": 1009296.7, "Total Cost": 1010736.06, "Plan Rows": 575746, "Plan Width": 161, "Actual Startup Time": 12418.449, "Actual Total Time": 12555.891, "Actual Rows": 573635, "Actual Loops": 1, "Sort Key": ["customer.c_nationkey"], "Sort Method": "quicksort", "Sort Space Used": 185911, "Sort Space Type": "Memory", "Plans": [{"Node Type": "Merge Join", "Parent Relationship": "Outer", "Join Type": "Inner", "Startup Cost": 861062.85, "Total Cost": 954211.99, "Plan Rows": 575746, "Plan Width": 161, "Actual Startup Time": 10623.728, "Actual Total Time": 12124.724, "Actual Rows": 573635, "Actual Loops": 1, "Inner Unique": false, "Merge Cond": "(customer.c_custkey = orders.o_custkey)", "Plans": [{"Node Type": "Index Scan", "Parent Relationship": "Outer", "Scan Direction": "Forward", "Index Name": "customer_pkey", "Relation Name": "customer", "Alias": "customer", "Startup Cost": 0.0, "Total Cost": 80765.36, "Plan Rows": 1500000, "Plan Width": 153, "Actual Startup Time": 0.023, "Actual Total Time": 904.522, "Actual Rows": 1499999, "Actual Loops": 1}, {"Node Type": "Sort", "Parent Relationship": "Inner", "Startup Cost": 861060.54, "Total Cost": 862499.9, "Plan Rows": 575746, "Plan Width": 16, "Actual Startup Time": 10623.687, "Actual Total Time": 10748.431, "Actual Rows": 573635, "Actual Loops": 1, "Sort Key": ["orders.o_custkey"], "Sort Method": "quicksort", "Sort Space Used": 78355, "Sort Space Type": "Memory", "Plans": [{"Node Type": "Index Scan", "Parent Relationship": "Outer", "Scan Direction": "Forward", "Index Name": "orders_pkey", "Relation Name": "orders", "Alias": "orders", "Startup Cost": 0.0, "Total Cost": 805975.83, "Plan Rows": 575746, "Plan Width": 16, "Actual Startup Time": 0.036, "Actual Total Time": 10368.715, "Actual Rows": 573635, "Actual Loops": 1, "Filter": "((o_orderdate >= '1993-08-01 00:00:00'::timestamp(0) without time zone) AND (o_orderdate < '1993-11-01 00:00:00'::timestamp without time zone)), (LLVM Optimized, Jit Execute)", "Rows Removed by Filter": 14426365}]}]}]}]}, {"Node Type": "Index Scan", "Parent Relationship": "Inner", "Scan Direction": "Forward", "Index Name": "idx_lineitem_orderkey", "Relation Name": "lineitem", "Alias": "lineitem", "Startup Cost": 0.0, "Total Cost": 5.38, "Plan Rows": 3, "Plan Width": 24, "Actual Startup Time": 5507.06, "Actual Total Time": 6731.811, "Actual Rows": 1145969, "Actual Loops": 573635, "Index Cond": "(l_orderkey = orders.o_orderkey)", "Rows Removed by Index Recheck": 0, "Filter": "(l_returnflag = 'R'::bpchar)", "Rows Removed by Filter": 1146896}]}]}]}]}, "Triggers": [], "Planner Runtime": 1, "Total Runtime": 22279.579, "Unique SQL Id": 1604070524}}, "(16, 26)": {"explain_plan": {"Plan": {"Node Type": "Limit", "Startup Cost": 5010176.71, "Total Cost": 5010176.76, "Plan Rows": 20, "Plan Width": 199, "Plans": [{"Node Type": "Sort", "Parent Relationship": "Outer", "Startup Cost": 5010176.71, "Total Cost": 5013791.45, "Plan Rows": 20, "Plan Width": 199, "Sort Key": ["(sum((lineitem.l_extendedprice * (1::double precision - lineitem.l_discount)))) DESC"], "Plans": [{"Node Type": "Aggregate", "Strategy": "Hashed", "Parent Relationship": "Outer", "Startup Cost": 4957242.9, "Total Cost": 4971701.88, "Plan Rows": 1445898, "Plan Width": 199, "Group By Key": ["customer.c_custkey", "customer.c_name", "customer.c_acctbal", "customer.c_phone", "nation.n_name", "customer.c_address", "customer.c_comment"], "Plans": [{"Node Type": "Merge Join", "Parent Relationship": "Outer", "Join Type": "Inner", "Startup Cost": 4829583.01, "Total Cost": 4921095.45, "Plan Rows": 1445898, "Plan Width": 191, "Inner Unique": false, "Merge Cond": "(orders.o_orderkey = lineitem.l_orderkey)", "Plans": [{"Node Type": "Sort", "Parent Relationship": "Outer", "Startup Cost": 897439.53, "Total Cost": 898878.9, "Plan Rows": 575746, "Plan Width": 183, "Sort Key": ["orders.o_orderkey"], "Plans": [{"Node Type": "Merge Join", "Parent Relationship": "Outer", "Join Type": "Inner", "Startup Cost": 833718.51, "Total Cost": 842354.83, "Plan Rows": 575746, "Plan Width": 183, "Inner Unique": false, "Merge Cond": "(nation.n_nationkey = customer.c_nationkey)", "Plans": [{"Node Type": "Sort", "Parent Relationship": "Outer", "Startup Cost": 1.83, "Total Cost": 1.89, "Plan Rows": 25, "Plan Width": 30, "Sort Key": ["nation.n_nationkey"], "Plans": [{"Node Type": "Seq Scan", "Parent Relationship": "Outer", "Relation Name": "nation", "Alias": "nation", "Startup Cost": 0.0, "Total Cost": 1.25, "Plan Rows": 25, "Plan Width": 30}]}, {"Node Type": "Sort", "Parent Relationship": "Inner", "Startup Cost": 833716.68, "Total Cost": 835156.05, "Plan Rows": 575746, "Plan Width": 161, "Sort Key": ["customer.c_nationkey"], "Plans": [{"Node Type": "Merge Join", "Parent Relationship": "Outer", "Join Type": "Inner", "Startup Cost": 762496.08, "Total Cost": 778631.97, "Plan Rows": 575746, "Plan Width": 161, "Inner Unique": false, "Merge Cond": "(customer.c_custkey = orders.o_custkey)", "Plans": [{"Node Type": "Sort", "Parent Relationship": "Outer", "Startup Cost": 205999.98, "Total Cost": 209749.98, "Plan Rows": 1500000, "Plan Width": 153, "Sort Key": ["customer.c_custkey"], "Plans": [{"Node Type": "Seq Scan", "Parent Relationship": "Outer", "Relation Name": "customer", "Alias": "customer", "Startup Cost": 0.0, "Total Cost": 52126.0, "Plan Rows": 1500000, "Plan Width": 153}]}, {"Node Type": "Sort", "Parent Relationship": "Inner", "Startup Cost": 556495.89, "Total Cost": 557935.26, "Plan Rows": 575746, "Plan Width": 16, "Sort Key": ["orders.o_custkey"], "Plans": [{"Node Type": "Seq Scan", "Parent Relationship": "Outer", "Relation Name": "orders", "Alias": "orders", "Startup Cost": 585.62, "Total Cost": 501411.18, "Plan Rows": 575746, "Plan Width": 16, "Filter": "((o_orderdate >= '1993-08-01 00:00:00'::timestamp(0) without time zone) AND (o_orderdate < '1993-11-01 00:00:00'::timestamp without time zone)), (LLVM Optimized)"}]}]}]}]}]}, {"Node Type": "Sort", "Parent Relationship": "Inner", "Startup Cost": 3932143.37, "Total Cost": 3969231.39, "Plan Rows": 14835209, "Plan Width": 24, "Sort Key": ["lineitem.l_orderkey"], "Plans": [{"Node Type": "Seq Scan", "Parent Relationship": "Outer", "Relation Name": "lineitem", "Alias": "lineitem", "Startup Cost": 0.0, "Total Cost": 2165082.91, "Plan Rows": 14835209, "Plan Width": 24, "Filter": "(l_returnflag = 'R'::bpchar), (LLVM Optimized)"}]}]}]}]}]}, "Unique SQL Id": 1604070524, "Planner Runtime": 2}, "explain_analyze_plan": {"Plan": {"Node Type": "Limit", "Startup Cost": 5010176.71, "Total Cost": 5010176.76, "Plan Rows": 20, "Plan Width": 199, "Actual Startup Time": 42925.471, "Actual Total Time": 42925.479, "Actual Rows": 20, "Actual Loops": 1, "Plans": [{"Node Type": "Sort", "Parent Relationship": "Outer", "Startup Cost": 5010176.71, "Total Cost": 5013791.45, "Plan Rows": 20, "Plan Width": 199, "Actual Startup Time": 42925.467, "Actual Total Time": 42925.47, "Actual Rows": 20, "Actual Loops": 1, "Sort Key": ["(sum((lineitem.l_extendedprice * (1::double precision - lineitem.l_discount)))) DESC"], "Sort Method": "top-N heapsort", "Sort Space Used": 35, "Sort Space Type": "Memory", "Plans": [{"Node Type": "Aggregate", "Strategy": "Hashed", "Parent Relationship": "Outer", "Startup Cost": 4957242.9, "Total Cost": 4971701.88, "Plan Rows": 1445898, "Plan Width": 199, "Actual Startup Time": 42469.953, "Actual Total Time": 42789.683, "Actual Rows": 381542, "Actual Loops": 1, "Group By Key": ["customer.c_custkey", "customer.c_name", "customer.c_acctbal", "customer.c_phone", "nation.n_name", "customer.c_address", "customer.c_comment"], "Plans": [{"Node Type": "Merge Join", "Parent Relationship": "Outer", "Join Type": "Inner", "Startup Cost": 4829583.01, "Total Cost": 4921095.45, "Plan Rows": 1445898, "Plan Width": 191, "Actual Startup Time": 35831.866, "Actual Total Time": 40803.504, "Actual Rows": 1145969, "Actual Loops": 1, "Inner Unique": false, "Merge Cond": "(orders.o_orderkey = lineitem.l_orderkey)", "Plans": [{"Node Type": "Sort", "Parent Relationship": "Outer", "Startup Cost": 897439.53, "Total Cost": 898878.9, "Plan Rows": 575746, "Plan Width": 183, "Actual Startup Time": 8379.873, "Actual Total Time": 8512.831, "Actual Rows": 573635, "Actual Loops": 1, "Sort Key": ["orders.o_orderkey"], "Sort Method": "quicksort", "Sort Space Used": 199246, "Sort Space Type": "Memory", "Plans": [{"Node Type": "Merge Join", "Parent Relationship": "Outer", "Join Type": "Inner", "Startup Cost": 833718.51, "Total Cost": 842354.83, "Plan Rows": 575746, "Plan Width": 183, "Actual Startup Time": 7693.657, "Actual Total Time": 8045.534, "Actual Rows": 573635, "Actual Loops": 1, "Inner Unique": false, "Merge Cond": "(nation.n_nationkey = customer.c_nationkey)", "Plans": [{"Node Type": "Sort", "Parent Relationship": "Outer", "Startup Cost": 1.83, "Total Cost": 1.89, "Plan Rows": 25, "Plan Width": 30, "Actual Startup Time": 0.051, "Actual Total Time": 0.059, "Actual Rows": 25, "Actual Loops": 1, "Sort Key": ["nation.n_nationkey"], "Sort Method": "quicksort", "Sort Space Used": 27, "Sort Space Type": "Memory", "Plans": [{"Node Type": "Seq Scan", "Parent Relationship": "Outer", "Relation Name": "nation", "Alias": "nation", "Startup Cost": 0.0, "Total Cost": 1.25, "Plan Rows": 25, "Plan Width": 30, "Actual Startup Time": 0.022, "Actual Total Time": 0.027, "Actual Rows": 25, "Actual Loops": 1}]}, {"Node Type": "Sort", "Parent Relationship": "Inner", "Startup Cost": 833716.68, "Total Cost": 835156.05, "Plan Rows": 575746, "Plan Width": 161, "Actual Startup Time": 7693.593, "Actual Total Time": 7814.537, "Actual Rows": 573635, "Actual Loops": 1, "Sort Key": ["customer.c_nationkey"], "Sort Method": "quicksort", "Sort Space Used": 185911, "Sort Space Type": "Memory", "Plans": [{"Node Type": "Merge Join", "Parent Relationship": "Outer", "Join Type": "Inner", "Startup Cost": 762496.08, "Total Cost": 778631.97, "Plan Rows": 575746, "Plan Width": 161, "Actual Startup Time": 6482.005, "Actual Total Time": 7429.181, "Actual Rows": 573635, "Actual Loops": 1, "Inner Unique": false, "Merge Cond": "(customer.c_custkey = orders.o_custkey)", "Plans": [{"Node Type": "Sort", "Parent Relationship": "Outer", "Startup Cost": 205999.98, "Total Cost": 209749.98, "Plan Rows": 1500000, "Plan Width": 153, "Actual Startup Time": 1283.747, "Actual Total Time": 1577.549, "Actual Rows": 1499999, "Actual Loops": 1, "Sort Key": ["customer.c_custkey"], "Sort Method": "quicksort", "Sort Space Used": 470340, "Sort Space Type": "Memory", "Plans": [{"Node Type": "Seq Scan", "Parent Relationship": "Outer", "Relation Name": "customer", "Alias": "customer", "Startup Cost": 0.0, "Total Cost": 52126.0, "Plan Rows": 1500000, "Plan Width": 153, "Actual Startup Time": 0.013, "Actual Total Time": 564.354, "Actual Rows": 1500000, "Actual Loops": 1}]}, {"Node Type": "Sort", "Parent Relationship": "Inner", "Startup Cost": 556495.89, "Total Cost": 557935.26, "Plan Rows": 575746, "Plan Width": 16, "Actual Startup Time": 5198.243, "Actual Total Time": 5327.102, "Actual Rows": 573635, "Actual Loops": 1, "Sort Key": ["orders.o_custkey"], "Sort Method": "quicksort", "Sort Space Used": 78355, "Sort Space Type": "Memory", "Plans": [{"Node Type": "Seq Scan", "Parent Relationship": "Outer", "Relation Name": "orders", "Alias": "orders", "Startup Cost": 585.62, "Total Cost": 501411.18, "Plan Rows": 575746, "Plan Width": 16, "Actual Startup Time": 0.031, "Actual Total Time": 4947.491, "Actual Rows": 573635, "Actual Loops": 1, "Filter": "((o_orderdate >= '1993-08-01 00:00:00'::timestamp(0) without time zone) AND (o_orderdate < '1993-11-01 00:00:00'::timestamp without time zone)), (LLVM Optimized, Jit Execute)", "Rows Removed by Filter": 14426365}]}]}]}]}]}, {"Node Type": "Sort", "Parent Relationship": "Inner", "Startup Cost": 3932143.37, "Total Cost": 3969231.39, "Plan Rows": 14835209, "Plan Width": 24, "Actual Startup Time": 27451.891, "Actual Total Time": 29414.35, "Actual Rows": 14808182, "Actual Loops": 1, "Sort Key": ["lineitem.l_orderkey"], "Sort Method": "quicksort", "Sort Space Used": 1781484, "Sort Space Type": "Memory", "Plans": [{"Node Type": "Seq Scan", "Parent Relationship": "Outer", "Relation Name": "lineitem", "Alias": "lineitem", "Startup Cost": 0.0, "Total Cost": 2165082.91, "Plan Rows": 14835209, "Plan Width": 24, "Actual Startup Time": 0.036, "Actual Total Time": 22383.973, "Actual Rows": 14808183, "Actual Loops": 1, "Filter": "(l_returnflag = 'R'::bpchar), (LLVM Optimized, Jit Execute)", "Rows Removed by Filter": 45177869}]}]}]}]}]}, "Triggers": [], "Planner Runtime": 1, "Total Runtime": 42936.651, "Unique SQL Id": 1604070524}}, "(16, 27)": {"explain_plan": {"Plan": {"Node Type": "Limit", "Startup Cost": 4032944945746.96, "Total Cost": 4032944945747.01, "Plan Rows": 20, "Plan Width": 199, "Plans": [{"Node Type": "Sort", "Parent Relationship": "Outer", "Startup Cost": 4032944945746.96, "Total Cost": 4032944949361.7, "Plan Rows": 20, "Plan Width": 199, "Sort Key": ["(sum((lineitem.l_extendedprice * (1::double precision - lineitem.l_discount)))) DESC"], "Plans": [{"Node Type": "Aggregate", "Strategy": "Hashed", "Parent Relationship": "Outer", "Startup Cost": 4032944892813.15, "Total Cost": 4032944907272.13, "Plan Rows": 1445898, "Plan Width": 199, "Group By Key": ["customer.c_custkey", "customer.c_name", "customer.c_acctbal", "customer.c_phone", "nation.n_name", "customer.c_address", "customer.c_comment"], "Plans": [{"Node Type": "Nested Loop", "Parent Relationship": "Outer", "Join Type": "Inner", "Startup Cost": 40036112613.17, "Total Cost": 4032944856665.7, "Plan Rows": 1445898, "Plan Width": 191, "Inner Unique": false, "Join Filter": "(customer.c_custkey = orders.o_custkey), (LLVM Optimized)", "Plans": [{"Node Type": "Nested Loop", "Parent Relationship": "Outer", "Join Type": "Inner", "Startup Cost": 20000000000.0, "Total Cost": 2000008640298.18, "Plan Rows": 1500000, "Plan Width": 175, "Inner Unique": true, "Join Filter": "(customer.c_nationkey = nation.n_nationkey), (LLVM Optimized)", "Plans": [{"Node Type": "Index Scan", "Parent Relationship": "Outer", "Scan Direction": "Forward", "Index Name": "customer_pkey", "Relation Name": "customer", "Alias": "customer", "Startup Cost": 10000000000.0, "Total Cost": 1000008076535.62, "Plan Rows": 1500000, "Plan Width": 153}, {"Node Type": "Materialize", "Parent Relationship": "Inner", "Startup Cost": 10000000000.0, "Total Cost": 1000000001262.62, "Plan Rows": 25, "Plan Width": 30, "Plans": [{"Node Type": "Index Scan", "Parent Relationship": "Outer", "Scan Direction": "Forward", "Index Name": "nation_pkey", "Relation Name": "nation", "Alias": "nation", "Startup Cost": 10000000000.0, "Total Cost": 1000000001262.5, "Plan Rows": 25, "Plan Width": 30}]}]}, {"Node Type": "Materialize", "Parent Relationship": "Inner", "Startup Cost": 20036112613.17, "Total Cost": 2000403514982.26, "Plan Rows": 1445898, "Plan Width": 24, "Plans": [{"Node Type": "Merge Join", "Parent Relationship": "Outer", "Join Type": "Inner", "Startup Cost": 20036112613.17, "Total Cost": 2000403507752.77, "Plan Rows": 1445898, "Plan Width": 24, "Inner Unique": false, "Merge Cond": "(orders.o_orderkey = lineitem.l_orderkey)", "Plans": [{"Node Type": "Index Scan", "Parent Relationship": "Outer", "Scan Direction": "Forward", "Index Name": "orders_pkey", "Relation Name": "orders", "Alias": "orders", "Startup Cost": 10000000000.0, "Total Cost": 1000080597583.0, "Plan Rows": 575746, "Plan Width": 16, "Filter": "((o_orderdate >= '1993-08-01 00:00:00'::timestamp(0) without time zone) AND (o_orderdate < '1993-11-01 00:00:00'::timestamp without time zone)), (LLVM Optimized)"}, {"Node Type": "Index Scan", "Parent Relationship": "Inner", "Scan Direction": "Forward", "Index Name": "idx_lineitem_orderkey", "Relation Name": "lineitem", "Alias": "lineitem", "Startup Cost": 10000000000.0, "Total Cost": 1000339012132.75, "Plan Rows": 14835209, "Plan Width": 24, "Filter": "(l_returnflag = 'R'::bpchar), (LLVM Optimized)"}]}]}]}]}]}]}, "Unique SQL Id": 1604070524, "Planner Runtime": 2}, "explain_analyze_plan": null}, "(16, 28)": {"explain_plan": {"Plan": {"Node Type": "Limit", "Startup Cost": 3919068.9, "Total Cost": 3919068.95, "Plan Rows": 20, "Plan Width": 199, "Plans": [{"Node Type": "Sort", "Parent Relationship": "Outer", "Startup Cost": 3919068.9, "Total Cost": 3922683.64, "Plan Rows": 20, "Plan Width": 199, "Sort Key": ["(sum((lineitem.l_extendedprice * (1::double precision - lineitem.l_discount)))) DESC"], "Plans": [{"Node Type": "Aggregate", "Strategy": "Hashed", "Parent Relationship": "Outer", "Startup Cost": 3866135.09, "Total Cost": 3880594.07, "Plan Rows": 1445898, "Plan Width": 199, "Group By Key": ["customer.c_custkey", "customer.c_name", "customer.c_acctbal", "customer.c_phone", "nation.n_name", "customer.c_address", "customer.c_comment"], "Plans": [{"Node Type": "Nested Loop", "Parent Relationship": "Outer", "Join Type": "Inner", "Startup Cost": 704733.88, "Total Cost": 3829987.64, "Plan Rows": 1445898, "Plan Width": 191, "Inner Unique": false, "Plans": [{"Node Type": "Merge Join", "Parent Relationship": "Outer", "Join Type": "Inner", "Startup Cost": 704733.88, "Total Cost": 713370.2, "Plan Rows": 575746, "Plan Width": 183, "Inner Unique": false, "Merge Cond": "(nation.n_nationkey = customer.c_nationkey)", "Plans": [{"Node Type": "Sort", "Parent Relationship": "Outer", "Startup Cost": 1.83, "Total Cost": 1.89, "Plan Rows": 25, "Plan Width": 30, "Sort Key": ["nation.n_nationkey"], "Plans": [{"Node Type": "Seq Scan", "Parent Relationship": "Outer", "Relation Name": "nation", "Alias": "nation", "Startup Cost": 0.0, "Total Cost": 1.25, "Plan Rows": 25, "Plan Width": 30}]}, {"Node Type": "Sort", "Parent Relationship": "Inner", "Startup Cost": 704732.05, "Total Cost": 706171.42, "Plan Rows": 575746, "Plan Width": 161, "Sort Key": ["customer.c_nationkey"], "Plans": [{"Node Type": "Merge Join", "Parent Relationship": "Outer", "Join Type": "Inner", "Startup Cost": 556498.2, "Total Cost": 649647.34, "Plan Rows": 575746, "Plan Width": 161, "Inner Unique": false, "Merge Cond": "(customer.c_custkey = orders.o_custkey)", "Plans": [{"Node Type": "Index Scan", "Parent Relationship": "Outer", "Scan Direction": "Forward", "Index Name": "customer_pkey", "Relation Name": "customer", "Alias": "customer", "Startup Cost": 0.0, "Total Cost": 80765.36, "Plan Rows": 1500000, "Plan Width": 153}, {"Node Type": "Sort", "Parent Relationship": "Inner", "Startup Cost": 556495.89, "Total Cost": 557935.26, "Plan Rows": 575746, "Plan Width": 16, "Sort Key": ["orders.o_custkey"], "Plans": [{"Node Type": "Seq Scan", "Parent Relationship": "Outer", "Relation Name": "orders", "Alias": "orders", "Startup Cost": 585.62, "Total Cost": 501411.18, "Plan Rows": 575746, "Plan Width": 16, "Filter": "((o_orderdate >= '1993-08-01 00:00:00'::timestamp(0) without time zone) AND (o_orderdate < '1993-11-01 00:00:00'::timestamp without time zone)), (LLVM Optimized)"}]}]}]}]}, {"Node Type": "Index Scan", "Parent Relationship": "Inner", "Scan Direction": "Forward", "Index Name": "idx_lineitem_orderkey", "Relation Name": "lineitem", "Alias": "lineitem", "Startup Cost": 0.0, "Total Cost": 5.38, "Plan Rows": 3, "Plan Width": 24, "Index Cond": "(l_orderkey = orders.o_orderkey)", "Filter": "(l_returnflag = 'R'::bpchar)"}]}]}]}]}, "Unique SQL Id": 1604070524, "Planner Runtime": 1}, "explain_analyze_plan": {"Plan": {"Node Type": "Limit", "Startup Cost": 3919068.9, "Total Cost": 3919068.95, "Plan Rows": 20, "Plan Width": 199, "Actual Startup Time": 16806.353, "Actual Total Time": 16806.36, "Actual Rows": 20, "Actual Loops": 1, "Plans": [{"Node Type": "Sort", "Parent Relationship": "Outer", "Startup Cost": 3919068.9, "Total Cost": 3922683.64, "Plan Rows": 20, "Plan Width": 199, "Actual Startup Time": 16806.351, "Actual Total Time": 16806.354, "Actual Rows": 20, "Actual Loops": 1, "Sort Key": ["(sum((lineitem.l_extendedprice * (1::double precision - lineitem.l_discount)))) DESC"], "Sort Method": "top-N heapsort", "Sort Space Used": 35, "Sort Space Type": "Memory", "Plans": [{"Node Type": "Aggregate", "Strategy": "Hashed", "Parent Relationship": "Outer", "Startup Cost": 3866135.09, "Total Cost": 3880594.07, "Plan Rows": 1445898, "Plan Width": 199, "Actual Startup Time": 16450.67, "Actual Total Time": 16671.477, "Actual Rows": 381542, "Actual Loops": 1, "Group By Key": ["customer.c_custkey", "customer.c_name", "customer.c_acctbal", "customer.c_phone", "nation.n_name", "customer.c_address", "customer.c_comment"], "Plans": [{"Node Type": "Nested Loop", "Parent Relationship": "Outer", "Join Type": "Inner", "Startup Cost": 704733.88, "Total Cost": 3829987.64, "Plan Rows": 1445898, "Plan Width": 191, "Actual Startup Time": 7013.248, "Actual Total Time": 14715.733, "Actual Rows": 1145969, "Actual Loops": 1, "Inner Unique": false, "Plans": [{"Node Type": "Merge Join", "Parent Relationship": "Outer", "Join Type": "Inner", "Startup Cost": 704733.88, "Total Cost": 713370.2, "Plan Rows": 575746, "Plan Width": 183, "Actual Startup Time": 7013.177, "Actual Total Time": 7377.048, "Actual Rows": 573635, "Actual Loops": 1, "Inner Unique": false, "Merge Cond": "(nation.n_nationkey = customer.c_nationkey)", "Plans": [{"Node Type": "Sort", "Parent Relationship": "Outer", "Startup Cost": 1.83, "Total Cost": 1.89, "Plan Rows": 25, "Plan Width": 30, "Actual Startup Time": 0.051, "Actual Total Time": 0.071, "Actual Rows": 25, "Actual Loops": 1, "Sort Key": ["nation.n_nationkey"], "Sort Method": "quicksort", "Sort Space Used": 27, "Sort Space Type": "Memory", "Plans": [{"Node Type": "Seq Scan", "Parent Relationship": "Outer", "Relation Name": "nation", "Alias": "nation", "Startup Cost": 0.0, "Total Cost": 1.25, "Plan Rows": 25, "Plan Width": 30, "Actual Startup Time": 0.019, "Actual Total Time": 0.023, "Actual Rows": 25, "Actual Loops": 1}]}, {"Node Type": "Sort", "Parent Relationship": "Inner", "Startup Cost": 704732.05, "Total Cost": 706171.42, "Plan Rows": 575746, "Plan Width": 161, "Actual Startup Time": 7013.113, "Actual Total Time": 7142.975, "Actual Rows": 573635, "Actual Loops": 1, "Sort Key": ["customer.c_nationkey"], "Sort Method": "quicksort", "Sort Space Used": 185911, "Sort Space Type": "Memory", "Plans": [{"Node Type": "Merge Join", "Parent Relationship": "Outer", "Join Type": "Inner", "Startup Cost": 556498.2, "Total Cost": 649647.34, "Plan Rows": 575746, "Plan Width": 161, "Actual Startup Time": 5235.674, "Actual Total Time": 6719.585, "Actual Rows": 573635, "Actual Loops": 1, "Inner Unique": false, "Merge Cond": "(customer.c_custkey = orders.o_custkey)", "Plans": [{"Node Type": "Index Scan", "Parent Relationship": "Outer", "Scan Direction": "Forward", "Index Name": "customer_pkey", "Relation Name": "customer", "Alias": "customer", "Startup Cost": 0.0, "Total Cost": 80765.36, "Plan Rows": 1500000, "Plan Width": 153, "Actual Startup Time": 0.029, "Actual Total Time": 895.309, "Actual Rows": 1499999, "Actual Loops": 1}, {"Node Type": "Sort", "Parent Relationship": "Inner", "Startup Cost": 556495.89, "Total Cost": 557935.26, "Plan Rows": 575746, "Plan Width": 16, "Actual Startup Time": 5235.633, "Actual Total Time": 5353.409, "Actual Rows": 573635, "Actual Loops": 1, "Sort Key": ["orders.o_custkey"], "Sort Method": "quicksort", "Sort Space Used": 78355, "Sort Space Type": "Memory", "Plans": [{"Node Type": "Seq Scan", "Parent Relationship": "Outer", "Relation Name": "orders", "Alias": "orders", "Startup Cost": 585.62, "Total Cost": 501411.18, "Plan Rows": 575746, "Plan Width": 16, "Actual Startup Time": 0.035, "Actual Total Time": 4996.209, "Actual Rows": 573635, "Actual Loops": 1, "Filter": "((o_orderdate >= '1993-08-01 00:00:00'::timestamp(0) without time zone) AND (o_orderdate < '1993-11-01 00:00:00'::timestamp without time zone)), (LLVM Optimized, Jit Execute)", "Rows Removed by Filter": 14426365}]}]}]}]}, {"Node Type": "Index Scan", "Parent Relationship": "Inner", "Scan Direction": "Forward", "Index Name": "idx_lineitem_orderkey", "Relation Name": "lineitem", "Alias": "lineitem", "Startup Cost": 0.0, "Total Cost": 5.38, "Plan Rows": 3, "Plan Width": 24, "Actual Startup Time": 5502.952, "Actual Total Time": 6712.348, "Actual Rows": 1145969, "Actual Loops": 573635, "Index Cond": "(l_orderkey = orders.o_orderkey)", "Rows Removed by Index Recheck": 0, "Filter": "(l_returnflag = 'R'::bpchar)", "Rows Removed by Filter": 1146896}]}]}]}]}, "Triggers": [], "Planner Runtime": 2, "Total Runtime": 16816.406, "Unique SQL Id": 1604070524}}, "(16, 29)": {"explain_plan": {"Plan": {"Node Type": "Limit", "Startup Cost": 4223644.28, "Total Cost": 4223644.33, "Plan Rows": 20, "Plan Width": 199, "Plans": [{"Node Type": "Sort", "Parent Relationship": "Outer", "Startup Cost": 4223644.28, "Total Cost": 4227259.02, "Plan Rows": 20, "Plan Width": 199, "Sort Key": ["(sum((lineitem.l_extendedprice * (1::double precision - lineitem.l_discount)))) DESC"], "Plans": [{"Node Type": "Aggregate", "Strategy": "Hashed", "Parent Relationship": "Outer", "Startup Cost": 4170710.47, "Total Cost": 4185169.45, "Plan Rows": 1445898, "Plan Width": 199, "Group By Key": ["customer.c_custkey", "customer.c_name", "customer.c_acctbal", "customer.c_phone", "nation.n_name", "customer.c_address", "customer.c_comment"], "Plans": [{"Node Type": "Nested Loop", "Parent Relationship": "Outer", "Join Type": "Inner", "Startup Cost": 1009296.7, "Total Cost": 4134563.02, "Plan Rows": 1445898, "Plan Width": 191, "Inner Unique": false, "Plans": [{"Node Type": "Merge Join", "Parent Relationship": "Outer", "Join Type": "Inner", "Startup Cost": 1009296.7, "Total Cost": 1017945.58, "Plan Rows": 575746, "Plan Width": 183, "Inner Unique": false, "Merge Cond": "(nation.n_nationkey = customer.c_nationkey)", "Plans": [{"Node Type": "Index Scan", "Parent Relationship": "Outer", "Scan Direction": "Forward", "Index Name": "nation_pkey", "Relation Name": "nation", "Alias": "nation", "Startup Cost": 0.0, "Total Cost": 12.62, "Plan Rows": 25, "Plan Width": 30}, {"Node Type": "Sort", "Parent Relationship": "Inner", "Startup Cost": 1009296.7, "Total Cost": 1010736.06, "Plan Rows": 575746, "Plan Width": 161, "Sort Key": ["customer.c_nationkey"], "Plans": [{"Node Type": "Merge Join", "Parent Relationship": "Outer", "Join Type": "Inner", "Startup Cost": 861062.85, "Total Cost": 954211.99, "Plan Rows": 575746, "Plan Width": 161, "Inner Unique": false, "Merge Cond": "(customer.c_custkey = orders.o_custkey)", "Plans": [{"Node Type": "Index Scan", "Parent Relationship": "Outer", "Scan Direction": "Forward", "Index Name": "customer_pkey", "Relation Name": "customer", "Alias": "customer", "Startup Cost": 0.0, "Total Cost": 80765.36, "Plan Rows": 1500000, "Plan Width": 153}, {"Node Type": "Sort", "Parent Relationship": "Inner", "Startup Cost": 861060.54, "Total Cost": 862499.9, "Plan Rows": 575746, "Plan Width": 16, "Sort Key": ["orders.o_custkey"], "Plans": [{"Node Type": "Index Scan", "Parent Relationship": "Outer", "Scan Direction": "Forward", "Index Name": "orders_pkey", "Relation Name": "orders", "Alias": "orders", "Startup Cost": 0.0, "Total Cost": 805975.83, "Plan Rows": 575746, "Plan Width": 16, "Filter": "((o_orderdate >= '1993-08-01 00:00:00'::timestamp(0) without time zone) AND (o_orderdate < '1993-11-01 00:00:00'::timestamp without time zone)), (LLVM Optimized)"}]}]}]}]}, {"Node Type": "Index Scan", "Parent Relationship": "Inner", "Scan Direction": "Forward", "Index Name": "idx_lineitem_orderkey", "Relation Name": "lineitem", "Alias": "lineitem", "Startup Cost": 0.0, "Total Cost": 5.38, "Plan Rows": 3, "Plan Width": 24, "Index Cond": "(l_orderkey = orders.o_orderkey)", "Filter": "(l_returnflag = 'R'::bpchar)"}]}]}]}]}, "Unique SQL Id": 1604070524, "Planner Runtime": 1}, "explain_analyze_plan": {"Plan": {"Node Type": "Limit", "Startup Cost": 4223644.28, "Total Cost": 4223644.33, "Plan Rows": 20, "Plan Width": 199, "Actual Startup Time": 22269.368, "Actual Total Time": 22269.372, "Actual Rows": 20, "Actual Loops": 1, "Plans": [{"Node Type": "Sort", "Parent Relationship": "Outer", "Startup Cost": 4223644.28, "Total Cost": 4227259.02, "Plan Rows": 20, "Plan Width": 199, "Actual Startup Time": 22269.365, "Actual Total Time": 22269.366, "Actual Rows": 20, "Actual Loops": 1, "Sort Key": ["(sum((lineitem.l_extendedprice * (1::double precision - lineitem.l_discount)))) DESC"], "Sort Method": "top-N heapsort", "Sort Space Used": 35, "Sort Space Type": "Memory", "Plans": [{"Node Type": "Aggregate", "Strategy": "Hashed", "Parent Relationship": "Outer", "Startup Cost": 4170710.47, "Total Cost": 4185169.45, "Plan Rows": 1445898, "Plan Width": 199, "Actual Startup Time": 21897.314, "Actual Total Time": 22134.132, "Actual Rows": 381542, "Actual Loops": 1, "Group By Key": ["customer.c_custkey", "customer.c_name", "customer.c_acctbal", "customer.c_phone", "nation.n_name", "customer.c_address", "customer.c_comment"], "Plans": [{"Node Type": "Nested Loop", "Parent Relationship": "Outer", "Join Type": "Inner", "Startup Cost": 1009296.7, "Total Cost": 4134563.02, "Plan Rows": 1445898, "Plan Width": 191, "Actual Startup Time": 12418.581, "Actual Total Time": 20160.172, "Actual Rows": 1145969, "Actual Loops": 1, "Inner Unique": false, "Plans": [{"Node Type": "Merge Join", "Parent Relationship": "Outer", "Join Type": "Inner", "Startup Cost": 1009296.7, "Total Cost": 1017945.58, "Plan Rows": 575746, "Plan Width": 183, "Actual Startup Time": 12418.482, "Actual Total Time": 12816.301, "Actual Rows": 573635, "Actual Loops": 1, "Inner Unique": false, "Merge Cond": "(nation.n_nationkey = customer.c_nationkey)", "Plans": [{"Node Type": "Index Scan", "Parent Relationship": "Outer", "Scan Direction": "Forward", "Index Name": "nation_pkey", "Relation Name": "nation", "Alias": "nation", "Startup Cost": 0.0, "Total Cost": 12.62, "Plan Rows": 25, "Plan Width": 30, "Actual Startup Time": 0.018, "Actual Total Time": 0.085, "Actual Rows": 25, "Actual Loops": 1}, {"Node Type": "Sort", "Parent Relationship": "Inner", "Startup Cost": 1009296.7, "Total Cost": 1010736.06, "Plan Rows": 575746, "Plan Width": 161, "Actual Startup Time": 12418.449, "Actual Total Time": 12555.891, "Actual Rows": 573635, "Actual Loops": 1, "Sort Key": ["customer.c_nationkey"], "Sort Method": "quicksort", "Sort Space Used": 185911, "Sort Space Type": "Memory", "Plans": [{"Node Type": "Merge Join", "Parent Relationship": "Outer", "Join Type": "Inner", "Startup Cost": 861062.85, "Total Cost": 954211.99, "Plan Rows": 575746, "Plan Width": 161, "Actual Startup Time": 10623.728, "Actual Total Time": 12124.724, "Actual Rows": 573635, "Actual Loops": 1, "Inner Unique": false, "Merge Cond": "(customer.c_custkey = orders.o_custkey)", "Plans": [{"Node Type": "Index Scan", "Parent Relationship": "Outer", "Scan Direction": "Forward", "Index Name": "customer_pkey", "Relation Name": "customer", "Alias": "customer", "Startup Cost": 0.0, "Total Cost": 80765.36, "Plan Rows": 1500000, "Plan Width": 153, "Actual Startup Time": 0.023, "Actual Total Time": 904.522, "Actual Rows": 1499999, "Actual Loops": 1}, {"Node Type": "Sort", "Parent Relationship": "Inner", "Startup Cost": 861060.54, "Total Cost": 862499.9, "Plan Rows": 575746, "Plan Width": 16, "Actual Startup Time": 10623.687, "Actual Total Time": 10748.431, "Actual Rows": 573635, "Actual Loops": 1, "Sort Key": ["orders.o_custkey"], "Sort Method": "quicksort", "Sort Space Used": 78355, "Sort Space Type": "Memory", "Plans": [{"Node Type": "Index Scan", "Parent Relationship": "Outer", "Scan Direction": "Forward", "Index Name": "orders_pkey", "Relation Name": "orders", "Alias": "orders", "Startup Cost": 0.0, "Total Cost": 805975.83, "Plan Rows": 575746, "Plan Width": 16, "Actual Startup Time": 0.036, "Actual Total Time": 10368.715, "Actual Rows": 573635, "Actual Loops": 1, "Filter": "((o_orderdate >= '1993-08-01 00:00:00'::timestamp(0) without time zone) AND (o_orderdate < '1993-11-01 00:00:00'::timestamp without time zone)), (LLVM Optimized, Jit Execute)", "Rows Removed by Filter": 14426365}]}]}]}]}, {"Node Type": "Index Scan", "Parent Relationship": "Inner", "Scan Direction": "Forward", "Index Name": "idx_lineitem_orderkey", "Relation Name": "lineitem", "Alias": "lineitem", "Startup Cost": 0.0, "Total Cost": 5.38, "Plan Rows": 3, "Plan Width": 24, "Actual Startup Time": 5507.06, "Actual Total Time": 6731.811, "Actual Rows": 1145969, "Actual Loops": 573635, "Index Cond": "(l_orderkey = orders.o_orderkey)", "Rows Removed by Index Recheck": 0, "Filter": "(l_returnflag = 'R'::bpchar)", "Rows Removed by Filter": 1146896}]}]}]}]}, "Triggers": [], "Planner Runtime": 1, "Total Runtime": 22279.579, "Unique SQL Id": 1604070524}}, "(16, 30)": {"explain_plan": {"Plan": {"Node Type": "Limit", "Startup Cost": 5010176.71, "Total Cost": 5010176.76, "Plan Rows": 20, "Plan Width": 199, "Plans": [{"Node Type": "Sort", "Parent Relationship": "Outer", "Startup Cost": 5010176.71, "Total Cost": 5013791.45, "Plan Rows": 20, "Plan Width": 199, "Sort Key": ["(sum((lineitem.l_extendedprice * (1::double precision - lineitem.l_discount)))) DESC"], "Plans": [{"Node Type": "Aggregate", "Strategy": "Hashed", "Parent Relationship": "Outer", "Startup Cost": 4957242.9, "Total Cost": 4971701.88, "Plan Rows": 1445898, "Plan Width": 199, "Group By Key": ["customer.c_custkey", "customer.c_name", "customer.c_acctbal", "customer.c_phone", "nation.n_name", "customer.c_address", "customer.c_comment"], "Plans": [{"Node Type": "Merge Join", "Parent Relationship": "Outer", "Join Type": "Inner", "Startup Cost": 4829583.01, "Total Cost": 4921095.45, "Plan Rows": 1445898, "Plan Width": 191, "Inner Unique": false, "Merge Cond": "(orders.o_orderkey = lineitem.l_orderkey)", "Plans": [{"Node Type": "Sort", "Parent Relationship": "Outer", "Startup Cost": 897439.53, "Total Cost": 898878.9, "Plan Rows": 575746, "Plan Width": 183, "Sort Key": ["orders.o_orderkey"], "Plans": [{"Node Type": "Merge Join", "Parent Relationship": "Outer", "Join Type": "Inner", "Startup Cost": 833718.51, "Total Cost": 842354.83, "Plan Rows": 575746, "Plan Width": 183, "Inner Unique": false, "Merge Cond": "(nation.n_nationkey = customer.c_nationkey)", "Plans": [{"Node Type": "Sort", "Parent Relationship": "Outer", "Startup Cost": 1.83, "Total Cost": 1.89, "Plan Rows": 25, "Plan Width": 30, "Sort Key": ["nation.n_nationkey"], "Plans": [{"Node Type": "Seq Scan", "Parent Relationship": "Outer", "Relation Name": "nation", "Alias": "nation", "Startup Cost": 0.0, "Total Cost": 1.25, "Plan Rows": 25, "Plan Width": 30}]}, {"Node Type": "Sort", "Parent Relationship": "Inner", "Startup Cost": 833716.68, "Total Cost": 835156.05, "Plan Rows": 575746, "Plan Width": 161, "Sort Key": ["customer.c_nationkey"], "Plans": [{"Node Type": "Merge Join", "Parent Relationship": "Outer", "Join Type": "Inner", "Startup Cost": 762496.08, "Total Cost": 778631.97, "Plan Rows": 575746, "Plan Width": 161, "Inner Unique": false, "Merge Cond": "(customer.c_custkey = orders.o_custkey)", "Plans": [{"Node Type": "Sort", "Parent Relationship": "Outer", "Startup Cost": 205999.98, "Total Cost": 209749.98, "Plan Rows": 1500000, "Plan Width": 153, "Sort Key": ["customer.c_custkey"], "Plans": [{"Node Type": "Seq Scan", "Parent Relationship": "Outer", "Relation Name": "customer", "Alias": "customer", "Startup Cost": 0.0, "Total Cost": 52126.0, "Plan Rows": 1500000, "Plan Width": 153}]}, {"Node Type": "Sort", "Parent Relationship": "Inner", "Startup Cost": 556495.89, "Total Cost": 557935.26, "Plan Rows": 575746, "Plan Width": 16, "Sort Key": ["orders.o_custkey"], "Plans": [{"Node Type": "Seq Scan", "Parent Relationship": "Outer", "Relation Name": "orders", "Alias": "orders", "Startup Cost": 585.62, "Total Cost": 501411.18, "Plan Rows": 575746, "Plan Width": 16, "Filter": "((o_orderdate >= '1993-08-01 00:00:00'::timestamp(0) without time zone) AND (o_orderdate < '1993-11-01 00:00:00'::timestamp without time zone)), (LLVM Optimized)"}]}]}]}]}]}, {"Node Type": "Sort", "Parent Relationship": "Inner", "Startup Cost": 3932143.37, "Total Cost": 3969231.39, "Plan Rows": 14835209, "Plan Width": 24, "Sort Key": ["lineitem.l_orderkey"], "Plans": [{"Node Type": "Seq Scan", "Parent Relationship": "Outer", "Relation Name": "lineitem", "Alias": "lineitem", "Startup Cost": 0.0, "Total Cost": 2165082.91, "Plan Rows": 14835209, "Plan Width": 24, "Filter": "(l_returnflag = 'R'::bpchar), (LLVM Optimized)"}]}]}]}]}]}, "Unique SQL Id": 1604070524, "Planner Runtime": 1}, "explain_analyze_plan": {"Plan": {"Node Type": "Limit", "Startup Cost": 5010176.71, "Total Cost": 5010176.76, "Plan Rows": 20, "Plan Width": 199, "Actual Startup Time": 42925.471, "Actual Total Time": 42925.479, "Actual Rows": 20, "Actual Loops": 1, "Plans": [{"Node Type": "Sort", "Parent Relationship": "Outer", "Startup Cost": 5010176.71, "Total Cost": 5013791.45, "Plan Rows": 20, "Plan Width": 199, "Actual Startup Time": 42925.467, "Actual Total Time": 42925.47, "Actual Rows": 20, "Actual Loops": 1, "Sort Key": ["(sum((lineitem.l_extendedprice * (1::double precision - lineitem.l_discount)))) DESC"], "Sort Method": "top-N heapsort", "Sort Space Used": 35, "Sort Space Type": "Memory", "Plans": [{"Node Type": "Aggregate", "Strategy": "Hashed", "Parent Relationship": "Outer", "Startup Cost": 4957242.9, "Total Cost": 4971701.88, "Plan Rows": 1445898, "Plan Width": 199, "Actual Startup Time": 42469.953, "Actual Total Time": 42789.683, "Actual Rows": 381542, "Actual Loops": 1, "Group By Key": ["customer.c_custkey", "customer.c_name", "customer.c_acctbal", "customer.c_phone", "nation.n_name", "customer.c_address", "customer.c_comment"], "Plans": [{"Node Type": "Merge Join", "Parent Relationship": "Outer", "Join Type": "Inner", "Startup Cost": 4829583.01, "Total Cost": 4921095.45, "Plan Rows": 1445898, "Plan Width": 191, "Actual Startup Time": 35831.866, "Actual Total Time": 40803.504, "Actual Rows": 1145969, "Actual Loops": 1, "Inner Unique": false, "Merge Cond": "(orders.o_orderkey = lineitem.l_orderkey)", "Plans": [{"Node Type": "Sort", "Parent Relationship": "Outer", "Startup Cost": 897439.53, "Total Cost": 898878.9, "Plan Rows": 575746, "Plan Width": 183, "Actual Startup Time": 8379.873, "Actual Total Time": 8512.831, "Actual Rows": 573635, "Actual Loops": 1, "Sort Key": ["orders.o_orderkey"], "Sort Method": "quicksort", "Sort Space Used": 199246, "Sort Space Type": "Memory", "Plans": [{"Node Type": "Merge Join", "Parent Relationship": "Outer", "Join Type": "Inner", "Startup Cost": 833718.51, "Total Cost": 842354.83, "Plan Rows": 575746, "Plan Width": 183, "Actual Startup Time": 7693.657, "Actual Total Time": 8045.534, "Actual Rows": 573635, "Actual Loops": 1, "Inner Unique": false, "Merge Cond": "(nation.n_nationkey = customer.c_nationkey)", "Plans": [{"Node Type": "Sort", "Parent Relationship": "Outer", "Startup Cost": 1.83, "Total Cost": 1.89, "Plan Rows": 25, "Plan Width": 30, "Actual Startup Time": 0.051, "Actual Total Time": 0.059, "Actual Rows": 25, "Actual Loops": 1, "Sort Key": ["nation.n_nationkey"], "Sort Method": "quicksort", "Sort Space Used": 27, "Sort Space Type": "Memory", "Plans": [{"Node Type": "Seq Scan", "Parent Relationship": "Outer", "Relation Name": "nation", "Alias": "nation", "Startup Cost": 0.0, "Total Cost": 1.25, "Plan Rows": 25, "Plan Width": 30, "Actual Startup Time": 0.022, "Actual Total Time": 0.027, "Actual Rows": 25, "Actual Loops": 1}]}, {"Node Type": "Sort", "Parent Relationship": "Inner", "Startup Cost": 833716.68, "Total Cost": 835156.05, "Plan Rows": 575746, "Plan Width": 161, "Actual Startup Time": 7693.593, "Actual Total Time": 7814.537, "Actual Rows": 573635, "Actual Loops": 1, "Sort Key": ["customer.c_nationkey"], "Sort Method": "quicksort", "Sort Space Used": 185911, "Sort Space Type": "Memory", "Plans": [{"Node Type": "Merge Join", "Parent Relationship": "Outer", "Join Type": "Inner", "Startup Cost": 762496.08, "Total Cost": 778631.97, "Plan Rows": 575746, "Plan Width": 161, "Actual Startup Time": 6482.005, "Actual Total Time": 7429.181, "Actual Rows": 573635, "Actual Loops": 1, "Inner Unique": false, "Merge Cond": "(customer.c_custkey = orders.o_custkey)", "Plans": [{"Node Type": "Sort", "Parent Relationship": "Outer", "Startup Cost": 205999.98, "Total Cost": 209749.98, "Plan Rows": 1500000, "Plan Width": 153, "Actual Startup Time": 1283.747, "Actual Total Time": 1577.549, "Actual Rows": 1499999, "Actual Loops": 1, "Sort Key": ["customer.c_custkey"], "Sort Method": "quicksort", "Sort Space Used": 470340, "Sort Space Type": "Memory", "Plans": [{"Node Type": "Seq Scan", "Parent Relationship": "Outer", "Relation Name": "customer", "Alias": "customer", "Startup Cost": 0.0, "Total Cost": 52126.0, "Plan Rows": 1500000, "Plan Width": 153, "Actual Startup Time": 0.013, "Actual Total Time": 564.354, "Actual Rows": 1500000, "Actual Loops": 1}]}, {"Node Type": "Sort", "Parent Relationship": "Inner", "Startup Cost": 556495.89, "Total Cost": 557935.26, "Plan Rows": 575746, "Plan Width": 16, "Actual Startup Time": 5198.243, "Actual Total Time": 5327.102, "Actual Rows": 573635, "Actual Loops": 1, "Sort Key": ["orders.o_custkey"], "Sort Method": "quicksort", "Sort Space Used": 78355, "Sort Space Type": "Memory", "Plans": [{"Node Type": "Seq Scan", "Parent Relationship": "Outer", "Relation Name": "orders", "Alias": "orders", "Startup Cost": 585.62, "Total Cost": 501411.18, "Plan Rows": 575746, "Plan Width": 16, "Actual Startup Time": 0.031, "Actual Total Time": 4947.491, "Actual Rows": 573635, "Actual Loops": 1, "Filter": "((o_orderdate >= '1993-08-01 00:00:00'::timestamp(0) without time zone) AND (o_orderdate < '1993-11-01 00:00:00'::timestamp without time zone)), (LLVM Optimized, Jit Execute)", "Rows Removed by Filter": 14426365}]}]}]}]}]}, {"Node Type": "Sort", "Parent Relationship": "Inner", "Startup Cost": 3932143.37, "Total Cost": 3969231.39, "Plan Rows": 14835209, "Plan Width": 24, "Actual Startup Time": 27451.891, "Actual Total Time": 29414.35, "Actual Rows": 14808182, "Actual Loops": 1, "Sort Key": ["lineitem.l_orderkey"], "Sort Method": "quicksort", "Sort Space Used": 1781484, "Sort Space Type": "Memory", "Plans": [{"Node Type": "Seq Scan", "Parent Relationship": "Outer", "Relation Name": "lineitem", "Alias": "lineitem", "Startup Cost": 0.0, "Total Cost": 2165082.91, "Plan Rows": 14835209, "Plan Width": 24, "Actual Startup Time": 0.036, "Actual Total Time": 22383.973, "Actual Rows": 14808183, "Actual Loops": 1, "Filter": "(l_returnflag = 'R'::bpchar), (LLVM Optimized, Jit Execute)", "Rows Removed by Filter": 45177869}]}]}]}]}]}, "Triggers": [], "Planner Runtime": 1, "Total Runtime": 42936.651, "Unique SQL Id": 1604070524}}, "(16, 31)": {"explain_plan": {"Plan": {"Node Type": "Limit", "Startup Cost": 4032944945746.96, "Total Cost": 4032944945747.01, "Plan Rows": 20, "Plan Width": 199, "Plans": [{"Node Type": "Sort", "Parent Relationship": "Outer", "Startup Cost": 4032944945746.96, "Total Cost": 4032944949361.7, "Plan Rows": 20, "Plan Width": 199, "Sort Key": ["(sum((lineitem.l_extendedprice * (1::double precision - lineitem.l_discount)))) DESC"], "Plans": [{"Node Type": "Aggregate", "Strategy": "Hashed", "Parent Relationship": "Outer", "Startup Cost": 4032944892813.15, "Total Cost": 4032944907272.13, "Plan Rows": 1445898, "Plan Width": 199, "Group By Key": ["customer.c_custkey", "customer.c_name", "customer.c_acctbal", "customer.c_phone", "nation.n_name", "customer.c_address", "customer.c_comment"], "Plans": [{"Node Type": "Nested Loop", "Parent Relationship": "Outer", "Join Type": "Inner", "Startup Cost": 40036112613.17, "Total Cost": 4032944856665.7, "Plan Rows": 1445898, "Plan Width": 191, "Inner Unique": false, "Join Filter": "(customer.c_custkey = orders.o_custkey), (LLVM Optimized)", "Plans": [{"Node Type": "Nested Loop", "Parent Relationship": "Outer", "Join Type": "Inner", "Startup Cost": 20000000000.0, "Total Cost": 2000008640298.18, "Plan Rows": 1500000, "Plan Width": 175, "Inner Unique": true, "Join Filter": "(customer.c_nationkey = nation.n_nationkey), (LLVM Optimized)", "Plans": [{"Node Type": "Index Scan", "Parent Relationship": "Outer", "Scan Direction": "Forward", "Index Name": "customer_pkey", "Relation Name": "customer", "Alias": "customer", "Startup Cost": 10000000000.0, "Total Cost": 1000008076535.62, "Plan Rows": 1500000, "Plan Width": 153}, {"Node Type": "Materialize", "Parent Relationship": "Inner", "Startup Cost": 10000000000.0, "Total Cost": 1000000001262.62, "Plan Rows": 25, "Plan Width": 30, "Plans": [{"Node Type": "Index Scan", "Parent Relationship": "Outer", "Scan Direction": "Forward", "Index Name": "nation_pkey", "Relation Name": "nation", "Alias": "nation", "Startup Cost": 10000000000.0, "Total Cost": 1000000001262.5, "Plan Rows": 25, "Plan Width": 30}]}]}, {"Node Type": "Materialize", "Parent Relationship": "Inner", "Startup Cost": 20036112613.17, "Total Cost": 2000403514982.26, "Plan Rows": 1445898, "Plan Width": 24, "Plans": [{"Node Type": "Merge Join", "Parent Relationship": "Outer", "Join Type": "Inner", "Startup Cost": 20036112613.17, "Total Cost": 2000403507752.77, "Plan Rows": 1445898, "Plan Width": 24, "Inner Unique": false, "Merge Cond": "(orders.o_orderkey = lineitem.l_orderkey)", "Plans": [{"Node Type": "Index Scan", "Parent Relationship": "Outer", "Scan Direction": "Forward", "Index Name": "orders_pkey", "Relation Name": "orders", "Alias": "orders", "Startup Cost": 10000000000.0, "Total Cost": 1000080597583.0, "Plan Rows": 575746, "Plan Width": 16, "Filter": "((o_orderdate >= '1993-08-01 00:00:00'::timestamp(0) without time zone) AND (o_orderdate < '1993-11-01 00:00:00'::timestamp without time zone)), (LLVM Optimized)"}, {"Node Type": "Index Scan", "Parent Relationship": "Inner", "Scan Direction": "Forward", "Index Name": "idx_lineitem_orderkey", "Relation Name": "lineitem", "Alias": "lineitem", "Startup Cost": 10000000000.0, "Total Cost": 1000339012132.75, "Plan Rows": 14835209, "Plan Width": 24, "Filter": "(l_returnflag = 'R'::bpchar), (LLVM Optimized)"}]}]}]}]}]}]}, "Unique SQL Id": 1604070524, "Planner Runtime": 1}, "explain_analyze_plan": null}, "(16, 32)": {"explain_plan": {"Plan": {"Node Type": "Limit", "Startup Cost": 2741876.6, "Total Cost": 2741876.65, "Plan Rows": 20, "Plan Width": 199, "Plans": [{"Node Type": "Sort", "Parent Relationship": "Outer", "Startup Cost": 2741876.6, "Total Cost": 2745491.35, "Plan Rows": 20, "Plan Width": 199, "Sort Key": ["(sum((lineitem.l_extendedprice * (1::double precision - lineitem.l_discount)))) DESC"], "Plans": [{"Node Type": "Aggregate", "Strategy": "Hashed", "Parent Relationship": "Outer", "Startup Cost": 2688942.8, "Total Cost": 2703401.78, "Plan Rows": 1445898, "Plan Width": 199, "Group By Key": ["customer.c_custkey", "customer.c_name", "customer.c_acctbal", "customer.c_phone", "nation.n_name", "customer.c_address", "customer.c_comment"], "Plans": [{"Node Type": "Hash Join", "Parent Relationship": "Outer", "Join Type": "Inner", "Startup Cost": 377859.22, "Total Cost": 2652795.35, "Plan Rows": 1445898, "Plan Width": 191, "Inner Unique": true, "Hash Cond": "(customer.c_nationkey = nation.n_nationkey), (LLVM Optimized)", "Plans": [{"Node Type": "Hash Join", "Parent Relationship": "Outer", "Join Type": "Inner", "Startup Cost": 377857.66, "Total Cost": 2632912.69, "Plan Rows": 1445898, "Plan Width": 169, "Inner Unique": true, "Hash Cond": "(orders.o_custkey = customer.c_custkey), (LLVM Optimized)", "Plans": [{"Node Type": "Hash Join", "Parent Relationship": "Outer", "Join Type": "Inner", "Startup Cost": 306981.66, "Total Cost": 2542155.59, "Plan Rows": 1445898, "Plan Width": 24, "Inner Unique": true, "Hash Cond": "(lineitem.l_orderkey = orders.o_orderkey), (LLVM Optimized)", "Plans": [{"Node Type": "Seq Scan", "Parent Relationship": "Outer", "Relation Name": "lineitem", "Alias": "lineitem", "Startup Cost": 0.0, "Total Cost": 2165082.91, "Plan Rows": 14835209, "Plan Width": 24, "Filter": "(l_returnflag = 'R'::bpchar), (LLVM Optimized)"}, {"Node Type": "Hash", "Parent Relationship": "Inner", "Startup Cost": 299784.84, "Total Cost": 299784.84, "Plan Rows": 575746, "Plan Width": 16, "Plans": [{"Node Type": "Bitmap Heap Scan", "Parent Relationship": "Outer", "Relation Name": "orders", "Alias": "orders", "Startup Cost": 14729.65, "Total Cost": 299784.84, "Plan Rows": 575746, "Plan Width": 16, "Recheck Cond": "((o_orderdate >= '1993-08-01 00:00:00'::timestamp(0) without time zone) AND (o_orderdate < '1993-11-01 00:00:00'::timestamp without time zone)), (LLVM Optimized)", "Plans": [{"Node Type": "Bitmap Index Scan", "Parent Relationship": "Outer", "Index Name": "idx_orders_orderdate", "Startup Cost": 0.0, "Total Cost": 14585.71, "Plan Rows": 575746, "Plan Width": 0, "Index Cond": "((o_orderdate >= '1993-08-01 00:00:00'::timestamp(0) without time zone) AND (o_orderdate < '1993-11-01 00:00:00'::timestamp without time zone))"}]}]}]}, {"Node Type": "Hash", "Parent Relationship": "Inner", "Startup Cost": 52126.0, "Total Cost": 52126.0, "Plan Rows": 1500000, "Plan Width": 153, "Plans": [{"Node Type": "Seq Scan", "Parent Relationship": "Outer", "Relation Name": "customer", "Alias": "customer", "Startup Cost": 0.0, "Total Cost": 52126.0, "Plan Rows": 1500000, "Plan Width": 153}]}]}, {"Node Type": "Hash", "Parent Relationship": "Inner", "Startup Cost": 1.25, "Total Cost": 1.25, "Plan Rows": 25, "Plan Width": 30, "Plans": [{"Node Type": "Seq Scan", "Parent Relationship": "Outer", "Relation Name": "nation", "Alias": "nation", "Startup Cost": 0.0, "Total Cost": 1.25, "Plan Rows": 25, "Plan Width": 30}]}]}]}]}]}, "Unique SQL Id": 1604070524, "Planner Runtime": 1}, "explain_analyze_plan": {"Plan": {"Node Type": "Limit", "Startup Cost": 2741876.6, "Total Cost": 2741876.65, "Plan Rows": 20, "Plan Width": 199, "Actual Startup Time": 32366.791, "Actual Total Time": 32366.797, "Actual Rows": 20, "Actual Loops": 1, "Plans": [{"Node Type": "Sort", "Parent Relationship": "Outer", "Startup Cost": 2741876.6, "Total Cost": 2745491.35, "Plan Rows": 20, "Plan Width": 199, "Actual Startup Time": 32366.788, "Actual Total Time": 32366.792, "Actual Rows": 20, "Actual Loops": 1, "Sort Key": ["(sum((lineitem.l_extendedprice * (1::double precision - lineitem.l_discount)))) DESC"], "Sort Method": "top-N heapsort", "Sort Space Used": 35, "Sort Space Type": "Memory", "Plans": [{"Node Type": "Aggregate", "Strategy": "Hashed", "Parent Relationship": "Outer", "Startup Cost": 2688942.8, "Total Cost": 2703401.78, "Plan Rows": 1445898, "Plan Width": 199, "Actual Startup Time": 31978.233, "Actual Total Time": 32230.896, "Actual Rows": 381542, "Actual Loops": 1, "Group By Key": ["customer.c_custkey", "customer.c_name", "customer.c_acctbal", "customer.c_phone", "nation.n_name", "customer.c_address", "customer.c_comment"], "Plans": [{"Node Type": "Hash Join", "Parent Relationship": "Outer", "Join Type": "Inner", "Startup Cost": 377859.22, "Total Cost": 2652795.35, "Plan Rows": 1445898, "Plan Width": 191, "Actual Startup Time": 2668.375, "Actual Total Time": 30150.047, "Actual Rows": 1145969, "Actual Loops": 1, "Inner Unique": true, "Hash Cond": "(customer.c_nationkey = nation.n_nationkey), (LLVM Optimized, Jit Execute)", "Plans": [{"Node Type": "Hash Join", "Parent Relationship": "Outer", "Join Type": "Inner", "Startup Cost": 377857.66, "Total Cost": 2632912.69, "Plan Rows": 1445898, "Plan Width": 169, "Actual Startup Time": 2668.286, "Actual Total Time": 29684.602, "Actual Rows": 1145969, "Actual Loops": 1, "Inner Unique": true, "Hash Cond": "(orders.o_custkey = customer.c_custkey), (LLVM Optimized, Jit Execute)", "Plans": [{"Node Type": "Hash Join", "Parent Relationship": "Outer", "Join Type": "Inner", "Startup Cost": 306981.66, "Total Cost": 2542155.59, "Plan Rows": 1445898, "Plan Width": 24, "Actual Startup Time": 1386.463, "Actual Total Time": 27642.574, "Actual Rows": 1145969, "Actual Loops": 1, "Inner Unique": true, "Hash Cond": "(lineitem.l_orderkey = orders.o_orderkey), (LLVM Optimized, Jit Execute)", "Plans": [{"Node Type": "Seq Scan", "Parent Relationship": "Outer", "Relation Name": "lineitem", "Alias": "lineitem", "Startup Cost": 0.0, "Total Cost": 2165082.91, "Plan Rows": 14835209, "Plan Width": 24, "Actual Startup Time": 0.021, "Actual Total Time": 22090.21, "Actual Rows": 14808183, "Actual Loops": 1, "Filter": "(l_returnflag = 'R'::bpchar), (LLVM Optimized, Jit Execute)", "Rows Removed by Filter": 45177869}, {"Node Type": "Hash", "Parent Relationship": "Inner", "Startup Cost": 299784.84, "Total Cost": 299784.84, "Plan Rows": 575746, "Plan Width": 16, "Actual Startup Time": 1385.671, "Actual Total Time": 1385.671, "Actual Rows": 573635, "Actual Loops": 1, "Hash Buckets": 1048576, "Hash Batches": 1, "Original Hash Batches": 1, "Peak Memory Usage": 26890, "Plans": [{"Node Type": "Bitmap Heap Scan", "Parent Relationship": "Outer", "Relation Name": "orders", "Alias": "orders", "Startup Cost": 14729.65, "Total Cost": 299784.84, "Plan Rows": 575746, "Plan Width": 16, "Actual Startup Time": 280.557, "Actual Total Time": 1156.886, "Actual Rows": 573635, "Actual Loops": 1, "Recheck Cond": "((o_orderdate >= '1993-08-01 00:00:00'::timestamp(0) without time zone) AND (o_orderdate < '1993-11-01 00:00:00'::timestamp without time zone)), (LLVM Optimized, Jit Execute)", "Rows Removed by Index Recheck": 0, "Exact Heap Blocks": 242860, "Lossy Heap Blocks": 242860, "Plans": [{"Node Type": "Bitmap Index Scan", "Parent Relationship": "Outer", "Index Name": "idx_orders_orderdate", "Startup Cost": 0.0, "Total Cost": 14585.71, "Plan Rows": 575746, "Plan Width": 0, "Actual Startup Time": 199.97, "Actual Total Time": 199.97, "Actual Rows": 573635, "Actual Loops": 1, "Index Cond": "((o_orderdate >= '1993-08-01 00:00:00'::timestamp(0) without time zone) AND (o_orderdate < '1993-11-01 00:00:00'::timestamp without time zone))"}]}]}]}, {"Node Type": "Hash", "Parent Relationship": "Inner", "Startup Cost": 52126.0, "Total Cost": 52126.0, "Plan Rows": 1500000, "Plan Width": 153, "Actual Startup Time": 1280.614, "Actual Total Time": 1280.614, "Actual Rows": 1500000, "Actual Loops": 1, "Hash Buckets": 2097152, "Hash Batches": 1, "Original Hash Batches": 1, "Peak Memory Usage": 282695, "Plans": [{"Node Type": "Seq Scan", "Parent Relationship": "Outer", "Relation Name": "customer", "Alias": "customer", "Startup Cost": 0.0, "Total Cost": 52126.0, "Plan Rows": 1500000, "Plan Width": 153, "Actual Startup Time": 0.017, "Actual Total Time": 610.086, "Actual Rows": 1500000, "Actual Loops": 1}]}]}, {"Node Type": "Hash", "Parent Relationship": "Inner", "Startup Cost": 1.25, "Total Cost": 1.25, "Plan Rows": 25, "Plan Width": 30, "Actual Startup Time": 0.042, "Actual Total Time": 0.042, "Actual Rows": 25, "Actual Loops": 1, "Hash Buckets": 32768, "Hash Batches": 1, "Original Hash Batches": 1, "Peak Memory Usage": 2, "Plans": [{"Node Type": "Seq Scan", "Parent Relationship": "Outer", "Relation Name": "nation", "Alias": "nation", "Startup Cost": 0.0, "Total Cost": 1.25, "Plan Rows": 25, "Plan Width": 30, "Actual Startup Time": 0.019, "Actual Total Time": 0.025, "Actual Rows": 25, "Actual Loops": 1}]}]}]}]}]}, "Triggers": [], "Planner Runtime": 1, "Total Runtime": 32378.341, "Unique SQL Id": 1604070524}}, "(16, 33)": {"explain_plan": {"Plan": {"Node Type": "Limit", "Startup Cost": 3620844.85, "Total Cost": 3620844.9, "Plan Rows": 20, "Plan Width": 199, "Plans": [{"Node Type": "Sort", "Parent Relationship": "Outer", "Startup Cost": 3620844.85, "Total Cost": 3624459.59, "Plan Rows": 20, "Plan Width": 199, "Sort Key": ["(sum((lineitem.l_extendedprice * (1::double precision - lineitem.l_discount)))) DESC"], "Plans": [{"Node Type": "Aggregate", "Strategy": "Hashed", "Parent Relationship": "Outer", "Startup Cost": 3567911.04, "Total Cost": 3582370.02, "Plan Rows": 1445898, "Plan Width": 199, "Group By Key": ["customer.c_custkey", "customer.c_name", "customer.c_acctbal", "customer.c_phone", "nation.n_name", "customer.c_address", "customer.c_comment"], "Plans": [{"Node Type": "Nested Loop", "Parent Relationship": "Outer", "Join Type": "Inner", "Startup Cost": 114257.94, "Total Cost": 3531763.59, "Plan Rows": 1445898, "Plan Width": 191, "Inner Unique": false, "Plans": [{"Node Type": "Hash Join", "Parent Relationship": "Outer", "Join Type": "Inner", "Startup Cost": 114257.94, "Total Cost": 415146.15, "Plan Rows": 575746, "Plan Width": 183, "Inner Unique": true, "Hash Cond": "(customer.c_nationkey = nation.n_nationkey), (LLVM Optimized)", "Plans": [{"Node Type": "Hash Join", "Parent Relationship": "Outer", "Join Type": "Inner", "Startup Cost": 114245.0, "Total Cost": 407216.7, "Plan Rows": 575746, "Plan Width": 161, "Inner Unique": true, "Hash Cond": "(orders.o_custkey = customer.c_custkey), (LLVM Optimized)", "Plans": [{"Node Type": "Bitmap Heap Scan", "Parent Relationship": "Outer", "Relation Name": "orders", "Alias": "orders", "Startup Cost": 14729.65, "Total Cost": 299784.84, "Plan Rows": 575746, "Plan Width": 16, "Recheck Cond": "((o_orderdate >= '1993-08-01 00:00:00'::timestamp(0) without time zone) AND (o_orderdate < '1993-11-01 00:00:00'::timestamp without time zone)), (LLVM Optimized)", "Plans": [{"Node Type": "Bitmap Index Scan", "Parent Relationship": "Outer", "Index Name": "idx_orders_orderdate", "Startup Cost": 0.0, "Total Cost": 14585.71, "Plan Rows": 575746, "Plan Width": 0, "Index Cond": "((o_orderdate >= '1993-08-01 00:00:00'::timestamp(0) without time zone) AND (o_orderdate < '1993-11-01 00:00:00'::timestamp without time zone))"}]}, {"Node Type": "Hash", "Parent Relationship": "Inner", "Startup Cost": 80765.36, "Total Cost": 80765.36, "Plan Rows": 1500000, "Plan Width": 153, "Plans": [{"Node Type": "Index Scan", "Parent Relationship": "Outer", "Scan Direction": "Forward", "Index Name": "customer_pkey", "Relation Name": "customer", "Alias": "customer", "Startup Cost": 0.0, "Total Cost": 80765.36, "Plan Rows": 1500000, "Plan Width": 153}]}]}, {"Node Type": "Hash", "Parent Relationship": "Inner", "Startup Cost": 12.62, "Total Cost": 12.62, "Plan Rows": 25, "Plan Width": 30, "Plans": [{"Node Type": "Index Scan", "Parent Relationship": "Outer", "Scan Direction": "Forward", "Index Name": "nation_pkey", "Relation Name": "nation", "Alias": "nation", "Startup Cost": 0.0, "Total Cost": 12.62, "Plan Rows": 25, "Plan Width": 30}]}]}, {"Node Type": "Index Scan", "Parent Relationship": "Inner", "Scan Direction": "Forward", "Index Name": "idx_lineitem_orderkey", "Relation Name": "lineitem", "Alias": "lineitem", "Startup Cost": 0.0, "Total Cost": 5.38, "Plan Rows": 3, "Plan Width": 24, "Index Cond": "(l_orderkey = orders.o_orderkey)", "Filter": "(l_returnflag = 'R'::bpchar)"}]}]}]}]}, "Unique SQL Id": 1604070524, "Planner Runtime": 1}, "explain_analyze_plan": {"Plan": {"Node Type": "Limit", "Startup Cost": 3620844.85, "Total Cost": 3620844.9, "Plan Rows": 20, "Plan Width": 199, "Actual Startup Time": 14339.291, "Actual Total Time": 14339.3, "Actual Rows": 20, "Actual Loops": 1, "Plans": [{"Node Type": "Sort", "Parent Relationship": "Outer", "Startup Cost": 3620844.85, "Total Cost": 3624459.59, "Plan Rows": 20, "Plan Width": 199, "Actual Startup Time": 14339.286, "Actual Total Time": 14339.292, "Actual Rows": 20, "Actual Loops": 1, "Sort Key": ["(sum((lineitem.l_extendedprice * (1::double precision - lineitem.l_discount)))) DESC"], "Sort Method": "top-N heapsort", "Sort Space Used": 35, "Sort Space Type": "Memory", "Plans": [{"Node Type": "Aggregate", "Strategy": "Hashed", "Parent Relationship": "Outer", "Startup Cost": 3567911.04, "Total Cost": 3582370.02, "Plan Rows": 1445898, "Plan Width": 199, "Actual Startup Time": 13930.126, "Actual Total Time": 14202.669, "Actual Rows": 381542, "Actual Loops": 1, "Group By Key": ["customer.c_custkey", "customer.c_name", "customer.c_acctbal", "customer.c_phone", "nation.n_name", "customer.c_address", "customer.c_comment"], "Plans": [{"Node Type": "Nested Loop", "Parent Relationship": "Outer", "Join Type": "Inner", "Startup Cost": 114257.94, "Total Cost": 3531763.59, "Plan Rows": 1445898, "Plan Width": 191, "Actual Startup Time": 2113.963, "Actual Total Time": 12023.546, "Actual Rows": 1145969, "Actual Loops": 1, "Inner Unique": false, "Plans": [{"Node Type": "Hash Join", "Parent Relationship": "Outer", "Join Type": "Inner", "Startup Cost": 114257.94, "Total Cost": 415146.15, "Plan Rows": 575746, "Plan Width": 183, "Actual Startup Time": 2113.905, "Actual Total Time": 3925.924, "Actual Rows": 573635, "Actual Loops": 1, "Inner Unique": true, "Hash Cond": "(customer.c_nationkey = nation.n_nationkey), (LLVM Optimized, Jit Execute)", "Plans": [{"Node Type": "Hash Join", "Parent Relationship": "Outer", "Join Type": "Inner", "Startup Cost": 114245.0, "Total Cost": 407216.7, "Plan Rows": 575746, "Plan Width": 161, "Actual Startup Time": 2113.798, "Actual Total Time": 3672.375, "Actual Rows": 573635, "Actual Loops": 1, "Inner Unique": true, "Hash Cond": "(orders.o_custkey = customer.c_custkey), (LLVM Optimized, Jit Execute)", "Plans": [{"Node Type": "Bitmap Heap Scan", "Parent Relationship": "Outer", "Relation Name": "orders", "Alias": "orders", "Startup Cost": 14729.65, "Total Cost": 299784.84, "Plan Rows": 575746, "Plan Width": 16, "Actual Startup Time": 255.306, "Actual Total Time": 1209.216, "Actual Rows": 573635, "Actual Loops": 1, "Recheck Cond": "((o_orderdate >= '1993-08-01 00:00:00'::timestamp(0) without time zone) AND (o_orderdate < '1993-11-01 00:00:00'::timestamp without time zone)), (LLVM Optimized, Jit Execute)", "Rows Removed by Index Recheck": 0, "Exact Heap Blocks": 242860, "Lossy Heap Blocks": 242860, "Plans": [{"Node Type": "Bitmap Index Scan", "Parent Relationship": "Outer", "Index Name": "idx_orders_orderdate", "Startup Cost": 0.0, "Total Cost": 14585.71, "Plan Rows": 575746, "Plan Width": 0, "Actual Startup Time": 180.492, "Actual Total Time": 180.492, "Actual Rows": 573635, "Actual Loops": 1, "Index Cond": "((o_orderdate >= '1993-08-01 00:00:00'::timestamp(0) without time zone) AND (o_orderdate < '1993-11-01 00:00:00'::timestamp without time zone))"}]}, {"Node Type": "Hash", "Parent Relationship": "Inner", "Startup Cost": 80765.36, "Total Cost": 80765.36, "Plan Rows": 1500000, "Plan Width": 153, "Actual Startup Time": 1857.226, "Actual Total Time": 1857.226, "Actual Rows": 1500000, "Actual Loops": 1, "Hash Buckets": 2097152, "Hash Batches": 1, "Original Hash Batches": 1, "Peak Memory Usage": 282695, "Plans": [{"Node Type": "Index Scan", "Parent Relationship": "Outer", "Scan Direction": "Forward", "Index Name": "customer_pkey", "Relation Name": "customer", "Alias": "customer", "Startup Cost": 0.0, "Total Cost": 80765.36, "Plan Rows": 1500000, "Plan Width": 153, "Actual Startup Time": 0.043, "Actual Total Time": 1157.899, "Actual Rows": 1500000, "Actual Loops": 1}]}]}, {"Node Type": "Hash", "Parent Relationship": "Inner", "Startup Cost": 12.62, "Total Cost": 12.62, "Plan Rows": 25, "Plan Width": 30, "Actual Startup Time": 0.051, "Actual Total Time": 0.051, "Actual Rows": 25, "Actual Loops": 1, "Hash Buckets": 32768, "Hash Batches": 1, "Original Hash Batches": 1, "Peak Memory Usage": 2, "Plans": [{"Node Type": "Index Scan", "Parent Relationship": "Outer", "Scan Direction": "Forward", "Index Name": "nation_pkey", "Relation Name": "nation", "Alias": "nation", "Startup Cost": 0.0, "Total Cost": 12.62, "Plan Rows": 25, "Plan Width": 30, "Actual Startup Time": 0.019, "Actual Total Time": 0.034, "Actual Rows": 25, "Actual Loops": 1}]}]}, {"Node Type": "Index Scan", "Parent Relationship": "Inner", "Scan Direction": "Forward", "Index Name": "idx_lineitem_orderkey", "Relation Name": "lineitem", "Alias": "lineitem", "Startup Cost": 0.0, "Total Cost": 5.38, "Plan Rows": 3, "Plan Width": 24, "Actual Startup Time": 6123.392, "Actual Total Time": 7438.708, "Actual Rows": 1145969, "Actual Loops": 573635, "Index Cond": "(l_orderkey = orders.o_orderkey)", "Rows Removed by Index Recheck": 0, "Filter": "(l_returnflag = 'R'::bpchar)", "Rows Removed by Filter": 1146896}]}]}]}]}, "Triggers": [], "Planner Runtime": 1, "Total Runtime": 14350.386, "Unique SQL Id": 1604070524}}, "(16, 34)": {"explain_plan": {"Plan": {"Node Type": "Limit", "Startup Cost": 2741876.6, "Total Cost": 2741876.65, "Plan Rows": 20, "Plan Width": 199, "Plans": [{"Node Type": "Sort", "Parent Relationship": "Outer", "Startup Cost": 2741876.6, "Total Cost": 2745491.35, "Plan Rows": 20, "Plan Width": 199, "Sort Key": ["(sum((lineitem.l_extendedprice * (1::double precision - lineitem.l_discount)))) DESC"], "Plans": [{"Node Type": "Aggregate", "Strategy": "Hashed", "Parent Relationship": "Outer", "Startup Cost": 2688942.8, "Total Cost": 2703401.78, "Plan Rows": 1445898, "Plan Width": 199, "Group By Key": ["customer.c_custkey", "customer.c_name", "customer.c_acctbal", "customer.c_phone", "nation.n_name", "customer.c_address", "customer.c_comment"], "Plans": [{"Node Type": "Hash Join", "Parent Relationship": "Outer", "Join Type": "Inner", "Startup Cost": 377859.22, "Total Cost": 2652795.35, "Plan Rows": 1445898, "Plan Width": 191, "Inner Unique": true, "Hash Cond": "(customer.c_nationkey = nation.n_nationkey), (LLVM Optimized)", "Plans": [{"Node Type": "Hash Join", "Parent Relationship": "Outer", "Join Type": "Inner", "Startup Cost": 377857.66, "Total Cost": 2632912.69, "Plan Rows": 1445898, "Plan Width": 169, "Inner Unique": true, "Hash Cond": "(orders.o_custkey = customer.c_custkey), (LLVM Optimized)", "Plans": [{"Node Type": "Hash Join", "Parent Relationship": "Outer", "Join Type": "Inner", "Startup Cost": 306981.66, "Total Cost": 2542155.59, "Plan Rows": 1445898, "Plan Width": 24, "Inner Unique": true, "Hash Cond": "(lineitem.l_orderkey = orders.o_orderkey), (LLVM Optimized)", "Plans": [{"Node Type": "Seq Scan", "Parent Relationship": "Outer", "Relation Name": "lineitem", "Alias": "lineitem", "Startup Cost": 0.0, "Total Cost": 2165082.91, "Plan Rows": 14835209, "Plan Width": 24, "Filter": "(l_returnflag = 'R'::bpchar), (LLVM Optimized)"}, {"Node Type": "Hash", "Parent Relationship": "Inner", "Startup Cost": 299784.84, "Total Cost": 299784.84, "Plan Rows": 575746, "Plan Width": 16, "Plans": [{"Node Type": "Bitmap Heap Scan", "Parent Relationship": "Outer", "Relation Name": "orders", "Alias": "orders", "Startup Cost": 14729.65, "Total Cost": 299784.84, "Plan Rows": 575746, "Plan Width": 16, "Recheck Cond": "((o_orderdate >= '1993-08-01 00:00:00'::timestamp(0) without time zone) AND (o_orderdate < '1993-11-01 00:00:00'::timestamp without time zone)), (LLVM Optimized)", "Plans": [{"Node Type": "Bitmap Index Scan", "Parent Relationship": "Outer", "Index Name": "idx_orders_orderdate", "Startup Cost": 0.0, "Total Cost": 14585.71, "Plan Rows": 575746, "Plan Width": 0, "Index Cond": "((o_orderdate >= '1993-08-01 00:00:00'::timestamp(0) without time zone) AND (o_orderdate < '1993-11-01 00:00:00'::timestamp without time zone))"}]}]}]}, {"Node Type": "Hash", "Parent Relationship": "Inner", "Startup Cost": 52126.0, "Total Cost": 52126.0, "Plan Rows": 1500000, "Plan Width": 153, "Plans": [{"Node Type": "Seq Scan", "Parent Relationship": "Outer", "Relation Name": "customer", "Alias": "customer", "Startup Cost": 0.0, "Total Cost": 52126.0, "Plan Rows": 1500000, "Plan Width": 153}]}]}, {"Node Type": "Hash", "Parent Relationship": "Inner", "Startup Cost": 1.25, "Total Cost": 1.25, "Plan Rows": 25, "Plan Width": 30, "Plans": [{"Node Type": "Seq Scan", "Parent Relationship": "Outer", "Relation Name": "nation", "Alias": "nation", "Startup Cost": 0.0, "Total Cost": 1.25, "Plan Rows": 25, "Plan Width": 30}]}]}]}]}]}, "Unique SQL Id": 1604070524, "Planner Runtime": 1}, "explain_analyze_plan": {"Plan": {"Node Type": "Limit", "Startup Cost": 2741876.6, "Total Cost": 2741876.65, "Plan Rows": 20, "Plan Width": 199, "Actual Startup Time": 32366.791, "Actual Total Time": 32366.797, "Actual Rows": 20, "Actual Loops": 1, "Plans": [{"Node Type": "Sort", "Parent Relationship": "Outer", "Startup Cost": 2741876.6, "Total Cost": 2745491.35, "Plan Rows": 20, "Plan Width": 199, "Actual Startup Time": 32366.788, "Actual Total Time": 32366.792, "Actual Rows": 20, "Actual Loops": 1, "Sort Key": ["(sum((lineitem.l_extendedprice * (1::double precision - lineitem.l_discount)))) DESC"], "Sort Method": "top-N heapsort", "Sort Space Used": 35, "Sort Space Type": "Memory", "Plans": [{"Node Type": "Aggregate", "Strategy": "Hashed", "Parent Relationship": "Outer", "Startup Cost": 2688942.8, "Total Cost": 2703401.78, "Plan Rows": 1445898, "Plan Width": 199, "Actual Startup Time": 31978.233, "Actual Total Time": 32230.896, "Actual Rows": 381542, "Actual Loops": 1, "Group By Key": ["customer.c_custkey", "customer.c_name", "customer.c_acctbal", "customer.c_phone", "nation.n_name", "customer.c_address", "customer.c_comment"], "Plans": [{"Node Type": "Hash Join", "Parent Relationship": "Outer", "Join Type": "Inner", "Startup Cost": 377859.22, "Total Cost": 2652795.35, "Plan Rows": 1445898, "Plan Width": 191, "Actual Startup Time": 2668.375, "Actual Total Time": 30150.047, "Actual Rows": 1145969, "Actual Loops": 1, "Inner Unique": true, "Hash Cond": "(customer.c_nationkey = nation.n_nationkey), (LLVM Optimized, Jit Execute)", "Plans": [{"Node Type": "Hash Join", "Parent Relationship": "Outer", "Join Type": "Inner", "Startup Cost": 377857.66, "Total Cost": 2632912.69, "Plan Rows": 1445898, "Plan Width": 169, "Actual Startup Time": 2668.286, "Actual Total Time": 29684.602, "Actual Rows": 1145969, "Actual Loops": 1, "Inner Unique": true, "Hash Cond": "(orders.o_custkey = customer.c_custkey), (LLVM Optimized, Jit Execute)", "Plans": [{"Node Type": "Hash Join", "Parent Relationship": "Outer", "Join Type": "Inner", "Startup Cost": 306981.66, "Total Cost": 2542155.59, "Plan Rows": 1445898, "Plan Width": 24, "Actual Startup Time": 1386.463, "Actual Total Time": 27642.574, "Actual Rows": 1145969, "Actual Loops": 1, "Inner Unique": true, "Hash Cond": "(lineitem.l_orderkey = orders.o_orderkey), (LLVM Optimized, Jit Execute)", "Plans": [{"Node Type": "Seq Scan", "Parent Relationship": "Outer", "Relation Name": "lineitem", "Alias": "lineitem", "Startup Cost": 0.0, "Total Cost": 2165082.91, "Plan Rows": 14835209, "Plan Width": 24, "Actual Startup Time": 0.021, "Actual Total Time": 22090.21, "Actual Rows": 14808183, "Actual Loops": 1, "Filter": "(l_returnflag = 'R'::bpchar), (LLVM Optimized, Jit Execute)", "Rows Removed by Filter": 45177869}, {"Node Type": "Hash", "Parent Relationship": "Inner", "Startup Cost": 299784.84, "Total Cost": 299784.84, "Plan Rows": 575746, "Plan Width": 16, "Actual Startup Time": 1385.671, "Actual Total Time": 1385.671, "Actual Rows": 573635, "Actual Loops": 1, "Hash Buckets": 1048576, "Hash Batches": 1, "Original Hash Batches": 1, "Peak Memory Usage": 26890, "Plans": [{"Node Type": "Bitmap Heap Scan", "Parent Relationship": "Outer", "Relation Name": "orders", "Alias": "orders", "Startup Cost": 14729.65, "Total Cost": 299784.84, "Plan Rows": 575746, "Plan Width": 16, "Actual Startup Time": 280.557, "Actual Total Time": 1156.886, "Actual Rows": 573635, "Actual Loops": 1, "Recheck Cond": "((o_orderdate >= '1993-08-01 00:00:00'::timestamp(0) without time zone) AND (o_orderdate < '1993-11-01 00:00:00'::timestamp without time zone)), (LLVM Optimized, Jit Execute)", "Rows Removed by Index Recheck": 0, "Exact Heap Blocks": 242860, "Lossy Heap Blocks": 242860, "Plans": [{"Node Type": "Bitmap Index Scan", "Parent Relationship": "Outer", "Index Name": "idx_orders_orderdate", "Startup Cost": 0.0, "Total Cost": 14585.71, "Plan Rows": 575746, "Plan Width": 0, "Actual Startup Time": 199.97, "Actual Total Time": 199.97, "Actual Rows": 573635, "Actual Loops": 1, "Index Cond": "((o_orderdate >= '1993-08-01 00:00:00'::timestamp(0) without time zone) AND (o_orderdate < '1993-11-01 00:00:00'::timestamp without time zone))"}]}]}]}, {"Node Type": "Hash", "Parent Relationship": "Inner", "Startup Cost": 52126.0, "Total Cost": 52126.0, "Plan Rows": 1500000, "Plan Width": 153, "Actual Startup Time": 1280.614, "Actual Total Time": 1280.614, "Actual Rows": 1500000, "Actual Loops": 1, "Hash Buckets": 2097152, "Hash Batches": 1, "Original Hash Batches": 1, "Peak Memory Usage": 282695, "Plans": [{"Node Type": "Seq Scan", "Parent Relationship": "Outer", "Relation Name": "customer", "Alias": "customer", "Startup Cost": 0.0, "Total Cost": 52126.0, "Plan Rows": 1500000, "Plan Width": 153, "Actual Startup Time": 0.017, "Actual Total Time": 610.086, "Actual Rows": 1500000, "Actual Loops": 1}]}]}, {"Node Type": "Hash", "Parent Relationship": "Inner", "Startup Cost": 1.25, "Total Cost": 1.25, "Plan Rows": 25, "Plan Width": 30, "Actual Startup Time": 0.042, "Actual Total Time": 0.042, "Actual Rows": 25, "Actual Loops": 1, "Hash Buckets": 32768, "Hash Batches": 1, "Original Hash Batches": 1, "Peak Memory Usage": 2, "Plans": [{"Node Type": "Seq Scan", "Parent Relationship": "Outer", "Relation Name": "nation", "Alias": "nation", "Startup Cost": 0.0, "Total Cost": 1.25, "Plan Rows": 25, "Plan Width": 30, "Actual Startup Time": 0.019, "Actual Total Time": 0.025, "Actual Rows": 25, "Actual Loops": 1}]}]}]}]}]}, "Triggers": [], "Planner Runtime": 1, "Total Runtime": 32378.341, "Unique SQL Id": 1604070524}}, "(16, 35)": {"explain_plan": {"Plan": {"Node Type": "Limit", "Startup Cost": 13443415.76, "Total Cost": 13443415.81, "Plan Rows": 20, "Plan Width": 199, "Plans": [{"Node Type": "Sort", "Parent Relationship": "Outer", "Startup Cost": 13443415.76, "Total Cost": 13447030.51, "Plan Rows": 20, "Plan Width": 199, "Sort Key": ["(sum((lineitem.l_extendedprice * (1::double precision - lineitem.l_discount)))) DESC"], "Plans": [{"Node Type": "Aggregate", "Strategy": "Hashed", "Parent Relationship": "Outer", "Startup Cost": 13390481.96, "Total Cost": 13404940.94, "Plan Rows": 1445898, "Plan Width": 199, "Group By Key": ["customer.c_custkey", "customer.c_name", "customer.c_acctbal", "customer.c_phone", "nation.n_name", "customer.c_address", "customer.c_comment"], "Plans": [{"Node Type": "Nested Loop", "Parent Relationship": "Outer", "Join Type": "Inner", "Startup Cost": 14732.12, "Total Cost": 13354334.51, "Plan Rows": 1445898, "Plan Width": 191, "Inner Unique": false, "Plans": [{"Node Type": "Nested Loop", "Parent Relationship": "Outer", "Join Type": "Inner", "Startup Cost": 14730.2, "Total Cost": 5249597.54, "Plan Rows": 575746, "Plan Width": 183, "Inner Unique": true, "Plans": [{"Node Type": "Nested Loop", "Parent Relationship": "Outer", "Join Type": "Inner", "Startup Cost": 14729.94, "Total Cost": 2785257.65, "Plan Rows": 575746, "Plan Width": 161, "Inner Unique": true, "Plans": [{"Node Type": "Bitmap Heap Scan", "Parent Relationship": "Outer", "Relation Name": "orders", "Alias": "orders", "Startup Cost": 14729.65, "Total Cost": 299784.84, "Plan Rows": 575746, "Plan Width": 16, "Recheck Cond": "((o_orderdate >= '1993-08-01 00:00:00'::timestamp(0) without time zone) AND (o_orderdate < '1993-11-01 00:00:00'::timestamp without time zone)), (LLVM Optimized)", "Plans": [{"Node Type": "Bitmap Index Scan", "Parent Relationship": "Outer", "Index Name": "idx_orders_orderdate", "Startup Cost": 0.0, "Total Cost": 14585.71, "Plan Rows": 575746, "Plan Width": 0, "Index Cond": "((o_orderdate >= '1993-08-01 00:00:00'::timestamp(0) without time zone) AND (o_orderdate < '1993-11-01 00:00:00'::timestamp without time zone))"}]}, {"Node Type": "Bitmap Heap Scan", "Parent Relationship": "Inner", "Relation Name": "customer", "Alias": "customer", "Startup Cost": 0.29, "Total Cost": 4.31, "Plan Rows": 1, "Plan Width": 153, "Recheck Cond": "(c_custkey = orders.o_custkey)", "Plans": [{"Node Type": "Bitmap Index Scan", "Parent Relationship": "Outer", "Index Name": "customer_pkey", "Startup Cost": 0.0, "Total Cost": 0.29, "Plan Rows": 1, "Plan Width": 0, "Index Cond": "(c_custkey = orders.o_custkey)"}]}]}, {"Node Type": "Bitmap Heap Scan", "Parent Relationship": "Inner", "Relation Name": "nation", "Alias": "nation", "Startup Cost": 0.26, "Total Cost": 4.27, "Plan Rows": 1, "Plan Width": 30, "Recheck Cond": "(n_nationkey = customer.c_nationkey)", "Plans": [{"Node Type": "Bitmap Index Scan", "Parent Relationship": "Outer", "Index Name": "nation_pkey", "Startup Cost": 0.0, "Total Cost": 0.26, "Plan Rows": 1, "Plan Width": 0, "Index Cond": "(n_nationkey = customer.c_nationkey)"}]}]}, {"Node Type": "Bitmap Heap Scan", "Parent Relationship": "Inner", "Relation Name": "lineitem", "Alias": "lineitem", "Startup Cost": 1.93, "Total Cost": 14.05, "Plan Rows": 3, "Plan Width": 24, "Recheck Cond": "(l_orderkey = orders.o_orderkey)", "Filter": "(l_returnflag = 'R'::bpchar)", "Plans": [{"Node Type": "Bitmap Index Scan", "Parent Relationship": "Outer", "Index Name": "idx_lineitem_orderkey", "Startup Cost": 0.0, "Total Cost": 1.92, "Plan Rows": 9, "Plan Width": 0, "Index Cond": "(l_orderkey = orders.o_orderkey)"}]}]}]}]}]}, "Unique SQL Id": 1604070524, "Planner Runtime": 0}, "explain_analyze_plan": {"Plan": {"Node Type": "Limit", "Startup Cost": 13443415.76, "Total Cost": 13443415.81, "Plan Rows": 20, "Plan Width": 199, "Actual Startup Time": 17339.241, "Actual Total Time": 17339.252, "Actual Rows": 20, "Actual Loops": 1, "Plans": [{"Node Type": "Sort", "Parent Relationship": "Outer", "Startup Cost": 13443415.76, "Total Cost": 13447030.51, "Plan Rows": 20, "Plan Width": 199, "Actual Startup Time": 17339.239, "Actual Total Time": 17339.248, "Actual Rows": 20, "Actual Loops": 1, "Sort Key": ["(sum((lineitem.l_extendedprice * (1::double precision - lineitem.l_discount)))) DESC"], "Sort Method": "top-N heapsort", "Sort Space Used": 35, "Sort Space Type": "Memory", "Plans": [{"Node Type": "Aggregate", "Strategy": "Hashed", "Parent Relationship": "Outer", "Startup Cost": 13390481.96, "Total Cost": 13404940.94, "Plan Rows": 1445898, "Plan Width": 199, "Actual Startup Time": 16948.804, "Actual Total Time": 17203.575, "Actual Rows": 381542, "Actual Loops": 1, "Group By Key": ["customer.c_custkey", "customer.c_name", "customer.c_acctbal", "customer.c_phone", "nation.n_name", "customer.c_address", "customer.c_comment"], "Plans": [{"Node Type": "Nested Loop", "Parent Relationship": "Outer", "Join Type": "Inner", "Startup Cost": 14732.12, "Total Cost": 13354334.51, "Plan Rows": 1445898, "Plan Width": 191, "Actual Startup Time": 243.383, "Actual Total Time": 14979.756, "Actual Rows": 1145969, "Actual Loops": 1, "Inner Unique": false, "Plans": [{"Node Type": "Nested Loop", "Parent Relationship": "Outer", "Join Type": "Inner", "Startup Cost": 14730.2, "Total Cost": 5249597.54, "Plan Rows": 575746, "Plan Width": 183, "Actual Startup Time": 243.33, "Actual Total Time": 8554.709, "Actual Rows": 573635, "Actual Loops": 1, "Inner Unique": true, "Plans": [{"Node Type": "Nested Loop", "Parent Relationship": "Outer", "Join Type": "Inner", "Startup Cost": 14729.94, "Total Cost": 2785257.65, "Plan Rows": 575746, "Plan Width": 161, "Actual Startup Time": 243.278, "Actual Total Time": 6365.155, "Actual Rows": 573635, "Actual Loops": 1, "Inner Unique": true, "Plans": [{"Node Type": "Bitmap Heap Scan", "Parent Relationship": "Outer", "Relation Name": "orders", "Alias": "orders", "Startup Cost": 14729.65, "Total Cost": 299784.84, "Plan Rows": 575746, "Plan Width": 16, "Actual Startup Time": 243.054, "Actual Total Time": 1186.231, "Actual Rows": 573635, "Actual Loops": 1, "Recheck Cond": "((o_orderdate >= '1993-08-01 00:00:00'::timestamp(0) without time zone) AND (o_orderdate < '1993-11-01 00:00:00'::timestamp without time zone)), (LLVM Optimized, Jit Execute)", "Rows Removed by Index Recheck": 0, "Exact Heap Blocks": 242860, "Lossy Heap Blocks": 242860, "Plans": [{"Node Type": "Bitmap Index Scan", "Parent Relationship": "Outer", "Index Name": "idx_orders_orderdate", "Startup Cost": 0.0, "Total Cost": 14585.71, "Plan Rows": 575746, "Plan Width": 0, "Actual Startup Time": 167.646, "Actual Total Time": 167.646, "Actual Rows": 573635, "Actual Loops": 1, "Index Cond": "((o_orderdate >= '1993-08-01 00:00:00'::timestamp(0) without time zone) AND (o_orderdate < '1993-11-01 00:00:00'::timestamp without time zone))"}]}, {"Node Type": "Bitmap Heap Scan", "Parent Relationship": "Inner", "Relation Name": "customer", "Alias": "customer", "Startup Cost": 0.29, "Total Cost": 4.31, "Plan Rows": 1, "Plan Width": 153, "Actual Startup Time": 4298.917, "Actual Total Time": 4298.917, "Actual Rows": 573635, "Actual Loops": 573635, "Recheck Cond": "(c_custkey = orders.o_custkey)", "Rows Removed by Index Recheck": 0, "Exact Heap Blocks": 573635, "Lossy Heap Blocks": 573635, "Plans": [{"Node Type": "Bitmap Index Scan", "Parent Relationship": "Outer", "Index Name": "customer_pkey", "Startup Cost": 0.0, "Total Cost": 0.29, "Plan Rows": 1, "Plan Width": 0, "Actual Startup Time": 2605.74, "Actual Total Time": 2605.74, "Actual Rows": 573635, "Actual Loops": 573635, "Index Cond": "(c_custkey = orders.o_custkey)"}]}]}, {"Node Type": "Bitmap Heap Scan", "Parent Relationship": "Inner", "Relation Name": "nation", "Alias": "nation", "Startup Cost": 0.26, "Total Cost": 4.27, "Plan Rows": 1, "Plan Width": 30, "Actual Startup Time": 1394.855, "Actual Total Time": 1394.855, "Actual Rows": 573635, "Actual Loops": 573635, "Recheck Cond": "(n_nationkey = customer.c_nationkey)", "Rows Removed by Index Recheck": 0, "Exact Heap Blocks": 573635, "Lossy Heap Blocks": 573635, "Plans": [{"Node Type": "Bitmap Index Scan", "Parent Relationship": "Outer", "Index Name": "nation_pkey", "Startup Cost": 0.0, "Total Cost": 0.26, "Plan Rows": 1, "Plan Width": 0, "Actual Startup Time": 610.88, "Actual Total Time": 610.88, "Actual Rows": 573635, "Actual Loops": 573635, "Index Cond": "(n_nationkey = customer.c_nationkey)"}]}]}, {"Node Type": "Bitmap Heap Scan", "Parent Relationship": "Inner", "Relation Name": "lineitem", "Alias": "lineitem", "Startup Cost": 1.93, "Total Cost": 14.05, "Plan Rows": 3, "Plan Width": 24, "Actual Startup Time": 4948.946, "Actual Total Time": 5481.054, "Actual Rows": 1145969, "Actual Loops": 573635, "Recheck Cond": "(l_orderkey = orders.o_orderkey)", "Rows Removed by Index Recheck": 0, "Filter": "(l_returnflag = 'R'::bpchar)", "Rows Removed by Filter": 1146896, "Exact Heap Blocks": 614400, "Lossy Heap Blocks": 614400, "Plans": [{"Node Type": "Bitmap Index Scan", "Parent Relationship": "Outer", "Index Name": "idx_lineitem_orderkey", "Startup Cost": 0.0, "Total Cost": 1.92, "Plan Rows": 9, "Plan Width": 0, "Actual Startup Time": 2525.585, "Actual Total Time": 2525.585, "Actual Rows": 2292865, "Actual Loops": 573635, "Index Cond": "(l_orderkey = orders.o_orderkey)"}]}]}]}]}]}, "Triggers": [], "Planner Runtime": 1, "Total Runtime": 17349.86, "Unique SQL Id": 1604070524}}, "(16, 36)": {"explain_plan": {"Plan": {"Node Type": "Limit", "Startup Cost": 2741876.6, "Total Cost": 2741876.65, "Plan Rows": 20, "Plan Width": 199, "Plans": [{"Node Type": "Sort", "Parent Relationship": "Outer", "Startup Cost": 2741876.6, "Total Cost": 2745491.35, "Plan Rows": 20, "Plan Width": 199, "Sort Key": ["(sum((lineitem.l_extendedprice * (1::double precision - lineitem.l_discount)))) DESC"], "Plans": [{"Node Type": "Aggregate", "Strategy": "Hashed", "Parent Relationship": "Outer", "Startup Cost": 2688942.8, "Total Cost": 2703401.78, "Plan Rows": 1445898, "Plan Width": 199, "Group By Key": ["customer.c_custkey", "customer.c_name", "customer.c_acctbal", "customer.c_phone", "nation.n_name", "customer.c_address", "customer.c_comment"], "Plans": [{"Node Type": "Hash Join", "Parent Relationship": "Outer", "Join Type": "Inner", "Startup Cost": 377859.22, "Total Cost": 2652795.35, "Plan Rows": 1445898, "Plan Width": 191, "Inner Unique": true, "Hash Cond": "(customer.c_nationkey = nation.n_nationkey), (LLVM Optimized)", "Plans": [{"Node Type": "Hash Join", "Parent Relationship": "Outer", "Join Type": "Inner", "Startup Cost": 377857.66, "Total Cost": 2632912.69, "Plan Rows": 1445898, "Plan Width": 169, "Inner Unique": true, "Hash Cond": "(orders.o_custkey = customer.c_custkey), (LLVM Optimized)", "Plans": [{"Node Type": "Hash Join", "Parent Relationship": "Outer", "Join Type": "Inner", "Startup Cost": 306981.66, "Total Cost": 2542155.59, "Plan Rows": 1445898, "Plan Width": 24, "Inner Unique": true, "Hash Cond": "(lineitem.l_orderkey = orders.o_orderkey), (LLVM Optimized)", "Plans": [{"Node Type": "Seq Scan", "Parent Relationship": "Outer", "Relation Name": "lineitem", "Alias": "lineitem", "Startup Cost": 0.0, "Total Cost": 2165082.91, "Plan Rows": 14835209, "Plan Width": 24, "Filter": "(l_returnflag = 'R'::bpchar), (LLVM Optimized)"}, {"Node Type": "Hash", "Parent Relationship": "Inner", "Startup Cost": 299784.84, "Total Cost": 299784.84, "Plan Rows": 575746, "Plan Width": 16, "Plans": [{"Node Type": "Bitmap Heap Scan", "Parent Relationship": "Outer", "Relation Name": "orders", "Alias": "orders", "Startup Cost": 14729.65, "Total Cost": 299784.84, "Plan Rows": 575746, "Plan Width": 16, "Recheck Cond": "((o_orderdate >= '1993-08-01 00:00:00'::timestamp(0) without time zone) AND (o_orderdate < '1993-11-01 00:00:00'::timestamp without time zone)), (LLVM Optimized)", "Plans": [{"Node Type": "Bitmap Index Scan", "Parent Relationship": "Outer", "Index Name": "idx_orders_orderdate", "Startup Cost": 0.0, "Total Cost": 14585.71, "Plan Rows": 575746, "Plan Width": 0, "Index Cond": "((o_orderdate >= '1993-08-01 00:00:00'::timestamp(0) without time zone) AND (o_orderdate < '1993-11-01 00:00:00'::timestamp without time zone))"}]}]}]}, {"Node Type": "Hash", "Parent Relationship": "Inner", "Startup Cost": 52126.0, "Total Cost": 52126.0, "Plan Rows": 1500000, "Plan Width": 153, "Plans": [{"Node Type": "Seq Scan", "Parent Relationship": "Outer", "Relation Name": "customer", "Alias": "customer", "Startup Cost": 0.0, "Total Cost": 52126.0, "Plan Rows": 1500000, "Plan Width": 153}]}]}, {"Node Type": "Hash", "Parent Relationship": "Inner", "Startup Cost": 1.25, "Total Cost": 1.25, "Plan Rows": 25, "Plan Width": 30, "Plans": [{"Node Type": "Seq Scan", "Parent Relationship": "Outer", "Relation Name": "nation", "Alias": "nation", "Startup Cost": 0.0, "Total Cost": 1.25, "Plan Rows": 25, "Plan Width": 30}]}]}]}]}]}, "Unique SQL Id": 1604070524, "Planner Runtime": 1}, "explain_analyze_plan": {"Plan": {"Node Type": "Limit", "Startup Cost": 2741876.6, "Total Cost": 2741876.65, "Plan Rows": 20, "Plan Width": 199, "Actual Startup Time": 32366.791, "Actual Total Time": 32366.797, "Actual Rows": 20, "Actual Loops": 1, "Plans": [{"Node Type": "Sort", "Parent Relationship": "Outer", "Startup Cost": 2741876.6, "Total Cost": 2745491.35, "Plan Rows": 20, "Plan Width": 199, "Actual Startup Time": 32366.788, "Actual Total Time": 32366.792, "Actual Rows": 20, "Actual Loops": 1, "Sort Key": ["(sum((lineitem.l_extendedprice * (1::double precision - lineitem.l_discount)))) DESC"], "Sort Method": "top-N heapsort", "Sort Space Used": 35, "Sort Space Type": "Memory", "Plans": [{"Node Type": "Aggregate", "Strategy": "Hashed", "Parent Relationship": "Outer", "Startup Cost": 2688942.8, "Total Cost": 2703401.78, "Plan Rows": 1445898, "Plan Width": 199, "Actual Startup Time": 31978.233, "Actual Total Time": 32230.896, "Actual Rows": 381542, "Actual Loops": 1, "Group By Key": ["customer.c_custkey", "customer.c_name", "customer.c_acctbal", "customer.c_phone", "nation.n_name", "customer.c_address", "customer.c_comment"], "Plans": [{"Node Type": "Hash Join", "Parent Relationship": "Outer", "Join Type": "Inner", "Startup Cost": 377859.22, "Total Cost": 2652795.35, "Plan Rows": 1445898, "Plan Width": 191, "Actual Startup Time": 2668.375, "Actual Total Time": 30150.047, "Actual Rows": 1145969, "Actual Loops": 1, "Inner Unique": true, "Hash Cond": "(customer.c_nationkey = nation.n_nationkey), (LLVM Optimized, Jit Execute)", "Plans": [{"Node Type": "Hash Join", "Parent Relationship": "Outer", "Join Type": "Inner", "Startup Cost": 377857.66, "Total Cost": 2632912.69, "Plan Rows": 1445898, "Plan Width": 169, "Actual Startup Time": 2668.286, "Actual Total Time": 29684.602, "Actual Rows": 1145969, "Actual Loops": 1, "Inner Unique": true, "Hash Cond": "(orders.o_custkey = customer.c_custkey), (LLVM Optimized, Jit Execute)", "Plans": [{"Node Type": "Hash Join", "Parent Relationship": "Outer", "Join Type": "Inner", "Startup Cost": 306981.66, "Total Cost": 2542155.59, "Plan Rows": 1445898, "Plan Width": 24, "Actual Startup Time": 1386.463, "Actual Total Time": 27642.574, "Actual Rows": 1145969, "Actual Loops": 1, "Inner Unique": true, "Hash Cond": "(lineitem.l_orderkey = orders.o_orderkey), (LLVM Optimized, Jit Execute)", "Plans": [{"Node Type": "Seq Scan", "Parent Relationship": "Outer", "Relation Name": "lineitem", "Alias": "lineitem", "Startup Cost": 0.0, "Total Cost": 2165082.91, "Plan Rows": 14835209, "Plan Width": 24, "Actual Startup Time": 0.021, "Actual Total Time": 22090.21, "Actual Rows": 14808183, "Actual Loops": 1, "Filter": "(l_returnflag = 'R'::bpchar), (LLVM Optimized, Jit Execute)", "Rows Removed by Filter": 45177869}, {"Node Type": "Hash", "Parent Relationship": "Inner", "Startup Cost": 299784.84, "Total Cost": 299784.84, "Plan Rows": 575746, "Plan Width": 16, "Actual Startup Time": 1385.671, "Actual Total Time": 1385.671, "Actual Rows": 573635, "Actual Loops": 1, "Hash Buckets": 1048576, "Hash Batches": 1, "Original Hash Batches": 1, "Peak Memory Usage": 26890, "Plans": [{"Node Type": "Bitmap Heap Scan", "Parent Relationship": "Outer", "Relation Name": "orders", "Alias": "orders", "Startup Cost": 14729.65, "Total Cost": 299784.84, "Plan Rows": 575746, "Plan Width": 16, "Actual Startup Time": 280.557, "Actual Total Time": 1156.886, "Actual Rows": 573635, "Actual Loops": 1, "Recheck Cond": "((o_orderdate >= '1993-08-01 00:00:00'::timestamp(0) without time zone) AND (o_orderdate < '1993-11-01 00:00:00'::timestamp without time zone)), (LLVM Optimized, Jit Execute)", "Rows Removed by Index Recheck": 0, "Exact Heap Blocks": 242860, "Lossy Heap Blocks": 242860, "Plans": [{"Node Type": "Bitmap Index Scan", "Parent Relationship": "Outer", "Index Name": "idx_orders_orderdate", "Startup Cost": 0.0, "Total Cost": 14585.71, "Plan Rows": 575746, "Plan Width": 0, "Actual Startup Time": 199.97, "Actual Total Time": 199.97, "Actual Rows": 573635, "Actual Loops": 1, "Index Cond": "((o_orderdate >= '1993-08-01 00:00:00'::timestamp(0) without time zone) AND (o_orderdate < '1993-11-01 00:00:00'::timestamp without time zone))"}]}]}]}, {"Node Type": "Hash", "Parent Relationship": "Inner", "Startup Cost": 52126.0, "Total Cost": 52126.0, "Plan Rows": 1500000, "Plan Width": 153, "Actual Startup Time": 1280.614, "Actual Total Time": 1280.614, "Actual Rows": 1500000, "Actual Loops": 1, "Hash Buckets": 2097152, "Hash Batches": 1, "Original Hash Batches": 1, "Peak Memory Usage": 282695, "Plans": [{"Node Type": "Seq Scan", "Parent Relationship": "Outer", "Relation Name": "customer", "Alias": "customer", "Startup Cost": 0.0, "Total Cost": 52126.0, "Plan Rows": 1500000, "Plan Width": 153, "Actual Startup Time": 0.017, "Actual Total Time": 610.086, "Actual Rows": 1500000, "Actual Loops": 1}]}]}, {"Node Type": "Hash", "Parent Relationship": "Inner", "Startup Cost": 1.25, "Total Cost": 1.25, "Plan Rows": 25, "Plan Width": 30, "Actual Startup Time": 0.042, "Actual Total Time": 0.042, "Actual Rows": 25, "Actual Loops": 1, "Hash Buckets": 32768, "Hash Batches": 1, "Original Hash Batches": 1, "Peak Memory Usage": 2, "Plans": [{"Node Type": "Seq Scan", "Parent Relationship": "Outer", "Relation Name": "nation", "Alias": "nation", "Startup Cost": 0.0, "Total Cost": 1.25, "Plan Rows": 25, "Plan Width": 30, "Actual Startup Time": 0.019, "Actual Total Time": 0.025, "Actual Rows": 25, "Actual Loops": 1}]}]}]}]}]}, "Triggers": [], "Planner Runtime": 1, "Total Runtime": 32378.341, "Unique SQL Id": 1604070524}}, "(16, 37)": {"explain_plan": {"Plan": {"Node Type": "Limit", "Startup Cost": 3620844.85, "Total Cost": 3620844.9, "Plan Rows": 20, "Plan Width": 199, "Plans": [{"Node Type": "Sort", "Parent Relationship": "Outer", "Startup Cost": 3620844.85, "Total Cost": 3624459.59, "Plan Rows": 20, "Plan Width": 199, "Sort Key": ["(sum((lineitem.l_extendedprice * (1::double precision - lineitem.l_discount)))) DESC"], "Plans": [{"Node Type": "Aggregate", "Strategy": "Hashed", "Parent Relationship": "Outer", "Startup Cost": 3567911.04, "Total Cost": 3582370.02, "Plan Rows": 1445898, "Plan Width": 199, "Group By Key": ["customer.c_custkey", "customer.c_name", "customer.c_acctbal", "customer.c_phone", "nation.n_name", "customer.c_address", "customer.c_comment"], "Plans": [{"Node Type": "Nested Loop", "Parent Relationship": "Outer", "Join Type": "Inner", "Startup Cost": 114257.94, "Total Cost": 3531763.59, "Plan Rows": 1445898, "Plan Width": 191, "Inner Unique": false, "Plans": [{"Node Type": "Hash Join", "Parent Relationship": "Outer", "Join Type": "Inner", "Startup Cost": 114257.94, "Total Cost": 415146.15, "Plan Rows": 575746, "Plan Width": 183, "Inner Unique": true, "Hash Cond": "(customer.c_nationkey = nation.n_nationkey), (LLVM Optimized)", "Plans": [{"Node Type": "Hash Join", "Parent Relationship": "Outer", "Join Type": "Inner", "Startup Cost": 114245.0, "Total Cost": 407216.7, "Plan Rows": 575746, "Plan Width": 161, "Inner Unique": true, "Hash Cond": "(orders.o_custkey = customer.c_custkey), (LLVM Optimized)", "Plans": [{"Node Type": "Bitmap Heap Scan", "Parent Relationship": "Outer", "Relation Name": "orders", "Alias": "orders", "Startup Cost": 14729.65, "Total Cost": 299784.84, "Plan Rows": 575746, "Plan Width": 16, "Recheck Cond": "((o_orderdate >= '1993-08-01 00:00:00'::timestamp(0) without time zone) AND (o_orderdate < '1993-11-01 00:00:00'::timestamp without time zone)), (LLVM Optimized)", "Plans": [{"Node Type": "Bitmap Index Scan", "Parent Relationship": "Outer", "Index Name": "idx_orders_orderdate", "Startup Cost": 0.0, "Total Cost": 14585.71, "Plan Rows": 575746, "Plan Width": 0, "Index Cond": "((o_orderdate >= '1993-08-01 00:00:00'::timestamp(0) without time zone) AND (o_orderdate < '1993-11-01 00:00:00'::timestamp without time zone))"}]}, {"Node Type": "Hash", "Parent Relationship": "Inner", "Startup Cost": 80765.36, "Total Cost": 80765.36, "Plan Rows": 1500000, "Plan Width": 153, "Plans": [{"Node Type": "Index Scan", "Parent Relationship": "Outer", "Scan Direction": "Forward", "Index Name": "customer_pkey", "Relation Name": "customer", "Alias": "customer", "Startup Cost": 0.0, "Total Cost": 80765.36, "Plan Rows": 1500000, "Plan Width": 153}]}]}, {"Node Type": "Hash", "Parent Relationship": "Inner", "Startup Cost": 12.62, "Total Cost": 12.62, "Plan Rows": 25, "Plan Width": 30, "Plans": [{"Node Type": "Index Scan", "Parent Relationship": "Outer", "Scan Direction": "Forward", "Index Name": "nation_pkey", "Relation Name": "nation", "Alias": "nation", "Startup Cost": 0.0, "Total Cost": 12.62, "Plan Rows": 25, "Plan Width": 30}]}]}, {"Node Type": "Index Scan", "Parent Relationship": "Inner", "Scan Direction": "Forward", "Index Name": "idx_lineitem_orderkey", "Relation Name": "lineitem", "Alias": "lineitem", "Startup Cost": 0.0, "Total Cost": 5.38, "Plan Rows": 3, "Plan Width": 24, "Index Cond": "(l_orderkey = orders.o_orderkey)", "Filter": "(l_returnflag = 'R'::bpchar)"}]}]}]}]}, "Unique SQL Id": 1604070524, "Planner Runtime": 1}, "explain_analyze_plan": {"Plan": {"Node Type": "Limit", "Startup Cost": 3620844.85, "Total Cost": 3620844.9, "Plan Rows": 20, "Plan Width": 199, "Actual Startup Time": 14339.291, "Actual Total Time": 14339.3, "Actual Rows": 20, "Actual Loops": 1, "Plans": [{"Node Type": "Sort", "Parent Relationship": "Outer", "Startup Cost": 3620844.85, "Total Cost": 3624459.59, "Plan Rows": 20, "Plan Width": 199, "Actual Startup Time": 14339.286, "Actual Total Time": 14339.292, "Actual Rows": 20, "Actual Loops": 1, "Sort Key": ["(sum((lineitem.l_extendedprice * (1::double precision - lineitem.l_discount)))) DESC"], "Sort Method": "top-N heapsort", "Sort Space Used": 35, "Sort Space Type": "Memory", "Plans": [{"Node Type": "Aggregate", "Strategy": "Hashed", "Parent Relationship": "Outer", "Startup Cost": 3567911.04, "Total Cost": 3582370.02, "Plan Rows": 1445898, "Plan Width": 199, "Actual Startup Time": 13930.126, "Actual Total Time": 14202.669, "Actual Rows": 381542, "Actual Loops": 1, "Group By Key": ["customer.c_custkey", "customer.c_name", "customer.c_acctbal", "customer.c_phone", "nation.n_name", "customer.c_address", "customer.c_comment"], "Plans": [{"Node Type": "Nested Loop", "Parent Relationship": "Outer", "Join Type": "Inner", "Startup Cost": 114257.94, "Total Cost": 3531763.59, "Plan Rows": 1445898, "Plan Width": 191, "Actual Startup Time": 2113.963, "Actual Total Time": 12023.546, "Actual Rows": 1145969, "Actual Loops": 1, "Inner Unique": false, "Plans": [{"Node Type": "Hash Join", "Parent Relationship": "Outer", "Join Type": "Inner", "Startup Cost": 114257.94, "Total Cost": 415146.15, "Plan Rows": 575746, "Plan Width": 183, "Actual Startup Time": 2113.905, "Actual Total Time": 3925.924, "Actual Rows": 573635, "Actual Loops": 1, "Inner Unique": true, "Hash Cond": "(customer.c_nationkey = nation.n_nationkey), (LLVM Optimized, Jit Execute)", "Plans": [{"Node Type": "Hash Join", "Parent Relationship": "Outer", "Join Type": "Inner", "Startup Cost": 114245.0, "Total Cost": 407216.7, "Plan Rows": 575746, "Plan Width": 161, "Actual Startup Time": 2113.798, "Actual Total Time": 3672.375, "Actual Rows": 573635, "Actual Loops": 1, "Inner Unique": true, "Hash Cond": "(orders.o_custkey = customer.c_custkey), (LLVM Optimized, Jit Execute)", "Plans": [{"Node Type": "Bitmap Heap Scan", "Parent Relationship": "Outer", "Relation Name": "orders", "Alias": "orders", "Startup Cost": 14729.65, "Total Cost": 299784.84, "Plan Rows": 575746, "Plan Width": 16, "Actual Startup Time": 255.306, "Actual Total Time": 1209.216, "Actual Rows": 573635, "Actual Loops": 1, "Recheck Cond": "((o_orderdate >= '1993-08-01 00:00:00'::timestamp(0) without time zone) AND (o_orderdate < '1993-11-01 00:00:00'::timestamp without time zone)), (LLVM Optimized, Jit Execute)", "Rows Removed by Index Recheck": 0, "Exact Heap Blocks": 242860, "Lossy Heap Blocks": 242860, "Plans": [{"Node Type": "Bitmap Index Scan", "Parent Relationship": "Outer", "Index Name": "idx_orders_orderdate", "Startup Cost": 0.0, "Total Cost": 14585.71, "Plan Rows": 575746, "Plan Width": 0, "Actual Startup Time": 180.492, "Actual Total Time": 180.492, "Actual Rows": 573635, "Actual Loops": 1, "Index Cond": "((o_orderdate >= '1993-08-01 00:00:00'::timestamp(0) without time zone) AND (o_orderdate < '1993-11-01 00:00:00'::timestamp without time zone))"}]}, {"Node Type": "Hash", "Parent Relationship": "Inner", "Startup Cost": 80765.36, "Total Cost": 80765.36, "Plan Rows": 1500000, "Plan Width": 153, "Actual Startup Time": 1857.226, "Actual Total Time": 1857.226, "Actual Rows": 1500000, "Actual Loops": 1, "Hash Buckets": 2097152, "Hash Batches": 1, "Original Hash Batches": 1, "Peak Memory Usage": 282695, "Plans": [{"Node Type": "Index Scan", "Parent Relationship": "Outer", "Scan Direction": "Forward", "Index Name": "customer_pkey", "Relation Name": "customer", "Alias": "customer", "Startup Cost": 0.0, "Total Cost": 80765.36, "Plan Rows": 1500000, "Plan Width": 153, "Actual Startup Time": 0.043, "Actual Total Time": 1157.899, "Actual Rows": 1500000, "Actual Loops": 1}]}]}, {"Node Type": "Hash", "Parent Relationship": "Inner", "Startup Cost": 12.62, "Total Cost": 12.62, "Plan Rows": 25, "Plan Width": 30, "Actual Startup Time": 0.051, "Actual Total Time": 0.051, "Actual Rows": 25, "Actual Loops": 1, "Hash Buckets": 32768, "Hash Batches": 1, "Original Hash Batches": 1, "Peak Memory Usage": 2, "Plans": [{"Node Type": "Index Scan", "Parent Relationship": "Outer", "Scan Direction": "Forward", "Index Name": "nation_pkey", "Relation Name": "nation", "Alias": "nation", "Startup Cost": 0.0, "Total Cost": 12.62, "Plan Rows": 25, "Plan Width": 30, "Actual Startup Time": 0.019, "Actual Total Time": 0.034, "Actual Rows": 25, "Actual Loops": 1}]}]}, {"Node Type": "Index Scan", "Parent Relationship": "Inner", "Scan Direction": "Forward", "Index Name": "idx_lineitem_orderkey", "Relation Name": "lineitem", "Alias": "lineitem", "Startup Cost": 0.0, "Total Cost": 5.38, "Plan Rows": 3, "Plan Width": 24, "Actual Startup Time": 6123.392, "Actual Total Time": 7438.708, "Actual Rows": 1145969, "Actual Loops": 573635, "Index Cond": "(l_orderkey = orders.o_orderkey)", "Rows Removed by Index Recheck": 0, "Filter": "(l_returnflag = 'R'::bpchar)", "Rows Removed by Filter": 1146896}]}]}]}]}, "Triggers": [], "Planner Runtime": 1, "Total Runtime": 14350.386, "Unique SQL Id": 1604070524}}, "(16, 38)": {"explain_plan": {"Plan": {"Node Type": "Limit", "Startup Cost": 2741876.6, "Total Cost": 2741876.65, "Plan Rows": 20, "Plan Width": 199, "Plans": [{"Node Type": "Sort", "Parent Relationship": "Outer", "Startup Cost": 2741876.6, "Total Cost": 2745491.35, "Plan Rows": 20, "Plan Width": 199, "Sort Key": ["(sum((lineitem.l_extendedprice * (1::double precision - lineitem.l_discount)))) DESC"], "Plans": [{"Node Type": "Aggregate", "Strategy": "Hashed", "Parent Relationship": "Outer", "Startup Cost": 2688942.8, "Total Cost": 2703401.78, "Plan Rows": 1445898, "Plan Width": 199, "Group By Key": ["customer.c_custkey", "customer.c_name", "customer.c_acctbal", "customer.c_phone", "nation.n_name", "customer.c_address", "customer.c_comment"], "Plans": [{"Node Type": "Hash Join", "Parent Relationship": "Outer", "Join Type": "Inner", "Startup Cost": 377859.22, "Total Cost": 2652795.35, "Plan Rows": 1445898, "Plan Width": 191, "Inner Unique": true, "Hash Cond": "(customer.c_nationkey = nation.n_nationkey), (LLVM Optimized)", "Plans": [{"Node Type": "Hash Join", "Parent Relationship": "Outer", "Join Type": "Inner", "Startup Cost": 377857.66, "Total Cost": 2632912.69, "Plan Rows": 1445898, "Plan Width": 169, "Inner Unique": true, "Hash Cond": "(orders.o_custkey = customer.c_custkey), (LLVM Optimized)", "Plans": [{"Node Type": "Hash Join", "Parent Relationship": "Outer", "Join Type": "Inner", "Startup Cost": 306981.66, "Total Cost": 2542155.59, "Plan Rows": 1445898, "Plan Width": 24, "Inner Unique": true, "Hash Cond": "(lineitem.l_orderkey = orders.o_orderkey), (LLVM Optimized)", "Plans": [{"Node Type": "Seq Scan", "Parent Relationship": "Outer", "Relation Name": "lineitem", "Alias": "lineitem", "Startup Cost": 0.0, "Total Cost": 2165082.91, "Plan Rows": 14835209, "Plan Width": 24, "Filter": "(l_returnflag = 'R'::bpchar), (LLVM Optimized)"}, {"Node Type": "Hash", "Parent Relationship": "Inner", "Startup Cost": 299784.84, "Total Cost": 299784.84, "Plan Rows": 575746, "Plan Width": 16, "Plans": [{"Node Type": "Bitmap Heap Scan", "Parent Relationship": "Outer", "Relation Name": "orders", "Alias": "orders", "Startup Cost": 14729.65, "Total Cost": 299784.84, "Plan Rows": 575746, "Plan Width": 16, "Recheck Cond": "((o_orderdate >= '1993-08-01 00:00:00'::timestamp(0) without time zone) AND (o_orderdate < '1993-11-01 00:00:00'::timestamp without time zone)), (LLVM Optimized)", "Plans": [{"Node Type": "Bitmap Index Scan", "Parent Relationship": "Outer", "Index Name": "idx_orders_orderdate", "Startup Cost": 0.0, "Total Cost": 14585.71, "Plan Rows": 575746, "Plan Width": 0, "Index Cond": "((o_orderdate >= '1993-08-01 00:00:00'::timestamp(0) without time zone) AND (o_orderdate < '1993-11-01 00:00:00'::timestamp without time zone))"}]}]}]}, {"Node Type": "Hash", "Parent Relationship": "Inner", "Startup Cost": 52126.0, "Total Cost": 52126.0, "Plan Rows": 1500000, "Plan Width": 153, "Plans": [{"Node Type": "Seq Scan", "Parent Relationship": "Outer", "Relation Name": "customer", "Alias": "customer", "Startup Cost": 0.0, "Total Cost": 52126.0, "Plan Rows": 1500000, "Plan Width": 153}]}]}, {"Node Type": "Hash", "Parent Relationship": "Inner", "Startup Cost": 1.25, "Total Cost": 1.25, "Plan Rows": 25, "Plan Width": 30, "Plans": [{"Node Type": "Seq Scan", "Parent Relationship": "Outer", "Relation Name": "nation", "Alias": "nation", "Startup Cost": 0.0, "Total Cost": 1.25, "Plan Rows": 25, "Plan Width": 30}]}]}]}]}]}, "Unique SQL Id": 1604070524, "Planner Runtime": 1}, "explain_analyze_plan": {"Plan": {"Node Type": "Limit", "Startup Cost": 2741876.6, "Total Cost": 2741876.65, "Plan Rows": 20, "Plan Width": 199, "Actual Startup Time": 32366.791, "Actual Total Time": 32366.797, "Actual Rows": 20, "Actual Loops": 1, "Plans": [{"Node Type": "Sort", "Parent Relationship": "Outer", "Startup Cost": 2741876.6, "Total Cost": 2745491.35, "Plan Rows": 20, "Plan Width": 199, "Actual Startup Time": 32366.788, "Actual Total Time": 32366.792, "Actual Rows": 20, "Actual Loops": 1, "Sort Key": ["(sum((lineitem.l_extendedprice * (1::double precision - lineitem.l_discount)))) DESC"], "Sort Method": "top-N heapsort", "Sort Space Used": 35, "Sort Space Type": "Memory", "Plans": [{"Node Type": "Aggregate", "Strategy": "Hashed", "Parent Relationship": "Outer", "Startup Cost": 2688942.8, "Total Cost": 2703401.78, "Plan Rows": 1445898, "Plan Width": 199, "Actual Startup Time": 31978.233, "Actual Total Time": 32230.896, "Actual Rows": 381542, "Actual Loops": 1, "Group By Key": ["customer.c_custkey", "customer.c_name", "customer.c_acctbal", "customer.c_phone", "nation.n_name", "customer.c_address", "customer.c_comment"], "Plans": [{"Node Type": "Hash Join", "Parent Relationship": "Outer", "Join Type": "Inner", "Startup Cost": 377859.22, "Total Cost": 2652795.35, "Plan Rows": 1445898, "Plan Width": 191, "Actual Startup Time": 2668.375, "Actual Total Time": 30150.047, "Actual Rows": 1145969, "Actual Loops": 1, "Inner Unique": true, "Hash Cond": "(customer.c_nationkey = nation.n_nationkey), (LLVM Optimized, Jit Execute)", "Plans": [{"Node Type": "Hash Join", "Parent Relationship": "Outer", "Join Type": "Inner", "Startup Cost": 377857.66, "Total Cost": 2632912.69, "Plan Rows": 1445898, "Plan Width": 169, "Actual Startup Time": 2668.286, "Actual Total Time": 29684.602, "Actual Rows": 1145969, "Actual Loops": 1, "Inner Unique": true, "Hash Cond": "(orders.o_custkey = customer.c_custkey), (LLVM Optimized, Jit Execute)", "Plans": [{"Node Type": "Hash Join", "Parent Relationship": "Outer", "Join Type": "Inner", "Startup Cost": 306981.66, "Total Cost": 2542155.59, "Plan Rows": 1445898, "Plan Width": 24, "Actual Startup Time": 1386.463, "Actual Total Time": 27642.574, "Actual Rows": 1145969, "Actual Loops": 1, "Inner Unique": true, "Hash Cond": "(lineitem.l_orderkey = orders.o_orderkey), (LLVM Optimized, Jit Execute)", "Plans": [{"Node Type": "Seq Scan", "Parent Relationship": "Outer", "Relation Name": "lineitem", "Alias": "lineitem", "Startup Cost": 0.0, "Total Cost": 2165082.91, "Plan Rows": 14835209, "Plan Width": 24, "Actual Startup Time": 0.021, "Actual Total Time": 22090.21, "Actual Rows": 14808183, "Actual Loops": 1, "Filter": "(l_returnflag = 'R'::bpchar), (LLVM Optimized, Jit Execute)", "Rows Removed by Filter": 45177869}, {"Node Type": "Hash", "Parent Relationship": "Inner", "Startup Cost": 299784.84, "Total Cost": 299784.84, "Plan Rows": 575746, "Plan Width": 16, "Actual Startup Time": 1385.671, "Actual Total Time": 1385.671, "Actual Rows": 573635, "Actual Loops": 1, "Hash Buckets": 1048576, "Hash Batches": 1, "Original Hash Batches": 1, "Peak Memory Usage": 26890, "Plans": [{"Node Type": "Bitmap Heap Scan", "Parent Relationship": "Outer", "Relation Name": "orders", "Alias": "orders", "Startup Cost": 14729.65, "Total Cost": 299784.84, "Plan Rows": 575746, "Plan Width": 16, "Actual Startup Time": 280.557, "Actual Total Time": 1156.886, "Actual Rows": 573635, "Actual Loops": 1, "Recheck Cond": "((o_orderdate >= '1993-08-01 00:00:00'::timestamp(0) without time zone) AND (o_orderdate < '1993-11-01 00:00:00'::timestamp without time zone)), (LLVM Optimized, Jit Execute)", "Rows Removed by Index Recheck": 0, "Exact Heap Blocks": 242860, "Lossy Heap Blocks": 242860, "Plans": [{"Node Type": "Bitmap Index Scan", "Parent Relationship": "Outer", "Index Name": "idx_orders_orderdate", "Startup Cost": 0.0, "Total Cost": 14585.71, "Plan Rows": 575746, "Plan Width": 0, "Actual Startup Time": 199.97, "Actual Total Time": 199.97, "Actual Rows": 573635, "Actual Loops": 1, "Index Cond": "((o_orderdate >= '1993-08-01 00:00:00'::timestamp(0) without time zone) AND (o_orderdate < '1993-11-01 00:00:00'::timestamp without time zone))"}]}]}]}, {"Node Type": "Hash", "Parent Relationship": "Inner", "Startup Cost": 52126.0, "Total Cost": 52126.0, "Plan Rows": 1500000, "Plan Width": 153, "Actual Startup Time": 1280.614, "Actual Total Time": 1280.614, "Actual Rows": 1500000, "Actual Loops": 1, "Hash Buckets": 2097152, "Hash Batches": 1, "Original Hash Batches": 1, "Peak Memory Usage": 282695, "Plans": [{"Node Type": "Seq Scan", "Parent Relationship": "Outer", "Relation Name": "customer", "Alias": "customer", "Startup Cost": 0.0, "Total Cost": 52126.0, "Plan Rows": 1500000, "Plan Width": 153, "Actual Startup Time": 0.017, "Actual Total Time": 610.086, "Actual Rows": 1500000, "Actual Loops": 1}]}]}, {"Node Type": "Hash", "Parent Relationship": "Inner", "Startup Cost": 1.25, "Total Cost": 1.25, "Plan Rows": 25, "Plan Width": 30, "Actual Startup Time": 0.042, "Actual Total Time": 0.042, "Actual Rows": 25, "Actual Loops": 1, "Hash Buckets": 32768, "Hash Batches": 1, "Original Hash Batches": 1, "Peak Memory Usage": 2, "Plans": [{"Node Type": "Seq Scan", "Parent Relationship": "Outer", "Relation Name": "nation", "Alias": "nation", "Startup Cost": 0.0, "Total Cost": 1.25, "Plan Rows": 25, "Plan Width": 30, "Actual Startup Time": 0.019, "Actual Total Time": 0.025, "Actual Rows": 25, "Actual Loops": 1}]}]}]}]}]}, "Triggers": [], "Planner Runtime": 1, "Total Runtime": 32378.341, "Unique SQL Id": 1604070524}}, "(16, 39)": {"explain_plan": {"Plan": {"Node Type": "Limit", "Startup Cost": 13443415.76, "Total Cost": 13443415.81, "Plan Rows": 20, "Plan Width": 199, "Plans": [{"Node Type": "Sort", "Parent Relationship": "Outer", "Startup Cost": 13443415.76, "Total Cost": 13447030.51, "Plan Rows": 20, "Plan Width": 199, "Sort Key": ["(sum((lineitem.l_extendedprice * (1::double precision - lineitem.l_discount)))) DESC"], "Plans": [{"Node Type": "Aggregate", "Strategy": "Hashed", "Parent Relationship": "Outer", "Startup Cost": 13390481.96, "Total Cost": 13404940.94, "Plan Rows": 1445898, "Plan Width": 199, "Group By Key": ["customer.c_custkey", "customer.c_name", "customer.c_acctbal", "customer.c_phone", "nation.n_name", "customer.c_address", "customer.c_comment"], "Plans": [{"Node Type": "Nested Loop", "Parent Relationship": "Outer", "Join Type": "Inner", "Startup Cost": 14732.12, "Total Cost": 13354334.51, "Plan Rows": 1445898, "Plan Width": 191, "Inner Unique": false, "Plans": [{"Node Type": "Nested Loop", "Parent Relationship": "Outer", "Join Type": "Inner", "Startup Cost": 14730.2, "Total Cost": 5249597.54, "Plan Rows": 575746, "Plan Width": 183, "Inner Unique": true, "Plans": [{"Node Type": "Nested Loop", "Parent Relationship": "Outer", "Join Type": "Inner", "Startup Cost": 14729.94, "Total Cost": 2785257.65, "Plan Rows": 575746, "Plan Width": 161, "Inner Unique": true, "Plans": [{"Node Type": "Bitmap Heap Scan", "Parent Relationship": "Outer", "Relation Name": "orders", "Alias": "orders", "Startup Cost": 14729.65, "Total Cost": 299784.84, "Plan Rows": 575746, "Plan Width": 16, "Recheck Cond": "((o_orderdate >= '1993-08-01 00:00:00'::timestamp(0) without time zone) AND (o_orderdate < '1993-11-01 00:00:00'::timestamp without time zone)), (LLVM Optimized)", "Plans": [{"Node Type": "Bitmap Index Scan", "Parent Relationship": "Outer", "Index Name": "idx_orders_orderdate", "Startup Cost": 0.0, "Total Cost": 14585.71, "Plan Rows": 575746, "Plan Width": 0, "Index Cond": "((o_orderdate >= '1993-08-01 00:00:00'::timestamp(0) without time zone) AND (o_orderdate < '1993-11-01 00:00:00'::timestamp without time zone))"}]}, {"Node Type": "Bitmap Heap Scan", "Parent Relationship": "Inner", "Relation Name": "customer", "Alias": "customer", "Startup Cost": 0.29, "Total Cost": 4.31, "Plan Rows": 1, "Plan Width": 153, "Recheck Cond": "(c_custkey = orders.o_custkey)", "Plans": [{"Node Type": "Bitmap Index Scan", "Parent Relationship": "Outer", "Index Name": "customer_pkey", "Startup Cost": 0.0, "Total Cost": 0.29, "Plan Rows": 1, "Plan Width": 0, "Index Cond": "(c_custkey = orders.o_custkey)"}]}]}, {"Node Type": "Bitmap Heap Scan", "Parent Relationship": "Inner", "Relation Name": "nation", "Alias": "nation", "Startup Cost": 0.26, "Total Cost": 4.27, "Plan Rows": 1, "Plan Width": 30, "Recheck Cond": "(n_nationkey = customer.c_nationkey)", "Plans": [{"Node Type": "Bitmap Index Scan", "Parent Relationship": "Outer", "Index Name": "nation_pkey", "Startup Cost": 0.0, "Total Cost": 0.26, "Plan Rows": 1, "Plan Width": 0, "Index Cond": "(n_nationkey = customer.c_nationkey)"}]}]}, {"Node Type": "Bitmap Heap Scan", "Parent Relationship": "Inner", "Relation Name": "lineitem", "Alias": "lineitem", "Startup Cost": 1.93, "Total Cost": 14.05, "Plan Rows": 3, "Plan Width": 24, "Recheck Cond": "(l_orderkey = orders.o_orderkey)", "Filter": "(l_returnflag = 'R'::bpchar)", "Plans": [{"Node Type": "Bitmap Index Scan", "Parent Relationship": "Outer", "Index Name": "idx_lineitem_orderkey", "Startup Cost": 0.0, "Total Cost": 1.92, "Plan Rows": 9, "Plan Width": 0, "Index Cond": "(l_orderkey = orders.o_orderkey)"}]}]}]}]}]}, "Unique SQL Id": 1604070524, "Planner Runtime": 0}, "explain_analyze_plan": {"Plan": {"Node Type": "Limit", "Startup Cost": 13443415.76, "Total Cost": 13443415.81, "Plan Rows": 20, "Plan Width": 199, "Actual Startup Time": 17339.241, "Actual Total Time": 17339.252, "Actual Rows": 20, "Actual Loops": 1, "Plans": [{"Node Type": "Sort", "Parent Relationship": "Outer", "Startup Cost": 13443415.76, "Total Cost": 13447030.51, "Plan Rows": 20, "Plan Width": 199, "Actual Startup Time": 17339.239, "Actual Total Time": 17339.248, "Actual Rows": 20, "Actual Loops": 1, "Sort Key": ["(sum((lineitem.l_extendedprice * (1::double precision - lineitem.l_discount)))) DESC"], "Sort Method": "top-N heapsort", "Sort Space Used": 35, "Sort Space Type": "Memory", "Plans": [{"Node Type": "Aggregate", "Strategy": "Hashed", "Parent Relationship": "Outer", "Startup Cost": 13390481.96, "Total Cost": 13404940.94, "Plan Rows": 1445898, "Plan Width": 199, "Actual Startup Time": 16948.804, "Actual Total Time": 17203.575, "Actual Rows": 381542, "Actual Loops": 1, "Group By Key": ["customer.c_custkey", "customer.c_name", "customer.c_acctbal", "customer.c_phone", "nation.n_name", "customer.c_address", "customer.c_comment"], "Plans": [{"Node Type": "Nested Loop", "Parent Relationship": "Outer", "Join Type": "Inner", "Startup Cost": 14732.12, "Total Cost": 13354334.51, "Plan Rows": 1445898, "Plan Width": 191, "Actual Startup Time": 243.383, "Actual Total Time": 14979.756, "Actual Rows": 1145969, "Actual Loops": 1, "Inner Unique": false, "Plans": [{"Node Type": "Nested Loop", "Parent Relationship": "Outer", "Join Type": "Inner", "Startup Cost": 14730.2, "Total Cost": 5249597.54, "Plan Rows": 575746, "Plan Width": 183, "Actual Startup Time": 243.33, "Actual Total Time": 8554.709, "Actual Rows": 573635, "Actual Loops": 1, "Inner Unique": true, "Plans": [{"Node Type": "Nested Loop", "Parent Relationship": "Outer", "Join Type": "Inner", "Startup Cost": 14729.94, "Total Cost": 2785257.65, "Plan Rows": 575746, "Plan Width": 161, "Actual Startup Time": 243.278, "Actual Total Time": 6365.155, "Actual Rows": 573635, "Actual Loops": 1, "Inner Unique": true, "Plans": [{"Node Type": "Bitmap Heap Scan", "Parent Relationship": "Outer", "Relation Name": "orders", "Alias": "orders", "Startup Cost": 14729.65, "Total Cost": 299784.84, "Plan Rows": 575746, "Plan Width": 16, "Actual Startup Time": 243.054, "Actual Total Time": 1186.231, "Actual Rows": 573635, "Actual Loops": 1, "Recheck Cond": "((o_orderdate >= '1993-08-01 00:00:00'::timestamp(0) without time zone) AND (o_orderdate < '1993-11-01 00:00:00'::timestamp without time zone)), (LLVM Optimized, Jit Execute)", "Rows Removed by Index Recheck": 0, "Exact Heap Blocks": 242860, "Lossy Heap Blocks": 242860, "Plans": [{"Node Type": "Bitmap Index Scan", "Parent Relationship": "Outer", "Index Name": "idx_orders_orderdate", "Startup Cost": 0.0, "Total Cost": 14585.71, "Plan Rows": 575746, "Plan Width": 0, "Actual Startup Time": 167.646, "Actual Total Time": 167.646, "Actual Rows": 573635, "Actual Loops": 1, "Index Cond": "((o_orderdate >= '1993-08-01 00:00:00'::timestamp(0) without time zone) AND (o_orderdate < '1993-11-01 00:00:00'::timestamp without time zone))"}]}, {"Node Type": "Bitmap Heap Scan", "Parent Relationship": "Inner", "Relation Name": "customer", "Alias": "customer", "Startup Cost": 0.29, "Total Cost": 4.31, "Plan Rows": 1, "Plan Width": 153, "Actual Startup Time": 4298.917, "Actual Total Time": 4298.917, "Actual Rows": 573635, "Actual Loops": 573635, "Recheck Cond": "(c_custkey = orders.o_custkey)", "Rows Removed by Index Recheck": 0, "Exact Heap Blocks": 573635, "Lossy Heap Blocks": 573635, "Plans": [{"Node Type": "Bitmap Index Scan", "Parent Relationship": "Outer", "Index Name": "customer_pkey", "Startup Cost": 0.0, "Total Cost": 0.29, "Plan Rows": 1, "Plan Width": 0, "Actual Startup Time": 2605.74, "Actual Total Time": 2605.74, "Actual Rows": 573635, "Actual Loops": 573635, "Index Cond": "(c_custkey = orders.o_custkey)"}]}]}, {"Node Type": "Bitmap Heap Scan", "Parent Relationship": "Inner", "Relation Name": "nation", "Alias": "nation", "Startup Cost": 0.26, "Total Cost": 4.27, "Plan Rows": 1, "Plan Width": 30, "Actual Startup Time": 1394.855, "Actual Total Time": 1394.855, "Actual Rows": 573635, "Actual Loops": 573635, "Recheck Cond": "(n_nationkey = customer.c_nationkey)", "Rows Removed by Index Recheck": 0, "Exact Heap Blocks": 573635, "Lossy Heap Blocks": 573635, "Plans": [{"Node Type": "Bitmap Index Scan", "Parent Relationship": "Outer", "Index Name": "nation_pkey", "Startup Cost": 0.0, "Total Cost": 0.26, "Plan Rows": 1, "Plan Width": 0, "Actual Startup Time": 610.88, "Actual Total Time": 610.88, "Actual Rows": 573635, "Actual Loops": 573635, "Index Cond": "(n_nationkey = customer.c_nationkey)"}]}]}, {"Node Type": "Bitmap Heap Scan", "Parent Relationship": "Inner", "Relation Name": "lineitem", "Alias": "lineitem", "Startup Cost": 1.93, "Total Cost": 14.05, "Plan Rows": 3, "Plan Width": 24, "Actual Startup Time": 4948.946, "Actual Total Time": 5481.054, "Actual Rows": 1145969, "Actual Loops": 573635, "Recheck Cond": "(l_orderkey = orders.o_orderkey)", "Rows Removed by Index Recheck": 0, "Filter": "(l_returnflag = 'R'::bpchar)", "Rows Removed by Filter": 1146896, "Exact Heap Blocks": 614400, "Lossy Heap Blocks": 614400, "Plans": [{"Node Type": "Bitmap Index Scan", "Parent Relationship": "Outer", "Index Name": "idx_lineitem_orderkey", "Startup Cost": 0.0, "Total Cost": 1.92, "Plan Rows": 9, "Plan Width": 0, "Actual Startup Time": 2525.585, "Actual Total Time": 2525.585, "Actual Rows": 2292865, "Actual Loops": 573635, "Index Cond": "(l_orderkey = orders.o_orderkey)"}]}]}]}]}]}, "Triggers": [], "Planner Runtime": 1, "Total Runtime": 17349.86, "Unique SQL Id": 1604070524}}, "(16, 40)": {"explain_plan": {"Plan": {"Node Type": "Limit", "Startup Cost": 2943502.95, "Total Cost": 2943503.0, "Plan Rows": 20, "Plan Width": 199, "Plans": [{"Node Type": "Sort", "Parent Relationship": "Outer", "Startup Cost": 2943502.95, "Total Cost": 2947117.69, "Plan Rows": 20, "Plan Width": 199, "Sort Key": ["(sum((lineitem.l_extendedprice * (1::double precision - lineitem.l_discount)))) DESC"], "Plans": [{"Node Type": "Aggregate", "Strategy": "Hashed", "Parent Relationship": "Outer", "Startup Cost": 2890569.14, "Total Cost": 2905028.12, "Plan Rows": 1445898, "Plan Width": 199, "Group By Key": ["customer.c_custkey", "customer.c_name", "customer.c_acctbal", "customer.c_phone", "nation.n_name", "customer.c_address", "customer.c_comment"], "Plans": [{"Node Type": "Hash Join", "Parent Relationship": "Outer", "Join Type": "Inner", "Startup Cost": 579485.57, "Total Cost": 2854421.69, "Plan Rows": 1445898, "Plan Width": 191, "Inner Unique": true, "Hash Cond": "(customer.c_nationkey = nation.n_nationkey), (LLVM Optimized)", "Plans": [{"Node Type": "Hash Join", "Parent Relationship": "Outer", "Join Type": "Inner", "Startup Cost": 579484.01, "Total Cost": 2834539.03, "Plan Rows": 1445898, "Plan Width": 169, "Inner Unique": true, "Hash Cond": "(orders.o_custkey = customer.c_custkey), (LLVM Optimized)", "Plans": [{"Node Type": "Hash Join", "Parent Relationship": "Outer", "Join Type": "Inner", "Startup Cost": 508608.01, "Total Cost": 2743781.94, "Plan Rows": 1445898, "Plan Width": 24, "Inner Unique": true, "Hash Cond": "(lineitem.l_orderkey = orders.o_orderkey), (LLVM Optimized)", "Plans": [{"Node Type": "Seq Scan", "Parent Relationship": "Outer", "Relation Name": "lineitem", "Alias": "lineitem", "Startup Cost": 0.0, "Total Cost": 2165082.91, "Plan Rows": 14835209, "Plan Width": 24, "Filter": "(l_returnflag = 'R'::bpchar), (LLVM Optimized)"}, {"Node Type": "Hash", "Parent Relationship": "Inner", "Startup Cost": 501411.18, "Total Cost": 501411.18, "Plan Rows": 575746, "Plan Width": 16, "Plans": [{"Node Type": "Seq Scan", "Parent Relationship": "Outer", "Relation Name": "orders", "Alias": "orders", "Startup Cost": 585.62, "Total Cost": 501411.18, "Plan Rows": 575746, "Plan Width": 16, "Filter": "((o_orderdate >= '1993-08-01 00:00:00'::timestamp(0) without time zone) AND (o_orderdate < '1993-11-01 00:00:00'::timestamp without time zone)), (LLVM Optimized)"}]}]}, {"Node Type": "Hash", "Parent Relationship": "Inner", "Startup Cost": 52126.0, "Total Cost": 52126.0, "Plan Rows": 1500000, "Plan Width": 153, "Plans": [{"Node Type": "Seq Scan", "Parent Relationship": "Outer", "Relation Name": "customer", "Alias": "customer", "Startup Cost": 0.0, "Total Cost": 52126.0, "Plan Rows": 1500000, "Plan Width": 153}]}]}, {"Node Type": "Hash", "Parent Relationship": "Inner", "Startup Cost": 1.25, "Total Cost": 1.25, "Plan Rows": 25, "Plan Width": 30, "Plans": [{"Node Type": "Seq Scan", "Parent Relationship": "Outer", "Relation Name": "nation", "Alias": "nation", "Startup Cost": 0.0, "Total Cost": 1.25, "Plan Rows": 25, "Plan Width": 30}]}]}]}]}]}, "Unique SQL Id": 1604070524, "Planner Runtime": 1}, "explain_analyze_plan": {"Plan": {"Node Type": "Limit", "Startup Cost": 2943502.95, "Total Cost": 2943503.0, "Plan Rows": 20, "Plan Width": 199, "Actual Startup Time": 36445.204, "Actual Total Time": 36445.212, "Actual Rows": 20, "Actual Loops": 1, "Plans": [{"Node Type": "Sort", "Parent Relationship": "Outer", "Startup Cost": 2943502.95, "Total Cost": 2947117.69, "Plan Rows": 20, "Plan Width": 199, "Actual Startup Time": 36445.202, "Actual Total Time": 36445.207, "Actual Rows": 20, "Actual Loops": 1, "Sort Key": ["(sum((lineitem.l_extendedprice * (1::double precision - lineitem.l_discount)))) DESC"], "Sort Method": "top-N heapsort", "Sort Space Used": 35, "Sort Space Type": "Memory", "Plans": [{"Node Type": "Aggregate", "Strategy": "Hashed", "Parent Relationship": "Outer", "Startup Cost": 2890569.14, "Total Cost": 2905028.12, "Plan Rows": 1445898, "Plan Width": 199, "Actual Startup Time": 36036.211, "Actual Total Time": 36308.683, "Actual Rows": 381542, "Actual Loops": 1, "Group By Key": ["customer.c_custkey", "customer.c_name", "customer.c_acctbal", "customer.c_phone", "nation.n_name", "customer.c_address", "customer.c_comment"], "Plans": [{"Node Type": "Hash Join", "Parent Relationship": "Outer", "Join Type": "Inner", "Startup Cost": 579485.57, "Total Cost": 2854421.69, "Plan Rows": 1445898, "Plan Width": 191, "Actual Startup Time": 6903.26, "Actual Total Time": 34227.795, "Actual Rows": 1145969, "Actual Loops": 1, "Inner Unique": true, "Hash Cond": "(customer.c_nationkey = nation.n_nationkey), (LLVM Optimized, Jit Execute)", "Plans": [{"Node Type": "Hash Join", "Parent Relationship": "Outer", "Join Type": "Inner", "Startup Cost": 579484.01, "Total Cost": 2834539.03, "Plan Rows": 1445898, "Plan Width": 169, "Actual Startup Time": 6903.167, "Actual Total Time": 33759.477, "Actual Rows": 1145969, "Actual Loops": 1, "Inner Unique": true, "Hash Cond": "(orders.o_custkey = customer.c_custkey), (LLVM Optimized, Jit Execute)", "Plans": [{"Node Type": "Hash Join", "Parent Relationship": "Outer", "Join Type": "Inner", "Startup Cost": 508608.01, "Total Cost": 2743781.94, "Plan Rows": 1445898, "Plan Width": 24, "Actual Startup Time": 5606.947, "Actual Total Time": 31725.907, "Actual Rows": 1145969, "Actual Loops": 1, "Inner Unique": true, "Hash Cond": "(lineitem.l_orderkey = orders.o_orderkey), (LLVM Optimized, Jit Execute)", "Plans": [{"Node Type": "Seq Scan", "Parent Relationship": "Outer", "Relation Name": "lineitem", "Alias": "lineitem", "Startup Cost": 0.0, "Total Cost": 2165082.91, "Plan Rows": 14835209, "Plan Width": 24, "Actual Startup Time": 0.022, "Actual Total Time": 22103.583, "Actual Rows": 14808183, "Actual Loops": 1, "Filter": "(l_returnflag = 'R'::bpchar), (LLVM Optimized, Jit Execute)", "Rows Removed by Filter": 45177869}, {"Node Type": "Hash", "Parent Relationship": "Inner", "Startup Cost": 501411.18, "Total Cost": 501411.18, "Plan Rows": 575746, "Plan Width": 16, "Actual Startup Time": 5606.149, "Actual Total Time": 5606.149, "Actual Rows": 573635, "Actual Loops": 1, "Hash Buckets": 1048576, "Hash Batches": 1, "Original Hash Batches": 1, "Peak Memory Usage": 26890, "Plans": [{"Node Type": "Seq Scan", "Parent Relationship": "Outer", "Relation Name": "orders", "Alias": "orders", "Startup Cost": 585.62, "Total Cost": 501411.18, "Plan Rows": 575746, "Plan Width": 16, "Actual Startup Time": 0.026, "Actual Total Time": 5367.895, "Actual Rows": 573635, "Actual Loops": 1, "Filter": "((o_orderdate >= '1993-08-01 00:00:00'::timestamp(0) without time zone) AND (o_orderdate < '1993-11-01 00:00:00'::timestamp without time zone)), (LLVM Optimized, Jit Execute)", "Rows Removed by Filter": 14426365}]}]}, {"Node Type": "Hash", "Parent Relationship": "Inner", "Startup Cost": 52126.0, "Total Cost": 52126.0, "Plan Rows": 1500000, "Plan Width": 153, "Actual Startup Time": 1294.912, "Actual Total Time": 1294.912, "Actual Rows": 1500000, "Actual Loops": 1, "Hash Buckets": 2097152, "Hash Batches": 1, "Original Hash Batches": 1, "Peak Memory Usage": 282695, "Plans": [{"Node Type": "Seq Scan", "Parent Relationship": "Outer", "Relation Name": "customer", "Alias": "customer", "Startup Cost": 0.0, "Total Cost": 52126.0, "Plan Rows": 1500000, "Plan Width": 153, "Actual Startup Time": 0.022, "Actual Total Time": 605.911, "Actual Rows": 1500000, "Actual Loops": 1}]}]}, {"Node Type": "Hash", "Parent Relationship": "Inner", "Startup Cost": 1.25, "Total Cost": 1.25, "Plan Rows": 25, "Plan Width": 30, "Actual Startup Time": 0.043, "Actual Total Time": 0.043, "Actual Rows": 25, "Actual Loops": 1, "Hash Buckets": 32768, "Hash Batches": 1, "Original Hash Batches": 1, "Peak Memory Usage": 2, "Plans": [{"Node Type": "Seq Scan", "Parent Relationship": "Outer", "Relation Name": "nation", "Alias": "nation", "Startup Cost": 0.0, "Total Cost": 1.25, "Plan Rows": 25, "Plan Width": 30, "Actual Startup Time": 0.019, "Actual Total Time": 0.025, "Actual Rows": 25, "Actual Loops": 1}]}]}]}]}]}, "Triggers": [], "Planner Runtime": 1, "Total Runtime": 36456.213, "Unique SQL Id": 1604070524}}, "(16, 41)": {"explain_plan": {"Plan": {"Node Type": "Limit", "Startup Cost": 4127035.84, "Total Cost": 4127035.89, "Plan Rows": 20, "Plan Width": 199, "Plans": [{"Node Type": "Sort", "Parent Relationship": "Outer", "Startup Cost": 4127035.84, "Total Cost": 4130650.58, "Plan Rows": 20, "Plan Width": 199, "Sort Key": ["(sum((lineitem.l_extendedprice * (1::double precision - lineitem.l_discount)))) DESC"], "Plans": [{"Node Type": "Aggregate", "Strategy": "Hashed", "Parent Relationship": "Outer", "Startup Cost": 4074102.03, "Total Cost": 4088561.01, "Plan Rows": 1445898, "Plan Width": 199, "Group By Key": ["customer.c_custkey", "customer.c_name", "customer.c_acctbal", "customer.c_phone", "nation.n_name", "customer.c_address", "customer.c_comment"], "Plans": [{"Node Type": "Nested Loop", "Parent Relationship": "Outer", "Join Type": "Inner", "Startup Cost": 99528.29, "Total Cost": 4037954.58, "Plan Rows": 1445898, "Plan Width": 191, "Inner Unique": false, "Plans": [{"Node Type": "Hash Join", "Parent Relationship": "Outer", "Join Type": "Inner", "Startup Cost": 99528.29, "Total Cost": 921337.14, "Plan Rows": 575746, "Plan Width": 183, "Inner Unique": true, "Hash Cond": "(customer.c_nationkey = nation.n_nationkey), (LLVM Optimized)", "Plans": [{"Node Type": "Hash Join", "Parent Relationship": "Outer", "Join Type": "Inner", "Startup Cost": 99515.36, "Total Cost": 913407.69, "Plan Rows": 575746, "Plan Width": 161, "Inner Unique": true, "Hash Cond": "(orders.o_custkey = customer.c_custkey), (LLVM Optimized)", "Plans": [{"Node Type": "Index Scan", "Parent Relationship": "Outer", "Scan Direction": "Forward", "Index Name": "orders_pkey", "Relation Name": "orders", "Alias": "orders", "Startup Cost": 0.0, "Total Cost": 805975.83, "Plan Rows": 575746, "Plan Width": 16, "Filter": "((o_orderdate >= '1993-08-01 00:00:00'::timestamp(0) without time zone) AND (o_orderdate < '1993-11-01 00:00:00'::timestamp without time zone)), (LLVM Optimized)"}, {"Node Type": "Hash", "Parent Relationship": "Inner", "Startup Cost": 80765.36, "Total Cost": 80765.36, "Plan Rows": 1500000, "Plan Width": 153, "Plans": [{"Node Type": "Index Scan", "Parent Relationship": "Outer", "Scan Direction": "Forward", "Index Name": "customer_pkey", "Relation Name": "customer", "Alias": "customer", "Startup Cost": 0.0, "Total Cost": 80765.36, "Plan Rows": 1500000, "Plan Width": 153}]}]}, {"Node Type": "Hash", "Parent Relationship": "Inner", "Startup Cost": 12.62, "Total Cost": 12.62, "Plan Rows": 25, "Plan Width": 30, "Plans": [{"Node Type": "Index Scan", "Parent Relationship": "Outer", "Scan Direction": "Forward", "Index Name": "nation_pkey", "Relation Name": "nation", "Alias": "nation", "Startup Cost": 0.0, "Total Cost": 12.62, "Plan Rows": 25, "Plan Width": 30}]}]}, {"Node Type": "Index Scan", "Parent Relationship": "Inner", "Scan Direction": "Forward", "Index Name": "idx_lineitem_orderkey", "Relation Name": "lineitem", "Alias": "lineitem", "Startup Cost": 0.0, "Total Cost": 5.38, "Plan Rows": 3, "Plan Width": 24, "Index Cond": "(l_orderkey = orders.o_orderkey)", "Filter": "(l_returnflag = 'R'::bpchar)"}]}]}]}]}, "Unique SQL Id": 1604070524, "Planner Runtime": 1}, "explain_analyze_plan": {"Plan": {"Node Type": "Limit", "Startup Cost": 4127035.84, "Total Cost": 4127035.89, "Plan Rows": 20, "Plan Width": 199, "Actual Startup Time": 22102.896, "Actual Total Time": 22102.901, "Actual Rows": 20, "Actual Loops": 1, "Plans": [{"Node Type": "Sort", "Parent Relationship": "Outer", "Startup Cost": 4127035.84, "Total Cost": 4130650.58, "Plan Rows": 20, "Plan Width": 199, "Actual Startup Time": 22102.892, "Actual Total Time": 22102.894, "Actual Rows": 20, "Actual Loops": 1, "Sort Key": ["(sum((lineitem.l_extendedprice * (1::double precision - lineitem.l_discount)))) DESC"], "Sort Method": "top-N heapsort", "Sort Space Used": 35, "Sort Space Type": "Memory", "Plans": [{"Node Type": "Aggregate", "Strategy": "Hashed", "Parent Relationship": "Outer", "Startup Cost": 4074102.03, "Total Cost": 4088561.01, "Plan Rows": 1445898, "Plan Width": 199, "Actual Startup Time": 21697.408, "Actual Total Time": 21966.438, "Actual Rows": 381542, "Actual Loops": 1, "Group By Key": ["customer.c_custkey", "customer.c_name", "customer.c_acctbal", "customer.c_phone", "nation.n_name", "customer.c_address", "customer.c_comment"], "Plans": [{"Node Type": "Nested Loop", "Parent Relationship": "Outer", "Join Type": "Inner", "Startup Cost": 99528.29, "Total Cost": 4037954.58, "Plan Rows": 1445898, "Plan Width": 191, "Actual Startup Time": 1763.635, "Actual Total Time": 19843.764, "Actual Rows": 1145969, "Actual Loops": 1, "Inner Unique": false, "Plans": [{"Node Type": "Hash Join", "Parent Relationship": "Outer", "Join Type": "Inner", "Startup Cost": 99528.29, "Total Cost": 921337.14, "Plan Rows": 575746, "Plan Width": 183, "Actual Startup Time": 1763.574, "Actual Total Time": 14035.254, "Actual Rows": 573635, "Actual Loops": 1, "Inner Unique": true, "Hash Cond": "(customer.c_nationkey = nation.n_nationkey), (LLVM Optimized, Jit Execute)", "Plans": [{"Node Type": "Hash Join", "Parent Relationship": "Outer", "Join Type": "Inner", "Startup Cost": 99515.36, "Total Cost": 913407.69, "Plan Rows": 575746, "Plan Width": 161, "Actual Startup Time": 1763.472, "Actual Total Time": 13780.974, "Actual Rows": 573635, "Actual Loops": 1, "Inner Unique": true, "Hash Cond": "(orders.o_custkey = customer.c_custkey), (LLVM Optimized, Jit Execute)", "Plans": [{"Node Type": "Index Scan", "Parent Relationship": "Outer", "Scan Direction": "Forward", "Index Name": "orders_pkey", "Relation Name": "orders", "Alias": "orders", "Startup Cost": 0.0, "Total Cost": 805975.83, "Plan Rows": 575746, "Plan Width": 16, "Actual Startup Time": 0.034, "Actual Total Time": 11438.885, "Actual Rows": 573635, "Actual Loops": 1, "Filter": "((o_orderdate >= '1993-08-01 00:00:00'::timestamp(0) without time zone) AND (o_orderdate < '1993-11-01 00:00:00'::timestamp without time zone)), (LLVM Optimized, Jit Execute)", "Rows Removed by Filter": 14426365}, {"Node Type": "Hash", "Parent Relationship": "Inner", "Startup Cost": 80765.36, "Total Cost": 80765.36, "Plan Rows": 1500000, "Plan Width": 153, "Actual Startup Time": 1762.18, "Actual Total Time": 1762.18, "Actual Rows": 1500000, "Actual Loops": 1, "Hash Buckets": 2097152, "Hash Batches": 1, "Original Hash Batches": 1, "Peak Memory Usage": 282695, "Plans": [{"Node Type": "Index Scan", "Parent Relationship": "Outer", "Scan Direction": "Forward", "Index Name": "customer_pkey", "Relation Name": "customer", "Alias": "customer", "Startup Cost": 0.0, "Total Cost": 80765.36, "Plan Rows": 1500000, "Plan Width": 153, "Actual Startup Time": 0.024, "Actual Total Time": 1082.575, "Actual Rows": 1500000, "Actual Loops": 1}]}]}, {"Node Type": "Hash", "Parent Relationship": "Inner", "Startup Cost": 12.62, "Total Cost": 12.62, "Plan Rows": 25, "Plan Width": 30, "Actual Startup Time": 0.053, "Actual Total Time": 0.053, "Actual Rows": 25, "Actual Loops": 1, "Hash Buckets": 32768, "Hash Batches": 1, "Original Hash Batches": 1, "Peak Memory Usage": 2, "Plans": [{"Node Type": "Index Scan", "Parent Relationship": "Outer", "Scan Direction": "Forward", "Index Name": "nation_pkey", "Relation Name": "nation", "Alias": "nation", "Startup Cost": 0.0, "Total Cost": 12.62, "Plan Rows": 25, "Plan Width": 30, "Actual Startup Time": 0.021, "Actual Total Time": 0.038, "Actual Rows": 25, "Actual Loops": 1}]}]}, {"Node Type": "Index Scan", "Parent Relationship": "Inner", "Scan Direction": "Forward", "Index Name": "idx_lineitem_orderkey", "Relation Name": "lineitem", "Alias": "lineitem", "Startup Cost": 0.0, "Total Cost": 5.38, "Plan Rows": 3, "Plan Width": 24, "Actual Startup Time": 3961.05, "Actual Total Time": 5170.281, "Actual Rows": 1145969, "Actual Loops": 573635, "Index Cond": "(l_orderkey = orders.o_orderkey)", "Rows Removed by Index Recheck": 0, "Filter": "(l_returnflag = 'R'::bpchar)", "Rows Removed by Filter": 1146896}]}]}]}]}, "Triggers": [], "Planner Runtime": 1, "Total Runtime": 22113.511, "Unique SQL Id": 1604070524}}, "(16, 42)": {"explain_plan": {"Plan": {"Node Type": "Limit", "Startup Cost": 2943502.95, "Total Cost": 2943503.0, "Plan Rows": 20, "Plan Width": 199, "Plans": [{"Node Type": "Sort", "Parent Relationship": "Outer", "Startup Cost": 2943502.95, "Total Cost": 2947117.69, "Plan Rows": 20, "Plan Width": 199, "Sort Key": ["(sum((lineitem.l_extendedprice * (1::double precision - lineitem.l_discount)))) DESC"], "Plans": [{"Node Type": "Aggregate", "Strategy": "Hashed", "Parent Relationship": "Outer", "Startup Cost": 2890569.14, "Total Cost": 2905028.12, "Plan Rows": 1445898, "Plan Width": 199, "Group By Key": ["customer.c_custkey", "customer.c_name", "customer.c_acctbal", "customer.c_phone", "nation.n_name", "customer.c_address", "customer.c_comment"], "Plans": [{"Node Type": "Hash Join", "Parent Relationship": "Outer", "Join Type": "Inner", "Startup Cost": 579485.57, "Total Cost": 2854421.69, "Plan Rows": 1445898, "Plan Width": 191, "Inner Unique": true, "Hash Cond": "(customer.c_nationkey = nation.n_nationkey), (LLVM Optimized)", "Plans": [{"Node Type": "Hash Join", "Parent Relationship": "Outer", "Join Type": "Inner", "Startup Cost": 579484.01, "Total Cost": 2834539.03, "Plan Rows": 1445898, "Plan Width": 169, "Inner Unique": true, "Hash Cond": "(orders.o_custkey = customer.c_custkey), (LLVM Optimized)", "Plans": [{"Node Type": "Hash Join", "Parent Relationship": "Outer", "Join Type": "Inner", "Startup Cost": 508608.01, "Total Cost": 2743781.94, "Plan Rows": 1445898, "Plan Width": 24, "Inner Unique": true, "Hash Cond": "(lineitem.l_orderkey = orders.o_orderkey), (LLVM Optimized)", "Plans": [{"Node Type": "Seq Scan", "Parent Relationship": "Outer", "Relation Name": "lineitem", "Alias": "lineitem", "Startup Cost": 0.0, "Total Cost": 2165082.91, "Plan Rows": 14835209, "Plan Width": 24, "Filter": "(l_returnflag = 'R'::bpchar), (LLVM Optimized)"}, {"Node Type": "Hash", "Parent Relationship": "Inner", "Startup Cost": 501411.18, "Total Cost": 501411.18, "Plan Rows": 575746, "Plan Width": 16, "Plans": [{"Node Type": "Seq Scan", "Parent Relationship": "Outer", "Relation Name": "orders", "Alias": "orders", "Startup Cost": 585.62, "Total Cost": 501411.18, "Plan Rows": 575746, "Plan Width": 16, "Filter": "((o_orderdate >= '1993-08-01 00:00:00'::timestamp(0) without time zone) AND (o_orderdate < '1993-11-01 00:00:00'::timestamp without time zone)), (LLVM Optimized)"}]}]}, {"Node Type": "Hash", "Parent Relationship": "Inner", "Startup Cost": 52126.0, "Total Cost": 52126.0, "Plan Rows": 1500000, "Plan Width": 153, "Plans": [{"Node Type": "Seq Scan", "Parent Relationship": "Outer", "Relation Name": "customer", "Alias": "customer", "Startup Cost": 0.0, "Total Cost": 52126.0, "Plan Rows": 1500000, "Plan Width": 153}]}]}, {"Node Type": "Hash", "Parent Relationship": "Inner", "Startup Cost": 1.25, "Total Cost": 1.25, "Plan Rows": 25, "Plan Width": 30, "Plans": [{"Node Type": "Seq Scan", "Parent Relationship": "Outer", "Relation Name": "nation", "Alias": "nation", "Startup Cost": 0.0, "Total Cost": 1.25, "Plan Rows": 25, "Plan Width": 30}]}]}]}]}]}, "Unique SQL Id": 1604070524, "Planner Runtime": 1}, "explain_analyze_plan": {"Plan": {"Node Type": "Limit", "Startup Cost": 2943502.95, "Total Cost": 2943503.0, "Plan Rows": 20, "Plan Width": 199, "Actual Startup Time": 36445.204, "Actual Total Time": 36445.212, "Actual Rows": 20, "Actual Loops": 1, "Plans": [{"Node Type": "Sort", "Parent Relationship": "Outer", "Startup Cost": 2943502.95, "Total Cost": 2947117.69, "Plan Rows": 20, "Plan Width": 199, "Actual Startup Time": 36445.202, "Actual Total Time": 36445.207, "Actual Rows": 20, "Actual Loops": 1, "Sort Key": ["(sum((lineitem.l_extendedprice * (1::double precision - lineitem.l_discount)))) DESC"], "Sort Method": "top-N heapsort", "Sort Space Used": 35, "Sort Space Type": "Memory", "Plans": [{"Node Type": "Aggregate", "Strategy": "Hashed", "Parent Relationship": "Outer", "Startup Cost": 2890569.14, "Total Cost": 2905028.12, "Plan Rows": 1445898, "Plan Width": 199, "Actual Startup Time": 36036.211, "Actual Total Time": 36308.683, "Actual Rows": 381542, "Actual Loops": 1, "Group By Key": ["customer.c_custkey", "customer.c_name", "customer.c_acctbal", "customer.c_phone", "nation.n_name", "customer.c_address", "customer.c_comment"], "Plans": [{"Node Type": "Hash Join", "Parent Relationship": "Outer", "Join Type": "Inner", "Startup Cost": 579485.57, "Total Cost": 2854421.69, "Plan Rows": 1445898, "Plan Width": 191, "Actual Startup Time": 6903.26, "Actual Total Time": 34227.795, "Actual Rows": 1145969, "Actual Loops": 1, "Inner Unique": true, "Hash Cond": "(customer.c_nationkey = nation.n_nationkey), (LLVM Optimized, Jit Execute)", "Plans": [{"Node Type": "Hash Join", "Parent Relationship": "Outer", "Join Type": "Inner", "Startup Cost": 579484.01, "Total Cost": 2834539.03, "Plan Rows": 1445898, "Plan Width": 169, "Actual Startup Time": 6903.167, "Actual Total Time": 33759.477, "Actual Rows": 1145969, "Actual Loops": 1, "Inner Unique": true, "Hash Cond": "(orders.o_custkey = customer.c_custkey), (LLVM Optimized, Jit Execute)", "Plans": [{"Node Type": "Hash Join", "Parent Relationship": "Outer", "Join Type": "Inner", "Startup Cost": 508608.01, "Total Cost": 2743781.94, "Plan Rows": 1445898, "Plan Width": 24, "Actual Startup Time": 5606.947, "Actual Total Time": 31725.907, "Actual Rows": 1145969, "Actual Loops": 1, "Inner Unique": true, "Hash Cond": "(lineitem.l_orderkey = orders.o_orderkey), (LLVM Optimized, Jit Execute)", "Plans": [{"Node Type": "Seq Scan", "Parent Relationship": "Outer", "Relation Name": "lineitem", "Alias": "lineitem", "Startup Cost": 0.0, "Total Cost": 2165082.91, "Plan Rows": 14835209, "Plan Width": 24, "Actual Startup Time": 0.022, "Actual Total Time": 22103.583, "Actual Rows": 14808183, "Actual Loops": 1, "Filter": "(l_returnflag = 'R'::bpchar), (LLVM Optimized, Jit Execute)", "Rows Removed by Filter": 45177869}, {"Node Type": "Hash", "Parent Relationship": "Inner", "Startup Cost": 501411.18, "Total Cost": 501411.18, "Plan Rows": 575746, "Plan Width": 16, "Actual Startup Time": 5606.149, "Actual Total Time": 5606.149, "Actual Rows": 573635, "Actual Loops": 1, "Hash Buckets": 1048576, "Hash Batches": 1, "Original Hash Batches": 1, "Peak Memory Usage": 26890, "Plans": [{"Node Type": "Seq Scan", "Parent Relationship": "Outer", "Relation Name": "orders", "Alias": "orders", "Startup Cost": 585.62, "Total Cost": 501411.18, "Plan Rows": 575746, "Plan Width": 16, "Actual Startup Time": 0.026, "Actual Total Time": 5367.895, "Actual Rows": 573635, "Actual Loops": 1, "Filter": "((o_orderdate >= '1993-08-01 00:00:00'::timestamp(0) without time zone) AND (o_orderdate < '1993-11-01 00:00:00'::timestamp without time zone)), (LLVM Optimized, Jit Execute)", "Rows Removed by Filter": 14426365}]}]}, {"Node Type": "Hash", "Parent Relationship": "Inner", "Startup Cost": 52126.0, "Total Cost": 52126.0, "Plan Rows": 1500000, "Plan Width": 153, "Actual Startup Time": 1294.912, "Actual Total Time": 1294.912, "Actual Rows": 1500000, "Actual Loops": 1, "Hash Buckets": 2097152, "Hash Batches": 1, "Original Hash Batches": 1, "Peak Memory Usage": 282695, "Plans": [{"Node Type": "Seq Scan", "Parent Relationship": "Outer", "Relation Name": "customer", "Alias": "customer", "Startup Cost": 0.0, "Total Cost": 52126.0, "Plan Rows": 1500000, "Plan Width": 153, "Actual Startup Time": 0.022, "Actual Total Time": 605.911, "Actual Rows": 1500000, "Actual Loops": 1}]}]}, {"Node Type": "Hash", "Parent Relationship": "Inner", "Startup Cost": 1.25, "Total Cost": 1.25, "Plan Rows": 25, "Plan Width": 30, "Actual Startup Time": 0.043, "Actual Total Time": 0.043, "Actual Rows": 25, "Actual Loops": 1, "Hash Buckets": 32768, "Hash Batches": 1, "Original Hash Batches": 1, "Peak Memory Usage": 2, "Plans": [{"Node Type": "Seq Scan", "Parent Relationship": "Outer", "Relation Name": "nation", "Alias": "nation", "Startup Cost": 0.0, "Total Cost": 1.25, "Plan Rows": 25, "Plan Width": 30, "Actual Startup Time": 0.019, "Actual Total Time": 0.025, "Actual Rows": 25, "Actual Loops": 1}]}]}]}]}]}, "Triggers": [], "Planner Runtime": 1, "Total Runtime": 36456.213, "Unique SQL Id": 1604070524}}, "(16, 43)": {"explain_plan": {"Plan": {"Node Type": "Limit", "Startup Cost": 4032961124997.77, "Total Cost": 4032961124997.82, "Plan Rows": 20, "Plan Width": 199, "Plans": [{"Node Type": "Sort", "Parent Relationship": "Outer", "Startup Cost": 4032961124997.77, "Total Cost": 4032961128612.52, "Plan Rows": 20, "Plan Width": 199, "Sort Key": ["(sum((lineitem.l_extendedprice * (1::double precision - lineitem.l_discount)))) DESC"], "Plans": [{"Node Type": "Aggregate", "Strategy": "Hashed", "Parent Relationship": "Outer", "Startup Cost": 4032961072063.97, "Total Cost": 4032961086522.95, "Plan Rows": 1445898, "Plan Width": 199, "Group By Key": ["customer.c_custkey", "customer.c_name", "customer.c_acctbal", "customer.c_phone", "nation.n_name", "customer.c_address", "customer.c_comment"], "Plans": [{"Node Type": "Nested Loop", "Parent Relationship": "Outer", "Join Type": "Inner", "Startup Cost": 1030080604779.82, "Total Cost": 4032961035916.52, "Plan Rows": 1445898, "Plan Width": 191, "Inner Unique": false, "Join Filter": "(customer.c_custkey = orders.o_custkey), (LLVM Optimized)", "Plans": [{"Node Type": "Nested Loop", "Parent Relationship": "Outer", "Join Type": "Inner", "Startup Cost": 20000000000.0, "Total Cost": 2000008640298.18, "Plan Rows": 1500000, "Plan Width": 175, "Inner Unique": true, "Join Filter": "(customer.c_nationkey = nation.n_nationkey), (LLVM Optimized)", "Plans": [{"Node Type": "Index Scan", "Parent Relationship": "Outer", "Scan Direction": "Forward", "Index Name": "customer_pkey", "Relation Name": "customer", "Alias": "customer", "Startup Cost": 10000000000.0, "Total Cost": 1000008076535.62, "Plan Rows": 1500000, "Plan Width": 153}, {"Node Type": "Materialize", "Parent Relationship": "Inner", "Startup Cost": 10000000000.0, "Total Cost": 1000000001262.62, "Plan Rows": 25, "Plan Width": 30, "Plans": [{"Node Type": "Index Scan", "Parent Relationship": "Outer", "Scan Direction": "Forward", "Index Name": "nation_pkey", "Relation Name": "nation", "Alias": "nation", "Startup Cost": 10000000000.0, "Total Cost": 1000000001262.5, "Plan Rows": 25, "Plan Width": 30}]}]}, {"Node Type": "Materialize", "Parent Relationship": "Inner", "Startup Cost": 1010080604779.82, "Total Cost": 2000419694233.08, "Plan Rows": 1445898, "Plan Width": 24, "Plans": [{"Node Type": "Hash Join", "Parent Relationship": "Outer", "Join Type": "Inner", "Startup Cost": 1010080604779.82, "Total Cost": 2000419687003.59, "Plan Rows": 1445898, "Plan Width": 24, "Inner Unique": true, "Hash Cond": "(lineitem.l_orderkey = orders.o_orderkey), (LLVM Optimized)", "Plans": [{"Node Type": "Index Scan", "Parent Relationship": "Outer", "Scan Direction": "Forward", "Index Name": "idx_lineitem_orderkey", "Relation Name": "lineitem", "Alias": "lineitem", "Startup Cost": 10000000000.0, "Total Cost": 1000339012132.75, "Plan Rows": 14835209, "Plan Width": 24, "Filter": "(l_returnflag = 'R'::bpchar), (LLVM Optimized)"}, {"Node Type": "Hash", "Parent Relationship": "Inner", "Startup Cost": 1000080597583.0, "Total Cost": 1000080597583.0, "Plan Rows": 575746, "Plan Width": 16, "Plans": [{"Node Type": "Index Scan", "Parent Relationship": "Outer", "Scan Direction": "Forward", "Index Name": "orders_pkey", "Relation Name": "orders", "Alias": "orders", "Startup Cost": 10000000000.0, "Total Cost": 1000080597583.0, "Plan Rows": 575746, "Plan Width": 16, "Filter": "((o_orderdate >= '1993-08-01 00:00:00'::timestamp(0) without time zone) AND (o_orderdate < '1993-11-01 00:00:00'::timestamp without time zone)), (LLVM Optimized)"}]}]}]}]}]}]}]}, "Unique SQL Id": 1604070524, "Planner Runtime": 1}, "explain_analyze_plan": null}, "(16, 44)": {"explain_plan": {"Plan": {"Node Type": "Limit", "Startup Cost": 2943502.95, "Total Cost": 2943503.0, "Plan Rows": 20, "Plan Width": 199, "Plans": [{"Node Type": "Sort", "Parent Relationship": "Outer", "Startup Cost": 2943502.95, "Total Cost": 2947117.69, "Plan Rows": 20, "Plan Width": 199, "Sort Key": ["(sum((lineitem.l_extendedprice * (1::double precision - lineitem.l_discount)))) DESC"], "Plans": [{"Node Type": "Aggregate", "Strategy": "Hashed", "Parent Relationship": "Outer", "Startup Cost": 2890569.14, "Total Cost": 2905028.12, "Plan Rows": 1445898, "Plan Width": 199, "Group By Key": ["customer.c_custkey", "customer.c_name", "customer.c_acctbal", "customer.c_phone", "nation.n_name", "customer.c_address", "customer.c_comment"], "Plans": [{"Node Type": "Hash Join", "Parent Relationship": "Outer", "Join Type": "Inner", "Startup Cost": 579485.57, "Total Cost": 2854421.69, "Plan Rows": 1445898, "Plan Width": 191, "Inner Unique": true, "Hash Cond": "(customer.c_nationkey = nation.n_nationkey), (LLVM Optimized)", "Plans": [{"Node Type": "Hash Join", "Parent Relationship": "Outer", "Join Type": "Inner", "Startup Cost": 579484.01, "Total Cost": 2834539.03, "Plan Rows": 1445898, "Plan Width": 169, "Inner Unique": true, "Hash Cond": "(orders.o_custkey = customer.c_custkey), (LLVM Optimized)", "Plans": [{"Node Type": "Hash Join", "Parent Relationship": "Outer", "Join Type": "Inner", "Startup Cost": 508608.01, "Total Cost": 2743781.94, "Plan Rows": 1445898, "Plan Width": 24, "Inner Unique": true, "Hash Cond": "(lineitem.l_orderkey = orders.o_orderkey), (LLVM Optimized)", "Plans": [{"Node Type": "Seq Scan", "Parent Relationship": "Outer", "Relation Name": "lineitem", "Alias": "lineitem", "Startup Cost": 0.0, "Total Cost": 2165082.91, "Plan Rows": 14835209, "Plan Width": 24, "Filter": "(l_returnflag = 'R'::bpchar), (LLVM Optimized)"}, {"Node Type": "Hash", "Parent Relationship": "Inner", "Startup Cost": 501411.18, "Total Cost": 501411.18, "Plan Rows": 575746, "Plan Width": 16, "Plans": [{"Node Type": "Seq Scan", "Parent Relationship": "Outer", "Relation Name": "orders", "Alias": "orders", "Startup Cost": 585.62, "Total Cost": 501411.18, "Plan Rows": 575746, "Plan Width": 16, "Filter": "((o_orderdate >= '1993-08-01 00:00:00'::timestamp(0) without time zone) AND (o_orderdate < '1993-11-01 00:00:00'::timestamp without time zone)), (LLVM Optimized)"}]}]}, {"Node Type": "Hash", "Parent Relationship": "Inner", "Startup Cost": 52126.0, "Total Cost": 52126.0, "Plan Rows": 1500000, "Plan Width": 153, "Plans": [{"Node Type": "Seq Scan", "Parent Relationship": "Outer", "Relation Name": "customer", "Alias": "customer", "Startup Cost": 0.0, "Total Cost": 52126.0, "Plan Rows": 1500000, "Plan Width": 153}]}]}, {"Node Type": "Hash", "Parent Relationship": "Inner", "Startup Cost": 1.25, "Total Cost": 1.25, "Plan Rows": 25, "Plan Width": 30, "Plans": [{"Node Type": "Seq Scan", "Parent Relationship": "Outer", "Relation Name": "nation", "Alias": "nation", "Startup Cost": 0.0, "Total Cost": 1.25, "Plan Rows": 25, "Plan Width": 30}]}]}]}]}]}, "Unique SQL Id": 1604070524, "Planner Runtime": 1}, "explain_analyze_plan": {"Plan": {"Node Type": "Limit", "Startup Cost": 2943502.95, "Total Cost": 2943503.0, "Plan Rows": 20, "Plan Width": 199, "Actual Startup Time": 36445.204, "Actual Total Time": 36445.212, "Actual Rows": 20, "Actual Loops": 1, "Plans": [{"Node Type": "Sort", "Parent Relationship": "Outer", "Startup Cost": 2943502.95, "Total Cost": 2947117.69, "Plan Rows": 20, "Plan Width": 199, "Actual Startup Time": 36445.202, "Actual Total Time": 36445.207, "Actual Rows": 20, "Actual Loops": 1, "Sort Key": ["(sum((lineitem.l_extendedprice * (1::double precision - lineitem.l_discount)))) DESC"], "Sort Method": "top-N heapsort", "Sort Space Used": 35, "Sort Space Type": "Memory", "Plans": [{"Node Type": "Aggregate", "Strategy": "Hashed", "Parent Relationship": "Outer", "Startup Cost": 2890569.14, "Total Cost": 2905028.12, "Plan Rows": 1445898, "Plan Width": 199, "Actual Startup Time": 36036.211, "Actual Total Time": 36308.683, "Actual Rows": 381542, "Actual Loops": 1, "Group By Key": ["customer.c_custkey", "customer.c_name", "customer.c_acctbal", "customer.c_phone", "nation.n_name", "customer.c_address", "customer.c_comment"], "Plans": [{"Node Type": "Hash Join", "Parent Relationship": "Outer", "Join Type": "Inner", "Startup Cost": 579485.57, "Total Cost": 2854421.69, "Plan Rows": 1445898, "Plan Width": 191, "Actual Startup Time": 6903.26, "Actual Total Time": 34227.795, "Actual Rows": 1145969, "Actual Loops": 1, "Inner Unique": true, "Hash Cond": "(customer.c_nationkey = nation.n_nationkey), (LLVM Optimized, Jit Execute)", "Plans": [{"Node Type": "Hash Join", "Parent Relationship": "Outer", "Join Type": "Inner", "Startup Cost": 579484.01, "Total Cost": 2834539.03, "Plan Rows": 1445898, "Plan Width": 169, "Actual Startup Time": 6903.167, "Actual Total Time": 33759.477, "Actual Rows": 1145969, "Actual Loops": 1, "Inner Unique": true, "Hash Cond": "(orders.o_custkey = customer.c_custkey), (LLVM Optimized, Jit Execute)", "Plans": [{"Node Type": "Hash Join", "Parent Relationship": "Outer", "Join Type": "Inner", "Startup Cost": 508608.01, "Total Cost": 2743781.94, "Plan Rows": 1445898, "Plan Width": 24, "Actual Startup Time": 5606.947, "Actual Total Time": 31725.907, "Actual Rows": 1145969, "Actual Loops": 1, "Inner Unique": true, "Hash Cond": "(lineitem.l_orderkey = orders.o_orderkey), (LLVM Optimized, Jit Execute)", "Plans": [{"Node Type": "Seq Scan", "Parent Relationship": "Outer", "Relation Name": "lineitem", "Alias": "lineitem", "Startup Cost": 0.0, "Total Cost": 2165082.91, "Plan Rows": 14835209, "Plan Width": 24, "Actual Startup Time": 0.022, "Actual Total Time": 22103.583, "Actual Rows": 14808183, "Actual Loops": 1, "Filter": "(l_returnflag = 'R'::bpchar), (LLVM Optimized, Jit Execute)", "Rows Removed by Filter": 45177869}, {"Node Type": "Hash", "Parent Relationship": "Inner", "Startup Cost": 501411.18, "Total Cost": 501411.18, "Plan Rows": 575746, "Plan Width": 16, "Actual Startup Time": 5606.149, "Actual Total Time": 5606.149, "Actual Rows": 573635, "Actual Loops": 1, "Hash Buckets": 1048576, "Hash Batches": 1, "Original Hash Batches": 1, "Peak Memory Usage": 26890, "Plans": [{"Node Type": "Seq Scan", "Parent Relationship": "Outer", "Relation Name": "orders", "Alias": "orders", "Startup Cost": 585.62, "Total Cost": 501411.18, "Plan Rows": 575746, "Plan Width": 16, "Actual Startup Time": 0.026, "Actual Total Time": 5367.895, "Actual Rows": 573635, "Actual Loops": 1, "Filter": "((o_orderdate >= '1993-08-01 00:00:00'::timestamp(0) without time zone) AND (o_orderdate < '1993-11-01 00:00:00'::timestamp without time zone)), (LLVM Optimized, Jit Execute)", "Rows Removed by Filter": 14426365}]}]}, {"Node Type": "Hash", "Parent Relationship": "Inner", "Startup Cost": 52126.0, "Total Cost": 52126.0, "Plan Rows": 1500000, "Plan Width": 153, "Actual Startup Time": 1294.912, "Actual Total Time": 1294.912, "Actual Rows": 1500000, "Actual Loops": 1, "Hash Buckets": 2097152, "Hash Batches": 1, "Original Hash Batches": 1, "Peak Memory Usage": 282695, "Plans": [{"Node Type": "Seq Scan", "Parent Relationship": "Outer", "Relation Name": "customer", "Alias": "customer", "Startup Cost": 0.0, "Total Cost": 52126.0, "Plan Rows": 1500000, "Plan Width": 153, "Actual Startup Time": 0.022, "Actual Total Time": 605.911, "Actual Rows": 1500000, "Actual Loops": 1}]}]}, {"Node Type": "Hash", "Parent Relationship": "Inner", "Startup Cost": 1.25, "Total Cost": 1.25, "Plan Rows": 25, "Plan Width": 30, "Actual Startup Time": 0.043, "Actual Total Time": 0.043, "Actual Rows": 25, "Actual Loops": 1, "Hash Buckets": 32768, "Hash Batches": 1, "Original Hash Batches": 1, "Peak Memory Usage": 2, "Plans": [{"Node Type": "Seq Scan", "Parent Relationship": "Outer", "Relation Name": "nation", "Alias": "nation", "Startup Cost": 0.0, "Total Cost": 1.25, "Plan Rows": 25, "Plan Width": 30, "Actual Startup Time": 0.019, "Actual Total Time": 0.025, "Actual Rows": 25, "Actual Loops": 1}]}]}]}]}]}, "Triggers": [], "Planner Runtime": 1, "Total Runtime": 36456.213, "Unique SQL Id": 1604070524}}, "(16, 45)": {"explain_plan": {"Plan": {"Node Type": "Limit", "Startup Cost": 4127035.84, "Total Cost": 4127035.89, "Plan Rows": 20, "Plan Width": 199, "Plans": [{"Node Type": "Sort", "Parent Relationship": "Outer", "Startup Cost": 4127035.84, "Total Cost": 4130650.58, "Plan Rows": 20, "Plan Width": 199, "Sort Key": ["(sum((lineitem.l_extendedprice * (1::double precision - lineitem.l_discount)))) DESC"], "Plans": [{"Node Type": "Aggregate", "Strategy": "Hashed", "Parent Relationship": "Outer", "Startup Cost": 4074102.03, "Total Cost": 4088561.01, "Plan Rows": 1445898, "Plan Width": 199, "Group By Key": ["customer.c_custkey", "customer.c_name", "customer.c_acctbal", "customer.c_phone", "nation.n_name", "customer.c_address", "customer.c_comment"], "Plans": [{"Node Type": "Nested Loop", "Parent Relationship": "Outer", "Join Type": "Inner", "Startup Cost": 99528.29, "Total Cost": 4037954.58, "Plan Rows": 1445898, "Plan Width": 191, "Inner Unique": false, "Plans": [{"Node Type": "Hash Join", "Parent Relationship": "Outer", "Join Type": "Inner", "Startup Cost": 99528.29, "Total Cost": 921337.14, "Plan Rows": 575746, "Plan Width": 183, "Inner Unique": true, "Hash Cond": "(customer.c_nationkey = nation.n_nationkey), (LLVM Optimized)", "Plans": [{"Node Type": "Hash Join", "Parent Relationship": "Outer", "Join Type": "Inner", "Startup Cost": 99515.36, "Total Cost": 913407.69, "Plan Rows": 575746, "Plan Width": 161, "Inner Unique": true, "Hash Cond": "(orders.o_custkey = customer.c_custkey), (LLVM Optimized)", "Plans": [{"Node Type": "Index Scan", "Parent Relationship": "Outer", "Scan Direction": "Forward", "Index Name": "orders_pkey", "Relation Name": "orders", "Alias": "orders", "Startup Cost": 0.0, "Total Cost": 805975.83, "Plan Rows": 575746, "Plan Width": 16, "Filter": "((o_orderdate >= '1993-08-01 00:00:00'::timestamp(0) without time zone) AND (o_orderdate < '1993-11-01 00:00:00'::timestamp without time zone)), (LLVM Optimized)"}, {"Node Type": "Hash", "Parent Relationship": "Inner", "Startup Cost": 80765.36, "Total Cost": 80765.36, "Plan Rows": 1500000, "Plan Width": 153, "Plans": [{"Node Type": "Index Scan", "Parent Relationship": "Outer", "Scan Direction": "Forward", "Index Name": "customer_pkey", "Relation Name": "customer", "Alias": "customer", "Startup Cost": 0.0, "Total Cost": 80765.36, "Plan Rows": 1500000, "Plan Width": 153}]}]}, {"Node Type": "Hash", "Parent Relationship": "Inner", "Startup Cost": 12.62, "Total Cost": 12.62, "Plan Rows": 25, "Plan Width": 30, "Plans": [{"Node Type": "Index Scan", "Parent Relationship": "Outer", "Scan Direction": "Forward", "Index Name": "nation_pkey", "Relation Name": "nation", "Alias": "nation", "Startup Cost": 0.0, "Total Cost": 12.62, "Plan Rows": 25, "Plan Width": 30}]}]}, {"Node Type": "Index Scan", "Parent Relationship": "Inner", "Scan Direction": "Forward", "Index Name": "idx_lineitem_orderkey", "Relation Name": "lineitem", "Alias": "lineitem", "Startup Cost": 0.0, "Total Cost": 5.38, "Plan Rows": 3, "Plan Width": 24, "Index Cond": "(l_orderkey = orders.o_orderkey)", "Filter": "(l_returnflag = 'R'::bpchar)"}]}]}]}]}, "Unique SQL Id": 1604070524, "Planner Runtime": 1}, "explain_analyze_plan": {"Plan": {"Node Type": "Limit", "Startup Cost": 4127035.84, "Total Cost": 4127035.89, "Plan Rows": 20, "Plan Width": 199, "Actual Startup Time": 22102.896, "Actual Total Time": 22102.901, "Actual Rows": 20, "Actual Loops": 1, "Plans": [{"Node Type": "Sort", "Parent Relationship": "Outer", "Startup Cost": 4127035.84, "Total Cost": 4130650.58, "Plan Rows": 20, "Plan Width": 199, "Actual Startup Time": 22102.892, "Actual Total Time": 22102.894, "Actual Rows": 20, "Actual Loops": 1, "Sort Key": ["(sum((lineitem.l_extendedprice * (1::double precision - lineitem.l_discount)))) DESC"], "Sort Method": "top-N heapsort", "Sort Space Used": 35, "Sort Space Type": "Memory", "Plans": [{"Node Type": "Aggregate", "Strategy": "Hashed", "Parent Relationship": "Outer", "Startup Cost": 4074102.03, "Total Cost": 4088561.01, "Plan Rows": 1445898, "Plan Width": 199, "Actual Startup Time": 21697.408, "Actual Total Time": 21966.438, "Actual Rows": 381542, "Actual Loops": 1, "Group By Key": ["customer.c_custkey", "customer.c_name", "customer.c_acctbal", "customer.c_phone", "nation.n_name", "customer.c_address", "customer.c_comment"], "Plans": [{"Node Type": "Nested Loop", "Parent Relationship": "Outer", "Join Type": "Inner", "Startup Cost": 99528.29, "Total Cost": 4037954.58, "Plan Rows": 1445898, "Plan Width": 191, "Actual Startup Time": 1763.635, "Actual Total Time": 19843.764, "Actual Rows": 1145969, "Actual Loops": 1, "Inner Unique": false, "Plans": [{"Node Type": "Hash Join", "Parent Relationship": "Outer", "Join Type": "Inner", "Startup Cost": 99528.29, "Total Cost": 921337.14, "Plan Rows": 575746, "Plan Width": 183, "Actual Startup Time": 1763.574, "Actual Total Time": 14035.254, "Actual Rows": 573635, "Actual Loops": 1, "Inner Unique": true, "Hash Cond": "(customer.c_nationkey = nation.n_nationkey), (LLVM Optimized, Jit Execute)", "Plans": [{"Node Type": "Hash Join", "Parent Relationship": "Outer", "Join Type": "Inner", "Startup Cost": 99515.36, "Total Cost": 913407.69, "Plan Rows": 575746, "Plan Width": 161, "Actual Startup Time": 1763.472, "Actual Total Time": 13780.974, "Actual Rows": 573635, "Actual Loops": 1, "Inner Unique": true, "Hash Cond": "(orders.o_custkey = customer.c_custkey), (LLVM Optimized, Jit Execute)", "Plans": [{"Node Type": "Index Scan", "Parent Relationship": "Outer", "Scan Direction": "Forward", "Index Name": "orders_pkey", "Relation Name": "orders", "Alias": "orders", "Startup Cost": 0.0, "Total Cost": 805975.83, "Plan Rows": 575746, "Plan Width": 16, "Actual Startup Time": 0.034, "Actual Total Time": 11438.885, "Actual Rows": 573635, "Actual Loops": 1, "Filter": "((o_orderdate >= '1993-08-01 00:00:00'::timestamp(0) without time zone) AND (o_orderdate < '1993-11-01 00:00:00'::timestamp without time zone)), (LLVM Optimized, Jit Execute)", "Rows Removed by Filter": 14426365}, {"Node Type": "Hash", "Parent Relationship": "Inner", "Startup Cost": 80765.36, "Total Cost": 80765.36, "Plan Rows": 1500000, "Plan Width": 153, "Actual Startup Time": 1762.18, "Actual Total Time": 1762.18, "Actual Rows": 1500000, "Actual Loops": 1, "Hash Buckets": 2097152, "Hash Batches": 1, "Original Hash Batches": 1, "Peak Memory Usage": 282695, "Plans": [{"Node Type": "Index Scan", "Parent Relationship": "Outer", "Scan Direction": "Forward", "Index Name": "customer_pkey", "Relation Name": "customer", "Alias": "customer", "Startup Cost": 0.0, "Total Cost": 80765.36, "Plan Rows": 1500000, "Plan Width": 153, "Actual Startup Time": 0.024, "Actual Total Time": 1082.575, "Actual Rows": 1500000, "Actual Loops": 1}]}]}, {"Node Type": "Hash", "Parent Relationship": "Inner", "Startup Cost": 12.62, "Total Cost": 12.62, "Plan Rows": 25, "Plan Width": 30, "Actual Startup Time": 0.053, "Actual Total Time": 0.053, "Actual Rows": 25, "Actual Loops": 1, "Hash Buckets": 32768, "Hash Batches": 1, "Original Hash Batches": 1, "Peak Memory Usage": 2, "Plans": [{"Node Type": "Index Scan", "Parent Relationship": "Outer", "Scan Direction": "Forward", "Index Name": "nation_pkey", "Relation Name": "nation", "Alias": "nation", "Startup Cost": 0.0, "Total Cost": 12.62, "Plan Rows": 25, "Plan Width": 30, "Actual Startup Time": 0.021, "Actual Total Time": 0.038, "Actual Rows": 25, "Actual Loops": 1}]}]}, {"Node Type": "Index Scan", "Parent Relationship": "Inner", "Scan Direction": "Forward", "Index Name": "idx_lineitem_orderkey", "Relation Name": "lineitem", "Alias": "lineitem", "Startup Cost": 0.0, "Total Cost": 5.38, "Plan Rows": 3, "Plan Width": 24, "Actual Startup Time": 3961.05, "Actual Total Time": 5170.281, "Actual Rows": 1145969, "Actual Loops": 573635, "Index Cond": "(l_orderkey = orders.o_orderkey)", "Rows Removed by Index Recheck": 0, "Filter": "(l_returnflag = 'R'::bpchar)", "Rows Removed by Filter": 1146896}]}]}]}]}, "Triggers": [], "Planner Runtime": 1, "Total Runtime": 22113.511, "Unique SQL Id": 1604070524}}, "(16, 46)": {"explain_plan": {"Plan": {"Node Type": "Limit", "Startup Cost": 2943502.95, "Total Cost": 2943503.0, "Plan Rows": 20, "Plan Width": 199, "Plans": [{"Node Type": "Sort", "Parent Relationship": "Outer", "Startup Cost": 2943502.95, "Total Cost": 2947117.69, "Plan Rows": 20, "Plan Width": 199, "Sort Key": ["(sum((lineitem.l_extendedprice * (1::double precision - lineitem.l_discount)))) DESC"], "Plans": [{"Node Type": "Aggregate", "Strategy": "Hashed", "Parent Relationship": "Outer", "Startup Cost": 2890569.14, "Total Cost": 2905028.12, "Plan Rows": 1445898, "Plan Width": 199, "Group By Key": ["customer.c_custkey", "customer.c_name", "customer.c_acctbal", "customer.c_phone", "nation.n_name", "customer.c_address", "customer.c_comment"], "Plans": [{"Node Type": "Hash Join", "Parent Relationship": "Outer", "Join Type": "Inner", "Startup Cost": 579485.57, "Total Cost": 2854421.69, "Plan Rows": 1445898, "Plan Width": 191, "Inner Unique": true, "Hash Cond": "(customer.c_nationkey = nation.n_nationkey), (LLVM Optimized)", "Plans": [{"Node Type": "Hash Join", "Parent Relationship": "Outer", "Join Type": "Inner", "Startup Cost": 579484.01, "Total Cost": 2834539.03, "Plan Rows": 1445898, "Plan Width": 169, "Inner Unique": true, "Hash Cond": "(orders.o_custkey = customer.c_custkey), (LLVM Optimized)", "Plans": [{"Node Type": "Hash Join", "Parent Relationship": "Outer", "Join Type": "Inner", "Startup Cost": 508608.01, "Total Cost": 2743781.94, "Plan Rows": 1445898, "Plan Width": 24, "Inner Unique": true, "Hash Cond": "(lineitem.l_orderkey = orders.o_orderkey), (LLVM Optimized)", "Plans": [{"Node Type": "Seq Scan", "Parent Relationship": "Outer", "Relation Name": "lineitem", "Alias": "lineitem", "Startup Cost": 0.0, "Total Cost": 2165082.91, "Plan Rows": 14835209, "Plan Width": 24, "Filter": "(l_returnflag = 'R'::bpchar), (LLVM Optimized)"}, {"Node Type": "Hash", "Parent Relationship": "Inner", "Startup Cost": 501411.18, "Total Cost": 501411.18, "Plan Rows": 575746, "Plan Width": 16, "Plans": [{"Node Type": "Seq Scan", "Parent Relationship": "Outer", "Relation Name": "orders", "Alias": "orders", "Startup Cost": 585.62, "Total Cost": 501411.18, "Plan Rows": 575746, "Plan Width": 16, "Filter": "((o_orderdate >= '1993-08-01 00:00:00'::timestamp(0) without time zone) AND (o_orderdate < '1993-11-01 00:00:00'::timestamp without time zone)), (LLVM Optimized)"}]}]}, {"Node Type": "Hash", "Parent Relationship": "Inner", "Startup Cost": 52126.0, "Total Cost": 52126.0, "Plan Rows": 1500000, "Plan Width": 153, "Plans": [{"Node Type": "Seq Scan", "Parent Relationship": "Outer", "Relation Name": "customer", "Alias": "customer", "Startup Cost": 0.0, "Total Cost": 52126.0, "Plan Rows": 1500000, "Plan Width": 153}]}]}, {"Node Type": "Hash", "Parent Relationship": "Inner", "Startup Cost": 1.25, "Total Cost": 1.25, "Plan Rows": 25, "Plan Width": 30, "Plans": [{"Node Type": "Seq Scan", "Parent Relationship": "Outer", "Relation Name": "nation", "Alias": "nation", "Startup Cost": 0.0, "Total Cost": 1.25, "Plan Rows": 25, "Plan Width": 30}]}]}]}]}]}, "Unique SQL Id": 1604070524, "Planner Runtime": 1}, "explain_analyze_plan": {"Plan": {"Node Type": "Limit", "Startup Cost": 2943502.95, "Total Cost": 2943503.0, "Plan Rows": 20, "Plan Width": 199, "Actual Startup Time": 36445.204, "Actual Total Time": 36445.212, "Actual Rows": 20, "Actual Loops": 1, "Plans": [{"Node Type": "Sort", "Parent Relationship": "Outer", "Startup Cost": 2943502.95, "Total Cost": 2947117.69, "Plan Rows": 20, "Plan Width": 199, "Actual Startup Time": 36445.202, "Actual Total Time": 36445.207, "Actual Rows": 20, "Actual Loops": 1, "Sort Key": ["(sum((lineitem.l_extendedprice * (1::double precision - lineitem.l_discount)))) DESC"], "Sort Method": "top-N heapsort", "Sort Space Used": 35, "Sort Space Type": "Memory", "Plans": [{"Node Type": "Aggregate", "Strategy": "Hashed", "Parent Relationship": "Outer", "Startup Cost": 2890569.14, "Total Cost": 2905028.12, "Plan Rows": 1445898, "Plan Width": 199, "Actual Startup Time": 36036.211, "Actual Total Time": 36308.683, "Actual Rows": 381542, "Actual Loops": 1, "Group By Key": ["customer.c_custkey", "customer.c_name", "customer.c_acctbal", "customer.c_phone", "nation.n_name", "customer.c_address", "customer.c_comment"], "Plans": [{"Node Type": "Hash Join", "Parent Relationship": "Outer", "Join Type": "Inner", "Startup Cost": 579485.57, "Total Cost": 2854421.69, "Plan Rows": 1445898, "Plan Width": 191, "Actual Startup Time": 6903.26, "Actual Total Time": 34227.795, "Actual Rows": 1145969, "Actual Loops": 1, "Inner Unique": true, "Hash Cond": "(customer.c_nationkey = nation.n_nationkey), (LLVM Optimized, Jit Execute)", "Plans": [{"Node Type": "Hash Join", "Parent Relationship": "Outer", "Join Type": "Inner", "Startup Cost": 579484.01, "Total Cost": 2834539.03, "Plan Rows": 1445898, "Plan Width": 169, "Actual Startup Time": 6903.167, "Actual Total Time": 33759.477, "Actual Rows": 1145969, "Actual Loops": 1, "Inner Unique": true, "Hash Cond": "(orders.o_custkey = customer.c_custkey), (LLVM Optimized, Jit Execute)", "Plans": [{"Node Type": "Hash Join", "Parent Relationship": "Outer", "Join Type": "Inner", "Startup Cost": 508608.01, "Total Cost": 2743781.94, "Plan Rows": 1445898, "Plan Width": 24, "Actual Startup Time": 5606.947, "Actual Total Time": 31725.907, "Actual Rows": 1145969, "Actual Loops": 1, "Inner Unique": true, "Hash Cond": "(lineitem.l_orderkey = orders.o_orderkey), (LLVM Optimized, Jit Execute)", "Plans": [{"Node Type": "Seq Scan", "Parent Relationship": "Outer", "Relation Name": "lineitem", "Alias": "lineitem", "Startup Cost": 0.0, "Total Cost": 2165082.91, "Plan Rows": 14835209, "Plan Width": 24, "Actual Startup Time": 0.022, "Actual Total Time": 22103.583, "Actual Rows": 14808183, "Actual Loops": 1, "Filter": "(l_returnflag = 'R'::bpchar), (LLVM Optimized, Jit Execute)", "Rows Removed by Filter": 45177869}, {"Node Type": "Hash", "Parent Relationship": "Inner", "Startup Cost": 501411.18, "Total Cost": 501411.18, "Plan Rows": 575746, "Plan Width": 16, "Actual Startup Time": 5606.149, "Actual Total Time": 5606.149, "Actual Rows": 573635, "Actual Loops": 1, "Hash Buckets": 1048576, "Hash Batches": 1, "Original Hash Batches": 1, "Peak Memory Usage": 26890, "Plans": [{"Node Type": "Seq Scan", "Parent Relationship": "Outer", "Relation Name": "orders", "Alias": "orders", "Startup Cost": 585.62, "Total Cost": 501411.18, "Plan Rows": 575746, "Plan Width": 16, "Actual Startup Time": 0.026, "Actual Total Time": 5367.895, "Actual Rows": 573635, "Actual Loops": 1, "Filter": "((o_orderdate >= '1993-08-01 00:00:00'::timestamp(0) without time zone) AND (o_orderdate < '1993-11-01 00:00:00'::timestamp without time zone)), (LLVM Optimized, Jit Execute)", "Rows Removed by Filter": 14426365}]}]}, {"Node Type": "Hash", "Parent Relationship": "Inner", "Startup Cost": 52126.0, "Total Cost": 52126.0, "Plan Rows": 1500000, "Plan Width": 153, "Actual Startup Time": 1294.912, "Actual Total Time": 1294.912, "Actual Rows": 1500000, "Actual Loops": 1, "Hash Buckets": 2097152, "Hash Batches": 1, "Original Hash Batches": 1, "Peak Memory Usage": 282695, "Plans": [{"Node Type": "Seq Scan", "Parent Relationship": "Outer", "Relation Name": "customer", "Alias": "customer", "Startup Cost": 0.0, "Total Cost": 52126.0, "Plan Rows": 1500000, "Plan Width": 153, "Actual Startup Time": 0.022, "Actual Total Time": 605.911, "Actual Rows": 1500000, "Actual Loops": 1}]}]}, {"Node Type": "Hash", "Parent Relationship": "Inner", "Startup Cost": 1.25, "Total Cost": 1.25, "Plan Rows": 25, "Plan Width": 30, "Actual Startup Time": 0.043, "Actual Total Time": 0.043, "Actual Rows": 25, "Actual Loops": 1, "Hash Buckets": 32768, "Hash Batches": 1, "Original Hash Batches": 1, "Peak Memory Usage": 2, "Plans": [{"Node Type": "Seq Scan", "Parent Relationship": "Outer", "Relation Name": "nation", "Alias": "nation", "Startup Cost": 0.0, "Total Cost": 1.25, "Plan Rows": 25, "Plan Width": 30, "Actual Startup Time": 0.019, "Actual Total Time": 0.025, "Actual Rows": 25, "Actual Loops": 1}]}]}]}]}]}, "Triggers": [], "Planner Runtime": 1, "Total Runtime": 36456.213, "Unique SQL Id": 1604070524}}, "(16, 47)": {"explain_plan": {"Plan": {"Node Type": "Limit", "Startup Cost": 4032961124997.77, "Total Cost": 4032961124997.82, "Plan Rows": 20, "Plan Width": 199, "Plans": [{"Node Type": "Sort", "Parent Relationship": "Outer", "Startup Cost": 4032961124997.77, "Total Cost": 4032961128612.52, "Plan Rows": 20, "Plan Width": 199, "Sort Key": ["(sum((lineitem.l_extendedprice * (1::double precision - lineitem.l_discount)))) DESC"], "Plans": [{"Node Type": "Aggregate", "Strategy": "Hashed", "Parent Relationship": "Outer", "Startup Cost": 4032961072063.97, "Total Cost": 4032961086522.95, "Plan Rows": 1445898, "Plan Width": 199, "Group By Key": ["customer.c_custkey", "customer.c_name", "customer.c_acctbal", "customer.c_phone", "nation.n_name", "customer.c_address", "customer.c_comment"], "Plans": [{"Node Type": "Nested Loop", "Parent Relationship": "Outer", "Join Type": "Inner", "Startup Cost": 1030080604779.82, "Total Cost": 4032961035916.52, "Plan Rows": 1445898, "Plan Width": 191, "Inner Unique": false, "Join Filter": "(customer.c_custkey = orders.o_custkey), (LLVM Optimized)", "Plans": [{"Node Type": "Nested Loop", "Parent Relationship": "Outer", "Join Type": "Inner", "Startup Cost": 20000000000.0, "Total Cost": 2000008640298.18, "Plan Rows": 1500000, "Plan Width": 175, "Inner Unique": true, "Join Filter": "(customer.c_nationkey = nation.n_nationkey), (LLVM Optimized)", "Plans": [{"Node Type": "Index Scan", "Parent Relationship": "Outer", "Scan Direction": "Forward", "Index Name": "customer_pkey", "Relation Name": "customer", "Alias": "customer", "Startup Cost": 10000000000.0, "Total Cost": 1000008076535.62, "Plan Rows": 1500000, "Plan Width": 153}, {"Node Type": "Materialize", "Parent Relationship": "Inner", "Startup Cost": 10000000000.0, "Total Cost": 1000000001262.62, "Plan Rows": 25, "Plan Width": 30, "Plans": [{"Node Type": "Index Scan", "Parent Relationship": "Outer", "Scan Direction": "Forward", "Index Name": "nation_pkey", "Relation Name": "nation", "Alias": "nation", "Startup Cost": 10000000000.0, "Total Cost": 1000000001262.5, "Plan Rows": 25, "Plan Width": 30}]}]}, {"Node Type": "Materialize", "Parent Relationship": "Inner", "Startup Cost": 1010080604779.82, "Total Cost": 2000419694233.08, "Plan Rows": 1445898, "Plan Width": 24, "Plans": [{"Node Type": "Hash Join", "Parent Relationship": "Outer", "Join Type": "Inner", "Startup Cost": 1010080604779.82, "Total Cost": 2000419687003.59, "Plan Rows": 1445898, "Plan Width": 24, "Inner Unique": true, "Hash Cond": "(lineitem.l_orderkey = orders.o_orderkey), (LLVM Optimized)", "Plans": [{"Node Type": "Index Scan", "Parent Relationship": "Outer", "Scan Direction": "Forward", "Index Name": "idx_lineitem_orderkey", "Relation Name": "lineitem", "Alias": "lineitem", "Startup Cost": 10000000000.0, "Total Cost": 1000339012132.75, "Plan Rows": 14835209, "Plan Width": 24, "Filter": "(l_returnflag = 'R'::bpchar), (LLVM Optimized)"}, {"Node Type": "Hash", "Parent Relationship": "Inner", "Startup Cost": 1000080597583.0, "Total Cost": 1000080597583.0, "Plan Rows": 575746, "Plan Width": 16, "Plans": [{"Node Type": "Index Scan", "Parent Relationship": "Outer", "Scan Direction": "Forward", "Index Name": "orders_pkey", "Relation Name": "orders", "Alias": "orders", "Startup Cost": 10000000000.0, "Total Cost": 1000080597583.0, "Plan Rows": 575746, "Plan Width": 16, "Filter": "((o_orderdate >= '1993-08-01 00:00:00'::timestamp(0) without time zone) AND (o_orderdate < '1993-11-01 00:00:00'::timestamp without time zone)), (LLVM Optimized)"}]}]}]}]}]}]}]}, "Unique SQL Id": 1604070524, "Planner Runtime": 1}, "explain_analyze_plan": null}, "(16, 48)": {"explain_plan": {"Plan": {"Node Type": "Limit", "Startup Cost": 3997545.9, "Total Cost": 3997545.95, "Plan Rows": 20, "Plan Width": 199, "Plans": [{"Node Type": "Sort", "Parent Relationship": "Outer", "Startup Cost": 3997545.9, "Total Cost": 4001160.65, "Plan Rows": 20, "Plan Width": 199, "Sort Key": ["(sum((lineitem.l_extendedprice * (1::double precision - lineitem.l_discount)))) DESC"], "Plans": [{"Node Type": "Aggregate", "Strategy": "Hashed", "Parent Relationship": "Outer", "Startup Cost": 3944612.1, "Total Cost": 3959071.08, "Plan Rows": 1445898, "Plan Width": 199, "Group By Key": ["customer.c_custkey", "customer.c_name", "customer.c_acctbal", "customer.c_phone", "nation.n_name", "customer.c_address", "customer.c_comment"], "Plans": [{"Node Type": "Nested Loop", "Parent Relationship": "Outer", "Join Type": "Inner", "Startup Cost": 14729.65, "Total Cost": 3908464.65, "Plan Rows": 1445898, "Plan Width": 191, "Inner Unique": false, "Plans": [{"Node Type": "Nested Loop", "Parent Relationship": "Outer", "Join Type": "Inner", "Startup Cost": 14729.65, "Total Cost": 791847.2, "Plan Rows": 575746, "Plan Width": 183, "Inner Unique": true, "Plans": [{"Node Type": "Nested Loop", "Parent Relationship": "Outer", "Join Type": "Inner", "Startup Cost": 14729.65, "Total Cost": 630633.72, "Plan Rows": 575746, "Plan Width": 161, "Inner Unique": true, "Plans": [{"Node Type": "Bitmap Heap Scan", "Parent Relationship": "Outer", "Relation Name": "orders", "Alias": "orders", "Startup Cost": 14729.65, "Total Cost": 299784.84, "Plan Rows": 575746, "Plan Width": 16, "Recheck Cond": "((o_orderdate >= '1993-08-01 00:00:00'::timestamp(0) without time zone) AND (o_orderdate < '1993-11-01 00:00:00'::timestamp without time zone)), (LLVM Optimized)", "Plans": [{"Node Type": "Bitmap Index Scan", "Parent Relationship": "Outer", "Index Name": "idx_orders_orderdate", "Startup Cost": 0.0, "Total Cost": 14585.71, "Plan Rows": 575746, "Plan Width": 0, "Index Cond": "((o_orderdate >= '1993-08-01 00:00:00'::timestamp(0) without time zone) AND (o_orderdate < '1993-11-01 00:00:00'::timestamp without time zone))"}]}, {"Node Type": "Index Scan", "Parent Relationship": "Inner", "Scan Direction": "Forward", "Index Name": "customer_pkey", "Relation Name": "customer", "Alias": "customer", "Startup Cost": 0.0, "Total Cost": 0.56, "Plan Rows": 1, "Plan Width": 153, "Index Cond": "(c_custkey = orders.o_custkey)"}]}, {"Node Type": "Index Scan", "Parent Relationship": "Inner", "Scan Direction": "Forward", "Index Name": "nation_pkey", "Relation Name": "nation", "Alias": "nation", "Startup Cost": 0.0, "Total Cost": 0.27, "Plan Rows": 1, "Plan Width": 30, "Index Cond": "(n_nationkey = customer.c_nationkey)"}]}, {"Node Type": "Index Scan", "Parent Relationship": "Inner", "Scan Direction": "Forward", "Index Name": "idx_lineitem_orderkey", "Relation Name": "lineitem", "Alias": "lineitem", "Startup Cost": 0.0, "Total Cost": 5.38, "Plan Rows": 3, "Plan Width": 24, "Index Cond": "(l_orderkey = orders.o_orderkey)", "Filter": "(l_returnflag = 'R'::bpchar)"}]}]}]}]}, "Unique SQL Id": 1604070524, "Planner Runtime": 0}, "explain_analyze_plan": {"Plan": {"Node Type": "Limit", "Startup Cost": 3997545.9, "Total Cost": 3997545.95, "Plan Rows": 20, "Plan Width": 199, "Actual Startup Time": 14200.593, "Actual Total Time": 14200.598, "Actual Rows": 20, "Actual Loops": 1, "Plans": [{"Node Type": "Sort", "Parent Relationship": "Outer", "Startup Cost": 3997545.9, "Total Cost": 4001160.65, "Plan Rows": 20, "Plan Width": 199, "Actual Startup Time": 14200.59, "Actual Total Time": 14200.591, "Actual Rows": 20, "Actual Loops": 1, "Sort Key": ["(sum((lineitem.l_extendedprice * (1::double precision - lineitem.l_discount)))) DESC"], "Sort Method": "top-N heapsort", "Sort Space Used": 35, "Sort Space Type": "Memory", "Plans": [{"Node Type": "Aggregate", "Strategy": "Hashed", "Parent Relationship": "Outer", "Startup Cost": 3944612.1, "Total Cost": 3959071.08, "Plan Rows": 1445898, "Plan Width": 199, "Actual Startup Time": 13814.882, "Actual Total Time": 14062.756, "Actual Rows": 381542, "Actual Loops": 1, "Group By Key": ["customer.c_custkey", "customer.c_name", "customer.c_acctbal", "customer.c_phone", "nation.n_name", "customer.c_address", "customer.c_comment"], "Plans": [{"Node Type": "Nested Loop", "Parent Relationship": "Outer", "Join Type": "Inner", "Startup Cost": 14729.65, "Total Cost": 3908464.65, "Plan Rows": 1445898, "Plan Width": 191, "Actual Startup Time": 259.65, "Actual Total Time": 11962.783, "Actual Rows": 1145969, "Actual Loops": 1, "Inner Unique": false, "Plans": [{"Node Type": "Nested Loop", "Parent Relationship": "Outer", "Join Type": "Inner", "Startup Cost": 14729.65, "Total Cost": 791847.2, "Plan Rows": 575746, "Plan Width": 183, "Actual Startup Time": 259.608, "Actual Total Time": 6364.896, "Actual Rows": 573635, "Actual Loops": 1, "Inner Unique": true, "Plans": [{"Node Type": "Nested Loop", "Parent Relationship": "Outer", "Join Type": "Inner", "Startup Cost": 14729.65, "Total Cost": 630633.72, "Plan Rows": 575746, "Plan Width": 161, "Actual Startup Time": 259.597, "Actual Total Time": 5116.295, "Actual Rows": 573635, "Actual Loops": 1, "Inner Unique": true, "Plans": [{"Node Type": "Bitmap Heap Scan", "Parent Relationship": "Outer", "Relation Name": "orders", "Alias": "orders", "Startup Cost": 14729.65, "Total Cost": 299784.84, "Plan Rows": 575746, "Plan Width": 16, "Actual Startup Time": 259.553, "Actual Total Time": 1135.429, "Actual Rows": 573635, "Actual Loops": 1, "Recheck Cond": "((o_orderdate >= '1993-08-01 00:00:00'::timestamp(0) without time zone) AND (o_orderdate < '1993-11-01 00:00:00'::timestamp without time zone)), (LLVM Optimized, Jit Execute)", "Rows Removed by Index Recheck": 0, "Exact Heap Blocks": 242860, "Lossy Heap Blocks": 242860, "Plans": [{"Node Type": "Bitmap Index Scan", "Parent Relationship": "Outer", "Index Name": "idx_orders_orderdate", "Startup Cost": 0.0, "Total Cost": 14585.71, "Plan Rows": 575746, "Plan Width": 0, "Actual Startup Time": 184.001, "Actual Total Time": 184.001, "Actual Rows": 573635, "Actual Loops": 1, "Index Cond": "((o_orderdate >= '1993-08-01 00:00:00'::timestamp(0) without time zone) AND (o_orderdate < '1993-11-01 00:00:00'::timestamp without time zone))"}]}, {"Node Type": "Index Scan", "Parent Relationship": "Inner", "Scan Direction": "Forward", "Index Name": "customer_pkey", "Relation Name": "customer", "Alias": "customer", "Startup Cost": 0.0, "Total Cost": 0.56, "Plan Rows": 1, "Plan Width": 153, "Actual Startup Time": 3482.654, "Actual Total Time": 3482.654, "Actual Rows": 573635, "Actual Loops": 573635, "Index Cond": "(c_custkey = orders.o_custkey)", "Rows Removed by Index Recheck": 0}]}, {"Node Type": "Index Scan", "Parent Relationship": "Inner", "Scan Direction": "Forward", "Index Name": "nation_pkey", "Relation Name": "nation", "Alias": "nation", "Startup Cost": 0.0, "Total Cost": 0.27, "Plan Rows": 1, "Plan Width": 30, "Actual Startup Time": 796.403, "Actual Total Time": 796.403, "Actual Rows": 573635, "Actual Loops": 573635, "Index Cond": "(n_nationkey = customer.c_nationkey)", "Rows Removed by Index Recheck": 0}]}, {"Node Type": "Index Scan", "Parent Relationship": "Inner", "Scan Direction": "Forward", "Index Name": "idx_lineitem_orderkey", "Relation Name": "lineitem", "Alias": "lineitem", "Startup Cost": 0.0, "Total Cost": 5.38, "Plan Rows": 3, "Plan Width": 24, "Actual Startup Time": 3771.015, "Actual Total Time": 5012.914, "Actual Rows": 1145969, "Actual Loops": 573635, "Index Cond": "(l_orderkey = orders.o_orderkey)", "Rows Removed by Index Recheck": 0, "Filter": "(l_returnflag = 'R'::bpchar)", "Rows Removed by Filter": 1146896}]}]}]}]}, "Triggers": [], "Planner Runtime": 0, "Total Runtime": 14211.029, "Unique SQL Id": 1604070524}}, "(16, 49)": {"explain_plan": {"Plan": {"Node Type": "Limit", "Startup Cost": 3997545.9, "Total Cost": 3997545.95, "Plan Rows": 20, "Plan Width": 199, "Plans": [{"Node Type": "Sort", "Parent Relationship": "Outer", "Startup Cost": 3997545.9, "Total Cost": 4001160.65, "Plan Rows": 20, "Plan Width": 199, "Sort Key": ["(sum((lineitem.l_extendedprice * (1::double precision - lineitem.l_discount)))) DESC"], "Plans": [{"Node Type": "Aggregate", "Strategy": "Hashed", "Parent Relationship": "Outer", "Startup Cost": 3944612.1, "Total Cost": 3959071.08, "Plan Rows": 1445898, "Plan Width": 199, "Group By Key": ["customer.c_custkey", "customer.c_name", "customer.c_acctbal", "customer.c_phone", "nation.n_name", "customer.c_address", "customer.c_comment"], "Plans": [{"Node Type": "Nested Loop", "Parent Relationship": "Outer", "Join Type": "Inner", "Startup Cost": 14729.65, "Total Cost": 3908464.65, "Plan Rows": 1445898, "Plan Width": 191, "Inner Unique": false, "Plans": [{"Node Type": "Nested Loop", "Parent Relationship": "Outer", "Join Type": "Inner", "Startup Cost": 14729.65, "Total Cost": 791847.2, "Plan Rows": 575746, "Plan Width": 183, "Inner Unique": true, "Plans": [{"Node Type": "Nested Loop", "Parent Relationship": "Outer", "Join Type": "Inner", "Startup Cost": 14729.65, "Total Cost": 630633.72, "Plan Rows": 575746, "Plan Width": 161, "Inner Unique": true, "Plans": [{"Node Type": "Bitmap Heap Scan", "Parent Relationship": "Outer", "Relation Name": "orders", "Alias": "orders", "Startup Cost": 14729.65, "Total Cost": 299784.84, "Plan Rows": 575746, "Plan Width": 16, "Recheck Cond": "((o_orderdate >= '1993-08-01 00:00:00'::timestamp(0) without time zone) AND (o_orderdate < '1993-11-01 00:00:00'::timestamp without time zone)), (LLVM Optimized)", "Plans": [{"Node Type": "Bitmap Index Scan", "Parent Relationship": "Outer", "Index Name": "idx_orders_orderdate", "Startup Cost": 0.0, "Total Cost": 14585.71, "Plan Rows": 575746, "Plan Width": 0, "Index Cond": "((o_orderdate >= '1993-08-01 00:00:00'::timestamp(0) without time zone) AND (o_orderdate < '1993-11-01 00:00:00'::timestamp without time zone))"}]}, {"Node Type": "Index Scan", "Parent Relationship": "Inner", "Scan Direction": "Forward", "Index Name": "customer_pkey", "Relation Name": "customer", "Alias": "customer", "Startup Cost": 0.0, "Total Cost": 0.56, "Plan Rows": 1, "Plan Width": 153, "Index Cond": "(c_custkey = orders.o_custkey)"}]}, {"Node Type": "Index Scan", "Parent Relationship": "Inner", "Scan Direction": "Forward", "Index Name": "nation_pkey", "Relation Name": "nation", "Alias": "nation", "Startup Cost": 0.0, "Total Cost": 0.27, "Plan Rows": 1, "Plan Width": 30, "Index Cond": "(n_nationkey = customer.c_nationkey)"}]}, {"Node Type": "Index Scan", "Parent Relationship": "Inner", "Scan Direction": "Forward", "Index Name": "idx_lineitem_orderkey", "Relation Name": "lineitem", "Alias": "lineitem", "Startup Cost": 0.0, "Total Cost": 5.38, "Plan Rows": 3, "Plan Width": 24, "Index Cond": "(l_orderkey = orders.o_orderkey)", "Filter": "(l_returnflag = 'R'::bpchar)"}]}]}]}]}, "Unique SQL Id": 1604070524, "Planner Runtime": 1}, "explain_analyze_plan": {"Plan": {"Node Type": "Limit", "Startup Cost": 3997545.9, "Total Cost": 3997545.95, "Plan Rows": 20, "Plan Width": 199, "Actual Startup Time": 14200.593, "Actual Total Time": 14200.598, "Actual Rows": 20, "Actual Loops": 1, "Plans": [{"Node Type": "Sort", "Parent Relationship": "Outer", "Startup Cost": 3997545.9, "Total Cost": 4001160.65, "Plan Rows": 20, "Plan Width": 199, "Actual Startup Time": 14200.59, "Actual Total Time": 14200.591, "Actual Rows": 20, "Actual Loops": 1, "Sort Key": ["(sum((lineitem.l_extendedprice * (1::double precision - lineitem.l_discount)))) DESC"], "Sort Method": "top-N heapsort", "Sort Space Used": 35, "Sort Space Type": "Memory", "Plans": [{"Node Type": "Aggregate", "Strategy": "Hashed", "Parent Relationship": "Outer", "Startup Cost": 3944612.1, "Total Cost": 3959071.08, "Plan Rows": 1445898, "Plan Width": 199, "Actual Startup Time": 13814.882, "Actual Total Time": 14062.756, "Actual Rows": 381542, "Actual Loops": 1, "Group By Key": ["customer.c_custkey", "customer.c_name", "customer.c_acctbal", "customer.c_phone", "nation.n_name", "customer.c_address", "customer.c_comment"], "Plans": [{"Node Type": "Nested Loop", "Parent Relationship": "Outer", "Join Type": "Inner", "Startup Cost": 14729.65, "Total Cost": 3908464.65, "Plan Rows": 1445898, "Plan Width": 191, "Actual Startup Time": 259.65, "Actual Total Time": 11962.783, "Actual Rows": 1145969, "Actual Loops": 1, "Inner Unique": false, "Plans": [{"Node Type": "Nested Loop", "Parent Relationship": "Outer", "Join Type": "Inner", "Startup Cost": 14729.65, "Total Cost": 791847.2, "Plan Rows": 575746, "Plan Width": 183, "Actual Startup Time": 259.608, "Actual Total Time": 6364.896, "Actual Rows": 573635, "Actual Loops": 1, "Inner Unique": true, "Plans": [{"Node Type": "Nested Loop", "Parent Relationship": "Outer", "Join Type": "Inner", "Startup Cost": 14729.65, "Total Cost": 630633.72, "Plan Rows": 575746, "Plan Width": 161, "Actual Startup Time": 259.597, "Actual Total Time": 5116.295, "Actual Rows": 573635, "Actual Loops": 1, "Inner Unique": true, "Plans": [{"Node Type": "Bitmap Heap Scan", "Parent Relationship": "Outer", "Relation Name": "orders", "Alias": "orders", "Startup Cost": 14729.65, "Total Cost": 299784.84, "Plan Rows": 575746, "Plan Width": 16, "Actual Startup Time": 259.553, "Actual Total Time": 1135.429, "Actual Rows": 573635, "Actual Loops": 1, "Recheck Cond": "((o_orderdate >= '1993-08-01 00:00:00'::timestamp(0) without time zone) AND (o_orderdate < '1993-11-01 00:00:00'::timestamp without time zone)), (LLVM Optimized, Jit Execute)", "Rows Removed by Index Recheck": 0, "Exact Heap Blocks": 242860, "Lossy Heap Blocks": 242860, "Plans": [{"Node Type": "Bitmap Index Scan", "Parent Relationship": "Outer", "Index Name": "idx_orders_orderdate", "Startup Cost": 0.0, "Total Cost": 14585.71, "Plan Rows": 575746, "Plan Width": 0, "Actual Startup Time": 184.001, "Actual Total Time": 184.001, "Actual Rows": 573635, "Actual Loops": 1, "Index Cond": "((o_orderdate >= '1993-08-01 00:00:00'::timestamp(0) without time zone) AND (o_orderdate < '1993-11-01 00:00:00'::timestamp without time zone))"}]}, {"Node Type": "Index Scan", "Parent Relationship": "Inner", "Scan Direction": "Forward", "Index Name": "customer_pkey", "Relation Name": "customer", "Alias": "customer", "Startup Cost": 0.0, "Total Cost": 0.56, "Plan Rows": 1, "Plan Width": 153, "Actual Startup Time": 3482.654, "Actual Total Time": 3482.654, "Actual Rows": 573635, "Actual Loops": 573635, "Index Cond": "(c_custkey = orders.o_custkey)", "Rows Removed by Index Recheck": 0}]}, {"Node Type": "Index Scan", "Parent Relationship": "Inner", "Scan Direction": "Forward", "Index Name": "nation_pkey", "Relation Name": "nation", "Alias": "nation", "Startup Cost": 0.0, "Total Cost": 0.27, "Plan Rows": 1, "Plan Width": 30, "Actual Startup Time": 796.403, "Actual Total Time": 796.403, "Actual Rows": 573635, "Actual Loops": 573635, "Index Cond": "(n_nationkey = customer.c_nationkey)", "Rows Removed by Index Recheck": 0}]}, {"Node Type": "Index Scan", "Parent Relationship": "Inner", "Scan Direction": "Forward", "Index Name": "idx_lineitem_orderkey", "Relation Name": "lineitem", "Alias": "lineitem", "Startup Cost": 0.0, "Total Cost": 5.38, "Plan Rows": 3, "Plan Width": 24, "Actual Startup Time": 3771.015, "Actual Total Time": 5012.914, "Actual Rows": 1145969, "Actual Loops": 573635, "Index Cond": "(l_orderkey = orders.o_orderkey)", "Rows Removed by Index Recheck": 0, "Filter": "(l_returnflag = 'R'::bpchar)", "Rows Removed by Filter": 1146896}]}]}]}]}, "Triggers": [], "Planner Runtime": 0, "Total Runtime": 14211.029, "Unique SQL Id": 1604070524}}, "(16, 50)": {"explain_plan": {"Plan": {"Node Type": "Limit", "Startup Cost": 11194981.94, "Total Cost": 11194981.99, "Plan Rows": 20, "Plan Width": 199, "Plans": [{"Node Type": "Sort", "Parent Relationship": "Outer", "Startup Cost": 11194981.94, "Total Cost": 11198596.68, "Plan Rows": 20, "Plan Width": 199, "Sort Key": ["(sum((lineitem.l_extendedprice * (1::double precision - lineitem.l_discount)))) DESC"], "Plans": [{"Node Type": "Aggregate", "Strategy": "Hashed", "Parent Relationship": "Outer", "Startup Cost": 11142048.13, "Total Cost": 11156507.11, "Plan Rows": 1445898, "Plan Width": 199, "Group By Key": ["customer.c_custkey", "customer.c_name", "customer.c_acctbal", "customer.c_phone", "nation.n_name", "customer.c_address", "customer.c_comment"], "Plans": [{"Node Type": "Nested Loop", "Parent Relationship": "Outer", "Join Type": "Inner", "Startup Cost": 14731.87, "Total Cost": 11105900.68, "Plan Rows": 1445898, "Plan Width": 191, "Inner Unique": false, "Plans": [{"Node Type": "Nested Loop", "Parent Relationship": "Outer", "Join Type": "Inner", "Startup Cost": 14729.94, "Total Cost": 3001163.72, "Plan Rows": 575746, "Plan Width": 183, "Inner Unique": true, "Join Filter": "(customer.c_nationkey = nation.n_nationkey), (LLVM Optimized)", "Plans": [{"Node Type": "Nested Loop", "Parent Relationship": "Outer", "Join Type": "Inner", "Startup Cost": 14729.94, "Total Cost": 2785257.65, "Plan Rows": 575746, "Plan Width": 161, "Inner Unique": true, "Plans": [{"Node Type": "Bitmap Heap Scan", "Parent Relationship": "Outer", "Relation Name": "orders", "Alias": "orders", "Startup Cost": 14729.65, "Total Cost": 299784.84, "Plan Rows": 575746, "Plan Width": 16, "Recheck Cond": "((o_orderdate >= '1993-08-01 00:00:00'::timestamp(0) without time zone) AND (o_orderdate < '1993-11-01 00:00:00'::timestamp without time zone)), (LLVM Optimized)", "Plans": [{"Node Type": "Bitmap Index Scan", "Parent Relationship": "Outer", "Index Name": "idx_orders_orderdate", "Startup Cost": 0.0, "Total Cost": 14585.71, "Plan Rows": 575746, "Plan Width": 0, "Index Cond": "((o_orderdate >= '1993-08-01 00:00:00'::timestamp(0) without time zone) AND (o_orderdate < '1993-11-01 00:00:00'::timestamp without time zone))"}]}, {"Node Type": "Bitmap Heap Scan", "Parent Relationship": "Inner", "Relation Name": "customer", "Alias": "customer", "Startup Cost": 0.29, "Total Cost": 4.31, "Plan Rows": 1, "Plan Width": 153, "Recheck Cond": "(c_custkey = orders.o_custkey)", "Plans": [{"Node Type": "Bitmap Index Scan", "Parent Relationship": "Outer", "Index Name": "customer_pkey", "Startup Cost": 0.0, "Total Cost": 0.29, "Plan Rows": 1, "Plan Width": 0, "Index Cond": "(c_custkey = orders.o_custkey)"}]}]}, {"Node Type": "Materialize", "Parent Relationship": "Inner", "Startup Cost": 0.0, "Total Cost": 1.38, "Plan Rows": 25, "Plan Width": 30, "Plans": [{"Node Type": "Seq Scan", "Parent Relationship": "Outer", "Relation Name": "nation", "Alias": "nation", "Startup Cost": 0.0, "Total Cost": 1.25, "Plan Rows": 25, "Plan Width": 30}]}]}, {"Node Type": "Bitmap Heap Scan", "Parent Relationship": "Inner", "Relation Name": "lineitem", "Alias": "lineitem", "Startup Cost": 1.93, "Total Cost": 14.05, "Plan Rows": 3, "Plan Width": 24, "Recheck Cond": "(l_orderkey = orders.o_orderkey)", "Filter": "(l_returnflag = 'R'::bpchar)", "Plans": [{"Node Type": "Bitmap Index Scan", "Parent Relationship": "Outer", "Index Name": "idx_lineitem_orderkey", "Startup Cost": 0.0, "Total Cost": 1.92, "Plan Rows": 9, "Plan Width": 0, "Index Cond": "(l_orderkey = orders.o_orderkey)"}]}]}]}]}]}, "Unique SQL Id": 1604070524, "Planner Runtime": 1}, "explain_analyze_plan": {"Plan": {"Node Type": "Limit", "Startup Cost": 11194981.94, "Total Cost": 11194981.99, "Plan Rows": 20, "Plan Width": 199, "Actual Startup Time": 17396.702, "Actual Total Time": 17396.711, "Actual Rows": 20, "Actual Loops": 1, "Plans": [{"Node Type": "Sort", "Parent Relationship": "Outer", "Startup Cost": 11194981.94, "Total Cost": 11198596.68, "Plan Rows": 20, "Plan Width": 199, "Actual Startup Time": 17396.699, "Actual Total Time": 17396.704, "Actual Rows": 20, "Actual Loops": 1, "Sort Key": ["(sum((lineitem.l_extendedprice * (1::double precision - lineitem.l_discount)))) DESC"], "Sort Method": "top-N heapsort", "Sort Space Used": 35, "Sort Space Type": "Memory", "Plans": [{"Node Type": "Aggregate", "Strategy": "Hashed", "Parent Relationship": "Outer", "Startup Cost": 11142048.13, "Total Cost": 11156507.11, "Plan Rows": 1445898, "Plan Width": 199, "Actual Startup Time": 16990.649, "Actual Total Time": 17259.054, "Actual Rows": 381542, "Actual Loops": 1, "Group By Key": ["customer.c_custkey", "customer.c_name", "customer.c_acctbal", "customer.c_phone", "nation.n_name", "customer.c_address", "customer.c_comment"], "Plans": [{"Node Type": "Nested Loop", "Parent Relationship": "Outer", "Join Type": "Inner", "Startup Cost": 14731.87, "Total Cost": 11105900.68, "Plan Rows": 1445898, "Plan Width": 191, "Actual Startup Time": 257.817, "Actual Total Time": 15019.547, "Actual Rows": 1145969, "Actual Loops": 1, "Inner Unique": false, "Plans": [{"Node Type": "Nested Loop", "Parent Relationship": "Outer", "Join Type": "Inner", "Startup Cost": 14729.94, "Total Cost": 3001163.72, "Plan Rows": 575746, "Plan Width": 183, "Actual Startup Time": 257.77, "Actual Total Time": 8387.559, "Actual Rows": 573635, "Actual Loops": 1, "Inner Unique": true, "Join Filter": "(customer.c_nationkey = nation.n_nationkey), (LLVM Optimized, Jit Execute)", "Rows Removed by Join Filter": 6871608, "Plans": [{"Node Type": "Nested Loop", "Parent Relationship": "Outer", "Join Type": "Inner", "Startup Cost": 14729.94, "Total Cost": 2785257.65, "Plan Rows": 575746, "Plan Width": 161, "Actual Startup Time": 257.726, "Actual Total Time": 6311.045, "Actual Rows": 573635, "Actual Loops": 1, "Inner Unique": true, "Plans": [{"Node Type": "Bitmap Heap Scan", "Parent Relationship": "Outer", "Relation Name": "orders", "Alias": "orders", "Startup Cost": 14729.65, "Total Cost": 299784.84, "Plan Rows": 575746, "Plan Width": 16, "Actual Startup Time": 257.669, "Actual Total Time": 1075.813, "Actual Rows": 573635, "Actual Loops": 1, "Recheck Cond": "((o_orderdate >= '1993-08-01 00:00:00'::timestamp(0) without time zone) AND (o_orderdate < '1993-11-01 00:00:00'::timestamp without time zone)), (LLVM Optimized, Jit Execute)", "Rows Removed by Index Recheck": 0, "Exact Heap Blocks": 242860, "Lossy Heap Blocks": 242860, "Plans": [{"Node Type": "Bitmap Index Scan", "Parent Relationship": "Outer", "Index Name": "idx_orders_orderdate", "Startup Cost": 0.0, "Total Cost": 14585.71, "Plan Rows": 575746, "Plan Width": 0, "Actual Startup Time": 182.613, "Actual Total Time": 182.613, "Actual Rows": 573635, "Actual Loops": 1, "Index Cond": "((o_orderdate >= '1993-08-01 00:00:00'::timestamp(0) without time zone) AND (o_orderdate < '1993-11-01 00:00:00'::timestamp without time zone))"}]}, {"Node Type": "Bitmap Heap Scan", "Parent Relationship": "Inner", "Relation Name": "customer", "Alias": "customer", "Startup Cost": 0.29, "Total Cost": 4.31, "Plan Rows": 1, "Plan Width": 153, "Actual Startup Time": 4365.415, "Actual Total Time": 4365.415, "Actual Rows": 573635, "Actual Loops": 573635, "Recheck Cond": "(c_custkey = orders.o_custkey)", "Rows Removed by Index Recheck": 0, "Exact Heap Blocks": 573635, "Lossy Heap Blocks": 573635, "Plans": [{"Node Type": "Bitmap Index Scan", "Parent Relationship": "Outer", "Index Name": "customer_pkey", "Startup Cost": 0.0, "Total Cost": 0.29, "Plan Rows": 1, "Plan Width": 0, "Actual Startup Time": 2667.976, "Actual Total Time": 2667.976, "Actual Rows": 573635, "Actual Loops": 573635, "Index Cond": "(c_custkey = orders.o_custkey)"}]}]}, {"Node Type": "Materialize", "Parent Relationship": "Inner", "Startup Cost": 0.0, "Total Cost": 1.38, "Plan Rows": 25, "Plan Width": 30, "Actual Startup Time": 73.932, "Actual Total Time": 652.745, "Actual Rows": 7445243, "Actual Loops": 573635, "Plans": [{"Node Type": "Seq Scan", "Parent Relationship": "Outer", "Relation Name": "nation", "Alias": "nation", "Startup Cost": 0.0, "Total Cost": 1.25, "Plan Rows": 25, "Plan Width": 30, "Actual Startup Time": 0.016, "Actual Total Time": 0.023, "Actual Rows": 25, "Actual Loops": 1}]}]}, {"Node Type": "Bitmap Heap Scan", "Parent Relationship": "Inner", "Relation Name": "lineitem", "Alias": "lineitem", "Startup Cost": 1.93, "Total Cost": 14.05, "Plan Rows": 3, "Plan Width": 24, "Actual Startup Time": 5101.982, "Actual Total Time": 5644.068, "Actual Rows": 1145969, "Actual Loops": 573635, "Recheck Cond": "(l_orderkey = orders.o_orderkey)", "Rows Removed by Index Recheck": 0, "Filter": "(l_returnflag = 'R'::bpchar)", "Rows Removed by Filter": 1146896, "Exact Heap Blocks": 614400, "Lossy Heap Blocks": 614400, "Plans": [{"Node Type": "Bitmap Index Scan", "Parent Relationship": "Outer", "Index Name": "idx_lineitem_orderkey", "Startup Cost": 0.0, "Total Cost": 1.92, "Plan Rows": 9, "Plan Width": 0, "Actual Startup Time": 2583.756, "Actual Total Time": 2583.756, "Actual Rows": 2292865, "Actual Loops": 573635, "Index Cond": "(l_orderkey = orders.o_orderkey)"}]}]}]}]}]}, "Triggers": [], "Planner Runtime": 0, "Total Runtime": 17407.41, "Unique SQL Id": 1604070524}}, "(16, 51)": {"explain_plan": {"Plan": {"Node Type": "Limit", "Startup Cost": 13443415.76, "Total Cost": 13443415.81, "Plan Rows": 20, "Plan Width": 199, "Plans": [{"Node Type": "Sort", "Parent Relationship": "Outer", "Startup Cost": 13443415.76, "Total Cost": 13447030.51, "Plan Rows": 20, "Plan Width": 199, "Sort Key": ["(sum((lineitem.l_extendedprice * (1::double precision - lineitem.l_discount)))) DESC"], "Plans": [{"Node Type": "Aggregate", "Strategy": "Hashed", "Parent Relationship": "Outer", "Startup Cost": 13390481.96, "Total Cost": 13404940.94, "Plan Rows": 1445898, "Plan Width": 199, "Group By Key": ["customer.c_custkey", "customer.c_name", "customer.c_acctbal", "customer.c_phone", "nation.n_name", "customer.c_address", "customer.c_comment"], "Plans": [{"Node Type": "Nested Loop", "Parent Relationship": "Outer", "Join Type": "Inner", "Startup Cost": 14732.12, "Total Cost": 13354334.51, "Plan Rows": 1445898, "Plan Width": 191, "Inner Unique": false, "Plans": [{"Node Type": "Nested Loop", "Parent Relationship": "Outer", "Join Type": "Inner", "Startup Cost": 14730.2, "Total Cost": 5249597.54, "Plan Rows": 575746, "Plan Width": 183, "Inner Unique": true, "Plans": [{"Node Type": "Nested Loop", "Parent Relationship": "Outer", "Join Type": "Inner", "Startup Cost": 14729.94, "Total Cost": 2785257.65, "Plan Rows": 575746, "Plan Width": 161, "Inner Unique": true, "Plans": [{"Node Type": "Bitmap Heap Scan", "Parent Relationship": "Outer", "Relation Name": "orders", "Alias": "orders", "Startup Cost": 14729.65, "Total Cost": 299784.84, "Plan Rows": 575746, "Plan Width": 16, "Recheck Cond": "((o_orderdate >= '1993-08-01 00:00:00'::timestamp(0) without time zone) AND (o_orderdate < '1993-11-01 00:00:00'::timestamp without time zone)), (LLVM Optimized)", "Plans": [{"Node Type": "Bitmap Index Scan", "Parent Relationship": "Outer", "Index Name": "idx_orders_orderdate", "Startup Cost": 0.0, "Total Cost": 14585.71, "Plan Rows": 575746, "Plan Width": 0, "Index Cond": "((o_orderdate >= '1993-08-01 00:00:00'::timestamp(0) without time zone) AND (o_orderdate < '1993-11-01 00:00:00'::timestamp without time zone))"}]}, {"Node Type": "Bitmap Heap Scan", "Parent Relationship": "Inner", "Relation Name": "customer", "Alias": "customer", "Startup Cost": 0.29, "Total Cost": 4.31, "Plan Rows": 1, "Plan Width": 153, "Recheck Cond": "(c_custkey = orders.o_custkey)", "Plans": [{"Node Type": "Bitmap Index Scan", "Parent Relationship": "Outer", "Index Name": "customer_pkey", "Startup Cost": 0.0, "Total Cost": 0.29, "Plan Rows": 1, "Plan Width": 0, "Index Cond": "(c_custkey = orders.o_custkey)"}]}]}, {"Node Type": "Bitmap Heap Scan", "Parent Relationship": "Inner", "Relation Name": "nation", "Alias": "nation", "Startup Cost": 0.26, "Total Cost": 4.27, "Plan Rows": 1, "Plan Width": 30, "Recheck Cond": "(n_nationkey = customer.c_nationkey)", "Plans": [{"Node Type": "Bitmap Index Scan", "Parent Relationship": "Outer", "Index Name": "nation_pkey", "Startup Cost": 0.0, "Total Cost": 0.26, "Plan Rows": 1, "Plan Width": 0, "Index Cond": "(n_nationkey = customer.c_nationkey)"}]}]}, {"Node Type": "Bitmap Heap Scan", "Parent Relationship": "Inner", "Relation Name": "lineitem", "Alias": "lineitem", "Startup Cost": 1.93, "Total Cost": 14.05, "Plan Rows": 3, "Plan Width": 24, "Recheck Cond": "(l_orderkey = orders.o_orderkey)", "Filter": "(l_returnflag = 'R'::bpchar)", "Plans": [{"Node Type": "Bitmap Index Scan", "Parent Relationship": "Outer", "Index Name": "idx_lineitem_orderkey", "Startup Cost": 0.0, "Total Cost": 1.92, "Plan Rows": 9, "Plan Width": 0, "Index Cond": "(l_orderkey = orders.o_orderkey)"}]}]}]}]}]}, "Unique SQL Id": 1604070524, "Planner Runtime": 1}, "explain_analyze_plan": {"Plan": {"Node Type": "Limit", "Startup Cost": 13443415.76, "Total Cost": 13443415.81, "Plan Rows": 20, "Plan Width": 199, "Actual Startup Time": 17339.241, "Actual Total Time": 17339.252, "Actual Rows": 20, "Actual Loops": 1, "Plans": [{"Node Type": "Sort", "Parent Relationship": "Outer", "Startup Cost": 13443415.76, "Total Cost": 13447030.51, "Plan Rows": 20, "Plan Width": 199, "Actual Startup Time": 17339.239, "Actual Total Time": 17339.248, "Actual Rows": 20, "Actual Loops": 1, "Sort Key": ["(sum((lineitem.l_extendedprice * (1::double precision - lineitem.l_discount)))) DESC"], "Sort Method": "top-N heapsort", "Sort Space Used": 35, "Sort Space Type": "Memory", "Plans": [{"Node Type": "Aggregate", "Strategy": "Hashed", "Parent Relationship": "Outer", "Startup Cost": 13390481.96, "Total Cost": 13404940.94, "Plan Rows": 1445898, "Plan Width": 199, "Actual Startup Time": 16948.804, "Actual Total Time": 17203.575, "Actual Rows": 381542, "Actual Loops": 1, "Group By Key": ["customer.c_custkey", "customer.c_name", "customer.c_acctbal", "customer.c_phone", "nation.n_name", "customer.c_address", "customer.c_comment"], "Plans": [{"Node Type": "Nested Loop", "Parent Relationship": "Outer", "Join Type": "Inner", "Startup Cost": 14732.12, "Total Cost": 13354334.51, "Plan Rows": 1445898, "Plan Width": 191, "Actual Startup Time": 243.383, "Actual Total Time": 14979.756, "Actual Rows": 1145969, "Actual Loops": 1, "Inner Unique": false, "Plans": [{"Node Type": "Nested Loop", "Parent Relationship": "Outer", "Join Type": "Inner", "Startup Cost": 14730.2, "Total Cost": 5249597.54, "Plan Rows": 575746, "Plan Width": 183, "Actual Startup Time": 243.33, "Actual Total Time": 8554.709, "Actual Rows": 573635, "Actual Loops": 1, "Inner Unique": true, "Plans": [{"Node Type": "Nested Loop", "Parent Relationship": "Outer", "Join Type": "Inner", "Startup Cost": 14729.94, "Total Cost": 2785257.65, "Plan Rows": 575746, "Plan Width": 161, "Actual Startup Time": 243.278, "Actual Total Time": 6365.155, "Actual Rows": 573635, "Actual Loops": 1, "Inner Unique": true, "Plans": [{"Node Type": "Bitmap Heap Scan", "Parent Relationship": "Outer", "Relation Name": "orders", "Alias": "orders", "Startup Cost": 14729.65, "Total Cost": 299784.84, "Plan Rows": 575746, "Plan Width": 16, "Actual Startup Time": 243.054, "Actual Total Time": 1186.231, "Actual Rows": 573635, "Actual Loops": 1, "Recheck Cond": "((o_orderdate >= '1993-08-01 00:00:00'::timestamp(0) without time zone) AND (o_orderdate < '1993-11-01 00:00:00'::timestamp without time zone)), (LLVM Optimized, Jit Execute)", "Rows Removed by Index Recheck": 0, "Exact Heap Blocks": 242860, "Lossy Heap Blocks": 242860, "Plans": [{"Node Type": "Bitmap Index Scan", "Parent Relationship": "Outer", "Index Name": "idx_orders_orderdate", "Startup Cost": 0.0, "Total Cost": 14585.71, "Plan Rows": 575746, "Plan Width": 0, "Actual Startup Time": 167.646, "Actual Total Time": 167.646, "Actual Rows": 573635, "Actual Loops": 1, "Index Cond": "((o_orderdate >= '1993-08-01 00:00:00'::timestamp(0) without time zone) AND (o_orderdate < '1993-11-01 00:00:00'::timestamp without time zone))"}]}, {"Node Type": "Bitmap Heap Scan", "Parent Relationship": "Inner", "Relation Name": "customer", "Alias": "customer", "Startup Cost": 0.29, "Total Cost": 4.31, "Plan Rows": 1, "Plan Width": 153, "Actual Startup Time": 4298.917, "Actual Total Time": 4298.917, "Actual Rows": 573635, "Actual Loops": 573635, "Recheck Cond": "(c_custkey = orders.o_custkey)", "Rows Removed by Index Recheck": 0, "Exact Heap Blocks": 573635, "Lossy Heap Blocks": 573635, "Plans": [{"Node Type": "Bitmap Index Scan", "Parent Relationship": "Outer", "Index Name": "customer_pkey", "Startup Cost": 0.0, "Total Cost": 0.29, "Plan Rows": 1, "Plan Width": 0, "Actual Startup Time": 2605.74, "Actual Total Time": 2605.74, "Actual Rows": 573635, "Actual Loops": 573635, "Index Cond": "(c_custkey = orders.o_custkey)"}]}]}, {"Node Type": "Bitmap Heap Scan", "Parent Relationship": "Inner", "Relation Name": "nation", "Alias": "nation", "Startup Cost": 0.26, "Total Cost": 4.27, "Plan Rows": 1, "Plan Width": 30, "Actual Startup Time": 1394.855, "Actual Total Time": 1394.855, "Actual Rows": 573635, "Actual Loops": 573635, "Recheck Cond": "(n_nationkey = customer.c_nationkey)", "Rows Removed by Index Recheck": 0, "Exact Heap Blocks": 573635, "Lossy Heap Blocks": 573635, "Plans": [{"Node Type": "Bitmap Index Scan", "Parent Relationship": "Outer", "Index Name": "nation_pkey", "Startup Cost": 0.0, "Total Cost": 0.26, "Plan Rows": 1, "Plan Width": 0, "Actual Startup Time": 610.88, "Actual Total Time": 610.88, "Actual Rows": 573635, "Actual Loops": 573635, "Index Cond": "(n_nationkey = customer.c_nationkey)"}]}]}, {"Node Type": "Bitmap Heap Scan", "Parent Relationship": "Inner", "Relation Name": "lineitem", "Alias": "lineitem", "Startup Cost": 1.93, "Total Cost": 14.05, "Plan Rows": 3, "Plan Width": 24, "Actual Startup Time": 4948.946, "Actual Total Time": 5481.054, "Actual Rows": 1145969, "Actual Loops": 573635, "Recheck Cond": "(l_orderkey = orders.o_orderkey)", "Rows Removed by Index Recheck": 0, "Filter": "(l_returnflag = 'R'::bpchar)", "Rows Removed by Filter": 1146896, "Exact Heap Blocks": 614400, "Lossy Heap Blocks": 614400, "Plans": [{"Node Type": "Bitmap Index Scan", "Parent Relationship": "Outer", "Index Name": "idx_lineitem_orderkey", "Startup Cost": 0.0, "Total Cost": 1.92, "Plan Rows": 9, "Plan Width": 0, "Actual Startup Time": 2525.585, "Actual Total Time": 2525.585, "Actual Rows": 2292865, "Actual Loops": 573635, "Index Cond": "(l_orderkey = orders.o_orderkey)"}]}]}]}]}]}, "Triggers": [], "Planner Runtime": 1, "Total Runtime": 17349.86, "Unique SQL Id": 1604070524}}, "(16, 52)": {"explain_plan": {"Plan": {"Node Type": "Limit", "Startup Cost": 3997545.9, "Total Cost": 3997545.95, "Plan Rows": 20, "Plan Width": 199, "Plans": [{"Node Type": "Sort", "Parent Relationship": "Outer", "Startup Cost": 3997545.9, "Total Cost": 4001160.65, "Plan Rows": 20, "Plan Width": 199, "Sort Key": ["(sum((lineitem.l_extendedprice * (1::double precision - lineitem.l_discount)))) DESC"], "Plans": [{"Node Type": "Aggregate", "Strategy": "Hashed", "Parent Relationship": "Outer", "Startup Cost": 3944612.1, "Total Cost": 3959071.08, "Plan Rows": 1445898, "Plan Width": 199, "Group By Key": ["customer.c_custkey", "customer.c_name", "customer.c_acctbal", "customer.c_phone", "nation.n_name", "customer.c_address", "customer.c_comment"], "Plans": [{"Node Type": "Nested Loop", "Parent Relationship": "Outer", "Join Type": "Inner", "Startup Cost": 14729.65, "Total Cost": 3908464.65, "Plan Rows": 1445898, "Plan Width": 191, "Inner Unique": false, "Plans": [{"Node Type": "Nested Loop", "Parent Relationship": "Outer", "Join Type": "Inner", "Startup Cost": 14729.65, "Total Cost": 791847.2, "Plan Rows": 575746, "Plan Width": 183, "Inner Unique": true, "Plans": [{"Node Type": "Nested Loop", "Parent Relationship": "Outer", "Join Type": "Inner", "Startup Cost": 14729.65, "Total Cost": 630633.72, "Plan Rows": 575746, "Plan Width": 161, "Inner Unique": true, "Plans": [{"Node Type": "Bitmap Heap Scan", "Parent Relationship": "Outer", "Relation Name": "orders", "Alias": "orders", "Startup Cost": 14729.65, "Total Cost": 299784.84, "Plan Rows": 575746, "Plan Width": 16, "Recheck Cond": "((o_orderdate >= '1993-08-01 00:00:00'::timestamp(0) without time zone) AND (o_orderdate < '1993-11-01 00:00:00'::timestamp without time zone)), (LLVM Optimized)", "Plans": [{"Node Type": "Bitmap Index Scan", "Parent Relationship": "Outer", "Index Name": "idx_orders_orderdate", "Startup Cost": 0.0, "Total Cost": 14585.71, "Plan Rows": 575746, "Plan Width": 0, "Index Cond": "((o_orderdate >= '1993-08-01 00:00:00'::timestamp(0) without time zone) AND (o_orderdate < '1993-11-01 00:00:00'::timestamp without time zone))"}]}, {"Node Type": "Index Scan", "Parent Relationship": "Inner", "Scan Direction": "Forward", "Index Name": "customer_pkey", "Relation Name": "customer", "Alias": "customer", "Startup Cost": 0.0, "Total Cost": 0.56, "Plan Rows": 1, "Plan Width": 153, "Index Cond": "(c_custkey = orders.o_custkey)"}]}, {"Node Type": "Index Scan", "Parent Relationship": "Inner", "Scan Direction": "Forward", "Index Name": "nation_pkey", "Relation Name": "nation", "Alias": "nation", "Startup Cost": 0.0, "Total Cost": 0.27, "Plan Rows": 1, "Plan Width": 30, "Index Cond": "(n_nationkey = customer.c_nationkey)"}]}, {"Node Type": "Index Scan", "Parent Relationship": "Inner", "Scan Direction": "Forward", "Index Name": "idx_lineitem_orderkey", "Relation Name": "lineitem", "Alias": "lineitem", "Startup Cost": 0.0, "Total Cost": 5.38, "Plan Rows": 3, "Plan Width": 24, "Index Cond": "(l_orderkey = orders.o_orderkey)", "Filter": "(l_returnflag = 'R'::bpchar)"}]}]}]}]}, "Unique SQL Id": 1604070524, "Planner Runtime": 1}, "explain_analyze_plan": {"Plan": {"Node Type": "Limit", "Startup Cost": 3997545.9, "Total Cost": 3997545.95, "Plan Rows": 20, "Plan Width": 199, "Actual Startup Time": 14200.593, "Actual Total Time": 14200.598, "Actual Rows": 20, "Actual Loops": 1, "Plans": [{"Node Type": "Sort", "Parent Relationship": "Outer", "Startup Cost": 3997545.9, "Total Cost": 4001160.65, "Plan Rows": 20, "Plan Width": 199, "Actual Startup Time": 14200.59, "Actual Total Time": 14200.591, "Actual Rows": 20, "Actual Loops": 1, "Sort Key": ["(sum((lineitem.l_extendedprice * (1::double precision - lineitem.l_discount)))) DESC"], "Sort Method": "top-N heapsort", "Sort Space Used": 35, "Sort Space Type": "Memory", "Plans": [{"Node Type": "Aggregate", "Strategy": "Hashed", "Parent Relationship": "Outer", "Startup Cost": 3944612.1, "Total Cost": 3959071.08, "Plan Rows": 1445898, "Plan Width": 199, "Actual Startup Time": 13814.882, "Actual Total Time": 14062.756, "Actual Rows": 381542, "Actual Loops": 1, "Group By Key": ["customer.c_custkey", "customer.c_name", "customer.c_acctbal", "customer.c_phone", "nation.n_name", "customer.c_address", "customer.c_comment"], "Plans": [{"Node Type": "Nested Loop", "Parent Relationship": "Outer", "Join Type": "Inner", "Startup Cost": 14729.65, "Total Cost": 3908464.65, "Plan Rows": 1445898, "Plan Width": 191, "Actual Startup Time": 259.65, "Actual Total Time": 11962.783, "Actual Rows": 1145969, "Actual Loops": 1, "Inner Unique": false, "Plans": [{"Node Type": "Nested Loop", "Parent Relationship": "Outer", "Join Type": "Inner", "Startup Cost": 14729.65, "Total Cost": 791847.2, "Plan Rows": 575746, "Plan Width": 183, "Actual Startup Time": 259.608, "Actual Total Time": 6364.896, "Actual Rows": 573635, "Actual Loops": 1, "Inner Unique": true, "Plans": [{"Node Type": "Nested Loop", "Parent Relationship": "Outer", "Join Type": "Inner", "Startup Cost": 14729.65, "Total Cost": 630633.72, "Plan Rows": 575746, "Plan Width": 161, "Actual Startup Time": 259.597, "Actual Total Time": 5116.295, "Actual Rows": 573635, "Actual Loops": 1, "Inner Unique": true, "Plans": [{"Node Type": "Bitmap Heap Scan", "Parent Relationship": "Outer", "Relation Name": "orders", "Alias": "orders", "Startup Cost": 14729.65, "Total Cost": 299784.84, "Plan Rows": 575746, "Plan Width": 16, "Actual Startup Time": 259.553, "Actual Total Time": 1135.429, "Actual Rows": 573635, "Actual Loops": 1, "Recheck Cond": "((o_orderdate >= '1993-08-01 00:00:00'::timestamp(0) without time zone) AND (o_orderdate < '1993-11-01 00:00:00'::timestamp without time zone)), (LLVM Optimized, Jit Execute)", "Rows Removed by Index Recheck": 0, "Exact Heap Blocks": 242860, "Lossy Heap Blocks": 242860, "Plans": [{"Node Type": "Bitmap Index Scan", "Parent Relationship": "Outer", "Index Name": "idx_orders_orderdate", "Startup Cost": 0.0, "Total Cost": 14585.71, "Plan Rows": 575746, "Plan Width": 0, "Actual Startup Time": 184.001, "Actual Total Time": 184.001, "Actual Rows": 573635, "Actual Loops": 1, "Index Cond": "((o_orderdate >= '1993-08-01 00:00:00'::timestamp(0) without time zone) AND (o_orderdate < '1993-11-01 00:00:00'::timestamp without time zone))"}]}, {"Node Type": "Index Scan", "Parent Relationship": "Inner", "Scan Direction": "Forward", "Index Name": "customer_pkey", "Relation Name": "customer", "Alias": "customer", "Startup Cost": 0.0, "Total Cost": 0.56, "Plan Rows": 1, "Plan Width": 153, "Actual Startup Time": 3482.654, "Actual Total Time": 3482.654, "Actual Rows": 573635, "Actual Loops": 573635, "Index Cond": "(c_custkey = orders.o_custkey)", "Rows Removed by Index Recheck": 0}]}, {"Node Type": "Index Scan", "Parent Relationship": "Inner", "Scan Direction": "Forward", "Index Name": "nation_pkey", "Relation Name": "nation", "Alias": "nation", "Startup Cost": 0.0, "Total Cost": 0.27, "Plan Rows": 1, "Plan Width": 30, "Actual Startup Time": 796.403, "Actual Total Time": 796.403, "Actual Rows": 573635, "Actual Loops": 573635, "Index Cond": "(n_nationkey = customer.c_nationkey)", "Rows Removed by Index Recheck": 0}]}, {"Node Type": "Index Scan", "Parent Relationship": "Inner", "Scan Direction": "Forward", "Index Name": "idx_lineitem_orderkey", "Relation Name": "lineitem", "Alias": "lineitem", "Startup Cost": 0.0, "Total Cost": 5.38, "Plan Rows": 3, "Plan Width": 24, "Actual Startup Time": 3771.015, "Actual Total Time": 5012.914, "Actual Rows": 1145969, "Actual Loops": 573635, "Index Cond": "(l_orderkey = orders.o_orderkey)", "Rows Removed by Index Recheck": 0, "Filter": "(l_returnflag = 'R'::bpchar)", "Rows Removed by Filter": 1146896}]}]}]}]}, "Triggers": [], "Planner Runtime": 0, "Total Runtime": 14211.029, "Unique SQL Id": 1604070524}}, "(16, 53)": {"explain_plan": {"Plan": {"Node Type": "Limit", "Startup Cost": 3997545.9, "Total Cost": 3997545.95, "Plan Rows": 20, "Plan Width": 199, "Plans": [{"Node Type": "Sort", "Parent Relationship": "Outer", "Startup Cost": 3997545.9, "Total Cost": 4001160.65, "Plan Rows": 20, "Plan Width": 199, "Sort Key": ["(sum((lineitem.l_extendedprice * (1::double precision - lineitem.l_discount)))) DESC"], "Plans": [{"Node Type": "Aggregate", "Strategy": "Hashed", "Parent Relationship": "Outer", "Startup Cost": 3944612.1, "Total Cost": 3959071.08, "Plan Rows": 1445898, "Plan Width": 199, "Group By Key": ["customer.c_custkey", "customer.c_name", "customer.c_acctbal", "customer.c_phone", "nation.n_name", "customer.c_address", "customer.c_comment"], "Plans": [{"Node Type": "Nested Loop", "Parent Relationship": "Outer", "Join Type": "Inner", "Startup Cost": 14729.65, "Total Cost": 3908464.65, "Plan Rows": 1445898, "Plan Width": 191, "Inner Unique": false, "Plans": [{"Node Type": "Nested Loop", "Parent Relationship": "Outer", "Join Type": "Inner", "Startup Cost": 14729.65, "Total Cost": 791847.2, "Plan Rows": 575746, "Plan Width": 183, "Inner Unique": true, "Plans": [{"Node Type": "Nested Loop", "Parent Relationship": "Outer", "Join Type": "Inner", "Startup Cost": 14729.65, "Total Cost": 630633.72, "Plan Rows": 575746, "Plan Width": 161, "Inner Unique": true, "Plans": [{"Node Type": "Bitmap Heap Scan", "Parent Relationship": "Outer", "Relation Name": "orders", "Alias": "orders", "Startup Cost": 14729.65, "Total Cost": 299784.84, "Plan Rows": 575746, "Plan Width": 16, "Recheck Cond": "((o_orderdate >= '1993-08-01 00:00:00'::timestamp(0) without time zone) AND (o_orderdate < '1993-11-01 00:00:00'::timestamp without time zone)), (LLVM Optimized)", "Plans": [{"Node Type": "Bitmap Index Scan", "Parent Relationship": "Outer", "Index Name": "idx_orders_orderdate", "Startup Cost": 0.0, "Total Cost": 14585.71, "Plan Rows": 575746, "Plan Width": 0, "Index Cond": "((o_orderdate >= '1993-08-01 00:00:00'::timestamp(0) without time zone) AND (o_orderdate < '1993-11-01 00:00:00'::timestamp without time zone))"}]}, {"Node Type": "Index Scan", "Parent Relationship": "Inner", "Scan Direction": "Forward", "Index Name": "customer_pkey", "Relation Name": "customer", "Alias": "customer", "Startup Cost": 0.0, "Total Cost": 0.56, "Plan Rows": 1, "Plan Width": 153, "Index Cond": "(c_custkey = orders.o_custkey)"}]}, {"Node Type": "Index Scan", "Parent Relationship": "Inner", "Scan Direction": "Forward", "Index Name": "nation_pkey", "Relation Name": "nation", "Alias": "nation", "Startup Cost": 0.0, "Total Cost": 0.27, "Plan Rows": 1, "Plan Width": 30, "Index Cond": "(n_nationkey = customer.c_nationkey)"}]}, {"Node Type": "Index Scan", "Parent Relationship": "Inner", "Scan Direction": "Forward", "Index Name": "idx_lineitem_orderkey", "Relation Name": "lineitem", "Alias": "lineitem", "Startup Cost": 0.0, "Total Cost": 5.38, "Plan Rows": 3, "Plan Width": 24, "Index Cond": "(l_orderkey = orders.o_orderkey)", "Filter": "(l_returnflag = 'R'::bpchar)"}]}]}]}]}, "Unique SQL Id": 1604070524, "Planner Runtime": 0}, "explain_analyze_plan": {"Plan": {"Node Type": "Limit", "Startup Cost": 3997545.9, "Total Cost": 3997545.95, "Plan Rows": 20, "Plan Width": 199, "Actual Startup Time": 14200.593, "Actual Total Time": 14200.598, "Actual Rows": 20, "Actual Loops": 1, "Plans": [{"Node Type": "Sort", "Parent Relationship": "Outer", "Startup Cost": 3997545.9, "Total Cost": 4001160.65, "Plan Rows": 20, "Plan Width": 199, "Actual Startup Time": 14200.59, "Actual Total Time": 14200.591, "Actual Rows": 20, "Actual Loops": 1, "Sort Key": ["(sum((lineitem.l_extendedprice * (1::double precision - lineitem.l_discount)))) DESC"], "Sort Method": "top-N heapsort", "Sort Space Used": 35, "Sort Space Type": "Memory", "Plans": [{"Node Type": "Aggregate", "Strategy": "Hashed", "Parent Relationship": "Outer", "Startup Cost": 3944612.1, "Total Cost": 3959071.08, "Plan Rows": 1445898, "Plan Width": 199, "Actual Startup Time": 13814.882, "Actual Total Time": 14062.756, "Actual Rows": 381542, "Actual Loops": 1, "Group By Key": ["customer.c_custkey", "customer.c_name", "customer.c_acctbal", "customer.c_phone", "nation.n_name", "customer.c_address", "customer.c_comment"], "Plans": [{"Node Type": "Nested Loop", "Parent Relationship": "Outer", "Join Type": "Inner", "Startup Cost": 14729.65, "Total Cost": 3908464.65, "Plan Rows": 1445898, "Plan Width": 191, "Actual Startup Time": 259.65, "Actual Total Time": 11962.783, "Actual Rows": 1145969, "Actual Loops": 1, "Inner Unique": false, "Plans": [{"Node Type": "Nested Loop", "Parent Relationship": "Outer", "Join Type": "Inner", "Startup Cost": 14729.65, "Total Cost": 791847.2, "Plan Rows": 575746, "Plan Width": 183, "Actual Startup Time": 259.608, "Actual Total Time": 6364.896, "Actual Rows": 573635, "Actual Loops": 1, "Inner Unique": true, "Plans": [{"Node Type": "Nested Loop", "Parent Relationship": "Outer", "Join Type": "Inner", "Startup Cost": 14729.65, "Total Cost": 630633.72, "Plan Rows": 575746, "Plan Width": 161, "Actual Startup Time": 259.597, "Actual Total Time": 5116.295, "Actual Rows": 573635, "Actual Loops": 1, "Inner Unique": true, "Plans": [{"Node Type": "Bitmap Heap Scan", "Parent Relationship": "Outer", "Relation Name": "orders", "Alias": "orders", "Startup Cost": 14729.65, "Total Cost": 299784.84, "Plan Rows": 575746, "Plan Width": 16, "Actual Startup Time": 259.553, "Actual Total Time": 1135.429, "Actual Rows": 573635, "Actual Loops": 1, "Recheck Cond": "((o_orderdate >= '1993-08-01 00:00:00'::timestamp(0) without time zone) AND (o_orderdate < '1993-11-01 00:00:00'::timestamp without time zone)), (LLVM Optimized, Jit Execute)", "Rows Removed by Index Recheck": 0, "Exact Heap Blocks": 242860, "Lossy Heap Blocks": 242860, "Plans": [{"Node Type": "Bitmap Index Scan", "Parent Relationship": "Outer", "Index Name": "idx_orders_orderdate", "Startup Cost": 0.0, "Total Cost": 14585.71, "Plan Rows": 575746, "Plan Width": 0, "Actual Startup Time": 184.001, "Actual Total Time": 184.001, "Actual Rows": 573635, "Actual Loops": 1, "Index Cond": "((o_orderdate >= '1993-08-01 00:00:00'::timestamp(0) without time zone) AND (o_orderdate < '1993-11-01 00:00:00'::timestamp without time zone))"}]}, {"Node Type": "Index Scan", "Parent Relationship": "Inner", "Scan Direction": "Forward", "Index Name": "customer_pkey", "Relation Name": "customer", "Alias": "customer", "Startup Cost": 0.0, "Total Cost": 0.56, "Plan Rows": 1, "Plan Width": 153, "Actual Startup Time": 3482.654, "Actual Total Time": 3482.654, "Actual Rows": 573635, "Actual Loops": 573635, "Index Cond": "(c_custkey = orders.o_custkey)", "Rows Removed by Index Recheck": 0}]}, {"Node Type": "Index Scan", "Parent Relationship": "Inner", "Scan Direction": "Forward", "Index Name": "nation_pkey", "Relation Name": "nation", "Alias": "nation", "Startup Cost": 0.0, "Total Cost": 0.27, "Plan Rows": 1, "Plan Width": 30, "Actual Startup Time": 796.403, "Actual Total Time": 796.403, "Actual Rows": 573635, "Actual Loops": 573635, "Index Cond": "(n_nationkey = customer.c_nationkey)", "Rows Removed by Index Recheck": 0}]}, {"Node Type": "Index Scan", "Parent Relationship": "Inner", "Scan Direction": "Forward", "Index Name": "idx_lineitem_orderkey", "Relation Name": "lineitem", "Alias": "lineitem", "Startup Cost": 0.0, "Total Cost": 5.38, "Plan Rows": 3, "Plan Width": 24, "Actual Startup Time": 3771.015, "Actual Total Time": 5012.914, "Actual Rows": 1145969, "Actual Loops": 573635, "Index Cond": "(l_orderkey = orders.o_orderkey)", "Rows Removed by Index Recheck": 0, "Filter": "(l_returnflag = 'R'::bpchar)", "Rows Removed by Filter": 1146896}]}]}]}]}, "Triggers": [], "Planner Runtime": 0, "Total Runtime": 14211.029, "Unique SQL Id": 1604070524}}, "(16, 54)": {"explain_plan": {"Plan": {"Node Type": "Limit", "Startup Cost": 11194981.94, "Total Cost": 11194981.99, "Plan Rows": 20, "Plan Width": 199, "Plans": [{"Node Type": "Sort", "Parent Relationship": "Outer", "Startup Cost": 11194981.94, "Total Cost": 11198596.68, "Plan Rows": 20, "Plan Width": 199, "Sort Key": ["(sum((lineitem.l_extendedprice * (1::double precision - lineitem.l_discount)))) DESC"], "Plans": [{"Node Type": "Aggregate", "Strategy": "Hashed", "Parent Relationship": "Outer", "Startup Cost": 11142048.13, "Total Cost": 11156507.11, "Plan Rows": 1445898, "Plan Width": 199, "Group By Key": ["customer.c_custkey", "customer.c_name", "customer.c_acctbal", "customer.c_phone", "nation.n_name", "customer.c_address", "customer.c_comment"], "Plans": [{"Node Type": "Nested Loop", "Parent Relationship": "Outer", "Join Type": "Inner", "Startup Cost": 14731.87, "Total Cost": 11105900.68, "Plan Rows": 1445898, "Plan Width": 191, "Inner Unique": false, "Plans": [{"Node Type": "Nested Loop", "Parent Relationship": "Outer", "Join Type": "Inner", "Startup Cost": 14729.94, "Total Cost": 3001163.72, "Plan Rows": 575746, "Plan Width": 183, "Inner Unique": true, "Join Filter": "(customer.c_nationkey = nation.n_nationkey), (LLVM Optimized)", "Plans": [{"Node Type": "Nested Loop", "Parent Relationship": "Outer", "Join Type": "Inner", "Startup Cost": 14729.94, "Total Cost": 2785257.65, "Plan Rows": 575746, "Plan Width": 161, "Inner Unique": true, "Plans": [{"Node Type": "Bitmap Heap Scan", "Parent Relationship": "Outer", "Relation Name": "orders", "Alias": "orders", "Startup Cost": 14729.65, "Total Cost": 299784.84, "Plan Rows": 575746, "Plan Width": 16, "Recheck Cond": "((o_orderdate >= '1993-08-01 00:00:00'::timestamp(0) without time zone) AND (o_orderdate < '1993-11-01 00:00:00'::timestamp without time zone)), (LLVM Optimized)", "Plans": [{"Node Type": "Bitmap Index Scan", "Parent Relationship": "Outer", "Index Name": "idx_orders_orderdate", "Startup Cost": 0.0, "Total Cost": 14585.71, "Plan Rows": 575746, "Plan Width": 0, "Index Cond": "((o_orderdate >= '1993-08-01 00:00:00'::timestamp(0) without time zone) AND (o_orderdate < '1993-11-01 00:00:00'::timestamp without time zone))"}]}, {"Node Type": "Bitmap Heap Scan", "Parent Relationship": "Inner", "Relation Name": "customer", "Alias": "customer", "Startup Cost": 0.29, "Total Cost": 4.31, "Plan Rows": 1, "Plan Width": 153, "Recheck Cond": "(c_custkey = orders.o_custkey)", "Plans": [{"Node Type": "Bitmap Index Scan", "Parent Relationship": "Outer", "Index Name": "customer_pkey", "Startup Cost": 0.0, "Total Cost": 0.29, "Plan Rows": 1, "Plan Width": 0, "Index Cond": "(c_custkey = orders.o_custkey)"}]}]}, {"Node Type": "Materialize", "Parent Relationship": "Inner", "Startup Cost": 0.0, "Total Cost": 1.38, "Plan Rows": 25, "Plan Width": 30, "Plans": [{"Node Type": "Seq Scan", "Parent Relationship": "Outer", "Relation Name": "nation", "Alias": "nation", "Startup Cost": 0.0, "Total Cost": 1.25, "Plan Rows": 25, "Plan Width": 30}]}]}, {"Node Type": "Bitmap Heap Scan", "Parent Relationship": "Inner", "Relation Name": "lineitem", "Alias": "lineitem", "Startup Cost": 1.93, "Total Cost": 14.05, "Plan Rows": 3, "Plan Width": 24, "Recheck Cond": "(l_orderkey = orders.o_orderkey)", "Filter": "(l_returnflag = 'R'::bpchar)", "Plans": [{"Node Type": "Bitmap Index Scan", "Parent Relationship": "Outer", "Index Name": "idx_lineitem_orderkey", "Startup Cost": 0.0, "Total Cost": 1.92, "Plan Rows": 9, "Plan Width": 0, "Index Cond": "(l_orderkey = orders.o_orderkey)"}]}]}]}]}]}, "Unique SQL Id": 1604070524, "Planner Runtime": 1}, "explain_analyze_plan": {"Plan": {"Node Type": "Limit", "Startup Cost": 11194981.94, "Total Cost": 11194981.99, "Plan Rows": 20, "Plan Width": 199, "Actual Startup Time": 17396.702, "Actual Total Time": 17396.711, "Actual Rows": 20, "Actual Loops": 1, "Plans": [{"Node Type": "Sort", "Parent Relationship": "Outer", "Startup Cost": 11194981.94, "Total Cost": 11198596.68, "Plan Rows": 20, "Plan Width": 199, "Actual Startup Time": 17396.699, "Actual Total Time": 17396.704, "Actual Rows": 20, "Actual Loops": 1, "Sort Key": ["(sum((lineitem.l_extendedprice * (1::double precision - lineitem.l_discount)))) DESC"], "Sort Method": "top-N heapsort", "Sort Space Used": 35, "Sort Space Type": "Memory", "Plans": [{"Node Type": "Aggregate", "Strategy": "Hashed", "Parent Relationship": "Outer", "Startup Cost": 11142048.13, "Total Cost": 11156507.11, "Plan Rows": 1445898, "Plan Width": 199, "Actual Startup Time": 16990.649, "Actual Total Time": 17259.054, "Actual Rows": 381542, "Actual Loops": 1, "Group By Key": ["customer.c_custkey", "customer.c_name", "customer.c_acctbal", "customer.c_phone", "nation.n_name", "customer.c_address", "customer.c_comment"], "Plans": [{"Node Type": "Nested Loop", "Parent Relationship": "Outer", "Join Type": "Inner", "Startup Cost": 14731.87, "Total Cost": 11105900.68, "Plan Rows": 1445898, "Plan Width": 191, "Actual Startup Time": 257.817, "Actual Total Time": 15019.547, "Actual Rows": 1145969, "Actual Loops": 1, "Inner Unique": false, "Plans": [{"Node Type": "Nested Loop", "Parent Relationship": "Outer", "Join Type": "Inner", "Startup Cost": 14729.94, "Total Cost": 3001163.72, "Plan Rows": 575746, "Plan Width": 183, "Actual Startup Time": 257.77, "Actual Total Time": 8387.559, "Actual Rows": 573635, "Actual Loops": 1, "Inner Unique": true, "Join Filter": "(customer.c_nationkey = nation.n_nationkey), (LLVM Optimized, Jit Execute)", "Rows Removed by Join Filter": 6871608, "Plans": [{"Node Type": "Nested Loop", "Parent Relationship": "Outer", "Join Type": "Inner", "Startup Cost": 14729.94, "Total Cost": 2785257.65, "Plan Rows": 575746, "Plan Width": 161, "Actual Startup Time": 257.726, "Actual Total Time": 6311.045, "Actual Rows": 573635, "Actual Loops": 1, "Inner Unique": true, "Plans": [{"Node Type": "Bitmap Heap Scan", "Parent Relationship": "Outer", "Relation Name": "orders", "Alias": "orders", "Startup Cost": 14729.65, "Total Cost": 299784.84, "Plan Rows": 575746, "Plan Width": 16, "Actual Startup Time": 257.669, "Actual Total Time": 1075.813, "Actual Rows": 573635, "Actual Loops": 1, "Recheck Cond": "((o_orderdate >= '1993-08-01 00:00:00'::timestamp(0) without time zone) AND (o_orderdate < '1993-11-01 00:00:00'::timestamp without time zone)), (LLVM Optimized, Jit Execute)", "Rows Removed by Index Recheck": 0, "Exact Heap Blocks": 242860, "Lossy Heap Blocks": 242860, "Plans": [{"Node Type": "Bitmap Index Scan", "Parent Relationship": "Outer", "Index Name": "idx_orders_orderdate", "Startup Cost": 0.0, "Total Cost": 14585.71, "Plan Rows": 575746, "Plan Width": 0, "Actual Startup Time": 182.613, "Actual Total Time": 182.613, "Actual Rows": 573635, "Actual Loops": 1, "Index Cond": "((o_orderdate >= '1993-08-01 00:00:00'::timestamp(0) without time zone) AND (o_orderdate < '1993-11-01 00:00:00'::timestamp without time zone))"}]}, {"Node Type": "Bitmap Heap Scan", "Parent Relationship": "Inner", "Relation Name": "customer", "Alias": "customer", "Startup Cost": 0.29, "Total Cost": 4.31, "Plan Rows": 1, "Plan Width": 153, "Actual Startup Time": 4365.415, "Actual Total Time": 4365.415, "Actual Rows": 573635, "Actual Loops": 573635, "Recheck Cond": "(c_custkey = orders.o_custkey)", "Rows Removed by Index Recheck": 0, "Exact Heap Blocks": 573635, "Lossy Heap Blocks": 573635, "Plans": [{"Node Type": "Bitmap Index Scan", "Parent Relationship": "Outer", "Index Name": "customer_pkey", "Startup Cost": 0.0, "Total Cost": 0.29, "Plan Rows": 1, "Plan Width": 0, "Actual Startup Time": 2667.976, "Actual Total Time": 2667.976, "Actual Rows": 573635, "Actual Loops": 573635, "Index Cond": "(c_custkey = orders.o_custkey)"}]}]}, {"Node Type": "Materialize", "Parent Relationship": "Inner", "Startup Cost": 0.0, "Total Cost": 1.38, "Plan Rows": 25, "Plan Width": 30, "Actual Startup Time": 73.932, "Actual Total Time": 652.745, "Actual Rows": 7445243, "Actual Loops": 573635, "Plans": [{"Node Type": "Seq Scan", "Parent Relationship": "Outer", "Relation Name": "nation", "Alias": "nation", "Startup Cost": 0.0, "Total Cost": 1.25, "Plan Rows": 25, "Plan Width": 30, "Actual Startup Time": 0.016, "Actual Total Time": 0.023, "Actual Rows": 25, "Actual Loops": 1}]}]}, {"Node Type": "Bitmap Heap Scan", "Parent Relationship": "Inner", "Relation Name": "lineitem", "Alias": "lineitem", "Startup Cost": 1.93, "Total Cost": 14.05, "Plan Rows": 3, "Plan Width": 24, "Actual Startup Time": 5101.982, "Actual Total Time": 5644.068, "Actual Rows": 1145969, "Actual Loops": 573635, "Recheck Cond": "(l_orderkey = orders.o_orderkey)", "Rows Removed by Index Recheck": 0, "Filter": "(l_returnflag = 'R'::bpchar)", "Rows Removed by Filter": 1146896, "Exact Heap Blocks": 614400, "Lossy Heap Blocks": 614400, "Plans": [{"Node Type": "Bitmap Index Scan", "Parent Relationship": "Outer", "Index Name": "idx_lineitem_orderkey", "Startup Cost": 0.0, "Total Cost": 1.92, "Plan Rows": 9, "Plan Width": 0, "Actual Startup Time": 2583.756, "Actual Total Time": 2583.756, "Actual Rows": 2292865, "Actual Loops": 573635, "Index Cond": "(l_orderkey = orders.o_orderkey)"}]}]}]}]}]}, "Triggers": [], "Planner Runtime": 0, "Total Runtime": 17407.41, "Unique SQL Id": 1604070524}}, "(16, 55)": {"explain_plan": {"Plan": {"Node Type": "Limit", "Startup Cost": 13443415.76, "Total Cost": 13443415.81, "Plan Rows": 20, "Plan Width": 199, "Plans": [{"Node Type": "Sort", "Parent Relationship": "Outer", "Startup Cost": 13443415.76, "Total Cost": 13447030.51, "Plan Rows": 20, "Plan Width": 199, "Sort Key": ["(sum((lineitem.l_extendedprice * (1::double precision - lineitem.l_discount)))) DESC"], "Plans": [{"Node Type": "Aggregate", "Strategy": "Hashed", "Parent Relationship": "Outer", "Startup Cost": 13390481.96, "Total Cost": 13404940.94, "Plan Rows": 1445898, "Plan Width": 199, "Group By Key": ["customer.c_custkey", "customer.c_name", "customer.c_acctbal", "customer.c_phone", "nation.n_name", "customer.c_address", "customer.c_comment"], "Plans": [{"Node Type": "Nested Loop", "Parent Relationship": "Outer", "Join Type": "Inner", "Startup Cost": 14732.12, "Total Cost": 13354334.51, "Plan Rows": 1445898, "Plan Width": 191, "Inner Unique": false, "Plans": [{"Node Type": "Nested Loop", "Parent Relationship": "Outer", "Join Type": "Inner", "Startup Cost": 14730.2, "Total Cost": 5249597.54, "Plan Rows": 575746, "Plan Width": 183, "Inner Unique": true, "Plans": [{"Node Type": "Nested Loop", "Parent Relationship": "Outer", "Join Type": "Inner", "Startup Cost": 14729.94, "Total Cost": 2785257.65, "Plan Rows": 575746, "Plan Width": 161, "Inner Unique": true, "Plans": [{"Node Type": "Bitmap Heap Scan", "Parent Relationship": "Outer", "Relation Name": "orders", "Alias": "orders", "Startup Cost": 14729.65, "Total Cost": 299784.84, "Plan Rows": 575746, "Plan Width": 16, "Recheck Cond": "((o_orderdate >= '1993-08-01 00:00:00'::timestamp(0) without time zone) AND (o_orderdate < '1993-11-01 00:00:00'::timestamp without time zone)), (LLVM Optimized)", "Plans": [{"Node Type": "Bitmap Index Scan", "Parent Relationship": "Outer", "Index Name": "idx_orders_orderdate", "Startup Cost": 0.0, "Total Cost": 14585.71, "Plan Rows": 575746, "Plan Width": 0, "Index Cond": "((o_orderdate >= '1993-08-01 00:00:00'::timestamp(0) without time zone) AND (o_orderdate < '1993-11-01 00:00:00'::timestamp without time zone))"}]}, {"Node Type": "Bitmap Heap Scan", "Parent Relationship": "Inner", "Relation Name": "customer", "Alias": "customer", "Startup Cost": 0.29, "Total Cost": 4.31, "Plan Rows": 1, "Plan Width": 153, "Recheck Cond": "(c_custkey = orders.o_custkey)", "Plans": [{"Node Type": "Bitmap Index Scan", "Parent Relationship": "Outer", "Index Name": "customer_pkey", "Startup Cost": 0.0, "Total Cost": 0.29, "Plan Rows": 1, "Plan Width": 0, "Index Cond": "(c_custkey = orders.o_custkey)"}]}]}, {"Node Type": "Bitmap Heap Scan", "Parent Relationship": "Inner", "Relation Name": "nation", "Alias": "nation", "Startup Cost": 0.26, "Total Cost": 4.27, "Plan Rows": 1, "Plan Width": 30, "Recheck Cond": "(n_nationkey = customer.c_nationkey)", "Plans": [{"Node Type": "Bitmap Index Scan", "Parent Relationship": "Outer", "Index Name": "nation_pkey", "Startup Cost": 0.0, "Total Cost": 0.26, "Plan Rows": 1, "Plan Width": 0, "Index Cond": "(n_nationkey = customer.c_nationkey)"}]}]}, {"Node Type": "Bitmap Heap Scan", "Parent Relationship": "Inner", "Relation Name": "lineitem", "Alias": "lineitem", "Startup Cost": 1.93, "Total Cost": 14.05, "Plan Rows": 3, "Plan Width": 24, "Recheck Cond": "(l_orderkey = orders.o_orderkey)", "Filter": "(l_returnflag = 'R'::bpchar)", "Plans": [{"Node Type": "Bitmap Index Scan", "Parent Relationship": "Outer", "Index Name": "idx_lineitem_orderkey", "Startup Cost": 0.0, "Total Cost": 1.92, "Plan Rows": 9, "Plan Width": 0, "Index Cond": "(l_orderkey = orders.o_orderkey)"}]}]}]}]}]}, "Unique SQL Id": 1604070524, "Planner Runtime": 0}, "explain_analyze_plan": {"Plan": {"Node Type": "Limit", "Startup Cost": 13443415.76, "Total Cost": 13443415.81, "Plan Rows": 20, "Plan Width": 199, "Actual Startup Time": 17339.241, "Actual Total Time": 17339.252, "Actual Rows": 20, "Actual Loops": 1, "Plans": [{"Node Type": "Sort", "Parent Relationship": "Outer", "Startup Cost": 13443415.76, "Total Cost": 13447030.51, "Plan Rows": 20, "Plan Width": 199, "Actual Startup Time": 17339.239, "Actual Total Time": 17339.248, "Actual Rows": 20, "Actual Loops": 1, "Sort Key": ["(sum((lineitem.l_extendedprice * (1::double precision - lineitem.l_discount)))) DESC"], "Sort Method": "top-N heapsort", "Sort Space Used": 35, "Sort Space Type": "Memory", "Plans": [{"Node Type": "Aggregate", "Strategy": "Hashed", "Parent Relationship": "Outer", "Startup Cost": 13390481.96, "Total Cost": 13404940.94, "Plan Rows": 1445898, "Plan Width": 199, "Actual Startup Time": 16948.804, "Actual Total Time": 17203.575, "Actual Rows": 381542, "Actual Loops": 1, "Group By Key": ["customer.c_custkey", "customer.c_name", "customer.c_acctbal", "customer.c_phone", "nation.n_name", "customer.c_address", "customer.c_comment"], "Plans": [{"Node Type": "Nested Loop", "Parent Relationship": "Outer", "Join Type": "Inner", "Startup Cost": 14732.12, "Total Cost": 13354334.51, "Plan Rows": 1445898, "Plan Width": 191, "Actual Startup Time": 243.383, "Actual Total Time": 14979.756, "Actual Rows": 1145969, "Actual Loops": 1, "Inner Unique": false, "Plans": [{"Node Type": "Nested Loop", "Parent Relationship": "Outer", "Join Type": "Inner", "Startup Cost": 14730.2, "Total Cost": 5249597.54, "Plan Rows": 575746, "Plan Width": 183, "Actual Startup Time": 243.33, "Actual Total Time": 8554.709, "Actual Rows": 573635, "Actual Loops": 1, "Inner Unique": true, "Plans": [{"Node Type": "Nested Loop", "Parent Relationship": "Outer", "Join Type": "Inner", "Startup Cost": 14729.94, "Total Cost": 2785257.65, "Plan Rows": 575746, "Plan Width": 161, "Actual Startup Time": 243.278, "Actual Total Time": 6365.155, "Actual Rows": 573635, "Actual Loops": 1, "Inner Unique": true, "Plans": [{"Node Type": "Bitmap Heap Scan", "Parent Relationship": "Outer", "Relation Name": "orders", "Alias": "orders", "Startup Cost": 14729.65, "Total Cost": 299784.84, "Plan Rows": 575746, "Plan Width": 16, "Actual Startup Time": 243.054, "Actual Total Time": 1186.231, "Actual Rows": 573635, "Actual Loops": 1, "Recheck Cond": "((o_orderdate >= '1993-08-01 00:00:00'::timestamp(0) without time zone) AND (o_orderdate < '1993-11-01 00:00:00'::timestamp without time zone)), (LLVM Optimized, Jit Execute)", "Rows Removed by Index Recheck": 0, "Exact Heap Blocks": 242860, "Lossy Heap Blocks": 242860, "Plans": [{"Node Type": "Bitmap Index Scan", "Parent Relationship": "Outer", "Index Name": "idx_orders_orderdate", "Startup Cost": 0.0, "Total Cost": 14585.71, "Plan Rows": 575746, "Plan Width": 0, "Actual Startup Time": 167.646, "Actual Total Time": 167.646, "Actual Rows": 573635, "Actual Loops": 1, "Index Cond": "((o_orderdate >= '1993-08-01 00:00:00'::timestamp(0) without time zone) AND (o_orderdate < '1993-11-01 00:00:00'::timestamp without time zone))"}]}, {"Node Type": "Bitmap Heap Scan", "Parent Relationship": "Inner", "Relation Name": "customer", "Alias": "customer", "Startup Cost": 0.29, "Total Cost": 4.31, "Plan Rows": 1, "Plan Width": 153, "Actual Startup Time": 4298.917, "Actual Total Time": 4298.917, "Actual Rows": 573635, "Actual Loops": 573635, "Recheck Cond": "(c_custkey = orders.o_custkey)", "Rows Removed by Index Recheck": 0, "Exact Heap Blocks": 573635, "Lossy Heap Blocks": 573635, "Plans": [{"Node Type": "Bitmap Index Scan", "Parent Relationship": "Outer", "Index Name": "customer_pkey", "Startup Cost": 0.0, "Total Cost": 0.29, "Plan Rows": 1, "Plan Width": 0, "Actual Startup Time": 2605.74, "Actual Total Time": 2605.74, "Actual Rows": 573635, "Actual Loops": 573635, "Index Cond": "(c_custkey = orders.o_custkey)"}]}]}, {"Node Type": "Bitmap Heap Scan", "Parent Relationship": "Inner", "Relation Name": "nation", "Alias": "nation", "Startup Cost": 0.26, "Total Cost": 4.27, "Plan Rows": 1, "Plan Width": 30, "Actual Startup Time": 1394.855, "Actual Total Time": 1394.855, "Actual Rows": 573635, "Actual Loops": 573635, "Recheck Cond": "(n_nationkey = customer.c_nationkey)", "Rows Removed by Index Recheck": 0, "Exact Heap Blocks": 573635, "Lossy Heap Blocks": 573635, "Plans": [{"Node Type": "Bitmap Index Scan", "Parent Relationship": "Outer", "Index Name": "nation_pkey", "Startup Cost": 0.0, "Total Cost": 0.26, "Plan Rows": 1, "Plan Width": 0, "Actual Startup Time": 610.88, "Actual Total Time": 610.88, "Actual Rows": 573635, "Actual Loops": 573635, "Index Cond": "(n_nationkey = customer.c_nationkey)"}]}]}, {"Node Type": "Bitmap Heap Scan", "Parent Relationship": "Inner", "Relation Name": "lineitem", "Alias": "lineitem", "Startup Cost": 1.93, "Total Cost": 14.05, "Plan Rows": 3, "Plan Width": 24, "Actual Startup Time": 4948.946, "Actual Total Time": 5481.054, "Actual Rows": 1145969, "Actual Loops": 573635, "Recheck Cond": "(l_orderkey = orders.o_orderkey)", "Rows Removed by Index Recheck": 0, "Filter": "(l_returnflag = 'R'::bpchar)", "Rows Removed by Filter": 1146896, "Exact Heap Blocks": 614400, "Lossy Heap Blocks": 614400, "Plans": [{"Node Type": "Bitmap Index Scan", "Parent Relationship": "Outer", "Index Name": "idx_lineitem_orderkey", "Startup Cost": 0.0, "Total Cost": 1.92, "Plan Rows": 9, "Plan Width": 0, "Actual Startup Time": 2525.585, "Actual Total Time": 2525.585, "Actual Rows": 2292865, "Actual Loops": 573635, "Index Cond": "(l_orderkey = orders.o_orderkey)"}]}]}]}]}]}, "Triggers": [], "Planner Runtime": 1, "Total Runtime": 17349.86, "Unique SQL Id": 1604070524}}, "(16, 56)": {"explain_plan": {"Plan": {"Node Type": "Limit", "Startup Cost": 4199172.25, "Total Cost": 4199172.3, "Plan Rows": 20, "Plan Width": 199, "Plans": [{"Node Type": "Sort", "Parent Relationship": "Outer", "Startup Cost": 4199172.25, "Total Cost": 4202787.0, "Plan Rows": 20, "Plan Width": 199, "Sort Key": ["(sum((lineitem.l_extendedprice * (1::double precision - lineitem.l_discount)))) DESC"], "Plans": [{"Node Type": "Aggregate", "Strategy": "Hashed", "Parent Relationship": "Outer", "Startup Cost": 4146238.45, "Total Cost": 4160697.43, "Plan Rows": 1445898, "Plan Width": 199, "Group By Key": ["customer.c_custkey", "customer.c_name", "customer.c_acctbal", "customer.c_phone", "nation.n_name", "customer.c_address", "customer.c_comment"], "Plans": [{"Node Type": "Nested Loop", "Parent Relationship": "Outer", "Join Type": "Inner", "Startup Cost": 585.62, "Total Cost": 4110091.0, "Plan Rows": 1445898, "Plan Width": 191, "Inner Unique": false, "Plans": [{"Node Type": "Nested Loop", "Parent Relationship": "Outer", "Join Type": "Inner", "Startup Cost": 585.62, "Total Cost": 993473.55, "Plan Rows": 575746, "Plan Width": 183, "Inner Unique": true, "Plans": [{"Node Type": "Nested Loop", "Parent Relationship": "Outer", "Join Type": "Inner", "Startup Cost": 585.62, "Total Cost": 832260.06, "Plan Rows": 575746, "Plan Width": 161, "Inner Unique": true, "Plans": [{"Node Type": "Seq Scan", "Parent Relationship": "Outer", "Relation Name": "orders", "Alias": "orders", "Startup Cost": 585.62, "Total Cost": 501411.18, "Plan Rows": 575746, "Plan Width": 16, "Filter": "((o_orderdate >= '1993-08-01 00:00:00'::timestamp(0) without time zone) AND (o_orderdate < '1993-11-01 00:00:00'::timestamp without time zone)), (LLVM Optimized)"}, {"Node Type": "Index Scan", "Parent Relationship": "Inner", "Scan Direction": "Forward", "Index Name": "customer_pkey", "Relation Name": "customer", "Alias": "customer", "Startup Cost": 0.0, "Total Cost": 0.56, "Plan Rows": 1, "Plan Width": 153, "Index Cond": "(c_custkey = orders.o_custkey)"}]}, {"Node Type": "Index Scan", "Parent Relationship": "Inner", "Scan Direction": "Forward", "Index Name": "nation_pkey", "Relation Name": "nation", "Alias": "nation", "Startup Cost": 0.0, "Total Cost": 0.27, "Plan Rows": 1, "Plan Width": 30, "Index Cond": "(n_nationkey = customer.c_nationkey)"}]}, {"Node Type": "Index Scan", "Parent Relationship": "Inner", "Scan Direction": "Forward", "Index Name": "idx_lineitem_orderkey", "Relation Name": "lineitem", "Alias": "lineitem", "Startup Cost": 0.0, "Total Cost": 5.38, "Plan Rows": 3, "Plan Width": 24, "Index Cond": "(l_orderkey = orders.o_orderkey)", "Filter": "(l_returnflag = 'R'::bpchar)"}]}]}]}]}, "Unique SQL Id": 1604070524, "Planner Runtime": 0}, "explain_analyze_plan": {"Plan": {"Node Type": "Limit", "Startup Cost": 4199172.25, "Total Cost": 4199172.3, "Plan Rows": 20, "Plan Width": 199, "Actual Startup Time": 18565.312, "Actual Total Time": 18565.319, "Actual Rows": 20, "Actual Loops": 1, "Plans": [{"Node Type": "Sort", "Parent Relationship": "Outer", "Startup Cost": 4199172.25, "Total Cost": 4202787.0, "Plan Rows": 20, "Plan Width": 199, "Actual Startup Time": 18565.309, "Actual Total Time": 18565.312, "Actual Rows": 20, "Actual Loops": 1, "Sort Key": ["(sum((lineitem.l_extendedprice * (1::double precision - lineitem.l_discount)))) DESC"], "Sort Method": "top-N heapsort", "Sort Space Used": 35, "Sort Space Type": "Memory", "Plans": [{"Node Type": "Aggregate", "Strategy": "Hashed", "Parent Relationship": "Outer", "Startup Cost": 4146238.45, "Total Cost": 4160697.43, "Plan Rows": 1445898, "Plan Width": 199, "Actual Startup Time": 18168.373, "Actual Total Time": 18429.363, "Actual Rows": 381542, "Actual Loops": 1, "Group By Key": ["customer.c_custkey", "customer.c_name", "customer.c_acctbal", "customer.c_phone", "nation.n_name", "customer.c_address", "customer.c_comment"], "Plans": [{"Node Type": "Nested Loop", "Parent Relationship": "Outer", "Join Type": "Inner", "Startup Cost": 585.62, "Total Cost": 4110091.0, "Plan Rows": 1445898, "Plan Width": 191, "Actual Startup Time": 0.097, "Actual Total Time": 16273.314, "Actual Rows": 1145969, "Actual Loops": 1, "Inner Unique": false, "Plans": [{"Node Type": "Nested Loop", "Parent Relationship": "Outer", "Join Type": "Inner", "Startup Cost": 585.62, "Total Cost": 993473.55, "Plan Rows": 575746, "Plan Width": 183, "Actual Startup Time": 0.074, "Actual Total Time": 10607.364, "Actual Rows": 573635, "Actual Loops": 1, "Inner Unique": true, "Plans": [{"Node Type": "Nested Loop", "Parent Relationship": "Outer", "Join Type": "Inner", "Startup Cost": 585.62, "Total Cost": 832260.06, "Plan Rows": 575746, "Plan Width": 161, "Actual Startup Time": 0.065, "Actual Total Time": 9341.694, "Actual Rows": 573635, "Actual Loops": 1, "Inner Unique": true, "Plans": [{"Node Type": "Seq Scan", "Parent Relationship": "Outer", "Relation Name": "orders", "Alias": "orders", "Startup Cost": 585.62, "Total Cost": 501411.18, "Plan Rows": 575746, "Plan Width": 16, "Actual Startup Time": 0.035, "Actual Total Time": 5040.203, "Actual Rows": 573635, "Actual Loops": 1, "Filter": "((o_orderdate >= '1993-08-01 00:00:00'::timestamp(0) without time zone) AND (o_orderdate < '1993-11-01 00:00:00'::timestamp without time zone)), (LLVM Optimized, Jit Execute)", "Rows Removed by Filter": 14426365}, {"Node Type": "Index Scan", "Parent Relationship": "Inner", "Scan Direction": "Forward", "Index Name": "customer_pkey", "Relation Name": "customer", "Alias": "customer", "Startup Cost": 0.0, "Total Cost": 0.56, "Plan Rows": 1, "Plan Width": 153, "Actual Startup Time": 3789.874, "Actual Total Time": 3789.874, "Actual Rows": 573635, "Actual Loops": 573635, "Index Cond": "(c_custkey = orders.o_custkey)", "Rows Removed by Index Recheck": 0}]}, {"Node Type": "Index Scan", "Parent Relationship": "Inner", "Scan Direction": "Forward", "Index Name": "nation_pkey", "Relation Name": "nation", "Alias": "nation", "Startup Cost": 0.0, "Total Cost": 0.27, "Plan Rows": 1, "Plan Width": 30, "Actual Startup Time": 808.495, "Actual Total Time": 808.495, "Actual Rows": 573635, "Actual Loops": 573635, "Index Cond": "(n_nationkey = customer.c_nationkey)", "Rows Removed by Index Recheck": 0}]}, {"Node Type": "Index Scan", "Parent Relationship": "Inner", "Scan Direction": "Forward", "Index Name": "idx_lineitem_orderkey", "Relation Name": "lineitem", "Alias": "lineitem", "Startup Cost": 0.0, "Total Cost": 5.38, "Plan Rows": 3, "Plan Width": 24, "Actual Startup Time": 3808.214, "Actual Total Time": 5058.306, "Actual Rows": 1145969, "Actual Loops": 573635, "Index Cond": "(l_orderkey = orders.o_orderkey)", "Rows Removed by Index Recheck": 0, "Filter": "(l_returnflag = 'R'::bpchar)", "Rows Removed by Filter": 1146896}]}]}]}]}, "Triggers": [], "Planner Runtime": 0, "Total Runtime": 18575.398, "Unique SQL Id": 1604070524}}, "(16, 57)": {"explain_plan": {"Plan": {"Node Type": "Limit", "Startup Cost": 4503736.9, "Total Cost": 4503736.95, "Plan Rows": 20, "Plan Width": 199, "Plans": [{"Node Type": "Sort", "Parent Relationship": "Outer", "Startup Cost": 4503736.9, "Total Cost": 4507351.64, "Plan Rows": 20, "Plan Width": 199, "Sort Key": ["(sum((lineitem.l_extendedprice * (1::double precision - lineitem.l_discount)))) DESC"], "Plans": [{"Node Type": "Aggregate", "Strategy": "Hashed", "Parent Relationship": "Outer", "Startup Cost": 4450803.09, "Total Cost": 4465262.07, "Plan Rows": 1445898, "Plan Width": 199, "Group By Key": ["customer.c_custkey", "customer.c_name", "customer.c_acctbal", "customer.c_phone", "nation.n_name", "customer.c_address", "customer.c_comment"], "Plans": [{"Node Type": "Nested Loop", "Parent Relationship": "Outer", "Join Type": "Inner", "Startup Cost": 0.0, "Total Cost": 4414655.64, "Plan Rows": 1445898, "Plan Width": 191, "Inner Unique": false, "Plans": [{"Node Type": "Nested Loop", "Parent Relationship": "Outer", "Join Type": "Inner", "Startup Cost": 0.0, "Total Cost": 1298038.2, "Plan Rows": 575746, "Plan Width": 183, "Inner Unique": true, "Plans": [{"Node Type": "Nested Loop", "Parent Relationship": "Outer", "Join Type": "Inner", "Startup Cost": 0.0, "Total Cost": 1136824.71, "Plan Rows": 575746, "Plan Width": 161, "Inner Unique": true, "Plans": [{"Node Type": "Index Scan", "Parent Relationship": "Outer", "Scan Direction": "Forward", "Index Name": "orders_pkey", "Relation Name": "orders", "Alias": "orders", "Startup Cost": 0.0, "Total Cost": 805975.83, "Plan Rows": 575746, "Plan Width": 16, "Filter": "((o_orderdate >= '1993-08-01 00:00:00'::timestamp(0) without time zone) AND (o_orderdate < '1993-11-01 00:00:00'::timestamp without time zone)), (LLVM Optimized)"}, {"Node Type": "Index Scan", "Parent Relationship": "Inner", "Scan Direction": "Forward", "Index Name": "customer_pkey", "Relation Name": "customer", "Alias": "customer", "Startup Cost": 0.0, "Total Cost": 0.56, "Plan Rows": 1, "Plan Width": 153, "Index Cond": "(c_custkey = orders.o_custkey)"}]}, {"Node Type": "Index Scan", "Parent Relationship": "Inner", "Scan Direction": "Forward", "Index Name": "nation_pkey", "Relation Name": "nation", "Alias": "nation", "Startup Cost": 0.0, "Total Cost": 0.27, "Plan Rows": 1, "Plan Width": 30, "Index Cond": "(n_nationkey = customer.c_nationkey)"}]}, {"Node Type": "Index Scan", "Parent Relationship": "Inner", "Scan Direction": "Forward", "Index Name": "idx_lineitem_orderkey", "Relation Name": "lineitem", "Alias": "lineitem", "Startup Cost": 0.0, "Total Cost": 5.38, "Plan Rows": 3, "Plan Width": 24, "Index Cond": "(l_orderkey = orders.o_orderkey)", "Filter": "(l_returnflag = 'R'::bpchar)"}]}]}]}]}, "Unique SQL Id": 1604070524, "Planner Runtime": 1}, "explain_analyze_plan": {"Plan": {"Node Type": "Limit", "Startup Cost": 4503736.9, "Total Cost": 4503736.95, "Plan Rows": 20, "Plan Width": 199, "Actual Startup Time": 23918.4, "Actual Total Time": 23918.406, "Actual Rows": 20, "Actual Loops": 1, "Plans": [{"Node Type": "Sort", "Parent Relationship": "Outer", "Startup Cost": 4503736.9, "Total Cost": 4507351.64, "Plan Rows": 20, "Plan Width": 199, "Actual Startup Time": 23918.397, "Actual Total Time": 23918.4, "Actual Rows": 20, "Actual Loops": 1, "Sort Key": ["(sum((lineitem.l_extendedprice * (1::double precision - lineitem.l_discount)))) DESC"], "Sort Method": "top-N heapsort", "Sort Space Used": 35, "Sort Space Type": "Memory", "Plans": [{"Node Type": "Aggregate", "Strategy": "Hashed", "Parent Relationship": "Outer", "Startup Cost": 4450803.09, "Total Cost": 4465262.07, "Plan Rows": 1445898, "Plan Width": 199, "Actual Startup Time": 23465.336, "Actual Total Time": 23780.83, "Actual Rows": 381542, "Actual Loops": 1, "Group By Key": ["customer.c_custkey", "customer.c_name", "customer.c_acctbal", "customer.c_phone", "nation.n_name", "customer.c_address", "customer.c_comment"], "Plans": [{"Node Type": "Nested Loop", "Parent Relationship": "Outer", "Join Type": "Inner", "Startup Cost": 0.0, "Total Cost": 4414655.64, "Plan Rows": 1445898, "Plan Width": 191, "Actual Startup Time": 0.112, "Actual Total Time": 21587.224, "Actual Rows": 1145969, "Actual Loops": 1, "Inner Unique": false, "Plans": [{"Node Type": "Nested Loop", "Parent Relationship": "Outer", "Join Type": "Inner", "Startup Cost": 0.0, "Total Cost": 1298038.2, "Plan Rows": 575746, "Plan Width": 183, "Actual Startup Time": 0.088, "Actual Total Time": 15963.344, "Actual Rows": 573635, "Actual Loops": 1, "Inner Unique": true, "Plans": [{"Node Type": "Nested Loop", "Parent Relationship": "Outer", "Join Type": "Inner", "Startup Cost": 0.0, "Total Cost": 1136824.71, "Plan Rows": 575746, "Plan Width": 161, "Actual Startup Time": 0.081, "Actual Total Time": 14695.487, "Actual Rows": 573635, "Actual Loops": 1, "Inner Unique": true, "Plans": [{"Node Type": "Index Scan", "Parent Relationship": "Outer", "Scan Direction": "Forward", "Index Name": "orders_pkey", "Relation Name": "orders", "Alias": "orders", "Startup Cost": 0.0, "Total Cost": 805975.83, "Plan Rows": 575746, "Plan Width": 16, "Actual Startup Time": 0.056, "Actual Total Time": 10406.911, "Actual Rows": 573635, "Actual Loops": 1, "Filter": "((o_orderdate >= '1993-08-01 00:00:00'::timestamp(0) without time zone) AND (o_orderdate < '1993-11-01 00:00:00'::timestamp without time zone)), (LLVM Optimized, Jit Execute)", "Rows Removed by Filter": 14426365}, {"Node Type": "Index Scan", "Parent Relationship": "Inner", "Scan Direction": "Forward", "Index Name": "customer_pkey", "Relation Name": "customer", "Alias": "customer", "Startup Cost": 0.0, "Total Cost": 0.56, "Plan Rows": 1, "Plan Width": 153, "Actual Startup Time": 3767.508, "Actual Total Time": 3767.508, "Actual Rows": 573635, "Actual Loops": 573635, "Index Cond": "(c_custkey = orders.o_custkey)", "Rows Removed by Index Recheck": 0}]}, {"Node Type": "Index Scan", "Parent Relationship": "Inner", "Scan Direction": "Forward", "Index Name": "nation_pkey", "Relation Name": "nation", "Alias": "nation", "Startup Cost": 0.0, "Total Cost": 0.27, "Plan Rows": 1, "Plan Width": 30, "Actual Startup Time": 804.163, "Actual Total Time": 804.163, "Actual Rows": 573635, "Actual Loops": 573635, "Index Cond": "(n_nationkey = customer.c_nationkey)", "Rows Removed by Index Recheck": 0}]}, {"Node Type": "Index Scan", "Parent Relationship": "Inner", "Scan Direction": "Forward", "Index Name": "idx_lineitem_orderkey", "Relation Name": "lineitem", "Alias": "lineitem", "Startup Cost": 0.0, "Total Cost": 5.38, "Plan Rows": 3, "Plan Width": 24, "Actual Startup Time": 3803.847, "Actual Total Time": 5021.623, "Actual Rows": 1145969, "Actual Loops": 573635, "Index Cond": "(l_orderkey = orders.o_orderkey)", "Rows Removed by Index Recheck": 0, "Filter": "(l_returnflag = 'R'::bpchar)", "Rows Removed by Filter": 1146896}]}]}]}]}, "Triggers": [], "Planner Runtime": 0, "Total Runtime": 23928.499, "Unique SQL Id": 1604070524}}, "(16, 58)": {"explain_plan": {"Plan": {"Node Type": "Limit", "Startup Cost": 141076995099.86, "Total Cost": 141076995099.91, "Plan Rows": 20, "Plan Width": 199, "Plans": [{"Node Type": "Sort", "Parent Relationship": "Outer", "Startup Cost": 141076995099.86, "Total Cost": 141076998714.6, "Plan Rows": 20, "Plan Width": 199, "Sort Key": ["(sum((lineitem.l_extendedprice * (1::double precision - lineitem.l_discount)))) DESC"], "Plans": [{"Node Type": "Aggregate", "Strategy": "Hashed", "Parent Relationship": "Outer", "Startup Cost": 141076942166.05, "Total Cost": 141076956625.03, "Plan Rows": 1445898, "Plan Width": 199, "Group By Key": ["customer.c_custkey", "customer.c_name", "customer.c_acctbal", "customer.c_phone", "nation.n_name", "customer.c_address", "customer.c_comment"], "Plans": [{"Node Type": "Nested Loop", "Parent Relationship": "Outer", "Join Type": "Inner", "Startup Cost": 585.62, "Total Cost": 141076906018.6, "Plan Rows": 1445898, "Plan Width": 191, "Inner Unique": false, "Join Filter": "(orders.o_orderkey = lineitem.l_orderkey), (LLVM Optimized)", "Plans": [{"Node Type": "Seq Scan", "Parent Relationship": "Outer", "Relation Name": "lineitem", "Alias": "lineitem", "Startup Cost": 0.0, "Total Cost": 2165082.91, "Plan Rows": 14835209, "Plan Width": 24, "Filter": "(l_returnflag = 'R'::bpchar), (LLVM Optimized)"}, {"Node Type": "Materialize", "Parent Relationship": "Inner", "Startup Cost": 585.62, "Total Cost": 12955058761.34, "Plan Rows": 575746, "Plan Width": 183, "Plans": [{"Node Type": "Nested Loop", "Parent Relationship": "Outer", "Join Type": "Inner", "Startup Cost": 585.62, "Total Cost": 12955055882.61, "Plan Rows": 575746, "Plan Width": 183, "Inner Unique": true, "Join Filter": "(customer.c_nationkey = nation.n_nationkey), (LLVM Optimized)", "Plans": [{"Node Type": "Nested Loop", "Parent Relationship": "Outer", "Join Type": "Inner", "Startup Cost": 585.62, "Total Cost": 12954839976.55, "Plan Rows": 575746, "Plan Width": 161, "Inner Unique": false, "Join Filter": "(customer.c_custkey = orders.o_custkey), (LLVM Optimized)", "Plans": [{"Node Type": "Seq Scan", "Parent Relationship": "Outer", "Relation Name": "customer", "Alias": "customer", "Startup Cost": 0.0, "Total Cost": 52126.0, "Plan Rows": 1500000, "Plan Width": 153}, {"Node Type": "Materialize", "Parent Relationship": "Inner", "Startup Cost": 585.62, "Total Cost": 504289.91, "Plan Rows": 575746, "Plan Width": 16, "Plans": [{"Node Type": "Seq Scan", "Parent Relationship": "Outer", "Relation Name": "orders", "Alias": "orders", "Startup Cost": 585.62, "Total Cost": 501411.18, "Plan Rows": 575746, "Plan Width": 16, "Filter": "((o_orderdate >= '1993-08-01 00:00:00'::timestamp(0) without time zone) AND (o_orderdate < '1993-11-01 00:00:00'::timestamp without time zone)), (LLVM Optimized)"}]}]}, {"Node Type": "Materialize", "Parent Relationship": "Inner", "Startup Cost": 0.0, "Total Cost": 1.38, "Plan Rows": 25, "Plan Width": 30, "Plans": [{"Node Type": "Seq Scan", "Parent Relationship": "Outer", "Relation Name": "nation", "Alias": "nation", "Startup Cost": 0.0, "Total Cost": 1.25, "Plan Rows": 25, "Plan Width": 30}]}]}]}]}]}]}]}, "Unique SQL Id": 1604070524, "Planner Runtime": 1}, "explain_analyze_plan": null}, "(16, 59)": {"explain_plan": {"Plan": {"Node Type": "Limit", "Startup Cost": 4141501966303.01, "Total Cost": 4141501966303.06, "Plan Rows": 20, "Plan Width": 199, "Plans": [{"Node Type": "Sort", "Parent Relationship": "Outer", "Startup Cost": 4141501966303.01, "Total Cost": 4141501969917.76, "Plan Rows": 20, "Plan Width": 199, "Sort Key": ["(sum((lineitem.l_extendedprice * (1::double precision - lineitem.l_discount)))) DESC"], "Plans": [{"Node Type": "Aggregate", "Strategy": "Hashed", "Parent Relationship": "Outer", "Startup Cost": 4141501913369.21, "Total Cost": 4141501927828.19, "Plan Rows": 1445898, "Plan Width": 199, "Group By Key": ["customer.c_custkey", "customer.c_name", "customer.c_acctbal", "customer.c_phone", "nation.n_name", "customer.c_address", "customer.c_comment"], "Plans": [{"Node Type": "Nested Loop", "Parent Relationship": "Outer", "Join Type": "Inner", "Startup Cost": 40000000000.0, "Total Cost": 4141501877221.76, "Plan Rows": 1445898, "Plan Width": 191, "Inner Unique": false, "Join Filter": "(orders.o_orderkey = lineitem.l_orderkey), (LLVM Optimized)", "Plans": [{"Node Type": "Index Scan", "Parent Relationship": "Outer", "Scan Direction": "Forward", "Index Name": "idx_lineitem_orderkey", "Relation Name": "lineitem", "Alias": "lineitem", "Startup Cost": 10000000000.0, "Total Cost": 1000339012132.75, "Plan Rows": 14835209, "Plan Width": 24, "Filter": "(l_returnflag = 'R'::bpchar), (LLVM Optimized)"}, {"Node Type": "Materialize", "Parent Relationship": "Inner", "Startup Cost": 30000000000.0, "Total Cost": 3013043182914.66, "Plan Rows": 575746, "Plan Width": 183, "Plans": [{"Node Type": "Nested Loop", "Parent Relationship": "Outer", "Join Type": "Inner", "Startup Cost": 30000000000.0, "Total Cost": 3013043180035.93, "Plan Rows": 575746, "Plan Width": 183, "Inner Unique": true, "Join Filter": "(customer.c_nationkey = nation.n_nationkey), (LLVM Optimized)", "Plans": [{"Node Type": "Nested Loop", "Parent Relationship": "Outer", "Join Type": "Inner", "Startup Cost": 20000000000.0, "Total Cost": 2013042962868.62, "Plan Rows": 575746, "Plan Width": 161, "Inner Unique": true, "Join Filter": "(customer.c_custkey = orders.o_custkey), (LLVM Optimized)", "Plans": [{"Node Type": "Index Scan", "Parent Relationship": "Outer", "Scan Direction": "Forward", "Index Name": "orders_pkey", "Relation Name": "orders", "Alias": "orders", "Startup Cost": 10000000000.0, "Total Cost": 1000080597583.0, "Plan Rows": 575746, "Plan Width": 16, "Filter": "((o_orderdate >= '1993-08-01 00:00:00'::timestamp(0) without time zone) AND (o_orderdate < '1993-11-01 00:00:00'::timestamp without time zone)), (LLVM Optimized)"}, {"Node Type": "Materialize", "Parent Relationship": "Inner", "Startup Cost": 10000000000.0, "Total Cost": 1000008084035.62, "Plan Rows": 1500000, "Plan Width": 153, "Plans": [{"Node Type": "Index Scan", "Parent Relationship": "Outer", "Scan Direction": "Forward", "Index Name": "customer_pkey", "Relation Name": "customer", "Alias": "customer", "Startup Cost": 10000000000.0, "Total Cost": 1000008076535.62, "Plan Rows": 1500000, "Plan Width": 153}]}]}, {"Node Type": "Materialize", "Parent Relationship": "Inner", "Startup Cost": 10000000000.0, "Total Cost": 1000000001262.62, "Plan Rows": 25, "Plan Width": 30, "Plans": [{"Node Type": "Index Scan", "Parent Relationship": "Outer", "Scan Direction": "Forward", "Index Name": "nation_pkey", "Relation Name": "nation", "Alias": "nation", "Startup Cost": 10000000000.0, "Total Cost": 1000000001262.5, "Plan Rows": 25, "Plan Width": 30}]}]}]}]}]}]}]}, "Unique SQL Id": 1604070524, "Planner Runtime": 1}, "explain_analyze_plan": null}, "(16, 60)": {"explain_plan": {"Plan": {"Node Type": "Limit", "Startup Cost": 4199172.25, "Total Cost": 4199172.3, "Plan Rows": 20, "Plan Width": 199, "Plans": [{"Node Type": "Sort", "Parent Relationship": "Outer", "Startup Cost": 4199172.25, "Total Cost": 4202787.0, "Plan Rows": 20, "Plan Width": 199, "Sort Key": ["(sum((lineitem.l_extendedprice * (1::double precision - lineitem.l_discount)))) DESC"], "Plans": [{"Node Type": "Aggregate", "Strategy": "Hashed", "Parent Relationship": "Outer", "Startup Cost": 4146238.45, "Total Cost": 4160697.43, "Plan Rows": 1445898, "Plan Width": 199, "Group By Key": ["customer.c_custkey", "customer.c_name", "customer.c_acctbal", "customer.c_phone", "nation.n_name", "customer.c_address", "customer.c_comment"], "Plans": [{"Node Type": "Nested Loop", "Parent Relationship": "Outer", "Join Type": "Inner", "Startup Cost": 585.62, "Total Cost": 4110091.0, "Plan Rows": 1445898, "Plan Width": 191, "Inner Unique": false, "Plans": [{"Node Type": "Nested Loop", "Parent Relationship": "Outer", "Join Type": "Inner", "Startup Cost": 585.62, "Total Cost": 993473.55, "Plan Rows": 575746, "Plan Width": 183, "Inner Unique": true, "Plans": [{"Node Type": "Nested Loop", "Parent Relationship": "Outer", "Join Type": "Inner", "Startup Cost": 585.62, "Total Cost": 832260.06, "Plan Rows": 575746, "Plan Width": 161, "Inner Unique": true, "Plans": [{"Node Type": "Seq Scan", "Parent Relationship": "Outer", "Relation Name": "orders", "Alias": "orders", "Startup Cost": 585.62, "Total Cost": 501411.18, "Plan Rows": 575746, "Plan Width": 16, "Filter": "((o_orderdate >= '1993-08-01 00:00:00'::timestamp(0) without time zone) AND (o_orderdate < '1993-11-01 00:00:00'::timestamp without time zone)), (LLVM Optimized)"}, {"Node Type": "Index Scan", "Parent Relationship": "Inner", "Scan Direction": "Forward", "Index Name": "customer_pkey", "Relation Name": "customer", "Alias": "customer", "Startup Cost": 0.0, "Total Cost": 0.56, "Plan Rows": 1, "Plan Width": 153, "Index Cond": "(c_custkey = orders.o_custkey)"}]}, {"Node Type": "Index Scan", "Parent Relationship": "Inner", "Scan Direction": "Forward", "Index Name": "nation_pkey", "Relation Name": "nation", "Alias": "nation", "Startup Cost": 0.0, "Total Cost": 0.27, "Plan Rows": 1, "Plan Width": 30, "Index Cond": "(n_nationkey = customer.c_nationkey)"}]}, {"Node Type": "Index Scan", "Parent Relationship": "Inner", "Scan Direction": "Forward", "Index Name": "idx_lineitem_orderkey", "Relation Name": "lineitem", "Alias": "lineitem", "Startup Cost": 0.0, "Total Cost": 5.38, "Plan Rows": 3, "Plan Width": 24, "Index Cond": "(l_orderkey = orders.o_orderkey)", "Filter": "(l_returnflag = 'R'::bpchar)"}]}]}]}]}, "Unique SQL Id": 1604070524, "Planner Runtime": 1}, "explain_analyze_plan": {"Plan": {"Node Type": "Limit", "Startup Cost": 4199172.25, "Total Cost": 4199172.3, "Plan Rows": 20, "Plan Width": 199, "Actual Startup Time": 18565.312, "Actual Total Time": 18565.319, "Actual Rows": 20, "Actual Loops": 1, "Plans": [{"Node Type": "Sort", "Parent Relationship": "Outer", "Startup Cost": 4199172.25, "Total Cost": 4202787.0, "Plan Rows": 20, "Plan Width": 199, "Actual Startup Time": 18565.309, "Actual Total Time": 18565.312, "Actual Rows": 20, "Actual Loops": 1, "Sort Key": ["(sum((lineitem.l_extendedprice * (1::double precision - lineitem.l_discount)))) DESC"], "Sort Method": "top-N heapsort", "Sort Space Used": 35, "Sort Space Type": "Memory", "Plans": [{"Node Type": "Aggregate", "Strategy": "Hashed", "Parent Relationship": "Outer", "Startup Cost": 4146238.45, "Total Cost": 4160697.43, "Plan Rows": 1445898, "Plan Width": 199, "Actual Startup Time": 18168.373, "Actual Total Time": 18429.363, "Actual Rows": 381542, "Actual Loops": 1, "Group By Key": ["customer.c_custkey", "customer.c_name", "customer.c_acctbal", "customer.c_phone", "nation.n_name", "customer.c_address", "customer.c_comment"], "Plans": [{"Node Type": "Nested Loop", "Parent Relationship": "Outer", "Join Type": "Inner", "Startup Cost": 585.62, "Total Cost": 4110091.0, "Plan Rows": 1445898, "Plan Width": 191, "Actual Startup Time": 0.097, "Actual Total Time": 16273.314, "Actual Rows": 1145969, "Actual Loops": 1, "Inner Unique": false, "Plans": [{"Node Type": "Nested Loop", "Parent Relationship": "Outer", "Join Type": "Inner", "Startup Cost": 585.62, "Total Cost": 993473.55, "Plan Rows": 575746, "Plan Width": 183, "Actual Startup Time": 0.074, "Actual Total Time": 10607.364, "Actual Rows": 573635, "Actual Loops": 1, "Inner Unique": true, "Plans": [{"Node Type": "Nested Loop", "Parent Relationship": "Outer", "Join Type": "Inner", "Startup Cost": 585.62, "Total Cost": 832260.06, "Plan Rows": 575746, "Plan Width": 161, "Actual Startup Time": 0.065, "Actual Total Time": 9341.694, "Actual Rows": 573635, "Actual Loops": 1, "Inner Unique": true, "Plans": [{"Node Type": "Seq Scan", "Parent Relationship": "Outer", "Relation Name": "orders", "Alias": "orders", "Startup Cost": 585.62, "Total Cost": 501411.18, "Plan Rows": 575746, "Plan Width": 16, "Actual Startup Time": 0.035, "Actual Total Time": 5040.203, "Actual Rows": 573635, "Actual Loops": 1, "Filter": "((o_orderdate >= '1993-08-01 00:00:00'::timestamp(0) without time zone) AND (o_orderdate < '1993-11-01 00:00:00'::timestamp without time zone)), (LLVM Optimized, Jit Execute)", "Rows Removed by Filter": 14426365}, {"Node Type": "Index Scan", "Parent Relationship": "Inner", "Scan Direction": "Forward", "Index Name": "customer_pkey", "Relation Name": "customer", "Alias": "customer", "Startup Cost": 0.0, "Total Cost": 0.56, "Plan Rows": 1, "Plan Width": 153, "Actual Startup Time": 3789.874, "Actual Total Time": 3789.874, "Actual Rows": 573635, "Actual Loops": 573635, "Index Cond": "(c_custkey = orders.o_custkey)", "Rows Removed by Index Recheck": 0}]}, {"Node Type": "Index Scan", "Parent Relationship": "Inner", "Scan Direction": "Forward", "Index Name": "nation_pkey", "Relation Name": "nation", "Alias": "nation", "Startup Cost": 0.0, "Total Cost": 0.27, "Plan Rows": 1, "Plan Width": 30, "Actual Startup Time": 808.495, "Actual Total Time": 808.495, "Actual Rows": 573635, "Actual Loops": 573635, "Index Cond": "(n_nationkey = customer.c_nationkey)", "Rows Removed by Index Recheck": 0}]}, {"Node Type": "Index Scan", "Parent Relationship": "Inner", "Scan Direction": "Forward", "Index Name": "idx_lineitem_orderkey", "Relation Name": "lineitem", "Alias": "lineitem", "Startup Cost": 0.0, "Total Cost": 5.38, "Plan Rows": 3, "Plan Width": 24, "Actual Startup Time": 3808.214, "Actual Total Time": 5058.306, "Actual Rows": 1145969, "Actual Loops": 573635, "Index Cond": "(l_orderkey = orders.o_orderkey)", "Rows Removed by Index Recheck": 0, "Filter": "(l_returnflag = 'R'::bpchar)", "Rows Removed by Filter": 1146896}]}]}]}]}, "Triggers": [], "Planner Runtime": 0, "Total Runtime": 18575.398, "Unique SQL Id": 1604070524}}, "(16, 61)": {"explain_plan": {"Plan": {"Node Type": "Limit", "Startup Cost": 4503736.9, "Total Cost": 4503736.95, "Plan Rows": 20, "Plan Width": 199, "Plans": [{"Node Type": "Sort", "Parent Relationship": "Outer", "Startup Cost": 4503736.9, "Total Cost": 4507351.64, "Plan Rows": 20, "Plan Width": 199, "Sort Key": ["(sum((lineitem.l_extendedprice * (1::double precision - lineitem.l_discount)))) DESC"], "Plans": [{"Node Type": "Aggregate", "Strategy": "Hashed", "Parent Relationship": "Outer", "Startup Cost": 4450803.09, "Total Cost": 4465262.07, "Plan Rows": 1445898, "Plan Width": 199, "Group By Key": ["customer.c_custkey", "customer.c_name", "customer.c_acctbal", "customer.c_phone", "nation.n_name", "customer.c_address", "customer.c_comment"], "Plans": [{"Node Type": "Nested Loop", "Parent Relationship": "Outer", "Join Type": "Inner", "Startup Cost": 0.0, "Total Cost": 4414655.64, "Plan Rows": 1445898, "Plan Width": 191, "Inner Unique": false, "Plans": [{"Node Type": "Nested Loop", "Parent Relationship": "Outer", "Join Type": "Inner", "Startup Cost": 0.0, "Total Cost": 1298038.2, "Plan Rows": 575746, "Plan Width": 183, "Inner Unique": true, "Plans": [{"Node Type": "Nested Loop", "Parent Relationship": "Outer", "Join Type": "Inner", "Startup Cost": 0.0, "Total Cost": 1136824.71, "Plan Rows": 575746, "Plan Width": 161, "Inner Unique": true, "Plans": [{"Node Type": "Index Scan", "Parent Relationship": "Outer", "Scan Direction": "Forward", "Index Name": "orders_pkey", "Relation Name": "orders", "Alias": "orders", "Startup Cost": 0.0, "Total Cost": 805975.83, "Plan Rows": 575746, "Plan Width": 16, "Filter": "((o_orderdate >= '1993-08-01 00:00:00'::timestamp(0) without time zone) AND (o_orderdate < '1993-11-01 00:00:00'::timestamp without time zone)), (LLVM Optimized)"}, {"Node Type": "Index Scan", "Parent Relationship": "Inner", "Scan Direction": "Forward", "Index Name": "customer_pkey", "Relation Name": "customer", "Alias": "customer", "Startup Cost": 0.0, "Total Cost": 0.56, "Plan Rows": 1, "Plan Width": 153, "Index Cond": "(c_custkey = orders.o_custkey)"}]}, {"Node Type": "Index Scan", "Parent Relationship": "Inner", "Scan Direction": "Forward", "Index Name": "nation_pkey", "Relation Name": "nation", "Alias": "nation", "Startup Cost": 0.0, "Total Cost": 0.27, "Plan Rows": 1, "Plan Width": 30, "Index Cond": "(n_nationkey = customer.c_nationkey)"}]}, {"Node Type": "Index Scan", "Parent Relationship": "Inner", "Scan Direction": "Forward", "Index Name": "idx_lineitem_orderkey", "Relation Name": "lineitem", "Alias": "lineitem", "Startup Cost": 0.0, "Total Cost": 5.38, "Plan Rows": 3, "Plan Width": 24, "Index Cond": "(l_orderkey = orders.o_orderkey)", "Filter": "(l_returnflag = 'R'::bpchar)"}]}]}]}]}, "Unique SQL Id": 1604070524, "Planner Runtime": 0}, "explain_analyze_plan": {"Plan": {"Node Type": "Limit", "Startup Cost": 4503736.9, "Total Cost": 4503736.95, "Plan Rows": 20, "Plan Width": 199, "Actual Startup Time": 23918.4, "Actual Total Time": 23918.406, "Actual Rows": 20, "Actual Loops": 1, "Plans": [{"Node Type": "Sort", "Parent Relationship": "Outer", "Startup Cost": 4503736.9, "Total Cost": 4507351.64, "Plan Rows": 20, "Plan Width": 199, "Actual Startup Time": 23918.397, "Actual Total Time": 23918.4, "Actual Rows": 20, "Actual Loops": 1, "Sort Key": ["(sum((lineitem.l_extendedprice * (1::double precision - lineitem.l_discount)))) DESC"], "Sort Method": "top-N heapsort", "Sort Space Used": 35, "Sort Space Type": "Memory", "Plans": [{"Node Type": "Aggregate", "Strategy": "Hashed", "Parent Relationship": "Outer", "Startup Cost": 4450803.09, "Total Cost": 4465262.07, "Plan Rows": 1445898, "Plan Width": 199, "Actual Startup Time": 23465.336, "Actual Total Time": 23780.83, "Actual Rows": 381542, "Actual Loops": 1, "Group By Key": ["customer.c_custkey", "customer.c_name", "customer.c_acctbal", "customer.c_phone", "nation.n_name", "customer.c_address", "customer.c_comment"], "Plans": [{"Node Type": "Nested Loop", "Parent Relationship": "Outer", "Join Type": "Inner", "Startup Cost": 0.0, "Total Cost": 4414655.64, "Plan Rows": 1445898, "Plan Width": 191, "Actual Startup Time": 0.112, "Actual Total Time": 21587.224, "Actual Rows": 1145969, "Actual Loops": 1, "Inner Unique": false, "Plans": [{"Node Type": "Nested Loop", "Parent Relationship": "Outer", "Join Type": "Inner", "Startup Cost": 0.0, "Total Cost": 1298038.2, "Plan Rows": 575746, "Plan Width": 183, "Actual Startup Time": 0.088, "Actual Total Time": 15963.344, "Actual Rows": 573635, "Actual Loops": 1, "Inner Unique": true, "Plans": [{"Node Type": "Nested Loop", "Parent Relationship": "Outer", "Join Type": "Inner", "Startup Cost": 0.0, "Total Cost": 1136824.71, "Plan Rows": 575746, "Plan Width": 161, "Actual Startup Time": 0.081, "Actual Total Time": 14695.487, "Actual Rows": 573635, "Actual Loops": 1, "Inner Unique": true, "Plans": [{"Node Type": "Index Scan", "Parent Relationship": "Outer", "Scan Direction": "Forward", "Index Name": "orders_pkey", "Relation Name": "orders", "Alias": "orders", "Startup Cost": 0.0, "Total Cost": 805975.83, "Plan Rows": 575746, "Plan Width": 16, "Actual Startup Time": 0.056, "Actual Total Time": 10406.911, "Actual Rows": 573635, "Actual Loops": 1, "Filter": "((o_orderdate >= '1993-08-01 00:00:00'::timestamp(0) without time zone) AND (o_orderdate < '1993-11-01 00:00:00'::timestamp without time zone)), (LLVM Optimized, Jit Execute)", "Rows Removed by Filter": 14426365}, {"Node Type": "Index Scan", "Parent Relationship": "Inner", "Scan Direction": "Forward", "Index Name": "customer_pkey", "Relation Name": "customer", "Alias": "customer", "Startup Cost": 0.0, "Total Cost": 0.56, "Plan Rows": 1, "Plan Width": 153, "Actual Startup Time": 3767.508, "Actual Total Time": 3767.508, "Actual Rows": 573635, "Actual Loops": 573635, "Index Cond": "(c_custkey = orders.o_custkey)", "Rows Removed by Index Recheck": 0}]}, {"Node Type": "Index Scan", "Parent Relationship": "Inner", "Scan Direction": "Forward", "Index Name": "nation_pkey", "Relation Name": "nation", "Alias": "nation", "Startup Cost": 0.0, "Total Cost": 0.27, "Plan Rows": 1, "Plan Width": 30, "Actual Startup Time": 804.163, "Actual Total Time": 804.163, "Actual Rows": 573635, "Actual Loops": 573635, "Index Cond": "(n_nationkey = customer.c_nationkey)", "Rows Removed by Index Recheck": 0}]}, {"Node Type": "Index Scan", "Parent Relationship": "Inner", "Scan Direction": "Forward", "Index Name": "idx_lineitem_orderkey", "Relation Name": "lineitem", "Alias": "lineitem", "Startup Cost": 0.0, "Total Cost": 5.38, "Plan Rows": 3, "Plan Width": 24, "Actual Startup Time": 3803.847, "Actual Total Time": 5021.623, "Actual Rows": 1145969, "Actual Loops": 573635, "Index Cond": "(l_orderkey = orders.o_orderkey)", "Rows Removed by Index Recheck": 0, "Filter": "(l_returnflag = 'R'::bpchar)", "Rows Removed by Filter": 1146896}]}]}]}]}, "Triggers": [], "Planner Runtime": 0, "Total Runtime": 23928.499, "Unique SQL Id": 1604070524}}, "(16, 62)": {"explain_plan": {"Plan": {"Node Type": "Limit", "Startup Cost": 141076995099.86, "Total Cost": 141076995099.91, "Plan Rows": 20, "Plan Width": 199, "Plans": [{"Node Type": "Sort", "Parent Relationship": "Outer", "Startup Cost": 141076995099.86, "Total Cost": 141076998714.6, "Plan Rows": 20, "Plan Width": 199, "Sort Key": ["(sum((lineitem.l_extendedprice * (1::double precision - lineitem.l_discount)))) DESC"], "Plans": [{"Node Type": "Aggregate", "Strategy": "Hashed", "Parent Relationship": "Outer", "Startup Cost": 141076942166.05, "Total Cost": 141076956625.03, "Plan Rows": 1445898, "Plan Width": 199, "Group By Key": ["customer.c_custkey", "customer.c_name", "customer.c_acctbal", "customer.c_phone", "nation.n_name", "customer.c_address", "customer.c_comment"], "Plans": [{"Node Type": "Nested Loop", "Parent Relationship": "Outer", "Join Type": "Inner", "Startup Cost": 585.62, "Total Cost": 141076906018.6, "Plan Rows": 1445898, "Plan Width": 191, "Inner Unique": false, "Join Filter": "(orders.o_orderkey = lineitem.l_orderkey), (LLVM Optimized)", "Plans": [{"Node Type": "Seq Scan", "Parent Relationship": "Outer", "Relation Name": "lineitem", "Alias": "lineitem", "Startup Cost": 0.0, "Total Cost": 2165082.91, "Plan Rows": 14835209, "Plan Width": 24, "Filter": "(l_returnflag = 'R'::bpchar), (LLVM Optimized)"}, {"Node Type": "Materialize", "Parent Relationship": "Inner", "Startup Cost": 585.62, "Total Cost": 12955058761.34, "Plan Rows": 575746, "Plan Width": 183, "Plans": [{"Node Type": "Nested Loop", "Parent Relationship": "Outer", "Join Type": "Inner", "Startup Cost": 585.62, "Total Cost": 12955055882.61, "Plan Rows": 575746, "Plan Width": 183, "Inner Unique": true, "Join Filter": "(customer.c_nationkey = nation.n_nationkey), (LLVM Optimized)", "Plans": [{"Node Type": "Nested Loop", "Parent Relationship": "Outer", "Join Type": "Inner", "Startup Cost": 585.62, "Total Cost": 12954839976.55, "Plan Rows": 575746, "Plan Width": 161, "Inner Unique": false, "Join Filter": "(customer.c_custkey = orders.o_custkey), (LLVM Optimized)", "Plans": [{"Node Type": "Seq Scan", "Parent Relationship": "Outer", "Relation Name": "customer", "Alias": "customer", "Startup Cost": 0.0, "Total Cost": 52126.0, "Plan Rows": 1500000, "Plan Width": 153}, {"Node Type": "Materialize", "Parent Relationship": "Inner", "Startup Cost": 585.62, "Total Cost": 504289.91, "Plan Rows": 575746, "Plan Width": 16, "Plans": [{"Node Type": "Seq Scan", "Parent Relationship": "Outer", "Relation Name": "orders", "Alias": "orders", "Startup Cost": 585.62, "Total Cost": 501411.18, "Plan Rows": 575746, "Plan Width": 16, "Filter": "((o_orderdate >= '1993-08-01 00:00:00'::timestamp(0) without time zone) AND (o_orderdate < '1993-11-01 00:00:00'::timestamp without time zone)), (LLVM Optimized)"}]}]}, {"Node Type": "Materialize", "Parent Relationship": "Inner", "Startup Cost": 0.0, "Total Cost": 1.38, "Plan Rows": 25, "Plan Width": 30, "Plans": [{"Node Type": "Seq Scan", "Parent Relationship": "Outer", "Relation Name": "nation", "Alias": "nation", "Startup Cost": 0.0, "Total Cost": 1.25, "Plan Rows": 25, "Plan Width": 30}]}]}]}]}]}]}]}, "Unique SQL Id": 1604070524, "Planner Runtime": 0}, "explain_analyze_plan": null}, "(16, 63)": {"explain_plan": {"Plan": {"Node Type": "Limit", "Startup Cost": 4141501966303.01, "Total Cost": 4141501966303.06, "Plan Rows": 20, "Plan Width": 199, "Plans": [{"Node Type": "Sort", "Parent Relationship": "Outer", "Startup Cost": 4141501966303.01, "Total Cost": 4141501969917.76, "Plan Rows": 20, "Plan Width": 199, "Sort Key": ["(sum((lineitem.l_extendedprice * (1::double precision - lineitem.l_discount)))) DESC"], "Plans": [{"Node Type": "Aggregate", "Strategy": "Hashed", "Parent Relationship": "Outer", "Startup Cost": 4141501913369.21, "Total Cost": 4141501927828.19, "Plan Rows": 1445898, "Plan Width": 199, "Group By Key": ["customer.c_custkey", "customer.c_name", "customer.c_acctbal", "customer.c_phone", "nation.n_name", "customer.c_address", "customer.c_comment"], "Plans": [{"Node Type": "Nested Loop", "Parent Relationship": "Outer", "Join Type": "Inner", "Startup Cost": 40000000000.0, "Total Cost": 4141501877221.76, "Plan Rows": 1445898, "Plan Width": 191, "Inner Unique": false, "Join Filter": "(orders.o_orderkey = lineitem.l_orderkey), (LLVM Optimized)", "Plans": [{"Node Type": "Index Scan", "Parent Relationship": "Outer", "Scan Direction": "Forward", "Index Name": "idx_lineitem_orderkey", "Relation Name": "lineitem", "Alias": "lineitem", "Startup Cost": 10000000000.0, "Total Cost": 1000339012132.75, "Plan Rows": 14835209, "Plan Width": 24, "Filter": "(l_returnflag = 'R'::bpchar), (LLVM Optimized)"}, {"Node Type": "Materialize", "Parent Relationship": "Inner", "Startup Cost": 30000000000.0, "Total Cost": 3013043182914.66, "Plan Rows": 575746, "Plan Width": 183, "Plans": [{"Node Type": "Nested Loop", "Parent Relationship": "Outer", "Join Type": "Inner", "Startup Cost": 30000000000.0, "Total Cost": 3013043180035.93, "Plan Rows": 575746, "Plan Width": 183, "Inner Unique": true, "Join Filter": "(customer.c_nationkey = nation.n_nationkey), (LLVM Optimized)", "Plans": [{"Node Type": "Nested Loop", "Parent Relationship": "Outer", "Join Type": "Inner", "Startup Cost": 20000000000.0, "Total Cost": 2013042962868.62, "Plan Rows": 575746, "Plan Width": 161, "Inner Unique": true, "Join Filter": "(customer.c_custkey = orders.o_custkey), (LLVM Optimized)", "Plans": [{"Node Type": "Index Scan", "Parent Relationship": "Outer", "Scan Direction": "Forward", "Index Name": "orders_pkey", "Relation Name": "orders", "Alias": "orders", "Startup Cost": 10000000000.0, "Total Cost": 1000080597583.0, "Plan Rows": 575746, "Plan Width": 16, "Filter": "((o_orderdate >= '1993-08-01 00:00:00'::timestamp(0) without time zone) AND (o_orderdate < '1993-11-01 00:00:00'::timestamp without time zone)), (LLVM Optimized)"}, {"Node Type": "Materialize", "Parent Relationship": "Inner", "Startup Cost": 10000000000.0, "Total Cost": 1000008084035.62, "Plan Rows": 1500000, "Plan Width": 153, "Plans": [{"Node Type": "Index Scan", "Parent Relationship": "Outer", "Scan Direction": "Forward", "Index Name": "customer_pkey", "Relation Name": "customer", "Alias": "customer", "Startup Cost": 10000000000.0, "Total Cost": 1000008076535.62, "Plan Rows": 1500000, "Plan Width": 153}]}]}, {"Node Type": "Materialize", "Parent Relationship": "Inner", "Startup Cost": 10000000000.0, "Total Cost": 1000000001262.62, "Plan Rows": 25, "Plan Width": 30, "Plans": [{"Node Type": "Index Scan", "Parent Relationship": "Outer", "Scan Direction": "Forward", "Index Name": "nation_pkey", "Relation Name": "nation", "Alias": "nation", "Startup Cost": 10000000000.0, "Total Cost": 1000000001262.5, "Plan Rows": 25, "Plan Width": 30}]}]}]}]}]}]}]}, "Unique SQL Id": 1604070524, "Planner Runtime": 0}, "explain_analyze_plan": null}, "(16, 64)": {"explain_plan": {"Plan": {"Node Type": "Limit", "Startup Cost": 2741876.6, "Total Cost": 2741876.65, "Plan Rows": 20, "Plan Width": 199, "Plans": [{"Node Type": "Sort", "Parent Relationship": "Outer", "Startup Cost": 2741876.6, "Total Cost": 2745491.35, "Plan Rows": 20, "Plan Width": 199, "Sort Key": ["(sum((lineitem.l_extendedprice * (1::double precision - lineitem.l_discount)))) DESC"], "Plans": [{"Node Type": "Aggregate", "Strategy": "Hashed", "Parent Relationship": "Outer", "Startup Cost": 2688942.8, "Total Cost": 2703401.78, "Plan Rows": 1445898, "Plan Width": 199, "Group By Key": ["customer.c_custkey", "customer.c_name", "customer.c_acctbal", "customer.c_phone", "nation.n_name", "customer.c_address", "customer.c_comment"], "Plans": [{"Node Type": "Hash Join", "Parent Relationship": "Outer", "Join Type": "Inner", "Startup Cost": 377859.22, "Total Cost": 2652795.35, "Plan Rows": 1445898, "Plan Width": 191, "Inner Unique": true, "Hash Cond": "(customer.c_nationkey = nation.n_nationkey), (LLVM Optimized)", "Plans": [{"Node Type": "Hash Join", "Parent Relationship": "Outer", "Join Type": "Inner", "Startup Cost": 377857.66, "Total Cost": 2632912.69, "Plan Rows": 1445898, "Plan Width": 169, "Inner Unique": true, "Hash Cond": "(orders.o_custkey = customer.c_custkey), (LLVM Optimized)", "Plans": [{"Node Type": "Hash Join", "Parent Relationship": "Outer", "Join Type": "Inner", "Startup Cost": 306981.66, "Total Cost": 2542155.59, "Plan Rows": 1445898, "Plan Width": 24, "Inner Unique": true, "Hash Cond": "(lineitem.l_orderkey = orders.o_orderkey), (LLVM Optimized)", "Plans": [{"Node Type": "Seq Scan", "Parent Relationship": "Outer", "Relation Name": "lineitem", "Alias": "lineitem", "Startup Cost": 0.0, "Total Cost": 2165082.91, "Plan Rows": 14835209, "Plan Width": 24, "Filter": "(l_returnflag = 'R'::bpchar), (LLVM Optimized)"}, {"Node Type": "Hash", "Parent Relationship": "Inner", "Startup Cost": 299784.84, "Total Cost": 299784.84, "Plan Rows": 575746, "Plan Width": 16, "Plans": [{"Node Type": "Bitmap Heap Scan", "Parent Relationship": "Outer", "Relation Name": "orders", "Alias": "orders", "Startup Cost": 14729.65, "Total Cost": 299784.84, "Plan Rows": 575746, "Plan Width": 16, "Recheck Cond": "((o_orderdate >= '1993-08-01 00:00:00'::timestamp(0) without time zone) AND (o_orderdate < '1993-11-01 00:00:00'::timestamp without time zone)), (LLVM Optimized)", "Plans": [{"Node Type": "Bitmap Index Scan", "Parent Relationship": "Outer", "Index Name": "idx_orders_orderdate", "Startup Cost": 0.0, "Total Cost": 14585.71, "Plan Rows": 575746, "Plan Width": 0, "Index Cond": "((o_orderdate >= '1993-08-01 00:00:00'::timestamp(0) without time zone) AND (o_orderdate < '1993-11-01 00:00:00'::timestamp without time zone))"}]}]}]}, {"Node Type": "Hash", "Parent Relationship": "Inner", "Startup Cost": 52126.0, "Total Cost": 52126.0, "Plan Rows": 1500000, "Plan Width": 153, "Plans": [{"Node Type": "Seq Scan", "Parent Relationship": "Outer", "Relation Name": "customer", "Alias": "customer", "Startup Cost": 0.0, "Total Cost": 52126.0, "Plan Rows": 1500000, "Plan Width": 153}]}]}, {"Node Type": "Hash", "Parent Relationship": "Inner", "Startup Cost": 1.25, "Total Cost": 1.25, "Plan Rows": 25, "Plan Width": 30, "Plans": [{"Node Type": "Seq Scan", "Parent Relationship": "Outer", "Relation Name": "nation", "Alias": "nation", "Startup Cost": 0.0, "Total Cost": 1.25, "Plan Rows": 25, "Plan Width": 30}]}]}]}]}]}, "Unique SQL Id": 1604070524, "Planner Runtime": 1}, "explain_analyze_plan": {"Plan": {"Node Type": "Limit", "Startup Cost": 2741876.6, "Total Cost": 2741876.65, "Plan Rows": 20, "Plan Width": 199, "Actual Startup Time": 32366.791, "Actual Total Time": 32366.797, "Actual Rows": 20, "Actual Loops": 1, "Plans": [{"Node Type": "Sort", "Parent Relationship": "Outer", "Startup Cost": 2741876.6, "Total Cost": 2745491.35, "Plan Rows": 20, "Plan Width": 199, "Actual Startup Time": 32366.788, "Actual Total Time": 32366.792, "Actual Rows": 20, "Actual Loops": 1, "Sort Key": ["(sum((lineitem.l_extendedprice * (1::double precision - lineitem.l_discount)))) DESC"], "Sort Method": "top-N heapsort", "Sort Space Used": 35, "Sort Space Type": "Memory", "Plans": [{"Node Type": "Aggregate", "Strategy": "Hashed", "Parent Relationship": "Outer", "Startup Cost": 2688942.8, "Total Cost": 2703401.78, "Plan Rows": 1445898, "Plan Width": 199, "Actual Startup Time": 31978.233, "Actual Total Time": 32230.896, "Actual Rows": 381542, "Actual Loops": 1, "Group By Key": ["customer.c_custkey", "customer.c_name", "customer.c_acctbal", "customer.c_phone", "nation.n_name", "customer.c_address", "customer.c_comment"], "Plans": [{"Node Type": "Hash Join", "Parent Relationship": "Outer", "Join Type": "Inner", "Startup Cost": 377859.22, "Total Cost": 2652795.35, "Plan Rows": 1445898, "Plan Width": 191, "Actual Startup Time": 2668.375, "Actual Total Time": 30150.047, "Actual Rows": 1145969, "Actual Loops": 1, "Inner Unique": true, "Hash Cond": "(customer.c_nationkey = nation.n_nationkey), (LLVM Optimized, Jit Execute)", "Plans": [{"Node Type": "Hash Join", "Parent Relationship": "Outer", "Join Type": "Inner", "Startup Cost": 377857.66, "Total Cost": 2632912.69, "Plan Rows": 1445898, "Plan Width": 169, "Actual Startup Time": 2668.286, "Actual Total Time": 29684.602, "Actual Rows": 1145969, "Actual Loops": 1, "Inner Unique": true, "Hash Cond": "(orders.o_custkey = customer.c_custkey), (LLVM Optimized, Jit Execute)", "Plans": [{"Node Type": "Hash Join", "Parent Relationship": "Outer", "Join Type": "Inner", "Startup Cost": 306981.66, "Total Cost": 2542155.59, "Plan Rows": 1445898, "Plan Width": 24, "Actual Startup Time": 1386.463, "Actual Total Time": 27642.574, "Actual Rows": 1145969, "Actual Loops": 1, "Inner Unique": true, "Hash Cond": "(lineitem.l_orderkey = orders.o_orderkey), (LLVM Optimized, Jit Execute)", "Plans": [{"Node Type": "Seq Scan", "Parent Relationship": "Outer", "Relation Name": "lineitem", "Alias": "lineitem", "Startup Cost": 0.0, "Total Cost": 2165082.91, "Plan Rows": 14835209, "Plan Width": 24, "Actual Startup Time": 0.021, "Actual Total Time": 22090.21, "Actual Rows": 14808183, "Actual Loops": 1, "Filter": "(l_returnflag = 'R'::bpchar), (LLVM Optimized, Jit Execute)", "Rows Removed by Filter": 45177869}, {"Node Type": "Hash", "Parent Relationship": "Inner", "Startup Cost": 299784.84, "Total Cost": 299784.84, "Plan Rows": 575746, "Plan Width": 16, "Actual Startup Time": 1385.671, "Actual Total Time": 1385.671, "Actual Rows": 573635, "Actual Loops": 1, "Hash Buckets": 1048576, "Hash Batches": 1, "Original Hash Batches": 1, "Peak Memory Usage": 26890, "Plans": [{"Node Type": "Bitmap Heap Scan", "Parent Relationship": "Outer", "Relation Name": "orders", "Alias": "orders", "Startup Cost": 14729.65, "Total Cost": 299784.84, "Plan Rows": 575746, "Plan Width": 16, "Actual Startup Time": 280.557, "Actual Total Time": 1156.886, "Actual Rows": 573635, "Actual Loops": 1, "Recheck Cond": "((o_orderdate >= '1993-08-01 00:00:00'::timestamp(0) without time zone) AND (o_orderdate < '1993-11-01 00:00:00'::timestamp without time zone)), (LLVM Optimized, Jit Execute)", "Rows Removed by Index Recheck": 0, "Exact Heap Blocks": 242860, "Lossy Heap Blocks": 242860, "Plans": [{"Node Type": "Bitmap Index Scan", "Parent Relationship": "Outer", "Index Name": "idx_orders_orderdate", "Startup Cost": 0.0, "Total Cost": 14585.71, "Plan Rows": 575746, "Plan Width": 0, "Actual Startup Time": 199.97, "Actual Total Time": 199.97, "Actual Rows": 573635, "Actual Loops": 1, "Index Cond": "((o_orderdate >= '1993-08-01 00:00:00'::timestamp(0) without time zone) AND (o_orderdate < '1993-11-01 00:00:00'::timestamp without time zone))"}]}]}]}, {"Node Type": "Hash", "Parent Relationship": "Inner", "Startup Cost": 52126.0, "Total Cost": 52126.0, "Plan Rows": 1500000, "Plan Width": 153, "Actual Startup Time": 1280.614, "Actual Total Time": 1280.614, "Actual Rows": 1500000, "Actual Loops": 1, "Hash Buckets": 2097152, "Hash Batches": 1, "Original Hash Batches": 1, "Peak Memory Usage": 282695, "Plans": [{"Node Type": "Seq Scan", "Parent Relationship": "Outer", "Relation Name": "customer", "Alias": "customer", "Startup Cost": 0.0, "Total Cost": 52126.0, "Plan Rows": 1500000, "Plan Width": 153, "Actual Startup Time": 0.017, "Actual Total Time": 610.086, "Actual Rows": 1500000, "Actual Loops": 1}]}]}, {"Node Type": "Hash", "Parent Relationship": "Inner", "Startup Cost": 1.25, "Total Cost": 1.25, "Plan Rows": 25, "Plan Width": 30, "Actual Startup Time": 0.042, "Actual Total Time": 0.042, "Actual Rows": 25, "Actual Loops": 1, "Hash Buckets": 32768, "Hash Batches": 1, "Original Hash Batches": 1, "Peak Memory Usage": 2, "Plans": [{"Node Type": "Seq Scan", "Parent Relationship": "Outer", "Relation Name": "nation", "Alias": "nation", "Startup Cost": 0.0, "Total Cost": 1.25, "Plan Rows": 25, "Plan Width": 30, "Actual Startup Time": 0.019, "Actual Total Time": 0.025, "Actual Rows": 25, "Actual Loops": 1}]}]}]}]}]}, "Triggers": [], "Planner Runtime": 1, "Total Runtime": 32378.341, "Unique SQL Id": 1604070524}}, "(16, 65)": {"explain_plan": {"Plan": {"Node Type": "Limit", "Startup Cost": 3620844.85, "Total Cost": 3620844.9, "Plan Rows": 20, "Plan Width": 199, "Plans": [{"Node Type": "Sort", "Parent Relationship": "Outer", "Startup Cost": 3620844.85, "Total Cost": 3624459.59, "Plan Rows": 20, "Plan Width": 199, "Sort Key": ["(sum((lineitem.l_extendedprice * (1::double precision - lineitem.l_discount)))) DESC"], "Plans": [{"Node Type": "Aggregate", "Strategy": "Hashed", "Parent Relationship": "Outer", "Startup Cost": 3567911.04, "Total Cost": 3582370.02, "Plan Rows": 1445898, "Plan Width": 199, "Group By Key": ["customer.c_custkey", "customer.c_name", "customer.c_acctbal", "customer.c_phone", "nation.n_name", "customer.c_address", "customer.c_comment"], "Plans": [{"Node Type": "Nested Loop", "Parent Relationship": "Outer", "Join Type": "Inner", "Startup Cost": 114257.94, "Total Cost": 3531763.59, "Plan Rows": 1445898, "Plan Width": 191, "Inner Unique": false, "Plans": [{"Node Type": "Hash Join", "Parent Relationship": "Outer", "Join Type": "Inner", "Startup Cost": 114257.94, "Total Cost": 415146.15, "Plan Rows": 575746, "Plan Width": 183, "Inner Unique": true, "Hash Cond": "(customer.c_nationkey = nation.n_nationkey), (LLVM Optimized)", "Plans": [{"Node Type": "Hash Join", "Parent Relationship": "Outer", "Join Type": "Inner", "Startup Cost": 114245.0, "Total Cost": 407216.7, "Plan Rows": 575746, "Plan Width": 161, "Inner Unique": true, "Hash Cond": "(orders.o_custkey = customer.c_custkey), (LLVM Optimized)", "Plans": [{"Node Type": "Bitmap Heap Scan", "Parent Relationship": "Outer", "Relation Name": "orders", "Alias": "orders", "Startup Cost": 14729.65, "Total Cost": 299784.84, "Plan Rows": 575746, "Plan Width": 16, "Recheck Cond": "((o_orderdate >= '1993-08-01 00:00:00'::timestamp(0) without time zone) AND (o_orderdate < '1993-11-01 00:00:00'::timestamp without time zone)), (LLVM Optimized)", "Plans": [{"Node Type": "Bitmap Index Scan", "Parent Relationship": "Outer", "Index Name": "idx_orders_orderdate", "Startup Cost": 0.0, "Total Cost": 14585.71, "Plan Rows": 575746, "Plan Width": 0, "Index Cond": "((o_orderdate >= '1993-08-01 00:00:00'::timestamp(0) without time zone) AND (o_orderdate < '1993-11-01 00:00:00'::timestamp without time zone))"}]}, {"Node Type": "Hash", "Parent Relationship": "Inner", "Startup Cost": 80765.36, "Total Cost": 80765.36, "Plan Rows": 1500000, "Plan Width": 153, "Plans": [{"Node Type": "Index Scan", "Parent Relationship": "Outer", "Scan Direction": "Forward", "Index Name": "customer_pkey", "Relation Name": "customer", "Alias": "customer", "Startup Cost": 0.0, "Total Cost": 80765.36, "Plan Rows": 1500000, "Plan Width": 153}]}]}, {"Node Type": "Hash", "Parent Relationship": "Inner", "Startup Cost": 12.62, "Total Cost": 12.62, "Plan Rows": 25, "Plan Width": 30, "Plans": [{"Node Type": "Index Scan", "Parent Relationship": "Outer", "Scan Direction": "Forward", "Index Name": "nation_pkey", "Relation Name": "nation", "Alias": "nation", "Startup Cost": 0.0, "Total Cost": 12.62, "Plan Rows": 25, "Plan Width": 30}]}]}, {"Node Type": "Index Scan", "Parent Relationship": "Inner", "Scan Direction": "Forward", "Index Name": "idx_lineitem_orderkey", "Relation Name": "lineitem", "Alias": "lineitem", "Startup Cost": 0.0, "Total Cost": 5.38, "Plan Rows": 3, "Plan Width": 24, "Index Cond": "(l_orderkey = orders.o_orderkey)", "Filter": "(l_returnflag = 'R'::bpchar)"}]}]}]}]}, "Unique SQL Id": 1604070524, "Planner Runtime": 1}, "explain_analyze_plan": {"Plan": {"Node Type": "Limit", "Startup Cost": 3620844.85, "Total Cost": 3620844.9, "Plan Rows": 20, "Plan Width": 199, "Actual Startup Time": 14339.291, "Actual Total Time": 14339.3, "Actual Rows": 20, "Actual Loops": 1, "Plans": [{"Node Type": "Sort", "Parent Relationship": "Outer", "Startup Cost": 3620844.85, "Total Cost": 3624459.59, "Plan Rows": 20, "Plan Width": 199, "Actual Startup Time": 14339.286, "Actual Total Time": 14339.292, "Actual Rows": 20, "Actual Loops": 1, "Sort Key": ["(sum((lineitem.l_extendedprice * (1::double precision - lineitem.l_discount)))) DESC"], "Sort Method": "top-N heapsort", "Sort Space Used": 35, "Sort Space Type": "Memory", "Plans": [{"Node Type": "Aggregate", "Strategy": "Hashed", "Parent Relationship": "Outer", "Startup Cost": 3567911.04, "Total Cost": 3582370.02, "Plan Rows": 1445898, "Plan Width": 199, "Actual Startup Time": 13930.126, "Actual Total Time": 14202.669, "Actual Rows": 381542, "Actual Loops": 1, "Group By Key": ["customer.c_custkey", "customer.c_name", "customer.c_acctbal", "customer.c_phone", "nation.n_name", "customer.c_address", "customer.c_comment"], "Plans": [{"Node Type": "Nested Loop", "Parent Relationship": "Outer", "Join Type": "Inner", "Startup Cost": 114257.94, "Total Cost": 3531763.59, "Plan Rows": 1445898, "Plan Width": 191, "Actual Startup Time": 2113.963, "Actual Total Time": 12023.546, "Actual Rows": 1145969, "Actual Loops": 1, "Inner Unique": false, "Plans": [{"Node Type": "Hash Join", "Parent Relationship": "Outer", "Join Type": "Inner", "Startup Cost": 114257.94, "Total Cost": 415146.15, "Plan Rows": 575746, "Plan Width": 183, "Actual Startup Time": 2113.905, "Actual Total Time": 3925.924, "Actual Rows": 573635, "Actual Loops": 1, "Inner Unique": true, "Hash Cond": "(customer.c_nationkey = nation.n_nationkey), (LLVM Optimized, Jit Execute)", "Plans": [{"Node Type": "Hash Join", "Parent Relationship": "Outer", "Join Type": "Inner", "Startup Cost": 114245.0, "Total Cost": 407216.7, "Plan Rows": 575746, "Plan Width": 161, "Actual Startup Time": 2113.798, "Actual Total Time": 3672.375, "Actual Rows": 573635, "Actual Loops": 1, "Inner Unique": true, "Hash Cond": "(orders.o_custkey = customer.c_custkey), (LLVM Optimized, Jit Execute)", "Plans": [{"Node Type": "Bitmap Heap Scan", "Parent Relationship": "Outer", "Relation Name": "orders", "Alias": "orders", "Startup Cost": 14729.65, "Total Cost": 299784.84, "Plan Rows": 575746, "Plan Width": 16, "Actual Startup Time": 255.306, "Actual Total Time": 1209.216, "Actual Rows": 573635, "Actual Loops": 1, "Recheck Cond": "((o_orderdate >= '1993-08-01 00:00:00'::timestamp(0) without time zone) AND (o_orderdate < '1993-11-01 00:00:00'::timestamp without time zone)), (LLVM Optimized, Jit Execute)", "Rows Removed by Index Recheck": 0, "Exact Heap Blocks": 242860, "Lossy Heap Blocks": 242860, "Plans": [{"Node Type": "Bitmap Index Scan", "Parent Relationship": "Outer", "Index Name": "idx_orders_orderdate", "Startup Cost": 0.0, "Total Cost": 14585.71, "Plan Rows": 575746, "Plan Width": 0, "Actual Startup Time": 180.492, "Actual Total Time": 180.492, "Actual Rows": 573635, "Actual Loops": 1, "Index Cond": "((o_orderdate >= '1993-08-01 00:00:00'::timestamp(0) without time zone) AND (o_orderdate < '1993-11-01 00:00:00'::timestamp without time zone))"}]}, {"Node Type": "Hash", "Parent Relationship": "Inner", "Startup Cost": 80765.36, "Total Cost": 80765.36, "Plan Rows": 1500000, "Plan Width": 153, "Actual Startup Time": 1857.226, "Actual Total Time": 1857.226, "Actual Rows": 1500000, "Actual Loops": 1, "Hash Buckets": 2097152, "Hash Batches": 1, "Original Hash Batches": 1, "Peak Memory Usage": 282695, "Plans": [{"Node Type": "Index Scan", "Parent Relationship": "Outer", "Scan Direction": "Forward", "Index Name": "customer_pkey", "Relation Name": "customer", "Alias": "customer", "Startup Cost": 0.0, "Total Cost": 80765.36, "Plan Rows": 1500000, "Plan Width": 153, "Actual Startup Time": 0.043, "Actual Total Time": 1157.899, "Actual Rows": 1500000, "Actual Loops": 1}]}]}, {"Node Type": "Hash", "Parent Relationship": "Inner", "Startup Cost": 12.62, "Total Cost": 12.62, "Plan Rows": 25, "Plan Width": 30, "Actual Startup Time": 0.051, "Actual Total Time": 0.051, "Actual Rows": 25, "Actual Loops": 1, "Hash Buckets": 32768, "Hash Batches": 1, "Original Hash Batches": 1, "Peak Memory Usage": 2, "Plans": [{"Node Type": "Index Scan", "Parent Relationship": "Outer", "Scan Direction": "Forward", "Index Name": "nation_pkey", "Relation Name": "nation", "Alias": "nation", "Startup Cost": 0.0, "Total Cost": 12.62, "Plan Rows": 25, "Plan Width": 30, "Actual Startup Time": 0.019, "Actual Total Time": 0.034, "Actual Rows": 25, "Actual Loops": 1}]}]}, {"Node Type": "Index Scan", "Parent Relationship": "Inner", "Scan Direction": "Forward", "Index Name": "idx_lineitem_orderkey", "Relation Name": "lineitem", "Alias": "lineitem", "Startup Cost": 0.0, "Total Cost": 5.38, "Plan Rows": 3, "Plan Width": 24, "Actual Startup Time": 6123.392, "Actual Total Time": 7438.708, "Actual Rows": 1145969, "Actual Loops": 573635, "Index Cond": "(l_orderkey = orders.o_orderkey)", "Rows Removed by Index Recheck": 0, "Filter": "(l_returnflag = 'R'::bpchar)", "Rows Removed by Filter": 1146896}]}]}]}]}, "Triggers": [], "Planner Runtime": 1, "Total Runtime": 14350.386, "Unique SQL Id": 1604070524}}, "(16, 66)": {"explain_plan": {"Plan": {"Node Type": "Limit", "Startup Cost": 2741876.6, "Total Cost": 2741876.65, "Plan Rows": 20, "Plan Width": 199, "Plans": [{"Node Type": "Sort", "Parent Relationship": "Outer", "Startup Cost": 2741876.6, "Total Cost": 2745491.35, "Plan Rows": 20, "Plan Width": 199, "Sort Key": ["(sum((lineitem.l_extendedprice * (1::double precision - lineitem.l_discount)))) DESC"], "Plans": [{"Node Type": "Aggregate", "Strategy": "Hashed", "Parent Relationship": "Outer", "Startup Cost": 2688942.8, "Total Cost": 2703401.78, "Plan Rows": 1445898, "Plan Width": 199, "Group By Key": ["customer.c_custkey", "customer.c_name", "customer.c_acctbal", "customer.c_phone", "nation.n_name", "customer.c_address", "customer.c_comment"], "Plans": [{"Node Type": "Hash Join", "Parent Relationship": "Outer", "Join Type": "Inner", "Startup Cost": 377859.22, "Total Cost": 2652795.35, "Plan Rows": 1445898, "Plan Width": 191, "Inner Unique": true, "Hash Cond": "(customer.c_nationkey = nation.n_nationkey), (LLVM Optimized)", "Plans": [{"Node Type": "Hash Join", "Parent Relationship": "Outer", "Join Type": "Inner", "Startup Cost": 377857.66, "Total Cost": 2632912.69, "Plan Rows": 1445898, "Plan Width": 169, "Inner Unique": true, "Hash Cond": "(orders.o_custkey = customer.c_custkey), (LLVM Optimized)", "Plans": [{"Node Type": "Hash Join", "Parent Relationship": "Outer", "Join Type": "Inner", "Startup Cost": 306981.66, "Total Cost": 2542155.59, "Plan Rows": 1445898, "Plan Width": 24, "Inner Unique": true, "Hash Cond": "(lineitem.l_orderkey = orders.o_orderkey), (LLVM Optimized)", "Plans": [{"Node Type": "Seq Scan", "Parent Relationship": "Outer", "Relation Name": "lineitem", "Alias": "lineitem", "Startup Cost": 0.0, "Total Cost": 2165082.91, "Plan Rows": 14835209, "Plan Width": 24, "Filter": "(l_returnflag = 'R'::bpchar), (LLVM Optimized)"}, {"Node Type": "Hash", "Parent Relationship": "Inner", "Startup Cost": 299784.84, "Total Cost": 299784.84, "Plan Rows": 575746, "Plan Width": 16, "Plans": [{"Node Type": "Bitmap Heap Scan", "Parent Relationship": "Outer", "Relation Name": "orders", "Alias": "orders", "Startup Cost": 14729.65, "Total Cost": 299784.84, "Plan Rows": 575746, "Plan Width": 16, "Recheck Cond": "((o_orderdate >= '1993-08-01 00:00:00'::timestamp(0) without time zone) AND (o_orderdate < '1993-11-01 00:00:00'::timestamp without time zone)), (LLVM Optimized)", "Plans": [{"Node Type": "Bitmap Index Scan", "Parent Relationship": "Outer", "Index Name": "idx_orders_orderdate", "Startup Cost": 0.0, "Total Cost": 14585.71, "Plan Rows": 575746, "Plan Width": 0, "Index Cond": "((o_orderdate >= '1993-08-01 00:00:00'::timestamp(0) without time zone) AND (o_orderdate < '1993-11-01 00:00:00'::timestamp without time zone))"}]}]}]}, {"Node Type": "Hash", "Parent Relationship": "Inner", "Startup Cost": 52126.0, "Total Cost": 52126.0, "Plan Rows": 1500000, "Plan Width": 153, "Plans": [{"Node Type": "Seq Scan", "Parent Relationship": "Outer", "Relation Name": "customer", "Alias": "customer", "Startup Cost": 0.0, "Total Cost": 52126.0, "Plan Rows": 1500000, "Plan Width": 153}]}]}, {"Node Type": "Hash", "Parent Relationship": "Inner", "Startup Cost": 1.25, "Total Cost": 1.25, "Plan Rows": 25, "Plan Width": 30, "Plans": [{"Node Type": "Seq Scan", "Parent Relationship": "Outer", "Relation Name": "nation", "Alias": "nation", "Startup Cost": 0.0, "Total Cost": 1.25, "Plan Rows": 25, "Plan Width": 30}]}]}]}]}]}, "Unique SQL Id": 1604070524, "Planner Runtime": 1}, "explain_analyze_plan": {"Plan": {"Node Type": "Limit", "Startup Cost": 2741876.6, "Total Cost": 2741876.65, "Plan Rows": 20, "Plan Width": 199, "Actual Startup Time": 32366.791, "Actual Total Time": 32366.797, "Actual Rows": 20, "Actual Loops": 1, "Plans": [{"Node Type": "Sort", "Parent Relationship": "Outer", "Startup Cost": 2741876.6, "Total Cost": 2745491.35, "Plan Rows": 20, "Plan Width": 199, "Actual Startup Time": 32366.788, "Actual Total Time": 32366.792, "Actual Rows": 20, "Actual Loops": 1, "Sort Key": ["(sum((lineitem.l_extendedprice * (1::double precision - lineitem.l_discount)))) DESC"], "Sort Method": "top-N heapsort", "Sort Space Used": 35, "Sort Space Type": "Memory", "Plans": [{"Node Type": "Aggregate", "Strategy": "Hashed", "Parent Relationship": "Outer", "Startup Cost": 2688942.8, "Total Cost": 2703401.78, "Plan Rows": 1445898, "Plan Width": 199, "Actual Startup Time": 31978.233, "Actual Total Time": 32230.896, "Actual Rows": 381542, "Actual Loops": 1, "Group By Key": ["customer.c_custkey", "customer.c_name", "customer.c_acctbal", "customer.c_phone", "nation.n_name", "customer.c_address", "customer.c_comment"], "Plans": [{"Node Type": "Hash Join", "Parent Relationship": "Outer", "Join Type": "Inner", "Startup Cost": 377859.22, "Total Cost": 2652795.35, "Plan Rows": 1445898, "Plan Width": 191, "Actual Startup Time": 2668.375, "Actual Total Time": 30150.047, "Actual Rows": 1145969, "Actual Loops": 1, "Inner Unique": true, "Hash Cond": "(customer.c_nationkey = nation.n_nationkey), (LLVM Optimized, Jit Execute)", "Plans": [{"Node Type": "Hash Join", "Parent Relationship": "Outer", "Join Type": "Inner", "Startup Cost": 377857.66, "Total Cost": 2632912.69, "Plan Rows": 1445898, "Plan Width": 169, "Actual Startup Time": 2668.286, "Actual Total Time": 29684.602, "Actual Rows": 1145969, "Actual Loops": 1, "Inner Unique": true, "Hash Cond": "(orders.o_custkey = customer.c_custkey), (LLVM Optimized, Jit Execute)", "Plans": [{"Node Type": "Hash Join", "Parent Relationship": "Outer", "Join Type": "Inner", "Startup Cost": 306981.66, "Total Cost": 2542155.59, "Plan Rows": 1445898, "Plan Width": 24, "Actual Startup Time": 1386.463, "Actual Total Time": 27642.574, "Actual Rows": 1145969, "Actual Loops": 1, "Inner Unique": true, "Hash Cond": "(lineitem.l_orderkey = orders.o_orderkey), (LLVM Optimized, Jit Execute)", "Plans": [{"Node Type": "Seq Scan", "Parent Relationship": "Outer", "Relation Name": "lineitem", "Alias": "lineitem", "Startup Cost": 0.0, "Total Cost": 2165082.91, "Plan Rows": 14835209, "Plan Width": 24, "Actual Startup Time": 0.021, "Actual Total Time": 22090.21, "Actual Rows": 14808183, "Actual Loops": 1, "Filter": "(l_returnflag = 'R'::bpchar), (LLVM Optimized, Jit Execute)", "Rows Removed by Filter": 45177869}, {"Node Type": "Hash", "Parent Relationship": "Inner", "Startup Cost": 299784.84, "Total Cost": 299784.84, "Plan Rows": 575746, "Plan Width": 16, "Actual Startup Time": 1385.671, "Actual Total Time": 1385.671, "Actual Rows": 573635, "Actual Loops": 1, "Hash Buckets": 1048576, "Hash Batches": 1, "Original Hash Batches": 1, "Peak Memory Usage": 26890, "Plans": [{"Node Type": "Bitmap Heap Scan", "Parent Relationship": "Outer", "Relation Name": "orders", "Alias": "orders", "Startup Cost": 14729.65, "Total Cost": 299784.84, "Plan Rows": 575746, "Plan Width": 16, "Actual Startup Time": 280.557, "Actual Total Time": 1156.886, "Actual Rows": 573635, "Actual Loops": 1, "Recheck Cond": "((o_orderdate >= '1993-08-01 00:00:00'::timestamp(0) without time zone) AND (o_orderdate < '1993-11-01 00:00:00'::timestamp without time zone)), (LLVM Optimized, Jit Execute)", "Rows Removed by Index Recheck": 0, "Exact Heap Blocks": 242860, "Lossy Heap Blocks": 242860, "Plans": [{"Node Type": "Bitmap Index Scan", "Parent Relationship": "Outer", "Index Name": "idx_orders_orderdate", "Startup Cost": 0.0, "Total Cost": 14585.71, "Plan Rows": 575746, "Plan Width": 0, "Actual Startup Time": 199.97, "Actual Total Time": 199.97, "Actual Rows": 573635, "Actual Loops": 1, "Index Cond": "((o_orderdate >= '1993-08-01 00:00:00'::timestamp(0) without time zone) AND (o_orderdate < '1993-11-01 00:00:00'::timestamp without time zone))"}]}]}]}, {"Node Type": "Hash", "Parent Relationship": "Inner", "Startup Cost": 52126.0, "Total Cost": 52126.0, "Plan Rows": 1500000, "Plan Width": 153, "Actual Startup Time": 1280.614, "Actual Total Time": 1280.614, "Actual Rows": 1500000, "Actual Loops": 1, "Hash Buckets": 2097152, "Hash Batches": 1, "Original Hash Batches": 1, "Peak Memory Usage": 282695, "Plans": [{"Node Type": "Seq Scan", "Parent Relationship": "Outer", "Relation Name": "customer", "Alias": "customer", "Startup Cost": 0.0, "Total Cost": 52126.0, "Plan Rows": 1500000, "Plan Width": 153, "Actual Startup Time": 0.017, "Actual Total Time": 610.086, "Actual Rows": 1500000, "Actual Loops": 1}]}]}, {"Node Type": "Hash", "Parent Relationship": "Inner", "Startup Cost": 1.25, "Total Cost": 1.25, "Plan Rows": 25, "Plan Width": 30, "Actual Startup Time": 0.042, "Actual Total Time": 0.042, "Actual Rows": 25, "Actual Loops": 1, "Hash Buckets": 32768, "Hash Batches": 1, "Original Hash Batches": 1, "Peak Memory Usage": 2, "Plans": [{"Node Type": "Seq Scan", "Parent Relationship": "Outer", "Relation Name": "nation", "Alias": "nation", "Startup Cost": 0.0, "Total Cost": 1.25, "Plan Rows": 25, "Plan Width": 30, "Actual Startup Time": 0.019, "Actual Total Time": 0.025, "Actual Rows": 25, "Actual Loops": 1}]}]}]}]}]}, "Triggers": [], "Planner Runtime": 1, "Total Runtime": 32378.341, "Unique SQL Id": 1604070524}}, "(16, 67)": {"explain_plan": {"Plan": {"Node Type": "Limit", "Startup Cost": 13443415.76, "Total Cost": 13443415.81, "Plan Rows": 20, "Plan Width": 199, "Plans": [{"Node Type": "Sort", "Parent Relationship": "Outer", "Startup Cost": 13443415.76, "Total Cost": 13447030.51, "Plan Rows": 20, "Plan Width": 199, "Sort Key": ["(sum((lineitem.l_extendedprice * (1::double precision - lineitem.l_discount)))) DESC"], "Plans": [{"Node Type": "Aggregate", "Strategy": "Hashed", "Parent Relationship": "Outer", "Startup Cost": 13390481.96, "Total Cost": 13404940.94, "Plan Rows": 1445898, "Plan Width": 199, "Group By Key": ["customer.c_custkey", "customer.c_name", "customer.c_acctbal", "customer.c_phone", "nation.n_name", "customer.c_address", "customer.c_comment"], "Plans": [{"Node Type": "Nested Loop", "Parent Relationship": "Outer", "Join Type": "Inner", "Startup Cost": 14732.12, "Total Cost": 13354334.51, "Plan Rows": 1445898, "Plan Width": 191, "Inner Unique": false, "Plans": [{"Node Type": "Nested Loop", "Parent Relationship": "Outer", "Join Type": "Inner", "Startup Cost": 14730.2, "Total Cost": 5249597.54, "Plan Rows": 575746, "Plan Width": 183, "Inner Unique": true, "Plans": [{"Node Type": "Nested Loop", "Parent Relationship": "Outer", "Join Type": "Inner", "Startup Cost": 14729.94, "Total Cost": 2785257.65, "Plan Rows": 575746, "Plan Width": 161, "Inner Unique": true, "Plans": [{"Node Type": "Bitmap Heap Scan", "Parent Relationship": "Outer", "Relation Name": "orders", "Alias": "orders", "Startup Cost": 14729.65, "Total Cost": 299784.84, "Plan Rows": 575746, "Plan Width": 16, "Recheck Cond": "((o_orderdate >= '1993-08-01 00:00:00'::timestamp(0) without time zone) AND (o_orderdate < '1993-11-01 00:00:00'::timestamp without time zone)), (LLVM Optimized)", "Plans": [{"Node Type": "Bitmap Index Scan", "Parent Relationship": "Outer", "Index Name": "idx_orders_orderdate", "Startup Cost": 0.0, "Total Cost": 14585.71, "Plan Rows": 575746, "Plan Width": 0, "Index Cond": "((o_orderdate >= '1993-08-01 00:00:00'::timestamp(0) without time zone) AND (o_orderdate < '1993-11-01 00:00:00'::timestamp without time zone))"}]}, {"Node Type": "Bitmap Heap Scan", "Parent Relationship": "Inner", "Relation Name": "customer", "Alias": "customer", "Startup Cost": 0.29, "Total Cost": 4.31, "Plan Rows": 1, "Plan Width": 153, "Recheck Cond": "(c_custkey = orders.o_custkey)", "Plans": [{"Node Type": "Bitmap Index Scan", "Parent Relationship": "Outer", "Index Name": "customer_pkey", "Startup Cost": 0.0, "Total Cost": 0.29, "Plan Rows": 1, "Plan Width": 0, "Index Cond": "(c_custkey = orders.o_custkey)"}]}]}, {"Node Type": "Bitmap Heap Scan", "Parent Relationship": "Inner", "Relation Name": "nation", "Alias": "nation", "Startup Cost": 0.26, "Total Cost": 4.27, "Plan Rows": 1, "Plan Width": 30, "Recheck Cond": "(n_nationkey = customer.c_nationkey)", "Plans": [{"Node Type": "Bitmap Index Scan", "Parent Relationship": "Outer", "Index Name": "nation_pkey", "Startup Cost": 0.0, "Total Cost": 0.26, "Plan Rows": 1, "Plan Width": 0, "Index Cond": "(n_nationkey = customer.c_nationkey)"}]}]}, {"Node Type": "Bitmap Heap Scan", "Parent Relationship": "Inner", "Relation Name": "lineitem", "Alias": "lineitem", "Startup Cost": 1.93, "Total Cost": 14.05, "Plan Rows": 3, "Plan Width": 24, "Recheck Cond": "(l_orderkey = orders.o_orderkey)", "Filter": "(l_returnflag = 'R'::bpchar)", "Plans": [{"Node Type": "Bitmap Index Scan", "Parent Relationship": "Outer", "Index Name": "idx_lineitem_orderkey", "Startup Cost": 0.0, "Total Cost": 1.92, "Plan Rows": 9, "Plan Width": 0, "Index Cond": "(l_orderkey = orders.o_orderkey)"}]}]}]}]}]}, "Unique SQL Id": 1604070524, "Planner Runtime": 1}, "explain_analyze_plan": {"Plan": {"Node Type": "Limit", "Startup Cost": 13443415.76, "Total Cost": 13443415.81, "Plan Rows": 20, "Plan Width": 199, "Actual Startup Time": 17339.241, "Actual Total Time": 17339.252, "Actual Rows": 20, "Actual Loops": 1, "Plans": [{"Node Type": "Sort", "Parent Relationship": "Outer", "Startup Cost": 13443415.76, "Total Cost": 13447030.51, "Plan Rows": 20, "Plan Width": 199, "Actual Startup Time": 17339.239, "Actual Total Time": 17339.248, "Actual Rows": 20, "Actual Loops": 1, "Sort Key": ["(sum((lineitem.l_extendedprice * (1::double precision - lineitem.l_discount)))) DESC"], "Sort Method": "top-N heapsort", "Sort Space Used": 35, "Sort Space Type": "Memory", "Plans": [{"Node Type": "Aggregate", "Strategy": "Hashed", "Parent Relationship": "Outer", "Startup Cost": 13390481.96, "Total Cost": 13404940.94, "Plan Rows": 1445898, "Plan Width": 199, "Actual Startup Time": 16948.804, "Actual Total Time": 17203.575, "Actual Rows": 381542, "Actual Loops": 1, "Group By Key": ["customer.c_custkey", "customer.c_name", "customer.c_acctbal", "customer.c_phone", "nation.n_name", "customer.c_address", "customer.c_comment"], "Plans": [{"Node Type": "Nested Loop", "Parent Relationship": "Outer", "Join Type": "Inner", "Startup Cost": 14732.12, "Total Cost": 13354334.51, "Plan Rows": 1445898, "Plan Width": 191, "Actual Startup Time": 243.383, "Actual Total Time": 14979.756, "Actual Rows": 1145969, "Actual Loops": 1, "Inner Unique": false, "Plans": [{"Node Type": "Nested Loop", "Parent Relationship": "Outer", "Join Type": "Inner", "Startup Cost": 14730.2, "Total Cost": 5249597.54, "Plan Rows": 575746, "Plan Width": 183, "Actual Startup Time": 243.33, "Actual Total Time": 8554.709, "Actual Rows": 573635, "Actual Loops": 1, "Inner Unique": true, "Plans": [{"Node Type": "Nested Loop", "Parent Relationship": "Outer", "Join Type": "Inner", "Startup Cost": 14729.94, "Total Cost": 2785257.65, "Plan Rows": 575746, "Plan Width": 161, "Actual Startup Time": 243.278, "Actual Total Time": 6365.155, "Actual Rows": 573635, "Actual Loops": 1, "Inner Unique": true, "Plans": [{"Node Type": "Bitmap Heap Scan", "Parent Relationship": "Outer", "Relation Name": "orders", "Alias": "orders", "Startup Cost": 14729.65, "Total Cost": 299784.84, "Plan Rows": 575746, "Plan Width": 16, "Actual Startup Time": 243.054, "Actual Total Time": 1186.231, "Actual Rows": 573635, "Actual Loops": 1, "Recheck Cond": "((o_orderdate >= '1993-08-01 00:00:00'::timestamp(0) without time zone) AND (o_orderdate < '1993-11-01 00:00:00'::timestamp without time zone)), (LLVM Optimized, Jit Execute)", "Rows Removed by Index Recheck": 0, "Exact Heap Blocks": 242860, "Lossy Heap Blocks": 242860, "Plans": [{"Node Type": "Bitmap Index Scan", "Parent Relationship": "Outer", "Index Name": "idx_orders_orderdate", "Startup Cost": 0.0, "Total Cost": 14585.71, "Plan Rows": 575746, "Plan Width": 0, "Actual Startup Time": 167.646, "Actual Total Time": 167.646, "Actual Rows": 573635, "Actual Loops": 1, "Index Cond": "((o_orderdate >= '1993-08-01 00:00:00'::timestamp(0) without time zone) AND (o_orderdate < '1993-11-01 00:00:00'::timestamp without time zone))"}]}, {"Node Type": "Bitmap Heap Scan", "Parent Relationship": "Inner", "Relation Name": "customer", "Alias": "customer", "Startup Cost": 0.29, "Total Cost": 4.31, "Plan Rows": 1, "Plan Width": 153, "Actual Startup Time": 4298.917, "Actual Total Time": 4298.917, "Actual Rows": 573635, "Actual Loops": 573635, "Recheck Cond": "(c_custkey = orders.o_custkey)", "Rows Removed by Index Recheck": 0, "Exact Heap Blocks": 573635, "Lossy Heap Blocks": 573635, "Plans": [{"Node Type": "Bitmap Index Scan", "Parent Relationship": "Outer", "Index Name": "customer_pkey", "Startup Cost": 0.0, "Total Cost": 0.29, "Plan Rows": 1, "Plan Width": 0, "Actual Startup Time": 2605.74, "Actual Total Time": 2605.74, "Actual Rows": 573635, "Actual Loops": 573635, "Index Cond": "(c_custkey = orders.o_custkey)"}]}]}, {"Node Type": "Bitmap Heap Scan", "Parent Relationship": "Inner", "Relation Name": "nation", "Alias": "nation", "Startup Cost": 0.26, "Total Cost": 4.27, "Plan Rows": 1, "Plan Width": 30, "Actual Startup Time": 1394.855, "Actual Total Time": 1394.855, "Actual Rows": 573635, "Actual Loops": 573635, "Recheck Cond": "(n_nationkey = customer.c_nationkey)", "Rows Removed by Index Recheck": 0, "Exact Heap Blocks": 573635, "Lossy Heap Blocks": 573635, "Plans": [{"Node Type": "Bitmap Index Scan", "Parent Relationship": "Outer", "Index Name": "nation_pkey", "Startup Cost": 0.0, "Total Cost": 0.26, "Plan Rows": 1, "Plan Width": 0, "Actual Startup Time": 610.88, "Actual Total Time": 610.88, "Actual Rows": 573635, "Actual Loops": 573635, "Index Cond": "(n_nationkey = customer.c_nationkey)"}]}]}, {"Node Type": "Bitmap Heap Scan", "Parent Relationship": "Inner", "Relation Name": "lineitem", "Alias": "lineitem", "Startup Cost": 1.93, "Total Cost": 14.05, "Plan Rows": 3, "Plan Width": 24, "Actual Startup Time": 4948.946, "Actual Total Time": 5481.054, "Actual Rows": 1145969, "Actual Loops": 573635, "Recheck Cond": "(l_orderkey = orders.o_orderkey)", "Rows Removed by Index Recheck": 0, "Filter": "(l_returnflag = 'R'::bpchar)", "Rows Removed by Filter": 1146896, "Exact Heap Blocks": 614400, "Lossy Heap Blocks": 614400, "Plans": [{"Node Type": "Bitmap Index Scan", "Parent Relationship": "Outer", "Index Name": "idx_lineitem_orderkey", "Startup Cost": 0.0, "Total Cost": 1.92, "Plan Rows": 9, "Plan Width": 0, "Actual Startup Time": 2525.585, "Actual Total Time": 2525.585, "Actual Rows": 2292865, "Actual Loops": 573635, "Index Cond": "(l_orderkey = orders.o_orderkey)"}]}]}]}]}]}, "Triggers": [], "Planner Runtime": 1, "Total Runtime": 17349.86, "Unique SQL Id": 1604070524}}, "(16, 68)": {"explain_plan": {"Plan": {"Node Type": "Limit", "Startup Cost": 2741876.6, "Total Cost": 2741876.65, "Plan Rows": 20, "Plan Width": 199, "Plans": [{"Node Type": "Sort", "Parent Relationship": "Outer", "Startup Cost": 2741876.6, "Total Cost": 2745491.35, "Plan Rows": 20, "Plan Width": 199, "Sort Key": ["(sum((lineitem.l_extendedprice * (1::double precision - lineitem.l_discount)))) DESC"], "Plans": [{"Node Type": "Aggregate", "Strategy": "Hashed", "Parent Relationship": "Outer", "Startup Cost": 2688942.8, "Total Cost": 2703401.78, "Plan Rows": 1445898, "Plan Width": 199, "Group By Key": ["customer.c_custkey", "customer.c_name", "customer.c_acctbal", "customer.c_phone", "nation.n_name", "customer.c_address", "customer.c_comment"], "Plans": [{"Node Type": "Hash Join", "Parent Relationship": "Outer", "Join Type": "Inner", "Startup Cost": 377859.22, "Total Cost": 2652795.35, "Plan Rows": 1445898, "Plan Width": 191, "Inner Unique": true, "Hash Cond": "(customer.c_nationkey = nation.n_nationkey), (LLVM Optimized)", "Plans": [{"Node Type": "Hash Join", "Parent Relationship": "Outer", "Join Type": "Inner", "Startup Cost": 377857.66, "Total Cost": 2632912.69, "Plan Rows": 1445898, "Plan Width": 169, "Inner Unique": true, "Hash Cond": "(orders.o_custkey = customer.c_custkey), (LLVM Optimized)", "Plans": [{"Node Type": "Hash Join", "Parent Relationship": "Outer", "Join Type": "Inner", "Startup Cost": 306981.66, "Total Cost": 2542155.59, "Plan Rows": 1445898, "Plan Width": 24, "Inner Unique": true, "Hash Cond": "(lineitem.l_orderkey = orders.o_orderkey), (LLVM Optimized)", "Plans": [{"Node Type": "Seq Scan", "Parent Relationship": "Outer", "Relation Name": "lineitem", "Alias": "lineitem", "Startup Cost": 0.0, "Total Cost": 2165082.91, "Plan Rows": 14835209, "Plan Width": 24, "Filter": "(l_returnflag = 'R'::bpchar), (LLVM Optimized)"}, {"Node Type": "Hash", "Parent Relationship": "Inner", "Startup Cost": 299784.84, "Total Cost": 299784.84, "Plan Rows": 575746, "Plan Width": 16, "Plans": [{"Node Type": "Bitmap Heap Scan", "Parent Relationship": "Outer", "Relation Name": "orders", "Alias": "orders", "Startup Cost": 14729.65, "Total Cost": 299784.84, "Plan Rows": 575746, "Plan Width": 16, "Recheck Cond": "((o_orderdate >= '1993-08-01 00:00:00'::timestamp(0) without time zone) AND (o_orderdate < '1993-11-01 00:00:00'::timestamp without time zone)), (LLVM Optimized)", "Plans": [{"Node Type": "Bitmap Index Scan", "Parent Relationship": "Outer", "Index Name": "idx_orders_orderdate", "Startup Cost": 0.0, "Total Cost": 14585.71, "Plan Rows": 575746, "Plan Width": 0, "Index Cond": "((o_orderdate >= '1993-08-01 00:00:00'::timestamp(0) without time zone) AND (o_orderdate < '1993-11-01 00:00:00'::timestamp without time zone))"}]}]}]}, {"Node Type": "Hash", "Parent Relationship": "Inner", "Startup Cost": 52126.0, "Total Cost": 52126.0, "Plan Rows": 1500000, "Plan Width": 153, "Plans": [{"Node Type": "Seq Scan", "Parent Relationship": "Outer", "Relation Name": "customer", "Alias": "customer", "Startup Cost": 0.0, "Total Cost": 52126.0, "Plan Rows": 1500000, "Plan Width": 153}]}]}, {"Node Type": "Hash", "Parent Relationship": "Inner", "Startup Cost": 1.25, "Total Cost": 1.25, "Plan Rows": 25, "Plan Width": 30, "Plans": [{"Node Type": "Seq Scan", "Parent Relationship": "Outer", "Relation Name": "nation", "Alias": "nation", "Startup Cost": 0.0, "Total Cost": 1.25, "Plan Rows": 25, "Plan Width": 30}]}]}]}]}]}, "Unique SQL Id": 1604070524, "Planner Runtime": 1}, "explain_analyze_plan": {"Plan": {"Node Type": "Limit", "Startup Cost": 2741876.6, "Total Cost": 2741876.65, "Plan Rows": 20, "Plan Width": 199, "Actual Startup Time": 32366.791, "Actual Total Time": 32366.797, "Actual Rows": 20, "Actual Loops": 1, "Plans": [{"Node Type": "Sort", "Parent Relationship": "Outer", "Startup Cost": 2741876.6, "Total Cost": 2745491.35, "Plan Rows": 20, "Plan Width": 199, "Actual Startup Time": 32366.788, "Actual Total Time": 32366.792, "Actual Rows": 20, "Actual Loops": 1, "Sort Key": ["(sum((lineitem.l_extendedprice * (1::double precision - lineitem.l_discount)))) DESC"], "Sort Method": "top-N heapsort", "Sort Space Used": 35, "Sort Space Type": "Memory", "Plans": [{"Node Type": "Aggregate", "Strategy": "Hashed", "Parent Relationship": "Outer", "Startup Cost": 2688942.8, "Total Cost": 2703401.78, "Plan Rows": 1445898, "Plan Width": 199, "Actual Startup Time": 31978.233, "Actual Total Time": 32230.896, "Actual Rows": 381542, "Actual Loops": 1, "Group By Key": ["customer.c_custkey", "customer.c_name", "customer.c_acctbal", "customer.c_phone", "nation.n_name", "customer.c_address", "customer.c_comment"], "Plans": [{"Node Type": "Hash Join", "Parent Relationship": "Outer", "Join Type": "Inner", "Startup Cost": 377859.22, "Total Cost": 2652795.35, "Plan Rows": 1445898, "Plan Width": 191, "Actual Startup Time": 2668.375, "Actual Total Time": 30150.047, "Actual Rows": 1145969, "Actual Loops": 1, "Inner Unique": true, "Hash Cond": "(customer.c_nationkey = nation.n_nationkey), (LLVM Optimized, Jit Execute)", "Plans": [{"Node Type": "Hash Join", "Parent Relationship": "Outer", "Join Type": "Inner", "Startup Cost": 377857.66, "Total Cost": 2632912.69, "Plan Rows": 1445898, "Plan Width": 169, "Actual Startup Time": 2668.286, "Actual Total Time": 29684.602, "Actual Rows": 1145969, "Actual Loops": 1, "Inner Unique": true, "Hash Cond": "(orders.o_custkey = customer.c_custkey), (LLVM Optimized, Jit Execute)", "Plans": [{"Node Type": "Hash Join", "Parent Relationship": "Outer", "Join Type": "Inner", "Startup Cost": 306981.66, "Total Cost": 2542155.59, "Plan Rows": 1445898, "Plan Width": 24, "Actual Startup Time": 1386.463, "Actual Total Time": 27642.574, "Actual Rows": 1145969, "Actual Loops": 1, "Inner Unique": true, "Hash Cond": "(lineitem.l_orderkey = orders.o_orderkey), (LLVM Optimized, Jit Execute)", "Plans": [{"Node Type": "Seq Scan", "Parent Relationship": "Outer", "Relation Name": "lineitem", "Alias": "lineitem", "Startup Cost": 0.0, "Total Cost": 2165082.91, "Plan Rows": 14835209, "Plan Width": 24, "Actual Startup Time": 0.021, "Actual Total Time": 22090.21, "Actual Rows": 14808183, "Actual Loops": 1, "Filter": "(l_returnflag = 'R'::bpchar), (LLVM Optimized, Jit Execute)", "Rows Removed by Filter": 45177869}, {"Node Type": "Hash", "Parent Relationship": "Inner", "Startup Cost": 299784.84, "Total Cost": 299784.84, "Plan Rows": 575746, "Plan Width": 16, "Actual Startup Time": 1385.671, "Actual Total Time": 1385.671, "Actual Rows": 573635, "Actual Loops": 1, "Hash Buckets": 1048576, "Hash Batches": 1, "Original Hash Batches": 1, "Peak Memory Usage": 26890, "Plans": [{"Node Type": "Bitmap Heap Scan", "Parent Relationship": "Outer", "Relation Name": "orders", "Alias": "orders", "Startup Cost": 14729.65, "Total Cost": 299784.84, "Plan Rows": 575746, "Plan Width": 16, "Actual Startup Time": 280.557, "Actual Total Time": 1156.886, "Actual Rows": 573635, "Actual Loops": 1, "Recheck Cond": "((o_orderdate >= '1993-08-01 00:00:00'::timestamp(0) without time zone) AND (o_orderdate < '1993-11-01 00:00:00'::timestamp without time zone)), (LLVM Optimized, Jit Execute)", "Rows Removed by Index Recheck": 0, "Exact Heap Blocks": 242860, "Lossy Heap Blocks": 242860, "Plans": [{"Node Type": "Bitmap Index Scan", "Parent Relationship": "Outer", "Index Name": "idx_orders_orderdate", "Startup Cost": 0.0, "Total Cost": 14585.71, "Plan Rows": 575746, "Plan Width": 0, "Actual Startup Time": 199.97, "Actual Total Time": 199.97, "Actual Rows": 573635, "Actual Loops": 1, "Index Cond": "((o_orderdate >= '1993-08-01 00:00:00'::timestamp(0) without time zone) AND (o_orderdate < '1993-11-01 00:00:00'::timestamp without time zone))"}]}]}]}, {"Node Type": "Hash", "Parent Relationship": "Inner", "Startup Cost": 52126.0, "Total Cost": 52126.0, "Plan Rows": 1500000, "Plan Width": 153, "Actual Startup Time": 1280.614, "Actual Total Time": 1280.614, "Actual Rows": 1500000, "Actual Loops": 1, "Hash Buckets": 2097152, "Hash Batches": 1, "Original Hash Batches": 1, "Peak Memory Usage": 282695, "Plans": [{"Node Type": "Seq Scan", "Parent Relationship": "Outer", "Relation Name": "customer", "Alias": "customer", "Startup Cost": 0.0, "Total Cost": 52126.0, "Plan Rows": 1500000, "Plan Width": 153, "Actual Startup Time": 0.017, "Actual Total Time": 610.086, "Actual Rows": 1500000, "Actual Loops": 1}]}]}, {"Node Type": "Hash", "Parent Relationship": "Inner", "Startup Cost": 1.25, "Total Cost": 1.25, "Plan Rows": 25, "Plan Width": 30, "Actual Startup Time": 0.042, "Actual Total Time": 0.042, "Actual Rows": 25, "Actual Loops": 1, "Hash Buckets": 32768, "Hash Batches": 1, "Original Hash Batches": 1, "Peak Memory Usage": 2, "Plans": [{"Node Type": "Seq Scan", "Parent Relationship": "Outer", "Relation Name": "nation", "Alias": "nation", "Startup Cost": 0.0, "Total Cost": 1.25, "Plan Rows": 25, "Plan Width": 30, "Actual Startup Time": 0.019, "Actual Total Time": 0.025, "Actual Rows": 25, "Actual Loops": 1}]}]}]}]}]}, "Triggers": [], "Planner Runtime": 1, "Total Runtime": 32378.341, "Unique SQL Id": 1604070524}}, "(16, 69)": {"explain_plan": {"Plan": {"Node Type": "Limit", "Startup Cost": 3620844.85, "Total Cost": 3620844.9, "Plan Rows": 20, "Plan Width": 199, "Plans": [{"Node Type": "Sort", "Parent Relationship": "Outer", "Startup Cost": 3620844.85, "Total Cost": 3624459.59, "Plan Rows": 20, "Plan Width": 199, "Sort Key": ["(sum((lineitem.l_extendedprice * (1::double precision - lineitem.l_discount)))) DESC"], "Plans": [{"Node Type": "Aggregate", "Strategy": "Hashed", "Parent Relationship": "Outer", "Startup Cost": 3567911.04, "Total Cost": 3582370.02, "Plan Rows": 1445898, "Plan Width": 199, "Group By Key": ["customer.c_custkey", "customer.c_name", "customer.c_acctbal", "customer.c_phone", "nation.n_name", "customer.c_address", "customer.c_comment"], "Plans": [{"Node Type": "Nested Loop", "Parent Relationship": "Outer", "Join Type": "Inner", "Startup Cost": 114257.94, "Total Cost": 3531763.59, "Plan Rows": 1445898, "Plan Width": 191, "Inner Unique": false, "Plans": [{"Node Type": "Hash Join", "Parent Relationship": "Outer", "Join Type": "Inner", "Startup Cost": 114257.94, "Total Cost": 415146.15, "Plan Rows": 575746, "Plan Width": 183, "Inner Unique": true, "Hash Cond": "(customer.c_nationkey = nation.n_nationkey), (LLVM Optimized)", "Plans": [{"Node Type": "Hash Join", "Parent Relationship": "Outer", "Join Type": "Inner", "Startup Cost": 114245.0, "Total Cost": 407216.7, "Plan Rows": 575746, "Plan Width": 161, "Inner Unique": true, "Hash Cond": "(orders.o_custkey = customer.c_custkey), (LLVM Optimized)", "Plans": [{"Node Type": "Bitmap Heap Scan", "Parent Relationship": "Outer", "Relation Name": "orders", "Alias": "orders", "Startup Cost": 14729.65, "Total Cost": 299784.84, "Plan Rows": 575746, "Plan Width": 16, "Recheck Cond": "((o_orderdate >= '1993-08-01 00:00:00'::timestamp(0) without time zone) AND (o_orderdate < '1993-11-01 00:00:00'::timestamp without time zone)), (LLVM Optimized)", "Plans": [{"Node Type": "Bitmap Index Scan", "Parent Relationship": "Outer", "Index Name": "idx_orders_orderdate", "Startup Cost": 0.0, "Total Cost": 14585.71, "Plan Rows": 575746, "Plan Width": 0, "Index Cond": "((o_orderdate >= '1993-08-01 00:00:00'::timestamp(0) without time zone) AND (o_orderdate < '1993-11-01 00:00:00'::timestamp without time zone))"}]}, {"Node Type": "Hash", "Parent Relationship": "Inner", "Startup Cost": 80765.36, "Total Cost": 80765.36, "Plan Rows": 1500000, "Plan Width": 153, "Plans": [{"Node Type": "Index Scan", "Parent Relationship": "Outer", "Scan Direction": "Forward", "Index Name": "customer_pkey", "Relation Name": "customer", "Alias": "customer", "Startup Cost": 0.0, "Total Cost": 80765.36, "Plan Rows": 1500000, "Plan Width": 153}]}]}, {"Node Type": "Hash", "Parent Relationship": "Inner", "Startup Cost": 12.62, "Total Cost": 12.62, "Plan Rows": 25, "Plan Width": 30, "Plans": [{"Node Type": "Index Scan", "Parent Relationship": "Outer", "Scan Direction": "Forward", "Index Name": "nation_pkey", "Relation Name": "nation", "Alias": "nation", "Startup Cost": 0.0, "Total Cost": 12.62, "Plan Rows": 25, "Plan Width": 30}]}]}, {"Node Type": "Index Scan", "Parent Relationship": "Inner", "Scan Direction": "Forward", "Index Name": "idx_lineitem_orderkey", "Relation Name": "lineitem", "Alias": "lineitem", "Startup Cost": 0.0, "Total Cost": 5.38, "Plan Rows": 3, "Plan Width": 24, "Index Cond": "(l_orderkey = orders.o_orderkey)", "Filter": "(l_returnflag = 'R'::bpchar)"}]}]}]}]}, "Unique SQL Id": 1604070524, "Planner Runtime": 1}, "explain_analyze_plan": {"Plan": {"Node Type": "Limit", "Startup Cost": 3620844.85, "Total Cost": 3620844.9, "Plan Rows": 20, "Plan Width": 199, "Actual Startup Time": 14339.291, "Actual Total Time": 14339.3, "Actual Rows": 20, "Actual Loops": 1, "Plans": [{"Node Type": "Sort", "Parent Relationship": "Outer", "Startup Cost": 3620844.85, "Total Cost": 3624459.59, "Plan Rows": 20, "Plan Width": 199, "Actual Startup Time": 14339.286, "Actual Total Time": 14339.292, "Actual Rows": 20, "Actual Loops": 1, "Sort Key": ["(sum((lineitem.l_extendedprice * (1::double precision - lineitem.l_discount)))) DESC"], "Sort Method": "top-N heapsort", "Sort Space Used": 35, "Sort Space Type": "Memory", "Plans": [{"Node Type": "Aggregate", "Strategy": "Hashed", "Parent Relationship": "Outer", "Startup Cost": 3567911.04, "Total Cost": 3582370.02, "Plan Rows": 1445898, "Plan Width": 199, "Actual Startup Time": 13930.126, "Actual Total Time": 14202.669, "Actual Rows": 381542, "Actual Loops": 1, "Group By Key": ["customer.c_custkey", "customer.c_name", "customer.c_acctbal", "customer.c_phone", "nation.n_name", "customer.c_address", "customer.c_comment"], "Plans": [{"Node Type": "Nested Loop", "Parent Relationship": "Outer", "Join Type": "Inner", "Startup Cost": 114257.94, "Total Cost": 3531763.59, "Plan Rows": 1445898, "Plan Width": 191, "Actual Startup Time": 2113.963, "Actual Total Time": 12023.546, "Actual Rows": 1145969, "Actual Loops": 1, "Inner Unique": false, "Plans": [{"Node Type": "Hash Join", "Parent Relationship": "Outer", "Join Type": "Inner", "Startup Cost": 114257.94, "Total Cost": 415146.15, "Plan Rows": 575746, "Plan Width": 183, "Actual Startup Time": 2113.905, "Actual Total Time": 3925.924, "Actual Rows": 573635, "Actual Loops": 1, "Inner Unique": true, "Hash Cond": "(customer.c_nationkey = nation.n_nationkey), (LLVM Optimized, Jit Execute)", "Plans": [{"Node Type": "Hash Join", "Parent Relationship": "Outer", "Join Type": "Inner", "Startup Cost": 114245.0, "Total Cost": 407216.7, "Plan Rows": 575746, "Plan Width": 161, "Actual Startup Time": 2113.798, "Actual Total Time": 3672.375, "Actual Rows": 573635, "Actual Loops": 1, "Inner Unique": true, "Hash Cond": "(orders.o_custkey = customer.c_custkey), (LLVM Optimized, Jit Execute)", "Plans": [{"Node Type": "Bitmap Heap Scan", "Parent Relationship": "Outer", "Relation Name": "orders", "Alias": "orders", "Startup Cost": 14729.65, "Total Cost": 299784.84, "Plan Rows": 575746, "Plan Width": 16, "Actual Startup Time": 255.306, "Actual Total Time": 1209.216, "Actual Rows": 573635, "Actual Loops": 1, "Recheck Cond": "((o_orderdate >= '1993-08-01 00:00:00'::timestamp(0) without time zone) AND (o_orderdate < '1993-11-01 00:00:00'::timestamp without time zone)), (LLVM Optimized, Jit Execute)", "Rows Removed by Index Recheck": 0, "Exact Heap Blocks": 242860, "Lossy Heap Blocks": 242860, "Plans": [{"Node Type": "Bitmap Index Scan", "Parent Relationship": "Outer", "Index Name": "idx_orders_orderdate", "Startup Cost": 0.0, "Total Cost": 14585.71, "Plan Rows": 575746, "Plan Width": 0, "Actual Startup Time": 180.492, "Actual Total Time": 180.492, "Actual Rows": 573635, "Actual Loops": 1, "Index Cond": "((o_orderdate >= '1993-08-01 00:00:00'::timestamp(0) without time zone) AND (o_orderdate < '1993-11-01 00:00:00'::timestamp without time zone))"}]}, {"Node Type": "Hash", "Parent Relationship": "Inner", "Startup Cost": 80765.36, "Total Cost": 80765.36, "Plan Rows": 1500000, "Plan Width": 153, "Actual Startup Time": 1857.226, "Actual Total Time": 1857.226, "Actual Rows": 1500000, "Actual Loops": 1, "Hash Buckets": 2097152, "Hash Batches": 1, "Original Hash Batches": 1, "Peak Memory Usage": 282695, "Plans": [{"Node Type": "Index Scan", "Parent Relationship": "Outer", "Scan Direction": "Forward", "Index Name": "customer_pkey", "Relation Name": "customer", "Alias": "customer", "Startup Cost": 0.0, "Total Cost": 80765.36, "Plan Rows": 1500000, "Plan Width": 153, "Actual Startup Time": 0.043, "Actual Total Time": 1157.899, "Actual Rows": 1500000, "Actual Loops": 1}]}]}, {"Node Type": "Hash", "Parent Relationship": "Inner", "Startup Cost": 12.62, "Total Cost": 12.62, "Plan Rows": 25, "Plan Width": 30, "Actual Startup Time": 0.051, "Actual Total Time": 0.051, "Actual Rows": 25, "Actual Loops": 1, "Hash Buckets": 32768, "Hash Batches": 1, "Original Hash Batches": 1, "Peak Memory Usage": 2, "Plans": [{"Node Type": "Index Scan", "Parent Relationship": "Outer", "Scan Direction": "Forward", "Index Name": "nation_pkey", "Relation Name": "nation", "Alias": "nation", "Startup Cost": 0.0, "Total Cost": 12.62, "Plan Rows": 25, "Plan Width": 30, "Actual Startup Time": 0.019, "Actual Total Time": 0.034, "Actual Rows": 25, "Actual Loops": 1}]}]}, {"Node Type": "Index Scan", "Parent Relationship": "Inner", "Scan Direction": "Forward", "Index Name": "idx_lineitem_orderkey", "Relation Name": "lineitem", "Alias": "lineitem", "Startup Cost": 0.0, "Total Cost": 5.38, "Plan Rows": 3, "Plan Width": 24, "Actual Startup Time": 6123.392, "Actual Total Time": 7438.708, "Actual Rows": 1145969, "Actual Loops": 573635, "Index Cond": "(l_orderkey = orders.o_orderkey)", "Rows Removed by Index Recheck": 0, "Filter": "(l_returnflag = 'R'::bpchar)", "Rows Removed by Filter": 1146896}]}]}]}]}, "Triggers": [], "Planner Runtime": 1, "Total Runtime": 14350.386, "Unique SQL Id": 1604070524}}, "(16, 70)": {"explain_plan": {"Plan": {"Node Type": "Limit", "Startup Cost": 2741876.6, "Total Cost": 2741876.65, "Plan Rows": 20, "Plan Width": 199, "Plans": [{"Node Type": "Sort", "Parent Relationship": "Outer", "Startup Cost": 2741876.6, "Total Cost": 2745491.35, "Plan Rows": 20, "Plan Width": 199, "Sort Key": ["(sum((lineitem.l_extendedprice * (1::double precision - lineitem.l_discount)))) DESC"], "Plans": [{"Node Type": "Aggregate", "Strategy": "Hashed", "Parent Relationship": "Outer", "Startup Cost": 2688942.8, "Total Cost": 2703401.78, "Plan Rows": 1445898, "Plan Width": 199, "Group By Key": ["customer.c_custkey", "customer.c_name", "customer.c_acctbal", "customer.c_phone", "nation.n_name", "customer.c_address", "customer.c_comment"], "Plans": [{"Node Type": "Hash Join", "Parent Relationship": "Outer", "Join Type": "Inner", "Startup Cost": 377859.22, "Total Cost": 2652795.35, "Plan Rows": 1445898, "Plan Width": 191, "Inner Unique": true, "Hash Cond": "(customer.c_nationkey = nation.n_nationkey), (LLVM Optimized)", "Plans": [{"Node Type": "Hash Join", "Parent Relationship": "Outer", "Join Type": "Inner", "Startup Cost": 377857.66, "Total Cost": 2632912.69, "Plan Rows": 1445898, "Plan Width": 169, "Inner Unique": true, "Hash Cond": "(orders.o_custkey = customer.c_custkey), (LLVM Optimized)", "Plans": [{"Node Type": "Hash Join", "Parent Relationship": "Outer", "Join Type": "Inner", "Startup Cost": 306981.66, "Total Cost": 2542155.59, "Plan Rows": 1445898, "Plan Width": 24, "Inner Unique": true, "Hash Cond": "(lineitem.l_orderkey = orders.o_orderkey), (LLVM Optimized)", "Plans": [{"Node Type": "Seq Scan", "Parent Relationship": "Outer", "Relation Name": "lineitem", "Alias": "lineitem", "Startup Cost": 0.0, "Total Cost": 2165082.91, "Plan Rows": 14835209, "Plan Width": 24, "Filter": "(l_returnflag = 'R'::bpchar), (LLVM Optimized)"}, {"Node Type": "Hash", "Parent Relationship": "Inner", "Startup Cost": 299784.84, "Total Cost": 299784.84, "Plan Rows": 575746, "Plan Width": 16, "Plans": [{"Node Type": "Bitmap Heap Scan", "Parent Relationship": "Outer", "Relation Name": "orders", "Alias": "orders", "Startup Cost": 14729.65, "Total Cost": 299784.84, "Plan Rows": 575746, "Plan Width": 16, "Recheck Cond": "((o_orderdate >= '1993-08-01 00:00:00'::timestamp(0) without time zone) AND (o_orderdate < '1993-11-01 00:00:00'::timestamp without time zone)), (LLVM Optimized)", "Plans": [{"Node Type": "Bitmap Index Scan", "Parent Relationship": "Outer", "Index Name": "idx_orders_orderdate", "Startup Cost": 0.0, "Total Cost": 14585.71, "Plan Rows": 575746, "Plan Width": 0, "Index Cond": "((o_orderdate >= '1993-08-01 00:00:00'::timestamp(0) without time zone) AND (o_orderdate < '1993-11-01 00:00:00'::timestamp without time zone))"}]}]}]}, {"Node Type": "Hash", "Parent Relationship": "Inner", "Startup Cost": 52126.0, "Total Cost": 52126.0, "Plan Rows": 1500000, "Plan Width": 153, "Plans": [{"Node Type": "Seq Scan", "Parent Relationship": "Outer", "Relation Name": "customer", "Alias": "customer", "Startup Cost": 0.0, "Total Cost": 52126.0, "Plan Rows": 1500000, "Plan Width": 153}]}]}, {"Node Type": "Hash", "Parent Relationship": "Inner", "Startup Cost": 1.25, "Total Cost": 1.25, "Plan Rows": 25, "Plan Width": 30, "Plans": [{"Node Type": "Seq Scan", "Parent Relationship": "Outer", "Relation Name": "nation", "Alias": "nation", "Startup Cost": 0.0, "Total Cost": 1.25, "Plan Rows": 25, "Plan Width": 30}]}]}]}]}]}, "Unique SQL Id": 1604070524, "Planner Runtime": 1}, "explain_analyze_plan": {"Plan": {"Node Type": "Limit", "Startup Cost": 2741876.6, "Total Cost": 2741876.65, "Plan Rows": 20, "Plan Width": 199, "Actual Startup Time": 32366.791, "Actual Total Time": 32366.797, "Actual Rows": 20, "Actual Loops": 1, "Plans": [{"Node Type": "Sort", "Parent Relationship": "Outer", "Startup Cost": 2741876.6, "Total Cost": 2745491.35, "Plan Rows": 20, "Plan Width": 199, "Actual Startup Time": 32366.788, "Actual Total Time": 32366.792, "Actual Rows": 20, "Actual Loops": 1, "Sort Key": ["(sum((lineitem.l_extendedprice * (1::double precision - lineitem.l_discount)))) DESC"], "Sort Method": "top-N heapsort", "Sort Space Used": 35, "Sort Space Type": "Memory", "Plans": [{"Node Type": "Aggregate", "Strategy": "Hashed", "Parent Relationship": "Outer", "Startup Cost": 2688942.8, "Total Cost": 2703401.78, "Plan Rows": 1445898, "Plan Width": 199, "Actual Startup Time": 31978.233, "Actual Total Time": 32230.896, "Actual Rows": 381542, "Actual Loops": 1, "Group By Key": ["customer.c_custkey", "customer.c_name", "customer.c_acctbal", "customer.c_phone", "nation.n_name", "customer.c_address", "customer.c_comment"], "Plans": [{"Node Type": "Hash Join", "Parent Relationship": "Outer", "Join Type": "Inner", "Startup Cost": 377859.22, "Total Cost": 2652795.35, "Plan Rows": 1445898, "Plan Width": 191, "Actual Startup Time": 2668.375, "Actual Total Time": 30150.047, "Actual Rows": 1145969, "Actual Loops": 1, "Inner Unique": true, "Hash Cond": "(customer.c_nationkey = nation.n_nationkey), (LLVM Optimized, Jit Execute)", "Plans": [{"Node Type": "Hash Join", "Parent Relationship": "Outer", "Join Type": "Inner", "Startup Cost": 377857.66, "Total Cost": 2632912.69, "Plan Rows": 1445898, "Plan Width": 169, "Actual Startup Time": 2668.286, "Actual Total Time": 29684.602, "Actual Rows": 1145969, "Actual Loops": 1, "Inner Unique": true, "Hash Cond": "(orders.o_custkey = customer.c_custkey), (LLVM Optimized, Jit Execute)", "Plans": [{"Node Type": "Hash Join", "Parent Relationship": "Outer", "Join Type": "Inner", "Startup Cost": 306981.66, "Total Cost": 2542155.59, "Plan Rows": 1445898, "Plan Width": 24, "Actual Startup Time": 1386.463, "Actual Total Time": 27642.574, "Actual Rows": 1145969, "Actual Loops": 1, "Inner Unique": true, "Hash Cond": "(lineitem.l_orderkey = orders.o_orderkey), (LLVM Optimized, Jit Execute)", "Plans": [{"Node Type": "Seq Scan", "Parent Relationship": "Outer", "Relation Name": "lineitem", "Alias": "lineitem", "Startup Cost": 0.0, "Total Cost": 2165082.91, "Plan Rows": 14835209, "Plan Width": 24, "Actual Startup Time": 0.021, "Actual Total Time": 22090.21, "Actual Rows": 14808183, "Actual Loops": 1, "Filter": "(l_returnflag = 'R'::bpchar), (LLVM Optimized, Jit Execute)", "Rows Removed by Filter": 45177869}, {"Node Type": "Hash", "Parent Relationship": "Inner", "Startup Cost": 299784.84, "Total Cost": 299784.84, "Plan Rows": 575746, "Plan Width": 16, "Actual Startup Time": 1385.671, "Actual Total Time": 1385.671, "Actual Rows": 573635, "Actual Loops": 1, "Hash Buckets": 1048576, "Hash Batches": 1, "Original Hash Batches": 1, "Peak Memory Usage": 26890, "Plans": [{"Node Type": "Bitmap Heap Scan", "Parent Relationship": "Outer", "Relation Name": "orders", "Alias": "orders", "Startup Cost": 14729.65, "Total Cost": 299784.84, "Plan Rows": 575746, "Plan Width": 16, "Actual Startup Time": 280.557, "Actual Total Time": 1156.886, "Actual Rows": 573635, "Actual Loops": 1, "Recheck Cond": "((o_orderdate >= '1993-08-01 00:00:00'::timestamp(0) without time zone) AND (o_orderdate < '1993-11-01 00:00:00'::timestamp without time zone)), (LLVM Optimized, Jit Execute)", "Rows Removed by Index Recheck": 0, "Exact Heap Blocks": 242860, "Lossy Heap Blocks": 242860, "Plans": [{"Node Type": "Bitmap Index Scan", "Parent Relationship": "Outer", "Index Name": "idx_orders_orderdate", "Startup Cost": 0.0, "Total Cost": 14585.71, "Plan Rows": 575746, "Plan Width": 0, "Actual Startup Time": 199.97, "Actual Total Time": 199.97, "Actual Rows": 573635, "Actual Loops": 1, "Index Cond": "((o_orderdate >= '1993-08-01 00:00:00'::timestamp(0) without time zone) AND (o_orderdate < '1993-11-01 00:00:00'::timestamp without time zone))"}]}]}]}, {"Node Type": "Hash", "Parent Relationship": "Inner", "Startup Cost": 52126.0, "Total Cost": 52126.0, "Plan Rows": 1500000, "Plan Width": 153, "Actual Startup Time": 1280.614, "Actual Total Time": 1280.614, "Actual Rows": 1500000, "Actual Loops": 1, "Hash Buckets": 2097152, "Hash Batches": 1, "Original Hash Batches": 1, "Peak Memory Usage": 282695, "Plans": [{"Node Type": "Seq Scan", "Parent Relationship": "Outer", "Relation Name": "customer", "Alias": "customer", "Startup Cost": 0.0, "Total Cost": 52126.0, "Plan Rows": 1500000, "Plan Width": 153, "Actual Startup Time": 0.017, "Actual Total Time": 610.086, "Actual Rows": 1500000, "Actual Loops": 1}]}]}, {"Node Type": "Hash", "Parent Relationship": "Inner", "Startup Cost": 1.25, "Total Cost": 1.25, "Plan Rows": 25, "Plan Width": 30, "Actual Startup Time": 0.042, "Actual Total Time": 0.042, "Actual Rows": 25, "Actual Loops": 1, "Hash Buckets": 32768, "Hash Batches": 1, "Original Hash Batches": 1, "Peak Memory Usage": 2, "Plans": [{"Node Type": "Seq Scan", "Parent Relationship": "Outer", "Relation Name": "nation", "Alias": "nation", "Startup Cost": 0.0, "Total Cost": 1.25, "Plan Rows": 25, "Plan Width": 30, "Actual Startup Time": 0.019, "Actual Total Time": 0.025, "Actual Rows": 25, "Actual Loops": 1}]}]}]}]}]}, "Triggers": [], "Planner Runtime": 1, "Total Runtime": 32378.341, "Unique SQL Id": 1604070524}}, "(16, 71)": {"explain_plan": {"Plan": {"Node Type": "Limit", "Startup Cost": 13443415.76, "Total Cost": 13443415.81, "Plan Rows": 20, "Plan Width": 199, "Plans": [{"Node Type": "Sort", "Parent Relationship": "Outer", "Startup Cost": 13443415.76, "Total Cost": 13447030.51, "Plan Rows": 20, "Plan Width": 199, "Sort Key": ["(sum((lineitem.l_extendedprice * (1::double precision - lineitem.l_discount)))) DESC"], "Plans": [{"Node Type": "Aggregate", "Strategy": "Hashed", "Parent Relationship": "Outer", "Startup Cost": 13390481.96, "Total Cost": 13404940.94, "Plan Rows": 1445898, "Plan Width": 199, "Group By Key": ["customer.c_custkey", "customer.c_name", "customer.c_acctbal", "customer.c_phone", "nation.n_name", "customer.c_address", "customer.c_comment"], "Plans": [{"Node Type": "Nested Loop", "Parent Relationship": "Outer", "Join Type": "Inner", "Startup Cost": 14732.12, "Total Cost": 13354334.51, "Plan Rows": 1445898, "Plan Width": 191, "Inner Unique": false, "Plans": [{"Node Type": "Nested Loop", "Parent Relationship": "Outer", "Join Type": "Inner", "Startup Cost": 14730.2, "Total Cost": 5249597.54, "Plan Rows": 575746, "Plan Width": 183, "Inner Unique": true, "Plans": [{"Node Type": "Nested Loop", "Parent Relationship": "Outer", "Join Type": "Inner", "Startup Cost": 14729.94, "Total Cost": 2785257.65, "Plan Rows": 575746, "Plan Width": 161, "Inner Unique": true, "Plans": [{"Node Type": "Bitmap Heap Scan", "Parent Relationship": "Outer", "Relation Name": "orders", "Alias": "orders", "Startup Cost": 14729.65, "Total Cost": 299784.84, "Plan Rows": 575746, "Plan Width": 16, "Recheck Cond": "((o_orderdate >= '1993-08-01 00:00:00'::timestamp(0) without time zone) AND (o_orderdate < '1993-11-01 00:00:00'::timestamp without time zone)), (LLVM Optimized)", "Plans": [{"Node Type": "Bitmap Index Scan", "Parent Relationship": "Outer", "Index Name": "idx_orders_orderdate", "Startup Cost": 0.0, "Total Cost": 14585.71, "Plan Rows": 575746, "Plan Width": 0, "Index Cond": "((o_orderdate >= '1993-08-01 00:00:00'::timestamp(0) without time zone) AND (o_orderdate < '1993-11-01 00:00:00'::timestamp without time zone))"}]}, {"Node Type": "Bitmap Heap Scan", "Parent Relationship": "Inner", "Relation Name": "customer", "Alias": "customer", "Startup Cost": 0.29, "Total Cost": 4.31, "Plan Rows": 1, "Plan Width": 153, "Recheck Cond": "(c_custkey = orders.o_custkey)", "Plans": [{"Node Type": "Bitmap Index Scan", "Parent Relationship": "Outer", "Index Name": "customer_pkey", "Startup Cost": 0.0, "Total Cost": 0.29, "Plan Rows": 1, "Plan Width": 0, "Index Cond": "(c_custkey = orders.o_custkey)"}]}]}, {"Node Type": "Bitmap Heap Scan", "Parent Relationship": "Inner", "Relation Name": "nation", "Alias": "nation", "Startup Cost": 0.26, "Total Cost": 4.27, "Plan Rows": 1, "Plan Width": 30, "Recheck Cond": "(n_nationkey = customer.c_nationkey)", "Plans": [{"Node Type": "Bitmap Index Scan", "Parent Relationship": "Outer", "Index Name": "nation_pkey", "Startup Cost": 0.0, "Total Cost": 0.26, "Plan Rows": 1, "Plan Width": 0, "Index Cond": "(n_nationkey = customer.c_nationkey)"}]}]}, {"Node Type": "Bitmap Heap Scan", "Parent Relationship": "Inner", "Relation Name": "lineitem", "Alias": "lineitem", "Startup Cost": 1.93, "Total Cost": 14.05, "Plan Rows": 3, "Plan Width": 24, "Recheck Cond": "(l_orderkey = orders.o_orderkey)", "Filter": "(l_returnflag = 'R'::bpchar)", "Plans": [{"Node Type": "Bitmap Index Scan", "Parent Relationship": "Outer", "Index Name": "idx_lineitem_orderkey", "Startup Cost": 0.0, "Total Cost": 1.92, "Plan Rows": 9, "Plan Width": 0, "Index Cond": "(l_orderkey = orders.o_orderkey)"}]}]}]}]}]}, "Unique SQL Id": 1604070524, "Planner Runtime": 1}, "explain_analyze_plan": {"Plan": {"Node Type": "Limit", "Startup Cost": 13443415.76, "Total Cost": 13443415.81, "Plan Rows": 20, "Plan Width": 199, "Actual Startup Time": 17339.241, "Actual Total Time": 17339.252, "Actual Rows": 20, "Actual Loops": 1, "Plans": [{"Node Type": "Sort", "Parent Relationship": "Outer", "Startup Cost": 13443415.76, "Total Cost": 13447030.51, "Plan Rows": 20, "Plan Width": 199, "Actual Startup Time": 17339.239, "Actual Total Time": 17339.248, "Actual Rows": 20, "Actual Loops": 1, "Sort Key": ["(sum((lineitem.l_extendedprice * (1::double precision - lineitem.l_discount)))) DESC"], "Sort Method": "top-N heapsort", "Sort Space Used": 35, "Sort Space Type": "Memory", "Plans": [{"Node Type": "Aggregate", "Strategy": "Hashed", "Parent Relationship": "Outer", "Startup Cost": 13390481.96, "Total Cost": 13404940.94, "Plan Rows": 1445898, "Plan Width": 199, "Actual Startup Time": 16948.804, "Actual Total Time": 17203.575, "Actual Rows": 381542, "Actual Loops": 1, "Group By Key": ["customer.c_custkey", "customer.c_name", "customer.c_acctbal", "customer.c_phone", "nation.n_name", "customer.c_address", "customer.c_comment"], "Plans": [{"Node Type": "Nested Loop", "Parent Relationship": "Outer", "Join Type": "Inner", "Startup Cost": 14732.12, "Total Cost": 13354334.51, "Plan Rows": 1445898, "Plan Width": 191, "Actual Startup Time": 243.383, "Actual Total Time": 14979.756, "Actual Rows": 1145969, "Actual Loops": 1, "Inner Unique": false, "Plans": [{"Node Type": "Nested Loop", "Parent Relationship": "Outer", "Join Type": "Inner", "Startup Cost": 14730.2, "Total Cost": 5249597.54, "Plan Rows": 575746, "Plan Width": 183, "Actual Startup Time": 243.33, "Actual Total Time": 8554.709, "Actual Rows": 573635, "Actual Loops": 1, "Inner Unique": true, "Plans": [{"Node Type": "Nested Loop", "Parent Relationship": "Outer", "Join Type": "Inner", "Startup Cost": 14729.94, "Total Cost": 2785257.65, "Plan Rows": 575746, "Plan Width": 161, "Actual Startup Time": 243.278, "Actual Total Time": 6365.155, "Actual Rows": 573635, "Actual Loops": 1, "Inner Unique": true, "Plans": [{"Node Type": "Bitmap Heap Scan", "Parent Relationship": "Outer", "Relation Name": "orders", "Alias": "orders", "Startup Cost": 14729.65, "Total Cost": 299784.84, "Plan Rows": 575746, "Plan Width": 16, "Actual Startup Time": 243.054, "Actual Total Time": 1186.231, "Actual Rows": 573635, "Actual Loops": 1, "Recheck Cond": "((o_orderdate >= '1993-08-01 00:00:00'::timestamp(0) without time zone) AND (o_orderdate < '1993-11-01 00:00:00'::timestamp without time zone)), (LLVM Optimized, Jit Execute)", "Rows Removed by Index Recheck": 0, "Exact Heap Blocks": 242860, "Lossy Heap Blocks": 242860, "Plans": [{"Node Type": "Bitmap Index Scan", "Parent Relationship": "Outer", "Index Name": "idx_orders_orderdate", "Startup Cost": 0.0, "Total Cost": 14585.71, "Plan Rows": 575746, "Plan Width": 0, "Actual Startup Time": 167.646, "Actual Total Time": 167.646, "Actual Rows": 573635, "Actual Loops": 1, "Index Cond": "((o_orderdate >= '1993-08-01 00:00:00'::timestamp(0) without time zone) AND (o_orderdate < '1993-11-01 00:00:00'::timestamp without time zone))"}]}, {"Node Type": "Bitmap Heap Scan", "Parent Relationship": "Inner", "Relation Name": "customer", "Alias": "customer", "Startup Cost": 0.29, "Total Cost": 4.31, "Plan Rows": 1, "Plan Width": 153, "Actual Startup Time": 4298.917, "Actual Total Time": 4298.917, "Actual Rows": 573635, "Actual Loops": 573635, "Recheck Cond": "(c_custkey = orders.o_custkey)", "Rows Removed by Index Recheck": 0, "Exact Heap Blocks": 573635, "Lossy Heap Blocks": 573635, "Plans": [{"Node Type": "Bitmap Index Scan", "Parent Relationship": "Outer", "Index Name": "customer_pkey", "Startup Cost": 0.0, "Total Cost": 0.29, "Plan Rows": 1, "Plan Width": 0, "Actual Startup Time": 2605.74, "Actual Total Time": 2605.74, "Actual Rows": 573635, "Actual Loops": 573635, "Index Cond": "(c_custkey = orders.o_custkey)"}]}]}, {"Node Type": "Bitmap Heap Scan", "Parent Relationship": "Inner", "Relation Name": "nation", "Alias": "nation", "Startup Cost": 0.26, "Total Cost": 4.27, "Plan Rows": 1, "Plan Width": 30, "Actual Startup Time": 1394.855, "Actual Total Time": 1394.855, "Actual Rows": 573635, "Actual Loops": 573635, "Recheck Cond": "(n_nationkey = customer.c_nationkey)", "Rows Removed by Index Recheck": 0, "Exact Heap Blocks": 573635, "Lossy Heap Blocks": 573635, "Plans": [{"Node Type": "Bitmap Index Scan", "Parent Relationship": "Outer", "Index Name": "nation_pkey", "Startup Cost": 0.0, "Total Cost": 0.26, "Plan Rows": 1, "Plan Width": 0, "Actual Startup Time": 610.88, "Actual Total Time": 610.88, "Actual Rows": 573635, "Actual Loops": 573635, "Index Cond": "(n_nationkey = customer.c_nationkey)"}]}]}, {"Node Type": "Bitmap Heap Scan", "Parent Relationship": "Inner", "Relation Name": "lineitem", "Alias": "lineitem", "Startup Cost": 1.93, "Total Cost": 14.05, "Plan Rows": 3, "Plan Width": 24, "Actual Startup Time": 4948.946, "Actual Total Time": 5481.054, "Actual Rows": 1145969, "Actual Loops": 573635, "Recheck Cond": "(l_orderkey = orders.o_orderkey)", "Rows Removed by Index Recheck": 0, "Filter": "(l_returnflag = 'R'::bpchar)", "Rows Removed by Filter": 1146896, "Exact Heap Blocks": 614400, "Lossy Heap Blocks": 614400, "Plans": [{"Node Type": "Bitmap Index Scan", "Parent Relationship": "Outer", "Index Name": "idx_lineitem_orderkey", "Startup Cost": 0.0, "Total Cost": 1.92, "Plan Rows": 9, "Plan Width": 0, "Actual Startup Time": 2525.585, "Actual Total Time": 2525.585, "Actual Rows": 2292865, "Actual Loops": 573635, "Index Cond": "(l_orderkey = orders.o_orderkey)"}]}]}]}]}]}, "Triggers": [], "Planner Runtime": 1, "Total Runtime": 17349.86, "Unique SQL Id": 1604070524}}, "(16, 72)": {"explain_plan": {"Plan": {"Node Type": "Limit", "Startup Cost": 2943502.95, "Total Cost": 2943503.0, "Plan Rows": 20, "Plan Width": 199, "Plans": [{"Node Type": "Sort", "Parent Relationship": "Outer", "Startup Cost": 2943502.95, "Total Cost": 2947117.69, "Plan Rows": 20, "Plan Width": 199, "Sort Key": ["(sum((lineitem.l_extendedprice * (1::double precision - lineitem.l_discount)))) DESC"], "Plans": [{"Node Type": "Aggregate", "Strategy": "Hashed", "Parent Relationship": "Outer", "Startup Cost": 2890569.14, "Total Cost": 2905028.12, "Plan Rows": 1445898, "Plan Width": 199, "Group By Key": ["customer.c_custkey", "customer.c_name", "customer.c_acctbal", "customer.c_phone", "nation.n_name", "customer.c_address", "customer.c_comment"], "Plans": [{"Node Type": "Hash Join", "Parent Relationship": "Outer", "Join Type": "Inner", "Startup Cost": 579485.57, "Total Cost": 2854421.69, "Plan Rows": 1445898, "Plan Width": 191, "Inner Unique": true, "Hash Cond": "(customer.c_nationkey = nation.n_nationkey), (LLVM Optimized)", "Plans": [{"Node Type": "Hash Join", "Parent Relationship": "Outer", "Join Type": "Inner", "Startup Cost": 579484.01, "Total Cost": 2834539.03, "Plan Rows": 1445898, "Plan Width": 169, "Inner Unique": true, "Hash Cond": "(orders.o_custkey = customer.c_custkey), (LLVM Optimized)", "Plans": [{"Node Type": "Hash Join", "Parent Relationship": "Outer", "Join Type": "Inner", "Startup Cost": 508608.01, "Total Cost": 2743781.94, "Plan Rows": 1445898, "Plan Width": 24, "Inner Unique": true, "Hash Cond": "(lineitem.l_orderkey = orders.o_orderkey), (LLVM Optimized)", "Plans": [{"Node Type": "Seq Scan", "Parent Relationship": "Outer", "Relation Name": "lineitem", "Alias": "lineitem", "Startup Cost": 0.0, "Total Cost": 2165082.91, "Plan Rows": 14835209, "Plan Width": 24, "Filter": "(l_returnflag = 'R'::bpchar), (LLVM Optimized)"}, {"Node Type": "Hash", "Parent Relationship": "Inner", "Startup Cost": 501411.18, "Total Cost": 501411.18, "Plan Rows": 575746, "Plan Width": 16, "Plans": [{"Node Type": "Seq Scan", "Parent Relationship": "Outer", "Relation Name": "orders", "Alias": "orders", "Startup Cost": 585.62, "Total Cost": 501411.18, "Plan Rows": 575746, "Plan Width": 16, "Filter": "((o_orderdate >= '1993-08-01 00:00:00'::timestamp(0) without time zone) AND (o_orderdate < '1993-11-01 00:00:00'::timestamp without time zone)), (LLVM Optimized)"}]}]}, {"Node Type": "Hash", "Parent Relationship": "Inner", "Startup Cost": 52126.0, "Total Cost": 52126.0, "Plan Rows": 1500000, "Plan Width": 153, "Plans": [{"Node Type": "Seq Scan", "Parent Relationship": "Outer", "Relation Name": "customer", "Alias": "customer", "Startup Cost": 0.0, "Total Cost": 52126.0, "Plan Rows": 1500000, "Plan Width": 153}]}]}, {"Node Type": "Hash", "Parent Relationship": "Inner", "Startup Cost": 1.25, "Total Cost": 1.25, "Plan Rows": 25, "Plan Width": 30, "Plans": [{"Node Type": "Seq Scan", "Parent Relationship": "Outer", "Relation Name": "nation", "Alias": "nation", "Startup Cost": 0.0, "Total Cost": 1.25, "Plan Rows": 25, "Plan Width": 30}]}]}]}]}]}, "Unique SQL Id": 1604070524, "Planner Runtime": 1}, "explain_analyze_plan": {"Plan": {"Node Type": "Limit", "Startup Cost": 2943502.95, "Total Cost": 2943503.0, "Plan Rows": 20, "Plan Width": 199, "Actual Startup Time": 36445.204, "Actual Total Time": 36445.212, "Actual Rows": 20, "Actual Loops": 1, "Plans": [{"Node Type": "Sort", "Parent Relationship": "Outer", "Startup Cost": 2943502.95, "Total Cost": 2947117.69, "Plan Rows": 20, "Plan Width": 199, "Actual Startup Time": 36445.202, "Actual Total Time": 36445.207, "Actual Rows": 20, "Actual Loops": 1, "Sort Key": ["(sum((lineitem.l_extendedprice * (1::double precision - lineitem.l_discount)))) DESC"], "Sort Method": "top-N heapsort", "Sort Space Used": 35, "Sort Space Type": "Memory", "Plans": [{"Node Type": "Aggregate", "Strategy": "Hashed", "Parent Relationship": "Outer", "Startup Cost": 2890569.14, "Total Cost": 2905028.12, "Plan Rows": 1445898, "Plan Width": 199, "Actual Startup Time": 36036.211, "Actual Total Time": 36308.683, "Actual Rows": 381542, "Actual Loops": 1, "Group By Key": ["customer.c_custkey", "customer.c_name", "customer.c_acctbal", "customer.c_phone", "nation.n_name", "customer.c_address", "customer.c_comment"], "Plans": [{"Node Type": "Hash Join", "Parent Relationship": "Outer", "Join Type": "Inner", "Startup Cost": 579485.57, "Total Cost": 2854421.69, "Plan Rows": 1445898, "Plan Width": 191, "Actual Startup Time": 6903.26, "Actual Total Time": 34227.795, "Actual Rows": 1145969, "Actual Loops": 1, "Inner Unique": true, "Hash Cond": "(customer.c_nationkey = nation.n_nationkey), (LLVM Optimized, Jit Execute)", "Plans": [{"Node Type": "Hash Join", "Parent Relationship": "Outer", "Join Type": "Inner", "Startup Cost": 579484.01, "Total Cost": 2834539.03, "Plan Rows": 1445898, "Plan Width": 169, "Actual Startup Time": 6903.167, "Actual Total Time": 33759.477, "Actual Rows": 1145969, "Actual Loops": 1, "Inner Unique": true, "Hash Cond": "(orders.o_custkey = customer.c_custkey), (LLVM Optimized, Jit Execute)", "Plans": [{"Node Type": "Hash Join", "Parent Relationship": "Outer", "Join Type": "Inner", "Startup Cost": 508608.01, "Total Cost": 2743781.94, "Plan Rows": 1445898, "Plan Width": 24, "Actual Startup Time": 5606.947, "Actual Total Time": 31725.907, "Actual Rows": 1145969, "Actual Loops": 1, "Inner Unique": true, "Hash Cond": "(lineitem.l_orderkey = orders.o_orderkey), (LLVM Optimized, Jit Execute)", "Plans": [{"Node Type": "Seq Scan", "Parent Relationship": "Outer", "Relation Name": "lineitem", "Alias": "lineitem", "Startup Cost": 0.0, "Total Cost": 2165082.91, "Plan Rows": 14835209, "Plan Width": 24, "Actual Startup Time": 0.022, "Actual Total Time": 22103.583, "Actual Rows": 14808183, "Actual Loops": 1, "Filter": "(l_returnflag = 'R'::bpchar), (LLVM Optimized, Jit Execute)", "Rows Removed by Filter": 45177869}, {"Node Type": "Hash", "Parent Relationship": "Inner", "Startup Cost": 501411.18, "Total Cost": 501411.18, "Plan Rows": 575746, "Plan Width": 16, "Actual Startup Time": 5606.149, "Actual Total Time": 5606.149, "Actual Rows": 573635, "Actual Loops": 1, "Hash Buckets": 1048576, "Hash Batches": 1, "Original Hash Batches": 1, "Peak Memory Usage": 26890, "Plans": [{"Node Type": "Seq Scan", "Parent Relationship": "Outer", "Relation Name": "orders", "Alias": "orders", "Startup Cost": 585.62, "Total Cost": 501411.18, "Plan Rows": 575746, "Plan Width": 16, "Actual Startup Time": 0.026, "Actual Total Time": 5367.895, "Actual Rows": 573635, "Actual Loops": 1, "Filter": "((o_orderdate >= '1993-08-01 00:00:00'::timestamp(0) without time zone) AND (o_orderdate < '1993-11-01 00:00:00'::timestamp without time zone)), (LLVM Optimized, Jit Execute)", "Rows Removed by Filter": 14426365}]}]}, {"Node Type": "Hash", "Parent Relationship": "Inner", "Startup Cost": 52126.0, "Total Cost": 52126.0, "Plan Rows": 1500000, "Plan Width": 153, "Actual Startup Time": 1294.912, "Actual Total Time": 1294.912, "Actual Rows": 1500000, "Actual Loops": 1, "Hash Buckets": 2097152, "Hash Batches": 1, "Original Hash Batches": 1, "Peak Memory Usage": 282695, "Plans": [{"Node Type": "Seq Scan", "Parent Relationship": "Outer", "Relation Name": "customer", "Alias": "customer", "Startup Cost": 0.0, "Total Cost": 52126.0, "Plan Rows": 1500000, "Plan Width": 153, "Actual Startup Time": 0.022, "Actual Total Time": 605.911, "Actual Rows": 1500000, "Actual Loops": 1}]}]}, {"Node Type": "Hash", "Parent Relationship": "Inner", "Startup Cost": 1.25, "Total Cost": 1.25, "Plan Rows": 25, "Plan Width": 30, "Actual Startup Time": 0.043, "Actual Total Time": 0.043, "Actual Rows": 25, "Actual Loops": 1, "Hash Buckets": 32768, "Hash Batches": 1, "Original Hash Batches": 1, "Peak Memory Usage": 2, "Plans": [{"Node Type": "Seq Scan", "Parent Relationship": "Outer", "Relation Name": "nation", "Alias": "nation", "Startup Cost": 0.0, "Total Cost": 1.25, "Plan Rows": 25, "Plan Width": 30, "Actual Startup Time": 0.019, "Actual Total Time": 0.025, "Actual Rows": 25, "Actual Loops": 1}]}]}]}]}]}, "Triggers": [], "Planner Runtime": 1, "Total Runtime": 36456.213, "Unique SQL Id": 1604070524}}, "(16, 73)": {"explain_plan": {"Plan": {"Node Type": "Limit", "Startup Cost": 4127035.84, "Total Cost": 4127035.89, "Plan Rows": 20, "Plan Width": 199, "Plans": [{"Node Type": "Sort", "Parent Relationship": "Outer", "Startup Cost": 4127035.84, "Total Cost": 4130650.58, "Plan Rows": 20, "Plan Width": 199, "Sort Key": ["(sum((lineitem.l_extendedprice * (1::double precision - lineitem.l_discount)))) DESC"], "Plans": [{"Node Type": "Aggregate", "Strategy": "Hashed", "Parent Relationship": "Outer", "Startup Cost": 4074102.03, "Total Cost": 4088561.01, "Plan Rows": 1445898, "Plan Width": 199, "Group By Key": ["customer.c_custkey", "customer.c_name", "customer.c_acctbal", "customer.c_phone", "nation.n_name", "customer.c_address", "customer.c_comment"], "Plans": [{"Node Type": "Nested Loop", "Parent Relationship": "Outer", "Join Type": "Inner", "Startup Cost": 99528.29, "Total Cost": 4037954.58, "Plan Rows": 1445898, "Plan Width": 191, "Inner Unique": false, "Plans": [{"Node Type": "Hash Join", "Parent Relationship": "Outer", "Join Type": "Inner", "Startup Cost": 99528.29, "Total Cost": 921337.14, "Plan Rows": 575746, "Plan Width": 183, "Inner Unique": true, "Hash Cond": "(customer.c_nationkey = nation.n_nationkey), (LLVM Optimized)", "Plans": [{"Node Type": "Hash Join", "Parent Relationship": "Outer", "Join Type": "Inner", "Startup Cost": 99515.36, "Total Cost": 913407.69, "Plan Rows": 575746, "Plan Width": 161, "Inner Unique": true, "Hash Cond": "(orders.o_custkey = customer.c_custkey), (LLVM Optimized)", "Plans": [{"Node Type": "Index Scan", "Parent Relationship": "Outer", "Scan Direction": "Forward", "Index Name": "orders_pkey", "Relation Name": "orders", "Alias": "orders", "Startup Cost": 0.0, "Total Cost": 805975.83, "Plan Rows": 575746, "Plan Width": 16, "Filter": "((o_orderdate >= '1993-08-01 00:00:00'::timestamp(0) without time zone) AND (o_orderdate < '1993-11-01 00:00:00'::timestamp without time zone)), (LLVM Optimized)"}, {"Node Type": "Hash", "Parent Relationship": "Inner", "Startup Cost": 80765.36, "Total Cost": 80765.36, "Plan Rows": 1500000, "Plan Width": 153, "Plans": [{"Node Type": "Index Scan", "Parent Relationship": "Outer", "Scan Direction": "Forward", "Index Name": "customer_pkey", "Relation Name": "customer", "Alias": "customer", "Startup Cost": 0.0, "Total Cost": 80765.36, "Plan Rows": 1500000, "Plan Width": 153}]}]}, {"Node Type": "Hash", "Parent Relationship": "Inner", "Startup Cost": 12.62, "Total Cost": 12.62, "Plan Rows": 25, "Plan Width": 30, "Plans": [{"Node Type": "Index Scan", "Parent Relationship": "Outer", "Scan Direction": "Forward", "Index Name": "nation_pkey", "Relation Name": "nation", "Alias": "nation", "Startup Cost": 0.0, "Total Cost": 12.62, "Plan Rows": 25, "Plan Width": 30}]}]}, {"Node Type": "Index Scan", "Parent Relationship": "Inner", "Scan Direction": "Forward", "Index Name": "idx_lineitem_orderkey", "Relation Name": "lineitem", "Alias": "lineitem", "Startup Cost": 0.0, "Total Cost": 5.38, "Plan Rows": 3, "Plan Width": 24, "Index Cond": "(l_orderkey = orders.o_orderkey)", "Filter": "(l_returnflag = 'R'::bpchar)"}]}]}]}]}, "Unique SQL Id": 1604070524, "Planner Runtime": 1}, "explain_analyze_plan": {"Plan": {"Node Type": "Limit", "Startup Cost": 4127035.84, "Total Cost": 4127035.89, "Plan Rows": 20, "Plan Width": 199, "Actual Startup Time": 22102.896, "Actual Total Time": 22102.901, "Actual Rows": 20, "Actual Loops": 1, "Plans": [{"Node Type": "Sort", "Parent Relationship": "Outer", "Startup Cost": 4127035.84, "Total Cost": 4130650.58, "Plan Rows": 20, "Plan Width": 199, "Actual Startup Time": 22102.892, "Actual Total Time": 22102.894, "Actual Rows": 20, "Actual Loops": 1, "Sort Key": ["(sum((lineitem.l_extendedprice * (1::double precision - lineitem.l_discount)))) DESC"], "Sort Method": "top-N heapsort", "Sort Space Used": 35, "Sort Space Type": "Memory", "Plans": [{"Node Type": "Aggregate", "Strategy": "Hashed", "Parent Relationship": "Outer", "Startup Cost": 4074102.03, "Total Cost": 4088561.01, "Plan Rows": 1445898, "Plan Width": 199, "Actual Startup Time": 21697.408, "Actual Total Time": 21966.438, "Actual Rows": 381542, "Actual Loops": 1, "Group By Key": ["customer.c_custkey", "customer.c_name", "customer.c_acctbal", "customer.c_phone", "nation.n_name", "customer.c_address", "customer.c_comment"], "Plans": [{"Node Type": "Nested Loop", "Parent Relationship": "Outer", "Join Type": "Inner", "Startup Cost": 99528.29, "Total Cost": 4037954.58, "Plan Rows": 1445898, "Plan Width": 191, "Actual Startup Time": 1763.635, "Actual Total Time": 19843.764, "Actual Rows": 1145969, "Actual Loops": 1, "Inner Unique": false, "Plans": [{"Node Type": "Hash Join", "Parent Relationship": "Outer", "Join Type": "Inner", "Startup Cost": 99528.29, "Total Cost": 921337.14, "Plan Rows": 575746, "Plan Width": 183, "Actual Startup Time": 1763.574, "Actual Total Time": 14035.254, "Actual Rows": 573635, "Actual Loops": 1, "Inner Unique": true, "Hash Cond": "(customer.c_nationkey = nation.n_nationkey), (LLVM Optimized, Jit Execute)", "Plans": [{"Node Type": "Hash Join", "Parent Relationship": "Outer", "Join Type": "Inner", "Startup Cost": 99515.36, "Total Cost": 913407.69, "Plan Rows": 575746, "Plan Width": 161, "Actual Startup Time": 1763.472, "Actual Total Time": 13780.974, "Actual Rows": 573635, "Actual Loops": 1, "Inner Unique": true, "Hash Cond": "(orders.o_custkey = customer.c_custkey), (LLVM Optimized, Jit Execute)", "Plans": [{"Node Type": "Index Scan", "Parent Relationship": "Outer", "Scan Direction": "Forward", "Index Name": "orders_pkey", "Relation Name": "orders", "Alias": "orders", "Startup Cost": 0.0, "Total Cost": 805975.83, "Plan Rows": 575746, "Plan Width": 16, "Actual Startup Time": 0.034, "Actual Total Time": 11438.885, "Actual Rows": 573635, "Actual Loops": 1, "Filter": "((o_orderdate >= '1993-08-01 00:00:00'::timestamp(0) without time zone) AND (o_orderdate < '1993-11-01 00:00:00'::timestamp without time zone)), (LLVM Optimized, Jit Execute)", "Rows Removed by Filter": 14426365}, {"Node Type": "Hash", "Parent Relationship": "Inner", "Startup Cost": 80765.36, "Total Cost": 80765.36, "Plan Rows": 1500000, "Plan Width": 153, "Actual Startup Time": 1762.18, "Actual Total Time": 1762.18, "Actual Rows": 1500000, "Actual Loops": 1, "Hash Buckets": 2097152, "Hash Batches": 1, "Original Hash Batches": 1, "Peak Memory Usage": 282695, "Plans": [{"Node Type": "Index Scan", "Parent Relationship": "Outer", "Scan Direction": "Forward", "Index Name": "customer_pkey", "Relation Name": "customer", "Alias": "customer", "Startup Cost": 0.0, "Total Cost": 80765.36, "Plan Rows": 1500000, "Plan Width": 153, "Actual Startup Time": 0.024, "Actual Total Time": 1082.575, "Actual Rows": 1500000, "Actual Loops": 1}]}]}, {"Node Type": "Hash", "Parent Relationship": "Inner", "Startup Cost": 12.62, "Total Cost": 12.62, "Plan Rows": 25, "Plan Width": 30, "Actual Startup Time": 0.053, "Actual Total Time": 0.053, "Actual Rows": 25, "Actual Loops": 1, "Hash Buckets": 32768, "Hash Batches": 1, "Original Hash Batches": 1, "Peak Memory Usage": 2, "Plans": [{"Node Type": "Index Scan", "Parent Relationship": "Outer", "Scan Direction": "Forward", "Index Name": "nation_pkey", "Relation Name": "nation", "Alias": "nation", "Startup Cost": 0.0, "Total Cost": 12.62, "Plan Rows": 25, "Plan Width": 30, "Actual Startup Time": 0.021, "Actual Total Time": 0.038, "Actual Rows": 25, "Actual Loops": 1}]}]}, {"Node Type": "Index Scan", "Parent Relationship": "Inner", "Scan Direction": "Forward", "Index Name": "idx_lineitem_orderkey", "Relation Name": "lineitem", "Alias": "lineitem", "Startup Cost": 0.0, "Total Cost": 5.38, "Plan Rows": 3, "Plan Width": 24, "Actual Startup Time": 3961.05, "Actual Total Time": 5170.281, "Actual Rows": 1145969, "Actual Loops": 573635, "Index Cond": "(l_orderkey = orders.o_orderkey)", "Rows Removed by Index Recheck": 0, "Filter": "(l_returnflag = 'R'::bpchar)", "Rows Removed by Filter": 1146896}]}]}]}]}, "Triggers": [], "Planner Runtime": 1, "Total Runtime": 22113.511, "Unique SQL Id": 1604070524}}, "(16, 74)": {"explain_plan": {"Plan": {"Node Type": "Limit", "Startup Cost": 2943502.95, "Total Cost": 2943503.0, "Plan Rows": 20, "Plan Width": 199, "Plans": [{"Node Type": "Sort", "Parent Relationship": "Outer", "Startup Cost": 2943502.95, "Total Cost": 2947117.69, "Plan Rows": 20, "Plan Width": 199, "Sort Key": ["(sum((lineitem.l_extendedprice * (1::double precision - lineitem.l_discount)))) DESC"], "Plans": [{"Node Type": "Aggregate", "Strategy": "Hashed", "Parent Relationship": "Outer", "Startup Cost": 2890569.14, "Total Cost": 2905028.12, "Plan Rows": 1445898, "Plan Width": 199, "Group By Key": ["customer.c_custkey", "customer.c_name", "customer.c_acctbal", "customer.c_phone", "nation.n_name", "customer.c_address", "customer.c_comment"], "Plans": [{"Node Type": "Hash Join", "Parent Relationship": "Outer", "Join Type": "Inner", "Startup Cost": 579485.57, "Total Cost": 2854421.69, "Plan Rows": 1445898, "Plan Width": 191, "Inner Unique": true, "Hash Cond": "(customer.c_nationkey = nation.n_nationkey), (LLVM Optimized)", "Plans": [{"Node Type": "Hash Join", "Parent Relationship": "Outer", "Join Type": "Inner", "Startup Cost": 579484.01, "Total Cost": 2834539.03, "Plan Rows": 1445898, "Plan Width": 169, "Inner Unique": true, "Hash Cond": "(orders.o_custkey = customer.c_custkey), (LLVM Optimized)", "Plans": [{"Node Type": "Hash Join", "Parent Relationship": "Outer", "Join Type": "Inner", "Startup Cost": 508608.01, "Total Cost": 2743781.94, "Plan Rows": 1445898, "Plan Width": 24, "Inner Unique": true, "Hash Cond": "(lineitem.l_orderkey = orders.o_orderkey), (LLVM Optimized)", "Plans": [{"Node Type": "Seq Scan", "Parent Relationship": "Outer", "Relation Name": "lineitem", "Alias": "lineitem", "Startup Cost": 0.0, "Total Cost": 2165082.91, "Plan Rows": 14835209, "Plan Width": 24, "Filter": "(l_returnflag = 'R'::bpchar), (LLVM Optimized)"}, {"Node Type": "Hash", "Parent Relationship": "Inner", "Startup Cost": 501411.18, "Total Cost": 501411.18, "Plan Rows": 575746, "Plan Width": 16, "Plans": [{"Node Type": "Seq Scan", "Parent Relationship": "Outer", "Relation Name": "orders", "Alias": "orders", "Startup Cost": 585.62, "Total Cost": 501411.18, "Plan Rows": 575746, "Plan Width": 16, "Filter": "((o_orderdate >= '1993-08-01 00:00:00'::timestamp(0) without time zone) AND (o_orderdate < '1993-11-01 00:00:00'::timestamp without time zone)), (LLVM Optimized)"}]}]}, {"Node Type": "Hash", "Parent Relationship": "Inner", "Startup Cost": 52126.0, "Total Cost": 52126.0, "Plan Rows": 1500000, "Plan Width": 153, "Plans": [{"Node Type": "Seq Scan", "Parent Relationship": "Outer", "Relation Name": "customer", "Alias": "customer", "Startup Cost": 0.0, "Total Cost": 52126.0, "Plan Rows": 1500000, "Plan Width": 153}]}]}, {"Node Type": "Hash", "Parent Relationship": "Inner", "Startup Cost": 1.25, "Total Cost": 1.25, "Plan Rows": 25, "Plan Width": 30, "Plans": [{"Node Type": "Seq Scan", "Parent Relationship": "Outer", "Relation Name": "nation", "Alias": "nation", "Startup Cost": 0.0, "Total Cost": 1.25, "Plan Rows": 25, "Plan Width": 30}]}]}]}]}]}, "Unique SQL Id": 1604070524, "Planner Runtime": 1}, "explain_analyze_plan": {"Plan": {"Node Type": "Limit", "Startup Cost": 2943502.95, "Total Cost": 2943503.0, "Plan Rows": 20, "Plan Width": 199, "Actual Startup Time": 36445.204, "Actual Total Time": 36445.212, "Actual Rows": 20, "Actual Loops": 1, "Plans": [{"Node Type": "Sort", "Parent Relationship": "Outer", "Startup Cost": 2943502.95, "Total Cost": 2947117.69, "Plan Rows": 20, "Plan Width": 199, "Actual Startup Time": 36445.202, "Actual Total Time": 36445.207, "Actual Rows": 20, "Actual Loops": 1, "Sort Key": ["(sum((lineitem.l_extendedprice * (1::double precision - lineitem.l_discount)))) DESC"], "Sort Method": "top-N heapsort", "Sort Space Used": 35, "Sort Space Type": "Memory", "Plans": [{"Node Type": "Aggregate", "Strategy": "Hashed", "Parent Relationship": "Outer", "Startup Cost": 2890569.14, "Total Cost": 2905028.12, "Plan Rows": 1445898, "Plan Width": 199, "Actual Startup Time": 36036.211, "Actual Total Time": 36308.683, "Actual Rows": 381542, "Actual Loops": 1, "Group By Key": ["customer.c_custkey", "customer.c_name", "customer.c_acctbal", "customer.c_phone", "nation.n_name", "customer.c_address", "customer.c_comment"], "Plans": [{"Node Type": "Hash Join", "Parent Relationship": "Outer", "Join Type": "Inner", "Startup Cost": 579485.57, "Total Cost": 2854421.69, "Plan Rows": 1445898, "Plan Width": 191, "Actual Startup Time": 6903.26, "Actual Total Time": 34227.795, "Actual Rows": 1145969, "Actual Loops": 1, "Inner Unique": true, "Hash Cond": "(customer.c_nationkey = nation.n_nationkey), (LLVM Optimized, Jit Execute)", "Plans": [{"Node Type": "Hash Join", "Parent Relationship": "Outer", "Join Type": "Inner", "Startup Cost": 579484.01, "Total Cost": 2834539.03, "Plan Rows": 1445898, "Plan Width": 169, "Actual Startup Time": 6903.167, "Actual Total Time": 33759.477, "Actual Rows": 1145969, "Actual Loops": 1, "Inner Unique": true, "Hash Cond": "(orders.o_custkey = customer.c_custkey), (LLVM Optimized, Jit Execute)", "Plans": [{"Node Type": "Hash Join", "Parent Relationship": "Outer", "Join Type": "Inner", "Startup Cost": 508608.01, "Total Cost": 2743781.94, "Plan Rows": 1445898, "Plan Width": 24, "Actual Startup Time": 5606.947, "Actual Total Time": 31725.907, "Actual Rows": 1145969, "Actual Loops": 1, "Inner Unique": true, "Hash Cond": "(lineitem.l_orderkey = orders.o_orderkey), (LLVM Optimized, Jit Execute)", "Plans": [{"Node Type": "Seq Scan", "Parent Relationship": "Outer", "Relation Name": "lineitem", "Alias": "lineitem", "Startup Cost": 0.0, "Total Cost": 2165082.91, "Plan Rows": 14835209, "Plan Width": 24, "Actual Startup Time": 0.022, "Actual Total Time": 22103.583, "Actual Rows": 14808183, "Actual Loops": 1, "Filter": "(l_returnflag = 'R'::bpchar), (LLVM Optimized, Jit Execute)", "Rows Removed by Filter": 45177869}, {"Node Type": "Hash", "Parent Relationship": "Inner", "Startup Cost": 501411.18, "Total Cost": 501411.18, "Plan Rows": 575746, "Plan Width": 16, "Actual Startup Time": 5606.149, "Actual Total Time": 5606.149, "Actual Rows": 573635, "Actual Loops": 1, "Hash Buckets": 1048576, "Hash Batches": 1, "Original Hash Batches": 1, "Peak Memory Usage": 26890, "Plans": [{"Node Type": "Seq Scan", "Parent Relationship": "Outer", "Relation Name": "orders", "Alias": "orders", "Startup Cost": 585.62, "Total Cost": 501411.18, "Plan Rows": 575746, "Plan Width": 16, "Actual Startup Time": 0.026, "Actual Total Time": 5367.895, "Actual Rows": 573635, "Actual Loops": 1, "Filter": "((o_orderdate >= '1993-08-01 00:00:00'::timestamp(0) without time zone) AND (o_orderdate < '1993-11-01 00:00:00'::timestamp without time zone)), (LLVM Optimized, Jit Execute)", "Rows Removed by Filter": 14426365}]}]}, {"Node Type": "Hash", "Parent Relationship": "Inner", "Startup Cost": 52126.0, "Total Cost": 52126.0, "Plan Rows": 1500000, "Plan Width": 153, "Actual Startup Time": 1294.912, "Actual Total Time": 1294.912, "Actual Rows": 1500000, "Actual Loops": 1, "Hash Buckets": 2097152, "Hash Batches": 1, "Original Hash Batches": 1, "Peak Memory Usage": 282695, "Plans": [{"Node Type": "Seq Scan", "Parent Relationship": "Outer", "Relation Name": "customer", "Alias": "customer", "Startup Cost": 0.0, "Total Cost": 52126.0, "Plan Rows": 1500000, "Plan Width": 153, "Actual Startup Time": 0.022, "Actual Total Time": 605.911, "Actual Rows": 1500000, "Actual Loops": 1}]}]}, {"Node Type": "Hash", "Parent Relationship": "Inner", "Startup Cost": 1.25, "Total Cost": 1.25, "Plan Rows": 25, "Plan Width": 30, "Actual Startup Time": 0.043, "Actual Total Time": 0.043, "Actual Rows": 25, "Actual Loops": 1, "Hash Buckets": 32768, "Hash Batches": 1, "Original Hash Batches": 1, "Peak Memory Usage": 2, "Plans": [{"Node Type": "Seq Scan", "Parent Relationship": "Outer", "Relation Name": "nation", "Alias": "nation", "Startup Cost": 0.0, "Total Cost": 1.25, "Plan Rows": 25, "Plan Width": 30, "Actual Startup Time": 0.019, "Actual Total Time": 0.025, "Actual Rows": 25, "Actual Loops": 1}]}]}]}]}]}, "Triggers": [], "Planner Runtime": 1, "Total Runtime": 36456.213, "Unique SQL Id": 1604070524}}, "(16, 75)": {"explain_plan": {"Plan": {"Node Type": "Limit", "Startup Cost": 4000411733144.66, "Total Cost": 4000411733144.71, "Plan Rows": 20, "Plan Width": 199, "Plans": [{"Node Type": "Sort", "Parent Relationship": "Outer", "Startup Cost": 4000411733144.66, "Total Cost": 4000411736759.4, "Plan Rows": 20, "Plan Width": 199, "Sort Key": ["(sum((lineitem.l_extendedprice * (1::double precision - lineitem.l_discount)))) DESC"], "Plans": [{"Node Type": "Aggregate", "Strategy": "Hashed", "Parent Relationship": "Outer", "Startup Cost": 4000411680210.85, "Total Cost": 4000411694669.83, "Plan Rows": 1445898, "Plan Width": 199, "Group By Key": ["customer.c_custkey", "customer.c_name", "customer.c_acctbal", "customer.c_phone", "nation.n_name", "customer.c_address", "customer.c_comment"], "Plans": [{"Node Type": "Hash Join", "Parent Relationship": "Outer", "Join Type": "Inner", "Startup Cost": 2020044209161.6, "Total Cost": 4000411644063.4, "Plan Rows": 1445898, "Plan Width": 191, "Inner Unique": true, "Hash Cond": "(customer.c_nationkey = nation.n_nationkey), (LLVM Optimized)", "Plans": [{"Node Type": "Hash Join", "Parent Relationship": "Outer", "Join Type": "Inner", "Startup Cost": 1020044207898.79, "Total Cost": 3000411622919.49, "Plan Rows": 1445898, "Plan Width": 169, "Inner Unique": true, "Hash Cond": "(orders.o_custkey = customer.c_custkey), (LLVM Optimized)", "Plans": [{"Node Type": "Merge Join", "Parent Relationship": "Outer", "Join Type": "Inner", "Startup Cost": 20036112613.17, "Total Cost": 2000403507752.77, "Plan Rows": 1445898, "Plan Width": 24, "Inner Unique": false, "Merge Cond": "(orders.o_orderkey = lineitem.l_orderkey)", "Plans": [{"Node Type": "Index Scan", "Parent Relationship": "Outer", "Scan Direction": "Forward", "Index Name": "orders_pkey", "Relation Name": "orders", "Alias": "orders", "Startup Cost": 10000000000.0, "Total Cost": 1000080597583.0, "Plan Rows": 575746, "Plan Width": 16, "Filter": "((o_orderdate >= '1993-08-01 00:00:00'::timestamp(0) without time zone) AND (o_orderdate < '1993-11-01 00:00:00'::timestamp without time zone)), (LLVM Optimized)"}, {"Node Type": "Index Scan", "Parent Relationship": "Inner", "Scan Direction": "Forward", "Index Name": "idx_lineitem_orderkey", "Relation Name": "lineitem", "Alias": "lineitem", "Startup Cost": 10000000000.0, "Total Cost": 1000339012132.75, "Plan Rows": 14835209, "Plan Width": 24, "Filter": "(l_returnflag = 'R'::bpchar), (LLVM Optimized)"}]}, {"Node Type": "Hash", "Parent Relationship": "Inner", "Startup Cost": 1000008076535.62, "Total Cost": 1000008076535.62, "Plan Rows": 1500000, "Plan Width": 153, "Plans": [{"Node Type": "Index Scan", "Parent Relationship": "Outer", "Scan Direction": "Forward", "Index Name": "customer_pkey", "Relation Name": "customer", "Alias": "customer", "Startup Cost": 10000000000.0, "Total Cost": 1000008076535.62, "Plan Rows": 1500000, "Plan Width": 153}]}]}, {"Node Type": "Hash", "Parent Relationship": "Inner", "Startup Cost": 1000000001262.5, "Total Cost": 1000000001262.5, "Plan Rows": 25, "Plan Width": 30, "Plans": [{"Node Type": "Index Scan", "Parent Relationship": "Outer", "Scan Direction": "Forward", "Index Name": "nation_pkey", "Relation Name": "nation", "Alias": "nation", "Startup Cost": 10000000000.0, "Total Cost": 1000000001262.5, "Plan Rows": 25, "Plan Width": 30}]}]}]}]}]}, "Unique SQL Id": 1604070524, "Planner Runtime": 2}, "explain_analyze_plan": {"Plan": {"Node Type": "Limit", "Startup Cost": 4000411733144.66, "Total Cost": 4000411733144.71, "Plan Rows": 20, "Plan Width": 199, "Actual Startup Time": 60151.448, "Actual Total Time": 60151.455, "Actual Rows": 20, "Actual Loops": 1, "Plans": [{"Node Type": "Sort", "Parent Relationship": "Outer", "Startup Cost": 4000411733144.66, "Total Cost": 4000411736759.4, "Plan Rows": 20, "Plan Width": 199, "Actual Startup Time": 60151.445, "Actual Total Time": 60151.449, "Actual Rows": 20, "Actual Loops": 1, "Sort Key": ["(sum((lineitem.l_extendedprice * (1::double precision - lineitem.l_discount)))) DESC"], "Sort Method": "top-N heapsort", "Sort Space Used": 35, "Sort Space Type": "Memory", "Plans": [{"Node Type": "Aggregate", "Strategy": "Hashed", "Parent Relationship": "Outer", "Startup Cost": 4000411680210.85, "Total Cost": 4000411694669.83, "Plan Rows": 1445898, "Plan Width": 199, "Actual Startup Time": 59735.488, "Actual Total Time": 60012.219, "Actual Rows": 381542, "Actual Loops": 1, "Group By Key": ["customer.c_custkey", "customer.c_name", "customer.c_acctbal", "customer.c_phone", "nation.n_name", "customer.c_address", "customer.c_comment"], "Plans": [{"Node Type": "Hash Join", "Parent Relationship": "Outer", "Join Type": "Inner", "Startup Cost": 2020044209161.6, "Total Cost": 4000411644063.4, "Plan Rows": 1445898, "Plan Width": 191, "Actual Startup Time": 1776.585, "Actual Total Time": 57837.188, "Actual Rows": 1145969, "Actual Loops": 1, "Inner Unique": true, "Hash Cond": "(customer.c_nationkey = nation.n_nationkey), (LLVM Optimized, Jit Execute)", "Plans": [{"Node Type": "Hash Join", "Parent Relationship": "Outer", "Join Type": "Inner", "Startup Cost": 1020044207898.79, "Total Cost": 3000411622919.49, "Plan Rows": 1445898, "Plan Width": 169, "Actual Startup Time": 1776.488, "Actual Total Time": 57361.081, "Actual Rows": 1145969, "Actual Loops": 1, "Inner Unique": true, "Hash Cond": "(orders.o_custkey = customer.c_custkey), (LLVM Optimized, Jit Execute)", "Plans": [{"Node Type": "Merge Join", "Parent Relationship": "Outer", "Join Type": "Inner", "Startup Cost": 20036112613.17, "Total Cost": 2000403507752.77, "Plan Rows": 1445898, "Plan Width": 24, "Actual Startup Time": 0.079, "Actual Total Time": 54751.748, "Actual Rows": 1145969, "Actual Loops": 1, "Inner Unique": false, "Merge Cond": "(orders.o_orderkey = lineitem.l_orderkey)", "Plans": [{"Node Type": "Index Scan", "Parent Relationship": "Outer", "Scan Direction": "Forward", "Index Name": "orders_pkey", "Relation Name": "orders", "Alias": "orders", "Startup Cost": 10000000000.0, "Total Cost": 1000080597583.0, "Plan Rows": 575746, "Plan Width": 16, "Actual Startup Time": 0.036, "Actual Total Time": 10304.491, "Actual Rows": 573635, "Actual Loops": 1, "Filter": "((o_orderdate >= '1993-08-01 00:00:00'::timestamp(0) without time zone) AND (o_orderdate < '1993-11-01 00:00:00'::timestamp without time zone)), (LLVM Optimized, Jit Execute)", "Rows Removed by Filter": 14426365}, {"Node Type": "Index Scan", "Parent Relationship": "Inner", "Scan Direction": "Forward", "Index Name": "idx_lineitem_orderkey", "Relation Name": "lineitem", "Alias": "lineitem", "Startup Cost": 10000000000.0, "Total Cost": 1000339012132.75, "Plan Rows": 14835209, "Plan Width": 24, "Actual Startup Time": 0.037, "Actual Total Time": 41750.688, "Actual Rows": 14808182, "Actual Loops": 1, "Filter": "(l_returnflag = 'R'::bpchar), (LLVM Optimized, Jit Execute)", "Rows Removed by Filter": 45177851}]}, {"Node Type": "Hash", "Parent Relationship": "Inner", "Startup Cost": 1000008076535.62, "Total Cost": 1000008076535.62, "Plan Rows": 1500000, "Plan Width": 153, "Actual Startup Time": 1775.18, "Actual Total Time": 1775.18, "Actual Rows": 1500000, "Actual Loops": 1, "Hash Buckets": 2097152, "Hash Batches": 1, "Original Hash Batches": 1, "Peak Memory Usage": 282695, "Plans": [{"Node Type": "Index Scan", "Parent Relationship": "Outer", "Scan Direction": "Forward", "Index Name": "customer_pkey", "Relation Name": "customer", "Alias": "customer", "Startup Cost": 10000000000.0, "Total Cost": 1000008076535.62, "Plan Rows": 1500000, "Plan Width": 153, "Actual Startup Time": 0.027, "Actual Total Time": 1087.097, "Actual Rows": 1500000, "Actual Loops": 1}]}]}, {"Node Type": "Hash", "Parent Relationship": "Inner", "Startup Cost": 1000000001262.5, "Total Cost": 1000000001262.5, "Plan Rows": 25, "Plan Width": 30, "Actual Startup Time": 0.051, "Actual Total Time": 0.051, "Actual Rows": 25, "Actual Loops": 1, "Hash Buckets": 32768, "Hash Batches": 1, "Original Hash Batches": 1, "Peak Memory Usage": 2, "Plans": [{"Node Type": "Index Scan", "Parent Relationship": "Outer", "Scan Direction": "Forward", "Index Name": "nation_pkey", "Relation Name": "nation", "Alias": "nation", "Startup Cost": 10000000000.0, "Total Cost": 1000000001262.5, "Plan Rows": 25, "Plan Width": 30, "Actual Startup Time": 0.021, "Actual Total Time": 0.036, "Actual Rows": 25, "Actual Loops": 1}]}]}]}]}]}, "Triggers": [], "Planner Runtime": 2, "Total Runtime": 60162.202, "Unique SQL Id": 1604070524}}, "(16, 76)": {"explain_plan": {"Plan": {"Node Type": "Limit", "Startup Cost": 2943502.95, "Total Cost": 2943503.0, "Plan Rows": 20, "Plan Width": 199, "Plans": [{"Node Type": "Sort", "Parent Relationship": "Outer", "Startup Cost": 2943502.95, "Total Cost": 2947117.69, "Plan Rows": 20, "Plan Width": 199, "Sort Key": ["(sum((lineitem.l_extendedprice * (1::double precision - lineitem.l_discount)))) DESC"], "Plans": [{"Node Type": "Aggregate", "Strategy": "Hashed", "Parent Relationship": "Outer", "Startup Cost": 2890569.14, "Total Cost": 2905028.12, "Plan Rows": 1445898, "Plan Width": 199, "Group By Key": ["customer.c_custkey", "customer.c_name", "customer.c_acctbal", "customer.c_phone", "nation.n_name", "customer.c_address", "customer.c_comment"], "Plans": [{"Node Type": "Hash Join", "Parent Relationship": "Outer", "Join Type": "Inner", "Startup Cost": 579485.57, "Total Cost": 2854421.69, "Plan Rows": 1445898, "Plan Width": 191, "Inner Unique": true, "Hash Cond": "(customer.c_nationkey = nation.n_nationkey), (LLVM Optimized)", "Plans": [{"Node Type": "Hash Join", "Parent Relationship": "Outer", "Join Type": "Inner", "Startup Cost": 579484.01, "Total Cost": 2834539.03, "Plan Rows": 1445898, "Plan Width": 169, "Inner Unique": true, "Hash Cond": "(orders.o_custkey = customer.c_custkey), (LLVM Optimized)", "Plans": [{"Node Type": "Hash Join", "Parent Relationship": "Outer", "Join Type": "Inner", "Startup Cost": 508608.01, "Total Cost": 2743781.94, "Plan Rows": 1445898, "Plan Width": 24, "Inner Unique": true, "Hash Cond": "(lineitem.l_orderkey = orders.o_orderkey), (LLVM Optimized)", "Plans": [{"Node Type": "Seq Scan", "Parent Relationship": "Outer", "Relation Name": "lineitem", "Alias": "lineitem", "Startup Cost": 0.0, "Total Cost": 2165082.91, "Plan Rows": 14835209, "Plan Width": 24, "Filter": "(l_returnflag = 'R'::bpchar), (LLVM Optimized)"}, {"Node Type": "Hash", "Parent Relationship": "Inner", "Startup Cost": 501411.18, "Total Cost": 501411.18, "Plan Rows": 575746, "Plan Width": 16, "Plans": [{"Node Type": "Seq Scan", "Parent Relationship": "Outer", "Relation Name": "orders", "Alias": "orders", "Startup Cost": 585.62, "Total Cost": 501411.18, "Plan Rows": 575746, "Plan Width": 16, "Filter": "((o_orderdate >= '1993-08-01 00:00:00'::timestamp(0) without time zone) AND (o_orderdate < '1993-11-01 00:00:00'::timestamp without time zone)), (LLVM Optimized)"}]}]}, {"Node Type": "Hash", "Parent Relationship": "Inner", "Startup Cost": 52126.0, "Total Cost": 52126.0, "Plan Rows": 1500000, "Plan Width": 153, "Plans": [{"Node Type": "Seq Scan", "Parent Relationship": "Outer", "Relation Name": "customer", "Alias": "customer", "Startup Cost": 0.0, "Total Cost": 52126.0, "Plan Rows": 1500000, "Plan Width": 153}]}]}, {"Node Type": "Hash", "Parent Relationship": "Inner", "Startup Cost": 1.25, "Total Cost": 1.25, "Plan Rows": 25, "Plan Width": 30, "Plans": [{"Node Type": "Seq Scan", "Parent Relationship": "Outer", "Relation Name": "nation", "Alias": "nation", "Startup Cost": 0.0, "Total Cost": 1.25, "Plan Rows": 25, "Plan Width": 30}]}]}]}]}]}, "Unique SQL Id": 1604070524, "Planner Runtime": 2}, "explain_analyze_plan": {"Plan": {"Node Type": "Limit", "Startup Cost": 2943502.95, "Total Cost": 2943503.0, "Plan Rows": 20, "Plan Width": 199, "Actual Startup Time": 36445.204, "Actual Total Time": 36445.212, "Actual Rows": 20, "Actual Loops": 1, "Plans": [{"Node Type": "Sort", "Parent Relationship": "Outer", "Startup Cost": 2943502.95, "Total Cost": 2947117.69, "Plan Rows": 20, "Plan Width": 199, "Actual Startup Time": 36445.202, "Actual Total Time": 36445.207, "Actual Rows": 20, "Actual Loops": 1, "Sort Key": ["(sum((lineitem.l_extendedprice * (1::double precision - lineitem.l_discount)))) DESC"], "Sort Method": "top-N heapsort", "Sort Space Used": 35, "Sort Space Type": "Memory", "Plans": [{"Node Type": "Aggregate", "Strategy": "Hashed", "Parent Relationship": "Outer", "Startup Cost": 2890569.14, "Total Cost": 2905028.12, "Plan Rows": 1445898, "Plan Width": 199, "Actual Startup Time": 36036.211, "Actual Total Time": 36308.683, "Actual Rows": 381542, "Actual Loops": 1, "Group By Key": ["customer.c_custkey", "customer.c_name", "customer.c_acctbal", "customer.c_phone", "nation.n_name", "customer.c_address", "customer.c_comment"], "Plans": [{"Node Type": "Hash Join", "Parent Relationship": "Outer", "Join Type": "Inner", "Startup Cost": 579485.57, "Total Cost": 2854421.69, "Plan Rows": 1445898, "Plan Width": 191, "Actual Startup Time": 6903.26, "Actual Total Time": 34227.795, "Actual Rows": 1145969, "Actual Loops": 1, "Inner Unique": true, "Hash Cond": "(customer.c_nationkey = nation.n_nationkey), (LLVM Optimized, Jit Execute)", "Plans": [{"Node Type": "Hash Join", "Parent Relationship": "Outer", "Join Type": "Inner", "Startup Cost": 579484.01, "Total Cost": 2834539.03, "Plan Rows": 1445898, "Plan Width": 169, "Actual Startup Time": 6903.167, "Actual Total Time": 33759.477, "Actual Rows": 1145969, "Actual Loops": 1, "Inner Unique": true, "Hash Cond": "(orders.o_custkey = customer.c_custkey), (LLVM Optimized, Jit Execute)", "Plans": [{"Node Type": "Hash Join", "Parent Relationship": "Outer", "Join Type": "Inner", "Startup Cost": 508608.01, "Total Cost": 2743781.94, "Plan Rows": 1445898, "Plan Width": 24, "Actual Startup Time": 5606.947, "Actual Total Time": 31725.907, "Actual Rows": 1145969, "Actual Loops": 1, "Inner Unique": true, "Hash Cond": "(lineitem.l_orderkey = orders.o_orderkey), (LLVM Optimized, Jit Execute)", "Plans": [{"Node Type": "Seq Scan", "Parent Relationship": "Outer", "Relation Name": "lineitem", "Alias": "lineitem", "Startup Cost": 0.0, "Total Cost": 2165082.91, "Plan Rows": 14835209, "Plan Width": 24, "Actual Startup Time": 0.022, "Actual Total Time": 22103.583, "Actual Rows": 14808183, "Actual Loops": 1, "Filter": "(l_returnflag = 'R'::bpchar), (LLVM Optimized, Jit Execute)", "Rows Removed by Filter": 45177869}, {"Node Type": "Hash", "Parent Relationship": "Inner", "Startup Cost": 501411.18, "Total Cost": 501411.18, "Plan Rows": 575746, "Plan Width": 16, "Actual Startup Time": 5606.149, "Actual Total Time": 5606.149, "Actual Rows": 573635, "Actual Loops": 1, "Hash Buckets": 1048576, "Hash Batches": 1, "Original Hash Batches": 1, "Peak Memory Usage": 26890, "Plans": [{"Node Type": "Seq Scan", "Parent Relationship": "Outer", "Relation Name": "orders", "Alias": "orders", "Startup Cost": 585.62, "Total Cost": 501411.18, "Plan Rows": 575746, "Plan Width": 16, "Actual Startup Time": 0.026, "Actual Total Time": 5367.895, "Actual Rows": 573635, "Actual Loops": 1, "Filter": "((o_orderdate >= '1993-08-01 00:00:00'::timestamp(0) without time zone) AND (o_orderdate < '1993-11-01 00:00:00'::timestamp without time zone)), (LLVM Optimized, Jit Execute)", "Rows Removed by Filter": 14426365}]}]}, {"Node Type": "Hash", "Parent Relationship": "Inner", "Startup Cost": 52126.0, "Total Cost": 52126.0, "Plan Rows": 1500000, "Plan Width": 153, "Actual Startup Time": 1294.912, "Actual Total Time": 1294.912, "Actual Rows": 1500000, "Actual Loops": 1, "Hash Buckets": 2097152, "Hash Batches": 1, "Original Hash Batches": 1, "Peak Memory Usage": 282695, "Plans": [{"Node Type": "Seq Scan", "Parent Relationship": "Outer", "Relation Name": "customer", "Alias": "customer", "Startup Cost": 0.0, "Total Cost": 52126.0, "Plan Rows": 1500000, "Plan Width": 153, "Actual Startup Time": 0.022, "Actual Total Time": 605.911, "Actual Rows": 1500000, "Actual Loops": 1}]}]}, {"Node Type": "Hash", "Parent Relationship": "Inner", "Startup Cost": 1.25, "Total Cost": 1.25, "Plan Rows": 25, "Plan Width": 30, "Actual Startup Time": 0.043, "Actual Total Time": 0.043, "Actual Rows": 25, "Actual Loops": 1, "Hash Buckets": 32768, "Hash Batches": 1, "Original Hash Batches": 1, "Peak Memory Usage": 2, "Plans": [{"Node Type": "Seq Scan", "Parent Relationship": "Outer", "Relation Name": "nation", "Alias": "nation", "Startup Cost": 0.0, "Total Cost": 1.25, "Plan Rows": 25, "Plan Width": 30, "Actual Startup Time": 0.019, "Actual Total Time": 0.025, "Actual Rows": 25, "Actual Loops": 1}]}]}]}]}]}, "Triggers": [], "Planner Runtime": 1, "Total Runtime": 36456.213, "Unique SQL Id": 1604070524}}, "(16, 77)": {"explain_plan": {"Plan": {"Node Type": "Limit", "Startup Cost": 4127035.84, "Total Cost": 4127035.89, "Plan Rows": 20, "Plan Width": 199, "Plans": [{"Node Type": "Sort", "Parent Relationship": "Outer", "Startup Cost": 4127035.84, "Total Cost": 4130650.58, "Plan Rows": 20, "Plan Width": 199, "Sort Key": ["(sum((lineitem.l_extendedprice * (1::double precision - lineitem.l_discount)))) DESC"], "Plans": [{"Node Type": "Aggregate", "Strategy": "Hashed", "Parent Relationship": "Outer", "Startup Cost": 4074102.03, "Total Cost": 4088561.01, "Plan Rows": 1445898, "Plan Width": 199, "Group By Key": ["customer.c_custkey", "customer.c_name", "customer.c_acctbal", "customer.c_phone", "nation.n_name", "customer.c_address", "customer.c_comment"], "Plans": [{"Node Type": "Nested Loop", "Parent Relationship": "Outer", "Join Type": "Inner", "Startup Cost": 99528.29, "Total Cost": 4037954.58, "Plan Rows": 1445898, "Plan Width": 191, "Inner Unique": false, "Plans": [{"Node Type": "Hash Join", "Parent Relationship": "Outer", "Join Type": "Inner", "Startup Cost": 99528.29, "Total Cost": 921337.14, "Plan Rows": 575746, "Plan Width": 183, "Inner Unique": true, "Hash Cond": "(customer.c_nationkey = nation.n_nationkey), (LLVM Optimized)", "Plans": [{"Node Type": "Hash Join", "Parent Relationship": "Outer", "Join Type": "Inner", "Startup Cost": 99515.36, "Total Cost": 913407.69, "Plan Rows": 575746, "Plan Width": 161, "Inner Unique": true, "Hash Cond": "(orders.o_custkey = customer.c_custkey), (LLVM Optimized)", "Plans": [{"Node Type": "Index Scan", "Parent Relationship": "Outer", "Scan Direction": "Forward", "Index Name": "orders_pkey", "Relation Name": "orders", "Alias": "orders", "Startup Cost": 0.0, "Total Cost": 805975.83, "Plan Rows": 575746, "Plan Width": 16, "Filter": "((o_orderdate >= '1993-08-01 00:00:00'::timestamp(0) without time zone) AND (o_orderdate < '1993-11-01 00:00:00'::timestamp without time zone)), (LLVM Optimized)"}, {"Node Type": "Hash", "Parent Relationship": "Inner", "Startup Cost": 80765.36, "Total Cost": 80765.36, "Plan Rows": 1500000, "Plan Width": 153, "Plans": [{"Node Type": "Index Scan", "Parent Relationship": "Outer", "Scan Direction": "Forward", "Index Name": "customer_pkey", "Relation Name": "customer", "Alias": "customer", "Startup Cost": 0.0, "Total Cost": 80765.36, "Plan Rows": 1500000, "Plan Width": 153}]}]}, {"Node Type": "Hash", "Parent Relationship": "Inner", "Startup Cost": 12.62, "Total Cost": 12.62, "Plan Rows": 25, "Plan Width": 30, "Plans": [{"Node Type": "Index Scan", "Parent Relationship": "Outer", "Scan Direction": "Forward", "Index Name": "nation_pkey", "Relation Name": "nation", "Alias": "nation", "Startup Cost": 0.0, "Total Cost": 12.62, "Plan Rows": 25, "Plan Width": 30}]}]}, {"Node Type": "Index Scan", "Parent Relationship": "Inner", "Scan Direction": "Forward", "Index Name": "idx_lineitem_orderkey", "Relation Name": "lineitem", "Alias": "lineitem", "Startup Cost": 0.0, "Total Cost": 5.38, "Plan Rows": 3, "Plan Width": 24, "Index Cond": "(l_orderkey = orders.o_orderkey)", "Filter": "(l_returnflag = 'R'::bpchar)"}]}]}]}]}, "Unique SQL Id": 1604070524, "Planner Runtime": 1}, "explain_analyze_plan": {"Plan": {"Node Type": "Limit", "Startup Cost": 4127035.84, "Total Cost": 4127035.89, "Plan Rows": 20, "Plan Width": 199, "Actual Startup Time": 22102.896, "Actual Total Time": 22102.901, "Actual Rows": 20, "Actual Loops": 1, "Plans": [{"Node Type": "Sort", "Parent Relationship": "Outer", "Startup Cost": 4127035.84, "Total Cost": 4130650.58, "Plan Rows": 20, "Plan Width": 199, "Actual Startup Time": 22102.892, "Actual Total Time": 22102.894, "Actual Rows": 20, "Actual Loops": 1, "Sort Key": ["(sum((lineitem.l_extendedprice * (1::double precision - lineitem.l_discount)))) DESC"], "Sort Method": "top-N heapsort", "Sort Space Used": 35, "Sort Space Type": "Memory", "Plans": [{"Node Type": "Aggregate", "Strategy": "Hashed", "Parent Relationship": "Outer", "Startup Cost": 4074102.03, "Total Cost": 4088561.01, "Plan Rows": 1445898, "Plan Width": 199, "Actual Startup Time": 21697.408, "Actual Total Time": 21966.438, "Actual Rows": 381542, "Actual Loops": 1, "Group By Key": ["customer.c_custkey", "customer.c_name", "customer.c_acctbal", "customer.c_phone", "nation.n_name", "customer.c_address", "customer.c_comment"], "Plans": [{"Node Type": "Nested Loop", "Parent Relationship": "Outer", "Join Type": "Inner", "Startup Cost": 99528.29, "Total Cost": 4037954.58, "Plan Rows": 1445898, "Plan Width": 191, "Actual Startup Time": 1763.635, "Actual Total Time": 19843.764, "Actual Rows": 1145969, "Actual Loops": 1, "Inner Unique": false, "Plans": [{"Node Type": "Hash Join", "Parent Relationship": "Outer", "Join Type": "Inner", "Startup Cost": 99528.29, "Total Cost": 921337.14, "Plan Rows": 575746, "Plan Width": 183, "Actual Startup Time": 1763.574, "Actual Total Time": 14035.254, "Actual Rows": 573635, "Actual Loops": 1, "Inner Unique": true, "Hash Cond": "(customer.c_nationkey = nation.n_nationkey), (LLVM Optimized, Jit Execute)", "Plans": [{"Node Type": "Hash Join", "Parent Relationship": "Outer", "Join Type": "Inner", "Startup Cost": 99515.36, "Total Cost": 913407.69, "Plan Rows": 575746, "Plan Width": 161, "Actual Startup Time": 1763.472, "Actual Total Time": 13780.974, "Actual Rows": 573635, "Actual Loops": 1, "Inner Unique": true, "Hash Cond": "(orders.o_custkey = customer.c_custkey), (LLVM Optimized, Jit Execute)", "Plans": [{"Node Type": "Index Scan", "Parent Relationship": "Outer", "Scan Direction": "Forward", "Index Name": "orders_pkey", "Relation Name": "orders", "Alias": "orders", "Startup Cost": 0.0, "Total Cost": 805975.83, "Plan Rows": 575746, "Plan Width": 16, "Actual Startup Time": 0.034, "Actual Total Time": 11438.885, "Actual Rows": 573635, "Actual Loops": 1, "Filter": "((o_orderdate >= '1993-08-01 00:00:00'::timestamp(0) without time zone) AND (o_orderdate < '1993-11-01 00:00:00'::timestamp without time zone)), (LLVM Optimized, Jit Execute)", "Rows Removed by Filter": 14426365}, {"Node Type": "Hash", "Parent Relationship": "Inner", "Startup Cost": 80765.36, "Total Cost": 80765.36, "Plan Rows": 1500000, "Plan Width": 153, "Actual Startup Time": 1762.18, "Actual Total Time": 1762.18, "Actual Rows": 1500000, "Actual Loops": 1, "Hash Buckets": 2097152, "Hash Batches": 1, "Original Hash Batches": 1, "Peak Memory Usage": 282695, "Plans": [{"Node Type": "Index Scan", "Parent Relationship": "Outer", "Scan Direction": "Forward", "Index Name": "customer_pkey", "Relation Name": "customer", "Alias": "customer", "Startup Cost": 0.0, "Total Cost": 80765.36, "Plan Rows": 1500000, "Plan Width": 153, "Actual Startup Time": 0.024, "Actual Total Time": 1082.575, "Actual Rows": 1500000, "Actual Loops": 1}]}]}, {"Node Type": "Hash", "Parent Relationship": "Inner", "Startup Cost": 12.62, "Total Cost": 12.62, "Plan Rows": 25, "Plan Width": 30, "Actual Startup Time": 0.053, "Actual Total Time": 0.053, "Actual Rows": 25, "Actual Loops": 1, "Hash Buckets": 32768, "Hash Batches": 1, "Original Hash Batches": 1, "Peak Memory Usage": 2, "Plans": [{"Node Type": "Index Scan", "Parent Relationship": "Outer", "Scan Direction": "Forward", "Index Name": "nation_pkey", "Relation Name": "nation", "Alias": "nation", "Startup Cost": 0.0, "Total Cost": 12.62, "Plan Rows": 25, "Plan Width": 30, "Actual Startup Time": 0.021, "Actual Total Time": 0.038, "Actual Rows": 25, "Actual Loops": 1}]}]}, {"Node Type": "Index Scan", "Parent Relationship": "Inner", "Scan Direction": "Forward", "Index Name": "idx_lineitem_orderkey", "Relation Name": "lineitem", "Alias": "lineitem", "Startup Cost": 0.0, "Total Cost": 5.38, "Plan Rows": 3, "Plan Width": 24, "Actual Startup Time": 3961.05, "Actual Total Time": 5170.281, "Actual Rows": 1145969, "Actual Loops": 573635, "Index Cond": "(l_orderkey = orders.o_orderkey)", "Rows Removed by Index Recheck": 0, "Filter": "(l_returnflag = 'R'::bpchar)", "Rows Removed by Filter": 1146896}]}]}]}]}, "Triggers": [], "Planner Runtime": 1, "Total Runtime": 22113.511, "Unique SQL Id": 1604070524}}, "(16, 78)": {"explain_plan": {"Plan": {"Node Type": "Limit", "Startup Cost": 2943502.95, "Total Cost": 2943503.0, "Plan Rows": 20, "Plan Width": 199, "Plans": [{"Node Type": "Sort", "Parent Relationship": "Outer", "Startup Cost": 2943502.95, "Total Cost": 2947117.69, "Plan Rows": 20, "Plan Width": 199, "Sort Key": ["(sum((lineitem.l_extendedprice * (1::double precision - lineitem.l_discount)))) DESC"], "Plans": [{"Node Type": "Aggregate", "Strategy": "Hashed", "Parent Relationship": "Outer", "Startup Cost": 2890569.14, "Total Cost": 2905028.12, "Plan Rows": 1445898, "Plan Width": 199, "Group By Key": ["customer.c_custkey", "customer.c_name", "customer.c_acctbal", "customer.c_phone", "nation.n_name", "customer.c_address", "customer.c_comment"], "Plans": [{"Node Type": "Hash Join", "Parent Relationship": "Outer", "Join Type": "Inner", "Startup Cost": 579485.57, "Total Cost": 2854421.69, "Plan Rows": 1445898, "Plan Width": 191, "Inner Unique": true, "Hash Cond": "(customer.c_nationkey = nation.n_nationkey), (LLVM Optimized)", "Plans": [{"Node Type": "Hash Join", "Parent Relationship": "Outer", "Join Type": "Inner", "Startup Cost": 579484.01, "Total Cost": 2834539.03, "Plan Rows": 1445898, "Plan Width": 169, "Inner Unique": true, "Hash Cond": "(orders.o_custkey = customer.c_custkey), (LLVM Optimized)", "Plans": [{"Node Type": "Hash Join", "Parent Relationship": "Outer", "Join Type": "Inner", "Startup Cost": 508608.01, "Total Cost": 2743781.94, "Plan Rows": 1445898, "Plan Width": 24, "Inner Unique": true, "Hash Cond": "(lineitem.l_orderkey = orders.o_orderkey), (LLVM Optimized)", "Plans": [{"Node Type": "Seq Scan", "Parent Relationship": "Outer", "Relation Name": "lineitem", "Alias": "lineitem", "Startup Cost": 0.0, "Total Cost": 2165082.91, "Plan Rows": 14835209, "Plan Width": 24, "Filter": "(l_returnflag = 'R'::bpchar), (LLVM Optimized)"}, {"Node Type": "Hash", "Parent Relationship": "Inner", "Startup Cost": 501411.18, "Total Cost": 501411.18, "Plan Rows": 575746, "Plan Width": 16, "Plans": [{"Node Type": "Seq Scan", "Parent Relationship": "Outer", "Relation Name": "orders", "Alias": "orders", "Startup Cost": 585.62, "Total Cost": 501411.18, "Plan Rows": 575746, "Plan Width": 16, "Filter": "((o_orderdate >= '1993-08-01 00:00:00'::timestamp(0) without time zone) AND (o_orderdate < '1993-11-01 00:00:00'::timestamp without time zone)), (LLVM Optimized)"}]}]}, {"Node Type": "Hash", "Parent Relationship": "Inner", "Startup Cost": 52126.0, "Total Cost": 52126.0, "Plan Rows": 1500000, "Plan Width": 153, "Plans": [{"Node Type": "Seq Scan", "Parent Relationship": "Outer", "Relation Name": "customer", "Alias": "customer", "Startup Cost": 0.0, "Total Cost": 52126.0, "Plan Rows": 1500000, "Plan Width": 153}]}]}, {"Node Type": "Hash", "Parent Relationship": "Inner", "Startup Cost": 1.25, "Total Cost": 1.25, "Plan Rows": 25, "Plan Width": 30, "Plans": [{"Node Type": "Seq Scan", "Parent Relationship": "Outer", "Relation Name": "nation", "Alias": "nation", "Startup Cost": 0.0, "Total Cost": 1.25, "Plan Rows": 25, "Plan Width": 30}]}]}]}]}]}, "Unique SQL Id": 1604070524, "Planner Runtime": 1}, "explain_analyze_plan": {"Plan": {"Node Type": "Limit", "Startup Cost": 2943502.95, "Total Cost": 2943503.0, "Plan Rows": 20, "Plan Width": 199, "Actual Startup Time": 36445.204, "Actual Total Time": 36445.212, "Actual Rows": 20, "Actual Loops": 1, "Plans": [{"Node Type": "Sort", "Parent Relationship": "Outer", "Startup Cost": 2943502.95, "Total Cost": 2947117.69, "Plan Rows": 20, "Plan Width": 199, "Actual Startup Time": 36445.202, "Actual Total Time": 36445.207, "Actual Rows": 20, "Actual Loops": 1, "Sort Key": ["(sum((lineitem.l_extendedprice * (1::double precision - lineitem.l_discount)))) DESC"], "Sort Method": "top-N heapsort", "Sort Space Used": 35, "Sort Space Type": "Memory", "Plans": [{"Node Type": "Aggregate", "Strategy": "Hashed", "Parent Relationship": "Outer", "Startup Cost": 2890569.14, "Total Cost": 2905028.12, "Plan Rows": 1445898, "Plan Width": 199, "Actual Startup Time": 36036.211, "Actual Total Time": 36308.683, "Actual Rows": 381542, "Actual Loops": 1, "Group By Key": ["customer.c_custkey", "customer.c_name", "customer.c_acctbal", "customer.c_phone", "nation.n_name", "customer.c_address", "customer.c_comment"], "Plans": [{"Node Type": "Hash Join", "Parent Relationship": "Outer", "Join Type": "Inner", "Startup Cost": 579485.57, "Total Cost": 2854421.69, "Plan Rows": 1445898, "Plan Width": 191, "Actual Startup Time": 6903.26, "Actual Total Time": 34227.795, "Actual Rows": 1145969, "Actual Loops": 1, "Inner Unique": true, "Hash Cond": "(customer.c_nationkey = nation.n_nationkey), (LLVM Optimized, Jit Execute)", "Plans": [{"Node Type": "Hash Join", "Parent Relationship": "Outer", "Join Type": "Inner", "Startup Cost": 579484.01, "Total Cost": 2834539.03, "Plan Rows": 1445898, "Plan Width": 169, "Actual Startup Time": 6903.167, "Actual Total Time": 33759.477, "Actual Rows": 1145969, "Actual Loops": 1, "Inner Unique": true, "Hash Cond": "(orders.o_custkey = customer.c_custkey), (LLVM Optimized, Jit Execute)", "Plans": [{"Node Type": "Hash Join", "Parent Relationship": "Outer", "Join Type": "Inner", "Startup Cost": 508608.01, "Total Cost": 2743781.94, "Plan Rows": 1445898, "Plan Width": 24, "Actual Startup Time": 5606.947, "Actual Total Time": 31725.907, "Actual Rows": 1145969, "Actual Loops": 1, "Inner Unique": true, "Hash Cond": "(lineitem.l_orderkey = orders.o_orderkey), (LLVM Optimized, Jit Execute)", "Plans": [{"Node Type": "Seq Scan", "Parent Relationship": "Outer", "Relation Name": "lineitem", "Alias": "lineitem", "Startup Cost": 0.0, "Total Cost": 2165082.91, "Plan Rows": 14835209, "Plan Width": 24, "Actual Startup Time": 0.022, "Actual Total Time": 22103.583, "Actual Rows": 14808183, "Actual Loops": 1, "Filter": "(l_returnflag = 'R'::bpchar), (LLVM Optimized, Jit Execute)", "Rows Removed by Filter": 45177869}, {"Node Type": "Hash", "Parent Relationship": "Inner", "Startup Cost": 501411.18, "Total Cost": 501411.18, "Plan Rows": 575746, "Plan Width": 16, "Actual Startup Time": 5606.149, "Actual Total Time": 5606.149, "Actual Rows": 573635, "Actual Loops": 1, "Hash Buckets": 1048576, "Hash Batches": 1, "Original Hash Batches": 1, "Peak Memory Usage": 26890, "Plans": [{"Node Type": "Seq Scan", "Parent Relationship": "Outer", "Relation Name": "orders", "Alias": "orders", "Startup Cost": 585.62, "Total Cost": 501411.18, "Plan Rows": 575746, "Plan Width": 16, "Actual Startup Time": 0.026, "Actual Total Time": 5367.895, "Actual Rows": 573635, "Actual Loops": 1, "Filter": "((o_orderdate >= '1993-08-01 00:00:00'::timestamp(0) without time zone) AND (o_orderdate < '1993-11-01 00:00:00'::timestamp without time zone)), (LLVM Optimized, Jit Execute)", "Rows Removed by Filter": 14426365}]}]}, {"Node Type": "Hash", "Parent Relationship": "Inner", "Startup Cost": 52126.0, "Total Cost": 52126.0, "Plan Rows": 1500000, "Plan Width": 153, "Actual Startup Time": 1294.912, "Actual Total Time": 1294.912, "Actual Rows": 1500000, "Actual Loops": 1, "Hash Buckets": 2097152, "Hash Batches": 1, "Original Hash Batches": 1, "Peak Memory Usage": 282695, "Plans": [{"Node Type": "Seq Scan", "Parent Relationship": "Outer", "Relation Name": "customer", "Alias": "customer", "Startup Cost": 0.0, "Total Cost": 52126.0, "Plan Rows": 1500000, "Plan Width": 153, "Actual Startup Time": 0.022, "Actual Total Time": 605.911, "Actual Rows": 1500000, "Actual Loops": 1}]}]}, {"Node Type": "Hash", "Parent Relationship": "Inner", "Startup Cost": 1.25, "Total Cost": 1.25, "Plan Rows": 25, "Plan Width": 30, "Actual Startup Time": 0.043, "Actual Total Time": 0.043, "Actual Rows": 25, "Actual Loops": 1, "Hash Buckets": 32768, "Hash Batches": 1, "Original Hash Batches": 1, "Peak Memory Usage": 2, "Plans": [{"Node Type": "Seq Scan", "Parent Relationship": "Outer", "Relation Name": "nation", "Alias": "nation", "Startup Cost": 0.0, "Total Cost": 1.25, "Plan Rows": 25, "Plan Width": 30, "Actual Startup Time": 0.019, "Actual Total Time": 0.025, "Actual Rows": 25, "Actual Loops": 1}]}]}]}]}]}, "Triggers": [], "Planner Runtime": 1, "Total Runtime": 36456.213, "Unique SQL Id": 1604070524}}, "(16, 79)": {"explain_plan": {"Plan": {"Node Type": "Limit", "Startup Cost": 4000411733144.66, "Total Cost": 4000411733144.71, "Plan Rows": 20, "Plan Width": 199, "Plans": [{"Node Type": "Sort", "Parent Relationship": "Outer", "Startup Cost": 4000411733144.66, "Total Cost": 4000411736759.4, "Plan Rows": 20, "Plan Width": 199, "Sort Key": ["(sum((lineitem.l_extendedprice * (1::double precision - lineitem.l_discount)))) DESC"], "Plans": [{"Node Type": "Aggregate", "Strategy": "Hashed", "Parent Relationship": "Outer", "Startup Cost": 4000411680210.85, "Total Cost": 4000411694669.83, "Plan Rows": 1445898, "Plan Width": 199, "Group By Key": ["customer.c_custkey", "customer.c_name", "customer.c_acctbal", "customer.c_phone", "nation.n_name", "customer.c_address", "customer.c_comment"], "Plans": [{"Node Type": "Hash Join", "Parent Relationship": "Outer", "Join Type": "Inner", "Startup Cost": 2020044209161.6, "Total Cost": 4000411644063.4, "Plan Rows": 1445898, "Plan Width": 191, "Inner Unique": true, "Hash Cond": "(customer.c_nationkey = nation.n_nationkey), (LLVM Optimized)", "Plans": [{"Node Type": "Hash Join", "Parent Relationship": "Outer", "Join Type": "Inner", "Startup Cost": 1020044207898.79, "Total Cost": 3000411622919.49, "Plan Rows": 1445898, "Plan Width": 169, "Inner Unique": true, "Hash Cond": "(orders.o_custkey = customer.c_custkey), (LLVM Optimized)", "Plans": [{"Node Type": "Merge Join", "Parent Relationship": "Outer", "Join Type": "Inner", "Startup Cost": 20036112613.17, "Total Cost": 2000403507752.77, "Plan Rows": 1445898, "Plan Width": 24, "Inner Unique": false, "Merge Cond": "(orders.o_orderkey = lineitem.l_orderkey)", "Plans": [{"Node Type": "Index Scan", "Parent Relationship": "Outer", "Scan Direction": "Forward", "Index Name": "orders_pkey", "Relation Name": "orders", "Alias": "orders", "Startup Cost": 10000000000.0, "Total Cost": 1000080597583.0, "Plan Rows": 575746, "Plan Width": 16, "Filter": "((o_orderdate >= '1993-08-01 00:00:00'::timestamp(0) without time zone) AND (o_orderdate < '1993-11-01 00:00:00'::timestamp without time zone)), (LLVM Optimized)"}, {"Node Type": "Index Scan", "Parent Relationship": "Inner", "Scan Direction": "Forward", "Index Name": "idx_lineitem_orderkey", "Relation Name": "lineitem", "Alias": "lineitem", "Startup Cost": 10000000000.0, "Total Cost": 1000339012132.75, "Plan Rows": 14835209, "Plan Width": 24, "Filter": "(l_returnflag = 'R'::bpchar), (LLVM Optimized)"}]}, {"Node Type": "Hash", "Parent Relationship": "Inner", "Startup Cost": 1000008076535.62, "Total Cost": 1000008076535.62, "Plan Rows": 1500000, "Plan Width": 153, "Plans": [{"Node Type": "Index Scan", "Parent Relationship": "Outer", "Scan Direction": "Forward", "Index Name": "customer_pkey", "Relation Name": "customer", "Alias": "customer", "Startup Cost": 10000000000.0, "Total Cost": 1000008076535.62, "Plan Rows": 1500000, "Plan Width": 153}]}]}, {"Node Type": "Hash", "Parent Relationship": "Inner", "Startup Cost": 1000000001262.5, "Total Cost": 1000000001262.5, "Plan Rows": 25, "Plan Width": 30, "Plans": [{"Node Type": "Index Scan", "Parent Relationship": "Outer", "Scan Direction": "Forward", "Index Name": "nation_pkey", "Relation Name": "nation", "Alias": "nation", "Startup Cost": 10000000000.0, "Total Cost": 1000000001262.5, "Plan Rows": 25, "Plan Width": 30}]}]}]}]}]}, "Unique SQL Id": 1604070524, "Planner Runtime": 2}, "explain_analyze_plan": {"Plan": {"Node Type": "Limit", "Startup Cost": 4000411733144.66, "Total Cost": 4000411733144.71, "Plan Rows": 20, "Plan Width": 199, "Actual Startup Time": 60151.448, "Actual Total Time": 60151.455, "Actual Rows": 20, "Actual Loops": 1, "Plans": [{"Node Type": "Sort", "Parent Relationship": "Outer", "Startup Cost": 4000411733144.66, "Total Cost": 4000411736759.4, "Plan Rows": 20, "Plan Width": 199, "Actual Startup Time": 60151.445, "Actual Total Time": 60151.449, "Actual Rows": 20, "Actual Loops": 1, "Sort Key": ["(sum((lineitem.l_extendedprice * (1::double precision - lineitem.l_discount)))) DESC"], "Sort Method": "top-N heapsort", "Sort Space Used": 35, "Sort Space Type": "Memory", "Plans": [{"Node Type": "Aggregate", "Strategy": "Hashed", "Parent Relationship": "Outer", "Startup Cost": 4000411680210.85, "Total Cost": 4000411694669.83, "Plan Rows": 1445898, "Plan Width": 199, "Actual Startup Time": 59735.488, "Actual Total Time": 60012.219, "Actual Rows": 381542, "Actual Loops": 1, "Group By Key": ["customer.c_custkey", "customer.c_name", "customer.c_acctbal", "customer.c_phone", "nation.n_name", "customer.c_address", "customer.c_comment"], "Plans": [{"Node Type": "Hash Join", "Parent Relationship": "Outer", "Join Type": "Inner", "Startup Cost": 2020044209161.6, "Total Cost": 4000411644063.4, "Plan Rows": 1445898, "Plan Width": 191, "Actual Startup Time": 1776.585, "Actual Total Time": 57837.188, "Actual Rows": 1145969, "Actual Loops": 1, "Inner Unique": true, "Hash Cond": "(customer.c_nationkey = nation.n_nationkey), (LLVM Optimized, Jit Execute)", "Plans": [{"Node Type": "Hash Join", "Parent Relationship": "Outer", "Join Type": "Inner", "Startup Cost": 1020044207898.79, "Total Cost": 3000411622919.49, "Plan Rows": 1445898, "Plan Width": 169, "Actual Startup Time": 1776.488, "Actual Total Time": 57361.081, "Actual Rows": 1145969, "Actual Loops": 1, "Inner Unique": true, "Hash Cond": "(orders.o_custkey = customer.c_custkey), (LLVM Optimized, Jit Execute)", "Plans": [{"Node Type": "Merge Join", "Parent Relationship": "Outer", "Join Type": "Inner", "Startup Cost": 20036112613.17, "Total Cost": 2000403507752.77, "Plan Rows": 1445898, "Plan Width": 24, "Actual Startup Time": 0.079, "Actual Total Time": 54751.748, "Actual Rows": 1145969, "Actual Loops": 1, "Inner Unique": false, "Merge Cond": "(orders.o_orderkey = lineitem.l_orderkey)", "Plans": [{"Node Type": "Index Scan", "Parent Relationship": "Outer", "Scan Direction": "Forward", "Index Name": "orders_pkey", "Relation Name": "orders", "Alias": "orders", "Startup Cost": 10000000000.0, "Total Cost": 1000080597583.0, "Plan Rows": 575746, "Plan Width": 16, "Actual Startup Time": 0.036, "Actual Total Time": 10304.491, "Actual Rows": 573635, "Actual Loops": 1, "Filter": "((o_orderdate >= '1993-08-01 00:00:00'::timestamp(0) without time zone) AND (o_orderdate < '1993-11-01 00:00:00'::timestamp without time zone)), (LLVM Optimized, Jit Execute)", "Rows Removed by Filter": 14426365}, {"Node Type": "Index Scan", "Parent Relationship": "Inner", "Scan Direction": "Forward", "Index Name": "idx_lineitem_orderkey", "Relation Name": "lineitem", "Alias": "lineitem", "Startup Cost": 10000000000.0, "Total Cost": 1000339012132.75, "Plan Rows": 14835209, "Plan Width": 24, "Actual Startup Time": 0.037, "Actual Total Time": 41750.688, "Actual Rows": 14808182, "Actual Loops": 1, "Filter": "(l_returnflag = 'R'::bpchar), (LLVM Optimized, Jit Execute)", "Rows Removed by Filter": 45177851}]}, {"Node Type": "Hash", "Parent Relationship": "Inner", "Startup Cost": 1000008076535.62, "Total Cost": 1000008076535.62, "Plan Rows": 1500000, "Plan Width": 153, "Actual Startup Time": 1775.18, "Actual Total Time": 1775.18, "Actual Rows": 1500000, "Actual Loops": 1, "Hash Buckets": 2097152, "Hash Batches": 1, "Original Hash Batches": 1, "Peak Memory Usage": 282695, "Plans": [{"Node Type": "Index Scan", "Parent Relationship": "Outer", "Scan Direction": "Forward", "Index Name": "customer_pkey", "Relation Name": "customer", "Alias": "customer", "Startup Cost": 10000000000.0, "Total Cost": 1000008076535.62, "Plan Rows": 1500000, "Plan Width": 153, "Actual Startup Time": 0.027, "Actual Total Time": 1087.097, "Actual Rows": 1500000, "Actual Loops": 1}]}]}, {"Node Type": "Hash", "Parent Relationship": "Inner", "Startup Cost": 1000000001262.5, "Total Cost": 1000000001262.5, "Plan Rows": 25, "Plan Width": 30, "Actual Startup Time": 0.051, "Actual Total Time": 0.051, "Actual Rows": 25, "Actual Loops": 1, "Hash Buckets": 32768, "Hash Batches": 1, "Original Hash Batches": 1, "Peak Memory Usage": 2, "Plans": [{"Node Type": "Index Scan", "Parent Relationship": "Outer", "Scan Direction": "Forward", "Index Name": "nation_pkey", "Relation Name": "nation", "Alias": "nation", "Startup Cost": 10000000000.0, "Total Cost": 1000000001262.5, "Plan Rows": 25, "Plan Width": 30, "Actual Startup Time": 0.021, "Actual Total Time": 0.036, "Actual Rows": 25, "Actual Loops": 1}]}]}]}]}]}, "Triggers": [], "Planner Runtime": 2, "Total Runtime": 60162.202, "Unique SQL Id": 1604070524}}, "(16, 80)": {"explain_plan": {"Plan": {"Node Type": "Limit", "Startup Cost": 3717442.55, "Total Cost": 3717442.6, "Plan Rows": 20, "Plan Width": 199, "Plans": [{"Node Type": "Sort", "Parent Relationship": "Outer", "Startup Cost": 3717442.55, "Total Cost": 3721057.3, "Plan Rows": 20, "Plan Width": 199, "Sort Key": ["(sum((lineitem.l_extendedprice * (1::double precision - lineitem.l_discount)))) DESC"], "Plans": [{"Node Type": "Aggregate", "Strategy": "Hashed", "Parent Relationship": "Outer", "Startup Cost": 3664508.75, "Total Cost": 3678967.73, "Plan Rows": 1445898, "Plan Width": 199, "Group By Key": ["customer.c_custkey", "customer.c_name", "customer.c_acctbal", "customer.c_phone", "nation.n_name", "customer.c_address", "customer.c_comment"], "Plans": [{"Node Type": "Nested Loop", "Parent Relationship": "Outer", "Join Type": "Inner", "Startup Cost": 503107.54, "Total Cost": 3628361.3, "Plan Rows": 1445898, "Plan Width": 191, "Inner Unique": false, "Plans": [{"Node Type": "Merge Join", "Parent Relationship": "Outer", "Join Type": "Inner", "Startup Cost": 503107.54, "Total Cost": 511743.85, "Plan Rows": 575746, "Plan Width": 183, "Inner Unique": false, "Merge Cond": "(nation.n_nationkey = customer.c_nationkey)", "Plans": [{"Node Type": "Sort", "Parent Relationship": "Outer", "Startup Cost": 1.83, "Total Cost": 1.89, "Plan Rows": 25, "Plan Width": 30, "Sort Key": ["nation.n_nationkey"], "Plans": [{"Node Type": "Seq Scan", "Parent Relationship": "Outer", "Relation Name": "nation", "Alias": "nation", "Startup Cost": 0.0, "Total Cost": 1.25, "Plan Rows": 25, "Plan Width": 30}]}, {"Node Type": "Sort", "Parent Relationship": "Inner", "Startup Cost": 503105.7, "Total Cost": 504545.07, "Plan Rows": 575746, "Plan Width": 161, "Sort Key": ["customer.c_nationkey"], "Plans": [{"Node Type": "Merge Join", "Parent Relationship": "Outer", "Join Type": "Inner", "Startup Cost": 354871.86, "Total Cost": 448021.0, "Plan Rows": 575746, "Plan Width": 161, "Inner Unique": false, "Merge Cond": "(customer.c_custkey = orders.o_custkey)", "Plans": [{"Node Type": "Index Scan", "Parent Relationship": "Outer", "Scan Direction": "Forward", "Index Name": "customer_pkey", "Relation Name": "customer", "Alias": "customer", "Startup Cost": 0.0, "Total Cost": 80765.36, "Plan Rows": 1500000, "Plan Width": 153}, {"Node Type": "Sort", "Parent Relationship": "Inner", "Startup Cost": 354869.55, "Total Cost": 356308.91, "Plan Rows": 575746, "Plan Width": 16, "Sort Key": ["orders.o_custkey"], "Plans": [{"Node Type": "Bitmap Heap Scan", "Parent Relationship": "Outer", "Relation Name": "orders", "Alias": "orders", "Startup Cost": 14729.65, "Total Cost": 299784.84, "Plan Rows": 575746, "Plan Width": 16, "Recheck Cond": "((o_orderdate >= '1993-08-01 00:00:00'::timestamp(0) without time zone) AND (o_orderdate < '1993-11-01 00:00:00'::timestamp without time zone)), (LLVM Optimized)", "Plans": [{"Node Type": "Bitmap Index Scan", "Parent Relationship": "Outer", "Index Name": "idx_orders_orderdate", "Startup Cost": 0.0, "Total Cost": 14585.71, "Plan Rows": 575746, "Plan Width": 0, "Index Cond": "((o_orderdate >= '1993-08-01 00:00:00'::timestamp(0) without time zone) AND (o_orderdate < '1993-11-01 00:00:00'::timestamp without time zone))"}]}]}]}]}]}, {"Node Type": "Index Scan", "Parent Relationship": "Inner", "Scan Direction": "Forward", "Index Name": "idx_lineitem_orderkey", "Relation Name": "lineitem", "Alias": "lineitem", "Startup Cost": 0.0, "Total Cost": 5.38, "Plan Rows": 3, "Plan Width": 24, "Index Cond": "(l_orderkey = orders.o_orderkey)", "Filter": "(l_returnflag = 'R'::bpchar)"}]}]}]}]}, "Unique SQL Id": 1604070524, "Planner Runtime": 1}, "explain_analyze_plan": {"Plan": {"Node Type": "Limit", "Startup Cost": 3717442.55, "Total Cost": 3717442.6, "Plan Rows": 20, "Plan Width": 199, "Actual Startup Time": 13086.458, "Actual Total Time": 13086.464, "Actual Rows": 20, "Actual Loops": 1, "Plans": [{"Node Type": "Sort", "Parent Relationship": "Outer", "Startup Cost": 3717442.55, "Total Cost": 3721057.3, "Plan Rows": 20, "Plan Width": 199, "Actual Startup Time": 13086.457, "Actual Total Time": 13086.461, "Actual Rows": 20, "Actual Loops": 1, "Sort Key": ["(sum((lineitem.l_extendedprice * (1::double precision - lineitem.l_discount)))) DESC"], "Sort Method": "top-N heapsort", "Sort Space Used": 35, "Sort Space Type": "Memory", "Plans": [{"Node Type": "Aggregate", "Strategy": "Hashed", "Parent Relationship": "Outer", "Startup Cost": 3664508.75, "Total Cost": 3678967.73, "Plan Rows": 1445898, "Plan Width": 199, "Actual Startup Time": 12724.118, "Actual Total Time": 12951.752, "Actual Rows": 381542, "Actual Loops": 1, "Group By Key": ["customer.c_custkey", "customer.c_name", "customer.c_acctbal", "customer.c_phone", "nation.n_name", "customer.c_address", "customer.c_comment"], "Plans": [{"Node Type": "Nested Loop", "Parent Relationship": "Outer", "Join Type": "Inner", "Startup Cost": 503107.54, "Total Cost": 3628361.3, "Plan Rows": 1445898, "Plan Width": 191, "Actual Startup Time": 3214.314, "Actual Total Time": 10988.666, "Actual Rows": 1145969, "Actual Loops": 1, "Inner Unique": false, "Plans": [{"Node Type": "Merge Join", "Parent Relationship": "Outer", "Join Type": "Inner", "Startup Cost": 503107.54, "Total Cost": 511743.85, "Plan Rows": 575746, "Plan Width": 183, "Actual Startup Time": 3214.245, "Actual Total Time": 3604.817, "Actual Rows": 573635, "Actual Loops": 1, "Inner Unique": false, "Merge Cond": "(nation.n_nationkey = customer.c_nationkey)", "Plans": [{"Node Type": "Sort", "Parent Relationship": "Outer", "Startup Cost": 1.83, "Total Cost": 1.89, "Plan Rows": 25, "Plan Width": 30, "Actual Startup Time": 0.142, "Actual Total Time": 0.173, "Actual Rows": 25, "Actual Loops": 1, "Sort Key": ["nation.n_nationkey"], "Sort Method": "quicksort", "Sort Space Used": 27, "Sort Space Type": "Memory", "Plans": [{"Node Type": "Seq Scan", "Parent Relationship": "Outer", "Relation Name": "nation", "Alias": "nation", "Startup Cost": 0.0, "Total Cost": 1.25, "Plan Rows": 25, "Plan Width": 30, "Actual Startup Time": 0.015, "Actual Total Time": 0.022, "Actual Rows": 25, "Actual Loops": 1}]}, {"Node Type": "Sort", "Parent Relationship": "Inner", "Startup Cost": 503105.7, "Total Cost": 504545.07, "Plan Rows": 575746, "Plan Width": 161, "Actual Startup Time": 3214.09, "Actual Total Time": 3355.387, "Actual Rows": 573635, "Actual Loops": 1, "Sort Key": ["customer.c_nationkey"], "Sort Method": "quicksort", "Sort Space Used": 185911, "Sort Space Type": "Memory", "Plans": [{"Node Type": "Merge Join", "Parent Relationship": "Outer", "Join Type": "Inner", "Startup Cost": 354871.86, "Total Cost": 448021.0, "Plan Rows": 575746, "Plan Width": 161, "Actual Startup Time": 1373.616, "Actual Total Time": 2926.408, "Actual Rows": 573635, "Actual Loops": 1, "Inner Unique": false, "Merge Cond": "(customer.c_custkey = orders.o_custkey)", "Plans": [{"Node Type": "Index Scan", "Parent Relationship": "Outer", "Scan Direction": "Forward", "Index Name": "customer_pkey", "Relation Name": "customer", "Alias": "customer", "Startup Cost": 0.0, "Total Cost": 80765.36, "Plan Rows": 1500000, "Plan Width": 153, "Actual Startup Time": 0.026, "Actual Total Time": 950.592, "Actual Rows": 1499999, "Actual Loops": 1}, {"Node Type": "Sort", "Parent Relationship": "Inner", "Startup Cost": 354869.55, "Total Cost": 356308.91, "Plan Rows": 575746, "Plan Width": 16, "Actual Startup Time": 1373.579, "Actual Total Time": 1504.216, "Actual Rows": 573635, "Actual Loops": 1, "Sort Key": ["orders.o_custkey"], "Sort Method": "quicksort", "Sort Space Used": 78355, "Sort Space Type": "Memory", "Plans": [{"Node Type": "Bitmap Heap Scan", "Parent Relationship": "Outer", "Relation Name": "orders", "Alias": "orders", "Startup Cost": 14729.65, "Total Cost": 299784.84, "Plan Rows": 575746, "Plan Width": 16, "Actual Startup Time": 259.051, "Actual Total Time": 1130.352, "Actual Rows": 573635, "Actual Loops": 1, "Recheck Cond": "((o_orderdate >= '1993-08-01 00:00:00'::timestamp(0) without time zone) AND (o_orderdate < '1993-11-01 00:00:00'::timestamp without time zone)), (LLVM Optimized, Jit Execute)", "Rows Removed by Index Recheck": 0, "Exact Heap Blocks": 242860, "Lossy Heap Blocks": 242860, "Plans": [{"Node Type": "Bitmap Index Scan", "Parent Relationship": "Outer", "Index Name": "idx_orders_orderdate", "Startup Cost": 0.0, "Total Cost": 14585.71, "Plan Rows": 575746, "Plan Width": 0, "Actual Startup Time": 181.246, "Actual Total Time": 181.246, "Actual Rows": 573635, "Actual Loops": 1, "Index Cond": "((o_orderdate >= '1993-08-01 00:00:00'::timestamp(0) without time zone) AND (o_orderdate < '1993-11-01 00:00:00'::timestamp without time zone))"}]}]}]}]}]}, {"Node Type": "Index Scan", "Parent Relationship": "Inner", "Scan Direction": "Forward", "Index Name": "idx_lineitem_orderkey", "Relation Name": "lineitem", "Alias": "lineitem", "Startup Cost": 0.0, "Total Cost": 5.38, "Plan Rows": 3, "Plan Width": 24, "Actual Startup Time": 5568.792, "Actual Total Time": 6778.552, "Actual Rows": 1145969, "Actual Loops": 573635, "Index Cond": "(l_orderkey = orders.o_orderkey)", "Rows Removed by Index Recheck": 0, "Filter": "(l_returnflag = 'R'::bpchar)", "Rows Removed by Filter": 1146896}]}]}]}]}, "Triggers": [], "Planner Runtime": 1, "Total Runtime": 13096.989, "Unique SQL Id": 1604070524}}, "(16, 81)": {"explain_plan": {"Plan": {"Node Type": "Limit", "Startup Cost": 3717453.28, "Total Cost": 3717453.33, "Plan Rows": 20, "Plan Width": 199, "Plans": [{"Node Type": "Sort", "Parent Relationship": "Outer", "Startup Cost": 3717453.28, "Total Cost": 3721068.03, "Plan Rows": 20, "Plan Width": 199, "Sort Key": ["(sum((lineitem.l_extendedprice * (1::double precision - lineitem.l_discount)))) DESC"], "Plans": [{"Node Type": "Aggregate", "Strategy": "Hashed", "Parent Relationship": "Outer", "Startup Cost": 3664519.48, "Total Cost": 3678978.46, "Plan Rows": 1445898, "Plan Width": 199, "Group By Key": ["customer.c_custkey", "customer.c_name", "customer.c_acctbal", "customer.c_phone", "nation.n_name", "customer.c_address", "customer.c_comment"], "Plans": [{"Node Type": "Nested Loop", "Parent Relationship": "Outer", "Join Type": "Inner", "Startup Cost": 503105.7, "Total Cost": 3628372.03, "Plan Rows": 1445898, "Plan Width": 191, "Inner Unique": false, "Plans": [{"Node Type": "Merge Join", "Parent Relationship": "Outer", "Join Type": "Inner", "Startup Cost": 503105.7, "Total Cost": 511754.58, "Plan Rows": 575746, "Plan Width": 183, "Inner Unique": false, "Merge Cond": "(nation.n_nationkey = customer.c_nationkey)", "Plans": [{"Node Type": "Index Scan", "Parent Relationship": "Outer", "Scan Direction": "Forward", "Index Name": "nation_pkey", "Relation Name": "nation", "Alias": "nation", "Startup Cost": 0.0, "Total Cost": 12.62, "Plan Rows": 25, "Plan Width": 30}, {"Node Type": "Sort", "Parent Relationship": "Inner", "Startup Cost": 503105.7, "Total Cost": 504545.07, "Plan Rows": 575746, "Plan Width": 161, "Sort Key": ["customer.c_nationkey"], "Plans": [{"Node Type": "Merge Join", "Parent Relationship": "Outer", "Join Type": "Inner", "Startup Cost": 354871.86, "Total Cost": 448021.0, "Plan Rows": 575746, "Plan Width": 161, "Inner Unique": false, "Merge Cond": "(customer.c_custkey = orders.o_custkey)", "Plans": [{"Node Type": "Index Scan", "Parent Relationship": "Outer", "Scan Direction": "Forward", "Index Name": "customer_pkey", "Relation Name": "customer", "Alias": "customer", "Startup Cost": 0.0, "Total Cost": 80765.36, "Plan Rows": 1500000, "Plan Width": 153}, {"Node Type": "Sort", "Parent Relationship": "Inner", "Startup Cost": 354869.55, "Total Cost": 356308.91, "Plan Rows": 575746, "Plan Width": 16, "Sort Key": ["orders.o_custkey"], "Plans": [{"Node Type": "Bitmap Heap Scan", "Parent Relationship": "Outer", "Relation Name": "orders", "Alias": "orders", "Startup Cost": 14729.65, "Total Cost": 299784.84, "Plan Rows": 575746, "Plan Width": 16, "Recheck Cond": "((o_orderdate >= '1993-08-01 00:00:00'::timestamp(0) without time zone) AND (o_orderdate < '1993-11-01 00:00:00'::timestamp without time zone)), (LLVM Optimized)", "Plans": [{"Node Type": "Bitmap Index Scan", "Parent Relationship": "Outer", "Index Name": "idx_orders_orderdate", "Startup Cost": 0.0, "Total Cost": 14585.71, "Plan Rows": 575746, "Plan Width": 0, "Index Cond": "((o_orderdate >= '1993-08-01 00:00:00'::timestamp(0) without time zone) AND (o_orderdate < '1993-11-01 00:00:00'::timestamp without time zone))"}]}]}]}]}]}, {"Node Type": "Index Scan", "Parent Relationship": "Inner", "Scan Direction": "Forward", "Index Name": "idx_lineitem_orderkey", "Relation Name": "lineitem", "Alias": "lineitem", "Startup Cost": 0.0, "Total Cost": 5.38, "Plan Rows": 3, "Plan Width": 24, "Index Cond": "(l_orderkey = orders.o_orderkey)", "Filter": "(l_returnflag = 'R'::bpchar)"}]}]}]}]}, "Unique SQL Id": 1604070524, "Planner Runtime": 1}, "explain_analyze_plan": {"Plan": {"Node Type": "Limit", "Startup Cost": 3717453.28, "Total Cost": 3717453.33, "Plan Rows": 20, "Plan Width": 199, "Actual Startup Time": 13130.889, "Actual Total Time": 13130.894, "Actual Rows": 20, "Actual Loops": 1, "Plans": [{"Node Type": "Sort", "Parent Relationship": "Outer", "Startup Cost": 3717453.28, "Total Cost": 3721068.03, "Plan Rows": 20, "Plan Width": 199, "Actual Startup Time": 13130.887, "Actual Total Time": 13130.888, "Actual Rows": 20, "Actual Loops": 1, "Sort Key": ["(sum((lineitem.l_extendedprice * (1::double precision - lineitem.l_discount)))) DESC"], "Sort Method": "top-N heapsort", "Sort Space Used": 35, "Sort Space Type": "Memory", "Plans": [{"Node Type": "Aggregate", "Strategy": "Hashed", "Parent Relationship": "Outer", "Startup Cost": 3664519.48, "Total Cost": 3678978.46, "Plan Rows": 1445898, "Plan Width": 199, "Actual Startup Time": 12759.194, "Actual Total Time": 12994.995, "Actual Rows": 381542, "Actual Loops": 1, "Group By Key": ["customer.c_custkey", "customer.c_name", "customer.c_acctbal", "customer.c_phone", "nation.n_name", "customer.c_address", "customer.c_comment"], "Plans": [{"Node Type": "Nested Loop", "Parent Relationship": "Outer", "Join Type": "Inner", "Startup Cost": 503105.7, "Total Cost": 3628372.03, "Plan Rows": 1445898, "Plan Width": 191, "Actual Startup Time": 3231.838, "Actual Total Time": 11027.263, "Actual Rows": 1145969, "Actual Loops": 1, "Inner Unique": false, "Plans": [{"Node Type": "Merge Join", "Parent Relationship": "Outer", "Join Type": "Inner", "Startup Cost": 503105.7, "Total Cost": 511754.58, "Plan Rows": 575746, "Plan Width": 183, "Actual Startup Time": 3231.757, "Actual Total Time": 3647.744, "Actual Rows": 573635, "Actual Loops": 1, "Inner Unique": false, "Merge Cond": "(nation.n_nationkey = customer.c_nationkey)", "Plans": [{"Node Type": "Index Scan", "Parent Relationship": "Outer", "Scan Direction": "Forward", "Index Name": "nation_pkey", "Relation Name": "nation", "Alias": "nation", "Startup Cost": 0.0, "Total Cost": 12.62, "Plan Rows": 25, "Plan Width": 30, "Actual Startup Time": 0.019, "Actual Total Time": 0.087, "Actual Rows": 25, "Actual Loops": 1}, {"Node Type": "Sort", "Parent Relationship": "Inner", "Startup Cost": 503105.7, "Total Cost": 504545.07, "Plan Rows": 575746, "Plan Width": 161, "Actual Startup Time": 3231.724, "Actual Total Time": 3379.447, "Actual Rows": 573635, "Actual Loops": 1, "Sort Key": ["customer.c_nationkey"], "Sort Method": "quicksort", "Sort Space Used": 185911, "Sort Space Type": "Memory", "Plans": [{"Node Type": "Merge Join", "Parent Relationship": "Outer", "Join Type": "Inner", "Startup Cost": 354871.86, "Total Cost": 448021.0, "Plan Rows": 575746, "Plan Width": 161, "Actual Startup Time": 1383.632, "Actual Total Time": 2948.066, "Actual Rows": 573635, "Actual Loops": 1, "Inner Unique": false, "Merge Cond": "(customer.c_custkey = orders.o_custkey)", "Plans": [{"Node Type": "Index Scan", "Parent Relationship": "Outer", "Scan Direction": "Forward", "Index Name": "customer_pkey", "Relation Name": "customer", "Alias": "customer", "Startup Cost": 0.0, "Total Cost": 80765.36, "Plan Rows": 1500000, "Plan Width": 153, "Actual Startup Time": 0.023, "Actual Total Time": 962.484, "Actual Rows": 1499999, "Actual Loops": 1}, {"Node Type": "Sort", "Parent Relationship": "Inner", "Startup Cost": 354869.55, "Total Cost": 356308.91, "Plan Rows": 575746, "Plan Width": 16, "Actual Startup Time": 1383.598, "Actual Total Time": 1515.734, "Actual Rows": 573635, "Actual Loops": 1, "Sort Key": ["orders.o_custkey"], "Sort Method": "quicksort", "Sort Space Used": 78355, "Sort Space Type": "Memory", "Plans": [{"Node Type": "Bitmap Heap Scan", "Parent Relationship": "Outer", "Relation Name": "orders", "Alias": "orders", "Startup Cost": 14729.65, "Total Cost": 299784.84, "Plan Rows": 575746, "Plan Width": 16, "Actual Startup Time": 259.928, "Actual Total Time": 1135.763, "Actual Rows": 573635, "Actual Loops": 1, "Recheck Cond": "((o_orderdate >= '1993-08-01 00:00:00'::timestamp(0) without time zone) AND (o_orderdate < '1993-11-01 00:00:00'::timestamp without time zone)), (LLVM Optimized, Jit Execute)", "Rows Removed by Index Recheck": 0, "Exact Heap Blocks": 242860, "Lossy Heap Blocks": 242860, "Plans": [{"Node Type": "Bitmap Index Scan", "Parent Relationship": "Outer", "Index Name": "idx_orders_orderdate", "Startup Cost": 0.0, "Total Cost": 14585.71, "Plan Rows": 575746, "Plan Width": 0, "Actual Startup Time": 182.848, "Actual Total Time": 182.848, "Actual Rows": 573635, "Actual Loops": 1, "Index Cond": "((o_orderdate >= '1993-08-01 00:00:00'::timestamp(0) without time zone) AND (o_orderdate < '1993-11-01 00:00:00'::timestamp without time zone))"}]}]}]}]}]}, {"Node Type": "Index Scan", "Parent Relationship": "Inner", "Scan Direction": "Forward", "Index Name": "idx_lineitem_orderkey", "Relation Name": "lineitem", "Alias": "lineitem", "Startup Cost": 0.0, "Total Cost": 5.38, "Plan Rows": 3, "Plan Width": 24, "Actual Startup Time": 5552.29, "Actual Total Time": 6777.628, "Actual Rows": 1145969, "Actual Loops": 573635, "Index Cond": "(l_orderkey = orders.o_orderkey)", "Rows Removed by Index Recheck": 0, "Filter": "(l_returnflag = 'R'::bpchar)", "Rows Removed by Filter": 1146896}]}]}]}]}, "Triggers": [], "Planner Runtime": 1, "Total Runtime": 13141.43, "Unique SQL Id": 1604070524}}, "(16, 82)": {"explain_plan": {"Plan": {"Node Type": "Limit", "Startup Cost": 4808550.36, "Total Cost": 4808550.41, "Plan Rows": 20, "Plan Width": 199, "Plans": [{"Node Type": "Sort", "Parent Relationship": "Outer", "Startup Cost": 4808550.36, "Total Cost": 4812165.1, "Plan Rows": 20, "Plan Width": 199, "Sort Key": ["(sum((lineitem.l_extendedprice * (1::double precision - lineitem.l_discount)))) DESC"], "Plans": [{"Node Type": "Aggregate", "Strategy": "Hashed", "Parent Relationship": "Outer", "Startup Cost": 4755616.55, "Total Cost": 4770075.53, "Plan Rows": 1445898, "Plan Width": 199, "Group By Key": ["customer.c_custkey", "customer.c_name", "customer.c_acctbal", "customer.c_phone", "nation.n_name", "customer.c_address", "customer.c_comment"], "Plans": [{"Node Type": "Merge Join", "Parent Relationship": "Outer", "Join Type": "Inner", "Startup Cost": 4627956.66, "Total Cost": 4719469.1, "Plan Rows": 1445898, "Plan Width": 191, "Inner Unique": false, "Merge Cond": "(orders.o_orderkey = lineitem.l_orderkey)", "Plans": [{"Node Type": "Sort", "Parent Relationship": "Outer", "Startup Cost": 695813.19, "Total Cost": 697252.55, "Plan Rows": 575746, "Plan Width": 183, "Sort Key": ["orders.o_orderkey"], "Plans": [{"Node Type": "Merge Join", "Parent Relationship": "Outer", "Join Type": "Inner", "Startup Cost": 632092.16, "Total Cost": 640728.48, "Plan Rows": 575746, "Plan Width": 183, "Inner Unique": false, "Merge Cond": "(nation.n_nationkey = customer.c_nationkey)", "Plans": [{"Node Type": "Sort", "Parent Relationship": "Outer", "Startup Cost": 1.83, "Total Cost": 1.89, "Plan Rows": 25, "Plan Width": 30, "Sort Key": ["nation.n_nationkey"], "Plans": [{"Node Type": "Seq Scan", "Parent Relationship": "Outer", "Relation Name": "nation", "Alias": "nation", "Startup Cost": 0.0, "Total Cost": 1.25, "Plan Rows": 25, "Plan Width": 30}]}, {"Node Type": "Sort", "Parent Relationship": "Inner", "Startup Cost": 632090.33, "Total Cost": 633529.7, "Plan Rows": 575746, "Plan Width": 161, "Sort Key": ["customer.c_nationkey"], "Plans": [{"Node Type": "Merge Join", "Parent Relationship": "Outer", "Join Type": "Inner", "Startup Cost": 560869.73, "Total Cost": 577005.62, "Plan Rows": 575746, "Plan Width": 161, "Inner Unique": false, "Merge Cond": "(customer.c_custkey = orders.o_custkey)", "Plans": [{"Node Type": "Sort", "Parent Relationship": "Outer", "Startup Cost": 205999.98, "Total Cost": 209749.98, "Plan Rows": 1500000, "Plan Width": 153, "Sort Key": ["customer.c_custkey"], "Plans": [{"Node Type": "Seq Scan", "Parent Relationship": "Outer", "Relation Name": "customer", "Alias": "customer", "Startup Cost": 0.0, "Total Cost": 52126.0, "Plan Rows": 1500000, "Plan Width": 153}]}, {"Node Type": "Sort", "Parent Relationship": "Inner", "Startup Cost": 354869.55, "Total Cost": 356308.91, "Plan Rows": 575746, "Plan Width": 16, "Sort Key": ["orders.o_custkey"], "Plans": [{"Node Type": "Bitmap Heap Scan", "Parent Relationship": "Outer", "Relation Name": "orders", "Alias": "orders", "Startup Cost": 14729.65, "Total Cost": 299784.84, "Plan Rows": 575746, "Plan Width": 16, "Recheck Cond": "((o_orderdate >= '1993-08-01 00:00:00'::timestamp(0) without time zone) AND (o_orderdate < '1993-11-01 00:00:00'::timestamp without time zone)), (LLVM Optimized)", "Plans": [{"Node Type": "Bitmap Index Scan", "Parent Relationship": "Outer", "Index Name": "idx_orders_orderdate", "Startup Cost": 0.0, "Total Cost": 14585.71, "Plan Rows": 575746, "Plan Width": 0, "Index Cond": "((o_orderdate >= '1993-08-01 00:00:00'::timestamp(0) without time zone) AND (o_orderdate < '1993-11-01 00:00:00'::timestamp without time zone))"}]}]}]}]}]}]}, {"Node Type": "Sort", "Parent Relationship": "Inner", "Startup Cost": 3932143.37, "Total Cost": 3969231.39, "Plan Rows": 14835209, "Plan Width": 24, "Sort Key": ["lineitem.l_orderkey"], "Plans": [{"Node Type": "Seq Scan", "Parent Relationship": "Outer", "Relation Name": "lineitem", "Alias": "lineitem", "Startup Cost": 0.0, "Total Cost": 2165082.91, "Plan Rows": 14835209, "Plan Width": 24, "Filter": "(l_returnflag = 'R'::bpchar), (LLVM Optimized)"}]}]}]}]}]}, "Unique SQL Id": 1604070524, "Planner Runtime": 1}, "explain_analyze_plan": {"Plan": {"Node Type": "Limit", "Startup Cost": 4808550.36, "Total Cost": 4808550.41, "Plan Rows": 20, "Plan Width": 199, "Actual Startup Time": 39001.686, "Actual Total Time": 39001.692, "Actual Rows": 20, "Actual Loops": 1, "Plans": [{"Node Type": "Sort", "Parent Relationship": "Outer", "Startup Cost": 4808550.36, "Total Cost": 4812165.1, "Plan Rows": 20, "Plan Width": 199, "Actual Startup Time": 39001.683, "Actual Total Time": 39001.687, "Actual Rows": 20, "Actual Loops": 1, "Sort Key": ["(sum((lineitem.l_extendedprice * (1::double precision - lineitem.l_discount)))) DESC"], "Sort Method": "top-N heapsort", "Sort Space Used": 35, "Sort Space Type": "Memory", "Plans": [{"Node Type": "Aggregate", "Strategy": "Hashed", "Parent Relationship": "Outer", "Startup Cost": 4755616.55, "Total Cost": 4770075.53, "Plan Rows": 1445898, "Plan Width": 199, "Actual Startup Time": 38649.199, "Actual Total Time": 38868.832, "Actual Rows": 381542, "Actual Loops": 1, "Group By Key": ["customer.c_custkey", "customer.c_name", "customer.c_acctbal", "customer.c_phone", "nation.n_name", "customer.c_address", "customer.c_comment"], "Plans": [{"Node Type": "Merge Join", "Parent Relationship": "Outer", "Join Type": "Inner", "Startup Cost": 4627956.66, "Total Cost": 4719469.1, "Plan Rows": 1445898, "Plan Width": 191, "Actual Startup Time": 31667.983, "Actual Total Time": 37009.509, "Actual Rows": 1145969, "Actual Loops": 1, "Inner Unique": false, "Merge Cond": "(orders.o_orderkey = lineitem.l_orderkey)", "Plans": [{"Node Type": "Sort", "Parent Relationship": "Outer", "Startup Cost": 695813.19, "Total Cost": 697252.55, "Plan Rows": 575746, "Plan Width": 183, "Actual Startup Time": 4427.0, "Actual Total Time": 4592.073, "Actual Rows": 573635, "Actual Loops": 1, "Sort Key": ["orders.o_orderkey"], "Sort Method": "quicksort", "Sort Space Used": 199246, "Sort Space Type": "Memory", "Plans": [{"Node Type": "Merge Join", "Parent Relationship": "Outer", "Join Type": "Inner", "Startup Cost": 632092.16, "Total Cost": 640728.48, "Plan Rows": 575746, "Plan Width": 183, "Actual Startup Time": 3739.459, "Actual Total Time": 4099.071, "Actual Rows": 573635, "Actual Loops": 1, "Inner Unique": false, "Merge Cond": "(nation.n_nationkey = customer.c_nationkey)", "Plans": [{"Node Type": "Sort", "Parent Relationship": "Outer", "Startup Cost": 1.83, "Total Cost": 1.89, "Plan Rows": 25, "Plan Width": 30, "Actual Startup Time": 0.044, "Actual Total Time": 0.06, "Actual Rows": 25, "Actual Loops": 1, "Sort Key": ["nation.n_nationkey"], "Sort Method": "quicksort", "Sort Space Used": 27, "Sort Space Type": "Memory", "Plans": [{"Node Type": "Seq Scan", "Parent Relationship": "Outer", "Relation Name": "nation", "Alias": "nation", "Startup Cost": 0.0, "Total Cost": 1.25, "Plan Rows": 25, "Plan Width": 30, "Actual Startup Time": 0.02, "Actual Total Time": 0.029, "Actual Rows": 25, "Actual Loops": 1}]}, {"Node Type": "Sort", "Parent Relationship": "Inner", "Startup Cost": 632090.33, "Total Cost": 633529.7, "Plan Rows": 575746, "Plan Width": 161, "Actual Startup Time": 3739.4, "Actual Total Time": 3865.145, "Actual Rows": 573635, "Actual Loops": 1, "Sort Key": ["customer.c_nationkey"], "Sort Method": "quicksort", "Sort Space Used": 185911, "Sort Space Type": "Memory", "Plans": [{"Node Type": "Merge Join", "Parent Relationship": "Outer", "Join Type": "Inner", "Startup Cost": 560869.73, "Total Cost": 577005.62, "Plan Rows": 575746, "Plan Width": 161, "Actual Startup Time": 2544.142, "Actual Total Time": 3469.589, "Actual Rows": 573635, "Actual Loops": 1, "Inner Unique": false, "Merge Cond": "(customer.c_custkey = orders.o_custkey)", "Plans": [{"Node Type": "Sort", "Parent Relationship": "Outer", "Startup Cost": 205999.98, "Total Cost": 209749.98, "Plan Rows": 1500000, "Plan Width": 153, "Actual Startup Time": 1272.248, "Actual Total Time": 1555.71, "Actual Rows": 1499999, "Actual Loops": 1, "Sort Key": ["customer.c_custkey"], "Sort Method": "quicksort", "Sort Space Used": 470340, "Sort Space Type": "Memory", "Plans": [{"Node Type": "Seq Scan", "Parent Relationship": "Outer", "Relation Name": "customer", "Alias": "customer", "Startup Cost": 0.0, "Total Cost": 52126.0, "Plan Rows": 1500000, "Plan Width": 153, "Actual Startup Time": 0.014, "Actual Total Time": 563.367, "Actual Rows": 1500000, "Actual Loops": 1}]}, {"Node Type": "Sort", "Parent Relationship": "Inner", "Startup Cost": 354869.55, "Total Cost": 356308.91, "Plan Rows": 575746, "Plan Width": 16, "Actual Startup Time": 1271.879, "Actual Total Time": 1411.427, "Actual Rows": 573635, "Actual Loops": 1, "Sort Key": ["orders.o_custkey"], "Sort Method": "quicksort", "Sort Space Used": 78355, "Sort Space Type": "Memory", "Plans": [{"Node Type": "Bitmap Heap Scan", "Parent Relationship": "Outer", "Relation Name": "orders", "Alias": "orders", "Startup Cost": 14729.65, "Total Cost": 299784.84, "Plan Rows": 575746, "Plan Width": 16, "Actual Startup Time": 280.545, "Actual Total Time": 1033.407, "Actual Rows": 573635, "Actual Loops": 1, "Recheck Cond": "((o_orderdate >= '1993-08-01 00:00:00'::timestamp(0) without time zone) AND (o_orderdate < '1993-11-01 00:00:00'::timestamp without time zone)), (LLVM Optimized, Jit Execute)", "Rows Removed by Index Recheck": 0, "Exact Heap Blocks": 242860, "Lossy Heap Blocks": 242860, "Plans": [{"Node Type": "Bitmap Index Scan", "Parent Relationship": "Outer", "Index Name": "idx_orders_orderdate", "Startup Cost": 0.0, "Total Cost": 14585.71, "Plan Rows": 575746, "Plan Width": 0, "Actual Startup Time": 200.144, "Actual Total Time": 200.144, "Actual Rows": 573635, "Actual Loops": 1, "Index Cond": "((o_orderdate >= '1993-08-01 00:00:00'::timestamp(0) without time zone) AND (o_orderdate < '1993-11-01 00:00:00'::timestamp without time zone))"}]}]}]}]}]}]}, {"Node Type": "Sort", "Parent Relationship": "Inner", "Startup Cost": 3932143.37, "Total Cost": 3969231.39, "Plan Rows": 14835209, "Plan Width": 24, "Actual Startup Time": 27240.957, "Actual Total Time": 29453.449, "Actual Rows": 14808182, "Actual Loops": 1, "Sort Key": ["lineitem.l_orderkey"], "Sort Method": "quicksort", "Sort Space Used": 1781484, "Sort Space Type": "Memory", "Plans": [{"Node Type": "Seq Scan", "Parent Relationship": "Outer", "Relation Name": "lineitem", "Alias": "lineitem", "Startup Cost": 0.0, "Total Cost": 2165082.91, "Plan Rows": 14835209, "Plan Width": 24, "Actual Startup Time": 0.052, "Actual Total Time": 22367.832, "Actual Rows": 14808183, "Actual Loops": 1, "Filter": "(l_returnflag = 'R'::bpchar), (LLVM Optimized, Jit Execute)", "Rows Removed by Filter": 45177869}]}]}]}]}]}, "Triggers": [], "Planner Runtime": 1, "Total Runtime": 39012.48, "Unique SQL Id": 1604070524}}, "(16, 83)": {"explain_plan": {"Plan": {"Node Type": "Limit", "Startup Cost": 13443415.76, "Total Cost": 13443415.81, "Plan Rows": 20, "Plan Width": 199, "Plans": [{"Node Type": "Sort", "Parent Relationship": "Outer", "Startup Cost": 13443415.76, "Total Cost": 13447030.51, "Plan Rows": 20, "Plan Width": 199, "Sort Key": ["(sum((lineitem.l_extendedprice * (1::double precision - lineitem.l_discount)))) DESC"], "Plans": [{"Node Type": "Aggregate", "Strategy": "Hashed", "Parent Relationship": "Outer", "Startup Cost": 13390481.96, "Total Cost": 13404940.94, "Plan Rows": 1445898, "Plan Width": 199, "Group By Key": ["customer.c_custkey", "customer.c_name", "customer.c_acctbal", "customer.c_phone", "nation.n_name", "customer.c_address", "customer.c_comment"], "Plans": [{"Node Type": "Nested Loop", "Parent Relationship": "Outer", "Join Type": "Inner", "Startup Cost": 14732.12, "Total Cost": 13354334.51, "Plan Rows": 1445898, "Plan Width": 191, "Inner Unique": false, "Plans": [{"Node Type": "Nested Loop", "Parent Relationship": "Outer", "Join Type": "Inner", "Startup Cost": 14730.2, "Total Cost": 5249597.54, "Plan Rows": 575746, "Plan Width": 183, "Inner Unique": true, "Plans": [{"Node Type": "Nested Loop", "Parent Relationship": "Outer", "Join Type": "Inner", "Startup Cost": 14729.94, "Total Cost": 2785257.65, "Plan Rows": 575746, "Plan Width": 161, "Inner Unique": true, "Plans": [{"Node Type": "Bitmap Heap Scan", "Parent Relationship": "Outer", "Relation Name": "orders", "Alias": "orders", "Startup Cost": 14729.65, "Total Cost": 299784.84, "Plan Rows": 575746, "Plan Width": 16, "Recheck Cond": "((o_orderdate >= '1993-08-01 00:00:00'::timestamp(0) without time zone) AND (o_orderdate < '1993-11-01 00:00:00'::timestamp without time zone)), (LLVM Optimized)", "Plans": [{"Node Type": "Bitmap Index Scan", "Parent Relationship": "Outer", "Index Name": "idx_orders_orderdate", "Startup Cost": 0.0, "Total Cost": 14585.71, "Plan Rows": 575746, "Plan Width": 0, "Index Cond": "((o_orderdate >= '1993-08-01 00:00:00'::timestamp(0) without time zone) AND (o_orderdate < '1993-11-01 00:00:00'::timestamp without time zone))"}]}, {"Node Type": "Bitmap Heap Scan", "Parent Relationship": "Inner", "Relation Name": "customer", "Alias": "customer", "Startup Cost": 0.29, "Total Cost": 4.31, "Plan Rows": 1, "Plan Width": 153, "Recheck Cond": "(c_custkey = orders.o_custkey)", "Plans": [{"Node Type": "Bitmap Index Scan", "Parent Relationship": "Outer", "Index Name": "customer_pkey", "Startup Cost": 0.0, "Total Cost": 0.29, "Plan Rows": 1, "Plan Width": 0, "Index Cond": "(c_custkey = orders.o_custkey)"}]}]}, {"Node Type": "Bitmap Heap Scan", "Parent Relationship": "Inner", "Relation Name": "nation", "Alias": "nation", "Startup Cost": 0.26, "Total Cost": 4.27, "Plan Rows": 1, "Plan Width": 30, "Recheck Cond": "(n_nationkey = customer.c_nationkey)", "Plans": [{"Node Type": "Bitmap Index Scan", "Parent Relationship": "Outer", "Index Name": "nation_pkey", "Startup Cost": 0.0, "Total Cost": 0.26, "Plan Rows": 1, "Plan Width": 0, "Index Cond": "(n_nationkey = customer.c_nationkey)"}]}]}, {"Node Type": "Bitmap Heap Scan", "Parent Relationship": "Inner", "Relation Name": "lineitem", "Alias": "lineitem", "Startup Cost": 1.93, "Total Cost": 14.05, "Plan Rows": 3, "Plan Width": 24, "Recheck Cond": "(l_orderkey = orders.o_orderkey)", "Filter": "(l_returnflag = 'R'::bpchar)", "Plans": [{"Node Type": "Bitmap Index Scan", "Parent Relationship": "Outer", "Index Name": "idx_lineitem_orderkey", "Startup Cost": 0.0, "Total Cost": 1.92, "Plan Rows": 9, "Plan Width": 0, "Index Cond": "(l_orderkey = orders.o_orderkey)"}]}]}]}]}]}, "Unique SQL Id": 1604070524, "Planner Runtime": 1}, "explain_analyze_plan": {"Plan": {"Node Type": "Limit", "Startup Cost": 13443415.76, "Total Cost": 13443415.81, "Plan Rows": 20, "Plan Width": 199, "Actual Startup Time": 17339.241, "Actual Total Time": 17339.252, "Actual Rows": 20, "Actual Loops": 1, "Plans": [{"Node Type": "Sort", "Parent Relationship": "Outer", "Startup Cost": 13443415.76, "Total Cost": 13447030.51, "Plan Rows": 20, "Plan Width": 199, "Actual Startup Time": 17339.239, "Actual Total Time": 17339.248, "Actual Rows": 20, "Actual Loops": 1, "Sort Key": ["(sum((lineitem.l_extendedprice * (1::double precision - lineitem.l_discount)))) DESC"], "Sort Method": "top-N heapsort", "Sort Space Used": 35, "Sort Space Type": "Memory", "Plans": [{"Node Type": "Aggregate", "Strategy": "Hashed", "Parent Relationship": "Outer", "Startup Cost": 13390481.96, "Total Cost": 13404940.94, "Plan Rows": 1445898, "Plan Width": 199, "Actual Startup Time": 16948.804, "Actual Total Time": 17203.575, "Actual Rows": 381542, "Actual Loops": 1, "Group By Key": ["customer.c_custkey", "customer.c_name", "customer.c_acctbal", "customer.c_phone", "nation.n_name", "customer.c_address", "customer.c_comment"], "Plans": [{"Node Type": "Nested Loop", "Parent Relationship": "Outer", "Join Type": "Inner", "Startup Cost": 14732.12, "Total Cost": 13354334.51, "Plan Rows": 1445898, "Plan Width": 191, "Actual Startup Time": 243.383, "Actual Total Time": 14979.756, "Actual Rows": 1145969, "Actual Loops": 1, "Inner Unique": false, "Plans": [{"Node Type": "Nested Loop", "Parent Relationship": "Outer", "Join Type": "Inner", "Startup Cost": 14730.2, "Total Cost": 5249597.54, "Plan Rows": 575746, "Plan Width": 183, "Actual Startup Time": 243.33, "Actual Total Time": 8554.709, "Actual Rows": 573635, "Actual Loops": 1, "Inner Unique": true, "Plans": [{"Node Type": "Nested Loop", "Parent Relationship": "Outer", "Join Type": "Inner", "Startup Cost": 14729.94, "Total Cost": 2785257.65, "Plan Rows": 575746, "Plan Width": 161, "Actual Startup Time": 243.278, "Actual Total Time": 6365.155, "Actual Rows": 573635, "Actual Loops": 1, "Inner Unique": true, "Plans": [{"Node Type": "Bitmap Heap Scan", "Parent Relationship": "Outer", "Relation Name": "orders", "Alias": "orders", "Startup Cost": 14729.65, "Total Cost": 299784.84, "Plan Rows": 575746, "Plan Width": 16, "Actual Startup Time": 243.054, "Actual Total Time": 1186.231, "Actual Rows": 573635, "Actual Loops": 1, "Recheck Cond": "((o_orderdate >= '1993-08-01 00:00:00'::timestamp(0) without time zone) AND (o_orderdate < '1993-11-01 00:00:00'::timestamp without time zone)), (LLVM Optimized, Jit Execute)", "Rows Removed by Index Recheck": 0, "Exact Heap Blocks": 242860, "Lossy Heap Blocks": 242860, "Plans": [{"Node Type": "Bitmap Index Scan", "Parent Relationship": "Outer", "Index Name": "idx_orders_orderdate", "Startup Cost": 0.0, "Total Cost": 14585.71, "Plan Rows": 575746, "Plan Width": 0, "Actual Startup Time": 167.646, "Actual Total Time": 167.646, "Actual Rows": 573635, "Actual Loops": 1, "Index Cond": "((o_orderdate >= '1993-08-01 00:00:00'::timestamp(0) without time zone) AND (o_orderdate < '1993-11-01 00:00:00'::timestamp without time zone))"}]}, {"Node Type": "Bitmap Heap Scan", "Parent Relationship": "Inner", "Relation Name": "customer", "Alias": "customer", "Startup Cost": 0.29, "Total Cost": 4.31, "Plan Rows": 1, "Plan Width": 153, "Actual Startup Time": 4298.917, "Actual Total Time": 4298.917, "Actual Rows": 573635, "Actual Loops": 573635, "Recheck Cond": "(c_custkey = orders.o_custkey)", "Rows Removed by Index Recheck": 0, "Exact Heap Blocks": 573635, "Lossy Heap Blocks": 573635, "Plans": [{"Node Type": "Bitmap Index Scan", "Parent Relationship": "Outer", "Index Name": "customer_pkey", "Startup Cost": 0.0, "Total Cost": 0.29, "Plan Rows": 1, "Plan Width": 0, "Actual Startup Time": 2605.74, "Actual Total Time": 2605.74, "Actual Rows": 573635, "Actual Loops": 573635, "Index Cond": "(c_custkey = orders.o_custkey)"}]}]}, {"Node Type": "Bitmap Heap Scan", "Parent Relationship": "Inner", "Relation Name": "nation", "Alias": "nation", "Startup Cost": 0.26, "Total Cost": 4.27, "Plan Rows": 1, "Plan Width": 30, "Actual Startup Time": 1394.855, "Actual Total Time": 1394.855, "Actual Rows": 573635, "Actual Loops": 573635, "Recheck Cond": "(n_nationkey = customer.c_nationkey)", "Rows Removed by Index Recheck": 0, "Exact Heap Blocks": 573635, "Lossy Heap Blocks": 573635, "Plans": [{"Node Type": "Bitmap Index Scan", "Parent Relationship": "Outer", "Index Name": "nation_pkey", "Startup Cost": 0.0, "Total Cost": 0.26, "Plan Rows": 1, "Plan Width": 0, "Actual Startup Time": 610.88, "Actual Total Time": 610.88, "Actual Rows": 573635, "Actual Loops": 573635, "Index Cond": "(n_nationkey = customer.c_nationkey)"}]}]}, {"Node Type": "Bitmap Heap Scan", "Parent Relationship": "Inner", "Relation Name": "lineitem", "Alias": "lineitem", "Startup Cost": 1.93, "Total Cost": 14.05, "Plan Rows": 3, "Plan Width": 24, "Actual Startup Time": 4948.946, "Actual Total Time": 5481.054, "Actual Rows": 1145969, "Actual Loops": 573635, "Recheck Cond": "(l_orderkey = orders.o_orderkey)", "Rows Removed by Index Recheck": 0, "Filter": "(l_returnflag = 'R'::bpchar)", "Rows Removed by Filter": 1146896, "Exact Heap Blocks": 614400, "Lossy Heap Blocks": 614400, "Plans": [{"Node Type": "Bitmap Index Scan", "Parent Relationship": "Outer", "Index Name": "idx_lineitem_orderkey", "Startup Cost": 0.0, "Total Cost": 1.92, "Plan Rows": 9, "Plan Width": 0, "Actual Startup Time": 2525.585, "Actual Total Time": 2525.585, "Actual Rows": 2292865, "Actual Loops": 573635, "Index Cond": "(l_orderkey = orders.o_orderkey)"}]}]}]}]}]}, "Triggers": [], "Planner Runtime": 1, "Total Runtime": 17349.86, "Unique SQL Id": 1604070524}}, "(16, 84)": {"explain_plan": {"Plan": {"Node Type": "Limit", "Startup Cost": 3717442.55, "Total Cost": 3717442.6, "Plan Rows": 20, "Plan Width": 199, "Plans": [{"Node Type": "Sort", "Parent Relationship": "Outer", "Startup Cost": 3717442.55, "Total Cost": 3721057.3, "Plan Rows": 20, "Plan Width": 199, "Sort Key": ["(sum((lineitem.l_extendedprice * (1::double precision - lineitem.l_discount)))) DESC"], "Plans": [{"Node Type": "Aggregate", "Strategy": "Hashed", "Parent Relationship": "Outer", "Startup Cost": 3664508.75, "Total Cost": 3678967.73, "Plan Rows": 1445898, "Plan Width": 199, "Group By Key": ["customer.c_custkey", "customer.c_name", "customer.c_acctbal", "customer.c_phone", "nation.n_name", "customer.c_address", "customer.c_comment"], "Plans": [{"Node Type": "Nested Loop", "Parent Relationship": "Outer", "Join Type": "Inner", "Startup Cost": 503107.54, "Total Cost": 3628361.3, "Plan Rows": 1445898, "Plan Width": 191, "Inner Unique": false, "Plans": [{"Node Type": "Merge Join", "Parent Relationship": "Outer", "Join Type": "Inner", "Startup Cost": 503107.54, "Total Cost": 511743.85, "Plan Rows": 575746, "Plan Width": 183, "Inner Unique": false, "Merge Cond": "(nation.n_nationkey = customer.c_nationkey)", "Plans": [{"Node Type": "Sort", "Parent Relationship": "Outer", "Startup Cost": 1.83, "Total Cost": 1.89, "Plan Rows": 25, "Plan Width": 30, "Sort Key": ["nation.n_nationkey"], "Plans": [{"Node Type": "Seq Scan", "Parent Relationship": "Outer", "Relation Name": "nation", "Alias": "nation", "Startup Cost": 0.0, "Total Cost": 1.25, "Plan Rows": 25, "Plan Width": 30}]}, {"Node Type": "Sort", "Parent Relationship": "Inner", "Startup Cost": 503105.7, "Total Cost": 504545.07, "Plan Rows": 575746, "Plan Width": 161, "Sort Key": ["customer.c_nationkey"], "Plans": [{"Node Type": "Merge Join", "Parent Relationship": "Outer", "Join Type": "Inner", "Startup Cost": 354871.86, "Total Cost": 448021.0, "Plan Rows": 575746, "Plan Width": 161, "Inner Unique": false, "Merge Cond": "(customer.c_custkey = orders.o_custkey)", "Plans": [{"Node Type": "Index Scan", "Parent Relationship": "Outer", "Scan Direction": "Forward", "Index Name": "customer_pkey", "Relation Name": "customer", "Alias": "customer", "Startup Cost": 0.0, "Total Cost": 80765.36, "Plan Rows": 1500000, "Plan Width": 153}, {"Node Type": "Sort", "Parent Relationship": "Inner", "Startup Cost": 354869.55, "Total Cost": 356308.91, "Plan Rows": 575746, "Plan Width": 16, "Sort Key": ["orders.o_custkey"], "Plans": [{"Node Type": "Bitmap Heap Scan", "Parent Relationship": "Outer", "Relation Name": "orders", "Alias": "orders", "Startup Cost": 14729.65, "Total Cost": 299784.84, "Plan Rows": 575746, "Plan Width": 16, "Recheck Cond": "((o_orderdate >= '1993-08-01 00:00:00'::timestamp(0) without time zone) AND (o_orderdate < '1993-11-01 00:00:00'::timestamp without time zone)), (LLVM Optimized)", "Plans": [{"Node Type": "Bitmap Index Scan", "Parent Relationship": "Outer", "Index Name": "idx_orders_orderdate", "Startup Cost": 0.0, "Total Cost": 14585.71, "Plan Rows": 575746, "Plan Width": 0, "Index Cond": "((o_orderdate >= '1993-08-01 00:00:00'::timestamp(0) without time zone) AND (o_orderdate < '1993-11-01 00:00:00'::timestamp without time zone))"}]}]}]}]}]}, {"Node Type": "Index Scan", "Parent Relationship": "Inner", "Scan Direction": "Forward", "Index Name": "idx_lineitem_orderkey", "Relation Name": "lineitem", "Alias": "lineitem", "Startup Cost": 0.0, "Total Cost": 5.38, "Plan Rows": 3, "Plan Width": 24, "Index Cond": "(l_orderkey = orders.o_orderkey)", "Filter": "(l_returnflag = 'R'::bpchar)"}]}]}]}]}, "Unique SQL Id": 1604070524, "Planner Runtime": 1}, "explain_analyze_plan": {"Plan": {"Node Type": "Limit", "Startup Cost": 3717442.55, "Total Cost": 3717442.6, "Plan Rows": 20, "Plan Width": 199, "Actual Startup Time": 13086.458, "Actual Total Time": 13086.464, "Actual Rows": 20, "Actual Loops": 1, "Plans": [{"Node Type": "Sort", "Parent Relationship": "Outer", "Startup Cost": 3717442.55, "Total Cost": 3721057.3, "Plan Rows": 20, "Plan Width": 199, "Actual Startup Time": 13086.457, "Actual Total Time": 13086.461, "Actual Rows": 20, "Actual Loops": 1, "Sort Key": ["(sum((lineitem.l_extendedprice * (1::double precision - lineitem.l_discount)))) DESC"], "Sort Method": "top-N heapsort", "Sort Space Used": 35, "Sort Space Type": "Memory", "Plans": [{"Node Type": "Aggregate", "Strategy": "Hashed", "Parent Relationship": "Outer", "Startup Cost": 3664508.75, "Total Cost": 3678967.73, "Plan Rows": 1445898, "Plan Width": 199, "Actual Startup Time": 12724.118, "Actual Total Time": 12951.752, "Actual Rows": 381542, "Actual Loops": 1, "Group By Key": ["customer.c_custkey", "customer.c_name", "customer.c_acctbal", "customer.c_phone", "nation.n_name", "customer.c_address", "customer.c_comment"], "Plans": [{"Node Type": "Nested Loop", "Parent Relationship": "Outer", "Join Type": "Inner", "Startup Cost": 503107.54, "Total Cost": 3628361.3, "Plan Rows": 1445898, "Plan Width": 191, "Actual Startup Time": 3214.314, "Actual Total Time": 10988.666, "Actual Rows": 1145969, "Actual Loops": 1, "Inner Unique": false, "Plans": [{"Node Type": "Merge Join", "Parent Relationship": "Outer", "Join Type": "Inner", "Startup Cost": 503107.54, "Total Cost": 511743.85, "Plan Rows": 575746, "Plan Width": 183, "Actual Startup Time": 3214.245, "Actual Total Time": 3604.817, "Actual Rows": 573635, "Actual Loops": 1, "Inner Unique": false, "Merge Cond": "(nation.n_nationkey = customer.c_nationkey)", "Plans": [{"Node Type": "Sort", "Parent Relationship": "Outer", "Startup Cost": 1.83, "Total Cost": 1.89, "Plan Rows": 25, "Plan Width": 30, "Actual Startup Time": 0.142, "Actual Total Time": 0.173, "Actual Rows": 25, "Actual Loops": 1, "Sort Key": ["nation.n_nationkey"], "Sort Method": "quicksort", "Sort Space Used": 27, "Sort Space Type": "Memory", "Plans": [{"Node Type": "Seq Scan", "Parent Relationship": "Outer", "Relation Name": "nation", "Alias": "nation", "Startup Cost": 0.0, "Total Cost": 1.25, "Plan Rows": 25, "Plan Width": 30, "Actual Startup Time": 0.015, "Actual Total Time": 0.022, "Actual Rows": 25, "Actual Loops": 1}]}, {"Node Type": "Sort", "Parent Relationship": "Inner", "Startup Cost": 503105.7, "Total Cost": 504545.07, "Plan Rows": 575746, "Plan Width": 161, "Actual Startup Time": 3214.09, "Actual Total Time": 3355.387, "Actual Rows": 573635, "Actual Loops": 1, "Sort Key": ["customer.c_nationkey"], "Sort Method": "quicksort", "Sort Space Used": 185911, "Sort Space Type": "Memory", "Plans": [{"Node Type": "Merge Join", "Parent Relationship": "Outer", "Join Type": "Inner", "Startup Cost": 354871.86, "Total Cost": 448021.0, "Plan Rows": 575746, "Plan Width": 161, "Actual Startup Time": 1373.616, "Actual Total Time": 2926.408, "Actual Rows": 573635, "Actual Loops": 1, "Inner Unique": false, "Merge Cond": "(customer.c_custkey = orders.o_custkey)", "Plans": [{"Node Type": "Index Scan", "Parent Relationship": "Outer", "Scan Direction": "Forward", "Index Name": "customer_pkey", "Relation Name": "customer", "Alias": "customer", "Startup Cost": 0.0, "Total Cost": 80765.36, "Plan Rows": 1500000, "Plan Width": 153, "Actual Startup Time": 0.026, "Actual Total Time": 950.592, "Actual Rows": 1499999, "Actual Loops": 1}, {"Node Type": "Sort", "Parent Relationship": "Inner", "Startup Cost": 354869.55, "Total Cost": 356308.91, "Plan Rows": 575746, "Plan Width": 16, "Actual Startup Time": 1373.579, "Actual Total Time": 1504.216, "Actual Rows": 573635, "Actual Loops": 1, "Sort Key": ["orders.o_custkey"], "Sort Method": "quicksort", "Sort Space Used": 78355, "Sort Space Type": "Memory", "Plans": [{"Node Type": "Bitmap Heap Scan", "Parent Relationship": "Outer", "Relation Name": "orders", "Alias": "orders", "Startup Cost": 14729.65, "Total Cost": 299784.84, "Plan Rows": 575746, "Plan Width": 16, "Actual Startup Time": 259.051, "Actual Total Time": 1130.352, "Actual Rows": 573635, "Actual Loops": 1, "Recheck Cond": "((o_orderdate >= '1993-08-01 00:00:00'::timestamp(0) without time zone) AND (o_orderdate < '1993-11-01 00:00:00'::timestamp without time zone)), (LLVM Optimized, Jit Execute)", "Rows Removed by Index Recheck": 0, "Exact Heap Blocks": 242860, "Lossy Heap Blocks": 242860, "Plans": [{"Node Type": "Bitmap Index Scan", "Parent Relationship": "Outer", "Index Name": "idx_orders_orderdate", "Startup Cost": 0.0, "Total Cost": 14585.71, "Plan Rows": 575746, "Plan Width": 0, "Actual Startup Time": 181.246, "Actual Total Time": 181.246, "Actual Rows": 573635, "Actual Loops": 1, "Index Cond": "((o_orderdate >= '1993-08-01 00:00:00'::timestamp(0) without time zone) AND (o_orderdate < '1993-11-01 00:00:00'::timestamp without time zone))"}]}]}]}]}]}, {"Node Type": "Index Scan", "Parent Relationship": "Inner", "Scan Direction": "Forward", "Index Name": "idx_lineitem_orderkey", "Relation Name": "lineitem", "Alias": "lineitem", "Startup Cost": 0.0, "Total Cost": 5.38, "Plan Rows": 3, "Plan Width": 24, "Actual Startup Time": 5568.792, "Actual Total Time": 6778.552, "Actual Rows": 1145969, "Actual Loops": 573635, "Index Cond": "(l_orderkey = orders.o_orderkey)", "Rows Removed by Index Recheck": 0, "Filter": "(l_returnflag = 'R'::bpchar)", "Rows Removed by Filter": 1146896}]}]}]}]}, "Triggers": [], "Planner Runtime": 1, "Total Runtime": 13096.989, "Unique SQL Id": 1604070524}}, "(16, 85)": {"explain_plan": {"Plan": {"Node Type": "Limit", "Startup Cost": 3717453.28, "Total Cost": 3717453.33, "Plan Rows": 20, "Plan Width": 199, "Plans": [{"Node Type": "Sort", "Parent Relationship": "Outer", "Startup Cost": 3717453.28, "Total Cost": 3721068.03, "Plan Rows": 20, "Plan Width": 199, "Sort Key": ["(sum((lineitem.l_extendedprice * (1::double precision - lineitem.l_discount)))) DESC"], "Plans": [{"Node Type": "Aggregate", "Strategy": "Hashed", "Parent Relationship": "Outer", "Startup Cost": 3664519.48, "Total Cost": 3678978.46, "Plan Rows": 1445898, "Plan Width": 199, "Group By Key": ["customer.c_custkey", "customer.c_name", "customer.c_acctbal", "customer.c_phone", "nation.n_name", "customer.c_address", "customer.c_comment"], "Plans": [{"Node Type": "Nested Loop", "Parent Relationship": "Outer", "Join Type": "Inner", "Startup Cost": 503105.7, "Total Cost": 3628372.03, "Plan Rows": 1445898, "Plan Width": 191, "Inner Unique": false, "Plans": [{"Node Type": "Merge Join", "Parent Relationship": "Outer", "Join Type": "Inner", "Startup Cost": 503105.7, "Total Cost": 511754.58, "Plan Rows": 575746, "Plan Width": 183, "Inner Unique": false, "Merge Cond": "(nation.n_nationkey = customer.c_nationkey)", "Plans": [{"Node Type": "Index Scan", "Parent Relationship": "Outer", "Scan Direction": "Forward", "Index Name": "nation_pkey", "Relation Name": "nation", "Alias": "nation", "Startup Cost": 0.0, "Total Cost": 12.62, "Plan Rows": 25, "Plan Width": 30}, {"Node Type": "Sort", "Parent Relationship": "Inner", "Startup Cost": 503105.7, "Total Cost": 504545.07, "Plan Rows": 575746, "Plan Width": 161, "Sort Key": ["customer.c_nationkey"], "Plans": [{"Node Type": "Merge Join", "Parent Relationship": "Outer", "Join Type": "Inner", "Startup Cost": 354871.86, "Total Cost": 448021.0, "Plan Rows": 575746, "Plan Width": 161, "Inner Unique": false, "Merge Cond": "(customer.c_custkey = orders.o_custkey)", "Plans": [{"Node Type": "Index Scan", "Parent Relationship": "Outer", "Scan Direction": "Forward", "Index Name": "customer_pkey", "Relation Name": "customer", "Alias": "customer", "Startup Cost": 0.0, "Total Cost": 80765.36, "Plan Rows": 1500000, "Plan Width": 153}, {"Node Type": "Sort", "Parent Relationship": "Inner", "Startup Cost": 354869.55, "Total Cost": 356308.91, "Plan Rows": 575746, "Plan Width": 16, "Sort Key": ["orders.o_custkey"], "Plans": [{"Node Type": "Bitmap Heap Scan", "Parent Relationship": "Outer", "Relation Name": "orders", "Alias": "orders", "Startup Cost": 14729.65, "Total Cost": 299784.84, "Plan Rows": 575746, "Plan Width": 16, "Recheck Cond": "((o_orderdate >= '1993-08-01 00:00:00'::timestamp(0) without time zone) AND (o_orderdate < '1993-11-01 00:00:00'::timestamp without time zone)), (LLVM Optimized)", "Plans": [{"Node Type": "Bitmap Index Scan", "Parent Relationship": "Outer", "Index Name": "idx_orders_orderdate", "Startup Cost": 0.0, "Total Cost": 14585.71, "Plan Rows": 575746, "Plan Width": 0, "Index Cond": "((o_orderdate >= '1993-08-01 00:00:00'::timestamp(0) without time zone) AND (o_orderdate < '1993-11-01 00:00:00'::timestamp without time zone))"}]}]}]}]}]}, {"Node Type": "Index Scan", "Parent Relationship": "Inner", "Scan Direction": "Forward", "Index Name": "idx_lineitem_orderkey", "Relation Name": "lineitem", "Alias": "lineitem", "Startup Cost": 0.0, "Total Cost": 5.38, "Plan Rows": 3, "Plan Width": 24, "Index Cond": "(l_orderkey = orders.o_orderkey)", "Filter": "(l_returnflag = 'R'::bpchar)"}]}]}]}]}, "Unique SQL Id": 1604070524, "Planner Runtime": 1}, "explain_analyze_plan": {"Plan": {"Node Type": "Limit", "Startup Cost": 3717453.28, "Total Cost": 3717453.33, "Plan Rows": 20, "Plan Width": 199, "Actual Startup Time": 13130.889, "Actual Total Time": 13130.894, "Actual Rows": 20, "Actual Loops": 1, "Plans": [{"Node Type": "Sort", "Parent Relationship": "Outer", "Startup Cost": 3717453.28, "Total Cost": 3721068.03, "Plan Rows": 20, "Plan Width": 199, "Actual Startup Time": 13130.887, "Actual Total Time": 13130.888, "Actual Rows": 20, "Actual Loops": 1, "Sort Key": ["(sum((lineitem.l_extendedprice * (1::double precision - lineitem.l_discount)))) DESC"], "Sort Method": "top-N heapsort", "Sort Space Used": 35, "Sort Space Type": "Memory", "Plans": [{"Node Type": "Aggregate", "Strategy": "Hashed", "Parent Relationship": "Outer", "Startup Cost": 3664519.48, "Total Cost": 3678978.46, "Plan Rows": 1445898, "Plan Width": 199, "Actual Startup Time": 12759.194, "Actual Total Time": 12994.995, "Actual Rows": 381542, "Actual Loops": 1, "Group By Key": ["customer.c_custkey", "customer.c_name", "customer.c_acctbal", "customer.c_phone", "nation.n_name", "customer.c_address", "customer.c_comment"], "Plans": [{"Node Type": "Nested Loop", "Parent Relationship": "Outer", "Join Type": "Inner", "Startup Cost": 503105.7, "Total Cost": 3628372.03, "Plan Rows": 1445898, "Plan Width": 191, "Actual Startup Time": 3231.838, "Actual Total Time": 11027.263, "Actual Rows": 1145969, "Actual Loops": 1, "Inner Unique": false, "Plans": [{"Node Type": "Merge Join", "Parent Relationship": "Outer", "Join Type": "Inner", "Startup Cost": 503105.7, "Total Cost": 511754.58, "Plan Rows": 575746, "Plan Width": 183, "Actual Startup Time": 3231.757, "Actual Total Time": 3647.744, "Actual Rows": 573635, "Actual Loops": 1, "Inner Unique": false, "Merge Cond": "(nation.n_nationkey = customer.c_nationkey)", "Plans": [{"Node Type": "Index Scan", "Parent Relationship": "Outer", "Scan Direction": "Forward", "Index Name": "nation_pkey", "Relation Name": "nation", "Alias": "nation", "Startup Cost": 0.0, "Total Cost": 12.62, "Plan Rows": 25, "Plan Width": 30, "Actual Startup Time": 0.019, "Actual Total Time": 0.087, "Actual Rows": 25, "Actual Loops": 1}, {"Node Type": "Sort", "Parent Relationship": "Inner", "Startup Cost": 503105.7, "Total Cost": 504545.07, "Plan Rows": 575746, "Plan Width": 161, "Actual Startup Time": 3231.724, "Actual Total Time": 3379.447, "Actual Rows": 573635, "Actual Loops": 1, "Sort Key": ["customer.c_nationkey"], "Sort Method": "quicksort", "Sort Space Used": 185911, "Sort Space Type": "Memory", "Plans": [{"Node Type": "Merge Join", "Parent Relationship": "Outer", "Join Type": "Inner", "Startup Cost": 354871.86, "Total Cost": 448021.0, "Plan Rows": 575746, "Plan Width": 161, "Actual Startup Time": 1383.632, "Actual Total Time": 2948.066, "Actual Rows": 573635, "Actual Loops": 1, "Inner Unique": false, "Merge Cond": "(customer.c_custkey = orders.o_custkey)", "Plans": [{"Node Type": "Index Scan", "Parent Relationship": "Outer", "Scan Direction": "Forward", "Index Name": "customer_pkey", "Relation Name": "customer", "Alias": "customer", "Startup Cost": 0.0, "Total Cost": 80765.36, "Plan Rows": 1500000, "Plan Width": 153, "Actual Startup Time": 0.023, "Actual Total Time": 962.484, "Actual Rows": 1499999, "Actual Loops": 1}, {"Node Type": "Sort", "Parent Relationship": "Inner", "Startup Cost": 354869.55, "Total Cost": 356308.91, "Plan Rows": 575746, "Plan Width": 16, "Actual Startup Time": 1383.598, "Actual Total Time": 1515.734, "Actual Rows": 573635, "Actual Loops": 1, "Sort Key": ["orders.o_custkey"], "Sort Method": "quicksort", "Sort Space Used": 78355, "Sort Space Type": "Memory", "Plans": [{"Node Type": "Bitmap Heap Scan", "Parent Relationship": "Outer", "Relation Name": "orders", "Alias": "orders", "Startup Cost": 14729.65, "Total Cost": 299784.84, "Plan Rows": 575746, "Plan Width": 16, "Actual Startup Time": 259.928, "Actual Total Time": 1135.763, "Actual Rows": 573635, "Actual Loops": 1, "Recheck Cond": "((o_orderdate >= '1993-08-01 00:00:00'::timestamp(0) without time zone) AND (o_orderdate < '1993-11-01 00:00:00'::timestamp without time zone)), (LLVM Optimized, Jit Execute)", "Rows Removed by Index Recheck": 0, "Exact Heap Blocks": 242860, "Lossy Heap Blocks": 242860, "Plans": [{"Node Type": "Bitmap Index Scan", "Parent Relationship": "Outer", "Index Name": "idx_orders_orderdate", "Startup Cost": 0.0, "Total Cost": 14585.71, "Plan Rows": 575746, "Plan Width": 0, "Actual Startup Time": 182.848, "Actual Total Time": 182.848, "Actual Rows": 573635, "Actual Loops": 1, "Index Cond": "((o_orderdate >= '1993-08-01 00:00:00'::timestamp(0) without time zone) AND (o_orderdate < '1993-11-01 00:00:00'::timestamp without time zone))"}]}]}]}]}]}, {"Node Type": "Index Scan", "Parent Relationship": "Inner", "Scan Direction": "Forward", "Index Name": "idx_lineitem_orderkey", "Relation Name": "lineitem", "Alias": "lineitem", "Startup Cost": 0.0, "Total Cost": 5.38, "Plan Rows": 3, "Plan Width": 24, "Actual Startup Time": 5552.29, "Actual Total Time": 6777.628, "Actual Rows": 1145969, "Actual Loops": 573635, "Index Cond": "(l_orderkey = orders.o_orderkey)", "Rows Removed by Index Recheck": 0, "Filter": "(l_returnflag = 'R'::bpchar)", "Rows Removed by Filter": 1146896}]}]}]}]}, "Triggers": [], "Planner Runtime": 1, "Total Runtime": 13141.43, "Unique SQL Id": 1604070524}}, "(16, 86)": {"explain_plan": {"Plan": {"Node Type": "Limit", "Startup Cost": 4808550.36, "Total Cost": 4808550.41, "Plan Rows": 20, "Plan Width": 199, "Plans": [{"Node Type": "Sort", "Parent Relationship": "Outer", "Startup Cost": 4808550.36, "Total Cost": 4812165.1, "Plan Rows": 20, "Plan Width": 199, "Sort Key": ["(sum((lineitem.l_extendedprice * (1::double precision - lineitem.l_discount)))) DESC"], "Plans": [{"Node Type": "Aggregate", "Strategy": "Hashed", "Parent Relationship": "Outer", "Startup Cost": 4755616.55, "Total Cost": 4770075.53, "Plan Rows": 1445898, "Plan Width": 199, "Group By Key": ["customer.c_custkey", "customer.c_name", "customer.c_acctbal", "customer.c_phone", "nation.n_name", "customer.c_address", "customer.c_comment"], "Plans": [{"Node Type": "Merge Join", "Parent Relationship": "Outer", "Join Type": "Inner", "Startup Cost": 4627956.66, "Total Cost": 4719469.1, "Plan Rows": 1445898, "Plan Width": 191, "Inner Unique": false, "Merge Cond": "(orders.o_orderkey = lineitem.l_orderkey)", "Plans": [{"Node Type": "Sort", "Parent Relationship": "Outer", "Startup Cost": 695813.19, "Total Cost": 697252.55, "Plan Rows": 575746, "Plan Width": 183, "Sort Key": ["orders.o_orderkey"], "Plans": [{"Node Type": "Merge Join", "Parent Relationship": "Outer", "Join Type": "Inner", "Startup Cost": 632092.16, "Total Cost": 640728.48, "Plan Rows": 575746, "Plan Width": 183, "Inner Unique": false, "Merge Cond": "(nation.n_nationkey = customer.c_nationkey)", "Plans": [{"Node Type": "Sort", "Parent Relationship": "Outer", "Startup Cost": 1.83, "Total Cost": 1.89, "Plan Rows": 25, "Plan Width": 30, "Sort Key": ["nation.n_nationkey"], "Plans": [{"Node Type": "Seq Scan", "Parent Relationship": "Outer", "Relation Name": "nation", "Alias": "nation", "Startup Cost": 0.0, "Total Cost": 1.25, "Plan Rows": 25, "Plan Width": 30}]}, {"Node Type": "Sort", "Parent Relationship": "Inner", "Startup Cost": 632090.33, "Total Cost": 633529.7, "Plan Rows": 575746, "Plan Width": 161, "Sort Key": ["customer.c_nationkey"], "Plans": [{"Node Type": "Merge Join", "Parent Relationship": "Outer", "Join Type": "Inner", "Startup Cost": 560869.73, "Total Cost": 577005.62, "Plan Rows": 575746, "Plan Width": 161, "Inner Unique": false, "Merge Cond": "(customer.c_custkey = orders.o_custkey)", "Plans": [{"Node Type": "Sort", "Parent Relationship": "Outer", "Startup Cost": 205999.98, "Total Cost": 209749.98, "Plan Rows": 1500000, "Plan Width": 153, "Sort Key": ["customer.c_custkey"], "Plans": [{"Node Type": "Seq Scan", "Parent Relationship": "Outer", "Relation Name": "customer", "Alias": "customer", "Startup Cost": 0.0, "Total Cost": 52126.0, "Plan Rows": 1500000, "Plan Width": 153}]}, {"Node Type": "Sort", "Parent Relationship": "Inner", "Startup Cost": 354869.55, "Total Cost": 356308.91, "Plan Rows": 575746, "Plan Width": 16, "Sort Key": ["orders.o_custkey"], "Plans": [{"Node Type": "Bitmap Heap Scan", "Parent Relationship": "Outer", "Relation Name": "orders", "Alias": "orders", "Startup Cost": 14729.65, "Total Cost": 299784.84, "Plan Rows": 575746, "Plan Width": 16, "Recheck Cond": "((o_orderdate >= '1993-08-01 00:00:00'::timestamp(0) without time zone) AND (o_orderdate < '1993-11-01 00:00:00'::timestamp without time zone)), (LLVM Optimized)", "Plans": [{"Node Type": "Bitmap Index Scan", "Parent Relationship": "Outer", "Index Name": "idx_orders_orderdate", "Startup Cost": 0.0, "Total Cost": 14585.71, "Plan Rows": 575746, "Plan Width": 0, "Index Cond": "((o_orderdate >= '1993-08-01 00:00:00'::timestamp(0) without time zone) AND (o_orderdate < '1993-11-01 00:00:00'::timestamp without time zone))"}]}]}]}]}]}]}, {"Node Type": "Sort", "Parent Relationship": "Inner", "Startup Cost": 3932143.37, "Total Cost": 3969231.39, "Plan Rows": 14835209, "Plan Width": 24, "Sort Key": ["lineitem.l_orderkey"], "Plans": [{"Node Type": "Seq Scan", "Parent Relationship": "Outer", "Relation Name": "lineitem", "Alias": "lineitem", "Startup Cost": 0.0, "Total Cost": 2165082.91, "Plan Rows": 14835209, "Plan Width": 24, "Filter": "(l_returnflag = 'R'::bpchar), (LLVM Optimized)"}]}]}]}]}]}, "Unique SQL Id": 1604070524, "Planner Runtime": 1}, "explain_analyze_plan": {"Plan": {"Node Type": "Limit", "Startup Cost": 4808550.36, "Total Cost": 4808550.41, "Plan Rows": 20, "Plan Width": 199, "Actual Startup Time": 39001.686, "Actual Total Time": 39001.692, "Actual Rows": 20, "Actual Loops": 1, "Plans": [{"Node Type": "Sort", "Parent Relationship": "Outer", "Startup Cost": 4808550.36, "Total Cost": 4812165.1, "Plan Rows": 20, "Plan Width": 199, "Actual Startup Time": 39001.683, "Actual Total Time": 39001.687, "Actual Rows": 20, "Actual Loops": 1, "Sort Key": ["(sum((lineitem.l_extendedprice * (1::double precision - lineitem.l_discount)))) DESC"], "Sort Method": "top-N heapsort", "Sort Space Used": 35, "Sort Space Type": "Memory", "Plans": [{"Node Type": "Aggregate", "Strategy": "Hashed", "Parent Relationship": "Outer", "Startup Cost": 4755616.55, "Total Cost": 4770075.53, "Plan Rows": 1445898, "Plan Width": 199, "Actual Startup Time": 38649.199, "Actual Total Time": 38868.832, "Actual Rows": 381542, "Actual Loops": 1, "Group By Key": ["customer.c_custkey", "customer.c_name", "customer.c_acctbal", "customer.c_phone", "nation.n_name", "customer.c_address", "customer.c_comment"], "Plans": [{"Node Type": "Merge Join", "Parent Relationship": "Outer", "Join Type": "Inner", "Startup Cost": 4627956.66, "Total Cost": 4719469.1, "Plan Rows": 1445898, "Plan Width": 191, "Actual Startup Time": 31667.983, "Actual Total Time": 37009.509, "Actual Rows": 1145969, "Actual Loops": 1, "Inner Unique": false, "Merge Cond": "(orders.o_orderkey = lineitem.l_orderkey)", "Plans": [{"Node Type": "Sort", "Parent Relationship": "Outer", "Startup Cost": 695813.19, "Total Cost": 697252.55, "Plan Rows": 575746, "Plan Width": 183, "Actual Startup Time": 4427.0, "Actual Total Time": 4592.073, "Actual Rows": 573635, "Actual Loops": 1, "Sort Key": ["orders.o_orderkey"], "Sort Method": "quicksort", "Sort Space Used": 199246, "Sort Space Type": "Memory", "Plans": [{"Node Type": "Merge Join", "Parent Relationship": "Outer", "Join Type": "Inner", "Startup Cost": 632092.16, "Total Cost": 640728.48, "Plan Rows": 575746, "Plan Width": 183, "Actual Startup Time": 3739.459, "Actual Total Time": 4099.071, "Actual Rows": 573635, "Actual Loops": 1, "Inner Unique": false, "Merge Cond": "(nation.n_nationkey = customer.c_nationkey)", "Plans": [{"Node Type": "Sort", "Parent Relationship": "Outer", "Startup Cost": 1.83, "Total Cost": 1.89, "Plan Rows": 25, "Plan Width": 30, "Actual Startup Time": 0.044, "Actual Total Time": 0.06, "Actual Rows": 25, "Actual Loops": 1, "Sort Key": ["nation.n_nationkey"], "Sort Method": "quicksort", "Sort Space Used": 27, "Sort Space Type": "Memory", "Plans": [{"Node Type": "Seq Scan", "Parent Relationship": "Outer", "Relation Name": "nation", "Alias": "nation", "Startup Cost": 0.0, "Total Cost": 1.25, "Plan Rows": 25, "Plan Width": 30, "Actual Startup Time": 0.02, "Actual Total Time": 0.029, "Actual Rows": 25, "Actual Loops": 1}]}, {"Node Type": "Sort", "Parent Relationship": "Inner", "Startup Cost": 632090.33, "Total Cost": 633529.7, "Plan Rows": 575746, "Plan Width": 161, "Actual Startup Time": 3739.4, "Actual Total Time": 3865.145, "Actual Rows": 573635, "Actual Loops": 1, "Sort Key": ["customer.c_nationkey"], "Sort Method": "quicksort", "Sort Space Used": 185911, "Sort Space Type": "Memory", "Plans": [{"Node Type": "Merge Join", "Parent Relationship": "Outer", "Join Type": "Inner", "Startup Cost": 560869.73, "Total Cost": 577005.62, "Plan Rows": 575746, "Plan Width": 161, "Actual Startup Time": 2544.142, "Actual Total Time": 3469.589, "Actual Rows": 573635, "Actual Loops": 1, "Inner Unique": false, "Merge Cond": "(customer.c_custkey = orders.o_custkey)", "Plans": [{"Node Type": "Sort", "Parent Relationship": "Outer", "Startup Cost": 205999.98, "Total Cost": 209749.98, "Plan Rows": 1500000, "Plan Width": 153, "Actual Startup Time": 1272.248, "Actual Total Time": 1555.71, "Actual Rows": 1499999, "Actual Loops": 1, "Sort Key": ["customer.c_custkey"], "Sort Method": "quicksort", "Sort Space Used": 470340, "Sort Space Type": "Memory", "Plans": [{"Node Type": "Seq Scan", "Parent Relationship": "Outer", "Relation Name": "customer", "Alias": "customer", "Startup Cost": 0.0, "Total Cost": 52126.0, "Plan Rows": 1500000, "Plan Width": 153, "Actual Startup Time": 0.014, "Actual Total Time": 563.367, "Actual Rows": 1500000, "Actual Loops": 1}]}, {"Node Type": "Sort", "Parent Relationship": "Inner", "Startup Cost": 354869.55, "Total Cost": 356308.91, "Plan Rows": 575746, "Plan Width": 16, "Actual Startup Time": 1271.879, "Actual Total Time": 1411.427, "Actual Rows": 573635, "Actual Loops": 1, "Sort Key": ["orders.o_custkey"], "Sort Method": "quicksort", "Sort Space Used": 78355, "Sort Space Type": "Memory", "Plans": [{"Node Type": "Bitmap Heap Scan", "Parent Relationship": "Outer", "Relation Name": "orders", "Alias": "orders", "Startup Cost": 14729.65, "Total Cost": 299784.84, "Plan Rows": 575746, "Plan Width": 16, "Actual Startup Time": 280.545, "Actual Total Time": 1033.407, "Actual Rows": 573635, "Actual Loops": 1, "Recheck Cond": "((o_orderdate >= '1993-08-01 00:00:00'::timestamp(0) without time zone) AND (o_orderdate < '1993-11-01 00:00:00'::timestamp without time zone)), (LLVM Optimized, Jit Execute)", "Rows Removed by Index Recheck": 0, "Exact Heap Blocks": 242860, "Lossy Heap Blocks": 242860, "Plans": [{"Node Type": "Bitmap Index Scan", "Parent Relationship": "Outer", "Index Name": "idx_orders_orderdate", "Startup Cost": 0.0, "Total Cost": 14585.71, "Plan Rows": 575746, "Plan Width": 0, "Actual Startup Time": 200.144, "Actual Total Time": 200.144, "Actual Rows": 573635, "Actual Loops": 1, "Index Cond": "((o_orderdate >= '1993-08-01 00:00:00'::timestamp(0) without time zone) AND (o_orderdate < '1993-11-01 00:00:00'::timestamp without time zone))"}]}]}]}]}]}]}, {"Node Type": "Sort", "Parent Relationship": "Inner", "Startup Cost": 3932143.37, "Total Cost": 3969231.39, "Plan Rows": 14835209, "Plan Width": 24, "Actual Startup Time": 27240.957, "Actual Total Time": 29453.449, "Actual Rows": 14808182, "Actual Loops": 1, "Sort Key": ["lineitem.l_orderkey"], "Sort Method": "quicksort", "Sort Space Used": 1781484, "Sort Space Type": "Memory", "Plans": [{"Node Type": "Seq Scan", "Parent Relationship": "Outer", "Relation Name": "lineitem", "Alias": "lineitem", "Startup Cost": 0.0, "Total Cost": 2165082.91, "Plan Rows": 14835209, "Plan Width": 24, "Actual Startup Time": 0.052, "Actual Total Time": 22367.832, "Actual Rows": 14808183, "Actual Loops": 1, "Filter": "(l_returnflag = 'R'::bpchar), (LLVM Optimized, Jit Execute)", "Rows Removed by Filter": 45177869}]}]}]}]}]}, "Triggers": [], "Planner Runtime": 1, "Total Runtime": 39012.48, "Unique SQL Id": 1604070524}}, "(16, 87)": {"explain_plan": {"Plan": {"Node Type": "Limit", "Startup Cost": 13443415.76, "Total Cost": 13443415.81, "Plan Rows": 20, "Plan Width": 199, "Plans": [{"Node Type": "Sort", "Parent Relationship": "Outer", "Startup Cost": 13443415.76, "Total Cost": 13447030.51, "Plan Rows": 20, "Plan Width": 199, "Sort Key": ["(sum((lineitem.l_extendedprice * (1::double precision - lineitem.l_discount)))) DESC"], "Plans": [{"Node Type": "Aggregate", "Strategy": "Hashed", "Parent Relationship": "Outer", "Startup Cost": 13390481.96, "Total Cost": 13404940.94, "Plan Rows": 1445898, "Plan Width": 199, "Group By Key": ["customer.c_custkey", "customer.c_name", "customer.c_acctbal", "customer.c_phone", "nation.n_name", "customer.c_address", "customer.c_comment"], "Plans": [{"Node Type": "Nested Loop", "Parent Relationship": "Outer", "Join Type": "Inner", "Startup Cost": 14732.12, "Total Cost": 13354334.51, "Plan Rows": 1445898, "Plan Width": 191, "Inner Unique": false, "Plans": [{"Node Type": "Nested Loop", "Parent Relationship": "Outer", "Join Type": "Inner", "Startup Cost": 14730.2, "Total Cost": 5249597.54, "Plan Rows": 575746, "Plan Width": 183, "Inner Unique": true, "Plans": [{"Node Type": "Nested Loop", "Parent Relationship": "Outer", "Join Type": "Inner", "Startup Cost": 14729.94, "Total Cost": 2785257.65, "Plan Rows": 575746, "Plan Width": 161, "Inner Unique": true, "Plans": [{"Node Type": "Bitmap Heap Scan", "Parent Relationship": "Outer", "Relation Name": "orders", "Alias": "orders", "Startup Cost": 14729.65, "Total Cost": 299784.84, "Plan Rows": 575746, "Plan Width": 16, "Recheck Cond": "((o_orderdate >= '1993-08-01 00:00:00'::timestamp(0) without time zone) AND (o_orderdate < '1993-11-01 00:00:00'::timestamp without time zone)), (LLVM Optimized)", "Plans": [{"Node Type": "Bitmap Index Scan", "Parent Relationship": "Outer", "Index Name": "idx_orders_orderdate", "Startup Cost": 0.0, "Total Cost": 14585.71, "Plan Rows": 575746, "Plan Width": 0, "Index Cond": "((o_orderdate >= '1993-08-01 00:00:00'::timestamp(0) without time zone) AND (o_orderdate < '1993-11-01 00:00:00'::timestamp without time zone))"}]}, {"Node Type": "Bitmap Heap Scan", "Parent Relationship": "Inner", "Relation Name": "customer", "Alias": "customer", "Startup Cost": 0.29, "Total Cost": 4.31, "Plan Rows": 1, "Plan Width": 153, "Recheck Cond": "(c_custkey = orders.o_custkey)", "Plans": [{"Node Type": "Bitmap Index Scan", "Parent Relationship": "Outer", "Index Name": "customer_pkey", "Startup Cost": 0.0, "Total Cost": 0.29, "Plan Rows": 1, "Plan Width": 0, "Index Cond": "(c_custkey = orders.o_custkey)"}]}]}, {"Node Type": "Bitmap Heap Scan", "Parent Relationship": "Inner", "Relation Name": "nation", "Alias": "nation", "Startup Cost": 0.26, "Total Cost": 4.27, "Plan Rows": 1, "Plan Width": 30, "Recheck Cond": "(n_nationkey = customer.c_nationkey)", "Plans": [{"Node Type": "Bitmap Index Scan", "Parent Relationship": "Outer", "Index Name": "nation_pkey", "Startup Cost": 0.0, "Total Cost": 0.26, "Plan Rows": 1, "Plan Width": 0, "Index Cond": "(n_nationkey = customer.c_nationkey)"}]}]}, {"Node Type": "Bitmap Heap Scan", "Parent Relationship": "Inner", "Relation Name": "lineitem", "Alias": "lineitem", "Startup Cost": 1.93, "Total Cost": 14.05, "Plan Rows": 3, "Plan Width": 24, "Recheck Cond": "(l_orderkey = orders.o_orderkey)", "Filter": "(l_returnflag = 'R'::bpchar)", "Plans": [{"Node Type": "Bitmap Index Scan", "Parent Relationship": "Outer", "Index Name": "idx_lineitem_orderkey", "Startup Cost": 0.0, "Total Cost": 1.92, "Plan Rows": 9, "Plan Width": 0, "Index Cond": "(l_orderkey = orders.o_orderkey)"}]}]}]}]}]}, "Unique SQL Id": 1604070524, "Planner Runtime": 1}, "explain_analyze_plan": {"Plan": {"Node Type": "Limit", "Startup Cost": 13443415.76, "Total Cost": 13443415.81, "Plan Rows": 20, "Plan Width": 199, "Actual Startup Time": 17339.241, "Actual Total Time": 17339.252, "Actual Rows": 20, "Actual Loops": 1, "Plans": [{"Node Type": "Sort", "Parent Relationship": "Outer", "Startup Cost": 13443415.76, "Total Cost": 13447030.51, "Plan Rows": 20, "Plan Width": 199, "Actual Startup Time": 17339.239, "Actual Total Time": 17339.248, "Actual Rows": 20, "Actual Loops": 1, "Sort Key": ["(sum((lineitem.l_extendedprice * (1::double precision - lineitem.l_discount)))) DESC"], "Sort Method": "top-N heapsort", "Sort Space Used": 35, "Sort Space Type": "Memory", "Plans": [{"Node Type": "Aggregate", "Strategy": "Hashed", "Parent Relationship": "Outer", "Startup Cost": 13390481.96, "Total Cost": 13404940.94, "Plan Rows": 1445898, "Plan Width": 199, "Actual Startup Time": 16948.804, "Actual Total Time": 17203.575, "Actual Rows": 381542, "Actual Loops": 1, "Group By Key": ["customer.c_custkey", "customer.c_name", "customer.c_acctbal", "customer.c_phone", "nation.n_name", "customer.c_address", "customer.c_comment"], "Plans": [{"Node Type": "Nested Loop", "Parent Relationship": "Outer", "Join Type": "Inner", "Startup Cost": 14732.12, "Total Cost": 13354334.51, "Plan Rows": 1445898, "Plan Width": 191, "Actual Startup Time": 243.383, "Actual Total Time": 14979.756, "Actual Rows": 1145969, "Actual Loops": 1, "Inner Unique": false, "Plans": [{"Node Type": "Nested Loop", "Parent Relationship": "Outer", "Join Type": "Inner", "Startup Cost": 14730.2, "Total Cost": 5249597.54, "Plan Rows": 575746, "Plan Width": 183, "Actual Startup Time": 243.33, "Actual Total Time": 8554.709, "Actual Rows": 573635, "Actual Loops": 1, "Inner Unique": true, "Plans": [{"Node Type": "Nested Loop", "Parent Relationship": "Outer", "Join Type": "Inner", "Startup Cost": 14729.94, "Total Cost": 2785257.65, "Plan Rows": 575746, "Plan Width": 161, "Actual Startup Time": 243.278, "Actual Total Time": 6365.155, "Actual Rows": 573635, "Actual Loops": 1, "Inner Unique": true, "Plans": [{"Node Type": "Bitmap Heap Scan", "Parent Relationship": "Outer", "Relation Name": "orders", "Alias": "orders", "Startup Cost": 14729.65, "Total Cost": 299784.84, "Plan Rows": 575746, "Plan Width": 16, "Actual Startup Time": 243.054, "Actual Total Time": 1186.231, "Actual Rows": 573635, "Actual Loops": 1, "Recheck Cond": "((o_orderdate >= '1993-08-01 00:00:00'::timestamp(0) without time zone) AND (o_orderdate < '1993-11-01 00:00:00'::timestamp without time zone)), (LLVM Optimized, Jit Execute)", "Rows Removed by Index Recheck": 0, "Exact Heap Blocks": 242860, "Lossy Heap Blocks": 242860, "Plans": [{"Node Type": "Bitmap Index Scan", "Parent Relationship": "Outer", "Index Name": "idx_orders_orderdate", "Startup Cost": 0.0, "Total Cost": 14585.71, "Plan Rows": 575746, "Plan Width": 0, "Actual Startup Time": 167.646, "Actual Total Time": 167.646, "Actual Rows": 573635, "Actual Loops": 1, "Index Cond": "((o_orderdate >= '1993-08-01 00:00:00'::timestamp(0) without time zone) AND (o_orderdate < '1993-11-01 00:00:00'::timestamp without time zone))"}]}, {"Node Type": "Bitmap Heap Scan", "Parent Relationship": "Inner", "Relation Name": "customer", "Alias": "customer", "Startup Cost": 0.29, "Total Cost": 4.31, "Plan Rows": 1, "Plan Width": 153, "Actual Startup Time": 4298.917, "Actual Total Time": 4298.917, "Actual Rows": 573635, "Actual Loops": 573635, "Recheck Cond": "(c_custkey = orders.o_custkey)", "Rows Removed by Index Recheck": 0, "Exact Heap Blocks": 573635, "Lossy Heap Blocks": 573635, "Plans": [{"Node Type": "Bitmap Index Scan", "Parent Relationship": "Outer", "Index Name": "customer_pkey", "Startup Cost": 0.0, "Total Cost": 0.29, "Plan Rows": 1, "Plan Width": 0, "Actual Startup Time": 2605.74, "Actual Total Time": 2605.74, "Actual Rows": 573635, "Actual Loops": 573635, "Index Cond": "(c_custkey = orders.o_custkey)"}]}]}, {"Node Type": "Bitmap Heap Scan", "Parent Relationship": "Inner", "Relation Name": "nation", "Alias": "nation", "Startup Cost": 0.26, "Total Cost": 4.27, "Plan Rows": 1, "Plan Width": 30, "Actual Startup Time": 1394.855, "Actual Total Time": 1394.855, "Actual Rows": 573635, "Actual Loops": 573635, "Recheck Cond": "(n_nationkey = customer.c_nationkey)", "Rows Removed by Index Recheck": 0, "Exact Heap Blocks": 573635, "Lossy Heap Blocks": 573635, "Plans": [{"Node Type": "Bitmap Index Scan", "Parent Relationship": "Outer", "Index Name": "nation_pkey", "Startup Cost": 0.0, "Total Cost": 0.26, "Plan Rows": 1, "Plan Width": 0, "Actual Startup Time": 610.88, "Actual Total Time": 610.88, "Actual Rows": 573635, "Actual Loops": 573635, "Index Cond": "(n_nationkey = customer.c_nationkey)"}]}]}, {"Node Type": "Bitmap Heap Scan", "Parent Relationship": "Inner", "Relation Name": "lineitem", "Alias": "lineitem", "Startup Cost": 1.93, "Total Cost": 14.05, "Plan Rows": 3, "Plan Width": 24, "Actual Startup Time": 4948.946, "Actual Total Time": 5481.054, "Actual Rows": 1145969, "Actual Loops": 573635, "Recheck Cond": "(l_orderkey = orders.o_orderkey)", "Rows Removed by Index Recheck": 0, "Filter": "(l_returnflag = 'R'::bpchar)", "Rows Removed by Filter": 1146896, "Exact Heap Blocks": 614400, "Lossy Heap Blocks": 614400, "Plans": [{"Node Type": "Bitmap Index Scan", "Parent Relationship": "Outer", "Index Name": "idx_lineitem_orderkey", "Startup Cost": 0.0, "Total Cost": 1.92, "Plan Rows": 9, "Plan Width": 0, "Actual Startup Time": 2525.585, "Actual Total Time": 2525.585, "Actual Rows": 2292865, "Actual Loops": 573635, "Index Cond": "(l_orderkey = orders.o_orderkey)"}]}]}]}]}]}, "Triggers": [], "Planner Runtime": 1, "Total Runtime": 17349.86, "Unique SQL Id": 1604070524}}, "(16, 88)": {"explain_plan": {"Plan": {"Node Type": "Limit", "Startup Cost": 3919068.9, "Total Cost": 3919068.95, "Plan Rows": 20, "Plan Width": 199, "Plans": [{"Node Type": "Sort", "Parent Relationship": "Outer", "Startup Cost": 3919068.9, "Total Cost": 3922683.64, "Plan Rows": 20, "Plan Width": 199, "Sort Key": ["(sum((lineitem.l_extendedprice * (1::double precision - lineitem.l_discount)))) DESC"], "Plans": [{"Node Type": "Aggregate", "Strategy": "Hashed", "Parent Relationship": "Outer", "Startup Cost": 3866135.09, "Total Cost": 3880594.07, "Plan Rows": 1445898, "Plan Width": 199, "Group By Key": ["customer.c_custkey", "customer.c_name", "customer.c_acctbal", "customer.c_phone", "nation.n_name", "customer.c_address", "customer.c_comment"], "Plans": [{"Node Type": "Nested Loop", "Parent Relationship": "Outer", "Join Type": "Inner", "Startup Cost": 704733.88, "Total Cost": 3829987.64, "Plan Rows": 1445898, "Plan Width": 191, "Inner Unique": false, "Plans": [{"Node Type": "Merge Join", "Parent Relationship": "Outer", "Join Type": "Inner", "Startup Cost": 704733.88, "Total Cost": 713370.2, "Plan Rows": 575746, "Plan Width": 183, "Inner Unique": false, "Merge Cond": "(nation.n_nationkey = customer.c_nationkey)", "Plans": [{"Node Type": "Sort", "Parent Relationship": "Outer", "Startup Cost": 1.83, "Total Cost": 1.89, "Plan Rows": 25, "Plan Width": 30, "Sort Key": ["nation.n_nationkey"], "Plans": [{"Node Type": "Seq Scan", "Parent Relationship": "Outer", "Relation Name": "nation", "Alias": "nation", "Startup Cost": 0.0, "Total Cost": 1.25, "Plan Rows": 25, "Plan Width": 30}]}, {"Node Type": "Sort", "Parent Relationship": "Inner", "Startup Cost": 704732.05, "Total Cost": 706171.42, "Plan Rows": 575746, "Plan Width": 161, "Sort Key": ["customer.c_nationkey"], "Plans": [{"Node Type": "Merge Join", "Parent Relationship": "Outer", "Join Type": "Inner", "Startup Cost": 556498.2, "Total Cost": 649647.34, "Plan Rows": 575746, "Plan Width": 161, "Inner Unique": false, "Merge Cond": "(customer.c_custkey = orders.o_custkey)", "Plans": [{"Node Type": "Index Scan", "Parent Relationship": "Outer", "Scan Direction": "Forward", "Index Name": "customer_pkey", "Relation Name": "customer", "Alias": "customer", "Startup Cost": 0.0, "Total Cost": 80765.36, "Plan Rows": 1500000, "Plan Width": 153}, {"Node Type": "Sort", "Parent Relationship": "Inner", "Startup Cost": 556495.89, "Total Cost": 557935.26, "Plan Rows": 575746, "Plan Width": 16, "Sort Key": ["orders.o_custkey"], "Plans": [{"Node Type": "Seq Scan", "Parent Relationship": "Outer", "Relation Name": "orders", "Alias": "orders", "Startup Cost": 585.62, "Total Cost": 501411.18, "Plan Rows": 575746, "Plan Width": 16, "Filter": "((o_orderdate >= '1993-08-01 00:00:00'::timestamp(0) without time zone) AND (o_orderdate < '1993-11-01 00:00:00'::timestamp without time zone)), (LLVM Optimized)"}]}]}]}]}, {"Node Type": "Index Scan", "Parent Relationship": "Inner", "Scan Direction": "Forward", "Index Name": "idx_lineitem_orderkey", "Relation Name": "lineitem", "Alias": "lineitem", "Startup Cost": 0.0, "Total Cost": 5.38, "Plan Rows": 3, "Plan Width": 24, "Index Cond": "(l_orderkey = orders.o_orderkey)", "Filter": "(l_returnflag = 'R'::bpchar)"}]}]}]}]}, "Unique SQL Id": 1604070524, "Planner Runtime": 1}, "explain_analyze_plan": {"Plan": {"Node Type": "Limit", "Startup Cost": 3919068.9, "Total Cost": 3919068.95, "Plan Rows": 20, "Plan Width": 199, "Actual Startup Time": 16806.353, "Actual Total Time": 16806.36, "Actual Rows": 20, "Actual Loops": 1, "Plans": [{"Node Type": "Sort", "Parent Relationship": "Outer", "Startup Cost": 3919068.9, "Total Cost": 3922683.64, "Plan Rows": 20, "Plan Width": 199, "Actual Startup Time": 16806.351, "Actual Total Time": 16806.354, "Actual Rows": 20, "Actual Loops": 1, "Sort Key": ["(sum((lineitem.l_extendedprice * (1::double precision - lineitem.l_discount)))) DESC"], "Sort Method": "top-N heapsort", "Sort Space Used": 35, "Sort Space Type": "Memory", "Plans": [{"Node Type": "Aggregate", "Strategy": "Hashed", "Parent Relationship": "Outer", "Startup Cost": 3866135.09, "Total Cost": 3880594.07, "Plan Rows": 1445898, "Plan Width": 199, "Actual Startup Time": 16450.67, "Actual Total Time": 16671.477, "Actual Rows": 381542, "Actual Loops": 1, "Group By Key": ["customer.c_custkey", "customer.c_name", "customer.c_acctbal", "customer.c_phone", "nation.n_name", "customer.c_address", "customer.c_comment"], "Plans": [{"Node Type": "Nested Loop", "Parent Relationship": "Outer", "Join Type": "Inner", "Startup Cost": 704733.88, "Total Cost": 3829987.64, "Plan Rows": 1445898, "Plan Width": 191, "Actual Startup Time": 7013.248, "Actual Total Time": 14715.733, "Actual Rows": 1145969, "Actual Loops": 1, "Inner Unique": false, "Plans": [{"Node Type": "Merge Join", "Parent Relationship": "Outer", "Join Type": "Inner", "Startup Cost": 704733.88, "Total Cost": 713370.2, "Plan Rows": 575746, "Plan Width": 183, "Actual Startup Time": 7013.177, "Actual Total Time": 7377.048, "Actual Rows": 573635, "Actual Loops": 1, "Inner Unique": false, "Merge Cond": "(nation.n_nationkey = customer.c_nationkey)", "Plans": [{"Node Type": "Sort", "Parent Relationship": "Outer", "Startup Cost": 1.83, "Total Cost": 1.89, "Plan Rows": 25, "Plan Width": 30, "Actual Startup Time": 0.051, "Actual Total Time": 0.071, "Actual Rows": 25, "Actual Loops": 1, "Sort Key": ["nation.n_nationkey"], "Sort Method": "quicksort", "Sort Space Used": 27, "Sort Space Type": "Memory", "Plans": [{"Node Type": "Seq Scan", "Parent Relationship": "Outer", "Relation Name": "nation", "Alias": "nation", "Startup Cost": 0.0, "Total Cost": 1.25, "Plan Rows": 25, "Plan Width": 30, "Actual Startup Time": 0.019, "Actual Total Time": 0.023, "Actual Rows": 25, "Actual Loops": 1}]}, {"Node Type": "Sort", "Parent Relationship": "Inner", "Startup Cost": 704732.05, "Total Cost": 706171.42, "Plan Rows": 575746, "Plan Width": 161, "Actual Startup Time": 7013.113, "Actual Total Time": 7142.975, "Actual Rows": 573635, "Actual Loops": 1, "Sort Key": ["customer.c_nationkey"], "Sort Method": "quicksort", "Sort Space Used": 185911, "Sort Space Type": "Memory", "Plans": [{"Node Type": "Merge Join", "Parent Relationship": "Outer", "Join Type": "Inner", "Startup Cost": 556498.2, "Total Cost": 649647.34, "Plan Rows": 575746, "Plan Width": 161, "Actual Startup Time": 5235.674, "Actual Total Time": 6719.585, "Actual Rows": 573635, "Actual Loops": 1, "Inner Unique": false, "Merge Cond": "(customer.c_custkey = orders.o_custkey)", "Plans": [{"Node Type": "Index Scan", "Parent Relationship": "Outer", "Scan Direction": "Forward", "Index Name": "customer_pkey", "Relation Name": "customer", "Alias": "customer", "Startup Cost": 0.0, "Total Cost": 80765.36, "Plan Rows": 1500000, "Plan Width": 153, "Actual Startup Time": 0.029, "Actual Total Time": 895.309, "Actual Rows": 1499999, "Actual Loops": 1}, {"Node Type": "Sort", "Parent Relationship": "Inner", "Startup Cost": 556495.89, "Total Cost": 557935.26, "Plan Rows": 575746, "Plan Width": 16, "Actual Startup Time": 5235.633, "Actual Total Time": 5353.409, "Actual Rows": 573635, "Actual Loops": 1, "Sort Key": ["orders.o_custkey"], "Sort Method": "quicksort", "Sort Space Used": 78355, "Sort Space Type": "Memory", "Plans": [{"Node Type": "Seq Scan", "Parent Relationship": "Outer", "Relation Name": "orders", "Alias": "orders", "Startup Cost": 585.62, "Total Cost": 501411.18, "Plan Rows": 575746, "Plan Width": 16, "Actual Startup Time": 0.035, "Actual Total Time": 4996.209, "Actual Rows": 573635, "Actual Loops": 1, "Filter": "((o_orderdate >= '1993-08-01 00:00:00'::timestamp(0) without time zone) AND (o_orderdate < '1993-11-01 00:00:00'::timestamp without time zone)), (LLVM Optimized, Jit Execute)", "Rows Removed by Filter": 14426365}]}]}]}]}, {"Node Type": "Index Scan", "Parent Relationship": "Inner", "Scan Direction": "Forward", "Index Name": "idx_lineitem_orderkey", "Relation Name": "lineitem", "Alias": "lineitem", "Startup Cost": 0.0, "Total Cost": 5.38, "Plan Rows": 3, "Plan Width": 24, "Actual Startup Time": 5502.952, "Actual Total Time": 6712.348, "Actual Rows": 1145969, "Actual Loops": 573635, "Index Cond": "(l_orderkey = orders.o_orderkey)", "Rows Removed by Index Recheck": 0, "Filter": "(l_returnflag = 'R'::bpchar)", "Rows Removed by Filter": 1146896}]}]}]}]}, "Triggers": [], "Planner Runtime": 2, "Total Runtime": 16816.406, "Unique SQL Id": 1604070524}}, "(16, 89)": {"explain_plan": {"Plan": {"Node Type": "Limit", "Startup Cost": 4223644.28, "Total Cost": 4223644.33, "Plan Rows": 20, "Plan Width": 199, "Plans": [{"Node Type": "Sort", "Parent Relationship": "Outer", "Startup Cost": 4223644.28, "Total Cost": 4227259.02, "Plan Rows": 20, "Plan Width": 199, "Sort Key": ["(sum((lineitem.l_extendedprice * (1::double precision - lineitem.l_discount)))) DESC"], "Plans": [{"Node Type": "Aggregate", "Strategy": "Hashed", "Parent Relationship": "Outer", "Startup Cost": 4170710.47, "Total Cost": 4185169.45, "Plan Rows": 1445898, "Plan Width": 199, "Group By Key": ["customer.c_custkey", "customer.c_name", "customer.c_acctbal", "customer.c_phone", "nation.n_name", "customer.c_address", "customer.c_comment"], "Plans": [{"Node Type": "Nested Loop", "Parent Relationship": "Outer", "Join Type": "Inner", "Startup Cost": 1009296.7, "Total Cost": 4134563.02, "Plan Rows": 1445898, "Plan Width": 191, "Inner Unique": false, "Plans": [{"Node Type": "Merge Join", "Parent Relationship": "Outer", "Join Type": "Inner", "Startup Cost": 1009296.7, "Total Cost": 1017945.58, "Plan Rows": 575746, "Plan Width": 183, "Inner Unique": false, "Merge Cond": "(nation.n_nationkey = customer.c_nationkey)", "Plans": [{"Node Type": "Index Scan", "Parent Relationship": "Outer", "Scan Direction": "Forward", "Index Name": "nation_pkey", "Relation Name": "nation", "Alias": "nation", "Startup Cost": 0.0, "Total Cost": 12.62, "Plan Rows": 25, "Plan Width": 30}, {"Node Type": "Sort", "Parent Relationship": "Inner", "Startup Cost": 1009296.7, "Total Cost": 1010736.06, "Plan Rows": 575746, "Plan Width": 161, "Sort Key": ["customer.c_nationkey"], "Plans": [{"Node Type": "Merge Join", "Parent Relationship": "Outer", "Join Type": "Inner", "Startup Cost": 861062.85, "Total Cost": 954211.99, "Plan Rows": 575746, "Plan Width": 161, "Inner Unique": false, "Merge Cond": "(customer.c_custkey = orders.o_custkey)", "Plans": [{"Node Type": "Index Scan", "Parent Relationship": "Outer", "Scan Direction": "Forward", "Index Name": "customer_pkey", "Relation Name": "customer", "Alias": "customer", "Startup Cost": 0.0, "Total Cost": 80765.36, "Plan Rows": 1500000, "Plan Width": 153}, {"Node Type": "Sort", "Parent Relationship": "Inner", "Startup Cost": 861060.54, "Total Cost": 862499.9, "Plan Rows": 575746, "Plan Width": 16, "Sort Key": ["orders.o_custkey"], "Plans": [{"Node Type": "Index Scan", "Parent Relationship": "Outer", "Scan Direction": "Forward", "Index Name": "orders_pkey", "Relation Name": "orders", "Alias": "orders", "Startup Cost": 0.0, "Total Cost": 805975.83, "Plan Rows": 575746, "Plan Width": 16, "Filter": "((o_orderdate >= '1993-08-01 00:00:00'::timestamp(0) without time zone) AND (o_orderdate < '1993-11-01 00:00:00'::timestamp without time zone)), (LLVM Optimized)"}]}]}]}]}, {"Node Type": "Index Scan", "Parent Relationship": "Inner", "Scan Direction": "Forward", "Index Name": "idx_lineitem_orderkey", "Relation Name": "lineitem", "Alias": "lineitem", "Startup Cost": 0.0, "Total Cost": 5.38, "Plan Rows": 3, "Plan Width": 24, "Index Cond": "(l_orderkey = orders.o_orderkey)", "Filter": "(l_returnflag = 'R'::bpchar)"}]}]}]}]}, "Unique SQL Id": 1604070524, "Planner Runtime": 1}, "explain_analyze_plan": {"Plan": {"Node Type": "Limit", "Startup Cost": 4223644.28, "Total Cost": 4223644.33, "Plan Rows": 20, "Plan Width": 199, "Actual Startup Time": 22269.368, "Actual Total Time": 22269.372, "Actual Rows": 20, "Actual Loops": 1, "Plans": [{"Node Type": "Sort", "Parent Relationship": "Outer", "Startup Cost": 4223644.28, "Total Cost": 4227259.02, "Plan Rows": 20, "Plan Width": 199, "Actual Startup Time": 22269.365, "Actual Total Time": 22269.366, "Actual Rows": 20, "Actual Loops": 1, "Sort Key": ["(sum((lineitem.l_extendedprice * (1::double precision - lineitem.l_discount)))) DESC"], "Sort Method": "top-N heapsort", "Sort Space Used": 35, "Sort Space Type": "Memory", "Plans": [{"Node Type": "Aggregate", "Strategy": "Hashed", "Parent Relationship": "Outer", "Startup Cost": 4170710.47, "Total Cost": 4185169.45, "Plan Rows": 1445898, "Plan Width": 199, "Actual Startup Time": 21897.314, "Actual Total Time": 22134.132, "Actual Rows": 381542, "Actual Loops": 1, "Group By Key": ["customer.c_custkey", "customer.c_name", "customer.c_acctbal", "customer.c_phone", "nation.n_name", "customer.c_address", "customer.c_comment"], "Plans": [{"Node Type": "Nested Loop", "Parent Relationship": "Outer", "Join Type": "Inner", "Startup Cost": 1009296.7, "Total Cost": 4134563.02, "Plan Rows": 1445898, "Plan Width": 191, "Actual Startup Time": 12418.581, "Actual Total Time": 20160.172, "Actual Rows": 1145969, "Actual Loops": 1, "Inner Unique": false, "Plans": [{"Node Type": "Merge Join", "Parent Relationship": "Outer", "Join Type": "Inner", "Startup Cost": 1009296.7, "Total Cost": 1017945.58, "Plan Rows": 575746, "Plan Width": 183, "Actual Startup Time": 12418.482, "Actual Total Time": 12816.301, "Actual Rows": 573635, "Actual Loops": 1, "Inner Unique": false, "Merge Cond": "(nation.n_nationkey = customer.c_nationkey)", "Plans": [{"Node Type": "Index Scan", "Parent Relationship": "Outer", "Scan Direction": "Forward", "Index Name": "nation_pkey", "Relation Name": "nation", "Alias": "nation", "Startup Cost": 0.0, "Total Cost": 12.62, "Plan Rows": 25, "Plan Width": 30, "Actual Startup Time": 0.018, "Actual Total Time": 0.085, "Actual Rows": 25, "Actual Loops": 1}, {"Node Type": "Sort", "Parent Relationship": "Inner", "Startup Cost": 1009296.7, "Total Cost": 1010736.06, "Plan Rows": 575746, "Plan Width": 161, "Actual Startup Time": 12418.449, "Actual Total Time": 12555.891, "Actual Rows": 573635, "Actual Loops": 1, "Sort Key": ["customer.c_nationkey"], "Sort Method": "quicksort", "Sort Space Used": 185911, "Sort Space Type": "Memory", "Plans": [{"Node Type": "Merge Join", "Parent Relationship": "Outer", "Join Type": "Inner", "Startup Cost": 861062.85, "Total Cost": 954211.99, "Plan Rows": 575746, "Plan Width": 161, "Actual Startup Time": 10623.728, "Actual Total Time": 12124.724, "Actual Rows": 573635, "Actual Loops": 1, "Inner Unique": false, "Merge Cond": "(customer.c_custkey = orders.o_custkey)", "Plans": [{"Node Type": "Index Scan", "Parent Relationship": "Outer", "Scan Direction": "Forward", "Index Name": "customer_pkey", "Relation Name": "customer", "Alias": "customer", "Startup Cost": 0.0, "Total Cost": 80765.36, "Plan Rows": 1500000, "Plan Width": 153, "Actual Startup Time": 0.023, "Actual Total Time": 904.522, "Actual Rows": 1499999, "Actual Loops": 1}, {"Node Type": "Sort", "Parent Relationship": "Inner", "Startup Cost": 861060.54, "Total Cost": 862499.9, "Plan Rows": 575746, "Plan Width": 16, "Actual Startup Time": 10623.687, "Actual Total Time": 10748.431, "Actual Rows": 573635, "Actual Loops": 1, "Sort Key": ["orders.o_custkey"], "Sort Method": "quicksort", "Sort Space Used": 78355, "Sort Space Type": "Memory", "Plans": [{"Node Type": "Index Scan", "Parent Relationship": "Outer", "Scan Direction": "Forward", "Index Name": "orders_pkey", "Relation Name": "orders", "Alias": "orders", "Startup Cost": 0.0, "Total Cost": 805975.83, "Plan Rows": 575746, "Plan Width": 16, "Actual Startup Time": 0.036, "Actual Total Time": 10368.715, "Actual Rows": 573635, "Actual Loops": 1, "Filter": "((o_orderdate >= '1993-08-01 00:00:00'::timestamp(0) without time zone) AND (o_orderdate < '1993-11-01 00:00:00'::timestamp without time zone)), (LLVM Optimized, Jit Execute)", "Rows Removed by Filter": 14426365}]}]}]}]}, {"Node Type": "Index Scan", "Parent Relationship": "Inner", "Scan Direction": "Forward", "Index Name": "idx_lineitem_orderkey", "Relation Name": "lineitem", "Alias": "lineitem", "Startup Cost": 0.0, "Total Cost": 5.38, "Plan Rows": 3, "Plan Width": 24, "Actual Startup Time": 5507.06, "Actual Total Time": 6731.811, "Actual Rows": 1145969, "Actual Loops": 573635, "Index Cond": "(l_orderkey = orders.o_orderkey)", "Rows Removed by Index Recheck": 0, "Filter": "(l_returnflag = 'R'::bpchar)", "Rows Removed by Filter": 1146896}]}]}]}]}, "Triggers": [], "Planner Runtime": 1, "Total Runtime": 22279.579, "Unique SQL Id": 1604070524}}, "(16, 90)": {"explain_plan": {"Plan": {"Node Type": "Limit", "Startup Cost": 5010176.71, "Total Cost": 5010176.76, "Plan Rows": 20, "Plan Width": 199, "Plans": [{"Node Type": "Sort", "Parent Relationship": "Outer", "Startup Cost": 5010176.71, "Total Cost": 5013791.45, "Plan Rows": 20, "Plan Width": 199, "Sort Key": ["(sum((lineitem.l_extendedprice * (1::double precision - lineitem.l_discount)))) DESC"], "Plans": [{"Node Type": "Aggregate", "Strategy": "Hashed", "Parent Relationship": "Outer", "Startup Cost": 4957242.9, "Total Cost": 4971701.88, "Plan Rows": 1445898, "Plan Width": 199, "Group By Key": ["customer.c_custkey", "customer.c_name", "customer.c_acctbal", "customer.c_phone", "nation.n_name", "customer.c_address", "customer.c_comment"], "Plans": [{"Node Type": "Merge Join", "Parent Relationship": "Outer", "Join Type": "Inner", "Startup Cost": 4829583.01, "Total Cost": 4921095.45, "Plan Rows": 1445898, "Plan Width": 191, "Inner Unique": false, "Merge Cond": "(orders.o_orderkey = lineitem.l_orderkey)", "Plans": [{"Node Type": "Sort", "Parent Relationship": "Outer", "Startup Cost": 897439.53, "Total Cost": 898878.9, "Plan Rows": 575746, "Plan Width": 183, "Sort Key": ["orders.o_orderkey"], "Plans": [{"Node Type": "Merge Join", "Parent Relationship": "Outer", "Join Type": "Inner", "Startup Cost": 833718.51, "Total Cost": 842354.83, "Plan Rows": 575746, "Plan Width": 183, "Inner Unique": false, "Merge Cond": "(nation.n_nationkey = customer.c_nationkey)", "Plans": [{"Node Type": "Sort", "Parent Relationship": "Outer", "Startup Cost": 1.83, "Total Cost": 1.89, "Plan Rows": 25, "Plan Width": 30, "Sort Key": ["nation.n_nationkey"], "Plans": [{"Node Type": "Seq Scan", "Parent Relationship": "Outer", "Relation Name": "nation", "Alias": "nation", "Startup Cost": 0.0, "Total Cost": 1.25, "Plan Rows": 25, "Plan Width": 30}]}, {"Node Type": "Sort", "Parent Relationship": "Inner", "Startup Cost": 833716.68, "Total Cost": 835156.05, "Plan Rows": 575746, "Plan Width": 161, "Sort Key": ["customer.c_nationkey"], "Plans": [{"Node Type": "Merge Join", "Parent Relationship": "Outer", "Join Type": "Inner", "Startup Cost": 762496.08, "Total Cost": 778631.97, "Plan Rows": 575746, "Plan Width": 161, "Inner Unique": false, "Merge Cond": "(customer.c_custkey = orders.o_custkey)", "Plans": [{"Node Type": "Sort", "Parent Relationship": "Outer", "Startup Cost": 205999.98, "Total Cost": 209749.98, "Plan Rows": 1500000, "Plan Width": 153, "Sort Key": ["customer.c_custkey"], "Plans": [{"Node Type": "Seq Scan", "Parent Relationship": "Outer", "Relation Name": "customer", "Alias": "customer", "Startup Cost": 0.0, "Total Cost": 52126.0, "Plan Rows": 1500000, "Plan Width": 153}]}, {"Node Type": "Sort", "Parent Relationship": "Inner", "Startup Cost": 556495.89, "Total Cost": 557935.26, "Plan Rows": 575746, "Plan Width": 16, "Sort Key": ["orders.o_custkey"], "Plans": [{"Node Type": "Seq Scan", "Parent Relationship": "Outer", "Relation Name": "orders", "Alias": "orders", "Startup Cost": 585.62, "Total Cost": 501411.18, "Plan Rows": 575746, "Plan Width": 16, "Filter": "((o_orderdate >= '1993-08-01 00:00:00'::timestamp(0) without time zone) AND (o_orderdate < '1993-11-01 00:00:00'::timestamp without time zone)), (LLVM Optimized)"}]}]}]}]}]}, {"Node Type": "Sort", "Parent Relationship": "Inner", "Startup Cost": 3932143.37, "Total Cost": 3969231.39, "Plan Rows": 14835209, "Plan Width": 24, "Sort Key": ["lineitem.l_orderkey"], "Plans": [{"Node Type": "Seq Scan", "Parent Relationship": "Outer", "Relation Name": "lineitem", "Alias": "lineitem", "Startup Cost": 0.0, "Total Cost": 2165082.91, "Plan Rows": 14835209, "Plan Width": 24, "Filter": "(l_returnflag = 'R'::bpchar), (LLVM Optimized)"}]}]}]}]}]}, "Unique SQL Id": 1604070524, "Planner Runtime": 2}, "explain_analyze_plan": {"Plan": {"Node Type": "Limit", "Startup Cost": 5010176.71, "Total Cost": 5010176.76, "Plan Rows": 20, "Plan Width": 199, "Actual Startup Time": 42925.471, "Actual Total Time": 42925.479, "Actual Rows": 20, "Actual Loops": 1, "Plans": [{"Node Type": "Sort", "Parent Relationship": "Outer", "Startup Cost": 5010176.71, "Total Cost": 5013791.45, "Plan Rows": 20, "Plan Width": 199, "Actual Startup Time": 42925.467, "Actual Total Time": 42925.47, "Actual Rows": 20, "Actual Loops": 1, "Sort Key": ["(sum((lineitem.l_extendedprice * (1::double precision - lineitem.l_discount)))) DESC"], "Sort Method": "top-N heapsort", "Sort Space Used": 35, "Sort Space Type": "Memory", "Plans": [{"Node Type": "Aggregate", "Strategy": "Hashed", "Parent Relationship": "Outer", "Startup Cost": 4957242.9, "Total Cost": 4971701.88, "Plan Rows": 1445898, "Plan Width": 199, "Actual Startup Time": 42469.953, "Actual Total Time": 42789.683, "Actual Rows": 381542, "Actual Loops": 1, "Group By Key": ["customer.c_custkey", "customer.c_name", "customer.c_acctbal", "customer.c_phone", "nation.n_name", "customer.c_address", "customer.c_comment"], "Plans": [{"Node Type": "Merge Join", "Parent Relationship": "Outer", "Join Type": "Inner", "Startup Cost": 4829583.01, "Total Cost": 4921095.45, "Plan Rows": 1445898, "Plan Width": 191, "Actual Startup Time": 35831.866, "Actual Total Time": 40803.504, "Actual Rows": 1145969, "Actual Loops": 1, "Inner Unique": false, "Merge Cond": "(orders.o_orderkey = lineitem.l_orderkey)", "Plans": [{"Node Type": "Sort", "Parent Relationship": "Outer", "Startup Cost": 897439.53, "Total Cost": 898878.9, "Plan Rows": 575746, "Plan Width": 183, "Actual Startup Time": 8379.873, "Actual Total Time": 8512.831, "Actual Rows": 573635, "Actual Loops": 1, "Sort Key": ["orders.o_orderkey"], "Sort Method": "quicksort", "Sort Space Used": 199246, "Sort Space Type": "Memory", "Plans": [{"Node Type": "Merge Join", "Parent Relationship": "Outer", "Join Type": "Inner", "Startup Cost": 833718.51, "Total Cost": 842354.83, "Plan Rows": 575746, "Plan Width": 183, "Actual Startup Time": 7693.657, "Actual Total Time": 8045.534, "Actual Rows": 573635, "Actual Loops": 1, "Inner Unique": false, "Merge Cond": "(nation.n_nationkey = customer.c_nationkey)", "Plans": [{"Node Type": "Sort", "Parent Relationship": "Outer", "Startup Cost": 1.83, "Total Cost": 1.89, "Plan Rows": 25, "Plan Width": 30, "Actual Startup Time": 0.051, "Actual Total Time": 0.059, "Actual Rows": 25, "Actual Loops": 1, "Sort Key": ["nation.n_nationkey"], "Sort Method": "quicksort", "Sort Space Used": 27, "Sort Space Type": "Memory", "Plans": [{"Node Type": "Seq Scan", "Parent Relationship": "Outer", "Relation Name": "nation", "Alias": "nation", "Startup Cost": 0.0, "Total Cost": 1.25, "Plan Rows": 25, "Plan Width": 30, "Actual Startup Time": 0.022, "Actual Total Time": 0.027, "Actual Rows": 25, "Actual Loops": 1}]}, {"Node Type": "Sort", "Parent Relationship": "Inner", "Startup Cost": 833716.68, "Total Cost": 835156.05, "Plan Rows": 575746, "Plan Width": 161, "Actual Startup Time": 7693.593, "Actual Total Time": 7814.537, "Actual Rows": 573635, "Actual Loops": 1, "Sort Key": ["customer.c_nationkey"], "Sort Method": "quicksort", "Sort Space Used": 185911, "Sort Space Type": "Memory", "Plans": [{"Node Type": "Merge Join", "Parent Relationship": "Outer", "Join Type": "Inner", "Startup Cost": 762496.08, "Total Cost": 778631.97, "Plan Rows": 575746, "Plan Width": 161, "Actual Startup Time": 6482.005, "Actual Total Time": 7429.181, "Actual Rows": 573635, "Actual Loops": 1, "Inner Unique": false, "Merge Cond": "(customer.c_custkey = orders.o_custkey)", "Plans": [{"Node Type": "Sort", "Parent Relationship": "Outer", "Startup Cost": 205999.98, "Total Cost": 209749.98, "Plan Rows": 1500000, "Plan Width": 153, "Actual Startup Time": 1283.747, "Actual Total Time": 1577.549, "Actual Rows": 1499999, "Actual Loops": 1, "Sort Key": ["customer.c_custkey"], "Sort Method": "quicksort", "Sort Space Used": 470340, "Sort Space Type": "Memory", "Plans": [{"Node Type": "Seq Scan", "Parent Relationship": "Outer", "Relation Name": "customer", "Alias": "customer", "Startup Cost": 0.0, "Total Cost": 52126.0, "Plan Rows": 1500000, "Plan Width": 153, "Actual Startup Time": 0.013, "Actual Total Time": 564.354, "Actual Rows": 1500000, "Actual Loops": 1}]}, {"Node Type": "Sort", "Parent Relationship": "Inner", "Startup Cost": 556495.89, "Total Cost": 557935.26, "Plan Rows": 575746, "Plan Width": 16, "Actual Startup Time": 5198.243, "Actual Total Time": 5327.102, "Actual Rows": 573635, "Actual Loops": 1, "Sort Key": ["orders.o_custkey"], "Sort Method": "quicksort", "Sort Space Used": 78355, "Sort Space Type": "Memory", "Plans": [{"Node Type": "Seq Scan", "Parent Relationship": "Outer", "Relation Name": "orders", "Alias": "orders", "Startup Cost": 585.62, "Total Cost": 501411.18, "Plan Rows": 575746, "Plan Width": 16, "Actual Startup Time": 0.031, "Actual Total Time": 4947.491, "Actual Rows": 573635, "Actual Loops": 1, "Filter": "((o_orderdate >= '1993-08-01 00:00:00'::timestamp(0) without time zone) AND (o_orderdate < '1993-11-01 00:00:00'::timestamp without time zone)), (LLVM Optimized, Jit Execute)", "Rows Removed by Filter": 14426365}]}]}]}]}]}, {"Node Type": "Sort", "Parent Relationship": "Inner", "Startup Cost": 3932143.37, "Total Cost": 3969231.39, "Plan Rows": 14835209, "Plan Width": 24, "Actual Startup Time": 27451.891, "Actual Total Time": 29414.35, "Actual Rows": 14808182, "Actual Loops": 1, "Sort Key": ["lineitem.l_orderkey"], "Sort Method": "quicksort", "Sort Space Used": 1781484, "Sort Space Type": "Memory", "Plans": [{"Node Type": "Seq Scan", "Parent Relationship": "Outer", "Relation Name": "lineitem", "Alias": "lineitem", "Startup Cost": 0.0, "Total Cost": 2165082.91, "Plan Rows": 14835209, "Plan Width": 24, "Actual Startup Time": 0.036, "Actual Total Time": 22383.973, "Actual Rows": 14808183, "Actual Loops": 1, "Filter": "(l_returnflag = 'R'::bpchar), (LLVM Optimized, Jit Execute)", "Rows Removed by Filter": 45177869}]}]}]}]}]}, "Triggers": [], "Planner Runtime": 1, "Total Runtime": 42936.651, "Unique SQL Id": 1604070524}}, "(16, 91)": {"explain_plan": {"Plan": {"Node Type": "Limit", "Startup Cost": 4000462083455.39, "Total Cost": 4000462083455.44, "Plan Rows": 20, "Plan Width": 199, "Plans": [{"Node Type": "Sort", "Parent Relationship": "Outer", "Startup Cost": 4000462083455.39, "Total Cost": 4000462087070.14, "Plan Rows": 20, "Plan Width": 199, "Sort Key": ["(sum((lineitem.l_extendedprice * (1::double precision - lineitem.l_discount)))) DESC"], "Plans": [{"Node Type": "Aggregate", "Strategy": "Hashed", "Parent Relationship": "Outer", "Startup Cost": 4000462030521.59, "Total Cost": 4000462044980.57, "Plan Rows": 1445898, "Plan Width": 199, "Group By Key": ["customer.c_custkey", "customer.c_name", "customer.c_acctbal", "customer.c_phone", "nation.n_name", "customer.c_address", "customer.c_comment"], "Plans": [{"Node Type": "Merge Join", "Parent Relationship": "Outer", "Join Type": "Inner", "Startup Cost": 3010139082765.1, "Total Cost": 4000461994374.14, "Plan Rows": 1445898, "Plan Width": 191, "Inner Unique": false, "Merge Cond": "(orders.o_orderkey = lineitem.l_orderkey)", "Plans": [{"Node Type": "Sort", "Parent Relationship": "Outer", "Startup Cost": 3000139082765.0, "Total Cost": 3000139084204.36, "Plan Rows": 575746, "Plan Width": 183, "Sort Key": ["orders.o_orderkey"], "Plans": [{"Node Type": "Merge Join", "Parent Relationship": "Outer", "Join Type": "Inner", "Startup Cost": 2010139017781.54, "Total Cost": 3000139027680.29, "Plan Rows": 575746, "Plan Width": 183, "Inner Unique": false, "Merge Cond": "(nation.n_nationkey = customer.c_nationkey)", "Plans": [{"Node Type": "Index Scan", "Parent Relationship": "Outer", "Scan Direction": "Forward", "Index Name": "nation_pkey", "Relation Name": "nation", "Alias": "nation", "Startup Cost": 10000000000.0, "Total Cost": 1000000001262.5, "Plan Rows": 25, "Plan Width": 30}, {"Node Type": "Sort", "Parent Relationship": "Inner", "Startup Cost": 2000139017781.54, "Total Cost": 2000139019220.9, "Plan Rows": 575746, "Plan Width": 161, "Sort Key": ["customer.c_nationkey"], "Plans": [{"Node Type": "Merge Join", "Parent Relationship": "Outer", "Join Type": "Inner", "Startup Cost": 20027060220.86, "Total Cost": 2000138962696.83, "Plan Rows": 575746, "Plan Width": 161, "Inner Unique": false, "Merge Cond": "(customer.c_custkey = orders.o_custkey)", "Plans": [{"Node Type": "Index Scan", "Parent Relationship": "Outer", "Scan Direction": "Forward", "Index Name": "customer_pkey", "Relation Name": "customer", "Alias": "customer", "Startup Cost": 10000000000.0, "Total Cost": 1000008076535.62, "Plan Rows": 1500000, "Plan Width": 153}, {"Node Type": "Index Scan", "Parent Relationship": "Inner", "Scan Direction": "Forward", "Index Name": "idx_orders_custkey", "Relation Name": "orders", "Alias": "orders", "Startup Cost": 10000000000.0, "Total Cost": 1000163551268.58, "Plan Rows": 575746, "Plan Width": 16, "Filter": "((o_orderdate >= '1993-08-01 00:00:00'::timestamp(0) without time zone) AND (o_orderdate < '1993-11-01 00:00:00'::timestamp without time zone)), (LLVM Optimized)"}]}]}]}]}, {"Node Type": "Index Scan", "Parent Relationship": "Inner", "Scan Direction": "Forward", "Index Name": "idx_lineitem_orderkey", "Relation Name": "lineitem", "Alias": "lineitem", "Startup Cost": 10000000000.0, "Total Cost": 1000339012132.75, "Plan Rows": 14835209, "Plan Width": 24, "Filter": "(l_returnflag = 'R'::bpchar), (LLVM Optimized)"}]}]}]}]}, "Unique SQL Id": 1604070524, "Planner Runtime": 2}, "explain_analyze_plan": null}, "(16, 92)": {"explain_plan": {"Plan": {"Node Type": "Limit", "Startup Cost": 3919068.9, "Total Cost": 3919068.95, "Plan Rows": 20, "Plan Width": 199, "Plans": [{"Node Type": "Sort", "Parent Relationship": "Outer", "Startup Cost": 3919068.9, "Total Cost": 3922683.64, "Plan Rows": 20, "Plan Width": 199, "Sort Key": ["(sum((lineitem.l_extendedprice * (1::double precision - lineitem.l_discount)))) DESC"], "Plans": [{"Node Type": "Aggregate", "Strategy": "Hashed", "Parent Relationship": "Outer", "Startup Cost": 3866135.09, "Total Cost": 3880594.07, "Plan Rows": 1445898, "Plan Width": 199, "Group By Key": ["customer.c_custkey", "customer.c_name", "customer.c_acctbal", "customer.c_phone", "nation.n_name", "customer.c_address", "customer.c_comment"], "Plans": [{"Node Type": "Nested Loop", "Parent Relationship": "Outer", "Join Type": "Inner", "Startup Cost": 704733.88, "Total Cost": 3829987.64, "Plan Rows": 1445898, "Plan Width": 191, "Inner Unique": false, "Plans": [{"Node Type": "Merge Join", "Parent Relationship": "Outer", "Join Type": "Inner", "Startup Cost": 704733.88, "Total Cost": 713370.2, "Plan Rows": 575746, "Plan Width": 183, "Inner Unique": false, "Merge Cond": "(nation.n_nationkey = customer.c_nationkey)", "Plans": [{"Node Type": "Sort", "Parent Relationship": "Outer", "Startup Cost": 1.83, "Total Cost": 1.89, "Plan Rows": 25, "Plan Width": 30, "Sort Key": ["nation.n_nationkey"], "Plans": [{"Node Type": "Seq Scan", "Parent Relationship": "Outer", "Relation Name": "nation", "Alias": "nation", "Startup Cost": 0.0, "Total Cost": 1.25, "Plan Rows": 25, "Plan Width": 30}]}, {"Node Type": "Sort", "Parent Relationship": "Inner", "Startup Cost": 704732.05, "Total Cost": 706171.42, "Plan Rows": 575746, "Plan Width": 161, "Sort Key": ["customer.c_nationkey"], "Plans": [{"Node Type": "Merge Join", "Parent Relationship": "Outer", "Join Type": "Inner", "Startup Cost": 556498.2, "Total Cost": 649647.34, "Plan Rows": 575746, "Plan Width": 161, "Inner Unique": false, "Merge Cond": "(customer.c_custkey = orders.o_custkey)", "Plans": [{"Node Type": "Index Scan", "Parent Relationship": "Outer", "Scan Direction": "Forward", "Index Name": "customer_pkey", "Relation Name": "customer", "Alias": "customer", "Startup Cost": 0.0, "Total Cost": 80765.36, "Plan Rows": 1500000, "Plan Width": 153}, {"Node Type": "Sort", "Parent Relationship": "Inner", "Startup Cost": 556495.89, "Total Cost": 557935.26, "Plan Rows": 575746, "Plan Width": 16, "Sort Key": ["orders.o_custkey"], "Plans": [{"Node Type": "Seq Scan", "Parent Relationship": "Outer", "Relation Name": "orders", "Alias": "orders", "Startup Cost": 585.62, "Total Cost": 501411.18, "Plan Rows": 575746, "Plan Width": 16, "Filter": "((o_orderdate >= '1993-08-01 00:00:00'::timestamp(0) without time zone) AND (o_orderdate < '1993-11-01 00:00:00'::timestamp without time zone)), (LLVM Optimized)"}]}]}]}]}, {"Node Type": "Index Scan", "Parent Relationship": "Inner", "Scan Direction": "Forward", "Index Name": "idx_lineitem_orderkey", "Relation Name": "lineitem", "Alias": "lineitem", "Startup Cost": 0.0, "Total Cost": 5.38, "Plan Rows": 3, "Plan Width": 24, "Index Cond": "(l_orderkey = orders.o_orderkey)", "Filter": "(l_returnflag = 'R'::bpchar)"}]}]}]}]}, "Unique SQL Id": 1604070524, "Planner Runtime": 2}, "explain_analyze_plan": {"Plan": {"Node Type": "Limit", "Startup Cost": 3919068.9, "Total Cost": 3919068.95, "Plan Rows": 20, "Plan Width": 199, "Actual Startup Time": 16806.353, "Actual Total Time": 16806.36, "Actual Rows": 20, "Actual Loops": 1, "Plans": [{"Node Type": "Sort", "Parent Relationship": "Outer", "Startup Cost": 3919068.9, "Total Cost": 3922683.64, "Plan Rows": 20, "Plan Width": 199, "Actual Startup Time": 16806.351, "Actual Total Time": 16806.354, "Actual Rows": 20, "Actual Loops": 1, "Sort Key": ["(sum((lineitem.l_extendedprice * (1::double precision - lineitem.l_discount)))) DESC"], "Sort Method": "top-N heapsort", "Sort Space Used": 35, "Sort Space Type": "Memory", "Plans": [{"Node Type": "Aggregate", "Strategy": "Hashed", "Parent Relationship": "Outer", "Startup Cost": 3866135.09, "Total Cost": 3880594.07, "Plan Rows": 1445898, "Plan Width": 199, "Actual Startup Time": 16450.67, "Actual Total Time": 16671.477, "Actual Rows": 381542, "Actual Loops": 1, "Group By Key": ["customer.c_custkey", "customer.c_name", "customer.c_acctbal", "customer.c_phone", "nation.n_name", "customer.c_address", "customer.c_comment"], "Plans": [{"Node Type": "Nested Loop", "Parent Relationship": "Outer", "Join Type": "Inner", "Startup Cost": 704733.88, "Total Cost": 3829987.64, "Plan Rows": 1445898, "Plan Width": 191, "Actual Startup Time": 7013.248, "Actual Total Time": 14715.733, "Actual Rows": 1145969, "Actual Loops": 1, "Inner Unique": false, "Plans": [{"Node Type": "Merge Join", "Parent Relationship": "Outer", "Join Type": "Inner", "Startup Cost": 704733.88, "Total Cost": 713370.2, "Plan Rows": 575746, "Plan Width": 183, "Actual Startup Time": 7013.177, "Actual Total Time": 7377.048, "Actual Rows": 573635, "Actual Loops": 1, "Inner Unique": false, "Merge Cond": "(nation.n_nationkey = customer.c_nationkey)", "Plans": [{"Node Type": "Sort", "Parent Relationship": "Outer", "Startup Cost": 1.83, "Total Cost": 1.89, "Plan Rows": 25, "Plan Width": 30, "Actual Startup Time": 0.051, "Actual Total Time": 0.071, "Actual Rows": 25, "Actual Loops": 1, "Sort Key": ["nation.n_nationkey"], "Sort Method": "quicksort", "Sort Space Used": 27, "Sort Space Type": "Memory", "Plans": [{"Node Type": "Seq Scan", "Parent Relationship": "Outer", "Relation Name": "nation", "Alias": "nation", "Startup Cost": 0.0, "Total Cost": 1.25, "Plan Rows": 25, "Plan Width": 30, "Actual Startup Time": 0.019, "Actual Total Time": 0.023, "Actual Rows": 25, "Actual Loops": 1}]}, {"Node Type": "Sort", "Parent Relationship": "Inner", "Startup Cost": 704732.05, "Total Cost": 706171.42, "Plan Rows": 575746, "Plan Width": 161, "Actual Startup Time": 7013.113, "Actual Total Time": 7142.975, "Actual Rows": 573635, "Actual Loops": 1, "Sort Key": ["customer.c_nationkey"], "Sort Method": "quicksort", "Sort Space Used": 185911, "Sort Space Type": "Memory", "Plans": [{"Node Type": "Merge Join", "Parent Relationship": "Outer", "Join Type": "Inner", "Startup Cost": 556498.2, "Total Cost": 649647.34, "Plan Rows": 575746, "Plan Width": 161, "Actual Startup Time": 5235.674, "Actual Total Time": 6719.585, "Actual Rows": 573635, "Actual Loops": 1, "Inner Unique": false, "Merge Cond": "(customer.c_custkey = orders.o_custkey)", "Plans": [{"Node Type": "Index Scan", "Parent Relationship": "Outer", "Scan Direction": "Forward", "Index Name": "customer_pkey", "Relation Name": "customer", "Alias": "customer", "Startup Cost": 0.0, "Total Cost": 80765.36, "Plan Rows": 1500000, "Plan Width": 153, "Actual Startup Time": 0.029, "Actual Total Time": 895.309, "Actual Rows": 1499999, "Actual Loops": 1}, {"Node Type": "Sort", "Parent Relationship": "Inner", "Startup Cost": 556495.89, "Total Cost": 557935.26, "Plan Rows": 575746, "Plan Width": 16, "Actual Startup Time": 5235.633, "Actual Total Time": 5353.409, "Actual Rows": 573635, "Actual Loops": 1, "Sort Key": ["orders.o_custkey"], "Sort Method": "quicksort", "Sort Space Used": 78355, "Sort Space Type": "Memory", "Plans": [{"Node Type": "Seq Scan", "Parent Relationship": "Outer", "Relation Name": "orders", "Alias": "orders", "Startup Cost": 585.62, "Total Cost": 501411.18, "Plan Rows": 575746, "Plan Width": 16, "Actual Startup Time": 0.035, "Actual Total Time": 4996.209, "Actual Rows": 573635, "Actual Loops": 1, "Filter": "((o_orderdate >= '1993-08-01 00:00:00'::timestamp(0) without time zone) AND (o_orderdate < '1993-11-01 00:00:00'::timestamp without time zone)), (LLVM Optimized, Jit Execute)", "Rows Removed by Filter": 14426365}]}]}]}]}, {"Node Type": "Index Scan", "Parent Relationship": "Inner", "Scan Direction": "Forward", "Index Name": "idx_lineitem_orderkey", "Relation Name": "lineitem", "Alias": "lineitem", "Startup Cost": 0.0, "Total Cost": 5.38, "Plan Rows": 3, "Plan Width": 24, "Actual Startup Time": 5502.952, "Actual Total Time": 6712.348, "Actual Rows": 1145969, "Actual Loops": 573635, "Index Cond": "(l_orderkey = orders.o_orderkey)", "Rows Removed by Index Recheck": 0, "Filter": "(l_returnflag = 'R'::bpchar)", "Rows Removed by Filter": 1146896}]}]}]}]}, "Triggers": [], "Planner Runtime": 2, "Total Runtime": 16816.406, "Unique SQL Id": 1604070524}}, "(16, 93)": {"explain_plan": {"Plan": {"Node Type": "Limit", "Startup Cost": 4223644.28, "Total Cost": 4223644.33, "Plan Rows": 20, "Plan Width": 199, "Plans": [{"Node Type": "Sort", "Parent Relationship": "Outer", "Startup Cost": 4223644.28, "Total Cost": 4227259.02, "Plan Rows": 20, "Plan Width": 199, "Sort Key": ["(sum((lineitem.l_extendedprice * (1::double precision - lineitem.l_discount)))) DESC"], "Plans": [{"Node Type": "Aggregate", "Strategy": "Hashed", "Parent Relationship": "Outer", "Startup Cost": 4170710.47, "Total Cost": 4185169.45, "Plan Rows": 1445898, "Plan Width": 199, "Group By Key": ["customer.c_custkey", "customer.c_name", "customer.c_acctbal", "customer.c_phone", "nation.n_name", "customer.c_address", "customer.c_comment"], "Plans": [{"Node Type": "Nested Loop", "Parent Relationship": "Outer", "Join Type": "Inner", "Startup Cost": 1009296.7, "Total Cost": 4134563.02, "Plan Rows": 1445898, "Plan Width": 191, "Inner Unique": false, "Plans": [{"Node Type": "Merge Join", "Parent Relationship": "Outer", "Join Type": "Inner", "Startup Cost": 1009296.7, "Total Cost": 1017945.58, "Plan Rows": 575746, "Plan Width": 183, "Inner Unique": false, "Merge Cond": "(nation.n_nationkey = customer.c_nationkey)", "Plans": [{"Node Type": "Index Scan", "Parent Relationship": "Outer", "Scan Direction": "Forward", "Index Name": "nation_pkey", "Relation Name": "nation", "Alias": "nation", "Startup Cost": 0.0, "Total Cost": 12.62, "Plan Rows": 25, "Plan Width": 30}, {"Node Type": "Sort", "Parent Relationship": "Inner", "Startup Cost": 1009296.7, "Total Cost": 1010736.06, "Plan Rows": 575746, "Plan Width": 161, "Sort Key": ["customer.c_nationkey"], "Plans": [{"Node Type": "Merge Join", "Parent Relationship": "Outer", "Join Type": "Inner", "Startup Cost": 861062.85, "Total Cost": 954211.99, "Plan Rows": 575746, "Plan Width": 161, "Inner Unique": false, "Merge Cond": "(customer.c_custkey = orders.o_custkey)", "Plans": [{"Node Type": "Index Scan", "Parent Relationship": "Outer", "Scan Direction": "Forward", "Index Name": "customer_pkey", "Relation Name": "customer", "Alias": "customer", "Startup Cost": 0.0, "Total Cost": 80765.36, "Plan Rows": 1500000, "Plan Width": 153}, {"Node Type": "Sort", "Parent Relationship": "Inner", "Startup Cost": 861060.54, "Total Cost": 862499.9, "Plan Rows": 575746, "Plan Width": 16, "Sort Key": ["orders.o_custkey"], "Plans": [{"Node Type": "Index Scan", "Parent Relationship": "Outer", "Scan Direction": "Forward", "Index Name": "orders_pkey", "Relation Name": "orders", "Alias": "orders", "Startup Cost": 0.0, "Total Cost": 805975.83, "Plan Rows": 575746, "Plan Width": 16, "Filter": "((o_orderdate >= '1993-08-01 00:00:00'::timestamp(0) without time zone) AND (o_orderdate < '1993-11-01 00:00:00'::timestamp without time zone)), (LLVM Optimized)"}]}]}]}]}, {"Node Type": "Index Scan", "Parent Relationship": "Inner", "Scan Direction": "Forward", "Index Name": "idx_lineitem_orderkey", "Relation Name": "lineitem", "Alias": "lineitem", "Startup Cost": 0.0, "Total Cost": 5.38, "Plan Rows": 3, "Plan Width": 24, "Index Cond": "(l_orderkey = orders.o_orderkey)", "Filter": "(l_returnflag = 'R'::bpchar)"}]}]}]}]}, "Unique SQL Id": 1604070524, "Planner Runtime": 1}, "explain_analyze_plan": {"Plan": {"Node Type": "Limit", "Startup Cost": 4223644.28, "Total Cost": 4223644.33, "Plan Rows": 20, "Plan Width": 199, "Actual Startup Time": 22269.368, "Actual Total Time": 22269.372, "Actual Rows": 20, "Actual Loops": 1, "Plans": [{"Node Type": "Sort", "Parent Relationship": "Outer", "Startup Cost": 4223644.28, "Total Cost": 4227259.02, "Plan Rows": 20, "Plan Width": 199, "Actual Startup Time": 22269.365, "Actual Total Time": 22269.366, "Actual Rows": 20, "Actual Loops": 1, "Sort Key": ["(sum((lineitem.l_extendedprice * (1::double precision - lineitem.l_discount)))) DESC"], "Sort Method": "top-N heapsort", "Sort Space Used": 35, "Sort Space Type": "Memory", "Plans": [{"Node Type": "Aggregate", "Strategy": "Hashed", "Parent Relationship": "Outer", "Startup Cost": 4170710.47, "Total Cost": 4185169.45, "Plan Rows": 1445898, "Plan Width": 199, "Actual Startup Time": 21897.314, "Actual Total Time": 22134.132, "Actual Rows": 381542, "Actual Loops": 1, "Group By Key": ["customer.c_custkey", "customer.c_name", "customer.c_acctbal", "customer.c_phone", "nation.n_name", "customer.c_address", "customer.c_comment"], "Plans": [{"Node Type": "Nested Loop", "Parent Relationship": "Outer", "Join Type": "Inner", "Startup Cost": 1009296.7, "Total Cost": 4134563.02, "Plan Rows": 1445898, "Plan Width": 191, "Actual Startup Time": 12418.581, "Actual Total Time": 20160.172, "Actual Rows": 1145969, "Actual Loops": 1, "Inner Unique": false, "Plans": [{"Node Type": "Merge Join", "Parent Relationship": "Outer", "Join Type": "Inner", "Startup Cost": 1009296.7, "Total Cost": 1017945.58, "Plan Rows": 575746, "Plan Width": 183, "Actual Startup Time": 12418.482, "Actual Total Time": 12816.301, "Actual Rows": 573635, "Actual Loops": 1, "Inner Unique": false, "Merge Cond": "(nation.n_nationkey = customer.c_nationkey)", "Plans": [{"Node Type": "Index Scan", "Parent Relationship": "Outer", "Scan Direction": "Forward", "Index Name": "nation_pkey", "Relation Name": "nation", "Alias": "nation", "Startup Cost": 0.0, "Total Cost": 12.62, "Plan Rows": 25, "Plan Width": 30, "Actual Startup Time": 0.018, "Actual Total Time": 0.085, "Actual Rows": 25, "Actual Loops": 1}, {"Node Type": "Sort", "Parent Relationship": "Inner", "Startup Cost": 1009296.7, "Total Cost": 1010736.06, "Plan Rows": 575746, "Plan Width": 161, "Actual Startup Time": 12418.449, "Actual Total Time": 12555.891, "Actual Rows": 573635, "Actual Loops": 1, "Sort Key": ["customer.c_nationkey"], "Sort Method": "quicksort", "Sort Space Used": 185911, "Sort Space Type": "Memory", "Plans": [{"Node Type": "Merge Join", "Parent Relationship": "Outer", "Join Type": "Inner", "Startup Cost": 861062.85, "Total Cost": 954211.99, "Plan Rows": 575746, "Plan Width": 161, "Actual Startup Time": 10623.728, "Actual Total Time": 12124.724, "Actual Rows": 573635, "Actual Loops": 1, "Inner Unique": false, "Merge Cond": "(customer.c_custkey = orders.o_custkey)", "Plans": [{"Node Type": "Index Scan", "Parent Relationship": "Outer", "Scan Direction": "Forward", "Index Name": "customer_pkey", "Relation Name": "customer", "Alias": "customer", "Startup Cost": 0.0, "Total Cost": 80765.36, "Plan Rows": 1500000, "Plan Width": 153, "Actual Startup Time": 0.023, "Actual Total Time": 904.522, "Actual Rows": 1499999, "Actual Loops": 1}, {"Node Type": "Sort", "Parent Relationship": "Inner", "Startup Cost": 861060.54, "Total Cost": 862499.9, "Plan Rows": 575746, "Plan Width": 16, "Actual Startup Time": 10623.687, "Actual Total Time": 10748.431, "Actual Rows": 573635, "Actual Loops": 1, "Sort Key": ["orders.o_custkey"], "Sort Method": "quicksort", "Sort Space Used": 78355, "Sort Space Type": "Memory", "Plans": [{"Node Type": "Index Scan", "Parent Relationship": "Outer", "Scan Direction": "Forward", "Index Name": "orders_pkey", "Relation Name": "orders", "Alias": "orders", "Startup Cost": 0.0, "Total Cost": 805975.83, "Plan Rows": 575746, "Plan Width": 16, "Actual Startup Time": 0.036, "Actual Total Time": 10368.715, "Actual Rows": 573635, "Actual Loops": 1, "Filter": "((o_orderdate >= '1993-08-01 00:00:00'::timestamp(0) without time zone) AND (o_orderdate < '1993-11-01 00:00:00'::timestamp without time zone)), (LLVM Optimized, Jit Execute)", "Rows Removed by Filter": 14426365}]}]}]}]}, {"Node Type": "Index Scan", "Parent Relationship": "Inner", "Scan Direction": "Forward", "Index Name": "idx_lineitem_orderkey", "Relation Name": "lineitem", "Alias": "lineitem", "Startup Cost": 0.0, "Total Cost": 5.38, "Plan Rows": 3, "Plan Width": 24, "Actual Startup Time": 5507.06, "Actual Total Time": 6731.811, "Actual Rows": 1145969, "Actual Loops": 573635, "Index Cond": "(l_orderkey = orders.o_orderkey)", "Rows Removed by Index Recheck": 0, "Filter": "(l_returnflag = 'R'::bpchar)", "Rows Removed by Filter": 1146896}]}]}]}]}, "Triggers": [], "Planner Runtime": 1, "Total Runtime": 22279.579, "Unique SQL Id": 1604070524}}, "(16, 94)": {"explain_plan": {"Plan": {"Node Type": "Limit", "Startup Cost": 5010176.71, "Total Cost": 5010176.76, "Plan Rows": 20, "Plan Width": 199, "Plans": [{"Node Type": "Sort", "Parent Relationship": "Outer", "Startup Cost": 5010176.71, "Total Cost": 5013791.45, "Plan Rows": 20, "Plan Width": 199, "Sort Key": ["(sum((lineitem.l_extendedprice * (1::double precision - lineitem.l_discount)))) DESC"], "Plans": [{"Node Type": "Aggregate", "Strategy": "Hashed", "Parent Relationship": "Outer", "Startup Cost": 4957242.9, "Total Cost": 4971701.88, "Plan Rows": 1445898, "Plan Width": 199, "Group By Key": ["customer.c_custkey", "customer.c_name", "customer.c_acctbal", "customer.c_phone", "nation.n_name", "customer.c_address", "customer.c_comment"], "Plans": [{"Node Type": "Merge Join", "Parent Relationship": "Outer", "Join Type": "Inner", "Startup Cost": 4829583.01, "Total Cost": 4921095.45, "Plan Rows": 1445898, "Plan Width": 191, "Inner Unique": false, "Merge Cond": "(orders.o_orderkey = lineitem.l_orderkey)", "Plans": [{"Node Type": "Sort", "Parent Relationship": "Outer", "Startup Cost": 897439.53, "Total Cost": 898878.9, "Plan Rows": 575746, "Plan Width": 183, "Sort Key": ["orders.o_orderkey"], "Plans": [{"Node Type": "Merge Join", "Parent Relationship": "Outer", "Join Type": "Inner", "Startup Cost": 833718.51, "Total Cost": 842354.83, "Plan Rows": 575746, "Plan Width": 183, "Inner Unique": false, "Merge Cond": "(nation.n_nationkey = customer.c_nationkey)", "Plans": [{"Node Type": "Sort", "Parent Relationship": "Outer", "Startup Cost": 1.83, "Total Cost": 1.89, "Plan Rows": 25, "Plan Width": 30, "Sort Key": ["nation.n_nationkey"], "Plans": [{"Node Type": "Seq Scan", "Parent Relationship": "Outer", "Relation Name": "nation", "Alias": "nation", "Startup Cost": 0.0, "Total Cost": 1.25, "Plan Rows": 25, "Plan Width": 30}]}, {"Node Type": "Sort", "Parent Relationship": "Inner", "Startup Cost": 833716.68, "Total Cost": 835156.05, "Plan Rows": 575746, "Plan Width": 161, "Sort Key": ["customer.c_nationkey"], "Plans": [{"Node Type": "Merge Join", "Parent Relationship": "Outer", "Join Type": "Inner", "Startup Cost": 762496.08, "Total Cost": 778631.97, "Plan Rows": 575746, "Plan Width": 161, "Inner Unique": false, "Merge Cond": "(customer.c_custkey = orders.o_custkey)", "Plans": [{"Node Type": "Sort", "Parent Relationship": "Outer", "Startup Cost": 205999.98, "Total Cost": 209749.98, "Plan Rows": 1500000, "Plan Width": 153, "Sort Key": ["customer.c_custkey"], "Plans": [{"Node Type": "Seq Scan", "Parent Relationship": "Outer", "Relation Name": "customer", "Alias": "customer", "Startup Cost": 0.0, "Total Cost": 52126.0, "Plan Rows": 1500000, "Plan Width": 153}]}, {"Node Type": "Sort", "Parent Relationship": "Inner", "Startup Cost": 556495.89, "Total Cost": 557935.26, "Plan Rows": 575746, "Plan Width": 16, "Sort Key": ["orders.o_custkey"], "Plans": [{"Node Type": "Seq Scan", "Parent Relationship": "Outer", "Relation Name": "orders", "Alias": "orders", "Startup Cost": 585.62, "Total Cost": 501411.18, "Plan Rows": 575746, "Plan Width": 16, "Filter": "((o_orderdate >= '1993-08-01 00:00:00'::timestamp(0) without time zone) AND (o_orderdate < '1993-11-01 00:00:00'::timestamp without time zone)), (LLVM Optimized)"}]}]}]}]}]}, {"Node Type": "Sort", "Parent Relationship": "Inner", "Startup Cost": 3932143.37, "Total Cost": 3969231.39, "Plan Rows": 14835209, "Plan Width": 24, "Sort Key": ["lineitem.l_orderkey"], "Plans": [{"Node Type": "Seq Scan", "Parent Relationship": "Outer", "Relation Name": "lineitem", "Alias": "lineitem", "Startup Cost": 0.0, "Total Cost": 2165082.91, "Plan Rows": 14835209, "Plan Width": 24, "Filter": "(l_returnflag = 'R'::bpchar), (LLVM Optimized)"}]}]}]}]}]}, "Unique SQL Id": 1604070524, "Planner Runtime": 1}, "explain_analyze_plan": {"Plan": {"Node Type": "Limit", "Startup Cost": 5010176.71, "Total Cost": 5010176.76, "Plan Rows": 20, "Plan Width": 199, "Actual Startup Time": 42925.471, "Actual Total Time": 42925.479, "Actual Rows": 20, "Actual Loops": 1, "Plans": [{"Node Type": "Sort", "Parent Relationship": "Outer", "Startup Cost": 5010176.71, "Total Cost": 5013791.45, "Plan Rows": 20, "Plan Width": 199, "Actual Startup Time": 42925.467, "Actual Total Time": 42925.47, "Actual Rows": 20, "Actual Loops": 1, "Sort Key": ["(sum((lineitem.l_extendedprice * (1::double precision - lineitem.l_discount)))) DESC"], "Sort Method": "top-N heapsort", "Sort Space Used": 35, "Sort Space Type": "Memory", "Plans": [{"Node Type": "Aggregate", "Strategy": "Hashed", "Parent Relationship": "Outer", "Startup Cost": 4957242.9, "Total Cost": 4971701.88, "Plan Rows": 1445898, "Plan Width": 199, "Actual Startup Time": 42469.953, "Actual Total Time": 42789.683, "Actual Rows": 381542, "Actual Loops": 1, "Group By Key": ["customer.c_custkey", "customer.c_name", "customer.c_acctbal", "customer.c_phone", "nation.n_name", "customer.c_address", "customer.c_comment"], "Plans": [{"Node Type": "Merge Join", "Parent Relationship": "Outer", "Join Type": "Inner", "Startup Cost": 4829583.01, "Total Cost": 4921095.45, "Plan Rows": 1445898, "Plan Width": 191, "Actual Startup Time": 35831.866, "Actual Total Time": 40803.504, "Actual Rows": 1145969, "Actual Loops": 1, "Inner Unique": false, "Merge Cond": "(orders.o_orderkey = lineitem.l_orderkey)", "Plans": [{"Node Type": "Sort", "Parent Relationship": "Outer", "Startup Cost": 897439.53, "Total Cost": 898878.9, "Plan Rows": 575746, "Plan Width": 183, "Actual Startup Time": 8379.873, "Actual Total Time": 8512.831, "Actual Rows": 573635, "Actual Loops": 1, "Sort Key": ["orders.o_orderkey"], "Sort Method": "quicksort", "Sort Space Used": 199246, "Sort Space Type": "Memory", "Plans": [{"Node Type": "Merge Join", "Parent Relationship": "Outer", "Join Type": "Inner", "Startup Cost": 833718.51, "Total Cost": 842354.83, "Plan Rows": 575746, "Plan Width": 183, "Actual Startup Time": 7693.657, "Actual Total Time": 8045.534, "Actual Rows": 573635, "Actual Loops": 1, "Inner Unique": false, "Merge Cond": "(nation.n_nationkey = customer.c_nationkey)", "Plans": [{"Node Type": "Sort", "Parent Relationship": "Outer", "Startup Cost": 1.83, "Total Cost": 1.89, "Plan Rows": 25, "Plan Width": 30, "Actual Startup Time": 0.051, "Actual Total Time": 0.059, "Actual Rows": 25, "Actual Loops": 1, "Sort Key": ["nation.n_nationkey"], "Sort Method": "quicksort", "Sort Space Used": 27, "Sort Space Type": "Memory", "Plans": [{"Node Type": "Seq Scan", "Parent Relationship": "Outer", "Relation Name": "nation", "Alias": "nation", "Startup Cost": 0.0, "Total Cost": 1.25, "Plan Rows": 25, "Plan Width": 30, "Actual Startup Time": 0.022, "Actual Total Time": 0.027, "Actual Rows": 25, "Actual Loops": 1}]}, {"Node Type": "Sort", "Parent Relationship": "Inner", "Startup Cost": 833716.68, "Total Cost": 835156.05, "Plan Rows": 575746, "Plan Width": 161, "Actual Startup Time": 7693.593, "Actual Total Time": 7814.537, "Actual Rows": 573635, "Actual Loops": 1, "Sort Key": ["customer.c_nationkey"], "Sort Method": "quicksort", "Sort Space Used": 185911, "Sort Space Type": "Memory", "Plans": [{"Node Type": "Merge Join", "Parent Relationship": "Outer", "Join Type": "Inner", "Startup Cost": 762496.08, "Total Cost": 778631.97, "Plan Rows": 575746, "Plan Width": 161, "Actual Startup Time": 6482.005, "Actual Total Time": 7429.181, "Actual Rows": 573635, "Actual Loops": 1, "Inner Unique": false, "Merge Cond": "(customer.c_custkey = orders.o_custkey)", "Plans": [{"Node Type": "Sort", "Parent Relationship": "Outer", "Startup Cost": 205999.98, "Total Cost": 209749.98, "Plan Rows": 1500000, "Plan Width": 153, "Actual Startup Time": 1283.747, "Actual Total Time": 1577.549, "Actual Rows": 1499999, "Actual Loops": 1, "Sort Key": ["customer.c_custkey"], "Sort Method": "quicksort", "Sort Space Used": 470340, "Sort Space Type": "Memory", "Plans": [{"Node Type": "Seq Scan", "Parent Relationship": "Outer", "Relation Name": "customer", "Alias": "customer", "Startup Cost": 0.0, "Total Cost": 52126.0, "Plan Rows": 1500000, "Plan Width": 153, "Actual Startup Time": 0.013, "Actual Total Time": 564.354, "Actual Rows": 1500000, "Actual Loops": 1}]}, {"Node Type": "Sort", "Parent Relationship": "Inner", "Startup Cost": 556495.89, "Total Cost": 557935.26, "Plan Rows": 575746, "Plan Width": 16, "Actual Startup Time": 5198.243, "Actual Total Time": 5327.102, "Actual Rows": 573635, "Actual Loops": 1, "Sort Key": ["orders.o_custkey"], "Sort Method": "quicksort", "Sort Space Used": 78355, "Sort Space Type": "Memory", "Plans": [{"Node Type": "Seq Scan", "Parent Relationship": "Outer", "Relation Name": "orders", "Alias": "orders", "Startup Cost": 585.62, "Total Cost": 501411.18, "Plan Rows": 575746, "Plan Width": 16, "Actual Startup Time": 0.031, "Actual Total Time": 4947.491, "Actual Rows": 573635, "Actual Loops": 1, "Filter": "((o_orderdate >= '1993-08-01 00:00:00'::timestamp(0) without time zone) AND (o_orderdate < '1993-11-01 00:00:00'::timestamp without time zone)), (LLVM Optimized, Jit Execute)", "Rows Removed by Filter": 14426365}]}]}]}]}]}, {"Node Type": "Sort", "Parent Relationship": "Inner", "Startup Cost": 3932143.37, "Total Cost": 3969231.39, "Plan Rows": 14835209, "Plan Width": 24, "Actual Startup Time": 27451.891, "Actual Total Time": 29414.35, "Actual Rows": 14808182, "Actual Loops": 1, "Sort Key": ["lineitem.l_orderkey"], "Sort Method": "quicksort", "Sort Space Used": 1781484, "Sort Space Type": "Memory", "Plans": [{"Node Type": "Seq Scan", "Parent Relationship": "Outer", "Relation Name": "lineitem", "Alias": "lineitem", "Startup Cost": 0.0, "Total Cost": 2165082.91, "Plan Rows": 14835209, "Plan Width": 24, "Actual Startup Time": 0.036, "Actual Total Time": 22383.973, "Actual Rows": 14808183, "Actual Loops": 1, "Filter": "(l_returnflag = 'R'::bpchar), (LLVM Optimized, Jit Execute)", "Rows Removed by Filter": 45177869}]}]}]}]}]}, "Triggers": [], "Planner Runtime": 1, "Total Runtime": 42936.651, "Unique SQL Id": 1604070524}}, "(16, 95)": {"explain_plan": {"Plan": {"Node Type": "Limit", "Startup Cost": 4000462083455.39, "Total Cost": 4000462083455.44, "Plan Rows": 20, "Plan Width": 199, "Plans": [{"Node Type": "Sort", "Parent Relationship": "Outer", "Startup Cost": 4000462083455.39, "Total Cost": 4000462087070.14, "Plan Rows": 20, "Plan Width": 199, "Sort Key": ["(sum((lineitem.l_extendedprice * (1::double precision - lineitem.l_discount)))) DESC"], "Plans": [{"Node Type": "Aggregate", "Strategy": "Hashed", "Parent Relationship": "Outer", "Startup Cost": 4000462030521.59, "Total Cost": 4000462044980.57, "Plan Rows": 1445898, "Plan Width": 199, "Group By Key": ["customer.c_custkey", "customer.c_name", "customer.c_acctbal", "customer.c_phone", "nation.n_name", "customer.c_address", "customer.c_comment"], "Plans": [{"Node Type": "Merge Join", "Parent Relationship": "Outer", "Join Type": "Inner", "Startup Cost": 3010139082765.1, "Total Cost": 4000461994374.14, "Plan Rows": 1445898, "Plan Width": 191, "Inner Unique": false, "Merge Cond": "(orders.o_orderkey = lineitem.l_orderkey)", "Plans": [{"Node Type": "Sort", "Parent Relationship": "Outer", "Startup Cost": 3000139082765.0, "Total Cost": 3000139084204.36, "Plan Rows": 575746, "Plan Width": 183, "Sort Key": ["orders.o_orderkey"], "Plans": [{"Node Type": "Merge Join", "Parent Relationship": "Outer", "Join Type": "Inner", "Startup Cost": 2010139017781.54, "Total Cost": 3000139027680.29, "Plan Rows": 575746, "Plan Width": 183, "Inner Unique": false, "Merge Cond": "(nation.n_nationkey = customer.c_nationkey)", "Plans": [{"Node Type": "Index Scan", "Parent Relationship": "Outer", "Scan Direction": "Forward", "Index Name": "nation_pkey", "Relation Name": "nation", "Alias": "nation", "Startup Cost": 10000000000.0, "Total Cost": 1000000001262.5, "Plan Rows": 25, "Plan Width": 30}, {"Node Type": "Sort", "Parent Relationship": "Inner", "Startup Cost": 2000139017781.54, "Total Cost": 2000139019220.9, "Plan Rows": 575746, "Plan Width": 161, "Sort Key": ["customer.c_nationkey"], "Plans": [{"Node Type": "Merge Join", "Parent Relationship": "Outer", "Join Type": "Inner", "Startup Cost": 20027060220.86, "Total Cost": 2000138962696.83, "Plan Rows": 575746, "Plan Width": 161, "Inner Unique": false, "Merge Cond": "(customer.c_custkey = orders.o_custkey)", "Plans": [{"Node Type": "Index Scan", "Parent Relationship": "Outer", "Scan Direction": "Forward", "Index Name": "customer_pkey", "Relation Name": "customer", "Alias": "customer", "Startup Cost": 10000000000.0, "Total Cost": 1000008076535.62, "Plan Rows": 1500000, "Plan Width": 153}, {"Node Type": "Index Scan", "Parent Relationship": "Inner", "Scan Direction": "Forward", "Index Name": "idx_orders_custkey", "Relation Name": "orders", "Alias": "orders", "Startup Cost": 10000000000.0, "Total Cost": 1000163551268.58, "Plan Rows": 575746, "Plan Width": 16, "Filter": "((o_orderdate >= '1993-08-01 00:00:00'::timestamp(0) without time zone) AND (o_orderdate < '1993-11-01 00:00:00'::timestamp without time zone)), (LLVM Optimized)"}]}]}]}]}, {"Node Type": "Index Scan", "Parent Relationship": "Inner", "Scan Direction": "Forward", "Index Name": "idx_lineitem_orderkey", "Relation Name": "lineitem", "Alias": "lineitem", "Startup Cost": 10000000000.0, "Total Cost": 1000339012132.75, "Plan Rows": 14835209, "Plan Width": 24, "Filter": "(l_returnflag = 'R'::bpchar), (LLVM Optimized)"}]}]}]}]}, "Unique SQL Id": 1604070524, "Planner Runtime": 1}, "explain_analyze_plan": null}, "(16, 96)": {"explain_plan": {"Plan": {"Node Type": "Limit", "Startup Cost": 2741876.6, "Total Cost": 2741876.65, "Plan Rows": 20, "Plan Width": 199, "Plans": [{"Node Type": "Sort", "Parent Relationship": "Outer", "Startup Cost": 2741876.6, "Total Cost": 2745491.35, "Plan Rows": 20, "Plan Width": 199, "Sort Key": ["(sum((lineitem.l_extendedprice * (1::double precision - lineitem.l_discount)))) DESC"], "Plans": [{"Node Type": "Aggregate", "Strategy": "Hashed", "Parent Relationship": "Outer", "Startup Cost": 2688942.8, "Total Cost": 2703401.78, "Plan Rows": 1445898, "Plan Width": 199, "Group By Key": ["customer.c_custkey", "customer.c_name", "customer.c_acctbal", "customer.c_phone", "nation.n_name", "customer.c_address", "customer.c_comment"], "Plans": [{"Node Type": "Hash Join", "Parent Relationship": "Outer", "Join Type": "Inner", "Startup Cost": 377859.22, "Total Cost": 2652795.35, "Plan Rows": 1445898, "Plan Width": 191, "Inner Unique": true, "Hash Cond": "(customer.c_nationkey = nation.n_nationkey), (LLVM Optimized)", "Plans": [{"Node Type": "Hash Join", "Parent Relationship": "Outer", "Join Type": "Inner", "Startup Cost": 377857.66, "Total Cost": 2632912.69, "Plan Rows": 1445898, "Plan Width": 169, "Inner Unique": true, "Hash Cond": "(orders.o_custkey = customer.c_custkey), (LLVM Optimized)", "Plans": [{"Node Type": "Hash Join", "Parent Relationship": "Outer", "Join Type": "Inner", "Startup Cost": 306981.66, "Total Cost": 2542155.59, "Plan Rows": 1445898, "Plan Width": 24, "Inner Unique": true, "Hash Cond": "(lineitem.l_orderkey = orders.o_orderkey), (LLVM Optimized)", "Plans": [{"Node Type": "Seq Scan", "Parent Relationship": "Outer", "Relation Name": "lineitem", "Alias": "lineitem", "Startup Cost": 0.0, "Total Cost": 2165082.91, "Plan Rows": 14835209, "Plan Width": 24, "Filter": "(l_returnflag = 'R'::bpchar), (LLVM Optimized)"}, {"Node Type": "Hash", "Parent Relationship": "Inner", "Startup Cost": 299784.84, "Total Cost": 299784.84, "Plan Rows": 575746, "Plan Width": 16, "Plans": [{"Node Type": "Bitmap Heap Scan", "Parent Relationship": "Outer", "Relation Name": "orders", "Alias": "orders", "Startup Cost": 14729.65, "Total Cost": 299784.84, "Plan Rows": 575746, "Plan Width": 16, "Recheck Cond": "((o_orderdate >= '1993-08-01 00:00:00'::timestamp(0) without time zone) AND (o_orderdate < '1993-11-01 00:00:00'::timestamp without time zone)), (LLVM Optimized)", "Plans": [{"Node Type": "Bitmap Index Scan", "Parent Relationship": "Outer", "Index Name": "idx_orders_orderdate", "Startup Cost": 0.0, "Total Cost": 14585.71, "Plan Rows": 575746, "Plan Width": 0, "Index Cond": "((o_orderdate >= '1993-08-01 00:00:00'::timestamp(0) without time zone) AND (o_orderdate < '1993-11-01 00:00:00'::timestamp without time zone))"}]}]}]}, {"Node Type": "Hash", "Parent Relationship": "Inner", "Startup Cost": 52126.0, "Total Cost": 52126.0, "Plan Rows": 1500000, "Plan Width": 153, "Plans": [{"Node Type": "Seq Scan", "Parent Relationship": "Outer", "Relation Name": "customer", "Alias": "customer", "Startup Cost": 0.0, "Total Cost": 52126.0, "Plan Rows": 1500000, "Plan Width": 153}]}]}, {"Node Type": "Hash", "Parent Relationship": "Inner", "Startup Cost": 1.25, "Total Cost": 1.25, "Plan Rows": 25, "Plan Width": 30, "Plans": [{"Node Type": "Seq Scan", "Parent Relationship": "Outer", "Relation Name": "nation", "Alias": "nation", "Startup Cost": 0.0, "Total Cost": 1.25, "Plan Rows": 25, "Plan Width": 30}]}]}]}]}]}, "Unique SQL Id": 1604070524, "Planner Runtime": 1}, "explain_analyze_plan": {"Plan": {"Node Type": "Limit", "Startup Cost": 2741876.6, "Total Cost": 2741876.65, "Plan Rows": 20, "Plan Width": 199, "Actual Startup Time": 32366.791, "Actual Total Time": 32366.797, "Actual Rows": 20, "Actual Loops": 1, "Plans": [{"Node Type": "Sort", "Parent Relationship": "Outer", "Startup Cost": 2741876.6, "Total Cost": 2745491.35, "Plan Rows": 20, "Plan Width": 199, "Actual Startup Time": 32366.788, "Actual Total Time": 32366.792, "Actual Rows": 20, "Actual Loops": 1, "Sort Key": ["(sum((lineitem.l_extendedprice * (1::double precision - lineitem.l_discount)))) DESC"], "Sort Method": "top-N heapsort", "Sort Space Used": 35, "Sort Space Type": "Memory", "Plans": [{"Node Type": "Aggregate", "Strategy": "Hashed", "Parent Relationship": "Outer", "Startup Cost": 2688942.8, "Total Cost": 2703401.78, "Plan Rows": 1445898, "Plan Width": 199, "Actual Startup Time": 31978.233, "Actual Total Time": 32230.896, "Actual Rows": 381542, "Actual Loops": 1, "Group By Key": ["customer.c_custkey", "customer.c_name", "customer.c_acctbal", "customer.c_phone", "nation.n_name", "customer.c_address", "customer.c_comment"], "Plans": [{"Node Type": "Hash Join", "Parent Relationship": "Outer", "Join Type": "Inner", "Startup Cost": 377859.22, "Total Cost": 2652795.35, "Plan Rows": 1445898, "Plan Width": 191, "Actual Startup Time": 2668.375, "Actual Total Time": 30150.047, "Actual Rows": 1145969, "Actual Loops": 1, "Inner Unique": true, "Hash Cond": "(customer.c_nationkey = nation.n_nationkey), (LLVM Optimized, Jit Execute)", "Plans": [{"Node Type": "Hash Join", "Parent Relationship": "Outer", "Join Type": "Inner", "Startup Cost": 377857.66, "Total Cost": 2632912.69, "Plan Rows": 1445898, "Plan Width": 169, "Actual Startup Time": 2668.286, "Actual Total Time": 29684.602, "Actual Rows": 1145969, "Actual Loops": 1, "Inner Unique": true, "Hash Cond": "(orders.o_custkey = customer.c_custkey), (LLVM Optimized, Jit Execute)", "Plans": [{"Node Type": "Hash Join", "Parent Relationship": "Outer", "Join Type": "Inner", "Startup Cost": 306981.66, "Total Cost": 2542155.59, "Plan Rows": 1445898, "Plan Width": 24, "Actual Startup Time": 1386.463, "Actual Total Time": 27642.574, "Actual Rows": 1145969, "Actual Loops": 1, "Inner Unique": true, "Hash Cond": "(lineitem.l_orderkey = orders.o_orderkey), (LLVM Optimized, Jit Execute)", "Plans": [{"Node Type": "Seq Scan", "Parent Relationship": "Outer", "Relation Name": "lineitem", "Alias": "lineitem", "Startup Cost": 0.0, "Total Cost": 2165082.91, "Plan Rows": 14835209, "Plan Width": 24, "Actual Startup Time": 0.021, "Actual Total Time": 22090.21, "Actual Rows": 14808183, "Actual Loops": 1, "Filter": "(l_returnflag = 'R'::bpchar), (LLVM Optimized, Jit Execute)", "Rows Removed by Filter": 45177869}, {"Node Type": "Hash", "Parent Relationship": "Inner", "Startup Cost": 299784.84, "Total Cost": 299784.84, "Plan Rows": 575746, "Plan Width": 16, "Actual Startup Time": 1385.671, "Actual Total Time": 1385.671, "Actual Rows": 573635, "Actual Loops": 1, "Hash Buckets": 1048576, "Hash Batches": 1, "Original Hash Batches": 1, "Peak Memory Usage": 26890, "Plans": [{"Node Type": "Bitmap Heap Scan", "Parent Relationship": "Outer", "Relation Name": "orders", "Alias": "orders", "Startup Cost": 14729.65, "Total Cost": 299784.84, "Plan Rows": 575746, "Plan Width": 16, "Actual Startup Time": 280.557, "Actual Total Time": 1156.886, "Actual Rows": 573635, "Actual Loops": 1, "Recheck Cond": "((o_orderdate >= '1993-08-01 00:00:00'::timestamp(0) without time zone) AND (o_orderdate < '1993-11-01 00:00:00'::timestamp without time zone)), (LLVM Optimized, Jit Execute)", "Rows Removed by Index Recheck": 0, "Exact Heap Blocks": 242860, "Lossy Heap Blocks": 242860, "Plans": [{"Node Type": "Bitmap Index Scan", "Parent Relationship": "Outer", "Index Name": "idx_orders_orderdate", "Startup Cost": 0.0, "Total Cost": 14585.71, "Plan Rows": 575746, "Plan Width": 0, "Actual Startup Time": 199.97, "Actual Total Time": 199.97, "Actual Rows": 573635, "Actual Loops": 1, "Index Cond": "((o_orderdate >= '1993-08-01 00:00:00'::timestamp(0) without time zone) AND (o_orderdate < '1993-11-01 00:00:00'::timestamp without time zone))"}]}]}]}, {"Node Type": "Hash", "Parent Relationship": "Inner", "Startup Cost": 52126.0, "Total Cost": 52126.0, "Plan Rows": 1500000, "Plan Width": 153, "Actual Startup Time": 1280.614, "Actual Total Time": 1280.614, "Actual Rows": 1500000, "Actual Loops": 1, "Hash Buckets": 2097152, "Hash Batches": 1, "Original Hash Batches": 1, "Peak Memory Usage": 282695, "Plans": [{"Node Type": "Seq Scan", "Parent Relationship": "Outer", "Relation Name": "customer", "Alias": "customer", "Startup Cost": 0.0, "Total Cost": 52126.0, "Plan Rows": 1500000, "Plan Width": 153, "Actual Startup Time": 0.017, "Actual Total Time": 610.086, "Actual Rows": 1500000, "Actual Loops": 1}]}]}, {"Node Type": "Hash", "Parent Relationship": "Inner", "Startup Cost": 1.25, "Total Cost": 1.25, "Plan Rows": 25, "Plan Width": 30, "Actual Startup Time": 0.042, "Actual Total Time": 0.042, "Actual Rows": 25, "Actual Loops": 1, "Hash Buckets": 32768, "Hash Batches": 1, "Original Hash Batches": 1, "Peak Memory Usage": 2, "Plans": [{"Node Type": "Seq Scan", "Parent Relationship": "Outer", "Relation Name": "nation", "Alias": "nation", "Startup Cost": 0.0, "Total Cost": 1.25, "Plan Rows": 25, "Plan Width": 30, "Actual Startup Time": 0.019, "Actual Total Time": 0.025, "Actual Rows": 25, "Actual Loops": 1}]}]}]}]}]}, "Triggers": [], "Planner Runtime": 1, "Total Runtime": 32378.341, "Unique SQL Id": 1604070524}}, "(16, 97)": {"explain_plan": {"Plan": {"Node Type": "Limit", "Startup Cost": 3620844.85, "Total Cost": 3620844.9, "Plan Rows": 20, "Plan Width": 199, "Plans": [{"Node Type": "Sort", "Parent Relationship": "Outer", "Startup Cost": 3620844.85, "Total Cost": 3624459.59, "Plan Rows": 20, "Plan Width": 199, "Sort Key": ["(sum((lineitem.l_extendedprice * (1::double precision - lineitem.l_discount)))) DESC"], "Plans": [{"Node Type": "Aggregate", "Strategy": "Hashed", "Parent Relationship": "Outer", "Startup Cost": 3567911.04, "Total Cost": 3582370.02, "Plan Rows": 1445898, "Plan Width": 199, "Group By Key": ["customer.c_custkey", "customer.c_name", "customer.c_acctbal", "customer.c_phone", "nation.n_name", "customer.c_address", "customer.c_comment"], "Plans": [{"Node Type": "Nested Loop", "Parent Relationship": "Outer", "Join Type": "Inner", "Startup Cost": 114257.94, "Total Cost": 3531763.59, "Plan Rows": 1445898, "Plan Width": 191, "Inner Unique": false, "Plans": [{"Node Type": "Hash Join", "Parent Relationship": "Outer", "Join Type": "Inner", "Startup Cost": 114257.94, "Total Cost": 415146.15, "Plan Rows": 575746, "Plan Width": 183, "Inner Unique": true, "Hash Cond": "(customer.c_nationkey = nation.n_nationkey), (LLVM Optimized)", "Plans": [{"Node Type": "Hash Join", "Parent Relationship": "Outer", "Join Type": "Inner", "Startup Cost": 114245.0, "Total Cost": 407216.7, "Plan Rows": 575746, "Plan Width": 161, "Inner Unique": true, "Hash Cond": "(orders.o_custkey = customer.c_custkey), (LLVM Optimized)", "Plans": [{"Node Type": "Bitmap Heap Scan", "Parent Relationship": "Outer", "Relation Name": "orders", "Alias": "orders", "Startup Cost": 14729.65, "Total Cost": 299784.84, "Plan Rows": 575746, "Plan Width": 16, "Recheck Cond": "((o_orderdate >= '1993-08-01 00:00:00'::timestamp(0) without time zone) AND (o_orderdate < '1993-11-01 00:00:00'::timestamp without time zone)), (LLVM Optimized)", "Plans": [{"Node Type": "Bitmap Index Scan", "Parent Relationship": "Outer", "Index Name": "idx_orders_orderdate", "Startup Cost": 0.0, "Total Cost": 14585.71, "Plan Rows": 575746, "Plan Width": 0, "Index Cond": "((o_orderdate >= '1993-08-01 00:00:00'::timestamp(0) without time zone) AND (o_orderdate < '1993-11-01 00:00:00'::timestamp without time zone))"}]}, {"Node Type": "Hash", "Parent Relationship": "Inner", "Startup Cost": 80765.36, "Total Cost": 80765.36, "Plan Rows": 1500000, "Plan Width": 153, "Plans": [{"Node Type": "Index Scan", "Parent Relationship": "Outer", "Scan Direction": "Forward", "Index Name": "customer_pkey", "Relation Name": "customer", "Alias": "customer", "Startup Cost": 0.0, "Total Cost": 80765.36, "Plan Rows": 1500000, "Plan Width": 153}]}]}, {"Node Type": "Hash", "Parent Relationship": "Inner", "Startup Cost": 12.62, "Total Cost": 12.62, "Plan Rows": 25, "Plan Width": 30, "Plans": [{"Node Type": "Index Scan", "Parent Relationship": "Outer", "Scan Direction": "Forward", "Index Name": "nation_pkey", "Relation Name": "nation", "Alias": "nation", "Startup Cost": 0.0, "Total Cost": 12.62, "Plan Rows": 25, "Plan Width": 30}]}]}, {"Node Type": "Index Scan", "Parent Relationship": "Inner", "Scan Direction": "Forward", "Index Name": "idx_lineitem_orderkey", "Relation Name": "lineitem", "Alias": "lineitem", "Startup Cost": 0.0, "Total Cost": 5.38, "Plan Rows": 3, "Plan Width": 24, "Index Cond": "(l_orderkey = orders.o_orderkey)", "Filter": "(l_returnflag = 'R'::bpchar)"}]}]}]}]}, "Unique SQL Id": 1604070524, "Planner Runtime": 1}, "explain_analyze_plan": {"Plan": {"Node Type": "Limit", "Startup Cost": 3620844.85, "Total Cost": 3620844.9, "Plan Rows": 20, "Plan Width": 199, "Actual Startup Time": 14339.291, "Actual Total Time": 14339.3, "Actual Rows": 20, "Actual Loops": 1, "Plans": [{"Node Type": "Sort", "Parent Relationship": "Outer", "Startup Cost": 3620844.85, "Total Cost": 3624459.59, "Plan Rows": 20, "Plan Width": 199, "Actual Startup Time": 14339.286, "Actual Total Time": 14339.292, "Actual Rows": 20, "Actual Loops": 1, "Sort Key": ["(sum((lineitem.l_extendedprice * (1::double precision - lineitem.l_discount)))) DESC"], "Sort Method": "top-N heapsort", "Sort Space Used": 35, "Sort Space Type": "Memory", "Plans": [{"Node Type": "Aggregate", "Strategy": "Hashed", "Parent Relationship": "Outer", "Startup Cost": 3567911.04, "Total Cost": 3582370.02, "Plan Rows": 1445898, "Plan Width": 199, "Actual Startup Time": 13930.126, "Actual Total Time": 14202.669, "Actual Rows": 381542, "Actual Loops": 1, "Group By Key": ["customer.c_custkey", "customer.c_name", "customer.c_acctbal", "customer.c_phone", "nation.n_name", "customer.c_address", "customer.c_comment"], "Plans": [{"Node Type": "Nested Loop", "Parent Relationship": "Outer", "Join Type": "Inner", "Startup Cost": 114257.94, "Total Cost": 3531763.59, "Plan Rows": 1445898, "Plan Width": 191, "Actual Startup Time": 2113.963, "Actual Total Time": 12023.546, "Actual Rows": 1145969, "Actual Loops": 1, "Inner Unique": false, "Plans": [{"Node Type": "Hash Join", "Parent Relationship": "Outer", "Join Type": "Inner", "Startup Cost": 114257.94, "Total Cost": 415146.15, "Plan Rows": 575746, "Plan Width": 183, "Actual Startup Time": 2113.905, "Actual Total Time": 3925.924, "Actual Rows": 573635, "Actual Loops": 1, "Inner Unique": true, "Hash Cond": "(customer.c_nationkey = nation.n_nationkey), (LLVM Optimized, Jit Execute)", "Plans": [{"Node Type": "Hash Join", "Parent Relationship": "Outer", "Join Type": "Inner", "Startup Cost": 114245.0, "Total Cost": 407216.7, "Plan Rows": 575746, "Plan Width": 161, "Actual Startup Time": 2113.798, "Actual Total Time": 3672.375, "Actual Rows": 573635, "Actual Loops": 1, "Inner Unique": true, "Hash Cond": "(orders.o_custkey = customer.c_custkey), (LLVM Optimized, Jit Execute)", "Plans": [{"Node Type": "Bitmap Heap Scan", "Parent Relationship": "Outer", "Relation Name": "orders", "Alias": "orders", "Startup Cost": 14729.65, "Total Cost": 299784.84, "Plan Rows": 575746, "Plan Width": 16, "Actual Startup Time": 255.306, "Actual Total Time": 1209.216, "Actual Rows": 573635, "Actual Loops": 1, "Recheck Cond": "((o_orderdate >= '1993-08-01 00:00:00'::timestamp(0) without time zone) AND (o_orderdate < '1993-11-01 00:00:00'::timestamp without time zone)), (LLVM Optimized, Jit Execute)", "Rows Removed by Index Recheck": 0, "Exact Heap Blocks": 242860, "Lossy Heap Blocks": 242860, "Plans": [{"Node Type": "Bitmap Index Scan", "Parent Relationship": "Outer", "Index Name": "idx_orders_orderdate", "Startup Cost": 0.0, "Total Cost": 14585.71, "Plan Rows": 575746, "Plan Width": 0, "Actual Startup Time": 180.492, "Actual Total Time": 180.492, "Actual Rows": 573635, "Actual Loops": 1, "Index Cond": "((o_orderdate >= '1993-08-01 00:00:00'::timestamp(0) without time zone) AND (o_orderdate < '1993-11-01 00:00:00'::timestamp without time zone))"}]}, {"Node Type": "Hash", "Parent Relationship": "Inner", "Startup Cost": 80765.36, "Total Cost": 80765.36, "Plan Rows": 1500000, "Plan Width": 153, "Actual Startup Time": 1857.226, "Actual Total Time": 1857.226, "Actual Rows": 1500000, "Actual Loops": 1, "Hash Buckets": 2097152, "Hash Batches": 1, "Original Hash Batches": 1, "Peak Memory Usage": 282695, "Plans": [{"Node Type": "Index Scan", "Parent Relationship": "Outer", "Scan Direction": "Forward", "Index Name": "customer_pkey", "Relation Name": "customer", "Alias": "customer", "Startup Cost": 0.0, "Total Cost": 80765.36, "Plan Rows": 1500000, "Plan Width": 153, "Actual Startup Time": 0.043, "Actual Total Time": 1157.899, "Actual Rows": 1500000, "Actual Loops": 1}]}]}, {"Node Type": "Hash", "Parent Relationship": "Inner", "Startup Cost": 12.62, "Total Cost": 12.62, "Plan Rows": 25, "Plan Width": 30, "Actual Startup Time": 0.051, "Actual Total Time": 0.051, "Actual Rows": 25, "Actual Loops": 1, "Hash Buckets": 32768, "Hash Batches": 1, "Original Hash Batches": 1, "Peak Memory Usage": 2, "Plans": [{"Node Type": "Index Scan", "Parent Relationship": "Outer", "Scan Direction": "Forward", "Index Name": "nation_pkey", "Relation Name": "nation", "Alias": "nation", "Startup Cost": 0.0, "Total Cost": 12.62, "Plan Rows": 25, "Plan Width": 30, "Actual Startup Time": 0.019, "Actual Total Time": 0.034, "Actual Rows": 25, "Actual Loops": 1}]}]}, {"Node Type": "Index Scan", "Parent Relationship": "Inner", "Scan Direction": "Forward", "Index Name": "idx_lineitem_orderkey", "Relation Name": "lineitem", "Alias": "lineitem", "Startup Cost": 0.0, "Total Cost": 5.38, "Plan Rows": 3, "Plan Width": 24, "Actual Startup Time": 6123.392, "Actual Total Time": 7438.708, "Actual Rows": 1145969, "Actual Loops": 573635, "Index Cond": "(l_orderkey = orders.o_orderkey)", "Rows Removed by Index Recheck": 0, "Filter": "(l_returnflag = 'R'::bpchar)", "Rows Removed by Filter": 1146896}]}]}]}]}, "Triggers": [], "Planner Runtime": 1, "Total Runtime": 14350.386, "Unique SQL Id": 1604070524}}, "(16, 98)": {"explain_plan": {"Plan": {"Node Type": "Limit", "Startup Cost": 2741876.6, "Total Cost": 2741876.65, "Plan Rows": 20, "Plan Width": 199, "Plans": [{"Node Type": "Sort", "Parent Relationship": "Outer", "Startup Cost": 2741876.6, "Total Cost": 2745491.35, "Plan Rows": 20, "Plan Width": 199, "Sort Key": ["(sum((lineitem.l_extendedprice * (1::double precision - lineitem.l_discount)))) DESC"], "Plans": [{"Node Type": "Aggregate", "Strategy": "Hashed", "Parent Relationship": "Outer", "Startup Cost": 2688942.8, "Total Cost": 2703401.78, "Plan Rows": 1445898, "Plan Width": 199, "Group By Key": ["customer.c_custkey", "customer.c_name", "customer.c_acctbal", "customer.c_phone", "nation.n_name", "customer.c_address", "customer.c_comment"], "Plans": [{"Node Type": "Hash Join", "Parent Relationship": "Outer", "Join Type": "Inner", "Startup Cost": 377859.22, "Total Cost": 2652795.35, "Plan Rows": 1445898, "Plan Width": 191, "Inner Unique": true, "Hash Cond": "(customer.c_nationkey = nation.n_nationkey), (LLVM Optimized)", "Plans": [{"Node Type": "Hash Join", "Parent Relationship": "Outer", "Join Type": "Inner", "Startup Cost": 377857.66, "Total Cost": 2632912.69, "Plan Rows": 1445898, "Plan Width": 169, "Inner Unique": true, "Hash Cond": "(orders.o_custkey = customer.c_custkey), (LLVM Optimized)", "Plans": [{"Node Type": "Hash Join", "Parent Relationship": "Outer", "Join Type": "Inner", "Startup Cost": 306981.66, "Total Cost": 2542155.59, "Plan Rows": 1445898, "Plan Width": 24, "Inner Unique": true, "Hash Cond": "(lineitem.l_orderkey = orders.o_orderkey), (LLVM Optimized)", "Plans": [{"Node Type": "Seq Scan", "Parent Relationship": "Outer", "Relation Name": "lineitem", "Alias": "lineitem", "Startup Cost": 0.0, "Total Cost": 2165082.91, "Plan Rows": 14835209, "Plan Width": 24, "Filter": "(l_returnflag = 'R'::bpchar), (LLVM Optimized)"}, {"Node Type": "Hash", "Parent Relationship": "Inner", "Startup Cost": 299784.84, "Total Cost": 299784.84, "Plan Rows": 575746, "Plan Width": 16, "Plans": [{"Node Type": "Bitmap Heap Scan", "Parent Relationship": "Outer", "Relation Name": "orders", "Alias": "orders", "Startup Cost": 14729.65, "Total Cost": 299784.84, "Plan Rows": 575746, "Plan Width": 16, "Recheck Cond": "((o_orderdate >= '1993-08-01 00:00:00'::timestamp(0) without time zone) AND (o_orderdate < '1993-11-01 00:00:00'::timestamp without time zone)), (LLVM Optimized)", "Plans": [{"Node Type": "Bitmap Index Scan", "Parent Relationship": "Outer", "Index Name": "idx_orders_orderdate", "Startup Cost": 0.0, "Total Cost": 14585.71, "Plan Rows": 575746, "Plan Width": 0, "Index Cond": "((o_orderdate >= '1993-08-01 00:00:00'::timestamp(0) without time zone) AND (o_orderdate < '1993-11-01 00:00:00'::timestamp without time zone))"}]}]}]}, {"Node Type": "Hash", "Parent Relationship": "Inner", "Startup Cost": 52126.0, "Total Cost": 52126.0, "Plan Rows": 1500000, "Plan Width": 153, "Plans": [{"Node Type": "Seq Scan", "Parent Relationship": "Outer", "Relation Name": "customer", "Alias": "customer", "Startup Cost": 0.0, "Total Cost": 52126.0, "Plan Rows": 1500000, "Plan Width": 153}]}]}, {"Node Type": "Hash", "Parent Relationship": "Inner", "Startup Cost": 1.25, "Total Cost": 1.25, "Plan Rows": 25, "Plan Width": 30, "Plans": [{"Node Type": "Seq Scan", "Parent Relationship": "Outer", "Relation Name": "nation", "Alias": "nation", "Startup Cost": 0.0, "Total Cost": 1.25, "Plan Rows": 25, "Plan Width": 30}]}]}]}]}]}, "Unique SQL Id": 1604070524, "Planner Runtime": 1}, "explain_analyze_plan": {"Plan": {"Node Type": "Limit", "Startup Cost": 2741876.6, "Total Cost": 2741876.65, "Plan Rows": 20, "Plan Width": 199, "Actual Startup Time": 32366.791, "Actual Total Time": 32366.797, "Actual Rows": 20, "Actual Loops": 1, "Plans": [{"Node Type": "Sort", "Parent Relationship": "Outer", "Startup Cost": 2741876.6, "Total Cost": 2745491.35, "Plan Rows": 20, "Plan Width": 199, "Actual Startup Time": 32366.788, "Actual Total Time": 32366.792, "Actual Rows": 20, "Actual Loops": 1, "Sort Key": ["(sum((lineitem.l_extendedprice * (1::double precision - lineitem.l_discount)))) DESC"], "Sort Method": "top-N heapsort", "Sort Space Used": 35, "Sort Space Type": "Memory", "Plans": [{"Node Type": "Aggregate", "Strategy": "Hashed", "Parent Relationship": "Outer", "Startup Cost": 2688942.8, "Total Cost": 2703401.78, "Plan Rows": 1445898, "Plan Width": 199, "Actual Startup Time": 31978.233, "Actual Total Time": 32230.896, "Actual Rows": 381542, "Actual Loops": 1, "Group By Key": ["customer.c_custkey", "customer.c_name", "customer.c_acctbal", "customer.c_phone", "nation.n_name", "customer.c_address", "customer.c_comment"], "Plans": [{"Node Type": "Hash Join", "Parent Relationship": "Outer", "Join Type": "Inner", "Startup Cost": 377859.22, "Total Cost": 2652795.35, "Plan Rows": 1445898, "Plan Width": 191, "Actual Startup Time": 2668.375, "Actual Total Time": 30150.047, "Actual Rows": 1145969, "Actual Loops": 1, "Inner Unique": true, "Hash Cond": "(customer.c_nationkey = nation.n_nationkey), (LLVM Optimized, Jit Execute)", "Plans": [{"Node Type": "Hash Join", "Parent Relationship": "Outer", "Join Type": "Inner", "Startup Cost": 377857.66, "Total Cost": 2632912.69, "Plan Rows": 1445898, "Plan Width": 169, "Actual Startup Time": 2668.286, "Actual Total Time": 29684.602, "Actual Rows": 1145969, "Actual Loops": 1, "Inner Unique": true, "Hash Cond": "(orders.o_custkey = customer.c_custkey), (LLVM Optimized, Jit Execute)", "Plans": [{"Node Type": "Hash Join", "Parent Relationship": "Outer", "Join Type": "Inner", "Startup Cost": 306981.66, "Total Cost": 2542155.59, "Plan Rows": 1445898, "Plan Width": 24, "Actual Startup Time": 1386.463, "Actual Total Time": 27642.574, "Actual Rows": 1145969, "Actual Loops": 1, "Inner Unique": true, "Hash Cond": "(lineitem.l_orderkey = orders.o_orderkey), (LLVM Optimized, Jit Execute)", "Plans": [{"Node Type": "Seq Scan", "Parent Relationship": "Outer", "Relation Name": "lineitem", "Alias": "lineitem", "Startup Cost": 0.0, "Total Cost": 2165082.91, "Plan Rows": 14835209, "Plan Width": 24, "Actual Startup Time": 0.021, "Actual Total Time": 22090.21, "Actual Rows": 14808183, "Actual Loops": 1, "Filter": "(l_returnflag = 'R'::bpchar), (LLVM Optimized, Jit Execute)", "Rows Removed by Filter": 45177869}, {"Node Type": "Hash", "Parent Relationship": "Inner", "Startup Cost": 299784.84, "Total Cost": 299784.84, "Plan Rows": 575746, "Plan Width": 16, "Actual Startup Time": 1385.671, "Actual Total Time": 1385.671, "Actual Rows": 573635, "Actual Loops": 1, "Hash Buckets": 1048576, "Hash Batches": 1, "Original Hash Batches": 1, "Peak Memory Usage": 26890, "Plans": [{"Node Type": "Bitmap Heap Scan", "Parent Relationship": "Outer", "Relation Name": "orders", "Alias": "orders", "Startup Cost": 14729.65, "Total Cost": 299784.84, "Plan Rows": 575746, "Plan Width": 16, "Actual Startup Time": 280.557, "Actual Total Time": 1156.886, "Actual Rows": 573635, "Actual Loops": 1, "Recheck Cond": "((o_orderdate >= '1993-08-01 00:00:00'::timestamp(0) without time zone) AND (o_orderdate < '1993-11-01 00:00:00'::timestamp without time zone)), (LLVM Optimized, Jit Execute)", "Rows Removed by Index Recheck": 0, "Exact Heap Blocks": 242860, "Lossy Heap Blocks": 242860, "Plans": [{"Node Type": "Bitmap Index Scan", "Parent Relationship": "Outer", "Index Name": "idx_orders_orderdate", "Startup Cost": 0.0, "Total Cost": 14585.71, "Plan Rows": 575746, "Plan Width": 0, "Actual Startup Time": 199.97, "Actual Total Time": 199.97, "Actual Rows": 573635, "Actual Loops": 1, "Index Cond": "((o_orderdate >= '1993-08-01 00:00:00'::timestamp(0) without time zone) AND (o_orderdate < '1993-11-01 00:00:00'::timestamp without time zone))"}]}]}]}, {"Node Type": "Hash", "Parent Relationship": "Inner", "Startup Cost": 52126.0, "Total Cost": 52126.0, "Plan Rows": 1500000, "Plan Width": 153, "Actual Startup Time": 1280.614, "Actual Total Time": 1280.614, "Actual Rows": 1500000, "Actual Loops": 1, "Hash Buckets": 2097152, "Hash Batches": 1, "Original Hash Batches": 1, "Peak Memory Usage": 282695, "Plans": [{"Node Type": "Seq Scan", "Parent Relationship": "Outer", "Relation Name": "customer", "Alias": "customer", "Startup Cost": 0.0, "Total Cost": 52126.0, "Plan Rows": 1500000, "Plan Width": 153, "Actual Startup Time": 0.017, "Actual Total Time": 610.086, "Actual Rows": 1500000, "Actual Loops": 1}]}]}, {"Node Type": "Hash", "Parent Relationship": "Inner", "Startup Cost": 1.25, "Total Cost": 1.25, "Plan Rows": 25, "Plan Width": 30, "Actual Startup Time": 0.042, "Actual Total Time": 0.042, "Actual Rows": 25, "Actual Loops": 1, "Hash Buckets": 32768, "Hash Batches": 1, "Original Hash Batches": 1, "Peak Memory Usage": 2, "Plans": [{"Node Type": "Seq Scan", "Parent Relationship": "Outer", "Relation Name": "nation", "Alias": "nation", "Startup Cost": 0.0, "Total Cost": 1.25, "Plan Rows": 25, "Plan Width": 30, "Actual Startup Time": 0.019, "Actual Total Time": 0.025, "Actual Rows": 25, "Actual Loops": 1}]}]}]}]}]}, "Triggers": [], "Planner Runtime": 1, "Total Runtime": 32378.341, "Unique SQL Id": 1604070524}}, "(16, 99)": {"explain_plan": {"Plan": {"Node Type": "Limit", "Startup Cost": 13443415.76, "Total Cost": 13443415.81, "Plan Rows": 20, "Plan Width": 199, "Plans": [{"Node Type": "Sort", "Parent Relationship": "Outer", "Startup Cost": 13443415.76, "Total Cost": 13447030.51, "Plan Rows": 20, "Plan Width": 199, "Sort Key": ["(sum((lineitem.l_extendedprice * (1::double precision - lineitem.l_discount)))) DESC"], "Plans": [{"Node Type": "Aggregate", "Strategy": "Hashed", "Parent Relationship": "Outer", "Startup Cost": 13390481.96, "Total Cost": 13404940.94, "Plan Rows": 1445898, "Plan Width": 199, "Group By Key": ["customer.c_custkey", "customer.c_name", "customer.c_acctbal", "customer.c_phone", "nation.n_name", "customer.c_address", "customer.c_comment"], "Plans": [{"Node Type": "Nested Loop", "Parent Relationship": "Outer", "Join Type": "Inner", "Startup Cost": 14732.12, "Total Cost": 13354334.51, "Plan Rows": 1445898, "Plan Width": 191, "Inner Unique": false, "Plans": [{"Node Type": "Nested Loop", "Parent Relationship": "Outer", "Join Type": "Inner", "Startup Cost": 14730.2, "Total Cost": 5249597.54, "Plan Rows": 575746, "Plan Width": 183, "Inner Unique": true, "Plans": [{"Node Type": "Nested Loop", "Parent Relationship": "Outer", "Join Type": "Inner", "Startup Cost": 14729.94, "Total Cost": 2785257.65, "Plan Rows": 575746, "Plan Width": 161, "Inner Unique": true, "Plans": [{"Node Type": "Bitmap Heap Scan", "Parent Relationship": "Outer", "Relation Name": "orders", "Alias": "orders", "Startup Cost": 14729.65, "Total Cost": 299784.84, "Plan Rows": 575746, "Plan Width": 16, "Recheck Cond": "((o_orderdate >= '1993-08-01 00:00:00'::timestamp(0) without time zone) AND (o_orderdate < '1993-11-01 00:00:00'::timestamp without time zone)), (LLVM Optimized)", "Plans": [{"Node Type": "Bitmap Index Scan", "Parent Relationship": "Outer", "Index Name": "idx_orders_orderdate", "Startup Cost": 0.0, "Total Cost": 14585.71, "Plan Rows": 575746, "Plan Width": 0, "Index Cond": "((o_orderdate >= '1993-08-01 00:00:00'::timestamp(0) without time zone) AND (o_orderdate < '1993-11-01 00:00:00'::timestamp without time zone))"}]}, {"Node Type": "Bitmap Heap Scan", "Parent Relationship": "Inner", "Relation Name": "customer", "Alias": "customer", "Startup Cost": 0.29, "Total Cost": 4.31, "Plan Rows": 1, "Plan Width": 153, "Recheck Cond": "(c_custkey = orders.o_custkey)", "Plans": [{"Node Type": "Bitmap Index Scan", "Parent Relationship": "Outer", "Index Name": "customer_pkey", "Startup Cost": 0.0, "Total Cost": 0.29, "Plan Rows": 1, "Plan Width": 0, "Index Cond": "(c_custkey = orders.o_custkey)"}]}]}, {"Node Type": "Bitmap Heap Scan", "Parent Relationship": "Inner", "Relation Name": "nation", "Alias": "nation", "Startup Cost": 0.26, "Total Cost": 4.27, "Plan Rows": 1, "Plan Width": 30, "Recheck Cond": "(n_nationkey = customer.c_nationkey)", "Plans": [{"Node Type": "Bitmap Index Scan", "Parent Relationship": "Outer", "Index Name": "nation_pkey", "Startup Cost": 0.0, "Total Cost": 0.26, "Plan Rows": 1, "Plan Width": 0, "Index Cond": "(n_nationkey = customer.c_nationkey)"}]}]}, {"Node Type": "Bitmap Heap Scan", "Parent Relationship": "Inner", "Relation Name": "lineitem", "Alias": "lineitem", "Startup Cost": 1.93, "Total Cost": 14.05, "Plan Rows": 3, "Plan Width": 24, "Recheck Cond": "(l_orderkey = orders.o_orderkey)", "Filter": "(l_returnflag = 'R'::bpchar)", "Plans": [{"Node Type": "Bitmap Index Scan", "Parent Relationship": "Outer", "Index Name": "idx_lineitem_orderkey", "Startup Cost": 0.0, "Total Cost": 1.92, "Plan Rows": 9, "Plan Width": 0, "Index Cond": "(l_orderkey = orders.o_orderkey)"}]}]}]}]}]}, "Unique SQL Id": 1604070524, "Planner Runtime": 0}, "explain_analyze_plan": {"Plan": {"Node Type": "Limit", "Startup Cost": 13443415.76, "Total Cost": 13443415.81, "Plan Rows": 20, "Plan Width": 199, "Actual Startup Time": 17339.241, "Actual Total Time": 17339.252, "Actual Rows": 20, "Actual Loops": 1, "Plans": [{"Node Type": "Sort", "Parent Relationship": "Outer", "Startup Cost": 13443415.76, "Total Cost": 13447030.51, "Plan Rows": 20, "Plan Width": 199, "Actual Startup Time": 17339.239, "Actual Total Time": 17339.248, "Actual Rows": 20, "Actual Loops": 1, "Sort Key": ["(sum((lineitem.l_extendedprice * (1::double precision - lineitem.l_discount)))) DESC"], "Sort Method": "top-N heapsort", "Sort Space Used": 35, "Sort Space Type": "Memory", "Plans": [{"Node Type": "Aggregate", "Strategy": "Hashed", "Parent Relationship": "Outer", "Startup Cost": 13390481.96, "Total Cost": 13404940.94, "Plan Rows": 1445898, "Plan Width": 199, "Actual Startup Time": 16948.804, "Actual Total Time": 17203.575, "Actual Rows": 381542, "Actual Loops": 1, "Group By Key": ["customer.c_custkey", "customer.c_name", "customer.c_acctbal", "customer.c_phone", "nation.n_name", "customer.c_address", "customer.c_comment"], "Plans": [{"Node Type": "Nested Loop", "Parent Relationship": "Outer", "Join Type": "Inner", "Startup Cost": 14732.12, "Total Cost": 13354334.51, "Plan Rows": 1445898, "Plan Width": 191, "Actual Startup Time": 243.383, "Actual Total Time": 14979.756, "Actual Rows": 1145969, "Actual Loops": 1, "Inner Unique": false, "Plans": [{"Node Type": "Nested Loop", "Parent Relationship": "Outer", "Join Type": "Inner", "Startup Cost": 14730.2, "Total Cost": 5249597.54, "Plan Rows": 575746, "Plan Width": 183, "Actual Startup Time": 243.33, "Actual Total Time": 8554.709, "Actual Rows": 573635, "Actual Loops": 1, "Inner Unique": true, "Plans": [{"Node Type": "Nested Loop", "Parent Relationship": "Outer", "Join Type": "Inner", "Startup Cost": 14729.94, "Total Cost": 2785257.65, "Plan Rows": 575746, "Plan Width": 161, "Actual Startup Time": 243.278, "Actual Total Time": 6365.155, "Actual Rows": 573635, "Actual Loops": 1, "Inner Unique": true, "Plans": [{"Node Type": "Bitmap Heap Scan", "Parent Relationship": "Outer", "Relation Name": "orders", "Alias": "orders", "Startup Cost": 14729.65, "Total Cost": 299784.84, "Plan Rows": 575746, "Plan Width": 16, "Actual Startup Time": 243.054, "Actual Total Time": 1186.231, "Actual Rows": 573635, "Actual Loops": 1, "Recheck Cond": "((o_orderdate >= '1993-08-01 00:00:00'::timestamp(0) without time zone) AND (o_orderdate < '1993-11-01 00:00:00'::timestamp without time zone)), (LLVM Optimized, Jit Execute)", "Rows Removed by Index Recheck": 0, "Exact Heap Blocks": 242860, "Lossy Heap Blocks": 242860, "Plans": [{"Node Type": "Bitmap Index Scan", "Parent Relationship": "Outer", "Index Name": "idx_orders_orderdate", "Startup Cost": 0.0, "Total Cost": 14585.71, "Plan Rows": 575746, "Plan Width": 0, "Actual Startup Time": 167.646, "Actual Total Time": 167.646, "Actual Rows": 573635, "Actual Loops": 1, "Index Cond": "((o_orderdate >= '1993-08-01 00:00:00'::timestamp(0) without time zone) AND (o_orderdate < '1993-11-01 00:00:00'::timestamp without time zone))"}]}, {"Node Type": "Bitmap Heap Scan", "Parent Relationship": "Inner", "Relation Name": "customer", "Alias": "customer", "Startup Cost": 0.29, "Total Cost": 4.31, "Plan Rows": 1, "Plan Width": 153, "Actual Startup Time": 4298.917, "Actual Total Time": 4298.917, "Actual Rows": 573635, "Actual Loops": 573635, "Recheck Cond": "(c_custkey = orders.o_custkey)", "Rows Removed by Index Recheck": 0, "Exact Heap Blocks": 573635, "Lossy Heap Blocks": 573635, "Plans": [{"Node Type": "Bitmap Index Scan", "Parent Relationship": "Outer", "Index Name": "customer_pkey", "Startup Cost": 0.0, "Total Cost": 0.29, "Plan Rows": 1, "Plan Width": 0, "Actual Startup Time": 2605.74, "Actual Total Time": 2605.74, "Actual Rows": 573635, "Actual Loops": 573635, "Index Cond": "(c_custkey = orders.o_custkey)"}]}]}, {"Node Type": "Bitmap Heap Scan", "Parent Relationship": "Inner", "Relation Name": "nation", "Alias": "nation", "Startup Cost": 0.26, "Total Cost": 4.27, "Plan Rows": 1, "Plan Width": 30, "Actual Startup Time": 1394.855, "Actual Total Time": 1394.855, "Actual Rows": 573635, "Actual Loops": 573635, "Recheck Cond": "(n_nationkey = customer.c_nationkey)", "Rows Removed by Index Recheck": 0, "Exact Heap Blocks": 573635, "Lossy Heap Blocks": 573635, "Plans": [{"Node Type": "Bitmap Index Scan", "Parent Relationship": "Outer", "Index Name": "nation_pkey", "Startup Cost": 0.0, "Total Cost": 0.26, "Plan Rows": 1, "Plan Width": 0, "Actual Startup Time": 610.88, "Actual Total Time": 610.88, "Actual Rows": 573635, "Actual Loops": 573635, "Index Cond": "(n_nationkey = customer.c_nationkey)"}]}]}, {"Node Type": "Bitmap Heap Scan", "Parent Relationship": "Inner", "Relation Name": "lineitem", "Alias": "lineitem", "Startup Cost": 1.93, "Total Cost": 14.05, "Plan Rows": 3, "Plan Width": 24, "Actual Startup Time": 4948.946, "Actual Total Time": 5481.054, "Actual Rows": 1145969, "Actual Loops": 573635, "Recheck Cond": "(l_orderkey = orders.o_orderkey)", "Rows Removed by Index Recheck": 0, "Filter": "(l_returnflag = 'R'::bpchar)", "Rows Removed by Filter": 1146896, "Exact Heap Blocks": 614400, "Lossy Heap Blocks": 614400, "Plans": [{"Node Type": "Bitmap Index Scan", "Parent Relationship": "Outer", "Index Name": "idx_lineitem_orderkey", "Startup Cost": 0.0, "Total Cost": 1.92, "Plan Rows": 9, "Plan Width": 0, "Actual Startup Time": 2525.585, "Actual Total Time": 2525.585, "Actual Rows": 2292865, "Actual Loops": 573635, "Index Cond": "(l_orderkey = orders.o_orderkey)"}]}]}]}]}]}, "Triggers": [], "Planner Runtime": 1, "Total Runtime": 17349.86, "Unique SQL Id": 1604070524}}, "(16, 100)": {"explain_plan": {"Plan": {"Node Type": "Limit", "Startup Cost": 2741876.6, "Total Cost": 2741876.65, "Plan Rows": 20, "Plan Width": 199, "Plans": [{"Node Type": "Sort", "Parent Relationship": "Outer", "Startup Cost": 2741876.6, "Total Cost": 2745491.35, "Plan Rows": 20, "Plan Width": 199, "Sort Key": ["(sum((lineitem.l_extendedprice * (1::double precision - lineitem.l_discount)))) DESC"], "Plans": [{"Node Type": "Aggregate", "Strategy": "Hashed", "Parent Relationship": "Outer", "Startup Cost": 2688942.8, "Total Cost": 2703401.78, "Plan Rows": 1445898, "Plan Width": 199, "Group By Key": ["customer.c_custkey", "customer.c_name", "customer.c_acctbal", "customer.c_phone", "nation.n_name", "customer.c_address", "customer.c_comment"], "Plans": [{"Node Type": "Hash Join", "Parent Relationship": "Outer", "Join Type": "Inner", "Startup Cost": 377859.22, "Total Cost": 2652795.35, "Plan Rows": 1445898, "Plan Width": 191, "Inner Unique": true, "Hash Cond": "(customer.c_nationkey = nation.n_nationkey), (LLVM Optimized)", "Plans": [{"Node Type": "Hash Join", "Parent Relationship": "Outer", "Join Type": "Inner", "Startup Cost": 377857.66, "Total Cost": 2632912.69, "Plan Rows": 1445898, "Plan Width": 169, "Inner Unique": true, "Hash Cond": "(orders.o_custkey = customer.c_custkey), (LLVM Optimized)", "Plans": [{"Node Type": "Hash Join", "Parent Relationship": "Outer", "Join Type": "Inner", "Startup Cost": 306981.66, "Total Cost": 2542155.59, "Plan Rows": 1445898, "Plan Width": 24, "Inner Unique": true, "Hash Cond": "(lineitem.l_orderkey = orders.o_orderkey), (LLVM Optimized)", "Plans": [{"Node Type": "Seq Scan", "Parent Relationship": "Outer", "Relation Name": "lineitem", "Alias": "lineitem", "Startup Cost": 0.0, "Total Cost": 2165082.91, "Plan Rows": 14835209, "Plan Width": 24, "Filter": "(l_returnflag = 'R'::bpchar), (LLVM Optimized)"}, {"Node Type": "Hash", "Parent Relationship": "Inner", "Startup Cost": 299784.84, "Total Cost": 299784.84, "Plan Rows": 575746, "Plan Width": 16, "Plans": [{"Node Type": "Bitmap Heap Scan", "Parent Relationship": "Outer", "Relation Name": "orders", "Alias": "orders", "Startup Cost": 14729.65, "Total Cost": 299784.84, "Plan Rows": 575746, "Plan Width": 16, "Recheck Cond": "((o_orderdate >= '1993-08-01 00:00:00'::timestamp(0) without time zone) AND (o_orderdate < '1993-11-01 00:00:00'::timestamp without time zone)), (LLVM Optimized)", "Plans": [{"Node Type": "Bitmap Index Scan", "Parent Relationship": "Outer", "Index Name": "idx_orders_orderdate", "Startup Cost": 0.0, "Total Cost": 14585.71, "Plan Rows": 575746, "Plan Width": 0, "Index Cond": "((o_orderdate >= '1993-08-01 00:00:00'::timestamp(0) without time zone) AND (o_orderdate < '1993-11-01 00:00:00'::timestamp without time zone))"}]}]}]}, {"Node Type": "Hash", "Parent Relationship": "Inner", "Startup Cost": 52126.0, "Total Cost": 52126.0, "Plan Rows": 1500000, "Plan Width": 153, "Plans": [{"Node Type": "Seq Scan", "Parent Relationship": "Outer", "Relation Name": "customer", "Alias": "customer", "Startup Cost": 0.0, "Total Cost": 52126.0, "Plan Rows": 1500000, "Plan Width": 153}]}]}, {"Node Type": "Hash", "Parent Relationship": "Inner", "Startup Cost": 1.25, "Total Cost": 1.25, "Plan Rows": 25, "Plan Width": 30, "Plans": [{"Node Type": "Seq Scan", "Parent Relationship": "Outer", "Relation Name": "nation", "Alias": "nation", "Startup Cost": 0.0, "Total Cost": 1.25, "Plan Rows": 25, "Plan Width": 30}]}]}]}]}]}, "Unique SQL Id": 1604070524, "Planner Runtime": 1}, "explain_analyze_plan": {"Plan": {"Node Type": "Limit", "Startup Cost": 2741876.6, "Total Cost": 2741876.65, "Plan Rows": 20, "Plan Width": 199, "Actual Startup Time": 32366.791, "Actual Total Time": 32366.797, "Actual Rows": 20, "Actual Loops": 1, "Plans": [{"Node Type": "Sort", "Parent Relationship": "Outer", "Startup Cost": 2741876.6, "Total Cost": 2745491.35, "Plan Rows": 20, "Plan Width": 199, "Actual Startup Time": 32366.788, "Actual Total Time": 32366.792, "Actual Rows": 20, "Actual Loops": 1, "Sort Key": ["(sum((lineitem.l_extendedprice * (1::double precision - lineitem.l_discount)))) DESC"], "Sort Method": "top-N heapsort", "Sort Space Used": 35, "Sort Space Type": "Memory", "Plans": [{"Node Type": "Aggregate", "Strategy": "Hashed", "Parent Relationship": "Outer", "Startup Cost": 2688942.8, "Total Cost": 2703401.78, "Plan Rows": 1445898, "Plan Width": 199, "Actual Startup Time": 31978.233, "Actual Total Time": 32230.896, "Actual Rows": 381542, "Actual Loops": 1, "Group By Key": ["customer.c_custkey", "customer.c_name", "customer.c_acctbal", "customer.c_phone", "nation.n_name", "customer.c_address", "customer.c_comment"], "Plans": [{"Node Type": "Hash Join", "Parent Relationship": "Outer", "Join Type": "Inner", "Startup Cost": 377859.22, "Total Cost": 2652795.35, "Plan Rows": 1445898, "Plan Width": 191, "Actual Startup Time": 2668.375, "Actual Total Time": 30150.047, "Actual Rows": 1145969, "Actual Loops": 1, "Inner Unique": true, "Hash Cond": "(customer.c_nationkey = nation.n_nationkey), (LLVM Optimized, Jit Execute)", "Plans": [{"Node Type": "Hash Join", "Parent Relationship": "Outer", "Join Type": "Inner", "Startup Cost": 377857.66, "Total Cost": 2632912.69, "Plan Rows": 1445898, "Plan Width": 169, "Actual Startup Time": 2668.286, "Actual Total Time": 29684.602, "Actual Rows": 1145969, "Actual Loops": 1, "Inner Unique": true, "Hash Cond": "(orders.o_custkey = customer.c_custkey), (LLVM Optimized, Jit Execute)", "Plans": [{"Node Type": "Hash Join", "Parent Relationship": "Outer", "Join Type": "Inner", "Startup Cost": 306981.66, "Total Cost": 2542155.59, "Plan Rows": 1445898, "Plan Width": 24, "Actual Startup Time": 1386.463, "Actual Total Time": 27642.574, "Actual Rows": 1145969, "Actual Loops": 1, "Inner Unique": true, "Hash Cond": "(lineitem.l_orderkey = orders.o_orderkey), (LLVM Optimized, Jit Execute)", "Plans": [{"Node Type": "Seq Scan", "Parent Relationship": "Outer", "Relation Name": "lineitem", "Alias": "lineitem", "Startup Cost": 0.0, "Total Cost": 2165082.91, "Plan Rows": 14835209, "Plan Width": 24, "Actual Startup Time": 0.021, "Actual Total Time": 22090.21, "Actual Rows": 14808183, "Actual Loops": 1, "Filter": "(l_returnflag = 'R'::bpchar), (LLVM Optimized, Jit Execute)", "Rows Removed by Filter": 45177869}, {"Node Type": "Hash", "Parent Relationship": "Inner", "Startup Cost": 299784.84, "Total Cost": 299784.84, "Plan Rows": 575746, "Plan Width": 16, "Actual Startup Time": 1385.671, "Actual Total Time": 1385.671, "Actual Rows": 573635, "Actual Loops": 1, "Hash Buckets": 1048576, "Hash Batches": 1, "Original Hash Batches": 1, "Peak Memory Usage": 26890, "Plans": [{"Node Type": "Bitmap Heap Scan", "Parent Relationship": "Outer", "Relation Name": "orders", "Alias": "orders", "Startup Cost": 14729.65, "Total Cost": 299784.84, "Plan Rows": 575746, "Plan Width": 16, "Actual Startup Time": 280.557, "Actual Total Time": 1156.886, "Actual Rows": 573635, "Actual Loops": 1, "Recheck Cond": "((o_orderdate >= '1993-08-01 00:00:00'::timestamp(0) without time zone) AND (o_orderdate < '1993-11-01 00:00:00'::timestamp without time zone)), (LLVM Optimized, Jit Execute)", "Rows Removed by Index Recheck": 0, "Exact Heap Blocks": 242860, "Lossy Heap Blocks": 242860, "Plans": [{"Node Type": "Bitmap Index Scan", "Parent Relationship": "Outer", "Index Name": "idx_orders_orderdate", "Startup Cost": 0.0, "Total Cost": 14585.71, "Plan Rows": 575746, "Plan Width": 0, "Actual Startup Time": 199.97, "Actual Total Time": 199.97, "Actual Rows": 573635, "Actual Loops": 1, "Index Cond": "((o_orderdate >= '1993-08-01 00:00:00'::timestamp(0) without time zone) AND (o_orderdate < '1993-11-01 00:00:00'::timestamp without time zone))"}]}]}]}, {"Node Type": "Hash", "Parent Relationship": "Inner", "Startup Cost": 52126.0, "Total Cost": 52126.0, "Plan Rows": 1500000, "Plan Width": 153, "Actual Startup Time": 1280.614, "Actual Total Time": 1280.614, "Actual Rows": 1500000, "Actual Loops": 1, "Hash Buckets": 2097152, "Hash Batches": 1, "Original Hash Batches": 1, "Peak Memory Usage": 282695, "Plans": [{"Node Type": "Seq Scan", "Parent Relationship": "Outer", "Relation Name": "customer", "Alias": "customer", "Startup Cost": 0.0, "Total Cost": 52126.0, "Plan Rows": 1500000, "Plan Width": 153, "Actual Startup Time": 0.017, "Actual Total Time": 610.086, "Actual Rows": 1500000, "Actual Loops": 1}]}]}, {"Node Type": "Hash", "Parent Relationship": "Inner", "Startup Cost": 1.25, "Total Cost": 1.25, "Plan Rows": 25, "Plan Width": 30, "Actual Startup Time": 0.042, "Actual Total Time": 0.042, "Actual Rows": 25, "Actual Loops": 1, "Hash Buckets": 32768, "Hash Batches": 1, "Original Hash Batches": 1, "Peak Memory Usage": 2, "Plans": [{"Node Type": "Seq Scan", "Parent Relationship": "Outer", "Relation Name": "nation", "Alias": "nation", "Startup Cost": 0.0, "Total Cost": 1.25, "Plan Rows": 25, "Plan Width": 30, "Actual Startup Time": 0.019, "Actual Total Time": 0.025, "Actual Rows": 25, "Actual Loops": 1}]}]}]}]}]}, "Triggers": [], "Planner Runtime": 1, "Total Runtime": 32378.341, "Unique SQL Id": 1604070524}}, "(16, 101)": {"explain_plan": {"Plan": {"Node Type": "Limit", "Startup Cost": 3620844.85, "Total Cost": 3620844.9, "Plan Rows": 20, "Plan Width": 199, "Plans": [{"Node Type": "Sort", "Parent Relationship": "Outer", "Startup Cost": 3620844.85, "Total Cost": 3624459.59, "Plan Rows": 20, "Plan Width": 199, "Sort Key": ["(sum((lineitem.l_extendedprice * (1::double precision - lineitem.l_discount)))) DESC"], "Plans": [{"Node Type": "Aggregate", "Strategy": "Hashed", "Parent Relationship": "Outer", "Startup Cost": 3567911.04, "Total Cost": 3582370.02, "Plan Rows": 1445898, "Plan Width": 199, "Group By Key": ["customer.c_custkey", "customer.c_name", "customer.c_acctbal", "customer.c_phone", "nation.n_name", "customer.c_address", "customer.c_comment"], "Plans": [{"Node Type": "Nested Loop", "Parent Relationship": "Outer", "Join Type": "Inner", "Startup Cost": 114257.94, "Total Cost": 3531763.59, "Plan Rows": 1445898, "Plan Width": 191, "Inner Unique": false, "Plans": [{"Node Type": "Hash Join", "Parent Relationship": "Outer", "Join Type": "Inner", "Startup Cost": 114257.94, "Total Cost": 415146.15, "Plan Rows": 575746, "Plan Width": 183, "Inner Unique": true, "Hash Cond": "(customer.c_nationkey = nation.n_nationkey), (LLVM Optimized)", "Plans": [{"Node Type": "Hash Join", "Parent Relationship": "Outer", "Join Type": "Inner", "Startup Cost": 114245.0, "Total Cost": 407216.7, "Plan Rows": 575746, "Plan Width": 161, "Inner Unique": true, "Hash Cond": "(orders.o_custkey = customer.c_custkey), (LLVM Optimized)", "Plans": [{"Node Type": "Bitmap Heap Scan", "Parent Relationship": "Outer", "Relation Name": "orders", "Alias": "orders", "Startup Cost": 14729.65, "Total Cost": 299784.84, "Plan Rows": 575746, "Plan Width": 16, "Recheck Cond": "((o_orderdate >= '1993-08-01 00:00:00'::timestamp(0) without time zone) AND (o_orderdate < '1993-11-01 00:00:00'::timestamp without time zone)), (LLVM Optimized)", "Plans": [{"Node Type": "Bitmap Index Scan", "Parent Relationship": "Outer", "Index Name": "idx_orders_orderdate", "Startup Cost": 0.0, "Total Cost": 14585.71, "Plan Rows": 575746, "Plan Width": 0, "Index Cond": "((o_orderdate >= '1993-08-01 00:00:00'::timestamp(0) without time zone) AND (o_orderdate < '1993-11-01 00:00:00'::timestamp without time zone))"}]}, {"Node Type": "Hash", "Parent Relationship": "Inner", "Startup Cost": 80765.36, "Total Cost": 80765.36, "Plan Rows": 1500000, "Plan Width": 153, "Plans": [{"Node Type": "Index Scan", "Parent Relationship": "Outer", "Scan Direction": "Forward", "Index Name": "customer_pkey", "Relation Name": "customer", "Alias": "customer", "Startup Cost": 0.0, "Total Cost": 80765.36, "Plan Rows": 1500000, "Plan Width": 153}]}]}, {"Node Type": "Hash", "Parent Relationship": "Inner", "Startup Cost": 12.62, "Total Cost": 12.62, "Plan Rows": 25, "Plan Width": 30, "Plans": [{"Node Type": "Index Scan", "Parent Relationship": "Outer", "Scan Direction": "Forward", "Index Name": "nation_pkey", "Relation Name": "nation", "Alias": "nation", "Startup Cost": 0.0, "Total Cost": 12.62, "Plan Rows": 25, "Plan Width": 30}]}]}, {"Node Type": "Index Scan", "Parent Relationship": "Inner", "Scan Direction": "Forward", "Index Name": "idx_lineitem_orderkey", "Relation Name": "lineitem", "Alias": "lineitem", "Startup Cost": 0.0, "Total Cost": 5.38, "Plan Rows": 3, "Plan Width": 24, "Index Cond": "(l_orderkey = orders.o_orderkey)", "Filter": "(l_returnflag = 'R'::bpchar)"}]}]}]}]}, "Unique SQL Id": 1604070524, "Planner Runtime": 1}, "explain_analyze_plan": {"Plan": {"Node Type": "Limit", "Startup Cost": 3620844.85, "Total Cost": 3620844.9, "Plan Rows": 20, "Plan Width": 199, "Actual Startup Time": 14339.291, "Actual Total Time": 14339.3, "Actual Rows": 20, "Actual Loops": 1, "Plans": [{"Node Type": "Sort", "Parent Relationship": "Outer", "Startup Cost": 3620844.85, "Total Cost": 3624459.59, "Plan Rows": 20, "Plan Width": 199, "Actual Startup Time": 14339.286, "Actual Total Time": 14339.292, "Actual Rows": 20, "Actual Loops": 1, "Sort Key": ["(sum((lineitem.l_extendedprice * (1::double precision - lineitem.l_discount)))) DESC"], "Sort Method": "top-N heapsort", "Sort Space Used": 35, "Sort Space Type": "Memory", "Plans": [{"Node Type": "Aggregate", "Strategy": "Hashed", "Parent Relationship": "Outer", "Startup Cost": 3567911.04, "Total Cost": 3582370.02, "Plan Rows": 1445898, "Plan Width": 199, "Actual Startup Time": 13930.126, "Actual Total Time": 14202.669, "Actual Rows": 381542, "Actual Loops": 1, "Group By Key": ["customer.c_custkey", "customer.c_name", "customer.c_acctbal", "customer.c_phone", "nation.n_name", "customer.c_address", "customer.c_comment"], "Plans": [{"Node Type": "Nested Loop", "Parent Relationship": "Outer", "Join Type": "Inner", "Startup Cost": 114257.94, "Total Cost": 3531763.59, "Plan Rows": 1445898, "Plan Width": 191, "Actual Startup Time": 2113.963, "Actual Total Time": 12023.546, "Actual Rows": 1145969, "Actual Loops": 1, "Inner Unique": false, "Plans": [{"Node Type": "Hash Join", "Parent Relationship": "Outer", "Join Type": "Inner", "Startup Cost": 114257.94, "Total Cost": 415146.15, "Plan Rows": 575746, "Plan Width": 183, "Actual Startup Time": 2113.905, "Actual Total Time": 3925.924, "Actual Rows": 573635, "Actual Loops": 1, "Inner Unique": true, "Hash Cond": "(customer.c_nationkey = nation.n_nationkey), (LLVM Optimized, Jit Execute)", "Plans": [{"Node Type": "Hash Join", "Parent Relationship": "Outer", "Join Type": "Inner", "Startup Cost": 114245.0, "Total Cost": 407216.7, "Plan Rows": 575746, "Plan Width": 161, "Actual Startup Time": 2113.798, "Actual Total Time": 3672.375, "Actual Rows": 573635, "Actual Loops": 1, "Inner Unique": true, "Hash Cond": "(orders.o_custkey = customer.c_custkey), (LLVM Optimized, Jit Execute)", "Plans": [{"Node Type": "Bitmap Heap Scan", "Parent Relationship": "Outer", "Relation Name": "orders", "Alias": "orders", "Startup Cost": 14729.65, "Total Cost": 299784.84, "Plan Rows": 575746, "Plan Width": 16, "Actual Startup Time": 255.306, "Actual Total Time": 1209.216, "Actual Rows": 573635, "Actual Loops": 1, "Recheck Cond": "((o_orderdate >= '1993-08-01 00:00:00'::timestamp(0) without time zone) AND (o_orderdate < '1993-11-01 00:00:00'::timestamp without time zone)), (LLVM Optimized, Jit Execute)", "Rows Removed by Index Recheck": 0, "Exact Heap Blocks": 242860, "Lossy Heap Blocks": 242860, "Plans": [{"Node Type": "Bitmap Index Scan", "Parent Relationship": "Outer", "Index Name": "idx_orders_orderdate", "Startup Cost": 0.0, "Total Cost": 14585.71, "Plan Rows": 575746, "Plan Width": 0, "Actual Startup Time": 180.492, "Actual Total Time": 180.492, "Actual Rows": 573635, "Actual Loops": 1, "Index Cond": "((o_orderdate >= '1993-08-01 00:00:00'::timestamp(0) without time zone) AND (o_orderdate < '1993-11-01 00:00:00'::timestamp without time zone))"}]}, {"Node Type": "Hash", "Parent Relationship": "Inner", "Startup Cost": 80765.36, "Total Cost": 80765.36, "Plan Rows": 1500000, "Plan Width": 153, "Actual Startup Time": 1857.226, "Actual Total Time": 1857.226, "Actual Rows": 1500000, "Actual Loops": 1, "Hash Buckets": 2097152, "Hash Batches": 1, "Original Hash Batches": 1, "Peak Memory Usage": 282695, "Plans": [{"Node Type": "Index Scan", "Parent Relationship": "Outer", "Scan Direction": "Forward", "Index Name": "customer_pkey", "Relation Name": "customer", "Alias": "customer", "Startup Cost": 0.0, "Total Cost": 80765.36, "Plan Rows": 1500000, "Plan Width": 153, "Actual Startup Time": 0.043, "Actual Total Time": 1157.899, "Actual Rows": 1500000, "Actual Loops": 1}]}]}, {"Node Type": "Hash", "Parent Relationship": "Inner", "Startup Cost": 12.62, "Total Cost": 12.62, "Plan Rows": 25, "Plan Width": 30, "Actual Startup Time": 0.051, "Actual Total Time": 0.051, "Actual Rows": 25, "Actual Loops": 1, "Hash Buckets": 32768, "Hash Batches": 1, "Original Hash Batches": 1, "Peak Memory Usage": 2, "Plans": [{"Node Type": "Index Scan", "Parent Relationship": "Outer", "Scan Direction": "Forward", "Index Name": "nation_pkey", "Relation Name": "nation", "Alias": "nation", "Startup Cost": 0.0, "Total Cost": 12.62, "Plan Rows": 25, "Plan Width": 30, "Actual Startup Time": 0.019, "Actual Total Time": 0.034, "Actual Rows": 25, "Actual Loops": 1}]}]}, {"Node Type": "Index Scan", "Parent Relationship": "Inner", "Scan Direction": "Forward", "Index Name": "idx_lineitem_orderkey", "Relation Name": "lineitem", "Alias": "lineitem", "Startup Cost": 0.0, "Total Cost": 5.38, "Plan Rows": 3, "Plan Width": 24, "Actual Startup Time": 6123.392, "Actual Total Time": 7438.708, "Actual Rows": 1145969, "Actual Loops": 573635, "Index Cond": "(l_orderkey = orders.o_orderkey)", "Rows Removed by Index Recheck": 0, "Filter": "(l_returnflag = 'R'::bpchar)", "Rows Removed by Filter": 1146896}]}]}]}]}, "Triggers": [], "Planner Runtime": 1, "Total Runtime": 14350.386, "Unique SQL Id": 1604070524}}, "(16, 102)": {"explain_plan": {"Plan": {"Node Type": "Limit", "Startup Cost": 2741876.6, "Total Cost": 2741876.65, "Plan Rows": 20, "Plan Width": 199, "Plans": [{"Node Type": "Sort", "Parent Relationship": "Outer", "Startup Cost": 2741876.6, "Total Cost": 2745491.35, "Plan Rows": 20, "Plan Width": 199, "Sort Key": ["(sum((lineitem.l_extendedprice * (1::double precision - lineitem.l_discount)))) DESC"], "Plans": [{"Node Type": "Aggregate", "Strategy": "Hashed", "Parent Relationship": "Outer", "Startup Cost": 2688942.8, "Total Cost": 2703401.78, "Plan Rows": 1445898, "Plan Width": 199, "Group By Key": ["customer.c_custkey", "customer.c_name", "customer.c_acctbal", "customer.c_phone", "nation.n_name", "customer.c_address", "customer.c_comment"], "Plans": [{"Node Type": "Hash Join", "Parent Relationship": "Outer", "Join Type": "Inner", "Startup Cost": 377859.22, "Total Cost": 2652795.35, "Plan Rows": 1445898, "Plan Width": 191, "Inner Unique": true, "Hash Cond": "(customer.c_nationkey = nation.n_nationkey), (LLVM Optimized)", "Plans": [{"Node Type": "Hash Join", "Parent Relationship": "Outer", "Join Type": "Inner", "Startup Cost": 377857.66, "Total Cost": 2632912.69, "Plan Rows": 1445898, "Plan Width": 169, "Inner Unique": true, "Hash Cond": "(orders.o_custkey = customer.c_custkey), (LLVM Optimized)", "Plans": [{"Node Type": "Hash Join", "Parent Relationship": "Outer", "Join Type": "Inner", "Startup Cost": 306981.66, "Total Cost": 2542155.59, "Plan Rows": 1445898, "Plan Width": 24, "Inner Unique": true, "Hash Cond": "(lineitem.l_orderkey = orders.o_orderkey), (LLVM Optimized)", "Plans": [{"Node Type": "Seq Scan", "Parent Relationship": "Outer", "Relation Name": "lineitem", "Alias": "lineitem", "Startup Cost": 0.0, "Total Cost": 2165082.91, "Plan Rows": 14835209, "Plan Width": 24, "Filter": "(l_returnflag = 'R'::bpchar), (LLVM Optimized)"}, {"Node Type": "Hash", "Parent Relationship": "Inner", "Startup Cost": 299784.84, "Total Cost": 299784.84, "Plan Rows": 575746, "Plan Width": 16, "Plans": [{"Node Type": "Bitmap Heap Scan", "Parent Relationship": "Outer", "Relation Name": "orders", "Alias": "orders", "Startup Cost": 14729.65, "Total Cost": 299784.84, "Plan Rows": 575746, "Plan Width": 16, "Recheck Cond": "((o_orderdate >= '1993-08-01 00:00:00'::timestamp(0) without time zone) AND (o_orderdate < '1993-11-01 00:00:00'::timestamp without time zone)), (LLVM Optimized)", "Plans": [{"Node Type": "Bitmap Index Scan", "Parent Relationship": "Outer", "Index Name": "idx_orders_orderdate", "Startup Cost": 0.0, "Total Cost": 14585.71, "Plan Rows": 575746, "Plan Width": 0, "Index Cond": "((o_orderdate >= '1993-08-01 00:00:00'::timestamp(0) without time zone) AND (o_orderdate < '1993-11-01 00:00:00'::timestamp without time zone))"}]}]}]}, {"Node Type": "Hash", "Parent Relationship": "Inner", "Startup Cost": 52126.0, "Total Cost": 52126.0, "Plan Rows": 1500000, "Plan Width": 153, "Plans": [{"Node Type": "Seq Scan", "Parent Relationship": "Outer", "Relation Name": "customer", "Alias": "customer", "Startup Cost": 0.0, "Total Cost": 52126.0, "Plan Rows": 1500000, "Plan Width": 153}]}]}, {"Node Type": "Hash", "Parent Relationship": "Inner", "Startup Cost": 1.25, "Total Cost": 1.25, "Plan Rows": 25, "Plan Width": 30, "Plans": [{"Node Type": "Seq Scan", "Parent Relationship": "Outer", "Relation Name": "nation", "Alias": "nation", "Startup Cost": 0.0, "Total Cost": 1.25, "Plan Rows": 25, "Plan Width": 30}]}]}]}]}]}, "Unique SQL Id": 1604070524, "Planner Runtime": 1}, "explain_analyze_plan": {"Plan": {"Node Type": "Limit", "Startup Cost": 2741876.6, "Total Cost": 2741876.65, "Plan Rows": 20, "Plan Width": 199, "Actual Startup Time": 32366.791, "Actual Total Time": 32366.797, "Actual Rows": 20, "Actual Loops": 1, "Plans": [{"Node Type": "Sort", "Parent Relationship": "Outer", "Startup Cost": 2741876.6, "Total Cost": 2745491.35, "Plan Rows": 20, "Plan Width": 199, "Actual Startup Time": 32366.788, "Actual Total Time": 32366.792, "Actual Rows": 20, "Actual Loops": 1, "Sort Key": ["(sum((lineitem.l_extendedprice * (1::double precision - lineitem.l_discount)))) DESC"], "Sort Method": "top-N heapsort", "Sort Space Used": 35, "Sort Space Type": "Memory", "Plans": [{"Node Type": "Aggregate", "Strategy": "Hashed", "Parent Relationship": "Outer", "Startup Cost": 2688942.8, "Total Cost": 2703401.78, "Plan Rows": 1445898, "Plan Width": 199, "Actual Startup Time": 31978.233, "Actual Total Time": 32230.896, "Actual Rows": 381542, "Actual Loops": 1, "Group By Key": ["customer.c_custkey", "customer.c_name", "customer.c_acctbal", "customer.c_phone", "nation.n_name", "customer.c_address", "customer.c_comment"], "Plans": [{"Node Type": "Hash Join", "Parent Relationship": "Outer", "Join Type": "Inner", "Startup Cost": 377859.22, "Total Cost": 2652795.35, "Plan Rows": 1445898, "Plan Width": 191, "Actual Startup Time": 2668.375, "Actual Total Time": 30150.047, "Actual Rows": 1145969, "Actual Loops": 1, "Inner Unique": true, "Hash Cond": "(customer.c_nationkey = nation.n_nationkey), (LLVM Optimized, Jit Execute)", "Plans": [{"Node Type": "Hash Join", "Parent Relationship": "Outer", "Join Type": "Inner", "Startup Cost": 377857.66, "Total Cost": 2632912.69, "Plan Rows": 1445898, "Plan Width": 169, "Actual Startup Time": 2668.286, "Actual Total Time": 29684.602, "Actual Rows": 1145969, "Actual Loops": 1, "Inner Unique": true, "Hash Cond": "(orders.o_custkey = customer.c_custkey), (LLVM Optimized, Jit Execute)", "Plans": [{"Node Type": "Hash Join", "Parent Relationship": "Outer", "Join Type": "Inner", "Startup Cost": 306981.66, "Total Cost": 2542155.59, "Plan Rows": 1445898, "Plan Width": 24, "Actual Startup Time": 1386.463, "Actual Total Time": 27642.574, "Actual Rows": 1145969, "Actual Loops": 1, "Inner Unique": true, "Hash Cond": "(lineitem.l_orderkey = orders.o_orderkey), (LLVM Optimized, Jit Execute)", "Plans": [{"Node Type": "Seq Scan", "Parent Relationship": "Outer", "Relation Name": "lineitem", "Alias": "lineitem", "Startup Cost": 0.0, "Total Cost": 2165082.91, "Plan Rows": 14835209, "Plan Width": 24, "Actual Startup Time": 0.021, "Actual Total Time": 22090.21, "Actual Rows": 14808183, "Actual Loops": 1, "Filter": "(l_returnflag = 'R'::bpchar), (LLVM Optimized, Jit Execute)", "Rows Removed by Filter": 45177869}, {"Node Type": "Hash", "Parent Relationship": "Inner", "Startup Cost": 299784.84, "Total Cost": 299784.84, "Plan Rows": 575746, "Plan Width": 16, "Actual Startup Time": 1385.671, "Actual Total Time": 1385.671, "Actual Rows": 573635, "Actual Loops": 1, "Hash Buckets": 1048576, "Hash Batches": 1, "Original Hash Batches": 1, "Peak Memory Usage": 26890, "Plans": [{"Node Type": "Bitmap Heap Scan", "Parent Relationship": "Outer", "Relation Name": "orders", "Alias": "orders", "Startup Cost": 14729.65, "Total Cost": 299784.84, "Plan Rows": 575746, "Plan Width": 16, "Actual Startup Time": 280.557, "Actual Total Time": 1156.886, "Actual Rows": 573635, "Actual Loops": 1, "Recheck Cond": "((o_orderdate >= '1993-08-01 00:00:00'::timestamp(0) without time zone) AND (o_orderdate < '1993-11-01 00:00:00'::timestamp without time zone)), (LLVM Optimized, Jit Execute)", "Rows Removed by Index Recheck": 0, "Exact Heap Blocks": 242860, "Lossy Heap Blocks": 242860, "Plans": [{"Node Type": "Bitmap Index Scan", "Parent Relationship": "Outer", "Index Name": "idx_orders_orderdate", "Startup Cost": 0.0, "Total Cost": 14585.71, "Plan Rows": 575746, "Plan Width": 0, "Actual Startup Time": 199.97, "Actual Total Time": 199.97, "Actual Rows": 573635, "Actual Loops": 1, "Index Cond": "((o_orderdate >= '1993-08-01 00:00:00'::timestamp(0) without time zone) AND (o_orderdate < '1993-11-01 00:00:00'::timestamp without time zone))"}]}]}]}, {"Node Type": "Hash", "Parent Relationship": "Inner", "Startup Cost": 52126.0, "Total Cost": 52126.0, "Plan Rows": 1500000, "Plan Width": 153, "Actual Startup Time": 1280.614, "Actual Total Time": 1280.614, "Actual Rows": 1500000, "Actual Loops": 1, "Hash Buckets": 2097152, "Hash Batches": 1, "Original Hash Batches": 1, "Peak Memory Usage": 282695, "Plans": [{"Node Type": "Seq Scan", "Parent Relationship": "Outer", "Relation Name": "customer", "Alias": "customer", "Startup Cost": 0.0, "Total Cost": 52126.0, "Plan Rows": 1500000, "Plan Width": 153, "Actual Startup Time": 0.017, "Actual Total Time": 610.086, "Actual Rows": 1500000, "Actual Loops": 1}]}]}, {"Node Type": "Hash", "Parent Relationship": "Inner", "Startup Cost": 1.25, "Total Cost": 1.25, "Plan Rows": 25, "Plan Width": 30, "Actual Startup Time": 0.042, "Actual Total Time": 0.042, "Actual Rows": 25, "Actual Loops": 1, "Hash Buckets": 32768, "Hash Batches": 1, "Original Hash Batches": 1, "Peak Memory Usage": 2, "Plans": [{"Node Type": "Seq Scan", "Parent Relationship": "Outer", "Relation Name": "nation", "Alias": "nation", "Startup Cost": 0.0, "Total Cost": 1.25, "Plan Rows": 25, "Plan Width": 30, "Actual Startup Time": 0.019, "Actual Total Time": 0.025, "Actual Rows": 25, "Actual Loops": 1}]}]}]}]}]}, "Triggers": [], "Planner Runtime": 1, "Total Runtime": 32378.341, "Unique SQL Id": 1604070524}}, "(16, 103)": {"explain_plan": {"Plan": {"Node Type": "Limit", "Startup Cost": 13443415.76, "Total Cost": 13443415.81, "Plan Rows": 20, "Plan Width": 199, "Plans": [{"Node Type": "Sort", "Parent Relationship": "Outer", "Startup Cost": 13443415.76, "Total Cost": 13447030.51, "Plan Rows": 20, "Plan Width": 199, "Sort Key": ["(sum((lineitem.l_extendedprice * (1::double precision - lineitem.l_discount)))) DESC"], "Plans": [{"Node Type": "Aggregate", "Strategy": "Hashed", "Parent Relationship": "Outer", "Startup Cost": 13390481.96, "Total Cost": 13404940.94, "Plan Rows": 1445898, "Plan Width": 199, "Group By Key": ["customer.c_custkey", "customer.c_name", "customer.c_acctbal", "customer.c_phone", "nation.n_name", "customer.c_address", "customer.c_comment"], "Plans": [{"Node Type": "Nested Loop", "Parent Relationship": "Outer", "Join Type": "Inner", "Startup Cost": 14732.12, "Total Cost": 13354334.51, "Plan Rows": 1445898, "Plan Width": 191, "Inner Unique": false, "Plans": [{"Node Type": "Nested Loop", "Parent Relationship": "Outer", "Join Type": "Inner", "Startup Cost": 14730.2, "Total Cost": 5249597.54, "Plan Rows": 575746, "Plan Width": 183, "Inner Unique": true, "Plans": [{"Node Type": "Nested Loop", "Parent Relationship": "Outer", "Join Type": "Inner", "Startup Cost": 14729.94, "Total Cost": 2785257.65, "Plan Rows": 575746, "Plan Width": 161, "Inner Unique": true, "Plans": [{"Node Type": "Bitmap Heap Scan", "Parent Relationship": "Outer", "Relation Name": "orders", "Alias": "orders", "Startup Cost": 14729.65, "Total Cost": 299784.84, "Plan Rows": 575746, "Plan Width": 16, "Recheck Cond": "((o_orderdate >= '1993-08-01 00:00:00'::timestamp(0) without time zone) AND (o_orderdate < '1993-11-01 00:00:00'::timestamp without time zone)), (LLVM Optimized)", "Plans": [{"Node Type": "Bitmap Index Scan", "Parent Relationship": "Outer", "Index Name": "idx_orders_orderdate", "Startup Cost": 0.0, "Total Cost": 14585.71, "Plan Rows": 575746, "Plan Width": 0, "Index Cond": "((o_orderdate >= '1993-08-01 00:00:00'::timestamp(0) without time zone) AND (o_orderdate < '1993-11-01 00:00:00'::timestamp without time zone))"}]}, {"Node Type": "Bitmap Heap Scan", "Parent Relationship": "Inner", "Relation Name": "customer", "Alias": "customer", "Startup Cost": 0.29, "Total Cost": 4.31, "Plan Rows": 1, "Plan Width": 153, "Recheck Cond": "(c_custkey = orders.o_custkey)", "Plans": [{"Node Type": "Bitmap Index Scan", "Parent Relationship": "Outer", "Index Name": "customer_pkey", "Startup Cost": 0.0, "Total Cost": 0.29, "Plan Rows": 1, "Plan Width": 0, "Index Cond": "(c_custkey = orders.o_custkey)"}]}]}, {"Node Type": "Bitmap Heap Scan", "Parent Relationship": "Inner", "Relation Name": "nation", "Alias": "nation", "Startup Cost": 0.26, "Total Cost": 4.27, "Plan Rows": 1, "Plan Width": 30, "Recheck Cond": "(n_nationkey = customer.c_nationkey)", "Plans": [{"Node Type": "Bitmap Index Scan", "Parent Relationship": "Outer", "Index Name": "nation_pkey", "Startup Cost": 0.0, "Total Cost": 0.26, "Plan Rows": 1, "Plan Width": 0, "Index Cond": "(n_nationkey = customer.c_nationkey)"}]}]}, {"Node Type": "Bitmap Heap Scan", "Parent Relationship": "Inner", "Relation Name": "lineitem", "Alias": "lineitem", "Startup Cost": 1.93, "Total Cost": 14.05, "Plan Rows": 3, "Plan Width": 24, "Recheck Cond": "(l_orderkey = orders.o_orderkey)", "Filter": "(l_returnflag = 'R'::bpchar)", "Plans": [{"Node Type": "Bitmap Index Scan", "Parent Relationship": "Outer", "Index Name": "idx_lineitem_orderkey", "Startup Cost": 0.0, "Total Cost": 1.92, "Plan Rows": 9, "Plan Width": 0, "Index Cond": "(l_orderkey = orders.o_orderkey)"}]}]}]}]}]}, "Unique SQL Id": 1604070524, "Planner Runtime": 0}, "explain_analyze_plan": {"Plan": {"Node Type": "Limit", "Startup Cost": 13443415.76, "Total Cost": 13443415.81, "Plan Rows": 20, "Plan Width": 199, "Actual Startup Time": 17339.241, "Actual Total Time": 17339.252, "Actual Rows": 20, "Actual Loops": 1, "Plans": [{"Node Type": "Sort", "Parent Relationship": "Outer", "Startup Cost": 13443415.76, "Total Cost": 13447030.51, "Plan Rows": 20, "Plan Width": 199, "Actual Startup Time": 17339.239, "Actual Total Time": 17339.248, "Actual Rows": 20, "Actual Loops": 1, "Sort Key": ["(sum((lineitem.l_extendedprice * (1::double precision - lineitem.l_discount)))) DESC"], "Sort Method": "top-N heapsort", "Sort Space Used": 35, "Sort Space Type": "Memory", "Plans": [{"Node Type": "Aggregate", "Strategy": "Hashed", "Parent Relationship": "Outer", "Startup Cost": 13390481.96, "Total Cost": 13404940.94, "Plan Rows": 1445898, "Plan Width": 199, "Actual Startup Time": 16948.804, "Actual Total Time": 17203.575, "Actual Rows": 381542, "Actual Loops": 1, "Group By Key": ["customer.c_custkey", "customer.c_name", "customer.c_acctbal", "customer.c_phone", "nation.n_name", "customer.c_address", "customer.c_comment"], "Plans": [{"Node Type": "Nested Loop", "Parent Relationship": "Outer", "Join Type": "Inner", "Startup Cost": 14732.12, "Total Cost": 13354334.51, "Plan Rows": 1445898, "Plan Width": 191, "Actual Startup Time": 243.383, "Actual Total Time": 14979.756, "Actual Rows": 1145969, "Actual Loops": 1, "Inner Unique": false, "Plans": [{"Node Type": "Nested Loop", "Parent Relationship": "Outer", "Join Type": "Inner", "Startup Cost": 14730.2, "Total Cost": 5249597.54, "Plan Rows": 575746, "Plan Width": 183, "Actual Startup Time": 243.33, "Actual Total Time": 8554.709, "Actual Rows": 573635, "Actual Loops": 1, "Inner Unique": true, "Plans": [{"Node Type": "Nested Loop", "Parent Relationship": "Outer", "Join Type": "Inner", "Startup Cost": 14729.94, "Total Cost": 2785257.65, "Plan Rows": 575746, "Plan Width": 161, "Actual Startup Time": 243.278, "Actual Total Time": 6365.155, "Actual Rows": 573635, "Actual Loops": 1, "Inner Unique": true, "Plans": [{"Node Type": "Bitmap Heap Scan", "Parent Relationship": "Outer", "Relation Name": "orders", "Alias": "orders", "Startup Cost": 14729.65, "Total Cost": 299784.84, "Plan Rows": 575746, "Plan Width": 16, "Actual Startup Time": 243.054, "Actual Total Time": 1186.231, "Actual Rows": 573635, "Actual Loops": 1, "Recheck Cond": "((o_orderdate >= '1993-08-01 00:00:00'::timestamp(0) without time zone) AND (o_orderdate < '1993-11-01 00:00:00'::timestamp without time zone)), (LLVM Optimized, Jit Execute)", "Rows Removed by Index Recheck": 0, "Exact Heap Blocks": 242860, "Lossy Heap Blocks": 242860, "Plans": [{"Node Type": "Bitmap Index Scan", "Parent Relationship": "Outer", "Index Name": "idx_orders_orderdate", "Startup Cost": 0.0, "Total Cost": 14585.71, "Plan Rows": 575746, "Plan Width": 0, "Actual Startup Time": 167.646, "Actual Total Time": 167.646, "Actual Rows": 573635, "Actual Loops": 1, "Index Cond": "((o_orderdate >= '1993-08-01 00:00:00'::timestamp(0) without time zone) AND (o_orderdate < '1993-11-01 00:00:00'::timestamp without time zone))"}]}, {"Node Type": "Bitmap Heap Scan", "Parent Relationship": "Inner", "Relation Name": "customer", "Alias": "customer", "Startup Cost": 0.29, "Total Cost": 4.31, "Plan Rows": 1, "Plan Width": 153, "Actual Startup Time": 4298.917, "Actual Total Time": 4298.917, "Actual Rows": 573635, "Actual Loops": 573635, "Recheck Cond": "(c_custkey = orders.o_custkey)", "Rows Removed by Index Recheck": 0, "Exact Heap Blocks": 573635, "Lossy Heap Blocks": 573635, "Plans": [{"Node Type": "Bitmap Index Scan", "Parent Relationship": "Outer", "Index Name": "customer_pkey", "Startup Cost": 0.0, "Total Cost": 0.29, "Plan Rows": 1, "Plan Width": 0, "Actual Startup Time": 2605.74, "Actual Total Time": 2605.74, "Actual Rows": 573635, "Actual Loops": 573635, "Index Cond": "(c_custkey = orders.o_custkey)"}]}]}, {"Node Type": "Bitmap Heap Scan", "Parent Relationship": "Inner", "Relation Name": "nation", "Alias": "nation", "Startup Cost": 0.26, "Total Cost": 4.27, "Plan Rows": 1, "Plan Width": 30, "Actual Startup Time": 1394.855, "Actual Total Time": 1394.855, "Actual Rows": 573635, "Actual Loops": 573635, "Recheck Cond": "(n_nationkey = customer.c_nationkey)", "Rows Removed by Index Recheck": 0, "Exact Heap Blocks": 573635, "Lossy Heap Blocks": 573635, "Plans": [{"Node Type": "Bitmap Index Scan", "Parent Relationship": "Outer", "Index Name": "nation_pkey", "Startup Cost": 0.0, "Total Cost": 0.26, "Plan Rows": 1, "Plan Width": 0, "Actual Startup Time": 610.88, "Actual Total Time": 610.88, "Actual Rows": 573635, "Actual Loops": 573635, "Index Cond": "(n_nationkey = customer.c_nationkey)"}]}]}, {"Node Type": "Bitmap Heap Scan", "Parent Relationship": "Inner", "Relation Name": "lineitem", "Alias": "lineitem", "Startup Cost": 1.93, "Total Cost": 14.05, "Plan Rows": 3, "Plan Width": 24, "Actual Startup Time": 4948.946, "Actual Total Time": 5481.054, "Actual Rows": 1145969, "Actual Loops": 573635, "Recheck Cond": "(l_orderkey = orders.o_orderkey)", "Rows Removed by Index Recheck": 0, "Filter": "(l_returnflag = 'R'::bpchar)", "Rows Removed by Filter": 1146896, "Exact Heap Blocks": 614400, "Lossy Heap Blocks": 614400, "Plans": [{"Node Type": "Bitmap Index Scan", "Parent Relationship": "Outer", "Index Name": "idx_lineitem_orderkey", "Startup Cost": 0.0, "Total Cost": 1.92, "Plan Rows": 9, "Plan Width": 0, "Actual Startup Time": 2525.585, "Actual Total Time": 2525.585, "Actual Rows": 2292865, "Actual Loops": 573635, "Index Cond": "(l_orderkey = orders.o_orderkey)"}]}]}]}]}]}, "Triggers": [], "Planner Runtime": 1, "Total Runtime": 17349.86, "Unique SQL Id": 1604070524}}, "(16, 104)": {"explain_plan": {"Plan": {"Node Type": "Limit", "Startup Cost": 2943502.95, "Total Cost": 2943503.0, "Plan Rows": 20, "Plan Width": 199, "Plans": [{"Node Type": "Sort", "Parent Relationship": "Outer", "Startup Cost": 2943502.95, "Total Cost": 2947117.69, "Plan Rows": 20, "Plan Width": 199, "Sort Key": ["(sum((lineitem.l_extendedprice * (1::double precision - lineitem.l_discount)))) DESC"], "Plans": [{"Node Type": "Aggregate", "Strategy": "Hashed", "Parent Relationship": "Outer", "Startup Cost": 2890569.14, "Total Cost": 2905028.12, "Plan Rows": 1445898, "Plan Width": 199, "Group By Key": ["customer.c_custkey", "customer.c_name", "customer.c_acctbal", "customer.c_phone", "nation.n_name", "customer.c_address", "customer.c_comment"], "Plans": [{"Node Type": "Hash Join", "Parent Relationship": "Outer", "Join Type": "Inner", "Startup Cost": 579485.57, "Total Cost": 2854421.69, "Plan Rows": 1445898, "Plan Width": 191, "Inner Unique": true, "Hash Cond": "(customer.c_nationkey = nation.n_nationkey), (LLVM Optimized)", "Plans": [{"Node Type": "Hash Join", "Parent Relationship": "Outer", "Join Type": "Inner", "Startup Cost": 579484.01, "Total Cost": 2834539.03, "Plan Rows": 1445898, "Plan Width": 169, "Inner Unique": true, "Hash Cond": "(orders.o_custkey = customer.c_custkey), (LLVM Optimized)", "Plans": [{"Node Type": "Hash Join", "Parent Relationship": "Outer", "Join Type": "Inner", "Startup Cost": 508608.01, "Total Cost": 2743781.94, "Plan Rows": 1445898, "Plan Width": 24, "Inner Unique": true, "Hash Cond": "(lineitem.l_orderkey = orders.o_orderkey), (LLVM Optimized)", "Plans": [{"Node Type": "Seq Scan", "Parent Relationship": "Outer", "Relation Name": "lineitem", "Alias": "lineitem", "Startup Cost": 0.0, "Total Cost": 2165082.91, "Plan Rows": 14835209, "Plan Width": 24, "Filter": "(l_returnflag = 'R'::bpchar), (LLVM Optimized)"}, {"Node Type": "Hash", "Parent Relationship": "Inner", "Startup Cost": 501411.18, "Total Cost": 501411.18, "Plan Rows": 575746, "Plan Width": 16, "Plans": [{"Node Type": "Seq Scan", "Parent Relationship": "Outer", "Relation Name": "orders", "Alias": "orders", "Startup Cost": 585.62, "Total Cost": 501411.18, "Plan Rows": 575746, "Plan Width": 16, "Filter": "((o_orderdate >= '1993-08-01 00:00:00'::timestamp(0) without time zone) AND (o_orderdate < '1993-11-01 00:00:00'::timestamp without time zone)), (LLVM Optimized)"}]}]}, {"Node Type": "Hash", "Parent Relationship": "Inner", "Startup Cost": 52126.0, "Total Cost": 52126.0, "Plan Rows": 1500000, "Plan Width": 153, "Plans": [{"Node Type": "Seq Scan", "Parent Relationship": "Outer", "Relation Name": "customer", "Alias": "customer", "Startup Cost": 0.0, "Total Cost": 52126.0, "Plan Rows": 1500000, "Plan Width": 153}]}]}, {"Node Type": "Hash", "Parent Relationship": "Inner", "Startup Cost": 1.25, "Total Cost": 1.25, "Plan Rows": 25, "Plan Width": 30, "Plans": [{"Node Type": "Seq Scan", "Parent Relationship": "Outer", "Relation Name": "nation", "Alias": "nation", "Startup Cost": 0.0, "Total Cost": 1.25, "Plan Rows": 25, "Plan Width": 30}]}]}]}]}]}, "Unique SQL Id": 1604070524, "Planner Runtime": 1}, "explain_analyze_plan": {"Plan": {"Node Type": "Limit", "Startup Cost": 2943502.95, "Total Cost": 2943503.0, "Plan Rows": 20, "Plan Width": 199, "Actual Startup Time": 36445.204, "Actual Total Time": 36445.212, "Actual Rows": 20, "Actual Loops": 1, "Plans": [{"Node Type": "Sort", "Parent Relationship": "Outer", "Startup Cost": 2943502.95, "Total Cost": 2947117.69, "Plan Rows": 20, "Plan Width": 199, "Actual Startup Time": 36445.202, "Actual Total Time": 36445.207, "Actual Rows": 20, "Actual Loops": 1, "Sort Key": ["(sum((lineitem.l_extendedprice * (1::double precision - lineitem.l_discount)))) DESC"], "Sort Method": "top-N heapsort", "Sort Space Used": 35, "Sort Space Type": "Memory", "Plans": [{"Node Type": "Aggregate", "Strategy": "Hashed", "Parent Relationship": "Outer", "Startup Cost": 2890569.14, "Total Cost": 2905028.12, "Plan Rows": 1445898, "Plan Width": 199, "Actual Startup Time": 36036.211, "Actual Total Time": 36308.683, "Actual Rows": 381542, "Actual Loops": 1, "Group By Key": ["customer.c_custkey", "customer.c_name", "customer.c_acctbal", "customer.c_phone", "nation.n_name", "customer.c_address", "customer.c_comment"], "Plans": [{"Node Type": "Hash Join", "Parent Relationship": "Outer", "Join Type": "Inner", "Startup Cost": 579485.57, "Total Cost": 2854421.69, "Plan Rows": 1445898, "Plan Width": 191, "Actual Startup Time": 6903.26, "Actual Total Time": 34227.795, "Actual Rows": 1145969, "Actual Loops": 1, "Inner Unique": true, "Hash Cond": "(customer.c_nationkey = nation.n_nationkey), (LLVM Optimized, Jit Execute)", "Plans": [{"Node Type": "Hash Join", "Parent Relationship": "Outer", "Join Type": "Inner", "Startup Cost": 579484.01, "Total Cost": 2834539.03, "Plan Rows": 1445898, "Plan Width": 169, "Actual Startup Time": 6903.167, "Actual Total Time": 33759.477, "Actual Rows": 1145969, "Actual Loops": 1, "Inner Unique": true, "Hash Cond": "(orders.o_custkey = customer.c_custkey), (LLVM Optimized, Jit Execute)", "Plans": [{"Node Type": "Hash Join", "Parent Relationship": "Outer", "Join Type": "Inner", "Startup Cost": 508608.01, "Total Cost": 2743781.94, "Plan Rows": 1445898, "Plan Width": 24, "Actual Startup Time": 5606.947, "Actual Total Time": 31725.907, "Actual Rows": 1145969, "Actual Loops": 1, "Inner Unique": true, "Hash Cond": "(lineitem.l_orderkey = orders.o_orderkey), (LLVM Optimized, Jit Execute)", "Plans": [{"Node Type": "Seq Scan", "Parent Relationship": "Outer", "Relation Name": "lineitem", "Alias": "lineitem", "Startup Cost": 0.0, "Total Cost": 2165082.91, "Plan Rows": 14835209, "Plan Width": 24, "Actual Startup Time": 0.022, "Actual Total Time": 22103.583, "Actual Rows": 14808183, "Actual Loops": 1, "Filter": "(l_returnflag = 'R'::bpchar), (LLVM Optimized, Jit Execute)", "Rows Removed by Filter": 45177869}, {"Node Type": "Hash", "Parent Relationship": "Inner", "Startup Cost": 501411.18, "Total Cost": 501411.18, "Plan Rows": 575746, "Plan Width": 16, "Actual Startup Time": 5606.149, "Actual Total Time": 5606.149, "Actual Rows": 573635, "Actual Loops": 1, "Hash Buckets": 1048576, "Hash Batches": 1, "Original Hash Batches": 1, "Peak Memory Usage": 26890, "Plans": [{"Node Type": "Seq Scan", "Parent Relationship": "Outer", "Relation Name": "orders", "Alias": "orders", "Startup Cost": 585.62, "Total Cost": 501411.18, "Plan Rows": 575746, "Plan Width": 16, "Actual Startup Time": 0.026, "Actual Total Time": 5367.895, "Actual Rows": 573635, "Actual Loops": 1, "Filter": "((o_orderdate >= '1993-08-01 00:00:00'::timestamp(0) without time zone) AND (o_orderdate < '1993-11-01 00:00:00'::timestamp without time zone)), (LLVM Optimized, Jit Execute)", "Rows Removed by Filter": 14426365}]}]}, {"Node Type": "Hash", "Parent Relationship": "Inner", "Startup Cost": 52126.0, "Total Cost": 52126.0, "Plan Rows": 1500000, "Plan Width": 153, "Actual Startup Time": 1294.912, "Actual Total Time": 1294.912, "Actual Rows": 1500000, "Actual Loops": 1, "Hash Buckets": 2097152, "Hash Batches": 1, "Original Hash Batches": 1, "Peak Memory Usage": 282695, "Plans": [{"Node Type": "Seq Scan", "Parent Relationship": "Outer", "Relation Name": "customer", "Alias": "customer", "Startup Cost": 0.0, "Total Cost": 52126.0, "Plan Rows": 1500000, "Plan Width": 153, "Actual Startup Time": 0.022, "Actual Total Time": 605.911, "Actual Rows": 1500000, "Actual Loops": 1}]}]}, {"Node Type": "Hash", "Parent Relationship": "Inner", "Startup Cost": 1.25, "Total Cost": 1.25, "Plan Rows": 25, "Plan Width": 30, "Actual Startup Time": 0.043, "Actual Total Time": 0.043, "Actual Rows": 25, "Actual Loops": 1, "Hash Buckets": 32768, "Hash Batches": 1, "Original Hash Batches": 1, "Peak Memory Usage": 2, "Plans": [{"Node Type": "Seq Scan", "Parent Relationship": "Outer", "Relation Name": "nation", "Alias": "nation", "Startup Cost": 0.0, "Total Cost": 1.25, "Plan Rows": 25, "Plan Width": 30, "Actual Startup Time": 0.019, "Actual Total Time": 0.025, "Actual Rows": 25, "Actual Loops": 1}]}]}]}]}]}, "Triggers": [], "Planner Runtime": 1, "Total Runtime": 36456.213, "Unique SQL Id": 1604070524}}, "(16, 105)": {"explain_plan": {"Plan": {"Node Type": "Limit", "Startup Cost": 4127035.84, "Total Cost": 4127035.89, "Plan Rows": 20, "Plan Width": 199, "Plans": [{"Node Type": "Sort", "Parent Relationship": "Outer", "Startup Cost": 4127035.84, "Total Cost": 4130650.58, "Plan Rows": 20, "Plan Width": 199, "Sort Key": ["(sum((lineitem.l_extendedprice * (1::double precision - lineitem.l_discount)))) DESC"], "Plans": [{"Node Type": "Aggregate", "Strategy": "Hashed", "Parent Relationship": "Outer", "Startup Cost": 4074102.03, "Total Cost": 4088561.01, "Plan Rows": 1445898, "Plan Width": 199, "Group By Key": ["customer.c_custkey", "customer.c_name", "customer.c_acctbal", "customer.c_phone", "nation.n_name", "customer.c_address", "customer.c_comment"], "Plans": [{"Node Type": "Nested Loop", "Parent Relationship": "Outer", "Join Type": "Inner", "Startup Cost": 99528.29, "Total Cost": 4037954.58, "Plan Rows": 1445898, "Plan Width": 191, "Inner Unique": false, "Plans": [{"Node Type": "Hash Join", "Parent Relationship": "Outer", "Join Type": "Inner", "Startup Cost": 99528.29, "Total Cost": 921337.14, "Plan Rows": 575746, "Plan Width": 183, "Inner Unique": true, "Hash Cond": "(customer.c_nationkey = nation.n_nationkey), (LLVM Optimized)", "Plans": [{"Node Type": "Hash Join", "Parent Relationship": "Outer", "Join Type": "Inner", "Startup Cost": 99515.36, "Total Cost": 913407.69, "Plan Rows": 575746, "Plan Width": 161, "Inner Unique": true, "Hash Cond": "(orders.o_custkey = customer.c_custkey), (LLVM Optimized)", "Plans": [{"Node Type": "Index Scan", "Parent Relationship": "Outer", "Scan Direction": "Forward", "Index Name": "orders_pkey", "Relation Name": "orders", "Alias": "orders", "Startup Cost": 0.0, "Total Cost": 805975.83, "Plan Rows": 575746, "Plan Width": 16, "Filter": "((o_orderdate >= '1993-08-01 00:00:00'::timestamp(0) without time zone) AND (o_orderdate < '1993-11-01 00:00:00'::timestamp without time zone)), (LLVM Optimized)"}, {"Node Type": "Hash", "Parent Relationship": "Inner", "Startup Cost": 80765.36, "Total Cost": 80765.36, "Plan Rows": 1500000, "Plan Width": 153, "Plans": [{"Node Type": "Index Scan", "Parent Relationship": "Outer", "Scan Direction": "Forward", "Index Name": "customer_pkey", "Relation Name": "customer", "Alias": "customer", "Startup Cost": 0.0, "Total Cost": 80765.36, "Plan Rows": 1500000, "Plan Width": 153}]}]}, {"Node Type": "Hash", "Parent Relationship": "Inner", "Startup Cost": 12.62, "Total Cost": 12.62, "Plan Rows": 25, "Plan Width": 30, "Plans": [{"Node Type": "Index Scan", "Parent Relationship": "Outer", "Scan Direction": "Forward", "Index Name": "nation_pkey", "Relation Name": "nation", "Alias": "nation", "Startup Cost": 0.0, "Total Cost": 12.62, "Plan Rows": 25, "Plan Width": 30}]}]}, {"Node Type": "Index Scan", "Parent Relationship": "Inner", "Scan Direction": "Forward", "Index Name": "idx_lineitem_orderkey", "Relation Name": "lineitem", "Alias": "lineitem", "Startup Cost": 0.0, "Total Cost": 5.38, "Plan Rows": 3, "Plan Width": 24, "Index Cond": "(l_orderkey = orders.o_orderkey)", "Filter": "(l_returnflag = 'R'::bpchar)"}]}]}]}]}, "Unique SQL Id": 1604070524, "Planner Runtime": 1}, "explain_analyze_plan": {"Plan": {"Node Type": "Limit", "Startup Cost": 4127035.84, "Total Cost": 4127035.89, "Plan Rows": 20, "Plan Width": 199, "Actual Startup Time": 22102.896, "Actual Total Time": 22102.901, "Actual Rows": 20, "Actual Loops": 1, "Plans": [{"Node Type": "Sort", "Parent Relationship": "Outer", "Startup Cost": 4127035.84, "Total Cost": 4130650.58, "Plan Rows": 20, "Plan Width": 199, "Actual Startup Time": 22102.892, "Actual Total Time": 22102.894, "Actual Rows": 20, "Actual Loops": 1, "Sort Key": ["(sum((lineitem.l_extendedprice * (1::double precision - lineitem.l_discount)))) DESC"], "Sort Method": "top-N heapsort", "Sort Space Used": 35, "Sort Space Type": "Memory", "Plans": [{"Node Type": "Aggregate", "Strategy": "Hashed", "Parent Relationship": "Outer", "Startup Cost": 4074102.03, "Total Cost": 4088561.01, "Plan Rows": 1445898, "Plan Width": 199, "Actual Startup Time": 21697.408, "Actual Total Time": 21966.438, "Actual Rows": 381542, "Actual Loops": 1, "Group By Key": ["customer.c_custkey", "customer.c_name", "customer.c_acctbal", "customer.c_phone", "nation.n_name", "customer.c_address", "customer.c_comment"], "Plans": [{"Node Type": "Nested Loop", "Parent Relationship": "Outer", "Join Type": "Inner", "Startup Cost": 99528.29, "Total Cost": 4037954.58, "Plan Rows": 1445898, "Plan Width": 191, "Actual Startup Time": 1763.635, "Actual Total Time": 19843.764, "Actual Rows": 1145969, "Actual Loops": 1, "Inner Unique": false, "Plans": [{"Node Type": "Hash Join", "Parent Relationship": "Outer", "Join Type": "Inner", "Startup Cost": 99528.29, "Total Cost": 921337.14, "Plan Rows": 575746, "Plan Width": 183, "Actual Startup Time": 1763.574, "Actual Total Time": 14035.254, "Actual Rows": 573635, "Actual Loops": 1, "Inner Unique": true, "Hash Cond": "(customer.c_nationkey = nation.n_nationkey), (LLVM Optimized, Jit Execute)", "Plans": [{"Node Type": "Hash Join", "Parent Relationship": "Outer", "Join Type": "Inner", "Startup Cost": 99515.36, "Total Cost": 913407.69, "Plan Rows": 575746, "Plan Width": 161, "Actual Startup Time": 1763.472, "Actual Total Time": 13780.974, "Actual Rows": 573635, "Actual Loops": 1, "Inner Unique": true, "Hash Cond": "(orders.o_custkey = customer.c_custkey), (LLVM Optimized, Jit Execute)", "Plans": [{"Node Type": "Index Scan", "Parent Relationship": "Outer", "Scan Direction": "Forward", "Index Name": "orders_pkey", "Relation Name": "orders", "Alias": "orders", "Startup Cost": 0.0, "Total Cost": 805975.83, "Plan Rows": 575746, "Plan Width": 16, "Actual Startup Time": 0.034, "Actual Total Time": 11438.885, "Actual Rows": 573635, "Actual Loops": 1, "Filter": "((o_orderdate >= '1993-08-01 00:00:00'::timestamp(0) without time zone) AND (o_orderdate < '1993-11-01 00:00:00'::timestamp without time zone)), (LLVM Optimized, Jit Execute)", "Rows Removed by Filter": 14426365}, {"Node Type": "Hash", "Parent Relationship": "Inner", "Startup Cost": 80765.36, "Total Cost": 80765.36, "Plan Rows": 1500000, "Plan Width": 153, "Actual Startup Time": 1762.18, "Actual Total Time": 1762.18, "Actual Rows": 1500000, "Actual Loops": 1, "Hash Buckets": 2097152, "Hash Batches": 1, "Original Hash Batches": 1, "Peak Memory Usage": 282695, "Plans": [{"Node Type": "Index Scan", "Parent Relationship": "Outer", "Scan Direction": "Forward", "Index Name": "customer_pkey", "Relation Name": "customer", "Alias": "customer", "Startup Cost": 0.0, "Total Cost": 80765.36, "Plan Rows": 1500000, "Plan Width": 153, "Actual Startup Time": 0.024, "Actual Total Time": 1082.575, "Actual Rows": 1500000, "Actual Loops": 1}]}]}, {"Node Type": "Hash", "Parent Relationship": "Inner", "Startup Cost": 12.62, "Total Cost": 12.62, "Plan Rows": 25, "Plan Width": 30, "Actual Startup Time": 0.053, "Actual Total Time": 0.053, "Actual Rows": 25, "Actual Loops": 1, "Hash Buckets": 32768, "Hash Batches": 1, "Original Hash Batches": 1, "Peak Memory Usage": 2, "Plans": [{"Node Type": "Index Scan", "Parent Relationship": "Outer", "Scan Direction": "Forward", "Index Name": "nation_pkey", "Relation Name": "nation", "Alias": "nation", "Startup Cost": 0.0, "Total Cost": 12.62, "Plan Rows": 25, "Plan Width": 30, "Actual Startup Time": 0.021, "Actual Total Time": 0.038, "Actual Rows": 25, "Actual Loops": 1}]}]}, {"Node Type": "Index Scan", "Parent Relationship": "Inner", "Scan Direction": "Forward", "Index Name": "idx_lineitem_orderkey", "Relation Name": "lineitem", "Alias": "lineitem", "Startup Cost": 0.0, "Total Cost": 5.38, "Plan Rows": 3, "Plan Width": 24, "Actual Startup Time": 3961.05, "Actual Total Time": 5170.281, "Actual Rows": 1145969, "Actual Loops": 573635, "Index Cond": "(l_orderkey = orders.o_orderkey)", "Rows Removed by Index Recheck": 0, "Filter": "(l_returnflag = 'R'::bpchar)", "Rows Removed by Filter": 1146896}]}]}]}]}, "Triggers": [], "Planner Runtime": 1, "Total Runtime": 22113.511, "Unique SQL Id": 1604070524}}, "(16, 106)": {"explain_plan": {"Plan": {"Node Type": "Limit", "Startup Cost": 2943502.95, "Total Cost": 2943503.0, "Plan Rows": 20, "Plan Width": 199, "Plans": [{"Node Type": "Sort", "Parent Relationship": "Outer", "Startup Cost": 2943502.95, "Total Cost": 2947117.69, "Plan Rows": 20, "Plan Width": 199, "Sort Key": ["(sum((lineitem.l_extendedprice * (1::double precision - lineitem.l_discount)))) DESC"], "Plans": [{"Node Type": "Aggregate", "Strategy": "Hashed", "Parent Relationship": "Outer", "Startup Cost": 2890569.14, "Total Cost": 2905028.12, "Plan Rows": 1445898, "Plan Width": 199, "Group By Key": ["customer.c_custkey", "customer.c_name", "customer.c_acctbal", "customer.c_phone", "nation.n_name", "customer.c_address", "customer.c_comment"], "Plans": [{"Node Type": "Hash Join", "Parent Relationship": "Outer", "Join Type": "Inner", "Startup Cost": 579485.57, "Total Cost": 2854421.69, "Plan Rows": 1445898, "Plan Width": 191, "Inner Unique": true, "Hash Cond": "(customer.c_nationkey = nation.n_nationkey), (LLVM Optimized)", "Plans": [{"Node Type": "Hash Join", "Parent Relationship": "Outer", "Join Type": "Inner", "Startup Cost": 579484.01, "Total Cost": 2834539.03, "Plan Rows": 1445898, "Plan Width": 169, "Inner Unique": true, "Hash Cond": "(orders.o_custkey = customer.c_custkey), (LLVM Optimized)", "Plans": [{"Node Type": "Hash Join", "Parent Relationship": "Outer", "Join Type": "Inner", "Startup Cost": 508608.01, "Total Cost": 2743781.94, "Plan Rows": 1445898, "Plan Width": 24, "Inner Unique": true, "Hash Cond": "(lineitem.l_orderkey = orders.o_orderkey), (LLVM Optimized)", "Plans": [{"Node Type": "Seq Scan", "Parent Relationship": "Outer", "Relation Name": "lineitem", "Alias": "lineitem", "Startup Cost": 0.0, "Total Cost": 2165082.91, "Plan Rows": 14835209, "Plan Width": 24, "Filter": "(l_returnflag = 'R'::bpchar), (LLVM Optimized)"}, {"Node Type": "Hash", "Parent Relationship": "Inner", "Startup Cost": 501411.18, "Total Cost": 501411.18, "Plan Rows": 575746, "Plan Width": 16, "Plans": [{"Node Type": "Seq Scan", "Parent Relationship": "Outer", "Relation Name": "orders", "Alias": "orders", "Startup Cost": 585.62, "Total Cost": 501411.18, "Plan Rows": 575746, "Plan Width": 16, "Filter": "((o_orderdate >= '1993-08-01 00:00:00'::timestamp(0) without time zone) AND (o_orderdate < '1993-11-01 00:00:00'::timestamp without time zone)), (LLVM Optimized)"}]}]}, {"Node Type": "Hash", "Parent Relationship": "Inner", "Startup Cost": 52126.0, "Total Cost": 52126.0, "Plan Rows": 1500000, "Plan Width": 153, "Plans": [{"Node Type": "Seq Scan", "Parent Relationship": "Outer", "Relation Name": "customer", "Alias": "customer", "Startup Cost": 0.0, "Total Cost": 52126.0, "Plan Rows": 1500000, "Plan Width": 153}]}]}, {"Node Type": "Hash", "Parent Relationship": "Inner", "Startup Cost": 1.25, "Total Cost": 1.25, "Plan Rows": 25, "Plan Width": 30, "Plans": [{"Node Type": "Seq Scan", "Parent Relationship": "Outer", "Relation Name": "nation", "Alias": "nation", "Startup Cost": 0.0, "Total Cost": 1.25, "Plan Rows": 25, "Plan Width": 30}]}]}]}]}]}, "Unique SQL Id": 1604070524, "Planner Runtime": 1}, "explain_analyze_plan": {"Plan": {"Node Type": "Limit", "Startup Cost": 2943502.95, "Total Cost": 2943503.0, "Plan Rows": 20, "Plan Width": 199, "Actual Startup Time": 36445.204, "Actual Total Time": 36445.212, "Actual Rows": 20, "Actual Loops": 1, "Plans": [{"Node Type": "Sort", "Parent Relationship": "Outer", "Startup Cost": 2943502.95, "Total Cost": 2947117.69, "Plan Rows": 20, "Plan Width": 199, "Actual Startup Time": 36445.202, "Actual Total Time": 36445.207, "Actual Rows": 20, "Actual Loops": 1, "Sort Key": ["(sum((lineitem.l_extendedprice * (1::double precision - lineitem.l_discount)))) DESC"], "Sort Method": "top-N heapsort", "Sort Space Used": 35, "Sort Space Type": "Memory", "Plans": [{"Node Type": "Aggregate", "Strategy": "Hashed", "Parent Relationship": "Outer", "Startup Cost": 2890569.14, "Total Cost": 2905028.12, "Plan Rows": 1445898, "Plan Width": 199, "Actual Startup Time": 36036.211, "Actual Total Time": 36308.683, "Actual Rows": 381542, "Actual Loops": 1, "Group By Key": ["customer.c_custkey", "customer.c_name", "customer.c_acctbal", "customer.c_phone", "nation.n_name", "customer.c_address", "customer.c_comment"], "Plans": [{"Node Type": "Hash Join", "Parent Relationship": "Outer", "Join Type": "Inner", "Startup Cost": 579485.57, "Total Cost": 2854421.69, "Plan Rows": 1445898, "Plan Width": 191, "Actual Startup Time": 6903.26, "Actual Total Time": 34227.795, "Actual Rows": 1145969, "Actual Loops": 1, "Inner Unique": true, "Hash Cond": "(customer.c_nationkey = nation.n_nationkey), (LLVM Optimized, Jit Execute)", "Plans": [{"Node Type": "Hash Join", "Parent Relationship": "Outer", "Join Type": "Inner", "Startup Cost": 579484.01, "Total Cost": 2834539.03, "Plan Rows": 1445898, "Plan Width": 169, "Actual Startup Time": 6903.167, "Actual Total Time": 33759.477, "Actual Rows": 1145969, "Actual Loops": 1, "Inner Unique": true, "Hash Cond": "(orders.o_custkey = customer.c_custkey), (LLVM Optimized, Jit Execute)", "Plans": [{"Node Type": "Hash Join", "Parent Relationship": "Outer", "Join Type": "Inner", "Startup Cost": 508608.01, "Total Cost": 2743781.94, "Plan Rows": 1445898, "Plan Width": 24, "Actual Startup Time": 5606.947, "Actual Total Time": 31725.907, "Actual Rows": 1145969, "Actual Loops": 1, "Inner Unique": true, "Hash Cond": "(lineitem.l_orderkey = orders.o_orderkey), (LLVM Optimized, Jit Execute)", "Plans": [{"Node Type": "Seq Scan", "Parent Relationship": "Outer", "Relation Name": "lineitem", "Alias": "lineitem", "Startup Cost": 0.0, "Total Cost": 2165082.91, "Plan Rows": 14835209, "Plan Width": 24, "Actual Startup Time": 0.022, "Actual Total Time": 22103.583, "Actual Rows": 14808183, "Actual Loops": 1, "Filter": "(l_returnflag = 'R'::bpchar), (LLVM Optimized, Jit Execute)", "Rows Removed by Filter": 45177869}, {"Node Type": "Hash", "Parent Relationship": "Inner", "Startup Cost": 501411.18, "Total Cost": 501411.18, "Plan Rows": 575746, "Plan Width": 16, "Actual Startup Time": 5606.149, "Actual Total Time": 5606.149, "Actual Rows": 573635, "Actual Loops": 1, "Hash Buckets": 1048576, "Hash Batches": 1, "Original Hash Batches": 1, "Peak Memory Usage": 26890, "Plans": [{"Node Type": "Seq Scan", "Parent Relationship": "Outer", "Relation Name": "orders", "Alias": "orders", "Startup Cost": 585.62, "Total Cost": 501411.18, "Plan Rows": 575746, "Plan Width": 16, "Actual Startup Time": 0.026, "Actual Total Time": 5367.895, "Actual Rows": 573635, "Actual Loops": 1, "Filter": "((o_orderdate >= '1993-08-01 00:00:00'::timestamp(0) without time zone) AND (o_orderdate < '1993-11-01 00:00:00'::timestamp without time zone)), (LLVM Optimized, Jit Execute)", "Rows Removed by Filter": 14426365}]}]}, {"Node Type": "Hash", "Parent Relationship": "Inner", "Startup Cost": 52126.0, "Total Cost": 52126.0, "Plan Rows": 1500000, "Plan Width": 153, "Actual Startup Time": 1294.912, "Actual Total Time": 1294.912, "Actual Rows": 1500000, "Actual Loops": 1, "Hash Buckets": 2097152, "Hash Batches": 1, "Original Hash Batches": 1, "Peak Memory Usage": 282695, "Plans": [{"Node Type": "Seq Scan", "Parent Relationship": "Outer", "Relation Name": "customer", "Alias": "customer", "Startup Cost": 0.0, "Total Cost": 52126.0, "Plan Rows": 1500000, "Plan Width": 153, "Actual Startup Time": 0.022, "Actual Total Time": 605.911, "Actual Rows": 1500000, "Actual Loops": 1}]}]}, {"Node Type": "Hash", "Parent Relationship": "Inner", "Startup Cost": 1.25, "Total Cost": 1.25, "Plan Rows": 25, "Plan Width": 30, "Actual Startup Time": 0.043, "Actual Total Time": 0.043, "Actual Rows": 25, "Actual Loops": 1, "Hash Buckets": 32768, "Hash Batches": 1, "Original Hash Batches": 1, "Peak Memory Usage": 2, "Plans": [{"Node Type": "Seq Scan", "Parent Relationship": "Outer", "Relation Name": "nation", "Alias": "nation", "Startup Cost": 0.0, "Total Cost": 1.25, "Plan Rows": 25, "Plan Width": 30, "Actual Startup Time": 0.019, "Actual Total Time": 0.025, "Actual Rows": 25, "Actual Loops": 1}]}]}]}]}]}, "Triggers": [], "Planner Runtime": 1, "Total Runtime": 36456.213, "Unique SQL Id": 1604070524}}, "(16, 107)": {"explain_plan": {"Plan": {"Node Type": "Limit", "Startup Cost": 4000427900430.88, "Total Cost": 4000427900430.93, "Plan Rows": 20, "Plan Width": 199, "Plans": [{"Node Type": "Sort", "Parent Relationship": "Outer", "Startup Cost": 4000427900430.88, "Total Cost": 4000427904045.63, "Plan Rows": 20, "Plan Width": 199, "Sort Key": ["(sum((lineitem.l_extendedprice * (1::double precision - lineitem.l_discount)))) DESC"], "Plans": [{"Node Type": "Aggregate", "Strategy": "Hashed", "Parent Relationship": "Outer", "Startup Cost": 4000427847497.08, "Total Cost": 4000427861956.06, "Plan Rows": 1445898, "Plan Width": 199, "Group By Key": ["customer.c_custkey", "customer.c_name", "customer.c_acctbal", "customer.c_phone", "nation.n_name", "customer.c_address", "customer.c_comment"], "Plans": [{"Node Type": "Hash Join", "Parent Relationship": "Outer", "Join Type": "Inner", "Startup Cost": 3010088709244.77, "Total Cost": 4000427811349.63, "Plan Rows": 1445898, "Plan Width": 191, "Inner Unique": true, "Hash Cond": "(customer.c_nationkey = nation.n_nationkey), (LLVM Optimized)", "Plans": [{"Node Type": "Hash Join", "Parent Relationship": "Outer", "Join Type": "Inner", "Startup Cost": 2010088707981.95, "Total Cost": 3000427790205.72, "Plan Rows": 1445898, "Plan Width": 169, "Inner Unique": false, "Hash Cond": "(lineitem.l_orderkey = orders.o_orderkey), (LLVM Optimized)", "Plans": [{"Node Type": "Index Scan", "Parent Relationship": "Outer", "Scan Direction": "Forward", "Index Name": "idx_lineitem_orderkey", "Relation Name": "lineitem", "Alias": "lineitem", "Startup Cost": 10000000000.0, "Total Cost": 1000339012132.75, "Plan Rows": 14835209, "Plan Width": 24, "Filter": "(l_returnflag = 'R'::bpchar), (LLVM Optimized)"}, {"Node Type": "Hash", "Parent Relationship": "Inner", "Startup Cost": 2000088700785.13, "Total Cost": 2000088700785.13, "Plan Rows": 575746, "Plan Width": 161, "Plans": [{"Node Type": "Hash Join", "Parent Relationship": "Outer", "Join Type": "Inner", "Startup Cost": 1010008095285.62, "Total Cost": 2000088700785.13, "Plan Rows": 575746, "Plan Width": 161, "Inner Unique": true, "Hash Cond": "(orders.o_custkey = customer.c_custkey), (LLVM Optimized)", "Plans": [{"Node Type": "Index Scan", "Parent Relationship": "Outer", "Scan Direction": "Forward", "Index Name": "orders_pkey", "Relation Name": "orders", "Alias": "orders", "Startup Cost": 10000000000.0, "Total Cost": 1000080597583.0, "Plan Rows": 575746, "Plan Width": 16, "Filter": "((o_orderdate >= '1993-08-01 00:00:00'::timestamp(0) without time zone) AND (o_orderdate < '1993-11-01 00:00:00'::timestamp without time zone)), (LLVM Optimized)"}, {"Node Type": "Hash", "Parent Relationship": "Inner", "Startup Cost": 1000008076535.62, "Total Cost": 1000008076535.62, "Plan Rows": 1500000, "Plan Width": 153, "Plans": [{"Node Type": "Index Scan", "Parent Relationship": "Outer", "Scan Direction": "Forward", "Index Name": "customer_pkey", "Relation Name": "customer", "Alias": "customer", "Startup Cost": 10000000000.0, "Total Cost": 1000008076535.62, "Plan Rows": 1500000, "Plan Width": 153}]}]}]}]}, {"Node Type": "Hash", "Parent Relationship": "Inner", "Startup Cost": 1000000001262.5, "Total Cost": 1000000001262.5, "Plan Rows": 25, "Plan Width": 30, "Plans": [{"Node Type": "Index Scan", "Parent Relationship": "Outer", "Scan Direction": "Forward", "Index Name": "nation_pkey", "Relation Name": "nation", "Alias": "nation", "Startup Cost": 10000000000.0, "Total Cost": 1000000001262.5, "Plan Rows": 25, "Plan Width": 30}]}]}]}]}]}, "Unique SQL Id": 1604070524, "Planner Runtime": 1}, "explain_analyze_plan": {"Plan": {"Node Type": "Limit", "Startup Cost": 4000427900430.88, "Total Cost": 4000427900430.93, "Plan Rows": 20, "Plan Width": 199, "Actual Startup Time": 63044.975, "Actual Total Time": 63044.981, "Actual Rows": 20, "Actual Loops": 1, "Plans": [{"Node Type": "Sort", "Parent Relationship": "Outer", "Startup Cost": 4000427900430.88, "Total Cost": 4000427904045.63, "Plan Rows": 20, "Plan Width": 199, "Actual Startup Time": 63044.973, "Actual Total Time": 63044.976, "Actual Rows": 20, "Actual Loops": 1, "Sort Key": ["(sum((lineitem.l_extendedprice * (1::double precision - lineitem.l_discount)))) DESC"], "Sort Method": "top-N heapsort", "Sort Space Used": 35, "Sort Space Type": "Memory", "Plans": [{"Node Type": "Aggregate", "Strategy": "Hashed", "Parent Relationship": "Outer", "Startup Cost": 4000427847497.08, "Total Cost": 4000427861956.06, "Plan Rows": 1445898, "Plan Width": 199, "Actual Startup Time": 62579.434, "Actual Total Time": 62906.761, "Actual Rows": 381542, "Actual Loops": 1, "Group By Key": ["customer.c_custkey", "customer.c_name", "customer.c_acctbal", "customer.c_phone", "nation.n_name", "customer.c_address", "customer.c_comment"], "Plans": [{"Node Type": "Hash Join", "Parent Relationship": "Outer", "Join Type": "Inner", "Startup Cost": 3010088709244.77, "Total Cost": 4000427811349.63, "Plan Rows": 1445898, "Plan Width": 191, "Actual Startup Time": 12527.756, "Actual Total Time": 60687.389, "Actual Rows": 1145969, "Actual Loops": 1, "Inner Unique": true, "Hash Cond": "(customer.c_nationkey = nation.n_nationkey), (LLVM Optimized, Jit Execute)", "Plans": [{"Node Type": "Hash Join", "Parent Relationship": "Outer", "Join Type": "Inner", "Startup Cost": 2010088707981.95, "Total Cost": 3000427790205.72, "Plan Rows": 1445898, "Plan Width": 169, "Actual Startup Time": 12527.648, "Actual Total Time": 60214.671, "Actual Rows": 1145969, "Actual Loops": 1, "Inner Unique": false, "Hash Cond": "(lineitem.l_orderkey = orders.o_orderkey), (LLVM Optimized, Jit Execute)", "Plans": [{"Node Type": "Index Scan", "Parent Relationship": "Outer", "Scan Direction": "Forward", "Index Name": "idx_lineitem_orderkey", "Relation Name": "lineitem", "Alias": "lineitem", "Startup Cost": 10000000000.0, "Total Cost": 1000339012132.75, "Plan Rows": 14835209, "Plan Width": 24, "Actual Startup Time": 0.046, "Actual Total Time": 43060.069, "Actual Rows": 14808183, "Actual Loops": 1, "Filter": "(l_returnflag = 'R'::bpchar), (LLVM Optimized, Jit Execute)", "Rows Removed by Filter": 45177869}, {"Node Type": "Hash", "Parent Relationship": "Inner", "Startup Cost": 2000088700785.13, "Total Cost": 2000088700785.13, "Plan Rows": 575746, "Plan Width": 161, "Actual Startup Time": 12519.978, "Actual Total Time": 12519.978, "Actual Rows": 573635, "Actual Loops": 1, "Hash Buckets": 1048576, "Hash Batches": 1, "Original Hash Batches": 1, "Peak Memory Usage": 113704, "Plans": [{"Node Type": "Hash Join", "Parent Relationship": "Outer", "Join Type": "Inner", "Startup Cost": 1010008095285.62, "Total Cost": 2000088700785.13, "Plan Rows": 575746, "Plan Width": 161, "Actual Startup Time": 1983.436, "Actual Total Time": 12114.724, "Actual Rows": 573635, "Actual Loops": 1, "Inner Unique": true, "Hash Cond": "(orders.o_custkey = customer.c_custkey), (LLVM Optimized, Jit Execute)", "Plans": [{"Node Type": "Index Scan", "Parent Relationship": "Outer", "Scan Direction": "Forward", "Index Name": "orders_pkey", "Relation Name": "orders", "Alias": "orders", "Startup Cost": 10000000000.0, "Total Cost": 1000080597583.0, "Plan Rows": 575746, "Plan Width": 16, "Actual Startup Time": 0.034, "Actual Total Time": 9454.88, "Actual Rows": 573635, "Actual Loops": 1, "Filter": "((o_orderdate >= '1993-08-01 00:00:00'::timestamp(0) without time zone) AND (o_orderdate < '1993-11-01 00:00:00'::timestamp without time zone)), (LLVM Optimized, Jit Execute)", "Rows Removed by Filter": 14426365}, {"Node Type": "Hash", "Parent Relationship": "Inner", "Startup Cost": 1000008076535.62, "Total Cost": 1000008076535.62, "Plan Rows": 1500000, "Plan Width": 153, "Actual Startup Time": 1981.975, "Actual Total Time": 1981.975, "Actual Rows": 1500000, "Actual Loops": 1, "Hash Buckets": 2097152, "Hash Batches": 1, "Original Hash Batches": 1, "Peak Memory Usage": 282695, "Plans": [{"Node Type": "Index Scan", "Parent Relationship": "Outer", "Scan Direction": "Forward", "Index Name": "customer_pkey", "Relation Name": "customer", "Alias": "customer", "Startup Cost": 10000000000.0, "Total Cost": 1000008076535.62, "Plan Rows": 1500000, "Plan Width": 153, "Actual Startup Time": 0.025, "Actual Total Time": 1091.469, "Actual Rows": 1500000, "Actual Loops": 1}]}]}]}]}, {"Node Type": "Hash", "Parent Relationship": "Inner", "Startup Cost": 1000000001262.5, "Total Cost": 1000000001262.5, "Plan Rows": 25, "Plan Width": 30, "Actual Startup Time": 0.059, "Actual Total Time": 0.059, "Actual Rows": 25, "Actual Loops": 1, "Hash Buckets": 32768, "Hash Batches": 1, "Original Hash Batches": 1, "Peak Memory Usage": 2, "Plans": [{"Node Type": "Index Scan", "Parent Relationship": "Outer", "Scan Direction": "Forward", "Index Name": "nation_pkey", "Relation Name": "nation", "Alias": "nation", "Startup Cost": 10000000000.0, "Total Cost": 1000000001262.5, "Plan Rows": 25, "Plan Width": 30, "Actual Startup Time": 0.024, "Actual Total Time": 0.043, "Actual Rows": 25, "Actual Loops": 1}]}]}]}]}]}, "Triggers": [], "Planner Runtime": 1, "Total Runtime": 63056.05, "Unique SQL Id": 1604070524}}, "(16, 108)": {"explain_plan": {"Plan": {"Node Type": "Limit", "Startup Cost": 2943502.95, "Total Cost": 2943503.0, "Plan Rows": 20, "Plan Width": 199, "Plans": [{"Node Type": "Sort", "Parent Relationship": "Outer", "Startup Cost": 2943502.95, "Total Cost": 2947117.69, "Plan Rows": 20, "Plan Width": 199, "Sort Key": ["(sum((lineitem.l_extendedprice * (1::double precision - lineitem.l_discount)))) DESC"], "Plans": [{"Node Type": "Aggregate", "Strategy": "Hashed", "Parent Relationship": "Outer", "Startup Cost": 2890569.14, "Total Cost": 2905028.12, "Plan Rows": 1445898, "Plan Width": 199, "Group By Key": ["customer.c_custkey", "customer.c_name", "customer.c_acctbal", "customer.c_phone", "nation.n_name", "customer.c_address", "customer.c_comment"], "Plans": [{"Node Type": "Hash Join", "Parent Relationship": "Outer", "Join Type": "Inner", "Startup Cost": 579485.57, "Total Cost": 2854421.69, "Plan Rows": 1445898, "Plan Width": 191, "Inner Unique": true, "Hash Cond": "(customer.c_nationkey = nation.n_nationkey), (LLVM Optimized)", "Plans": [{"Node Type": "Hash Join", "Parent Relationship": "Outer", "Join Type": "Inner", "Startup Cost": 579484.01, "Total Cost": 2834539.03, "Plan Rows": 1445898, "Plan Width": 169, "Inner Unique": true, "Hash Cond": "(orders.o_custkey = customer.c_custkey), (LLVM Optimized)", "Plans": [{"Node Type": "Hash Join", "Parent Relationship": "Outer", "Join Type": "Inner", "Startup Cost": 508608.01, "Total Cost": 2743781.94, "Plan Rows": 1445898, "Plan Width": 24, "Inner Unique": true, "Hash Cond": "(lineitem.l_orderkey = orders.o_orderkey), (LLVM Optimized)", "Plans": [{"Node Type": "Seq Scan", "Parent Relationship": "Outer", "Relation Name": "lineitem", "Alias": "lineitem", "Startup Cost": 0.0, "Total Cost": 2165082.91, "Plan Rows": 14835209, "Plan Width": 24, "Filter": "(l_returnflag = 'R'::bpchar), (LLVM Optimized)"}, {"Node Type": "Hash", "Parent Relationship": "Inner", "Startup Cost": 501411.18, "Total Cost": 501411.18, "Plan Rows": 575746, "Plan Width": 16, "Plans": [{"Node Type": "Seq Scan", "Parent Relationship": "Outer", "Relation Name": "orders", "Alias": "orders", "Startup Cost": 585.62, "Total Cost": 501411.18, "Plan Rows": 575746, "Plan Width": 16, "Filter": "((o_orderdate >= '1993-08-01 00:00:00'::timestamp(0) without time zone) AND (o_orderdate < '1993-11-01 00:00:00'::timestamp without time zone)), (LLVM Optimized)"}]}]}, {"Node Type": "Hash", "Parent Relationship": "Inner", "Startup Cost": 52126.0, "Total Cost": 52126.0, "Plan Rows": 1500000, "Plan Width": 153, "Plans": [{"Node Type": "Seq Scan", "Parent Relationship": "Outer", "Relation Name": "customer", "Alias": "customer", "Startup Cost": 0.0, "Total Cost": 52126.0, "Plan Rows": 1500000, "Plan Width": 153}]}]}, {"Node Type": "Hash", "Parent Relationship": "Inner", "Startup Cost": 1.25, "Total Cost": 1.25, "Plan Rows": 25, "Plan Width": 30, "Plans": [{"Node Type": "Seq Scan", "Parent Relationship": "Outer", "Relation Name": "nation", "Alias": "nation", "Startup Cost": 0.0, "Total Cost": 1.25, "Plan Rows": 25, "Plan Width": 30}]}]}]}]}]}, "Unique SQL Id": 1604070524, "Planner Runtime": 1}, "explain_analyze_plan": {"Plan": {"Node Type": "Limit", "Startup Cost": 2943502.95, "Total Cost": 2943503.0, "Plan Rows": 20, "Plan Width": 199, "Actual Startup Time": 36445.204, "Actual Total Time": 36445.212, "Actual Rows": 20, "Actual Loops": 1, "Plans": [{"Node Type": "Sort", "Parent Relationship": "Outer", "Startup Cost": 2943502.95, "Total Cost": 2947117.69, "Plan Rows": 20, "Plan Width": 199, "Actual Startup Time": 36445.202, "Actual Total Time": 36445.207, "Actual Rows": 20, "Actual Loops": 1, "Sort Key": ["(sum((lineitem.l_extendedprice * (1::double precision - lineitem.l_discount)))) DESC"], "Sort Method": "top-N heapsort", "Sort Space Used": 35, "Sort Space Type": "Memory", "Plans": [{"Node Type": "Aggregate", "Strategy": "Hashed", "Parent Relationship": "Outer", "Startup Cost": 2890569.14, "Total Cost": 2905028.12, "Plan Rows": 1445898, "Plan Width": 199, "Actual Startup Time": 36036.211, "Actual Total Time": 36308.683, "Actual Rows": 381542, "Actual Loops": 1, "Group By Key": ["customer.c_custkey", "customer.c_name", "customer.c_acctbal", "customer.c_phone", "nation.n_name", "customer.c_address", "customer.c_comment"], "Plans": [{"Node Type": "Hash Join", "Parent Relationship": "Outer", "Join Type": "Inner", "Startup Cost": 579485.57, "Total Cost": 2854421.69, "Plan Rows": 1445898, "Plan Width": 191, "Actual Startup Time": 6903.26, "Actual Total Time": 34227.795, "Actual Rows": 1145969, "Actual Loops": 1, "Inner Unique": true, "Hash Cond": "(customer.c_nationkey = nation.n_nationkey), (LLVM Optimized, Jit Execute)", "Plans": [{"Node Type": "Hash Join", "Parent Relationship": "Outer", "Join Type": "Inner", "Startup Cost": 579484.01, "Total Cost": 2834539.03, "Plan Rows": 1445898, "Plan Width": 169, "Actual Startup Time": 6903.167, "Actual Total Time": 33759.477, "Actual Rows": 1145969, "Actual Loops": 1, "Inner Unique": true, "Hash Cond": "(orders.o_custkey = customer.c_custkey), (LLVM Optimized, Jit Execute)", "Plans": [{"Node Type": "Hash Join", "Parent Relationship": "Outer", "Join Type": "Inner", "Startup Cost": 508608.01, "Total Cost": 2743781.94, "Plan Rows": 1445898, "Plan Width": 24, "Actual Startup Time": 5606.947, "Actual Total Time": 31725.907, "Actual Rows": 1145969, "Actual Loops": 1, "Inner Unique": true, "Hash Cond": "(lineitem.l_orderkey = orders.o_orderkey), (LLVM Optimized, Jit Execute)", "Plans": [{"Node Type": "Seq Scan", "Parent Relationship": "Outer", "Relation Name": "lineitem", "Alias": "lineitem", "Startup Cost": 0.0, "Total Cost": 2165082.91, "Plan Rows": 14835209, "Plan Width": 24, "Actual Startup Time": 0.022, "Actual Total Time": 22103.583, "Actual Rows": 14808183, "Actual Loops": 1, "Filter": "(l_returnflag = 'R'::bpchar), (LLVM Optimized, Jit Execute)", "Rows Removed by Filter": 45177869}, {"Node Type": "Hash", "Parent Relationship": "Inner", "Startup Cost": 501411.18, "Total Cost": 501411.18, "Plan Rows": 575746, "Plan Width": 16, "Actual Startup Time": 5606.149, "Actual Total Time": 5606.149, "Actual Rows": 573635, "Actual Loops": 1, "Hash Buckets": 1048576, "Hash Batches": 1, "Original Hash Batches": 1, "Peak Memory Usage": 26890, "Plans": [{"Node Type": "Seq Scan", "Parent Relationship": "Outer", "Relation Name": "orders", "Alias": "orders", "Startup Cost": 585.62, "Total Cost": 501411.18, "Plan Rows": 575746, "Plan Width": 16, "Actual Startup Time": 0.026, "Actual Total Time": 5367.895, "Actual Rows": 573635, "Actual Loops": 1, "Filter": "((o_orderdate >= '1993-08-01 00:00:00'::timestamp(0) without time zone) AND (o_orderdate < '1993-11-01 00:00:00'::timestamp without time zone)), (LLVM Optimized, Jit Execute)", "Rows Removed by Filter": 14426365}]}]}, {"Node Type": "Hash", "Parent Relationship": "Inner", "Startup Cost": 52126.0, "Total Cost": 52126.0, "Plan Rows": 1500000, "Plan Width": 153, "Actual Startup Time": 1294.912, "Actual Total Time": 1294.912, "Actual Rows": 1500000, "Actual Loops": 1, "Hash Buckets": 2097152, "Hash Batches": 1, "Original Hash Batches": 1, "Peak Memory Usage": 282695, "Plans": [{"Node Type": "Seq Scan", "Parent Relationship": "Outer", "Relation Name": "customer", "Alias": "customer", "Startup Cost": 0.0, "Total Cost": 52126.0, "Plan Rows": 1500000, "Plan Width": 153, "Actual Startup Time": 0.022, "Actual Total Time": 605.911, "Actual Rows": 1500000, "Actual Loops": 1}]}]}, {"Node Type": "Hash", "Parent Relationship": "Inner", "Startup Cost": 1.25, "Total Cost": 1.25, "Plan Rows": 25, "Plan Width": 30, "Actual Startup Time": 0.043, "Actual Total Time": 0.043, "Actual Rows": 25, "Actual Loops": 1, "Hash Buckets": 32768, "Hash Batches": 1, "Original Hash Batches": 1, "Peak Memory Usage": 2, "Plans": [{"Node Type": "Seq Scan", "Parent Relationship": "Outer", "Relation Name": "nation", "Alias": "nation", "Startup Cost": 0.0, "Total Cost": 1.25, "Plan Rows": 25, "Plan Width": 30, "Actual Startup Time": 0.019, "Actual Total Time": 0.025, "Actual Rows": 25, "Actual Loops": 1}]}]}]}]}]}, "Triggers": [], "Planner Runtime": 1, "Total Runtime": 36456.213, "Unique SQL Id": 1604070524}}, "(16, 109)": {"explain_plan": {"Plan": {"Node Type": "Limit", "Startup Cost": 4127035.84, "Total Cost": 4127035.89, "Plan Rows": 20, "Plan Width": 199, "Plans": [{"Node Type": "Sort", "Parent Relationship": "Outer", "Startup Cost": 4127035.84, "Total Cost": 4130650.58, "Plan Rows": 20, "Plan Width": 199, "Sort Key": ["(sum((lineitem.l_extendedprice * (1::double precision - lineitem.l_discount)))) DESC"], "Plans": [{"Node Type": "Aggregate", "Strategy": "Hashed", "Parent Relationship": "Outer", "Startup Cost": 4074102.03, "Total Cost": 4088561.01, "Plan Rows": 1445898, "Plan Width": 199, "Group By Key": ["customer.c_custkey", "customer.c_name", "customer.c_acctbal", "customer.c_phone", "nation.n_name", "customer.c_address", "customer.c_comment"], "Plans": [{"Node Type": "Nested Loop", "Parent Relationship": "Outer", "Join Type": "Inner", "Startup Cost": 99528.29, "Total Cost": 4037954.58, "Plan Rows": 1445898, "Plan Width": 191, "Inner Unique": false, "Plans": [{"Node Type": "Hash Join", "Parent Relationship": "Outer", "Join Type": "Inner", "Startup Cost": 99528.29, "Total Cost": 921337.14, "Plan Rows": 575746, "Plan Width": 183, "Inner Unique": true, "Hash Cond": "(customer.c_nationkey = nation.n_nationkey), (LLVM Optimized)", "Plans": [{"Node Type": "Hash Join", "Parent Relationship": "Outer", "Join Type": "Inner", "Startup Cost": 99515.36, "Total Cost": 913407.69, "Plan Rows": 575746, "Plan Width": 161, "Inner Unique": true, "Hash Cond": "(orders.o_custkey = customer.c_custkey), (LLVM Optimized)", "Plans": [{"Node Type": "Index Scan", "Parent Relationship": "Outer", "Scan Direction": "Forward", "Index Name": "orders_pkey", "Relation Name": "orders", "Alias": "orders", "Startup Cost": 0.0, "Total Cost": 805975.83, "Plan Rows": 575746, "Plan Width": 16, "Filter": "((o_orderdate >= '1993-08-01 00:00:00'::timestamp(0) without time zone) AND (o_orderdate < '1993-11-01 00:00:00'::timestamp without time zone)), (LLVM Optimized)"}, {"Node Type": "Hash", "Parent Relationship": "Inner", "Startup Cost": 80765.36, "Total Cost": 80765.36, "Plan Rows": 1500000, "Plan Width": 153, "Plans": [{"Node Type": "Index Scan", "Parent Relationship": "Outer", "Scan Direction": "Forward", "Index Name": "customer_pkey", "Relation Name": "customer", "Alias": "customer", "Startup Cost": 0.0, "Total Cost": 80765.36, "Plan Rows": 1500000, "Plan Width": 153}]}]}, {"Node Type": "Hash", "Parent Relationship": "Inner", "Startup Cost": 12.62, "Total Cost": 12.62, "Plan Rows": 25, "Plan Width": 30, "Plans": [{"Node Type": "Index Scan", "Parent Relationship": "Outer", "Scan Direction": "Forward", "Index Name": "nation_pkey", "Relation Name": "nation", "Alias": "nation", "Startup Cost": 0.0, "Total Cost": 12.62, "Plan Rows": 25, "Plan Width": 30}]}]}, {"Node Type": "Index Scan", "Parent Relationship": "Inner", "Scan Direction": "Forward", "Index Name": "idx_lineitem_orderkey", "Relation Name": "lineitem", "Alias": "lineitem", "Startup Cost": 0.0, "Total Cost": 5.38, "Plan Rows": 3, "Plan Width": 24, "Index Cond": "(l_orderkey = orders.o_orderkey)", "Filter": "(l_returnflag = 'R'::bpchar)"}]}]}]}]}, "Unique SQL Id": 1604070524, "Planner Runtime": 1}, "explain_analyze_plan": {"Plan": {"Node Type": "Limit", "Startup Cost": 4127035.84, "Total Cost": 4127035.89, "Plan Rows": 20, "Plan Width": 199, "Actual Startup Time": 22102.896, "Actual Total Time": 22102.901, "Actual Rows": 20, "Actual Loops": 1, "Plans": [{"Node Type": "Sort", "Parent Relationship": "Outer", "Startup Cost": 4127035.84, "Total Cost": 4130650.58, "Plan Rows": 20, "Plan Width": 199, "Actual Startup Time": 22102.892, "Actual Total Time": 22102.894, "Actual Rows": 20, "Actual Loops": 1, "Sort Key": ["(sum((lineitem.l_extendedprice * (1::double precision - lineitem.l_discount)))) DESC"], "Sort Method": "top-N heapsort", "Sort Space Used": 35, "Sort Space Type": "Memory", "Plans": [{"Node Type": "Aggregate", "Strategy": "Hashed", "Parent Relationship": "Outer", "Startup Cost": 4074102.03, "Total Cost": 4088561.01, "Plan Rows": 1445898, "Plan Width": 199, "Actual Startup Time": 21697.408, "Actual Total Time": 21966.438, "Actual Rows": 381542, "Actual Loops": 1, "Group By Key": ["customer.c_custkey", "customer.c_name", "customer.c_acctbal", "customer.c_phone", "nation.n_name", "customer.c_address", "customer.c_comment"], "Plans": [{"Node Type": "Nested Loop", "Parent Relationship": "Outer", "Join Type": "Inner", "Startup Cost": 99528.29, "Total Cost": 4037954.58, "Plan Rows": 1445898, "Plan Width": 191, "Actual Startup Time": 1763.635, "Actual Total Time": 19843.764, "Actual Rows": 1145969, "Actual Loops": 1, "Inner Unique": false, "Plans": [{"Node Type": "Hash Join", "Parent Relationship": "Outer", "Join Type": "Inner", "Startup Cost": 99528.29, "Total Cost": 921337.14, "Plan Rows": 575746, "Plan Width": 183, "Actual Startup Time": 1763.574, "Actual Total Time": 14035.254, "Actual Rows": 573635, "Actual Loops": 1, "Inner Unique": true, "Hash Cond": "(customer.c_nationkey = nation.n_nationkey), (LLVM Optimized, Jit Execute)", "Plans": [{"Node Type": "Hash Join", "Parent Relationship": "Outer", "Join Type": "Inner", "Startup Cost": 99515.36, "Total Cost": 913407.69, "Plan Rows": 575746, "Plan Width": 161, "Actual Startup Time": 1763.472, "Actual Total Time": 13780.974, "Actual Rows": 573635, "Actual Loops": 1, "Inner Unique": true, "Hash Cond": "(orders.o_custkey = customer.c_custkey), (LLVM Optimized, Jit Execute)", "Plans": [{"Node Type": "Index Scan", "Parent Relationship": "Outer", "Scan Direction": "Forward", "Index Name": "orders_pkey", "Relation Name": "orders", "Alias": "orders", "Startup Cost": 0.0, "Total Cost": 805975.83, "Plan Rows": 575746, "Plan Width": 16, "Actual Startup Time": 0.034, "Actual Total Time": 11438.885, "Actual Rows": 573635, "Actual Loops": 1, "Filter": "((o_orderdate >= '1993-08-01 00:00:00'::timestamp(0) without time zone) AND (o_orderdate < '1993-11-01 00:00:00'::timestamp without time zone)), (LLVM Optimized, Jit Execute)", "Rows Removed by Filter": 14426365}, {"Node Type": "Hash", "Parent Relationship": "Inner", "Startup Cost": 80765.36, "Total Cost": 80765.36, "Plan Rows": 1500000, "Plan Width": 153, "Actual Startup Time": 1762.18, "Actual Total Time": 1762.18, "Actual Rows": 1500000, "Actual Loops": 1, "Hash Buckets": 2097152, "Hash Batches": 1, "Original Hash Batches": 1, "Peak Memory Usage": 282695, "Plans": [{"Node Type": "Index Scan", "Parent Relationship": "Outer", "Scan Direction": "Forward", "Index Name": "customer_pkey", "Relation Name": "customer", "Alias": "customer", "Startup Cost": 0.0, "Total Cost": 80765.36, "Plan Rows": 1500000, "Plan Width": 153, "Actual Startup Time": 0.024, "Actual Total Time": 1082.575, "Actual Rows": 1500000, "Actual Loops": 1}]}]}, {"Node Type": "Hash", "Parent Relationship": "Inner", "Startup Cost": 12.62, "Total Cost": 12.62, "Plan Rows": 25, "Plan Width": 30, "Actual Startup Time": 0.053, "Actual Total Time": 0.053, "Actual Rows": 25, "Actual Loops": 1, "Hash Buckets": 32768, "Hash Batches": 1, "Original Hash Batches": 1, "Peak Memory Usage": 2, "Plans": [{"Node Type": "Index Scan", "Parent Relationship": "Outer", "Scan Direction": "Forward", "Index Name": "nation_pkey", "Relation Name": "nation", "Alias": "nation", "Startup Cost": 0.0, "Total Cost": 12.62, "Plan Rows": 25, "Plan Width": 30, "Actual Startup Time": 0.021, "Actual Total Time": 0.038, "Actual Rows": 25, "Actual Loops": 1}]}]}, {"Node Type": "Index Scan", "Parent Relationship": "Inner", "Scan Direction": "Forward", "Index Name": "idx_lineitem_orderkey", "Relation Name": "lineitem", "Alias": "lineitem", "Startup Cost": 0.0, "Total Cost": 5.38, "Plan Rows": 3, "Plan Width": 24, "Actual Startup Time": 3961.05, "Actual Total Time": 5170.281, "Actual Rows": 1145969, "Actual Loops": 573635, "Index Cond": "(l_orderkey = orders.o_orderkey)", "Rows Removed by Index Recheck": 0, "Filter": "(l_returnflag = 'R'::bpchar)", "Rows Removed by Filter": 1146896}]}]}]}]}, "Triggers": [], "Planner Runtime": 1, "Total Runtime": 22113.511, "Unique SQL Id": 1604070524}}, "(16, 110)": {"explain_plan": {"Plan": {"Node Type": "Limit", "Startup Cost": 2943502.95, "Total Cost": 2943503.0, "Plan Rows": 20, "Plan Width": 199, "Plans": [{"Node Type": "Sort", "Parent Relationship": "Outer", "Startup Cost": 2943502.95, "Total Cost": 2947117.69, "Plan Rows": 20, "Plan Width": 199, "Sort Key": ["(sum((lineitem.l_extendedprice * (1::double precision - lineitem.l_discount)))) DESC"], "Plans": [{"Node Type": "Aggregate", "Strategy": "Hashed", "Parent Relationship": "Outer", "Startup Cost": 2890569.14, "Total Cost": 2905028.12, "Plan Rows": 1445898, "Plan Width": 199, "Group By Key": ["customer.c_custkey", "customer.c_name", "customer.c_acctbal", "customer.c_phone", "nation.n_name", "customer.c_address", "customer.c_comment"], "Plans": [{"Node Type": "Hash Join", "Parent Relationship": "Outer", "Join Type": "Inner", "Startup Cost": 579485.57, "Total Cost": 2854421.69, "Plan Rows": 1445898, "Plan Width": 191, "Inner Unique": true, "Hash Cond": "(customer.c_nationkey = nation.n_nationkey), (LLVM Optimized)", "Plans": [{"Node Type": "Hash Join", "Parent Relationship": "Outer", "Join Type": "Inner", "Startup Cost": 579484.01, "Total Cost": 2834539.03, "Plan Rows": 1445898, "Plan Width": 169, "Inner Unique": true, "Hash Cond": "(orders.o_custkey = customer.c_custkey), (LLVM Optimized)", "Plans": [{"Node Type": "Hash Join", "Parent Relationship": "Outer", "Join Type": "Inner", "Startup Cost": 508608.01, "Total Cost": 2743781.94, "Plan Rows": 1445898, "Plan Width": 24, "Inner Unique": true, "Hash Cond": "(lineitem.l_orderkey = orders.o_orderkey), (LLVM Optimized)", "Plans": [{"Node Type": "Seq Scan", "Parent Relationship": "Outer", "Relation Name": "lineitem", "Alias": "lineitem", "Startup Cost": 0.0, "Total Cost": 2165082.91, "Plan Rows": 14835209, "Plan Width": 24, "Filter": "(l_returnflag = 'R'::bpchar), (LLVM Optimized)"}, {"Node Type": "Hash", "Parent Relationship": "Inner", "Startup Cost": 501411.18, "Total Cost": 501411.18, "Plan Rows": 575746, "Plan Width": 16, "Plans": [{"Node Type": "Seq Scan", "Parent Relationship": "Outer", "Relation Name": "orders", "Alias": "orders", "Startup Cost": 585.62, "Total Cost": 501411.18, "Plan Rows": 575746, "Plan Width": 16, "Filter": "((o_orderdate >= '1993-08-01 00:00:00'::timestamp(0) without time zone) AND (o_orderdate < '1993-11-01 00:00:00'::timestamp without time zone)), (LLVM Optimized)"}]}]}, {"Node Type": "Hash", "Parent Relationship": "Inner", "Startup Cost": 52126.0, "Total Cost": 52126.0, "Plan Rows": 1500000, "Plan Width": 153, "Plans": [{"Node Type": "Seq Scan", "Parent Relationship": "Outer", "Relation Name": "customer", "Alias": "customer", "Startup Cost": 0.0, "Total Cost": 52126.0, "Plan Rows": 1500000, "Plan Width": 153}]}]}, {"Node Type": "Hash", "Parent Relationship": "Inner", "Startup Cost": 1.25, "Total Cost": 1.25, "Plan Rows": 25, "Plan Width": 30, "Plans": [{"Node Type": "Seq Scan", "Parent Relationship": "Outer", "Relation Name": "nation", "Alias": "nation", "Startup Cost": 0.0, "Total Cost": 1.25, "Plan Rows": 25, "Plan Width": 30}]}]}]}]}]}, "Unique SQL Id": 1604070524, "Planner Runtime": 1}, "explain_analyze_plan": {"Plan": {"Node Type": "Limit", "Startup Cost": 2943502.95, "Total Cost": 2943503.0, "Plan Rows": 20, "Plan Width": 199, "Actual Startup Time": 36445.204, "Actual Total Time": 36445.212, "Actual Rows": 20, "Actual Loops": 1, "Plans": [{"Node Type": "Sort", "Parent Relationship": "Outer", "Startup Cost": 2943502.95, "Total Cost": 2947117.69, "Plan Rows": 20, "Plan Width": 199, "Actual Startup Time": 36445.202, "Actual Total Time": 36445.207, "Actual Rows": 20, "Actual Loops": 1, "Sort Key": ["(sum((lineitem.l_extendedprice * (1::double precision - lineitem.l_discount)))) DESC"], "Sort Method": "top-N heapsort", "Sort Space Used": 35, "Sort Space Type": "Memory", "Plans": [{"Node Type": "Aggregate", "Strategy": "Hashed", "Parent Relationship": "Outer", "Startup Cost": 2890569.14, "Total Cost": 2905028.12, "Plan Rows": 1445898, "Plan Width": 199, "Actual Startup Time": 36036.211, "Actual Total Time": 36308.683, "Actual Rows": 381542, "Actual Loops": 1, "Group By Key": ["customer.c_custkey", "customer.c_name", "customer.c_acctbal", "customer.c_phone", "nation.n_name", "customer.c_address", "customer.c_comment"], "Plans": [{"Node Type": "Hash Join", "Parent Relationship": "Outer", "Join Type": "Inner", "Startup Cost": 579485.57, "Total Cost": 2854421.69, "Plan Rows": 1445898, "Plan Width": 191, "Actual Startup Time": 6903.26, "Actual Total Time": 34227.795, "Actual Rows": 1145969, "Actual Loops": 1, "Inner Unique": true, "Hash Cond": "(customer.c_nationkey = nation.n_nationkey), (LLVM Optimized, Jit Execute)", "Plans": [{"Node Type": "Hash Join", "Parent Relationship": "Outer", "Join Type": "Inner", "Startup Cost": 579484.01, "Total Cost": 2834539.03, "Plan Rows": 1445898, "Plan Width": 169, "Actual Startup Time": 6903.167, "Actual Total Time": 33759.477, "Actual Rows": 1145969, "Actual Loops": 1, "Inner Unique": true, "Hash Cond": "(orders.o_custkey = customer.c_custkey), (LLVM Optimized, Jit Execute)", "Plans": [{"Node Type": "Hash Join", "Parent Relationship": "Outer", "Join Type": "Inner", "Startup Cost": 508608.01, "Total Cost": 2743781.94, "Plan Rows": 1445898, "Plan Width": 24, "Actual Startup Time": 5606.947, "Actual Total Time": 31725.907, "Actual Rows": 1145969, "Actual Loops": 1, "Inner Unique": true, "Hash Cond": "(lineitem.l_orderkey = orders.o_orderkey), (LLVM Optimized, Jit Execute)", "Plans": [{"Node Type": "Seq Scan", "Parent Relationship": "Outer", "Relation Name": "lineitem", "Alias": "lineitem", "Startup Cost": 0.0, "Total Cost": 2165082.91, "Plan Rows": 14835209, "Plan Width": 24, "Actual Startup Time": 0.022, "Actual Total Time": 22103.583, "Actual Rows": 14808183, "Actual Loops": 1, "Filter": "(l_returnflag = 'R'::bpchar), (LLVM Optimized, Jit Execute)", "Rows Removed by Filter": 45177869}, {"Node Type": "Hash", "Parent Relationship": "Inner", "Startup Cost": 501411.18, "Total Cost": 501411.18, "Plan Rows": 575746, "Plan Width": 16, "Actual Startup Time": 5606.149, "Actual Total Time": 5606.149, "Actual Rows": 573635, "Actual Loops": 1, "Hash Buckets": 1048576, "Hash Batches": 1, "Original Hash Batches": 1, "Peak Memory Usage": 26890, "Plans": [{"Node Type": "Seq Scan", "Parent Relationship": "Outer", "Relation Name": "orders", "Alias": "orders", "Startup Cost": 585.62, "Total Cost": 501411.18, "Plan Rows": 575746, "Plan Width": 16, "Actual Startup Time": 0.026, "Actual Total Time": 5367.895, "Actual Rows": 573635, "Actual Loops": 1, "Filter": "((o_orderdate >= '1993-08-01 00:00:00'::timestamp(0) without time zone) AND (o_orderdate < '1993-11-01 00:00:00'::timestamp without time zone)), (LLVM Optimized, Jit Execute)", "Rows Removed by Filter": 14426365}]}]}, {"Node Type": "Hash", "Parent Relationship": "Inner", "Startup Cost": 52126.0, "Total Cost": 52126.0, "Plan Rows": 1500000, "Plan Width": 153, "Actual Startup Time": 1294.912, "Actual Total Time": 1294.912, "Actual Rows": 1500000, "Actual Loops": 1, "Hash Buckets": 2097152, "Hash Batches": 1, "Original Hash Batches": 1, "Peak Memory Usage": 282695, "Plans": [{"Node Type": "Seq Scan", "Parent Relationship": "Outer", "Relation Name": "customer", "Alias": "customer", "Startup Cost": 0.0, "Total Cost": 52126.0, "Plan Rows": 1500000, "Plan Width": 153, "Actual Startup Time": 0.022, "Actual Total Time": 605.911, "Actual Rows": 1500000, "Actual Loops": 1}]}]}, {"Node Type": "Hash", "Parent Relationship": "Inner", "Startup Cost": 1.25, "Total Cost": 1.25, "Plan Rows": 25, "Plan Width": 30, "Actual Startup Time": 0.043, "Actual Total Time": 0.043, "Actual Rows": 25, "Actual Loops": 1, "Hash Buckets": 32768, "Hash Batches": 1, "Original Hash Batches": 1, "Peak Memory Usage": 2, "Plans": [{"Node Type": "Seq Scan", "Parent Relationship": "Outer", "Relation Name": "nation", "Alias": "nation", "Startup Cost": 0.0, "Total Cost": 1.25, "Plan Rows": 25, "Plan Width": 30, "Actual Startup Time": 0.019, "Actual Total Time": 0.025, "Actual Rows": 25, "Actual Loops": 1}]}]}]}]}]}, "Triggers": [], "Planner Runtime": 1, "Total Runtime": 36456.213, "Unique SQL Id": 1604070524}}, "(16, 111)": {"explain_plan": {"Plan": {"Node Type": "Limit", "Startup Cost": 4000427900430.88, "Total Cost": 4000427900430.93, "Plan Rows": 20, "Plan Width": 199, "Plans": [{"Node Type": "Sort", "Parent Relationship": "Outer", "Startup Cost": 4000427900430.88, "Total Cost": 4000427904045.63, "Plan Rows": 20, "Plan Width": 199, "Sort Key": ["(sum((lineitem.l_extendedprice * (1::double precision - lineitem.l_discount)))) DESC"], "Plans": [{"Node Type": "Aggregate", "Strategy": "Hashed", "Parent Relationship": "Outer", "Startup Cost": 4000427847497.08, "Total Cost": 4000427861956.06, "Plan Rows": 1445898, "Plan Width": 199, "Group By Key": ["customer.c_custkey", "customer.c_name", "customer.c_acctbal", "customer.c_phone", "nation.n_name", "customer.c_address", "customer.c_comment"], "Plans": [{"Node Type": "Hash Join", "Parent Relationship": "Outer", "Join Type": "Inner", "Startup Cost": 3010088709244.77, "Total Cost": 4000427811349.63, "Plan Rows": 1445898, "Plan Width": 191, "Inner Unique": true, "Hash Cond": "(customer.c_nationkey = nation.n_nationkey), (LLVM Optimized)", "Plans": [{"Node Type": "Hash Join", "Parent Relationship": "Outer", "Join Type": "Inner", "Startup Cost": 2010088707981.95, "Total Cost": 3000427790205.72, "Plan Rows": 1445898, "Plan Width": 169, "Inner Unique": false, "Hash Cond": "(lineitem.l_orderkey = orders.o_orderkey), (LLVM Optimized)", "Plans": [{"Node Type": "Index Scan", "Parent Relationship": "Outer", "Scan Direction": "Forward", "Index Name": "idx_lineitem_orderkey", "Relation Name": "lineitem", "Alias": "lineitem", "Startup Cost": 10000000000.0, "Total Cost": 1000339012132.75, "Plan Rows": 14835209, "Plan Width": 24, "Filter": "(l_returnflag = 'R'::bpchar), (LLVM Optimized)"}, {"Node Type": "Hash", "Parent Relationship": "Inner", "Startup Cost": 2000088700785.13, "Total Cost": 2000088700785.13, "Plan Rows": 575746, "Plan Width": 161, "Plans": [{"Node Type": "Hash Join", "Parent Relationship": "Outer", "Join Type": "Inner", "Startup Cost": 1010008095285.62, "Total Cost": 2000088700785.13, "Plan Rows": 575746, "Plan Width": 161, "Inner Unique": true, "Hash Cond": "(orders.o_custkey = customer.c_custkey), (LLVM Optimized)", "Plans": [{"Node Type": "Index Scan", "Parent Relationship": "Outer", "Scan Direction": "Forward", "Index Name": "orders_pkey", "Relation Name": "orders", "Alias": "orders", "Startup Cost": 10000000000.0, "Total Cost": 1000080597583.0, "Plan Rows": 575746, "Plan Width": 16, "Filter": "((o_orderdate >= '1993-08-01 00:00:00'::timestamp(0) without time zone) AND (o_orderdate < '1993-11-01 00:00:00'::timestamp without time zone)), (LLVM Optimized)"}, {"Node Type": "Hash", "Parent Relationship": "Inner", "Startup Cost": 1000008076535.62, "Total Cost": 1000008076535.62, "Plan Rows": 1500000, "Plan Width": 153, "Plans": [{"Node Type": "Index Scan", "Parent Relationship": "Outer", "Scan Direction": "Forward", "Index Name": "customer_pkey", "Relation Name": "customer", "Alias": "customer", "Startup Cost": 10000000000.0, "Total Cost": 1000008076535.62, "Plan Rows": 1500000, "Plan Width": 153}]}]}]}]}, {"Node Type": "Hash", "Parent Relationship": "Inner", "Startup Cost": 1000000001262.5, "Total Cost": 1000000001262.5, "Plan Rows": 25, "Plan Width": 30, "Plans": [{"Node Type": "Index Scan", "Parent Relationship": "Outer", "Scan Direction": "Forward", "Index Name": "nation_pkey", "Relation Name": "nation", "Alias": "nation", "Startup Cost": 10000000000.0, "Total Cost": 1000000001262.5, "Plan Rows": 25, "Plan Width": 30}]}]}]}]}]}, "Unique SQL Id": 1604070524, "Planner Runtime": 1}, "explain_analyze_plan": {"Plan": {"Node Type": "Limit", "Startup Cost": 4000427900430.88, "Total Cost": 4000427900430.93, "Plan Rows": 20, "Plan Width": 199, "Actual Startup Time": 63044.975, "Actual Total Time": 63044.981, "Actual Rows": 20, "Actual Loops": 1, "Plans": [{"Node Type": "Sort", "Parent Relationship": "Outer", "Startup Cost": 4000427900430.88, "Total Cost": 4000427904045.63, "Plan Rows": 20, "Plan Width": 199, "Actual Startup Time": 63044.973, "Actual Total Time": 63044.976, "Actual Rows": 20, "Actual Loops": 1, "Sort Key": ["(sum((lineitem.l_extendedprice * (1::double precision - lineitem.l_discount)))) DESC"], "Sort Method": "top-N heapsort", "Sort Space Used": 35, "Sort Space Type": "Memory", "Plans": [{"Node Type": "Aggregate", "Strategy": "Hashed", "Parent Relationship": "Outer", "Startup Cost": 4000427847497.08, "Total Cost": 4000427861956.06, "Plan Rows": 1445898, "Plan Width": 199, "Actual Startup Time": 62579.434, "Actual Total Time": 62906.761, "Actual Rows": 381542, "Actual Loops": 1, "Group By Key": ["customer.c_custkey", "customer.c_name", "customer.c_acctbal", "customer.c_phone", "nation.n_name", "customer.c_address", "customer.c_comment"], "Plans": [{"Node Type": "Hash Join", "Parent Relationship": "Outer", "Join Type": "Inner", "Startup Cost": 3010088709244.77, "Total Cost": 4000427811349.63, "Plan Rows": 1445898, "Plan Width": 191, "Actual Startup Time": 12527.756, "Actual Total Time": 60687.389, "Actual Rows": 1145969, "Actual Loops": 1, "Inner Unique": true, "Hash Cond": "(customer.c_nationkey = nation.n_nationkey), (LLVM Optimized, Jit Execute)", "Plans": [{"Node Type": "Hash Join", "Parent Relationship": "Outer", "Join Type": "Inner", "Startup Cost": 2010088707981.95, "Total Cost": 3000427790205.72, "Plan Rows": 1445898, "Plan Width": 169, "Actual Startup Time": 12527.648, "Actual Total Time": 60214.671, "Actual Rows": 1145969, "Actual Loops": 1, "Inner Unique": false, "Hash Cond": "(lineitem.l_orderkey = orders.o_orderkey), (LLVM Optimized, Jit Execute)", "Plans": [{"Node Type": "Index Scan", "Parent Relationship": "Outer", "Scan Direction": "Forward", "Index Name": "idx_lineitem_orderkey", "Relation Name": "lineitem", "Alias": "lineitem", "Startup Cost": 10000000000.0, "Total Cost": 1000339012132.75, "Plan Rows": 14835209, "Plan Width": 24, "Actual Startup Time": 0.046, "Actual Total Time": 43060.069, "Actual Rows": 14808183, "Actual Loops": 1, "Filter": "(l_returnflag = 'R'::bpchar), (LLVM Optimized, Jit Execute)", "Rows Removed by Filter": 45177869}, {"Node Type": "Hash", "Parent Relationship": "Inner", "Startup Cost": 2000088700785.13, "Total Cost": 2000088700785.13, "Plan Rows": 575746, "Plan Width": 161, "Actual Startup Time": 12519.978, "Actual Total Time": 12519.978, "Actual Rows": 573635, "Actual Loops": 1, "Hash Buckets": 1048576, "Hash Batches": 1, "Original Hash Batches": 1, "Peak Memory Usage": 113704, "Plans": [{"Node Type": "Hash Join", "Parent Relationship": "Outer", "Join Type": "Inner", "Startup Cost": 1010008095285.62, "Total Cost": 2000088700785.13, "Plan Rows": 575746, "Plan Width": 161, "Actual Startup Time": 1983.436, "Actual Total Time": 12114.724, "Actual Rows": 573635, "Actual Loops": 1, "Inner Unique": true, "Hash Cond": "(orders.o_custkey = customer.c_custkey), (LLVM Optimized, Jit Execute)", "Plans": [{"Node Type": "Index Scan", "Parent Relationship": "Outer", "Scan Direction": "Forward", "Index Name": "orders_pkey", "Relation Name": "orders", "Alias": "orders", "Startup Cost": 10000000000.0, "Total Cost": 1000080597583.0, "Plan Rows": 575746, "Plan Width": 16, "Actual Startup Time": 0.034, "Actual Total Time": 9454.88, "Actual Rows": 573635, "Actual Loops": 1, "Filter": "((o_orderdate >= '1993-08-01 00:00:00'::timestamp(0) without time zone) AND (o_orderdate < '1993-11-01 00:00:00'::timestamp without time zone)), (LLVM Optimized, Jit Execute)", "Rows Removed by Filter": 14426365}, {"Node Type": "Hash", "Parent Relationship": "Inner", "Startup Cost": 1000008076535.62, "Total Cost": 1000008076535.62, "Plan Rows": 1500000, "Plan Width": 153, "Actual Startup Time": 1981.975, "Actual Total Time": 1981.975, "Actual Rows": 1500000, "Actual Loops": 1, "Hash Buckets": 2097152, "Hash Batches": 1, "Original Hash Batches": 1, "Peak Memory Usage": 282695, "Plans": [{"Node Type": "Index Scan", "Parent Relationship": "Outer", "Scan Direction": "Forward", "Index Name": "customer_pkey", "Relation Name": "customer", "Alias": "customer", "Startup Cost": 10000000000.0, "Total Cost": 1000008076535.62, "Plan Rows": 1500000, "Plan Width": 153, "Actual Startup Time": 0.025, "Actual Total Time": 1091.469, "Actual Rows": 1500000, "Actual Loops": 1}]}]}]}]}, {"Node Type": "Hash", "Parent Relationship": "Inner", "Startup Cost": 1000000001262.5, "Total Cost": 1000000001262.5, "Plan Rows": 25, "Plan Width": 30, "Actual Startup Time": 0.059, "Actual Total Time": 0.059, "Actual Rows": 25, "Actual Loops": 1, "Hash Buckets": 32768, "Hash Batches": 1, "Original Hash Batches": 1, "Peak Memory Usage": 2, "Plans": [{"Node Type": "Index Scan", "Parent Relationship": "Outer", "Scan Direction": "Forward", "Index Name": "nation_pkey", "Relation Name": "nation", "Alias": "nation", "Startup Cost": 10000000000.0, "Total Cost": 1000000001262.5, "Plan Rows": 25, "Plan Width": 30, "Actual Startup Time": 0.024, "Actual Total Time": 0.043, "Actual Rows": 25, "Actual Loops": 1}]}]}]}]}]}, "Triggers": [], "Planner Runtime": 1, "Total Runtime": 63056.05, "Unique SQL Id": 1604070524}}, "(16, 112)": {"explain_plan": {"Plan": {"Node Type": "Limit", "Startup Cost": 3997545.9, "Total Cost": 3997545.95, "Plan Rows": 20, "Plan Width": 199, "Plans": [{"Node Type": "Sort", "Parent Relationship": "Outer", "Startup Cost": 3997545.9, "Total Cost": 4001160.65, "Plan Rows": 20, "Plan Width": 199, "Sort Key": ["(sum((lineitem.l_extendedprice * (1::double precision - lineitem.l_discount)))) DESC"], "Plans": [{"Node Type": "Aggregate", "Strategy": "Hashed", "Parent Relationship": "Outer", "Startup Cost": 3944612.1, "Total Cost": 3959071.08, "Plan Rows": 1445898, "Plan Width": 199, "Group By Key": ["customer.c_custkey", "customer.c_name", "customer.c_acctbal", "customer.c_phone", "nation.n_name", "customer.c_address", "customer.c_comment"], "Plans": [{"Node Type": "Nested Loop", "Parent Relationship": "Outer", "Join Type": "Inner", "Startup Cost": 14729.65, "Total Cost": 3908464.65, "Plan Rows": 1445898, "Plan Width": 191, "Inner Unique": false, "Plans": [{"Node Type": "Nested Loop", "Parent Relationship": "Outer", "Join Type": "Inner", "Startup Cost": 14729.65, "Total Cost": 791847.2, "Plan Rows": 575746, "Plan Width": 183, "Inner Unique": true, "Plans": [{"Node Type": "Nested Loop", "Parent Relationship": "Outer", "Join Type": "Inner", "Startup Cost": 14729.65, "Total Cost": 630633.72, "Plan Rows": 575746, "Plan Width": 161, "Inner Unique": true, "Plans": [{"Node Type": "Bitmap Heap Scan", "Parent Relationship": "Outer", "Relation Name": "orders", "Alias": "orders", "Startup Cost": 14729.65, "Total Cost": 299784.84, "Plan Rows": 575746, "Plan Width": 16, "Recheck Cond": "((o_orderdate >= '1993-08-01 00:00:00'::timestamp(0) without time zone) AND (o_orderdate < '1993-11-01 00:00:00'::timestamp without time zone)), (LLVM Optimized)", "Plans": [{"Node Type": "Bitmap Index Scan", "Parent Relationship": "Outer", "Index Name": "idx_orders_orderdate", "Startup Cost": 0.0, "Total Cost": 14585.71, "Plan Rows": 575746, "Plan Width": 0, "Index Cond": "((o_orderdate >= '1993-08-01 00:00:00'::timestamp(0) without time zone) AND (o_orderdate < '1993-11-01 00:00:00'::timestamp without time zone))"}]}, {"Node Type": "Index Scan", "Parent Relationship": "Inner", "Scan Direction": "Forward", "Index Name": "customer_pkey", "Relation Name": "customer", "Alias": "customer", "Startup Cost": 0.0, "Total Cost": 0.56, "Plan Rows": 1, "Plan Width": 153, "Index Cond": "(c_custkey = orders.o_custkey)"}]}, {"Node Type": "Index Scan", "Parent Relationship": "Inner", "Scan Direction": "Forward", "Index Name": "nation_pkey", "Relation Name": "nation", "Alias": "nation", "Startup Cost": 0.0, "Total Cost": 0.27, "Plan Rows": 1, "Plan Width": 30, "Index Cond": "(n_nationkey = customer.c_nationkey)"}]}, {"Node Type": "Index Scan", "Parent Relationship": "Inner", "Scan Direction": "Forward", "Index Name": "idx_lineitem_orderkey", "Relation Name": "lineitem", "Alias": "lineitem", "Startup Cost": 0.0, "Total Cost": 5.38, "Plan Rows": 3, "Plan Width": 24, "Index Cond": "(l_orderkey = orders.o_orderkey)", "Filter": "(l_returnflag = 'R'::bpchar)"}]}]}]}]}, "Unique SQL Id": 1604070524, "Planner Runtime": 0}, "explain_analyze_plan": {"Plan": {"Node Type": "Limit", "Startup Cost": 3997545.9, "Total Cost": 3997545.95, "Plan Rows": 20, "Plan Width": 199, "Actual Startup Time": 14200.593, "Actual Total Time": 14200.598, "Actual Rows": 20, "Actual Loops": 1, "Plans": [{"Node Type": "Sort", "Parent Relationship": "Outer", "Startup Cost": 3997545.9, "Total Cost": 4001160.65, "Plan Rows": 20, "Plan Width": 199, "Actual Startup Time": 14200.59, "Actual Total Time": 14200.591, "Actual Rows": 20, "Actual Loops": 1, "Sort Key": ["(sum((lineitem.l_extendedprice * (1::double precision - lineitem.l_discount)))) DESC"], "Sort Method": "top-N heapsort", "Sort Space Used": 35, "Sort Space Type": "Memory", "Plans": [{"Node Type": "Aggregate", "Strategy": "Hashed", "Parent Relationship": "Outer", "Startup Cost": 3944612.1, "Total Cost": 3959071.08, "Plan Rows": 1445898, "Plan Width": 199, "Actual Startup Time": 13814.882, "Actual Total Time": 14062.756, "Actual Rows": 381542, "Actual Loops": 1, "Group By Key": ["customer.c_custkey", "customer.c_name", "customer.c_acctbal", "customer.c_phone", "nation.n_name", "customer.c_address", "customer.c_comment"], "Plans": [{"Node Type": "Nested Loop", "Parent Relationship": "Outer", "Join Type": "Inner", "Startup Cost": 14729.65, "Total Cost": 3908464.65, "Plan Rows": 1445898, "Plan Width": 191, "Actual Startup Time": 259.65, "Actual Total Time": 11962.783, "Actual Rows": 1145969, "Actual Loops": 1, "Inner Unique": false, "Plans": [{"Node Type": "Nested Loop", "Parent Relationship": "Outer", "Join Type": "Inner", "Startup Cost": 14729.65, "Total Cost": 791847.2, "Plan Rows": 575746, "Plan Width": 183, "Actual Startup Time": 259.608, "Actual Total Time": 6364.896, "Actual Rows": 573635, "Actual Loops": 1, "Inner Unique": true, "Plans": [{"Node Type": "Nested Loop", "Parent Relationship": "Outer", "Join Type": "Inner", "Startup Cost": 14729.65, "Total Cost": 630633.72, "Plan Rows": 575746, "Plan Width": 161, "Actual Startup Time": 259.597, "Actual Total Time": 5116.295, "Actual Rows": 573635, "Actual Loops": 1, "Inner Unique": true, "Plans": [{"Node Type": "Bitmap Heap Scan", "Parent Relationship": "Outer", "Relation Name": "orders", "Alias": "orders", "Startup Cost": 14729.65, "Total Cost": 299784.84, "Plan Rows": 575746, "Plan Width": 16, "Actual Startup Time": 259.553, "Actual Total Time": 1135.429, "Actual Rows": 573635, "Actual Loops": 1, "Recheck Cond": "((o_orderdate >= '1993-08-01 00:00:00'::timestamp(0) without time zone) AND (o_orderdate < '1993-11-01 00:00:00'::timestamp without time zone)), (LLVM Optimized, Jit Execute)", "Rows Removed by Index Recheck": 0, "Exact Heap Blocks": 242860, "Lossy Heap Blocks": 242860, "Plans": [{"Node Type": "Bitmap Index Scan", "Parent Relationship": "Outer", "Index Name": "idx_orders_orderdate", "Startup Cost": 0.0, "Total Cost": 14585.71, "Plan Rows": 575746, "Plan Width": 0, "Actual Startup Time": 184.001, "Actual Total Time": 184.001, "Actual Rows": 573635, "Actual Loops": 1, "Index Cond": "((o_orderdate >= '1993-08-01 00:00:00'::timestamp(0) without time zone) AND (o_orderdate < '1993-11-01 00:00:00'::timestamp without time zone))"}]}, {"Node Type": "Index Scan", "Parent Relationship": "Inner", "Scan Direction": "Forward", "Index Name": "customer_pkey", "Relation Name": "customer", "Alias": "customer", "Startup Cost": 0.0, "Total Cost": 0.56, "Plan Rows": 1, "Plan Width": 153, "Actual Startup Time": 3482.654, "Actual Total Time": 3482.654, "Actual Rows": 573635, "Actual Loops": 573635, "Index Cond": "(c_custkey = orders.o_custkey)", "Rows Removed by Index Recheck": 0}]}, {"Node Type": "Index Scan", "Parent Relationship": "Inner", "Scan Direction": "Forward", "Index Name": "nation_pkey", "Relation Name": "nation", "Alias": "nation", "Startup Cost": 0.0, "Total Cost": 0.27, "Plan Rows": 1, "Plan Width": 30, "Actual Startup Time": 796.403, "Actual Total Time": 796.403, "Actual Rows": 573635, "Actual Loops": 573635, "Index Cond": "(n_nationkey = customer.c_nationkey)", "Rows Removed by Index Recheck": 0}]}, {"Node Type": "Index Scan", "Parent Relationship": "Inner", "Scan Direction": "Forward", "Index Name": "idx_lineitem_orderkey", "Relation Name": "lineitem", "Alias": "lineitem", "Startup Cost": 0.0, "Total Cost": 5.38, "Plan Rows": 3, "Plan Width": 24, "Actual Startup Time": 3771.015, "Actual Total Time": 5012.914, "Actual Rows": 1145969, "Actual Loops": 573635, "Index Cond": "(l_orderkey = orders.o_orderkey)", "Rows Removed by Index Recheck": 0, "Filter": "(l_returnflag = 'R'::bpchar)", "Rows Removed by Filter": 1146896}]}]}]}]}, "Triggers": [], "Planner Runtime": 0, "Total Runtime": 14211.029, "Unique SQL Id": 1604070524}}, "(16, 113)": {"explain_plan": {"Plan": {"Node Type": "Limit", "Startup Cost": 3997545.9, "Total Cost": 3997545.95, "Plan Rows": 20, "Plan Width": 199, "Plans": [{"Node Type": "Sort", "Parent Relationship": "Outer", "Startup Cost": 3997545.9, "Total Cost": 4001160.65, "Plan Rows": 20, "Plan Width": 199, "Sort Key": ["(sum((lineitem.l_extendedprice * (1::double precision - lineitem.l_discount)))) DESC"], "Plans": [{"Node Type": "Aggregate", "Strategy": "Hashed", "Parent Relationship": "Outer", "Startup Cost": 3944612.1, "Total Cost": 3959071.08, "Plan Rows": 1445898, "Plan Width": 199, "Group By Key": ["customer.c_custkey", "customer.c_name", "customer.c_acctbal", "customer.c_phone", "nation.n_name", "customer.c_address", "customer.c_comment"], "Plans": [{"Node Type": "Nested Loop", "Parent Relationship": "Outer", "Join Type": "Inner", "Startup Cost": 14729.65, "Total Cost": 3908464.65, "Plan Rows": 1445898, "Plan Width": 191, "Inner Unique": false, "Plans": [{"Node Type": "Nested Loop", "Parent Relationship": "Outer", "Join Type": "Inner", "Startup Cost": 14729.65, "Total Cost": 791847.2, "Plan Rows": 575746, "Plan Width": 183, "Inner Unique": true, "Plans": [{"Node Type": "Nested Loop", "Parent Relationship": "Outer", "Join Type": "Inner", "Startup Cost": 14729.65, "Total Cost": 630633.72, "Plan Rows": 575746, "Plan Width": 161, "Inner Unique": true, "Plans": [{"Node Type": "Bitmap Heap Scan", "Parent Relationship": "Outer", "Relation Name": "orders", "Alias": "orders", "Startup Cost": 14729.65, "Total Cost": 299784.84, "Plan Rows": 575746, "Plan Width": 16, "Recheck Cond": "((o_orderdate >= '1993-08-01 00:00:00'::timestamp(0) without time zone) AND (o_orderdate < '1993-11-01 00:00:00'::timestamp without time zone)), (LLVM Optimized)", "Plans": [{"Node Type": "Bitmap Index Scan", "Parent Relationship": "Outer", "Index Name": "idx_orders_orderdate", "Startup Cost": 0.0, "Total Cost": 14585.71, "Plan Rows": 575746, "Plan Width": 0, "Index Cond": "((o_orderdate >= '1993-08-01 00:00:00'::timestamp(0) without time zone) AND (o_orderdate < '1993-11-01 00:00:00'::timestamp without time zone))"}]}, {"Node Type": "Index Scan", "Parent Relationship": "Inner", "Scan Direction": "Forward", "Index Name": "customer_pkey", "Relation Name": "customer", "Alias": "customer", "Startup Cost": 0.0, "Total Cost": 0.56, "Plan Rows": 1, "Plan Width": 153, "Index Cond": "(c_custkey = orders.o_custkey)"}]}, {"Node Type": "Index Scan", "Parent Relationship": "Inner", "Scan Direction": "Forward", "Index Name": "nation_pkey", "Relation Name": "nation", "Alias": "nation", "Startup Cost": 0.0, "Total Cost": 0.27, "Plan Rows": 1, "Plan Width": 30, "Index Cond": "(n_nationkey = customer.c_nationkey)"}]}, {"Node Type": "Index Scan", "Parent Relationship": "Inner", "Scan Direction": "Forward", "Index Name": "idx_lineitem_orderkey", "Relation Name": "lineitem", "Alias": "lineitem", "Startup Cost": 0.0, "Total Cost": 5.38, "Plan Rows": 3, "Plan Width": 24, "Index Cond": "(l_orderkey = orders.o_orderkey)", "Filter": "(l_returnflag = 'R'::bpchar)"}]}]}]}]}, "Unique SQL Id": 1604070524, "Planner Runtime": 0}, "explain_analyze_plan": {"Plan": {"Node Type": "Limit", "Startup Cost": 3997545.9, "Total Cost": 3997545.95, "Plan Rows": 20, "Plan Width": 199, "Actual Startup Time": 14200.593, "Actual Total Time": 14200.598, "Actual Rows": 20, "Actual Loops": 1, "Plans": [{"Node Type": "Sort", "Parent Relationship": "Outer", "Startup Cost": 3997545.9, "Total Cost": 4001160.65, "Plan Rows": 20, "Plan Width": 199, "Actual Startup Time": 14200.59, "Actual Total Time": 14200.591, "Actual Rows": 20, "Actual Loops": 1, "Sort Key": ["(sum((lineitem.l_extendedprice * (1::double precision - lineitem.l_discount)))) DESC"], "Sort Method": "top-N heapsort", "Sort Space Used": 35, "Sort Space Type": "Memory", "Plans": [{"Node Type": "Aggregate", "Strategy": "Hashed", "Parent Relationship": "Outer", "Startup Cost": 3944612.1, "Total Cost": 3959071.08, "Plan Rows": 1445898, "Plan Width": 199, "Actual Startup Time": 13814.882, "Actual Total Time": 14062.756, "Actual Rows": 381542, "Actual Loops": 1, "Group By Key": ["customer.c_custkey", "customer.c_name", "customer.c_acctbal", "customer.c_phone", "nation.n_name", "customer.c_address", "customer.c_comment"], "Plans": [{"Node Type": "Nested Loop", "Parent Relationship": "Outer", "Join Type": "Inner", "Startup Cost": 14729.65, "Total Cost": 3908464.65, "Plan Rows": 1445898, "Plan Width": 191, "Actual Startup Time": 259.65, "Actual Total Time": 11962.783, "Actual Rows": 1145969, "Actual Loops": 1, "Inner Unique": false, "Plans": [{"Node Type": "Nested Loop", "Parent Relationship": "Outer", "Join Type": "Inner", "Startup Cost": 14729.65, "Total Cost": 791847.2, "Plan Rows": 575746, "Plan Width": 183, "Actual Startup Time": 259.608, "Actual Total Time": 6364.896, "Actual Rows": 573635, "Actual Loops": 1, "Inner Unique": true, "Plans": [{"Node Type": "Nested Loop", "Parent Relationship": "Outer", "Join Type": "Inner", "Startup Cost": 14729.65, "Total Cost": 630633.72, "Plan Rows": 575746, "Plan Width": 161, "Actual Startup Time": 259.597, "Actual Total Time": 5116.295, "Actual Rows": 573635, "Actual Loops": 1, "Inner Unique": true, "Plans": [{"Node Type": "Bitmap Heap Scan", "Parent Relationship": "Outer", "Relation Name": "orders", "Alias": "orders", "Startup Cost": 14729.65, "Total Cost": 299784.84, "Plan Rows": 575746, "Plan Width": 16, "Actual Startup Time": 259.553, "Actual Total Time": 1135.429, "Actual Rows": 573635, "Actual Loops": 1, "Recheck Cond": "((o_orderdate >= '1993-08-01 00:00:00'::timestamp(0) without time zone) AND (o_orderdate < '1993-11-01 00:00:00'::timestamp without time zone)), (LLVM Optimized, Jit Execute)", "Rows Removed by Index Recheck": 0, "Exact Heap Blocks": 242860, "Lossy Heap Blocks": 242860, "Plans": [{"Node Type": "Bitmap Index Scan", "Parent Relationship": "Outer", "Index Name": "idx_orders_orderdate", "Startup Cost": 0.0, "Total Cost": 14585.71, "Plan Rows": 575746, "Plan Width": 0, "Actual Startup Time": 184.001, "Actual Total Time": 184.001, "Actual Rows": 573635, "Actual Loops": 1, "Index Cond": "((o_orderdate >= '1993-08-01 00:00:00'::timestamp(0) without time zone) AND (o_orderdate < '1993-11-01 00:00:00'::timestamp without time zone))"}]}, {"Node Type": "Index Scan", "Parent Relationship": "Inner", "Scan Direction": "Forward", "Index Name": "customer_pkey", "Relation Name": "customer", "Alias": "customer", "Startup Cost": 0.0, "Total Cost": 0.56, "Plan Rows": 1, "Plan Width": 153, "Actual Startup Time": 3482.654, "Actual Total Time": 3482.654, "Actual Rows": 573635, "Actual Loops": 573635, "Index Cond": "(c_custkey = orders.o_custkey)", "Rows Removed by Index Recheck": 0}]}, {"Node Type": "Index Scan", "Parent Relationship": "Inner", "Scan Direction": "Forward", "Index Name": "nation_pkey", "Relation Name": "nation", "Alias": "nation", "Startup Cost": 0.0, "Total Cost": 0.27, "Plan Rows": 1, "Plan Width": 30, "Actual Startup Time": 796.403, "Actual Total Time": 796.403, "Actual Rows": 573635, "Actual Loops": 573635, "Index Cond": "(n_nationkey = customer.c_nationkey)", "Rows Removed by Index Recheck": 0}]}, {"Node Type": "Index Scan", "Parent Relationship": "Inner", "Scan Direction": "Forward", "Index Name": "idx_lineitem_orderkey", "Relation Name": "lineitem", "Alias": "lineitem", "Startup Cost": 0.0, "Total Cost": 5.38, "Plan Rows": 3, "Plan Width": 24, "Actual Startup Time": 3771.015, "Actual Total Time": 5012.914, "Actual Rows": 1145969, "Actual Loops": 573635, "Index Cond": "(l_orderkey = orders.o_orderkey)", "Rows Removed by Index Recheck": 0, "Filter": "(l_returnflag = 'R'::bpchar)", "Rows Removed by Filter": 1146896}]}]}]}]}, "Triggers": [], "Planner Runtime": 0, "Total Runtime": 14211.029, "Unique SQL Id": 1604070524}}, "(16, 114)": {"explain_plan": {"Plan": {"Node Type": "Limit", "Startup Cost": 11194981.94, "Total Cost": 11194981.99, "Plan Rows": 20, "Plan Width": 199, "Plans": [{"Node Type": "Sort", "Parent Relationship": "Outer", "Startup Cost": 11194981.94, "Total Cost": 11198596.68, "Plan Rows": 20, "Plan Width": 199, "Sort Key": ["(sum((lineitem.l_extendedprice * (1::double precision - lineitem.l_discount)))) DESC"], "Plans": [{"Node Type": "Aggregate", "Strategy": "Hashed", "Parent Relationship": "Outer", "Startup Cost": 11142048.13, "Total Cost": 11156507.11, "Plan Rows": 1445898, "Plan Width": 199, "Group By Key": ["customer.c_custkey", "customer.c_name", "customer.c_acctbal", "customer.c_phone", "nation.n_name", "customer.c_address", "customer.c_comment"], "Plans": [{"Node Type": "Nested Loop", "Parent Relationship": "Outer", "Join Type": "Inner", "Startup Cost": 14731.87, "Total Cost": 11105900.68, "Plan Rows": 1445898, "Plan Width": 191, "Inner Unique": false, "Plans": [{"Node Type": "Nested Loop", "Parent Relationship": "Outer", "Join Type": "Inner", "Startup Cost": 14729.94, "Total Cost": 3001163.72, "Plan Rows": 575746, "Plan Width": 183, "Inner Unique": true, "Join Filter": "(customer.c_nationkey = nation.n_nationkey), (LLVM Optimized)", "Plans": [{"Node Type": "Nested Loop", "Parent Relationship": "Outer", "Join Type": "Inner", "Startup Cost": 14729.94, "Total Cost": 2785257.65, "Plan Rows": 575746, "Plan Width": 161, "Inner Unique": true, "Plans": [{"Node Type": "Bitmap Heap Scan", "Parent Relationship": "Outer", "Relation Name": "orders", "Alias": "orders", "Startup Cost": 14729.65, "Total Cost": 299784.84, "Plan Rows": 575746, "Plan Width": 16, "Recheck Cond": "((o_orderdate >= '1993-08-01 00:00:00'::timestamp(0) without time zone) AND (o_orderdate < '1993-11-01 00:00:00'::timestamp without time zone)), (LLVM Optimized)", "Plans": [{"Node Type": "Bitmap Index Scan", "Parent Relationship": "Outer", "Index Name": "idx_orders_orderdate", "Startup Cost": 0.0, "Total Cost": 14585.71, "Plan Rows": 575746, "Plan Width": 0, "Index Cond": "((o_orderdate >= '1993-08-01 00:00:00'::timestamp(0) without time zone) AND (o_orderdate < '1993-11-01 00:00:00'::timestamp without time zone))"}]}, {"Node Type": "Bitmap Heap Scan", "Parent Relationship": "Inner", "Relation Name": "customer", "Alias": "customer", "Startup Cost": 0.29, "Total Cost": 4.31, "Plan Rows": 1, "Plan Width": 153, "Recheck Cond": "(c_custkey = orders.o_custkey)", "Plans": [{"Node Type": "Bitmap Index Scan", "Parent Relationship": "Outer", "Index Name": "customer_pkey", "Startup Cost": 0.0, "Total Cost": 0.29, "Plan Rows": 1, "Plan Width": 0, "Index Cond": "(c_custkey = orders.o_custkey)"}]}]}, {"Node Type": "Materialize", "Parent Relationship": "Inner", "Startup Cost": 0.0, "Total Cost": 1.38, "Plan Rows": 25, "Plan Width": 30, "Plans": [{"Node Type": "Seq Scan", "Parent Relationship": "Outer", "Relation Name": "nation", "Alias": "nation", "Startup Cost": 0.0, "Total Cost": 1.25, "Plan Rows": 25, "Plan Width": 30}]}]}, {"Node Type": "Bitmap Heap Scan", "Parent Relationship": "Inner", "Relation Name": "lineitem", "Alias": "lineitem", "Startup Cost": 1.93, "Total Cost": 14.05, "Plan Rows": 3, "Plan Width": 24, "Recheck Cond": "(l_orderkey = orders.o_orderkey)", "Filter": "(l_returnflag = 'R'::bpchar)", "Plans": [{"Node Type": "Bitmap Index Scan", "Parent Relationship": "Outer", "Index Name": "idx_lineitem_orderkey", "Startup Cost": 0.0, "Total Cost": 1.92, "Plan Rows": 9, "Plan Width": 0, "Index Cond": "(l_orderkey = orders.o_orderkey)"}]}]}]}]}]}, "Unique SQL Id": 1604070524, "Planner Runtime": 1}, "explain_analyze_plan": {"Plan": {"Node Type": "Limit", "Startup Cost": 11194981.94, "Total Cost": 11194981.99, "Plan Rows": 20, "Plan Width": 199, "Actual Startup Time": 17396.702, "Actual Total Time": 17396.711, "Actual Rows": 20, "Actual Loops": 1, "Plans": [{"Node Type": "Sort", "Parent Relationship": "Outer", "Startup Cost": 11194981.94, "Total Cost": 11198596.68, "Plan Rows": 20, "Plan Width": 199, "Actual Startup Time": 17396.699, "Actual Total Time": 17396.704, "Actual Rows": 20, "Actual Loops": 1, "Sort Key": ["(sum((lineitem.l_extendedprice * (1::double precision - lineitem.l_discount)))) DESC"], "Sort Method": "top-N heapsort", "Sort Space Used": 35, "Sort Space Type": "Memory", "Plans": [{"Node Type": "Aggregate", "Strategy": "Hashed", "Parent Relationship": "Outer", "Startup Cost": 11142048.13, "Total Cost": 11156507.11, "Plan Rows": 1445898, "Plan Width": 199, "Actual Startup Time": 16990.649, "Actual Total Time": 17259.054, "Actual Rows": 381542, "Actual Loops": 1, "Group By Key": ["customer.c_custkey", "customer.c_name", "customer.c_acctbal", "customer.c_phone", "nation.n_name", "customer.c_address", "customer.c_comment"], "Plans": [{"Node Type": "Nested Loop", "Parent Relationship": "Outer", "Join Type": "Inner", "Startup Cost": 14731.87, "Total Cost": 11105900.68, "Plan Rows": 1445898, "Plan Width": 191, "Actual Startup Time": 257.817, "Actual Total Time": 15019.547, "Actual Rows": 1145969, "Actual Loops": 1, "Inner Unique": false, "Plans": [{"Node Type": "Nested Loop", "Parent Relationship": "Outer", "Join Type": "Inner", "Startup Cost": 14729.94, "Total Cost": 3001163.72, "Plan Rows": 575746, "Plan Width": 183, "Actual Startup Time": 257.77, "Actual Total Time": 8387.559, "Actual Rows": 573635, "Actual Loops": 1, "Inner Unique": true, "Join Filter": "(customer.c_nationkey = nation.n_nationkey), (LLVM Optimized, Jit Execute)", "Rows Removed by Join Filter": 6871608, "Plans": [{"Node Type": "Nested Loop", "Parent Relationship": "Outer", "Join Type": "Inner", "Startup Cost": 14729.94, "Total Cost": 2785257.65, "Plan Rows": 575746, "Plan Width": 161, "Actual Startup Time": 257.726, "Actual Total Time": 6311.045, "Actual Rows": 573635, "Actual Loops": 1, "Inner Unique": true, "Plans": [{"Node Type": "Bitmap Heap Scan", "Parent Relationship": "Outer", "Relation Name": "orders", "Alias": "orders", "Startup Cost": 14729.65, "Total Cost": 299784.84, "Plan Rows": 575746, "Plan Width": 16, "Actual Startup Time": 257.669, "Actual Total Time": 1075.813, "Actual Rows": 573635, "Actual Loops": 1, "Recheck Cond": "((o_orderdate >= '1993-08-01 00:00:00'::timestamp(0) without time zone) AND (o_orderdate < '1993-11-01 00:00:00'::timestamp without time zone)), (LLVM Optimized, Jit Execute)", "Rows Removed by Index Recheck": 0, "Exact Heap Blocks": 242860, "Lossy Heap Blocks": 242860, "Plans": [{"Node Type": "Bitmap Index Scan", "Parent Relationship": "Outer", "Index Name": "idx_orders_orderdate", "Startup Cost": 0.0, "Total Cost": 14585.71, "Plan Rows": 575746, "Plan Width": 0, "Actual Startup Time": 182.613, "Actual Total Time": 182.613, "Actual Rows": 573635, "Actual Loops": 1, "Index Cond": "((o_orderdate >= '1993-08-01 00:00:00'::timestamp(0) without time zone) AND (o_orderdate < '1993-11-01 00:00:00'::timestamp without time zone))"}]}, {"Node Type": "Bitmap Heap Scan", "Parent Relationship": "Inner", "Relation Name": "customer", "Alias": "customer", "Startup Cost": 0.29, "Total Cost": 4.31, "Plan Rows": 1, "Plan Width": 153, "Actual Startup Time": 4365.415, "Actual Total Time": 4365.415, "Actual Rows": 573635, "Actual Loops": 573635, "Recheck Cond": "(c_custkey = orders.o_custkey)", "Rows Removed by Index Recheck": 0, "Exact Heap Blocks": 573635, "Lossy Heap Blocks": 573635, "Plans": [{"Node Type": "Bitmap Index Scan", "Parent Relationship": "Outer", "Index Name": "customer_pkey", "Startup Cost": 0.0, "Total Cost": 0.29, "Plan Rows": 1, "Plan Width": 0, "Actual Startup Time": 2667.976, "Actual Total Time": 2667.976, "Actual Rows": 573635, "Actual Loops": 573635, "Index Cond": "(c_custkey = orders.o_custkey)"}]}]}, {"Node Type": "Materialize", "Parent Relationship": "Inner", "Startup Cost": 0.0, "Total Cost": 1.38, "Plan Rows": 25, "Plan Width": 30, "Actual Startup Time": 73.932, "Actual Total Time": 652.745, "Actual Rows": 7445243, "Actual Loops": 573635, "Plans": [{"Node Type": "Seq Scan", "Parent Relationship": "Outer", "Relation Name": "nation", "Alias": "nation", "Startup Cost": 0.0, "Total Cost": 1.25, "Plan Rows": 25, "Plan Width": 30, "Actual Startup Time": 0.016, "Actual Total Time": 0.023, "Actual Rows": 25, "Actual Loops": 1}]}]}, {"Node Type": "Bitmap Heap Scan", "Parent Relationship": "Inner", "Relation Name": "lineitem", "Alias": "lineitem", "Startup Cost": 1.93, "Total Cost": 14.05, "Plan Rows": 3, "Plan Width": 24, "Actual Startup Time": 5101.982, "Actual Total Time": 5644.068, "Actual Rows": 1145969, "Actual Loops": 573635, "Recheck Cond": "(l_orderkey = orders.o_orderkey)", "Rows Removed by Index Recheck": 0, "Filter": "(l_returnflag = 'R'::bpchar)", "Rows Removed by Filter": 1146896, "Exact Heap Blocks": 614400, "Lossy Heap Blocks": 614400, "Plans": [{"Node Type": "Bitmap Index Scan", "Parent Relationship": "Outer", "Index Name": "idx_lineitem_orderkey", "Startup Cost": 0.0, "Total Cost": 1.92, "Plan Rows": 9, "Plan Width": 0, "Actual Startup Time": 2583.756, "Actual Total Time": 2583.756, "Actual Rows": 2292865, "Actual Loops": 573635, "Index Cond": "(l_orderkey = orders.o_orderkey)"}]}]}]}]}]}, "Triggers": [], "Planner Runtime": 0, "Total Runtime": 17407.41, "Unique SQL Id": 1604070524}}, "(16, 115)": {"explain_plan": {"Plan": {"Node Type": "Limit", "Startup Cost": 13443415.76, "Total Cost": 13443415.81, "Plan Rows": 20, "Plan Width": 199, "Plans": [{"Node Type": "Sort", "Parent Relationship": "Outer", "Startup Cost": 13443415.76, "Total Cost": 13447030.51, "Plan Rows": 20, "Plan Width": 199, "Sort Key": ["(sum((lineitem.l_extendedprice * (1::double precision - lineitem.l_discount)))) DESC"], "Plans": [{"Node Type": "Aggregate", "Strategy": "Hashed", "Parent Relationship": "Outer", "Startup Cost": 13390481.96, "Total Cost": 13404940.94, "Plan Rows": 1445898, "Plan Width": 199, "Group By Key": ["customer.c_custkey", "customer.c_name", "customer.c_acctbal", "customer.c_phone", "nation.n_name", "customer.c_address", "customer.c_comment"], "Plans": [{"Node Type": "Nested Loop", "Parent Relationship": "Outer", "Join Type": "Inner", "Startup Cost": 14732.12, "Total Cost": 13354334.51, "Plan Rows": 1445898, "Plan Width": 191, "Inner Unique": false, "Plans": [{"Node Type": "Nested Loop", "Parent Relationship": "Outer", "Join Type": "Inner", "Startup Cost": 14730.2, "Total Cost": 5249597.54, "Plan Rows": 575746, "Plan Width": 183, "Inner Unique": true, "Plans": [{"Node Type": "Nested Loop", "Parent Relationship": "Outer", "Join Type": "Inner", "Startup Cost": 14729.94, "Total Cost": 2785257.65, "Plan Rows": 575746, "Plan Width": 161, "Inner Unique": true, "Plans": [{"Node Type": "Bitmap Heap Scan", "Parent Relationship": "Outer", "Relation Name": "orders", "Alias": "orders", "Startup Cost": 14729.65, "Total Cost": 299784.84, "Plan Rows": 575746, "Plan Width": 16, "Recheck Cond": "((o_orderdate >= '1993-08-01 00:00:00'::timestamp(0) without time zone) AND (o_orderdate < '1993-11-01 00:00:00'::timestamp without time zone)), (LLVM Optimized)", "Plans": [{"Node Type": "Bitmap Index Scan", "Parent Relationship": "Outer", "Index Name": "idx_orders_orderdate", "Startup Cost": 0.0, "Total Cost": 14585.71, "Plan Rows": 575746, "Plan Width": 0, "Index Cond": "((o_orderdate >= '1993-08-01 00:00:00'::timestamp(0) without time zone) AND (o_orderdate < '1993-11-01 00:00:00'::timestamp without time zone))"}]}, {"Node Type": "Bitmap Heap Scan", "Parent Relationship": "Inner", "Relation Name": "customer", "Alias": "customer", "Startup Cost": 0.29, "Total Cost": 4.31, "Plan Rows": 1, "Plan Width": 153, "Recheck Cond": "(c_custkey = orders.o_custkey)", "Plans": [{"Node Type": "Bitmap Index Scan", "Parent Relationship": "Outer", "Index Name": "customer_pkey", "Startup Cost": 0.0, "Total Cost": 0.29, "Plan Rows": 1, "Plan Width": 0, "Index Cond": "(c_custkey = orders.o_custkey)"}]}]}, {"Node Type": "Bitmap Heap Scan", "Parent Relationship": "Inner", "Relation Name": "nation", "Alias": "nation", "Startup Cost": 0.26, "Total Cost": 4.27, "Plan Rows": 1, "Plan Width": 30, "Recheck Cond": "(n_nationkey = customer.c_nationkey)", "Plans": [{"Node Type": "Bitmap Index Scan", "Parent Relationship": "Outer", "Index Name": "nation_pkey", "Startup Cost": 0.0, "Total Cost": 0.26, "Plan Rows": 1, "Plan Width": 0, "Index Cond": "(n_nationkey = customer.c_nationkey)"}]}]}, {"Node Type": "Bitmap Heap Scan", "Parent Relationship": "Inner", "Relation Name": "lineitem", "Alias": "lineitem", "Startup Cost": 1.93, "Total Cost": 14.05, "Plan Rows": 3, "Plan Width": 24, "Recheck Cond": "(l_orderkey = orders.o_orderkey)", "Filter": "(l_returnflag = 'R'::bpchar)", "Plans": [{"Node Type": "Bitmap Index Scan", "Parent Relationship": "Outer", "Index Name": "idx_lineitem_orderkey", "Startup Cost": 0.0, "Total Cost": 1.92, "Plan Rows": 9, "Plan Width": 0, "Index Cond": "(l_orderkey = orders.o_orderkey)"}]}]}]}]}]}, "Unique SQL Id": 1604070524, "Planner Runtime": 0}, "explain_analyze_plan": {"Plan": {"Node Type": "Limit", "Startup Cost": 13443415.76, "Total Cost": 13443415.81, "Plan Rows": 20, "Plan Width": 199, "Actual Startup Time": 17339.241, "Actual Total Time": 17339.252, "Actual Rows": 20, "Actual Loops": 1, "Plans": [{"Node Type": "Sort", "Parent Relationship": "Outer", "Startup Cost": 13443415.76, "Total Cost": 13447030.51, "Plan Rows": 20, "Plan Width": 199, "Actual Startup Time": 17339.239, "Actual Total Time": 17339.248, "Actual Rows": 20, "Actual Loops": 1, "Sort Key": ["(sum((lineitem.l_extendedprice * (1::double precision - lineitem.l_discount)))) DESC"], "Sort Method": "top-N heapsort", "Sort Space Used": 35, "Sort Space Type": "Memory", "Plans": [{"Node Type": "Aggregate", "Strategy": "Hashed", "Parent Relationship": "Outer", "Startup Cost": 13390481.96, "Total Cost": 13404940.94, "Plan Rows": 1445898, "Plan Width": 199, "Actual Startup Time": 16948.804, "Actual Total Time": 17203.575, "Actual Rows": 381542, "Actual Loops": 1, "Group By Key": ["customer.c_custkey", "customer.c_name", "customer.c_acctbal", "customer.c_phone", "nation.n_name", "customer.c_address", "customer.c_comment"], "Plans": [{"Node Type": "Nested Loop", "Parent Relationship": "Outer", "Join Type": "Inner", "Startup Cost": 14732.12, "Total Cost": 13354334.51, "Plan Rows": 1445898, "Plan Width": 191, "Actual Startup Time": 243.383, "Actual Total Time": 14979.756, "Actual Rows": 1145969, "Actual Loops": 1, "Inner Unique": false, "Plans": [{"Node Type": "Nested Loop", "Parent Relationship": "Outer", "Join Type": "Inner", "Startup Cost": 14730.2, "Total Cost": 5249597.54, "Plan Rows": 575746, "Plan Width": 183, "Actual Startup Time": 243.33, "Actual Total Time": 8554.709, "Actual Rows": 573635, "Actual Loops": 1, "Inner Unique": true, "Plans": [{"Node Type": "Nested Loop", "Parent Relationship": "Outer", "Join Type": "Inner", "Startup Cost": 14729.94, "Total Cost": 2785257.65, "Plan Rows": 575746, "Plan Width": 161, "Actual Startup Time": 243.278, "Actual Total Time": 6365.155, "Actual Rows": 573635, "Actual Loops": 1, "Inner Unique": true, "Plans": [{"Node Type": "Bitmap Heap Scan", "Parent Relationship": "Outer", "Relation Name": "orders", "Alias": "orders", "Startup Cost": 14729.65, "Total Cost": 299784.84, "Plan Rows": 575746, "Plan Width": 16, "Actual Startup Time": 243.054, "Actual Total Time": 1186.231, "Actual Rows": 573635, "Actual Loops": 1, "Recheck Cond": "((o_orderdate >= '1993-08-01 00:00:00'::timestamp(0) without time zone) AND (o_orderdate < '1993-11-01 00:00:00'::timestamp without time zone)), (LLVM Optimized, Jit Execute)", "Rows Removed by Index Recheck": 0, "Exact Heap Blocks": 242860, "Lossy Heap Blocks": 242860, "Plans": [{"Node Type": "Bitmap Index Scan", "Parent Relationship": "Outer", "Index Name": "idx_orders_orderdate", "Startup Cost": 0.0, "Total Cost": 14585.71, "Plan Rows": 575746, "Plan Width": 0, "Actual Startup Time": 167.646, "Actual Total Time": 167.646, "Actual Rows": 573635, "Actual Loops": 1, "Index Cond": "((o_orderdate >= '1993-08-01 00:00:00'::timestamp(0) without time zone) AND (o_orderdate < '1993-11-01 00:00:00'::timestamp without time zone))"}]}, {"Node Type": "Bitmap Heap Scan", "Parent Relationship": "Inner", "Relation Name": "customer", "Alias": "customer", "Startup Cost": 0.29, "Total Cost": 4.31, "Plan Rows": 1, "Plan Width": 153, "Actual Startup Time": 4298.917, "Actual Total Time": 4298.917, "Actual Rows": 573635, "Actual Loops": 573635, "Recheck Cond": "(c_custkey = orders.o_custkey)", "Rows Removed by Index Recheck": 0, "Exact Heap Blocks": 573635, "Lossy Heap Blocks": 573635, "Plans": [{"Node Type": "Bitmap Index Scan", "Parent Relationship": "Outer", "Index Name": "customer_pkey", "Startup Cost": 0.0, "Total Cost": 0.29, "Plan Rows": 1, "Plan Width": 0, "Actual Startup Time": 2605.74, "Actual Total Time": 2605.74, "Actual Rows": 573635, "Actual Loops": 573635, "Index Cond": "(c_custkey = orders.o_custkey)"}]}]}, {"Node Type": "Bitmap Heap Scan", "Parent Relationship": "Inner", "Relation Name": "nation", "Alias": "nation", "Startup Cost": 0.26, "Total Cost": 4.27, "Plan Rows": 1, "Plan Width": 30, "Actual Startup Time": 1394.855, "Actual Total Time": 1394.855, "Actual Rows": 573635, "Actual Loops": 573635, "Recheck Cond": "(n_nationkey = customer.c_nationkey)", "Rows Removed by Index Recheck": 0, "Exact Heap Blocks": 573635, "Lossy Heap Blocks": 573635, "Plans": [{"Node Type": "Bitmap Index Scan", "Parent Relationship": "Outer", "Index Name": "nation_pkey", "Startup Cost": 0.0, "Total Cost": 0.26, "Plan Rows": 1, "Plan Width": 0, "Actual Startup Time": 610.88, "Actual Total Time": 610.88, "Actual Rows": 573635, "Actual Loops": 573635, "Index Cond": "(n_nationkey = customer.c_nationkey)"}]}]}, {"Node Type": "Bitmap Heap Scan", "Parent Relationship": "Inner", "Relation Name": "lineitem", "Alias": "lineitem", "Startup Cost": 1.93, "Total Cost": 14.05, "Plan Rows": 3, "Plan Width": 24, "Actual Startup Time": 4948.946, "Actual Total Time": 5481.054, "Actual Rows": 1145969, "Actual Loops": 573635, "Recheck Cond": "(l_orderkey = orders.o_orderkey)", "Rows Removed by Index Recheck": 0, "Filter": "(l_returnflag = 'R'::bpchar)", "Rows Removed by Filter": 1146896, "Exact Heap Blocks": 614400, "Lossy Heap Blocks": 614400, "Plans": [{"Node Type": "Bitmap Index Scan", "Parent Relationship": "Outer", "Index Name": "idx_lineitem_orderkey", "Startup Cost": 0.0, "Total Cost": 1.92, "Plan Rows": 9, "Plan Width": 0, "Actual Startup Time": 2525.585, "Actual Total Time": 2525.585, "Actual Rows": 2292865, "Actual Loops": 573635, "Index Cond": "(l_orderkey = orders.o_orderkey)"}]}]}]}]}]}, "Triggers": [], "Planner Runtime": 1, "Total Runtime": 17349.86, "Unique SQL Id": 1604070524}}, "(16, 116)": {"explain_plan": {"Plan": {"Node Type": "Limit", "Startup Cost": 3997545.9, "Total Cost": 3997545.95, "Plan Rows": 20, "Plan Width": 199, "Plans": [{"Node Type": "Sort", "Parent Relationship": "Outer", "Startup Cost": 3997545.9, "Total Cost": 4001160.65, "Plan Rows": 20, "Plan Width": 199, "Sort Key": ["(sum((lineitem.l_extendedprice * (1::double precision - lineitem.l_discount)))) DESC"], "Plans": [{"Node Type": "Aggregate", "Strategy": "Hashed", "Parent Relationship": "Outer", "Startup Cost": 3944612.1, "Total Cost": 3959071.08, "Plan Rows": 1445898, "Plan Width": 199, "Group By Key": ["customer.c_custkey", "customer.c_name", "customer.c_acctbal", "customer.c_phone", "nation.n_name", "customer.c_address", "customer.c_comment"], "Plans": [{"Node Type": "Nested Loop", "Parent Relationship": "Outer", "Join Type": "Inner", "Startup Cost": 14729.65, "Total Cost": 3908464.65, "Plan Rows": 1445898, "Plan Width": 191, "Inner Unique": false, "Plans": [{"Node Type": "Nested Loop", "Parent Relationship": "Outer", "Join Type": "Inner", "Startup Cost": 14729.65, "Total Cost": 791847.2, "Plan Rows": 575746, "Plan Width": 183, "Inner Unique": true, "Plans": [{"Node Type": "Nested Loop", "Parent Relationship": "Outer", "Join Type": "Inner", "Startup Cost": 14729.65, "Total Cost": 630633.72, "Plan Rows": 575746, "Plan Width": 161, "Inner Unique": true, "Plans": [{"Node Type": "Bitmap Heap Scan", "Parent Relationship": "Outer", "Relation Name": "orders", "Alias": "orders", "Startup Cost": 14729.65, "Total Cost": 299784.84, "Plan Rows": 575746, "Plan Width": 16, "Recheck Cond": "((o_orderdate >= '1993-08-01 00:00:00'::timestamp(0) without time zone) AND (o_orderdate < '1993-11-01 00:00:00'::timestamp without time zone)), (LLVM Optimized)", "Plans": [{"Node Type": "Bitmap Index Scan", "Parent Relationship": "Outer", "Index Name": "idx_orders_orderdate", "Startup Cost": 0.0, "Total Cost": 14585.71, "Plan Rows": 575746, "Plan Width": 0, "Index Cond": "((o_orderdate >= '1993-08-01 00:00:00'::timestamp(0) without time zone) AND (o_orderdate < '1993-11-01 00:00:00'::timestamp without time zone))"}]}, {"Node Type": "Index Scan", "Parent Relationship": "Inner", "Scan Direction": "Forward", "Index Name": "customer_pkey", "Relation Name": "customer", "Alias": "customer", "Startup Cost": 0.0, "Total Cost": 0.56, "Plan Rows": 1, "Plan Width": 153, "Index Cond": "(c_custkey = orders.o_custkey)"}]}, {"Node Type": "Index Scan", "Parent Relationship": "Inner", "Scan Direction": "Forward", "Index Name": "nation_pkey", "Relation Name": "nation", "Alias": "nation", "Startup Cost": 0.0, "Total Cost": 0.27, "Plan Rows": 1, "Plan Width": 30, "Index Cond": "(n_nationkey = customer.c_nationkey)"}]}, {"Node Type": "Index Scan", "Parent Relationship": "Inner", "Scan Direction": "Forward", "Index Name": "idx_lineitem_orderkey", "Relation Name": "lineitem", "Alias": "lineitem", "Startup Cost": 0.0, "Total Cost": 5.38, "Plan Rows": 3, "Plan Width": 24, "Index Cond": "(l_orderkey = orders.o_orderkey)", "Filter": "(l_returnflag = 'R'::bpchar)"}]}]}]}]}, "Unique SQL Id": 1604070524, "Planner Runtime": 0}, "explain_analyze_plan": {"Plan": {"Node Type": "Limit", "Startup Cost": 3997545.9, "Total Cost": 3997545.95, "Plan Rows": 20, "Plan Width": 199, "Actual Startup Time": 14200.593, "Actual Total Time": 14200.598, "Actual Rows": 20, "Actual Loops": 1, "Plans": [{"Node Type": "Sort", "Parent Relationship": "Outer", "Startup Cost": 3997545.9, "Total Cost": 4001160.65, "Plan Rows": 20, "Plan Width": 199, "Actual Startup Time": 14200.59, "Actual Total Time": 14200.591, "Actual Rows": 20, "Actual Loops": 1, "Sort Key": ["(sum((lineitem.l_extendedprice * (1::double precision - lineitem.l_discount)))) DESC"], "Sort Method": "top-N heapsort", "Sort Space Used": 35, "Sort Space Type": "Memory", "Plans": [{"Node Type": "Aggregate", "Strategy": "Hashed", "Parent Relationship": "Outer", "Startup Cost": 3944612.1, "Total Cost": 3959071.08, "Plan Rows": 1445898, "Plan Width": 199, "Actual Startup Time": 13814.882, "Actual Total Time": 14062.756, "Actual Rows": 381542, "Actual Loops": 1, "Group By Key": ["customer.c_custkey", "customer.c_name", "customer.c_acctbal", "customer.c_phone", "nation.n_name", "customer.c_address", "customer.c_comment"], "Plans": [{"Node Type": "Nested Loop", "Parent Relationship": "Outer", "Join Type": "Inner", "Startup Cost": 14729.65, "Total Cost": 3908464.65, "Plan Rows": 1445898, "Plan Width": 191, "Actual Startup Time": 259.65, "Actual Total Time": 11962.783, "Actual Rows": 1145969, "Actual Loops": 1, "Inner Unique": false, "Plans": [{"Node Type": "Nested Loop", "Parent Relationship": "Outer", "Join Type": "Inner", "Startup Cost": 14729.65, "Total Cost": 791847.2, "Plan Rows": 575746, "Plan Width": 183, "Actual Startup Time": 259.608, "Actual Total Time": 6364.896, "Actual Rows": 573635, "Actual Loops": 1, "Inner Unique": true, "Plans": [{"Node Type": "Nested Loop", "Parent Relationship": "Outer", "Join Type": "Inner", "Startup Cost": 14729.65, "Total Cost": 630633.72, "Plan Rows": 575746, "Plan Width": 161, "Actual Startup Time": 259.597, "Actual Total Time": 5116.295, "Actual Rows": 573635, "Actual Loops": 1, "Inner Unique": true, "Plans": [{"Node Type": "Bitmap Heap Scan", "Parent Relationship": "Outer", "Relation Name": "orders", "Alias": "orders", "Startup Cost": 14729.65, "Total Cost": 299784.84, "Plan Rows": 575746, "Plan Width": 16, "Actual Startup Time": 259.553, "Actual Total Time": 1135.429, "Actual Rows": 573635, "Actual Loops": 1, "Recheck Cond": "((o_orderdate >= '1993-08-01 00:00:00'::timestamp(0) without time zone) AND (o_orderdate < '1993-11-01 00:00:00'::timestamp without time zone)), (LLVM Optimized, Jit Execute)", "Rows Removed by Index Recheck": 0, "Exact Heap Blocks": 242860, "Lossy Heap Blocks": 242860, "Plans": [{"Node Type": "Bitmap Index Scan", "Parent Relationship": "Outer", "Index Name": "idx_orders_orderdate", "Startup Cost": 0.0, "Total Cost": 14585.71, "Plan Rows": 575746, "Plan Width": 0, "Actual Startup Time": 184.001, "Actual Total Time": 184.001, "Actual Rows": 573635, "Actual Loops": 1, "Index Cond": "((o_orderdate >= '1993-08-01 00:00:00'::timestamp(0) without time zone) AND (o_orderdate < '1993-11-01 00:00:00'::timestamp without time zone))"}]}, {"Node Type": "Index Scan", "Parent Relationship": "Inner", "Scan Direction": "Forward", "Index Name": "customer_pkey", "Relation Name": "customer", "Alias": "customer", "Startup Cost": 0.0, "Total Cost": 0.56, "Plan Rows": 1, "Plan Width": 153, "Actual Startup Time": 3482.654, "Actual Total Time": 3482.654, "Actual Rows": 573635, "Actual Loops": 573635, "Index Cond": "(c_custkey = orders.o_custkey)", "Rows Removed by Index Recheck": 0}]}, {"Node Type": "Index Scan", "Parent Relationship": "Inner", "Scan Direction": "Forward", "Index Name": "nation_pkey", "Relation Name": "nation", "Alias": "nation", "Startup Cost": 0.0, "Total Cost": 0.27, "Plan Rows": 1, "Plan Width": 30, "Actual Startup Time": 796.403, "Actual Total Time": 796.403, "Actual Rows": 573635, "Actual Loops": 573635, "Index Cond": "(n_nationkey = customer.c_nationkey)", "Rows Removed by Index Recheck": 0}]}, {"Node Type": "Index Scan", "Parent Relationship": "Inner", "Scan Direction": "Forward", "Index Name": "idx_lineitem_orderkey", "Relation Name": "lineitem", "Alias": "lineitem", "Startup Cost": 0.0, "Total Cost": 5.38, "Plan Rows": 3, "Plan Width": 24, "Actual Startup Time": 3771.015, "Actual Total Time": 5012.914, "Actual Rows": 1145969, "Actual Loops": 573635, "Index Cond": "(l_orderkey = orders.o_orderkey)", "Rows Removed by Index Recheck": 0, "Filter": "(l_returnflag = 'R'::bpchar)", "Rows Removed by Filter": 1146896}]}]}]}]}, "Triggers": [], "Planner Runtime": 0, "Total Runtime": 14211.029, "Unique SQL Id": 1604070524}}, "(16, 117)": {"explain_plan": {"Plan": {"Node Type": "Limit", "Startup Cost": 3997545.9, "Total Cost": 3997545.95, "Plan Rows": 20, "Plan Width": 199, "Plans": [{"Node Type": "Sort", "Parent Relationship": "Outer", "Startup Cost": 3997545.9, "Total Cost": 4001160.65, "Plan Rows": 20, "Plan Width": 199, "Sort Key": ["(sum((lineitem.l_extendedprice * (1::double precision - lineitem.l_discount)))) DESC"], "Plans": [{"Node Type": "Aggregate", "Strategy": "Hashed", "Parent Relationship": "Outer", "Startup Cost": 3944612.1, "Total Cost": 3959071.08, "Plan Rows": 1445898, "Plan Width": 199, "Group By Key": ["customer.c_custkey", "customer.c_name", "customer.c_acctbal", "customer.c_phone", "nation.n_name", "customer.c_address", "customer.c_comment"], "Plans": [{"Node Type": "Nested Loop", "Parent Relationship": "Outer", "Join Type": "Inner", "Startup Cost": 14729.65, "Total Cost": 3908464.65, "Plan Rows": 1445898, "Plan Width": 191, "Inner Unique": false, "Plans": [{"Node Type": "Nested Loop", "Parent Relationship": "Outer", "Join Type": "Inner", "Startup Cost": 14729.65, "Total Cost": 791847.2, "Plan Rows": 575746, "Plan Width": 183, "Inner Unique": true, "Plans": [{"Node Type": "Nested Loop", "Parent Relationship": "Outer", "Join Type": "Inner", "Startup Cost": 14729.65, "Total Cost": 630633.72, "Plan Rows": 575746, "Plan Width": 161, "Inner Unique": true, "Plans": [{"Node Type": "Bitmap Heap Scan", "Parent Relationship": "Outer", "Relation Name": "orders", "Alias": "orders", "Startup Cost": 14729.65, "Total Cost": 299784.84, "Plan Rows": 575746, "Plan Width": 16, "Recheck Cond": "((o_orderdate >= '1993-08-01 00:00:00'::timestamp(0) without time zone) AND (o_orderdate < '1993-11-01 00:00:00'::timestamp without time zone)), (LLVM Optimized)", "Plans": [{"Node Type": "Bitmap Index Scan", "Parent Relationship": "Outer", "Index Name": "idx_orders_orderdate", "Startup Cost": 0.0, "Total Cost": 14585.71, "Plan Rows": 575746, "Plan Width": 0, "Index Cond": "((o_orderdate >= '1993-08-01 00:00:00'::timestamp(0) without time zone) AND (o_orderdate < '1993-11-01 00:00:00'::timestamp without time zone))"}]}, {"Node Type": "Index Scan", "Parent Relationship": "Inner", "Scan Direction": "Forward", "Index Name": "customer_pkey", "Relation Name": "customer", "Alias": "customer", "Startup Cost": 0.0, "Total Cost": 0.56, "Plan Rows": 1, "Plan Width": 153, "Index Cond": "(c_custkey = orders.o_custkey)"}]}, {"Node Type": "Index Scan", "Parent Relationship": "Inner", "Scan Direction": "Forward", "Index Name": "nation_pkey", "Relation Name": "nation", "Alias": "nation", "Startup Cost": 0.0, "Total Cost": 0.27, "Plan Rows": 1, "Plan Width": 30, "Index Cond": "(n_nationkey = customer.c_nationkey)"}]}, {"Node Type": "Index Scan", "Parent Relationship": "Inner", "Scan Direction": "Forward", "Index Name": "idx_lineitem_orderkey", "Relation Name": "lineitem", "Alias": "lineitem", "Startup Cost": 0.0, "Total Cost": 5.38, "Plan Rows": 3, "Plan Width": 24, "Index Cond": "(l_orderkey = orders.o_orderkey)", "Filter": "(l_returnflag = 'R'::bpchar)"}]}]}]}]}, "Unique SQL Id": 1604070524, "Planner Runtime": 0}, "explain_analyze_plan": {"Plan": {"Node Type": "Limit", "Startup Cost": 3997545.9, "Total Cost": 3997545.95, "Plan Rows": 20, "Plan Width": 199, "Actual Startup Time": 14200.593, "Actual Total Time": 14200.598, "Actual Rows": 20, "Actual Loops": 1, "Plans": [{"Node Type": "Sort", "Parent Relationship": "Outer", "Startup Cost": 3997545.9, "Total Cost": 4001160.65, "Plan Rows": 20, "Plan Width": 199, "Actual Startup Time": 14200.59, "Actual Total Time": 14200.591, "Actual Rows": 20, "Actual Loops": 1, "Sort Key": ["(sum((lineitem.l_extendedprice * (1::double precision - lineitem.l_discount)))) DESC"], "Sort Method": "top-N heapsort", "Sort Space Used": 35, "Sort Space Type": "Memory", "Plans": [{"Node Type": "Aggregate", "Strategy": "Hashed", "Parent Relationship": "Outer", "Startup Cost": 3944612.1, "Total Cost": 3959071.08, "Plan Rows": 1445898, "Plan Width": 199, "Actual Startup Time": 13814.882, "Actual Total Time": 14062.756, "Actual Rows": 381542, "Actual Loops": 1, "Group By Key": ["customer.c_custkey", "customer.c_name", "customer.c_acctbal", "customer.c_phone", "nation.n_name", "customer.c_address", "customer.c_comment"], "Plans": [{"Node Type": "Nested Loop", "Parent Relationship": "Outer", "Join Type": "Inner", "Startup Cost": 14729.65, "Total Cost": 3908464.65, "Plan Rows": 1445898, "Plan Width": 191, "Actual Startup Time": 259.65, "Actual Total Time": 11962.783, "Actual Rows": 1145969, "Actual Loops": 1, "Inner Unique": false, "Plans": [{"Node Type": "Nested Loop", "Parent Relationship": "Outer", "Join Type": "Inner", "Startup Cost": 14729.65, "Total Cost": 791847.2, "Plan Rows": 575746, "Plan Width": 183, "Actual Startup Time": 259.608, "Actual Total Time": 6364.896, "Actual Rows": 573635, "Actual Loops": 1, "Inner Unique": true, "Plans": [{"Node Type": "Nested Loop", "Parent Relationship": "Outer", "Join Type": "Inner", "Startup Cost": 14729.65, "Total Cost": 630633.72, "Plan Rows": 575746, "Plan Width": 161, "Actual Startup Time": 259.597, "Actual Total Time": 5116.295, "Actual Rows": 573635, "Actual Loops": 1, "Inner Unique": true, "Plans": [{"Node Type": "Bitmap Heap Scan", "Parent Relationship": "Outer", "Relation Name": "orders", "Alias": "orders", "Startup Cost": 14729.65, "Total Cost": 299784.84, "Plan Rows": 575746, "Plan Width": 16, "Actual Startup Time": 259.553, "Actual Total Time": 1135.429, "Actual Rows": 573635, "Actual Loops": 1, "Recheck Cond": "((o_orderdate >= '1993-08-01 00:00:00'::timestamp(0) without time zone) AND (o_orderdate < '1993-11-01 00:00:00'::timestamp without time zone)), (LLVM Optimized, Jit Execute)", "Rows Removed by Index Recheck": 0, "Exact Heap Blocks": 242860, "Lossy Heap Blocks": 242860, "Plans": [{"Node Type": "Bitmap Index Scan", "Parent Relationship": "Outer", "Index Name": "idx_orders_orderdate", "Startup Cost": 0.0, "Total Cost": 14585.71, "Plan Rows": 575746, "Plan Width": 0, "Actual Startup Time": 184.001, "Actual Total Time": 184.001, "Actual Rows": 573635, "Actual Loops": 1, "Index Cond": "((o_orderdate >= '1993-08-01 00:00:00'::timestamp(0) without time zone) AND (o_orderdate < '1993-11-01 00:00:00'::timestamp without time zone))"}]}, {"Node Type": "Index Scan", "Parent Relationship": "Inner", "Scan Direction": "Forward", "Index Name": "customer_pkey", "Relation Name": "customer", "Alias": "customer", "Startup Cost": 0.0, "Total Cost": 0.56, "Plan Rows": 1, "Plan Width": 153, "Actual Startup Time": 3482.654, "Actual Total Time": 3482.654, "Actual Rows": 573635, "Actual Loops": 573635, "Index Cond": "(c_custkey = orders.o_custkey)", "Rows Removed by Index Recheck": 0}]}, {"Node Type": "Index Scan", "Parent Relationship": "Inner", "Scan Direction": "Forward", "Index Name": "nation_pkey", "Relation Name": "nation", "Alias": "nation", "Startup Cost": 0.0, "Total Cost": 0.27, "Plan Rows": 1, "Plan Width": 30, "Actual Startup Time": 796.403, "Actual Total Time": 796.403, "Actual Rows": 573635, "Actual Loops": 573635, "Index Cond": "(n_nationkey = customer.c_nationkey)", "Rows Removed by Index Recheck": 0}]}, {"Node Type": "Index Scan", "Parent Relationship": "Inner", "Scan Direction": "Forward", "Index Name": "idx_lineitem_orderkey", "Relation Name": "lineitem", "Alias": "lineitem", "Startup Cost": 0.0, "Total Cost": 5.38, "Plan Rows": 3, "Plan Width": 24, "Actual Startup Time": 3771.015, "Actual Total Time": 5012.914, "Actual Rows": 1145969, "Actual Loops": 573635, "Index Cond": "(l_orderkey = orders.o_orderkey)", "Rows Removed by Index Recheck": 0, "Filter": "(l_returnflag = 'R'::bpchar)", "Rows Removed by Filter": 1146896}]}]}]}]}, "Triggers": [], "Planner Runtime": 0, "Total Runtime": 14211.029, "Unique SQL Id": 1604070524}}, "(16, 118)": {"explain_plan": {"Plan": {"Node Type": "Limit", "Startup Cost": 11194981.94, "Total Cost": 11194981.99, "Plan Rows": 20, "Plan Width": 199, "Plans": [{"Node Type": "Sort", "Parent Relationship": "Outer", "Startup Cost": 11194981.94, "Total Cost": 11198596.68, "Plan Rows": 20, "Plan Width": 199, "Sort Key": ["(sum((lineitem.l_extendedprice * (1::double precision - lineitem.l_discount)))) DESC"], "Plans": [{"Node Type": "Aggregate", "Strategy": "Hashed", "Parent Relationship": "Outer", "Startup Cost": 11142048.13, "Total Cost": 11156507.11, "Plan Rows": 1445898, "Plan Width": 199, "Group By Key": ["customer.c_custkey", "customer.c_name", "customer.c_acctbal", "customer.c_phone", "nation.n_name", "customer.c_address", "customer.c_comment"], "Plans": [{"Node Type": "Nested Loop", "Parent Relationship": "Outer", "Join Type": "Inner", "Startup Cost": 14731.87, "Total Cost": 11105900.68, "Plan Rows": 1445898, "Plan Width": 191, "Inner Unique": false, "Plans": [{"Node Type": "Nested Loop", "Parent Relationship": "Outer", "Join Type": "Inner", "Startup Cost": 14729.94, "Total Cost": 3001163.72, "Plan Rows": 575746, "Plan Width": 183, "Inner Unique": true, "Join Filter": "(customer.c_nationkey = nation.n_nationkey), (LLVM Optimized)", "Plans": [{"Node Type": "Nested Loop", "Parent Relationship": "Outer", "Join Type": "Inner", "Startup Cost": 14729.94, "Total Cost": 2785257.65, "Plan Rows": 575746, "Plan Width": 161, "Inner Unique": true, "Plans": [{"Node Type": "Bitmap Heap Scan", "Parent Relationship": "Outer", "Relation Name": "orders", "Alias": "orders", "Startup Cost": 14729.65, "Total Cost": 299784.84, "Plan Rows": 575746, "Plan Width": 16, "Recheck Cond": "((o_orderdate >= '1993-08-01 00:00:00'::timestamp(0) without time zone) AND (o_orderdate < '1993-11-01 00:00:00'::timestamp without time zone)), (LLVM Optimized)", "Plans": [{"Node Type": "Bitmap Index Scan", "Parent Relationship": "Outer", "Index Name": "idx_orders_orderdate", "Startup Cost": 0.0, "Total Cost": 14585.71, "Plan Rows": 575746, "Plan Width": 0, "Index Cond": "((o_orderdate >= '1993-08-01 00:00:00'::timestamp(0) without time zone) AND (o_orderdate < '1993-11-01 00:00:00'::timestamp without time zone))"}]}, {"Node Type": "Bitmap Heap Scan", "Parent Relationship": "Inner", "Relation Name": "customer", "Alias": "customer", "Startup Cost": 0.29, "Total Cost": 4.31, "Plan Rows": 1, "Plan Width": 153, "Recheck Cond": "(c_custkey = orders.o_custkey)", "Plans": [{"Node Type": "Bitmap Index Scan", "Parent Relationship": "Outer", "Index Name": "customer_pkey", "Startup Cost": 0.0, "Total Cost": 0.29, "Plan Rows": 1, "Plan Width": 0, "Index Cond": "(c_custkey = orders.o_custkey)"}]}]}, {"Node Type": "Materialize", "Parent Relationship": "Inner", "Startup Cost": 0.0, "Total Cost": 1.38, "Plan Rows": 25, "Plan Width": 30, "Plans": [{"Node Type": "Seq Scan", "Parent Relationship": "Outer", "Relation Name": "nation", "Alias": "nation", "Startup Cost": 0.0, "Total Cost": 1.25, "Plan Rows": 25, "Plan Width": 30}]}]}, {"Node Type": "Bitmap Heap Scan", "Parent Relationship": "Inner", "Relation Name": "lineitem", "Alias": "lineitem", "Startup Cost": 1.93, "Total Cost": 14.05, "Plan Rows": 3, "Plan Width": 24, "Recheck Cond": "(l_orderkey = orders.o_orderkey)", "Filter": "(l_returnflag = 'R'::bpchar)", "Plans": [{"Node Type": "Bitmap Index Scan", "Parent Relationship": "Outer", "Index Name": "idx_lineitem_orderkey", "Startup Cost": 0.0, "Total Cost": 1.92, "Plan Rows": 9, "Plan Width": 0, "Index Cond": "(l_orderkey = orders.o_orderkey)"}]}]}]}]}]}, "Unique SQL Id": 1604070524, "Planner Runtime": 0}, "explain_analyze_plan": {"Plan": {"Node Type": "Limit", "Startup Cost": 11194981.94, "Total Cost": 11194981.99, "Plan Rows": 20, "Plan Width": 199, "Actual Startup Time": 17396.702, "Actual Total Time": 17396.711, "Actual Rows": 20, "Actual Loops": 1, "Plans": [{"Node Type": "Sort", "Parent Relationship": "Outer", "Startup Cost": 11194981.94, "Total Cost": 11198596.68, "Plan Rows": 20, "Plan Width": 199, "Actual Startup Time": 17396.699, "Actual Total Time": 17396.704, "Actual Rows": 20, "Actual Loops": 1, "Sort Key": ["(sum((lineitem.l_extendedprice * (1::double precision - lineitem.l_discount)))) DESC"], "Sort Method": "top-N heapsort", "Sort Space Used": 35, "Sort Space Type": "Memory", "Plans": [{"Node Type": "Aggregate", "Strategy": "Hashed", "Parent Relationship": "Outer", "Startup Cost": 11142048.13, "Total Cost": 11156507.11, "Plan Rows": 1445898, "Plan Width": 199, "Actual Startup Time": 16990.649, "Actual Total Time": 17259.054, "Actual Rows": 381542, "Actual Loops": 1, "Group By Key": ["customer.c_custkey", "customer.c_name", "customer.c_acctbal", "customer.c_phone", "nation.n_name", "customer.c_address", "customer.c_comment"], "Plans": [{"Node Type": "Nested Loop", "Parent Relationship": "Outer", "Join Type": "Inner", "Startup Cost": 14731.87, "Total Cost": 11105900.68, "Plan Rows": 1445898, "Plan Width": 191, "Actual Startup Time": 257.817, "Actual Total Time": 15019.547, "Actual Rows": 1145969, "Actual Loops": 1, "Inner Unique": false, "Plans": [{"Node Type": "Nested Loop", "Parent Relationship": "Outer", "Join Type": "Inner", "Startup Cost": 14729.94, "Total Cost": 3001163.72, "Plan Rows": 575746, "Plan Width": 183, "Actual Startup Time": 257.77, "Actual Total Time": 8387.559, "Actual Rows": 573635, "Actual Loops": 1, "Inner Unique": true, "Join Filter": "(customer.c_nationkey = nation.n_nationkey), (LLVM Optimized, Jit Execute)", "Rows Removed by Join Filter": 6871608, "Plans": [{"Node Type": "Nested Loop", "Parent Relationship": "Outer", "Join Type": "Inner", "Startup Cost": 14729.94, "Total Cost": 2785257.65, "Plan Rows": 575746, "Plan Width": 161, "Actual Startup Time": 257.726, "Actual Total Time": 6311.045, "Actual Rows": 573635, "Actual Loops": 1, "Inner Unique": true, "Plans": [{"Node Type": "Bitmap Heap Scan", "Parent Relationship": "Outer", "Relation Name": "orders", "Alias": "orders", "Startup Cost": 14729.65, "Total Cost": 299784.84, "Plan Rows": 575746, "Plan Width": 16, "Actual Startup Time": 257.669, "Actual Total Time": 1075.813, "Actual Rows": 573635, "Actual Loops": 1, "Recheck Cond": "((o_orderdate >= '1993-08-01 00:00:00'::timestamp(0) without time zone) AND (o_orderdate < '1993-11-01 00:00:00'::timestamp without time zone)), (LLVM Optimized, Jit Execute)", "Rows Removed by Index Recheck": 0, "Exact Heap Blocks": 242860, "Lossy Heap Blocks": 242860, "Plans": [{"Node Type": "Bitmap Index Scan", "Parent Relationship": "Outer", "Index Name": "idx_orders_orderdate", "Startup Cost": 0.0, "Total Cost": 14585.71, "Plan Rows": 575746, "Plan Width": 0, "Actual Startup Time": 182.613, "Actual Total Time": 182.613, "Actual Rows": 573635, "Actual Loops": 1, "Index Cond": "((o_orderdate >= '1993-08-01 00:00:00'::timestamp(0) without time zone) AND (o_orderdate < '1993-11-01 00:00:00'::timestamp without time zone))"}]}, {"Node Type": "Bitmap Heap Scan", "Parent Relationship": "Inner", "Relation Name": "customer", "Alias": "customer", "Startup Cost": 0.29, "Total Cost": 4.31, "Plan Rows": 1, "Plan Width": 153, "Actual Startup Time": 4365.415, "Actual Total Time": 4365.415, "Actual Rows": 573635, "Actual Loops": 573635, "Recheck Cond": "(c_custkey = orders.o_custkey)", "Rows Removed by Index Recheck": 0, "Exact Heap Blocks": 573635, "Lossy Heap Blocks": 573635, "Plans": [{"Node Type": "Bitmap Index Scan", "Parent Relationship": "Outer", "Index Name": "customer_pkey", "Startup Cost": 0.0, "Total Cost": 0.29, "Plan Rows": 1, "Plan Width": 0, "Actual Startup Time": 2667.976, "Actual Total Time": 2667.976, "Actual Rows": 573635, "Actual Loops": 573635, "Index Cond": "(c_custkey = orders.o_custkey)"}]}]}, {"Node Type": "Materialize", "Parent Relationship": "Inner", "Startup Cost": 0.0, "Total Cost": 1.38, "Plan Rows": 25, "Plan Width": 30, "Actual Startup Time": 73.932, "Actual Total Time": 652.745, "Actual Rows": 7445243, "Actual Loops": 573635, "Plans": [{"Node Type": "Seq Scan", "Parent Relationship": "Outer", "Relation Name": "nation", "Alias": "nation", "Startup Cost": 0.0, "Total Cost": 1.25, "Plan Rows": 25, "Plan Width": 30, "Actual Startup Time": 0.016, "Actual Total Time": 0.023, "Actual Rows": 25, "Actual Loops": 1}]}]}, {"Node Type": "Bitmap Heap Scan", "Parent Relationship": "Inner", "Relation Name": "lineitem", "Alias": "lineitem", "Startup Cost": 1.93, "Total Cost": 14.05, "Plan Rows": 3, "Plan Width": 24, "Actual Startup Time": 5101.982, "Actual Total Time": 5644.068, "Actual Rows": 1145969, "Actual Loops": 573635, "Recheck Cond": "(l_orderkey = orders.o_orderkey)", "Rows Removed by Index Recheck": 0, "Filter": "(l_returnflag = 'R'::bpchar)", "Rows Removed by Filter": 1146896, "Exact Heap Blocks": 614400, "Lossy Heap Blocks": 614400, "Plans": [{"Node Type": "Bitmap Index Scan", "Parent Relationship": "Outer", "Index Name": "idx_lineitem_orderkey", "Startup Cost": 0.0, "Total Cost": 1.92, "Plan Rows": 9, "Plan Width": 0, "Actual Startup Time": 2583.756, "Actual Total Time": 2583.756, "Actual Rows": 2292865, "Actual Loops": 573635, "Index Cond": "(l_orderkey = orders.o_orderkey)"}]}]}]}]}]}, "Triggers": [], "Planner Runtime": 0, "Total Runtime": 17407.41, "Unique SQL Id": 1604070524}}, "(16, 119)": {"explain_plan": {"Plan": {"Node Type": "Limit", "Startup Cost": 13443415.76, "Total Cost": 13443415.81, "Plan Rows": 20, "Plan Width": 199, "Plans": [{"Node Type": "Sort", "Parent Relationship": "Outer", "Startup Cost": 13443415.76, "Total Cost": 13447030.51, "Plan Rows": 20, "Plan Width": 199, "Sort Key": ["(sum((lineitem.l_extendedprice * (1::double precision - lineitem.l_discount)))) DESC"], "Plans": [{"Node Type": "Aggregate", "Strategy": "Hashed", "Parent Relationship": "Outer", "Startup Cost": 13390481.96, "Total Cost": 13404940.94, "Plan Rows": 1445898, "Plan Width": 199, "Group By Key": ["customer.c_custkey", "customer.c_name", "customer.c_acctbal", "customer.c_phone", "nation.n_name", "customer.c_address", "customer.c_comment"], "Plans": [{"Node Type": "Nested Loop", "Parent Relationship": "Outer", "Join Type": "Inner", "Startup Cost": 14732.12, "Total Cost": 13354334.51, "Plan Rows": 1445898, "Plan Width": 191, "Inner Unique": false, "Plans": [{"Node Type": "Nested Loop", "Parent Relationship": "Outer", "Join Type": "Inner", "Startup Cost": 14730.2, "Total Cost": 5249597.54, "Plan Rows": 575746, "Plan Width": 183, "Inner Unique": true, "Plans": [{"Node Type": "Nested Loop", "Parent Relationship": "Outer", "Join Type": "Inner", "Startup Cost": 14729.94, "Total Cost": 2785257.65, "Plan Rows": 575746, "Plan Width": 161, "Inner Unique": true, "Plans": [{"Node Type": "Bitmap Heap Scan", "Parent Relationship": "Outer", "Relation Name": "orders", "Alias": "orders", "Startup Cost": 14729.65, "Total Cost": 299784.84, "Plan Rows": 575746, "Plan Width": 16, "Recheck Cond": "((o_orderdate >= '1993-08-01 00:00:00'::timestamp(0) without time zone) AND (o_orderdate < '1993-11-01 00:00:00'::timestamp without time zone)), (LLVM Optimized)", "Plans": [{"Node Type": "Bitmap Index Scan", "Parent Relationship": "Outer", "Index Name": "idx_orders_orderdate", "Startup Cost": 0.0, "Total Cost": 14585.71, "Plan Rows": 575746, "Plan Width": 0, "Index Cond": "((o_orderdate >= '1993-08-01 00:00:00'::timestamp(0) without time zone) AND (o_orderdate < '1993-11-01 00:00:00'::timestamp without time zone))"}]}, {"Node Type": "Bitmap Heap Scan", "Parent Relationship": "Inner", "Relation Name": "customer", "Alias": "customer", "Startup Cost": 0.29, "Total Cost": 4.31, "Plan Rows": 1, "Plan Width": 153, "Recheck Cond": "(c_custkey = orders.o_custkey)", "Plans": [{"Node Type": "Bitmap Index Scan", "Parent Relationship": "Outer", "Index Name": "customer_pkey", "Startup Cost": 0.0, "Total Cost": 0.29, "Plan Rows": 1, "Plan Width": 0, "Index Cond": "(c_custkey = orders.o_custkey)"}]}]}, {"Node Type": "Bitmap Heap Scan", "Parent Relationship": "Inner", "Relation Name": "nation", "Alias": "nation", "Startup Cost": 0.26, "Total Cost": 4.27, "Plan Rows": 1, "Plan Width": 30, "Recheck Cond": "(n_nationkey = customer.c_nationkey)", "Plans": [{"Node Type": "Bitmap Index Scan", "Parent Relationship": "Outer", "Index Name": "nation_pkey", "Startup Cost": 0.0, "Total Cost": 0.26, "Plan Rows": 1, "Plan Width": 0, "Index Cond": "(n_nationkey = customer.c_nationkey)"}]}]}, {"Node Type": "Bitmap Heap Scan", "Parent Relationship": "Inner", "Relation Name": "lineitem", "Alias": "lineitem", "Startup Cost": 1.93, "Total Cost": 14.05, "Plan Rows": 3, "Plan Width": 24, "Recheck Cond": "(l_orderkey = orders.o_orderkey)", "Filter": "(l_returnflag = 'R'::bpchar)", "Plans": [{"Node Type": "Bitmap Index Scan", "Parent Relationship": "Outer", "Index Name": "idx_lineitem_orderkey", "Startup Cost": 0.0, "Total Cost": 1.92, "Plan Rows": 9, "Plan Width": 0, "Index Cond": "(l_orderkey = orders.o_orderkey)"}]}]}]}]}]}, "Unique SQL Id": 1604070524, "Planner Runtime": 1}, "explain_analyze_plan": {"Plan": {"Node Type": "Limit", "Startup Cost": 13443415.76, "Total Cost": 13443415.81, "Plan Rows": 20, "Plan Width": 199, "Actual Startup Time": 17339.241, "Actual Total Time": 17339.252, "Actual Rows": 20, "Actual Loops": 1, "Plans": [{"Node Type": "Sort", "Parent Relationship": "Outer", "Startup Cost": 13443415.76, "Total Cost": 13447030.51, "Plan Rows": 20, "Plan Width": 199, "Actual Startup Time": 17339.239, "Actual Total Time": 17339.248, "Actual Rows": 20, "Actual Loops": 1, "Sort Key": ["(sum((lineitem.l_extendedprice * (1::double precision - lineitem.l_discount)))) DESC"], "Sort Method": "top-N heapsort", "Sort Space Used": 35, "Sort Space Type": "Memory", "Plans": [{"Node Type": "Aggregate", "Strategy": "Hashed", "Parent Relationship": "Outer", "Startup Cost": 13390481.96, "Total Cost": 13404940.94, "Plan Rows": 1445898, "Plan Width": 199, "Actual Startup Time": 16948.804, "Actual Total Time": 17203.575, "Actual Rows": 381542, "Actual Loops": 1, "Group By Key": ["customer.c_custkey", "customer.c_name", "customer.c_acctbal", "customer.c_phone", "nation.n_name", "customer.c_address", "customer.c_comment"], "Plans": [{"Node Type": "Nested Loop", "Parent Relationship": "Outer", "Join Type": "Inner", "Startup Cost": 14732.12, "Total Cost": 13354334.51, "Plan Rows": 1445898, "Plan Width": 191, "Actual Startup Time": 243.383, "Actual Total Time": 14979.756, "Actual Rows": 1145969, "Actual Loops": 1, "Inner Unique": false, "Plans": [{"Node Type": "Nested Loop", "Parent Relationship": "Outer", "Join Type": "Inner", "Startup Cost": 14730.2, "Total Cost": 5249597.54, "Plan Rows": 575746, "Plan Width": 183, "Actual Startup Time": 243.33, "Actual Total Time": 8554.709, "Actual Rows": 573635, "Actual Loops": 1, "Inner Unique": true, "Plans": [{"Node Type": "Nested Loop", "Parent Relationship": "Outer", "Join Type": "Inner", "Startup Cost": 14729.94, "Total Cost": 2785257.65, "Plan Rows": 575746, "Plan Width": 161, "Actual Startup Time": 243.278, "Actual Total Time": 6365.155, "Actual Rows": 573635, "Actual Loops": 1, "Inner Unique": true, "Plans": [{"Node Type": "Bitmap Heap Scan", "Parent Relationship": "Outer", "Relation Name": "orders", "Alias": "orders", "Startup Cost": 14729.65, "Total Cost": 299784.84, "Plan Rows": 575746, "Plan Width": 16, "Actual Startup Time": 243.054, "Actual Total Time": 1186.231, "Actual Rows": 573635, "Actual Loops": 1, "Recheck Cond": "((o_orderdate >= '1993-08-01 00:00:00'::timestamp(0) without time zone) AND (o_orderdate < '1993-11-01 00:00:00'::timestamp without time zone)), (LLVM Optimized, Jit Execute)", "Rows Removed by Index Recheck": 0, "Exact Heap Blocks": 242860, "Lossy Heap Blocks": 242860, "Plans": [{"Node Type": "Bitmap Index Scan", "Parent Relationship": "Outer", "Index Name": "idx_orders_orderdate", "Startup Cost": 0.0, "Total Cost": 14585.71, "Plan Rows": 575746, "Plan Width": 0, "Actual Startup Time": 167.646, "Actual Total Time": 167.646, "Actual Rows": 573635, "Actual Loops": 1, "Index Cond": "((o_orderdate >= '1993-08-01 00:00:00'::timestamp(0) without time zone) AND (o_orderdate < '1993-11-01 00:00:00'::timestamp without time zone))"}]}, {"Node Type": "Bitmap Heap Scan", "Parent Relationship": "Inner", "Relation Name": "customer", "Alias": "customer", "Startup Cost": 0.29, "Total Cost": 4.31, "Plan Rows": 1, "Plan Width": 153, "Actual Startup Time": 4298.917, "Actual Total Time": 4298.917, "Actual Rows": 573635, "Actual Loops": 573635, "Recheck Cond": "(c_custkey = orders.o_custkey)", "Rows Removed by Index Recheck": 0, "Exact Heap Blocks": 573635, "Lossy Heap Blocks": 573635, "Plans": [{"Node Type": "Bitmap Index Scan", "Parent Relationship": "Outer", "Index Name": "customer_pkey", "Startup Cost": 0.0, "Total Cost": 0.29, "Plan Rows": 1, "Plan Width": 0, "Actual Startup Time": 2605.74, "Actual Total Time": 2605.74, "Actual Rows": 573635, "Actual Loops": 573635, "Index Cond": "(c_custkey = orders.o_custkey)"}]}]}, {"Node Type": "Bitmap Heap Scan", "Parent Relationship": "Inner", "Relation Name": "nation", "Alias": "nation", "Startup Cost": 0.26, "Total Cost": 4.27, "Plan Rows": 1, "Plan Width": 30, "Actual Startup Time": 1394.855, "Actual Total Time": 1394.855, "Actual Rows": 573635, "Actual Loops": 573635, "Recheck Cond": "(n_nationkey = customer.c_nationkey)", "Rows Removed by Index Recheck": 0, "Exact Heap Blocks": 573635, "Lossy Heap Blocks": 573635, "Plans": [{"Node Type": "Bitmap Index Scan", "Parent Relationship": "Outer", "Index Name": "nation_pkey", "Startup Cost": 0.0, "Total Cost": 0.26, "Plan Rows": 1, "Plan Width": 0, "Actual Startup Time": 610.88, "Actual Total Time": 610.88, "Actual Rows": 573635, "Actual Loops": 573635, "Index Cond": "(n_nationkey = customer.c_nationkey)"}]}]}, {"Node Type": "Bitmap Heap Scan", "Parent Relationship": "Inner", "Relation Name": "lineitem", "Alias": "lineitem", "Startup Cost": 1.93, "Total Cost": 14.05, "Plan Rows": 3, "Plan Width": 24, "Actual Startup Time": 4948.946, "Actual Total Time": 5481.054, "Actual Rows": 1145969, "Actual Loops": 573635, "Recheck Cond": "(l_orderkey = orders.o_orderkey)", "Rows Removed by Index Recheck": 0, "Filter": "(l_returnflag = 'R'::bpchar)", "Rows Removed by Filter": 1146896, "Exact Heap Blocks": 614400, "Lossy Heap Blocks": 614400, "Plans": [{"Node Type": "Bitmap Index Scan", "Parent Relationship": "Outer", "Index Name": "idx_lineitem_orderkey", "Startup Cost": 0.0, "Total Cost": 1.92, "Plan Rows": 9, "Plan Width": 0, "Actual Startup Time": 2525.585, "Actual Total Time": 2525.585, "Actual Rows": 2292865, "Actual Loops": 573635, "Index Cond": "(l_orderkey = orders.o_orderkey)"}]}]}]}]}]}, "Triggers": [], "Planner Runtime": 1, "Total Runtime": 17349.86, "Unique SQL Id": 1604070524}}, "(16, 120)": {"explain_plan": {"Plan": {"Node Type": "Limit", "Startup Cost": 4199172.25, "Total Cost": 4199172.3, "Plan Rows": 20, "Plan Width": 199, "Plans": [{"Node Type": "Sort", "Parent Relationship": "Outer", "Startup Cost": 4199172.25, "Total Cost": 4202787.0, "Plan Rows": 20, "Plan Width": 199, "Sort Key": ["(sum((lineitem.l_extendedprice * (1::double precision - lineitem.l_discount)))) DESC"], "Plans": [{"Node Type": "Aggregate", "Strategy": "Hashed", "Parent Relationship": "Outer", "Startup Cost": 4146238.45, "Total Cost": 4160697.43, "Plan Rows": 1445898, "Plan Width": 199, "Group By Key": ["customer.c_custkey", "customer.c_name", "customer.c_acctbal", "customer.c_phone", "nation.n_name", "customer.c_address", "customer.c_comment"], "Plans": [{"Node Type": "Nested Loop", "Parent Relationship": "Outer", "Join Type": "Inner", "Startup Cost": 585.62, "Total Cost": 4110091.0, "Plan Rows": 1445898, "Plan Width": 191, "Inner Unique": false, "Plans": [{"Node Type": "Nested Loop", "Parent Relationship": "Outer", "Join Type": "Inner", "Startup Cost": 585.62, "Total Cost": 993473.55, "Plan Rows": 575746, "Plan Width": 183, "Inner Unique": true, "Plans": [{"Node Type": "Nested Loop", "Parent Relationship": "Outer", "Join Type": "Inner", "Startup Cost": 585.62, "Total Cost": 832260.06, "Plan Rows": 575746, "Plan Width": 161, "Inner Unique": true, "Plans": [{"Node Type": "Seq Scan", "Parent Relationship": "Outer", "Relation Name": "orders", "Alias": "orders", "Startup Cost": 585.62, "Total Cost": 501411.18, "Plan Rows": 575746, "Plan Width": 16, "Filter": "((o_orderdate >= '1993-08-01 00:00:00'::timestamp(0) without time zone) AND (o_orderdate < '1993-11-01 00:00:00'::timestamp without time zone)), (LLVM Optimized)"}, {"Node Type": "Index Scan", "Parent Relationship": "Inner", "Scan Direction": "Forward", "Index Name": "customer_pkey", "Relation Name": "customer", "Alias": "customer", "Startup Cost": 0.0, "Total Cost": 0.56, "Plan Rows": 1, "Plan Width": 153, "Index Cond": "(c_custkey = orders.o_custkey)"}]}, {"Node Type": "Index Scan", "Parent Relationship": "Inner", "Scan Direction": "Forward", "Index Name": "nation_pkey", "Relation Name": "nation", "Alias": "nation", "Startup Cost": 0.0, "Total Cost": 0.27, "Plan Rows": 1, "Plan Width": 30, "Index Cond": "(n_nationkey = customer.c_nationkey)"}]}, {"Node Type": "Index Scan", "Parent Relationship": "Inner", "Scan Direction": "Forward", "Index Name": "idx_lineitem_orderkey", "Relation Name": "lineitem", "Alias": "lineitem", "Startup Cost": 0.0, "Total Cost": 5.38, "Plan Rows": 3, "Plan Width": 24, "Index Cond": "(l_orderkey = orders.o_orderkey)", "Filter": "(l_returnflag = 'R'::bpchar)"}]}]}]}]}, "Unique SQL Id": 1604070524, "Planner Runtime": 1}, "explain_analyze_plan": {"Plan": {"Node Type": "Limit", "Startup Cost": 4199172.25, "Total Cost": 4199172.3, "Plan Rows": 20, "Plan Width": 199, "Actual Startup Time": 18565.312, "Actual Total Time": 18565.319, "Actual Rows": 20, "Actual Loops": 1, "Plans": [{"Node Type": "Sort", "Parent Relationship": "Outer", "Startup Cost": 4199172.25, "Total Cost": 4202787.0, "Plan Rows": 20, "Plan Width": 199, "Actual Startup Time": 18565.309, "Actual Total Time": 18565.312, "Actual Rows": 20, "Actual Loops": 1, "Sort Key": ["(sum((lineitem.l_extendedprice * (1::double precision - lineitem.l_discount)))) DESC"], "Sort Method": "top-N heapsort", "Sort Space Used": 35, "Sort Space Type": "Memory", "Plans": [{"Node Type": "Aggregate", "Strategy": "Hashed", "Parent Relationship": "Outer", "Startup Cost": 4146238.45, "Total Cost": 4160697.43, "Plan Rows": 1445898, "Plan Width": 199, "Actual Startup Time": 18168.373, "Actual Total Time": 18429.363, "Actual Rows": 381542, "Actual Loops": 1, "Group By Key": ["customer.c_custkey", "customer.c_name", "customer.c_acctbal", "customer.c_phone", "nation.n_name", "customer.c_address", "customer.c_comment"], "Plans": [{"Node Type": "Nested Loop", "Parent Relationship": "Outer", "Join Type": "Inner", "Startup Cost": 585.62, "Total Cost": 4110091.0, "Plan Rows": 1445898, "Plan Width": 191, "Actual Startup Time": 0.097, "Actual Total Time": 16273.314, "Actual Rows": 1145969, "Actual Loops": 1, "Inner Unique": false, "Plans": [{"Node Type": "Nested Loop", "Parent Relationship": "Outer", "Join Type": "Inner", "Startup Cost": 585.62, "Total Cost": 993473.55, "Plan Rows": 575746, "Plan Width": 183, "Actual Startup Time": 0.074, "Actual Total Time": 10607.364, "Actual Rows": 573635, "Actual Loops": 1, "Inner Unique": true, "Plans": [{"Node Type": "Nested Loop", "Parent Relationship": "Outer", "Join Type": "Inner", "Startup Cost": 585.62, "Total Cost": 832260.06, "Plan Rows": 575746, "Plan Width": 161, "Actual Startup Time": 0.065, "Actual Total Time": 9341.694, "Actual Rows": 573635, "Actual Loops": 1, "Inner Unique": true, "Plans": [{"Node Type": "Seq Scan", "Parent Relationship": "Outer", "Relation Name": "orders", "Alias": "orders", "Startup Cost": 585.62, "Total Cost": 501411.18, "Plan Rows": 575746, "Plan Width": 16, "Actual Startup Time": 0.035, "Actual Total Time": 5040.203, "Actual Rows": 573635, "Actual Loops": 1, "Filter": "((o_orderdate >= '1993-08-01 00:00:00'::timestamp(0) without time zone) AND (o_orderdate < '1993-11-01 00:00:00'::timestamp without time zone)), (LLVM Optimized, Jit Execute)", "Rows Removed by Filter": 14426365}, {"Node Type": "Index Scan", "Parent Relationship": "Inner", "Scan Direction": "Forward", "Index Name": "customer_pkey", "Relation Name": "customer", "Alias": "customer", "Startup Cost": 0.0, "Total Cost": 0.56, "Plan Rows": 1, "Plan Width": 153, "Actual Startup Time": 3789.874, "Actual Total Time": 3789.874, "Actual Rows": 573635, "Actual Loops": 573635, "Index Cond": "(c_custkey = orders.o_custkey)", "Rows Removed by Index Recheck": 0}]}, {"Node Type": "Index Scan", "Parent Relationship": "Inner", "Scan Direction": "Forward", "Index Name": "nation_pkey", "Relation Name": "nation", "Alias": "nation", "Startup Cost": 0.0, "Total Cost": 0.27, "Plan Rows": 1, "Plan Width": 30, "Actual Startup Time": 808.495, "Actual Total Time": 808.495, "Actual Rows": 573635, "Actual Loops": 573635, "Index Cond": "(n_nationkey = customer.c_nationkey)", "Rows Removed by Index Recheck": 0}]}, {"Node Type": "Index Scan", "Parent Relationship": "Inner", "Scan Direction": "Forward", "Index Name": "idx_lineitem_orderkey", "Relation Name": "lineitem", "Alias": "lineitem", "Startup Cost": 0.0, "Total Cost": 5.38, "Plan Rows": 3, "Plan Width": 24, "Actual Startup Time": 3808.214, "Actual Total Time": 5058.306, "Actual Rows": 1145969, "Actual Loops": 573635, "Index Cond": "(l_orderkey = orders.o_orderkey)", "Rows Removed by Index Recheck": 0, "Filter": "(l_returnflag = 'R'::bpchar)", "Rows Removed by Filter": 1146896}]}]}]}]}, "Triggers": [], "Planner Runtime": 0, "Total Runtime": 18575.398, "Unique SQL Id": 1604070524}}, "(16, 121)": {"explain_plan": {"Plan": {"Node Type": "Limit", "Startup Cost": 4503736.9, "Total Cost": 4503736.95, "Plan Rows": 20, "Plan Width": 199, "Plans": [{"Node Type": "Sort", "Parent Relationship": "Outer", "Startup Cost": 4503736.9, "Total Cost": 4507351.64, "Plan Rows": 20, "Plan Width": 199, "Sort Key": ["(sum((lineitem.l_extendedprice * (1::double precision - lineitem.l_discount)))) DESC"], "Plans": [{"Node Type": "Aggregate", "Strategy": "Hashed", "Parent Relationship": "Outer", "Startup Cost": 4450803.09, "Total Cost": 4465262.07, "Plan Rows": 1445898, "Plan Width": 199, "Group By Key": ["customer.c_custkey", "customer.c_name", "customer.c_acctbal", "customer.c_phone", "nation.n_name", "customer.c_address", "customer.c_comment"], "Plans": [{"Node Type": "Nested Loop", "Parent Relationship": "Outer", "Join Type": "Inner", "Startup Cost": 0.0, "Total Cost": 4414655.64, "Plan Rows": 1445898, "Plan Width": 191, "Inner Unique": false, "Plans": [{"Node Type": "Nested Loop", "Parent Relationship": "Outer", "Join Type": "Inner", "Startup Cost": 0.0, "Total Cost": 1298038.2, "Plan Rows": 575746, "Plan Width": 183, "Inner Unique": true, "Plans": [{"Node Type": "Nested Loop", "Parent Relationship": "Outer", "Join Type": "Inner", "Startup Cost": 0.0, "Total Cost": 1136824.71, "Plan Rows": 575746, "Plan Width": 161, "Inner Unique": true, "Plans": [{"Node Type": "Index Scan", "Parent Relationship": "Outer", "Scan Direction": "Forward", "Index Name": "orders_pkey", "Relation Name": "orders", "Alias": "orders", "Startup Cost": 0.0, "Total Cost": 805975.83, "Plan Rows": 575746, "Plan Width": 16, "Filter": "((o_orderdate >= '1993-08-01 00:00:00'::timestamp(0) without time zone) AND (o_orderdate < '1993-11-01 00:00:00'::timestamp without time zone)), (LLVM Optimized)"}, {"Node Type": "Index Scan", "Parent Relationship": "Inner", "Scan Direction": "Forward", "Index Name": "customer_pkey", "Relation Name": "customer", "Alias": "customer", "Startup Cost": 0.0, "Total Cost": 0.56, "Plan Rows": 1, "Plan Width": 153, "Index Cond": "(c_custkey = orders.o_custkey)"}]}, {"Node Type": "Index Scan", "Parent Relationship": "Inner", "Scan Direction": "Forward", "Index Name": "nation_pkey", "Relation Name": "nation", "Alias": "nation", "Startup Cost": 0.0, "Total Cost": 0.27, "Plan Rows": 1, "Plan Width": 30, "Index Cond": "(n_nationkey = customer.c_nationkey)"}]}, {"Node Type": "Index Scan", "Parent Relationship": "Inner", "Scan Direction": "Forward", "Index Name": "idx_lineitem_orderkey", "Relation Name": "lineitem", "Alias": "lineitem", "Startup Cost": 0.0, "Total Cost": 5.38, "Plan Rows": 3, "Plan Width": 24, "Index Cond": "(l_orderkey = orders.o_orderkey)", "Filter": "(l_returnflag = 'R'::bpchar)"}]}]}]}]}, "Unique SQL Id": 1604070524, "Planner Runtime": 1}, "explain_analyze_plan": {"Plan": {"Node Type": "Limit", "Startup Cost": 4503736.9, "Total Cost": 4503736.95, "Plan Rows": 20, "Plan Width": 199, "Actual Startup Time": 23918.4, "Actual Total Time": 23918.406, "Actual Rows": 20, "Actual Loops": 1, "Plans": [{"Node Type": "Sort", "Parent Relationship": "Outer", "Startup Cost": 4503736.9, "Total Cost": 4507351.64, "Plan Rows": 20, "Plan Width": 199, "Actual Startup Time": 23918.397, "Actual Total Time": 23918.4, "Actual Rows": 20, "Actual Loops": 1, "Sort Key": ["(sum((lineitem.l_extendedprice * (1::double precision - lineitem.l_discount)))) DESC"], "Sort Method": "top-N heapsort", "Sort Space Used": 35, "Sort Space Type": "Memory", "Plans": [{"Node Type": "Aggregate", "Strategy": "Hashed", "Parent Relationship": "Outer", "Startup Cost": 4450803.09, "Total Cost": 4465262.07, "Plan Rows": 1445898, "Plan Width": 199, "Actual Startup Time": 23465.336, "Actual Total Time": 23780.83, "Actual Rows": 381542, "Actual Loops": 1, "Group By Key": ["customer.c_custkey", "customer.c_name", "customer.c_acctbal", "customer.c_phone", "nation.n_name", "customer.c_address", "customer.c_comment"], "Plans": [{"Node Type": "Nested Loop", "Parent Relationship": "Outer", "Join Type": "Inner", "Startup Cost": 0.0, "Total Cost": 4414655.64, "Plan Rows": 1445898, "Plan Width": 191, "Actual Startup Time": 0.112, "Actual Total Time": 21587.224, "Actual Rows": 1145969, "Actual Loops": 1, "Inner Unique": false, "Plans": [{"Node Type": "Nested Loop", "Parent Relationship": "Outer", "Join Type": "Inner", "Startup Cost": 0.0, "Total Cost": 1298038.2, "Plan Rows": 575746, "Plan Width": 183, "Actual Startup Time": 0.088, "Actual Total Time": 15963.344, "Actual Rows": 573635, "Actual Loops": 1, "Inner Unique": true, "Plans": [{"Node Type": "Nested Loop", "Parent Relationship": "Outer", "Join Type": "Inner", "Startup Cost": 0.0, "Total Cost": 1136824.71, "Plan Rows": 575746, "Plan Width": 161, "Actual Startup Time": 0.081, "Actual Total Time": 14695.487, "Actual Rows": 573635, "Actual Loops": 1, "Inner Unique": true, "Plans": [{"Node Type": "Index Scan", "Parent Relationship": "Outer", "Scan Direction": "Forward", "Index Name": "orders_pkey", "Relation Name": "orders", "Alias": "orders", "Startup Cost": 0.0, "Total Cost": 805975.83, "Plan Rows": 575746, "Plan Width": 16, "Actual Startup Time": 0.056, "Actual Total Time": 10406.911, "Actual Rows": 573635, "Actual Loops": 1, "Filter": "((o_orderdate >= '1993-08-01 00:00:00'::timestamp(0) without time zone) AND (o_orderdate < '1993-11-01 00:00:00'::timestamp without time zone)), (LLVM Optimized, Jit Execute)", "Rows Removed by Filter": 14426365}, {"Node Type": "Index Scan", "Parent Relationship": "Inner", "Scan Direction": "Forward", "Index Name": "customer_pkey", "Relation Name": "customer", "Alias": "customer", "Startup Cost": 0.0, "Total Cost": 0.56, "Plan Rows": 1, "Plan Width": 153, "Actual Startup Time": 3767.508, "Actual Total Time": 3767.508, "Actual Rows": 573635, "Actual Loops": 573635, "Index Cond": "(c_custkey = orders.o_custkey)", "Rows Removed by Index Recheck": 0}]}, {"Node Type": "Index Scan", "Parent Relationship": "Inner", "Scan Direction": "Forward", "Index Name": "nation_pkey", "Relation Name": "nation", "Alias": "nation", "Startup Cost": 0.0, "Total Cost": 0.27, "Plan Rows": 1, "Plan Width": 30, "Actual Startup Time": 804.163, "Actual Total Time": 804.163, "Actual Rows": 573635, "Actual Loops": 573635, "Index Cond": "(n_nationkey = customer.c_nationkey)", "Rows Removed by Index Recheck": 0}]}, {"Node Type": "Index Scan", "Parent Relationship": "Inner", "Scan Direction": "Forward", "Index Name": "idx_lineitem_orderkey", "Relation Name": "lineitem", "Alias": "lineitem", "Startup Cost": 0.0, "Total Cost": 5.38, "Plan Rows": 3, "Plan Width": 24, "Actual Startup Time": 3803.847, "Actual Total Time": 5021.623, "Actual Rows": 1145969, "Actual Loops": 573635, "Index Cond": "(l_orderkey = orders.o_orderkey)", "Rows Removed by Index Recheck": 0, "Filter": "(l_returnflag = 'R'::bpchar)", "Rows Removed by Filter": 1146896}]}]}]}]}, "Triggers": [], "Planner Runtime": 0, "Total Runtime": 23928.499, "Unique SQL Id": 1604070524}}, "(16, 122)": {"explain_plan": {"Plan": {"Node Type": "Limit", "Startup Cost": 141076995099.86, "Total Cost": 141076995099.91, "Plan Rows": 20, "Plan Width": 199, "Plans": [{"Node Type": "Sort", "Parent Relationship": "Outer", "Startup Cost": 141076995099.86, "Total Cost": 141076998714.6, "Plan Rows": 20, "Plan Width": 199, "Sort Key": ["(sum((lineitem.l_extendedprice * (1::double precision - lineitem.l_discount)))) DESC"], "Plans": [{"Node Type": "Aggregate", "Strategy": "Hashed", "Parent Relationship": "Outer", "Startup Cost": 141076942166.05, "Total Cost": 141076956625.03, "Plan Rows": 1445898, "Plan Width": 199, "Group By Key": ["customer.c_custkey", "customer.c_name", "customer.c_acctbal", "customer.c_phone", "nation.n_name", "customer.c_address", "customer.c_comment"], "Plans": [{"Node Type": "Nested Loop", "Parent Relationship": "Outer", "Join Type": "Inner", "Startup Cost": 585.62, "Total Cost": 141076906018.6, "Plan Rows": 1445898, "Plan Width": 191, "Inner Unique": false, "Join Filter": "(orders.o_orderkey = lineitem.l_orderkey), (LLVM Optimized)", "Plans": [{"Node Type": "Seq Scan", "Parent Relationship": "Outer", "Relation Name": "lineitem", "Alias": "lineitem", "Startup Cost": 0.0, "Total Cost": 2165082.91, "Plan Rows": 14835209, "Plan Width": 24, "Filter": "(l_returnflag = 'R'::bpchar), (LLVM Optimized)"}, {"Node Type": "Materialize", "Parent Relationship": "Inner", "Startup Cost": 585.62, "Total Cost": 12955058761.34, "Plan Rows": 575746, "Plan Width": 183, "Plans": [{"Node Type": "Nested Loop", "Parent Relationship": "Outer", "Join Type": "Inner", "Startup Cost": 585.62, "Total Cost": 12955055882.61, "Plan Rows": 575746, "Plan Width": 183, "Inner Unique": true, "Join Filter": "(customer.c_nationkey = nation.n_nationkey), (LLVM Optimized)", "Plans": [{"Node Type": "Nested Loop", "Parent Relationship": "Outer", "Join Type": "Inner", "Startup Cost": 585.62, "Total Cost": 12954839976.55, "Plan Rows": 575746, "Plan Width": 161, "Inner Unique": false, "Join Filter": "(customer.c_custkey = orders.o_custkey), (LLVM Optimized)", "Plans": [{"Node Type": "Seq Scan", "Parent Relationship": "Outer", "Relation Name": "customer", "Alias": "customer", "Startup Cost": 0.0, "Total Cost": 52126.0, "Plan Rows": 1500000, "Plan Width": 153}, {"Node Type": "Materialize", "Parent Relationship": "Inner", "Startup Cost": 585.62, "Total Cost": 504289.91, "Plan Rows": 575746, "Plan Width": 16, "Plans": [{"Node Type": "Seq Scan", "Parent Relationship": "Outer", "Relation Name": "orders", "Alias": "orders", "Startup Cost": 585.62, "Total Cost": 501411.18, "Plan Rows": 575746, "Plan Width": 16, "Filter": "((o_orderdate >= '1993-08-01 00:00:00'::timestamp(0) without time zone) AND (o_orderdate < '1993-11-01 00:00:00'::timestamp without time zone)), (LLVM Optimized)"}]}]}, {"Node Type": "Materialize", "Parent Relationship": "Inner", "Startup Cost": 0.0, "Total Cost": 1.38, "Plan Rows": 25, "Plan Width": 30, "Plans": [{"Node Type": "Seq Scan", "Parent Relationship": "Outer", "Relation Name": "nation", "Alias": "nation", "Startup Cost": 0.0, "Total Cost": 1.25, "Plan Rows": 25, "Plan Width": 30}]}]}]}]}]}]}]}, "Unique SQL Id": 1604070524, "Planner Runtime": 0}, "explain_analyze_plan": null}, "(16, 123)": {"explain_plan": {"Plan": {"Node Type": "Limit", "Startup Cost": 4141501966303.01, "Total Cost": 4141501966303.06, "Plan Rows": 20, "Plan Width": 199, "Plans": [{"Node Type": "Sort", "Parent Relationship": "Outer", "Startup Cost": 4141501966303.01, "Total Cost": 4141501969917.76, "Plan Rows": 20, "Plan Width": 199, "Sort Key": ["(sum((lineitem.l_extendedprice * (1::double precision - lineitem.l_discount)))) DESC"], "Plans": [{"Node Type": "Aggregate", "Strategy": "Hashed", "Parent Relationship": "Outer", "Startup Cost": 4141501913369.21, "Total Cost": 4141501927828.19, "Plan Rows": 1445898, "Plan Width": 199, "Group By Key": ["customer.c_custkey", "customer.c_name", "customer.c_acctbal", "customer.c_phone", "nation.n_name", "customer.c_address", "customer.c_comment"], "Plans": [{"Node Type": "Nested Loop", "Parent Relationship": "Outer", "Join Type": "Inner", "Startup Cost": 40000000000.0, "Total Cost": 4141501877221.76, "Plan Rows": 1445898, "Plan Width": 191, "Inner Unique": false, "Join Filter": "(orders.o_orderkey = lineitem.l_orderkey), (LLVM Optimized)", "Plans": [{"Node Type": "Index Scan", "Parent Relationship": "Outer", "Scan Direction": "Forward", "Index Name": "idx_lineitem_orderkey", "Relation Name": "lineitem", "Alias": "lineitem", "Startup Cost": 10000000000.0, "Total Cost": 1000339012132.75, "Plan Rows": 14835209, "Plan Width": 24, "Filter": "(l_returnflag = 'R'::bpchar), (LLVM Optimized)"}, {"Node Type": "Materialize", "Parent Relationship": "Inner", "Startup Cost": 30000000000.0, "Total Cost": 3013043182914.66, "Plan Rows": 575746, "Plan Width": 183, "Plans": [{"Node Type": "Nested Loop", "Parent Relationship": "Outer", "Join Type": "Inner", "Startup Cost": 30000000000.0, "Total Cost": 3013043180035.93, "Plan Rows": 575746, "Plan Width": 183, "Inner Unique": true, "Join Filter": "(customer.c_nationkey = nation.n_nationkey), (LLVM Optimized)", "Plans": [{"Node Type": "Nested Loop", "Parent Relationship": "Outer", "Join Type": "Inner", "Startup Cost": 20000000000.0, "Total Cost": 2013042962868.62, "Plan Rows": 575746, "Plan Width": 161, "Inner Unique": true, "Join Filter": "(customer.c_custkey = orders.o_custkey), (LLVM Optimized)", "Plans": [{"Node Type": "Index Scan", "Parent Relationship": "Outer", "Scan Direction": "Forward", "Index Name": "orders_pkey", "Relation Name": "orders", "Alias": "orders", "Startup Cost": 10000000000.0, "Total Cost": 1000080597583.0, "Plan Rows": 575746, "Plan Width": 16, "Filter": "((o_orderdate >= '1993-08-01 00:00:00'::timestamp(0) without time zone) AND (o_orderdate < '1993-11-01 00:00:00'::timestamp without time zone)), (LLVM Optimized)"}, {"Node Type": "Materialize", "Parent Relationship": "Inner", "Startup Cost": 10000000000.0, "Total Cost": 1000008084035.62, "Plan Rows": 1500000, "Plan Width": 153, "Plans": [{"Node Type": "Index Scan", "Parent Relationship": "Outer", "Scan Direction": "Forward", "Index Name": "customer_pkey", "Relation Name": "customer", "Alias": "customer", "Startup Cost": 10000000000.0, "Total Cost": 1000008076535.62, "Plan Rows": 1500000, "Plan Width": 153}]}]}, {"Node Type": "Materialize", "Parent Relationship": "Inner", "Startup Cost": 10000000000.0, "Total Cost": 1000000001262.62, "Plan Rows": 25, "Plan Width": 30, "Plans": [{"Node Type": "Index Scan", "Parent Relationship": "Outer", "Scan Direction": "Forward", "Index Name": "nation_pkey", "Relation Name": "nation", "Alias": "nation", "Startup Cost": 10000000000.0, "Total Cost": 1000000001262.5, "Plan Rows": 25, "Plan Width": 30}]}]}]}]}]}]}]}, "Unique SQL Id": 1604070524, "Planner Runtime": 0}, "explain_analyze_plan": null}, "(16, 124)": {"explain_plan": {"Plan": {"Node Type": "Limit", "Startup Cost": 4199172.25, "Total Cost": 4199172.3, "Plan Rows": 20, "Plan Width": 199, "Plans": [{"Node Type": "Sort", "Parent Relationship": "Outer", "Startup Cost": 4199172.25, "Total Cost": 4202787.0, "Plan Rows": 20, "Plan Width": 199, "Sort Key": ["(sum((lineitem.l_extendedprice * (1::double precision - lineitem.l_discount)))) DESC"], "Plans": [{"Node Type": "Aggregate", "Strategy": "Hashed", "Parent Relationship": "Outer", "Startup Cost": 4146238.45, "Total Cost": 4160697.43, "Plan Rows": 1445898, "Plan Width": 199, "Group By Key": ["customer.c_custkey", "customer.c_name", "customer.c_acctbal", "customer.c_phone", "nation.n_name", "customer.c_address", "customer.c_comment"], "Plans": [{"Node Type": "Nested Loop", "Parent Relationship": "Outer", "Join Type": "Inner", "Startup Cost": 585.62, "Total Cost": 4110091.0, "Plan Rows": 1445898, "Plan Width": 191, "Inner Unique": false, "Plans": [{"Node Type": "Nested Loop", "Parent Relationship": "Outer", "Join Type": "Inner", "Startup Cost": 585.62, "Total Cost": 993473.55, "Plan Rows": 575746, "Plan Width": 183, "Inner Unique": true, "Plans": [{"Node Type": "Nested Loop", "Parent Relationship": "Outer", "Join Type": "Inner", "Startup Cost": 585.62, "Total Cost": 832260.06, "Plan Rows": 575746, "Plan Width": 161, "Inner Unique": true, "Plans": [{"Node Type": "Seq Scan", "Parent Relationship": "Outer", "Relation Name": "orders", "Alias": "orders", "Startup Cost": 585.62, "Total Cost": 501411.18, "Plan Rows": 575746, "Plan Width": 16, "Filter": "((o_orderdate >= '1993-08-01 00:00:00'::timestamp(0) without time zone) AND (o_orderdate < '1993-11-01 00:00:00'::timestamp without time zone)), (LLVM Optimized)"}, {"Node Type": "Index Scan", "Parent Relationship": "Inner", "Scan Direction": "Forward", "Index Name": "customer_pkey", "Relation Name": "customer", "Alias": "customer", "Startup Cost": 0.0, "Total Cost": 0.56, "Plan Rows": 1, "Plan Width": 153, "Index Cond": "(c_custkey = orders.o_custkey)"}]}, {"Node Type": "Index Scan", "Parent Relationship": "Inner", "Scan Direction": "Forward", "Index Name": "nation_pkey", "Relation Name": "nation", "Alias": "nation", "Startup Cost": 0.0, "Total Cost": 0.27, "Plan Rows": 1, "Plan Width": 30, "Index Cond": "(n_nationkey = customer.c_nationkey)"}]}, {"Node Type": "Index Scan", "Parent Relationship": "Inner", "Scan Direction": "Forward", "Index Name": "idx_lineitem_orderkey", "Relation Name": "lineitem", "Alias": "lineitem", "Startup Cost": 0.0, "Total Cost": 5.38, "Plan Rows": 3, "Plan Width": 24, "Index Cond": "(l_orderkey = orders.o_orderkey)", "Filter": "(l_returnflag = 'R'::bpchar)"}]}]}]}]}, "Unique SQL Id": 1604070524, "Planner Runtime": 0}, "explain_analyze_plan": {"Plan": {"Node Type": "Limit", "Startup Cost": 4199172.25, "Total Cost": 4199172.3, "Plan Rows": 20, "Plan Width": 199, "Actual Startup Time": 18565.312, "Actual Total Time": 18565.319, "Actual Rows": 20, "Actual Loops": 1, "Plans": [{"Node Type": "Sort", "Parent Relationship": "Outer", "Startup Cost": 4199172.25, "Total Cost": 4202787.0, "Plan Rows": 20, "Plan Width": 199, "Actual Startup Time": 18565.309, "Actual Total Time": 18565.312, "Actual Rows": 20, "Actual Loops": 1, "Sort Key": ["(sum((lineitem.l_extendedprice * (1::double precision - lineitem.l_discount)))) DESC"], "Sort Method": "top-N heapsort", "Sort Space Used": 35, "Sort Space Type": "Memory", "Plans": [{"Node Type": "Aggregate", "Strategy": "Hashed", "Parent Relationship": "Outer", "Startup Cost": 4146238.45, "Total Cost": 4160697.43, "Plan Rows": 1445898, "Plan Width": 199, "Actual Startup Time": 18168.373, "Actual Total Time": 18429.363, "Actual Rows": 381542, "Actual Loops": 1, "Group By Key": ["customer.c_custkey", "customer.c_name", "customer.c_acctbal", "customer.c_phone", "nation.n_name", "customer.c_address", "customer.c_comment"], "Plans": [{"Node Type": "Nested Loop", "Parent Relationship": "Outer", "Join Type": "Inner", "Startup Cost": 585.62, "Total Cost": 4110091.0, "Plan Rows": 1445898, "Plan Width": 191, "Actual Startup Time": 0.097, "Actual Total Time": 16273.314, "Actual Rows": 1145969, "Actual Loops": 1, "Inner Unique": false, "Plans": [{"Node Type": "Nested Loop", "Parent Relationship": "Outer", "Join Type": "Inner", "Startup Cost": 585.62, "Total Cost": 993473.55, "Plan Rows": 575746, "Plan Width": 183, "Actual Startup Time": 0.074, "Actual Total Time": 10607.364, "Actual Rows": 573635, "Actual Loops": 1, "Inner Unique": true, "Plans": [{"Node Type": "Nested Loop", "Parent Relationship": "Outer", "Join Type": "Inner", "Startup Cost": 585.62, "Total Cost": 832260.06, "Plan Rows": 575746, "Plan Width": 161, "Actual Startup Time": 0.065, "Actual Total Time": 9341.694, "Actual Rows": 573635, "Actual Loops": 1, "Inner Unique": true, "Plans": [{"Node Type": "Seq Scan", "Parent Relationship": "Outer", "Relation Name": "orders", "Alias": "orders", "Startup Cost": 585.62, "Total Cost": 501411.18, "Plan Rows": 575746, "Plan Width": 16, "Actual Startup Time": 0.035, "Actual Total Time": 5040.203, "Actual Rows": 573635, "Actual Loops": 1, "Filter": "((o_orderdate >= '1993-08-01 00:00:00'::timestamp(0) without time zone) AND (o_orderdate < '1993-11-01 00:00:00'::timestamp without time zone)), (LLVM Optimized, Jit Execute)", "Rows Removed by Filter": 14426365}, {"Node Type": "Index Scan", "Parent Relationship": "Inner", "Scan Direction": "Forward", "Index Name": "customer_pkey", "Relation Name": "customer", "Alias": "customer", "Startup Cost": 0.0, "Total Cost": 0.56, "Plan Rows": 1, "Plan Width": 153, "Actual Startup Time": 3789.874, "Actual Total Time": 3789.874, "Actual Rows": 573635, "Actual Loops": 573635, "Index Cond": "(c_custkey = orders.o_custkey)", "Rows Removed by Index Recheck": 0}]}, {"Node Type": "Index Scan", "Parent Relationship": "Inner", "Scan Direction": "Forward", "Index Name": "nation_pkey", "Relation Name": "nation", "Alias": "nation", "Startup Cost": 0.0, "Total Cost": 0.27, "Plan Rows": 1, "Plan Width": 30, "Actual Startup Time": 808.495, "Actual Total Time": 808.495, "Actual Rows": 573635, "Actual Loops": 573635, "Index Cond": "(n_nationkey = customer.c_nationkey)", "Rows Removed by Index Recheck": 0}]}, {"Node Type": "Index Scan", "Parent Relationship": "Inner", "Scan Direction": "Forward", "Index Name": "idx_lineitem_orderkey", "Relation Name": "lineitem", "Alias": "lineitem", "Startup Cost": 0.0, "Total Cost": 5.38, "Plan Rows": 3, "Plan Width": 24, "Actual Startup Time": 3808.214, "Actual Total Time": 5058.306, "Actual Rows": 1145969, "Actual Loops": 573635, "Index Cond": "(l_orderkey = orders.o_orderkey)", "Rows Removed by Index Recheck": 0, "Filter": "(l_returnflag = 'R'::bpchar)", "Rows Removed by Filter": 1146896}]}]}]}]}, "Triggers": [], "Planner Runtime": 0, "Total Runtime": 18575.398, "Unique SQL Id": 1604070524}}, "(16, 125)": {"explain_plan": {"Plan": {"Node Type": "Limit", "Startup Cost": 4503736.9, "Total Cost": 4503736.95, "Plan Rows": 20, "Plan Width": 199, "Plans": [{"Node Type": "Sort", "Parent Relationship": "Outer", "Startup Cost": 4503736.9, "Total Cost": 4507351.64, "Plan Rows": 20, "Plan Width": 199, "Sort Key": ["(sum((lineitem.l_extendedprice * (1::double precision - lineitem.l_discount)))) DESC"], "Plans": [{"Node Type": "Aggregate", "Strategy": "Hashed", "Parent Relationship": "Outer", "Startup Cost": 4450803.09, "Total Cost": 4465262.07, "Plan Rows": 1445898, "Plan Width": 199, "Group By Key": ["customer.c_custkey", "customer.c_name", "customer.c_acctbal", "customer.c_phone", "nation.n_name", "customer.c_address", "customer.c_comment"], "Plans": [{"Node Type": "Nested Loop", "Parent Relationship": "Outer", "Join Type": "Inner", "Startup Cost": 0.0, "Total Cost": 4414655.64, "Plan Rows": 1445898, "Plan Width": 191, "Inner Unique": false, "Plans": [{"Node Type": "Nested Loop", "Parent Relationship": "Outer", "Join Type": "Inner", "Startup Cost": 0.0, "Total Cost": 1298038.2, "Plan Rows": 575746, "Plan Width": 183, "Inner Unique": true, "Plans": [{"Node Type": "Nested Loop", "Parent Relationship": "Outer", "Join Type": "Inner", "Startup Cost": 0.0, "Total Cost": 1136824.71, "Plan Rows": 575746, "Plan Width": 161, "Inner Unique": true, "Plans": [{"Node Type": "Index Scan", "Parent Relationship": "Outer", "Scan Direction": "Forward", "Index Name": "orders_pkey", "Relation Name": "orders", "Alias": "orders", "Startup Cost": 0.0, "Total Cost": 805975.83, "Plan Rows": 575746, "Plan Width": 16, "Filter": "((o_orderdate >= '1993-08-01 00:00:00'::timestamp(0) without time zone) AND (o_orderdate < '1993-11-01 00:00:00'::timestamp without time zone)), (LLVM Optimized)"}, {"Node Type": "Index Scan", "Parent Relationship": "Inner", "Scan Direction": "Forward", "Index Name": "customer_pkey", "Relation Name": "customer", "Alias": "customer", "Startup Cost": 0.0, "Total Cost": 0.56, "Plan Rows": 1, "Plan Width": 153, "Index Cond": "(c_custkey = orders.o_custkey)"}]}, {"Node Type": "Index Scan", "Parent Relationship": "Inner", "Scan Direction": "Forward", "Index Name": "nation_pkey", "Relation Name": "nation", "Alias": "nation", "Startup Cost": 0.0, "Total Cost": 0.27, "Plan Rows": 1, "Plan Width": 30, "Index Cond": "(n_nationkey = customer.c_nationkey)"}]}, {"Node Type": "Index Scan", "Parent Relationship": "Inner", "Scan Direction": "Forward", "Index Name": "idx_lineitem_orderkey", "Relation Name": "lineitem", "Alias": "lineitem", "Startup Cost": 0.0, "Total Cost": 5.38, "Plan Rows": 3, "Plan Width": 24, "Index Cond": "(l_orderkey = orders.o_orderkey)", "Filter": "(l_returnflag = 'R'::bpchar)"}]}]}]}]}, "Unique SQL Id": 1604070524, "Planner Runtime": 0}, "explain_analyze_plan": {"Plan": {"Node Type": "Limit", "Startup Cost": 4503736.9, "Total Cost": 4503736.95, "Plan Rows": 20, "Plan Width": 199, "Actual Startup Time": 23918.4, "Actual Total Time": 23918.406, "Actual Rows": 20, "Actual Loops": 1, "Plans": [{"Node Type": "Sort", "Parent Relationship": "Outer", "Startup Cost": 4503736.9, "Total Cost": 4507351.64, "Plan Rows": 20, "Plan Width": 199, "Actual Startup Time": 23918.397, "Actual Total Time": 23918.4, "Actual Rows": 20, "Actual Loops": 1, "Sort Key": ["(sum((lineitem.l_extendedprice * (1::double precision - lineitem.l_discount)))) DESC"], "Sort Method": "top-N heapsort", "Sort Space Used": 35, "Sort Space Type": "Memory", "Plans": [{"Node Type": "Aggregate", "Strategy": "Hashed", "Parent Relationship": "Outer", "Startup Cost": 4450803.09, "Total Cost": 4465262.07, "Plan Rows": 1445898, "Plan Width": 199, "Actual Startup Time": 23465.336, "Actual Total Time": 23780.83, "Actual Rows": 381542, "Actual Loops": 1, "Group By Key": ["customer.c_custkey", "customer.c_name", "customer.c_acctbal", "customer.c_phone", "nation.n_name", "customer.c_address", "customer.c_comment"], "Plans": [{"Node Type": "Nested Loop", "Parent Relationship": "Outer", "Join Type": "Inner", "Startup Cost": 0.0, "Total Cost": 4414655.64, "Plan Rows": 1445898, "Plan Width": 191, "Actual Startup Time": 0.112, "Actual Total Time": 21587.224, "Actual Rows": 1145969, "Actual Loops": 1, "Inner Unique": false, "Plans": [{"Node Type": "Nested Loop", "Parent Relationship": "Outer", "Join Type": "Inner", "Startup Cost": 0.0, "Total Cost": 1298038.2, "Plan Rows": 575746, "Plan Width": 183, "Actual Startup Time": 0.088, "Actual Total Time": 15963.344, "Actual Rows": 573635, "Actual Loops": 1, "Inner Unique": true, "Plans": [{"Node Type": "Nested Loop", "Parent Relationship": "Outer", "Join Type": "Inner", "Startup Cost": 0.0, "Total Cost": 1136824.71, "Plan Rows": 575746, "Plan Width": 161, "Actual Startup Time": 0.081, "Actual Total Time": 14695.487, "Actual Rows": 573635, "Actual Loops": 1, "Inner Unique": true, "Plans": [{"Node Type": "Index Scan", "Parent Relationship": "Outer", "Scan Direction": "Forward", "Index Name": "orders_pkey", "Relation Name": "orders", "Alias": "orders", "Startup Cost": 0.0, "Total Cost": 805975.83, "Plan Rows": 575746, "Plan Width": 16, "Actual Startup Time": 0.056, "Actual Total Time": 10406.911, "Actual Rows": 573635, "Actual Loops": 1, "Filter": "((o_orderdate >= '1993-08-01 00:00:00'::timestamp(0) without time zone) AND (o_orderdate < '1993-11-01 00:00:00'::timestamp without time zone)), (LLVM Optimized, Jit Execute)", "Rows Removed by Filter": 14426365}, {"Node Type": "Index Scan", "Parent Relationship": "Inner", "Scan Direction": "Forward", "Index Name": "customer_pkey", "Relation Name": "customer", "Alias": "customer", "Startup Cost": 0.0, "Total Cost": 0.56, "Plan Rows": 1, "Plan Width": 153, "Actual Startup Time": 3767.508, "Actual Total Time": 3767.508, "Actual Rows": 573635, "Actual Loops": 573635, "Index Cond": "(c_custkey = orders.o_custkey)", "Rows Removed by Index Recheck": 0}]}, {"Node Type": "Index Scan", "Parent Relationship": "Inner", "Scan Direction": "Forward", "Index Name": "nation_pkey", "Relation Name": "nation", "Alias": "nation", "Startup Cost": 0.0, "Total Cost": 0.27, "Plan Rows": 1, "Plan Width": 30, "Actual Startup Time": 804.163, "Actual Total Time": 804.163, "Actual Rows": 573635, "Actual Loops": 573635, "Index Cond": "(n_nationkey = customer.c_nationkey)", "Rows Removed by Index Recheck": 0}]}, {"Node Type": "Index Scan", "Parent Relationship": "Inner", "Scan Direction": "Forward", "Index Name": "idx_lineitem_orderkey", "Relation Name": "lineitem", "Alias": "lineitem", "Startup Cost": 0.0, "Total Cost": 5.38, "Plan Rows": 3, "Plan Width": 24, "Actual Startup Time": 3803.847, "Actual Total Time": 5021.623, "Actual Rows": 1145969, "Actual Loops": 573635, "Index Cond": "(l_orderkey = orders.o_orderkey)", "Rows Removed by Index Recheck": 0, "Filter": "(l_returnflag = 'R'::bpchar)", "Rows Removed by Filter": 1146896}]}]}]}]}, "Triggers": [], "Planner Runtime": 0, "Total Runtime": 23928.499, "Unique SQL Id": 1604070524}}, "(16, 126)": {"explain_plan": {"Plan": {"Node Type": "Limit", "Startup Cost": 141076995099.86, "Total Cost": 141076995099.91, "Plan Rows": 20, "Plan Width": 199, "Plans": [{"Node Type": "Sort", "Parent Relationship": "Outer", "Startup Cost": 141076995099.86, "Total Cost": 141076998714.6, "Plan Rows": 20, "Plan Width": 199, "Sort Key": ["(sum((lineitem.l_extendedprice * (1::double precision - lineitem.l_discount)))) DESC"], "Plans": [{"Node Type": "Aggregate", "Strategy": "Hashed", "Parent Relationship": "Outer", "Startup Cost": 141076942166.05, "Total Cost": 141076956625.03, "Plan Rows": 1445898, "Plan Width": 199, "Group By Key": ["customer.c_custkey", "customer.c_name", "customer.c_acctbal", "customer.c_phone", "nation.n_name", "customer.c_address", "customer.c_comment"], "Plans": [{"Node Type": "Nested Loop", "Parent Relationship": "Outer", "Join Type": "Inner", "Startup Cost": 585.62, "Total Cost": 141076906018.6, "Plan Rows": 1445898, "Plan Width": 191, "Inner Unique": false, "Join Filter": "(orders.o_orderkey = lineitem.l_orderkey), (LLVM Optimized)", "Plans": [{"Node Type": "Seq Scan", "Parent Relationship": "Outer", "Relation Name": "lineitem", "Alias": "lineitem", "Startup Cost": 0.0, "Total Cost": 2165082.91, "Plan Rows": 14835209, "Plan Width": 24, "Filter": "(l_returnflag = 'R'::bpchar), (LLVM Optimized)"}, {"Node Type": "Materialize", "Parent Relationship": "Inner", "Startup Cost": 585.62, "Total Cost": 12955058761.34, "Plan Rows": 575746, "Plan Width": 183, "Plans": [{"Node Type": "Nested Loop", "Parent Relationship": "Outer", "Join Type": "Inner", "Startup Cost": 585.62, "Total Cost": 12955055882.61, "Plan Rows": 575746, "Plan Width": 183, "Inner Unique": true, "Join Filter": "(customer.c_nationkey = nation.n_nationkey), (LLVM Optimized)", "Plans": [{"Node Type": "Nested Loop", "Parent Relationship": "Outer", "Join Type": "Inner", "Startup Cost": 585.62, "Total Cost": 12954839976.55, "Plan Rows": 575746, "Plan Width": 161, "Inner Unique": false, "Join Filter": "(customer.c_custkey = orders.o_custkey), (LLVM Optimized)", "Plans": [{"Node Type": "Seq Scan", "Parent Relationship": "Outer", "Relation Name": "customer", "Alias": "customer", "Startup Cost": 0.0, "Total Cost": 52126.0, "Plan Rows": 1500000, "Plan Width": 153}, {"Node Type": "Materialize", "Parent Relationship": "Inner", "Startup Cost": 585.62, "Total Cost": 504289.91, "Plan Rows": 575746, "Plan Width": 16, "Plans": [{"Node Type": "Seq Scan", "Parent Relationship": "Outer", "Relation Name": "orders", "Alias": "orders", "Startup Cost": 585.62, "Total Cost": 501411.18, "Plan Rows": 575746, "Plan Width": 16, "Filter": "((o_orderdate >= '1993-08-01 00:00:00'::timestamp(0) without time zone) AND (o_orderdate < '1993-11-01 00:00:00'::timestamp without time zone)), (LLVM Optimized)"}]}]}, {"Node Type": "Materialize", "Parent Relationship": "Inner", "Startup Cost": 0.0, "Total Cost": 1.38, "Plan Rows": 25, "Plan Width": 30, "Plans": [{"Node Type": "Seq Scan", "Parent Relationship": "Outer", "Relation Name": "nation", "Alias": "nation", "Startup Cost": 0.0, "Total Cost": 1.25, "Plan Rows": 25, "Plan Width": 30}]}]}]}]}]}]}]}, "Unique SQL Id": 1604070524, "Planner Runtime": 0}, "explain_analyze_plan": null}, "(16, 127)": {"explain_plan": {"Plan": {"Node Type": "Limit", "Startup Cost": 4141501966303.01, "Total Cost": 4141501966303.06, "Plan Rows": 20, "Plan Width": 199, "Plans": [{"Node Type": "Sort", "Parent Relationship": "Outer", "Startup Cost": 4141501966303.01, "Total Cost": 4141501969917.76, "Plan Rows": 20, "Plan Width": 199, "Sort Key": ["(sum((lineitem.l_extendedprice * (1::double precision - lineitem.l_discount)))) DESC"], "Plans": [{"Node Type": "Aggregate", "Strategy": "Hashed", "Parent Relationship": "Outer", "Startup Cost": 4141501913369.21, "Total Cost": 4141501927828.19, "Plan Rows": 1445898, "Plan Width": 199, "Group By Key": ["customer.c_custkey", "customer.c_name", "customer.c_acctbal", "customer.c_phone", "nation.n_name", "customer.c_address", "customer.c_comment"], "Plans": [{"Node Type": "Nested Loop", "Parent Relationship": "Outer", "Join Type": "Inner", "Startup Cost": 40000000000.0, "Total Cost": 4141501877221.76, "Plan Rows": 1445898, "Plan Width": 191, "Inner Unique": false, "Join Filter": "(orders.o_orderkey = lineitem.l_orderkey), (LLVM Optimized)", "Plans": [{"Node Type": "Index Scan", "Parent Relationship": "Outer", "Scan Direction": "Forward", "Index Name": "idx_lineitem_orderkey", "Relation Name": "lineitem", "Alias": "lineitem", "Startup Cost": 10000000000.0, "Total Cost": 1000339012132.75, "Plan Rows": 14835209, "Plan Width": 24, "Filter": "(l_returnflag = 'R'::bpchar), (LLVM Optimized)"}, {"Node Type": "Materialize", "Parent Relationship": "Inner", "Startup Cost": 30000000000.0, "Total Cost": 3013043182914.66, "Plan Rows": 575746, "Plan Width": 183, "Plans": [{"Node Type": "Nested Loop", "Parent Relationship": "Outer", "Join Type": "Inner", "Startup Cost": 30000000000.0, "Total Cost": 3013043180035.93, "Plan Rows": 575746, "Plan Width": 183, "Inner Unique": true, "Join Filter": "(customer.c_nationkey = nation.n_nationkey), (LLVM Optimized)", "Plans": [{"Node Type": "Nested Loop", "Parent Relationship": "Outer", "Join Type": "Inner", "Startup Cost": 20000000000.0, "Total Cost": 2013042962868.62, "Plan Rows": 575746, "Plan Width": 161, "Inner Unique": true, "Join Filter": "(customer.c_custkey = orders.o_custkey), (LLVM Optimized)", "Plans": [{"Node Type": "Index Scan", "Parent Relationship": "Outer", "Scan Direction": "Forward", "Index Name": "orders_pkey", "Relation Name": "orders", "Alias": "orders", "Startup Cost": 10000000000.0, "Total Cost": 1000080597583.0, "Plan Rows": 575746, "Plan Width": 16, "Filter": "((o_orderdate >= '1993-08-01 00:00:00'::timestamp(0) without time zone) AND (o_orderdate < '1993-11-01 00:00:00'::timestamp without time zone)), (LLVM Optimized)"}, {"Node Type": "Materialize", "Parent Relationship": "Inner", "Startup Cost": 10000000000.0, "Total Cost": 1000008084035.62, "Plan Rows": 1500000, "Plan Width": 153, "Plans": [{"Node Type": "Index Scan", "Parent Relationship": "Outer", "Scan Direction": "Forward", "Index Name": "customer_pkey", "Relation Name": "customer", "Alias": "customer", "Startup Cost": 10000000000.0, "Total Cost": 1000008076535.62, "Plan Rows": 1500000, "Plan Width": 153}]}]}, {"Node Type": "Materialize", "Parent Relationship": "Inner", "Startup Cost": 10000000000.0, "Total Cost": 1000000001262.62, "Plan Rows": 25, "Plan Width": 30, "Plans": [{"Node Type": "Index Scan", "Parent Relationship": "Outer", "Scan Direction": "Forward", "Index Name": "nation_pkey", "Relation Name": "nation", "Alias": "nation", "Startup Cost": 10000000000.0, "Total Cost": 1000000001262.5, "Plan Rows": 25, "Plan Width": 30}]}]}]}]}]}]}]}, "Unique SQL Id": 1604070524, "Planner Runtime": 0}, "explain_analyze_plan": null}, "(64, 0)": {"explain_plan": {"Plan": {"Node Type": "Limit", "Startup Cost": 2741876.6, "Total Cost": 2741876.65, "Plan Rows": 20, "Plan Width": 199, "Plans": [{"Node Type": "Sort", "Parent Relationship": "Outer", "Startup Cost": 2741876.6, "Total Cost": 2745491.35, "Plan Rows": 20, "Plan Width": 199, "Sort Key": ["(sum((lineitem.l_extendedprice * (1::double precision - lineitem.l_discount)))) DESC"], "Plans": [{"Node Type": "Aggregate", "Strategy": "Hashed", "Parent Relationship": "Outer", "Startup Cost": 2688942.8, "Total Cost": 2703401.78, "Plan Rows": 1445898, "Plan Width": 199, "Group By Key": ["customer.c_custkey", "customer.c_name", "customer.c_acctbal", "customer.c_phone", "nation.n_name", "customer.c_address", "customer.c_comment"], "Plans": [{"Node Type": "Hash Join", "Parent Relationship": "Outer", "Join Type": "Inner", "Startup Cost": 377859.22, "Total Cost": 2652795.35, "Plan Rows": 1445898, "Plan Width": 191, "Inner Unique": true, "Hash Cond": "(customer.c_nationkey = nation.n_nationkey), (LLVM Optimized)", "Plans": [{"Node Type": "Hash Join", "Parent Relationship": "Outer", "Join Type": "Inner", "Startup Cost": 377857.66, "Total Cost": 2632912.69, "Plan Rows": 1445898, "Plan Width": 169, "Inner Unique": true, "Hash Cond": "(orders.o_custkey = customer.c_custkey), (LLVM Optimized)", "Plans": [{"Node Type": "Hash Join", "Parent Relationship": "Outer", "Join Type": "Inner", "Startup Cost": 306981.66, "Total Cost": 2542155.59, "Plan Rows": 1445898, "Plan Width": 24, "Inner Unique": true, "Hash Cond": "(lineitem.l_orderkey = orders.o_orderkey), (LLVM Optimized)", "Plans": [{"Node Type": "Seq Scan", "Parent Relationship": "Outer", "Relation Name": "lineitem", "Alias": "lineitem", "Startup Cost": 0.0, "Total Cost": 2165082.91, "Plan Rows": 14835209, "Plan Width": 24, "Filter": "(l_returnflag = 'R'::bpchar), (LLVM Optimized)"}, {"Node Type": "Hash", "Parent Relationship": "Inner", "Startup Cost": 299784.84, "Total Cost": 299784.84, "Plan Rows": 575746, "Plan Width": 16, "Plans": [{"Node Type": "Bitmap Heap Scan", "Parent Relationship": "Outer", "Relation Name": "orders", "Alias": "orders", "Startup Cost": 14729.65, "Total Cost": 299784.84, "Plan Rows": 575746, "Plan Width": 16, "Recheck Cond": "((o_orderdate >= '1993-08-01 00:00:00'::timestamp(0) without time zone) AND (o_orderdate < '1993-11-01 00:00:00'::timestamp without time zone)), (LLVM Optimized)", "Plans": [{"Node Type": "Bitmap Index Scan", "Parent Relationship": "Outer", "Index Name": "idx_orders_orderdate", "Startup Cost": 0.0, "Total Cost": 14585.71, "Plan Rows": 575746, "Plan Width": 0, "Index Cond": "((o_orderdate >= '1993-08-01 00:00:00'::timestamp(0) without time zone) AND (o_orderdate < '1993-11-01 00:00:00'::timestamp without time zone))"}]}]}]}, {"Node Type": "Hash", "Parent Relationship": "Inner", "Startup Cost": 52126.0, "Total Cost": 52126.0, "Plan Rows": 1500000, "Plan Width": 153, "Plans": [{"Node Type": "Seq Scan", "Parent Relationship": "Outer", "Relation Name": "customer", "Alias": "customer", "Startup Cost": 0.0, "Total Cost": 52126.0, "Plan Rows": 1500000, "Plan Width": 153}]}]}, {"Node Type": "Hash", "Parent Relationship": "Inner", "Startup Cost": 1.25, "Total Cost": 1.25, "Plan Rows": 25, "Plan Width": 30, "Plans": [{"Node Type": "Seq Scan", "Parent Relationship": "Outer", "Relation Name": "nation", "Alias": "nation", "Startup Cost": 0.0, "Total Cost": 1.25, "Plan Rows": 25, "Plan Width": 30}]}]}]}]}]}, "Unique SQL Id": 1604070524, "Planner Runtime": 2}, "explain_analyze_plan": {"Plan": {"Node Type": "Limit", "Startup Cost": 2741876.6, "Total Cost": 2741876.65, "Plan Rows": 20, "Plan Width": 199, "Actual Startup Time": 32209.202, "Actual Total Time": 32209.207, "Actual Rows": 20, "Actual Loops": 1, "Plans": [{"Node Type": "Sort", "Parent Relationship": "Outer", "Startup Cost": 2741876.6, "Total Cost": 2745491.35, "Plan Rows": 20, "Plan Width": 199, "Actual Startup Time": 32209.199, "Actual Total Time": 32209.201, "Actual Rows": 20, "Actual Loops": 1, "Sort Key": ["(sum((lineitem.l_extendedprice * (1::double precision - lineitem.l_discount)))) DESC"], "Sort Method": "top-N heapsort", "Sort Space Used": 35, "Sort Space Type": "Memory", "Plans": [{"Node Type": "Aggregate", "Strategy": "Hashed", "Parent Relationship": "Outer", "Startup Cost": 2688942.8, "Total Cost": 2703401.78, "Plan Rows": 1445898, "Plan Width": 199, "Actual Startup Time": 31864.123, "Actual Total Time": 32074.823, "Actual Rows": 381542, "Actual Loops": 1, "Group By Key": ["customer.c_custkey", "customer.c_name", "customer.c_acctbal", "customer.c_phone", "nation.n_name", "customer.c_address", "customer.c_comment"], "Plans": [{"Node Type": "Hash Join", "Parent Relationship": "Outer", "Join Type": "Inner", "Startup Cost": 377859.22, "Total Cost": 2652795.35, "Plan Rows": 1445898, "Plan Width": 191, "Actual Startup Time": 2369.806, "Actual Total Time": 30028.378, "Actual Rows": 1145969, "Actual Loops": 1, "Inner Unique": true, "Hash Cond": "(customer.c_nationkey = nation.n_nationkey), (LLVM Optimized, Jit Execute)", "Plans": [{"Node Type": "Hash Join", "Parent Relationship": "Outer", "Join Type": "Inner", "Startup Cost": 377857.66, "Total Cost": 2632912.69, "Plan Rows": 1445898, "Plan Width": 169, "Actual Startup Time": 2369.707, "Actual Total Time": 29557.817, "Actual Rows": 1145969, "Actual Loops": 1, "Inner Unique": true, "Hash Cond": "(orders.o_custkey = customer.c_custkey), (LLVM Optimized, Jit Execute)", "Plans": [{"Node Type": "Hash Join", "Parent Relationship": "Outer", "Join Type": "Inner", "Startup Cost": 306981.66, "Total Cost": 2542155.59, "Plan Rows": 1445898, "Plan Width": 24, "Actual Startup Time": 1138.289, "Actual Total Time": 27567.336, "Actual Rows": 1145969, "Actual Loops": 1, "Inner Unique": true, "Hash Cond": "(lineitem.l_orderkey = orders.o_orderkey), (LLVM Optimized, Jit Execute)", "Plans": [{"Node Type": "Seq Scan", "Parent Relationship": "Outer", "Relation Name": "lineitem", "Alias": "lineitem", "Startup Cost": 0.0, "Total Cost": 2165082.91, "Plan Rows": 14835209, "Plan Width": 24, "Actual Startup Time": 0.018, "Actual Total Time": 22010.703, "Actual Rows": 14808183, "Actual Loops": 1, "Filter": "(l_returnflag = 'R'::bpchar), (LLVM Optimized, Jit Execute)", "Rows Removed by Filter": 45177869}, {"Node Type": "Hash", "Parent Relationship": "Inner", "Startup Cost": 299784.84, "Total Cost": 299784.84, "Plan Rows": 575746, "Plan Width": 16, "Actual Startup Time": 1137.516, "Actual Total Time": 1137.516, "Actual Rows": 573635, "Actual Loops": 1, "Hash Buckets": 1048576, "Hash Batches": 1, "Original Hash Batches": 1, "Peak Memory Usage": 26890, "Plans": [{"Node Type": "Bitmap Heap Scan", "Parent Relationship": "Outer", "Relation Name": "orders", "Alias": "orders", "Startup Cost": 14729.65, "Total Cost": 299784.84, "Plan Rows": 575746, "Plan Width": 16, "Actual Startup Time": 246.943, "Actual Total Time": 931.513, "Actual Rows": 573635, "Actual Loops": 1, "Recheck Cond": "((o_orderdate >= '1993-08-01 00:00:00'::timestamp(0) without time zone) AND (o_orderdate < '1993-11-01 00:00:00'::timestamp without time zone)), (LLVM Optimized, Jit Execute)", "Rows Removed by Index Recheck": 0, "Exact Heap Blocks": 242860, "Lossy Heap Blocks": 242860, "Plans": [{"Node Type": "Bitmap Index Scan", "Parent Relationship": "Outer", "Index Name": "idx_orders_orderdate", "Startup Cost": 0.0, "Total Cost": 14585.71, "Plan Rows": 575746, "Plan Width": 0, "Actual Startup Time": 168.553, "Actual Total Time": 168.553, "Actual Rows": 573635, "Actual Loops": 1, "Index Cond": "((o_orderdate >= '1993-08-01 00:00:00'::timestamp(0) without time zone) AND (o_orderdate < '1993-11-01 00:00:00'::timestamp without time zone))"}]}]}]}, {"Node Type": "Hash", "Parent Relationship": "Inner", "Startup Cost": 52126.0, "Total Cost": 52126.0, "Plan Rows": 1500000, "Plan Width": 153, "Actual Startup Time": 1230.084, "Actual Total Time": 1230.084, "Actual Rows": 1500000, "Actual Loops": 1, "Hash Buckets": 2097152, "Hash Batches": 1, "Original Hash Batches": 1, "Peak Memory Usage": 282695, "Plans": [{"Node Type": "Seq Scan", "Parent Relationship": "Outer", "Relation Name": "customer", "Alias": "customer", "Startup Cost": 0.0, "Total Cost": 52126.0, "Plan Rows": 1500000, "Plan Width": 153, "Actual Startup Time": 0.017, "Actual Total Time": 575.693, "Actual Rows": 1500000, "Actual Loops": 1}]}]}, {"Node Type": "Hash", "Parent Relationship": "Inner", "Startup Cost": 1.25, "Total Cost": 1.25, "Plan Rows": 25, "Plan Width": 30, "Actual Startup Time": 0.052, "Actual Total Time": 0.052, "Actual Rows": 25, "Actual Loops": 1, "Hash Buckets": 32768, "Hash Batches": 1, "Original Hash Batches": 1, "Peak Memory Usage": 2, "Plans": [{"Node Type": "Seq Scan", "Parent Relationship": "Outer", "Relation Name": "nation", "Alias": "nation", "Startup Cost": 0.0, "Total Cost": 1.25, "Plan Rows": 25, "Plan Width": 30, "Actual Startup Time": 0.024, "Actual Total Time": 0.03, "Actual Rows": 25, "Actual Loops": 1}]}]}]}]}]}, "Triggers": [], "Planner Runtime": 1, "Total Runtime": 32220.436, "Unique SQL Id": 1604070524}}, "(64, 1)": {"explain_plan": {"Plan": {"Node Type": "Limit", "Startup Cost": 3620844.85, "Total Cost": 3620844.9, "Plan Rows": 20, "Plan Width": 199, "Plans": [{"Node Type": "Sort", "Parent Relationship": "Outer", "Startup Cost": 3620844.85, "Total Cost": 3624459.59, "Plan Rows": 20, "Plan Width": 199, "Sort Key": ["(sum((lineitem.l_extendedprice * (1::double precision - lineitem.l_discount)))) DESC"], "Plans": [{"Node Type": "Aggregate", "Strategy": "Hashed", "Parent Relationship": "Outer", "Startup Cost": 3567911.04, "Total Cost": 3582370.02, "Plan Rows": 1445898, "Plan Width": 199, "Group By Key": ["customer.c_custkey", "customer.c_name", "customer.c_acctbal", "customer.c_phone", "nation.n_name", "customer.c_address", "customer.c_comment"], "Plans": [{"Node Type": "Nested Loop", "Parent Relationship": "Outer", "Join Type": "Inner", "Startup Cost": 114257.94, "Total Cost": 3531763.59, "Plan Rows": 1445898, "Plan Width": 191, "Inner Unique": false, "Plans": [{"Node Type": "Hash Join", "Parent Relationship": "Outer", "Join Type": "Inner", "Startup Cost": 114257.94, "Total Cost": 415146.15, "Plan Rows": 575746, "Plan Width": 183, "Inner Unique": true, "Hash Cond": "(customer.c_nationkey = nation.n_nationkey), (LLVM Optimized)", "Plans": [{"Node Type": "Hash Join", "Parent Relationship": "Outer", "Join Type": "Inner", "Startup Cost": 114245.0, "Total Cost": 407216.7, "Plan Rows": 575746, "Plan Width": 161, "Inner Unique": true, "Hash Cond": "(orders.o_custkey = customer.c_custkey), (LLVM Optimized)", "Plans": [{"Node Type": "Bitmap Heap Scan", "Parent Relationship": "Outer", "Relation Name": "orders", "Alias": "orders", "Startup Cost": 14729.65, "Total Cost": 299784.84, "Plan Rows": 575746, "Plan Width": 16, "Recheck Cond": "((o_orderdate >= '1993-08-01 00:00:00'::timestamp(0) without time zone) AND (o_orderdate < '1993-11-01 00:00:00'::timestamp without time zone)), (LLVM Optimized)", "Plans": [{"Node Type": "Bitmap Index Scan", "Parent Relationship": "Outer", "Index Name": "idx_orders_orderdate", "Startup Cost": 0.0, "Total Cost": 14585.71, "Plan Rows": 575746, "Plan Width": 0, "Index Cond": "((o_orderdate >= '1993-08-01 00:00:00'::timestamp(0) without time zone) AND (o_orderdate < '1993-11-01 00:00:00'::timestamp without time zone))"}]}, {"Node Type": "Hash", "Parent Relationship": "Inner", "Startup Cost": 80765.36, "Total Cost": 80765.36, "Plan Rows": 1500000, "Plan Width": 153, "Plans": [{"Node Type": "Index Scan", "Parent Relationship": "Outer", "Scan Direction": "Forward", "Index Name": "customer_pkey", "Relation Name": "customer", "Alias": "customer", "Startup Cost": 0.0, "Total Cost": 80765.36, "Plan Rows": 1500000, "Plan Width": 153}]}]}, {"Node Type": "Hash", "Parent Relationship": "Inner", "Startup Cost": 12.62, "Total Cost": 12.62, "Plan Rows": 25, "Plan Width": 30, "Plans": [{"Node Type": "Index Scan", "Parent Relationship": "Outer", "Scan Direction": "Forward", "Index Name": "nation_pkey", "Relation Name": "nation", "Alias": "nation", "Startup Cost": 0.0, "Total Cost": 12.62, "Plan Rows": 25, "Plan Width": 30}]}]}, {"Node Type": "Index Scan", "Parent Relationship": "Inner", "Scan Direction": "Forward", "Index Name": "idx_lineitem_orderkey", "Relation Name": "lineitem", "Alias": "lineitem", "Startup Cost": 0.0, "Total Cost": 5.38, "Plan Rows": 3, "Plan Width": 24, "Index Cond": "(l_orderkey = orders.o_orderkey)", "Filter": "(l_returnflag = 'R'::bpchar)"}]}]}]}]}, "Unique SQL Id": 1604070524, "Planner Runtime": 2}, "explain_analyze_plan": {"Plan": {"Node Type": "Limit", "Startup Cost": 3620844.85, "Total Cost": 3620844.9, "Plan Rows": 20, "Plan Width": 199, "Actual Startup Time": 14387.497, "Actual Total Time": 14387.505, "Actual Rows": 20, "Actual Loops": 1, "Plans": [{"Node Type": "Sort", "Parent Relationship": "Outer", "Startup Cost": 3620844.85, "Total Cost": 3624459.59, "Plan Rows": 20, "Plan Width": 199, "Actual Startup Time": 14387.494, "Actual Total Time": 14387.499, "Actual Rows": 20, "Actual Loops": 1, "Sort Key": ["(sum((lineitem.l_extendedprice * (1::double precision - lineitem.l_discount)))) DESC"], "Sort Method": "top-N heapsort", "Sort Space Used": 35, "Sort Space Type": "Memory", "Plans": [{"Node Type": "Aggregate", "Strategy": "Hashed", "Parent Relationship": "Outer", "Startup Cost": 3567911.04, "Total Cost": 3582370.02, "Plan Rows": 1445898, "Plan Width": 199, "Actual Startup Time": 13987.265, "Actual Total Time": 14250.402, "Actual Rows": 381542, "Actual Loops": 1, "Group By Key": ["customer.c_custkey", "customer.c_name", "customer.c_acctbal", "customer.c_phone", "nation.n_name", "customer.c_address", "customer.c_comment"], "Plans": [{"Node Type": "Nested Loop", "Parent Relationship": "Outer", "Join Type": "Inner", "Startup Cost": 114257.94, "Total Cost": 3531763.59, "Plan Rows": 1445898, "Plan Width": 191, "Actual Startup Time": 2091.725, "Actual Total Time": 12053.267, "Actual Rows": 1145969, "Actual Loops": 1, "Inner Unique": false, "Plans": [{"Node Type": "Hash Join", "Parent Relationship": "Outer", "Join Type": "Inner", "Startup Cost": 114257.94, "Total Cost": 415146.15, "Plan Rows": 575746, "Plan Width": 183, "Actual Startup Time": 2091.656, "Actual Total Time": 3938.306, "Actual Rows": 573635, "Actual Loops": 1, "Inner Unique": true, "Hash Cond": "(customer.c_nationkey = nation.n_nationkey), (LLVM Optimized, Jit Execute)", "Plans": [{"Node Type": "Hash Join", "Parent Relationship": "Outer", "Join Type": "Inner", "Startup Cost": 114245.0, "Total Cost": 407216.7, "Plan Rows": 575746, "Plan Width": 161, "Actual Startup Time": 2091.556, "Actual Total Time": 3685.233, "Actual Rows": 573635, "Actual Loops": 1, "Inner Unique": true, "Hash Cond": "(orders.o_custkey = customer.c_custkey), (LLVM Optimized, Jit Execute)", "Plans": [{"Node Type": "Bitmap Heap Scan", "Parent Relationship": "Outer", "Relation Name": "orders", "Alias": "orders", "Startup Cost": 14729.65, "Total Cost": 299784.84, "Plan Rows": 575746, "Plan Width": 16, "Actual Startup Time": 240.308, "Actual Total Time": 1136.103, "Actual Rows": 573635, "Actual Loops": 1, "Recheck Cond": "((o_orderdate >= '1993-08-01 00:00:00'::timestamp(0) without time zone) AND (o_orderdate < '1993-11-01 00:00:00'::timestamp without time zone)), (LLVM Optimized, Jit Execute)", "Rows Removed by Index Recheck": 0, "Exact Heap Blocks": 242860, "Lossy Heap Blocks": 242860, "Plans": [{"Node Type": "Bitmap Index Scan", "Parent Relationship": "Outer", "Index Name": "idx_orders_orderdate", "Startup Cost": 0.0, "Total Cost": 14585.71, "Plan Rows": 575746, "Plan Width": 0, "Actual Startup Time": 165.971, "Actual Total Time": 165.971, "Actual Rows": 573635, "Actual Loops": 1, "Index Cond": "((o_orderdate >= '1993-08-01 00:00:00'::timestamp(0) without time zone) AND (o_orderdate < '1993-11-01 00:00:00'::timestamp without time zone))"}]}, {"Node Type": "Hash", "Parent Relationship": "Inner", "Startup Cost": 80765.36, "Total Cost": 80765.36, "Plan Rows": 1500000, "Plan Width": 153, "Actual Startup Time": 1849.875, "Actual Total Time": 1849.875, "Actual Rows": 1500000, "Actual Loops": 1, "Hash Buckets": 2097152, "Hash Batches": 1, "Original Hash Batches": 1, "Peak Memory Usage": 282695, "Plans": [{"Node Type": "Index Scan", "Parent Relationship": "Outer", "Scan Direction": "Forward", "Index Name": "customer_pkey", "Relation Name": "customer", "Alias": "customer", "Startup Cost": 0.0, "Total Cost": 80765.36, "Plan Rows": 1500000, "Plan Width": 153, "Actual Startup Time": 0.051, "Actual Total Time": 1179.927, "Actual Rows": 1500000, "Actual Loops": 1}]}]}, {"Node Type": "Hash", "Parent Relationship": "Inner", "Startup Cost": 12.62, "Total Cost": 12.62, "Plan Rows": 25, "Plan Width": 30, "Actual Startup Time": 0.055, "Actual Total Time": 0.055, "Actual Rows": 25, "Actual Loops": 1, "Hash Buckets": 32768, "Hash Batches": 1, "Original Hash Batches": 1, "Peak Memory Usage": 2, "Plans": [{"Node Type": "Index Scan", "Parent Relationship": "Outer", "Scan Direction": "Forward", "Index Name": "nation_pkey", "Relation Name": "nation", "Alias": "nation", "Startup Cost": 0.0, "Total Cost": 12.62, "Plan Rows": 25, "Plan Width": 30, "Actual Startup Time": 0.021, "Actual Total Time": 0.035, "Actual Rows": 25, "Actual Loops": 1}]}]}, {"Node Type": "Index Scan", "Parent Relationship": "Inner", "Scan Direction": "Forward", "Index Name": "idx_lineitem_orderkey", "Relation Name": "lineitem", "Alias": "lineitem", "Startup Cost": 0.0, "Total Cost": 5.38, "Plan Rows": 3, "Plan Width": 24, "Actual Startup Time": 6106.588, "Actual Total Time": 7464.333, "Actual Rows": 1145969, "Actual Loops": 573635, "Index Cond": "(l_orderkey = orders.o_orderkey)", "Rows Removed by Index Recheck": 0, "Filter": "(l_returnflag = 'R'::bpchar)", "Rows Removed by Filter": 1146896}]}]}]}]}, "Triggers": [], "Planner Runtime": 1, "Total Runtime": 14398.213, "Unique SQL Id": 1604070524}}, "(64, 2)": {"explain_plan": {"Plan": {"Node Type": "Limit", "Startup Cost": 2741876.6, "Total Cost": 2741876.65, "Plan Rows": 20, "Plan Width": 199, "Plans": [{"Node Type": "Sort", "Parent Relationship": "Outer", "Startup Cost": 2741876.6, "Total Cost": 2745491.35, "Plan Rows": 20, "Plan Width": 199, "Sort Key": ["(sum((lineitem.l_extendedprice * (1::double precision - lineitem.l_discount)))) DESC"], "Plans": [{"Node Type": "Aggregate", "Strategy": "Hashed", "Parent Relationship": "Outer", "Startup Cost": 2688942.8, "Total Cost": 2703401.78, "Plan Rows": 1445898, "Plan Width": 199, "Group By Key": ["customer.c_custkey", "customer.c_name", "customer.c_acctbal", "customer.c_phone", "nation.n_name", "customer.c_address", "customer.c_comment"], "Plans": [{"Node Type": "Hash Join", "Parent Relationship": "Outer", "Join Type": "Inner", "Startup Cost": 377859.22, "Total Cost": 2652795.35, "Plan Rows": 1445898, "Plan Width": 191, "Inner Unique": true, "Hash Cond": "(customer.c_nationkey = nation.n_nationkey), (LLVM Optimized)", "Plans": [{"Node Type": "Hash Join", "Parent Relationship": "Outer", "Join Type": "Inner", "Startup Cost": 377857.66, "Total Cost": 2632912.69, "Plan Rows": 1445898, "Plan Width": 169, "Inner Unique": true, "Hash Cond": "(orders.o_custkey = customer.c_custkey), (LLVM Optimized)", "Plans": [{"Node Type": "Hash Join", "Parent Relationship": "Outer", "Join Type": "Inner", "Startup Cost": 306981.66, "Total Cost": 2542155.59, "Plan Rows": 1445898, "Plan Width": 24, "Inner Unique": true, "Hash Cond": "(lineitem.l_orderkey = orders.o_orderkey), (LLVM Optimized)", "Plans": [{"Node Type": "Seq Scan", "Parent Relationship": "Outer", "Relation Name": "lineitem", "Alias": "lineitem", "Startup Cost": 0.0, "Total Cost": 2165082.91, "Plan Rows": 14835209, "Plan Width": 24, "Filter": "(l_returnflag = 'R'::bpchar), (LLVM Optimized)"}, {"Node Type": "Hash", "Parent Relationship": "Inner", "Startup Cost": 299784.84, "Total Cost": 299784.84, "Plan Rows": 575746, "Plan Width": 16, "Plans": [{"Node Type": "Bitmap Heap Scan", "Parent Relationship": "Outer", "Relation Name": "orders", "Alias": "orders", "Startup Cost": 14729.65, "Total Cost": 299784.84, "Plan Rows": 575746, "Plan Width": 16, "Recheck Cond": "((o_orderdate >= '1993-08-01 00:00:00'::timestamp(0) without time zone) AND (o_orderdate < '1993-11-01 00:00:00'::timestamp without time zone)), (LLVM Optimized)", "Plans": [{"Node Type": "Bitmap Index Scan", "Parent Relationship": "Outer", "Index Name": "idx_orders_orderdate", "Startup Cost": 0.0, "Total Cost": 14585.71, "Plan Rows": 575746, "Plan Width": 0, "Index Cond": "((o_orderdate >= '1993-08-01 00:00:00'::timestamp(0) without time zone) AND (o_orderdate < '1993-11-01 00:00:00'::timestamp without time zone))"}]}]}]}, {"Node Type": "Hash", "Parent Relationship": "Inner", "Startup Cost": 52126.0, "Total Cost": 52126.0, "Plan Rows": 1500000, "Plan Width": 153, "Plans": [{"Node Type": "Seq Scan", "Parent Relationship": "Outer", "Relation Name": "customer", "Alias": "customer", "Startup Cost": 0.0, "Total Cost": 52126.0, "Plan Rows": 1500000, "Plan Width": 153}]}]}, {"Node Type": "Hash", "Parent Relationship": "Inner", "Startup Cost": 1.25, "Total Cost": 1.25, "Plan Rows": 25, "Plan Width": 30, "Plans": [{"Node Type": "Seq Scan", "Parent Relationship": "Outer", "Relation Name": "nation", "Alias": "nation", "Startup Cost": 0.0, "Total Cost": 1.25, "Plan Rows": 25, "Plan Width": 30}]}]}]}]}]}, "Unique SQL Id": 1604070524, "Planner Runtime": 2}, "explain_analyze_plan": {"Plan": {"Node Type": "Limit", "Startup Cost": 2741876.6, "Total Cost": 2741876.65, "Plan Rows": 20, "Plan Width": 199, "Actual Startup Time": 32209.202, "Actual Total Time": 32209.207, "Actual Rows": 20, "Actual Loops": 1, "Plans": [{"Node Type": "Sort", "Parent Relationship": "Outer", "Startup Cost": 2741876.6, "Total Cost": 2745491.35, "Plan Rows": 20, "Plan Width": 199, "Actual Startup Time": 32209.199, "Actual Total Time": 32209.201, "Actual Rows": 20, "Actual Loops": 1, "Sort Key": ["(sum((lineitem.l_extendedprice * (1::double precision - lineitem.l_discount)))) DESC"], "Sort Method": "top-N heapsort", "Sort Space Used": 35, "Sort Space Type": "Memory", "Plans": [{"Node Type": "Aggregate", "Strategy": "Hashed", "Parent Relationship": "Outer", "Startup Cost": 2688942.8, "Total Cost": 2703401.78, "Plan Rows": 1445898, "Plan Width": 199, "Actual Startup Time": 31864.123, "Actual Total Time": 32074.823, "Actual Rows": 381542, "Actual Loops": 1, "Group By Key": ["customer.c_custkey", "customer.c_name", "customer.c_acctbal", "customer.c_phone", "nation.n_name", "customer.c_address", "customer.c_comment"], "Plans": [{"Node Type": "Hash Join", "Parent Relationship": "Outer", "Join Type": "Inner", "Startup Cost": 377859.22, "Total Cost": 2652795.35, "Plan Rows": 1445898, "Plan Width": 191, "Actual Startup Time": 2369.806, "Actual Total Time": 30028.378, "Actual Rows": 1145969, "Actual Loops": 1, "Inner Unique": true, "Hash Cond": "(customer.c_nationkey = nation.n_nationkey), (LLVM Optimized, Jit Execute)", "Plans": [{"Node Type": "Hash Join", "Parent Relationship": "Outer", "Join Type": "Inner", "Startup Cost": 377857.66, "Total Cost": 2632912.69, "Plan Rows": 1445898, "Plan Width": 169, "Actual Startup Time": 2369.707, "Actual Total Time": 29557.817, "Actual Rows": 1145969, "Actual Loops": 1, "Inner Unique": true, "Hash Cond": "(orders.o_custkey = customer.c_custkey), (LLVM Optimized, Jit Execute)", "Plans": [{"Node Type": "Hash Join", "Parent Relationship": "Outer", "Join Type": "Inner", "Startup Cost": 306981.66, "Total Cost": 2542155.59, "Plan Rows": 1445898, "Plan Width": 24, "Actual Startup Time": 1138.289, "Actual Total Time": 27567.336, "Actual Rows": 1145969, "Actual Loops": 1, "Inner Unique": true, "Hash Cond": "(lineitem.l_orderkey = orders.o_orderkey), (LLVM Optimized, Jit Execute)", "Plans": [{"Node Type": "Seq Scan", "Parent Relationship": "Outer", "Relation Name": "lineitem", "Alias": "lineitem", "Startup Cost": 0.0, "Total Cost": 2165082.91, "Plan Rows": 14835209, "Plan Width": 24, "Actual Startup Time": 0.018, "Actual Total Time": 22010.703, "Actual Rows": 14808183, "Actual Loops": 1, "Filter": "(l_returnflag = 'R'::bpchar), (LLVM Optimized, Jit Execute)", "Rows Removed by Filter": 45177869}, {"Node Type": "Hash", "Parent Relationship": "Inner", "Startup Cost": 299784.84, "Total Cost": 299784.84, "Plan Rows": 575746, "Plan Width": 16, "Actual Startup Time": 1137.516, "Actual Total Time": 1137.516, "Actual Rows": 573635, "Actual Loops": 1, "Hash Buckets": 1048576, "Hash Batches": 1, "Original Hash Batches": 1, "Peak Memory Usage": 26890, "Plans": [{"Node Type": "Bitmap Heap Scan", "Parent Relationship": "Outer", "Relation Name": "orders", "Alias": "orders", "Startup Cost": 14729.65, "Total Cost": 299784.84, "Plan Rows": 575746, "Plan Width": 16, "Actual Startup Time": 246.943, "Actual Total Time": 931.513, "Actual Rows": 573635, "Actual Loops": 1, "Recheck Cond": "((o_orderdate >= '1993-08-01 00:00:00'::timestamp(0) without time zone) AND (o_orderdate < '1993-11-01 00:00:00'::timestamp without time zone)), (LLVM Optimized, Jit Execute)", "Rows Removed by Index Recheck": 0, "Exact Heap Blocks": 242860, "Lossy Heap Blocks": 242860, "Plans": [{"Node Type": "Bitmap Index Scan", "Parent Relationship": "Outer", "Index Name": "idx_orders_orderdate", "Startup Cost": 0.0, "Total Cost": 14585.71, "Plan Rows": 575746, "Plan Width": 0, "Actual Startup Time": 168.553, "Actual Total Time": 168.553, "Actual Rows": 573635, "Actual Loops": 1, "Index Cond": "((o_orderdate >= '1993-08-01 00:00:00'::timestamp(0) without time zone) AND (o_orderdate < '1993-11-01 00:00:00'::timestamp without time zone))"}]}]}]}, {"Node Type": "Hash", "Parent Relationship": "Inner", "Startup Cost": 52126.0, "Total Cost": 52126.0, "Plan Rows": 1500000, "Plan Width": 153, "Actual Startup Time": 1230.084, "Actual Total Time": 1230.084, "Actual Rows": 1500000, "Actual Loops": 1, "Hash Buckets": 2097152, "Hash Batches": 1, "Original Hash Batches": 1, "Peak Memory Usage": 282695, "Plans": [{"Node Type": "Seq Scan", "Parent Relationship": "Outer", "Relation Name": "customer", "Alias": "customer", "Startup Cost": 0.0, "Total Cost": 52126.0, "Plan Rows": 1500000, "Plan Width": 153, "Actual Startup Time": 0.017, "Actual Total Time": 575.693, "Actual Rows": 1500000, "Actual Loops": 1}]}]}, {"Node Type": "Hash", "Parent Relationship": "Inner", "Startup Cost": 1.25, "Total Cost": 1.25, "Plan Rows": 25, "Plan Width": 30, "Actual Startup Time": 0.052, "Actual Total Time": 0.052, "Actual Rows": 25, "Actual Loops": 1, "Hash Buckets": 32768, "Hash Batches": 1, "Original Hash Batches": 1, "Peak Memory Usage": 2, "Plans": [{"Node Type": "Seq Scan", "Parent Relationship": "Outer", "Relation Name": "nation", "Alias": "nation", "Startup Cost": 0.0, "Total Cost": 1.25, "Plan Rows": 25, "Plan Width": 30, "Actual Startup Time": 0.024, "Actual Total Time": 0.03, "Actual Rows": 25, "Actual Loops": 1}]}]}]}]}]}, "Triggers": [], "Planner Runtime": 1, "Total Runtime": 32220.436, "Unique SQL Id": 1604070524}}, "(64, 3)": {"explain_plan": {"Plan": {"Node Type": "Limit", "Startup Cost": 13443415.76, "Total Cost": 13443415.81, "Plan Rows": 20, "Plan Width": 199, "Plans": [{"Node Type": "Sort", "Parent Relationship": "Outer", "Startup Cost": 13443415.76, "Total Cost": 13447030.51, "Plan Rows": 20, "Plan Width": 199, "Sort Key": ["(sum((lineitem.l_extendedprice * (1::double precision - lineitem.l_discount)))) DESC"], "Plans": [{"Node Type": "Aggregate", "Strategy": "Hashed", "Parent Relationship": "Outer", "Startup Cost": 13390481.96, "Total Cost": 13404940.94, "Plan Rows": 1445898, "Plan Width": 199, "Group By Key": ["customer.c_custkey", "customer.c_name", "customer.c_acctbal", "customer.c_phone", "nation.n_name", "customer.c_address", "customer.c_comment"], "Plans": [{"Node Type": "Nested Loop", "Parent Relationship": "Outer", "Join Type": "Inner", "Startup Cost": 14732.12, "Total Cost": 13354334.51, "Plan Rows": 1445898, "Plan Width": 191, "Inner Unique": false, "Plans": [{"Node Type": "Nested Loop", "Parent Relationship": "Outer", "Join Type": "Inner", "Startup Cost": 14730.2, "Total Cost": 5249597.54, "Plan Rows": 575746, "Plan Width": 183, "Inner Unique": true, "Plans": [{"Node Type": "Nested Loop", "Parent Relationship": "Outer", "Join Type": "Inner", "Startup Cost": 14729.94, "Total Cost": 2785257.65, "Plan Rows": 575746, "Plan Width": 161, "Inner Unique": true, "Plans": [{"Node Type": "Bitmap Heap Scan", "Parent Relationship": "Outer", "Relation Name": "orders", "Alias": "orders", "Startup Cost": 14729.65, "Total Cost": 299784.84, "Plan Rows": 575746, "Plan Width": 16, "Recheck Cond": "((o_orderdate >= '1993-08-01 00:00:00'::timestamp(0) without time zone) AND (o_orderdate < '1993-11-01 00:00:00'::timestamp without time zone)), (LLVM Optimized)", "Plans": [{"Node Type": "Bitmap Index Scan", "Parent Relationship": "Outer", "Index Name": "idx_orders_orderdate", "Startup Cost": 0.0, "Total Cost": 14585.71, "Plan Rows": 575746, "Plan Width": 0, "Index Cond": "((o_orderdate >= '1993-08-01 00:00:00'::timestamp(0) without time zone) AND (o_orderdate < '1993-11-01 00:00:00'::timestamp without time zone))"}]}, {"Node Type": "Bitmap Heap Scan", "Parent Relationship": "Inner", "Relation Name": "customer", "Alias": "customer", "Startup Cost": 0.29, "Total Cost": 4.31, "Plan Rows": 1, "Plan Width": 153, "Recheck Cond": "(c_custkey = orders.o_custkey)", "Plans": [{"Node Type": "Bitmap Index Scan", "Parent Relationship": "Outer", "Index Name": "customer_pkey", "Startup Cost": 0.0, "Total Cost": 0.29, "Plan Rows": 1, "Plan Width": 0, "Index Cond": "(c_custkey = orders.o_custkey)"}]}]}, {"Node Type": "Bitmap Heap Scan", "Parent Relationship": "Inner", "Relation Name": "nation", "Alias": "nation", "Startup Cost": 0.26, "Total Cost": 4.27, "Plan Rows": 1, "Plan Width": 30, "Recheck Cond": "(n_nationkey = customer.c_nationkey)", "Plans": [{"Node Type": "Bitmap Index Scan", "Parent Relationship": "Outer", "Index Name": "nation_pkey", "Startup Cost": 0.0, "Total Cost": 0.26, "Plan Rows": 1, "Plan Width": 0, "Index Cond": "(n_nationkey = customer.c_nationkey)"}]}]}, {"Node Type": "Bitmap Heap Scan", "Parent Relationship": "Inner", "Relation Name": "lineitem", "Alias": "lineitem", "Startup Cost": 1.93, "Total Cost": 14.05, "Plan Rows": 3, "Plan Width": 24, "Recheck Cond": "(l_orderkey = orders.o_orderkey)", "Filter": "(l_returnflag = 'R'::bpchar)", "Plans": [{"Node Type": "Bitmap Index Scan", "Parent Relationship": "Outer", "Index Name": "idx_lineitem_orderkey", "Startup Cost": 0.0, "Total Cost": 1.92, "Plan Rows": 9, "Plan Width": 0, "Index Cond": "(l_orderkey = orders.o_orderkey)"}]}]}]}]}]}, "Unique SQL Id": 1604070524, "Planner Runtime": 1}, "explain_analyze_plan": {"Plan": {"Node Type": "Limit", "Startup Cost": 13443415.76, "Total Cost": 13443415.81, "Plan Rows": 20, "Plan Width": 199, "Actual Startup Time": 16957.333, "Actual Total Time": 16957.341, "Actual Rows": 20, "Actual Loops": 1, "Plans": [{"Node Type": "Sort", "Parent Relationship": "Outer", "Startup Cost": 13443415.76, "Total Cost": 13447030.51, "Plan Rows": 20, "Plan Width": 199, "Actual Startup Time": 16957.329, "Actual Total Time": 16957.334, "Actual Rows": 20, "Actual Loops": 1, "Sort Key": ["(sum((lineitem.l_extendedprice * (1::double precision - lineitem.l_discount)))) DESC"], "Sort Method": "top-N heapsort", "Sort Space Used": 35, "Sort Space Type": "Memory", "Plans": [{"Node Type": "Aggregate", "Strategy": "Hashed", "Parent Relationship": "Outer", "Startup Cost": 13390481.96, "Total Cost": 13404940.94, "Plan Rows": 1445898, "Plan Width": 199, "Actual Startup Time": 16583.968, "Actual Total Time": 16822.306, "Actual Rows": 381542, "Actual Loops": 1, "Group By Key": ["customer.c_custkey", "customer.c_name", "customer.c_acctbal", "customer.c_phone", "nation.n_name", "customer.c_address", "customer.c_comment"], "Plans": [{"Node Type": "Nested Loop", "Parent Relationship": "Outer", "Join Type": "Inner", "Startup Cost": 14732.12, "Total Cost": 13354334.51, "Plan Rows": 1445898, "Plan Width": 191, "Actual Startup Time": 241.783, "Actual Total Time": 14652.01, "Actual Rows": 1145969, "Actual Loops": 1, "Inner Unique": false, "Plans": [{"Node Type": "Nested Loop", "Parent Relationship": "Outer", "Join Type": "Inner", "Startup Cost": 14730.2, "Total Cost": 5249597.54, "Plan Rows": 575746, "Plan Width": 183, "Actual Startup Time": 241.73, "Actual Total Time": 8212.424, "Actual Rows": 573635, "Actual Loops": 1, "Inner Unique": true, "Plans": [{"Node Type": "Nested Loop", "Parent Relationship": "Outer", "Join Type": "Inner", "Startup Cost": 14729.94, "Total Cost": 2785257.65, "Plan Rows": 575746, "Plan Width": 161, "Actual Startup Time": 241.696, "Actual Total Time": 6036.117, "Actual Rows": 573635, "Actual Loops": 1, "Inner Unique": true, "Plans": [{"Node Type": "Bitmap Heap Scan", "Parent Relationship": "Outer", "Relation Name": "orders", "Alias": "orders", "Startup Cost": 14729.65, "Total Cost": 299784.84, "Plan Rows": 575746, "Plan Width": 16, "Actual Startup Time": 241.45, "Actual Total Time": 1047.688, "Actual Rows": 573635, "Actual Loops": 1, "Recheck Cond": "((o_orderdate >= '1993-08-01 00:00:00'::timestamp(0) without time zone) AND (o_orderdate < '1993-11-01 00:00:00'::timestamp without time zone)), (LLVM Optimized, Jit Execute)", "Rows Removed by Index Recheck": 0, "Exact Heap Blocks": 242860, "Lossy Heap Blocks": 242860, "Plans": [{"Node Type": "Bitmap Index Scan", "Parent Relationship": "Outer", "Index Name": "idx_orders_orderdate", "Startup Cost": 0.0, "Total Cost": 14585.71, "Plan Rows": 575746, "Plan Width": 0, "Actual Startup Time": 167.064, "Actual Total Time": 167.064, "Actual Rows": 573635, "Actual Loops": 1, "Index Cond": "((o_orderdate >= '1993-08-01 00:00:00'::timestamp(0) without time zone) AND (o_orderdate < '1993-11-01 00:00:00'::timestamp without time zone))"}]}, {"Node Type": "Bitmap Heap Scan", "Parent Relationship": "Inner", "Relation Name": "customer", "Alias": "customer", "Startup Cost": 0.29, "Total Cost": 4.31, "Plan Rows": 1, "Plan Width": 153, "Actual Startup Time": 4129.14, "Actual Total Time": 4129.14, "Actual Rows": 573635, "Actual Loops": 573635, "Recheck Cond": "(c_custkey = orders.o_custkey)", "Rows Removed by Index Recheck": 0, "Exact Heap Blocks": 573635, "Lossy Heap Blocks": 573635, "Plans": [{"Node Type": "Bitmap Index Scan", "Parent Relationship": "Outer", "Index Name": "customer_pkey", "Startup Cost": 0.0, "Total Cost": 0.29, "Plan Rows": 1, "Plan Width": 0, "Actual Startup Time": 2565.96, "Actual Total Time": 2565.96, "Actual Rows": 573635, "Actual Loops": 573635, "Index Cond": "(c_custkey = orders.o_custkey)"}]}]}, {"Node Type": "Bitmap Heap Scan", "Parent Relationship": "Inner", "Relation Name": "nation", "Alias": "nation", "Startup Cost": 0.26, "Total Cost": 4.27, "Plan Rows": 1, "Plan Width": 30, "Actual Startup Time": 1398.487, "Actual Total Time": 1398.487, "Actual Rows": 573635, "Actual Loops": 573635, "Recheck Cond": "(n_nationkey = customer.c_nationkey)", "Rows Removed by Index Recheck": 0, "Exact Heap Blocks": 573635, "Lossy Heap Blocks": 573635, "Plans": [{"Node Type": "Bitmap Index Scan", "Parent Relationship": "Outer", "Index Name": "nation_pkey", "Startup Cost": 0.0, "Total Cost": 0.26, "Plan Rows": 1, "Plan Width": 0, "Actual Startup Time": 610.04, "Actual Total Time": 610.04, "Actual Rows": 573635, "Actual Loops": 573635, "Index Cond": "(n_nationkey = customer.c_nationkey)"}]}]}, {"Node Type": "Bitmap Heap Scan", "Parent Relationship": "Inner", "Relation Name": "lineitem", "Alias": "lineitem", "Startup Cost": 1.93, "Total Cost": 14.05, "Plan Rows": 3, "Plan Width": 24, "Actual Startup Time": 4947.793, "Actual Total Time": 5480.067, "Actual Rows": 1145969, "Actual Loops": 573635, "Recheck Cond": "(l_orderkey = orders.o_orderkey)", "Rows Removed by Index Recheck": 0, "Filter": "(l_returnflag = 'R'::bpchar)", "Rows Removed by Filter": 1146896, "Exact Heap Blocks": 614400, "Lossy Heap Blocks": 614400, "Plans": [{"Node Type": "Bitmap Index Scan", "Parent Relationship": "Outer", "Index Name": "idx_lineitem_orderkey", "Startup Cost": 0.0, "Total Cost": 1.92, "Plan Rows": 9, "Plan Width": 0, "Actual Startup Time": 2505.557, "Actual Total Time": 2505.557, "Actual Rows": 2292865, "Actual Loops": 573635, "Index Cond": "(l_orderkey = orders.o_orderkey)"}]}]}]}]}]}, "Triggers": [], "Planner Runtime": 0, "Total Runtime": 16967.566, "Unique SQL Id": 1604070524}}, "(64, 4)": {"explain_plan": {"Plan": {"Node Type": "Limit", "Startup Cost": 2741876.6, "Total Cost": 2741876.65, "Plan Rows": 20, "Plan Width": 199, "Plans": [{"Node Type": "Sort", "Parent Relationship": "Outer", "Startup Cost": 2741876.6, "Total Cost": 2745491.35, "Plan Rows": 20, "Plan Width": 199, "Sort Key": ["(sum((lineitem.l_extendedprice * (1::double precision - lineitem.l_discount)))) DESC"], "Plans": [{"Node Type": "Aggregate", "Strategy": "Hashed", "Parent Relationship": "Outer", "Startup Cost": 2688942.8, "Total Cost": 2703401.78, "Plan Rows": 1445898, "Plan Width": 199, "Group By Key": ["customer.c_custkey", "customer.c_name", "customer.c_acctbal", "customer.c_phone", "nation.n_name", "customer.c_address", "customer.c_comment"], "Plans": [{"Node Type": "Hash Join", "Parent Relationship": "Outer", "Join Type": "Inner", "Startup Cost": 377859.22, "Total Cost": 2652795.35, "Plan Rows": 1445898, "Plan Width": 191, "Inner Unique": true, "Hash Cond": "(customer.c_nationkey = nation.n_nationkey), (LLVM Optimized)", "Plans": [{"Node Type": "Hash Join", "Parent Relationship": "Outer", "Join Type": "Inner", "Startup Cost": 377857.66, "Total Cost": 2632912.69, "Plan Rows": 1445898, "Plan Width": 169, "Inner Unique": true, "Hash Cond": "(orders.o_custkey = customer.c_custkey), (LLVM Optimized)", "Plans": [{"Node Type": "Hash Join", "Parent Relationship": "Outer", "Join Type": "Inner", "Startup Cost": 306981.66, "Total Cost": 2542155.59, "Plan Rows": 1445898, "Plan Width": 24, "Inner Unique": true, "Hash Cond": "(lineitem.l_orderkey = orders.o_orderkey), (LLVM Optimized)", "Plans": [{"Node Type": "Seq Scan", "Parent Relationship": "Outer", "Relation Name": "lineitem", "Alias": "lineitem", "Startup Cost": 0.0, "Total Cost": 2165082.91, "Plan Rows": 14835209, "Plan Width": 24, "Filter": "(l_returnflag = 'R'::bpchar), (LLVM Optimized)"}, {"Node Type": "Hash", "Parent Relationship": "Inner", "Startup Cost": 299784.84, "Total Cost": 299784.84, "Plan Rows": 575746, "Plan Width": 16, "Plans": [{"Node Type": "Bitmap Heap Scan", "Parent Relationship": "Outer", "Relation Name": "orders", "Alias": "orders", "Startup Cost": 14729.65, "Total Cost": 299784.84, "Plan Rows": 575746, "Plan Width": 16, "Recheck Cond": "((o_orderdate >= '1993-08-01 00:00:00'::timestamp(0) without time zone) AND (o_orderdate < '1993-11-01 00:00:00'::timestamp without time zone)), (LLVM Optimized)", "Plans": [{"Node Type": "Bitmap Index Scan", "Parent Relationship": "Outer", "Index Name": "idx_orders_orderdate", "Startup Cost": 0.0, "Total Cost": 14585.71, "Plan Rows": 575746, "Plan Width": 0, "Index Cond": "((o_orderdate >= '1993-08-01 00:00:00'::timestamp(0) without time zone) AND (o_orderdate < '1993-11-01 00:00:00'::timestamp without time zone))"}]}]}]}, {"Node Type": "Hash", "Parent Relationship": "Inner", "Startup Cost": 52126.0, "Total Cost": 52126.0, "Plan Rows": 1500000, "Plan Width": 153, "Plans": [{"Node Type": "Seq Scan", "Parent Relationship": "Outer", "Relation Name": "customer", "Alias": "customer", "Startup Cost": 0.0, "Total Cost": 52126.0, "Plan Rows": 1500000, "Plan Width": 153}]}]}, {"Node Type": "Hash", "Parent Relationship": "Inner", "Startup Cost": 1.25, "Total Cost": 1.25, "Plan Rows": 25, "Plan Width": 30, "Plans": [{"Node Type": "Seq Scan", "Parent Relationship": "Outer", "Relation Name": "nation", "Alias": "nation", "Startup Cost": 0.0, "Total Cost": 1.25, "Plan Rows": 25, "Plan Width": 30}]}]}]}]}]}, "Unique SQL Id": 1604070524, "Planner Runtime": 2}, "explain_analyze_plan": {"Plan": {"Node Type": "Limit", "Startup Cost": 2741876.6, "Total Cost": 2741876.65, "Plan Rows": 20, "Plan Width": 199, "Actual Startup Time": 32209.202, "Actual Total Time": 32209.207, "Actual Rows": 20, "Actual Loops": 1, "Plans": [{"Node Type": "Sort", "Parent Relationship": "Outer", "Startup Cost": 2741876.6, "Total Cost": 2745491.35, "Plan Rows": 20, "Plan Width": 199, "Actual Startup Time": 32209.199, "Actual Total Time": 32209.201, "Actual Rows": 20, "Actual Loops": 1, "Sort Key": ["(sum((lineitem.l_extendedprice * (1::double precision - lineitem.l_discount)))) DESC"], "Sort Method": "top-N heapsort", "Sort Space Used": 35, "Sort Space Type": "Memory", "Plans": [{"Node Type": "Aggregate", "Strategy": "Hashed", "Parent Relationship": "Outer", "Startup Cost": 2688942.8, "Total Cost": 2703401.78, "Plan Rows": 1445898, "Plan Width": 199, "Actual Startup Time": 31864.123, "Actual Total Time": 32074.823, "Actual Rows": 381542, "Actual Loops": 1, "Group By Key": ["customer.c_custkey", "customer.c_name", "customer.c_acctbal", "customer.c_phone", "nation.n_name", "customer.c_address", "customer.c_comment"], "Plans": [{"Node Type": "Hash Join", "Parent Relationship": "Outer", "Join Type": "Inner", "Startup Cost": 377859.22, "Total Cost": 2652795.35, "Plan Rows": 1445898, "Plan Width": 191, "Actual Startup Time": 2369.806, "Actual Total Time": 30028.378, "Actual Rows": 1145969, "Actual Loops": 1, "Inner Unique": true, "Hash Cond": "(customer.c_nationkey = nation.n_nationkey), (LLVM Optimized, Jit Execute)", "Plans": [{"Node Type": "Hash Join", "Parent Relationship": "Outer", "Join Type": "Inner", "Startup Cost": 377857.66, "Total Cost": 2632912.69, "Plan Rows": 1445898, "Plan Width": 169, "Actual Startup Time": 2369.707, "Actual Total Time": 29557.817, "Actual Rows": 1145969, "Actual Loops": 1, "Inner Unique": true, "Hash Cond": "(orders.o_custkey = customer.c_custkey), (LLVM Optimized, Jit Execute)", "Plans": [{"Node Type": "Hash Join", "Parent Relationship": "Outer", "Join Type": "Inner", "Startup Cost": 306981.66, "Total Cost": 2542155.59, "Plan Rows": 1445898, "Plan Width": 24, "Actual Startup Time": 1138.289, "Actual Total Time": 27567.336, "Actual Rows": 1145969, "Actual Loops": 1, "Inner Unique": true, "Hash Cond": "(lineitem.l_orderkey = orders.o_orderkey), (LLVM Optimized, Jit Execute)", "Plans": [{"Node Type": "Seq Scan", "Parent Relationship": "Outer", "Relation Name": "lineitem", "Alias": "lineitem", "Startup Cost": 0.0, "Total Cost": 2165082.91, "Plan Rows": 14835209, "Plan Width": 24, "Actual Startup Time": 0.018, "Actual Total Time": 22010.703, "Actual Rows": 14808183, "Actual Loops": 1, "Filter": "(l_returnflag = 'R'::bpchar), (LLVM Optimized, Jit Execute)", "Rows Removed by Filter": 45177869}, {"Node Type": "Hash", "Parent Relationship": "Inner", "Startup Cost": 299784.84, "Total Cost": 299784.84, "Plan Rows": 575746, "Plan Width": 16, "Actual Startup Time": 1137.516, "Actual Total Time": 1137.516, "Actual Rows": 573635, "Actual Loops": 1, "Hash Buckets": 1048576, "Hash Batches": 1, "Original Hash Batches": 1, "Peak Memory Usage": 26890, "Plans": [{"Node Type": "Bitmap Heap Scan", "Parent Relationship": "Outer", "Relation Name": "orders", "Alias": "orders", "Startup Cost": 14729.65, "Total Cost": 299784.84, "Plan Rows": 575746, "Plan Width": 16, "Actual Startup Time": 246.943, "Actual Total Time": 931.513, "Actual Rows": 573635, "Actual Loops": 1, "Recheck Cond": "((o_orderdate >= '1993-08-01 00:00:00'::timestamp(0) without time zone) AND (o_orderdate < '1993-11-01 00:00:00'::timestamp without time zone)), (LLVM Optimized, Jit Execute)", "Rows Removed by Index Recheck": 0, "Exact Heap Blocks": 242860, "Lossy Heap Blocks": 242860, "Plans": [{"Node Type": "Bitmap Index Scan", "Parent Relationship": "Outer", "Index Name": "idx_orders_orderdate", "Startup Cost": 0.0, "Total Cost": 14585.71, "Plan Rows": 575746, "Plan Width": 0, "Actual Startup Time": 168.553, "Actual Total Time": 168.553, "Actual Rows": 573635, "Actual Loops": 1, "Index Cond": "((o_orderdate >= '1993-08-01 00:00:00'::timestamp(0) without time zone) AND (o_orderdate < '1993-11-01 00:00:00'::timestamp without time zone))"}]}]}]}, {"Node Type": "Hash", "Parent Relationship": "Inner", "Startup Cost": 52126.0, "Total Cost": 52126.0, "Plan Rows": 1500000, "Plan Width": 153, "Actual Startup Time": 1230.084, "Actual Total Time": 1230.084, "Actual Rows": 1500000, "Actual Loops": 1, "Hash Buckets": 2097152, "Hash Batches": 1, "Original Hash Batches": 1, "Peak Memory Usage": 282695, "Plans": [{"Node Type": "Seq Scan", "Parent Relationship": "Outer", "Relation Name": "customer", "Alias": "customer", "Startup Cost": 0.0, "Total Cost": 52126.0, "Plan Rows": 1500000, "Plan Width": 153, "Actual Startup Time": 0.017, "Actual Total Time": 575.693, "Actual Rows": 1500000, "Actual Loops": 1}]}]}, {"Node Type": "Hash", "Parent Relationship": "Inner", "Startup Cost": 1.25, "Total Cost": 1.25, "Plan Rows": 25, "Plan Width": 30, "Actual Startup Time": 0.052, "Actual Total Time": 0.052, "Actual Rows": 25, "Actual Loops": 1, "Hash Buckets": 32768, "Hash Batches": 1, "Original Hash Batches": 1, "Peak Memory Usage": 2, "Plans": [{"Node Type": "Seq Scan", "Parent Relationship": "Outer", "Relation Name": "nation", "Alias": "nation", "Startup Cost": 0.0, "Total Cost": 1.25, "Plan Rows": 25, "Plan Width": 30, "Actual Startup Time": 0.024, "Actual Total Time": 0.03, "Actual Rows": 25, "Actual Loops": 1}]}]}]}]}]}, "Triggers": [], "Planner Runtime": 1, "Total Runtime": 32220.436, "Unique SQL Id": 1604070524}}, "(64, 5)": {"explain_plan": {"Plan": {"Node Type": "Limit", "Startup Cost": 3620844.85, "Total Cost": 3620844.9, "Plan Rows": 20, "Plan Width": 199, "Plans": [{"Node Type": "Sort", "Parent Relationship": "Outer", "Startup Cost": 3620844.85, "Total Cost": 3624459.59, "Plan Rows": 20, "Plan Width": 199, "Sort Key": ["(sum((lineitem.l_extendedprice * (1::double precision - lineitem.l_discount)))) DESC"], "Plans": [{"Node Type": "Aggregate", "Strategy": "Hashed", "Parent Relationship": "Outer", "Startup Cost": 3567911.04, "Total Cost": 3582370.02, "Plan Rows": 1445898, "Plan Width": 199, "Group By Key": ["customer.c_custkey", "customer.c_name", "customer.c_acctbal", "customer.c_phone", "nation.n_name", "customer.c_address", "customer.c_comment"], "Plans": [{"Node Type": "Nested Loop", "Parent Relationship": "Outer", "Join Type": "Inner", "Startup Cost": 114257.94, "Total Cost": 3531763.59, "Plan Rows": 1445898, "Plan Width": 191, "Inner Unique": false, "Plans": [{"Node Type": "Hash Join", "Parent Relationship": "Outer", "Join Type": "Inner", "Startup Cost": 114257.94, "Total Cost": 415146.15, "Plan Rows": 575746, "Plan Width": 183, "Inner Unique": true, "Hash Cond": "(customer.c_nationkey = nation.n_nationkey), (LLVM Optimized)", "Plans": [{"Node Type": "Hash Join", "Parent Relationship": "Outer", "Join Type": "Inner", "Startup Cost": 114245.0, "Total Cost": 407216.7, "Plan Rows": 575746, "Plan Width": 161, "Inner Unique": true, "Hash Cond": "(orders.o_custkey = customer.c_custkey), (LLVM Optimized)", "Plans": [{"Node Type": "Bitmap Heap Scan", "Parent Relationship": "Outer", "Relation Name": "orders", "Alias": "orders", "Startup Cost": 14729.65, "Total Cost": 299784.84, "Plan Rows": 575746, "Plan Width": 16, "Recheck Cond": "((o_orderdate >= '1993-08-01 00:00:00'::timestamp(0) without time zone) AND (o_orderdate < '1993-11-01 00:00:00'::timestamp without time zone)), (LLVM Optimized)", "Plans": [{"Node Type": "Bitmap Index Scan", "Parent Relationship": "Outer", "Index Name": "idx_orders_orderdate", "Startup Cost": 0.0, "Total Cost": 14585.71, "Plan Rows": 575746, "Plan Width": 0, "Index Cond": "((o_orderdate >= '1993-08-01 00:00:00'::timestamp(0) without time zone) AND (o_orderdate < '1993-11-01 00:00:00'::timestamp without time zone))"}]}, {"Node Type": "Hash", "Parent Relationship": "Inner", "Startup Cost": 80765.36, "Total Cost": 80765.36, "Plan Rows": 1500000, "Plan Width": 153, "Plans": [{"Node Type": "Index Scan", "Parent Relationship": "Outer", "Scan Direction": "Forward", "Index Name": "customer_pkey", "Relation Name": "customer", "Alias": "customer", "Startup Cost": 0.0, "Total Cost": 80765.36, "Plan Rows": 1500000, "Plan Width": 153}]}]}, {"Node Type": "Hash", "Parent Relationship": "Inner", "Startup Cost": 12.62, "Total Cost": 12.62, "Plan Rows": 25, "Plan Width": 30, "Plans": [{"Node Type": "Index Scan", "Parent Relationship": "Outer", "Scan Direction": "Forward", "Index Name": "nation_pkey", "Relation Name": "nation", "Alias": "nation", "Startup Cost": 0.0, "Total Cost": 12.62, "Plan Rows": 25, "Plan Width": 30}]}]}, {"Node Type": "Index Scan", "Parent Relationship": "Inner", "Scan Direction": "Forward", "Index Name": "idx_lineitem_orderkey", "Relation Name": "lineitem", "Alias": "lineitem", "Startup Cost": 0.0, "Total Cost": 5.38, "Plan Rows": 3, "Plan Width": 24, "Index Cond": "(l_orderkey = orders.o_orderkey)", "Filter": "(l_returnflag = 'R'::bpchar)"}]}]}]}]}, "Unique SQL Id": 1604070524, "Planner Runtime": 1}, "explain_analyze_plan": {"Plan": {"Node Type": "Limit", "Startup Cost": 3620844.85, "Total Cost": 3620844.9, "Plan Rows": 20, "Plan Width": 199, "Actual Startup Time": 14387.497, "Actual Total Time": 14387.505, "Actual Rows": 20, "Actual Loops": 1, "Plans": [{"Node Type": "Sort", "Parent Relationship": "Outer", "Startup Cost": 3620844.85, "Total Cost": 3624459.59, "Plan Rows": 20, "Plan Width": 199, "Actual Startup Time": 14387.494, "Actual Total Time": 14387.499, "Actual Rows": 20, "Actual Loops": 1, "Sort Key": ["(sum((lineitem.l_extendedprice * (1::double precision - lineitem.l_discount)))) DESC"], "Sort Method": "top-N heapsort", "Sort Space Used": 35, "Sort Space Type": "Memory", "Plans": [{"Node Type": "Aggregate", "Strategy": "Hashed", "Parent Relationship": "Outer", "Startup Cost": 3567911.04, "Total Cost": 3582370.02, "Plan Rows": 1445898, "Plan Width": 199, "Actual Startup Time": 13987.265, "Actual Total Time": 14250.402, "Actual Rows": 381542, "Actual Loops": 1, "Group By Key": ["customer.c_custkey", "customer.c_name", "customer.c_acctbal", "customer.c_phone", "nation.n_name", "customer.c_address", "customer.c_comment"], "Plans": [{"Node Type": "Nested Loop", "Parent Relationship": "Outer", "Join Type": "Inner", "Startup Cost": 114257.94, "Total Cost": 3531763.59, "Plan Rows": 1445898, "Plan Width": 191, "Actual Startup Time": 2091.725, "Actual Total Time": 12053.267, "Actual Rows": 1145969, "Actual Loops": 1, "Inner Unique": false, "Plans": [{"Node Type": "Hash Join", "Parent Relationship": "Outer", "Join Type": "Inner", "Startup Cost": 114257.94, "Total Cost": 415146.15, "Plan Rows": 575746, "Plan Width": 183, "Actual Startup Time": 2091.656, "Actual Total Time": 3938.306, "Actual Rows": 573635, "Actual Loops": 1, "Inner Unique": true, "Hash Cond": "(customer.c_nationkey = nation.n_nationkey), (LLVM Optimized, Jit Execute)", "Plans": [{"Node Type": "Hash Join", "Parent Relationship": "Outer", "Join Type": "Inner", "Startup Cost": 114245.0, "Total Cost": 407216.7, "Plan Rows": 575746, "Plan Width": 161, "Actual Startup Time": 2091.556, "Actual Total Time": 3685.233, "Actual Rows": 573635, "Actual Loops": 1, "Inner Unique": true, "Hash Cond": "(orders.o_custkey = customer.c_custkey), (LLVM Optimized, Jit Execute)", "Plans": [{"Node Type": "Bitmap Heap Scan", "Parent Relationship": "Outer", "Relation Name": "orders", "Alias": "orders", "Startup Cost": 14729.65, "Total Cost": 299784.84, "Plan Rows": 575746, "Plan Width": 16, "Actual Startup Time": 240.308, "Actual Total Time": 1136.103, "Actual Rows": 573635, "Actual Loops": 1, "Recheck Cond": "((o_orderdate >= '1993-08-01 00:00:00'::timestamp(0) without time zone) AND (o_orderdate < '1993-11-01 00:00:00'::timestamp without time zone)), (LLVM Optimized, Jit Execute)", "Rows Removed by Index Recheck": 0, "Exact Heap Blocks": 242860, "Lossy Heap Blocks": 242860, "Plans": [{"Node Type": "Bitmap Index Scan", "Parent Relationship": "Outer", "Index Name": "idx_orders_orderdate", "Startup Cost": 0.0, "Total Cost": 14585.71, "Plan Rows": 575746, "Plan Width": 0, "Actual Startup Time": 165.971, "Actual Total Time": 165.971, "Actual Rows": 573635, "Actual Loops": 1, "Index Cond": "((o_orderdate >= '1993-08-01 00:00:00'::timestamp(0) without time zone) AND (o_orderdate < '1993-11-01 00:00:00'::timestamp without time zone))"}]}, {"Node Type": "Hash", "Parent Relationship": "Inner", "Startup Cost": 80765.36, "Total Cost": 80765.36, "Plan Rows": 1500000, "Plan Width": 153, "Actual Startup Time": 1849.875, "Actual Total Time": 1849.875, "Actual Rows": 1500000, "Actual Loops": 1, "Hash Buckets": 2097152, "Hash Batches": 1, "Original Hash Batches": 1, "Peak Memory Usage": 282695, "Plans": [{"Node Type": "Index Scan", "Parent Relationship": "Outer", "Scan Direction": "Forward", "Index Name": "customer_pkey", "Relation Name": "customer", "Alias": "customer", "Startup Cost": 0.0, "Total Cost": 80765.36, "Plan Rows": 1500000, "Plan Width": 153, "Actual Startup Time": 0.051, "Actual Total Time": 1179.927, "Actual Rows": 1500000, "Actual Loops": 1}]}]}, {"Node Type": "Hash", "Parent Relationship": "Inner", "Startup Cost": 12.62, "Total Cost": 12.62, "Plan Rows": 25, "Plan Width": 30, "Actual Startup Time": 0.055, "Actual Total Time": 0.055, "Actual Rows": 25, "Actual Loops": 1, "Hash Buckets": 32768, "Hash Batches": 1, "Original Hash Batches": 1, "Peak Memory Usage": 2, "Plans": [{"Node Type": "Index Scan", "Parent Relationship": "Outer", "Scan Direction": "Forward", "Index Name": "nation_pkey", "Relation Name": "nation", "Alias": "nation", "Startup Cost": 0.0, "Total Cost": 12.62, "Plan Rows": 25, "Plan Width": 30, "Actual Startup Time": 0.021, "Actual Total Time": 0.035, "Actual Rows": 25, "Actual Loops": 1}]}]}, {"Node Type": "Index Scan", "Parent Relationship": "Inner", "Scan Direction": "Forward", "Index Name": "idx_lineitem_orderkey", "Relation Name": "lineitem", "Alias": "lineitem", "Startup Cost": 0.0, "Total Cost": 5.38, "Plan Rows": 3, "Plan Width": 24, "Actual Startup Time": 6106.588, "Actual Total Time": 7464.333, "Actual Rows": 1145969, "Actual Loops": 573635, "Index Cond": "(l_orderkey = orders.o_orderkey)", "Rows Removed by Index Recheck": 0, "Filter": "(l_returnflag = 'R'::bpchar)", "Rows Removed by Filter": 1146896}]}]}]}]}, "Triggers": [], "Planner Runtime": 1, "Total Runtime": 14398.213, "Unique SQL Id": 1604070524}}, "(64, 6)": {"explain_plan": {"Plan": {"Node Type": "Limit", "Startup Cost": 2741876.6, "Total Cost": 2741876.65, "Plan Rows": 20, "Plan Width": 199, "Plans": [{"Node Type": "Sort", "Parent Relationship": "Outer", "Startup Cost": 2741876.6, "Total Cost": 2745491.35, "Plan Rows": 20, "Plan Width": 199, "Sort Key": ["(sum((lineitem.l_extendedprice * (1::double precision - lineitem.l_discount)))) DESC"], "Plans": [{"Node Type": "Aggregate", "Strategy": "Hashed", "Parent Relationship": "Outer", "Startup Cost": 2688942.8, "Total Cost": 2703401.78, "Plan Rows": 1445898, "Plan Width": 199, "Group By Key": ["customer.c_custkey", "customer.c_name", "customer.c_acctbal", "customer.c_phone", "nation.n_name", "customer.c_address", "customer.c_comment"], "Plans": [{"Node Type": "Hash Join", "Parent Relationship": "Outer", "Join Type": "Inner", "Startup Cost": 377859.22, "Total Cost": 2652795.35, "Plan Rows": 1445898, "Plan Width": 191, "Inner Unique": true, "Hash Cond": "(customer.c_nationkey = nation.n_nationkey), (LLVM Optimized)", "Plans": [{"Node Type": "Hash Join", "Parent Relationship": "Outer", "Join Type": "Inner", "Startup Cost": 377857.66, "Total Cost": 2632912.69, "Plan Rows": 1445898, "Plan Width": 169, "Inner Unique": true, "Hash Cond": "(orders.o_custkey = customer.c_custkey), (LLVM Optimized)", "Plans": [{"Node Type": "Hash Join", "Parent Relationship": "Outer", "Join Type": "Inner", "Startup Cost": 306981.66, "Total Cost": 2542155.59, "Plan Rows": 1445898, "Plan Width": 24, "Inner Unique": true, "Hash Cond": "(lineitem.l_orderkey = orders.o_orderkey), (LLVM Optimized)", "Plans": [{"Node Type": "Seq Scan", "Parent Relationship": "Outer", "Relation Name": "lineitem", "Alias": "lineitem", "Startup Cost": 0.0, "Total Cost": 2165082.91, "Plan Rows": 14835209, "Plan Width": 24, "Filter": "(l_returnflag = 'R'::bpchar), (LLVM Optimized)"}, {"Node Type": "Hash", "Parent Relationship": "Inner", "Startup Cost": 299784.84, "Total Cost": 299784.84, "Plan Rows": 575746, "Plan Width": 16, "Plans": [{"Node Type": "Bitmap Heap Scan", "Parent Relationship": "Outer", "Relation Name": "orders", "Alias": "orders", "Startup Cost": 14729.65, "Total Cost": 299784.84, "Plan Rows": 575746, "Plan Width": 16, "Recheck Cond": "((o_orderdate >= '1993-08-01 00:00:00'::timestamp(0) without time zone) AND (o_orderdate < '1993-11-01 00:00:00'::timestamp without time zone)), (LLVM Optimized)", "Plans": [{"Node Type": "Bitmap Index Scan", "Parent Relationship": "Outer", "Index Name": "idx_orders_orderdate", "Startup Cost": 0.0, "Total Cost": 14585.71, "Plan Rows": 575746, "Plan Width": 0, "Index Cond": "((o_orderdate >= '1993-08-01 00:00:00'::timestamp(0) without time zone) AND (o_orderdate < '1993-11-01 00:00:00'::timestamp without time zone))"}]}]}]}, {"Node Type": "Hash", "Parent Relationship": "Inner", "Startup Cost": 52126.0, "Total Cost": 52126.0, "Plan Rows": 1500000, "Plan Width": 153, "Plans": [{"Node Type": "Seq Scan", "Parent Relationship": "Outer", "Relation Name": "customer", "Alias": "customer", "Startup Cost": 0.0, "Total Cost": 52126.0, "Plan Rows": 1500000, "Plan Width": 153}]}]}, {"Node Type": "Hash", "Parent Relationship": "Inner", "Startup Cost": 1.25, "Total Cost": 1.25, "Plan Rows": 25, "Plan Width": 30, "Plans": [{"Node Type": "Seq Scan", "Parent Relationship": "Outer", "Relation Name": "nation", "Alias": "nation", "Startup Cost": 0.0, "Total Cost": 1.25, "Plan Rows": 25, "Plan Width": 30}]}]}]}]}]}, "Unique SQL Id": 1604070524, "Planner Runtime": 1}, "explain_analyze_plan": {"Plan": {"Node Type": "Limit", "Startup Cost": 2741876.6, "Total Cost": 2741876.65, "Plan Rows": 20, "Plan Width": 199, "Actual Startup Time": 32209.202, "Actual Total Time": 32209.207, "Actual Rows": 20, "Actual Loops": 1, "Plans": [{"Node Type": "Sort", "Parent Relationship": "Outer", "Startup Cost": 2741876.6, "Total Cost": 2745491.35, "Plan Rows": 20, "Plan Width": 199, "Actual Startup Time": 32209.199, "Actual Total Time": 32209.201, "Actual Rows": 20, "Actual Loops": 1, "Sort Key": ["(sum((lineitem.l_extendedprice * (1::double precision - lineitem.l_discount)))) DESC"], "Sort Method": "top-N heapsort", "Sort Space Used": 35, "Sort Space Type": "Memory", "Plans": [{"Node Type": "Aggregate", "Strategy": "Hashed", "Parent Relationship": "Outer", "Startup Cost": 2688942.8, "Total Cost": 2703401.78, "Plan Rows": 1445898, "Plan Width": 199, "Actual Startup Time": 31864.123, "Actual Total Time": 32074.823, "Actual Rows": 381542, "Actual Loops": 1, "Group By Key": ["customer.c_custkey", "customer.c_name", "customer.c_acctbal", "customer.c_phone", "nation.n_name", "customer.c_address", "customer.c_comment"], "Plans": [{"Node Type": "Hash Join", "Parent Relationship": "Outer", "Join Type": "Inner", "Startup Cost": 377859.22, "Total Cost": 2652795.35, "Plan Rows": 1445898, "Plan Width": 191, "Actual Startup Time": 2369.806, "Actual Total Time": 30028.378, "Actual Rows": 1145969, "Actual Loops": 1, "Inner Unique": true, "Hash Cond": "(customer.c_nationkey = nation.n_nationkey), (LLVM Optimized, Jit Execute)", "Plans": [{"Node Type": "Hash Join", "Parent Relationship": "Outer", "Join Type": "Inner", "Startup Cost": 377857.66, "Total Cost": 2632912.69, "Plan Rows": 1445898, "Plan Width": 169, "Actual Startup Time": 2369.707, "Actual Total Time": 29557.817, "Actual Rows": 1145969, "Actual Loops": 1, "Inner Unique": true, "Hash Cond": "(orders.o_custkey = customer.c_custkey), (LLVM Optimized, Jit Execute)", "Plans": [{"Node Type": "Hash Join", "Parent Relationship": "Outer", "Join Type": "Inner", "Startup Cost": 306981.66, "Total Cost": 2542155.59, "Plan Rows": 1445898, "Plan Width": 24, "Actual Startup Time": 1138.289, "Actual Total Time": 27567.336, "Actual Rows": 1145969, "Actual Loops": 1, "Inner Unique": true, "Hash Cond": "(lineitem.l_orderkey = orders.o_orderkey), (LLVM Optimized, Jit Execute)", "Plans": [{"Node Type": "Seq Scan", "Parent Relationship": "Outer", "Relation Name": "lineitem", "Alias": "lineitem", "Startup Cost": 0.0, "Total Cost": 2165082.91, "Plan Rows": 14835209, "Plan Width": 24, "Actual Startup Time": 0.018, "Actual Total Time": 22010.703, "Actual Rows": 14808183, "Actual Loops": 1, "Filter": "(l_returnflag = 'R'::bpchar), (LLVM Optimized, Jit Execute)", "Rows Removed by Filter": 45177869}, {"Node Type": "Hash", "Parent Relationship": "Inner", "Startup Cost": 299784.84, "Total Cost": 299784.84, "Plan Rows": 575746, "Plan Width": 16, "Actual Startup Time": 1137.516, "Actual Total Time": 1137.516, "Actual Rows": 573635, "Actual Loops": 1, "Hash Buckets": 1048576, "Hash Batches": 1, "Original Hash Batches": 1, "Peak Memory Usage": 26890, "Plans": [{"Node Type": "Bitmap Heap Scan", "Parent Relationship": "Outer", "Relation Name": "orders", "Alias": "orders", "Startup Cost": 14729.65, "Total Cost": 299784.84, "Plan Rows": 575746, "Plan Width": 16, "Actual Startup Time": 246.943, "Actual Total Time": 931.513, "Actual Rows": 573635, "Actual Loops": 1, "Recheck Cond": "((o_orderdate >= '1993-08-01 00:00:00'::timestamp(0) without time zone) AND (o_orderdate < '1993-11-01 00:00:00'::timestamp without time zone)), (LLVM Optimized, Jit Execute)", "Rows Removed by Index Recheck": 0, "Exact Heap Blocks": 242860, "Lossy Heap Blocks": 242860, "Plans": [{"Node Type": "Bitmap Index Scan", "Parent Relationship": "Outer", "Index Name": "idx_orders_orderdate", "Startup Cost": 0.0, "Total Cost": 14585.71, "Plan Rows": 575746, "Plan Width": 0, "Actual Startup Time": 168.553, "Actual Total Time": 168.553, "Actual Rows": 573635, "Actual Loops": 1, "Index Cond": "((o_orderdate >= '1993-08-01 00:00:00'::timestamp(0) without time zone) AND (o_orderdate < '1993-11-01 00:00:00'::timestamp without time zone))"}]}]}]}, {"Node Type": "Hash", "Parent Relationship": "Inner", "Startup Cost": 52126.0, "Total Cost": 52126.0, "Plan Rows": 1500000, "Plan Width": 153, "Actual Startup Time": 1230.084, "Actual Total Time": 1230.084, "Actual Rows": 1500000, "Actual Loops": 1, "Hash Buckets": 2097152, "Hash Batches": 1, "Original Hash Batches": 1, "Peak Memory Usage": 282695, "Plans": [{"Node Type": "Seq Scan", "Parent Relationship": "Outer", "Relation Name": "customer", "Alias": "customer", "Startup Cost": 0.0, "Total Cost": 52126.0, "Plan Rows": 1500000, "Plan Width": 153, "Actual Startup Time": 0.017, "Actual Total Time": 575.693, "Actual Rows": 1500000, "Actual Loops": 1}]}]}, {"Node Type": "Hash", "Parent Relationship": "Inner", "Startup Cost": 1.25, "Total Cost": 1.25, "Plan Rows": 25, "Plan Width": 30, "Actual Startup Time": 0.052, "Actual Total Time": 0.052, "Actual Rows": 25, "Actual Loops": 1, "Hash Buckets": 32768, "Hash Batches": 1, "Original Hash Batches": 1, "Peak Memory Usage": 2, "Plans": [{"Node Type": "Seq Scan", "Parent Relationship": "Outer", "Relation Name": "nation", "Alias": "nation", "Startup Cost": 0.0, "Total Cost": 1.25, "Plan Rows": 25, "Plan Width": 30, "Actual Startup Time": 0.024, "Actual Total Time": 0.03, "Actual Rows": 25, "Actual Loops": 1}]}]}]}]}]}, "Triggers": [], "Planner Runtime": 1, "Total Runtime": 32220.436, "Unique SQL Id": 1604070524}}, "(64, 7)": {"explain_plan": {"Plan": {"Node Type": "Limit", "Startup Cost": 13443415.76, "Total Cost": 13443415.81, "Plan Rows": 20, "Plan Width": 199, "Plans": [{"Node Type": "Sort", "Parent Relationship": "Outer", "Startup Cost": 13443415.76, "Total Cost": 13447030.51, "Plan Rows": 20, "Plan Width": 199, "Sort Key": ["(sum((lineitem.l_extendedprice * (1::double precision - lineitem.l_discount)))) DESC"], "Plans": [{"Node Type": "Aggregate", "Strategy": "Hashed", "Parent Relationship": "Outer", "Startup Cost": 13390481.96, "Total Cost": 13404940.94, "Plan Rows": 1445898, "Plan Width": 199, "Group By Key": ["customer.c_custkey", "customer.c_name", "customer.c_acctbal", "customer.c_phone", "nation.n_name", "customer.c_address", "customer.c_comment"], "Plans": [{"Node Type": "Nested Loop", "Parent Relationship": "Outer", "Join Type": "Inner", "Startup Cost": 14732.12, "Total Cost": 13354334.51, "Plan Rows": 1445898, "Plan Width": 191, "Inner Unique": false, "Plans": [{"Node Type": "Nested Loop", "Parent Relationship": "Outer", "Join Type": "Inner", "Startup Cost": 14730.2, "Total Cost": 5249597.54, "Plan Rows": 575746, "Plan Width": 183, "Inner Unique": true, "Plans": [{"Node Type": "Nested Loop", "Parent Relationship": "Outer", "Join Type": "Inner", "Startup Cost": 14729.94, "Total Cost": 2785257.65, "Plan Rows": 575746, "Plan Width": 161, "Inner Unique": true, "Plans": [{"Node Type": "Bitmap Heap Scan", "Parent Relationship": "Outer", "Relation Name": "orders", "Alias": "orders", "Startup Cost": 14729.65, "Total Cost": 299784.84, "Plan Rows": 575746, "Plan Width": 16, "Recheck Cond": "((o_orderdate >= '1993-08-01 00:00:00'::timestamp(0) without time zone) AND (o_orderdate < '1993-11-01 00:00:00'::timestamp without time zone)), (LLVM Optimized)", "Plans": [{"Node Type": "Bitmap Index Scan", "Parent Relationship": "Outer", "Index Name": "idx_orders_orderdate", "Startup Cost": 0.0, "Total Cost": 14585.71, "Plan Rows": 575746, "Plan Width": 0, "Index Cond": "((o_orderdate >= '1993-08-01 00:00:00'::timestamp(0) without time zone) AND (o_orderdate < '1993-11-01 00:00:00'::timestamp without time zone))"}]}, {"Node Type": "Bitmap Heap Scan", "Parent Relationship": "Inner", "Relation Name": "customer", "Alias": "customer", "Startup Cost": 0.29, "Total Cost": 4.31, "Plan Rows": 1, "Plan Width": 153, "Recheck Cond": "(c_custkey = orders.o_custkey)", "Plans": [{"Node Type": "Bitmap Index Scan", "Parent Relationship": "Outer", "Index Name": "customer_pkey", "Startup Cost": 0.0, "Total Cost": 0.29, "Plan Rows": 1, "Plan Width": 0, "Index Cond": "(c_custkey = orders.o_custkey)"}]}]}, {"Node Type": "Bitmap Heap Scan", "Parent Relationship": "Inner", "Relation Name": "nation", "Alias": "nation", "Startup Cost": 0.26, "Total Cost": 4.27, "Plan Rows": 1, "Plan Width": 30, "Recheck Cond": "(n_nationkey = customer.c_nationkey)", "Plans": [{"Node Type": "Bitmap Index Scan", "Parent Relationship": "Outer", "Index Name": "nation_pkey", "Startup Cost": 0.0, "Total Cost": 0.26, "Plan Rows": 1, "Plan Width": 0, "Index Cond": "(n_nationkey = customer.c_nationkey)"}]}]}, {"Node Type": "Bitmap Heap Scan", "Parent Relationship": "Inner", "Relation Name": "lineitem", "Alias": "lineitem", "Startup Cost": 1.93, "Total Cost": 14.05, "Plan Rows": 3, "Plan Width": 24, "Recheck Cond": "(l_orderkey = orders.o_orderkey)", "Filter": "(l_returnflag = 'R'::bpchar)", "Plans": [{"Node Type": "Bitmap Index Scan", "Parent Relationship": "Outer", "Index Name": "idx_lineitem_orderkey", "Startup Cost": 0.0, "Total Cost": 1.92, "Plan Rows": 9, "Plan Width": 0, "Index Cond": "(l_orderkey = orders.o_orderkey)"}]}]}]}]}]}, "Unique SQL Id": 1604070524, "Planner Runtime": 1}, "explain_analyze_plan": {"Plan": {"Node Type": "Limit", "Startup Cost": 13443415.76, "Total Cost": 13443415.81, "Plan Rows": 20, "Plan Width": 199, "Actual Startup Time": 16957.333, "Actual Total Time": 16957.341, "Actual Rows": 20, "Actual Loops": 1, "Plans": [{"Node Type": "Sort", "Parent Relationship": "Outer", "Startup Cost": 13443415.76, "Total Cost": 13447030.51, "Plan Rows": 20, "Plan Width": 199, "Actual Startup Time": 16957.329, "Actual Total Time": 16957.334, "Actual Rows": 20, "Actual Loops": 1, "Sort Key": ["(sum((lineitem.l_extendedprice * (1::double precision - lineitem.l_discount)))) DESC"], "Sort Method": "top-N heapsort", "Sort Space Used": 35, "Sort Space Type": "Memory", "Plans": [{"Node Type": "Aggregate", "Strategy": "Hashed", "Parent Relationship": "Outer", "Startup Cost": 13390481.96, "Total Cost": 13404940.94, "Plan Rows": 1445898, "Plan Width": 199, "Actual Startup Time": 16583.968, "Actual Total Time": 16822.306, "Actual Rows": 381542, "Actual Loops": 1, "Group By Key": ["customer.c_custkey", "customer.c_name", "customer.c_acctbal", "customer.c_phone", "nation.n_name", "customer.c_address", "customer.c_comment"], "Plans": [{"Node Type": "Nested Loop", "Parent Relationship": "Outer", "Join Type": "Inner", "Startup Cost": 14732.12, "Total Cost": 13354334.51, "Plan Rows": 1445898, "Plan Width": 191, "Actual Startup Time": 241.783, "Actual Total Time": 14652.01, "Actual Rows": 1145969, "Actual Loops": 1, "Inner Unique": false, "Plans": [{"Node Type": "Nested Loop", "Parent Relationship": "Outer", "Join Type": "Inner", "Startup Cost": 14730.2, "Total Cost": 5249597.54, "Plan Rows": 575746, "Plan Width": 183, "Actual Startup Time": 241.73, "Actual Total Time": 8212.424, "Actual Rows": 573635, "Actual Loops": 1, "Inner Unique": true, "Plans": [{"Node Type": "Nested Loop", "Parent Relationship": "Outer", "Join Type": "Inner", "Startup Cost": 14729.94, "Total Cost": 2785257.65, "Plan Rows": 575746, "Plan Width": 161, "Actual Startup Time": 241.696, "Actual Total Time": 6036.117, "Actual Rows": 573635, "Actual Loops": 1, "Inner Unique": true, "Plans": [{"Node Type": "Bitmap Heap Scan", "Parent Relationship": "Outer", "Relation Name": "orders", "Alias": "orders", "Startup Cost": 14729.65, "Total Cost": 299784.84, "Plan Rows": 575746, "Plan Width": 16, "Actual Startup Time": 241.45, "Actual Total Time": 1047.688, "Actual Rows": 573635, "Actual Loops": 1, "Recheck Cond": "((o_orderdate >= '1993-08-01 00:00:00'::timestamp(0) without time zone) AND (o_orderdate < '1993-11-01 00:00:00'::timestamp without time zone)), (LLVM Optimized, Jit Execute)", "Rows Removed by Index Recheck": 0, "Exact Heap Blocks": 242860, "Lossy Heap Blocks": 242860, "Plans": [{"Node Type": "Bitmap Index Scan", "Parent Relationship": "Outer", "Index Name": "idx_orders_orderdate", "Startup Cost": 0.0, "Total Cost": 14585.71, "Plan Rows": 575746, "Plan Width": 0, "Actual Startup Time": 167.064, "Actual Total Time": 167.064, "Actual Rows": 573635, "Actual Loops": 1, "Index Cond": "((o_orderdate >= '1993-08-01 00:00:00'::timestamp(0) without time zone) AND (o_orderdate < '1993-11-01 00:00:00'::timestamp without time zone))"}]}, {"Node Type": "Bitmap Heap Scan", "Parent Relationship": "Inner", "Relation Name": "customer", "Alias": "customer", "Startup Cost": 0.29, "Total Cost": 4.31, "Plan Rows": 1, "Plan Width": 153, "Actual Startup Time": 4129.14, "Actual Total Time": 4129.14, "Actual Rows": 573635, "Actual Loops": 573635, "Recheck Cond": "(c_custkey = orders.o_custkey)", "Rows Removed by Index Recheck": 0, "Exact Heap Blocks": 573635, "Lossy Heap Blocks": 573635, "Plans": [{"Node Type": "Bitmap Index Scan", "Parent Relationship": "Outer", "Index Name": "customer_pkey", "Startup Cost": 0.0, "Total Cost": 0.29, "Plan Rows": 1, "Plan Width": 0, "Actual Startup Time": 2565.96, "Actual Total Time": 2565.96, "Actual Rows": 573635, "Actual Loops": 573635, "Index Cond": "(c_custkey = orders.o_custkey)"}]}]}, {"Node Type": "Bitmap Heap Scan", "Parent Relationship": "Inner", "Relation Name": "nation", "Alias": "nation", "Startup Cost": 0.26, "Total Cost": 4.27, "Plan Rows": 1, "Plan Width": 30, "Actual Startup Time": 1398.487, "Actual Total Time": 1398.487, "Actual Rows": 573635, "Actual Loops": 573635, "Recheck Cond": "(n_nationkey = customer.c_nationkey)", "Rows Removed by Index Recheck": 0, "Exact Heap Blocks": 573635, "Lossy Heap Blocks": 573635, "Plans": [{"Node Type": "Bitmap Index Scan", "Parent Relationship": "Outer", "Index Name": "nation_pkey", "Startup Cost": 0.0, "Total Cost": 0.26, "Plan Rows": 1, "Plan Width": 0, "Actual Startup Time": 610.04, "Actual Total Time": 610.04, "Actual Rows": 573635, "Actual Loops": 573635, "Index Cond": "(n_nationkey = customer.c_nationkey)"}]}]}, {"Node Type": "Bitmap Heap Scan", "Parent Relationship": "Inner", "Relation Name": "lineitem", "Alias": "lineitem", "Startup Cost": 1.93, "Total Cost": 14.05, "Plan Rows": 3, "Plan Width": 24, "Actual Startup Time": 4947.793, "Actual Total Time": 5480.067, "Actual Rows": 1145969, "Actual Loops": 573635, "Recheck Cond": "(l_orderkey = orders.o_orderkey)", "Rows Removed by Index Recheck": 0, "Filter": "(l_returnflag = 'R'::bpchar)", "Rows Removed by Filter": 1146896, "Exact Heap Blocks": 614400, "Lossy Heap Blocks": 614400, "Plans": [{"Node Type": "Bitmap Index Scan", "Parent Relationship": "Outer", "Index Name": "idx_lineitem_orderkey", "Startup Cost": 0.0, "Total Cost": 1.92, "Plan Rows": 9, "Plan Width": 0, "Actual Startup Time": 2505.557, "Actual Total Time": 2505.557, "Actual Rows": 2292865, "Actual Loops": 573635, "Index Cond": "(l_orderkey = orders.o_orderkey)"}]}]}]}]}]}, "Triggers": [], "Planner Runtime": 0, "Total Runtime": 16967.566, "Unique SQL Id": 1604070524}}, "(64, 8)": {"explain_plan": {"Plan": {"Node Type": "Limit", "Startup Cost": 2943502.95, "Total Cost": 2943503.0, "Plan Rows": 20, "Plan Width": 199, "Plans": [{"Node Type": "Sort", "Parent Relationship": "Outer", "Startup Cost": 2943502.95, "Total Cost": 2947117.69, "Plan Rows": 20, "Plan Width": 199, "Sort Key": ["(sum((lineitem.l_extendedprice * (1::double precision - lineitem.l_discount)))) DESC"], "Plans": [{"Node Type": "Aggregate", "Strategy": "Hashed", "Parent Relationship": "Outer", "Startup Cost": 2890569.14, "Total Cost": 2905028.12, "Plan Rows": 1445898, "Plan Width": 199, "Group By Key": ["customer.c_custkey", "customer.c_name", "customer.c_acctbal", "customer.c_phone", "nation.n_name", "customer.c_address", "customer.c_comment"], "Plans": [{"Node Type": "Hash Join", "Parent Relationship": "Outer", "Join Type": "Inner", "Startup Cost": 579485.57, "Total Cost": 2854421.69, "Plan Rows": 1445898, "Plan Width": 191, "Inner Unique": true, "Hash Cond": "(customer.c_nationkey = nation.n_nationkey), (LLVM Optimized)", "Plans": [{"Node Type": "Hash Join", "Parent Relationship": "Outer", "Join Type": "Inner", "Startup Cost": 579484.01, "Total Cost": 2834539.03, "Plan Rows": 1445898, "Plan Width": 169, "Inner Unique": true, "Hash Cond": "(orders.o_custkey = customer.c_custkey), (LLVM Optimized)", "Plans": [{"Node Type": "Hash Join", "Parent Relationship": "Outer", "Join Type": "Inner", "Startup Cost": 508608.01, "Total Cost": 2743781.94, "Plan Rows": 1445898, "Plan Width": 24, "Inner Unique": true, "Hash Cond": "(lineitem.l_orderkey = orders.o_orderkey), (LLVM Optimized)", "Plans": [{"Node Type": "Seq Scan", "Parent Relationship": "Outer", "Relation Name": "lineitem", "Alias": "lineitem", "Startup Cost": 0.0, "Total Cost": 2165082.91, "Plan Rows": 14835209, "Plan Width": 24, "Filter": "(l_returnflag = 'R'::bpchar), (LLVM Optimized)"}, {"Node Type": "Hash", "Parent Relationship": "Inner", "Startup Cost": 501411.18, "Total Cost": 501411.18, "Plan Rows": 575746, "Plan Width": 16, "Plans": [{"Node Type": "Seq Scan", "Parent Relationship": "Outer", "Relation Name": "orders", "Alias": "orders", "Startup Cost": 578.97, "Total Cost": 501411.18, "Plan Rows": 575746, "Plan Width": 16, "Filter": "((o_orderdate >= '1993-08-01 00:00:00'::timestamp(0) without time zone) AND (o_orderdate < '1993-11-01 00:00:00'::timestamp without time zone)), (LLVM Optimized)"}]}]}, {"Node Type": "Hash", "Parent Relationship": "Inner", "Startup Cost": 52126.0, "Total Cost": 52126.0, "Plan Rows": 1500000, "Plan Width": 153, "Plans": [{"Node Type": "Seq Scan", "Parent Relationship": "Outer", "Relation Name": "customer", "Alias": "customer", "Startup Cost": 0.0, "Total Cost": 52126.0, "Plan Rows": 1500000, "Plan Width": 153}]}]}, {"Node Type": "Hash", "Parent Relationship": "Inner", "Startup Cost": 1.25, "Total Cost": 1.25, "Plan Rows": 25, "Plan Width": 30, "Plans": [{"Node Type": "Seq Scan", "Parent Relationship": "Outer", "Relation Name": "nation", "Alias": "nation", "Startup Cost": 0.0, "Total Cost": 1.25, "Plan Rows": 25, "Plan Width": 30}]}]}]}]}]}, "Unique SQL Id": 1604070524, "Planner Runtime": 1}, "explain_analyze_plan": {"Plan": {"Node Type": "Limit", "Startup Cost": 2943502.95, "Total Cost": 2943503.0, "Plan Rows": 20, "Plan Width": 199, "Actual Startup Time": 36920.501, "Actual Total Time": 36920.507, "Actual Rows": 20, "Actual Loops": 1, "Plans": [{"Node Type": "Sort", "Parent Relationship": "Outer", "Startup Cost": 2943502.95, "Total Cost": 2947117.69, "Plan Rows": 20, "Plan Width": 199, "Actual Startup Time": 36920.499, "Actual Total Time": 36920.503, "Actual Rows": 20, "Actual Loops": 1, "Sort Key": ["(sum((lineitem.l_extendedprice * (1::double precision - lineitem.l_discount)))) DESC"], "Sort Method": "top-N heapsort", "Sort Space Used": 35, "Sort Space Type": "Memory", "Plans": [{"Node Type": "Aggregate", "Strategy": "Hashed", "Parent Relationship": "Outer", "Startup Cost": 2890569.14, "Total Cost": 2905028.12, "Plan Rows": 1445898, "Plan Width": 199, "Actual Startup Time": 36545.483, "Actual Total Time": 36785.555, "Actual Rows": 381542, "Actual Loops": 1, "Group By Key": ["customer.c_custkey", "customer.c_name", "customer.c_acctbal", "customer.c_phone", "nation.n_name", "customer.c_address", "customer.c_comment"], "Plans": [{"Node Type": "Hash Join", "Parent Relationship": "Outer", "Join Type": "Inner", "Startup Cost": 579485.57, "Total Cost": 2854421.69, "Plan Rows": 1445898, "Plan Width": 191, "Actual Startup Time": 6881.164, "Actual Total Time": 34691.279, "Actual Rows": 1145969, "Actual Loops": 1, "Inner Unique": true, "Hash Cond": "(customer.c_nationkey = nation.n_nationkey), (LLVM Optimized, Jit Execute)", "Plans": [{"Node Type": "Hash Join", "Parent Relationship": "Outer", "Join Type": "Inner", "Startup Cost": 579484.01, "Total Cost": 2834539.03, "Plan Rows": 1445898, "Plan Width": 169, "Actual Startup Time": 6881.038, "Actual Total Time": 34222.051, "Actual Rows": 1145969, "Actual Loops": 1, "Inner Unique": true, "Hash Cond": "(orders.o_custkey = customer.c_custkey), (LLVM Optimized, Jit Execute)", "Plans": [{"Node Type": "Hash Join", "Parent Relationship": "Outer", "Join Type": "Inner", "Startup Cost": 508608.01, "Total Cost": 2743781.94, "Plan Rows": 1445898, "Plan Width": 24, "Actual Startup Time": 5638.194, "Actual Total Time": 32187.007, "Actual Rows": 1145969, "Actual Loops": 1, "Inner Unique": true, "Hash Cond": "(lineitem.l_orderkey = orders.o_orderkey), (LLVM Optimized, Jit Execute)", "Plans": [{"Node Type": "Seq Scan", "Parent Relationship": "Outer", "Relation Name": "lineitem", "Alias": "lineitem", "Startup Cost": 0.0, "Total Cost": 2165082.91, "Plan Rows": 14835209, "Plan Width": 24, "Actual Startup Time": 0.023, "Actual Total Time": 21948.455, "Actual Rows": 14808183, "Actual Loops": 1, "Filter": "(l_returnflag = 'R'::bpchar), (LLVM Optimized, Jit Execute)", "Rows Removed by Filter": 45177869}, {"Node Type": "Hash", "Parent Relationship": "Inner", "Startup Cost": 501411.18, "Total Cost": 501411.18, "Plan Rows": 575746, "Plan Width": 16, "Actual Startup Time": 5637.479, "Actual Total Time": 5637.479, "Actual Rows": 573635, "Actual Loops": 1, "Hash Buckets": 1048576, "Hash Batches": 1, "Original Hash Batches": 1, "Peak Memory Usage": 26890, "Plans": [{"Node Type": "Seq Scan", "Parent Relationship": "Outer", "Relation Name": "orders", "Alias": "orders", "Startup Cost": 578.97, "Total Cost": 501411.18, "Plan Rows": 575746, "Plan Width": 16, "Actual Startup Time": 0.025, "Actual Total Time": 5354.546, "Actual Rows": 573635, "Actual Loops": 1, "Filter": "((o_orderdate >= '1993-08-01 00:00:00'::timestamp(0) without time zone) AND (o_orderdate < '1993-11-01 00:00:00'::timestamp without time zone)), (LLVM Optimized, Jit Execute)", "Rows Removed by Filter": 14426365}]}]}, {"Node Type": "Hash", "Parent Relationship": "Inner", "Startup Cost": 52126.0, "Total Cost": 52126.0, "Plan Rows": 1500000, "Plan Width": 153, "Actual Startup Time": 1241.53, "Actual Total Time": 1241.53, "Actual Rows": 1500000, "Actual Loops": 1, "Hash Buckets": 2097152, "Hash Batches": 1, "Original Hash Batches": 1, "Peak Memory Usage": 282695, "Plans": [{"Node Type": "Seq Scan", "Parent Relationship": "Outer", "Relation Name": "customer", "Alias": "customer", "Startup Cost": 0.0, "Total Cost": 52126.0, "Plan Rows": 1500000, "Plan Width": 153, "Actual Startup Time": 0.017, "Actual Total Time": 579.941, "Actual Rows": 1500000, "Actual Loops": 1}]}]}, {"Node Type": "Hash", "Parent Relationship": "Inner", "Startup Cost": 1.25, "Total Cost": 1.25, "Plan Rows": 25, "Plan Width": 30, "Actual Startup Time": 0.056, "Actual Total Time": 0.056, "Actual Rows": 25, "Actual Loops": 1, "Hash Buckets": 32768, "Hash Batches": 1, "Original Hash Batches": 1, "Peak Memory Usage": 2, "Plans": [{"Node Type": "Seq Scan", "Parent Relationship": "Outer", "Relation Name": "nation", "Alias": "nation", "Startup Cost": 0.0, "Total Cost": 1.25, "Plan Rows": 25, "Plan Width": 30, "Actual Startup Time": 0.025, "Actual Total Time": 0.033, "Actual Rows": 25, "Actual Loops": 1}]}]}]}]}]}, "Triggers": [], "Planner Runtime": 1, "Total Runtime": 36931.228, "Unique SQL Id": 1604070524}}, "(64, 9)": {"explain_plan": {"Plan": {"Node Type": "Limit", "Startup Cost": 4127035.84, "Total Cost": 4127035.89, "Plan Rows": 20, "Plan Width": 199, "Plans": [{"Node Type": "Sort", "Parent Relationship": "Outer", "Startup Cost": 4127035.84, "Total Cost": 4130650.58, "Plan Rows": 20, "Plan Width": 199, "Sort Key": ["(sum((lineitem.l_extendedprice * (1::double precision - lineitem.l_discount)))) DESC"], "Plans": [{"Node Type": "Aggregate", "Strategy": "Hashed", "Parent Relationship": "Outer", "Startup Cost": 4074102.03, "Total Cost": 4088561.01, "Plan Rows": 1445898, "Plan Width": 199, "Group By Key": ["customer.c_custkey", "customer.c_name", "customer.c_acctbal", "customer.c_phone", "nation.n_name", "customer.c_address", "customer.c_comment"], "Plans": [{"Node Type": "Nested Loop", "Parent Relationship": "Outer", "Join Type": "Inner", "Startup Cost": 99528.29, "Total Cost": 4037954.58, "Plan Rows": 1445898, "Plan Width": 191, "Inner Unique": false, "Plans": [{"Node Type": "Hash Join", "Parent Relationship": "Outer", "Join Type": "Inner", "Startup Cost": 99528.29, "Total Cost": 921337.14, "Plan Rows": 575746, "Plan Width": 183, "Inner Unique": true, "Hash Cond": "(customer.c_nationkey = nation.n_nationkey), (LLVM Optimized)", "Plans": [{"Node Type": "Hash Join", "Parent Relationship": "Outer", "Join Type": "Inner", "Startup Cost": 99515.36, "Total Cost": 913407.69, "Plan Rows": 575746, "Plan Width": 161, "Inner Unique": true, "Hash Cond": "(orders.o_custkey = customer.c_custkey), (LLVM Optimized)", "Plans": [{"Node Type": "Index Scan", "Parent Relationship": "Outer", "Scan Direction": "Forward", "Index Name": "orders_pkey", "Relation Name": "orders", "Alias": "orders", "Startup Cost": 0.0, "Total Cost": 805975.83, "Plan Rows": 575746, "Plan Width": 16, "Filter": "((o_orderdate >= '1993-08-01 00:00:00'::timestamp(0) without time zone) AND (o_orderdate < '1993-11-01 00:00:00'::timestamp without time zone)), (LLVM Optimized)"}, {"Node Type": "Hash", "Parent Relationship": "Inner", "Startup Cost": 80765.36, "Total Cost": 80765.36, "Plan Rows": 1500000, "Plan Width": 153, "Plans": [{"Node Type": "Index Scan", "Parent Relationship": "Outer", "Scan Direction": "Forward", "Index Name": "customer_pkey", "Relation Name": "customer", "Alias": "customer", "Startup Cost": 0.0, "Total Cost": 80765.36, "Plan Rows": 1500000, "Plan Width": 153}]}]}, {"Node Type": "Hash", "Parent Relationship": "Inner", "Startup Cost": 12.62, "Total Cost": 12.62, "Plan Rows": 25, "Plan Width": 30, "Plans": [{"Node Type": "Index Scan", "Parent Relationship": "Outer", "Scan Direction": "Forward", "Index Name": "nation_pkey", "Relation Name": "nation", "Alias": "nation", "Startup Cost": 0.0, "Total Cost": 12.62, "Plan Rows": 25, "Plan Width": 30}]}]}, {"Node Type": "Index Scan", "Parent Relationship": "Inner", "Scan Direction": "Forward", "Index Name": "idx_lineitem_orderkey", "Relation Name": "lineitem", "Alias": "lineitem", "Startup Cost": 0.0, "Total Cost": 5.38, "Plan Rows": 3, "Plan Width": 24, "Index Cond": "(l_orderkey = orders.o_orderkey)", "Filter": "(l_returnflag = 'R'::bpchar)"}]}]}]}]}, "Unique SQL Id": 1604070524, "Planner Runtime": 2}, "explain_analyze_plan": {"Plan": {"Node Type": "Limit", "Startup Cost": 4127035.84, "Total Cost": 4127035.89, "Plan Rows": 20, "Plan Width": 199, "Actual Startup Time": 21134.985, "Actual Total Time": 21134.993, "Actual Rows": 20, "Actual Loops": 1, "Plans": [{"Node Type": "Sort", "Parent Relationship": "Outer", "Startup Cost": 4127035.84, "Total Cost": 4130650.58, "Plan Rows": 20, "Plan Width": 199, "Actual Startup Time": 21134.982, "Actual Total Time": 21134.985, "Actual Rows": 20, "Actual Loops": 1, "Sort Key": ["(sum((lineitem.l_extendedprice * (1::double precision - lineitem.l_discount)))) DESC"], "Sort Method": "top-N heapsort", "Sort Space Used": 35, "Sort Space Type": "Memory", "Plans": [{"Node Type": "Aggregate", "Strategy": "Hashed", "Parent Relationship": "Outer", "Startup Cost": 4074102.03, "Total Cost": 4088561.01, "Plan Rows": 1445898, "Plan Width": 199, "Actual Startup Time": 20745.969, "Actual Total Time": 20998.23, "Actual Rows": 381542, "Actual Loops": 1, "Group By Key": ["customer.c_custkey", "customer.c_name", "customer.c_acctbal", "customer.c_phone", "nation.n_name", "customer.c_address", "customer.c_comment"], "Plans": [{"Node Type": "Nested Loop", "Parent Relationship": "Outer", "Join Type": "Inner", "Startup Cost": 99528.29, "Total Cost": 4037954.58, "Plan Rows": 1445898, "Plan Width": 191, "Actual Startup Time": 1600.72, "Actual Total Time": 18843.051, "Actual Rows": 1145969, "Actual Loops": 1, "Inner Unique": false, "Plans": [{"Node Type": "Hash Join", "Parent Relationship": "Outer", "Join Type": "Inner", "Startup Cost": 99528.29, "Total Cost": 921337.14, "Plan Rows": 575746, "Plan Width": 183, "Actual Startup Time": 1600.653, "Actual Total Time": 13140.575, "Actual Rows": 573635, "Actual Loops": 1, "Inner Unique": true, "Hash Cond": "(customer.c_nationkey = nation.n_nationkey), (LLVM Optimized, Jit Execute)", "Plans": [{"Node Type": "Hash Join", "Parent Relationship": "Outer", "Join Type": "Inner", "Startup Cost": 99515.36, "Total Cost": 913407.69, "Plan Rows": 575746, "Plan Width": 161, "Actual Startup Time": 1600.552, "Actual Total Time": 12889.515, "Actual Rows": 573635, "Actual Loops": 1, "Inner Unique": true, "Hash Cond": "(orders.o_custkey = customer.c_custkey), (LLVM Optimized, Jit Execute)", "Plans": [{"Node Type": "Index Scan", "Parent Relationship": "Outer", "Scan Direction": "Forward", "Index Name": "orders_pkey", "Relation Name": "orders", "Alias": "orders", "Startup Cost": 0.0, "Total Cost": 805975.83, "Plan Rows": 575746, "Plan Width": 16, "Actual Startup Time": 0.033, "Actual Total Time": 10620.983, "Actual Rows": 573635, "Actual Loops": 1, "Filter": "((o_orderdate >= '1993-08-01 00:00:00'::timestamp(0) without time zone) AND (o_orderdate < '1993-11-01 00:00:00'::timestamp without time zone)), (LLVM Optimized, Jit Execute)", "Rows Removed by Filter": 14426365}, {"Node Type": "Hash", "Parent Relationship": "Inner", "Startup Cost": 80765.36, "Total Cost": 80765.36, "Plan Rows": 1500000, "Plan Width": 153, "Actual Startup Time": 1599.252, "Actual Total Time": 1599.252, "Actual Rows": 1500000, "Actual Loops": 1, "Hash Buckets": 2097152, "Hash Batches": 1, "Original Hash Batches": 1, "Peak Memory Usage": 282695, "Plans": [{"Node Type": "Index Scan", "Parent Relationship": "Outer", "Scan Direction": "Forward", "Index Name": "customer_pkey", "Relation Name": "customer", "Alias": "customer", "Startup Cost": 0.0, "Total Cost": 80765.36, "Plan Rows": 1500000, "Plan Width": 153, "Actual Startup Time": 0.023, "Actual Total Time": 944.077, "Actual Rows": 1500000, "Actual Loops": 1}]}]}, {"Node Type": "Hash", "Parent Relationship": "Inner", "Startup Cost": 12.62, "Total Cost": 12.62, "Plan Rows": 25, "Plan Width": 30, "Actual Startup Time": 0.055, "Actual Total Time": 0.055, "Actual Rows": 25, "Actual Loops": 1, "Hash Buckets": 32768, "Hash Batches": 1, "Original Hash Batches": 1, "Peak Memory Usage": 2, "Plans": [{"Node Type": "Index Scan", "Parent Relationship": "Outer", "Scan Direction": "Forward", "Index Name": "nation_pkey", "Relation Name": "nation", "Alias": "nation", "Startup Cost": 0.0, "Total Cost": 12.62, "Plan Rows": 25, "Plan Width": 30, "Actual Startup Time": 0.022, "Actual Total Time": 0.035, "Actual Rows": 25, "Actual Loops": 1}]}]}, {"Node Type": "Index Scan", "Parent Relationship": "Inner", "Scan Direction": "Forward", "Index Name": "idx_lineitem_orderkey", "Relation Name": "lineitem", "Alias": "lineitem", "Startup Cost": 0.0, "Total Cost": 5.38, "Plan Rows": 3, "Plan Width": 24, "Actual Startup Time": 3796.484, "Actual Total Time": 5067.305, "Actual Rows": 1145969, "Actual Loops": 573635, "Index Cond": "(l_orderkey = orders.o_orderkey)", "Rows Removed by Index Recheck": 0, "Filter": "(l_returnflag = 'R'::bpchar)", "Rows Removed by Filter": 1146896}]}]}]}]}, "Triggers": [], "Planner Runtime": 1, "Total Runtime": 21145.328, "Unique SQL Id": 1604070524}}, "(64, 10)": {"explain_plan": {"Plan": {"Node Type": "Limit", "Startup Cost": 2943502.95, "Total Cost": 2943503.0, "Plan Rows": 20, "Plan Width": 199, "Plans": [{"Node Type": "Sort", "Parent Relationship": "Outer", "Startup Cost": 2943502.95, "Total Cost": 2947117.69, "Plan Rows": 20, "Plan Width": 199, "Sort Key": ["(sum((lineitem.l_extendedprice * (1::double precision - lineitem.l_discount)))) DESC"], "Plans": [{"Node Type": "Aggregate", "Strategy": "Hashed", "Parent Relationship": "Outer", "Startup Cost": 2890569.14, "Total Cost": 2905028.12, "Plan Rows": 1445898, "Plan Width": 199, "Group By Key": ["customer.c_custkey", "customer.c_name", "customer.c_acctbal", "customer.c_phone", "nation.n_name", "customer.c_address", "customer.c_comment"], "Plans": [{"Node Type": "Hash Join", "Parent Relationship": "Outer", "Join Type": "Inner", "Startup Cost": 579485.57, "Total Cost": 2854421.69, "Plan Rows": 1445898, "Plan Width": 191, "Inner Unique": true, "Hash Cond": "(customer.c_nationkey = nation.n_nationkey), (LLVM Optimized)", "Plans": [{"Node Type": "Hash Join", "Parent Relationship": "Outer", "Join Type": "Inner", "Startup Cost": 579484.01, "Total Cost": 2834539.03, "Plan Rows": 1445898, "Plan Width": 169, "Inner Unique": true, "Hash Cond": "(orders.o_custkey = customer.c_custkey), (LLVM Optimized)", "Plans": [{"Node Type": "Hash Join", "Parent Relationship": "Outer", "Join Type": "Inner", "Startup Cost": 508608.01, "Total Cost": 2743781.94, "Plan Rows": 1445898, "Plan Width": 24, "Inner Unique": true, "Hash Cond": "(lineitem.l_orderkey = orders.o_orderkey), (LLVM Optimized)", "Plans": [{"Node Type": "Seq Scan", "Parent Relationship": "Outer", "Relation Name": "lineitem", "Alias": "lineitem", "Startup Cost": 0.0, "Total Cost": 2165082.91, "Plan Rows": 14835209, "Plan Width": 24, "Filter": "(l_returnflag = 'R'::bpchar), (LLVM Optimized)"}, {"Node Type": "Hash", "Parent Relationship": "Inner", "Startup Cost": 501411.18, "Total Cost": 501411.18, "Plan Rows": 575746, "Plan Width": 16, "Plans": [{"Node Type": "Seq Scan", "Parent Relationship": "Outer", "Relation Name": "orders", "Alias": "orders", "Startup Cost": 578.97, "Total Cost": 501411.18, "Plan Rows": 575746, "Plan Width": 16, "Filter": "((o_orderdate >= '1993-08-01 00:00:00'::timestamp(0) without time zone) AND (o_orderdate < '1993-11-01 00:00:00'::timestamp without time zone)), (LLVM Optimized)"}]}]}, {"Node Type": "Hash", "Parent Relationship": "Inner", "Startup Cost": 52126.0, "Total Cost": 52126.0, "Plan Rows": 1500000, "Plan Width": 153, "Plans": [{"Node Type": "Seq Scan", "Parent Relationship": "Outer", "Relation Name": "customer", "Alias": "customer", "Startup Cost": 0.0, "Total Cost": 52126.0, "Plan Rows": 1500000, "Plan Width": 153}]}]}, {"Node Type": "Hash", "Parent Relationship": "Inner", "Startup Cost": 1.25, "Total Cost": 1.25, "Plan Rows": 25, "Plan Width": 30, "Plans": [{"Node Type": "Seq Scan", "Parent Relationship": "Outer", "Relation Name": "nation", "Alias": "nation", "Startup Cost": 0.0, "Total Cost": 1.25, "Plan Rows": 25, "Plan Width": 30}]}]}]}]}]}, "Unique SQL Id": 1604070524, "Planner Runtime": 2}, "explain_analyze_plan": {"Plan": {"Node Type": "Limit", "Startup Cost": 2943502.95, "Total Cost": 2943503.0, "Plan Rows": 20, "Plan Width": 199, "Actual Startup Time": 36920.501, "Actual Total Time": 36920.507, "Actual Rows": 20, "Actual Loops": 1, "Plans": [{"Node Type": "Sort", "Parent Relationship": "Outer", "Startup Cost": 2943502.95, "Total Cost": 2947117.69, "Plan Rows": 20, "Plan Width": 199, "Actual Startup Time": 36920.499, "Actual Total Time": 36920.503, "Actual Rows": 20, "Actual Loops": 1, "Sort Key": ["(sum((lineitem.l_extendedprice * (1::double precision - lineitem.l_discount)))) DESC"], "Sort Method": "top-N heapsort", "Sort Space Used": 35, "Sort Space Type": "Memory", "Plans": [{"Node Type": "Aggregate", "Strategy": "Hashed", "Parent Relationship": "Outer", "Startup Cost": 2890569.14, "Total Cost": 2905028.12, "Plan Rows": 1445898, "Plan Width": 199, "Actual Startup Time": 36545.483, "Actual Total Time": 36785.555, "Actual Rows": 381542, "Actual Loops": 1, "Group By Key": ["customer.c_custkey", "customer.c_name", "customer.c_acctbal", "customer.c_phone", "nation.n_name", "customer.c_address", "customer.c_comment"], "Plans": [{"Node Type": "Hash Join", "Parent Relationship": "Outer", "Join Type": "Inner", "Startup Cost": 579485.57, "Total Cost": 2854421.69, "Plan Rows": 1445898, "Plan Width": 191, "Actual Startup Time": 6881.164, "Actual Total Time": 34691.279, "Actual Rows": 1145969, "Actual Loops": 1, "Inner Unique": true, "Hash Cond": "(customer.c_nationkey = nation.n_nationkey), (LLVM Optimized, Jit Execute)", "Plans": [{"Node Type": "Hash Join", "Parent Relationship": "Outer", "Join Type": "Inner", "Startup Cost": 579484.01, "Total Cost": 2834539.03, "Plan Rows": 1445898, "Plan Width": 169, "Actual Startup Time": 6881.038, "Actual Total Time": 34222.051, "Actual Rows": 1145969, "Actual Loops": 1, "Inner Unique": true, "Hash Cond": "(orders.o_custkey = customer.c_custkey), (LLVM Optimized, Jit Execute)", "Plans": [{"Node Type": "Hash Join", "Parent Relationship": "Outer", "Join Type": "Inner", "Startup Cost": 508608.01, "Total Cost": 2743781.94, "Plan Rows": 1445898, "Plan Width": 24, "Actual Startup Time": 5638.194, "Actual Total Time": 32187.007, "Actual Rows": 1145969, "Actual Loops": 1, "Inner Unique": true, "Hash Cond": "(lineitem.l_orderkey = orders.o_orderkey), (LLVM Optimized, Jit Execute)", "Plans": [{"Node Type": "Seq Scan", "Parent Relationship": "Outer", "Relation Name": "lineitem", "Alias": "lineitem", "Startup Cost": 0.0, "Total Cost": 2165082.91, "Plan Rows": 14835209, "Plan Width": 24, "Actual Startup Time": 0.023, "Actual Total Time": 21948.455, "Actual Rows": 14808183, "Actual Loops": 1, "Filter": "(l_returnflag = 'R'::bpchar), (LLVM Optimized, Jit Execute)", "Rows Removed by Filter": 45177869}, {"Node Type": "Hash", "Parent Relationship": "Inner", "Startup Cost": 501411.18, "Total Cost": 501411.18, "Plan Rows": 575746, "Plan Width": 16, "Actual Startup Time": 5637.479, "Actual Total Time": 5637.479, "Actual Rows": 573635, "Actual Loops": 1, "Hash Buckets": 1048576, "Hash Batches": 1, "Original Hash Batches": 1, "Peak Memory Usage": 26890, "Plans": [{"Node Type": "Seq Scan", "Parent Relationship": "Outer", "Relation Name": "orders", "Alias": "orders", "Startup Cost": 578.97, "Total Cost": 501411.18, "Plan Rows": 575746, "Plan Width": 16, "Actual Startup Time": 0.025, "Actual Total Time": 5354.546, "Actual Rows": 573635, "Actual Loops": 1, "Filter": "((o_orderdate >= '1993-08-01 00:00:00'::timestamp(0) without time zone) AND (o_orderdate < '1993-11-01 00:00:00'::timestamp without time zone)), (LLVM Optimized, Jit Execute)", "Rows Removed by Filter": 14426365}]}]}, {"Node Type": "Hash", "Parent Relationship": "Inner", "Startup Cost": 52126.0, "Total Cost": 52126.0, "Plan Rows": 1500000, "Plan Width": 153, "Actual Startup Time": 1241.53, "Actual Total Time": 1241.53, "Actual Rows": 1500000, "Actual Loops": 1, "Hash Buckets": 2097152, "Hash Batches": 1, "Original Hash Batches": 1, "Peak Memory Usage": 282695, "Plans": [{"Node Type": "Seq Scan", "Parent Relationship": "Outer", "Relation Name": "customer", "Alias": "customer", "Startup Cost": 0.0, "Total Cost": 52126.0, "Plan Rows": 1500000, "Plan Width": 153, "Actual Startup Time": 0.017, "Actual Total Time": 579.941, "Actual Rows": 1500000, "Actual Loops": 1}]}]}, {"Node Type": "Hash", "Parent Relationship": "Inner", "Startup Cost": 1.25, "Total Cost": 1.25, "Plan Rows": 25, "Plan Width": 30, "Actual Startup Time": 0.056, "Actual Total Time": 0.056, "Actual Rows": 25, "Actual Loops": 1, "Hash Buckets": 32768, "Hash Batches": 1, "Original Hash Batches": 1, "Peak Memory Usage": 2, "Plans": [{"Node Type": "Seq Scan", "Parent Relationship": "Outer", "Relation Name": "nation", "Alias": "nation", "Startup Cost": 0.0, "Total Cost": 1.25, "Plan Rows": 25, "Plan Width": 30, "Actual Startup Time": 0.025, "Actual Total Time": 0.033, "Actual Rows": 25, "Actual Loops": 1}]}]}]}]}]}, "Triggers": [], "Planner Runtime": 1, "Total Runtime": 36931.228, "Unique SQL Id": 1604070524}}, "(64, 11)": {"explain_plan": {"Plan": {"Node Type": "Limit", "Startup Cost": 4032944945746.96, "Total Cost": 4032944945747.01, "Plan Rows": 20, "Plan Width": 199, "Plans": [{"Node Type": "Sort", "Parent Relationship": "Outer", "Startup Cost": 4032944945746.96, "Total Cost": 4032944949361.7, "Plan Rows": 20, "Plan Width": 199, "Sort Key": ["(sum((lineitem.l_extendedprice * (1::double precision - lineitem.l_discount)))) DESC"], "Plans": [{"Node Type": "Aggregate", "Strategy": "Hashed", "Parent Relationship": "Outer", "Startup Cost": 4032944892813.15, "Total Cost": 4032944907272.13, "Plan Rows": 1445898, "Plan Width": 199, "Group By Key": ["customer.c_custkey", "customer.c_name", "customer.c_acctbal", "customer.c_phone", "nation.n_name", "customer.c_address", "customer.c_comment"], "Plans": [{"Node Type": "Nested Loop", "Parent Relationship": "Outer", "Join Type": "Inner", "Startup Cost": 40036112613.17, "Total Cost": 4032944856665.7, "Plan Rows": 1445898, "Plan Width": 191, "Inner Unique": false, "Join Filter": "(customer.c_custkey = orders.o_custkey), (LLVM Optimized)", "Plans": [{"Node Type": "Nested Loop", "Parent Relationship": "Outer", "Join Type": "Inner", "Startup Cost": 20000000000.0, "Total Cost": 2000008640298.18, "Plan Rows": 1500000, "Plan Width": 175, "Inner Unique": true, "Join Filter": "(customer.c_nationkey = nation.n_nationkey), (LLVM Optimized)", "Plans": [{"Node Type": "Index Scan", "Parent Relationship": "Outer", "Scan Direction": "Forward", "Index Name": "customer_pkey", "Relation Name": "customer", "Alias": "customer", "Startup Cost": 10000000000.0, "Total Cost": 1000008076535.62, "Plan Rows": 1500000, "Plan Width": 153}, {"Node Type": "Materialize", "Parent Relationship": "Inner", "Startup Cost": 10000000000.0, "Total Cost": 1000000001262.62, "Plan Rows": 25, "Plan Width": 30, "Plans": [{"Node Type": "Index Scan", "Parent Relationship": "Outer", "Scan Direction": "Forward", "Index Name": "nation_pkey", "Relation Name": "nation", "Alias": "nation", "Startup Cost": 10000000000.0, "Total Cost": 1000000001262.5, "Plan Rows": 25, "Plan Width": 30}]}]}, {"Node Type": "Materialize", "Parent Relationship": "Inner", "Startup Cost": 20036112613.17, "Total Cost": 2000403514982.26, "Plan Rows": 1445898, "Plan Width": 24, "Plans": [{"Node Type": "Merge Join", "Parent Relationship": "Outer", "Join Type": "Inner", "Startup Cost": 20036112613.17, "Total Cost": 2000403507752.77, "Plan Rows": 1445898, "Plan Width": 24, "Inner Unique": false, "Merge Cond": "(orders.o_orderkey = lineitem.l_orderkey)", "Plans": [{"Node Type": "Index Scan", "Parent Relationship": "Outer", "Scan Direction": "Forward", "Index Name": "orders_pkey", "Relation Name": "orders", "Alias": "orders", "Startup Cost": 10000000000.0, "Total Cost": 1000080597583.0, "Plan Rows": 575746, "Plan Width": 16, "Filter": "((o_orderdate >= '1993-08-01 00:00:00'::timestamp(0) without time zone) AND (o_orderdate < '1993-11-01 00:00:00'::timestamp without time zone)), (LLVM Optimized)"}, {"Node Type": "Index Scan", "Parent Relationship": "Inner", "Scan Direction": "Forward", "Index Name": "idx_lineitem_orderkey", "Relation Name": "lineitem", "Alias": "lineitem", "Startup Cost": 10000000000.0, "Total Cost": 1000339012132.75, "Plan Rows": 14835209, "Plan Width": 24, "Filter": "(l_returnflag = 'R'::bpchar), (LLVM Optimized)"}]}]}]}]}]}]}, "Unique SQL Id": 1604070524, "Planner Runtime": 2}, "explain_analyze_plan": null}, "(64, 12)": {"explain_plan": {"Plan": {"Node Type": "Limit", "Startup Cost": 2943502.95, "Total Cost": 2943503.0, "Plan Rows": 20, "Plan Width": 199, "Plans": [{"Node Type": "Sort", "Parent Relationship": "Outer", "Startup Cost": 2943502.95, "Total Cost": 2947117.69, "Plan Rows": 20, "Plan Width": 199, "Sort Key": ["(sum((lineitem.l_extendedprice * (1::double precision - lineitem.l_discount)))) DESC"], "Plans": [{"Node Type": "Aggregate", "Strategy": "Hashed", "Parent Relationship": "Outer", "Startup Cost": 2890569.14, "Total Cost": 2905028.12, "Plan Rows": 1445898, "Plan Width": 199, "Group By Key": ["customer.c_custkey", "customer.c_name", "customer.c_acctbal", "customer.c_phone", "nation.n_name", "customer.c_address", "customer.c_comment"], "Plans": [{"Node Type": "Hash Join", "Parent Relationship": "Outer", "Join Type": "Inner", "Startup Cost": 579485.57, "Total Cost": 2854421.69, "Plan Rows": 1445898, "Plan Width": 191, "Inner Unique": true, "Hash Cond": "(customer.c_nationkey = nation.n_nationkey), (LLVM Optimized)", "Plans": [{"Node Type": "Hash Join", "Parent Relationship": "Outer", "Join Type": "Inner", "Startup Cost": 579484.01, "Total Cost": 2834539.03, "Plan Rows": 1445898, "Plan Width": 169, "Inner Unique": true, "Hash Cond": "(orders.o_custkey = customer.c_custkey), (LLVM Optimized)", "Plans": [{"Node Type": "Hash Join", "Parent Relationship": "Outer", "Join Type": "Inner", "Startup Cost": 508608.01, "Total Cost": 2743781.94, "Plan Rows": 1445898, "Plan Width": 24, "Inner Unique": true, "Hash Cond": "(lineitem.l_orderkey = orders.o_orderkey), (LLVM Optimized)", "Plans": [{"Node Type": "Seq Scan", "Parent Relationship": "Outer", "Relation Name": "lineitem", "Alias": "lineitem", "Startup Cost": 0.0, "Total Cost": 2165082.91, "Plan Rows": 14835209, "Plan Width": 24, "Filter": "(l_returnflag = 'R'::bpchar), (LLVM Optimized)"}, {"Node Type": "Hash", "Parent Relationship": "Inner", "Startup Cost": 501411.18, "Total Cost": 501411.18, "Plan Rows": 575746, "Plan Width": 16, "Plans": [{"Node Type": "Seq Scan", "Parent Relationship": "Outer", "Relation Name": "orders", "Alias": "orders", "Startup Cost": 578.97, "Total Cost": 501411.18, "Plan Rows": 575746, "Plan Width": 16, "Filter": "((o_orderdate >= '1993-08-01 00:00:00'::timestamp(0) without time zone) AND (o_orderdate < '1993-11-01 00:00:00'::timestamp without time zone)), (LLVM Optimized)"}]}]}, {"Node Type": "Hash", "Parent Relationship": "Inner", "Startup Cost": 52126.0, "Total Cost": 52126.0, "Plan Rows": 1500000, "Plan Width": 153, "Plans": [{"Node Type": "Seq Scan", "Parent Relationship": "Outer", "Relation Name": "customer", "Alias": "customer", "Startup Cost": 0.0, "Total Cost": 52126.0, "Plan Rows": 1500000, "Plan Width": 153}]}]}, {"Node Type": "Hash", "Parent Relationship": "Inner", "Startup Cost": 1.25, "Total Cost": 1.25, "Plan Rows": 25, "Plan Width": 30, "Plans": [{"Node Type": "Seq Scan", "Parent Relationship": "Outer", "Relation Name": "nation", "Alias": "nation", "Startup Cost": 0.0, "Total Cost": 1.25, "Plan Rows": 25, "Plan Width": 30}]}]}]}]}]}, "Unique SQL Id": 1604070524, "Planner Runtime": 2}, "explain_analyze_plan": {"Plan": {"Node Type": "Limit", "Startup Cost": 2943502.95, "Total Cost": 2943503.0, "Plan Rows": 20, "Plan Width": 199, "Actual Startup Time": 36920.501, "Actual Total Time": 36920.507, "Actual Rows": 20, "Actual Loops": 1, "Plans": [{"Node Type": "Sort", "Parent Relationship": "Outer", "Startup Cost": 2943502.95, "Total Cost": 2947117.69, "Plan Rows": 20, "Plan Width": 199, "Actual Startup Time": 36920.499, "Actual Total Time": 36920.503, "Actual Rows": 20, "Actual Loops": 1, "Sort Key": ["(sum((lineitem.l_extendedprice * (1::double precision - lineitem.l_discount)))) DESC"], "Sort Method": "top-N heapsort", "Sort Space Used": 35, "Sort Space Type": "Memory", "Plans": [{"Node Type": "Aggregate", "Strategy": "Hashed", "Parent Relationship": "Outer", "Startup Cost": 2890569.14, "Total Cost": 2905028.12, "Plan Rows": 1445898, "Plan Width": 199, "Actual Startup Time": 36545.483, "Actual Total Time": 36785.555, "Actual Rows": 381542, "Actual Loops": 1, "Group By Key": ["customer.c_custkey", "customer.c_name", "customer.c_acctbal", "customer.c_phone", "nation.n_name", "customer.c_address", "customer.c_comment"], "Plans": [{"Node Type": "Hash Join", "Parent Relationship": "Outer", "Join Type": "Inner", "Startup Cost": 579485.57, "Total Cost": 2854421.69, "Plan Rows": 1445898, "Plan Width": 191, "Actual Startup Time": 6881.164, "Actual Total Time": 34691.279, "Actual Rows": 1145969, "Actual Loops": 1, "Inner Unique": true, "Hash Cond": "(customer.c_nationkey = nation.n_nationkey), (LLVM Optimized, Jit Execute)", "Plans": [{"Node Type": "Hash Join", "Parent Relationship": "Outer", "Join Type": "Inner", "Startup Cost": 579484.01, "Total Cost": 2834539.03, "Plan Rows": 1445898, "Plan Width": 169, "Actual Startup Time": 6881.038, "Actual Total Time": 34222.051, "Actual Rows": 1145969, "Actual Loops": 1, "Inner Unique": true, "Hash Cond": "(orders.o_custkey = customer.c_custkey), (LLVM Optimized, Jit Execute)", "Plans": [{"Node Type": "Hash Join", "Parent Relationship": "Outer", "Join Type": "Inner", "Startup Cost": 508608.01, "Total Cost": 2743781.94, "Plan Rows": 1445898, "Plan Width": 24, "Actual Startup Time": 5638.194, "Actual Total Time": 32187.007, "Actual Rows": 1145969, "Actual Loops": 1, "Inner Unique": true, "Hash Cond": "(lineitem.l_orderkey = orders.o_orderkey), (LLVM Optimized, Jit Execute)", "Plans": [{"Node Type": "Seq Scan", "Parent Relationship": "Outer", "Relation Name": "lineitem", "Alias": "lineitem", "Startup Cost": 0.0, "Total Cost": 2165082.91, "Plan Rows": 14835209, "Plan Width": 24, "Actual Startup Time": 0.023, "Actual Total Time": 21948.455, "Actual Rows": 14808183, "Actual Loops": 1, "Filter": "(l_returnflag = 'R'::bpchar), (LLVM Optimized, Jit Execute)", "Rows Removed by Filter": 45177869}, {"Node Type": "Hash", "Parent Relationship": "Inner", "Startup Cost": 501411.18, "Total Cost": 501411.18, "Plan Rows": 575746, "Plan Width": 16, "Actual Startup Time": 5637.479, "Actual Total Time": 5637.479, "Actual Rows": 573635, "Actual Loops": 1, "Hash Buckets": 1048576, "Hash Batches": 1, "Original Hash Batches": 1, "Peak Memory Usage": 26890, "Plans": [{"Node Type": "Seq Scan", "Parent Relationship": "Outer", "Relation Name": "orders", "Alias": "orders", "Startup Cost": 578.97, "Total Cost": 501411.18, "Plan Rows": 575746, "Plan Width": 16, "Actual Startup Time": 0.025, "Actual Total Time": 5354.546, "Actual Rows": 573635, "Actual Loops": 1, "Filter": "((o_orderdate >= '1993-08-01 00:00:00'::timestamp(0) without time zone) AND (o_orderdate < '1993-11-01 00:00:00'::timestamp without time zone)), (LLVM Optimized, Jit Execute)", "Rows Removed by Filter": 14426365}]}]}, {"Node Type": "Hash", "Parent Relationship": "Inner", "Startup Cost": 52126.0, "Total Cost": 52126.0, "Plan Rows": 1500000, "Plan Width": 153, "Actual Startup Time": 1241.53, "Actual Total Time": 1241.53, "Actual Rows": 1500000, "Actual Loops": 1, "Hash Buckets": 2097152, "Hash Batches": 1, "Original Hash Batches": 1, "Peak Memory Usage": 282695, "Plans": [{"Node Type": "Seq Scan", "Parent Relationship": "Outer", "Relation Name": "customer", "Alias": "customer", "Startup Cost": 0.0, "Total Cost": 52126.0, "Plan Rows": 1500000, "Plan Width": 153, "Actual Startup Time": 0.017, "Actual Total Time": 579.941, "Actual Rows": 1500000, "Actual Loops": 1}]}]}, {"Node Type": "Hash", "Parent Relationship": "Inner", "Startup Cost": 1.25, "Total Cost": 1.25, "Plan Rows": 25, "Plan Width": 30, "Actual Startup Time": 0.056, "Actual Total Time": 0.056, "Actual Rows": 25, "Actual Loops": 1, "Hash Buckets": 32768, "Hash Batches": 1, "Original Hash Batches": 1, "Peak Memory Usage": 2, "Plans": [{"Node Type": "Seq Scan", "Parent Relationship": "Outer", "Relation Name": "nation", "Alias": "nation", "Startup Cost": 0.0, "Total Cost": 1.25, "Plan Rows": 25, "Plan Width": 30, "Actual Startup Time": 0.025, "Actual Total Time": 0.033, "Actual Rows": 25, "Actual Loops": 1}]}]}]}]}]}, "Triggers": [], "Planner Runtime": 1, "Total Runtime": 36931.228, "Unique SQL Id": 1604070524}}, "(64, 13)": {"explain_plan": {"Plan": {"Node Type": "Limit", "Startup Cost": 4127035.84, "Total Cost": 4127035.89, "Plan Rows": 20, "Plan Width": 199, "Plans": [{"Node Type": "Sort", "Parent Relationship": "Outer", "Startup Cost": 4127035.84, "Total Cost": 4130650.58, "Plan Rows": 20, "Plan Width": 199, "Sort Key": ["(sum((lineitem.l_extendedprice * (1::double precision - lineitem.l_discount)))) DESC"], "Plans": [{"Node Type": "Aggregate", "Strategy": "Hashed", "Parent Relationship": "Outer", "Startup Cost": 4074102.03, "Total Cost": 4088561.01, "Plan Rows": 1445898, "Plan Width": 199, "Group By Key": ["customer.c_custkey", "customer.c_name", "customer.c_acctbal", "customer.c_phone", "nation.n_name", "customer.c_address", "customer.c_comment"], "Plans": [{"Node Type": "Nested Loop", "Parent Relationship": "Outer", "Join Type": "Inner", "Startup Cost": 99528.29, "Total Cost": 4037954.58, "Plan Rows": 1445898, "Plan Width": 191, "Inner Unique": false, "Plans": [{"Node Type": "Hash Join", "Parent Relationship": "Outer", "Join Type": "Inner", "Startup Cost": 99528.29, "Total Cost": 921337.14, "Plan Rows": 575746, "Plan Width": 183, "Inner Unique": true, "Hash Cond": "(customer.c_nationkey = nation.n_nationkey), (LLVM Optimized)", "Plans": [{"Node Type": "Hash Join", "Parent Relationship": "Outer", "Join Type": "Inner", "Startup Cost": 99515.36, "Total Cost": 913407.69, "Plan Rows": 575746, "Plan Width": 161, "Inner Unique": true, "Hash Cond": "(orders.o_custkey = customer.c_custkey), (LLVM Optimized)", "Plans": [{"Node Type": "Index Scan", "Parent Relationship": "Outer", "Scan Direction": "Forward", "Index Name": "orders_pkey", "Relation Name": "orders", "Alias": "orders", "Startup Cost": 0.0, "Total Cost": 805975.83, "Plan Rows": 575746, "Plan Width": 16, "Filter": "((o_orderdate >= '1993-08-01 00:00:00'::timestamp(0) without time zone) AND (o_orderdate < '1993-11-01 00:00:00'::timestamp without time zone)), (LLVM Optimized)"}, {"Node Type": "Hash", "Parent Relationship": "Inner", "Startup Cost": 80765.36, "Total Cost": 80765.36, "Plan Rows": 1500000, "Plan Width": 153, "Plans": [{"Node Type": "Index Scan", "Parent Relationship": "Outer", "Scan Direction": "Forward", "Index Name": "customer_pkey", "Relation Name": "customer", "Alias": "customer", "Startup Cost": 0.0, "Total Cost": 80765.36, "Plan Rows": 1500000, "Plan Width": 153}]}]}, {"Node Type": "Hash", "Parent Relationship": "Inner", "Startup Cost": 12.62, "Total Cost": 12.62, "Plan Rows": 25, "Plan Width": 30, "Plans": [{"Node Type": "Index Scan", "Parent Relationship": "Outer", "Scan Direction": "Forward", "Index Name": "nation_pkey", "Relation Name": "nation", "Alias": "nation", "Startup Cost": 0.0, "Total Cost": 12.62, "Plan Rows": 25, "Plan Width": 30}]}]}, {"Node Type": "Index Scan", "Parent Relationship": "Inner", "Scan Direction": "Forward", "Index Name": "idx_lineitem_orderkey", "Relation Name": "lineitem", "Alias": "lineitem", "Startup Cost": 0.0, "Total Cost": 5.38, "Plan Rows": 3, "Plan Width": 24, "Index Cond": "(l_orderkey = orders.o_orderkey)", "Filter": "(l_returnflag = 'R'::bpchar)"}]}]}]}]}, "Unique SQL Id": 1604070524, "Planner Runtime": 1}, "explain_analyze_plan": {"Plan": {"Node Type": "Limit", "Startup Cost": 4127035.84, "Total Cost": 4127035.89, "Plan Rows": 20, "Plan Width": 199, "Actual Startup Time": 21134.985, "Actual Total Time": 21134.993, "Actual Rows": 20, "Actual Loops": 1, "Plans": [{"Node Type": "Sort", "Parent Relationship": "Outer", "Startup Cost": 4127035.84, "Total Cost": 4130650.58, "Plan Rows": 20, "Plan Width": 199, "Actual Startup Time": 21134.982, "Actual Total Time": 21134.985, "Actual Rows": 20, "Actual Loops": 1, "Sort Key": ["(sum((lineitem.l_extendedprice * (1::double precision - lineitem.l_discount)))) DESC"], "Sort Method": "top-N heapsort", "Sort Space Used": 35, "Sort Space Type": "Memory", "Plans": [{"Node Type": "Aggregate", "Strategy": "Hashed", "Parent Relationship": "Outer", "Startup Cost": 4074102.03, "Total Cost": 4088561.01, "Plan Rows": 1445898, "Plan Width": 199, "Actual Startup Time": 20745.969, "Actual Total Time": 20998.23, "Actual Rows": 381542, "Actual Loops": 1, "Group By Key": ["customer.c_custkey", "customer.c_name", "customer.c_acctbal", "customer.c_phone", "nation.n_name", "customer.c_address", "customer.c_comment"], "Plans": [{"Node Type": "Nested Loop", "Parent Relationship": "Outer", "Join Type": "Inner", "Startup Cost": 99528.29, "Total Cost": 4037954.58, "Plan Rows": 1445898, "Plan Width": 191, "Actual Startup Time": 1600.72, "Actual Total Time": 18843.051, "Actual Rows": 1145969, "Actual Loops": 1, "Inner Unique": false, "Plans": [{"Node Type": "Hash Join", "Parent Relationship": "Outer", "Join Type": "Inner", "Startup Cost": 99528.29, "Total Cost": 921337.14, "Plan Rows": 575746, "Plan Width": 183, "Actual Startup Time": 1600.653, "Actual Total Time": 13140.575, "Actual Rows": 573635, "Actual Loops": 1, "Inner Unique": true, "Hash Cond": "(customer.c_nationkey = nation.n_nationkey), (LLVM Optimized, Jit Execute)", "Plans": [{"Node Type": "Hash Join", "Parent Relationship": "Outer", "Join Type": "Inner", "Startup Cost": 99515.36, "Total Cost": 913407.69, "Plan Rows": 575746, "Plan Width": 161, "Actual Startup Time": 1600.552, "Actual Total Time": 12889.515, "Actual Rows": 573635, "Actual Loops": 1, "Inner Unique": true, "Hash Cond": "(orders.o_custkey = customer.c_custkey), (LLVM Optimized, Jit Execute)", "Plans": [{"Node Type": "Index Scan", "Parent Relationship": "Outer", "Scan Direction": "Forward", "Index Name": "orders_pkey", "Relation Name": "orders", "Alias": "orders", "Startup Cost": 0.0, "Total Cost": 805975.83, "Plan Rows": 575746, "Plan Width": 16, "Actual Startup Time": 0.033, "Actual Total Time": 10620.983, "Actual Rows": 573635, "Actual Loops": 1, "Filter": "((o_orderdate >= '1993-08-01 00:00:00'::timestamp(0) without time zone) AND (o_orderdate < '1993-11-01 00:00:00'::timestamp without time zone)), (LLVM Optimized, Jit Execute)", "Rows Removed by Filter": 14426365}, {"Node Type": "Hash", "Parent Relationship": "Inner", "Startup Cost": 80765.36, "Total Cost": 80765.36, "Plan Rows": 1500000, "Plan Width": 153, "Actual Startup Time": 1599.252, "Actual Total Time": 1599.252, "Actual Rows": 1500000, "Actual Loops": 1, "Hash Buckets": 2097152, "Hash Batches": 1, "Original Hash Batches": 1, "Peak Memory Usage": 282695, "Plans": [{"Node Type": "Index Scan", "Parent Relationship": "Outer", "Scan Direction": "Forward", "Index Name": "customer_pkey", "Relation Name": "customer", "Alias": "customer", "Startup Cost": 0.0, "Total Cost": 80765.36, "Plan Rows": 1500000, "Plan Width": 153, "Actual Startup Time": 0.023, "Actual Total Time": 944.077, "Actual Rows": 1500000, "Actual Loops": 1}]}]}, {"Node Type": "Hash", "Parent Relationship": "Inner", "Startup Cost": 12.62, "Total Cost": 12.62, "Plan Rows": 25, "Plan Width": 30, "Actual Startup Time": 0.055, "Actual Total Time": 0.055, "Actual Rows": 25, "Actual Loops": 1, "Hash Buckets": 32768, "Hash Batches": 1, "Original Hash Batches": 1, "Peak Memory Usage": 2, "Plans": [{"Node Type": "Index Scan", "Parent Relationship": "Outer", "Scan Direction": "Forward", "Index Name": "nation_pkey", "Relation Name": "nation", "Alias": "nation", "Startup Cost": 0.0, "Total Cost": 12.62, "Plan Rows": 25, "Plan Width": 30, "Actual Startup Time": 0.022, "Actual Total Time": 0.035, "Actual Rows": 25, "Actual Loops": 1}]}]}, {"Node Type": "Index Scan", "Parent Relationship": "Inner", "Scan Direction": "Forward", "Index Name": "idx_lineitem_orderkey", "Relation Name": "lineitem", "Alias": "lineitem", "Startup Cost": 0.0, "Total Cost": 5.38, "Plan Rows": 3, "Plan Width": 24, "Actual Startup Time": 3796.484, "Actual Total Time": 5067.305, "Actual Rows": 1145969, "Actual Loops": 573635, "Index Cond": "(l_orderkey = orders.o_orderkey)", "Rows Removed by Index Recheck": 0, "Filter": "(l_returnflag = 'R'::bpchar)", "Rows Removed by Filter": 1146896}]}]}]}]}, "Triggers": [], "Planner Runtime": 1, "Total Runtime": 21145.328, "Unique SQL Id": 1604070524}}, "(64, 14)": {"explain_plan": {"Plan": {"Node Type": "Limit", "Startup Cost": 2943502.95, "Total Cost": 2943503.0, "Plan Rows": 20, "Plan Width": 199, "Plans": [{"Node Type": "Sort", "Parent Relationship": "Outer", "Startup Cost": 2943502.95, "Total Cost": 2947117.69, "Plan Rows": 20, "Plan Width": 199, "Sort Key": ["(sum((lineitem.l_extendedprice * (1::double precision - lineitem.l_discount)))) DESC"], "Plans": [{"Node Type": "Aggregate", "Strategy": "Hashed", "Parent Relationship": "Outer", "Startup Cost": 2890569.14, "Total Cost": 2905028.12, "Plan Rows": 1445898, "Plan Width": 199, "Group By Key": ["customer.c_custkey", "customer.c_name", "customer.c_acctbal", "customer.c_phone", "nation.n_name", "customer.c_address", "customer.c_comment"], "Plans": [{"Node Type": "Hash Join", "Parent Relationship": "Outer", "Join Type": "Inner", "Startup Cost": 579485.57, "Total Cost": 2854421.69, "Plan Rows": 1445898, "Plan Width": 191, "Inner Unique": true, "Hash Cond": "(customer.c_nationkey = nation.n_nationkey), (LLVM Optimized)", "Plans": [{"Node Type": "Hash Join", "Parent Relationship": "Outer", "Join Type": "Inner", "Startup Cost": 579484.01, "Total Cost": 2834539.03, "Plan Rows": 1445898, "Plan Width": 169, "Inner Unique": true, "Hash Cond": "(orders.o_custkey = customer.c_custkey), (LLVM Optimized)", "Plans": [{"Node Type": "Hash Join", "Parent Relationship": "Outer", "Join Type": "Inner", "Startup Cost": 508608.01, "Total Cost": 2743781.94, "Plan Rows": 1445898, "Plan Width": 24, "Inner Unique": true, "Hash Cond": "(lineitem.l_orderkey = orders.o_orderkey), (LLVM Optimized)", "Plans": [{"Node Type": "Seq Scan", "Parent Relationship": "Outer", "Relation Name": "lineitem", "Alias": "lineitem", "Startup Cost": 0.0, "Total Cost": 2165082.91, "Plan Rows": 14835209, "Plan Width": 24, "Filter": "(l_returnflag = 'R'::bpchar), (LLVM Optimized)"}, {"Node Type": "Hash", "Parent Relationship": "Inner", "Startup Cost": 501411.18, "Total Cost": 501411.18, "Plan Rows": 575746, "Plan Width": 16, "Plans": [{"Node Type": "Seq Scan", "Parent Relationship": "Outer", "Relation Name": "orders", "Alias": "orders", "Startup Cost": 578.97, "Total Cost": 501411.18, "Plan Rows": 575746, "Plan Width": 16, "Filter": "((o_orderdate >= '1993-08-01 00:00:00'::timestamp(0) without time zone) AND (o_orderdate < '1993-11-01 00:00:00'::timestamp without time zone)), (LLVM Optimized)"}]}]}, {"Node Type": "Hash", "Parent Relationship": "Inner", "Startup Cost": 52126.0, "Total Cost": 52126.0, "Plan Rows": 1500000, "Plan Width": 153, "Plans": [{"Node Type": "Seq Scan", "Parent Relationship": "Outer", "Relation Name": "customer", "Alias": "customer", "Startup Cost": 0.0, "Total Cost": 52126.0, "Plan Rows": 1500000, "Plan Width": 153}]}]}, {"Node Type": "Hash", "Parent Relationship": "Inner", "Startup Cost": 1.25, "Total Cost": 1.25, "Plan Rows": 25, "Plan Width": 30, "Plans": [{"Node Type": "Seq Scan", "Parent Relationship": "Outer", "Relation Name": "nation", "Alias": "nation", "Startup Cost": 0.0, "Total Cost": 1.25, "Plan Rows": 25, "Plan Width": 30}]}]}]}]}]}, "Unique SQL Id": 1604070524, "Planner Runtime": 1}, "explain_analyze_plan": {"Plan": {"Node Type": "Limit", "Startup Cost": 2943502.95, "Total Cost": 2943503.0, "Plan Rows": 20, "Plan Width": 199, "Actual Startup Time": 36920.501, "Actual Total Time": 36920.507, "Actual Rows": 20, "Actual Loops": 1, "Plans": [{"Node Type": "Sort", "Parent Relationship": "Outer", "Startup Cost": 2943502.95, "Total Cost": 2947117.69, "Plan Rows": 20, "Plan Width": 199, "Actual Startup Time": 36920.499, "Actual Total Time": 36920.503, "Actual Rows": 20, "Actual Loops": 1, "Sort Key": ["(sum((lineitem.l_extendedprice * (1::double precision - lineitem.l_discount)))) DESC"], "Sort Method": "top-N heapsort", "Sort Space Used": 35, "Sort Space Type": "Memory", "Plans": [{"Node Type": "Aggregate", "Strategy": "Hashed", "Parent Relationship": "Outer", "Startup Cost": 2890569.14, "Total Cost": 2905028.12, "Plan Rows": 1445898, "Plan Width": 199, "Actual Startup Time": 36545.483, "Actual Total Time": 36785.555, "Actual Rows": 381542, "Actual Loops": 1, "Group By Key": ["customer.c_custkey", "customer.c_name", "customer.c_acctbal", "customer.c_phone", "nation.n_name", "customer.c_address", "customer.c_comment"], "Plans": [{"Node Type": "Hash Join", "Parent Relationship": "Outer", "Join Type": "Inner", "Startup Cost": 579485.57, "Total Cost": 2854421.69, "Plan Rows": 1445898, "Plan Width": 191, "Actual Startup Time": 6881.164, "Actual Total Time": 34691.279, "Actual Rows": 1145969, "Actual Loops": 1, "Inner Unique": true, "Hash Cond": "(customer.c_nationkey = nation.n_nationkey), (LLVM Optimized, Jit Execute)", "Plans": [{"Node Type": "Hash Join", "Parent Relationship": "Outer", "Join Type": "Inner", "Startup Cost": 579484.01, "Total Cost": 2834539.03, "Plan Rows": 1445898, "Plan Width": 169, "Actual Startup Time": 6881.038, "Actual Total Time": 34222.051, "Actual Rows": 1145969, "Actual Loops": 1, "Inner Unique": true, "Hash Cond": "(orders.o_custkey = customer.c_custkey), (LLVM Optimized, Jit Execute)", "Plans": [{"Node Type": "Hash Join", "Parent Relationship": "Outer", "Join Type": "Inner", "Startup Cost": 508608.01, "Total Cost": 2743781.94, "Plan Rows": 1445898, "Plan Width": 24, "Actual Startup Time": 5638.194, "Actual Total Time": 32187.007, "Actual Rows": 1145969, "Actual Loops": 1, "Inner Unique": true, "Hash Cond": "(lineitem.l_orderkey = orders.o_orderkey), (LLVM Optimized, Jit Execute)", "Plans": [{"Node Type": "Seq Scan", "Parent Relationship": "Outer", "Relation Name": "lineitem", "Alias": "lineitem", "Startup Cost": 0.0, "Total Cost": 2165082.91, "Plan Rows": 14835209, "Plan Width": 24, "Actual Startup Time": 0.023, "Actual Total Time": 21948.455, "Actual Rows": 14808183, "Actual Loops": 1, "Filter": "(l_returnflag = 'R'::bpchar), (LLVM Optimized, Jit Execute)", "Rows Removed by Filter": 45177869}, {"Node Type": "Hash", "Parent Relationship": "Inner", "Startup Cost": 501411.18, "Total Cost": 501411.18, "Plan Rows": 575746, "Plan Width": 16, "Actual Startup Time": 5637.479, "Actual Total Time": 5637.479, "Actual Rows": 573635, "Actual Loops": 1, "Hash Buckets": 1048576, "Hash Batches": 1, "Original Hash Batches": 1, "Peak Memory Usage": 26890, "Plans": [{"Node Type": "Seq Scan", "Parent Relationship": "Outer", "Relation Name": "orders", "Alias": "orders", "Startup Cost": 578.97, "Total Cost": 501411.18, "Plan Rows": 575746, "Plan Width": 16, "Actual Startup Time": 0.025, "Actual Total Time": 5354.546, "Actual Rows": 573635, "Actual Loops": 1, "Filter": "((o_orderdate >= '1993-08-01 00:00:00'::timestamp(0) without time zone) AND (o_orderdate < '1993-11-01 00:00:00'::timestamp without time zone)), (LLVM Optimized, Jit Execute)", "Rows Removed by Filter": 14426365}]}]}, {"Node Type": "Hash", "Parent Relationship": "Inner", "Startup Cost": 52126.0, "Total Cost": 52126.0, "Plan Rows": 1500000, "Plan Width": 153, "Actual Startup Time": 1241.53, "Actual Total Time": 1241.53, "Actual Rows": 1500000, "Actual Loops": 1, "Hash Buckets": 2097152, "Hash Batches": 1, "Original Hash Batches": 1, "Peak Memory Usage": 282695, "Plans": [{"Node Type": "Seq Scan", "Parent Relationship": "Outer", "Relation Name": "customer", "Alias": "customer", "Startup Cost": 0.0, "Total Cost": 52126.0, "Plan Rows": 1500000, "Plan Width": 153, "Actual Startup Time": 0.017, "Actual Total Time": 579.941, "Actual Rows": 1500000, "Actual Loops": 1}]}]}, {"Node Type": "Hash", "Parent Relationship": "Inner", "Startup Cost": 1.25, "Total Cost": 1.25, "Plan Rows": 25, "Plan Width": 30, "Actual Startup Time": 0.056, "Actual Total Time": 0.056, "Actual Rows": 25, "Actual Loops": 1, "Hash Buckets": 32768, "Hash Batches": 1, "Original Hash Batches": 1, "Peak Memory Usage": 2, "Plans": [{"Node Type": "Seq Scan", "Parent Relationship": "Outer", "Relation Name": "nation", "Alias": "nation", "Startup Cost": 0.0, "Total Cost": 1.25, "Plan Rows": 25, "Plan Width": 30, "Actual Startup Time": 0.025, "Actual Total Time": 0.033, "Actual Rows": 25, "Actual Loops": 1}]}]}]}]}]}, "Triggers": [], "Planner Runtime": 1, "Total Runtime": 36931.228, "Unique SQL Id": 1604070524}}, "(64, 15)": {"explain_plan": {"Plan": {"Node Type": "Limit", "Startup Cost": 4032944945746.96, "Total Cost": 4032944945747.01, "Plan Rows": 20, "Plan Width": 199, "Plans": [{"Node Type": "Sort", "Parent Relationship": "Outer", "Startup Cost": 4032944945746.96, "Total Cost": 4032944949361.7, "Plan Rows": 20, "Plan Width": 199, "Sort Key": ["(sum((lineitem.l_extendedprice * (1::double precision - lineitem.l_discount)))) DESC"], "Plans": [{"Node Type": "Aggregate", "Strategy": "Hashed", "Parent Relationship": "Outer", "Startup Cost": 4032944892813.15, "Total Cost": 4032944907272.13, "Plan Rows": 1445898, "Plan Width": 199, "Group By Key": ["customer.c_custkey", "customer.c_name", "customer.c_acctbal", "customer.c_phone", "nation.n_name", "customer.c_address", "customer.c_comment"], "Plans": [{"Node Type": "Nested Loop", "Parent Relationship": "Outer", "Join Type": "Inner", "Startup Cost": 40036112613.17, "Total Cost": 4032944856665.7, "Plan Rows": 1445898, "Plan Width": 191, "Inner Unique": false, "Join Filter": "(customer.c_custkey = orders.o_custkey), (LLVM Optimized)", "Plans": [{"Node Type": "Nested Loop", "Parent Relationship": "Outer", "Join Type": "Inner", "Startup Cost": 20000000000.0, "Total Cost": 2000008640298.18, "Plan Rows": 1500000, "Plan Width": 175, "Inner Unique": true, "Join Filter": "(customer.c_nationkey = nation.n_nationkey), (LLVM Optimized)", "Plans": [{"Node Type": "Index Scan", "Parent Relationship": "Outer", "Scan Direction": "Forward", "Index Name": "customer_pkey", "Relation Name": "customer", "Alias": "customer", "Startup Cost": 10000000000.0, "Total Cost": 1000008076535.62, "Plan Rows": 1500000, "Plan Width": 153}, {"Node Type": "Materialize", "Parent Relationship": "Inner", "Startup Cost": 10000000000.0, "Total Cost": 1000000001262.62, "Plan Rows": 25, "Plan Width": 30, "Plans": [{"Node Type": "Index Scan", "Parent Relationship": "Outer", "Scan Direction": "Forward", "Index Name": "nation_pkey", "Relation Name": "nation", "Alias": "nation", "Startup Cost": 10000000000.0, "Total Cost": 1000000001262.5, "Plan Rows": 25, "Plan Width": 30}]}]}, {"Node Type": "Materialize", "Parent Relationship": "Inner", "Startup Cost": 20036112613.17, "Total Cost": 2000403514982.26, "Plan Rows": 1445898, "Plan Width": 24, "Plans": [{"Node Type": "Merge Join", "Parent Relationship": "Outer", "Join Type": "Inner", "Startup Cost": 20036112613.17, "Total Cost": 2000403507752.77, "Plan Rows": 1445898, "Plan Width": 24, "Inner Unique": false, "Merge Cond": "(orders.o_orderkey = lineitem.l_orderkey)", "Plans": [{"Node Type": "Index Scan", "Parent Relationship": "Outer", "Scan Direction": "Forward", "Index Name": "orders_pkey", "Relation Name": "orders", "Alias": "orders", "Startup Cost": 10000000000.0, "Total Cost": 1000080597583.0, "Plan Rows": 575746, "Plan Width": 16, "Filter": "((o_orderdate >= '1993-08-01 00:00:00'::timestamp(0) without time zone) AND (o_orderdate < '1993-11-01 00:00:00'::timestamp without time zone)), (LLVM Optimized)"}, {"Node Type": "Index Scan", "Parent Relationship": "Inner", "Scan Direction": "Forward", "Index Name": "idx_lineitem_orderkey", "Relation Name": "lineitem", "Alias": "lineitem", "Startup Cost": 10000000000.0, "Total Cost": 1000339012132.75, "Plan Rows": 14835209, "Plan Width": 24, "Filter": "(l_returnflag = 'R'::bpchar), (LLVM Optimized)"}]}]}]}]}]}]}, "Unique SQL Id": 1604070524, "Planner Runtime": 1}, "explain_analyze_plan": null}, "(64, 16)": {"explain_plan": {"Plan": {"Node Type": "Limit", "Startup Cost": 3717442.55, "Total Cost": 3717442.6, "Plan Rows": 20, "Plan Width": 199, "Plans": [{"Node Type": "Sort", "Parent Relationship": "Outer", "Startup Cost": 3717442.55, "Total Cost": 3721057.3, "Plan Rows": 20, "Plan Width": 199, "Sort Key": ["(sum((lineitem.l_extendedprice * (1::double precision - lineitem.l_discount)))) DESC"], "Plans": [{"Node Type": "Aggregate", "Strategy": "Hashed", "Parent Relationship": "Outer", "Startup Cost": 3664508.75, "Total Cost": 3678967.73, "Plan Rows": 1445898, "Plan Width": 199, "Group By Key": ["customer.c_custkey", "customer.c_name", "customer.c_acctbal", "customer.c_phone", "nation.n_name", "customer.c_address", "customer.c_comment"], "Plans": [{"Node Type": "Nested Loop", "Parent Relationship": "Outer", "Join Type": "Inner", "Startup Cost": 503107.54, "Total Cost": 3628361.3, "Plan Rows": 1445898, "Plan Width": 191, "Inner Unique": false, "Plans": [{"Node Type": "Merge Join", "Parent Relationship": "Outer", "Join Type": "Inner", "Startup Cost": 503107.54, "Total Cost": 511743.85, "Plan Rows": 575746, "Plan Width": 183, "Inner Unique": false, "Merge Cond": "(nation.n_nationkey = customer.c_nationkey)", "Plans": [{"Node Type": "Sort", "Parent Relationship": "Outer", "Startup Cost": 1.83, "Total Cost": 1.89, "Plan Rows": 25, "Plan Width": 30, "Sort Key": ["nation.n_nationkey"], "Plans": [{"Node Type": "Seq Scan", "Parent Relationship": "Outer", "Relation Name": "nation", "Alias": "nation", "Startup Cost": 0.0, "Total Cost": 1.25, "Plan Rows": 25, "Plan Width": 30}]}, {"Node Type": "Sort", "Parent Relationship": "Inner", "Startup Cost": 503105.7, "Total Cost": 504545.07, "Plan Rows": 575746, "Plan Width": 161, "Sort Key": ["customer.c_nationkey"], "Plans": [{"Node Type": "Merge Join", "Parent Relationship": "Outer", "Join Type": "Inner", "Startup Cost": 354871.86, "Total Cost": 448021.0, "Plan Rows": 575746, "Plan Width": 161, "Inner Unique": false, "Merge Cond": "(customer.c_custkey = orders.o_custkey)", "Plans": [{"Node Type": "Index Scan", "Parent Relationship": "Outer", "Scan Direction": "Forward", "Index Name": "customer_pkey", "Relation Name": "customer", "Alias": "customer", "Startup Cost": 0.0, "Total Cost": 80765.36, "Plan Rows": 1500000, "Plan Width": 153}, {"Node Type": "Sort", "Parent Relationship": "Inner", "Startup Cost": 354869.55, "Total Cost": 356308.91, "Plan Rows": 575746, "Plan Width": 16, "Sort Key": ["orders.o_custkey"], "Plans": [{"Node Type": "Bitmap Heap Scan", "Parent Relationship": "Outer", "Relation Name": "orders", "Alias": "orders", "Startup Cost": 14729.65, "Total Cost": 299784.84, "Plan Rows": 575746, "Plan Width": 16, "Recheck Cond": "((o_orderdate >= '1993-08-01 00:00:00'::timestamp(0) without time zone) AND (o_orderdate < '1993-11-01 00:00:00'::timestamp without time zone)), (LLVM Optimized)", "Plans": [{"Node Type": "Bitmap Index Scan", "Parent Relationship": "Outer", "Index Name": "idx_orders_orderdate", "Startup Cost": 0.0, "Total Cost": 14585.71, "Plan Rows": 575746, "Plan Width": 0, "Index Cond": "((o_orderdate >= '1993-08-01 00:00:00'::timestamp(0) without time zone) AND (o_orderdate < '1993-11-01 00:00:00'::timestamp without time zone))"}]}]}]}]}]}, {"Node Type": "Index Scan", "Parent Relationship": "Inner", "Scan Direction": "Forward", "Index Name": "idx_lineitem_orderkey", "Relation Name": "lineitem", "Alias": "lineitem", "Startup Cost": 0.0, "Total Cost": 5.38, "Plan Rows": 3, "Plan Width": 24, "Index Cond": "(l_orderkey = orders.o_orderkey)", "Filter": "(l_returnflag = 'R'::bpchar)"}]}]}]}]}, "Unique SQL Id": 1604070524, "Planner Runtime": 1}, "explain_analyze_plan": {"Plan": {"Node Type": "Limit", "Startup Cost": 3717442.55, "Total Cost": 3717442.6, "Plan Rows": 20, "Plan Width": 199, "Actual Startup Time": 13020.386, "Actual Total Time": 13020.393, "Actual Rows": 20, "Actual Loops": 1, "Plans": [{"Node Type": "Sort", "Parent Relationship": "Outer", "Startup Cost": 3717442.55, "Total Cost": 3721057.3, "Plan Rows": 20, "Plan Width": 199, "Actual Startup Time": 13020.383, "Actual Total Time": 13020.385, "Actual Rows": 20, "Actual Loops": 1, "Sort Key": ["(sum((lineitem.l_extendedprice * (1::double precision - lineitem.l_discount)))) DESC"], "Sort Method": "top-N heapsort", "Sort Space Used": 35, "Sort Space Type": "Memory", "Plans": [{"Node Type": "Aggregate", "Strategy": "Hashed", "Parent Relationship": "Outer", "Startup Cost": 3664508.75, "Total Cost": 3678967.73, "Plan Rows": 1445898, "Plan Width": 199, "Actual Startup Time": 12622.301, "Actual Total Time": 12884.523, "Actual Rows": 381542, "Actual Loops": 1, "Group By Key": ["customer.c_custkey", "customer.c_name", "customer.c_acctbal", "customer.c_phone", "nation.n_name", "customer.c_address", "customer.c_comment"], "Plans": [{"Node Type": "Nested Loop", "Parent Relationship": "Outer", "Join Type": "Inner", "Startup Cost": 503107.54, "Total Cost": 3628361.3, "Plan Rows": 1445898, "Plan Width": 191, "Actual Startup Time": 3248.55, "Actual Total Time": 10886.673, "Actual Rows": 1145969, "Actual Loops": 1, "Inner Unique": false, "Plans": [{"Node Type": "Merge Join", "Parent Relationship": "Outer", "Join Type": "Inner", "Startup Cost": 503107.54, "Total Cost": 511743.85, "Plan Rows": 575746, "Plan Width": 183, "Actual Startup Time": 3248.454, "Actual Total Time": 3691.089, "Actual Rows": 573635, "Actual Loops": 1, "Inner Unique": false, "Merge Cond": "(nation.n_nationkey = customer.c_nationkey)", "Plans": [{"Node Type": "Sort", "Parent Relationship": "Outer", "Startup Cost": 1.83, "Total Cost": 1.89, "Plan Rows": 25, "Plan Width": 30, "Actual Startup Time": 0.138, "Actual Total Time": 0.159, "Actual Rows": 25, "Actual Loops": 1, "Sort Key": ["nation.n_nationkey"], "Sort Method": "quicksort", "Sort Space Used": 27, "Sort Space Type": "Memory", "Plans": [{"Node Type": "Seq Scan", "Parent Relationship": "Outer", "Relation Name": "nation", "Alias": "nation", "Startup Cost": 0.0, "Total Cost": 1.25, "Plan Rows": 25, "Plan Width": 30, "Actual Startup Time": 0.018, "Actual Total Time": 0.024, "Actual Rows": 25, "Actual Loops": 1}]}, {"Node Type": "Sort", "Parent Relationship": "Inner", "Startup Cost": 503105.7, "Total Cost": 504545.07, "Plan Rows": 575746, "Plan Width": 161, "Actual Startup Time": 3248.298, "Actual Total Time": 3458.35, "Actual Rows": 573635, "Actual Loops": 1, "Sort Key": ["customer.c_nationkey"], "Sort Method": "quicksort", "Sort Space Used": 185911, "Sort Space Type": "Memory", "Plans": [{"Node Type": "Merge Join", "Parent Relationship": "Outer", "Join Type": "Inner", "Startup Cost": 354871.86, "Total Cost": 448021.0, "Plan Rows": 575746, "Plan Width": 161, "Actual Startup Time": 1323.063, "Actual Total Time": 2966.337, "Actual Rows": 573635, "Actual Loops": 1, "Inner Unique": false, "Merge Cond": "(customer.c_custkey = orders.o_custkey)", "Plans": [{"Node Type": "Index Scan", "Parent Relationship": "Outer", "Scan Direction": "Forward", "Index Name": "customer_pkey", "Relation Name": "customer", "Alias": "customer", "Startup Cost": 0.0, "Total Cost": 80765.36, "Plan Rows": 1500000, "Plan Width": 153, "Actual Startup Time": 0.026, "Actual Total Time": 1039.7, "Actual Rows": 1499999, "Actual Loops": 1}, {"Node Type": "Sort", "Parent Relationship": "Inner", "Startup Cost": 354869.55, "Total Cost": 356308.91, "Plan Rows": 575746, "Plan Width": 16, "Actual Startup Time": 1323.019, "Actual Total Time": 1456.301, "Actual Rows": 573635, "Actual Loops": 1, "Sort Key": ["orders.o_custkey"], "Sort Method": "quicksort", "Sort Space Used": 78355, "Sort Space Type": "Memory", "Plans": [{"Node Type": "Bitmap Heap Scan", "Parent Relationship": "Outer", "Relation Name": "orders", "Alias": "orders", "Startup Cost": 14729.65, "Total Cost": 299784.84, "Plan Rows": 575746, "Plan Width": 16, "Actual Startup Time": 245.596, "Actual Total Time": 1075.926, "Actual Rows": 573635, "Actual Loops": 1, "Recheck Cond": "((o_orderdate >= '1993-08-01 00:00:00'::timestamp(0) without time zone) AND (o_orderdate < '1993-11-01 00:00:00'::timestamp without time zone)), (LLVM Optimized, Jit Execute)", "Rows Removed by Index Recheck": 0, "Exact Heap Blocks": 242860, "Lossy Heap Blocks": 242860, "Plans": [{"Node Type": "Bitmap Index Scan", "Parent Relationship": "Outer", "Index Name": "idx_orders_orderdate", "Startup Cost": 0.0, "Total Cost": 14585.71, "Plan Rows": 575746, "Plan Width": 0, "Actual Startup Time": 170.102, "Actual Total Time": 170.102, "Actual Rows": 573635, "Actual Loops": 1, "Index Cond": "((o_orderdate >= '1993-08-01 00:00:00'::timestamp(0) without time zone) AND (o_orderdate < '1993-11-01 00:00:00'::timestamp without time zone))"}]}]}]}]}]}, {"Node Type": "Index Scan", "Parent Relationship": "Inner", "Scan Direction": "Forward", "Index Name": "idx_lineitem_orderkey", "Relation Name": "lineitem", "Alias": "lineitem", "Startup Cost": 0.0, "Total Cost": 5.38, "Plan Rows": 3, "Plan Width": 24, "Actual Startup Time": 5274.604, "Actual Total Time": 6599.077, "Actual Rows": 1145969, "Actual Loops": 573635, "Index Cond": "(l_orderkey = orders.o_orderkey)", "Rows Removed by Index Recheck": 0, "Filter": "(l_returnflag = 'R'::bpchar)", "Rows Removed by Filter": 1146896}]}]}]}]}, "Triggers": [], "Planner Runtime": 1, "Total Runtime": 13030.689, "Unique SQL Id": 1604070524}}, "(64, 17)": {"explain_plan": {"Plan": {"Node Type": "Limit", "Startup Cost": 3717453.28, "Total Cost": 3717453.33, "Plan Rows": 20, "Plan Width": 199, "Plans": [{"Node Type": "Sort", "Parent Relationship": "Outer", "Startup Cost": 3717453.28, "Total Cost": 3721068.03, "Plan Rows": 20, "Plan Width": 199, "Sort Key": ["(sum((lineitem.l_extendedprice * (1::double precision - lineitem.l_discount)))) DESC"], "Plans": [{"Node Type": "Aggregate", "Strategy": "Hashed", "Parent Relationship": "Outer", "Startup Cost": 3664519.48, "Total Cost": 3678978.46, "Plan Rows": 1445898, "Plan Width": 199, "Group By Key": ["customer.c_custkey", "customer.c_name", "customer.c_acctbal", "customer.c_phone", "nation.n_name", "customer.c_address", "customer.c_comment"], "Plans": [{"Node Type": "Nested Loop", "Parent Relationship": "Outer", "Join Type": "Inner", "Startup Cost": 503105.7, "Total Cost": 3628372.03, "Plan Rows": 1445898, "Plan Width": 191, "Inner Unique": false, "Plans": [{"Node Type": "Merge Join", "Parent Relationship": "Outer", "Join Type": "Inner", "Startup Cost": 503105.7, "Total Cost": 511754.58, "Plan Rows": 575746, "Plan Width": 183, "Inner Unique": false, "Merge Cond": "(nation.n_nationkey = customer.c_nationkey)", "Plans": [{"Node Type": "Index Scan", "Parent Relationship": "Outer", "Scan Direction": "Forward", "Index Name": "nation_pkey", "Relation Name": "nation", "Alias": "nation", "Startup Cost": 0.0, "Total Cost": 12.62, "Plan Rows": 25, "Plan Width": 30}, {"Node Type": "Sort", "Parent Relationship": "Inner", "Startup Cost": 503105.7, "Total Cost": 504545.07, "Plan Rows": 575746, "Plan Width": 161, "Sort Key": ["customer.c_nationkey"], "Plans": [{"Node Type": "Merge Join", "Parent Relationship": "Outer", "Join Type": "Inner", "Startup Cost": 354871.86, "Total Cost": 448021.0, "Plan Rows": 575746, "Plan Width": 161, "Inner Unique": false, "Merge Cond": "(customer.c_custkey = orders.o_custkey)", "Plans": [{"Node Type": "Index Scan", "Parent Relationship": "Outer", "Scan Direction": "Forward", "Index Name": "customer_pkey", "Relation Name": "customer", "Alias": "customer", "Startup Cost": 0.0, "Total Cost": 80765.36, "Plan Rows": 1500000, "Plan Width": 153}, {"Node Type": "Sort", "Parent Relationship": "Inner", "Startup Cost": 354869.55, "Total Cost": 356308.91, "Plan Rows": 575746, "Plan Width": 16, "Sort Key": ["orders.o_custkey"], "Plans": [{"Node Type": "Bitmap Heap Scan", "Parent Relationship": "Outer", "Relation Name": "orders", "Alias": "orders", "Startup Cost": 14729.65, "Total Cost": 299784.84, "Plan Rows": 575746, "Plan Width": 16, "Recheck Cond": "((o_orderdate >= '1993-08-01 00:00:00'::timestamp(0) without time zone) AND (o_orderdate < '1993-11-01 00:00:00'::timestamp without time zone)), (LLVM Optimized)", "Plans": [{"Node Type": "Bitmap Index Scan", "Parent Relationship": "Outer", "Index Name": "idx_orders_orderdate", "Startup Cost": 0.0, "Total Cost": 14585.71, "Plan Rows": 575746, "Plan Width": 0, "Index Cond": "((o_orderdate >= '1993-08-01 00:00:00'::timestamp(0) without time zone) AND (o_orderdate < '1993-11-01 00:00:00'::timestamp without time zone))"}]}]}]}]}]}, {"Node Type": "Index Scan", "Parent Relationship": "Inner", "Scan Direction": "Forward", "Index Name": "idx_lineitem_orderkey", "Relation Name": "lineitem", "Alias": "lineitem", "Startup Cost": 0.0, "Total Cost": 5.38, "Plan Rows": 3, "Plan Width": 24, "Index Cond": "(l_orderkey = orders.o_orderkey)", "Filter": "(l_returnflag = 'R'::bpchar)"}]}]}]}]}, "Unique SQL Id": 1604070524, "Planner Runtime": 2}, "explain_analyze_plan": {"Plan": {"Node Type": "Limit", "Startup Cost": 3717453.28, "Total Cost": 3717453.33, "Plan Rows": 20, "Plan Width": 199, "Actual Startup Time": 12878.002, "Actual Total Time": 12878.011, "Actual Rows": 20, "Actual Loops": 1, "Plans": [{"Node Type": "Sort", "Parent Relationship": "Outer", "Startup Cost": 3717453.28, "Total Cost": 3721068.03, "Plan Rows": 20, "Plan Width": 199, "Actual Startup Time": 12877.999, "Actual Total Time": 12878.004, "Actual Rows": 20, "Actual Loops": 1, "Sort Key": ["(sum((lineitem.l_extendedprice * (1::double precision - lineitem.l_discount)))) DESC"], "Sort Method": "top-N heapsort", "Sort Space Used": 35, "Sort Space Type": "Memory", "Plans": [{"Node Type": "Aggregate", "Strategy": "Hashed", "Parent Relationship": "Outer", "Startup Cost": 3664519.48, "Total Cost": 3678978.46, "Plan Rows": 1445898, "Plan Width": 199, "Actual Startup Time": 12452.652, "Actual Total Time": 12740.589, "Actual Rows": 381542, "Actual Loops": 1, "Group By Key": ["customer.c_custkey", "customer.c_name", "customer.c_acctbal", "customer.c_phone", "nation.n_name", "customer.c_address", "customer.c_comment"], "Plans": [{"Node Type": "Nested Loop", "Parent Relationship": "Outer", "Join Type": "Inner", "Startup Cost": 503105.7, "Total Cost": 3628372.03, "Plan Rows": 1445898, "Plan Width": 191, "Actual Startup Time": 2853.835, "Actual Total Time": 10700.527, "Actual Rows": 1145969, "Actual Loops": 1, "Inner Unique": false, "Plans": [{"Node Type": "Merge Join", "Parent Relationship": "Outer", "Join Type": "Inner", "Startup Cost": 503105.7, "Total Cost": 511754.58, "Plan Rows": 575746, "Plan Width": 183, "Actual Startup Time": 2853.75, "Actual Total Time": 3273.785, "Actual Rows": 573635, "Actual Loops": 1, "Inner Unique": false, "Merge Cond": "(nation.n_nationkey = customer.c_nationkey)", "Plans": [{"Node Type": "Index Scan", "Parent Relationship": "Outer", "Scan Direction": "Forward", "Index Name": "nation_pkey", "Relation Name": "nation", "Alias": "nation", "Startup Cost": 0.0, "Total Cost": 12.62, "Plan Rows": 25, "Plan Width": 30, "Actual Startup Time": 0.022, "Actual Total Time": 0.097, "Actual Rows": 25, "Actual Loops": 1}, {"Node Type": "Sort", "Parent Relationship": "Inner", "Startup Cost": 503105.7, "Total Cost": 504545.07, "Plan Rows": 575746, "Plan Width": 161, "Actual Startup Time": 2853.715, "Actual Total Time": 3003.832, "Actual Rows": 573635, "Actual Loops": 1, "Sort Key": ["customer.c_nationkey"], "Sort Method": "quicksort", "Sort Space Used": 185911, "Sort Space Type": "Memory", "Plans": [{"Node Type": "Merge Join", "Parent Relationship": "Outer", "Join Type": "Inner", "Startup Cost": 354871.86, "Total Cost": 448021.0, "Plan Rows": 575746, "Plan Width": 161, "Actual Startup Time": 1222.301, "Actual Total Time": 2586.447, "Actual Rows": 573635, "Actual Loops": 1, "Inner Unique": false, "Merge Cond": "(customer.c_custkey = orders.o_custkey)", "Plans": [{"Node Type": "Index Scan", "Parent Relationship": "Outer", "Scan Direction": "Forward", "Index Name": "customer_pkey", "Relation Name": "customer", "Alias": "customer", "Startup Cost": 0.0, "Total Cost": 80765.36, "Plan Rows": 1500000, "Plan Width": 153, "Actual Startup Time": 0.021, "Actual Total Time": 766.638, "Actual Rows": 1499999, "Actual Loops": 1}, {"Node Type": "Sort", "Parent Relationship": "Inner", "Startup Cost": 354869.55, "Total Cost": 356308.91, "Plan Rows": 575746, "Plan Width": 16, "Actual Startup Time": 1222.265, "Actual Total Time": 1347.975, "Actual Rows": 573635, "Actual Loops": 1, "Sort Key": ["orders.o_custkey"], "Sort Method": "quicksort", "Sort Space Used": 78355, "Sort Space Type": "Memory", "Plans": [{"Node Type": "Bitmap Heap Scan", "Parent Relationship": "Outer", "Relation Name": "orders", "Alias": "orders", "Startup Cost": 14729.65, "Total Cost": 299784.84, "Plan Rows": 575746, "Plan Width": 16, "Actual Startup Time": 242.111, "Actual Total Time": 983.159, "Actual Rows": 573635, "Actual Loops": 1, "Recheck Cond": "((o_orderdate >= '1993-08-01 00:00:00'::timestamp(0) without time zone) AND (o_orderdate < '1993-11-01 00:00:00'::timestamp without time zone)), (LLVM Optimized, Jit Execute)", "Rows Removed by Index Recheck": 0, "Exact Heap Blocks": 242860, "Lossy Heap Blocks": 242860, "Plans": [{"Node Type": "Bitmap Index Scan", "Parent Relationship": "Outer", "Index Name": "idx_orders_orderdate", "Startup Cost": 0.0, "Total Cost": 14585.71, "Plan Rows": 575746, "Plan Width": 0, "Actual Startup Time": 167.06, "Actual Total Time": 167.06, "Actual Rows": 573635, "Actual Loops": 1, "Index Cond": "((o_orderdate >= '1993-08-01 00:00:00'::timestamp(0) without time zone) AND (o_orderdate < '1993-11-01 00:00:00'::timestamp without time zone))"}]}]}]}]}]}, {"Node Type": "Index Scan", "Parent Relationship": "Inner", "Scan Direction": "Forward", "Index Name": "idx_lineitem_orderkey", "Relation Name": "lineitem", "Alias": "lineitem", "Startup Cost": 0.0, "Total Cost": 5.38, "Plan Rows": 3, "Plan Width": 24, "Actual Startup Time": 5556.409, "Actual Total Time": 6825.008, "Actual Rows": 1145969, "Actual Loops": 573635, "Index Cond": "(l_orderkey = orders.o_orderkey)", "Rows Removed by Index Recheck": 0, "Filter": "(l_returnflag = 'R'::bpchar)", "Rows Removed by Filter": 1146896}]}]}]}]}, "Triggers": [], "Planner Runtime": 1, "Total Runtime": 12888.49, "Unique SQL Id": 1604070524}}, "(64, 18)": {"explain_plan": {"Plan": {"Node Type": "Limit", "Startup Cost": 4808550.36, "Total Cost": 4808550.41, "Plan Rows": 20, "Plan Width": 199, "Plans": [{"Node Type": "Sort", "Parent Relationship": "Outer", "Startup Cost": 4808550.36, "Total Cost": 4812165.1, "Plan Rows": 20, "Plan Width": 199, "Sort Key": ["(sum((lineitem.l_extendedprice * (1::double precision - lineitem.l_discount)))) DESC"], "Plans": [{"Node Type": "Aggregate", "Strategy": "Hashed", "Parent Relationship": "Outer", "Startup Cost": 4755616.55, "Total Cost": 4770075.53, "Plan Rows": 1445898, "Plan Width": 199, "Group By Key": ["customer.c_custkey", "customer.c_name", "customer.c_acctbal", "customer.c_phone", "nation.n_name", "customer.c_address", "customer.c_comment"], "Plans": [{"Node Type": "Merge Join", "Parent Relationship": "Outer", "Join Type": "Inner", "Startup Cost": 4627956.66, "Total Cost": 4719469.1, "Plan Rows": 1445898, "Plan Width": 191, "Inner Unique": false, "Merge Cond": "(orders.o_orderkey = lineitem.l_orderkey)", "Plans": [{"Node Type": "Sort", "Parent Relationship": "Outer", "Startup Cost": 695813.19, "Total Cost": 697252.55, "Plan Rows": 575746, "Plan Width": 183, "Sort Key": ["orders.o_orderkey"], "Plans": [{"Node Type": "Merge Join", "Parent Relationship": "Outer", "Join Type": "Inner", "Startup Cost": 632092.16, "Total Cost": 640728.48, "Plan Rows": 575746, "Plan Width": 183, "Inner Unique": false, "Merge Cond": "(nation.n_nationkey = customer.c_nationkey)", "Plans": [{"Node Type": "Sort", "Parent Relationship": "Outer", "Startup Cost": 1.83, "Total Cost": 1.89, "Plan Rows": 25, "Plan Width": 30, "Sort Key": ["nation.n_nationkey"], "Plans": [{"Node Type": "Seq Scan", "Parent Relationship": "Outer", "Relation Name": "nation", "Alias": "nation", "Startup Cost": 0.0, "Total Cost": 1.25, "Plan Rows": 25, "Plan Width": 30}]}, {"Node Type": "Sort", "Parent Relationship": "Inner", "Startup Cost": 632090.33, "Total Cost": 633529.7, "Plan Rows": 575746, "Plan Width": 161, "Sort Key": ["customer.c_nationkey"], "Plans": [{"Node Type": "Merge Join", "Parent Relationship": "Outer", "Join Type": "Inner", "Startup Cost": 560869.73, "Total Cost": 577005.62, "Plan Rows": 575746, "Plan Width": 161, "Inner Unique": false, "Merge Cond": "(customer.c_custkey = orders.o_custkey)", "Plans": [{"Node Type": "Sort", "Parent Relationship": "Outer", "Startup Cost": 205999.98, "Total Cost": 209749.98, "Plan Rows": 1500000, "Plan Width": 153, "Sort Key": ["customer.c_custkey"], "Plans": [{"Node Type": "Seq Scan", "Parent Relationship": "Outer", "Relation Name": "customer", "Alias": "customer", "Startup Cost": 0.0, "Total Cost": 52126.0, "Plan Rows": 1500000, "Plan Width": 153}]}, {"Node Type": "Sort", "Parent Relationship": "Inner", "Startup Cost": 354869.55, "Total Cost": 356308.91, "Plan Rows": 575746, "Plan Width": 16, "Sort Key": ["orders.o_custkey"], "Plans": [{"Node Type": "Bitmap Heap Scan", "Parent Relationship": "Outer", "Relation Name": "orders", "Alias": "orders", "Startup Cost": 14729.65, "Total Cost": 299784.84, "Plan Rows": 575746, "Plan Width": 16, "Recheck Cond": "((o_orderdate >= '1993-08-01 00:00:00'::timestamp(0) without time zone) AND (o_orderdate < '1993-11-01 00:00:00'::timestamp without time zone)), (LLVM Optimized)", "Plans": [{"Node Type": "Bitmap Index Scan", "Parent Relationship": "Outer", "Index Name": "idx_orders_orderdate", "Startup Cost": 0.0, "Total Cost": 14585.71, "Plan Rows": 575746, "Plan Width": 0, "Index Cond": "((o_orderdate >= '1993-08-01 00:00:00'::timestamp(0) without time zone) AND (o_orderdate < '1993-11-01 00:00:00'::timestamp without time zone))"}]}]}]}]}]}]}, {"Node Type": "Sort", "Parent Relationship": "Inner", "Startup Cost": 3932143.37, "Total Cost": 3969231.39, "Plan Rows": 14835209, "Plan Width": 24, "Sort Key": ["lineitem.l_orderkey"], "Plans": [{"Node Type": "Seq Scan", "Parent Relationship": "Outer", "Relation Name": "lineitem", "Alias": "lineitem", "Startup Cost": 0.0, "Total Cost": 2165082.91, "Plan Rows": 14835209, "Plan Width": 24, "Filter": "(l_returnflag = 'R'::bpchar), (LLVM Optimized)"}]}]}]}]}]}, "Unique SQL Id": 1604070524, "Planner Runtime": 2}, "explain_analyze_plan": {"Plan": {"Node Type": "Limit", "Startup Cost": 4808550.36, "Total Cost": 4808550.41, "Plan Rows": 20, "Plan Width": 199, "Actual Startup Time": 39257.311, "Actual Total Time": 39257.316, "Actual Rows": 20, "Actual Loops": 1, "Plans": [{"Node Type": "Sort", "Parent Relationship": "Outer", "Startup Cost": 4808550.36, "Total Cost": 4812165.1, "Plan Rows": 20, "Plan Width": 199, "Actual Startup Time": 39257.308, "Actual Total Time": 39257.31, "Actual Rows": 20, "Actual Loops": 1, "Sort Key": ["(sum((lineitem.l_extendedprice * (1::double precision - lineitem.l_discount)))) DESC"], "Sort Method": "top-N heapsort", "Sort Space Used": 35, "Sort Space Type": "Memory", "Plans": [{"Node Type": "Aggregate", "Strategy": "Hashed", "Parent Relationship": "Outer", "Startup Cost": 4755616.55, "Total Cost": 4770075.53, "Plan Rows": 1445898, "Plan Width": 199, "Actual Startup Time": 38815.814, "Actual Total Time": 39121.615, "Actual Rows": 381542, "Actual Loops": 1, "Group By Key": ["customer.c_custkey", "customer.c_name", "customer.c_acctbal", "customer.c_phone", "nation.n_name", "customer.c_address", "customer.c_comment"], "Plans": [{"Node Type": "Merge Join", "Parent Relationship": "Outer", "Join Type": "Inner", "Startup Cost": 4627956.66, "Total Cost": 4719469.1, "Plan Rows": 1445898, "Plan Width": 191, "Actual Startup Time": 32259.33, "Actual Total Time": 37139.686, "Actual Rows": 1145969, "Actual Loops": 1, "Inner Unique": false, "Merge Cond": "(orders.o_orderkey = lineitem.l_orderkey)", "Plans": [{"Node Type": "Sort", "Parent Relationship": "Outer", "Startup Cost": 695813.19, "Total Cost": 697252.55, "Plan Rows": 575746, "Plan Width": 183, "Actual Startup Time": 4421.749, "Actual Total Time": 4613.367, "Actual Rows": 573635, "Actual Loops": 1, "Sort Key": ["orders.o_orderkey"], "Sort Method": "quicksort", "Sort Space Used": 199246, "Sort Space Type": "Memory", "Plans": [{"Node Type": "Merge Join", "Parent Relationship": "Outer", "Join Type": "Inner", "Startup Cost": 632092.16, "Total Cost": 640728.48, "Plan Rows": 575746, "Plan Width": 183, "Actual Startup Time": 3712.747, "Actual Total Time": 4088.752, "Actual Rows": 573635, "Actual Loops": 1, "Inner Unique": false, "Merge Cond": "(nation.n_nationkey = customer.c_nationkey)", "Plans": [{"Node Type": "Sort", "Parent Relationship": "Outer", "Startup Cost": 1.83, "Total Cost": 1.89, "Plan Rows": 25, "Plan Width": 30, "Actual Startup Time": 0.044, "Actual Total Time": 0.053, "Actual Rows": 25, "Actual Loops": 1, "Sort Key": ["nation.n_nationkey"], "Sort Method": "quicksort", "Sort Space Used": 27, "Sort Space Type": "Memory", "Plans": [{"Node Type": "Seq Scan", "Parent Relationship": "Outer", "Relation Name": "nation", "Alias": "nation", "Startup Cost": 0.0, "Total Cost": 1.25, "Plan Rows": 25, "Plan Width": 30, "Actual Startup Time": 0.019, "Actual Total Time": 0.027, "Actual Rows": 25, "Actual Loops": 1}]}, {"Node Type": "Sort", "Parent Relationship": "Inner", "Startup Cost": 632090.33, "Total Cost": 633529.7, "Plan Rows": 575746, "Plan Width": 161, "Actual Startup Time": 3712.687, "Actual Total Time": 3847.239, "Actual Rows": 573635, "Actual Loops": 1, "Sort Key": ["customer.c_nationkey"], "Sort Method": "quicksort", "Sort Space Used": 185911, "Sort Space Type": "Memory", "Plans": [{"Node Type": "Merge Join", "Parent Relationship": "Outer", "Join Type": "Inner", "Startup Cost": 560869.73, "Total Cost": 577005.62, "Plan Rows": 575746, "Plan Width": 161, "Actual Startup Time": 2426.213, "Actual Total Time": 3444.826, "Actual Rows": 573635, "Actual Loops": 1, "Inner Unique": false, "Merge Cond": "(customer.c_custkey = orders.o_custkey)", "Plans": [{"Node Type": "Sort", "Parent Relationship": "Outer", "Startup Cost": 205999.98, "Total Cost": 209749.98, "Plan Rows": 1500000, "Plan Width": 153, "Actual Startup Time": 1282.619, "Actual Total Time": 1611.594, "Actual Rows": 1499999, "Actual Loops": 1, "Sort Key": ["customer.c_custkey"], "Sort Method": "quicksort", "Sort Space Used": 470340, "Sort Space Type": "Memory", "Plans": [{"Node Type": "Seq Scan", "Parent Relationship": "Outer", "Relation Name": "customer", "Alias": "customer", "Startup Cost": 0.0, "Total Cost": 52126.0, "Plan Rows": 1500000, "Plan Width": 153, "Actual Startup Time": 0.02, "Actual Total Time": 583.789, "Actual Rows": 1500000, "Actual Loops": 1}]}, {"Node Type": "Sort", "Parent Relationship": "Inner", "Startup Cost": 354869.55, "Total Cost": 356308.91, "Plan Rows": 575746, "Plan Width": 16, "Actual Startup Time": 1143.577, "Actual Total Time": 1295.966, "Actual Rows": 573635, "Actual Loops": 1, "Sort Key": ["orders.o_custkey"], "Sort Method": "quicksort", "Sort Space Used": 78355, "Sort Space Type": "Memory", "Plans": [{"Node Type": "Bitmap Heap Scan", "Parent Relationship": "Outer", "Relation Name": "orders", "Alias": "orders", "Startup Cost": 14729.65, "Total Cost": 299784.84, "Plan Rows": 575746, "Plan Width": 16, "Actual Startup Time": 250.582, "Actual Total Time": 906.531, "Actual Rows": 573635, "Actual Loops": 1, "Recheck Cond": "((o_orderdate >= '1993-08-01 00:00:00'::timestamp(0) without time zone) AND (o_orderdate < '1993-11-01 00:00:00'::timestamp without time zone)), (LLVM Optimized, Jit Execute)", "Rows Removed by Index Recheck": 0, "Exact Heap Blocks": 242860, "Lossy Heap Blocks": 242860, "Plans": [{"Node Type": "Bitmap Index Scan", "Parent Relationship": "Outer", "Index Name": "idx_orders_orderdate", "Startup Cost": 0.0, "Total Cost": 14585.71, "Plan Rows": 575746, "Plan Width": 0, "Actual Startup Time": 176.256, "Actual Total Time": 176.256, "Actual Rows": 573635, "Actual Loops": 1, "Index Cond": "((o_orderdate >= '1993-08-01 00:00:00'::timestamp(0) without time zone) AND (o_orderdate < '1993-11-01 00:00:00'::timestamp without time zone))"}]}]}]}]}]}]}, {"Node Type": "Sort", "Parent Relationship": "Inner", "Startup Cost": 3932143.37, "Total Cost": 3969231.39, "Plan Rows": 14835209, "Plan Width": 24, "Actual Startup Time": 27837.438, "Actual Total Time": 29720.042, "Actual Rows": 14808182, "Actual Loops": 1, "Sort Key": ["lineitem.l_orderkey"], "Sort Method": "quicksort", "Sort Space Used": 1781484, "Sort Space Type": "Memory", "Plans": [{"Node Type": "Seq Scan", "Parent Relationship": "Outer", "Relation Name": "lineitem", "Alias": "lineitem", "Startup Cost": 0.0, "Total Cost": 2165082.91, "Plan Rows": 14835209, "Plan Width": 24, "Actual Startup Time": 0.046, "Actual Total Time": 22474.226, "Actual Rows": 14808183, "Actual Loops": 1, "Filter": "(l_returnflag = 'R'::bpchar), (LLVM Optimized, Jit Execute)", "Rows Removed by Filter": 45177869}]}]}]}]}]}, "Triggers": [], "Planner Runtime": 1, "Total Runtime": 39267.979, "Unique SQL Id": 1604070524}}, "(64, 19)": {"explain_plan": {"Plan": {"Node Type": "Limit", "Startup Cost": 13443415.76, "Total Cost": 13443415.81, "Plan Rows": 20, "Plan Width": 199, "Plans": [{"Node Type": "Sort", "Parent Relationship": "Outer", "Startup Cost": 13443415.76, "Total Cost": 13447030.51, "Plan Rows": 20, "Plan Width": 199, "Sort Key": ["(sum((lineitem.l_extendedprice * (1::double precision - lineitem.l_discount)))) DESC"], "Plans": [{"Node Type": "Aggregate", "Strategy": "Hashed", "Parent Relationship": "Outer", "Startup Cost": 13390481.96, "Total Cost": 13404940.94, "Plan Rows": 1445898, "Plan Width": 199, "Group By Key": ["customer.c_custkey", "customer.c_name", "customer.c_acctbal", "customer.c_phone", "nation.n_name", "customer.c_address", "customer.c_comment"], "Plans": [{"Node Type": "Nested Loop", "Parent Relationship": "Outer", "Join Type": "Inner", "Startup Cost": 14732.12, "Total Cost": 13354334.51, "Plan Rows": 1445898, "Plan Width": 191, "Inner Unique": false, "Plans": [{"Node Type": "Nested Loop", "Parent Relationship": "Outer", "Join Type": "Inner", "Startup Cost": 14730.2, "Total Cost": 5249597.54, "Plan Rows": 575746, "Plan Width": 183, "Inner Unique": true, "Plans": [{"Node Type": "Nested Loop", "Parent Relationship": "Outer", "Join Type": "Inner", "Startup Cost": 14729.94, "Total Cost": 2785257.65, "Plan Rows": 575746, "Plan Width": 161, "Inner Unique": true, "Plans": [{"Node Type": "Bitmap Heap Scan", "Parent Relationship": "Outer", "Relation Name": "orders", "Alias": "orders", "Startup Cost": 14729.65, "Total Cost": 299784.84, "Plan Rows": 575746, "Plan Width": 16, "Recheck Cond": "((o_orderdate >= '1993-08-01 00:00:00'::timestamp(0) without time zone) AND (o_orderdate < '1993-11-01 00:00:00'::timestamp without time zone)), (LLVM Optimized)", "Plans": [{"Node Type": "Bitmap Index Scan", "Parent Relationship": "Outer", "Index Name": "idx_orders_orderdate", "Startup Cost": 0.0, "Total Cost": 14585.71, "Plan Rows": 575746, "Plan Width": 0, "Index Cond": "((o_orderdate >= '1993-08-01 00:00:00'::timestamp(0) without time zone) AND (o_orderdate < '1993-11-01 00:00:00'::timestamp without time zone))"}]}, {"Node Type": "Bitmap Heap Scan", "Parent Relationship": "Inner", "Relation Name": "customer", "Alias": "customer", "Startup Cost": 0.29, "Total Cost": 4.31, "Plan Rows": 1, "Plan Width": 153, "Recheck Cond": "(c_custkey = orders.o_custkey)", "Plans": [{"Node Type": "Bitmap Index Scan", "Parent Relationship": "Outer", "Index Name": "customer_pkey", "Startup Cost": 0.0, "Total Cost": 0.29, "Plan Rows": 1, "Plan Width": 0, "Index Cond": "(c_custkey = orders.o_custkey)"}]}]}, {"Node Type": "Bitmap Heap Scan", "Parent Relationship": "Inner", "Relation Name": "nation", "Alias": "nation", "Startup Cost": 0.26, "Total Cost": 4.27, "Plan Rows": 1, "Plan Width": 30, "Recheck Cond": "(n_nationkey = customer.c_nationkey)", "Plans": [{"Node Type": "Bitmap Index Scan", "Parent Relationship": "Outer", "Index Name": "nation_pkey", "Startup Cost": 0.0, "Total Cost": 0.26, "Plan Rows": 1, "Plan Width": 0, "Index Cond": "(n_nationkey = customer.c_nationkey)"}]}]}, {"Node Type": "Bitmap Heap Scan", "Parent Relationship": "Inner", "Relation Name": "lineitem", "Alias": "lineitem", "Startup Cost": 1.93, "Total Cost": 14.05, "Plan Rows": 3, "Plan Width": 24, "Recheck Cond": "(l_orderkey = orders.o_orderkey)", "Filter": "(l_returnflag = 'R'::bpchar)", "Plans": [{"Node Type": "Bitmap Index Scan", "Parent Relationship": "Outer", "Index Name": "idx_lineitem_orderkey", "Startup Cost": 0.0, "Total Cost": 1.92, "Plan Rows": 9, "Plan Width": 0, "Index Cond": "(l_orderkey = orders.o_orderkey)"}]}]}]}]}]}, "Unique SQL Id": 1604070524, "Planner Runtime": 1}, "explain_analyze_plan": {"Plan": {"Node Type": "Limit", "Startup Cost": 13443415.76, "Total Cost": 13443415.81, "Plan Rows": 20, "Plan Width": 199, "Actual Startup Time": 16957.333, "Actual Total Time": 16957.341, "Actual Rows": 20, "Actual Loops": 1, "Plans": [{"Node Type": "Sort", "Parent Relationship": "Outer", "Startup Cost": 13443415.76, "Total Cost": 13447030.51, "Plan Rows": 20, "Plan Width": 199, "Actual Startup Time": 16957.329, "Actual Total Time": 16957.334, "Actual Rows": 20, "Actual Loops": 1, "Sort Key": ["(sum((lineitem.l_extendedprice * (1::double precision - lineitem.l_discount)))) DESC"], "Sort Method": "top-N heapsort", "Sort Space Used": 35, "Sort Space Type": "Memory", "Plans": [{"Node Type": "Aggregate", "Strategy": "Hashed", "Parent Relationship": "Outer", "Startup Cost": 13390481.96, "Total Cost": 13404940.94, "Plan Rows": 1445898, "Plan Width": 199, "Actual Startup Time": 16583.968, "Actual Total Time": 16822.306, "Actual Rows": 381542, "Actual Loops": 1, "Group By Key": ["customer.c_custkey", "customer.c_name", "customer.c_acctbal", "customer.c_phone", "nation.n_name", "customer.c_address", "customer.c_comment"], "Plans": [{"Node Type": "Nested Loop", "Parent Relationship": "Outer", "Join Type": "Inner", "Startup Cost": 14732.12, "Total Cost": 13354334.51, "Plan Rows": 1445898, "Plan Width": 191, "Actual Startup Time": 241.783, "Actual Total Time": 14652.01, "Actual Rows": 1145969, "Actual Loops": 1, "Inner Unique": false, "Plans": [{"Node Type": "Nested Loop", "Parent Relationship": "Outer", "Join Type": "Inner", "Startup Cost": 14730.2, "Total Cost": 5249597.54, "Plan Rows": 575746, "Plan Width": 183, "Actual Startup Time": 241.73, "Actual Total Time": 8212.424, "Actual Rows": 573635, "Actual Loops": 1, "Inner Unique": true, "Plans": [{"Node Type": "Nested Loop", "Parent Relationship": "Outer", "Join Type": "Inner", "Startup Cost": 14729.94, "Total Cost": 2785257.65, "Plan Rows": 575746, "Plan Width": 161, "Actual Startup Time": 241.696, "Actual Total Time": 6036.117, "Actual Rows": 573635, "Actual Loops": 1, "Inner Unique": true, "Plans": [{"Node Type": "Bitmap Heap Scan", "Parent Relationship": "Outer", "Relation Name": "orders", "Alias": "orders", "Startup Cost": 14729.65, "Total Cost": 299784.84, "Plan Rows": 575746, "Plan Width": 16, "Actual Startup Time": 241.45, "Actual Total Time": 1047.688, "Actual Rows": 573635, "Actual Loops": 1, "Recheck Cond": "((o_orderdate >= '1993-08-01 00:00:00'::timestamp(0) without time zone) AND (o_orderdate < '1993-11-01 00:00:00'::timestamp without time zone)), (LLVM Optimized, Jit Execute)", "Rows Removed by Index Recheck": 0, "Exact Heap Blocks": 242860, "Lossy Heap Blocks": 242860, "Plans": [{"Node Type": "Bitmap Index Scan", "Parent Relationship": "Outer", "Index Name": "idx_orders_orderdate", "Startup Cost": 0.0, "Total Cost": 14585.71, "Plan Rows": 575746, "Plan Width": 0, "Actual Startup Time": 167.064, "Actual Total Time": 167.064, "Actual Rows": 573635, "Actual Loops": 1, "Index Cond": "((o_orderdate >= '1993-08-01 00:00:00'::timestamp(0) without time zone) AND (o_orderdate < '1993-11-01 00:00:00'::timestamp without time zone))"}]}, {"Node Type": "Bitmap Heap Scan", "Parent Relationship": "Inner", "Relation Name": "customer", "Alias": "customer", "Startup Cost": 0.29, "Total Cost": 4.31, "Plan Rows": 1, "Plan Width": 153, "Actual Startup Time": 4129.14, "Actual Total Time": 4129.14, "Actual Rows": 573635, "Actual Loops": 573635, "Recheck Cond": "(c_custkey = orders.o_custkey)", "Rows Removed by Index Recheck": 0, "Exact Heap Blocks": 573635, "Lossy Heap Blocks": 573635, "Plans": [{"Node Type": "Bitmap Index Scan", "Parent Relationship": "Outer", "Index Name": "customer_pkey", "Startup Cost": 0.0, "Total Cost": 0.29, "Plan Rows": 1, "Plan Width": 0, "Actual Startup Time": 2565.96, "Actual Total Time": 2565.96, "Actual Rows": 573635, "Actual Loops": 573635, "Index Cond": "(c_custkey = orders.o_custkey)"}]}]}, {"Node Type": "Bitmap Heap Scan", "Parent Relationship": "Inner", "Relation Name": "nation", "Alias": "nation", "Startup Cost": 0.26, "Total Cost": 4.27, "Plan Rows": 1, "Plan Width": 30, "Actual Startup Time": 1398.487, "Actual Total Time": 1398.487, "Actual Rows": 573635, "Actual Loops": 573635, "Recheck Cond": "(n_nationkey = customer.c_nationkey)", "Rows Removed by Index Recheck": 0, "Exact Heap Blocks": 573635, "Lossy Heap Blocks": 573635, "Plans": [{"Node Type": "Bitmap Index Scan", "Parent Relationship": "Outer", "Index Name": "nation_pkey", "Startup Cost": 0.0, "Total Cost": 0.26, "Plan Rows": 1, "Plan Width": 0, "Actual Startup Time": 610.04, "Actual Total Time": 610.04, "Actual Rows": 573635, "Actual Loops": 573635, "Index Cond": "(n_nationkey = customer.c_nationkey)"}]}]}, {"Node Type": "Bitmap Heap Scan", "Parent Relationship": "Inner", "Relation Name": "lineitem", "Alias": "lineitem", "Startup Cost": 1.93, "Total Cost": 14.05, "Plan Rows": 3, "Plan Width": 24, "Actual Startup Time": 4947.793, "Actual Total Time": 5480.067, "Actual Rows": 1145969, "Actual Loops": 573635, "Recheck Cond": "(l_orderkey = orders.o_orderkey)", "Rows Removed by Index Recheck": 0, "Filter": "(l_returnflag = 'R'::bpchar)", "Rows Removed by Filter": 1146896, "Exact Heap Blocks": 614400, "Lossy Heap Blocks": 614400, "Plans": [{"Node Type": "Bitmap Index Scan", "Parent Relationship": "Outer", "Index Name": "idx_lineitem_orderkey", "Startup Cost": 0.0, "Total Cost": 1.92, "Plan Rows": 9, "Plan Width": 0, "Actual Startup Time": 2505.557, "Actual Total Time": 2505.557, "Actual Rows": 2292865, "Actual Loops": 573635, "Index Cond": "(l_orderkey = orders.o_orderkey)"}]}]}]}]}]}, "Triggers": [], "Planner Runtime": 0, "Total Runtime": 16967.566, "Unique SQL Id": 1604070524}}, "(64, 20)": {"explain_plan": {"Plan": {"Node Type": "Limit", "Startup Cost": 3717442.55, "Total Cost": 3717442.6, "Plan Rows": 20, "Plan Width": 199, "Plans": [{"Node Type": "Sort", "Parent Relationship": "Outer", "Startup Cost": 3717442.55, "Total Cost": 3721057.3, "Plan Rows": 20, "Plan Width": 199, "Sort Key": ["(sum((lineitem.l_extendedprice * (1::double precision - lineitem.l_discount)))) DESC"], "Plans": [{"Node Type": "Aggregate", "Strategy": "Hashed", "Parent Relationship": "Outer", "Startup Cost": 3664508.75, "Total Cost": 3678967.73, "Plan Rows": 1445898, "Plan Width": 199, "Group By Key": ["customer.c_custkey", "customer.c_name", "customer.c_acctbal", "customer.c_phone", "nation.n_name", "customer.c_address", "customer.c_comment"], "Plans": [{"Node Type": "Nested Loop", "Parent Relationship": "Outer", "Join Type": "Inner", "Startup Cost": 503107.54, "Total Cost": 3628361.3, "Plan Rows": 1445898, "Plan Width": 191, "Inner Unique": false, "Plans": [{"Node Type": "Merge Join", "Parent Relationship": "Outer", "Join Type": "Inner", "Startup Cost": 503107.54, "Total Cost": 511743.85, "Plan Rows": 575746, "Plan Width": 183, "Inner Unique": false, "Merge Cond": "(nation.n_nationkey = customer.c_nationkey)", "Plans": [{"Node Type": "Sort", "Parent Relationship": "Outer", "Startup Cost": 1.83, "Total Cost": 1.89, "Plan Rows": 25, "Plan Width": 30, "Sort Key": ["nation.n_nationkey"], "Plans": [{"Node Type": "Seq Scan", "Parent Relationship": "Outer", "Relation Name": "nation", "Alias": "nation", "Startup Cost": 0.0, "Total Cost": 1.25, "Plan Rows": 25, "Plan Width": 30}]}, {"Node Type": "Sort", "Parent Relationship": "Inner", "Startup Cost": 503105.7, "Total Cost": 504545.07, "Plan Rows": 575746, "Plan Width": 161, "Sort Key": ["customer.c_nationkey"], "Plans": [{"Node Type": "Merge Join", "Parent Relationship": "Outer", "Join Type": "Inner", "Startup Cost": 354871.86, "Total Cost": 448021.0, "Plan Rows": 575746, "Plan Width": 161, "Inner Unique": false, "Merge Cond": "(customer.c_custkey = orders.o_custkey)", "Plans": [{"Node Type": "Index Scan", "Parent Relationship": "Outer", "Scan Direction": "Forward", "Index Name": "customer_pkey", "Relation Name": "customer", "Alias": "customer", "Startup Cost": 0.0, "Total Cost": 80765.36, "Plan Rows": 1500000, "Plan Width": 153}, {"Node Type": "Sort", "Parent Relationship": "Inner", "Startup Cost": 354869.55, "Total Cost": 356308.91, "Plan Rows": 575746, "Plan Width": 16, "Sort Key": ["orders.o_custkey"], "Plans": [{"Node Type": "Bitmap Heap Scan", "Parent Relationship": "Outer", "Relation Name": "orders", "Alias": "orders", "Startup Cost": 14729.65, "Total Cost": 299784.84, "Plan Rows": 575746, "Plan Width": 16, "Recheck Cond": "((o_orderdate >= '1993-08-01 00:00:00'::timestamp(0) without time zone) AND (o_orderdate < '1993-11-01 00:00:00'::timestamp without time zone)), (LLVM Optimized)", "Plans": [{"Node Type": "Bitmap Index Scan", "Parent Relationship": "Outer", "Index Name": "idx_orders_orderdate", "Startup Cost": 0.0, "Total Cost": 14585.71, "Plan Rows": 575746, "Plan Width": 0, "Index Cond": "((o_orderdate >= '1993-08-01 00:00:00'::timestamp(0) without time zone) AND (o_orderdate < '1993-11-01 00:00:00'::timestamp without time zone))"}]}]}]}]}]}, {"Node Type": "Index Scan", "Parent Relationship": "Inner", "Scan Direction": "Forward", "Index Name": "idx_lineitem_orderkey", "Relation Name": "lineitem", "Alias": "lineitem", "Startup Cost": 0.0, "Total Cost": 5.38, "Plan Rows": 3, "Plan Width": 24, "Index Cond": "(l_orderkey = orders.o_orderkey)", "Filter": "(l_returnflag = 'R'::bpchar)"}]}]}]}]}, "Unique SQL Id": 1604070524, "Planner Runtime": 1}, "explain_analyze_plan": {"Plan": {"Node Type": "Limit", "Startup Cost": 3717442.55, "Total Cost": 3717442.6, "Plan Rows": 20, "Plan Width": 199, "Actual Startup Time": 13020.386, "Actual Total Time": 13020.393, "Actual Rows": 20, "Actual Loops": 1, "Plans": [{"Node Type": "Sort", "Parent Relationship": "Outer", "Startup Cost": 3717442.55, "Total Cost": 3721057.3, "Plan Rows": 20, "Plan Width": 199, "Actual Startup Time": 13020.383, "Actual Total Time": 13020.385, "Actual Rows": 20, "Actual Loops": 1, "Sort Key": ["(sum((lineitem.l_extendedprice * (1::double precision - lineitem.l_discount)))) DESC"], "Sort Method": "top-N heapsort", "Sort Space Used": 35, "Sort Space Type": "Memory", "Plans": [{"Node Type": "Aggregate", "Strategy": "Hashed", "Parent Relationship": "Outer", "Startup Cost": 3664508.75, "Total Cost": 3678967.73, "Plan Rows": 1445898, "Plan Width": 199, "Actual Startup Time": 12622.301, "Actual Total Time": 12884.523, "Actual Rows": 381542, "Actual Loops": 1, "Group By Key": ["customer.c_custkey", "customer.c_name", "customer.c_acctbal", "customer.c_phone", "nation.n_name", "customer.c_address", "customer.c_comment"], "Plans": [{"Node Type": "Nested Loop", "Parent Relationship": "Outer", "Join Type": "Inner", "Startup Cost": 503107.54, "Total Cost": 3628361.3, "Plan Rows": 1445898, "Plan Width": 191, "Actual Startup Time": 3248.55, "Actual Total Time": 10886.673, "Actual Rows": 1145969, "Actual Loops": 1, "Inner Unique": false, "Plans": [{"Node Type": "Merge Join", "Parent Relationship": "Outer", "Join Type": "Inner", "Startup Cost": 503107.54, "Total Cost": 511743.85, "Plan Rows": 575746, "Plan Width": 183, "Actual Startup Time": 3248.454, "Actual Total Time": 3691.089, "Actual Rows": 573635, "Actual Loops": 1, "Inner Unique": false, "Merge Cond": "(nation.n_nationkey = customer.c_nationkey)", "Plans": [{"Node Type": "Sort", "Parent Relationship": "Outer", "Startup Cost": 1.83, "Total Cost": 1.89, "Plan Rows": 25, "Plan Width": 30, "Actual Startup Time": 0.138, "Actual Total Time": 0.159, "Actual Rows": 25, "Actual Loops": 1, "Sort Key": ["nation.n_nationkey"], "Sort Method": "quicksort", "Sort Space Used": 27, "Sort Space Type": "Memory", "Plans": [{"Node Type": "Seq Scan", "Parent Relationship": "Outer", "Relation Name": "nation", "Alias": "nation", "Startup Cost": 0.0, "Total Cost": 1.25, "Plan Rows": 25, "Plan Width": 30, "Actual Startup Time": 0.018, "Actual Total Time": 0.024, "Actual Rows": 25, "Actual Loops": 1}]}, {"Node Type": "Sort", "Parent Relationship": "Inner", "Startup Cost": 503105.7, "Total Cost": 504545.07, "Plan Rows": 575746, "Plan Width": 161, "Actual Startup Time": 3248.298, "Actual Total Time": 3458.35, "Actual Rows": 573635, "Actual Loops": 1, "Sort Key": ["customer.c_nationkey"], "Sort Method": "quicksort", "Sort Space Used": 185911, "Sort Space Type": "Memory", "Plans": [{"Node Type": "Merge Join", "Parent Relationship": "Outer", "Join Type": "Inner", "Startup Cost": 354871.86, "Total Cost": 448021.0, "Plan Rows": 575746, "Plan Width": 161, "Actual Startup Time": 1323.063, "Actual Total Time": 2966.337, "Actual Rows": 573635, "Actual Loops": 1, "Inner Unique": false, "Merge Cond": "(customer.c_custkey = orders.o_custkey)", "Plans": [{"Node Type": "Index Scan", "Parent Relationship": "Outer", "Scan Direction": "Forward", "Index Name": "customer_pkey", "Relation Name": "customer", "Alias": "customer", "Startup Cost": 0.0, "Total Cost": 80765.36, "Plan Rows": 1500000, "Plan Width": 153, "Actual Startup Time": 0.026, "Actual Total Time": 1039.7, "Actual Rows": 1499999, "Actual Loops": 1}, {"Node Type": "Sort", "Parent Relationship": "Inner", "Startup Cost": 354869.55, "Total Cost": 356308.91, "Plan Rows": 575746, "Plan Width": 16, "Actual Startup Time": 1323.019, "Actual Total Time": 1456.301, "Actual Rows": 573635, "Actual Loops": 1, "Sort Key": ["orders.o_custkey"], "Sort Method": "quicksort", "Sort Space Used": 78355, "Sort Space Type": "Memory", "Plans": [{"Node Type": "Bitmap Heap Scan", "Parent Relationship": "Outer", "Relation Name": "orders", "Alias": "orders", "Startup Cost": 14729.65, "Total Cost": 299784.84, "Plan Rows": 575746, "Plan Width": 16, "Actual Startup Time": 245.596, "Actual Total Time": 1075.926, "Actual Rows": 573635, "Actual Loops": 1, "Recheck Cond": "((o_orderdate >= '1993-08-01 00:00:00'::timestamp(0) without time zone) AND (o_orderdate < '1993-11-01 00:00:00'::timestamp without time zone)), (LLVM Optimized, Jit Execute)", "Rows Removed by Index Recheck": 0, "Exact Heap Blocks": 242860, "Lossy Heap Blocks": 242860, "Plans": [{"Node Type": "Bitmap Index Scan", "Parent Relationship": "Outer", "Index Name": "idx_orders_orderdate", "Startup Cost": 0.0, "Total Cost": 14585.71, "Plan Rows": 575746, "Plan Width": 0, "Actual Startup Time": 170.102, "Actual Total Time": 170.102, "Actual Rows": 573635, "Actual Loops": 1, "Index Cond": "((o_orderdate >= '1993-08-01 00:00:00'::timestamp(0) without time zone) AND (o_orderdate < '1993-11-01 00:00:00'::timestamp without time zone))"}]}]}]}]}]}, {"Node Type": "Index Scan", "Parent Relationship": "Inner", "Scan Direction": "Forward", "Index Name": "idx_lineitem_orderkey", "Relation Name": "lineitem", "Alias": "lineitem", "Startup Cost": 0.0, "Total Cost": 5.38, "Plan Rows": 3, "Plan Width": 24, "Actual Startup Time": 5274.604, "Actual Total Time": 6599.077, "Actual Rows": 1145969, "Actual Loops": 573635, "Index Cond": "(l_orderkey = orders.o_orderkey)", "Rows Removed by Index Recheck": 0, "Filter": "(l_returnflag = 'R'::bpchar)", "Rows Removed by Filter": 1146896}]}]}]}]}, "Triggers": [], "Planner Runtime": 1, "Total Runtime": 13030.689, "Unique SQL Id": 1604070524}}, "(64, 21)": {"explain_plan": {"Plan": {"Node Type": "Limit", "Startup Cost": 3717453.28, "Total Cost": 3717453.33, "Plan Rows": 20, "Plan Width": 199, "Plans": [{"Node Type": "Sort", "Parent Relationship": "Outer", "Startup Cost": 3717453.28, "Total Cost": 3721068.03, "Plan Rows": 20, "Plan Width": 199, "Sort Key": ["(sum((lineitem.l_extendedprice * (1::double precision - lineitem.l_discount)))) DESC"], "Plans": [{"Node Type": "Aggregate", "Strategy": "Hashed", "Parent Relationship": "Outer", "Startup Cost": 3664519.48, "Total Cost": 3678978.46, "Plan Rows": 1445898, "Plan Width": 199, "Group By Key": ["customer.c_custkey", "customer.c_name", "customer.c_acctbal", "customer.c_phone", "nation.n_name", "customer.c_address", "customer.c_comment"], "Plans": [{"Node Type": "Nested Loop", "Parent Relationship": "Outer", "Join Type": "Inner", "Startup Cost": 503105.7, "Total Cost": 3628372.03, "Plan Rows": 1445898, "Plan Width": 191, "Inner Unique": false, "Plans": [{"Node Type": "Merge Join", "Parent Relationship": "Outer", "Join Type": "Inner", "Startup Cost": 503105.7, "Total Cost": 511754.58, "Plan Rows": 575746, "Plan Width": 183, "Inner Unique": false, "Merge Cond": "(nation.n_nationkey = customer.c_nationkey)", "Plans": [{"Node Type": "Index Scan", "Parent Relationship": "Outer", "Scan Direction": "Forward", "Index Name": "nation_pkey", "Relation Name": "nation", "Alias": "nation", "Startup Cost": 0.0, "Total Cost": 12.62, "Plan Rows": 25, "Plan Width": 30}, {"Node Type": "Sort", "Parent Relationship": "Inner", "Startup Cost": 503105.7, "Total Cost": 504545.07, "Plan Rows": 575746, "Plan Width": 161, "Sort Key": ["customer.c_nationkey"], "Plans": [{"Node Type": "Merge Join", "Parent Relationship": "Outer", "Join Type": "Inner", "Startup Cost": 354871.86, "Total Cost": 448021.0, "Plan Rows": 575746, "Plan Width": 161, "Inner Unique": false, "Merge Cond": "(customer.c_custkey = orders.o_custkey)", "Plans": [{"Node Type": "Index Scan", "Parent Relationship": "Outer", "Scan Direction": "Forward", "Index Name": "customer_pkey", "Relation Name": "customer", "Alias": "customer", "Startup Cost": 0.0, "Total Cost": 80765.36, "Plan Rows": 1500000, "Plan Width": 153}, {"Node Type": "Sort", "Parent Relationship": "Inner", "Startup Cost": 354869.55, "Total Cost": 356308.91, "Plan Rows": 575746, "Plan Width": 16, "Sort Key": ["orders.o_custkey"], "Plans": [{"Node Type": "Bitmap Heap Scan", "Parent Relationship": "Outer", "Relation Name": "orders", "Alias": "orders", "Startup Cost": 14729.65, "Total Cost": 299784.84, "Plan Rows": 575746, "Plan Width": 16, "Recheck Cond": "((o_orderdate >= '1993-08-01 00:00:00'::timestamp(0) without time zone) AND (o_orderdate < '1993-11-01 00:00:00'::timestamp without time zone)), (LLVM Optimized)", "Plans": [{"Node Type": "Bitmap Index Scan", "Parent Relationship": "Outer", "Index Name": "idx_orders_orderdate", "Startup Cost": 0.0, "Total Cost": 14585.71, "Plan Rows": 575746, "Plan Width": 0, "Index Cond": "((o_orderdate >= '1993-08-01 00:00:00'::timestamp(0) without time zone) AND (o_orderdate < '1993-11-01 00:00:00'::timestamp without time zone))"}]}]}]}]}]}, {"Node Type": "Index Scan", "Parent Relationship": "Inner", "Scan Direction": "Forward", "Index Name": "idx_lineitem_orderkey", "Relation Name": "lineitem", "Alias": "lineitem", "Startup Cost": 0.0, "Total Cost": 5.38, "Plan Rows": 3, "Plan Width": 24, "Index Cond": "(l_orderkey = orders.o_orderkey)", "Filter": "(l_returnflag = 'R'::bpchar)"}]}]}]}]}, "Unique SQL Id": 1604070524, "Planner Runtime": 1}, "explain_analyze_plan": {"Plan": {"Node Type": "Limit", "Startup Cost": 3717453.28, "Total Cost": 3717453.33, "Plan Rows": 20, "Plan Width": 199, "Actual Startup Time": 12878.002, "Actual Total Time": 12878.011, "Actual Rows": 20, "Actual Loops": 1, "Plans": [{"Node Type": "Sort", "Parent Relationship": "Outer", "Startup Cost": 3717453.28, "Total Cost": 3721068.03, "Plan Rows": 20, "Plan Width": 199, "Actual Startup Time": 12877.999, "Actual Total Time": 12878.004, "Actual Rows": 20, "Actual Loops": 1, "Sort Key": ["(sum((lineitem.l_extendedprice * (1::double precision - lineitem.l_discount)))) DESC"], "Sort Method": "top-N heapsort", "Sort Space Used": 35, "Sort Space Type": "Memory", "Plans": [{"Node Type": "Aggregate", "Strategy": "Hashed", "Parent Relationship": "Outer", "Startup Cost": 3664519.48, "Total Cost": 3678978.46, "Plan Rows": 1445898, "Plan Width": 199, "Actual Startup Time": 12452.652, "Actual Total Time": 12740.589, "Actual Rows": 381542, "Actual Loops": 1, "Group By Key": ["customer.c_custkey", "customer.c_name", "customer.c_acctbal", "customer.c_phone", "nation.n_name", "customer.c_address", "customer.c_comment"], "Plans": [{"Node Type": "Nested Loop", "Parent Relationship": "Outer", "Join Type": "Inner", "Startup Cost": 503105.7, "Total Cost": 3628372.03, "Plan Rows": 1445898, "Plan Width": 191, "Actual Startup Time": 2853.835, "Actual Total Time": 10700.527, "Actual Rows": 1145969, "Actual Loops": 1, "Inner Unique": false, "Plans": [{"Node Type": "Merge Join", "Parent Relationship": "Outer", "Join Type": "Inner", "Startup Cost": 503105.7, "Total Cost": 511754.58, "Plan Rows": 575746, "Plan Width": 183, "Actual Startup Time": 2853.75, "Actual Total Time": 3273.785, "Actual Rows": 573635, "Actual Loops": 1, "Inner Unique": false, "Merge Cond": "(nation.n_nationkey = customer.c_nationkey)", "Plans": [{"Node Type": "Index Scan", "Parent Relationship": "Outer", "Scan Direction": "Forward", "Index Name": "nation_pkey", "Relation Name": "nation", "Alias": "nation", "Startup Cost": 0.0, "Total Cost": 12.62, "Plan Rows": 25, "Plan Width": 30, "Actual Startup Time": 0.022, "Actual Total Time": 0.097, "Actual Rows": 25, "Actual Loops": 1}, {"Node Type": "Sort", "Parent Relationship": "Inner", "Startup Cost": 503105.7, "Total Cost": 504545.07, "Plan Rows": 575746, "Plan Width": 161, "Actual Startup Time": 2853.715, "Actual Total Time": 3003.832, "Actual Rows": 573635, "Actual Loops": 1, "Sort Key": ["customer.c_nationkey"], "Sort Method": "quicksort", "Sort Space Used": 185911, "Sort Space Type": "Memory", "Plans": [{"Node Type": "Merge Join", "Parent Relationship": "Outer", "Join Type": "Inner", "Startup Cost": 354871.86, "Total Cost": 448021.0, "Plan Rows": 575746, "Plan Width": 161, "Actual Startup Time": 1222.301, "Actual Total Time": 2586.447, "Actual Rows": 573635, "Actual Loops": 1, "Inner Unique": false, "Merge Cond": "(customer.c_custkey = orders.o_custkey)", "Plans": [{"Node Type": "Index Scan", "Parent Relationship": "Outer", "Scan Direction": "Forward", "Index Name": "customer_pkey", "Relation Name": "customer", "Alias": "customer", "Startup Cost": 0.0, "Total Cost": 80765.36, "Plan Rows": 1500000, "Plan Width": 153, "Actual Startup Time": 0.021, "Actual Total Time": 766.638, "Actual Rows": 1499999, "Actual Loops": 1}, {"Node Type": "Sort", "Parent Relationship": "Inner", "Startup Cost": 354869.55, "Total Cost": 356308.91, "Plan Rows": 575746, "Plan Width": 16, "Actual Startup Time": 1222.265, "Actual Total Time": 1347.975, "Actual Rows": 573635, "Actual Loops": 1, "Sort Key": ["orders.o_custkey"], "Sort Method": "quicksort", "Sort Space Used": 78355, "Sort Space Type": "Memory", "Plans": [{"Node Type": "Bitmap Heap Scan", "Parent Relationship": "Outer", "Relation Name": "orders", "Alias": "orders", "Startup Cost": 14729.65, "Total Cost": 299784.84, "Plan Rows": 575746, "Plan Width": 16, "Actual Startup Time": 242.111, "Actual Total Time": 983.159, "Actual Rows": 573635, "Actual Loops": 1, "Recheck Cond": "((o_orderdate >= '1993-08-01 00:00:00'::timestamp(0) without time zone) AND (o_orderdate < '1993-11-01 00:00:00'::timestamp without time zone)), (LLVM Optimized, Jit Execute)", "Rows Removed by Index Recheck": 0, "Exact Heap Blocks": 242860, "Lossy Heap Blocks": 242860, "Plans": [{"Node Type": "Bitmap Index Scan", "Parent Relationship": "Outer", "Index Name": "idx_orders_orderdate", "Startup Cost": 0.0, "Total Cost": 14585.71, "Plan Rows": 575746, "Plan Width": 0, "Actual Startup Time": 167.06, "Actual Total Time": 167.06, "Actual Rows": 573635, "Actual Loops": 1, "Index Cond": "((o_orderdate >= '1993-08-01 00:00:00'::timestamp(0) without time zone) AND (o_orderdate < '1993-11-01 00:00:00'::timestamp without time zone))"}]}]}]}]}]}, {"Node Type": "Index Scan", "Parent Relationship": "Inner", "Scan Direction": "Forward", "Index Name": "idx_lineitem_orderkey", "Relation Name": "lineitem", "Alias": "lineitem", "Startup Cost": 0.0, "Total Cost": 5.38, "Plan Rows": 3, "Plan Width": 24, "Actual Startup Time": 5556.409, "Actual Total Time": 6825.008, "Actual Rows": 1145969, "Actual Loops": 573635, "Index Cond": "(l_orderkey = orders.o_orderkey)", "Rows Removed by Index Recheck": 0, "Filter": "(l_returnflag = 'R'::bpchar)", "Rows Removed by Filter": 1146896}]}]}]}]}, "Triggers": [], "Planner Runtime": 1, "Total Runtime": 12888.49, "Unique SQL Id": 1604070524}}, "(64, 22)": {"explain_plan": {"Plan": {"Node Type": "Limit", "Startup Cost": 4808550.36, "Total Cost": 4808550.41, "Plan Rows": 20, "Plan Width": 199, "Plans": [{"Node Type": "Sort", "Parent Relationship": "Outer", "Startup Cost": 4808550.36, "Total Cost": 4812165.1, "Plan Rows": 20, "Plan Width": 199, "Sort Key": ["(sum((lineitem.l_extendedprice * (1::double precision - lineitem.l_discount)))) DESC"], "Plans": [{"Node Type": "Aggregate", "Strategy": "Hashed", "Parent Relationship": "Outer", "Startup Cost": 4755616.55, "Total Cost": 4770075.53, "Plan Rows": 1445898, "Plan Width": 199, "Group By Key": ["customer.c_custkey", "customer.c_name", "customer.c_acctbal", "customer.c_phone", "nation.n_name", "customer.c_address", "customer.c_comment"], "Plans": [{"Node Type": "Merge Join", "Parent Relationship": "Outer", "Join Type": "Inner", "Startup Cost": 4627956.66, "Total Cost": 4719469.1, "Plan Rows": 1445898, "Plan Width": 191, "Inner Unique": false, "Merge Cond": "(orders.o_orderkey = lineitem.l_orderkey)", "Plans": [{"Node Type": "Sort", "Parent Relationship": "Outer", "Startup Cost": 695813.19, "Total Cost": 697252.55, "Plan Rows": 575746, "Plan Width": 183, "Sort Key": ["orders.o_orderkey"], "Plans": [{"Node Type": "Merge Join", "Parent Relationship": "Outer", "Join Type": "Inner", "Startup Cost": 632092.16, "Total Cost": 640728.48, "Plan Rows": 575746, "Plan Width": 183, "Inner Unique": false, "Merge Cond": "(nation.n_nationkey = customer.c_nationkey)", "Plans": [{"Node Type": "Sort", "Parent Relationship": "Outer", "Startup Cost": 1.83, "Total Cost": 1.89, "Plan Rows": 25, "Plan Width": 30, "Sort Key": ["nation.n_nationkey"], "Plans": [{"Node Type": "Seq Scan", "Parent Relationship": "Outer", "Relation Name": "nation", "Alias": "nation", "Startup Cost": 0.0, "Total Cost": 1.25, "Plan Rows": 25, "Plan Width": 30}]}, {"Node Type": "Sort", "Parent Relationship": "Inner", "Startup Cost": 632090.33, "Total Cost": 633529.7, "Plan Rows": 575746, "Plan Width": 161, "Sort Key": ["customer.c_nationkey"], "Plans": [{"Node Type": "Merge Join", "Parent Relationship": "Outer", "Join Type": "Inner", "Startup Cost": 560869.73, "Total Cost": 577005.62, "Plan Rows": 575746, "Plan Width": 161, "Inner Unique": false, "Merge Cond": "(customer.c_custkey = orders.o_custkey)", "Plans": [{"Node Type": "Sort", "Parent Relationship": "Outer", "Startup Cost": 205999.98, "Total Cost": 209749.98, "Plan Rows": 1500000, "Plan Width": 153, "Sort Key": ["customer.c_custkey"], "Plans": [{"Node Type": "Seq Scan", "Parent Relationship": "Outer", "Relation Name": "customer", "Alias": "customer", "Startup Cost": 0.0, "Total Cost": 52126.0, "Plan Rows": 1500000, "Plan Width": 153}]}, {"Node Type": "Sort", "Parent Relationship": "Inner", "Startup Cost": 354869.55, "Total Cost": 356308.91, "Plan Rows": 575746, "Plan Width": 16, "Sort Key": ["orders.o_custkey"], "Plans": [{"Node Type": "Bitmap Heap Scan", "Parent Relationship": "Outer", "Relation Name": "orders", "Alias": "orders", "Startup Cost": 14729.65, "Total Cost": 299784.84, "Plan Rows": 575746, "Plan Width": 16, "Recheck Cond": "((o_orderdate >= '1993-08-01 00:00:00'::timestamp(0) without time zone) AND (o_orderdate < '1993-11-01 00:00:00'::timestamp without time zone)), (LLVM Optimized)", "Plans": [{"Node Type": "Bitmap Index Scan", "Parent Relationship": "Outer", "Index Name": "idx_orders_orderdate", "Startup Cost": 0.0, "Total Cost": 14585.71, "Plan Rows": 575746, "Plan Width": 0, "Index Cond": "((o_orderdate >= '1993-08-01 00:00:00'::timestamp(0) without time zone) AND (o_orderdate < '1993-11-01 00:00:00'::timestamp without time zone))"}]}]}]}]}]}]}, {"Node Type": "Sort", "Parent Relationship": "Inner", "Startup Cost": 3932143.37, "Total Cost": 3969231.39, "Plan Rows": 14835209, "Plan Width": 24, "Sort Key": ["lineitem.l_orderkey"], "Plans": [{"Node Type": "Seq Scan", "Parent Relationship": "Outer", "Relation Name": "lineitem", "Alias": "lineitem", "Startup Cost": 0.0, "Total Cost": 2165082.91, "Plan Rows": 14835209, "Plan Width": 24, "Filter": "(l_returnflag = 'R'::bpchar), (LLVM Optimized)"}]}]}]}]}]}, "Unique SQL Id": 1604070524, "Planner Runtime": 1}, "explain_analyze_plan": {"Plan": {"Node Type": "Limit", "Startup Cost": 4808550.36, "Total Cost": 4808550.41, "Plan Rows": 20, "Plan Width": 199, "Actual Startup Time": 39257.311, "Actual Total Time": 39257.316, "Actual Rows": 20, "Actual Loops": 1, "Plans": [{"Node Type": "Sort", "Parent Relationship": "Outer", "Startup Cost": 4808550.36, "Total Cost": 4812165.1, "Plan Rows": 20, "Plan Width": 199, "Actual Startup Time": 39257.308, "Actual Total Time": 39257.31, "Actual Rows": 20, "Actual Loops": 1, "Sort Key": ["(sum((lineitem.l_extendedprice * (1::double precision - lineitem.l_discount)))) DESC"], "Sort Method": "top-N heapsort", "Sort Space Used": 35, "Sort Space Type": "Memory", "Plans": [{"Node Type": "Aggregate", "Strategy": "Hashed", "Parent Relationship": "Outer", "Startup Cost": 4755616.55, "Total Cost": 4770075.53, "Plan Rows": 1445898, "Plan Width": 199, "Actual Startup Time": 38815.814, "Actual Total Time": 39121.615, "Actual Rows": 381542, "Actual Loops": 1, "Group By Key": ["customer.c_custkey", "customer.c_name", "customer.c_acctbal", "customer.c_phone", "nation.n_name", "customer.c_address", "customer.c_comment"], "Plans": [{"Node Type": "Merge Join", "Parent Relationship": "Outer", "Join Type": "Inner", "Startup Cost": 4627956.66, "Total Cost": 4719469.1, "Plan Rows": 1445898, "Plan Width": 191, "Actual Startup Time": 32259.33, "Actual Total Time": 37139.686, "Actual Rows": 1145969, "Actual Loops": 1, "Inner Unique": false, "Merge Cond": "(orders.o_orderkey = lineitem.l_orderkey)", "Plans": [{"Node Type": "Sort", "Parent Relationship": "Outer", "Startup Cost": 695813.19, "Total Cost": 697252.55, "Plan Rows": 575746, "Plan Width": 183, "Actual Startup Time": 4421.749, "Actual Total Time": 4613.367, "Actual Rows": 573635, "Actual Loops": 1, "Sort Key": ["orders.o_orderkey"], "Sort Method": "quicksort", "Sort Space Used": 199246, "Sort Space Type": "Memory", "Plans": [{"Node Type": "Merge Join", "Parent Relationship": "Outer", "Join Type": "Inner", "Startup Cost": 632092.16, "Total Cost": 640728.48, "Plan Rows": 575746, "Plan Width": 183, "Actual Startup Time": 3712.747, "Actual Total Time": 4088.752, "Actual Rows": 573635, "Actual Loops": 1, "Inner Unique": false, "Merge Cond": "(nation.n_nationkey = customer.c_nationkey)", "Plans": [{"Node Type": "Sort", "Parent Relationship": "Outer", "Startup Cost": 1.83, "Total Cost": 1.89, "Plan Rows": 25, "Plan Width": 30, "Actual Startup Time": 0.044, "Actual Total Time": 0.053, "Actual Rows": 25, "Actual Loops": 1, "Sort Key": ["nation.n_nationkey"], "Sort Method": "quicksort", "Sort Space Used": 27, "Sort Space Type": "Memory", "Plans": [{"Node Type": "Seq Scan", "Parent Relationship": "Outer", "Relation Name": "nation", "Alias": "nation", "Startup Cost": 0.0, "Total Cost": 1.25, "Plan Rows": 25, "Plan Width": 30, "Actual Startup Time": 0.019, "Actual Total Time": 0.027, "Actual Rows": 25, "Actual Loops": 1}]}, {"Node Type": "Sort", "Parent Relationship": "Inner", "Startup Cost": 632090.33, "Total Cost": 633529.7, "Plan Rows": 575746, "Plan Width": 161, "Actual Startup Time": 3712.687, "Actual Total Time": 3847.239, "Actual Rows": 573635, "Actual Loops": 1, "Sort Key": ["customer.c_nationkey"], "Sort Method": "quicksort", "Sort Space Used": 185911, "Sort Space Type": "Memory", "Plans": [{"Node Type": "Merge Join", "Parent Relationship": "Outer", "Join Type": "Inner", "Startup Cost": 560869.73, "Total Cost": 577005.62, "Plan Rows": 575746, "Plan Width": 161, "Actual Startup Time": 2426.213, "Actual Total Time": 3444.826, "Actual Rows": 573635, "Actual Loops": 1, "Inner Unique": false, "Merge Cond": "(customer.c_custkey = orders.o_custkey)", "Plans": [{"Node Type": "Sort", "Parent Relationship": "Outer", "Startup Cost": 205999.98, "Total Cost": 209749.98, "Plan Rows": 1500000, "Plan Width": 153, "Actual Startup Time": 1282.619, "Actual Total Time": 1611.594, "Actual Rows": 1499999, "Actual Loops": 1, "Sort Key": ["customer.c_custkey"], "Sort Method": "quicksort", "Sort Space Used": 470340, "Sort Space Type": "Memory", "Plans": [{"Node Type": "Seq Scan", "Parent Relationship": "Outer", "Relation Name": "customer", "Alias": "customer", "Startup Cost": 0.0, "Total Cost": 52126.0, "Plan Rows": 1500000, "Plan Width": 153, "Actual Startup Time": 0.02, "Actual Total Time": 583.789, "Actual Rows": 1500000, "Actual Loops": 1}]}, {"Node Type": "Sort", "Parent Relationship": "Inner", "Startup Cost": 354869.55, "Total Cost": 356308.91, "Plan Rows": 575746, "Plan Width": 16, "Actual Startup Time": 1143.577, "Actual Total Time": 1295.966, "Actual Rows": 573635, "Actual Loops": 1, "Sort Key": ["orders.o_custkey"], "Sort Method": "quicksort", "Sort Space Used": 78355, "Sort Space Type": "Memory", "Plans": [{"Node Type": "Bitmap Heap Scan", "Parent Relationship": "Outer", "Relation Name": "orders", "Alias": "orders", "Startup Cost": 14729.65, "Total Cost": 299784.84, "Plan Rows": 575746, "Plan Width": 16, "Actual Startup Time": 250.582, "Actual Total Time": 906.531, "Actual Rows": 573635, "Actual Loops": 1, "Recheck Cond": "((o_orderdate >= '1993-08-01 00:00:00'::timestamp(0) without time zone) AND (o_orderdate < '1993-11-01 00:00:00'::timestamp without time zone)), (LLVM Optimized, Jit Execute)", "Rows Removed by Index Recheck": 0, "Exact Heap Blocks": 242860, "Lossy Heap Blocks": 242860, "Plans": [{"Node Type": "Bitmap Index Scan", "Parent Relationship": "Outer", "Index Name": "idx_orders_orderdate", "Startup Cost": 0.0, "Total Cost": 14585.71, "Plan Rows": 575746, "Plan Width": 0, "Actual Startup Time": 176.256, "Actual Total Time": 176.256, "Actual Rows": 573635, "Actual Loops": 1, "Index Cond": "((o_orderdate >= '1993-08-01 00:00:00'::timestamp(0) without time zone) AND (o_orderdate < '1993-11-01 00:00:00'::timestamp without time zone))"}]}]}]}]}]}]}, {"Node Type": "Sort", "Parent Relationship": "Inner", "Startup Cost": 3932143.37, "Total Cost": 3969231.39, "Plan Rows": 14835209, "Plan Width": 24, "Actual Startup Time": 27837.438, "Actual Total Time": 29720.042, "Actual Rows": 14808182, "Actual Loops": 1, "Sort Key": ["lineitem.l_orderkey"], "Sort Method": "quicksort", "Sort Space Used": 1781484, "Sort Space Type": "Memory", "Plans": [{"Node Type": "Seq Scan", "Parent Relationship": "Outer", "Relation Name": "lineitem", "Alias": "lineitem", "Startup Cost": 0.0, "Total Cost": 2165082.91, "Plan Rows": 14835209, "Plan Width": 24, "Actual Startup Time": 0.046, "Actual Total Time": 22474.226, "Actual Rows": 14808183, "Actual Loops": 1, "Filter": "(l_returnflag = 'R'::bpchar), (LLVM Optimized, Jit Execute)", "Rows Removed by Filter": 45177869}]}]}]}]}]}, "Triggers": [], "Planner Runtime": 1, "Total Runtime": 39267.979, "Unique SQL Id": 1604070524}}, "(64, 23)": {"explain_plan": {"Plan": {"Node Type": "Limit", "Startup Cost": 13443415.76, "Total Cost": 13443415.81, "Plan Rows": 20, "Plan Width": 199, "Plans": [{"Node Type": "Sort", "Parent Relationship": "Outer", "Startup Cost": 13443415.76, "Total Cost": 13447030.51, "Plan Rows": 20, "Plan Width": 199, "Sort Key": ["(sum((lineitem.l_extendedprice * (1::double precision - lineitem.l_discount)))) DESC"], "Plans": [{"Node Type": "Aggregate", "Strategy": "Hashed", "Parent Relationship": "Outer", "Startup Cost": 13390481.96, "Total Cost": 13404940.94, "Plan Rows": 1445898, "Plan Width": 199, "Group By Key": ["customer.c_custkey", "customer.c_name", "customer.c_acctbal", "customer.c_phone", "nation.n_name", "customer.c_address", "customer.c_comment"], "Plans": [{"Node Type": "Nested Loop", "Parent Relationship": "Outer", "Join Type": "Inner", "Startup Cost": 14732.12, "Total Cost": 13354334.51, "Plan Rows": 1445898, "Plan Width": 191, "Inner Unique": false, "Plans": [{"Node Type": "Nested Loop", "Parent Relationship": "Outer", "Join Type": "Inner", "Startup Cost": 14730.2, "Total Cost": 5249597.54, "Plan Rows": 575746, "Plan Width": 183, "Inner Unique": true, "Plans": [{"Node Type": "Nested Loop", "Parent Relationship": "Outer", "Join Type": "Inner", "Startup Cost": 14729.94, "Total Cost": 2785257.65, "Plan Rows": 575746, "Plan Width": 161, "Inner Unique": true, "Plans": [{"Node Type": "Bitmap Heap Scan", "Parent Relationship": "Outer", "Relation Name": "orders", "Alias": "orders", "Startup Cost": 14729.65, "Total Cost": 299784.84, "Plan Rows": 575746, "Plan Width": 16, "Recheck Cond": "((o_orderdate >= '1993-08-01 00:00:00'::timestamp(0) without time zone) AND (o_orderdate < '1993-11-01 00:00:00'::timestamp without time zone)), (LLVM Optimized)", "Plans": [{"Node Type": "Bitmap Index Scan", "Parent Relationship": "Outer", "Index Name": "idx_orders_orderdate", "Startup Cost": 0.0, "Total Cost": 14585.71, "Plan Rows": 575746, "Plan Width": 0, "Index Cond": "((o_orderdate >= '1993-08-01 00:00:00'::timestamp(0) without time zone) AND (o_orderdate < '1993-11-01 00:00:00'::timestamp without time zone))"}]}, {"Node Type": "Bitmap Heap Scan", "Parent Relationship": "Inner", "Relation Name": "customer", "Alias": "customer", "Startup Cost": 0.29, "Total Cost": 4.31, "Plan Rows": 1, "Plan Width": 153, "Recheck Cond": "(c_custkey = orders.o_custkey)", "Plans": [{"Node Type": "Bitmap Index Scan", "Parent Relationship": "Outer", "Index Name": "customer_pkey", "Startup Cost": 0.0, "Total Cost": 0.29, "Plan Rows": 1, "Plan Width": 0, "Index Cond": "(c_custkey = orders.o_custkey)"}]}]}, {"Node Type": "Bitmap Heap Scan", "Parent Relationship": "Inner", "Relation Name": "nation", "Alias": "nation", "Startup Cost": 0.26, "Total Cost": 4.27, "Plan Rows": 1, "Plan Width": 30, "Recheck Cond": "(n_nationkey = customer.c_nationkey)", "Plans": [{"Node Type": "Bitmap Index Scan", "Parent Relationship": "Outer", "Index Name": "nation_pkey", "Startup Cost": 0.0, "Total Cost": 0.26, "Plan Rows": 1, "Plan Width": 0, "Index Cond": "(n_nationkey = customer.c_nationkey)"}]}]}, {"Node Type": "Bitmap Heap Scan", "Parent Relationship": "Inner", "Relation Name": "lineitem", "Alias": "lineitem", "Startup Cost": 1.93, "Total Cost": 14.05, "Plan Rows": 3, "Plan Width": 24, "Recheck Cond": "(l_orderkey = orders.o_orderkey)", "Filter": "(l_returnflag = 'R'::bpchar)", "Plans": [{"Node Type": "Bitmap Index Scan", "Parent Relationship": "Outer", "Index Name": "idx_lineitem_orderkey", "Startup Cost": 0.0, "Total Cost": 1.92, "Plan Rows": 9, "Plan Width": 0, "Index Cond": "(l_orderkey = orders.o_orderkey)"}]}]}]}]}]}, "Unique SQL Id": 1604070524, "Planner Runtime": 1}, "explain_analyze_plan": {"Plan": {"Node Type": "Limit", "Startup Cost": 13443415.76, "Total Cost": 13443415.81, "Plan Rows": 20, "Plan Width": 199, "Actual Startup Time": 16957.333, "Actual Total Time": 16957.341, "Actual Rows": 20, "Actual Loops": 1, "Plans": [{"Node Type": "Sort", "Parent Relationship": "Outer", "Startup Cost": 13443415.76, "Total Cost": 13447030.51, "Plan Rows": 20, "Plan Width": 199, "Actual Startup Time": 16957.329, "Actual Total Time": 16957.334, "Actual Rows": 20, "Actual Loops": 1, "Sort Key": ["(sum((lineitem.l_extendedprice * (1::double precision - lineitem.l_discount)))) DESC"], "Sort Method": "top-N heapsort", "Sort Space Used": 35, "Sort Space Type": "Memory", "Plans": [{"Node Type": "Aggregate", "Strategy": "Hashed", "Parent Relationship": "Outer", "Startup Cost": 13390481.96, "Total Cost": 13404940.94, "Plan Rows": 1445898, "Plan Width": 199, "Actual Startup Time": 16583.968, "Actual Total Time": 16822.306, "Actual Rows": 381542, "Actual Loops": 1, "Group By Key": ["customer.c_custkey", "customer.c_name", "customer.c_acctbal", "customer.c_phone", "nation.n_name", "customer.c_address", "customer.c_comment"], "Plans": [{"Node Type": "Nested Loop", "Parent Relationship": "Outer", "Join Type": "Inner", "Startup Cost": 14732.12, "Total Cost": 13354334.51, "Plan Rows": 1445898, "Plan Width": 191, "Actual Startup Time": 241.783, "Actual Total Time": 14652.01, "Actual Rows": 1145969, "Actual Loops": 1, "Inner Unique": false, "Plans": [{"Node Type": "Nested Loop", "Parent Relationship": "Outer", "Join Type": "Inner", "Startup Cost": 14730.2, "Total Cost": 5249597.54, "Plan Rows": 575746, "Plan Width": 183, "Actual Startup Time": 241.73, "Actual Total Time": 8212.424, "Actual Rows": 573635, "Actual Loops": 1, "Inner Unique": true, "Plans": [{"Node Type": "Nested Loop", "Parent Relationship": "Outer", "Join Type": "Inner", "Startup Cost": 14729.94, "Total Cost": 2785257.65, "Plan Rows": 575746, "Plan Width": 161, "Actual Startup Time": 241.696, "Actual Total Time": 6036.117, "Actual Rows": 573635, "Actual Loops": 1, "Inner Unique": true, "Plans": [{"Node Type": "Bitmap Heap Scan", "Parent Relationship": "Outer", "Relation Name": "orders", "Alias": "orders", "Startup Cost": 14729.65, "Total Cost": 299784.84, "Plan Rows": 575746, "Plan Width": 16, "Actual Startup Time": 241.45, "Actual Total Time": 1047.688, "Actual Rows": 573635, "Actual Loops": 1, "Recheck Cond": "((o_orderdate >= '1993-08-01 00:00:00'::timestamp(0) without time zone) AND (o_orderdate < '1993-11-01 00:00:00'::timestamp without time zone)), (LLVM Optimized, Jit Execute)", "Rows Removed by Index Recheck": 0, "Exact Heap Blocks": 242860, "Lossy Heap Blocks": 242860, "Plans": [{"Node Type": "Bitmap Index Scan", "Parent Relationship": "Outer", "Index Name": "idx_orders_orderdate", "Startup Cost": 0.0, "Total Cost": 14585.71, "Plan Rows": 575746, "Plan Width": 0, "Actual Startup Time": 167.064, "Actual Total Time": 167.064, "Actual Rows": 573635, "Actual Loops": 1, "Index Cond": "((o_orderdate >= '1993-08-01 00:00:00'::timestamp(0) without time zone) AND (o_orderdate < '1993-11-01 00:00:00'::timestamp without time zone))"}]}, {"Node Type": "Bitmap Heap Scan", "Parent Relationship": "Inner", "Relation Name": "customer", "Alias": "customer", "Startup Cost": 0.29, "Total Cost": 4.31, "Plan Rows": 1, "Plan Width": 153, "Actual Startup Time": 4129.14, "Actual Total Time": 4129.14, "Actual Rows": 573635, "Actual Loops": 573635, "Recheck Cond": "(c_custkey = orders.o_custkey)", "Rows Removed by Index Recheck": 0, "Exact Heap Blocks": 573635, "Lossy Heap Blocks": 573635, "Plans": [{"Node Type": "Bitmap Index Scan", "Parent Relationship": "Outer", "Index Name": "customer_pkey", "Startup Cost": 0.0, "Total Cost": 0.29, "Plan Rows": 1, "Plan Width": 0, "Actual Startup Time": 2565.96, "Actual Total Time": 2565.96, "Actual Rows": 573635, "Actual Loops": 573635, "Index Cond": "(c_custkey = orders.o_custkey)"}]}]}, {"Node Type": "Bitmap Heap Scan", "Parent Relationship": "Inner", "Relation Name": "nation", "Alias": "nation", "Startup Cost": 0.26, "Total Cost": 4.27, "Plan Rows": 1, "Plan Width": 30, "Actual Startup Time": 1398.487, "Actual Total Time": 1398.487, "Actual Rows": 573635, "Actual Loops": 573635, "Recheck Cond": "(n_nationkey = customer.c_nationkey)", "Rows Removed by Index Recheck": 0, "Exact Heap Blocks": 573635, "Lossy Heap Blocks": 573635, "Plans": [{"Node Type": "Bitmap Index Scan", "Parent Relationship": "Outer", "Index Name": "nation_pkey", "Startup Cost": 0.0, "Total Cost": 0.26, "Plan Rows": 1, "Plan Width": 0, "Actual Startup Time": 610.04, "Actual Total Time": 610.04, "Actual Rows": 573635, "Actual Loops": 573635, "Index Cond": "(n_nationkey = customer.c_nationkey)"}]}]}, {"Node Type": "Bitmap Heap Scan", "Parent Relationship": "Inner", "Relation Name": "lineitem", "Alias": "lineitem", "Startup Cost": 1.93, "Total Cost": 14.05, "Plan Rows": 3, "Plan Width": 24, "Actual Startup Time": 4947.793, "Actual Total Time": 5480.067, "Actual Rows": 1145969, "Actual Loops": 573635, "Recheck Cond": "(l_orderkey = orders.o_orderkey)", "Rows Removed by Index Recheck": 0, "Filter": "(l_returnflag = 'R'::bpchar)", "Rows Removed by Filter": 1146896, "Exact Heap Blocks": 614400, "Lossy Heap Blocks": 614400, "Plans": [{"Node Type": "Bitmap Index Scan", "Parent Relationship": "Outer", "Index Name": "idx_lineitem_orderkey", "Startup Cost": 0.0, "Total Cost": 1.92, "Plan Rows": 9, "Plan Width": 0, "Actual Startup Time": 2505.557, "Actual Total Time": 2505.557, "Actual Rows": 2292865, "Actual Loops": 573635, "Index Cond": "(l_orderkey = orders.o_orderkey)"}]}]}]}]}]}, "Triggers": [], "Planner Runtime": 0, "Total Runtime": 16967.566, "Unique SQL Id": 1604070524}}, "(64, 24)": {"explain_plan": {"Plan": {"Node Type": "Limit", "Startup Cost": 3919068.9, "Total Cost": 3919068.95, "Plan Rows": 20, "Plan Width": 199, "Plans": [{"Node Type": "Sort", "Parent Relationship": "Outer", "Startup Cost": 3919068.9, "Total Cost": 3922683.64, "Plan Rows": 20, "Plan Width": 199, "Sort Key": ["(sum((lineitem.l_extendedprice * (1::double precision - lineitem.l_discount)))) DESC"], "Plans": [{"Node Type": "Aggregate", "Strategy": "Hashed", "Parent Relationship": "Outer", "Startup Cost": 3866135.09, "Total Cost": 3880594.07, "Plan Rows": 1445898, "Plan Width": 199, "Group By Key": ["customer.c_custkey", "customer.c_name", "customer.c_acctbal", "customer.c_phone", "nation.n_name", "customer.c_address", "customer.c_comment"], "Plans": [{"Node Type": "Nested Loop", "Parent Relationship": "Outer", "Join Type": "Inner", "Startup Cost": 704733.88, "Total Cost": 3829987.64, "Plan Rows": 1445898, "Plan Width": 191, "Inner Unique": false, "Plans": [{"Node Type": "Merge Join", "Parent Relationship": "Outer", "Join Type": "Inner", "Startup Cost": 704733.88, "Total Cost": 713370.2, "Plan Rows": 575746, "Plan Width": 183, "Inner Unique": false, "Merge Cond": "(nation.n_nationkey = customer.c_nationkey)", "Plans": [{"Node Type": "Sort", "Parent Relationship": "Outer", "Startup Cost": 1.83, "Total Cost": 1.89, "Plan Rows": 25, "Plan Width": 30, "Sort Key": ["nation.n_nationkey"], "Plans": [{"Node Type": "Seq Scan", "Parent Relationship": "Outer", "Relation Name": "nation", "Alias": "nation", "Startup Cost": 0.0, "Total Cost": 1.25, "Plan Rows": 25, "Plan Width": 30}]}, {"Node Type": "Sort", "Parent Relationship": "Inner", "Startup Cost": 704732.05, "Total Cost": 706171.42, "Plan Rows": 575746, "Plan Width": 161, "Sort Key": ["customer.c_nationkey"], "Plans": [{"Node Type": "Merge Join", "Parent Relationship": "Outer", "Join Type": "Inner", "Startup Cost": 556498.2, "Total Cost": 649647.34, "Plan Rows": 575746, "Plan Width": 161, "Inner Unique": false, "Merge Cond": "(customer.c_custkey = orders.o_custkey)", "Plans": [{"Node Type": "Index Scan", "Parent Relationship": "Outer", "Scan Direction": "Forward", "Index Name": "customer_pkey", "Relation Name": "customer", "Alias": "customer", "Startup Cost": 0.0, "Total Cost": 80765.36, "Plan Rows": 1500000, "Plan Width": 153}, {"Node Type": "Sort", "Parent Relationship": "Inner", "Startup Cost": 556495.89, "Total Cost": 557935.26, "Plan Rows": 575746, "Plan Width": 16, "Sort Key": ["orders.o_custkey"], "Plans": [{"Node Type": "Seq Scan", "Parent Relationship": "Outer", "Relation Name": "orders", "Alias": "orders", "Startup Cost": 578.97, "Total Cost": 501411.18, "Plan Rows": 575746, "Plan Width": 16, "Filter": "((o_orderdate >= '1993-08-01 00:00:00'::timestamp(0) without time zone) AND (o_orderdate < '1993-11-01 00:00:00'::timestamp without time zone)), (LLVM Optimized)"}]}]}]}]}, {"Node Type": "Index Scan", "Parent Relationship": "Inner", "Scan Direction": "Forward", "Index Name": "idx_lineitem_orderkey", "Relation Name": "lineitem", "Alias": "lineitem", "Startup Cost": 0.0, "Total Cost": 5.38, "Plan Rows": 3, "Plan Width": 24, "Index Cond": "(l_orderkey = orders.o_orderkey)", "Filter": "(l_returnflag = 'R'::bpchar)"}]}]}]}]}, "Unique SQL Id": 1604070524, "Planner Runtime": 1}, "explain_analyze_plan": {"Plan": {"Node Type": "Limit", "Startup Cost": 3919068.9, "Total Cost": 3919068.95, "Plan Rows": 20, "Plan Width": 199, "Actual Startup Time": 16743.045, "Actual Total Time": 16743.052, "Actual Rows": 20, "Actual Loops": 1, "Plans": [{"Node Type": "Sort", "Parent Relationship": "Outer", "Startup Cost": 3919068.9, "Total Cost": 3922683.64, "Plan Rows": 20, "Plan Width": 199, "Actual Startup Time": 16743.042, "Actual Total Time": 16743.046, "Actual Rows": 20, "Actual Loops": 1, "Sort Key": ["(sum((lineitem.l_extendedprice * (1::double precision - lineitem.l_discount)))) DESC"], "Sort Method": "top-N heapsort", "Sort Space Used": 35, "Sort Space Type": "Memory", "Plans": [{"Node Type": "Aggregate", "Strategy": "Hashed", "Parent Relationship": "Outer", "Startup Cost": 3866135.09, "Total Cost": 3880594.07, "Plan Rows": 1445898, "Plan Width": 199, "Actual Startup Time": 16384.928, "Actual Total Time": 16608.994, "Actual Rows": 381542, "Actual Loops": 1, "Group By Key": ["customer.c_custkey", "customer.c_name", "customer.c_acctbal", "customer.c_phone", "nation.n_name", "customer.c_address", "customer.c_comment"], "Plans": [{"Node Type": "Nested Loop", "Parent Relationship": "Outer", "Join Type": "Inner", "Startup Cost": 704733.88, "Total Cost": 3829987.64, "Plan Rows": 1445898, "Plan Width": 191, "Actual Startup Time": 6905.78, "Actual Total Time": 14643.357, "Actual Rows": 1145969, "Actual Loops": 1, "Inner Unique": false, "Plans": [{"Node Type": "Merge Join", "Parent Relationship": "Outer", "Join Type": "Inner", "Startup Cost": 704733.88, "Total Cost": 713370.2, "Plan Rows": 575746, "Plan Width": 183, "Actual Startup Time": 6905.68, "Actual Total Time": 7297.169, "Actual Rows": 573635, "Actual Loops": 1, "Inner Unique": false, "Merge Cond": "(nation.n_nationkey = customer.c_nationkey)", "Plans": [{"Node Type": "Sort", "Parent Relationship": "Outer", "Startup Cost": 1.83, "Total Cost": 1.89, "Plan Rows": 25, "Plan Width": 30, "Actual Startup Time": 0.058, "Actual Total Time": 0.078, "Actual Rows": 25, "Actual Loops": 1, "Sort Key": ["nation.n_nationkey"], "Sort Method": "quicksort", "Sort Space Used": 27, "Sort Space Type": "Memory", "Plans": [{"Node Type": "Seq Scan", "Parent Relationship": "Outer", "Relation Name": "nation", "Alias": "nation", "Startup Cost": 0.0, "Total Cost": 1.25, "Plan Rows": 25, "Plan Width": 30, "Actual Startup Time": 0.024, "Actual Total Time": 0.029, "Actual Rows": 25, "Actual Loops": 1}]}, {"Node Type": "Sort", "Parent Relationship": "Inner", "Startup Cost": 704732.05, "Total Cost": 706171.42, "Plan Rows": 575746, "Plan Width": 161, "Actual Startup Time": 6905.611, "Actual Total Time": 7046.639, "Actual Rows": 573635, "Actual Loops": 1, "Sort Key": ["customer.c_nationkey"], "Sort Method": "quicksort", "Sort Space Used": 185911, "Sort Space Type": "Memory", "Plans": [{"Node Type": "Merge Join", "Parent Relationship": "Outer", "Join Type": "Inner", "Startup Cost": 556498.2, "Total Cost": 649647.34, "Plan Rows": 575746, "Plan Width": 161, "Actual Startup Time": 5290.188, "Actual Total Time": 6640.878, "Actual Rows": 573635, "Actual Loops": 1, "Inner Unique": false, "Merge Cond": "(customer.c_custkey = orders.o_custkey)", "Plans": [{"Node Type": "Index Scan", "Parent Relationship": "Outer", "Scan Direction": "Forward", "Index Name": "customer_pkey", "Relation Name": "customer", "Alias": "customer", "Startup Cost": 0.0, "Total Cost": 80765.36, "Plan Rows": 1500000, "Plan Width": 153, "Actual Startup Time": 0.027, "Actual Total Time": 760.913, "Actual Rows": 1499999, "Actual Loops": 1}, {"Node Type": "Sort", "Parent Relationship": "Inner", "Startup Cost": 556495.89, "Total Cost": 557935.26, "Plan Rows": 575746, "Plan Width": 16, "Actual Startup Time": 5290.141, "Actual Total Time": 5408.071, "Actual Rows": 573635, "Actual Loops": 1, "Sort Key": ["orders.o_custkey"], "Sort Method": "quicksort", "Sort Space Used": 78355, "Sort Space Type": "Memory", "Plans": [{"Node Type": "Seq Scan", "Parent Relationship": "Outer", "Relation Name": "orders", "Alias": "orders", "Startup Cost": 578.97, "Total Cost": 501411.18, "Plan Rows": 575746, "Plan Width": 16, "Actual Startup Time": 0.025, "Actual Total Time": 5043.82, "Actual Rows": 573635, "Actual Loops": 1, "Filter": "((o_orderdate >= '1993-08-01 00:00:00'::timestamp(0) without time zone) AND (o_orderdate < '1993-11-01 00:00:00'::timestamp without time zone)), (LLVM Optimized, Jit Execute)", "Rows Removed by Filter": 14426365}]}]}]}]}, {"Node Type": "Index Scan", "Parent Relationship": "Inner", "Scan Direction": "Forward", "Index Name": "idx_lineitem_orderkey", "Relation Name": "lineitem", "Alias": "lineitem", "Startup Cost": 0.0, "Total Cost": 5.38, "Plan Rows": 3, "Plan Width": 24, "Actual Startup Time": 5480.535, "Actual Total Time": 6747.753, "Actual Rows": 1145969, "Actual Loops": 573635, "Index Cond": "(l_orderkey = orders.o_orderkey)", "Rows Removed by Index Recheck": 0, "Filter": "(l_returnflag = 'R'::bpchar)", "Rows Removed by Filter": 1146896}]}]}]}]}, "Triggers": [], "Planner Runtime": 2, "Total Runtime": 16752.866, "Unique SQL Id": 1604070524}}, "(64, 25)": {"explain_plan": {"Plan": {"Node Type": "Limit", "Startup Cost": 4223644.28, "Total Cost": 4223644.33, "Plan Rows": 20, "Plan Width": 199, "Plans": [{"Node Type": "Sort", "Parent Relationship": "Outer", "Startup Cost": 4223644.28, "Total Cost": 4227259.02, "Plan Rows": 20, "Plan Width": 199, "Sort Key": ["(sum((lineitem.l_extendedprice * (1::double precision - lineitem.l_discount)))) DESC"], "Plans": [{"Node Type": "Aggregate", "Strategy": "Hashed", "Parent Relationship": "Outer", "Startup Cost": 4170710.47, "Total Cost": 4185169.45, "Plan Rows": 1445898, "Plan Width": 199, "Group By Key": ["customer.c_custkey", "customer.c_name", "customer.c_acctbal", "customer.c_phone", "nation.n_name", "customer.c_address", "customer.c_comment"], "Plans": [{"Node Type": "Nested Loop", "Parent Relationship": "Outer", "Join Type": "Inner", "Startup Cost": 1009296.7, "Total Cost": 4134563.02, "Plan Rows": 1445898, "Plan Width": 191, "Inner Unique": false, "Plans": [{"Node Type": "Merge Join", "Parent Relationship": "Outer", "Join Type": "Inner", "Startup Cost": 1009296.7, "Total Cost": 1017945.58, "Plan Rows": 575746, "Plan Width": 183, "Inner Unique": false, "Merge Cond": "(nation.n_nationkey = customer.c_nationkey)", "Plans": [{"Node Type": "Index Scan", "Parent Relationship": "Outer", "Scan Direction": "Forward", "Index Name": "nation_pkey", "Relation Name": "nation", "Alias": "nation", "Startup Cost": 0.0, "Total Cost": 12.62, "Plan Rows": 25, "Plan Width": 30}, {"Node Type": "Sort", "Parent Relationship": "Inner", "Startup Cost": 1009296.7, "Total Cost": 1010736.06, "Plan Rows": 575746, "Plan Width": 161, "Sort Key": ["customer.c_nationkey"], "Plans": [{"Node Type": "Merge Join", "Parent Relationship": "Outer", "Join Type": "Inner", "Startup Cost": 861062.85, "Total Cost": 954211.99, "Plan Rows": 575746, "Plan Width": 161, "Inner Unique": false, "Merge Cond": "(customer.c_custkey = orders.o_custkey)", "Plans": [{"Node Type": "Index Scan", "Parent Relationship": "Outer", "Scan Direction": "Forward", "Index Name": "customer_pkey", "Relation Name": "customer", "Alias": "customer", "Startup Cost": 0.0, "Total Cost": 80765.36, "Plan Rows": 1500000, "Plan Width": 153}, {"Node Type": "Sort", "Parent Relationship": "Inner", "Startup Cost": 861060.54, "Total Cost": 862499.9, "Plan Rows": 575746, "Plan Width": 16, "Sort Key": ["orders.o_custkey"], "Plans": [{"Node Type": "Index Scan", "Parent Relationship": "Outer", "Scan Direction": "Forward", "Index Name": "orders_pkey", "Relation Name": "orders", "Alias": "orders", "Startup Cost": 0.0, "Total Cost": 805975.83, "Plan Rows": 575746, "Plan Width": 16, "Filter": "((o_orderdate >= '1993-08-01 00:00:00'::timestamp(0) without time zone) AND (o_orderdate < '1993-11-01 00:00:00'::timestamp without time zone)), (LLVM Optimized)"}]}]}]}]}, {"Node Type": "Index Scan", "Parent Relationship": "Inner", "Scan Direction": "Forward", "Index Name": "idx_lineitem_orderkey", "Relation Name": "lineitem", "Alias": "lineitem", "Startup Cost": 0.0, "Total Cost": 5.38, "Plan Rows": 3, "Plan Width": 24, "Index Cond": "(l_orderkey = orders.o_orderkey)", "Filter": "(l_returnflag = 'R'::bpchar)"}]}]}]}]}, "Unique SQL Id": 1604070524, "Planner Runtime": 1}, "explain_analyze_plan": {"Plan": {"Node Type": "Limit", "Startup Cost": 4223644.28, "Total Cost": 4223644.33, "Plan Rows": 20, "Plan Width": 199, "Actual Startup Time": 20968.684, "Actual Total Time": 20968.69, "Actual Rows": 20, "Actual Loops": 1, "Plans": [{"Node Type": "Sort", "Parent Relationship": "Outer", "Startup Cost": 4223644.28, "Total Cost": 4227259.02, "Plan Rows": 20, "Plan Width": 199, "Actual Startup Time": 20968.68, "Actual Total Time": 20968.681, "Actual Rows": 20, "Actual Loops": 1, "Sort Key": ["(sum((lineitem.l_extendedprice * (1::double precision - lineitem.l_discount)))) DESC"], "Sort Method": "top-N heapsort", "Sort Space Used": 35, "Sort Space Type": "Memory", "Plans": [{"Node Type": "Aggregate", "Strategy": "Hashed", "Parent Relationship": "Outer", "Startup Cost": 4170710.47, "Total Cost": 4185169.45, "Plan Rows": 1445898, "Plan Width": 199, "Actual Startup Time": 20601.131, "Actual Total Time": 20834.08, "Actual Rows": 381542, "Actual Loops": 1, "Group By Key": ["customer.c_custkey", "customer.c_name", "customer.c_acctbal", "customer.c_phone", "nation.n_name", "customer.c_address", "customer.c_comment"], "Plans": [{"Node Type": "Nested Loop", "Parent Relationship": "Outer", "Join Type": "Inner", "Startup Cost": 1009296.7, "Total Cost": 4134563.02, "Plan Rows": 1445898, "Plan Width": 191, "Actual Startup Time": 11044.437, "Actual Total Time": 18852.428, "Actual Rows": 1145969, "Actual Loops": 1, "Inner Unique": false, "Plans": [{"Node Type": "Merge Join", "Parent Relationship": "Outer", "Join Type": "Inner", "Startup Cost": 1009296.7, "Total Cost": 1017945.58, "Plan Rows": 575746, "Plan Width": 183, "Actual Startup Time": 11044.321, "Actual Total Time": 11498.538, "Actual Rows": 573635, "Actual Loops": 1, "Inner Unique": false, "Merge Cond": "(nation.n_nationkey = customer.c_nationkey)", "Plans": [{"Node Type": "Index Scan", "Parent Relationship": "Outer", "Scan Direction": "Forward", "Index Name": "nation_pkey", "Relation Name": "nation", "Alias": "nation", "Startup Cost": 0.0, "Total Cost": 12.62, "Plan Rows": 25, "Plan Width": 30, "Actual Startup Time": 0.02, "Actual Total Time": 0.09, "Actual Rows": 25, "Actual Loops": 1}, {"Node Type": "Sort", "Parent Relationship": "Inner", "Startup Cost": 1009296.7, "Total Cost": 1010736.06, "Plan Rows": 575746, "Plan Width": 161, "Actual Startup Time": 11044.275, "Actual Total Time": 11228.32, "Actual Rows": 573635, "Actual Loops": 1, "Sort Key": ["customer.c_nationkey"], "Sort Method": "quicksort", "Sort Space Used": 185911, "Sort Space Type": "Memory", "Plans": [{"Node Type": "Merge Join", "Parent Relationship": "Outer", "Join Type": "Inner", "Startup Cost": 861062.85, "Total Cost": 954211.99, "Plan Rows": 575746, "Plan Width": 161, "Actual Startup Time": 9281.667, "Actual Total Time": 10773.665, "Actual Rows": 573635, "Actual Loops": 1, "Inner Unique": false, "Merge Cond": "(customer.c_custkey = orders.o_custkey)", "Plans": [{"Node Type": "Index Scan", "Parent Relationship": "Outer", "Scan Direction": "Forward", "Index Name": "customer_pkey", "Relation Name": "customer", "Alias": "customer", "Startup Cost": 0.0, "Total Cost": 80765.36, "Plan Rows": 1500000, "Plan Width": 153, "Actual Startup Time": 0.021, "Actual Total Time": 876.148, "Actual Rows": 1499999, "Actual Loops": 1}, {"Node Type": "Sort", "Parent Relationship": "Inner", "Startup Cost": 861060.54, "Total Cost": 862499.9, "Plan Rows": 575746, "Plan Width": 16, "Actual Startup Time": 9281.626, "Actual Total Time": 9426.566, "Actual Rows": 573635, "Actual Loops": 1, "Sort Key": ["orders.o_custkey"], "Sort Method": "quicksort", "Sort Space Used": 78355, "Sort Space Type": "Memory", "Plans": [{"Node Type": "Index Scan", "Parent Relationship": "Outer", "Scan Direction": "Forward", "Index Name": "orders_pkey", "Relation Name": "orders", "Alias": "orders", "Startup Cost": 0.0, "Total Cost": 805975.83, "Plan Rows": 575746, "Plan Width": 16, "Actual Startup Time": 0.032, "Actual Total Time": 9018.692, "Actual Rows": 573635, "Actual Loops": 1, "Filter": "((o_orderdate >= '1993-08-01 00:00:00'::timestamp(0) without time zone) AND (o_orderdate < '1993-11-01 00:00:00'::timestamp without time zone)), (LLVM Optimized, Jit Execute)", "Rows Removed by Filter": 14426365}]}]}]}]}, {"Node Type": "Index Scan", "Parent Relationship": "Inner", "Scan Direction": "Forward", "Index Name": "idx_lineitem_orderkey", "Relation Name": "lineitem", "Alias": "lineitem", "Startup Cost": 0.0, "Total Cost": 5.38, "Plan Rows": 3, "Plan Width": 24, "Actual Startup Time": 5475.528, "Actual Total Time": 6752.416, "Actual Rows": 1145969, "Actual Loops": 573635, "Index Cond": "(l_orderkey = orders.o_orderkey)", "Rows Removed by Index Recheck": 0, "Filter": "(l_returnflag = 'R'::bpchar)", "Rows Removed by Filter": 1146896}]}]}]}]}, "Triggers": [], "Planner Runtime": 1, "Total Runtime": 20978.56, "Unique SQL Id": 1604070524}}, "(64, 26)": {"explain_plan": {"Plan": {"Node Type": "Limit", "Startup Cost": 5010176.71, "Total Cost": 5010176.76, "Plan Rows": 20, "Plan Width": 199, "Plans": [{"Node Type": "Sort", "Parent Relationship": "Outer", "Startup Cost": 5010176.71, "Total Cost": 5013791.45, "Plan Rows": 20, "Plan Width": 199, "Sort Key": ["(sum((lineitem.l_extendedprice * (1::double precision - lineitem.l_discount)))) DESC"], "Plans": [{"Node Type": "Aggregate", "Strategy": "Hashed", "Parent Relationship": "Outer", "Startup Cost": 4957242.9, "Total Cost": 4971701.88, "Plan Rows": 1445898, "Plan Width": 199, "Group By Key": ["customer.c_custkey", "customer.c_name", "customer.c_acctbal", "customer.c_phone", "nation.n_name", "customer.c_address", "customer.c_comment"], "Plans": [{"Node Type": "Merge Join", "Parent Relationship": "Outer", "Join Type": "Inner", "Startup Cost": 4829583.01, "Total Cost": 4921095.45, "Plan Rows": 1445898, "Plan Width": 191, "Inner Unique": false, "Merge Cond": "(orders.o_orderkey = lineitem.l_orderkey)", "Plans": [{"Node Type": "Sort", "Parent Relationship": "Outer", "Startup Cost": 897439.53, "Total Cost": 898878.9, "Plan Rows": 575746, "Plan Width": 183, "Sort Key": ["orders.o_orderkey"], "Plans": [{"Node Type": "Merge Join", "Parent Relationship": "Outer", "Join Type": "Inner", "Startup Cost": 833718.51, "Total Cost": 842354.83, "Plan Rows": 575746, "Plan Width": 183, "Inner Unique": false, "Merge Cond": "(nation.n_nationkey = customer.c_nationkey)", "Plans": [{"Node Type": "Sort", "Parent Relationship": "Outer", "Startup Cost": 1.83, "Total Cost": 1.89, "Plan Rows": 25, "Plan Width": 30, "Sort Key": ["nation.n_nationkey"], "Plans": [{"Node Type": "Seq Scan", "Parent Relationship": "Outer", "Relation Name": "nation", "Alias": "nation", "Startup Cost": 0.0, "Total Cost": 1.25, "Plan Rows": 25, "Plan Width": 30}]}, {"Node Type": "Sort", "Parent Relationship": "Inner", "Startup Cost": 833716.68, "Total Cost": 835156.05, "Plan Rows": 575746, "Plan Width": 161, "Sort Key": ["customer.c_nationkey"], "Plans": [{"Node Type": "Merge Join", "Parent Relationship": "Outer", "Join Type": "Inner", "Startup Cost": 762496.08, "Total Cost": 778631.97, "Plan Rows": 575746, "Plan Width": 161, "Inner Unique": false, "Merge Cond": "(customer.c_custkey = orders.o_custkey)", "Plans": [{"Node Type": "Sort", "Parent Relationship": "Outer", "Startup Cost": 205999.98, "Total Cost": 209749.98, "Plan Rows": 1500000, "Plan Width": 153, "Sort Key": ["customer.c_custkey"], "Plans": [{"Node Type": "Seq Scan", "Parent Relationship": "Outer", "Relation Name": "customer", "Alias": "customer", "Startup Cost": 0.0, "Total Cost": 52126.0, "Plan Rows": 1500000, "Plan Width": 153}]}, {"Node Type": "Sort", "Parent Relationship": "Inner", "Startup Cost": 556495.89, "Total Cost": 557935.26, "Plan Rows": 575746, "Plan Width": 16, "Sort Key": ["orders.o_custkey"], "Plans": [{"Node Type": "Seq Scan", "Parent Relationship": "Outer", "Relation Name": "orders", "Alias": "orders", "Startup Cost": 578.97, "Total Cost": 501411.18, "Plan Rows": 575746, "Plan Width": 16, "Filter": "((o_orderdate >= '1993-08-01 00:00:00'::timestamp(0) without time zone) AND (o_orderdate < '1993-11-01 00:00:00'::timestamp without time zone)), (LLVM Optimized)"}]}]}]}]}]}, {"Node Type": "Sort", "Parent Relationship": "Inner", "Startup Cost": 3932143.37, "Total Cost": 3969231.39, "Plan Rows": 14835209, "Plan Width": 24, "Sort Key": ["lineitem.l_orderkey"], "Plans": [{"Node Type": "Seq Scan", "Parent Relationship": "Outer", "Relation Name": "lineitem", "Alias": "lineitem", "Startup Cost": 0.0, "Total Cost": 2165082.91, "Plan Rows": 14835209, "Plan Width": 24, "Filter": "(l_returnflag = 'R'::bpchar), (LLVM Optimized)"}]}]}]}]}]}, "Unique SQL Id": 1604070524, "Planner Runtime": 2}, "explain_analyze_plan": {"Plan": {"Node Type": "Limit", "Startup Cost": 5010176.71, "Total Cost": 5010176.76, "Plan Rows": 20, "Plan Width": 199, "Actual Startup Time": 41816.952, "Actual Total Time": 41816.959, "Actual Rows": 20, "Actual Loops": 1, "Plans": [{"Node Type": "Sort", "Parent Relationship": "Outer", "Startup Cost": 5010176.71, "Total Cost": 5013791.45, "Plan Rows": 20, "Plan Width": 199, "Actual Startup Time": 41816.949, "Actual Total Time": 41816.953, "Actual Rows": 20, "Actual Loops": 1, "Sort Key": ["(sum((lineitem.l_extendedprice * (1::double precision - lineitem.l_discount)))) DESC"], "Sort Method": "top-N heapsort", "Sort Space Used": 35, "Sort Space Type": "Memory", "Plans": [{"Node Type": "Aggregate", "Strategy": "Hashed", "Parent Relationship": "Outer", "Startup Cost": 4957242.9, "Total Cost": 4971701.88, "Plan Rows": 1445898, "Plan Width": 199, "Actual Startup Time": 41484.721, "Actual Total Time": 41684.084, "Actual Rows": 381542, "Actual Loops": 1, "Group By Key": ["customer.c_custkey", "customer.c_name", "customer.c_acctbal", "customer.c_phone", "nation.n_name", "customer.c_address", "customer.c_comment"], "Plans": [{"Node Type": "Merge Join", "Parent Relationship": "Outer", "Join Type": "Inner", "Startup Cost": 4829583.01, "Total Cost": 4921095.45, "Plan Rows": 1445898, "Plan Width": 191, "Actual Startup Time": 35317.07, "Actual Total Time": 39852.0, "Actual Rows": 1145969, "Actual Loops": 1, "Inner Unique": false, "Merge Cond": "(orders.o_orderkey = lineitem.l_orderkey)", "Plans": [{"Node Type": "Sort", "Parent Relationship": "Outer", "Startup Cost": 897439.53, "Total Cost": 898878.9, "Plan Rows": 575746, "Plan Width": 183, "Actual Startup Time": 7938.57, "Actual Total Time": 8065.911, "Actual Rows": 573635, "Actual Loops": 1, "Sort Key": ["orders.o_orderkey"], "Sort Method": "quicksort", "Sort Space Used": 199246, "Sort Space Type": "Memory", "Plans": [{"Node Type": "Merge Join", "Parent Relationship": "Outer", "Join Type": "Inner", "Startup Cost": 833718.51, "Total Cost": 842354.83, "Plan Rows": 575746, "Plan Width": 183, "Actual Startup Time": 7315.171, "Actual Total Time": 7612.354, "Actual Rows": 573635, "Actual Loops": 1, "Inner Unique": false, "Merge Cond": "(nation.n_nationkey = customer.c_nationkey)", "Plans": [{"Node Type": "Sort", "Parent Relationship": "Outer", "Startup Cost": 1.83, "Total Cost": 1.89, "Plan Rows": 25, "Plan Width": 30, "Actual Startup Time": 0.049, "Actual Total Time": 0.058, "Actual Rows": 25, "Actual Loops": 1, "Sort Key": ["nation.n_nationkey"], "Sort Method": "quicksort", "Sort Space Used": 27, "Sort Space Type": "Memory", "Plans": [{"Node Type": "Seq Scan", "Parent Relationship": "Outer", "Relation Name": "nation", "Alias": "nation", "Startup Cost": 0.0, "Total Cost": 1.25, "Plan Rows": 25, "Plan Width": 30, "Actual Startup Time": 0.025, "Actual Total Time": 0.031, "Actual Rows": 25, "Actual Loops": 1}]}, {"Node Type": "Sort", "Parent Relationship": "Inner", "Startup Cost": 833716.68, "Total Cost": 835156.05, "Plan Rows": 575746, "Plan Width": 161, "Actual Startup Time": 7315.101, "Actual Total Time": 7409.824, "Actual Rows": 573635, "Actual Loops": 1, "Sort Key": ["customer.c_nationkey"], "Sort Method": "quicksort", "Sort Space Used": 185911, "Sort Space Type": "Memory", "Plans": [{"Node Type": "Merge Join", "Parent Relationship": "Outer", "Join Type": "Inner", "Startup Cost": 762496.08, "Total Cost": 778631.97, "Plan Rows": 575746, "Plan Width": 161, "Actual Startup Time": 6233.623, "Actual Total Time": 7058.294, "Actual Rows": 573635, "Actual Loops": 1, "Inner Unique": false, "Merge Cond": "(customer.c_custkey = orders.o_custkey)", "Plans": [{"Node Type": "Sort", "Parent Relationship": "Outer", "Startup Cost": 205999.98, "Total Cost": 209749.98, "Plan Rows": 1500000, "Plan Width": 153, "Actual Startup Time": 1199.137, "Actual Total Time": 1419.885, "Actual Rows": 1499999, "Actual Loops": 1, "Sort Key": ["customer.c_custkey"], "Sort Method": "quicksort", "Sort Space Used": 470340, "Sort Space Type": "Memory", "Plans": [{"Node Type": "Seq Scan", "Parent Relationship": "Outer", "Relation Name": "customer", "Alias": "customer", "Startup Cost": 0.0, "Total Cost": 52126.0, "Plan Rows": 1500000, "Plan Width": 153, "Actual Startup Time": 0.012, "Actual Total Time": 538.882, "Actual Rows": 1500000, "Actual Loops": 1}]}, {"Node Type": "Sort", "Parent Relationship": "Inner", "Startup Cost": 556495.89, "Total Cost": 557935.26, "Plan Rows": 575746, "Plan Width": 16, "Actual Startup Time": 5034.465, "Actual Total Time": 5159.81, "Actual Rows": 573635, "Actual Loops": 1, "Sort Key": ["orders.o_custkey"], "Sort Method": "quicksort", "Sort Space Used": 78355, "Sort Space Type": "Memory", "Plans": [{"Node Type": "Seq Scan", "Parent Relationship": "Outer", "Relation Name": "orders", "Alias": "orders", "Startup Cost": 578.97, "Total Cost": 501411.18, "Plan Rows": 575746, "Plan Width": 16, "Actual Startup Time": 0.042, "Actual Total Time": 4791.79, "Actual Rows": 573635, "Actual Loops": 1, "Filter": "((o_orderdate >= '1993-08-01 00:00:00'::timestamp(0) without time zone) AND (o_orderdate < '1993-11-01 00:00:00'::timestamp without time zone)), (LLVM Optimized, Jit Execute)", "Rows Removed by Filter": 14426365}]}]}]}]}]}, {"Node Type": "Sort", "Parent Relationship": "Inner", "Startup Cost": 3932143.37, "Total Cost": 3969231.39, "Plan Rows": 14835209, "Plan Width": 24, "Actual Startup Time": 27378.463, "Actual Total Time": 29100.418, "Actual Rows": 14808182, "Actual Loops": 1, "Sort Key": ["lineitem.l_orderkey"], "Sort Method": "quicksort", "Sort Space Used": 1781484, "Sort Space Type": "Memory", "Plans": [{"Node Type": "Seq Scan", "Parent Relationship": "Outer", "Relation Name": "lineitem", "Alias": "lineitem", "Startup Cost": 0.0, "Total Cost": 2165082.91, "Plan Rows": 14835209, "Plan Width": 24, "Actual Startup Time": 0.05, "Actual Total Time": 22470.144, "Actual Rows": 14808183, "Actual Loops": 1, "Filter": "(l_returnflag = 'R'::bpchar), (LLVM Optimized, Jit Execute)", "Rows Removed by Filter": 45177869}]}]}]}]}]}, "Triggers": [], "Planner Runtime": 1, "Total Runtime": 41827.017, "Unique SQL Id": 1604070524}}, "(64, 27)": {"explain_plan": {"Plan": {"Node Type": "Limit", "Startup Cost": 4032944945746.96, "Total Cost": 4032944945747.01, "Plan Rows": 20, "Plan Width": 199, "Plans": [{"Node Type": "Sort", "Parent Relationship": "Outer", "Startup Cost": 4032944945746.96, "Total Cost": 4032944949361.7, "Plan Rows": 20, "Plan Width": 199, "Sort Key": ["(sum((lineitem.l_extendedprice * (1::double precision - lineitem.l_discount)))) DESC"], "Plans": [{"Node Type": "Aggregate", "Strategy": "Hashed", "Parent Relationship": "Outer", "Startup Cost": 4032944892813.15, "Total Cost": 4032944907272.13, "Plan Rows": 1445898, "Plan Width": 199, "Group By Key": ["customer.c_custkey", "customer.c_name", "customer.c_acctbal", "customer.c_phone", "nation.n_name", "customer.c_address", "customer.c_comment"], "Plans": [{"Node Type": "Nested Loop", "Parent Relationship": "Outer", "Join Type": "Inner", "Startup Cost": 40036112613.17, "Total Cost": 4032944856665.7, "Plan Rows": 1445898, "Plan Width": 191, "Inner Unique": false, "Join Filter": "(customer.c_custkey = orders.o_custkey), (LLVM Optimized)", "Plans": [{"Node Type": "Nested Loop", "Parent Relationship": "Outer", "Join Type": "Inner", "Startup Cost": 20000000000.0, "Total Cost": 2000008640298.18, "Plan Rows": 1500000, "Plan Width": 175, "Inner Unique": true, "Join Filter": "(customer.c_nationkey = nation.n_nationkey), (LLVM Optimized)", "Plans": [{"Node Type": "Index Scan", "Parent Relationship": "Outer", "Scan Direction": "Forward", "Index Name": "customer_pkey", "Relation Name": "customer", "Alias": "customer", "Startup Cost": 10000000000.0, "Total Cost": 1000008076535.62, "Plan Rows": 1500000, "Plan Width": 153}, {"Node Type": "Materialize", "Parent Relationship": "Inner", "Startup Cost": 10000000000.0, "Total Cost": 1000000001262.62, "Plan Rows": 25, "Plan Width": 30, "Plans": [{"Node Type": "Index Scan", "Parent Relationship": "Outer", "Scan Direction": "Forward", "Index Name": "nation_pkey", "Relation Name": "nation", "Alias": "nation", "Startup Cost": 10000000000.0, "Total Cost": 1000000001262.5, "Plan Rows": 25, "Plan Width": 30}]}]}, {"Node Type": "Materialize", "Parent Relationship": "Inner", "Startup Cost": 20036112613.17, "Total Cost": 2000403514982.26, "Plan Rows": 1445898, "Plan Width": 24, "Plans": [{"Node Type": "Merge Join", "Parent Relationship": "Outer", "Join Type": "Inner", "Startup Cost": 20036112613.17, "Total Cost": 2000403507752.77, "Plan Rows": 1445898, "Plan Width": 24, "Inner Unique": false, "Merge Cond": "(orders.o_orderkey = lineitem.l_orderkey)", "Plans": [{"Node Type": "Index Scan", "Parent Relationship": "Outer", "Scan Direction": "Forward", "Index Name": "orders_pkey", "Relation Name": "orders", "Alias": "orders", "Startup Cost": 10000000000.0, "Total Cost": 1000080597583.0, "Plan Rows": 575746, "Plan Width": 16, "Filter": "((o_orderdate >= '1993-08-01 00:00:00'::timestamp(0) without time zone) AND (o_orderdate < '1993-11-01 00:00:00'::timestamp without time zone)), (LLVM Optimized)"}, {"Node Type": "Index Scan", "Parent Relationship": "Inner", "Scan Direction": "Forward", "Index Name": "idx_lineitem_orderkey", "Relation Name": "lineitem", "Alias": "lineitem", "Startup Cost": 10000000000.0, "Total Cost": 1000339012132.75, "Plan Rows": 14835209, "Plan Width": 24, "Filter": "(l_returnflag = 'R'::bpchar), (LLVM Optimized)"}]}]}]}]}]}]}, "Unique SQL Id": 1604070524, "Planner Runtime": 2}, "explain_analyze_plan": null}, "(64, 28)": {"explain_plan": {"Plan": {"Node Type": "Limit", "Startup Cost": 3919068.9, "Total Cost": 3919068.95, "Plan Rows": 20, "Plan Width": 199, "Plans": [{"Node Type": "Sort", "Parent Relationship": "Outer", "Startup Cost": 3919068.9, "Total Cost": 3922683.64, "Plan Rows": 20, "Plan Width": 199, "Sort Key": ["(sum((lineitem.l_extendedprice * (1::double precision - lineitem.l_discount)))) DESC"], "Plans": [{"Node Type": "Aggregate", "Strategy": "Hashed", "Parent Relationship": "Outer", "Startup Cost": 3866135.09, "Total Cost": 3880594.07, "Plan Rows": 1445898, "Plan Width": 199, "Group By Key": ["customer.c_custkey", "customer.c_name", "customer.c_acctbal", "customer.c_phone", "nation.n_name", "customer.c_address", "customer.c_comment"], "Plans": [{"Node Type": "Nested Loop", "Parent Relationship": "Outer", "Join Type": "Inner", "Startup Cost": 704733.88, "Total Cost": 3829987.64, "Plan Rows": 1445898, "Plan Width": 191, "Inner Unique": false, "Plans": [{"Node Type": "Merge Join", "Parent Relationship": "Outer", "Join Type": "Inner", "Startup Cost": 704733.88, "Total Cost": 713370.2, "Plan Rows": 575746, "Plan Width": 183, "Inner Unique": false, "Merge Cond": "(nation.n_nationkey = customer.c_nationkey)", "Plans": [{"Node Type": "Sort", "Parent Relationship": "Outer", "Startup Cost": 1.83, "Total Cost": 1.89, "Plan Rows": 25, "Plan Width": 30, "Sort Key": ["nation.n_nationkey"], "Plans": [{"Node Type": "Seq Scan", "Parent Relationship": "Outer", "Relation Name": "nation", "Alias": "nation", "Startup Cost": 0.0, "Total Cost": 1.25, "Plan Rows": 25, "Plan Width": 30}]}, {"Node Type": "Sort", "Parent Relationship": "Inner", "Startup Cost": 704732.05, "Total Cost": 706171.42, "Plan Rows": 575746, "Plan Width": 161, "Sort Key": ["customer.c_nationkey"], "Plans": [{"Node Type": "Merge Join", "Parent Relationship": "Outer", "Join Type": "Inner", "Startup Cost": 556498.2, "Total Cost": 649647.34, "Plan Rows": 575746, "Plan Width": 161, "Inner Unique": false, "Merge Cond": "(customer.c_custkey = orders.o_custkey)", "Plans": [{"Node Type": "Index Scan", "Parent Relationship": "Outer", "Scan Direction": "Forward", "Index Name": "customer_pkey", "Relation Name": "customer", "Alias": "customer", "Startup Cost": 0.0, "Total Cost": 80765.36, "Plan Rows": 1500000, "Plan Width": 153}, {"Node Type": "Sort", "Parent Relationship": "Inner", "Startup Cost": 556495.89, "Total Cost": 557935.26, "Plan Rows": 575746, "Plan Width": 16, "Sort Key": ["orders.o_custkey"], "Plans": [{"Node Type": "Seq Scan", "Parent Relationship": "Outer", "Relation Name": "orders", "Alias": "orders", "Startup Cost": 578.97, "Total Cost": 501411.18, "Plan Rows": 575746, "Plan Width": 16, "Filter": "((o_orderdate >= '1993-08-01 00:00:00'::timestamp(0) without time zone) AND (o_orderdate < '1993-11-01 00:00:00'::timestamp without time zone)), (LLVM Optimized)"}]}]}]}]}, {"Node Type": "Index Scan", "Parent Relationship": "Inner", "Scan Direction": "Forward", "Index Name": "idx_lineitem_orderkey", "Relation Name": "lineitem", "Alias": "lineitem", "Startup Cost": 0.0, "Total Cost": 5.38, "Plan Rows": 3, "Plan Width": 24, "Index Cond": "(l_orderkey = orders.o_orderkey)", "Filter": "(l_returnflag = 'R'::bpchar)"}]}]}]}]}, "Unique SQL Id": 1604070524, "Planner Runtime": 1}, "explain_analyze_plan": {"Plan": {"Node Type": "Limit", "Startup Cost": 3919068.9, "Total Cost": 3919068.95, "Plan Rows": 20, "Plan Width": 199, "Actual Startup Time": 16743.045, "Actual Total Time": 16743.052, "Actual Rows": 20, "Actual Loops": 1, "Plans": [{"Node Type": "Sort", "Parent Relationship": "Outer", "Startup Cost": 3919068.9, "Total Cost": 3922683.64, "Plan Rows": 20, "Plan Width": 199, "Actual Startup Time": 16743.042, "Actual Total Time": 16743.046, "Actual Rows": 20, "Actual Loops": 1, "Sort Key": ["(sum((lineitem.l_extendedprice * (1::double precision - lineitem.l_discount)))) DESC"], "Sort Method": "top-N heapsort", "Sort Space Used": 35, "Sort Space Type": "Memory", "Plans": [{"Node Type": "Aggregate", "Strategy": "Hashed", "Parent Relationship": "Outer", "Startup Cost": 3866135.09, "Total Cost": 3880594.07, "Plan Rows": 1445898, "Plan Width": 199, "Actual Startup Time": 16384.928, "Actual Total Time": 16608.994, "Actual Rows": 381542, "Actual Loops": 1, "Group By Key": ["customer.c_custkey", "customer.c_name", "customer.c_acctbal", "customer.c_phone", "nation.n_name", "customer.c_address", "customer.c_comment"], "Plans": [{"Node Type": "Nested Loop", "Parent Relationship": "Outer", "Join Type": "Inner", "Startup Cost": 704733.88, "Total Cost": 3829987.64, "Plan Rows": 1445898, "Plan Width": 191, "Actual Startup Time": 6905.78, "Actual Total Time": 14643.357, "Actual Rows": 1145969, "Actual Loops": 1, "Inner Unique": false, "Plans": [{"Node Type": "Merge Join", "Parent Relationship": "Outer", "Join Type": "Inner", "Startup Cost": 704733.88, "Total Cost": 713370.2, "Plan Rows": 575746, "Plan Width": 183, "Actual Startup Time": 6905.68, "Actual Total Time": 7297.169, "Actual Rows": 573635, "Actual Loops": 1, "Inner Unique": false, "Merge Cond": "(nation.n_nationkey = customer.c_nationkey)", "Plans": [{"Node Type": "Sort", "Parent Relationship": "Outer", "Startup Cost": 1.83, "Total Cost": 1.89, "Plan Rows": 25, "Plan Width": 30, "Actual Startup Time": 0.058, "Actual Total Time": 0.078, "Actual Rows": 25, "Actual Loops": 1, "Sort Key": ["nation.n_nationkey"], "Sort Method": "quicksort", "Sort Space Used": 27, "Sort Space Type": "Memory", "Plans": [{"Node Type": "Seq Scan", "Parent Relationship": "Outer", "Relation Name": "nation", "Alias": "nation", "Startup Cost": 0.0, "Total Cost": 1.25, "Plan Rows": 25, "Plan Width": 30, "Actual Startup Time": 0.024, "Actual Total Time": 0.029, "Actual Rows": 25, "Actual Loops": 1}]}, {"Node Type": "Sort", "Parent Relationship": "Inner", "Startup Cost": 704732.05, "Total Cost": 706171.42, "Plan Rows": 575746, "Plan Width": 161, "Actual Startup Time": 6905.611, "Actual Total Time": 7046.639, "Actual Rows": 573635, "Actual Loops": 1, "Sort Key": ["customer.c_nationkey"], "Sort Method": "quicksort", "Sort Space Used": 185911, "Sort Space Type": "Memory", "Plans": [{"Node Type": "Merge Join", "Parent Relationship": "Outer", "Join Type": "Inner", "Startup Cost": 556498.2, "Total Cost": 649647.34, "Plan Rows": 575746, "Plan Width": 161, "Actual Startup Time": 5290.188, "Actual Total Time": 6640.878, "Actual Rows": 573635, "Actual Loops": 1, "Inner Unique": false, "Merge Cond": "(customer.c_custkey = orders.o_custkey)", "Plans": [{"Node Type": "Index Scan", "Parent Relationship": "Outer", "Scan Direction": "Forward", "Index Name": "customer_pkey", "Relation Name": "customer", "Alias": "customer", "Startup Cost": 0.0, "Total Cost": 80765.36, "Plan Rows": 1500000, "Plan Width": 153, "Actual Startup Time": 0.027, "Actual Total Time": 760.913, "Actual Rows": 1499999, "Actual Loops": 1}, {"Node Type": "Sort", "Parent Relationship": "Inner", "Startup Cost": 556495.89, "Total Cost": 557935.26, "Plan Rows": 575746, "Plan Width": 16, "Actual Startup Time": 5290.141, "Actual Total Time": 5408.071, "Actual Rows": 573635, "Actual Loops": 1, "Sort Key": ["orders.o_custkey"], "Sort Method": "quicksort", "Sort Space Used": 78355, "Sort Space Type": "Memory", "Plans": [{"Node Type": "Seq Scan", "Parent Relationship": "Outer", "Relation Name": "orders", "Alias": "orders", "Startup Cost": 578.97, "Total Cost": 501411.18, "Plan Rows": 575746, "Plan Width": 16, "Actual Startup Time": 0.025, "Actual Total Time": 5043.82, "Actual Rows": 573635, "Actual Loops": 1, "Filter": "((o_orderdate >= '1993-08-01 00:00:00'::timestamp(0) without time zone) AND (o_orderdate < '1993-11-01 00:00:00'::timestamp without time zone)), (LLVM Optimized, Jit Execute)", "Rows Removed by Filter": 14426365}]}]}]}]}, {"Node Type": "Index Scan", "Parent Relationship": "Inner", "Scan Direction": "Forward", "Index Name": "idx_lineitem_orderkey", "Relation Name": "lineitem", "Alias": "lineitem", "Startup Cost": 0.0, "Total Cost": 5.38, "Plan Rows": 3, "Plan Width": 24, "Actual Startup Time": 5480.535, "Actual Total Time": 6747.753, "Actual Rows": 1145969, "Actual Loops": 573635, "Index Cond": "(l_orderkey = orders.o_orderkey)", "Rows Removed by Index Recheck": 0, "Filter": "(l_returnflag = 'R'::bpchar)", "Rows Removed by Filter": 1146896}]}]}]}]}, "Triggers": [], "Planner Runtime": 2, "Total Runtime": 16752.866, "Unique SQL Id": 1604070524}}, "(64, 29)": {"explain_plan": {"Plan": {"Node Type": "Limit", "Startup Cost": 4223644.28, "Total Cost": 4223644.33, "Plan Rows": 20, "Plan Width": 199, "Plans": [{"Node Type": "Sort", "Parent Relationship": "Outer", "Startup Cost": 4223644.28, "Total Cost": 4227259.02, "Plan Rows": 20, "Plan Width": 199, "Sort Key": ["(sum((lineitem.l_extendedprice * (1::double precision - lineitem.l_discount)))) DESC"], "Plans": [{"Node Type": "Aggregate", "Strategy": "Hashed", "Parent Relationship": "Outer", "Startup Cost": 4170710.47, "Total Cost": 4185169.45, "Plan Rows": 1445898, "Plan Width": 199, "Group By Key": ["customer.c_custkey", "customer.c_name", "customer.c_acctbal", "customer.c_phone", "nation.n_name", "customer.c_address", "customer.c_comment"], "Plans": [{"Node Type": "Nested Loop", "Parent Relationship": "Outer", "Join Type": "Inner", "Startup Cost": 1009296.7, "Total Cost": 4134563.02, "Plan Rows": 1445898, "Plan Width": 191, "Inner Unique": false, "Plans": [{"Node Type": "Merge Join", "Parent Relationship": "Outer", "Join Type": "Inner", "Startup Cost": 1009296.7, "Total Cost": 1017945.58, "Plan Rows": 575746, "Plan Width": 183, "Inner Unique": false, "Merge Cond": "(nation.n_nationkey = customer.c_nationkey)", "Plans": [{"Node Type": "Index Scan", "Parent Relationship": "Outer", "Scan Direction": "Forward", "Index Name": "nation_pkey", "Relation Name": "nation", "Alias": "nation", "Startup Cost": 0.0, "Total Cost": 12.62, "Plan Rows": 25, "Plan Width": 30}, {"Node Type": "Sort", "Parent Relationship": "Inner", "Startup Cost": 1009296.7, "Total Cost": 1010736.06, "Plan Rows": 575746, "Plan Width": 161, "Sort Key": ["customer.c_nationkey"], "Plans": [{"Node Type": "Merge Join", "Parent Relationship": "Outer", "Join Type": "Inner", "Startup Cost": 861062.85, "Total Cost": 954211.99, "Plan Rows": 575746, "Plan Width": 161, "Inner Unique": false, "Merge Cond": "(customer.c_custkey = orders.o_custkey)", "Plans": [{"Node Type": "Index Scan", "Parent Relationship": "Outer", "Scan Direction": "Forward", "Index Name": "customer_pkey", "Relation Name": "customer", "Alias": "customer", "Startup Cost": 0.0, "Total Cost": 80765.36, "Plan Rows": 1500000, "Plan Width": 153}, {"Node Type": "Sort", "Parent Relationship": "Inner", "Startup Cost": 861060.54, "Total Cost": 862499.9, "Plan Rows": 575746, "Plan Width": 16, "Sort Key": ["orders.o_custkey"], "Plans": [{"Node Type": "Index Scan", "Parent Relationship": "Outer", "Scan Direction": "Forward", "Index Name": "orders_pkey", "Relation Name": "orders", "Alias": "orders", "Startup Cost": 0.0, "Total Cost": 805975.83, "Plan Rows": 575746, "Plan Width": 16, "Filter": "((o_orderdate >= '1993-08-01 00:00:00'::timestamp(0) without time zone) AND (o_orderdate < '1993-11-01 00:00:00'::timestamp without time zone)), (LLVM Optimized)"}]}]}]}]}, {"Node Type": "Index Scan", "Parent Relationship": "Inner", "Scan Direction": "Forward", "Index Name": "idx_lineitem_orderkey", "Relation Name": "lineitem", "Alias": "lineitem", "Startup Cost": 0.0, "Total Cost": 5.38, "Plan Rows": 3, "Plan Width": 24, "Index Cond": "(l_orderkey = orders.o_orderkey)", "Filter": "(l_returnflag = 'R'::bpchar)"}]}]}]}]}, "Unique SQL Id": 1604070524, "Planner Runtime": 1}, "explain_analyze_plan": {"Plan": {"Node Type": "Limit", "Startup Cost": 4223644.28, "Total Cost": 4223644.33, "Plan Rows": 20, "Plan Width": 199, "Actual Startup Time": 20968.684, "Actual Total Time": 20968.69, "Actual Rows": 20, "Actual Loops": 1, "Plans": [{"Node Type": "Sort", "Parent Relationship": "Outer", "Startup Cost": 4223644.28, "Total Cost": 4227259.02, "Plan Rows": 20, "Plan Width": 199, "Actual Startup Time": 20968.68, "Actual Total Time": 20968.681, "Actual Rows": 20, "Actual Loops": 1, "Sort Key": ["(sum((lineitem.l_extendedprice * (1::double precision - lineitem.l_discount)))) DESC"], "Sort Method": "top-N heapsort", "Sort Space Used": 35, "Sort Space Type": "Memory", "Plans": [{"Node Type": "Aggregate", "Strategy": "Hashed", "Parent Relationship": "Outer", "Startup Cost": 4170710.47, "Total Cost": 4185169.45, "Plan Rows": 1445898, "Plan Width": 199, "Actual Startup Time": 20601.131, "Actual Total Time": 20834.08, "Actual Rows": 381542, "Actual Loops": 1, "Group By Key": ["customer.c_custkey", "customer.c_name", "customer.c_acctbal", "customer.c_phone", "nation.n_name", "customer.c_address", "customer.c_comment"], "Plans": [{"Node Type": "Nested Loop", "Parent Relationship": "Outer", "Join Type": "Inner", "Startup Cost": 1009296.7, "Total Cost": 4134563.02, "Plan Rows": 1445898, "Plan Width": 191, "Actual Startup Time": 11044.437, "Actual Total Time": 18852.428, "Actual Rows": 1145969, "Actual Loops": 1, "Inner Unique": false, "Plans": [{"Node Type": "Merge Join", "Parent Relationship": "Outer", "Join Type": "Inner", "Startup Cost": 1009296.7, "Total Cost": 1017945.58, "Plan Rows": 575746, "Plan Width": 183, "Actual Startup Time": 11044.321, "Actual Total Time": 11498.538, "Actual Rows": 573635, "Actual Loops": 1, "Inner Unique": false, "Merge Cond": "(nation.n_nationkey = customer.c_nationkey)", "Plans": [{"Node Type": "Index Scan", "Parent Relationship": "Outer", "Scan Direction": "Forward", "Index Name": "nation_pkey", "Relation Name": "nation", "Alias": "nation", "Startup Cost": 0.0, "Total Cost": 12.62, "Plan Rows": 25, "Plan Width": 30, "Actual Startup Time": 0.02, "Actual Total Time": 0.09, "Actual Rows": 25, "Actual Loops": 1}, {"Node Type": "Sort", "Parent Relationship": "Inner", "Startup Cost": 1009296.7, "Total Cost": 1010736.06, "Plan Rows": 575746, "Plan Width": 161, "Actual Startup Time": 11044.275, "Actual Total Time": 11228.32, "Actual Rows": 573635, "Actual Loops": 1, "Sort Key": ["customer.c_nationkey"], "Sort Method": "quicksort", "Sort Space Used": 185911, "Sort Space Type": "Memory", "Plans": [{"Node Type": "Merge Join", "Parent Relationship": "Outer", "Join Type": "Inner", "Startup Cost": 861062.85, "Total Cost": 954211.99, "Plan Rows": 575746, "Plan Width": 161, "Actual Startup Time": 9281.667, "Actual Total Time": 10773.665, "Actual Rows": 573635, "Actual Loops": 1, "Inner Unique": false, "Merge Cond": "(customer.c_custkey = orders.o_custkey)", "Plans": [{"Node Type": "Index Scan", "Parent Relationship": "Outer", "Scan Direction": "Forward", "Index Name": "customer_pkey", "Relation Name": "customer", "Alias": "customer", "Startup Cost": 0.0, "Total Cost": 80765.36, "Plan Rows": 1500000, "Plan Width": 153, "Actual Startup Time": 0.021, "Actual Total Time": 876.148, "Actual Rows": 1499999, "Actual Loops": 1}, {"Node Type": "Sort", "Parent Relationship": "Inner", "Startup Cost": 861060.54, "Total Cost": 862499.9, "Plan Rows": 575746, "Plan Width": 16, "Actual Startup Time": 9281.626, "Actual Total Time": 9426.566, "Actual Rows": 573635, "Actual Loops": 1, "Sort Key": ["orders.o_custkey"], "Sort Method": "quicksort", "Sort Space Used": 78355, "Sort Space Type": "Memory", "Plans": [{"Node Type": "Index Scan", "Parent Relationship": "Outer", "Scan Direction": "Forward", "Index Name": "orders_pkey", "Relation Name": "orders", "Alias": "orders", "Startup Cost": 0.0, "Total Cost": 805975.83, "Plan Rows": 575746, "Plan Width": 16, "Actual Startup Time": 0.032, "Actual Total Time": 9018.692, "Actual Rows": 573635, "Actual Loops": 1, "Filter": "((o_orderdate >= '1993-08-01 00:00:00'::timestamp(0) without time zone) AND (o_orderdate < '1993-11-01 00:00:00'::timestamp without time zone)), (LLVM Optimized, Jit Execute)", "Rows Removed by Filter": 14426365}]}]}]}]}, {"Node Type": "Index Scan", "Parent Relationship": "Inner", "Scan Direction": "Forward", "Index Name": "idx_lineitem_orderkey", "Relation Name": "lineitem", "Alias": "lineitem", "Startup Cost": 0.0, "Total Cost": 5.38, "Plan Rows": 3, "Plan Width": 24, "Actual Startup Time": 5475.528, "Actual Total Time": 6752.416, "Actual Rows": 1145969, "Actual Loops": 573635, "Index Cond": "(l_orderkey = orders.o_orderkey)", "Rows Removed by Index Recheck": 0, "Filter": "(l_returnflag = 'R'::bpchar)", "Rows Removed by Filter": 1146896}]}]}]}]}, "Triggers": [], "Planner Runtime": 1, "Total Runtime": 20978.56, "Unique SQL Id": 1604070524}}, "(64, 30)": {"explain_plan": {"Plan": {"Node Type": "Limit", "Startup Cost": 5010176.71, "Total Cost": 5010176.76, "Plan Rows": 20, "Plan Width": 199, "Plans": [{"Node Type": "Sort", "Parent Relationship": "Outer", "Startup Cost": 5010176.71, "Total Cost": 5013791.45, "Plan Rows": 20, "Plan Width": 199, "Sort Key": ["(sum((lineitem.l_extendedprice * (1::double precision - lineitem.l_discount)))) DESC"], "Plans": [{"Node Type": "Aggregate", "Strategy": "Hashed", "Parent Relationship": "Outer", "Startup Cost": 4957242.9, "Total Cost": 4971701.88, "Plan Rows": 1445898, "Plan Width": 199, "Group By Key": ["customer.c_custkey", "customer.c_name", "customer.c_acctbal", "customer.c_phone", "nation.n_name", "customer.c_address", "customer.c_comment"], "Plans": [{"Node Type": "Merge Join", "Parent Relationship": "Outer", "Join Type": "Inner", "Startup Cost": 4829583.01, "Total Cost": 4921095.45, "Plan Rows": 1445898, "Plan Width": 191, "Inner Unique": false, "Merge Cond": "(orders.o_orderkey = lineitem.l_orderkey)", "Plans": [{"Node Type": "Sort", "Parent Relationship": "Outer", "Startup Cost": 897439.53, "Total Cost": 898878.9, "Plan Rows": 575746, "Plan Width": 183, "Sort Key": ["orders.o_orderkey"], "Plans": [{"Node Type": "Merge Join", "Parent Relationship": "Outer", "Join Type": "Inner", "Startup Cost": 833718.51, "Total Cost": 842354.83, "Plan Rows": 575746, "Plan Width": 183, "Inner Unique": false, "Merge Cond": "(nation.n_nationkey = customer.c_nationkey)", "Plans": [{"Node Type": "Sort", "Parent Relationship": "Outer", "Startup Cost": 1.83, "Total Cost": 1.89, "Plan Rows": 25, "Plan Width": 30, "Sort Key": ["nation.n_nationkey"], "Plans": [{"Node Type": "Seq Scan", "Parent Relationship": "Outer", "Relation Name": "nation", "Alias": "nation", "Startup Cost": 0.0, "Total Cost": 1.25, "Plan Rows": 25, "Plan Width": 30}]}, {"Node Type": "Sort", "Parent Relationship": "Inner", "Startup Cost": 833716.68, "Total Cost": 835156.05, "Plan Rows": 575746, "Plan Width": 161, "Sort Key": ["customer.c_nationkey"], "Plans": [{"Node Type": "Merge Join", "Parent Relationship": "Outer", "Join Type": "Inner", "Startup Cost": 762496.08, "Total Cost": 778631.97, "Plan Rows": 575746, "Plan Width": 161, "Inner Unique": false, "Merge Cond": "(customer.c_custkey = orders.o_custkey)", "Plans": [{"Node Type": "Sort", "Parent Relationship": "Outer", "Startup Cost": 205999.98, "Total Cost": 209749.98, "Plan Rows": 1500000, "Plan Width": 153, "Sort Key": ["customer.c_custkey"], "Plans": [{"Node Type": "Seq Scan", "Parent Relationship": "Outer", "Relation Name": "customer", "Alias": "customer", "Startup Cost": 0.0, "Total Cost": 52126.0, "Plan Rows": 1500000, "Plan Width": 153}]}, {"Node Type": "Sort", "Parent Relationship": "Inner", "Startup Cost": 556495.89, "Total Cost": 557935.26, "Plan Rows": 575746, "Plan Width": 16, "Sort Key": ["orders.o_custkey"], "Plans": [{"Node Type": "Seq Scan", "Parent Relationship": "Outer", "Relation Name": "orders", "Alias": "orders", "Startup Cost": 578.97, "Total Cost": 501411.18, "Plan Rows": 575746, "Plan Width": 16, "Filter": "((o_orderdate >= '1993-08-01 00:00:00'::timestamp(0) without time zone) AND (o_orderdate < '1993-11-01 00:00:00'::timestamp without time zone)), (LLVM Optimized)"}]}]}]}]}]}, {"Node Type": "Sort", "Parent Relationship": "Inner", "Startup Cost": 3932143.37, "Total Cost": 3969231.39, "Plan Rows": 14835209, "Plan Width": 24, "Sort Key": ["lineitem.l_orderkey"], "Plans": [{"Node Type": "Seq Scan", "Parent Relationship": "Outer", "Relation Name": "lineitem", "Alias": "lineitem", "Startup Cost": 0.0, "Total Cost": 2165082.91, "Plan Rows": 14835209, "Plan Width": 24, "Filter": "(l_returnflag = 'R'::bpchar), (LLVM Optimized)"}]}]}]}]}]}, "Unique SQL Id": 1604070524, "Planner Runtime": 1}, "explain_analyze_plan": {"Plan": {"Node Type": "Limit", "Startup Cost": 5010176.71, "Total Cost": 5010176.76, "Plan Rows": 20, "Plan Width": 199, "Actual Startup Time": 41816.952, "Actual Total Time": 41816.959, "Actual Rows": 20, "Actual Loops": 1, "Plans": [{"Node Type": "Sort", "Parent Relationship": "Outer", "Startup Cost": 5010176.71, "Total Cost": 5013791.45, "Plan Rows": 20, "Plan Width": 199, "Actual Startup Time": 41816.949, "Actual Total Time": 41816.953, "Actual Rows": 20, "Actual Loops": 1, "Sort Key": ["(sum((lineitem.l_extendedprice * (1::double precision - lineitem.l_discount)))) DESC"], "Sort Method": "top-N heapsort", "Sort Space Used": 35, "Sort Space Type": "Memory", "Plans": [{"Node Type": "Aggregate", "Strategy": "Hashed", "Parent Relationship": "Outer", "Startup Cost": 4957242.9, "Total Cost": 4971701.88, "Plan Rows": 1445898, "Plan Width": 199, "Actual Startup Time": 41484.721, "Actual Total Time": 41684.084, "Actual Rows": 381542, "Actual Loops": 1, "Group By Key": ["customer.c_custkey", "customer.c_name", "customer.c_acctbal", "customer.c_phone", "nation.n_name", "customer.c_address", "customer.c_comment"], "Plans": [{"Node Type": "Merge Join", "Parent Relationship": "Outer", "Join Type": "Inner", "Startup Cost": 4829583.01, "Total Cost": 4921095.45, "Plan Rows": 1445898, "Plan Width": 191, "Actual Startup Time": 35317.07, "Actual Total Time": 39852.0, "Actual Rows": 1145969, "Actual Loops": 1, "Inner Unique": false, "Merge Cond": "(orders.o_orderkey = lineitem.l_orderkey)", "Plans": [{"Node Type": "Sort", "Parent Relationship": "Outer", "Startup Cost": 897439.53, "Total Cost": 898878.9, "Plan Rows": 575746, "Plan Width": 183, "Actual Startup Time": 7938.57, "Actual Total Time": 8065.911, "Actual Rows": 573635, "Actual Loops": 1, "Sort Key": ["orders.o_orderkey"], "Sort Method": "quicksort", "Sort Space Used": 199246, "Sort Space Type": "Memory", "Plans": [{"Node Type": "Merge Join", "Parent Relationship": "Outer", "Join Type": "Inner", "Startup Cost": 833718.51, "Total Cost": 842354.83, "Plan Rows": 575746, "Plan Width": 183, "Actual Startup Time": 7315.171, "Actual Total Time": 7612.354, "Actual Rows": 573635, "Actual Loops": 1, "Inner Unique": false, "Merge Cond": "(nation.n_nationkey = customer.c_nationkey)", "Plans": [{"Node Type": "Sort", "Parent Relationship": "Outer", "Startup Cost": 1.83, "Total Cost": 1.89, "Plan Rows": 25, "Plan Width": 30, "Actual Startup Time": 0.049, "Actual Total Time": 0.058, "Actual Rows": 25, "Actual Loops": 1, "Sort Key": ["nation.n_nationkey"], "Sort Method": "quicksort", "Sort Space Used": 27, "Sort Space Type": "Memory", "Plans": [{"Node Type": "Seq Scan", "Parent Relationship": "Outer", "Relation Name": "nation", "Alias": "nation", "Startup Cost": 0.0, "Total Cost": 1.25, "Plan Rows": 25, "Plan Width": 30, "Actual Startup Time": 0.025, "Actual Total Time": 0.031, "Actual Rows": 25, "Actual Loops": 1}]}, {"Node Type": "Sort", "Parent Relationship": "Inner", "Startup Cost": 833716.68, "Total Cost": 835156.05, "Plan Rows": 575746, "Plan Width": 161, "Actual Startup Time": 7315.101, "Actual Total Time": 7409.824, "Actual Rows": 573635, "Actual Loops": 1, "Sort Key": ["customer.c_nationkey"], "Sort Method": "quicksort", "Sort Space Used": 185911, "Sort Space Type": "Memory", "Plans": [{"Node Type": "Merge Join", "Parent Relationship": "Outer", "Join Type": "Inner", "Startup Cost": 762496.08, "Total Cost": 778631.97, "Plan Rows": 575746, "Plan Width": 161, "Actual Startup Time": 6233.623, "Actual Total Time": 7058.294, "Actual Rows": 573635, "Actual Loops": 1, "Inner Unique": false, "Merge Cond": "(customer.c_custkey = orders.o_custkey)", "Plans": [{"Node Type": "Sort", "Parent Relationship": "Outer", "Startup Cost": 205999.98, "Total Cost": 209749.98, "Plan Rows": 1500000, "Plan Width": 153, "Actual Startup Time": 1199.137, "Actual Total Time": 1419.885, "Actual Rows": 1499999, "Actual Loops": 1, "Sort Key": ["customer.c_custkey"], "Sort Method": "quicksort", "Sort Space Used": 470340, "Sort Space Type": "Memory", "Plans": [{"Node Type": "Seq Scan", "Parent Relationship": "Outer", "Relation Name": "customer", "Alias": "customer", "Startup Cost": 0.0, "Total Cost": 52126.0, "Plan Rows": 1500000, "Plan Width": 153, "Actual Startup Time": 0.012, "Actual Total Time": 538.882, "Actual Rows": 1500000, "Actual Loops": 1}]}, {"Node Type": "Sort", "Parent Relationship": "Inner", "Startup Cost": 556495.89, "Total Cost": 557935.26, "Plan Rows": 575746, "Plan Width": 16, "Actual Startup Time": 5034.465, "Actual Total Time": 5159.81, "Actual Rows": 573635, "Actual Loops": 1, "Sort Key": ["orders.o_custkey"], "Sort Method": "quicksort", "Sort Space Used": 78355, "Sort Space Type": "Memory", "Plans": [{"Node Type": "Seq Scan", "Parent Relationship": "Outer", "Relation Name": "orders", "Alias": "orders", "Startup Cost": 578.97, "Total Cost": 501411.18, "Plan Rows": 575746, "Plan Width": 16, "Actual Startup Time": 0.042, "Actual Total Time": 4791.79, "Actual Rows": 573635, "Actual Loops": 1, "Filter": "((o_orderdate >= '1993-08-01 00:00:00'::timestamp(0) without time zone) AND (o_orderdate < '1993-11-01 00:00:00'::timestamp without time zone)), (LLVM Optimized, Jit Execute)", "Rows Removed by Filter": 14426365}]}]}]}]}]}, {"Node Type": "Sort", "Parent Relationship": "Inner", "Startup Cost": 3932143.37, "Total Cost": 3969231.39, "Plan Rows": 14835209, "Plan Width": 24, "Actual Startup Time": 27378.463, "Actual Total Time": 29100.418, "Actual Rows": 14808182, "Actual Loops": 1, "Sort Key": ["lineitem.l_orderkey"], "Sort Method": "quicksort", "Sort Space Used": 1781484, "Sort Space Type": "Memory", "Plans": [{"Node Type": "Seq Scan", "Parent Relationship": "Outer", "Relation Name": "lineitem", "Alias": "lineitem", "Startup Cost": 0.0, "Total Cost": 2165082.91, "Plan Rows": 14835209, "Plan Width": 24, "Actual Startup Time": 0.05, "Actual Total Time": 22470.144, "Actual Rows": 14808183, "Actual Loops": 1, "Filter": "(l_returnflag = 'R'::bpchar), (LLVM Optimized, Jit Execute)", "Rows Removed by Filter": 45177869}]}]}]}]}]}, "Triggers": [], "Planner Runtime": 1, "Total Runtime": 41827.017, "Unique SQL Id": 1604070524}}, "(64, 31)": {"explain_plan": {"Plan": {"Node Type": "Limit", "Startup Cost": 4032944945746.96, "Total Cost": 4032944945747.01, "Plan Rows": 20, "Plan Width": 199, "Plans": [{"Node Type": "Sort", "Parent Relationship": "Outer", "Startup Cost": 4032944945746.96, "Total Cost": 4032944949361.7, "Plan Rows": 20, "Plan Width": 199, "Sort Key": ["(sum((lineitem.l_extendedprice * (1::double precision - lineitem.l_discount)))) DESC"], "Plans": [{"Node Type": "Aggregate", "Strategy": "Hashed", "Parent Relationship": "Outer", "Startup Cost": 4032944892813.15, "Total Cost": 4032944907272.13, "Plan Rows": 1445898, "Plan Width": 199, "Group By Key": ["customer.c_custkey", "customer.c_name", "customer.c_acctbal", "customer.c_phone", "nation.n_name", "customer.c_address", "customer.c_comment"], "Plans": [{"Node Type": "Nested Loop", "Parent Relationship": "Outer", "Join Type": "Inner", "Startup Cost": 40036112613.17, "Total Cost": 4032944856665.7, "Plan Rows": 1445898, "Plan Width": 191, "Inner Unique": false, "Join Filter": "(customer.c_custkey = orders.o_custkey), (LLVM Optimized)", "Plans": [{"Node Type": "Nested Loop", "Parent Relationship": "Outer", "Join Type": "Inner", "Startup Cost": 20000000000.0, "Total Cost": 2000008640298.18, "Plan Rows": 1500000, "Plan Width": 175, "Inner Unique": true, "Join Filter": "(customer.c_nationkey = nation.n_nationkey), (LLVM Optimized)", "Plans": [{"Node Type": "Index Scan", "Parent Relationship": "Outer", "Scan Direction": "Forward", "Index Name": "customer_pkey", "Relation Name": "customer", "Alias": "customer", "Startup Cost": 10000000000.0, "Total Cost": 1000008076535.62, "Plan Rows": 1500000, "Plan Width": 153}, {"Node Type": "Materialize", "Parent Relationship": "Inner", "Startup Cost": 10000000000.0, "Total Cost": 1000000001262.62, "Plan Rows": 25, "Plan Width": 30, "Plans": [{"Node Type": "Index Scan", "Parent Relationship": "Outer", "Scan Direction": "Forward", "Index Name": "nation_pkey", "Relation Name": "nation", "Alias": "nation", "Startup Cost": 10000000000.0, "Total Cost": 1000000001262.5, "Plan Rows": 25, "Plan Width": 30}]}]}, {"Node Type": "Materialize", "Parent Relationship": "Inner", "Startup Cost": 20036112613.17, "Total Cost": 2000403514982.26, "Plan Rows": 1445898, "Plan Width": 24, "Plans": [{"Node Type": "Merge Join", "Parent Relationship": "Outer", "Join Type": "Inner", "Startup Cost": 20036112613.17, "Total Cost": 2000403507752.77, "Plan Rows": 1445898, "Plan Width": 24, "Inner Unique": false, "Merge Cond": "(orders.o_orderkey = lineitem.l_orderkey)", "Plans": [{"Node Type": "Index Scan", "Parent Relationship": "Outer", "Scan Direction": "Forward", "Index Name": "orders_pkey", "Relation Name": "orders", "Alias": "orders", "Startup Cost": 10000000000.0, "Total Cost": 1000080597583.0, "Plan Rows": 575746, "Plan Width": 16, "Filter": "((o_orderdate >= '1993-08-01 00:00:00'::timestamp(0) without time zone) AND (o_orderdate < '1993-11-01 00:00:00'::timestamp without time zone)), (LLVM Optimized)"}, {"Node Type": "Index Scan", "Parent Relationship": "Inner", "Scan Direction": "Forward", "Index Name": "idx_lineitem_orderkey", "Relation Name": "lineitem", "Alias": "lineitem", "Startup Cost": 10000000000.0, "Total Cost": 1000339012132.75, "Plan Rows": 14835209, "Plan Width": 24, "Filter": "(l_returnflag = 'R'::bpchar), (LLVM Optimized)"}]}]}]}]}]}]}, "Unique SQL Id": 1604070524, "Planner Runtime": 1}, "explain_analyze_plan": null}, "(64, 32)": {"explain_plan": {"Plan": {"Node Type": "Limit", "Startup Cost": 2741876.6, "Total Cost": 2741876.65, "Plan Rows": 20, "Plan Width": 199, "Plans": [{"Node Type": "Sort", "Parent Relationship": "Outer", "Startup Cost": 2741876.6, "Total Cost": 2745491.35, "Plan Rows": 20, "Plan Width": 199, "Sort Key": ["(sum((lineitem.l_extendedprice * (1::double precision - lineitem.l_discount)))) DESC"], "Plans": [{"Node Type": "Aggregate", "Strategy": "Hashed", "Parent Relationship": "Outer", "Startup Cost": 2688942.8, "Total Cost": 2703401.78, "Plan Rows": 1445898, "Plan Width": 199, "Group By Key": ["customer.c_custkey", "customer.c_name", "customer.c_acctbal", "customer.c_phone", "nation.n_name", "customer.c_address", "customer.c_comment"], "Plans": [{"Node Type": "Hash Join", "Parent Relationship": "Outer", "Join Type": "Inner", "Startup Cost": 377859.22, "Total Cost": 2652795.35, "Plan Rows": 1445898, "Plan Width": 191, "Inner Unique": true, "Hash Cond": "(customer.c_nationkey = nation.n_nationkey), (LLVM Optimized)", "Plans": [{"Node Type": "Hash Join", "Parent Relationship": "Outer", "Join Type": "Inner", "Startup Cost": 377857.66, "Total Cost": 2632912.69, "Plan Rows": 1445898, "Plan Width": 169, "Inner Unique": true, "Hash Cond": "(orders.o_custkey = customer.c_custkey), (LLVM Optimized)", "Plans": [{"Node Type": "Hash Join", "Parent Relationship": "Outer", "Join Type": "Inner", "Startup Cost": 306981.66, "Total Cost": 2542155.59, "Plan Rows": 1445898, "Plan Width": 24, "Inner Unique": true, "Hash Cond": "(lineitem.l_orderkey = orders.o_orderkey), (LLVM Optimized)", "Plans": [{"Node Type": "Seq Scan", "Parent Relationship": "Outer", "Relation Name": "lineitem", "Alias": "lineitem", "Startup Cost": 0.0, "Total Cost": 2165082.91, "Plan Rows": 14835209, "Plan Width": 24, "Filter": "(l_returnflag = 'R'::bpchar), (LLVM Optimized)"}, {"Node Type": "Hash", "Parent Relationship": "Inner", "Startup Cost": 299784.84, "Total Cost": 299784.84, "Plan Rows": 575746, "Plan Width": 16, "Plans": [{"Node Type": "Bitmap Heap Scan", "Parent Relationship": "Outer", "Relation Name": "orders", "Alias": "orders", "Startup Cost": 14729.65, "Total Cost": 299784.84, "Plan Rows": 575746, "Plan Width": 16, "Recheck Cond": "((o_orderdate >= '1993-08-01 00:00:00'::timestamp(0) without time zone) AND (o_orderdate < '1993-11-01 00:00:00'::timestamp without time zone)), (LLVM Optimized)", "Plans": [{"Node Type": "Bitmap Index Scan", "Parent Relationship": "Outer", "Index Name": "idx_orders_orderdate", "Startup Cost": 0.0, "Total Cost": 14585.71, "Plan Rows": 575746, "Plan Width": 0, "Index Cond": "((o_orderdate >= '1993-08-01 00:00:00'::timestamp(0) without time zone) AND (o_orderdate < '1993-11-01 00:00:00'::timestamp without time zone))"}]}]}]}, {"Node Type": "Hash", "Parent Relationship": "Inner", "Startup Cost": 52126.0, "Total Cost": 52126.0, "Plan Rows": 1500000, "Plan Width": 153, "Plans": [{"Node Type": "Seq Scan", "Parent Relationship": "Outer", "Relation Name": "customer", "Alias": "customer", "Startup Cost": 0.0, "Total Cost": 52126.0, "Plan Rows": 1500000, "Plan Width": 153}]}]}, {"Node Type": "Hash", "Parent Relationship": "Inner", "Startup Cost": 1.25, "Total Cost": 1.25, "Plan Rows": 25, "Plan Width": 30, "Plans": [{"Node Type": "Seq Scan", "Parent Relationship": "Outer", "Relation Name": "nation", "Alias": "nation", "Startup Cost": 0.0, "Total Cost": 1.25, "Plan Rows": 25, "Plan Width": 30}]}]}]}]}]}, "Unique SQL Id": 1604070524, "Planner Runtime": 1}, "explain_analyze_plan": {"Plan": {"Node Type": "Limit", "Startup Cost": 2741876.6, "Total Cost": 2741876.65, "Plan Rows": 20, "Plan Width": 199, "Actual Startup Time": 32209.202, "Actual Total Time": 32209.207, "Actual Rows": 20, "Actual Loops": 1, "Plans": [{"Node Type": "Sort", "Parent Relationship": "Outer", "Startup Cost": 2741876.6, "Total Cost": 2745491.35, "Plan Rows": 20, "Plan Width": 199, "Actual Startup Time": 32209.199, "Actual Total Time": 32209.201, "Actual Rows": 20, "Actual Loops": 1, "Sort Key": ["(sum((lineitem.l_extendedprice * (1::double precision - lineitem.l_discount)))) DESC"], "Sort Method": "top-N heapsort", "Sort Space Used": 35, "Sort Space Type": "Memory", "Plans": [{"Node Type": "Aggregate", "Strategy": "Hashed", "Parent Relationship": "Outer", "Startup Cost": 2688942.8, "Total Cost": 2703401.78, "Plan Rows": 1445898, "Plan Width": 199, "Actual Startup Time": 31864.123, "Actual Total Time": 32074.823, "Actual Rows": 381542, "Actual Loops": 1, "Group By Key": ["customer.c_custkey", "customer.c_name", "customer.c_acctbal", "customer.c_phone", "nation.n_name", "customer.c_address", "customer.c_comment"], "Plans": [{"Node Type": "Hash Join", "Parent Relationship": "Outer", "Join Type": "Inner", "Startup Cost": 377859.22, "Total Cost": 2652795.35, "Plan Rows": 1445898, "Plan Width": 191, "Actual Startup Time": 2369.806, "Actual Total Time": 30028.378, "Actual Rows": 1145969, "Actual Loops": 1, "Inner Unique": true, "Hash Cond": "(customer.c_nationkey = nation.n_nationkey), (LLVM Optimized, Jit Execute)", "Plans": [{"Node Type": "Hash Join", "Parent Relationship": "Outer", "Join Type": "Inner", "Startup Cost": 377857.66, "Total Cost": 2632912.69, "Plan Rows": 1445898, "Plan Width": 169, "Actual Startup Time": 2369.707, "Actual Total Time": 29557.817, "Actual Rows": 1145969, "Actual Loops": 1, "Inner Unique": true, "Hash Cond": "(orders.o_custkey = customer.c_custkey), (LLVM Optimized, Jit Execute)", "Plans": [{"Node Type": "Hash Join", "Parent Relationship": "Outer", "Join Type": "Inner", "Startup Cost": 306981.66, "Total Cost": 2542155.59, "Plan Rows": 1445898, "Plan Width": 24, "Actual Startup Time": 1138.289, "Actual Total Time": 27567.336, "Actual Rows": 1145969, "Actual Loops": 1, "Inner Unique": true, "Hash Cond": "(lineitem.l_orderkey = orders.o_orderkey), (LLVM Optimized, Jit Execute)", "Plans": [{"Node Type": "Seq Scan", "Parent Relationship": "Outer", "Relation Name": "lineitem", "Alias": "lineitem", "Startup Cost": 0.0, "Total Cost": 2165082.91, "Plan Rows": 14835209, "Plan Width": 24, "Actual Startup Time": 0.018, "Actual Total Time": 22010.703, "Actual Rows": 14808183, "Actual Loops": 1, "Filter": "(l_returnflag = 'R'::bpchar), (LLVM Optimized, Jit Execute)", "Rows Removed by Filter": 45177869}, {"Node Type": "Hash", "Parent Relationship": "Inner", "Startup Cost": 299784.84, "Total Cost": 299784.84, "Plan Rows": 575746, "Plan Width": 16, "Actual Startup Time": 1137.516, "Actual Total Time": 1137.516, "Actual Rows": 573635, "Actual Loops": 1, "Hash Buckets": 1048576, "Hash Batches": 1, "Original Hash Batches": 1, "Peak Memory Usage": 26890, "Plans": [{"Node Type": "Bitmap Heap Scan", "Parent Relationship": "Outer", "Relation Name": "orders", "Alias": "orders", "Startup Cost": 14729.65, "Total Cost": 299784.84, "Plan Rows": 575746, "Plan Width": 16, "Actual Startup Time": 246.943, "Actual Total Time": 931.513, "Actual Rows": 573635, "Actual Loops": 1, "Recheck Cond": "((o_orderdate >= '1993-08-01 00:00:00'::timestamp(0) without time zone) AND (o_orderdate < '1993-11-01 00:00:00'::timestamp without time zone)), (LLVM Optimized, Jit Execute)", "Rows Removed by Index Recheck": 0, "Exact Heap Blocks": 242860, "Lossy Heap Blocks": 242860, "Plans": [{"Node Type": "Bitmap Index Scan", "Parent Relationship": "Outer", "Index Name": "idx_orders_orderdate", "Startup Cost": 0.0, "Total Cost": 14585.71, "Plan Rows": 575746, "Plan Width": 0, "Actual Startup Time": 168.553, "Actual Total Time": 168.553, "Actual Rows": 573635, "Actual Loops": 1, "Index Cond": "((o_orderdate >= '1993-08-01 00:00:00'::timestamp(0) without time zone) AND (o_orderdate < '1993-11-01 00:00:00'::timestamp without time zone))"}]}]}]}, {"Node Type": "Hash", "Parent Relationship": "Inner", "Startup Cost": 52126.0, "Total Cost": 52126.0, "Plan Rows": 1500000, "Plan Width": 153, "Actual Startup Time": 1230.084, "Actual Total Time": 1230.084, "Actual Rows": 1500000, "Actual Loops": 1, "Hash Buckets": 2097152, "Hash Batches": 1, "Original Hash Batches": 1, "Peak Memory Usage": 282695, "Plans": [{"Node Type": "Seq Scan", "Parent Relationship": "Outer", "Relation Name": "customer", "Alias": "customer", "Startup Cost": 0.0, "Total Cost": 52126.0, "Plan Rows": 1500000, "Plan Width": 153, "Actual Startup Time": 0.017, "Actual Total Time": 575.693, "Actual Rows": 1500000, "Actual Loops": 1}]}]}, {"Node Type": "Hash", "Parent Relationship": "Inner", "Startup Cost": 1.25, "Total Cost": 1.25, "Plan Rows": 25, "Plan Width": 30, "Actual Startup Time": 0.052, "Actual Total Time": 0.052, "Actual Rows": 25, "Actual Loops": 1, "Hash Buckets": 32768, "Hash Batches": 1, "Original Hash Batches": 1, "Peak Memory Usage": 2, "Plans": [{"Node Type": "Seq Scan", "Parent Relationship": "Outer", "Relation Name": "nation", "Alias": "nation", "Startup Cost": 0.0, "Total Cost": 1.25, "Plan Rows": 25, "Plan Width": 30, "Actual Startup Time": 0.024, "Actual Total Time": 0.03, "Actual Rows": 25, "Actual Loops": 1}]}]}]}]}]}, "Triggers": [], "Planner Runtime": 1, "Total Runtime": 32220.436, "Unique SQL Id": 1604070524}}, "(64, 33)": {"explain_plan": {"Plan": {"Node Type": "Limit", "Startup Cost": 3620844.85, "Total Cost": 3620844.9, "Plan Rows": 20, "Plan Width": 199, "Plans": [{"Node Type": "Sort", "Parent Relationship": "Outer", "Startup Cost": 3620844.85, "Total Cost": 3624459.59, "Plan Rows": 20, "Plan Width": 199, "Sort Key": ["(sum((lineitem.l_extendedprice * (1::double precision - lineitem.l_discount)))) DESC"], "Plans": [{"Node Type": "Aggregate", "Strategy": "Hashed", "Parent Relationship": "Outer", "Startup Cost": 3567911.04, "Total Cost": 3582370.02, "Plan Rows": 1445898, "Plan Width": 199, "Group By Key": ["customer.c_custkey", "customer.c_name", "customer.c_acctbal", "customer.c_phone", "nation.n_name", "customer.c_address", "customer.c_comment"], "Plans": [{"Node Type": "Nested Loop", "Parent Relationship": "Outer", "Join Type": "Inner", "Startup Cost": 114257.94, "Total Cost": 3531763.59, "Plan Rows": 1445898, "Plan Width": 191, "Inner Unique": false, "Plans": [{"Node Type": "Hash Join", "Parent Relationship": "Outer", "Join Type": "Inner", "Startup Cost": 114257.94, "Total Cost": 415146.15, "Plan Rows": 575746, "Plan Width": 183, "Inner Unique": true, "Hash Cond": "(customer.c_nationkey = nation.n_nationkey), (LLVM Optimized)", "Plans": [{"Node Type": "Hash Join", "Parent Relationship": "Outer", "Join Type": "Inner", "Startup Cost": 114245.0, "Total Cost": 407216.7, "Plan Rows": 575746, "Plan Width": 161, "Inner Unique": true, "Hash Cond": "(orders.o_custkey = customer.c_custkey), (LLVM Optimized)", "Plans": [{"Node Type": "Bitmap Heap Scan", "Parent Relationship": "Outer", "Relation Name": "orders", "Alias": "orders", "Startup Cost": 14729.65, "Total Cost": 299784.84, "Plan Rows": 575746, "Plan Width": 16, "Recheck Cond": "((o_orderdate >= '1993-08-01 00:00:00'::timestamp(0) without time zone) AND (o_orderdate < '1993-11-01 00:00:00'::timestamp without time zone)), (LLVM Optimized)", "Plans": [{"Node Type": "Bitmap Index Scan", "Parent Relationship": "Outer", "Index Name": "idx_orders_orderdate", "Startup Cost": 0.0, "Total Cost": 14585.71, "Plan Rows": 575746, "Plan Width": 0, "Index Cond": "((o_orderdate >= '1993-08-01 00:00:00'::timestamp(0) without time zone) AND (o_orderdate < '1993-11-01 00:00:00'::timestamp without time zone))"}]}, {"Node Type": "Hash", "Parent Relationship": "Inner", "Startup Cost": 80765.36, "Total Cost": 80765.36, "Plan Rows": 1500000, "Plan Width": 153, "Plans": [{"Node Type": "Index Scan", "Parent Relationship": "Outer", "Scan Direction": "Forward", "Index Name": "customer_pkey", "Relation Name": "customer", "Alias": "customer", "Startup Cost": 0.0, "Total Cost": 80765.36, "Plan Rows": 1500000, "Plan Width": 153}]}]}, {"Node Type": "Hash", "Parent Relationship": "Inner", "Startup Cost": 12.62, "Total Cost": 12.62, "Plan Rows": 25, "Plan Width": 30, "Plans": [{"Node Type": "Index Scan", "Parent Relationship": "Outer", "Scan Direction": "Forward", "Index Name": "nation_pkey", "Relation Name": "nation", "Alias": "nation", "Startup Cost": 0.0, "Total Cost": 12.62, "Plan Rows": 25, "Plan Width": 30}]}]}, {"Node Type": "Index Scan", "Parent Relationship": "Inner", "Scan Direction": "Forward", "Index Name": "idx_lineitem_orderkey", "Relation Name": "lineitem", "Alias": "lineitem", "Startup Cost": 0.0, "Total Cost": 5.38, "Plan Rows": 3, "Plan Width": 24, "Index Cond": "(l_orderkey = orders.o_orderkey)", "Filter": "(l_returnflag = 'R'::bpchar)"}]}]}]}]}, "Unique SQL Id": 1604070524, "Planner Runtime": 1}, "explain_analyze_plan": {"Plan": {"Node Type": "Limit", "Startup Cost": 3620844.85, "Total Cost": 3620844.9, "Plan Rows": 20, "Plan Width": 199, "Actual Startup Time": 14387.497, "Actual Total Time": 14387.505, "Actual Rows": 20, "Actual Loops": 1, "Plans": [{"Node Type": "Sort", "Parent Relationship": "Outer", "Startup Cost": 3620844.85, "Total Cost": 3624459.59, "Plan Rows": 20, "Plan Width": 199, "Actual Startup Time": 14387.494, "Actual Total Time": 14387.499, "Actual Rows": 20, "Actual Loops": 1, "Sort Key": ["(sum((lineitem.l_extendedprice * (1::double precision - lineitem.l_discount)))) DESC"], "Sort Method": "top-N heapsort", "Sort Space Used": 35, "Sort Space Type": "Memory", "Plans": [{"Node Type": "Aggregate", "Strategy": "Hashed", "Parent Relationship": "Outer", "Startup Cost": 3567911.04, "Total Cost": 3582370.02, "Plan Rows": 1445898, "Plan Width": 199, "Actual Startup Time": 13987.265, "Actual Total Time": 14250.402, "Actual Rows": 381542, "Actual Loops": 1, "Group By Key": ["customer.c_custkey", "customer.c_name", "customer.c_acctbal", "customer.c_phone", "nation.n_name", "customer.c_address", "customer.c_comment"], "Plans": [{"Node Type": "Nested Loop", "Parent Relationship": "Outer", "Join Type": "Inner", "Startup Cost": 114257.94, "Total Cost": 3531763.59, "Plan Rows": 1445898, "Plan Width": 191, "Actual Startup Time": 2091.725, "Actual Total Time": 12053.267, "Actual Rows": 1145969, "Actual Loops": 1, "Inner Unique": false, "Plans": [{"Node Type": "Hash Join", "Parent Relationship": "Outer", "Join Type": "Inner", "Startup Cost": 114257.94, "Total Cost": 415146.15, "Plan Rows": 575746, "Plan Width": 183, "Actual Startup Time": 2091.656, "Actual Total Time": 3938.306, "Actual Rows": 573635, "Actual Loops": 1, "Inner Unique": true, "Hash Cond": "(customer.c_nationkey = nation.n_nationkey), (LLVM Optimized, Jit Execute)", "Plans": [{"Node Type": "Hash Join", "Parent Relationship": "Outer", "Join Type": "Inner", "Startup Cost": 114245.0, "Total Cost": 407216.7, "Plan Rows": 575746, "Plan Width": 161, "Actual Startup Time": 2091.556, "Actual Total Time": 3685.233, "Actual Rows": 573635, "Actual Loops": 1, "Inner Unique": true, "Hash Cond": "(orders.o_custkey = customer.c_custkey), (LLVM Optimized, Jit Execute)", "Plans": [{"Node Type": "Bitmap Heap Scan", "Parent Relationship": "Outer", "Relation Name": "orders", "Alias": "orders", "Startup Cost": 14729.65, "Total Cost": 299784.84, "Plan Rows": 575746, "Plan Width": 16, "Actual Startup Time": 240.308, "Actual Total Time": 1136.103, "Actual Rows": 573635, "Actual Loops": 1, "Recheck Cond": "((o_orderdate >= '1993-08-01 00:00:00'::timestamp(0) without time zone) AND (o_orderdate < '1993-11-01 00:00:00'::timestamp without time zone)), (LLVM Optimized, Jit Execute)", "Rows Removed by Index Recheck": 0, "Exact Heap Blocks": 242860, "Lossy Heap Blocks": 242860, "Plans": [{"Node Type": "Bitmap Index Scan", "Parent Relationship": "Outer", "Index Name": "idx_orders_orderdate", "Startup Cost": 0.0, "Total Cost": 14585.71, "Plan Rows": 575746, "Plan Width": 0, "Actual Startup Time": 165.971, "Actual Total Time": 165.971, "Actual Rows": 573635, "Actual Loops": 1, "Index Cond": "((o_orderdate >= '1993-08-01 00:00:00'::timestamp(0) without time zone) AND (o_orderdate < '1993-11-01 00:00:00'::timestamp without time zone))"}]}, {"Node Type": "Hash", "Parent Relationship": "Inner", "Startup Cost": 80765.36, "Total Cost": 80765.36, "Plan Rows": 1500000, "Plan Width": 153, "Actual Startup Time": 1849.875, "Actual Total Time": 1849.875, "Actual Rows": 1500000, "Actual Loops": 1, "Hash Buckets": 2097152, "Hash Batches": 1, "Original Hash Batches": 1, "Peak Memory Usage": 282695, "Plans": [{"Node Type": "Index Scan", "Parent Relationship": "Outer", "Scan Direction": "Forward", "Index Name": "customer_pkey", "Relation Name": "customer", "Alias": "customer", "Startup Cost": 0.0, "Total Cost": 80765.36, "Plan Rows": 1500000, "Plan Width": 153, "Actual Startup Time": 0.051, "Actual Total Time": 1179.927, "Actual Rows": 1500000, "Actual Loops": 1}]}]}, {"Node Type": "Hash", "Parent Relationship": "Inner", "Startup Cost": 12.62, "Total Cost": 12.62, "Plan Rows": 25, "Plan Width": 30, "Actual Startup Time": 0.055, "Actual Total Time": 0.055, "Actual Rows": 25, "Actual Loops": 1, "Hash Buckets": 32768, "Hash Batches": 1, "Original Hash Batches": 1, "Peak Memory Usage": 2, "Plans": [{"Node Type": "Index Scan", "Parent Relationship": "Outer", "Scan Direction": "Forward", "Index Name": "nation_pkey", "Relation Name": "nation", "Alias": "nation", "Startup Cost": 0.0, "Total Cost": 12.62, "Plan Rows": 25, "Plan Width": 30, "Actual Startup Time": 0.021, "Actual Total Time": 0.035, "Actual Rows": 25, "Actual Loops": 1}]}]}, {"Node Type": "Index Scan", "Parent Relationship": "Inner", "Scan Direction": "Forward", "Index Name": "idx_lineitem_orderkey", "Relation Name": "lineitem", "Alias": "lineitem", "Startup Cost": 0.0, "Total Cost": 5.38, "Plan Rows": 3, "Plan Width": 24, "Actual Startup Time": 6106.588, "Actual Total Time": 7464.333, "Actual Rows": 1145969, "Actual Loops": 573635, "Index Cond": "(l_orderkey = orders.o_orderkey)", "Rows Removed by Index Recheck": 0, "Filter": "(l_returnflag = 'R'::bpchar)", "Rows Removed by Filter": 1146896}]}]}]}]}, "Triggers": [], "Planner Runtime": 1, "Total Runtime": 14398.213, "Unique SQL Id": 1604070524}}, "(64, 34)": {"explain_plan": {"Plan": {"Node Type": "Limit", "Startup Cost": 2741876.6, "Total Cost": 2741876.65, "Plan Rows": 20, "Plan Width": 199, "Plans": [{"Node Type": "Sort", "Parent Relationship": "Outer", "Startup Cost": 2741876.6, "Total Cost": 2745491.35, "Plan Rows": 20, "Plan Width": 199, "Sort Key": ["(sum((lineitem.l_extendedprice * (1::double precision - lineitem.l_discount)))) DESC"], "Plans": [{"Node Type": "Aggregate", "Strategy": "Hashed", "Parent Relationship": "Outer", "Startup Cost": 2688942.8, "Total Cost": 2703401.78, "Plan Rows": 1445898, "Plan Width": 199, "Group By Key": ["customer.c_custkey", "customer.c_name", "customer.c_acctbal", "customer.c_phone", "nation.n_name", "customer.c_address", "customer.c_comment"], "Plans": [{"Node Type": "Hash Join", "Parent Relationship": "Outer", "Join Type": "Inner", "Startup Cost": 377859.22, "Total Cost": 2652795.35, "Plan Rows": 1445898, "Plan Width": 191, "Inner Unique": true, "Hash Cond": "(customer.c_nationkey = nation.n_nationkey), (LLVM Optimized)", "Plans": [{"Node Type": "Hash Join", "Parent Relationship": "Outer", "Join Type": "Inner", "Startup Cost": 377857.66, "Total Cost": 2632912.69, "Plan Rows": 1445898, "Plan Width": 169, "Inner Unique": true, "Hash Cond": "(orders.o_custkey = customer.c_custkey), (LLVM Optimized)", "Plans": [{"Node Type": "Hash Join", "Parent Relationship": "Outer", "Join Type": "Inner", "Startup Cost": 306981.66, "Total Cost": 2542155.59, "Plan Rows": 1445898, "Plan Width": 24, "Inner Unique": true, "Hash Cond": "(lineitem.l_orderkey = orders.o_orderkey), (LLVM Optimized)", "Plans": [{"Node Type": "Seq Scan", "Parent Relationship": "Outer", "Relation Name": "lineitem", "Alias": "lineitem", "Startup Cost": 0.0, "Total Cost": 2165082.91, "Plan Rows": 14835209, "Plan Width": 24, "Filter": "(l_returnflag = 'R'::bpchar), (LLVM Optimized)"}, {"Node Type": "Hash", "Parent Relationship": "Inner", "Startup Cost": 299784.84, "Total Cost": 299784.84, "Plan Rows": 575746, "Plan Width": 16, "Plans": [{"Node Type": "Bitmap Heap Scan", "Parent Relationship": "Outer", "Relation Name": "orders", "Alias": "orders", "Startup Cost": 14729.65, "Total Cost": 299784.84, "Plan Rows": 575746, "Plan Width": 16, "Recheck Cond": "((o_orderdate >= '1993-08-01 00:00:00'::timestamp(0) without time zone) AND (o_orderdate < '1993-11-01 00:00:00'::timestamp without time zone)), (LLVM Optimized)", "Plans": [{"Node Type": "Bitmap Index Scan", "Parent Relationship": "Outer", "Index Name": "idx_orders_orderdate", "Startup Cost": 0.0, "Total Cost": 14585.71, "Plan Rows": 575746, "Plan Width": 0, "Index Cond": "((o_orderdate >= '1993-08-01 00:00:00'::timestamp(0) without time zone) AND (o_orderdate < '1993-11-01 00:00:00'::timestamp without time zone))"}]}]}]}, {"Node Type": "Hash", "Parent Relationship": "Inner", "Startup Cost": 52126.0, "Total Cost": 52126.0, "Plan Rows": 1500000, "Plan Width": 153, "Plans": [{"Node Type": "Seq Scan", "Parent Relationship": "Outer", "Relation Name": "customer", "Alias": "customer", "Startup Cost": 0.0, "Total Cost": 52126.0, "Plan Rows": 1500000, "Plan Width": 153}]}]}, {"Node Type": "Hash", "Parent Relationship": "Inner", "Startup Cost": 1.25, "Total Cost": 1.25, "Plan Rows": 25, "Plan Width": 30, "Plans": [{"Node Type": "Seq Scan", "Parent Relationship": "Outer", "Relation Name": "nation", "Alias": "nation", "Startup Cost": 0.0, "Total Cost": 1.25, "Plan Rows": 25, "Plan Width": 30}]}]}]}]}]}, "Unique SQL Id": 1604070524, "Planner Runtime": 1}, "explain_analyze_plan": {"Plan": {"Node Type": "Limit", "Startup Cost": 2741876.6, "Total Cost": 2741876.65, "Plan Rows": 20, "Plan Width": 199, "Actual Startup Time": 32209.202, "Actual Total Time": 32209.207, "Actual Rows": 20, "Actual Loops": 1, "Plans": [{"Node Type": "Sort", "Parent Relationship": "Outer", "Startup Cost": 2741876.6, "Total Cost": 2745491.35, "Plan Rows": 20, "Plan Width": 199, "Actual Startup Time": 32209.199, "Actual Total Time": 32209.201, "Actual Rows": 20, "Actual Loops": 1, "Sort Key": ["(sum((lineitem.l_extendedprice * (1::double precision - lineitem.l_discount)))) DESC"], "Sort Method": "top-N heapsort", "Sort Space Used": 35, "Sort Space Type": "Memory", "Plans": [{"Node Type": "Aggregate", "Strategy": "Hashed", "Parent Relationship": "Outer", "Startup Cost": 2688942.8, "Total Cost": 2703401.78, "Plan Rows": 1445898, "Plan Width": 199, "Actual Startup Time": 31864.123, "Actual Total Time": 32074.823, "Actual Rows": 381542, "Actual Loops": 1, "Group By Key": ["customer.c_custkey", "customer.c_name", "customer.c_acctbal", "customer.c_phone", "nation.n_name", "customer.c_address", "customer.c_comment"], "Plans": [{"Node Type": "Hash Join", "Parent Relationship": "Outer", "Join Type": "Inner", "Startup Cost": 377859.22, "Total Cost": 2652795.35, "Plan Rows": 1445898, "Plan Width": 191, "Actual Startup Time": 2369.806, "Actual Total Time": 30028.378, "Actual Rows": 1145969, "Actual Loops": 1, "Inner Unique": true, "Hash Cond": "(customer.c_nationkey = nation.n_nationkey), (LLVM Optimized, Jit Execute)", "Plans": [{"Node Type": "Hash Join", "Parent Relationship": "Outer", "Join Type": "Inner", "Startup Cost": 377857.66, "Total Cost": 2632912.69, "Plan Rows": 1445898, "Plan Width": 169, "Actual Startup Time": 2369.707, "Actual Total Time": 29557.817, "Actual Rows": 1145969, "Actual Loops": 1, "Inner Unique": true, "Hash Cond": "(orders.o_custkey = customer.c_custkey), (LLVM Optimized, Jit Execute)", "Plans": [{"Node Type": "Hash Join", "Parent Relationship": "Outer", "Join Type": "Inner", "Startup Cost": 306981.66, "Total Cost": 2542155.59, "Plan Rows": 1445898, "Plan Width": 24, "Actual Startup Time": 1138.289, "Actual Total Time": 27567.336, "Actual Rows": 1145969, "Actual Loops": 1, "Inner Unique": true, "Hash Cond": "(lineitem.l_orderkey = orders.o_orderkey), (LLVM Optimized, Jit Execute)", "Plans": [{"Node Type": "Seq Scan", "Parent Relationship": "Outer", "Relation Name": "lineitem", "Alias": "lineitem", "Startup Cost": 0.0, "Total Cost": 2165082.91, "Plan Rows": 14835209, "Plan Width": 24, "Actual Startup Time": 0.018, "Actual Total Time": 22010.703, "Actual Rows": 14808183, "Actual Loops": 1, "Filter": "(l_returnflag = 'R'::bpchar), (LLVM Optimized, Jit Execute)", "Rows Removed by Filter": 45177869}, {"Node Type": "Hash", "Parent Relationship": "Inner", "Startup Cost": 299784.84, "Total Cost": 299784.84, "Plan Rows": 575746, "Plan Width": 16, "Actual Startup Time": 1137.516, "Actual Total Time": 1137.516, "Actual Rows": 573635, "Actual Loops": 1, "Hash Buckets": 1048576, "Hash Batches": 1, "Original Hash Batches": 1, "Peak Memory Usage": 26890, "Plans": [{"Node Type": "Bitmap Heap Scan", "Parent Relationship": "Outer", "Relation Name": "orders", "Alias": "orders", "Startup Cost": 14729.65, "Total Cost": 299784.84, "Plan Rows": 575746, "Plan Width": 16, "Actual Startup Time": 246.943, "Actual Total Time": 931.513, "Actual Rows": 573635, "Actual Loops": 1, "Recheck Cond": "((o_orderdate >= '1993-08-01 00:00:00'::timestamp(0) without time zone) AND (o_orderdate < '1993-11-01 00:00:00'::timestamp without time zone)), (LLVM Optimized, Jit Execute)", "Rows Removed by Index Recheck": 0, "Exact Heap Blocks": 242860, "Lossy Heap Blocks": 242860, "Plans": [{"Node Type": "Bitmap Index Scan", "Parent Relationship": "Outer", "Index Name": "idx_orders_orderdate", "Startup Cost": 0.0, "Total Cost": 14585.71, "Plan Rows": 575746, "Plan Width": 0, "Actual Startup Time": 168.553, "Actual Total Time": 168.553, "Actual Rows": 573635, "Actual Loops": 1, "Index Cond": "((o_orderdate >= '1993-08-01 00:00:00'::timestamp(0) without time zone) AND (o_orderdate < '1993-11-01 00:00:00'::timestamp without time zone))"}]}]}]}, {"Node Type": "Hash", "Parent Relationship": "Inner", "Startup Cost": 52126.0, "Total Cost": 52126.0, "Plan Rows": 1500000, "Plan Width": 153, "Actual Startup Time": 1230.084, "Actual Total Time": 1230.084, "Actual Rows": 1500000, "Actual Loops": 1, "Hash Buckets": 2097152, "Hash Batches": 1, "Original Hash Batches": 1, "Peak Memory Usage": 282695, "Plans": [{"Node Type": "Seq Scan", "Parent Relationship": "Outer", "Relation Name": "customer", "Alias": "customer", "Startup Cost": 0.0, "Total Cost": 52126.0, "Plan Rows": 1500000, "Plan Width": 153, "Actual Startup Time": 0.017, "Actual Total Time": 575.693, "Actual Rows": 1500000, "Actual Loops": 1}]}]}, {"Node Type": "Hash", "Parent Relationship": "Inner", "Startup Cost": 1.25, "Total Cost": 1.25, "Plan Rows": 25, "Plan Width": 30, "Actual Startup Time": 0.052, "Actual Total Time": 0.052, "Actual Rows": 25, "Actual Loops": 1, "Hash Buckets": 32768, "Hash Batches": 1, "Original Hash Batches": 1, "Peak Memory Usage": 2, "Plans": [{"Node Type": "Seq Scan", "Parent Relationship": "Outer", "Relation Name": "nation", "Alias": "nation", "Startup Cost": 0.0, "Total Cost": 1.25, "Plan Rows": 25, "Plan Width": 30, "Actual Startup Time": 0.024, "Actual Total Time": 0.03, "Actual Rows": 25, "Actual Loops": 1}]}]}]}]}]}, "Triggers": [], "Planner Runtime": 1, "Total Runtime": 32220.436, "Unique SQL Id": 1604070524}}, "(64, 35)": {"explain_plan": {"Plan": {"Node Type": "Limit", "Startup Cost": 13443415.76, "Total Cost": 13443415.81, "Plan Rows": 20, "Plan Width": 199, "Plans": [{"Node Type": "Sort", "Parent Relationship": "Outer", "Startup Cost": 13443415.76, "Total Cost": 13447030.51, "Plan Rows": 20, "Plan Width": 199, "Sort Key": ["(sum((lineitem.l_extendedprice * (1::double precision - lineitem.l_discount)))) DESC"], "Plans": [{"Node Type": "Aggregate", "Strategy": "Hashed", "Parent Relationship": "Outer", "Startup Cost": 13390481.96, "Total Cost": 13404940.94, "Plan Rows": 1445898, "Plan Width": 199, "Group By Key": ["customer.c_custkey", "customer.c_name", "customer.c_acctbal", "customer.c_phone", "nation.n_name", "customer.c_address", "customer.c_comment"], "Plans": [{"Node Type": "Nested Loop", "Parent Relationship": "Outer", "Join Type": "Inner", "Startup Cost": 14732.12, "Total Cost": 13354334.51, "Plan Rows": 1445898, "Plan Width": 191, "Inner Unique": false, "Plans": [{"Node Type": "Nested Loop", "Parent Relationship": "Outer", "Join Type": "Inner", "Startup Cost": 14730.2, "Total Cost": 5249597.54, "Plan Rows": 575746, "Plan Width": 183, "Inner Unique": true, "Plans": [{"Node Type": "Nested Loop", "Parent Relationship": "Outer", "Join Type": "Inner", "Startup Cost": 14729.94, "Total Cost": 2785257.65, "Plan Rows": 575746, "Plan Width": 161, "Inner Unique": true, "Plans": [{"Node Type": "Bitmap Heap Scan", "Parent Relationship": "Outer", "Relation Name": "orders", "Alias": "orders", "Startup Cost": 14729.65, "Total Cost": 299784.84, "Plan Rows": 575746, "Plan Width": 16, "Recheck Cond": "((o_orderdate >= '1993-08-01 00:00:00'::timestamp(0) without time zone) AND (o_orderdate < '1993-11-01 00:00:00'::timestamp without time zone)), (LLVM Optimized)", "Plans": [{"Node Type": "Bitmap Index Scan", "Parent Relationship": "Outer", "Index Name": "idx_orders_orderdate", "Startup Cost": 0.0, "Total Cost": 14585.71, "Plan Rows": 575746, "Plan Width": 0, "Index Cond": "((o_orderdate >= '1993-08-01 00:00:00'::timestamp(0) without time zone) AND (o_orderdate < '1993-11-01 00:00:00'::timestamp without time zone))"}]}, {"Node Type": "Bitmap Heap Scan", "Parent Relationship": "Inner", "Relation Name": "customer", "Alias": "customer", "Startup Cost": 0.29, "Total Cost": 4.31, "Plan Rows": 1, "Plan Width": 153, "Recheck Cond": "(c_custkey = orders.o_custkey)", "Plans": [{"Node Type": "Bitmap Index Scan", "Parent Relationship": "Outer", "Index Name": "customer_pkey", "Startup Cost": 0.0, "Total Cost": 0.29, "Plan Rows": 1, "Plan Width": 0, "Index Cond": "(c_custkey = orders.o_custkey)"}]}]}, {"Node Type": "Bitmap Heap Scan", "Parent Relationship": "Inner", "Relation Name": "nation", "Alias": "nation", "Startup Cost": 0.26, "Total Cost": 4.27, "Plan Rows": 1, "Plan Width": 30, "Recheck Cond": "(n_nationkey = customer.c_nationkey)", "Plans": [{"Node Type": "Bitmap Index Scan", "Parent Relationship": "Outer", "Index Name": "nation_pkey", "Startup Cost": 0.0, "Total Cost": 0.26, "Plan Rows": 1, "Plan Width": 0, "Index Cond": "(n_nationkey = customer.c_nationkey)"}]}]}, {"Node Type": "Bitmap Heap Scan", "Parent Relationship": "Inner", "Relation Name": "lineitem", "Alias": "lineitem", "Startup Cost": 1.93, "Total Cost": 14.05, "Plan Rows": 3, "Plan Width": 24, "Recheck Cond": "(l_orderkey = orders.o_orderkey)", "Filter": "(l_returnflag = 'R'::bpchar)", "Plans": [{"Node Type": "Bitmap Index Scan", "Parent Relationship": "Outer", "Index Name": "idx_lineitem_orderkey", "Startup Cost": 0.0, "Total Cost": 1.92, "Plan Rows": 9, "Plan Width": 0, "Index Cond": "(l_orderkey = orders.o_orderkey)"}]}]}]}]}]}, "Unique SQL Id": 1604070524, "Planner Runtime": 1}, "explain_analyze_plan": {"Plan": {"Node Type": "Limit", "Startup Cost": 13443415.76, "Total Cost": 13443415.81, "Plan Rows": 20, "Plan Width": 199, "Actual Startup Time": 16957.333, "Actual Total Time": 16957.341, "Actual Rows": 20, "Actual Loops": 1, "Plans": [{"Node Type": "Sort", "Parent Relationship": "Outer", "Startup Cost": 13443415.76, "Total Cost": 13447030.51, "Plan Rows": 20, "Plan Width": 199, "Actual Startup Time": 16957.329, "Actual Total Time": 16957.334, "Actual Rows": 20, "Actual Loops": 1, "Sort Key": ["(sum((lineitem.l_extendedprice * (1::double precision - lineitem.l_discount)))) DESC"], "Sort Method": "top-N heapsort", "Sort Space Used": 35, "Sort Space Type": "Memory", "Plans": [{"Node Type": "Aggregate", "Strategy": "Hashed", "Parent Relationship": "Outer", "Startup Cost": 13390481.96, "Total Cost": 13404940.94, "Plan Rows": 1445898, "Plan Width": 199, "Actual Startup Time": 16583.968, "Actual Total Time": 16822.306, "Actual Rows": 381542, "Actual Loops": 1, "Group By Key": ["customer.c_custkey", "customer.c_name", "customer.c_acctbal", "customer.c_phone", "nation.n_name", "customer.c_address", "customer.c_comment"], "Plans": [{"Node Type": "Nested Loop", "Parent Relationship": "Outer", "Join Type": "Inner", "Startup Cost": 14732.12, "Total Cost": 13354334.51, "Plan Rows": 1445898, "Plan Width": 191, "Actual Startup Time": 241.783, "Actual Total Time": 14652.01, "Actual Rows": 1145969, "Actual Loops": 1, "Inner Unique": false, "Plans": [{"Node Type": "Nested Loop", "Parent Relationship": "Outer", "Join Type": "Inner", "Startup Cost": 14730.2, "Total Cost": 5249597.54, "Plan Rows": 575746, "Plan Width": 183, "Actual Startup Time": 241.73, "Actual Total Time": 8212.424, "Actual Rows": 573635, "Actual Loops": 1, "Inner Unique": true, "Plans": [{"Node Type": "Nested Loop", "Parent Relationship": "Outer", "Join Type": "Inner", "Startup Cost": 14729.94, "Total Cost": 2785257.65, "Plan Rows": 575746, "Plan Width": 161, "Actual Startup Time": 241.696, "Actual Total Time": 6036.117, "Actual Rows": 573635, "Actual Loops": 1, "Inner Unique": true, "Plans": [{"Node Type": "Bitmap Heap Scan", "Parent Relationship": "Outer", "Relation Name": "orders", "Alias": "orders", "Startup Cost": 14729.65, "Total Cost": 299784.84, "Plan Rows": 575746, "Plan Width": 16, "Actual Startup Time": 241.45, "Actual Total Time": 1047.688, "Actual Rows": 573635, "Actual Loops": 1, "Recheck Cond": "((o_orderdate >= '1993-08-01 00:00:00'::timestamp(0) without time zone) AND (o_orderdate < '1993-11-01 00:00:00'::timestamp without time zone)), (LLVM Optimized, Jit Execute)", "Rows Removed by Index Recheck": 0, "Exact Heap Blocks": 242860, "Lossy Heap Blocks": 242860, "Plans": [{"Node Type": "Bitmap Index Scan", "Parent Relationship": "Outer", "Index Name": "idx_orders_orderdate", "Startup Cost": 0.0, "Total Cost": 14585.71, "Plan Rows": 575746, "Plan Width": 0, "Actual Startup Time": 167.064, "Actual Total Time": 167.064, "Actual Rows": 573635, "Actual Loops": 1, "Index Cond": "((o_orderdate >= '1993-08-01 00:00:00'::timestamp(0) without time zone) AND (o_orderdate < '1993-11-01 00:00:00'::timestamp without time zone))"}]}, {"Node Type": "Bitmap Heap Scan", "Parent Relationship": "Inner", "Relation Name": "customer", "Alias": "customer", "Startup Cost": 0.29, "Total Cost": 4.31, "Plan Rows": 1, "Plan Width": 153, "Actual Startup Time": 4129.14, "Actual Total Time": 4129.14, "Actual Rows": 573635, "Actual Loops": 573635, "Recheck Cond": "(c_custkey = orders.o_custkey)", "Rows Removed by Index Recheck": 0, "Exact Heap Blocks": 573635, "Lossy Heap Blocks": 573635, "Plans": [{"Node Type": "Bitmap Index Scan", "Parent Relationship": "Outer", "Index Name": "customer_pkey", "Startup Cost": 0.0, "Total Cost": 0.29, "Plan Rows": 1, "Plan Width": 0, "Actual Startup Time": 2565.96, "Actual Total Time": 2565.96, "Actual Rows": 573635, "Actual Loops": 573635, "Index Cond": "(c_custkey = orders.o_custkey)"}]}]}, {"Node Type": "Bitmap Heap Scan", "Parent Relationship": "Inner", "Relation Name": "nation", "Alias": "nation", "Startup Cost": 0.26, "Total Cost": 4.27, "Plan Rows": 1, "Plan Width": 30, "Actual Startup Time": 1398.487, "Actual Total Time": 1398.487, "Actual Rows": 573635, "Actual Loops": 573635, "Recheck Cond": "(n_nationkey = customer.c_nationkey)", "Rows Removed by Index Recheck": 0, "Exact Heap Blocks": 573635, "Lossy Heap Blocks": 573635, "Plans": [{"Node Type": "Bitmap Index Scan", "Parent Relationship": "Outer", "Index Name": "nation_pkey", "Startup Cost": 0.0, "Total Cost": 0.26, "Plan Rows": 1, "Plan Width": 0, "Actual Startup Time": 610.04, "Actual Total Time": 610.04, "Actual Rows": 573635, "Actual Loops": 573635, "Index Cond": "(n_nationkey = customer.c_nationkey)"}]}]}, {"Node Type": "Bitmap Heap Scan", "Parent Relationship": "Inner", "Relation Name": "lineitem", "Alias": "lineitem", "Startup Cost": 1.93, "Total Cost": 14.05, "Plan Rows": 3, "Plan Width": 24, "Actual Startup Time": 4947.793, "Actual Total Time": 5480.067, "Actual Rows": 1145969, "Actual Loops": 573635, "Recheck Cond": "(l_orderkey = orders.o_orderkey)", "Rows Removed by Index Recheck": 0, "Filter": "(l_returnflag = 'R'::bpchar)", "Rows Removed by Filter": 1146896, "Exact Heap Blocks": 614400, "Lossy Heap Blocks": 614400, "Plans": [{"Node Type": "Bitmap Index Scan", "Parent Relationship": "Outer", "Index Name": "idx_lineitem_orderkey", "Startup Cost": 0.0, "Total Cost": 1.92, "Plan Rows": 9, "Plan Width": 0, "Actual Startup Time": 2505.557, "Actual Total Time": 2505.557, "Actual Rows": 2292865, "Actual Loops": 573635, "Index Cond": "(l_orderkey = orders.o_orderkey)"}]}]}]}]}]}, "Triggers": [], "Planner Runtime": 0, "Total Runtime": 16967.566, "Unique SQL Id": 1604070524}}, "(64, 36)": {"explain_plan": {"Plan": {"Node Type": "Limit", "Startup Cost": 2741876.6, "Total Cost": 2741876.65, "Plan Rows": 20, "Plan Width": 199, "Plans": [{"Node Type": "Sort", "Parent Relationship": "Outer", "Startup Cost": 2741876.6, "Total Cost": 2745491.35, "Plan Rows": 20, "Plan Width": 199, "Sort Key": ["(sum((lineitem.l_extendedprice * (1::double precision - lineitem.l_discount)))) DESC"], "Plans": [{"Node Type": "Aggregate", "Strategy": "Hashed", "Parent Relationship": "Outer", "Startup Cost": 2688942.8, "Total Cost": 2703401.78, "Plan Rows": 1445898, "Plan Width": 199, "Group By Key": ["customer.c_custkey", "customer.c_name", "customer.c_acctbal", "customer.c_phone", "nation.n_name", "customer.c_address", "customer.c_comment"], "Plans": [{"Node Type": "Hash Join", "Parent Relationship": "Outer", "Join Type": "Inner", "Startup Cost": 377859.22, "Total Cost": 2652795.35, "Plan Rows": 1445898, "Plan Width": 191, "Inner Unique": true, "Hash Cond": "(customer.c_nationkey = nation.n_nationkey), (LLVM Optimized)", "Plans": [{"Node Type": "Hash Join", "Parent Relationship": "Outer", "Join Type": "Inner", "Startup Cost": 377857.66, "Total Cost": 2632912.69, "Plan Rows": 1445898, "Plan Width": 169, "Inner Unique": true, "Hash Cond": "(orders.o_custkey = customer.c_custkey), (LLVM Optimized)", "Plans": [{"Node Type": "Hash Join", "Parent Relationship": "Outer", "Join Type": "Inner", "Startup Cost": 306981.66, "Total Cost": 2542155.59, "Plan Rows": 1445898, "Plan Width": 24, "Inner Unique": true, "Hash Cond": "(lineitem.l_orderkey = orders.o_orderkey), (LLVM Optimized)", "Plans": [{"Node Type": "Seq Scan", "Parent Relationship": "Outer", "Relation Name": "lineitem", "Alias": "lineitem", "Startup Cost": 0.0, "Total Cost": 2165082.91, "Plan Rows": 14835209, "Plan Width": 24, "Filter": "(l_returnflag = 'R'::bpchar), (LLVM Optimized)"}, {"Node Type": "Hash", "Parent Relationship": "Inner", "Startup Cost": 299784.84, "Total Cost": 299784.84, "Plan Rows": 575746, "Plan Width": 16, "Plans": [{"Node Type": "Bitmap Heap Scan", "Parent Relationship": "Outer", "Relation Name": "orders", "Alias": "orders", "Startup Cost": 14729.65, "Total Cost": 299784.84, "Plan Rows": 575746, "Plan Width": 16, "Recheck Cond": "((o_orderdate >= '1993-08-01 00:00:00'::timestamp(0) without time zone) AND (o_orderdate < '1993-11-01 00:00:00'::timestamp without time zone)), (LLVM Optimized)", "Plans": [{"Node Type": "Bitmap Index Scan", "Parent Relationship": "Outer", "Index Name": "idx_orders_orderdate", "Startup Cost": 0.0, "Total Cost": 14585.71, "Plan Rows": 575746, "Plan Width": 0, "Index Cond": "((o_orderdate >= '1993-08-01 00:00:00'::timestamp(0) without time zone) AND (o_orderdate < '1993-11-01 00:00:00'::timestamp without time zone))"}]}]}]}, {"Node Type": "Hash", "Parent Relationship": "Inner", "Startup Cost": 52126.0, "Total Cost": 52126.0, "Plan Rows": 1500000, "Plan Width": 153, "Plans": [{"Node Type": "Seq Scan", "Parent Relationship": "Outer", "Relation Name": "customer", "Alias": "customer", "Startup Cost": 0.0, "Total Cost": 52126.0, "Plan Rows": 1500000, "Plan Width": 153}]}]}, {"Node Type": "Hash", "Parent Relationship": "Inner", "Startup Cost": 1.25, "Total Cost": 1.25, "Plan Rows": 25, "Plan Width": 30, "Plans": [{"Node Type": "Seq Scan", "Parent Relationship": "Outer", "Relation Name": "nation", "Alias": "nation", "Startup Cost": 0.0, "Total Cost": 1.25, "Plan Rows": 25, "Plan Width": 30}]}]}]}]}]}, "Unique SQL Id": 1604070524, "Planner Runtime": 1}, "explain_analyze_plan": {"Plan": {"Node Type": "Limit", "Startup Cost": 2741876.6, "Total Cost": 2741876.65, "Plan Rows": 20, "Plan Width": 199, "Actual Startup Time": 32209.202, "Actual Total Time": 32209.207, "Actual Rows": 20, "Actual Loops": 1, "Plans": [{"Node Type": "Sort", "Parent Relationship": "Outer", "Startup Cost": 2741876.6, "Total Cost": 2745491.35, "Plan Rows": 20, "Plan Width": 199, "Actual Startup Time": 32209.199, "Actual Total Time": 32209.201, "Actual Rows": 20, "Actual Loops": 1, "Sort Key": ["(sum((lineitem.l_extendedprice * (1::double precision - lineitem.l_discount)))) DESC"], "Sort Method": "top-N heapsort", "Sort Space Used": 35, "Sort Space Type": "Memory", "Plans": [{"Node Type": "Aggregate", "Strategy": "Hashed", "Parent Relationship": "Outer", "Startup Cost": 2688942.8, "Total Cost": 2703401.78, "Plan Rows": 1445898, "Plan Width": 199, "Actual Startup Time": 31864.123, "Actual Total Time": 32074.823, "Actual Rows": 381542, "Actual Loops": 1, "Group By Key": ["customer.c_custkey", "customer.c_name", "customer.c_acctbal", "customer.c_phone", "nation.n_name", "customer.c_address", "customer.c_comment"], "Plans": [{"Node Type": "Hash Join", "Parent Relationship": "Outer", "Join Type": "Inner", "Startup Cost": 377859.22, "Total Cost": 2652795.35, "Plan Rows": 1445898, "Plan Width": 191, "Actual Startup Time": 2369.806, "Actual Total Time": 30028.378, "Actual Rows": 1145969, "Actual Loops": 1, "Inner Unique": true, "Hash Cond": "(customer.c_nationkey = nation.n_nationkey), (LLVM Optimized, Jit Execute)", "Plans": [{"Node Type": "Hash Join", "Parent Relationship": "Outer", "Join Type": "Inner", "Startup Cost": 377857.66, "Total Cost": 2632912.69, "Plan Rows": 1445898, "Plan Width": 169, "Actual Startup Time": 2369.707, "Actual Total Time": 29557.817, "Actual Rows": 1145969, "Actual Loops": 1, "Inner Unique": true, "Hash Cond": "(orders.o_custkey = customer.c_custkey), (LLVM Optimized, Jit Execute)", "Plans": [{"Node Type": "Hash Join", "Parent Relationship": "Outer", "Join Type": "Inner", "Startup Cost": 306981.66, "Total Cost": 2542155.59, "Plan Rows": 1445898, "Plan Width": 24, "Actual Startup Time": 1138.289, "Actual Total Time": 27567.336, "Actual Rows": 1145969, "Actual Loops": 1, "Inner Unique": true, "Hash Cond": "(lineitem.l_orderkey = orders.o_orderkey), (LLVM Optimized, Jit Execute)", "Plans": [{"Node Type": "Seq Scan", "Parent Relationship": "Outer", "Relation Name": "lineitem", "Alias": "lineitem", "Startup Cost": 0.0, "Total Cost": 2165082.91, "Plan Rows": 14835209, "Plan Width": 24, "Actual Startup Time": 0.018, "Actual Total Time": 22010.703, "Actual Rows": 14808183, "Actual Loops": 1, "Filter": "(l_returnflag = 'R'::bpchar), (LLVM Optimized, Jit Execute)", "Rows Removed by Filter": 45177869}, {"Node Type": "Hash", "Parent Relationship": "Inner", "Startup Cost": 299784.84, "Total Cost": 299784.84, "Plan Rows": 575746, "Plan Width": 16, "Actual Startup Time": 1137.516, "Actual Total Time": 1137.516, "Actual Rows": 573635, "Actual Loops": 1, "Hash Buckets": 1048576, "Hash Batches": 1, "Original Hash Batches": 1, "Peak Memory Usage": 26890, "Plans": [{"Node Type": "Bitmap Heap Scan", "Parent Relationship": "Outer", "Relation Name": "orders", "Alias": "orders", "Startup Cost": 14729.65, "Total Cost": 299784.84, "Plan Rows": 575746, "Plan Width": 16, "Actual Startup Time": 246.943, "Actual Total Time": 931.513, "Actual Rows": 573635, "Actual Loops": 1, "Recheck Cond": "((o_orderdate >= '1993-08-01 00:00:00'::timestamp(0) without time zone) AND (o_orderdate < '1993-11-01 00:00:00'::timestamp without time zone)), (LLVM Optimized, Jit Execute)", "Rows Removed by Index Recheck": 0, "Exact Heap Blocks": 242860, "Lossy Heap Blocks": 242860, "Plans": [{"Node Type": "Bitmap Index Scan", "Parent Relationship": "Outer", "Index Name": "idx_orders_orderdate", "Startup Cost": 0.0, "Total Cost": 14585.71, "Plan Rows": 575746, "Plan Width": 0, "Actual Startup Time": 168.553, "Actual Total Time": 168.553, "Actual Rows": 573635, "Actual Loops": 1, "Index Cond": "((o_orderdate >= '1993-08-01 00:00:00'::timestamp(0) without time zone) AND (o_orderdate < '1993-11-01 00:00:00'::timestamp without time zone))"}]}]}]}, {"Node Type": "Hash", "Parent Relationship": "Inner", "Startup Cost": 52126.0, "Total Cost": 52126.0, "Plan Rows": 1500000, "Plan Width": 153, "Actual Startup Time": 1230.084, "Actual Total Time": 1230.084, "Actual Rows": 1500000, "Actual Loops": 1, "Hash Buckets": 2097152, "Hash Batches": 1, "Original Hash Batches": 1, "Peak Memory Usage": 282695, "Plans": [{"Node Type": "Seq Scan", "Parent Relationship": "Outer", "Relation Name": "customer", "Alias": "customer", "Startup Cost": 0.0, "Total Cost": 52126.0, "Plan Rows": 1500000, "Plan Width": 153, "Actual Startup Time": 0.017, "Actual Total Time": 575.693, "Actual Rows": 1500000, "Actual Loops": 1}]}]}, {"Node Type": "Hash", "Parent Relationship": "Inner", "Startup Cost": 1.25, "Total Cost": 1.25, "Plan Rows": 25, "Plan Width": 30, "Actual Startup Time": 0.052, "Actual Total Time": 0.052, "Actual Rows": 25, "Actual Loops": 1, "Hash Buckets": 32768, "Hash Batches": 1, "Original Hash Batches": 1, "Peak Memory Usage": 2, "Plans": [{"Node Type": "Seq Scan", "Parent Relationship": "Outer", "Relation Name": "nation", "Alias": "nation", "Startup Cost": 0.0, "Total Cost": 1.25, "Plan Rows": 25, "Plan Width": 30, "Actual Startup Time": 0.024, "Actual Total Time": 0.03, "Actual Rows": 25, "Actual Loops": 1}]}]}]}]}]}, "Triggers": [], "Planner Runtime": 1, "Total Runtime": 32220.436, "Unique SQL Id": 1604070524}}, "(64, 37)": {"explain_plan": {"Plan": {"Node Type": "Limit", "Startup Cost": 3620844.85, "Total Cost": 3620844.9, "Plan Rows": 20, "Plan Width": 199, "Plans": [{"Node Type": "Sort", "Parent Relationship": "Outer", "Startup Cost": 3620844.85, "Total Cost": 3624459.59, "Plan Rows": 20, "Plan Width": 199, "Sort Key": ["(sum((lineitem.l_extendedprice * (1::double precision - lineitem.l_discount)))) DESC"], "Plans": [{"Node Type": "Aggregate", "Strategy": "Hashed", "Parent Relationship": "Outer", "Startup Cost": 3567911.04, "Total Cost": 3582370.02, "Plan Rows": 1445898, "Plan Width": 199, "Group By Key": ["customer.c_custkey", "customer.c_name", "customer.c_acctbal", "customer.c_phone", "nation.n_name", "customer.c_address", "customer.c_comment"], "Plans": [{"Node Type": "Nested Loop", "Parent Relationship": "Outer", "Join Type": "Inner", "Startup Cost": 114257.94, "Total Cost": 3531763.59, "Plan Rows": 1445898, "Plan Width": 191, "Inner Unique": false, "Plans": [{"Node Type": "Hash Join", "Parent Relationship": "Outer", "Join Type": "Inner", "Startup Cost": 114257.94, "Total Cost": 415146.15, "Plan Rows": 575746, "Plan Width": 183, "Inner Unique": true, "Hash Cond": "(customer.c_nationkey = nation.n_nationkey), (LLVM Optimized)", "Plans": [{"Node Type": "Hash Join", "Parent Relationship": "Outer", "Join Type": "Inner", "Startup Cost": 114245.0, "Total Cost": 407216.7, "Plan Rows": 575746, "Plan Width": 161, "Inner Unique": true, "Hash Cond": "(orders.o_custkey = customer.c_custkey), (LLVM Optimized)", "Plans": [{"Node Type": "Bitmap Heap Scan", "Parent Relationship": "Outer", "Relation Name": "orders", "Alias": "orders", "Startup Cost": 14729.65, "Total Cost": 299784.84, "Plan Rows": 575746, "Plan Width": 16, "Recheck Cond": "((o_orderdate >= '1993-08-01 00:00:00'::timestamp(0) without time zone) AND (o_orderdate < '1993-11-01 00:00:00'::timestamp without time zone)), (LLVM Optimized)", "Plans": [{"Node Type": "Bitmap Index Scan", "Parent Relationship": "Outer", "Index Name": "idx_orders_orderdate", "Startup Cost": 0.0, "Total Cost": 14585.71, "Plan Rows": 575746, "Plan Width": 0, "Index Cond": "((o_orderdate >= '1993-08-01 00:00:00'::timestamp(0) without time zone) AND (o_orderdate < '1993-11-01 00:00:00'::timestamp without time zone))"}]}, {"Node Type": "Hash", "Parent Relationship": "Inner", "Startup Cost": 80765.36, "Total Cost": 80765.36, "Plan Rows": 1500000, "Plan Width": 153, "Plans": [{"Node Type": "Index Scan", "Parent Relationship": "Outer", "Scan Direction": "Forward", "Index Name": "customer_pkey", "Relation Name": "customer", "Alias": "customer", "Startup Cost": 0.0, "Total Cost": 80765.36, "Plan Rows": 1500000, "Plan Width": 153}]}]}, {"Node Type": "Hash", "Parent Relationship": "Inner", "Startup Cost": 12.62, "Total Cost": 12.62, "Plan Rows": 25, "Plan Width": 30, "Plans": [{"Node Type": "Index Scan", "Parent Relationship": "Outer", "Scan Direction": "Forward", "Index Name": "nation_pkey", "Relation Name": "nation", "Alias": "nation", "Startup Cost": 0.0, "Total Cost": 12.62, "Plan Rows": 25, "Plan Width": 30}]}]}, {"Node Type": "Index Scan", "Parent Relationship": "Inner", "Scan Direction": "Forward", "Index Name": "idx_lineitem_orderkey", "Relation Name": "lineitem", "Alias": "lineitem", "Startup Cost": 0.0, "Total Cost": 5.38, "Plan Rows": 3, "Plan Width": 24, "Index Cond": "(l_orderkey = orders.o_orderkey)", "Filter": "(l_returnflag = 'R'::bpchar)"}]}]}]}]}, "Unique SQL Id": 1604070524, "Planner Runtime": 1}, "explain_analyze_plan": {"Plan": {"Node Type": "Limit", "Startup Cost": 3620844.85, "Total Cost": 3620844.9, "Plan Rows": 20, "Plan Width": 199, "Actual Startup Time": 14387.497, "Actual Total Time": 14387.505, "Actual Rows": 20, "Actual Loops": 1, "Plans": [{"Node Type": "Sort", "Parent Relationship": "Outer", "Startup Cost": 3620844.85, "Total Cost": 3624459.59, "Plan Rows": 20, "Plan Width": 199, "Actual Startup Time": 14387.494, "Actual Total Time": 14387.499, "Actual Rows": 20, "Actual Loops": 1, "Sort Key": ["(sum((lineitem.l_extendedprice * (1::double precision - lineitem.l_discount)))) DESC"], "Sort Method": "top-N heapsort", "Sort Space Used": 35, "Sort Space Type": "Memory", "Plans": [{"Node Type": "Aggregate", "Strategy": "Hashed", "Parent Relationship": "Outer", "Startup Cost": 3567911.04, "Total Cost": 3582370.02, "Plan Rows": 1445898, "Plan Width": 199, "Actual Startup Time": 13987.265, "Actual Total Time": 14250.402, "Actual Rows": 381542, "Actual Loops": 1, "Group By Key": ["customer.c_custkey", "customer.c_name", "customer.c_acctbal", "customer.c_phone", "nation.n_name", "customer.c_address", "customer.c_comment"], "Plans": [{"Node Type": "Nested Loop", "Parent Relationship": "Outer", "Join Type": "Inner", "Startup Cost": 114257.94, "Total Cost": 3531763.59, "Plan Rows": 1445898, "Plan Width": 191, "Actual Startup Time": 2091.725, "Actual Total Time": 12053.267, "Actual Rows": 1145969, "Actual Loops": 1, "Inner Unique": false, "Plans": [{"Node Type": "Hash Join", "Parent Relationship": "Outer", "Join Type": "Inner", "Startup Cost": 114257.94, "Total Cost": 415146.15, "Plan Rows": 575746, "Plan Width": 183, "Actual Startup Time": 2091.656, "Actual Total Time": 3938.306, "Actual Rows": 573635, "Actual Loops": 1, "Inner Unique": true, "Hash Cond": "(customer.c_nationkey = nation.n_nationkey), (LLVM Optimized, Jit Execute)", "Plans": [{"Node Type": "Hash Join", "Parent Relationship": "Outer", "Join Type": "Inner", "Startup Cost": 114245.0, "Total Cost": 407216.7, "Plan Rows": 575746, "Plan Width": 161, "Actual Startup Time": 2091.556, "Actual Total Time": 3685.233, "Actual Rows": 573635, "Actual Loops": 1, "Inner Unique": true, "Hash Cond": "(orders.o_custkey = customer.c_custkey), (LLVM Optimized, Jit Execute)", "Plans": [{"Node Type": "Bitmap Heap Scan", "Parent Relationship": "Outer", "Relation Name": "orders", "Alias": "orders", "Startup Cost": 14729.65, "Total Cost": 299784.84, "Plan Rows": 575746, "Plan Width": 16, "Actual Startup Time": 240.308, "Actual Total Time": 1136.103, "Actual Rows": 573635, "Actual Loops": 1, "Recheck Cond": "((o_orderdate >= '1993-08-01 00:00:00'::timestamp(0) without time zone) AND (o_orderdate < '1993-11-01 00:00:00'::timestamp without time zone)), (LLVM Optimized, Jit Execute)", "Rows Removed by Index Recheck": 0, "Exact Heap Blocks": 242860, "Lossy Heap Blocks": 242860, "Plans": [{"Node Type": "Bitmap Index Scan", "Parent Relationship": "Outer", "Index Name": "idx_orders_orderdate", "Startup Cost": 0.0, "Total Cost": 14585.71, "Plan Rows": 575746, "Plan Width": 0, "Actual Startup Time": 165.971, "Actual Total Time": 165.971, "Actual Rows": 573635, "Actual Loops": 1, "Index Cond": "((o_orderdate >= '1993-08-01 00:00:00'::timestamp(0) without time zone) AND (o_orderdate < '1993-11-01 00:00:00'::timestamp without time zone))"}]}, {"Node Type": "Hash", "Parent Relationship": "Inner", "Startup Cost": 80765.36, "Total Cost": 80765.36, "Plan Rows": 1500000, "Plan Width": 153, "Actual Startup Time": 1849.875, "Actual Total Time": 1849.875, "Actual Rows": 1500000, "Actual Loops": 1, "Hash Buckets": 2097152, "Hash Batches": 1, "Original Hash Batches": 1, "Peak Memory Usage": 282695, "Plans": [{"Node Type": "Index Scan", "Parent Relationship": "Outer", "Scan Direction": "Forward", "Index Name": "customer_pkey", "Relation Name": "customer", "Alias": "customer", "Startup Cost": 0.0, "Total Cost": 80765.36, "Plan Rows": 1500000, "Plan Width": 153, "Actual Startup Time": 0.051, "Actual Total Time": 1179.927, "Actual Rows": 1500000, "Actual Loops": 1}]}]}, {"Node Type": "Hash", "Parent Relationship": "Inner", "Startup Cost": 12.62, "Total Cost": 12.62, "Plan Rows": 25, "Plan Width": 30, "Actual Startup Time": 0.055, "Actual Total Time": 0.055, "Actual Rows": 25, "Actual Loops": 1, "Hash Buckets": 32768, "Hash Batches": 1, "Original Hash Batches": 1, "Peak Memory Usage": 2, "Plans": [{"Node Type": "Index Scan", "Parent Relationship": "Outer", "Scan Direction": "Forward", "Index Name": "nation_pkey", "Relation Name": "nation", "Alias": "nation", "Startup Cost": 0.0, "Total Cost": 12.62, "Plan Rows": 25, "Plan Width": 30, "Actual Startup Time": 0.021, "Actual Total Time": 0.035, "Actual Rows": 25, "Actual Loops": 1}]}]}, {"Node Type": "Index Scan", "Parent Relationship": "Inner", "Scan Direction": "Forward", "Index Name": "idx_lineitem_orderkey", "Relation Name": "lineitem", "Alias": "lineitem", "Startup Cost": 0.0, "Total Cost": 5.38, "Plan Rows": 3, "Plan Width": 24, "Actual Startup Time": 6106.588, "Actual Total Time": 7464.333, "Actual Rows": 1145969, "Actual Loops": 573635, "Index Cond": "(l_orderkey = orders.o_orderkey)", "Rows Removed by Index Recheck": 0, "Filter": "(l_returnflag = 'R'::bpchar)", "Rows Removed by Filter": 1146896}]}]}]}]}, "Triggers": [], "Planner Runtime": 1, "Total Runtime": 14398.213, "Unique SQL Id": 1604070524}}, "(64, 38)": {"explain_plan": {"Plan": {"Node Type": "Limit", "Startup Cost": 2741876.6, "Total Cost": 2741876.65, "Plan Rows": 20, "Plan Width": 199, "Plans": [{"Node Type": "Sort", "Parent Relationship": "Outer", "Startup Cost": 2741876.6, "Total Cost": 2745491.35, "Plan Rows": 20, "Plan Width": 199, "Sort Key": ["(sum((lineitem.l_extendedprice * (1::double precision - lineitem.l_discount)))) DESC"], "Plans": [{"Node Type": "Aggregate", "Strategy": "Hashed", "Parent Relationship": "Outer", "Startup Cost": 2688942.8, "Total Cost": 2703401.78, "Plan Rows": 1445898, "Plan Width": 199, "Group By Key": ["customer.c_custkey", "customer.c_name", "customer.c_acctbal", "customer.c_phone", "nation.n_name", "customer.c_address", "customer.c_comment"], "Plans": [{"Node Type": "Hash Join", "Parent Relationship": "Outer", "Join Type": "Inner", "Startup Cost": 377859.22, "Total Cost": 2652795.35, "Plan Rows": 1445898, "Plan Width": 191, "Inner Unique": true, "Hash Cond": "(customer.c_nationkey = nation.n_nationkey), (LLVM Optimized)", "Plans": [{"Node Type": "Hash Join", "Parent Relationship": "Outer", "Join Type": "Inner", "Startup Cost": 377857.66, "Total Cost": 2632912.69, "Plan Rows": 1445898, "Plan Width": 169, "Inner Unique": true, "Hash Cond": "(orders.o_custkey = customer.c_custkey), (LLVM Optimized)", "Plans": [{"Node Type": "Hash Join", "Parent Relationship": "Outer", "Join Type": "Inner", "Startup Cost": 306981.66, "Total Cost": 2542155.59, "Plan Rows": 1445898, "Plan Width": 24, "Inner Unique": true, "Hash Cond": "(lineitem.l_orderkey = orders.o_orderkey), (LLVM Optimized)", "Plans": [{"Node Type": "Seq Scan", "Parent Relationship": "Outer", "Relation Name": "lineitem", "Alias": "lineitem", "Startup Cost": 0.0, "Total Cost": 2165082.91, "Plan Rows": 14835209, "Plan Width": 24, "Filter": "(l_returnflag = 'R'::bpchar), (LLVM Optimized)"}, {"Node Type": "Hash", "Parent Relationship": "Inner", "Startup Cost": 299784.84, "Total Cost": 299784.84, "Plan Rows": 575746, "Plan Width": 16, "Plans": [{"Node Type": "Bitmap Heap Scan", "Parent Relationship": "Outer", "Relation Name": "orders", "Alias": "orders", "Startup Cost": 14729.65, "Total Cost": 299784.84, "Plan Rows": 575746, "Plan Width": 16, "Recheck Cond": "((o_orderdate >= '1993-08-01 00:00:00'::timestamp(0) without time zone) AND (o_orderdate < '1993-11-01 00:00:00'::timestamp without time zone)), (LLVM Optimized)", "Plans": [{"Node Type": "Bitmap Index Scan", "Parent Relationship": "Outer", "Index Name": "idx_orders_orderdate", "Startup Cost": 0.0, "Total Cost": 14585.71, "Plan Rows": 575746, "Plan Width": 0, "Index Cond": "((o_orderdate >= '1993-08-01 00:00:00'::timestamp(0) without time zone) AND (o_orderdate < '1993-11-01 00:00:00'::timestamp without time zone))"}]}]}]}, {"Node Type": "Hash", "Parent Relationship": "Inner", "Startup Cost": 52126.0, "Total Cost": 52126.0, "Plan Rows": 1500000, "Plan Width": 153, "Plans": [{"Node Type": "Seq Scan", "Parent Relationship": "Outer", "Relation Name": "customer", "Alias": "customer", "Startup Cost": 0.0, "Total Cost": 52126.0, "Plan Rows": 1500000, "Plan Width": 153}]}]}, {"Node Type": "Hash", "Parent Relationship": "Inner", "Startup Cost": 1.25, "Total Cost": 1.25, "Plan Rows": 25, "Plan Width": 30, "Plans": [{"Node Type": "Seq Scan", "Parent Relationship": "Outer", "Relation Name": "nation", "Alias": "nation", "Startup Cost": 0.0, "Total Cost": 1.25, "Plan Rows": 25, "Plan Width": 30}]}]}]}]}]}, "Unique SQL Id": 1604070524, "Planner Runtime": 1}, "explain_analyze_plan": {"Plan": {"Node Type": "Limit", "Startup Cost": 2741876.6, "Total Cost": 2741876.65, "Plan Rows": 20, "Plan Width": 199, "Actual Startup Time": 32209.202, "Actual Total Time": 32209.207, "Actual Rows": 20, "Actual Loops": 1, "Plans": [{"Node Type": "Sort", "Parent Relationship": "Outer", "Startup Cost": 2741876.6, "Total Cost": 2745491.35, "Plan Rows": 20, "Plan Width": 199, "Actual Startup Time": 32209.199, "Actual Total Time": 32209.201, "Actual Rows": 20, "Actual Loops": 1, "Sort Key": ["(sum((lineitem.l_extendedprice * (1::double precision - lineitem.l_discount)))) DESC"], "Sort Method": "top-N heapsort", "Sort Space Used": 35, "Sort Space Type": "Memory", "Plans": [{"Node Type": "Aggregate", "Strategy": "Hashed", "Parent Relationship": "Outer", "Startup Cost": 2688942.8, "Total Cost": 2703401.78, "Plan Rows": 1445898, "Plan Width": 199, "Actual Startup Time": 31864.123, "Actual Total Time": 32074.823, "Actual Rows": 381542, "Actual Loops": 1, "Group By Key": ["customer.c_custkey", "customer.c_name", "customer.c_acctbal", "customer.c_phone", "nation.n_name", "customer.c_address", "customer.c_comment"], "Plans": [{"Node Type": "Hash Join", "Parent Relationship": "Outer", "Join Type": "Inner", "Startup Cost": 377859.22, "Total Cost": 2652795.35, "Plan Rows": 1445898, "Plan Width": 191, "Actual Startup Time": 2369.806, "Actual Total Time": 30028.378, "Actual Rows": 1145969, "Actual Loops": 1, "Inner Unique": true, "Hash Cond": "(customer.c_nationkey = nation.n_nationkey), (LLVM Optimized, Jit Execute)", "Plans": [{"Node Type": "Hash Join", "Parent Relationship": "Outer", "Join Type": "Inner", "Startup Cost": 377857.66, "Total Cost": 2632912.69, "Plan Rows": 1445898, "Plan Width": 169, "Actual Startup Time": 2369.707, "Actual Total Time": 29557.817, "Actual Rows": 1145969, "Actual Loops": 1, "Inner Unique": true, "Hash Cond": "(orders.o_custkey = customer.c_custkey), (LLVM Optimized, Jit Execute)", "Plans": [{"Node Type": "Hash Join", "Parent Relationship": "Outer", "Join Type": "Inner", "Startup Cost": 306981.66, "Total Cost": 2542155.59, "Plan Rows": 1445898, "Plan Width": 24, "Actual Startup Time": 1138.289, "Actual Total Time": 27567.336, "Actual Rows": 1145969, "Actual Loops": 1, "Inner Unique": true, "Hash Cond": "(lineitem.l_orderkey = orders.o_orderkey), (LLVM Optimized, Jit Execute)", "Plans": [{"Node Type": "Seq Scan", "Parent Relationship": "Outer", "Relation Name": "lineitem", "Alias": "lineitem", "Startup Cost": 0.0, "Total Cost": 2165082.91, "Plan Rows": 14835209, "Plan Width": 24, "Actual Startup Time": 0.018, "Actual Total Time": 22010.703, "Actual Rows": 14808183, "Actual Loops": 1, "Filter": "(l_returnflag = 'R'::bpchar), (LLVM Optimized, Jit Execute)", "Rows Removed by Filter": 45177869}, {"Node Type": "Hash", "Parent Relationship": "Inner", "Startup Cost": 299784.84, "Total Cost": 299784.84, "Plan Rows": 575746, "Plan Width": 16, "Actual Startup Time": 1137.516, "Actual Total Time": 1137.516, "Actual Rows": 573635, "Actual Loops": 1, "Hash Buckets": 1048576, "Hash Batches": 1, "Original Hash Batches": 1, "Peak Memory Usage": 26890, "Plans": [{"Node Type": "Bitmap Heap Scan", "Parent Relationship": "Outer", "Relation Name": "orders", "Alias": "orders", "Startup Cost": 14729.65, "Total Cost": 299784.84, "Plan Rows": 575746, "Plan Width": 16, "Actual Startup Time": 246.943, "Actual Total Time": 931.513, "Actual Rows": 573635, "Actual Loops": 1, "Recheck Cond": "((o_orderdate >= '1993-08-01 00:00:00'::timestamp(0) without time zone) AND (o_orderdate < '1993-11-01 00:00:00'::timestamp without time zone)), (LLVM Optimized, Jit Execute)", "Rows Removed by Index Recheck": 0, "Exact Heap Blocks": 242860, "Lossy Heap Blocks": 242860, "Plans": [{"Node Type": "Bitmap Index Scan", "Parent Relationship": "Outer", "Index Name": "idx_orders_orderdate", "Startup Cost": 0.0, "Total Cost": 14585.71, "Plan Rows": 575746, "Plan Width": 0, "Actual Startup Time": 168.553, "Actual Total Time": 168.553, "Actual Rows": 573635, "Actual Loops": 1, "Index Cond": "((o_orderdate >= '1993-08-01 00:00:00'::timestamp(0) without time zone) AND (o_orderdate < '1993-11-01 00:00:00'::timestamp without time zone))"}]}]}]}, {"Node Type": "Hash", "Parent Relationship": "Inner", "Startup Cost": 52126.0, "Total Cost": 52126.0, "Plan Rows": 1500000, "Plan Width": 153, "Actual Startup Time": 1230.084, "Actual Total Time": 1230.084, "Actual Rows": 1500000, "Actual Loops": 1, "Hash Buckets": 2097152, "Hash Batches": 1, "Original Hash Batches": 1, "Peak Memory Usage": 282695, "Plans": [{"Node Type": "Seq Scan", "Parent Relationship": "Outer", "Relation Name": "customer", "Alias": "customer", "Startup Cost": 0.0, "Total Cost": 52126.0, "Plan Rows": 1500000, "Plan Width": 153, "Actual Startup Time": 0.017, "Actual Total Time": 575.693, "Actual Rows": 1500000, "Actual Loops": 1}]}]}, {"Node Type": "Hash", "Parent Relationship": "Inner", "Startup Cost": 1.25, "Total Cost": 1.25, "Plan Rows": 25, "Plan Width": 30, "Actual Startup Time": 0.052, "Actual Total Time": 0.052, "Actual Rows": 25, "Actual Loops": 1, "Hash Buckets": 32768, "Hash Batches": 1, "Original Hash Batches": 1, "Peak Memory Usage": 2, "Plans": [{"Node Type": "Seq Scan", "Parent Relationship": "Outer", "Relation Name": "nation", "Alias": "nation", "Startup Cost": 0.0, "Total Cost": 1.25, "Plan Rows": 25, "Plan Width": 30, "Actual Startup Time": 0.024, "Actual Total Time": 0.03, "Actual Rows": 25, "Actual Loops": 1}]}]}]}]}]}, "Triggers": [], "Planner Runtime": 1, "Total Runtime": 32220.436, "Unique SQL Id": 1604070524}}, "(64, 39)": {"explain_plan": {"Plan": {"Node Type": "Limit", "Startup Cost": 13443415.76, "Total Cost": 13443415.81, "Plan Rows": 20, "Plan Width": 199, "Plans": [{"Node Type": "Sort", "Parent Relationship": "Outer", "Startup Cost": 13443415.76, "Total Cost": 13447030.51, "Plan Rows": 20, "Plan Width": 199, "Sort Key": ["(sum((lineitem.l_extendedprice * (1::double precision - lineitem.l_discount)))) DESC"], "Plans": [{"Node Type": "Aggregate", "Strategy": "Hashed", "Parent Relationship": "Outer", "Startup Cost": 13390481.96, "Total Cost": 13404940.94, "Plan Rows": 1445898, "Plan Width": 199, "Group By Key": ["customer.c_custkey", "customer.c_name", "customer.c_acctbal", "customer.c_phone", "nation.n_name", "customer.c_address", "customer.c_comment"], "Plans": [{"Node Type": "Nested Loop", "Parent Relationship": "Outer", "Join Type": "Inner", "Startup Cost": 14732.12, "Total Cost": 13354334.51, "Plan Rows": 1445898, "Plan Width": 191, "Inner Unique": false, "Plans": [{"Node Type": "Nested Loop", "Parent Relationship": "Outer", "Join Type": "Inner", "Startup Cost": 14730.2, "Total Cost": 5249597.54, "Plan Rows": 575746, "Plan Width": 183, "Inner Unique": true, "Plans": [{"Node Type": "Nested Loop", "Parent Relationship": "Outer", "Join Type": "Inner", "Startup Cost": 14729.94, "Total Cost": 2785257.65, "Plan Rows": 575746, "Plan Width": 161, "Inner Unique": true, "Plans": [{"Node Type": "Bitmap Heap Scan", "Parent Relationship": "Outer", "Relation Name": "orders", "Alias": "orders", "Startup Cost": 14729.65, "Total Cost": 299784.84, "Plan Rows": 575746, "Plan Width": 16, "Recheck Cond": "((o_orderdate >= '1993-08-01 00:00:00'::timestamp(0) without time zone) AND (o_orderdate < '1993-11-01 00:00:00'::timestamp without time zone)), (LLVM Optimized)", "Plans": [{"Node Type": "Bitmap Index Scan", "Parent Relationship": "Outer", "Index Name": "idx_orders_orderdate", "Startup Cost": 0.0, "Total Cost": 14585.71, "Plan Rows": 575746, "Plan Width": 0, "Index Cond": "((o_orderdate >= '1993-08-01 00:00:00'::timestamp(0) without time zone) AND (o_orderdate < '1993-11-01 00:00:00'::timestamp without time zone))"}]}, {"Node Type": "Bitmap Heap Scan", "Parent Relationship": "Inner", "Relation Name": "customer", "Alias": "customer", "Startup Cost": 0.29, "Total Cost": 4.31, "Plan Rows": 1, "Plan Width": 153, "Recheck Cond": "(c_custkey = orders.o_custkey)", "Plans": [{"Node Type": "Bitmap Index Scan", "Parent Relationship": "Outer", "Index Name": "customer_pkey", "Startup Cost": 0.0, "Total Cost": 0.29, "Plan Rows": 1, "Plan Width": 0, "Index Cond": "(c_custkey = orders.o_custkey)"}]}]}, {"Node Type": "Bitmap Heap Scan", "Parent Relationship": "Inner", "Relation Name": "nation", "Alias": "nation", "Startup Cost": 0.26, "Total Cost": 4.27, "Plan Rows": 1, "Plan Width": 30, "Recheck Cond": "(n_nationkey = customer.c_nationkey)", "Plans": [{"Node Type": "Bitmap Index Scan", "Parent Relationship": "Outer", "Index Name": "nation_pkey", "Startup Cost": 0.0, "Total Cost": 0.26, "Plan Rows": 1, "Plan Width": 0, "Index Cond": "(n_nationkey = customer.c_nationkey)"}]}]}, {"Node Type": "Bitmap Heap Scan", "Parent Relationship": "Inner", "Relation Name": "lineitem", "Alias": "lineitem", "Startup Cost": 1.93, "Total Cost": 14.05, "Plan Rows": 3, "Plan Width": 24, "Recheck Cond": "(l_orderkey = orders.o_orderkey)", "Filter": "(l_returnflag = 'R'::bpchar)", "Plans": [{"Node Type": "Bitmap Index Scan", "Parent Relationship": "Outer", "Index Name": "idx_lineitem_orderkey", "Startup Cost": 0.0, "Total Cost": 1.92, "Plan Rows": 9, "Plan Width": 0, "Index Cond": "(l_orderkey = orders.o_orderkey)"}]}]}]}]}]}, "Unique SQL Id": 1604070524, "Planner Runtime": 0}, "explain_analyze_plan": {"Plan": {"Node Type": "Limit", "Startup Cost": 13443415.76, "Total Cost": 13443415.81, "Plan Rows": 20, "Plan Width": 199, "Actual Startup Time": 16957.333, "Actual Total Time": 16957.341, "Actual Rows": 20, "Actual Loops": 1, "Plans": [{"Node Type": "Sort", "Parent Relationship": "Outer", "Startup Cost": 13443415.76, "Total Cost": 13447030.51, "Plan Rows": 20, "Plan Width": 199, "Actual Startup Time": 16957.329, "Actual Total Time": 16957.334, "Actual Rows": 20, "Actual Loops": 1, "Sort Key": ["(sum((lineitem.l_extendedprice * (1::double precision - lineitem.l_discount)))) DESC"], "Sort Method": "top-N heapsort", "Sort Space Used": 35, "Sort Space Type": "Memory", "Plans": [{"Node Type": "Aggregate", "Strategy": "Hashed", "Parent Relationship": "Outer", "Startup Cost": 13390481.96, "Total Cost": 13404940.94, "Plan Rows": 1445898, "Plan Width": 199, "Actual Startup Time": 16583.968, "Actual Total Time": 16822.306, "Actual Rows": 381542, "Actual Loops": 1, "Group By Key": ["customer.c_custkey", "customer.c_name", "customer.c_acctbal", "customer.c_phone", "nation.n_name", "customer.c_address", "customer.c_comment"], "Plans": [{"Node Type": "Nested Loop", "Parent Relationship": "Outer", "Join Type": "Inner", "Startup Cost": 14732.12, "Total Cost": 13354334.51, "Plan Rows": 1445898, "Plan Width": 191, "Actual Startup Time": 241.783, "Actual Total Time": 14652.01, "Actual Rows": 1145969, "Actual Loops": 1, "Inner Unique": false, "Plans": [{"Node Type": "Nested Loop", "Parent Relationship": "Outer", "Join Type": "Inner", "Startup Cost": 14730.2, "Total Cost": 5249597.54, "Plan Rows": 575746, "Plan Width": 183, "Actual Startup Time": 241.73, "Actual Total Time": 8212.424, "Actual Rows": 573635, "Actual Loops": 1, "Inner Unique": true, "Plans": [{"Node Type": "Nested Loop", "Parent Relationship": "Outer", "Join Type": "Inner", "Startup Cost": 14729.94, "Total Cost": 2785257.65, "Plan Rows": 575746, "Plan Width": 161, "Actual Startup Time": 241.696, "Actual Total Time": 6036.117, "Actual Rows": 573635, "Actual Loops": 1, "Inner Unique": true, "Plans": [{"Node Type": "Bitmap Heap Scan", "Parent Relationship": "Outer", "Relation Name": "orders", "Alias": "orders", "Startup Cost": 14729.65, "Total Cost": 299784.84, "Plan Rows": 575746, "Plan Width": 16, "Actual Startup Time": 241.45, "Actual Total Time": 1047.688, "Actual Rows": 573635, "Actual Loops": 1, "Recheck Cond": "((o_orderdate >= '1993-08-01 00:00:00'::timestamp(0) without time zone) AND (o_orderdate < '1993-11-01 00:00:00'::timestamp without time zone)), (LLVM Optimized, Jit Execute)", "Rows Removed by Index Recheck": 0, "Exact Heap Blocks": 242860, "Lossy Heap Blocks": 242860, "Plans": [{"Node Type": "Bitmap Index Scan", "Parent Relationship": "Outer", "Index Name": "idx_orders_orderdate", "Startup Cost": 0.0, "Total Cost": 14585.71, "Plan Rows": 575746, "Plan Width": 0, "Actual Startup Time": 167.064, "Actual Total Time": 167.064, "Actual Rows": 573635, "Actual Loops": 1, "Index Cond": "((o_orderdate >= '1993-08-01 00:00:00'::timestamp(0) without time zone) AND (o_orderdate < '1993-11-01 00:00:00'::timestamp without time zone))"}]}, {"Node Type": "Bitmap Heap Scan", "Parent Relationship": "Inner", "Relation Name": "customer", "Alias": "customer", "Startup Cost": 0.29, "Total Cost": 4.31, "Plan Rows": 1, "Plan Width": 153, "Actual Startup Time": 4129.14, "Actual Total Time": 4129.14, "Actual Rows": 573635, "Actual Loops": 573635, "Recheck Cond": "(c_custkey = orders.o_custkey)", "Rows Removed by Index Recheck": 0, "Exact Heap Blocks": 573635, "Lossy Heap Blocks": 573635, "Plans": [{"Node Type": "Bitmap Index Scan", "Parent Relationship": "Outer", "Index Name": "customer_pkey", "Startup Cost": 0.0, "Total Cost": 0.29, "Plan Rows": 1, "Plan Width": 0, "Actual Startup Time": 2565.96, "Actual Total Time": 2565.96, "Actual Rows": 573635, "Actual Loops": 573635, "Index Cond": "(c_custkey = orders.o_custkey)"}]}]}, {"Node Type": "Bitmap Heap Scan", "Parent Relationship": "Inner", "Relation Name": "nation", "Alias": "nation", "Startup Cost": 0.26, "Total Cost": 4.27, "Plan Rows": 1, "Plan Width": 30, "Actual Startup Time": 1398.487, "Actual Total Time": 1398.487, "Actual Rows": 573635, "Actual Loops": 573635, "Recheck Cond": "(n_nationkey = customer.c_nationkey)", "Rows Removed by Index Recheck": 0, "Exact Heap Blocks": 573635, "Lossy Heap Blocks": 573635, "Plans": [{"Node Type": "Bitmap Index Scan", "Parent Relationship": "Outer", "Index Name": "nation_pkey", "Startup Cost": 0.0, "Total Cost": 0.26, "Plan Rows": 1, "Plan Width": 0, "Actual Startup Time": 610.04, "Actual Total Time": 610.04, "Actual Rows": 573635, "Actual Loops": 573635, "Index Cond": "(n_nationkey = customer.c_nationkey)"}]}]}, {"Node Type": "Bitmap Heap Scan", "Parent Relationship": "Inner", "Relation Name": "lineitem", "Alias": "lineitem", "Startup Cost": 1.93, "Total Cost": 14.05, "Plan Rows": 3, "Plan Width": 24, "Actual Startup Time": 4947.793, "Actual Total Time": 5480.067, "Actual Rows": 1145969, "Actual Loops": 573635, "Recheck Cond": "(l_orderkey = orders.o_orderkey)", "Rows Removed by Index Recheck": 0, "Filter": "(l_returnflag = 'R'::bpchar)", "Rows Removed by Filter": 1146896, "Exact Heap Blocks": 614400, "Lossy Heap Blocks": 614400, "Plans": [{"Node Type": "Bitmap Index Scan", "Parent Relationship": "Outer", "Index Name": "idx_lineitem_orderkey", "Startup Cost": 0.0, "Total Cost": 1.92, "Plan Rows": 9, "Plan Width": 0, "Actual Startup Time": 2505.557, "Actual Total Time": 2505.557, "Actual Rows": 2292865, "Actual Loops": 573635, "Index Cond": "(l_orderkey = orders.o_orderkey)"}]}]}]}]}]}, "Triggers": [], "Planner Runtime": 0, "Total Runtime": 16967.566, "Unique SQL Id": 1604070524}}, "(64, 40)": {"explain_plan": {"Plan": {"Node Type": "Limit", "Startup Cost": 2943502.95, "Total Cost": 2943503.0, "Plan Rows": 20, "Plan Width": 199, "Plans": [{"Node Type": "Sort", "Parent Relationship": "Outer", "Startup Cost": 2943502.95, "Total Cost": 2947117.69, "Plan Rows": 20, "Plan Width": 199, "Sort Key": ["(sum((lineitem.l_extendedprice * (1::double precision - lineitem.l_discount)))) DESC"], "Plans": [{"Node Type": "Aggregate", "Strategy": "Hashed", "Parent Relationship": "Outer", "Startup Cost": 2890569.14, "Total Cost": 2905028.12, "Plan Rows": 1445898, "Plan Width": 199, "Group By Key": ["customer.c_custkey", "customer.c_name", "customer.c_acctbal", "customer.c_phone", "nation.n_name", "customer.c_address", "customer.c_comment"], "Plans": [{"Node Type": "Hash Join", "Parent Relationship": "Outer", "Join Type": "Inner", "Startup Cost": 579485.57, "Total Cost": 2854421.69, "Plan Rows": 1445898, "Plan Width": 191, "Inner Unique": true, "Hash Cond": "(customer.c_nationkey = nation.n_nationkey), (LLVM Optimized)", "Plans": [{"Node Type": "Hash Join", "Parent Relationship": "Outer", "Join Type": "Inner", "Startup Cost": 579484.01, "Total Cost": 2834539.03, "Plan Rows": 1445898, "Plan Width": 169, "Inner Unique": true, "Hash Cond": "(orders.o_custkey = customer.c_custkey), (LLVM Optimized)", "Plans": [{"Node Type": "Hash Join", "Parent Relationship": "Outer", "Join Type": "Inner", "Startup Cost": 508608.01, "Total Cost": 2743781.94, "Plan Rows": 1445898, "Plan Width": 24, "Inner Unique": true, "Hash Cond": "(lineitem.l_orderkey = orders.o_orderkey), (LLVM Optimized)", "Plans": [{"Node Type": "Seq Scan", "Parent Relationship": "Outer", "Relation Name": "lineitem", "Alias": "lineitem", "Startup Cost": 0.0, "Total Cost": 2165082.91, "Plan Rows": 14835209, "Plan Width": 24, "Filter": "(l_returnflag = 'R'::bpchar), (LLVM Optimized)"}, {"Node Type": "Hash", "Parent Relationship": "Inner", "Startup Cost": 501411.18, "Total Cost": 501411.18, "Plan Rows": 575746, "Plan Width": 16, "Plans": [{"Node Type": "Seq Scan", "Parent Relationship": "Outer", "Relation Name": "orders", "Alias": "orders", "Startup Cost": 578.97, "Total Cost": 501411.18, "Plan Rows": 575746, "Plan Width": 16, "Filter": "((o_orderdate >= '1993-08-01 00:00:00'::timestamp(0) without time zone) AND (o_orderdate < '1993-11-01 00:00:00'::timestamp without time zone)), (LLVM Optimized)"}]}]}, {"Node Type": "Hash", "Parent Relationship": "Inner", "Startup Cost": 52126.0, "Total Cost": 52126.0, "Plan Rows": 1500000, "Plan Width": 153, "Plans": [{"Node Type": "Seq Scan", "Parent Relationship": "Outer", "Relation Name": "customer", "Alias": "customer", "Startup Cost": 0.0, "Total Cost": 52126.0, "Plan Rows": 1500000, "Plan Width": 153}]}]}, {"Node Type": "Hash", "Parent Relationship": "Inner", "Startup Cost": 1.25, "Total Cost": 1.25, "Plan Rows": 25, "Plan Width": 30, "Plans": [{"Node Type": "Seq Scan", "Parent Relationship": "Outer", "Relation Name": "nation", "Alias": "nation", "Startup Cost": 0.0, "Total Cost": 1.25, "Plan Rows": 25, "Plan Width": 30}]}]}]}]}]}, "Unique SQL Id": 1604070524, "Planner Runtime": 1}, "explain_analyze_plan": {"Plan": {"Node Type": "Limit", "Startup Cost": 2943502.95, "Total Cost": 2943503.0, "Plan Rows": 20, "Plan Width": 199, "Actual Startup Time": 36920.501, "Actual Total Time": 36920.507, "Actual Rows": 20, "Actual Loops": 1, "Plans": [{"Node Type": "Sort", "Parent Relationship": "Outer", "Startup Cost": 2943502.95, "Total Cost": 2947117.69, "Plan Rows": 20, "Plan Width": 199, "Actual Startup Time": 36920.499, "Actual Total Time": 36920.503, "Actual Rows": 20, "Actual Loops": 1, "Sort Key": ["(sum((lineitem.l_extendedprice * (1::double precision - lineitem.l_discount)))) DESC"], "Sort Method": "top-N heapsort", "Sort Space Used": 35, "Sort Space Type": "Memory", "Plans": [{"Node Type": "Aggregate", "Strategy": "Hashed", "Parent Relationship": "Outer", "Startup Cost": 2890569.14, "Total Cost": 2905028.12, "Plan Rows": 1445898, "Plan Width": 199, "Actual Startup Time": 36545.483, "Actual Total Time": 36785.555, "Actual Rows": 381542, "Actual Loops": 1, "Group By Key": ["customer.c_custkey", "customer.c_name", "customer.c_acctbal", "customer.c_phone", "nation.n_name", "customer.c_address", "customer.c_comment"], "Plans": [{"Node Type": "Hash Join", "Parent Relationship": "Outer", "Join Type": "Inner", "Startup Cost": 579485.57, "Total Cost": 2854421.69, "Plan Rows": 1445898, "Plan Width": 191, "Actual Startup Time": 6881.164, "Actual Total Time": 34691.279, "Actual Rows": 1145969, "Actual Loops": 1, "Inner Unique": true, "Hash Cond": "(customer.c_nationkey = nation.n_nationkey), (LLVM Optimized, Jit Execute)", "Plans": [{"Node Type": "Hash Join", "Parent Relationship": "Outer", "Join Type": "Inner", "Startup Cost": 579484.01, "Total Cost": 2834539.03, "Plan Rows": 1445898, "Plan Width": 169, "Actual Startup Time": 6881.038, "Actual Total Time": 34222.051, "Actual Rows": 1145969, "Actual Loops": 1, "Inner Unique": true, "Hash Cond": "(orders.o_custkey = customer.c_custkey), (LLVM Optimized, Jit Execute)", "Plans": [{"Node Type": "Hash Join", "Parent Relationship": "Outer", "Join Type": "Inner", "Startup Cost": 508608.01, "Total Cost": 2743781.94, "Plan Rows": 1445898, "Plan Width": 24, "Actual Startup Time": 5638.194, "Actual Total Time": 32187.007, "Actual Rows": 1145969, "Actual Loops": 1, "Inner Unique": true, "Hash Cond": "(lineitem.l_orderkey = orders.o_orderkey), (LLVM Optimized, Jit Execute)", "Plans": [{"Node Type": "Seq Scan", "Parent Relationship": "Outer", "Relation Name": "lineitem", "Alias": "lineitem", "Startup Cost": 0.0, "Total Cost": 2165082.91, "Plan Rows": 14835209, "Plan Width": 24, "Actual Startup Time": 0.023, "Actual Total Time": 21948.455, "Actual Rows": 14808183, "Actual Loops": 1, "Filter": "(l_returnflag = 'R'::bpchar), (LLVM Optimized, Jit Execute)", "Rows Removed by Filter": 45177869}, {"Node Type": "Hash", "Parent Relationship": "Inner", "Startup Cost": 501411.18, "Total Cost": 501411.18, "Plan Rows": 575746, "Plan Width": 16, "Actual Startup Time": 5637.479, "Actual Total Time": 5637.479, "Actual Rows": 573635, "Actual Loops": 1, "Hash Buckets": 1048576, "Hash Batches": 1, "Original Hash Batches": 1, "Peak Memory Usage": 26890, "Plans": [{"Node Type": "Seq Scan", "Parent Relationship": "Outer", "Relation Name": "orders", "Alias": "orders", "Startup Cost": 578.97, "Total Cost": 501411.18, "Plan Rows": 575746, "Plan Width": 16, "Actual Startup Time": 0.025, "Actual Total Time": 5354.546, "Actual Rows": 573635, "Actual Loops": 1, "Filter": "((o_orderdate >= '1993-08-01 00:00:00'::timestamp(0) without time zone) AND (o_orderdate < '1993-11-01 00:00:00'::timestamp without time zone)), (LLVM Optimized, Jit Execute)", "Rows Removed by Filter": 14426365}]}]}, {"Node Type": "Hash", "Parent Relationship": "Inner", "Startup Cost": 52126.0, "Total Cost": 52126.0, "Plan Rows": 1500000, "Plan Width": 153, "Actual Startup Time": 1241.53, "Actual Total Time": 1241.53, "Actual Rows": 1500000, "Actual Loops": 1, "Hash Buckets": 2097152, "Hash Batches": 1, "Original Hash Batches": 1, "Peak Memory Usage": 282695, "Plans": [{"Node Type": "Seq Scan", "Parent Relationship": "Outer", "Relation Name": "customer", "Alias": "customer", "Startup Cost": 0.0, "Total Cost": 52126.0, "Plan Rows": 1500000, "Plan Width": 153, "Actual Startup Time": 0.017, "Actual Total Time": 579.941, "Actual Rows": 1500000, "Actual Loops": 1}]}]}, {"Node Type": "Hash", "Parent Relationship": "Inner", "Startup Cost": 1.25, "Total Cost": 1.25, "Plan Rows": 25, "Plan Width": 30, "Actual Startup Time": 0.056, "Actual Total Time": 0.056, "Actual Rows": 25, "Actual Loops": 1, "Hash Buckets": 32768, "Hash Batches": 1, "Original Hash Batches": 1, "Peak Memory Usage": 2, "Plans": [{"Node Type": "Seq Scan", "Parent Relationship": "Outer", "Relation Name": "nation", "Alias": "nation", "Startup Cost": 0.0, "Total Cost": 1.25, "Plan Rows": 25, "Plan Width": 30, "Actual Startup Time": 0.025, "Actual Total Time": 0.033, "Actual Rows": 25, "Actual Loops": 1}]}]}]}]}]}, "Triggers": [], "Planner Runtime": 1, "Total Runtime": 36931.228, "Unique SQL Id": 1604070524}}, "(64, 41)": {"explain_plan": {"Plan": {"Node Type": "Limit", "Startup Cost": 4127035.84, "Total Cost": 4127035.89, "Plan Rows": 20, "Plan Width": 199, "Plans": [{"Node Type": "Sort", "Parent Relationship": "Outer", "Startup Cost": 4127035.84, "Total Cost": 4130650.58, "Plan Rows": 20, "Plan Width": 199, "Sort Key": ["(sum((lineitem.l_extendedprice * (1::double precision - lineitem.l_discount)))) DESC"], "Plans": [{"Node Type": "Aggregate", "Strategy": "Hashed", "Parent Relationship": "Outer", "Startup Cost": 4074102.03, "Total Cost": 4088561.01, "Plan Rows": 1445898, "Plan Width": 199, "Group By Key": ["customer.c_custkey", "customer.c_name", "customer.c_acctbal", "customer.c_phone", "nation.n_name", "customer.c_address", "customer.c_comment"], "Plans": [{"Node Type": "Nested Loop", "Parent Relationship": "Outer", "Join Type": "Inner", "Startup Cost": 99528.29, "Total Cost": 4037954.58, "Plan Rows": 1445898, "Plan Width": 191, "Inner Unique": false, "Plans": [{"Node Type": "Hash Join", "Parent Relationship": "Outer", "Join Type": "Inner", "Startup Cost": 99528.29, "Total Cost": 921337.14, "Plan Rows": 575746, "Plan Width": 183, "Inner Unique": true, "Hash Cond": "(customer.c_nationkey = nation.n_nationkey), (LLVM Optimized)", "Plans": [{"Node Type": "Hash Join", "Parent Relationship": "Outer", "Join Type": "Inner", "Startup Cost": 99515.36, "Total Cost": 913407.69, "Plan Rows": 575746, "Plan Width": 161, "Inner Unique": true, "Hash Cond": "(orders.o_custkey = customer.c_custkey), (LLVM Optimized)", "Plans": [{"Node Type": "Index Scan", "Parent Relationship": "Outer", "Scan Direction": "Forward", "Index Name": "orders_pkey", "Relation Name": "orders", "Alias": "orders", "Startup Cost": 0.0, "Total Cost": 805975.83, "Plan Rows": 575746, "Plan Width": 16, "Filter": "((o_orderdate >= '1993-08-01 00:00:00'::timestamp(0) without time zone) AND (o_orderdate < '1993-11-01 00:00:00'::timestamp without time zone)), (LLVM Optimized)"}, {"Node Type": "Hash", "Parent Relationship": "Inner", "Startup Cost": 80765.36, "Total Cost": 80765.36, "Plan Rows": 1500000, "Plan Width": 153, "Plans": [{"Node Type": "Index Scan", "Parent Relationship": "Outer", "Scan Direction": "Forward", "Index Name": "customer_pkey", "Relation Name": "customer", "Alias": "customer", "Startup Cost": 0.0, "Total Cost": 80765.36, "Plan Rows": 1500000, "Plan Width": 153}]}]}, {"Node Type": "Hash", "Parent Relationship": "Inner", "Startup Cost": 12.62, "Total Cost": 12.62, "Plan Rows": 25, "Plan Width": 30, "Plans": [{"Node Type": "Index Scan", "Parent Relationship": "Outer", "Scan Direction": "Forward", "Index Name": "nation_pkey", "Relation Name": "nation", "Alias": "nation", "Startup Cost": 0.0, "Total Cost": 12.62, "Plan Rows": 25, "Plan Width": 30}]}]}, {"Node Type": "Index Scan", "Parent Relationship": "Inner", "Scan Direction": "Forward", "Index Name": "idx_lineitem_orderkey", "Relation Name": "lineitem", "Alias": "lineitem", "Startup Cost": 0.0, "Total Cost": 5.38, "Plan Rows": 3, "Plan Width": 24, "Index Cond": "(l_orderkey = orders.o_orderkey)", "Filter": "(l_returnflag = 'R'::bpchar)"}]}]}]}]}, "Unique SQL Id": 1604070524, "Planner Runtime": 1}, "explain_analyze_plan": {"Plan": {"Node Type": "Limit", "Startup Cost": 4127035.84, "Total Cost": 4127035.89, "Plan Rows": 20, "Plan Width": 199, "Actual Startup Time": 21134.985, "Actual Total Time": 21134.993, "Actual Rows": 20, "Actual Loops": 1, "Plans": [{"Node Type": "Sort", "Parent Relationship": "Outer", "Startup Cost": 4127035.84, "Total Cost": 4130650.58, "Plan Rows": 20, "Plan Width": 199, "Actual Startup Time": 21134.982, "Actual Total Time": 21134.985, "Actual Rows": 20, "Actual Loops": 1, "Sort Key": ["(sum((lineitem.l_extendedprice * (1::double precision - lineitem.l_discount)))) DESC"], "Sort Method": "top-N heapsort", "Sort Space Used": 35, "Sort Space Type": "Memory", "Plans": [{"Node Type": "Aggregate", "Strategy": "Hashed", "Parent Relationship": "Outer", "Startup Cost": 4074102.03, "Total Cost": 4088561.01, "Plan Rows": 1445898, "Plan Width": 199, "Actual Startup Time": 20745.969, "Actual Total Time": 20998.23, "Actual Rows": 381542, "Actual Loops": 1, "Group By Key": ["customer.c_custkey", "customer.c_name", "customer.c_acctbal", "customer.c_phone", "nation.n_name", "customer.c_address", "customer.c_comment"], "Plans": [{"Node Type": "Nested Loop", "Parent Relationship": "Outer", "Join Type": "Inner", "Startup Cost": 99528.29, "Total Cost": 4037954.58, "Plan Rows": 1445898, "Plan Width": 191, "Actual Startup Time": 1600.72, "Actual Total Time": 18843.051, "Actual Rows": 1145969, "Actual Loops": 1, "Inner Unique": false, "Plans": [{"Node Type": "Hash Join", "Parent Relationship": "Outer", "Join Type": "Inner", "Startup Cost": 99528.29, "Total Cost": 921337.14, "Plan Rows": 575746, "Plan Width": 183, "Actual Startup Time": 1600.653, "Actual Total Time": 13140.575, "Actual Rows": 573635, "Actual Loops": 1, "Inner Unique": true, "Hash Cond": "(customer.c_nationkey = nation.n_nationkey), (LLVM Optimized, Jit Execute)", "Plans": [{"Node Type": "Hash Join", "Parent Relationship": "Outer", "Join Type": "Inner", "Startup Cost": 99515.36, "Total Cost": 913407.69, "Plan Rows": 575746, "Plan Width": 161, "Actual Startup Time": 1600.552, "Actual Total Time": 12889.515, "Actual Rows": 573635, "Actual Loops": 1, "Inner Unique": true, "Hash Cond": "(orders.o_custkey = customer.c_custkey), (LLVM Optimized, Jit Execute)", "Plans": [{"Node Type": "Index Scan", "Parent Relationship": "Outer", "Scan Direction": "Forward", "Index Name": "orders_pkey", "Relation Name": "orders", "Alias": "orders", "Startup Cost": 0.0, "Total Cost": 805975.83, "Plan Rows": 575746, "Plan Width": 16, "Actual Startup Time": 0.033, "Actual Total Time": 10620.983, "Actual Rows": 573635, "Actual Loops": 1, "Filter": "((o_orderdate >= '1993-08-01 00:00:00'::timestamp(0) without time zone) AND (o_orderdate < '1993-11-01 00:00:00'::timestamp without time zone)), (LLVM Optimized, Jit Execute)", "Rows Removed by Filter": 14426365}, {"Node Type": "Hash", "Parent Relationship": "Inner", "Startup Cost": 80765.36, "Total Cost": 80765.36, "Plan Rows": 1500000, "Plan Width": 153, "Actual Startup Time": 1599.252, "Actual Total Time": 1599.252, "Actual Rows": 1500000, "Actual Loops": 1, "Hash Buckets": 2097152, "Hash Batches": 1, "Original Hash Batches": 1, "Peak Memory Usage": 282695, "Plans": [{"Node Type": "Index Scan", "Parent Relationship": "Outer", "Scan Direction": "Forward", "Index Name": "customer_pkey", "Relation Name": "customer", "Alias": "customer", "Startup Cost": 0.0, "Total Cost": 80765.36, "Plan Rows": 1500000, "Plan Width": 153, "Actual Startup Time": 0.023, "Actual Total Time": 944.077, "Actual Rows": 1500000, "Actual Loops": 1}]}]}, {"Node Type": "Hash", "Parent Relationship": "Inner", "Startup Cost": 12.62, "Total Cost": 12.62, "Plan Rows": 25, "Plan Width": 30, "Actual Startup Time": 0.055, "Actual Total Time": 0.055, "Actual Rows": 25, "Actual Loops": 1, "Hash Buckets": 32768, "Hash Batches": 1, "Original Hash Batches": 1, "Peak Memory Usage": 2, "Plans": [{"Node Type": "Index Scan", "Parent Relationship": "Outer", "Scan Direction": "Forward", "Index Name": "nation_pkey", "Relation Name": "nation", "Alias": "nation", "Startup Cost": 0.0, "Total Cost": 12.62, "Plan Rows": 25, "Plan Width": 30, "Actual Startup Time": 0.022, "Actual Total Time": 0.035, "Actual Rows": 25, "Actual Loops": 1}]}]}, {"Node Type": "Index Scan", "Parent Relationship": "Inner", "Scan Direction": "Forward", "Index Name": "idx_lineitem_orderkey", "Relation Name": "lineitem", "Alias": "lineitem", "Startup Cost": 0.0, "Total Cost": 5.38, "Plan Rows": 3, "Plan Width": 24, "Actual Startup Time": 3796.484, "Actual Total Time": 5067.305, "Actual Rows": 1145969, "Actual Loops": 573635, "Index Cond": "(l_orderkey = orders.o_orderkey)", "Rows Removed by Index Recheck": 0, "Filter": "(l_returnflag = 'R'::bpchar)", "Rows Removed by Filter": 1146896}]}]}]}]}, "Triggers": [], "Planner Runtime": 1, "Total Runtime": 21145.328, "Unique SQL Id": 1604070524}}, "(64, 42)": {"explain_plan": {"Plan": {"Node Type": "Limit", "Startup Cost": 2943502.95, "Total Cost": 2943503.0, "Plan Rows": 20, "Plan Width": 199, "Plans": [{"Node Type": "Sort", "Parent Relationship": "Outer", "Startup Cost": 2943502.95, "Total Cost": 2947117.69, "Plan Rows": 20, "Plan Width": 199, "Sort Key": ["(sum((lineitem.l_extendedprice * (1::double precision - lineitem.l_discount)))) DESC"], "Plans": [{"Node Type": "Aggregate", "Strategy": "Hashed", "Parent Relationship": "Outer", "Startup Cost": 2890569.14, "Total Cost": 2905028.12, "Plan Rows": 1445898, "Plan Width": 199, "Group By Key": ["customer.c_custkey", "customer.c_name", "customer.c_acctbal", "customer.c_phone", "nation.n_name", "customer.c_address", "customer.c_comment"], "Plans": [{"Node Type": "Hash Join", "Parent Relationship": "Outer", "Join Type": "Inner", "Startup Cost": 579485.57, "Total Cost": 2854421.69, "Plan Rows": 1445898, "Plan Width": 191, "Inner Unique": true, "Hash Cond": "(customer.c_nationkey = nation.n_nationkey), (LLVM Optimized)", "Plans": [{"Node Type": "Hash Join", "Parent Relationship": "Outer", "Join Type": "Inner", "Startup Cost": 579484.01, "Total Cost": 2834539.03, "Plan Rows": 1445898, "Plan Width": 169, "Inner Unique": true, "Hash Cond": "(orders.o_custkey = customer.c_custkey), (LLVM Optimized)", "Plans": [{"Node Type": "Hash Join", "Parent Relationship": "Outer", "Join Type": "Inner", "Startup Cost": 508608.01, "Total Cost": 2743781.94, "Plan Rows": 1445898, "Plan Width": 24, "Inner Unique": true, "Hash Cond": "(lineitem.l_orderkey = orders.o_orderkey), (LLVM Optimized)", "Plans": [{"Node Type": "Seq Scan", "Parent Relationship": "Outer", "Relation Name": "lineitem", "Alias": "lineitem", "Startup Cost": 0.0, "Total Cost": 2165082.91, "Plan Rows": 14835209, "Plan Width": 24, "Filter": "(l_returnflag = 'R'::bpchar), (LLVM Optimized)"}, {"Node Type": "Hash", "Parent Relationship": "Inner", "Startup Cost": 501411.18, "Total Cost": 501411.18, "Plan Rows": 575746, "Plan Width": 16, "Plans": [{"Node Type": "Seq Scan", "Parent Relationship": "Outer", "Relation Name": "orders", "Alias": "orders", "Startup Cost": 578.97, "Total Cost": 501411.18, "Plan Rows": 575746, "Plan Width": 16, "Filter": "((o_orderdate >= '1993-08-01 00:00:00'::timestamp(0) without time zone) AND (o_orderdate < '1993-11-01 00:00:00'::timestamp without time zone)), (LLVM Optimized)"}]}]}, {"Node Type": "Hash", "Parent Relationship": "Inner", "Startup Cost": 52126.0, "Total Cost": 52126.0, "Plan Rows": 1500000, "Plan Width": 153, "Plans": [{"Node Type": "Seq Scan", "Parent Relationship": "Outer", "Relation Name": "customer", "Alias": "customer", "Startup Cost": 0.0, "Total Cost": 52126.0, "Plan Rows": 1500000, "Plan Width": 153}]}]}, {"Node Type": "Hash", "Parent Relationship": "Inner", "Startup Cost": 1.25, "Total Cost": 1.25, "Plan Rows": 25, "Plan Width": 30, "Plans": [{"Node Type": "Seq Scan", "Parent Relationship": "Outer", "Relation Name": "nation", "Alias": "nation", "Startup Cost": 0.0, "Total Cost": 1.25, "Plan Rows": 25, "Plan Width": 30}]}]}]}]}]}, "Unique SQL Id": 1604070524, "Planner Runtime": 1}, "explain_analyze_plan": {"Plan": {"Node Type": "Limit", "Startup Cost": 2943502.95, "Total Cost": 2943503.0, "Plan Rows": 20, "Plan Width": 199, "Actual Startup Time": 36920.501, "Actual Total Time": 36920.507, "Actual Rows": 20, "Actual Loops": 1, "Plans": [{"Node Type": "Sort", "Parent Relationship": "Outer", "Startup Cost": 2943502.95, "Total Cost": 2947117.69, "Plan Rows": 20, "Plan Width": 199, "Actual Startup Time": 36920.499, "Actual Total Time": 36920.503, "Actual Rows": 20, "Actual Loops": 1, "Sort Key": ["(sum((lineitem.l_extendedprice * (1::double precision - lineitem.l_discount)))) DESC"], "Sort Method": "top-N heapsort", "Sort Space Used": 35, "Sort Space Type": "Memory", "Plans": [{"Node Type": "Aggregate", "Strategy": "Hashed", "Parent Relationship": "Outer", "Startup Cost": 2890569.14, "Total Cost": 2905028.12, "Plan Rows": 1445898, "Plan Width": 199, "Actual Startup Time": 36545.483, "Actual Total Time": 36785.555, "Actual Rows": 381542, "Actual Loops": 1, "Group By Key": ["customer.c_custkey", "customer.c_name", "customer.c_acctbal", "customer.c_phone", "nation.n_name", "customer.c_address", "customer.c_comment"], "Plans": [{"Node Type": "Hash Join", "Parent Relationship": "Outer", "Join Type": "Inner", "Startup Cost": 579485.57, "Total Cost": 2854421.69, "Plan Rows": 1445898, "Plan Width": 191, "Actual Startup Time": 6881.164, "Actual Total Time": 34691.279, "Actual Rows": 1145969, "Actual Loops": 1, "Inner Unique": true, "Hash Cond": "(customer.c_nationkey = nation.n_nationkey), (LLVM Optimized, Jit Execute)", "Plans": [{"Node Type": "Hash Join", "Parent Relationship": "Outer", "Join Type": "Inner", "Startup Cost": 579484.01, "Total Cost": 2834539.03, "Plan Rows": 1445898, "Plan Width": 169, "Actual Startup Time": 6881.038, "Actual Total Time": 34222.051, "Actual Rows": 1145969, "Actual Loops": 1, "Inner Unique": true, "Hash Cond": "(orders.o_custkey = customer.c_custkey), (LLVM Optimized, Jit Execute)", "Plans": [{"Node Type": "Hash Join", "Parent Relationship": "Outer", "Join Type": "Inner", "Startup Cost": 508608.01, "Total Cost": 2743781.94, "Plan Rows": 1445898, "Plan Width": 24, "Actual Startup Time": 5638.194, "Actual Total Time": 32187.007, "Actual Rows": 1145969, "Actual Loops": 1, "Inner Unique": true, "Hash Cond": "(lineitem.l_orderkey = orders.o_orderkey), (LLVM Optimized, Jit Execute)", "Plans": [{"Node Type": "Seq Scan", "Parent Relationship": "Outer", "Relation Name": "lineitem", "Alias": "lineitem", "Startup Cost": 0.0, "Total Cost": 2165082.91, "Plan Rows": 14835209, "Plan Width": 24, "Actual Startup Time": 0.023, "Actual Total Time": 21948.455, "Actual Rows": 14808183, "Actual Loops": 1, "Filter": "(l_returnflag = 'R'::bpchar), (LLVM Optimized, Jit Execute)", "Rows Removed by Filter": 45177869}, {"Node Type": "Hash", "Parent Relationship": "Inner", "Startup Cost": 501411.18, "Total Cost": 501411.18, "Plan Rows": 575746, "Plan Width": 16, "Actual Startup Time": 5637.479, "Actual Total Time": 5637.479, "Actual Rows": 573635, "Actual Loops": 1, "Hash Buckets": 1048576, "Hash Batches": 1, "Original Hash Batches": 1, "Peak Memory Usage": 26890, "Plans": [{"Node Type": "Seq Scan", "Parent Relationship": "Outer", "Relation Name": "orders", "Alias": "orders", "Startup Cost": 578.97, "Total Cost": 501411.18, "Plan Rows": 575746, "Plan Width": 16, "Actual Startup Time": 0.025, "Actual Total Time": 5354.546, "Actual Rows": 573635, "Actual Loops": 1, "Filter": "((o_orderdate >= '1993-08-01 00:00:00'::timestamp(0) without time zone) AND (o_orderdate < '1993-11-01 00:00:00'::timestamp without time zone)), (LLVM Optimized, Jit Execute)", "Rows Removed by Filter": 14426365}]}]}, {"Node Type": "Hash", "Parent Relationship": "Inner", "Startup Cost": 52126.0, "Total Cost": 52126.0, "Plan Rows": 1500000, "Plan Width": 153, "Actual Startup Time": 1241.53, "Actual Total Time": 1241.53, "Actual Rows": 1500000, "Actual Loops": 1, "Hash Buckets": 2097152, "Hash Batches": 1, "Original Hash Batches": 1, "Peak Memory Usage": 282695, "Plans": [{"Node Type": "Seq Scan", "Parent Relationship": "Outer", "Relation Name": "customer", "Alias": "customer", "Startup Cost": 0.0, "Total Cost": 52126.0, "Plan Rows": 1500000, "Plan Width": 153, "Actual Startup Time": 0.017, "Actual Total Time": 579.941, "Actual Rows": 1500000, "Actual Loops": 1}]}]}, {"Node Type": "Hash", "Parent Relationship": "Inner", "Startup Cost": 1.25, "Total Cost": 1.25, "Plan Rows": 25, "Plan Width": 30, "Actual Startup Time": 0.056, "Actual Total Time": 0.056, "Actual Rows": 25, "Actual Loops": 1, "Hash Buckets": 32768, "Hash Batches": 1, "Original Hash Batches": 1, "Peak Memory Usage": 2, "Plans": [{"Node Type": "Seq Scan", "Parent Relationship": "Outer", "Relation Name": "nation", "Alias": "nation", "Startup Cost": 0.0, "Total Cost": 1.25, "Plan Rows": 25, "Plan Width": 30, "Actual Startup Time": 0.025, "Actual Total Time": 0.033, "Actual Rows": 25, "Actual Loops": 1}]}]}]}]}]}, "Triggers": [], "Planner Runtime": 1, "Total Runtime": 36931.228, "Unique SQL Id": 1604070524}}, "(64, 43)": {"explain_plan": {"Plan": {"Node Type": "Limit", "Startup Cost": 4032961124997.77, "Total Cost": 4032961124997.82, "Plan Rows": 20, "Plan Width": 199, "Plans": [{"Node Type": "Sort", "Parent Relationship": "Outer", "Startup Cost": 4032961124997.77, "Total Cost": 4032961128612.52, "Plan Rows": 20, "Plan Width": 199, "Sort Key": ["(sum((lineitem.l_extendedprice * (1::double precision - lineitem.l_discount)))) DESC"], "Plans": [{"Node Type": "Aggregate", "Strategy": "Hashed", "Parent Relationship": "Outer", "Startup Cost": 4032961072063.97, "Total Cost": 4032961086522.95, "Plan Rows": 1445898, "Plan Width": 199, "Group By Key": ["customer.c_custkey", "customer.c_name", "customer.c_acctbal", "customer.c_phone", "nation.n_name", "customer.c_address", "customer.c_comment"], "Plans": [{"Node Type": "Nested Loop", "Parent Relationship": "Outer", "Join Type": "Inner", "Startup Cost": 1030080604779.82, "Total Cost": 4032961035916.52, "Plan Rows": 1445898, "Plan Width": 191, "Inner Unique": false, "Join Filter": "(customer.c_custkey = orders.o_custkey), (LLVM Optimized)", "Plans": [{"Node Type": "Nested Loop", "Parent Relationship": "Outer", "Join Type": "Inner", "Startup Cost": 20000000000.0, "Total Cost": 2000008640298.18, "Plan Rows": 1500000, "Plan Width": 175, "Inner Unique": true, "Join Filter": "(customer.c_nationkey = nation.n_nationkey), (LLVM Optimized)", "Plans": [{"Node Type": "Index Scan", "Parent Relationship": "Outer", "Scan Direction": "Forward", "Index Name": "customer_pkey", "Relation Name": "customer", "Alias": "customer", "Startup Cost": 10000000000.0, "Total Cost": 1000008076535.62, "Plan Rows": 1500000, "Plan Width": 153}, {"Node Type": "Materialize", "Parent Relationship": "Inner", "Startup Cost": 10000000000.0, "Total Cost": 1000000001262.62, "Plan Rows": 25, "Plan Width": 30, "Plans": [{"Node Type": "Index Scan", "Parent Relationship": "Outer", "Scan Direction": "Forward", "Index Name": "nation_pkey", "Relation Name": "nation", "Alias": "nation", "Startup Cost": 10000000000.0, "Total Cost": 1000000001262.5, "Plan Rows": 25, "Plan Width": 30}]}]}, {"Node Type": "Materialize", "Parent Relationship": "Inner", "Startup Cost": 1010080604779.82, "Total Cost": 2000419694233.08, "Plan Rows": 1445898, "Plan Width": 24, "Plans": [{"Node Type": "Hash Join", "Parent Relationship": "Outer", "Join Type": "Inner", "Startup Cost": 1010080604779.82, "Total Cost": 2000419687003.59, "Plan Rows": 1445898, "Plan Width": 24, "Inner Unique": true, "Hash Cond": "(lineitem.l_orderkey = orders.o_orderkey), (LLVM Optimized)", "Plans": [{"Node Type": "Index Scan", "Parent Relationship": "Outer", "Scan Direction": "Forward", "Index Name": "idx_lineitem_orderkey", "Relation Name": "lineitem", "Alias": "lineitem", "Startup Cost": 10000000000.0, "Total Cost": 1000339012132.75, "Plan Rows": 14835209, "Plan Width": 24, "Filter": "(l_returnflag = 'R'::bpchar), (LLVM Optimized)"}, {"Node Type": "Hash", "Parent Relationship": "Inner", "Startup Cost": 1000080597583.0, "Total Cost": 1000080597583.0, "Plan Rows": 575746, "Plan Width": 16, "Plans": [{"Node Type": "Index Scan", "Parent Relationship": "Outer", "Scan Direction": "Forward", "Index Name": "orders_pkey", "Relation Name": "orders", "Alias": "orders", "Startup Cost": 10000000000.0, "Total Cost": 1000080597583.0, "Plan Rows": 575746, "Plan Width": 16, "Filter": "((o_orderdate >= '1993-08-01 00:00:00'::timestamp(0) without time zone) AND (o_orderdate < '1993-11-01 00:00:00'::timestamp without time zone)), (LLVM Optimized)"}]}]}]}]}]}]}]}, "Unique SQL Id": 1604070524, "Planner Runtime": 1}, "explain_analyze_plan": null}, "(64, 44)": {"explain_plan": {"Plan": {"Node Type": "Limit", "Startup Cost": 2943502.95, "Total Cost": 2943503.0, "Plan Rows": 20, "Plan Width": 199, "Plans": [{"Node Type": "Sort", "Parent Relationship": "Outer", "Startup Cost": 2943502.95, "Total Cost": 2947117.69, "Plan Rows": 20, "Plan Width": 199, "Sort Key": ["(sum((lineitem.l_extendedprice * (1::double precision - lineitem.l_discount)))) DESC"], "Plans": [{"Node Type": "Aggregate", "Strategy": "Hashed", "Parent Relationship": "Outer", "Startup Cost": 2890569.14, "Total Cost": 2905028.12, "Plan Rows": 1445898, "Plan Width": 199, "Group By Key": ["customer.c_custkey", "customer.c_name", "customer.c_acctbal", "customer.c_phone", "nation.n_name", "customer.c_address", "customer.c_comment"], "Plans": [{"Node Type": "Hash Join", "Parent Relationship": "Outer", "Join Type": "Inner", "Startup Cost": 579485.57, "Total Cost": 2854421.69, "Plan Rows": 1445898, "Plan Width": 191, "Inner Unique": true, "Hash Cond": "(customer.c_nationkey = nation.n_nationkey), (LLVM Optimized)", "Plans": [{"Node Type": "Hash Join", "Parent Relationship": "Outer", "Join Type": "Inner", "Startup Cost": 579484.01, "Total Cost": 2834539.03, "Plan Rows": 1445898, "Plan Width": 169, "Inner Unique": true, "Hash Cond": "(orders.o_custkey = customer.c_custkey), (LLVM Optimized)", "Plans": [{"Node Type": "Hash Join", "Parent Relationship": "Outer", "Join Type": "Inner", "Startup Cost": 508608.01, "Total Cost": 2743781.94, "Plan Rows": 1445898, "Plan Width": 24, "Inner Unique": true, "Hash Cond": "(lineitem.l_orderkey = orders.o_orderkey), (LLVM Optimized)", "Plans": [{"Node Type": "Seq Scan", "Parent Relationship": "Outer", "Relation Name": "lineitem", "Alias": "lineitem", "Startup Cost": 0.0, "Total Cost": 2165082.91, "Plan Rows": 14835209, "Plan Width": 24, "Filter": "(l_returnflag = 'R'::bpchar), (LLVM Optimized)"}, {"Node Type": "Hash", "Parent Relationship": "Inner", "Startup Cost": 501411.18, "Total Cost": 501411.18, "Plan Rows": 575746, "Plan Width": 16, "Plans": [{"Node Type": "Seq Scan", "Parent Relationship": "Outer", "Relation Name": "orders", "Alias": "orders", "Startup Cost": 578.97, "Total Cost": 501411.18, "Plan Rows": 575746, "Plan Width": 16, "Filter": "((o_orderdate >= '1993-08-01 00:00:00'::timestamp(0) without time zone) AND (o_orderdate < '1993-11-01 00:00:00'::timestamp without time zone)), (LLVM Optimized)"}]}]}, {"Node Type": "Hash", "Parent Relationship": "Inner", "Startup Cost": 52126.0, "Total Cost": 52126.0, "Plan Rows": 1500000, "Plan Width": 153, "Plans": [{"Node Type": "Seq Scan", "Parent Relationship": "Outer", "Relation Name": "customer", "Alias": "customer", "Startup Cost": 0.0, "Total Cost": 52126.0, "Plan Rows": 1500000, "Plan Width": 153}]}]}, {"Node Type": "Hash", "Parent Relationship": "Inner", "Startup Cost": 1.25, "Total Cost": 1.25, "Plan Rows": 25, "Plan Width": 30, "Plans": [{"Node Type": "Seq Scan", "Parent Relationship": "Outer", "Relation Name": "nation", "Alias": "nation", "Startup Cost": 0.0, "Total Cost": 1.25, "Plan Rows": 25, "Plan Width": 30}]}]}]}]}]}, "Unique SQL Id": 1604070524, "Planner Runtime": 1}, "explain_analyze_plan": {"Plan": {"Node Type": "Limit", "Startup Cost": 2943502.95, "Total Cost": 2943503.0, "Plan Rows": 20, "Plan Width": 199, "Actual Startup Time": 36920.501, "Actual Total Time": 36920.507, "Actual Rows": 20, "Actual Loops": 1, "Plans": [{"Node Type": "Sort", "Parent Relationship": "Outer", "Startup Cost": 2943502.95, "Total Cost": 2947117.69, "Plan Rows": 20, "Plan Width": 199, "Actual Startup Time": 36920.499, "Actual Total Time": 36920.503, "Actual Rows": 20, "Actual Loops": 1, "Sort Key": ["(sum((lineitem.l_extendedprice * (1::double precision - lineitem.l_discount)))) DESC"], "Sort Method": "top-N heapsort", "Sort Space Used": 35, "Sort Space Type": "Memory", "Plans": [{"Node Type": "Aggregate", "Strategy": "Hashed", "Parent Relationship": "Outer", "Startup Cost": 2890569.14, "Total Cost": 2905028.12, "Plan Rows": 1445898, "Plan Width": 199, "Actual Startup Time": 36545.483, "Actual Total Time": 36785.555, "Actual Rows": 381542, "Actual Loops": 1, "Group By Key": ["customer.c_custkey", "customer.c_name", "customer.c_acctbal", "customer.c_phone", "nation.n_name", "customer.c_address", "customer.c_comment"], "Plans": [{"Node Type": "Hash Join", "Parent Relationship": "Outer", "Join Type": "Inner", "Startup Cost": 579485.57, "Total Cost": 2854421.69, "Plan Rows": 1445898, "Plan Width": 191, "Actual Startup Time": 6881.164, "Actual Total Time": 34691.279, "Actual Rows": 1145969, "Actual Loops": 1, "Inner Unique": true, "Hash Cond": "(customer.c_nationkey = nation.n_nationkey), (LLVM Optimized, Jit Execute)", "Plans": [{"Node Type": "Hash Join", "Parent Relationship": "Outer", "Join Type": "Inner", "Startup Cost": 579484.01, "Total Cost": 2834539.03, "Plan Rows": 1445898, "Plan Width": 169, "Actual Startup Time": 6881.038, "Actual Total Time": 34222.051, "Actual Rows": 1145969, "Actual Loops": 1, "Inner Unique": true, "Hash Cond": "(orders.o_custkey = customer.c_custkey), (LLVM Optimized, Jit Execute)", "Plans": [{"Node Type": "Hash Join", "Parent Relationship": "Outer", "Join Type": "Inner", "Startup Cost": 508608.01, "Total Cost": 2743781.94, "Plan Rows": 1445898, "Plan Width": 24, "Actual Startup Time": 5638.194, "Actual Total Time": 32187.007, "Actual Rows": 1145969, "Actual Loops": 1, "Inner Unique": true, "Hash Cond": "(lineitem.l_orderkey = orders.o_orderkey), (LLVM Optimized, Jit Execute)", "Plans": [{"Node Type": "Seq Scan", "Parent Relationship": "Outer", "Relation Name": "lineitem", "Alias": "lineitem", "Startup Cost": 0.0, "Total Cost": 2165082.91, "Plan Rows": 14835209, "Plan Width": 24, "Actual Startup Time": 0.023, "Actual Total Time": 21948.455, "Actual Rows": 14808183, "Actual Loops": 1, "Filter": "(l_returnflag = 'R'::bpchar), (LLVM Optimized, Jit Execute)", "Rows Removed by Filter": 45177869}, {"Node Type": "Hash", "Parent Relationship": "Inner", "Startup Cost": 501411.18, "Total Cost": 501411.18, "Plan Rows": 575746, "Plan Width": 16, "Actual Startup Time": 5637.479, "Actual Total Time": 5637.479, "Actual Rows": 573635, "Actual Loops": 1, "Hash Buckets": 1048576, "Hash Batches": 1, "Original Hash Batches": 1, "Peak Memory Usage": 26890, "Plans": [{"Node Type": "Seq Scan", "Parent Relationship": "Outer", "Relation Name": "orders", "Alias": "orders", "Startup Cost": 578.97, "Total Cost": 501411.18, "Plan Rows": 575746, "Plan Width": 16, "Actual Startup Time": 0.025, "Actual Total Time": 5354.546, "Actual Rows": 573635, "Actual Loops": 1, "Filter": "((o_orderdate >= '1993-08-01 00:00:00'::timestamp(0) without time zone) AND (o_orderdate < '1993-11-01 00:00:00'::timestamp without time zone)), (LLVM Optimized, Jit Execute)", "Rows Removed by Filter": 14426365}]}]}, {"Node Type": "Hash", "Parent Relationship": "Inner", "Startup Cost": 52126.0, "Total Cost": 52126.0, "Plan Rows": 1500000, "Plan Width": 153, "Actual Startup Time": 1241.53, "Actual Total Time": 1241.53, "Actual Rows": 1500000, "Actual Loops": 1, "Hash Buckets": 2097152, "Hash Batches": 1, "Original Hash Batches": 1, "Peak Memory Usage": 282695, "Plans": [{"Node Type": "Seq Scan", "Parent Relationship": "Outer", "Relation Name": "customer", "Alias": "customer", "Startup Cost": 0.0, "Total Cost": 52126.0, "Plan Rows": 1500000, "Plan Width": 153, "Actual Startup Time": 0.017, "Actual Total Time": 579.941, "Actual Rows": 1500000, "Actual Loops": 1}]}]}, {"Node Type": "Hash", "Parent Relationship": "Inner", "Startup Cost": 1.25, "Total Cost": 1.25, "Plan Rows": 25, "Plan Width": 30, "Actual Startup Time": 0.056, "Actual Total Time": 0.056, "Actual Rows": 25, "Actual Loops": 1, "Hash Buckets": 32768, "Hash Batches": 1, "Original Hash Batches": 1, "Peak Memory Usage": 2, "Plans": [{"Node Type": "Seq Scan", "Parent Relationship": "Outer", "Relation Name": "nation", "Alias": "nation", "Startup Cost": 0.0, "Total Cost": 1.25, "Plan Rows": 25, "Plan Width": 30, "Actual Startup Time": 0.025, "Actual Total Time": 0.033, "Actual Rows": 25, "Actual Loops": 1}]}]}]}]}]}, "Triggers": [], "Planner Runtime": 1, "Total Runtime": 36931.228, "Unique SQL Id": 1604070524}}, "(64, 45)": {"explain_plan": {"Plan": {"Node Type": "Limit", "Startup Cost": 4127035.84, "Total Cost": 4127035.89, "Plan Rows": 20, "Plan Width": 199, "Plans": [{"Node Type": "Sort", "Parent Relationship": "Outer", "Startup Cost": 4127035.84, "Total Cost": 4130650.58, "Plan Rows": 20, "Plan Width": 199, "Sort Key": ["(sum((lineitem.l_extendedprice * (1::double precision - lineitem.l_discount)))) DESC"], "Plans": [{"Node Type": "Aggregate", "Strategy": "Hashed", "Parent Relationship": "Outer", "Startup Cost": 4074102.03, "Total Cost": 4088561.01, "Plan Rows": 1445898, "Plan Width": 199, "Group By Key": ["customer.c_custkey", "customer.c_name", "customer.c_acctbal", "customer.c_phone", "nation.n_name", "customer.c_address", "customer.c_comment"], "Plans": [{"Node Type": "Nested Loop", "Parent Relationship": "Outer", "Join Type": "Inner", "Startup Cost": 99528.29, "Total Cost": 4037954.58, "Plan Rows": 1445898, "Plan Width": 191, "Inner Unique": false, "Plans": [{"Node Type": "Hash Join", "Parent Relationship": "Outer", "Join Type": "Inner", "Startup Cost": 99528.29, "Total Cost": 921337.14, "Plan Rows": 575746, "Plan Width": 183, "Inner Unique": true, "Hash Cond": "(customer.c_nationkey = nation.n_nationkey), (LLVM Optimized)", "Plans": [{"Node Type": "Hash Join", "Parent Relationship": "Outer", "Join Type": "Inner", "Startup Cost": 99515.36, "Total Cost": 913407.69, "Plan Rows": 575746, "Plan Width": 161, "Inner Unique": true, "Hash Cond": "(orders.o_custkey = customer.c_custkey), (LLVM Optimized)", "Plans": [{"Node Type": "Index Scan", "Parent Relationship": "Outer", "Scan Direction": "Forward", "Index Name": "orders_pkey", "Relation Name": "orders", "Alias": "orders", "Startup Cost": 0.0, "Total Cost": 805975.83, "Plan Rows": 575746, "Plan Width": 16, "Filter": "((o_orderdate >= '1993-08-01 00:00:00'::timestamp(0) without time zone) AND (o_orderdate < '1993-11-01 00:00:00'::timestamp without time zone)), (LLVM Optimized)"}, {"Node Type": "Hash", "Parent Relationship": "Inner", "Startup Cost": 80765.36, "Total Cost": 80765.36, "Plan Rows": 1500000, "Plan Width": 153, "Plans": [{"Node Type": "Index Scan", "Parent Relationship": "Outer", "Scan Direction": "Forward", "Index Name": "customer_pkey", "Relation Name": "customer", "Alias": "customer", "Startup Cost": 0.0, "Total Cost": 80765.36, "Plan Rows": 1500000, "Plan Width": 153}]}]}, {"Node Type": "Hash", "Parent Relationship": "Inner", "Startup Cost": 12.62, "Total Cost": 12.62, "Plan Rows": 25, "Plan Width": 30, "Plans": [{"Node Type": "Index Scan", "Parent Relationship": "Outer", "Scan Direction": "Forward", "Index Name": "nation_pkey", "Relation Name": "nation", "Alias": "nation", "Startup Cost": 0.0, "Total Cost": 12.62, "Plan Rows": 25, "Plan Width": 30}]}]}, {"Node Type": "Index Scan", "Parent Relationship": "Inner", "Scan Direction": "Forward", "Index Name": "idx_lineitem_orderkey", "Relation Name": "lineitem", "Alias": "lineitem", "Startup Cost": 0.0, "Total Cost": 5.38, "Plan Rows": 3, "Plan Width": 24, "Index Cond": "(l_orderkey = orders.o_orderkey)", "Filter": "(l_returnflag = 'R'::bpchar)"}]}]}]}]}, "Unique SQL Id": 1604070524, "Planner Runtime": 1}, "explain_analyze_plan": {"Plan": {"Node Type": "Limit", "Startup Cost": 4127035.84, "Total Cost": 4127035.89, "Plan Rows": 20, "Plan Width": 199, "Actual Startup Time": 21134.985, "Actual Total Time": 21134.993, "Actual Rows": 20, "Actual Loops": 1, "Plans": [{"Node Type": "Sort", "Parent Relationship": "Outer", "Startup Cost": 4127035.84, "Total Cost": 4130650.58, "Plan Rows": 20, "Plan Width": 199, "Actual Startup Time": 21134.982, "Actual Total Time": 21134.985, "Actual Rows": 20, "Actual Loops": 1, "Sort Key": ["(sum((lineitem.l_extendedprice * (1::double precision - lineitem.l_discount)))) DESC"], "Sort Method": "top-N heapsort", "Sort Space Used": 35, "Sort Space Type": "Memory", "Plans": [{"Node Type": "Aggregate", "Strategy": "Hashed", "Parent Relationship": "Outer", "Startup Cost": 4074102.03, "Total Cost": 4088561.01, "Plan Rows": 1445898, "Plan Width": 199, "Actual Startup Time": 20745.969, "Actual Total Time": 20998.23, "Actual Rows": 381542, "Actual Loops": 1, "Group By Key": ["customer.c_custkey", "customer.c_name", "customer.c_acctbal", "customer.c_phone", "nation.n_name", "customer.c_address", "customer.c_comment"], "Plans": [{"Node Type": "Nested Loop", "Parent Relationship": "Outer", "Join Type": "Inner", "Startup Cost": 99528.29, "Total Cost": 4037954.58, "Plan Rows": 1445898, "Plan Width": 191, "Actual Startup Time": 1600.72, "Actual Total Time": 18843.051, "Actual Rows": 1145969, "Actual Loops": 1, "Inner Unique": false, "Plans": [{"Node Type": "Hash Join", "Parent Relationship": "Outer", "Join Type": "Inner", "Startup Cost": 99528.29, "Total Cost": 921337.14, "Plan Rows": 575746, "Plan Width": 183, "Actual Startup Time": 1600.653, "Actual Total Time": 13140.575, "Actual Rows": 573635, "Actual Loops": 1, "Inner Unique": true, "Hash Cond": "(customer.c_nationkey = nation.n_nationkey), (LLVM Optimized, Jit Execute)", "Plans": [{"Node Type": "Hash Join", "Parent Relationship": "Outer", "Join Type": "Inner", "Startup Cost": 99515.36, "Total Cost": 913407.69, "Plan Rows": 575746, "Plan Width": 161, "Actual Startup Time": 1600.552, "Actual Total Time": 12889.515, "Actual Rows": 573635, "Actual Loops": 1, "Inner Unique": true, "Hash Cond": "(orders.o_custkey = customer.c_custkey), (LLVM Optimized, Jit Execute)", "Plans": [{"Node Type": "Index Scan", "Parent Relationship": "Outer", "Scan Direction": "Forward", "Index Name": "orders_pkey", "Relation Name": "orders", "Alias": "orders", "Startup Cost": 0.0, "Total Cost": 805975.83, "Plan Rows": 575746, "Plan Width": 16, "Actual Startup Time": 0.033, "Actual Total Time": 10620.983, "Actual Rows": 573635, "Actual Loops": 1, "Filter": "((o_orderdate >= '1993-08-01 00:00:00'::timestamp(0) without time zone) AND (o_orderdate < '1993-11-01 00:00:00'::timestamp without time zone)), (LLVM Optimized, Jit Execute)", "Rows Removed by Filter": 14426365}, {"Node Type": "Hash", "Parent Relationship": "Inner", "Startup Cost": 80765.36, "Total Cost": 80765.36, "Plan Rows": 1500000, "Plan Width": 153, "Actual Startup Time": 1599.252, "Actual Total Time": 1599.252, "Actual Rows": 1500000, "Actual Loops": 1, "Hash Buckets": 2097152, "Hash Batches": 1, "Original Hash Batches": 1, "Peak Memory Usage": 282695, "Plans": [{"Node Type": "Index Scan", "Parent Relationship": "Outer", "Scan Direction": "Forward", "Index Name": "customer_pkey", "Relation Name": "customer", "Alias": "customer", "Startup Cost": 0.0, "Total Cost": 80765.36, "Plan Rows": 1500000, "Plan Width": 153, "Actual Startup Time": 0.023, "Actual Total Time": 944.077, "Actual Rows": 1500000, "Actual Loops": 1}]}]}, {"Node Type": "Hash", "Parent Relationship": "Inner", "Startup Cost": 12.62, "Total Cost": 12.62, "Plan Rows": 25, "Plan Width": 30, "Actual Startup Time": 0.055, "Actual Total Time": 0.055, "Actual Rows": 25, "Actual Loops": 1, "Hash Buckets": 32768, "Hash Batches": 1, "Original Hash Batches": 1, "Peak Memory Usage": 2, "Plans": [{"Node Type": "Index Scan", "Parent Relationship": "Outer", "Scan Direction": "Forward", "Index Name": "nation_pkey", "Relation Name": "nation", "Alias": "nation", "Startup Cost": 0.0, "Total Cost": 12.62, "Plan Rows": 25, "Plan Width": 30, "Actual Startup Time": 0.022, "Actual Total Time": 0.035, "Actual Rows": 25, "Actual Loops": 1}]}]}, {"Node Type": "Index Scan", "Parent Relationship": "Inner", "Scan Direction": "Forward", "Index Name": "idx_lineitem_orderkey", "Relation Name": "lineitem", "Alias": "lineitem", "Startup Cost": 0.0, "Total Cost": 5.38, "Plan Rows": 3, "Plan Width": 24, "Actual Startup Time": 3796.484, "Actual Total Time": 5067.305, "Actual Rows": 1145969, "Actual Loops": 573635, "Index Cond": "(l_orderkey = orders.o_orderkey)", "Rows Removed by Index Recheck": 0, "Filter": "(l_returnflag = 'R'::bpchar)", "Rows Removed by Filter": 1146896}]}]}]}]}, "Triggers": [], "Planner Runtime": 1, "Total Runtime": 21145.328, "Unique SQL Id": 1604070524}}, "(64, 46)": {"explain_plan": {"Plan": {"Node Type": "Limit", "Startup Cost": 2943502.95, "Total Cost": 2943503.0, "Plan Rows": 20, "Plan Width": 199, "Plans": [{"Node Type": "Sort", "Parent Relationship": "Outer", "Startup Cost": 2943502.95, "Total Cost": 2947117.69, "Plan Rows": 20, "Plan Width": 199, "Sort Key": ["(sum((lineitem.l_extendedprice * (1::double precision - lineitem.l_discount)))) DESC"], "Plans": [{"Node Type": "Aggregate", "Strategy": "Hashed", "Parent Relationship": "Outer", "Startup Cost": 2890569.14, "Total Cost": 2905028.12, "Plan Rows": 1445898, "Plan Width": 199, "Group By Key": ["customer.c_custkey", "customer.c_name", "customer.c_acctbal", "customer.c_phone", "nation.n_name", "customer.c_address", "customer.c_comment"], "Plans": [{"Node Type": "Hash Join", "Parent Relationship": "Outer", "Join Type": "Inner", "Startup Cost": 579485.57, "Total Cost": 2854421.69, "Plan Rows": 1445898, "Plan Width": 191, "Inner Unique": true, "Hash Cond": "(customer.c_nationkey = nation.n_nationkey), (LLVM Optimized)", "Plans": [{"Node Type": "Hash Join", "Parent Relationship": "Outer", "Join Type": "Inner", "Startup Cost": 579484.01, "Total Cost": 2834539.03, "Plan Rows": 1445898, "Plan Width": 169, "Inner Unique": true, "Hash Cond": "(orders.o_custkey = customer.c_custkey), (LLVM Optimized)", "Plans": [{"Node Type": "Hash Join", "Parent Relationship": "Outer", "Join Type": "Inner", "Startup Cost": 508608.01, "Total Cost": 2743781.94, "Plan Rows": 1445898, "Plan Width": 24, "Inner Unique": true, "Hash Cond": "(lineitem.l_orderkey = orders.o_orderkey), (LLVM Optimized)", "Plans": [{"Node Type": "Seq Scan", "Parent Relationship": "Outer", "Relation Name": "lineitem", "Alias": "lineitem", "Startup Cost": 0.0, "Total Cost": 2165082.91, "Plan Rows": 14835209, "Plan Width": 24, "Filter": "(l_returnflag = 'R'::bpchar), (LLVM Optimized)"}, {"Node Type": "Hash", "Parent Relationship": "Inner", "Startup Cost": 501411.18, "Total Cost": 501411.18, "Plan Rows": 575746, "Plan Width": 16, "Plans": [{"Node Type": "Seq Scan", "Parent Relationship": "Outer", "Relation Name": "orders", "Alias": "orders", "Startup Cost": 578.97, "Total Cost": 501411.18, "Plan Rows": 575746, "Plan Width": 16, "Filter": "((o_orderdate >= '1993-08-01 00:00:00'::timestamp(0) without time zone) AND (o_orderdate < '1993-11-01 00:00:00'::timestamp without time zone)), (LLVM Optimized)"}]}]}, {"Node Type": "Hash", "Parent Relationship": "Inner", "Startup Cost": 52126.0, "Total Cost": 52126.0, "Plan Rows": 1500000, "Plan Width": 153, "Plans": [{"Node Type": "Seq Scan", "Parent Relationship": "Outer", "Relation Name": "customer", "Alias": "customer", "Startup Cost": 0.0, "Total Cost": 52126.0, "Plan Rows": 1500000, "Plan Width": 153}]}]}, {"Node Type": "Hash", "Parent Relationship": "Inner", "Startup Cost": 1.25, "Total Cost": 1.25, "Plan Rows": 25, "Plan Width": 30, "Plans": [{"Node Type": "Seq Scan", "Parent Relationship": "Outer", "Relation Name": "nation", "Alias": "nation", "Startup Cost": 0.0, "Total Cost": 1.25, "Plan Rows": 25, "Plan Width": 30}]}]}]}]}]}, "Unique SQL Id": 1604070524, "Planner Runtime": 1}, "explain_analyze_plan": {"Plan": {"Node Type": "Limit", "Startup Cost": 2943502.95, "Total Cost": 2943503.0, "Plan Rows": 20, "Plan Width": 199, "Actual Startup Time": 36920.501, "Actual Total Time": 36920.507, "Actual Rows": 20, "Actual Loops": 1, "Plans": [{"Node Type": "Sort", "Parent Relationship": "Outer", "Startup Cost": 2943502.95, "Total Cost": 2947117.69, "Plan Rows": 20, "Plan Width": 199, "Actual Startup Time": 36920.499, "Actual Total Time": 36920.503, "Actual Rows": 20, "Actual Loops": 1, "Sort Key": ["(sum((lineitem.l_extendedprice * (1::double precision - lineitem.l_discount)))) DESC"], "Sort Method": "top-N heapsort", "Sort Space Used": 35, "Sort Space Type": "Memory", "Plans": [{"Node Type": "Aggregate", "Strategy": "Hashed", "Parent Relationship": "Outer", "Startup Cost": 2890569.14, "Total Cost": 2905028.12, "Plan Rows": 1445898, "Plan Width": 199, "Actual Startup Time": 36545.483, "Actual Total Time": 36785.555, "Actual Rows": 381542, "Actual Loops": 1, "Group By Key": ["customer.c_custkey", "customer.c_name", "customer.c_acctbal", "customer.c_phone", "nation.n_name", "customer.c_address", "customer.c_comment"], "Plans": [{"Node Type": "Hash Join", "Parent Relationship": "Outer", "Join Type": "Inner", "Startup Cost": 579485.57, "Total Cost": 2854421.69, "Plan Rows": 1445898, "Plan Width": 191, "Actual Startup Time": 6881.164, "Actual Total Time": 34691.279, "Actual Rows": 1145969, "Actual Loops": 1, "Inner Unique": true, "Hash Cond": "(customer.c_nationkey = nation.n_nationkey), (LLVM Optimized, Jit Execute)", "Plans": [{"Node Type": "Hash Join", "Parent Relationship": "Outer", "Join Type": "Inner", "Startup Cost": 579484.01, "Total Cost": 2834539.03, "Plan Rows": 1445898, "Plan Width": 169, "Actual Startup Time": 6881.038, "Actual Total Time": 34222.051, "Actual Rows": 1145969, "Actual Loops": 1, "Inner Unique": true, "Hash Cond": "(orders.o_custkey = customer.c_custkey), (LLVM Optimized, Jit Execute)", "Plans": [{"Node Type": "Hash Join", "Parent Relationship": "Outer", "Join Type": "Inner", "Startup Cost": 508608.01, "Total Cost": 2743781.94, "Plan Rows": 1445898, "Plan Width": 24, "Actual Startup Time": 5638.194, "Actual Total Time": 32187.007, "Actual Rows": 1145969, "Actual Loops": 1, "Inner Unique": true, "Hash Cond": "(lineitem.l_orderkey = orders.o_orderkey), (LLVM Optimized, Jit Execute)", "Plans": [{"Node Type": "Seq Scan", "Parent Relationship": "Outer", "Relation Name": "lineitem", "Alias": "lineitem", "Startup Cost": 0.0, "Total Cost": 2165082.91, "Plan Rows": 14835209, "Plan Width": 24, "Actual Startup Time": 0.023, "Actual Total Time": 21948.455, "Actual Rows": 14808183, "Actual Loops": 1, "Filter": "(l_returnflag = 'R'::bpchar), (LLVM Optimized, Jit Execute)", "Rows Removed by Filter": 45177869}, {"Node Type": "Hash", "Parent Relationship": "Inner", "Startup Cost": 501411.18, "Total Cost": 501411.18, "Plan Rows": 575746, "Plan Width": 16, "Actual Startup Time": 5637.479, "Actual Total Time": 5637.479, "Actual Rows": 573635, "Actual Loops": 1, "Hash Buckets": 1048576, "Hash Batches": 1, "Original Hash Batches": 1, "Peak Memory Usage": 26890, "Plans": [{"Node Type": "Seq Scan", "Parent Relationship": "Outer", "Relation Name": "orders", "Alias": "orders", "Startup Cost": 578.97, "Total Cost": 501411.18, "Plan Rows": 575746, "Plan Width": 16, "Actual Startup Time": 0.025, "Actual Total Time": 5354.546, "Actual Rows": 573635, "Actual Loops": 1, "Filter": "((o_orderdate >= '1993-08-01 00:00:00'::timestamp(0) without time zone) AND (o_orderdate < '1993-11-01 00:00:00'::timestamp without time zone)), (LLVM Optimized, Jit Execute)", "Rows Removed by Filter": 14426365}]}]}, {"Node Type": "Hash", "Parent Relationship": "Inner", "Startup Cost": 52126.0, "Total Cost": 52126.0, "Plan Rows": 1500000, "Plan Width": 153, "Actual Startup Time": 1241.53, "Actual Total Time": 1241.53, "Actual Rows": 1500000, "Actual Loops": 1, "Hash Buckets": 2097152, "Hash Batches": 1, "Original Hash Batches": 1, "Peak Memory Usage": 282695, "Plans": [{"Node Type": "Seq Scan", "Parent Relationship": "Outer", "Relation Name": "customer", "Alias": "customer", "Startup Cost": 0.0, "Total Cost": 52126.0, "Plan Rows": 1500000, "Plan Width": 153, "Actual Startup Time": 0.017, "Actual Total Time": 579.941, "Actual Rows": 1500000, "Actual Loops": 1}]}]}, {"Node Type": "Hash", "Parent Relationship": "Inner", "Startup Cost": 1.25, "Total Cost": 1.25, "Plan Rows": 25, "Plan Width": 30, "Actual Startup Time": 0.056, "Actual Total Time": 0.056, "Actual Rows": 25, "Actual Loops": 1, "Hash Buckets": 32768, "Hash Batches": 1, "Original Hash Batches": 1, "Peak Memory Usage": 2, "Plans": [{"Node Type": "Seq Scan", "Parent Relationship": "Outer", "Relation Name": "nation", "Alias": "nation", "Startup Cost": 0.0, "Total Cost": 1.25, "Plan Rows": 25, "Plan Width": 30, "Actual Startup Time": 0.025, "Actual Total Time": 0.033, "Actual Rows": 25, "Actual Loops": 1}]}]}]}]}]}, "Triggers": [], "Planner Runtime": 1, "Total Runtime": 36931.228, "Unique SQL Id": 1604070524}}, "(64, 47)": {"explain_plan": {"Plan": {"Node Type": "Limit", "Startup Cost": 4032961124997.77, "Total Cost": 4032961124997.82, "Plan Rows": 20, "Plan Width": 199, "Plans": [{"Node Type": "Sort", "Parent Relationship": "Outer", "Startup Cost": 4032961124997.77, "Total Cost": 4032961128612.52, "Plan Rows": 20, "Plan Width": 199, "Sort Key": ["(sum((lineitem.l_extendedprice * (1::double precision - lineitem.l_discount)))) DESC"], "Plans": [{"Node Type": "Aggregate", "Strategy": "Hashed", "Parent Relationship": "Outer", "Startup Cost": 4032961072063.97, "Total Cost": 4032961086522.95, "Plan Rows": 1445898, "Plan Width": 199, "Group By Key": ["customer.c_custkey", "customer.c_name", "customer.c_acctbal", "customer.c_phone", "nation.n_name", "customer.c_address", "customer.c_comment"], "Plans": [{"Node Type": "Nested Loop", "Parent Relationship": "Outer", "Join Type": "Inner", "Startup Cost": 1030080604779.82, "Total Cost": 4032961035916.52, "Plan Rows": 1445898, "Plan Width": 191, "Inner Unique": false, "Join Filter": "(customer.c_custkey = orders.o_custkey), (LLVM Optimized)", "Plans": [{"Node Type": "Nested Loop", "Parent Relationship": "Outer", "Join Type": "Inner", "Startup Cost": 20000000000.0, "Total Cost": 2000008640298.18, "Plan Rows": 1500000, "Plan Width": 175, "Inner Unique": true, "Join Filter": "(customer.c_nationkey = nation.n_nationkey), (LLVM Optimized)", "Plans": [{"Node Type": "Index Scan", "Parent Relationship": "Outer", "Scan Direction": "Forward", "Index Name": "customer_pkey", "Relation Name": "customer", "Alias": "customer", "Startup Cost": 10000000000.0, "Total Cost": 1000008076535.62, "Plan Rows": 1500000, "Plan Width": 153}, {"Node Type": "Materialize", "Parent Relationship": "Inner", "Startup Cost": 10000000000.0, "Total Cost": 1000000001262.62, "Plan Rows": 25, "Plan Width": 30, "Plans": [{"Node Type": "Index Scan", "Parent Relationship": "Outer", "Scan Direction": "Forward", "Index Name": "nation_pkey", "Relation Name": "nation", "Alias": "nation", "Startup Cost": 10000000000.0, "Total Cost": 1000000001262.5, "Plan Rows": 25, "Plan Width": 30}]}]}, {"Node Type": "Materialize", "Parent Relationship": "Inner", "Startup Cost": 1010080604779.82, "Total Cost": 2000419694233.08, "Plan Rows": 1445898, "Plan Width": 24, "Plans": [{"Node Type": "Hash Join", "Parent Relationship": "Outer", "Join Type": "Inner", "Startup Cost": 1010080604779.82, "Total Cost": 2000419687003.59, "Plan Rows": 1445898, "Plan Width": 24, "Inner Unique": true, "Hash Cond": "(lineitem.l_orderkey = orders.o_orderkey), (LLVM Optimized)", "Plans": [{"Node Type": "Index Scan", "Parent Relationship": "Outer", "Scan Direction": "Forward", "Index Name": "idx_lineitem_orderkey", "Relation Name": "lineitem", "Alias": "lineitem", "Startup Cost": 10000000000.0, "Total Cost": 1000339012132.75, "Plan Rows": 14835209, "Plan Width": 24, "Filter": "(l_returnflag = 'R'::bpchar), (LLVM Optimized)"}, {"Node Type": "Hash", "Parent Relationship": "Inner", "Startup Cost": 1000080597583.0, "Total Cost": 1000080597583.0, "Plan Rows": 575746, "Plan Width": 16, "Plans": [{"Node Type": "Index Scan", "Parent Relationship": "Outer", "Scan Direction": "Forward", "Index Name": "orders_pkey", "Relation Name": "orders", "Alias": "orders", "Startup Cost": 10000000000.0, "Total Cost": 1000080597583.0, "Plan Rows": 575746, "Plan Width": 16, "Filter": "((o_orderdate >= '1993-08-01 00:00:00'::timestamp(0) without time zone) AND (o_orderdate < '1993-11-01 00:00:00'::timestamp without time zone)), (LLVM Optimized)"}]}]}]}]}]}]}]}, "Unique SQL Id": 1604070524, "Planner Runtime": 1}, "explain_analyze_plan": null}, "(64, 48)": {"explain_plan": {"Plan": {"Node Type": "Limit", "Startup Cost": 3997545.9, "Total Cost": 3997545.95, "Plan Rows": 20, "Plan Width": 199, "Plans": [{"Node Type": "Sort", "Parent Relationship": "Outer", "Startup Cost": 3997545.9, "Total Cost": 4001160.65, "Plan Rows": 20, "Plan Width": 199, "Sort Key": ["(sum((lineitem.l_extendedprice * (1::double precision - lineitem.l_discount)))) DESC"], "Plans": [{"Node Type": "Aggregate", "Strategy": "Hashed", "Parent Relationship": "Outer", "Startup Cost": 3944612.1, "Total Cost": 3959071.08, "Plan Rows": 1445898, "Plan Width": 199, "Group By Key": ["customer.c_custkey", "customer.c_name", "customer.c_acctbal", "customer.c_phone", "nation.n_name", "customer.c_address", "customer.c_comment"], "Plans": [{"Node Type": "Nested Loop", "Parent Relationship": "Outer", "Join Type": "Inner", "Startup Cost": 14729.65, "Total Cost": 3908464.65, "Plan Rows": 1445898, "Plan Width": 191, "Inner Unique": false, "Plans": [{"Node Type": "Nested Loop", "Parent Relationship": "Outer", "Join Type": "Inner", "Startup Cost": 14729.65, "Total Cost": 791847.2, "Plan Rows": 575746, "Plan Width": 183, "Inner Unique": true, "Plans": [{"Node Type": "Nested Loop", "Parent Relationship": "Outer", "Join Type": "Inner", "Startup Cost": 14729.65, "Total Cost": 630633.72, "Plan Rows": 575746, "Plan Width": 161, "Inner Unique": true, "Plans": [{"Node Type": "Bitmap Heap Scan", "Parent Relationship": "Outer", "Relation Name": "orders", "Alias": "orders", "Startup Cost": 14729.65, "Total Cost": 299784.84, "Plan Rows": 575746, "Plan Width": 16, "Recheck Cond": "((o_orderdate >= '1993-08-01 00:00:00'::timestamp(0) without time zone) AND (o_orderdate < '1993-11-01 00:00:00'::timestamp without time zone)), (LLVM Optimized)", "Plans": [{"Node Type": "Bitmap Index Scan", "Parent Relationship": "Outer", "Index Name": "idx_orders_orderdate", "Startup Cost": 0.0, "Total Cost": 14585.71, "Plan Rows": 575746, "Plan Width": 0, "Index Cond": "((o_orderdate >= '1993-08-01 00:00:00'::timestamp(0) without time zone) AND (o_orderdate < '1993-11-01 00:00:00'::timestamp without time zone))"}]}, {"Node Type": "Index Scan", "Parent Relationship": "Inner", "Scan Direction": "Forward", "Index Name": "customer_pkey", "Relation Name": "customer", "Alias": "customer", "Startup Cost": 0.0, "Total Cost": 0.56, "Plan Rows": 1, "Plan Width": 153, "Index Cond": "(c_custkey = orders.o_custkey)"}]}, {"Node Type": "Index Scan", "Parent Relationship": "Inner", "Scan Direction": "Forward", "Index Name": "nation_pkey", "Relation Name": "nation", "Alias": "nation", "Startup Cost": 0.0, "Total Cost": 0.27, "Plan Rows": 1, "Plan Width": 30, "Index Cond": "(n_nationkey = customer.c_nationkey)"}]}, {"Node Type": "Index Scan", "Parent Relationship": "Inner", "Scan Direction": "Forward", "Index Name": "idx_lineitem_orderkey", "Relation Name": "lineitem", "Alias": "lineitem", "Startup Cost": 0.0, "Total Cost": 5.38, "Plan Rows": 3, "Plan Width": 24, "Index Cond": "(l_orderkey = orders.o_orderkey)", "Filter": "(l_returnflag = 'R'::bpchar)"}]}]}]}]}, "Unique SQL Id": 1604070524, "Planner Runtime": 0}, "explain_analyze_plan": {"Plan": {"Node Type": "Limit", "Startup Cost": 3997545.9, "Total Cost": 3997545.95, "Plan Rows": 20, "Plan Width": 199, "Actual Startup Time": 13809.837, "Actual Total Time": 13809.846, "Actual Rows": 20, "Actual Loops": 1, "Plans": [{"Node Type": "Sort", "Parent Relationship": "Outer", "Startup Cost": 3997545.9, "Total Cost": 4001160.65, "Plan Rows": 20, "Plan Width": 199, "Actual Startup Time": 13809.833, "Actual Total Time": 13809.838, "Actual Rows": 20, "Actual Loops": 1, "Sort Key": ["(sum((lineitem.l_extendedprice * (1::double precision - lineitem.l_discount)))) DESC"], "Sort Method": "top-N heapsort", "Sort Space Used": 35, "Sort Space Type": "Memory", "Plans": [{"Node Type": "Aggregate", "Strategy": "Hashed", "Parent Relationship": "Outer", "Startup Cost": 3944612.1, "Total Cost": 3959071.08, "Plan Rows": 1445898, "Plan Width": 199, "Actual Startup Time": 13406.7, "Actual Total Time": 13674.418, "Actual Rows": 381542, "Actual Loops": 1, "Group By Key": ["customer.c_custkey", "customer.c_name", "customer.c_acctbal", "customer.c_phone", "nation.n_name", "customer.c_address", "customer.c_comment"], "Plans": [{"Node Type": "Nested Loop", "Parent Relationship": "Outer", "Join Type": "Inner", "Startup Cost": 14729.65, "Total Cost": 3908464.65, "Plan Rows": 1445898, "Plan Width": 191, "Actual Startup Time": 243.034, "Actual Total Time": 11541.362, "Actual Rows": 1145969, "Actual Loops": 1, "Inner Unique": false, "Plans": [{"Node Type": "Nested Loop", "Parent Relationship": "Outer", "Join Type": "Inner", "Startup Cost": 14729.65, "Total Cost": 791847.2, "Plan Rows": 575746, "Plan Width": 183, "Actual Startup Time": 242.99, "Actual Total Time": 5969.253, "Actual Rows": 573635, "Actual Loops": 1, "Inner Unique": true, "Plans": [{"Node Type": "Nested Loop", "Parent Relationship": "Outer", "Join Type": "Inner", "Startup Cost": 14729.65, "Total Cost": 630633.72, "Plan Rows": 575746, "Plan Width": 161, "Actual Startup Time": 242.98, "Actual Total Time": 4717.559, "Actual Rows": 573635, "Actual Loops": 1, "Inner Unique": true, "Plans": [{"Node Type": "Bitmap Heap Scan", "Parent Relationship": "Outer", "Relation Name": "orders", "Alias": "orders", "Startup Cost": 14729.65, "Total Cost": 299784.84, "Plan Rows": 575746, "Plan Width": 16, "Actual Startup Time": 242.927, "Actual Total Time": 1010.773, "Actual Rows": 573635, "Actual Loops": 1, "Recheck Cond": "((o_orderdate >= '1993-08-01 00:00:00'::timestamp(0) without time zone) AND (o_orderdate < '1993-11-01 00:00:00'::timestamp without time zone)), (LLVM Optimized, Jit Execute)", "Rows Removed by Index Recheck": 0, "Exact Heap Blocks": 242860, "Lossy Heap Blocks": 242860, "Plans": [{"Node Type": "Bitmap Index Scan", "Parent Relationship": "Outer", "Index Name": "idx_orders_orderdate", "Startup Cost": 0.0, "Total Cost": 14585.71, "Plan Rows": 575746, "Plan Width": 0, "Actual Startup Time": 168.567, "Actual Total Time": 168.567, "Actual Rows": 573635, "Actual Loops": 1, "Index Cond": "((o_orderdate >= '1993-08-01 00:00:00'::timestamp(0) without time zone) AND (o_orderdate < '1993-11-01 00:00:00'::timestamp without time zone))"}]}, {"Node Type": "Index Scan", "Parent Relationship": "Inner", "Scan Direction": "Forward", "Index Name": "customer_pkey", "Relation Name": "customer", "Alias": "customer", "Startup Cost": 0.0, "Total Cost": 0.56, "Plan Rows": 1, "Plan Width": 153, "Actual Startup Time": 3201.546, "Actual Total Time": 3201.546, "Actual Rows": 573635, "Actual Loops": 573635, "Index Cond": "(c_custkey = orders.o_custkey)", "Rows Removed by Index Recheck": 0}]}, {"Node Type": "Index Scan", "Parent Relationship": "Inner", "Scan Direction": "Forward", "Index Name": "nation_pkey", "Relation Name": "nation", "Alias": "nation", "Startup Cost": 0.0, "Total Cost": 0.27, "Plan Rows": 1, "Plan Width": 30, "Actual Startup Time": 800.405, "Actual Total Time": 800.405, "Actual Rows": 573635, "Actual Loops": 573635, "Index Cond": "(n_nationkey = customer.c_nationkey)", "Rows Removed by Index Recheck": 0}]}, {"Node Type": "Index Scan", "Parent Relationship": "Inner", "Scan Direction": "Forward", "Index Name": "idx_lineitem_orderkey", "Relation Name": "lineitem", "Alias": "lineitem", "Startup Cost": 0.0, "Total Cost": 5.38, "Plan Rows": 3, "Plan Width": 24, "Actual Startup Time": 3687.353, "Actual Total Time": 4987.373, "Actual Rows": 1145969, "Actual Loops": 573635, "Index Cond": "(l_orderkey = orders.o_orderkey)", "Rows Removed by Index Recheck": 0, "Filter": "(l_returnflag = 'R'::bpchar)", "Rows Removed by Filter": 1146896}]}]}]}]}, "Triggers": [], "Planner Runtime": 0, "Total Runtime": 13819.996, "Unique SQL Id": 1604070524}}, "(64, 49)": {"explain_plan": {"Plan": {"Node Type": "Limit", "Startup Cost": 3997545.9, "Total Cost": 3997545.95, "Plan Rows": 20, "Plan Width": 199, "Plans": [{"Node Type": "Sort", "Parent Relationship": "Outer", "Startup Cost": 3997545.9, "Total Cost": 4001160.65, "Plan Rows": 20, "Plan Width": 199, "Sort Key": ["(sum((lineitem.l_extendedprice * (1::double precision - lineitem.l_discount)))) DESC"], "Plans": [{"Node Type": "Aggregate", "Strategy": "Hashed", "Parent Relationship": "Outer", "Startup Cost": 3944612.1, "Total Cost": 3959071.08, "Plan Rows": 1445898, "Plan Width": 199, "Group By Key": ["customer.c_custkey", "customer.c_name", "customer.c_acctbal", "customer.c_phone", "nation.n_name", "customer.c_address", "customer.c_comment"], "Plans": [{"Node Type": "Nested Loop", "Parent Relationship": "Outer", "Join Type": "Inner", "Startup Cost": 14729.65, "Total Cost": 3908464.65, "Plan Rows": 1445898, "Plan Width": 191, "Inner Unique": false, "Plans": [{"Node Type": "Nested Loop", "Parent Relationship": "Outer", "Join Type": "Inner", "Startup Cost": 14729.65, "Total Cost": 791847.2, "Plan Rows": 575746, "Plan Width": 183, "Inner Unique": true, "Plans": [{"Node Type": "Nested Loop", "Parent Relationship": "Outer", "Join Type": "Inner", "Startup Cost": 14729.65, "Total Cost": 630633.72, "Plan Rows": 575746, "Plan Width": 161, "Inner Unique": true, "Plans": [{"Node Type": "Bitmap Heap Scan", "Parent Relationship": "Outer", "Relation Name": "orders", "Alias": "orders", "Startup Cost": 14729.65, "Total Cost": 299784.84, "Plan Rows": 575746, "Plan Width": 16, "Recheck Cond": "((o_orderdate >= '1993-08-01 00:00:00'::timestamp(0) without time zone) AND (o_orderdate < '1993-11-01 00:00:00'::timestamp without time zone)), (LLVM Optimized)", "Plans": [{"Node Type": "Bitmap Index Scan", "Parent Relationship": "Outer", "Index Name": "idx_orders_orderdate", "Startup Cost": 0.0, "Total Cost": 14585.71, "Plan Rows": 575746, "Plan Width": 0, "Index Cond": "((o_orderdate >= '1993-08-01 00:00:00'::timestamp(0) without time zone) AND (o_orderdate < '1993-11-01 00:00:00'::timestamp without time zone))"}]}, {"Node Type": "Index Scan", "Parent Relationship": "Inner", "Scan Direction": "Forward", "Index Name": "customer_pkey", "Relation Name": "customer", "Alias": "customer", "Startup Cost": 0.0, "Total Cost": 0.56, "Plan Rows": 1, "Plan Width": 153, "Index Cond": "(c_custkey = orders.o_custkey)"}]}, {"Node Type": "Index Scan", "Parent Relationship": "Inner", "Scan Direction": "Forward", "Index Name": "nation_pkey", "Relation Name": "nation", "Alias": "nation", "Startup Cost": 0.0, "Total Cost": 0.27, "Plan Rows": 1, "Plan Width": 30, "Index Cond": "(n_nationkey = customer.c_nationkey)"}]}, {"Node Type": "Index Scan", "Parent Relationship": "Inner", "Scan Direction": "Forward", "Index Name": "idx_lineitem_orderkey", "Relation Name": "lineitem", "Alias": "lineitem", "Startup Cost": 0.0, "Total Cost": 5.38, "Plan Rows": 3, "Plan Width": 24, "Index Cond": "(l_orderkey = orders.o_orderkey)", "Filter": "(l_returnflag = 'R'::bpchar)"}]}]}]}]}, "Unique SQL Id": 1604070524, "Planner Runtime": 1}, "explain_analyze_plan": {"Plan": {"Node Type": "Limit", "Startup Cost": 3997545.9, "Total Cost": 3997545.95, "Plan Rows": 20, "Plan Width": 199, "Actual Startup Time": 13809.837, "Actual Total Time": 13809.846, "Actual Rows": 20, "Actual Loops": 1, "Plans": [{"Node Type": "Sort", "Parent Relationship": "Outer", "Startup Cost": 3997545.9, "Total Cost": 4001160.65, "Plan Rows": 20, "Plan Width": 199, "Actual Startup Time": 13809.833, "Actual Total Time": 13809.838, "Actual Rows": 20, "Actual Loops": 1, "Sort Key": ["(sum((lineitem.l_extendedprice * (1::double precision - lineitem.l_discount)))) DESC"], "Sort Method": "top-N heapsort", "Sort Space Used": 35, "Sort Space Type": "Memory", "Plans": [{"Node Type": "Aggregate", "Strategy": "Hashed", "Parent Relationship": "Outer", "Startup Cost": 3944612.1, "Total Cost": 3959071.08, "Plan Rows": 1445898, "Plan Width": 199, "Actual Startup Time": 13406.7, "Actual Total Time": 13674.418, "Actual Rows": 381542, "Actual Loops": 1, "Group By Key": ["customer.c_custkey", "customer.c_name", "customer.c_acctbal", "customer.c_phone", "nation.n_name", "customer.c_address", "customer.c_comment"], "Plans": [{"Node Type": "Nested Loop", "Parent Relationship": "Outer", "Join Type": "Inner", "Startup Cost": 14729.65, "Total Cost": 3908464.65, "Plan Rows": 1445898, "Plan Width": 191, "Actual Startup Time": 243.034, "Actual Total Time": 11541.362, "Actual Rows": 1145969, "Actual Loops": 1, "Inner Unique": false, "Plans": [{"Node Type": "Nested Loop", "Parent Relationship": "Outer", "Join Type": "Inner", "Startup Cost": 14729.65, "Total Cost": 791847.2, "Plan Rows": 575746, "Plan Width": 183, "Actual Startup Time": 242.99, "Actual Total Time": 5969.253, "Actual Rows": 573635, "Actual Loops": 1, "Inner Unique": true, "Plans": [{"Node Type": "Nested Loop", "Parent Relationship": "Outer", "Join Type": "Inner", "Startup Cost": 14729.65, "Total Cost": 630633.72, "Plan Rows": 575746, "Plan Width": 161, "Actual Startup Time": 242.98, "Actual Total Time": 4717.559, "Actual Rows": 573635, "Actual Loops": 1, "Inner Unique": true, "Plans": [{"Node Type": "Bitmap Heap Scan", "Parent Relationship": "Outer", "Relation Name": "orders", "Alias": "orders", "Startup Cost": 14729.65, "Total Cost": 299784.84, "Plan Rows": 575746, "Plan Width": 16, "Actual Startup Time": 242.927, "Actual Total Time": 1010.773, "Actual Rows": 573635, "Actual Loops": 1, "Recheck Cond": "((o_orderdate >= '1993-08-01 00:00:00'::timestamp(0) without time zone) AND (o_orderdate < '1993-11-01 00:00:00'::timestamp without time zone)), (LLVM Optimized, Jit Execute)", "Rows Removed by Index Recheck": 0, "Exact Heap Blocks": 242860, "Lossy Heap Blocks": 242860, "Plans": [{"Node Type": "Bitmap Index Scan", "Parent Relationship": "Outer", "Index Name": "idx_orders_orderdate", "Startup Cost": 0.0, "Total Cost": 14585.71, "Plan Rows": 575746, "Plan Width": 0, "Actual Startup Time": 168.567, "Actual Total Time": 168.567, "Actual Rows": 573635, "Actual Loops": 1, "Index Cond": "((o_orderdate >= '1993-08-01 00:00:00'::timestamp(0) without time zone) AND (o_orderdate < '1993-11-01 00:00:00'::timestamp without time zone))"}]}, {"Node Type": "Index Scan", "Parent Relationship": "Inner", "Scan Direction": "Forward", "Index Name": "customer_pkey", "Relation Name": "customer", "Alias": "customer", "Startup Cost": 0.0, "Total Cost": 0.56, "Plan Rows": 1, "Plan Width": 153, "Actual Startup Time": 3201.546, "Actual Total Time": 3201.546, "Actual Rows": 573635, "Actual Loops": 573635, "Index Cond": "(c_custkey = orders.o_custkey)", "Rows Removed by Index Recheck": 0}]}, {"Node Type": "Index Scan", "Parent Relationship": "Inner", "Scan Direction": "Forward", "Index Name": "nation_pkey", "Relation Name": "nation", "Alias": "nation", "Startup Cost": 0.0, "Total Cost": 0.27, "Plan Rows": 1, "Plan Width": 30, "Actual Startup Time": 800.405, "Actual Total Time": 800.405, "Actual Rows": 573635, "Actual Loops": 573635, "Index Cond": "(n_nationkey = customer.c_nationkey)", "Rows Removed by Index Recheck": 0}]}, {"Node Type": "Index Scan", "Parent Relationship": "Inner", "Scan Direction": "Forward", "Index Name": "idx_lineitem_orderkey", "Relation Name": "lineitem", "Alias": "lineitem", "Startup Cost": 0.0, "Total Cost": 5.38, "Plan Rows": 3, "Plan Width": 24, "Actual Startup Time": 3687.353, "Actual Total Time": 4987.373, "Actual Rows": 1145969, "Actual Loops": 573635, "Index Cond": "(l_orderkey = orders.o_orderkey)", "Rows Removed by Index Recheck": 0, "Filter": "(l_returnflag = 'R'::bpchar)", "Rows Removed by Filter": 1146896}]}]}]}]}, "Triggers": [], "Planner Runtime": 0, "Total Runtime": 13819.996, "Unique SQL Id": 1604070524}}, "(64, 50)": {"explain_plan": {"Plan": {"Node Type": "Limit", "Startup Cost": 11194981.94, "Total Cost": 11194981.99, "Plan Rows": 20, "Plan Width": 199, "Plans": [{"Node Type": "Sort", "Parent Relationship": "Outer", "Startup Cost": 11194981.94, "Total Cost": 11198596.68, "Plan Rows": 20, "Plan Width": 199, "Sort Key": ["(sum((lineitem.l_extendedprice * (1::double precision - lineitem.l_discount)))) DESC"], "Plans": [{"Node Type": "Aggregate", "Strategy": "Hashed", "Parent Relationship": "Outer", "Startup Cost": 11142048.13, "Total Cost": 11156507.11, "Plan Rows": 1445898, "Plan Width": 199, "Group By Key": ["customer.c_custkey", "customer.c_name", "customer.c_acctbal", "customer.c_phone", "nation.n_name", "customer.c_address", "customer.c_comment"], "Plans": [{"Node Type": "Nested Loop", "Parent Relationship": "Outer", "Join Type": "Inner", "Startup Cost": 14731.87, "Total Cost": 11105900.68, "Plan Rows": 1445898, "Plan Width": 191, "Inner Unique": false, "Plans": [{"Node Type": "Nested Loop", "Parent Relationship": "Outer", "Join Type": "Inner", "Startup Cost": 14729.94, "Total Cost": 3001163.72, "Plan Rows": 575746, "Plan Width": 183, "Inner Unique": true, "Join Filter": "(customer.c_nationkey = nation.n_nationkey), (LLVM Optimized)", "Plans": [{"Node Type": "Nested Loop", "Parent Relationship": "Outer", "Join Type": "Inner", "Startup Cost": 14729.94, "Total Cost": 2785257.65, "Plan Rows": 575746, "Plan Width": 161, "Inner Unique": true, "Plans": [{"Node Type": "Bitmap Heap Scan", "Parent Relationship": "Outer", "Relation Name": "orders", "Alias": "orders", "Startup Cost": 14729.65, "Total Cost": 299784.84, "Plan Rows": 575746, "Plan Width": 16, "Recheck Cond": "((o_orderdate >= '1993-08-01 00:00:00'::timestamp(0) without time zone) AND (o_orderdate < '1993-11-01 00:00:00'::timestamp without time zone)), (LLVM Optimized)", "Plans": [{"Node Type": "Bitmap Index Scan", "Parent Relationship": "Outer", "Index Name": "idx_orders_orderdate", "Startup Cost": 0.0, "Total Cost": 14585.71, "Plan Rows": 575746, "Plan Width": 0, "Index Cond": "((o_orderdate >= '1993-08-01 00:00:00'::timestamp(0) without time zone) AND (o_orderdate < '1993-11-01 00:00:00'::timestamp without time zone))"}]}, {"Node Type": "Bitmap Heap Scan", "Parent Relationship": "Inner", "Relation Name": "customer", "Alias": "customer", "Startup Cost": 0.29, "Total Cost": 4.31, "Plan Rows": 1, "Plan Width": 153, "Recheck Cond": "(c_custkey = orders.o_custkey)", "Plans": [{"Node Type": "Bitmap Index Scan", "Parent Relationship": "Outer", "Index Name": "customer_pkey", "Startup Cost": 0.0, "Total Cost": 0.29, "Plan Rows": 1, "Plan Width": 0, "Index Cond": "(c_custkey = orders.o_custkey)"}]}]}, {"Node Type": "Materialize", "Parent Relationship": "Inner", "Startup Cost": 0.0, "Total Cost": 1.38, "Plan Rows": 25, "Plan Width": 30, "Plans": [{"Node Type": "Seq Scan", "Parent Relationship": "Outer", "Relation Name": "nation", "Alias": "nation", "Startup Cost": 0.0, "Total Cost": 1.25, "Plan Rows": 25, "Plan Width": 30}]}]}, {"Node Type": "Bitmap Heap Scan", "Parent Relationship": "Inner", "Relation Name": "lineitem", "Alias": "lineitem", "Startup Cost": 1.93, "Total Cost": 14.05, "Plan Rows": 3, "Plan Width": 24, "Recheck Cond": "(l_orderkey = orders.o_orderkey)", "Filter": "(l_returnflag = 'R'::bpchar)", "Plans": [{"Node Type": "Bitmap Index Scan", "Parent Relationship": "Outer", "Index Name": "idx_lineitem_orderkey", "Startup Cost": 0.0, "Total Cost": 1.92, "Plan Rows": 9, "Plan Width": 0, "Index Cond": "(l_orderkey = orders.o_orderkey)"}]}]}]}]}]}, "Unique SQL Id": 1604070524, "Planner Runtime": 1}, "explain_analyze_plan": {"Plan": {"Node Type": "Limit", "Startup Cost": 11194981.94, "Total Cost": 11194981.99, "Plan Rows": 20, "Plan Width": 199, "Actual Startup Time": 16561.371, "Actual Total Time": 16561.376, "Actual Rows": 20, "Actual Loops": 1, "Plans": [{"Node Type": "Sort", "Parent Relationship": "Outer", "Startup Cost": 11194981.94, "Total Cost": 11198596.68, "Plan Rows": 20, "Plan Width": 199, "Actual Startup Time": 16561.368, "Actual Total Time": 16561.371, "Actual Rows": 20, "Actual Loops": 1, "Sort Key": ["(sum((lineitem.l_extendedprice * (1::double precision - lineitem.l_discount)))) DESC"], "Sort Method": "top-N heapsort", "Sort Space Used": 35, "Sort Space Type": "Memory", "Plans": [{"Node Type": "Aggregate", "Strategy": "Hashed", "Parent Relationship": "Outer", "Startup Cost": 11142048.13, "Total Cost": 11156507.11, "Plan Rows": 1445898, "Plan Width": 199, "Actual Startup Time": 16219.412, "Actual Total Time": 16427.191, "Actual Rows": 381542, "Actual Loops": 1, "Group By Key": ["customer.c_custkey", "customer.c_name", "customer.c_acctbal", "customer.c_phone", "nation.n_name", "customer.c_address", "customer.c_comment"], "Plans": [{"Node Type": "Nested Loop", "Parent Relationship": "Outer", "Join Type": "Inner", "Startup Cost": 14731.87, "Total Cost": 11105900.68, "Plan Rows": 1445898, "Plan Width": 191, "Actual Startup Time": 243.933, "Actual Total Time": 14286.777, "Actual Rows": 1145969, "Actual Loops": 1, "Inner Unique": false, "Plans": [{"Node Type": "Nested Loop", "Parent Relationship": "Outer", "Join Type": "Inner", "Startup Cost": 14729.94, "Total Cost": 3001163.72, "Plan Rows": 575746, "Plan Width": 183, "Actual Startup Time": 243.896, "Actual Total Time": 7814.394, "Actual Rows": 573635, "Actual Loops": 1, "Inner Unique": true, "Join Filter": "(customer.c_nationkey = nation.n_nationkey), (LLVM Optimized, Jit Execute)", "Rows Removed by Join Filter": 6871608, "Plans": [{"Node Type": "Nested Loop", "Parent Relationship": "Outer", "Join Type": "Inner", "Startup Cost": 14729.94, "Total Cost": 2785257.65, "Plan Rows": 575746, "Plan Width": 161, "Actual Startup Time": 243.836, "Actual Total Time": 5734.621, "Actual Rows": 573635, "Actual Loops": 1, "Inner Unique": true, "Plans": [{"Node Type": "Bitmap Heap Scan", "Parent Relationship": "Outer", "Relation Name": "orders", "Alias": "orders", "Startup Cost": 14729.65, "Total Cost": 299784.84, "Plan Rows": 575746, "Plan Width": 16, "Actual Startup Time": 243.746, "Actual Total Time": 990.345, "Actual Rows": 573635, "Actual Loops": 1, "Recheck Cond": "((o_orderdate >= '1993-08-01 00:00:00'::timestamp(0) without time zone) AND (o_orderdate < '1993-11-01 00:00:00'::timestamp without time zone)), (LLVM Optimized, Jit Execute)", "Rows Removed by Index Recheck": 0, "Exact Heap Blocks": 242860, "Lossy Heap Blocks": 242860, "Plans": [{"Node Type": "Bitmap Index Scan", "Parent Relationship": "Outer", "Index Name": "idx_orders_orderdate", "Startup Cost": 0.0, "Total Cost": 14585.71, "Plan Rows": 575746, "Plan Width": 0, "Actual Startup Time": 167.421, "Actual Total Time": 167.421, "Actual Rows": 573635, "Actual Loops": 1, "Index Cond": "((o_orderdate >= '1993-08-01 00:00:00'::timestamp(0) without time zone) AND (o_orderdate < '1993-11-01 00:00:00'::timestamp without time zone))"}]}, {"Node Type": "Bitmap Heap Scan", "Parent Relationship": "Inner", "Relation Name": "customer", "Alias": "customer", "Startup Cost": 0.29, "Total Cost": 4.31, "Plan Rows": 1, "Plan Width": 153, "Actual Startup Time": 3875.53, "Actual Total Time": 3875.53, "Actual Rows": 573635, "Actual Loops": 573635, "Recheck Cond": "(c_custkey = orders.o_custkey)", "Rows Removed by Index Recheck": 0, "Exact Heap Blocks": 573635, "Lossy Heap Blocks": 573635, "Plans": [{"Node Type": "Bitmap Index Scan", "Parent Relationship": "Outer", "Index Name": "customer_pkey", "Startup Cost": 0.0, "Total Cost": 0.29, "Plan Rows": 1, "Plan Width": 0, "Actual Startup Time": 2415.796, "Actual Total Time": 2415.796, "Actual Rows": 573635, "Actual Loops": 573635, "Index Cond": "(c_custkey = orders.o_custkey)"}]}]}, {"Node Type": "Materialize", "Parent Relationship": "Inner", "Startup Cost": 0.0, "Total Cost": 1.38, "Plan Rows": 25, "Plan Width": 30, "Actual Startup Time": 76.882, "Actual Total Time": 654.756, "Actual Rows": 7445243, "Actual Loops": 573635, "Plans": [{"Node Type": "Seq Scan", "Parent Relationship": "Outer", "Relation Name": "nation", "Alias": "nation", "Startup Cost": 0.0, "Total Cost": 1.25, "Plan Rows": 25, "Plan Width": 30, "Actual Startup Time": 0.017, "Actual Total Time": 0.021, "Actual Rows": 25, "Actual Loops": 1}]}]}, {"Node Type": "Bitmap Heap Scan", "Parent Relationship": "Inner", "Relation Name": "lineitem", "Alias": "lineitem", "Startup Cost": 1.93, "Total Cost": 14.05, "Plan Rows": 3, "Plan Width": 24, "Actual Startup Time": 4972.78, "Actual Total Time": 5513.06, "Actual Rows": 1145969, "Actual Loops": 573635, "Recheck Cond": "(l_orderkey = orders.o_orderkey)", "Rows Removed by Index Recheck": 0, "Filter": "(l_returnflag = 'R'::bpchar)", "Rows Removed by Filter": 1146896, "Exact Heap Blocks": 614400, "Lossy Heap Blocks": 614400, "Plans": [{"Node Type": "Bitmap Index Scan", "Parent Relationship": "Outer", "Index Name": "idx_lineitem_orderkey", "Startup Cost": 0.0, "Total Cost": 1.92, "Plan Rows": 9, "Plan Width": 0, "Actual Startup Time": 2500.01, "Actual Total Time": 2500.01, "Actual Rows": 2292865, "Actual Loops": 573635, "Index Cond": "(l_orderkey = orders.o_orderkey)"}]}]}]}]}]}, "Triggers": [], "Planner Runtime": 0, "Total Runtime": 16571.796, "Unique SQL Id": 1604070524}}, "(64, 51)": {"explain_plan": {"Plan": {"Node Type": "Limit", "Startup Cost": 13443415.76, "Total Cost": 13443415.81, "Plan Rows": 20, "Plan Width": 199, "Plans": [{"Node Type": "Sort", "Parent Relationship": "Outer", "Startup Cost": 13443415.76, "Total Cost": 13447030.51, "Plan Rows": 20, "Plan Width": 199, "Sort Key": ["(sum((lineitem.l_extendedprice * (1::double precision - lineitem.l_discount)))) DESC"], "Plans": [{"Node Type": "Aggregate", "Strategy": "Hashed", "Parent Relationship": "Outer", "Startup Cost": 13390481.96, "Total Cost": 13404940.94, "Plan Rows": 1445898, "Plan Width": 199, "Group By Key": ["customer.c_custkey", "customer.c_name", "customer.c_acctbal", "customer.c_phone", "nation.n_name", "customer.c_address", "customer.c_comment"], "Plans": [{"Node Type": "Nested Loop", "Parent Relationship": "Outer", "Join Type": "Inner", "Startup Cost": 14732.12, "Total Cost": 13354334.51, "Plan Rows": 1445898, "Plan Width": 191, "Inner Unique": false, "Plans": [{"Node Type": "Nested Loop", "Parent Relationship": "Outer", "Join Type": "Inner", "Startup Cost": 14730.2, "Total Cost": 5249597.54, "Plan Rows": 575746, "Plan Width": 183, "Inner Unique": true, "Plans": [{"Node Type": "Nested Loop", "Parent Relationship": "Outer", "Join Type": "Inner", "Startup Cost": 14729.94, "Total Cost": 2785257.65, "Plan Rows": 575746, "Plan Width": 161, "Inner Unique": true, "Plans": [{"Node Type": "Bitmap Heap Scan", "Parent Relationship": "Outer", "Relation Name": "orders", "Alias": "orders", "Startup Cost": 14729.65, "Total Cost": 299784.84, "Plan Rows": 575746, "Plan Width": 16, "Recheck Cond": "((o_orderdate >= '1993-08-01 00:00:00'::timestamp(0) without time zone) AND (o_orderdate < '1993-11-01 00:00:00'::timestamp without time zone)), (LLVM Optimized)", "Plans": [{"Node Type": "Bitmap Index Scan", "Parent Relationship": "Outer", "Index Name": "idx_orders_orderdate", "Startup Cost": 0.0, "Total Cost": 14585.71, "Plan Rows": 575746, "Plan Width": 0, "Index Cond": "((o_orderdate >= '1993-08-01 00:00:00'::timestamp(0) without time zone) AND (o_orderdate < '1993-11-01 00:00:00'::timestamp without time zone))"}]}, {"Node Type": "Bitmap Heap Scan", "Parent Relationship": "Inner", "Relation Name": "customer", "Alias": "customer", "Startup Cost": 0.29, "Total Cost": 4.31, "Plan Rows": 1, "Plan Width": 153, "Recheck Cond": "(c_custkey = orders.o_custkey)", "Plans": [{"Node Type": "Bitmap Index Scan", "Parent Relationship": "Outer", "Index Name": "customer_pkey", "Startup Cost": 0.0, "Total Cost": 0.29, "Plan Rows": 1, "Plan Width": 0, "Index Cond": "(c_custkey = orders.o_custkey)"}]}]}, {"Node Type": "Bitmap Heap Scan", "Parent Relationship": "Inner", "Relation Name": "nation", "Alias": "nation", "Startup Cost": 0.26, "Total Cost": 4.27, "Plan Rows": 1, "Plan Width": 30, "Recheck Cond": "(n_nationkey = customer.c_nationkey)", "Plans": [{"Node Type": "Bitmap Index Scan", "Parent Relationship": "Outer", "Index Name": "nation_pkey", "Startup Cost": 0.0, "Total Cost": 0.26, "Plan Rows": 1, "Plan Width": 0, "Index Cond": "(n_nationkey = customer.c_nationkey)"}]}]}, {"Node Type": "Bitmap Heap Scan", "Parent Relationship": "Inner", "Relation Name": "lineitem", "Alias": "lineitem", "Startup Cost": 1.93, "Total Cost": 14.05, "Plan Rows": 3, "Plan Width": 24, "Recheck Cond": "(l_orderkey = orders.o_orderkey)", "Filter": "(l_returnflag = 'R'::bpchar)", "Plans": [{"Node Type": "Bitmap Index Scan", "Parent Relationship": "Outer", "Index Name": "idx_lineitem_orderkey", "Startup Cost": 0.0, "Total Cost": 1.92, "Plan Rows": 9, "Plan Width": 0, "Index Cond": "(l_orderkey = orders.o_orderkey)"}]}]}]}]}]}, "Unique SQL Id": 1604070524, "Planner Runtime": 1}, "explain_analyze_plan": {"Plan": {"Node Type": "Limit", "Startup Cost": 13443415.76, "Total Cost": 13443415.81, "Plan Rows": 20, "Plan Width": 199, "Actual Startup Time": 16957.333, "Actual Total Time": 16957.341, "Actual Rows": 20, "Actual Loops": 1, "Plans": [{"Node Type": "Sort", "Parent Relationship": "Outer", "Startup Cost": 13443415.76, "Total Cost": 13447030.51, "Plan Rows": 20, "Plan Width": 199, "Actual Startup Time": 16957.329, "Actual Total Time": 16957.334, "Actual Rows": 20, "Actual Loops": 1, "Sort Key": ["(sum((lineitem.l_extendedprice * (1::double precision - lineitem.l_discount)))) DESC"], "Sort Method": "top-N heapsort", "Sort Space Used": 35, "Sort Space Type": "Memory", "Plans": [{"Node Type": "Aggregate", "Strategy": "Hashed", "Parent Relationship": "Outer", "Startup Cost": 13390481.96, "Total Cost": 13404940.94, "Plan Rows": 1445898, "Plan Width": 199, "Actual Startup Time": 16583.968, "Actual Total Time": 16822.306, "Actual Rows": 381542, "Actual Loops": 1, "Group By Key": ["customer.c_custkey", "customer.c_name", "customer.c_acctbal", "customer.c_phone", "nation.n_name", "customer.c_address", "customer.c_comment"], "Plans": [{"Node Type": "Nested Loop", "Parent Relationship": "Outer", "Join Type": "Inner", "Startup Cost": 14732.12, "Total Cost": 13354334.51, "Plan Rows": 1445898, "Plan Width": 191, "Actual Startup Time": 241.783, "Actual Total Time": 14652.01, "Actual Rows": 1145969, "Actual Loops": 1, "Inner Unique": false, "Plans": [{"Node Type": "Nested Loop", "Parent Relationship": "Outer", "Join Type": "Inner", "Startup Cost": 14730.2, "Total Cost": 5249597.54, "Plan Rows": 575746, "Plan Width": 183, "Actual Startup Time": 241.73, "Actual Total Time": 8212.424, "Actual Rows": 573635, "Actual Loops": 1, "Inner Unique": true, "Plans": [{"Node Type": "Nested Loop", "Parent Relationship": "Outer", "Join Type": "Inner", "Startup Cost": 14729.94, "Total Cost": 2785257.65, "Plan Rows": 575746, "Plan Width": 161, "Actual Startup Time": 241.696, "Actual Total Time": 6036.117, "Actual Rows": 573635, "Actual Loops": 1, "Inner Unique": true, "Plans": [{"Node Type": "Bitmap Heap Scan", "Parent Relationship": "Outer", "Relation Name": "orders", "Alias": "orders", "Startup Cost": 14729.65, "Total Cost": 299784.84, "Plan Rows": 575746, "Plan Width": 16, "Actual Startup Time": 241.45, "Actual Total Time": 1047.688, "Actual Rows": 573635, "Actual Loops": 1, "Recheck Cond": "((o_orderdate >= '1993-08-01 00:00:00'::timestamp(0) without time zone) AND (o_orderdate < '1993-11-01 00:00:00'::timestamp without time zone)), (LLVM Optimized, Jit Execute)", "Rows Removed by Index Recheck": 0, "Exact Heap Blocks": 242860, "Lossy Heap Blocks": 242860, "Plans": [{"Node Type": "Bitmap Index Scan", "Parent Relationship": "Outer", "Index Name": "idx_orders_orderdate", "Startup Cost": 0.0, "Total Cost": 14585.71, "Plan Rows": 575746, "Plan Width": 0, "Actual Startup Time": 167.064, "Actual Total Time": 167.064, "Actual Rows": 573635, "Actual Loops": 1, "Index Cond": "((o_orderdate >= '1993-08-01 00:00:00'::timestamp(0) without time zone) AND (o_orderdate < '1993-11-01 00:00:00'::timestamp without time zone))"}]}, {"Node Type": "Bitmap Heap Scan", "Parent Relationship": "Inner", "Relation Name": "customer", "Alias": "customer", "Startup Cost": 0.29, "Total Cost": 4.31, "Plan Rows": 1, "Plan Width": 153, "Actual Startup Time": 4129.14, "Actual Total Time": 4129.14, "Actual Rows": 573635, "Actual Loops": 573635, "Recheck Cond": "(c_custkey = orders.o_custkey)", "Rows Removed by Index Recheck": 0, "Exact Heap Blocks": 573635, "Lossy Heap Blocks": 573635, "Plans": [{"Node Type": "Bitmap Index Scan", "Parent Relationship": "Outer", "Index Name": "customer_pkey", "Startup Cost": 0.0, "Total Cost": 0.29, "Plan Rows": 1, "Plan Width": 0, "Actual Startup Time": 2565.96, "Actual Total Time": 2565.96, "Actual Rows": 573635, "Actual Loops": 573635, "Index Cond": "(c_custkey = orders.o_custkey)"}]}]}, {"Node Type": "Bitmap Heap Scan", "Parent Relationship": "Inner", "Relation Name": "nation", "Alias": "nation", "Startup Cost": 0.26, "Total Cost": 4.27, "Plan Rows": 1, "Plan Width": 30, "Actual Startup Time": 1398.487, "Actual Total Time": 1398.487, "Actual Rows": 573635, "Actual Loops": 573635, "Recheck Cond": "(n_nationkey = customer.c_nationkey)", "Rows Removed by Index Recheck": 0, "Exact Heap Blocks": 573635, "Lossy Heap Blocks": 573635, "Plans": [{"Node Type": "Bitmap Index Scan", "Parent Relationship": "Outer", "Index Name": "nation_pkey", "Startup Cost": 0.0, "Total Cost": 0.26, "Plan Rows": 1, "Plan Width": 0, "Actual Startup Time": 610.04, "Actual Total Time": 610.04, "Actual Rows": 573635, "Actual Loops": 573635, "Index Cond": "(n_nationkey = customer.c_nationkey)"}]}]}, {"Node Type": "Bitmap Heap Scan", "Parent Relationship": "Inner", "Relation Name": "lineitem", "Alias": "lineitem", "Startup Cost": 1.93, "Total Cost": 14.05, "Plan Rows": 3, "Plan Width": 24, "Actual Startup Time": 4947.793, "Actual Total Time": 5480.067, "Actual Rows": 1145969, "Actual Loops": 573635, "Recheck Cond": "(l_orderkey = orders.o_orderkey)", "Rows Removed by Index Recheck": 0, "Filter": "(l_returnflag = 'R'::bpchar)", "Rows Removed by Filter": 1146896, "Exact Heap Blocks": 614400, "Lossy Heap Blocks": 614400, "Plans": [{"Node Type": "Bitmap Index Scan", "Parent Relationship": "Outer", "Index Name": "idx_lineitem_orderkey", "Startup Cost": 0.0, "Total Cost": 1.92, "Plan Rows": 9, "Plan Width": 0, "Actual Startup Time": 2505.557, "Actual Total Time": 2505.557, "Actual Rows": 2292865, "Actual Loops": 573635, "Index Cond": "(l_orderkey = orders.o_orderkey)"}]}]}]}]}]}, "Triggers": [], "Planner Runtime": 0, "Total Runtime": 16967.566, "Unique SQL Id": 1604070524}}, "(64, 52)": {"explain_plan": {"Plan": {"Node Type": "Limit", "Startup Cost": 3997545.9, "Total Cost": 3997545.95, "Plan Rows": 20, "Plan Width": 199, "Plans": [{"Node Type": "Sort", "Parent Relationship": "Outer", "Startup Cost": 3997545.9, "Total Cost": 4001160.65, "Plan Rows": 20, "Plan Width": 199, "Sort Key": ["(sum((lineitem.l_extendedprice * (1::double precision - lineitem.l_discount)))) DESC"], "Plans": [{"Node Type": "Aggregate", "Strategy": "Hashed", "Parent Relationship": "Outer", "Startup Cost": 3944612.1, "Total Cost": 3959071.08, "Plan Rows": 1445898, "Plan Width": 199, "Group By Key": ["customer.c_custkey", "customer.c_name", "customer.c_acctbal", "customer.c_phone", "nation.n_name", "customer.c_address", "customer.c_comment"], "Plans": [{"Node Type": "Nested Loop", "Parent Relationship": "Outer", "Join Type": "Inner", "Startup Cost": 14729.65, "Total Cost": 3908464.65, "Plan Rows": 1445898, "Plan Width": 191, "Inner Unique": false, "Plans": [{"Node Type": "Nested Loop", "Parent Relationship": "Outer", "Join Type": "Inner", "Startup Cost": 14729.65, "Total Cost": 791847.2, "Plan Rows": 575746, "Plan Width": 183, "Inner Unique": true, "Plans": [{"Node Type": "Nested Loop", "Parent Relationship": "Outer", "Join Type": "Inner", "Startup Cost": 14729.65, "Total Cost": 630633.72, "Plan Rows": 575746, "Plan Width": 161, "Inner Unique": true, "Plans": [{"Node Type": "Bitmap Heap Scan", "Parent Relationship": "Outer", "Relation Name": "orders", "Alias": "orders", "Startup Cost": 14729.65, "Total Cost": 299784.84, "Plan Rows": 575746, "Plan Width": 16, "Recheck Cond": "((o_orderdate >= '1993-08-01 00:00:00'::timestamp(0) without time zone) AND (o_orderdate < '1993-11-01 00:00:00'::timestamp without time zone)), (LLVM Optimized)", "Plans": [{"Node Type": "Bitmap Index Scan", "Parent Relationship": "Outer", "Index Name": "idx_orders_orderdate", "Startup Cost": 0.0, "Total Cost": 14585.71, "Plan Rows": 575746, "Plan Width": 0, "Index Cond": "((o_orderdate >= '1993-08-01 00:00:00'::timestamp(0) without time zone) AND (o_orderdate < '1993-11-01 00:00:00'::timestamp without time zone))"}]}, {"Node Type": "Index Scan", "Parent Relationship": "Inner", "Scan Direction": "Forward", "Index Name": "customer_pkey", "Relation Name": "customer", "Alias": "customer", "Startup Cost": 0.0, "Total Cost": 0.56, "Plan Rows": 1, "Plan Width": 153, "Index Cond": "(c_custkey = orders.o_custkey)"}]}, {"Node Type": "Index Scan", "Parent Relationship": "Inner", "Scan Direction": "Forward", "Index Name": "nation_pkey", "Relation Name": "nation", "Alias": "nation", "Startup Cost": 0.0, "Total Cost": 0.27, "Plan Rows": 1, "Plan Width": 30, "Index Cond": "(n_nationkey = customer.c_nationkey)"}]}, {"Node Type": "Index Scan", "Parent Relationship": "Inner", "Scan Direction": "Forward", "Index Name": "idx_lineitem_orderkey", "Relation Name": "lineitem", "Alias": "lineitem", "Startup Cost": 0.0, "Total Cost": 5.38, "Plan Rows": 3, "Plan Width": 24, "Index Cond": "(l_orderkey = orders.o_orderkey)", "Filter": "(l_returnflag = 'R'::bpchar)"}]}]}]}]}, "Unique SQL Id": 1604070524, "Planner Runtime": 0}, "explain_analyze_plan": {"Plan": {"Node Type": "Limit", "Startup Cost": 3997545.9, "Total Cost": 3997545.95, "Plan Rows": 20, "Plan Width": 199, "Actual Startup Time": 13809.837, "Actual Total Time": 13809.846, "Actual Rows": 20, "Actual Loops": 1, "Plans": [{"Node Type": "Sort", "Parent Relationship": "Outer", "Startup Cost": 3997545.9, "Total Cost": 4001160.65, "Plan Rows": 20, "Plan Width": 199, "Actual Startup Time": 13809.833, "Actual Total Time": 13809.838, "Actual Rows": 20, "Actual Loops": 1, "Sort Key": ["(sum((lineitem.l_extendedprice * (1::double precision - lineitem.l_discount)))) DESC"], "Sort Method": "top-N heapsort", "Sort Space Used": 35, "Sort Space Type": "Memory", "Plans": [{"Node Type": "Aggregate", "Strategy": "Hashed", "Parent Relationship": "Outer", "Startup Cost": 3944612.1, "Total Cost": 3959071.08, "Plan Rows": 1445898, "Plan Width": 199, "Actual Startup Time": 13406.7, "Actual Total Time": 13674.418, "Actual Rows": 381542, "Actual Loops": 1, "Group By Key": ["customer.c_custkey", "customer.c_name", "customer.c_acctbal", "customer.c_phone", "nation.n_name", "customer.c_address", "customer.c_comment"], "Plans": [{"Node Type": "Nested Loop", "Parent Relationship": "Outer", "Join Type": "Inner", "Startup Cost": 14729.65, "Total Cost": 3908464.65, "Plan Rows": 1445898, "Plan Width": 191, "Actual Startup Time": 243.034, "Actual Total Time": 11541.362, "Actual Rows": 1145969, "Actual Loops": 1, "Inner Unique": false, "Plans": [{"Node Type": "Nested Loop", "Parent Relationship": "Outer", "Join Type": "Inner", "Startup Cost": 14729.65, "Total Cost": 791847.2, "Plan Rows": 575746, "Plan Width": 183, "Actual Startup Time": 242.99, "Actual Total Time": 5969.253, "Actual Rows": 573635, "Actual Loops": 1, "Inner Unique": true, "Plans": [{"Node Type": "Nested Loop", "Parent Relationship": "Outer", "Join Type": "Inner", "Startup Cost": 14729.65, "Total Cost": 630633.72, "Plan Rows": 575746, "Plan Width": 161, "Actual Startup Time": 242.98, "Actual Total Time": 4717.559, "Actual Rows": 573635, "Actual Loops": 1, "Inner Unique": true, "Plans": [{"Node Type": "Bitmap Heap Scan", "Parent Relationship": "Outer", "Relation Name": "orders", "Alias": "orders", "Startup Cost": 14729.65, "Total Cost": 299784.84, "Plan Rows": 575746, "Plan Width": 16, "Actual Startup Time": 242.927, "Actual Total Time": 1010.773, "Actual Rows": 573635, "Actual Loops": 1, "Recheck Cond": "((o_orderdate >= '1993-08-01 00:00:00'::timestamp(0) without time zone) AND (o_orderdate < '1993-11-01 00:00:00'::timestamp without time zone)), (LLVM Optimized, Jit Execute)", "Rows Removed by Index Recheck": 0, "Exact Heap Blocks": 242860, "Lossy Heap Blocks": 242860, "Plans": [{"Node Type": "Bitmap Index Scan", "Parent Relationship": "Outer", "Index Name": "idx_orders_orderdate", "Startup Cost": 0.0, "Total Cost": 14585.71, "Plan Rows": 575746, "Plan Width": 0, "Actual Startup Time": 168.567, "Actual Total Time": 168.567, "Actual Rows": 573635, "Actual Loops": 1, "Index Cond": "((o_orderdate >= '1993-08-01 00:00:00'::timestamp(0) without time zone) AND (o_orderdate < '1993-11-01 00:00:00'::timestamp without time zone))"}]}, {"Node Type": "Index Scan", "Parent Relationship": "Inner", "Scan Direction": "Forward", "Index Name": "customer_pkey", "Relation Name": "customer", "Alias": "customer", "Startup Cost": 0.0, "Total Cost": 0.56, "Plan Rows": 1, "Plan Width": 153, "Actual Startup Time": 3201.546, "Actual Total Time": 3201.546, "Actual Rows": 573635, "Actual Loops": 573635, "Index Cond": "(c_custkey = orders.o_custkey)", "Rows Removed by Index Recheck": 0}]}, {"Node Type": "Index Scan", "Parent Relationship": "Inner", "Scan Direction": "Forward", "Index Name": "nation_pkey", "Relation Name": "nation", "Alias": "nation", "Startup Cost": 0.0, "Total Cost": 0.27, "Plan Rows": 1, "Plan Width": 30, "Actual Startup Time": 800.405, "Actual Total Time": 800.405, "Actual Rows": 573635, "Actual Loops": 573635, "Index Cond": "(n_nationkey = customer.c_nationkey)", "Rows Removed by Index Recheck": 0}]}, {"Node Type": "Index Scan", "Parent Relationship": "Inner", "Scan Direction": "Forward", "Index Name": "idx_lineitem_orderkey", "Relation Name": "lineitem", "Alias": "lineitem", "Startup Cost": 0.0, "Total Cost": 5.38, "Plan Rows": 3, "Plan Width": 24, "Actual Startup Time": 3687.353, "Actual Total Time": 4987.373, "Actual Rows": 1145969, "Actual Loops": 573635, "Index Cond": "(l_orderkey = orders.o_orderkey)", "Rows Removed by Index Recheck": 0, "Filter": "(l_returnflag = 'R'::bpchar)", "Rows Removed by Filter": 1146896}]}]}]}]}, "Triggers": [], "Planner Runtime": 0, "Total Runtime": 13819.996, "Unique SQL Id": 1604070524}}, "(64, 53)": {"explain_plan": {"Plan": {"Node Type": "Limit", "Startup Cost": 3997545.9, "Total Cost": 3997545.95, "Plan Rows": 20, "Plan Width": 199, "Plans": [{"Node Type": "Sort", "Parent Relationship": "Outer", "Startup Cost": 3997545.9, "Total Cost": 4001160.65, "Plan Rows": 20, "Plan Width": 199, "Sort Key": ["(sum((lineitem.l_extendedprice * (1::double precision - lineitem.l_discount)))) DESC"], "Plans": [{"Node Type": "Aggregate", "Strategy": "Hashed", "Parent Relationship": "Outer", "Startup Cost": 3944612.1, "Total Cost": 3959071.08, "Plan Rows": 1445898, "Plan Width": 199, "Group By Key": ["customer.c_custkey", "customer.c_name", "customer.c_acctbal", "customer.c_phone", "nation.n_name", "customer.c_address", "customer.c_comment"], "Plans": [{"Node Type": "Nested Loop", "Parent Relationship": "Outer", "Join Type": "Inner", "Startup Cost": 14729.65, "Total Cost": 3908464.65, "Plan Rows": 1445898, "Plan Width": 191, "Inner Unique": false, "Plans": [{"Node Type": "Nested Loop", "Parent Relationship": "Outer", "Join Type": "Inner", "Startup Cost": 14729.65, "Total Cost": 791847.2, "Plan Rows": 575746, "Plan Width": 183, "Inner Unique": true, "Plans": [{"Node Type": "Nested Loop", "Parent Relationship": "Outer", "Join Type": "Inner", "Startup Cost": 14729.65, "Total Cost": 630633.72, "Plan Rows": 575746, "Plan Width": 161, "Inner Unique": true, "Plans": [{"Node Type": "Bitmap Heap Scan", "Parent Relationship": "Outer", "Relation Name": "orders", "Alias": "orders", "Startup Cost": 14729.65, "Total Cost": 299784.84, "Plan Rows": 575746, "Plan Width": 16, "Recheck Cond": "((o_orderdate >= '1993-08-01 00:00:00'::timestamp(0) without time zone) AND (o_orderdate < '1993-11-01 00:00:00'::timestamp without time zone)), (LLVM Optimized)", "Plans": [{"Node Type": "Bitmap Index Scan", "Parent Relationship": "Outer", "Index Name": "idx_orders_orderdate", "Startup Cost": 0.0, "Total Cost": 14585.71, "Plan Rows": 575746, "Plan Width": 0, "Index Cond": "((o_orderdate >= '1993-08-01 00:00:00'::timestamp(0) without time zone) AND (o_orderdate < '1993-11-01 00:00:00'::timestamp without time zone))"}]}, {"Node Type": "Index Scan", "Parent Relationship": "Inner", "Scan Direction": "Forward", "Index Name": "customer_pkey", "Relation Name": "customer", "Alias": "customer", "Startup Cost": 0.0, "Total Cost": 0.56, "Plan Rows": 1, "Plan Width": 153, "Index Cond": "(c_custkey = orders.o_custkey)"}]}, {"Node Type": "Index Scan", "Parent Relationship": "Inner", "Scan Direction": "Forward", "Index Name": "nation_pkey", "Relation Name": "nation", "Alias": "nation", "Startup Cost": 0.0, "Total Cost": 0.27, "Plan Rows": 1, "Plan Width": 30, "Index Cond": "(n_nationkey = customer.c_nationkey)"}]}, {"Node Type": "Index Scan", "Parent Relationship": "Inner", "Scan Direction": "Forward", "Index Name": "idx_lineitem_orderkey", "Relation Name": "lineitem", "Alias": "lineitem", "Startup Cost": 0.0, "Total Cost": 5.38, "Plan Rows": 3, "Plan Width": 24, "Index Cond": "(l_orderkey = orders.o_orderkey)", "Filter": "(l_returnflag = 'R'::bpchar)"}]}]}]}]}, "Unique SQL Id": 1604070524, "Planner Runtime": 0}, "explain_analyze_plan": {"Plan": {"Node Type": "Limit", "Startup Cost": 3997545.9, "Total Cost": 3997545.95, "Plan Rows": 20, "Plan Width": 199, "Actual Startup Time": 13809.837, "Actual Total Time": 13809.846, "Actual Rows": 20, "Actual Loops": 1, "Plans": [{"Node Type": "Sort", "Parent Relationship": "Outer", "Startup Cost": 3997545.9, "Total Cost": 4001160.65, "Plan Rows": 20, "Plan Width": 199, "Actual Startup Time": 13809.833, "Actual Total Time": 13809.838, "Actual Rows": 20, "Actual Loops": 1, "Sort Key": ["(sum((lineitem.l_extendedprice * (1::double precision - lineitem.l_discount)))) DESC"], "Sort Method": "top-N heapsort", "Sort Space Used": 35, "Sort Space Type": "Memory", "Plans": [{"Node Type": "Aggregate", "Strategy": "Hashed", "Parent Relationship": "Outer", "Startup Cost": 3944612.1, "Total Cost": 3959071.08, "Plan Rows": 1445898, "Plan Width": 199, "Actual Startup Time": 13406.7, "Actual Total Time": 13674.418, "Actual Rows": 381542, "Actual Loops": 1, "Group By Key": ["customer.c_custkey", "customer.c_name", "customer.c_acctbal", "customer.c_phone", "nation.n_name", "customer.c_address", "customer.c_comment"], "Plans": [{"Node Type": "Nested Loop", "Parent Relationship": "Outer", "Join Type": "Inner", "Startup Cost": 14729.65, "Total Cost": 3908464.65, "Plan Rows": 1445898, "Plan Width": 191, "Actual Startup Time": 243.034, "Actual Total Time": 11541.362, "Actual Rows": 1145969, "Actual Loops": 1, "Inner Unique": false, "Plans": [{"Node Type": "Nested Loop", "Parent Relationship": "Outer", "Join Type": "Inner", "Startup Cost": 14729.65, "Total Cost": 791847.2, "Plan Rows": 575746, "Plan Width": 183, "Actual Startup Time": 242.99, "Actual Total Time": 5969.253, "Actual Rows": 573635, "Actual Loops": 1, "Inner Unique": true, "Plans": [{"Node Type": "Nested Loop", "Parent Relationship": "Outer", "Join Type": "Inner", "Startup Cost": 14729.65, "Total Cost": 630633.72, "Plan Rows": 575746, "Plan Width": 161, "Actual Startup Time": 242.98, "Actual Total Time": 4717.559, "Actual Rows": 573635, "Actual Loops": 1, "Inner Unique": true, "Plans": [{"Node Type": "Bitmap Heap Scan", "Parent Relationship": "Outer", "Relation Name": "orders", "Alias": "orders", "Startup Cost": 14729.65, "Total Cost": 299784.84, "Plan Rows": 575746, "Plan Width": 16, "Actual Startup Time": 242.927, "Actual Total Time": 1010.773, "Actual Rows": 573635, "Actual Loops": 1, "Recheck Cond": "((o_orderdate >= '1993-08-01 00:00:00'::timestamp(0) without time zone) AND (o_orderdate < '1993-11-01 00:00:00'::timestamp without time zone)), (LLVM Optimized, Jit Execute)", "Rows Removed by Index Recheck": 0, "Exact Heap Blocks": 242860, "Lossy Heap Blocks": 242860, "Plans": [{"Node Type": "Bitmap Index Scan", "Parent Relationship": "Outer", "Index Name": "idx_orders_orderdate", "Startup Cost": 0.0, "Total Cost": 14585.71, "Plan Rows": 575746, "Plan Width": 0, "Actual Startup Time": 168.567, "Actual Total Time": 168.567, "Actual Rows": 573635, "Actual Loops": 1, "Index Cond": "((o_orderdate >= '1993-08-01 00:00:00'::timestamp(0) without time zone) AND (o_orderdate < '1993-11-01 00:00:00'::timestamp without time zone))"}]}, {"Node Type": "Index Scan", "Parent Relationship": "Inner", "Scan Direction": "Forward", "Index Name": "customer_pkey", "Relation Name": "customer", "Alias": "customer", "Startup Cost": 0.0, "Total Cost": 0.56, "Plan Rows": 1, "Plan Width": 153, "Actual Startup Time": 3201.546, "Actual Total Time": 3201.546, "Actual Rows": 573635, "Actual Loops": 573635, "Index Cond": "(c_custkey = orders.o_custkey)", "Rows Removed by Index Recheck": 0}]}, {"Node Type": "Index Scan", "Parent Relationship": "Inner", "Scan Direction": "Forward", "Index Name": "nation_pkey", "Relation Name": "nation", "Alias": "nation", "Startup Cost": 0.0, "Total Cost": 0.27, "Plan Rows": 1, "Plan Width": 30, "Actual Startup Time": 800.405, "Actual Total Time": 800.405, "Actual Rows": 573635, "Actual Loops": 573635, "Index Cond": "(n_nationkey = customer.c_nationkey)", "Rows Removed by Index Recheck": 0}]}, {"Node Type": "Index Scan", "Parent Relationship": "Inner", "Scan Direction": "Forward", "Index Name": "idx_lineitem_orderkey", "Relation Name": "lineitem", "Alias": "lineitem", "Startup Cost": 0.0, "Total Cost": 5.38, "Plan Rows": 3, "Plan Width": 24, "Actual Startup Time": 3687.353, "Actual Total Time": 4987.373, "Actual Rows": 1145969, "Actual Loops": 573635, "Index Cond": "(l_orderkey = orders.o_orderkey)", "Rows Removed by Index Recheck": 0, "Filter": "(l_returnflag = 'R'::bpchar)", "Rows Removed by Filter": 1146896}]}]}]}]}, "Triggers": [], "Planner Runtime": 0, "Total Runtime": 13819.996, "Unique SQL Id": 1604070524}}, "(64, 54)": {"explain_plan": {"Plan": {"Node Type": "Limit", "Startup Cost": 11194981.94, "Total Cost": 11194981.99, "Plan Rows": 20, "Plan Width": 199, "Plans": [{"Node Type": "Sort", "Parent Relationship": "Outer", "Startup Cost": 11194981.94, "Total Cost": 11198596.68, "Plan Rows": 20, "Plan Width": 199, "Sort Key": ["(sum((lineitem.l_extendedprice * (1::double precision - lineitem.l_discount)))) DESC"], "Plans": [{"Node Type": "Aggregate", "Strategy": "Hashed", "Parent Relationship": "Outer", "Startup Cost": 11142048.13, "Total Cost": 11156507.11, "Plan Rows": 1445898, "Plan Width": 199, "Group By Key": ["customer.c_custkey", "customer.c_name", "customer.c_acctbal", "customer.c_phone", "nation.n_name", "customer.c_address", "customer.c_comment"], "Plans": [{"Node Type": "Nested Loop", "Parent Relationship": "Outer", "Join Type": "Inner", "Startup Cost": 14731.87, "Total Cost": 11105900.68, "Plan Rows": 1445898, "Plan Width": 191, "Inner Unique": false, "Plans": [{"Node Type": "Nested Loop", "Parent Relationship": "Outer", "Join Type": "Inner", "Startup Cost": 14729.94, "Total Cost": 3001163.72, "Plan Rows": 575746, "Plan Width": 183, "Inner Unique": true, "Join Filter": "(customer.c_nationkey = nation.n_nationkey), (LLVM Optimized)", "Plans": [{"Node Type": "Nested Loop", "Parent Relationship": "Outer", "Join Type": "Inner", "Startup Cost": 14729.94, "Total Cost": 2785257.65, "Plan Rows": 575746, "Plan Width": 161, "Inner Unique": true, "Plans": [{"Node Type": "Bitmap Heap Scan", "Parent Relationship": "Outer", "Relation Name": "orders", "Alias": "orders", "Startup Cost": 14729.65, "Total Cost": 299784.84, "Plan Rows": 575746, "Plan Width": 16, "Recheck Cond": "((o_orderdate >= '1993-08-01 00:00:00'::timestamp(0) without time zone) AND (o_orderdate < '1993-11-01 00:00:00'::timestamp without time zone)), (LLVM Optimized)", "Plans": [{"Node Type": "Bitmap Index Scan", "Parent Relationship": "Outer", "Index Name": "idx_orders_orderdate", "Startup Cost": 0.0, "Total Cost": 14585.71, "Plan Rows": 575746, "Plan Width": 0, "Index Cond": "((o_orderdate >= '1993-08-01 00:00:00'::timestamp(0) without time zone) AND (o_orderdate < '1993-11-01 00:00:00'::timestamp without time zone))"}]}, {"Node Type": "Bitmap Heap Scan", "Parent Relationship": "Inner", "Relation Name": "customer", "Alias": "customer", "Startup Cost": 0.29, "Total Cost": 4.31, "Plan Rows": 1, "Plan Width": 153, "Recheck Cond": "(c_custkey = orders.o_custkey)", "Plans": [{"Node Type": "Bitmap Index Scan", "Parent Relationship": "Outer", "Index Name": "customer_pkey", "Startup Cost": 0.0, "Total Cost": 0.29, "Plan Rows": 1, "Plan Width": 0, "Index Cond": "(c_custkey = orders.o_custkey)"}]}]}, {"Node Type": "Materialize", "Parent Relationship": "Inner", "Startup Cost": 0.0, "Total Cost": 1.38, "Plan Rows": 25, "Plan Width": 30, "Plans": [{"Node Type": "Seq Scan", "Parent Relationship": "Outer", "Relation Name": "nation", "Alias": "nation", "Startup Cost": 0.0, "Total Cost": 1.25, "Plan Rows": 25, "Plan Width": 30}]}]}, {"Node Type": "Bitmap Heap Scan", "Parent Relationship": "Inner", "Relation Name": "lineitem", "Alias": "lineitem", "Startup Cost": 1.93, "Total Cost": 14.05, "Plan Rows": 3, "Plan Width": 24, "Recheck Cond": "(l_orderkey = orders.o_orderkey)", "Filter": "(l_returnflag = 'R'::bpchar)", "Plans": [{"Node Type": "Bitmap Index Scan", "Parent Relationship": "Outer", "Index Name": "idx_lineitem_orderkey", "Startup Cost": 0.0, "Total Cost": 1.92, "Plan Rows": 9, "Plan Width": 0, "Index Cond": "(l_orderkey = orders.o_orderkey)"}]}]}]}]}]}, "Unique SQL Id": 1604070524, "Planner Runtime": 0}, "explain_analyze_plan": {"Plan": {"Node Type": "Limit", "Startup Cost": 11194981.94, "Total Cost": 11194981.99, "Plan Rows": 20, "Plan Width": 199, "Actual Startup Time": 16561.371, "Actual Total Time": 16561.376, "Actual Rows": 20, "Actual Loops": 1, "Plans": [{"Node Type": "Sort", "Parent Relationship": "Outer", "Startup Cost": 11194981.94, "Total Cost": 11198596.68, "Plan Rows": 20, "Plan Width": 199, "Actual Startup Time": 16561.368, "Actual Total Time": 16561.371, "Actual Rows": 20, "Actual Loops": 1, "Sort Key": ["(sum((lineitem.l_extendedprice * (1::double precision - lineitem.l_discount)))) DESC"], "Sort Method": "top-N heapsort", "Sort Space Used": 35, "Sort Space Type": "Memory", "Plans": [{"Node Type": "Aggregate", "Strategy": "Hashed", "Parent Relationship": "Outer", "Startup Cost": 11142048.13, "Total Cost": 11156507.11, "Plan Rows": 1445898, "Plan Width": 199, "Actual Startup Time": 16219.412, "Actual Total Time": 16427.191, "Actual Rows": 381542, "Actual Loops": 1, "Group By Key": ["customer.c_custkey", "customer.c_name", "customer.c_acctbal", "customer.c_phone", "nation.n_name", "customer.c_address", "customer.c_comment"], "Plans": [{"Node Type": "Nested Loop", "Parent Relationship": "Outer", "Join Type": "Inner", "Startup Cost": 14731.87, "Total Cost": 11105900.68, "Plan Rows": 1445898, "Plan Width": 191, "Actual Startup Time": 243.933, "Actual Total Time": 14286.777, "Actual Rows": 1145969, "Actual Loops": 1, "Inner Unique": false, "Plans": [{"Node Type": "Nested Loop", "Parent Relationship": "Outer", "Join Type": "Inner", "Startup Cost": 14729.94, "Total Cost": 3001163.72, "Plan Rows": 575746, "Plan Width": 183, "Actual Startup Time": 243.896, "Actual Total Time": 7814.394, "Actual Rows": 573635, "Actual Loops": 1, "Inner Unique": true, "Join Filter": "(customer.c_nationkey = nation.n_nationkey), (LLVM Optimized, Jit Execute)", "Rows Removed by Join Filter": 6871608, "Plans": [{"Node Type": "Nested Loop", "Parent Relationship": "Outer", "Join Type": "Inner", "Startup Cost": 14729.94, "Total Cost": 2785257.65, "Plan Rows": 575746, "Plan Width": 161, "Actual Startup Time": 243.836, "Actual Total Time": 5734.621, "Actual Rows": 573635, "Actual Loops": 1, "Inner Unique": true, "Plans": [{"Node Type": "Bitmap Heap Scan", "Parent Relationship": "Outer", "Relation Name": "orders", "Alias": "orders", "Startup Cost": 14729.65, "Total Cost": 299784.84, "Plan Rows": 575746, "Plan Width": 16, "Actual Startup Time": 243.746, "Actual Total Time": 990.345, "Actual Rows": 573635, "Actual Loops": 1, "Recheck Cond": "((o_orderdate >= '1993-08-01 00:00:00'::timestamp(0) without time zone) AND (o_orderdate < '1993-11-01 00:00:00'::timestamp without time zone)), (LLVM Optimized, Jit Execute)", "Rows Removed by Index Recheck": 0, "Exact Heap Blocks": 242860, "Lossy Heap Blocks": 242860, "Plans": [{"Node Type": "Bitmap Index Scan", "Parent Relationship": "Outer", "Index Name": "idx_orders_orderdate", "Startup Cost": 0.0, "Total Cost": 14585.71, "Plan Rows": 575746, "Plan Width": 0, "Actual Startup Time": 167.421, "Actual Total Time": 167.421, "Actual Rows": 573635, "Actual Loops": 1, "Index Cond": "((o_orderdate >= '1993-08-01 00:00:00'::timestamp(0) without time zone) AND (o_orderdate < '1993-11-01 00:00:00'::timestamp without time zone))"}]}, {"Node Type": "Bitmap Heap Scan", "Parent Relationship": "Inner", "Relation Name": "customer", "Alias": "customer", "Startup Cost": 0.29, "Total Cost": 4.31, "Plan Rows": 1, "Plan Width": 153, "Actual Startup Time": 3875.53, "Actual Total Time": 3875.53, "Actual Rows": 573635, "Actual Loops": 573635, "Recheck Cond": "(c_custkey = orders.o_custkey)", "Rows Removed by Index Recheck": 0, "Exact Heap Blocks": 573635, "Lossy Heap Blocks": 573635, "Plans": [{"Node Type": "Bitmap Index Scan", "Parent Relationship": "Outer", "Index Name": "customer_pkey", "Startup Cost": 0.0, "Total Cost": 0.29, "Plan Rows": 1, "Plan Width": 0, "Actual Startup Time": 2415.796, "Actual Total Time": 2415.796, "Actual Rows": 573635, "Actual Loops": 573635, "Index Cond": "(c_custkey = orders.o_custkey)"}]}]}, {"Node Type": "Materialize", "Parent Relationship": "Inner", "Startup Cost": 0.0, "Total Cost": 1.38, "Plan Rows": 25, "Plan Width": 30, "Actual Startup Time": 76.882, "Actual Total Time": 654.756, "Actual Rows": 7445243, "Actual Loops": 573635, "Plans": [{"Node Type": "Seq Scan", "Parent Relationship": "Outer", "Relation Name": "nation", "Alias": "nation", "Startup Cost": 0.0, "Total Cost": 1.25, "Plan Rows": 25, "Plan Width": 30, "Actual Startup Time": 0.017, "Actual Total Time": 0.021, "Actual Rows": 25, "Actual Loops": 1}]}]}, {"Node Type": "Bitmap Heap Scan", "Parent Relationship": "Inner", "Relation Name": "lineitem", "Alias": "lineitem", "Startup Cost": 1.93, "Total Cost": 14.05, "Plan Rows": 3, "Plan Width": 24, "Actual Startup Time": 4972.78, "Actual Total Time": 5513.06, "Actual Rows": 1145969, "Actual Loops": 573635, "Recheck Cond": "(l_orderkey = orders.o_orderkey)", "Rows Removed by Index Recheck": 0, "Filter": "(l_returnflag = 'R'::bpchar)", "Rows Removed by Filter": 1146896, "Exact Heap Blocks": 614400, "Lossy Heap Blocks": 614400, "Plans": [{"Node Type": "Bitmap Index Scan", "Parent Relationship": "Outer", "Index Name": "idx_lineitem_orderkey", "Startup Cost": 0.0, "Total Cost": 1.92, "Plan Rows": 9, "Plan Width": 0, "Actual Startup Time": 2500.01, "Actual Total Time": 2500.01, "Actual Rows": 2292865, "Actual Loops": 573635, "Index Cond": "(l_orderkey = orders.o_orderkey)"}]}]}]}]}]}, "Triggers": [], "Planner Runtime": 0, "Total Runtime": 16571.796, "Unique SQL Id": 1604070524}}, "(64, 55)": {"explain_plan": {"Plan": {"Node Type": "Limit", "Startup Cost": 13443415.76, "Total Cost": 13443415.81, "Plan Rows": 20, "Plan Width": 199, "Plans": [{"Node Type": "Sort", "Parent Relationship": "Outer", "Startup Cost": 13443415.76, "Total Cost": 13447030.51, "Plan Rows": 20, "Plan Width": 199, "Sort Key": ["(sum((lineitem.l_extendedprice * (1::double precision - lineitem.l_discount)))) DESC"], "Plans": [{"Node Type": "Aggregate", "Strategy": "Hashed", "Parent Relationship": "Outer", "Startup Cost": 13390481.96, "Total Cost": 13404940.94, "Plan Rows": 1445898, "Plan Width": 199, "Group By Key": ["customer.c_custkey", "customer.c_name", "customer.c_acctbal", "customer.c_phone", "nation.n_name", "customer.c_address", "customer.c_comment"], "Plans": [{"Node Type": "Nested Loop", "Parent Relationship": "Outer", "Join Type": "Inner", "Startup Cost": 14732.12, "Total Cost": 13354334.51, "Plan Rows": 1445898, "Plan Width": 191, "Inner Unique": false, "Plans": [{"Node Type": "Nested Loop", "Parent Relationship": "Outer", "Join Type": "Inner", "Startup Cost": 14730.2, "Total Cost": 5249597.54, "Plan Rows": 575746, "Plan Width": 183, "Inner Unique": true, "Plans": [{"Node Type": "Nested Loop", "Parent Relationship": "Outer", "Join Type": "Inner", "Startup Cost": 14729.94, "Total Cost": 2785257.65, "Plan Rows": 575746, "Plan Width": 161, "Inner Unique": true, "Plans": [{"Node Type": "Bitmap Heap Scan", "Parent Relationship": "Outer", "Relation Name": "orders", "Alias": "orders", "Startup Cost": 14729.65, "Total Cost": 299784.84, "Plan Rows": 575746, "Plan Width": 16, "Recheck Cond": "((o_orderdate >= '1993-08-01 00:00:00'::timestamp(0) without time zone) AND (o_orderdate < '1993-11-01 00:00:00'::timestamp without time zone)), (LLVM Optimized)", "Plans": [{"Node Type": "Bitmap Index Scan", "Parent Relationship": "Outer", "Index Name": "idx_orders_orderdate", "Startup Cost": 0.0, "Total Cost": 14585.71, "Plan Rows": 575746, "Plan Width": 0, "Index Cond": "((o_orderdate >= '1993-08-01 00:00:00'::timestamp(0) without time zone) AND (o_orderdate < '1993-11-01 00:00:00'::timestamp without time zone))"}]}, {"Node Type": "Bitmap Heap Scan", "Parent Relationship": "Inner", "Relation Name": "customer", "Alias": "customer", "Startup Cost": 0.29, "Total Cost": 4.31, "Plan Rows": 1, "Plan Width": 153, "Recheck Cond": "(c_custkey = orders.o_custkey)", "Plans": [{"Node Type": "Bitmap Index Scan", "Parent Relationship": "Outer", "Index Name": "customer_pkey", "Startup Cost": 0.0, "Total Cost": 0.29, "Plan Rows": 1, "Plan Width": 0, "Index Cond": "(c_custkey = orders.o_custkey)"}]}]}, {"Node Type": "Bitmap Heap Scan", "Parent Relationship": "Inner", "Relation Name": "nation", "Alias": "nation", "Startup Cost": 0.26, "Total Cost": 4.27, "Plan Rows": 1, "Plan Width": 30, "Recheck Cond": "(n_nationkey = customer.c_nationkey)", "Plans": [{"Node Type": "Bitmap Index Scan", "Parent Relationship": "Outer", "Index Name": "nation_pkey", "Startup Cost": 0.0, "Total Cost": 0.26, "Plan Rows": 1, "Plan Width": 0, "Index Cond": "(n_nationkey = customer.c_nationkey)"}]}]}, {"Node Type": "Bitmap Heap Scan", "Parent Relationship": "Inner", "Relation Name": "lineitem", "Alias": "lineitem", "Startup Cost": 1.93, "Total Cost": 14.05, "Plan Rows": 3, "Plan Width": 24, "Recheck Cond": "(l_orderkey = orders.o_orderkey)", "Filter": "(l_returnflag = 'R'::bpchar)", "Plans": [{"Node Type": "Bitmap Index Scan", "Parent Relationship": "Outer", "Index Name": "idx_lineitem_orderkey", "Startup Cost": 0.0, "Total Cost": 1.92, "Plan Rows": 9, "Plan Width": 0, "Index Cond": "(l_orderkey = orders.o_orderkey)"}]}]}]}]}]}, "Unique SQL Id": 1604070524, "Planner Runtime": 0}, "explain_analyze_plan": {"Plan": {"Node Type": "Limit", "Startup Cost": 13443415.76, "Total Cost": 13443415.81, "Plan Rows": 20, "Plan Width": 199, "Actual Startup Time": 16957.333, "Actual Total Time": 16957.341, "Actual Rows": 20, "Actual Loops": 1, "Plans": [{"Node Type": "Sort", "Parent Relationship": "Outer", "Startup Cost": 13443415.76, "Total Cost": 13447030.51, "Plan Rows": 20, "Plan Width": 199, "Actual Startup Time": 16957.329, "Actual Total Time": 16957.334, "Actual Rows": 20, "Actual Loops": 1, "Sort Key": ["(sum((lineitem.l_extendedprice * (1::double precision - lineitem.l_discount)))) DESC"], "Sort Method": "top-N heapsort", "Sort Space Used": 35, "Sort Space Type": "Memory", "Plans": [{"Node Type": "Aggregate", "Strategy": "Hashed", "Parent Relationship": "Outer", "Startup Cost": 13390481.96, "Total Cost": 13404940.94, "Plan Rows": 1445898, "Plan Width": 199, "Actual Startup Time": 16583.968, "Actual Total Time": 16822.306, "Actual Rows": 381542, "Actual Loops": 1, "Group By Key": ["customer.c_custkey", "customer.c_name", "customer.c_acctbal", "customer.c_phone", "nation.n_name", "customer.c_address", "customer.c_comment"], "Plans": [{"Node Type": "Nested Loop", "Parent Relationship": "Outer", "Join Type": "Inner", "Startup Cost": 14732.12, "Total Cost": 13354334.51, "Plan Rows": 1445898, "Plan Width": 191, "Actual Startup Time": 241.783, "Actual Total Time": 14652.01, "Actual Rows": 1145969, "Actual Loops": 1, "Inner Unique": false, "Plans": [{"Node Type": "Nested Loop", "Parent Relationship": "Outer", "Join Type": "Inner", "Startup Cost": 14730.2, "Total Cost": 5249597.54, "Plan Rows": 575746, "Plan Width": 183, "Actual Startup Time": 241.73, "Actual Total Time": 8212.424, "Actual Rows": 573635, "Actual Loops": 1, "Inner Unique": true, "Plans": [{"Node Type": "Nested Loop", "Parent Relationship": "Outer", "Join Type": "Inner", "Startup Cost": 14729.94, "Total Cost": 2785257.65, "Plan Rows": 575746, "Plan Width": 161, "Actual Startup Time": 241.696, "Actual Total Time": 6036.117, "Actual Rows": 573635, "Actual Loops": 1, "Inner Unique": true, "Plans": [{"Node Type": "Bitmap Heap Scan", "Parent Relationship": "Outer", "Relation Name": "orders", "Alias": "orders", "Startup Cost": 14729.65, "Total Cost": 299784.84, "Plan Rows": 575746, "Plan Width": 16, "Actual Startup Time": 241.45, "Actual Total Time": 1047.688, "Actual Rows": 573635, "Actual Loops": 1, "Recheck Cond": "((o_orderdate >= '1993-08-01 00:00:00'::timestamp(0) without time zone) AND (o_orderdate < '1993-11-01 00:00:00'::timestamp without time zone)), (LLVM Optimized, Jit Execute)", "Rows Removed by Index Recheck": 0, "Exact Heap Blocks": 242860, "Lossy Heap Blocks": 242860, "Plans": [{"Node Type": "Bitmap Index Scan", "Parent Relationship": "Outer", "Index Name": "idx_orders_orderdate", "Startup Cost": 0.0, "Total Cost": 14585.71, "Plan Rows": 575746, "Plan Width": 0, "Actual Startup Time": 167.064, "Actual Total Time": 167.064, "Actual Rows": 573635, "Actual Loops": 1, "Index Cond": "((o_orderdate >= '1993-08-01 00:00:00'::timestamp(0) without time zone) AND (o_orderdate < '1993-11-01 00:00:00'::timestamp without time zone))"}]}, {"Node Type": "Bitmap Heap Scan", "Parent Relationship": "Inner", "Relation Name": "customer", "Alias": "customer", "Startup Cost": 0.29, "Total Cost": 4.31, "Plan Rows": 1, "Plan Width": 153, "Actual Startup Time": 4129.14, "Actual Total Time": 4129.14, "Actual Rows": 573635, "Actual Loops": 573635, "Recheck Cond": "(c_custkey = orders.o_custkey)", "Rows Removed by Index Recheck": 0, "Exact Heap Blocks": 573635, "Lossy Heap Blocks": 573635, "Plans": [{"Node Type": "Bitmap Index Scan", "Parent Relationship": "Outer", "Index Name": "customer_pkey", "Startup Cost": 0.0, "Total Cost": 0.29, "Plan Rows": 1, "Plan Width": 0, "Actual Startup Time": 2565.96, "Actual Total Time": 2565.96, "Actual Rows": 573635, "Actual Loops": 573635, "Index Cond": "(c_custkey = orders.o_custkey)"}]}]}, {"Node Type": "Bitmap Heap Scan", "Parent Relationship": "Inner", "Relation Name": "nation", "Alias": "nation", "Startup Cost": 0.26, "Total Cost": 4.27, "Plan Rows": 1, "Plan Width": 30, "Actual Startup Time": 1398.487, "Actual Total Time": 1398.487, "Actual Rows": 573635, "Actual Loops": 573635, "Recheck Cond": "(n_nationkey = customer.c_nationkey)", "Rows Removed by Index Recheck": 0, "Exact Heap Blocks": 573635, "Lossy Heap Blocks": 573635, "Plans": [{"Node Type": "Bitmap Index Scan", "Parent Relationship": "Outer", "Index Name": "nation_pkey", "Startup Cost": 0.0, "Total Cost": 0.26, "Plan Rows": 1, "Plan Width": 0, "Actual Startup Time": 610.04, "Actual Total Time": 610.04, "Actual Rows": 573635, "Actual Loops": 573635, "Index Cond": "(n_nationkey = customer.c_nationkey)"}]}]}, {"Node Type": "Bitmap Heap Scan", "Parent Relationship": "Inner", "Relation Name": "lineitem", "Alias": "lineitem", "Startup Cost": 1.93, "Total Cost": 14.05, "Plan Rows": 3, "Plan Width": 24, "Actual Startup Time": 4947.793, "Actual Total Time": 5480.067, "Actual Rows": 1145969, "Actual Loops": 573635, "Recheck Cond": "(l_orderkey = orders.o_orderkey)", "Rows Removed by Index Recheck": 0, "Filter": "(l_returnflag = 'R'::bpchar)", "Rows Removed by Filter": 1146896, "Exact Heap Blocks": 614400, "Lossy Heap Blocks": 614400, "Plans": [{"Node Type": "Bitmap Index Scan", "Parent Relationship": "Outer", "Index Name": "idx_lineitem_orderkey", "Startup Cost": 0.0, "Total Cost": 1.92, "Plan Rows": 9, "Plan Width": 0, "Actual Startup Time": 2505.557, "Actual Total Time": 2505.557, "Actual Rows": 2292865, "Actual Loops": 573635, "Index Cond": "(l_orderkey = orders.o_orderkey)"}]}]}]}]}]}, "Triggers": [], "Planner Runtime": 0, "Total Runtime": 16967.566, "Unique SQL Id": 1604070524}}, "(64, 56)": {"explain_plan": {"Plan": {"Node Type": "Limit", "Startup Cost": 4199172.25, "Total Cost": 4199172.3, "Plan Rows": 20, "Plan Width": 199, "Plans": [{"Node Type": "Sort", "Parent Relationship": "Outer", "Startup Cost": 4199172.25, "Total Cost": 4202787.0, "Plan Rows": 20, "Plan Width": 199, "Sort Key": ["(sum((lineitem.l_extendedprice * (1::double precision - lineitem.l_discount)))) DESC"], "Plans": [{"Node Type": "Aggregate", "Strategy": "Hashed", "Parent Relationship": "Outer", "Startup Cost": 4146238.45, "Total Cost": 4160697.43, "Plan Rows": 1445898, "Plan Width": 199, "Group By Key": ["customer.c_custkey", "customer.c_name", "customer.c_acctbal", "customer.c_phone", "nation.n_name", "customer.c_address", "customer.c_comment"], "Plans": [{"Node Type": "Nested Loop", "Parent Relationship": "Outer", "Join Type": "Inner", "Startup Cost": 578.97, "Total Cost": 4110091.0, "Plan Rows": 1445898, "Plan Width": 191, "Inner Unique": false, "Plans": [{"Node Type": "Nested Loop", "Parent Relationship": "Outer", "Join Type": "Inner", "Startup Cost": 578.97, "Total Cost": 993473.55, "Plan Rows": 575746, "Plan Width": 183, "Inner Unique": true, "Plans": [{"Node Type": "Nested Loop", "Parent Relationship": "Outer", "Join Type": "Inner", "Startup Cost": 578.97, "Total Cost": 832260.06, "Plan Rows": 575746, "Plan Width": 161, "Inner Unique": true, "Plans": [{"Node Type": "Seq Scan", "Parent Relationship": "Outer", "Relation Name": "orders", "Alias": "orders", "Startup Cost": 578.97, "Total Cost": 501411.18, "Plan Rows": 575746, "Plan Width": 16, "Filter": "((o_orderdate >= '1993-08-01 00:00:00'::timestamp(0) without time zone) AND (o_orderdate < '1993-11-01 00:00:00'::timestamp without time zone)), (LLVM Optimized)"}, {"Node Type": "Index Scan", "Parent Relationship": "Inner", "Scan Direction": "Forward", "Index Name": "customer_pkey", "Relation Name": "customer", "Alias": "customer", "Startup Cost": 0.0, "Total Cost": 0.56, "Plan Rows": 1, "Plan Width": 153, "Index Cond": "(c_custkey = orders.o_custkey)"}]}, {"Node Type": "Index Scan", "Parent Relationship": "Inner", "Scan Direction": "Forward", "Index Name": "nation_pkey", "Relation Name": "nation", "Alias": "nation", "Startup Cost": 0.0, "Total Cost": 0.27, "Plan Rows": 1, "Plan Width": 30, "Index Cond": "(n_nationkey = customer.c_nationkey)"}]}, {"Node Type": "Index Scan", "Parent Relationship": "Inner", "Scan Direction": "Forward", "Index Name": "idx_lineitem_orderkey", "Relation Name": "lineitem", "Alias": "lineitem", "Startup Cost": 0.0, "Total Cost": 5.38, "Plan Rows": 3, "Plan Width": 24, "Index Cond": "(l_orderkey = orders.o_orderkey)", "Filter": "(l_returnflag = 'R'::bpchar)"}]}]}]}]}, "Unique SQL Id": 1604070524, "Planner Runtime": 0}, "explain_analyze_plan": {"Plan": {"Node Type": "Limit", "Startup Cost": 4199172.25, "Total Cost": 4199172.3, "Plan Rows": 20, "Plan Width": 199, "Actual Startup Time": 18031.219, "Actual Total Time": 18031.224, "Actual Rows": 20, "Actual Loops": 1, "Plans": [{"Node Type": "Sort", "Parent Relationship": "Outer", "Startup Cost": 4199172.25, "Total Cost": 4202787.0, "Plan Rows": 20, "Plan Width": 199, "Actual Startup Time": 18031.216, "Actual Total Time": 18031.218, "Actual Rows": 20, "Actual Loops": 1, "Sort Key": ["(sum((lineitem.l_extendedprice * (1::double precision - lineitem.l_discount)))) DESC"], "Sort Method": "top-N heapsort", "Sort Space Used": 35, "Sort Space Type": "Memory", "Plans": [{"Node Type": "Aggregate", "Strategy": "Hashed", "Parent Relationship": "Outer", "Startup Cost": 4146238.45, "Total Cost": 4160697.43, "Plan Rows": 1445898, "Plan Width": 199, "Actual Startup Time": 17681.625, "Actual Total Time": 17897.161, "Actual Rows": 381542, "Actual Loops": 1, "Group By Key": ["customer.c_custkey", "customer.c_name", "customer.c_acctbal", "customer.c_phone", "nation.n_name", "customer.c_address", "customer.c_comment"], "Plans": [{"Node Type": "Nested Loop", "Parent Relationship": "Outer", "Join Type": "Inner", "Startup Cost": 578.97, "Total Cost": 4110091.0, "Plan Rows": 1445898, "Plan Width": 191, "Actual Startup Time": 0.105, "Actual Total Time": 15785.978, "Actual Rows": 1145969, "Actual Loops": 1, "Inner Unique": false, "Plans": [{"Node Type": "Nested Loop", "Parent Relationship": "Outer", "Join Type": "Inner", "Startup Cost": 578.97, "Total Cost": 993473.55, "Plan Rows": 575746, "Plan Width": 183, "Actual Startup Time": 0.085, "Actual Total Time": 10181.492, "Actual Rows": 573635, "Actual Loops": 1, "Inner Unique": true, "Plans": [{"Node Type": "Nested Loop", "Parent Relationship": "Outer", "Join Type": "Inner", "Startup Cost": 578.97, "Total Cost": 832260.06, "Plan Rows": 575746, "Plan Width": 161, "Actual Startup Time": 0.078, "Actual Total Time": 8923.479, "Actual Rows": 573635, "Actual Loops": 1, "Inner Unique": true, "Plans": [{"Node Type": "Seq Scan", "Parent Relationship": "Outer", "Relation Name": "orders", "Alias": "orders", "Startup Cost": 578.97, "Total Cost": 501411.18, "Plan Rows": 575746, "Plan Width": 16, "Actual Startup Time": 0.043, "Actual Total Time": 4933.172, "Actual Rows": 573635, "Actual Loops": 1, "Filter": "((o_orderdate >= '1993-08-01 00:00:00'::timestamp(0) without time zone) AND (o_orderdate < '1993-11-01 00:00:00'::timestamp without time zone)), (LLVM Optimized, Jit Execute)", "Rows Removed by Filter": 14426365}, {"Node Type": "Index Scan", "Parent Relationship": "Inner", "Scan Direction": "Forward", "Index Name": "customer_pkey", "Relation Name": "customer", "Alias": "customer", "Startup Cost": 0.0, "Total Cost": 0.56, "Plan Rows": 1, "Plan Width": 153, "Actual Startup Time": 3465.512, "Actual Total Time": 3465.512, "Actual Rows": 573635, "Actual Loops": 573635, "Index Cond": "(c_custkey = orders.o_custkey)", "Rows Removed by Index Recheck": 0}]}, {"Node Type": "Index Scan", "Parent Relationship": "Inner", "Scan Direction": "Forward", "Index Name": "nation_pkey", "Relation Name": "nation", "Alias": "nation", "Startup Cost": 0.0, "Total Cost": 0.27, "Plan Rows": 1, "Plan Width": 30, "Actual Startup Time": 804.742, "Actual Total Time": 804.742, "Actual Rows": 573635, "Actual Loops": 573635, "Index Cond": "(n_nationkey = customer.c_nationkey)", "Rows Removed by Index Recheck": 0}]}, {"Node Type": "Index Scan", "Parent Relationship": "Inner", "Scan Direction": "Forward", "Index Name": "idx_lineitem_orderkey", "Relation Name": "lineitem", "Alias": "lineitem", "Startup Cost": 0.0, "Total Cost": 5.38, "Plan Rows": 3, "Plan Width": 24, "Actual Startup Time": 3722.396, "Actual Total Time": 5006.55, "Actual Rows": 1145969, "Actual Loops": 573635, "Index Cond": "(l_orderkey = orders.o_orderkey)", "Rows Removed by Index Recheck": 0, "Filter": "(l_returnflag = 'R'::bpchar)", "Rows Removed by Filter": 1146896}]}]}]}]}, "Triggers": [], "Planner Runtime": 0, "Total Runtime": 18041.053, "Unique SQL Id": 1604070524}}, "(64, 57)": {"explain_plan": {"Plan": {"Node Type": "Limit", "Startup Cost": 4503736.9, "Total Cost": 4503736.95, "Plan Rows": 20, "Plan Width": 199, "Plans": [{"Node Type": "Sort", "Parent Relationship": "Outer", "Startup Cost": 4503736.9, "Total Cost": 4507351.64, "Plan Rows": 20, "Plan Width": 199, "Sort Key": ["(sum((lineitem.l_extendedprice * (1::double precision - lineitem.l_discount)))) DESC"], "Plans": [{"Node Type": "Aggregate", "Strategy": "Hashed", "Parent Relationship": "Outer", "Startup Cost": 4450803.09, "Total Cost": 4465262.07, "Plan Rows": 1445898, "Plan Width": 199, "Group By Key": ["customer.c_custkey", "customer.c_name", "customer.c_acctbal", "customer.c_phone", "nation.n_name", "customer.c_address", "customer.c_comment"], "Plans": [{"Node Type": "Nested Loop", "Parent Relationship": "Outer", "Join Type": "Inner", "Startup Cost": 0.0, "Total Cost": 4414655.64, "Plan Rows": 1445898, "Plan Width": 191, "Inner Unique": false, "Plans": [{"Node Type": "Nested Loop", "Parent Relationship": "Outer", "Join Type": "Inner", "Startup Cost": 0.0, "Total Cost": 1298038.2, "Plan Rows": 575746, "Plan Width": 183, "Inner Unique": true, "Plans": [{"Node Type": "Nested Loop", "Parent Relationship": "Outer", "Join Type": "Inner", "Startup Cost": 0.0, "Total Cost": 1136824.71, "Plan Rows": 575746, "Plan Width": 161, "Inner Unique": true, "Plans": [{"Node Type": "Index Scan", "Parent Relationship": "Outer", "Scan Direction": "Forward", "Index Name": "orders_pkey", "Relation Name": "orders", "Alias": "orders", "Startup Cost": 0.0, "Total Cost": 805975.83, "Plan Rows": 575746, "Plan Width": 16, "Filter": "((o_orderdate >= '1993-08-01 00:00:00'::timestamp(0) without time zone) AND (o_orderdate < '1993-11-01 00:00:00'::timestamp without time zone)), (LLVM Optimized)"}, {"Node Type": "Index Scan", "Parent Relationship": "Inner", "Scan Direction": "Forward", "Index Name": "customer_pkey", "Relation Name": "customer", "Alias": "customer", "Startup Cost": 0.0, "Total Cost": 0.56, "Plan Rows": 1, "Plan Width": 153, "Index Cond": "(c_custkey = orders.o_custkey)"}]}, {"Node Type": "Index Scan", "Parent Relationship": "Inner", "Scan Direction": "Forward", "Index Name": "nation_pkey", "Relation Name": "nation", "Alias": "nation", "Startup Cost": 0.0, "Total Cost": 0.27, "Plan Rows": 1, "Plan Width": 30, "Index Cond": "(n_nationkey = customer.c_nationkey)"}]}, {"Node Type": "Index Scan", "Parent Relationship": "Inner", "Scan Direction": "Forward", "Index Name": "idx_lineitem_orderkey", "Relation Name": "lineitem", "Alias": "lineitem", "Startup Cost": 0.0, "Total Cost": 5.38, "Plan Rows": 3, "Plan Width": 24, "Index Cond": "(l_orderkey = orders.o_orderkey)", "Filter": "(l_returnflag = 'R'::bpchar)"}]}]}]}]}, "Unique SQL Id": 1604070524, "Planner Runtime": 1}, "explain_analyze_plan": {"Plan": {"Node Type": "Limit", "Startup Cost": 4503736.9, "Total Cost": 4503736.95, "Plan Rows": 20, "Plan Width": 199, "Actual Startup Time": 23209.545, "Actual Total Time": 23209.552, "Actual Rows": 20, "Actual Loops": 1, "Plans": [{"Node Type": "Sort", "Parent Relationship": "Outer", "Startup Cost": 4503736.9, "Total Cost": 4507351.64, "Plan Rows": 20, "Plan Width": 199, "Actual Startup Time": 23209.541, "Actual Total Time": 23209.546, "Actual Rows": 20, "Actual Loops": 1, "Sort Key": ["(sum((lineitem.l_extendedprice * (1::double precision - lineitem.l_discount)))) DESC"], "Sort Method": "top-N heapsort", "Sort Space Used": 35, "Sort Space Type": "Memory", "Plans": [{"Node Type": "Aggregate", "Strategy": "Hashed", "Parent Relationship": "Outer", "Startup Cost": 4450803.09, "Total Cost": 4465262.07, "Plan Rows": 1445898, "Plan Width": 199, "Actual Startup Time": 22769.929, "Actual Total Time": 23071.944, "Actual Rows": 381542, "Actual Loops": 1, "Group By Key": ["customer.c_custkey", "customer.c_name", "customer.c_acctbal", "customer.c_phone", "nation.n_name", "customer.c_address", "customer.c_comment"], "Plans": [{"Node Type": "Nested Loop", "Parent Relationship": "Outer", "Join Type": "Inner", "Startup Cost": 0.0, "Total Cost": 4414655.64, "Plan Rows": 1445898, "Plan Width": 191, "Actual Startup Time": 0.118, "Actual Total Time": 20843.626, "Actual Rows": 1145969, "Actual Loops": 1, "Inner Unique": false, "Plans": [{"Node Type": "Nested Loop", "Parent Relationship": "Outer", "Join Type": "Inner", "Startup Cost": 0.0, "Total Cost": 1298038.2, "Plan Rows": 575746, "Plan Width": 183, "Actual Startup Time": 0.099, "Actual Total Time": 15207.695, "Actual Rows": 573635, "Actual Loops": 1, "Inner Unique": true, "Plans": [{"Node Type": "Nested Loop", "Parent Relationship": "Outer", "Join Type": "Inner", "Startup Cost": 0.0, "Total Cost": 1136824.71, "Plan Rows": 575746, "Plan Width": 161, "Actual Startup Time": 0.09, "Actual Total Time": 13947.394, "Actual Rows": 573635, "Actual Loops": 1, "Inner Unique": true, "Plans": [{"Node Type": "Index Scan", "Parent Relationship": "Outer", "Scan Direction": "Forward", "Index Name": "orders_pkey", "Relation Name": "orders", "Alias": "orders", "Startup Cost": 0.0, "Total Cost": 805975.83, "Plan Rows": 575746, "Plan Width": 16, "Actual Startup Time": 0.068, "Actual Total Time": 9862.101, "Actual Rows": 573635, "Actual Loops": 1, "Filter": "((o_orderdate >= '1993-08-01 00:00:00'::timestamp(0) without time zone) AND (o_orderdate < '1993-11-01 00:00:00'::timestamp without time zone)), (LLVM Optimized, Jit Execute)", "Rows Removed by Filter": 14426365}, {"Node Type": "Index Scan", "Parent Relationship": "Inner", "Scan Direction": "Forward", "Index Name": "customer_pkey", "Relation Name": "customer", "Alias": "customer", "Startup Cost": 0.0, "Total Cost": 0.56, "Plan Rows": 1, "Plan Width": 153, "Actual Startup Time": 3547.415, "Actual Total Time": 3547.415, "Actual Rows": 573635, "Actual Loops": 573635, "Index Cond": "(c_custkey = orders.o_custkey)", "Rows Removed by Index Recheck": 0}]}, {"Node Type": "Index Scan", "Parent Relationship": "Inner", "Scan Direction": "Forward", "Index Name": "nation_pkey", "Relation Name": "nation", "Alias": "nation", "Startup Cost": 0.0, "Total Cost": 0.27, "Plan Rows": 1, "Plan Width": 30, "Actual Startup Time": 802.022, "Actual Total Time": 802.022, "Actual Rows": 573635, "Actual Loops": 573635, "Index Cond": "(n_nationkey = customer.c_nationkey)", "Rows Removed by Index Recheck": 0}]}, {"Node Type": "Index Scan", "Parent Relationship": "Inner", "Scan Direction": "Forward", "Index Name": "idx_lineitem_orderkey", "Relation Name": "lineitem", "Alias": "lineitem", "Startup Cost": 0.0, "Total Cost": 5.38, "Plan Rows": 3, "Plan Width": 24, "Actual Startup Time": 3761.789, "Actual Total Time": 5048.072, "Actual Rows": 1145969, "Actual Loops": 573635, "Index Cond": "(l_orderkey = orders.o_orderkey)", "Rows Removed by Index Recheck": 0, "Filter": "(l_returnflag = 'R'::bpchar)", "Rows Removed by Filter": 1146896}]}]}]}]}, "Triggers": [], "Planner Runtime": 0, "Total Runtime": 23219.351, "Unique SQL Id": 1604070524}}, "(64, 58)": {"explain_plan": {"Plan": {"Node Type": "Limit", "Startup Cost": 141076995099.86, "Total Cost": 141076995099.91, "Plan Rows": 20, "Plan Width": 199, "Plans": [{"Node Type": "Sort", "Parent Relationship": "Outer", "Startup Cost": 141076995099.86, "Total Cost": 141076998714.6, "Plan Rows": 20, "Plan Width": 199, "Sort Key": ["(sum((lineitem.l_extendedprice * (1::double precision - lineitem.l_discount)))) DESC"], "Plans": [{"Node Type": "Aggregate", "Strategy": "Hashed", "Parent Relationship": "Outer", "Startup Cost": 141076942166.05, "Total Cost": 141076956625.03, "Plan Rows": 1445898, "Plan Width": 199, "Group By Key": ["customer.c_custkey", "customer.c_name", "customer.c_acctbal", "customer.c_phone", "nation.n_name", "customer.c_address", "customer.c_comment"], "Plans": [{"Node Type": "Nested Loop", "Parent Relationship": "Outer", "Join Type": "Inner", "Startup Cost": 578.97, "Total Cost": 141076906018.6, "Plan Rows": 1445898, "Plan Width": 191, "Inner Unique": false, "Join Filter": "(orders.o_orderkey = lineitem.l_orderkey), (LLVM Optimized)", "Plans": [{"Node Type": "Seq Scan", "Parent Relationship": "Outer", "Relation Name": "lineitem", "Alias": "lineitem", "Startup Cost": 0.0, "Total Cost": 2165082.91, "Plan Rows": 14835209, "Plan Width": 24, "Filter": "(l_returnflag = 'R'::bpchar), (LLVM Optimized)"}, {"Node Type": "Materialize", "Parent Relationship": "Inner", "Startup Cost": 578.97, "Total Cost": 12955058761.34, "Plan Rows": 575746, "Plan Width": 183, "Plans": [{"Node Type": "Nested Loop", "Parent Relationship": "Outer", "Join Type": "Inner", "Startup Cost": 578.97, "Total Cost": 12955055882.61, "Plan Rows": 575746, "Plan Width": 183, "Inner Unique": true, "Join Filter": "(customer.c_nationkey = nation.n_nationkey), (LLVM Optimized)", "Plans": [{"Node Type": "Nested Loop", "Parent Relationship": "Outer", "Join Type": "Inner", "Startup Cost": 578.97, "Total Cost": 12954839976.55, "Plan Rows": 575746, "Plan Width": 161, "Inner Unique": false, "Join Filter": "(customer.c_custkey = orders.o_custkey), (LLVM Optimized)", "Plans": [{"Node Type": "Seq Scan", "Parent Relationship": "Outer", "Relation Name": "customer", "Alias": "customer", "Startup Cost": 0.0, "Total Cost": 52126.0, "Plan Rows": 1500000, "Plan Width": 153}, {"Node Type": "Materialize", "Parent Relationship": "Inner", "Startup Cost": 578.97, "Total Cost": 504289.91, "Plan Rows": 575746, "Plan Width": 16, "Plans": [{"Node Type": "Seq Scan", "Parent Relationship": "Outer", "Relation Name": "orders", "Alias": "orders", "Startup Cost": 578.97, "Total Cost": 501411.18, "Plan Rows": 575746, "Plan Width": 16, "Filter": "((o_orderdate >= '1993-08-01 00:00:00'::timestamp(0) without time zone) AND (o_orderdate < '1993-11-01 00:00:00'::timestamp without time zone)), (LLVM Optimized)"}]}]}, {"Node Type": "Materialize", "Parent Relationship": "Inner", "Startup Cost": 0.0, "Total Cost": 1.38, "Plan Rows": 25, "Plan Width": 30, "Plans": [{"Node Type": "Seq Scan", "Parent Relationship": "Outer", "Relation Name": "nation", "Alias": "nation", "Startup Cost": 0.0, "Total Cost": 1.25, "Plan Rows": 25, "Plan Width": 30}]}]}]}]}]}]}]}, "Unique SQL Id": 1604070524, "Planner Runtime": 1}, "explain_analyze_plan": null}, "(64, 59)": {"explain_plan": {"Plan": {"Node Type": "Limit", "Startup Cost": 4141501966303.01, "Total Cost": 4141501966303.06, "Plan Rows": 20, "Plan Width": 199, "Plans": [{"Node Type": "Sort", "Parent Relationship": "Outer", "Startup Cost": 4141501966303.01, "Total Cost": 4141501969917.76, "Plan Rows": 20, "Plan Width": 199, "Sort Key": ["(sum((lineitem.l_extendedprice * (1::double precision - lineitem.l_discount)))) DESC"], "Plans": [{"Node Type": "Aggregate", "Strategy": "Hashed", "Parent Relationship": "Outer", "Startup Cost": 4141501913369.21, "Total Cost": 4141501927828.19, "Plan Rows": 1445898, "Plan Width": 199, "Group By Key": ["customer.c_custkey", "customer.c_name", "customer.c_acctbal", "customer.c_phone", "nation.n_name", "customer.c_address", "customer.c_comment"], "Plans": [{"Node Type": "Nested Loop", "Parent Relationship": "Outer", "Join Type": "Inner", "Startup Cost": 40000000000.0, "Total Cost": 4141501877221.76, "Plan Rows": 1445898, "Plan Width": 191, "Inner Unique": false, "Join Filter": "(orders.o_orderkey = lineitem.l_orderkey), (LLVM Optimized)", "Plans": [{"Node Type": "Index Scan", "Parent Relationship": "Outer", "Scan Direction": "Forward", "Index Name": "idx_lineitem_orderkey", "Relation Name": "lineitem", "Alias": "lineitem", "Startup Cost": 10000000000.0, "Total Cost": 1000339012132.75, "Plan Rows": 14835209, "Plan Width": 24, "Filter": "(l_returnflag = 'R'::bpchar), (LLVM Optimized)"}, {"Node Type": "Materialize", "Parent Relationship": "Inner", "Startup Cost": 30000000000.0, "Total Cost": 3013043182914.66, "Plan Rows": 575746, "Plan Width": 183, "Plans": [{"Node Type": "Nested Loop", "Parent Relationship": "Outer", "Join Type": "Inner", "Startup Cost": 30000000000.0, "Total Cost": 3013043180035.93, "Plan Rows": 575746, "Plan Width": 183, "Inner Unique": true, "Join Filter": "(customer.c_nationkey = nation.n_nationkey), (LLVM Optimized)", "Plans": [{"Node Type": "Nested Loop", "Parent Relationship": "Outer", "Join Type": "Inner", "Startup Cost": 20000000000.0, "Total Cost": 2013042962868.62, "Plan Rows": 575746, "Plan Width": 161, "Inner Unique": true, "Join Filter": "(customer.c_custkey = orders.o_custkey), (LLVM Optimized)", "Plans": [{"Node Type": "Index Scan", "Parent Relationship": "Outer", "Scan Direction": "Forward", "Index Name": "orders_pkey", "Relation Name": "orders", "Alias": "orders", "Startup Cost": 10000000000.0, "Total Cost": 1000080597583.0, "Plan Rows": 575746, "Plan Width": 16, "Filter": "((o_orderdate >= '1993-08-01 00:00:00'::timestamp(0) without time zone) AND (o_orderdate < '1993-11-01 00:00:00'::timestamp without time zone)), (LLVM Optimized)"}, {"Node Type": "Materialize", "Parent Relationship": "Inner", "Startup Cost": 10000000000.0, "Total Cost": 1000008084035.62, "Plan Rows": 1500000, "Plan Width": 153, "Plans": [{"Node Type": "Index Scan", "Parent Relationship": "Outer", "Scan Direction": "Forward", "Index Name": "customer_pkey", "Relation Name": "customer", "Alias": "customer", "Startup Cost": 10000000000.0, "Total Cost": 1000008076535.62, "Plan Rows": 1500000, "Plan Width": 153}]}]}, {"Node Type": "Materialize", "Parent Relationship": "Inner", "Startup Cost": 10000000000.0, "Total Cost": 1000000001262.62, "Plan Rows": 25, "Plan Width": 30, "Plans": [{"Node Type": "Index Scan", "Parent Relationship": "Outer", "Scan Direction": "Forward", "Index Name": "nation_pkey", "Relation Name": "nation", "Alias": "nation", "Startup Cost": 10000000000.0, "Total Cost": 1000000001262.5, "Plan Rows": 25, "Plan Width": 30}]}]}]}]}]}]}]}, "Unique SQL Id": 1604070524, "Planner Runtime": 1}, "explain_analyze_plan": null}, "(64, 60)": {"explain_plan": {"Plan": {"Node Type": "Limit", "Startup Cost": 4199172.25, "Total Cost": 4199172.3, "Plan Rows": 20, "Plan Width": 199, "Plans": [{"Node Type": "Sort", "Parent Relationship": "Outer", "Startup Cost": 4199172.25, "Total Cost": 4202787.0, "Plan Rows": 20, "Plan Width": 199, "Sort Key": ["(sum((lineitem.l_extendedprice * (1::double precision - lineitem.l_discount)))) DESC"], "Plans": [{"Node Type": "Aggregate", "Strategy": "Hashed", "Parent Relationship": "Outer", "Startup Cost": 4146238.45, "Total Cost": 4160697.43, "Plan Rows": 1445898, "Plan Width": 199, "Group By Key": ["customer.c_custkey", "customer.c_name", "customer.c_acctbal", "customer.c_phone", "nation.n_name", "customer.c_address", "customer.c_comment"], "Plans": [{"Node Type": "Nested Loop", "Parent Relationship": "Outer", "Join Type": "Inner", "Startup Cost": 578.97, "Total Cost": 4110091.0, "Plan Rows": 1445898, "Plan Width": 191, "Inner Unique": false, "Plans": [{"Node Type": "Nested Loop", "Parent Relationship": "Outer", "Join Type": "Inner", "Startup Cost": 578.97, "Total Cost": 993473.55, "Plan Rows": 575746, "Plan Width": 183, "Inner Unique": true, "Plans": [{"Node Type": "Nested Loop", "Parent Relationship": "Outer", "Join Type": "Inner", "Startup Cost": 578.97, "Total Cost": 832260.06, "Plan Rows": 575746, "Plan Width": 161, "Inner Unique": true, "Plans": [{"Node Type": "Seq Scan", "Parent Relationship": "Outer", "Relation Name": "orders", "Alias": "orders", "Startup Cost": 578.97, "Total Cost": 501411.18, "Plan Rows": 575746, "Plan Width": 16, "Filter": "((o_orderdate >= '1993-08-01 00:00:00'::timestamp(0) without time zone) AND (o_orderdate < '1993-11-01 00:00:00'::timestamp without time zone)), (LLVM Optimized)"}, {"Node Type": "Index Scan", "Parent Relationship": "Inner", "Scan Direction": "Forward", "Index Name": "customer_pkey", "Relation Name": "customer", "Alias": "customer", "Startup Cost": 0.0, "Total Cost": 0.56, "Plan Rows": 1, "Plan Width": 153, "Index Cond": "(c_custkey = orders.o_custkey)"}]}, {"Node Type": "Index Scan", "Parent Relationship": "Inner", "Scan Direction": "Forward", "Index Name": "nation_pkey", "Relation Name": "nation", "Alias": "nation", "Startup Cost": 0.0, "Total Cost": 0.27, "Plan Rows": 1, "Plan Width": 30, "Index Cond": "(n_nationkey = customer.c_nationkey)"}]}, {"Node Type": "Index Scan", "Parent Relationship": "Inner", "Scan Direction": "Forward", "Index Name": "idx_lineitem_orderkey", "Relation Name": "lineitem", "Alias": "lineitem", "Startup Cost": 0.0, "Total Cost": 5.38, "Plan Rows": 3, "Plan Width": 24, "Index Cond": "(l_orderkey = orders.o_orderkey)", "Filter": "(l_returnflag = 'R'::bpchar)"}]}]}]}]}, "Unique SQL Id": 1604070524, "Planner Runtime": 1}, "explain_analyze_plan": {"Plan": {"Node Type": "Limit", "Startup Cost": 4199172.25, "Total Cost": 4199172.3, "Plan Rows": 20, "Plan Width": 199, "Actual Startup Time": 18031.219, "Actual Total Time": 18031.224, "Actual Rows": 20, "Actual Loops": 1, "Plans": [{"Node Type": "Sort", "Parent Relationship": "Outer", "Startup Cost": 4199172.25, "Total Cost": 4202787.0, "Plan Rows": 20, "Plan Width": 199, "Actual Startup Time": 18031.216, "Actual Total Time": 18031.218, "Actual Rows": 20, "Actual Loops": 1, "Sort Key": ["(sum((lineitem.l_extendedprice * (1::double precision - lineitem.l_discount)))) DESC"], "Sort Method": "top-N heapsort", "Sort Space Used": 35, "Sort Space Type": "Memory", "Plans": [{"Node Type": "Aggregate", "Strategy": "Hashed", "Parent Relationship": "Outer", "Startup Cost": 4146238.45, "Total Cost": 4160697.43, "Plan Rows": 1445898, "Plan Width": 199, "Actual Startup Time": 17681.625, "Actual Total Time": 17897.161, "Actual Rows": 381542, "Actual Loops": 1, "Group By Key": ["customer.c_custkey", "customer.c_name", "customer.c_acctbal", "customer.c_phone", "nation.n_name", "customer.c_address", "customer.c_comment"], "Plans": [{"Node Type": "Nested Loop", "Parent Relationship": "Outer", "Join Type": "Inner", "Startup Cost": 578.97, "Total Cost": 4110091.0, "Plan Rows": 1445898, "Plan Width": 191, "Actual Startup Time": 0.105, "Actual Total Time": 15785.978, "Actual Rows": 1145969, "Actual Loops": 1, "Inner Unique": false, "Plans": [{"Node Type": "Nested Loop", "Parent Relationship": "Outer", "Join Type": "Inner", "Startup Cost": 578.97, "Total Cost": 993473.55, "Plan Rows": 575746, "Plan Width": 183, "Actual Startup Time": 0.085, "Actual Total Time": 10181.492, "Actual Rows": 573635, "Actual Loops": 1, "Inner Unique": true, "Plans": [{"Node Type": "Nested Loop", "Parent Relationship": "Outer", "Join Type": "Inner", "Startup Cost": 578.97, "Total Cost": 832260.06, "Plan Rows": 575746, "Plan Width": 161, "Actual Startup Time": 0.078, "Actual Total Time": 8923.479, "Actual Rows": 573635, "Actual Loops": 1, "Inner Unique": true, "Plans": [{"Node Type": "Seq Scan", "Parent Relationship": "Outer", "Relation Name": "orders", "Alias": "orders", "Startup Cost": 578.97, "Total Cost": 501411.18, "Plan Rows": 575746, "Plan Width": 16, "Actual Startup Time": 0.043, "Actual Total Time": 4933.172, "Actual Rows": 573635, "Actual Loops": 1, "Filter": "((o_orderdate >= '1993-08-01 00:00:00'::timestamp(0) without time zone) AND (o_orderdate < '1993-11-01 00:00:00'::timestamp without time zone)), (LLVM Optimized, Jit Execute)", "Rows Removed by Filter": 14426365}, {"Node Type": "Index Scan", "Parent Relationship": "Inner", "Scan Direction": "Forward", "Index Name": "customer_pkey", "Relation Name": "customer", "Alias": "customer", "Startup Cost": 0.0, "Total Cost": 0.56, "Plan Rows": 1, "Plan Width": 153, "Actual Startup Time": 3465.512, "Actual Total Time": 3465.512, "Actual Rows": 573635, "Actual Loops": 573635, "Index Cond": "(c_custkey = orders.o_custkey)", "Rows Removed by Index Recheck": 0}]}, {"Node Type": "Index Scan", "Parent Relationship": "Inner", "Scan Direction": "Forward", "Index Name": "nation_pkey", "Relation Name": "nation", "Alias": "nation", "Startup Cost": 0.0, "Total Cost": 0.27, "Plan Rows": 1, "Plan Width": 30, "Actual Startup Time": 804.742, "Actual Total Time": 804.742, "Actual Rows": 573635, "Actual Loops": 573635, "Index Cond": "(n_nationkey = customer.c_nationkey)", "Rows Removed by Index Recheck": 0}]}, {"Node Type": "Index Scan", "Parent Relationship": "Inner", "Scan Direction": "Forward", "Index Name": "idx_lineitem_orderkey", "Relation Name": "lineitem", "Alias": "lineitem", "Startup Cost": 0.0, "Total Cost": 5.38, "Plan Rows": 3, "Plan Width": 24, "Actual Startup Time": 3722.396, "Actual Total Time": 5006.55, "Actual Rows": 1145969, "Actual Loops": 573635, "Index Cond": "(l_orderkey = orders.o_orderkey)", "Rows Removed by Index Recheck": 0, "Filter": "(l_returnflag = 'R'::bpchar)", "Rows Removed by Filter": 1146896}]}]}]}]}, "Triggers": [], "Planner Runtime": 0, "Total Runtime": 18041.053, "Unique SQL Id": 1604070524}}, "(64, 61)": {"explain_plan": {"Plan": {"Node Type": "Limit", "Startup Cost": 4503736.9, "Total Cost": 4503736.95, "Plan Rows": 20, "Plan Width": 199, "Plans": [{"Node Type": "Sort", "Parent Relationship": "Outer", "Startup Cost": 4503736.9, "Total Cost": 4507351.64, "Plan Rows": 20, "Plan Width": 199, "Sort Key": ["(sum((lineitem.l_extendedprice * (1::double precision - lineitem.l_discount)))) DESC"], "Plans": [{"Node Type": "Aggregate", "Strategy": "Hashed", "Parent Relationship": "Outer", "Startup Cost": 4450803.09, "Total Cost": 4465262.07, "Plan Rows": 1445898, "Plan Width": 199, "Group By Key": ["customer.c_custkey", "customer.c_name", "customer.c_acctbal", "customer.c_phone", "nation.n_name", "customer.c_address", "customer.c_comment"], "Plans": [{"Node Type": "Nested Loop", "Parent Relationship": "Outer", "Join Type": "Inner", "Startup Cost": 0.0, "Total Cost": 4414655.64, "Plan Rows": 1445898, "Plan Width": 191, "Inner Unique": false, "Plans": [{"Node Type": "Nested Loop", "Parent Relationship": "Outer", "Join Type": "Inner", "Startup Cost": 0.0, "Total Cost": 1298038.2, "Plan Rows": 575746, "Plan Width": 183, "Inner Unique": true, "Plans": [{"Node Type": "Nested Loop", "Parent Relationship": "Outer", "Join Type": "Inner", "Startup Cost": 0.0, "Total Cost": 1136824.71, "Plan Rows": 575746, "Plan Width": 161, "Inner Unique": true, "Plans": [{"Node Type": "Index Scan", "Parent Relationship": "Outer", "Scan Direction": "Forward", "Index Name": "orders_pkey", "Relation Name": "orders", "Alias": "orders", "Startup Cost": 0.0, "Total Cost": 805975.83, "Plan Rows": 575746, "Plan Width": 16, "Filter": "((o_orderdate >= '1993-08-01 00:00:00'::timestamp(0) without time zone) AND (o_orderdate < '1993-11-01 00:00:00'::timestamp without time zone)), (LLVM Optimized)"}, {"Node Type": "Index Scan", "Parent Relationship": "Inner", "Scan Direction": "Forward", "Index Name": "customer_pkey", "Relation Name": "customer", "Alias": "customer", "Startup Cost": 0.0, "Total Cost": 0.56, "Plan Rows": 1, "Plan Width": 153, "Index Cond": "(c_custkey = orders.o_custkey)"}]}, {"Node Type": "Index Scan", "Parent Relationship": "Inner", "Scan Direction": "Forward", "Index Name": "nation_pkey", "Relation Name": "nation", "Alias": "nation", "Startup Cost": 0.0, "Total Cost": 0.27, "Plan Rows": 1, "Plan Width": 30, "Index Cond": "(n_nationkey = customer.c_nationkey)"}]}, {"Node Type": "Index Scan", "Parent Relationship": "Inner", "Scan Direction": "Forward", "Index Name": "idx_lineitem_orderkey", "Relation Name": "lineitem", "Alias": "lineitem", "Startup Cost": 0.0, "Total Cost": 5.38, "Plan Rows": 3, "Plan Width": 24, "Index Cond": "(l_orderkey = orders.o_orderkey)", "Filter": "(l_returnflag = 'R'::bpchar)"}]}]}]}]}, "Unique SQL Id": 1604070524, "Planner Runtime": 0}, "explain_analyze_plan": {"Plan": {"Node Type": "Limit", "Startup Cost": 4503736.9, "Total Cost": 4503736.95, "Plan Rows": 20, "Plan Width": 199, "Actual Startup Time": 23209.545, "Actual Total Time": 23209.552, "Actual Rows": 20, "Actual Loops": 1, "Plans": [{"Node Type": "Sort", "Parent Relationship": "Outer", "Startup Cost": 4503736.9, "Total Cost": 4507351.64, "Plan Rows": 20, "Plan Width": 199, "Actual Startup Time": 23209.541, "Actual Total Time": 23209.546, "Actual Rows": 20, "Actual Loops": 1, "Sort Key": ["(sum((lineitem.l_extendedprice * (1::double precision - lineitem.l_discount)))) DESC"], "Sort Method": "top-N heapsort", "Sort Space Used": 35, "Sort Space Type": "Memory", "Plans": [{"Node Type": "Aggregate", "Strategy": "Hashed", "Parent Relationship": "Outer", "Startup Cost": 4450803.09, "Total Cost": 4465262.07, "Plan Rows": 1445898, "Plan Width": 199, "Actual Startup Time": 22769.929, "Actual Total Time": 23071.944, "Actual Rows": 381542, "Actual Loops": 1, "Group By Key": ["customer.c_custkey", "customer.c_name", "customer.c_acctbal", "customer.c_phone", "nation.n_name", "customer.c_address", "customer.c_comment"], "Plans": [{"Node Type": "Nested Loop", "Parent Relationship": "Outer", "Join Type": "Inner", "Startup Cost": 0.0, "Total Cost": 4414655.64, "Plan Rows": 1445898, "Plan Width": 191, "Actual Startup Time": 0.118, "Actual Total Time": 20843.626, "Actual Rows": 1145969, "Actual Loops": 1, "Inner Unique": false, "Plans": [{"Node Type": "Nested Loop", "Parent Relationship": "Outer", "Join Type": "Inner", "Startup Cost": 0.0, "Total Cost": 1298038.2, "Plan Rows": 575746, "Plan Width": 183, "Actual Startup Time": 0.099, "Actual Total Time": 15207.695, "Actual Rows": 573635, "Actual Loops": 1, "Inner Unique": true, "Plans": [{"Node Type": "Nested Loop", "Parent Relationship": "Outer", "Join Type": "Inner", "Startup Cost": 0.0, "Total Cost": 1136824.71, "Plan Rows": 575746, "Plan Width": 161, "Actual Startup Time": 0.09, "Actual Total Time": 13947.394, "Actual Rows": 573635, "Actual Loops": 1, "Inner Unique": true, "Plans": [{"Node Type": "Index Scan", "Parent Relationship": "Outer", "Scan Direction": "Forward", "Index Name": "orders_pkey", "Relation Name": "orders", "Alias": "orders", "Startup Cost": 0.0, "Total Cost": 805975.83, "Plan Rows": 575746, "Plan Width": 16, "Actual Startup Time": 0.068, "Actual Total Time": 9862.101, "Actual Rows": 573635, "Actual Loops": 1, "Filter": "((o_orderdate >= '1993-08-01 00:00:00'::timestamp(0) without time zone) AND (o_orderdate < '1993-11-01 00:00:00'::timestamp without time zone)), (LLVM Optimized, Jit Execute)", "Rows Removed by Filter": 14426365}, {"Node Type": "Index Scan", "Parent Relationship": "Inner", "Scan Direction": "Forward", "Index Name": "customer_pkey", "Relation Name": "customer", "Alias": "customer", "Startup Cost": 0.0, "Total Cost": 0.56, "Plan Rows": 1, "Plan Width": 153, "Actual Startup Time": 3547.415, "Actual Total Time": 3547.415, "Actual Rows": 573635, "Actual Loops": 573635, "Index Cond": "(c_custkey = orders.o_custkey)", "Rows Removed by Index Recheck": 0}]}, {"Node Type": "Index Scan", "Parent Relationship": "Inner", "Scan Direction": "Forward", "Index Name": "nation_pkey", "Relation Name": "nation", "Alias": "nation", "Startup Cost": 0.0, "Total Cost": 0.27, "Plan Rows": 1, "Plan Width": 30, "Actual Startup Time": 802.022, "Actual Total Time": 802.022, "Actual Rows": 573635, "Actual Loops": 573635, "Index Cond": "(n_nationkey = customer.c_nationkey)", "Rows Removed by Index Recheck": 0}]}, {"Node Type": "Index Scan", "Parent Relationship": "Inner", "Scan Direction": "Forward", "Index Name": "idx_lineitem_orderkey", "Relation Name": "lineitem", "Alias": "lineitem", "Startup Cost": 0.0, "Total Cost": 5.38, "Plan Rows": 3, "Plan Width": 24, "Actual Startup Time": 3761.789, "Actual Total Time": 5048.072, "Actual Rows": 1145969, "Actual Loops": 573635, "Index Cond": "(l_orderkey = orders.o_orderkey)", "Rows Removed by Index Recheck": 0, "Filter": "(l_returnflag = 'R'::bpchar)", "Rows Removed by Filter": 1146896}]}]}]}]}, "Triggers": [], "Planner Runtime": 0, "Total Runtime": 23219.351, "Unique SQL Id": 1604070524}}, "(64, 62)": {"explain_plan": {"Plan": {"Node Type": "Limit", "Startup Cost": 141076995099.86, "Total Cost": 141076995099.91, "Plan Rows": 20, "Plan Width": 199, "Plans": [{"Node Type": "Sort", "Parent Relationship": "Outer", "Startup Cost": 141076995099.86, "Total Cost": 141076998714.6, "Plan Rows": 20, "Plan Width": 199, "Sort Key": ["(sum((lineitem.l_extendedprice * (1::double precision - lineitem.l_discount)))) DESC"], "Plans": [{"Node Type": "Aggregate", "Strategy": "Hashed", "Parent Relationship": "Outer", "Startup Cost": 141076942166.05, "Total Cost": 141076956625.03, "Plan Rows": 1445898, "Plan Width": 199, "Group By Key": ["customer.c_custkey", "customer.c_name", "customer.c_acctbal", "customer.c_phone", "nation.n_name", "customer.c_address", "customer.c_comment"], "Plans": [{"Node Type": "Nested Loop", "Parent Relationship": "Outer", "Join Type": "Inner", "Startup Cost": 578.97, "Total Cost": 141076906018.6, "Plan Rows": 1445898, "Plan Width": 191, "Inner Unique": false, "Join Filter": "(orders.o_orderkey = lineitem.l_orderkey), (LLVM Optimized)", "Plans": [{"Node Type": "Seq Scan", "Parent Relationship": "Outer", "Relation Name": "lineitem", "Alias": "lineitem", "Startup Cost": 0.0, "Total Cost": 2165082.91, "Plan Rows": 14835209, "Plan Width": 24, "Filter": "(l_returnflag = 'R'::bpchar), (LLVM Optimized)"}, {"Node Type": "Materialize", "Parent Relationship": "Inner", "Startup Cost": 578.97, "Total Cost": 12955058761.34, "Plan Rows": 575746, "Plan Width": 183, "Plans": [{"Node Type": "Nested Loop", "Parent Relationship": "Outer", "Join Type": "Inner", "Startup Cost": 578.97, "Total Cost": 12955055882.61, "Plan Rows": 575746, "Plan Width": 183, "Inner Unique": true, "Join Filter": "(customer.c_nationkey = nation.n_nationkey), (LLVM Optimized)", "Plans": [{"Node Type": "Nested Loop", "Parent Relationship": "Outer", "Join Type": "Inner", "Startup Cost": 578.97, "Total Cost": 12954839976.55, "Plan Rows": 575746, "Plan Width": 161, "Inner Unique": false, "Join Filter": "(customer.c_custkey = orders.o_custkey), (LLVM Optimized)", "Plans": [{"Node Type": "Seq Scan", "Parent Relationship": "Outer", "Relation Name": "customer", "Alias": "customer", "Startup Cost": 0.0, "Total Cost": 52126.0, "Plan Rows": 1500000, "Plan Width": 153}, {"Node Type": "Materialize", "Parent Relationship": "Inner", "Startup Cost": 578.97, "Total Cost": 504289.91, "Plan Rows": 575746, "Plan Width": 16, "Plans": [{"Node Type": "Seq Scan", "Parent Relationship": "Outer", "Relation Name": "orders", "Alias": "orders", "Startup Cost": 578.97, "Total Cost": 501411.18, "Plan Rows": 575746, "Plan Width": 16, "Filter": "((o_orderdate >= '1993-08-01 00:00:00'::timestamp(0) without time zone) AND (o_orderdate < '1993-11-01 00:00:00'::timestamp without time zone)), (LLVM Optimized)"}]}]}, {"Node Type": "Materialize", "Parent Relationship": "Inner", "Startup Cost": 0.0, "Total Cost": 1.38, "Plan Rows": 25, "Plan Width": 30, "Plans": [{"Node Type": "Seq Scan", "Parent Relationship": "Outer", "Relation Name": "nation", "Alias": "nation", "Startup Cost": 0.0, "Total Cost": 1.25, "Plan Rows": 25, "Plan Width": 30}]}]}]}]}]}]}]}, "Unique SQL Id": 1604070524, "Planner Runtime": 0}, "explain_analyze_plan": null}, "(64, 63)": {"explain_plan": {"Plan": {"Node Type": "Limit", "Startup Cost": 4141501966303.01, "Total Cost": 4141501966303.06, "Plan Rows": 20, "Plan Width": 199, "Plans": [{"Node Type": "Sort", "Parent Relationship": "Outer", "Startup Cost": 4141501966303.01, "Total Cost": 4141501969917.76, "Plan Rows": 20, "Plan Width": 199, "Sort Key": ["(sum((lineitem.l_extendedprice * (1::double precision - lineitem.l_discount)))) DESC"], "Plans": [{"Node Type": "Aggregate", "Strategy": "Hashed", "Parent Relationship": "Outer", "Startup Cost": 4141501913369.21, "Total Cost": 4141501927828.19, "Plan Rows": 1445898, "Plan Width": 199, "Group By Key": ["customer.c_custkey", "customer.c_name", "customer.c_acctbal", "customer.c_phone", "nation.n_name", "customer.c_address", "customer.c_comment"], "Plans": [{"Node Type": "Nested Loop", "Parent Relationship": "Outer", "Join Type": "Inner", "Startup Cost": 40000000000.0, "Total Cost": 4141501877221.76, "Plan Rows": 1445898, "Plan Width": 191, "Inner Unique": false, "Join Filter": "(orders.o_orderkey = lineitem.l_orderkey), (LLVM Optimized)", "Plans": [{"Node Type": "Index Scan", "Parent Relationship": "Outer", "Scan Direction": "Forward", "Index Name": "idx_lineitem_orderkey", "Relation Name": "lineitem", "Alias": "lineitem", "Startup Cost": 10000000000.0, "Total Cost": 1000339012132.75, "Plan Rows": 14835209, "Plan Width": 24, "Filter": "(l_returnflag = 'R'::bpchar), (LLVM Optimized)"}, {"Node Type": "Materialize", "Parent Relationship": "Inner", "Startup Cost": 30000000000.0, "Total Cost": 3013043182914.66, "Plan Rows": 575746, "Plan Width": 183, "Plans": [{"Node Type": "Nested Loop", "Parent Relationship": "Outer", "Join Type": "Inner", "Startup Cost": 30000000000.0, "Total Cost": 3013043180035.93, "Plan Rows": 575746, "Plan Width": 183, "Inner Unique": true, "Join Filter": "(customer.c_nationkey = nation.n_nationkey), (LLVM Optimized)", "Plans": [{"Node Type": "Nested Loop", "Parent Relationship": "Outer", "Join Type": "Inner", "Startup Cost": 20000000000.0, "Total Cost": 2013042962868.62, "Plan Rows": 575746, "Plan Width": 161, "Inner Unique": true, "Join Filter": "(customer.c_custkey = orders.o_custkey), (LLVM Optimized)", "Plans": [{"Node Type": "Index Scan", "Parent Relationship": "Outer", "Scan Direction": "Forward", "Index Name": "orders_pkey", "Relation Name": "orders", "Alias": "orders", "Startup Cost": 10000000000.0, "Total Cost": 1000080597583.0, "Plan Rows": 575746, "Plan Width": 16, "Filter": "((o_orderdate >= '1993-08-01 00:00:00'::timestamp(0) without time zone) AND (o_orderdate < '1993-11-01 00:00:00'::timestamp without time zone)), (LLVM Optimized)"}, {"Node Type": "Materialize", "Parent Relationship": "Inner", "Startup Cost": 10000000000.0, "Total Cost": 1000008084035.62, "Plan Rows": 1500000, "Plan Width": 153, "Plans": [{"Node Type": "Index Scan", "Parent Relationship": "Outer", "Scan Direction": "Forward", "Index Name": "customer_pkey", "Relation Name": "customer", "Alias": "customer", "Startup Cost": 10000000000.0, "Total Cost": 1000008076535.62, "Plan Rows": 1500000, "Plan Width": 153}]}]}, {"Node Type": "Materialize", "Parent Relationship": "Inner", "Startup Cost": 10000000000.0, "Total Cost": 1000000001262.62, "Plan Rows": 25, "Plan Width": 30, "Plans": [{"Node Type": "Index Scan", "Parent Relationship": "Outer", "Scan Direction": "Forward", "Index Name": "nation_pkey", "Relation Name": "nation", "Alias": "nation", "Startup Cost": 10000000000.0, "Total Cost": 1000000001262.5, "Plan Rows": 25, "Plan Width": 30}]}]}]}]}]}]}]}, "Unique SQL Id": 1604070524, "Planner Runtime": 0}, "explain_analyze_plan": null}, "(64, 64)": {"explain_plan": {"Plan": {"Node Type": "Limit", "Startup Cost": 2741876.6, "Total Cost": 2741876.65, "Plan Rows": 20, "Plan Width": 199, "Plans": [{"Node Type": "Sort", "Parent Relationship": "Outer", "Startup Cost": 2741876.6, "Total Cost": 2745491.35, "Plan Rows": 20, "Plan Width": 199, "Sort Key": ["(sum((lineitem.l_extendedprice * (1::double precision - lineitem.l_discount)))) DESC"], "Plans": [{"Node Type": "Aggregate", "Strategy": "Hashed", "Parent Relationship": "Outer", "Startup Cost": 2688942.8, "Total Cost": 2703401.78, "Plan Rows": 1445898, "Plan Width": 199, "Group By Key": ["customer.c_custkey", "customer.c_name", "customer.c_acctbal", "customer.c_phone", "nation.n_name", "customer.c_address", "customer.c_comment"], "Plans": [{"Node Type": "Hash Join", "Parent Relationship": "Outer", "Join Type": "Inner", "Startup Cost": 377859.22, "Total Cost": 2652795.35, "Plan Rows": 1445898, "Plan Width": 191, "Inner Unique": true, "Hash Cond": "(customer.c_nationkey = nation.n_nationkey), (LLVM Optimized)", "Plans": [{"Node Type": "Hash Join", "Parent Relationship": "Outer", "Join Type": "Inner", "Startup Cost": 377857.66, "Total Cost": 2632912.69, "Plan Rows": 1445898, "Plan Width": 169, "Inner Unique": true, "Hash Cond": "(orders.o_custkey = customer.c_custkey), (LLVM Optimized)", "Plans": [{"Node Type": "Hash Join", "Parent Relationship": "Outer", "Join Type": "Inner", "Startup Cost": 306981.66, "Total Cost": 2542155.59, "Plan Rows": 1445898, "Plan Width": 24, "Inner Unique": true, "Hash Cond": "(lineitem.l_orderkey = orders.o_orderkey), (LLVM Optimized)", "Plans": [{"Node Type": "Seq Scan", "Parent Relationship": "Outer", "Relation Name": "lineitem", "Alias": "lineitem", "Startup Cost": 0.0, "Total Cost": 2165082.91, "Plan Rows": 14835209, "Plan Width": 24, "Filter": "(l_returnflag = 'R'::bpchar), (LLVM Optimized)"}, {"Node Type": "Hash", "Parent Relationship": "Inner", "Startup Cost": 299784.84, "Total Cost": 299784.84, "Plan Rows": 575746, "Plan Width": 16, "Plans": [{"Node Type": "Bitmap Heap Scan", "Parent Relationship": "Outer", "Relation Name": "orders", "Alias": "orders", "Startup Cost": 14729.65, "Total Cost": 299784.84, "Plan Rows": 575746, "Plan Width": 16, "Recheck Cond": "((o_orderdate >= '1993-08-01 00:00:00'::timestamp(0) without time zone) AND (o_orderdate < '1993-11-01 00:00:00'::timestamp without time zone)), (LLVM Optimized)", "Plans": [{"Node Type": "Bitmap Index Scan", "Parent Relationship": "Outer", "Index Name": "idx_orders_orderdate", "Startup Cost": 0.0, "Total Cost": 14585.71, "Plan Rows": 575746, "Plan Width": 0, "Index Cond": "((o_orderdate >= '1993-08-01 00:00:00'::timestamp(0) without time zone) AND (o_orderdate < '1993-11-01 00:00:00'::timestamp without time zone))"}]}]}]}, {"Node Type": "Hash", "Parent Relationship": "Inner", "Startup Cost": 52126.0, "Total Cost": 52126.0, "Plan Rows": 1500000, "Plan Width": 153, "Plans": [{"Node Type": "Seq Scan", "Parent Relationship": "Outer", "Relation Name": "customer", "Alias": "customer", "Startup Cost": 0.0, "Total Cost": 52126.0, "Plan Rows": 1500000, "Plan Width": 153}]}]}, {"Node Type": "Hash", "Parent Relationship": "Inner", "Startup Cost": 1.25, "Total Cost": 1.25, "Plan Rows": 25, "Plan Width": 30, "Plans": [{"Node Type": "Seq Scan", "Parent Relationship": "Outer", "Relation Name": "nation", "Alias": "nation", "Startup Cost": 0.0, "Total Cost": 1.25, "Plan Rows": 25, "Plan Width": 30}]}]}]}]}]}, "Unique SQL Id": 1604070524, "Planner Runtime": 1}, "explain_analyze_plan": {"Plan": {"Node Type": "Limit", "Startup Cost": 2741876.6, "Total Cost": 2741876.65, "Plan Rows": 20, "Plan Width": 199, "Actual Startup Time": 32209.202, "Actual Total Time": 32209.207, "Actual Rows": 20, "Actual Loops": 1, "Plans": [{"Node Type": "Sort", "Parent Relationship": "Outer", "Startup Cost": 2741876.6, "Total Cost": 2745491.35, "Plan Rows": 20, "Plan Width": 199, "Actual Startup Time": 32209.199, "Actual Total Time": 32209.201, "Actual Rows": 20, "Actual Loops": 1, "Sort Key": ["(sum((lineitem.l_extendedprice * (1::double precision - lineitem.l_discount)))) DESC"], "Sort Method": "top-N heapsort", "Sort Space Used": 35, "Sort Space Type": "Memory", "Plans": [{"Node Type": "Aggregate", "Strategy": "Hashed", "Parent Relationship": "Outer", "Startup Cost": 2688942.8, "Total Cost": 2703401.78, "Plan Rows": 1445898, "Plan Width": 199, "Actual Startup Time": 31864.123, "Actual Total Time": 32074.823, "Actual Rows": 381542, "Actual Loops": 1, "Group By Key": ["customer.c_custkey", "customer.c_name", "customer.c_acctbal", "customer.c_phone", "nation.n_name", "customer.c_address", "customer.c_comment"], "Plans": [{"Node Type": "Hash Join", "Parent Relationship": "Outer", "Join Type": "Inner", "Startup Cost": 377859.22, "Total Cost": 2652795.35, "Plan Rows": 1445898, "Plan Width": 191, "Actual Startup Time": 2369.806, "Actual Total Time": 30028.378, "Actual Rows": 1145969, "Actual Loops": 1, "Inner Unique": true, "Hash Cond": "(customer.c_nationkey = nation.n_nationkey), (LLVM Optimized, Jit Execute)", "Plans": [{"Node Type": "Hash Join", "Parent Relationship": "Outer", "Join Type": "Inner", "Startup Cost": 377857.66, "Total Cost": 2632912.69, "Plan Rows": 1445898, "Plan Width": 169, "Actual Startup Time": 2369.707, "Actual Total Time": 29557.817, "Actual Rows": 1145969, "Actual Loops": 1, "Inner Unique": true, "Hash Cond": "(orders.o_custkey = customer.c_custkey), (LLVM Optimized, Jit Execute)", "Plans": [{"Node Type": "Hash Join", "Parent Relationship": "Outer", "Join Type": "Inner", "Startup Cost": 306981.66, "Total Cost": 2542155.59, "Plan Rows": 1445898, "Plan Width": 24, "Actual Startup Time": 1138.289, "Actual Total Time": 27567.336, "Actual Rows": 1145969, "Actual Loops": 1, "Inner Unique": true, "Hash Cond": "(lineitem.l_orderkey = orders.o_orderkey), (LLVM Optimized, Jit Execute)", "Plans": [{"Node Type": "Seq Scan", "Parent Relationship": "Outer", "Relation Name": "lineitem", "Alias": "lineitem", "Startup Cost": 0.0, "Total Cost": 2165082.91, "Plan Rows": 14835209, "Plan Width": 24, "Actual Startup Time": 0.018, "Actual Total Time": 22010.703, "Actual Rows": 14808183, "Actual Loops": 1, "Filter": "(l_returnflag = 'R'::bpchar), (LLVM Optimized, Jit Execute)", "Rows Removed by Filter": 45177869}, {"Node Type": "Hash", "Parent Relationship": "Inner", "Startup Cost": 299784.84, "Total Cost": 299784.84, "Plan Rows": 575746, "Plan Width": 16, "Actual Startup Time": 1137.516, "Actual Total Time": 1137.516, "Actual Rows": 573635, "Actual Loops": 1, "Hash Buckets": 1048576, "Hash Batches": 1, "Original Hash Batches": 1, "Peak Memory Usage": 26890, "Plans": [{"Node Type": "Bitmap Heap Scan", "Parent Relationship": "Outer", "Relation Name": "orders", "Alias": "orders", "Startup Cost": 14729.65, "Total Cost": 299784.84, "Plan Rows": 575746, "Plan Width": 16, "Actual Startup Time": 246.943, "Actual Total Time": 931.513, "Actual Rows": 573635, "Actual Loops": 1, "Recheck Cond": "((o_orderdate >= '1993-08-01 00:00:00'::timestamp(0) without time zone) AND (o_orderdate < '1993-11-01 00:00:00'::timestamp without time zone)), (LLVM Optimized, Jit Execute)", "Rows Removed by Index Recheck": 0, "Exact Heap Blocks": 242860, "Lossy Heap Blocks": 242860, "Plans": [{"Node Type": "Bitmap Index Scan", "Parent Relationship": "Outer", "Index Name": "idx_orders_orderdate", "Startup Cost": 0.0, "Total Cost": 14585.71, "Plan Rows": 575746, "Plan Width": 0, "Actual Startup Time": 168.553, "Actual Total Time": 168.553, "Actual Rows": 573635, "Actual Loops": 1, "Index Cond": "((o_orderdate >= '1993-08-01 00:00:00'::timestamp(0) without time zone) AND (o_orderdate < '1993-11-01 00:00:00'::timestamp without time zone))"}]}]}]}, {"Node Type": "Hash", "Parent Relationship": "Inner", "Startup Cost": 52126.0, "Total Cost": 52126.0, "Plan Rows": 1500000, "Plan Width": 153, "Actual Startup Time": 1230.084, "Actual Total Time": 1230.084, "Actual Rows": 1500000, "Actual Loops": 1, "Hash Buckets": 2097152, "Hash Batches": 1, "Original Hash Batches": 1, "Peak Memory Usage": 282695, "Plans": [{"Node Type": "Seq Scan", "Parent Relationship": "Outer", "Relation Name": "customer", "Alias": "customer", "Startup Cost": 0.0, "Total Cost": 52126.0, "Plan Rows": 1500000, "Plan Width": 153, "Actual Startup Time": 0.017, "Actual Total Time": 575.693, "Actual Rows": 1500000, "Actual Loops": 1}]}]}, {"Node Type": "Hash", "Parent Relationship": "Inner", "Startup Cost": 1.25, "Total Cost": 1.25, "Plan Rows": 25, "Plan Width": 30, "Actual Startup Time": 0.052, "Actual Total Time": 0.052, "Actual Rows": 25, "Actual Loops": 1, "Hash Buckets": 32768, "Hash Batches": 1, "Original Hash Batches": 1, "Peak Memory Usage": 2, "Plans": [{"Node Type": "Seq Scan", "Parent Relationship": "Outer", "Relation Name": "nation", "Alias": "nation", "Startup Cost": 0.0, "Total Cost": 1.25, "Plan Rows": 25, "Plan Width": 30, "Actual Startup Time": 0.024, "Actual Total Time": 0.03, "Actual Rows": 25, "Actual Loops": 1}]}]}]}]}]}, "Triggers": [], "Planner Runtime": 1, "Total Runtime": 32220.436, "Unique SQL Id": 1604070524}}, "(64, 65)": {"explain_plan": {"Plan": {"Node Type": "Limit", "Startup Cost": 3620844.85, "Total Cost": 3620844.9, "Plan Rows": 20, "Plan Width": 199, "Plans": [{"Node Type": "Sort", "Parent Relationship": "Outer", "Startup Cost": 3620844.85, "Total Cost": 3624459.59, "Plan Rows": 20, "Plan Width": 199, "Sort Key": ["(sum((lineitem.l_extendedprice * (1::double precision - lineitem.l_discount)))) DESC"], "Plans": [{"Node Type": "Aggregate", "Strategy": "Hashed", "Parent Relationship": "Outer", "Startup Cost": 3567911.04, "Total Cost": 3582370.02, "Plan Rows": 1445898, "Plan Width": 199, "Group By Key": ["customer.c_custkey", "customer.c_name", "customer.c_acctbal", "customer.c_phone", "nation.n_name", "customer.c_address", "customer.c_comment"], "Plans": [{"Node Type": "Nested Loop", "Parent Relationship": "Outer", "Join Type": "Inner", "Startup Cost": 114257.94, "Total Cost": 3531763.59, "Plan Rows": 1445898, "Plan Width": 191, "Inner Unique": false, "Plans": [{"Node Type": "Hash Join", "Parent Relationship": "Outer", "Join Type": "Inner", "Startup Cost": 114257.94, "Total Cost": 415146.15, "Plan Rows": 575746, "Plan Width": 183, "Inner Unique": true, "Hash Cond": "(customer.c_nationkey = nation.n_nationkey), (LLVM Optimized)", "Plans": [{"Node Type": "Hash Join", "Parent Relationship": "Outer", "Join Type": "Inner", "Startup Cost": 114245.0, "Total Cost": 407216.7, "Plan Rows": 575746, "Plan Width": 161, "Inner Unique": true, "Hash Cond": "(orders.o_custkey = customer.c_custkey), (LLVM Optimized)", "Plans": [{"Node Type": "Bitmap Heap Scan", "Parent Relationship": "Outer", "Relation Name": "orders", "Alias": "orders", "Startup Cost": 14729.65, "Total Cost": 299784.84, "Plan Rows": 575746, "Plan Width": 16, "Recheck Cond": "((o_orderdate >= '1993-08-01 00:00:00'::timestamp(0) without time zone) AND (o_orderdate < '1993-11-01 00:00:00'::timestamp without time zone)), (LLVM Optimized)", "Plans": [{"Node Type": "Bitmap Index Scan", "Parent Relationship": "Outer", "Index Name": "idx_orders_orderdate", "Startup Cost": 0.0, "Total Cost": 14585.71, "Plan Rows": 575746, "Plan Width": 0, "Index Cond": "((o_orderdate >= '1993-08-01 00:00:00'::timestamp(0) without time zone) AND (o_orderdate < '1993-11-01 00:00:00'::timestamp without time zone))"}]}, {"Node Type": "Hash", "Parent Relationship": "Inner", "Startup Cost": 80765.36, "Total Cost": 80765.36, "Plan Rows": 1500000, "Plan Width": 153, "Plans": [{"Node Type": "Index Scan", "Parent Relationship": "Outer", "Scan Direction": "Forward", "Index Name": "customer_pkey", "Relation Name": "customer", "Alias": "customer", "Startup Cost": 0.0, "Total Cost": 80765.36, "Plan Rows": 1500000, "Plan Width": 153}]}]}, {"Node Type": "Hash", "Parent Relationship": "Inner", "Startup Cost": 12.62, "Total Cost": 12.62, "Plan Rows": 25, "Plan Width": 30, "Plans": [{"Node Type": "Index Scan", "Parent Relationship": "Outer", "Scan Direction": "Forward", "Index Name": "nation_pkey", "Relation Name": "nation", "Alias": "nation", "Startup Cost": 0.0, "Total Cost": 12.62, "Plan Rows": 25, "Plan Width": 30}]}]}, {"Node Type": "Index Scan", "Parent Relationship": "Inner", "Scan Direction": "Forward", "Index Name": "idx_lineitem_orderkey", "Relation Name": "lineitem", "Alias": "lineitem", "Startup Cost": 0.0, "Total Cost": 5.38, "Plan Rows": 3, "Plan Width": 24, "Index Cond": "(l_orderkey = orders.o_orderkey)", "Filter": "(l_returnflag = 'R'::bpchar)"}]}]}]}]}, "Unique SQL Id": 1604070524, "Planner Runtime": 1}, "explain_analyze_plan": {"Plan": {"Node Type": "Limit", "Startup Cost": 3620844.85, "Total Cost": 3620844.9, "Plan Rows": 20, "Plan Width": 199, "Actual Startup Time": 14387.497, "Actual Total Time": 14387.505, "Actual Rows": 20, "Actual Loops": 1, "Plans": [{"Node Type": "Sort", "Parent Relationship": "Outer", "Startup Cost": 3620844.85, "Total Cost": 3624459.59, "Plan Rows": 20, "Plan Width": 199, "Actual Startup Time": 14387.494, "Actual Total Time": 14387.499, "Actual Rows": 20, "Actual Loops": 1, "Sort Key": ["(sum((lineitem.l_extendedprice * (1::double precision - lineitem.l_discount)))) DESC"], "Sort Method": "top-N heapsort", "Sort Space Used": 35, "Sort Space Type": "Memory", "Plans": [{"Node Type": "Aggregate", "Strategy": "Hashed", "Parent Relationship": "Outer", "Startup Cost": 3567911.04, "Total Cost": 3582370.02, "Plan Rows": 1445898, "Plan Width": 199, "Actual Startup Time": 13987.265, "Actual Total Time": 14250.402, "Actual Rows": 381542, "Actual Loops": 1, "Group By Key": ["customer.c_custkey", "customer.c_name", "customer.c_acctbal", "customer.c_phone", "nation.n_name", "customer.c_address", "customer.c_comment"], "Plans": [{"Node Type": "Nested Loop", "Parent Relationship": "Outer", "Join Type": "Inner", "Startup Cost": 114257.94, "Total Cost": 3531763.59, "Plan Rows": 1445898, "Plan Width": 191, "Actual Startup Time": 2091.725, "Actual Total Time": 12053.267, "Actual Rows": 1145969, "Actual Loops": 1, "Inner Unique": false, "Plans": [{"Node Type": "Hash Join", "Parent Relationship": "Outer", "Join Type": "Inner", "Startup Cost": 114257.94, "Total Cost": 415146.15, "Plan Rows": 575746, "Plan Width": 183, "Actual Startup Time": 2091.656, "Actual Total Time": 3938.306, "Actual Rows": 573635, "Actual Loops": 1, "Inner Unique": true, "Hash Cond": "(customer.c_nationkey = nation.n_nationkey), (LLVM Optimized, Jit Execute)", "Plans": [{"Node Type": "Hash Join", "Parent Relationship": "Outer", "Join Type": "Inner", "Startup Cost": 114245.0, "Total Cost": 407216.7, "Plan Rows": 575746, "Plan Width": 161, "Actual Startup Time": 2091.556, "Actual Total Time": 3685.233, "Actual Rows": 573635, "Actual Loops": 1, "Inner Unique": true, "Hash Cond": "(orders.o_custkey = customer.c_custkey), (LLVM Optimized, Jit Execute)", "Plans": [{"Node Type": "Bitmap Heap Scan", "Parent Relationship": "Outer", "Relation Name": "orders", "Alias": "orders", "Startup Cost": 14729.65, "Total Cost": 299784.84, "Plan Rows": 575746, "Plan Width": 16, "Actual Startup Time": 240.308, "Actual Total Time": 1136.103, "Actual Rows": 573635, "Actual Loops": 1, "Recheck Cond": "((o_orderdate >= '1993-08-01 00:00:00'::timestamp(0) without time zone) AND (o_orderdate < '1993-11-01 00:00:00'::timestamp without time zone)), (LLVM Optimized, Jit Execute)", "Rows Removed by Index Recheck": 0, "Exact Heap Blocks": 242860, "Lossy Heap Blocks": 242860, "Plans": [{"Node Type": "Bitmap Index Scan", "Parent Relationship": "Outer", "Index Name": "idx_orders_orderdate", "Startup Cost": 0.0, "Total Cost": 14585.71, "Plan Rows": 575746, "Plan Width": 0, "Actual Startup Time": 165.971, "Actual Total Time": 165.971, "Actual Rows": 573635, "Actual Loops": 1, "Index Cond": "((o_orderdate >= '1993-08-01 00:00:00'::timestamp(0) without time zone) AND (o_orderdate < '1993-11-01 00:00:00'::timestamp without time zone))"}]}, {"Node Type": "Hash", "Parent Relationship": "Inner", "Startup Cost": 80765.36, "Total Cost": 80765.36, "Plan Rows": 1500000, "Plan Width": 153, "Actual Startup Time": 1849.875, "Actual Total Time": 1849.875, "Actual Rows": 1500000, "Actual Loops": 1, "Hash Buckets": 2097152, "Hash Batches": 1, "Original Hash Batches": 1, "Peak Memory Usage": 282695, "Plans": [{"Node Type": "Index Scan", "Parent Relationship": "Outer", "Scan Direction": "Forward", "Index Name": "customer_pkey", "Relation Name": "customer", "Alias": "customer", "Startup Cost": 0.0, "Total Cost": 80765.36, "Plan Rows": 1500000, "Plan Width": 153, "Actual Startup Time": 0.051, "Actual Total Time": 1179.927, "Actual Rows": 1500000, "Actual Loops": 1}]}]}, {"Node Type": "Hash", "Parent Relationship": "Inner", "Startup Cost": 12.62, "Total Cost": 12.62, "Plan Rows": 25, "Plan Width": 30, "Actual Startup Time": 0.055, "Actual Total Time": 0.055, "Actual Rows": 25, "Actual Loops": 1, "Hash Buckets": 32768, "Hash Batches": 1, "Original Hash Batches": 1, "Peak Memory Usage": 2, "Plans": [{"Node Type": "Index Scan", "Parent Relationship": "Outer", "Scan Direction": "Forward", "Index Name": "nation_pkey", "Relation Name": "nation", "Alias": "nation", "Startup Cost": 0.0, "Total Cost": 12.62, "Plan Rows": 25, "Plan Width": 30, "Actual Startup Time": 0.021, "Actual Total Time": 0.035, "Actual Rows": 25, "Actual Loops": 1}]}]}, {"Node Type": "Index Scan", "Parent Relationship": "Inner", "Scan Direction": "Forward", "Index Name": "idx_lineitem_orderkey", "Relation Name": "lineitem", "Alias": "lineitem", "Startup Cost": 0.0, "Total Cost": 5.38, "Plan Rows": 3, "Plan Width": 24, "Actual Startup Time": 6106.588, "Actual Total Time": 7464.333, "Actual Rows": 1145969, "Actual Loops": 573635, "Index Cond": "(l_orderkey = orders.o_orderkey)", "Rows Removed by Index Recheck": 0, "Filter": "(l_returnflag = 'R'::bpchar)", "Rows Removed by Filter": 1146896}]}]}]}]}, "Triggers": [], "Planner Runtime": 1, "Total Runtime": 14398.213, "Unique SQL Id": 1604070524}}, "(64, 66)": {"explain_plan": {"Plan": {"Node Type": "Limit", "Startup Cost": 2741876.6, "Total Cost": 2741876.65, "Plan Rows": 20, "Plan Width": 199, "Plans": [{"Node Type": "Sort", "Parent Relationship": "Outer", "Startup Cost": 2741876.6, "Total Cost": 2745491.35, "Plan Rows": 20, "Plan Width": 199, "Sort Key": ["(sum((lineitem.l_extendedprice * (1::double precision - lineitem.l_discount)))) DESC"], "Plans": [{"Node Type": "Aggregate", "Strategy": "Hashed", "Parent Relationship": "Outer", "Startup Cost": 2688942.8, "Total Cost": 2703401.78, "Plan Rows": 1445898, "Plan Width": 199, "Group By Key": ["customer.c_custkey", "customer.c_name", "customer.c_acctbal", "customer.c_phone", "nation.n_name", "customer.c_address", "customer.c_comment"], "Plans": [{"Node Type": "Hash Join", "Parent Relationship": "Outer", "Join Type": "Inner", "Startup Cost": 377859.22, "Total Cost": 2652795.35, "Plan Rows": 1445898, "Plan Width": 191, "Inner Unique": true, "Hash Cond": "(customer.c_nationkey = nation.n_nationkey), (LLVM Optimized)", "Plans": [{"Node Type": "Hash Join", "Parent Relationship": "Outer", "Join Type": "Inner", "Startup Cost": 377857.66, "Total Cost": 2632912.69, "Plan Rows": 1445898, "Plan Width": 169, "Inner Unique": true, "Hash Cond": "(orders.o_custkey = customer.c_custkey), (LLVM Optimized)", "Plans": [{"Node Type": "Hash Join", "Parent Relationship": "Outer", "Join Type": "Inner", "Startup Cost": 306981.66, "Total Cost": 2542155.59, "Plan Rows": 1445898, "Plan Width": 24, "Inner Unique": true, "Hash Cond": "(lineitem.l_orderkey = orders.o_orderkey), (LLVM Optimized)", "Plans": [{"Node Type": "Seq Scan", "Parent Relationship": "Outer", "Relation Name": "lineitem", "Alias": "lineitem", "Startup Cost": 0.0, "Total Cost": 2165082.91, "Plan Rows": 14835209, "Plan Width": 24, "Filter": "(l_returnflag = 'R'::bpchar), (LLVM Optimized)"}, {"Node Type": "Hash", "Parent Relationship": "Inner", "Startup Cost": 299784.84, "Total Cost": 299784.84, "Plan Rows": 575746, "Plan Width": 16, "Plans": [{"Node Type": "Bitmap Heap Scan", "Parent Relationship": "Outer", "Relation Name": "orders", "Alias": "orders", "Startup Cost": 14729.65, "Total Cost": 299784.84, "Plan Rows": 575746, "Plan Width": 16, "Recheck Cond": "((o_orderdate >= '1993-08-01 00:00:00'::timestamp(0) without time zone) AND (o_orderdate < '1993-11-01 00:00:00'::timestamp without time zone)), (LLVM Optimized)", "Plans": [{"Node Type": "Bitmap Index Scan", "Parent Relationship": "Outer", "Index Name": "idx_orders_orderdate", "Startup Cost": 0.0, "Total Cost": 14585.71, "Plan Rows": 575746, "Plan Width": 0, "Index Cond": "((o_orderdate >= '1993-08-01 00:00:00'::timestamp(0) without time zone) AND (o_orderdate < '1993-11-01 00:00:00'::timestamp without time zone))"}]}]}]}, {"Node Type": "Hash", "Parent Relationship": "Inner", "Startup Cost": 52126.0, "Total Cost": 52126.0, "Plan Rows": 1500000, "Plan Width": 153, "Plans": [{"Node Type": "Seq Scan", "Parent Relationship": "Outer", "Relation Name": "customer", "Alias": "customer", "Startup Cost": 0.0, "Total Cost": 52126.0, "Plan Rows": 1500000, "Plan Width": 153}]}]}, {"Node Type": "Hash", "Parent Relationship": "Inner", "Startup Cost": 1.25, "Total Cost": 1.25, "Plan Rows": 25, "Plan Width": 30, "Plans": [{"Node Type": "Seq Scan", "Parent Relationship": "Outer", "Relation Name": "nation", "Alias": "nation", "Startup Cost": 0.0, "Total Cost": 1.25, "Plan Rows": 25, "Plan Width": 30}]}]}]}]}]}, "Unique SQL Id": 1604070524, "Planner Runtime": 1}, "explain_analyze_plan": {"Plan": {"Node Type": "Limit", "Startup Cost": 2741876.6, "Total Cost": 2741876.65, "Plan Rows": 20, "Plan Width": 199, "Actual Startup Time": 32209.202, "Actual Total Time": 32209.207, "Actual Rows": 20, "Actual Loops": 1, "Plans": [{"Node Type": "Sort", "Parent Relationship": "Outer", "Startup Cost": 2741876.6, "Total Cost": 2745491.35, "Plan Rows": 20, "Plan Width": 199, "Actual Startup Time": 32209.199, "Actual Total Time": 32209.201, "Actual Rows": 20, "Actual Loops": 1, "Sort Key": ["(sum((lineitem.l_extendedprice * (1::double precision - lineitem.l_discount)))) DESC"], "Sort Method": "top-N heapsort", "Sort Space Used": 35, "Sort Space Type": "Memory", "Plans": [{"Node Type": "Aggregate", "Strategy": "Hashed", "Parent Relationship": "Outer", "Startup Cost": 2688942.8, "Total Cost": 2703401.78, "Plan Rows": 1445898, "Plan Width": 199, "Actual Startup Time": 31864.123, "Actual Total Time": 32074.823, "Actual Rows": 381542, "Actual Loops": 1, "Group By Key": ["customer.c_custkey", "customer.c_name", "customer.c_acctbal", "customer.c_phone", "nation.n_name", "customer.c_address", "customer.c_comment"], "Plans": [{"Node Type": "Hash Join", "Parent Relationship": "Outer", "Join Type": "Inner", "Startup Cost": 377859.22, "Total Cost": 2652795.35, "Plan Rows": 1445898, "Plan Width": 191, "Actual Startup Time": 2369.806, "Actual Total Time": 30028.378, "Actual Rows": 1145969, "Actual Loops": 1, "Inner Unique": true, "Hash Cond": "(customer.c_nationkey = nation.n_nationkey), (LLVM Optimized, Jit Execute)", "Plans": [{"Node Type": "Hash Join", "Parent Relationship": "Outer", "Join Type": "Inner", "Startup Cost": 377857.66, "Total Cost": 2632912.69, "Plan Rows": 1445898, "Plan Width": 169, "Actual Startup Time": 2369.707, "Actual Total Time": 29557.817, "Actual Rows": 1145969, "Actual Loops": 1, "Inner Unique": true, "Hash Cond": "(orders.o_custkey = customer.c_custkey), (LLVM Optimized, Jit Execute)", "Plans": [{"Node Type": "Hash Join", "Parent Relationship": "Outer", "Join Type": "Inner", "Startup Cost": 306981.66, "Total Cost": 2542155.59, "Plan Rows": 1445898, "Plan Width": 24, "Actual Startup Time": 1138.289, "Actual Total Time": 27567.336, "Actual Rows": 1145969, "Actual Loops": 1, "Inner Unique": true, "Hash Cond": "(lineitem.l_orderkey = orders.o_orderkey), (LLVM Optimized, Jit Execute)", "Plans": [{"Node Type": "Seq Scan", "Parent Relationship": "Outer", "Relation Name": "lineitem", "Alias": "lineitem", "Startup Cost": 0.0, "Total Cost": 2165082.91, "Plan Rows": 14835209, "Plan Width": 24, "Actual Startup Time": 0.018, "Actual Total Time": 22010.703, "Actual Rows": 14808183, "Actual Loops": 1, "Filter": "(l_returnflag = 'R'::bpchar), (LLVM Optimized, Jit Execute)", "Rows Removed by Filter": 45177869}, {"Node Type": "Hash", "Parent Relationship": "Inner", "Startup Cost": 299784.84, "Total Cost": 299784.84, "Plan Rows": 575746, "Plan Width": 16, "Actual Startup Time": 1137.516, "Actual Total Time": 1137.516, "Actual Rows": 573635, "Actual Loops": 1, "Hash Buckets": 1048576, "Hash Batches": 1, "Original Hash Batches": 1, "Peak Memory Usage": 26890, "Plans": [{"Node Type": "Bitmap Heap Scan", "Parent Relationship": "Outer", "Relation Name": "orders", "Alias": "orders", "Startup Cost": 14729.65, "Total Cost": 299784.84, "Plan Rows": 575746, "Plan Width": 16, "Actual Startup Time": 246.943, "Actual Total Time": 931.513, "Actual Rows": 573635, "Actual Loops": 1, "Recheck Cond": "((o_orderdate >= '1993-08-01 00:00:00'::timestamp(0) without time zone) AND (o_orderdate < '1993-11-01 00:00:00'::timestamp without time zone)), (LLVM Optimized, Jit Execute)", "Rows Removed by Index Recheck": 0, "Exact Heap Blocks": 242860, "Lossy Heap Blocks": 242860, "Plans": [{"Node Type": "Bitmap Index Scan", "Parent Relationship": "Outer", "Index Name": "idx_orders_orderdate", "Startup Cost": 0.0, "Total Cost": 14585.71, "Plan Rows": 575746, "Plan Width": 0, "Actual Startup Time": 168.553, "Actual Total Time": 168.553, "Actual Rows": 573635, "Actual Loops": 1, "Index Cond": "((o_orderdate >= '1993-08-01 00:00:00'::timestamp(0) without time zone) AND (o_orderdate < '1993-11-01 00:00:00'::timestamp without time zone))"}]}]}]}, {"Node Type": "Hash", "Parent Relationship": "Inner", "Startup Cost": 52126.0, "Total Cost": 52126.0, "Plan Rows": 1500000, "Plan Width": 153, "Actual Startup Time": 1230.084, "Actual Total Time": 1230.084, "Actual Rows": 1500000, "Actual Loops": 1, "Hash Buckets": 2097152, "Hash Batches": 1, "Original Hash Batches": 1, "Peak Memory Usage": 282695, "Plans": [{"Node Type": "Seq Scan", "Parent Relationship": "Outer", "Relation Name": "customer", "Alias": "customer", "Startup Cost": 0.0, "Total Cost": 52126.0, "Plan Rows": 1500000, "Plan Width": 153, "Actual Startup Time": 0.017, "Actual Total Time": 575.693, "Actual Rows": 1500000, "Actual Loops": 1}]}]}, {"Node Type": "Hash", "Parent Relationship": "Inner", "Startup Cost": 1.25, "Total Cost": 1.25, "Plan Rows": 25, "Plan Width": 30, "Actual Startup Time": 0.052, "Actual Total Time": 0.052, "Actual Rows": 25, "Actual Loops": 1, "Hash Buckets": 32768, "Hash Batches": 1, "Original Hash Batches": 1, "Peak Memory Usage": 2, "Plans": [{"Node Type": "Seq Scan", "Parent Relationship": "Outer", "Relation Name": "nation", "Alias": "nation", "Startup Cost": 0.0, "Total Cost": 1.25, "Plan Rows": 25, "Plan Width": 30, "Actual Startup Time": 0.024, "Actual Total Time": 0.03, "Actual Rows": 25, "Actual Loops": 1}]}]}]}]}]}, "Triggers": [], "Planner Runtime": 1, "Total Runtime": 32220.436, "Unique SQL Id": 1604070524}}, "(64, 67)": {"explain_plan": {"Plan": {"Node Type": "Limit", "Startup Cost": 13443415.76, "Total Cost": 13443415.81, "Plan Rows": 20, "Plan Width": 199, "Plans": [{"Node Type": "Sort", "Parent Relationship": "Outer", "Startup Cost": 13443415.76, "Total Cost": 13447030.51, "Plan Rows": 20, "Plan Width": 199, "Sort Key": ["(sum((lineitem.l_extendedprice * (1::double precision - lineitem.l_discount)))) DESC"], "Plans": [{"Node Type": "Aggregate", "Strategy": "Hashed", "Parent Relationship": "Outer", "Startup Cost": 13390481.96, "Total Cost": 13404940.94, "Plan Rows": 1445898, "Plan Width": 199, "Group By Key": ["customer.c_custkey", "customer.c_name", "customer.c_acctbal", "customer.c_phone", "nation.n_name", "customer.c_address", "customer.c_comment"], "Plans": [{"Node Type": "Nested Loop", "Parent Relationship": "Outer", "Join Type": "Inner", "Startup Cost": 14732.12, "Total Cost": 13354334.51, "Plan Rows": 1445898, "Plan Width": 191, "Inner Unique": false, "Plans": [{"Node Type": "Nested Loop", "Parent Relationship": "Outer", "Join Type": "Inner", "Startup Cost": 14730.2, "Total Cost": 5249597.54, "Plan Rows": 575746, "Plan Width": 183, "Inner Unique": true, "Plans": [{"Node Type": "Nested Loop", "Parent Relationship": "Outer", "Join Type": "Inner", "Startup Cost": 14729.94, "Total Cost": 2785257.65, "Plan Rows": 575746, "Plan Width": 161, "Inner Unique": true, "Plans": [{"Node Type": "Bitmap Heap Scan", "Parent Relationship": "Outer", "Relation Name": "orders", "Alias": "orders", "Startup Cost": 14729.65, "Total Cost": 299784.84, "Plan Rows": 575746, "Plan Width": 16, "Recheck Cond": "((o_orderdate >= '1993-08-01 00:00:00'::timestamp(0) without time zone) AND (o_orderdate < '1993-11-01 00:00:00'::timestamp without time zone)), (LLVM Optimized)", "Plans": [{"Node Type": "Bitmap Index Scan", "Parent Relationship": "Outer", "Index Name": "idx_orders_orderdate", "Startup Cost": 0.0, "Total Cost": 14585.71, "Plan Rows": 575746, "Plan Width": 0, "Index Cond": "((o_orderdate >= '1993-08-01 00:00:00'::timestamp(0) without time zone) AND (o_orderdate < '1993-11-01 00:00:00'::timestamp without time zone))"}]}, {"Node Type": "Bitmap Heap Scan", "Parent Relationship": "Inner", "Relation Name": "customer", "Alias": "customer", "Startup Cost": 0.29, "Total Cost": 4.31, "Plan Rows": 1, "Plan Width": 153, "Recheck Cond": "(c_custkey = orders.o_custkey)", "Plans": [{"Node Type": "Bitmap Index Scan", "Parent Relationship": "Outer", "Index Name": "customer_pkey", "Startup Cost": 0.0, "Total Cost": 0.29, "Plan Rows": 1, "Plan Width": 0, "Index Cond": "(c_custkey = orders.o_custkey)"}]}]}, {"Node Type": "Bitmap Heap Scan", "Parent Relationship": "Inner", "Relation Name": "nation", "Alias": "nation", "Startup Cost": 0.26, "Total Cost": 4.27, "Plan Rows": 1, "Plan Width": 30, "Recheck Cond": "(n_nationkey = customer.c_nationkey)", "Plans": [{"Node Type": "Bitmap Index Scan", "Parent Relationship": "Outer", "Index Name": "nation_pkey", "Startup Cost": 0.0, "Total Cost": 0.26, "Plan Rows": 1, "Plan Width": 0, "Index Cond": "(n_nationkey = customer.c_nationkey)"}]}]}, {"Node Type": "Bitmap Heap Scan", "Parent Relationship": "Inner", "Relation Name": "lineitem", "Alias": "lineitem", "Startup Cost": 1.93, "Total Cost": 14.05, "Plan Rows": 3, "Plan Width": 24, "Recheck Cond": "(l_orderkey = orders.o_orderkey)", "Filter": "(l_returnflag = 'R'::bpchar)", "Plans": [{"Node Type": "Bitmap Index Scan", "Parent Relationship": "Outer", "Index Name": "idx_lineitem_orderkey", "Startup Cost": 0.0, "Total Cost": 1.92, "Plan Rows": 9, "Plan Width": 0, "Index Cond": "(l_orderkey = orders.o_orderkey)"}]}]}]}]}]}, "Unique SQL Id": 1604070524, "Planner Runtime": 1}, "explain_analyze_plan": {"Plan": {"Node Type": "Limit", "Startup Cost": 13443415.76, "Total Cost": 13443415.81, "Plan Rows": 20, "Plan Width": 199, "Actual Startup Time": 16957.333, "Actual Total Time": 16957.341, "Actual Rows": 20, "Actual Loops": 1, "Plans": [{"Node Type": "Sort", "Parent Relationship": "Outer", "Startup Cost": 13443415.76, "Total Cost": 13447030.51, "Plan Rows": 20, "Plan Width": 199, "Actual Startup Time": 16957.329, "Actual Total Time": 16957.334, "Actual Rows": 20, "Actual Loops": 1, "Sort Key": ["(sum((lineitem.l_extendedprice * (1::double precision - lineitem.l_discount)))) DESC"], "Sort Method": "top-N heapsort", "Sort Space Used": 35, "Sort Space Type": "Memory", "Plans": [{"Node Type": "Aggregate", "Strategy": "Hashed", "Parent Relationship": "Outer", "Startup Cost": 13390481.96, "Total Cost": 13404940.94, "Plan Rows": 1445898, "Plan Width": 199, "Actual Startup Time": 16583.968, "Actual Total Time": 16822.306, "Actual Rows": 381542, "Actual Loops": 1, "Group By Key": ["customer.c_custkey", "customer.c_name", "customer.c_acctbal", "customer.c_phone", "nation.n_name", "customer.c_address", "customer.c_comment"], "Plans": [{"Node Type": "Nested Loop", "Parent Relationship": "Outer", "Join Type": "Inner", "Startup Cost": 14732.12, "Total Cost": 13354334.51, "Plan Rows": 1445898, "Plan Width": 191, "Actual Startup Time": 241.783, "Actual Total Time": 14652.01, "Actual Rows": 1145969, "Actual Loops": 1, "Inner Unique": false, "Plans": [{"Node Type": "Nested Loop", "Parent Relationship": "Outer", "Join Type": "Inner", "Startup Cost": 14730.2, "Total Cost": 5249597.54, "Plan Rows": 575746, "Plan Width": 183, "Actual Startup Time": 241.73, "Actual Total Time": 8212.424, "Actual Rows": 573635, "Actual Loops": 1, "Inner Unique": true, "Plans": [{"Node Type": "Nested Loop", "Parent Relationship": "Outer", "Join Type": "Inner", "Startup Cost": 14729.94, "Total Cost": 2785257.65, "Plan Rows": 575746, "Plan Width": 161, "Actual Startup Time": 241.696, "Actual Total Time": 6036.117, "Actual Rows": 573635, "Actual Loops": 1, "Inner Unique": true, "Plans": [{"Node Type": "Bitmap Heap Scan", "Parent Relationship": "Outer", "Relation Name": "orders", "Alias": "orders", "Startup Cost": 14729.65, "Total Cost": 299784.84, "Plan Rows": 575746, "Plan Width": 16, "Actual Startup Time": 241.45, "Actual Total Time": 1047.688, "Actual Rows": 573635, "Actual Loops": 1, "Recheck Cond": "((o_orderdate >= '1993-08-01 00:00:00'::timestamp(0) without time zone) AND (o_orderdate < '1993-11-01 00:00:00'::timestamp without time zone)), (LLVM Optimized, Jit Execute)", "Rows Removed by Index Recheck": 0, "Exact Heap Blocks": 242860, "Lossy Heap Blocks": 242860, "Plans": [{"Node Type": "Bitmap Index Scan", "Parent Relationship": "Outer", "Index Name": "idx_orders_orderdate", "Startup Cost": 0.0, "Total Cost": 14585.71, "Plan Rows": 575746, "Plan Width": 0, "Actual Startup Time": 167.064, "Actual Total Time": 167.064, "Actual Rows": 573635, "Actual Loops": 1, "Index Cond": "((o_orderdate >= '1993-08-01 00:00:00'::timestamp(0) without time zone) AND (o_orderdate < '1993-11-01 00:00:00'::timestamp without time zone))"}]}, {"Node Type": "Bitmap Heap Scan", "Parent Relationship": "Inner", "Relation Name": "customer", "Alias": "customer", "Startup Cost": 0.29, "Total Cost": 4.31, "Plan Rows": 1, "Plan Width": 153, "Actual Startup Time": 4129.14, "Actual Total Time": 4129.14, "Actual Rows": 573635, "Actual Loops": 573635, "Recheck Cond": "(c_custkey = orders.o_custkey)", "Rows Removed by Index Recheck": 0, "Exact Heap Blocks": 573635, "Lossy Heap Blocks": 573635, "Plans": [{"Node Type": "Bitmap Index Scan", "Parent Relationship": "Outer", "Index Name": "customer_pkey", "Startup Cost": 0.0, "Total Cost": 0.29, "Plan Rows": 1, "Plan Width": 0, "Actual Startup Time": 2565.96, "Actual Total Time": 2565.96, "Actual Rows": 573635, "Actual Loops": 573635, "Index Cond": "(c_custkey = orders.o_custkey)"}]}]}, {"Node Type": "Bitmap Heap Scan", "Parent Relationship": "Inner", "Relation Name": "nation", "Alias": "nation", "Startup Cost": 0.26, "Total Cost": 4.27, "Plan Rows": 1, "Plan Width": 30, "Actual Startup Time": 1398.487, "Actual Total Time": 1398.487, "Actual Rows": 573635, "Actual Loops": 573635, "Recheck Cond": "(n_nationkey = customer.c_nationkey)", "Rows Removed by Index Recheck": 0, "Exact Heap Blocks": 573635, "Lossy Heap Blocks": 573635, "Plans": [{"Node Type": "Bitmap Index Scan", "Parent Relationship": "Outer", "Index Name": "nation_pkey", "Startup Cost": 0.0, "Total Cost": 0.26, "Plan Rows": 1, "Plan Width": 0, "Actual Startup Time": 610.04, "Actual Total Time": 610.04, "Actual Rows": 573635, "Actual Loops": 573635, "Index Cond": "(n_nationkey = customer.c_nationkey)"}]}]}, {"Node Type": "Bitmap Heap Scan", "Parent Relationship": "Inner", "Relation Name": "lineitem", "Alias": "lineitem", "Startup Cost": 1.93, "Total Cost": 14.05, "Plan Rows": 3, "Plan Width": 24, "Actual Startup Time": 4947.793, "Actual Total Time": 5480.067, "Actual Rows": 1145969, "Actual Loops": 573635, "Recheck Cond": "(l_orderkey = orders.o_orderkey)", "Rows Removed by Index Recheck": 0, "Filter": "(l_returnflag = 'R'::bpchar)", "Rows Removed by Filter": 1146896, "Exact Heap Blocks": 614400, "Lossy Heap Blocks": 614400, "Plans": [{"Node Type": "Bitmap Index Scan", "Parent Relationship": "Outer", "Index Name": "idx_lineitem_orderkey", "Startup Cost": 0.0, "Total Cost": 1.92, "Plan Rows": 9, "Plan Width": 0, "Actual Startup Time": 2505.557, "Actual Total Time": 2505.557, "Actual Rows": 2292865, "Actual Loops": 573635, "Index Cond": "(l_orderkey = orders.o_orderkey)"}]}]}]}]}]}, "Triggers": [], "Planner Runtime": 0, "Total Runtime": 16967.566, "Unique SQL Id": 1604070524}}, "(64, 68)": {"explain_plan": {"Plan": {"Node Type": "Limit", "Startup Cost": 2741876.6, "Total Cost": 2741876.65, "Plan Rows": 20, "Plan Width": 199, "Plans": [{"Node Type": "Sort", "Parent Relationship": "Outer", "Startup Cost": 2741876.6, "Total Cost": 2745491.35, "Plan Rows": 20, "Plan Width": 199, "Sort Key": ["(sum((lineitem.l_extendedprice * (1::double precision - lineitem.l_discount)))) DESC"], "Plans": [{"Node Type": "Aggregate", "Strategy": "Hashed", "Parent Relationship": "Outer", "Startup Cost": 2688942.8, "Total Cost": 2703401.78, "Plan Rows": 1445898, "Plan Width": 199, "Group By Key": ["customer.c_custkey", "customer.c_name", "customer.c_acctbal", "customer.c_phone", "nation.n_name", "customer.c_address", "customer.c_comment"], "Plans": [{"Node Type": "Hash Join", "Parent Relationship": "Outer", "Join Type": "Inner", "Startup Cost": 377859.22, "Total Cost": 2652795.35, "Plan Rows": 1445898, "Plan Width": 191, "Inner Unique": true, "Hash Cond": "(customer.c_nationkey = nation.n_nationkey), (LLVM Optimized)", "Plans": [{"Node Type": "Hash Join", "Parent Relationship": "Outer", "Join Type": "Inner", "Startup Cost": 377857.66, "Total Cost": 2632912.69, "Plan Rows": 1445898, "Plan Width": 169, "Inner Unique": true, "Hash Cond": "(orders.o_custkey = customer.c_custkey), (LLVM Optimized)", "Plans": [{"Node Type": "Hash Join", "Parent Relationship": "Outer", "Join Type": "Inner", "Startup Cost": 306981.66, "Total Cost": 2542155.59, "Plan Rows": 1445898, "Plan Width": 24, "Inner Unique": true, "Hash Cond": "(lineitem.l_orderkey = orders.o_orderkey), (LLVM Optimized)", "Plans": [{"Node Type": "Seq Scan", "Parent Relationship": "Outer", "Relation Name": "lineitem", "Alias": "lineitem", "Startup Cost": 0.0, "Total Cost": 2165082.91, "Plan Rows": 14835209, "Plan Width": 24, "Filter": "(l_returnflag = 'R'::bpchar), (LLVM Optimized)"}, {"Node Type": "Hash", "Parent Relationship": "Inner", "Startup Cost": 299784.84, "Total Cost": 299784.84, "Plan Rows": 575746, "Plan Width": 16, "Plans": [{"Node Type": "Bitmap Heap Scan", "Parent Relationship": "Outer", "Relation Name": "orders", "Alias": "orders", "Startup Cost": 14729.65, "Total Cost": 299784.84, "Plan Rows": 575746, "Plan Width": 16, "Recheck Cond": "((o_orderdate >= '1993-08-01 00:00:00'::timestamp(0) without time zone) AND (o_orderdate < '1993-11-01 00:00:00'::timestamp without time zone)), (LLVM Optimized)", "Plans": [{"Node Type": "Bitmap Index Scan", "Parent Relationship": "Outer", "Index Name": "idx_orders_orderdate", "Startup Cost": 0.0, "Total Cost": 14585.71, "Plan Rows": 575746, "Plan Width": 0, "Index Cond": "((o_orderdate >= '1993-08-01 00:00:00'::timestamp(0) without time zone) AND (o_orderdate < '1993-11-01 00:00:00'::timestamp without time zone))"}]}]}]}, {"Node Type": "Hash", "Parent Relationship": "Inner", "Startup Cost": 52126.0, "Total Cost": 52126.0, "Plan Rows": 1500000, "Plan Width": 153, "Plans": [{"Node Type": "Seq Scan", "Parent Relationship": "Outer", "Relation Name": "customer", "Alias": "customer", "Startup Cost": 0.0, "Total Cost": 52126.0, "Plan Rows": 1500000, "Plan Width": 153}]}]}, {"Node Type": "Hash", "Parent Relationship": "Inner", "Startup Cost": 1.25, "Total Cost": 1.25, "Plan Rows": 25, "Plan Width": 30, "Plans": [{"Node Type": "Seq Scan", "Parent Relationship": "Outer", "Relation Name": "nation", "Alias": "nation", "Startup Cost": 0.0, "Total Cost": 1.25, "Plan Rows": 25, "Plan Width": 30}]}]}]}]}]}, "Unique SQL Id": 1604070524, "Planner Runtime": 1}, "explain_analyze_plan": {"Plan": {"Node Type": "Limit", "Startup Cost": 2741876.6, "Total Cost": 2741876.65, "Plan Rows": 20, "Plan Width": 199, "Actual Startup Time": 32209.202, "Actual Total Time": 32209.207, "Actual Rows": 20, "Actual Loops": 1, "Plans": [{"Node Type": "Sort", "Parent Relationship": "Outer", "Startup Cost": 2741876.6, "Total Cost": 2745491.35, "Plan Rows": 20, "Plan Width": 199, "Actual Startup Time": 32209.199, "Actual Total Time": 32209.201, "Actual Rows": 20, "Actual Loops": 1, "Sort Key": ["(sum((lineitem.l_extendedprice * (1::double precision - lineitem.l_discount)))) DESC"], "Sort Method": "top-N heapsort", "Sort Space Used": 35, "Sort Space Type": "Memory", "Plans": [{"Node Type": "Aggregate", "Strategy": "Hashed", "Parent Relationship": "Outer", "Startup Cost": 2688942.8, "Total Cost": 2703401.78, "Plan Rows": 1445898, "Plan Width": 199, "Actual Startup Time": 31864.123, "Actual Total Time": 32074.823, "Actual Rows": 381542, "Actual Loops": 1, "Group By Key": ["customer.c_custkey", "customer.c_name", "customer.c_acctbal", "customer.c_phone", "nation.n_name", "customer.c_address", "customer.c_comment"], "Plans": [{"Node Type": "Hash Join", "Parent Relationship": "Outer", "Join Type": "Inner", "Startup Cost": 377859.22, "Total Cost": 2652795.35, "Plan Rows": 1445898, "Plan Width": 191, "Actual Startup Time": 2369.806, "Actual Total Time": 30028.378, "Actual Rows": 1145969, "Actual Loops": 1, "Inner Unique": true, "Hash Cond": "(customer.c_nationkey = nation.n_nationkey), (LLVM Optimized, Jit Execute)", "Plans": [{"Node Type": "Hash Join", "Parent Relationship": "Outer", "Join Type": "Inner", "Startup Cost": 377857.66, "Total Cost": 2632912.69, "Plan Rows": 1445898, "Plan Width": 169, "Actual Startup Time": 2369.707, "Actual Total Time": 29557.817, "Actual Rows": 1145969, "Actual Loops": 1, "Inner Unique": true, "Hash Cond": "(orders.o_custkey = customer.c_custkey), (LLVM Optimized, Jit Execute)", "Plans": [{"Node Type": "Hash Join", "Parent Relationship": "Outer", "Join Type": "Inner", "Startup Cost": 306981.66, "Total Cost": 2542155.59, "Plan Rows": 1445898, "Plan Width": 24, "Actual Startup Time": 1138.289, "Actual Total Time": 27567.336, "Actual Rows": 1145969, "Actual Loops": 1, "Inner Unique": true, "Hash Cond": "(lineitem.l_orderkey = orders.o_orderkey), (LLVM Optimized, Jit Execute)", "Plans": [{"Node Type": "Seq Scan", "Parent Relationship": "Outer", "Relation Name": "lineitem", "Alias": "lineitem", "Startup Cost": 0.0, "Total Cost": 2165082.91, "Plan Rows": 14835209, "Plan Width": 24, "Actual Startup Time": 0.018, "Actual Total Time": 22010.703, "Actual Rows": 14808183, "Actual Loops": 1, "Filter": "(l_returnflag = 'R'::bpchar), (LLVM Optimized, Jit Execute)", "Rows Removed by Filter": 45177869}, {"Node Type": "Hash", "Parent Relationship": "Inner", "Startup Cost": 299784.84, "Total Cost": 299784.84, "Plan Rows": 575746, "Plan Width": 16, "Actual Startup Time": 1137.516, "Actual Total Time": 1137.516, "Actual Rows": 573635, "Actual Loops": 1, "Hash Buckets": 1048576, "Hash Batches": 1, "Original Hash Batches": 1, "Peak Memory Usage": 26890, "Plans": [{"Node Type": "Bitmap Heap Scan", "Parent Relationship": "Outer", "Relation Name": "orders", "Alias": "orders", "Startup Cost": 14729.65, "Total Cost": 299784.84, "Plan Rows": 575746, "Plan Width": 16, "Actual Startup Time": 246.943, "Actual Total Time": 931.513, "Actual Rows": 573635, "Actual Loops": 1, "Recheck Cond": "((o_orderdate >= '1993-08-01 00:00:00'::timestamp(0) without time zone) AND (o_orderdate < '1993-11-01 00:00:00'::timestamp without time zone)), (LLVM Optimized, Jit Execute)", "Rows Removed by Index Recheck": 0, "Exact Heap Blocks": 242860, "Lossy Heap Blocks": 242860, "Plans": [{"Node Type": "Bitmap Index Scan", "Parent Relationship": "Outer", "Index Name": "idx_orders_orderdate", "Startup Cost": 0.0, "Total Cost": 14585.71, "Plan Rows": 575746, "Plan Width": 0, "Actual Startup Time": 168.553, "Actual Total Time": 168.553, "Actual Rows": 573635, "Actual Loops": 1, "Index Cond": "((o_orderdate >= '1993-08-01 00:00:00'::timestamp(0) without time zone) AND (o_orderdate < '1993-11-01 00:00:00'::timestamp without time zone))"}]}]}]}, {"Node Type": "Hash", "Parent Relationship": "Inner", "Startup Cost": 52126.0, "Total Cost": 52126.0, "Plan Rows": 1500000, "Plan Width": 153, "Actual Startup Time": 1230.084, "Actual Total Time": 1230.084, "Actual Rows": 1500000, "Actual Loops": 1, "Hash Buckets": 2097152, "Hash Batches": 1, "Original Hash Batches": 1, "Peak Memory Usage": 282695, "Plans": [{"Node Type": "Seq Scan", "Parent Relationship": "Outer", "Relation Name": "customer", "Alias": "customer", "Startup Cost": 0.0, "Total Cost": 52126.0, "Plan Rows": 1500000, "Plan Width": 153, "Actual Startup Time": 0.017, "Actual Total Time": 575.693, "Actual Rows": 1500000, "Actual Loops": 1}]}]}, {"Node Type": "Hash", "Parent Relationship": "Inner", "Startup Cost": 1.25, "Total Cost": 1.25, "Plan Rows": 25, "Plan Width": 30, "Actual Startup Time": 0.052, "Actual Total Time": 0.052, "Actual Rows": 25, "Actual Loops": 1, "Hash Buckets": 32768, "Hash Batches": 1, "Original Hash Batches": 1, "Peak Memory Usage": 2, "Plans": [{"Node Type": "Seq Scan", "Parent Relationship": "Outer", "Relation Name": "nation", "Alias": "nation", "Startup Cost": 0.0, "Total Cost": 1.25, "Plan Rows": 25, "Plan Width": 30, "Actual Startup Time": 0.024, "Actual Total Time": 0.03, "Actual Rows": 25, "Actual Loops": 1}]}]}]}]}]}, "Triggers": [], "Planner Runtime": 1, "Total Runtime": 32220.436, "Unique SQL Id": 1604070524}}, "(64, 69)": {"explain_plan": {"Plan": {"Node Type": "Limit", "Startup Cost": 3620844.85, "Total Cost": 3620844.9, "Plan Rows": 20, "Plan Width": 199, "Plans": [{"Node Type": "Sort", "Parent Relationship": "Outer", "Startup Cost": 3620844.85, "Total Cost": 3624459.59, "Plan Rows": 20, "Plan Width": 199, "Sort Key": ["(sum((lineitem.l_extendedprice * (1::double precision - lineitem.l_discount)))) DESC"], "Plans": [{"Node Type": "Aggregate", "Strategy": "Hashed", "Parent Relationship": "Outer", "Startup Cost": 3567911.04, "Total Cost": 3582370.02, "Plan Rows": 1445898, "Plan Width": 199, "Group By Key": ["customer.c_custkey", "customer.c_name", "customer.c_acctbal", "customer.c_phone", "nation.n_name", "customer.c_address", "customer.c_comment"], "Plans": [{"Node Type": "Nested Loop", "Parent Relationship": "Outer", "Join Type": "Inner", "Startup Cost": 114257.94, "Total Cost": 3531763.59, "Plan Rows": 1445898, "Plan Width": 191, "Inner Unique": false, "Plans": [{"Node Type": "Hash Join", "Parent Relationship": "Outer", "Join Type": "Inner", "Startup Cost": 114257.94, "Total Cost": 415146.15, "Plan Rows": 575746, "Plan Width": 183, "Inner Unique": true, "Hash Cond": "(customer.c_nationkey = nation.n_nationkey), (LLVM Optimized)", "Plans": [{"Node Type": "Hash Join", "Parent Relationship": "Outer", "Join Type": "Inner", "Startup Cost": 114245.0, "Total Cost": 407216.7, "Plan Rows": 575746, "Plan Width": 161, "Inner Unique": true, "Hash Cond": "(orders.o_custkey = customer.c_custkey), (LLVM Optimized)", "Plans": [{"Node Type": "Bitmap Heap Scan", "Parent Relationship": "Outer", "Relation Name": "orders", "Alias": "orders", "Startup Cost": 14729.65, "Total Cost": 299784.84, "Plan Rows": 575746, "Plan Width": 16, "Recheck Cond": "((o_orderdate >= '1993-08-01 00:00:00'::timestamp(0) without time zone) AND (o_orderdate < '1993-11-01 00:00:00'::timestamp without time zone)), (LLVM Optimized)", "Plans": [{"Node Type": "Bitmap Index Scan", "Parent Relationship": "Outer", "Index Name": "idx_orders_orderdate", "Startup Cost": 0.0, "Total Cost": 14585.71, "Plan Rows": 575746, "Plan Width": 0, "Index Cond": "((o_orderdate >= '1993-08-01 00:00:00'::timestamp(0) without time zone) AND (o_orderdate < '1993-11-01 00:00:00'::timestamp without time zone))"}]}, {"Node Type": "Hash", "Parent Relationship": "Inner", "Startup Cost": 80765.36, "Total Cost": 80765.36, "Plan Rows": 1500000, "Plan Width": 153, "Plans": [{"Node Type": "Index Scan", "Parent Relationship": "Outer", "Scan Direction": "Forward", "Index Name": "customer_pkey", "Relation Name": "customer", "Alias": "customer", "Startup Cost": 0.0, "Total Cost": 80765.36, "Plan Rows": 1500000, "Plan Width": 153}]}]}, {"Node Type": "Hash", "Parent Relationship": "Inner", "Startup Cost": 12.62, "Total Cost": 12.62, "Plan Rows": 25, "Plan Width": 30, "Plans": [{"Node Type": "Index Scan", "Parent Relationship": "Outer", "Scan Direction": "Forward", "Index Name": "nation_pkey", "Relation Name": "nation", "Alias": "nation", "Startup Cost": 0.0, "Total Cost": 12.62, "Plan Rows": 25, "Plan Width": 30}]}]}, {"Node Type": "Index Scan", "Parent Relationship": "Inner", "Scan Direction": "Forward", "Index Name": "idx_lineitem_orderkey", "Relation Name": "lineitem", "Alias": "lineitem", "Startup Cost": 0.0, "Total Cost": 5.38, "Plan Rows": 3, "Plan Width": 24, "Index Cond": "(l_orderkey = orders.o_orderkey)", "Filter": "(l_returnflag = 'R'::bpchar)"}]}]}]}]}, "Unique SQL Id": 1604070524, "Planner Runtime": 1}, "explain_analyze_plan": {"Plan": {"Node Type": "Limit", "Startup Cost": 3620844.85, "Total Cost": 3620844.9, "Plan Rows": 20, "Plan Width": 199, "Actual Startup Time": 14387.497, "Actual Total Time": 14387.505, "Actual Rows": 20, "Actual Loops": 1, "Plans": [{"Node Type": "Sort", "Parent Relationship": "Outer", "Startup Cost": 3620844.85, "Total Cost": 3624459.59, "Plan Rows": 20, "Plan Width": 199, "Actual Startup Time": 14387.494, "Actual Total Time": 14387.499, "Actual Rows": 20, "Actual Loops": 1, "Sort Key": ["(sum((lineitem.l_extendedprice * (1::double precision - lineitem.l_discount)))) DESC"], "Sort Method": "top-N heapsort", "Sort Space Used": 35, "Sort Space Type": "Memory", "Plans": [{"Node Type": "Aggregate", "Strategy": "Hashed", "Parent Relationship": "Outer", "Startup Cost": 3567911.04, "Total Cost": 3582370.02, "Plan Rows": 1445898, "Plan Width": 199, "Actual Startup Time": 13987.265, "Actual Total Time": 14250.402, "Actual Rows": 381542, "Actual Loops": 1, "Group By Key": ["customer.c_custkey", "customer.c_name", "customer.c_acctbal", "customer.c_phone", "nation.n_name", "customer.c_address", "customer.c_comment"], "Plans": [{"Node Type": "Nested Loop", "Parent Relationship": "Outer", "Join Type": "Inner", "Startup Cost": 114257.94, "Total Cost": 3531763.59, "Plan Rows": 1445898, "Plan Width": 191, "Actual Startup Time": 2091.725, "Actual Total Time": 12053.267, "Actual Rows": 1145969, "Actual Loops": 1, "Inner Unique": false, "Plans": [{"Node Type": "Hash Join", "Parent Relationship": "Outer", "Join Type": "Inner", "Startup Cost": 114257.94, "Total Cost": 415146.15, "Plan Rows": 575746, "Plan Width": 183, "Actual Startup Time": 2091.656, "Actual Total Time": 3938.306, "Actual Rows": 573635, "Actual Loops": 1, "Inner Unique": true, "Hash Cond": "(customer.c_nationkey = nation.n_nationkey), (LLVM Optimized, Jit Execute)", "Plans": [{"Node Type": "Hash Join", "Parent Relationship": "Outer", "Join Type": "Inner", "Startup Cost": 114245.0, "Total Cost": 407216.7, "Plan Rows": 575746, "Plan Width": 161, "Actual Startup Time": 2091.556, "Actual Total Time": 3685.233, "Actual Rows": 573635, "Actual Loops": 1, "Inner Unique": true, "Hash Cond": "(orders.o_custkey = customer.c_custkey), (LLVM Optimized, Jit Execute)", "Plans": [{"Node Type": "Bitmap Heap Scan", "Parent Relationship": "Outer", "Relation Name": "orders", "Alias": "orders", "Startup Cost": 14729.65, "Total Cost": 299784.84, "Plan Rows": 575746, "Plan Width": 16, "Actual Startup Time": 240.308, "Actual Total Time": 1136.103, "Actual Rows": 573635, "Actual Loops": 1, "Recheck Cond": "((o_orderdate >= '1993-08-01 00:00:00'::timestamp(0) without time zone) AND (o_orderdate < '1993-11-01 00:00:00'::timestamp without time zone)), (LLVM Optimized, Jit Execute)", "Rows Removed by Index Recheck": 0, "Exact Heap Blocks": 242860, "Lossy Heap Blocks": 242860, "Plans": [{"Node Type": "Bitmap Index Scan", "Parent Relationship": "Outer", "Index Name": "idx_orders_orderdate", "Startup Cost": 0.0, "Total Cost": 14585.71, "Plan Rows": 575746, "Plan Width": 0, "Actual Startup Time": 165.971, "Actual Total Time": 165.971, "Actual Rows": 573635, "Actual Loops": 1, "Index Cond": "((o_orderdate >= '1993-08-01 00:00:00'::timestamp(0) without time zone) AND (o_orderdate < '1993-11-01 00:00:00'::timestamp without time zone))"}]}, {"Node Type": "Hash", "Parent Relationship": "Inner", "Startup Cost": 80765.36, "Total Cost": 80765.36, "Plan Rows": 1500000, "Plan Width": 153, "Actual Startup Time": 1849.875, "Actual Total Time": 1849.875, "Actual Rows": 1500000, "Actual Loops": 1, "Hash Buckets": 2097152, "Hash Batches": 1, "Original Hash Batches": 1, "Peak Memory Usage": 282695, "Plans": [{"Node Type": "Index Scan", "Parent Relationship": "Outer", "Scan Direction": "Forward", "Index Name": "customer_pkey", "Relation Name": "customer", "Alias": "customer", "Startup Cost": 0.0, "Total Cost": 80765.36, "Plan Rows": 1500000, "Plan Width": 153, "Actual Startup Time": 0.051, "Actual Total Time": 1179.927, "Actual Rows": 1500000, "Actual Loops": 1}]}]}, {"Node Type": "Hash", "Parent Relationship": "Inner", "Startup Cost": 12.62, "Total Cost": 12.62, "Plan Rows": 25, "Plan Width": 30, "Actual Startup Time": 0.055, "Actual Total Time": 0.055, "Actual Rows": 25, "Actual Loops": 1, "Hash Buckets": 32768, "Hash Batches": 1, "Original Hash Batches": 1, "Peak Memory Usage": 2, "Plans": [{"Node Type": "Index Scan", "Parent Relationship": "Outer", "Scan Direction": "Forward", "Index Name": "nation_pkey", "Relation Name": "nation", "Alias": "nation", "Startup Cost": 0.0, "Total Cost": 12.62, "Plan Rows": 25, "Plan Width": 30, "Actual Startup Time": 0.021, "Actual Total Time": 0.035, "Actual Rows": 25, "Actual Loops": 1}]}]}, {"Node Type": "Index Scan", "Parent Relationship": "Inner", "Scan Direction": "Forward", "Index Name": "idx_lineitem_orderkey", "Relation Name": "lineitem", "Alias": "lineitem", "Startup Cost": 0.0, "Total Cost": 5.38, "Plan Rows": 3, "Plan Width": 24, "Actual Startup Time": 6106.588, "Actual Total Time": 7464.333, "Actual Rows": 1145969, "Actual Loops": 573635, "Index Cond": "(l_orderkey = orders.o_orderkey)", "Rows Removed by Index Recheck": 0, "Filter": "(l_returnflag = 'R'::bpchar)", "Rows Removed by Filter": 1146896}]}]}]}]}, "Triggers": [], "Planner Runtime": 1, "Total Runtime": 14398.213, "Unique SQL Id": 1604070524}}, "(64, 70)": {"explain_plan": {"Plan": {"Node Type": "Limit", "Startup Cost": 2741876.6, "Total Cost": 2741876.65, "Plan Rows": 20, "Plan Width": 199, "Plans": [{"Node Type": "Sort", "Parent Relationship": "Outer", "Startup Cost": 2741876.6, "Total Cost": 2745491.35, "Plan Rows": 20, "Plan Width": 199, "Sort Key": ["(sum((lineitem.l_extendedprice * (1::double precision - lineitem.l_discount)))) DESC"], "Plans": [{"Node Type": "Aggregate", "Strategy": "Hashed", "Parent Relationship": "Outer", "Startup Cost": 2688942.8, "Total Cost": 2703401.78, "Plan Rows": 1445898, "Plan Width": 199, "Group By Key": ["customer.c_custkey", "customer.c_name", "customer.c_acctbal", "customer.c_phone", "nation.n_name", "customer.c_address", "customer.c_comment"], "Plans": [{"Node Type": "Hash Join", "Parent Relationship": "Outer", "Join Type": "Inner", "Startup Cost": 377859.22, "Total Cost": 2652795.35, "Plan Rows": 1445898, "Plan Width": 191, "Inner Unique": true, "Hash Cond": "(customer.c_nationkey = nation.n_nationkey), (LLVM Optimized)", "Plans": [{"Node Type": "Hash Join", "Parent Relationship": "Outer", "Join Type": "Inner", "Startup Cost": 377857.66, "Total Cost": 2632912.69, "Plan Rows": 1445898, "Plan Width": 169, "Inner Unique": true, "Hash Cond": "(orders.o_custkey = customer.c_custkey), (LLVM Optimized)", "Plans": [{"Node Type": "Hash Join", "Parent Relationship": "Outer", "Join Type": "Inner", "Startup Cost": 306981.66, "Total Cost": 2542155.59, "Plan Rows": 1445898, "Plan Width": 24, "Inner Unique": true, "Hash Cond": "(lineitem.l_orderkey = orders.o_orderkey), (LLVM Optimized)", "Plans": [{"Node Type": "Seq Scan", "Parent Relationship": "Outer", "Relation Name": "lineitem", "Alias": "lineitem", "Startup Cost": 0.0, "Total Cost": 2165082.91, "Plan Rows": 14835209, "Plan Width": 24, "Filter": "(l_returnflag = 'R'::bpchar), (LLVM Optimized)"}, {"Node Type": "Hash", "Parent Relationship": "Inner", "Startup Cost": 299784.84, "Total Cost": 299784.84, "Plan Rows": 575746, "Plan Width": 16, "Plans": [{"Node Type": "Bitmap Heap Scan", "Parent Relationship": "Outer", "Relation Name": "orders", "Alias": "orders", "Startup Cost": 14729.65, "Total Cost": 299784.84, "Plan Rows": 575746, "Plan Width": 16, "Recheck Cond": "((o_orderdate >= '1993-08-01 00:00:00'::timestamp(0) without time zone) AND (o_orderdate < '1993-11-01 00:00:00'::timestamp without time zone)), (LLVM Optimized)", "Plans": [{"Node Type": "Bitmap Index Scan", "Parent Relationship": "Outer", "Index Name": "idx_orders_orderdate", "Startup Cost": 0.0, "Total Cost": 14585.71, "Plan Rows": 575746, "Plan Width": 0, "Index Cond": "((o_orderdate >= '1993-08-01 00:00:00'::timestamp(0) without time zone) AND (o_orderdate < '1993-11-01 00:00:00'::timestamp without time zone))"}]}]}]}, {"Node Type": "Hash", "Parent Relationship": "Inner", "Startup Cost": 52126.0, "Total Cost": 52126.0, "Plan Rows": 1500000, "Plan Width": 153, "Plans": [{"Node Type": "Seq Scan", "Parent Relationship": "Outer", "Relation Name": "customer", "Alias": "customer", "Startup Cost": 0.0, "Total Cost": 52126.0, "Plan Rows": 1500000, "Plan Width": 153}]}]}, {"Node Type": "Hash", "Parent Relationship": "Inner", "Startup Cost": 1.25, "Total Cost": 1.25, "Plan Rows": 25, "Plan Width": 30, "Plans": [{"Node Type": "Seq Scan", "Parent Relationship": "Outer", "Relation Name": "nation", "Alias": "nation", "Startup Cost": 0.0, "Total Cost": 1.25, "Plan Rows": 25, "Plan Width": 30}]}]}]}]}]}, "Unique SQL Id": 1604070524, "Planner Runtime": 1}, "explain_analyze_plan": {"Plan": {"Node Type": "Limit", "Startup Cost": 2741876.6, "Total Cost": 2741876.65, "Plan Rows": 20, "Plan Width": 199, "Actual Startup Time": 32209.202, "Actual Total Time": 32209.207, "Actual Rows": 20, "Actual Loops": 1, "Plans": [{"Node Type": "Sort", "Parent Relationship": "Outer", "Startup Cost": 2741876.6, "Total Cost": 2745491.35, "Plan Rows": 20, "Plan Width": 199, "Actual Startup Time": 32209.199, "Actual Total Time": 32209.201, "Actual Rows": 20, "Actual Loops": 1, "Sort Key": ["(sum((lineitem.l_extendedprice * (1::double precision - lineitem.l_discount)))) DESC"], "Sort Method": "top-N heapsort", "Sort Space Used": 35, "Sort Space Type": "Memory", "Plans": [{"Node Type": "Aggregate", "Strategy": "Hashed", "Parent Relationship": "Outer", "Startup Cost": 2688942.8, "Total Cost": 2703401.78, "Plan Rows": 1445898, "Plan Width": 199, "Actual Startup Time": 31864.123, "Actual Total Time": 32074.823, "Actual Rows": 381542, "Actual Loops": 1, "Group By Key": ["customer.c_custkey", "customer.c_name", "customer.c_acctbal", "customer.c_phone", "nation.n_name", "customer.c_address", "customer.c_comment"], "Plans": [{"Node Type": "Hash Join", "Parent Relationship": "Outer", "Join Type": "Inner", "Startup Cost": 377859.22, "Total Cost": 2652795.35, "Plan Rows": 1445898, "Plan Width": 191, "Actual Startup Time": 2369.806, "Actual Total Time": 30028.378, "Actual Rows": 1145969, "Actual Loops": 1, "Inner Unique": true, "Hash Cond": "(customer.c_nationkey = nation.n_nationkey), (LLVM Optimized, Jit Execute)", "Plans": [{"Node Type": "Hash Join", "Parent Relationship": "Outer", "Join Type": "Inner", "Startup Cost": 377857.66, "Total Cost": 2632912.69, "Plan Rows": 1445898, "Plan Width": 169, "Actual Startup Time": 2369.707, "Actual Total Time": 29557.817, "Actual Rows": 1145969, "Actual Loops": 1, "Inner Unique": true, "Hash Cond": "(orders.o_custkey = customer.c_custkey), (LLVM Optimized, Jit Execute)", "Plans": [{"Node Type": "Hash Join", "Parent Relationship": "Outer", "Join Type": "Inner", "Startup Cost": 306981.66, "Total Cost": 2542155.59, "Plan Rows": 1445898, "Plan Width": 24, "Actual Startup Time": 1138.289, "Actual Total Time": 27567.336, "Actual Rows": 1145969, "Actual Loops": 1, "Inner Unique": true, "Hash Cond": "(lineitem.l_orderkey = orders.o_orderkey), (LLVM Optimized, Jit Execute)", "Plans": [{"Node Type": "Seq Scan", "Parent Relationship": "Outer", "Relation Name": "lineitem", "Alias": "lineitem", "Startup Cost": 0.0, "Total Cost": 2165082.91, "Plan Rows": 14835209, "Plan Width": 24, "Actual Startup Time": 0.018, "Actual Total Time": 22010.703, "Actual Rows": 14808183, "Actual Loops": 1, "Filter": "(l_returnflag = 'R'::bpchar), (LLVM Optimized, Jit Execute)", "Rows Removed by Filter": 45177869}, {"Node Type": "Hash", "Parent Relationship": "Inner", "Startup Cost": 299784.84, "Total Cost": 299784.84, "Plan Rows": 575746, "Plan Width": 16, "Actual Startup Time": 1137.516, "Actual Total Time": 1137.516, "Actual Rows": 573635, "Actual Loops": 1, "Hash Buckets": 1048576, "Hash Batches": 1, "Original Hash Batches": 1, "Peak Memory Usage": 26890, "Plans": [{"Node Type": "Bitmap Heap Scan", "Parent Relationship": "Outer", "Relation Name": "orders", "Alias": "orders", "Startup Cost": 14729.65, "Total Cost": 299784.84, "Plan Rows": 575746, "Plan Width": 16, "Actual Startup Time": 246.943, "Actual Total Time": 931.513, "Actual Rows": 573635, "Actual Loops": 1, "Recheck Cond": "((o_orderdate >= '1993-08-01 00:00:00'::timestamp(0) without time zone) AND (o_orderdate < '1993-11-01 00:00:00'::timestamp without time zone)), (LLVM Optimized, Jit Execute)", "Rows Removed by Index Recheck": 0, "Exact Heap Blocks": 242860, "Lossy Heap Blocks": 242860, "Plans": [{"Node Type": "Bitmap Index Scan", "Parent Relationship": "Outer", "Index Name": "idx_orders_orderdate", "Startup Cost": 0.0, "Total Cost": 14585.71, "Plan Rows": 575746, "Plan Width": 0, "Actual Startup Time": 168.553, "Actual Total Time": 168.553, "Actual Rows": 573635, "Actual Loops": 1, "Index Cond": "((o_orderdate >= '1993-08-01 00:00:00'::timestamp(0) without time zone) AND (o_orderdate < '1993-11-01 00:00:00'::timestamp without time zone))"}]}]}]}, {"Node Type": "Hash", "Parent Relationship": "Inner", "Startup Cost": 52126.0, "Total Cost": 52126.0, "Plan Rows": 1500000, "Plan Width": 153, "Actual Startup Time": 1230.084, "Actual Total Time": 1230.084, "Actual Rows": 1500000, "Actual Loops": 1, "Hash Buckets": 2097152, "Hash Batches": 1, "Original Hash Batches": 1, "Peak Memory Usage": 282695, "Plans": [{"Node Type": "Seq Scan", "Parent Relationship": "Outer", "Relation Name": "customer", "Alias": "customer", "Startup Cost": 0.0, "Total Cost": 52126.0, "Plan Rows": 1500000, "Plan Width": 153, "Actual Startup Time": 0.017, "Actual Total Time": 575.693, "Actual Rows": 1500000, "Actual Loops": 1}]}]}, {"Node Type": "Hash", "Parent Relationship": "Inner", "Startup Cost": 1.25, "Total Cost": 1.25, "Plan Rows": 25, "Plan Width": 30, "Actual Startup Time": 0.052, "Actual Total Time": 0.052, "Actual Rows": 25, "Actual Loops": 1, "Hash Buckets": 32768, "Hash Batches": 1, "Original Hash Batches": 1, "Peak Memory Usage": 2, "Plans": [{"Node Type": "Seq Scan", "Parent Relationship": "Outer", "Relation Name": "nation", "Alias": "nation", "Startup Cost": 0.0, "Total Cost": 1.25, "Plan Rows": 25, "Plan Width": 30, "Actual Startup Time": 0.024, "Actual Total Time": 0.03, "Actual Rows": 25, "Actual Loops": 1}]}]}]}]}]}, "Triggers": [], "Planner Runtime": 1, "Total Runtime": 32220.436, "Unique SQL Id": 1604070524}}, "(64, 71)": {"explain_plan": {"Plan": {"Node Type": "Limit", "Startup Cost": 13443415.76, "Total Cost": 13443415.81, "Plan Rows": 20, "Plan Width": 199, "Plans": [{"Node Type": "Sort", "Parent Relationship": "Outer", "Startup Cost": 13443415.76, "Total Cost": 13447030.51, "Plan Rows": 20, "Plan Width": 199, "Sort Key": ["(sum((lineitem.l_extendedprice * (1::double precision - lineitem.l_discount)))) DESC"], "Plans": [{"Node Type": "Aggregate", "Strategy": "Hashed", "Parent Relationship": "Outer", "Startup Cost": 13390481.96, "Total Cost": 13404940.94, "Plan Rows": 1445898, "Plan Width": 199, "Group By Key": ["customer.c_custkey", "customer.c_name", "customer.c_acctbal", "customer.c_phone", "nation.n_name", "customer.c_address", "customer.c_comment"], "Plans": [{"Node Type": "Nested Loop", "Parent Relationship": "Outer", "Join Type": "Inner", "Startup Cost": 14732.12, "Total Cost": 13354334.51, "Plan Rows": 1445898, "Plan Width": 191, "Inner Unique": false, "Plans": [{"Node Type": "Nested Loop", "Parent Relationship": "Outer", "Join Type": "Inner", "Startup Cost": 14730.2, "Total Cost": 5249597.54, "Plan Rows": 575746, "Plan Width": 183, "Inner Unique": true, "Plans": [{"Node Type": "Nested Loop", "Parent Relationship": "Outer", "Join Type": "Inner", "Startup Cost": 14729.94, "Total Cost": 2785257.65, "Plan Rows": 575746, "Plan Width": 161, "Inner Unique": true, "Plans": [{"Node Type": "Bitmap Heap Scan", "Parent Relationship": "Outer", "Relation Name": "orders", "Alias": "orders", "Startup Cost": 14729.65, "Total Cost": 299784.84, "Plan Rows": 575746, "Plan Width": 16, "Recheck Cond": "((o_orderdate >= '1993-08-01 00:00:00'::timestamp(0) without time zone) AND (o_orderdate < '1993-11-01 00:00:00'::timestamp without time zone)), (LLVM Optimized)", "Plans": [{"Node Type": "Bitmap Index Scan", "Parent Relationship": "Outer", "Index Name": "idx_orders_orderdate", "Startup Cost": 0.0, "Total Cost": 14585.71, "Plan Rows": 575746, "Plan Width": 0, "Index Cond": "((o_orderdate >= '1993-08-01 00:00:00'::timestamp(0) without time zone) AND (o_orderdate < '1993-11-01 00:00:00'::timestamp without time zone))"}]}, {"Node Type": "Bitmap Heap Scan", "Parent Relationship": "Inner", "Relation Name": "customer", "Alias": "customer", "Startup Cost": 0.29, "Total Cost": 4.31, "Plan Rows": 1, "Plan Width": 153, "Recheck Cond": "(c_custkey = orders.o_custkey)", "Plans": [{"Node Type": "Bitmap Index Scan", "Parent Relationship": "Outer", "Index Name": "customer_pkey", "Startup Cost": 0.0, "Total Cost": 0.29, "Plan Rows": 1, "Plan Width": 0, "Index Cond": "(c_custkey = orders.o_custkey)"}]}]}, {"Node Type": "Bitmap Heap Scan", "Parent Relationship": "Inner", "Relation Name": "nation", "Alias": "nation", "Startup Cost": 0.26, "Total Cost": 4.27, "Plan Rows": 1, "Plan Width": 30, "Recheck Cond": "(n_nationkey = customer.c_nationkey)", "Plans": [{"Node Type": "Bitmap Index Scan", "Parent Relationship": "Outer", "Index Name": "nation_pkey", "Startup Cost": 0.0, "Total Cost": 0.26, "Plan Rows": 1, "Plan Width": 0, "Index Cond": "(n_nationkey = customer.c_nationkey)"}]}]}, {"Node Type": "Bitmap Heap Scan", "Parent Relationship": "Inner", "Relation Name": "lineitem", "Alias": "lineitem", "Startup Cost": 1.93, "Total Cost": 14.05, "Plan Rows": 3, "Plan Width": 24, "Recheck Cond": "(l_orderkey = orders.o_orderkey)", "Filter": "(l_returnflag = 'R'::bpchar)", "Plans": [{"Node Type": "Bitmap Index Scan", "Parent Relationship": "Outer", "Index Name": "idx_lineitem_orderkey", "Startup Cost": 0.0, "Total Cost": 1.92, "Plan Rows": 9, "Plan Width": 0, "Index Cond": "(l_orderkey = orders.o_orderkey)"}]}]}]}]}]}, "Unique SQL Id": 1604070524, "Planner Runtime": 1}, "explain_analyze_plan": {"Plan": {"Node Type": "Limit", "Startup Cost": 13443415.76, "Total Cost": 13443415.81, "Plan Rows": 20, "Plan Width": 199, "Actual Startup Time": 16957.333, "Actual Total Time": 16957.341, "Actual Rows": 20, "Actual Loops": 1, "Plans": [{"Node Type": "Sort", "Parent Relationship": "Outer", "Startup Cost": 13443415.76, "Total Cost": 13447030.51, "Plan Rows": 20, "Plan Width": 199, "Actual Startup Time": 16957.329, "Actual Total Time": 16957.334, "Actual Rows": 20, "Actual Loops": 1, "Sort Key": ["(sum((lineitem.l_extendedprice * (1::double precision - lineitem.l_discount)))) DESC"], "Sort Method": "top-N heapsort", "Sort Space Used": 35, "Sort Space Type": "Memory", "Plans": [{"Node Type": "Aggregate", "Strategy": "Hashed", "Parent Relationship": "Outer", "Startup Cost": 13390481.96, "Total Cost": 13404940.94, "Plan Rows": 1445898, "Plan Width": 199, "Actual Startup Time": 16583.968, "Actual Total Time": 16822.306, "Actual Rows": 381542, "Actual Loops": 1, "Group By Key": ["customer.c_custkey", "customer.c_name", "customer.c_acctbal", "customer.c_phone", "nation.n_name", "customer.c_address", "customer.c_comment"], "Plans": [{"Node Type": "Nested Loop", "Parent Relationship": "Outer", "Join Type": "Inner", "Startup Cost": 14732.12, "Total Cost": 13354334.51, "Plan Rows": 1445898, "Plan Width": 191, "Actual Startup Time": 241.783, "Actual Total Time": 14652.01, "Actual Rows": 1145969, "Actual Loops": 1, "Inner Unique": false, "Plans": [{"Node Type": "Nested Loop", "Parent Relationship": "Outer", "Join Type": "Inner", "Startup Cost": 14730.2, "Total Cost": 5249597.54, "Plan Rows": 575746, "Plan Width": 183, "Actual Startup Time": 241.73, "Actual Total Time": 8212.424, "Actual Rows": 573635, "Actual Loops": 1, "Inner Unique": true, "Plans": [{"Node Type": "Nested Loop", "Parent Relationship": "Outer", "Join Type": "Inner", "Startup Cost": 14729.94, "Total Cost": 2785257.65, "Plan Rows": 575746, "Plan Width": 161, "Actual Startup Time": 241.696, "Actual Total Time": 6036.117, "Actual Rows": 573635, "Actual Loops": 1, "Inner Unique": true, "Plans": [{"Node Type": "Bitmap Heap Scan", "Parent Relationship": "Outer", "Relation Name": "orders", "Alias": "orders", "Startup Cost": 14729.65, "Total Cost": 299784.84, "Plan Rows": 575746, "Plan Width": 16, "Actual Startup Time": 241.45, "Actual Total Time": 1047.688, "Actual Rows": 573635, "Actual Loops": 1, "Recheck Cond": "((o_orderdate >= '1993-08-01 00:00:00'::timestamp(0) without time zone) AND (o_orderdate < '1993-11-01 00:00:00'::timestamp without time zone)), (LLVM Optimized, Jit Execute)", "Rows Removed by Index Recheck": 0, "Exact Heap Blocks": 242860, "Lossy Heap Blocks": 242860, "Plans": [{"Node Type": "Bitmap Index Scan", "Parent Relationship": "Outer", "Index Name": "idx_orders_orderdate", "Startup Cost": 0.0, "Total Cost": 14585.71, "Plan Rows": 575746, "Plan Width": 0, "Actual Startup Time": 167.064, "Actual Total Time": 167.064, "Actual Rows": 573635, "Actual Loops": 1, "Index Cond": "((o_orderdate >= '1993-08-01 00:00:00'::timestamp(0) without time zone) AND (o_orderdate < '1993-11-01 00:00:00'::timestamp without time zone))"}]}, {"Node Type": "Bitmap Heap Scan", "Parent Relationship": "Inner", "Relation Name": "customer", "Alias": "customer", "Startup Cost": 0.29, "Total Cost": 4.31, "Plan Rows": 1, "Plan Width": 153, "Actual Startup Time": 4129.14, "Actual Total Time": 4129.14, "Actual Rows": 573635, "Actual Loops": 573635, "Recheck Cond": "(c_custkey = orders.o_custkey)", "Rows Removed by Index Recheck": 0, "Exact Heap Blocks": 573635, "Lossy Heap Blocks": 573635, "Plans": [{"Node Type": "Bitmap Index Scan", "Parent Relationship": "Outer", "Index Name": "customer_pkey", "Startup Cost": 0.0, "Total Cost": 0.29, "Plan Rows": 1, "Plan Width": 0, "Actual Startup Time": 2565.96, "Actual Total Time": 2565.96, "Actual Rows": 573635, "Actual Loops": 573635, "Index Cond": "(c_custkey = orders.o_custkey)"}]}]}, {"Node Type": "Bitmap Heap Scan", "Parent Relationship": "Inner", "Relation Name": "nation", "Alias": "nation", "Startup Cost": 0.26, "Total Cost": 4.27, "Plan Rows": 1, "Plan Width": 30, "Actual Startup Time": 1398.487, "Actual Total Time": 1398.487, "Actual Rows": 573635, "Actual Loops": 573635, "Recheck Cond": "(n_nationkey = customer.c_nationkey)", "Rows Removed by Index Recheck": 0, "Exact Heap Blocks": 573635, "Lossy Heap Blocks": 573635, "Plans": [{"Node Type": "Bitmap Index Scan", "Parent Relationship": "Outer", "Index Name": "nation_pkey", "Startup Cost": 0.0, "Total Cost": 0.26, "Plan Rows": 1, "Plan Width": 0, "Actual Startup Time": 610.04, "Actual Total Time": 610.04, "Actual Rows": 573635, "Actual Loops": 573635, "Index Cond": "(n_nationkey = customer.c_nationkey)"}]}]}, {"Node Type": "Bitmap Heap Scan", "Parent Relationship": "Inner", "Relation Name": "lineitem", "Alias": "lineitem", "Startup Cost": 1.93, "Total Cost": 14.05, "Plan Rows": 3, "Plan Width": 24, "Actual Startup Time": 4947.793, "Actual Total Time": 5480.067, "Actual Rows": 1145969, "Actual Loops": 573635, "Recheck Cond": "(l_orderkey = orders.o_orderkey)", "Rows Removed by Index Recheck": 0, "Filter": "(l_returnflag = 'R'::bpchar)", "Rows Removed by Filter": 1146896, "Exact Heap Blocks": 614400, "Lossy Heap Blocks": 614400, "Plans": [{"Node Type": "Bitmap Index Scan", "Parent Relationship": "Outer", "Index Name": "idx_lineitem_orderkey", "Startup Cost": 0.0, "Total Cost": 1.92, "Plan Rows": 9, "Plan Width": 0, "Actual Startup Time": 2505.557, "Actual Total Time": 2505.557, "Actual Rows": 2292865, "Actual Loops": 573635, "Index Cond": "(l_orderkey = orders.o_orderkey)"}]}]}]}]}]}, "Triggers": [], "Planner Runtime": 0, "Total Runtime": 16967.566, "Unique SQL Id": 1604070524}}, "(64, 72)": {"explain_plan": {"Plan": {"Node Type": "Limit", "Startup Cost": 2943502.95, "Total Cost": 2943503.0, "Plan Rows": 20, "Plan Width": 199, "Plans": [{"Node Type": "Sort", "Parent Relationship": "Outer", "Startup Cost": 2943502.95, "Total Cost": 2947117.69, "Plan Rows": 20, "Plan Width": 199, "Sort Key": ["(sum((lineitem.l_extendedprice * (1::double precision - lineitem.l_discount)))) DESC"], "Plans": [{"Node Type": "Aggregate", "Strategy": "Hashed", "Parent Relationship": "Outer", "Startup Cost": 2890569.14, "Total Cost": 2905028.12, "Plan Rows": 1445898, "Plan Width": 199, "Group By Key": ["customer.c_custkey", "customer.c_name", "customer.c_acctbal", "customer.c_phone", "nation.n_name", "customer.c_address", "customer.c_comment"], "Plans": [{"Node Type": "Hash Join", "Parent Relationship": "Outer", "Join Type": "Inner", "Startup Cost": 579485.57, "Total Cost": 2854421.69, "Plan Rows": 1445898, "Plan Width": 191, "Inner Unique": true, "Hash Cond": "(customer.c_nationkey = nation.n_nationkey), (LLVM Optimized)", "Plans": [{"Node Type": "Hash Join", "Parent Relationship": "Outer", "Join Type": "Inner", "Startup Cost": 579484.01, "Total Cost": 2834539.03, "Plan Rows": 1445898, "Plan Width": 169, "Inner Unique": true, "Hash Cond": "(orders.o_custkey = customer.c_custkey), (LLVM Optimized)", "Plans": [{"Node Type": "Hash Join", "Parent Relationship": "Outer", "Join Type": "Inner", "Startup Cost": 508608.01, "Total Cost": 2743781.94, "Plan Rows": 1445898, "Plan Width": 24, "Inner Unique": true, "Hash Cond": "(lineitem.l_orderkey = orders.o_orderkey), (LLVM Optimized)", "Plans": [{"Node Type": "Seq Scan", "Parent Relationship": "Outer", "Relation Name": "lineitem", "Alias": "lineitem", "Startup Cost": 0.0, "Total Cost": 2165082.91, "Plan Rows": 14835209, "Plan Width": 24, "Filter": "(l_returnflag = 'R'::bpchar), (LLVM Optimized)"}, {"Node Type": "Hash", "Parent Relationship": "Inner", "Startup Cost": 501411.18, "Total Cost": 501411.18, "Plan Rows": 575746, "Plan Width": 16, "Plans": [{"Node Type": "Seq Scan", "Parent Relationship": "Outer", "Relation Name": "orders", "Alias": "orders", "Startup Cost": 578.97, "Total Cost": 501411.18, "Plan Rows": 575746, "Plan Width": 16, "Filter": "((o_orderdate >= '1993-08-01 00:00:00'::timestamp(0) without time zone) AND (o_orderdate < '1993-11-01 00:00:00'::timestamp without time zone)), (LLVM Optimized)"}]}]}, {"Node Type": "Hash", "Parent Relationship": "Inner", "Startup Cost": 52126.0, "Total Cost": 52126.0, "Plan Rows": 1500000, "Plan Width": 153, "Plans": [{"Node Type": "Seq Scan", "Parent Relationship": "Outer", "Relation Name": "customer", "Alias": "customer", "Startup Cost": 0.0, "Total Cost": 52126.0, "Plan Rows": 1500000, "Plan Width": 153}]}]}, {"Node Type": "Hash", "Parent Relationship": "Inner", "Startup Cost": 1.25, "Total Cost": 1.25, "Plan Rows": 25, "Plan Width": 30, "Plans": [{"Node Type": "Seq Scan", "Parent Relationship": "Outer", "Relation Name": "nation", "Alias": "nation", "Startup Cost": 0.0, "Total Cost": 1.25, "Plan Rows": 25, "Plan Width": 30}]}]}]}]}]}, "Unique SQL Id": 1604070524, "Planner Runtime": 1}, "explain_analyze_plan": {"Plan": {"Node Type": "Limit", "Startup Cost": 2943502.95, "Total Cost": 2943503.0, "Plan Rows": 20, "Plan Width": 199, "Actual Startup Time": 36920.501, "Actual Total Time": 36920.507, "Actual Rows": 20, "Actual Loops": 1, "Plans": [{"Node Type": "Sort", "Parent Relationship": "Outer", "Startup Cost": 2943502.95, "Total Cost": 2947117.69, "Plan Rows": 20, "Plan Width": 199, "Actual Startup Time": 36920.499, "Actual Total Time": 36920.503, "Actual Rows": 20, "Actual Loops": 1, "Sort Key": ["(sum((lineitem.l_extendedprice * (1::double precision - lineitem.l_discount)))) DESC"], "Sort Method": "top-N heapsort", "Sort Space Used": 35, "Sort Space Type": "Memory", "Plans": [{"Node Type": "Aggregate", "Strategy": "Hashed", "Parent Relationship": "Outer", "Startup Cost": 2890569.14, "Total Cost": 2905028.12, "Plan Rows": 1445898, "Plan Width": 199, "Actual Startup Time": 36545.483, "Actual Total Time": 36785.555, "Actual Rows": 381542, "Actual Loops": 1, "Group By Key": ["customer.c_custkey", "customer.c_name", "customer.c_acctbal", "customer.c_phone", "nation.n_name", "customer.c_address", "customer.c_comment"], "Plans": [{"Node Type": "Hash Join", "Parent Relationship": "Outer", "Join Type": "Inner", "Startup Cost": 579485.57, "Total Cost": 2854421.69, "Plan Rows": 1445898, "Plan Width": 191, "Actual Startup Time": 6881.164, "Actual Total Time": 34691.279, "Actual Rows": 1145969, "Actual Loops": 1, "Inner Unique": true, "Hash Cond": "(customer.c_nationkey = nation.n_nationkey), (LLVM Optimized, Jit Execute)", "Plans": [{"Node Type": "Hash Join", "Parent Relationship": "Outer", "Join Type": "Inner", "Startup Cost": 579484.01, "Total Cost": 2834539.03, "Plan Rows": 1445898, "Plan Width": 169, "Actual Startup Time": 6881.038, "Actual Total Time": 34222.051, "Actual Rows": 1145969, "Actual Loops": 1, "Inner Unique": true, "Hash Cond": "(orders.o_custkey = customer.c_custkey), (LLVM Optimized, Jit Execute)", "Plans": [{"Node Type": "Hash Join", "Parent Relationship": "Outer", "Join Type": "Inner", "Startup Cost": 508608.01, "Total Cost": 2743781.94, "Plan Rows": 1445898, "Plan Width": 24, "Actual Startup Time": 5638.194, "Actual Total Time": 32187.007, "Actual Rows": 1145969, "Actual Loops": 1, "Inner Unique": true, "Hash Cond": "(lineitem.l_orderkey = orders.o_orderkey), (LLVM Optimized, Jit Execute)", "Plans": [{"Node Type": "Seq Scan", "Parent Relationship": "Outer", "Relation Name": "lineitem", "Alias": "lineitem", "Startup Cost": 0.0, "Total Cost": 2165082.91, "Plan Rows": 14835209, "Plan Width": 24, "Actual Startup Time": 0.023, "Actual Total Time": 21948.455, "Actual Rows": 14808183, "Actual Loops": 1, "Filter": "(l_returnflag = 'R'::bpchar), (LLVM Optimized, Jit Execute)", "Rows Removed by Filter": 45177869}, {"Node Type": "Hash", "Parent Relationship": "Inner", "Startup Cost": 501411.18, "Total Cost": 501411.18, "Plan Rows": 575746, "Plan Width": 16, "Actual Startup Time": 5637.479, "Actual Total Time": 5637.479, "Actual Rows": 573635, "Actual Loops": 1, "Hash Buckets": 1048576, "Hash Batches": 1, "Original Hash Batches": 1, "Peak Memory Usage": 26890, "Plans": [{"Node Type": "Seq Scan", "Parent Relationship": "Outer", "Relation Name": "orders", "Alias": "orders", "Startup Cost": 578.97, "Total Cost": 501411.18, "Plan Rows": 575746, "Plan Width": 16, "Actual Startup Time": 0.025, "Actual Total Time": 5354.546, "Actual Rows": 573635, "Actual Loops": 1, "Filter": "((o_orderdate >= '1993-08-01 00:00:00'::timestamp(0) without time zone) AND (o_orderdate < '1993-11-01 00:00:00'::timestamp without time zone)), (LLVM Optimized, Jit Execute)", "Rows Removed by Filter": 14426365}]}]}, {"Node Type": "Hash", "Parent Relationship": "Inner", "Startup Cost": 52126.0, "Total Cost": 52126.0, "Plan Rows": 1500000, "Plan Width": 153, "Actual Startup Time": 1241.53, "Actual Total Time": 1241.53, "Actual Rows": 1500000, "Actual Loops": 1, "Hash Buckets": 2097152, "Hash Batches": 1, "Original Hash Batches": 1, "Peak Memory Usage": 282695, "Plans": [{"Node Type": "Seq Scan", "Parent Relationship": "Outer", "Relation Name": "customer", "Alias": "customer", "Startup Cost": 0.0, "Total Cost": 52126.0, "Plan Rows": 1500000, "Plan Width": 153, "Actual Startup Time": 0.017, "Actual Total Time": 579.941, "Actual Rows": 1500000, "Actual Loops": 1}]}]}, {"Node Type": "Hash", "Parent Relationship": "Inner", "Startup Cost": 1.25, "Total Cost": 1.25, "Plan Rows": 25, "Plan Width": 30, "Actual Startup Time": 0.056, "Actual Total Time": 0.056, "Actual Rows": 25, "Actual Loops": 1, "Hash Buckets": 32768, "Hash Batches": 1, "Original Hash Batches": 1, "Peak Memory Usage": 2, "Plans": [{"Node Type": "Seq Scan", "Parent Relationship": "Outer", "Relation Name": "nation", "Alias": "nation", "Startup Cost": 0.0, "Total Cost": 1.25, "Plan Rows": 25, "Plan Width": 30, "Actual Startup Time": 0.025, "Actual Total Time": 0.033, "Actual Rows": 25, "Actual Loops": 1}]}]}]}]}]}, "Triggers": [], "Planner Runtime": 1, "Total Runtime": 36931.228, "Unique SQL Id": 1604070524}}, "(64, 73)": {"explain_plan": {"Plan": {"Node Type": "Limit", "Startup Cost": 4127035.84, "Total Cost": 4127035.89, "Plan Rows": 20, "Plan Width": 199, "Plans": [{"Node Type": "Sort", "Parent Relationship": "Outer", "Startup Cost": 4127035.84, "Total Cost": 4130650.58, "Plan Rows": 20, "Plan Width": 199, "Sort Key": ["(sum((lineitem.l_extendedprice * (1::double precision - lineitem.l_discount)))) DESC"], "Plans": [{"Node Type": "Aggregate", "Strategy": "Hashed", "Parent Relationship": "Outer", "Startup Cost": 4074102.03, "Total Cost": 4088561.01, "Plan Rows": 1445898, "Plan Width": 199, "Group By Key": ["customer.c_custkey", "customer.c_name", "customer.c_acctbal", "customer.c_phone", "nation.n_name", "customer.c_address", "customer.c_comment"], "Plans": [{"Node Type": "Nested Loop", "Parent Relationship": "Outer", "Join Type": "Inner", "Startup Cost": 99528.29, "Total Cost": 4037954.58, "Plan Rows": 1445898, "Plan Width": 191, "Inner Unique": false, "Plans": [{"Node Type": "Hash Join", "Parent Relationship": "Outer", "Join Type": "Inner", "Startup Cost": 99528.29, "Total Cost": 921337.14, "Plan Rows": 575746, "Plan Width": 183, "Inner Unique": true, "Hash Cond": "(customer.c_nationkey = nation.n_nationkey), (LLVM Optimized)", "Plans": [{"Node Type": "Hash Join", "Parent Relationship": "Outer", "Join Type": "Inner", "Startup Cost": 99515.36, "Total Cost": 913407.69, "Plan Rows": 575746, "Plan Width": 161, "Inner Unique": true, "Hash Cond": "(orders.o_custkey = customer.c_custkey), (LLVM Optimized)", "Plans": [{"Node Type": "Index Scan", "Parent Relationship": "Outer", "Scan Direction": "Forward", "Index Name": "orders_pkey", "Relation Name": "orders", "Alias": "orders", "Startup Cost": 0.0, "Total Cost": 805975.83, "Plan Rows": 575746, "Plan Width": 16, "Filter": "((o_orderdate >= '1993-08-01 00:00:00'::timestamp(0) without time zone) AND (o_orderdate < '1993-11-01 00:00:00'::timestamp without time zone)), (LLVM Optimized)"}, {"Node Type": "Hash", "Parent Relationship": "Inner", "Startup Cost": 80765.36, "Total Cost": 80765.36, "Plan Rows": 1500000, "Plan Width": 153, "Plans": [{"Node Type": "Index Scan", "Parent Relationship": "Outer", "Scan Direction": "Forward", "Index Name": "customer_pkey", "Relation Name": "customer", "Alias": "customer", "Startup Cost": 0.0, "Total Cost": 80765.36, "Plan Rows": 1500000, "Plan Width": 153}]}]}, {"Node Type": "Hash", "Parent Relationship": "Inner", "Startup Cost": 12.62, "Total Cost": 12.62, "Plan Rows": 25, "Plan Width": 30, "Plans": [{"Node Type": "Index Scan", "Parent Relationship": "Outer", "Scan Direction": "Forward", "Index Name": "nation_pkey", "Relation Name": "nation", "Alias": "nation", "Startup Cost": 0.0, "Total Cost": 12.62, "Plan Rows": 25, "Plan Width": 30}]}]}, {"Node Type": "Index Scan", "Parent Relationship": "Inner", "Scan Direction": "Forward", "Index Name": "idx_lineitem_orderkey", "Relation Name": "lineitem", "Alias": "lineitem", "Startup Cost": 0.0, "Total Cost": 5.38, "Plan Rows": 3, "Plan Width": 24, "Index Cond": "(l_orderkey = orders.o_orderkey)", "Filter": "(l_returnflag = 'R'::bpchar)"}]}]}]}]}, "Unique SQL Id": 1604070524, "Planner Runtime": 1}, "explain_analyze_plan": {"Plan": {"Node Type": "Limit", "Startup Cost": 4127035.84, "Total Cost": 4127035.89, "Plan Rows": 20, "Plan Width": 199, "Actual Startup Time": 21134.985, "Actual Total Time": 21134.993, "Actual Rows": 20, "Actual Loops": 1, "Plans": [{"Node Type": "Sort", "Parent Relationship": "Outer", "Startup Cost": 4127035.84, "Total Cost": 4130650.58, "Plan Rows": 20, "Plan Width": 199, "Actual Startup Time": 21134.982, "Actual Total Time": 21134.985, "Actual Rows": 20, "Actual Loops": 1, "Sort Key": ["(sum((lineitem.l_extendedprice * (1::double precision - lineitem.l_discount)))) DESC"], "Sort Method": "top-N heapsort", "Sort Space Used": 35, "Sort Space Type": "Memory", "Plans": [{"Node Type": "Aggregate", "Strategy": "Hashed", "Parent Relationship": "Outer", "Startup Cost": 4074102.03, "Total Cost": 4088561.01, "Plan Rows": 1445898, "Plan Width": 199, "Actual Startup Time": 20745.969, "Actual Total Time": 20998.23, "Actual Rows": 381542, "Actual Loops": 1, "Group By Key": ["customer.c_custkey", "customer.c_name", "customer.c_acctbal", "customer.c_phone", "nation.n_name", "customer.c_address", "customer.c_comment"], "Plans": [{"Node Type": "Nested Loop", "Parent Relationship": "Outer", "Join Type": "Inner", "Startup Cost": 99528.29, "Total Cost": 4037954.58, "Plan Rows": 1445898, "Plan Width": 191, "Actual Startup Time": 1600.72, "Actual Total Time": 18843.051, "Actual Rows": 1145969, "Actual Loops": 1, "Inner Unique": false, "Plans": [{"Node Type": "Hash Join", "Parent Relationship": "Outer", "Join Type": "Inner", "Startup Cost": 99528.29, "Total Cost": 921337.14, "Plan Rows": 575746, "Plan Width": 183, "Actual Startup Time": 1600.653, "Actual Total Time": 13140.575, "Actual Rows": 573635, "Actual Loops": 1, "Inner Unique": true, "Hash Cond": "(customer.c_nationkey = nation.n_nationkey), (LLVM Optimized, Jit Execute)", "Plans": [{"Node Type": "Hash Join", "Parent Relationship": "Outer", "Join Type": "Inner", "Startup Cost": 99515.36, "Total Cost": 913407.69, "Plan Rows": 575746, "Plan Width": 161, "Actual Startup Time": 1600.552, "Actual Total Time": 12889.515, "Actual Rows": 573635, "Actual Loops": 1, "Inner Unique": true, "Hash Cond": "(orders.o_custkey = customer.c_custkey), (LLVM Optimized, Jit Execute)", "Plans": [{"Node Type": "Index Scan", "Parent Relationship": "Outer", "Scan Direction": "Forward", "Index Name": "orders_pkey", "Relation Name": "orders", "Alias": "orders", "Startup Cost": 0.0, "Total Cost": 805975.83, "Plan Rows": 575746, "Plan Width": 16, "Actual Startup Time": 0.033, "Actual Total Time": 10620.983, "Actual Rows": 573635, "Actual Loops": 1, "Filter": "((o_orderdate >= '1993-08-01 00:00:00'::timestamp(0) without time zone) AND (o_orderdate < '1993-11-01 00:00:00'::timestamp without time zone)), (LLVM Optimized, Jit Execute)", "Rows Removed by Filter": 14426365}, {"Node Type": "Hash", "Parent Relationship": "Inner", "Startup Cost": 80765.36, "Total Cost": 80765.36, "Plan Rows": 1500000, "Plan Width": 153, "Actual Startup Time": 1599.252, "Actual Total Time": 1599.252, "Actual Rows": 1500000, "Actual Loops": 1, "Hash Buckets": 2097152, "Hash Batches": 1, "Original Hash Batches": 1, "Peak Memory Usage": 282695, "Plans": [{"Node Type": "Index Scan", "Parent Relationship": "Outer", "Scan Direction": "Forward", "Index Name": "customer_pkey", "Relation Name": "customer", "Alias": "customer", "Startup Cost": 0.0, "Total Cost": 80765.36, "Plan Rows": 1500000, "Plan Width": 153, "Actual Startup Time": 0.023, "Actual Total Time": 944.077, "Actual Rows": 1500000, "Actual Loops": 1}]}]}, {"Node Type": "Hash", "Parent Relationship": "Inner", "Startup Cost": 12.62, "Total Cost": 12.62, "Plan Rows": 25, "Plan Width": 30, "Actual Startup Time": 0.055, "Actual Total Time": 0.055, "Actual Rows": 25, "Actual Loops": 1, "Hash Buckets": 32768, "Hash Batches": 1, "Original Hash Batches": 1, "Peak Memory Usage": 2, "Plans": [{"Node Type": "Index Scan", "Parent Relationship": "Outer", "Scan Direction": "Forward", "Index Name": "nation_pkey", "Relation Name": "nation", "Alias": "nation", "Startup Cost": 0.0, "Total Cost": 12.62, "Plan Rows": 25, "Plan Width": 30, "Actual Startup Time": 0.022, "Actual Total Time": 0.035, "Actual Rows": 25, "Actual Loops": 1}]}]}, {"Node Type": "Index Scan", "Parent Relationship": "Inner", "Scan Direction": "Forward", "Index Name": "idx_lineitem_orderkey", "Relation Name": "lineitem", "Alias": "lineitem", "Startup Cost": 0.0, "Total Cost": 5.38, "Plan Rows": 3, "Plan Width": 24, "Actual Startup Time": 3796.484, "Actual Total Time": 5067.305, "Actual Rows": 1145969, "Actual Loops": 573635, "Index Cond": "(l_orderkey = orders.o_orderkey)", "Rows Removed by Index Recheck": 0, "Filter": "(l_returnflag = 'R'::bpchar)", "Rows Removed by Filter": 1146896}]}]}]}]}, "Triggers": [], "Planner Runtime": 1, "Total Runtime": 21145.328, "Unique SQL Id": 1604070524}}, "(64, 74)": {"explain_plan": {"Plan": {"Node Type": "Limit", "Startup Cost": 2943502.95, "Total Cost": 2943503.0, "Plan Rows": 20, "Plan Width": 199, "Plans": [{"Node Type": "Sort", "Parent Relationship": "Outer", "Startup Cost": 2943502.95, "Total Cost": 2947117.69, "Plan Rows": 20, "Plan Width": 199, "Sort Key": ["(sum((lineitem.l_extendedprice * (1::double precision - lineitem.l_discount)))) DESC"], "Plans": [{"Node Type": "Aggregate", "Strategy": "Hashed", "Parent Relationship": "Outer", "Startup Cost": 2890569.14, "Total Cost": 2905028.12, "Plan Rows": 1445898, "Plan Width": 199, "Group By Key": ["customer.c_custkey", "customer.c_name", "customer.c_acctbal", "customer.c_phone", "nation.n_name", "customer.c_address", "customer.c_comment"], "Plans": [{"Node Type": "Hash Join", "Parent Relationship": "Outer", "Join Type": "Inner", "Startup Cost": 579485.57, "Total Cost": 2854421.69, "Plan Rows": 1445898, "Plan Width": 191, "Inner Unique": true, "Hash Cond": "(customer.c_nationkey = nation.n_nationkey), (LLVM Optimized)", "Plans": [{"Node Type": "Hash Join", "Parent Relationship": "Outer", "Join Type": "Inner", "Startup Cost": 579484.01, "Total Cost": 2834539.03, "Plan Rows": 1445898, "Plan Width": 169, "Inner Unique": true, "Hash Cond": "(orders.o_custkey = customer.c_custkey), (LLVM Optimized)", "Plans": [{"Node Type": "Hash Join", "Parent Relationship": "Outer", "Join Type": "Inner", "Startup Cost": 508608.01, "Total Cost": 2743781.94, "Plan Rows": 1445898, "Plan Width": 24, "Inner Unique": true, "Hash Cond": "(lineitem.l_orderkey = orders.o_orderkey), (LLVM Optimized)", "Plans": [{"Node Type": "Seq Scan", "Parent Relationship": "Outer", "Relation Name": "lineitem", "Alias": "lineitem", "Startup Cost": 0.0, "Total Cost": 2165082.91, "Plan Rows": 14835209, "Plan Width": 24, "Filter": "(l_returnflag = 'R'::bpchar), (LLVM Optimized)"}, {"Node Type": "Hash", "Parent Relationship": "Inner", "Startup Cost": 501411.18, "Total Cost": 501411.18, "Plan Rows": 575746, "Plan Width": 16, "Plans": [{"Node Type": "Seq Scan", "Parent Relationship": "Outer", "Relation Name": "orders", "Alias": "orders", "Startup Cost": 578.97, "Total Cost": 501411.18, "Plan Rows": 575746, "Plan Width": 16, "Filter": "((o_orderdate >= '1993-08-01 00:00:00'::timestamp(0) without time zone) AND (o_orderdate < '1993-11-01 00:00:00'::timestamp without time zone)), (LLVM Optimized)"}]}]}, {"Node Type": "Hash", "Parent Relationship": "Inner", "Startup Cost": 52126.0, "Total Cost": 52126.0, "Plan Rows": 1500000, "Plan Width": 153, "Plans": [{"Node Type": "Seq Scan", "Parent Relationship": "Outer", "Relation Name": "customer", "Alias": "customer", "Startup Cost": 0.0, "Total Cost": 52126.0, "Plan Rows": 1500000, "Plan Width": 153}]}]}, {"Node Type": "Hash", "Parent Relationship": "Inner", "Startup Cost": 1.25, "Total Cost": 1.25, "Plan Rows": 25, "Plan Width": 30, "Plans": [{"Node Type": "Seq Scan", "Parent Relationship": "Outer", "Relation Name": "nation", "Alias": "nation", "Startup Cost": 0.0, "Total Cost": 1.25, "Plan Rows": 25, "Plan Width": 30}]}]}]}]}]}, "Unique SQL Id": 1604070524, "Planner Runtime": 1}, "explain_analyze_plan": {"Plan": {"Node Type": "Limit", "Startup Cost": 2943502.95, "Total Cost": 2943503.0, "Plan Rows": 20, "Plan Width": 199, "Actual Startup Time": 36920.501, "Actual Total Time": 36920.507, "Actual Rows": 20, "Actual Loops": 1, "Plans": [{"Node Type": "Sort", "Parent Relationship": "Outer", "Startup Cost": 2943502.95, "Total Cost": 2947117.69, "Plan Rows": 20, "Plan Width": 199, "Actual Startup Time": 36920.499, "Actual Total Time": 36920.503, "Actual Rows": 20, "Actual Loops": 1, "Sort Key": ["(sum((lineitem.l_extendedprice * (1::double precision - lineitem.l_discount)))) DESC"], "Sort Method": "top-N heapsort", "Sort Space Used": 35, "Sort Space Type": "Memory", "Plans": [{"Node Type": "Aggregate", "Strategy": "Hashed", "Parent Relationship": "Outer", "Startup Cost": 2890569.14, "Total Cost": 2905028.12, "Plan Rows": 1445898, "Plan Width": 199, "Actual Startup Time": 36545.483, "Actual Total Time": 36785.555, "Actual Rows": 381542, "Actual Loops": 1, "Group By Key": ["customer.c_custkey", "customer.c_name", "customer.c_acctbal", "customer.c_phone", "nation.n_name", "customer.c_address", "customer.c_comment"], "Plans": [{"Node Type": "Hash Join", "Parent Relationship": "Outer", "Join Type": "Inner", "Startup Cost": 579485.57, "Total Cost": 2854421.69, "Plan Rows": 1445898, "Plan Width": 191, "Actual Startup Time": 6881.164, "Actual Total Time": 34691.279, "Actual Rows": 1145969, "Actual Loops": 1, "Inner Unique": true, "Hash Cond": "(customer.c_nationkey = nation.n_nationkey), (LLVM Optimized, Jit Execute)", "Plans": [{"Node Type": "Hash Join", "Parent Relationship": "Outer", "Join Type": "Inner", "Startup Cost": 579484.01, "Total Cost": 2834539.03, "Plan Rows": 1445898, "Plan Width": 169, "Actual Startup Time": 6881.038, "Actual Total Time": 34222.051, "Actual Rows": 1145969, "Actual Loops": 1, "Inner Unique": true, "Hash Cond": "(orders.o_custkey = customer.c_custkey), (LLVM Optimized, Jit Execute)", "Plans": [{"Node Type": "Hash Join", "Parent Relationship": "Outer", "Join Type": "Inner", "Startup Cost": 508608.01, "Total Cost": 2743781.94, "Plan Rows": 1445898, "Plan Width": 24, "Actual Startup Time": 5638.194, "Actual Total Time": 32187.007, "Actual Rows": 1145969, "Actual Loops": 1, "Inner Unique": true, "Hash Cond": "(lineitem.l_orderkey = orders.o_orderkey), (LLVM Optimized, Jit Execute)", "Plans": [{"Node Type": "Seq Scan", "Parent Relationship": "Outer", "Relation Name": "lineitem", "Alias": "lineitem", "Startup Cost": 0.0, "Total Cost": 2165082.91, "Plan Rows": 14835209, "Plan Width": 24, "Actual Startup Time": 0.023, "Actual Total Time": 21948.455, "Actual Rows": 14808183, "Actual Loops": 1, "Filter": "(l_returnflag = 'R'::bpchar), (LLVM Optimized, Jit Execute)", "Rows Removed by Filter": 45177869}, {"Node Type": "Hash", "Parent Relationship": "Inner", "Startup Cost": 501411.18, "Total Cost": 501411.18, "Plan Rows": 575746, "Plan Width": 16, "Actual Startup Time": 5637.479, "Actual Total Time": 5637.479, "Actual Rows": 573635, "Actual Loops": 1, "Hash Buckets": 1048576, "Hash Batches": 1, "Original Hash Batches": 1, "Peak Memory Usage": 26890, "Plans": [{"Node Type": "Seq Scan", "Parent Relationship": "Outer", "Relation Name": "orders", "Alias": "orders", "Startup Cost": 578.97, "Total Cost": 501411.18, "Plan Rows": 575746, "Plan Width": 16, "Actual Startup Time": 0.025, "Actual Total Time": 5354.546, "Actual Rows": 573635, "Actual Loops": 1, "Filter": "((o_orderdate >= '1993-08-01 00:00:00'::timestamp(0) without time zone) AND (o_orderdate < '1993-11-01 00:00:00'::timestamp without time zone)), (LLVM Optimized, Jit Execute)", "Rows Removed by Filter": 14426365}]}]}, {"Node Type": "Hash", "Parent Relationship": "Inner", "Startup Cost": 52126.0, "Total Cost": 52126.0, "Plan Rows": 1500000, "Plan Width": 153, "Actual Startup Time": 1241.53, "Actual Total Time": 1241.53, "Actual Rows": 1500000, "Actual Loops": 1, "Hash Buckets": 2097152, "Hash Batches": 1, "Original Hash Batches": 1, "Peak Memory Usage": 282695, "Plans": [{"Node Type": "Seq Scan", "Parent Relationship": "Outer", "Relation Name": "customer", "Alias": "customer", "Startup Cost": 0.0, "Total Cost": 52126.0, "Plan Rows": 1500000, "Plan Width": 153, "Actual Startup Time": 0.017, "Actual Total Time": 579.941, "Actual Rows": 1500000, "Actual Loops": 1}]}]}, {"Node Type": "Hash", "Parent Relationship": "Inner", "Startup Cost": 1.25, "Total Cost": 1.25, "Plan Rows": 25, "Plan Width": 30, "Actual Startup Time": 0.056, "Actual Total Time": 0.056, "Actual Rows": 25, "Actual Loops": 1, "Hash Buckets": 32768, "Hash Batches": 1, "Original Hash Batches": 1, "Peak Memory Usage": 2, "Plans": [{"Node Type": "Seq Scan", "Parent Relationship": "Outer", "Relation Name": "nation", "Alias": "nation", "Startup Cost": 0.0, "Total Cost": 1.25, "Plan Rows": 25, "Plan Width": 30, "Actual Startup Time": 0.025, "Actual Total Time": 0.033, "Actual Rows": 25, "Actual Loops": 1}]}]}]}]}]}, "Triggers": [], "Planner Runtime": 1, "Total Runtime": 36931.228, "Unique SQL Id": 1604070524}}, "(64, 75)": {"explain_plan": {"Plan": {"Node Type": "Limit", "Startup Cost": 4000411733144.66, "Total Cost": 4000411733144.71, "Plan Rows": 20, "Plan Width": 199, "Plans": [{"Node Type": "Sort", "Parent Relationship": "Outer", "Startup Cost": 4000411733144.66, "Total Cost": 4000411736759.4, "Plan Rows": 20, "Plan Width": 199, "Sort Key": ["(sum((lineitem.l_extendedprice * (1::double precision - lineitem.l_discount)))) DESC"], "Plans": [{"Node Type": "Aggregate", "Strategy": "Hashed", "Parent Relationship": "Outer", "Startup Cost": 4000411680210.85, "Total Cost": 4000411694669.83, "Plan Rows": 1445898, "Plan Width": 199, "Group By Key": ["customer.c_custkey", "customer.c_name", "customer.c_acctbal", "customer.c_phone", "nation.n_name", "customer.c_address", "customer.c_comment"], "Plans": [{"Node Type": "Hash Join", "Parent Relationship": "Outer", "Join Type": "Inner", "Startup Cost": 2020044209161.6, "Total Cost": 4000411644063.4, "Plan Rows": 1445898, "Plan Width": 191, "Inner Unique": true, "Hash Cond": "(customer.c_nationkey = nation.n_nationkey), (LLVM Optimized)", "Plans": [{"Node Type": "Hash Join", "Parent Relationship": "Outer", "Join Type": "Inner", "Startup Cost": 1020044207898.79, "Total Cost": 3000411622919.49, "Plan Rows": 1445898, "Plan Width": 169, "Inner Unique": true, "Hash Cond": "(orders.o_custkey = customer.c_custkey), (LLVM Optimized)", "Plans": [{"Node Type": "Merge Join", "Parent Relationship": "Outer", "Join Type": "Inner", "Startup Cost": 20036112613.17, "Total Cost": 2000403507752.77, "Plan Rows": 1445898, "Plan Width": 24, "Inner Unique": false, "Merge Cond": "(orders.o_orderkey = lineitem.l_orderkey)", "Plans": [{"Node Type": "Index Scan", "Parent Relationship": "Outer", "Scan Direction": "Forward", "Index Name": "orders_pkey", "Relation Name": "orders", "Alias": "orders", "Startup Cost": 10000000000.0, "Total Cost": 1000080597583.0, "Plan Rows": 575746, "Plan Width": 16, "Filter": "((o_orderdate >= '1993-08-01 00:00:00'::timestamp(0) without time zone) AND (o_orderdate < '1993-11-01 00:00:00'::timestamp without time zone)), (LLVM Optimized)"}, {"Node Type": "Index Scan", "Parent Relationship": "Inner", "Scan Direction": "Forward", "Index Name": "idx_lineitem_orderkey", "Relation Name": "lineitem", "Alias": "lineitem", "Startup Cost": 10000000000.0, "Total Cost": 1000339012132.75, "Plan Rows": 14835209, "Plan Width": 24, "Filter": "(l_returnflag = 'R'::bpchar), (LLVM Optimized)"}]}, {"Node Type": "Hash", "Parent Relationship": "Inner", "Startup Cost": 1000008076535.62, "Total Cost": 1000008076535.62, "Plan Rows": 1500000, "Plan Width": 153, "Plans": [{"Node Type": "Index Scan", "Parent Relationship": "Outer", "Scan Direction": "Forward", "Index Name": "customer_pkey", "Relation Name": "customer", "Alias": "customer", "Startup Cost": 10000000000.0, "Total Cost": 1000008076535.62, "Plan Rows": 1500000, "Plan Width": 153}]}]}, {"Node Type": "Hash", "Parent Relationship": "Inner", "Startup Cost": 1000000001262.5, "Total Cost": 1000000001262.5, "Plan Rows": 25, "Plan Width": 30, "Plans": [{"Node Type": "Index Scan", "Parent Relationship": "Outer", "Scan Direction": "Forward", "Index Name": "nation_pkey", "Relation Name": "nation", "Alias": "nation", "Startup Cost": 10000000000.0, "Total Cost": 1000000001262.5, "Plan Rows": 25, "Plan Width": 30}]}]}]}]}]}, "Unique SQL Id": 1604070524, "Planner Runtime": 2}, "explain_analyze_plan": {"Plan": {"Node Type": "Limit", "Startup Cost": 4000411733144.66, "Total Cost": 4000411733144.71, "Plan Rows": 20, "Plan Width": 199, "Actual Startup Time": 61985.336, "Actual Total Time": 61985.342, "Actual Rows": 20, "Actual Loops": 1, "Plans": [{"Node Type": "Sort", "Parent Relationship": "Outer", "Startup Cost": 4000411733144.66, "Total Cost": 4000411736759.4, "Plan Rows": 20, "Plan Width": 199, "Actual Startup Time": 61985.332, "Actual Total Time": 61985.337, "Actual Rows": 20, "Actual Loops": 1, "Sort Key": ["(sum((lineitem.l_extendedprice * (1::double precision - lineitem.l_discount)))) DESC"], "Sort Method": "top-N heapsort", "Sort Space Used": 35, "Sort Space Type": "Memory", "Plans": [{"Node Type": "Aggregate", "Strategy": "Hashed", "Parent Relationship": "Outer", "Startup Cost": 4000411680210.85, "Total Cost": 4000411694669.83, "Plan Rows": 1445898, "Plan Width": 199, "Actual Startup Time": 61645.825, "Actual Total Time": 61851.513, "Actual Rows": 381542, "Actual Loops": 1, "Group By Key": ["customer.c_custkey", "customer.c_name", "customer.c_acctbal", "customer.c_phone", "nation.n_name", "customer.c_address", "customer.c_comment"], "Plans": [{"Node Type": "Hash Join", "Parent Relationship": "Outer", "Join Type": "Inner", "Startup Cost": 2020044209161.6, "Total Cost": 4000411644063.4, "Plan Rows": 1445898, "Plan Width": 191, "Actual Startup Time": 1662.757, "Actual Total Time": 59762.318, "Actual Rows": 1145969, "Actual Loops": 1, "Inner Unique": true, "Hash Cond": "(customer.c_nationkey = nation.n_nationkey), (LLVM Optimized, Jit Execute)", "Plans": [{"Node Type": "Hash Join", "Parent Relationship": "Outer", "Join Type": "Inner", "Startup Cost": 1020044207898.79, "Total Cost": 3000411622919.49, "Plan Rows": 1445898, "Plan Width": 169, "Actual Startup Time": 1662.655, "Actual Total Time": 59291.122, "Actual Rows": 1145969, "Actual Loops": 1, "Inner Unique": true, "Hash Cond": "(orders.o_custkey = customer.c_custkey), (LLVM Optimized, Jit Execute)", "Plans": [{"Node Type": "Merge Join", "Parent Relationship": "Outer", "Join Type": "Inner", "Startup Cost": 20036112613.17, "Total Cost": 2000403507752.77, "Plan Rows": 1445898, "Plan Width": 24, "Actual Startup Time": 0.067, "Actual Total Time": 56787.677, "Actual Rows": 1145969, "Actual Loops": 1, "Inner Unique": false, "Merge Cond": "(orders.o_orderkey = lineitem.l_orderkey)", "Plans": [{"Node Type": "Index Scan", "Parent Relationship": "Outer", "Scan Direction": "Forward", "Index Name": "orders_pkey", "Relation Name": "orders", "Alias": "orders", "Startup Cost": 10000000000.0, "Total Cost": 1000080597583.0, "Plan Rows": 575746, "Plan Width": 16, "Actual Startup Time": 0.034, "Actual Total Time": 9322.623, "Actual Rows": 573635, "Actual Loops": 1, "Filter": "((o_orderdate >= '1993-08-01 00:00:00'::timestamp(0) without time zone) AND (o_orderdate < '1993-11-01 00:00:00'::timestamp without time zone)), (LLVM Optimized, Jit Execute)", "Rows Removed by Filter": 14426365}, {"Node Type": "Index Scan", "Parent Relationship": "Inner", "Scan Direction": "Forward", "Index Name": "idx_lineitem_orderkey", "Relation Name": "lineitem", "Alias": "lineitem", "Startup Cost": 10000000000.0, "Total Cost": 1000339012132.75, "Plan Rows": 14835209, "Plan Width": 24, "Actual Startup Time": 0.026, "Actual Total Time": 44790.91, "Actual Rows": 14808182, "Actual Loops": 1, "Filter": "(l_returnflag = 'R'::bpchar), (LLVM Optimized, Jit Execute)", "Rows Removed by Filter": 45177851}]}, {"Node Type": "Hash", "Parent Relationship": "Inner", "Startup Cost": 1000008076535.62, "Total Cost": 1000008076535.62, "Plan Rows": 1500000, "Plan Width": 153, "Actual Startup Time": 1661.317, "Actual Total Time": 1661.317, "Actual Rows": 1500000, "Actual Loops": 1, "Hash Buckets": 2097152, "Hash Batches": 1, "Original Hash Batches": 1, "Peak Memory Usage": 282695, "Plans": [{"Node Type": "Index Scan", "Parent Relationship": "Outer", "Scan Direction": "Forward", "Index Name": "customer_pkey", "Relation Name": "customer", "Alias": "customer", "Startup Cost": 10000000000.0, "Total Cost": 1000008076535.62, "Plan Rows": 1500000, "Plan Width": 153, "Actual Startup Time": 0.022, "Actual Total Time": 970.203, "Actual Rows": 1500000, "Actual Loops": 1}]}]}, {"Node Type": "Hash", "Parent Relationship": "Inner", "Startup Cost": 1000000001262.5, "Total Cost": 1000000001262.5, "Plan Rows": 25, "Plan Width": 30, "Actual Startup Time": 0.056, "Actual Total Time": 0.056, "Actual Rows": 25, "Actual Loops": 1, "Hash Buckets": 32768, "Hash Batches": 1, "Original Hash Batches": 1, "Peak Memory Usage": 2, "Plans": [{"Node Type": "Index Scan", "Parent Relationship": "Outer", "Scan Direction": "Forward", "Index Name": "nation_pkey", "Relation Name": "nation", "Alias": "nation", "Startup Cost": 10000000000.0, "Total Cost": 1000000001262.5, "Plan Rows": 25, "Plan Width": 30, "Actual Startup Time": 0.02, "Actual Total Time": 0.036, "Actual Rows": 25, "Actual Loops": 1}]}]}]}]}]}, "Triggers": [], "Planner Runtime": 2, "Total Runtime": 61995.854, "Unique SQL Id": 1604070524}}, "(64, 76)": {"explain_plan": {"Plan": {"Node Type": "Limit", "Startup Cost": 2943502.95, "Total Cost": 2943503.0, "Plan Rows": 20, "Plan Width": 199, "Plans": [{"Node Type": "Sort", "Parent Relationship": "Outer", "Startup Cost": 2943502.95, "Total Cost": 2947117.69, "Plan Rows": 20, "Plan Width": 199, "Sort Key": ["(sum((lineitem.l_extendedprice * (1::double precision - lineitem.l_discount)))) DESC"], "Plans": [{"Node Type": "Aggregate", "Strategy": "Hashed", "Parent Relationship": "Outer", "Startup Cost": 2890569.14, "Total Cost": 2905028.12, "Plan Rows": 1445898, "Plan Width": 199, "Group By Key": ["customer.c_custkey", "customer.c_name", "customer.c_acctbal", "customer.c_phone", "nation.n_name", "customer.c_address", "customer.c_comment"], "Plans": [{"Node Type": "Hash Join", "Parent Relationship": "Outer", "Join Type": "Inner", "Startup Cost": 579485.57, "Total Cost": 2854421.69, "Plan Rows": 1445898, "Plan Width": 191, "Inner Unique": true, "Hash Cond": "(customer.c_nationkey = nation.n_nationkey), (LLVM Optimized)", "Plans": [{"Node Type": "Hash Join", "Parent Relationship": "Outer", "Join Type": "Inner", "Startup Cost": 579484.01, "Total Cost": 2834539.03, "Plan Rows": 1445898, "Plan Width": 169, "Inner Unique": true, "Hash Cond": "(orders.o_custkey = customer.c_custkey), (LLVM Optimized)", "Plans": [{"Node Type": "Hash Join", "Parent Relationship": "Outer", "Join Type": "Inner", "Startup Cost": 508608.01, "Total Cost": 2743781.94, "Plan Rows": 1445898, "Plan Width": 24, "Inner Unique": true, "Hash Cond": "(lineitem.l_orderkey = orders.o_orderkey), (LLVM Optimized)", "Plans": [{"Node Type": "Seq Scan", "Parent Relationship": "Outer", "Relation Name": "lineitem", "Alias": "lineitem", "Startup Cost": 0.0, "Total Cost": 2165082.91, "Plan Rows": 14835209, "Plan Width": 24, "Filter": "(l_returnflag = 'R'::bpchar), (LLVM Optimized)"}, {"Node Type": "Hash", "Parent Relationship": "Inner", "Startup Cost": 501411.18, "Total Cost": 501411.18, "Plan Rows": 575746, "Plan Width": 16, "Plans": [{"Node Type": "Seq Scan", "Parent Relationship": "Outer", "Relation Name": "orders", "Alias": "orders", "Startup Cost": 578.97, "Total Cost": 501411.18, "Plan Rows": 575746, "Plan Width": 16, "Filter": "((o_orderdate >= '1993-08-01 00:00:00'::timestamp(0) without time zone) AND (o_orderdate < '1993-11-01 00:00:00'::timestamp without time zone)), (LLVM Optimized)"}]}]}, {"Node Type": "Hash", "Parent Relationship": "Inner", "Startup Cost": 52126.0, "Total Cost": 52126.0, "Plan Rows": 1500000, "Plan Width": 153, "Plans": [{"Node Type": "Seq Scan", "Parent Relationship": "Outer", "Relation Name": "customer", "Alias": "customer", "Startup Cost": 0.0, "Total Cost": 52126.0, "Plan Rows": 1500000, "Plan Width": 153}]}]}, {"Node Type": "Hash", "Parent Relationship": "Inner", "Startup Cost": 1.25, "Total Cost": 1.25, "Plan Rows": 25, "Plan Width": 30, "Plans": [{"Node Type": "Seq Scan", "Parent Relationship": "Outer", "Relation Name": "nation", "Alias": "nation", "Startup Cost": 0.0, "Total Cost": 1.25, "Plan Rows": 25, "Plan Width": 30}]}]}]}]}]}, "Unique SQL Id": 1604070524, "Planner Runtime": 2}, "explain_analyze_plan": {"Plan": {"Node Type": "Limit", "Startup Cost": 2943502.95, "Total Cost": 2943503.0, "Plan Rows": 20, "Plan Width": 199, "Actual Startup Time": 36920.501, "Actual Total Time": 36920.507, "Actual Rows": 20, "Actual Loops": 1, "Plans": [{"Node Type": "Sort", "Parent Relationship": "Outer", "Startup Cost": 2943502.95, "Total Cost": 2947117.69, "Plan Rows": 20, "Plan Width": 199, "Actual Startup Time": 36920.499, "Actual Total Time": 36920.503, "Actual Rows": 20, "Actual Loops": 1, "Sort Key": ["(sum((lineitem.l_extendedprice * (1::double precision - lineitem.l_discount)))) DESC"], "Sort Method": "top-N heapsort", "Sort Space Used": 35, "Sort Space Type": "Memory", "Plans": [{"Node Type": "Aggregate", "Strategy": "Hashed", "Parent Relationship": "Outer", "Startup Cost": 2890569.14, "Total Cost": 2905028.12, "Plan Rows": 1445898, "Plan Width": 199, "Actual Startup Time": 36545.483, "Actual Total Time": 36785.555, "Actual Rows": 381542, "Actual Loops": 1, "Group By Key": ["customer.c_custkey", "customer.c_name", "customer.c_acctbal", "customer.c_phone", "nation.n_name", "customer.c_address", "customer.c_comment"], "Plans": [{"Node Type": "Hash Join", "Parent Relationship": "Outer", "Join Type": "Inner", "Startup Cost": 579485.57, "Total Cost": 2854421.69, "Plan Rows": 1445898, "Plan Width": 191, "Actual Startup Time": 6881.164, "Actual Total Time": 34691.279, "Actual Rows": 1145969, "Actual Loops": 1, "Inner Unique": true, "Hash Cond": "(customer.c_nationkey = nation.n_nationkey), (LLVM Optimized, Jit Execute)", "Plans": [{"Node Type": "Hash Join", "Parent Relationship": "Outer", "Join Type": "Inner", "Startup Cost": 579484.01, "Total Cost": 2834539.03, "Plan Rows": 1445898, "Plan Width": 169, "Actual Startup Time": 6881.038, "Actual Total Time": 34222.051, "Actual Rows": 1145969, "Actual Loops": 1, "Inner Unique": true, "Hash Cond": "(orders.o_custkey = customer.c_custkey), (LLVM Optimized, Jit Execute)", "Plans": [{"Node Type": "Hash Join", "Parent Relationship": "Outer", "Join Type": "Inner", "Startup Cost": 508608.01, "Total Cost": 2743781.94, "Plan Rows": 1445898, "Plan Width": 24, "Actual Startup Time": 5638.194, "Actual Total Time": 32187.007, "Actual Rows": 1145969, "Actual Loops": 1, "Inner Unique": true, "Hash Cond": "(lineitem.l_orderkey = orders.o_orderkey), (LLVM Optimized, Jit Execute)", "Plans": [{"Node Type": "Seq Scan", "Parent Relationship": "Outer", "Relation Name": "lineitem", "Alias": "lineitem", "Startup Cost": 0.0, "Total Cost": 2165082.91, "Plan Rows": 14835209, "Plan Width": 24, "Actual Startup Time": 0.023, "Actual Total Time": 21948.455, "Actual Rows": 14808183, "Actual Loops": 1, "Filter": "(l_returnflag = 'R'::bpchar), (LLVM Optimized, Jit Execute)", "Rows Removed by Filter": 45177869}, {"Node Type": "Hash", "Parent Relationship": "Inner", "Startup Cost": 501411.18, "Total Cost": 501411.18, "Plan Rows": 575746, "Plan Width": 16, "Actual Startup Time": 5637.479, "Actual Total Time": 5637.479, "Actual Rows": 573635, "Actual Loops": 1, "Hash Buckets": 1048576, "Hash Batches": 1, "Original Hash Batches": 1, "Peak Memory Usage": 26890, "Plans": [{"Node Type": "Seq Scan", "Parent Relationship": "Outer", "Relation Name": "orders", "Alias": "orders", "Startup Cost": 578.97, "Total Cost": 501411.18, "Plan Rows": 575746, "Plan Width": 16, "Actual Startup Time": 0.025, "Actual Total Time": 5354.546, "Actual Rows": 573635, "Actual Loops": 1, "Filter": "((o_orderdate >= '1993-08-01 00:00:00'::timestamp(0) without time zone) AND (o_orderdate < '1993-11-01 00:00:00'::timestamp without time zone)), (LLVM Optimized, Jit Execute)", "Rows Removed by Filter": 14426365}]}]}, {"Node Type": "Hash", "Parent Relationship": "Inner", "Startup Cost": 52126.0, "Total Cost": 52126.0, "Plan Rows": 1500000, "Plan Width": 153, "Actual Startup Time": 1241.53, "Actual Total Time": 1241.53, "Actual Rows": 1500000, "Actual Loops": 1, "Hash Buckets": 2097152, "Hash Batches": 1, "Original Hash Batches": 1, "Peak Memory Usage": 282695, "Plans": [{"Node Type": "Seq Scan", "Parent Relationship": "Outer", "Relation Name": "customer", "Alias": "customer", "Startup Cost": 0.0, "Total Cost": 52126.0, "Plan Rows": 1500000, "Plan Width": 153, "Actual Startup Time": 0.017, "Actual Total Time": 579.941, "Actual Rows": 1500000, "Actual Loops": 1}]}]}, {"Node Type": "Hash", "Parent Relationship": "Inner", "Startup Cost": 1.25, "Total Cost": 1.25, "Plan Rows": 25, "Plan Width": 30, "Actual Startup Time": 0.056, "Actual Total Time": 0.056, "Actual Rows": 25, "Actual Loops": 1, "Hash Buckets": 32768, "Hash Batches": 1, "Original Hash Batches": 1, "Peak Memory Usage": 2, "Plans": [{"Node Type": "Seq Scan", "Parent Relationship": "Outer", "Relation Name": "nation", "Alias": "nation", "Startup Cost": 0.0, "Total Cost": 1.25, "Plan Rows": 25, "Plan Width": 30, "Actual Startup Time": 0.025, "Actual Total Time": 0.033, "Actual Rows": 25, "Actual Loops": 1}]}]}]}]}]}, "Triggers": [], "Planner Runtime": 1, "Total Runtime": 36931.228, "Unique SQL Id": 1604070524}}, "(64, 77)": {"explain_plan": {"Plan": {"Node Type": "Limit", "Startup Cost": 4127035.84, "Total Cost": 4127035.89, "Plan Rows": 20, "Plan Width": 199, "Plans": [{"Node Type": "Sort", "Parent Relationship": "Outer", "Startup Cost": 4127035.84, "Total Cost": 4130650.58, "Plan Rows": 20, "Plan Width": 199, "Sort Key": ["(sum((lineitem.l_extendedprice * (1::double precision - lineitem.l_discount)))) DESC"], "Plans": [{"Node Type": "Aggregate", "Strategy": "Hashed", "Parent Relationship": "Outer", "Startup Cost": 4074102.03, "Total Cost": 4088561.01, "Plan Rows": 1445898, "Plan Width": 199, "Group By Key": ["customer.c_custkey", "customer.c_name", "customer.c_acctbal", "customer.c_phone", "nation.n_name", "customer.c_address", "customer.c_comment"], "Plans": [{"Node Type": "Nested Loop", "Parent Relationship": "Outer", "Join Type": "Inner", "Startup Cost": 99528.29, "Total Cost": 4037954.58, "Plan Rows": 1445898, "Plan Width": 191, "Inner Unique": false, "Plans": [{"Node Type": "Hash Join", "Parent Relationship": "Outer", "Join Type": "Inner", "Startup Cost": 99528.29, "Total Cost": 921337.14, "Plan Rows": 575746, "Plan Width": 183, "Inner Unique": true, "Hash Cond": "(customer.c_nationkey = nation.n_nationkey), (LLVM Optimized)", "Plans": [{"Node Type": "Hash Join", "Parent Relationship": "Outer", "Join Type": "Inner", "Startup Cost": 99515.36, "Total Cost": 913407.69, "Plan Rows": 575746, "Plan Width": 161, "Inner Unique": true, "Hash Cond": "(orders.o_custkey = customer.c_custkey), (LLVM Optimized)", "Plans": [{"Node Type": "Index Scan", "Parent Relationship": "Outer", "Scan Direction": "Forward", "Index Name": "orders_pkey", "Relation Name": "orders", "Alias": "orders", "Startup Cost": 0.0, "Total Cost": 805975.83, "Plan Rows": 575746, "Plan Width": 16, "Filter": "((o_orderdate >= '1993-08-01 00:00:00'::timestamp(0) without time zone) AND (o_orderdate < '1993-11-01 00:00:00'::timestamp without time zone)), (LLVM Optimized)"}, {"Node Type": "Hash", "Parent Relationship": "Inner", "Startup Cost": 80765.36, "Total Cost": 80765.36, "Plan Rows": 1500000, "Plan Width": 153, "Plans": [{"Node Type": "Index Scan", "Parent Relationship": "Outer", "Scan Direction": "Forward", "Index Name": "customer_pkey", "Relation Name": "customer", "Alias": "customer", "Startup Cost": 0.0, "Total Cost": 80765.36, "Plan Rows": 1500000, "Plan Width": 153}]}]}, {"Node Type": "Hash", "Parent Relationship": "Inner", "Startup Cost": 12.62, "Total Cost": 12.62, "Plan Rows": 25, "Plan Width": 30, "Plans": [{"Node Type": "Index Scan", "Parent Relationship": "Outer", "Scan Direction": "Forward", "Index Name": "nation_pkey", "Relation Name": "nation", "Alias": "nation", "Startup Cost": 0.0, "Total Cost": 12.62, "Plan Rows": 25, "Plan Width": 30}]}]}, {"Node Type": "Index Scan", "Parent Relationship": "Inner", "Scan Direction": "Forward", "Index Name": "idx_lineitem_orderkey", "Relation Name": "lineitem", "Alias": "lineitem", "Startup Cost": 0.0, "Total Cost": 5.38, "Plan Rows": 3, "Plan Width": 24, "Index Cond": "(l_orderkey = orders.o_orderkey)", "Filter": "(l_returnflag = 'R'::bpchar)"}]}]}]}]}, "Unique SQL Id": 1604070524, "Planner Runtime": 1}, "explain_analyze_plan": {"Plan": {"Node Type": "Limit", "Startup Cost": 4127035.84, "Total Cost": 4127035.89, "Plan Rows": 20, "Plan Width": 199, "Actual Startup Time": 21134.985, "Actual Total Time": 21134.993, "Actual Rows": 20, "Actual Loops": 1, "Plans": [{"Node Type": "Sort", "Parent Relationship": "Outer", "Startup Cost": 4127035.84, "Total Cost": 4130650.58, "Plan Rows": 20, "Plan Width": 199, "Actual Startup Time": 21134.982, "Actual Total Time": 21134.985, "Actual Rows": 20, "Actual Loops": 1, "Sort Key": ["(sum((lineitem.l_extendedprice * (1::double precision - lineitem.l_discount)))) DESC"], "Sort Method": "top-N heapsort", "Sort Space Used": 35, "Sort Space Type": "Memory", "Plans": [{"Node Type": "Aggregate", "Strategy": "Hashed", "Parent Relationship": "Outer", "Startup Cost": 4074102.03, "Total Cost": 4088561.01, "Plan Rows": 1445898, "Plan Width": 199, "Actual Startup Time": 20745.969, "Actual Total Time": 20998.23, "Actual Rows": 381542, "Actual Loops": 1, "Group By Key": ["customer.c_custkey", "customer.c_name", "customer.c_acctbal", "customer.c_phone", "nation.n_name", "customer.c_address", "customer.c_comment"], "Plans": [{"Node Type": "Nested Loop", "Parent Relationship": "Outer", "Join Type": "Inner", "Startup Cost": 99528.29, "Total Cost": 4037954.58, "Plan Rows": 1445898, "Plan Width": 191, "Actual Startup Time": 1600.72, "Actual Total Time": 18843.051, "Actual Rows": 1145969, "Actual Loops": 1, "Inner Unique": false, "Plans": [{"Node Type": "Hash Join", "Parent Relationship": "Outer", "Join Type": "Inner", "Startup Cost": 99528.29, "Total Cost": 921337.14, "Plan Rows": 575746, "Plan Width": 183, "Actual Startup Time": 1600.653, "Actual Total Time": 13140.575, "Actual Rows": 573635, "Actual Loops": 1, "Inner Unique": true, "Hash Cond": "(customer.c_nationkey = nation.n_nationkey), (LLVM Optimized, Jit Execute)", "Plans": [{"Node Type": "Hash Join", "Parent Relationship": "Outer", "Join Type": "Inner", "Startup Cost": 99515.36, "Total Cost": 913407.69, "Plan Rows": 575746, "Plan Width": 161, "Actual Startup Time": 1600.552, "Actual Total Time": 12889.515, "Actual Rows": 573635, "Actual Loops": 1, "Inner Unique": true, "Hash Cond": "(orders.o_custkey = customer.c_custkey), (LLVM Optimized, Jit Execute)", "Plans": [{"Node Type": "Index Scan", "Parent Relationship": "Outer", "Scan Direction": "Forward", "Index Name": "orders_pkey", "Relation Name": "orders", "Alias": "orders", "Startup Cost": 0.0, "Total Cost": 805975.83, "Plan Rows": 575746, "Plan Width": 16, "Actual Startup Time": 0.033, "Actual Total Time": 10620.983, "Actual Rows": 573635, "Actual Loops": 1, "Filter": "((o_orderdate >= '1993-08-01 00:00:00'::timestamp(0) without time zone) AND (o_orderdate < '1993-11-01 00:00:00'::timestamp without time zone)), (LLVM Optimized, Jit Execute)", "Rows Removed by Filter": 14426365}, {"Node Type": "Hash", "Parent Relationship": "Inner", "Startup Cost": 80765.36, "Total Cost": 80765.36, "Plan Rows": 1500000, "Plan Width": 153, "Actual Startup Time": 1599.252, "Actual Total Time": 1599.252, "Actual Rows": 1500000, "Actual Loops": 1, "Hash Buckets": 2097152, "Hash Batches": 1, "Original Hash Batches": 1, "Peak Memory Usage": 282695, "Plans": [{"Node Type": "Index Scan", "Parent Relationship": "Outer", "Scan Direction": "Forward", "Index Name": "customer_pkey", "Relation Name": "customer", "Alias": "customer", "Startup Cost": 0.0, "Total Cost": 80765.36, "Plan Rows": 1500000, "Plan Width": 153, "Actual Startup Time": 0.023, "Actual Total Time": 944.077, "Actual Rows": 1500000, "Actual Loops": 1}]}]}, {"Node Type": "Hash", "Parent Relationship": "Inner", "Startup Cost": 12.62, "Total Cost": 12.62, "Plan Rows": 25, "Plan Width": 30, "Actual Startup Time": 0.055, "Actual Total Time": 0.055, "Actual Rows": 25, "Actual Loops": 1, "Hash Buckets": 32768, "Hash Batches": 1, "Original Hash Batches": 1, "Peak Memory Usage": 2, "Plans": [{"Node Type": "Index Scan", "Parent Relationship": "Outer", "Scan Direction": "Forward", "Index Name": "nation_pkey", "Relation Name": "nation", "Alias": "nation", "Startup Cost": 0.0, "Total Cost": 12.62, "Plan Rows": 25, "Plan Width": 30, "Actual Startup Time": 0.022, "Actual Total Time": 0.035, "Actual Rows": 25, "Actual Loops": 1}]}]}, {"Node Type": "Index Scan", "Parent Relationship": "Inner", "Scan Direction": "Forward", "Index Name": "idx_lineitem_orderkey", "Relation Name": "lineitem", "Alias": "lineitem", "Startup Cost": 0.0, "Total Cost": 5.38, "Plan Rows": 3, "Plan Width": 24, "Actual Startup Time": 3796.484, "Actual Total Time": 5067.305, "Actual Rows": 1145969, "Actual Loops": 573635, "Index Cond": "(l_orderkey = orders.o_orderkey)", "Rows Removed by Index Recheck": 0, "Filter": "(l_returnflag = 'R'::bpchar)", "Rows Removed by Filter": 1146896}]}]}]}]}, "Triggers": [], "Planner Runtime": 1, "Total Runtime": 21145.328, "Unique SQL Id": 1604070524}}, "(64, 78)": {"explain_plan": {"Plan": {"Node Type": "Limit", "Startup Cost": 2943502.95, "Total Cost": 2943503.0, "Plan Rows": 20, "Plan Width": 199, "Plans": [{"Node Type": "Sort", "Parent Relationship": "Outer", "Startup Cost": 2943502.95, "Total Cost": 2947117.69, "Plan Rows": 20, "Plan Width": 199, "Sort Key": ["(sum((lineitem.l_extendedprice * (1::double precision - lineitem.l_discount)))) DESC"], "Plans": [{"Node Type": "Aggregate", "Strategy": "Hashed", "Parent Relationship": "Outer", "Startup Cost": 2890569.14, "Total Cost": 2905028.12, "Plan Rows": 1445898, "Plan Width": 199, "Group By Key": ["customer.c_custkey", "customer.c_name", "customer.c_acctbal", "customer.c_phone", "nation.n_name", "customer.c_address", "customer.c_comment"], "Plans": [{"Node Type": "Hash Join", "Parent Relationship": "Outer", "Join Type": "Inner", "Startup Cost": 579485.57, "Total Cost": 2854421.69, "Plan Rows": 1445898, "Plan Width": 191, "Inner Unique": true, "Hash Cond": "(customer.c_nationkey = nation.n_nationkey), (LLVM Optimized)", "Plans": [{"Node Type": "Hash Join", "Parent Relationship": "Outer", "Join Type": "Inner", "Startup Cost": 579484.01, "Total Cost": 2834539.03, "Plan Rows": 1445898, "Plan Width": 169, "Inner Unique": true, "Hash Cond": "(orders.o_custkey = customer.c_custkey), (LLVM Optimized)", "Plans": [{"Node Type": "Hash Join", "Parent Relationship": "Outer", "Join Type": "Inner", "Startup Cost": 508608.01, "Total Cost": 2743781.94, "Plan Rows": 1445898, "Plan Width": 24, "Inner Unique": true, "Hash Cond": "(lineitem.l_orderkey = orders.o_orderkey), (LLVM Optimized)", "Plans": [{"Node Type": "Seq Scan", "Parent Relationship": "Outer", "Relation Name": "lineitem", "Alias": "lineitem", "Startup Cost": 0.0, "Total Cost": 2165082.91, "Plan Rows": 14835209, "Plan Width": 24, "Filter": "(l_returnflag = 'R'::bpchar), (LLVM Optimized)"}, {"Node Type": "Hash", "Parent Relationship": "Inner", "Startup Cost": 501411.18, "Total Cost": 501411.18, "Plan Rows": 575746, "Plan Width": 16, "Plans": [{"Node Type": "Seq Scan", "Parent Relationship": "Outer", "Relation Name": "orders", "Alias": "orders", "Startup Cost": 578.97, "Total Cost": 501411.18, "Plan Rows": 575746, "Plan Width": 16, "Filter": "((o_orderdate >= '1993-08-01 00:00:00'::timestamp(0) without time zone) AND (o_orderdate < '1993-11-01 00:00:00'::timestamp without time zone)), (LLVM Optimized)"}]}]}, {"Node Type": "Hash", "Parent Relationship": "Inner", "Startup Cost": 52126.0, "Total Cost": 52126.0, "Plan Rows": 1500000, "Plan Width": 153, "Plans": [{"Node Type": "Seq Scan", "Parent Relationship": "Outer", "Relation Name": "customer", "Alias": "customer", "Startup Cost": 0.0, "Total Cost": 52126.0, "Plan Rows": 1500000, "Plan Width": 153}]}]}, {"Node Type": "Hash", "Parent Relationship": "Inner", "Startup Cost": 1.25, "Total Cost": 1.25, "Plan Rows": 25, "Plan Width": 30, "Plans": [{"Node Type": "Seq Scan", "Parent Relationship": "Outer", "Relation Name": "nation", "Alias": "nation", "Startup Cost": 0.0, "Total Cost": 1.25, "Plan Rows": 25, "Plan Width": 30}]}]}]}]}]}, "Unique SQL Id": 1604070524, "Planner Runtime": 1}, "explain_analyze_plan": {"Plan": {"Node Type": "Limit", "Startup Cost": 2943502.95, "Total Cost": 2943503.0, "Plan Rows": 20, "Plan Width": 199, "Actual Startup Time": 36920.501, "Actual Total Time": 36920.507, "Actual Rows": 20, "Actual Loops": 1, "Plans": [{"Node Type": "Sort", "Parent Relationship": "Outer", "Startup Cost": 2943502.95, "Total Cost": 2947117.69, "Plan Rows": 20, "Plan Width": 199, "Actual Startup Time": 36920.499, "Actual Total Time": 36920.503, "Actual Rows": 20, "Actual Loops": 1, "Sort Key": ["(sum((lineitem.l_extendedprice * (1::double precision - lineitem.l_discount)))) DESC"], "Sort Method": "top-N heapsort", "Sort Space Used": 35, "Sort Space Type": "Memory", "Plans": [{"Node Type": "Aggregate", "Strategy": "Hashed", "Parent Relationship": "Outer", "Startup Cost": 2890569.14, "Total Cost": 2905028.12, "Plan Rows": 1445898, "Plan Width": 199, "Actual Startup Time": 36545.483, "Actual Total Time": 36785.555, "Actual Rows": 381542, "Actual Loops": 1, "Group By Key": ["customer.c_custkey", "customer.c_name", "customer.c_acctbal", "customer.c_phone", "nation.n_name", "customer.c_address", "customer.c_comment"], "Plans": [{"Node Type": "Hash Join", "Parent Relationship": "Outer", "Join Type": "Inner", "Startup Cost": 579485.57, "Total Cost": 2854421.69, "Plan Rows": 1445898, "Plan Width": 191, "Actual Startup Time": 6881.164, "Actual Total Time": 34691.279, "Actual Rows": 1145969, "Actual Loops": 1, "Inner Unique": true, "Hash Cond": "(customer.c_nationkey = nation.n_nationkey), (LLVM Optimized, Jit Execute)", "Plans": [{"Node Type": "Hash Join", "Parent Relationship": "Outer", "Join Type": "Inner", "Startup Cost": 579484.01, "Total Cost": 2834539.03, "Plan Rows": 1445898, "Plan Width": 169, "Actual Startup Time": 6881.038, "Actual Total Time": 34222.051, "Actual Rows": 1145969, "Actual Loops": 1, "Inner Unique": true, "Hash Cond": "(orders.o_custkey = customer.c_custkey), (LLVM Optimized, Jit Execute)", "Plans": [{"Node Type": "Hash Join", "Parent Relationship": "Outer", "Join Type": "Inner", "Startup Cost": 508608.01, "Total Cost": 2743781.94, "Plan Rows": 1445898, "Plan Width": 24, "Actual Startup Time": 5638.194, "Actual Total Time": 32187.007, "Actual Rows": 1145969, "Actual Loops": 1, "Inner Unique": true, "Hash Cond": "(lineitem.l_orderkey = orders.o_orderkey), (LLVM Optimized, Jit Execute)", "Plans": [{"Node Type": "Seq Scan", "Parent Relationship": "Outer", "Relation Name": "lineitem", "Alias": "lineitem", "Startup Cost": 0.0, "Total Cost": 2165082.91, "Plan Rows": 14835209, "Plan Width": 24, "Actual Startup Time": 0.023, "Actual Total Time": 21948.455, "Actual Rows": 14808183, "Actual Loops": 1, "Filter": "(l_returnflag = 'R'::bpchar), (LLVM Optimized, Jit Execute)", "Rows Removed by Filter": 45177869}, {"Node Type": "Hash", "Parent Relationship": "Inner", "Startup Cost": 501411.18, "Total Cost": 501411.18, "Plan Rows": 575746, "Plan Width": 16, "Actual Startup Time": 5637.479, "Actual Total Time": 5637.479, "Actual Rows": 573635, "Actual Loops": 1, "Hash Buckets": 1048576, "Hash Batches": 1, "Original Hash Batches": 1, "Peak Memory Usage": 26890, "Plans": [{"Node Type": "Seq Scan", "Parent Relationship": "Outer", "Relation Name": "orders", "Alias": "orders", "Startup Cost": 578.97, "Total Cost": 501411.18, "Plan Rows": 575746, "Plan Width": 16, "Actual Startup Time": 0.025, "Actual Total Time": 5354.546, "Actual Rows": 573635, "Actual Loops": 1, "Filter": "((o_orderdate >= '1993-08-01 00:00:00'::timestamp(0) without time zone) AND (o_orderdate < '1993-11-01 00:00:00'::timestamp without time zone)), (LLVM Optimized, Jit Execute)", "Rows Removed by Filter": 14426365}]}]}, {"Node Type": "Hash", "Parent Relationship": "Inner", "Startup Cost": 52126.0, "Total Cost": 52126.0, "Plan Rows": 1500000, "Plan Width": 153, "Actual Startup Time": 1241.53, "Actual Total Time": 1241.53, "Actual Rows": 1500000, "Actual Loops": 1, "Hash Buckets": 2097152, "Hash Batches": 1, "Original Hash Batches": 1, "Peak Memory Usage": 282695, "Plans": [{"Node Type": "Seq Scan", "Parent Relationship": "Outer", "Relation Name": "customer", "Alias": "customer", "Startup Cost": 0.0, "Total Cost": 52126.0, "Plan Rows": 1500000, "Plan Width": 153, "Actual Startup Time": 0.017, "Actual Total Time": 579.941, "Actual Rows": 1500000, "Actual Loops": 1}]}]}, {"Node Type": "Hash", "Parent Relationship": "Inner", "Startup Cost": 1.25, "Total Cost": 1.25, "Plan Rows": 25, "Plan Width": 30, "Actual Startup Time": 0.056, "Actual Total Time": 0.056, "Actual Rows": 25, "Actual Loops": 1, "Hash Buckets": 32768, "Hash Batches": 1, "Original Hash Batches": 1, "Peak Memory Usage": 2, "Plans": [{"Node Type": "Seq Scan", "Parent Relationship": "Outer", "Relation Name": "nation", "Alias": "nation", "Startup Cost": 0.0, "Total Cost": 1.25, "Plan Rows": 25, "Plan Width": 30, "Actual Startup Time": 0.025, "Actual Total Time": 0.033, "Actual Rows": 25, "Actual Loops": 1}]}]}]}]}]}, "Triggers": [], "Planner Runtime": 1, "Total Runtime": 36931.228, "Unique SQL Id": 1604070524}}, "(64, 79)": {"explain_plan": {"Plan": {"Node Type": "Limit", "Startup Cost": 4000411733144.66, "Total Cost": 4000411733144.71, "Plan Rows": 20, "Plan Width": 199, "Plans": [{"Node Type": "Sort", "Parent Relationship": "Outer", "Startup Cost": 4000411733144.66, "Total Cost": 4000411736759.4, "Plan Rows": 20, "Plan Width": 199, "Sort Key": ["(sum((lineitem.l_extendedprice * (1::double precision - lineitem.l_discount)))) DESC"], "Plans": [{"Node Type": "Aggregate", "Strategy": "Hashed", "Parent Relationship": "Outer", "Startup Cost": 4000411680210.85, "Total Cost": 4000411694669.83, "Plan Rows": 1445898, "Plan Width": 199, "Group By Key": ["customer.c_custkey", "customer.c_name", "customer.c_acctbal", "customer.c_phone", "nation.n_name", "customer.c_address", "customer.c_comment"], "Plans": [{"Node Type": "Hash Join", "Parent Relationship": "Outer", "Join Type": "Inner", "Startup Cost": 2020044209161.6, "Total Cost": 4000411644063.4, "Plan Rows": 1445898, "Plan Width": 191, "Inner Unique": true, "Hash Cond": "(customer.c_nationkey = nation.n_nationkey), (LLVM Optimized)", "Plans": [{"Node Type": "Hash Join", "Parent Relationship": "Outer", "Join Type": "Inner", "Startup Cost": 1020044207898.79, "Total Cost": 3000411622919.49, "Plan Rows": 1445898, "Plan Width": 169, "Inner Unique": true, "Hash Cond": "(orders.o_custkey = customer.c_custkey), (LLVM Optimized)", "Plans": [{"Node Type": "Merge Join", "Parent Relationship": "Outer", "Join Type": "Inner", "Startup Cost": 20036112613.17, "Total Cost": 2000403507752.77, "Plan Rows": 1445898, "Plan Width": 24, "Inner Unique": false, "Merge Cond": "(orders.o_orderkey = lineitem.l_orderkey)", "Plans": [{"Node Type": "Index Scan", "Parent Relationship": "Outer", "Scan Direction": "Forward", "Index Name": "orders_pkey", "Relation Name": "orders", "Alias": "orders", "Startup Cost": 10000000000.0, "Total Cost": 1000080597583.0, "Plan Rows": 575746, "Plan Width": 16, "Filter": "((o_orderdate >= '1993-08-01 00:00:00'::timestamp(0) without time zone) AND (o_orderdate < '1993-11-01 00:00:00'::timestamp without time zone)), (LLVM Optimized)"}, {"Node Type": "Index Scan", "Parent Relationship": "Inner", "Scan Direction": "Forward", "Index Name": "idx_lineitem_orderkey", "Relation Name": "lineitem", "Alias": "lineitem", "Startup Cost": 10000000000.0, "Total Cost": 1000339012132.75, "Plan Rows": 14835209, "Plan Width": 24, "Filter": "(l_returnflag = 'R'::bpchar), (LLVM Optimized)"}]}, {"Node Type": "Hash", "Parent Relationship": "Inner", "Startup Cost": 1000008076535.62, "Total Cost": 1000008076535.62, "Plan Rows": 1500000, "Plan Width": 153, "Plans": [{"Node Type": "Index Scan", "Parent Relationship": "Outer", "Scan Direction": "Forward", "Index Name": "customer_pkey", "Relation Name": "customer", "Alias": "customer", "Startup Cost": 10000000000.0, "Total Cost": 1000008076535.62, "Plan Rows": 1500000, "Plan Width": 153}]}]}, {"Node Type": "Hash", "Parent Relationship": "Inner", "Startup Cost": 1000000001262.5, "Total Cost": 1000000001262.5, "Plan Rows": 25, "Plan Width": 30, "Plans": [{"Node Type": "Index Scan", "Parent Relationship": "Outer", "Scan Direction": "Forward", "Index Name": "nation_pkey", "Relation Name": "nation", "Alias": "nation", "Startup Cost": 10000000000.0, "Total Cost": 1000000001262.5, "Plan Rows": 25, "Plan Width": 30}]}]}]}]}]}, "Unique SQL Id": 1604070524, "Planner Runtime": 2}, "explain_analyze_plan": {"Plan": {"Node Type": "Limit", "Startup Cost": 4000411733144.66, "Total Cost": 4000411733144.71, "Plan Rows": 20, "Plan Width": 199, "Actual Startup Time": 61985.336, "Actual Total Time": 61985.342, "Actual Rows": 20, "Actual Loops": 1, "Plans": [{"Node Type": "Sort", "Parent Relationship": "Outer", "Startup Cost": 4000411733144.66, "Total Cost": 4000411736759.4, "Plan Rows": 20, "Plan Width": 199, "Actual Startup Time": 61985.332, "Actual Total Time": 61985.337, "Actual Rows": 20, "Actual Loops": 1, "Sort Key": ["(sum((lineitem.l_extendedprice * (1::double precision - lineitem.l_discount)))) DESC"], "Sort Method": "top-N heapsort", "Sort Space Used": 35, "Sort Space Type": "Memory", "Plans": [{"Node Type": "Aggregate", "Strategy": "Hashed", "Parent Relationship": "Outer", "Startup Cost": 4000411680210.85, "Total Cost": 4000411694669.83, "Plan Rows": 1445898, "Plan Width": 199, "Actual Startup Time": 61645.825, "Actual Total Time": 61851.513, "Actual Rows": 381542, "Actual Loops": 1, "Group By Key": ["customer.c_custkey", "customer.c_name", "customer.c_acctbal", "customer.c_phone", "nation.n_name", "customer.c_address", "customer.c_comment"], "Plans": [{"Node Type": "Hash Join", "Parent Relationship": "Outer", "Join Type": "Inner", "Startup Cost": 2020044209161.6, "Total Cost": 4000411644063.4, "Plan Rows": 1445898, "Plan Width": 191, "Actual Startup Time": 1662.757, "Actual Total Time": 59762.318, "Actual Rows": 1145969, "Actual Loops": 1, "Inner Unique": true, "Hash Cond": "(customer.c_nationkey = nation.n_nationkey), (LLVM Optimized, Jit Execute)", "Plans": [{"Node Type": "Hash Join", "Parent Relationship": "Outer", "Join Type": "Inner", "Startup Cost": 1020044207898.79, "Total Cost": 3000411622919.49, "Plan Rows": 1445898, "Plan Width": 169, "Actual Startup Time": 1662.655, "Actual Total Time": 59291.122, "Actual Rows": 1145969, "Actual Loops": 1, "Inner Unique": true, "Hash Cond": "(orders.o_custkey = customer.c_custkey), (LLVM Optimized, Jit Execute)", "Plans": [{"Node Type": "Merge Join", "Parent Relationship": "Outer", "Join Type": "Inner", "Startup Cost": 20036112613.17, "Total Cost": 2000403507752.77, "Plan Rows": 1445898, "Plan Width": 24, "Actual Startup Time": 0.067, "Actual Total Time": 56787.677, "Actual Rows": 1145969, "Actual Loops": 1, "Inner Unique": false, "Merge Cond": "(orders.o_orderkey = lineitem.l_orderkey)", "Plans": [{"Node Type": "Index Scan", "Parent Relationship": "Outer", "Scan Direction": "Forward", "Index Name": "orders_pkey", "Relation Name": "orders", "Alias": "orders", "Startup Cost": 10000000000.0, "Total Cost": 1000080597583.0, "Plan Rows": 575746, "Plan Width": 16, "Actual Startup Time": 0.034, "Actual Total Time": 9322.623, "Actual Rows": 573635, "Actual Loops": 1, "Filter": "((o_orderdate >= '1993-08-01 00:00:00'::timestamp(0) without time zone) AND (o_orderdate < '1993-11-01 00:00:00'::timestamp without time zone)), (LLVM Optimized, Jit Execute)", "Rows Removed by Filter": 14426365}, {"Node Type": "Index Scan", "Parent Relationship": "Inner", "Scan Direction": "Forward", "Index Name": "idx_lineitem_orderkey", "Relation Name": "lineitem", "Alias": "lineitem", "Startup Cost": 10000000000.0, "Total Cost": 1000339012132.75, "Plan Rows": 14835209, "Plan Width": 24, "Actual Startup Time": 0.026, "Actual Total Time": 44790.91, "Actual Rows": 14808182, "Actual Loops": 1, "Filter": "(l_returnflag = 'R'::bpchar), (LLVM Optimized, Jit Execute)", "Rows Removed by Filter": 45177851}]}, {"Node Type": "Hash", "Parent Relationship": "Inner", "Startup Cost": 1000008076535.62, "Total Cost": 1000008076535.62, "Plan Rows": 1500000, "Plan Width": 153, "Actual Startup Time": 1661.317, "Actual Total Time": 1661.317, "Actual Rows": 1500000, "Actual Loops": 1, "Hash Buckets": 2097152, "Hash Batches": 1, "Original Hash Batches": 1, "Peak Memory Usage": 282695, "Plans": [{"Node Type": "Index Scan", "Parent Relationship": "Outer", "Scan Direction": "Forward", "Index Name": "customer_pkey", "Relation Name": "customer", "Alias": "customer", "Startup Cost": 10000000000.0, "Total Cost": 1000008076535.62, "Plan Rows": 1500000, "Plan Width": 153, "Actual Startup Time": 0.022, "Actual Total Time": 970.203, "Actual Rows": 1500000, "Actual Loops": 1}]}]}, {"Node Type": "Hash", "Parent Relationship": "Inner", "Startup Cost": 1000000001262.5, "Total Cost": 1000000001262.5, "Plan Rows": 25, "Plan Width": 30, "Actual Startup Time": 0.056, "Actual Total Time": 0.056, "Actual Rows": 25, "Actual Loops": 1, "Hash Buckets": 32768, "Hash Batches": 1, "Original Hash Batches": 1, "Peak Memory Usage": 2, "Plans": [{"Node Type": "Index Scan", "Parent Relationship": "Outer", "Scan Direction": "Forward", "Index Name": "nation_pkey", "Relation Name": "nation", "Alias": "nation", "Startup Cost": 10000000000.0, "Total Cost": 1000000001262.5, "Plan Rows": 25, "Plan Width": 30, "Actual Startup Time": 0.02, "Actual Total Time": 0.036, "Actual Rows": 25, "Actual Loops": 1}]}]}]}]}]}, "Triggers": [], "Planner Runtime": 2, "Total Runtime": 61995.854, "Unique SQL Id": 1604070524}}, "(64, 80)": {"explain_plan": {"Plan": {"Node Type": "Limit", "Startup Cost": 3717442.55, "Total Cost": 3717442.6, "Plan Rows": 20, "Plan Width": 199, "Plans": [{"Node Type": "Sort", "Parent Relationship": "Outer", "Startup Cost": 3717442.55, "Total Cost": 3721057.3, "Plan Rows": 20, "Plan Width": 199, "Sort Key": ["(sum((lineitem.l_extendedprice * (1::double precision - lineitem.l_discount)))) DESC"], "Plans": [{"Node Type": "Aggregate", "Strategy": "Hashed", "Parent Relationship": "Outer", "Startup Cost": 3664508.75, "Total Cost": 3678967.73, "Plan Rows": 1445898, "Plan Width": 199, "Group By Key": ["customer.c_custkey", "customer.c_name", "customer.c_acctbal", "customer.c_phone", "nation.n_name", "customer.c_address", "customer.c_comment"], "Plans": [{"Node Type": "Nested Loop", "Parent Relationship": "Outer", "Join Type": "Inner", "Startup Cost": 503107.54, "Total Cost": 3628361.3, "Plan Rows": 1445898, "Plan Width": 191, "Inner Unique": false, "Plans": [{"Node Type": "Merge Join", "Parent Relationship": "Outer", "Join Type": "Inner", "Startup Cost": 503107.54, "Total Cost": 511743.85, "Plan Rows": 575746, "Plan Width": 183, "Inner Unique": false, "Merge Cond": "(nation.n_nationkey = customer.c_nationkey)", "Plans": [{"Node Type": "Sort", "Parent Relationship": "Outer", "Startup Cost": 1.83, "Total Cost": 1.89, "Plan Rows": 25, "Plan Width": 30, "Sort Key": ["nation.n_nationkey"], "Plans": [{"Node Type": "Seq Scan", "Parent Relationship": "Outer", "Relation Name": "nation", "Alias": "nation", "Startup Cost": 0.0, "Total Cost": 1.25, "Plan Rows": 25, "Plan Width": 30}]}, {"Node Type": "Sort", "Parent Relationship": "Inner", "Startup Cost": 503105.7, "Total Cost": 504545.07, "Plan Rows": 575746, "Plan Width": 161, "Sort Key": ["customer.c_nationkey"], "Plans": [{"Node Type": "Merge Join", "Parent Relationship": "Outer", "Join Type": "Inner", "Startup Cost": 354871.86, "Total Cost": 448021.0, "Plan Rows": 575746, "Plan Width": 161, "Inner Unique": false, "Merge Cond": "(customer.c_custkey = orders.o_custkey)", "Plans": [{"Node Type": "Index Scan", "Parent Relationship": "Outer", "Scan Direction": "Forward", "Index Name": "customer_pkey", "Relation Name": "customer", "Alias": "customer", "Startup Cost": 0.0, "Total Cost": 80765.36, "Plan Rows": 1500000, "Plan Width": 153}, {"Node Type": "Sort", "Parent Relationship": "Inner", "Startup Cost": 354869.55, "Total Cost": 356308.91, "Plan Rows": 575746, "Plan Width": 16, "Sort Key": ["orders.o_custkey"], "Plans": [{"Node Type": "Bitmap Heap Scan", "Parent Relationship": "Outer", "Relation Name": "orders", "Alias": "orders", "Startup Cost": 14729.65, "Total Cost": 299784.84, "Plan Rows": 575746, "Plan Width": 16, "Recheck Cond": "((o_orderdate >= '1993-08-01 00:00:00'::timestamp(0) without time zone) AND (o_orderdate < '1993-11-01 00:00:00'::timestamp without time zone)), (LLVM Optimized)", "Plans": [{"Node Type": "Bitmap Index Scan", "Parent Relationship": "Outer", "Index Name": "idx_orders_orderdate", "Startup Cost": 0.0, "Total Cost": 14585.71, "Plan Rows": 575746, "Plan Width": 0, "Index Cond": "((o_orderdate >= '1993-08-01 00:00:00'::timestamp(0) without time zone) AND (o_orderdate < '1993-11-01 00:00:00'::timestamp without time zone))"}]}]}]}]}]}, {"Node Type": "Index Scan", "Parent Relationship": "Inner", "Scan Direction": "Forward", "Index Name": "idx_lineitem_orderkey", "Relation Name": "lineitem", "Alias": "lineitem", "Startup Cost": 0.0, "Total Cost": 5.38, "Plan Rows": 3, "Plan Width": 24, "Index Cond": "(l_orderkey = orders.o_orderkey)", "Filter": "(l_returnflag = 'R'::bpchar)"}]}]}]}]}, "Unique SQL Id": 1604070524, "Planner Runtime": 1}, "explain_analyze_plan": {"Plan": {"Node Type": "Limit", "Startup Cost": 3717442.55, "Total Cost": 3717442.6, "Plan Rows": 20, "Plan Width": 199, "Actual Startup Time": 13020.386, "Actual Total Time": 13020.393, "Actual Rows": 20, "Actual Loops": 1, "Plans": [{"Node Type": "Sort", "Parent Relationship": "Outer", "Startup Cost": 3717442.55, "Total Cost": 3721057.3, "Plan Rows": 20, "Plan Width": 199, "Actual Startup Time": 13020.383, "Actual Total Time": 13020.385, "Actual Rows": 20, "Actual Loops": 1, "Sort Key": ["(sum((lineitem.l_extendedprice * (1::double precision - lineitem.l_discount)))) DESC"], "Sort Method": "top-N heapsort", "Sort Space Used": 35, "Sort Space Type": "Memory", "Plans": [{"Node Type": "Aggregate", "Strategy": "Hashed", "Parent Relationship": "Outer", "Startup Cost": 3664508.75, "Total Cost": 3678967.73, "Plan Rows": 1445898, "Plan Width": 199, "Actual Startup Time": 12622.301, "Actual Total Time": 12884.523, "Actual Rows": 381542, "Actual Loops": 1, "Group By Key": ["customer.c_custkey", "customer.c_name", "customer.c_acctbal", "customer.c_phone", "nation.n_name", "customer.c_address", "customer.c_comment"], "Plans": [{"Node Type": "Nested Loop", "Parent Relationship": "Outer", "Join Type": "Inner", "Startup Cost": 503107.54, "Total Cost": 3628361.3, "Plan Rows": 1445898, "Plan Width": 191, "Actual Startup Time": 3248.55, "Actual Total Time": 10886.673, "Actual Rows": 1145969, "Actual Loops": 1, "Inner Unique": false, "Plans": [{"Node Type": "Merge Join", "Parent Relationship": "Outer", "Join Type": "Inner", "Startup Cost": 503107.54, "Total Cost": 511743.85, "Plan Rows": 575746, "Plan Width": 183, "Actual Startup Time": 3248.454, "Actual Total Time": 3691.089, "Actual Rows": 573635, "Actual Loops": 1, "Inner Unique": false, "Merge Cond": "(nation.n_nationkey = customer.c_nationkey)", "Plans": [{"Node Type": "Sort", "Parent Relationship": "Outer", "Startup Cost": 1.83, "Total Cost": 1.89, "Plan Rows": 25, "Plan Width": 30, "Actual Startup Time": 0.138, "Actual Total Time": 0.159, "Actual Rows": 25, "Actual Loops": 1, "Sort Key": ["nation.n_nationkey"], "Sort Method": "quicksort", "Sort Space Used": 27, "Sort Space Type": "Memory", "Plans": [{"Node Type": "Seq Scan", "Parent Relationship": "Outer", "Relation Name": "nation", "Alias": "nation", "Startup Cost": 0.0, "Total Cost": 1.25, "Plan Rows": 25, "Plan Width": 30, "Actual Startup Time": 0.018, "Actual Total Time": 0.024, "Actual Rows": 25, "Actual Loops": 1}]}, {"Node Type": "Sort", "Parent Relationship": "Inner", "Startup Cost": 503105.7, "Total Cost": 504545.07, "Plan Rows": 575746, "Plan Width": 161, "Actual Startup Time": 3248.298, "Actual Total Time": 3458.35, "Actual Rows": 573635, "Actual Loops": 1, "Sort Key": ["customer.c_nationkey"], "Sort Method": "quicksort", "Sort Space Used": 185911, "Sort Space Type": "Memory", "Plans": [{"Node Type": "Merge Join", "Parent Relationship": "Outer", "Join Type": "Inner", "Startup Cost": 354871.86, "Total Cost": 448021.0, "Plan Rows": 575746, "Plan Width": 161, "Actual Startup Time": 1323.063, "Actual Total Time": 2966.337, "Actual Rows": 573635, "Actual Loops": 1, "Inner Unique": false, "Merge Cond": "(customer.c_custkey = orders.o_custkey)", "Plans": [{"Node Type": "Index Scan", "Parent Relationship": "Outer", "Scan Direction": "Forward", "Index Name": "customer_pkey", "Relation Name": "customer", "Alias": "customer", "Startup Cost": 0.0, "Total Cost": 80765.36, "Plan Rows": 1500000, "Plan Width": 153, "Actual Startup Time": 0.026, "Actual Total Time": 1039.7, "Actual Rows": 1499999, "Actual Loops": 1}, {"Node Type": "Sort", "Parent Relationship": "Inner", "Startup Cost": 354869.55, "Total Cost": 356308.91, "Plan Rows": 575746, "Plan Width": 16, "Actual Startup Time": 1323.019, "Actual Total Time": 1456.301, "Actual Rows": 573635, "Actual Loops": 1, "Sort Key": ["orders.o_custkey"], "Sort Method": "quicksort", "Sort Space Used": 78355, "Sort Space Type": "Memory", "Plans": [{"Node Type": "Bitmap Heap Scan", "Parent Relationship": "Outer", "Relation Name": "orders", "Alias": "orders", "Startup Cost": 14729.65, "Total Cost": 299784.84, "Plan Rows": 575746, "Plan Width": 16, "Actual Startup Time": 245.596, "Actual Total Time": 1075.926, "Actual Rows": 573635, "Actual Loops": 1, "Recheck Cond": "((o_orderdate >= '1993-08-01 00:00:00'::timestamp(0) without time zone) AND (o_orderdate < '1993-11-01 00:00:00'::timestamp without time zone)), (LLVM Optimized, Jit Execute)", "Rows Removed by Index Recheck": 0, "Exact Heap Blocks": 242860, "Lossy Heap Blocks": 242860, "Plans": [{"Node Type": "Bitmap Index Scan", "Parent Relationship": "Outer", "Index Name": "idx_orders_orderdate", "Startup Cost": 0.0, "Total Cost": 14585.71, "Plan Rows": 575746, "Plan Width": 0, "Actual Startup Time": 170.102, "Actual Total Time": 170.102, "Actual Rows": 573635, "Actual Loops": 1, "Index Cond": "((o_orderdate >= '1993-08-01 00:00:00'::timestamp(0) without time zone) AND (o_orderdate < '1993-11-01 00:00:00'::timestamp without time zone))"}]}]}]}]}]}, {"Node Type": "Index Scan", "Parent Relationship": "Inner", "Scan Direction": "Forward", "Index Name": "idx_lineitem_orderkey", "Relation Name": "lineitem", "Alias": "lineitem", "Startup Cost": 0.0, "Total Cost": 5.38, "Plan Rows": 3, "Plan Width": 24, "Actual Startup Time": 5274.604, "Actual Total Time": 6599.077, "Actual Rows": 1145969, "Actual Loops": 573635, "Index Cond": "(l_orderkey = orders.o_orderkey)", "Rows Removed by Index Recheck": 0, "Filter": "(l_returnflag = 'R'::bpchar)", "Rows Removed by Filter": 1146896}]}]}]}]}, "Triggers": [], "Planner Runtime": 1, "Total Runtime": 13030.689, "Unique SQL Id": 1604070524}}, "(64, 81)": {"explain_plan": {"Plan": {"Node Type": "Limit", "Startup Cost": 3717453.28, "Total Cost": 3717453.33, "Plan Rows": 20, "Plan Width": 199, "Plans": [{"Node Type": "Sort", "Parent Relationship": "Outer", "Startup Cost": 3717453.28, "Total Cost": 3721068.03, "Plan Rows": 20, "Plan Width": 199, "Sort Key": ["(sum((lineitem.l_extendedprice * (1::double precision - lineitem.l_discount)))) DESC"], "Plans": [{"Node Type": "Aggregate", "Strategy": "Hashed", "Parent Relationship": "Outer", "Startup Cost": 3664519.48, "Total Cost": 3678978.46, "Plan Rows": 1445898, "Plan Width": 199, "Group By Key": ["customer.c_custkey", "customer.c_name", "customer.c_acctbal", "customer.c_phone", "nation.n_name", "customer.c_address", "customer.c_comment"], "Plans": [{"Node Type": "Nested Loop", "Parent Relationship": "Outer", "Join Type": "Inner", "Startup Cost": 503105.7, "Total Cost": 3628372.03, "Plan Rows": 1445898, "Plan Width": 191, "Inner Unique": false, "Plans": [{"Node Type": "Merge Join", "Parent Relationship": "Outer", "Join Type": "Inner", "Startup Cost": 503105.7, "Total Cost": 511754.58, "Plan Rows": 575746, "Plan Width": 183, "Inner Unique": false, "Merge Cond": "(nation.n_nationkey = customer.c_nationkey)", "Plans": [{"Node Type": "Index Scan", "Parent Relationship": "Outer", "Scan Direction": "Forward", "Index Name": "nation_pkey", "Relation Name": "nation", "Alias": "nation", "Startup Cost": 0.0, "Total Cost": 12.62, "Plan Rows": 25, "Plan Width": 30}, {"Node Type": "Sort", "Parent Relationship": "Inner", "Startup Cost": 503105.7, "Total Cost": 504545.07, "Plan Rows": 575746, "Plan Width": 161, "Sort Key": ["customer.c_nationkey"], "Plans": [{"Node Type": "Merge Join", "Parent Relationship": "Outer", "Join Type": "Inner", "Startup Cost": 354871.86, "Total Cost": 448021.0, "Plan Rows": 575746, "Plan Width": 161, "Inner Unique": false, "Merge Cond": "(customer.c_custkey = orders.o_custkey)", "Plans": [{"Node Type": "Index Scan", "Parent Relationship": "Outer", "Scan Direction": "Forward", "Index Name": "customer_pkey", "Relation Name": "customer", "Alias": "customer", "Startup Cost": 0.0, "Total Cost": 80765.36, "Plan Rows": 1500000, "Plan Width": 153}, {"Node Type": "Sort", "Parent Relationship": "Inner", "Startup Cost": 354869.55, "Total Cost": 356308.91, "Plan Rows": 575746, "Plan Width": 16, "Sort Key": ["orders.o_custkey"], "Plans": [{"Node Type": "Bitmap Heap Scan", "Parent Relationship": "Outer", "Relation Name": "orders", "Alias": "orders", "Startup Cost": 14729.65, "Total Cost": 299784.84, "Plan Rows": 575746, "Plan Width": 16, "Recheck Cond": "((o_orderdate >= '1993-08-01 00:00:00'::timestamp(0) without time zone) AND (o_orderdate < '1993-11-01 00:00:00'::timestamp without time zone)), (LLVM Optimized)", "Plans": [{"Node Type": "Bitmap Index Scan", "Parent Relationship": "Outer", "Index Name": "idx_orders_orderdate", "Startup Cost": 0.0, "Total Cost": 14585.71, "Plan Rows": 575746, "Plan Width": 0, "Index Cond": "((o_orderdate >= '1993-08-01 00:00:00'::timestamp(0) without time zone) AND (o_orderdate < '1993-11-01 00:00:00'::timestamp without time zone))"}]}]}]}]}]}, {"Node Type": "Index Scan", "Parent Relationship": "Inner", "Scan Direction": "Forward", "Index Name": "idx_lineitem_orderkey", "Relation Name": "lineitem", "Alias": "lineitem", "Startup Cost": 0.0, "Total Cost": 5.38, "Plan Rows": 3, "Plan Width": 24, "Index Cond": "(l_orderkey = orders.o_orderkey)", "Filter": "(l_returnflag = 'R'::bpchar)"}]}]}]}]}, "Unique SQL Id": 1604070524, "Planner Runtime": 1}, "explain_analyze_plan": {"Plan": {"Node Type": "Limit", "Startup Cost": 3717453.28, "Total Cost": 3717453.33, "Plan Rows": 20, "Plan Width": 199, "Actual Startup Time": 12878.002, "Actual Total Time": 12878.011, "Actual Rows": 20, "Actual Loops": 1, "Plans": [{"Node Type": "Sort", "Parent Relationship": "Outer", "Startup Cost": 3717453.28, "Total Cost": 3721068.03, "Plan Rows": 20, "Plan Width": 199, "Actual Startup Time": 12877.999, "Actual Total Time": 12878.004, "Actual Rows": 20, "Actual Loops": 1, "Sort Key": ["(sum((lineitem.l_extendedprice * (1::double precision - lineitem.l_discount)))) DESC"], "Sort Method": "top-N heapsort", "Sort Space Used": 35, "Sort Space Type": "Memory", "Plans": [{"Node Type": "Aggregate", "Strategy": "Hashed", "Parent Relationship": "Outer", "Startup Cost": 3664519.48, "Total Cost": 3678978.46, "Plan Rows": 1445898, "Plan Width": 199, "Actual Startup Time": 12452.652, "Actual Total Time": 12740.589, "Actual Rows": 381542, "Actual Loops": 1, "Group By Key": ["customer.c_custkey", "customer.c_name", "customer.c_acctbal", "customer.c_phone", "nation.n_name", "customer.c_address", "customer.c_comment"], "Plans": [{"Node Type": "Nested Loop", "Parent Relationship": "Outer", "Join Type": "Inner", "Startup Cost": 503105.7, "Total Cost": 3628372.03, "Plan Rows": 1445898, "Plan Width": 191, "Actual Startup Time": 2853.835, "Actual Total Time": 10700.527, "Actual Rows": 1145969, "Actual Loops": 1, "Inner Unique": false, "Plans": [{"Node Type": "Merge Join", "Parent Relationship": "Outer", "Join Type": "Inner", "Startup Cost": 503105.7, "Total Cost": 511754.58, "Plan Rows": 575746, "Plan Width": 183, "Actual Startup Time": 2853.75, "Actual Total Time": 3273.785, "Actual Rows": 573635, "Actual Loops": 1, "Inner Unique": false, "Merge Cond": "(nation.n_nationkey = customer.c_nationkey)", "Plans": [{"Node Type": "Index Scan", "Parent Relationship": "Outer", "Scan Direction": "Forward", "Index Name": "nation_pkey", "Relation Name": "nation", "Alias": "nation", "Startup Cost": 0.0, "Total Cost": 12.62, "Plan Rows": 25, "Plan Width": 30, "Actual Startup Time": 0.022, "Actual Total Time": 0.097, "Actual Rows": 25, "Actual Loops": 1}, {"Node Type": "Sort", "Parent Relationship": "Inner", "Startup Cost": 503105.7, "Total Cost": 504545.07, "Plan Rows": 575746, "Plan Width": 161, "Actual Startup Time": 2853.715, "Actual Total Time": 3003.832, "Actual Rows": 573635, "Actual Loops": 1, "Sort Key": ["customer.c_nationkey"], "Sort Method": "quicksort", "Sort Space Used": 185911, "Sort Space Type": "Memory", "Plans": [{"Node Type": "Merge Join", "Parent Relationship": "Outer", "Join Type": "Inner", "Startup Cost": 354871.86, "Total Cost": 448021.0, "Plan Rows": 575746, "Plan Width": 161, "Actual Startup Time": 1222.301, "Actual Total Time": 2586.447, "Actual Rows": 573635, "Actual Loops": 1, "Inner Unique": false, "Merge Cond": "(customer.c_custkey = orders.o_custkey)", "Plans": [{"Node Type": "Index Scan", "Parent Relationship": "Outer", "Scan Direction": "Forward", "Index Name": "customer_pkey", "Relation Name": "customer", "Alias": "customer", "Startup Cost": 0.0, "Total Cost": 80765.36, "Plan Rows": 1500000, "Plan Width": 153, "Actual Startup Time": 0.021, "Actual Total Time": 766.638, "Actual Rows": 1499999, "Actual Loops": 1}, {"Node Type": "Sort", "Parent Relationship": "Inner", "Startup Cost": 354869.55, "Total Cost": 356308.91, "Plan Rows": 575746, "Plan Width": 16, "Actual Startup Time": 1222.265, "Actual Total Time": 1347.975, "Actual Rows": 573635, "Actual Loops": 1, "Sort Key": ["orders.o_custkey"], "Sort Method": "quicksort", "Sort Space Used": 78355, "Sort Space Type": "Memory", "Plans": [{"Node Type": "Bitmap Heap Scan", "Parent Relationship": "Outer", "Relation Name": "orders", "Alias": "orders", "Startup Cost": 14729.65, "Total Cost": 299784.84, "Plan Rows": 575746, "Plan Width": 16, "Actual Startup Time": 242.111, "Actual Total Time": 983.159, "Actual Rows": 573635, "Actual Loops": 1, "Recheck Cond": "((o_orderdate >= '1993-08-01 00:00:00'::timestamp(0) without time zone) AND (o_orderdate < '1993-11-01 00:00:00'::timestamp without time zone)), (LLVM Optimized, Jit Execute)", "Rows Removed by Index Recheck": 0, "Exact Heap Blocks": 242860, "Lossy Heap Blocks": 242860, "Plans": [{"Node Type": "Bitmap Index Scan", "Parent Relationship": "Outer", "Index Name": "idx_orders_orderdate", "Startup Cost": 0.0, "Total Cost": 14585.71, "Plan Rows": 575746, "Plan Width": 0, "Actual Startup Time": 167.06, "Actual Total Time": 167.06, "Actual Rows": 573635, "Actual Loops": 1, "Index Cond": "((o_orderdate >= '1993-08-01 00:00:00'::timestamp(0) without time zone) AND (o_orderdate < '1993-11-01 00:00:00'::timestamp without time zone))"}]}]}]}]}]}, {"Node Type": "Index Scan", "Parent Relationship": "Inner", "Scan Direction": "Forward", "Index Name": "idx_lineitem_orderkey", "Relation Name": "lineitem", "Alias": "lineitem", "Startup Cost": 0.0, "Total Cost": 5.38, "Plan Rows": 3, "Plan Width": 24, "Actual Startup Time": 5556.409, "Actual Total Time": 6825.008, "Actual Rows": 1145969, "Actual Loops": 573635, "Index Cond": "(l_orderkey = orders.o_orderkey)", "Rows Removed by Index Recheck": 0, "Filter": "(l_returnflag = 'R'::bpchar)", "Rows Removed by Filter": 1146896}]}]}]}]}, "Triggers": [], "Planner Runtime": 1, "Total Runtime": 12888.49, "Unique SQL Id": 1604070524}}, "(64, 82)": {"explain_plan": {"Plan": {"Node Type": "Limit", "Startup Cost": 4808550.36, "Total Cost": 4808550.41, "Plan Rows": 20, "Plan Width": 199, "Plans": [{"Node Type": "Sort", "Parent Relationship": "Outer", "Startup Cost": 4808550.36, "Total Cost": 4812165.1, "Plan Rows": 20, "Plan Width": 199, "Sort Key": ["(sum((lineitem.l_extendedprice * (1::double precision - lineitem.l_discount)))) DESC"], "Plans": [{"Node Type": "Aggregate", "Strategy": "Hashed", "Parent Relationship": "Outer", "Startup Cost": 4755616.55, "Total Cost": 4770075.53, "Plan Rows": 1445898, "Plan Width": 199, "Group By Key": ["customer.c_custkey", "customer.c_name", "customer.c_acctbal", "customer.c_phone", "nation.n_name", "customer.c_address", "customer.c_comment"], "Plans": [{"Node Type": "Merge Join", "Parent Relationship": "Outer", "Join Type": "Inner", "Startup Cost": 4627956.66, "Total Cost": 4719469.1, "Plan Rows": 1445898, "Plan Width": 191, "Inner Unique": false, "Merge Cond": "(orders.o_orderkey = lineitem.l_orderkey)", "Plans": [{"Node Type": "Sort", "Parent Relationship": "Outer", "Startup Cost": 695813.19, "Total Cost": 697252.55, "Plan Rows": 575746, "Plan Width": 183, "Sort Key": ["orders.o_orderkey"], "Plans": [{"Node Type": "Merge Join", "Parent Relationship": "Outer", "Join Type": "Inner", "Startup Cost": 632092.16, "Total Cost": 640728.48, "Plan Rows": 575746, "Plan Width": 183, "Inner Unique": false, "Merge Cond": "(nation.n_nationkey = customer.c_nationkey)", "Plans": [{"Node Type": "Sort", "Parent Relationship": "Outer", "Startup Cost": 1.83, "Total Cost": 1.89, "Plan Rows": 25, "Plan Width": 30, "Sort Key": ["nation.n_nationkey"], "Plans": [{"Node Type": "Seq Scan", "Parent Relationship": "Outer", "Relation Name": "nation", "Alias": "nation", "Startup Cost": 0.0, "Total Cost": 1.25, "Plan Rows": 25, "Plan Width": 30}]}, {"Node Type": "Sort", "Parent Relationship": "Inner", "Startup Cost": 632090.33, "Total Cost": 633529.7, "Plan Rows": 575746, "Plan Width": 161, "Sort Key": ["customer.c_nationkey"], "Plans": [{"Node Type": "Merge Join", "Parent Relationship": "Outer", "Join Type": "Inner", "Startup Cost": 560869.73, "Total Cost": 577005.62, "Plan Rows": 575746, "Plan Width": 161, "Inner Unique": false, "Merge Cond": "(customer.c_custkey = orders.o_custkey)", "Plans": [{"Node Type": "Sort", "Parent Relationship": "Outer", "Startup Cost": 205999.98, "Total Cost": 209749.98, "Plan Rows": 1500000, "Plan Width": 153, "Sort Key": ["customer.c_custkey"], "Plans": [{"Node Type": "Seq Scan", "Parent Relationship": "Outer", "Relation Name": "customer", "Alias": "customer", "Startup Cost": 0.0, "Total Cost": 52126.0, "Plan Rows": 1500000, "Plan Width": 153}]}, {"Node Type": "Sort", "Parent Relationship": "Inner", "Startup Cost": 354869.55, "Total Cost": 356308.91, "Plan Rows": 575746, "Plan Width": 16, "Sort Key": ["orders.o_custkey"], "Plans": [{"Node Type": "Bitmap Heap Scan", "Parent Relationship": "Outer", "Relation Name": "orders", "Alias": "orders", "Startup Cost": 14729.65, "Total Cost": 299784.84, "Plan Rows": 575746, "Plan Width": 16, "Recheck Cond": "((o_orderdate >= '1993-08-01 00:00:00'::timestamp(0) without time zone) AND (o_orderdate < '1993-11-01 00:00:00'::timestamp without time zone)), (LLVM Optimized)", "Plans": [{"Node Type": "Bitmap Index Scan", "Parent Relationship": "Outer", "Index Name": "idx_orders_orderdate", "Startup Cost": 0.0, "Total Cost": 14585.71, "Plan Rows": 575746, "Plan Width": 0, "Index Cond": "((o_orderdate >= '1993-08-01 00:00:00'::timestamp(0) without time zone) AND (o_orderdate < '1993-11-01 00:00:00'::timestamp without time zone))"}]}]}]}]}]}]}, {"Node Type": "Sort", "Parent Relationship": "Inner", "Startup Cost": 3932143.37, "Total Cost": 3969231.39, "Plan Rows": 14835209, "Plan Width": 24, "Sort Key": ["lineitem.l_orderkey"], "Plans": [{"Node Type": "Seq Scan", "Parent Relationship": "Outer", "Relation Name": "lineitem", "Alias": "lineitem", "Startup Cost": 0.0, "Total Cost": 2165082.91, "Plan Rows": 14835209, "Plan Width": 24, "Filter": "(l_returnflag = 'R'::bpchar), (LLVM Optimized)"}]}]}]}]}]}, "Unique SQL Id": 1604070524, "Planner Runtime": 1}, "explain_analyze_plan": {"Plan": {"Node Type": "Limit", "Startup Cost": 4808550.36, "Total Cost": 4808550.41, "Plan Rows": 20, "Plan Width": 199, "Actual Startup Time": 39257.311, "Actual Total Time": 39257.316, "Actual Rows": 20, "Actual Loops": 1, "Plans": [{"Node Type": "Sort", "Parent Relationship": "Outer", "Startup Cost": 4808550.36, "Total Cost": 4812165.1, "Plan Rows": 20, "Plan Width": 199, "Actual Startup Time": 39257.308, "Actual Total Time": 39257.31, "Actual Rows": 20, "Actual Loops": 1, "Sort Key": ["(sum((lineitem.l_extendedprice * (1::double precision - lineitem.l_discount)))) DESC"], "Sort Method": "top-N heapsort", "Sort Space Used": 35, "Sort Space Type": "Memory", "Plans": [{"Node Type": "Aggregate", "Strategy": "Hashed", "Parent Relationship": "Outer", "Startup Cost": 4755616.55, "Total Cost": 4770075.53, "Plan Rows": 1445898, "Plan Width": 199, "Actual Startup Time": 38815.814, "Actual Total Time": 39121.615, "Actual Rows": 381542, "Actual Loops": 1, "Group By Key": ["customer.c_custkey", "customer.c_name", "customer.c_acctbal", "customer.c_phone", "nation.n_name", "customer.c_address", "customer.c_comment"], "Plans": [{"Node Type": "Merge Join", "Parent Relationship": "Outer", "Join Type": "Inner", "Startup Cost": 4627956.66, "Total Cost": 4719469.1, "Plan Rows": 1445898, "Plan Width": 191, "Actual Startup Time": 32259.33, "Actual Total Time": 37139.686, "Actual Rows": 1145969, "Actual Loops": 1, "Inner Unique": false, "Merge Cond": "(orders.o_orderkey = lineitem.l_orderkey)", "Plans": [{"Node Type": "Sort", "Parent Relationship": "Outer", "Startup Cost": 695813.19, "Total Cost": 697252.55, "Plan Rows": 575746, "Plan Width": 183, "Actual Startup Time": 4421.749, "Actual Total Time": 4613.367, "Actual Rows": 573635, "Actual Loops": 1, "Sort Key": ["orders.o_orderkey"], "Sort Method": "quicksort", "Sort Space Used": 199246, "Sort Space Type": "Memory", "Plans": [{"Node Type": "Merge Join", "Parent Relationship": "Outer", "Join Type": "Inner", "Startup Cost": 632092.16, "Total Cost": 640728.48, "Plan Rows": 575746, "Plan Width": 183, "Actual Startup Time": 3712.747, "Actual Total Time": 4088.752, "Actual Rows": 573635, "Actual Loops": 1, "Inner Unique": false, "Merge Cond": "(nation.n_nationkey = customer.c_nationkey)", "Plans": [{"Node Type": "Sort", "Parent Relationship": "Outer", "Startup Cost": 1.83, "Total Cost": 1.89, "Plan Rows": 25, "Plan Width": 30, "Actual Startup Time": 0.044, "Actual Total Time": 0.053, "Actual Rows": 25, "Actual Loops": 1, "Sort Key": ["nation.n_nationkey"], "Sort Method": "quicksort", "Sort Space Used": 27, "Sort Space Type": "Memory", "Plans": [{"Node Type": "Seq Scan", "Parent Relationship": "Outer", "Relation Name": "nation", "Alias": "nation", "Startup Cost": 0.0, "Total Cost": 1.25, "Plan Rows": 25, "Plan Width": 30, "Actual Startup Time": 0.019, "Actual Total Time": 0.027, "Actual Rows": 25, "Actual Loops": 1}]}, {"Node Type": "Sort", "Parent Relationship": "Inner", "Startup Cost": 632090.33, "Total Cost": 633529.7, "Plan Rows": 575746, "Plan Width": 161, "Actual Startup Time": 3712.687, "Actual Total Time": 3847.239, "Actual Rows": 573635, "Actual Loops": 1, "Sort Key": ["customer.c_nationkey"], "Sort Method": "quicksort", "Sort Space Used": 185911, "Sort Space Type": "Memory", "Plans": [{"Node Type": "Merge Join", "Parent Relationship": "Outer", "Join Type": "Inner", "Startup Cost": 560869.73, "Total Cost": 577005.62, "Plan Rows": 575746, "Plan Width": 161, "Actual Startup Time": 2426.213, "Actual Total Time": 3444.826, "Actual Rows": 573635, "Actual Loops": 1, "Inner Unique": false, "Merge Cond": "(customer.c_custkey = orders.o_custkey)", "Plans": [{"Node Type": "Sort", "Parent Relationship": "Outer", "Startup Cost": 205999.98, "Total Cost": 209749.98, "Plan Rows": 1500000, "Plan Width": 153, "Actual Startup Time": 1282.619, "Actual Total Time": 1611.594, "Actual Rows": 1499999, "Actual Loops": 1, "Sort Key": ["customer.c_custkey"], "Sort Method": "quicksort", "Sort Space Used": 470340, "Sort Space Type": "Memory", "Plans": [{"Node Type": "Seq Scan", "Parent Relationship": "Outer", "Relation Name": "customer", "Alias": "customer", "Startup Cost": 0.0, "Total Cost": 52126.0, "Plan Rows": 1500000, "Plan Width": 153, "Actual Startup Time": 0.02, "Actual Total Time": 583.789, "Actual Rows": 1500000, "Actual Loops": 1}]}, {"Node Type": "Sort", "Parent Relationship": "Inner", "Startup Cost": 354869.55, "Total Cost": 356308.91, "Plan Rows": 575746, "Plan Width": 16, "Actual Startup Time": 1143.577, "Actual Total Time": 1295.966, "Actual Rows": 573635, "Actual Loops": 1, "Sort Key": ["orders.o_custkey"], "Sort Method": "quicksort", "Sort Space Used": 78355, "Sort Space Type": "Memory", "Plans": [{"Node Type": "Bitmap Heap Scan", "Parent Relationship": "Outer", "Relation Name": "orders", "Alias": "orders", "Startup Cost": 14729.65, "Total Cost": 299784.84, "Plan Rows": 575746, "Plan Width": 16, "Actual Startup Time": 250.582, "Actual Total Time": 906.531, "Actual Rows": 573635, "Actual Loops": 1, "Recheck Cond": "((o_orderdate >= '1993-08-01 00:00:00'::timestamp(0) without time zone) AND (o_orderdate < '1993-11-01 00:00:00'::timestamp without time zone)), (LLVM Optimized, Jit Execute)", "Rows Removed by Index Recheck": 0, "Exact Heap Blocks": 242860, "Lossy Heap Blocks": 242860, "Plans": [{"Node Type": "Bitmap Index Scan", "Parent Relationship": "Outer", "Index Name": "idx_orders_orderdate", "Startup Cost": 0.0, "Total Cost": 14585.71, "Plan Rows": 575746, "Plan Width": 0, "Actual Startup Time": 176.256, "Actual Total Time": 176.256, "Actual Rows": 573635, "Actual Loops": 1, "Index Cond": "((o_orderdate >= '1993-08-01 00:00:00'::timestamp(0) without time zone) AND (o_orderdate < '1993-11-01 00:00:00'::timestamp without time zone))"}]}]}]}]}]}]}, {"Node Type": "Sort", "Parent Relationship": "Inner", "Startup Cost": 3932143.37, "Total Cost": 3969231.39, "Plan Rows": 14835209, "Plan Width": 24, "Actual Startup Time": 27837.438, "Actual Total Time": 29720.042, "Actual Rows": 14808182, "Actual Loops": 1, "Sort Key": ["lineitem.l_orderkey"], "Sort Method": "quicksort", "Sort Space Used": 1781484, "Sort Space Type": "Memory", "Plans": [{"Node Type": "Seq Scan", "Parent Relationship": "Outer", "Relation Name": "lineitem", "Alias": "lineitem", "Startup Cost": 0.0, "Total Cost": 2165082.91, "Plan Rows": 14835209, "Plan Width": 24, "Actual Startup Time": 0.046, "Actual Total Time": 22474.226, "Actual Rows": 14808183, "Actual Loops": 1, "Filter": "(l_returnflag = 'R'::bpchar), (LLVM Optimized, Jit Execute)", "Rows Removed by Filter": 45177869}]}]}]}]}]}, "Triggers": [], "Planner Runtime": 1, "Total Runtime": 39267.979, "Unique SQL Id": 1604070524}}, "(64, 83)": {"explain_plan": {"Plan": {"Node Type": "Limit", "Startup Cost": 13443415.76, "Total Cost": 13443415.81, "Plan Rows": 20, "Plan Width": 199, "Plans": [{"Node Type": "Sort", "Parent Relationship": "Outer", "Startup Cost": 13443415.76, "Total Cost": 13447030.51, "Plan Rows": 20, "Plan Width": 199, "Sort Key": ["(sum((lineitem.l_extendedprice * (1::double precision - lineitem.l_discount)))) DESC"], "Plans": [{"Node Type": "Aggregate", "Strategy": "Hashed", "Parent Relationship": "Outer", "Startup Cost": 13390481.96, "Total Cost": 13404940.94, "Plan Rows": 1445898, "Plan Width": 199, "Group By Key": ["customer.c_custkey", "customer.c_name", "customer.c_acctbal", "customer.c_phone", "nation.n_name", "customer.c_address", "customer.c_comment"], "Plans": [{"Node Type": "Nested Loop", "Parent Relationship": "Outer", "Join Type": "Inner", "Startup Cost": 14732.12, "Total Cost": 13354334.51, "Plan Rows": 1445898, "Plan Width": 191, "Inner Unique": false, "Plans": [{"Node Type": "Nested Loop", "Parent Relationship": "Outer", "Join Type": "Inner", "Startup Cost": 14730.2, "Total Cost": 5249597.54, "Plan Rows": 575746, "Plan Width": 183, "Inner Unique": true, "Plans": [{"Node Type": "Nested Loop", "Parent Relationship": "Outer", "Join Type": "Inner", "Startup Cost": 14729.94, "Total Cost": 2785257.65, "Plan Rows": 575746, "Plan Width": 161, "Inner Unique": true, "Plans": [{"Node Type": "Bitmap Heap Scan", "Parent Relationship": "Outer", "Relation Name": "orders", "Alias": "orders", "Startup Cost": 14729.65, "Total Cost": 299784.84, "Plan Rows": 575746, "Plan Width": 16, "Recheck Cond": "((o_orderdate >= '1993-08-01 00:00:00'::timestamp(0) without time zone) AND (o_orderdate < '1993-11-01 00:00:00'::timestamp without time zone)), (LLVM Optimized)", "Plans": [{"Node Type": "Bitmap Index Scan", "Parent Relationship": "Outer", "Index Name": "idx_orders_orderdate", "Startup Cost": 0.0, "Total Cost": 14585.71, "Plan Rows": 575746, "Plan Width": 0, "Index Cond": "((o_orderdate >= '1993-08-01 00:00:00'::timestamp(0) without time zone) AND (o_orderdate < '1993-11-01 00:00:00'::timestamp without time zone))"}]}, {"Node Type": "Bitmap Heap Scan", "Parent Relationship": "Inner", "Relation Name": "customer", "Alias": "customer", "Startup Cost": 0.29, "Total Cost": 4.31, "Plan Rows": 1, "Plan Width": 153, "Recheck Cond": "(c_custkey = orders.o_custkey)", "Plans": [{"Node Type": "Bitmap Index Scan", "Parent Relationship": "Outer", "Index Name": "customer_pkey", "Startup Cost": 0.0, "Total Cost": 0.29, "Plan Rows": 1, "Plan Width": 0, "Index Cond": "(c_custkey = orders.o_custkey)"}]}]}, {"Node Type": "Bitmap Heap Scan", "Parent Relationship": "Inner", "Relation Name": "nation", "Alias": "nation", "Startup Cost": 0.26, "Total Cost": 4.27, "Plan Rows": 1, "Plan Width": 30, "Recheck Cond": "(n_nationkey = customer.c_nationkey)", "Plans": [{"Node Type": "Bitmap Index Scan", "Parent Relationship": "Outer", "Index Name": "nation_pkey", "Startup Cost": 0.0, "Total Cost": 0.26, "Plan Rows": 1, "Plan Width": 0, "Index Cond": "(n_nationkey = customer.c_nationkey)"}]}]}, {"Node Type": "Bitmap Heap Scan", "Parent Relationship": "Inner", "Relation Name": "lineitem", "Alias": "lineitem", "Startup Cost": 1.93, "Total Cost": 14.05, "Plan Rows": 3, "Plan Width": 24, "Recheck Cond": "(l_orderkey = orders.o_orderkey)", "Filter": "(l_returnflag = 'R'::bpchar)", "Plans": [{"Node Type": "Bitmap Index Scan", "Parent Relationship": "Outer", "Index Name": "idx_lineitem_orderkey", "Startup Cost": 0.0, "Total Cost": 1.92, "Plan Rows": 9, "Plan Width": 0, "Index Cond": "(l_orderkey = orders.o_orderkey)"}]}]}]}]}]}, "Unique SQL Id": 1604070524, "Planner Runtime": 1}, "explain_analyze_plan": {"Plan": {"Node Type": "Limit", "Startup Cost": 13443415.76, "Total Cost": 13443415.81, "Plan Rows": 20, "Plan Width": 199, "Actual Startup Time": 16957.333, "Actual Total Time": 16957.341, "Actual Rows": 20, "Actual Loops": 1, "Plans": [{"Node Type": "Sort", "Parent Relationship": "Outer", "Startup Cost": 13443415.76, "Total Cost": 13447030.51, "Plan Rows": 20, "Plan Width": 199, "Actual Startup Time": 16957.329, "Actual Total Time": 16957.334, "Actual Rows": 20, "Actual Loops": 1, "Sort Key": ["(sum((lineitem.l_extendedprice * (1::double precision - lineitem.l_discount)))) DESC"], "Sort Method": "top-N heapsort", "Sort Space Used": 35, "Sort Space Type": "Memory", "Plans": [{"Node Type": "Aggregate", "Strategy": "Hashed", "Parent Relationship": "Outer", "Startup Cost": 13390481.96, "Total Cost": 13404940.94, "Plan Rows": 1445898, "Plan Width": 199, "Actual Startup Time": 16583.968, "Actual Total Time": 16822.306, "Actual Rows": 381542, "Actual Loops": 1, "Group By Key": ["customer.c_custkey", "customer.c_name", "customer.c_acctbal", "customer.c_phone", "nation.n_name", "customer.c_address", "customer.c_comment"], "Plans": [{"Node Type": "Nested Loop", "Parent Relationship": "Outer", "Join Type": "Inner", "Startup Cost": 14732.12, "Total Cost": 13354334.51, "Plan Rows": 1445898, "Plan Width": 191, "Actual Startup Time": 241.783, "Actual Total Time": 14652.01, "Actual Rows": 1145969, "Actual Loops": 1, "Inner Unique": false, "Plans": [{"Node Type": "Nested Loop", "Parent Relationship": "Outer", "Join Type": "Inner", "Startup Cost": 14730.2, "Total Cost": 5249597.54, "Plan Rows": 575746, "Plan Width": 183, "Actual Startup Time": 241.73, "Actual Total Time": 8212.424, "Actual Rows": 573635, "Actual Loops": 1, "Inner Unique": true, "Plans": [{"Node Type": "Nested Loop", "Parent Relationship": "Outer", "Join Type": "Inner", "Startup Cost": 14729.94, "Total Cost": 2785257.65, "Plan Rows": 575746, "Plan Width": 161, "Actual Startup Time": 241.696, "Actual Total Time": 6036.117, "Actual Rows": 573635, "Actual Loops": 1, "Inner Unique": true, "Plans": [{"Node Type": "Bitmap Heap Scan", "Parent Relationship": "Outer", "Relation Name": "orders", "Alias": "orders", "Startup Cost": 14729.65, "Total Cost": 299784.84, "Plan Rows": 575746, "Plan Width": 16, "Actual Startup Time": 241.45, "Actual Total Time": 1047.688, "Actual Rows": 573635, "Actual Loops": 1, "Recheck Cond": "((o_orderdate >= '1993-08-01 00:00:00'::timestamp(0) without time zone) AND (o_orderdate < '1993-11-01 00:00:00'::timestamp without time zone)), (LLVM Optimized, Jit Execute)", "Rows Removed by Index Recheck": 0, "Exact Heap Blocks": 242860, "Lossy Heap Blocks": 242860, "Plans": [{"Node Type": "Bitmap Index Scan", "Parent Relationship": "Outer", "Index Name": "idx_orders_orderdate", "Startup Cost": 0.0, "Total Cost": 14585.71, "Plan Rows": 575746, "Plan Width": 0, "Actual Startup Time": 167.064, "Actual Total Time": 167.064, "Actual Rows": 573635, "Actual Loops": 1, "Index Cond": "((o_orderdate >= '1993-08-01 00:00:00'::timestamp(0) without time zone) AND (o_orderdate < '1993-11-01 00:00:00'::timestamp without time zone))"}]}, {"Node Type": "Bitmap Heap Scan", "Parent Relationship": "Inner", "Relation Name": "customer", "Alias": "customer", "Startup Cost": 0.29, "Total Cost": 4.31, "Plan Rows": 1, "Plan Width": 153, "Actual Startup Time": 4129.14, "Actual Total Time": 4129.14, "Actual Rows": 573635, "Actual Loops": 573635, "Recheck Cond": "(c_custkey = orders.o_custkey)", "Rows Removed by Index Recheck": 0, "Exact Heap Blocks": 573635, "Lossy Heap Blocks": 573635, "Plans": [{"Node Type": "Bitmap Index Scan", "Parent Relationship": "Outer", "Index Name": "customer_pkey", "Startup Cost": 0.0, "Total Cost": 0.29, "Plan Rows": 1, "Plan Width": 0, "Actual Startup Time": 2565.96, "Actual Total Time": 2565.96, "Actual Rows": 573635, "Actual Loops": 573635, "Index Cond": "(c_custkey = orders.o_custkey)"}]}]}, {"Node Type": "Bitmap Heap Scan", "Parent Relationship": "Inner", "Relation Name": "nation", "Alias": "nation", "Startup Cost": 0.26, "Total Cost": 4.27, "Plan Rows": 1, "Plan Width": 30, "Actual Startup Time": 1398.487, "Actual Total Time": 1398.487, "Actual Rows": 573635, "Actual Loops": 573635, "Recheck Cond": "(n_nationkey = customer.c_nationkey)", "Rows Removed by Index Recheck": 0, "Exact Heap Blocks": 573635, "Lossy Heap Blocks": 573635, "Plans": [{"Node Type": "Bitmap Index Scan", "Parent Relationship": "Outer", "Index Name": "nation_pkey", "Startup Cost": 0.0, "Total Cost": 0.26, "Plan Rows": 1, "Plan Width": 0, "Actual Startup Time": 610.04, "Actual Total Time": 610.04, "Actual Rows": 573635, "Actual Loops": 573635, "Index Cond": "(n_nationkey = customer.c_nationkey)"}]}]}, {"Node Type": "Bitmap Heap Scan", "Parent Relationship": "Inner", "Relation Name": "lineitem", "Alias": "lineitem", "Startup Cost": 1.93, "Total Cost": 14.05, "Plan Rows": 3, "Plan Width": 24, "Actual Startup Time": 4947.793, "Actual Total Time": 5480.067, "Actual Rows": 1145969, "Actual Loops": 573635, "Recheck Cond": "(l_orderkey = orders.o_orderkey)", "Rows Removed by Index Recheck": 0, "Filter": "(l_returnflag = 'R'::bpchar)", "Rows Removed by Filter": 1146896, "Exact Heap Blocks": 614400, "Lossy Heap Blocks": 614400, "Plans": [{"Node Type": "Bitmap Index Scan", "Parent Relationship": "Outer", "Index Name": "idx_lineitem_orderkey", "Startup Cost": 0.0, "Total Cost": 1.92, "Plan Rows": 9, "Plan Width": 0, "Actual Startup Time": 2505.557, "Actual Total Time": 2505.557, "Actual Rows": 2292865, "Actual Loops": 573635, "Index Cond": "(l_orderkey = orders.o_orderkey)"}]}]}]}]}]}, "Triggers": [], "Planner Runtime": 0, "Total Runtime": 16967.566, "Unique SQL Id": 1604070524}}, "(64, 84)": {"explain_plan": {"Plan": {"Node Type": "Limit", "Startup Cost": 3717442.55, "Total Cost": 3717442.6, "Plan Rows": 20, "Plan Width": 199, "Plans": [{"Node Type": "Sort", "Parent Relationship": "Outer", "Startup Cost": 3717442.55, "Total Cost": 3721057.3, "Plan Rows": 20, "Plan Width": 199, "Sort Key": ["(sum((lineitem.l_extendedprice * (1::double precision - lineitem.l_discount)))) DESC"], "Plans": [{"Node Type": "Aggregate", "Strategy": "Hashed", "Parent Relationship": "Outer", "Startup Cost": 3664508.75, "Total Cost": 3678967.73, "Plan Rows": 1445898, "Plan Width": 199, "Group By Key": ["customer.c_custkey", "customer.c_name", "customer.c_acctbal", "customer.c_phone", "nation.n_name", "customer.c_address", "customer.c_comment"], "Plans": [{"Node Type": "Nested Loop", "Parent Relationship": "Outer", "Join Type": "Inner", "Startup Cost": 503107.54, "Total Cost": 3628361.3, "Plan Rows": 1445898, "Plan Width": 191, "Inner Unique": false, "Plans": [{"Node Type": "Merge Join", "Parent Relationship": "Outer", "Join Type": "Inner", "Startup Cost": 503107.54, "Total Cost": 511743.85, "Plan Rows": 575746, "Plan Width": 183, "Inner Unique": false, "Merge Cond": "(nation.n_nationkey = customer.c_nationkey)", "Plans": [{"Node Type": "Sort", "Parent Relationship": "Outer", "Startup Cost": 1.83, "Total Cost": 1.89, "Plan Rows": 25, "Plan Width": 30, "Sort Key": ["nation.n_nationkey"], "Plans": [{"Node Type": "Seq Scan", "Parent Relationship": "Outer", "Relation Name": "nation", "Alias": "nation", "Startup Cost": 0.0, "Total Cost": 1.25, "Plan Rows": 25, "Plan Width": 30}]}, {"Node Type": "Sort", "Parent Relationship": "Inner", "Startup Cost": 503105.7, "Total Cost": 504545.07, "Plan Rows": 575746, "Plan Width": 161, "Sort Key": ["customer.c_nationkey"], "Plans": [{"Node Type": "Merge Join", "Parent Relationship": "Outer", "Join Type": "Inner", "Startup Cost": 354871.86, "Total Cost": 448021.0, "Plan Rows": 575746, "Plan Width": 161, "Inner Unique": false, "Merge Cond": "(customer.c_custkey = orders.o_custkey)", "Plans": [{"Node Type": "Index Scan", "Parent Relationship": "Outer", "Scan Direction": "Forward", "Index Name": "customer_pkey", "Relation Name": "customer", "Alias": "customer", "Startup Cost": 0.0, "Total Cost": 80765.36, "Plan Rows": 1500000, "Plan Width": 153}, {"Node Type": "Sort", "Parent Relationship": "Inner", "Startup Cost": 354869.55, "Total Cost": 356308.91, "Plan Rows": 575746, "Plan Width": 16, "Sort Key": ["orders.o_custkey"], "Plans": [{"Node Type": "Bitmap Heap Scan", "Parent Relationship": "Outer", "Relation Name": "orders", "Alias": "orders", "Startup Cost": 14729.65, "Total Cost": 299784.84, "Plan Rows": 575746, "Plan Width": 16, "Recheck Cond": "((o_orderdate >= '1993-08-01 00:00:00'::timestamp(0) without time zone) AND (o_orderdate < '1993-11-01 00:00:00'::timestamp without time zone)), (LLVM Optimized)", "Plans": [{"Node Type": "Bitmap Index Scan", "Parent Relationship": "Outer", "Index Name": "idx_orders_orderdate", "Startup Cost": 0.0, "Total Cost": 14585.71, "Plan Rows": 575746, "Plan Width": 0, "Index Cond": "((o_orderdate >= '1993-08-01 00:00:00'::timestamp(0) without time zone) AND (o_orderdate < '1993-11-01 00:00:00'::timestamp without time zone))"}]}]}]}]}]}, {"Node Type": "Index Scan", "Parent Relationship": "Inner", "Scan Direction": "Forward", "Index Name": "idx_lineitem_orderkey", "Relation Name": "lineitem", "Alias": "lineitem", "Startup Cost": 0.0, "Total Cost": 5.38, "Plan Rows": 3, "Plan Width": 24, "Index Cond": "(l_orderkey = orders.o_orderkey)", "Filter": "(l_returnflag = 'R'::bpchar)"}]}]}]}]}, "Unique SQL Id": 1604070524, "Planner Runtime": 1}, "explain_analyze_plan": {"Plan": {"Node Type": "Limit", "Startup Cost": 3717442.55, "Total Cost": 3717442.6, "Plan Rows": 20, "Plan Width": 199, "Actual Startup Time": 13020.386, "Actual Total Time": 13020.393, "Actual Rows": 20, "Actual Loops": 1, "Plans": [{"Node Type": "Sort", "Parent Relationship": "Outer", "Startup Cost": 3717442.55, "Total Cost": 3721057.3, "Plan Rows": 20, "Plan Width": 199, "Actual Startup Time": 13020.383, "Actual Total Time": 13020.385, "Actual Rows": 20, "Actual Loops": 1, "Sort Key": ["(sum((lineitem.l_extendedprice * (1::double precision - lineitem.l_discount)))) DESC"], "Sort Method": "top-N heapsort", "Sort Space Used": 35, "Sort Space Type": "Memory", "Plans": [{"Node Type": "Aggregate", "Strategy": "Hashed", "Parent Relationship": "Outer", "Startup Cost": 3664508.75, "Total Cost": 3678967.73, "Plan Rows": 1445898, "Plan Width": 199, "Actual Startup Time": 12622.301, "Actual Total Time": 12884.523, "Actual Rows": 381542, "Actual Loops": 1, "Group By Key": ["customer.c_custkey", "customer.c_name", "customer.c_acctbal", "customer.c_phone", "nation.n_name", "customer.c_address", "customer.c_comment"], "Plans": [{"Node Type": "Nested Loop", "Parent Relationship": "Outer", "Join Type": "Inner", "Startup Cost": 503107.54, "Total Cost": 3628361.3, "Plan Rows": 1445898, "Plan Width": 191, "Actual Startup Time": 3248.55, "Actual Total Time": 10886.673, "Actual Rows": 1145969, "Actual Loops": 1, "Inner Unique": false, "Plans": [{"Node Type": "Merge Join", "Parent Relationship": "Outer", "Join Type": "Inner", "Startup Cost": 503107.54, "Total Cost": 511743.85, "Plan Rows": 575746, "Plan Width": 183, "Actual Startup Time": 3248.454, "Actual Total Time": 3691.089, "Actual Rows": 573635, "Actual Loops": 1, "Inner Unique": false, "Merge Cond": "(nation.n_nationkey = customer.c_nationkey)", "Plans": [{"Node Type": "Sort", "Parent Relationship": "Outer", "Startup Cost": 1.83, "Total Cost": 1.89, "Plan Rows": 25, "Plan Width": 30, "Actual Startup Time": 0.138, "Actual Total Time": 0.159, "Actual Rows": 25, "Actual Loops": 1, "Sort Key": ["nation.n_nationkey"], "Sort Method": "quicksort", "Sort Space Used": 27, "Sort Space Type": "Memory", "Plans": [{"Node Type": "Seq Scan", "Parent Relationship": "Outer", "Relation Name": "nation", "Alias": "nation", "Startup Cost": 0.0, "Total Cost": 1.25, "Plan Rows": 25, "Plan Width": 30, "Actual Startup Time": 0.018, "Actual Total Time": 0.024, "Actual Rows": 25, "Actual Loops": 1}]}, {"Node Type": "Sort", "Parent Relationship": "Inner", "Startup Cost": 503105.7, "Total Cost": 504545.07, "Plan Rows": 575746, "Plan Width": 161, "Actual Startup Time": 3248.298, "Actual Total Time": 3458.35, "Actual Rows": 573635, "Actual Loops": 1, "Sort Key": ["customer.c_nationkey"], "Sort Method": "quicksort", "Sort Space Used": 185911, "Sort Space Type": "Memory", "Plans": [{"Node Type": "Merge Join", "Parent Relationship": "Outer", "Join Type": "Inner", "Startup Cost": 354871.86, "Total Cost": 448021.0, "Plan Rows": 575746, "Plan Width": 161, "Actual Startup Time": 1323.063, "Actual Total Time": 2966.337, "Actual Rows": 573635, "Actual Loops": 1, "Inner Unique": false, "Merge Cond": "(customer.c_custkey = orders.o_custkey)", "Plans": [{"Node Type": "Index Scan", "Parent Relationship": "Outer", "Scan Direction": "Forward", "Index Name": "customer_pkey", "Relation Name": "customer", "Alias": "customer", "Startup Cost": 0.0, "Total Cost": 80765.36, "Plan Rows": 1500000, "Plan Width": 153, "Actual Startup Time": 0.026, "Actual Total Time": 1039.7, "Actual Rows": 1499999, "Actual Loops": 1}, {"Node Type": "Sort", "Parent Relationship": "Inner", "Startup Cost": 354869.55, "Total Cost": 356308.91, "Plan Rows": 575746, "Plan Width": 16, "Actual Startup Time": 1323.019, "Actual Total Time": 1456.301, "Actual Rows": 573635, "Actual Loops": 1, "Sort Key": ["orders.o_custkey"], "Sort Method": "quicksort", "Sort Space Used": 78355, "Sort Space Type": "Memory", "Plans": [{"Node Type": "Bitmap Heap Scan", "Parent Relationship": "Outer", "Relation Name": "orders", "Alias": "orders", "Startup Cost": 14729.65, "Total Cost": 299784.84, "Plan Rows": 575746, "Plan Width": 16, "Actual Startup Time": 245.596, "Actual Total Time": 1075.926, "Actual Rows": 573635, "Actual Loops": 1, "Recheck Cond": "((o_orderdate >= '1993-08-01 00:00:00'::timestamp(0) without time zone) AND (o_orderdate < '1993-11-01 00:00:00'::timestamp without time zone)), (LLVM Optimized, Jit Execute)", "Rows Removed by Index Recheck": 0, "Exact Heap Blocks": 242860, "Lossy Heap Blocks": 242860, "Plans": [{"Node Type": "Bitmap Index Scan", "Parent Relationship": "Outer", "Index Name": "idx_orders_orderdate", "Startup Cost": 0.0, "Total Cost": 14585.71, "Plan Rows": 575746, "Plan Width": 0, "Actual Startup Time": 170.102, "Actual Total Time": 170.102, "Actual Rows": 573635, "Actual Loops": 1, "Index Cond": "((o_orderdate >= '1993-08-01 00:00:00'::timestamp(0) without time zone) AND (o_orderdate < '1993-11-01 00:00:00'::timestamp without time zone))"}]}]}]}]}]}, {"Node Type": "Index Scan", "Parent Relationship": "Inner", "Scan Direction": "Forward", "Index Name": "idx_lineitem_orderkey", "Relation Name": "lineitem", "Alias": "lineitem", "Startup Cost": 0.0, "Total Cost": 5.38, "Plan Rows": 3, "Plan Width": 24, "Actual Startup Time": 5274.604, "Actual Total Time": 6599.077, "Actual Rows": 1145969, "Actual Loops": 573635, "Index Cond": "(l_orderkey = orders.o_orderkey)", "Rows Removed by Index Recheck": 0, "Filter": "(l_returnflag = 'R'::bpchar)", "Rows Removed by Filter": 1146896}]}]}]}]}, "Triggers": [], "Planner Runtime": 1, "Total Runtime": 13030.689, "Unique SQL Id": 1604070524}}, "(64, 85)": {"explain_plan": {"Plan": {"Node Type": "Limit", "Startup Cost": 3717453.28, "Total Cost": 3717453.33, "Plan Rows": 20, "Plan Width": 199, "Plans": [{"Node Type": "Sort", "Parent Relationship": "Outer", "Startup Cost": 3717453.28, "Total Cost": 3721068.03, "Plan Rows": 20, "Plan Width": 199, "Sort Key": ["(sum((lineitem.l_extendedprice * (1::double precision - lineitem.l_discount)))) DESC"], "Plans": [{"Node Type": "Aggregate", "Strategy": "Hashed", "Parent Relationship": "Outer", "Startup Cost": 3664519.48, "Total Cost": 3678978.46, "Plan Rows": 1445898, "Plan Width": 199, "Group By Key": ["customer.c_custkey", "customer.c_name", "customer.c_acctbal", "customer.c_phone", "nation.n_name", "customer.c_address", "customer.c_comment"], "Plans": [{"Node Type": "Nested Loop", "Parent Relationship": "Outer", "Join Type": "Inner", "Startup Cost": 503105.7, "Total Cost": 3628372.03, "Plan Rows": 1445898, "Plan Width": 191, "Inner Unique": false, "Plans": [{"Node Type": "Merge Join", "Parent Relationship": "Outer", "Join Type": "Inner", "Startup Cost": 503105.7, "Total Cost": 511754.58, "Plan Rows": 575746, "Plan Width": 183, "Inner Unique": false, "Merge Cond": "(nation.n_nationkey = customer.c_nationkey)", "Plans": [{"Node Type": "Index Scan", "Parent Relationship": "Outer", "Scan Direction": "Forward", "Index Name": "nation_pkey", "Relation Name": "nation", "Alias": "nation", "Startup Cost": 0.0, "Total Cost": 12.62, "Plan Rows": 25, "Plan Width": 30}, {"Node Type": "Sort", "Parent Relationship": "Inner", "Startup Cost": 503105.7, "Total Cost": 504545.07, "Plan Rows": 575746, "Plan Width": 161, "Sort Key": ["customer.c_nationkey"], "Plans": [{"Node Type": "Merge Join", "Parent Relationship": "Outer", "Join Type": "Inner", "Startup Cost": 354871.86, "Total Cost": 448021.0, "Plan Rows": 575746, "Plan Width": 161, "Inner Unique": false, "Merge Cond": "(customer.c_custkey = orders.o_custkey)", "Plans": [{"Node Type": "Index Scan", "Parent Relationship": "Outer", "Scan Direction": "Forward", "Index Name": "customer_pkey", "Relation Name": "customer", "Alias": "customer", "Startup Cost": 0.0, "Total Cost": 80765.36, "Plan Rows": 1500000, "Plan Width": 153}, {"Node Type": "Sort", "Parent Relationship": "Inner", "Startup Cost": 354869.55, "Total Cost": 356308.91, "Plan Rows": 575746, "Plan Width": 16, "Sort Key": ["orders.o_custkey"], "Plans": [{"Node Type": "Bitmap Heap Scan", "Parent Relationship": "Outer", "Relation Name": "orders", "Alias": "orders", "Startup Cost": 14729.65, "Total Cost": 299784.84, "Plan Rows": 575746, "Plan Width": 16, "Recheck Cond": "((o_orderdate >= '1993-08-01 00:00:00'::timestamp(0) without time zone) AND (o_orderdate < '1993-11-01 00:00:00'::timestamp without time zone)), (LLVM Optimized)", "Plans": [{"Node Type": "Bitmap Index Scan", "Parent Relationship": "Outer", "Index Name": "idx_orders_orderdate", "Startup Cost": 0.0, "Total Cost": 14585.71, "Plan Rows": 575746, "Plan Width": 0, "Index Cond": "((o_orderdate >= '1993-08-01 00:00:00'::timestamp(0) without time zone) AND (o_orderdate < '1993-11-01 00:00:00'::timestamp without time zone))"}]}]}]}]}]}, {"Node Type": "Index Scan", "Parent Relationship": "Inner", "Scan Direction": "Forward", "Index Name": "idx_lineitem_orderkey", "Relation Name": "lineitem", "Alias": "lineitem", "Startup Cost": 0.0, "Total Cost": 5.38, "Plan Rows": 3, "Plan Width": 24, "Index Cond": "(l_orderkey = orders.o_orderkey)", "Filter": "(l_returnflag = 'R'::bpchar)"}]}]}]}]}, "Unique SQL Id": 1604070524, "Planner Runtime": 1}, "explain_analyze_plan": {"Plan": {"Node Type": "Limit", "Startup Cost": 3717453.28, "Total Cost": 3717453.33, "Plan Rows": 20, "Plan Width": 199, "Actual Startup Time": 12878.002, "Actual Total Time": 12878.011, "Actual Rows": 20, "Actual Loops": 1, "Plans": [{"Node Type": "Sort", "Parent Relationship": "Outer", "Startup Cost": 3717453.28, "Total Cost": 3721068.03, "Plan Rows": 20, "Plan Width": 199, "Actual Startup Time": 12877.999, "Actual Total Time": 12878.004, "Actual Rows": 20, "Actual Loops": 1, "Sort Key": ["(sum((lineitem.l_extendedprice * (1::double precision - lineitem.l_discount)))) DESC"], "Sort Method": "top-N heapsort", "Sort Space Used": 35, "Sort Space Type": "Memory", "Plans": [{"Node Type": "Aggregate", "Strategy": "Hashed", "Parent Relationship": "Outer", "Startup Cost": 3664519.48, "Total Cost": 3678978.46, "Plan Rows": 1445898, "Plan Width": 199, "Actual Startup Time": 12452.652, "Actual Total Time": 12740.589, "Actual Rows": 381542, "Actual Loops": 1, "Group By Key": ["customer.c_custkey", "customer.c_name", "customer.c_acctbal", "customer.c_phone", "nation.n_name", "customer.c_address", "customer.c_comment"], "Plans": [{"Node Type": "Nested Loop", "Parent Relationship": "Outer", "Join Type": "Inner", "Startup Cost": 503105.7, "Total Cost": 3628372.03, "Plan Rows": 1445898, "Plan Width": 191, "Actual Startup Time": 2853.835, "Actual Total Time": 10700.527, "Actual Rows": 1145969, "Actual Loops": 1, "Inner Unique": false, "Plans": [{"Node Type": "Merge Join", "Parent Relationship": "Outer", "Join Type": "Inner", "Startup Cost": 503105.7, "Total Cost": 511754.58, "Plan Rows": 575746, "Plan Width": 183, "Actual Startup Time": 2853.75, "Actual Total Time": 3273.785, "Actual Rows": 573635, "Actual Loops": 1, "Inner Unique": false, "Merge Cond": "(nation.n_nationkey = customer.c_nationkey)", "Plans": [{"Node Type": "Index Scan", "Parent Relationship": "Outer", "Scan Direction": "Forward", "Index Name": "nation_pkey", "Relation Name": "nation", "Alias": "nation", "Startup Cost": 0.0, "Total Cost": 12.62, "Plan Rows": 25, "Plan Width": 30, "Actual Startup Time": 0.022, "Actual Total Time": 0.097, "Actual Rows": 25, "Actual Loops": 1}, {"Node Type": "Sort", "Parent Relationship": "Inner", "Startup Cost": 503105.7, "Total Cost": 504545.07, "Plan Rows": 575746, "Plan Width": 161, "Actual Startup Time": 2853.715, "Actual Total Time": 3003.832, "Actual Rows": 573635, "Actual Loops": 1, "Sort Key": ["customer.c_nationkey"], "Sort Method": "quicksort", "Sort Space Used": 185911, "Sort Space Type": "Memory", "Plans": [{"Node Type": "Merge Join", "Parent Relationship": "Outer", "Join Type": "Inner", "Startup Cost": 354871.86, "Total Cost": 448021.0, "Plan Rows": 575746, "Plan Width": 161, "Actual Startup Time": 1222.301, "Actual Total Time": 2586.447, "Actual Rows": 573635, "Actual Loops": 1, "Inner Unique": false, "Merge Cond": "(customer.c_custkey = orders.o_custkey)", "Plans": [{"Node Type": "Index Scan", "Parent Relationship": "Outer", "Scan Direction": "Forward", "Index Name": "customer_pkey", "Relation Name": "customer", "Alias": "customer", "Startup Cost": 0.0, "Total Cost": 80765.36, "Plan Rows": 1500000, "Plan Width": 153, "Actual Startup Time": 0.021, "Actual Total Time": 766.638, "Actual Rows": 1499999, "Actual Loops": 1}, {"Node Type": "Sort", "Parent Relationship": "Inner", "Startup Cost": 354869.55, "Total Cost": 356308.91, "Plan Rows": 575746, "Plan Width": 16, "Actual Startup Time": 1222.265, "Actual Total Time": 1347.975, "Actual Rows": 573635, "Actual Loops": 1, "Sort Key": ["orders.o_custkey"], "Sort Method": "quicksort", "Sort Space Used": 78355, "Sort Space Type": "Memory", "Plans": [{"Node Type": "Bitmap Heap Scan", "Parent Relationship": "Outer", "Relation Name": "orders", "Alias": "orders", "Startup Cost": 14729.65, "Total Cost": 299784.84, "Plan Rows": 575746, "Plan Width": 16, "Actual Startup Time": 242.111, "Actual Total Time": 983.159, "Actual Rows": 573635, "Actual Loops": 1, "Recheck Cond": "((o_orderdate >= '1993-08-01 00:00:00'::timestamp(0) without time zone) AND (o_orderdate < '1993-11-01 00:00:00'::timestamp without time zone)), (LLVM Optimized, Jit Execute)", "Rows Removed by Index Recheck": 0, "Exact Heap Blocks": 242860, "Lossy Heap Blocks": 242860, "Plans": [{"Node Type": "Bitmap Index Scan", "Parent Relationship": "Outer", "Index Name": "idx_orders_orderdate", "Startup Cost": 0.0, "Total Cost": 14585.71, "Plan Rows": 575746, "Plan Width": 0, "Actual Startup Time": 167.06, "Actual Total Time": 167.06, "Actual Rows": 573635, "Actual Loops": 1, "Index Cond": "((o_orderdate >= '1993-08-01 00:00:00'::timestamp(0) without time zone) AND (o_orderdate < '1993-11-01 00:00:00'::timestamp without time zone))"}]}]}]}]}]}, {"Node Type": "Index Scan", "Parent Relationship": "Inner", "Scan Direction": "Forward", "Index Name": "idx_lineitem_orderkey", "Relation Name": "lineitem", "Alias": "lineitem", "Startup Cost": 0.0, "Total Cost": 5.38, "Plan Rows": 3, "Plan Width": 24, "Actual Startup Time": 5556.409, "Actual Total Time": 6825.008, "Actual Rows": 1145969, "Actual Loops": 573635, "Index Cond": "(l_orderkey = orders.o_orderkey)", "Rows Removed by Index Recheck": 0, "Filter": "(l_returnflag = 'R'::bpchar)", "Rows Removed by Filter": 1146896}]}]}]}]}, "Triggers": [], "Planner Runtime": 1, "Total Runtime": 12888.49, "Unique SQL Id": 1604070524}}, "(64, 86)": {"explain_plan": {"Plan": {"Node Type": "Limit", "Startup Cost": 4808550.36, "Total Cost": 4808550.41, "Plan Rows": 20, "Plan Width": 199, "Plans": [{"Node Type": "Sort", "Parent Relationship": "Outer", "Startup Cost": 4808550.36, "Total Cost": 4812165.1, "Plan Rows": 20, "Plan Width": 199, "Sort Key": ["(sum((lineitem.l_extendedprice * (1::double precision - lineitem.l_discount)))) DESC"], "Plans": [{"Node Type": "Aggregate", "Strategy": "Hashed", "Parent Relationship": "Outer", "Startup Cost": 4755616.55, "Total Cost": 4770075.53, "Plan Rows": 1445898, "Plan Width": 199, "Group By Key": ["customer.c_custkey", "customer.c_name", "customer.c_acctbal", "customer.c_phone", "nation.n_name", "customer.c_address", "customer.c_comment"], "Plans": [{"Node Type": "Merge Join", "Parent Relationship": "Outer", "Join Type": "Inner", "Startup Cost": 4627956.66, "Total Cost": 4719469.1, "Plan Rows": 1445898, "Plan Width": 191, "Inner Unique": false, "Merge Cond": "(orders.o_orderkey = lineitem.l_orderkey)", "Plans": [{"Node Type": "Sort", "Parent Relationship": "Outer", "Startup Cost": 695813.19, "Total Cost": 697252.55, "Plan Rows": 575746, "Plan Width": 183, "Sort Key": ["orders.o_orderkey"], "Plans": [{"Node Type": "Merge Join", "Parent Relationship": "Outer", "Join Type": "Inner", "Startup Cost": 632092.16, "Total Cost": 640728.48, "Plan Rows": 575746, "Plan Width": 183, "Inner Unique": false, "Merge Cond": "(nation.n_nationkey = customer.c_nationkey)", "Plans": [{"Node Type": "Sort", "Parent Relationship": "Outer", "Startup Cost": 1.83, "Total Cost": 1.89, "Plan Rows": 25, "Plan Width": 30, "Sort Key": ["nation.n_nationkey"], "Plans": [{"Node Type": "Seq Scan", "Parent Relationship": "Outer", "Relation Name": "nation", "Alias": "nation", "Startup Cost": 0.0, "Total Cost": 1.25, "Plan Rows": 25, "Plan Width": 30}]}, {"Node Type": "Sort", "Parent Relationship": "Inner", "Startup Cost": 632090.33, "Total Cost": 633529.7, "Plan Rows": 575746, "Plan Width": 161, "Sort Key": ["customer.c_nationkey"], "Plans": [{"Node Type": "Merge Join", "Parent Relationship": "Outer", "Join Type": "Inner", "Startup Cost": 560869.73, "Total Cost": 577005.62, "Plan Rows": 575746, "Plan Width": 161, "Inner Unique": false, "Merge Cond": "(customer.c_custkey = orders.o_custkey)", "Plans": [{"Node Type": "Sort", "Parent Relationship": "Outer", "Startup Cost": 205999.98, "Total Cost": 209749.98, "Plan Rows": 1500000, "Plan Width": 153, "Sort Key": ["customer.c_custkey"], "Plans": [{"Node Type": "Seq Scan", "Parent Relationship": "Outer", "Relation Name": "customer", "Alias": "customer", "Startup Cost": 0.0, "Total Cost": 52126.0, "Plan Rows": 1500000, "Plan Width": 153}]}, {"Node Type": "Sort", "Parent Relationship": "Inner", "Startup Cost": 354869.55, "Total Cost": 356308.91, "Plan Rows": 575746, "Plan Width": 16, "Sort Key": ["orders.o_custkey"], "Plans": [{"Node Type": "Bitmap Heap Scan", "Parent Relationship": "Outer", "Relation Name": "orders", "Alias": "orders", "Startup Cost": 14729.65, "Total Cost": 299784.84, "Plan Rows": 575746, "Plan Width": 16, "Recheck Cond": "((o_orderdate >= '1993-08-01 00:00:00'::timestamp(0) without time zone) AND (o_orderdate < '1993-11-01 00:00:00'::timestamp without time zone)), (LLVM Optimized)", "Plans": [{"Node Type": "Bitmap Index Scan", "Parent Relationship": "Outer", "Index Name": "idx_orders_orderdate", "Startup Cost": 0.0, "Total Cost": 14585.71, "Plan Rows": 575746, "Plan Width": 0, "Index Cond": "((o_orderdate >= '1993-08-01 00:00:00'::timestamp(0) without time zone) AND (o_orderdate < '1993-11-01 00:00:00'::timestamp without time zone))"}]}]}]}]}]}]}, {"Node Type": "Sort", "Parent Relationship": "Inner", "Startup Cost": 3932143.37, "Total Cost": 3969231.39, "Plan Rows": 14835209, "Plan Width": 24, "Sort Key": ["lineitem.l_orderkey"], "Plans": [{"Node Type": "Seq Scan", "Parent Relationship": "Outer", "Relation Name": "lineitem", "Alias": "lineitem", "Startup Cost": 0.0, "Total Cost": 2165082.91, "Plan Rows": 14835209, "Plan Width": 24, "Filter": "(l_returnflag = 'R'::bpchar), (LLVM Optimized)"}]}]}]}]}]}, "Unique SQL Id": 1604070524, "Planner Runtime": 1}, "explain_analyze_plan": {"Plan": {"Node Type": "Limit", "Startup Cost": 4808550.36, "Total Cost": 4808550.41, "Plan Rows": 20, "Plan Width": 199, "Actual Startup Time": 39257.311, "Actual Total Time": 39257.316, "Actual Rows": 20, "Actual Loops": 1, "Plans": [{"Node Type": "Sort", "Parent Relationship": "Outer", "Startup Cost": 4808550.36, "Total Cost": 4812165.1, "Plan Rows": 20, "Plan Width": 199, "Actual Startup Time": 39257.308, "Actual Total Time": 39257.31, "Actual Rows": 20, "Actual Loops": 1, "Sort Key": ["(sum((lineitem.l_extendedprice * (1::double precision - lineitem.l_discount)))) DESC"], "Sort Method": "top-N heapsort", "Sort Space Used": 35, "Sort Space Type": "Memory", "Plans": [{"Node Type": "Aggregate", "Strategy": "Hashed", "Parent Relationship": "Outer", "Startup Cost": 4755616.55, "Total Cost": 4770075.53, "Plan Rows": 1445898, "Plan Width": 199, "Actual Startup Time": 38815.814, "Actual Total Time": 39121.615, "Actual Rows": 381542, "Actual Loops": 1, "Group By Key": ["customer.c_custkey", "customer.c_name", "customer.c_acctbal", "customer.c_phone", "nation.n_name", "customer.c_address", "customer.c_comment"], "Plans": [{"Node Type": "Merge Join", "Parent Relationship": "Outer", "Join Type": "Inner", "Startup Cost": 4627956.66, "Total Cost": 4719469.1, "Plan Rows": 1445898, "Plan Width": 191, "Actual Startup Time": 32259.33, "Actual Total Time": 37139.686, "Actual Rows": 1145969, "Actual Loops": 1, "Inner Unique": false, "Merge Cond": "(orders.o_orderkey = lineitem.l_orderkey)", "Plans": [{"Node Type": "Sort", "Parent Relationship": "Outer", "Startup Cost": 695813.19, "Total Cost": 697252.55, "Plan Rows": 575746, "Plan Width": 183, "Actual Startup Time": 4421.749, "Actual Total Time": 4613.367, "Actual Rows": 573635, "Actual Loops": 1, "Sort Key": ["orders.o_orderkey"], "Sort Method": "quicksort", "Sort Space Used": 199246, "Sort Space Type": "Memory", "Plans": [{"Node Type": "Merge Join", "Parent Relationship": "Outer", "Join Type": "Inner", "Startup Cost": 632092.16, "Total Cost": 640728.48, "Plan Rows": 575746, "Plan Width": 183, "Actual Startup Time": 3712.747, "Actual Total Time": 4088.752, "Actual Rows": 573635, "Actual Loops": 1, "Inner Unique": false, "Merge Cond": "(nation.n_nationkey = customer.c_nationkey)", "Plans": [{"Node Type": "Sort", "Parent Relationship": "Outer", "Startup Cost": 1.83, "Total Cost": 1.89, "Plan Rows": 25, "Plan Width": 30, "Actual Startup Time": 0.044, "Actual Total Time": 0.053, "Actual Rows": 25, "Actual Loops": 1, "Sort Key": ["nation.n_nationkey"], "Sort Method": "quicksort", "Sort Space Used": 27, "Sort Space Type": "Memory", "Plans": [{"Node Type": "Seq Scan", "Parent Relationship": "Outer", "Relation Name": "nation", "Alias": "nation", "Startup Cost": 0.0, "Total Cost": 1.25, "Plan Rows": 25, "Plan Width": 30, "Actual Startup Time": 0.019, "Actual Total Time": 0.027, "Actual Rows": 25, "Actual Loops": 1}]}, {"Node Type": "Sort", "Parent Relationship": "Inner", "Startup Cost": 632090.33, "Total Cost": 633529.7, "Plan Rows": 575746, "Plan Width": 161, "Actual Startup Time": 3712.687, "Actual Total Time": 3847.239, "Actual Rows": 573635, "Actual Loops": 1, "Sort Key": ["customer.c_nationkey"], "Sort Method": "quicksort", "Sort Space Used": 185911, "Sort Space Type": "Memory", "Plans": [{"Node Type": "Merge Join", "Parent Relationship": "Outer", "Join Type": "Inner", "Startup Cost": 560869.73, "Total Cost": 577005.62, "Plan Rows": 575746, "Plan Width": 161, "Actual Startup Time": 2426.213, "Actual Total Time": 3444.826, "Actual Rows": 573635, "Actual Loops": 1, "Inner Unique": false, "Merge Cond": "(customer.c_custkey = orders.o_custkey)", "Plans": [{"Node Type": "Sort", "Parent Relationship": "Outer", "Startup Cost": 205999.98, "Total Cost": 209749.98, "Plan Rows": 1500000, "Plan Width": 153, "Actual Startup Time": 1282.619, "Actual Total Time": 1611.594, "Actual Rows": 1499999, "Actual Loops": 1, "Sort Key": ["customer.c_custkey"], "Sort Method": "quicksort", "Sort Space Used": 470340, "Sort Space Type": "Memory", "Plans": [{"Node Type": "Seq Scan", "Parent Relationship": "Outer", "Relation Name": "customer", "Alias": "customer", "Startup Cost": 0.0, "Total Cost": 52126.0, "Plan Rows": 1500000, "Plan Width": 153, "Actual Startup Time": 0.02, "Actual Total Time": 583.789, "Actual Rows": 1500000, "Actual Loops": 1}]}, {"Node Type": "Sort", "Parent Relationship": "Inner", "Startup Cost": 354869.55, "Total Cost": 356308.91, "Plan Rows": 575746, "Plan Width": 16, "Actual Startup Time": 1143.577, "Actual Total Time": 1295.966, "Actual Rows": 573635, "Actual Loops": 1, "Sort Key": ["orders.o_custkey"], "Sort Method": "quicksort", "Sort Space Used": 78355, "Sort Space Type": "Memory", "Plans": [{"Node Type": "Bitmap Heap Scan", "Parent Relationship": "Outer", "Relation Name": "orders", "Alias": "orders", "Startup Cost": 14729.65, "Total Cost": 299784.84, "Plan Rows": 575746, "Plan Width": 16, "Actual Startup Time": 250.582, "Actual Total Time": 906.531, "Actual Rows": 573635, "Actual Loops": 1, "Recheck Cond": "((o_orderdate >= '1993-08-01 00:00:00'::timestamp(0) without time zone) AND (o_orderdate < '1993-11-01 00:00:00'::timestamp without time zone)), (LLVM Optimized, Jit Execute)", "Rows Removed by Index Recheck": 0, "Exact Heap Blocks": 242860, "Lossy Heap Blocks": 242860, "Plans": [{"Node Type": "Bitmap Index Scan", "Parent Relationship": "Outer", "Index Name": "idx_orders_orderdate", "Startup Cost": 0.0, "Total Cost": 14585.71, "Plan Rows": 575746, "Plan Width": 0, "Actual Startup Time": 176.256, "Actual Total Time": 176.256, "Actual Rows": 573635, "Actual Loops": 1, "Index Cond": "((o_orderdate >= '1993-08-01 00:00:00'::timestamp(0) without time zone) AND (o_orderdate < '1993-11-01 00:00:00'::timestamp without time zone))"}]}]}]}]}]}]}, {"Node Type": "Sort", "Parent Relationship": "Inner", "Startup Cost": 3932143.37, "Total Cost": 3969231.39, "Plan Rows": 14835209, "Plan Width": 24, "Actual Startup Time": 27837.438, "Actual Total Time": 29720.042, "Actual Rows": 14808182, "Actual Loops": 1, "Sort Key": ["lineitem.l_orderkey"], "Sort Method": "quicksort", "Sort Space Used": 1781484, "Sort Space Type": "Memory", "Plans": [{"Node Type": "Seq Scan", "Parent Relationship": "Outer", "Relation Name": "lineitem", "Alias": "lineitem", "Startup Cost": 0.0, "Total Cost": 2165082.91, "Plan Rows": 14835209, "Plan Width": 24, "Actual Startup Time": 0.046, "Actual Total Time": 22474.226, "Actual Rows": 14808183, "Actual Loops": 1, "Filter": "(l_returnflag = 'R'::bpchar), (LLVM Optimized, Jit Execute)", "Rows Removed by Filter": 45177869}]}]}]}]}]}, "Triggers": [], "Planner Runtime": 1, "Total Runtime": 39267.979, "Unique SQL Id": 1604070524}}, "(64, 87)": {"explain_plan": {"Plan": {"Node Type": "Limit", "Startup Cost": 13443415.76, "Total Cost": 13443415.81, "Plan Rows": 20, "Plan Width": 199, "Plans": [{"Node Type": "Sort", "Parent Relationship": "Outer", "Startup Cost": 13443415.76, "Total Cost": 13447030.51, "Plan Rows": 20, "Plan Width": 199, "Sort Key": ["(sum((lineitem.l_extendedprice * (1::double precision - lineitem.l_discount)))) DESC"], "Plans": [{"Node Type": "Aggregate", "Strategy": "Hashed", "Parent Relationship": "Outer", "Startup Cost": 13390481.96, "Total Cost": 13404940.94, "Plan Rows": 1445898, "Plan Width": 199, "Group By Key": ["customer.c_custkey", "customer.c_name", "customer.c_acctbal", "customer.c_phone", "nation.n_name", "customer.c_address", "customer.c_comment"], "Plans": [{"Node Type": "Nested Loop", "Parent Relationship": "Outer", "Join Type": "Inner", "Startup Cost": 14732.12, "Total Cost": 13354334.51, "Plan Rows": 1445898, "Plan Width": 191, "Inner Unique": false, "Plans": [{"Node Type": "Nested Loop", "Parent Relationship": "Outer", "Join Type": "Inner", "Startup Cost": 14730.2, "Total Cost": 5249597.54, "Plan Rows": 575746, "Plan Width": 183, "Inner Unique": true, "Plans": [{"Node Type": "Nested Loop", "Parent Relationship": "Outer", "Join Type": "Inner", "Startup Cost": 14729.94, "Total Cost": 2785257.65, "Plan Rows": 575746, "Plan Width": 161, "Inner Unique": true, "Plans": [{"Node Type": "Bitmap Heap Scan", "Parent Relationship": "Outer", "Relation Name": "orders", "Alias": "orders", "Startup Cost": 14729.65, "Total Cost": 299784.84, "Plan Rows": 575746, "Plan Width": 16, "Recheck Cond": "((o_orderdate >= '1993-08-01 00:00:00'::timestamp(0) without time zone) AND (o_orderdate < '1993-11-01 00:00:00'::timestamp without time zone)), (LLVM Optimized)", "Plans": [{"Node Type": "Bitmap Index Scan", "Parent Relationship": "Outer", "Index Name": "idx_orders_orderdate", "Startup Cost": 0.0, "Total Cost": 14585.71, "Plan Rows": 575746, "Plan Width": 0, "Index Cond": "((o_orderdate >= '1993-08-01 00:00:00'::timestamp(0) without time zone) AND (o_orderdate < '1993-11-01 00:00:00'::timestamp without time zone))"}]}, {"Node Type": "Bitmap Heap Scan", "Parent Relationship": "Inner", "Relation Name": "customer", "Alias": "customer", "Startup Cost": 0.29, "Total Cost": 4.31, "Plan Rows": 1, "Plan Width": 153, "Recheck Cond": "(c_custkey = orders.o_custkey)", "Plans": [{"Node Type": "Bitmap Index Scan", "Parent Relationship": "Outer", "Index Name": "customer_pkey", "Startup Cost": 0.0, "Total Cost": 0.29, "Plan Rows": 1, "Plan Width": 0, "Index Cond": "(c_custkey = orders.o_custkey)"}]}]}, {"Node Type": "Bitmap Heap Scan", "Parent Relationship": "Inner", "Relation Name": "nation", "Alias": "nation", "Startup Cost": 0.26, "Total Cost": 4.27, "Plan Rows": 1, "Plan Width": 30, "Recheck Cond": "(n_nationkey = customer.c_nationkey)", "Plans": [{"Node Type": "Bitmap Index Scan", "Parent Relationship": "Outer", "Index Name": "nation_pkey", "Startup Cost": 0.0, "Total Cost": 0.26, "Plan Rows": 1, "Plan Width": 0, "Index Cond": "(n_nationkey = customer.c_nationkey)"}]}]}, {"Node Type": "Bitmap Heap Scan", "Parent Relationship": "Inner", "Relation Name": "lineitem", "Alias": "lineitem", "Startup Cost": 1.93, "Total Cost": 14.05, "Plan Rows": 3, "Plan Width": 24, "Recheck Cond": "(l_orderkey = orders.o_orderkey)", "Filter": "(l_returnflag = 'R'::bpchar)", "Plans": [{"Node Type": "Bitmap Index Scan", "Parent Relationship": "Outer", "Index Name": "idx_lineitem_orderkey", "Startup Cost": 0.0, "Total Cost": 1.92, "Plan Rows": 9, "Plan Width": 0, "Index Cond": "(l_orderkey = orders.o_orderkey)"}]}]}]}]}]}, "Unique SQL Id": 1604070524, "Planner Runtime": 1}, "explain_analyze_plan": {"Plan": {"Node Type": "Limit", "Startup Cost": 13443415.76, "Total Cost": 13443415.81, "Plan Rows": 20, "Plan Width": 199, "Actual Startup Time": 16957.333, "Actual Total Time": 16957.341, "Actual Rows": 20, "Actual Loops": 1, "Plans": [{"Node Type": "Sort", "Parent Relationship": "Outer", "Startup Cost": 13443415.76, "Total Cost": 13447030.51, "Plan Rows": 20, "Plan Width": 199, "Actual Startup Time": 16957.329, "Actual Total Time": 16957.334, "Actual Rows": 20, "Actual Loops": 1, "Sort Key": ["(sum((lineitem.l_extendedprice * (1::double precision - lineitem.l_discount)))) DESC"], "Sort Method": "top-N heapsort", "Sort Space Used": 35, "Sort Space Type": "Memory", "Plans": [{"Node Type": "Aggregate", "Strategy": "Hashed", "Parent Relationship": "Outer", "Startup Cost": 13390481.96, "Total Cost": 13404940.94, "Plan Rows": 1445898, "Plan Width": 199, "Actual Startup Time": 16583.968, "Actual Total Time": 16822.306, "Actual Rows": 381542, "Actual Loops": 1, "Group By Key": ["customer.c_custkey", "customer.c_name", "customer.c_acctbal", "customer.c_phone", "nation.n_name", "customer.c_address", "customer.c_comment"], "Plans": [{"Node Type": "Nested Loop", "Parent Relationship": "Outer", "Join Type": "Inner", "Startup Cost": 14732.12, "Total Cost": 13354334.51, "Plan Rows": 1445898, "Plan Width": 191, "Actual Startup Time": 241.783, "Actual Total Time": 14652.01, "Actual Rows": 1145969, "Actual Loops": 1, "Inner Unique": false, "Plans": [{"Node Type": "Nested Loop", "Parent Relationship": "Outer", "Join Type": "Inner", "Startup Cost": 14730.2, "Total Cost": 5249597.54, "Plan Rows": 575746, "Plan Width": 183, "Actual Startup Time": 241.73, "Actual Total Time": 8212.424, "Actual Rows": 573635, "Actual Loops": 1, "Inner Unique": true, "Plans": [{"Node Type": "Nested Loop", "Parent Relationship": "Outer", "Join Type": "Inner", "Startup Cost": 14729.94, "Total Cost": 2785257.65, "Plan Rows": 575746, "Plan Width": 161, "Actual Startup Time": 241.696, "Actual Total Time": 6036.117, "Actual Rows": 573635, "Actual Loops": 1, "Inner Unique": true, "Plans": [{"Node Type": "Bitmap Heap Scan", "Parent Relationship": "Outer", "Relation Name": "orders", "Alias": "orders", "Startup Cost": 14729.65, "Total Cost": 299784.84, "Plan Rows": 575746, "Plan Width": 16, "Actual Startup Time": 241.45, "Actual Total Time": 1047.688, "Actual Rows": 573635, "Actual Loops": 1, "Recheck Cond": "((o_orderdate >= '1993-08-01 00:00:00'::timestamp(0) without time zone) AND (o_orderdate < '1993-11-01 00:00:00'::timestamp without time zone)), (LLVM Optimized, Jit Execute)", "Rows Removed by Index Recheck": 0, "Exact Heap Blocks": 242860, "Lossy Heap Blocks": 242860, "Plans": [{"Node Type": "Bitmap Index Scan", "Parent Relationship": "Outer", "Index Name": "idx_orders_orderdate", "Startup Cost": 0.0, "Total Cost": 14585.71, "Plan Rows": 575746, "Plan Width": 0, "Actual Startup Time": 167.064, "Actual Total Time": 167.064, "Actual Rows": 573635, "Actual Loops": 1, "Index Cond": "((o_orderdate >= '1993-08-01 00:00:00'::timestamp(0) without time zone) AND (o_orderdate < '1993-11-01 00:00:00'::timestamp without time zone))"}]}, {"Node Type": "Bitmap Heap Scan", "Parent Relationship": "Inner", "Relation Name": "customer", "Alias": "customer", "Startup Cost": 0.29, "Total Cost": 4.31, "Plan Rows": 1, "Plan Width": 153, "Actual Startup Time": 4129.14, "Actual Total Time": 4129.14, "Actual Rows": 573635, "Actual Loops": 573635, "Recheck Cond": "(c_custkey = orders.o_custkey)", "Rows Removed by Index Recheck": 0, "Exact Heap Blocks": 573635, "Lossy Heap Blocks": 573635, "Plans": [{"Node Type": "Bitmap Index Scan", "Parent Relationship": "Outer", "Index Name": "customer_pkey", "Startup Cost": 0.0, "Total Cost": 0.29, "Plan Rows": 1, "Plan Width": 0, "Actual Startup Time": 2565.96, "Actual Total Time": 2565.96, "Actual Rows": 573635, "Actual Loops": 573635, "Index Cond": "(c_custkey = orders.o_custkey)"}]}]}, {"Node Type": "Bitmap Heap Scan", "Parent Relationship": "Inner", "Relation Name": "nation", "Alias": "nation", "Startup Cost": 0.26, "Total Cost": 4.27, "Plan Rows": 1, "Plan Width": 30, "Actual Startup Time": 1398.487, "Actual Total Time": 1398.487, "Actual Rows": 573635, "Actual Loops": 573635, "Recheck Cond": "(n_nationkey = customer.c_nationkey)", "Rows Removed by Index Recheck": 0, "Exact Heap Blocks": 573635, "Lossy Heap Blocks": 573635, "Plans": [{"Node Type": "Bitmap Index Scan", "Parent Relationship": "Outer", "Index Name": "nation_pkey", "Startup Cost": 0.0, "Total Cost": 0.26, "Plan Rows": 1, "Plan Width": 0, "Actual Startup Time": 610.04, "Actual Total Time": 610.04, "Actual Rows": 573635, "Actual Loops": 573635, "Index Cond": "(n_nationkey = customer.c_nationkey)"}]}]}, {"Node Type": "Bitmap Heap Scan", "Parent Relationship": "Inner", "Relation Name": "lineitem", "Alias": "lineitem", "Startup Cost": 1.93, "Total Cost": 14.05, "Plan Rows": 3, "Plan Width": 24, "Actual Startup Time": 4947.793, "Actual Total Time": 5480.067, "Actual Rows": 1145969, "Actual Loops": 573635, "Recheck Cond": "(l_orderkey = orders.o_orderkey)", "Rows Removed by Index Recheck": 0, "Filter": "(l_returnflag = 'R'::bpchar)", "Rows Removed by Filter": 1146896, "Exact Heap Blocks": 614400, "Lossy Heap Blocks": 614400, "Plans": [{"Node Type": "Bitmap Index Scan", "Parent Relationship": "Outer", "Index Name": "idx_lineitem_orderkey", "Startup Cost": 0.0, "Total Cost": 1.92, "Plan Rows": 9, "Plan Width": 0, "Actual Startup Time": 2505.557, "Actual Total Time": 2505.557, "Actual Rows": 2292865, "Actual Loops": 573635, "Index Cond": "(l_orderkey = orders.o_orderkey)"}]}]}]}]}]}, "Triggers": [], "Planner Runtime": 0, "Total Runtime": 16967.566, "Unique SQL Id": 1604070524}}, "(64, 88)": {"explain_plan": {"Plan": {"Node Type": "Limit", "Startup Cost": 3919068.9, "Total Cost": 3919068.95, "Plan Rows": 20, "Plan Width": 199, "Plans": [{"Node Type": "Sort", "Parent Relationship": "Outer", "Startup Cost": 3919068.9, "Total Cost": 3922683.64, "Plan Rows": 20, "Plan Width": 199, "Sort Key": ["(sum((lineitem.l_extendedprice * (1::double precision - lineitem.l_discount)))) DESC"], "Plans": [{"Node Type": "Aggregate", "Strategy": "Hashed", "Parent Relationship": "Outer", "Startup Cost": 3866135.09, "Total Cost": 3880594.07, "Plan Rows": 1445898, "Plan Width": 199, "Group By Key": ["customer.c_custkey", "customer.c_name", "customer.c_acctbal", "customer.c_phone", "nation.n_name", "customer.c_address", "customer.c_comment"], "Plans": [{"Node Type": "Nested Loop", "Parent Relationship": "Outer", "Join Type": "Inner", "Startup Cost": 704733.88, "Total Cost": 3829987.64, "Plan Rows": 1445898, "Plan Width": 191, "Inner Unique": false, "Plans": [{"Node Type": "Merge Join", "Parent Relationship": "Outer", "Join Type": "Inner", "Startup Cost": 704733.88, "Total Cost": 713370.2, "Plan Rows": 575746, "Plan Width": 183, "Inner Unique": false, "Merge Cond": "(nation.n_nationkey = customer.c_nationkey)", "Plans": [{"Node Type": "Sort", "Parent Relationship": "Outer", "Startup Cost": 1.83, "Total Cost": 1.89, "Plan Rows": 25, "Plan Width": 30, "Sort Key": ["nation.n_nationkey"], "Plans": [{"Node Type": "Seq Scan", "Parent Relationship": "Outer", "Relation Name": "nation", "Alias": "nation", "Startup Cost": 0.0, "Total Cost": 1.25, "Plan Rows": 25, "Plan Width": 30}]}, {"Node Type": "Sort", "Parent Relationship": "Inner", "Startup Cost": 704732.05, "Total Cost": 706171.42, "Plan Rows": 575746, "Plan Width": 161, "Sort Key": ["customer.c_nationkey"], "Plans": [{"Node Type": "Merge Join", "Parent Relationship": "Outer", "Join Type": "Inner", "Startup Cost": 556498.2, "Total Cost": 649647.34, "Plan Rows": 575746, "Plan Width": 161, "Inner Unique": false, "Merge Cond": "(customer.c_custkey = orders.o_custkey)", "Plans": [{"Node Type": "Index Scan", "Parent Relationship": "Outer", "Scan Direction": "Forward", "Index Name": "customer_pkey", "Relation Name": "customer", "Alias": "customer", "Startup Cost": 0.0, "Total Cost": 80765.36, "Plan Rows": 1500000, "Plan Width": 153}, {"Node Type": "Sort", "Parent Relationship": "Inner", "Startup Cost": 556495.89, "Total Cost": 557935.26, "Plan Rows": 575746, "Plan Width": 16, "Sort Key": ["orders.o_custkey"], "Plans": [{"Node Type": "Seq Scan", "Parent Relationship": "Outer", "Relation Name": "orders", "Alias": "orders", "Startup Cost": 578.97, "Total Cost": 501411.18, "Plan Rows": 575746, "Plan Width": 16, "Filter": "((o_orderdate >= '1993-08-01 00:00:00'::timestamp(0) without time zone) AND (o_orderdate < '1993-11-01 00:00:00'::timestamp without time zone)), (LLVM Optimized)"}]}]}]}]}, {"Node Type": "Index Scan", "Parent Relationship": "Inner", "Scan Direction": "Forward", "Index Name": "idx_lineitem_orderkey", "Relation Name": "lineitem", "Alias": "lineitem", "Startup Cost": 0.0, "Total Cost": 5.38, "Plan Rows": 3, "Plan Width": 24, "Index Cond": "(l_orderkey = orders.o_orderkey)", "Filter": "(l_returnflag = 'R'::bpchar)"}]}]}]}]}, "Unique SQL Id": 1604070524, "Planner Runtime": 1}, "explain_analyze_plan": {"Plan": {"Node Type": "Limit", "Startup Cost": 3919068.9, "Total Cost": 3919068.95, "Plan Rows": 20, "Plan Width": 199, "Actual Startup Time": 16743.045, "Actual Total Time": 16743.052, "Actual Rows": 20, "Actual Loops": 1, "Plans": [{"Node Type": "Sort", "Parent Relationship": "Outer", "Startup Cost": 3919068.9, "Total Cost": 3922683.64, "Plan Rows": 20, "Plan Width": 199, "Actual Startup Time": 16743.042, "Actual Total Time": 16743.046, "Actual Rows": 20, "Actual Loops": 1, "Sort Key": ["(sum((lineitem.l_extendedprice * (1::double precision - lineitem.l_discount)))) DESC"], "Sort Method": "top-N heapsort", "Sort Space Used": 35, "Sort Space Type": "Memory", "Plans": [{"Node Type": "Aggregate", "Strategy": "Hashed", "Parent Relationship": "Outer", "Startup Cost": 3866135.09, "Total Cost": 3880594.07, "Plan Rows": 1445898, "Plan Width": 199, "Actual Startup Time": 16384.928, "Actual Total Time": 16608.994, "Actual Rows": 381542, "Actual Loops": 1, "Group By Key": ["customer.c_custkey", "customer.c_name", "customer.c_acctbal", "customer.c_phone", "nation.n_name", "customer.c_address", "customer.c_comment"], "Plans": [{"Node Type": "Nested Loop", "Parent Relationship": "Outer", "Join Type": "Inner", "Startup Cost": 704733.88, "Total Cost": 3829987.64, "Plan Rows": 1445898, "Plan Width": 191, "Actual Startup Time": 6905.78, "Actual Total Time": 14643.357, "Actual Rows": 1145969, "Actual Loops": 1, "Inner Unique": false, "Plans": [{"Node Type": "Merge Join", "Parent Relationship": "Outer", "Join Type": "Inner", "Startup Cost": 704733.88, "Total Cost": 713370.2, "Plan Rows": 575746, "Plan Width": 183, "Actual Startup Time": 6905.68, "Actual Total Time": 7297.169, "Actual Rows": 573635, "Actual Loops": 1, "Inner Unique": false, "Merge Cond": "(nation.n_nationkey = customer.c_nationkey)", "Plans": [{"Node Type": "Sort", "Parent Relationship": "Outer", "Startup Cost": 1.83, "Total Cost": 1.89, "Plan Rows": 25, "Plan Width": 30, "Actual Startup Time": 0.058, "Actual Total Time": 0.078, "Actual Rows": 25, "Actual Loops": 1, "Sort Key": ["nation.n_nationkey"], "Sort Method": "quicksort", "Sort Space Used": 27, "Sort Space Type": "Memory", "Plans": [{"Node Type": "Seq Scan", "Parent Relationship": "Outer", "Relation Name": "nation", "Alias": "nation", "Startup Cost": 0.0, "Total Cost": 1.25, "Plan Rows": 25, "Plan Width": 30, "Actual Startup Time": 0.024, "Actual Total Time": 0.029, "Actual Rows": 25, "Actual Loops": 1}]}, {"Node Type": "Sort", "Parent Relationship": "Inner", "Startup Cost": 704732.05, "Total Cost": 706171.42, "Plan Rows": 575746, "Plan Width": 161, "Actual Startup Time": 6905.611, "Actual Total Time": 7046.639, "Actual Rows": 573635, "Actual Loops": 1, "Sort Key": ["customer.c_nationkey"], "Sort Method": "quicksort", "Sort Space Used": 185911, "Sort Space Type": "Memory", "Plans": [{"Node Type": "Merge Join", "Parent Relationship": "Outer", "Join Type": "Inner", "Startup Cost": 556498.2, "Total Cost": 649647.34, "Plan Rows": 575746, "Plan Width": 161, "Actual Startup Time": 5290.188, "Actual Total Time": 6640.878, "Actual Rows": 573635, "Actual Loops": 1, "Inner Unique": false, "Merge Cond": "(customer.c_custkey = orders.o_custkey)", "Plans": [{"Node Type": "Index Scan", "Parent Relationship": "Outer", "Scan Direction": "Forward", "Index Name": "customer_pkey", "Relation Name": "customer", "Alias": "customer", "Startup Cost": 0.0, "Total Cost": 80765.36, "Plan Rows": 1500000, "Plan Width": 153, "Actual Startup Time": 0.027, "Actual Total Time": 760.913, "Actual Rows": 1499999, "Actual Loops": 1}, {"Node Type": "Sort", "Parent Relationship": "Inner", "Startup Cost": 556495.89, "Total Cost": 557935.26, "Plan Rows": 575746, "Plan Width": 16, "Actual Startup Time": 5290.141, "Actual Total Time": 5408.071, "Actual Rows": 573635, "Actual Loops": 1, "Sort Key": ["orders.o_custkey"], "Sort Method": "quicksort", "Sort Space Used": 78355, "Sort Space Type": "Memory", "Plans": [{"Node Type": "Seq Scan", "Parent Relationship": "Outer", "Relation Name": "orders", "Alias": "orders", "Startup Cost": 578.97, "Total Cost": 501411.18, "Plan Rows": 575746, "Plan Width": 16, "Actual Startup Time": 0.025, "Actual Total Time": 5043.82, "Actual Rows": 573635, "Actual Loops": 1, "Filter": "((o_orderdate >= '1993-08-01 00:00:00'::timestamp(0) without time zone) AND (o_orderdate < '1993-11-01 00:00:00'::timestamp without time zone)), (LLVM Optimized, Jit Execute)", "Rows Removed by Filter": 14426365}]}]}]}]}, {"Node Type": "Index Scan", "Parent Relationship": "Inner", "Scan Direction": "Forward", "Index Name": "idx_lineitem_orderkey", "Relation Name": "lineitem", "Alias": "lineitem", "Startup Cost": 0.0, "Total Cost": 5.38, "Plan Rows": 3, "Plan Width": 24, "Actual Startup Time": 5480.535, "Actual Total Time": 6747.753, "Actual Rows": 1145969, "Actual Loops": 573635, "Index Cond": "(l_orderkey = orders.o_orderkey)", "Rows Removed by Index Recheck": 0, "Filter": "(l_returnflag = 'R'::bpchar)", "Rows Removed by Filter": 1146896}]}]}]}]}, "Triggers": [], "Planner Runtime": 2, "Total Runtime": 16752.866, "Unique SQL Id": 1604070524}}, "(64, 89)": {"explain_plan": {"Plan": {"Node Type": "Limit", "Startup Cost": 4223644.28, "Total Cost": 4223644.33, "Plan Rows": 20, "Plan Width": 199, "Plans": [{"Node Type": "Sort", "Parent Relationship": "Outer", "Startup Cost": 4223644.28, "Total Cost": 4227259.02, "Plan Rows": 20, "Plan Width": 199, "Sort Key": ["(sum((lineitem.l_extendedprice * (1::double precision - lineitem.l_discount)))) DESC"], "Plans": [{"Node Type": "Aggregate", "Strategy": "Hashed", "Parent Relationship": "Outer", "Startup Cost": 4170710.47, "Total Cost": 4185169.45, "Plan Rows": 1445898, "Plan Width": 199, "Group By Key": ["customer.c_custkey", "customer.c_name", "customer.c_acctbal", "customer.c_phone", "nation.n_name", "customer.c_address", "customer.c_comment"], "Plans": [{"Node Type": "Nested Loop", "Parent Relationship": "Outer", "Join Type": "Inner", "Startup Cost": 1009296.7, "Total Cost": 4134563.02, "Plan Rows": 1445898, "Plan Width": 191, "Inner Unique": false, "Plans": [{"Node Type": "Merge Join", "Parent Relationship": "Outer", "Join Type": "Inner", "Startup Cost": 1009296.7, "Total Cost": 1017945.58, "Plan Rows": 575746, "Plan Width": 183, "Inner Unique": false, "Merge Cond": "(nation.n_nationkey = customer.c_nationkey)", "Plans": [{"Node Type": "Index Scan", "Parent Relationship": "Outer", "Scan Direction": "Forward", "Index Name": "nation_pkey", "Relation Name": "nation", "Alias": "nation", "Startup Cost": 0.0, "Total Cost": 12.62, "Plan Rows": 25, "Plan Width": 30}, {"Node Type": "Sort", "Parent Relationship": "Inner", "Startup Cost": 1009296.7, "Total Cost": 1010736.06, "Plan Rows": 575746, "Plan Width": 161, "Sort Key": ["customer.c_nationkey"], "Plans": [{"Node Type": "Merge Join", "Parent Relationship": "Outer", "Join Type": "Inner", "Startup Cost": 861062.85, "Total Cost": 954211.99, "Plan Rows": 575746, "Plan Width": 161, "Inner Unique": false, "Merge Cond": "(customer.c_custkey = orders.o_custkey)", "Plans": [{"Node Type": "Index Scan", "Parent Relationship": "Outer", "Scan Direction": "Forward", "Index Name": "customer_pkey", "Relation Name": "customer", "Alias": "customer", "Startup Cost": 0.0, "Total Cost": 80765.36, "Plan Rows": 1500000, "Plan Width": 153}, {"Node Type": "Sort", "Parent Relationship": "Inner", "Startup Cost": 861060.54, "Total Cost": 862499.9, "Plan Rows": 575746, "Plan Width": 16, "Sort Key": ["orders.o_custkey"], "Plans": [{"Node Type": "Index Scan", "Parent Relationship": "Outer", "Scan Direction": "Forward", "Index Name": "orders_pkey", "Relation Name": "orders", "Alias": "orders", "Startup Cost": 0.0, "Total Cost": 805975.83, "Plan Rows": 575746, "Plan Width": 16, "Filter": "((o_orderdate >= '1993-08-01 00:00:00'::timestamp(0) without time zone) AND (o_orderdate < '1993-11-01 00:00:00'::timestamp without time zone)), (LLVM Optimized)"}]}]}]}]}, {"Node Type": "Index Scan", "Parent Relationship": "Inner", "Scan Direction": "Forward", "Index Name": "idx_lineitem_orderkey", "Relation Name": "lineitem", "Alias": "lineitem", "Startup Cost": 0.0, "Total Cost": 5.38, "Plan Rows": 3, "Plan Width": 24, "Index Cond": "(l_orderkey = orders.o_orderkey)", "Filter": "(l_returnflag = 'R'::bpchar)"}]}]}]}]}, "Unique SQL Id": 1604070524, "Planner Runtime": 1}, "explain_analyze_plan": {"Plan": {"Node Type": "Limit", "Startup Cost": 4223644.28, "Total Cost": 4223644.33, "Plan Rows": 20, "Plan Width": 199, "Actual Startup Time": 20968.684, "Actual Total Time": 20968.69, "Actual Rows": 20, "Actual Loops": 1, "Plans": [{"Node Type": "Sort", "Parent Relationship": "Outer", "Startup Cost": 4223644.28, "Total Cost": 4227259.02, "Plan Rows": 20, "Plan Width": 199, "Actual Startup Time": 20968.68, "Actual Total Time": 20968.681, "Actual Rows": 20, "Actual Loops": 1, "Sort Key": ["(sum((lineitem.l_extendedprice * (1::double precision - lineitem.l_discount)))) DESC"], "Sort Method": "top-N heapsort", "Sort Space Used": 35, "Sort Space Type": "Memory", "Plans": [{"Node Type": "Aggregate", "Strategy": "Hashed", "Parent Relationship": "Outer", "Startup Cost": 4170710.47, "Total Cost": 4185169.45, "Plan Rows": 1445898, "Plan Width": 199, "Actual Startup Time": 20601.131, "Actual Total Time": 20834.08, "Actual Rows": 381542, "Actual Loops": 1, "Group By Key": ["customer.c_custkey", "customer.c_name", "customer.c_acctbal", "customer.c_phone", "nation.n_name", "customer.c_address", "customer.c_comment"], "Plans": [{"Node Type": "Nested Loop", "Parent Relationship": "Outer", "Join Type": "Inner", "Startup Cost": 1009296.7, "Total Cost": 4134563.02, "Plan Rows": 1445898, "Plan Width": 191, "Actual Startup Time": 11044.437, "Actual Total Time": 18852.428, "Actual Rows": 1145969, "Actual Loops": 1, "Inner Unique": false, "Plans": [{"Node Type": "Merge Join", "Parent Relationship": "Outer", "Join Type": "Inner", "Startup Cost": 1009296.7, "Total Cost": 1017945.58, "Plan Rows": 575746, "Plan Width": 183, "Actual Startup Time": 11044.321, "Actual Total Time": 11498.538, "Actual Rows": 573635, "Actual Loops": 1, "Inner Unique": false, "Merge Cond": "(nation.n_nationkey = customer.c_nationkey)", "Plans": [{"Node Type": "Index Scan", "Parent Relationship": "Outer", "Scan Direction": "Forward", "Index Name": "nation_pkey", "Relation Name": "nation", "Alias": "nation", "Startup Cost": 0.0, "Total Cost": 12.62, "Plan Rows": 25, "Plan Width": 30, "Actual Startup Time": 0.02, "Actual Total Time": 0.09, "Actual Rows": 25, "Actual Loops": 1}, {"Node Type": "Sort", "Parent Relationship": "Inner", "Startup Cost": 1009296.7, "Total Cost": 1010736.06, "Plan Rows": 575746, "Plan Width": 161, "Actual Startup Time": 11044.275, "Actual Total Time": 11228.32, "Actual Rows": 573635, "Actual Loops": 1, "Sort Key": ["customer.c_nationkey"], "Sort Method": "quicksort", "Sort Space Used": 185911, "Sort Space Type": "Memory", "Plans": [{"Node Type": "Merge Join", "Parent Relationship": "Outer", "Join Type": "Inner", "Startup Cost": 861062.85, "Total Cost": 954211.99, "Plan Rows": 575746, "Plan Width": 161, "Actual Startup Time": 9281.667, "Actual Total Time": 10773.665, "Actual Rows": 573635, "Actual Loops": 1, "Inner Unique": false, "Merge Cond": "(customer.c_custkey = orders.o_custkey)", "Plans": [{"Node Type": "Index Scan", "Parent Relationship": "Outer", "Scan Direction": "Forward", "Index Name": "customer_pkey", "Relation Name": "customer", "Alias": "customer", "Startup Cost": 0.0, "Total Cost": 80765.36, "Plan Rows": 1500000, "Plan Width": 153, "Actual Startup Time": 0.021, "Actual Total Time": 876.148, "Actual Rows": 1499999, "Actual Loops": 1}, {"Node Type": "Sort", "Parent Relationship": "Inner", "Startup Cost": 861060.54, "Total Cost": 862499.9, "Plan Rows": 575746, "Plan Width": 16, "Actual Startup Time": 9281.626, "Actual Total Time": 9426.566, "Actual Rows": 573635, "Actual Loops": 1, "Sort Key": ["orders.o_custkey"], "Sort Method": "quicksort", "Sort Space Used": 78355, "Sort Space Type": "Memory", "Plans": [{"Node Type": "Index Scan", "Parent Relationship": "Outer", "Scan Direction": "Forward", "Index Name": "orders_pkey", "Relation Name": "orders", "Alias": "orders", "Startup Cost": 0.0, "Total Cost": 805975.83, "Plan Rows": 575746, "Plan Width": 16, "Actual Startup Time": 0.032, "Actual Total Time": 9018.692, "Actual Rows": 573635, "Actual Loops": 1, "Filter": "((o_orderdate >= '1993-08-01 00:00:00'::timestamp(0) without time zone) AND (o_orderdate < '1993-11-01 00:00:00'::timestamp without time zone)), (LLVM Optimized, Jit Execute)", "Rows Removed by Filter": 14426365}]}]}]}]}, {"Node Type": "Index Scan", "Parent Relationship": "Inner", "Scan Direction": "Forward", "Index Name": "idx_lineitem_orderkey", "Relation Name": "lineitem", "Alias": "lineitem", "Startup Cost": 0.0, "Total Cost": 5.38, "Plan Rows": 3, "Plan Width": 24, "Actual Startup Time": 5475.528, "Actual Total Time": 6752.416, "Actual Rows": 1145969, "Actual Loops": 573635, "Index Cond": "(l_orderkey = orders.o_orderkey)", "Rows Removed by Index Recheck": 0, "Filter": "(l_returnflag = 'R'::bpchar)", "Rows Removed by Filter": 1146896}]}]}]}]}, "Triggers": [], "Planner Runtime": 1, "Total Runtime": 20978.56, "Unique SQL Id": 1604070524}}, "(64, 90)": {"explain_plan": {"Plan": {"Node Type": "Limit", "Startup Cost": 5010176.71, "Total Cost": 5010176.76, "Plan Rows": 20, "Plan Width": 199, "Plans": [{"Node Type": "Sort", "Parent Relationship": "Outer", "Startup Cost": 5010176.71, "Total Cost": 5013791.45, "Plan Rows": 20, "Plan Width": 199, "Sort Key": ["(sum((lineitem.l_extendedprice * (1::double precision - lineitem.l_discount)))) DESC"], "Plans": [{"Node Type": "Aggregate", "Strategy": "Hashed", "Parent Relationship": "Outer", "Startup Cost": 4957242.9, "Total Cost": 4971701.88, "Plan Rows": 1445898, "Plan Width": 199, "Group By Key": ["customer.c_custkey", "customer.c_name", "customer.c_acctbal", "customer.c_phone", "nation.n_name", "customer.c_address", "customer.c_comment"], "Plans": [{"Node Type": "Merge Join", "Parent Relationship": "Outer", "Join Type": "Inner", "Startup Cost": 4829583.01, "Total Cost": 4921095.45, "Plan Rows": 1445898, "Plan Width": 191, "Inner Unique": false, "Merge Cond": "(orders.o_orderkey = lineitem.l_orderkey)", "Plans": [{"Node Type": "Sort", "Parent Relationship": "Outer", "Startup Cost": 897439.53, "Total Cost": 898878.9, "Plan Rows": 575746, "Plan Width": 183, "Sort Key": ["orders.o_orderkey"], "Plans": [{"Node Type": "Merge Join", "Parent Relationship": "Outer", "Join Type": "Inner", "Startup Cost": 833718.51, "Total Cost": 842354.83, "Plan Rows": 575746, "Plan Width": 183, "Inner Unique": false, "Merge Cond": "(nation.n_nationkey = customer.c_nationkey)", "Plans": [{"Node Type": "Sort", "Parent Relationship": "Outer", "Startup Cost": 1.83, "Total Cost": 1.89, "Plan Rows": 25, "Plan Width": 30, "Sort Key": ["nation.n_nationkey"], "Plans": [{"Node Type": "Seq Scan", "Parent Relationship": "Outer", "Relation Name": "nation", "Alias": "nation", "Startup Cost": 0.0, "Total Cost": 1.25, "Plan Rows": 25, "Plan Width": 30}]}, {"Node Type": "Sort", "Parent Relationship": "Inner", "Startup Cost": 833716.68, "Total Cost": 835156.05, "Plan Rows": 575746, "Plan Width": 161, "Sort Key": ["customer.c_nationkey"], "Plans": [{"Node Type": "Merge Join", "Parent Relationship": "Outer", "Join Type": "Inner", "Startup Cost": 762496.08, "Total Cost": 778631.97, "Plan Rows": 575746, "Plan Width": 161, "Inner Unique": false, "Merge Cond": "(customer.c_custkey = orders.o_custkey)", "Plans": [{"Node Type": "Sort", "Parent Relationship": "Outer", "Startup Cost": 205999.98, "Total Cost": 209749.98, "Plan Rows": 1500000, "Plan Width": 153, "Sort Key": ["customer.c_custkey"], "Plans": [{"Node Type": "Seq Scan", "Parent Relationship": "Outer", "Relation Name": "customer", "Alias": "customer", "Startup Cost": 0.0, "Total Cost": 52126.0, "Plan Rows": 1500000, "Plan Width": 153}]}, {"Node Type": "Sort", "Parent Relationship": "Inner", "Startup Cost": 556495.89, "Total Cost": 557935.26, "Plan Rows": 575746, "Plan Width": 16, "Sort Key": ["orders.o_custkey"], "Plans": [{"Node Type": "Seq Scan", "Parent Relationship": "Outer", "Relation Name": "orders", "Alias": "orders", "Startup Cost": 578.97, "Total Cost": 501411.18, "Plan Rows": 575746, "Plan Width": 16, "Filter": "((o_orderdate >= '1993-08-01 00:00:00'::timestamp(0) without time zone) AND (o_orderdate < '1993-11-01 00:00:00'::timestamp without time zone)), (LLVM Optimized)"}]}]}]}]}]}, {"Node Type": "Sort", "Parent Relationship": "Inner", "Startup Cost": 3932143.37, "Total Cost": 3969231.39, "Plan Rows": 14835209, "Plan Width": 24, "Sort Key": ["lineitem.l_orderkey"], "Plans": [{"Node Type": "Seq Scan", "Parent Relationship": "Outer", "Relation Name": "lineitem", "Alias": "lineitem", "Startup Cost": 0.0, "Total Cost": 2165082.91, "Plan Rows": 14835209, "Plan Width": 24, "Filter": "(l_returnflag = 'R'::bpchar), (LLVM Optimized)"}]}]}]}]}]}, "Unique SQL Id": 1604070524, "Planner Runtime": 1}, "explain_analyze_plan": {"Plan": {"Node Type": "Limit", "Startup Cost": 5010176.71, "Total Cost": 5010176.76, "Plan Rows": 20, "Plan Width": 199, "Actual Startup Time": 41816.952, "Actual Total Time": 41816.959, "Actual Rows": 20, "Actual Loops": 1, "Plans": [{"Node Type": "Sort", "Parent Relationship": "Outer", "Startup Cost": 5010176.71, "Total Cost": 5013791.45, "Plan Rows": 20, "Plan Width": 199, "Actual Startup Time": 41816.949, "Actual Total Time": 41816.953, "Actual Rows": 20, "Actual Loops": 1, "Sort Key": ["(sum((lineitem.l_extendedprice * (1::double precision - lineitem.l_discount)))) DESC"], "Sort Method": "top-N heapsort", "Sort Space Used": 35, "Sort Space Type": "Memory", "Plans": [{"Node Type": "Aggregate", "Strategy": "Hashed", "Parent Relationship": "Outer", "Startup Cost": 4957242.9, "Total Cost": 4971701.88, "Plan Rows": 1445898, "Plan Width": 199, "Actual Startup Time": 41484.721, "Actual Total Time": 41684.084, "Actual Rows": 381542, "Actual Loops": 1, "Group By Key": ["customer.c_custkey", "customer.c_name", "customer.c_acctbal", "customer.c_phone", "nation.n_name", "customer.c_address", "customer.c_comment"], "Plans": [{"Node Type": "Merge Join", "Parent Relationship": "Outer", "Join Type": "Inner", "Startup Cost": 4829583.01, "Total Cost": 4921095.45, "Plan Rows": 1445898, "Plan Width": 191, "Actual Startup Time": 35317.07, "Actual Total Time": 39852.0, "Actual Rows": 1145969, "Actual Loops": 1, "Inner Unique": false, "Merge Cond": "(orders.o_orderkey = lineitem.l_orderkey)", "Plans": [{"Node Type": "Sort", "Parent Relationship": "Outer", "Startup Cost": 897439.53, "Total Cost": 898878.9, "Plan Rows": 575746, "Plan Width": 183, "Actual Startup Time": 7938.57, "Actual Total Time": 8065.911, "Actual Rows": 573635, "Actual Loops": 1, "Sort Key": ["orders.o_orderkey"], "Sort Method": "quicksort", "Sort Space Used": 199246, "Sort Space Type": "Memory", "Plans": [{"Node Type": "Merge Join", "Parent Relationship": "Outer", "Join Type": "Inner", "Startup Cost": 833718.51, "Total Cost": 842354.83, "Plan Rows": 575746, "Plan Width": 183, "Actual Startup Time": 7315.171, "Actual Total Time": 7612.354, "Actual Rows": 573635, "Actual Loops": 1, "Inner Unique": false, "Merge Cond": "(nation.n_nationkey = customer.c_nationkey)", "Plans": [{"Node Type": "Sort", "Parent Relationship": "Outer", "Startup Cost": 1.83, "Total Cost": 1.89, "Plan Rows": 25, "Plan Width": 30, "Actual Startup Time": 0.049, "Actual Total Time": 0.058, "Actual Rows": 25, "Actual Loops": 1, "Sort Key": ["nation.n_nationkey"], "Sort Method": "quicksort", "Sort Space Used": 27, "Sort Space Type": "Memory", "Plans": [{"Node Type": "Seq Scan", "Parent Relationship": "Outer", "Relation Name": "nation", "Alias": "nation", "Startup Cost": 0.0, "Total Cost": 1.25, "Plan Rows": 25, "Plan Width": 30, "Actual Startup Time": 0.025, "Actual Total Time": 0.031, "Actual Rows": 25, "Actual Loops": 1}]}, {"Node Type": "Sort", "Parent Relationship": "Inner", "Startup Cost": 833716.68, "Total Cost": 835156.05, "Plan Rows": 575746, "Plan Width": 161, "Actual Startup Time": 7315.101, "Actual Total Time": 7409.824, "Actual Rows": 573635, "Actual Loops": 1, "Sort Key": ["customer.c_nationkey"], "Sort Method": "quicksort", "Sort Space Used": 185911, "Sort Space Type": "Memory", "Plans": [{"Node Type": "Merge Join", "Parent Relationship": "Outer", "Join Type": "Inner", "Startup Cost": 762496.08, "Total Cost": 778631.97, "Plan Rows": 575746, "Plan Width": 161, "Actual Startup Time": 6233.623, "Actual Total Time": 7058.294, "Actual Rows": 573635, "Actual Loops": 1, "Inner Unique": false, "Merge Cond": "(customer.c_custkey = orders.o_custkey)", "Plans": [{"Node Type": "Sort", "Parent Relationship": "Outer", "Startup Cost": 205999.98, "Total Cost": 209749.98, "Plan Rows": 1500000, "Plan Width": 153, "Actual Startup Time": 1199.137, "Actual Total Time": 1419.885, "Actual Rows": 1499999, "Actual Loops": 1, "Sort Key": ["customer.c_custkey"], "Sort Method": "quicksort", "Sort Space Used": 470340, "Sort Space Type": "Memory", "Plans": [{"Node Type": "Seq Scan", "Parent Relationship": "Outer", "Relation Name": "customer", "Alias": "customer", "Startup Cost": 0.0, "Total Cost": 52126.0, "Plan Rows": 1500000, "Plan Width": 153, "Actual Startup Time": 0.012, "Actual Total Time": 538.882, "Actual Rows": 1500000, "Actual Loops": 1}]}, {"Node Type": "Sort", "Parent Relationship": "Inner", "Startup Cost": 556495.89, "Total Cost": 557935.26, "Plan Rows": 575746, "Plan Width": 16, "Actual Startup Time": 5034.465, "Actual Total Time": 5159.81, "Actual Rows": 573635, "Actual Loops": 1, "Sort Key": ["orders.o_custkey"], "Sort Method": "quicksort", "Sort Space Used": 78355, "Sort Space Type": "Memory", "Plans": [{"Node Type": "Seq Scan", "Parent Relationship": "Outer", "Relation Name": "orders", "Alias": "orders", "Startup Cost": 578.97, "Total Cost": 501411.18, "Plan Rows": 575746, "Plan Width": 16, "Actual Startup Time": 0.042, "Actual Total Time": 4791.79, "Actual Rows": 573635, "Actual Loops": 1, "Filter": "((o_orderdate >= '1993-08-01 00:00:00'::timestamp(0) without time zone) AND (o_orderdate < '1993-11-01 00:00:00'::timestamp without time zone)), (LLVM Optimized, Jit Execute)", "Rows Removed by Filter": 14426365}]}]}]}]}]}, {"Node Type": "Sort", "Parent Relationship": "Inner", "Startup Cost": 3932143.37, "Total Cost": 3969231.39, "Plan Rows": 14835209, "Plan Width": 24, "Actual Startup Time": 27378.463, "Actual Total Time": 29100.418, "Actual Rows": 14808182, "Actual Loops": 1, "Sort Key": ["lineitem.l_orderkey"], "Sort Method": "quicksort", "Sort Space Used": 1781484, "Sort Space Type": "Memory", "Plans": [{"Node Type": "Seq Scan", "Parent Relationship": "Outer", "Relation Name": "lineitem", "Alias": "lineitem", "Startup Cost": 0.0, "Total Cost": 2165082.91, "Plan Rows": 14835209, "Plan Width": 24, "Actual Startup Time": 0.05, "Actual Total Time": 22470.144, "Actual Rows": 14808183, "Actual Loops": 1, "Filter": "(l_returnflag = 'R'::bpchar), (LLVM Optimized, Jit Execute)", "Rows Removed by Filter": 45177869}]}]}]}]}]}, "Triggers": [], "Planner Runtime": 1, "Total Runtime": 41827.017, "Unique SQL Id": 1604070524}}, "(64, 91)": {"explain_plan": {"Plan": {"Node Type": "Limit", "Startup Cost": 4000462083455.39, "Total Cost": 4000462083455.44, "Plan Rows": 20, "Plan Width": 199, "Plans": [{"Node Type": "Sort", "Parent Relationship": "Outer", "Startup Cost": 4000462083455.39, "Total Cost": 4000462087070.14, "Plan Rows": 20, "Plan Width": 199, "Sort Key": ["(sum((lineitem.l_extendedprice * (1::double precision - lineitem.l_discount)))) DESC"], "Plans": [{"Node Type": "Aggregate", "Strategy": "Hashed", "Parent Relationship": "Outer", "Startup Cost": 4000462030521.59, "Total Cost": 4000462044980.57, "Plan Rows": 1445898, "Plan Width": 199, "Group By Key": ["customer.c_custkey", "customer.c_name", "customer.c_acctbal", "customer.c_phone", "nation.n_name", "customer.c_address", "customer.c_comment"], "Plans": [{"Node Type": "Merge Join", "Parent Relationship": "Outer", "Join Type": "Inner", "Startup Cost": 3010139082765.1, "Total Cost": 4000461994374.14, "Plan Rows": 1445898, "Plan Width": 191, "Inner Unique": false, "Merge Cond": "(orders.o_orderkey = lineitem.l_orderkey)", "Plans": [{"Node Type": "Sort", "Parent Relationship": "Outer", "Startup Cost": 3000139082765.0, "Total Cost": 3000139084204.36, "Plan Rows": 575746, "Plan Width": 183, "Sort Key": ["orders.o_orderkey"], "Plans": [{"Node Type": "Merge Join", "Parent Relationship": "Outer", "Join Type": "Inner", "Startup Cost": 2010139017781.54, "Total Cost": 3000139027680.29, "Plan Rows": 575746, "Plan Width": 183, "Inner Unique": false, "Merge Cond": "(nation.n_nationkey = customer.c_nationkey)", "Plans": [{"Node Type": "Index Scan", "Parent Relationship": "Outer", "Scan Direction": "Forward", "Index Name": "nation_pkey", "Relation Name": "nation", "Alias": "nation", "Startup Cost": 10000000000.0, "Total Cost": 1000000001262.5, "Plan Rows": 25, "Plan Width": 30}, {"Node Type": "Sort", "Parent Relationship": "Inner", "Startup Cost": 2000139017781.54, "Total Cost": 2000139019220.9, "Plan Rows": 575746, "Plan Width": 161, "Sort Key": ["customer.c_nationkey"], "Plans": [{"Node Type": "Merge Join", "Parent Relationship": "Outer", "Join Type": "Inner", "Startup Cost": 20027060220.86, "Total Cost": 2000138962696.83, "Plan Rows": 575746, "Plan Width": 161, "Inner Unique": false, "Merge Cond": "(customer.c_custkey = orders.o_custkey)", "Plans": [{"Node Type": "Index Scan", "Parent Relationship": "Outer", "Scan Direction": "Forward", "Index Name": "customer_pkey", "Relation Name": "customer", "Alias": "customer", "Startup Cost": 10000000000.0, "Total Cost": 1000008076535.62, "Plan Rows": 1500000, "Plan Width": 153}, {"Node Type": "Index Scan", "Parent Relationship": "Inner", "Scan Direction": "Forward", "Index Name": "idx_orders_custkey", "Relation Name": "orders", "Alias": "orders", "Startup Cost": 10000000000.0, "Total Cost": 1000163551268.58, "Plan Rows": 575746, "Plan Width": 16, "Filter": "((o_orderdate >= '1993-08-01 00:00:00'::timestamp(0) without time zone) AND (o_orderdate < '1993-11-01 00:00:00'::timestamp without time zone)), (LLVM Optimized)"}]}]}]}]}, {"Node Type": "Index Scan", "Parent Relationship": "Inner", "Scan Direction": "Forward", "Index Name": "idx_lineitem_orderkey", "Relation Name": "lineitem", "Alias": "lineitem", "Startup Cost": 10000000000.0, "Total Cost": 1000339012132.75, "Plan Rows": 14835209, "Plan Width": 24, "Filter": "(l_returnflag = 'R'::bpchar), (LLVM Optimized)"}]}]}]}]}, "Unique SQL Id": 1604070524, "Planner Runtime": 2}, "explain_analyze_plan": null}, "(64, 92)": {"explain_plan": {"Plan": {"Node Type": "Limit", "Startup Cost": 3919068.9, "Total Cost": 3919068.95, "Plan Rows": 20, "Plan Width": 199, "Plans": [{"Node Type": "Sort", "Parent Relationship": "Outer", "Startup Cost": 3919068.9, "Total Cost": 3922683.64, "Plan Rows": 20, "Plan Width": 199, "Sort Key": ["(sum((lineitem.l_extendedprice * (1::double precision - lineitem.l_discount)))) DESC"], "Plans": [{"Node Type": "Aggregate", "Strategy": "Hashed", "Parent Relationship": "Outer", "Startup Cost": 3866135.09, "Total Cost": 3880594.07, "Plan Rows": 1445898, "Plan Width": 199, "Group By Key": ["customer.c_custkey", "customer.c_name", "customer.c_acctbal", "customer.c_phone", "nation.n_name", "customer.c_address", "customer.c_comment"], "Plans": [{"Node Type": "Nested Loop", "Parent Relationship": "Outer", "Join Type": "Inner", "Startup Cost": 704733.88, "Total Cost": 3829987.64, "Plan Rows": 1445898, "Plan Width": 191, "Inner Unique": false, "Plans": [{"Node Type": "Merge Join", "Parent Relationship": "Outer", "Join Type": "Inner", "Startup Cost": 704733.88, "Total Cost": 713370.2, "Plan Rows": 575746, "Plan Width": 183, "Inner Unique": false, "Merge Cond": "(nation.n_nationkey = customer.c_nationkey)", "Plans": [{"Node Type": "Sort", "Parent Relationship": "Outer", "Startup Cost": 1.83, "Total Cost": 1.89, "Plan Rows": 25, "Plan Width": 30, "Sort Key": ["nation.n_nationkey"], "Plans": [{"Node Type": "Seq Scan", "Parent Relationship": "Outer", "Relation Name": "nation", "Alias": "nation", "Startup Cost": 0.0, "Total Cost": 1.25, "Plan Rows": 25, "Plan Width": 30}]}, {"Node Type": "Sort", "Parent Relationship": "Inner", "Startup Cost": 704732.05, "Total Cost": 706171.42, "Plan Rows": 575746, "Plan Width": 161, "Sort Key": ["customer.c_nationkey"], "Plans": [{"Node Type": "Merge Join", "Parent Relationship": "Outer", "Join Type": "Inner", "Startup Cost": 556498.2, "Total Cost": 649647.34, "Plan Rows": 575746, "Plan Width": 161, "Inner Unique": false, "Merge Cond": "(customer.c_custkey = orders.o_custkey)", "Plans": [{"Node Type": "Index Scan", "Parent Relationship": "Outer", "Scan Direction": "Forward", "Index Name": "customer_pkey", "Relation Name": "customer", "Alias": "customer", "Startup Cost": 0.0, "Total Cost": 80765.36, "Plan Rows": 1500000, "Plan Width": 153}, {"Node Type": "Sort", "Parent Relationship": "Inner", "Startup Cost": 556495.89, "Total Cost": 557935.26, "Plan Rows": 575746, "Plan Width": 16, "Sort Key": ["orders.o_custkey"], "Plans": [{"Node Type": "Seq Scan", "Parent Relationship": "Outer", "Relation Name": "orders", "Alias": "orders", "Startup Cost": 578.97, "Total Cost": 501411.18, "Plan Rows": 575746, "Plan Width": 16, "Filter": "((o_orderdate >= '1993-08-01 00:00:00'::timestamp(0) without time zone) AND (o_orderdate < '1993-11-01 00:00:00'::timestamp without time zone)), (LLVM Optimized)"}]}]}]}]}, {"Node Type": "Index Scan", "Parent Relationship": "Inner", "Scan Direction": "Forward", "Index Name": "idx_lineitem_orderkey", "Relation Name": "lineitem", "Alias": "lineitem", "Startup Cost": 0.0, "Total Cost": 5.38, "Plan Rows": 3, "Plan Width": 24, "Index Cond": "(l_orderkey = orders.o_orderkey)", "Filter": "(l_returnflag = 'R'::bpchar)"}]}]}]}]}, "Unique SQL Id": 1604070524, "Planner Runtime": 2}, "explain_analyze_plan": {"Plan": {"Node Type": "Limit", "Startup Cost": 3919068.9, "Total Cost": 3919068.95, "Plan Rows": 20, "Plan Width": 199, "Actual Startup Time": 16743.045, "Actual Total Time": 16743.052, "Actual Rows": 20, "Actual Loops": 1, "Plans": [{"Node Type": "Sort", "Parent Relationship": "Outer", "Startup Cost": 3919068.9, "Total Cost": 3922683.64, "Plan Rows": 20, "Plan Width": 199, "Actual Startup Time": 16743.042, "Actual Total Time": 16743.046, "Actual Rows": 20, "Actual Loops": 1, "Sort Key": ["(sum((lineitem.l_extendedprice * (1::double precision - lineitem.l_discount)))) DESC"], "Sort Method": "top-N heapsort", "Sort Space Used": 35, "Sort Space Type": "Memory", "Plans": [{"Node Type": "Aggregate", "Strategy": "Hashed", "Parent Relationship": "Outer", "Startup Cost": 3866135.09, "Total Cost": 3880594.07, "Plan Rows": 1445898, "Plan Width": 199, "Actual Startup Time": 16384.928, "Actual Total Time": 16608.994, "Actual Rows": 381542, "Actual Loops": 1, "Group By Key": ["customer.c_custkey", "customer.c_name", "customer.c_acctbal", "customer.c_phone", "nation.n_name", "customer.c_address", "customer.c_comment"], "Plans": [{"Node Type": "Nested Loop", "Parent Relationship": "Outer", "Join Type": "Inner", "Startup Cost": 704733.88, "Total Cost": 3829987.64, "Plan Rows": 1445898, "Plan Width": 191, "Actual Startup Time": 6905.78, "Actual Total Time": 14643.357, "Actual Rows": 1145969, "Actual Loops": 1, "Inner Unique": false, "Plans": [{"Node Type": "Merge Join", "Parent Relationship": "Outer", "Join Type": "Inner", "Startup Cost": 704733.88, "Total Cost": 713370.2, "Plan Rows": 575746, "Plan Width": 183, "Actual Startup Time": 6905.68, "Actual Total Time": 7297.169, "Actual Rows": 573635, "Actual Loops": 1, "Inner Unique": false, "Merge Cond": "(nation.n_nationkey = customer.c_nationkey)", "Plans": [{"Node Type": "Sort", "Parent Relationship": "Outer", "Startup Cost": 1.83, "Total Cost": 1.89, "Plan Rows": 25, "Plan Width": 30, "Actual Startup Time": 0.058, "Actual Total Time": 0.078, "Actual Rows": 25, "Actual Loops": 1, "Sort Key": ["nation.n_nationkey"], "Sort Method": "quicksort", "Sort Space Used": 27, "Sort Space Type": "Memory", "Plans": [{"Node Type": "Seq Scan", "Parent Relationship": "Outer", "Relation Name": "nation", "Alias": "nation", "Startup Cost": 0.0, "Total Cost": 1.25, "Plan Rows": 25, "Plan Width": 30, "Actual Startup Time": 0.024, "Actual Total Time": 0.029, "Actual Rows": 25, "Actual Loops": 1}]}, {"Node Type": "Sort", "Parent Relationship": "Inner", "Startup Cost": 704732.05, "Total Cost": 706171.42, "Plan Rows": 575746, "Plan Width": 161, "Actual Startup Time": 6905.611, "Actual Total Time": 7046.639, "Actual Rows": 573635, "Actual Loops": 1, "Sort Key": ["customer.c_nationkey"], "Sort Method": "quicksort", "Sort Space Used": 185911, "Sort Space Type": "Memory", "Plans": [{"Node Type": "Merge Join", "Parent Relationship": "Outer", "Join Type": "Inner", "Startup Cost": 556498.2, "Total Cost": 649647.34, "Plan Rows": 575746, "Plan Width": 161, "Actual Startup Time": 5290.188, "Actual Total Time": 6640.878, "Actual Rows": 573635, "Actual Loops": 1, "Inner Unique": false, "Merge Cond": "(customer.c_custkey = orders.o_custkey)", "Plans": [{"Node Type": "Index Scan", "Parent Relationship": "Outer", "Scan Direction": "Forward", "Index Name": "customer_pkey", "Relation Name": "customer", "Alias": "customer", "Startup Cost": 0.0, "Total Cost": 80765.36, "Plan Rows": 1500000, "Plan Width": 153, "Actual Startup Time": 0.027, "Actual Total Time": 760.913, "Actual Rows": 1499999, "Actual Loops": 1}, {"Node Type": "Sort", "Parent Relationship": "Inner", "Startup Cost": 556495.89, "Total Cost": 557935.26, "Plan Rows": 575746, "Plan Width": 16, "Actual Startup Time": 5290.141, "Actual Total Time": 5408.071, "Actual Rows": 573635, "Actual Loops": 1, "Sort Key": ["orders.o_custkey"], "Sort Method": "quicksort", "Sort Space Used": 78355, "Sort Space Type": "Memory", "Plans": [{"Node Type": "Seq Scan", "Parent Relationship": "Outer", "Relation Name": "orders", "Alias": "orders", "Startup Cost": 578.97, "Total Cost": 501411.18, "Plan Rows": 575746, "Plan Width": 16, "Actual Startup Time": 0.025, "Actual Total Time": 5043.82, "Actual Rows": 573635, "Actual Loops": 1, "Filter": "((o_orderdate >= '1993-08-01 00:00:00'::timestamp(0) without time zone) AND (o_orderdate < '1993-11-01 00:00:00'::timestamp without time zone)), (LLVM Optimized, Jit Execute)", "Rows Removed by Filter": 14426365}]}]}]}]}, {"Node Type": "Index Scan", "Parent Relationship": "Inner", "Scan Direction": "Forward", "Index Name": "idx_lineitem_orderkey", "Relation Name": "lineitem", "Alias": "lineitem", "Startup Cost": 0.0, "Total Cost": 5.38, "Plan Rows": 3, "Plan Width": 24, "Actual Startup Time": 5480.535, "Actual Total Time": 6747.753, "Actual Rows": 1145969, "Actual Loops": 573635, "Index Cond": "(l_orderkey = orders.o_orderkey)", "Rows Removed by Index Recheck": 0, "Filter": "(l_returnflag = 'R'::bpchar)", "Rows Removed by Filter": 1146896}]}]}]}]}, "Triggers": [], "Planner Runtime": 2, "Total Runtime": 16752.866, "Unique SQL Id": 1604070524}}, "(64, 93)": {"explain_plan": {"Plan": {"Node Type": "Limit", "Startup Cost": 4223644.28, "Total Cost": 4223644.33, "Plan Rows": 20, "Plan Width": 199, "Plans": [{"Node Type": "Sort", "Parent Relationship": "Outer", "Startup Cost": 4223644.28, "Total Cost": 4227259.02, "Plan Rows": 20, "Plan Width": 199, "Sort Key": ["(sum((lineitem.l_extendedprice * (1::double precision - lineitem.l_discount)))) DESC"], "Plans": [{"Node Type": "Aggregate", "Strategy": "Hashed", "Parent Relationship": "Outer", "Startup Cost": 4170710.47, "Total Cost": 4185169.45, "Plan Rows": 1445898, "Plan Width": 199, "Group By Key": ["customer.c_custkey", "customer.c_name", "customer.c_acctbal", "customer.c_phone", "nation.n_name", "customer.c_address", "customer.c_comment"], "Plans": [{"Node Type": "Nested Loop", "Parent Relationship": "Outer", "Join Type": "Inner", "Startup Cost": 1009296.7, "Total Cost": 4134563.02, "Plan Rows": 1445898, "Plan Width": 191, "Inner Unique": false, "Plans": [{"Node Type": "Merge Join", "Parent Relationship": "Outer", "Join Type": "Inner", "Startup Cost": 1009296.7, "Total Cost": 1017945.58, "Plan Rows": 575746, "Plan Width": 183, "Inner Unique": false, "Merge Cond": "(nation.n_nationkey = customer.c_nationkey)", "Plans": [{"Node Type": "Index Scan", "Parent Relationship": "Outer", "Scan Direction": "Forward", "Index Name": "nation_pkey", "Relation Name": "nation", "Alias": "nation", "Startup Cost": 0.0, "Total Cost": 12.62, "Plan Rows": 25, "Plan Width": 30}, {"Node Type": "Sort", "Parent Relationship": "Inner", "Startup Cost": 1009296.7, "Total Cost": 1010736.06, "Plan Rows": 575746, "Plan Width": 161, "Sort Key": ["customer.c_nationkey"], "Plans": [{"Node Type": "Merge Join", "Parent Relationship": "Outer", "Join Type": "Inner", "Startup Cost": 861062.85, "Total Cost": 954211.99, "Plan Rows": 575746, "Plan Width": 161, "Inner Unique": false, "Merge Cond": "(customer.c_custkey = orders.o_custkey)", "Plans": [{"Node Type": "Index Scan", "Parent Relationship": "Outer", "Scan Direction": "Forward", "Index Name": "customer_pkey", "Relation Name": "customer", "Alias": "customer", "Startup Cost": 0.0, "Total Cost": 80765.36, "Plan Rows": 1500000, "Plan Width": 153}, {"Node Type": "Sort", "Parent Relationship": "Inner", "Startup Cost": 861060.54, "Total Cost": 862499.9, "Plan Rows": 575746, "Plan Width": 16, "Sort Key": ["orders.o_custkey"], "Plans": [{"Node Type": "Index Scan", "Parent Relationship": "Outer", "Scan Direction": "Forward", "Index Name": "orders_pkey", "Relation Name": "orders", "Alias": "orders", "Startup Cost": 0.0, "Total Cost": 805975.83, "Plan Rows": 575746, "Plan Width": 16, "Filter": "((o_orderdate >= '1993-08-01 00:00:00'::timestamp(0) without time zone) AND (o_orderdate < '1993-11-01 00:00:00'::timestamp without time zone)), (LLVM Optimized)"}]}]}]}]}, {"Node Type": "Index Scan", "Parent Relationship": "Inner", "Scan Direction": "Forward", "Index Name": "idx_lineitem_orderkey", "Relation Name": "lineitem", "Alias": "lineitem", "Startup Cost": 0.0, "Total Cost": 5.38, "Plan Rows": 3, "Plan Width": 24, "Index Cond": "(l_orderkey = orders.o_orderkey)", "Filter": "(l_returnflag = 'R'::bpchar)"}]}]}]}]}, "Unique SQL Id": 1604070524, "Planner Runtime": 1}, "explain_analyze_plan": {"Plan": {"Node Type": "Limit", "Startup Cost": 4223644.28, "Total Cost": 4223644.33, "Plan Rows": 20, "Plan Width": 199, "Actual Startup Time": 20968.684, "Actual Total Time": 20968.69, "Actual Rows": 20, "Actual Loops": 1, "Plans": [{"Node Type": "Sort", "Parent Relationship": "Outer", "Startup Cost": 4223644.28, "Total Cost": 4227259.02, "Plan Rows": 20, "Plan Width": 199, "Actual Startup Time": 20968.68, "Actual Total Time": 20968.681, "Actual Rows": 20, "Actual Loops": 1, "Sort Key": ["(sum((lineitem.l_extendedprice * (1::double precision - lineitem.l_discount)))) DESC"], "Sort Method": "top-N heapsort", "Sort Space Used": 35, "Sort Space Type": "Memory", "Plans": [{"Node Type": "Aggregate", "Strategy": "Hashed", "Parent Relationship": "Outer", "Startup Cost": 4170710.47, "Total Cost": 4185169.45, "Plan Rows": 1445898, "Plan Width": 199, "Actual Startup Time": 20601.131, "Actual Total Time": 20834.08, "Actual Rows": 381542, "Actual Loops": 1, "Group By Key": ["customer.c_custkey", "customer.c_name", "customer.c_acctbal", "customer.c_phone", "nation.n_name", "customer.c_address", "customer.c_comment"], "Plans": [{"Node Type": "Nested Loop", "Parent Relationship": "Outer", "Join Type": "Inner", "Startup Cost": 1009296.7, "Total Cost": 4134563.02, "Plan Rows": 1445898, "Plan Width": 191, "Actual Startup Time": 11044.437, "Actual Total Time": 18852.428, "Actual Rows": 1145969, "Actual Loops": 1, "Inner Unique": false, "Plans": [{"Node Type": "Merge Join", "Parent Relationship": "Outer", "Join Type": "Inner", "Startup Cost": 1009296.7, "Total Cost": 1017945.58, "Plan Rows": 575746, "Plan Width": 183, "Actual Startup Time": 11044.321, "Actual Total Time": 11498.538, "Actual Rows": 573635, "Actual Loops": 1, "Inner Unique": false, "Merge Cond": "(nation.n_nationkey = customer.c_nationkey)", "Plans": [{"Node Type": "Index Scan", "Parent Relationship": "Outer", "Scan Direction": "Forward", "Index Name": "nation_pkey", "Relation Name": "nation", "Alias": "nation", "Startup Cost": 0.0, "Total Cost": 12.62, "Plan Rows": 25, "Plan Width": 30, "Actual Startup Time": 0.02, "Actual Total Time": 0.09, "Actual Rows": 25, "Actual Loops": 1}, {"Node Type": "Sort", "Parent Relationship": "Inner", "Startup Cost": 1009296.7, "Total Cost": 1010736.06, "Plan Rows": 575746, "Plan Width": 161, "Actual Startup Time": 11044.275, "Actual Total Time": 11228.32, "Actual Rows": 573635, "Actual Loops": 1, "Sort Key": ["customer.c_nationkey"], "Sort Method": "quicksort", "Sort Space Used": 185911, "Sort Space Type": "Memory", "Plans": [{"Node Type": "Merge Join", "Parent Relationship": "Outer", "Join Type": "Inner", "Startup Cost": 861062.85, "Total Cost": 954211.99, "Plan Rows": 575746, "Plan Width": 161, "Actual Startup Time": 9281.667, "Actual Total Time": 10773.665, "Actual Rows": 573635, "Actual Loops": 1, "Inner Unique": false, "Merge Cond": "(customer.c_custkey = orders.o_custkey)", "Plans": [{"Node Type": "Index Scan", "Parent Relationship": "Outer", "Scan Direction": "Forward", "Index Name": "customer_pkey", "Relation Name": "customer", "Alias": "customer", "Startup Cost": 0.0, "Total Cost": 80765.36, "Plan Rows": 1500000, "Plan Width": 153, "Actual Startup Time": 0.021, "Actual Total Time": 876.148, "Actual Rows": 1499999, "Actual Loops": 1}, {"Node Type": "Sort", "Parent Relationship": "Inner", "Startup Cost": 861060.54, "Total Cost": 862499.9, "Plan Rows": 575746, "Plan Width": 16, "Actual Startup Time": 9281.626, "Actual Total Time": 9426.566, "Actual Rows": 573635, "Actual Loops": 1, "Sort Key": ["orders.o_custkey"], "Sort Method": "quicksort", "Sort Space Used": 78355, "Sort Space Type": "Memory", "Plans": [{"Node Type": "Index Scan", "Parent Relationship": "Outer", "Scan Direction": "Forward", "Index Name": "orders_pkey", "Relation Name": "orders", "Alias": "orders", "Startup Cost": 0.0, "Total Cost": 805975.83, "Plan Rows": 575746, "Plan Width": 16, "Actual Startup Time": 0.032, "Actual Total Time": 9018.692, "Actual Rows": 573635, "Actual Loops": 1, "Filter": "((o_orderdate >= '1993-08-01 00:00:00'::timestamp(0) without time zone) AND (o_orderdate < '1993-11-01 00:00:00'::timestamp without time zone)), (LLVM Optimized, Jit Execute)", "Rows Removed by Filter": 14426365}]}]}]}]}, {"Node Type": "Index Scan", "Parent Relationship": "Inner", "Scan Direction": "Forward", "Index Name": "idx_lineitem_orderkey", "Relation Name": "lineitem", "Alias": "lineitem", "Startup Cost": 0.0, "Total Cost": 5.38, "Plan Rows": 3, "Plan Width": 24, "Actual Startup Time": 5475.528, "Actual Total Time": 6752.416, "Actual Rows": 1145969, "Actual Loops": 573635, "Index Cond": "(l_orderkey = orders.o_orderkey)", "Rows Removed by Index Recheck": 0, "Filter": "(l_returnflag = 'R'::bpchar)", "Rows Removed by Filter": 1146896}]}]}]}]}, "Triggers": [], "Planner Runtime": 1, "Total Runtime": 20978.56, "Unique SQL Id": 1604070524}}, "(64, 94)": {"explain_plan": {"Plan": {"Node Type": "Limit", "Startup Cost": 5010176.71, "Total Cost": 5010176.76, "Plan Rows": 20, "Plan Width": 199, "Plans": [{"Node Type": "Sort", "Parent Relationship": "Outer", "Startup Cost": 5010176.71, "Total Cost": 5013791.45, "Plan Rows": 20, "Plan Width": 199, "Sort Key": ["(sum((lineitem.l_extendedprice * (1::double precision - lineitem.l_discount)))) DESC"], "Plans": [{"Node Type": "Aggregate", "Strategy": "Hashed", "Parent Relationship": "Outer", "Startup Cost": 4957242.9, "Total Cost": 4971701.88, "Plan Rows": 1445898, "Plan Width": 199, "Group By Key": ["customer.c_custkey", "customer.c_name", "customer.c_acctbal", "customer.c_phone", "nation.n_name", "customer.c_address", "customer.c_comment"], "Plans": [{"Node Type": "Merge Join", "Parent Relationship": "Outer", "Join Type": "Inner", "Startup Cost": 4829583.01, "Total Cost": 4921095.45, "Plan Rows": 1445898, "Plan Width": 191, "Inner Unique": false, "Merge Cond": "(orders.o_orderkey = lineitem.l_orderkey)", "Plans": [{"Node Type": "Sort", "Parent Relationship": "Outer", "Startup Cost": 897439.53, "Total Cost": 898878.9, "Plan Rows": 575746, "Plan Width": 183, "Sort Key": ["orders.o_orderkey"], "Plans": [{"Node Type": "Merge Join", "Parent Relationship": "Outer", "Join Type": "Inner", "Startup Cost": 833718.51, "Total Cost": 842354.83, "Plan Rows": 575746, "Plan Width": 183, "Inner Unique": false, "Merge Cond": "(nation.n_nationkey = customer.c_nationkey)", "Plans": [{"Node Type": "Sort", "Parent Relationship": "Outer", "Startup Cost": 1.83, "Total Cost": 1.89, "Plan Rows": 25, "Plan Width": 30, "Sort Key": ["nation.n_nationkey"], "Plans": [{"Node Type": "Seq Scan", "Parent Relationship": "Outer", "Relation Name": "nation", "Alias": "nation", "Startup Cost": 0.0, "Total Cost": 1.25, "Plan Rows": 25, "Plan Width": 30}]}, {"Node Type": "Sort", "Parent Relationship": "Inner", "Startup Cost": 833716.68, "Total Cost": 835156.05, "Plan Rows": 575746, "Plan Width": 161, "Sort Key": ["customer.c_nationkey"], "Plans": [{"Node Type": "Merge Join", "Parent Relationship": "Outer", "Join Type": "Inner", "Startup Cost": 762496.08, "Total Cost": 778631.97, "Plan Rows": 575746, "Plan Width": 161, "Inner Unique": false, "Merge Cond": "(customer.c_custkey = orders.o_custkey)", "Plans": [{"Node Type": "Sort", "Parent Relationship": "Outer", "Startup Cost": 205999.98, "Total Cost": 209749.98, "Plan Rows": 1500000, "Plan Width": 153, "Sort Key": ["customer.c_custkey"], "Plans": [{"Node Type": "Seq Scan", "Parent Relationship": "Outer", "Relation Name": "customer", "Alias": "customer", "Startup Cost": 0.0, "Total Cost": 52126.0, "Plan Rows": 1500000, "Plan Width": 153}]}, {"Node Type": "Sort", "Parent Relationship": "Inner", "Startup Cost": 556495.89, "Total Cost": 557935.26, "Plan Rows": 575746, "Plan Width": 16, "Sort Key": ["orders.o_custkey"], "Plans": [{"Node Type": "Seq Scan", "Parent Relationship": "Outer", "Relation Name": "orders", "Alias": "orders", "Startup Cost": 578.97, "Total Cost": 501411.18, "Plan Rows": 575746, "Plan Width": 16, "Filter": "((o_orderdate >= '1993-08-01 00:00:00'::timestamp(0) without time zone) AND (o_orderdate < '1993-11-01 00:00:00'::timestamp without time zone)), (LLVM Optimized)"}]}]}]}]}]}, {"Node Type": "Sort", "Parent Relationship": "Inner", "Startup Cost": 3932143.37, "Total Cost": 3969231.39, "Plan Rows": 14835209, "Plan Width": 24, "Sort Key": ["lineitem.l_orderkey"], "Plans": [{"Node Type": "Seq Scan", "Parent Relationship": "Outer", "Relation Name": "lineitem", "Alias": "lineitem", "Startup Cost": 0.0, "Total Cost": 2165082.91, "Plan Rows": 14835209, "Plan Width": 24, "Filter": "(l_returnflag = 'R'::bpchar), (LLVM Optimized)"}]}]}]}]}]}, "Unique SQL Id": 1604070524, "Planner Runtime": 1}, "explain_analyze_plan": {"Plan": {"Node Type": "Limit", "Startup Cost": 5010176.71, "Total Cost": 5010176.76, "Plan Rows": 20, "Plan Width": 199, "Actual Startup Time": 41816.952, "Actual Total Time": 41816.959, "Actual Rows": 20, "Actual Loops": 1, "Plans": [{"Node Type": "Sort", "Parent Relationship": "Outer", "Startup Cost": 5010176.71, "Total Cost": 5013791.45, "Plan Rows": 20, "Plan Width": 199, "Actual Startup Time": 41816.949, "Actual Total Time": 41816.953, "Actual Rows": 20, "Actual Loops": 1, "Sort Key": ["(sum((lineitem.l_extendedprice * (1::double precision - lineitem.l_discount)))) DESC"], "Sort Method": "top-N heapsort", "Sort Space Used": 35, "Sort Space Type": "Memory", "Plans": [{"Node Type": "Aggregate", "Strategy": "Hashed", "Parent Relationship": "Outer", "Startup Cost": 4957242.9, "Total Cost": 4971701.88, "Plan Rows": 1445898, "Plan Width": 199, "Actual Startup Time": 41484.721, "Actual Total Time": 41684.084, "Actual Rows": 381542, "Actual Loops": 1, "Group By Key": ["customer.c_custkey", "customer.c_name", "customer.c_acctbal", "customer.c_phone", "nation.n_name", "customer.c_address", "customer.c_comment"], "Plans": [{"Node Type": "Merge Join", "Parent Relationship": "Outer", "Join Type": "Inner", "Startup Cost": 4829583.01, "Total Cost": 4921095.45, "Plan Rows": 1445898, "Plan Width": 191, "Actual Startup Time": 35317.07, "Actual Total Time": 39852.0, "Actual Rows": 1145969, "Actual Loops": 1, "Inner Unique": false, "Merge Cond": "(orders.o_orderkey = lineitem.l_orderkey)", "Plans": [{"Node Type": "Sort", "Parent Relationship": "Outer", "Startup Cost": 897439.53, "Total Cost": 898878.9, "Plan Rows": 575746, "Plan Width": 183, "Actual Startup Time": 7938.57, "Actual Total Time": 8065.911, "Actual Rows": 573635, "Actual Loops": 1, "Sort Key": ["orders.o_orderkey"], "Sort Method": "quicksort", "Sort Space Used": 199246, "Sort Space Type": "Memory", "Plans": [{"Node Type": "Merge Join", "Parent Relationship": "Outer", "Join Type": "Inner", "Startup Cost": 833718.51, "Total Cost": 842354.83, "Plan Rows": 575746, "Plan Width": 183, "Actual Startup Time": 7315.171, "Actual Total Time": 7612.354, "Actual Rows": 573635, "Actual Loops": 1, "Inner Unique": false, "Merge Cond": "(nation.n_nationkey = customer.c_nationkey)", "Plans": [{"Node Type": "Sort", "Parent Relationship": "Outer", "Startup Cost": 1.83, "Total Cost": 1.89, "Plan Rows": 25, "Plan Width": 30, "Actual Startup Time": 0.049, "Actual Total Time": 0.058, "Actual Rows": 25, "Actual Loops": 1, "Sort Key": ["nation.n_nationkey"], "Sort Method": "quicksort", "Sort Space Used": 27, "Sort Space Type": "Memory", "Plans": [{"Node Type": "Seq Scan", "Parent Relationship": "Outer", "Relation Name": "nation", "Alias": "nation", "Startup Cost": 0.0, "Total Cost": 1.25, "Plan Rows": 25, "Plan Width": 30, "Actual Startup Time": 0.025, "Actual Total Time": 0.031, "Actual Rows": 25, "Actual Loops": 1}]}, {"Node Type": "Sort", "Parent Relationship": "Inner", "Startup Cost": 833716.68, "Total Cost": 835156.05, "Plan Rows": 575746, "Plan Width": 161, "Actual Startup Time": 7315.101, "Actual Total Time": 7409.824, "Actual Rows": 573635, "Actual Loops": 1, "Sort Key": ["customer.c_nationkey"], "Sort Method": "quicksort", "Sort Space Used": 185911, "Sort Space Type": "Memory", "Plans": [{"Node Type": "Merge Join", "Parent Relationship": "Outer", "Join Type": "Inner", "Startup Cost": 762496.08, "Total Cost": 778631.97, "Plan Rows": 575746, "Plan Width": 161, "Actual Startup Time": 6233.623, "Actual Total Time": 7058.294, "Actual Rows": 573635, "Actual Loops": 1, "Inner Unique": false, "Merge Cond": "(customer.c_custkey = orders.o_custkey)", "Plans": [{"Node Type": "Sort", "Parent Relationship": "Outer", "Startup Cost": 205999.98, "Total Cost": 209749.98, "Plan Rows": 1500000, "Plan Width": 153, "Actual Startup Time": 1199.137, "Actual Total Time": 1419.885, "Actual Rows": 1499999, "Actual Loops": 1, "Sort Key": ["customer.c_custkey"], "Sort Method": "quicksort", "Sort Space Used": 470340, "Sort Space Type": "Memory", "Plans": [{"Node Type": "Seq Scan", "Parent Relationship": "Outer", "Relation Name": "customer", "Alias": "customer", "Startup Cost": 0.0, "Total Cost": 52126.0, "Plan Rows": 1500000, "Plan Width": 153, "Actual Startup Time": 0.012, "Actual Total Time": 538.882, "Actual Rows": 1500000, "Actual Loops": 1}]}, {"Node Type": "Sort", "Parent Relationship": "Inner", "Startup Cost": 556495.89, "Total Cost": 557935.26, "Plan Rows": 575746, "Plan Width": 16, "Actual Startup Time": 5034.465, "Actual Total Time": 5159.81, "Actual Rows": 573635, "Actual Loops": 1, "Sort Key": ["orders.o_custkey"], "Sort Method": "quicksort", "Sort Space Used": 78355, "Sort Space Type": "Memory", "Plans": [{"Node Type": "Seq Scan", "Parent Relationship": "Outer", "Relation Name": "orders", "Alias": "orders", "Startup Cost": 578.97, "Total Cost": 501411.18, "Plan Rows": 575746, "Plan Width": 16, "Actual Startup Time": 0.042, "Actual Total Time": 4791.79, "Actual Rows": 573635, "Actual Loops": 1, "Filter": "((o_orderdate >= '1993-08-01 00:00:00'::timestamp(0) without time zone) AND (o_orderdate < '1993-11-01 00:00:00'::timestamp without time zone)), (LLVM Optimized, Jit Execute)", "Rows Removed by Filter": 14426365}]}]}]}]}]}, {"Node Type": "Sort", "Parent Relationship": "Inner", "Startup Cost": 3932143.37, "Total Cost": 3969231.39, "Plan Rows": 14835209, "Plan Width": 24, "Actual Startup Time": 27378.463, "Actual Total Time": 29100.418, "Actual Rows": 14808182, "Actual Loops": 1, "Sort Key": ["lineitem.l_orderkey"], "Sort Method": "quicksort", "Sort Space Used": 1781484, "Sort Space Type": "Memory", "Plans": [{"Node Type": "Seq Scan", "Parent Relationship": "Outer", "Relation Name": "lineitem", "Alias": "lineitem", "Startup Cost": 0.0, "Total Cost": 2165082.91, "Plan Rows": 14835209, "Plan Width": 24, "Actual Startup Time": 0.05, "Actual Total Time": 22470.144, "Actual Rows": 14808183, "Actual Loops": 1, "Filter": "(l_returnflag = 'R'::bpchar), (LLVM Optimized, Jit Execute)", "Rows Removed by Filter": 45177869}]}]}]}]}]}, "Triggers": [], "Planner Runtime": 1, "Total Runtime": 41827.017, "Unique SQL Id": 1604070524}}, "(64, 95)": {"explain_plan": {"Plan": {"Node Type": "Limit", "Startup Cost": 4000462083455.39, "Total Cost": 4000462083455.44, "Plan Rows": 20, "Plan Width": 199, "Plans": [{"Node Type": "Sort", "Parent Relationship": "Outer", "Startup Cost": 4000462083455.39, "Total Cost": 4000462087070.14, "Plan Rows": 20, "Plan Width": 199, "Sort Key": ["(sum((lineitem.l_extendedprice * (1::double precision - lineitem.l_discount)))) DESC"], "Plans": [{"Node Type": "Aggregate", "Strategy": "Hashed", "Parent Relationship": "Outer", "Startup Cost": 4000462030521.59, "Total Cost": 4000462044980.57, "Plan Rows": 1445898, "Plan Width": 199, "Group By Key": ["customer.c_custkey", "customer.c_name", "customer.c_acctbal", "customer.c_phone", "nation.n_name", "customer.c_address", "customer.c_comment"], "Plans": [{"Node Type": "Merge Join", "Parent Relationship": "Outer", "Join Type": "Inner", "Startup Cost": 3010139082765.1, "Total Cost": 4000461994374.14, "Plan Rows": 1445898, "Plan Width": 191, "Inner Unique": false, "Merge Cond": "(orders.o_orderkey = lineitem.l_orderkey)", "Plans": [{"Node Type": "Sort", "Parent Relationship": "Outer", "Startup Cost": 3000139082765.0, "Total Cost": 3000139084204.36, "Plan Rows": 575746, "Plan Width": 183, "Sort Key": ["orders.o_orderkey"], "Plans": [{"Node Type": "Merge Join", "Parent Relationship": "Outer", "Join Type": "Inner", "Startup Cost": 2010139017781.54, "Total Cost": 3000139027680.29, "Plan Rows": 575746, "Plan Width": 183, "Inner Unique": false, "Merge Cond": "(nation.n_nationkey = customer.c_nationkey)", "Plans": [{"Node Type": "Index Scan", "Parent Relationship": "Outer", "Scan Direction": "Forward", "Index Name": "nation_pkey", "Relation Name": "nation", "Alias": "nation", "Startup Cost": 10000000000.0, "Total Cost": 1000000001262.5, "Plan Rows": 25, "Plan Width": 30}, {"Node Type": "Sort", "Parent Relationship": "Inner", "Startup Cost": 2000139017781.54, "Total Cost": 2000139019220.9, "Plan Rows": 575746, "Plan Width": 161, "Sort Key": ["customer.c_nationkey"], "Plans": [{"Node Type": "Merge Join", "Parent Relationship": "Outer", "Join Type": "Inner", "Startup Cost": 20027060220.86, "Total Cost": 2000138962696.83, "Plan Rows": 575746, "Plan Width": 161, "Inner Unique": false, "Merge Cond": "(customer.c_custkey = orders.o_custkey)", "Plans": [{"Node Type": "Index Scan", "Parent Relationship": "Outer", "Scan Direction": "Forward", "Index Name": "customer_pkey", "Relation Name": "customer", "Alias": "customer", "Startup Cost": 10000000000.0, "Total Cost": 1000008076535.62, "Plan Rows": 1500000, "Plan Width": 153}, {"Node Type": "Index Scan", "Parent Relationship": "Inner", "Scan Direction": "Forward", "Index Name": "idx_orders_custkey", "Relation Name": "orders", "Alias": "orders", "Startup Cost": 10000000000.0, "Total Cost": 1000163551268.58, "Plan Rows": 575746, "Plan Width": 16, "Filter": "((o_orderdate >= '1993-08-01 00:00:00'::timestamp(0) without time zone) AND (o_orderdate < '1993-11-01 00:00:00'::timestamp without time zone)), (LLVM Optimized)"}]}]}]}]}, {"Node Type": "Index Scan", "Parent Relationship": "Inner", "Scan Direction": "Forward", "Index Name": "idx_lineitem_orderkey", "Relation Name": "lineitem", "Alias": "lineitem", "Startup Cost": 10000000000.0, "Total Cost": 1000339012132.75, "Plan Rows": 14835209, "Plan Width": 24, "Filter": "(l_returnflag = 'R'::bpchar), (LLVM Optimized)"}]}]}]}]}, "Unique SQL Id": 1604070524, "Planner Runtime": 1}, "explain_analyze_plan": null}, "(64, 96)": {"explain_plan": {"Plan": {"Node Type": "Limit", "Startup Cost": 2741876.6, "Total Cost": 2741876.65, "Plan Rows": 20, "Plan Width": 199, "Plans": [{"Node Type": "Sort", "Parent Relationship": "Outer", "Startup Cost": 2741876.6, "Total Cost": 2745491.35, "Plan Rows": 20, "Plan Width": 199, "Sort Key": ["(sum((lineitem.l_extendedprice * (1::double precision - lineitem.l_discount)))) DESC"], "Plans": [{"Node Type": "Aggregate", "Strategy": "Hashed", "Parent Relationship": "Outer", "Startup Cost": 2688942.8, "Total Cost": 2703401.78, "Plan Rows": 1445898, "Plan Width": 199, "Group By Key": ["customer.c_custkey", "customer.c_name", "customer.c_acctbal", "customer.c_phone", "nation.n_name", "customer.c_address", "customer.c_comment"], "Plans": [{"Node Type": "Hash Join", "Parent Relationship": "Outer", "Join Type": "Inner", "Startup Cost": 377859.22, "Total Cost": 2652795.35, "Plan Rows": 1445898, "Plan Width": 191, "Inner Unique": true, "Hash Cond": "(customer.c_nationkey = nation.n_nationkey), (LLVM Optimized)", "Plans": [{"Node Type": "Hash Join", "Parent Relationship": "Outer", "Join Type": "Inner", "Startup Cost": 377857.66, "Total Cost": 2632912.69, "Plan Rows": 1445898, "Plan Width": 169, "Inner Unique": true, "Hash Cond": "(orders.o_custkey = customer.c_custkey), (LLVM Optimized)", "Plans": [{"Node Type": "Hash Join", "Parent Relationship": "Outer", "Join Type": "Inner", "Startup Cost": 306981.66, "Total Cost": 2542155.59, "Plan Rows": 1445898, "Plan Width": 24, "Inner Unique": true, "Hash Cond": "(lineitem.l_orderkey = orders.o_orderkey), (LLVM Optimized)", "Plans": [{"Node Type": "Seq Scan", "Parent Relationship": "Outer", "Relation Name": "lineitem", "Alias": "lineitem", "Startup Cost": 0.0, "Total Cost": 2165082.91, "Plan Rows": 14835209, "Plan Width": 24, "Filter": "(l_returnflag = 'R'::bpchar), (LLVM Optimized)"}, {"Node Type": "Hash", "Parent Relationship": "Inner", "Startup Cost": 299784.84, "Total Cost": 299784.84, "Plan Rows": 575746, "Plan Width": 16, "Plans": [{"Node Type": "Bitmap Heap Scan", "Parent Relationship": "Outer", "Relation Name": "orders", "Alias": "orders", "Startup Cost": 14729.65, "Total Cost": 299784.84, "Plan Rows": 575746, "Plan Width": 16, "Recheck Cond": "((o_orderdate >= '1993-08-01 00:00:00'::timestamp(0) without time zone) AND (o_orderdate < '1993-11-01 00:00:00'::timestamp without time zone)), (LLVM Optimized)", "Plans": [{"Node Type": "Bitmap Index Scan", "Parent Relationship": "Outer", "Index Name": "idx_orders_orderdate", "Startup Cost": 0.0, "Total Cost": 14585.71, "Plan Rows": 575746, "Plan Width": 0, "Index Cond": "((o_orderdate >= '1993-08-01 00:00:00'::timestamp(0) without time zone) AND (o_orderdate < '1993-11-01 00:00:00'::timestamp without time zone))"}]}]}]}, {"Node Type": "Hash", "Parent Relationship": "Inner", "Startup Cost": 52126.0, "Total Cost": 52126.0, "Plan Rows": 1500000, "Plan Width": 153, "Plans": [{"Node Type": "Seq Scan", "Parent Relationship": "Outer", "Relation Name": "customer", "Alias": "customer", "Startup Cost": 0.0, "Total Cost": 52126.0, "Plan Rows": 1500000, "Plan Width": 153}]}]}, {"Node Type": "Hash", "Parent Relationship": "Inner", "Startup Cost": 1.25, "Total Cost": 1.25, "Plan Rows": 25, "Plan Width": 30, "Plans": [{"Node Type": "Seq Scan", "Parent Relationship": "Outer", "Relation Name": "nation", "Alias": "nation", "Startup Cost": 0.0, "Total Cost": 1.25, "Plan Rows": 25, "Plan Width": 30}]}]}]}]}]}, "Unique SQL Id": 1604070524, "Planner Runtime": 1}, "explain_analyze_plan": {"Plan": {"Node Type": "Limit", "Startup Cost": 2741876.6, "Total Cost": 2741876.65, "Plan Rows": 20, "Plan Width": 199, "Actual Startup Time": 32209.202, "Actual Total Time": 32209.207, "Actual Rows": 20, "Actual Loops": 1, "Plans": [{"Node Type": "Sort", "Parent Relationship": "Outer", "Startup Cost": 2741876.6, "Total Cost": 2745491.35, "Plan Rows": 20, "Plan Width": 199, "Actual Startup Time": 32209.199, "Actual Total Time": 32209.201, "Actual Rows": 20, "Actual Loops": 1, "Sort Key": ["(sum((lineitem.l_extendedprice * (1::double precision - lineitem.l_discount)))) DESC"], "Sort Method": "top-N heapsort", "Sort Space Used": 35, "Sort Space Type": "Memory", "Plans": [{"Node Type": "Aggregate", "Strategy": "Hashed", "Parent Relationship": "Outer", "Startup Cost": 2688942.8, "Total Cost": 2703401.78, "Plan Rows": 1445898, "Plan Width": 199, "Actual Startup Time": 31864.123, "Actual Total Time": 32074.823, "Actual Rows": 381542, "Actual Loops": 1, "Group By Key": ["customer.c_custkey", "customer.c_name", "customer.c_acctbal", "customer.c_phone", "nation.n_name", "customer.c_address", "customer.c_comment"], "Plans": [{"Node Type": "Hash Join", "Parent Relationship": "Outer", "Join Type": "Inner", "Startup Cost": 377859.22, "Total Cost": 2652795.35, "Plan Rows": 1445898, "Plan Width": 191, "Actual Startup Time": 2369.806, "Actual Total Time": 30028.378, "Actual Rows": 1145969, "Actual Loops": 1, "Inner Unique": true, "Hash Cond": "(customer.c_nationkey = nation.n_nationkey), (LLVM Optimized, Jit Execute)", "Plans": [{"Node Type": "Hash Join", "Parent Relationship": "Outer", "Join Type": "Inner", "Startup Cost": 377857.66, "Total Cost": 2632912.69, "Plan Rows": 1445898, "Plan Width": 169, "Actual Startup Time": 2369.707, "Actual Total Time": 29557.817, "Actual Rows": 1145969, "Actual Loops": 1, "Inner Unique": true, "Hash Cond": "(orders.o_custkey = customer.c_custkey), (LLVM Optimized, Jit Execute)", "Plans": [{"Node Type": "Hash Join", "Parent Relationship": "Outer", "Join Type": "Inner", "Startup Cost": 306981.66, "Total Cost": 2542155.59, "Plan Rows": 1445898, "Plan Width": 24, "Actual Startup Time": 1138.289, "Actual Total Time": 27567.336, "Actual Rows": 1145969, "Actual Loops": 1, "Inner Unique": true, "Hash Cond": "(lineitem.l_orderkey = orders.o_orderkey), (LLVM Optimized, Jit Execute)", "Plans": [{"Node Type": "Seq Scan", "Parent Relationship": "Outer", "Relation Name": "lineitem", "Alias": "lineitem", "Startup Cost": 0.0, "Total Cost": 2165082.91, "Plan Rows": 14835209, "Plan Width": 24, "Actual Startup Time": 0.018, "Actual Total Time": 22010.703, "Actual Rows": 14808183, "Actual Loops": 1, "Filter": "(l_returnflag = 'R'::bpchar), (LLVM Optimized, Jit Execute)", "Rows Removed by Filter": 45177869}, {"Node Type": "Hash", "Parent Relationship": "Inner", "Startup Cost": 299784.84, "Total Cost": 299784.84, "Plan Rows": 575746, "Plan Width": 16, "Actual Startup Time": 1137.516, "Actual Total Time": 1137.516, "Actual Rows": 573635, "Actual Loops": 1, "Hash Buckets": 1048576, "Hash Batches": 1, "Original Hash Batches": 1, "Peak Memory Usage": 26890, "Plans": [{"Node Type": "Bitmap Heap Scan", "Parent Relationship": "Outer", "Relation Name": "orders", "Alias": "orders", "Startup Cost": 14729.65, "Total Cost": 299784.84, "Plan Rows": 575746, "Plan Width": 16, "Actual Startup Time": 246.943, "Actual Total Time": 931.513, "Actual Rows": 573635, "Actual Loops": 1, "Recheck Cond": "((o_orderdate >= '1993-08-01 00:00:00'::timestamp(0) without time zone) AND (o_orderdate < '1993-11-01 00:00:00'::timestamp without time zone)), (LLVM Optimized, Jit Execute)", "Rows Removed by Index Recheck": 0, "Exact Heap Blocks": 242860, "Lossy Heap Blocks": 242860, "Plans": [{"Node Type": "Bitmap Index Scan", "Parent Relationship": "Outer", "Index Name": "idx_orders_orderdate", "Startup Cost": 0.0, "Total Cost": 14585.71, "Plan Rows": 575746, "Plan Width": 0, "Actual Startup Time": 168.553, "Actual Total Time": 168.553, "Actual Rows": 573635, "Actual Loops": 1, "Index Cond": "((o_orderdate >= '1993-08-01 00:00:00'::timestamp(0) without time zone) AND (o_orderdate < '1993-11-01 00:00:00'::timestamp without time zone))"}]}]}]}, {"Node Type": "Hash", "Parent Relationship": "Inner", "Startup Cost": 52126.0, "Total Cost": 52126.0, "Plan Rows": 1500000, "Plan Width": 153, "Actual Startup Time": 1230.084, "Actual Total Time": 1230.084, "Actual Rows": 1500000, "Actual Loops": 1, "Hash Buckets": 2097152, "Hash Batches": 1, "Original Hash Batches": 1, "Peak Memory Usage": 282695, "Plans": [{"Node Type": "Seq Scan", "Parent Relationship": "Outer", "Relation Name": "customer", "Alias": "customer", "Startup Cost": 0.0, "Total Cost": 52126.0, "Plan Rows": 1500000, "Plan Width": 153, "Actual Startup Time": 0.017, "Actual Total Time": 575.693, "Actual Rows": 1500000, "Actual Loops": 1}]}]}, {"Node Type": "Hash", "Parent Relationship": "Inner", "Startup Cost": 1.25, "Total Cost": 1.25, "Plan Rows": 25, "Plan Width": 30, "Actual Startup Time": 0.052, "Actual Total Time": 0.052, "Actual Rows": 25, "Actual Loops": 1, "Hash Buckets": 32768, "Hash Batches": 1, "Original Hash Batches": 1, "Peak Memory Usage": 2, "Plans": [{"Node Type": "Seq Scan", "Parent Relationship": "Outer", "Relation Name": "nation", "Alias": "nation", "Startup Cost": 0.0, "Total Cost": 1.25, "Plan Rows": 25, "Plan Width": 30, "Actual Startup Time": 0.024, "Actual Total Time": 0.03, "Actual Rows": 25, "Actual Loops": 1}]}]}]}]}]}, "Triggers": [], "Planner Runtime": 1, "Total Runtime": 32220.436, "Unique SQL Id": 1604070524}}, "(64, 97)": {"explain_plan": {"Plan": {"Node Type": "Limit", "Startup Cost": 3620844.85, "Total Cost": 3620844.9, "Plan Rows": 20, "Plan Width": 199, "Plans": [{"Node Type": "Sort", "Parent Relationship": "Outer", "Startup Cost": 3620844.85, "Total Cost": 3624459.59, "Plan Rows": 20, "Plan Width": 199, "Sort Key": ["(sum((lineitem.l_extendedprice * (1::double precision - lineitem.l_discount)))) DESC"], "Plans": [{"Node Type": "Aggregate", "Strategy": "Hashed", "Parent Relationship": "Outer", "Startup Cost": 3567911.04, "Total Cost": 3582370.02, "Plan Rows": 1445898, "Plan Width": 199, "Group By Key": ["customer.c_custkey", "customer.c_name", "customer.c_acctbal", "customer.c_phone", "nation.n_name", "customer.c_address", "customer.c_comment"], "Plans": [{"Node Type": "Nested Loop", "Parent Relationship": "Outer", "Join Type": "Inner", "Startup Cost": 114257.94, "Total Cost": 3531763.59, "Plan Rows": 1445898, "Plan Width": 191, "Inner Unique": false, "Plans": [{"Node Type": "Hash Join", "Parent Relationship": "Outer", "Join Type": "Inner", "Startup Cost": 114257.94, "Total Cost": 415146.15, "Plan Rows": 575746, "Plan Width": 183, "Inner Unique": true, "Hash Cond": "(customer.c_nationkey = nation.n_nationkey), (LLVM Optimized)", "Plans": [{"Node Type": "Hash Join", "Parent Relationship": "Outer", "Join Type": "Inner", "Startup Cost": 114245.0, "Total Cost": 407216.7, "Plan Rows": 575746, "Plan Width": 161, "Inner Unique": true, "Hash Cond": "(orders.o_custkey = customer.c_custkey), (LLVM Optimized)", "Plans": [{"Node Type": "Bitmap Heap Scan", "Parent Relationship": "Outer", "Relation Name": "orders", "Alias": "orders", "Startup Cost": 14729.65, "Total Cost": 299784.84, "Plan Rows": 575746, "Plan Width": 16, "Recheck Cond": "((o_orderdate >= '1993-08-01 00:00:00'::timestamp(0) without time zone) AND (o_orderdate < '1993-11-01 00:00:00'::timestamp without time zone)), (LLVM Optimized)", "Plans": [{"Node Type": "Bitmap Index Scan", "Parent Relationship": "Outer", "Index Name": "idx_orders_orderdate", "Startup Cost": 0.0, "Total Cost": 14585.71, "Plan Rows": 575746, "Plan Width": 0, "Index Cond": "((o_orderdate >= '1993-08-01 00:00:00'::timestamp(0) without time zone) AND (o_orderdate < '1993-11-01 00:00:00'::timestamp without time zone))"}]}, {"Node Type": "Hash", "Parent Relationship": "Inner", "Startup Cost": 80765.36, "Total Cost": 80765.36, "Plan Rows": 1500000, "Plan Width": 153, "Plans": [{"Node Type": "Index Scan", "Parent Relationship": "Outer", "Scan Direction": "Forward", "Index Name": "customer_pkey", "Relation Name": "customer", "Alias": "customer", "Startup Cost": 0.0, "Total Cost": 80765.36, "Plan Rows": 1500000, "Plan Width": 153}]}]}, {"Node Type": "Hash", "Parent Relationship": "Inner", "Startup Cost": 12.62, "Total Cost": 12.62, "Plan Rows": 25, "Plan Width": 30, "Plans": [{"Node Type": "Index Scan", "Parent Relationship": "Outer", "Scan Direction": "Forward", "Index Name": "nation_pkey", "Relation Name": "nation", "Alias": "nation", "Startup Cost": 0.0, "Total Cost": 12.62, "Plan Rows": 25, "Plan Width": 30}]}]}, {"Node Type": "Index Scan", "Parent Relationship": "Inner", "Scan Direction": "Forward", "Index Name": "idx_lineitem_orderkey", "Relation Name": "lineitem", "Alias": "lineitem", "Startup Cost": 0.0, "Total Cost": 5.38, "Plan Rows": 3, "Plan Width": 24, "Index Cond": "(l_orderkey = orders.o_orderkey)", "Filter": "(l_returnflag = 'R'::bpchar)"}]}]}]}]}, "Unique SQL Id": 1604070524, "Planner Runtime": 1}, "explain_analyze_plan": {"Plan": {"Node Type": "Limit", "Startup Cost": 3620844.85, "Total Cost": 3620844.9, "Plan Rows": 20, "Plan Width": 199, "Actual Startup Time": 14387.497, "Actual Total Time": 14387.505, "Actual Rows": 20, "Actual Loops": 1, "Plans": [{"Node Type": "Sort", "Parent Relationship": "Outer", "Startup Cost": 3620844.85, "Total Cost": 3624459.59, "Plan Rows": 20, "Plan Width": 199, "Actual Startup Time": 14387.494, "Actual Total Time": 14387.499, "Actual Rows": 20, "Actual Loops": 1, "Sort Key": ["(sum((lineitem.l_extendedprice * (1::double precision - lineitem.l_discount)))) DESC"], "Sort Method": "top-N heapsort", "Sort Space Used": 35, "Sort Space Type": "Memory", "Plans": [{"Node Type": "Aggregate", "Strategy": "Hashed", "Parent Relationship": "Outer", "Startup Cost": 3567911.04, "Total Cost": 3582370.02, "Plan Rows": 1445898, "Plan Width": 199, "Actual Startup Time": 13987.265, "Actual Total Time": 14250.402, "Actual Rows": 381542, "Actual Loops": 1, "Group By Key": ["customer.c_custkey", "customer.c_name", "customer.c_acctbal", "customer.c_phone", "nation.n_name", "customer.c_address", "customer.c_comment"], "Plans": [{"Node Type": "Nested Loop", "Parent Relationship": "Outer", "Join Type": "Inner", "Startup Cost": 114257.94, "Total Cost": 3531763.59, "Plan Rows": 1445898, "Plan Width": 191, "Actual Startup Time": 2091.725, "Actual Total Time": 12053.267, "Actual Rows": 1145969, "Actual Loops": 1, "Inner Unique": false, "Plans": [{"Node Type": "Hash Join", "Parent Relationship": "Outer", "Join Type": "Inner", "Startup Cost": 114257.94, "Total Cost": 415146.15, "Plan Rows": 575746, "Plan Width": 183, "Actual Startup Time": 2091.656, "Actual Total Time": 3938.306, "Actual Rows": 573635, "Actual Loops": 1, "Inner Unique": true, "Hash Cond": "(customer.c_nationkey = nation.n_nationkey), (LLVM Optimized, Jit Execute)", "Plans": [{"Node Type": "Hash Join", "Parent Relationship": "Outer", "Join Type": "Inner", "Startup Cost": 114245.0, "Total Cost": 407216.7, "Plan Rows": 575746, "Plan Width": 161, "Actual Startup Time": 2091.556, "Actual Total Time": 3685.233, "Actual Rows": 573635, "Actual Loops": 1, "Inner Unique": true, "Hash Cond": "(orders.o_custkey = customer.c_custkey), (LLVM Optimized, Jit Execute)", "Plans": [{"Node Type": "Bitmap Heap Scan", "Parent Relationship": "Outer", "Relation Name": "orders", "Alias": "orders", "Startup Cost": 14729.65, "Total Cost": 299784.84, "Plan Rows": 575746, "Plan Width": 16, "Actual Startup Time": 240.308, "Actual Total Time": 1136.103, "Actual Rows": 573635, "Actual Loops": 1, "Recheck Cond": "((o_orderdate >= '1993-08-01 00:00:00'::timestamp(0) without time zone) AND (o_orderdate < '1993-11-01 00:00:00'::timestamp without time zone)), (LLVM Optimized, Jit Execute)", "Rows Removed by Index Recheck": 0, "Exact Heap Blocks": 242860, "Lossy Heap Blocks": 242860, "Plans": [{"Node Type": "Bitmap Index Scan", "Parent Relationship": "Outer", "Index Name": "idx_orders_orderdate", "Startup Cost": 0.0, "Total Cost": 14585.71, "Plan Rows": 575746, "Plan Width": 0, "Actual Startup Time": 165.971, "Actual Total Time": 165.971, "Actual Rows": 573635, "Actual Loops": 1, "Index Cond": "((o_orderdate >= '1993-08-01 00:00:00'::timestamp(0) without time zone) AND (o_orderdate < '1993-11-01 00:00:00'::timestamp without time zone))"}]}, {"Node Type": "Hash", "Parent Relationship": "Inner", "Startup Cost": 80765.36, "Total Cost": 80765.36, "Plan Rows": 1500000, "Plan Width": 153, "Actual Startup Time": 1849.875, "Actual Total Time": 1849.875, "Actual Rows": 1500000, "Actual Loops": 1, "Hash Buckets": 2097152, "Hash Batches": 1, "Original Hash Batches": 1, "Peak Memory Usage": 282695, "Plans": [{"Node Type": "Index Scan", "Parent Relationship": "Outer", "Scan Direction": "Forward", "Index Name": "customer_pkey", "Relation Name": "customer", "Alias": "customer", "Startup Cost": 0.0, "Total Cost": 80765.36, "Plan Rows": 1500000, "Plan Width": 153, "Actual Startup Time": 0.051, "Actual Total Time": 1179.927, "Actual Rows": 1500000, "Actual Loops": 1}]}]}, {"Node Type": "Hash", "Parent Relationship": "Inner", "Startup Cost": 12.62, "Total Cost": 12.62, "Plan Rows": 25, "Plan Width": 30, "Actual Startup Time": 0.055, "Actual Total Time": 0.055, "Actual Rows": 25, "Actual Loops": 1, "Hash Buckets": 32768, "Hash Batches": 1, "Original Hash Batches": 1, "Peak Memory Usage": 2, "Plans": [{"Node Type": "Index Scan", "Parent Relationship": "Outer", "Scan Direction": "Forward", "Index Name": "nation_pkey", "Relation Name": "nation", "Alias": "nation", "Startup Cost": 0.0, "Total Cost": 12.62, "Plan Rows": 25, "Plan Width": 30, "Actual Startup Time": 0.021, "Actual Total Time": 0.035, "Actual Rows": 25, "Actual Loops": 1}]}]}, {"Node Type": "Index Scan", "Parent Relationship": "Inner", "Scan Direction": "Forward", "Index Name": "idx_lineitem_orderkey", "Relation Name": "lineitem", "Alias": "lineitem", "Startup Cost": 0.0, "Total Cost": 5.38, "Plan Rows": 3, "Plan Width": 24, "Actual Startup Time": 6106.588, "Actual Total Time": 7464.333, "Actual Rows": 1145969, "Actual Loops": 573635, "Index Cond": "(l_orderkey = orders.o_orderkey)", "Rows Removed by Index Recheck": 0, "Filter": "(l_returnflag = 'R'::bpchar)", "Rows Removed by Filter": 1146896}]}]}]}]}, "Triggers": [], "Planner Runtime": 1, "Total Runtime": 14398.213, "Unique SQL Id": 1604070524}}, "(64, 98)": {"explain_plan": {"Plan": {"Node Type": "Limit", "Startup Cost": 2741876.6, "Total Cost": 2741876.65, "Plan Rows": 20, "Plan Width": 199, "Plans": [{"Node Type": "Sort", "Parent Relationship": "Outer", "Startup Cost": 2741876.6, "Total Cost": 2745491.35, "Plan Rows": 20, "Plan Width": 199, "Sort Key": ["(sum((lineitem.l_extendedprice * (1::double precision - lineitem.l_discount)))) DESC"], "Plans": [{"Node Type": "Aggregate", "Strategy": "Hashed", "Parent Relationship": "Outer", "Startup Cost": 2688942.8, "Total Cost": 2703401.78, "Plan Rows": 1445898, "Plan Width": 199, "Group By Key": ["customer.c_custkey", "customer.c_name", "customer.c_acctbal", "customer.c_phone", "nation.n_name", "customer.c_address", "customer.c_comment"], "Plans": [{"Node Type": "Hash Join", "Parent Relationship": "Outer", "Join Type": "Inner", "Startup Cost": 377859.22, "Total Cost": 2652795.35, "Plan Rows": 1445898, "Plan Width": 191, "Inner Unique": true, "Hash Cond": "(customer.c_nationkey = nation.n_nationkey), (LLVM Optimized)", "Plans": [{"Node Type": "Hash Join", "Parent Relationship": "Outer", "Join Type": "Inner", "Startup Cost": 377857.66, "Total Cost": 2632912.69, "Plan Rows": 1445898, "Plan Width": 169, "Inner Unique": true, "Hash Cond": "(orders.o_custkey = customer.c_custkey), (LLVM Optimized)", "Plans": [{"Node Type": "Hash Join", "Parent Relationship": "Outer", "Join Type": "Inner", "Startup Cost": 306981.66, "Total Cost": 2542155.59, "Plan Rows": 1445898, "Plan Width": 24, "Inner Unique": true, "Hash Cond": "(lineitem.l_orderkey = orders.o_orderkey), (LLVM Optimized)", "Plans": [{"Node Type": "Seq Scan", "Parent Relationship": "Outer", "Relation Name": "lineitem", "Alias": "lineitem", "Startup Cost": 0.0, "Total Cost": 2165082.91, "Plan Rows": 14835209, "Plan Width": 24, "Filter": "(l_returnflag = 'R'::bpchar), (LLVM Optimized)"}, {"Node Type": "Hash", "Parent Relationship": "Inner", "Startup Cost": 299784.84, "Total Cost": 299784.84, "Plan Rows": 575746, "Plan Width": 16, "Plans": [{"Node Type": "Bitmap Heap Scan", "Parent Relationship": "Outer", "Relation Name": "orders", "Alias": "orders", "Startup Cost": 14729.65, "Total Cost": 299784.84, "Plan Rows": 575746, "Plan Width": 16, "Recheck Cond": "((o_orderdate >= '1993-08-01 00:00:00'::timestamp(0) without time zone) AND (o_orderdate < '1993-11-01 00:00:00'::timestamp without time zone)), (LLVM Optimized)", "Plans": [{"Node Type": "Bitmap Index Scan", "Parent Relationship": "Outer", "Index Name": "idx_orders_orderdate", "Startup Cost": 0.0, "Total Cost": 14585.71, "Plan Rows": 575746, "Plan Width": 0, "Index Cond": "((o_orderdate >= '1993-08-01 00:00:00'::timestamp(0) without time zone) AND (o_orderdate < '1993-11-01 00:00:00'::timestamp without time zone))"}]}]}]}, {"Node Type": "Hash", "Parent Relationship": "Inner", "Startup Cost": 52126.0, "Total Cost": 52126.0, "Plan Rows": 1500000, "Plan Width": 153, "Plans": [{"Node Type": "Seq Scan", "Parent Relationship": "Outer", "Relation Name": "customer", "Alias": "customer", "Startup Cost": 0.0, "Total Cost": 52126.0, "Plan Rows": 1500000, "Plan Width": 153}]}]}, {"Node Type": "Hash", "Parent Relationship": "Inner", "Startup Cost": 1.25, "Total Cost": 1.25, "Plan Rows": 25, "Plan Width": 30, "Plans": [{"Node Type": "Seq Scan", "Parent Relationship": "Outer", "Relation Name": "nation", "Alias": "nation", "Startup Cost": 0.0, "Total Cost": 1.25, "Plan Rows": 25, "Plan Width": 30}]}]}]}]}]}, "Unique SQL Id": 1604070524, "Planner Runtime": 1}, "explain_analyze_plan": {"Plan": {"Node Type": "Limit", "Startup Cost": 2741876.6, "Total Cost": 2741876.65, "Plan Rows": 20, "Plan Width": 199, "Actual Startup Time": 32209.202, "Actual Total Time": 32209.207, "Actual Rows": 20, "Actual Loops": 1, "Plans": [{"Node Type": "Sort", "Parent Relationship": "Outer", "Startup Cost": 2741876.6, "Total Cost": 2745491.35, "Plan Rows": 20, "Plan Width": 199, "Actual Startup Time": 32209.199, "Actual Total Time": 32209.201, "Actual Rows": 20, "Actual Loops": 1, "Sort Key": ["(sum((lineitem.l_extendedprice * (1::double precision - lineitem.l_discount)))) DESC"], "Sort Method": "top-N heapsort", "Sort Space Used": 35, "Sort Space Type": "Memory", "Plans": [{"Node Type": "Aggregate", "Strategy": "Hashed", "Parent Relationship": "Outer", "Startup Cost": 2688942.8, "Total Cost": 2703401.78, "Plan Rows": 1445898, "Plan Width": 199, "Actual Startup Time": 31864.123, "Actual Total Time": 32074.823, "Actual Rows": 381542, "Actual Loops": 1, "Group By Key": ["customer.c_custkey", "customer.c_name", "customer.c_acctbal", "customer.c_phone", "nation.n_name", "customer.c_address", "customer.c_comment"], "Plans": [{"Node Type": "Hash Join", "Parent Relationship": "Outer", "Join Type": "Inner", "Startup Cost": 377859.22, "Total Cost": 2652795.35, "Plan Rows": 1445898, "Plan Width": 191, "Actual Startup Time": 2369.806, "Actual Total Time": 30028.378, "Actual Rows": 1145969, "Actual Loops": 1, "Inner Unique": true, "Hash Cond": "(customer.c_nationkey = nation.n_nationkey), (LLVM Optimized, Jit Execute)", "Plans": [{"Node Type": "Hash Join", "Parent Relationship": "Outer", "Join Type": "Inner", "Startup Cost": 377857.66, "Total Cost": 2632912.69, "Plan Rows": 1445898, "Plan Width": 169, "Actual Startup Time": 2369.707, "Actual Total Time": 29557.817, "Actual Rows": 1145969, "Actual Loops": 1, "Inner Unique": true, "Hash Cond": "(orders.o_custkey = customer.c_custkey), (LLVM Optimized, Jit Execute)", "Plans": [{"Node Type": "Hash Join", "Parent Relationship": "Outer", "Join Type": "Inner", "Startup Cost": 306981.66, "Total Cost": 2542155.59, "Plan Rows": 1445898, "Plan Width": 24, "Actual Startup Time": 1138.289, "Actual Total Time": 27567.336, "Actual Rows": 1145969, "Actual Loops": 1, "Inner Unique": true, "Hash Cond": "(lineitem.l_orderkey = orders.o_orderkey), (LLVM Optimized, Jit Execute)", "Plans": [{"Node Type": "Seq Scan", "Parent Relationship": "Outer", "Relation Name": "lineitem", "Alias": "lineitem", "Startup Cost": 0.0, "Total Cost": 2165082.91, "Plan Rows": 14835209, "Plan Width": 24, "Actual Startup Time": 0.018, "Actual Total Time": 22010.703, "Actual Rows": 14808183, "Actual Loops": 1, "Filter": "(l_returnflag = 'R'::bpchar), (LLVM Optimized, Jit Execute)", "Rows Removed by Filter": 45177869}, {"Node Type": "Hash", "Parent Relationship": "Inner", "Startup Cost": 299784.84, "Total Cost": 299784.84, "Plan Rows": 575746, "Plan Width": 16, "Actual Startup Time": 1137.516, "Actual Total Time": 1137.516, "Actual Rows": 573635, "Actual Loops": 1, "Hash Buckets": 1048576, "Hash Batches": 1, "Original Hash Batches": 1, "Peak Memory Usage": 26890, "Plans": [{"Node Type": "Bitmap Heap Scan", "Parent Relationship": "Outer", "Relation Name": "orders", "Alias": "orders", "Startup Cost": 14729.65, "Total Cost": 299784.84, "Plan Rows": 575746, "Plan Width": 16, "Actual Startup Time": 246.943, "Actual Total Time": 931.513, "Actual Rows": 573635, "Actual Loops": 1, "Recheck Cond": "((o_orderdate >= '1993-08-01 00:00:00'::timestamp(0) without time zone) AND (o_orderdate < '1993-11-01 00:00:00'::timestamp without time zone)), (LLVM Optimized, Jit Execute)", "Rows Removed by Index Recheck": 0, "Exact Heap Blocks": 242860, "Lossy Heap Blocks": 242860, "Plans": [{"Node Type": "Bitmap Index Scan", "Parent Relationship": "Outer", "Index Name": "idx_orders_orderdate", "Startup Cost": 0.0, "Total Cost": 14585.71, "Plan Rows": 575746, "Plan Width": 0, "Actual Startup Time": 168.553, "Actual Total Time": 168.553, "Actual Rows": 573635, "Actual Loops": 1, "Index Cond": "((o_orderdate >= '1993-08-01 00:00:00'::timestamp(0) without time zone) AND (o_orderdate < '1993-11-01 00:00:00'::timestamp without time zone))"}]}]}]}, {"Node Type": "Hash", "Parent Relationship": "Inner", "Startup Cost": 52126.0, "Total Cost": 52126.0, "Plan Rows": 1500000, "Plan Width": 153, "Actual Startup Time": 1230.084, "Actual Total Time": 1230.084, "Actual Rows": 1500000, "Actual Loops": 1, "Hash Buckets": 2097152, "Hash Batches": 1, "Original Hash Batches": 1, "Peak Memory Usage": 282695, "Plans": [{"Node Type": "Seq Scan", "Parent Relationship": "Outer", "Relation Name": "customer", "Alias": "customer", "Startup Cost": 0.0, "Total Cost": 52126.0, "Plan Rows": 1500000, "Plan Width": 153, "Actual Startup Time": 0.017, "Actual Total Time": 575.693, "Actual Rows": 1500000, "Actual Loops": 1}]}]}, {"Node Type": "Hash", "Parent Relationship": "Inner", "Startup Cost": 1.25, "Total Cost": 1.25, "Plan Rows": 25, "Plan Width": 30, "Actual Startup Time": 0.052, "Actual Total Time": 0.052, "Actual Rows": 25, "Actual Loops": 1, "Hash Buckets": 32768, "Hash Batches": 1, "Original Hash Batches": 1, "Peak Memory Usage": 2, "Plans": [{"Node Type": "Seq Scan", "Parent Relationship": "Outer", "Relation Name": "nation", "Alias": "nation", "Startup Cost": 0.0, "Total Cost": 1.25, "Plan Rows": 25, "Plan Width": 30, "Actual Startup Time": 0.024, "Actual Total Time": 0.03, "Actual Rows": 25, "Actual Loops": 1}]}]}]}]}]}, "Triggers": [], "Planner Runtime": 1, "Total Runtime": 32220.436, "Unique SQL Id": 1604070524}}, "(64, 99)": {"explain_plan": {"Plan": {"Node Type": "Limit", "Startup Cost": 13443415.76, "Total Cost": 13443415.81, "Plan Rows": 20, "Plan Width": 199, "Plans": [{"Node Type": "Sort", "Parent Relationship": "Outer", "Startup Cost": 13443415.76, "Total Cost": 13447030.51, "Plan Rows": 20, "Plan Width": 199, "Sort Key": ["(sum((lineitem.l_extendedprice * (1::double precision - lineitem.l_discount)))) DESC"], "Plans": [{"Node Type": "Aggregate", "Strategy": "Hashed", "Parent Relationship": "Outer", "Startup Cost": 13390481.96, "Total Cost": 13404940.94, "Plan Rows": 1445898, "Plan Width": 199, "Group By Key": ["customer.c_custkey", "customer.c_name", "customer.c_acctbal", "customer.c_phone", "nation.n_name", "customer.c_address", "customer.c_comment"], "Plans": [{"Node Type": "Nested Loop", "Parent Relationship": "Outer", "Join Type": "Inner", "Startup Cost": 14732.12, "Total Cost": 13354334.51, "Plan Rows": 1445898, "Plan Width": 191, "Inner Unique": false, "Plans": [{"Node Type": "Nested Loop", "Parent Relationship": "Outer", "Join Type": "Inner", "Startup Cost": 14730.2, "Total Cost": 5249597.54, "Plan Rows": 575746, "Plan Width": 183, "Inner Unique": true, "Plans": [{"Node Type": "Nested Loop", "Parent Relationship": "Outer", "Join Type": "Inner", "Startup Cost": 14729.94, "Total Cost": 2785257.65, "Plan Rows": 575746, "Plan Width": 161, "Inner Unique": true, "Plans": [{"Node Type": "Bitmap Heap Scan", "Parent Relationship": "Outer", "Relation Name": "orders", "Alias": "orders", "Startup Cost": 14729.65, "Total Cost": 299784.84, "Plan Rows": 575746, "Plan Width": 16, "Recheck Cond": "((o_orderdate >= '1993-08-01 00:00:00'::timestamp(0) without time zone) AND (o_orderdate < '1993-11-01 00:00:00'::timestamp without time zone)), (LLVM Optimized)", "Plans": [{"Node Type": "Bitmap Index Scan", "Parent Relationship": "Outer", "Index Name": "idx_orders_orderdate", "Startup Cost": 0.0, "Total Cost": 14585.71, "Plan Rows": 575746, "Plan Width": 0, "Index Cond": "((o_orderdate >= '1993-08-01 00:00:00'::timestamp(0) without time zone) AND (o_orderdate < '1993-11-01 00:00:00'::timestamp without time zone))"}]}, {"Node Type": "Bitmap Heap Scan", "Parent Relationship": "Inner", "Relation Name": "customer", "Alias": "customer", "Startup Cost": 0.29, "Total Cost": 4.31, "Plan Rows": 1, "Plan Width": 153, "Recheck Cond": "(c_custkey = orders.o_custkey)", "Plans": [{"Node Type": "Bitmap Index Scan", "Parent Relationship": "Outer", "Index Name": "customer_pkey", "Startup Cost": 0.0, "Total Cost": 0.29, "Plan Rows": 1, "Plan Width": 0, "Index Cond": "(c_custkey = orders.o_custkey)"}]}]}, {"Node Type": "Bitmap Heap Scan", "Parent Relationship": "Inner", "Relation Name": "nation", "Alias": "nation", "Startup Cost": 0.26, "Total Cost": 4.27, "Plan Rows": 1, "Plan Width": 30, "Recheck Cond": "(n_nationkey = customer.c_nationkey)", "Plans": [{"Node Type": "Bitmap Index Scan", "Parent Relationship": "Outer", "Index Name": "nation_pkey", "Startup Cost": 0.0, "Total Cost": 0.26, "Plan Rows": 1, "Plan Width": 0, "Index Cond": "(n_nationkey = customer.c_nationkey)"}]}]}, {"Node Type": "Bitmap Heap Scan", "Parent Relationship": "Inner", "Relation Name": "lineitem", "Alias": "lineitem", "Startup Cost": 1.93, "Total Cost": 14.05, "Plan Rows": 3, "Plan Width": 24, "Recheck Cond": "(l_orderkey = orders.o_orderkey)", "Filter": "(l_returnflag = 'R'::bpchar)", "Plans": [{"Node Type": "Bitmap Index Scan", "Parent Relationship": "Outer", "Index Name": "idx_lineitem_orderkey", "Startup Cost": 0.0, "Total Cost": 1.92, "Plan Rows": 9, "Plan Width": 0, "Index Cond": "(l_orderkey = orders.o_orderkey)"}]}]}]}]}]}, "Unique SQL Id": 1604070524, "Planner Runtime": 0}, "explain_analyze_plan": {"Plan": {"Node Type": "Limit", "Startup Cost": 13443415.76, "Total Cost": 13443415.81, "Plan Rows": 20, "Plan Width": 199, "Actual Startup Time": 16957.333, "Actual Total Time": 16957.341, "Actual Rows": 20, "Actual Loops": 1, "Plans": [{"Node Type": "Sort", "Parent Relationship": "Outer", "Startup Cost": 13443415.76, "Total Cost": 13447030.51, "Plan Rows": 20, "Plan Width": 199, "Actual Startup Time": 16957.329, "Actual Total Time": 16957.334, "Actual Rows": 20, "Actual Loops": 1, "Sort Key": ["(sum((lineitem.l_extendedprice * (1::double precision - lineitem.l_discount)))) DESC"], "Sort Method": "top-N heapsort", "Sort Space Used": 35, "Sort Space Type": "Memory", "Plans": [{"Node Type": "Aggregate", "Strategy": "Hashed", "Parent Relationship": "Outer", "Startup Cost": 13390481.96, "Total Cost": 13404940.94, "Plan Rows": 1445898, "Plan Width": 199, "Actual Startup Time": 16583.968, "Actual Total Time": 16822.306, "Actual Rows": 381542, "Actual Loops": 1, "Group By Key": ["customer.c_custkey", "customer.c_name", "customer.c_acctbal", "customer.c_phone", "nation.n_name", "customer.c_address", "customer.c_comment"], "Plans": [{"Node Type": "Nested Loop", "Parent Relationship": "Outer", "Join Type": "Inner", "Startup Cost": 14732.12, "Total Cost": 13354334.51, "Plan Rows": 1445898, "Plan Width": 191, "Actual Startup Time": 241.783, "Actual Total Time": 14652.01, "Actual Rows": 1145969, "Actual Loops": 1, "Inner Unique": false, "Plans": [{"Node Type": "Nested Loop", "Parent Relationship": "Outer", "Join Type": "Inner", "Startup Cost": 14730.2, "Total Cost": 5249597.54, "Plan Rows": 575746, "Plan Width": 183, "Actual Startup Time": 241.73, "Actual Total Time": 8212.424, "Actual Rows": 573635, "Actual Loops": 1, "Inner Unique": true, "Plans": [{"Node Type": "Nested Loop", "Parent Relationship": "Outer", "Join Type": "Inner", "Startup Cost": 14729.94, "Total Cost": 2785257.65, "Plan Rows": 575746, "Plan Width": 161, "Actual Startup Time": 241.696, "Actual Total Time": 6036.117, "Actual Rows": 573635, "Actual Loops": 1, "Inner Unique": true, "Plans": [{"Node Type": "Bitmap Heap Scan", "Parent Relationship": "Outer", "Relation Name": "orders", "Alias": "orders", "Startup Cost": 14729.65, "Total Cost": 299784.84, "Plan Rows": 575746, "Plan Width": 16, "Actual Startup Time": 241.45, "Actual Total Time": 1047.688, "Actual Rows": 573635, "Actual Loops": 1, "Recheck Cond": "((o_orderdate >= '1993-08-01 00:00:00'::timestamp(0) without time zone) AND (o_orderdate < '1993-11-01 00:00:00'::timestamp without time zone)), (LLVM Optimized, Jit Execute)", "Rows Removed by Index Recheck": 0, "Exact Heap Blocks": 242860, "Lossy Heap Blocks": 242860, "Plans": [{"Node Type": "Bitmap Index Scan", "Parent Relationship": "Outer", "Index Name": "idx_orders_orderdate", "Startup Cost": 0.0, "Total Cost": 14585.71, "Plan Rows": 575746, "Plan Width": 0, "Actual Startup Time": 167.064, "Actual Total Time": 167.064, "Actual Rows": 573635, "Actual Loops": 1, "Index Cond": "((o_orderdate >= '1993-08-01 00:00:00'::timestamp(0) without time zone) AND (o_orderdate < '1993-11-01 00:00:00'::timestamp without time zone))"}]}, {"Node Type": "Bitmap Heap Scan", "Parent Relationship": "Inner", "Relation Name": "customer", "Alias": "customer", "Startup Cost": 0.29, "Total Cost": 4.31, "Plan Rows": 1, "Plan Width": 153, "Actual Startup Time": 4129.14, "Actual Total Time": 4129.14, "Actual Rows": 573635, "Actual Loops": 573635, "Recheck Cond": "(c_custkey = orders.o_custkey)", "Rows Removed by Index Recheck": 0, "Exact Heap Blocks": 573635, "Lossy Heap Blocks": 573635, "Plans": [{"Node Type": "Bitmap Index Scan", "Parent Relationship": "Outer", "Index Name": "customer_pkey", "Startup Cost": 0.0, "Total Cost": 0.29, "Plan Rows": 1, "Plan Width": 0, "Actual Startup Time": 2565.96, "Actual Total Time": 2565.96, "Actual Rows": 573635, "Actual Loops": 573635, "Index Cond": "(c_custkey = orders.o_custkey)"}]}]}, {"Node Type": "Bitmap Heap Scan", "Parent Relationship": "Inner", "Relation Name": "nation", "Alias": "nation", "Startup Cost": 0.26, "Total Cost": 4.27, "Plan Rows": 1, "Plan Width": 30, "Actual Startup Time": 1398.487, "Actual Total Time": 1398.487, "Actual Rows": 573635, "Actual Loops": 573635, "Recheck Cond": "(n_nationkey = customer.c_nationkey)", "Rows Removed by Index Recheck": 0, "Exact Heap Blocks": 573635, "Lossy Heap Blocks": 573635, "Plans": [{"Node Type": "Bitmap Index Scan", "Parent Relationship": "Outer", "Index Name": "nation_pkey", "Startup Cost": 0.0, "Total Cost": 0.26, "Plan Rows": 1, "Plan Width": 0, "Actual Startup Time": 610.04, "Actual Total Time": 610.04, "Actual Rows": 573635, "Actual Loops": 573635, "Index Cond": "(n_nationkey = customer.c_nationkey)"}]}]}, {"Node Type": "Bitmap Heap Scan", "Parent Relationship": "Inner", "Relation Name": "lineitem", "Alias": "lineitem", "Startup Cost": 1.93, "Total Cost": 14.05, "Plan Rows": 3, "Plan Width": 24, "Actual Startup Time": 4947.793, "Actual Total Time": 5480.067, "Actual Rows": 1145969, "Actual Loops": 573635, "Recheck Cond": "(l_orderkey = orders.o_orderkey)", "Rows Removed by Index Recheck": 0, "Filter": "(l_returnflag = 'R'::bpchar)", "Rows Removed by Filter": 1146896, "Exact Heap Blocks": 614400, "Lossy Heap Blocks": 614400, "Plans": [{"Node Type": "Bitmap Index Scan", "Parent Relationship": "Outer", "Index Name": "idx_lineitem_orderkey", "Startup Cost": 0.0, "Total Cost": 1.92, "Plan Rows": 9, "Plan Width": 0, "Actual Startup Time": 2505.557, "Actual Total Time": 2505.557, "Actual Rows": 2292865, "Actual Loops": 573635, "Index Cond": "(l_orderkey = orders.o_orderkey)"}]}]}]}]}]}, "Triggers": [], "Planner Runtime": 0, "Total Runtime": 16967.566, "Unique SQL Id": 1604070524}}, "(64, 100)": {"explain_plan": {"Plan": {"Node Type": "Limit", "Startup Cost": 2741876.6, "Total Cost": 2741876.65, "Plan Rows": 20, "Plan Width": 199, "Plans": [{"Node Type": "Sort", "Parent Relationship": "Outer", "Startup Cost": 2741876.6, "Total Cost": 2745491.35, "Plan Rows": 20, "Plan Width": 199, "Sort Key": ["(sum((lineitem.l_extendedprice * (1::double precision - lineitem.l_discount)))) DESC"], "Plans": [{"Node Type": "Aggregate", "Strategy": "Hashed", "Parent Relationship": "Outer", "Startup Cost": 2688942.8, "Total Cost": 2703401.78, "Plan Rows": 1445898, "Plan Width": 199, "Group By Key": ["customer.c_custkey", "customer.c_name", "customer.c_acctbal", "customer.c_phone", "nation.n_name", "customer.c_address", "customer.c_comment"], "Plans": [{"Node Type": "Hash Join", "Parent Relationship": "Outer", "Join Type": "Inner", "Startup Cost": 377859.22, "Total Cost": 2652795.35, "Plan Rows": 1445898, "Plan Width": 191, "Inner Unique": true, "Hash Cond": "(customer.c_nationkey = nation.n_nationkey), (LLVM Optimized)", "Plans": [{"Node Type": "Hash Join", "Parent Relationship": "Outer", "Join Type": "Inner", "Startup Cost": 377857.66, "Total Cost": 2632912.69, "Plan Rows": 1445898, "Plan Width": 169, "Inner Unique": true, "Hash Cond": "(orders.o_custkey = customer.c_custkey), (LLVM Optimized)", "Plans": [{"Node Type": "Hash Join", "Parent Relationship": "Outer", "Join Type": "Inner", "Startup Cost": 306981.66, "Total Cost": 2542155.59, "Plan Rows": 1445898, "Plan Width": 24, "Inner Unique": true, "Hash Cond": "(lineitem.l_orderkey = orders.o_orderkey), (LLVM Optimized)", "Plans": [{"Node Type": "Seq Scan", "Parent Relationship": "Outer", "Relation Name": "lineitem", "Alias": "lineitem", "Startup Cost": 0.0, "Total Cost": 2165082.91, "Plan Rows": 14835209, "Plan Width": 24, "Filter": "(l_returnflag = 'R'::bpchar), (LLVM Optimized)"}, {"Node Type": "Hash", "Parent Relationship": "Inner", "Startup Cost": 299784.84, "Total Cost": 299784.84, "Plan Rows": 575746, "Plan Width": 16, "Plans": [{"Node Type": "Bitmap Heap Scan", "Parent Relationship": "Outer", "Relation Name": "orders", "Alias": "orders", "Startup Cost": 14729.65, "Total Cost": 299784.84, "Plan Rows": 575746, "Plan Width": 16, "Recheck Cond": "((o_orderdate >= '1993-08-01 00:00:00'::timestamp(0) without time zone) AND (o_orderdate < '1993-11-01 00:00:00'::timestamp without time zone)), (LLVM Optimized)", "Plans": [{"Node Type": "Bitmap Index Scan", "Parent Relationship": "Outer", "Index Name": "idx_orders_orderdate", "Startup Cost": 0.0, "Total Cost": 14585.71, "Plan Rows": 575746, "Plan Width": 0, "Index Cond": "((o_orderdate >= '1993-08-01 00:00:00'::timestamp(0) without time zone) AND (o_orderdate < '1993-11-01 00:00:00'::timestamp without time zone))"}]}]}]}, {"Node Type": "Hash", "Parent Relationship": "Inner", "Startup Cost": 52126.0, "Total Cost": 52126.0, "Plan Rows": 1500000, "Plan Width": 153, "Plans": [{"Node Type": "Seq Scan", "Parent Relationship": "Outer", "Relation Name": "customer", "Alias": "customer", "Startup Cost": 0.0, "Total Cost": 52126.0, "Plan Rows": 1500000, "Plan Width": 153}]}]}, {"Node Type": "Hash", "Parent Relationship": "Inner", "Startup Cost": 1.25, "Total Cost": 1.25, "Plan Rows": 25, "Plan Width": 30, "Plans": [{"Node Type": "Seq Scan", "Parent Relationship": "Outer", "Relation Name": "nation", "Alias": "nation", "Startup Cost": 0.0, "Total Cost": 1.25, "Plan Rows": 25, "Plan Width": 30}]}]}]}]}]}, "Unique SQL Id": 1604070524, "Planner Runtime": 1}, "explain_analyze_plan": {"Plan": {"Node Type": "Limit", "Startup Cost": 2741876.6, "Total Cost": 2741876.65, "Plan Rows": 20, "Plan Width": 199, "Actual Startup Time": 32209.202, "Actual Total Time": 32209.207, "Actual Rows": 20, "Actual Loops": 1, "Plans": [{"Node Type": "Sort", "Parent Relationship": "Outer", "Startup Cost": 2741876.6, "Total Cost": 2745491.35, "Plan Rows": 20, "Plan Width": 199, "Actual Startup Time": 32209.199, "Actual Total Time": 32209.201, "Actual Rows": 20, "Actual Loops": 1, "Sort Key": ["(sum((lineitem.l_extendedprice * (1::double precision - lineitem.l_discount)))) DESC"], "Sort Method": "top-N heapsort", "Sort Space Used": 35, "Sort Space Type": "Memory", "Plans": [{"Node Type": "Aggregate", "Strategy": "Hashed", "Parent Relationship": "Outer", "Startup Cost": 2688942.8, "Total Cost": 2703401.78, "Plan Rows": 1445898, "Plan Width": 199, "Actual Startup Time": 31864.123, "Actual Total Time": 32074.823, "Actual Rows": 381542, "Actual Loops": 1, "Group By Key": ["customer.c_custkey", "customer.c_name", "customer.c_acctbal", "customer.c_phone", "nation.n_name", "customer.c_address", "customer.c_comment"], "Plans": [{"Node Type": "Hash Join", "Parent Relationship": "Outer", "Join Type": "Inner", "Startup Cost": 377859.22, "Total Cost": 2652795.35, "Plan Rows": 1445898, "Plan Width": 191, "Actual Startup Time": 2369.806, "Actual Total Time": 30028.378, "Actual Rows": 1145969, "Actual Loops": 1, "Inner Unique": true, "Hash Cond": "(customer.c_nationkey = nation.n_nationkey), (LLVM Optimized, Jit Execute)", "Plans": [{"Node Type": "Hash Join", "Parent Relationship": "Outer", "Join Type": "Inner", "Startup Cost": 377857.66, "Total Cost": 2632912.69, "Plan Rows": 1445898, "Plan Width": 169, "Actual Startup Time": 2369.707, "Actual Total Time": 29557.817, "Actual Rows": 1145969, "Actual Loops": 1, "Inner Unique": true, "Hash Cond": "(orders.o_custkey = customer.c_custkey), (LLVM Optimized, Jit Execute)", "Plans": [{"Node Type": "Hash Join", "Parent Relationship": "Outer", "Join Type": "Inner", "Startup Cost": 306981.66, "Total Cost": 2542155.59, "Plan Rows": 1445898, "Plan Width": 24, "Actual Startup Time": 1138.289, "Actual Total Time": 27567.336, "Actual Rows": 1145969, "Actual Loops": 1, "Inner Unique": true, "Hash Cond": "(lineitem.l_orderkey = orders.o_orderkey), (LLVM Optimized, Jit Execute)", "Plans": [{"Node Type": "Seq Scan", "Parent Relationship": "Outer", "Relation Name": "lineitem", "Alias": "lineitem", "Startup Cost": 0.0, "Total Cost": 2165082.91, "Plan Rows": 14835209, "Plan Width": 24, "Actual Startup Time": 0.018, "Actual Total Time": 22010.703, "Actual Rows": 14808183, "Actual Loops": 1, "Filter": "(l_returnflag = 'R'::bpchar), (LLVM Optimized, Jit Execute)", "Rows Removed by Filter": 45177869}, {"Node Type": "Hash", "Parent Relationship": "Inner", "Startup Cost": 299784.84, "Total Cost": 299784.84, "Plan Rows": 575746, "Plan Width": 16, "Actual Startup Time": 1137.516, "Actual Total Time": 1137.516, "Actual Rows": 573635, "Actual Loops": 1, "Hash Buckets": 1048576, "Hash Batches": 1, "Original Hash Batches": 1, "Peak Memory Usage": 26890, "Plans": [{"Node Type": "Bitmap Heap Scan", "Parent Relationship": "Outer", "Relation Name": "orders", "Alias": "orders", "Startup Cost": 14729.65, "Total Cost": 299784.84, "Plan Rows": 575746, "Plan Width": 16, "Actual Startup Time": 246.943, "Actual Total Time": 931.513, "Actual Rows": 573635, "Actual Loops": 1, "Recheck Cond": "((o_orderdate >= '1993-08-01 00:00:00'::timestamp(0) without time zone) AND (o_orderdate < '1993-11-01 00:00:00'::timestamp without time zone)), (LLVM Optimized, Jit Execute)", "Rows Removed by Index Recheck": 0, "Exact Heap Blocks": 242860, "Lossy Heap Blocks": 242860, "Plans": [{"Node Type": "Bitmap Index Scan", "Parent Relationship": "Outer", "Index Name": "idx_orders_orderdate", "Startup Cost": 0.0, "Total Cost": 14585.71, "Plan Rows": 575746, "Plan Width": 0, "Actual Startup Time": 168.553, "Actual Total Time": 168.553, "Actual Rows": 573635, "Actual Loops": 1, "Index Cond": "((o_orderdate >= '1993-08-01 00:00:00'::timestamp(0) without time zone) AND (o_orderdate < '1993-11-01 00:00:00'::timestamp without time zone))"}]}]}]}, {"Node Type": "Hash", "Parent Relationship": "Inner", "Startup Cost": 52126.0, "Total Cost": 52126.0, "Plan Rows": 1500000, "Plan Width": 153, "Actual Startup Time": 1230.084, "Actual Total Time": 1230.084, "Actual Rows": 1500000, "Actual Loops": 1, "Hash Buckets": 2097152, "Hash Batches": 1, "Original Hash Batches": 1, "Peak Memory Usage": 282695, "Plans": [{"Node Type": "Seq Scan", "Parent Relationship": "Outer", "Relation Name": "customer", "Alias": "customer", "Startup Cost": 0.0, "Total Cost": 52126.0, "Plan Rows": 1500000, "Plan Width": 153, "Actual Startup Time": 0.017, "Actual Total Time": 575.693, "Actual Rows": 1500000, "Actual Loops": 1}]}]}, {"Node Type": "Hash", "Parent Relationship": "Inner", "Startup Cost": 1.25, "Total Cost": 1.25, "Plan Rows": 25, "Plan Width": 30, "Actual Startup Time": 0.052, "Actual Total Time": 0.052, "Actual Rows": 25, "Actual Loops": 1, "Hash Buckets": 32768, "Hash Batches": 1, "Original Hash Batches": 1, "Peak Memory Usage": 2, "Plans": [{"Node Type": "Seq Scan", "Parent Relationship": "Outer", "Relation Name": "nation", "Alias": "nation", "Startup Cost": 0.0, "Total Cost": 1.25, "Plan Rows": 25, "Plan Width": 30, "Actual Startup Time": 0.024, "Actual Total Time": 0.03, "Actual Rows": 25, "Actual Loops": 1}]}]}]}]}]}, "Triggers": [], "Planner Runtime": 1, "Total Runtime": 32220.436, "Unique SQL Id": 1604070524}}, "(64, 101)": {"explain_plan": {"Plan": {"Node Type": "Limit", "Startup Cost": 3620844.85, "Total Cost": 3620844.9, "Plan Rows": 20, "Plan Width": 199, "Plans": [{"Node Type": "Sort", "Parent Relationship": "Outer", "Startup Cost": 3620844.85, "Total Cost": 3624459.59, "Plan Rows": 20, "Plan Width": 199, "Sort Key": ["(sum((lineitem.l_extendedprice * (1::double precision - lineitem.l_discount)))) DESC"], "Plans": [{"Node Type": "Aggregate", "Strategy": "Hashed", "Parent Relationship": "Outer", "Startup Cost": 3567911.04, "Total Cost": 3582370.02, "Plan Rows": 1445898, "Plan Width": 199, "Group By Key": ["customer.c_custkey", "customer.c_name", "customer.c_acctbal", "customer.c_phone", "nation.n_name", "customer.c_address", "customer.c_comment"], "Plans": [{"Node Type": "Nested Loop", "Parent Relationship": "Outer", "Join Type": "Inner", "Startup Cost": 114257.94, "Total Cost": 3531763.59, "Plan Rows": 1445898, "Plan Width": 191, "Inner Unique": false, "Plans": [{"Node Type": "Hash Join", "Parent Relationship": "Outer", "Join Type": "Inner", "Startup Cost": 114257.94, "Total Cost": 415146.15, "Plan Rows": 575746, "Plan Width": 183, "Inner Unique": true, "Hash Cond": "(customer.c_nationkey = nation.n_nationkey), (LLVM Optimized)", "Plans": [{"Node Type": "Hash Join", "Parent Relationship": "Outer", "Join Type": "Inner", "Startup Cost": 114245.0, "Total Cost": 407216.7, "Plan Rows": 575746, "Plan Width": 161, "Inner Unique": true, "Hash Cond": "(orders.o_custkey = customer.c_custkey), (LLVM Optimized)", "Plans": [{"Node Type": "Bitmap Heap Scan", "Parent Relationship": "Outer", "Relation Name": "orders", "Alias": "orders", "Startup Cost": 14729.65, "Total Cost": 299784.84, "Plan Rows": 575746, "Plan Width": 16, "Recheck Cond": "((o_orderdate >= '1993-08-01 00:00:00'::timestamp(0) without time zone) AND (o_orderdate < '1993-11-01 00:00:00'::timestamp without time zone)), (LLVM Optimized)", "Plans": [{"Node Type": "Bitmap Index Scan", "Parent Relationship": "Outer", "Index Name": "idx_orders_orderdate", "Startup Cost": 0.0, "Total Cost": 14585.71, "Plan Rows": 575746, "Plan Width": 0, "Index Cond": "((o_orderdate >= '1993-08-01 00:00:00'::timestamp(0) without time zone) AND (o_orderdate < '1993-11-01 00:00:00'::timestamp without time zone))"}]}, {"Node Type": "Hash", "Parent Relationship": "Inner", "Startup Cost": 80765.36, "Total Cost": 80765.36, "Plan Rows": 1500000, "Plan Width": 153, "Plans": [{"Node Type": "Index Scan", "Parent Relationship": "Outer", "Scan Direction": "Forward", "Index Name": "customer_pkey", "Relation Name": "customer", "Alias": "customer", "Startup Cost": 0.0, "Total Cost": 80765.36, "Plan Rows": 1500000, "Plan Width": 153}]}]}, {"Node Type": "Hash", "Parent Relationship": "Inner", "Startup Cost": 12.62, "Total Cost": 12.62, "Plan Rows": 25, "Plan Width": 30, "Plans": [{"Node Type": "Index Scan", "Parent Relationship": "Outer", "Scan Direction": "Forward", "Index Name": "nation_pkey", "Relation Name": "nation", "Alias": "nation", "Startup Cost": 0.0, "Total Cost": 12.62, "Plan Rows": 25, "Plan Width": 30}]}]}, {"Node Type": "Index Scan", "Parent Relationship": "Inner", "Scan Direction": "Forward", "Index Name": "idx_lineitem_orderkey", "Relation Name": "lineitem", "Alias": "lineitem", "Startup Cost": 0.0, "Total Cost": 5.38, "Plan Rows": 3, "Plan Width": 24, "Index Cond": "(l_orderkey = orders.o_orderkey)", "Filter": "(l_returnflag = 'R'::bpchar)"}]}]}]}]}, "Unique SQL Id": 1604070524, "Planner Runtime": 1}, "explain_analyze_plan": {"Plan": {"Node Type": "Limit", "Startup Cost": 3620844.85, "Total Cost": 3620844.9, "Plan Rows": 20, "Plan Width": 199, "Actual Startup Time": 14387.497, "Actual Total Time": 14387.505, "Actual Rows": 20, "Actual Loops": 1, "Plans": [{"Node Type": "Sort", "Parent Relationship": "Outer", "Startup Cost": 3620844.85, "Total Cost": 3624459.59, "Plan Rows": 20, "Plan Width": 199, "Actual Startup Time": 14387.494, "Actual Total Time": 14387.499, "Actual Rows": 20, "Actual Loops": 1, "Sort Key": ["(sum((lineitem.l_extendedprice * (1::double precision - lineitem.l_discount)))) DESC"], "Sort Method": "top-N heapsort", "Sort Space Used": 35, "Sort Space Type": "Memory", "Plans": [{"Node Type": "Aggregate", "Strategy": "Hashed", "Parent Relationship": "Outer", "Startup Cost": 3567911.04, "Total Cost": 3582370.02, "Plan Rows": 1445898, "Plan Width": 199, "Actual Startup Time": 13987.265, "Actual Total Time": 14250.402, "Actual Rows": 381542, "Actual Loops": 1, "Group By Key": ["customer.c_custkey", "customer.c_name", "customer.c_acctbal", "customer.c_phone", "nation.n_name", "customer.c_address", "customer.c_comment"], "Plans": [{"Node Type": "Nested Loop", "Parent Relationship": "Outer", "Join Type": "Inner", "Startup Cost": 114257.94, "Total Cost": 3531763.59, "Plan Rows": 1445898, "Plan Width": 191, "Actual Startup Time": 2091.725, "Actual Total Time": 12053.267, "Actual Rows": 1145969, "Actual Loops": 1, "Inner Unique": false, "Plans": [{"Node Type": "Hash Join", "Parent Relationship": "Outer", "Join Type": "Inner", "Startup Cost": 114257.94, "Total Cost": 415146.15, "Plan Rows": 575746, "Plan Width": 183, "Actual Startup Time": 2091.656, "Actual Total Time": 3938.306, "Actual Rows": 573635, "Actual Loops": 1, "Inner Unique": true, "Hash Cond": "(customer.c_nationkey = nation.n_nationkey), (LLVM Optimized, Jit Execute)", "Plans": [{"Node Type": "Hash Join", "Parent Relationship": "Outer", "Join Type": "Inner", "Startup Cost": 114245.0, "Total Cost": 407216.7, "Plan Rows": 575746, "Plan Width": 161, "Actual Startup Time": 2091.556, "Actual Total Time": 3685.233, "Actual Rows": 573635, "Actual Loops": 1, "Inner Unique": true, "Hash Cond": "(orders.o_custkey = customer.c_custkey), (LLVM Optimized, Jit Execute)", "Plans": [{"Node Type": "Bitmap Heap Scan", "Parent Relationship": "Outer", "Relation Name": "orders", "Alias": "orders", "Startup Cost": 14729.65, "Total Cost": 299784.84, "Plan Rows": 575746, "Plan Width": 16, "Actual Startup Time": 240.308, "Actual Total Time": 1136.103, "Actual Rows": 573635, "Actual Loops": 1, "Recheck Cond": "((o_orderdate >= '1993-08-01 00:00:00'::timestamp(0) without time zone) AND (o_orderdate < '1993-11-01 00:00:00'::timestamp without time zone)), (LLVM Optimized, Jit Execute)", "Rows Removed by Index Recheck": 0, "Exact Heap Blocks": 242860, "Lossy Heap Blocks": 242860, "Plans": [{"Node Type": "Bitmap Index Scan", "Parent Relationship": "Outer", "Index Name": "idx_orders_orderdate", "Startup Cost": 0.0, "Total Cost": 14585.71, "Plan Rows": 575746, "Plan Width": 0, "Actual Startup Time": 165.971, "Actual Total Time": 165.971, "Actual Rows": 573635, "Actual Loops": 1, "Index Cond": "((o_orderdate >= '1993-08-01 00:00:00'::timestamp(0) without time zone) AND (o_orderdate < '1993-11-01 00:00:00'::timestamp without time zone))"}]}, {"Node Type": "Hash", "Parent Relationship": "Inner", "Startup Cost": 80765.36, "Total Cost": 80765.36, "Plan Rows": 1500000, "Plan Width": 153, "Actual Startup Time": 1849.875, "Actual Total Time": 1849.875, "Actual Rows": 1500000, "Actual Loops": 1, "Hash Buckets": 2097152, "Hash Batches": 1, "Original Hash Batches": 1, "Peak Memory Usage": 282695, "Plans": [{"Node Type": "Index Scan", "Parent Relationship": "Outer", "Scan Direction": "Forward", "Index Name": "customer_pkey", "Relation Name": "customer", "Alias": "customer", "Startup Cost": 0.0, "Total Cost": 80765.36, "Plan Rows": 1500000, "Plan Width": 153, "Actual Startup Time": 0.051, "Actual Total Time": 1179.927, "Actual Rows": 1500000, "Actual Loops": 1}]}]}, {"Node Type": "Hash", "Parent Relationship": "Inner", "Startup Cost": 12.62, "Total Cost": 12.62, "Plan Rows": 25, "Plan Width": 30, "Actual Startup Time": 0.055, "Actual Total Time": 0.055, "Actual Rows": 25, "Actual Loops": 1, "Hash Buckets": 32768, "Hash Batches": 1, "Original Hash Batches": 1, "Peak Memory Usage": 2, "Plans": [{"Node Type": "Index Scan", "Parent Relationship": "Outer", "Scan Direction": "Forward", "Index Name": "nation_pkey", "Relation Name": "nation", "Alias": "nation", "Startup Cost": 0.0, "Total Cost": 12.62, "Plan Rows": 25, "Plan Width": 30, "Actual Startup Time": 0.021, "Actual Total Time": 0.035, "Actual Rows": 25, "Actual Loops": 1}]}]}, {"Node Type": "Index Scan", "Parent Relationship": "Inner", "Scan Direction": "Forward", "Index Name": "idx_lineitem_orderkey", "Relation Name": "lineitem", "Alias": "lineitem", "Startup Cost": 0.0, "Total Cost": 5.38, "Plan Rows": 3, "Plan Width": 24, "Actual Startup Time": 6106.588, "Actual Total Time": 7464.333, "Actual Rows": 1145969, "Actual Loops": 573635, "Index Cond": "(l_orderkey = orders.o_orderkey)", "Rows Removed by Index Recheck": 0, "Filter": "(l_returnflag = 'R'::bpchar)", "Rows Removed by Filter": 1146896}]}]}]}]}, "Triggers": [], "Planner Runtime": 1, "Total Runtime": 14398.213, "Unique SQL Id": 1604070524}}, "(64, 102)": {"explain_plan": {"Plan": {"Node Type": "Limit", "Startup Cost": 2741876.6, "Total Cost": 2741876.65, "Plan Rows": 20, "Plan Width": 199, "Plans": [{"Node Type": "Sort", "Parent Relationship": "Outer", "Startup Cost": 2741876.6, "Total Cost": 2745491.35, "Plan Rows": 20, "Plan Width": 199, "Sort Key": ["(sum((lineitem.l_extendedprice * (1::double precision - lineitem.l_discount)))) DESC"], "Plans": [{"Node Type": "Aggregate", "Strategy": "Hashed", "Parent Relationship": "Outer", "Startup Cost": 2688942.8, "Total Cost": 2703401.78, "Plan Rows": 1445898, "Plan Width": 199, "Group By Key": ["customer.c_custkey", "customer.c_name", "customer.c_acctbal", "customer.c_phone", "nation.n_name", "customer.c_address", "customer.c_comment"], "Plans": [{"Node Type": "Hash Join", "Parent Relationship": "Outer", "Join Type": "Inner", "Startup Cost": 377859.22, "Total Cost": 2652795.35, "Plan Rows": 1445898, "Plan Width": 191, "Inner Unique": true, "Hash Cond": "(customer.c_nationkey = nation.n_nationkey), (LLVM Optimized)", "Plans": [{"Node Type": "Hash Join", "Parent Relationship": "Outer", "Join Type": "Inner", "Startup Cost": 377857.66, "Total Cost": 2632912.69, "Plan Rows": 1445898, "Plan Width": 169, "Inner Unique": true, "Hash Cond": "(orders.o_custkey = customer.c_custkey), (LLVM Optimized)", "Plans": [{"Node Type": "Hash Join", "Parent Relationship": "Outer", "Join Type": "Inner", "Startup Cost": 306981.66, "Total Cost": 2542155.59, "Plan Rows": 1445898, "Plan Width": 24, "Inner Unique": true, "Hash Cond": "(lineitem.l_orderkey = orders.o_orderkey), (LLVM Optimized)", "Plans": [{"Node Type": "Seq Scan", "Parent Relationship": "Outer", "Relation Name": "lineitem", "Alias": "lineitem", "Startup Cost": 0.0, "Total Cost": 2165082.91, "Plan Rows": 14835209, "Plan Width": 24, "Filter": "(l_returnflag = 'R'::bpchar), (LLVM Optimized)"}, {"Node Type": "Hash", "Parent Relationship": "Inner", "Startup Cost": 299784.84, "Total Cost": 299784.84, "Plan Rows": 575746, "Plan Width": 16, "Plans": [{"Node Type": "Bitmap Heap Scan", "Parent Relationship": "Outer", "Relation Name": "orders", "Alias": "orders", "Startup Cost": 14729.65, "Total Cost": 299784.84, "Plan Rows": 575746, "Plan Width": 16, "Recheck Cond": "((o_orderdate >= '1993-08-01 00:00:00'::timestamp(0) without time zone) AND (o_orderdate < '1993-11-01 00:00:00'::timestamp without time zone)), (LLVM Optimized)", "Plans": [{"Node Type": "Bitmap Index Scan", "Parent Relationship": "Outer", "Index Name": "idx_orders_orderdate", "Startup Cost": 0.0, "Total Cost": 14585.71, "Plan Rows": 575746, "Plan Width": 0, "Index Cond": "((o_orderdate >= '1993-08-01 00:00:00'::timestamp(0) without time zone) AND (o_orderdate < '1993-11-01 00:00:00'::timestamp without time zone))"}]}]}]}, {"Node Type": "Hash", "Parent Relationship": "Inner", "Startup Cost": 52126.0, "Total Cost": 52126.0, "Plan Rows": 1500000, "Plan Width": 153, "Plans": [{"Node Type": "Seq Scan", "Parent Relationship": "Outer", "Relation Name": "customer", "Alias": "customer", "Startup Cost": 0.0, "Total Cost": 52126.0, "Plan Rows": 1500000, "Plan Width": 153}]}]}, {"Node Type": "Hash", "Parent Relationship": "Inner", "Startup Cost": 1.25, "Total Cost": 1.25, "Plan Rows": 25, "Plan Width": 30, "Plans": [{"Node Type": "Seq Scan", "Parent Relationship": "Outer", "Relation Name": "nation", "Alias": "nation", "Startup Cost": 0.0, "Total Cost": 1.25, "Plan Rows": 25, "Plan Width": 30}]}]}]}]}]}, "Unique SQL Id": 1604070524, "Planner Runtime": 1}, "explain_analyze_plan": {"Plan": {"Node Type": "Limit", "Startup Cost": 2741876.6, "Total Cost": 2741876.65, "Plan Rows": 20, "Plan Width": 199, "Actual Startup Time": 32209.202, "Actual Total Time": 32209.207, "Actual Rows": 20, "Actual Loops": 1, "Plans": [{"Node Type": "Sort", "Parent Relationship": "Outer", "Startup Cost": 2741876.6, "Total Cost": 2745491.35, "Plan Rows": 20, "Plan Width": 199, "Actual Startup Time": 32209.199, "Actual Total Time": 32209.201, "Actual Rows": 20, "Actual Loops": 1, "Sort Key": ["(sum((lineitem.l_extendedprice * (1::double precision - lineitem.l_discount)))) DESC"], "Sort Method": "top-N heapsort", "Sort Space Used": 35, "Sort Space Type": "Memory", "Plans": [{"Node Type": "Aggregate", "Strategy": "Hashed", "Parent Relationship": "Outer", "Startup Cost": 2688942.8, "Total Cost": 2703401.78, "Plan Rows": 1445898, "Plan Width": 199, "Actual Startup Time": 31864.123, "Actual Total Time": 32074.823, "Actual Rows": 381542, "Actual Loops": 1, "Group By Key": ["customer.c_custkey", "customer.c_name", "customer.c_acctbal", "customer.c_phone", "nation.n_name", "customer.c_address", "customer.c_comment"], "Plans": [{"Node Type": "Hash Join", "Parent Relationship": "Outer", "Join Type": "Inner", "Startup Cost": 377859.22, "Total Cost": 2652795.35, "Plan Rows": 1445898, "Plan Width": 191, "Actual Startup Time": 2369.806, "Actual Total Time": 30028.378, "Actual Rows": 1145969, "Actual Loops": 1, "Inner Unique": true, "Hash Cond": "(customer.c_nationkey = nation.n_nationkey), (LLVM Optimized, Jit Execute)", "Plans": [{"Node Type": "Hash Join", "Parent Relationship": "Outer", "Join Type": "Inner", "Startup Cost": 377857.66, "Total Cost": 2632912.69, "Plan Rows": 1445898, "Plan Width": 169, "Actual Startup Time": 2369.707, "Actual Total Time": 29557.817, "Actual Rows": 1145969, "Actual Loops": 1, "Inner Unique": true, "Hash Cond": "(orders.o_custkey = customer.c_custkey), (LLVM Optimized, Jit Execute)", "Plans": [{"Node Type": "Hash Join", "Parent Relationship": "Outer", "Join Type": "Inner", "Startup Cost": 306981.66, "Total Cost": 2542155.59, "Plan Rows": 1445898, "Plan Width": 24, "Actual Startup Time": 1138.289, "Actual Total Time": 27567.336, "Actual Rows": 1145969, "Actual Loops": 1, "Inner Unique": true, "Hash Cond": "(lineitem.l_orderkey = orders.o_orderkey), (LLVM Optimized, Jit Execute)", "Plans": [{"Node Type": "Seq Scan", "Parent Relationship": "Outer", "Relation Name": "lineitem", "Alias": "lineitem", "Startup Cost": 0.0, "Total Cost": 2165082.91, "Plan Rows": 14835209, "Plan Width": 24, "Actual Startup Time": 0.018, "Actual Total Time": 22010.703, "Actual Rows": 14808183, "Actual Loops": 1, "Filter": "(l_returnflag = 'R'::bpchar), (LLVM Optimized, Jit Execute)", "Rows Removed by Filter": 45177869}, {"Node Type": "Hash", "Parent Relationship": "Inner", "Startup Cost": 299784.84, "Total Cost": 299784.84, "Plan Rows": 575746, "Plan Width": 16, "Actual Startup Time": 1137.516, "Actual Total Time": 1137.516, "Actual Rows": 573635, "Actual Loops": 1, "Hash Buckets": 1048576, "Hash Batches": 1, "Original Hash Batches": 1, "Peak Memory Usage": 26890, "Plans": [{"Node Type": "Bitmap Heap Scan", "Parent Relationship": "Outer", "Relation Name": "orders", "Alias": "orders", "Startup Cost": 14729.65, "Total Cost": 299784.84, "Plan Rows": 575746, "Plan Width": 16, "Actual Startup Time": 246.943, "Actual Total Time": 931.513, "Actual Rows": 573635, "Actual Loops": 1, "Recheck Cond": "((o_orderdate >= '1993-08-01 00:00:00'::timestamp(0) without time zone) AND (o_orderdate < '1993-11-01 00:00:00'::timestamp without time zone)), (LLVM Optimized, Jit Execute)", "Rows Removed by Index Recheck": 0, "Exact Heap Blocks": 242860, "Lossy Heap Blocks": 242860, "Plans": [{"Node Type": "Bitmap Index Scan", "Parent Relationship": "Outer", "Index Name": "idx_orders_orderdate", "Startup Cost": 0.0, "Total Cost": 14585.71, "Plan Rows": 575746, "Plan Width": 0, "Actual Startup Time": 168.553, "Actual Total Time": 168.553, "Actual Rows": 573635, "Actual Loops": 1, "Index Cond": "((o_orderdate >= '1993-08-01 00:00:00'::timestamp(0) without time zone) AND (o_orderdate < '1993-11-01 00:00:00'::timestamp without time zone))"}]}]}]}, {"Node Type": "Hash", "Parent Relationship": "Inner", "Startup Cost": 52126.0, "Total Cost": 52126.0, "Plan Rows": 1500000, "Plan Width": 153, "Actual Startup Time": 1230.084, "Actual Total Time": 1230.084, "Actual Rows": 1500000, "Actual Loops": 1, "Hash Buckets": 2097152, "Hash Batches": 1, "Original Hash Batches": 1, "Peak Memory Usage": 282695, "Plans": [{"Node Type": "Seq Scan", "Parent Relationship": "Outer", "Relation Name": "customer", "Alias": "customer", "Startup Cost": 0.0, "Total Cost": 52126.0, "Plan Rows": 1500000, "Plan Width": 153, "Actual Startup Time": 0.017, "Actual Total Time": 575.693, "Actual Rows": 1500000, "Actual Loops": 1}]}]}, {"Node Type": "Hash", "Parent Relationship": "Inner", "Startup Cost": 1.25, "Total Cost": 1.25, "Plan Rows": 25, "Plan Width": 30, "Actual Startup Time": 0.052, "Actual Total Time": 0.052, "Actual Rows": 25, "Actual Loops": 1, "Hash Buckets": 32768, "Hash Batches": 1, "Original Hash Batches": 1, "Peak Memory Usage": 2, "Plans": [{"Node Type": "Seq Scan", "Parent Relationship": "Outer", "Relation Name": "nation", "Alias": "nation", "Startup Cost": 0.0, "Total Cost": 1.25, "Plan Rows": 25, "Plan Width": 30, "Actual Startup Time": 0.024, "Actual Total Time": 0.03, "Actual Rows": 25, "Actual Loops": 1}]}]}]}]}]}, "Triggers": [], "Planner Runtime": 1, "Total Runtime": 32220.436, "Unique SQL Id": 1604070524}}, "(64, 103)": {"explain_plan": {"Plan": {"Node Type": "Limit", "Startup Cost": 13443415.76, "Total Cost": 13443415.81, "Plan Rows": 20, "Plan Width": 199, "Plans": [{"Node Type": "Sort", "Parent Relationship": "Outer", "Startup Cost": 13443415.76, "Total Cost": 13447030.51, "Plan Rows": 20, "Plan Width": 199, "Sort Key": ["(sum((lineitem.l_extendedprice * (1::double precision - lineitem.l_discount)))) DESC"], "Plans": [{"Node Type": "Aggregate", "Strategy": "Hashed", "Parent Relationship": "Outer", "Startup Cost": 13390481.96, "Total Cost": 13404940.94, "Plan Rows": 1445898, "Plan Width": 199, "Group By Key": ["customer.c_custkey", "customer.c_name", "customer.c_acctbal", "customer.c_phone", "nation.n_name", "customer.c_address", "customer.c_comment"], "Plans": [{"Node Type": "Nested Loop", "Parent Relationship": "Outer", "Join Type": "Inner", "Startup Cost": 14732.12, "Total Cost": 13354334.51, "Plan Rows": 1445898, "Plan Width": 191, "Inner Unique": false, "Plans": [{"Node Type": "Nested Loop", "Parent Relationship": "Outer", "Join Type": "Inner", "Startup Cost": 14730.2, "Total Cost": 5249597.54, "Plan Rows": 575746, "Plan Width": 183, "Inner Unique": true, "Plans": [{"Node Type": "Nested Loop", "Parent Relationship": "Outer", "Join Type": "Inner", "Startup Cost": 14729.94, "Total Cost": 2785257.65, "Plan Rows": 575746, "Plan Width": 161, "Inner Unique": true, "Plans": [{"Node Type": "Bitmap Heap Scan", "Parent Relationship": "Outer", "Relation Name": "orders", "Alias": "orders", "Startup Cost": 14729.65, "Total Cost": 299784.84, "Plan Rows": 575746, "Plan Width": 16, "Recheck Cond": "((o_orderdate >= '1993-08-01 00:00:00'::timestamp(0) without time zone) AND (o_orderdate < '1993-11-01 00:00:00'::timestamp without time zone)), (LLVM Optimized)", "Plans": [{"Node Type": "Bitmap Index Scan", "Parent Relationship": "Outer", "Index Name": "idx_orders_orderdate", "Startup Cost": 0.0, "Total Cost": 14585.71, "Plan Rows": 575746, "Plan Width": 0, "Index Cond": "((o_orderdate >= '1993-08-01 00:00:00'::timestamp(0) without time zone) AND (o_orderdate < '1993-11-01 00:00:00'::timestamp without time zone))"}]}, {"Node Type": "Bitmap Heap Scan", "Parent Relationship": "Inner", "Relation Name": "customer", "Alias": "customer", "Startup Cost": 0.29, "Total Cost": 4.31, "Plan Rows": 1, "Plan Width": 153, "Recheck Cond": "(c_custkey = orders.o_custkey)", "Plans": [{"Node Type": "Bitmap Index Scan", "Parent Relationship": "Outer", "Index Name": "customer_pkey", "Startup Cost": 0.0, "Total Cost": 0.29, "Plan Rows": 1, "Plan Width": 0, "Index Cond": "(c_custkey = orders.o_custkey)"}]}]}, {"Node Type": "Bitmap Heap Scan", "Parent Relationship": "Inner", "Relation Name": "nation", "Alias": "nation", "Startup Cost": 0.26, "Total Cost": 4.27, "Plan Rows": 1, "Plan Width": 30, "Recheck Cond": "(n_nationkey = customer.c_nationkey)", "Plans": [{"Node Type": "Bitmap Index Scan", "Parent Relationship": "Outer", "Index Name": "nation_pkey", "Startup Cost": 0.0, "Total Cost": 0.26, "Plan Rows": 1, "Plan Width": 0, "Index Cond": "(n_nationkey = customer.c_nationkey)"}]}]}, {"Node Type": "Bitmap Heap Scan", "Parent Relationship": "Inner", "Relation Name": "lineitem", "Alias": "lineitem", "Startup Cost": 1.93, "Total Cost": 14.05, "Plan Rows": 3, "Plan Width": 24, "Recheck Cond": "(l_orderkey = orders.o_orderkey)", "Filter": "(l_returnflag = 'R'::bpchar)", "Plans": [{"Node Type": "Bitmap Index Scan", "Parent Relationship": "Outer", "Index Name": "idx_lineitem_orderkey", "Startup Cost": 0.0, "Total Cost": 1.92, "Plan Rows": 9, "Plan Width": 0, "Index Cond": "(l_orderkey = orders.o_orderkey)"}]}]}]}]}]}, "Unique SQL Id": 1604070524, "Planner Runtime": 0}, "explain_analyze_plan": {"Plan": {"Node Type": "Limit", "Startup Cost": 13443415.76, "Total Cost": 13443415.81, "Plan Rows": 20, "Plan Width": 199, "Actual Startup Time": 16957.333, "Actual Total Time": 16957.341, "Actual Rows": 20, "Actual Loops": 1, "Plans": [{"Node Type": "Sort", "Parent Relationship": "Outer", "Startup Cost": 13443415.76, "Total Cost": 13447030.51, "Plan Rows": 20, "Plan Width": 199, "Actual Startup Time": 16957.329, "Actual Total Time": 16957.334, "Actual Rows": 20, "Actual Loops": 1, "Sort Key": ["(sum((lineitem.l_extendedprice * (1::double precision - lineitem.l_discount)))) DESC"], "Sort Method": "top-N heapsort", "Sort Space Used": 35, "Sort Space Type": "Memory", "Plans": [{"Node Type": "Aggregate", "Strategy": "Hashed", "Parent Relationship": "Outer", "Startup Cost": 13390481.96, "Total Cost": 13404940.94, "Plan Rows": 1445898, "Plan Width": 199, "Actual Startup Time": 16583.968, "Actual Total Time": 16822.306, "Actual Rows": 381542, "Actual Loops": 1, "Group By Key": ["customer.c_custkey", "customer.c_name", "customer.c_acctbal", "customer.c_phone", "nation.n_name", "customer.c_address", "customer.c_comment"], "Plans": [{"Node Type": "Nested Loop", "Parent Relationship": "Outer", "Join Type": "Inner", "Startup Cost": 14732.12, "Total Cost": 13354334.51, "Plan Rows": 1445898, "Plan Width": 191, "Actual Startup Time": 241.783, "Actual Total Time": 14652.01, "Actual Rows": 1145969, "Actual Loops": 1, "Inner Unique": false, "Plans": [{"Node Type": "Nested Loop", "Parent Relationship": "Outer", "Join Type": "Inner", "Startup Cost": 14730.2, "Total Cost": 5249597.54, "Plan Rows": 575746, "Plan Width": 183, "Actual Startup Time": 241.73, "Actual Total Time": 8212.424, "Actual Rows": 573635, "Actual Loops": 1, "Inner Unique": true, "Plans": [{"Node Type": "Nested Loop", "Parent Relationship": "Outer", "Join Type": "Inner", "Startup Cost": 14729.94, "Total Cost": 2785257.65, "Plan Rows": 575746, "Plan Width": 161, "Actual Startup Time": 241.696, "Actual Total Time": 6036.117, "Actual Rows": 573635, "Actual Loops": 1, "Inner Unique": true, "Plans": [{"Node Type": "Bitmap Heap Scan", "Parent Relationship": "Outer", "Relation Name": "orders", "Alias": "orders", "Startup Cost": 14729.65, "Total Cost": 299784.84, "Plan Rows": 575746, "Plan Width": 16, "Actual Startup Time": 241.45, "Actual Total Time": 1047.688, "Actual Rows": 573635, "Actual Loops": 1, "Recheck Cond": "((o_orderdate >= '1993-08-01 00:00:00'::timestamp(0) without time zone) AND (o_orderdate < '1993-11-01 00:00:00'::timestamp without time zone)), (LLVM Optimized, Jit Execute)", "Rows Removed by Index Recheck": 0, "Exact Heap Blocks": 242860, "Lossy Heap Blocks": 242860, "Plans": [{"Node Type": "Bitmap Index Scan", "Parent Relationship": "Outer", "Index Name": "idx_orders_orderdate", "Startup Cost": 0.0, "Total Cost": 14585.71, "Plan Rows": 575746, "Plan Width": 0, "Actual Startup Time": 167.064, "Actual Total Time": 167.064, "Actual Rows": 573635, "Actual Loops": 1, "Index Cond": "((o_orderdate >= '1993-08-01 00:00:00'::timestamp(0) without time zone) AND (o_orderdate < '1993-11-01 00:00:00'::timestamp without time zone))"}]}, {"Node Type": "Bitmap Heap Scan", "Parent Relationship": "Inner", "Relation Name": "customer", "Alias": "customer", "Startup Cost": 0.29, "Total Cost": 4.31, "Plan Rows": 1, "Plan Width": 153, "Actual Startup Time": 4129.14, "Actual Total Time": 4129.14, "Actual Rows": 573635, "Actual Loops": 573635, "Recheck Cond": "(c_custkey = orders.o_custkey)", "Rows Removed by Index Recheck": 0, "Exact Heap Blocks": 573635, "Lossy Heap Blocks": 573635, "Plans": [{"Node Type": "Bitmap Index Scan", "Parent Relationship": "Outer", "Index Name": "customer_pkey", "Startup Cost": 0.0, "Total Cost": 0.29, "Plan Rows": 1, "Plan Width": 0, "Actual Startup Time": 2565.96, "Actual Total Time": 2565.96, "Actual Rows": 573635, "Actual Loops": 573635, "Index Cond": "(c_custkey = orders.o_custkey)"}]}]}, {"Node Type": "Bitmap Heap Scan", "Parent Relationship": "Inner", "Relation Name": "nation", "Alias": "nation", "Startup Cost": 0.26, "Total Cost": 4.27, "Plan Rows": 1, "Plan Width": 30, "Actual Startup Time": 1398.487, "Actual Total Time": 1398.487, "Actual Rows": 573635, "Actual Loops": 573635, "Recheck Cond": "(n_nationkey = customer.c_nationkey)", "Rows Removed by Index Recheck": 0, "Exact Heap Blocks": 573635, "Lossy Heap Blocks": 573635, "Plans": [{"Node Type": "Bitmap Index Scan", "Parent Relationship": "Outer", "Index Name": "nation_pkey", "Startup Cost": 0.0, "Total Cost": 0.26, "Plan Rows": 1, "Plan Width": 0, "Actual Startup Time": 610.04, "Actual Total Time": 610.04, "Actual Rows": 573635, "Actual Loops": 573635, "Index Cond": "(n_nationkey = customer.c_nationkey)"}]}]}, {"Node Type": "Bitmap Heap Scan", "Parent Relationship": "Inner", "Relation Name": "lineitem", "Alias": "lineitem", "Startup Cost": 1.93, "Total Cost": 14.05, "Plan Rows": 3, "Plan Width": 24, "Actual Startup Time": 4947.793, "Actual Total Time": 5480.067, "Actual Rows": 1145969, "Actual Loops": 573635, "Recheck Cond": "(l_orderkey = orders.o_orderkey)", "Rows Removed by Index Recheck": 0, "Filter": "(l_returnflag = 'R'::bpchar)", "Rows Removed by Filter": 1146896, "Exact Heap Blocks": 614400, "Lossy Heap Blocks": 614400, "Plans": [{"Node Type": "Bitmap Index Scan", "Parent Relationship": "Outer", "Index Name": "idx_lineitem_orderkey", "Startup Cost": 0.0, "Total Cost": 1.92, "Plan Rows": 9, "Plan Width": 0, "Actual Startup Time": 2505.557, "Actual Total Time": 2505.557, "Actual Rows": 2292865, "Actual Loops": 573635, "Index Cond": "(l_orderkey = orders.o_orderkey)"}]}]}]}]}]}, "Triggers": [], "Planner Runtime": 0, "Total Runtime": 16967.566, "Unique SQL Id": 1604070524}}, "(64, 104)": {"explain_plan": {"Plan": {"Node Type": "Limit", "Startup Cost": 2943502.95, "Total Cost": 2943503.0, "Plan Rows": 20, "Plan Width": 199, "Plans": [{"Node Type": "Sort", "Parent Relationship": "Outer", "Startup Cost": 2943502.95, "Total Cost": 2947117.69, "Plan Rows": 20, "Plan Width": 199, "Sort Key": ["(sum((lineitem.l_extendedprice * (1::double precision - lineitem.l_discount)))) DESC"], "Plans": [{"Node Type": "Aggregate", "Strategy": "Hashed", "Parent Relationship": "Outer", "Startup Cost": 2890569.14, "Total Cost": 2905028.12, "Plan Rows": 1445898, "Plan Width": 199, "Group By Key": ["customer.c_custkey", "customer.c_name", "customer.c_acctbal", "customer.c_phone", "nation.n_name", "customer.c_address", "customer.c_comment"], "Plans": [{"Node Type": "Hash Join", "Parent Relationship": "Outer", "Join Type": "Inner", "Startup Cost": 579485.57, "Total Cost": 2854421.69, "Plan Rows": 1445898, "Plan Width": 191, "Inner Unique": true, "Hash Cond": "(customer.c_nationkey = nation.n_nationkey), (LLVM Optimized)", "Plans": [{"Node Type": "Hash Join", "Parent Relationship": "Outer", "Join Type": "Inner", "Startup Cost": 579484.01, "Total Cost": 2834539.03, "Plan Rows": 1445898, "Plan Width": 169, "Inner Unique": true, "Hash Cond": "(orders.o_custkey = customer.c_custkey), (LLVM Optimized)", "Plans": [{"Node Type": "Hash Join", "Parent Relationship": "Outer", "Join Type": "Inner", "Startup Cost": 508608.01, "Total Cost": 2743781.94, "Plan Rows": 1445898, "Plan Width": 24, "Inner Unique": true, "Hash Cond": "(lineitem.l_orderkey = orders.o_orderkey), (LLVM Optimized)", "Plans": [{"Node Type": "Seq Scan", "Parent Relationship": "Outer", "Relation Name": "lineitem", "Alias": "lineitem", "Startup Cost": 0.0, "Total Cost": 2165082.91, "Plan Rows": 14835209, "Plan Width": 24, "Filter": "(l_returnflag = 'R'::bpchar), (LLVM Optimized)"}, {"Node Type": "Hash", "Parent Relationship": "Inner", "Startup Cost": 501411.18, "Total Cost": 501411.18, "Plan Rows": 575746, "Plan Width": 16, "Plans": [{"Node Type": "Seq Scan", "Parent Relationship": "Outer", "Relation Name": "orders", "Alias": "orders", "Startup Cost": 578.97, "Total Cost": 501411.18, "Plan Rows": 575746, "Plan Width": 16, "Filter": "((o_orderdate >= '1993-08-01 00:00:00'::timestamp(0) without time zone) AND (o_orderdate < '1993-11-01 00:00:00'::timestamp without time zone)), (LLVM Optimized)"}]}]}, {"Node Type": "Hash", "Parent Relationship": "Inner", "Startup Cost": 52126.0, "Total Cost": 52126.0, "Plan Rows": 1500000, "Plan Width": 153, "Plans": [{"Node Type": "Seq Scan", "Parent Relationship": "Outer", "Relation Name": "customer", "Alias": "customer", "Startup Cost": 0.0, "Total Cost": 52126.0, "Plan Rows": 1500000, "Plan Width": 153}]}]}, {"Node Type": "Hash", "Parent Relationship": "Inner", "Startup Cost": 1.25, "Total Cost": 1.25, "Plan Rows": 25, "Plan Width": 30, "Plans": [{"Node Type": "Seq Scan", "Parent Relationship": "Outer", "Relation Name": "nation", "Alias": "nation", "Startup Cost": 0.0, "Total Cost": 1.25, "Plan Rows": 25, "Plan Width": 30}]}]}]}]}]}, "Unique SQL Id": 1604070524, "Planner Runtime": 1}, "explain_analyze_plan": {"Plan": {"Node Type": "Limit", "Startup Cost": 2943502.95, "Total Cost": 2943503.0, "Plan Rows": 20, "Plan Width": 199, "Actual Startup Time": 36920.501, "Actual Total Time": 36920.507, "Actual Rows": 20, "Actual Loops": 1, "Plans": [{"Node Type": "Sort", "Parent Relationship": "Outer", "Startup Cost": 2943502.95, "Total Cost": 2947117.69, "Plan Rows": 20, "Plan Width": 199, "Actual Startup Time": 36920.499, "Actual Total Time": 36920.503, "Actual Rows": 20, "Actual Loops": 1, "Sort Key": ["(sum((lineitem.l_extendedprice * (1::double precision - lineitem.l_discount)))) DESC"], "Sort Method": "top-N heapsort", "Sort Space Used": 35, "Sort Space Type": "Memory", "Plans": [{"Node Type": "Aggregate", "Strategy": "Hashed", "Parent Relationship": "Outer", "Startup Cost": 2890569.14, "Total Cost": 2905028.12, "Plan Rows": 1445898, "Plan Width": 199, "Actual Startup Time": 36545.483, "Actual Total Time": 36785.555, "Actual Rows": 381542, "Actual Loops": 1, "Group By Key": ["customer.c_custkey", "customer.c_name", "customer.c_acctbal", "customer.c_phone", "nation.n_name", "customer.c_address", "customer.c_comment"], "Plans": [{"Node Type": "Hash Join", "Parent Relationship": "Outer", "Join Type": "Inner", "Startup Cost": 579485.57, "Total Cost": 2854421.69, "Plan Rows": 1445898, "Plan Width": 191, "Actual Startup Time": 6881.164, "Actual Total Time": 34691.279, "Actual Rows": 1145969, "Actual Loops": 1, "Inner Unique": true, "Hash Cond": "(customer.c_nationkey = nation.n_nationkey), (LLVM Optimized, Jit Execute)", "Plans": [{"Node Type": "Hash Join", "Parent Relationship": "Outer", "Join Type": "Inner", "Startup Cost": 579484.01, "Total Cost": 2834539.03, "Plan Rows": 1445898, "Plan Width": 169, "Actual Startup Time": 6881.038, "Actual Total Time": 34222.051, "Actual Rows": 1145969, "Actual Loops": 1, "Inner Unique": true, "Hash Cond": "(orders.o_custkey = customer.c_custkey), (LLVM Optimized, Jit Execute)", "Plans": [{"Node Type": "Hash Join", "Parent Relationship": "Outer", "Join Type": "Inner", "Startup Cost": 508608.01, "Total Cost": 2743781.94, "Plan Rows": 1445898, "Plan Width": 24, "Actual Startup Time": 5638.194, "Actual Total Time": 32187.007, "Actual Rows": 1145969, "Actual Loops": 1, "Inner Unique": true, "Hash Cond": "(lineitem.l_orderkey = orders.o_orderkey), (LLVM Optimized, Jit Execute)", "Plans": [{"Node Type": "Seq Scan", "Parent Relationship": "Outer", "Relation Name": "lineitem", "Alias": "lineitem", "Startup Cost": 0.0, "Total Cost": 2165082.91, "Plan Rows": 14835209, "Plan Width": 24, "Actual Startup Time": 0.023, "Actual Total Time": 21948.455, "Actual Rows": 14808183, "Actual Loops": 1, "Filter": "(l_returnflag = 'R'::bpchar), (LLVM Optimized, Jit Execute)", "Rows Removed by Filter": 45177869}, {"Node Type": "Hash", "Parent Relationship": "Inner", "Startup Cost": 501411.18, "Total Cost": 501411.18, "Plan Rows": 575746, "Plan Width": 16, "Actual Startup Time": 5637.479, "Actual Total Time": 5637.479, "Actual Rows": 573635, "Actual Loops": 1, "Hash Buckets": 1048576, "Hash Batches": 1, "Original Hash Batches": 1, "Peak Memory Usage": 26890, "Plans": [{"Node Type": "Seq Scan", "Parent Relationship": "Outer", "Relation Name": "orders", "Alias": "orders", "Startup Cost": 578.97, "Total Cost": 501411.18, "Plan Rows": 575746, "Plan Width": 16, "Actual Startup Time": 0.025, "Actual Total Time": 5354.546, "Actual Rows": 573635, "Actual Loops": 1, "Filter": "((o_orderdate >= '1993-08-01 00:00:00'::timestamp(0) without time zone) AND (o_orderdate < '1993-11-01 00:00:00'::timestamp without time zone)), (LLVM Optimized, Jit Execute)", "Rows Removed by Filter": 14426365}]}]}, {"Node Type": "Hash", "Parent Relationship": "Inner", "Startup Cost": 52126.0, "Total Cost": 52126.0, "Plan Rows": 1500000, "Plan Width": 153, "Actual Startup Time": 1241.53, "Actual Total Time": 1241.53, "Actual Rows": 1500000, "Actual Loops": 1, "Hash Buckets": 2097152, "Hash Batches": 1, "Original Hash Batches": 1, "Peak Memory Usage": 282695, "Plans": [{"Node Type": "Seq Scan", "Parent Relationship": "Outer", "Relation Name": "customer", "Alias": "customer", "Startup Cost": 0.0, "Total Cost": 52126.0, "Plan Rows": 1500000, "Plan Width": 153, "Actual Startup Time": 0.017, "Actual Total Time": 579.941, "Actual Rows": 1500000, "Actual Loops": 1}]}]}, {"Node Type": "Hash", "Parent Relationship": "Inner", "Startup Cost": 1.25, "Total Cost": 1.25, "Plan Rows": 25, "Plan Width": 30, "Actual Startup Time": 0.056, "Actual Total Time": 0.056, "Actual Rows": 25, "Actual Loops": 1, "Hash Buckets": 32768, "Hash Batches": 1, "Original Hash Batches": 1, "Peak Memory Usage": 2, "Plans": [{"Node Type": "Seq Scan", "Parent Relationship": "Outer", "Relation Name": "nation", "Alias": "nation", "Startup Cost": 0.0, "Total Cost": 1.25, "Plan Rows": 25, "Plan Width": 30, "Actual Startup Time": 0.025, "Actual Total Time": 0.033, "Actual Rows": 25, "Actual Loops": 1}]}]}]}]}]}, "Triggers": [], "Planner Runtime": 1, "Total Runtime": 36931.228, "Unique SQL Id": 1604070524}}, "(64, 105)": {"explain_plan": {"Plan": {"Node Type": "Limit", "Startup Cost": 4127035.84, "Total Cost": 4127035.89, "Plan Rows": 20, "Plan Width": 199, "Plans": [{"Node Type": "Sort", "Parent Relationship": "Outer", "Startup Cost": 4127035.84, "Total Cost": 4130650.58, "Plan Rows": 20, "Plan Width": 199, "Sort Key": ["(sum((lineitem.l_extendedprice * (1::double precision - lineitem.l_discount)))) DESC"], "Plans": [{"Node Type": "Aggregate", "Strategy": "Hashed", "Parent Relationship": "Outer", "Startup Cost": 4074102.03, "Total Cost": 4088561.01, "Plan Rows": 1445898, "Plan Width": 199, "Group By Key": ["customer.c_custkey", "customer.c_name", "customer.c_acctbal", "customer.c_phone", "nation.n_name", "customer.c_address", "customer.c_comment"], "Plans": [{"Node Type": "Nested Loop", "Parent Relationship": "Outer", "Join Type": "Inner", "Startup Cost": 99528.29, "Total Cost": 4037954.58, "Plan Rows": 1445898, "Plan Width": 191, "Inner Unique": false, "Plans": [{"Node Type": "Hash Join", "Parent Relationship": "Outer", "Join Type": "Inner", "Startup Cost": 99528.29, "Total Cost": 921337.14, "Plan Rows": 575746, "Plan Width": 183, "Inner Unique": true, "Hash Cond": "(customer.c_nationkey = nation.n_nationkey), (LLVM Optimized)", "Plans": [{"Node Type": "Hash Join", "Parent Relationship": "Outer", "Join Type": "Inner", "Startup Cost": 99515.36, "Total Cost": 913407.69, "Plan Rows": 575746, "Plan Width": 161, "Inner Unique": true, "Hash Cond": "(orders.o_custkey = customer.c_custkey), (LLVM Optimized)", "Plans": [{"Node Type": "Index Scan", "Parent Relationship": "Outer", "Scan Direction": "Forward", "Index Name": "orders_pkey", "Relation Name": "orders", "Alias": "orders", "Startup Cost": 0.0, "Total Cost": 805975.83, "Plan Rows": 575746, "Plan Width": 16, "Filter": "((o_orderdate >= '1993-08-01 00:00:00'::timestamp(0) without time zone) AND (o_orderdate < '1993-11-01 00:00:00'::timestamp without time zone)), (LLVM Optimized)"}, {"Node Type": "Hash", "Parent Relationship": "Inner", "Startup Cost": 80765.36, "Total Cost": 80765.36, "Plan Rows": 1500000, "Plan Width": 153, "Plans": [{"Node Type": "Index Scan", "Parent Relationship": "Outer", "Scan Direction": "Forward", "Index Name": "customer_pkey", "Relation Name": "customer", "Alias": "customer", "Startup Cost": 0.0, "Total Cost": 80765.36, "Plan Rows": 1500000, "Plan Width": 153}]}]}, {"Node Type": "Hash", "Parent Relationship": "Inner", "Startup Cost": 12.62, "Total Cost": 12.62, "Plan Rows": 25, "Plan Width": 30, "Plans": [{"Node Type": "Index Scan", "Parent Relationship": "Outer", "Scan Direction": "Forward", "Index Name": "nation_pkey", "Relation Name": "nation", "Alias": "nation", "Startup Cost": 0.0, "Total Cost": 12.62, "Plan Rows": 25, "Plan Width": 30}]}]}, {"Node Type": "Index Scan", "Parent Relationship": "Inner", "Scan Direction": "Forward", "Index Name": "idx_lineitem_orderkey", "Relation Name": "lineitem", "Alias": "lineitem", "Startup Cost": 0.0, "Total Cost": 5.38, "Plan Rows": 3, "Plan Width": 24, "Index Cond": "(l_orderkey = orders.o_orderkey)", "Filter": "(l_returnflag = 'R'::bpchar)"}]}]}]}]}, "Unique SQL Id": 1604070524, "Planner Runtime": 1}, "explain_analyze_plan": {"Plan": {"Node Type": "Limit", "Startup Cost": 4127035.84, "Total Cost": 4127035.89, "Plan Rows": 20, "Plan Width": 199, "Actual Startup Time": 21134.985, "Actual Total Time": 21134.993, "Actual Rows": 20, "Actual Loops": 1, "Plans": [{"Node Type": "Sort", "Parent Relationship": "Outer", "Startup Cost": 4127035.84, "Total Cost": 4130650.58, "Plan Rows": 20, "Plan Width": 199, "Actual Startup Time": 21134.982, "Actual Total Time": 21134.985, "Actual Rows": 20, "Actual Loops": 1, "Sort Key": ["(sum((lineitem.l_extendedprice * (1::double precision - lineitem.l_discount)))) DESC"], "Sort Method": "top-N heapsort", "Sort Space Used": 35, "Sort Space Type": "Memory", "Plans": [{"Node Type": "Aggregate", "Strategy": "Hashed", "Parent Relationship": "Outer", "Startup Cost": 4074102.03, "Total Cost": 4088561.01, "Plan Rows": 1445898, "Plan Width": 199, "Actual Startup Time": 20745.969, "Actual Total Time": 20998.23, "Actual Rows": 381542, "Actual Loops": 1, "Group By Key": ["customer.c_custkey", "customer.c_name", "customer.c_acctbal", "customer.c_phone", "nation.n_name", "customer.c_address", "customer.c_comment"], "Plans": [{"Node Type": "Nested Loop", "Parent Relationship": "Outer", "Join Type": "Inner", "Startup Cost": 99528.29, "Total Cost": 4037954.58, "Plan Rows": 1445898, "Plan Width": 191, "Actual Startup Time": 1600.72, "Actual Total Time": 18843.051, "Actual Rows": 1145969, "Actual Loops": 1, "Inner Unique": false, "Plans": [{"Node Type": "Hash Join", "Parent Relationship": "Outer", "Join Type": "Inner", "Startup Cost": 99528.29, "Total Cost": 921337.14, "Plan Rows": 575746, "Plan Width": 183, "Actual Startup Time": 1600.653, "Actual Total Time": 13140.575, "Actual Rows": 573635, "Actual Loops": 1, "Inner Unique": true, "Hash Cond": "(customer.c_nationkey = nation.n_nationkey), (LLVM Optimized, Jit Execute)", "Plans": [{"Node Type": "Hash Join", "Parent Relationship": "Outer", "Join Type": "Inner", "Startup Cost": 99515.36, "Total Cost": 913407.69, "Plan Rows": 575746, "Plan Width": 161, "Actual Startup Time": 1600.552, "Actual Total Time": 12889.515, "Actual Rows": 573635, "Actual Loops": 1, "Inner Unique": true, "Hash Cond": "(orders.o_custkey = customer.c_custkey), (LLVM Optimized, Jit Execute)", "Plans": [{"Node Type": "Index Scan", "Parent Relationship": "Outer", "Scan Direction": "Forward", "Index Name": "orders_pkey", "Relation Name": "orders", "Alias": "orders", "Startup Cost": 0.0, "Total Cost": 805975.83, "Plan Rows": 575746, "Plan Width": 16, "Actual Startup Time": 0.033, "Actual Total Time": 10620.983, "Actual Rows": 573635, "Actual Loops": 1, "Filter": "((o_orderdate >= '1993-08-01 00:00:00'::timestamp(0) without time zone) AND (o_orderdate < '1993-11-01 00:00:00'::timestamp without time zone)), (LLVM Optimized, Jit Execute)", "Rows Removed by Filter": 14426365}, {"Node Type": "Hash", "Parent Relationship": "Inner", "Startup Cost": 80765.36, "Total Cost": 80765.36, "Plan Rows": 1500000, "Plan Width": 153, "Actual Startup Time": 1599.252, "Actual Total Time": 1599.252, "Actual Rows": 1500000, "Actual Loops": 1, "Hash Buckets": 2097152, "Hash Batches": 1, "Original Hash Batches": 1, "Peak Memory Usage": 282695, "Plans": [{"Node Type": "Index Scan", "Parent Relationship": "Outer", "Scan Direction": "Forward", "Index Name": "customer_pkey", "Relation Name": "customer", "Alias": "customer", "Startup Cost": 0.0, "Total Cost": 80765.36, "Plan Rows": 1500000, "Plan Width": 153, "Actual Startup Time": 0.023, "Actual Total Time": 944.077, "Actual Rows": 1500000, "Actual Loops": 1}]}]}, {"Node Type": "Hash", "Parent Relationship": "Inner", "Startup Cost": 12.62, "Total Cost": 12.62, "Plan Rows": 25, "Plan Width": 30, "Actual Startup Time": 0.055, "Actual Total Time": 0.055, "Actual Rows": 25, "Actual Loops": 1, "Hash Buckets": 32768, "Hash Batches": 1, "Original Hash Batches": 1, "Peak Memory Usage": 2, "Plans": [{"Node Type": "Index Scan", "Parent Relationship": "Outer", "Scan Direction": "Forward", "Index Name": "nation_pkey", "Relation Name": "nation", "Alias": "nation", "Startup Cost": 0.0, "Total Cost": 12.62, "Plan Rows": 25, "Plan Width": 30, "Actual Startup Time": 0.022, "Actual Total Time": 0.035, "Actual Rows": 25, "Actual Loops": 1}]}]}, {"Node Type": "Index Scan", "Parent Relationship": "Inner", "Scan Direction": "Forward", "Index Name": "idx_lineitem_orderkey", "Relation Name": "lineitem", "Alias": "lineitem", "Startup Cost": 0.0, "Total Cost": 5.38, "Plan Rows": 3, "Plan Width": 24, "Actual Startup Time": 3796.484, "Actual Total Time": 5067.305, "Actual Rows": 1145969, "Actual Loops": 573635, "Index Cond": "(l_orderkey = orders.o_orderkey)", "Rows Removed by Index Recheck": 0, "Filter": "(l_returnflag = 'R'::bpchar)", "Rows Removed by Filter": 1146896}]}]}]}]}, "Triggers": [], "Planner Runtime": 1, "Total Runtime": 21145.328, "Unique SQL Id": 1604070524}}, "(64, 106)": {"explain_plan": {"Plan": {"Node Type": "Limit", "Startup Cost": 2943502.95, "Total Cost": 2943503.0, "Plan Rows": 20, "Plan Width": 199, "Plans": [{"Node Type": "Sort", "Parent Relationship": "Outer", "Startup Cost": 2943502.95, "Total Cost": 2947117.69, "Plan Rows": 20, "Plan Width": 199, "Sort Key": ["(sum((lineitem.l_extendedprice * (1::double precision - lineitem.l_discount)))) DESC"], "Plans": [{"Node Type": "Aggregate", "Strategy": "Hashed", "Parent Relationship": "Outer", "Startup Cost": 2890569.14, "Total Cost": 2905028.12, "Plan Rows": 1445898, "Plan Width": 199, "Group By Key": ["customer.c_custkey", "customer.c_name", "customer.c_acctbal", "customer.c_phone", "nation.n_name", "customer.c_address", "customer.c_comment"], "Plans": [{"Node Type": "Hash Join", "Parent Relationship": "Outer", "Join Type": "Inner", "Startup Cost": 579485.57, "Total Cost": 2854421.69, "Plan Rows": 1445898, "Plan Width": 191, "Inner Unique": true, "Hash Cond": "(customer.c_nationkey = nation.n_nationkey), (LLVM Optimized)", "Plans": [{"Node Type": "Hash Join", "Parent Relationship": "Outer", "Join Type": "Inner", "Startup Cost": 579484.01, "Total Cost": 2834539.03, "Plan Rows": 1445898, "Plan Width": 169, "Inner Unique": true, "Hash Cond": "(orders.o_custkey = customer.c_custkey), (LLVM Optimized)", "Plans": [{"Node Type": "Hash Join", "Parent Relationship": "Outer", "Join Type": "Inner", "Startup Cost": 508608.01, "Total Cost": 2743781.94, "Plan Rows": 1445898, "Plan Width": 24, "Inner Unique": true, "Hash Cond": "(lineitem.l_orderkey = orders.o_orderkey), (LLVM Optimized)", "Plans": [{"Node Type": "Seq Scan", "Parent Relationship": "Outer", "Relation Name": "lineitem", "Alias": "lineitem", "Startup Cost": 0.0, "Total Cost": 2165082.91, "Plan Rows": 14835209, "Plan Width": 24, "Filter": "(l_returnflag = 'R'::bpchar), (LLVM Optimized)"}, {"Node Type": "Hash", "Parent Relationship": "Inner", "Startup Cost": 501411.18, "Total Cost": 501411.18, "Plan Rows": 575746, "Plan Width": 16, "Plans": [{"Node Type": "Seq Scan", "Parent Relationship": "Outer", "Relation Name": "orders", "Alias": "orders", "Startup Cost": 578.97, "Total Cost": 501411.18, "Plan Rows": 575746, "Plan Width": 16, "Filter": "((o_orderdate >= '1993-08-01 00:00:00'::timestamp(0) without time zone) AND (o_orderdate < '1993-11-01 00:00:00'::timestamp without time zone)), (LLVM Optimized)"}]}]}, {"Node Type": "Hash", "Parent Relationship": "Inner", "Startup Cost": 52126.0, "Total Cost": 52126.0, "Plan Rows": 1500000, "Plan Width": 153, "Plans": [{"Node Type": "Seq Scan", "Parent Relationship": "Outer", "Relation Name": "customer", "Alias": "customer", "Startup Cost": 0.0, "Total Cost": 52126.0, "Plan Rows": 1500000, "Plan Width": 153}]}]}, {"Node Type": "Hash", "Parent Relationship": "Inner", "Startup Cost": 1.25, "Total Cost": 1.25, "Plan Rows": 25, "Plan Width": 30, "Plans": [{"Node Type": "Seq Scan", "Parent Relationship": "Outer", "Relation Name": "nation", "Alias": "nation", "Startup Cost": 0.0, "Total Cost": 1.25, "Plan Rows": 25, "Plan Width": 30}]}]}]}]}]}, "Unique SQL Id": 1604070524, "Planner Runtime": 1}, "explain_analyze_plan": {"Plan": {"Node Type": "Limit", "Startup Cost": 2943502.95, "Total Cost": 2943503.0, "Plan Rows": 20, "Plan Width": 199, "Actual Startup Time": 36920.501, "Actual Total Time": 36920.507, "Actual Rows": 20, "Actual Loops": 1, "Plans": [{"Node Type": "Sort", "Parent Relationship": "Outer", "Startup Cost": 2943502.95, "Total Cost": 2947117.69, "Plan Rows": 20, "Plan Width": 199, "Actual Startup Time": 36920.499, "Actual Total Time": 36920.503, "Actual Rows": 20, "Actual Loops": 1, "Sort Key": ["(sum((lineitem.l_extendedprice * (1::double precision - lineitem.l_discount)))) DESC"], "Sort Method": "top-N heapsort", "Sort Space Used": 35, "Sort Space Type": "Memory", "Plans": [{"Node Type": "Aggregate", "Strategy": "Hashed", "Parent Relationship": "Outer", "Startup Cost": 2890569.14, "Total Cost": 2905028.12, "Plan Rows": 1445898, "Plan Width": 199, "Actual Startup Time": 36545.483, "Actual Total Time": 36785.555, "Actual Rows": 381542, "Actual Loops": 1, "Group By Key": ["customer.c_custkey", "customer.c_name", "customer.c_acctbal", "customer.c_phone", "nation.n_name", "customer.c_address", "customer.c_comment"], "Plans": [{"Node Type": "Hash Join", "Parent Relationship": "Outer", "Join Type": "Inner", "Startup Cost": 579485.57, "Total Cost": 2854421.69, "Plan Rows": 1445898, "Plan Width": 191, "Actual Startup Time": 6881.164, "Actual Total Time": 34691.279, "Actual Rows": 1145969, "Actual Loops": 1, "Inner Unique": true, "Hash Cond": "(customer.c_nationkey = nation.n_nationkey), (LLVM Optimized, Jit Execute)", "Plans": [{"Node Type": "Hash Join", "Parent Relationship": "Outer", "Join Type": "Inner", "Startup Cost": 579484.01, "Total Cost": 2834539.03, "Plan Rows": 1445898, "Plan Width": 169, "Actual Startup Time": 6881.038, "Actual Total Time": 34222.051, "Actual Rows": 1145969, "Actual Loops": 1, "Inner Unique": true, "Hash Cond": "(orders.o_custkey = customer.c_custkey), (LLVM Optimized, Jit Execute)", "Plans": [{"Node Type": "Hash Join", "Parent Relationship": "Outer", "Join Type": "Inner", "Startup Cost": 508608.01, "Total Cost": 2743781.94, "Plan Rows": 1445898, "Plan Width": 24, "Actual Startup Time": 5638.194, "Actual Total Time": 32187.007, "Actual Rows": 1145969, "Actual Loops": 1, "Inner Unique": true, "Hash Cond": "(lineitem.l_orderkey = orders.o_orderkey), (LLVM Optimized, Jit Execute)", "Plans": [{"Node Type": "Seq Scan", "Parent Relationship": "Outer", "Relation Name": "lineitem", "Alias": "lineitem", "Startup Cost": 0.0, "Total Cost": 2165082.91, "Plan Rows": 14835209, "Plan Width": 24, "Actual Startup Time": 0.023, "Actual Total Time": 21948.455, "Actual Rows": 14808183, "Actual Loops": 1, "Filter": "(l_returnflag = 'R'::bpchar), (LLVM Optimized, Jit Execute)", "Rows Removed by Filter": 45177869}, {"Node Type": "Hash", "Parent Relationship": "Inner", "Startup Cost": 501411.18, "Total Cost": 501411.18, "Plan Rows": 575746, "Plan Width": 16, "Actual Startup Time": 5637.479, "Actual Total Time": 5637.479, "Actual Rows": 573635, "Actual Loops": 1, "Hash Buckets": 1048576, "Hash Batches": 1, "Original Hash Batches": 1, "Peak Memory Usage": 26890, "Plans": [{"Node Type": "Seq Scan", "Parent Relationship": "Outer", "Relation Name": "orders", "Alias": "orders", "Startup Cost": 578.97, "Total Cost": 501411.18, "Plan Rows": 575746, "Plan Width": 16, "Actual Startup Time": 0.025, "Actual Total Time": 5354.546, "Actual Rows": 573635, "Actual Loops": 1, "Filter": "((o_orderdate >= '1993-08-01 00:00:00'::timestamp(0) without time zone) AND (o_orderdate < '1993-11-01 00:00:00'::timestamp without time zone)), (LLVM Optimized, Jit Execute)", "Rows Removed by Filter": 14426365}]}]}, {"Node Type": "Hash", "Parent Relationship": "Inner", "Startup Cost": 52126.0, "Total Cost": 52126.0, "Plan Rows": 1500000, "Plan Width": 153, "Actual Startup Time": 1241.53, "Actual Total Time": 1241.53, "Actual Rows": 1500000, "Actual Loops": 1, "Hash Buckets": 2097152, "Hash Batches": 1, "Original Hash Batches": 1, "Peak Memory Usage": 282695, "Plans": [{"Node Type": "Seq Scan", "Parent Relationship": "Outer", "Relation Name": "customer", "Alias": "customer", "Startup Cost": 0.0, "Total Cost": 52126.0, "Plan Rows": 1500000, "Plan Width": 153, "Actual Startup Time": 0.017, "Actual Total Time": 579.941, "Actual Rows": 1500000, "Actual Loops": 1}]}]}, {"Node Type": "Hash", "Parent Relationship": "Inner", "Startup Cost": 1.25, "Total Cost": 1.25, "Plan Rows": 25, "Plan Width": 30, "Actual Startup Time": 0.056, "Actual Total Time": 0.056, "Actual Rows": 25, "Actual Loops": 1, "Hash Buckets": 32768, "Hash Batches": 1, "Original Hash Batches": 1, "Peak Memory Usage": 2, "Plans": [{"Node Type": "Seq Scan", "Parent Relationship": "Outer", "Relation Name": "nation", "Alias": "nation", "Startup Cost": 0.0, "Total Cost": 1.25, "Plan Rows": 25, "Plan Width": 30, "Actual Startup Time": 0.025, "Actual Total Time": 0.033, "Actual Rows": 25, "Actual Loops": 1}]}]}]}]}]}, "Triggers": [], "Planner Runtime": 1, "Total Runtime": 36931.228, "Unique SQL Id": 1604070524}}, "(64, 107)": {"explain_plan": {"Plan": {"Node Type": "Limit", "Startup Cost": 4000427900430.88, "Total Cost": 4000427900430.93, "Plan Rows": 20, "Plan Width": 199, "Plans": [{"Node Type": "Sort", "Parent Relationship": "Outer", "Startup Cost": 4000427900430.88, "Total Cost": 4000427904045.63, "Plan Rows": 20, "Plan Width": 199, "Sort Key": ["(sum((lineitem.l_extendedprice * (1::double precision - lineitem.l_discount)))) DESC"], "Plans": [{"Node Type": "Aggregate", "Strategy": "Hashed", "Parent Relationship": "Outer", "Startup Cost": 4000427847497.08, "Total Cost": 4000427861956.06, "Plan Rows": 1445898, "Plan Width": 199, "Group By Key": ["customer.c_custkey", "customer.c_name", "customer.c_acctbal", "customer.c_phone", "nation.n_name", "customer.c_address", "customer.c_comment"], "Plans": [{"Node Type": "Hash Join", "Parent Relationship": "Outer", "Join Type": "Inner", "Startup Cost": 3010088709244.77, "Total Cost": 4000427811349.63, "Plan Rows": 1445898, "Plan Width": 191, "Inner Unique": true, "Hash Cond": "(customer.c_nationkey = nation.n_nationkey), (LLVM Optimized)", "Plans": [{"Node Type": "Hash Join", "Parent Relationship": "Outer", "Join Type": "Inner", "Startup Cost": 2010088707981.95, "Total Cost": 3000427790205.72, "Plan Rows": 1445898, "Plan Width": 169, "Inner Unique": false, "Hash Cond": "(lineitem.l_orderkey = orders.o_orderkey), (LLVM Optimized)", "Plans": [{"Node Type": "Index Scan", "Parent Relationship": "Outer", "Scan Direction": "Forward", "Index Name": "idx_lineitem_orderkey", "Relation Name": "lineitem", "Alias": "lineitem", "Startup Cost": 10000000000.0, "Total Cost": 1000339012132.75, "Plan Rows": 14835209, "Plan Width": 24, "Filter": "(l_returnflag = 'R'::bpchar), (LLVM Optimized)"}, {"Node Type": "Hash", "Parent Relationship": "Inner", "Startup Cost": 2000088700785.13, "Total Cost": 2000088700785.13, "Plan Rows": 575746, "Plan Width": 161, "Plans": [{"Node Type": "Hash Join", "Parent Relationship": "Outer", "Join Type": "Inner", "Startup Cost": 1010008095285.62, "Total Cost": 2000088700785.13, "Plan Rows": 575746, "Plan Width": 161, "Inner Unique": true, "Hash Cond": "(orders.o_custkey = customer.c_custkey), (LLVM Optimized)", "Plans": [{"Node Type": "Index Scan", "Parent Relationship": "Outer", "Scan Direction": "Forward", "Index Name": "orders_pkey", "Relation Name": "orders", "Alias": "orders", "Startup Cost": 10000000000.0, "Total Cost": 1000080597583.0, "Plan Rows": 575746, "Plan Width": 16, "Filter": "((o_orderdate >= '1993-08-01 00:00:00'::timestamp(0) without time zone) AND (o_orderdate < '1993-11-01 00:00:00'::timestamp without time zone)), (LLVM Optimized)"}, {"Node Type": "Hash", "Parent Relationship": "Inner", "Startup Cost": 1000008076535.62, "Total Cost": 1000008076535.62, "Plan Rows": 1500000, "Plan Width": 153, "Plans": [{"Node Type": "Index Scan", "Parent Relationship": "Outer", "Scan Direction": "Forward", "Index Name": "customer_pkey", "Relation Name": "customer", "Alias": "customer", "Startup Cost": 10000000000.0, "Total Cost": 1000008076535.62, "Plan Rows": 1500000, "Plan Width": 153}]}]}]}]}, {"Node Type": "Hash", "Parent Relationship": "Inner", "Startup Cost": 1000000001262.5, "Total Cost": 1000000001262.5, "Plan Rows": 25, "Plan Width": 30, "Plans": [{"Node Type": "Index Scan", "Parent Relationship": "Outer", "Scan Direction": "Forward", "Index Name": "nation_pkey", "Relation Name": "nation", "Alias": "nation", "Startup Cost": 10000000000.0, "Total Cost": 1000000001262.5, "Plan Rows": 25, "Plan Width": 30}]}]}]}]}]}, "Unique SQL Id": 1604070524, "Planner Runtime": 1}, "explain_analyze_plan": {"Plan": {"Node Type": "Limit", "Startup Cost": 4000427900430.88, "Total Cost": 4000427900430.93, "Plan Rows": 20, "Plan Width": 199, "Actual Startup Time": 60381.097, "Actual Total Time": 60381.105, "Actual Rows": 20, "Actual Loops": 1, "Plans": [{"Node Type": "Sort", "Parent Relationship": "Outer", "Startup Cost": 4000427900430.88, "Total Cost": 4000427904045.63, "Plan Rows": 20, "Plan Width": 199, "Actual Startup Time": 60381.094, "Actual Total Time": 60381.098, "Actual Rows": 20, "Actual Loops": 1, "Sort Key": ["(sum((lineitem.l_extendedprice * (1::double precision - lineitem.l_discount)))) DESC"], "Sort Method": "top-N heapsort", "Sort Space Used": 35, "Sort Space Type": "Memory", "Plans": [{"Node Type": "Aggregate", "Strategy": "Hashed", "Parent Relationship": "Outer", "Startup Cost": 4000427847497.08, "Total Cost": 4000427861956.06, "Plan Rows": 1445898, "Plan Width": 199, "Actual Startup Time": 60039.352, "Actual Total Time": 60246.817, "Actual Rows": 381542, "Actual Loops": 1, "Group By Key": ["customer.c_custkey", "customer.c_name", "customer.c_acctbal", "customer.c_phone", "nation.n_name", "customer.c_address", "customer.c_comment"], "Plans": [{"Node Type": "Hash Join", "Parent Relationship": "Outer", "Join Type": "Inner", "Startup Cost": 3010088709244.77, "Total Cost": 4000427811349.63, "Plan Rows": 1445898, "Plan Width": 191, "Actual Startup Time": 11754.115, "Actual Total Time": 58140.284, "Actual Rows": 1145969, "Actual Loops": 1, "Inner Unique": true, "Hash Cond": "(customer.c_nationkey = nation.n_nationkey), (LLVM Optimized, Jit Execute)", "Plans": [{"Node Type": "Hash Join", "Parent Relationship": "Outer", "Join Type": "Inner", "Startup Cost": 2010088707981.95, "Total Cost": 3000427790205.72, "Plan Rows": 1445898, "Plan Width": 169, "Actual Startup Time": 11753.999, "Actual Total Time": 57675.118, "Actual Rows": 1145969, "Actual Loops": 1, "Inner Unique": false, "Hash Cond": "(lineitem.l_orderkey = orders.o_orderkey), (LLVM Optimized, Jit Execute)", "Plans": [{"Node Type": "Index Scan", "Parent Relationship": "Outer", "Scan Direction": "Forward", "Index Name": "idx_lineitem_orderkey", "Relation Name": "lineitem", "Alias": "lineitem", "Startup Cost": 10000000000.0, "Total Cost": 1000339012132.75, "Plan Rows": 14835209, "Plan Width": 24, "Actual Startup Time": 0.037, "Actual Total Time": 41383.723, "Actual Rows": 14808183, "Actual Loops": 1, "Filter": "(l_returnflag = 'R'::bpchar), (LLVM Optimized, Jit Execute)", "Rows Removed by Filter": 45177869}, {"Node Type": "Hash", "Parent Relationship": "Inner", "Startup Cost": 2000088700785.13, "Total Cost": 2000088700785.13, "Plan Rows": 575746, "Plan Width": 161, "Actual Startup Time": 11746.406, "Actual Total Time": 11746.406, "Actual Rows": 573635, "Actual Loops": 1, "Hash Buckets": 1048576, "Hash Batches": 1, "Original Hash Batches": 1, "Peak Memory Usage": 113704, "Plans": [{"Node Type": "Hash Join", "Parent Relationship": "Outer", "Join Type": "Inner", "Startup Cost": 1010008095285.62, "Total Cost": 2000088700785.13, "Plan Rows": 575746, "Plan Width": 161, "Actual Startup Time": 1702.962, "Actual Total Time": 11413.265, "Actual Rows": 573635, "Actual Loops": 1, "Inner Unique": true, "Hash Cond": "(orders.o_custkey = customer.c_custkey), (LLVM Optimized, Jit Execute)", "Plans": [{"Node Type": "Index Scan", "Parent Relationship": "Outer", "Scan Direction": "Forward", "Index Name": "orders_pkey", "Relation Name": "orders", "Alias": "orders", "Startup Cost": 10000000000.0, "Total Cost": 1000080597583.0, "Plan Rows": 575746, "Plan Width": 16, "Actual Startup Time": 0.03, "Actual Total Time": 9131.489, "Actual Rows": 573635, "Actual Loops": 1, "Filter": "((o_orderdate >= '1993-08-01 00:00:00'::timestamp(0) without time zone) AND (o_orderdate < '1993-11-01 00:00:00'::timestamp without time zone)), (LLVM Optimized, Jit Execute)", "Rows Removed by Filter": 14426365}, {"Node Type": "Hash", "Parent Relationship": "Inner", "Startup Cost": 1000008076535.62, "Total Cost": 1000008076535.62, "Plan Rows": 1500000, "Plan Width": 153, "Actual Startup Time": 1701.676, "Actual Total Time": 1701.676, "Actual Rows": 1500000, "Actual Loops": 1, "Hash Buckets": 2097152, "Hash Batches": 1, "Original Hash Batches": 1, "Peak Memory Usage": 282695, "Plans": [{"Node Type": "Index Scan", "Parent Relationship": "Outer", "Scan Direction": "Forward", "Index Name": "customer_pkey", "Relation Name": "customer", "Alias": "customer", "Startup Cost": 10000000000.0, "Total Cost": 1000008076535.62, "Plan Rows": 1500000, "Plan Width": 153, "Actual Startup Time": 0.024, "Actual Total Time": 988.553, "Actual Rows": 1500000, "Actual Loops": 1}]}]}]}]}, {"Node Type": "Hash", "Parent Relationship": "Inner", "Startup Cost": 1000000001262.5, "Total Cost": 1000000001262.5, "Plan Rows": 25, "Plan Width": 30, "Actual Startup Time": 0.065, "Actual Total Time": 0.065, "Actual Rows": 25, "Actual Loops": 1, "Hash Buckets": 32768, "Hash Batches": 1, "Original Hash Batches": 1, "Peak Memory Usage": 2, "Plans": [{"Node Type": "Index Scan", "Parent Relationship": "Outer", "Scan Direction": "Forward", "Index Name": "nation_pkey", "Relation Name": "nation", "Alias": "nation", "Startup Cost": 10000000000.0, "Total Cost": 1000000001262.5, "Plan Rows": 25, "Plan Width": 30, "Actual Startup Time": 0.029, "Actual Total Time": 0.042, "Actual Rows": 25, "Actual Loops": 1}]}]}]}]}]}, "Triggers": [], "Planner Runtime": 1, "Total Runtime": 60391.842, "Unique SQL Id": 1604070524}}, "(64, 108)": {"explain_plan": {"Plan": {"Node Type": "Limit", "Startup Cost": 2943502.95, "Total Cost": 2943503.0, "Plan Rows": 20, "Plan Width": 199, "Plans": [{"Node Type": "Sort", "Parent Relationship": "Outer", "Startup Cost": 2943502.95, "Total Cost": 2947117.69, "Plan Rows": 20, "Plan Width": 199, "Sort Key": ["(sum((lineitem.l_extendedprice * (1::double precision - lineitem.l_discount)))) DESC"], "Plans": [{"Node Type": "Aggregate", "Strategy": "Hashed", "Parent Relationship": "Outer", "Startup Cost": 2890569.14, "Total Cost": 2905028.12, "Plan Rows": 1445898, "Plan Width": 199, "Group By Key": ["customer.c_custkey", "customer.c_name", "customer.c_acctbal", "customer.c_phone", "nation.n_name", "customer.c_address", "customer.c_comment"], "Plans": [{"Node Type": "Hash Join", "Parent Relationship": "Outer", "Join Type": "Inner", "Startup Cost": 579485.57, "Total Cost": 2854421.69, "Plan Rows": 1445898, "Plan Width": 191, "Inner Unique": true, "Hash Cond": "(customer.c_nationkey = nation.n_nationkey), (LLVM Optimized)", "Plans": [{"Node Type": "Hash Join", "Parent Relationship": "Outer", "Join Type": "Inner", "Startup Cost": 579484.01, "Total Cost": 2834539.03, "Plan Rows": 1445898, "Plan Width": 169, "Inner Unique": true, "Hash Cond": "(orders.o_custkey = customer.c_custkey), (LLVM Optimized)", "Plans": [{"Node Type": "Hash Join", "Parent Relationship": "Outer", "Join Type": "Inner", "Startup Cost": 508608.01, "Total Cost": 2743781.94, "Plan Rows": 1445898, "Plan Width": 24, "Inner Unique": true, "Hash Cond": "(lineitem.l_orderkey = orders.o_orderkey), (LLVM Optimized)", "Plans": [{"Node Type": "Seq Scan", "Parent Relationship": "Outer", "Relation Name": "lineitem", "Alias": "lineitem", "Startup Cost": 0.0, "Total Cost": 2165082.91, "Plan Rows": 14835209, "Plan Width": 24, "Filter": "(l_returnflag = 'R'::bpchar), (LLVM Optimized)"}, {"Node Type": "Hash", "Parent Relationship": "Inner", "Startup Cost": 501411.18, "Total Cost": 501411.18, "Plan Rows": 575746, "Plan Width": 16, "Plans": [{"Node Type": "Seq Scan", "Parent Relationship": "Outer", "Relation Name": "orders", "Alias": "orders", "Startup Cost": 578.97, "Total Cost": 501411.18, "Plan Rows": 575746, "Plan Width": 16, "Filter": "((o_orderdate >= '1993-08-01 00:00:00'::timestamp(0) without time zone) AND (o_orderdate < '1993-11-01 00:00:00'::timestamp without time zone)), (LLVM Optimized)"}]}]}, {"Node Type": "Hash", "Parent Relationship": "Inner", "Startup Cost": 52126.0, "Total Cost": 52126.0, "Plan Rows": 1500000, "Plan Width": 153, "Plans": [{"Node Type": "Seq Scan", "Parent Relationship": "Outer", "Relation Name": "customer", "Alias": "customer", "Startup Cost": 0.0, "Total Cost": 52126.0, "Plan Rows": 1500000, "Plan Width": 153}]}]}, {"Node Type": "Hash", "Parent Relationship": "Inner", "Startup Cost": 1.25, "Total Cost": 1.25, "Plan Rows": 25, "Plan Width": 30, "Plans": [{"Node Type": "Seq Scan", "Parent Relationship": "Outer", "Relation Name": "nation", "Alias": "nation", "Startup Cost": 0.0, "Total Cost": 1.25, "Plan Rows": 25, "Plan Width": 30}]}]}]}]}]}, "Unique SQL Id": 1604070524, "Planner Runtime": 1}, "explain_analyze_plan": {"Plan": {"Node Type": "Limit", "Startup Cost": 2943502.95, "Total Cost": 2943503.0, "Plan Rows": 20, "Plan Width": 199, "Actual Startup Time": 36920.501, "Actual Total Time": 36920.507, "Actual Rows": 20, "Actual Loops": 1, "Plans": [{"Node Type": "Sort", "Parent Relationship": "Outer", "Startup Cost": 2943502.95, "Total Cost": 2947117.69, "Plan Rows": 20, "Plan Width": 199, "Actual Startup Time": 36920.499, "Actual Total Time": 36920.503, "Actual Rows": 20, "Actual Loops": 1, "Sort Key": ["(sum((lineitem.l_extendedprice * (1::double precision - lineitem.l_discount)))) DESC"], "Sort Method": "top-N heapsort", "Sort Space Used": 35, "Sort Space Type": "Memory", "Plans": [{"Node Type": "Aggregate", "Strategy": "Hashed", "Parent Relationship": "Outer", "Startup Cost": 2890569.14, "Total Cost": 2905028.12, "Plan Rows": 1445898, "Plan Width": 199, "Actual Startup Time": 36545.483, "Actual Total Time": 36785.555, "Actual Rows": 381542, "Actual Loops": 1, "Group By Key": ["customer.c_custkey", "customer.c_name", "customer.c_acctbal", "customer.c_phone", "nation.n_name", "customer.c_address", "customer.c_comment"], "Plans": [{"Node Type": "Hash Join", "Parent Relationship": "Outer", "Join Type": "Inner", "Startup Cost": 579485.57, "Total Cost": 2854421.69, "Plan Rows": 1445898, "Plan Width": 191, "Actual Startup Time": 6881.164, "Actual Total Time": 34691.279, "Actual Rows": 1145969, "Actual Loops": 1, "Inner Unique": true, "Hash Cond": "(customer.c_nationkey = nation.n_nationkey), (LLVM Optimized, Jit Execute)", "Plans": [{"Node Type": "Hash Join", "Parent Relationship": "Outer", "Join Type": "Inner", "Startup Cost": 579484.01, "Total Cost": 2834539.03, "Plan Rows": 1445898, "Plan Width": 169, "Actual Startup Time": 6881.038, "Actual Total Time": 34222.051, "Actual Rows": 1145969, "Actual Loops": 1, "Inner Unique": true, "Hash Cond": "(orders.o_custkey = customer.c_custkey), (LLVM Optimized, Jit Execute)", "Plans": [{"Node Type": "Hash Join", "Parent Relationship": "Outer", "Join Type": "Inner", "Startup Cost": 508608.01, "Total Cost": 2743781.94, "Plan Rows": 1445898, "Plan Width": 24, "Actual Startup Time": 5638.194, "Actual Total Time": 32187.007, "Actual Rows": 1145969, "Actual Loops": 1, "Inner Unique": true, "Hash Cond": "(lineitem.l_orderkey = orders.o_orderkey), (LLVM Optimized, Jit Execute)", "Plans": [{"Node Type": "Seq Scan", "Parent Relationship": "Outer", "Relation Name": "lineitem", "Alias": "lineitem", "Startup Cost": 0.0, "Total Cost": 2165082.91, "Plan Rows": 14835209, "Plan Width": 24, "Actual Startup Time": 0.023, "Actual Total Time": 21948.455, "Actual Rows": 14808183, "Actual Loops": 1, "Filter": "(l_returnflag = 'R'::bpchar), (LLVM Optimized, Jit Execute)", "Rows Removed by Filter": 45177869}, {"Node Type": "Hash", "Parent Relationship": "Inner", "Startup Cost": 501411.18, "Total Cost": 501411.18, "Plan Rows": 575746, "Plan Width": 16, "Actual Startup Time": 5637.479, "Actual Total Time": 5637.479, "Actual Rows": 573635, "Actual Loops": 1, "Hash Buckets": 1048576, "Hash Batches": 1, "Original Hash Batches": 1, "Peak Memory Usage": 26890, "Plans": [{"Node Type": "Seq Scan", "Parent Relationship": "Outer", "Relation Name": "orders", "Alias": "orders", "Startup Cost": 578.97, "Total Cost": 501411.18, "Plan Rows": 575746, "Plan Width": 16, "Actual Startup Time": 0.025, "Actual Total Time": 5354.546, "Actual Rows": 573635, "Actual Loops": 1, "Filter": "((o_orderdate >= '1993-08-01 00:00:00'::timestamp(0) without time zone) AND (o_orderdate < '1993-11-01 00:00:00'::timestamp without time zone)), (LLVM Optimized, Jit Execute)", "Rows Removed by Filter": 14426365}]}]}, {"Node Type": "Hash", "Parent Relationship": "Inner", "Startup Cost": 52126.0, "Total Cost": 52126.0, "Plan Rows": 1500000, "Plan Width": 153, "Actual Startup Time": 1241.53, "Actual Total Time": 1241.53, "Actual Rows": 1500000, "Actual Loops": 1, "Hash Buckets": 2097152, "Hash Batches": 1, "Original Hash Batches": 1, "Peak Memory Usage": 282695, "Plans": [{"Node Type": "Seq Scan", "Parent Relationship": "Outer", "Relation Name": "customer", "Alias": "customer", "Startup Cost": 0.0, "Total Cost": 52126.0, "Plan Rows": 1500000, "Plan Width": 153, "Actual Startup Time": 0.017, "Actual Total Time": 579.941, "Actual Rows": 1500000, "Actual Loops": 1}]}]}, {"Node Type": "Hash", "Parent Relationship": "Inner", "Startup Cost": 1.25, "Total Cost": 1.25, "Plan Rows": 25, "Plan Width": 30, "Actual Startup Time": 0.056, "Actual Total Time": 0.056, "Actual Rows": 25, "Actual Loops": 1, "Hash Buckets": 32768, "Hash Batches": 1, "Original Hash Batches": 1, "Peak Memory Usage": 2, "Plans": [{"Node Type": "Seq Scan", "Parent Relationship": "Outer", "Relation Name": "nation", "Alias": "nation", "Startup Cost": 0.0, "Total Cost": 1.25, "Plan Rows": 25, "Plan Width": 30, "Actual Startup Time": 0.025, "Actual Total Time": 0.033, "Actual Rows": 25, "Actual Loops": 1}]}]}]}]}]}, "Triggers": [], "Planner Runtime": 1, "Total Runtime": 36931.228, "Unique SQL Id": 1604070524}}, "(64, 109)": {"explain_plan": {"Plan": {"Node Type": "Limit", "Startup Cost": 4127035.84, "Total Cost": 4127035.89, "Plan Rows": 20, "Plan Width": 199, "Plans": [{"Node Type": "Sort", "Parent Relationship": "Outer", "Startup Cost": 4127035.84, "Total Cost": 4130650.58, "Plan Rows": 20, "Plan Width": 199, "Sort Key": ["(sum((lineitem.l_extendedprice * (1::double precision - lineitem.l_discount)))) DESC"], "Plans": [{"Node Type": "Aggregate", "Strategy": "Hashed", "Parent Relationship": "Outer", "Startup Cost": 4074102.03, "Total Cost": 4088561.01, "Plan Rows": 1445898, "Plan Width": 199, "Group By Key": ["customer.c_custkey", "customer.c_name", "customer.c_acctbal", "customer.c_phone", "nation.n_name", "customer.c_address", "customer.c_comment"], "Plans": [{"Node Type": "Nested Loop", "Parent Relationship": "Outer", "Join Type": "Inner", "Startup Cost": 99528.29, "Total Cost": 4037954.58, "Plan Rows": 1445898, "Plan Width": 191, "Inner Unique": false, "Plans": [{"Node Type": "Hash Join", "Parent Relationship": "Outer", "Join Type": "Inner", "Startup Cost": 99528.29, "Total Cost": 921337.14, "Plan Rows": 575746, "Plan Width": 183, "Inner Unique": true, "Hash Cond": "(customer.c_nationkey = nation.n_nationkey), (LLVM Optimized)", "Plans": [{"Node Type": "Hash Join", "Parent Relationship": "Outer", "Join Type": "Inner", "Startup Cost": 99515.36, "Total Cost": 913407.69, "Plan Rows": 575746, "Plan Width": 161, "Inner Unique": true, "Hash Cond": "(orders.o_custkey = customer.c_custkey), (LLVM Optimized)", "Plans": [{"Node Type": "Index Scan", "Parent Relationship": "Outer", "Scan Direction": "Forward", "Index Name": "orders_pkey", "Relation Name": "orders", "Alias": "orders", "Startup Cost": 0.0, "Total Cost": 805975.83, "Plan Rows": 575746, "Plan Width": 16, "Filter": "((o_orderdate >= '1993-08-01 00:00:00'::timestamp(0) without time zone) AND (o_orderdate < '1993-11-01 00:00:00'::timestamp without time zone)), (LLVM Optimized)"}, {"Node Type": "Hash", "Parent Relationship": "Inner", "Startup Cost": 80765.36, "Total Cost": 80765.36, "Plan Rows": 1500000, "Plan Width": 153, "Plans": [{"Node Type": "Index Scan", "Parent Relationship": "Outer", "Scan Direction": "Forward", "Index Name": "customer_pkey", "Relation Name": "customer", "Alias": "customer", "Startup Cost": 0.0, "Total Cost": 80765.36, "Plan Rows": 1500000, "Plan Width": 153}]}]}, {"Node Type": "Hash", "Parent Relationship": "Inner", "Startup Cost": 12.62, "Total Cost": 12.62, "Plan Rows": 25, "Plan Width": 30, "Plans": [{"Node Type": "Index Scan", "Parent Relationship": "Outer", "Scan Direction": "Forward", "Index Name": "nation_pkey", "Relation Name": "nation", "Alias": "nation", "Startup Cost": 0.0, "Total Cost": 12.62, "Plan Rows": 25, "Plan Width": 30}]}]}, {"Node Type": "Index Scan", "Parent Relationship": "Inner", "Scan Direction": "Forward", "Index Name": "idx_lineitem_orderkey", "Relation Name": "lineitem", "Alias": "lineitem", "Startup Cost": 0.0, "Total Cost": 5.38, "Plan Rows": 3, "Plan Width": 24, "Index Cond": "(l_orderkey = orders.o_orderkey)", "Filter": "(l_returnflag = 'R'::bpchar)"}]}]}]}]}, "Unique SQL Id": 1604070524, "Planner Runtime": 1}, "explain_analyze_plan": {"Plan": {"Node Type": "Limit", "Startup Cost": 4127035.84, "Total Cost": 4127035.89, "Plan Rows": 20, "Plan Width": 199, "Actual Startup Time": 21134.985, "Actual Total Time": 21134.993, "Actual Rows": 20, "Actual Loops": 1, "Plans": [{"Node Type": "Sort", "Parent Relationship": "Outer", "Startup Cost": 4127035.84, "Total Cost": 4130650.58, "Plan Rows": 20, "Plan Width": 199, "Actual Startup Time": 21134.982, "Actual Total Time": 21134.985, "Actual Rows": 20, "Actual Loops": 1, "Sort Key": ["(sum((lineitem.l_extendedprice * (1::double precision - lineitem.l_discount)))) DESC"], "Sort Method": "top-N heapsort", "Sort Space Used": 35, "Sort Space Type": "Memory", "Plans": [{"Node Type": "Aggregate", "Strategy": "Hashed", "Parent Relationship": "Outer", "Startup Cost": 4074102.03, "Total Cost": 4088561.01, "Plan Rows": 1445898, "Plan Width": 199, "Actual Startup Time": 20745.969, "Actual Total Time": 20998.23, "Actual Rows": 381542, "Actual Loops": 1, "Group By Key": ["customer.c_custkey", "customer.c_name", "customer.c_acctbal", "customer.c_phone", "nation.n_name", "customer.c_address", "customer.c_comment"], "Plans": [{"Node Type": "Nested Loop", "Parent Relationship": "Outer", "Join Type": "Inner", "Startup Cost": 99528.29, "Total Cost": 4037954.58, "Plan Rows": 1445898, "Plan Width": 191, "Actual Startup Time": 1600.72, "Actual Total Time": 18843.051, "Actual Rows": 1145969, "Actual Loops": 1, "Inner Unique": false, "Plans": [{"Node Type": "Hash Join", "Parent Relationship": "Outer", "Join Type": "Inner", "Startup Cost": 99528.29, "Total Cost": 921337.14, "Plan Rows": 575746, "Plan Width": 183, "Actual Startup Time": 1600.653, "Actual Total Time": 13140.575, "Actual Rows": 573635, "Actual Loops": 1, "Inner Unique": true, "Hash Cond": "(customer.c_nationkey = nation.n_nationkey), (LLVM Optimized, Jit Execute)", "Plans": [{"Node Type": "Hash Join", "Parent Relationship": "Outer", "Join Type": "Inner", "Startup Cost": 99515.36, "Total Cost": 913407.69, "Plan Rows": 575746, "Plan Width": 161, "Actual Startup Time": 1600.552, "Actual Total Time": 12889.515, "Actual Rows": 573635, "Actual Loops": 1, "Inner Unique": true, "Hash Cond": "(orders.o_custkey = customer.c_custkey), (LLVM Optimized, Jit Execute)", "Plans": [{"Node Type": "Index Scan", "Parent Relationship": "Outer", "Scan Direction": "Forward", "Index Name": "orders_pkey", "Relation Name": "orders", "Alias": "orders", "Startup Cost": 0.0, "Total Cost": 805975.83, "Plan Rows": 575746, "Plan Width": 16, "Actual Startup Time": 0.033, "Actual Total Time": 10620.983, "Actual Rows": 573635, "Actual Loops": 1, "Filter": "((o_orderdate >= '1993-08-01 00:00:00'::timestamp(0) without time zone) AND (o_orderdate < '1993-11-01 00:00:00'::timestamp without time zone)), (LLVM Optimized, Jit Execute)", "Rows Removed by Filter": 14426365}, {"Node Type": "Hash", "Parent Relationship": "Inner", "Startup Cost": 80765.36, "Total Cost": 80765.36, "Plan Rows": 1500000, "Plan Width": 153, "Actual Startup Time": 1599.252, "Actual Total Time": 1599.252, "Actual Rows": 1500000, "Actual Loops": 1, "Hash Buckets": 2097152, "Hash Batches": 1, "Original Hash Batches": 1, "Peak Memory Usage": 282695, "Plans": [{"Node Type": "Index Scan", "Parent Relationship": "Outer", "Scan Direction": "Forward", "Index Name": "customer_pkey", "Relation Name": "customer", "Alias": "customer", "Startup Cost": 0.0, "Total Cost": 80765.36, "Plan Rows": 1500000, "Plan Width": 153, "Actual Startup Time": 0.023, "Actual Total Time": 944.077, "Actual Rows": 1500000, "Actual Loops": 1}]}]}, {"Node Type": "Hash", "Parent Relationship": "Inner", "Startup Cost": 12.62, "Total Cost": 12.62, "Plan Rows": 25, "Plan Width": 30, "Actual Startup Time": 0.055, "Actual Total Time": 0.055, "Actual Rows": 25, "Actual Loops": 1, "Hash Buckets": 32768, "Hash Batches": 1, "Original Hash Batches": 1, "Peak Memory Usage": 2, "Plans": [{"Node Type": "Index Scan", "Parent Relationship": "Outer", "Scan Direction": "Forward", "Index Name": "nation_pkey", "Relation Name": "nation", "Alias": "nation", "Startup Cost": 0.0, "Total Cost": 12.62, "Plan Rows": 25, "Plan Width": 30, "Actual Startup Time": 0.022, "Actual Total Time": 0.035, "Actual Rows": 25, "Actual Loops": 1}]}]}, {"Node Type": "Index Scan", "Parent Relationship": "Inner", "Scan Direction": "Forward", "Index Name": "idx_lineitem_orderkey", "Relation Name": "lineitem", "Alias": "lineitem", "Startup Cost": 0.0, "Total Cost": 5.38, "Plan Rows": 3, "Plan Width": 24, "Actual Startup Time": 3796.484, "Actual Total Time": 5067.305, "Actual Rows": 1145969, "Actual Loops": 573635, "Index Cond": "(l_orderkey = orders.o_orderkey)", "Rows Removed by Index Recheck": 0, "Filter": "(l_returnflag = 'R'::bpchar)", "Rows Removed by Filter": 1146896}]}]}]}]}, "Triggers": [], "Planner Runtime": 1, "Total Runtime": 21145.328, "Unique SQL Id": 1604070524}}, "(64, 110)": {"explain_plan": {"Plan": {"Node Type": "Limit", "Startup Cost": 2943502.95, "Total Cost": 2943503.0, "Plan Rows": 20, "Plan Width": 199, "Plans": [{"Node Type": "Sort", "Parent Relationship": "Outer", "Startup Cost": 2943502.95, "Total Cost": 2947117.69, "Plan Rows": 20, "Plan Width": 199, "Sort Key": ["(sum((lineitem.l_extendedprice * (1::double precision - lineitem.l_discount)))) DESC"], "Plans": [{"Node Type": "Aggregate", "Strategy": "Hashed", "Parent Relationship": "Outer", "Startup Cost": 2890569.14, "Total Cost": 2905028.12, "Plan Rows": 1445898, "Plan Width": 199, "Group By Key": ["customer.c_custkey", "customer.c_name", "customer.c_acctbal", "customer.c_phone", "nation.n_name", "customer.c_address", "customer.c_comment"], "Plans": [{"Node Type": "Hash Join", "Parent Relationship": "Outer", "Join Type": "Inner", "Startup Cost": 579485.57, "Total Cost": 2854421.69, "Plan Rows": 1445898, "Plan Width": 191, "Inner Unique": true, "Hash Cond": "(customer.c_nationkey = nation.n_nationkey), (LLVM Optimized)", "Plans": [{"Node Type": "Hash Join", "Parent Relationship": "Outer", "Join Type": "Inner", "Startup Cost": 579484.01, "Total Cost": 2834539.03, "Plan Rows": 1445898, "Plan Width": 169, "Inner Unique": true, "Hash Cond": "(orders.o_custkey = customer.c_custkey), (LLVM Optimized)", "Plans": [{"Node Type": "Hash Join", "Parent Relationship": "Outer", "Join Type": "Inner", "Startup Cost": 508608.01, "Total Cost": 2743781.94, "Plan Rows": 1445898, "Plan Width": 24, "Inner Unique": true, "Hash Cond": "(lineitem.l_orderkey = orders.o_orderkey), (LLVM Optimized)", "Plans": [{"Node Type": "Seq Scan", "Parent Relationship": "Outer", "Relation Name": "lineitem", "Alias": "lineitem", "Startup Cost": 0.0, "Total Cost": 2165082.91, "Plan Rows": 14835209, "Plan Width": 24, "Filter": "(l_returnflag = 'R'::bpchar), (LLVM Optimized)"}, {"Node Type": "Hash", "Parent Relationship": "Inner", "Startup Cost": 501411.18, "Total Cost": 501411.18, "Plan Rows": 575746, "Plan Width": 16, "Plans": [{"Node Type": "Seq Scan", "Parent Relationship": "Outer", "Relation Name": "orders", "Alias": "orders", "Startup Cost": 578.97, "Total Cost": 501411.18, "Plan Rows": 575746, "Plan Width": 16, "Filter": "((o_orderdate >= '1993-08-01 00:00:00'::timestamp(0) without time zone) AND (o_orderdate < '1993-11-01 00:00:00'::timestamp without time zone)), (LLVM Optimized)"}]}]}, {"Node Type": "Hash", "Parent Relationship": "Inner", "Startup Cost": 52126.0, "Total Cost": 52126.0, "Plan Rows": 1500000, "Plan Width": 153, "Plans": [{"Node Type": "Seq Scan", "Parent Relationship": "Outer", "Relation Name": "customer", "Alias": "customer", "Startup Cost": 0.0, "Total Cost": 52126.0, "Plan Rows": 1500000, "Plan Width": 153}]}]}, {"Node Type": "Hash", "Parent Relationship": "Inner", "Startup Cost": 1.25, "Total Cost": 1.25, "Plan Rows": 25, "Plan Width": 30, "Plans": [{"Node Type": "Seq Scan", "Parent Relationship": "Outer", "Relation Name": "nation", "Alias": "nation", "Startup Cost": 0.0, "Total Cost": 1.25, "Plan Rows": 25, "Plan Width": 30}]}]}]}]}]}, "Unique SQL Id": 1604070524, "Planner Runtime": 1}, "explain_analyze_plan": {"Plan": {"Node Type": "Limit", "Startup Cost": 2943502.95, "Total Cost": 2943503.0, "Plan Rows": 20, "Plan Width": 199, "Actual Startup Time": 36920.501, "Actual Total Time": 36920.507, "Actual Rows": 20, "Actual Loops": 1, "Plans": [{"Node Type": "Sort", "Parent Relationship": "Outer", "Startup Cost": 2943502.95, "Total Cost": 2947117.69, "Plan Rows": 20, "Plan Width": 199, "Actual Startup Time": 36920.499, "Actual Total Time": 36920.503, "Actual Rows": 20, "Actual Loops": 1, "Sort Key": ["(sum((lineitem.l_extendedprice * (1::double precision - lineitem.l_discount)))) DESC"], "Sort Method": "top-N heapsort", "Sort Space Used": 35, "Sort Space Type": "Memory", "Plans": [{"Node Type": "Aggregate", "Strategy": "Hashed", "Parent Relationship": "Outer", "Startup Cost": 2890569.14, "Total Cost": 2905028.12, "Plan Rows": 1445898, "Plan Width": 199, "Actual Startup Time": 36545.483, "Actual Total Time": 36785.555, "Actual Rows": 381542, "Actual Loops": 1, "Group By Key": ["customer.c_custkey", "customer.c_name", "customer.c_acctbal", "customer.c_phone", "nation.n_name", "customer.c_address", "customer.c_comment"], "Plans": [{"Node Type": "Hash Join", "Parent Relationship": "Outer", "Join Type": "Inner", "Startup Cost": 579485.57, "Total Cost": 2854421.69, "Plan Rows": 1445898, "Plan Width": 191, "Actual Startup Time": 6881.164, "Actual Total Time": 34691.279, "Actual Rows": 1145969, "Actual Loops": 1, "Inner Unique": true, "Hash Cond": "(customer.c_nationkey = nation.n_nationkey), (LLVM Optimized, Jit Execute)", "Plans": [{"Node Type": "Hash Join", "Parent Relationship": "Outer", "Join Type": "Inner", "Startup Cost": 579484.01, "Total Cost": 2834539.03, "Plan Rows": 1445898, "Plan Width": 169, "Actual Startup Time": 6881.038, "Actual Total Time": 34222.051, "Actual Rows": 1145969, "Actual Loops": 1, "Inner Unique": true, "Hash Cond": "(orders.o_custkey = customer.c_custkey), (LLVM Optimized, Jit Execute)", "Plans": [{"Node Type": "Hash Join", "Parent Relationship": "Outer", "Join Type": "Inner", "Startup Cost": 508608.01, "Total Cost": 2743781.94, "Plan Rows": 1445898, "Plan Width": 24, "Actual Startup Time": 5638.194, "Actual Total Time": 32187.007, "Actual Rows": 1145969, "Actual Loops": 1, "Inner Unique": true, "Hash Cond": "(lineitem.l_orderkey = orders.o_orderkey), (LLVM Optimized, Jit Execute)", "Plans": [{"Node Type": "Seq Scan", "Parent Relationship": "Outer", "Relation Name": "lineitem", "Alias": "lineitem", "Startup Cost": 0.0, "Total Cost": 2165082.91, "Plan Rows": 14835209, "Plan Width": 24, "Actual Startup Time": 0.023, "Actual Total Time": 21948.455, "Actual Rows": 14808183, "Actual Loops": 1, "Filter": "(l_returnflag = 'R'::bpchar), (LLVM Optimized, Jit Execute)", "Rows Removed by Filter": 45177869}, {"Node Type": "Hash", "Parent Relationship": "Inner", "Startup Cost": 501411.18, "Total Cost": 501411.18, "Plan Rows": 575746, "Plan Width": 16, "Actual Startup Time": 5637.479, "Actual Total Time": 5637.479, "Actual Rows": 573635, "Actual Loops": 1, "Hash Buckets": 1048576, "Hash Batches": 1, "Original Hash Batches": 1, "Peak Memory Usage": 26890, "Plans": [{"Node Type": "Seq Scan", "Parent Relationship": "Outer", "Relation Name": "orders", "Alias": "orders", "Startup Cost": 578.97, "Total Cost": 501411.18, "Plan Rows": 575746, "Plan Width": 16, "Actual Startup Time": 0.025, "Actual Total Time": 5354.546, "Actual Rows": 573635, "Actual Loops": 1, "Filter": "((o_orderdate >= '1993-08-01 00:00:00'::timestamp(0) without time zone) AND (o_orderdate < '1993-11-01 00:00:00'::timestamp without time zone)), (LLVM Optimized, Jit Execute)", "Rows Removed by Filter": 14426365}]}]}, {"Node Type": "Hash", "Parent Relationship": "Inner", "Startup Cost": 52126.0, "Total Cost": 52126.0, "Plan Rows": 1500000, "Plan Width": 153, "Actual Startup Time": 1241.53, "Actual Total Time": 1241.53, "Actual Rows": 1500000, "Actual Loops": 1, "Hash Buckets": 2097152, "Hash Batches": 1, "Original Hash Batches": 1, "Peak Memory Usage": 282695, "Plans": [{"Node Type": "Seq Scan", "Parent Relationship": "Outer", "Relation Name": "customer", "Alias": "customer", "Startup Cost": 0.0, "Total Cost": 52126.0, "Plan Rows": 1500000, "Plan Width": 153, "Actual Startup Time": 0.017, "Actual Total Time": 579.941, "Actual Rows": 1500000, "Actual Loops": 1}]}]}, {"Node Type": "Hash", "Parent Relationship": "Inner", "Startup Cost": 1.25, "Total Cost": 1.25, "Plan Rows": 25, "Plan Width": 30, "Actual Startup Time": 0.056, "Actual Total Time": 0.056, "Actual Rows": 25, "Actual Loops": 1, "Hash Buckets": 32768, "Hash Batches": 1, "Original Hash Batches": 1, "Peak Memory Usage": 2, "Plans": [{"Node Type": "Seq Scan", "Parent Relationship": "Outer", "Relation Name": "nation", "Alias": "nation", "Startup Cost": 0.0, "Total Cost": 1.25, "Plan Rows": 25, "Plan Width": 30, "Actual Startup Time": 0.025, "Actual Total Time": 0.033, "Actual Rows": 25, "Actual Loops": 1}]}]}]}]}]}, "Triggers": [], "Planner Runtime": 1, "Total Runtime": 36931.228, "Unique SQL Id": 1604070524}}, "(64, 111)": {"explain_plan": {"Plan": {"Node Type": "Limit", "Startup Cost": 4000427900430.88, "Total Cost": 4000427900430.93, "Plan Rows": 20, "Plan Width": 199, "Plans": [{"Node Type": "Sort", "Parent Relationship": "Outer", "Startup Cost": 4000427900430.88, "Total Cost": 4000427904045.63, "Plan Rows": 20, "Plan Width": 199, "Sort Key": ["(sum((lineitem.l_extendedprice * (1::double precision - lineitem.l_discount)))) DESC"], "Plans": [{"Node Type": "Aggregate", "Strategy": "Hashed", "Parent Relationship": "Outer", "Startup Cost": 4000427847497.08, "Total Cost": 4000427861956.06, "Plan Rows": 1445898, "Plan Width": 199, "Group By Key": ["customer.c_custkey", "customer.c_name", "customer.c_acctbal", "customer.c_phone", "nation.n_name", "customer.c_address", "customer.c_comment"], "Plans": [{"Node Type": "Hash Join", "Parent Relationship": "Outer", "Join Type": "Inner", "Startup Cost": 3010088709244.77, "Total Cost": 4000427811349.63, "Plan Rows": 1445898, "Plan Width": 191, "Inner Unique": true, "Hash Cond": "(customer.c_nationkey = nation.n_nationkey), (LLVM Optimized)", "Plans": [{"Node Type": "Hash Join", "Parent Relationship": "Outer", "Join Type": "Inner", "Startup Cost": 2010088707981.95, "Total Cost": 3000427790205.72, "Plan Rows": 1445898, "Plan Width": 169, "Inner Unique": false, "Hash Cond": "(lineitem.l_orderkey = orders.o_orderkey), (LLVM Optimized)", "Plans": [{"Node Type": "Index Scan", "Parent Relationship": "Outer", "Scan Direction": "Forward", "Index Name": "idx_lineitem_orderkey", "Relation Name": "lineitem", "Alias": "lineitem", "Startup Cost": 10000000000.0, "Total Cost": 1000339012132.75, "Plan Rows": 14835209, "Plan Width": 24, "Filter": "(l_returnflag = 'R'::bpchar), (LLVM Optimized)"}, {"Node Type": "Hash", "Parent Relationship": "Inner", "Startup Cost": 2000088700785.13, "Total Cost": 2000088700785.13, "Plan Rows": 575746, "Plan Width": 161, "Plans": [{"Node Type": "Hash Join", "Parent Relationship": "Outer", "Join Type": "Inner", "Startup Cost": 1010008095285.62, "Total Cost": 2000088700785.13, "Plan Rows": 575746, "Plan Width": 161, "Inner Unique": true, "Hash Cond": "(orders.o_custkey = customer.c_custkey), (LLVM Optimized)", "Plans": [{"Node Type": "Index Scan", "Parent Relationship": "Outer", "Scan Direction": "Forward", "Index Name": "orders_pkey", "Relation Name": "orders", "Alias": "orders", "Startup Cost": 10000000000.0, "Total Cost": 1000080597583.0, "Plan Rows": 575746, "Plan Width": 16, "Filter": "((o_orderdate >= '1993-08-01 00:00:00'::timestamp(0) without time zone) AND (o_orderdate < '1993-11-01 00:00:00'::timestamp without time zone)), (LLVM Optimized)"}, {"Node Type": "Hash", "Parent Relationship": "Inner", "Startup Cost": 1000008076535.62, "Total Cost": 1000008076535.62, "Plan Rows": 1500000, "Plan Width": 153, "Plans": [{"Node Type": "Index Scan", "Parent Relationship": "Outer", "Scan Direction": "Forward", "Index Name": "customer_pkey", "Relation Name": "customer", "Alias": "customer", "Startup Cost": 10000000000.0, "Total Cost": 1000008076535.62, "Plan Rows": 1500000, "Plan Width": 153}]}]}]}]}, {"Node Type": "Hash", "Parent Relationship": "Inner", "Startup Cost": 1000000001262.5, "Total Cost": 1000000001262.5, "Plan Rows": 25, "Plan Width": 30, "Plans": [{"Node Type": "Index Scan", "Parent Relationship": "Outer", "Scan Direction": "Forward", "Index Name": "nation_pkey", "Relation Name": "nation", "Alias": "nation", "Startup Cost": 10000000000.0, "Total Cost": 1000000001262.5, "Plan Rows": 25, "Plan Width": 30}]}]}]}]}]}, "Unique SQL Id": 1604070524, "Planner Runtime": 1}, "explain_analyze_plan": {"Plan": {"Node Type": "Limit", "Startup Cost": 4000427900430.88, "Total Cost": 4000427900430.93, "Plan Rows": 20, "Plan Width": 199, "Actual Startup Time": 60381.097, "Actual Total Time": 60381.105, "Actual Rows": 20, "Actual Loops": 1, "Plans": [{"Node Type": "Sort", "Parent Relationship": "Outer", "Startup Cost": 4000427900430.88, "Total Cost": 4000427904045.63, "Plan Rows": 20, "Plan Width": 199, "Actual Startup Time": 60381.094, "Actual Total Time": 60381.098, "Actual Rows": 20, "Actual Loops": 1, "Sort Key": ["(sum((lineitem.l_extendedprice * (1::double precision - lineitem.l_discount)))) DESC"], "Sort Method": "top-N heapsort", "Sort Space Used": 35, "Sort Space Type": "Memory", "Plans": [{"Node Type": "Aggregate", "Strategy": "Hashed", "Parent Relationship": "Outer", "Startup Cost": 4000427847497.08, "Total Cost": 4000427861956.06, "Plan Rows": 1445898, "Plan Width": 199, "Actual Startup Time": 60039.352, "Actual Total Time": 60246.817, "Actual Rows": 381542, "Actual Loops": 1, "Group By Key": ["customer.c_custkey", "customer.c_name", "customer.c_acctbal", "customer.c_phone", "nation.n_name", "customer.c_address", "customer.c_comment"], "Plans": [{"Node Type": "Hash Join", "Parent Relationship": "Outer", "Join Type": "Inner", "Startup Cost": 3010088709244.77, "Total Cost": 4000427811349.63, "Plan Rows": 1445898, "Plan Width": 191, "Actual Startup Time": 11754.115, "Actual Total Time": 58140.284, "Actual Rows": 1145969, "Actual Loops": 1, "Inner Unique": true, "Hash Cond": "(customer.c_nationkey = nation.n_nationkey), (LLVM Optimized, Jit Execute)", "Plans": [{"Node Type": "Hash Join", "Parent Relationship": "Outer", "Join Type": "Inner", "Startup Cost": 2010088707981.95, "Total Cost": 3000427790205.72, "Plan Rows": 1445898, "Plan Width": 169, "Actual Startup Time": 11753.999, "Actual Total Time": 57675.118, "Actual Rows": 1145969, "Actual Loops": 1, "Inner Unique": false, "Hash Cond": "(lineitem.l_orderkey = orders.o_orderkey), (LLVM Optimized, Jit Execute)", "Plans": [{"Node Type": "Index Scan", "Parent Relationship": "Outer", "Scan Direction": "Forward", "Index Name": "idx_lineitem_orderkey", "Relation Name": "lineitem", "Alias": "lineitem", "Startup Cost": 10000000000.0, "Total Cost": 1000339012132.75, "Plan Rows": 14835209, "Plan Width": 24, "Actual Startup Time": 0.037, "Actual Total Time": 41383.723, "Actual Rows": 14808183, "Actual Loops": 1, "Filter": "(l_returnflag = 'R'::bpchar), (LLVM Optimized, Jit Execute)", "Rows Removed by Filter": 45177869}, {"Node Type": "Hash", "Parent Relationship": "Inner", "Startup Cost": 2000088700785.13, "Total Cost": 2000088700785.13, "Plan Rows": 575746, "Plan Width": 161, "Actual Startup Time": 11746.406, "Actual Total Time": 11746.406, "Actual Rows": 573635, "Actual Loops": 1, "Hash Buckets": 1048576, "Hash Batches": 1, "Original Hash Batches": 1, "Peak Memory Usage": 113704, "Plans": [{"Node Type": "Hash Join", "Parent Relationship": "Outer", "Join Type": "Inner", "Startup Cost": 1010008095285.62, "Total Cost": 2000088700785.13, "Plan Rows": 575746, "Plan Width": 161, "Actual Startup Time": 1702.962, "Actual Total Time": 11413.265, "Actual Rows": 573635, "Actual Loops": 1, "Inner Unique": true, "Hash Cond": "(orders.o_custkey = customer.c_custkey), (LLVM Optimized, Jit Execute)", "Plans": [{"Node Type": "Index Scan", "Parent Relationship": "Outer", "Scan Direction": "Forward", "Index Name": "orders_pkey", "Relation Name": "orders", "Alias": "orders", "Startup Cost": 10000000000.0, "Total Cost": 1000080597583.0, "Plan Rows": 575746, "Plan Width": 16, "Actual Startup Time": 0.03, "Actual Total Time": 9131.489, "Actual Rows": 573635, "Actual Loops": 1, "Filter": "((o_orderdate >= '1993-08-01 00:00:00'::timestamp(0) without time zone) AND (o_orderdate < '1993-11-01 00:00:00'::timestamp without time zone)), (LLVM Optimized, Jit Execute)", "Rows Removed by Filter": 14426365}, {"Node Type": "Hash", "Parent Relationship": "Inner", "Startup Cost": 1000008076535.62, "Total Cost": 1000008076535.62, "Plan Rows": 1500000, "Plan Width": 153, "Actual Startup Time": 1701.676, "Actual Total Time": 1701.676, "Actual Rows": 1500000, "Actual Loops": 1, "Hash Buckets": 2097152, "Hash Batches": 1, "Original Hash Batches": 1, "Peak Memory Usage": 282695, "Plans": [{"Node Type": "Index Scan", "Parent Relationship": "Outer", "Scan Direction": "Forward", "Index Name": "customer_pkey", "Relation Name": "customer", "Alias": "customer", "Startup Cost": 10000000000.0, "Total Cost": 1000008076535.62, "Plan Rows": 1500000, "Plan Width": 153, "Actual Startup Time": 0.024, "Actual Total Time": 988.553, "Actual Rows": 1500000, "Actual Loops": 1}]}]}]}]}, {"Node Type": "Hash", "Parent Relationship": "Inner", "Startup Cost": 1000000001262.5, "Total Cost": 1000000001262.5, "Plan Rows": 25, "Plan Width": 30, "Actual Startup Time": 0.065, "Actual Total Time": 0.065, "Actual Rows": 25, "Actual Loops": 1, "Hash Buckets": 32768, "Hash Batches": 1, "Original Hash Batches": 1, "Peak Memory Usage": 2, "Plans": [{"Node Type": "Index Scan", "Parent Relationship": "Outer", "Scan Direction": "Forward", "Index Name": "nation_pkey", "Relation Name": "nation", "Alias": "nation", "Startup Cost": 10000000000.0, "Total Cost": 1000000001262.5, "Plan Rows": 25, "Plan Width": 30, "Actual Startup Time": 0.029, "Actual Total Time": 0.042, "Actual Rows": 25, "Actual Loops": 1}]}]}]}]}]}, "Triggers": [], "Planner Runtime": 1, "Total Runtime": 60391.842, "Unique SQL Id": 1604070524}}, "(64, 112)": {"explain_plan": {"Plan": {"Node Type": "Limit", "Startup Cost": 3997545.9, "Total Cost": 3997545.95, "Plan Rows": 20, "Plan Width": 199, "Plans": [{"Node Type": "Sort", "Parent Relationship": "Outer", "Startup Cost": 3997545.9, "Total Cost": 4001160.65, "Plan Rows": 20, "Plan Width": 199, "Sort Key": ["(sum((lineitem.l_extendedprice * (1::double precision - lineitem.l_discount)))) DESC"], "Plans": [{"Node Type": "Aggregate", "Strategy": "Hashed", "Parent Relationship": "Outer", "Startup Cost": 3944612.1, "Total Cost": 3959071.08, "Plan Rows": 1445898, "Plan Width": 199, "Group By Key": ["customer.c_custkey", "customer.c_name", "customer.c_acctbal", "customer.c_phone", "nation.n_name", "customer.c_address", "customer.c_comment"], "Plans": [{"Node Type": "Nested Loop", "Parent Relationship": "Outer", "Join Type": "Inner", "Startup Cost": 14729.65, "Total Cost": 3908464.65, "Plan Rows": 1445898, "Plan Width": 191, "Inner Unique": false, "Plans": [{"Node Type": "Nested Loop", "Parent Relationship": "Outer", "Join Type": "Inner", "Startup Cost": 14729.65, "Total Cost": 791847.2, "Plan Rows": 575746, "Plan Width": 183, "Inner Unique": true, "Plans": [{"Node Type": "Nested Loop", "Parent Relationship": "Outer", "Join Type": "Inner", "Startup Cost": 14729.65, "Total Cost": 630633.72, "Plan Rows": 575746, "Plan Width": 161, "Inner Unique": true, "Plans": [{"Node Type": "Bitmap Heap Scan", "Parent Relationship": "Outer", "Relation Name": "orders", "Alias": "orders", "Startup Cost": 14729.65, "Total Cost": 299784.84, "Plan Rows": 575746, "Plan Width": 16, "Recheck Cond": "((o_orderdate >= '1993-08-01 00:00:00'::timestamp(0) without time zone) AND (o_orderdate < '1993-11-01 00:00:00'::timestamp without time zone)), (LLVM Optimized)", "Plans": [{"Node Type": "Bitmap Index Scan", "Parent Relationship": "Outer", "Index Name": "idx_orders_orderdate", "Startup Cost": 0.0, "Total Cost": 14585.71, "Plan Rows": 575746, "Plan Width": 0, "Index Cond": "((o_orderdate >= '1993-08-01 00:00:00'::timestamp(0) without time zone) AND (o_orderdate < '1993-11-01 00:00:00'::timestamp without time zone))"}]}, {"Node Type": "Index Scan", "Parent Relationship": "Inner", "Scan Direction": "Forward", "Index Name": "customer_pkey", "Relation Name": "customer", "Alias": "customer", "Startup Cost": 0.0, "Total Cost": 0.56, "Plan Rows": 1, "Plan Width": 153, "Index Cond": "(c_custkey = orders.o_custkey)"}]}, {"Node Type": "Index Scan", "Parent Relationship": "Inner", "Scan Direction": "Forward", "Index Name": "nation_pkey", "Relation Name": "nation", "Alias": "nation", "Startup Cost": 0.0, "Total Cost": 0.27, "Plan Rows": 1, "Plan Width": 30, "Index Cond": "(n_nationkey = customer.c_nationkey)"}]}, {"Node Type": "Index Scan", "Parent Relationship": "Inner", "Scan Direction": "Forward", "Index Name": "idx_lineitem_orderkey", "Relation Name": "lineitem", "Alias": "lineitem", "Startup Cost": 0.0, "Total Cost": 5.38, "Plan Rows": 3, "Plan Width": 24, "Index Cond": "(l_orderkey = orders.o_orderkey)", "Filter": "(l_returnflag = 'R'::bpchar)"}]}]}]}]}, "Unique SQL Id": 1604070524, "Planner Runtime": 1}, "explain_analyze_plan": {"Plan": {"Node Type": "Limit", "Startup Cost": 3997545.9, "Total Cost": 3997545.95, "Plan Rows": 20, "Plan Width": 199, "Actual Startup Time": 13809.837, "Actual Total Time": 13809.846, "Actual Rows": 20, "Actual Loops": 1, "Plans": [{"Node Type": "Sort", "Parent Relationship": "Outer", "Startup Cost": 3997545.9, "Total Cost": 4001160.65, "Plan Rows": 20, "Plan Width": 199, "Actual Startup Time": 13809.833, "Actual Total Time": 13809.838, "Actual Rows": 20, "Actual Loops": 1, "Sort Key": ["(sum((lineitem.l_extendedprice * (1::double precision - lineitem.l_discount)))) DESC"], "Sort Method": "top-N heapsort", "Sort Space Used": 35, "Sort Space Type": "Memory", "Plans": [{"Node Type": "Aggregate", "Strategy": "Hashed", "Parent Relationship": "Outer", "Startup Cost": 3944612.1, "Total Cost": 3959071.08, "Plan Rows": 1445898, "Plan Width": 199, "Actual Startup Time": 13406.7, "Actual Total Time": 13674.418, "Actual Rows": 381542, "Actual Loops": 1, "Group By Key": ["customer.c_custkey", "customer.c_name", "customer.c_acctbal", "customer.c_phone", "nation.n_name", "customer.c_address", "customer.c_comment"], "Plans": [{"Node Type": "Nested Loop", "Parent Relationship": "Outer", "Join Type": "Inner", "Startup Cost": 14729.65, "Total Cost": 3908464.65, "Plan Rows": 1445898, "Plan Width": 191, "Actual Startup Time": 243.034, "Actual Total Time": 11541.362, "Actual Rows": 1145969, "Actual Loops": 1, "Inner Unique": false, "Plans": [{"Node Type": "Nested Loop", "Parent Relationship": "Outer", "Join Type": "Inner", "Startup Cost": 14729.65, "Total Cost": 791847.2, "Plan Rows": 575746, "Plan Width": 183, "Actual Startup Time": 242.99, "Actual Total Time": 5969.253, "Actual Rows": 573635, "Actual Loops": 1, "Inner Unique": true, "Plans": [{"Node Type": "Nested Loop", "Parent Relationship": "Outer", "Join Type": "Inner", "Startup Cost": 14729.65, "Total Cost": 630633.72, "Plan Rows": 575746, "Plan Width": 161, "Actual Startup Time": 242.98, "Actual Total Time": 4717.559, "Actual Rows": 573635, "Actual Loops": 1, "Inner Unique": true, "Plans": [{"Node Type": "Bitmap Heap Scan", "Parent Relationship": "Outer", "Relation Name": "orders", "Alias": "orders", "Startup Cost": 14729.65, "Total Cost": 299784.84, "Plan Rows": 575746, "Plan Width": 16, "Actual Startup Time": 242.927, "Actual Total Time": 1010.773, "Actual Rows": 573635, "Actual Loops": 1, "Recheck Cond": "((o_orderdate >= '1993-08-01 00:00:00'::timestamp(0) without time zone) AND (o_orderdate < '1993-11-01 00:00:00'::timestamp without time zone)), (LLVM Optimized, Jit Execute)", "Rows Removed by Index Recheck": 0, "Exact Heap Blocks": 242860, "Lossy Heap Blocks": 242860, "Plans": [{"Node Type": "Bitmap Index Scan", "Parent Relationship": "Outer", "Index Name": "idx_orders_orderdate", "Startup Cost": 0.0, "Total Cost": 14585.71, "Plan Rows": 575746, "Plan Width": 0, "Actual Startup Time": 168.567, "Actual Total Time": 168.567, "Actual Rows": 573635, "Actual Loops": 1, "Index Cond": "((o_orderdate >= '1993-08-01 00:00:00'::timestamp(0) without time zone) AND (o_orderdate < '1993-11-01 00:00:00'::timestamp without time zone))"}]}, {"Node Type": "Index Scan", "Parent Relationship": "Inner", "Scan Direction": "Forward", "Index Name": "customer_pkey", "Relation Name": "customer", "Alias": "customer", "Startup Cost": 0.0, "Total Cost": 0.56, "Plan Rows": 1, "Plan Width": 153, "Actual Startup Time": 3201.546, "Actual Total Time": 3201.546, "Actual Rows": 573635, "Actual Loops": 573635, "Index Cond": "(c_custkey = orders.o_custkey)", "Rows Removed by Index Recheck": 0}]}, {"Node Type": "Index Scan", "Parent Relationship": "Inner", "Scan Direction": "Forward", "Index Name": "nation_pkey", "Relation Name": "nation", "Alias": "nation", "Startup Cost": 0.0, "Total Cost": 0.27, "Plan Rows": 1, "Plan Width": 30, "Actual Startup Time": 800.405, "Actual Total Time": 800.405, "Actual Rows": 573635, "Actual Loops": 573635, "Index Cond": "(n_nationkey = customer.c_nationkey)", "Rows Removed by Index Recheck": 0}]}, {"Node Type": "Index Scan", "Parent Relationship": "Inner", "Scan Direction": "Forward", "Index Name": "idx_lineitem_orderkey", "Relation Name": "lineitem", "Alias": "lineitem", "Startup Cost": 0.0, "Total Cost": 5.38, "Plan Rows": 3, "Plan Width": 24, "Actual Startup Time": 3687.353, "Actual Total Time": 4987.373, "Actual Rows": 1145969, "Actual Loops": 573635, "Index Cond": "(l_orderkey = orders.o_orderkey)", "Rows Removed by Index Recheck": 0, "Filter": "(l_returnflag = 'R'::bpchar)", "Rows Removed by Filter": 1146896}]}]}]}]}, "Triggers": [], "Planner Runtime": 0, "Total Runtime": 13819.996, "Unique SQL Id": 1604070524}}, "(64, 113)": {"explain_plan": {"Plan": {"Node Type": "Limit", "Startup Cost": 3997545.9, "Total Cost": 3997545.95, "Plan Rows": 20, "Plan Width": 199, "Plans": [{"Node Type": "Sort", "Parent Relationship": "Outer", "Startup Cost": 3997545.9, "Total Cost": 4001160.65, "Plan Rows": 20, "Plan Width": 199, "Sort Key": ["(sum((lineitem.l_extendedprice * (1::double precision - lineitem.l_discount)))) DESC"], "Plans": [{"Node Type": "Aggregate", "Strategy": "Hashed", "Parent Relationship": "Outer", "Startup Cost": 3944612.1, "Total Cost": 3959071.08, "Plan Rows": 1445898, "Plan Width": 199, "Group By Key": ["customer.c_custkey", "customer.c_name", "customer.c_acctbal", "customer.c_phone", "nation.n_name", "customer.c_address", "customer.c_comment"], "Plans": [{"Node Type": "Nested Loop", "Parent Relationship": "Outer", "Join Type": "Inner", "Startup Cost": 14729.65, "Total Cost": 3908464.65, "Plan Rows": 1445898, "Plan Width": 191, "Inner Unique": false, "Plans": [{"Node Type": "Nested Loop", "Parent Relationship": "Outer", "Join Type": "Inner", "Startup Cost": 14729.65, "Total Cost": 791847.2, "Plan Rows": 575746, "Plan Width": 183, "Inner Unique": true, "Plans": [{"Node Type": "Nested Loop", "Parent Relationship": "Outer", "Join Type": "Inner", "Startup Cost": 14729.65, "Total Cost": 630633.72, "Plan Rows": 575746, "Plan Width": 161, "Inner Unique": true, "Plans": [{"Node Type": "Bitmap Heap Scan", "Parent Relationship": "Outer", "Relation Name": "orders", "Alias": "orders", "Startup Cost": 14729.65, "Total Cost": 299784.84, "Plan Rows": 575746, "Plan Width": 16, "Recheck Cond": "((o_orderdate >= '1993-08-01 00:00:00'::timestamp(0) without time zone) AND (o_orderdate < '1993-11-01 00:00:00'::timestamp without time zone)), (LLVM Optimized)", "Plans": [{"Node Type": "Bitmap Index Scan", "Parent Relationship": "Outer", "Index Name": "idx_orders_orderdate", "Startup Cost": 0.0, "Total Cost": 14585.71, "Plan Rows": 575746, "Plan Width": 0, "Index Cond": "((o_orderdate >= '1993-08-01 00:00:00'::timestamp(0) without time zone) AND (o_orderdate < '1993-11-01 00:00:00'::timestamp without time zone))"}]}, {"Node Type": "Index Scan", "Parent Relationship": "Inner", "Scan Direction": "Forward", "Index Name": "customer_pkey", "Relation Name": "customer", "Alias": "customer", "Startup Cost": 0.0, "Total Cost": 0.56, "Plan Rows": 1, "Plan Width": 153, "Index Cond": "(c_custkey = orders.o_custkey)"}]}, {"Node Type": "Index Scan", "Parent Relationship": "Inner", "Scan Direction": "Forward", "Index Name": "nation_pkey", "Relation Name": "nation", "Alias": "nation", "Startup Cost": 0.0, "Total Cost": 0.27, "Plan Rows": 1, "Plan Width": 30, "Index Cond": "(n_nationkey = customer.c_nationkey)"}]}, {"Node Type": "Index Scan", "Parent Relationship": "Inner", "Scan Direction": "Forward", "Index Name": "idx_lineitem_orderkey", "Relation Name": "lineitem", "Alias": "lineitem", "Startup Cost": 0.0, "Total Cost": 5.38, "Plan Rows": 3, "Plan Width": 24, "Index Cond": "(l_orderkey = orders.o_orderkey)", "Filter": "(l_returnflag = 'R'::bpchar)"}]}]}]}]}, "Unique SQL Id": 1604070524, "Planner Runtime": 1}, "explain_analyze_plan": {"Plan": {"Node Type": "Limit", "Startup Cost": 3997545.9, "Total Cost": 3997545.95, "Plan Rows": 20, "Plan Width": 199, "Actual Startup Time": 13809.837, "Actual Total Time": 13809.846, "Actual Rows": 20, "Actual Loops": 1, "Plans": [{"Node Type": "Sort", "Parent Relationship": "Outer", "Startup Cost": 3997545.9, "Total Cost": 4001160.65, "Plan Rows": 20, "Plan Width": 199, "Actual Startup Time": 13809.833, "Actual Total Time": 13809.838, "Actual Rows": 20, "Actual Loops": 1, "Sort Key": ["(sum((lineitem.l_extendedprice * (1::double precision - lineitem.l_discount)))) DESC"], "Sort Method": "top-N heapsort", "Sort Space Used": 35, "Sort Space Type": "Memory", "Plans": [{"Node Type": "Aggregate", "Strategy": "Hashed", "Parent Relationship": "Outer", "Startup Cost": 3944612.1, "Total Cost": 3959071.08, "Plan Rows": 1445898, "Plan Width": 199, "Actual Startup Time": 13406.7, "Actual Total Time": 13674.418, "Actual Rows": 381542, "Actual Loops": 1, "Group By Key": ["customer.c_custkey", "customer.c_name", "customer.c_acctbal", "customer.c_phone", "nation.n_name", "customer.c_address", "customer.c_comment"], "Plans": [{"Node Type": "Nested Loop", "Parent Relationship": "Outer", "Join Type": "Inner", "Startup Cost": 14729.65, "Total Cost": 3908464.65, "Plan Rows": 1445898, "Plan Width": 191, "Actual Startup Time": 243.034, "Actual Total Time": 11541.362, "Actual Rows": 1145969, "Actual Loops": 1, "Inner Unique": false, "Plans": [{"Node Type": "Nested Loop", "Parent Relationship": "Outer", "Join Type": "Inner", "Startup Cost": 14729.65, "Total Cost": 791847.2, "Plan Rows": 575746, "Plan Width": 183, "Actual Startup Time": 242.99, "Actual Total Time": 5969.253, "Actual Rows": 573635, "Actual Loops": 1, "Inner Unique": true, "Plans": [{"Node Type": "Nested Loop", "Parent Relationship": "Outer", "Join Type": "Inner", "Startup Cost": 14729.65, "Total Cost": 630633.72, "Plan Rows": 575746, "Plan Width": 161, "Actual Startup Time": 242.98, "Actual Total Time": 4717.559, "Actual Rows": 573635, "Actual Loops": 1, "Inner Unique": true, "Plans": [{"Node Type": "Bitmap Heap Scan", "Parent Relationship": "Outer", "Relation Name": "orders", "Alias": "orders", "Startup Cost": 14729.65, "Total Cost": 299784.84, "Plan Rows": 575746, "Plan Width": 16, "Actual Startup Time": 242.927, "Actual Total Time": 1010.773, "Actual Rows": 573635, "Actual Loops": 1, "Recheck Cond": "((o_orderdate >= '1993-08-01 00:00:00'::timestamp(0) without time zone) AND (o_orderdate < '1993-11-01 00:00:00'::timestamp without time zone)), (LLVM Optimized, Jit Execute)", "Rows Removed by Index Recheck": 0, "Exact Heap Blocks": 242860, "Lossy Heap Blocks": 242860, "Plans": [{"Node Type": "Bitmap Index Scan", "Parent Relationship": "Outer", "Index Name": "idx_orders_orderdate", "Startup Cost": 0.0, "Total Cost": 14585.71, "Plan Rows": 575746, "Plan Width": 0, "Actual Startup Time": 168.567, "Actual Total Time": 168.567, "Actual Rows": 573635, "Actual Loops": 1, "Index Cond": "((o_orderdate >= '1993-08-01 00:00:00'::timestamp(0) without time zone) AND (o_orderdate < '1993-11-01 00:00:00'::timestamp without time zone))"}]}, {"Node Type": "Index Scan", "Parent Relationship": "Inner", "Scan Direction": "Forward", "Index Name": "customer_pkey", "Relation Name": "customer", "Alias": "customer", "Startup Cost": 0.0, "Total Cost": 0.56, "Plan Rows": 1, "Plan Width": 153, "Actual Startup Time": 3201.546, "Actual Total Time": 3201.546, "Actual Rows": 573635, "Actual Loops": 573635, "Index Cond": "(c_custkey = orders.o_custkey)", "Rows Removed by Index Recheck": 0}]}, {"Node Type": "Index Scan", "Parent Relationship": "Inner", "Scan Direction": "Forward", "Index Name": "nation_pkey", "Relation Name": "nation", "Alias": "nation", "Startup Cost": 0.0, "Total Cost": 0.27, "Plan Rows": 1, "Plan Width": 30, "Actual Startup Time": 800.405, "Actual Total Time": 800.405, "Actual Rows": 573635, "Actual Loops": 573635, "Index Cond": "(n_nationkey = customer.c_nationkey)", "Rows Removed by Index Recheck": 0}]}, {"Node Type": "Index Scan", "Parent Relationship": "Inner", "Scan Direction": "Forward", "Index Name": "idx_lineitem_orderkey", "Relation Name": "lineitem", "Alias": "lineitem", "Startup Cost": 0.0, "Total Cost": 5.38, "Plan Rows": 3, "Plan Width": 24, "Actual Startup Time": 3687.353, "Actual Total Time": 4987.373, "Actual Rows": 1145969, "Actual Loops": 573635, "Index Cond": "(l_orderkey = orders.o_orderkey)", "Rows Removed by Index Recheck": 0, "Filter": "(l_returnflag = 'R'::bpchar)", "Rows Removed by Filter": 1146896}]}]}]}]}, "Triggers": [], "Planner Runtime": 0, "Total Runtime": 13819.996, "Unique SQL Id": 1604070524}}, "(64, 114)": {"explain_plan": {"Plan": {"Node Type": "Limit", "Startup Cost": 11194981.94, "Total Cost": 11194981.99, "Plan Rows": 20, "Plan Width": 199, "Plans": [{"Node Type": "Sort", "Parent Relationship": "Outer", "Startup Cost": 11194981.94, "Total Cost": 11198596.68, "Plan Rows": 20, "Plan Width": 199, "Sort Key": ["(sum((lineitem.l_extendedprice * (1::double precision - lineitem.l_discount)))) DESC"], "Plans": [{"Node Type": "Aggregate", "Strategy": "Hashed", "Parent Relationship": "Outer", "Startup Cost": 11142048.13, "Total Cost": 11156507.11, "Plan Rows": 1445898, "Plan Width": 199, "Group By Key": ["customer.c_custkey", "customer.c_name", "customer.c_acctbal", "customer.c_phone", "nation.n_name", "customer.c_address", "customer.c_comment"], "Plans": [{"Node Type": "Nested Loop", "Parent Relationship": "Outer", "Join Type": "Inner", "Startup Cost": 14731.87, "Total Cost": 11105900.68, "Plan Rows": 1445898, "Plan Width": 191, "Inner Unique": false, "Plans": [{"Node Type": "Nested Loop", "Parent Relationship": "Outer", "Join Type": "Inner", "Startup Cost": 14729.94, "Total Cost": 3001163.72, "Plan Rows": 575746, "Plan Width": 183, "Inner Unique": true, "Join Filter": "(customer.c_nationkey = nation.n_nationkey), (LLVM Optimized)", "Plans": [{"Node Type": "Nested Loop", "Parent Relationship": "Outer", "Join Type": "Inner", "Startup Cost": 14729.94, "Total Cost": 2785257.65, "Plan Rows": 575746, "Plan Width": 161, "Inner Unique": true, "Plans": [{"Node Type": "Bitmap Heap Scan", "Parent Relationship": "Outer", "Relation Name": "orders", "Alias": "orders", "Startup Cost": 14729.65, "Total Cost": 299784.84, "Plan Rows": 575746, "Plan Width": 16, "Recheck Cond": "((o_orderdate >= '1993-08-01 00:00:00'::timestamp(0) without time zone) AND (o_orderdate < '1993-11-01 00:00:00'::timestamp without time zone)), (LLVM Optimized)", "Plans": [{"Node Type": "Bitmap Index Scan", "Parent Relationship": "Outer", "Index Name": "idx_orders_orderdate", "Startup Cost": 0.0, "Total Cost": 14585.71, "Plan Rows": 575746, "Plan Width": 0, "Index Cond": "((o_orderdate >= '1993-08-01 00:00:00'::timestamp(0) without time zone) AND (o_orderdate < '1993-11-01 00:00:00'::timestamp without time zone))"}]}, {"Node Type": "Bitmap Heap Scan", "Parent Relationship": "Inner", "Relation Name": "customer", "Alias": "customer", "Startup Cost": 0.29, "Total Cost": 4.31, "Plan Rows": 1, "Plan Width": 153, "Recheck Cond": "(c_custkey = orders.o_custkey)", "Plans": [{"Node Type": "Bitmap Index Scan", "Parent Relationship": "Outer", "Index Name": "customer_pkey", "Startup Cost": 0.0, "Total Cost": 0.29, "Plan Rows": 1, "Plan Width": 0, "Index Cond": "(c_custkey = orders.o_custkey)"}]}]}, {"Node Type": "Materialize", "Parent Relationship": "Inner", "Startup Cost": 0.0, "Total Cost": 1.38, "Plan Rows": 25, "Plan Width": 30, "Plans": [{"Node Type": "Seq Scan", "Parent Relationship": "Outer", "Relation Name": "nation", "Alias": "nation", "Startup Cost": 0.0, "Total Cost": 1.25, "Plan Rows": 25, "Plan Width": 30}]}]}, {"Node Type": "Bitmap Heap Scan", "Parent Relationship": "Inner", "Relation Name": "lineitem", "Alias": "lineitem", "Startup Cost": 1.93, "Total Cost": 14.05, "Plan Rows": 3, "Plan Width": 24, "Recheck Cond": "(l_orderkey = orders.o_orderkey)", "Filter": "(l_returnflag = 'R'::bpchar)", "Plans": [{"Node Type": "Bitmap Index Scan", "Parent Relationship": "Outer", "Index Name": "idx_lineitem_orderkey", "Startup Cost": 0.0, "Total Cost": 1.92, "Plan Rows": 9, "Plan Width": 0, "Index Cond": "(l_orderkey = orders.o_orderkey)"}]}]}]}]}]}, "Unique SQL Id": 1604070524, "Planner Runtime": 0}, "explain_analyze_plan": {"Plan": {"Node Type": "Limit", "Startup Cost": 11194981.94, "Total Cost": 11194981.99, "Plan Rows": 20, "Plan Width": 199, "Actual Startup Time": 16561.371, "Actual Total Time": 16561.376, "Actual Rows": 20, "Actual Loops": 1, "Plans": [{"Node Type": "Sort", "Parent Relationship": "Outer", "Startup Cost": 11194981.94, "Total Cost": 11198596.68, "Plan Rows": 20, "Plan Width": 199, "Actual Startup Time": 16561.368, "Actual Total Time": 16561.371, "Actual Rows": 20, "Actual Loops": 1, "Sort Key": ["(sum((lineitem.l_extendedprice * (1::double precision - lineitem.l_discount)))) DESC"], "Sort Method": "top-N heapsort", "Sort Space Used": 35, "Sort Space Type": "Memory", "Plans": [{"Node Type": "Aggregate", "Strategy": "Hashed", "Parent Relationship": "Outer", "Startup Cost": 11142048.13, "Total Cost": 11156507.11, "Plan Rows": 1445898, "Plan Width": 199, "Actual Startup Time": 16219.412, "Actual Total Time": 16427.191, "Actual Rows": 381542, "Actual Loops": 1, "Group By Key": ["customer.c_custkey", "customer.c_name", "customer.c_acctbal", "customer.c_phone", "nation.n_name", "customer.c_address", "customer.c_comment"], "Plans": [{"Node Type": "Nested Loop", "Parent Relationship": "Outer", "Join Type": "Inner", "Startup Cost": 14731.87, "Total Cost": 11105900.68, "Plan Rows": 1445898, "Plan Width": 191, "Actual Startup Time": 243.933, "Actual Total Time": 14286.777, "Actual Rows": 1145969, "Actual Loops": 1, "Inner Unique": false, "Plans": [{"Node Type": "Nested Loop", "Parent Relationship": "Outer", "Join Type": "Inner", "Startup Cost": 14729.94, "Total Cost": 3001163.72, "Plan Rows": 575746, "Plan Width": 183, "Actual Startup Time": 243.896, "Actual Total Time": 7814.394, "Actual Rows": 573635, "Actual Loops": 1, "Inner Unique": true, "Join Filter": "(customer.c_nationkey = nation.n_nationkey), (LLVM Optimized, Jit Execute)", "Rows Removed by Join Filter": 6871608, "Plans": [{"Node Type": "Nested Loop", "Parent Relationship": "Outer", "Join Type": "Inner", "Startup Cost": 14729.94, "Total Cost": 2785257.65, "Plan Rows": 575746, "Plan Width": 161, "Actual Startup Time": 243.836, "Actual Total Time": 5734.621, "Actual Rows": 573635, "Actual Loops": 1, "Inner Unique": true, "Plans": [{"Node Type": "Bitmap Heap Scan", "Parent Relationship": "Outer", "Relation Name": "orders", "Alias": "orders", "Startup Cost": 14729.65, "Total Cost": 299784.84, "Plan Rows": 575746, "Plan Width": 16, "Actual Startup Time": 243.746, "Actual Total Time": 990.345, "Actual Rows": 573635, "Actual Loops": 1, "Recheck Cond": "((o_orderdate >= '1993-08-01 00:00:00'::timestamp(0) without time zone) AND (o_orderdate < '1993-11-01 00:00:00'::timestamp without time zone)), (LLVM Optimized, Jit Execute)", "Rows Removed by Index Recheck": 0, "Exact Heap Blocks": 242860, "Lossy Heap Blocks": 242860, "Plans": [{"Node Type": "Bitmap Index Scan", "Parent Relationship": "Outer", "Index Name": "idx_orders_orderdate", "Startup Cost": 0.0, "Total Cost": 14585.71, "Plan Rows": 575746, "Plan Width": 0, "Actual Startup Time": 167.421, "Actual Total Time": 167.421, "Actual Rows": 573635, "Actual Loops": 1, "Index Cond": "((o_orderdate >= '1993-08-01 00:00:00'::timestamp(0) without time zone) AND (o_orderdate < '1993-11-01 00:00:00'::timestamp without time zone))"}]}, {"Node Type": "Bitmap Heap Scan", "Parent Relationship": "Inner", "Relation Name": "customer", "Alias": "customer", "Startup Cost": 0.29, "Total Cost": 4.31, "Plan Rows": 1, "Plan Width": 153, "Actual Startup Time": 3875.53, "Actual Total Time": 3875.53, "Actual Rows": 573635, "Actual Loops": 573635, "Recheck Cond": "(c_custkey = orders.o_custkey)", "Rows Removed by Index Recheck": 0, "Exact Heap Blocks": 573635, "Lossy Heap Blocks": 573635, "Plans": [{"Node Type": "Bitmap Index Scan", "Parent Relationship": "Outer", "Index Name": "customer_pkey", "Startup Cost": 0.0, "Total Cost": 0.29, "Plan Rows": 1, "Plan Width": 0, "Actual Startup Time": 2415.796, "Actual Total Time": 2415.796, "Actual Rows": 573635, "Actual Loops": 573635, "Index Cond": "(c_custkey = orders.o_custkey)"}]}]}, {"Node Type": "Materialize", "Parent Relationship": "Inner", "Startup Cost": 0.0, "Total Cost": 1.38, "Plan Rows": 25, "Plan Width": 30, "Actual Startup Time": 76.882, "Actual Total Time": 654.756, "Actual Rows": 7445243, "Actual Loops": 573635, "Plans": [{"Node Type": "Seq Scan", "Parent Relationship": "Outer", "Relation Name": "nation", "Alias": "nation", "Startup Cost": 0.0, "Total Cost": 1.25, "Plan Rows": 25, "Plan Width": 30, "Actual Startup Time": 0.017, "Actual Total Time": 0.021, "Actual Rows": 25, "Actual Loops": 1}]}]}, {"Node Type": "Bitmap Heap Scan", "Parent Relationship": "Inner", "Relation Name": "lineitem", "Alias": "lineitem", "Startup Cost": 1.93, "Total Cost": 14.05, "Plan Rows": 3, "Plan Width": 24, "Actual Startup Time": 4972.78, "Actual Total Time": 5513.06, "Actual Rows": 1145969, "Actual Loops": 573635, "Recheck Cond": "(l_orderkey = orders.o_orderkey)", "Rows Removed by Index Recheck": 0, "Filter": "(l_returnflag = 'R'::bpchar)", "Rows Removed by Filter": 1146896, "Exact Heap Blocks": 614400, "Lossy Heap Blocks": 614400, "Plans": [{"Node Type": "Bitmap Index Scan", "Parent Relationship": "Outer", "Index Name": "idx_lineitem_orderkey", "Startup Cost": 0.0, "Total Cost": 1.92, "Plan Rows": 9, "Plan Width": 0, "Actual Startup Time": 2500.01, "Actual Total Time": 2500.01, "Actual Rows": 2292865, "Actual Loops": 573635, "Index Cond": "(l_orderkey = orders.o_orderkey)"}]}]}]}]}]}, "Triggers": [], "Planner Runtime": 0, "Total Runtime": 16571.796, "Unique SQL Id": 1604070524}}, "(64, 115)": {"explain_plan": {"Plan": {"Node Type": "Limit", "Startup Cost": 13443415.76, "Total Cost": 13443415.81, "Plan Rows": 20, "Plan Width": 199, "Plans": [{"Node Type": "Sort", "Parent Relationship": "Outer", "Startup Cost": 13443415.76, "Total Cost": 13447030.51, "Plan Rows": 20, "Plan Width": 199, "Sort Key": ["(sum((lineitem.l_extendedprice * (1::double precision - lineitem.l_discount)))) DESC"], "Plans": [{"Node Type": "Aggregate", "Strategy": "Hashed", "Parent Relationship": "Outer", "Startup Cost": 13390481.96, "Total Cost": 13404940.94, "Plan Rows": 1445898, "Plan Width": 199, "Group By Key": ["customer.c_custkey", "customer.c_name", "customer.c_acctbal", "customer.c_phone", "nation.n_name", "customer.c_address", "customer.c_comment"], "Plans": [{"Node Type": "Nested Loop", "Parent Relationship": "Outer", "Join Type": "Inner", "Startup Cost": 14732.12, "Total Cost": 13354334.51, "Plan Rows": 1445898, "Plan Width": 191, "Inner Unique": false, "Plans": [{"Node Type": "Nested Loop", "Parent Relationship": "Outer", "Join Type": "Inner", "Startup Cost": 14730.2, "Total Cost": 5249597.54, "Plan Rows": 575746, "Plan Width": 183, "Inner Unique": true, "Plans": [{"Node Type": "Nested Loop", "Parent Relationship": "Outer", "Join Type": "Inner", "Startup Cost": 14729.94, "Total Cost": 2785257.65, "Plan Rows": 575746, "Plan Width": 161, "Inner Unique": true, "Plans": [{"Node Type": "Bitmap Heap Scan", "Parent Relationship": "Outer", "Relation Name": "orders", "Alias": "orders", "Startup Cost": 14729.65, "Total Cost": 299784.84, "Plan Rows": 575746, "Plan Width": 16, "Recheck Cond": "((o_orderdate >= '1993-08-01 00:00:00'::timestamp(0) without time zone) AND (o_orderdate < '1993-11-01 00:00:00'::timestamp without time zone)), (LLVM Optimized)", "Plans": [{"Node Type": "Bitmap Index Scan", "Parent Relationship": "Outer", "Index Name": "idx_orders_orderdate", "Startup Cost": 0.0, "Total Cost": 14585.71, "Plan Rows": 575746, "Plan Width": 0, "Index Cond": "((o_orderdate >= '1993-08-01 00:00:00'::timestamp(0) without time zone) AND (o_orderdate < '1993-11-01 00:00:00'::timestamp without time zone))"}]}, {"Node Type": "Bitmap Heap Scan", "Parent Relationship": "Inner", "Relation Name": "customer", "Alias": "customer", "Startup Cost": 0.29, "Total Cost": 4.31, "Plan Rows": 1, "Plan Width": 153, "Recheck Cond": "(c_custkey = orders.o_custkey)", "Plans": [{"Node Type": "Bitmap Index Scan", "Parent Relationship": "Outer", "Index Name": "customer_pkey", "Startup Cost": 0.0, "Total Cost": 0.29, "Plan Rows": 1, "Plan Width": 0, "Index Cond": "(c_custkey = orders.o_custkey)"}]}]}, {"Node Type": "Bitmap Heap Scan", "Parent Relationship": "Inner", "Relation Name": "nation", "Alias": "nation", "Startup Cost": 0.26, "Total Cost": 4.27, "Plan Rows": 1, "Plan Width": 30, "Recheck Cond": "(n_nationkey = customer.c_nationkey)", "Plans": [{"Node Type": "Bitmap Index Scan", "Parent Relationship": "Outer", "Index Name": "nation_pkey", "Startup Cost": 0.0, "Total Cost": 0.26, "Plan Rows": 1, "Plan Width": 0, "Index Cond": "(n_nationkey = customer.c_nationkey)"}]}]}, {"Node Type": "Bitmap Heap Scan", "Parent Relationship": "Inner", "Relation Name": "lineitem", "Alias": "lineitem", "Startup Cost": 1.93, "Total Cost": 14.05, "Plan Rows": 3, "Plan Width": 24, "Recheck Cond": "(l_orderkey = orders.o_orderkey)", "Filter": "(l_returnflag = 'R'::bpchar)", "Plans": [{"Node Type": "Bitmap Index Scan", "Parent Relationship": "Outer", "Index Name": "idx_lineitem_orderkey", "Startup Cost": 0.0, "Total Cost": 1.92, "Plan Rows": 9, "Plan Width": 0, "Index Cond": "(l_orderkey = orders.o_orderkey)"}]}]}]}]}]}, "Unique SQL Id": 1604070524, "Planner Runtime": 0}, "explain_analyze_plan": {"Plan": {"Node Type": "Limit", "Startup Cost": 13443415.76, "Total Cost": 13443415.81, "Plan Rows": 20, "Plan Width": 199, "Actual Startup Time": 16957.333, "Actual Total Time": 16957.341, "Actual Rows": 20, "Actual Loops": 1, "Plans": [{"Node Type": "Sort", "Parent Relationship": "Outer", "Startup Cost": 13443415.76, "Total Cost": 13447030.51, "Plan Rows": 20, "Plan Width": 199, "Actual Startup Time": 16957.329, "Actual Total Time": 16957.334, "Actual Rows": 20, "Actual Loops": 1, "Sort Key": ["(sum((lineitem.l_extendedprice * (1::double precision - lineitem.l_discount)))) DESC"], "Sort Method": "top-N heapsort", "Sort Space Used": 35, "Sort Space Type": "Memory", "Plans": [{"Node Type": "Aggregate", "Strategy": "Hashed", "Parent Relationship": "Outer", "Startup Cost": 13390481.96, "Total Cost": 13404940.94, "Plan Rows": 1445898, "Plan Width": 199, "Actual Startup Time": 16583.968, "Actual Total Time": 16822.306, "Actual Rows": 381542, "Actual Loops": 1, "Group By Key": ["customer.c_custkey", "customer.c_name", "customer.c_acctbal", "customer.c_phone", "nation.n_name", "customer.c_address", "customer.c_comment"], "Plans": [{"Node Type": "Nested Loop", "Parent Relationship": "Outer", "Join Type": "Inner", "Startup Cost": 14732.12, "Total Cost": 13354334.51, "Plan Rows": 1445898, "Plan Width": 191, "Actual Startup Time": 241.783, "Actual Total Time": 14652.01, "Actual Rows": 1145969, "Actual Loops": 1, "Inner Unique": false, "Plans": [{"Node Type": "Nested Loop", "Parent Relationship": "Outer", "Join Type": "Inner", "Startup Cost": 14730.2, "Total Cost": 5249597.54, "Plan Rows": 575746, "Plan Width": 183, "Actual Startup Time": 241.73, "Actual Total Time": 8212.424, "Actual Rows": 573635, "Actual Loops": 1, "Inner Unique": true, "Plans": [{"Node Type": "Nested Loop", "Parent Relationship": "Outer", "Join Type": "Inner", "Startup Cost": 14729.94, "Total Cost": 2785257.65, "Plan Rows": 575746, "Plan Width": 161, "Actual Startup Time": 241.696, "Actual Total Time": 6036.117, "Actual Rows": 573635, "Actual Loops": 1, "Inner Unique": true, "Plans": [{"Node Type": "Bitmap Heap Scan", "Parent Relationship": "Outer", "Relation Name": "orders", "Alias": "orders", "Startup Cost": 14729.65, "Total Cost": 299784.84, "Plan Rows": 575746, "Plan Width": 16, "Actual Startup Time": 241.45, "Actual Total Time": 1047.688, "Actual Rows": 573635, "Actual Loops": 1, "Recheck Cond": "((o_orderdate >= '1993-08-01 00:00:00'::timestamp(0) without time zone) AND (o_orderdate < '1993-11-01 00:00:00'::timestamp without time zone)), (LLVM Optimized, Jit Execute)", "Rows Removed by Index Recheck": 0, "Exact Heap Blocks": 242860, "Lossy Heap Blocks": 242860, "Plans": [{"Node Type": "Bitmap Index Scan", "Parent Relationship": "Outer", "Index Name": "idx_orders_orderdate", "Startup Cost": 0.0, "Total Cost": 14585.71, "Plan Rows": 575746, "Plan Width": 0, "Actual Startup Time": 167.064, "Actual Total Time": 167.064, "Actual Rows": 573635, "Actual Loops": 1, "Index Cond": "((o_orderdate >= '1993-08-01 00:00:00'::timestamp(0) without time zone) AND (o_orderdate < '1993-11-01 00:00:00'::timestamp without time zone))"}]}, {"Node Type": "Bitmap Heap Scan", "Parent Relationship": "Inner", "Relation Name": "customer", "Alias": "customer", "Startup Cost": 0.29, "Total Cost": 4.31, "Plan Rows": 1, "Plan Width": 153, "Actual Startup Time": 4129.14, "Actual Total Time": 4129.14, "Actual Rows": 573635, "Actual Loops": 573635, "Recheck Cond": "(c_custkey = orders.o_custkey)", "Rows Removed by Index Recheck": 0, "Exact Heap Blocks": 573635, "Lossy Heap Blocks": 573635, "Plans": [{"Node Type": "Bitmap Index Scan", "Parent Relationship": "Outer", "Index Name": "customer_pkey", "Startup Cost": 0.0, "Total Cost": 0.29, "Plan Rows": 1, "Plan Width": 0, "Actual Startup Time": 2565.96, "Actual Total Time": 2565.96, "Actual Rows": 573635, "Actual Loops": 573635, "Index Cond": "(c_custkey = orders.o_custkey)"}]}]}, {"Node Type": "Bitmap Heap Scan", "Parent Relationship": "Inner", "Relation Name": "nation", "Alias": "nation", "Startup Cost": 0.26, "Total Cost": 4.27, "Plan Rows": 1, "Plan Width": 30, "Actual Startup Time": 1398.487, "Actual Total Time": 1398.487, "Actual Rows": 573635, "Actual Loops": 573635, "Recheck Cond": "(n_nationkey = customer.c_nationkey)", "Rows Removed by Index Recheck": 0, "Exact Heap Blocks": 573635, "Lossy Heap Blocks": 573635, "Plans": [{"Node Type": "Bitmap Index Scan", "Parent Relationship": "Outer", "Index Name": "nation_pkey", "Startup Cost": 0.0, "Total Cost": 0.26, "Plan Rows": 1, "Plan Width": 0, "Actual Startup Time": 610.04, "Actual Total Time": 610.04, "Actual Rows": 573635, "Actual Loops": 573635, "Index Cond": "(n_nationkey = customer.c_nationkey)"}]}]}, {"Node Type": "Bitmap Heap Scan", "Parent Relationship": "Inner", "Relation Name": "lineitem", "Alias": "lineitem", "Startup Cost": 1.93, "Total Cost": 14.05, "Plan Rows": 3, "Plan Width": 24, "Actual Startup Time": 4947.793, "Actual Total Time": 5480.067, "Actual Rows": 1145969, "Actual Loops": 573635, "Recheck Cond": "(l_orderkey = orders.o_orderkey)", "Rows Removed by Index Recheck": 0, "Filter": "(l_returnflag = 'R'::bpchar)", "Rows Removed by Filter": 1146896, "Exact Heap Blocks": 614400, "Lossy Heap Blocks": 614400, "Plans": [{"Node Type": "Bitmap Index Scan", "Parent Relationship": "Outer", "Index Name": "idx_lineitem_orderkey", "Startup Cost": 0.0, "Total Cost": 1.92, "Plan Rows": 9, "Plan Width": 0, "Actual Startup Time": 2505.557, "Actual Total Time": 2505.557, "Actual Rows": 2292865, "Actual Loops": 573635, "Index Cond": "(l_orderkey = orders.o_orderkey)"}]}]}]}]}]}, "Triggers": [], "Planner Runtime": 0, "Total Runtime": 16967.566, "Unique SQL Id": 1604070524}}, "(64, 116)": {"explain_plan": {"Plan": {"Node Type": "Limit", "Startup Cost": 3997545.9, "Total Cost": 3997545.95, "Plan Rows": 20, "Plan Width": 199, "Plans": [{"Node Type": "Sort", "Parent Relationship": "Outer", "Startup Cost": 3997545.9, "Total Cost": 4001160.65, "Plan Rows": 20, "Plan Width": 199, "Sort Key": ["(sum((lineitem.l_extendedprice * (1::double precision - lineitem.l_discount)))) DESC"], "Plans": [{"Node Type": "Aggregate", "Strategy": "Hashed", "Parent Relationship": "Outer", "Startup Cost": 3944612.1, "Total Cost": 3959071.08, "Plan Rows": 1445898, "Plan Width": 199, "Group By Key": ["customer.c_custkey", "customer.c_name", "customer.c_acctbal", "customer.c_phone", "nation.n_name", "customer.c_address", "customer.c_comment"], "Plans": [{"Node Type": "Nested Loop", "Parent Relationship": "Outer", "Join Type": "Inner", "Startup Cost": 14729.65, "Total Cost": 3908464.65, "Plan Rows": 1445898, "Plan Width": 191, "Inner Unique": false, "Plans": [{"Node Type": "Nested Loop", "Parent Relationship": "Outer", "Join Type": "Inner", "Startup Cost": 14729.65, "Total Cost": 791847.2, "Plan Rows": 575746, "Plan Width": 183, "Inner Unique": true, "Plans": [{"Node Type": "Nested Loop", "Parent Relationship": "Outer", "Join Type": "Inner", "Startup Cost": 14729.65, "Total Cost": 630633.72, "Plan Rows": 575746, "Plan Width": 161, "Inner Unique": true, "Plans": [{"Node Type": "Bitmap Heap Scan", "Parent Relationship": "Outer", "Relation Name": "orders", "Alias": "orders", "Startup Cost": 14729.65, "Total Cost": 299784.84, "Plan Rows": 575746, "Plan Width": 16, "Recheck Cond": "((o_orderdate >= '1993-08-01 00:00:00'::timestamp(0) without time zone) AND (o_orderdate < '1993-11-01 00:00:00'::timestamp without time zone)), (LLVM Optimized)", "Plans": [{"Node Type": "Bitmap Index Scan", "Parent Relationship": "Outer", "Index Name": "idx_orders_orderdate", "Startup Cost": 0.0, "Total Cost": 14585.71, "Plan Rows": 575746, "Plan Width": 0, "Index Cond": "((o_orderdate >= '1993-08-01 00:00:00'::timestamp(0) without time zone) AND (o_orderdate < '1993-11-01 00:00:00'::timestamp without time zone))"}]}, {"Node Type": "Index Scan", "Parent Relationship": "Inner", "Scan Direction": "Forward", "Index Name": "customer_pkey", "Relation Name": "customer", "Alias": "customer", "Startup Cost": 0.0, "Total Cost": 0.56, "Plan Rows": 1, "Plan Width": 153, "Index Cond": "(c_custkey = orders.o_custkey)"}]}, {"Node Type": "Index Scan", "Parent Relationship": "Inner", "Scan Direction": "Forward", "Index Name": "nation_pkey", "Relation Name": "nation", "Alias": "nation", "Startup Cost": 0.0, "Total Cost": 0.27, "Plan Rows": 1, "Plan Width": 30, "Index Cond": "(n_nationkey = customer.c_nationkey)"}]}, {"Node Type": "Index Scan", "Parent Relationship": "Inner", "Scan Direction": "Forward", "Index Name": "idx_lineitem_orderkey", "Relation Name": "lineitem", "Alias": "lineitem", "Startup Cost": 0.0, "Total Cost": 5.38, "Plan Rows": 3, "Plan Width": 24, "Index Cond": "(l_orderkey = orders.o_orderkey)", "Filter": "(l_returnflag = 'R'::bpchar)"}]}]}]}]}, "Unique SQL Id": 1604070524, "Planner Runtime": 0}, "explain_analyze_plan": {"Plan": {"Node Type": "Limit", "Startup Cost": 3997545.9, "Total Cost": 3997545.95, "Plan Rows": 20, "Plan Width": 199, "Actual Startup Time": 13809.837, "Actual Total Time": 13809.846, "Actual Rows": 20, "Actual Loops": 1, "Plans": [{"Node Type": "Sort", "Parent Relationship": "Outer", "Startup Cost": 3997545.9, "Total Cost": 4001160.65, "Plan Rows": 20, "Plan Width": 199, "Actual Startup Time": 13809.833, "Actual Total Time": 13809.838, "Actual Rows": 20, "Actual Loops": 1, "Sort Key": ["(sum((lineitem.l_extendedprice * (1::double precision - lineitem.l_discount)))) DESC"], "Sort Method": "top-N heapsort", "Sort Space Used": 35, "Sort Space Type": "Memory", "Plans": [{"Node Type": "Aggregate", "Strategy": "Hashed", "Parent Relationship": "Outer", "Startup Cost": 3944612.1, "Total Cost": 3959071.08, "Plan Rows": 1445898, "Plan Width": 199, "Actual Startup Time": 13406.7, "Actual Total Time": 13674.418, "Actual Rows": 381542, "Actual Loops": 1, "Group By Key": ["customer.c_custkey", "customer.c_name", "customer.c_acctbal", "customer.c_phone", "nation.n_name", "customer.c_address", "customer.c_comment"], "Plans": [{"Node Type": "Nested Loop", "Parent Relationship": "Outer", "Join Type": "Inner", "Startup Cost": 14729.65, "Total Cost": 3908464.65, "Plan Rows": 1445898, "Plan Width": 191, "Actual Startup Time": 243.034, "Actual Total Time": 11541.362, "Actual Rows": 1145969, "Actual Loops": 1, "Inner Unique": false, "Plans": [{"Node Type": "Nested Loop", "Parent Relationship": "Outer", "Join Type": "Inner", "Startup Cost": 14729.65, "Total Cost": 791847.2, "Plan Rows": 575746, "Plan Width": 183, "Actual Startup Time": 242.99, "Actual Total Time": 5969.253, "Actual Rows": 573635, "Actual Loops": 1, "Inner Unique": true, "Plans": [{"Node Type": "Nested Loop", "Parent Relationship": "Outer", "Join Type": "Inner", "Startup Cost": 14729.65, "Total Cost": 630633.72, "Plan Rows": 575746, "Plan Width": 161, "Actual Startup Time": 242.98, "Actual Total Time": 4717.559, "Actual Rows": 573635, "Actual Loops": 1, "Inner Unique": true, "Plans": [{"Node Type": "Bitmap Heap Scan", "Parent Relationship": "Outer", "Relation Name": "orders", "Alias": "orders", "Startup Cost": 14729.65, "Total Cost": 299784.84, "Plan Rows": 575746, "Plan Width": 16, "Actual Startup Time": 242.927, "Actual Total Time": 1010.773, "Actual Rows": 573635, "Actual Loops": 1, "Recheck Cond": "((o_orderdate >= '1993-08-01 00:00:00'::timestamp(0) without time zone) AND (o_orderdate < '1993-11-01 00:00:00'::timestamp without time zone)), (LLVM Optimized, Jit Execute)", "Rows Removed by Index Recheck": 0, "Exact Heap Blocks": 242860, "Lossy Heap Blocks": 242860, "Plans": [{"Node Type": "Bitmap Index Scan", "Parent Relationship": "Outer", "Index Name": "idx_orders_orderdate", "Startup Cost": 0.0, "Total Cost": 14585.71, "Plan Rows": 575746, "Plan Width": 0, "Actual Startup Time": 168.567, "Actual Total Time": 168.567, "Actual Rows": 573635, "Actual Loops": 1, "Index Cond": "((o_orderdate >= '1993-08-01 00:00:00'::timestamp(0) without time zone) AND (o_orderdate < '1993-11-01 00:00:00'::timestamp without time zone))"}]}, {"Node Type": "Index Scan", "Parent Relationship": "Inner", "Scan Direction": "Forward", "Index Name": "customer_pkey", "Relation Name": "customer", "Alias": "customer", "Startup Cost": 0.0, "Total Cost": 0.56, "Plan Rows": 1, "Plan Width": 153, "Actual Startup Time": 3201.546, "Actual Total Time": 3201.546, "Actual Rows": 573635, "Actual Loops": 573635, "Index Cond": "(c_custkey = orders.o_custkey)", "Rows Removed by Index Recheck": 0}]}, {"Node Type": "Index Scan", "Parent Relationship": "Inner", "Scan Direction": "Forward", "Index Name": "nation_pkey", "Relation Name": "nation", "Alias": "nation", "Startup Cost": 0.0, "Total Cost": 0.27, "Plan Rows": 1, "Plan Width": 30, "Actual Startup Time": 800.405, "Actual Total Time": 800.405, "Actual Rows": 573635, "Actual Loops": 573635, "Index Cond": "(n_nationkey = customer.c_nationkey)", "Rows Removed by Index Recheck": 0}]}, {"Node Type": "Index Scan", "Parent Relationship": "Inner", "Scan Direction": "Forward", "Index Name": "idx_lineitem_orderkey", "Relation Name": "lineitem", "Alias": "lineitem", "Startup Cost": 0.0, "Total Cost": 5.38, "Plan Rows": 3, "Plan Width": 24, "Actual Startup Time": 3687.353, "Actual Total Time": 4987.373, "Actual Rows": 1145969, "Actual Loops": 573635, "Index Cond": "(l_orderkey = orders.o_orderkey)", "Rows Removed by Index Recheck": 0, "Filter": "(l_returnflag = 'R'::bpchar)", "Rows Removed by Filter": 1146896}]}]}]}]}, "Triggers": [], "Planner Runtime": 0, "Total Runtime": 13819.996, "Unique SQL Id": 1604070524}}, "(64, 117)": {"explain_plan": {"Plan": {"Node Type": "Limit", "Startup Cost": 3997545.9, "Total Cost": 3997545.95, "Plan Rows": 20, "Plan Width": 199, "Plans": [{"Node Type": "Sort", "Parent Relationship": "Outer", "Startup Cost": 3997545.9, "Total Cost": 4001160.65, "Plan Rows": 20, "Plan Width": 199, "Sort Key": ["(sum((lineitem.l_extendedprice * (1::double precision - lineitem.l_discount)))) DESC"], "Plans": [{"Node Type": "Aggregate", "Strategy": "Hashed", "Parent Relationship": "Outer", "Startup Cost": 3944612.1, "Total Cost": 3959071.08, "Plan Rows": 1445898, "Plan Width": 199, "Group By Key": ["customer.c_custkey", "customer.c_name", "customer.c_acctbal", "customer.c_phone", "nation.n_name", "customer.c_address", "customer.c_comment"], "Plans": [{"Node Type": "Nested Loop", "Parent Relationship": "Outer", "Join Type": "Inner", "Startup Cost": 14729.65, "Total Cost": 3908464.65, "Plan Rows": 1445898, "Plan Width": 191, "Inner Unique": false, "Plans": [{"Node Type": "Nested Loop", "Parent Relationship": "Outer", "Join Type": "Inner", "Startup Cost": 14729.65, "Total Cost": 791847.2, "Plan Rows": 575746, "Plan Width": 183, "Inner Unique": true, "Plans": [{"Node Type": "Nested Loop", "Parent Relationship": "Outer", "Join Type": "Inner", "Startup Cost": 14729.65, "Total Cost": 630633.72, "Plan Rows": 575746, "Plan Width": 161, "Inner Unique": true, "Plans": [{"Node Type": "Bitmap Heap Scan", "Parent Relationship": "Outer", "Relation Name": "orders", "Alias": "orders", "Startup Cost": 14729.65, "Total Cost": 299784.84, "Plan Rows": 575746, "Plan Width": 16, "Recheck Cond": "((o_orderdate >= '1993-08-01 00:00:00'::timestamp(0) without time zone) AND (o_orderdate < '1993-11-01 00:00:00'::timestamp without time zone)), (LLVM Optimized)", "Plans": [{"Node Type": "Bitmap Index Scan", "Parent Relationship": "Outer", "Index Name": "idx_orders_orderdate", "Startup Cost": 0.0, "Total Cost": 14585.71, "Plan Rows": 575746, "Plan Width": 0, "Index Cond": "((o_orderdate >= '1993-08-01 00:00:00'::timestamp(0) without time zone) AND (o_orderdate < '1993-11-01 00:00:00'::timestamp without time zone))"}]}, {"Node Type": "Index Scan", "Parent Relationship": "Inner", "Scan Direction": "Forward", "Index Name": "customer_pkey", "Relation Name": "customer", "Alias": "customer", "Startup Cost": 0.0, "Total Cost": 0.56, "Plan Rows": 1, "Plan Width": 153, "Index Cond": "(c_custkey = orders.o_custkey)"}]}, {"Node Type": "Index Scan", "Parent Relationship": "Inner", "Scan Direction": "Forward", "Index Name": "nation_pkey", "Relation Name": "nation", "Alias": "nation", "Startup Cost": 0.0, "Total Cost": 0.27, "Plan Rows": 1, "Plan Width": 30, "Index Cond": "(n_nationkey = customer.c_nationkey)"}]}, {"Node Type": "Index Scan", "Parent Relationship": "Inner", "Scan Direction": "Forward", "Index Name": "idx_lineitem_orderkey", "Relation Name": "lineitem", "Alias": "lineitem", "Startup Cost": 0.0, "Total Cost": 5.38, "Plan Rows": 3, "Plan Width": 24, "Index Cond": "(l_orderkey = orders.o_orderkey)", "Filter": "(l_returnflag = 'R'::bpchar)"}]}]}]}]}, "Unique SQL Id": 1604070524, "Planner Runtime": 0}, "explain_analyze_plan": {"Plan": {"Node Type": "Limit", "Startup Cost": 3997545.9, "Total Cost": 3997545.95, "Plan Rows": 20, "Plan Width": 199, "Actual Startup Time": 13809.837, "Actual Total Time": 13809.846, "Actual Rows": 20, "Actual Loops": 1, "Plans": [{"Node Type": "Sort", "Parent Relationship": "Outer", "Startup Cost": 3997545.9, "Total Cost": 4001160.65, "Plan Rows": 20, "Plan Width": 199, "Actual Startup Time": 13809.833, "Actual Total Time": 13809.838, "Actual Rows": 20, "Actual Loops": 1, "Sort Key": ["(sum((lineitem.l_extendedprice * (1::double precision - lineitem.l_discount)))) DESC"], "Sort Method": "top-N heapsort", "Sort Space Used": 35, "Sort Space Type": "Memory", "Plans": [{"Node Type": "Aggregate", "Strategy": "Hashed", "Parent Relationship": "Outer", "Startup Cost": 3944612.1, "Total Cost": 3959071.08, "Plan Rows": 1445898, "Plan Width": 199, "Actual Startup Time": 13406.7, "Actual Total Time": 13674.418, "Actual Rows": 381542, "Actual Loops": 1, "Group By Key": ["customer.c_custkey", "customer.c_name", "customer.c_acctbal", "customer.c_phone", "nation.n_name", "customer.c_address", "customer.c_comment"], "Plans": [{"Node Type": "Nested Loop", "Parent Relationship": "Outer", "Join Type": "Inner", "Startup Cost": 14729.65, "Total Cost": 3908464.65, "Plan Rows": 1445898, "Plan Width": 191, "Actual Startup Time": 243.034, "Actual Total Time": 11541.362, "Actual Rows": 1145969, "Actual Loops": 1, "Inner Unique": false, "Plans": [{"Node Type": "Nested Loop", "Parent Relationship": "Outer", "Join Type": "Inner", "Startup Cost": 14729.65, "Total Cost": 791847.2, "Plan Rows": 575746, "Plan Width": 183, "Actual Startup Time": 242.99, "Actual Total Time": 5969.253, "Actual Rows": 573635, "Actual Loops": 1, "Inner Unique": true, "Plans": [{"Node Type": "Nested Loop", "Parent Relationship": "Outer", "Join Type": "Inner", "Startup Cost": 14729.65, "Total Cost": 630633.72, "Plan Rows": 575746, "Plan Width": 161, "Actual Startup Time": 242.98, "Actual Total Time": 4717.559, "Actual Rows": 573635, "Actual Loops": 1, "Inner Unique": true, "Plans": [{"Node Type": "Bitmap Heap Scan", "Parent Relationship": "Outer", "Relation Name": "orders", "Alias": "orders", "Startup Cost": 14729.65, "Total Cost": 299784.84, "Plan Rows": 575746, "Plan Width": 16, "Actual Startup Time": 242.927, "Actual Total Time": 1010.773, "Actual Rows": 573635, "Actual Loops": 1, "Recheck Cond": "((o_orderdate >= '1993-08-01 00:00:00'::timestamp(0) without time zone) AND (o_orderdate < '1993-11-01 00:00:00'::timestamp without time zone)), (LLVM Optimized, Jit Execute)", "Rows Removed by Index Recheck": 0, "Exact Heap Blocks": 242860, "Lossy Heap Blocks": 242860, "Plans": [{"Node Type": "Bitmap Index Scan", "Parent Relationship": "Outer", "Index Name": "idx_orders_orderdate", "Startup Cost": 0.0, "Total Cost": 14585.71, "Plan Rows": 575746, "Plan Width": 0, "Actual Startup Time": 168.567, "Actual Total Time": 168.567, "Actual Rows": 573635, "Actual Loops": 1, "Index Cond": "((o_orderdate >= '1993-08-01 00:00:00'::timestamp(0) without time zone) AND (o_orderdate < '1993-11-01 00:00:00'::timestamp without time zone))"}]}, {"Node Type": "Index Scan", "Parent Relationship": "Inner", "Scan Direction": "Forward", "Index Name": "customer_pkey", "Relation Name": "customer", "Alias": "customer", "Startup Cost": 0.0, "Total Cost": 0.56, "Plan Rows": 1, "Plan Width": 153, "Actual Startup Time": 3201.546, "Actual Total Time": 3201.546, "Actual Rows": 573635, "Actual Loops": 573635, "Index Cond": "(c_custkey = orders.o_custkey)", "Rows Removed by Index Recheck": 0}]}, {"Node Type": "Index Scan", "Parent Relationship": "Inner", "Scan Direction": "Forward", "Index Name": "nation_pkey", "Relation Name": "nation", "Alias": "nation", "Startup Cost": 0.0, "Total Cost": 0.27, "Plan Rows": 1, "Plan Width": 30, "Actual Startup Time": 800.405, "Actual Total Time": 800.405, "Actual Rows": 573635, "Actual Loops": 573635, "Index Cond": "(n_nationkey = customer.c_nationkey)", "Rows Removed by Index Recheck": 0}]}, {"Node Type": "Index Scan", "Parent Relationship": "Inner", "Scan Direction": "Forward", "Index Name": "idx_lineitem_orderkey", "Relation Name": "lineitem", "Alias": "lineitem", "Startup Cost": 0.0, "Total Cost": 5.38, "Plan Rows": 3, "Plan Width": 24, "Actual Startup Time": 3687.353, "Actual Total Time": 4987.373, "Actual Rows": 1145969, "Actual Loops": 573635, "Index Cond": "(l_orderkey = orders.o_orderkey)", "Rows Removed by Index Recheck": 0, "Filter": "(l_returnflag = 'R'::bpchar)", "Rows Removed by Filter": 1146896}]}]}]}]}, "Triggers": [], "Planner Runtime": 0, "Total Runtime": 13819.996, "Unique SQL Id": 1604070524}}, "(64, 118)": {"explain_plan": {"Plan": {"Node Type": "Limit", "Startup Cost": 11194981.94, "Total Cost": 11194981.99, "Plan Rows": 20, "Plan Width": 199, "Plans": [{"Node Type": "Sort", "Parent Relationship": "Outer", "Startup Cost": 11194981.94, "Total Cost": 11198596.68, "Plan Rows": 20, "Plan Width": 199, "Sort Key": ["(sum((lineitem.l_extendedprice * (1::double precision - lineitem.l_discount)))) DESC"], "Plans": [{"Node Type": "Aggregate", "Strategy": "Hashed", "Parent Relationship": "Outer", "Startup Cost": 11142048.13, "Total Cost": 11156507.11, "Plan Rows": 1445898, "Plan Width": 199, "Group By Key": ["customer.c_custkey", "customer.c_name", "customer.c_acctbal", "customer.c_phone", "nation.n_name", "customer.c_address", "customer.c_comment"], "Plans": [{"Node Type": "Nested Loop", "Parent Relationship": "Outer", "Join Type": "Inner", "Startup Cost": 14731.87, "Total Cost": 11105900.68, "Plan Rows": 1445898, "Plan Width": 191, "Inner Unique": false, "Plans": [{"Node Type": "Nested Loop", "Parent Relationship": "Outer", "Join Type": "Inner", "Startup Cost": 14729.94, "Total Cost": 3001163.72, "Plan Rows": 575746, "Plan Width": 183, "Inner Unique": true, "Join Filter": "(customer.c_nationkey = nation.n_nationkey), (LLVM Optimized)", "Plans": [{"Node Type": "Nested Loop", "Parent Relationship": "Outer", "Join Type": "Inner", "Startup Cost": 14729.94, "Total Cost": 2785257.65, "Plan Rows": 575746, "Plan Width": 161, "Inner Unique": true, "Plans": [{"Node Type": "Bitmap Heap Scan", "Parent Relationship": "Outer", "Relation Name": "orders", "Alias": "orders", "Startup Cost": 14729.65, "Total Cost": 299784.84, "Plan Rows": 575746, "Plan Width": 16, "Recheck Cond": "((o_orderdate >= '1993-08-01 00:00:00'::timestamp(0) without time zone) AND (o_orderdate < '1993-11-01 00:00:00'::timestamp without time zone)), (LLVM Optimized)", "Plans": [{"Node Type": "Bitmap Index Scan", "Parent Relationship": "Outer", "Index Name": "idx_orders_orderdate", "Startup Cost": 0.0, "Total Cost": 14585.71, "Plan Rows": 575746, "Plan Width": 0, "Index Cond": "((o_orderdate >= '1993-08-01 00:00:00'::timestamp(0) without time zone) AND (o_orderdate < '1993-11-01 00:00:00'::timestamp without time zone))"}]}, {"Node Type": "Bitmap Heap Scan", "Parent Relationship": "Inner", "Relation Name": "customer", "Alias": "customer", "Startup Cost": 0.29, "Total Cost": 4.31, "Plan Rows": 1, "Plan Width": 153, "Recheck Cond": "(c_custkey = orders.o_custkey)", "Plans": [{"Node Type": "Bitmap Index Scan", "Parent Relationship": "Outer", "Index Name": "customer_pkey", "Startup Cost": 0.0, "Total Cost": 0.29, "Plan Rows": 1, "Plan Width": 0, "Index Cond": "(c_custkey = orders.o_custkey)"}]}]}, {"Node Type": "Materialize", "Parent Relationship": "Inner", "Startup Cost": 0.0, "Total Cost": 1.38, "Plan Rows": 25, "Plan Width": 30, "Plans": [{"Node Type": "Seq Scan", "Parent Relationship": "Outer", "Relation Name": "nation", "Alias": "nation", "Startup Cost": 0.0, "Total Cost": 1.25, "Plan Rows": 25, "Plan Width": 30}]}]}, {"Node Type": "Bitmap Heap Scan", "Parent Relationship": "Inner", "Relation Name": "lineitem", "Alias": "lineitem", "Startup Cost": 1.93, "Total Cost": 14.05, "Plan Rows": 3, "Plan Width": 24, "Recheck Cond": "(l_orderkey = orders.o_orderkey)", "Filter": "(l_returnflag = 'R'::bpchar)", "Plans": [{"Node Type": "Bitmap Index Scan", "Parent Relationship": "Outer", "Index Name": "idx_lineitem_orderkey", "Startup Cost": 0.0, "Total Cost": 1.92, "Plan Rows": 9, "Plan Width": 0, "Index Cond": "(l_orderkey = orders.o_orderkey)"}]}]}]}]}]}, "Unique SQL Id": 1604070524, "Planner Runtime": 0}, "explain_analyze_plan": {"Plan": {"Node Type": "Limit", "Startup Cost": 11194981.94, "Total Cost": 11194981.99, "Plan Rows": 20, "Plan Width": 199, "Actual Startup Time": 16561.371, "Actual Total Time": 16561.376, "Actual Rows": 20, "Actual Loops": 1, "Plans": [{"Node Type": "Sort", "Parent Relationship": "Outer", "Startup Cost": 11194981.94, "Total Cost": 11198596.68, "Plan Rows": 20, "Plan Width": 199, "Actual Startup Time": 16561.368, "Actual Total Time": 16561.371, "Actual Rows": 20, "Actual Loops": 1, "Sort Key": ["(sum((lineitem.l_extendedprice * (1::double precision - lineitem.l_discount)))) DESC"], "Sort Method": "top-N heapsort", "Sort Space Used": 35, "Sort Space Type": "Memory", "Plans": [{"Node Type": "Aggregate", "Strategy": "Hashed", "Parent Relationship": "Outer", "Startup Cost": 11142048.13, "Total Cost": 11156507.11, "Plan Rows": 1445898, "Plan Width": 199, "Actual Startup Time": 16219.412, "Actual Total Time": 16427.191, "Actual Rows": 381542, "Actual Loops": 1, "Group By Key": ["customer.c_custkey", "customer.c_name", "customer.c_acctbal", "customer.c_phone", "nation.n_name", "customer.c_address", "customer.c_comment"], "Plans": [{"Node Type": "Nested Loop", "Parent Relationship": "Outer", "Join Type": "Inner", "Startup Cost": 14731.87, "Total Cost": 11105900.68, "Plan Rows": 1445898, "Plan Width": 191, "Actual Startup Time": 243.933, "Actual Total Time": 14286.777, "Actual Rows": 1145969, "Actual Loops": 1, "Inner Unique": false, "Plans": [{"Node Type": "Nested Loop", "Parent Relationship": "Outer", "Join Type": "Inner", "Startup Cost": 14729.94, "Total Cost": 3001163.72, "Plan Rows": 575746, "Plan Width": 183, "Actual Startup Time": 243.896, "Actual Total Time": 7814.394, "Actual Rows": 573635, "Actual Loops": 1, "Inner Unique": true, "Join Filter": "(customer.c_nationkey = nation.n_nationkey), (LLVM Optimized, Jit Execute)", "Rows Removed by Join Filter": 6871608, "Plans": [{"Node Type": "Nested Loop", "Parent Relationship": "Outer", "Join Type": "Inner", "Startup Cost": 14729.94, "Total Cost": 2785257.65, "Plan Rows": 575746, "Plan Width": 161, "Actual Startup Time": 243.836, "Actual Total Time": 5734.621, "Actual Rows": 573635, "Actual Loops": 1, "Inner Unique": true, "Plans": [{"Node Type": "Bitmap Heap Scan", "Parent Relationship": "Outer", "Relation Name": "orders", "Alias": "orders", "Startup Cost": 14729.65, "Total Cost": 299784.84, "Plan Rows": 575746, "Plan Width": 16, "Actual Startup Time": 243.746, "Actual Total Time": 990.345, "Actual Rows": 573635, "Actual Loops": 1, "Recheck Cond": "((o_orderdate >= '1993-08-01 00:00:00'::timestamp(0) without time zone) AND (o_orderdate < '1993-11-01 00:00:00'::timestamp without time zone)), (LLVM Optimized, Jit Execute)", "Rows Removed by Index Recheck": 0, "Exact Heap Blocks": 242860, "Lossy Heap Blocks": 242860, "Plans": [{"Node Type": "Bitmap Index Scan", "Parent Relationship": "Outer", "Index Name": "idx_orders_orderdate", "Startup Cost": 0.0, "Total Cost": 14585.71, "Plan Rows": 575746, "Plan Width": 0, "Actual Startup Time": 167.421, "Actual Total Time": 167.421, "Actual Rows": 573635, "Actual Loops": 1, "Index Cond": "((o_orderdate >= '1993-08-01 00:00:00'::timestamp(0) without time zone) AND (o_orderdate < '1993-11-01 00:00:00'::timestamp without time zone))"}]}, {"Node Type": "Bitmap Heap Scan", "Parent Relationship": "Inner", "Relation Name": "customer", "Alias": "customer", "Startup Cost": 0.29, "Total Cost": 4.31, "Plan Rows": 1, "Plan Width": 153, "Actual Startup Time": 3875.53, "Actual Total Time": 3875.53, "Actual Rows": 573635, "Actual Loops": 573635, "Recheck Cond": "(c_custkey = orders.o_custkey)", "Rows Removed by Index Recheck": 0, "Exact Heap Blocks": 573635, "Lossy Heap Blocks": 573635, "Plans": [{"Node Type": "Bitmap Index Scan", "Parent Relationship": "Outer", "Index Name": "customer_pkey", "Startup Cost": 0.0, "Total Cost": 0.29, "Plan Rows": 1, "Plan Width": 0, "Actual Startup Time": 2415.796, "Actual Total Time": 2415.796, "Actual Rows": 573635, "Actual Loops": 573635, "Index Cond": "(c_custkey = orders.o_custkey)"}]}]}, {"Node Type": "Materialize", "Parent Relationship": "Inner", "Startup Cost": 0.0, "Total Cost": 1.38, "Plan Rows": 25, "Plan Width": 30, "Actual Startup Time": 76.882, "Actual Total Time": 654.756, "Actual Rows": 7445243, "Actual Loops": 573635, "Plans": [{"Node Type": "Seq Scan", "Parent Relationship": "Outer", "Relation Name": "nation", "Alias": "nation", "Startup Cost": 0.0, "Total Cost": 1.25, "Plan Rows": 25, "Plan Width": 30, "Actual Startup Time": 0.017, "Actual Total Time": 0.021, "Actual Rows": 25, "Actual Loops": 1}]}]}, {"Node Type": "Bitmap Heap Scan", "Parent Relationship": "Inner", "Relation Name": "lineitem", "Alias": "lineitem", "Startup Cost": 1.93, "Total Cost": 14.05, "Plan Rows": 3, "Plan Width": 24, "Actual Startup Time": 4972.78, "Actual Total Time": 5513.06, "Actual Rows": 1145969, "Actual Loops": 573635, "Recheck Cond": "(l_orderkey = orders.o_orderkey)", "Rows Removed by Index Recheck": 0, "Filter": "(l_returnflag = 'R'::bpchar)", "Rows Removed by Filter": 1146896, "Exact Heap Blocks": 614400, "Lossy Heap Blocks": 614400, "Plans": [{"Node Type": "Bitmap Index Scan", "Parent Relationship": "Outer", "Index Name": "idx_lineitem_orderkey", "Startup Cost": 0.0, "Total Cost": 1.92, "Plan Rows": 9, "Plan Width": 0, "Actual Startup Time": 2500.01, "Actual Total Time": 2500.01, "Actual Rows": 2292865, "Actual Loops": 573635, "Index Cond": "(l_orderkey = orders.o_orderkey)"}]}]}]}]}]}, "Triggers": [], "Planner Runtime": 0, "Total Runtime": 16571.796, "Unique SQL Id": 1604070524}}, "(64, 119)": {"explain_plan": {"Plan": {"Node Type": "Limit", "Startup Cost": 13443415.76, "Total Cost": 13443415.81, "Plan Rows": 20, "Plan Width": 199, "Plans": [{"Node Type": "Sort", "Parent Relationship": "Outer", "Startup Cost": 13443415.76, "Total Cost": 13447030.51, "Plan Rows": 20, "Plan Width": 199, "Sort Key": ["(sum((lineitem.l_extendedprice * (1::double precision - lineitem.l_discount)))) DESC"], "Plans": [{"Node Type": "Aggregate", "Strategy": "Hashed", "Parent Relationship": "Outer", "Startup Cost": 13390481.96, "Total Cost": 13404940.94, "Plan Rows": 1445898, "Plan Width": 199, "Group By Key": ["customer.c_custkey", "customer.c_name", "customer.c_acctbal", "customer.c_phone", "nation.n_name", "customer.c_address", "customer.c_comment"], "Plans": [{"Node Type": "Nested Loop", "Parent Relationship": "Outer", "Join Type": "Inner", "Startup Cost": 14732.12, "Total Cost": 13354334.51, "Plan Rows": 1445898, "Plan Width": 191, "Inner Unique": false, "Plans": [{"Node Type": "Nested Loop", "Parent Relationship": "Outer", "Join Type": "Inner", "Startup Cost": 14730.2, "Total Cost": 5249597.54, "Plan Rows": 575746, "Plan Width": 183, "Inner Unique": true, "Plans": [{"Node Type": "Nested Loop", "Parent Relationship": "Outer", "Join Type": "Inner", "Startup Cost": 14729.94, "Total Cost": 2785257.65, "Plan Rows": 575746, "Plan Width": 161, "Inner Unique": true, "Plans": [{"Node Type": "Bitmap Heap Scan", "Parent Relationship": "Outer", "Relation Name": "orders", "Alias": "orders", "Startup Cost": 14729.65, "Total Cost": 299784.84, "Plan Rows": 575746, "Plan Width": 16, "Recheck Cond": "((o_orderdate >= '1993-08-01 00:00:00'::timestamp(0) without time zone) AND (o_orderdate < '1993-11-01 00:00:00'::timestamp without time zone)), (LLVM Optimized)", "Plans": [{"Node Type": "Bitmap Index Scan", "Parent Relationship": "Outer", "Index Name": "idx_orders_orderdate", "Startup Cost": 0.0, "Total Cost": 14585.71, "Plan Rows": 575746, "Plan Width": 0, "Index Cond": "((o_orderdate >= '1993-08-01 00:00:00'::timestamp(0) without time zone) AND (o_orderdate < '1993-11-01 00:00:00'::timestamp without time zone))"}]}, {"Node Type": "Bitmap Heap Scan", "Parent Relationship": "Inner", "Relation Name": "customer", "Alias": "customer", "Startup Cost": 0.29, "Total Cost": 4.31, "Plan Rows": 1, "Plan Width": 153, "Recheck Cond": "(c_custkey = orders.o_custkey)", "Plans": [{"Node Type": "Bitmap Index Scan", "Parent Relationship": "Outer", "Index Name": "customer_pkey", "Startup Cost": 0.0, "Total Cost": 0.29, "Plan Rows": 1, "Plan Width": 0, "Index Cond": "(c_custkey = orders.o_custkey)"}]}]}, {"Node Type": "Bitmap Heap Scan", "Parent Relationship": "Inner", "Relation Name": "nation", "Alias": "nation", "Startup Cost": 0.26, "Total Cost": 4.27, "Plan Rows": 1, "Plan Width": 30, "Recheck Cond": "(n_nationkey = customer.c_nationkey)", "Plans": [{"Node Type": "Bitmap Index Scan", "Parent Relationship": "Outer", "Index Name": "nation_pkey", "Startup Cost": 0.0, "Total Cost": 0.26, "Plan Rows": 1, "Plan Width": 0, "Index Cond": "(n_nationkey = customer.c_nationkey)"}]}]}, {"Node Type": "Bitmap Heap Scan", "Parent Relationship": "Inner", "Relation Name": "lineitem", "Alias": "lineitem", "Startup Cost": 1.93, "Total Cost": 14.05, "Plan Rows": 3, "Plan Width": 24, "Recheck Cond": "(l_orderkey = orders.o_orderkey)", "Filter": "(l_returnflag = 'R'::bpchar)", "Plans": [{"Node Type": "Bitmap Index Scan", "Parent Relationship": "Outer", "Index Name": "idx_lineitem_orderkey", "Startup Cost": 0.0, "Total Cost": 1.92, "Plan Rows": 9, "Plan Width": 0, "Index Cond": "(l_orderkey = orders.o_orderkey)"}]}]}]}]}]}, "Unique SQL Id": 1604070524, "Planner Runtime": 0}, "explain_analyze_plan": {"Plan": {"Node Type": "Limit", "Startup Cost": 13443415.76, "Total Cost": 13443415.81, "Plan Rows": 20, "Plan Width": 199, "Actual Startup Time": 16957.333, "Actual Total Time": 16957.341, "Actual Rows": 20, "Actual Loops": 1, "Plans": [{"Node Type": "Sort", "Parent Relationship": "Outer", "Startup Cost": 13443415.76, "Total Cost": 13447030.51, "Plan Rows": 20, "Plan Width": 199, "Actual Startup Time": 16957.329, "Actual Total Time": 16957.334, "Actual Rows": 20, "Actual Loops": 1, "Sort Key": ["(sum((lineitem.l_extendedprice * (1::double precision - lineitem.l_discount)))) DESC"], "Sort Method": "top-N heapsort", "Sort Space Used": 35, "Sort Space Type": "Memory", "Plans": [{"Node Type": "Aggregate", "Strategy": "Hashed", "Parent Relationship": "Outer", "Startup Cost": 13390481.96, "Total Cost": 13404940.94, "Plan Rows": 1445898, "Plan Width": 199, "Actual Startup Time": 16583.968, "Actual Total Time": 16822.306, "Actual Rows": 381542, "Actual Loops": 1, "Group By Key": ["customer.c_custkey", "customer.c_name", "customer.c_acctbal", "customer.c_phone", "nation.n_name", "customer.c_address", "customer.c_comment"], "Plans": [{"Node Type": "Nested Loop", "Parent Relationship": "Outer", "Join Type": "Inner", "Startup Cost": 14732.12, "Total Cost": 13354334.51, "Plan Rows": 1445898, "Plan Width": 191, "Actual Startup Time": 241.783, "Actual Total Time": 14652.01, "Actual Rows": 1145969, "Actual Loops": 1, "Inner Unique": false, "Plans": [{"Node Type": "Nested Loop", "Parent Relationship": "Outer", "Join Type": "Inner", "Startup Cost": 14730.2, "Total Cost": 5249597.54, "Plan Rows": 575746, "Plan Width": 183, "Actual Startup Time": 241.73, "Actual Total Time": 8212.424, "Actual Rows": 573635, "Actual Loops": 1, "Inner Unique": true, "Plans": [{"Node Type": "Nested Loop", "Parent Relationship": "Outer", "Join Type": "Inner", "Startup Cost": 14729.94, "Total Cost": 2785257.65, "Plan Rows": 575746, "Plan Width": 161, "Actual Startup Time": 241.696, "Actual Total Time": 6036.117, "Actual Rows": 573635, "Actual Loops": 1, "Inner Unique": true, "Plans": [{"Node Type": "Bitmap Heap Scan", "Parent Relationship": "Outer", "Relation Name": "orders", "Alias": "orders", "Startup Cost": 14729.65, "Total Cost": 299784.84, "Plan Rows": 575746, "Plan Width": 16, "Actual Startup Time": 241.45, "Actual Total Time": 1047.688, "Actual Rows": 573635, "Actual Loops": 1, "Recheck Cond": "((o_orderdate >= '1993-08-01 00:00:00'::timestamp(0) without time zone) AND (o_orderdate < '1993-11-01 00:00:00'::timestamp without time zone)), (LLVM Optimized, Jit Execute)", "Rows Removed by Index Recheck": 0, "Exact Heap Blocks": 242860, "Lossy Heap Blocks": 242860, "Plans": [{"Node Type": "Bitmap Index Scan", "Parent Relationship": "Outer", "Index Name": "idx_orders_orderdate", "Startup Cost": 0.0, "Total Cost": 14585.71, "Plan Rows": 575746, "Plan Width": 0, "Actual Startup Time": 167.064, "Actual Total Time": 167.064, "Actual Rows": 573635, "Actual Loops": 1, "Index Cond": "((o_orderdate >= '1993-08-01 00:00:00'::timestamp(0) without time zone) AND (o_orderdate < '1993-11-01 00:00:00'::timestamp without time zone))"}]}, {"Node Type": "Bitmap Heap Scan", "Parent Relationship": "Inner", "Relation Name": "customer", "Alias": "customer", "Startup Cost": 0.29, "Total Cost": 4.31, "Plan Rows": 1, "Plan Width": 153, "Actual Startup Time": 4129.14, "Actual Total Time": 4129.14, "Actual Rows": 573635, "Actual Loops": 573635, "Recheck Cond": "(c_custkey = orders.o_custkey)", "Rows Removed by Index Recheck": 0, "Exact Heap Blocks": 573635, "Lossy Heap Blocks": 573635, "Plans": [{"Node Type": "Bitmap Index Scan", "Parent Relationship": "Outer", "Index Name": "customer_pkey", "Startup Cost": 0.0, "Total Cost": 0.29, "Plan Rows": 1, "Plan Width": 0, "Actual Startup Time": 2565.96, "Actual Total Time": 2565.96, "Actual Rows": 573635, "Actual Loops": 573635, "Index Cond": "(c_custkey = orders.o_custkey)"}]}]}, {"Node Type": "Bitmap Heap Scan", "Parent Relationship": "Inner", "Relation Name": "nation", "Alias": "nation", "Startup Cost": 0.26, "Total Cost": 4.27, "Plan Rows": 1, "Plan Width": 30, "Actual Startup Time": 1398.487, "Actual Total Time": 1398.487, "Actual Rows": 573635, "Actual Loops": 573635, "Recheck Cond": "(n_nationkey = customer.c_nationkey)", "Rows Removed by Index Recheck": 0, "Exact Heap Blocks": 573635, "Lossy Heap Blocks": 573635, "Plans": [{"Node Type": "Bitmap Index Scan", "Parent Relationship": "Outer", "Index Name": "nation_pkey", "Startup Cost": 0.0, "Total Cost": 0.26, "Plan Rows": 1, "Plan Width": 0, "Actual Startup Time": 610.04, "Actual Total Time": 610.04, "Actual Rows": 573635, "Actual Loops": 573635, "Index Cond": "(n_nationkey = customer.c_nationkey)"}]}]}, {"Node Type": "Bitmap Heap Scan", "Parent Relationship": "Inner", "Relation Name": "lineitem", "Alias": "lineitem", "Startup Cost": 1.93, "Total Cost": 14.05, "Plan Rows": 3, "Plan Width": 24, "Actual Startup Time": 4947.793, "Actual Total Time": 5480.067, "Actual Rows": 1145969, "Actual Loops": 573635, "Recheck Cond": "(l_orderkey = orders.o_orderkey)", "Rows Removed by Index Recheck": 0, "Filter": "(l_returnflag = 'R'::bpchar)", "Rows Removed by Filter": 1146896, "Exact Heap Blocks": 614400, "Lossy Heap Blocks": 614400, "Plans": [{"Node Type": "Bitmap Index Scan", "Parent Relationship": "Outer", "Index Name": "idx_lineitem_orderkey", "Startup Cost": 0.0, "Total Cost": 1.92, "Plan Rows": 9, "Plan Width": 0, "Actual Startup Time": 2505.557, "Actual Total Time": 2505.557, "Actual Rows": 2292865, "Actual Loops": 573635, "Index Cond": "(l_orderkey = orders.o_orderkey)"}]}]}]}]}]}, "Triggers": [], "Planner Runtime": 0, "Total Runtime": 16967.566, "Unique SQL Id": 1604070524}}, "(64, 120)": {"explain_plan": {"Plan": {"Node Type": "Limit", "Startup Cost": 4199172.25, "Total Cost": 4199172.3, "Plan Rows": 20, "Plan Width": 199, "Plans": [{"Node Type": "Sort", "Parent Relationship": "Outer", "Startup Cost": 4199172.25, "Total Cost": 4202787.0, "Plan Rows": 20, "Plan Width": 199, "Sort Key": ["(sum((lineitem.l_extendedprice * (1::double precision - lineitem.l_discount)))) DESC"], "Plans": [{"Node Type": "Aggregate", "Strategy": "Hashed", "Parent Relationship": "Outer", "Startup Cost": 4146238.45, "Total Cost": 4160697.43, "Plan Rows": 1445898, "Plan Width": 199, "Group By Key": ["customer.c_custkey", "customer.c_name", "customer.c_acctbal", "customer.c_phone", "nation.n_name", "customer.c_address", "customer.c_comment"], "Plans": [{"Node Type": "Nested Loop", "Parent Relationship": "Outer", "Join Type": "Inner", "Startup Cost": 578.97, "Total Cost": 4110091.0, "Plan Rows": 1445898, "Plan Width": 191, "Inner Unique": false, "Plans": [{"Node Type": "Nested Loop", "Parent Relationship": "Outer", "Join Type": "Inner", "Startup Cost": 578.97, "Total Cost": 993473.55, "Plan Rows": 575746, "Plan Width": 183, "Inner Unique": true, "Plans": [{"Node Type": "Nested Loop", "Parent Relationship": "Outer", "Join Type": "Inner", "Startup Cost": 578.97, "Total Cost": 832260.06, "Plan Rows": 575746, "Plan Width": 161, "Inner Unique": true, "Plans": [{"Node Type": "Seq Scan", "Parent Relationship": "Outer", "Relation Name": "orders", "Alias": "orders", "Startup Cost": 578.97, "Total Cost": 501411.18, "Plan Rows": 575746, "Plan Width": 16, "Filter": "((o_orderdate >= '1993-08-01 00:00:00'::timestamp(0) without time zone) AND (o_orderdate < '1993-11-01 00:00:00'::timestamp without time zone)), (LLVM Optimized)"}, {"Node Type": "Index Scan", "Parent Relationship": "Inner", "Scan Direction": "Forward", "Index Name": "customer_pkey", "Relation Name": "customer", "Alias": "customer", "Startup Cost": 0.0, "Total Cost": 0.56, "Plan Rows": 1, "Plan Width": 153, "Index Cond": "(c_custkey = orders.o_custkey)"}]}, {"Node Type": "Index Scan", "Parent Relationship": "Inner", "Scan Direction": "Forward", "Index Name": "nation_pkey", "Relation Name": "nation", "Alias": "nation", "Startup Cost": 0.0, "Total Cost": 0.27, "Plan Rows": 1, "Plan Width": 30, "Index Cond": "(n_nationkey = customer.c_nationkey)"}]}, {"Node Type": "Index Scan", "Parent Relationship": "Inner", "Scan Direction": "Forward", "Index Name": "idx_lineitem_orderkey", "Relation Name": "lineitem", "Alias": "lineitem", "Startup Cost": 0.0, "Total Cost": 5.38, "Plan Rows": 3, "Plan Width": 24, "Index Cond": "(l_orderkey = orders.o_orderkey)", "Filter": "(l_returnflag = 'R'::bpchar)"}]}]}]}]}, "Unique SQL Id": 1604070524, "Planner Runtime": 0}, "explain_analyze_plan": {"Plan": {"Node Type": "Limit", "Startup Cost": 4199172.25, "Total Cost": 4199172.3, "Plan Rows": 20, "Plan Width": 199, "Actual Startup Time": 18031.219, "Actual Total Time": 18031.224, "Actual Rows": 20, "Actual Loops": 1, "Plans": [{"Node Type": "Sort", "Parent Relationship": "Outer", "Startup Cost": 4199172.25, "Total Cost": 4202787.0, "Plan Rows": 20, "Plan Width": 199, "Actual Startup Time": 18031.216, "Actual Total Time": 18031.218, "Actual Rows": 20, "Actual Loops": 1, "Sort Key": ["(sum((lineitem.l_extendedprice * (1::double precision - lineitem.l_discount)))) DESC"], "Sort Method": "top-N heapsort", "Sort Space Used": 35, "Sort Space Type": "Memory", "Plans": [{"Node Type": "Aggregate", "Strategy": "Hashed", "Parent Relationship": "Outer", "Startup Cost": 4146238.45, "Total Cost": 4160697.43, "Plan Rows": 1445898, "Plan Width": 199, "Actual Startup Time": 17681.625, "Actual Total Time": 17897.161, "Actual Rows": 381542, "Actual Loops": 1, "Group By Key": ["customer.c_custkey", "customer.c_name", "customer.c_acctbal", "customer.c_phone", "nation.n_name", "customer.c_address", "customer.c_comment"], "Plans": [{"Node Type": "Nested Loop", "Parent Relationship": "Outer", "Join Type": "Inner", "Startup Cost": 578.97, "Total Cost": 4110091.0, "Plan Rows": 1445898, "Plan Width": 191, "Actual Startup Time": 0.105, "Actual Total Time": 15785.978, "Actual Rows": 1145969, "Actual Loops": 1, "Inner Unique": false, "Plans": [{"Node Type": "Nested Loop", "Parent Relationship": "Outer", "Join Type": "Inner", "Startup Cost": 578.97, "Total Cost": 993473.55, "Plan Rows": 575746, "Plan Width": 183, "Actual Startup Time": 0.085, "Actual Total Time": 10181.492, "Actual Rows": 573635, "Actual Loops": 1, "Inner Unique": true, "Plans": [{"Node Type": "Nested Loop", "Parent Relationship": "Outer", "Join Type": "Inner", "Startup Cost": 578.97, "Total Cost": 832260.06, "Plan Rows": 575746, "Plan Width": 161, "Actual Startup Time": 0.078, "Actual Total Time": 8923.479, "Actual Rows": 573635, "Actual Loops": 1, "Inner Unique": true, "Plans": [{"Node Type": "Seq Scan", "Parent Relationship": "Outer", "Relation Name": "orders", "Alias": "orders", "Startup Cost": 578.97, "Total Cost": 501411.18, "Plan Rows": 575746, "Plan Width": 16, "Actual Startup Time": 0.043, "Actual Total Time": 4933.172, "Actual Rows": 573635, "Actual Loops": 1, "Filter": "((o_orderdate >= '1993-08-01 00:00:00'::timestamp(0) without time zone) AND (o_orderdate < '1993-11-01 00:00:00'::timestamp without time zone)), (LLVM Optimized, Jit Execute)", "Rows Removed by Filter": 14426365}, {"Node Type": "Index Scan", "Parent Relationship": "Inner", "Scan Direction": "Forward", "Index Name": "customer_pkey", "Relation Name": "customer", "Alias": "customer", "Startup Cost": 0.0, "Total Cost": 0.56, "Plan Rows": 1, "Plan Width": 153, "Actual Startup Time": 3465.512, "Actual Total Time": 3465.512, "Actual Rows": 573635, "Actual Loops": 573635, "Index Cond": "(c_custkey = orders.o_custkey)", "Rows Removed by Index Recheck": 0}]}, {"Node Type": "Index Scan", "Parent Relationship": "Inner", "Scan Direction": "Forward", "Index Name": "nation_pkey", "Relation Name": "nation", "Alias": "nation", "Startup Cost": 0.0, "Total Cost": 0.27, "Plan Rows": 1, "Plan Width": 30, "Actual Startup Time": 804.742, "Actual Total Time": 804.742, "Actual Rows": 573635, "Actual Loops": 573635, "Index Cond": "(n_nationkey = customer.c_nationkey)", "Rows Removed by Index Recheck": 0}]}, {"Node Type": "Index Scan", "Parent Relationship": "Inner", "Scan Direction": "Forward", "Index Name": "idx_lineitem_orderkey", "Relation Name": "lineitem", "Alias": "lineitem", "Startup Cost": 0.0, "Total Cost": 5.38, "Plan Rows": 3, "Plan Width": 24, "Actual Startup Time": 3722.396, "Actual Total Time": 5006.55, "Actual Rows": 1145969, "Actual Loops": 573635, "Index Cond": "(l_orderkey = orders.o_orderkey)", "Rows Removed by Index Recheck": 0, "Filter": "(l_returnflag = 'R'::bpchar)", "Rows Removed by Filter": 1146896}]}]}]}]}, "Triggers": [], "Planner Runtime": 0, "Total Runtime": 18041.053, "Unique SQL Id": 1604070524}}, "(64, 121)": {"explain_plan": {"Plan": {"Node Type": "Limit", "Startup Cost": 4503736.9, "Total Cost": 4503736.95, "Plan Rows": 20, "Plan Width": 199, "Plans": [{"Node Type": "Sort", "Parent Relationship": "Outer", "Startup Cost": 4503736.9, "Total Cost": 4507351.64, "Plan Rows": 20, "Plan Width": 199, "Sort Key": ["(sum((lineitem.l_extendedprice * (1::double precision - lineitem.l_discount)))) DESC"], "Plans": [{"Node Type": "Aggregate", "Strategy": "Hashed", "Parent Relationship": "Outer", "Startup Cost": 4450803.09, "Total Cost": 4465262.07, "Plan Rows": 1445898, "Plan Width": 199, "Group By Key": ["customer.c_custkey", "customer.c_name", "customer.c_acctbal", "customer.c_phone", "nation.n_name", "customer.c_address", "customer.c_comment"], "Plans": [{"Node Type": "Nested Loop", "Parent Relationship": "Outer", "Join Type": "Inner", "Startup Cost": 0.0, "Total Cost": 4414655.64, "Plan Rows": 1445898, "Plan Width": 191, "Inner Unique": false, "Plans": [{"Node Type": "Nested Loop", "Parent Relationship": "Outer", "Join Type": "Inner", "Startup Cost": 0.0, "Total Cost": 1298038.2, "Plan Rows": 575746, "Plan Width": 183, "Inner Unique": true, "Plans": [{"Node Type": "Nested Loop", "Parent Relationship": "Outer", "Join Type": "Inner", "Startup Cost": 0.0, "Total Cost": 1136824.71, "Plan Rows": 575746, "Plan Width": 161, "Inner Unique": true, "Plans": [{"Node Type": "Index Scan", "Parent Relationship": "Outer", "Scan Direction": "Forward", "Index Name": "orders_pkey", "Relation Name": "orders", "Alias": "orders", "Startup Cost": 0.0, "Total Cost": 805975.83, "Plan Rows": 575746, "Plan Width": 16, "Filter": "((o_orderdate >= '1993-08-01 00:00:00'::timestamp(0) without time zone) AND (o_orderdate < '1993-11-01 00:00:00'::timestamp without time zone)), (LLVM Optimized)"}, {"Node Type": "Index Scan", "Parent Relationship": "Inner", "Scan Direction": "Forward", "Index Name": "customer_pkey", "Relation Name": "customer", "Alias": "customer", "Startup Cost": 0.0, "Total Cost": 0.56, "Plan Rows": 1, "Plan Width": 153, "Index Cond": "(c_custkey = orders.o_custkey)"}]}, {"Node Type": "Index Scan", "Parent Relationship": "Inner", "Scan Direction": "Forward", "Index Name": "nation_pkey", "Relation Name": "nation", "Alias": "nation", "Startup Cost": 0.0, "Total Cost": 0.27, "Plan Rows": 1, "Plan Width": 30, "Index Cond": "(n_nationkey = customer.c_nationkey)"}]}, {"Node Type": "Index Scan", "Parent Relationship": "Inner", "Scan Direction": "Forward", "Index Name": "idx_lineitem_orderkey", "Relation Name": "lineitem", "Alias": "lineitem", "Startup Cost": 0.0, "Total Cost": 5.38, "Plan Rows": 3, "Plan Width": 24, "Index Cond": "(l_orderkey = orders.o_orderkey)", "Filter": "(l_returnflag = 'R'::bpchar)"}]}]}]}]}, "Unique SQL Id": 1604070524, "Planner Runtime": 0}, "explain_analyze_plan": {"Plan": {"Node Type": "Limit", "Startup Cost": 4503736.9, "Total Cost": 4503736.95, "Plan Rows": 20, "Plan Width": 199, "Actual Startup Time": 23209.545, "Actual Total Time": 23209.552, "Actual Rows": 20, "Actual Loops": 1, "Plans": [{"Node Type": "Sort", "Parent Relationship": "Outer", "Startup Cost": 4503736.9, "Total Cost": 4507351.64, "Plan Rows": 20, "Plan Width": 199, "Actual Startup Time": 23209.541, "Actual Total Time": 23209.546, "Actual Rows": 20, "Actual Loops": 1, "Sort Key": ["(sum((lineitem.l_extendedprice * (1::double precision - lineitem.l_discount)))) DESC"], "Sort Method": "top-N heapsort", "Sort Space Used": 35, "Sort Space Type": "Memory", "Plans": [{"Node Type": "Aggregate", "Strategy": "Hashed", "Parent Relationship": "Outer", "Startup Cost": 4450803.09, "Total Cost": 4465262.07, "Plan Rows": 1445898, "Plan Width": 199, "Actual Startup Time": 22769.929, "Actual Total Time": 23071.944, "Actual Rows": 381542, "Actual Loops": 1, "Group By Key": ["customer.c_custkey", "customer.c_name", "customer.c_acctbal", "customer.c_phone", "nation.n_name", "customer.c_address", "customer.c_comment"], "Plans": [{"Node Type": "Nested Loop", "Parent Relationship": "Outer", "Join Type": "Inner", "Startup Cost": 0.0, "Total Cost": 4414655.64, "Plan Rows": 1445898, "Plan Width": 191, "Actual Startup Time": 0.118, "Actual Total Time": 20843.626, "Actual Rows": 1145969, "Actual Loops": 1, "Inner Unique": false, "Plans": [{"Node Type": "Nested Loop", "Parent Relationship": "Outer", "Join Type": "Inner", "Startup Cost": 0.0, "Total Cost": 1298038.2, "Plan Rows": 575746, "Plan Width": 183, "Actual Startup Time": 0.099, "Actual Total Time": 15207.695, "Actual Rows": 573635, "Actual Loops": 1, "Inner Unique": true, "Plans": [{"Node Type": "Nested Loop", "Parent Relationship": "Outer", "Join Type": "Inner", "Startup Cost": 0.0, "Total Cost": 1136824.71, "Plan Rows": 575746, "Plan Width": 161, "Actual Startup Time": 0.09, "Actual Total Time": 13947.394, "Actual Rows": 573635, "Actual Loops": 1, "Inner Unique": true, "Plans": [{"Node Type": "Index Scan", "Parent Relationship": "Outer", "Scan Direction": "Forward", "Index Name": "orders_pkey", "Relation Name": "orders", "Alias": "orders", "Startup Cost": 0.0, "Total Cost": 805975.83, "Plan Rows": 575746, "Plan Width": 16, "Actual Startup Time": 0.068, "Actual Total Time": 9862.101, "Actual Rows": 573635, "Actual Loops": 1, "Filter": "((o_orderdate >= '1993-08-01 00:00:00'::timestamp(0) without time zone) AND (o_orderdate < '1993-11-01 00:00:00'::timestamp without time zone)), (LLVM Optimized, Jit Execute)", "Rows Removed by Filter": 14426365}, {"Node Type": "Index Scan", "Parent Relationship": "Inner", "Scan Direction": "Forward", "Index Name": "customer_pkey", "Relation Name": "customer", "Alias": "customer", "Startup Cost": 0.0, "Total Cost": 0.56, "Plan Rows": 1, "Plan Width": 153, "Actual Startup Time": 3547.415, "Actual Total Time": 3547.415, "Actual Rows": 573635, "Actual Loops": 573635, "Index Cond": "(c_custkey = orders.o_custkey)", "Rows Removed by Index Recheck": 0}]}, {"Node Type": "Index Scan", "Parent Relationship": "Inner", "Scan Direction": "Forward", "Index Name": "nation_pkey", "Relation Name": "nation", "Alias": "nation", "Startup Cost": 0.0, "Total Cost": 0.27, "Plan Rows": 1, "Plan Width": 30, "Actual Startup Time": 802.022, "Actual Total Time": 802.022, "Actual Rows": 573635, "Actual Loops": 573635, "Index Cond": "(n_nationkey = customer.c_nationkey)", "Rows Removed by Index Recheck": 0}]}, {"Node Type": "Index Scan", "Parent Relationship": "Inner", "Scan Direction": "Forward", "Index Name": "idx_lineitem_orderkey", "Relation Name": "lineitem", "Alias": "lineitem", "Startup Cost": 0.0, "Total Cost": 5.38, "Plan Rows": 3, "Plan Width": 24, "Actual Startup Time": 3761.789, "Actual Total Time": 5048.072, "Actual Rows": 1145969, "Actual Loops": 573635, "Index Cond": "(l_orderkey = orders.o_orderkey)", "Rows Removed by Index Recheck": 0, "Filter": "(l_returnflag = 'R'::bpchar)", "Rows Removed by Filter": 1146896}]}]}]}]}, "Triggers": [], "Planner Runtime": 0, "Total Runtime": 23219.351, "Unique SQL Id": 1604070524}}, "(64, 122)": {"explain_plan": {"Plan": {"Node Type": "Limit", "Startup Cost": 141076995099.86, "Total Cost": 141076995099.91, "Plan Rows": 20, "Plan Width": 199, "Plans": [{"Node Type": "Sort", "Parent Relationship": "Outer", "Startup Cost": 141076995099.86, "Total Cost": 141076998714.6, "Plan Rows": 20, "Plan Width": 199, "Sort Key": ["(sum((lineitem.l_extendedprice * (1::double precision - lineitem.l_discount)))) DESC"], "Plans": [{"Node Type": "Aggregate", "Strategy": "Hashed", "Parent Relationship": "Outer", "Startup Cost": 141076942166.05, "Total Cost": 141076956625.03, "Plan Rows": 1445898, "Plan Width": 199, "Group By Key": ["customer.c_custkey", "customer.c_name", "customer.c_acctbal", "customer.c_phone", "nation.n_name", "customer.c_address", "customer.c_comment"], "Plans": [{"Node Type": "Nested Loop", "Parent Relationship": "Outer", "Join Type": "Inner", "Startup Cost": 578.97, "Total Cost": 141076906018.6, "Plan Rows": 1445898, "Plan Width": 191, "Inner Unique": false, "Join Filter": "(orders.o_orderkey = lineitem.l_orderkey), (LLVM Optimized)", "Plans": [{"Node Type": "Seq Scan", "Parent Relationship": "Outer", "Relation Name": "lineitem", "Alias": "lineitem", "Startup Cost": 0.0, "Total Cost": 2165082.91, "Plan Rows": 14835209, "Plan Width": 24, "Filter": "(l_returnflag = 'R'::bpchar), (LLVM Optimized)"}, {"Node Type": "Materialize", "Parent Relationship": "Inner", "Startup Cost": 578.97, "Total Cost": 12955058761.34, "Plan Rows": 575746, "Plan Width": 183, "Plans": [{"Node Type": "Nested Loop", "Parent Relationship": "Outer", "Join Type": "Inner", "Startup Cost": 578.97, "Total Cost": 12955055882.61, "Plan Rows": 575746, "Plan Width": 183, "Inner Unique": true, "Join Filter": "(customer.c_nationkey = nation.n_nationkey), (LLVM Optimized)", "Plans": [{"Node Type": "Nested Loop", "Parent Relationship": "Outer", "Join Type": "Inner", "Startup Cost": 578.97, "Total Cost": 12954839976.55, "Plan Rows": 575746, "Plan Width": 161, "Inner Unique": false, "Join Filter": "(customer.c_custkey = orders.o_custkey), (LLVM Optimized)", "Plans": [{"Node Type": "Seq Scan", "Parent Relationship": "Outer", "Relation Name": "customer", "Alias": "customer", "Startup Cost": 0.0, "Total Cost": 52126.0, "Plan Rows": 1500000, "Plan Width": 153}, {"Node Type": "Materialize", "Parent Relationship": "Inner", "Startup Cost": 578.97, "Total Cost": 504289.91, "Plan Rows": 575746, "Plan Width": 16, "Plans": [{"Node Type": "Seq Scan", "Parent Relationship": "Outer", "Relation Name": "orders", "Alias": "orders", "Startup Cost": 578.97, "Total Cost": 501411.18, "Plan Rows": 575746, "Plan Width": 16, "Filter": "((o_orderdate >= '1993-08-01 00:00:00'::timestamp(0) without time zone) AND (o_orderdate < '1993-11-01 00:00:00'::timestamp without time zone)), (LLVM Optimized)"}]}]}, {"Node Type": "Materialize", "Parent Relationship": "Inner", "Startup Cost": 0.0, "Total Cost": 1.38, "Plan Rows": 25, "Plan Width": 30, "Plans": [{"Node Type": "Seq Scan", "Parent Relationship": "Outer", "Relation Name": "nation", "Alias": "nation", "Startup Cost": 0.0, "Total Cost": 1.25, "Plan Rows": 25, "Plan Width": 30}]}]}]}]}]}]}]}, "Unique SQL Id": 1604070524, "Planner Runtime": 0}, "explain_analyze_plan": null}, "(64, 123)": {"explain_plan": {"Plan": {"Node Type": "Limit", "Startup Cost": 4141501966303.01, "Total Cost": 4141501966303.06, "Plan Rows": 20, "Plan Width": 199, "Plans": [{"Node Type": "Sort", "Parent Relationship": "Outer", "Startup Cost": 4141501966303.01, "Total Cost": 4141501969917.76, "Plan Rows": 20, "Plan Width": 199, "Sort Key": ["(sum((lineitem.l_extendedprice * (1::double precision - lineitem.l_discount)))) DESC"], "Plans": [{"Node Type": "Aggregate", "Strategy": "Hashed", "Parent Relationship": "Outer", "Startup Cost": 4141501913369.21, "Total Cost": 4141501927828.19, "Plan Rows": 1445898, "Plan Width": 199, "Group By Key": ["customer.c_custkey", "customer.c_name", "customer.c_acctbal", "customer.c_phone", "nation.n_name", "customer.c_address", "customer.c_comment"], "Plans": [{"Node Type": "Nested Loop", "Parent Relationship": "Outer", "Join Type": "Inner", "Startup Cost": 40000000000.0, "Total Cost": 4141501877221.76, "Plan Rows": 1445898, "Plan Width": 191, "Inner Unique": false, "Join Filter": "(orders.o_orderkey = lineitem.l_orderkey), (LLVM Optimized)", "Plans": [{"Node Type": "Index Scan", "Parent Relationship": "Outer", "Scan Direction": "Forward", "Index Name": "idx_lineitem_orderkey", "Relation Name": "lineitem", "Alias": "lineitem", "Startup Cost": 10000000000.0, "Total Cost": 1000339012132.75, "Plan Rows": 14835209, "Plan Width": 24, "Filter": "(l_returnflag = 'R'::bpchar), (LLVM Optimized)"}, {"Node Type": "Materialize", "Parent Relationship": "Inner", "Startup Cost": 30000000000.0, "Total Cost": 3013043182914.66, "Plan Rows": 575746, "Plan Width": 183, "Plans": [{"Node Type": "Nested Loop", "Parent Relationship": "Outer", "Join Type": "Inner", "Startup Cost": 30000000000.0, "Total Cost": 3013043180035.93, "Plan Rows": 575746, "Plan Width": 183, "Inner Unique": true, "Join Filter": "(customer.c_nationkey = nation.n_nationkey), (LLVM Optimized)", "Plans": [{"Node Type": "Nested Loop", "Parent Relationship": "Outer", "Join Type": "Inner", "Startup Cost": 20000000000.0, "Total Cost": 2013042962868.62, "Plan Rows": 575746, "Plan Width": 161, "Inner Unique": true, "Join Filter": "(customer.c_custkey = orders.o_custkey), (LLVM Optimized)", "Plans": [{"Node Type": "Index Scan", "Parent Relationship": "Outer", "Scan Direction": "Forward", "Index Name": "orders_pkey", "Relation Name": "orders", "Alias": "orders", "Startup Cost": 10000000000.0, "Total Cost": 1000080597583.0, "Plan Rows": 575746, "Plan Width": 16, "Filter": "((o_orderdate >= '1993-08-01 00:00:00'::timestamp(0) without time zone) AND (o_orderdate < '1993-11-01 00:00:00'::timestamp without time zone)), (LLVM Optimized)"}, {"Node Type": "Materialize", "Parent Relationship": "Inner", "Startup Cost": 10000000000.0, "Total Cost": 1000008084035.62, "Plan Rows": 1500000, "Plan Width": 153, "Plans": [{"Node Type": "Index Scan", "Parent Relationship": "Outer", "Scan Direction": "Forward", "Index Name": "customer_pkey", "Relation Name": "customer", "Alias": "customer", "Startup Cost": 10000000000.0, "Total Cost": 1000008076535.62, "Plan Rows": 1500000, "Plan Width": 153}]}]}, {"Node Type": "Materialize", "Parent Relationship": "Inner", "Startup Cost": 10000000000.0, "Total Cost": 1000000001262.62, "Plan Rows": 25, "Plan Width": 30, "Plans": [{"Node Type": "Index Scan", "Parent Relationship": "Outer", "Scan Direction": "Forward", "Index Name": "nation_pkey", "Relation Name": "nation", "Alias": "nation", "Startup Cost": 10000000000.0, "Total Cost": 1000000001262.5, "Plan Rows": 25, "Plan Width": 30}]}]}]}]}]}]}]}, "Unique SQL Id": 1604070524, "Planner Runtime": 0}, "explain_analyze_plan": null}, "(64, 124)": {"explain_plan": {"Plan": {"Node Type": "Limit", "Startup Cost": 4199172.25, "Total Cost": 4199172.3, "Plan Rows": 20, "Plan Width": 199, "Plans": [{"Node Type": "Sort", "Parent Relationship": "Outer", "Startup Cost": 4199172.25, "Total Cost": 4202787.0, "Plan Rows": 20, "Plan Width": 199, "Sort Key": ["(sum((lineitem.l_extendedprice * (1::double precision - lineitem.l_discount)))) DESC"], "Plans": [{"Node Type": "Aggregate", "Strategy": "Hashed", "Parent Relationship": "Outer", "Startup Cost": 4146238.45, "Total Cost": 4160697.43, "Plan Rows": 1445898, "Plan Width": 199, "Group By Key": ["customer.c_custkey", "customer.c_name", "customer.c_acctbal", "customer.c_phone", "nation.n_name", "customer.c_address", "customer.c_comment"], "Plans": [{"Node Type": "Nested Loop", "Parent Relationship": "Outer", "Join Type": "Inner", "Startup Cost": 578.97, "Total Cost": 4110091.0, "Plan Rows": 1445898, "Plan Width": 191, "Inner Unique": false, "Plans": [{"Node Type": "Nested Loop", "Parent Relationship": "Outer", "Join Type": "Inner", "Startup Cost": 578.97, "Total Cost": 993473.55, "Plan Rows": 575746, "Plan Width": 183, "Inner Unique": true, "Plans": [{"Node Type": "Nested Loop", "Parent Relationship": "Outer", "Join Type": "Inner", "Startup Cost": 578.97, "Total Cost": 832260.06, "Plan Rows": 575746, "Plan Width": 161, "Inner Unique": true, "Plans": [{"Node Type": "Seq Scan", "Parent Relationship": "Outer", "Relation Name": "orders", "Alias": "orders", "Startup Cost": 578.97, "Total Cost": 501411.18, "Plan Rows": 575746, "Plan Width": 16, "Filter": "((o_orderdate >= '1993-08-01 00:00:00'::timestamp(0) without time zone) AND (o_orderdate < '1993-11-01 00:00:00'::timestamp without time zone)), (LLVM Optimized)"}, {"Node Type": "Index Scan", "Parent Relationship": "Inner", "Scan Direction": "Forward", "Index Name": "customer_pkey", "Relation Name": "customer", "Alias": "customer", "Startup Cost": 0.0, "Total Cost": 0.56, "Plan Rows": 1, "Plan Width": 153, "Index Cond": "(c_custkey = orders.o_custkey)"}]}, {"Node Type": "Index Scan", "Parent Relationship": "Inner", "Scan Direction": "Forward", "Index Name": "nation_pkey", "Relation Name": "nation", "Alias": "nation", "Startup Cost": 0.0, "Total Cost": 0.27, "Plan Rows": 1, "Plan Width": 30, "Index Cond": "(n_nationkey = customer.c_nationkey)"}]}, {"Node Type": "Index Scan", "Parent Relationship": "Inner", "Scan Direction": "Forward", "Index Name": "idx_lineitem_orderkey", "Relation Name": "lineitem", "Alias": "lineitem", "Startup Cost": 0.0, "Total Cost": 5.38, "Plan Rows": 3, "Plan Width": 24, "Index Cond": "(l_orderkey = orders.o_orderkey)", "Filter": "(l_returnflag = 'R'::bpchar)"}]}]}]}]}, "Unique SQL Id": 1604070524, "Planner Runtime": 0}, "explain_analyze_plan": {"Plan": {"Node Type": "Limit", "Startup Cost": 4199172.25, "Total Cost": 4199172.3, "Plan Rows": 20, "Plan Width": 199, "Actual Startup Time": 18031.219, "Actual Total Time": 18031.224, "Actual Rows": 20, "Actual Loops": 1, "Plans": [{"Node Type": "Sort", "Parent Relationship": "Outer", "Startup Cost": 4199172.25, "Total Cost": 4202787.0, "Plan Rows": 20, "Plan Width": 199, "Actual Startup Time": 18031.216, "Actual Total Time": 18031.218, "Actual Rows": 20, "Actual Loops": 1, "Sort Key": ["(sum((lineitem.l_extendedprice * (1::double precision - lineitem.l_discount)))) DESC"], "Sort Method": "top-N heapsort", "Sort Space Used": 35, "Sort Space Type": "Memory", "Plans": [{"Node Type": "Aggregate", "Strategy": "Hashed", "Parent Relationship": "Outer", "Startup Cost": 4146238.45, "Total Cost": 4160697.43, "Plan Rows": 1445898, "Plan Width": 199, "Actual Startup Time": 17681.625, "Actual Total Time": 17897.161, "Actual Rows": 381542, "Actual Loops": 1, "Group By Key": ["customer.c_custkey", "customer.c_name", "customer.c_acctbal", "customer.c_phone", "nation.n_name", "customer.c_address", "customer.c_comment"], "Plans": [{"Node Type": "Nested Loop", "Parent Relationship": "Outer", "Join Type": "Inner", "Startup Cost": 578.97, "Total Cost": 4110091.0, "Plan Rows": 1445898, "Plan Width": 191, "Actual Startup Time": 0.105, "Actual Total Time": 15785.978, "Actual Rows": 1145969, "Actual Loops": 1, "Inner Unique": false, "Plans": [{"Node Type": "Nested Loop", "Parent Relationship": "Outer", "Join Type": "Inner", "Startup Cost": 578.97, "Total Cost": 993473.55, "Plan Rows": 575746, "Plan Width": 183, "Actual Startup Time": 0.085, "Actual Total Time": 10181.492, "Actual Rows": 573635, "Actual Loops": 1, "Inner Unique": true, "Plans": [{"Node Type": "Nested Loop", "Parent Relationship": "Outer", "Join Type": "Inner", "Startup Cost": 578.97, "Total Cost": 832260.06, "Plan Rows": 575746, "Plan Width": 161, "Actual Startup Time": 0.078, "Actual Total Time": 8923.479, "Actual Rows": 573635, "Actual Loops": 1, "Inner Unique": true, "Plans": [{"Node Type": "Seq Scan", "Parent Relationship": "Outer", "Relation Name": "orders", "Alias": "orders", "Startup Cost": 578.97, "Total Cost": 501411.18, "Plan Rows": 575746, "Plan Width": 16, "Actual Startup Time": 0.043, "Actual Total Time": 4933.172, "Actual Rows": 573635, "Actual Loops": 1, "Filter": "((o_orderdate >= '1993-08-01 00:00:00'::timestamp(0) without time zone) AND (o_orderdate < '1993-11-01 00:00:00'::timestamp without time zone)), (LLVM Optimized, Jit Execute)", "Rows Removed by Filter": 14426365}, {"Node Type": "Index Scan", "Parent Relationship": "Inner", "Scan Direction": "Forward", "Index Name": "customer_pkey", "Relation Name": "customer", "Alias": "customer", "Startup Cost": 0.0, "Total Cost": 0.56, "Plan Rows": 1, "Plan Width": 153, "Actual Startup Time": 3465.512, "Actual Total Time": 3465.512, "Actual Rows": 573635, "Actual Loops": 573635, "Index Cond": "(c_custkey = orders.o_custkey)", "Rows Removed by Index Recheck": 0}]}, {"Node Type": "Index Scan", "Parent Relationship": "Inner", "Scan Direction": "Forward", "Index Name": "nation_pkey", "Relation Name": "nation", "Alias": "nation", "Startup Cost": 0.0, "Total Cost": 0.27, "Plan Rows": 1, "Plan Width": 30, "Actual Startup Time": 804.742, "Actual Total Time": 804.742, "Actual Rows": 573635, "Actual Loops": 573635, "Index Cond": "(n_nationkey = customer.c_nationkey)", "Rows Removed by Index Recheck": 0}]}, {"Node Type": "Index Scan", "Parent Relationship": "Inner", "Scan Direction": "Forward", "Index Name": "idx_lineitem_orderkey", "Relation Name": "lineitem", "Alias": "lineitem", "Startup Cost": 0.0, "Total Cost": 5.38, "Plan Rows": 3, "Plan Width": 24, "Actual Startup Time": 3722.396, "Actual Total Time": 5006.55, "Actual Rows": 1145969, "Actual Loops": 573635, "Index Cond": "(l_orderkey = orders.o_orderkey)", "Rows Removed by Index Recheck": 0, "Filter": "(l_returnflag = 'R'::bpchar)", "Rows Removed by Filter": 1146896}]}]}]}]}, "Triggers": [], "Planner Runtime": 0, "Total Runtime": 18041.053, "Unique SQL Id": 1604070524}}, "(64, 125)": {"explain_plan": {"Plan": {"Node Type": "Limit", "Startup Cost": 4503736.9, "Total Cost": 4503736.95, "Plan Rows": 20, "Plan Width": 199, "Plans": [{"Node Type": "Sort", "Parent Relationship": "Outer", "Startup Cost": 4503736.9, "Total Cost": 4507351.64, "Plan Rows": 20, "Plan Width": 199, "Sort Key": ["(sum((lineitem.l_extendedprice * (1::double precision - lineitem.l_discount)))) DESC"], "Plans": [{"Node Type": "Aggregate", "Strategy": "Hashed", "Parent Relationship": "Outer", "Startup Cost": 4450803.09, "Total Cost": 4465262.07, "Plan Rows": 1445898, "Plan Width": 199, "Group By Key": ["customer.c_custkey", "customer.c_name", "customer.c_acctbal", "customer.c_phone", "nation.n_name", "customer.c_address", "customer.c_comment"], "Plans": [{"Node Type": "Nested Loop", "Parent Relationship": "Outer", "Join Type": "Inner", "Startup Cost": 0.0, "Total Cost": 4414655.64, "Plan Rows": 1445898, "Plan Width": 191, "Inner Unique": false, "Plans": [{"Node Type": "Nested Loop", "Parent Relationship": "Outer", "Join Type": "Inner", "Startup Cost": 0.0, "Total Cost": 1298038.2, "Plan Rows": 575746, "Plan Width": 183, "Inner Unique": true, "Plans": [{"Node Type": "Nested Loop", "Parent Relationship": "Outer", "Join Type": "Inner", "Startup Cost": 0.0, "Total Cost": 1136824.71, "Plan Rows": 575746, "Plan Width": 161, "Inner Unique": true, "Plans": [{"Node Type": "Index Scan", "Parent Relationship": "Outer", "Scan Direction": "Forward", "Index Name": "orders_pkey", "Relation Name": "orders", "Alias": "orders", "Startup Cost": 0.0, "Total Cost": 805975.83, "Plan Rows": 575746, "Plan Width": 16, "Filter": "((o_orderdate >= '1993-08-01 00:00:00'::timestamp(0) without time zone) AND (o_orderdate < '1993-11-01 00:00:00'::timestamp without time zone)), (LLVM Optimized)"}, {"Node Type": "Index Scan", "Parent Relationship": "Inner", "Scan Direction": "Forward", "Index Name": "customer_pkey", "Relation Name": "customer", "Alias": "customer", "Startup Cost": 0.0, "Total Cost": 0.56, "Plan Rows": 1, "Plan Width": 153, "Index Cond": "(c_custkey = orders.o_custkey)"}]}, {"Node Type": "Index Scan", "Parent Relationship": "Inner", "Scan Direction": "Forward", "Index Name": "nation_pkey", "Relation Name": "nation", "Alias": "nation", "Startup Cost": 0.0, "Total Cost": 0.27, "Plan Rows": 1, "Plan Width": 30, "Index Cond": "(n_nationkey = customer.c_nationkey)"}]}, {"Node Type": "Index Scan", "Parent Relationship": "Inner", "Scan Direction": "Forward", "Index Name": "idx_lineitem_orderkey", "Relation Name": "lineitem", "Alias": "lineitem", "Startup Cost": 0.0, "Total Cost": 5.38, "Plan Rows": 3, "Plan Width": 24, "Index Cond": "(l_orderkey = orders.o_orderkey)", "Filter": "(l_returnflag = 'R'::bpchar)"}]}]}]}]}, "Unique SQL Id": 1604070524, "Planner Runtime": 0}, "explain_analyze_plan": {"Plan": {"Node Type": "Limit", "Startup Cost": 4503736.9, "Total Cost": 4503736.95, "Plan Rows": 20, "Plan Width": 199, "Actual Startup Time": 23209.545, "Actual Total Time": 23209.552, "Actual Rows": 20, "Actual Loops": 1, "Plans": [{"Node Type": "Sort", "Parent Relationship": "Outer", "Startup Cost": 4503736.9, "Total Cost": 4507351.64, "Plan Rows": 20, "Plan Width": 199, "Actual Startup Time": 23209.541, "Actual Total Time": 23209.546, "Actual Rows": 20, "Actual Loops": 1, "Sort Key": ["(sum((lineitem.l_extendedprice * (1::double precision - lineitem.l_discount)))) DESC"], "Sort Method": "top-N heapsort", "Sort Space Used": 35, "Sort Space Type": "Memory", "Plans": [{"Node Type": "Aggregate", "Strategy": "Hashed", "Parent Relationship": "Outer", "Startup Cost": 4450803.09, "Total Cost": 4465262.07, "Plan Rows": 1445898, "Plan Width": 199, "Actual Startup Time": 22769.929, "Actual Total Time": 23071.944, "Actual Rows": 381542, "Actual Loops": 1, "Group By Key": ["customer.c_custkey", "customer.c_name", "customer.c_acctbal", "customer.c_phone", "nation.n_name", "customer.c_address", "customer.c_comment"], "Plans": [{"Node Type": "Nested Loop", "Parent Relationship": "Outer", "Join Type": "Inner", "Startup Cost": 0.0, "Total Cost": 4414655.64, "Plan Rows": 1445898, "Plan Width": 191, "Actual Startup Time": 0.118, "Actual Total Time": 20843.626, "Actual Rows": 1145969, "Actual Loops": 1, "Inner Unique": false, "Plans": [{"Node Type": "Nested Loop", "Parent Relationship": "Outer", "Join Type": "Inner", "Startup Cost": 0.0, "Total Cost": 1298038.2, "Plan Rows": 575746, "Plan Width": 183, "Actual Startup Time": 0.099, "Actual Total Time": 15207.695, "Actual Rows": 573635, "Actual Loops": 1, "Inner Unique": true, "Plans": [{"Node Type": "Nested Loop", "Parent Relationship": "Outer", "Join Type": "Inner", "Startup Cost": 0.0, "Total Cost": 1136824.71, "Plan Rows": 575746, "Plan Width": 161, "Actual Startup Time": 0.09, "Actual Total Time": 13947.394, "Actual Rows": 573635, "Actual Loops": 1, "Inner Unique": true, "Plans": [{"Node Type": "Index Scan", "Parent Relationship": "Outer", "Scan Direction": "Forward", "Index Name": "orders_pkey", "Relation Name": "orders", "Alias": "orders", "Startup Cost": 0.0, "Total Cost": 805975.83, "Plan Rows": 575746, "Plan Width": 16, "Actual Startup Time": 0.068, "Actual Total Time": 9862.101, "Actual Rows": 573635, "Actual Loops": 1, "Filter": "((o_orderdate >= '1993-08-01 00:00:00'::timestamp(0) without time zone) AND (o_orderdate < '1993-11-01 00:00:00'::timestamp without time zone)), (LLVM Optimized, Jit Execute)", "Rows Removed by Filter": 14426365}, {"Node Type": "Index Scan", "Parent Relationship": "Inner", "Scan Direction": "Forward", "Index Name": "customer_pkey", "Relation Name": "customer", "Alias": "customer", "Startup Cost": 0.0, "Total Cost": 0.56, "Plan Rows": 1, "Plan Width": 153, "Actual Startup Time": 3547.415, "Actual Total Time": 3547.415, "Actual Rows": 573635, "Actual Loops": 573635, "Index Cond": "(c_custkey = orders.o_custkey)", "Rows Removed by Index Recheck": 0}]}, {"Node Type": "Index Scan", "Parent Relationship": "Inner", "Scan Direction": "Forward", "Index Name": "nation_pkey", "Relation Name": "nation", "Alias": "nation", "Startup Cost": 0.0, "Total Cost": 0.27, "Plan Rows": 1, "Plan Width": 30, "Actual Startup Time": 802.022, "Actual Total Time": 802.022, "Actual Rows": 573635, "Actual Loops": 573635, "Index Cond": "(n_nationkey = customer.c_nationkey)", "Rows Removed by Index Recheck": 0}]}, {"Node Type": "Index Scan", "Parent Relationship": "Inner", "Scan Direction": "Forward", "Index Name": "idx_lineitem_orderkey", "Relation Name": "lineitem", "Alias": "lineitem", "Startup Cost": 0.0, "Total Cost": 5.38, "Plan Rows": 3, "Plan Width": 24, "Actual Startup Time": 3761.789, "Actual Total Time": 5048.072, "Actual Rows": 1145969, "Actual Loops": 573635, "Index Cond": "(l_orderkey = orders.o_orderkey)", "Rows Removed by Index Recheck": 0, "Filter": "(l_returnflag = 'R'::bpchar)", "Rows Removed by Filter": 1146896}]}]}]}]}, "Triggers": [], "Planner Runtime": 0, "Total Runtime": 23219.351, "Unique SQL Id": 1604070524}}, "(64, 126)": {"explain_plan": {"Plan": {"Node Type": "Limit", "Startup Cost": 141076995099.86, "Total Cost": 141076995099.91, "Plan Rows": 20, "Plan Width": 199, "Plans": [{"Node Type": "Sort", "Parent Relationship": "Outer", "Startup Cost": 141076995099.86, "Total Cost": 141076998714.6, "Plan Rows": 20, "Plan Width": 199, "Sort Key": ["(sum((lineitem.l_extendedprice * (1::double precision - lineitem.l_discount)))) DESC"], "Plans": [{"Node Type": "Aggregate", "Strategy": "Hashed", "Parent Relationship": "Outer", "Startup Cost": 141076942166.05, "Total Cost": 141076956625.03, "Plan Rows": 1445898, "Plan Width": 199, "Group By Key": ["customer.c_custkey", "customer.c_name", "customer.c_acctbal", "customer.c_phone", "nation.n_name", "customer.c_address", "customer.c_comment"], "Plans": [{"Node Type": "Nested Loop", "Parent Relationship": "Outer", "Join Type": "Inner", "Startup Cost": 578.97, "Total Cost": 141076906018.6, "Plan Rows": 1445898, "Plan Width": 191, "Inner Unique": false, "Join Filter": "(orders.o_orderkey = lineitem.l_orderkey), (LLVM Optimized)", "Plans": [{"Node Type": "Seq Scan", "Parent Relationship": "Outer", "Relation Name": "lineitem", "Alias": "lineitem", "Startup Cost": 0.0, "Total Cost": 2165082.91, "Plan Rows": 14835209, "Plan Width": 24, "Filter": "(l_returnflag = 'R'::bpchar), (LLVM Optimized)"}, {"Node Type": "Materialize", "Parent Relationship": "Inner", "Startup Cost": 578.97, "Total Cost": 12955058761.34, "Plan Rows": 575746, "Plan Width": 183, "Plans": [{"Node Type": "Nested Loop", "Parent Relationship": "Outer", "Join Type": "Inner", "Startup Cost": 578.97, "Total Cost": 12955055882.61, "Plan Rows": 575746, "Plan Width": 183, "Inner Unique": true, "Join Filter": "(customer.c_nationkey = nation.n_nationkey), (LLVM Optimized)", "Plans": [{"Node Type": "Nested Loop", "Parent Relationship": "Outer", "Join Type": "Inner", "Startup Cost": 578.97, "Total Cost": 12954839976.55, "Plan Rows": 575746, "Plan Width": 161, "Inner Unique": false, "Join Filter": "(customer.c_custkey = orders.o_custkey), (LLVM Optimized)", "Plans": [{"Node Type": "Seq Scan", "Parent Relationship": "Outer", "Relation Name": "customer", "Alias": "customer", "Startup Cost": 0.0, "Total Cost": 52126.0, "Plan Rows": 1500000, "Plan Width": 153}, {"Node Type": "Materialize", "Parent Relationship": "Inner", "Startup Cost": 578.97, "Total Cost": 504289.91, "Plan Rows": 575746, "Plan Width": 16, "Plans": [{"Node Type": "Seq Scan", "Parent Relationship": "Outer", "Relation Name": "orders", "Alias": "orders", "Startup Cost": 578.97, "Total Cost": 501411.18, "Plan Rows": 575746, "Plan Width": 16, "Filter": "((o_orderdate >= '1993-08-01 00:00:00'::timestamp(0) without time zone) AND (o_orderdate < '1993-11-01 00:00:00'::timestamp without time zone)), (LLVM Optimized)"}]}]}, {"Node Type": "Materialize", "Parent Relationship": "Inner", "Startup Cost": 0.0, "Total Cost": 1.38, "Plan Rows": 25, "Plan Width": 30, "Plans": [{"Node Type": "Seq Scan", "Parent Relationship": "Outer", "Relation Name": "nation", "Alias": "nation", "Startup Cost": 0.0, "Total Cost": 1.25, "Plan Rows": 25, "Plan Width": 30}]}]}]}]}]}]}]}, "Unique SQL Id": 1604070524, "Planner Runtime": 0}, "explain_analyze_plan": null}, "(64, 127)": {"explain_plan": {"Plan": {"Node Type": "Limit", "Startup Cost": 4141501966303.01, "Total Cost": 4141501966303.06, "Plan Rows": 20, "Plan Width": 199, "Plans": [{"Node Type": "Sort", "Parent Relationship": "Outer", "Startup Cost": 4141501966303.01, "Total Cost": 4141501969917.76, "Plan Rows": 20, "Plan Width": 199, "Sort Key": ["(sum((lineitem.l_extendedprice * (1::double precision - lineitem.l_discount)))) DESC"], "Plans": [{"Node Type": "Aggregate", "Strategy": "Hashed", "Parent Relationship": "Outer", "Startup Cost": 4141501913369.21, "Total Cost": 4141501927828.19, "Plan Rows": 1445898, "Plan Width": 199, "Group By Key": ["customer.c_custkey", "customer.c_name", "customer.c_acctbal", "customer.c_phone", "nation.n_name", "customer.c_address", "customer.c_comment"], "Plans": [{"Node Type": "Nested Loop", "Parent Relationship": "Outer", "Join Type": "Inner", "Startup Cost": 40000000000.0, "Total Cost": 4141501877221.76, "Plan Rows": 1445898, "Plan Width": 191, "Inner Unique": false, "Join Filter": "(orders.o_orderkey = lineitem.l_orderkey), (LLVM Optimized)", "Plans": [{"Node Type": "Index Scan", "Parent Relationship": "Outer", "Scan Direction": "Forward", "Index Name": "idx_lineitem_orderkey", "Relation Name": "lineitem", "Alias": "lineitem", "Startup Cost": 10000000000.0, "Total Cost": 1000339012132.75, "Plan Rows": 14835209, "Plan Width": 24, "Filter": "(l_returnflag = 'R'::bpchar), (LLVM Optimized)"}, {"Node Type": "Materialize", "Parent Relationship": "Inner", "Startup Cost": 30000000000.0, "Total Cost": 3013043182914.66, "Plan Rows": 575746, "Plan Width": 183, "Plans": [{"Node Type": "Nested Loop", "Parent Relationship": "Outer", "Join Type": "Inner", "Startup Cost": 30000000000.0, "Total Cost": 3013043180035.93, "Plan Rows": 575746, "Plan Width": 183, "Inner Unique": true, "Join Filter": "(customer.c_nationkey = nation.n_nationkey), (LLVM Optimized)", "Plans": [{"Node Type": "Nested Loop", "Parent Relationship": "Outer", "Join Type": "Inner", "Startup Cost": 20000000000.0, "Total Cost": 2013042962868.62, "Plan Rows": 575746, "Plan Width": 161, "Inner Unique": true, "Join Filter": "(customer.c_custkey = orders.o_custkey), (LLVM Optimized)", "Plans": [{"Node Type": "Index Scan", "Parent Relationship": "Outer", "Scan Direction": "Forward", "Index Name": "orders_pkey", "Relation Name": "orders", "Alias": "orders", "Startup Cost": 10000000000.0, "Total Cost": 1000080597583.0, "Plan Rows": 575746, "Plan Width": 16, "Filter": "((o_orderdate >= '1993-08-01 00:00:00'::timestamp(0) without time zone) AND (o_orderdate < '1993-11-01 00:00:00'::timestamp without time zone)), (LLVM Optimized)"}, {"Node Type": "Materialize", "Parent Relationship": "Inner", "Startup Cost": 10000000000.0, "Total Cost": 1000008084035.62, "Plan Rows": 1500000, "Plan Width": 153, "Plans": [{"Node Type": "Index Scan", "Parent Relationship": "Outer", "Scan Direction": "Forward", "Index Name": "customer_pkey", "Relation Name": "customer", "Alias": "customer", "Startup Cost": 10000000000.0, "Total Cost": 1000008076535.62, "Plan Rows": 1500000, "Plan Width": 153}]}]}, {"Node Type": "Materialize", "Parent Relationship": "Inner", "Startup Cost": 10000000000.0, "Total Cost": 1000000001262.62, "Plan Rows": 25, "Plan Width": 30, "Plans": [{"Node Type": "Index Scan", "Parent Relationship": "Outer", "Scan Direction": "Forward", "Index Name": "nation_pkey", "Relation Name": "nation", "Alias": "nation", "Startup Cost": 10000000000.0, "Total Cost": 1000000001262.5, "Plan Rows": 25, "Plan Width": 30}]}]}]}]}]}]}]}, "Unique SQL Id": 1604070524, "Planner Runtime": 0}, "explain_analyze_plan": null}}