{"(1, 0)": {"explain_plan": {"Plan": {"Node Type": "Sort", "Startup Cost": 86957.11, "Total Cost": 87091.56, "Plan Rows": 53780, "Plan Width": 24, "Sort Key": ["(sum((public.partsupp.ps_supplycost * (public.partsupp.ps_availqty)::double precision))) DESC"], "Plans": [{"Node Type": "Aggregate", "Strategy": "Plain", "Parent Relationship": "exec_init_plan", "Subplan Name": "InitPlan 1 (returns $2)", "Startup Cost": 40760.67, "Total Cost": 40760.68, "Plan Rows": 1, "Plan Width": 24, "Plans": [{"Node Type": "Nested Loop", "Parent Relationship": "Outer", "Join Type": "Inner", "Startup Cost": 95.25, "Total Cost": 40357.32, "Plan Rows": 53780, "Plan Width": 16, "Inner Unique": false, "Plans": [{"Node Type": "Nested Loop", "Parent Relationship": "Outer", "Join Type": "Inner", "Startup Cost": 95.25, "Total Cost": 2533.35, "Plan Rows": 4000, "Plan Width": 8, "Inner Unique": false, "Plans": [{"Node Type": "Seq Scan", "Parent Relationship": "Outer", "Relation Name": "nation", "Alias": "nation", "Startup Cost": 0.0, "Total Cost": 1.31, "Plan Rows": 1, "Plan Width": 4, "Filter": "(n_name = 'MOZAMBIQUE'::bpchar)"}, {"Node Type": "Bitmap Heap Scan", "Parent Relationship": "Inner", "Relation Name": "supplier", "Alias": "supplier", "Startup Cost": 95.25, "Total Cost": 2492.04, "Plan Rows": 4000, "Plan Width": 12, "Recheck Cond": "(s_nationkey = public.nation.n_nationkey)", "Plans": [{"Node Type": "Bitmap Index Scan", "Parent Relationship": "Outer", "Index Name": "idx_supplier_nation_key", "Startup Cost": 0.0, "Total Cost": 94.25, "Plan Rows": 4000, "Plan Width": 0, "Index Cond": "(s_nationkey = public.nation.n_nationkey)"}]}]}, {"Node Type": "Index Scan", "Parent Relationship": "Inner", "Scan Direction": "Forward", "Index Name": "idx_partsupp_suppkey", "Relation Name": "partsupp", "Alias": "partsupp", "Startup Cost": 0.0, "Total Cost": 9.33, "Plan Rows": 13, "Plan Width": 24, "Index Cond": "(ps_suppkey = public.supplier.s_suppkey)"}]}]}, {"Node Type": "Aggregate", "Strategy": "Hashed", "Parent Relationship": "Outer", "Startup Cost": 41298.47, "Total Cost": 41970.72, "Plan Rows": 53780, "Plan Width": 24, "Group By Key": ["public.partsupp.ps_partkey"], "Filter": "(sum((public.partsupp.ps_supplycost * (public.partsupp.ps_availqty)::double precision)) > $2)", "Plans": [{"Node Type": "Nested Loop", "Parent Relationship": "Outer", "Join Type": "Inner", "Startup Cost": 95.25, "Total Cost": 40357.32, "Plan Rows": 53780, "Plan Width": 24, "Inner Unique": false, "Plans": [{"Node Type": "Nested Loop", "Parent Relationship": "Outer", "Join Type": "Inner", "Startup Cost": 95.25, "Total Cost": 2533.35, "Plan Rows": 4000, "Plan Width": 8, "Inner Unique": false, "Plans": [{"Node Type": "Seq Scan", "Parent Relationship": "Outer", "Relation Name": "nation", "Alias": "nation", "Startup Cost": 0.0, "Total Cost": 1.31, "Plan Rows": 1, "Plan Width": 4, "Filter": "(n_name = 'MOZAMBIQUE'::bpchar)"}, {"Node Type": "Bitmap Heap Scan", "Parent Relationship": "Inner", "Relation Name": "supplier", "Alias": "supplier", "Startup Cost": 95.25, "Total Cost": 2492.04, "Plan Rows": 4000, "Plan Width": 12, "Recheck Cond": "(s_nationkey = public.nation.n_nationkey)", "Plans": [{"Node Type": "Bitmap Index Scan", "Parent Relationship": "Outer", "Index Name": "idx_supplier_nation_key", "Startup Cost": 0.0, "Total Cost": 94.25, "Plan Rows": 4000, "Plan Width": 0, "Index Cond": "(s_nationkey = public.nation.n_nationkey)"}]}]}, {"Node Type": "Index Scan", "Parent Relationship": "Inner", "Scan Direction": "Forward", "Index Name": "idx_partsupp_suppkey", "Relation Name": "partsupp", "Alias": "partsupp", "Startup Cost": 0.0, "Total Cost": 9.33, "Plan Rows": 13, "Plan Width": 32, "Index Cond": "(ps_suppkey = public.supplier.s_suppkey)"}]}]}]}, "Unique SQL Id": 2932834211, "Planner Runtime": 1}, "explain_analyze_plan": {"Plan": {"Node Type": "Sort", "Startup Cost": 86957.11, "Total Cost": 87091.56, "Plan Rows": 53780, "Plan Width": 24, "Actual Startup Time": 1860.176, "Actual Total Time": 1860.176, "Actual Rows": 0, "Actual Loops": 1, "Sort Key": ["(sum((public.partsupp.ps_supplycost * (public.partsupp.ps_availqty)::double precision))) DESC"], "Sort Method": "quicksort", "Sort Space Used": 25, "Sort Space Type": "Memory", "Plans": [{"Node Type": "Aggregate", "Strategy": "Plain", "Parent Relationship": "exec_init_plan", "Subplan Name": "InitPlan 1 (returns $2)", "Startup Cost": 40760.67, "Total Cost": 40760.68, "Plan Rows": 1, "Plan Width": 24, "Actual Startup Time": 807.27, "Actual Total Time": 807.27, "Actual Rows": 1, "Actual Loops": 1, "Plans": [{"Node Type": "Nested Loop", "Parent Relationship": "Outer", "Join Type": "Inner", "Startup Cost": 95.25, "Total Cost": 40357.32, "Plan Rows": 53780, "Plan Width": 16, "Actual Startup Time": 0.965, "Actual Total Time": 672.642, "Actual Rows": 313920, "Actual Loops": 1, "Inner Unique": false, "Plans": [{"Node Type": "Nested Loop", "Parent Relationship": "Outer", "Join Type": "Inner", "Startup Cost": 95.25, "Total Cost": 2533.35, "Plan Rows": 4000, "Plan Width": 8, "Actual Startup Time": 0.942, "Actual Total Time": 8.242, "Actual Rows": 3924, "Actual Loops": 1, "Inner Unique": false, "Plans": [{"Node Type": "Seq Scan", "Parent Relationship": "Outer", "Relation Name": "nation", "Alias": "nation", "Startup Cost": 0.0, "Total Cost": 1.31, "Plan Rows": 1, "Plan Width": 4, "Actual Startup Time": 0.022, "Actual Total Time": 0.034, "Actual Rows": 1, "Actual Loops": 1, "Filter": "(n_name = 'MOZAMBIQUE'::bpchar)", "Rows Removed by Filter": 24}, {"Node Type": "Bitmap Heap Scan", "Parent Relationship": "Inner", "Relation Name": "supplier", "Alias": "supplier", "Startup Cost": 95.25, "Total Cost": 2492.04, "Plan Rows": 4000, "Plan Width": 12, "Actual Startup Time": 0.902, "Actual Total Time": 7.218, "Actual Rows": 3924, "Actual Loops": 1, "Recheck Cond": "(s_nationkey = public.nation.n_nationkey)", "Rows Removed by Index Recheck": 0, "Exact Heap Blocks": 1895, "Lossy Heap Blocks": 1895, "Plans": [{"Node Type": "Bitmap Index Scan", "Parent Relationship": "Outer", "Index Name": "idx_supplier_nation_key", "Startup Cost": 0.0, "Total Cost": 94.25, "Plan Rows": 4000, "Plan Width": 0, "Actual Startup Time": 0.624, "Actual Total Time": 0.624, "Actual Rows": 3924, "Actual Loops": 1, "Index Cond": "(s_nationkey = public.nation.n_nationkey)"}]}]}, {"Node Type": "Index Scan", "Parent Relationship": "Inner", "Scan Direction": "Forward", "Index Name": "idx_partsupp_suppkey", "Relation Name": "partsupp", "Alias": "partsupp", "Startup Cost": 0.0, "Total Cost": 9.33, "Plan Rows": 13, "Plan Width": 24, "Actual Startup Time": 47.388, "Actual Total Time": 597.413, "Actual Rows": 313920, "Actual Loops": 3924, "Index Cond": "(ps_suppkey = public.supplier.s_suppkey)", "Rows Removed by Index Recheck": 0}]}]}, {"Node Type": "Aggregate", "Strategy": "Hashed", "Parent Relationship": "Outer", "Startup Cost": 41298.47, "Total Cost": 41970.72, "Plan Rows": 53780, "Plan Width": 24, "Actual Startup Time": 1859.631, "Actual Total Time": 1859.631, "Actual Rows": 0, "Actual Loops": 1, "Group By Key": ["public.partsupp.ps_partkey"], "Filter": "(sum((public.partsupp.ps_supplycost * (public.partsupp.ps_availqty)::double precision)) > $2)", "Rows Removed by Filter": 295792, "Plans": [{"Node Type": "Nested Loop", "Parent Relationship": "Outer", "Join Type": "Inner", "Startup Cost": 95.25, "Total Cost": 40357.32, "Plan Rows": 53780, "Plan Width": 24, "Actual Startup Time": 0.962, "Actual Total Time": 624.76, "Actual Rows": 313920, "Actual Loops": 1, "Inner Unique": false, "Plans": [{"Node Type": "Nested Loop", "Parent Relationship": "Outer", "Join Type": "Inner", "Startup Cost": 95.25, "Total Cost": 2533.35, "Plan Rows": 4000, "Plan Width": 8, "Actual Startup Time": 0.938, "Actual Total Time": 7.852, "Actual Rows": 3924, "Actual Loops": 1, "Inner Unique": false, "Plans": [{"Node Type": "Seq Scan", "Parent Relationship": "Outer", "Relation Name": "nation", "Alias": "nation", "Startup Cost": 0.0, "Total Cost": 1.31, "Plan Rows": 1, "Plan Width": 4, "Actual Startup Time": 0.03, "Actual Total Time": 0.042, "Actual Rows": 1, "Actual Loops": 1, "Filter": "(n_name = 'MOZAMBIQUE'::bpchar)", "Rows Removed by Filter": 24}, {"Node Type": "Bitmap Heap Scan", "Parent Relationship": "Inner", "Relation Name": "supplier", "Alias": "supplier", "Startup Cost": 95.25, "Total Cost": 2492.04, "Plan Rows": 4000, "Plan Width": 12, "Actual Startup Time": 0.901, "Actual Total Time": 6.942, "Actual Rows": 3924, "Actual Loops": 1, "Recheck Cond": "(s_nationkey = public.nation.n_nationkey)", "Rows Removed by Index Recheck": 0, "Exact Heap Blocks": 1895, "Lossy Heap Blocks": 1895, "Plans": [{"Node Type": "Bitmap Index Scan", "Parent Relationship": "Outer", "Index Name": "idx_supplier_nation_key", "Startup Cost": 0.0, "Total Cost": 94.25, "Plan Rows": 4000, "Plan Width": 0, "Actual Startup Time": 0.617, "Actual Total Time": 0.617, "Actual Rows": 3924, "Actual Loops": 1, "Index Cond": "(s_nationkey = public.nation.n_nationkey)"}]}]}, {"Node Type": "Index Scan", "Parent Relationship": "Inner", "Scan Direction": "Forward", "Index Name": "idx_partsupp_suppkey", "Relation Name": "partsupp", "Alias": "partsupp", "Startup Cost": 0.0, "Total Cost": 9.33, "Plan Rows": 13, "Plan Width": 32, "Actual Startup Time": 44.498, "Actual Total Time": 545.855, "Actual Rows": 313920, "Actual Loops": 3924, "Index Cond": "(ps_suppkey = public.supplier.s_suppkey)", "Rows Removed by Index Recheck": 0}]}]}]}, "Triggers": [], "Planner Runtime": 0, "Total Runtime": 1860.493, "Unique SQL Id": 2932834211}}, "(1, 1)": {"explain_plan": {"Plan": {"Node Type": "Sort", "Startup Cost": 86979.86, "Total Cost": 87114.31, "Plan Rows": 53780, "Plan Width": 24, "Sort Key": ["(sum((public.partsupp.ps_supplycost * (public.partsupp.ps_availqty)::double precision))) DESC"], "Plans": [{"Node Type": "Aggregate", "Strategy": "Plain", "Parent Relationship": "exec_init_plan", "Subplan Name": "InitPlan 1 (returns $2)", "Startup Cost": 40772.04, "Total Cost": 40772.06, "Plan Rows": 1, "Plan Width": 24, "Plans": [{"Node Type": "Nested Loop", "Parent Relationship": "Outer", "Join Type": "Inner", "Startup Cost": 95.25, "Total Cost": 40368.69, "Plan Rows": 53780, "Plan Width": 16, "Inner Unique": false, "Plans": [{"Node Type": "Nested Loop", "Parent Relationship": "Outer", "Join Type": "Inner", "Startup Cost": 95.25, "Total Cost": 2544.73, "Plan Rows": 4000, "Plan Width": 8, "Inner Unique": false, "Plans": [{"Node Type": "Index Scan", "Parent Relationship": "Outer", "Scan Direction": "Forward", "Index Name": "nation_pkey", "Relation Name": "nation", "Alias": "nation", "Startup Cost": 0.0, "Total Cost": 12.69, "Plan Rows": 1, "Plan Width": 4, "Filter": "(n_name = 'MOZAMBIQUE'::bpchar)"}, {"Node Type": "Bitmap Heap Scan", "Parent Relationship": "Inner", "Relation Name": "supplier", "Alias": "supplier", "Startup Cost": 95.25, "Total Cost": 2492.04, "Plan Rows": 4000, "Plan Width": 12, "Recheck Cond": "(s_nationkey = public.nation.n_nationkey)", "Plans": [{"Node Type": "Bitmap Index Scan", "Parent Relationship": "Outer", "Index Name": "idx_supplier_nation_key", "Startup Cost": 0.0, "Total Cost": 94.25, "Plan Rows": 4000, "Plan Width": 0, "Index Cond": "(s_nationkey = public.nation.n_nationkey)"}]}]}, {"Node Type": "Index Scan", "Parent Relationship": "Inner", "Scan Direction": "Forward", "Index Name": "idx_partsupp_suppkey", "Relation Name": "partsupp", "Alias": "partsupp", "Startup Cost": 0.0, "Total Cost": 9.33, "Plan Rows": 13, "Plan Width": 24, "Index Cond": "(ps_suppkey = public.supplier.s_suppkey)"}]}]}, {"Node Type": "Aggregate", "Strategy": "Hashed", "Parent Relationship": "Outer", "Startup Cost": 41309.84, "Total Cost": 41982.09, "Plan Rows": 53780, "Plan Width": 24, "Group By Key": ["public.partsupp.ps_partkey"], "Filter": "(sum((public.partsupp.ps_supplycost * (public.partsupp.ps_availqty)::double precision)) > $2)", "Plans": [{"Node Type": "Nested Loop", "Parent Relationship": "Outer", "Join Type": "Inner", "Startup Cost": 95.25, "Total Cost": 40368.69, "Plan Rows": 53780, "Plan Width": 24, "Inner Unique": false, "Plans": [{"Node Type": "Nested Loop", "Parent Relationship": "Outer", "Join Type": "Inner", "Startup Cost": 95.25, "Total Cost": 2544.73, "Plan Rows": 4000, "Plan Width": 8, "Inner Unique": false, "Plans": [{"Node Type": "Index Scan", "Parent Relationship": "Outer", "Scan Direction": "Forward", "Index Name": "nation_pkey", "Relation Name": "nation", "Alias": "nation", "Startup Cost": 0.0, "Total Cost": 12.69, "Plan Rows": 1, "Plan Width": 4, "Filter": "(n_name = 'MOZAMBIQUE'::bpchar)"}, {"Node Type": "Bitmap Heap Scan", "Parent Relationship": "Inner", "Relation Name": "supplier", "Alias": "supplier", "Startup Cost": 95.25, "Total Cost": 2492.04, "Plan Rows": 4000, "Plan Width": 12, "Recheck Cond": "(s_nationkey = public.nation.n_nationkey)", "Plans": [{"Node Type": "Bitmap Index Scan", "Parent Relationship": "Outer", "Index Name": "idx_supplier_nation_key", "Startup Cost": 0.0, "Total Cost": 94.25, "Plan Rows": 4000, "Plan Width": 0, "Index Cond": "(s_nationkey = public.nation.n_nationkey)"}]}]}, {"Node Type": "Index Scan", "Parent Relationship": "Inner", "Scan Direction": "Forward", "Index Name": "idx_partsupp_suppkey", "Relation Name": "partsupp", "Alias": "partsupp", "Startup Cost": 0.0, "Total Cost": 9.33, "Plan Rows": 13, "Plan Width": 32, "Index Cond": "(ps_suppkey = public.supplier.s_suppkey)"}]}]}]}, "Unique SQL Id": 2932834211, "Planner Runtime": 1}, "explain_analyze_plan": {"Plan": {"Node Type": "Sort", "Startup Cost": 86979.86, "Total Cost": 87114.31, "Plan Rows": 53780, "Plan Width": 24, "Actual Startup Time": 1810.725, "Actual Total Time": 1810.725, "Actual Rows": 0, "Actual Loops": 1, "Sort Key": ["(sum((public.partsupp.ps_supplycost * (public.partsupp.ps_availqty)::double precision))) DESC"], "Sort Method": "quicksort", "Sort Space Used": 25, "Sort Space Type": "Memory", "Plans": [{"Node Type": "Aggregate", "Strategy": "Plain", "Parent Relationship": "exec_init_plan", "Subplan Name": "InitPlan 1 (returns $2)", "Startup Cost": 40772.04, "Total Cost": 40772.06, "Plan Rows": 1, "Plan Width": 24, "Actual Startup Time": 757.524, "Actual Total Time": 757.525, "Actual Rows": 1, "Actual Loops": 1, "Plans": [{"Node Type": "Nested Loop", "Parent Relationship": "Outer", "Join Type": "Inner", "Startup Cost": 95.25, "Total Cost": 40368.69, "Plan Rows": 53780, "Plan Width": 16, "Actual Startup Time": 0.984, "Actual Total Time": 623.043, "Actual Rows": 313920, "Actual Loops": 1, "Inner Unique": false, "Plans": [{"Node Type": "Nested Loop", "Parent Relationship": "Outer", "Join Type": "Inner", "Startup Cost": 95.25, "Total Cost": 2544.73, "Plan Rows": 4000, "Plan Width": 8, "Actual Startup Time": 0.961, "Actual Total Time": 7.606, "Actual Rows": 3924, "Actual Loops": 1, "Inner Unique": false, "Plans": [{"Node Type": "Index Scan", "Parent Relationship": "Outer", "Scan Direction": "Forward", "Index Name": "nation_pkey", "Relation Name": "nation", "Alias": "nation", "Startup Cost": 0.0, "Total Cost": 12.69, "Plan Rows": 1, "Plan Width": 4, "Actual Startup Time": 0.021, "Actual Total Time": 0.035, "Actual Rows": 1, "Actual Loops": 1, "Filter": "(n_name = 'MOZAMBIQUE'::bpchar)", "Rows Removed by Filter": 24}, {"Node Type": "Bitmap Heap Scan", "Parent Relationship": "Inner", "Relation Name": "supplier", "Alias": "supplier", "Startup Cost": 95.25, "Total Cost": 2492.04, "Plan Rows": 4000, "Plan Width": 12, "Actual Startup Time": 0.923, "Actual Total Time": 6.688, "Actual Rows": 3924, "Actual Loops": 1, "Recheck Cond": "(s_nationkey = public.nation.n_nationkey)", "Rows Removed by Index Recheck": 0, "Exact Heap Blocks": 1895, "Lossy Heap Blocks": 1895, "Plans": [{"Node Type": "Bitmap Index Scan", "Parent Relationship": "Outer", "Index Name": "idx_supplier_nation_key", "Startup Cost": 0.0, "Total Cost": 94.25, "Plan Rows": 4000, "Plan Width": 0, "Actual Startup Time": 0.63, "Actual Total Time": 0.63, "Actual Rows": 3924, "Actual Loops": 1, "Index Cond": "(s_nationkey = public.nation.n_nationkey)"}]}]}, {"Node Type": "Index Scan", "Parent Relationship": "Inner", "Scan Direction": "Forward", "Index Name": "idx_partsupp_suppkey", "Relation Name": "partsupp", "Alias": "partsupp", "Startup Cost": 0.0, "Total Cost": 9.33, "Plan Rows": 13, "Plan Width": 24, "Actual Startup Time": 44.034, "Actual Total Time": 548.454, "Actual Rows": 313920, "Actual Loops": 3924, "Index Cond": "(ps_suppkey = public.supplier.s_suppkey)", "Rows Removed by Index Recheck": 0}]}]}, {"Node Type": "Aggregate", "Strategy": "Hashed", "Parent Relationship": "Outer", "Startup Cost": 41309.84, "Total Cost": 41982.09, "Plan Rows": 53780, "Plan Width": 24, "Actual Startup Time": 1810.3, "Actual Total Time": 1810.3, "Actual Rows": 0, "Actual Loops": 1, "Group By Key": ["public.partsupp.ps_partkey"], "Filter": "(sum((public.partsupp.ps_supplycost * (public.partsupp.ps_availqty)::double precision)) > $2)", "Rows Removed by Filter": 295792, "Plans": [{"Node Type": "Nested Loop", "Parent Relationship": "Outer", "Join Type": "Inner", "Startup Cost": 95.25, "Total Cost": 40368.69, "Plan Rows": 53780, "Plan Width": 24, "Actual Startup Time": 1.02, "Actual Total Time": 665.011, "Actual Rows": 313920, "Actual Loops": 1, "Inner Unique": false, "Plans": [{"Node Type": "Nested Loop", "Parent Relationship": "Outer", "Join Type": "Inner", "Startup Cost": 95.25, "Total Cost": 2544.73, "Plan Rows": 4000, "Plan Width": 8, "Actual Startup Time": 0.991, "Actual Total Time": 8.384, "Actual Rows": 3924, "Actual Loops": 1, "Inner Unique": false, "Plans": [{"Node Type": "Index Scan", "Parent Relationship": "Outer", "Scan Direction": "Forward", "Index Name": "nation_pkey", "Relation Name": "nation", "Alias": "nation", "Startup Cost": 0.0, "Total Cost": 12.69, "Plan Rows": 1, "Plan Width": 4, "Actual Startup Time": 0.054, "Actual Total Time": 0.067, "Actual Rows": 1, "Actual Loops": 1, "Filter": "(n_name = 'MOZAMBIQUE'::bpchar)", "Rows Removed by Filter": 24}, {"Node Type": "Bitmap Heap Scan", "Parent Relationship": "Inner", "Relation Name": "supplier", "Alias": "supplier", "Startup Cost": 95.25, "Total Cost": 2492.04, "Plan Rows": 4000, "Plan Width": 12, "Actual Startup Time": 0.919, "Actual Total Time": 7.44, "Actual Rows": 3924, "Actual Loops": 1, "Recheck Cond": "(s_nationkey = public.nation.n_nationkey)", "Rows Removed by Index Recheck": 0, "Exact Heap Blocks": 1895, "Lossy Heap Blocks": 1895, "Plans": [{"Node Type": "Bitmap Index Scan", "Parent Relationship": "Outer", "Index Name": "idx_supplier_nation_key", "Startup Cost": 0.0, "Total Cost": 94.25, "Plan Rows": 4000, "Plan Width": 0, "Actual Startup Time": 0.633, "Actual Total Time": 0.633, "Actual Rows": 3924, "Actual Loops": 1, "Index Cond": "(s_nationkey = public.nation.n_nationkey)"}]}]}, {"Node Type": "Index Scan", "Parent Relationship": "Inner", "Scan Direction": "Forward", "Index Name": "idx_partsupp_suppkey", "Relation Name": "partsupp", "Alias": "partsupp", "Startup Cost": 0.0, "Total Cost": 9.33, "Plan Rows": 13, "Plan Width": 32, "Actual Startup Time": 46.318, "Actual Total Time": 585.067, "Actual Rows": 313920, "Actual Loops": 3924, "Index Cond": "(ps_suppkey = public.supplier.s_suppkey)", "Rows Removed by Index Recheck": 0}]}]}]}, "Triggers": [], "Planner Runtime": 0, "Total Runtime": 1811.196, "Unique SQL Id": 2932834211}}, "(1, 2)": {"explain_plan": {"Plan": {"Node Type": "Sort", "Startup Cost": 90032.55, "Total Cost": 90167.0, "Plan Rows": 53780, "Plan Width": 24, "Sort Key": ["(sum((public.partsupp.ps_supplycost * (public.partsupp.ps_availqty)::double precision))) DESC"], "Plans": [{"Node Type": "Aggregate", "Strategy": "Plain", "Parent Relationship": "exec_init_plan", "Subplan Name": "InitPlan 1 (returns $2)", "Startup Cost": 42298.39, "Total Cost": 42298.4, "Plan Rows": 1, "Plan Width": 24, "Plans": [{"Node Type": "Nested Loop", "Parent Relationship": "Outer", "Join Type": "Inner", "Startup Cost": 96.82, "Total Cost": 41895.04, "Plan Rows": 53780, "Plan Width": 16, "Inner Unique": false, "Plans": [{"Node Type": "Nested Loop", "Parent Relationship": "Outer", "Join Type": "Inner", "Startup Cost": 95.25, "Total Cost": 2533.35, "Plan Rows": 4000, "Plan Width": 8, "Inner Unique": false, "Plans": [{"Node Type": "Seq Scan", "Parent Relationship": "Outer", "Relation Name": "nation", "Alias": "nation", "Startup Cost": 0.0, "Total Cost": 1.31, "Plan Rows": 1, "Plan Width": 4, "Filter": "(n_name = 'MOZAMBIQUE'::bpchar)"}, {"Node Type": "Bitmap Heap Scan", "Parent Relationship": "Inner", "Relation Name": "supplier", "Alias": "supplier", "Startup Cost": 95.25, "Total Cost": 2492.04, "Plan Rows": 4000, "Plan Width": 12, "Recheck Cond": "(s_nationkey = public.nation.n_nationkey)", "Plans": [{"Node Type": "Bitmap Index Scan", "Parent Relationship": "Outer", "Index Name": "idx_supplier_nation_key", "Startup Cost": 0.0, "Total Cost": 94.25, "Plan Rows": 4000, "Plan Width": 0, "Index Cond": "(s_nationkey = public.nation.n_nationkey)"}]}]}, {"Node Type": "Bitmap Heap Scan", "Parent Relationship": "Inner", "Relation Name": "partsupp", "Alias": "partsupp", "Startup Cost": 1.57, "Total Cost": 9.71, "Plan Rows": 13, "Plan Width": 24, "Recheck Cond": "(ps_suppkey = public.supplier.s_suppkey)", "Plans": [{"Node Type": "Bitmap Index Scan", "Parent Relationship": "Outer", "Index Name": "idx_partsupp_suppkey", "Startup Cost": 0.0, "Total Cost": 1.56, "Plan Rows": 13, "Plan Width": 0, "Index Cond": "(ps_suppkey = public.supplier.s_suppkey)"}]}]}]}, {"Node Type": "Aggregate", "Strategy": "Hashed", "Parent Relationship": "Outer", "Startup Cost": 42836.19, "Total Cost": 43508.44, "Plan Rows": 53780, "Plan Width": 24, "Group By Key": ["public.partsupp.ps_partkey"], "Filter": "(sum((public.partsupp.ps_supplycost * (public.partsupp.ps_availqty)::double precision)) > $2)", "Plans": [{"Node Type": "Nested Loop", "Parent Relationship": "Outer", "Join Type": "Inner", "Startup Cost": 96.82, "Total Cost": 41895.04, "Plan Rows": 53780, "Plan Width": 24, "Inner Unique": false, "Plans": [{"Node Type": "Nested Loop", "Parent Relationship": "Outer", "Join Type": "Inner", "Startup Cost": 95.25, "Total Cost": 2533.35, "Plan Rows": 4000, "Plan Width": 8, "Inner Unique": false, "Plans": [{"Node Type": "Seq Scan", "Parent Relationship": "Outer", "Relation Name": "nation", "Alias": "nation", "Startup Cost": 0.0, "Total Cost": 1.31, "Plan Rows": 1, "Plan Width": 4, "Filter": "(n_name = 'MOZAMBIQUE'::bpchar)"}, {"Node Type": "Bitmap Heap Scan", "Parent Relationship": "Inner", "Relation Name": "supplier", "Alias": "supplier", "Startup Cost": 95.25, "Total Cost": 2492.04, "Plan Rows": 4000, "Plan Width": 12, "Recheck Cond": "(s_nationkey = public.nation.n_nationkey)", "Plans": [{"Node Type": "Bitmap Index Scan", "Parent Relationship": "Outer", "Index Name": "idx_supplier_nation_key", "Startup Cost": 0.0, "Total Cost": 94.25, "Plan Rows": 4000, "Plan Width": 0, "Index Cond": "(s_nationkey = public.nation.n_nationkey)"}]}]}, {"Node Type": "Bitmap Heap Scan", "Parent Relationship": "Inner", "Relation Name": "partsupp", "Alias": "partsupp", "Startup Cost": 1.57, "Total Cost": 9.71, "Plan Rows": 13, "Plan Width": 32, "Recheck Cond": "(ps_suppkey = public.supplier.s_suppkey)", "Plans": [{"Node Type": "Bitmap Index Scan", "Parent Relationship": "Outer", "Index Name": "idx_partsupp_suppkey", "Startup Cost": 0.0, "Total Cost": 1.56, "Plan Rows": 13, "Plan Width": 0, "Index Cond": "(ps_suppkey = public.supplier.s_suppkey)"}]}]}]}]}, "Unique SQL Id": 2932834211, "Planner Runtime": 1}, "explain_analyze_plan": {"Plan": {"Node Type": "Sort", "Startup Cost": 90032.55, "Total Cost": 90167.0, "Plan Rows": 53780, "Plan Width": 24, "Actual Startup Time": 2112.155, "Actual Total Time": 2112.155, "Actual Rows": 0, "Actual Loops": 1, "Sort Key": ["(sum((public.partsupp.ps_supplycost * (public.partsupp.ps_availqty)::double precision))) DESC"], "Sort Method": "quicksort", "Sort Space Used": 25, "Sort Space Type": "Memory", "Plans": [{"Node Type": "Aggregate", "Strategy": "Plain", "Parent Relationship": "exec_init_plan", "Subplan Name": "InitPlan 1 (returns $2)", "Startup Cost": 42298.39, "Total Cost": 42298.4, "Plan Rows": 1, "Plan Width": 24, "Actual Startup Time": 928.307, "Actual Total Time": 928.307, "Actual Rows": 1, "Actual Loops": 1, "Plans": [{"Node Type": "Nested Loop", "Parent Relationship": "Outer", "Join Type": "Inner", "Startup Cost": 96.82, "Total Cost": 41895.04, "Plan Rows": 53780, "Plan Width": 16, "Actual Startup Time": 0.986, "Actual Total Time": 800.403, "Actual Rows": 313920, "Actual Loops": 1, "Inner Unique": false, "Plans": [{"Node Type": "Nested Loop", "Parent Relationship": "Outer", "Join Type": "Inner", "Startup Cost": 95.25, "Total Cost": 2533.35, "Plan Rows": 4000, "Plan Width": 8, "Actual Startup Time": 0.938, "Actual Total Time": 7.951, "Actual Rows": 3924, "Actual Loops": 1, "Inner Unique": false, "Plans": [{"Node Type": "Seq Scan", "Parent Relationship": "Outer", "Relation Name": "nation", "Alias": "nation", "Startup Cost": 0.0, "Total Cost": 1.31, "Plan Rows": 1, "Plan Width": 4, "Actual Startup Time": 0.042, "Actual Total Time": 0.056, "Actual Rows": 1, "Actual Loops": 1, "Filter": "(n_name = 'MOZAMBIQUE'::bpchar)", "Rows Removed by Filter": 24}, {"Node Type": "Bitmap Heap Scan", "Parent Relationship": "Inner", "Relation Name": "supplier", "Alias": "supplier", "Startup Cost": 95.25, "Total Cost": 2492.04, "Plan Rows": 4000, "Plan Width": 12, "Actual Startup Time": 0.889, "Actual Total Time": 7.054, "Actual Rows": 3924, "Actual Loops": 1, "Recheck Cond": "(s_nationkey = public.nation.n_nationkey)", "Rows Removed by Index Recheck": 0, "Exact Heap Blocks": 1895, "Lossy Heap Blocks": 1895, "Plans": [{"Node Type": "Bitmap Index Scan", "Parent Relationship": "Outer", "Index Name": "idx_supplier_nation_key", "Startup Cost": 0.0, "Total Cost": 94.25, "Plan Rows": 4000, "Plan Width": 0, "Actual Startup Time": 0.609, "Actual Total Time": 0.609, "Actual Rows": 3924, "Actual Loops": 1, "Index Cond": "(s_nationkey = public.nation.n_nationkey)"}]}]}, {"Node Type": "Bitmap Heap Scan", "Parent Relationship": "Inner", "Relation Name": "partsupp", "Alias": "partsupp", "Startup Cost": 1.57, "Total Cost": 9.71, "Plan Rows": 13, "Plan Width": 24, "Actual Startup Time": 104.492, "Actual Total Time": 724.345, "Actual Rows": 313920, "Actual Loops": 3924, "Recheck Cond": "(ps_suppkey = public.supplier.s_suppkey)", "Rows Removed by Index Recheck": 0, "Exact Heap Blocks": 313920, "Lossy Heap Blocks": 313920, "Plans": [{"Node Type": "Bitmap Index Scan", "Parent Relationship": "Outer", "Index Name": "idx_partsupp_suppkey", "Startup Cost": 0.0, "Total Cost": 1.56, "Plan Rows": 13, "Plan Width": 0, "Actual Startup Time": 65.503, "Actual Total Time": 65.503, "Actual Rows": 313920, "Actual Loops": 3924, "Index Cond": "(ps_suppkey = public.supplier.s_suppkey)"}]}]}]}, {"Node Type": "Aggregate", "Strategy": "Hashed", "Parent Relationship": "Outer", "Startup Cost": 42836.19, "Total Cost": 43508.44, "Plan Rows": 53780, "Plan Width": 24, "Actual Startup Time": 2111.624, "Actual Total Time": 2111.624, "Actual Rows": 0, "Actual Loops": 1, "Group By Key": ["public.partsupp.ps_partkey"], "Filter": "(sum((public.partsupp.ps_supplycost * (public.partsupp.ps_availqty)::double precision)) > $2)", "Rows Removed by Filter": 295792, "Plans": [{"Node Type": "Nested Loop", "Parent Relationship": "Outer", "Join Type": "Inner", "Startup Cost": 96.82, "Total Cost": 41895.04, "Plan Rows": 53780, "Plan Width": 24, "Actual Startup Time": 1.009, "Actual Total Time": 754.894, "Actual Rows": 313920, "Actual Loops": 1, "Inner Unique": false, "Plans": [{"Node Type": "Nested Loop", "Parent Relationship": "Outer", "Join Type": "Inner", "Startup Cost": 95.25, "Total Cost": 2533.35, "Plan Rows": 4000, "Plan Width": 8, "Actual Startup Time": 0.964, "Actual Total Time": 7.76, "Actual Rows": 3924, "Actual Loops": 1, "Inner Unique": false, "Plans": [{"Node Type": "Seq Scan", "Parent Relationship": "Outer", "Relation Name": "nation", "Alias": "nation", "Startup Cost": 0.0, "Total Cost": 1.31, "Plan Rows": 1, "Plan Width": 4, "Actual Startup Time": 0.029, "Actual Total Time": 0.042, "Actual Rows": 1, "Actual Loops": 1, "Filter": "(n_name = 'MOZAMBIQUE'::bpchar)", "Rows Removed by Filter": 24}, {"Node Type": "Bitmap Heap Scan", "Parent Relationship": "Inner", "Relation Name": "supplier", "Alias": "supplier", "Startup Cost": 95.25, "Total Cost": 2492.04, "Plan Rows": 4000, "Plan Width": 12, "Actual Startup Time": 0.928, "Actual Total Time": 6.732, "Actual Rows": 3924, "Actual Loops": 1, "Recheck Cond": "(s_nationkey = public.nation.n_nationkey)", "Rows Removed by Index Recheck": 0, "Exact Heap Blocks": 1895, "Lossy Heap Blocks": 1895, "Plans": [{"Node Type": "Bitmap Index Scan", "Parent Relationship": "Outer", "Index Name": "idx_supplier_nation_key", "Startup Cost": 0.0, "Total Cost": 94.25, "Plan Rows": 4000, "Plan Width": 0, "Actual Startup Time": 0.646, "Actual Total Time": 0.646, "Actual Rows": 3924, "Actual Loops": 1, "Index Cond": "(s_nationkey = public.nation.n_nationkey)"}]}]}, {"Node Type": "Bitmap Heap Scan", "Parent Relationship": "Inner", "Relation Name": "partsupp", "Alias": "partsupp", "Startup Cost": 1.57, "Total Cost": 9.71, "Plan Rows": 13, "Plan Width": 32, "Actual Startup Time": 103.168, "Actual Total Time": 673.653, "Actual Rows": 313920, "Actual Loops": 3924, "Recheck Cond": "(ps_suppkey = public.supplier.s_suppkey)", "Rows Removed by Index Recheck": 0, "Exact Heap Blocks": 313920, "Lossy Heap Blocks": 313920, "Plans": [{"Node Type": "Bitmap Index Scan", "Parent Relationship": "Outer", "Index Name": "idx_partsupp_suppkey", "Startup Cost": 0.0, "Total Cost": 1.56, "Plan Rows": 13, "Plan Width": 0, "Actual Startup Time": 64.013, "Actual Total Time": 64.013, "Actual Rows": 313920, "Actual Loops": 3924, "Index Cond": "(ps_suppkey = public.supplier.s_suppkey)"}]}]}]}]}, "Triggers": [], "Planner Runtime": 0, "Total Runtime": 2112.492, "Unique SQL Id": 2932834211}}, "(1, 3)": {"explain_plan": {"Plan": {"Node Type": "Sort", "Startup Cost": 2000084159245.82, "Total Cost": 2000084159380.27, "Plan Rows": 53780, "Plan Width": 40, "Sort Key": ["(sum((public.partsupp.ps_supplycost * (public.partsupp.ps_availqty)::double precision))) DESC"], "Plans": [{"Node Type": "Aggregate", "Strategy": "Plain", "Parent Relationship": "exec_init_plan", "Subplan Name": "InitPlan 1 (returns $2)", "Startup Cost": 1000001001502.42, "Total Cost": 1000001001502.43, "Plan Rows": 1, "Plan Width": 24, "Plans": [{"Node Type": "Nested Loop", "Parent Relationship": "Outer", "Join Type": "Inner", "Startup Cost": 10000000001.83, "Total Cost": 1000001001099.07, "Plan Rows": 53780, "Plan Width": 16, "Inner Unique": false, "Plans": [{"Node Type": "Nested Loop", "Parent Relationship": "Outer", "Join Type": "Inner", "Startup Cost": 10000000000.26, "Total Cost": 1000000961737.38, "Plan Rows": 4000, "Plan Width": 8, "Inner Unique": true, "Plans": [{"Node Type": "Index Scan", "Parent Relationship": "Outer", "Scan Direction": "Forward", "Index Name": "supplier_pkey", "Relation Name": "supplier", "Alias": "supplier", "Startup Cost": 10000000000.0, "Total Cost": 1000000533454.38, "Plan Rows": 100000, "Plan Width": 12}, {"Node Type": "Bitmap Heap Scan", "Parent Relationship": "Inner", "Relation Name": "nation", "Alias": "nation", "Startup Cost": 0.26, "Total Cost": 4.27, "Plan Rows": 1, "Plan Width": 4, "Recheck Cond": "(n_nationkey = public.supplier.s_nationkey)", "Filter": "(n_name = 'MOZAMBIQUE'::bpchar)", "Plans": [{"Node Type": "Bitmap Index Scan", "Parent Relationship": "Outer", "Index Name": "nation_pkey", "Startup Cost": 0.0, "Total Cost": 0.26, "Plan Rows": 1, "Plan Width": 0, "Index Cond": "(n_nationkey = public.supplier.s_nationkey)"}]}]}, {"Node Type": "Bitmap Heap Scan", "Parent Relationship": "Inner", "Relation Name": "partsupp", "Alias": "partsupp", "Startup Cost": 1.57, "Total Cost": 9.71, "Plan Rows": 13, "Plan Width": 24, "Recheck Cond": "(ps_suppkey = public.supplier.s_suppkey)", "Plans": [{"Node Type": "Bitmap Index Scan", "Parent Relationship": "Outer", "Index Name": "idx_partsupp_suppkey", "Startup Cost": 0.0, "Total Cost": 1.56, "Plan Rows": 13, "Plan Width": 0, "Index Cond": "(ps_suppkey = public.supplier.s_suppkey)"}]}]}]}, {"Node Type": "Aggregate", "Strategy": "Sorted", "Parent Relationship": "Outer", "Startup Cost": 10000000000.52, "Total Cost": 1000083153517.69, "Plan Rows": 53780, "Plan Width": 40, "Group By Key": ["public.partsupp.ps_partkey"], "Filter": "(sum((public.partsupp.ps_supplycost * (public.partsupp.ps_availqty)::double precision)) > $2)", "Plans": [{"Node Type": "Nested Loop", "Parent Relationship": "Outer", "Join Type": "Inner", "Startup Cost": 10000000000.52, "Total Cost": 1000083151904.29, "Plan Rows": 53780, "Plan Width": 24, "Inner Unique": true, "Plans": [{"Node Type": "Nested Loop", "Parent Relationship": "Outer", "Join Type": "Inner", "Startup Cost": 10000000000.26, "Total Cost": 1000077393643.64, "Plan Rows": 1344499, "Plan Width": 28, "Inner Unique": true, "Plans": [{"Node Type": "Index Scan", "Parent Relationship": "Outer", "Scan Direction": "Forward", "Index Name": "idx_partsupp_partkey", "Relation Name": "partsupp", "Alias": "partsupp", "Startup Cost": 10000000000.0, "Total Cost": 1000043148503.38, "Plan Rows": 8000372, "Plan Width": 32}, {"Node Type": "Bitmap Heap Scan", "Parent Relationship": "Inner", "Relation Name": "supplier", "Alias": "supplier", "Startup Cost": 0.26, "Total Cost": 4.27, "Plan Rows": 1, "Plan Width": 12, "Recheck Cond": "(s_suppkey = public.partsupp.ps_suppkey)", "Plans": [{"Node Type": "Bitmap Index Scan", "Parent Relationship": "Outer", "Index Name": "supplier_pkey", "Startup Cost": 0.0, "Total Cost": 0.26, "Plan Rows": 1, "Plan Width": 0, "Index Cond": "(s_suppkey = public.partsupp.ps_suppkey)"}]}]}, {"Node Type": "Bitmap Heap Scan", "Parent Relationship": "Inner", "Relation Name": "nation", "Alias": "nation", "Startup Cost": 0.26, "Total Cost": 4.27, "Plan Rows": 1, "Plan Width": 4, "Recheck Cond": "(n_nationkey = public.supplier.s_nationkey)", "Filter": "(n_name = 'MOZAMBIQUE'::bpchar)", "Plans": [{"Node Type": "Bitmap Index Scan", "Parent Relationship": "Outer", "Index Name": "nation_pkey", "Startup Cost": 0.0, "Total Cost": 0.26, "Plan Rows": 1, "Plan Width": 0, "Index Cond": "(n_nationkey = public.supplier.s_nationkey)"}]}]}]}]}, "Unique SQL Id": 2932834211, "Planner Runtime": 1}, "explain_analyze_plan": null}, "(1, 4)": {"explain_plan": {"Plan": {"Node Type": "Sort", "Startup Cost": 86957.11, "Total Cost": 87091.56, "Plan Rows": 53780, "Plan Width": 24, "Sort Key": ["(sum((public.partsupp.ps_supplycost * (public.partsupp.ps_availqty)::double precision))) DESC"], "Plans": [{"Node Type": "Aggregate", "Strategy": "Plain", "Parent Relationship": "exec_init_plan", "Subplan Name": "InitPlan 1 (returns $2)", "Startup Cost": 40760.67, "Total Cost": 40760.68, "Plan Rows": 1, "Plan Width": 24, "Plans": [{"Node Type": "Nested Loop", "Parent Relationship": "Outer", "Join Type": "Inner", "Startup Cost": 95.25, "Total Cost": 40357.32, "Plan Rows": 53780, "Plan Width": 16, "Inner Unique": false, "Plans": [{"Node Type": "Nested Loop", "Parent Relationship": "Outer", "Join Type": "Inner", "Startup Cost": 95.25, "Total Cost": 2533.35, "Plan Rows": 4000, "Plan Width": 8, "Inner Unique": false, "Plans": [{"Node Type": "Seq Scan", "Parent Relationship": "Outer", "Relation Name": "nation", "Alias": "nation", "Startup Cost": 0.0, "Total Cost": 1.31, "Plan Rows": 1, "Plan Width": 4, "Filter": "(n_name = 'MOZAMBIQUE'::bpchar)"}, {"Node Type": "Bitmap Heap Scan", "Parent Relationship": "Inner", "Relation Name": "supplier", "Alias": "supplier", "Startup Cost": 95.25, "Total Cost": 2492.04, "Plan Rows": 4000, "Plan Width": 12, "Recheck Cond": "(s_nationkey = public.nation.n_nationkey)", "Plans": [{"Node Type": "Bitmap Index Scan", "Parent Relationship": "Outer", "Index Name": "idx_supplier_nation_key", "Startup Cost": 0.0, "Total Cost": 94.25, "Plan Rows": 4000, "Plan Width": 0, "Index Cond": "(s_nationkey = public.nation.n_nationkey)"}]}]}, {"Node Type": "Index Scan", "Parent Relationship": "Inner", "Scan Direction": "Forward", "Index Name": "idx_partsupp_suppkey", "Relation Name": "partsupp", "Alias": "partsupp", "Startup Cost": 0.0, "Total Cost": 9.33, "Plan Rows": 13, "Plan Width": 24, "Index Cond": "(ps_suppkey = public.supplier.s_suppkey)"}]}]}, {"Node Type": "Aggregate", "Strategy": "Hashed", "Parent Relationship": "Outer", "Startup Cost": 41298.47, "Total Cost": 41970.72, "Plan Rows": 53780, "Plan Width": 24, "Group By Key": ["public.partsupp.ps_partkey"], "Filter": "(sum((public.partsupp.ps_supplycost * (public.partsupp.ps_availqty)::double precision)) > $2)", "Plans": [{"Node Type": "Nested Loop", "Parent Relationship": "Outer", "Join Type": "Inner", "Startup Cost": 95.25, "Total Cost": 40357.32, "Plan Rows": 53780, "Plan Width": 24, "Inner Unique": false, "Plans": [{"Node Type": "Nested Loop", "Parent Relationship": "Outer", "Join Type": "Inner", "Startup Cost": 95.25, "Total Cost": 2533.35, "Plan Rows": 4000, "Plan Width": 8, "Inner Unique": false, "Plans": [{"Node Type": "Seq Scan", "Parent Relationship": "Outer", "Relation Name": "nation", "Alias": "nation", "Startup Cost": 0.0, "Total Cost": 1.31, "Plan Rows": 1, "Plan Width": 4, "Filter": "(n_name = 'MOZAMBIQUE'::bpchar)"}, {"Node Type": "Bitmap Heap Scan", "Parent Relationship": "Inner", "Relation Name": "supplier", "Alias": "supplier", "Startup Cost": 95.25, "Total Cost": 2492.04, "Plan Rows": 4000, "Plan Width": 12, "Recheck Cond": "(s_nationkey = public.nation.n_nationkey)", "Plans": [{"Node Type": "Bitmap Index Scan", "Parent Relationship": "Outer", "Index Name": "idx_supplier_nation_key", "Startup Cost": 0.0, "Total Cost": 94.25, "Plan Rows": 4000, "Plan Width": 0, "Index Cond": "(s_nationkey = public.nation.n_nationkey)"}]}]}, {"Node Type": "Index Scan", "Parent Relationship": "Inner", "Scan Direction": "Forward", "Index Name": "idx_partsupp_suppkey", "Relation Name": "partsupp", "Alias": "partsupp", "Startup Cost": 0.0, "Total Cost": 9.33, "Plan Rows": 13, "Plan Width": 32, "Index Cond": "(ps_suppkey = public.supplier.s_suppkey)"}]}]}]}, "Unique SQL Id": 2932834211, "Planner Runtime": 1}, "explain_analyze_plan": {"Plan": {"Node Type": "Sort", "Startup Cost": 86957.11, "Total Cost": 87091.56, "Plan Rows": 53780, "Plan Width": 24, "Actual Startup Time": 1860.176, "Actual Total Time": 1860.176, "Actual Rows": 0, "Actual Loops": 1, "Sort Key": ["(sum((public.partsupp.ps_supplycost * (public.partsupp.ps_availqty)::double precision))) DESC"], "Sort Method": "quicksort", "Sort Space Used": 25, "Sort Space Type": "Memory", "Plans": [{"Node Type": "Aggregate", "Strategy": "Plain", "Parent Relationship": "exec_init_plan", "Subplan Name": "InitPlan 1 (returns $2)", "Startup Cost": 40760.67, "Total Cost": 40760.68, "Plan Rows": 1, "Plan Width": 24, "Actual Startup Time": 807.27, "Actual Total Time": 807.27, "Actual Rows": 1, "Actual Loops": 1, "Plans": [{"Node Type": "Nested Loop", "Parent Relationship": "Outer", "Join Type": "Inner", "Startup Cost": 95.25, "Total Cost": 40357.32, "Plan Rows": 53780, "Plan Width": 16, "Actual Startup Time": 0.965, "Actual Total Time": 672.642, "Actual Rows": 313920, "Actual Loops": 1, "Inner Unique": false, "Plans": [{"Node Type": "Nested Loop", "Parent Relationship": "Outer", "Join Type": "Inner", "Startup Cost": 95.25, "Total Cost": 2533.35, "Plan Rows": 4000, "Plan Width": 8, "Actual Startup Time": 0.942, "Actual Total Time": 8.242, "Actual Rows": 3924, "Actual Loops": 1, "Inner Unique": false, "Plans": [{"Node Type": "Seq Scan", "Parent Relationship": "Outer", "Relation Name": "nation", "Alias": "nation", "Startup Cost": 0.0, "Total Cost": 1.31, "Plan Rows": 1, "Plan Width": 4, "Actual Startup Time": 0.022, "Actual Total Time": 0.034, "Actual Rows": 1, "Actual Loops": 1, "Filter": "(n_name = 'MOZAMBIQUE'::bpchar)", "Rows Removed by Filter": 24}, {"Node Type": "Bitmap Heap Scan", "Parent Relationship": "Inner", "Relation Name": "supplier", "Alias": "supplier", "Startup Cost": 95.25, "Total Cost": 2492.04, "Plan Rows": 4000, "Plan Width": 12, "Actual Startup Time": 0.902, "Actual Total Time": 7.218, "Actual Rows": 3924, "Actual Loops": 1, "Recheck Cond": "(s_nationkey = public.nation.n_nationkey)", "Rows Removed by Index Recheck": 0, "Exact Heap Blocks": 1895, "Lossy Heap Blocks": 1895, "Plans": [{"Node Type": "Bitmap Index Scan", "Parent Relationship": "Outer", "Index Name": "idx_supplier_nation_key", "Startup Cost": 0.0, "Total Cost": 94.25, "Plan Rows": 4000, "Plan Width": 0, "Actual Startup Time": 0.624, "Actual Total Time": 0.624, "Actual Rows": 3924, "Actual Loops": 1, "Index Cond": "(s_nationkey = public.nation.n_nationkey)"}]}]}, {"Node Type": "Index Scan", "Parent Relationship": "Inner", "Scan Direction": "Forward", "Index Name": "idx_partsupp_suppkey", "Relation Name": "partsupp", "Alias": "partsupp", "Startup Cost": 0.0, "Total Cost": 9.33, "Plan Rows": 13, "Plan Width": 24, "Actual Startup Time": 47.388, "Actual Total Time": 597.413, "Actual Rows": 313920, "Actual Loops": 3924, "Index Cond": "(ps_suppkey = public.supplier.s_suppkey)", "Rows Removed by Index Recheck": 0}]}]}, {"Node Type": "Aggregate", "Strategy": "Hashed", "Parent Relationship": "Outer", "Startup Cost": 41298.47, "Total Cost": 41970.72, "Plan Rows": 53780, "Plan Width": 24, "Actual Startup Time": 1859.631, "Actual Total Time": 1859.631, "Actual Rows": 0, "Actual Loops": 1, "Group By Key": ["public.partsupp.ps_partkey"], "Filter": "(sum((public.partsupp.ps_supplycost * (public.partsupp.ps_availqty)::double precision)) > $2)", "Rows Removed by Filter": 295792, "Plans": [{"Node Type": "Nested Loop", "Parent Relationship": "Outer", "Join Type": "Inner", "Startup Cost": 95.25, "Total Cost": 40357.32, "Plan Rows": 53780, "Plan Width": 24, "Actual Startup Time": 0.962, "Actual Total Time": 624.76, "Actual Rows": 313920, "Actual Loops": 1, "Inner Unique": false, "Plans": [{"Node Type": "Nested Loop", "Parent Relationship": "Outer", "Join Type": "Inner", "Startup Cost": 95.25, "Total Cost": 2533.35, "Plan Rows": 4000, "Plan Width": 8, "Actual Startup Time": 0.938, "Actual Total Time": 7.852, "Actual Rows": 3924, "Actual Loops": 1, "Inner Unique": false, "Plans": [{"Node Type": "Seq Scan", "Parent Relationship": "Outer", "Relation Name": "nation", "Alias": "nation", "Startup Cost": 0.0, "Total Cost": 1.31, "Plan Rows": 1, "Plan Width": 4, "Actual Startup Time": 0.03, "Actual Total Time": 0.042, "Actual Rows": 1, "Actual Loops": 1, "Filter": "(n_name = 'MOZAMBIQUE'::bpchar)", "Rows Removed by Filter": 24}, {"Node Type": "Bitmap Heap Scan", "Parent Relationship": "Inner", "Relation Name": "supplier", "Alias": "supplier", "Startup Cost": 95.25, "Total Cost": 2492.04, "Plan Rows": 4000, "Plan Width": 12, "Actual Startup Time": 0.901, "Actual Total Time": 6.942, "Actual Rows": 3924, "Actual Loops": 1, "Recheck Cond": "(s_nationkey = public.nation.n_nationkey)", "Rows Removed by Index Recheck": 0, "Exact Heap Blocks": 1895, "Lossy Heap Blocks": 1895, "Plans": [{"Node Type": "Bitmap Index Scan", "Parent Relationship": "Outer", "Index Name": "idx_supplier_nation_key", "Startup Cost": 0.0, "Total Cost": 94.25, "Plan Rows": 4000, "Plan Width": 0, "Actual Startup Time": 0.617, "Actual Total Time": 0.617, "Actual Rows": 3924, "Actual Loops": 1, "Index Cond": "(s_nationkey = public.nation.n_nationkey)"}]}]}, {"Node Type": "Index Scan", "Parent Relationship": "Inner", "Scan Direction": "Forward", "Index Name": "idx_partsupp_suppkey", "Relation Name": "partsupp", "Alias": "partsupp", "Startup Cost": 0.0, "Total Cost": 9.33, "Plan Rows": 13, "Plan Width": 32, "Actual Startup Time": 44.498, "Actual Total Time": 545.855, "Actual Rows": 313920, "Actual Loops": 3924, "Index Cond": "(ps_suppkey = public.supplier.s_suppkey)", "Rows Removed by Index Recheck": 0}]}]}]}, "Triggers": [], "Planner Runtime": 0, "Total Runtime": 1860.493, "Unique SQL Id": 2932834211}}, "(1, 5)": {"explain_plan": {"Plan": {"Node Type": "Sort", "Startup Cost": 86979.86, "Total Cost": 87114.31, "Plan Rows": 53780, "Plan Width": 24, "Sort Key": ["(sum((public.partsupp.ps_supplycost * (public.partsupp.ps_availqty)::double precision))) DESC"], "Plans": [{"Node Type": "Aggregate", "Strategy": "Plain", "Parent Relationship": "exec_init_plan", "Subplan Name": "InitPlan 1 (returns $2)", "Startup Cost": 40772.04, "Total Cost": 40772.06, "Plan Rows": 1, "Plan Width": 24, "Plans": [{"Node Type": "Nested Loop", "Parent Relationship": "Outer", "Join Type": "Inner", "Startup Cost": 95.25, "Total Cost": 40368.69, "Plan Rows": 53780, "Plan Width": 16, "Inner Unique": false, "Plans": [{"Node Type": "Nested Loop", "Parent Relationship": "Outer", "Join Type": "Inner", "Startup Cost": 95.25, "Total Cost": 2544.73, "Plan Rows": 4000, "Plan Width": 8, "Inner Unique": false, "Plans": [{"Node Type": "Index Scan", "Parent Relationship": "Outer", "Scan Direction": "Forward", "Index Name": "nation_pkey", "Relation Name": "nation", "Alias": "nation", "Startup Cost": 0.0, "Total Cost": 12.69, "Plan Rows": 1, "Plan Width": 4, "Filter": "(n_name = 'MOZAMBIQUE'::bpchar)"}, {"Node Type": "Bitmap Heap Scan", "Parent Relationship": "Inner", "Relation Name": "supplier", "Alias": "supplier", "Startup Cost": 95.25, "Total Cost": 2492.04, "Plan Rows": 4000, "Plan Width": 12, "Recheck Cond": "(s_nationkey = public.nation.n_nationkey)", "Plans": [{"Node Type": "Bitmap Index Scan", "Parent Relationship": "Outer", "Index Name": "idx_supplier_nation_key", "Startup Cost": 0.0, "Total Cost": 94.25, "Plan Rows": 4000, "Plan Width": 0, "Index Cond": "(s_nationkey = public.nation.n_nationkey)"}]}]}, {"Node Type": "Index Scan", "Parent Relationship": "Inner", "Scan Direction": "Forward", "Index Name": "idx_partsupp_suppkey", "Relation Name": "partsupp", "Alias": "partsupp", "Startup Cost": 0.0, "Total Cost": 9.33, "Plan Rows": 13, "Plan Width": 24, "Index Cond": "(ps_suppkey = public.supplier.s_suppkey)"}]}]}, {"Node Type": "Aggregate", "Strategy": "Hashed", "Parent Relationship": "Outer", "Startup Cost": 41309.84, "Total Cost": 41982.09, "Plan Rows": 53780, "Plan Width": 24, "Group By Key": ["public.partsupp.ps_partkey"], "Filter": "(sum((public.partsupp.ps_supplycost * (public.partsupp.ps_availqty)::double precision)) > $2)", "Plans": [{"Node Type": "Nested Loop", "Parent Relationship": "Outer", "Join Type": "Inner", "Startup Cost": 95.25, "Total Cost": 40368.69, "Plan Rows": 53780, "Plan Width": 24, "Inner Unique": false, "Plans": [{"Node Type": "Nested Loop", "Parent Relationship": "Outer", "Join Type": "Inner", "Startup Cost": 95.25, "Total Cost": 2544.73, "Plan Rows": 4000, "Plan Width": 8, "Inner Unique": false, "Plans": [{"Node Type": "Index Scan", "Parent Relationship": "Outer", "Scan Direction": "Forward", "Index Name": "nation_pkey", "Relation Name": "nation", "Alias": "nation", "Startup Cost": 0.0, "Total Cost": 12.69, "Plan Rows": 1, "Plan Width": 4, "Filter": "(n_name = 'MOZAMBIQUE'::bpchar)"}, {"Node Type": "Bitmap Heap Scan", "Parent Relationship": "Inner", "Relation Name": "supplier", "Alias": "supplier", "Startup Cost": 95.25, "Total Cost": 2492.04, "Plan Rows": 4000, "Plan Width": 12, "Recheck Cond": "(s_nationkey = public.nation.n_nationkey)", "Plans": [{"Node Type": "Bitmap Index Scan", "Parent Relationship": "Outer", "Index Name": "idx_supplier_nation_key", "Startup Cost": 0.0, "Total Cost": 94.25, "Plan Rows": 4000, "Plan Width": 0, "Index Cond": "(s_nationkey = public.nation.n_nationkey)"}]}]}, {"Node Type": "Index Scan", "Parent Relationship": "Inner", "Scan Direction": "Forward", "Index Name": "idx_partsupp_suppkey", "Relation Name": "partsupp", "Alias": "partsupp", "Startup Cost": 0.0, "Total Cost": 9.33, "Plan Rows": 13, "Plan Width": 32, "Index Cond": "(ps_suppkey = public.supplier.s_suppkey)"}]}]}]}, "Unique SQL Id": 2932834211, "Planner Runtime": 1}, "explain_analyze_plan": {"Plan": {"Node Type": "Sort", "Startup Cost": 86979.86, "Total Cost": 87114.31, "Plan Rows": 53780, "Plan Width": 24, "Actual Startup Time": 1810.725, "Actual Total Time": 1810.725, "Actual Rows": 0, "Actual Loops": 1, "Sort Key": ["(sum((public.partsupp.ps_supplycost * (public.partsupp.ps_availqty)::double precision))) DESC"], "Sort Method": "quicksort", "Sort Space Used": 25, "Sort Space Type": "Memory", "Plans": [{"Node Type": "Aggregate", "Strategy": "Plain", "Parent Relationship": "exec_init_plan", "Subplan Name": "InitPlan 1 (returns $2)", "Startup Cost": 40772.04, "Total Cost": 40772.06, "Plan Rows": 1, "Plan Width": 24, "Actual Startup Time": 757.524, "Actual Total Time": 757.525, "Actual Rows": 1, "Actual Loops": 1, "Plans": [{"Node Type": "Nested Loop", "Parent Relationship": "Outer", "Join Type": "Inner", "Startup Cost": 95.25, "Total Cost": 40368.69, "Plan Rows": 53780, "Plan Width": 16, "Actual Startup Time": 0.984, "Actual Total Time": 623.043, "Actual Rows": 313920, "Actual Loops": 1, "Inner Unique": false, "Plans": [{"Node Type": "Nested Loop", "Parent Relationship": "Outer", "Join Type": "Inner", "Startup Cost": 95.25, "Total Cost": 2544.73, "Plan Rows": 4000, "Plan Width": 8, "Actual Startup Time": 0.961, "Actual Total Time": 7.606, "Actual Rows": 3924, "Actual Loops": 1, "Inner Unique": false, "Plans": [{"Node Type": "Index Scan", "Parent Relationship": "Outer", "Scan Direction": "Forward", "Index Name": "nation_pkey", "Relation Name": "nation", "Alias": "nation", "Startup Cost": 0.0, "Total Cost": 12.69, "Plan Rows": 1, "Plan Width": 4, "Actual Startup Time": 0.021, "Actual Total Time": 0.035, "Actual Rows": 1, "Actual Loops": 1, "Filter": "(n_name = 'MOZAMBIQUE'::bpchar)", "Rows Removed by Filter": 24}, {"Node Type": "Bitmap Heap Scan", "Parent Relationship": "Inner", "Relation Name": "supplier", "Alias": "supplier", "Startup Cost": 95.25, "Total Cost": 2492.04, "Plan Rows": 4000, "Plan Width": 12, "Actual Startup Time": 0.923, "Actual Total Time": 6.688, "Actual Rows": 3924, "Actual Loops": 1, "Recheck Cond": "(s_nationkey = public.nation.n_nationkey)", "Rows Removed by Index Recheck": 0, "Exact Heap Blocks": 1895, "Lossy Heap Blocks": 1895, "Plans": [{"Node Type": "Bitmap Index Scan", "Parent Relationship": "Outer", "Index Name": "idx_supplier_nation_key", "Startup Cost": 0.0, "Total Cost": 94.25, "Plan Rows": 4000, "Plan Width": 0, "Actual Startup Time": 0.63, "Actual Total Time": 0.63, "Actual Rows": 3924, "Actual Loops": 1, "Index Cond": "(s_nationkey = public.nation.n_nationkey)"}]}]}, {"Node Type": "Index Scan", "Parent Relationship": "Inner", "Scan Direction": "Forward", "Index Name": "idx_partsupp_suppkey", "Relation Name": "partsupp", "Alias": "partsupp", "Startup Cost": 0.0, "Total Cost": 9.33, "Plan Rows": 13, "Plan Width": 24, "Actual Startup Time": 44.034, "Actual Total Time": 548.454, "Actual Rows": 313920, "Actual Loops": 3924, "Index Cond": "(ps_suppkey = public.supplier.s_suppkey)", "Rows Removed by Index Recheck": 0}]}]}, {"Node Type": "Aggregate", "Strategy": "Hashed", "Parent Relationship": "Outer", "Startup Cost": 41309.84, "Total Cost": 41982.09, "Plan Rows": 53780, "Plan Width": 24, "Actual Startup Time": 1810.3, "Actual Total Time": 1810.3, "Actual Rows": 0, "Actual Loops": 1, "Group By Key": ["public.partsupp.ps_partkey"], "Filter": "(sum((public.partsupp.ps_supplycost * (public.partsupp.ps_availqty)::double precision)) > $2)", "Rows Removed by Filter": 295792, "Plans": [{"Node Type": "Nested Loop", "Parent Relationship": "Outer", "Join Type": "Inner", "Startup Cost": 95.25, "Total Cost": 40368.69, "Plan Rows": 53780, "Plan Width": 24, "Actual Startup Time": 1.02, "Actual Total Time": 665.011, "Actual Rows": 313920, "Actual Loops": 1, "Inner Unique": false, "Plans": [{"Node Type": "Nested Loop", "Parent Relationship": "Outer", "Join Type": "Inner", "Startup Cost": 95.25, "Total Cost": 2544.73, "Plan Rows": 4000, "Plan Width": 8, "Actual Startup Time": 0.991, "Actual Total Time": 8.384, "Actual Rows": 3924, "Actual Loops": 1, "Inner Unique": false, "Plans": [{"Node Type": "Index Scan", "Parent Relationship": "Outer", "Scan Direction": "Forward", "Index Name": "nation_pkey", "Relation Name": "nation", "Alias": "nation", "Startup Cost": 0.0, "Total Cost": 12.69, "Plan Rows": 1, "Plan Width": 4, "Actual Startup Time": 0.054, "Actual Total Time": 0.067, "Actual Rows": 1, "Actual Loops": 1, "Filter": "(n_name = 'MOZAMBIQUE'::bpchar)", "Rows Removed by Filter": 24}, {"Node Type": "Bitmap Heap Scan", "Parent Relationship": "Inner", "Relation Name": "supplier", "Alias": "supplier", "Startup Cost": 95.25, "Total Cost": 2492.04, "Plan Rows": 4000, "Plan Width": 12, "Actual Startup Time": 0.919, "Actual Total Time": 7.44, "Actual Rows": 3924, "Actual Loops": 1, "Recheck Cond": "(s_nationkey = public.nation.n_nationkey)", "Rows Removed by Index Recheck": 0, "Exact Heap Blocks": 1895, "Lossy Heap Blocks": 1895, "Plans": [{"Node Type": "Bitmap Index Scan", "Parent Relationship": "Outer", "Index Name": "idx_supplier_nation_key", "Startup Cost": 0.0, "Total Cost": 94.25, "Plan Rows": 4000, "Plan Width": 0, "Actual Startup Time": 0.633, "Actual Total Time": 0.633, "Actual Rows": 3924, "Actual Loops": 1, "Index Cond": "(s_nationkey = public.nation.n_nationkey)"}]}]}, {"Node Type": "Index Scan", "Parent Relationship": "Inner", "Scan Direction": "Forward", "Index Name": "idx_partsupp_suppkey", "Relation Name": "partsupp", "Alias": "partsupp", "Startup Cost": 0.0, "Total Cost": 9.33, "Plan Rows": 13, "Plan Width": 32, "Actual Startup Time": 46.318, "Actual Total Time": 585.067, "Actual Rows": 313920, "Actual Loops": 3924, "Index Cond": "(ps_suppkey = public.supplier.s_suppkey)", "Rows Removed by Index Recheck": 0}]}]}]}, "Triggers": [], "Planner Runtime": 0, "Total Runtime": 1811.196, "Unique SQL Id": 2932834211}}, "(1, 6)": {"explain_plan": {"Plan": {"Node Type": "Sort", "Startup Cost": 90032.55, "Total Cost": 90167.0, "Plan Rows": 53780, "Plan Width": 24, "Sort Key": ["(sum((public.partsupp.ps_supplycost * (public.partsupp.ps_availqty)::double precision))) DESC"], "Plans": [{"Node Type": "Aggregate", "Strategy": "Plain", "Parent Relationship": "exec_init_plan", "Subplan Name": "InitPlan 1 (returns $2)", "Startup Cost": 42298.39, "Total Cost": 42298.4, "Plan Rows": 1, "Plan Width": 24, "Plans": [{"Node Type": "Nested Loop", "Parent Relationship": "Outer", "Join Type": "Inner", "Startup Cost": 96.82, "Total Cost": 41895.04, "Plan Rows": 53780, "Plan Width": 16, "Inner Unique": false, "Plans": [{"Node Type": "Nested Loop", "Parent Relationship": "Outer", "Join Type": "Inner", "Startup Cost": 95.25, "Total Cost": 2533.35, "Plan Rows": 4000, "Plan Width": 8, "Inner Unique": false, "Plans": [{"Node Type": "Seq Scan", "Parent Relationship": "Outer", "Relation Name": "nation", "Alias": "nation", "Startup Cost": 0.0, "Total Cost": 1.31, "Plan Rows": 1, "Plan Width": 4, "Filter": "(n_name = 'MOZAMBIQUE'::bpchar)"}, {"Node Type": "Bitmap Heap Scan", "Parent Relationship": "Inner", "Relation Name": "supplier", "Alias": "supplier", "Startup Cost": 95.25, "Total Cost": 2492.04, "Plan Rows": 4000, "Plan Width": 12, "Recheck Cond": "(s_nationkey = public.nation.n_nationkey)", "Plans": [{"Node Type": "Bitmap Index Scan", "Parent Relationship": "Outer", "Index Name": "idx_supplier_nation_key", "Startup Cost": 0.0, "Total Cost": 94.25, "Plan Rows": 4000, "Plan Width": 0, "Index Cond": "(s_nationkey = public.nation.n_nationkey)"}]}]}, {"Node Type": "Bitmap Heap Scan", "Parent Relationship": "Inner", "Relation Name": "partsupp", "Alias": "partsupp", "Startup Cost": 1.57, "Total Cost": 9.71, "Plan Rows": 13, "Plan Width": 24, "Recheck Cond": "(ps_suppkey = public.supplier.s_suppkey)", "Plans": [{"Node Type": "Bitmap Index Scan", "Parent Relationship": "Outer", "Index Name": "idx_partsupp_suppkey", "Startup Cost": 0.0, "Total Cost": 1.56, "Plan Rows": 13, "Plan Width": 0, "Index Cond": "(ps_suppkey = public.supplier.s_suppkey)"}]}]}]}, {"Node Type": "Aggregate", "Strategy": "Hashed", "Parent Relationship": "Outer", "Startup Cost": 42836.19, "Total Cost": 43508.44, "Plan Rows": 53780, "Plan Width": 24, "Group By Key": ["public.partsupp.ps_partkey"], "Filter": "(sum((public.partsupp.ps_supplycost * (public.partsupp.ps_availqty)::double precision)) > $2)", "Plans": [{"Node Type": "Nested Loop", "Parent Relationship": "Outer", "Join Type": "Inner", "Startup Cost": 96.82, "Total Cost": 41895.04, "Plan Rows": 53780, "Plan Width": 24, "Inner Unique": false, "Plans": [{"Node Type": "Nested Loop", "Parent Relationship": "Outer", "Join Type": "Inner", "Startup Cost": 95.25, "Total Cost": 2533.35, "Plan Rows": 4000, "Plan Width": 8, "Inner Unique": false, "Plans": [{"Node Type": "Seq Scan", "Parent Relationship": "Outer", "Relation Name": "nation", "Alias": "nation", "Startup Cost": 0.0, "Total Cost": 1.31, "Plan Rows": 1, "Plan Width": 4, "Filter": "(n_name = 'MOZAMBIQUE'::bpchar)"}, {"Node Type": "Bitmap Heap Scan", "Parent Relationship": "Inner", "Relation Name": "supplier", "Alias": "supplier", "Startup Cost": 95.25, "Total Cost": 2492.04, "Plan Rows": 4000, "Plan Width": 12, "Recheck Cond": "(s_nationkey = public.nation.n_nationkey)", "Plans": [{"Node Type": "Bitmap Index Scan", "Parent Relationship": "Outer", "Index Name": "idx_supplier_nation_key", "Startup Cost": 0.0, "Total Cost": 94.25, "Plan Rows": 4000, "Plan Width": 0, "Index Cond": "(s_nationkey = public.nation.n_nationkey)"}]}]}, {"Node Type": "Bitmap Heap Scan", "Parent Relationship": "Inner", "Relation Name": "partsupp", "Alias": "partsupp", "Startup Cost": 1.57, "Total Cost": 9.71, "Plan Rows": 13, "Plan Width": 32, "Recheck Cond": "(ps_suppkey = public.supplier.s_suppkey)", "Plans": [{"Node Type": "Bitmap Index Scan", "Parent Relationship": "Outer", "Index Name": "idx_partsupp_suppkey", "Startup Cost": 0.0, "Total Cost": 1.56, "Plan Rows": 13, "Plan Width": 0, "Index Cond": "(ps_suppkey = public.supplier.s_suppkey)"}]}]}]}]}, "Unique SQL Id": 2932834211, "Planner Runtime": 1}, "explain_analyze_plan": {"Plan": {"Node Type": "Sort", "Startup Cost": 90032.55, "Total Cost": 90167.0, "Plan Rows": 53780, "Plan Width": 24, "Actual Startup Time": 2112.155, "Actual Total Time": 2112.155, "Actual Rows": 0, "Actual Loops": 1, "Sort Key": ["(sum((public.partsupp.ps_supplycost * (public.partsupp.ps_availqty)::double precision))) DESC"], "Sort Method": "quicksort", "Sort Space Used": 25, "Sort Space Type": "Memory", "Plans": [{"Node Type": "Aggregate", "Strategy": "Plain", "Parent Relationship": "exec_init_plan", "Subplan Name": "InitPlan 1 (returns $2)", "Startup Cost": 42298.39, "Total Cost": 42298.4, "Plan Rows": 1, "Plan Width": 24, "Actual Startup Time": 928.307, "Actual Total Time": 928.307, "Actual Rows": 1, "Actual Loops": 1, "Plans": [{"Node Type": "Nested Loop", "Parent Relationship": "Outer", "Join Type": "Inner", "Startup Cost": 96.82, "Total Cost": 41895.04, "Plan Rows": 53780, "Plan Width": 16, "Actual Startup Time": 0.986, "Actual Total Time": 800.403, "Actual Rows": 313920, "Actual Loops": 1, "Inner Unique": false, "Plans": [{"Node Type": "Nested Loop", "Parent Relationship": "Outer", "Join Type": "Inner", "Startup Cost": 95.25, "Total Cost": 2533.35, "Plan Rows": 4000, "Plan Width": 8, "Actual Startup Time": 0.938, "Actual Total Time": 7.951, "Actual Rows": 3924, "Actual Loops": 1, "Inner Unique": false, "Plans": [{"Node Type": "Seq Scan", "Parent Relationship": "Outer", "Relation Name": "nation", "Alias": "nation", "Startup Cost": 0.0, "Total Cost": 1.31, "Plan Rows": 1, "Plan Width": 4, "Actual Startup Time": 0.042, "Actual Total Time": 0.056, "Actual Rows": 1, "Actual Loops": 1, "Filter": "(n_name = 'MOZAMBIQUE'::bpchar)", "Rows Removed by Filter": 24}, {"Node Type": "Bitmap Heap Scan", "Parent Relationship": "Inner", "Relation Name": "supplier", "Alias": "supplier", "Startup Cost": 95.25, "Total Cost": 2492.04, "Plan Rows": 4000, "Plan Width": 12, "Actual Startup Time": 0.889, "Actual Total Time": 7.054, "Actual Rows": 3924, "Actual Loops": 1, "Recheck Cond": "(s_nationkey = public.nation.n_nationkey)", "Rows Removed by Index Recheck": 0, "Exact Heap Blocks": 1895, "Lossy Heap Blocks": 1895, "Plans": [{"Node Type": "Bitmap Index Scan", "Parent Relationship": "Outer", "Index Name": "idx_supplier_nation_key", "Startup Cost": 0.0, "Total Cost": 94.25, "Plan Rows": 4000, "Plan Width": 0, "Actual Startup Time": 0.609, "Actual Total Time": 0.609, "Actual Rows": 3924, "Actual Loops": 1, "Index Cond": "(s_nationkey = public.nation.n_nationkey)"}]}]}, {"Node Type": "Bitmap Heap Scan", "Parent Relationship": "Inner", "Relation Name": "partsupp", "Alias": "partsupp", "Startup Cost": 1.57, "Total Cost": 9.71, "Plan Rows": 13, "Plan Width": 24, "Actual Startup Time": 104.492, "Actual Total Time": 724.345, "Actual Rows": 313920, "Actual Loops": 3924, "Recheck Cond": "(ps_suppkey = public.supplier.s_suppkey)", "Rows Removed by Index Recheck": 0, "Exact Heap Blocks": 313920, "Lossy Heap Blocks": 313920, "Plans": [{"Node Type": "Bitmap Index Scan", "Parent Relationship": "Outer", "Index Name": "idx_partsupp_suppkey", "Startup Cost": 0.0, "Total Cost": 1.56, "Plan Rows": 13, "Plan Width": 0, "Actual Startup Time": 65.503, "Actual Total Time": 65.503, "Actual Rows": 313920, "Actual Loops": 3924, "Index Cond": "(ps_suppkey = public.supplier.s_suppkey)"}]}]}]}, {"Node Type": "Aggregate", "Strategy": "Hashed", "Parent Relationship": "Outer", "Startup Cost": 42836.19, "Total Cost": 43508.44, "Plan Rows": 53780, "Plan Width": 24, "Actual Startup Time": 2111.624, "Actual Total Time": 2111.624, "Actual Rows": 0, "Actual Loops": 1, "Group By Key": ["public.partsupp.ps_partkey"], "Filter": "(sum((public.partsupp.ps_supplycost * (public.partsupp.ps_availqty)::double precision)) > $2)", "Rows Removed by Filter": 295792, "Plans": [{"Node Type": "Nested Loop", "Parent Relationship": "Outer", "Join Type": "Inner", "Startup Cost": 96.82, "Total Cost": 41895.04, "Plan Rows": 53780, "Plan Width": 24, "Actual Startup Time": 1.009, "Actual Total Time": 754.894, "Actual Rows": 313920, "Actual Loops": 1, "Inner Unique": false, "Plans": [{"Node Type": "Nested Loop", "Parent Relationship": "Outer", "Join Type": "Inner", "Startup Cost": 95.25, "Total Cost": 2533.35, "Plan Rows": 4000, "Plan Width": 8, "Actual Startup Time": 0.964, "Actual Total Time": 7.76, "Actual Rows": 3924, "Actual Loops": 1, "Inner Unique": false, "Plans": [{"Node Type": "Seq Scan", "Parent Relationship": "Outer", "Relation Name": "nation", "Alias": "nation", "Startup Cost": 0.0, "Total Cost": 1.31, "Plan Rows": 1, "Plan Width": 4, "Actual Startup Time": 0.029, "Actual Total Time": 0.042, "Actual Rows": 1, "Actual Loops": 1, "Filter": "(n_name = 'MOZAMBIQUE'::bpchar)", "Rows Removed by Filter": 24}, {"Node Type": "Bitmap Heap Scan", "Parent Relationship": "Inner", "Relation Name": "supplier", "Alias": "supplier", "Startup Cost": 95.25, "Total Cost": 2492.04, "Plan Rows": 4000, "Plan Width": 12, "Actual Startup Time": 0.928, "Actual Total Time": 6.732, "Actual Rows": 3924, "Actual Loops": 1, "Recheck Cond": "(s_nationkey = public.nation.n_nationkey)", "Rows Removed by Index Recheck": 0, "Exact Heap Blocks": 1895, "Lossy Heap Blocks": 1895, "Plans": [{"Node Type": "Bitmap Index Scan", "Parent Relationship": "Outer", "Index Name": "idx_supplier_nation_key", "Startup Cost": 0.0, "Total Cost": 94.25, "Plan Rows": 4000, "Plan Width": 0, "Actual Startup Time": 0.646, "Actual Total Time": 0.646, "Actual Rows": 3924, "Actual Loops": 1, "Index Cond": "(s_nationkey = public.nation.n_nationkey)"}]}]}, {"Node Type": "Bitmap Heap Scan", "Parent Relationship": "Inner", "Relation Name": "partsupp", "Alias": "partsupp", "Startup Cost": 1.57, "Total Cost": 9.71, "Plan Rows": 13, "Plan Width": 32, "Actual Startup Time": 103.168, "Actual Total Time": 673.653, "Actual Rows": 313920, "Actual Loops": 3924, "Recheck Cond": "(ps_suppkey = public.supplier.s_suppkey)", "Rows Removed by Index Recheck": 0, "Exact Heap Blocks": 313920, "Lossy Heap Blocks": 313920, "Plans": [{"Node Type": "Bitmap Index Scan", "Parent Relationship": "Outer", "Index Name": "idx_partsupp_suppkey", "Startup Cost": 0.0, "Total Cost": 1.56, "Plan Rows": 13, "Plan Width": 0, "Actual Startup Time": 64.013, "Actual Total Time": 64.013, "Actual Rows": 313920, "Actual Loops": 3924, "Index Cond": "(ps_suppkey = public.supplier.s_suppkey)"}]}]}]}]}, "Triggers": [], "Planner Runtime": 0, "Total Runtime": 2112.492, "Unique SQL Id": 2932834211}}, "(1, 7)": {"explain_plan": {"Plan": {"Node Type": "Sort", "Startup Cost": 2000084159245.82, "Total Cost": 2000084159380.27, "Plan Rows": 53780, "Plan Width": 40, "Sort Key": ["(sum((public.partsupp.ps_supplycost * (public.partsupp.ps_availqty)::double precision))) DESC"], "Plans": [{"Node Type": "Aggregate", "Strategy": "Plain", "Parent Relationship": "exec_init_plan", "Subplan Name": "InitPlan 1 (returns $2)", "Startup Cost": 1000001001502.42, "Total Cost": 1000001001502.43, "Plan Rows": 1, "Plan Width": 24, "Plans": [{"Node Type": "Nested Loop", "Parent Relationship": "Outer", "Join Type": "Inner", "Startup Cost": 10000000001.83, "Total Cost": 1000001001099.07, "Plan Rows": 53780, "Plan Width": 16, "Inner Unique": false, "Plans": [{"Node Type": "Nested Loop", "Parent Relationship": "Outer", "Join Type": "Inner", "Startup Cost": 10000000000.26, "Total Cost": 1000000961737.38, "Plan Rows": 4000, "Plan Width": 8, "Inner Unique": true, "Plans": [{"Node Type": "Index Scan", "Parent Relationship": "Outer", "Scan Direction": "Forward", "Index Name": "supplier_pkey", "Relation Name": "supplier", "Alias": "supplier", "Startup Cost": 10000000000.0, "Total Cost": 1000000533454.38, "Plan Rows": 100000, "Plan Width": 12}, {"Node Type": "Bitmap Heap Scan", "Parent Relationship": "Inner", "Relation Name": "nation", "Alias": "nation", "Startup Cost": 0.26, "Total Cost": 4.27, "Plan Rows": 1, "Plan Width": 4, "Recheck Cond": "(n_nationkey = public.supplier.s_nationkey)", "Filter": "(n_name = 'MOZAMBIQUE'::bpchar)", "Plans": [{"Node Type": "Bitmap Index Scan", "Parent Relationship": "Outer", "Index Name": "nation_pkey", "Startup Cost": 0.0, "Total Cost": 0.26, "Plan Rows": 1, "Plan Width": 0, "Index Cond": "(n_nationkey = public.supplier.s_nationkey)"}]}]}, {"Node Type": "Bitmap Heap Scan", "Parent Relationship": "Inner", "Relation Name": "partsupp", "Alias": "partsupp", "Startup Cost": 1.57, "Total Cost": 9.71, "Plan Rows": 13, "Plan Width": 24, "Recheck Cond": "(ps_suppkey = public.supplier.s_suppkey)", "Plans": [{"Node Type": "Bitmap Index Scan", "Parent Relationship": "Outer", "Index Name": "idx_partsupp_suppkey", "Startup Cost": 0.0, "Total Cost": 1.56, "Plan Rows": 13, "Plan Width": 0, "Index Cond": "(ps_suppkey = public.supplier.s_suppkey)"}]}]}]}, {"Node Type": "Aggregate", "Strategy": "Sorted", "Parent Relationship": "Outer", "Startup Cost": 10000000000.52, "Total Cost": 1000083153517.69, "Plan Rows": 53780, "Plan Width": 40, "Group By Key": ["public.partsupp.ps_partkey"], "Filter": "(sum((public.partsupp.ps_supplycost * (public.partsupp.ps_availqty)::double precision)) > $2)", "Plans": [{"Node Type": "Nested Loop", "Parent Relationship": "Outer", "Join Type": "Inner", "Startup Cost": 10000000000.52, "Total Cost": 1000083151904.29, "Plan Rows": 53780, "Plan Width": 24, "Inner Unique": true, "Plans": [{"Node Type": "Nested Loop", "Parent Relationship": "Outer", "Join Type": "Inner", "Startup Cost": 10000000000.26, "Total Cost": 1000077393643.64, "Plan Rows": 1344499, "Plan Width": 28, "Inner Unique": true, "Plans": [{"Node Type": "Index Scan", "Parent Relationship": "Outer", "Scan Direction": "Forward", "Index Name": "idx_partsupp_partkey", "Relation Name": "partsupp", "Alias": "partsupp", "Startup Cost": 10000000000.0, "Total Cost": 1000043148503.38, "Plan Rows": 8000372, "Plan Width": 32}, {"Node Type": "Bitmap Heap Scan", "Parent Relationship": "Inner", "Relation Name": "supplier", "Alias": "supplier", "Startup Cost": 0.26, "Total Cost": 4.27, "Plan Rows": 1, "Plan Width": 12, "Recheck Cond": "(s_suppkey = public.partsupp.ps_suppkey)", "Plans": [{"Node Type": "Bitmap Index Scan", "Parent Relationship": "Outer", "Index Name": "supplier_pkey", "Startup Cost": 0.0, "Total Cost": 0.26, "Plan Rows": 1, "Plan Width": 0, "Index Cond": "(s_suppkey = public.partsupp.ps_suppkey)"}]}]}, {"Node Type": "Bitmap Heap Scan", "Parent Relationship": "Inner", "Relation Name": "nation", "Alias": "nation", "Startup Cost": 0.26, "Total Cost": 4.27, "Plan Rows": 1, "Plan Width": 4, "Recheck Cond": "(n_nationkey = public.supplier.s_nationkey)", "Filter": "(n_name = 'MOZAMBIQUE'::bpchar)", "Plans": [{"Node Type": "Bitmap Index Scan", "Parent Relationship": "Outer", "Index Name": "nation_pkey", "Startup Cost": 0.0, "Total Cost": 0.26, "Plan Rows": 1, "Plan Width": 0, "Index Cond": "(n_nationkey = public.supplier.s_nationkey)"}]}]}]}]}, "Unique SQL Id": 2932834211, "Planner Runtime": 1}, "explain_analyze_plan": null}, "(1, 8)": {"explain_plan": {"Plan": {"Node Type": "Sort", "Startup Cost": 89040.3, "Total Cost": 89174.75, "Plan Rows": 53780, "Plan Width": 24, "Sort Key": ["(sum((public.partsupp.ps_supplycost * (public.partsupp.ps_availqty)::double precision))) DESC"], "Plans": [{"Node Type": "Aggregate", "Strategy": "Plain", "Parent Relationship": "exec_init_plan", "Subplan Name": "InitPlan 1 (returns $1)", "Startup Cost": 41802.27, "Total Cost": 41802.28, "Plan Rows": 1, "Plan Width": 24, "Plans": [{"Node Type": "Nested Loop", "Parent Relationship": "Outer", "Join Type": "Inner", "Startup Cost": 1.32, "Total Cost": 41398.92, "Plan Rows": 53780, "Plan Width": 16, "Inner Unique": false, "Plans": [{"Node Type": "Hash Join", "Parent Relationship": "Outer", "Join Type": "Inner", "Startup Cost": 1.32, "Total Cost": 3574.95, "Plan Rows": 4000, "Plan Width": 8, "Inner Unique": true, "Hash Cond": "(public.supplier.s_nationkey = public.nation.n_nationkey)", "Plans": [{"Node Type": "Seq Scan", "Parent Relationship": "Outer", "Relation Name": "supplier", "Alias": "supplier", "Startup Cost": 0.0, "Total Cost": 3283.0, "Plan Rows": 100000, "Plan Width": 12}, {"Node Type": "Hash", "Parent Relationship": "Inner", "Startup Cost": 1.31, "Total Cost": 1.31, "Plan Rows": 1, "Plan Width": 4, "Plans": [{"Node Type": "Seq Scan", "Parent Relationship": "Outer", "Relation Name": "nation", "Alias": "nation", "Startup Cost": 0.0, "Total Cost": 1.31, "Plan Rows": 1, "Plan Width": 4, "Filter": "(n_name = 'MOZAMBIQUE'::bpchar)"}]}]}, {"Node Type": "Index Scan", "Parent Relationship": "Inner", "Scan Direction": "Forward", "Index Name": "idx_partsupp_suppkey", "Relation Name": "partsupp", "Alias": "partsupp", "Startup Cost": 0.0, "Total Cost": 9.33, "Plan Rows": 13, "Plan Width": 24, "Index Cond": "(ps_suppkey = public.supplier.s_suppkey)"}]}]}, {"Node Type": "Aggregate", "Strategy": "Hashed", "Parent Relationship": "Outer", "Startup Cost": 42340.07, "Total Cost": 43012.32, "Plan Rows": 53780, "Plan Width": 24, "Group By Key": ["public.partsupp.ps_partkey"], "Filter": "(sum((public.partsupp.ps_supplycost * (public.partsupp.ps_availqty)::double precision)) > $1)", "Plans": [{"Node Type": "Nested Loop", "Parent Relationship": "Outer", "Join Type": "Inner", "Startup Cost": 1.32, "Total Cost": 41398.92, "Plan Rows": 53780, "Plan Width": 24, "Inner Unique": false, "Plans": [{"Node Type": "Hash Join", "Parent Relationship": "Outer", "Join Type": "Inner", "Startup Cost": 1.32, "Total Cost": 3574.95, "Plan Rows": 4000, "Plan Width": 8, "Inner Unique": true, "Hash Cond": "(public.supplier.s_nationkey = public.nation.n_nationkey)", "Plans": [{"Node Type": "Seq Scan", "Parent Relationship": "Outer", "Relation Name": "supplier", "Alias": "supplier", "Startup Cost": 0.0, "Total Cost": 3283.0, "Plan Rows": 100000, "Plan Width": 12}, {"Node Type": "Hash", "Parent Relationship": "Inner", "Startup Cost": 1.31, "Total Cost": 1.31, "Plan Rows": 1, "Plan Width": 4, "Plans": [{"Node Type": "Seq Scan", "Parent Relationship": "Outer", "Relation Name": "nation", "Alias": "nation", "Startup Cost": 0.0, "Total Cost": 1.31, "Plan Rows": 1, "Plan Width": 4, "Filter": "(n_name = 'MOZAMBIQUE'::bpchar)"}]}]}, {"Node Type": "Index Scan", "Parent Relationship": "Inner", "Scan Direction": "Forward", "Index Name": "idx_partsupp_suppkey", "Relation Name": "partsupp", "Alias": "partsupp", "Startup Cost": 0.0, "Total Cost": 9.33, "Plan Rows": 13, "Plan Width": 32, "Index Cond": "(ps_suppkey = public.supplier.s_suppkey)"}]}]}]}, "Unique SQL Id": 2932834211, "Planner Runtime": 1}, "explain_analyze_plan": {"Plan": {"Node Type": "Sort", "Startup Cost": 89040.3, "Total Cost": 89174.75, "Plan Rows": 53780, "Plan Width": 24, "Actual Startup Time": 1966.286, "Actual Total Time": 1966.286, "Actual Rows": 0, "Actual Loops": 1, "Sort Key": ["(sum((public.partsupp.ps_supplycost * (public.partsupp.ps_availqty)::double precision))) DESC"], "Sort Method": "quicksort", "Sort Space Used": 25, "Sort Space Type": "Memory", "Plans": [{"Node Type": "Aggregate", "Strategy": "Plain", "Parent Relationship": "exec_init_plan", "Subplan Name": "InitPlan 1 (returns $1)", "Startup Cost": 41802.27, "Total Cost": 41802.28, "Plan Rows": 1, "Plan Width": 24, "Actual Startup Time": 814.836, "Actual Total Time": 814.836, "Actual Rows": 1, "Actual Loops": 1, "Plans": [{"Node Type": "Nested Loop", "Parent Relationship": "Outer", "Join Type": "Inner", "Startup Cost": 1.32, "Total Cost": 41398.92, "Plan Rows": 53780, "Plan Width": 16, "Actual Startup Time": 0.144, "Actual Total Time": 679.652, "Actual Rows": 313920, "Actual Loops": 1, "Inner Unique": false, "Plans": [{"Node Type": "Hash Join", "Parent Relationship": "Outer", "Join Type": "Inner", "Startup Cost": 1.32, "Total Cost": 3574.95, "Plan Rows": 4000, "Plan Width": 8, "Actual Startup Time": 0.118, "Actual Total Time": 51.066, "Actual Rows": 3924, "Actual Loops": 1, "Inner Unique": true, "Hash Cond": "(public.supplier.s_nationkey = public.nation.n_nationkey)", "Plans": [{"Node Type": "Seq Scan", "Parent Relationship": "Outer", "Relation Name": "supplier", "Alias": "supplier", "Startup Cost": 0.0, "Total Cost": 3283.0, "Plan Rows": 100000, "Plan Width": 12, "Actual Startup Time": 0.02, "Actual Total Time": 28.652, "Actual Rows": 100000, "Actual Loops": 1}, {"Node Type": "Hash", "Parent Relationship": "Inner", "Startup Cost": 1.31, "Total Cost": 1.31, "Plan Rows": 1, "Plan Width": 4, "Actual Startup Time": 0.035, "Actual Total Time": 0.035, "Actual Rows": 1, "Actual Loops": 1, "Hash Buckets": 32768, "Hash Batches": 1, "Original Hash Batches": 1, "Peak Memory Usage": 1, "Plans": [{"Node Type": "Seq Scan", "Parent Relationship": "Outer", "Relation Name": "nation", "Alias": "nation", "Startup Cost": 0.0, "Total Cost": 1.31, "Plan Rows": 1, "Plan Width": 4, "Actual Startup Time": 0.023, "Actual Total Time": 0.026, "Actual Rows": 1, "Actual Loops": 1, "Filter": "(n_name = 'MOZAMBIQUE'::bpchar)", "Rows Removed by Filter": 24}]}]}, {"Node Type": "Index Scan", "Parent Relationship": "Inner", "Scan Direction": "Forward", "Index Name": "idx_partsupp_suppkey", "Relation Name": "partsupp", "Alias": "partsupp", "Startup Cost": 0.0, "Total Cost": 9.33, "Plan Rows": 13, "Plan Width": 24, "Actual Startup Time": 45.642, "Actual Total Time": 561.627, "Actual Rows": 313920, "Actual Loops": 3924, "Index Cond": "(ps_suppkey = public.supplier.s_suppkey)", "Rows Removed by Index Recheck": 0}]}]}, {"Node Type": "Aggregate", "Strategy": "Hashed", "Parent Relationship": "Outer", "Startup Cost": 42340.07, "Total Cost": 43012.32, "Plan Rows": 53780, "Plan Width": 24, "Actual Startup Time": 1965.915, "Actual Total Time": 1965.915, "Actual Rows": 0, "Actual Loops": 1, "Group By Key": ["public.partsupp.ps_partkey"], "Filter": "(sum((public.partsupp.ps_supplycost * (public.partsupp.ps_availqty)::double precision)) > $1)", "Rows Removed by Filter": 295792, "Plans": [{"Node Type": "Nested Loop", "Parent Relationship": "Outer", "Join Type": "Inner", "Startup Cost": 1.32, "Total Cost": 41398.92, "Plan Rows": 53780, "Plan Width": 24, "Actual Startup Time": 0.133, "Actual Total Time": 747.644, "Actual Rows": 313920, "Actual Loops": 1, "Inner Unique": false, "Plans": [{"Node Type": "Hash Join", "Parent Relationship": "Outer", "Join Type": "Inner", "Startup Cost": 1.32, "Total Cost": 3574.95, "Plan Rows": 4000, "Plan Width": 8, "Actual Startup Time": 0.106, "Actual Total Time": 53.011, "Actual Rows": 3924, "Actual Loops": 1, "Inner Unique": true, "Hash Cond": "(public.supplier.s_nationkey = public.nation.n_nationkey)", "Plans": [{"Node Type": "Seq Scan", "Parent Relationship": "Outer", "Relation Name": "supplier", "Alias": "supplier", "Startup Cost": 0.0, "Total Cost": 3283.0, "Plan Rows": 100000, "Plan Width": 12, "Actual Startup Time": 0.018, "Actual Total Time": 30.147, "Actual Rows": 100000, "Actual Loops": 1}, {"Node Type": "Hash", "Parent Relationship": "Inner", "Startup Cost": 1.31, "Total Cost": 1.31, "Plan Rows": 1, "Plan Width": 4, "Actual Startup Time": 0.032, "Actual Total Time": 0.032, "Actual Rows": 1, "Actual Loops": 1, "Hash Buckets": 32768, "Hash Batches": 1, "Original Hash Batches": 1, "Peak Memory Usage": 1, "Plans": [{"Node Type": "Seq Scan", "Parent Relationship": "Outer", "Relation Name": "nation", "Alias": "nation", "Startup Cost": 0.0, "Total Cost": 1.31, "Plan Rows": 1, "Plan Width": 4, "Actual Startup Time": 0.021, "Actual Total Time": 0.024, "Actual Rows": 1, "Actual Loops": 1, "Filter": "(n_name = 'MOZAMBIQUE'::bpchar)", "Rows Removed by Filter": 24}]}]}, {"Node Type": "Index Scan", "Parent Relationship": "Inner", "Scan Direction": "Forward", "Index Name": "idx_partsupp_suppkey", "Relation Name": "partsupp", "Alias": "partsupp", "Startup Cost": 0.0, "Total Cost": 9.33, "Plan Rows": 13, "Plan Width": 32, "Actual Startup Time": 49.124, "Actual Total Time": 623.306, "Actual Rows": 313920, "Actual Loops": 3924, "Index Cond": "(ps_suppkey = public.supplier.s_suppkey)", "Rows Removed by Index Recheck": 0}]}]}]}, "Triggers": [], "Planner Runtime": 1, "Total Runtime": 1966.592, "Unique SQL Id": 2932834211}}, "(1, 9)": {"explain_plan": {"Plan": {"Node Type": "Sort", "Startup Cost": 93166.14, "Total Cost": 93300.59, "Plan Rows": 53780, "Plan Width": 24, "Sort Key": ["(sum((public.partsupp.ps_supplycost * (public.partsupp.ps_availqty)::double precision))) DESC"], "Plans": [{"Node Type": "Aggregate", "Strategy": "Plain", "Parent Relationship": "exec_init_plan", "Subplan Name": "InitPlan 1 (returns $1)", "Startup Cost": 43865.19, "Total Cost": 43865.2, "Plan Rows": 1, "Plan Width": 24, "Plans": [{"Node Type": "Nested Loop", "Parent Relationship": "Outer", "Join Type": "Inner", "Startup Cost": 12.7, "Total Cost": 43461.84, "Plan Rows": 53780, "Plan Width": 16, "Inner Unique": false, "Plans": [{"Node Type": "Hash Join", "Parent Relationship": "Outer", "Join Type": "Inner", "Startup Cost": 12.7, "Total Cost": 5637.87, "Plan Rows": 4000, "Plan Width": 8, "Inner Unique": true, "Hash Cond": "(public.supplier.s_nationkey = public.nation.n_nationkey)", "Plans": [{"Node Type": "Index Scan", "Parent Relationship": "Outer", "Scan Direction": "Forward", "Index Name": "supplier_pkey", "Relation Name": "supplier", "Alias": "supplier", "Startup Cost": 0.0, "Total Cost": 5334.54, "Plan Rows": 100000, "Plan Width": 12}, {"Node Type": "Hash", "Parent Relationship": "Inner", "Startup Cost": 12.69, "Total Cost": 12.69, "Plan Rows": 1, "Plan Width": 4, "Plans": [{"Node Type": "Index Scan", "Parent Relationship": "Outer", "Scan Direction": "Forward", "Index Name": "nation_pkey", "Relation Name": "nation", "Alias": "nation", "Startup Cost": 0.0, "Total Cost": 12.69, "Plan Rows": 1, "Plan Width": 4, "Filter": "(n_name = 'MOZAMBIQUE'::bpchar)"}]}]}, {"Node Type": "Index Scan", "Parent Relationship": "Inner", "Scan Direction": "Forward", "Index Name": "idx_partsupp_suppkey", "Relation Name": "partsupp", "Alias": "partsupp", "Startup Cost": 0.0, "Total Cost": 9.33, "Plan Rows": 13, "Plan Width": 24, "Index Cond": "(ps_suppkey = public.supplier.s_suppkey)"}]}]}, {"Node Type": "Aggregate", "Strategy": "Hashed", "Parent Relationship": "Outer", "Startup Cost": 44402.99, "Total Cost": 45075.24, "Plan Rows": 53780, "Plan Width": 24, "Group By Key": ["public.partsupp.ps_partkey"], "Filter": "(sum((public.partsupp.ps_supplycost * (public.partsupp.ps_availqty)::double precision)) > $1)", "Plans": [{"Node Type": "Nested Loop", "Parent Relationship": "Outer", "Join Type": "Inner", "Startup Cost": 12.7, "Total Cost": 43461.84, "Plan Rows": 53780, "Plan Width": 24, "Inner Unique": false, "Plans": [{"Node Type": "Hash Join", "Parent Relationship": "Outer", "Join Type": "Inner", "Startup Cost": 12.7, "Total Cost": 5637.87, "Plan Rows": 4000, "Plan Width": 8, "Inner Unique": true, "Hash Cond": "(public.supplier.s_nationkey = public.nation.n_nationkey)", "Plans": [{"Node Type": "Index Scan", "Parent Relationship": "Outer", "Scan Direction": "Forward", "Index Name": "supplier_pkey", "Relation Name": "supplier", "Alias": "supplier", "Startup Cost": 0.0, "Total Cost": 5334.54, "Plan Rows": 100000, "Plan Width": 12}, {"Node Type": "Hash", "Parent Relationship": "Inner", "Startup Cost": 12.69, "Total Cost": 12.69, "Plan Rows": 1, "Plan Width": 4, "Plans": [{"Node Type": "Index Scan", "Parent Relationship": "Outer", "Scan Direction": "Forward", "Index Name": "nation_pkey", "Relation Name": "nation", "Alias": "nation", "Startup Cost": 0.0, "Total Cost": 12.69, "Plan Rows": 1, "Plan Width": 4, "Filter": "(n_name = 'MOZAMBIQUE'::bpchar)"}]}]}, {"Node Type": "Index Scan", "Parent Relationship": "Inner", "Scan Direction": "Forward", "Index Name": "idx_partsupp_suppkey", "Relation Name": "partsupp", "Alias": "partsupp", "Startup Cost": 0.0, "Total Cost": 9.33, "Plan Rows": 13, "Plan Width": 32, "Index Cond": "(ps_suppkey = public.supplier.s_suppkey)"}]}]}]}, "Unique SQL Id": 2932834211, "Planner Runtime": 1}, "explain_analyze_plan": {"Plan": {"Node Type": "Sort", "Startup Cost": 93166.14, "Total Cost": 93300.59, "Plan Rows": 53780, "Plan Width": 24, "Actual Startup Time": 1974.357, "Actual Total Time": 1974.357, "Actual Rows": 0, "Actual Loops": 1, "Sort Key": ["(sum((public.partsupp.ps_supplycost * (public.partsupp.ps_availqty)::double precision))) DESC"], "Sort Method": "quicksort", "Sort Space Used": 25, "Sort Space Type": "Memory", "Plans": [{"Node Type": "Aggregate", "Strategy": "Plain", "Parent Relationship": "exec_init_plan", "Subplan Name": "InitPlan 1 (returns $1)", "Startup Cost": 43865.19, "Total Cost": 43865.2, "Plan Rows": 1, "Plan Width": 24, "Actual Startup Time": 817.132, "Actual Total Time": 817.133, "Actual Rows": 1, "Actual Loops": 1, "Plans": [{"Node Type": "Nested Loop", "Parent Relationship": "Outer", "Join Type": "Inner", "Startup Cost": 12.7, "Total Cost": 43461.84, "Plan Rows": 53780, "Plan Width": 16, "Actual Startup Time": 0.175, "Actual Total Time": 680.837, "Actual Rows": 313920, "Actual Loops": 1, "Inner Unique": false, "Plans": [{"Node Type": "Hash Join", "Parent Relationship": "Outer", "Join Type": "Inner", "Startup Cost": 12.7, "Total Cost": 5637.87, "Plan Rows": 4000, "Plan Width": 8, "Actual Startup Time": 0.15, "Actual Total Time": 74.596, "Actual Rows": 3924, "Actual Loops": 1, "Inner Unique": true, "Hash Cond": "(public.supplier.s_nationkey = public.nation.n_nationkey)", "Plans": [{"Node Type": "Index Scan", "Parent Relationship": "Outer", "Scan Direction": "Forward", "Index Name": "supplier_pkey", "Relation Name": "supplier", "Alias": "supplier", "Startup Cost": 0.0, "Total Cost": 5334.54, "Plan Rows": 100000, "Plan Width": 12, "Actual Startup Time": 0.032, "Actual Total Time": 53.574, "Actual Rows": 100000, "Actual Loops": 1}, {"Node Type": "Hash", "Parent Relationship": "Inner", "Startup Cost": 12.69, "Total Cost": 12.69, "Plan Rows": 1, "Plan Width": 4, "Actual Startup Time": 0.044, "Actual Total Time": 0.044, "Actual Rows": 1, "Actual Loops": 1, "Hash Buckets": 32768, "Hash Batches": 1, "Original Hash Batches": 1, "Peak Memory Usage": 1, "Plans": [{"Node Type": "Index Scan", "Parent Relationship": "Outer", "Scan Direction": "Forward", "Index Name": "nation_pkey", "Relation Name": "nation", "Alias": "nation", "Startup Cost": 0.0, "Total Cost": 12.69, "Plan Rows": 1, "Plan Width": 4, "Actual Startup Time": 0.028, "Actual Total Time": 0.034, "Actual Rows": 1, "Actual Loops": 1, "Filter": "(n_name = 'MOZAMBIQUE'::bpchar)", "Rows Removed by Filter": 24}]}]}, {"Node Type": "Index Scan", "Parent Relationship": "Inner", "Scan Direction": "Forward", "Index Name": "idx_partsupp_suppkey", "Relation Name": "partsupp", "Alias": "partsupp", "Startup Cost": 0.0, "Total Cost": 9.33, "Plan Rows": 13, "Plan Width": 24, "Actual Startup Time": 43.949, "Actual Total Time": 539.771, "Actual Rows": 313920, "Actual Loops": 3924, "Index Cond": "(ps_suppkey = public.supplier.s_suppkey)", "Rows Removed by Index Recheck": 0}]}]}, {"Node Type": "Aggregate", "Strategy": "Hashed", "Parent Relationship": "Outer", "Startup Cost": 44402.99, "Total Cost": 45075.24, "Plan Rows": 53780, "Plan Width": 24, "Actual Startup Time": 1973.893, "Actual Total Time": 1973.893, "Actual Rows": 0, "Actual Loops": 1, "Group By Key": ["public.partsupp.ps_partkey"], "Filter": "(sum((public.partsupp.ps_supplycost * (public.partsupp.ps_availqty)::double precision)) > $1)", "Rows Removed by Filter": 295792, "Plans": [{"Node Type": "Nested Loop", "Parent Relationship": "Outer", "Join Type": "Inner", "Startup Cost": 12.7, "Total Cost": 43461.84, "Plan Rows": 53780, "Plan Width": 24, "Actual Startup Time": 0.136, "Actual Total Time": 736.735, "Actual Rows": 313920, "Actual Loops": 1, "Inner Unique": false, "Plans": [{"Node Type": "Hash Join", "Parent Relationship": "Outer", "Join Type": "Inner", "Startup Cost": 12.7, "Total Cost": 5637.87, "Plan Rows": 4000, "Plan Width": 8, "Actual Startup Time": 0.114, "Actual Total Time": 77.829, "Actual Rows": 3924, "Actual Loops": 1, "Inner Unique": true, "Hash Cond": "(public.supplier.s_nationkey = public.nation.n_nationkey)", "Plans": [{"Node Type": "Index Scan", "Parent Relationship": "Outer", "Scan Direction": "Forward", "Index Name": "supplier_pkey", "Relation Name": "supplier", "Alias": "supplier", "Startup Cost": 0.0, "Total Cost": 5334.54, "Plan Rows": 100000, "Plan Width": 12, "Actual Startup Time": 0.027, "Actual Total Time": 56.396, "Actual Rows": 100000, "Actual Loops": 1}, {"Node Type": "Hash", "Parent Relationship": "Inner", "Startup Cost": 12.69, "Total Cost": 12.69, "Plan Rows": 1, "Plan Width": 4, "Actual Startup Time": 0.036, "Actual Total Time": 0.036, "Actual Rows": 1, "Actual Loops": 1, "Hash Buckets": 32768, "Hash Batches": 1, "Original Hash Batches": 1, "Peak Memory Usage": 1, "Plans": [{"Node Type": "Index Scan", "Parent Relationship": "Outer", "Scan Direction": "Forward", "Index Name": "nation_pkey", "Relation Name": "nation", "Alias": "nation", "Startup Cost": 0.0, "Total Cost": 12.69, "Plan Rows": 1, "Plan Width": 4, "Actual Startup Time": 0.023, "Actual Total Time": 0.028, "Actual Rows": 1, "Actual Loops": 1, "Filter": "(n_name = 'MOZAMBIQUE'::bpchar)", "Rows Removed by Filter": 24}]}]}, {"Node Type": "Index Scan", "Parent Relationship": "Inner", "Scan Direction": "Forward", "Index Name": "idx_partsupp_suppkey", "Relation Name": "partsupp", "Alias": "partsupp", "Startup Cost": 0.0, "Total Cost": 9.33, "Plan Rows": 13, "Plan Width": 32, "Actual Startup Time": 46.453, "Actual Total Time": 587.121, "Actual Rows": 313920, "Actual Loops": 3924, "Index Cond": "(ps_suppkey = public.supplier.s_suppkey)", "Rows Removed by Index Recheck": 0}]}]}]}, "Triggers": [], "Planner Runtime": 0, "Total Runtime": 1974.638, "Unique SQL Id": 2932834211}}, "(1, 10)": {"explain_plan": {"Plan": {"Node Type": "Sort", "Startup Cost": 614546.2, "Total Cost": 614680.65, "Plan Rows": 53780, "Plan Width": 24, "Sort Key": ["(sum((public.partsupp.ps_supplycost * (public.partsupp.ps_availqty)::double precision))) DESC"], "Plans": [{"Node Type": "Aggregate", "Strategy": "Plain", "Parent Relationship": "exec_init_plan", "Subplan Name": "InitPlan 1 (returns $0)", "Startup Cost": 304555.21, "Total Cost": 304555.23, "Plan Rows": 1, "Plan Width": 24, "Plans": [{"Node Type": "Hash Join", "Parent Relationship": "Outer", "Join Type": "Inner", "Startup Cost": 3624.95, "Total Cost": 304151.86, "Plan Rows": 53780, "Plan Width": 16, "Inner Unique": false, "Hash Cond": "(public.partsupp.ps_suppkey = public.supplier.s_suppkey)", "Plans": [{"Node Type": "Seq Scan", "Parent Relationship": "Outer", "Relation Name": "partsupp", "Alias": "partsupp", "Startup Cost": 0.0, "Total Cost": 269987.72, "Plan Rows": 8000372, "Plan Width": 24}, {"Node Type": "Hash", "Parent Relationship": "Inner", "Startup Cost": 3574.95, "Total Cost": 3574.95, "Plan Rows": 4000, "Plan Width": 8, "Plans": [{"Node Type": "Hash Join", "Parent Relationship": "Outer", "Join Type": "Inner", "Startup Cost": 1.32, "Total Cost": 3574.95, "Plan Rows": 4000, "Plan Width": 8, "Inner Unique": true, "Hash Cond": "(public.supplier.s_nationkey = public.nation.n_nationkey)", "Plans": [{"Node Type": "Seq Scan", "Parent Relationship": "Outer", "Relation Name": "supplier", "Alias": "supplier", "Startup Cost": 0.0, "Total Cost": 3283.0, "Plan Rows": 100000, "Plan Width": 12}, {"Node Type": "Hash", "Parent Relationship": "Inner", "Startup Cost": 1.31, "Total Cost": 1.31, "Plan Rows": 1, "Plan Width": 4, "Plans": [{"Node Type": "Seq Scan", "Parent Relationship": "Outer", "Relation Name": "nation", "Alias": "nation", "Startup Cost": 0.0, "Total Cost": 1.31, "Plan Rows": 1, "Plan Width": 4, "Filter": "(n_name = 'MOZAMBIQUE'::bpchar)"}]}]}]}]}]}, {"Node Type": "Aggregate", "Strategy": "Hashed", "Parent Relationship": "Outer", "Startup Cost": 305093.02, "Total Cost": 305765.27, "Plan Rows": 53780, "Plan Width": 24, "Group By Key": ["public.partsupp.ps_partkey"], "Filter": "(sum((public.partsupp.ps_supplycost * (public.partsupp.ps_availqty)::double precision)) > $0)", "Plans": [{"Node Type": "Hash Join", "Parent Relationship": "Outer", "Join Type": "Inner", "Startup Cost": 3624.95, "Total Cost": 304151.86, "Plan Rows": 53780, "Plan Width": 24, "Inner Unique": false, "Hash Cond": "(public.partsupp.ps_suppkey = public.supplier.s_suppkey)", "Plans": [{"Node Type": "Seq Scan", "Parent Relationship": "Outer", "Relation Name": "partsupp", "Alias": "partsupp", "Startup Cost": 0.0, "Total Cost": 269987.72, "Plan Rows": 8000372, "Plan Width": 32}, {"Node Type": "Hash", "Parent Relationship": "Inner", "Startup Cost": 3574.95, "Total Cost": 3574.95, "Plan Rows": 4000, "Plan Width": 8, "Plans": [{"Node Type": "Hash Join", "Parent Relationship": "Outer", "Join Type": "Inner", "Startup Cost": 1.32, "Total Cost": 3574.95, "Plan Rows": 4000, "Plan Width": 8, "Inner Unique": true, "Hash Cond": "(public.supplier.s_nationkey = public.nation.n_nationkey)", "Plans": [{"Node Type": "Seq Scan", "Parent Relationship": "Outer", "Relation Name": "supplier", "Alias": "supplier", "Startup Cost": 0.0, "Total Cost": 3283.0, "Plan Rows": 100000, "Plan Width": 12}, {"Node Type": "Hash", "Parent Relationship": "Inner", "Startup Cost": 1.31, "Total Cost": 1.31, "Plan Rows": 1, "Plan Width": 4, "Plans": [{"Node Type": "Seq Scan", "Parent Relationship": "Outer", "Relation Name": "nation", "Alias": "nation", "Startup Cost": 0.0, "Total Cost": 1.31, "Plan Rows": 1, "Plan Width": 4, "Filter": "(n_name = 'MOZAMBIQUE'::bpchar)"}]}]}]}]}]}]}, "Unique SQL Id": 2932834211, "Planner Runtime": 1}, "explain_analyze_plan": null}, "(1, 11)": {"explain_plan": {"Plan": {"Node Type": "Sort", "Startup Cost": 6001104432332.89, "Total Cost": 6001104432467.34, "Plan Rows": 53780, "Plan Width": 40, "Sort Key": ["(sum((public.partsupp.ps_supplycost * (public.partsupp.ps_availqty)::double precision))) DESC"], "Plans": [{"Node Type": "Aggregate", "Strategy": "Plain", "Parent Relationship": "exec_init_plan", "Subplan Name": "InitPlan 1 (returns $0)", "Startup Cost": 3000580719437.25, "Total Cost": 3000580719437.27, "Plan Rows": 1, "Plan Width": 24, "Plans": [{"Node Type": "Nested Loop", "Parent Relationship": "Outer", "Join Type": "Inner", "Startup Cost": 30000000000.0, "Total Cost": 3000580719033.9, "Plan Rows": 53780, "Plan Width": 16, "Inner Unique": false, "Join Filter": "(public.supplier.s_suppkey = public.partsupp.ps_suppkey)", "Plans": [{"Node Type": "Index Scan", "Parent Relationship": "Outer", "Scan Direction": "Forward", "Index Name": "idx_partsupp_suppkey", "Relation Name": "partsupp", "Alias": "partsupp", "Startup Cost": 10000000000.0, "Total Cost": 1000100160480.77, "Plan Rows": 8000372, "Plan Width": 24}, {"Node Type": "Materialize", "Parent Relationship": "Inner", "Startup Cost": 20000000000.0, "Total Cost": 2000000536243.13, "Plan Rows": 4000, "Plan Width": 8, "Plans": [{"Node Type": "Nested Loop", "Parent Relationship": "Outer", "Join Type": "Inner", "Startup Cost": 20000000000.0, "Total Cost": 2000000536223.13, "Plan Rows": 4000, "Plan Width": 8, "Inner Unique": true, "Join Filter": "(public.supplier.s_nationkey = public.nation.n_nationkey)", "Plans": [{"Node Type": "Index Scan", "Parent Relationship": "Outer", "Scan Direction": "Forward", "Index Name": "supplier_pkey", "Relation Name": "supplier", "Alias": "supplier", "Startup Cost": 10000000000.0, "Total Cost": 1000000533454.38, "Plan Rows": 100000, "Plan Width": 12}, {"Node Type": "Materialize", "Parent Relationship": "Inner", "Startup Cost": 10000000000.0, "Total Cost": 1000000001268.76, "Plan Rows": 1, "Plan Width": 4, "Plans": [{"Node Type": "Index Scan", "Parent Relationship": "Outer", "Scan Direction": "Forward", "Index Name": "nation_pkey", "Relation Name": "nation", "Alias": "nation", "Startup Cost": 10000000000.0, "Total Cost": 1000000001268.75, "Plan Rows": 1, "Plan Width": 4, "Filter": "(n_name = 'MOZAMBIQUE'::bpchar)"}]}]}]}]}]}, {"Node Type": "Aggregate", "Strategy": "Sorted", "Parent Relationship": "Outer", "Startup Cost": 30000000000.0, "Total Cost": 3000523708669.92, "Plan Rows": 53780, "Plan Width": 40, "Group By Key": ["public.partsupp.ps_partkey"], "Filter": "(sum((public.partsupp.ps_supplycost * (public.partsupp.ps_availqty)::double precision)) > $0)", "Plans": [{"Node Type": "Nested Loop", "Parent Relationship": "Outer", "Join Type": "Inner", "Startup Cost": 30000000000.0, "Total Cost": 3000523707056.51, "Plan Rows": 53780, "Plan Width": 24, "Inner Unique": false, "Join Filter": "(public.supplier.s_suppkey = public.partsupp.ps_suppkey)", "Plans": [{"Node Type": "Index Scan", "Parent Relationship": "Outer", "Scan Direction": "Forward", "Index Name": "idx_partsupp_partkey", "Relation Name": "partsupp", "Alias": "partsupp", "Startup Cost": 10000000000.0, "Total Cost": 1000043148503.38, "Plan Rows": 8000372, "Plan Width": 32}, {"Node Type": "Materialize", "Parent Relationship": "Inner", "Startup Cost": 20000000000.0, "Total Cost": 2000000536243.13, "Plan Rows": 4000, "Plan Width": 8, "Plans": [{"Node Type": "Nested Loop", "Parent Relationship": "Outer", "Join Type": "Inner", "Startup Cost": 20000000000.0, "Total Cost": 2000000536223.13, "Plan Rows": 4000, "Plan Width": 8, "Inner Unique": true, "Join Filter": "(public.supplier.s_nationkey = public.nation.n_nationkey)", "Plans": [{"Node Type": "Index Scan", "Parent Relationship": "Outer", "Scan Direction": "Forward", "Index Name": "supplier_pkey", "Relation Name": "supplier", "Alias": "supplier", "Startup Cost": 10000000000.0, "Total Cost": 1000000533454.38, "Plan Rows": 100000, "Plan Width": 12}, {"Node Type": "Materialize", "Parent Relationship": "Inner", "Startup Cost": 10000000000.0, "Total Cost": 1000000001268.76, "Plan Rows": 1, "Plan Width": 4, "Plans": [{"Node Type": "Index Scan", "Parent Relationship": "Outer", "Scan Direction": "Forward", "Index Name": "nation_pkey", "Relation Name": "nation", "Alias": "nation", "Startup Cost": 10000000000.0, "Total Cost": 1000000001268.75, "Plan Rows": 1, "Plan Width": 4, "Filter": "(n_name = 'MOZAMBIQUE'::bpchar)"}]}]}]}]}]}]}, "Unique SQL Id": 2932834211, "Planner Runtime": 1}, "explain_analyze_plan": null}, "(1, 12)": {"explain_plan": {"Plan": {"Node Type": "Sort", "Startup Cost": 89040.3, "Total Cost": 89174.75, "Plan Rows": 53780, "Plan Width": 24, "Sort Key": ["(sum((public.partsupp.ps_supplycost * (public.partsupp.ps_availqty)::double precision))) DESC"], "Plans": [{"Node Type": "Aggregate", "Strategy": "Plain", "Parent Relationship": "exec_init_plan", "Subplan Name": "InitPlan 1 (returns $1)", "Startup Cost": 41802.27, "Total Cost": 41802.28, "Plan Rows": 1, "Plan Width": 24, "Plans": [{"Node Type": "Nested Loop", "Parent Relationship": "Outer", "Join Type": "Inner", "Startup Cost": 1.32, "Total Cost": 41398.92, "Plan Rows": 53780, "Plan Width": 16, "Inner Unique": false, "Plans": [{"Node Type": "Hash Join", "Parent Relationship": "Outer", "Join Type": "Inner", "Startup Cost": 1.32, "Total Cost": 3574.95, "Plan Rows": 4000, "Plan Width": 8, "Inner Unique": true, "Hash Cond": "(public.supplier.s_nationkey = public.nation.n_nationkey)", "Plans": [{"Node Type": "Seq Scan", "Parent Relationship": "Outer", "Relation Name": "supplier", "Alias": "supplier", "Startup Cost": 0.0, "Total Cost": 3283.0, "Plan Rows": 100000, "Plan Width": 12}, {"Node Type": "Hash", "Parent Relationship": "Inner", "Startup Cost": 1.31, "Total Cost": 1.31, "Plan Rows": 1, "Plan Width": 4, "Plans": [{"Node Type": "Seq Scan", "Parent Relationship": "Outer", "Relation Name": "nation", "Alias": "nation", "Startup Cost": 0.0, "Total Cost": 1.31, "Plan Rows": 1, "Plan Width": 4, "Filter": "(n_name = 'MOZAMBIQUE'::bpchar)"}]}]}, {"Node Type": "Index Scan", "Parent Relationship": "Inner", "Scan Direction": "Forward", "Index Name": "idx_partsupp_suppkey", "Relation Name": "partsupp", "Alias": "partsupp", "Startup Cost": 0.0, "Total Cost": 9.33, "Plan Rows": 13, "Plan Width": 24, "Index Cond": "(ps_suppkey = public.supplier.s_suppkey)"}]}]}, {"Node Type": "Aggregate", "Strategy": "Hashed", "Parent Relationship": "Outer", "Startup Cost": 42340.07, "Total Cost": 43012.32, "Plan Rows": 53780, "Plan Width": 24, "Group By Key": ["public.partsupp.ps_partkey"], "Filter": "(sum((public.partsupp.ps_supplycost * (public.partsupp.ps_availqty)::double precision)) > $1)", "Plans": [{"Node Type": "Nested Loop", "Parent Relationship": "Outer", "Join Type": "Inner", "Startup Cost": 1.32, "Total Cost": 41398.92, "Plan Rows": 53780, "Plan Width": 24, "Inner Unique": false, "Plans": [{"Node Type": "Hash Join", "Parent Relationship": "Outer", "Join Type": "Inner", "Startup Cost": 1.32, "Total Cost": 3574.95, "Plan Rows": 4000, "Plan Width": 8, "Inner Unique": true, "Hash Cond": "(public.supplier.s_nationkey = public.nation.n_nationkey)", "Plans": [{"Node Type": "Seq Scan", "Parent Relationship": "Outer", "Relation Name": "supplier", "Alias": "supplier", "Startup Cost": 0.0, "Total Cost": 3283.0, "Plan Rows": 100000, "Plan Width": 12}, {"Node Type": "Hash", "Parent Relationship": "Inner", "Startup Cost": 1.31, "Total Cost": 1.31, "Plan Rows": 1, "Plan Width": 4, "Plans": [{"Node Type": "Seq Scan", "Parent Relationship": "Outer", "Relation Name": "nation", "Alias": "nation", "Startup Cost": 0.0, "Total Cost": 1.31, "Plan Rows": 1, "Plan Width": 4, "Filter": "(n_name = 'MOZAMBIQUE'::bpchar)"}]}]}, {"Node Type": "Index Scan", "Parent Relationship": "Inner", "Scan Direction": "Forward", "Index Name": "idx_partsupp_suppkey", "Relation Name": "partsupp", "Alias": "partsupp", "Startup Cost": 0.0, "Total Cost": 9.33, "Plan Rows": 13, "Plan Width": 32, "Index Cond": "(ps_suppkey = public.supplier.s_suppkey)"}]}]}]}, "Unique SQL Id": 2932834211, "Planner Runtime": 1}, "explain_analyze_plan": {"Plan": {"Node Type": "Sort", "Startup Cost": 89040.3, "Total Cost": 89174.75, "Plan Rows": 53780, "Plan Width": 24, "Actual Startup Time": 1966.286, "Actual Total Time": 1966.286, "Actual Rows": 0, "Actual Loops": 1, "Sort Key": ["(sum((public.partsupp.ps_supplycost * (public.partsupp.ps_availqty)::double precision))) DESC"], "Sort Method": "quicksort", "Sort Space Used": 25, "Sort Space Type": "Memory", "Plans": [{"Node Type": "Aggregate", "Strategy": "Plain", "Parent Relationship": "exec_init_plan", "Subplan Name": "InitPlan 1 (returns $1)", "Startup Cost": 41802.27, "Total Cost": 41802.28, "Plan Rows": 1, "Plan Width": 24, "Actual Startup Time": 814.836, "Actual Total Time": 814.836, "Actual Rows": 1, "Actual Loops": 1, "Plans": [{"Node Type": "Nested Loop", "Parent Relationship": "Outer", "Join Type": "Inner", "Startup Cost": 1.32, "Total Cost": 41398.92, "Plan Rows": 53780, "Plan Width": 16, "Actual Startup Time": 0.144, "Actual Total Time": 679.652, "Actual Rows": 313920, "Actual Loops": 1, "Inner Unique": false, "Plans": [{"Node Type": "Hash Join", "Parent Relationship": "Outer", "Join Type": "Inner", "Startup Cost": 1.32, "Total Cost": 3574.95, "Plan Rows": 4000, "Plan Width": 8, "Actual Startup Time": 0.118, "Actual Total Time": 51.066, "Actual Rows": 3924, "Actual Loops": 1, "Inner Unique": true, "Hash Cond": "(public.supplier.s_nationkey = public.nation.n_nationkey)", "Plans": [{"Node Type": "Seq Scan", "Parent Relationship": "Outer", "Relation Name": "supplier", "Alias": "supplier", "Startup Cost": 0.0, "Total Cost": 3283.0, "Plan Rows": 100000, "Plan Width": 12, "Actual Startup Time": 0.02, "Actual Total Time": 28.652, "Actual Rows": 100000, "Actual Loops": 1}, {"Node Type": "Hash", "Parent Relationship": "Inner", "Startup Cost": 1.31, "Total Cost": 1.31, "Plan Rows": 1, "Plan Width": 4, "Actual Startup Time": 0.035, "Actual Total Time": 0.035, "Actual Rows": 1, "Actual Loops": 1, "Hash Buckets": 32768, "Hash Batches": 1, "Original Hash Batches": 1, "Peak Memory Usage": 1, "Plans": [{"Node Type": "Seq Scan", "Parent Relationship": "Outer", "Relation Name": "nation", "Alias": "nation", "Startup Cost": 0.0, "Total Cost": 1.31, "Plan Rows": 1, "Plan Width": 4, "Actual Startup Time": 0.023, "Actual Total Time": 0.026, "Actual Rows": 1, "Actual Loops": 1, "Filter": "(n_name = 'MOZAMBIQUE'::bpchar)", "Rows Removed by Filter": 24}]}]}, {"Node Type": "Index Scan", "Parent Relationship": "Inner", "Scan Direction": "Forward", "Index Name": "idx_partsupp_suppkey", "Relation Name": "partsupp", "Alias": "partsupp", "Startup Cost": 0.0, "Total Cost": 9.33, "Plan Rows": 13, "Plan Width": 24, "Actual Startup Time": 45.642, "Actual Total Time": 561.627, "Actual Rows": 313920, "Actual Loops": 3924, "Index Cond": "(ps_suppkey = public.supplier.s_suppkey)", "Rows Removed by Index Recheck": 0}]}]}, {"Node Type": "Aggregate", "Strategy": "Hashed", "Parent Relationship": "Outer", "Startup Cost": 42340.07, "Total Cost": 43012.32, "Plan Rows": 53780, "Plan Width": 24, "Actual Startup Time": 1965.915, "Actual Total Time": 1965.915, "Actual Rows": 0, "Actual Loops": 1, "Group By Key": ["public.partsupp.ps_partkey"], "Filter": "(sum((public.partsupp.ps_supplycost * (public.partsupp.ps_availqty)::double precision)) > $1)", "Rows Removed by Filter": 295792, "Plans": [{"Node Type": "Nested Loop", "Parent Relationship": "Outer", "Join Type": "Inner", "Startup Cost": 1.32, "Total Cost": 41398.92, "Plan Rows": 53780, "Plan Width": 24, "Actual Startup Time": 0.133, "Actual Total Time": 747.644, "Actual Rows": 313920, "Actual Loops": 1, "Inner Unique": false, "Plans": [{"Node Type": "Hash Join", "Parent Relationship": "Outer", "Join Type": "Inner", "Startup Cost": 1.32, "Total Cost": 3574.95, "Plan Rows": 4000, "Plan Width": 8, "Actual Startup Time": 0.106, "Actual Total Time": 53.011, "Actual Rows": 3924, "Actual Loops": 1, "Inner Unique": true, "Hash Cond": "(public.supplier.s_nationkey = public.nation.n_nationkey)", "Plans": [{"Node Type": "Seq Scan", "Parent Relationship": "Outer", "Relation Name": "supplier", "Alias": "supplier", "Startup Cost": 0.0, "Total Cost": 3283.0, "Plan Rows": 100000, "Plan Width": 12, "Actual Startup Time": 0.018, "Actual Total Time": 30.147, "Actual Rows": 100000, "Actual Loops": 1}, {"Node Type": "Hash", "Parent Relationship": "Inner", "Startup Cost": 1.31, "Total Cost": 1.31, "Plan Rows": 1, "Plan Width": 4, "Actual Startup Time": 0.032, "Actual Total Time": 0.032, "Actual Rows": 1, "Actual Loops": 1, "Hash Buckets": 32768, "Hash Batches": 1, "Original Hash Batches": 1, "Peak Memory Usage": 1, "Plans": [{"Node Type": "Seq Scan", "Parent Relationship": "Outer", "Relation Name": "nation", "Alias": "nation", "Startup Cost": 0.0, "Total Cost": 1.31, "Plan Rows": 1, "Plan Width": 4, "Actual Startup Time": 0.021, "Actual Total Time": 0.024, "Actual Rows": 1, "Actual Loops": 1, "Filter": "(n_name = 'MOZAMBIQUE'::bpchar)", "Rows Removed by Filter": 24}]}]}, {"Node Type": "Index Scan", "Parent Relationship": "Inner", "Scan Direction": "Forward", "Index Name": "idx_partsupp_suppkey", "Relation Name": "partsupp", "Alias": "partsupp", "Startup Cost": 0.0, "Total Cost": 9.33, "Plan Rows": 13, "Plan Width": 32, "Actual Startup Time": 49.124, "Actual Total Time": 623.306, "Actual Rows": 313920, "Actual Loops": 3924, "Index Cond": "(ps_suppkey = public.supplier.s_suppkey)", "Rows Removed by Index Recheck": 0}]}]}]}, "Triggers": [], "Planner Runtime": 1, "Total Runtime": 1966.592, "Unique SQL Id": 2932834211}}, "(1, 13)": {"explain_plan": {"Plan": {"Node Type": "Sort", "Startup Cost": 93166.14, "Total Cost": 93300.59, "Plan Rows": 53780, "Plan Width": 24, "Sort Key": ["(sum((public.partsupp.ps_supplycost * (public.partsupp.ps_availqty)::double precision))) DESC"], "Plans": [{"Node Type": "Aggregate", "Strategy": "Plain", "Parent Relationship": "exec_init_plan", "Subplan Name": "InitPlan 1 (returns $1)", "Startup Cost": 43865.19, "Total Cost": 43865.2, "Plan Rows": 1, "Plan Width": 24, "Plans": [{"Node Type": "Nested Loop", "Parent Relationship": "Outer", "Join Type": "Inner", "Startup Cost": 12.7, "Total Cost": 43461.84, "Plan Rows": 53780, "Plan Width": 16, "Inner Unique": false, "Plans": [{"Node Type": "Hash Join", "Parent Relationship": "Outer", "Join Type": "Inner", "Startup Cost": 12.7, "Total Cost": 5637.87, "Plan Rows": 4000, "Plan Width": 8, "Inner Unique": true, "Hash Cond": "(public.supplier.s_nationkey = public.nation.n_nationkey)", "Plans": [{"Node Type": "Index Scan", "Parent Relationship": "Outer", "Scan Direction": "Forward", "Index Name": "supplier_pkey", "Relation Name": "supplier", "Alias": "supplier", "Startup Cost": 0.0, "Total Cost": 5334.54, "Plan Rows": 100000, "Plan Width": 12}, {"Node Type": "Hash", "Parent Relationship": "Inner", "Startup Cost": 12.69, "Total Cost": 12.69, "Plan Rows": 1, "Plan Width": 4, "Plans": [{"Node Type": "Index Scan", "Parent Relationship": "Outer", "Scan Direction": "Forward", "Index Name": "nation_pkey", "Relation Name": "nation", "Alias": "nation", "Startup Cost": 0.0, "Total Cost": 12.69, "Plan Rows": 1, "Plan Width": 4, "Filter": "(n_name = 'MOZAMBIQUE'::bpchar)"}]}]}, {"Node Type": "Index Scan", "Parent Relationship": "Inner", "Scan Direction": "Forward", "Index Name": "idx_partsupp_suppkey", "Relation Name": "partsupp", "Alias": "partsupp", "Startup Cost": 0.0, "Total Cost": 9.33, "Plan Rows": 13, "Plan Width": 24, "Index Cond": "(ps_suppkey = public.supplier.s_suppkey)"}]}]}, {"Node Type": "Aggregate", "Strategy": "Hashed", "Parent Relationship": "Outer", "Startup Cost": 44402.99, "Total Cost": 45075.24, "Plan Rows": 53780, "Plan Width": 24, "Group By Key": ["public.partsupp.ps_partkey"], "Filter": "(sum((public.partsupp.ps_supplycost * (public.partsupp.ps_availqty)::double precision)) > $1)", "Plans": [{"Node Type": "Nested Loop", "Parent Relationship": "Outer", "Join Type": "Inner", "Startup Cost": 12.7, "Total Cost": 43461.84, "Plan Rows": 53780, "Plan Width": 24, "Inner Unique": false, "Plans": [{"Node Type": "Hash Join", "Parent Relationship": "Outer", "Join Type": "Inner", "Startup Cost": 12.7, "Total Cost": 5637.87, "Plan Rows": 4000, "Plan Width": 8, "Inner Unique": true, "Hash Cond": "(public.supplier.s_nationkey = public.nation.n_nationkey)", "Plans": [{"Node Type": "Index Scan", "Parent Relationship": "Outer", "Scan Direction": "Forward", "Index Name": "supplier_pkey", "Relation Name": "supplier", "Alias": "supplier", "Startup Cost": 0.0, "Total Cost": 5334.54, "Plan Rows": 100000, "Plan Width": 12}, {"Node Type": "Hash", "Parent Relationship": "Inner", "Startup Cost": 12.69, "Total Cost": 12.69, "Plan Rows": 1, "Plan Width": 4, "Plans": [{"Node Type": "Index Scan", "Parent Relationship": "Outer", "Scan Direction": "Forward", "Index Name": "nation_pkey", "Relation Name": "nation", "Alias": "nation", "Startup Cost": 0.0, "Total Cost": 12.69, "Plan Rows": 1, "Plan Width": 4, "Filter": "(n_name = 'MOZAMBIQUE'::bpchar)"}]}]}, {"Node Type": "Index Scan", "Parent Relationship": "Inner", "Scan Direction": "Forward", "Index Name": "idx_partsupp_suppkey", "Relation Name": "partsupp", "Alias": "partsupp", "Startup Cost": 0.0, "Total Cost": 9.33, "Plan Rows": 13, "Plan Width": 32, "Index Cond": "(ps_suppkey = public.supplier.s_suppkey)"}]}]}]}, "Unique SQL Id": 2932834211, "Planner Runtime": 1}, "explain_analyze_plan": {"Plan": {"Node Type": "Sort", "Startup Cost": 93166.14, "Total Cost": 93300.59, "Plan Rows": 53780, "Plan Width": 24, "Actual Startup Time": 1974.357, "Actual Total Time": 1974.357, "Actual Rows": 0, "Actual Loops": 1, "Sort Key": ["(sum((public.partsupp.ps_supplycost * (public.partsupp.ps_availqty)::double precision))) DESC"], "Sort Method": "quicksort", "Sort Space Used": 25, "Sort Space Type": "Memory", "Plans": [{"Node Type": "Aggregate", "Strategy": "Plain", "Parent Relationship": "exec_init_plan", "Subplan Name": "InitPlan 1 (returns $1)", "Startup Cost": 43865.19, "Total Cost": 43865.2, "Plan Rows": 1, "Plan Width": 24, "Actual Startup Time": 817.132, "Actual Total Time": 817.133, "Actual Rows": 1, "Actual Loops": 1, "Plans": [{"Node Type": "Nested Loop", "Parent Relationship": "Outer", "Join Type": "Inner", "Startup Cost": 12.7, "Total Cost": 43461.84, "Plan Rows": 53780, "Plan Width": 16, "Actual Startup Time": 0.175, "Actual Total Time": 680.837, "Actual Rows": 313920, "Actual Loops": 1, "Inner Unique": false, "Plans": [{"Node Type": "Hash Join", "Parent Relationship": "Outer", "Join Type": "Inner", "Startup Cost": 12.7, "Total Cost": 5637.87, "Plan Rows": 4000, "Plan Width": 8, "Actual Startup Time": 0.15, "Actual Total Time": 74.596, "Actual Rows": 3924, "Actual Loops": 1, "Inner Unique": true, "Hash Cond": "(public.supplier.s_nationkey = public.nation.n_nationkey)", "Plans": [{"Node Type": "Index Scan", "Parent Relationship": "Outer", "Scan Direction": "Forward", "Index Name": "supplier_pkey", "Relation Name": "supplier", "Alias": "supplier", "Startup Cost": 0.0, "Total Cost": 5334.54, "Plan Rows": 100000, "Plan Width": 12, "Actual Startup Time": 0.032, "Actual Total Time": 53.574, "Actual Rows": 100000, "Actual Loops": 1}, {"Node Type": "Hash", "Parent Relationship": "Inner", "Startup Cost": 12.69, "Total Cost": 12.69, "Plan Rows": 1, "Plan Width": 4, "Actual Startup Time": 0.044, "Actual Total Time": 0.044, "Actual Rows": 1, "Actual Loops": 1, "Hash Buckets": 32768, "Hash Batches": 1, "Original Hash Batches": 1, "Peak Memory Usage": 1, "Plans": [{"Node Type": "Index Scan", "Parent Relationship": "Outer", "Scan Direction": "Forward", "Index Name": "nation_pkey", "Relation Name": "nation", "Alias": "nation", "Startup Cost": 0.0, "Total Cost": 12.69, "Plan Rows": 1, "Plan Width": 4, "Actual Startup Time": 0.028, "Actual Total Time": 0.034, "Actual Rows": 1, "Actual Loops": 1, "Filter": "(n_name = 'MOZAMBIQUE'::bpchar)", "Rows Removed by Filter": 24}]}]}, {"Node Type": "Index Scan", "Parent Relationship": "Inner", "Scan Direction": "Forward", "Index Name": "idx_partsupp_suppkey", "Relation Name": "partsupp", "Alias": "partsupp", "Startup Cost": 0.0, "Total Cost": 9.33, "Plan Rows": 13, "Plan Width": 24, "Actual Startup Time": 43.949, "Actual Total Time": 539.771, "Actual Rows": 313920, "Actual Loops": 3924, "Index Cond": "(ps_suppkey = public.supplier.s_suppkey)", "Rows Removed by Index Recheck": 0}]}]}, {"Node Type": "Aggregate", "Strategy": "Hashed", "Parent Relationship": "Outer", "Startup Cost": 44402.99, "Total Cost": 45075.24, "Plan Rows": 53780, "Plan Width": 24, "Actual Startup Time": 1973.893, "Actual Total Time": 1973.893, "Actual Rows": 0, "Actual Loops": 1, "Group By Key": ["public.partsupp.ps_partkey"], "Filter": "(sum((public.partsupp.ps_supplycost * (public.partsupp.ps_availqty)::double precision)) > $1)", "Rows Removed by Filter": 295792, "Plans": [{"Node Type": "Nested Loop", "Parent Relationship": "Outer", "Join Type": "Inner", "Startup Cost": 12.7, "Total Cost": 43461.84, "Plan Rows": 53780, "Plan Width": 24, "Actual Startup Time": 0.136, "Actual Total Time": 736.735, "Actual Rows": 313920, "Actual Loops": 1, "Inner Unique": false, "Plans": [{"Node Type": "Hash Join", "Parent Relationship": "Outer", "Join Type": "Inner", "Startup Cost": 12.7, "Total Cost": 5637.87, "Plan Rows": 4000, "Plan Width": 8, "Actual Startup Time": 0.114, "Actual Total Time": 77.829, "Actual Rows": 3924, "Actual Loops": 1, "Inner Unique": true, "Hash Cond": "(public.supplier.s_nationkey = public.nation.n_nationkey)", "Plans": [{"Node Type": "Index Scan", "Parent Relationship": "Outer", "Scan Direction": "Forward", "Index Name": "supplier_pkey", "Relation Name": "supplier", "Alias": "supplier", "Startup Cost": 0.0, "Total Cost": 5334.54, "Plan Rows": 100000, "Plan Width": 12, "Actual Startup Time": 0.027, "Actual Total Time": 56.396, "Actual Rows": 100000, "Actual Loops": 1}, {"Node Type": "Hash", "Parent Relationship": "Inner", "Startup Cost": 12.69, "Total Cost": 12.69, "Plan Rows": 1, "Plan Width": 4, "Actual Startup Time": 0.036, "Actual Total Time": 0.036, "Actual Rows": 1, "Actual Loops": 1, "Hash Buckets": 32768, "Hash Batches": 1, "Original Hash Batches": 1, "Peak Memory Usage": 1, "Plans": [{"Node Type": "Index Scan", "Parent Relationship": "Outer", "Scan Direction": "Forward", "Index Name": "nation_pkey", "Relation Name": "nation", "Alias": "nation", "Startup Cost": 0.0, "Total Cost": 12.69, "Plan Rows": 1, "Plan Width": 4, "Actual Startup Time": 0.023, "Actual Total Time": 0.028, "Actual Rows": 1, "Actual Loops": 1, "Filter": "(n_name = 'MOZAMBIQUE'::bpchar)", "Rows Removed by Filter": 24}]}]}, {"Node Type": "Index Scan", "Parent Relationship": "Inner", "Scan Direction": "Forward", "Index Name": "idx_partsupp_suppkey", "Relation Name": "partsupp", "Alias": "partsupp", "Startup Cost": 0.0, "Total Cost": 9.33, "Plan Rows": 13, "Plan Width": 32, "Actual Startup Time": 46.453, "Actual Total Time": 587.121, "Actual Rows": 313920, "Actual Loops": 3924, "Index Cond": "(ps_suppkey = public.supplier.s_suppkey)", "Rows Removed by Index Recheck": 0}]}]}]}, "Triggers": [], "Planner Runtime": 0, "Total Runtime": 1974.638, "Unique SQL Id": 2932834211}}, "(1, 14)": {"explain_plan": {"Plan": {"Node Type": "Sort", "Startup Cost": 614546.2, "Total Cost": 614680.65, "Plan Rows": 53780, "Plan Width": 24, "Sort Key": ["(sum((public.partsupp.ps_supplycost * (public.partsupp.ps_availqty)::double precision))) DESC"], "Plans": [{"Node Type": "Aggregate", "Strategy": "Plain", "Parent Relationship": "exec_init_plan", "Subplan Name": "InitPlan 1 (returns $0)", "Startup Cost": 304555.21, "Total Cost": 304555.23, "Plan Rows": 1, "Plan Width": 24, "Plans": [{"Node Type": "Hash Join", "Parent Relationship": "Outer", "Join Type": "Inner", "Startup Cost": 3624.95, "Total Cost": 304151.86, "Plan Rows": 53780, "Plan Width": 16, "Inner Unique": false, "Hash Cond": "(public.partsupp.ps_suppkey = public.supplier.s_suppkey)", "Plans": [{"Node Type": "Seq Scan", "Parent Relationship": "Outer", "Relation Name": "partsupp", "Alias": "partsupp", "Startup Cost": 0.0, "Total Cost": 269987.72, "Plan Rows": 8000372, "Plan Width": 24}, {"Node Type": "Hash", "Parent Relationship": "Inner", "Startup Cost": 3574.95, "Total Cost": 3574.95, "Plan Rows": 4000, "Plan Width": 8, "Plans": [{"Node Type": "Hash Join", "Parent Relationship": "Outer", "Join Type": "Inner", "Startup Cost": 1.32, "Total Cost": 3574.95, "Plan Rows": 4000, "Plan Width": 8, "Inner Unique": true, "Hash Cond": "(public.supplier.s_nationkey = public.nation.n_nationkey)", "Plans": [{"Node Type": "Seq Scan", "Parent Relationship": "Outer", "Relation Name": "supplier", "Alias": "supplier", "Startup Cost": 0.0, "Total Cost": 3283.0, "Plan Rows": 100000, "Plan Width": 12}, {"Node Type": "Hash", "Parent Relationship": "Inner", "Startup Cost": 1.31, "Total Cost": 1.31, "Plan Rows": 1, "Plan Width": 4, "Plans": [{"Node Type": "Seq Scan", "Parent Relationship": "Outer", "Relation Name": "nation", "Alias": "nation", "Startup Cost": 0.0, "Total Cost": 1.31, "Plan Rows": 1, "Plan Width": 4, "Filter": "(n_name = 'MOZAMBIQUE'::bpchar)"}]}]}]}]}]}, {"Node Type": "Aggregate", "Strategy": "Hashed", "Parent Relationship": "Outer", "Startup Cost": 305093.02, "Total Cost": 305765.27, "Plan Rows": 53780, "Plan Width": 24, "Group By Key": ["public.partsupp.ps_partkey"], "Filter": "(sum((public.partsupp.ps_supplycost * (public.partsupp.ps_availqty)::double precision)) > $0)", "Plans": [{"Node Type": "Hash Join", "Parent Relationship": "Outer", "Join Type": "Inner", "Startup Cost": 3624.95, "Total Cost": 304151.86, "Plan Rows": 53780, "Plan Width": 24, "Inner Unique": false, "Hash Cond": "(public.partsupp.ps_suppkey = public.supplier.s_suppkey)", "Plans": [{"Node Type": "Seq Scan", "Parent Relationship": "Outer", "Relation Name": "partsupp", "Alias": "partsupp", "Startup Cost": 0.0, "Total Cost": 269987.72, "Plan Rows": 8000372, "Plan Width": 32}, {"Node Type": "Hash", "Parent Relationship": "Inner", "Startup Cost": 3574.95, "Total Cost": 3574.95, "Plan Rows": 4000, "Plan Width": 8, "Plans": [{"Node Type": "Hash Join", "Parent Relationship": "Outer", "Join Type": "Inner", "Startup Cost": 1.32, "Total Cost": 3574.95, "Plan Rows": 4000, "Plan Width": 8, "Inner Unique": true, "Hash Cond": "(public.supplier.s_nationkey = public.nation.n_nationkey)", "Plans": [{"Node Type": "Seq Scan", "Parent Relationship": "Outer", "Relation Name": "supplier", "Alias": "supplier", "Startup Cost": 0.0, "Total Cost": 3283.0, "Plan Rows": 100000, "Plan Width": 12}, {"Node Type": "Hash", "Parent Relationship": "Inner", "Startup Cost": 1.31, "Total Cost": 1.31, "Plan Rows": 1, "Plan Width": 4, "Plans": [{"Node Type": "Seq Scan", "Parent Relationship": "Outer", "Relation Name": "nation", "Alias": "nation", "Startup Cost": 0.0, "Total Cost": 1.31, "Plan Rows": 1, "Plan Width": 4, "Filter": "(n_name = 'MOZAMBIQUE'::bpchar)"}]}]}]}]}]}]}, "Unique SQL Id": 2932834211, "Planner Runtime": 1}, "explain_analyze_plan": null}, "(1, 15)": {"explain_plan": {"Plan": {"Node Type": "Sort", "Startup Cost": 6001104432332.89, "Total Cost": 6001104432467.34, "Plan Rows": 53780, "Plan Width": 40, "Sort Key": ["(sum((public.partsupp.ps_supplycost * (public.partsupp.ps_availqty)::double precision))) DESC"], "Plans": [{"Node Type": "Aggregate", "Strategy": "Plain", "Parent Relationship": "exec_init_plan", "Subplan Name": "InitPlan 1 (returns $0)", "Startup Cost": 3000580719437.25, "Total Cost": 3000580719437.27, "Plan Rows": 1, "Plan Width": 24, "Plans": [{"Node Type": "Nested Loop", "Parent Relationship": "Outer", "Join Type": "Inner", "Startup Cost": 30000000000.0, "Total Cost": 3000580719033.9, "Plan Rows": 53780, "Plan Width": 16, "Inner Unique": false, "Join Filter": "(public.supplier.s_suppkey = public.partsupp.ps_suppkey)", "Plans": [{"Node Type": "Index Scan", "Parent Relationship": "Outer", "Scan Direction": "Forward", "Index Name": "idx_partsupp_suppkey", "Relation Name": "partsupp", "Alias": "partsupp", "Startup Cost": 10000000000.0, "Total Cost": 1000100160480.77, "Plan Rows": 8000372, "Plan Width": 24}, {"Node Type": "Materialize", "Parent Relationship": "Inner", "Startup Cost": 20000000000.0, "Total Cost": 2000000536243.13, "Plan Rows": 4000, "Plan Width": 8, "Plans": [{"Node Type": "Nested Loop", "Parent Relationship": "Outer", "Join Type": "Inner", "Startup Cost": 20000000000.0, "Total Cost": 2000000536223.13, "Plan Rows": 4000, "Plan Width": 8, "Inner Unique": true, "Join Filter": "(public.supplier.s_nationkey = public.nation.n_nationkey)", "Plans": [{"Node Type": "Index Scan", "Parent Relationship": "Outer", "Scan Direction": "Forward", "Index Name": "supplier_pkey", "Relation Name": "supplier", "Alias": "supplier", "Startup Cost": 10000000000.0, "Total Cost": 1000000533454.38, "Plan Rows": 100000, "Plan Width": 12}, {"Node Type": "Materialize", "Parent Relationship": "Inner", "Startup Cost": 10000000000.0, "Total Cost": 1000000001268.76, "Plan Rows": 1, "Plan Width": 4, "Plans": [{"Node Type": "Index Scan", "Parent Relationship": "Outer", "Scan Direction": "Forward", "Index Name": "nation_pkey", "Relation Name": "nation", "Alias": "nation", "Startup Cost": 10000000000.0, "Total Cost": 1000000001268.75, "Plan Rows": 1, "Plan Width": 4, "Filter": "(n_name = 'MOZAMBIQUE'::bpchar)"}]}]}]}]}]}, {"Node Type": "Aggregate", "Strategy": "Sorted", "Parent Relationship": "Outer", "Startup Cost": 30000000000.0, "Total Cost": 3000523708669.92, "Plan Rows": 53780, "Plan Width": 40, "Group By Key": ["public.partsupp.ps_partkey"], "Filter": "(sum((public.partsupp.ps_supplycost * (public.partsupp.ps_availqty)::double precision)) > $0)", "Plans": [{"Node Type": "Nested Loop", "Parent Relationship": "Outer", "Join Type": "Inner", "Startup Cost": 30000000000.0, "Total Cost": 3000523707056.51, "Plan Rows": 53780, "Plan Width": 24, "Inner Unique": false, "Join Filter": "(public.supplier.s_suppkey = public.partsupp.ps_suppkey)", "Plans": [{"Node Type": "Index Scan", "Parent Relationship": "Outer", "Scan Direction": "Forward", "Index Name": "idx_partsupp_partkey", "Relation Name": "partsupp", "Alias": "partsupp", "Startup Cost": 10000000000.0, "Total Cost": 1000043148503.38, "Plan Rows": 8000372, "Plan Width": 32}, {"Node Type": "Materialize", "Parent Relationship": "Inner", "Startup Cost": 20000000000.0, "Total Cost": 2000000536243.13, "Plan Rows": 4000, "Plan Width": 8, "Plans": [{"Node Type": "Nested Loop", "Parent Relationship": "Outer", "Join Type": "Inner", "Startup Cost": 20000000000.0, "Total Cost": 2000000536223.13, "Plan Rows": 4000, "Plan Width": 8, "Inner Unique": true, "Join Filter": "(public.supplier.s_nationkey = public.nation.n_nationkey)", "Plans": [{"Node Type": "Index Scan", "Parent Relationship": "Outer", "Scan Direction": "Forward", "Index Name": "supplier_pkey", "Relation Name": "supplier", "Alias": "supplier", "Startup Cost": 10000000000.0, "Total Cost": 1000000533454.38, "Plan Rows": 100000, "Plan Width": 12}, {"Node Type": "Materialize", "Parent Relationship": "Inner", "Startup Cost": 10000000000.0, "Total Cost": 1000000001268.76, "Plan Rows": 1, "Plan Width": 4, "Plans": [{"Node Type": "Index Scan", "Parent Relationship": "Outer", "Scan Direction": "Forward", "Index Name": "nation_pkey", "Relation Name": "nation", "Alias": "nation", "Startup Cost": 10000000000.0, "Total Cost": 1000000001268.75, "Plan Rows": 1, "Plan Width": 4, "Filter": "(n_name = 'MOZAMBIQUE'::bpchar)"}]}]}]}]}]}]}, "Unique SQL Id": 2932834211, "Planner Runtime": 1}, "explain_analyze_plan": null}, "(1, 16)": {"explain_plan": {"Plan": {"Node Type": "Sort", "Startup Cost": 86957.11, "Total Cost": 87091.56, "Plan Rows": 53780, "Plan Width": 24, "Sort Key": ["(sum((public.partsupp.ps_supplycost * (public.partsupp.ps_availqty)::double precision))) DESC"], "Plans": [{"Node Type": "Aggregate", "Strategy": "Plain", "Parent Relationship": "exec_init_plan", "Subplan Name": "InitPlan 1 (returns $2)", "Startup Cost": 40760.67, "Total Cost": 40760.68, "Plan Rows": 1, "Plan Width": 24, "Plans": [{"Node Type": "Nested Loop", "Parent Relationship": "Outer", "Join Type": "Inner", "Startup Cost": 95.25, "Total Cost": 40357.32, "Plan Rows": 53780, "Plan Width": 16, "Inner Unique": false, "Plans": [{"Node Type": "Nested Loop", "Parent Relationship": "Outer", "Join Type": "Inner", "Startup Cost": 95.25, "Total Cost": 2533.35, "Plan Rows": 4000, "Plan Width": 8, "Inner Unique": false, "Plans": [{"Node Type": "Seq Scan", "Parent Relationship": "Outer", "Relation Name": "nation", "Alias": "nation", "Startup Cost": 0.0, "Total Cost": 1.31, "Plan Rows": 1, "Plan Width": 4, "Filter": "(n_name = 'MOZAMBIQUE'::bpchar)"}, {"Node Type": "Bitmap Heap Scan", "Parent Relationship": "Inner", "Relation Name": "supplier", "Alias": "supplier", "Startup Cost": 95.25, "Total Cost": 2492.04, "Plan Rows": 4000, "Plan Width": 12, "Recheck Cond": "(s_nationkey = public.nation.n_nationkey)", "Plans": [{"Node Type": "Bitmap Index Scan", "Parent Relationship": "Outer", "Index Name": "idx_supplier_nation_key", "Startup Cost": 0.0, "Total Cost": 94.25, "Plan Rows": 4000, "Plan Width": 0, "Index Cond": "(s_nationkey = public.nation.n_nationkey)"}]}]}, {"Node Type": "Index Scan", "Parent Relationship": "Inner", "Scan Direction": "Forward", "Index Name": "idx_partsupp_suppkey", "Relation Name": "partsupp", "Alias": "partsupp", "Startup Cost": 0.0, "Total Cost": 9.33, "Plan Rows": 13, "Plan Width": 24, "Index Cond": "(ps_suppkey = public.supplier.s_suppkey)"}]}]}, {"Node Type": "Aggregate", "Strategy": "Hashed", "Parent Relationship": "Outer", "Startup Cost": 41298.47, "Total Cost": 41970.72, "Plan Rows": 53780, "Plan Width": 24, "Group By Key": ["public.partsupp.ps_partkey"], "Filter": "(sum((public.partsupp.ps_supplycost * (public.partsupp.ps_availqty)::double precision)) > $2)", "Plans": [{"Node Type": "Nested Loop", "Parent Relationship": "Outer", "Join Type": "Inner", "Startup Cost": 95.25, "Total Cost": 40357.32, "Plan Rows": 53780, "Plan Width": 24, "Inner Unique": false, "Plans": [{"Node Type": "Nested Loop", "Parent Relationship": "Outer", "Join Type": "Inner", "Startup Cost": 95.25, "Total Cost": 2533.35, "Plan Rows": 4000, "Plan Width": 8, "Inner Unique": false, "Plans": [{"Node Type": "Seq Scan", "Parent Relationship": "Outer", "Relation Name": "nation", "Alias": "nation", "Startup Cost": 0.0, "Total Cost": 1.31, "Plan Rows": 1, "Plan Width": 4, "Filter": "(n_name = 'MOZAMBIQUE'::bpchar)"}, {"Node Type": "Bitmap Heap Scan", "Parent Relationship": "Inner", "Relation Name": "supplier", "Alias": "supplier", "Startup Cost": 95.25, "Total Cost": 2492.04, "Plan Rows": 4000, "Plan Width": 12, "Recheck Cond": "(s_nationkey = public.nation.n_nationkey)", "Plans": [{"Node Type": "Bitmap Index Scan", "Parent Relationship": "Outer", "Index Name": "idx_supplier_nation_key", "Startup Cost": 0.0, "Total Cost": 94.25, "Plan Rows": 4000, "Plan Width": 0, "Index Cond": "(s_nationkey = public.nation.n_nationkey)"}]}]}, {"Node Type": "Index Scan", "Parent Relationship": "Inner", "Scan Direction": "Forward", "Index Name": "idx_partsupp_suppkey", "Relation Name": "partsupp", "Alias": "partsupp", "Startup Cost": 0.0, "Total Cost": 9.33, "Plan Rows": 13, "Plan Width": 32, "Index Cond": "(ps_suppkey = public.supplier.s_suppkey)"}]}]}]}, "Unique SQL Id": 2932834211, "Planner Runtime": 1}, "explain_analyze_plan": {"Plan": {"Node Type": "Sort", "Startup Cost": 86957.11, "Total Cost": 87091.56, "Plan Rows": 53780, "Plan Width": 24, "Actual Startup Time": 1860.176, "Actual Total Time": 1860.176, "Actual Rows": 0, "Actual Loops": 1, "Sort Key": ["(sum((public.partsupp.ps_supplycost * (public.partsupp.ps_availqty)::double precision))) DESC"], "Sort Method": "quicksort", "Sort Space Used": 25, "Sort Space Type": "Memory", "Plans": [{"Node Type": "Aggregate", "Strategy": "Plain", "Parent Relationship": "exec_init_plan", "Subplan Name": "InitPlan 1 (returns $2)", "Startup Cost": 40760.67, "Total Cost": 40760.68, "Plan Rows": 1, "Plan Width": 24, "Actual Startup Time": 807.27, "Actual Total Time": 807.27, "Actual Rows": 1, "Actual Loops": 1, "Plans": [{"Node Type": "Nested Loop", "Parent Relationship": "Outer", "Join Type": "Inner", "Startup Cost": 95.25, "Total Cost": 40357.32, "Plan Rows": 53780, "Plan Width": 16, "Actual Startup Time": 0.965, "Actual Total Time": 672.642, "Actual Rows": 313920, "Actual Loops": 1, "Inner Unique": false, "Plans": [{"Node Type": "Nested Loop", "Parent Relationship": "Outer", "Join Type": "Inner", "Startup Cost": 95.25, "Total Cost": 2533.35, "Plan Rows": 4000, "Plan Width": 8, "Actual Startup Time": 0.942, "Actual Total Time": 8.242, "Actual Rows": 3924, "Actual Loops": 1, "Inner Unique": false, "Plans": [{"Node Type": "Seq Scan", "Parent Relationship": "Outer", "Relation Name": "nation", "Alias": "nation", "Startup Cost": 0.0, "Total Cost": 1.31, "Plan Rows": 1, "Plan Width": 4, "Actual Startup Time": 0.022, "Actual Total Time": 0.034, "Actual Rows": 1, "Actual Loops": 1, "Filter": "(n_name = 'MOZAMBIQUE'::bpchar)", "Rows Removed by Filter": 24}, {"Node Type": "Bitmap Heap Scan", "Parent Relationship": "Inner", "Relation Name": "supplier", "Alias": "supplier", "Startup Cost": 95.25, "Total Cost": 2492.04, "Plan Rows": 4000, "Plan Width": 12, "Actual Startup Time": 0.902, "Actual Total Time": 7.218, "Actual Rows": 3924, "Actual Loops": 1, "Recheck Cond": "(s_nationkey = public.nation.n_nationkey)", "Rows Removed by Index Recheck": 0, "Exact Heap Blocks": 1895, "Lossy Heap Blocks": 1895, "Plans": [{"Node Type": "Bitmap Index Scan", "Parent Relationship": "Outer", "Index Name": "idx_supplier_nation_key", "Startup Cost": 0.0, "Total Cost": 94.25, "Plan Rows": 4000, "Plan Width": 0, "Actual Startup Time": 0.624, "Actual Total Time": 0.624, "Actual Rows": 3924, "Actual Loops": 1, "Index Cond": "(s_nationkey = public.nation.n_nationkey)"}]}]}, {"Node Type": "Index Scan", "Parent Relationship": "Inner", "Scan Direction": "Forward", "Index Name": "idx_partsupp_suppkey", "Relation Name": "partsupp", "Alias": "partsupp", "Startup Cost": 0.0, "Total Cost": 9.33, "Plan Rows": 13, "Plan Width": 24, "Actual Startup Time": 47.388, "Actual Total Time": 597.413, "Actual Rows": 313920, "Actual Loops": 3924, "Index Cond": "(ps_suppkey = public.supplier.s_suppkey)", "Rows Removed by Index Recheck": 0}]}]}, {"Node Type": "Aggregate", "Strategy": "Hashed", "Parent Relationship": "Outer", "Startup Cost": 41298.47, "Total Cost": 41970.72, "Plan Rows": 53780, "Plan Width": 24, "Actual Startup Time": 1859.631, "Actual Total Time": 1859.631, "Actual Rows": 0, "Actual Loops": 1, "Group By Key": ["public.partsupp.ps_partkey"], "Filter": "(sum((public.partsupp.ps_supplycost * (public.partsupp.ps_availqty)::double precision)) > $2)", "Rows Removed by Filter": 295792, "Plans": [{"Node Type": "Nested Loop", "Parent Relationship": "Outer", "Join Type": "Inner", "Startup Cost": 95.25, "Total Cost": 40357.32, "Plan Rows": 53780, "Plan Width": 24, "Actual Startup Time": 0.962, "Actual Total Time": 624.76, "Actual Rows": 313920, "Actual Loops": 1, "Inner Unique": false, "Plans": [{"Node Type": "Nested Loop", "Parent Relationship": "Outer", "Join Type": "Inner", "Startup Cost": 95.25, "Total Cost": 2533.35, "Plan Rows": 4000, "Plan Width": 8, "Actual Startup Time": 0.938, "Actual Total Time": 7.852, "Actual Rows": 3924, "Actual Loops": 1, "Inner Unique": false, "Plans": [{"Node Type": "Seq Scan", "Parent Relationship": "Outer", "Relation Name": "nation", "Alias": "nation", "Startup Cost": 0.0, "Total Cost": 1.31, "Plan Rows": 1, "Plan Width": 4, "Actual Startup Time": 0.03, "Actual Total Time": 0.042, "Actual Rows": 1, "Actual Loops": 1, "Filter": "(n_name = 'MOZAMBIQUE'::bpchar)", "Rows Removed by Filter": 24}, {"Node Type": "Bitmap Heap Scan", "Parent Relationship": "Inner", "Relation Name": "supplier", "Alias": "supplier", "Startup Cost": 95.25, "Total Cost": 2492.04, "Plan Rows": 4000, "Plan Width": 12, "Actual Startup Time": 0.901, "Actual Total Time": 6.942, "Actual Rows": 3924, "Actual Loops": 1, "Recheck Cond": "(s_nationkey = public.nation.n_nationkey)", "Rows Removed by Index Recheck": 0, "Exact Heap Blocks": 1895, "Lossy Heap Blocks": 1895, "Plans": [{"Node Type": "Bitmap Index Scan", "Parent Relationship": "Outer", "Index Name": "idx_supplier_nation_key", "Startup Cost": 0.0, "Total Cost": 94.25, "Plan Rows": 4000, "Plan Width": 0, "Actual Startup Time": 0.617, "Actual Total Time": 0.617, "Actual Rows": 3924, "Actual Loops": 1, "Index Cond": "(s_nationkey = public.nation.n_nationkey)"}]}]}, {"Node Type": "Index Scan", "Parent Relationship": "Inner", "Scan Direction": "Forward", "Index Name": "idx_partsupp_suppkey", "Relation Name": "partsupp", "Alias": "partsupp", "Startup Cost": 0.0, "Total Cost": 9.33, "Plan Rows": 13, "Plan Width": 32, "Actual Startup Time": 44.498, "Actual Total Time": 545.855, "Actual Rows": 313920, "Actual Loops": 3924, "Index Cond": "(ps_suppkey = public.supplier.s_suppkey)", "Rows Removed by Index Recheck": 0}]}]}]}, "Triggers": [], "Planner Runtime": 0, "Total Runtime": 1860.493, "Unique SQL Id": 2932834211}}, "(1, 17)": {"explain_plan": {"Plan": {"Node Type": "Sort", "Startup Cost": 86979.86, "Total Cost": 87114.31, "Plan Rows": 53780, "Plan Width": 24, "Sort Key": ["(sum((public.partsupp.ps_supplycost * (public.partsupp.ps_availqty)::double precision))) DESC"], "Plans": [{"Node Type": "Aggregate", "Strategy": "Plain", "Parent Relationship": "exec_init_plan", "Subplan Name": "InitPlan 1 (returns $2)", "Startup Cost": 40772.04, "Total Cost": 40772.06, "Plan Rows": 1, "Plan Width": 24, "Plans": [{"Node Type": "Nested Loop", "Parent Relationship": "Outer", "Join Type": "Inner", "Startup Cost": 95.25, "Total Cost": 40368.69, "Plan Rows": 53780, "Plan Width": 16, "Inner Unique": false, "Plans": [{"Node Type": "Nested Loop", "Parent Relationship": "Outer", "Join Type": "Inner", "Startup Cost": 95.25, "Total Cost": 2544.73, "Plan Rows": 4000, "Plan Width": 8, "Inner Unique": false, "Plans": [{"Node Type": "Index Scan", "Parent Relationship": "Outer", "Scan Direction": "Forward", "Index Name": "nation_pkey", "Relation Name": "nation", "Alias": "nation", "Startup Cost": 0.0, "Total Cost": 12.69, "Plan Rows": 1, "Plan Width": 4, "Filter": "(n_name = 'MOZAMBIQUE'::bpchar)"}, {"Node Type": "Bitmap Heap Scan", "Parent Relationship": "Inner", "Relation Name": "supplier", "Alias": "supplier", "Startup Cost": 95.25, "Total Cost": 2492.04, "Plan Rows": 4000, "Plan Width": 12, "Recheck Cond": "(s_nationkey = public.nation.n_nationkey)", "Plans": [{"Node Type": "Bitmap Index Scan", "Parent Relationship": "Outer", "Index Name": "idx_supplier_nation_key", "Startup Cost": 0.0, "Total Cost": 94.25, "Plan Rows": 4000, "Plan Width": 0, "Index Cond": "(s_nationkey = public.nation.n_nationkey)"}]}]}, {"Node Type": "Index Scan", "Parent Relationship": "Inner", "Scan Direction": "Forward", "Index Name": "idx_partsupp_suppkey", "Relation Name": "partsupp", "Alias": "partsupp", "Startup Cost": 0.0, "Total Cost": 9.33, "Plan Rows": 13, "Plan Width": 24, "Index Cond": "(ps_suppkey = public.supplier.s_suppkey)"}]}]}, {"Node Type": "Aggregate", "Strategy": "Hashed", "Parent Relationship": "Outer", "Startup Cost": 41309.84, "Total Cost": 41982.09, "Plan Rows": 53780, "Plan Width": 24, "Group By Key": ["public.partsupp.ps_partkey"], "Filter": "(sum((public.partsupp.ps_supplycost * (public.partsupp.ps_availqty)::double precision)) > $2)", "Plans": [{"Node Type": "Nested Loop", "Parent Relationship": "Outer", "Join Type": "Inner", "Startup Cost": 95.25, "Total Cost": 40368.69, "Plan Rows": 53780, "Plan Width": 24, "Inner Unique": false, "Plans": [{"Node Type": "Nested Loop", "Parent Relationship": "Outer", "Join Type": "Inner", "Startup Cost": 95.25, "Total Cost": 2544.73, "Plan Rows": 4000, "Plan Width": 8, "Inner Unique": false, "Plans": [{"Node Type": "Index Scan", "Parent Relationship": "Outer", "Scan Direction": "Forward", "Index Name": "nation_pkey", "Relation Name": "nation", "Alias": "nation", "Startup Cost": 0.0, "Total Cost": 12.69, "Plan Rows": 1, "Plan Width": 4, "Filter": "(n_name = 'MOZAMBIQUE'::bpchar)"}, {"Node Type": "Bitmap Heap Scan", "Parent Relationship": "Inner", "Relation Name": "supplier", "Alias": "supplier", "Startup Cost": 95.25, "Total Cost": 2492.04, "Plan Rows": 4000, "Plan Width": 12, "Recheck Cond": "(s_nationkey = public.nation.n_nationkey)", "Plans": [{"Node Type": "Bitmap Index Scan", "Parent Relationship": "Outer", "Index Name": "idx_supplier_nation_key", "Startup Cost": 0.0, "Total Cost": 94.25, "Plan Rows": 4000, "Plan Width": 0, "Index Cond": "(s_nationkey = public.nation.n_nationkey)"}]}]}, {"Node Type": "Index Scan", "Parent Relationship": "Inner", "Scan Direction": "Forward", "Index Name": "idx_partsupp_suppkey", "Relation Name": "partsupp", "Alias": "partsupp", "Startup Cost": 0.0, "Total Cost": 9.33, "Plan Rows": 13, "Plan Width": 32, "Index Cond": "(ps_suppkey = public.supplier.s_suppkey)"}]}]}]}, "Unique SQL Id": 2932834211, "Planner Runtime": 1}, "explain_analyze_plan": {"Plan": {"Node Type": "Sort", "Startup Cost": 86979.86, "Total Cost": 87114.31, "Plan Rows": 53780, "Plan Width": 24, "Actual Startup Time": 1810.725, "Actual Total Time": 1810.725, "Actual Rows": 0, "Actual Loops": 1, "Sort Key": ["(sum((public.partsupp.ps_supplycost * (public.partsupp.ps_availqty)::double precision))) DESC"], "Sort Method": "quicksort", "Sort Space Used": 25, "Sort Space Type": "Memory", "Plans": [{"Node Type": "Aggregate", "Strategy": "Plain", "Parent Relationship": "exec_init_plan", "Subplan Name": "InitPlan 1 (returns $2)", "Startup Cost": 40772.04, "Total Cost": 40772.06, "Plan Rows": 1, "Plan Width": 24, "Actual Startup Time": 757.524, "Actual Total Time": 757.525, "Actual Rows": 1, "Actual Loops": 1, "Plans": [{"Node Type": "Nested Loop", "Parent Relationship": "Outer", "Join Type": "Inner", "Startup Cost": 95.25, "Total Cost": 40368.69, "Plan Rows": 53780, "Plan Width": 16, "Actual Startup Time": 0.984, "Actual Total Time": 623.043, "Actual Rows": 313920, "Actual Loops": 1, "Inner Unique": false, "Plans": [{"Node Type": "Nested Loop", "Parent Relationship": "Outer", "Join Type": "Inner", "Startup Cost": 95.25, "Total Cost": 2544.73, "Plan Rows": 4000, "Plan Width": 8, "Actual Startup Time": 0.961, "Actual Total Time": 7.606, "Actual Rows": 3924, "Actual Loops": 1, "Inner Unique": false, "Plans": [{"Node Type": "Index Scan", "Parent Relationship": "Outer", "Scan Direction": "Forward", "Index Name": "nation_pkey", "Relation Name": "nation", "Alias": "nation", "Startup Cost": 0.0, "Total Cost": 12.69, "Plan Rows": 1, "Plan Width": 4, "Actual Startup Time": 0.021, "Actual Total Time": 0.035, "Actual Rows": 1, "Actual Loops": 1, "Filter": "(n_name = 'MOZAMBIQUE'::bpchar)", "Rows Removed by Filter": 24}, {"Node Type": "Bitmap Heap Scan", "Parent Relationship": "Inner", "Relation Name": "supplier", "Alias": "supplier", "Startup Cost": 95.25, "Total Cost": 2492.04, "Plan Rows": 4000, "Plan Width": 12, "Actual Startup Time": 0.923, "Actual Total Time": 6.688, "Actual Rows": 3924, "Actual Loops": 1, "Recheck Cond": "(s_nationkey = public.nation.n_nationkey)", "Rows Removed by Index Recheck": 0, "Exact Heap Blocks": 1895, "Lossy Heap Blocks": 1895, "Plans": [{"Node Type": "Bitmap Index Scan", "Parent Relationship": "Outer", "Index Name": "idx_supplier_nation_key", "Startup Cost": 0.0, "Total Cost": 94.25, "Plan Rows": 4000, "Plan Width": 0, "Actual Startup Time": 0.63, "Actual Total Time": 0.63, "Actual Rows": 3924, "Actual Loops": 1, "Index Cond": "(s_nationkey = public.nation.n_nationkey)"}]}]}, {"Node Type": "Index Scan", "Parent Relationship": "Inner", "Scan Direction": "Forward", "Index Name": "idx_partsupp_suppkey", "Relation Name": "partsupp", "Alias": "partsupp", "Startup Cost": 0.0, "Total Cost": 9.33, "Plan Rows": 13, "Plan Width": 24, "Actual Startup Time": 44.034, "Actual Total Time": 548.454, "Actual Rows": 313920, "Actual Loops": 3924, "Index Cond": "(ps_suppkey = public.supplier.s_suppkey)", "Rows Removed by Index Recheck": 0}]}]}, {"Node Type": "Aggregate", "Strategy": "Hashed", "Parent Relationship": "Outer", "Startup Cost": 41309.84, "Total Cost": 41982.09, "Plan Rows": 53780, "Plan Width": 24, "Actual Startup Time": 1810.3, "Actual Total Time": 1810.3, "Actual Rows": 0, "Actual Loops": 1, "Group By Key": ["public.partsupp.ps_partkey"], "Filter": "(sum((public.partsupp.ps_supplycost * (public.partsupp.ps_availqty)::double precision)) > $2)", "Rows Removed by Filter": 295792, "Plans": [{"Node Type": "Nested Loop", "Parent Relationship": "Outer", "Join Type": "Inner", "Startup Cost": 95.25, "Total Cost": 40368.69, "Plan Rows": 53780, "Plan Width": 24, "Actual Startup Time": 1.02, "Actual Total Time": 665.011, "Actual Rows": 313920, "Actual Loops": 1, "Inner Unique": false, "Plans": [{"Node Type": "Nested Loop", "Parent Relationship": "Outer", "Join Type": "Inner", "Startup Cost": 95.25, "Total Cost": 2544.73, "Plan Rows": 4000, "Plan Width": 8, "Actual Startup Time": 0.991, "Actual Total Time": 8.384, "Actual Rows": 3924, "Actual Loops": 1, "Inner Unique": false, "Plans": [{"Node Type": "Index Scan", "Parent Relationship": "Outer", "Scan Direction": "Forward", "Index Name": "nation_pkey", "Relation Name": "nation", "Alias": "nation", "Startup Cost": 0.0, "Total Cost": 12.69, "Plan Rows": 1, "Plan Width": 4, "Actual Startup Time": 0.054, "Actual Total Time": 0.067, "Actual Rows": 1, "Actual Loops": 1, "Filter": "(n_name = 'MOZAMBIQUE'::bpchar)", "Rows Removed by Filter": 24}, {"Node Type": "Bitmap Heap Scan", "Parent Relationship": "Inner", "Relation Name": "supplier", "Alias": "supplier", "Startup Cost": 95.25, "Total Cost": 2492.04, "Plan Rows": 4000, "Plan Width": 12, "Actual Startup Time": 0.919, "Actual Total Time": 7.44, "Actual Rows": 3924, "Actual Loops": 1, "Recheck Cond": "(s_nationkey = public.nation.n_nationkey)", "Rows Removed by Index Recheck": 0, "Exact Heap Blocks": 1895, "Lossy Heap Blocks": 1895, "Plans": [{"Node Type": "Bitmap Index Scan", "Parent Relationship": "Outer", "Index Name": "idx_supplier_nation_key", "Startup Cost": 0.0, "Total Cost": 94.25, "Plan Rows": 4000, "Plan Width": 0, "Actual Startup Time": 0.633, "Actual Total Time": 0.633, "Actual Rows": 3924, "Actual Loops": 1, "Index Cond": "(s_nationkey = public.nation.n_nationkey)"}]}]}, {"Node Type": "Index Scan", "Parent Relationship": "Inner", "Scan Direction": "Forward", "Index Name": "idx_partsupp_suppkey", "Relation Name": "partsupp", "Alias": "partsupp", "Startup Cost": 0.0, "Total Cost": 9.33, "Plan Rows": 13, "Plan Width": 32, "Actual Startup Time": 46.318, "Actual Total Time": 585.067, "Actual Rows": 313920, "Actual Loops": 3924, "Index Cond": "(ps_suppkey = public.supplier.s_suppkey)", "Rows Removed by Index Recheck": 0}]}]}]}, "Triggers": [], "Planner Runtime": 0, "Total Runtime": 1811.196, "Unique SQL Id": 2932834211}}, "(1, 18)": {"explain_plan": {"Plan": {"Node Type": "Sort", "Startup Cost": 90032.55, "Total Cost": 90167.0, "Plan Rows": 53780, "Plan Width": 24, "Sort Key": ["(sum((public.partsupp.ps_supplycost * (public.partsupp.ps_availqty)::double precision))) DESC"], "Plans": [{"Node Type": "Aggregate", "Strategy": "Plain", "Parent Relationship": "exec_init_plan", "Subplan Name": "InitPlan 1 (returns $2)", "Startup Cost": 42298.39, "Total Cost": 42298.4, "Plan Rows": 1, "Plan Width": 24, "Plans": [{"Node Type": "Nested Loop", "Parent Relationship": "Outer", "Join Type": "Inner", "Startup Cost": 96.82, "Total Cost": 41895.04, "Plan Rows": 53780, "Plan Width": 16, "Inner Unique": false, "Plans": [{"Node Type": "Nested Loop", "Parent Relationship": "Outer", "Join Type": "Inner", "Startup Cost": 95.25, "Total Cost": 2533.35, "Plan Rows": 4000, "Plan Width": 8, "Inner Unique": false, "Plans": [{"Node Type": "Seq Scan", "Parent Relationship": "Outer", "Relation Name": "nation", "Alias": "nation", "Startup Cost": 0.0, "Total Cost": 1.31, "Plan Rows": 1, "Plan Width": 4, "Filter": "(n_name = 'MOZAMBIQUE'::bpchar)"}, {"Node Type": "Bitmap Heap Scan", "Parent Relationship": "Inner", "Relation Name": "supplier", "Alias": "supplier", "Startup Cost": 95.25, "Total Cost": 2492.04, "Plan Rows": 4000, "Plan Width": 12, "Recheck Cond": "(s_nationkey = public.nation.n_nationkey)", "Plans": [{"Node Type": "Bitmap Index Scan", "Parent Relationship": "Outer", "Index Name": "idx_supplier_nation_key", "Startup Cost": 0.0, "Total Cost": 94.25, "Plan Rows": 4000, "Plan Width": 0, "Index Cond": "(s_nationkey = public.nation.n_nationkey)"}]}]}, {"Node Type": "Bitmap Heap Scan", "Parent Relationship": "Inner", "Relation Name": "partsupp", "Alias": "partsupp", "Startup Cost": 1.57, "Total Cost": 9.71, "Plan Rows": 13, "Plan Width": 24, "Recheck Cond": "(ps_suppkey = public.supplier.s_suppkey)", "Plans": [{"Node Type": "Bitmap Index Scan", "Parent Relationship": "Outer", "Index Name": "idx_partsupp_suppkey", "Startup Cost": 0.0, "Total Cost": 1.56, "Plan Rows": 13, "Plan Width": 0, "Index Cond": "(ps_suppkey = public.supplier.s_suppkey)"}]}]}]}, {"Node Type": "Aggregate", "Strategy": "Hashed", "Parent Relationship": "Outer", "Startup Cost": 42836.19, "Total Cost": 43508.44, "Plan Rows": 53780, "Plan Width": 24, "Group By Key": ["public.partsupp.ps_partkey"], "Filter": "(sum((public.partsupp.ps_supplycost * (public.partsupp.ps_availqty)::double precision)) > $2)", "Plans": [{"Node Type": "Nested Loop", "Parent Relationship": "Outer", "Join Type": "Inner", "Startup Cost": 96.82, "Total Cost": 41895.04, "Plan Rows": 53780, "Plan Width": 24, "Inner Unique": false, "Plans": [{"Node Type": "Nested Loop", "Parent Relationship": "Outer", "Join Type": "Inner", "Startup Cost": 95.25, "Total Cost": 2533.35, "Plan Rows": 4000, "Plan Width": 8, "Inner Unique": false, "Plans": [{"Node Type": "Seq Scan", "Parent Relationship": "Outer", "Relation Name": "nation", "Alias": "nation", "Startup Cost": 0.0, "Total Cost": 1.31, "Plan Rows": 1, "Plan Width": 4, "Filter": "(n_name = 'MOZAMBIQUE'::bpchar)"}, {"Node Type": "Bitmap Heap Scan", "Parent Relationship": "Inner", "Relation Name": "supplier", "Alias": "supplier", "Startup Cost": 95.25, "Total Cost": 2492.04, "Plan Rows": 4000, "Plan Width": 12, "Recheck Cond": "(s_nationkey = public.nation.n_nationkey)", "Plans": [{"Node Type": "Bitmap Index Scan", "Parent Relationship": "Outer", "Index Name": "idx_supplier_nation_key", "Startup Cost": 0.0, "Total Cost": 94.25, "Plan Rows": 4000, "Plan Width": 0, "Index Cond": "(s_nationkey = public.nation.n_nationkey)"}]}]}, {"Node Type": "Bitmap Heap Scan", "Parent Relationship": "Inner", "Relation Name": "partsupp", "Alias": "partsupp", "Startup Cost": 1.57, "Total Cost": 9.71, "Plan Rows": 13, "Plan Width": 32, "Recheck Cond": "(ps_suppkey = public.supplier.s_suppkey)", "Plans": [{"Node Type": "Bitmap Index Scan", "Parent Relationship": "Outer", "Index Name": "idx_partsupp_suppkey", "Startup Cost": 0.0, "Total Cost": 1.56, "Plan Rows": 13, "Plan Width": 0, "Index Cond": "(ps_suppkey = public.supplier.s_suppkey)"}]}]}]}]}, "Unique SQL Id": 2932834211, "Planner Runtime": 1}, "explain_analyze_plan": {"Plan": {"Node Type": "Sort", "Startup Cost": 90032.55, "Total Cost": 90167.0, "Plan Rows": 53780, "Plan Width": 24, "Actual Startup Time": 2112.155, "Actual Total Time": 2112.155, "Actual Rows": 0, "Actual Loops": 1, "Sort Key": ["(sum((public.partsupp.ps_supplycost * (public.partsupp.ps_availqty)::double precision))) DESC"], "Sort Method": "quicksort", "Sort Space Used": 25, "Sort Space Type": "Memory", "Plans": [{"Node Type": "Aggregate", "Strategy": "Plain", "Parent Relationship": "exec_init_plan", "Subplan Name": "InitPlan 1 (returns $2)", "Startup Cost": 42298.39, "Total Cost": 42298.4, "Plan Rows": 1, "Plan Width": 24, "Actual Startup Time": 928.307, "Actual Total Time": 928.307, "Actual Rows": 1, "Actual Loops": 1, "Plans": [{"Node Type": "Nested Loop", "Parent Relationship": "Outer", "Join Type": "Inner", "Startup Cost": 96.82, "Total Cost": 41895.04, "Plan Rows": 53780, "Plan Width": 16, "Actual Startup Time": 0.986, "Actual Total Time": 800.403, "Actual Rows": 313920, "Actual Loops": 1, "Inner Unique": false, "Plans": [{"Node Type": "Nested Loop", "Parent Relationship": "Outer", "Join Type": "Inner", "Startup Cost": 95.25, "Total Cost": 2533.35, "Plan Rows": 4000, "Plan Width": 8, "Actual Startup Time": 0.938, "Actual Total Time": 7.951, "Actual Rows": 3924, "Actual Loops": 1, "Inner Unique": false, "Plans": [{"Node Type": "Seq Scan", "Parent Relationship": "Outer", "Relation Name": "nation", "Alias": "nation", "Startup Cost": 0.0, "Total Cost": 1.31, "Plan Rows": 1, "Plan Width": 4, "Actual Startup Time": 0.042, "Actual Total Time": 0.056, "Actual Rows": 1, "Actual Loops": 1, "Filter": "(n_name = 'MOZAMBIQUE'::bpchar)", "Rows Removed by Filter": 24}, {"Node Type": "Bitmap Heap Scan", "Parent Relationship": "Inner", "Relation Name": "supplier", "Alias": "supplier", "Startup Cost": 95.25, "Total Cost": 2492.04, "Plan Rows": 4000, "Plan Width": 12, "Actual Startup Time": 0.889, "Actual Total Time": 7.054, "Actual Rows": 3924, "Actual Loops": 1, "Recheck Cond": "(s_nationkey = public.nation.n_nationkey)", "Rows Removed by Index Recheck": 0, "Exact Heap Blocks": 1895, "Lossy Heap Blocks": 1895, "Plans": [{"Node Type": "Bitmap Index Scan", "Parent Relationship": "Outer", "Index Name": "idx_supplier_nation_key", "Startup Cost": 0.0, "Total Cost": 94.25, "Plan Rows": 4000, "Plan Width": 0, "Actual Startup Time": 0.609, "Actual Total Time": 0.609, "Actual Rows": 3924, "Actual Loops": 1, "Index Cond": "(s_nationkey = public.nation.n_nationkey)"}]}]}, {"Node Type": "Bitmap Heap Scan", "Parent Relationship": "Inner", "Relation Name": "partsupp", "Alias": "partsupp", "Startup Cost": 1.57, "Total Cost": 9.71, "Plan Rows": 13, "Plan Width": 24, "Actual Startup Time": 104.492, "Actual Total Time": 724.345, "Actual Rows": 313920, "Actual Loops": 3924, "Recheck Cond": "(ps_suppkey = public.supplier.s_suppkey)", "Rows Removed by Index Recheck": 0, "Exact Heap Blocks": 313920, "Lossy Heap Blocks": 313920, "Plans": [{"Node Type": "Bitmap Index Scan", "Parent Relationship": "Outer", "Index Name": "idx_partsupp_suppkey", "Startup Cost": 0.0, "Total Cost": 1.56, "Plan Rows": 13, "Plan Width": 0, "Actual Startup Time": 65.503, "Actual Total Time": 65.503, "Actual Rows": 313920, "Actual Loops": 3924, "Index Cond": "(ps_suppkey = public.supplier.s_suppkey)"}]}]}]}, {"Node Type": "Aggregate", "Strategy": "Hashed", "Parent Relationship": "Outer", "Startup Cost": 42836.19, "Total Cost": 43508.44, "Plan Rows": 53780, "Plan Width": 24, "Actual Startup Time": 2111.624, "Actual Total Time": 2111.624, "Actual Rows": 0, "Actual Loops": 1, "Group By Key": ["public.partsupp.ps_partkey"], "Filter": "(sum((public.partsupp.ps_supplycost * (public.partsupp.ps_availqty)::double precision)) > $2)", "Rows Removed by Filter": 295792, "Plans": [{"Node Type": "Nested Loop", "Parent Relationship": "Outer", "Join Type": "Inner", "Startup Cost": 96.82, "Total Cost": 41895.04, "Plan Rows": 53780, "Plan Width": 24, "Actual Startup Time": 1.009, "Actual Total Time": 754.894, "Actual Rows": 313920, "Actual Loops": 1, "Inner Unique": false, "Plans": [{"Node Type": "Nested Loop", "Parent Relationship": "Outer", "Join Type": "Inner", "Startup Cost": 95.25, "Total Cost": 2533.35, "Plan Rows": 4000, "Plan Width": 8, "Actual Startup Time": 0.964, "Actual Total Time": 7.76, "Actual Rows": 3924, "Actual Loops": 1, "Inner Unique": false, "Plans": [{"Node Type": "Seq Scan", "Parent Relationship": "Outer", "Relation Name": "nation", "Alias": "nation", "Startup Cost": 0.0, "Total Cost": 1.31, "Plan Rows": 1, "Plan Width": 4, "Actual Startup Time": 0.029, "Actual Total Time": 0.042, "Actual Rows": 1, "Actual Loops": 1, "Filter": "(n_name = 'MOZAMBIQUE'::bpchar)", "Rows Removed by Filter": 24}, {"Node Type": "Bitmap Heap Scan", "Parent Relationship": "Inner", "Relation Name": "supplier", "Alias": "supplier", "Startup Cost": 95.25, "Total Cost": 2492.04, "Plan Rows": 4000, "Plan Width": 12, "Actual Startup Time": 0.928, "Actual Total Time": 6.732, "Actual Rows": 3924, "Actual Loops": 1, "Recheck Cond": "(s_nationkey = public.nation.n_nationkey)", "Rows Removed by Index Recheck": 0, "Exact Heap Blocks": 1895, "Lossy Heap Blocks": 1895, "Plans": [{"Node Type": "Bitmap Index Scan", "Parent Relationship": "Outer", "Index Name": "idx_supplier_nation_key", "Startup Cost": 0.0, "Total Cost": 94.25, "Plan Rows": 4000, "Plan Width": 0, "Actual Startup Time": 0.646, "Actual Total Time": 0.646, "Actual Rows": 3924, "Actual Loops": 1, "Index Cond": "(s_nationkey = public.nation.n_nationkey)"}]}]}, {"Node Type": "Bitmap Heap Scan", "Parent Relationship": "Inner", "Relation Name": "partsupp", "Alias": "partsupp", "Startup Cost": 1.57, "Total Cost": 9.71, "Plan Rows": 13, "Plan Width": 32, "Actual Startup Time": 103.168, "Actual Total Time": 673.653, "Actual Rows": 313920, "Actual Loops": 3924, "Recheck Cond": "(ps_suppkey = public.supplier.s_suppkey)", "Rows Removed by Index Recheck": 0, "Exact Heap Blocks": 313920, "Lossy Heap Blocks": 313920, "Plans": [{"Node Type": "Bitmap Index Scan", "Parent Relationship": "Outer", "Index Name": "idx_partsupp_suppkey", "Startup Cost": 0.0, "Total Cost": 1.56, "Plan Rows": 13, "Plan Width": 0, "Actual Startup Time": 64.013, "Actual Total Time": 64.013, "Actual Rows": 313920, "Actual Loops": 3924, "Index Cond": "(ps_suppkey = public.supplier.s_suppkey)"}]}]}]}]}, "Triggers": [], "Planner Runtime": 0, "Total Runtime": 2112.492, "Unique SQL Id": 2932834211}}, "(1, 19)": {"explain_plan": {"Plan": {"Node Type": "Sort", "Startup Cost": 2000084159245.82, "Total Cost": 2000084159380.27, "Plan Rows": 53780, "Plan Width": 40, "Sort Key": ["(sum((public.partsupp.ps_supplycost * (public.partsupp.ps_availqty)::double precision))) DESC"], "Plans": [{"Node Type": "Aggregate", "Strategy": "Plain", "Parent Relationship": "exec_init_plan", "Subplan Name": "InitPlan 1 (returns $2)", "Startup Cost": 1000001001502.42, "Total Cost": 1000001001502.43, "Plan Rows": 1, "Plan Width": 24, "Plans": [{"Node Type": "Nested Loop", "Parent Relationship": "Outer", "Join Type": "Inner", "Startup Cost": 10000000001.83, "Total Cost": 1000001001099.07, "Plan Rows": 53780, "Plan Width": 16, "Inner Unique": false, "Plans": [{"Node Type": "Nested Loop", "Parent Relationship": "Outer", "Join Type": "Inner", "Startup Cost": 10000000000.26, "Total Cost": 1000000961737.38, "Plan Rows": 4000, "Plan Width": 8, "Inner Unique": true, "Plans": [{"Node Type": "Index Scan", "Parent Relationship": "Outer", "Scan Direction": "Forward", "Index Name": "supplier_pkey", "Relation Name": "supplier", "Alias": "supplier", "Startup Cost": 10000000000.0, "Total Cost": 1000000533454.38, "Plan Rows": 100000, "Plan Width": 12}, {"Node Type": "Bitmap Heap Scan", "Parent Relationship": "Inner", "Relation Name": "nation", "Alias": "nation", "Startup Cost": 0.26, "Total Cost": 4.27, "Plan Rows": 1, "Plan Width": 4, "Recheck Cond": "(n_nationkey = public.supplier.s_nationkey)", "Filter": "(n_name = 'MOZAMBIQUE'::bpchar)", "Plans": [{"Node Type": "Bitmap Index Scan", "Parent Relationship": "Outer", "Index Name": "nation_pkey", "Startup Cost": 0.0, "Total Cost": 0.26, "Plan Rows": 1, "Plan Width": 0, "Index Cond": "(n_nationkey = public.supplier.s_nationkey)"}]}]}, {"Node Type": "Bitmap Heap Scan", "Parent Relationship": "Inner", "Relation Name": "partsupp", "Alias": "partsupp", "Startup Cost": 1.57, "Total Cost": 9.71, "Plan Rows": 13, "Plan Width": 24, "Recheck Cond": "(ps_suppkey = public.supplier.s_suppkey)", "Plans": [{"Node Type": "Bitmap Index Scan", "Parent Relationship": "Outer", "Index Name": "idx_partsupp_suppkey", "Startup Cost": 0.0, "Total Cost": 1.56, "Plan Rows": 13, "Plan Width": 0, "Index Cond": "(ps_suppkey = public.supplier.s_suppkey)"}]}]}]}, {"Node Type": "Aggregate", "Strategy": "Sorted", "Parent Relationship": "Outer", "Startup Cost": 10000000000.52, "Total Cost": 1000083153517.69, "Plan Rows": 53780, "Plan Width": 40, "Group By Key": ["public.partsupp.ps_partkey"], "Filter": "(sum((public.partsupp.ps_supplycost * (public.partsupp.ps_availqty)::double precision)) > $2)", "Plans": [{"Node Type": "Nested Loop", "Parent Relationship": "Outer", "Join Type": "Inner", "Startup Cost": 10000000000.52, "Total Cost": 1000083151904.29, "Plan Rows": 53780, "Plan Width": 24, "Inner Unique": true, "Plans": [{"Node Type": "Nested Loop", "Parent Relationship": "Outer", "Join Type": "Inner", "Startup Cost": 10000000000.26, "Total Cost": 1000077393643.64, "Plan Rows": 1344499, "Plan Width": 28, "Inner Unique": true, "Plans": [{"Node Type": "Index Scan", "Parent Relationship": "Outer", "Scan Direction": "Forward", "Index Name": "idx_partsupp_partkey", "Relation Name": "partsupp", "Alias": "partsupp", "Startup Cost": 10000000000.0, "Total Cost": 1000043148503.38, "Plan Rows": 8000372, "Plan Width": 32}, {"Node Type": "Bitmap Heap Scan", "Parent Relationship": "Inner", "Relation Name": "supplier", "Alias": "supplier", "Startup Cost": 0.26, "Total Cost": 4.27, "Plan Rows": 1, "Plan Width": 12, "Recheck Cond": "(s_suppkey = public.partsupp.ps_suppkey)", "Plans": [{"Node Type": "Bitmap Index Scan", "Parent Relationship": "Outer", "Index Name": "supplier_pkey", "Startup Cost": 0.0, "Total Cost": 0.26, "Plan Rows": 1, "Plan Width": 0, "Index Cond": "(s_suppkey = public.partsupp.ps_suppkey)"}]}]}, {"Node Type": "Bitmap Heap Scan", "Parent Relationship": "Inner", "Relation Name": "nation", "Alias": "nation", "Startup Cost": 0.26, "Total Cost": 4.27, "Plan Rows": 1, "Plan Width": 4, "Recheck Cond": "(n_nationkey = public.supplier.s_nationkey)", "Filter": "(n_name = 'MOZAMBIQUE'::bpchar)", "Plans": [{"Node Type": "Bitmap Index Scan", "Parent Relationship": "Outer", "Index Name": "nation_pkey", "Startup Cost": 0.0, "Total Cost": 0.26, "Plan Rows": 1, "Plan Width": 0, "Index Cond": "(n_nationkey = public.supplier.s_nationkey)"}]}]}]}]}, "Unique SQL Id": 2932834211, "Planner Runtime": 1}, "explain_analyze_plan": null}, "(1, 20)": {"explain_plan": {"Plan": {"Node Type": "Sort", "Startup Cost": 86957.11, "Total Cost": 87091.56, "Plan Rows": 53780, "Plan Width": 24, "Sort Key": ["(sum((public.partsupp.ps_supplycost * (public.partsupp.ps_availqty)::double precision))) DESC"], "Plans": [{"Node Type": "Aggregate", "Strategy": "Plain", "Parent Relationship": "exec_init_plan", "Subplan Name": "InitPlan 1 (returns $2)", "Startup Cost": 40760.67, "Total Cost": 40760.68, "Plan Rows": 1, "Plan Width": 24, "Plans": [{"Node Type": "Nested Loop", "Parent Relationship": "Outer", "Join Type": "Inner", "Startup Cost": 95.25, "Total Cost": 40357.32, "Plan Rows": 53780, "Plan Width": 16, "Inner Unique": false, "Plans": [{"Node Type": "Nested Loop", "Parent Relationship": "Outer", "Join Type": "Inner", "Startup Cost": 95.25, "Total Cost": 2533.35, "Plan Rows": 4000, "Plan Width": 8, "Inner Unique": false, "Plans": [{"Node Type": "Seq Scan", "Parent Relationship": "Outer", "Relation Name": "nation", "Alias": "nation", "Startup Cost": 0.0, "Total Cost": 1.31, "Plan Rows": 1, "Plan Width": 4, "Filter": "(n_name = 'MOZAMBIQUE'::bpchar)"}, {"Node Type": "Bitmap Heap Scan", "Parent Relationship": "Inner", "Relation Name": "supplier", "Alias": "supplier", "Startup Cost": 95.25, "Total Cost": 2492.04, "Plan Rows": 4000, "Plan Width": 12, "Recheck Cond": "(s_nationkey = public.nation.n_nationkey)", "Plans": [{"Node Type": "Bitmap Index Scan", "Parent Relationship": "Outer", "Index Name": "idx_supplier_nation_key", "Startup Cost": 0.0, "Total Cost": 94.25, "Plan Rows": 4000, "Plan Width": 0, "Index Cond": "(s_nationkey = public.nation.n_nationkey)"}]}]}, {"Node Type": "Index Scan", "Parent Relationship": "Inner", "Scan Direction": "Forward", "Index Name": "idx_partsupp_suppkey", "Relation Name": "partsupp", "Alias": "partsupp", "Startup Cost": 0.0, "Total Cost": 9.33, "Plan Rows": 13, "Plan Width": 24, "Index Cond": "(ps_suppkey = public.supplier.s_suppkey)"}]}]}, {"Node Type": "Aggregate", "Strategy": "Hashed", "Parent Relationship": "Outer", "Startup Cost": 41298.47, "Total Cost": 41970.72, "Plan Rows": 53780, "Plan Width": 24, "Group By Key": ["public.partsupp.ps_partkey"], "Filter": "(sum((public.partsupp.ps_supplycost * (public.partsupp.ps_availqty)::double precision)) > $2)", "Plans": [{"Node Type": "Nested Loop", "Parent Relationship": "Outer", "Join Type": "Inner", "Startup Cost": 95.25, "Total Cost": 40357.32, "Plan Rows": 53780, "Plan Width": 24, "Inner Unique": false, "Plans": [{"Node Type": "Nested Loop", "Parent Relationship": "Outer", "Join Type": "Inner", "Startup Cost": 95.25, "Total Cost": 2533.35, "Plan Rows": 4000, "Plan Width": 8, "Inner Unique": false, "Plans": [{"Node Type": "Seq Scan", "Parent Relationship": "Outer", "Relation Name": "nation", "Alias": "nation", "Startup Cost": 0.0, "Total Cost": 1.31, "Plan Rows": 1, "Plan Width": 4, "Filter": "(n_name = 'MOZAMBIQUE'::bpchar)"}, {"Node Type": "Bitmap Heap Scan", "Parent Relationship": "Inner", "Relation Name": "supplier", "Alias": "supplier", "Startup Cost": 95.25, "Total Cost": 2492.04, "Plan Rows": 4000, "Plan Width": 12, "Recheck Cond": "(s_nationkey = public.nation.n_nationkey)", "Plans": [{"Node Type": "Bitmap Index Scan", "Parent Relationship": "Outer", "Index Name": "idx_supplier_nation_key", "Startup Cost": 0.0, "Total Cost": 94.25, "Plan Rows": 4000, "Plan Width": 0, "Index Cond": "(s_nationkey = public.nation.n_nationkey)"}]}]}, {"Node Type": "Index Scan", "Parent Relationship": "Inner", "Scan Direction": "Forward", "Index Name": "idx_partsupp_suppkey", "Relation Name": "partsupp", "Alias": "partsupp", "Startup Cost": 0.0, "Total Cost": 9.33, "Plan Rows": 13, "Plan Width": 32, "Index Cond": "(ps_suppkey = public.supplier.s_suppkey)"}]}]}]}, "Unique SQL Id": 2932834211, "Planner Runtime": 1}, "explain_analyze_plan": {"Plan": {"Node Type": "Sort", "Startup Cost": 86957.11, "Total Cost": 87091.56, "Plan Rows": 53780, "Plan Width": 24, "Actual Startup Time": 1860.176, "Actual Total Time": 1860.176, "Actual Rows": 0, "Actual Loops": 1, "Sort Key": ["(sum((public.partsupp.ps_supplycost * (public.partsupp.ps_availqty)::double precision))) DESC"], "Sort Method": "quicksort", "Sort Space Used": 25, "Sort Space Type": "Memory", "Plans": [{"Node Type": "Aggregate", "Strategy": "Plain", "Parent Relationship": "exec_init_plan", "Subplan Name": "InitPlan 1 (returns $2)", "Startup Cost": 40760.67, "Total Cost": 40760.68, "Plan Rows": 1, "Plan Width": 24, "Actual Startup Time": 807.27, "Actual Total Time": 807.27, "Actual Rows": 1, "Actual Loops": 1, "Plans": [{"Node Type": "Nested Loop", "Parent Relationship": "Outer", "Join Type": "Inner", "Startup Cost": 95.25, "Total Cost": 40357.32, "Plan Rows": 53780, "Plan Width": 16, "Actual Startup Time": 0.965, "Actual Total Time": 672.642, "Actual Rows": 313920, "Actual Loops": 1, "Inner Unique": false, "Plans": [{"Node Type": "Nested Loop", "Parent Relationship": "Outer", "Join Type": "Inner", "Startup Cost": 95.25, "Total Cost": 2533.35, "Plan Rows": 4000, "Plan Width": 8, "Actual Startup Time": 0.942, "Actual Total Time": 8.242, "Actual Rows": 3924, "Actual Loops": 1, "Inner Unique": false, "Plans": [{"Node Type": "Seq Scan", "Parent Relationship": "Outer", "Relation Name": "nation", "Alias": "nation", "Startup Cost": 0.0, "Total Cost": 1.31, "Plan Rows": 1, "Plan Width": 4, "Actual Startup Time": 0.022, "Actual Total Time": 0.034, "Actual Rows": 1, "Actual Loops": 1, "Filter": "(n_name = 'MOZAMBIQUE'::bpchar)", "Rows Removed by Filter": 24}, {"Node Type": "Bitmap Heap Scan", "Parent Relationship": "Inner", "Relation Name": "supplier", "Alias": "supplier", "Startup Cost": 95.25, "Total Cost": 2492.04, "Plan Rows": 4000, "Plan Width": 12, "Actual Startup Time": 0.902, "Actual Total Time": 7.218, "Actual Rows": 3924, "Actual Loops": 1, "Recheck Cond": "(s_nationkey = public.nation.n_nationkey)", "Rows Removed by Index Recheck": 0, "Exact Heap Blocks": 1895, "Lossy Heap Blocks": 1895, "Plans": [{"Node Type": "Bitmap Index Scan", "Parent Relationship": "Outer", "Index Name": "idx_supplier_nation_key", "Startup Cost": 0.0, "Total Cost": 94.25, "Plan Rows": 4000, "Plan Width": 0, "Actual Startup Time": 0.624, "Actual Total Time": 0.624, "Actual Rows": 3924, "Actual Loops": 1, "Index Cond": "(s_nationkey = public.nation.n_nationkey)"}]}]}, {"Node Type": "Index Scan", "Parent Relationship": "Inner", "Scan Direction": "Forward", "Index Name": "idx_partsupp_suppkey", "Relation Name": "partsupp", "Alias": "partsupp", "Startup Cost": 0.0, "Total Cost": 9.33, "Plan Rows": 13, "Plan Width": 24, "Actual Startup Time": 47.388, "Actual Total Time": 597.413, "Actual Rows": 313920, "Actual Loops": 3924, "Index Cond": "(ps_suppkey = public.supplier.s_suppkey)", "Rows Removed by Index Recheck": 0}]}]}, {"Node Type": "Aggregate", "Strategy": "Hashed", "Parent Relationship": "Outer", "Startup Cost": 41298.47, "Total Cost": 41970.72, "Plan Rows": 53780, "Plan Width": 24, "Actual Startup Time": 1859.631, "Actual Total Time": 1859.631, "Actual Rows": 0, "Actual Loops": 1, "Group By Key": ["public.partsupp.ps_partkey"], "Filter": "(sum((public.partsupp.ps_supplycost * (public.partsupp.ps_availqty)::double precision)) > $2)", "Rows Removed by Filter": 295792, "Plans": [{"Node Type": "Nested Loop", "Parent Relationship": "Outer", "Join Type": "Inner", "Startup Cost": 95.25, "Total Cost": 40357.32, "Plan Rows": 53780, "Plan Width": 24, "Actual Startup Time": 0.962, "Actual Total Time": 624.76, "Actual Rows": 313920, "Actual Loops": 1, "Inner Unique": false, "Plans": [{"Node Type": "Nested Loop", "Parent Relationship": "Outer", "Join Type": "Inner", "Startup Cost": 95.25, "Total Cost": 2533.35, "Plan Rows": 4000, "Plan Width": 8, "Actual Startup Time": 0.938, "Actual Total Time": 7.852, "Actual Rows": 3924, "Actual Loops": 1, "Inner Unique": false, "Plans": [{"Node Type": "Seq Scan", "Parent Relationship": "Outer", "Relation Name": "nation", "Alias": "nation", "Startup Cost": 0.0, "Total Cost": 1.31, "Plan Rows": 1, "Plan Width": 4, "Actual Startup Time": 0.03, "Actual Total Time": 0.042, "Actual Rows": 1, "Actual Loops": 1, "Filter": "(n_name = 'MOZAMBIQUE'::bpchar)", "Rows Removed by Filter": 24}, {"Node Type": "Bitmap Heap Scan", "Parent Relationship": "Inner", "Relation Name": "supplier", "Alias": "supplier", "Startup Cost": 95.25, "Total Cost": 2492.04, "Plan Rows": 4000, "Plan Width": 12, "Actual Startup Time": 0.901, "Actual Total Time": 6.942, "Actual Rows": 3924, "Actual Loops": 1, "Recheck Cond": "(s_nationkey = public.nation.n_nationkey)", "Rows Removed by Index Recheck": 0, "Exact Heap Blocks": 1895, "Lossy Heap Blocks": 1895, "Plans": [{"Node Type": "Bitmap Index Scan", "Parent Relationship": "Outer", "Index Name": "idx_supplier_nation_key", "Startup Cost": 0.0, "Total Cost": 94.25, "Plan Rows": 4000, "Plan Width": 0, "Actual Startup Time": 0.617, "Actual Total Time": 0.617, "Actual Rows": 3924, "Actual Loops": 1, "Index Cond": "(s_nationkey = public.nation.n_nationkey)"}]}]}, {"Node Type": "Index Scan", "Parent Relationship": "Inner", "Scan Direction": "Forward", "Index Name": "idx_partsupp_suppkey", "Relation Name": "partsupp", "Alias": "partsupp", "Startup Cost": 0.0, "Total Cost": 9.33, "Plan Rows": 13, "Plan Width": 32, "Actual Startup Time": 44.498, "Actual Total Time": 545.855, "Actual Rows": 313920, "Actual Loops": 3924, "Index Cond": "(ps_suppkey = public.supplier.s_suppkey)", "Rows Removed by Index Recheck": 0}]}]}]}, "Triggers": [], "Planner Runtime": 0, "Total Runtime": 1860.493, "Unique SQL Id": 2932834211}}, "(1, 21)": {"explain_plan": {"Plan": {"Node Type": "Sort", "Startup Cost": 86979.86, "Total Cost": 87114.31, "Plan Rows": 53780, "Plan Width": 24, "Sort Key": ["(sum((public.partsupp.ps_supplycost * (public.partsupp.ps_availqty)::double precision))) DESC"], "Plans": [{"Node Type": "Aggregate", "Strategy": "Plain", "Parent Relationship": "exec_init_plan", "Subplan Name": "InitPlan 1 (returns $2)", "Startup Cost": 40772.04, "Total Cost": 40772.06, "Plan Rows": 1, "Plan Width": 24, "Plans": [{"Node Type": "Nested Loop", "Parent Relationship": "Outer", "Join Type": "Inner", "Startup Cost": 95.25, "Total Cost": 40368.69, "Plan Rows": 53780, "Plan Width": 16, "Inner Unique": false, "Plans": [{"Node Type": "Nested Loop", "Parent Relationship": "Outer", "Join Type": "Inner", "Startup Cost": 95.25, "Total Cost": 2544.73, "Plan Rows": 4000, "Plan Width": 8, "Inner Unique": false, "Plans": [{"Node Type": "Index Scan", "Parent Relationship": "Outer", "Scan Direction": "Forward", "Index Name": "nation_pkey", "Relation Name": "nation", "Alias": "nation", "Startup Cost": 0.0, "Total Cost": 12.69, "Plan Rows": 1, "Plan Width": 4, "Filter": "(n_name = 'MOZAMBIQUE'::bpchar)"}, {"Node Type": "Bitmap Heap Scan", "Parent Relationship": "Inner", "Relation Name": "supplier", "Alias": "supplier", "Startup Cost": 95.25, "Total Cost": 2492.04, "Plan Rows": 4000, "Plan Width": 12, "Recheck Cond": "(s_nationkey = public.nation.n_nationkey)", "Plans": [{"Node Type": "Bitmap Index Scan", "Parent Relationship": "Outer", "Index Name": "idx_supplier_nation_key", "Startup Cost": 0.0, "Total Cost": 94.25, "Plan Rows": 4000, "Plan Width": 0, "Index Cond": "(s_nationkey = public.nation.n_nationkey)"}]}]}, {"Node Type": "Index Scan", "Parent Relationship": "Inner", "Scan Direction": "Forward", "Index Name": "idx_partsupp_suppkey", "Relation Name": "partsupp", "Alias": "partsupp", "Startup Cost": 0.0, "Total Cost": 9.33, "Plan Rows": 13, "Plan Width": 24, "Index Cond": "(ps_suppkey = public.supplier.s_suppkey)"}]}]}, {"Node Type": "Aggregate", "Strategy": "Hashed", "Parent Relationship": "Outer", "Startup Cost": 41309.84, "Total Cost": 41982.09, "Plan Rows": 53780, "Plan Width": 24, "Group By Key": ["public.partsupp.ps_partkey"], "Filter": "(sum((public.partsupp.ps_supplycost * (public.partsupp.ps_availqty)::double precision)) > $2)", "Plans": [{"Node Type": "Nested Loop", "Parent Relationship": "Outer", "Join Type": "Inner", "Startup Cost": 95.25, "Total Cost": 40368.69, "Plan Rows": 53780, "Plan Width": 24, "Inner Unique": false, "Plans": [{"Node Type": "Nested Loop", "Parent Relationship": "Outer", "Join Type": "Inner", "Startup Cost": 95.25, "Total Cost": 2544.73, "Plan Rows": 4000, "Plan Width": 8, "Inner Unique": false, "Plans": [{"Node Type": "Index Scan", "Parent Relationship": "Outer", "Scan Direction": "Forward", "Index Name": "nation_pkey", "Relation Name": "nation", "Alias": "nation", "Startup Cost": 0.0, "Total Cost": 12.69, "Plan Rows": 1, "Plan Width": 4, "Filter": "(n_name = 'MOZAMBIQUE'::bpchar)"}, {"Node Type": "Bitmap Heap Scan", "Parent Relationship": "Inner", "Relation Name": "supplier", "Alias": "supplier", "Startup Cost": 95.25, "Total Cost": 2492.04, "Plan Rows": 4000, "Plan Width": 12, "Recheck Cond": "(s_nationkey = public.nation.n_nationkey)", "Plans": [{"Node Type": "Bitmap Index Scan", "Parent Relationship": "Outer", "Index Name": "idx_supplier_nation_key", "Startup Cost": 0.0, "Total Cost": 94.25, "Plan Rows": 4000, "Plan Width": 0, "Index Cond": "(s_nationkey = public.nation.n_nationkey)"}]}]}, {"Node Type": "Index Scan", "Parent Relationship": "Inner", "Scan Direction": "Forward", "Index Name": "idx_partsupp_suppkey", "Relation Name": "partsupp", "Alias": "partsupp", "Startup Cost": 0.0, "Total Cost": 9.33, "Plan Rows": 13, "Plan Width": 32, "Index Cond": "(ps_suppkey = public.supplier.s_suppkey)"}]}]}]}, "Unique SQL Id": 2932834211, "Planner Runtime": 1}, "explain_analyze_plan": {"Plan": {"Node Type": "Sort", "Startup Cost": 86979.86, "Total Cost": 87114.31, "Plan Rows": 53780, "Plan Width": 24, "Actual Startup Time": 1810.725, "Actual Total Time": 1810.725, "Actual Rows": 0, "Actual Loops": 1, "Sort Key": ["(sum((public.partsupp.ps_supplycost * (public.partsupp.ps_availqty)::double precision))) DESC"], "Sort Method": "quicksort", "Sort Space Used": 25, "Sort Space Type": "Memory", "Plans": [{"Node Type": "Aggregate", "Strategy": "Plain", "Parent Relationship": "exec_init_plan", "Subplan Name": "InitPlan 1 (returns $2)", "Startup Cost": 40772.04, "Total Cost": 40772.06, "Plan Rows": 1, "Plan Width": 24, "Actual Startup Time": 757.524, "Actual Total Time": 757.525, "Actual Rows": 1, "Actual Loops": 1, "Plans": [{"Node Type": "Nested Loop", "Parent Relationship": "Outer", "Join Type": "Inner", "Startup Cost": 95.25, "Total Cost": 40368.69, "Plan Rows": 53780, "Plan Width": 16, "Actual Startup Time": 0.984, "Actual Total Time": 623.043, "Actual Rows": 313920, "Actual Loops": 1, "Inner Unique": false, "Plans": [{"Node Type": "Nested Loop", "Parent Relationship": "Outer", "Join Type": "Inner", "Startup Cost": 95.25, "Total Cost": 2544.73, "Plan Rows": 4000, "Plan Width": 8, "Actual Startup Time": 0.961, "Actual Total Time": 7.606, "Actual Rows": 3924, "Actual Loops": 1, "Inner Unique": false, "Plans": [{"Node Type": "Index Scan", "Parent Relationship": "Outer", "Scan Direction": "Forward", "Index Name": "nation_pkey", "Relation Name": "nation", "Alias": "nation", "Startup Cost": 0.0, "Total Cost": 12.69, "Plan Rows": 1, "Plan Width": 4, "Actual Startup Time": 0.021, "Actual Total Time": 0.035, "Actual Rows": 1, "Actual Loops": 1, "Filter": "(n_name = 'MOZAMBIQUE'::bpchar)", "Rows Removed by Filter": 24}, {"Node Type": "Bitmap Heap Scan", "Parent Relationship": "Inner", "Relation Name": "supplier", "Alias": "supplier", "Startup Cost": 95.25, "Total Cost": 2492.04, "Plan Rows": 4000, "Plan Width": 12, "Actual Startup Time": 0.923, "Actual Total Time": 6.688, "Actual Rows": 3924, "Actual Loops": 1, "Recheck Cond": "(s_nationkey = public.nation.n_nationkey)", "Rows Removed by Index Recheck": 0, "Exact Heap Blocks": 1895, "Lossy Heap Blocks": 1895, "Plans": [{"Node Type": "Bitmap Index Scan", "Parent Relationship": "Outer", "Index Name": "idx_supplier_nation_key", "Startup Cost": 0.0, "Total Cost": 94.25, "Plan Rows": 4000, "Plan Width": 0, "Actual Startup Time": 0.63, "Actual Total Time": 0.63, "Actual Rows": 3924, "Actual Loops": 1, "Index Cond": "(s_nationkey = public.nation.n_nationkey)"}]}]}, {"Node Type": "Index Scan", "Parent Relationship": "Inner", "Scan Direction": "Forward", "Index Name": "idx_partsupp_suppkey", "Relation Name": "partsupp", "Alias": "partsupp", "Startup Cost": 0.0, "Total Cost": 9.33, "Plan Rows": 13, "Plan Width": 24, "Actual Startup Time": 44.034, "Actual Total Time": 548.454, "Actual Rows": 313920, "Actual Loops": 3924, "Index Cond": "(ps_suppkey = public.supplier.s_suppkey)", "Rows Removed by Index Recheck": 0}]}]}, {"Node Type": "Aggregate", "Strategy": "Hashed", "Parent Relationship": "Outer", "Startup Cost": 41309.84, "Total Cost": 41982.09, "Plan Rows": 53780, "Plan Width": 24, "Actual Startup Time": 1810.3, "Actual Total Time": 1810.3, "Actual Rows": 0, "Actual Loops": 1, "Group By Key": ["public.partsupp.ps_partkey"], "Filter": "(sum((public.partsupp.ps_supplycost * (public.partsupp.ps_availqty)::double precision)) > $2)", "Rows Removed by Filter": 295792, "Plans": [{"Node Type": "Nested Loop", "Parent Relationship": "Outer", "Join Type": "Inner", "Startup Cost": 95.25, "Total Cost": 40368.69, "Plan Rows": 53780, "Plan Width": 24, "Actual Startup Time": 1.02, "Actual Total Time": 665.011, "Actual Rows": 313920, "Actual Loops": 1, "Inner Unique": false, "Plans": [{"Node Type": "Nested Loop", "Parent Relationship": "Outer", "Join Type": "Inner", "Startup Cost": 95.25, "Total Cost": 2544.73, "Plan Rows": 4000, "Plan Width": 8, "Actual Startup Time": 0.991, "Actual Total Time": 8.384, "Actual Rows": 3924, "Actual Loops": 1, "Inner Unique": false, "Plans": [{"Node Type": "Index Scan", "Parent Relationship": "Outer", "Scan Direction": "Forward", "Index Name": "nation_pkey", "Relation Name": "nation", "Alias": "nation", "Startup Cost": 0.0, "Total Cost": 12.69, "Plan Rows": 1, "Plan Width": 4, "Actual Startup Time": 0.054, "Actual Total Time": 0.067, "Actual Rows": 1, "Actual Loops": 1, "Filter": "(n_name = 'MOZAMBIQUE'::bpchar)", "Rows Removed by Filter": 24}, {"Node Type": "Bitmap Heap Scan", "Parent Relationship": "Inner", "Relation Name": "supplier", "Alias": "supplier", "Startup Cost": 95.25, "Total Cost": 2492.04, "Plan Rows": 4000, "Plan Width": 12, "Actual Startup Time": 0.919, "Actual Total Time": 7.44, "Actual Rows": 3924, "Actual Loops": 1, "Recheck Cond": "(s_nationkey = public.nation.n_nationkey)", "Rows Removed by Index Recheck": 0, "Exact Heap Blocks": 1895, "Lossy Heap Blocks": 1895, "Plans": [{"Node Type": "Bitmap Index Scan", "Parent Relationship": "Outer", "Index Name": "idx_supplier_nation_key", "Startup Cost": 0.0, "Total Cost": 94.25, "Plan Rows": 4000, "Plan Width": 0, "Actual Startup Time": 0.633, "Actual Total Time": 0.633, "Actual Rows": 3924, "Actual Loops": 1, "Index Cond": "(s_nationkey = public.nation.n_nationkey)"}]}]}, {"Node Type": "Index Scan", "Parent Relationship": "Inner", "Scan Direction": "Forward", "Index Name": "idx_partsupp_suppkey", "Relation Name": "partsupp", "Alias": "partsupp", "Startup Cost": 0.0, "Total Cost": 9.33, "Plan Rows": 13, "Plan Width": 32, "Actual Startup Time": 46.318, "Actual Total Time": 585.067, "Actual Rows": 313920, "Actual Loops": 3924, "Index Cond": "(ps_suppkey = public.supplier.s_suppkey)", "Rows Removed by Index Recheck": 0}]}]}]}, "Triggers": [], "Planner Runtime": 0, "Total Runtime": 1811.196, "Unique SQL Id": 2932834211}}, "(1, 22)": {"explain_plan": {"Plan": {"Node Type": "Sort", "Startup Cost": 90032.55, "Total Cost": 90167.0, "Plan Rows": 53780, "Plan Width": 24, "Sort Key": ["(sum((public.partsupp.ps_supplycost * (public.partsupp.ps_availqty)::double precision))) DESC"], "Plans": [{"Node Type": "Aggregate", "Strategy": "Plain", "Parent Relationship": "exec_init_plan", "Subplan Name": "InitPlan 1 (returns $2)", "Startup Cost": 42298.39, "Total Cost": 42298.4, "Plan Rows": 1, "Plan Width": 24, "Plans": [{"Node Type": "Nested Loop", "Parent Relationship": "Outer", "Join Type": "Inner", "Startup Cost": 96.82, "Total Cost": 41895.04, "Plan Rows": 53780, "Plan Width": 16, "Inner Unique": false, "Plans": [{"Node Type": "Nested Loop", "Parent Relationship": "Outer", "Join Type": "Inner", "Startup Cost": 95.25, "Total Cost": 2533.35, "Plan Rows": 4000, "Plan Width": 8, "Inner Unique": false, "Plans": [{"Node Type": "Seq Scan", "Parent Relationship": "Outer", "Relation Name": "nation", "Alias": "nation", "Startup Cost": 0.0, "Total Cost": 1.31, "Plan Rows": 1, "Plan Width": 4, "Filter": "(n_name = 'MOZAMBIQUE'::bpchar)"}, {"Node Type": "Bitmap Heap Scan", "Parent Relationship": "Inner", "Relation Name": "supplier", "Alias": "supplier", "Startup Cost": 95.25, "Total Cost": 2492.04, "Plan Rows": 4000, "Plan Width": 12, "Recheck Cond": "(s_nationkey = public.nation.n_nationkey)", "Plans": [{"Node Type": "Bitmap Index Scan", "Parent Relationship": "Outer", "Index Name": "idx_supplier_nation_key", "Startup Cost": 0.0, "Total Cost": 94.25, "Plan Rows": 4000, "Plan Width": 0, "Index Cond": "(s_nationkey = public.nation.n_nationkey)"}]}]}, {"Node Type": "Bitmap Heap Scan", "Parent Relationship": "Inner", "Relation Name": "partsupp", "Alias": "partsupp", "Startup Cost": 1.57, "Total Cost": 9.71, "Plan Rows": 13, "Plan Width": 24, "Recheck Cond": "(ps_suppkey = public.supplier.s_suppkey)", "Plans": [{"Node Type": "Bitmap Index Scan", "Parent Relationship": "Outer", "Index Name": "idx_partsupp_suppkey", "Startup Cost": 0.0, "Total Cost": 1.56, "Plan Rows": 13, "Plan Width": 0, "Index Cond": "(ps_suppkey = public.supplier.s_suppkey)"}]}]}]}, {"Node Type": "Aggregate", "Strategy": "Hashed", "Parent Relationship": "Outer", "Startup Cost": 42836.19, "Total Cost": 43508.44, "Plan Rows": 53780, "Plan Width": 24, "Group By Key": ["public.partsupp.ps_partkey"], "Filter": "(sum((public.partsupp.ps_supplycost * (public.partsupp.ps_availqty)::double precision)) > $2)", "Plans": [{"Node Type": "Nested Loop", "Parent Relationship": "Outer", "Join Type": "Inner", "Startup Cost": 96.82, "Total Cost": 41895.04, "Plan Rows": 53780, "Plan Width": 24, "Inner Unique": false, "Plans": [{"Node Type": "Nested Loop", "Parent Relationship": "Outer", "Join Type": "Inner", "Startup Cost": 95.25, "Total Cost": 2533.35, "Plan Rows": 4000, "Plan Width": 8, "Inner Unique": false, "Plans": [{"Node Type": "Seq Scan", "Parent Relationship": "Outer", "Relation Name": "nation", "Alias": "nation", "Startup Cost": 0.0, "Total Cost": 1.31, "Plan Rows": 1, "Plan Width": 4, "Filter": "(n_name = 'MOZAMBIQUE'::bpchar)"}, {"Node Type": "Bitmap Heap Scan", "Parent Relationship": "Inner", "Relation Name": "supplier", "Alias": "supplier", "Startup Cost": 95.25, "Total Cost": 2492.04, "Plan Rows": 4000, "Plan Width": 12, "Recheck Cond": "(s_nationkey = public.nation.n_nationkey)", "Plans": [{"Node Type": "Bitmap Index Scan", "Parent Relationship": "Outer", "Index Name": "idx_supplier_nation_key", "Startup Cost": 0.0, "Total Cost": 94.25, "Plan Rows": 4000, "Plan Width": 0, "Index Cond": "(s_nationkey = public.nation.n_nationkey)"}]}]}, {"Node Type": "Bitmap Heap Scan", "Parent Relationship": "Inner", "Relation Name": "partsupp", "Alias": "partsupp", "Startup Cost": 1.57, "Total Cost": 9.71, "Plan Rows": 13, "Plan Width": 32, "Recheck Cond": "(ps_suppkey = public.supplier.s_suppkey)", "Plans": [{"Node Type": "Bitmap Index Scan", "Parent Relationship": "Outer", "Index Name": "idx_partsupp_suppkey", "Startup Cost": 0.0, "Total Cost": 1.56, "Plan Rows": 13, "Plan Width": 0, "Index Cond": "(ps_suppkey = public.supplier.s_suppkey)"}]}]}]}]}, "Unique SQL Id": 2932834211, "Planner Runtime": 1}, "explain_analyze_plan": {"Plan": {"Node Type": "Sort", "Startup Cost": 90032.55, "Total Cost": 90167.0, "Plan Rows": 53780, "Plan Width": 24, "Actual Startup Time": 2112.155, "Actual Total Time": 2112.155, "Actual Rows": 0, "Actual Loops": 1, "Sort Key": ["(sum((public.partsupp.ps_supplycost * (public.partsupp.ps_availqty)::double precision))) DESC"], "Sort Method": "quicksort", "Sort Space Used": 25, "Sort Space Type": "Memory", "Plans": [{"Node Type": "Aggregate", "Strategy": "Plain", "Parent Relationship": "exec_init_plan", "Subplan Name": "InitPlan 1 (returns $2)", "Startup Cost": 42298.39, "Total Cost": 42298.4, "Plan Rows": 1, "Plan Width": 24, "Actual Startup Time": 928.307, "Actual Total Time": 928.307, "Actual Rows": 1, "Actual Loops": 1, "Plans": [{"Node Type": "Nested Loop", "Parent Relationship": "Outer", "Join Type": "Inner", "Startup Cost": 96.82, "Total Cost": 41895.04, "Plan Rows": 53780, "Plan Width": 16, "Actual Startup Time": 0.986, "Actual Total Time": 800.403, "Actual Rows": 313920, "Actual Loops": 1, "Inner Unique": false, "Plans": [{"Node Type": "Nested Loop", "Parent Relationship": "Outer", "Join Type": "Inner", "Startup Cost": 95.25, "Total Cost": 2533.35, "Plan Rows": 4000, "Plan Width": 8, "Actual Startup Time": 0.938, "Actual Total Time": 7.951, "Actual Rows": 3924, "Actual Loops": 1, "Inner Unique": false, "Plans": [{"Node Type": "Seq Scan", "Parent Relationship": "Outer", "Relation Name": "nation", "Alias": "nation", "Startup Cost": 0.0, "Total Cost": 1.31, "Plan Rows": 1, "Plan Width": 4, "Actual Startup Time": 0.042, "Actual Total Time": 0.056, "Actual Rows": 1, "Actual Loops": 1, "Filter": "(n_name = 'MOZAMBIQUE'::bpchar)", "Rows Removed by Filter": 24}, {"Node Type": "Bitmap Heap Scan", "Parent Relationship": "Inner", "Relation Name": "supplier", "Alias": "supplier", "Startup Cost": 95.25, "Total Cost": 2492.04, "Plan Rows": 4000, "Plan Width": 12, "Actual Startup Time": 0.889, "Actual Total Time": 7.054, "Actual Rows": 3924, "Actual Loops": 1, "Recheck Cond": "(s_nationkey = public.nation.n_nationkey)", "Rows Removed by Index Recheck": 0, "Exact Heap Blocks": 1895, "Lossy Heap Blocks": 1895, "Plans": [{"Node Type": "Bitmap Index Scan", "Parent Relationship": "Outer", "Index Name": "idx_supplier_nation_key", "Startup Cost": 0.0, "Total Cost": 94.25, "Plan Rows": 4000, "Plan Width": 0, "Actual Startup Time": 0.609, "Actual Total Time": 0.609, "Actual Rows": 3924, "Actual Loops": 1, "Index Cond": "(s_nationkey = public.nation.n_nationkey)"}]}]}, {"Node Type": "Bitmap Heap Scan", "Parent Relationship": "Inner", "Relation Name": "partsupp", "Alias": "partsupp", "Startup Cost": 1.57, "Total Cost": 9.71, "Plan Rows": 13, "Plan Width": 24, "Actual Startup Time": 104.492, "Actual Total Time": 724.345, "Actual Rows": 313920, "Actual Loops": 3924, "Recheck Cond": "(ps_suppkey = public.supplier.s_suppkey)", "Rows Removed by Index Recheck": 0, "Exact Heap Blocks": 313920, "Lossy Heap Blocks": 313920, "Plans": [{"Node Type": "Bitmap Index Scan", "Parent Relationship": "Outer", "Index Name": "idx_partsupp_suppkey", "Startup Cost": 0.0, "Total Cost": 1.56, "Plan Rows": 13, "Plan Width": 0, "Actual Startup Time": 65.503, "Actual Total Time": 65.503, "Actual Rows": 313920, "Actual Loops": 3924, "Index Cond": "(ps_suppkey = public.supplier.s_suppkey)"}]}]}]}, {"Node Type": "Aggregate", "Strategy": "Hashed", "Parent Relationship": "Outer", "Startup Cost": 42836.19, "Total Cost": 43508.44, "Plan Rows": 53780, "Plan Width": 24, "Actual Startup Time": 2111.624, "Actual Total Time": 2111.624, "Actual Rows": 0, "Actual Loops": 1, "Group By Key": ["public.partsupp.ps_partkey"], "Filter": "(sum((public.partsupp.ps_supplycost * (public.partsupp.ps_availqty)::double precision)) > $2)", "Rows Removed by Filter": 295792, "Plans": [{"Node Type": "Nested Loop", "Parent Relationship": "Outer", "Join Type": "Inner", "Startup Cost": 96.82, "Total Cost": 41895.04, "Plan Rows": 53780, "Plan Width": 24, "Actual Startup Time": 1.009, "Actual Total Time": 754.894, "Actual Rows": 313920, "Actual Loops": 1, "Inner Unique": false, "Plans": [{"Node Type": "Nested Loop", "Parent Relationship": "Outer", "Join Type": "Inner", "Startup Cost": 95.25, "Total Cost": 2533.35, "Plan Rows": 4000, "Plan Width": 8, "Actual Startup Time": 0.964, "Actual Total Time": 7.76, "Actual Rows": 3924, "Actual Loops": 1, "Inner Unique": false, "Plans": [{"Node Type": "Seq Scan", "Parent Relationship": "Outer", "Relation Name": "nation", "Alias": "nation", "Startup Cost": 0.0, "Total Cost": 1.31, "Plan Rows": 1, "Plan Width": 4, "Actual Startup Time": 0.029, "Actual Total Time": 0.042, "Actual Rows": 1, "Actual Loops": 1, "Filter": "(n_name = 'MOZAMBIQUE'::bpchar)", "Rows Removed by Filter": 24}, {"Node Type": "Bitmap Heap Scan", "Parent Relationship": "Inner", "Relation Name": "supplier", "Alias": "supplier", "Startup Cost": 95.25, "Total Cost": 2492.04, "Plan Rows": 4000, "Plan Width": 12, "Actual Startup Time": 0.928, "Actual Total Time": 6.732, "Actual Rows": 3924, "Actual Loops": 1, "Recheck Cond": "(s_nationkey = public.nation.n_nationkey)", "Rows Removed by Index Recheck": 0, "Exact Heap Blocks": 1895, "Lossy Heap Blocks": 1895, "Plans": [{"Node Type": "Bitmap Index Scan", "Parent Relationship": "Outer", "Index Name": "idx_supplier_nation_key", "Startup Cost": 0.0, "Total Cost": 94.25, "Plan Rows": 4000, "Plan Width": 0, "Actual Startup Time": 0.646, "Actual Total Time": 0.646, "Actual Rows": 3924, "Actual Loops": 1, "Index Cond": "(s_nationkey = public.nation.n_nationkey)"}]}]}, {"Node Type": "Bitmap Heap Scan", "Parent Relationship": "Inner", "Relation Name": "partsupp", "Alias": "partsupp", "Startup Cost": 1.57, "Total Cost": 9.71, "Plan Rows": 13, "Plan Width": 32, "Actual Startup Time": 103.168, "Actual Total Time": 673.653, "Actual Rows": 313920, "Actual Loops": 3924, "Recheck Cond": "(ps_suppkey = public.supplier.s_suppkey)", "Rows Removed by Index Recheck": 0, "Exact Heap Blocks": 313920, "Lossy Heap Blocks": 313920, "Plans": [{"Node Type": "Bitmap Index Scan", "Parent Relationship": "Outer", "Index Name": "idx_partsupp_suppkey", "Startup Cost": 0.0, "Total Cost": 1.56, "Plan Rows": 13, "Plan Width": 0, "Actual Startup Time": 64.013, "Actual Total Time": 64.013, "Actual Rows": 313920, "Actual Loops": 3924, "Index Cond": "(ps_suppkey = public.supplier.s_suppkey)"}]}]}]}]}, "Triggers": [], "Planner Runtime": 0, "Total Runtime": 2112.492, "Unique SQL Id": 2932834211}}, "(1, 23)": {"explain_plan": {"Plan": {"Node Type": "Sort", "Startup Cost": 2000084159245.82, "Total Cost": 2000084159380.27, "Plan Rows": 53780, "Plan Width": 40, "Sort Key": ["(sum((public.partsupp.ps_supplycost * (public.partsupp.ps_availqty)::double precision))) DESC"], "Plans": [{"Node Type": "Aggregate", "Strategy": "Plain", "Parent Relationship": "exec_init_plan", "Subplan Name": "InitPlan 1 (returns $2)", "Startup Cost": 1000001001502.42, "Total Cost": 1000001001502.43, "Plan Rows": 1, "Plan Width": 24, "Plans": [{"Node Type": "Nested Loop", "Parent Relationship": "Outer", "Join Type": "Inner", "Startup Cost": 10000000001.83, "Total Cost": 1000001001099.07, "Plan Rows": 53780, "Plan Width": 16, "Inner Unique": false, "Plans": [{"Node Type": "Nested Loop", "Parent Relationship": "Outer", "Join Type": "Inner", "Startup Cost": 10000000000.26, "Total Cost": 1000000961737.38, "Plan Rows": 4000, "Plan Width": 8, "Inner Unique": true, "Plans": [{"Node Type": "Index Scan", "Parent Relationship": "Outer", "Scan Direction": "Forward", "Index Name": "supplier_pkey", "Relation Name": "supplier", "Alias": "supplier", "Startup Cost": 10000000000.0, "Total Cost": 1000000533454.38, "Plan Rows": 100000, "Plan Width": 12}, {"Node Type": "Bitmap Heap Scan", "Parent Relationship": "Inner", "Relation Name": "nation", "Alias": "nation", "Startup Cost": 0.26, "Total Cost": 4.27, "Plan Rows": 1, "Plan Width": 4, "Recheck Cond": "(n_nationkey = public.supplier.s_nationkey)", "Filter": "(n_name = 'MOZAMBIQUE'::bpchar)", "Plans": [{"Node Type": "Bitmap Index Scan", "Parent Relationship": "Outer", "Index Name": "nation_pkey", "Startup Cost": 0.0, "Total Cost": 0.26, "Plan Rows": 1, "Plan Width": 0, "Index Cond": "(n_nationkey = public.supplier.s_nationkey)"}]}]}, {"Node Type": "Bitmap Heap Scan", "Parent Relationship": "Inner", "Relation Name": "partsupp", "Alias": "partsupp", "Startup Cost": 1.57, "Total Cost": 9.71, "Plan Rows": 13, "Plan Width": 24, "Recheck Cond": "(ps_suppkey = public.supplier.s_suppkey)", "Plans": [{"Node Type": "Bitmap Index Scan", "Parent Relationship": "Outer", "Index Name": "idx_partsupp_suppkey", "Startup Cost": 0.0, "Total Cost": 1.56, "Plan Rows": 13, "Plan Width": 0, "Index Cond": "(ps_suppkey = public.supplier.s_suppkey)"}]}]}]}, {"Node Type": "Aggregate", "Strategy": "Sorted", "Parent Relationship": "Outer", "Startup Cost": 10000000000.52, "Total Cost": 1000083153517.69, "Plan Rows": 53780, "Plan Width": 40, "Group By Key": ["public.partsupp.ps_partkey"], "Filter": "(sum((public.partsupp.ps_supplycost * (public.partsupp.ps_availqty)::double precision)) > $2)", "Plans": [{"Node Type": "Nested Loop", "Parent Relationship": "Outer", "Join Type": "Inner", "Startup Cost": 10000000000.52, "Total Cost": 1000083151904.29, "Plan Rows": 53780, "Plan Width": 24, "Inner Unique": true, "Plans": [{"Node Type": "Nested Loop", "Parent Relationship": "Outer", "Join Type": "Inner", "Startup Cost": 10000000000.26, "Total Cost": 1000077393643.64, "Plan Rows": 1344499, "Plan Width": 28, "Inner Unique": true, "Plans": [{"Node Type": "Index Scan", "Parent Relationship": "Outer", "Scan Direction": "Forward", "Index Name": "idx_partsupp_partkey", "Relation Name": "partsupp", "Alias": "partsupp", "Startup Cost": 10000000000.0, "Total Cost": 1000043148503.38, "Plan Rows": 8000372, "Plan Width": 32}, {"Node Type": "Bitmap Heap Scan", "Parent Relationship": "Inner", "Relation Name": "supplier", "Alias": "supplier", "Startup Cost": 0.26, "Total Cost": 4.27, "Plan Rows": 1, "Plan Width": 12, "Recheck Cond": "(s_suppkey = public.partsupp.ps_suppkey)", "Plans": [{"Node Type": "Bitmap Index Scan", "Parent Relationship": "Outer", "Index Name": "supplier_pkey", "Startup Cost": 0.0, "Total Cost": 0.26, "Plan Rows": 1, "Plan Width": 0, "Index Cond": "(s_suppkey = public.partsupp.ps_suppkey)"}]}]}, {"Node Type": "Bitmap Heap Scan", "Parent Relationship": "Inner", "Relation Name": "nation", "Alias": "nation", "Startup Cost": 0.26, "Total Cost": 4.27, "Plan Rows": 1, "Plan Width": 4, "Recheck Cond": "(n_nationkey = public.supplier.s_nationkey)", "Filter": "(n_name = 'MOZAMBIQUE'::bpchar)", "Plans": [{"Node Type": "Bitmap Index Scan", "Parent Relationship": "Outer", "Index Name": "nation_pkey", "Startup Cost": 0.0, "Total Cost": 0.26, "Plan Rows": 1, "Plan Width": 0, "Index Cond": "(n_nationkey = public.supplier.s_nationkey)"}]}]}]}]}, "Unique SQL Id": 2932834211, "Planner Runtime": 1}, "explain_analyze_plan": null}, "(1, 24)": {"explain_plan": {"Plan": {"Node Type": "Sort", "Startup Cost": 90959.03, "Total Cost": 91093.48, "Plan Rows": 53780, "Plan Width": 24, "Sort Key": ["(sum((public.partsupp.ps_supplycost * (public.partsupp.ps_availqty)::double precision))) DESC"], "Plans": [{"Node Type": "Aggregate", "Strategy": "Plain", "Parent Relationship": "exec_init_plan", "Subplan Name": "InitPlan 1 (returns $1)", "Startup Cost": 42761.63, "Total Cost": 42761.64, "Plan Rows": 1, "Plan Width": 24, "Plans": [{"Node Type": "Nested Loop", "Parent Relationship": "Outer", "Join Type": "Inner", "Startup Cost": 0.0, "Total Cost": 42358.28, "Plan Rows": 53780, "Plan Width": 16, "Inner Unique": false, "Plans": [{"Node Type": "Nested Loop", "Parent Relationship": "Outer", "Join Type": "Inner", "Startup Cost": 0.0, "Total Cost": 4534.31, "Plan Rows": 4000, "Plan Width": 8, "Inner Unique": false, "Join Filter": "(public.supplier.s_nationkey = public.nation.n_nationkey)", "Plans": [{"Node Type": "Seq Scan", "Parent Relationship": "Outer", "Relation Name": "nation", "Alias": "nation", "Startup Cost": 0.0, "Total Cost": 1.31, "Plan Rows": 1, "Plan Width": 4, "Filter": "(n_name = 'MOZAMBIQUE'::bpchar)"}, {"Node Type": "Seq Scan", "Parent Relationship": "Inner", "Relation Name": "supplier", "Alias": "supplier", "Startup Cost": 0.0, "Total Cost": 3283.0, "Plan Rows": 100000, "Plan Width": 12}]}, {"Node Type": "Index Scan", "Parent Relationship": "Inner", "Scan Direction": "Forward", "Index Name": "idx_partsupp_suppkey", "Relation Name": "partsupp", "Alias": "partsupp", "Startup Cost": 0.0, "Total Cost": 9.33, "Plan Rows": 13, "Plan Width": 24, "Index Cond": "(ps_suppkey = public.supplier.s_suppkey)"}]}]}, {"Node Type": "Aggregate", "Strategy": "Hashed", "Parent Relationship": "Outer", "Startup Cost": 43299.43, "Total Cost": 43971.68, "Plan Rows": 53780, "Plan Width": 24, "Group By Key": ["public.partsupp.ps_partkey"], "Filter": "(sum((public.partsupp.ps_supplycost * (public.partsupp.ps_availqty)::double precision)) > $1)", "Plans": [{"Node Type": "Nested Loop", "Parent Relationship": "Outer", "Join Type": "Inner", "Startup Cost": 0.0, "Total Cost": 42358.28, "Plan Rows": 53780, "Plan Width": 24, "Inner Unique": false, "Plans": [{"Node Type": "Nested Loop", "Parent Relationship": "Outer", "Join Type": "Inner", "Startup Cost": 0.0, "Total Cost": 4534.31, "Plan Rows": 4000, "Plan Width": 8, "Inner Unique": false, "Join Filter": "(public.supplier.s_nationkey = public.nation.n_nationkey)", "Plans": [{"Node Type": "Seq Scan", "Parent Relationship": "Outer", "Relation Name": "nation", "Alias": "nation", "Startup Cost": 0.0, "Total Cost": 1.31, "Plan Rows": 1, "Plan Width": 4, "Filter": "(n_name = 'MOZAMBIQUE'::bpchar)"}, {"Node Type": "Seq Scan", "Parent Relationship": "Inner", "Relation Name": "supplier", "Alias": "supplier", "Startup Cost": 0.0, "Total Cost": 3283.0, "Plan Rows": 100000, "Plan Width": 12}]}, {"Node Type": "Index Scan", "Parent Relationship": "Inner", "Scan Direction": "Forward", "Index Name": "idx_partsupp_suppkey", "Relation Name": "partsupp", "Alias": "partsupp", "Startup Cost": 0.0, "Total Cost": 9.33, "Plan Rows": 13, "Plan Width": 32, "Index Cond": "(ps_suppkey = public.supplier.s_suppkey)"}]}]}]}, "Unique SQL Id": 2932834211, "Planner Runtime": 1}, "explain_analyze_plan": {"Plan": {"Node Type": "Sort", "Startup Cost": 90959.03, "Total Cost": 91093.48, "Plan Rows": 53780, "Plan Width": 24, "Actual Startup Time": 1901.787, "Actual Total Time": 1901.787, "Actual Rows": 0, "Actual Loops": 1, "Sort Key": ["(sum((public.partsupp.ps_supplycost * (public.partsupp.ps_availqty)::double precision))) DESC"], "Sort Method": "quicksort", "Sort Space Used": 25, "Sort Space Type": "Memory", "Plans": [{"Node Type": "Aggregate", "Strategy": "Plain", "Parent Relationship": "exec_init_plan", "Subplan Name": "InitPlan 1 (returns $1)", "Startup Cost": 42761.63, "Total Cost": 42761.64, "Plan Rows": 1, "Plan Width": 24, "Actual Startup Time": 781.076, "Actual Total Time": 781.077, "Actual Rows": 1, "Actual Loops": 1, "Plans": [{"Node Type": "Nested Loop", "Parent Relationship": "Outer", "Join Type": "Inner", "Startup Cost": 0.0, "Total Cost": 42358.28, "Plan Rows": 53780, "Plan Width": 16, "Actual Startup Time": 0.079, "Actual Total Time": 645.841, "Actual Rows": 313920, "Actual Loops": 1, "Inner Unique": false, "Plans": [{"Node Type": "Nested Loop", "Parent Relationship": "Outer", "Join Type": "Inner", "Startup Cost": 0.0, "Total Cost": 4534.31, "Plan Rows": 4000, "Plan Width": 8, "Actual Startup Time": 0.058, "Actual Total Time": 51.134, "Actual Rows": 3924, "Actual Loops": 1, "Inner Unique": false, "Join Filter": "(public.supplier.s_nationkey = public.nation.n_nationkey)", "Rows Removed by Join Filter": 96076, "Plans": [{"Node Type": "Seq Scan", "Parent Relationship": "Outer", "Relation Name": "nation", "Alias": "nation", "Startup Cost": 0.0, "Total Cost": 1.31, "Plan Rows": 1, "Plan Width": 4, "Actual Startup Time": 0.021, "Actual Total Time": 0.028, "Actual Rows": 1, "Actual Loops": 1, "Filter": "(n_name = 'MOZAMBIQUE'::bpchar)", "Rows Removed by Filter": 24}, {"Node Type": "Seq Scan", "Parent Relationship": "Inner", "Relation Name": "supplier", "Alias": "supplier", "Startup Cost": 0.0, "Total Cost": 3283.0, "Plan Rows": 100000, "Plan Width": 12, "Actual Startup Time": 0.013, "Actual Total Time": 27.601, "Actual Rows": 100000, "Actual Loops": 1}]}, {"Node Type": "Index Scan", "Parent Relationship": "Inner", "Scan Direction": "Forward", "Index Name": "idx_partsupp_suppkey", "Relation Name": "partsupp", "Alias": "partsupp", "Startup Cost": 0.0, "Total Cost": 9.33, "Plan Rows": 13, "Plan Width": 24, "Actual Startup Time": 43.676, "Actual Total Time": 527.173, "Actual Rows": 313920, "Actual Loops": 3924, "Index Cond": "(ps_suppkey = public.supplier.s_suppkey)", "Rows Removed by Index Recheck": 0}]}]}, {"Node Type": "Aggregate", "Strategy": "Hashed", "Parent Relationship": "Outer", "Startup Cost": 43299.43, "Total Cost": 43971.68, "Plan Rows": 53780, "Plan Width": 24, "Actual Startup Time": 1901.38, "Actual Total Time": 1901.38, "Actual Rows": 0, "Actual Loops": 1, "Group By Key": ["public.partsupp.ps_partkey"], "Filter": "(sum((public.partsupp.ps_supplycost * (public.partsupp.ps_availqty)::double precision)) > $1)", "Rows Removed by Filter": 295792, "Plans": [{"Node Type": "Nested Loop", "Parent Relationship": "Outer", "Join Type": "Inner", "Startup Cost": 0.0, "Total Cost": 42358.28, "Plan Rows": 53780, "Plan Width": 24, "Actual Startup Time": 0.083, "Actual Total Time": 724.307, "Actual Rows": 313920, "Actual Loops": 1, "Inner Unique": false, "Plans": [{"Node Type": "Nested Loop", "Parent Relationship": "Outer", "Join Type": "Inner", "Startup Cost": 0.0, "Total Cost": 4534.31, "Plan Rows": 4000, "Plan Width": 8, "Actual Startup Time": 0.057, "Actual Total Time": 52.925, "Actual Rows": 3924, "Actual Loops": 1, "Inner Unique": false, "Join Filter": "(public.supplier.s_nationkey = public.nation.n_nationkey)", "Rows Removed by Join Filter": 96076, "Plans": [{"Node Type": "Seq Scan", "Parent Relationship": "Outer", "Relation Name": "nation", "Alias": "nation", "Startup Cost": 0.0, "Total Cost": 1.31, "Plan Rows": 1, "Plan Width": 4, "Actual Startup Time": 0.029, "Actual Total Time": 0.037, "Actual Rows": 1, "Actual Loops": 1, "Filter": "(n_name = 'MOZAMBIQUE'::bpchar)", "Rows Removed by Filter": 24}, {"Node Type": "Seq Scan", "Parent Relationship": "Inner", "Relation Name": "supplier", "Alias": "supplier", "Startup Cost": 0.0, "Total Cost": 3283.0, "Plan Rows": 100000, "Plan Width": 12, "Actual Startup Time": 0.01, "Actual Total Time": 29.091, "Actual Rows": 100000, "Actual Loops": 1}]}, {"Node Type": "Index Scan", "Parent Relationship": "Inner", "Scan Direction": "Forward", "Index Name": "idx_partsupp_suppkey", "Relation Name": "partsupp", "Alias": "partsupp", "Startup Cost": 0.0, "Total Cost": 9.33, "Plan Rows": 13, "Plan Width": 32, "Actual Startup Time": 47.997, "Actual Total Time": 598.957, "Actual Rows": 313920, "Actual Loops": 3924, "Index Cond": "(ps_suppkey = public.supplier.s_suppkey)", "Rows Removed by Index Recheck": 0}]}]}]}, "Triggers": [], "Planner Runtime": 0, "Total Runtime": 1902.054, "Unique SQL Id": 2932834211}}, "(1, 25)": {"explain_plan": {"Plan": {"Node Type": "Sort", "Startup Cost": 95084.87, "Total Cost": 95219.32, "Plan Rows": 53780, "Plan Width": 24, "Sort Key": ["(sum((public.partsupp.ps_supplycost * (public.partsupp.ps_availqty)::double precision))) DESC"], "Plans": [{"Node Type": "Aggregate", "Strategy": "Plain", "Parent Relationship": "exec_init_plan", "Subplan Name": "InitPlan 1 (returns $1)", "Startup Cost": 44824.55, "Total Cost": 44824.56, "Plan Rows": 1, "Plan Width": 24, "Plans": [{"Node Type": "Nested Loop", "Parent Relationship": "Outer", "Join Type": "Inner", "Startup Cost": 0.0, "Total Cost": 44421.2, "Plan Rows": 53780, "Plan Width": 16, "Inner Unique": false, "Plans": [{"Node Type": "Nested Loop", "Parent Relationship": "Outer", "Join Type": "Inner", "Startup Cost": 0.0, "Total Cost": 6597.23, "Plan Rows": 4000, "Plan Width": 8, "Inner Unique": false, "Join Filter": "(public.supplier.s_nationkey = public.nation.n_nationkey)", "Plans": [{"Node Type": "Index Scan", "Parent Relationship": "Outer", "Scan Direction": "Forward", "Index Name": "nation_pkey", "Relation Name": "nation", "Alias": "nation", "Startup Cost": 0.0, "Total Cost": 12.69, "Plan Rows": 1, "Plan Width": 4, "Filter": "(n_name = 'MOZAMBIQUE'::bpchar)"}, {"Node Type": "Index Scan", "Parent Relationship": "Inner", "Scan Direction": "Forward", "Index Name": "supplier_pkey", "Relation Name": "supplier", "Alias": "supplier", "Startup Cost": 0.0, "Total Cost": 5334.54, "Plan Rows": 100000, "Plan Width": 12}]}, {"Node Type": "Index Scan", "Parent Relationship": "Inner", "Scan Direction": "Forward", "Index Name": "idx_partsupp_suppkey", "Relation Name": "partsupp", "Alias": "partsupp", "Startup Cost": 0.0, "Total Cost": 9.33, "Plan Rows": 13, "Plan Width": 24, "Index Cond": "(ps_suppkey = public.supplier.s_suppkey)"}]}]}, {"Node Type": "Aggregate", "Strategy": "Hashed", "Parent Relationship": "Outer", "Startup Cost": 45362.35, "Total Cost": 46034.6, "Plan Rows": 53780, "Plan Width": 24, "Group By Key": ["public.partsupp.ps_partkey"], "Filter": "(sum((public.partsupp.ps_supplycost * (public.partsupp.ps_availqty)::double precision)) > $1)", "Plans": [{"Node Type": "Nested Loop", "Parent Relationship": "Outer", "Join Type": "Inner", "Startup Cost": 0.0, "Total Cost": 44421.2, "Plan Rows": 53780, "Plan Width": 24, "Inner Unique": false, "Plans": [{"Node Type": "Nested Loop", "Parent Relationship": "Outer", "Join Type": "Inner", "Startup Cost": 0.0, "Total Cost": 6597.23, "Plan Rows": 4000, "Plan Width": 8, "Inner Unique": false, "Join Filter": "(public.supplier.s_nationkey = public.nation.n_nationkey)", "Plans": [{"Node Type": "Index Scan", "Parent Relationship": "Outer", "Scan Direction": "Forward", "Index Name": "nation_pkey", "Relation Name": "nation", "Alias": "nation", "Startup Cost": 0.0, "Total Cost": 12.69, "Plan Rows": 1, "Plan Width": 4, "Filter": "(n_name = 'MOZAMBIQUE'::bpchar)"}, {"Node Type": "Index Scan", "Parent Relationship": "Inner", "Scan Direction": "Forward", "Index Name": "supplier_pkey", "Relation Name": "supplier", "Alias": "supplier", "Startup Cost": 0.0, "Total Cost": 5334.54, "Plan Rows": 100000, "Plan Width": 12}]}, {"Node Type": "Index Scan", "Parent Relationship": "Inner", "Scan Direction": "Forward", "Index Name": "idx_partsupp_suppkey", "Relation Name": "partsupp", "Alias": "partsupp", "Startup Cost": 0.0, "Total Cost": 9.33, "Plan Rows": 13, "Plan Width": 32, "Index Cond": "(ps_suppkey = public.supplier.s_suppkey)"}]}]}]}, "Unique SQL Id": 2932834211, "Planner Runtime": 1}, "explain_analyze_plan": {"Plan": {"Node Type": "Sort", "Startup Cost": 95084.87, "Total Cost": 95219.32, "Plan Rows": 53780, "Plan Width": 24, "Actual Startup Time": 2162.535, "Actual Total Time": 2162.535, "Actual Rows": 0, "Actual Loops": 1, "Sort Key": ["(sum((public.partsupp.ps_supplycost * (public.partsupp.ps_availqty)::double precision))) DESC"], "Sort Method": "quicksort", "Sort Space Used": 25, "Sort Space Type": "Memory", "Plans": [{"Node Type": "Aggregate", "Strategy": "Plain", "Parent Relationship": "exec_init_plan", "Subplan Name": "InitPlan 1 (returns $1)", "Startup Cost": 44824.55, "Total Cost": 44824.56, "Plan Rows": 1, "Plan Width": 24, "Actual Startup Time": 949.076, "Actual Total Time": 949.076, "Actual Rows": 1, "Actual Loops": 1, "Plans": [{"Node Type": "Nested Loop", "Parent Relationship": "Outer", "Join Type": "Inner", "Startup Cost": 0.0, "Total Cost": 44421.2, "Plan Rows": 53780, "Plan Width": 16, "Actual Startup Time": 0.086, "Actual Total Time": 814.338, "Actual Rows": 313920, "Actual Loops": 1, "Inner Unique": false, "Plans": [{"Node Type": "Nested Loop", "Parent Relationship": "Outer", "Join Type": "Inner", "Startup Cost": 0.0, "Total Cost": 6597.23, "Plan Rows": 4000, "Plan Width": 8, "Actual Startup Time": 0.069, "Actual Total Time": 88.722, "Actual Rows": 3924, "Actual Loops": 1, "Inner Unique": false, "Join Filter": "(public.supplier.s_nationkey = public.nation.n_nationkey)", "Rows Removed by Join Filter": 96076, "Plans": [{"Node Type": "Index Scan", "Parent Relationship": "Outer", "Scan Direction": "Forward", "Index Name": "nation_pkey", "Relation Name": "nation", "Alias": "nation", "Startup Cost": 0.0, "Total Cost": 12.69, "Plan Rows": 1, "Plan Width": 4, "Actual Startup Time": 0.028, "Actual Total Time": 0.043, "Actual Rows": 1, "Actual Loops": 1, "Filter": "(n_name = 'MOZAMBIQUE'::bpchar)", "Rows Removed by Filter": 24}, {"Node Type": "Index Scan", "Parent Relationship": "Inner", "Scan Direction": "Forward", "Index Name": "supplier_pkey", "Relation Name": "supplier", "Alias": "supplier", "Startup Cost": 0.0, "Total Cost": 5334.54, "Plan Rows": 100000, "Plan Width": 12, "Actual Startup Time": 0.023, "Actual Total Time": 65.141, "Actual Rows": 100000, "Actual Loops": 1}]}, {"Node Type": "Index Scan", "Parent Relationship": "Inner", "Scan Direction": "Forward", "Index Name": "idx_partsupp_suppkey", "Relation Name": "partsupp", "Alias": "partsupp", "Startup Cost": 0.0, "Total Cost": 9.33, "Plan Rows": 13, "Plan Width": 24, "Actual Startup Time": 50.675, "Actual Total Time": 658.309, "Actual Rows": 313920, "Actual Loops": 3924, "Index Cond": "(ps_suppkey = public.supplier.s_suppkey)", "Rows Removed by Index Recheck": 0}]}]}, {"Node Type": "Aggregate", "Strategy": "Hashed", "Parent Relationship": "Outer", "Startup Cost": 45362.35, "Total Cost": 46034.6, "Plan Rows": 53780, "Plan Width": 24, "Actual Startup Time": 2162.027, "Actual Total Time": 2162.027, "Actual Rows": 0, "Actual Loops": 1, "Group By Key": ["public.partsupp.ps_partkey"], "Filter": "(sum((public.partsupp.ps_supplycost * (public.partsupp.ps_availqty)::double precision)) > $1)", "Rows Removed by Filter": 295792, "Plans": [{"Node Type": "Nested Loop", "Parent Relationship": "Outer", "Join Type": "Inner", "Startup Cost": 0.0, "Total Cost": 44421.2, "Plan Rows": 53780, "Plan Width": 24, "Actual Startup Time": 0.087, "Actual Total Time": 782.455, "Actual Rows": 313920, "Actual Loops": 1, "Inner Unique": false, "Plans": [{"Node Type": "Nested Loop", "Parent Relationship": "Outer", "Join Type": "Inner", "Startup Cost": 0.0, "Total Cost": 6597.23, "Plan Rows": 4000, "Plan Width": 8, "Actual Startup Time": 0.069, "Actual Total Time": 85.458, "Actual Rows": 3924, "Actual Loops": 1, "Inner Unique": false, "Join Filter": "(public.supplier.s_nationkey = public.nation.n_nationkey)", "Rows Removed by Join Filter": 96076, "Plans": [{"Node Type": "Index Scan", "Parent Relationship": "Outer", "Scan Direction": "Forward", "Index Name": "nation_pkey", "Relation Name": "nation", "Alias": "nation", "Startup Cost": 0.0, "Total Cost": 12.69, "Plan Rows": 1, "Plan Width": 4, "Actual Startup Time": 0.031, "Actual Total Time": 0.043, "Actual Rows": 1, "Actual Loops": 1, "Filter": "(n_name = 'MOZAMBIQUE'::bpchar)", "Rows Removed by Filter": 24}, {"Node Type": "Index Scan", "Parent Relationship": "Inner", "Scan Direction": "Forward", "Index Name": "supplier_pkey", "Relation Name": "supplier", "Alias": "supplier", "Startup Cost": 0.0, "Total Cost": 5334.54, "Plan Rows": 100000, "Plan Width": 12, "Actual Startup Time": 0.017, "Actual Total Time": 61.468, "Actual Rows": 100000, "Actual Loops": 1}]}, {"Node Type": "Index Scan", "Parent Relationship": "Inner", "Scan Direction": "Forward", "Index Name": "idx_partsupp_suppkey", "Relation Name": "partsupp", "Alias": "partsupp", "Startup Cost": 0.0, "Total Cost": 9.33, "Plan Rows": 13, "Plan Width": 32, "Actual Startup Time": 48.514, "Actual Total Time": 624.878, "Actual Rows": 313920, "Actual Loops": 3924, "Index Cond": "(ps_suppkey = public.supplier.s_suppkey)", "Rows Removed by Index Recheck": 0}]}]}]}, "Triggers": [], "Planner Runtime": 0, "Total Runtime": 2162.804, "Unique SQL Id": 2932834211}}, "(1, 26)": {"explain_plan": {"Plan": {"Node Type": "Sort", "Startup Cost": 2471496.64, "Total Cost": 2471631.09, "Plan Rows": 53780, "Plan Width": 24, "Sort Key": ["(sum((public.partsupp.ps_supplycost * (public.partsupp.ps_availqty)::double precision))) DESC"], "Plans": [{"Node Type": "Aggregate", "Strategy": "Plain", "Parent Relationship": "exec_init_plan", "Subplan Name": "InitPlan 1 (returns $0)", "Startup Cost": 1233030.44, "Total Cost": 1233030.45, "Plan Rows": 1, "Plan Width": 24, "Plans": [{"Node Type": "Merge Join", "Parent Relationship": "Outer", "Join Type": "Inner", "Startup Cost": 1192069.85, "Total Cost": 1232627.09, "Plan Rows": 53780, "Plan Width": 16, "Inner Unique": false, "Merge Cond": "(public.supplier.s_suppkey = public.partsupp.ps_suppkey)", "Plans": [{"Node Type": "Sort", "Parent Relationship": "Outer", "Startup Cost": 4773.63, "Total Cost": 4783.63, "Plan Rows": 4000, "Plan Width": 8, "Sort Key": ["public.supplier.s_suppkey"], "Plans": [{"Node Type": "Nested Loop", "Parent Relationship": "Outer", "Join Type": "Inner", "Startup Cost": 0.0, "Total Cost": 4534.31, "Plan Rows": 4000, "Plan Width": 8, "Inner Unique": false, "Join Filter": "(public.supplier.s_nationkey = public.nation.n_nationkey)", "Plans": [{"Node Type": "Seq Scan", "Parent Relationship": "Outer", "Relation Name": "nation", "Alias": "nation", "Startup Cost": 0.0, "Total Cost": 1.31, "Plan Rows": 1, "Plan Width": 4, "Filter": "(n_name = 'MOZAMBIQUE'::bpchar)"}, {"Node Type": "Seq Scan", "Parent Relationship": "Inner", "Relation Name": "supplier", "Alias": "supplier", "Startup Cost": 0.0, "Total Cost": 3283.0, "Plan Rows": 100000, "Plan Width": 12}]}]}, {"Node Type": "Sort", "Parent Relationship": "Inner", "Startup Cost": 1187295.8, "Total Cost": 1207296.73, "Plan Rows": 8000372, "Plan Width": 24, "Sort Key": ["public.partsupp.ps_suppkey"], "Plans": [{"Node Type": "Seq Scan", "Parent Relationship": "Outer", "Relation Name": "partsupp", "Alias": "partsupp", "Startup Cost": 0.0, "Total Cost": 269987.72, "Plan Rows": 8000372, "Plan Width": 24}]}]}]}, {"Node Type": "Aggregate", "Strategy": "Hashed", "Parent Relationship": "Outer", "Startup Cost": 1233568.24, "Total Cost": 1234240.49, "Plan Rows": 53780, "Plan Width": 24, "Group By Key": ["public.partsupp.ps_partkey"], "Filter": "(sum((public.partsupp.ps_supplycost * (public.partsupp.ps_availqty)::double precision)) > $0)", "Plans": [{"Node Type": "Merge Join", "Parent Relationship": "Outer", "Join Type": "Inner", "Startup Cost": 1192069.85, "Total Cost": 1232627.09, "Plan Rows": 53780, "Plan Width": 24, "Inner Unique": false, "Merge Cond": "(public.supplier.s_suppkey = public.partsupp.ps_suppkey)", "Plans": [{"Node Type": "Sort", "Parent Relationship": "Outer", "Startup Cost": 4773.63, "Total Cost": 4783.63, "Plan Rows": 4000, "Plan Width": 8, "Sort Key": ["public.supplier.s_suppkey"], "Plans": [{"Node Type": "Nested Loop", "Parent Relationship": "Outer", "Join Type": "Inner", "Startup Cost": 0.0, "Total Cost": 4534.31, "Plan Rows": 4000, "Plan Width": 8, "Inner Unique": false, "Join Filter": "(public.supplier.s_nationkey = public.nation.n_nationkey)", "Plans": [{"Node Type": "Seq Scan", "Parent Relationship": "Outer", "Relation Name": "nation", "Alias": "nation", "Startup Cost": 0.0, "Total Cost": 1.31, "Plan Rows": 1, "Plan Width": 4, "Filter": "(n_name = 'MOZAMBIQUE'::bpchar)"}, {"Node Type": "Seq Scan", "Parent Relationship": "Inner", "Relation Name": "supplier", "Alias": "supplier", "Startup Cost": 0.0, "Total Cost": 3283.0, "Plan Rows": 100000, "Plan Width": 12}]}]}, {"Node Type": "Sort", "Parent Relationship": "Inner", "Startup Cost": 1187295.8, "Total Cost": 1207296.73, "Plan Rows": 8000372, "Plan Width": 32, "Sort Key": ["public.partsupp.ps_suppkey"], "Plans": [{"Node Type": "Seq Scan", "Parent Relationship": "Outer", "Relation Name": "partsupp", "Alias": "partsupp", "Startup Cost": 0.0, "Total Cost": 269987.72, "Plan Rows": 8000372, "Plan Width": 32}]}]}]}]}, "Unique SQL Id": 2932834211, "Planner Runtime": 1}, "explain_analyze_plan": null}, "(1, 27)": {"explain_plan": {"Plan": {"Node Type": "Sort", "Startup Cost": 6001104432332.89, "Total Cost": 6001104432467.34, "Plan Rows": 53780, "Plan Width": 40, "Sort Key": ["(sum((public.partsupp.ps_supplycost * (public.partsupp.ps_availqty)::double precision))) DESC"], "Plans": [{"Node Type": "Aggregate", "Strategy": "Plain", "Parent Relationship": "exec_init_plan", "Subplan Name": "InitPlan 1 (returns $0)", "Startup Cost": 3000580719437.25, "Total Cost": 3000580719437.27, "Plan Rows": 1, "Plan Width": 24, "Plans": [{"Node Type": "Nested Loop", "Parent Relationship": "Outer", "Join Type": "Inner", "Startup Cost": 30000000000.0, "Total Cost": 3000580719033.9, "Plan Rows": 53780, "Plan Width": 16, "Inner Unique": false, "Join Filter": "(public.supplier.s_suppkey = public.partsupp.ps_suppkey)", "Plans": [{"Node Type": "Index Scan", "Parent Relationship": "Outer", "Scan Direction": "Forward", "Index Name": "idx_partsupp_suppkey", "Relation Name": "partsupp", "Alias": "partsupp", "Startup Cost": 10000000000.0, "Total Cost": 1000100160480.77, "Plan Rows": 8000372, "Plan Width": 24}, {"Node Type": "Materialize", "Parent Relationship": "Inner", "Startup Cost": 20000000000.0, "Total Cost": 2000000536243.13, "Plan Rows": 4000, "Plan Width": 8, "Plans": [{"Node Type": "Nested Loop", "Parent Relationship": "Outer", "Join Type": "Inner", "Startup Cost": 20000000000.0, "Total Cost": 2000000536223.13, "Plan Rows": 4000, "Plan Width": 8, "Inner Unique": true, "Join Filter": "(public.supplier.s_nationkey = public.nation.n_nationkey)", "Plans": [{"Node Type": "Index Scan", "Parent Relationship": "Outer", "Scan Direction": "Forward", "Index Name": "supplier_pkey", "Relation Name": "supplier", "Alias": "supplier", "Startup Cost": 10000000000.0, "Total Cost": 1000000533454.38, "Plan Rows": 100000, "Plan Width": 12}, {"Node Type": "Materialize", "Parent Relationship": "Inner", "Startup Cost": 10000000000.0, "Total Cost": 1000000001268.76, "Plan Rows": 1, "Plan Width": 4, "Plans": [{"Node Type": "Index Scan", "Parent Relationship": "Outer", "Scan Direction": "Forward", "Index Name": "nation_pkey", "Relation Name": "nation", "Alias": "nation", "Startup Cost": 10000000000.0, "Total Cost": 1000000001268.75, "Plan Rows": 1, "Plan Width": 4, "Filter": "(n_name = 'MOZAMBIQUE'::bpchar)"}]}]}]}]}]}, {"Node Type": "Aggregate", "Strategy": "Sorted", "Parent Relationship": "Outer", "Startup Cost": 30000000000.0, "Total Cost": 3000523708669.92, "Plan Rows": 53780, "Plan Width": 40, "Group By Key": ["public.partsupp.ps_partkey"], "Filter": "(sum((public.partsupp.ps_supplycost * (public.partsupp.ps_availqty)::double precision)) > $0)", "Plans": [{"Node Type": "Nested Loop", "Parent Relationship": "Outer", "Join Type": "Inner", "Startup Cost": 30000000000.0, "Total Cost": 3000523707056.51, "Plan Rows": 53780, "Plan Width": 24, "Inner Unique": false, "Join Filter": "(public.supplier.s_suppkey = public.partsupp.ps_suppkey)", "Plans": [{"Node Type": "Index Scan", "Parent Relationship": "Outer", "Scan Direction": "Forward", "Index Name": "idx_partsupp_partkey", "Relation Name": "partsupp", "Alias": "partsupp", "Startup Cost": 10000000000.0, "Total Cost": 1000043148503.38, "Plan Rows": 8000372, "Plan Width": 32}, {"Node Type": "Materialize", "Parent Relationship": "Inner", "Startup Cost": 20000000000.0, "Total Cost": 2000000536243.13, "Plan Rows": 4000, "Plan Width": 8, "Plans": [{"Node Type": "Nested Loop", "Parent Relationship": "Outer", "Join Type": "Inner", "Startup Cost": 20000000000.0, "Total Cost": 2000000536223.13, "Plan Rows": 4000, "Plan Width": 8, "Inner Unique": true, "Join Filter": "(public.supplier.s_nationkey = public.nation.n_nationkey)", "Plans": [{"Node Type": "Index Scan", "Parent Relationship": "Outer", "Scan Direction": "Forward", "Index Name": "supplier_pkey", "Relation Name": "supplier", "Alias": "supplier", "Startup Cost": 10000000000.0, "Total Cost": 1000000533454.38, "Plan Rows": 100000, "Plan Width": 12}, {"Node Type": "Materialize", "Parent Relationship": "Inner", "Startup Cost": 10000000000.0, "Total Cost": 1000000001268.76, "Plan Rows": 1, "Plan Width": 4, "Plans": [{"Node Type": "Index Scan", "Parent Relationship": "Outer", "Scan Direction": "Forward", "Index Name": "nation_pkey", "Relation Name": "nation", "Alias": "nation", "Startup Cost": 10000000000.0, "Total Cost": 1000000001268.75, "Plan Rows": 1, "Plan Width": 4, "Filter": "(n_name = 'MOZAMBIQUE'::bpchar)"}]}]}]}]}]}]}, "Unique SQL Id": 2932834211, "Planner Runtime": 1}, "explain_analyze_plan": null}, "(1, 28)": {"explain_plan": {"Plan": {"Node Type": "Sort", "Startup Cost": 90959.03, "Total Cost": 91093.48, "Plan Rows": 53780, "Plan Width": 24, "Sort Key": ["(sum((public.partsupp.ps_supplycost * (public.partsupp.ps_availqty)::double precision))) DESC"], "Plans": [{"Node Type": "Aggregate", "Strategy": "Plain", "Parent Relationship": "exec_init_plan", "Subplan Name": "InitPlan 1 (returns $1)", "Startup Cost": 42761.63, "Total Cost": 42761.64, "Plan Rows": 1, "Plan Width": 24, "Plans": [{"Node Type": "Nested Loop", "Parent Relationship": "Outer", "Join Type": "Inner", "Startup Cost": 0.0, "Total Cost": 42358.28, "Plan Rows": 53780, "Plan Width": 16, "Inner Unique": false, "Plans": [{"Node Type": "Nested Loop", "Parent Relationship": "Outer", "Join Type": "Inner", "Startup Cost": 0.0, "Total Cost": 4534.31, "Plan Rows": 4000, "Plan Width": 8, "Inner Unique": false, "Join Filter": "(public.supplier.s_nationkey = public.nation.n_nationkey)", "Plans": [{"Node Type": "Seq Scan", "Parent Relationship": "Outer", "Relation Name": "nation", "Alias": "nation", "Startup Cost": 0.0, "Total Cost": 1.31, "Plan Rows": 1, "Plan Width": 4, "Filter": "(n_name = 'MOZAMBIQUE'::bpchar)"}, {"Node Type": "Seq Scan", "Parent Relationship": "Inner", "Relation Name": "supplier", "Alias": "supplier", "Startup Cost": 0.0, "Total Cost": 3283.0, "Plan Rows": 100000, "Plan Width": 12}]}, {"Node Type": "Index Scan", "Parent Relationship": "Inner", "Scan Direction": "Forward", "Index Name": "idx_partsupp_suppkey", "Relation Name": "partsupp", "Alias": "partsupp", "Startup Cost": 0.0, "Total Cost": 9.33, "Plan Rows": 13, "Plan Width": 24, "Index Cond": "(ps_suppkey = public.supplier.s_suppkey)"}]}]}, {"Node Type": "Aggregate", "Strategy": "Hashed", "Parent Relationship": "Outer", "Startup Cost": 43299.43, "Total Cost": 43971.68, "Plan Rows": 53780, "Plan Width": 24, "Group By Key": ["public.partsupp.ps_partkey"], "Filter": "(sum((public.partsupp.ps_supplycost * (public.partsupp.ps_availqty)::double precision)) > $1)", "Plans": [{"Node Type": "Nested Loop", "Parent Relationship": "Outer", "Join Type": "Inner", "Startup Cost": 0.0, "Total Cost": 42358.28, "Plan Rows": 53780, "Plan Width": 24, "Inner Unique": false, "Plans": [{"Node Type": "Nested Loop", "Parent Relationship": "Outer", "Join Type": "Inner", "Startup Cost": 0.0, "Total Cost": 4534.31, "Plan Rows": 4000, "Plan Width": 8, "Inner Unique": false, "Join Filter": "(public.supplier.s_nationkey = public.nation.n_nationkey)", "Plans": [{"Node Type": "Seq Scan", "Parent Relationship": "Outer", "Relation Name": "nation", "Alias": "nation", "Startup Cost": 0.0, "Total Cost": 1.31, "Plan Rows": 1, "Plan Width": 4, "Filter": "(n_name = 'MOZAMBIQUE'::bpchar)"}, {"Node Type": "Seq Scan", "Parent Relationship": "Inner", "Relation Name": "supplier", "Alias": "supplier", "Startup Cost": 0.0, "Total Cost": 3283.0, "Plan Rows": 100000, "Plan Width": 12}]}, {"Node Type": "Index Scan", "Parent Relationship": "Inner", "Scan Direction": "Forward", "Index Name": "idx_partsupp_suppkey", "Relation Name": "partsupp", "Alias": "partsupp", "Startup Cost": 0.0, "Total Cost": 9.33, "Plan Rows": 13, "Plan Width": 32, "Index Cond": "(ps_suppkey = public.supplier.s_suppkey)"}]}]}]}, "Unique SQL Id": 2932834211, "Planner Runtime": 1}, "explain_analyze_plan": {"Plan": {"Node Type": "Sort", "Startup Cost": 90959.03, "Total Cost": 91093.48, "Plan Rows": 53780, "Plan Width": 24, "Actual Startup Time": 1901.787, "Actual Total Time": 1901.787, "Actual Rows": 0, "Actual Loops": 1, "Sort Key": ["(sum((public.partsupp.ps_supplycost * (public.partsupp.ps_availqty)::double precision))) DESC"], "Sort Method": "quicksort", "Sort Space Used": 25, "Sort Space Type": "Memory", "Plans": [{"Node Type": "Aggregate", "Strategy": "Plain", "Parent Relationship": "exec_init_plan", "Subplan Name": "InitPlan 1 (returns $1)", "Startup Cost": 42761.63, "Total Cost": 42761.64, "Plan Rows": 1, "Plan Width": 24, "Actual Startup Time": 781.076, "Actual Total Time": 781.077, "Actual Rows": 1, "Actual Loops": 1, "Plans": [{"Node Type": "Nested Loop", "Parent Relationship": "Outer", "Join Type": "Inner", "Startup Cost": 0.0, "Total Cost": 42358.28, "Plan Rows": 53780, "Plan Width": 16, "Actual Startup Time": 0.079, "Actual Total Time": 645.841, "Actual Rows": 313920, "Actual Loops": 1, "Inner Unique": false, "Plans": [{"Node Type": "Nested Loop", "Parent Relationship": "Outer", "Join Type": "Inner", "Startup Cost": 0.0, "Total Cost": 4534.31, "Plan Rows": 4000, "Plan Width": 8, "Actual Startup Time": 0.058, "Actual Total Time": 51.134, "Actual Rows": 3924, "Actual Loops": 1, "Inner Unique": false, "Join Filter": "(public.supplier.s_nationkey = public.nation.n_nationkey)", "Rows Removed by Join Filter": 96076, "Plans": [{"Node Type": "Seq Scan", "Parent Relationship": "Outer", "Relation Name": "nation", "Alias": "nation", "Startup Cost": 0.0, "Total Cost": 1.31, "Plan Rows": 1, "Plan Width": 4, "Actual Startup Time": 0.021, "Actual Total Time": 0.028, "Actual Rows": 1, "Actual Loops": 1, "Filter": "(n_name = 'MOZAMBIQUE'::bpchar)", "Rows Removed by Filter": 24}, {"Node Type": "Seq Scan", "Parent Relationship": "Inner", "Relation Name": "supplier", "Alias": "supplier", "Startup Cost": 0.0, "Total Cost": 3283.0, "Plan Rows": 100000, "Plan Width": 12, "Actual Startup Time": 0.013, "Actual Total Time": 27.601, "Actual Rows": 100000, "Actual Loops": 1}]}, {"Node Type": "Index Scan", "Parent Relationship": "Inner", "Scan Direction": "Forward", "Index Name": "idx_partsupp_suppkey", "Relation Name": "partsupp", "Alias": "partsupp", "Startup Cost": 0.0, "Total Cost": 9.33, "Plan Rows": 13, "Plan Width": 24, "Actual Startup Time": 43.676, "Actual Total Time": 527.173, "Actual Rows": 313920, "Actual Loops": 3924, "Index Cond": "(ps_suppkey = public.supplier.s_suppkey)", "Rows Removed by Index Recheck": 0}]}]}, {"Node Type": "Aggregate", "Strategy": "Hashed", "Parent Relationship": "Outer", "Startup Cost": 43299.43, "Total Cost": 43971.68, "Plan Rows": 53780, "Plan Width": 24, "Actual Startup Time": 1901.38, "Actual Total Time": 1901.38, "Actual Rows": 0, "Actual Loops": 1, "Group By Key": ["public.partsupp.ps_partkey"], "Filter": "(sum((public.partsupp.ps_supplycost * (public.partsupp.ps_availqty)::double precision)) > $1)", "Rows Removed by Filter": 295792, "Plans": [{"Node Type": "Nested Loop", "Parent Relationship": "Outer", "Join Type": "Inner", "Startup Cost": 0.0, "Total Cost": 42358.28, "Plan Rows": 53780, "Plan Width": 24, "Actual Startup Time": 0.083, "Actual Total Time": 724.307, "Actual Rows": 313920, "Actual Loops": 1, "Inner Unique": false, "Plans": [{"Node Type": "Nested Loop", "Parent Relationship": "Outer", "Join Type": "Inner", "Startup Cost": 0.0, "Total Cost": 4534.31, "Plan Rows": 4000, "Plan Width": 8, "Actual Startup Time": 0.057, "Actual Total Time": 52.925, "Actual Rows": 3924, "Actual Loops": 1, "Inner Unique": false, "Join Filter": "(public.supplier.s_nationkey = public.nation.n_nationkey)", "Rows Removed by Join Filter": 96076, "Plans": [{"Node Type": "Seq Scan", "Parent Relationship": "Outer", "Relation Name": "nation", "Alias": "nation", "Startup Cost": 0.0, "Total Cost": 1.31, "Plan Rows": 1, "Plan Width": 4, "Actual Startup Time": 0.029, "Actual Total Time": 0.037, "Actual Rows": 1, "Actual Loops": 1, "Filter": "(n_name = 'MOZAMBIQUE'::bpchar)", "Rows Removed by Filter": 24}, {"Node Type": "Seq Scan", "Parent Relationship": "Inner", "Relation Name": "supplier", "Alias": "supplier", "Startup Cost": 0.0, "Total Cost": 3283.0, "Plan Rows": 100000, "Plan Width": 12, "Actual Startup Time": 0.01, "Actual Total Time": 29.091, "Actual Rows": 100000, "Actual Loops": 1}]}, {"Node Type": "Index Scan", "Parent Relationship": "Inner", "Scan Direction": "Forward", "Index Name": "idx_partsupp_suppkey", "Relation Name": "partsupp", "Alias": "partsupp", "Startup Cost": 0.0, "Total Cost": 9.33, "Plan Rows": 13, "Plan Width": 32, "Actual Startup Time": 47.997, "Actual Total Time": 598.957, "Actual Rows": 313920, "Actual Loops": 3924, "Index Cond": "(ps_suppkey = public.supplier.s_suppkey)", "Rows Removed by Index Recheck": 0}]}]}]}, "Triggers": [], "Planner Runtime": 0, "Total Runtime": 1902.054, "Unique SQL Id": 2932834211}}, "(1, 29)": {"explain_plan": {"Plan": {"Node Type": "Sort", "Startup Cost": 95084.87, "Total Cost": 95219.32, "Plan Rows": 53780, "Plan Width": 24, "Sort Key": ["(sum((public.partsupp.ps_supplycost * (public.partsupp.ps_availqty)::double precision))) DESC"], "Plans": [{"Node Type": "Aggregate", "Strategy": "Plain", "Parent Relationship": "exec_init_plan", "Subplan Name": "InitPlan 1 (returns $1)", "Startup Cost": 44824.55, "Total Cost": 44824.56, "Plan Rows": 1, "Plan Width": 24, "Plans": [{"Node Type": "Nested Loop", "Parent Relationship": "Outer", "Join Type": "Inner", "Startup Cost": 0.0, "Total Cost": 44421.2, "Plan Rows": 53780, "Plan Width": 16, "Inner Unique": false, "Plans": [{"Node Type": "Nested Loop", "Parent Relationship": "Outer", "Join Type": "Inner", "Startup Cost": 0.0, "Total Cost": 6597.23, "Plan Rows": 4000, "Plan Width": 8, "Inner Unique": false, "Join Filter": "(public.supplier.s_nationkey = public.nation.n_nationkey)", "Plans": [{"Node Type": "Index Scan", "Parent Relationship": "Outer", "Scan Direction": "Forward", "Index Name": "nation_pkey", "Relation Name": "nation", "Alias": "nation", "Startup Cost": 0.0, "Total Cost": 12.69, "Plan Rows": 1, "Plan Width": 4, "Filter": "(n_name = 'MOZAMBIQUE'::bpchar)"}, {"Node Type": "Index Scan", "Parent Relationship": "Inner", "Scan Direction": "Forward", "Index Name": "supplier_pkey", "Relation Name": "supplier", "Alias": "supplier", "Startup Cost": 0.0, "Total Cost": 5334.54, "Plan Rows": 100000, "Plan Width": 12}]}, {"Node Type": "Index Scan", "Parent Relationship": "Inner", "Scan Direction": "Forward", "Index Name": "idx_partsupp_suppkey", "Relation Name": "partsupp", "Alias": "partsupp", "Startup Cost": 0.0, "Total Cost": 9.33, "Plan Rows": 13, "Plan Width": 24, "Index Cond": "(ps_suppkey = public.supplier.s_suppkey)"}]}]}, {"Node Type": "Aggregate", "Strategy": "Hashed", "Parent Relationship": "Outer", "Startup Cost": 45362.35, "Total Cost": 46034.6, "Plan Rows": 53780, "Plan Width": 24, "Group By Key": ["public.partsupp.ps_partkey"], "Filter": "(sum((public.partsupp.ps_supplycost * (public.partsupp.ps_availqty)::double precision)) > $1)", "Plans": [{"Node Type": "Nested Loop", "Parent Relationship": "Outer", "Join Type": "Inner", "Startup Cost": 0.0, "Total Cost": 44421.2, "Plan Rows": 53780, "Plan Width": 24, "Inner Unique": false, "Plans": [{"Node Type": "Nested Loop", "Parent Relationship": "Outer", "Join Type": "Inner", "Startup Cost": 0.0, "Total Cost": 6597.23, "Plan Rows": 4000, "Plan Width": 8, "Inner Unique": false, "Join Filter": "(public.supplier.s_nationkey = public.nation.n_nationkey)", "Plans": [{"Node Type": "Index Scan", "Parent Relationship": "Outer", "Scan Direction": "Forward", "Index Name": "nation_pkey", "Relation Name": "nation", "Alias": "nation", "Startup Cost": 0.0, "Total Cost": 12.69, "Plan Rows": 1, "Plan Width": 4, "Filter": "(n_name = 'MOZAMBIQUE'::bpchar)"}, {"Node Type": "Index Scan", "Parent Relationship": "Inner", "Scan Direction": "Forward", "Index Name": "supplier_pkey", "Relation Name": "supplier", "Alias": "supplier", "Startup Cost": 0.0, "Total Cost": 5334.54, "Plan Rows": 100000, "Plan Width": 12}]}, {"Node Type": "Index Scan", "Parent Relationship": "Inner", "Scan Direction": "Forward", "Index Name": "idx_partsupp_suppkey", "Relation Name": "partsupp", "Alias": "partsupp", "Startup Cost": 0.0, "Total Cost": 9.33, "Plan Rows": 13, "Plan Width": 32, "Index Cond": "(ps_suppkey = public.supplier.s_suppkey)"}]}]}]}, "Unique SQL Id": 2932834211, "Planner Runtime": 1}, "explain_analyze_plan": {"Plan": {"Node Type": "Sort", "Startup Cost": 95084.87, "Total Cost": 95219.32, "Plan Rows": 53780, "Plan Width": 24, "Actual Startup Time": 2162.535, "Actual Total Time": 2162.535, "Actual Rows": 0, "Actual Loops": 1, "Sort Key": ["(sum((public.partsupp.ps_supplycost * (public.partsupp.ps_availqty)::double precision))) DESC"], "Sort Method": "quicksort", "Sort Space Used": 25, "Sort Space Type": "Memory", "Plans": [{"Node Type": "Aggregate", "Strategy": "Plain", "Parent Relationship": "exec_init_plan", "Subplan Name": "InitPlan 1 (returns $1)", "Startup Cost": 44824.55, "Total Cost": 44824.56, "Plan Rows": 1, "Plan Width": 24, "Actual Startup Time": 949.076, "Actual Total Time": 949.076, "Actual Rows": 1, "Actual Loops": 1, "Plans": [{"Node Type": "Nested Loop", "Parent Relationship": "Outer", "Join Type": "Inner", "Startup Cost": 0.0, "Total Cost": 44421.2, "Plan Rows": 53780, "Plan Width": 16, "Actual Startup Time": 0.086, "Actual Total Time": 814.338, "Actual Rows": 313920, "Actual Loops": 1, "Inner Unique": false, "Plans": [{"Node Type": "Nested Loop", "Parent Relationship": "Outer", "Join Type": "Inner", "Startup Cost": 0.0, "Total Cost": 6597.23, "Plan Rows": 4000, "Plan Width": 8, "Actual Startup Time": 0.069, "Actual Total Time": 88.722, "Actual Rows": 3924, "Actual Loops": 1, "Inner Unique": false, "Join Filter": "(public.supplier.s_nationkey = public.nation.n_nationkey)", "Rows Removed by Join Filter": 96076, "Plans": [{"Node Type": "Index Scan", "Parent Relationship": "Outer", "Scan Direction": "Forward", "Index Name": "nation_pkey", "Relation Name": "nation", "Alias": "nation", "Startup Cost": 0.0, "Total Cost": 12.69, "Plan Rows": 1, "Plan Width": 4, "Actual Startup Time": 0.028, "Actual Total Time": 0.043, "Actual Rows": 1, "Actual Loops": 1, "Filter": "(n_name = 'MOZAMBIQUE'::bpchar)", "Rows Removed by Filter": 24}, {"Node Type": "Index Scan", "Parent Relationship": "Inner", "Scan Direction": "Forward", "Index Name": "supplier_pkey", "Relation Name": "supplier", "Alias": "supplier", "Startup Cost": 0.0, "Total Cost": 5334.54, "Plan Rows": 100000, "Plan Width": 12, "Actual Startup Time": 0.023, "Actual Total Time": 65.141, "Actual Rows": 100000, "Actual Loops": 1}]}, {"Node Type": "Index Scan", "Parent Relationship": "Inner", "Scan Direction": "Forward", "Index Name": "idx_partsupp_suppkey", "Relation Name": "partsupp", "Alias": "partsupp", "Startup Cost": 0.0, "Total Cost": 9.33, "Plan Rows": 13, "Plan Width": 24, "Actual Startup Time": 50.675, "Actual Total Time": 658.309, "Actual Rows": 313920, "Actual Loops": 3924, "Index Cond": "(ps_suppkey = public.supplier.s_suppkey)", "Rows Removed by Index Recheck": 0}]}]}, {"Node Type": "Aggregate", "Strategy": "Hashed", "Parent Relationship": "Outer", "Startup Cost": 45362.35, "Total Cost": 46034.6, "Plan Rows": 53780, "Plan Width": 24, "Actual Startup Time": 2162.027, "Actual Total Time": 2162.027, "Actual Rows": 0, "Actual Loops": 1, "Group By Key": ["public.partsupp.ps_partkey"], "Filter": "(sum((public.partsupp.ps_supplycost * (public.partsupp.ps_availqty)::double precision)) > $1)", "Rows Removed by Filter": 295792, "Plans": [{"Node Type": "Nested Loop", "Parent Relationship": "Outer", "Join Type": "Inner", "Startup Cost": 0.0, "Total Cost": 44421.2, "Plan Rows": 53780, "Plan Width": 24, "Actual Startup Time": 0.087, "Actual Total Time": 782.455, "Actual Rows": 313920, "Actual Loops": 1, "Inner Unique": false, "Plans": [{"Node Type": "Nested Loop", "Parent Relationship": "Outer", "Join Type": "Inner", "Startup Cost": 0.0, "Total Cost": 6597.23, "Plan Rows": 4000, "Plan Width": 8, "Actual Startup Time": 0.069, "Actual Total Time": 85.458, "Actual Rows": 3924, "Actual Loops": 1, "Inner Unique": false, "Join Filter": "(public.supplier.s_nationkey = public.nation.n_nationkey)", "Rows Removed by Join Filter": 96076, "Plans": [{"Node Type": "Index Scan", "Parent Relationship": "Outer", "Scan Direction": "Forward", "Index Name": "nation_pkey", "Relation Name": "nation", "Alias": "nation", "Startup Cost": 0.0, "Total Cost": 12.69, "Plan Rows": 1, "Plan Width": 4, "Actual Startup Time": 0.031, "Actual Total Time": 0.043, "Actual Rows": 1, "Actual Loops": 1, "Filter": "(n_name = 'MOZAMBIQUE'::bpchar)", "Rows Removed by Filter": 24}, {"Node Type": "Index Scan", "Parent Relationship": "Inner", "Scan Direction": "Forward", "Index Name": "supplier_pkey", "Relation Name": "supplier", "Alias": "supplier", "Startup Cost": 0.0, "Total Cost": 5334.54, "Plan Rows": 100000, "Plan Width": 12, "Actual Startup Time": 0.017, "Actual Total Time": 61.468, "Actual Rows": 100000, "Actual Loops": 1}]}, {"Node Type": "Index Scan", "Parent Relationship": "Inner", "Scan Direction": "Forward", "Index Name": "idx_partsupp_suppkey", "Relation Name": "partsupp", "Alias": "partsupp", "Startup Cost": 0.0, "Total Cost": 9.33, "Plan Rows": 13, "Plan Width": 32, "Actual Startup Time": 48.514, "Actual Total Time": 624.878, "Actual Rows": 313920, "Actual Loops": 3924, "Index Cond": "(ps_suppkey = public.supplier.s_suppkey)", "Rows Removed by Index Recheck": 0}]}]}]}, "Triggers": [], "Planner Runtime": 0, "Total Runtime": 2162.804, "Unique SQL Id": 2932834211}}, "(1, 30)": {"explain_plan": {"Plan": {"Node Type": "Sort", "Startup Cost": 2471496.64, "Total Cost": 2471631.09, "Plan Rows": 53780, "Plan Width": 24, "Sort Key": ["(sum((public.partsupp.ps_supplycost * (public.partsupp.ps_availqty)::double precision))) DESC"], "Plans": [{"Node Type": "Aggregate", "Strategy": "Plain", "Parent Relationship": "exec_init_plan", "Subplan Name": "InitPlan 1 (returns $0)", "Startup Cost": 1233030.44, "Total Cost": 1233030.45, "Plan Rows": 1, "Plan Width": 24, "Plans": [{"Node Type": "Merge Join", "Parent Relationship": "Outer", "Join Type": "Inner", "Startup Cost": 1192069.85, "Total Cost": 1232627.09, "Plan Rows": 53780, "Plan Width": 16, "Inner Unique": false, "Merge Cond": "(public.supplier.s_suppkey = public.partsupp.ps_suppkey)", "Plans": [{"Node Type": "Sort", "Parent Relationship": "Outer", "Startup Cost": 4773.63, "Total Cost": 4783.63, "Plan Rows": 4000, "Plan Width": 8, "Sort Key": ["public.supplier.s_suppkey"], "Plans": [{"Node Type": "Nested Loop", "Parent Relationship": "Outer", "Join Type": "Inner", "Startup Cost": 0.0, "Total Cost": 4534.31, "Plan Rows": 4000, "Plan Width": 8, "Inner Unique": false, "Join Filter": "(public.supplier.s_nationkey = public.nation.n_nationkey)", "Plans": [{"Node Type": "Seq Scan", "Parent Relationship": "Outer", "Relation Name": "nation", "Alias": "nation", "Startup Cost": 0.0, "Total Cost": 1.31, "Plan Rows": 1, "Plan Width": 4, "Filter": "(n_name = 'MOZAMBIQUE'::bpchar)"}, {"Node Type": "Seq Scan", "Parent Relationship": "Inner", "Relation Name": "supplier", "Alias": "supplier", "Startup Cost": 0.0, "Total Cost": 3283.0, "Plan Rows": 100000, "Plan Width": 12}]}]}, {"Node Type": "Sort", "Parent Relationship": "Inner", "Startup Cost": 1187295.8, "Total Cost": 1207296.73, "Plan Rows": 8000372, "Plan Width": 24, "Sort Key": ["public.partsupp.ps_suppkey"], "Plans": [{"Node Type": "Seq Scan", "Parent Relationship": "Outer", "Relation Name": "partsupp", "Alias": "partsupp", "Startup Cost": 0.0, "Total Cost": 269987.72, "Plan Rows": 8000372, "Plan Width": 24}]}]}]}, {"Node Type": "Aggregate", "Strategy": "Hashed", "Parent Relationship": "Outer", "Startup Cost": 1233568.24, "Total Cost": 1234240.49, "Plan Rows": 53780, "Plan Width": 24, "Group By Key": ["public.partsupp.ps_partkey"], "Filter": "(sum((public.partsupp.ps_supplycost * (public.partsupp.ps_availqty)::double precision)) > $0)", "Plans": [{"Node Type": "Merge Join", "Parent Relationship": "Outer", "Join Type": "Inner", "Startup Cost": 1192069.85, "Total Cost": 1232627.09, "Plan Rows": 53780, "Plan Width": 24, "Inner Unique": false, "Merge Cond": "(public.supplier.s_suppkey = public.partsupp.ps_suppkey)", "Plans": [{"Node Type": "Sort", "Parent Relationship": "Outer", "Startup Cost": 4773.63, "Total Cost": 4783.63, "Plan Rows": 4000, "Plan Width": 8, "Sort Key": ["public.supplier.s_suppkey"], "Plans": [{"Node Type": "Nested Loop", "Parent Relationship": "Outer", "Join Type": "Inner", "Startup Cost": 0.0, "Total Cost": 4534.31, "Plan Rows": 4000, "Plan Width": 8, "Inner Unique": false, "Join Filter": "(public.supplier.s_nationkey = public.nation.n_nationkey)", "Plans": [{"Node Type": "Seq Scan", "Parent Relationship": "Outer", "Relation Name": "nation", "Alias": "nation", "Startup Cost": 0.0, "Total Cost": 1.31, "Plan Rows": 1, "Plan Width": 4, "Filter": "(n_name = 'MOZAMBIQUE'::bpchar)"}, {"Node Type": "Seq Scan", "Parent Relationship": "Inner", "Relation Name": "supplier", "Alias": "supplier", "Startup Cost": 0.0, "Total Cost": 3283.0, "Plan Rows": 100000, "Plan Width": 12}]}]}, {"Node Type": "Sort", "Parent Relationship": "Inner", "Startup Cost": 1187295.8, "Total Cost": 1207296.73, "Plan Rows": 8000372, "Plan Width": 32, "Sort Key": ["public.partsupp.ps_suppkey"], "Plans": [{"Node Type": "Seq Scan", "Parent Relationship": "Outer", "Relation Name": "partsupp", "Alias": "partsupp", "Startup Cost": 0.0, "Total Cost": 269987.72, "Plan Rows": 8000372, "Plan Width": 32}]}]}]}]}, "Unique SQL Id": 2932834211, "Planner Runtime": 1}, "explain_analyze_plan": null}, "(1, 31)": {"explain_plan": {"Plan": {"Node Type": "Sort", "Startup Cost": 6001104432332.89, "Total Cost": 6001104432467.34, "Plan Rows": 53780, "Plan Width": 40, "Sort Key": ["(sum((public.partsupp.ps_supplycost * (public.partsupp.ps_availqty)::double precision))) DESC"], "Plans": [{"Node Type": "Aggregate", "Strategy": "Plain", "Parent Relationship": "exec_init_plan", "Subplan Name": "InitPlan 1 (returns $0)", "Startup Cost": 3000580719437.25, "Total Cost": 3000580719437.27, "Plan Rows": 1, "Plan Width": 24, "Plans": [{"Node Type": "Nested Loop", "Parent Relationship": "Outer", "Join Type": "Inner", "Startup Cost": 30000000000.0, "Total Cost": 3000580719033.9, "Plan Rows": 53780, "Plan Width": 16, "Inner Unique": false, "Join Filter": "(public.supplier.s_suppkey = public.partsupp.ps_suppkey)", "Plans": [{"Node Type": "Index Scan", "Parent Relationship": "Outer", "Scan Direction": "Forward", "Index Name": "idx_partsupp_suppkey", "Relation Name": "partsupp", "Alias": "partsupp", "Startup Cost": 10000000000.0, "Total Cost": 1000100160480.77, "Plan Rows": 8000372, "Plan Width": 24}, {"Node Type": "Materialize", "Parent Relationship": "Inner", "Startup Cost": 20000000000.0, "Total Cost": 2000000536243.13, "Plan Rows": 4000, "Plan Width": 8, "Plans": [{"Node Type": "Nested Loop", "Parent Relationship": "Outer", "Join Type": "Inner", "Startup Cost": 20000000000.0, "Total Cost": 2000000536223.13, "Plan Rows": 4000, "Plan Width": 8, "Inner Unique": true, "Join Filter": "(public.supplier.s_nationkey = public.nation.n_nationkey)", "Plans": [{"Node Type": "Index Scan", "Parent Relationship": "Outer", "Scan Direction": "Forward", "Index Name": "supplier_pkey", "Relation Name": "supplier", "Alias": "supplier", "Startup Cost": 10000000000.0, "Total Cost": 1000000533454.38, "Plan Rows": 100000, "Plan Width": 12}, {"Node Type": "Materialize", "Parent Relationship": "Inner", "Startup Cost": 10000000000.0, "Total Cost": 1000000001268.76, "Plan Rows": 1, "Plan Width": 4, "Plans": [{"Node Type": "Index Scan", "Parent Relationship": "Outer", "Scan Direction": "Forward", "Index Name": "nation_pkey", "Relation Name": "nation", "Alias": "nation", "Startup Cost": 10000000000.0, "Total Cost": 1000000001268.75, "Plan Rows": 1, "Plan Width": 4, "Filter": "(n_name = 'MOZAMBIQUE'::bpchar)"}]}]}]}]}]}, {"Node Type": "Aggregate", "Strategy": "Sorted", "Parent Relationship": "Outer", "Startup Cost": 30000000000.0, "Total Cost": 3000523708669.92, "Plan Rows": 53780, "Plan Width": 40, "Group By Key": ["public.partsupp.ps_partkey"], "Filter": "(sum((public.partsupp.ps_supplycost * (public.partsupp.ps_availqty)::double precision)) > $0)", "Plans": [{"Node Type": "Nested Loop", "Parent Relationship": "Outer", "Join Type": "Inner", "Startup Cost": 30000000000.0, "Total Cost": 3000523707056.51, "Plan Rows": 53780, "Plan Width": 24, "Inner Unique": false, "Join Filter": "(public.supplier.s_suppkey = public.partsupp.ps_suppkey)", "Plans": [{"Node Type": "Index Scan", "Parent Relationship": "Outer", "Scan Direction": "Forward", "Index Name": "idx_partsupp_partkey", "Relation Name": "partsupp", "Alias": "partsupp", "Startup Cost": 10000000000.0, "Total Cost": 1000043148503.38, "Plan Rows": 8000372, "Plan Width": 32}, {"Node Type": "Materialize", "Parent Relationship": "Inner", "Startup Cost": 20000000000.0, "Total Cost": 2000000536243.13, "Plan Rows": 4000, "Plan Width": 8, "Plans": [{"Node Type": "Nested Loop", "Parent Relationship": "Outer", "Join Type": "Inner", "Startup Cost": 20000000000.0, "Total Cost": 2000000536223.13, "Plan Rows": 4000, "Plan Width": 8, "Inner Unique": true, "Join Filter": "(public.supplier.s_nationkey = public.nation.n_nationkey)", "Plans": [{"Node Type": "Index Scan", "Parent Relationship": "Outer", "Scan Direction": "Forward", "Index Name": "supplier_pkey", "Relation Name": "supplier", "Alias": "supplier", "Startup Cost": 10000000000.0, "Total Cost": 1000000533454.38, "Plan Rows": 100000, "Plan Width": 12}, {"Node Type": "Materialize", "Parent Relationship": "Inner", "Startup Cost": 10000000000.0, "Total Cost": 1000000001268.76, "Plan Rows": 1, "Plan Width": 4, "Plans": [{"Node Type": "Index Scan", "Parent Relationship": "Outer", "Scan Direction": "Forward", "Index Name": "nation_pkey", "Relation Name": "nation", "Alias": "nation", "Startup Cost": 10000000000.0, "Total Cost": 1000000001268.75, "Plan Rows": 1, "Plan Width": 4, "Filter": "(n_name = 'MOZAMBIQUE'::bpchar)"}]}]}]}]}]}]}, "Unique SQL Id": 2932834211, "Planner Runtime": 1}, "explain_analyze_plan": null}, "(1, 32)": {"explain_plan": {"Plan": {"Node Type": "Sort", "Startup Cost": 86957.11, "Total Cost": 87091.56, "Plan Rows": 53780, "Plan Width": 24, "Sort Key": ["(sum((public.partsupp.ps_supplycost * (public.partsupp.ps_availqty)::double precision))) DESC"], "Plans": [{"Node Type": "Aggregate", "Strategy": "Plain", "Parent Relationship": "exec_init_plan", "Subplan Name": "InitPlan 1 (returns $2)", "Startup Cost": 40760.67, "Total Cost": 40760.68, "Plan Rows": 1, "Plan Width": 24, "Plans": [{"Node Type": "Nested Loop", "Parent Relationship": "Outer", "Join Type": "Inner", "Startup Cost": 95.25, "Total Cost": 40357.32, "Plan Rows": 53780, "Plan Width": 16, "Inner Unique": false, "Plans": [{"Node Type": "Nested Loop", "Parent Relationship": "Outer", "Join Type": "Inner", "Startup Cost": 95.25, "Total Cost": 2533.35, "Plan Rows": 4000, "Plan Width": 8, "Inner Unique": false, "Plans": [{"Node Type": "Seq Scan", "Parent Relationship": "Outer", "Relation Name": "nation", "Alias": "nation", "Startup Cost": 0.0, "Total Cost": 1.31, "Plan Rows": 1, "Plan Width": 4, "Filter": "(n_name = 'MOZAMBIQUE'::bpchar)"}, {"Node Type": "Bitmap Heap Scan", "Parent Relationship": "Inner", "Relation Name": "supplier", "Alias": "supplier", "Startup Cost": 95.25, "Total Cost": 2492.04, "Plan Rows": 4000, "Plan Width": 12, "Recheck Cond": "(s_nationkey = public.nation.n_nationkey)", "Plans": [{"Node Type": "Bitmap Index Scan", "Parent Relationship": "Outer", "Index Name": "idx_supplier_nation_key", "Startup Cost": 0.0, "Total Cost": 94.25, "Plan Rows": 4000, "Plan Width": 0, "Index Cond": "(s_nationkey = public.nation.n_nationkey)"}]}]}, {"Node Type": "Index Scan", "Parent Relationship": "Inner", "Scan Direction": "Forward", "Index Name": "idx_partsupp_suppkey", "Relation Name": "partsupp", "Alias": "partsupp", "Startup Cost": 0.0, "Total Cost": 9.33, "Plan Rows": 13, "Plan Width": 24, "Index Cond": "(ps_suppkey = public.supplier.s_suppkey)"}]}]}, {"Node Type": "Aggregate", "Strategy": "Hashed", "Parent Relationship": "Outer", "Startup Cost": 41298.47, "Total Cost": 41970.72, "Plan Rows": 53780, "Plan Width": 24, "Group By Key": ["public.partsupp.ps_partkey"], "Filter": "(sum((public.partsupp.ps_supplycost * (public.partsupp.ps_availqty)::double precision)) > $2)", "Plans": [{"Node Type": "Nested Loop", "Parent Relationship": "Outer", "Join Type": "Inner", "Startup Cost": 95.25, "Total Cost": 40357.32, "Plan Rows": 53780, "Plan Width": 24, "Inner Unique": false, "Plans": [{"Node Type": "Nested Loop", "Parent Relationship": "Outer", "Join Type": "Inner", "Startup Cost": 95.25, "Total Cost": 2533.35, "Plan Rows": 4000, "Plan Width": 8, "Inner Unique": false, "Plans": [{"Node Type": "Seq Scan", "Parent Relationship": "Outer", "Relation Name": "nation", "Alias": "nation", "Startup Cost": 0.0, "Total Cost": 1.31, "Plan Rows": 1, "Plan Width": 4, "Filter": "(n_name = 'MOZAMBIQUE'::bpchar)"}, {"Node Type": "Bitmap Heap Scan", "Parent Relationship": "Inner", "Relation Name": "supplier", "Alias": "supplier", "Startup Cost": 95.25, "Total Cost": 2492.04, "Plan Rows": 4000, "Plan Width": 12, "Recheck Cond": "(s_nationkey = public.nation.n_nationkey)", "Plans": [{"Node Type": "Bitmap Index Scan", "Parent Relationship": "Outer", "Index Name": "idx_supplier_nation_key", "Startup Cost": 0.0, "Total Cost": 94.25, "Plan Rows": 4000, "Plan Width": 0, "Index Cond": "(s_nationkey = public.nation.n_nationkey)"}]}]}, {"Node Type": "Index Scan", "Parent Relationship": "Inner", "Scan Direction": "Forward", "Index Name": "idx_partsupp_suppkey", "Relation Name": "partsupp", "Alias": "partsupp", "Startup Cost": 0.0, "Total Cost": 9.33, "Plan Rows": 13, "Plan Width": 32, "Index Cond": "(ps_suppkey = public.supplier.s_suppkey)"}]}]}]}, "Unique SQL Id": 2932834211, "Planner Runtime": 0}, "explain_analyze_plan": {"Plan": {"Node Type": "Sort", "Startup Cost": 86957.11, "Total Cost": 87091.56, "Plan Rows": 53780, "Plan Width": 24, "Actual Startup Time": 1860.176, "Actual Total Time": 1860.176, "Actual Rows": 0, "Actual Loops": 1, "Sort Key": ["(sum((public.partsupp.ps_supplycost * (public.partsupp.ps_availqty)::double precision))) DESC"], "Sort Method": "quicksort", "Sort Space Used": 25, "Sort Space Type": "Memory", "Plans": [{"Node Type": "Aggregate", "Strategy": "Plain", "Parent Relationship": "exec_init_plan", "Subplan Name": "InitPlan 1 (returns $2)", "Startup Cost": 40760.67, "Total Cost": 40760.68, "Plan Rows": 1, "Plan Width": 24, "Actual Startup Time": 807.27, "Actual Total Time": 807.27, "Actual Rows": 1, "Actual Loops": 1, "Plans": [{"Node Type": "Nested Loop", "Parent Relationship": "Outer", "Join Type": "Inner", "Startup Cost": 95.25, "Total Cost": 40357.32, "Plan Rows": 53780, "Plan Width": 16, "Actual Startup Time": 0.965, "Actual Total Time": 672.642, "Actual Rows": 313920, "Actual Loops": 1, "Inner Unique": false, "Plans": [{"Node Type": "Nested Loop", "Parent Relationship": "Outer", "Join Type": "Inner", "Startup Cost": 95.25, "Total Cost": 2533.35, "Plan Rows": 4000, "Plan Width": 8, "Actual Startup Time": 0.942, "Actual Total Time": 8.242, "Actual Rows": 3924, "Actual Loops": 1, "Inner Unique": false, "Plans": [{"Node Type": "Seq Scan", "Parent Relationship": "Outer", "Relation Name": "nation", "Alias": "nation", "Startup Cost": 0.0, "Total Cost": 1.31, "Plan Rows": 1, "Plan Width": 4, "Actual Startup Time": 0.022, "Actual Total Time": 0.034, "Actual Rows": 1, "Actual Loops": 1, "Filter": "(n_name = 'MOZAMBIQUE'::bpchar)", "Rows Removed by Filter": 24}, {"Node Type": "Bitmap Heap Scan", "Parent Relationship": "Inner", "Relation Name": "supplier", "Alias": "supplier", "Startup Cost": 95.25, "Total Cost": 2492.04, "Plan Rows": 4000, "Plan Width": 12, "Actual Startup Time": 0.902, "Actual Total Time": 7.218, "Actual Rows": 3924, "Actual Loops": 1, "Recheck Cond": "(s_nationkey = public.nation.n_nationkey)", "Rows Removed by Index Recheck": 0, "Exact Heap Blocks": 1895, "Lossy Heap Blocks": 1895, "Plans": [{"Node Type": "Bitmap Index Scan", "Parent Relationship": "Outer", "Index Name": "idx_supplier_nation_key", "Startup Cost": 0.0, "Total Cost": 94.25, "Plan Rows": 4000, "Plan Width": 0, "Actual Startup Time": 0.624, "Actual Total Time": 0.624, "Actual Rows": 3924, "Actual Loops": 1, "Index Cond": "(s_nationkey = public.nation.n_nationkey)"}]}]}, {"Node Type": "Index Scan", "Parent Relationship": "Inner", "Scan Direction": "Forward", "Index Name": "idx_partsupp_suppkey", "Relation Name": "partsupp", "Alias": "partsupp", "Startup Cost": 0.0, "Total Cost": 9.33, "Plan Rows": 13, "Plan Width": 24, "Actual Startup Time": 47.388, "Actual Total Time": 597.413, "Actual Rows": 313920, "Actual Loops": 3924, "Index Cond": "(ps_suppkey = public.supplier.s_suppkey)", "Rows Removed by Index Recheck": 0}]}]}, {"Node Type": "Aggregate", "Strategy": "Hashed", "Parent Relationship": "Outer", "Startup Cost": 41298.47, "Total Cost": 41970.72, "Plan Rows": 53780, "Plan Width": 24, "Actual Startup Time": 1859.631, "Actual Total Time": 1859.631, "Actual Rows": 0, "Actual Loops": 1, "Group By Key": ["public.partsupp.ps_partkey"], "Filter": "(sum((public.partsupp.ps_supplycost * (public.partsupp.ps_availqty)::double precision)) > $2)", "Rows Removed by Filter": 295792, "Plans": [{"Node Type": "Nested Loop", "Parent Relationship": "Outer", "Join Type": "Inner", "Startup Cost": 95.25, "Total Cost": 40357.32, "Plan Rows": 53780, "Plan Width": 24, "Actual Startup Time": 0.962, "Actual Total Time": 624.76, "Actual Rows": 313920, "Actual Loops": 1, "Inner Unique": false, "Plans": [{"Node Type": "Nested Loop", "Parent Relationship": "Outer", "Join Type": "Inner", "Startup Cost": 95.25, "Total Cost": 2533.35, "Plan Rows": 4000, "Plan Width": 8, "Actual Startup Time": 0.938, "Actual Total Time": 7.852, "Actual Rows": 3924, "Actual Loops": 1, "Inner Unique": false, "Plans": [{"Node Type": "Seq Scan", "Parent Relationship": "Outer", "Relation Name": "nation", "Alias": "nation", "Startup Cost": 0.0, "Total Cost": 1.31, "Plan Rows": 1, "Plan Width": 4, "Actual Startup Time": 0.03, "Actual Total Time": 0.042, "Actual Rows": 1, "Actual Loops": 1, "Filter": "(n_name = 'MOZAMBIQUE'::bpchar)", "Rows Removed by Filter": 24}, {"Node Type": "Bitmap Heap Scan", "Parent Relationship": "Inner", "Relation Name": "supplier", "Alias": "supplier", "Startup Cost": 95.25, "Total Cost": 2492.04, "Plan Rows": 4000, "Plan Width": 12, "Actual Startup Time": 0.901, "Actual Total Time": 6.942, "Actual Rows": 3924, "Actual Loops": 1, "Recheck Cond": "(s_nationkey = public.nation.n_nationkey)", "Rows Removed by Index Recheck": 0, "Exact Heap Blocks": 1895, "Lossy Heap Blocks": 1895, "Plans": [{"Node Type": "Bitmap Index Scan", "Parent Relationship": "Outer", "Index Name": "idx_supplier_nation_key", "Startup Cost": 0.0, "Total Cost": 94.25, "Plan Rows": 4000, "Plan Width": 0, "Actual Startup Time": 0.617, "Actual Total Time": 0.617, "Actual Rows": 3924, "Actual Loops": 1, "Index Cond": "(s_nationkey = public.nation.n_nationkey)"}]}]}, {"Node Type": "Index Scan", "Parent Relationship": "Inner", "Scan Direction": "Forward", "Index Name": "idx_partsupp_suppkey", "Relation Name": "partsupp", "Alias": "partsupp", "Startup Cost": 0.0, "Total Cost": 9.33, "Plan Rows": 13, "Plan Width": 32, "Actual Startup Time": 44.498, "Actual Total Time": 545.855, "Actual Rows": 313920, "Actual Loops": 3924, "Index Cond": "(ps_suppkey = public.supplier.s_suppkey)", "Rows Removed by Index Recheck": 0}]}]}]}, "Triggers": [], "Planner Runtime": 0, "Total Runtime": 1860.493, "Unique SQL Id": 2932834211}}, "(1, 33)": {"explain_plan": {"Plan": {"Node Type": "Sort", "Startup Cost": 86979.86, "Total Cost": 87114.31, "Plan Rows": 53780, "Plan Width": 24, "Sort Key": ["(sum((public.partsupp.ps_supplycost * (public.partsupp.ps_availqty)::double precision))) DESC"], "Plans": [{"Node Type": "Aggregate", "Strategy": "Plain", "Parent Relationship": "exec_init_plan", "Subplan Name": "InitPlan 1 (returns $2)", "Startup Cost": 40772.04, "Total Cost": 40772.06, "Plan Rows": 1, "Plan Width": 24, "Plans": [{"Node Type": "Nested Loop", "Parent Relationship": "Outer", "Join Type": "Inner", "Startup Cost": 95.25, "Total Cost": 40368.69, "Plan Rows": 53780, "Plan Width": 16, "Inner Unique": false, "Plans": [{"Node Type": "Nested Loop", "Parent Relationship": "Outer", "Join Type": "Inner", "Startup Cost": 95.25, "Total Cost": 2544.73, "Plan Rows": 4000, "Plan Width": 8, "Inner Unique": false, "Plans": [{"Node Type": "Index Scan", "Parent Relationship": "Outer", "Scan Direction": "Forward", "Index Name": "nation_pkey", "Relation Name": "nation", "Alias": "nation", "Startup Cost": 0.0, "Total Cost": 12.69, "Plan Rows": 1, "Plan Width": 4, "Filter": "(n_name = 'MOZAMBIQUE'::bpchar)"}, {"Node Type": "Bitmap Heap Scan", "Parent Relationship": "Inner", "Relation Name": "supplier", "Alias": "supplier", "Startup Cost": 95.25, "Total Cost": 2492.04, "Plan Rows": 4000, "Plan Width": 12, "Recheck Cond": "(s_nationkey = public.nation.n_nationkey)", "Plans": [{"Node Type": "Bitmap Index Scan", "Parent Relationship": "Outer", "Index Name": "idx_supplier_nation_key", "Startup Cost": 0.0, "Total Cost": 94.25, "Plan Rows": 4000, "Plan Width": 0, "Index Cond": "(s_nationkey = public.nation.n_nationkey)"}]}]}, {"Node Type": "Index Scan", "Parent Relationship": "Inner", "Scan Direction": "Forward", "Index Name": "idx_partsupp_suppkey", "Relation Name": "partsupp", "Alias": "partsupp", "Startup Cost": 0.0, "Total Cost": 9.33, "Plan Rows": 13, "Plan Width": 24, "Index Cond": "(ps_suppkey = public.supplier.s_suppkey)"}]}]}, {"Node Type": "Aggregate", "Strategy": "Hashed", "Parent Relationship": "Outer", "Startup Cost": 41309.84, "Total Cost": 41982.09, "Plan Rows": 53780, "Plan Width": 24, "Group By Key": ["public.partsupp.ps_partkey"], "Filter": "(sum((public.partsupp.ps_supplycost * (public.partsupp.ps_availqty)::double precision)) > $2)", "Plans": [{"Node Type": "Nested Loop", "Parent Relationship": "Outer", "Join Type": "Inner", "Startup Cost": 95.25, "Total Cost": 40368.69, "Plan Rows": 53780, "Plan Width": 24, "Inner Unique": false, "Plans": [{"Node Type": "Nested Loop", "Parent Relationship": "Outer", "Join Type": "Inner", "Startup Cost": 95.25, "Total Cost": 2544.73, "Plan Rows": 4000, "Plan Width": 8, "Inner Unique": false, "Plans": [{"Node Type": "Index Scan", "Parent Relationship": "Outer", "Scan Direction": "Forward", "Index Name": "nation_pkey", "Relation Name": "nation", "Alias": "nation", "Startup Cost": 0.0, "Total Cost": 12.69, "Plan Rows": 1, "Plan Width": 4, "Filter": "(n_name = 'MOZAMBIQUE'::bpchar)"}, {"Node Type": "Bitmap Heap Scan", "Parent Relationship": "Inner", "Relation Name": "supplier", "Alias": "supplier", "Startup Cost": 95.25, "Total Cost": 2492.04, "Plan Rows": 4000, "Plan Width": 12, "Recheck Cond": "(s_nationkey = public.nation.n_nationkey)", "Plans": [{"Node Type": "Bitmap Index Scan", "Parent Relationship": "Outer", "Index Name": "idx_supplier_nation_key", "Startup Cost": 0.0, "Total Cost": 94.25, "Plan Rows": 4000, "Plan Width": 0, "Index Cond": "(s_nationkey = public.nation.n_nationkey)"}]}]}, {"Node Type": "Index Scan", "Parent Relationship": "Inner", "Scan Direction": "Forward", "Index Name": "idx_partsupp_suppkey", "Relation Name": "partsupp", "Alias": "partsupp", "Startup Cost": 0.0, "Total Cost": 9.33, "Plan Rows": 13, "Plan Width": 32, "Index Cond": "(ps_suppkey = public.supplier.s_suppkey)"}]}]}]}, "Unique SQL Id": 2932834211, "Planner Runtime": 0}, "explain_analyze_plan": {"Plan": {"Node Type": "Sort", "Startup Cost": 86979.86, "Total Cost": 87114.31, "Plan Rows": 53780, "Plan Width": 24, "Actual Startup Time": 1810.725, "Actual Total Time": 1810.725, "Actual Rows": 0, "Actual Loops": 1, "Sort Key": ["(sum((public.partsupp.ps_supplycost * (public.partsupp.ps_availqty)::double precision))) DESC"], "Sort Method": "quicksort", "Sort Space Used": 25, "Sort Space Type": "Memory", "Plans": [{"Node Type": "Aggregate", "Strategy": "Plain", "Parent Relationship": "exec_init_plan", "Subplan Name": "InitPlan 1 (returns $2)", "Startup Cost": 40772.04, "Total Cost": 40772.06, "Plan Rows": 1, "Plan Width": 24, "Actual Startup Time": 757.524, "Actual Total Time": 757.525, "Actual Rows": 1, "Actual Loops": 1, "Plans": [{"Node Type": "Nested Loop", "Parent Relationship": "Outer", "Join Type": "Inner", "Startup Cost": 95.25, "Total Cost": 40368.69, "Plan Rows": 53780, "Plan Width": 16, "Actual Startup Time": 0.984, "Actual Total Time": 623.043, "Actual Rows": 313920, "Actual Loops": 1, "Inner Unique": false, "Plans": [{"Node Type": "Nested Loop", "Parent Relationship": "Outer", "Join Type": "Inner", "Startup Cost": 95.25, "Total Cost": 2544.73, "Plan Rows": 4000, "Plan Width": 8, "Actual Startup Time": 0.961, "Actual Total Time": 7.606, "Actual Rows": 3924, "Actual Loops": 1, "Inner Unique": false, "Plans": [{"Node Type": "Index Scan", "Parent Relationship": "Outer", "Scan Direction": "Forward", "Index Name": "nation_pkey", "Relation Name": "nation", "Alias": "nation", "Startup Cost": 0.0, "Total Cost": 12.69, "Plan Rows": 1, "Plan Width": 4, "Actual Startup Time": 0.021, "Actual Total Time": 0.035, "Actual Rows": 1, "Actual Loops": 1, "Filter": "(n_name = 'MOZAMBIQUE'::bpchar)", "Rows Removed by Filter": 24}, {"Node Type": "Bitmap Heap Scan", "Parent Relationship": "Inner", "Relation Name": "supplier", "Alias": "supplier", "Startup Cost": 95.25, "Total Cost": 2492.04, "Plan Rows": 4000, "Plan Width": 12, "Actual Startup Time": 0.923, "Actual Total Time": 6.688, "Actual Rows": 3924, "Actual Loops": 1, "Recheck Cond": "(s_nationkey = public.nation.n_nationkey)", "Rows Removed by Index Recheck": 0, "Exact Heap Blocks": 1895, "Lossy Heap Blocks": 1895, "Plans": [{"Node Type": "Bitmap Index Scan", "Parent Relationship": "Outer", "Index Name": "idx_supplier_nation_key", "Startup Cost": 0.0, "Total Cost": 94.25, "Plan Rows": 4000, "Plan Width": 0, "Actual Startup Time": 0.63, "Actual Total Time": 0.63, "Actual Rows": 3924, "Actual Loops": 1, "Index Cond": "(s_nationkey = public.nation.n_nationkey)"}]}]}, {"Node Type": "Index Scan", "Parent Relationship": "Inner", "Scan Direction": "Forward", "Index Name": "idx_partsupp_suppkey", "Relation Name": "partsupp", "Alias": "partsupp", "Startup Cost": 0.0, "Total Cost": 9.33, "Plan Rows": 13, "Plan Width": 24, "Actual Startup Time": 44.034, "Actual Total Time": 548.454, "Actual Rows": 313920, "Actual Loops": 3924, "Index Cond": "(ps_suppkey = public.supplier.s_suppkey)", "Rows Removed by Index Recheck": 0}]}]}, {"Node Type": "Aggregate", "Strategy": "Hashed", "Parent Relationship": "Outer", "Startup Cost": 41309.84, "Total Cost": 41982.09, "Plan Rows": 53780, "Plan Width": 24, "Actual Startup Time": 1810.3, "Actual Total Time": 1810.3, "Actual Rows": 0, "Actual Loops": 1, "Group By Key": ["public.partsupp.ps_partkey"], "Filter": "(sum((public.partsupp.ps_supplycost * (public.partsupp.ps_availqty)::double precision)) > $2)", "Rows Removed by Filter": 295792, "Plans": [{"Node Type": "Nested Loop", "Parent Relationship": "Outer", "Join Type": "Inner", "Startup Cost": 95.25, "Total Cost": 40368.69, "Plan Rows": 53780, "Plan Width": 24, "Actual Startup Time": 1.02, "Actual Total Time": 665.011, "Actual Rows": 313920, "Actual Loops": 1, "Inner Unique": false, "Plans": [{"Node Type": "Nested Loop", "Parent Relationship": "Outer", "Join Type": "Inner", "Startup Cost": 95.25, "Total Cost": 2544.73, "Plan Rows": 4000, "Plan Width": 8, "Actual Startup Time": 0.991, "Actual Total Time": 8.384, "Actual Rows": 3924, "Actual Loops": 1, "Inner Unique": false, "Plans": [{"Node Type": "Index Scan", "Parent Relationship": "Outer", "Scan Direction": "Forward", "Index Name": "nation_pkey", "Relation Name": "nation", "Alias": "nation", "Startup Cost": 0.0, "Total Cost": 12.69, "Plan Rows": 1, "Plan Width": 4, "Actual Startup Time": 0.054, "Actual Total Time": 0.067, "Actual Rows": 1, "Actual Loops": 1, "Filter": "(n_name = 'MOZAMBIQUE'::bpchar)", "Rows Removed by Filter": 24}, {"Node Type": "Bitmap Heap Scan", "Parent Relationship": "Inner", "Relation Name": "supplier", "Alias": "supplier", "Startup Cost": 95.25, "Total Cost": 2492.04, "Plan Rows": 4000, "Plan Width": 12, "Actual Startup Time": 0.919, "Actual Total Time": 7.44, "Actual Rows": 3924, "Actual Loops": 1, "Recheck Cond": "(s_nationkey = public.nation.n_nationkey)", "Rows Removed by Index Recheck": 0, "Exact Heap Blocks": 1895, "Lossy Heap Blocks": 1895, "Plans": [{"Node Type": "Bitmap Index Scan", "Parent Relationship": "Outer", "Index Name": "idx_supplier_nation_key", "Startup Cost": 0.0, "Total Cost": 94.25, "Plan Rows": 4000, "Plan Width": 0, "Actual Startup Time": 0.633, "Actual Total Time": 0.633, "Actual Rows": 3924, "Actual Loops": 1, "Index Cond": "(s_nationkey = public.nation.n_nationkey)"}]}]}, {"Node Type": "Index Scan", "Parent Relationship": "Inner", "Scan Direction": "Forward", "Index Name": "idx_partsupp_suppkey", "Relation Name": "partsupp", "Alias": "partsupp", "Startup Cost": 0.0, "Total Cost": 9.33, "Plan Rows": 13, "Plan Width": 32, "Actual Startup Time": 46.318, "Actual Total Time": 585.067, "Actual Rows": 313920, "Actual Loops": 3924, "Index Cond": "(ps_suppkey = public.supplier.s_suppkey)", "Rows Removed by Index Recheck": 0}]}]}]}, "Triggers": [], "Planner Runtime": 0, "Total Runtime": 1811.196, "Unique SQL Id": 2932834211}}, "(1, 34)": {"explain_plan": {"Plan": {"Node Type": "Sort", "Startup Cost": 90032.55, "Total Cost": 90167.0, "Plan Rows": 53780, "Plan Width": 24, "Sort Key": ["(sum((public.partsupp.ps_supplycost * (public.partsupp.ps_availqty)::double precision))) DESC"], "Plans": [{"Node Type": "Aggregate", "Strategy": "Plain", "Parent Relationship": "exec_init_plan", "Subplan Name": "InitPlan 1 (returns $2)", "Startup Cost": 42298.39, "Total Cost": 42298.4, "Plan Rows": 1, "Plan Width": 24, "Plans": [{"Node Type": "Nested Loop", "Parent Relationship": "Outer", "Join Type": "Inner", "Startup Cost": 96.82, "Total Cost": 41895.04, "Plan Rows": 53780, "Plan Width": 16, "Inner Unique": false, "Plans": [{"Node Type": "Nested Loop", "Parent Relationship": "Outer", "Join Type": "Inner", "Startup Cost": 95.25, "Total Cost": 2533.35, "Plan Rows": 4000, "Plan Width": 8, "Inner Unique": false, "Plans": [{"Node Type": "Seq Scan", "Parent Relationship": "Outer", "Relation Name": "nation", "Alias": "nation", "Startup Cost": 0.0, "Total Cost": 1.31, "Plan Rows": 1, "Plan Width": 4, "Filter": "(n_name = 'MOZAMBIQUE'::bpchar)"}, {"Node Type": "Bitmap Heap Scan", "Parent Relationship": "Inner", "Relation Name": "supplier", "Alias": "supplier", "Startup Cost": 95.25, "Total Cost": 2492.04, "Plan Rows": 4000, "Plan Width": 12, "Recheck Cond": "(s_nationkey = public.nation.n_nationkey)", "Plans": [{"Node Type": "Bitmap Index Scan", "Parent Relationship": "Outer", "Index Name": "idx_supplier_nation_key", "Startup Cost": 0.0, "Total Cost": 94.25, "Plan Rows": 4000, "Plan Width": 0, "Index Cond": "(s_nationkey = public.nation.n_nationkey)"}]}]}, {"Node Type": "Bitmap Heap Scan", "Parent Relationship": "Inner", "Relation Name": "partsupp", "Alias": "partsupp", "Startup Cost": 1.57, "Total Cost": 9.71, "Plan Rows": 13, "Plan Width": 24, "Recheck Cond": "(ps_suppkey = public.supplier.s_suppkey)", "Plans": [{"Node Type": "Bitmap Index Scan", "Parent Relationship": "Outer", "Index Name": "idx_partsupp_suppkey", "Startup Cost": 0.0, "Total Cost": 1.56, "Plan Rows": 13, "Plan Width": 0, "Index Cond": "(ps_suppkey = public.supplier.s_suppkey)"}]}]}]}, {"Node Type": "Aggregate", "Strategy": "Hashed", "Parent Relationship": "Outer", "Startup Cost": 42836.19, "Total Cost": 43508.44, "Plan Rows": 53780, "Plan Width": 24, "Group By Key": ["public.partsupp.ps_partkey"], "Filter": "(sum((public.partsupp.ps_supplycost * (public.partsupp.ps_availqty)::double precision)) > $2)", "Plans": [{"Node Type": "Nested Loop", "Parent Relationship": "Outer", "Join Type": "Inner", "Startup Cost": 96.82, "Total Cost": 41895.04, "Plan Rows": 53780, "Plan Width": 24, "Inner Unique": false, "Plans": [{"Node Type": "Nested Loop", "Parent Relationship": "Outer", "Join Type": "Inner", "Startup Cost": 95.25, "Total Cost": 2533.35, "Plan Rows": 4000, "Plan Width": 8, "Inner Unique": false, "Plans": [{"Node Type": "Seq Scan", "Parent Relationship": "Outer", "Relation Name": "nation", "Alias": "nation", "Startup Cost": 0.0, "Total Cost": 1.31, "Plan Rows": 1, "Plan Width": 4, "Filter": "(n_name = 'MOZAMBIQUE'::bpchar)"}, {"Node Type": "Bitmap Heap Scan", "Parent Relationship": "Inner", "Relation Name": "supplier", "Alias": "supplier", "Startup Cost": 95.25, "Total Cost": 2492.04, "Plan Rows": 4000, "Plan Width": 12, "Recheck Cond": "(s_nationkey = public.nation.n_nationkey)", "Plans": [{"Node Type": "Bitmap Index Scan", "Parent Relationship": "Outer", "Index Name": "idx_supplier_nation_key", "Startup Cost": 0.0, "Total Cost": 94.25, "Plan Rows": 4000, "Plan Width": 0, "Index Cond": "(s_nationkey = public.nation.n_nationkey)"}]}]}, {"Node Type": "Bitmap Heap Scan", "Parent Relationship": "Inner", "Relation Name": "partsupp", "Alias": "partsupp", "Startup Cost": 1.57, "Total Cost": 9.71, "Plan Rows": 13, "Plan Width": 32, "Recheck Cond": "(ps_suppkey = public.supplier.s_suppkey)", "Plans": [{"Node Type": "Bitmap Index Scan", "Parent Relationship": "Outer", "Index Name": "idx_partsupp_suppkey", "Startup Cost": 0.0, "Total Cost": 1.56, "Plan Rows": 13, "Plan Width": 0, "Index Cond": "(ps_suppkey = public.supplier.s_suppkey)"}]}]}]}]}, "Unique SQL Id": 2932834211, "Planner Runtime": 0}, "explain_analyze_plan": {"Plan": {"Node Type": "Sort", "Startup Cost": 90032.55, "Total Cost": 90167.0, "Plan Rows": 53780, "Plan Width": 24, "Actual Startup Time": 2112.155, "Actual Total Time": 2112.155, "Actual Rows": 0, "Actual Loops": 1, "Sort Key": ["(sum((public.partsupp.ps_supplycost * (public.partsupp.ps_availqty)::double precision))) DESC"], "Sort Method": "quicksort", "Sort Space Used": 25, "Sort Space Type": "Memory", "Plans": [{"Node Type": "Aggregate", "Strategy": "Plain", "Parent Relationship": "exec_init_plan", "Subplan Name": "InitPlan 1 (returns $2)", "Startup Cost": 42298.39, "Total Cost": 42298.4, "Plan Rows": 1, "Plan Width": 24, "Actual Startup Time": 928.307, "Actual Total Time": 928.307, "Actual Rows": 1, "Actual Loops": 1, "Plans": [{"Node Type": "Nested Loop", "Parent Relationship": "Outer", "Join Type": "Inner", "Startup Cost": 96.82, "Total Cost": 41895.04, "Plan Rows": 53780, "Plan Width": 16, "Actual Startup Time": 0.986, "Actual Total Time": 800.403, "Actual Rows": 313920, "Actual Loops": 1, "Inner Unique": false, "Plans": [{"Node Type": "Nested Loop", "Parent Relationship": "Outer", "Join Type": "Inner", "Startup Cost": 95.25, "Total Cost": 2533.35, "Plan Rows": 4000, "Plan Width": 8, "Actual Startup Time": 0.938, "Actual Total Time": 7.951, "Actual Rows": 3924, "Actual Loops": 1, "Inner Unique": false, "Plans": [{"Node Type": "Seq Scan", "Parent Relationship": "Outer", "Relation Name": "nation", "Alias": "nation", "Startup Cost": 0.0, "Total Cost": 1.31, "Plan Rows": 1, "Plan Width": 4, "Actual Startup Time": 0.042, "Actual Total Time": 0.056, "Actual Rows": 1, "Actual Loops": 1, "Filter": "(n_name = 'MOZAMBIQUE'::bpchar)", "Rows Removed by Filter": 24}, {"Node Type": "Bitmap Heap Scan", "Parent Relationship": "Inner", "Relation Name": "supplier", "Alias": "supplier", "Startup Cost": 95.25, "Total Cost": 2492.04, "Plan Rows": 4000, "Plan Width": 12, "Actual Startup Time": 0.889, "Actual Total Time": 7.054, "Actual Rows": 3924, "Actual Loops": 1, "Recheck Cond": "(s_nationkey = public.nation.n_nationkey)", "Rows Removed by Index Recheck": 0, "Exact Heap Blocks": 1895, "Lossy Heap Blocks": 1895, "Plans": [{"Node Type": "Bitmap Index Scan", "Parent Relationship": "Outer", "Index Name": "idx_supplier_nation_key", "Startup Cost": 0.0, "Total Cost": 94.25, "Plan Rows": 4000, "Plan Width": 0, "Actual Startup Time": 0.609, "Actual Total Time": 0.609, "Actual Rows": 3924, "Actual Loops": 1, "Index Cond": "(s_nationkey = public.nation.n_nationkey)"}]}]}, {"Node Type": "Bitmap Heap Scan", "Parent Relationship": "Inner", "Relation Name": "partsupp", "Alias": "partsupp", "Startup Cost": 1.57, "Total Cost": 9.71, "Plan Rows": 13, "Plan Width": 24, "Actual Startup Time": 104.492, "Actual Total Time": 724.345, "Actual Rows": 313920, "Actual Loops": 3924, "Recheck Cond": "(ps_suppkey = public.supplier.s_suppkey)", "Rows Removed by Index Recheck": 0, "Exact Heap Blocks": 313920, "Lossy Heap Blocks": 313920, "Plans": [{"Node Type": "Bitmap Index Scan", "Parent Relationship": "Outer", "Index Name": "idx_partsupp_suppkey", "Startup Cost": 0.0, "Total Cost": 1.56, "Plan Rows": 13, "Plan Width": 0, "Actual Startup Time": 65.503, "Actual Total Time": 65.503, "Actual Rows": 313920, "Actual Loops": 3924, "Index Cond": "(ps_suppkey = public.supplier.s_suppkey)"}]}]}]}, {"Node Type": "Aggregate", "Strategy": "Hashed", "Parent Relationship": "Outer", "Startup Cost": 42836.19, "Total Cost": 43508.44, "Plan Rows": 53780, "Plan Width": 24, "Actual Startup Time": 2111.624, "Actual Total Time": 2111.624, "Actual Rows": 0, "Actual Loops": 1, "Group By Key": ["public.partsupp.ps_partkey"], "Filter": "(sum((public.partsupp.ps_supplycost * (public.partsupp.ps_availqty)::double precision)) > $2)", "Rows Removed by Filter": 295792, "Plans": [{"Node Type": "Nested Loop", "Parent Relationship": "Outer", "Join Type": "Inner", "Startup Cost": 96.82, "Total Cost": 41895.04, "Plan Rows": 53780, "Plan Width": 24, "Actual Startup Time": 1.009, "Actual Total Time": 754.894, "Actual Rows": 313920, "Actual Loops": 1, "Inner Unique": false, "Plans": [{"Node Type": "Nested Loop", "Parent Relationship": "Outer", "Join Type": "Inner", "Startup Cost": 95.25, "Total Cost": 2533.35, "Plan Rows": 4000, "Plan Width": 8, "Actual Startup Time": 0.964, "Actual Total Time": 7.76, "Actual Rows": 3924, "Actual Loops": 1, "Inner Unique": false, "Plans": [{"Node Type": "Seq Scan", "Parent Relationship": "Outer", "Relation Name": "nation", "Alias": "nation", "Startup Cost": 0.0, "Total Cost": 1.31, "Plan Rows": 1, "Plan Width": 4, "Actual Startup Time": 0.029, "Actual Total Time": 0.042, "Actual Rows": 1, "Actual Loops": 1, "Filter": "(n_name = 'MOZAMBIQUE'::bpchar)", "Rows Removed by Filter": 24}, {"Node Type": "Bitmap Heap Scan", "Parent Relationship": "Inner", "Relation Name": "supplier", "Alias": "supplier", "Startup Cost": 95.25, "Total Cost": 2492.04, "Plan Rows": 4000, "Plan Width": 12, "Actual Startup Time": 0.928, "Actual Total Time": 6.732, "Actual Rows": 3924, "Actual Loops": 1, "Recheck Cond": "(s_nationkey = public.nation.n_nationkey)", "Rows Removed by Index Recheck": 0, "Exact Heap Blocks": 1895, "Lossy Heap Blocks": 1895, "Plans": [{"Node Type": "Bitmap Index Scan", "Parent Relationship": "Outer", "Index Name": "idx_supplier_nation_key", "Startup Cost": 0.0, "Total Cost": 94.25, "Plan Rows": 4000, "Plan Width": 0, "Actual Startup Time": 0.646, "Actual Total Time": 0.646, "Actual Rows": 3924, "Actual Loops": 1, "Index Cond": "(s_nationkey = public.nation.n_nationkey)"}]}]}, {"Node Type": "Bitmap Heap Scan", "Parent Relationship": "Inner", "Relation Name": "partsupp", "Alias": "partsupp", "Startup Cost": 1.57, "Total Cost": 9.71, "Plan Rows": 13, "Plan Width": 32, "Actual Startup Time": 103.168, "Actual Total Time": 673.653, "Actual Rows": 313920, "Actual Loops": 3924, "Recheck Cond": "(ps_suppkey = public.supplier.s_suppkey)", "Rows Removed by Index Recheck": 0, "Exact Heap Blocks": 313920, "Lossy Heap Blocks": 313920, "Plans": [{"Node Type": "Bitmap Index Scan", "Parent Relationship": "Outer", "Index Name": "idx_partsupp_suppkey", "Startup Cost": 0.0, "Total Cost": 1.56, "Plan Rows": 13, "Plan Width": 0, "Actual Startup Time": 64.013, "Actual Total Time": 64.013, "Actual Rows": 313920, "Actual Loops": 3924, "Index Cond": "(ps_suppkey = public.supplier.s_suppkey)"}]}]}]}]}, "Triggers": [], "Planner Runtime": 0, "Total Runtime": 2112.492, "Unique SQL Id": 2932834211}}, "(1, 35)": {"explain_plan": {"Plan": {"Node Type": "Sort", "Startup Cost": 2000084159245.82, "Total Cost": 2000084159380.27, "Plan Rows": 53780, "Plan Width": 40, "Sort Key": ["(sum((public.partsupp.ps_supplycost * (public.partsupp.ps_availqty)::double precision))) DESC"], "Plans": [{"Node Type": "Aggregate", "Strategy": "Plain", "Parent Relationship": "exec_init_plan", "Subplan Name": "InitPlan 1 (returns $2)", "Startup Cost": 1000001001502.42, "Total Cost": 1000001001502.43, "Plan Rows": 1, "Plan Width": 24, "Plans": [{"Node Type": "Nested Loop", "Parent Relationship": "Outer", "Join Type": "Inner", "Startup Cost": 10000000001.83, "Total Cost": 1000001001099.07, "Plan Rows": 53780, "Plan Width": 16, "Inner Unique": false, "Plans": [{"Node Type": "Nested Loop", "Parent Relationship": "Outer", "Join Type": "Inner", "Startup Cost": 10000000000.26, "Total Cost": 1000000961737.38, "Plan Rows": 4000, "Plan Width": 8, "Inner Unique": true, "Plans": [{"Node Type": "Index Scan", "Parent Relationship": "Outer", "Scan Direction": "Forward", "Index Name": "supplier_pkey", "Relation Name": "supplier", "Alias": "supplier", "Startup Cost": 10000000000.0, "Total Cost": 1000000533454.38, "Plan Rows": 100000, "Plan Width": 12}, {"Node Type": "Bitmap Heap Scan", "Parent Relationship": "Inner", "Relation Name": "nation", "Alias": "nation", "Startup Cost": 0.26, "Total Cost": 4.27, "Plan Rows": 1, "Plan Width": 4, "Recheck Cond": "(n_nationkey = public.supplier.s_nationkey)", "Filter": "(n_name = 'MOZAMBIQUE'::bpchar)", "Plans": [{"Node Type": "Bitmap Index Scan", "Parent Relationship": "Outer", "Index Name": "nation_pkey", "Startup Cost": 0.0, "Total Cost": 0.26, "Plan Rows": 1, "Plan Width": 0, "Index Cond": "(n_nationkey = public.supplier.s_nationkey)"}]}]}, {"Node Type": "Bitmap Heap Scan", "Parent Relationship": "Inner", "Relation Name": "partsupp", "Alias": "partsupp", "Startup Cost": 1.57, "Total Cost": 9.71, "Plan Rows": 13, "Plan Width": 24, "Recheck Cond": "(ps_suppkey = public.supplier.s_suppkey)", "Plans": [{"Node Type": "Bitmap Index Scan", "Parent Relationship": "Outer", "Index Name": "idx_partsupp_suppkey", "Startup Cost": 0.0, "Total Cost": 1.56, "Plan Rows": 13, "Plan Width": 0, "Index Cond": "(ps_suppkey = public.supplier.s_suppkey)"}]}]}]}, {"Node Type": "Aggregate", "Strategy": "Sorted", "Parent Relationship": "Outer", "Startup Cost": 10000000000.52, "Total Cost": 1000083153517.69, "Plan Rows": 53780, "Plan Width": 40, "Group By Key": ["public.partsupp.ps_partkey"], "Filter": "(sum((public.partsupp.ps_supplycost * (public.partsupp.ps_availqty)::double precision)) > $2)", "Plans": [{"Node Type": "Nested Loop", "Parent Relationship": "Outer", "Join Type": "Inner", "Startup Cost": 10000000000.52, "Total Cost": 1000083151904.29, "Plan Rows": 53780, "Plan Width": 24, "Inner Unique": true, "Plans": [{"Node Type": "Nested Loop", "Parent Relationship": "Outer", "Join Type": "Inner", "Startup Cost": 10000000000.26, "Total Cost": 1000077393643.64, "Plan Rows": 1344499, "Plan Width": 28, "Inner Unique": true, "Plans": [{"Node Type": "Index Scan", "Parent Relationship": "Outer", "Scan Direction": "Forward", "Index Name": "idx_partsupp_partkey", "Relation Name": "partsupp", "Alias": "partsupp", "Startup Cost": 10000000000.0, "Total Cost": 1000043148503.38, "Plan Rows": 8000372, "Plan Width": 32}, {"Node Type": "Bitmap Heap Scan", "Parent Relationship": "Inner", "Relation Name": "supplier", "Alias": "supplier", "Startup Cost": 0.26, "Total Cost": 4.27, "Plan Rows": 1, "Plan Width": 12, "Recheck Cond": "(s_suppkey = public.partsupp.ps_suppkey)", "Plans": [{"Node Type": "Bitmap Index Scan", "Parent Relationship": "Outer", "Index Name": "supplier_pkey", "Startup Cost": 0.0, "Total Cost": 0.26, "Plan Rows": 1, "Plan Width": 0, "Index Cond": "(s_suppkey = public.partsupp.ps_suppkey)"}]}]}, {"Node Type": "Bitmap Heap Scan", "Parent Relationship": "Inner", "Relation Name": "nation", "Alias": "nation", "Startup Cost": 0.26, "Total Cost": 4.27, "Plan Rows": 1, "Plan Width": 4, "Recheck Cond": "(n_nationkey = public.supplier.s_nationkey)", "Filter": "(n_name = 'MOZAMBIQUE'::bpchar)", "Plans": [{"Node Type": "Bitmap Index Scan", "Parent Relationship": "Outer", "Index Name": "nation_pkey", "Startup Cost": 0.0, "Total Cost": 0.26, "Plan Rows": 1, "Plan Width": 0, "Index Cond": "(n_nationkey = public.supplier.s_nationkey)"}]}]}]}]}, "Unique SQL Id": 2932834211, "Planner Runtime": 0}, "explain_analyze_plan": null}, "(1, 36)": {"explain_plan": {"Plan": {"Node Type": "Sort", "Startup Cost": 86957.11, "Total Cost": 87091.56, "Plan Rows": 53780, "Plan Width": 24, "Sort Key": ["(sum((public.partsupp.ps_supplycost * (public.partsupp.ps_availqty)::double precision))) DESC"], "Plans": [{"Node Type": "Aggregate", "Strategy": "Plain", "Parent Relationship": "exec_init_plan", "Subplan Name": "InitPlan 1 (returns $2)", "Startup Cost": 40760.67, "Total Cost": 40760.68, "Plan Rows": 1, "Plan Width": 24, "Plans": [{"Node Type": "Nested Loop", "Parent Relationship": "Outer", "Join Type": "Inner", "Startup Cost": 95.25, "Total Cost": 40357.32, "Plan Rows": 53780, "Plan Width": 16, "Inner Unique": false, "Plans": [{"Node Type": "Nested Loop", "Parent Relationship": "Outer", "Join Type": "Inner", "Startup Cost": 95.25, "Total Cost": 2533.35, "Plan Rows": 4000, "Plan Width": 8, "Inner Unique": false, "Plans": [{"Node Type": "Seq Scan", "Parent Relationship": "Outer", "Relation Name": "nation", "Alias": "nation", "Startup Cost": 0.0, "Total Cost": 1.31, "Plan Rows": 1, "Plan Width": 4, "Filter": "(n_name = 'MOZAMBIQUE'::bpchar)"}, {"Node Type": "Bitmap Heap Scan", "Parent Relationship": "Inner", "Relation Name": "supplier", "Alias": "supplier", "Startup Cost": 95.25, "Total Cost": 2492.04, "Plan Rows": 4000, "Plan Width": 12, "Recheck Cond": "(s_nationkey = public.nation.n_nationkey)", "Plans": [{"Node Type": "Bitmap Index Scan", "Parent Relationship": "Outer", "Index Name": "idx_supplier_nation_key", "Startup Cost": 0.0, "Total Cost": 94.25, "Plan Rows": 4000, "Plan Width": 0, "Index Cond": "(s_nationkey = public.nation.n_nationkey)"}]}]}, {"Node Type": "Index Scan", "Parent Relationship": "Inner", "Scan Direction": "Forward", "Index Name": "idx_partsupp_suppkey", "Relation Name": "partsupp", "Alias": "partsupp", "Startup Cost": 0.0, "Total Cost": 9.33, "Plan Rows": 13, "Plan Width": 24, "Index Cond": "(ps_suppkey = public.supplier.s_suppkey)"}]}]}, {"Node Type": "Aggregate", "Strategy": "Hashed", "Parent Relationship": "Outer", "Startup Cost": 41298.47, "Total Cost": 41970.72, "Plan Rows": 53780, "Plan Width": 24, "Group By Key": ["public.partsupp.ps_partkey"], "Filter": "(sum((public.partsupp.ps_supplycost * (public.partsupp.ps_availqty)::double precision)) > $2)", "Plans": [{"Node Type": "Nested Loop", "Parent Relationship": "Outer", "Join Type": "Inner", "Startup Cost": 95.25, "Total Cost": 40357.32, "Plan Rows": 53780, "Plan Width": 24, "Inner Unique": false, "Plans": [{"Node Type": "Nested Loop", "Parent Relationship": "Outer", "Join Type": "Inner", "Startup Cost": 95.25, "Total Cost": 2533.35, "Plan Rows": 4000, "Plan Width": 8, "Inner Unique": false, "Plans": [{"Node Type": "Seq Scan", "Parent Relationship": "Outer", "Relation Name": "nation", "Alias": "nation", "Startup Cost": 0.0, "Total Cost": 1.31, "Plan Rows": 1, "Plan Width": 4, "Filter": "(n_name = 'MOZAMBIQUE'::bpchar)"}, {"Node Type": "Bitmap Heap Scan", "Parent Relationship": "Inner", "Relation Name": "supplier", "Alias": "supplier", "Startup Cost": 95.25, "Total Cost": 2492.04, "Plan Rows": 4000, "Plan Width": 12, "Recheck Cond": "(s_nationkey = public.nation.n_nationkey)", "Plans": [{"Node Type": "Bitmap Index Scan", "Parent Relationship": "Outer", "Index Name": "idx_supplier_nation_key", "Startup Cost": 0.0, "Total Cost": 94.25, "Plan Rows": 4000, "Plan Width": 0, "Index Cond": "(s_nationkey = public.nation.n_nationkey)"}]}]}, {"Node Type": "Index Scan", "Parent Relationship": "Inner", "Scan Direction": "Forward", "Index Name": "idx_partsupp_suppkey", "Relation Name": "partsupp", "Alias": "partsupp", "Startup Cost": 0.0, "Total Cost": 9.33, "Plan Rows": 13, "Plan Width": 32, "Index Cond": "(ps_suppkey = public.supplier.s_suppkey)"}]}]}]}, "Unique SQL Id": 2932834211, "Planner Runtime": 0}, "explain_analyze_plan": {"Plan": {"Node Type": "Sort", "Startup Cost": 86957.11, "Total Cost": 87091.56, "Plan Rows": 53780, "Plan Width": 24, "Actual Startup Time": 1860.176, "Actual Total Time": 1860.176, "Actual Rows": 0, "Actual Loops": 1, "Sort Key": ["(sum((public.partsupp.ps_supplycost * (public.partsupp.ps_availqty)::double precision))) DESC"], "Sort Method": "quicksort", "Sort Space Used": 25, "Sort Space Type": "Memory", "Plans": [{"Node Type": "Aggregate", "Strategy": "Plain", "Parent Relationship": "exec_init_plan", "Subplan Name": "InitPlan 1 (returns $2)", "Startup Cost": 40760.67, "Total Cost": 40760.68, "Plan Rows": 1, "Plan Width": 24, "Actual Startup Time": 807.27, "Actual Total Time": 807.27, "Actual Rows": 1, "Actual Loops": 1, "Plans": [{"Node Type": "Nested Loop", "Parent Relationship": "Outer", "Join Type": "Inner", "Startup Cost": 95.25, "Total Cost": 40357.32, "Plan Rows": 53780, "Plan Width": 16, "Actual Startup Time": 0.965, "Actual Total Time": 672.642, "Actual Rows": 313920, "Actual Loops": 1, "Inner Unique": false, "Plans": [{"Node Type": "Nested Loop", "Parent Relationship": "Outer", "Join Type": "Inner", "Startup Cost": 95.25, "Total Cost": 2533.35, "Plan Rows": 4000, "Plan Width": 8, "Actual Startup Time": 0.942, "Actual Total Time": 8.242, "Actual Rows": 3924, "Actual Loops": 1, "Inner Unique": false, "Plans": [{"Node Type": "Seq Scan", "Parent Relationship": "Outer", "Relation Name": "nation", "Alias": "nation", "Startup Cost": 0.0, "Total Cost": 1.31, "Plan Rows": 1, "Plan Width": 4, "Actual Startup Time": 0.022, "Actual Total Time": 0.034, "Actual Rows": 1, "Actual Loops": 1, "Filter": "(n_name = 'MOZAMBIQUE'::bpchar)", "Rows Removed by Filter": 24}, {"Node Type": "Bitmap Heap Scan", "Parent Relationship": "Inner", "Relation Name": "supplier", "Alias": "supplier", "Startup Cost": 95.25, "Total Cost": 2492.04, "Plan Rows": 4000, "Plan Width": 12, "Actual Startup Time": 0.902, "Actual Total Time": 7.218, "Actual Rows": 3924, "Actual Loops": 1, "Recheck Cond": "(s_nationkey = public.nation.n_nationkey)", "Rows Removed by Index Recheck": 0, "Exact Heap Blocks": 1895, "Lossy Heap Blocks": 1895, "Plans": [{"Node Type": "Bitmap Index Scan", "Parent Relationship": "Outer", "Index Name": "idx_supplier_nation_key", "Startup Cost": 0.0, "Total Cost": 94.25, "Plan Rows": 4000, "Plan Width": 0, "Actual Startup Time": 0.624, "Actual Total Time": 0.624, "Actual Rows": 3924, "Actual Loops": 1, "Index Cond": "(s_nationkey = public.nation.n_nationkey)"}]}]}, {"Node Type": "Index Scan", "Parent Relationship": "Inner", "Scan Direction": "Forward", "Index Name": "idx_partsupp_suppkey", "Relation Name": "partsupp", "Alias": "partsupp", "Startup Cost": 0.0, "Total Cost": 9.33, "Plan Rows": 13, "Plan Width": 24, "Actual Startup Time": 47.388, "Actual Total Time": 597.413, "Actual Rows": 313920, "Actual Loops": 3924, "Index Cond": "(ps_suppkey = public.supplier.s_suppkey)", "Rows Removed by Index Recheck": 0}]}]}, {"Node Type": "Aggregate", "Strategy": "Hashed", "Parent Relationship": "Outer", "Startup Cost": 41298.47, "Total Cost": 41970.72, "Plan Rows": 53780, "Plan Width": 24, "Actual Startup Time": 1859.631, "Actual Total Time": 1859.631, "Actual Rows": 0, "Actual Loops": 1, "Group By Key": ["public.partsupp.ps_partkey"], "Filter": "(sum((public.partsupp.ps_supplycost * (public.partsupp.ps_availqty)::double precision)) > $2)", "Rows Removed by Filter": 295792, "Plans": [{"Node Type": "Nested Loop", "Parent Relationship": "Outer", "Join Type": "Inner", "Startup Cost": 95.25, "Total Cost": 40357.32, "Plan Rows": 53780, "Plan Width": 24, "Actual Startup Time": 0.962, "Actual Total Time": 624.76, "Actual Rows": 313920, "Actual Loops": 1, "Inner Unique": false, "Plans": [{"Node Type": "Nested Loop", "Parent Relationship": "Outer", "Join Type": "Inner", "Startup Cost": 95.25, "Total Cost": 2533.35, "Plan Rows": 4000, "Plan Width": 8, "Actual Startup Time": 0.938, "Actual Total Time": 7.852, "Actual Rows": 3924, "Actual Loops": 1, "Inner Unique": false, "Plans": [{"Node Type": "Seq Scan", "Parent Relationship": "Outer", "Relation Name": "nation", "Alias": "nation", "Startup Cost": 0.0, "Total Cost": 1.31, "Plan Rows": 1, "Plan Width": 4, "Actual Startup Time": 0.03, "Actual Total Time": 0.042, "Actual Rows": 1, "Actual Loops": 1, "Filter": "(n_name = 'MOZAMBIQUE'::bpchar)", "Rows Removed by Filter": 24}, {"Node Type": "Bitmap Heap Scan", "Parent Relationship": "Inner", "Relation Name": "supplier", "Alias": "supplier", "Startup Cost": 95.25, "Total Cost": 2492.04, "Plan Rows": 4000, "Plan Width": 12, "Actual Startup Time": 0.901, "Actual Total Time": 6.942, "Actual Rows": 3924, "Actual Loops": 1, "Recheck Cond": "(s_nationkey = public.nation.n_nationkey)", "Rows Removed by Index Recheck": 0, "Exact Heap Blocks": 1895, "Lossy Heap Blocks": 1895, "Plans": [{"Node Type": "Bitmap Index Scan", "Parent Relationship": "Outer", "Index Name": "idx_supplier_nation_key", "Startup Cost": 0.0, "Total Cost": 94.25, "Plan Rows": 4000, "Plan Width": 0, "Actual Startup Time": 0.617, "Actual Total Time": 0.617, "Actual Rows": 3924, "Actual Loops": 1, "Index Cond": "(s_nationkey = public.nation.n_nationkey)"}]}]}, {"Node Type": "Index Scan", "Parent Relationship": "Inner", "Scan Direction": "Forward", "Index Name": "idx_partsupp_suppkey", "Relation Name": "partsupp", "Alias": "partsupp", "Startup Cost": 0.0, "Total Cost": 9.33, "Plan Rows": 13, "Plan Width": 32, "Actual Startup Time": 44.498, "Actual Total Time": 545.855, "Actual Rows": 313920, "Actual Loops": 3924, "Index Cond": "(ps_suppkey = public.supplier.s_suppkey)", "Rows Removed by Index Recheck": 0}]}]}]}, "Triggers": [], "Planner Runtime": 0, "Total Runtime": 1860.493, "Unique SQL Id": 2932834211}}, "(1, 37)": {"explain_plan": {"Plan": {"Node Type": "Sort", "Startup Cost": 86979.86, "Total Cost": 87114.31, "Plan Rows": 53780, "Plan Width": 24, "Sort Key": ["(sum((public.partsupp.ps_supplycost * (public.partsupp.ps_availqty)::double precision))) DESC"], "Plans": [{"Node Type": "Aggregate", "Strategy": "Plain", "Parent Relationship": "exec_init_plan", "Subplan Name": "InitPlan 1 (returns $2)", "Startup Cost": 40772.04, "Total Cost": 40772.06, "Plan Rows": 1, "Plan Width": 24, "Plans": [{"Node Type": "Nested Loop", "Parent Relationship": "Outer", "Join Type": "Inner", "Startup Cost": 95.25, "Total Cost": 40368.69, "Plan Rows": 53780, "Plan Width": 16, "Inner Unique": false, "Plans": [{"Node Type": "Nested Loop", "Parent Relationship": "Outer", "Join Type": "Inner", "Startup Cost": 95.25, "Total Cost": 2544.73, "Plan Rows": 4000, "Plan Width": 8, "Inner Unique": false, "Plans": [{"Node Type": "Index Scan", "Parent Relationship": "Outer", "Scan Direction": "Forward", "Index Name": "nation_pkey", "Relation Name": "nation", "Alias": "nation", "Startup Cost": 0.0, "Total Cost": 12.69, "Plan Rows": 1, "Plan Width": 4, "Filter": "(n_name = 'MOZAMBIQUE'::bpchar)"}, {"Node Type": "Bitmap Heap Scan", "Parent Relationship": "Inner", "Relation Name": "supplier", "Alias": "supplier", "Startup Cost": 95.25, "Total Cost": 2492.04, "Plan Rows": 4000, "Plan Width": 12, "Recheck Cond": "(s_nationkey = public.nation.n_nationkey)", "Plans": [{"Node Type": "Bitmap Index Scan", "Parent Relationship": "Outer", "Index Name": "idx_supplier_nation_key", "Startup Cost": 0.0, "Total Cost": 94.25, "Plan Rows": 4000, "Plan Width": 0, "Index Cond": "(s_nationkey = public.nation.n_nationkey)"}]}]}, {"Node Type": "Index Scan", "Parent Relationship": "Inner", "Scan Direction": "Forward", "Index Name": "idx_partsupp_suppkey", "Relation Name": "partsupp", "Alias": "partsupp", "Startup Cost": 0.0, "Total Cost": 9.33, "Plan Rows": 13, "Plan Width": 24, "Index Cond": "(ps_suppkey = public.supplier.s_suppkey)"}]}]}, {"Node Type": "Aggregate", "Strategy": "Hashed", "Parent Relationship": "Outer", "Startup Cost": 41309.84, "Total Cost": 41982.09, "Plan Rows": 53780, "Plan Width": 24, "Group By Key": ["public.partsupp.ps_partkey"], "Filter": "(sum((public.partsupp.ps_supplycost * (public.partsupp.ps_availqty)::double precision)) > $2)", "Plans": [{"Node Type": "Nested Loop", "Parent Relationship": "Outer", "Join Type": "Inner", "Startup Cost": 95.25, "Total Cost": 40368.69, "Plan Rows": 53780, "Plan Width": 24, "Inner Unique": false, "Plans": [{"Node Type": "Nested Loop", "Parent Relationship": "Outer", "Join Type": "Inner", "Startup Cost": 95.25, "Total Cost": 2544.73, "Plan Rows": 4000, "Plan Width": 8, "Inner Unique": false, "Plans": [{"Node Type": "Index Scan", "Parent Relationship": "Outer", "Scan Direction": "Forward", "Index Name": "nation_pkey", "Relation Name": "nation", "Alias": "nation", "Startup Cost": 0.0, "Total Cost": 12.69, "Plan Rows": 1, "Plan Width": 4, "Filter": "(n_name = 'MOZAMBIQUE'::bpchar)"}, {"Node Type": "Bitmap Heap Scan", "Parent Relationship": "Inner", "Relation Name": "supplier", "Alias": "supplier", "Startup Cost": 95.25, "Total Cost": 2492.04, "Plan Rows": 4000, "Plan Width": 12, "Recheck Cond": "(s_nationkey = public.nation.n_nationkey)", "Plans": [{"Node Type": "Bitmap Index Scan", "Parent Relationship": "Outer", "Index Name": "idx_supplier_nation_key", "Startup Cost": 0.0, "Total Cost": 94.25, "Plan Rows": 4000, "Plan Width": 0, "Index Cond": "(s_nationkey = public.nation.n_nationkey)"}]}]}, {"Node Type": "Index Scan", "Parent Relationship": "Inner", "Scan Direction": "Forward", "Index Name": "idx_partsupp_suppkey", "Relation Name": "partsupp", "Alias": "partsupp", "Startup Cost": 0.0, "Total Cost": 9.33, "Plan Rows": 13, "Plan Width": 32, "Index Cond": "(ps_suppkey = public.supplier.s_suppkey)"}]}]}]}, "Unique SQL Id": 2932834211, "Planner Runtime": 0}, "explain_analyze_plan": {"Plan": {"Node Type": "Sort", "Startup Cost": 86979.86, "Total Cost": 87114.31, "Plan Rows": 53780, "Plan Width": 24, "Actual Startup Time": 1810.725, "Actual Total Time": 1810.725, "Actual Rows": 0, "Actual Loops": 1, "Sort Key": ["(sum((public.partsupp.ps_supplycost * (public.partsupp.ps_availqty)::double precision))) DESC"], "Sort Method": "quicksort", "Sort Space Used": 25, "Sort Space Type": "Memory", "Plans": [{"Node Type": "Aggregate", "Strategy": "Plain", "Parent Relationship": "exec_init_plan", "Subplan Name": "InitPlan 1 (returns $2)", "Startup Cost": 40772.04, "Total Cost": 40772.06, "Plan Rows": 1, "Plan Width": 24, "Actual Startup Time": 757.524, "Actual Total Time": 757.525, "Actual Rows": 1, "Actual Loops": 1, "Plans": [{"Node Type": "Nested Loop", "Parent Relationship": "Outer", "Join Type": "Inner", "Startup Cost": 95.25, "Total Cost": 40368.69, "Plan Rows": 53780, "Plan Width": 16, "Actual Startup Time": 0.984, "Actual Total Time": 623.043, "Actual Rows": 313920, "Actual Loops": 1, "Inner Unique": false, "Plans": [{"Node Type": "Nested Loop", "Parent Relationship": "Outer", "Join Type": "Inner", "Startup Cost": 95.25, "Total Cost": 2544.73, "Plan Rows": 4000, "Plan Width": 8, "Actual Startup Time": 0.961, "Actual Total Time": 7.606, "Actual Rows": 3924, "Actual Loops": 1, "Inner Unique": false, "Plans": [{"Node Type": "Index Scan", "Parent Relationship": "Outer", "Scan Direction": "Forward", "Index Name": "nation_pkey", "Relation Name": "nation", "Alias": "nation", "Startup Cost": 0.0, "Total Cost": 12.69, "Plan Rows": 1, "Plan Width": 4, "Actual Startup Time": 0.021, "Actual Total Time": 0.035, "Actual Rows": 1, "Actual Loops": 1, "Filter": "(n_name = 'MOZAMBIQUE'::bpchar)", "Rows Removed by Filter": 24}, {"Node Type": "Bitmap Heap Scan", "Parent Relationship": "Inner", "Relation Name": "supplier", "Alias": "supplier", "Startup Cost": 95.25, "Total Cost": 2492.04, "Plan Rows": 4000, "Plan Width": 12, "Actual Startup Time": 0.923, "Actual Total Time": 6.688, "Actual Rows": 3924, "Actual Loops": 1, "Recheck Cond": "(s_nationkey = public.nation.n_nationkey)", "Rows Removed by Index Recheck": 0, "Exact Heap Blocks": 1895, "Lossy Heap Blocks": 1895, "Plans": [{"Node Type": "Bitmap Index Scan", "Parent Relationship": "Outer", "Index Name": "idx_supplier_nation_key", "Startup Cost": 0.0, "Total Cost": 94.25, "Plan Rows": 4000, "Plan Width": 0, "Actual Startup Time": 0.63, "Actual Total Time": 0.63, "Actual Rows": 3924, "Actual Loops": 1, "Index Cond": "(s_nationkey = public.nation.n_nationkey)"}]}]}, {"Node Type": "Index Scan", "Parent Relationship": "Inner", "Scan Direction": "Forward", "Index Name": "idx_partsupp_suppkey", "Relation Name": "partsupp", "Alias": "partsupp", "Startup Cost": 0.0, "Total Cost": 9.33, "Plan Rows": 13, "Plan Width": 24, "Actual Startup Time": 44.034, "Actual Total Time": 548.454, "Actual Rows": 313920, "Actual Loops": 3924, "Index Cond": "(ps_suppkey = public.supplier.s_suppkey)", "Rows Removed by Index Recheck": 0}]}]}, {"Node Type": "Aggregate", "Strategy": "Hashed", "Parent Relationship": "Outer", "Startup Cost": 41309.84, "Total Cost": 41982.09, "Plan Rows": 53780, "Plan Width": 24, "Actual Startup Time": 1810.3, "Actual Total Time": 1810.3, "Actual Rows": 0, "Actual Loops": 1, "Group By Key": ["public.partsupp.ps_partkey"], "Filter": "(sum((public.partsupp.ps_supplycost * (public.partsupp.ps_availqty)::double precision)) > $2)", "Rows Removed by Filter": 295792, "Plans": [{"Node Type": "Nested Loop", "Parent Relationship": "Outer", "Join Type": "Inner", "Startup Cost": 95.25, "Total Cost": 40368.69, "Plan Rows": 53780, "Plan Width": 24, "Actual Startup Time": 1.02, "Actual Total Time": 665.011, "Actual Rows": 313920, "Actual Loops": 1, "Inner Unique": false, "Plans": [{"Node Type": "Nested Loop", "Parent Relationship": "Outer", "Join Type": "Inner", "Startup Cost": 95.25, "Total Cost": 2544.73, "Plan Rows": 4000, "Plan Width": 8, "Actual Startup Time": 0.991, "Actual Total Time": 8.384, "Actual Rows": 3924, "Actual Loops": 1, "Inner Unique": false, "Plans": [{"Node Type": "Index Scan", "Parent Relationship": "Outer", "Scan Direction": "Forward", "Index Name": "nation_pkey", "Relation Name": "nation", "Alias": "nation", "Startup Cost": 0.0, "Total Cost": 12.69, "Plan Rows": 1, "Plan Width": 4, "Actual Startup Time": 0.054, "Actual Total Time": 0.067, "Actual Rows": 1, "Actual Loops": 1, "Filter": "(n_name = 'MOZAMBIQUE'::bpchar)", "Rows Removed by Filter": 24}, {"Node Type": "Bitmap Heap Scan", "Parent Relationship": "Inner", "Relation Name": "supplier", "Alias": "supplier", "Startup Cost": 95.25, "Total Cost": 2492.04, "Plan Rows": 4000, "Plan Width": 12, "Actual Startup Time": 0.919, "Actual Total Time": 7.44, "Actual Rows": 3924, "Actual Loops": 1, "Recheck Cond": "(s_nationkey = public.nation.n_nationkey)", "Rows Removed by Index Recheck": 0, "Exact Heap Blocks": 1895, "Lossy Heap Blocks": 1895, "Plans": [{"Node Type": "Bitmap Index Scan", "Parent Relationship": "Outer", "Index Name": "idx_supplier_nation_key", "Startup Cost": 0.0, "Total Cost": 94.25, "Plan Rows": 4000, "Plan Width": 0, "Actual Startup Time": 0.633, "Actual Total Time": 0.633, "Actual Rows": 3924, "Actual Loops": 1, "Index Cond": "(s_nationkey = public.nation.n_nationkey)"}]}]}, {"Node Type": "Index Scan", "Parent Relationship": "Inner", "Scan Direction": "Forward", "Index Name": "idx_partsupp_suppkey", "Relation Name": "partsupp", "Alias": "partsupp", "Startup Cost": 0.0, "Total Cost": 9.33, "Plan Rows": 13, "Plan Width": 32, "Actual Startup Time": 46.318, "Actual Total Time": 585.067, "Actual Rows": 313920, "Actual Loops": 3924, "Index Cond": "(ps_suppkey = public.supplier.s_suppkey)", "Rows Removed by Index Recheck": 0}]}]}]}, "Triggers": [], "Planner Runtime": 0, "Total Runtime": 1811.196, "Unique SQL Id": 2932834211}}, "(1, 38)": {"explain_plan": {"Plan": {"Node Type": "Sort", "Startup Cost": 90032.55, "Total Cost": 90167.0, "Plan Rows": 53780, "Plan Width": 24, "Sort Key": ["(sum((public.partsupp.ps_supplycost * (public.partsupp.ps_availqty)::double precision))) DESC"], "Plans": [{"Node Type": "Aggregate", "Strategy": "Plain", "Parent Relationship": "exec_init_plan", "Subplan Name": "InitPlan 1 (returns $2)", "Startup Cost": 42298.39, "Total Cost": 42298.4, "Plan Rows": 1, "Plan Width": 24, "Plans": [{"Node Type": "Nested Loop", "Parent Relationship": "Outer", "Join Type": "Inner", "Startup Cost": 96.82, "Total Cost": 41895.04, "Plan Rows": 53780, "Plan Width": 16, "Inner Unique": false, "Plans": [{"Node Type": "Nested Loop", "Parent Relationship": "Outer", "Join Type": "Inner", "Startup Cost": 95.25, "Total Cost": 2533.35, "Plan Rows": 4000, "Plan Width": 8, "Inner Unique": false, "Plans": [{"Node Type": "Seq Scan", "Parent Relationship": "Outer", "Relation Name": "nation", "Alias": "nation", "Startup Cost": 0.0, "Total Cost": 1.31, "Plan Rows": 1, "Plan Width": 4, "Filter": "(n_name = 'MOZAMBIQUE'::bpchar)"}, {"Node Type": "Bitmap Heap Scan", "Parent Relationship": "Inner", "Relation Name": "supplier", "Alias": "supplier", "Startup Cost": 95.25, "Total Cost": 2492.04, "Plan Rows": 4000, "Plan Width": 12, "Recheck Cond": "(s_nationkey = public.nation.n_nationkey)", "Plans": [{"Node Type": "Bitmap Index Scan", "Parent Relationship": "Outer", "Index Name": "idx_supplier_nation_key", "Startup Cost": 0.0, "Total Cost": 94.25, "Plan Rows": 4000, "Plan Width": 0, "Index Cond": "(s_nationkey = public.nation.n_nationkey)"}]}]}, {"Node Type": "Bitmap Heap Scan", "Parent Relationship": "Inner", "Relation Name": "partsupp", "Alias": "partsupp", "Startup Cost": 1.57, "Total Cost": 9.71, "Plan Rows": 13, "Plan Width": 24, "Recheck Cond": "(ps_suppkey = public.supplier.s_suppkey)", "Plans": [{"Node Type": "Bitmap Index Scan", "Parent Relationship": "Outer", "Index Name": "idx_partsupp_suppkey", "Startup Cost": 0.0, "Total Cost": 1.56, "Plan Rows": 13, "Plan Width": 0, "Index Cond": "(ps_suppkey = public.supplier.s_suppkey)"}]}]}]}, {"Node Type": "Aggregate", "Strategy": "Hashed", "Parent Relationship": "Outer", "Startup Cost": 42836.19, "Total Cost": 43508.44, "Plan Rows": 53780, "Plan Width": 24, "Group By Key": ["public.partsupp.ps_partkey"], "Filter": "(sum((public.partsupp.ps_supplycost * (public.partsupp.ps_availqty)::double precision)) > $2)", "Plans": [{"Node Type": "Nested Loop", "Parent Relationship": "Outer", "Join Type": "Inner", "Startup Cost": 96.82, "Total Cost": 41895.04, "Plan Rows": 53780, "Plan Width": 24, "Inner Unique": false, "Plans": [{"Node Type": "Nested Loop", "Parent Relationship": "Outer", "Join Type": "Inner", "Startup Cost": 95.25, "Total Cost": 2533.35, "Plan Rows": 4000, "Plan Width": 8, "Inner Unique": false, "Plans": [{"Node Type": "Seq Scan", "Parent Relationship": "Outer", "Relation Name": "nation", "Alias": "nation", "Startup Cost": 0.0, "Total Cost": 1.31, "Plan Rows": 1, "Plan Width": 4, "Filter": "(n_name = 'MOZAMBIQUE'::bpchar)"}, {"Node Type": "Bitmap Heap Scan", "Parent Relationship": "Inner", "Relation Name": "supplier", "Alias": "supplier", "Startup Cost": 95.25, "Total Cost": 2492.04, "Plan Rows": 4000, "Plan Width": 12, "Recheck Cond": "(s_nationkey = public.nation.n_nationkey)", "Plans": [{"Node Type": "Bitmap Index Scan", "Parent Relationship": "Outer", "Index Name": "idx_supplier_nation_key", "Startup Cost": 0.0, "Total Cost": 94.25, "Plan Rows": 4000, "Plan Width": 0, "Index Cond": "(s_nationkey = public.nation.n_nationkey)"}]}]}, {"Node Type": "Bitmap Heap Scan", "Parent Relationship": "Inner", "Relation Name": "partsupp", "Alias": "partsupp", "Startup Cost": 1.57, "Total Cost": 9.71, "Plan Rows": 13, "Plan Width": 32, "Recheck Cond": "(ps_suppkey = public.supplier.s_suppkey)", "Plans": [{"Node Type": "Bitmap Index Scan", "Parent Relationship": "Outer", "Index Name": "idx_partsupp_suppkey", "Startup Cost": 0.0, "Total Cost": 1.56, "Plan Rows": 13, "Plan Width": 0, "Index Cond": "(ps_suppkey = public.supplier.s_suppkey)"}]}]}]}]}, "Unique SQL Id": 2932834211, "Planner Runtime": 0}, "explain_analyze_plan": {"Plan": {"Node Type": "Sort", "Startup Cost": 90032.55, "Total Cost": 90167.0, "Plan Rows": 53780, "Plan Width": 24, "Actual Startup Time": 2112.155, "Actual Total Time": 2112.155, "Actual Rows": 0, "Actual Loops": 1, "Sort Key": ["(sum((public.partsupp.ps_supplycost * (public.partsupp.ps_availqty)::double precision))) DESC"], "Sort Method": "quicksort", "Sort Space Used": 25, "Sort Space Type": "Memory", "Plans": [{"Node Type": "Aggregate", "Strategy": "Plain", "Parent Relationship": "exec_init_plan", "Subplan Name": "InitPlan 1 (returns $2)", "Startup Cost": 42298.39, "Total Cost": 42298.4, "Plan Rows": 1, "Plan Width": 24, "Actual Startup Time": 928.307, "Actual Total Time": 928.307, "Actual Rows": 1, "Actual Loops": 1, "Plans": [{"Node Type": "Nested Loop", "Parent Relationship": "Outer", "Join Type": "Inner", "Startup Cost": 96.82, "Total Cost": 41895.04, "Plan Rows": 53780, "Plan Width": 16, "Actual Startup Time": 0.986, "Actual Total Time": 800.403, "Actual Rows": 313920, "Actual Loops": 1, "Inner Unique": false, "Plans": [{"Node Type": "Nested Loop", "Parent Relationship": "Outer", "Join Type": "Inner", "Startup Cost": 95.25, "Total Cost": 2533.35, "Plan Rows": 4000, "Plan Width": 8, "Actual Startup Time": 0.938, "Actual Total Time": 7.951, "Actual Rows": 3924, "Actual Loops": 1, "Inner Unique": false, "Plans": [{"Node Type": "Seq Scan", "Parent Relationship": "Outer", "Relation Name": "nation", "Alias": "nation", "Startup Cost": 0.0, "Total Cost": 1.31, "Plan Rows": 1, "Plan Width": 4, "Actual Startup Time": 0.042, "Actual Total Time": 0.056, "Actual Rows": 1, "Actual Loops": 1, "Filter": "(n_name = 'MOZAMBIQUE'::bpchar)", "Rows Removed by Filter": 24}, {"Node Type": "Bitmap Heap Scan", "Parent Relationship": "Inner", "Relation Name": "supplier", "Alias": "supplier", "Startup Cost": 95.25, "Total Cost": 2492.04, "Plan Rows": 4000, "Plan Width": 12, "Actual Startup Time": 0.889, "Actual Total Time": 7.054, "Actual Rows": 3924, "Actual Loops": 1, "Recheck Cond": "(s_nationkey = public.nation.n_nationkey)", "Rows Removed by Index Recheck": 0, "Exact Heap Blocks": 1895, "Lossy Heap Blocks": 1895, "Plans": [{"Node Type": "Bitmap Index Scan", "Parent Relationship": "Outer", "Index Name": "idx_supplier_nation_key", "Startup Cost": 0.0, "Total Cost": 94.25, "Plan Rows": 4000, "Plan Width": 0, "Actual Startup Time": 0.609, "Actual Total Time": 0.609, "Actual Rows": 3924, "Actual Loops": 1, "Index Cond": "(s_nationkey = public.nation.n_nationkey)"}]}]}, {"Node Type": "Bitmap Heap Scan", "Parent Relationship": "Inner", "Relation Name": "partsupp", "Alias": "partsupp", "Startup Cost": 1.57, "Total Cost": 9.71, "Plan Rows": 13, "Plan Width": 24, "Actual Startup Time": 104.492, "Actual Total Time": 724.345, "Actual Rows": 313920, "Actual Loops": 3924, "Recheck Cond": "(ps_suppkey = public.supplier.s_suppkey)", "Rows Removed by Index Recheck": 0, "Exact Heap Blocks": 313920, "Lossy Heap Blocks": 313920, "Plans": [{"Node Type": "Bitmap Index Scan", "Parent Relationship": "Outer", "Index Name": "idx_partsupp_suppkey", "Startup Cost": 0.0, "Total Cost": 1.56, "Plan Rows": 13, "Plan Width": 0, "Actual Startup Time": 65.503, "Actual Total Time": 65.503, "Actual Rows": 313920, "Actual Loops": 3924, "Index Cond": "(ps_suppkey = public.supplier.s_suppkey)"}]}]}]}, {"Node Type": "Aggregate", "Strategy": "Hashed", "Parent Relationship": "Outer", "Startup Cost": 42836.19, "Total Cost": 43508.44, "Plan Rows": 53780, "Plan Width": 24, "Actual Startup Time": 2111.624, "Actual Total Time": 2111.624, "Actual Rows": 0, "Actual Loops": 1, "Group By Key": ["public.partsupp.ps_partkey"], "Filter": "(sum((public.partsupp.ps_supplycost * (public.partsupp.ps_availqty)::double precision)) > $2)", "Rows Removed by Filter": 295792, "Plans": [{"Node Type": "Nested Loop", "Parent Relationship": "Outer", "Join Type": "Inner", "Startup Cost": 96.82, "Total Cost": 41895.04, "Plan Rows": 53780, "Plan Width": 24, "Actual Startup Time": 1.009, "Actual Total Time": 754.894, "Actual Rows": 313920, "Actual Loops": 1, "Inner Unique": false, "Plans": [{"Node Type": "Nested Loop", "Parent Relationship": "Outer", "Join Type": "Inner", "Startup Cost": 95.25, "Total Cost": 2533.35, "Plan Rows": 4000, "Plan Width": 8, "Actual Startup Time": 0.964, "Actual Total Time": 7.76, "Actual Rows": 3924, "Actual Loops": 1, "Inner Unique": false, "Plans": [{"Node Type": "Seq Scan", "Parent Relationship": "Outer", "Relation Name": "nation", "Alias": "nation", "Startup Cost": 0.0, "Total Cost": 1.31, "Plan Rows": 1, "Plan Width": 4, "Actual Startup Time": 0.029, "Actual Total Time": 0.042, "Actual Rows": 1, "Actual Loops": 1, "Filter": "(n_name = 'MOZAMBIQUE'::bpchar)", "Rows Removed by Filter": 24}, {"Node Type": "Bitmap Heap Scan", "Parent Relationship": "Inner", "Relation Name": "supplier", "Alias": "supplier", "Startup Cost": 95.25, "Total Cost": 2492.04, "Plan Rows": 4000, "Plan Width": 12, "Actual Startup Time": 0.928, "Actual Total Time": 6.732, "Actual Rows": 3924, "Actual Loops": 1, "Recheck Cond": "(s_nationkey = public.nation.n_nationkey)", "Rows Removed by Index Recheck": 0, "Exact Heap Blocks": 1895, "Lossy Heap Blocks": 1895, "Plans": [{"Node Type": "Bitmap Index Scan", "Parent Relationship": "Outer", "Index Name": "idx_supplier_nation_key", "Startup Cost": 0.0, "Total Cost": 94.25, "Plan Rows": 4000, "Plan Width": 0, "Actual Startup Time": 0.646, "Actual Total Time": 0.646, "Actual Rows": 3924, "Actual Loops": 1, "Index Cond": "(s_nationkey = public.nation.n_nationkey)"}]}]}, {"Node Type": "Bitmap Heap Scan", "Parent Relationship": "Inner", "Relation Name": "partsupp", "Alias": "partsupp", "Startup Cost": 1.57, "Total Cost": 9.71, "Plan Rows": 13, "Plan Width": 32, "Actual Startup Time": 103.168, "Actual Total Time": 673.653, "Actual Rows": 313920, "Actual Loops": 3924, "Recheck Cond": "(ps_suppkey = public.supplier.s_suppkey)", "Rows Removed by Index Recheck": 0, "Exact Heap Blocks": 313920, "Lossy Heap Blocks": 313920, "Plans": [{"Node Type": "Bitmap Index Scan", "Parent Relationship": "Outer", "Index Name": "idx_partsupp_suppkey", "Startup Cost": 0.0, "Total Cost": 1.56, "Plan Rows": 13, "Plan Width": 0, "Actual Startup Time": 64.013, "Actual Total Time": 64.013, "Actual Rows": 313920, "Actual Loops": 3924, "Index Cond": "(ps_suppkey = public.supplier.s_suppkey)"}]}]}]}]}, "Triggers": [], "Planner Runtime": 0, "Total Runtime": 2112.492, "Unique SQL Id": 2932834211}}, "(1, 39)": {"explain_plan": {"Plan": {"Node Type": "Sort", "Startup Cost": 2000084159245.82, "Total Cost": 2000084159380.27, "Plan Rows": 53780, "Plan Width": 40, "Sort Key": ["(sum((public.partsupp.ps_supplycost * (public.partsupp.ps_availqty)::double precision))) DESC"], "Plans": [{"Node Type": "Aggregate", "Strategy": "Plain", "Parent Relationship": "exec_init_plan", "Subplan Name": "InitPlan 1 (returns $2)", "Startup Cost": 1000001001502.42, "Total Cost": 1000001001502.43, "Plan Rows": 1, "Plan Width": 24, "Plans": [{"Node Type": "Nested Loop", "Parent Relationship": "Outer", "Join Type": "Inner", "Startup Cost": 10000000001.83, "Total Cost": 1000001001099.07, "Plan Rows": 53780, "Plan Width": 16, "Inner Unique": false, "Plans": [{"Node Type": "Nested Loop", "Parent Relationship": "Outer", "Join Type": "Inner", "Startup Cost": 10000000000.26, "Total Cost": 1000000961737.38, "Plan Rows": 4000, "Plan Width": 8, "Inner Unique": true, "Plans": [{"Node Type": "Index Scan", "Parent Relationship": "Outer", "Scan Direction": "Forward", "Index Name": "supplier_pkey", "Relation Name": "supplier", "Alias": "supplier", "Startup Cost": 10000000000.0, "Total Cost": 1000000533454.38, "Plan Rows": 100000, "Plan Width": 12}, {"Node Type": "Bitmap Heap Scan", "Parent Relationship": "Inner", "Relation Name": "nation", "Alias": "nation", "Startup Cost": 0.26, "Total Cost": 4.27, "Plan Rows": 1, "Plan Width": 4, "Recheck Cond": "(n_nationkey = public.supplier.s_nationkey)", "Filter": "(n_name = 'MOZAMBIQUE'::bpchar)", "Plans": [{"Node Type": "Bitmap Index Scan", "Parent Relationship": "Outer", "Index Name": "nation_pkey", "Startup Cost": 0.0, "Total Cost": 0.26, "Plan Rows": 1, "Plan Width": 0, "Index Cond": "(n_nationkey = public.supplier.s_nationkey)"}]}]}, {"Node Type": "Bitmap Heap Scan", "Parent Relationship": "Inner", "Relation Name": "partsupp", "Alias": "partsupp", "Startup Cost": 1.57, "Total Cost": 9.71, "Plan Rows": 13, "Plan Width": 24, "Recheck Cond": "(ps_suppkey = public.supplier.s_suppkey)", "Plans": [{"Node Type": "Bitmap Index Scan", "Parent Relationship": "Outer", "Index Name": "idx_partsupp_suppkey", "Startup Cost": 0.0, "Total Cost": 1.56, "Plan Rows": 13, "Plan Width": 0, "Index Cond": "(ps_suppkey = public.supplier.s_suppkey)"}]}]}]}, {"Node Type": "Aggregate", "Strategy": "Sorted", "Parent Relationship": "Outer", "Startup Cost": 10000000000.52, "Total Cost": 1000083153517.69, "Plan Rows": 53780, "Plan Width": 40, "Group By Key": ["public.partsupp.ps_partkey"], "Filter": "(sum((public.partsupp.ps_supplycost * (public.partsupp.ps_availqty)::double precision)) > $2)", "Plans": [{"Node Type": "Nested Loop", "Parent Relationship": "Outer", "Join Type": "Inner", "Startup Cost": 10000000000.52, "Total Cost": 1000083151904.29, "Plan Rows": 53780, "Plan Width": 24, "Inner Unique": true, "Plans": [{"Node Type": "Nested Loop", "Parent Relationship": "Outer", "Join Type": "Inner", "Startup Cost": 10000000000.26, "Total Cost": 1000077393643.64, "Plan Rows": 1344499, "Plan Width": 28, "Inner Unique": true, "Plans": [{"Node Type": "Index Scan", "Parent Relationship": "Outer", "Scan Direction": "Forward", "Index Name": "idx_partsupp_partkey", "Relation Name": "partsupp", "Alias": "partsupp", "Startup Cost": 10000000000.0, "Total Cost": 1000043148503.38, "Plan Rows": 8000372, "Plan Width": 32}, {"Node Type": "Bitmap Heap Scan", "Parent Relationship": "Inner", "Relation Name": "supplier", "Alias": "supplier", "Startup Cost": 0.26, "Total Cost": 4.27, "Plan Rows": 1, "Plan Width": 12, "Recheck Cond": "(s_suppkey = public.partsupp.ps_suppkey)", "Plans": [{"Node Type": "Bitmap Index Scan", "Parent Relationship": "Outer", "Index Name": "supplier_pkey", "Startup Cost": 0.0, "Total Cost": 0.26, "Plan Rows": 1, "Plan Width": 0, "Index Cond": "(s_suppkey = public.partsupp.ps_suppkey)"}]}]}, {"Node Type": "Bitmap Heap Scan", "Parent Relationship": "Inner", "Relation Name": "nation", "Alias": "nation", "Startup Cost": 0.26, "Total Cost": 4.27, "Plan Rows": 1, "Plan Width": 4, "Recheck Cond": "(n_nationkey = public.supplier.s_nationkey)", "Filter": "(n_name = 'MOZAMBIQUE'::bpchar)", "Plans": [{"Node Type": "Bitmap Index Scan", "Parent Relationship": "Outer", "Index Name": "nation_pkey", "Startup Cost": 0.0, "Total Cost": 0.26, "Plan Rows": 1, "Plan Width": 0, "Index Cond": "(n_nationkey = public.supplier.s_nationkey)"}]}]}]}]}, "Unique SQL Id": 2932834211, "Planner Runtime": 0}, "explain_analyze_plan": null}, "(1, 40)": {"explain_plan": {"Plan": {"Node Type": "Sort", "Startup Cost": 89040.3, "Total Cost": 89174.75, "Plan Rows": 53780, "Plan Width": 24, "Sort Key": ["(sum((public.partsupp.ps_supplycost * (public.partsupp.ps_availqty)::double precision))) DESC"], "Plans": [{"Node Type": "Aggregate", "Strategy": "Plain", "Parent Relationship": "exec_init_plan", "Subplan Name": "InitPlan 1 (returns $1)", "Startup Cost": 41802.27, "Total Cost": 41802.28, "Plan Rows": 1, "Plan Width": 24, "Plans": [{"Node Type": "Nested Loop", "Parent Relationship": "Outer", "Join Type": "Inner", "Startup Cost": 1.32, "Total Cost": 41398.92, "Plan Rows": 53780, "Plan Width": 16, "Inner Unique": false, "Plans": [{"Node Type": "Hash Join", "Parent Relationship": "Outer", "Join Type": "Inner", "Startup Cost": 1.32, "Total Cost": 3574.95, "Plan Rows": 4000, "Plan Width": 8, "Inner Unique": true, "Hash Cond": "(public.supplier.s_nationkey = public.nation.n_nationkey)", "Plans": [{"Node Type": "Seq Scan", "Parent Relationship": "Outer", "Relation Name": "supplier", "Alias": "supplier", "Startup Cost": 0.0, "Total Cost": 3283.0, "Plan Rows": 100000, "Plan Width": 12}, {"Node Type": "Hash", "Parent Relationship": "Inner", "Startup Cost": 1.31, "Total Cost": 1.31, "Plan Rows": 1, "Plan Width": 4, "Plans": [{"Node Type": "Seq Scan", "Parent Relationship": "Outer", "Relation Name": "nation", "Alias": "nation", "Startup Cost": 0.0, "Total Cost": 1.31, "Plan Rows": 1, "Plan Width": 4, "Filter": "(n_name = 'MOZAMBIQUE'::bpchar)"}]}]}, {"Node Type": "Index Scan", "Parent Relationship": "Inner", "Scan Direction": "Forward", "Index Name": "idx_partsupp_suppkey", "Relation Name": "partsupp", "Alias": "partsupp", "Startup Cost": 0.0, "Total Cost": 9.33, "Plan Rows": 13, "Plan Width": 24, "Index Cond": "(ps_suppkey = public.supplier.s_suppkey)"}]}]}, {"Node Type": "Aggregate", "Strategy": "Hashed", "Parent Relationship": "Outer", "Startup Cost": 42340.07, "Total Cost": 43012.32, "Plan Rows": 53780, "Plan Width": 24, "Group By Key": ["public.partsupp.ps_partkey"], "Filter": "(sum((public.partsupp.ps_supplycost * (public.partsupp.ps_availqty)::double precision)) > $1)", "Plans": [{"Node Type": "Nested Loop", "Parent Relationship": "Outer", "Join Type": "Inner", "Startup Cost": 1.32, "Total Cost": 41398.92, "Plan Rows": 53780, "Plan Width": 24, "Inner Unique": false, "Plans": [{"Node Type": "Hash Join", "Parent Relationship": "Outer", "Join Type": "Inner", "Startup Cost": 1.32, "Total Cost": 3574.95, "Plan Rows": 4000, "Plan Width": 8, "Inner Unique": true, "Hash Cond": "(public.supplier.s_nationkey = public.nation.n_nationkey)", "Plans": [{"Node Type": "Seq Scan", "Parent Relationship": "Outer", "Relation Name": "supplier", "Alias": "supplier", "Startup Cost": 0.0, "Total Cost": 3283.0, "Plan Rows": 100000, "Plan Width": 12}, {"Node Type": "Hash", "Parent Relationship": "Inner", "Startup Cost": 1.31, "Total Cost": 1.31, "Plan Rows": 1, "Plan Width": 4, "Plans": [{"Node Type": "Seq Scan", "Parent Relationship": "Outer", "Relation Name": "nation", "Alias": "nation", "Startup Cost": 0.0, "Total Cost": 1.31, "Plan Rows": 1, "Plan Width": 4, "Filter": "(n_name = 'MOZAMBIQUE'::bpchar)"}]}]}, {"Node Type": "Index Scan", "Parent Relationship": "Inner", "Scan Direction": "Forward", "Index Name": "idx_partsupp_suppkey", "Relation Name": "partsupp", "Alias": "partsupp", "Startup Cost": 0.0, "Total Cost": 9.33, "Plan Rows": 13, "Plan Width": 32, "Index Cond": "(ps_suppkey = public.supplier.s_suppkey)"}]}]}]}, "Unique SQL Id": 2932834211, "Planner Runtime": 0}, "explain_analyze_plan": {"Plan": {"Node Type": "Sort", "Startup Cost": 89040.3, "Total Cost": 89174.75, "Plan Rows": 53780, "Plan Width": 24, "Actual Startup Time": 1966.286, "Actual Total Time": 1966.286, "Actual Rows": 0, "Actual Loops": 1, "Sort Key": ["(sum((public.partsupp.ps_supplycost * (public.partsupp.ps_availqty)::double precision))) DESC"], "Sort Method": "quicksort", "Sort Space Used": 25, "Sort Space Type": "Memory", "Plans": [{"Node Type": "Aggregate", "Strategy": "Plain", "Parent Relationship": "exec_init_plan", "Subplan Name": "InitPlan 1 (returns $1)", "Startup Cost": 41802.27, "Total Cost": 41802.28, "Plan Rows": 1, "Plan Width": 24, "Actual Startup Time": 814.836, "Actual Total Time": 814.836, "Actual Rows": 1, "Actual Loops": 1, "Plans": [{"Node Type": "Nested Loop", "Parent Relationship": "Outer", "Join Type": "Inner", "Startup Cost": 1.32, "Total Cost": 41398.92, "Plan Rows": 53780, "Plan Width": 16, "Actual Startup Time": 0.144, "Actual Total Time": 679.652, "Actual Rows": 313920, "Actual Loops": 1, "Inner Unique": false, "Plans": [{"Node Type": "Hash Join", "Parent Relationship": "Outer", "Join Type": "Inner", "Startup Cost": 1.32, "Total Cost": 3574.95, "Plan Rows": 4000, "Plan Width": 8, "Actual Startup Time": 0.118, "Actual Total Time": 51.066, "Actual Rows": 3924, "Actual Loops": 1, "Inner Unique": true, "Hash Cond": "(public.supplier.s_nationkey = public.nation.n_nationkey)", "Plans": [{"Node Type": "Seq Scan", "Parent Relationship": "Outer", "Relation Name": "supplier", "Alias": "supplier", "Startup Cost": 0.0, "Total Cost": 3283.0, "Plan Rows": 100000, "Plan Width": 12, "Actual Startup Time": 0.02, "Actual Total Time": 28.652, "Actual Rows": 100000, "Actual Loops": 1}, {"Node Type": "Hash", "Parent Relationship": "Inner", "Startup Cost": 1.31, "Total Cost": 1.31, "Plan Rows": 1, "Plan Width": 4, "Actual Startup Time": 0.035, "Actual Total Time": 0.035, "Actual Rows": 1, "Actual Loops": 1, "Hash Buckets": 32768, "Hash Batches": 1, "Original Hash Batches": 1, "Peak Memory Usage": 1, "Plans": [{"Node Type": "Seq Scan", "Parent Relationship": "Outer", "Relation Name": "nation", "Alias": "nation", "Startup Cost": 0.0, "Total Cost": 1.31, "Plan Rows": 1, "Plan Width": 4, "Actual Startup Time": 0.023, "Actual Total Time": 0.026, "Actual Rows": 1, "Actual Loops": 1, "Filter": "(n_name = 'MOZAMBIQUE'::bpchar)", "Rows Removed by Filter": 24}]}]}, {"Node Type": "Index Scan", "Parent Relationship": "Inner", "Scan Direction": "Forward", "Index Name": "idx_partsupp_suppkey", "Relation Name": "partsupp", "Alias": "partsupp", "Startup Cost": 0.0, "Total Cost": 9.33, "Plan Rows": 13, "Plan Width": 24, "Actual Startup Time": 45.642, "Actual Total Time": 561.627, "Actual Rows": 313920, "Actual Loops": 3924, "Index Cond": "(ps_suppkey = public.supplier.s_suppkey)", "Rows Removed by Index Recheck": 0}]}]}, {"Node Type": "Aggregate", "Strategy": "Hashed", "Parent Relationship": "Outer", "Startup Cost": 42340.07, "Total Cost": 43012.32, "Plan Rows": 53780, "Plan Width": 24, "Actual Startup Time": 1965.915, "Actual Total Time": 1965.915, "Actual Rows": 0, "Actual Loops": 1, "Group By Key": ["public.partsupp.ps_partkey"], "Filter": "(sum((public.partsupp.ps_supplycost * (public.partsupp.ps_availqty)::double precision)) > $1)", "Rows Removed by Filter": 295792, "Plans": [{"Node Type": "Nested Loop", "Parent Relationship": "Outer", "Join Type": "Inner", "Startup Cost": 1.32, "Total Cost": 41398.92, "Plan Rows": 53780, "Plan Width": 24, "Actual Startup Time": 0.133, "Actual Total Time": 747.644, "Actual Rows": 313920, "Actual Loops": 1, "Inner Unique": false, "Plans": [{"Node Type": "Hash Join", "Parent Relationship": "Outer", "Join Type": "Inner", "Startup Cost": 1.32, "Total Cost": 3574.95, "Plan Rows": 4000, "Plan Width": 8, "Actual Startup Time": 0.106, "Actual Total Time": 53.011, "Actual Rows": 3924, "Actual Loops": 1, "Inner Unique": true, "Hash Cond": "(public.supplier.s_nationkey = public.nation.n_nationkey)", "Plans": [{"Node Type": "Seq Scan", "Parent Relationship": "Outer", "Relation Name": "supplier", "Alias": "supplier", "Startup Cost": 0.0, "Total Cost": 3283.0, "Plan Rows": 100000, "Plan Width": 12, "Actual Startup Time": 0.018, "Actual Total Time": 30.147, "Actual Rows": 100000, "Actual Loops": 1}, {"Node Type": "Hash", "Parent Relationship": "Inner", "Startup Cost": 1.31, "Total Cost": 1.31, "Plan Rows": 1, "Plan Width": 4, "Actual Startup Time": 0.032, "Actual Total Time": 0.032, "Actual Rows": 1, "Actual Loops": 1, "Hash Buckets": 32768, "Hash Batches": 1, "Original Hash Batches": 1, "Peak Memory Usage": 1, "Plans": [{"Node Type": "Seq Scan", "Parent Relationship": "Outer", "Relation Name": "nation", "Alias": "nation", "Startup Cost": 0.0, "Total Cost": 1.31, "Plan Rows": 1, "Plan Width": 4, "Actual Startup Time": 0.021, "Actual Total Time": 0.024, "Actual Rows": 1, "Actual Loops": 1, "Filter": "(n_name = 'MOZAMBIQUE'::bpchar)", "Rows Removed by Filter": 24}]}]}, {"Node Type": "Index Scan", "Parent Relationship": "Inner", "Scan Direction": "Forward", "Index Name": "idx_partsupp_suppkey", "Relation Name": "partsupp", "Alias": "partsupp", "Startup Cost": 0.0, "Total Cost": 9.33, "Plan Rows": 13, "Plan Width": 32, "Actual Startup Time": 49.124, "Actual Total Time": 623.306, "Actual Rows": 313920, "Actual Loops": 3924, "Index Cond": "(ps_suppkey = public.supplier.s_suppkey)", "Rows Removed by Index Recheck": 0}]}]}]}, "Triggers": [], "Planner Runtime": 1, "Total Runtime": 1966.592, "Unique SQL Id": 2932834211}}, "(1, 41)": {"explain_plan": {"Plan": {"Node Type": "Sort", "Startup Cost": 93166.14, "Total Cost": 93300.59, "Plan Rows": 53780, "Plan Width": 24, "Sort Key": ["(sum((public.partsupp.ps_supplycost * (public.partsupp.ps_availqty)::double precision))) DESC"], "Plans": [{"Node Type": "Aggregate", "Strategy": "Plain", "Parent Relationship": "exec_init_plan", "Subplan Name": "InitPlan 1 (returns $1)", "Startup Cost": 43865.19, "Total Cost": 43865.2, "Plan Rows": 1, "Plan Width": 24, "Plans": [{"Node Type": "Nested Loop", "Parent Relationship": "Outer", "Join Type": "Inner", "Startup Cost": 12.7, "Total Cost": 43461.84, "Plan Rows": 53780, "Plan Width": 16, "Inner Unique": false, "Plans": [{"Node Type": "Hash Join", "Parent Relationship": "Outer", "Join Type": "Inner", "Startup Cost": 12.7, "Total Cost": 5637.87, "Plan Rows": 4000, "Plan Width": 8, "Inner Unique": true, "Hash Cond": "(public.supplier.s_nationkey = public.nation.n_nationkey)", "Plans": [{"Node Type": "Index Scan", "Parent Relationship": "Outer", "Scan Direction": "Forward", "Index Name": "supplier_pkey", "Relation Name": "supplier", "Alias": "supplier", "Startup Cost": 0.0, "Total Cost": 5334.54, "Plan Rows": 100000, "Plan Width": 12}, {"Node Type": "Hash", "Parent Relationship": "Inner", "Startup Cost": 12.69, "Total Cost": 12.69, "Plan Rows": 1, "Plan Width": 4, "Plans": [{"Node Type": "Index Scan", "Parent Relationship": "Outer", "Scan Direction": "Forward", "Index Name": "nation_pkey", "Relation Name": "nation", "Alias": "nation", "Startup Cost": 0.0, "Total Cost": 12.69, "Plan Rows": 1, "Plan Width": 4, "Filter": "(n_name = 'MOZAMBIQUE'::bpchar)"}]}]}, {"Node Type": "Index Scan", "Parent Relationship": "Inner", "Scan Direction": "Forward", "Index Name": "idx_partsupp_suppkey", "Relation Name": "partsupp", "Alias": "partsupp", "Startup Cost": 0.0, "Total Cost": 9.33, "Plan Rows": 13, "Plan Width": 24, "Index Cond": "(ps_suppkey = public.supplier.s_suppkey)"}]}]}, {"Node Type": "Aggregate", "Strategy": "Hashed", "Parent Relationship": "Outer", "Startup Cost": 44402.99, "Total Cost": 45075.24, "Plan Rows": 53780, "Plan Width": 24, "Group By Key": ["public.partsupp.ps_partkey"], "Filter": "(sum((public.partsupp.ps_supplycost * (public.partsupp.ps_availqty)::double precision)) > $1)", "Plans": [{"Node Type": "Nested Loop", "Parent Relationship": "Outer", "Join Type": "Inner", "Startup Cost": 12.7, "Total Cost": 43461.84, "Plan Rows": 53780, "Plan Width": 24, "Inner Unique": false, "Plans": [{"Node Type": "Hash Join", "Parent Relationship": "Outer", "Join Type": "Inner", "Startup Cost": 12.7, "Total Cost": 5637.87, "Plan Rows": 4000, "Plan Width": 8, "Inner Unique": true, "Hash Cond": "(public.supplier.s_nationkey = public.nation.n_nationkey)", "Plans": [{"Node Type": "Index Scan", "Parent Relationship": "Outer", "Scan Direction": "Forward", "Index Name": "supplier_pkey", "Relation Name": "supplier", "Alias": "supplier", "Startup Cost": 0.0, "Total Cost": 5334.54, "Plan Rows": 100000, "Plan Width": 12}, {"Node Type": "Hash", "Parent Relationship": "Inner", "Startup Cost": 12.69, "Total Cost": 12.69, "Plan Rows": 1, "Plan Width": 4, "Plans": [{"Node Type": "Index Scan", "Parent Relationship": "Outer", "Scan Direction": "Forward", "Index Name": "nation_pkey", "Relation Name": "nation", "Alias": "nation", "Startup Cost": 0.0, "Total Cost": 12.69, "Plan Rows": 1, "Plan Width": 4, "Filter": "(n_name = 'MOZAMBIQUE'::bpchar)"}]}]}, {"Node Type": "Index Scan", "Parent Relationship": "Inner", "Scan Direction": "Forward", "Index Name": "idx_partsupp_suppkey", "Relation Name": "partsupp", "Alias": "partsupp", "Startup Cost": 0.0, "Total Cost": 9.33, "Plan Rows": 13, "Plan Width": 32, "Index Cond": "(ps_suppkey = public.supplier.s_suppkey)"}]}]}]}, "Unique SQL Id": 2932834211, "Planner Runtime": 0}, "explain_analyze_plan": {"Plan": {"Node Type": "Sort", "Startup Cost": 93166.14, "Total Cost": 93300.59, "Plan Rows": 53780, "Plan Width": 24, "Actual Startup Time": 1974.357, "Actual Total Time": 1974.357, "Actual Rows": 0, "Actual Loops": 1, "Sort Key": ["(sum((public.partsupp.ps_supplycost * (public.partsupp.ps_availqty)::double precision))) DESC"], "Sort Method": "quicksort", "Sort Space Used": 25, "Sort Space Type": "Memory", "Plans": [{"Node Type": "Aggregate", "Strategy": "Plain", "Parent Relationship": "exec_init_plan", "Subplan Name": "InitPlan 1 (returns $1)", "Startup Cost": 43865.19, "Total Cost": 43865.2, "Plan Rows": 1, "Plan Width": 24, "Actual Startup Time": 817.132, "Actual Total Time": 817.133, "Actual Rows": 1, "Actual Loops": 1, "Plans": [{"Node Type": "Nested Loop", "Parent Relationship": "Outer", "Join Type": "Inner", "Startup Cost": 12.7, "Total Cost": 43461.84, "Plan Rows": 53780, "Plan Width": 16, "Actual Startup Time": 0.175, "Actual Total Time": 680.837, "Actual Rows": 313920, "Actual Loops": 1, "Inner Unique": false, "Plans": [{"Node Type": "Hash Join", "Parent Relationship": "Outer", "Join Type": "Inner", "Startup Cost": 12.7, "Total Cost": 5637.87, "Plan Rows": 4000, "Plan Width": 8, "Actual Startup Time": 0.15, "Actual Total Time": 74.596, "Actual Rows": 3924, "Actual Loops": 1, "Inner Unique": true, "Hash Cond": "(public.supplier.s_nationkey = public.nation.n_nationkey)", "Plans": [{"Node Type": "Index Scan", "Parent Relationship": "Outer", "Scan Direction": "Forward", "Index Name": "supplier_pkey", "Relation Name": "supplier", "Alias": "supplier", "Startup Cost": 0.0, "Total Cost": 5334.54, "Plan Rows": 100000, "Plan Width": 12, "Actual Startup Time": 0.032, "Actual Total Time": 53.574, "Actual Rows": 100000, "Actual Loops": 1}, {"Node Type": "Hash", "Parent Relationship": "Inner", "Startup Cost": 12.69, "Total Cost": 12.69, "Plan Rows": 1, "Plan Width": 4, "Actual Startup Time": 0.044, "Actual Total Time": 0.044, "Actual Rows": 1, "Actual Loops": 1, "Hash Buckets": 32768, "Hash Batches": 1, "Original Hash Batches": 1, "Peak Memory Usage": 1, "Plans": [{"Node Type": "Index Scan", "Parent Relationship": "Outer", "Scan Direction": "Forward", "Index Name": "nation_pkey", "Relation Name": "nation", "Alias": "nation", "Startup Cost": 0.0, "Total Cost": 12.69, "Plan Rows": 1, "Plan Width": 4, "Actual Startup Time": 0.028, "Actual Total Time": 0.034, "Actual Rows": 1, "Actual Loops": 1, "Filter": "(n_name = 'MOZAMBIQUE'::bpchar)", "Rows Removed by Filter": 24}]}]}, {"Node Type": "Index Scan", "Parent Relationship": "Inner", "Scan Direction": "Forward", "Index Name": "idx_partsupp_suppkey", "Relation Name": "partsupp", "Alias": "partsupp", "Startup Cost": 0.0, "Total Cost": 9.33, "Plan Rows": 13, "Plan Width": 24, "Actual Startup Time": 43.949, "Actual Total Time": 539.771, "Actual Rows": 313920, "Actual Loops": 3924, "Index Cond": "(ps_suppkey = public.supplier.s_suppkey)", "Rows Removed by Index Recheck": 0}]}]}, {"Node Type": "Aggregate", "Strategy": "Hashed", "Parent Relationship": "Outer", "Startup Cost": 44402.99, "Total Cost": 45075.24, "Plan Rows": 53780, "Plan Width": 24, "Actual Startup Time": 1973.893, "Actual Total Time": 1973.893, "Actual Rows": 0, "Actual Loops": 1, "Group By Key": ["public.partsupp.ps_partkey"], "Filter": "(sum((public.partsupp.ps_supplycost * (public.partsupp.ps_availqty)::double precision)) > $1)", "Rows Removed by Filter": 295792, "Plans": [{"Node Type": "Nested Loop", "Parent Relationship": "Outer", "Join Type": "Inner", "Startup Cost": 12.7, "Total Cost": 43461.84, "Plan Rows": 53780, "Plan Width": 24, "Actual Startup Time": 0.136, "Actual Total Time": 736.735, "Actual Rows": 313920, "Actual Loops": 1, "Inner Unique": false, "Plans": [{"Node Type": "Hash Join", "Parent Relationship": "Outer", "Join Type": "Inner", "Startup Cost": 12.7, "Total Cost": 5637.87, "Plan Rows": 4000, "Plan Width": 8, "Actual Startup Time": 0.114, "Actual Total Time": 77.829, "Actual Rows": 3924, "Actual Loops": 1, "Inner Unique": true, "Hash Cond": "(public.supplier.s_nationkey = public.nation.n_nationkey)", "Plans": [{"Node Type": "Index Scan", "Parent Relationship": "Outer", "Scan Direction": "Forward", "Index Name": "supplier_pkey", "Relation Name": "supplier", "Alias": "supplier", "Startup Cost": 0.0, "Total Cost": 5334.54, "Plan Rows": 100000, "Plan Width": 12, "Actual Startup Time": 0.027, "Actual Total Time": 56.396, "Actual Rows": 100000, "Actual Loops": 1}, {"Node Type": "Hash", "Parent Relationship": "Inner", "Startup Cost": 12.69, "Total Cost": 12.69, "Plan Rows": 1, "Plan Width": 4, "Actual Startup Time": 0.036, "Actual Total Time": 0.036, "Actual Rows": 1, "Actual Loops": 1, "Hash Buckets": 32768, "Hash Batches": 1, "Original Hash Batches": 1, "Peak Memory Usage": 1, "Plans": [{"Node Type": "Index Scan", "Parent Relationship": "Outer", "Scan Direction": "Forward", "Index Name": "nation_pkey", "Relation Name": "nation", "Alias": "nation", "Startup Cost": 0.0, "Total Cost": 12.69, "Plan Rows": 1, "Plan Width": 4, "Actual Startup Time": 0.023, "Actual Total Time": 0.028, "Actual Rows": 1, "Actual Loops": 1, "Filter": "(n_name = 'MOZAMBIQUE'::bpchar)", "Rows Removed by Filter": 24}]}]}, {"Node Type": "Index Scan", "Parent Relationship": "Inner", "Scan Direction": "Forward", "Index Name": "idx_partsupp_suppkey", "Relation Name": "partsupp", "Alias": "partsupp", "Startup Cost": 0.0, "Total Cost": 9.33, "Plan Rows": 13, "Plan Width": 32, "Actual Startup Time": 46.453, "Actual Total Time": 587.121, "Actual Rows": 313920, "Actual Loops": 3924, "Index Cond": "(ps_suppkey = public.supplier.s_suppkey)", "Rows Removed by Index Recheck": 0}]}]}]}, "Triggers": [], "Planner Runtime": 0, "Total Runtime": 1974.638, "Unique SQL Id": 2932834211}}, "(1, 42)": {"explain_plan": {"Plan": {"Node Type": "Sort", "Startup Cost": 614546.2, "Total Cost": 614680.65, "Plan Rows": 53780, "Plan Width": 24, "Sort Key": ["(sum((public.partsupp.ps_supplycost * (public.partsupp.ps_availqty)::double precision))) DESC"], "Plans": [{"Node Type": "Aggregate", "Strategy": "Plain", "Parent Relationship": "exec_init_plan", "Subplan Name": "InitPlan 1 (returns $0)", "Startup Cost": 304555.21, "Total Cost": 304555.23, "Plan Rows": 1, "Plan Width": 24, "Plans": [{"Node Type": "Hash Join", "Parent Relationship": "Outer", "Join Type": "Inner", "Startup Cost": 3624.95, "Total Cost": 304151.86, "Plan Rows": 53780, "Plan Width": 16, "Inner Unique": false, "Hash Cond": "(public.partsupp.ps_suppkey = public.supplier.s_suppkey)", "Plans": [{"Node Type": "Seq Scan", "Parent Relationship": "Outer", "Relation Name": "partsupp", "Alias": "partsupp", "Startup Cost": 0.0, "Total Cost": 269987.72, "Plan Rows": 8000372, "Plan Width": 24}, {"Node Type": "Hash", "Parent Relationship": "Inner", "Startup Cost": 3574.95, "Total Cost": 3574.95, "Plan Rows": 4000, "Plan Width": 8, "Plans": [{"Node Type": "Hash Join", "Parent Relationship": "Outer", "Join Type": "Inner", "Startup Cost": 1.32, "Total Cost": 3574.95, "Plan Rows": 4000, "Plan Width": 8, "Inner Unique": true, "Hash Cond": "(public.supplier.s_nationkey = public.nation.n_nationkey)", "Plans": [{"Node Type": "Seq Scan", "Parent Relationship": "Outer", "Relation Name": "supplier", "Alias": "supplier", "Startup Cost": 0.0, "Total Cost": 3283.0, "Plan Rows": 100000, "Plan Width": 12}, {"Node Type": "Hash", "Parent Relationship": "Inner", "Startup Cost": 1.31, "Total Cost": 1.31, "Plan Rows": 1, "Plan Width": 4, "Plans": [{"Node Type": "Seq Scan", "Parent Relationship": "Outer", "Relation Name": "nation", "Alias": "nation", "Startup Cost": 0.0, "Total Cost": 1.31, "Plan Rows": 1, "Plan Width": 4, "Filter": "(n_name = 'MOZAMBIQUE'::bpchar)"}]}]}]}]}]}, {"Node Type": "Aggregate", "Strategy": "Hashed", "Parent Relationship": "Outer", "Startup Cost": 305093.02, "Total Cost": 305765.27, "Plan Rows": 53780, "Plan Width": 24, "Group By Key": ["public.partsupp.ps_partkey"], "Filter": "(sum((public.partsupp.ps_supplycost * (public.partsupp.ps_availqty)::double precision)) > $0)", "Plans": [{"Node Type": "Hash Join", "Parent Relationship": "Outer", "Join Type": "Inner", "Startup Cost": 3624.95, "Total Cost": 304151.86, "Plan Rows": 53780, "Plan Width": 24, "Inner Unique": false, "Hash Cond": "(public.partsupp.ps_suppkey = public.supplier.s_suppkey)", "Plans": [{"Node Type": "Seq Scan", "Parent Relationship": "Outer", "Relation Name": "partsupp", "Alias": "partsupp", "Startup Cost": 0.0, "Total Cost": 269987.72, "Plan Rows": 8000372, "Plan Width": 32}, {"Node Type": "Hash", "Parent Relationship": "Inner", "Startup Cost": 3574.95, "Total Cost": 3574.95, "Plan Rows": 4000, "Plan Width": 8, "Plans": [{"Node Type": "Hash Join", "Parent Relationship": "Outer", "Join Type": "Inner", "Startup Cost": 1.32, "Total Cost": 3574.95, "Plan Rows": 4000, "Plan Width": 8, "Inner Unique": true, "Hash Cond": "(public.supplier.s_nationkey = public.nation.n_nationkey)", "Plans": [{"Node Type": "Seq Scan", "Parent Relationship": "Outer", "Relation Name": "supplier", "Alias": "supplier", "Startup Cost": 0.0, "Total Cost": 3283.0, "Plan Rows": 100000, "Plan Width": 12}, {"Node Type": "Hash", "Parent Relationship": "Inner", "Startup Cost": 1.31, "Total Cost": 1.31, "Plan Rows": 1, "Plan Width": 4, "Plans": [{"Node Type": "Seq Scan", "Parent Relationship": "Outer", "Relation Name": "nation", "Alias": "nation", "Startup Cost": 0.0, "Total Cost": 1.31, "Plan Rows": 1, "Plan Width": 4, "Filter": "(n_name = 'MOZAMBIQUE'::bpchar)"}]}]}]}]}]}]}, "Unique SQL Id": 2932834211, "Planner Runtime": 0}, "explain_analyze_plan": null}, "(1, 43)": {"explain_plan": {"Plan": {"Node Type": "Sort", "Startup Cost": 6001104432332.89, "Total Cost": 6001104432467.34, "Plan Rows": 53780, "Plan Width": 40, "Sort Key": ["(sum((public.partsupp.ps_supplycost * (public.partsupp.ps_availqty)::double precision))) DESC"], "Plans": [{"Node Type": "Aggregate", "Strategy": "Plain", "Parent Relationship": "exec_init_plan", "Subplan Name": "InitPlan 1 (returns $0)", "Startup Cost": 3000580719437.25, "Total Cost": 3000580719437.27, "Plan Rows": 1, "Plan Width": 24, "Plans": [{"Node Type": "Nested Loop", "Parent Relationship": "Outer", "Join Type": "Inner", "Startup Cost": 30000000000.0, "Total Cost": 3000580719033.9, "Plan Rows": 53780, "Plan Width": 16, "Inner Unique": false, "Join Filter": "(public.supplier.s_suppkey = public.partsupp.ps_suppkey)", "Plans": [{"Node Type": "Index Scan", "Parent Relationship": "Outer", "Scan Direction": "Forward", "Index Name": "idx_partsupp_suppkey", "Relation Name": "partsupp", "Alias": "partsupp", "Startup Cost": 10000000000.0, "Total Cost": 1000100160480.77, "Plan Rows": 8000372, "Plan Width": 24}, {"Node Type": "Materialize", "Parent Relationship": "Inner", "Startup Cost": 20000000000.0, "Total Cost": 2000000536243.13, "Plan Rows": 4000, "Plan Width": 8, "Plans": [{"Node Type": "Nested Loop", "Parent Relationship": "Outer", "Join Type": "Inner", "Startup Cost": 20000000000.0, "Total Cost": 2000000536223.13, "Plan Rows": 4000, "Plan Width": 8, "Inner Unique": true, "Join Filter": "(public.supplier.s_nationkey = public.nation.n_nationkey)", "Plans": [{"Node Type": "Index Scan", "Parent Relationship": "Outer", "Scan Direction": "Forward", "Index Name": "supplier_pkey", "Relation Name": "supplier", "Alias": "supplier", "Startup Cost": 10000000000.0, "Total Cost": 1000000533454.38, "Plan Rows": 100000, "Plan Width": 12}, {"Node Type": "Materialize", "Parent Relationship": "Inner", "Startup Cost": 10000000000.0, "Total Cost": 1000000001268.76, "Plan Rows": 1, "Plan Width": 4, "Plans": [{"Node Type": "Index Scan", "Parent Relationship": "Outer", "Scan Direction": "Forward", "Index Name": "nation_pkey", "Relation Name": "nation", "Alias": "nation", "Startup Cost": 10000000000.0, "Total Cost": 1000000001268.75, "Plan Rows": 1, "Plan Width": 4, "Filter": "(n_name = 'MOZAMBIQUE'::bpchar)"}]}]}]}]}]}, {"Node Type": "Aggregate", "Strategy": "Sorted", "Parent Relationship": "Outer", "Startup Cost": 30000000000.0, "Total Cost": 3000523708669.92, "Plan Rows": 53780, "Plan Width": 40, "Group By Key": ["public.partsupp.ps_partkey"], "Filter": "(sum((public.partsupp.ps_supplycost * (public.partsupp.ps_availqty)::double precision)) > $0)", "Plans": [{"Node Type": "Nested Loop", "Parent Relationship": "Outer", "Join Type": "Inner", "Startup Cost": 30000000000.0, "Total Cost": 3000523707056.51, "Plan Rows": 53780, "Plan Width": 24, "Inner Unique": false, "Join Filter": "(public.supplier.s_suppkey = public.partsupp.ps_suppkey)", "Plans": [{"Node Type": "Index Scan", "Parent Relationship": "Outer", "Scan Direction": "Forward", "Index Name": "idx_partsupp_partkey", "Relation Name": "partsupp", "Alias": "partsupp", "Startup Cost": 10000000000.0, "Total Cost": 1000043148503.38, "Plan Rows": 8000372, "Plan Width": 32}, {"Node Type": "Materialize", "Parent Relationship": "Inner", "Startup Cost": 20000000000.0, "Total Cost": 2000000536243.13, "Plan Rows": 4000, "Plan Width": 8, "Plans": [{"Node Type": "Nested Loop", "Parent Relationship": "Outer", "Join Type": "Inner", "Startup Cost": 20000000000.0, "Total Cost": 2000000536223.13, "Plan Rows": 4000, "Plan Width": 8, "Inner Unique": true, "Join Filter": "(public.supplier.s_nationkey = public.nation.n_nationkey)", "Plans": [{"Node Type": "Index Scan", "Parent Relationship": "Outer", "Scan Direction": "Forward", "Index Name": "supplier_pkey", "Relation Name": "supplier", "Alias": "supplier", "Startup Cost": 10000000000.0, "Total Cost": 1000000533454.38, "Plan Rows": 100000, "Plan Width": 12}, {"Node Type": "Materialize", "Parent Relationship": "Inner", "Startup Cost": 10000000000.0, "Total Cost": 1000000001268.76, "Plan Rows": 1, "Plan Width": 4, "Plans": [{"Node Type": "Index Scan", "Parent Relationship": "Outer", "Scan Direction": "Forward", "Index Name": "nation_pkey", "Relation Name": "nation", "Alias": "nation", "Startup Cost": 10000000000.0, "Total Cost": 1000000001268.75, "Plan Rows": 1, "Plan Width": 4, "Filter": "(n_name = 'MOZAMBIQUE'::bpchar)"}]}]}]}]}]}]}, "Unique SQL Id": 2932834211, "Planner Runtime": 0}, "explain_analyze_plan": null}, "(1, 44)": {"explain_plan": {"Plan": {"Node Type": "Sort", "Startup Cost": 89040.3, "Total Cost": 89174.75, "Plan Rows": 53780, "Plan Width": 24, "Sort Key": ["(sum((public.partsupp.ps_supplycost * (public.partsupp.ps_availqty)::double precision))) DESC"], "Plans": [{"Node Type": "Aggregate", "Strategy": "Plain", "Parent Relationship": "exec_init_plan", "Subplan Name": "InitPlan 1 (returns $1)", "Startup Cost": 41802.27, "Total Cost": 41802.28, "Plan Rows": 1, "Plan Width": 24, "Plans": [{"Node Type": "Nested Loop", "Parent Relationship": "Outer", "Join Type": "Inner", "Startup Cost": 1.32, "Total Cost": 41398.92, "Plan Rows": 53780, "Plan Width": 16, "Inner Unique": false, "Plans": [{"Node Type": "Hash Join", "Parent Relationship": "Outer", "Join Type": "Inner", "Startup Cost": 1.32, "Total Cost": 3574.95, "Plan Rows": 4000, "Plan Width": 8, "Inner Unique": true, "Hash Cond": "(public.supplier.s_nationkey = public.nation.n_nationkey)", "Plans": [{"Node Type": "Seq Scan", "Parent Relationship": "Outer", "Relation Name": "supplier", "Alias": "supplier", "Startup Cost": 0.0, "Total Cost": 3283.0, "Plan Rows": 100000, "Plan Width": 12}, {"Node Type": "Hash", "Parent Relationship": "Inner", "Startup Cost": 1.31, "Total Cost": 1.31, "Plan Rows": 1, "Plan Width": 4, "Plans": [{"Node Type": "Seq Scan", "Parent Relationship": "Outer", "Relation Name": "nation", "Alias": "nation", "Startup Cost": 0.0, "Total Cost": 1.31, "Plan Rows": 1, "Plan Width": 4, "Filter": "(n_name = 'MOZAMBIQUE'::bpchar)"}]}]}, {"Node Type": "Index Scan", "Parent Relationship": "Inner", "Scan Direction": "Forward", "Index Name": "idx_partsupp_suppkey", "Relation Name": "partsupp", "Alias": "partsupp", "Startup Cost": 0.0, "Total Cost": 9.33, "Plan Rows": 13, "Plan Width": 24, "Index Cond": "(ps_suppkey = public.supplier.s_suppkey)"}]}]}, {"Node Type": "Aggregate", "Strategy": "Hashed", "Parent Relationship": "Outer", "Startup Cost": 42340.07, "Total Cost": 43012.32, "Plan Rows": 53780, "Plan Width": 24, "Group By Key": ["public.partsupp.ps_partkey"], "Filter": "(sum((public.partsupp.ps_supplycost * (public.partsupp.ps_availqty)::double precision)) > $1)", "Plans": [{"Node Type": "Nested Loop", "Parent Relationship": "Outer", "Join Type": "Inner", "Startup Cost": 1.32, "Total Cost": 41398.92, "Plan Rows": 53780, "Plan Width": 24, "Inner Unique": false, "Plans": [{"Node Type": "Hash Join", "Parent Relationship": "Outer", "Join Type": "Inner", "Startup Cost": 1.32, "Total Cost": 3574.95, "Plan Rows": 4000, "Plan Width": 8, "Inner Unique": true, "Hash Cond": "(public.supplier.s_nationkey = public.nation.n_nationkey)", "Plans": [{"Node Type": "Seq Scan", "Parent Relationship": "Outer", "Relation Name": "supplier", "Alias": "supplier", "Startup Cost": 0.0, "Total Cost": 3283.0, "Plan Rows": 100000, "Plan Width": 12}, {"Node Type": "Hash", "Parent Relationship": "Inner", "Startup Cost": 1.31, "Total Cost": 1.31, "Plan Rows": 1, "Plan Width": 4, "Plans": [{"Node Type": "Seq Scan", "Parent Relationship": "Outer", "Relation Name": "nation", "Alias": "nation", "Startup Cost": 0.0, "Total Cost": 1.31, "Plan Rows": 1, "Plan Width": 4, "Filter": "(n_name = 'MOZAMBIQUE'::bpchar)"}]}]}, {"Node Type": "Index Scan", "Parent Relationship": "Inner", "Scan Direction": "Forward", "Index Name": "idx_partsupp_suppkey", "Relation Name": "partsupp", "Alias": "partsupp", "Startup Cost": 0.0, "Total Cost": 9.33, "Plan Rows": 13, "Plan Width": 32, "Index Cond": "(ps_suppkey = public.supplier.s_suppkey)"}]}]}]}, "Unique SQL Id": 2932834211, "Planner Runtime": 0}, "explain_analyze_plan": {"Plan": {"Node Type": "Sort", "Startup Cost": 89040.3, "Total Cost": 89174.75, "Plan Rows": 53780, "Plan Width": 24, "Actual Startup Time": 1966.286, "Actual Total Time": 1966.286, "Actual Rows": 0, "Actual Loops": 1, "Sort Key": ["(sum((public.partsupp.ps_supplycost * (public.partsupp.ps_availqty)::double precision))) DESC"], "Sort Method": "quicksort", "Sort Space Used": 25, "Sort Space Type": "Memory", "Plans": [{"Node Type": "Aggregate", "Strategy": "Plain", "Parent Relationship": "exec_init_plan", "Subplan Name": "InitPlan 1 (returns $1)", "Startup Cost": 41802.27, "Total Cost": 41802.28, "Plan Rows": 1, "Plan Width": 24, "Actual Startup Time": 814.836, "Actual Total Time": 814.836, "Actual Rows": 1, "Actual Loops": 1, "Plans": [{"Node Type": "Nested Loop", "Parent Relationship": "Outer", "Join Type": "Inner", "Startup Cost": 1.32, "Total Cost": 41398.92, "Plan Rows": 53780, "Plan Width": 16, "Actual Startup Time": 0.144, "Actual Total Time": 679.652, "Actual Rows": 313920, "Actual Loops": 1, "Inner Unique": false, "Plans": [{"Node Type": "Hash Join", "Parent Relationship": "Outer", "Join Type": "Inner", "Startup Cost": 1.32, "Total Cost": 3574.95, "Plan Rows": 4000, "Plan Width": 8, "Actual Startup Time": 0.118, "Actual Total Time": 51.066, "Actual Rows": 3924, "Actual Loops": 1, "Inner Unique": true, "Hash Cond": "(public.supplier.s_nationkey = public.nation.n_nationkey)", "Plans": [{"Node Type": "Seq Scan", "Parent Relationship": "Outer", "Relation Name": "supplier", "Alias": "supplier", "Startup Cost": 0.0, "Total Cost": 3283.0, "Plan Rows": 100000, "Plan Width": 12, "Actual Startup Time": 0.02, "Actual Total Time": 28.652, "Actual Rows": 100000, "Actual Loops": 1}, {"Node Type": "Hash", "Parent Relationship": "Inner", "Startup Cost": 1.31, "Total Cost": 1.31, "Plan Rows": 1, "Plan Width": 4, "Actual Startup Time": 0.035, "Actual Total Time": 0.035, "Actual Rows": 1, "Actual Loops": 1, "Hash Buckets": 32768, "Hash Batches": 1, "Original Hash Batches": 1, "Peak Memory Usage": 1, "Plans": [{"Node Type": "Seq Scan", "Parent Relationship": "Outer", "Relation Name": "nation", "Alias": "nation", "Startup Cost": 0.0, "Total Cost": 1.31, "Plan Rows": 1, "Plan Width": 4, "Actual Startup Time": 0.023, "Actual Total Time": 0.026, "Actual Rows": 1, "Actual Loops": 1, "Filter": "(n_name = 'MOZAMBIQUE'::bpchar)", "Rows Removed by Filter": 24}]}]}, {"Node Type": "Index Scan", "Parent Relationship": "Inner", "Scan Direction": "Forward", "Index Name": "idx_partsupp_suppkey", "Relation Name": "partsupp", "Alias": "partsupp", "Startup Cost": 0.0, "Total Cost": 9.33, "Plan Rows": 13, "Plan Width": 24, "Actual Startup Time": 45.642, "Actual Total Time": 561.627, "Actual Rows": 313920, "Actual Loops": 3924, "Index Cond": "(ps_suppkey = public.supplier.s_suppkey)", "Rows Removed by Index Recheck": 0}]}]}, {"Node Type": "Aggregate", "Strategy": "Hashed", "Parent Relationship": "Outer", "Startup Cost": 42340.07, "Total Cost": 43012.32, "Plan Rows": 53780, "Plan Width": 24, "Actual Startup Time": 1965.915, "Actual Total Time": 1965.915, "Actual Rows": 0, "Actual Loops": 1, "Group By Key": ["public.partsupp.ps_partkey"], "Filter": "(sum((public.partsupp.ps_supplycost * (public.partsupp.ps_availqty)::double precision)) > $1)", "Rows Removed by Filter": 295792, "Plans": [{"Node Type": "Nested Loop", "Parent Relationship": "Outer", "Join Type": "Inner", "Startup Cost": 1.32, "Total Cost": 41398.92, "Plan Rows": 53780, "Plan Width": 24, "Actual Startup Time": 0.133, "Actual Total Time": 747.644, "Actual Rows": 313920, "Actual Loops": 1, "Inner Unique": false, "Plans": [{"Node Type": "Hash Join", "Parent Relationship": "Outer", "Join Type": "Inner", "Startup Cost": 1.32, "Total Cost": 3574.95, "Plan Rows": 4000, "Plan Width": 8, "Actual Startup Time": 0.106, "Actual Total Time": 53.011, "Actual Rows": 3924, "Actual Loops": 1, "Inner Unique": true, "Hash Cond": "(public.supplier.s_nationkey = public.nation.n_nationkey)", "Plans": [{"Node Type": "Seq Scan", "Parent Relationship": "Outer", "Relation Name": "supplier", "Alias": "supplier", "Startup Cost": 0.0, "Total Cost": 3283.0, "Plan Rows": 100000, "Plan Width": 12, "Actual Startup Time": 0.018, "Actual Total Time": 30.147, "Actual Rows": 100000, "Actual Loops": 1}, {"Node Type": "Hash", "Parent Relationship": "Inner", "Startup Cost": 1.31, "Total Cost": 1.31, "Plan Rows": 1, "Plan Width": 4, "Actual Startup Time": 0.032, "Actual Total Time": 0.032, "Actual Rows": 1, "Actual Loops": 1, "Hash Buckets": 32768, "Hash Batches": 1, "Original Hash Batches": 1, "Peak Memory Usage": 1, "Plans": [{"Node Type": "Seq Scan", "Parent Relationship": "Outer", "Relation Name": "nation", "Alias": "nation", "Startup Cost": 0.0, "Total Cost": 1.31, "Plan Rows": 1, "Plan Width": 4, "Actual Startup Time": 0.021, "Actual Total Time": 0.024, "Actual Rows": 1, "Actual Loops": 1, "Filter": "(n_name = 'MOZAMBIQUE'::bpchar)", "Rows Removed by Filter": 24}]}]}, {"Node Type": "Index Scan", "Parent Relationship": "Inner", "Scan Direction": "Forward", "Index Name": "idx_partsupp_suppkey", "Relation Name": "partsupp", "Alias": "partsupp", "Startup Cost": 0.0, "Total Cost": 9.33, "Plan Rows": 13, "Plan Width": 32, "Actual Startup Time": 49.124, "Actual Total Time": 623.306, "Actual Rows": 313920, "Actual Loops": 3924, "Index Cond": "(ps_suppkey = public.supplier.s_suppkey)", "Rows Removed by Index Recheck": 0}]}]}]}, "Triggers": [], "Planner Runtime": 1, "Total Runtime": 1966.592, "Unique SQL Id": 2932834211}}, "(1, 45)": {"explain_plan": {"Plan": {"Node Type": "Sort", "Startup Cost": 93166.14, "Total Cost": 93300.59, "Plan Rows": 53780, "Plan Width": 24, "Sort Key": ["(sum((public.partsupp.ps_supplycost * (public.partsupp.ps_availqty)::double precision))) DESC"], "Plans": [{"Node Type": "Aggregate", "Strategy": "Plain", "Parent Relationship": "exec_init_plan", "Subplan Name": "InitPlan 1 (returns $1)", "Startup Cost": 43865.19, "Total Cost": 43865.2, "Plan Rows": 1, "Plan Width": 24, "Plans": [{"Node Type": "Nested Loop", "Parent Relationship": "Outer", "Join Type": "Inner", "Startup Cost": 12.7, "Total Cost": 43461.84, "Plan Rows": 53780, "Plan Width": 16, "Inner Unique": false, "Plans": [{"Node Type": "Hash Join", "Parent Relationship": "Outer", "Join Type": "Inner", "Startup Cost": 12.7, "Total Cost": 5637.87, "Plan Rows": 4000, "Plan Width": 8, "Inner Unique": true, "Hash Cond": "(public.supplier.s_nationkey = public.nation.n_nationkey)", "Plans": [{"Node Type": "Index Scan", "Parent Relationship": "Outer", "Scan Direction": "Forward", "Index Name": "supplier_pkey", "Relation Name": "supplier", "Alias": "supplier", "Startup Cost": 0.0, "Total Cost": 5334.54, "Plan Rows": 100000, "Plan Width": 12}, {"Node Type": "Hash", "Parent Relationship": "Inner", "Startup Cost": 12.69, "Total Cost": 12.69, "Plan Rows": 1, "Plan Width": 4, "Plans": [{"Node Type": "Index Scan", "Parent Relationship": "Outer", "Scan Direction": "Forward", "Index Name": "nation_pkey", "Relation Name": "nation", "Alias": "nation", "Startup Cost": 0.0, "Total Cost": 12.69, "Plan Rows": 1, "Plan Width": 4, "Filter": "(n_name = 'MOZAMBIQUE'::bpchar)"}]}]}, {"Node Type": "Index Scan", "Parent Relationship": "Inner", "Scan Direction": "Forward", "Index Name": "idx_partsupp_suppkey", "Relation Name": "partsupp", "Alias": "partsupp", "Startup Cost": 0.0, "Total Cost": 9.33, "Plan Rows": 13, "Plan Width": 24, "Index Cond": "(ps_suppkey = public.supplier.s_suppkey)"}]}]}, {"Node Type": "Aggregate", "Strategy": "Hashed", "Parent Relationship": "Outer", "Startup Cost": 44402.99, "Total Cost": 45075.24, "Plan Rows": 53780, "Plan Width": 24, "Group By Key": ["public.partsupp.ps_partkey"], "Filter": "(sum((public.partsupp.ps_supplycost * (public.partsupp.ps_availqty)::double precision)) > $1)", "Plans": [{"Node Type": "Nested Loop", "Parent Relationship": "Outer", "Join Type": "Inner", "Startup Cost": 12.7, "Total Cost": 43461.84, "Plan Rows": 53780, "Plan Width": 24, "Inner Unique": false, "Plans": [{"Node Type": "Hash Join", "Parent Relationship": "Outer", "Join Type": "Inner", "Startup Cost": 12.7, "Total Cost": 5637.87, "Plan Rows": 4000, "Plan Width": 8, "Inner Unique": true, "Hash Cond": "(public.supplier.s_nationkey = public.nation.n_nationkey)", "Plans": [{"Node Type": "Index Scan", "Parent Relationship": "Outer", "Scan Direction": "Forward", "Index Name": "supplier_pkey", "Relation Name": "supplier", "Alias": "supplier", "Startup Cost": 0.0, "Total Cost": 5334.54, "Plan Rows": 100000, "Plan Width": 12}, {"Node Type": "Hash", "Parent Relationship": "Inner", "Startup Cost": 12.69, "Total Cost": 12.69, "Plan Rows": 1, "Plan Width": 4, "Plans": [{"Node Type": "Index Scan", "Parent Relationship": "Outer", "Scan Direction": "Forward", "Index Name": "nation_pkey", "Relation Name": "nation", "Alias": "nation", "Startup Cost": 0.0, "Total Cost": 12.69, "Plan Rows": 1, "Plan Width": 4, "Filter": "(n_name = 'MOZAMBIQUE'::bpchar)"}]}]}, {"Node Type": "Index Scan", "Parent Relationship": "Inner", "Scan Direction": "Forward", "Index Name": "idx_partsupp_suppkey", "Relation Name": "partsupp", "Alias": "partsupp", "Startup Cost": 0.0, "Total Cost": 9.33, "Plan Rows": 13, "Plan Width": 32, "Index Cond": "(ps_suppkey = public.supplier.s_suppkey)"}]}]}]}, "Unique SQL Id": 2932834211, "Planner Runtime": 0}, "explain_analyze_plan": {"Plan": {"Node Type": "Sort", "Startup Cost": 93166.14, "Total Cost": 93300.59, "Plan Rows": 53780, "Plan Width": 24, "Actual Startup Time": 1974.357, "Actual Total Time": 1974.357, "Actual Rows": 0, "Actual Loops": 1, "Sort Key": ["(sum((public.partsupp.ps_supplycost * (public.partsupp.ps_availqty)::double precision))) DESC"], "Sort Method": "quicksort", "Sort Space Used": 25, "Sort Space Type": "Memory", "Plans": [{"Node Type": "Aggregate", "Strategy": "Plain", "Parent Relationship": "exec_init_plan", "Subplan Name": "InitPlan 1 (returns $1)", "Startup Cost": 43865.19, "Total Cost": 43865.2, "Plan Rows": 1, "Plan Width": 24, "Actual Startup Time": 817.132, "Actual Total Time": 817.133, "Actual Rows": 1, "Actual Loops": 1, "Plans": [{"Node Type": "Nested Loop", "Parent Relationship": "Outer", "Join Type": "Inner", "Startup Cost": 12.7, "Total Cost": 43461.84, "Plan Rows": 53780, "Plan Width": 16, "Actual Startup Time": 0.175, "Actual Total Time": 680.837, "Actual Rows": 313920, "Actual Loops": 1, "Inner Unique": false, "Plans": [{"Node Type": "Hash Join", "Parent Relationship": "Outer", "Join Type": "Inner", "Startup Cost": 12.7, "Total Cost": 5637.87, "Plan Rows": 4000, "Plan Width": 8, "Actual Startup Time": 0.15, "Actual Total Time": 74.596, "Actual Rows": 3924, "Actual Loops": 1, "Inner Unique": true, "Hash Cond": "(public.supplier.s_nationkey = public.nation.n_nationkey)", "Plans": [{"Node Type": "Index Scan", "Parent Relationship": "Outer", "Scan Direction": "Forward", "Index Name": "supplier_pkey", "Relation Name": "supplier", "Alias": "supplier", "Startup Cost": 0.0, "Total Cost": 5334.54, "Plan Rows": 100000, "Plan Width": 12, "Actual Startup Time": 0.032, "Actual Total Time": 53.574, "Actual Rows": 100000, "Actual Loops": 1}, {"Node Type": "Hash", "Parent Relationship": "Inner", "Startup Cost": 12.69, "Total Cost": 12.69, "Plan Rows": 1, "Plan Width": 4, "Actual Startup Time": 0.044, "Actual Total Time": 0.044, "Actual Rows": 1, "Actual Loops": 1, "Hash Buckets": 32768, "Hash Batches": 1, "Original Hash Batches": 1, "Peak Memory Usage": 1, "Plans": [{"Node Type": "Index Scan", "Parent Relationship": "Outer", "Scan Direction": "Forward", "Index Name": "nation_pkey", "Relation Name": "nation", "Alias": "nation", "Startup Cost": 0.0, "Total Cost": 12.69, "Plan Rows": 1, "Plan Width": 4, "Actual Startup Time": 0.028, "Actual Total Time": 0.034, "Actual Rows": 1, "Actual Loops": 1, "Filter": "(n_name = 'MOZAMBIQUE'::bpchar)", "Rows Removed by Filter": 24}]}]}, {"Node Type": "Index Scan", "Parent Relationship": "Inner", "Scan Direction": "Forward", "Index Name": "idx_partsupp_suppkey", "Relation Name": "partsupp", "Alias": "partsupp", "Startup Cost": 0.0, "Total Cost": 9.33, "Plan Rows": 13, "Plan Width": 24, "Actual Startup Time": 43.949, "Actual Total Time": 539.771, "Actual Rows": 313920, "Actual Loops": 3924, "Index Cond": "(ps_suppkey = public.supplier.s_suppkey)", "Rows Removed by Index Recheck": 0}]}]}, {"Node Type": "Aggregate", "Strategy": "Hashed", "Parent Relationship": "Outer", "Startup Cost": 44402.99, "Total Cost": 45075.24, "Plan Rows": 53780, "Plan Width": 24, "Actual Startup Time": 1973.893, "Actual Total Time": 1973.893, "Actual Rows": 0, "Actual Loops": 1, "Group By Key": ["public.partsupp.ps_partkey"], "Filter": "(sum((public.partsupp.ps_supplycost * (public.partsupp.ps_availqty)::double precision)) > $1)", "Rows Removed by Filter": 295792, "Plans": [{"Node Type": "Nested Loop", "Parent Relationship": "Outer", "Join Type": "Inner", "Startup Cost": 12.7, "Total Cost": 43461.84, "Plan Rows": 53780, "Plan Width": 24, "Actual Startup Time": 0.136, "Actual Total Time": 736.735, "Actual Rows": 313920, "Actual Loops": 1, "Inner Unique": false, "Plans": [{"Node Type": "Hash Join", "Parent Relationship": "Outer", "Join Type": "Inner", "Startup Cost": 12.7, "Total Cost": 5637.87, "Plan Rows": 4000, "Plan Width": 8, "Actual Startup Time": 0.114, "Actual Total Time": 77.829, "Actual Rows": 3924, "Actual Loops": 1, "Inner Unique": true, "Hash Cond": "(public.supplier.s_nationkey = public.nation.n_nationkey)", "Plans": [{"Node Type": "Index Scan", "Parent Relationship": "Outer", "Scan Direction": "Forward", "Index Name": "supplier_pkey", "Relation Name": "supplier", "Alias": "supplier", "Startup Cost": 0.0, "Total Cost": 5334.54, "Plan Rows": 100000, "Plan Width": 12, "Actual Startup Time": 0.027, "Actual Total Time": 56.396, "Actual Rows": 100000, "Actual Loops": 1}, {"Node Type": "Hash", "Parent Relationship": "Inner", "Startup Cost": 12.69, "Total Cost": 12.69, "Plan Rows": 1, "Plan Width": 4, "Actual Startup Time": 0.036, "Actual Total Time": 0.036, "Actual Rows": 1, "Actual Loops": 1, "Hash Buckets": 32768, "Hash Batches": 1, "Original Hash Batches": 1, "Peak Memory Usage": 1, "Plans": [{"Node Type": "Index Scan", "Parent Relationship": "Outer", "Scan Direction": "Forward", "Index Name": "nation_pkey", "Relation Name": "nation", "Alias": "nation", "Startup Cost": 0.0, "Total Cost": 12.69, "Plan Rows": 1, "Plan Width": 4, "Actual Startup Time": 0.023, "Actual Total Time": 0.028, "Actual Rows": 1, "Actual Loops": 1, "Filter": "(n_name = 'MOZAMBIQUE'::bpchar)", "Rows Removed by Filter": 24}]}]}, {"Node Type": "Index Scan", "Parent Relationship": "Inner", "Scan Direction": "Forward", "Index Name": "idx_partsupp_suppkey", "Relation Name": "partsupp", "Alias": "partsupp", "Startup Cost": 0.0, "Total Cost": 9.33, "Plan Rows": 13, "Plan Width": 32, "Actual Startup Time": 46.453, "Actual Total Time": 587.121, "Actual Rows": 313920, "Actual Loops": 3924, "Index Cond": "(ps_suppkey = public.supplier.s_suppkey)", "Rows Removed by Index Recheck": 0}]}]}]}, "Triggers": [], "Planner Runtime": 0, "Total Runtime": 1974.638, "Unique SQL Id": 2932834211}}, "(1, 46)": {"explain_plan": {"Plan": {"Node Type": "Sort", "Startup Cost": 614546.2, "Total Cost": 614680.65, "Plan Rows": 53780, "Plan Width": 24, "Sort Key": ["(sum((public.partsupp.ps_supplycost * (public.partsupp.ps_availqty)::double precision))) DESC"], "Plans": [{"Node Type": "Aggregate", "Strategy": "Plain", "Parent Relationship": "exec_init_plan", "Subplan Name": "InitPlan 1 (returns $0)", "Startup Cost": 304555.21, "Total Cost": 304555.23, "Plan Rows": 1, "Plan Width": 24, "Plans": [{"Node Type": "Hash Join", "Parent Relationship": "Outer", "Join Type": "Inner", "Startup Cost": 3624.95, "Total Cost": 304151.86, "Plan Rows": 53780, "Plan Width": 16, "Inner Unique": false, "Hash Cond": "(public.partsupp.ps_suppkey = public.supplier.s_suppkey)", "Plans": [{"Node Type": "Seq Scan", "Parent Relationship": "Outer", "Relation Name": "partsupp", "Alias": "partsupp", "Startup Cost": 0.0, "Total Cost": 269987.72, "Plan Rows": 8000372, "Plan Width": 24}, {"Node Type": "Hash", "Parent Relationship": "Inner", "Startup Cost": 3574.95, "Total Cost": 3574.95, "Plan Rows": 4000, "Plan Width": 8, "Plans": [{"Node Type": "Hash Join", "Parent Relationship": "Outer", "Join Type": "Inner", "Startup Cost": 1.32, "Total Cost": 3574.95, "Plan Rows": 4000, "Plan Width": 8, "Inner Unique": true, "Hash Cond": "(public.supplier.s_nationkey = public.nation.n_nationkey)", "Plans": [{"Node Type": "Seq Scan", "Parent Relationship": "Outer", "Relation Name": "supplier", "Alias": "supplier", "Startup Cost": 0.0, "Total Cost": 3283.0, "Plan Rows": 100000, "Plan Width": 12}, {"Node Type": "Hash", "Parent Relationship": "Inner", "Startup Cost": 1.31, "Total Cost": 1.31, "Plan Rows": 1, "Plan Width": 4, "Plans": [{"Node Type": "Seq Scan", "Parent Relationship": "Outer", "Relation Name": "nation", "Alias": "nation", "Startup Cost": 0.0, "Total Cost": 1.31, "Plan Rows": 1, "Plan Width": 4, "Filter": "(n_name = 'MOZAMBIQUE'::bpchar)"}]}]}]}]}]}, {"Node Type": "Aggregate", "Strategy": "Hashed", "Parent Relationship": "Outer", "Startup Cost": 305093.02, "Total Cost": 305765.27, "Plan Rows": 53780, "Plan Width": 24, "Group By Key": ["public.partsupp.ps_partkey"], "Filter": "(sum((public.partsupp.ps_supplycost * (public.partsupp.ps_availqty)::double precision)) > $0)", "Plans": [{"Node Type": "Hash Join", "Parent Relationship": "Outer", "Join Type": "Inner", "Startup Cost": 3624.95, "Total Cost": 304151.86, "Plan Rows": 53780, "Plan Width": 24, "Inner Unique": false, "Hash Cond": "(public.partsupp.ps_suppkey = public.supplier.s_suppkey)", "Plans": [{"Node Type": "Seq Scan", "Parent Relationship": "Outer", "Relation Name": "partsupp", "Alias": "partsupp", "Startup Cost": 0.0, "Total Cost": 269987.72, "Plan Rows": 8000372, "Plan Width": 32}, {"Node Type": "Hash", "Parent Relationship": "Inner", "Startup Cost": 3574.95, "Total Cost": 3574.95, "Plan Rows": 4000, "Plan Width": 8, "Plans": [{"Node Type": "Hash Join", "Parent Relationship": "Outer", "Join Type": "Inner", "Startup Cost": 1.32, "Total Cost": 3574.95, "Plan Rows": 4000, "Plan Width": 8, "Inner Unique": true, "Hash Cond": "(public.supplier.s_nationkey = public.nation.n_nationkey)", "Plans": [{"Node Type": "Seq Scan", "Parent Relationship": "Outer", "Relation Name": "supplier", "Alias": "supplier", "Startup Cost": 0.0, "Total Cost": 3283.0, "Plan Rows": 100000, "Plan Width": 12}, {"Node Type": "Hash", "Parent Relationship": "Inner", "Startup Cost": 1.31, "Total Cost": 1.31, "Plan Rows": 1, "Plan Width": 4, "Plans": [{"Node Type": "Seq Scan", "Parent Relationship": "Outer", "Relation Name": "nation", "Alias": "nation", "Startup Cost": 0.0, "Total Cost": 1.31, "Plan Rows": 1, "Plan Width": 4, "Filter": "(n_name = 'MOZAMBIQUE'::bpchar)"}]}]}]}]}]}]}, "Unique SQL Id": 2932834211, "Planner Runtime": 0}, "explain_analyze_plan": null}, "(1, 47)": {"explain_plan": {"Plan": {"Node Type": "Sort", "Startup Cost": 6001104432332.89, "Total Cost": 6001104432467.34, "Plan Rows": 53780, "Plan Width": 40, "Sort Key": ["(sum((public.partsupp.ps_supplycost * (public.partsupp.ps_availqty)::double precision))) DESC"], "Plans": [{"Node Type": "Aggregate", "Strategy": "Plain", "Parent Relationship": "exec_init_plan", "Subplan Name": "InitPlan 1 (returns $0)", "Startup Cost": 3000580719437.25, "Total Cost": 3000580719437.27, "Plan Rows": 1, "Plan Width": 24, "Plans": [{"Node Type": "Nested Loop", "Parent Relationship": "Outer", "Join Type": "Inner", "Startup Cost": 30000000000.0, "Total Cost": 3000580719033.9, "Plan Rows": 53780, "Plan Width": 16, "Inner Unique": false, "Join Filter": "(public.supplier.s_suppkey = public.partsupp.ps_suppkey)", "Plans": [{"Node Type": "Index Scan", "Parent Relationship": "Outer", "Scan Direction": "Forward", "Index Name": "idx_partsupp_suppkey", "Relation Name": "partsupp", "Alias": "partsupp", "Startup Cost": 10000000000.0, "Total Cost": 1000100160480.77, "Plan Rows": 8000372, "Plan Width": 24}, {"Node Type": "Materialize", "Parent Relationship": "Inner", "Startup Cost": 20000000000.0, "Total Cost": 2000000536243.13, "Plan Rows": 4000, "Plan Width": 8, "Plans": [{"Node Type": "Nested Loop", "Parent Relationship": "Outer", "Join Type": "Inner", "Startup Cost": 20000000000.0, "Total Cost": 2000000536223.13, "Plan Rows": 4000, "Plan Width": 8, "Inner Unique": true, "Join Filter": "(public.supplier.s_nationkey = public.nation.n_nationkey)", "Plans": [{"Node Type": "Index Scan", "Parent Relationship": "Outer", "Scan Direction": "Forward", "Index Name": "supplier_pkey", "Relation Name": "supplier", "Alias": "supplier", "Startup Cost": 10000000000.0, "Total Cost": 1000000533454.38, "Plan Rows": 100000, "Plan Width": 12}, {"Node Type": "Materialize", "Parent Relationship": "Inner", "Startup Cost": 10000000000.0, "Total Cost": 1000000001268.76, "Plan Rows": 1, "Plan Width": 4, "Plans": [{"Node Type": "Index Scan", "Parent Relationship": "Outer", "Scan Direction": "Forward", "Index Name": "nation_pkey", "Relation Name": "nation", "Alias": "nation", "Startup Cost": 10000000000.0, "Total Cost": 1000000001268.75, "Plan Rows": 1, "Plan Width": 4, "Filter": "(n_name = 'MOZAMBIQUE'::bpchar)"}]}]}]}]}]}, {"Node Type": "Aggregate", "Strategy": "Sorted", "Parent Relationship": "Outer", "Startup Cost": 30000000000.0, "Total Cost": 3000523708669.92, "Plan Rows": 53780, "Plan Width": 40, "Group By Key": ["public.partsupp.ps_partkey"], "Filter": "(sum((public.partsupp.ps_supplycost * (public.partsupp.ps_availqty)::double precision)) > $0)", "Plans": [{"Node Type": "Nested Loop", "Parent Relationship": "Outer", "Join Type": "Inner", "Startup Cost": 30000000000.0, "Total Cost": 3000523707056.51, "Plan Rows": 53780, "Plan Width": 24, "Inner Unique": false, "Join Filter": "(public.supplier.s_suppkey = public.partsupp.ps_suppkey)", "Plans": [{"Node Type": "Index Scan", "Parent Relationship": "Outer", "Scan Direction": "Forward", "Index Name": "idx_partsupp_partkey", "Relation Name": "partsupp", "Alias": "partsupp", "Startup Cost": 10000000000.0, "Total Cost": 1000043148503.38, "Plan Rows": 8000372, "Plan Width": 32}, {"Node Type": "Materialize", "Parent Relationship": "Inner", "Startup Cost": 20000000000.0, "Total Cost": 2000000536243.13, "Plan Rows": 4000, "Plan Width": 8, "Plans": [{"Node Type": "Nested Loop", "Parent Relationship": "Outer", "Join Type": "Inner", "Startup Cost": 20000000000.0, "Total Cost": 2000000536223.13, "Plan Rows": 4000, "Plan Width": 8, "Inner Unique": true, "Join Filter": "(public.supplier.s_nationkey = public.nation.n_nationkey)", "Plans": [{"Node Type": "Index Scan", "Parent Relationship": "Outer", "Scan Direction": "Forward", "Index Name": "supplier_pkey", "Relation Name": "supplier", "Alias": "supplier", "Startup Cost": 10000000000.0, "Total Cost": 1000000533454.38, "Plan Rows": 100000, "Plan Width": 12}, {"Node Type": "Materialize", "Parent Relationship": "Inner", "Startup Cost": 10000000000.0, "Total Cost": 1000000001268.76, "Plan Rows": 1, "Plan Width": 4, "Plans": [{"Node Type": "Index Scan", "Parent Relationship": "Outer", "Scan Direction": "Forward", "Index Name": "nation_pkey", "Relation Name": "nation", "Alias": "nation", "Startup Cost": 10000000000.0, "Total Cost": 1000000001268.75, "Plan Rows": 1, "Plan Width": 4, "Filter": "(n_name = 'MOZAMBIQUE'::bpchar)"}]}]}]}]}]}]}, "Unique SQL Id": 2932834211, "Planner Runtime": 0}, "explain_analyze_plan": null}, "(1, 48)": {"explain_plan": {"Plan": {"Node Type": "Sort", "Startup Cost": 86957.11, "Total Cost": 87091.56, "Plan Rows": 53780, "Plan Width": 24, "Sort Key": ["(sum((public.partsupp.ps_supplycost * (public.partsupp.ps_availqty)::double precision))) DESC"], "Plans": [{"Node Type": "Aggregate", "Strategy": "Plain", "Parent Relationship": "exec_init_plan", "Subplan Name": "InitPlan 1 (returns $2)", "Startup Cost": 40760.67, "Total Cost": 40760.68, "Plan Rows": 1, "Plan Width": 24, "Plans": [{"Node Type": "Nested Loop", "Parent Relationship": "Outer", "Join Type": "Inner", "Startup Cost": 95.25, "Total Cost": 40357.32, "Plan Rows": 53780, "Plan Width": 16, "Inner Unique": false, "Plans": [{"Node Type": "Nested Loop", "Parent Relationship": "Outer", "Join Type": "Inner", "Startup Cost": 95.25, "Total Cost": 2533.35, "Plan Rows": 4000, "Plan Width": 8, "Inner Unique": false, "Plans": [{"Node Type": "Seq Scan", "Parent Relationship": "Outer", "Relation Name": "nation", "Alias": "nation", "Startup Cost": 0.0, "Total Cost": 1.31, "Plan Rows": 1, "Plan Width": 4, "Filter": "(n_name = 'MOZAMBIQUE'::bpchar)"}, {"Node Type": "Bitmap Heap Scan", "Parent Relationship": "Inner", "Relation Name": "supplier", "Alias": "supplier", "Startup Cost": 95.25, "Total Cost": 2492.04, "Plan Rows": 4000, "Plan Width": 12, "Recheck Cond": "(s_nationkey = public.nation.n_nationkey)", "Plans": [{"Node Type": "Bitmap Index Scan", "Parent Relationship": "Outer", "Index Name": "idx_supplier_nation_key", "Startup Cost": 0.0, "Total Cost": 94.25, "Plan Rows": 4000, "Plan Width": 0, "Index Cond": "(s_nationkey = public.nation.n_nationkey)"}]}]}, {"Node Type": "Index Scan", "Parent Relationship": "Inner", "Scan Direction": "Forward", "Index Name": "idx_partsupp_suppkey", "Relation Name": "partsupp", "Alias": "partsupp", "Startup Cost": 0.0, "Total Cost": 9.33, "Plan Rows": 13, "Plan Width": 24, "Index Cond": "(ps_suppkey = public.supplier.s_suppkey)"}]}]}, {"Node Type": "Aggregate", "Strategy": "Hashed", "Parent Relationship": "Outer", "Startup Cost": 41298.47, "Total Cost": 41970.72, "Plan Rows": 53780, "Plan Width": 24, "Group By Key": ["public.partsupp.ps_partkey"], "Filter": "(sum((public.partsupp.ps_supplycost * (public.partsupp.ps_availqty)::double precision)) > $2)", "Plans": [{"Node Type": "Nested Loop", "Parent Relationship": "Outer", "Join Type": "Inner", "Startup Cost": 95.25, "Total Cost": 40357.32, "Plan Rows": 53780, "Plan Width": 24, "Inner Unique": false, "Plans": [{"Node Type": "Nested Loop", "Parent Relationship": "Outer", "Join Type": "Inner", "Startup Cost": 95.25, "Total Cost": 2533.35, "Plan Rows": 4000, "Plan Width": 8, "Inner Unique": false, "Plans": [{"Node Type": "Seq Scan", "Parent Relationship": "Outer", "Relation Name": "nation", "Alias": "nation", "Startup Cost": 0.0, "Total Cost": 1.31, "Plan Rows": 1, "Plan Width": 4, "Filter": "(n_name = 'MOZAMBIQUE'::bpchar)"}, {"Node Type": "Bitmap Heap Scan", "Parent Relationship": "Inner", "Relation Name": "supplier", "Alias": "supplier", "Startup Cost": 95.25, "Total Cost": 2492.04, "Plan Rows": 4000, "Plan Width": 12, "Recheck Cond": "(s_nationkey = public.nation.n_nationkey)", "Plans": [{"Node Type": "Bitmap Index Scan", "Parent Relationship": "Outer", "Index Name": "idx_supplier_nation_key", "Startup Cost": 0.0, "Total Cost": 94.25, "Plan Rows": 4000, "Plan Width": 0, "Index Cond": "(s_nationkey = public.nation.n_nationkey)"}]}]}, {"Node Type": "Index Scan", "Parent Relationship": "Inner", "Scan Direction": "Forward", "Index Name": "idx_partsupp_suppkey", "Relation Name": "partsupp", "Alias": "partsupp", "Startup Cost": 0.0, "Total Cost": 9.33, "Plan Rows": 13, "Plan Width": 32, "Index Cond": "(ps_suppkey = public.supplier.s_suppkey)"}]}]}]}, "Unique SQL Id": 2932834211, "Planner Runtime": 0}, "explain_analyze_plan": {"Plan": {"Node Type": "Sort", "Startup Cost": 86957.11, "Total Cost": 87091.56, "Plan Rows": 53780, "Plan Width": 24, "Actual Startup Time": 1860.176, "Actual Total Time": 1860.176, "Actual Rows": 0, "Actual Loops": 1, "Sort Key": ["(sum((public.partsupp.ps_supplycost * (public.partsupp.ps_availqty)::double precision))) DESC"], "Sort Method": "quicksort", "Sort Space Used": 25, "Sort Space Type": "Memory", "Plans": [{"Node Type": "Aggregate", "Strategy": "Plain", "Parent Relationship": "exec_init_plan", "Subplan Name": "InitPlan 1 (returns $2)", "Startup Cost": 40760.67, "Total Cost": 40760.68, "Plan Rows": 1, "Plan Width": 24, "Actual Startup Time": 807.27, "Actual Total Time": 807.27, "Actual Rows": 1, "Actual Loops": 1, "Plans": [{"Node Type": "Nested Loop", "Parent Relationship": "Outer", "Join Type": "Inner", "Startup Cost": 95.25, "Total Cost": 40357.32, "Plan Rows": 53780, "Plan Width": 16, "Actual Startup Time": 0.965, "Actual Total Time": 672.642, "Actual Rows": 313920, "Actual Loops": 1, "Inner Unique": false, "Plans": [{"Node Type": "Nested Loop", "Parent Relationship": "Outer", "Join Type": "Inner", "Startup Cost": 95.25, "Total Cost": 2533.35, "Plan Rows": 4000, "Plan Width": 8, "Actual Startup Time": 0.942, "Actual Total Time": 8.242, "Actual Rows": 3924, "Actual Loops": 1, "Inner Unique": false, "Plans": [{"Node Type": "Seq Scan", "Parent Relationship": "Outer", "Relation Name": "nation", "Alias": "nation", "Startup Cost": 0.0, "Total Cost": 1.31, "Plan Rows": 1, "Plan Width": 4, "Actual Startup Time": 0.022, "Actual Total Time": 0.034, "Actual Rows": 1, "Actual Loops": 1, "Filter": "(n_name = 'MOZAMBIQUE'::bpchar)", "Rows Removed by Filter": 24}, {"Node Type": "Bitmap Heap Scan", "Parent Relationship": "Inner", "Relation Name": "supplier", "Alias": "supplier", "Startup Cost": 95.25, "Total Cost": 2492.04, "Plan Rows": 4000, "Plan Width": 12, "Actual Startup Time": 0.902, "Actual Total Time": 7.218, "Actual Rows": 3924, "Actual Loops": 1, "Recheck Cond": "(s_nationkey = public.nation.n_nationkey)", "Rows Removed by Index Recheck": 0, "Exact Heap Blocks": 1895, "Lossy Heap Blocks": 1895, "Plans": [{"Node Type": "Bitmap Index Scan", "Parent Relationship": "Outer", "Index Name": "idx_supplier_nation_key", "Startup Cost": 0.0, "Total Cost": 94.25, "Plan Rows": 4000, "Plan Width": 0, "Actual Startup Time": 0.624, "Actual Total Time": 0.624, "Actual Rows": 3924, "Actual Loops": 1, "Index Cond": "(s_nationkey = public.nation.n_nationkey)"}]}]}, {"Node Type": "Index Scan", "Parent Relationship": "Inner", "Scan Direction": "Forward", "Index Name": "idx_partsupp_suppkey", "Relation Name": "partsupp", "Alias": "partsupp", "Startup Cost": 0.0, "Total Cost": 9.33, "Plan Rows": 13, "Plan Width": 24, "Actual Startup Time": 47.388, "Actual Total Time": 597.413, "Actual Rows": 313920, "Actual Loops": 3924, "Index Cond": "(ps_suppkey = public.supplier.s_suppkey)", "Rows Removed by Index Recheck": 0}]}]}, {"Node Type": "Aggregate", "Strategy": "Hashed", "Parent Relationship": "Outer", "Startup Cost": 41298.47, "Total Cost": 41970.72, "Plan Rows": 53780, "Plan Width": 24, "Actual Startup Time": 1859.631, "Actual Total Time": 1859.631, "Actual Rows": 0, "Actual Loops": 1, "Group By Key": ["public.partsupp.ps_partkey"], "Filter": "(sum((public.partsupp.ps_supplycost * (public.partsupp.ps_availqty)::double precision)) > $2)", "Rows Removed by Filter": 295792, "Plans": [{"Node Type": "Nested Loop", "Parent Relationship": "Outer", "Join Type": "Inner", "Startup Cost": 95.25, "Total Cost": 40357.32, "Plan Rows": 53780, "Plan Width": 24, "Actual Startup Time": 0.962, "Actual Total Time": 624.76, "Actual Rows": 313920, "Actual Loops": 1, "Inner Unique": false, "Plans": [{"Node Type": "Nested Loop", "Parent Relationship": "Outer", "Join Type": "Inner", "Startup Cost": 95.25, "Total Cost": 2533.35, "Plan Rows": 4000, "Plan Width": 8, "Actual Startup Time": 0.938, "Actual Total Time": 7.852, "Actual Rows": 3924, "Actual Loops": 1, "Inner Unique": false, "Plans": [{"Node Type": "Seq Scan", "Parent Relationship": "Outer", "Relation Name": "nation", "Alias": "nation", "Startup Cost": 0.0, "Total Cost": 1.31, "Plan Rows": 1, "Plan Width": 4, "Actual Startup Time": 0.03, "Actual Total Time": 0.042, "Actual Rows": 1, "Actual Loops": 1, "Filter": "(n_name = 'MOZAMBIQUE'::bpchar)", "Rows Removed by Filter": 24}, {"Node Type": "Bitmap Heap Scan", "Parent Relationship": "Inner", "Relation Name": "supplier", "Alias": "supplier", "Startup Cost": 95.25, "Total Cost": 2492.04, "Plan Rows": 4000, "Plan Width": 12, "Actual Startup Time": 0.901, "Actual Total Time": 6.942, "Actual Rows": 3924, "Actual Loops": 1, "Recheck Cond": "(s_nationkey = public.nation.n_nationkey)", "Rows Removed by Index Recheck": 0, "Exact Heap Blocks": 1895, "Lossy Heap Blocks": 1895, "Plans": [{"Node Type": "Bitmap Index Scan", "Parent Relationship": "Outer", "Index Name": "idx_supplier_nation_key", "Startup Cost": 0.0, "Total Cost": 94.25, "Plan Rows": 4000, "Plan Width": 0, "Actual Startup Time": 0.617, "Actual Total Time": 0.617, "Actual Rows": 3924, "Actual Loops": 1, "Index Cond": "(s_nationkey = public.nation.n_nationkey)"}]}]}, {"Node Type": "Index Scan", "Parent Relationship": "Inner", "Scan Direction": "Forward", "Index Name": "idx_partsupp_suppkey", "Relation Name": "partsupp", "Alias": "partsupp", "Startup Cost": 0.0, "Total Cost": 9.33, "Plan Rows": 13, "Plan Width": 32, "Actual Startup Time": 44.498, "Actual Total Time": 545.855, "Actual Rows": 313920, "Actual Loops": 3924, "Index Cond": "(ps_suppkey = public.supplier.s_suppkey)", "Rows Removed by Index Recheck": 0}]}]}]}, "Triggers": [], "Planner Runtime": 0, "Total Runtime": 1860.493, "Unique SQL Id": 2932834211}}, "(1, 49)": {"explain_plan": {"Plan": {"Node Type": "Sort", "Startup Cost": 86979.86, "Total Cost": 87114.31, "Plan Rows": 53780, "Plan Width": 24, "Sort Key": ["(sum((public.partsupp.ps_supplycost * (public.partsupp.ps_availqty)::double precision))) DESC"], "Plans": [{"Node Type": "Aggregate", "Strategy": "Plain", "Parent Relationship": "exec_init_plan", "Subplan Name": "InitPlan 1 (returns $2)", "Startup Cost": 40772.04, "Total Cost": 40772.06, "Plan Rows": 1, "Plan Width": 24, "Plans": [{"Node Type": "Nested Loop", "Parent Relationship": "Outer", "Join Type": "Inner", "Startup Cost": 95.25, "Total Cost": 40368.69, "Plan Rows": 53780, "Plan Width": 16, "Inner Unique": false, "Plans": [{"Node Type": "Nested Loop", "Parent Relationship": "Outer", "Join Type": "Inner", "Startup Cost": 95.25, "Total Cost": 2544.73, "Plan Rows": 4000, "Plan Width": 8, "Inner Unique": false, "Plans": [{"Node Type": "Index Scan", "Parent Relationship": "Outer", "Scan Direction": "Forward", "Index Name": "nation_pkey", "Relation Name": "nation", "Alias": "nation", "Startup Cost": 0.0, "Total Cost": 12.69, "Plan Rows": 1, "Plan Width": 4, "Filter": "(n_name = 'MOZAMBIQUE'::bpchar)"}, {"Node Type": "Bitmap Heap Scan", "Parent Relationship": "Inner", "Relation Name": "supplier", "Alias": "supplier", "Startup Cost": 95.25, "Total Cost": 2492.04, "Plan Rows": 4000, "Plan Width": 12, "Recheck Cond": "(s_nationkey = public.nation.n_nationkey)", "Plans": [{"Node Type": "Bitmap Index Scan", "Parent Relationship": "Outer", "Index Name": "idx_supplier_nation_key", "Startup Cost": 0.0, "Total Cost": 94.25, "Plan Rows": 4000, "Plan Width": 0, "Index Cond": "(s_nationkey = public.nation.n_nationkey)"}]}]}, {"Node Type": "Index Scan", "Parent Relationship": "Inner", "Scan Direction": "Forward", "Index Name": "idx_partsupp_suppkey", "Relation Name": "partsupp", "Alias": "partsupp", "Startup Cost": 0.0, "Total Cost": 9.33, "Plan Rows": 13, "Plan Width": 24, "Index Cond": "(ps_suppkey = public.supplier.s_suppkey)"}]}]}, {"Node Type": "Aggregate", "Strategy": "Hashed", "Parent Relationship": "Outer", "Startup Cost": 41309.84, "Total Cost": 41982.09, "Plan Rows": 53780, "Plan Width": 24, "Group By Key": ["public.partsupp.ps_partkey"], "Filter": "(sum((public.partsupp.ps_supplycost * (public.partsupp.ps_availqty)::double precision)) > $2)", "Plans": [{"Node Type": "Nested Loop", "Parent Relationship": "Outer", "Join Type": "Inner", "Startup Cost": 95.25, "Total Cost": 40368.69, "Plan Rows": 53780, "Plan Width": 24, "Inner Unique": false, "Plans": [{"Node Type": "Nested Loop", "Parent Relationship": "Outer", "Join Type": "Inner", "Startup Cost": 95.25, "Total Cost": 2544.73, "Plan Rows": 4000, "Plan Width": 8, "Inner Unique": false, "Plans": [{"Node Type": "Index Scan", "Parent Relationship": "Outer", "Scan Direction": "Forward", "Index Name": "nation_pkey", "Relation Name": "nation", "Alias": "nation", "Startup Cost": 0.0, "Total Cost": 12.69, "Plan Rows": 1, "Plan Width": 4, "Filter": "(n_name = 'MOZAMBIQUE'::bpchar)"}, {"Node Type": "Bitmap Heap Scan", "Parent Relationship": "Inner", "Relation Name": "supplier", "Alias": "supplier", "Startup Cost": 95.25, "Total Cost": 2492.04, "Plan Rows": 4000, "Plan Width": 12, "Recheck Cond": "(s_nationkey = public.nation.n_nationkey)", "Plans": [{"Node Type": "Bitmap Index Scan", "Parent Relationship": "Outer", "Index Name": "idx_supplier_nation_key", "Startup Cost": 0.0, "Total Cost": 94.25, "Plan Rows": 4000, "Plan Width": 0, "Index Cond": "(s_nationkey = public.nation.n_nationkey)"}]}]}, {"Node Type": "Index Scan", "Parent Relationship": "Inner", "Scan Direction": "Forward", "Index Name": "idx_partsupp_suppkey", "Relation Name": "partsupp", "Alias": "partsupp", "Startup Cost": 0.0, "Total Cost": 9.33, "Plan Rows": 13, "Plan Width": 32, "Index Cond": "(ps_suppkey = public.supplier.s_suppkey)"}]}]}]}, "Unique SQL Id": 2932834211, "Planner Runtime": 0}, "explain_analyze_plan": {"Plan": {"Node Type": "Sort", "Startup Cost": 86979.86, "Total Cost": 87114.31, "Plan Rows": 53780, "Plan Width": 24, "Actual Startup Time": 1810.725, "Actual Total Time": 1810.725, "Actual Rows": 0, "Actual Loops": 1, "Sort Key": ["(sum((public.partsupp.ps_supplycost * (public.partsupp.ps_availqty)::double precision))) DESC"], "Sort Method": "quicksort", "Sort Space Used": 25, "Sort Space Type": "Memory", "Plans": [{"Node Type": "Aggregate", "Strategy": "Plain", "Parent Relationship": "exec_init_plan", "Subplan Name": "InitPlan 1 (returns $2)", "Startup Cost": 40772.04, "Total Cost": 40772.06, "Plan Rows": 1, "Plan Width": 24, "Actual Startup Time": 757.524, "Actual Total Time": 757.525, "Actual Rows": 1, "Actual Loops": 1, "Plans": [{"Node Type": "Nested Loop", "Parent Relationship": "Outer", "Join Type": "Inner", "Startup Cost": 95.25, "Total Cost": 40368.69, "Plan Rows": 53780, "Plan Width": 16, "Actual Startup Time": 0.984, "Actual Total Time": 623.043, "Actual Rows": 313920, "Actual Loops": 1, "Inner Unique": false, "Plans": [{"Node Type": "Nested Loop", "Parent Relationship": "Outer", "Join Type": "Inner", "Startup Cost": 95.25, "Total Cost": 2544.73, "Plan Rows": 4000, "Plan Width": 8, "Actual Startup Time": 0.961, "Actual Total Time": 7.606, "Actual Rows": 3924, "Actual Loops": 1, "Inner Unique": false, "Plans": [{"Node Type": "Index Scan", "Parent Relationship": "Outer", "Scan Direction": "Forward", "Index Name": "nation_pkey", "Relation Name": "nation", "Alias": "nation", "Startup Cost": 0.0, "Total Cost": 12.69, "Plan Rows": 1, "Plan Width": 4, "Actual Startup Time": 0.021, "Actual Total Time": 0.035, "Actual Rows": 1, "Actual Loops": 1, "Filter": "(n_name = 'MOZAMBIQUE'::bpchar)", "Rows Removed by Filter": 24}, {"Node Type": "Bitmap Heap Scan", "Parent Relationship": "Inner", "Relation Name": "supplier", "Alias": "supplier", "Startup Cost": 95.25, "Total Cost": 2492.04, "Plan Rows": 4000, "Plan Width": 12, "Actual Startup Time": 0.923, "Actual Total Time": 6.688, "Actual Rows": 3924, "Actual Loops": 1, "Recheck Cond": "(s_nationkey = public.nation.n_nationkey)", "Rows Removed by Index Recheck": 0, "Exact Heap Blocks": 1895, "Lossy Heap Blocks": 1895, "Plans": [{"Node Type": "Bitmap Index Scan", "Parent Relationship": "Outer", "Index Name": "idx_supplier_nation_key", "Startup Cost": 0.0, "Total Cost": 94.25, "Plan Rows": 4000, "Plan Width": 0, "Actual Startup Time": 0.63, "Actual Total Time": 0.63, "Actual Rows": 3924, "Actual Loops": 1, "Index Cond": "(s_nationkey = public.nation.n_nationkey)"}]}]}, {"Node Type": "Index Scan", "Parent Relationship": "Inner", "Scan Direction": "Forward", "Index Name": "idx_partsupp_suppkey", "Relation Name": "partsupp", "Alias": "partsupp", "Startup Cost": 0.0, "Total Cost": 9.33, "Plan Rows": 13, "Plan Width": 24, "Actual Startup Time": 44.034, "Actual Total Time": 548.454, "Actual Rows": 313920, "Actual Loops": 3924, "Index Cond": "(ps_suppkey = public.supplier.s_suppkey)", "Rows Removed by Index Recheck": 0}]}]}, {"Node Type": "Aggregate", "Strategy": "Hashed", "Parent Relationship": "Outer", "Startup Cost": 41309.84, "Total Cost": 41982.09, "Plan Rows": 53780, "Plan Width": 24, "Actual Startup Time": 1810.3, "Actual Total Time": 1810.3, "Actual Rows": 0, "Actual Loops": 1, "Group By Key": ["public.partsupp.ps_partkey"], "Filter": "(sum((public.partsupp.ps_supplycost * (public.partsupp.ps_availqty)::double precision)) > $2)", "Rows Removed by Filter": 295792, "Plans": [{"Node Type": "Nested Loop", "Parent Relationship": "Outer", "Join Type": "Inner", "Startup Cost": 95.25, "Total Cost": 40368.69, "Plan Rows": 53780, "Plan Width": 24, "Actual Startup Time": 1.02, "Actual Total Time": 665.011, "Actual Rows": 313920, "Actual Loops": 1, "Inner Unique": false, "Plans": [{"Node Type": "Nested Loop", "Parent Relationship": "Outer", "Join Type": "Inner", "Startup Cost": 95.25, "Total Cost": 2544.73, "Plan Rows": 4000, "Plan Width": 8, "Actual Startup Time": 0.991, "Actual Total Time": 8.384, "Actual Rows": 3924, "Actual Loops": 1, "Inner Unique": false, "Plans": [{"Node Type": "Index Scan", "Parent Relationship": "Outer", "Scan Direction": "Forward", "Index Name": "nation_pkey", "Relation Name": "nation", "Alias": "nation", "Startup Cost": 0.0, "Total Cost": 12.69, "Plan Rows": 1, "Plan Width": 4, "Actual Startup Time": 0.054, "Actual Total Time": 0.067, "Actual Rows": 1, "Actual Loops": 1, "Filter": "(n_name = 'MOZAMBIQUE'::bpchar)", "Rows Removed by Filter": 24}, {"Node Type": "Bitmap Heap Scan", "Parent Relationship": "Inner", "Relation Name": "supplier", "Alias": "supplier", "Startup Cost": 95.25, "Total Cost": 2492.04, "Plan Rows": 4000, "Plan Width": 12, "Actual Startup Time": 0.919, "Actual Total Time": 7.44, "Actual Rows": 3924, "Actual Loops": 1, "Recheck Cond": "(s_nationkey = public.nation.n_nationkey)", "Rows Removed by Index Recheck": 0, "Exact Heap Blocks": 1895, "Lossy Heap Blocks": 1895, "Plans": [{"Node Type": "Bitmap Index Scan", "Parent Relationship": "Outer", "Index Name": "idx_supplier_nation_key", "Startup Cost": 0.0, "Total Cost": 94.25, "Plan Rows": 4000, "Plan Width": 0, "Actual Startup Time": 0.633, "Actual Total Time": 0.633, "Actual Rows": 3924, "Actual Loops": 1, "Index Cond": "(s_nationkey = public.nation.n_nationkey)"}]}]}, {"Node Type": "Index Scan", "Parent Relationship": "Inner", "Scan Direction": "Forward", "Index Name": "idx_partsupp_suppkey", "Relation Name": "partsupp", "Alias": "partsupp", "Startup Cost": 0.0, "Total Cost": 9.33, "Plan Rows": 13, "Plan Width": 32, "Actual Startup Time": 46.318, "Actual Total Time": 585.067, "Actual Rows": 313920, "Actual Loops": 3924, "Index Cond": "(ps_suppkey = public.supplier.s_suppkey)", "Rows Removed by Index Recheck": 0}]}]}]}, "Triggers": [], "Planner Runtime": 0, "Total Runtime": 1811.196, "Unique SQL Id": 2932834211}}, "(1, 50)": {"explain_plan": {"Plan": {"Node Type": "Sort", "Startup Cost": 90032.55, "Total Cost": 90167.0, "Plan Rows": 53780, "Plan Width": 24, "Sort Key": ["(sum((public.partsupp.ps_supplycost * (public.partsupp.ps_availqty)::double precision))) DESC"], "Plans": [{"Node Type": "Aggregate", "Strategy": "Plain", "Parent Relationship": "exec_init_plan", "Subplan Name": "InitPlan 1 (returns $2)", "Startup Cost": 42298.39, "Total Cost": 42298.4, "Plan Rows": 1, "Plan Width": 24, "Plans": [{"Node Type": "Nested Loop", "Parent Relationship": "Outer", "Join Type": "Inner", "Startup Cost": 96.82, "Total Cost": 41895.04, "Plan Rows": 53780, "Plan Width": 16, "Inner Unique": false, "Plans": [{"Node Type": "Nested Loop", "Parent Relationship": "Outer", "Join Type": "Inner", "Startup Cost": 95.25, "Total Cost": 2533.35, "Plan Rows": 4000, "Plan Width": 8, "Inner Unique": false, "Plans": [{"Node Type": "Seq Scan", "Parent Relationship": "Outer", "Relation Name": "nation", "Alias": "nation", "Startup Cost": 0.0, "Total Cost": 1.31, "Plan Rows": 1, "Plan Width": 4, "Filter": "(n_name = 'MOZAMBIQUE'::bpchar)"}, {"Node Type": "Bitmap Heap Scan", "Parent Relationship": "Inner", "Relation Name": "supplier", "Alias": "supplier", "Startup Cost": 95.25, "Total Cost": 2492.04, "Plan Rows": 4000, "Plan Width": 12, "Recheck Cond": "(s_nationkey = public.nation.n_nationkey)", "Plans": [{"Node Type": "Bitmap Index Scan", "Parent Relationship": "Outer", "Index Name": "idx_supplier_nation_key", "Startup Cost": 0.0, "Total Cost": 94.25, "Plan Rows": 4000, "Plan Width": 0, "Index Cond": "(s_nationkey = public.nation.n_nationkey)"}]}]}, {"Node Type": "Bitmap Heap Scan", "Parent Relationship": "Inner", "Relation Name": "partsupp", "Alias": "partsupp", "Startup Cost": 1.57, "Total Cost": 9.71, "Plan Rows": 13, "Plan Width": 24, "Recheck Cond": "(ps_suppkey = public.supplier.s_suppkey)", "Plans": [{"Node Type": "Bitmap Index Scan", "Parent Relationship": "Outer", "Index Name": "idx_partsupp_suppkey", "Startup Cost": 0.0, "Total Cost": 1.56, "Plan Rows": 13, "Plan Width": 0, "Index Cond": "(ps_suppkey = public.supplier.s_suppkey)"}]}]}]}, {"Node Type": "Aggregate", "Strategy": "Hashed", "Parent Relationship": "Outer", "Startup Cost": 42836.19, "Total Cost": 43508.44, "Plan Rows": 53780, "Plan Width": 24, "Group By Key": ["public.partsupp.ps_partkey"], "Filter": "(sum((public.partsupp.ps_supplycost * (public.partsupp.ps_availqty)::double precision)) > $2)", "Plans": [{"Node Type": "Nested Loop", "Parent Relationship": "Outer", "Join Type": "Inner", "Startup Cost": 96.82, "Total Cost": 41895.04, "Plan Rows": 53780, "Plan Width": 24, "Inner Unique": false, "Plans": [{"Node Type": "Nested Loop", "Parent Relationship": "Outer", "Join Type": "Inner", "Startup Cost": 95.25, "Total Cost": 2533.35, "Plan Rows": 4000, "Plan Width": 8, "Inner Unique": false, "Plans": [{"Node Type": "Seq Scan", "Parent Relationship": "Outer", "Relation Name": "nation", "Alias": "nation", "Startup Cost": 0.0, "Total Cost": 1.31, "Plan Rows": 1, "Plan Width": 4, "Filter": "(n_name = 'MOZAMBIQUE'::bpchar)"}, {"Node Type": "Bitmap Heap Scan", "Parent Relationship": "Inner", "Relation Name": "supplier", "Alias": "supplier", "Startup Cost": 95.25, "Total Cost": 2492.04, "Plan Rows": 4000, "Plan Width": 12, "Recheck Cond": "(s_nationkey = public.nation.n_nationkey)", "Plans": [{"Node Type": "Bitmap Index Scan", "Parent Relationship": "Outer", "Index Name": "idx_supplier_nation_key", "Startup Cost": 0.0, "Total Cost": 94.25, "Plan Rows": 4000, "Plan Width": 0, "Index Cond": "(s_nationkey = public.nation.n_nationkey)"}]}]}, {"Node Type": "Bitmap Heap Scan", "Parent Relationship": "Inner", "Relation Name": "partsupp", "Alias": "partsupp", "Startup Cost": 1.57, "Total Cost": 9.71, "Plan Rows": 13, "Plan Width": 32, "Recheck Cond": "(ps_suppkey = public.supplier.s_suppkey)", "Plans": [{"Node Type": "Bitmap Index Scan", "Parent Relationship": "Outer", "Index Name": "idx_partsupp_suppkey", "Startup Cost": 0.0, "Total Cost": 1.56, "Plan Rows": 13, "Plan Width": 0, "Index Cond": "(ps_suppkey = public.supplier.s_suppkey)"}]}]}]}]}, "Unique SQL Id": 2932834211, "Planner Runtime": 0}, "explain_analyze_plan": {"Plan": {"Node Type": "Sort", "Startup Cost": 90032.55, "Total Cost": 90167.0, "Plan Rows": 53780, "Plan Width": 24, "Actual Startup Time": 2112.155, "Actual Total Time": 2112.155, "Actual Rows": 0, "Actual Loops": 1, "Sort Key": ["(sum((public.partsupp.ps_supplycost * (public.partsupp.ps_availqty)::double precision))) DESC"], "Sort Method": "quicksort", "Sort Space Used": 25, "Sort Space Type": "Memory", "Plans": [{"Node Type": "Aggregate", "Strategy": "Plain", "Parent Relationship": "exec_init_plan", "Subplan Name": "InitPlan 1 (returns $2)", "Startup Cost": 42298.39, "Total Cost": 42298.4, "Plan Rows": 1, "Plan Width": 24, "Actual Startup Time": 928.307, "Actual Total Time": 928.307, "Actual Rows": 1, "Actual Loops": 1, "Plans": [{"Node Type": "Nested Loop", "Parent Relationship": "Outer", "Join Type": "Inner", "Startup Cost": 96.82, "Total Cost": 41895.04, "Plan Rows": 53780, "Plan Width": 16, "Actual Startup Time": 0.986, "Actual Total Time": 800.403, "Actual Rows": 313920, "Actual Loops": 1, "Inner Unique": false, "Plans": [{"Node Type": "Nested Loop", "Parent Relationship": "Outer", "Join Type": "Inner", "Startup Cost": 95.25, "Total Cost": 2533.35, "Plan Rows": 4000, "Plan Width": 8, "Actual Startup Time": 0.938, "Actual Total Time": 7.951, "Actual Rows": 3924, "Actual Loops": 1, "Inner Unique": false, "Plans": [{"Node Type": "Seq Scan", "Parent Relationship": "Outer", "Relation Name": "nation", "Alias": "nation", "Startup Cost": 0.0, "Total Cost": 1.31, "Plan Rows": 1, "Plan Width": 4, "Actual Startup Time": 0.042, "Actual Total Time": 0.056, "Actual Rows": 1, "Actual Loops": 1, "Filter": "(n_name = 'MOZAMBIQUE'::bpchar)", "Rows Removed by Filter": 24}, {"Node Type": "Bitmap Heap Scan", "Parent Relationship": "Inner", "Relation Name": "supplier", "Alias": "supplier", "Startup Cost": 95.25, "Total Cost": 2492.04, "Plan Rows": 4000, "Plan Width": 12, "Actual Startup Time": 0.889, "Actual Total Time": 7.054, "Actual Rows": 3924, "Actual Loops": 1, "Recheck Cond": "(s_nationkey = public.nation.n_nationkey)", "Rows Removed by Index Recheck": 0, "Exact Heap Blocks": 1895, "Lossy Heap Blocks": 1895, "Plans": [{"Node Type": "Bitmap Index Scan", "Parent Relationship": "Outer", "Index Name": "idx_supplier_nation_key", "Startup Cost": 0.0, "Total Cost": 94.25, "Plan Rows": 4000, "Plan Width": 0, "Actual Startup Time": 0.609, "Actual Total Time": 0.609, "Actual Rows": 3924, "Actual Loops": 1, "Index Cond": "(s_nationkey = public.nation.n_nationkey)"}]}]}, {"Node Type": "Bitmap Heap Scan", "Parent Relationship": "Inner", "Relation Name": "partsupp", "Alias": "partsupp", "Startup Cost": 1.57, "Total Cost": 9.71, "Plan Rows": 13, "Plan Width": 24, "Actual Startup Time": 104.492, "Actual Total Time": 724.345, "Actual Rows": 313920, "Actual Loops": 3924, "Recheck Cond": "(ps_suppkey = public.supplier.s_suppkey)", "Rows Removed by Index Recheck": 0, "Exact Heap Blocks": 313920, "Lossy Heap Blocks": 313920, "Plans": [{"Node Type": "Bitmap Index Scan", "Parent Relationship": "Outer", "Index Name": "idx_partsupp_suppkey", "Startup Cost": 0.0, "Total Cost": 1.56, "Plan Rows": 13, "Plan Width": 0, "Actual Startup Time": 65.503, "Actual Total Time": 65.503, "Actual Rows": 313920, "Actual Loops": 3924, "Index Cond": "(ps_suppkey = public.supplier.s_suppkey)"}]}]}]}, {"Node Type": "Aggregate", "Strategy": "Hashed", "Parent Relationship": "Outer", "Startup Cost": 42836.19, "Total Cost": 43508.44, "Plan Rows": 53780, "Plan Width": 24, "Actual Startup Time": 2111.624, "Actual Total Time": 2111.624, "Actual Rows": 0, "Actual Loops": 1, "Group By Key": ["public.partsupp.ps_partkey"], "Filter": "(sum((public.partsupp.ps_supplycost * (public.partsupp.ps_availqty)::double precision)) > $2)", "Rows Removed by Filter": 295792, "Plans": [{"Node Type": "Nested Loop", "Parent Relationship": "Outer", "Join Type": "Inner", "Startup Cost": 96.82, "Total Cost": 41895.04, "Plan Rows": 53780, "Plan Width": 24, "Actual Startup Time": 1.009, "Actual Total Time": 754.894, "Actual Rows": 313920, "Actual Loops": 1, "Inner Unique": false, "Plans": [{"Node Type": "Nested Loop", "Parent Relationship": "Outer", "Join Type": "Inner", "Startup Cost": 95.25, "Total Cost": 2533.35, "Plan Rows": 4000, "Plan Width": 8, "Actual Startup Time": 0.964, "Actual Total Time": 7.76, "Actual Rows": 3924, "Actual Loops": 1, "Inner Unique": false, "Plans": [{"Node Type": "Seq Scan", "Parent Relationship": "Outer", "Relation Name": "nation", "Alias": "nation", "Startup Cost": 0.0, "Total Cost": 1.31, "Plan Rows": 1, "Plan Width": 4, "Actual Startup Time": 0.029, "Actual Total Time": 0.042, "Actual Rows": 1, "Actual Loops": 1, "Filter": "(n_name = 'MOZAMBIQUE'::bpchar)", "Rows Removed by Filter": 24}, {"Node Type": "Bitmap Heap Scan", "Parent Relationship": "Inner", "Relation Name": "supplier", "Alias": "supplier", "Startup Cost": 95.25, "Total Cost": 2492.04, "Plan Rows": 4000, "Plan Width": 12, "Actual Startup Time": 0.928, "Actual Total Time": 6.732, "Actual Rows": 3924, "Actual Loops": 1, "Recheck Cond": "(s_nationkey = public.nation.n_nationkey)", "Rows Removed by Index Recheck": 0, "Exact Heap Blocks": 1895, "Lossy Heap Blocks": 1895, "Plans": [{"Node Type": "Bitmap Index Scan", "Parent Relationship": "Outer", "Index Name": "idx_supplier_nation_key", "Startup Cost": 0.0, "Total Cost": 94.25, "Plan Rows": 4000, "Plan Width": 0, "Actual Startup Time": 0.646, "Actual Total Time": 0.646, "Actual Rows": 3924, "Actual Loops": 1, "Index Cond": "(s_nationkey = public.nation.n_nationkey)"}]}]}, {"Node Type": "Bitmap Heap Scan", "Parent Relationship": "Inner", "Relation Name": "partsupp", "Alias": "partsupp", "Startup Cost": 1.57, "Total Cost": 9.71, "Plan Rows": 13, "Plan Width": 32, "Actual Startup Time": 103.168, "Actual Total Time": 673.653, "Actual Rows": 313920, "Actual Loops": 3924, "Recheck Cond": "(ps_suppkey = public.supplier.s_suppkey)", "Rows Removed by Index Recheck": 0, "Exact Heap Blocks": 313920, "Lossy Heap Blocks": 313920, "Plans": [{"Node Type": "Bitmap Index Scan", "Parent Relationship": "Outer", "Index Name": "idx_partsupp_suppkey", "Startup Cost": 0.0, "Total Cost": 1.56, "Plan Rows": 13, "Plan Width": 0, "Actual Startup Time": 64.013, "Actual Total Time": 64.013, "Actual Rows": 313920, "Actual Loops": 3924, "Index Cond": "(ps_suppkey = public.supplier.s_suppkey)"}]}]}]}]}, "Triggers": [], "Planner Runtime": 0, "Total Runtime": 2112.492, "Unique SQL Id": 2932834211}}, "(1, 51)": {"explain_plan": {"Plan": {"Node Type": "Sort", "Startup Cost": 2000084159245.82, "Total Cost": 2000084159380.27, "Plan Rows": 53780, "Plan Width": 40, "Sort Key": ["(sum((public.partsupp.ps_supplycost * (public.partsupp.ps_availqty)::double precision))) DESC"], "Plans": [{"Node Type": "Aggregate", "Strategy": "Plain", "Parent Relationship": "exec_init_plan", "Subplan Name": "InitPlan 1 (returns $2)", "Startup Cost": 1000001001502.42, "Total Cost": 1000001001502.43, "Plan Rows": 1, "Plan Width": 24, "Plans": [{"Node Type": "Nested Loop", "Parent Relationship": "Outer", "Join Type": "Inner", "Startup Cost": 10000000001.83, "Total Cost": 1000001001099.07, "Plan Rows": 53780, "Plan Width": 16, "Inner Unique": false, "Plans": [{"Node Type": "Nested Loop", "Parent Relationship": "Outer", "Join Type": "Inner", "Startup Cost": 10000000000.26, "Total Cost": 1000000961737.38, "Plan Rows": 4000, "Plan Width": 8, "Inner Unique": true, "Plans": [{"Node Type": "Index Scan", "Parent Relationship": "Outer", "Scan Direction": "Forward", "Index Name": "supplier_pkey", "Relation Name": "supplier", "Alias": "supplier", "Startup Cost": 10000000000.0, "Total Cost": 1000000533454.38, "Plan Rows": 100000, "Plan Width": 12}, {"Node Type": "Bitmap Heap Scan", "Parent Relationship": "Inner", "Relation Name": "nation", "Alias": "nation", "Startup Cost": 0.26, "Total Cost": 4.27, "Plan Rows": 1, "Plan Width": 4, "Recheck Cond": "(n_nationkey = public.supplier.s_nationkey)", "Filter": "(n_name = 'MOZAMBIQUE'::bpchar)", "Plans": [{"Node Type": "Bitmap Index Scan", "Parent Relationship": "Outer", "Index Name": "nation_pkey", "Startup Cost": 0.0, "Total Cost": 0.26, "Plan Rows": 1, "Plan Width": 0, "Index Cond": "(n_nationkey = public.supplier.s_nationkey)"}]}]}, {"Node Type": "Bitmap Heap Scan", "Parent Relationship": "Inner", "Relation Name": "partsupp", "Alias": "partsupp", "Startup Cost": 1.57, "Total Cost": 9.71, "Plan Rows": 13, "Plan Width": 24, "Recheck Cond": "(ps_suppkey = public.supplier.s_suppkey)", "Plans": [{"Node Type": "Bitmap Index Scan", "Parent Relationship": "Outer", "Index Name": "idx_partsupp_suppkey", "Startup Cost": 0.0, "Total Cost": 1.56, "Plan Rows": 13, "Plan Width": 0, "Index Cond": "(ps_suppkey = public.supplier.s_suppkey)"}]}]}]}, {"Node Type": "Aggregate", "Strategy": "Sorted", "Parent Relationship": "Outer", "Startup Cost": 10000000000.52, "Total Cost": 1000083153517.69, "Plan Rows": 53780, "Plan Width": 40, "Group By Key": ["public.partsupp.ps_partkey"], "Filter": "(sum((public.partsupp.ps_supplycost * (public.partsupp.ps_availqty)::double precision)) > $2)", "Plans": [{"Node Type": "Nested Loop", "Parent Relationship": "Outer", "Join Type": "Inner", "Startup Cost": 10000000000.52, "Total Cost": 1000083151904.29, "Plan Rows": 53780, "Plan Width": 24, "Inner Unique": true, "Plans": [{"Node Type": "Nested Loop", "Parent Relationship": "Outer", "Join Type": "Inner", "Startup Cost": 10000000000.26, "Total Cost": 1000077393643.64, "Plan Rows": 1344499, "Plan Width": 28, "Inner Unique": true, "Plans": [{"Node Type": "Index Scan", "Parent Relationship": "Outer", "Scan Direction": "Forward", "Index Name": "idx_partsupp_partkey", "Relation Name": "partsupp", "Alias": "partsupp", "Startup Cost": 10000000000.0, "Total Cost": 1000043148503.38, "Plan Rows": 8000372, "Plan Width": 32}, {"Node Type": "Bitmap Heap Scan", "Parent Relationship": "Inner", "Relation Name": "supplier", "Alias": "supplier", "Startup Cost": 0.26, "Total Cost": 4.27, "Plan Rows": 1, "Plan Width": 12, "Recheck Cond": "(s_suppkey = public.partsupp.ps_suppkey)", "Plans": [{"Node Type": "Bitmap Index Scan", "Parent Relationship": "Outer", "Index Name": "supplier_pkey", "Startup Cost": 0.0, "Total Cost": 0.26, "Plan Rows": 1, "Plan Width": 0, "Index Cond": "(s_suppkey = public.partsupp.ps_suppkey)"}]}]}, {"Node Type": "Bitmap Heap Scan", "Parent Relationship": "Inner", "Relation Name": "nation", "Alias": "nation", "Startup Cost": 0.26, "Total Cost": 4.27, "Plan Rows": 1, "Plan Width": 4, "Recheck Cond": "(n_nationkey = public.supplier.s_nationkey)", "Filter": "(n_name = 'MOZAMBIQUE'::bpchar)", "Plans": [{"Node Type": "Bitmap Index Scan", "Parent Relationship": "Outer", "Index Name": "nation_pkey", "Startup Cost": 0.0, "Total Cost": 0.26, "Plan Rows": 1, "Plan Width": 0, "Index Cond": "(n_nationkey = public.supplier.s_nationkey)"}]}]}]}]}, "Unique SQL Id": 2932834211, "Planner Runtime": 0}, "explain_analyze_plan": null}, "(1, 52)": {"explain_plan": {"Plan": {"Node Type": "Sort", "Startup Cost": 86957.11, "Total Cost": 87091.56, "Plan Rows": 53780, "Plan Width": 24, "Sort Key": ["(sum((public.partsupp.ps_supplycost * (public.partsupp.ps_availqty)::double precision))) DESC"], "Plans": [{"Node Type": "Aggregate", "Strategy": "Plain", "Parent Relationship": "exec_init_plan", "Subplan Name": "InitPlan 1 (returns $2)", "Startup Cost": 40760.67, "Total Cost": 40760.68, "Plan Rows": 1, "Plan Width": 24, "Plans": [{"Node Type": "Nested Loop", "Parent Relationship": "Outer", "Join Type": "Inner", "Startup Cost": 95.25, "Total Cost": 40357.32, "Plan Rows": 53780, "Plan Width": 16, "Inner Unique": false, "Plans": [{"Node Type": "Nested Loop", "Parent Relationship": "Outer", "Join Type": "Inner", "Startup Cost": 95.25, "Total Cost": 2533.35, "Plan Rows": 4000, "Plan Width": 8, "Inner Unique": false, "Plans": [{"Node Type": "Seq Scan", "Parent Relationship": "Outer", "Relation Name": "nation", "Alias": "nation", "Startup Cost": 0.0, "Total Cost": 1.31, "Plan Rows": 1, "Plan Width": 4, "Filter": "(n_name = 'MOZAMBIQUE'::bpchar)"}, {"Node Type": "Bitmap Heap Scan", "Parent Relationship": "Inner", "Relation Name": "supplier", "Alias": "supplier", "Startup Cost": 95.25, "Total Cost": 2492.04, "Plan Rows": 4000, "Plan Width": 12, "Recheck Cond": "(s_nationkey = public.nation.n_nationkey)", "Plans": [{"Node Type": "Bitmap Index Scan", "Parent Relationship": "Outer", "Index Name": "idx_supplier_nation_key", "Startup Cost": 0.0, "Total Cost": 94.25, "Plan Rows": 4000, "Plan Width": 0, "Index Cond": "(s_nationkey = public.nation.n_nationkey)"}]}]}, {"Node Type": "Index Scan", "Parent Relationship": "Inner", "Scan Direction": "Forward", "Index Name": "idx_partsupp_suppkey", "Relation Name": "partsupp", "Alias": "partsupp", "Startup Cost": 0.0, "Total Cost": 9.33, "Plan Rows": 13, "Plan Width": 24, "Index Cond": "(ps_suppkey = public.supplier.s_suppkey)"}]}]}, {"Node Type": "Aggregate", "Strategy": "Hashed", "Parent Relationship": "Outer", "Startup Cost": 41298.47, "Total Cost": 41970.72, "Plan Rows": 53780, "Plan Width": 24, "Group By Key": ["public.partsupp.ps_partkey"], "Filter": "(sum((public.partsupp.ps_supplycost * (public.partsupp.ps_availqty)::double precision)) > $2)", "Plans": [{"Node Type": "Nested Loop", "Parent Relationship": "Outer", "Join Type": "Inner", "Startup Cost": 95.25, "Total Cost": 40357.32, "Plan Rows": 53780, "Plan Width": 24, "Inner Unique": false, "Plans": [{"Node Type": "Nested Loop", "Parent Relationship": "Outer", "Join Type": "Inner", "Startup Cost": 95.25, "Total Cost": 2533.35, "Plan Rows": 4000, "Plan Width": 8, "Inner Unique": false, "Plans": [{"Node Type": "Seq Scan", "Parent Relationship": "Outer", "Relation Name": "nation", "Alias": "nation", "Startup Cost": 0.0, "Total Cost": 1.31, "Plan Rows": 1, "Plan Width": 4, "Filter": "(n_name = 'MOZAMBIQUE'::bpchar)"}, {"Node Type": "Bitmap Heap Scan", "Parent Relationship": "Inner", "Relation Name": "supplier", "Alias": "supplier", "Startup Cost": 95.25, "Total Cost": 2492.04, "Plan Rows": 4000, "Plan Width": 12, "Recheck Cond": "(s_nationkey = public.nation.n_nationkey)", "Plans": [{"Node Type": "Bitmap Index Scan", "Parent Relationship": "Outer", "Index Name": "idx_supplier_nation_key", "Startup Cost": 0.0, "Total Cost": 94.25, "Plan Rows": 4000, "Plan Width": 0, "Index Cond": "(s_nationkey = public.nation.n_nationkey)"}]}]}, {"Node Type": "Index Scan", "Parent Relationship": "Inner", "Scan Direction": "Forward", "Index Name": "idx_partsupp_suppkey", "Relation Name": "partsupp", "Alias": "partsupp", "Startup Cost": 0.0, "Total Cost": 9.33, "Plan Rows": 13, "Plan Width": 32, "Index Cond": "(ps_suppkey = public.supplier.s_suppkey)"}]}]}]}, "Unique SQL Id": 2932834211, "Planner Runtime": 0}, "explain_analyze_plan": {"Plan": {"Node Type": "Sort", "Startup Cost": 86957.11, "Total Cost": 87091.56, "Plan Rows": 53780, "Plan Width": 24, "Actual Startup Time": 1860.176, "Actual Total Time": 1860.176, "Actual Rows": 0, "Actual Loops": 1, "Sort Key": ["(sum((public.partsupp.ps_supplycost * (public.partsupp.ps_availqty)::double precision))) DESC"], "Sort Method": "quicksort", "Sort Space Used": 25, "Sort Space Type": "Memory", "Plans": [{"Node Type": "Aggregate", "Strategy": "Plain", "Parent Relationship": "exec_init_plan", "Subplan Name": "InitPlan 1 (returns $2)", "Startup Cost": 40760.67, "Total Cost": 40760.68, "Plan Rows": 1, "Plan Width": 24, "Actual Startup Time": 807.27, "Actual Total Time": 807.27, "Actual Rows": 1, "Actual Loops": 1, "Plans": [{"Node Type": "Nested Loop", "Parent Relationship": "Outer", "Join Type": "Inner", "Startup Cost": 95.25, "Total Cost": 40357.32, "Plan Rows": 53780, "Plan Width": 16, "Actual Startup Time": 0.965, "Actual Total Time": 672.642, "Actual Rows": 313920, "Actual Loops": 1, "Inner Unique": false, "Plans": [{"Node Type": "Nested Loop", "Parent Relationship": "Outer", "Join Type": "Inner", "Startup Cost": 95.25, "Total Cost": 2533.35, "Plan Rows": 4000, "Plan Width": 8, "Actual Startup Time": 0.942, "Actual Total Time": 8.242, "Actual Rows": 3924, "Actual Loops": 1, "Inner Unique": false, "Plans": [{"Node Type": "Seq Scan", "Parent Relationship": "Outer", "Relation Name": "nation", "Alias": "nation", "Startup Cost": 0.0, "Total Cost": 1.31, "Plan Rows": 1, "Plan Width": 4, "Actual Startup Time": 0.022, "Actual Total Time": 0.034, "Actual Rows": 1, "Actual Loops": 1, "Filter": "(n_name = 'MOZAMBIQUE'::bpchar)", "Rows Removed by Filter": 24}, {"Node Type": "Bitmap Heap Scan", "Parent Relationship": "Inner", "Relation Name": "supplier", "Alias": "supplier", "Startup Cost": 95.25, "Total Cost": 2492.04, "Plan Rows": 4000, "Plan Width": 12, "Actual Startup Time": 0.902, "Actual Total Time": 7.218, "Actual Rows": 3924, "Actual Loops": 1, "Recheck Cond": "(s_nationkey = public.nation.n_nationkey)", "Rows Removed by Index Recheck": 0, "Exact Heap Blocks": 1895, "Lossy Heap Blocks": 1895, "Plans": [{"Node Type": "Bitmap Index Scan", "Parent Relationship": "Outer", "Index Name": "idx_supplier_nation_key", "Startup Cost": 0.0, "Total Cost": 94.25, "Plan Rows": 4000, "Plan Width": 0, "Actual Startup Time": 0.624, "Actual Total Time": 0.624, "Actual Rows": 3924, "Actual Loops": 1, "Index Cond": "(s_nationkey = public.nation.n_nationkey)"}]}]}, {"Node Type": "Index Scan", "Parent Relationship": "Inner", "Scan Direction": "Forward", "Index Name": "idx_partsupp_suppkey", "Relation Name": "partsupp", "Alias": "partsupp", "Startup Cost": 0.0, "Total Cost": 9.33, "Plan Rows": 13, "Plan Width": 24, "Actual Startup Time": 47.388, "Actual Total Time": 597.413, "Actual Rows": 313920, "Actual Loops": 3924, "Index Cond": "(ps_suppkey = public.supplier.s_suppkey)", "Rows Removed by Index Recheck": 0}]}]}, {"Node Type": "Aggregate", "Strategy": "Hashed", "Parent Relationship": "Outer", "Startup Cost": 41298.47, "Total Cost": 41970.72, "Plan Rows": 53780, "Plan Width": 24, "Actual Startup Time": 1859.631, "Actual Total Time": 1859.631, "Actual Rows": 0, "Actual Loops": 1, "Group By Key": ["public.partsupp.ps_partkey"], "Filter": "(sum((public.partsupp.ps_supplycost * (public.partsupp.ps_availqty)::double precision)) > $2)", "Rows Removed by Filter": 295792, "Plans": [{"Node Type": "Nested Loop", "Parent Relationship": "Outer", "Join Type": "Inner", "Startup Cost": 95.25, "Total Cost": 40357.32, "Plan Rows": 53780, "Plan Width": 24, "Actual Startup Time": 0.962, "Actual Total Time": 624.76, "Actual Rows": 313920, "Actual Loops": 1, "Inner Unique": false, "Plans": [{"Node Type": "Nested Loop", "Parent Relationship": "Outer", "Join Type": "Inner", "Startup Cost": 95.25, "Total Cost": 2533.35, "Plan Rows": 4000, "Plan Width": 8, "Actual Startup Time": 0.938, "Actual Total Time": 7.852, "Actual Rows": 3924, "Actual Loops": 1, "Inner Unique": false, "Plans": [{"Node Type": "Seq Scan", "Parent Relationship": "Outer", "Relation Name": "nation", "Alias": "nation", "Startup Cost": 0.0, "Total Cost": 1.31, "Plan Rows": 1, "Plan Width": 4, "Actual Startup Time": 0.03, "Actual Total Time": 0.042, "Actual Rows": 1, "Actual Loops": 1, "Filter": "(n_name = 'MOZAMBIQUE'::bpchar)", "Rows Removed by Filter": 24}, {"Node Type": "Bitmap Heap Scan", "Parent Relationship": "Inner", "Relation Name": "supplier", "Alias": "supplier", "Startup Cost": 95.25, "Total Cost": 2492.04, "Plan Rows": 4000, "Plan Width": 12, "Actual Startup Time": 0.901, "Actual Total Time": 6.942, "Actual Rows": 3924, "Actual Loops": 1, "Recheck Cond": "(s_nationkey = public.nation.n_nationkey)", "Rows Removed by Index Recheck": 0, "Exact Heap Blocks": 1895, "Lossy Heap Blocks": 1895, "Plans": [{"Node Type": "Bitmap Index Scan", "Parent Relationship": "Outer", "Index Name": "idx_supplier_nation_key", "Startup Cost": 0.0, "Total Cost": 94.25, "Plan Rows": 4000, "Plan Width": 0, "Actual Startup Time": 0.617, "Actual Total Time": 0.617, "Actual Rows": 3924, "Actual Loops": 1, "Index Cond": "(s_nationkey = public.nation.n_nationkey)"}]}]}, {"Node Type": "Index Scan", "Parent Relationship": "Inner", "Scan Direction": "Forward", "Index Name": "idx_partsupp_suppkey", "Relation Name": "partsupp", "Alias": "partsupp", "Startup Cost": 0.0, "Total Cost": 9.33, "Plan Rows": 13, "Plan Width": 32, "Actual Startup Time": 44.498, "Actual Total Time": 545.855, "Actual Rows": 313920, "Actual Loops": 3924, "Index Cond": "(ps_suppkey = public.supplier.s_suppkey)", "Rows Removed by Index Recheck": 0}]}]}]}, "Triggers": [], "Planner Runtime": 0, "Total Runtime": 1860.493, "Unique SQL Id": 2932834211}}, "(1, 53)": {"explain_plan": {"Plan": {"Node Type": "Sort", "Startup Cost": 86979.86, "Total Cost": 87114.31, "Plan Rows": 53780, "Plan Width": 24, "Sort Key": ["(sum((public.partsupp.ps_supplycost * (public.partsupp.ps_availqty)::double precision))) DESC"], "Plans": [{"Node Type": "Aggregate", "Strategy": "Plain", "Parent Relationship": "exec_init_plan", "Subplan Name": "InitPlan 1 (returns $2)", "Startup Cost": 40772.04, "Total Cost": 40772.06, "Plan Rows": 1, "Plan Width": 24, "Plans": [{"Node Type": "Nested Loop", "Parent Relationship": "Outer", "Join Type": "Inner", "Startup Cost": 95.25, "Total Cost": 40368.69, "Plan Rows": 53780, "Plan Width": 16, "Inner Unique": false, "Plans": [{"Node Type": "Nested Loop", "Parent Relationship": "Outer", "Join Type": "Inner", "Startup Cost": 95.25, "Total Cost": 2544.73, "Plan Rows": 4000, "Plan Width": 8, "Inner Unique": false, "Plans": [{"Node Type": "Index Scan", "Parent Relationship": "Outer", "Scan Direction": "Forward", "Index Name": "nation_pkey", "Relation Name": "nation", "Alias": "nation", "Startup Cost": 0.0, "Total Cost": 12.69, "Plan Rows": 1, "Plan Width": 4, "Filter": "(n_name = 'MOZAMBIQUE'::bpchar)"}, {"Node Type": "Bitmap Heap Scan", "Parent Relationship": "Inner", "Relation Name": "supplier", "Alias": "supplier", "Startup Cost": 95.25, "Total Cost": 2492.04, "Plan Rows": 4000, "Plan Width": 12, "Recheck Cond": "(s_nationkey = public.nation.n_nationkey)", "Plans": [{"Node Type": "Bitmap Index Scan", "Parent Relationship": "Outer", "Index Name": "idx_supplier_nation_key", "Startup Cost": 0.0, "Total Cost": 94.25, "Plan Rows": 4000, "Plan Width": 0, "Index Cond": "(s_nationkey = public.nation.n_nationkey)"}]}]}, {"Node Type": "Index Scan", "Parent Relationship": "Inner", "Scan Direction": "Forward", "Index Name": "idx_partsupp_suppkey", "Relation Name": "partsupp", "Alias": "partsupp", "Startup Cost": 0.0, "Total Cost": 9.33, "Plan Rows": 13, "Plan Width": 24, "Index Cond": "(ps_suppkey = public.supplier.s_suppkey)"}]}]}, {"Node Type": "Aggregate", "Strategy": "Hashed", "Parent Relationship": "Outer", "Startup Cost": 41309.84, "Total Cost": 41982.09, "Plan Rows": 53780, "Plan Width": 24, "Group By Key": ["public.partsupp.ps_partkey"], "Filter": "(sum((public.partsupp.ps_supplycost * (public.partsupp.ps_availqty)::double precision)) > $2)", "Plans": [{"Node Type": "Nested Loop", "Parent Relationship": "Outer", "Join Type": "Inner", "Startup Cost": 95.25, "Total Cost": 40368.69, "Plan Rows": 53780, "Plan Width": 24, "Inner Unique": false, "Plans": [{"Node Type": "Nested Loop", "Parent Relationship": "Outer", "Join Type": "Inner", "Startup Cost": 95.25, "Total Cost": 2544.73, "Plan Rows": 4000, "Plan Width": 8, "Inner Unique": false, "Plans": [{"Node Type": "Index Scan", "Parent Relationship": "Outer", "Scan Direction": "Forward", "Index Name": "nation_pkey", "Relation Name": "nation", "Alias": "nation", "Startup Cost": 0.0, "Total Cost": 12.69, "Plan Rows": 1, "Plan Width": 4, "Filter": "(n_name = 'MOZAMBIQUE'::bpchar)"}, {"Node Type": "Bitmap Heap Scan", "Parent Relationship": "Inner", "Relation Name": "supplier", "Alias": "supplier", "Startup Cost": 95.25, "Total Cost": 2492.04, "Plan Rows": 4000, "Plan Width": 12, "Recheck Cond": "(s_nationkey = public.nation.n_nationkey)", "Plans": [{"Node Type": "Bitmap Index Scan", "Parent Relationship": "Outer", "Index Name": "idx_supplier_nation_key", "Startup Cost": 0.0, "Total Cost": 94.25, "Plan Rows": 4000, "Plan Width": 0, "Index Cond": "(s_nationkey = public.nation.n_nationkey)"}]}]}, {"Node Type": "Index Scan", "Parent Relationship": "Inner", "Scan Direction": "Forward", "Index Name": "idx_partsupp_suppkey", "Relation Name": "partsupp", "Alias": "partsupp", "Startup Cost": 0.0, "Total Cost": 9.33, "Plan Rows": 13, "Plan Width": 32, "Index Cond": "(ps_suppkey = public.supplier.s_suppkey)"}]}]}]}, "Unique SQL Id": 2932834211, "Planner Runtime": 0}, "explain_analyze_plan": {"Plan": {"Node Type": "Sort", "Startup Cost": 86979.86, "Total Cost": 87114.31, "Plan Rows": 53780, "Plan Width": 24, "Actual Startup Time": 1810.725, "Actual Total Time": 1810.725, "Actual Rows": 0, "Actual Loops": 1, "Sort Key": ["(sum((public.partsupp.ps_supplycost * (public.partsupp.ps_availqty)::double precision))) DESC"], "Sort Method": "quicksort", "Sort Space Used": 25, "Sort Space Type": "Memory", "Plans": [{"Node Type": "Aggregate", "Strategy": "Plain", "Parent Relationship": "exec_init_plan", "Subplan Name": "InitPlan 1 (returns $2)", "Startup Cost": 40772.04, "Total Cost": 40772.06, "Plan Rows": 1, "Plan Width": 24, "Actual Startup Time": 757.524, "Actual Total Time": 757.525, "Actual Rows": 1, "Actual Loops": 1, "Plans": [{"Node Type": "Nested Loop", "Parent Relationship": "Outer", "Join Type": "Inner", "Startup Cost": 95.25, "Total Cost": 40368.69, "Plan Rows": 53780, "Plan Width": 16, "Actual Startup Time": 0.984, "Actual Total Time": 623.043, "Actual Rows": 313920, "Actual Loops": 1, "Inner Unique": false, "Plans": [{"Node Type": "Nested Loop", "Parent Relationship": "Outer", "Join Type": "Inner", "Startup Cost": 95.25, "Total Cost": 2544.73, "Plan Rows": 4000, "Plan Width": 8, "Actual Startup Time": 0.961, "Actual Total Time": 7.606, "Actual Rows": 3924, "Actual Loops": 1, "Inner Unique": false, "Plans": [{"Node Type": "Index Scan", "Parent Relationship": "Outer", "Scan Direction": "Forward", "Index Name": "nation_pkey", "Relation Name": "nation", "Alias": "nation", "Startup Cost": 0.0, "Total Cost": 12.69, "Plan Rows": 1, "Plan Width": 4, "Actual Startup Time": 0.021, "Actual Total Time": 0.035, "Actual Rows": 1, "Actual Loops": 1, "Filter": "(n_name = 'MOZAMBIQUE'::bpchar)", "Rows Removed by Filter": 24}, {"Node Type": "Bitmap Heap Scan", "Parent Relationship": "Inner", "Relation Name": "supplier", "Alias": "supplier", "Startup Cost": 95.25, "Total Cost": 2492.04, "Plan Rows": 4000, "Plan Width": 12, "Actual Startup Time": 0.923, "Actual Total Time": 6.688, "Actual Rows": 3924, "Actual Loops": 1, "Recheck Cond": "(s_nationkey = public.nation.n_nationkey)", "Rows Removed by Index Recheck": 0, "Exact Heap Blocks": 1895, "Lossy Heap Blocks": 1895, "Plans": [{"Node Type": "Bitmap Index Scan", "Parent Relationship": "Outer", "Index Name": "idx_supplier_nation_key", "Startup Cost": 0.0, "Total Cost": 94.25, "Plan Rows": 4000, "Plan Width": 0, "Actual Startup Time": 0.63, "Actual Total Time": 0.63, "Actual Rows": 3924, "Actual Loops": 1, "Index Cond": "(s_nationkey = public.nation.n_nationkey)"}]}]}, {"Node Type": "Index Scan", "Parent Relationship": "Inner", "Scan Direction": "Forward", "Index Name": "idx_partsupp_suppkey", "Relation Name": "partsupp", "Alias": "partsupp", "Startup Cost": 0.0, "Total Cost": 9.33, "Plan Rows": 13, "Plan Width": 24, "Actual Startup Time": 44.034, "Actual Total Time": 548.454, "Actual Rows": 313920, "Actual Loops": 3924, "Index Cond": "(ps_suppkey = public.supplier.s_suppkey)", "Rows Removed by Index Recheck": 0}]}]}, {"Node Type": "Aggregate", "Strategy": "Hashed", "Parent Relationship": "Outer", "Startup Cost": 41309.84, "Total Cost": 41982.09, "Plan Rows": 53780, "Plan Width": 24, "Actual Startup Time": 1810.3, "Actual Total Time": 1810.3, "Actual Rows": 0, "Actual Loops": 1, "Group By Key": ["public.partsupp.ps_partkey"], "Filter": "(sum((public.partsupp.ps_supplycost * (public.partsupp.ps_availqty)::double precision)) > $2)", "Rows Removed by Filter": 295792, "Plans": [{"Node Type": "Nested Loop", "Parent Relationship": "Outer", "Join Type": "Inner", "Startup Cost": 95.25, "Total Cost": 40368.69, "Plan Rows": 53780, "Plan Width": 24, "Actual Startup Time": 1.02, "Actual Total Time": 665.011, "Actual Rows": 313920, "Actual Loops": 1, "Inner Unique": false, "Plans": [{"Node Type": "Nested Loop", "Parent Relationship": "Outer", "Join Type": "Inner", "Startup Cost": 95.25, "Total Cost": 2544.73, "Plan Rows": 4000, "Plan Width": 8, "Actual Startup Time": 0.991, "Actual Total Time": 8.384, "Actual Rows": 3924, "Actual Loops": 1, "Inner Unique": false, "Plans": [{"Node Type": "Index Scan", "Parent Relationship": "Outer", "Scan Direction": "Forward", "Index Name": "nation_pkey", "Relation Name": "nation", "Alias": "nation", "Startup Cost": 0.0, "Total Cost": 12.69, "Plan Rows": 1, "Plan Width": 4, "Actual Startup Time": 0.054, "Actual Total Time": 0.067, "Actual Rows": 1, "Actual Loops": 1, "Filter": "(n_name = 'MOZAMBIQUE'::bpchar)", "Rows Removed by Filter": 24}, {"Node Type": "Bitmap Heap Scan", "Parent Relationship": "Inner", "Relation Name": "supplier", "Alias": "supplier", "Startup Cost": 95.25, "Total Cost": 2492.04, "Plan Rows": 4000, "Plan Width": 12, "Actual Startup Time": 0.919, "Actual Total Time": 7.44, "Actual Rows": 3924, "Actual Loops": 1, "Recheck Cond": "(s_nationkey = public.nation.n_nationkey)", "Rows Removed by Index Recheck": 0, "Exact Heap Blocks": 1895, "Lossy Heap Blocks": 1895, "Plans": [{"Node Type": "Bitmap Index Scan", "Parent Relationship": "Outer", "Index Name": "idx_supplier_nation_key", "Startup Cost": 0.0, "Total Cost": 94.25, "Plan Rows": 4000, "Plan Width": 0, "Actual Startup Time": 0.633, "Actual Total Time": 0.633, "Actual Rows": 3924, "Actual Loops": 1, "Index Cond": "(s_nationkey = public.nation.n_nationkey)"}]}]}, {"Node Type": "Index Scan", "Parent Relationship": "Inner", "Scan Direction": "Forward", "Index Name": "idx_partsupp_suppkey", "Relation Name": "partsupp", "Alias": "partsupp", "Startup Cost": 0.0, "Total Cost": 9.33, "Plan Rows": 13, "Plan Width": 32, "Actual Startup Time": 46.318, "Actual Total Time": 585.067, "Actual Rows": 313920, "Actual Loops": 3924, "Index Cond": "(ps_suppkey = public.supplier.s_suppkey)", "Rows Removed by Index Recheck": 0}]}]}]}, "Triggers": [], "Planner Runtime": 0, "Total Runtime": 1811.196, "Unique SQL Id": 2932834211}}, "(1, 54)": {"explain_plan": {"Plan": {"Node Type": "Sort", "Startup Cost": 90032.55, "Total Cost": 90167.0, "Plan Rows": 53780, "Plan Width": 24, "Sort Key": ["(sum((public.partsupp.ps_supplycost * (public.partsupp.ps_availqty)::double precision))) DESC"], "Plans": [{"Node Type": "Aggregate", "Strategy": "Plain", "Parent Relationship": "exec_init_plan", "Subplan Name": "InitPlan 1 (returns $2)", "Startup Cost": 42298.39, "Total Cost": 42298.4, "Plan Rows": 1, "Plan Width": 24, "Plans": [{"Node Type": "Nested Loop", "Parent Relationship": "Outer", "Join Type": "Inner", "Startup Cost": 96.82, "Total Cost": 41895.04, "Plan Rows": 53780, "Plan Width": 16, "Inner Unique": false, "Plans": [{"Node Type": "Nested Loop", "Parent Relationship": "Outer", "Join Type": "Inner", "Startup Cost": 95.25, "Total Cost": 2533.35, "Plan Rows": 4000, "Plan Width": 8, "Inner Unique": false, "Plans": [{"Node Type": "Seq Scan", "Parent Relationship": "Outer", "Relation Name": "nation", "Alias": "nation", "Startup Cost": 0.0, "Total Cost": 1.31, "Plan Rows": 1, "Plan Width": 4, "Filter": "(n_name = 'MOZAMBIQUE'::bpchar)"}, {"Node Type": "Bitmap Heap Scan", "Parent Relationship": "Inner", "Relation Name": "supplier", "Alias": "supplier", "Startup Cost": 95.25, "Total Cost": 2492.04, "Plan Rows": 4000, "Plan Width": 12, "Recheck Cond": "(s_nationkey = public.nation.n_nationkey)", "Plans": [{"Node Type": "Bitmap Index Scan", "Parent Relationship": "Outer", "Index Name": "idx_supplier_nation_key", "Startup Cost": 0.0, "Total Cost": 94.25, "Plan Rows": 4000, "Plan Width": 0, "Index Cond": "(s_nationkey = public.nation.n_nationkey)"}]}]}, {"Node Type": "Bitmap Heap Scan", "Parent Relationship": "Inner", "Relation Name": "partsupp", "Alias": "partsupp", "Startup Cost": 1.57, "Total Cost": 9.71, "Plan Rows": 13, "Plan Width": 24, "Recheck Cond": "(ps_suppkey = public.supplier.s_suppkey)", "Plans": [{"Node Type": "Bitmap Index Scan", "Parent Relationship": "Outer", "Index Name": "idx_partsupp_suppkey", "Startup Cost": 0.0, "Total Cost": 1.56, "Plan Rows": 13, "Plan Width": 0, "Index Cond": "(ps_suppkey = public.supplier.s_suppkey)"}]}]}]}, {"Node Type": "Aggregate", "Strategy": "Hashed", "Parent Relationship": "Outer", "Startup Cost": 42836.19, "Total Cost": 43508.44, "Plan Rows": 53780, "Plan Width": 24, "Group By Key": ["public.partsupp.ps_partkey"], "Filter": "(sum((public.partsupp.ps_supplycost * (public.partsupp.ps_availqty)::double precision)) > $2)", "Plans": [{"Node Type": "Nested Loop", "Parent Relationship": "Outer", "Join Type": "Inner", "Startup Cost": 96.82, "Total Cost": 41895.04, "Plan Rows": 53780, "Plan Width": 24, "Inner Unique": false, "Plans": [{"Node Type": "Nested Loop", "Parent Relationship": "Outer", "Join Type": "Inner", "Startup Cost": 95.25, "Total Cost": 2533.35, "Plan Rows": 4000, "Plan Width": 8, "Inner Unique": false, "Plans": [{"Node Type": "Seq Scan", "Parent Relationship": "Outer", "Relation Name": "nation", "Alias": "nation", "Startup Cost": 0.0, "Total Cost": 1.31, "Plan Rows": 1, "Plan Width": 4, "Filter": "(n_name = 'MOZAMBIQUE'::bpchar)"}, {"Node Type": "Bitmap Heap Scan", "Parent Relationship": "Inner", "Relation Name": "supplier", "Alias": "supplier", "Startup Cost": 95.25, "Total Cost": 2492.04, "Plan Rows": 4000, "Plan Width": 12, "Recheck Cond": "(s_nationkey = public.nation.n_nationkey)", "Plans": [{"Node Type": "Bitmap Index Scan", "Parent Relationship": "Outer", "Index Name": "idx_supplier_nation_key", "Startup Cost": 0.0, "Total Cost": 94.25, "Plan Rows": 4000, "Plan Width": 0, "Index Cond": "(s_nationkey = public.nation.n_nationkey)"}]}]}, {"Node Type": "Bitmap Heap Scan", "Parent Relationship": "Inner", "Relation Name": "partsupp", "Alias": "partsupp", "Startup Cost": 1.57, "Total Cost": 9.71, "Plan Rows": 13, "Plan Width": 32, "Recheck Cond": "(ps_suppkey = public.supplier.s_suppkey)", "Plans": [{"Node Type": "Bitmap Index Scan", "Parent Relationship": "Outer", "Index Name": "idx_partsupp_suppkey", "Startup Cost": 0.0, "Total Cost": 1.56, "Plan Rows": 13, "Plan Width": 0, "Index Cond": "(ps_suppkey = public.supplier.s_suppkey)"}]}]}]}]}, "Unique SQL Id": 2932834211, "Planner Runtime": 0}, "explain_analyze_plan": {"Plan": {"Node Type": "Sort", "Startup Cost": 90032.55, "Total Cost": 90167.0, "Plan Rows": 53780, "Plan Width": 24, "Actual Startup Time": 2112.155, "Actual Total Time": 2112.155, "Actual Rows": 0, "Actual Loops": 1, "Sort Key": ["(sum((public.partsupp.ps_supplycost * (public.partsupp.ps_availqty)::double precision))) DESC"], "Sort Method": "quicksort", "Sort Space Used": 25, "Sort Space Type": "Memory", "Plans": [{"Node Type": "Aggregate", "Strategy": "Plain", "Parent Relationship": "exec_init_plan", "Subplan Name": "InitPlan 1 (returns $2)", "Startup Cost": 42298.39, "Total Cost": 42298.4, "Plan Rows": 1, "Plan Width": 24, "Actual Startup Time": 928.307, "Actual Total Time": 928.307, "Actual Rows": 1, "Actual Loops": 1, "Plans": [{"Node Type": "Nested Loop", "Parent Relationship": "Outer", "Join Type": "Inner", "Startup Cost": 96.82, "Total Cost": 41895.04, "Plan Rows": 53780, "Plan Width": 16, "Actual Startup Time": 0.986, "Actual Total Time": 800.403, "Actual Rows": 313920, "Actual Loops": 1, "Inner Unique": false, "Plans": [{"Node Type": "Nested Loop", "Parent Relationship": "Outer", "Join Type": "Inner", "Startup Cost": 95.25, "Total Cost": 2533.35, "Plan Rows": 4000, "Plan Width": 8, "Actual Startup Time": 0.938, "Actual Total Time": 7.951, "Actual Rows": 3924, "Actual Loops": 1, "Inner Unique": false, "Plans": [{"Node Type": "Seq Scan", "Parent Relationship": "Outer", "Relation Name": "nation", "Alias": "nation", "Startup Cost": 0.0, "Total Cost": 1.31, "Plan Rows": 1, "Plan Width": 4, "Actual Startup Time": 0.042, "Actual Total Time": 0.056, "Actual Rows": 1, "Actual Loops": 1, "Filter": "(n_name = 'MOZAMBIQUE'::bpchar)", "Rows Removed by Filter": 24}, {"Node Type": "Bitmap Heap Scan", "Parent Relationship": "Inner", "Relation Name": "supplier", "Alias": "supplier", "Startup Cost": 95.25, "Total Cost": 2492.04, "Plan Rows": 4000, "Plan Width": 12, "Actual Startup Time": 0.889, "Actual Total Time": 7.054, "Actual Rows": 3924, "Actual Loops": 1, "Recheck Cond": "(s_nationkey = public.nation.n_nationkey)", "Rows Removed by Index Recheck": 0, "Exact Heap Blocks": 1895, "Lossy Heap Blocks": 1895, "Plans": [{"Node Type": "Bitmap Index Scan", "Parent Relationship": "Outer", "Index Name": "idx_supplier_nation_key", "Startup Cost": 0.0, "Total Cost": 94.25, "Plan Rows": 4000, "Plan Width": 0, "Actual Startup Time": 0.609, "Actual Total Time": 0.609, "Actual Rows": 3924, "Actual Loops": 1, "Index Cond": "(s_nationkey = public.nation.n_nationkey)"}]}]}, {"Node Type": "Bitmap Heap Scan", "Parent Relationship": "Inner", "Relation Name": "partsupp", "Alias": "partsupp", "Startup Cost": 1.57, "Total Cost": 9.71, "Plan Rows": 13, "Plan Width": 24, "Actual Startup Time": 104.492, "Actual Total Time": 724.345, "Actual Rows": 313920, "Actual Loops": 3924, "Recheck Cond": "(ps_suppkey = public.supplier.s_suppkey)", "Rows Removed by Index Recheck": 0, "Exact Heap Blocks": 313920, "Lossy Heap Blocks": 313920, "Plans": [{"Node Type": "Bitmap Index Scan", "Parent Relationship": "Outer", "Index Name": "idx_partsupp_suppkey", "Startup Cost": 0.0, "Total Cost": 1.56, "Plan Rows": 13, "Plan Width": 0, "Actual Startup Time": 65.503, "Actual Total Time": 65.503, "Actual Rows": 313920, "Actual Loops": 3924, "Index Cond": "(ps_suppkey = public.supplier.s_suppkey)"}]}]}]}, {"Node Type": "Aggregate", "Strategy": "Hashed", "Parent Relationship": "Outer", "Startup Cost": 42836.19, "Total Cost": 43508.44, "Plan Rows": 53780, "Plan Width": 24, "Actual Startup Time": 2111.624, "Actual Total Time": 2111.624, "Actual Rows": 0, "Actual Loops": 1, "Group By Key": ["public.partsupp.ps_partkey"], "Filter": "(sum((public.partsupp.ps_supplycost * (public.partsupp.ps_availqty)::double precision)) > $2)", "Rows Removed by Filter": 295792, "Plans": [{"Node Type": "Nested Loop", "Parent Relationship": "Outer", "Join Type": "Inner", "Startup Cost": 96.82, "Total Cost": 41895.04, "Plan Rows": 53780, "Plan Width": 24, "Actual Startup Time": 1.009, "Actual Total Time": 754.894, "Actual Rows": 313920, "Actual Loops": 1, "Inner Unique": false, "Plans": [{"Node Type": "Nested Loop", "Parent Relationship": "Outer", "Join Type": "Inner", "Startup Cost": 95.25, "Total Cost": 2533.35, "Plan Rows": 4000, "Plan Width": 8, "Actual Startup Time": 0.964, "Actual Total Time": 7.76, "Actual Rows": 3924, "Actual Loops": 1, "Inner Unique": false, "Plans": [{"Node Type": "Seq Scan", "Parent Relationship": "Outer", "Relation Name": "nation", "Alias": "nation", "Startup Cost": 0.0, "Total Cost": 1.31, "Plan Rows": 1, "Plan Width": 4, "Actual Startup Time": 0.029, "Actual Total Time": 0.042, "Actual Rows": 1, "Actual Loops": 1, "Filter": "(n_name = 'MOZAMBIQUE'::bpchar)", "Rows Removed by Filter": 24}, {"Node Type": "Bitmap Heap Scan", "Parent Relationship": "Inner", "Relation Name": "supplier", "Alias": "supplier", "Startup Cost": 95.25, "Total Cost": 2492.04, "Plan Rows": 4000, "Plan Width": 12, "Actual Startup Time": 0.928, "Actual Total Time": 6.732, "Actual Rows": 3924, "Actual Loops": 1, "Recheck Cond": "(s_nationkey = public.nation.n_nationkey)", "Rows Removed by Index Recheck": 0, "Exact Heap Blocks": 1895, "Lossy Heap Blocks": 1895, "Plans": [{"Node Type": "Bitmap Index Scan", "Parent Relationship": "Outer", "Index Name": "idx_supplier_nation_key", "Startup Cost": 0.0, "Total Cost": 94.25, "Plan Rows": 4000, "Plan Width": 0, "Actual Startup Time": 0.646, "Actual Total Time": 0.646, "Actual Rows": 3924, "Actual Loops": 1, "Index Cond": "(s_nationkey = public.nation.n_nationkey)"}]}]}, {"Node Type": "Bitmap Heap Scan", "Parent Relationship": "Inner", "Relation Name": "partsupp", "Alias": "partsupp", "Startup Cost": 1.57, "Total Cost": 9.71, "Plan Rows": 13, "Plan Width": 32, "Actual Startup Time": 103.168, "Actual Total Time": 673.653, "Actual Rows": 313920, "Actual Loops": 3924, "Recheck Cond": "(ps_suppkey = public.supplier.s_suppkey)", "Rows Removed by Index Recheck": 0, "Exact Heap Blocks": 313920, "Lossy Heap Blocks": 313920, "Plans": [{"Node Type": "Bitmap Index Scan", "Parent Relationship": "Outer", "Index Name": "idx_partsupp_suppkey", "Startup Cost": 0.0, "Total Cost": 1.56, "Plan Rows": 13, "Plan Width": 0, "Actual Startup Time": 64.013, "Actual Total Time": 64.013, "Actual Rows": 313920, "Actual Loops": 3924, "Index Cond": "(ps_suppkey = public.supplier.s_suppkey)"}]}]}]}]}, "Triggers": [], "Planner Runtime": 0, "Total Runtime": 2112.492, "Unique SQL Id": 2932834211}}, "(1, 55)": {"explain_plan": {"Plan": {"Node Type": "Sort", "Startup Cost": 2000084159245.82, "Total Cost": 2000084159380.27, "Plan Rows": 53780, "Plan Width": 40, "Sort Key": ["(sum((public.partsupp.ps_supplycost * (public.partsupp.ps_availqty)::double precision))) DESC"], "Plans": [{"Node Type": "Aggregate", "Strategy": "Plain", "Parent Relationship": "exec_init_plan", "Subplan Name": "InitPlan 1 (returns $2)", "Startup Cost": 1000001001502.42, "Total Cost": 1000001001502.43, "Plan Rows": 1, "Plan Width": 24, "Plans": [{"Node Type": "Nested Loop", "Parent Relationship": "Outer", "Join Type": "Inner", "Startup Cost": 10000000001.83, "Total Cost": 1000001001099.07, "Plan Rows": 53780, "Plan Width": 16, "Inner Unique": false, "Plans": [{"Node Type": "Nested Loop", "Parent Relationship": "Outer", "Join Type": "Inner", "Startup Cost": 10000000000.26, "Total Cost": 1000000961737.38, "Plan Rows": 4000, "Plan Width": 8, "Inner Unique": true, "Plans": [{"Node Type": "Index Scan", "Parent Relationship": "Outer", "Scan Direction": "Forward", "Index Name": "supplier_pkey", "Relation Name": "supplier", "Alias": "supplier", "Startup Cost": 10000000000.0, "Total Cost": 1000000533454.38, "Plan Rows": 100000, "Plan Width": 12}, {"Node Type": "Bitmap Heap Scan", "Parent Relationship": "Inner", "Relation Name": "nation", "Alias": "nation", "Startup Cost": 0.26, "Total Cost": 4.27, "Plan Rows": 1, "Plan Width": 4, "Recheck Cond": "(n_nationkey = public.supplier.s_nationkey)", "Filter": "(n_name = 'MOZAMBIQUE'::bpchar)", "Plans": [{"Node Type": "Bitmap Index Scan", "Parent Relationship": "Outer", "Index Name": "nation_pkey", "Startup Cost": 0.0, "Total Cost": 0.26, "Plan Rows": 1, "Plan Width": 0, "Index Cond": "(n_nationkey = public.supplier.s_nationkey)"}]}]}, {"Node Type": "Bitmap Heap Scan", "Parent Relationship": "Inner", "Relation Name": "partsupp", "Alias": "partsupp", "Startup Cost": 1.57, "Total Cost": 9.71, "Plan Rows": 13, "Plan Width": 24, "Recheck Cond": "(ps_suppkey = public.supplier.s_suppkey)", "Plans": [{"Node Type": "Bitmap Index Scan", "Parent Relationship": "Outer", "Index Name": "idx_partsupp_suppkey", "Startup Cost": 0.0, "Total Cost": 1.56, "Plan Rows": 13, "Plan Width": 0, "Index Cond": "(ps_suppkey = public.supplier.s_suppkey)"}]}]}]}, {"Node Type": "Aggregate", "Strategy": "Sorted", "Parent Relationship": "Outer", "Startup Cost": 10000000000.52, "Total Cost": 1000083153517.69, "Plan Rows": 53780, "Plan Width": 40, "Group By Key": ["public.partsupp.ps_partkey"], "Filter": "(sum((public.partsupp.ps_supplycost * (public.partsupp.ps_availqty)::double precision)) > $2)", "Plans": [{"Node Type": "Nested Loop", "Parent Relationship": "Outer", "Join Type": "Inner", "Startup Cost": 10000000000.52, "Total Cost": 1000083151904.29, "Plan Rows": 53780, "Plan Width": 24, "Inner Unique": true, "Plans": [{"Node Type": "Nested Loop", "Parent Relationship": "Outer", "Join Type": "Inner", "Startup Cost": 10000000000.26, "Total Cost": 1000077393643.64, "Plan Rows": 1344499, "Plan Width": 28, "Inner Unique": true, "Plans": [{"Node Type": "Index Scan", "Parent Relationship": "Outer", "Scan Direction": "Forward", "Index Name": "idx_partsupp_partkey", "Relation Name": "partsupp", "Alias": "partsupp", "Startup Cost": 10000000000.0, "Total Cost": 1000043148503.38, "Plan Rows": 8000372, "Plan Width": 32}, {"Node Type": "Bitmap Heap Scan", "Parent Relationship": "Inner", "Relation Name": "supplier", "Alias": "supplier", "Startup Cost": 0.26, "Total Cost": 4.27, "Plan Rows": 1, "Plan Width": 12, "Recheck Cond": "(s_suppkey = public.partsupp.ps_suppkey)", "Plans": [{"Node Type": "Bitmap Index Scan", "Parent Relationship": "Outer", "Index Name": "supplier_pkey", "Startup Cost": 0.0, "Total Cost": 0.26, "Plan Rows": 1, "Plan Width": 0, "Index Cond": "(s_suppkey = public.partsupp.ps_suppkey)"}]}]}, {"Node Type": "Bitmap Heap Scan", "Parent Relationship": "Inner", "Relation Name": "nation", "Alias": "nation", "Startup Cost": 0.26, "Total Cost": 4.27, "Plan Rows": 1, "Plan Width": 4, "Recheck Cond": "(n_nationkey = public.supplier.s_nationkey)", "Filter": "(n_name = 'MOZAMBIQUE'::bpchar)", "Plans": [{"Node Type": "Bitmap Index Scan", "Parent Relationship": "Outer", "Index Name": "nation_pkey", "Startup Cost": 0.0, "Total Cost": 0.26, "Plan Rows": 1, "Plan Width": 0, "Index Cond": "(n_nationkey = public.supplier.s_nationkey)"}]}]}]}]}, "Unique SQL Id": 2932834211, "Planner Runtime": 0}, "explain_analyze_plan": null}, "(1, 56)": {"explain_plan": {"Plan": {"Node Type": "Sort", "Startup Cost": 90959.03, "Total Cost": 91093.48, "Plan Rows": 53780, "Plan Width": 24, "Sort Key": ["(sum((public.partsupp.ps_supplycost * (public.partsupp.ps_availqty)::double precision))) DESC"], "Plans": [{"Node Type": "Aggregate", "Strategy": "Plain", "Parent Relationship": "exec_init_plan", "Subplan Name": "InitPlan 1 (returns $1)", "Startup Cost": 42761.63, "Total Cost": 42761.64, "Plan Rows": 1, "Plan Width": 24, "Plans": [{"Node Type": "Nested Loop", "Parent Relationship": "Outer", "Join Type": "Inner", "Startup Cost": 0.0, "Total Cost": 42358.28, "Plan Rows": 53780, "Plan Width": 16, "Inner Unique": false, "Plans": [{"Node Type": "Nested Loop", "Parent Relationship": "Outer", "Join Type": "Inner", "Startup Cost": 0.0, "Total Cost": 4534.31, "Plan Rows": 4000, "Plan Width": 8, "Inner Unique": false, "Join Filter": "(public.supplier.s_nationkey = public.nation.n_nationkey)", "Plans": [{"Node Type": "Seq Scan", "Parent Relationship": "Outer", "Relation Name": "nation", "Alias": "nation", "Startup Cost": 0.0, "Total Cost": 1.31, "Plan Rows": 1, "Plan Width": 4, "Filter": "(n_name = 'MOZAMBIQUE'::bpchar)"}, {"Node Type": "Seq Scan", "Parent Relationship": "Inner", "Relation Name": "supplier", "Alias": "supplier", "Startup Cost": 0.0, "Total Cost": 3283.0, "Plan Rows": 100000, "Plan Width": 12}]}, {"Node Type": "Index Scan", "Parent Relationship": "Inner", "Scan Direction": "Forward", "Index Name": "idx_partsupp_suppkey", "Relation Name": "partsupp", "Alias": "partsupp", "Startup Cost": 0.0, "Total Cost": 9.33, "Plan Rows": 13, "Plan Width": 24, "Index Cond": "(ps_suppkey = public.supplier.s_suppkey)"}]}]}, {"Node Type": "Aggregate", "Strategy": "Hashed", "Parent Relationship": "Outer", "Startup Cost": 43299.43, "Total Cost": 43971.68, "Plan Rows": 53780, "Plan Width": 24, "Group By Key": ["public.partsupp.ps_partkey"], "Filter": "(sum((public.partsupp.ps_supplycost * (public.partsupp.ps_availqty)::double precision)) > $1)", "Plans": [{"Node Type": "Nested Loop", "Parent Relationship": "Outer", "Join Type": "Inner", "Startup Cost": 0.0, "Total Cost": 42358.28, "Plan Rows": 53780, "Plan Width": 24, "Inner Unique": false, "Plans": [{"Node Type": "Nested Loop", "Parent Relationship": "Outer", "Join Type": "Inner", "Startup Cost": 0.0, "Total Cost": 4534.31, "Plan Rows": 4000, "Plan Width": 8, "Inner Unique": false, "Join Filter": "(public.supplier.s_nationkey = public.nation.n_nationkey)", "Plans": [{"Node Type": "Seq Scan", "Parent Relationship": "Outer", "Relation Name": "nation", "Alias": "nation", "Startup Cost": 0.0, "Total Cost": 1.31, "Plan Rows": 1, "Plan Width": 4, "Filter": "(n_name = 'MOZAMBIQUE'::bpchar)"}, {"Node Type": "Seq Scan", "Parent Relationship": "Inner", "Relation Name": "supplier", "Alias": "supplier", "Startup Cost": 0.0, "Total Cost": 3283.0, "Plan Rows": 100000, "Plan Width": 12}]}, {"Node Type": "Index Scan", "Parent Relationship": "Inner", "Scan Direction": "Forward", "Index Name": "idx_partsupp_suppkey", "Relation Name": "partsupp", "Alias": "partsupp", "Startup Cost": 0.0, "Total Cost": 9.33, "Plan Rows": 13, "Plan Width": 32, "Index Cond": "(ps_suppkey = public.supplier.s_suppkey)"}]}]}]}, "Unique SQL Id": 2932834211, "Planner Runtime": 0}, "explain_analyze_plan": {"Plan": {"Node Type": "Sort", "Startup Cost": 90959.03, "Total Cost": 91093.48, "Plan Rows": 53780, "Plan Width": 24, "Actual Startup Time": 1901.787, "Actual Total Time": 1901.787, "Actual Rows": 0, "Actual Loops": 1, "Sort Key": ["(sum((public.partsupp.ps_supplycost * (public.partsupp.ps_availqty)::double precision))) DESC"], "Sort Method": "quicksort", "Sort Space Used": 25, "Sort Space Type": "Memory", "Plans": [{"Node Type": "Aggregate", "Strategy": "Plain", "Parent Relationship": "exec_init_plan", "Subplan Name": "InitPlan 1 (returns $1)", "Startup Cost": 42761.63, "Total Cost": 42761.64, "Plan Rows": 1, "Plan Width": 24, "Actual Startup Time": 781.076, "Actual Total Time": 781.077, "Actual Rows": 1, "Actual Loops": 1, "Plans": [{"Node Type": "Nested Loop", "Parent Relationship": "Outer", "Join Type": "Inner", "Startup Cost": 0.0, "Total Cost": 42358.28, "Plan Rows": 53780, "Plan Width": 16, "Actual Startup Time": 0.079, "Actual Total Time": 645.841, "Actual Rows": 313920, "Actual Loops": 1, "Inner Unique": false, "Plans": [{"Node Type": "Nested Loop", "Parent Relationship": "Outer", "Join Type": "Inner", "Startup Cost": 0.0, "Total Cost": 4534.31, "Plan Rows": 4000, "Plan Width": 8, "Actual Startup Time": 0.058, "Actual Total Time": 51.134, "Actual Rows": 3924, "Actual Loops": 1, "Inner Unique": false, "Join Filter": "(public.supplier.s_nationkey = public.nation.n_nationkey)", "Rows Removed by Join Filter": 96076, "Plans": [{"Node Type": "Seq Scan", "Parent Relationship": "Outer", "Relation Name": "nation", "Alias": "nation", "Startup Cost": 0.0, "Total Cost": 1.31, "Plan Rows": 1, "Plan Width": 4, "Actual Startup Time": 0.021, "Actual Total Time": 0.028, "Actual Rows": 1, "Actual Loops": 1, "Filter": "(n_name = 'MOZAMBIQUE'::bpchar)", "Rows Removed by Filter": 24}, {"Node Type": "Seq Scan", "Parent Relationship": "Inner", "Relation Name": "supplier", "Alias": "supplier", "Startup Cost": 0.0, "Total Cost": 3283.0, "Plan Rows": 100000, "Plan Width": 12, "Actual Startup Time": 0.013, "Actual Total Time": 27.601, "Actual Rows": 100000, "Actual Loops": 1}]}, {"Node Type": "Index Scan", "Parent Relationship": "Inner", "Scan Direction": "Forward", "Index Name": "idx_partsupp_suppkey", "Relation Name": "partsupp", "Alias": "partsupp", "Startup Cost": 0.0, "Total Cost": 9.33, "Plan Rows": 13, "Plan Width": 24, "Actual Startup Time": 43.676, "Actual Total Time": 527.173, "Actual Rows": 313920, "Actual Loops": 3924, "Index Cond": "(ps_suppkey = public.supplier.s_suppkey)", "Rows Removed by Index Recheck": 0}]}]}, {"Node Type": "Aggregate", "Strategy": "Hashed", "Parent Relationship": "Outer", "Startup Cost": 43299.43, "Total Cost": 43971.68, "Plan Rows": 53780, "Plan Width": 24, "Actual Startup Time": 1901.38, "Actual Total Time": 1901.38, "Actual Rows": 0, "Actual Loops": 1, "Group By Key": ["public.partsupp.ps_partkey"], "Filter": "(sum((public.partsupp.ps_supplycost * (public.partsupp.ps_availqty)::double precision)) > $1)", "Rows Removed by Filter": 295792, "Plans": [{"Node Type": "Nested Loop", "Parent Relationship": "Outer", "Join Type": "Inner", "Startup Cost": 0.0, "Total Cost": 42358.28, "Plan Rows": 53780, "Plan Width": 24, "Actual Startup Time": 0.083, "Actual Total Time": 724.307, "Actual Rows": 313920, "Actual Loops": 1, "Inner Unique": false, "Plans": [{"Node Type": "Nested Loop", "Parent Relationship": "Outer", "Join Type": "Inner", "Startup Cost": 0.0, "Total Cost": 4534.31, "Plan Rows": 4000, "Plan Width": 8, "Actual Startup Time": 0.057, "Actual Total Time": 52.925, "Actual Rows": 3924, "Actual Loops": 1, "Inner Unique": false, "Join Filter": "(public.supplier.s_nationkey = public.nation.n_nationkey)", "Rows Removed by Join Filter": 96076, "Plans": [{"Node Type": "Seq Scan", "Parent Relationship": "Outer", "Relation Name": "nation", "Alias": "nation", "Startup Cost": 0.0, "Total Cost": 1.31, "Plan Rows": 1, "Plan Width": 4, "Actual Startup Time": 0.029, "Actual Total Time": 0.037, "Actual Rows": 1, "Actual Loops": 1, "Filter": "(n_name = 'MOZAMBIQUE'::bpchar)", "Rows Removed by Filter": 24}, {"Node Type": "Seq Scan", "Parent Relationship": "Inner", "Relation Name": "supplier", "Alias": "supplier", "Startup Cost": 0.0, "Total Cost": 3283.0, "Plan Rows": 100000, "Plan Width": 12, "Actual Startup Time": 0.01, "Actual Total Time": 29.091, "Actual Rows": 100000, "Actual Loops": 1}]}, {"Node Type": "Index Scan", "Parent Relationship": "Inner", "Scan Direction": "Forward", "Index Name": "idx_partsupp_suppkey", "Relation Name": "partsupp", "Alias": "partsupp", "Startup Cost": 0.0, "Total Cost": 9.33, "Plan Rows": 13, "Plan Width": 32, "Actual Startup Time": 47.997, "Actual Total Time": 598.957, "Actual Rows": 313920, "Actual Loops": 3924, "Index Cond": "(ps_suppkey = public.supplier.s_suppkey)", "Rows Removed by Index Recheck": 0}]}]}]}, "Triggers": [], "Planner Runtime": 0, "Total Runtime": 1902.054, "Unique SQL Id": 2932834211}}, "(1, 57)": {"explain_plan": {"Plan": {"Node Type": "Sort", "Startup Cost": 95084.87, "Total Cost": 95219.32, "Plan Rows": 53780, "Plan Width": 24, "Sort Key": ["(sum((public.partsupp.ps_supplycost * (public.partsupp.ps_availqty)::double precision))) DESC"], "Plans": [{"Node Type": "Aggregate", "Strategy": "Plain", "Parent Relationship": "exec_init_plan", "Subplan Name": "InitPlan 1 (returns $1)", "Startup Cost": 44824.55, "Total Cost": 44824.56, "Plan Rows": 1, "Plan Width": 24, "Plans": [{"Node Type": "Nested Loop", "Parent Relationship": "Outer", "Join Type": "Inner", "Startup Cost": 0.0, "Total Cost": 44421.2, "Plan Rows": 53780, "Plan Width": 16, "Inner Unique": false, "Plans": [{"Node Type": "Nested Loop", "Parent Relationship": "Outer", "Join Type": "Inner", "Startup Cost": 0.0, "Total Cost": 6597.23, "Plan Rows": 4000, "Plan Width": 8, "Inner Unique": false, "Join Filter": "(public.supplier.s_nationkey = public.nation.n_nationkey)", "Plans": [{"Node Type": "Index Scan", "Parent Relationship": "Outer", "Scan Direction": "Forward", "Index Name": "nation_pkey", "Relation Name": "nation", "Alias": "nation", "Startup Cost": 0.0, "Total Cost": 12.69, "Plan Rows": 1, "Plan Width": 4, "Filter": "(n_name = 'MOZAMBIQUE'::bpchar)"}, {"Node Type": "Index Scan", "Parent Relationship": "Inner", "Scan Direction": "Forward", "Index Name": "supplier_pkey", "Relation Name": "supplier", "Alias": "supplier", "Startup Cost": 0.0, "Total Cost": 5334.54, "Plan Rows": 100000, "Plan Width": 12}]}, {"Node Type": "Index Scan", "Parent Relationship": "Inner", "Scan Direction": "Forward", "Index Name": "idx_partsupp_suppkey", "Relation Name": "partsupp", "Alias": "partsupp", "Startup Cost": 0.0, "Total Cost": 9.33, "Plan Rows": 13, "Plan Width": 24, "Index Cond": "(ps_suppkey = public.supplier.s_suppkey)"}]}]}, {"Node Type": "Aggregate", "Strategy": "Hashed", "Parent Relationship": "Outer", "Startup Cost": 45362.35, "Total Cost": 46034.6, "Plan Rows": 53780, "Plan Width": 24, "Group By Key": ["public.partsupp.ps_partkey"], "Filter": "(sum((public.partsupp.ps_supplycost * (public.partsupp.ps_availqty)::double precision)) > $1)", "Plans": [{"Node Type": "Nested Loop", "Parent Relationship": "Outer", "Join Type": "Inner", "Startup Cost": 0.0, "Total Cost": 44421.2, "Plan Rows": 53780, "Plan Width": 24, "Inner Unique": false, "Plans": [{"Node Type": "Nested Loop", "Parent Relationship": "Outer", "Join Type": "Inner", "Startup Cost": 0.0, "Total Cost": 6597.23, "Plan Rows": 4000, "Plan Width": 8, "Inner Unique": false, "Join Filter": "(public.supplier.s_nationkey = public.nation.n_nationkey)", "Plans": [{"Node Type": "Index Scan", "Parent Relationship": "Outer", "Scan Direction": "Forward", "Index Name": "nation_pkey", "Relation Name": "nation", "Alias": "nation", "Startup Cost": 0.0, "Total Cost": 12.69, "Plan Rows": 1, "Plan Width": 4, "Filter": "(n_name = 'MOZAMBIQUE'::bpchar)"}, {"Node Type": "Index Scan", "Parent Relationship": "Inner", "Scan Direction": "Forward", "Index Name": "supplier_pkey", "Relation Name": "supplier", "Alias": "supplier", "Startup Cost": 0.0, "Total Cost": 5334.54, "Plan Rows": 100000, "Plan Width": 12}]}, {"Node Type": "Index Scan", "Parent Relationship": "Inner", "Scan Direction": "Forward", "Index Name": "idx_partsupp_suppkey", "Relation Name": "partsupp", "Alias": "partsupp", "Startup Cost": 0.0, "Total Cost": 9.33, "Plan Rows": 13, "Plan Width": 32, "Index Cond": "(ps_suppkey = public.supplier.s_suppkey)"}]}]}]}, "Unique SQL Id": 2932834211, "Planner Runtime": 0}, "explain_analyze_plan": {"Plan": {"Node Type": "Sort", "Startup Cost": 95084.87, "Total Cost": 95219.32, "Plan Rows": 53780, "Plan Width": 24, "Actual Startup Time": 2162.535, "Actual Total Time": 2162.535, "Actual Rows": 0, "Actual Loops": 1, "Sort Key": ["(sum((public.partsupp.ps_supplycost * (public.partsupp.ps_availqty)::double precision))) DESC"], "Sort Method": "quicksort", "Sort Space Used": 25, "Sort Space Type": "Memory", "Plans": [{"Node Type": "Aggregate", "Strategy": "Plain", "Parent Relationship": "exec_init_plan", "Subplan Name": "InitPlan 1 (returns $1)", "Startup Cost": 44824.55, "Total Cost": 44824.56, "Plan Rows": 1, "Plan Width": 24, "Actual Startup Time": 949.076, "Actual Total Time": 949.076, "Actual Rows": 1, "Actual Loops": 1, "Plans": [{"Node Type": "Nested Loop", "Parent Relationship": "Outer", "Join Type": "Inner", "Startup Cost": 0.0, "Total Cost": 44421.2, "Plan Rows": 53780, "Plan Width": 16, "Actual Startup Time": 0.086, "Actual Total Time": 814.338, "Actual Rows": 313920, "Actual Loops": 1, "Inner Unique": false, "Plans": [{"Node Type": "Nested Loop", "Parent Relationship": "Outer", "Join Type": "Inner", "Startup Cost": 0.0, "Total Cost": 6597.23, "Plan Rows": 4000, "Plan Width": 8, "Actual Startup Time": 0.069, "Actual Total Time": 88.722, "Actual Rows": 3924, "Actual Loops": 1, "Inner Unique": false, "Join Filter": "(public.supplier.s_nationkey = public.nation.n_nationkey)", "Rows Removed by Join Filter": 96076, "Plans": [{"Node Type": "Index Scan", "Parent Relationship": "Outer", "Scan Direction": "Forward", "Index Name": "nation_pkey", "Relation Name": "nation", "Alias": "nation", "Startup Cost": 0.0, "Total Cost": 12.69, "Plan Rows": 1, "Plan Width": 4, "Actual Startup Time": 0.028, "Actual Total Time": 0.043, "Actual Rows": 1, "Actual Loops": 1, "Filter": "(n_name = 'MOZAMBIQUE'::bpchar)", "Rows Removed by Filter": 24}, {"Node Type": "Index Scan", "Parent Relationship": "Inner", "Scan Direction": "Forward", "Index Name": "supplier_pkey", "Relation Name": "supplier", "Alias": "supplier", "Startup Cost": 0.0, "Total Cost": 5334.54, "Plan Rows": 100000, "Plan Width": 12, "Actual Startup Time": 0.023, "Actual Total Time": 65.141, "Actual Rows": 100000, "Actual Loops": 1}]}, {"Node Type": "Index Scan", "Parent Relationship": "Inner", "Scan Direction": "Forward", "Index Name": "idx_partsupp_suppkey", "Relation Name": "partsupp", "Alias": "partsupp", "Startup Cost": 0.0, "Total Cost": 9.33, "Plan Rows": 13, "Plan Width": 24, "Actual Startup Time": 50.675, "Actual Total Time": 658.309, "Actual Rows": 313920, "Actual Loops": 3924, "Index Cond": "(ps_suppkey = public.supplier.s_suppkey)", "Rows Removed by Index Recheck": 0}]}]}, {"Node Type": "Aggregate", "Strategy": "Hashed", "Parent Relationship": "Outer", "Startup Cost": 45362.35, "Total Cost": 46034.6, "Plan Rows": 53780, "Plan Width": 24, "Actual Startup Time": 2162.027, "Actual Total Time": 2162.027, "Actual Rows": 0, "Actual Loops": 1, "Group By Key": ["public.partsupp.ps_partkey"], "Filter": "(sum((public.partsupp.ps_supplycost * (public.partsupp.ps_availqty)::double precision)) > $1)", "Rows Removed by Filter": 295792, "Plans": [{"Node Type": "Nested Loop", "Parent Relationship": "Outer", "Join Type": "Inner", "Startup Cost": 0.0, "Total Cost": 44421.2, "Plan Rows": 53780, "Plan Width": 24, "Actual Startup Time": 0.087, "Actual Total Time": 782.455, "Actual Rows": 313920, "Actual Loops": 1, "Inner Unique": false, "Plans": [{"Node Type": "Nested Loop", "Parent Relationship": "Outer", "Join Type": "Inner", "Startup Cost": 0.0, "Total Cost": 6597.23, "Plan Rows": 4000, "Plan Width": 8, "Actual Startup Time": 0.069, "Actual Total Time": 85.458, "Actual Rows": 3924, "Actual Loops": 1, "Inner Unique": false, "Join Filter": "(public.supplier.s_nationkey = public.nation.n_nationkey)", "Rows Removed by Join Filter": 96076, "Plans": [{"Node Type": "Index Scan", "Parent Relationship": "Outer", "Scan Direction": "Forward", "Index Name": "nation_pkey", "Relation Name": "nation", "Alias": "nation", "Startup Cost": 0.0, "Total Cost": 12.69, "Plan Rows": 1, "Plan Width": 4, "Actual Startup Time": 0.031, "Actual Total Time": 0.043, "Actual Rows": 1, "Actual Loops": 1, "Filter": "(n_name = 'MOZAMBIQUE'::bpchar)", "Rows Removed by Filter": 24}, {"Node Type": "Index Scan", "Parent Relationship": "Inner", "Scan Direction": "Forward", "Index Name": "supplier_pkey", "Relation Name": "supplier", "Alias": "supplier", "Startup Cost": 0.0, "Total Cost": 5334.54, "Plan Rows": 100000, "Plan Width": 12, "Actual Startup Time": 0.017, "Actual Total Time": 61.468, "Actual Rows": 100000, "Actual Loops": 1}]}, {"Node Type": "Index Scan", "Parent Relationship": "Inner", "Scan Direction": "Forward", "Index Name": "idx_partsupp_suppkey", "Relation Name": "partsupp", "Alias": "partsupp", "Startup Cost": 0.0, "Total Cost": 9.33, "Plan Rows": 13, "Plan Width": 32, "Actual Startup Time": 48.514, "Actual Total Time": 624.878, "Actual Rows": 313920, "Actual Loops": 3924, "Index Cond": "(ps_suppkey = public.supplier.s_suppkey)", "Rows Removed by Index Recheck": 0}]}]}]}, "Triggers": [], "Planner Runtime": 0, "Total Runtime": 2162.804, "Unique SQL Id": 2932834211}}, "(1, 58)": {"explain_plan": {"Plan": {"Node Type": "Sort", "Startup Cost": 960599946.53, "Total Cost": 960600080.98, "Plan Rows": 53780, "Plan Width": 24, "Sort Key": ["(sum((public.partsupp.ps_supplycost * (public.partsupp.ps_availqty)::double precision))) DESC"], "Plans": [{"Node Type": "Aggregate", "Strategy": "Plain", "Parent Relationship": "exec_init_plan", "Subplan Name": "InitPlan 1 (returns $0)", "Startup Cost": 480297255.38, "Total Cost": 480297255.4, "Plan Rows": 1, "Plan Width": 24, "Plans": [{"Node Type": "Nested Loop", "Parent Relationship": "Outer", "Join Type": "Inner", "Startup Cost": 0.0, "Total Cost": 480296852.03, "Plan Rows": 53780, "Plan Width": 16, "Inner Unique": false, "Join Filter": "(public.supplier.s_suppkey = public.partsupp.ps_suppkey)", "Plans": [{"Node Type": "Seq Scan", "Parent Relationship": "Outer", "Relation Name": "partsupp", "Alias": "partsupp", "Startup Cost": 0.0, "Total Cost": 269987.72, "Plan Rows": 8000372, "Plan Width": 24}, {"Node Type": "Materialize", "Parent Relationship": "Inner", "Startup Cost": 0.0, "Total Cost": 4554.31, "Plan Rows": 4000, "Plan Width": 8, "Plans": [{"Node Type": "Nested Loop", "Parent Relationship": "Outer", "Join Type": "Inner", "Startup Cost": 0.0, "Total Cost": 4534.31, "Plan Rows": 4000, "Plan Width": 8, "Inner Unique": false, "Join Filter": "(public.supplier.s_nationkey = public.nation.n_nationkey)", "Plans": [{"Node Type": "Seq Scan", "Parent Relationship": "Outer", "Relation Name": "nation", "Alias": "nation", "Startup Cost": 0.0, "Total Cost": 1.31, "Plan Rows": 1, "Plan Width": 4, "Filter": "(n_name = 'MOZAMBIQUE'::bpchar)"}, {"Node Type": "Seq Scan", "Parent Relationship": "Inner", "Relation Name": "supplier", "Alias": "supplier", "Startup Cost": 0.0, "Total Cost": 3283.0, "Plan Rows": 100000, "Plan Width": 12}]}]}]}]}, {"Node Type": "Aggregate", "Strategy": "Hashed", "Parent Relationship": "Outer", "Startup Cost": 480297793.18, "Total Cost": 480298465.43, "Plan Rows": 53780, "Plan Width": 24, "Group By Key": ["public.partsupp.ps_partkey"], "Filter": "(sum((public.partsupp.ps_supplycost * (public.partsupp.ps_availqty)::double precision)) > $0)", "Plans": [{"Node Type": "Nested Loop", "Parent Relationship": "Outer", "Join Type": "Inner", "Startup Cost": 0.0, "Total Cost": 480296852.03, "Plan Rows": 53780, "Plan Width": 24, "Inner Unique": false, "Join Filter": "(public.supplier.s_suppkey = public.partsupp.ps_suppkey)", "Plans": [{"Node Type": "Seq Scan", "Parent Relationship": "Outer", "Relation Name": "partsupp", "Alias": "partsupp", "Startup Cost": 0.0, "Total Cost": 269987.72, "Plan Rows": 8000372, "Plan Width": 32}, {"Node Type": "Materialize", "Parent Relationship": "Inner", "Startup Cost": 0.0, "Total Cost": 4554.31, "Plan Rows": 4000, "Plan Width": 8, "Plans": [{"Node Type": "Nested Loop", "Parent Relationship": "Outer", "Join Type": "Inner", "Startup Cost": 0.0, "Total Cost": 4534.31, "Plan Rows": 4000, "Plan Width": 8, "Inner Unique": false, "Join Filter": "(public.supplier.s_nationkey = public.nation.n_nationkey)", "Plans": [{"Node Type": "Seq Scan", "Parent Relationship": "Outer", "Relation Name": "nation", "Alias": "nation", "Startup Cost": 0.0, "Total Cost": 1.31, "Plan Rows": 1, "Plan Width": 4, "Filter": "(n_name = 'MOZAMBIQUE'::bpchar)"}, {"Node Type": "Seq Scan", "Parent Relationship": "Inner", "Relation Name": "supplier", "Alias": "supplier", "Startup Cost": 0.0, "Total Cost": 3283.0, "Plan Rows": 100000, "Plan Width": 12}]}]}]}]}]}, "Unique SQL Id": 2932834211, "Planner Runtime": 0}, "explain_analyze_plan": null}, "(1, 59)": {"explain_plan": {"Plan": {"Node Type": "Sort", "Startup Cost": 6001104432332.89, "Total Cost": 6001104432467.34, "Plan Rows": 53780, "Plan Width": 40, "Sort Key": ["(sum((public.partsupp.ps_supplycost * (public.partsupp.ps_availqty)::double precision))) DESC"], "Plans": [{"Node Type": "Aggregate", "Strategy": "Plain", "Parent Relationship": "exec_init_plan", "Subplan Name": "InitPlan 1 (returns $0)", "Startup Cost": 3000580719437.25, "Total Cost": 3000580719437.27, "Plan Rows": 1, "Plan Width": 24, "Plans": [{"Node Type": "Nested Loop", "Parent Relationship": "Outer", "Join Type": "Inner", "Startup Cost": 30000000000.0, "Total Cost": 3000580719033.9, "Plan Rows": 53780, "Plan Width": 16, "Inner Unique": false, "Join Filter": "(public.supplier.s_suppkey = public.partsupp.ps_suppkey)", "Plans": [{"Node Type": "Index Scan", "Parent Relationship": "Outer", "Scan Direction": "Forward", "Index Name": "idx_partsupp_suppkey", "Relation Name": "partsupp", "Alias": "partsupp", "Startup Cost": 10000000000.0, "Total Cost": 1000100160480.77, "Plan Rows": 8000372, "Plan Width": 24}, {"Node Type": "Materialize", "Parent Relationship": "Inner", "Startup Cost": 20000000000.0, "Total Cost": 2000000536243.13, "Plan Rows": 4000, "Plan Width": 8, "Plans": [{"Node Type": "Nested Loop", "Parent Relationship": "Outer", "Join Type": "Inner", "Startup Cost": 20000000000.0, "Total Cost": 2000000536223.13, "Plan Rows": 4000, "Plan Width": 8, "Inner Unique": true, "Join Filter": "(public.supplier.s_nationkey = public.nation.n_nationkey)", "Plans": [{"Node Type": "Index Scan", "Parent Relationship": "Outer", "Scan Direction": "Forward", "Index Name": "supplier_pkey", "Relation Name": "supplier", "Alias": "supplier", "Startup Cost": 10000000000.0, "Total Cost": 1000000533454.38, "Plan Rows": 100000, "Plan Width": 12}, {"Node Type": "Materialize", "Parent Relationship": "Inner", "Startup Cost": 10000000000.0, "Total Cost": 1000000001268.76, "Plan Rows": 1, "Plan Width": 4, "Plans": [{"Node Type": "Index Scan", "Parent Relationship": "Outer", "Scan Direction": "Forward", "Index Name": "nation_pkey", "Relation Name": "nation", "Alias": "nation", "Startup Cost": 10000000000.0, "Total Cost": 1000000001268.75, "Plan Rows": 1, "Plan Width": 4, "Filter": "(n_name = 'MOZAMBIQUE'::bpchar)"}]}]}]}]}]}, {"Node Type": "Aggregate", "Strategy": "Sorted", "Parent Relationship": "Outer", "Startup Cost": 30000000000.0, "Total Cost": 3000523708669.92, "Plan Rows": 53780, "Plan Width": 40, "Group By Key": ["public.partsupp.ps_partkey"], "Filter": "(sum((public.partsupp.ps_supplycost * (public.partsupp.ps_availqty)::double precision)) > $0)", "Plans": [{"Node Type": "Nested Loop", "Parent Relationship": "Outer", "Join Type": "Inner", "Startup Cost": 30000000000.0, "Total Cost": 3000523707056.51, "Plan Rows": 53780, "Plan Width": 24, "Inner Unique": false, "Join Filter": "(public.supplier.s_suppkey = public.partsupp.ps_suppkey)", "Plans": [{"Node Type": "Index Scan", "Parent Relationship": "Outer", "Scan Direction": "Forward", "Index Name": "idx_partsupp_partkey", "Relation Name": "partsupp", "Alias": "partsupp", "Startup Cost": 10000000000.0, "Total Cost": 1000043148503.38, "Plan Rows": 8000372, "Plan Width": 32}, {"Node Type": "Materialize", "Parent Relationship": "Inner", "Startup Cost": 20000000000.0, "Total Cost": 2000000536243.13, "Plan Rows": 4000, "Plan Width": 8, "Plans": [{"Node Type": "Nested Loop", "Parent Relationship": "Outer", "Join Type": "Inner", "Startup Cost": 20000000000.0, "Total Cost": 2000000536223.13, "Plan Rows": 4000, "Plan Width": 8, "Inner Unique": true, "Join Filter": "(public.supplier.s_nationkey = public.nation.n_nationkey)", "Plans": [{"Node Type": "Index Scan", "Parent Relationship": "Outer", "Scan Direction": "Forward", "Index Name": "supplier_pkey", "Relation Name": "supplier", "Alias": "supplier", "Startup Cost": 10000000000.0, "Total Cost": 1000000533454.38, "Plan Rows": 100000, "Plan Width": 12}, {"Node Type": "Materialize", "Parent Relationship": "Inner", "Startup Cost": 10000000000.0, "Total Cost": 1000000001268.76, "Plan Rows": 1, "Plan Width": 4, "Plans": [{"Node Type": "Index Scan", "Parent Relationship": "Outer", "Scan Direction": "Forward", "Index Name": "nation_pkey", "Relation Name": "nation", "Alias": "nation", "Startup Cost": 10000000000.0, "Total Cost": 1000000001268.75, "Plan Rows": 1, "Plan Width": 4, "Filter": "(n_name = 'MOZAMBIQUE'::bpchar)"}]}]}]}]}]}]}, "Unique SQL Id": 2932834211, "Planner Runtime": 0}, "explain_analyze_plan": null}, "(1, 60)": {"explain_plan": {"Plan": {"Node Type": "Sort", "Startup Cost": 90959.03, "Total Cost": 91093.48, "Plan Rows": 53780, "Plan Width": 24, "Sort Key": ["(sum((public.partsupp.ps_supplycost * (public.partsupp.ps_availqty)::double precision))) DESC"], "Plans": [{"Node Type": "Aggregate", "Strategy": "Plain", "Parent Relationship": "exec_init_plan", "Subplan Name": "InitPlan 1 (returns $1)", "Startup Cost": 42761.63, "Total Cost": 42761.64, "Plan Rows": 1, "Plan Width": 24, "Plans": [{"Node Type": "Nested Loop", "Parent Relationship": "Outer", "Join Type": "Inner", "Startup Cost": 0.0, "Total Cost": 42358.28, "Plan Rows": 53780, "Plan Width": 16, "Inner Unique": false, "Plans": [{"Node Type": "Nested Loop", "Parent Relationship": "Outer", "Join Type": "Inner", "Startup Cost": 0.0, "Total Cost": 4534.31, "Plan Rows": 4000, "Plan Width": 8, "Inner Unique": false, "Join Filter": "(public.supplier.s_nationkey = public.nation.n_nationkey)", "Plans": [{"Node Type": "Seq Scan", "Parent Relationship": "Outer", "Relation Name": "nation", "Alias": "nation", "Startup Cost": 0.0, "Total Cost": 1.31, "Plan Rows": 1, "Plan Width": 4, "Filter": "(n_name = 'MOZAMBIQUE'::bpchar)"}, {"Node Type": "Seq Scan", "Parent Relationship": "Inner", "Relation Name": "supplier", "Alias": "supplier", "Startup Cost": 0.0, "Total Cost": 3283.0, "Plan Rows": 100000, "Plan Width": 12}]}, {"Node Type": "Index Scan", "Parent Relationship": "Inner", "Scan Direction": "Forward", "Index Name": "idx_partsupp_suppkey", "Relation Name": "partsupp", "Alias": "partsupp", "Startup Cost": 0.0, "Total Cost": 9.33, "Plan Rows": 13, "Plan Width": 24, "Index Cond": "(ps_suppkey = public.supplier.s_suppkey)"}]}]}, {"Node Type": "Aggregate", "Strategy": "Hashed", "Parent Relationship": "Outer", "Startup Cost": 43299.43, "Total Cost": 43971.68, "Plan Rows": 53780, "Plan Width": 24, "Group By Key": ["public.partsupp.ps_partkey"], "Filter": "(sum((public.partsupp.ps_supplycost * (public.partsupp.ps_availqty)::double precision)) > $1)", "Plans": [{"Node Type": "Nested Loop", "Parent Relationship": "Outer", "Join Type": "Inner", "Startup Cost": 0.0, "Total Cost": 42358.28, "Plan Rows": 53780, "Plan Width": 24, "Inner Unique": false, "Plans": [{"Node Type": "Nested Loop", "Parent Relationship": "Outer", "Join Type": "Inner", "Startup Cost": 0.0, "Total Cost": 4534.31, "Plan Rows": 4000, "Plan Width": 8, "Inner Unique": false, "Join Filter": "(public.supplier.s_nationkey = public.nation.n_nationkey)", "Plans": [{"Node Type": "Seq Scan", "Parent Relationship": "Outer", "Relation Name": "nation", "Alias": "nation", "Startup Cost": 0.0, "Total Cost": 1.31, "Plan Rows": 1, "Plan Width": 4, "Filter": "(n_name = 'MOZAMBIQUE'::bpchar)"}, {"Node Type": "Seq Scan", "Parent Relationship": "Inner", "Relation Name": "supplier", "Alias": "supplier", "Startup Cost": 0.0, "Total Cost": 3283.0, "Plan Rows": 100000, "Plan Width": 12}]}, {"Node Type": "Index Scan", "Parent Relationship": "Inner", "Scan Direction": "Forward", "Index Name": "idx_partsupp_suppkey", "Relation Name": "partsupp", "Alias": "partsupp", "Startup Cost": 0.0, "Total Cost": 9.33, "Plan Rows": 13, "Plan Width": 32, "Index Cond": "(ps_suppkey = public.supplier.s_suppkey)"}]}]}]}, "Unique SQL Id": 2932834211, "Planner Runtime": 0}, "explain_analyze_plan": {"Plan": {"Node Type": "Sort", "Startup Cost": 90959.03, "Total Cost": 91093.48, "Plan Rows": 53780, "Plan Width": 24, "Actual Startup Time": 1901.787, "Actual Total Time": 1901.787, "Actual Rows": 0, "Actual Loops": 1, "Sort Key": ["(sum((public.partsupp.ps_supplycost * (public.partsupp.ps_availqty)::double precision))) DESC"], "Sort Method": "quicksort", "Sort Space Used": 25, "Sort Space Type": "Memory", "Plans": [{"Node Type": "Aggregate", "Strategy": "Plain", "Parent Relationship": "exec_init_plan", "Subplan Name": "InitPlan 1 (returns $1)", "Startup Cost": 42761.63, "Total Cost": 42761.64, "Plan Rows": 1, "Plan Width": 24, "Actual Startup Time": 781.076, "Actual Total Time": 781.077, "Actual Rows": 1, "Actual Loops": 1, "Plans": [{"Node Type": "Nested Loop", "Parent Relationship": "Outer", "Join Type": "Inner", "Startup Cost": 0.0, "Total Cost": 42358.28, "Plan Rows": 53780, "Plan Width": 16, "Actual Startup Time": 0.079, "Actual Total Time": 645.841, "Actual Rows": 313920, "Actual Loops": 1, "Inner Unique": false, "Plans": [{"Node Type": "Nested Loop", "Parent Relationship": "Outer", "Join Type": "Inner", "Startup Cost": 0.0, "Total Cost": 4534.31, "Plan Rows": 4000, "Plan Width": 8, "Actual Startup Time": 0.058, "Actual Total Time": 51.134, "Actual Rows": 3924, "Actual Loops": 1, "Inner Unique": false, "Join Filter": "(public.supplier.s_nationkey = public.nation.n_nationkey)", "Rows Removed by Join Filter": 96076, "Plans": [{"Node Type": "Seq Scan", "Parent Relationship": "Outer", "Relation Name": "nation", "Alias": "nation", "Startup Cost": 0.0, "Total Cost": 1.31, "Plan Rows": 1, "Plan Width": 4, "Actual Startup Time": 0.021, "Actual Total Time": 0.028, "Actual Rows": 1, "Actual Loops": 1, "Filter": "(n_name = 'MOZAMBIQUE'::bpchar)", "Rows Removed by Filter": 24}, {"Node Type": "Seq Scan", "Parent Relationship": "Inner", "Relation Name": "supplier", "Alias": "supplier", "Startup Cost": 0.0, "Total Cost": 3283.0, "Plan Rows": 100000, "Plan Width": 12, "Actual Startup Time": 0.013, "Actual Total Time": 27.601, "Actual Rows": 100000, "Actual Loops": 1}]}, {"Node Type": "Index Scan", "Parent Relationship": "Inner", "Scan Direction": "Forward", "Index Name": "idx_partsupp_suppkey", "Relation Name": "partsupp", "Alias": "partsupp", "Startup Cost": 0.0, "Total Cost": 9.33, "Plan Rows": 13, "Plan Width": 24, "Actual Startup Time": 43.676, "Actual Total Time": 527.173, "Actual Rows": 313920, "Actual Loops": 3924, "Index Cond": "(ps_suppkey = public.supplier.s_suppkey)", "Rows Removed by Index Recheck": 0}]}]}, {"Node Type": "Aggregate", "Strategy": "Hashed", "Parent Relationship": "Outer", "Startup Cost": 43299.43, "Total Cost": 43971.68, "Plan Rows": 53780, "Plan Width": 24, "Actual Startup Time": 1901.38, "Actual Total Time": 1901.38, "Actual Rows": 0, "Actual Loops": 1, "Group By Key": ["public.partsupp.ps_partkey"], "Filter": "(sum((public.partsupp.ps_supplycost * (public.partsupp.ps_availqty)::double precision)) > $1)", "Rows Removed by Filter": 295792, "Plans": [{"Node Type": "Nested Loop", "Parent Relationship": "Outer", "Join Type": "Inner", "Startup Cost": 0.0, "Total Cost": 42358.28, "Plan Rows": 53780, "Plan Width": 24, "Actual Startup Time": 0.083, "Actual Total Time": 724.307, "Actual Rows": 313920, "Actual Loops": 1, "Inner Unique": false, "Plans": [{"Node Type": "Nested Loop", "Parent Relationship": "Outer", "Join Type": "Inner", "Startup Cost": 0.0, "Total Cost": 4534.31, "Plan Rows": 4000, "Plan Width": 8, "Actual Startup Time": 0.057, "Actual Total Time": 52.925, "Actual Rows": 3924, "Actual Loops": 1, "Inner Unique": false, "Join Filter": "(public.supplier.s_nationkey = public.nation.n_nationkey)", "Rows Removed by Join Filter": 96076, "Plans": [{"Node Type": "Seq Scan", "Parent Relationship": "Outer", "Relation Name": "nation", "Alias": "nation", "Startup Cost": 0.0, "Total Cost": 1.31, "Plan Rows": 1, "Plan Width": 4, "Actual Startup Time": 0.029, "Actual Total Time": 0.037, "Actual Rows": 1, "Actual Loops": 1, "Filter": "(n_name = 'MOZAMBIQUE'::bpchar)", "Rows Removed by Filter": 24}, {"Node Type": "Seq Scan", "Parent Relationship": "Inner", "Relation Name": "supplier", "Alias": "supplier", "Startup Cost": 0.0, "Total Cost": 3283.0, "Plan Rows": 100000, "Plan Width": 12, "Actual Startup Time": 0.01, "Actual Total Time": 29.091, "Actual Rows": 100000, "Actual Loops": 1}]}, {"Node Type": "Index Scan", "Parent Relationship": "Inner", "Scan Direction": "Forward", "Index Name": "idx_partsupp_suppkey", "Relation Name": "partsupp", "Alias": "partsupp", "Startup Cost": 0.0, "Total Cost": 9.33, "Plan Rows": 13, "Plan Width": 32, "Actual Startup Time": 47.997, "Actual Total Time": 598.957, "Actual Rows": 313920, "Actual Loops": 3924, "Index Cond": "(ps_suppkey = public.supplier.s_suppkey)", "Rows Removed by Index Recheck": 0}]}]}]}, "Triggers": [], "Planner Runtime": 0, "Total Runtime": 1902.054, "Unique SQL Id": 2932834211}}, "(1, 61)": {"explain_plan": {"Plan": {"Node Type": "Sort", "Startup Cost": 95084.87, "Total Cost": 95219.32, "Plan Rows": 53780, "Plan Width": 24, "Sort Key": ["(sum((public.partsupp.ps_supplycost * (public.partsupp.ps_availqty)::double precision))) DESC"], "Plans": [{"Node Type": "Aggregate", "Strategy": "Plain", "Parent Relationship": "exec_init_plan", "Subplan Name": "InitPlan 1 (returns $1)", "Startup Cost": 44824.55, "Total Cost": 44824.56, "Plan Rows": 1, "Plan Width": 24, "Plans": [{"Node Type": "Nested Loop", "Parent Relationship": "Outer", "Join Type": "Inner", "Startup Cost": 0.0, "Total Cost": 44421.2, "Plan Rows": 53780, "Plan Width": 16, "Inner Unique": false, "Plans": [{"Node Type": "Nested Loop", "Parent Relationship": "Outer", "Join Type": "Inner", "Startup Cost": 0.0, "Total Cost": 6597.23, "Plan Rows": 4000, "Plan Width": 8, "Inner Unique": false, "Join Filter": "(public.supplier.s_nationkey = public.nation.n_nationkey)", "Plans": [{"Node Type": "Index Scan", "Parent Relationship": "Outer", "Scan Direction": "Forward", "Index Name": "nation_pkey", "Relation Name": "nation", "Alias": "nation", "Startup Cost": 0.0, "Total Cost": 12.69, "Plan Rows": 1, "Plan Width": 4, "Filter": "(n_name = 'MOZAMBIQUE'::bpchar)"}, {"Node Type": "Index Scan", "Parent Relationship": "Inner", "Scan Direction": "Forward", "Index Name": "supplier_pkey", "Relation Name": "supplier", "Alias": "supplier", "Startup Cost": 0.0, "Total Cost": 5334.54, "Plan Rows": 100000, "Plan Width": 12}]}, {"Node Type": "Index Scan", "Parent Relationship": "Inner", "Scan Direction": "Forward", "Index Name": "idx_partsupp_suppkey", "Relation Name": "partsupp", "Alias": "partsupp", "Startup Cost": 0.0, "Total Cost": 9.33, "Plan Rows": 13, "Plan Width": 24, "Index Cond": "(ps_suppkey = public.supplier.s_suppkey)"}]}]}, {"Node Type": "Aggregate", "Strategy": "Hashed", "Parent Relationship": "Outer", "Startup Cost": 45362.35, "Total Cost": 46034.6, "Plan Rows": 53780, "Plan Width": 24, "Group By Key": ["public.partsupp.ps_partkey"], "Filter": "(sum((public.partsupp.ps_supplycost * (public.partsupp.ps_availqty)::double precision)) > $1)", "Plans": [{"Node Type": "Nested Loop", "Parent Relationship": "Outer", "Join Type": "Inner", "Startup Cost": 0.0, "Total Cost": 44421.2, "Plan Rows": 53780, "Plan Width": 24, "Inner Unique": false, "Plans": [{"Node Type": "Nested Loop", "Parent Relationship": "Outer", "Join Type": "Inner", "Startup Cost": 0.0, "Total Cost": 6597.23, "Plan Rows": 4000, "Plan Width": 8, "Inner Unique": false, "Join Filter": "(public.supplier.s_nationkey = public.nation.n_nationkey)", "Plans": [{"Node Type": "Index Scan", "Parent Relationship": "Outer", "Scan Direction": "Forward", "Index Name": "nation_pkey", "Relation Name": "nation", "Alias": "nation", "Startup Cost": 0.0, "Total Cost": 12.69, "Plan Rows": 1, "Plan Width": 4, "Filter": "(n_name = 'MOZAMBIQUE'::bpchar)"}, {"Node Type": "Index Scan", "Parent Relationship": "Inner", "Scan Direction": "Forward", "Index Name": "supplier_pkey", "Relation Name": "supplier", "Alias": "supplier", "Startup Cost": 0.0, "Total Cost": 5334.54, "Plan Rows": 100000, "Plan Width": 12}]}, {"Node Type": "Index Scan", "Parent Relationship": "Inner", "Scan Direction": "Forward", "Index Name": "idx_partsupp_suppkey", "Relation Name": "partsupp", "Alias": "partsupp", "Startup Cost": 0.0, "Total Cost": 9.33, "Plan Rows": 13, "Plan Width": 32, "Index Cond": "(ps_suppkey = public.supplier.s_suppkey)"}]}]}]}, "Unique SQL Id": 2932834211, "Planner Runtime": 0}, "explain_analyze_plan": {"Plan": {"Node Type": "Sort", "Startup Cost": 95084.87, "Total Cost": 95219.32, "Plan Rows": 53780, "Plan Width": 24, "Actual Startup Time": 2162.535, "Actual Total Time": 2162.535, "Actual Rows": 0, "Actual Loops": 1, "Sort Key": ["(sum((public.partsupp.ps_supplycost * (public.partsupp.ps_availqty)::double precision))) DESC"], "Sort Method": "quicksort", "Sort Space Used": 25, "Sort Space Type": "Memory", "Plans": [{"Node Type": "Aggregate", "Strategy": "Plain", "Parent Relationship": "exec_init_plan", "Subplan Name": "InitPlan 1 (returns $1)", "Startup Cost": 44824.55, "Total Cost": 44824.56, "Plan Rows": 1, "Plan Width": 24, "Actual Startup Time": 949.076, "Actual Total Time": 949.076, "Actual Rows": 1, "Actual Loops": 1, "Plans": [{"Node Type": "Nested Loop", "Parent Relationship": "Outer", "Join Type": "Inner", "Startup Cost": 0.0, "Total Cost": 44421.2, "Plan Rows": 53780, "Plan Width": 16, "Actual Startup Time": 0.086, "Actual Total Time": 814.338, "Actual Rows": 313920, "Actual Loops": 1, "Inner Unique": false, "Plans": [{"Node Type": "Nested Loop", "Parent Relationship": "Outer", "Join Type": "Inner", "Startup Cost": 0.0, "Total Cost": 6597.23, "Plan Rows": 4000, "Plan Width": 8, "Actual Startup Time": 0.069, "Actual Total Time": 88.722, "Actual Rows": 3924, "Actual Loops": 1, "Inner Unique": false, "Join Filter": "(public.supplier.s_nationkey = public.nation.n_nationkey)", "Rows Removed by Join Filter": 96076, "Plans": [{"Node Type": "Index Scan", "Parent Relationship": "Outer", "Scan Direction": "Forward", "Index Name": "nation_pkey", "Relation Name": "nation", "Alias": "nation", "Startup Cost": 0.0, "Total Cost": 12.69, "Plan Rows": 1, "Plan Width": 4, "Actual Startup Time": 0.028, "Actual Total Time": 0.043, "Actual Rows": 1, "Actual Loops": 1, "Filter": "(n_name = 'MOZAMBIQUE'::bpchar)", "Rows Removed by Filter": 24}, {"Node Type": "Index Scan", "Parent Relationship": "Inner", "Scan Direction": "Forward", "Index Name": "supplier_pkey", "Relation Name": "supplier", "Alias": "supplier", "Startup Cost": 0.0, "Total Cost": 5334.54, "Plan Rows": 100000, "Plan Width": 12, "Actual Startup Time": 0.023, "Actual Total Time": 65.141, "Actual Rows": 100000, "Actual Loops": 1}]}, {"Node Type": "Index Scan", "Parent Relationship": "Inner", "Scan Direction": "Forward", "Index Name": "idx_partsupp_suppkey", "Relation Name": "partsupp", "Alias": "partsupp", "Startup Cost": 0.0, "Total Cost": 9.33, "Plan Rows": 13, "Plan Width": 24, "Actual Startup Time": 50.675, "Actual Total Time": 658.309, "Actual Rows": 313920, "Actual Loops": 3924, "Index Cond": "(ps_suppkey = public.supplier.s_suppkey)", "Rows Removed by Index Recheck": 0}]}]}, {"Node Type": "Aggregate", "Strategy": "Hashed", "Parent Relationship": "Outer", "Startup Cost": 45362.35, "Total Cost": 46034.6, "Plan Rows": 53780, "Plan Width": 24, "Actual Startup Time": 2162.027, "Actual Total Time": 2162.027, "Actual Rows": 0, "Actual Loops": 1, "Group By Key": ["public.partsupp.ps_partkey"], "Filter": "(sum((public.partsupp.ps_supplycost * (public.partsupp.ps_availqty)::double precision)) > $1)", "Rows Removed by Filter": 295792, "Plans": [{"Node Type": "Nested Loop", "Parent Relationship": "Outer", "Join Type": "Inner", "Startup Cost": 0.0, "Total Cost": 44421.2, "Plan Rows": 53780, "Plan Width": 24, "Actual Startup Time": 0.087, "Actual Total Time": 782.455, "Actual Rows": 313920, "Actual Loops": 1, "Inner Unique": false, "Plans": [{"Node Type": "Nested Loop", "Parent Relationship": "Outer", "Join Type": "Inner", "Startup Cost": 0.0, "Total Cost": 6597.23, "Plan Rows": 4000, "Plan Width": 8, "Actual Startup Time": 0.069, "Actual Total Time": 85.458, "Actual Rows": 3924, "Actual Loops": 1, "Inner Unique": false, "Join Filter": "(public.supplier.s_nationkey = public.nation.n_nationkey)", "Rows Removed by Join Filter": 96076, "Plans": [{"Node Type": "Index Scan", "Parent Relationship": "Outer", "Scan Direction": "Forward", "Index Name": "nation_pkey", "Relation Name": "nation", "Alias": "nation", "Startup Cost": 0.0, "Total Cost": 12.69, "Plan Rows": 1, "Plan Width": 4, "Actual Startup Time": 0.031, "Actual Total Time": 0.043, "Actual Rows": 1, "Actual Loops": 1, "Filter": "(n_name = 'MOZAMBIQUE'::bpchar)", "Rows Removed by Filter": 24}, {"Node Type": "Index Scan", "Parent Relationship": "Inner", "Scan Direction": "Forward", "Index Name": "supplier_pkey", "Relation Name": "supplier", "Alias": "supplier", "Startup Cost": 0.0, "Total Cost": 5334.54, "Plan Rows": 100000, "Plan Width": 12, "Actual Startup Time": 0.017, "Actual Total Time": 61.468, "Actual Rows": 100000, "Actual Loops": 1}]}, {"Node Type": "Index Scan", "Parent Relationship": "Inner", "Scan Direction": "Forward", "Index Name": "idx_partsupp_suppkey", "Relation Name": "partsupp", "Alias": "partsupp", "Startup Cost": 0.0, "Total Cost": 9.33, "Plan Rows": 13, "Plan Width": 32, "Actual Startup Time": 48.514, "Actual Total Time": 624.878, "Actual Rows": 313920, "Actual Loops": 3924, "Index Cond": "(ps_suppkey = public.supplier.s_suppkey)", "Rows Removed by Index Recheck": 0}]}]}]}, "Triggers": [], "Planner Runtime": 0, "Total Runtime": 2162.804, "Unique SQL Id": 2932834211}}, "(1, 62)": {"explain_plan": {"Plan": {"Node Type": "Sort", "Startup Cost": 960599946.53, "Total Cost": 960600080.98, "Plan Rows": 53780, "Plan Width": 24, "Sort Key": ["(sum((public.partsupp.ps_supplycost * (public.partsupp.ps_availqty)::double precision))) DESC"], "Plans": [{"Node Type": "Aggregate", "Strategy": "Plain", "Parent Relationship": "exec_init_plan", "Subplan Name": "InitPlan 1 (returns $0)", "Startup Cost": 480297255.38, "Total Cost": 480297255.4, "Plan Rows": 1, "Plan Width": 24, "Plans": [{"Node Type": "Nested Loop", "Parent Relationship": "Outer", "Join Type": "Inner", "Startup Cost": 0.0, "Total Cost": 480296852.03, "Plan Rows": 53780, "Plan Width": 16, "Inner Unique": false, "Join Filter": "(public.supplier.s_suppkey = public.partsupp.ps_suppkey)", "Plans": [{"Node Type": "Seq Scan", "Parent Relationship": "Outer", "Relation Name": "partsupp", "Alias": "partsupp", "Startup Cost": 0.0, "Total Cost": 269987.72, "Plan Rows": 8000372, "Plan Width": 24}, {"Node Type": "Materialize", "Parent Relationship": "Inner", "Startup Cost": 0.0, "Total Cost": 4554.31, "Plan Rows": 4000, "Plan Width": 8, "Plans": [{"Node Type": "Nested Loop", "Parent Relationship": "Outer", "Join Type": "Inner", "Startup Cost": 0.0, "Total Cost": 4534.31, "Plan Rows": 4000, "Plan Width": 8, "Inner Unique": false, "Join Filter": "(public.supplier.s_nationkey = public.nation.n_nationkey)", "Plans": [{"Node Type": "Seq Scan", "Parent Relationship": "Outer", "Relation Name": "nation", "Alias": "nation", "Startup Cost": 0.0, "Total Cost": 1.31, "Plan Rows": 1, "Plan Width": 4, "Filter": "(n_name = 'MOZAMBIQUE'::bpchar)"}, {"Node Type": "Seq Scan", "Parent Relationship": "Inner", "Relation Name": "supplier", "Alias": "supplier", "Startup Cost": 0.0, "Total Cost": 3283.0, "Plan Rows": 100000, "Plan Width": 12}]}]}]}]}, {"Node Type": "Aggregate", "Strategy": "Hashed", "Parent Relationship": "Outer", "Startup Cost": 480297793.18, "Total Cost": 480298465.43, "Plan Rows": 53780, "Plan Width": 24, "Group By Key": ["public.partsupp.ps_partkey"], "Filter": "(sum((public.partsupp.ps_supplycost * (public.partsupp.ps_availqty)::double precision)) > $0)", "Plans": [{"Node Type": "Nested Loop", "Parent Relationship": "Outer", "Join Type": "Inner", "Startup Cost": 0.0, "Total Cost": 480296852.03, "Plan Rows": 53780, "Plan Width": 24, "Inner Unique": false, "Join Filter": "(public.supplier.s_suppkey = public.partsupp.ps_suppkey)", "Plans": [{"Node Type": "Seq Scan", "Parent Relationship": "Outer", "Relation Name": "partsupp", "Alias": "partsupp", "Startup Cost": 0.0, "Total Cost": 269987.72, "Plan Rows": 8000372, "Plan Width": 32}, {"Node Type": "Materialize", "Parent Relationship": "Inner", "Startup Cost": 0.0, "Total Cost": 4554.31, "Plan Rows": 4000, "Plan Width": 8, "Plans": [{"Node Type": "Nested Loop", "Parent Relationship": "Outer", "Join Type": "Inner", "Startup Cost": 0.0, "Total Cost": 4534.31, "Plan Rows": 4000, "Plan Width": 8, "Inner Unique": false, "Join Filter": "(public.supplier.s_nationkey = public.nation.n_nationkey)", "Plans": [{"Node Type": "Seq Scan", "Parent Relationship": "Outer", "Relation Name": "nation", "Alias": "nation", "Startup Cost": 0.0, "Total Cost": 1.31, "Plan Rows": 1, "Plan Width": 4, "Filter": "(n_name = 'MOZAMBIQUE'::bpchar)"}, {"Node Type": "Seq Scan", "Parent Relationship": "Inner", "Relation Name": "supplier", "Alias": "supplier", "Startup Cost": 0.0, "Total Cost": 3283.0, "Plan Rows": 100000, "Plan Width": 12}]}]}]}]}]}, "Unique SQL Id": 2932834211, "Planner Runtime": 0}, "explain_analyze_plan": null}, "(1, 63)": {"explain_plan": {"Plan": {"Node Type": "Sort", "Startup Cost": 6001104432332.89, "Total Cost": 6001104432467.34, "Plan Rows": 53780, "Plan Width": 40, "Sort Key": ["(sum((public.partsupp.ps_supplycost * (public.partsupp.ps_availqty)::double precision))) DESC"], "Plans": [{"Node Type": "Aggregate", "Strategy": "Plain", "Parent Relationship": "exec_init_plan", "Subplan Name": "InitPlan 1 (returns $0)", "Startup Cost": 3000580719437.25, "Total Cost": 3000580719437.27, "Plan Rows": 1, "Plan Width": 24, "Plans": [{"Node Type": "Nested Loop", "Parent Relationship": "Outer", "Join Type": "Inner", "Startup Cost": 30000000000.0, "Total Cost": 3000580719033.9, "Plan Rows": 53780, "Plan Width": 16, "Inner Unique": false, "Join Filter": "(public.supplier.s_suppkey = public.partsupp.ps_suppkey)", "Plans": [{"Node Type": "Index Scan", "Parent Relationship": "Outer", "Scan Direction": "Forward", "Index Name": "idx_partsupp_suppkey", "Relation Name": "partsupp", "Alias": "partsupp", "Startup Cost": 10000000000.0, "Total Cost": 1000100160480.77, "Plan Rows": 8000372, "Plan Width": 24}, {"Node Type": "Materialize", "Parent Relationship": "Inner", "Startup Cost": 20000000000.0, "Total Cost": 2000000536243.13, "Plan Rows": 4000, "Plan Width": 8, "Plans": [{"Node Type": "Nested Loop", "Parent Relationship": "Outer", "Join Type": "Inner", "Startup Cost": 20000000000.0, "Total Cost": 2000000536223.13, "Plan Rows": 4000, "Plan Width": 8, "Inner Unique": true, "Join Filter": "(public.supplier.s_nationkey = public.nation.n_nationkey)", "Plans": [{"Node Type": "Index Scan", "Parent Relationship": "Outer", "Scan Direction": "Forward", "Index Name": "supplier_pkey", "Relation Name": "supplier", "Alias": "supplier", "Startup Cost": 10000000000.0, "Total Cost": 1000000533454.38, "Plan Rows": 100000, "Plan Width": 12}, {"Node Type": "Materialize", "Parent Relationship": "Inner", "Startup Cost": 10000000000.0, "Total Cost": 1000000001268.76, "Plan Rows": 1, "Plan Width": 4, "Plans": [{"Node Type": "Index Scan", "Parent Relationship": "Outer", "Scan Direction": "Forward", "Index Name": "nation_pkey", "Relation Name": "nation", "Alias": "nation", "Startup Cost": 10000000000.0, "Total Cost": 1000000001268.75, "Plan Rows": 1, "Plan Width": 4, "Filter": "(n_name = 'MOZAMBIQUE'::bpchar)"}]}]}]}]}]}, {"Node Type": "Aggregate", "Strategy": "Sorted", "Parent Relationship": "Outer", "Startup Cost": 30000000000.0, "Total Cost": 3000523708669.92, "Plan Rows": 53780, "Plan Width": 40, "Group By Key": ["public.partsupp.ps_partkey"], "Filter": "(sum((public.partsupp.ps_supplycost * (public.partsupp.ps_availqty)::double precision)) > $0)", "Plans": [{"Node Type": "Nested Loop", "Parent Relationship": "Outer", "Join Type": "Inner", "Startup Cost": 30000000000.0, "Total Cost": 3000523707056.51, "Plan Rows": 53780, "Plan Width": 24, "Inner Unique": false, "Join Filter": "(public.supplier.s_suppkey = public.partsupp.ps_suppkey)", "Plans": [{"Node Type": "Index Scan", "Parent Relationship": "Outer", "Scan Direction": "Forward", "Index Name": "idx_partsupp_partkey", "Relation Name": "partsupp", "Alias": "partsupp", "Startup Cost": 10000000000.0, "Total Cost": 1000043148503.38, "Plan Rows": 8000372, "Plan Width": 32}, {"Node Type": "Materialize", "Parent Relationship": "Inner", "Startup Cost": 20000000000.0, "Total Cost": 2000000536243.13, "Plan Rows": 4000, "Plan Width": 8, "Plans": [{"Node Type": "Nested Loop", "Parent Relationship": "Outer", "Join Type": "Inner", "Startup Cost": 20000000000.0, "Total Cost": 2000000536223.13, "Plan Rows": 4000, "Plan Width": 8, "Inner Unique": true, "Join Filter": "(public.supplier.s_nationkey = public.nation.n_nationkey)", "Plans": [{"Node Type": "Index Scan", "Parent Relationship": "Outer", "Scan Direction": "Forward", "Index Name": "supplier_pkey", "Relation Name": "supplier", "Alias": "supplier", "Startup Cost": 10000000000.0, "Total Cost": 1000000533454.38, "Plan Rows": 100000, "Plan Width": 12}, {"Node Type": "Materialize", "Parent Relationship": "Inner", "Startup Cost": 10000000000.0, "Total Cost": 1000000001268.76, "Plan Rows": 1, "Plan Width": 4, "Plans": [{"Node Type": "Index Scan", "Parent Relationship": "Outer", "Scan Direction": "Forward", "Index Name": "nation_pkey", "Relation Name": "nation", "Alias": "nation", "Startup Cost": 10000000000.0, "Total Cost": 1000000001268.75, "Plan Rows": 1, "Plan Width": 4, "Filter": "(n_name = 'MOZAMBIQUE'::bpchar)"}]}]}]}]}]}]}, "Unique SQL Id": 2932834211, "Planner Runtime": 0}, "explain_analyze_plan": null}, "(1, 64)": {"explain_plan": {"Plan": {"Node Type": "Sort", "Startup Cost": 86957.11, "Total Cost": 87091.56, "Plan Rows": 53780, "Plan Width": 24, "Sort Key": ["(sum((public.partsupp.ps_supplycost * (public.partsupp.ps_availqty)::double precision))) DESC"], "Plans": [{"Node Type": "Aggregate", "Strategy": "Plain", "Parent Relationship": "exec_init_plan", "Subplan Name": "InitPlan 1 (returns $2)", "Startup Cost": 40760.67, "Total Cost": 40760.68, "Plan Rows": 1, "Plan Width": 24, "Plans": [{"Node Type": "Nested Loop", "Parent Relationship": "Outer", "Join Type": "Inner", "Startup Cost": 95.25, "Total Cost": 40357.32, "Plan Rows": 53780, "Plan Width": 16, "Inner Unique": false, "Plans": [{"Node Type": "Nested Loop", "Parent Relationship": "Outer", "Join Type": "Inner", "Startup Cost": 95.25, "Total Cost": 2533.35, "Plan Rows": 4000, "Plan Width": 8, "Inner Unique": false, "Plans": [{"Node Type": "Seq Scan", "Parent Relationship": "Outer", "Relation Name": "nation", "Alias": "nation", "Startup Cost": 0.0, "Total Cost": 1.31, "Plan Rows": 1, "Plan Width": 4, "Filter": "(n_name = 'MOZAMBIQUE'::bpchar)"}, {"Node Type": "Bitmap Heap Scan", "Parent Relationship": "Inner", "Relation Name": "supplier", "Alias": "supplier", "Startup Cost": 95.25, "Total Cost": 2492.04, "Plan Rows": 4000, "Plan Width": 12, "Recheck Cond": "(s_nationkey = public.nation.n_nationkey)", "Plans": [{"Node Type": "Bitmap Index Scan", "Parent Relationship": "Outer", "Index Name": "idx_supplier_nation_key", "Startup Cost": 0.0, "Total Cost": 94.25, "Plan Rows": 4000, "Plan Width": 0, "Index Cond": "(s_nationkey = public.nation.n_nationkey)"}]}]}, {"Node Type": "Index Scan", "Parent Relationship": "Inner", "Scan Direction": "Forward", "Index Name": "idx_partsupp_suppkey", "Relation Name": "partsupp", "Alias": "partsupp", "Startup Cost": 0.0, "Total Cost": 9.33, "Plan Rows": 13, "Plan Width": 24, "Index Cond": "(ps_suppkey = public.supplier.s_suppkey)"}]}]}, {"Node Type": "Aggregate", "Strategy": "Hashed", "Parent Relationship": "Outer", "Startup Cost": 41298.47, "Total Cost": 41970.72, "Plan Rows": 53780, "Plan Width": 24, "Group By Key": ["public.partsupp.ps_partkey"], "Filter": "(sum((public.partsupp.ps_supplycost * (public.partsupp.ps_availqty)::double precision)) > $2)", "Plans": [{"Node Type": "Nested Loop", "Parent Relationship": "Outer", "Join Type": "Inner", "Startup Cost": 95.25, "Total Cost": 40357.32, "Plan Rows": 53780, "Plan Width": 24, "Inner Unique": false, "Plans": [{"Node Type": "Nested Loop", "Parent Relationship": "Outer", "Join Type": "Inner", "Startup Cost": 95.25, "Total Cost": 2533.35, "Plan Rows": 4000, "Plan Width": 8, "Inner Unique": false, "Plans": [{"Node Type": "Seq Scan", "Parent Relationship": "Outer", "Relation Name": "nation", "Alias": "nation", "Startup Cost": 0.0, "Total Cost": 1.31, "Plan Rows": 1, "Plan Width": 4, "Filter": "(n_name = 'MOZAMBIQUE'::bpchar)"}, {"Node Type": "Bitmap Heap Scan", "Parent Relationship": "Inner", "Relation Name": "supplier", "Alias": "supplier", "Startup Cost": 95.25, "Total Cost": 2492.04, "Plan Rows": 4000, "Plan Width": 12, "Recheck Cond": "(s_nationkey = public.nation.n_nationkey)", "Plans": [{"Node Type": "Bitmap Index Scan", "Parent Relationship": "Outer", "Index Name": "idx_supplier_nation_key", "Startup Cost": 0.0, "Total Cost": 94.25, "Plan Rows": 4000, "Plan Width": 0, "Index Cond": "(s_nationkey = public.nation.n_nationkey)"}]}]}, {"Node Type": "Index Scan", "Parent Relationship": "Inner", "Scan Direction": "Forward", "Index Name": "idx_partsupp_suppkey", "Relation Name": "partsupp", "Alias": "partsupp", "Startup Cost": 0.0, "Total Cost": 9.33, "Plan Rows": 13, "Plan Width": 32, "Index Cond": "(ps_suppkey = public.supplier.s_suppkey)"}]}]}]}, "Unique SQL Id": 2932834211, "Planner Runtime": 1}, "explain_analyze_plan": {"Plan": {"Node Type": "Sort", "Startup Cost": 86957.11, "Total Cost": 87091.56, "Plan Rows": 53780, "Plan Width": 24, "Actual Startup Time": 1860.176, "Actual Total Time": 1860.176, "Actual Rows": 0, "Actual Loops": 1, "Sort Key": ["(sum((public.partsupp.ps_supplycost * (public.partsupp.ps_availqty)::double precision))) DESC"], "Sort Method": "quicksort", "Sort Space Used": 25, "Sort Space Type": "Memory", "Plans": [{"Node Type": "Aggregate", "Strategy": "Plain", "Parent Relationship": "exec_init_plan", "Subplan Name": "InitPlan 1 (returns $2)", "Startup Cost": 40760.67, "Total Cost": 40760.68, "Plan Rows": 1, "Plan Width": 24, "Actual Startup Time": 807.27, "Actual Total Time": 807.27, "Actual Rows": 1, "Actual Loops": 1, "Plans": [{"Node Type": "Nested Loop", "Parent Relationship": "Outer", "Join Type": "Inner", "Startup Cost": 95.25, "Total Cost": 40357.32, "Plan Rows": 53780, "Plan Width": 16, "Actual Startup Time": 0.965, "Actual Total Time": 672.642, "Actual Rows": 313920, "Actual Loops": 1, "Inner Unique": false, "Plans": [{"Node Type": "Nested Loop", "Parent Relationship": "Outer", "Join Type": "Inner", "Startup Cost": 95.25, "Total Cost": 2533.35, "Plan Rows": 4000, "Plan Width": 8, "Actual Startup Time": 0.942, "Actual Total Time": 8.242, "Actual Rows": 3924, "Actual Loops": 1, "Inner Unique": false, "Plans": [{"Node Type": "Seq Scan", "Parent Relationship": "Outer", "Relation Name": "nation", "Alias": "nation", "Startup Cost": 0.0, "Total Cost": 1.31, "Plan Rows": 1, "Plan Width": 4, "Actual Startup Time": 0.022, "Actual Total Time": 0.034, "Actual Rows": 1, "Actual Loops": 1, "Filter": "(n_name = 'MOZAMBIQUE'::bpchar)", "Rows Removed by Filter": 24}, {"Node Type": "Bitmap Heap Scan", "Parent Relationship": "Inner", "Relation Name": "supplier", "Alias": "supplier", "Startup Cost": 95.25, "Total Cost": 2492.04, "Plan Rows": 4000, "Plan Width": 12, "Actual Startup Time": 0.902, "Actual Total Time": 7.218, "Actual Rows": 3924, "Actual Loops": 1, "Recheck Cond": "(s_nationkey = public.nation.n_nationkey)", "Rows Removed by Index Recheck": 0, "Exact Heap Blocks": 1895, "Lossy Heap Blocks": 1895, "Plans": [{"Node Type": "Bitmap Index Scan", "Parent Relationship": "Outer", "Index Name": "idx_supplier_nation_key", "Startup Cost": 0.0, "Total Cost": 94.25, "Plan Rows": 4000, "Plan Width": 0, "Actual Startup Time": 0.624, "Actual Total Time": 0.624, "Actual Rows": 3924, "Actual Loops": 1, "Index Cond": "(s_nationkey = public.nation.n_nationkey)"}]}]}, {"Node Type": "Index Scan", "Parent Relationship": "Inner", "Scan Direction": "Forward", "Index Name": "idx_partsupp_suppkey", "Relation Name": "partsupp", "Alias": "partsupp", "Startup Cost": 0.0, "Total Cost": 9.33, "Plan Rows": 13, "Plan Width": 24, "Actual Startup Time": 47.388, "Actual Total Time": 597.413, "Actual Rows": 313920, "Actual Loops": 3924, "Index Cond": "(ps_suppkey = public.supplier.s_suppkey)", "Rows Removed by Index Recheck": 0}]}]}, {"Node Type": "Aggregate", "Strategy": "Hashed", "Parent Relationship": "Outer", "Startup Cost": 41298.47, "Total Cost": 41970.72, "Plan Rows": 53780, "Plan Width": 24, "Actual Startup Time": 1859.631, "Actual Total Time": 1859.631, "Actual Rows": 0, "Actual Loops": 1, "Group By Key": ["public.partsupp.ps_partkey"], "Filter": "(sum((public.partsupp.ps_supplycost * (public.partsupp.ps_availqty)::double precision)) > $2)", "Rows Removed by Filter": 295792, "Plans": [{"Node Type": "Nested Loop", "Parent Relationship": "Outer", "Join Type": "Inner", "Startup Cost": 95.25, "Total Cost": 40357.32, "Plan Rows": 53780, "Plan Width": 24, "Actual Startup Time": 0.962, "Actual Total Time": 624.76, "Actual Rows": 313920, "Actual Loops": 1, "Inner Unique": false, "Plans": [{"Node Type": "Nested Loop", "Parent Relationship": "Outer", "Join Type": "Inner", "Startup Cost": 95.25, "Total Cost": 2533.35, "Plan Rows": 4000, "Plan Width": 8, "Actual Startup Time": 0.938, "Actual Total Time": 7.852, "Actual Rows": 3924, "Actual Loops": 1, "Inner Unique": false, "Plans": [{"Node Type": "Seq Scan", "Parent Relationship": "Outer", "Relation Name": "nation", "Alias": "nation", "Startup Cost": 0.0, "Total Cost": 1.31, "Plan Rows": 1, "Plan Width": 4, "Actual Startup Time": 0.03, "Actual Total Time": 0.042, "Actual Rows": 1, "Actual Loops": 1, "Filter": "(n_name = 'MOZAMBIQUE'::bpchar)", "Rows Removed by Filter": 24}, {"Node Type": "Bitmap Heap Scan", "Parent Relationship": "Inner", "Relation Name": "supplier", "Alias": "supplier", "Startup Cost": 95.25, "Total Cost": 2492.04, "Plan Rows": 4000, "Plan Width": 12, "Actual Startup Time": 0.901, "Actual Total Time": 6.942, "Actual Rows": 3924, "Actual Loops": 1, "Recheck Cond": "(s_nationkey = public.nation.n_nationkey)", "Rows Removed by Index Recheck": 0, "Exact Heap Blocks": 1895, "Lossy Heap Blocks": 1895, "Plans": [{"Node Type": "Bitmap Index Scan", "Parent Relationship": "Outer", "Index Name": "idx_supplier_nation_key", "Startup Cost": 0.0, "Total Cost": 94.25, "Plan Rows": 4000, "Plan Width": 0, "Actual Startup Time": 0.617, "Actual Total Time": 0.617, "Actual Rows": 3924, "Actual Loops": 1, "Index Cond": "(s_nationkey = public.nation.n_nationkey)"}]}]}, {"Node Type": "Index Scan", "Parent Relationship": "Inner", "Scan Direction": "Forward", "Index Name": "idx_partsupp_suppkey", "Relation Name": "partsupp", "Alias": "partsupp", "Startup Cost": 0.0, "Total Cost": 9.33, "Plan Rows": 13, "Plan Width": 32, "Actual Startup Time": 44.498, "Actual Total Time": 545.855, "Actual Rows": 313920, "Actual Loops": 3924, "Index Cond": "(ps_suppkey = public.supplier.s_suppkey)", "Rows Removed by Index Recheck": 0}]}]}]}, "Triggers": [], "Planner Runtime": 0, "Total Runtime": 1860.493, "Unique SQL Id": 2932834211}}, "(1, 65)": {"explain_plan": {"Plan": {"Node Type": "Sort", "Startup Cost": 86979.86, "Total Cost": 87114.31, "Plan Rows": 53780, "Plan Width": 24, "Sort Key": ["(sum((public.partsupp.ps_supplycost * (public.partsupp.ps_availqty)::double precision))) DESC"], "Plans": [{"Node Type": "Aggregate", "Strategy": "Plain", "Parent Relationship": "exec_init_plan", "Subplan Name": "InitPlan 1 (returns $2)", "Startup Cost": 40772.04, "Total Cost": 40772.06, "Plan Rows": 1, "Plan Width": 24, "Plans": [{"Node Type": "Nested Loop", "Parent Relationship": "Outer", "Join Type": "Inner", "Startup Cost": 95.25, "Total Cost": 40368.69, "Plan Rows": 53780, "Plan Width": 16, "Inner Unique": false, "Plans": [{"Node Type": "Nested Loop", "Parent Relationship": "Outer", "Join Type": "Inner", "Startup Cost": 95.25, "Total Cost": 2544.73, "Plan Rows": 4000, "Plan Width": 8, "Inner Unique": false, "Plans": [{"Node Type": "Index Scan", "Parent Relationship": "Outer", "Scan Direction": "Forward", "Index Name": "nation_pkey", "Relation Name": "nation", "Alias": "nation", "Startup Cost": 0.0, "Total Cost": 12.69, "Plan Rows": 1, "Plan Width": 4, "Filter": "(n_name = 'MOZAMBIQUE'::bpchar)"}, {"Node Type": "Bitmap Heap Scan", "Parent Relationship": "Inner", "Relation Name": "supplier", "Alias": "supplier", "Startup Cost": 95.25, "Total Cost": 2492.04, "Plan Rows": 4000, "Plan Width": 12, "Recheck Cond": "(s_nationkey = public.nation.n_nationkey)", "Plans": [{"Node Type": "Bitmap Index Scan", "Parent Relationship": "Outer", "Index Name": "idx_supplier_nation_key", "Startup Cost": 0.0, "Total Cost": 94.25, "Plan Rows": 4000, "Plan Width": 0, "Index Cond": "(s_nationkey = public.nation.n_nationkey)"}]}]}, {"Node Type": "Index Scan", "Parent Relationship": "Inner", "Scan Direction": "Forward", "Index Name": "idx_partsupp_suppkey", "Relation Name": "partsupp", "Alias": "partsupp", "Startup Cost": 0.0, "Total Cost": 9.33, "Plan Rows": 13, "Plan Width": 24, "Index Cond": "(ps_suppkey = public.supplier.s_suppkey)"}]}]}, {"Node Type": "Aggregate", "Strategy": "Hashed", "Parent Relationship": "Outer", "Startup Cost": 41309.84, "Total Cost": 41982.09, "Plan Rows": 53780, "Plan Width": 24, "Group By Key": ["public.partsupp.ps_partkey"], "Filter": "(sum((public.partsupp.ps_supplycost * (public.partsupp.ps_availqty)::double precision)) > $2)", "Plans": [{"Node Type": "Nested Loop", "Parent Relationship": "Outer", "Join Type": "Inner", "Startup Cost": 95.25, "Total Cost": 40368.69, "Plan Rows": 53780, "Plan Width": 24, "Inner Unique": false, "Plans": [{"Node Type": "Nested Loop", "Parent Relationship": "Outer", "Join Type": "Inner", "Startup Cost": 95.25, "Total Cost": 2544.73, "Plan Rows": 4000, "Plan Width": 8, "Inner Unique": false, "Plans": [{"Node Type": "Index Scan", "Parent Relationship": "Outer", "Scan Direction": "Forward", "Index Name": "nation_pkey", "Relation Name": "nation", "Alias": "nation", "Startup Cost": 0.0, "Total Cost": 12.69, "Plan Rows": 1, "Plan Width": 4, "Filter": "(n_name = 'MOZAMBIQUE'::bpchar)"}, {"Node Type": "Bitmap Heap Scan", "Parent Relationship": "Inner", "Relation Name": "supplier", "Alias": "supplier", "Startup Cost": 95.25, "Total Cost": 2492.04, "Plan Rows": 4000, "Plan Width": 12, "Recheck Cond": "(s_nationkey = public.nation.n_nationkey)", "Plans": [{"Node Type": "Bitmap Index Scan", "Parent Relationship": "Outer", "Index Name": "idx_supplier_nation_key", "Startup Cost": 0.0, "Total Cost": 94.25, "Plan Rows": 4000, "Plan Width": 0, "Index Cond": "(s_nationkey = public.nation.n_nationkey)"}]}]}, {"Node Type": "Index Scan", "Parent Relationship": "Inner", "Scan Direction": "Forward", "Index Name": "idx_partsupp_suppkey", "Relation Name": "partsupp", "Alias": "partsupp", "Startup Cost": 0.0, "Total Cost": 9.33, "Plan Rows": 13, "Plan Width": 32, "Index Cond": "(ps_suppkey = public.supplier.s_suppkey)"}]}]}]}, "Unique SQL Id": 2932834211, "Planner Runtime": 1}, "explain_analyze_plan": {"Plan": {"Node Type": "Sort", "Startup Cost": 86979.86, "Total Cost": 87114.31, "Plan Rows": 53780, "Plan Width": 24, "Actual Startup Time": 1810.725, "Actual Total Time": 1810.725, "Actual Rows": 0, "Actual Loops": 1, "Sort Key": ["(sum((public.partsupp.ps_supplycost * (public.partsupp.ps_availqty)::double precision))) DESC"], "Sort Method": "quicksort", "Sort Space Used": 25, "Sort Space Type": "Memory", "Plans": [{"Node Type": "Aggregate", "Strategy": "Plain", "Parent Relationship": "exec_init_plan", "Subplan Name": "InitPlan 1 (returns $2)", "Startup Cost": 40772.04, "Total Cost": 40772.06, "Plan Rows": 1, "Plan Width": 24, "Actual Startup Time": 757.524, "Actual Total Time": 757.525, "Actual Rows": 1, "Actual Loops": 1, "Plans": [{"Node Type": "Nested Loop", "Parent Relationship": "Outer", "Join Type": "Inner", "Startup Cost": 95.25, "Total Cost": 40368.69, "Plan Rows": 53780, "Plan Width": 16, "Actual Startup Time": 0.984, "Actual Total Time": 623.043, "Actual Rows": 313920, "Actual Loops": 1, "Inner Unique": false, "Plans": [{"Node Type": "Nested Loop", "Parent Relationship": "Outer", "Join Type": "Inner", "Startup Cost": 95.25, "Total Cost": 2544.73, "Plan Rows": 4000, "Plan Width": 8, "Actual Startup Time": 0.961, "Actual Total Time": 7.606, "Actual Rows": 3924, "Actual Loops": 1, "Inner Unique": false, "Plans": [{"Node Type": "Index Scan", "Parent Relationship": "Outer", "Scan Direction": "Forward", "Index Name": "nation_pkey", "Relation Name": "nation", "Alias": "nation", "Startup Cost": 0.0, "Total Cost": 12.69, "Plan Rows": 1, "Plan Width": 4, "Actual Startup Time": 0.021, "Actual Total Time": 0.035, "Actual Rows": 1, "Actual Loops": 1, "Filter": "(n_name = 'MOZAMBIQUE'::bpchar)", "Rows Removed by Filter": 24}, {"Node Type": "Bitmap Heap Scan", "Parent Relationship": "Inner", "Relation Name": "supplier", "Alias": "supplier", "Startup Cost": 95.25, "Total Cost": 2492.04, "Plan Rows": 4000, "Plan Width": 12, "Actual Startup Time": 0.923, "Actual Total Time": 6.688, "Actual Rows": 3924, "Actual Loops": 1, "Recheck Cond": "(s_nationkey = public.nation.n_nationkey)", "Rows Removed by Index Recheck": 0, "Exact Heap Blocks": 1895, "Lossy Heap Blocks": 1895, "Plans": [{"Node Type": "Bitmap Index Scan", "Parent Relationship": "Outer", "Index Name": "idx_supplier_nation_key", "Startup Cost": 0.0, "Total Cost": 94.25, "Plan Rows": 4000, "Plan Width": 0, "Actual Startup Time": 0.63, "Actual Total Time": 0.63, "Actual Rows": 3924, "Actual Loops": 1, "Index Cond": "(s_nationkey = public.nation.n_nationkey)"}]}]}, {"Node Type": "Index Scan", "Parent Relationship": "Inner", "Scan Direction": "Forward", "Index Name": "idx_partsupp_suppkey", "Relation Name": "partsupp", "Alias": "partsupp", "Startup Cost": 0.0, "Total Cost": 9.33, "Plan Rows": 13, "Plan Width": 24, "Actual Startup Time": 44.034, "Actual Total Time": 548.454, "Actual Rows": 313920, "Actual Loops": 3924, "Index Cond": "(ps_suppkey = public.supplier.s_suppkey)", "Rows Removed by Index Recheck": 0}]}]}, {"Node Type": "Aggregate", "Strategy": "Hashed", "Parent Relationship": "Outer", "Startup Cost": 41309.84, "Total Cost": 41982.09, "Plan Rows": 53780, "Plan Width": 24, "Actual Startup Time": 1810.3, "Actual Total Time": 1810.3, "Actual Rows": 0, "Actual Loops": 1, "Group By Key": ["public.partsupp.ps_partkey"], "Filter": "(sum((public.partsupp.ps_supplycost * (public.partsupp.ps_availqty)::double precision)) > $2)", "Rows Removed by Filter": 295792, "Plans": [{"Node Type": "Nested Loop", "Parent Relationship": "Outer", "Join Type": "Inner", "Startup Cost": 95.25, "Total Cost": 40368.69, "Plan Rows": 53780, "Plan Width": 24, "Actual Startup Time": 1.02, "Actual Total Time": 665.011, "Actual Rows": 313920, "Actual Loops": 1, "Inner Unique": false, "Plans": [{"Node Type": "Nested Loop", "Parent Relationship": "Outer", "Join Type": "Inner", "Startup Cost": 95.25, "Total Cost": 2544.73, "Plan Rows": 4000, "Plan Width": 8, "Actual Startup Time": 0.991, "Actual Total Time": 8.384, "Actual Rows": 3924, "Actual Loops": 1, "Inner Unique": false, "Plans": [{"Node Type": "Index Scan", "Parent Relationship": "Outer", "Scan Direction": "Forward", "Index Name": "nation_pkey", "Relation Name": "nation", "Alias": "nation", "Startup Cost": 0.0, "Total Cost": 12.69, "Plan Rows": 1, "Plan Width": 4, "Actual Startup Time": 0.054, "Actual Total Time": 0.067, "Actual Rows": 1, "Actual Loops": 1, "Filter": "(n_name = 'MOZAMBIQUE'::bpchar)", "Rows Removed by Filter": 24}, {"Node Type": "Bitmap Heap Scan", "Parent Relationship": "Inner", "Relation Name": "supplier", "Alias": "supplier", "Startup Cost": 95.25, "Total Cost": 2492.04, "Plan Rows": 4000, "Plan Width": 12, "Actual Startup Time": 0.919, "Actual Total Time": 7.44, "Actual Rows": 3924, "Actual Loops": 1, "Recheck Cond": "(s_nationkey = public.nation.n_nationkey)", "Rows Removed by Index Recheck": 0, "Exact Heap Blocks": 1895, "Lossy Heap Blocks": 1895, "Plans": [{"Node Type": "Bitmap Index Scan", "Parent Relationship": "Outer", "Index Name": "idx_supplier_nation_key", "Startup Cost": 0.0, "Total Cost": 94.25, "Plan Rows": 4000, "Plan Width": 0, "Actual Startup Time": 0.633, "Actual Total Time": 0.633, "Actual Rows": 3924, "Actual Loops": 1, "Index Cond": "(s_nationkey = public.nation.n_nationkey)"}]}]}, {"Node Type": "Index Scan", "Parent Relationship": "Inner", "Scan Direction": "Forward", "Index Name": "idx_partsupp_suppkey", "Relation Name": "partsupp", "Alias": "partsupp", "Startup Cost": 0.0, "Total Cost": 9.33, "Plan Rows": 13, "Plan Width": 32, "Actual Startup Time": 46.318, "Actual Total Time": 585.067, "Actual Rows": 313920, "Actual Loops": 3924, "Index Cond": "(ps_suppkey = public.supplier.s_suppkey)", "Rows Removed by Index Recheck": 0}]}]}]}, "Triggers": [], "Planner Runtime": 0, "Total Runtime": 1811.196, "Unique SQL Id": 2932834211}}, "(1, 66)": {"explain_plan": {"Plan": {"Node Type": "Sort", "Startup Cost": 90032.55, "Total Cost": 90167.0, "Plan Rows": 53780, "Plan Width": 24, "Sort Key": ["(sum((public.partsupp.ps_supplycost * (public.partsupp.ps_availqty)::double precision))) DESC"], "Plans": [{"Node Type": "Aggregate", "Strategy": "Plain", "Parent Relationship": "exec_init_plan", "Subplan Name": "InitPlan 1 (returns $2)", "Startup Cost": 42298.39, "Total Cost": 42298.4, "Plan Rows": 1, "Plan Width": 24, "Plans": [{"Node Type": "Nested Loop", "Parent Relationship": "Outer", "Join Type": "Inner", "Startup Cost": 96.82, "Total Cost": 41895.04, "Plan Rows": 53780, "Plan Width": 16, "Inner Unique": false, "Plans": [{"Node Type": "Nested Loop", "Parent Relationship": "Outer", "Join Type": "Inner", "Startup Cost": 95.25, "Total Cost": 2533.35, "Plan Rows": 4000, "Plan Width": 8, "Inner Unique": false, "Plans": [{"Node Type": "Seq Scan", "Parent Relationship": "Outer", "Relation Name": "nation", "Alias": "nation", "Startup Cost": 0.0, "Total Cost": 1.31, "Plan Rows": 1, "Plan Width": 4, "Filter": "(n_name = 'MOZAMBIQUE'::bpchar)"}, {"Node Type": "Bitmap Heap Scan", "Parent Relationship": "Inner", "Relation Name": "supplier", "Alias": "supplier", "Startup Cost": 95.25, "Total Cost": 2492.04, "Plan Rows": 4000, "Plan Width": 12, "Recheck Cond": "(s_nationkey = public.nation.n_nationkey)", "Plans": [{"Node Type": "Bitmap Index Scan", "Parent Relationship": "Outer", "Index Name": "idx_supplier_nation_key", "Startup Cost": 0.0, "Total Cost": 94.25, "Plan Rows": 4000, "Plan Width": 0, "Index Cond": "(s_nationkey = public.nation.n_nationkey)"}]}]}, {"Node Type": "Bitmap Heap Scan", "Parent Relationship": "Inner", "Relation Name": "partsupp", "Alias": "partsupp", "Startup Cost": 1.57, "Total Cost": 9.71, "Plan Rows": 13, "Plan Width": 24, "Recheck Cond": "(ps_suppkey = public.supplier.s_suppkey)", "Plans": [{"Node Type": "Bitmap Index Scan", "Parent Relationship": "Outer", "Index Name": "idx_partsupp_suppkey", "Startup Cost": 0.0, "Total Cost": 1.56, "Plan Rows": 13, "Plan Width": 0, "Index Cond": "(ps_suppkey = public.supplier.s_suppkey)"}]}]}]}, {"Node Type": "Aggregate", "Strategy": "Hashed", "Parent Relationship": "Outer", "Startup Cost": 42836.19, "Total Cost": 43508.44, "Plan Rows": 53780, "Plan Width": 24, "Group By Key": ["public.partsupp.ps_partkey"], "Filter": "(sum((public.partsupp.ps_supplycost * (public.partsupp.ps_availqty)::double precision)) > $2)", "Plans": [{"Node Type": "Nested Loop", "Parent Relationship": "Outer", "Join Type": "Inner", "Startup Cost": 96.82, "Total Cost": 41895.04, "Plan Rows": 53780, "Plan Width": 24, "Inner Unique": false, "Plans": [{"Node Type": "Nested Loop", "Parent Relationship": "Outer", "Join Type": "Inner", "Startup Cost": 95.25, "Total Cost": 2533.35, "Plan Rows": 4000, "Plan Width": 8, "Inner Unique": false, "Plans": [{"Node Type": "Seq Scan", "Parent Relationship": "Outer", "Relation Name": "nation", "Alias": "nation", "Startup Cost": 0.0, "Total Cost": 1.31, "Plan Rows": 1, "Plan Width": 4, "Filter": "(n_name = 'MOZAMBIQUE'::bpchar)"}, {"Node Type": "Bitmap Heap Scan", "Parent Relationship": "Inner", "Relation Name": "supplier", "Alias": "supplier", "Startup Cost": 95.25, "Total Cost": 2492.04, "Plan Rows": 4000, "Plan Width": 12, "Recheck Cond": "(s_nationkey = public.nation.n_nationkey)", "Plans": [{"Node Type": "Bitmap Index Scan", "Parent Relationship": "Outer", "Index Name": "idx_supplier_nation_key", "Startup Cost": 0.0, "Total Cost": 94.25, "Plan Rows": 4000, "Plan Width": 0, "Index Cond": "(s_nationkey = public.nation.n_nationkey)"}]}]}, {"Node Type": "Bitmap Heap Scan", "Parent Relationship": "Inner", "Relation Name": "partsupp", "Alias": "partsupp", "Startup Cost": 1.57, "Total Cost": 9.71, "Plan Rows": 13, "Plan Width": 32, "Recheck Cond": "(ps_suppkey = public.supplier.s_suppkey)", "Plans": [{"Node Type": "Bitmap Index Scan", "Parent Relationship": "Outer", "Index Name": "idx_partsupp_suppkey", "Startup Cost": 0.0, "Total Cost": 1.56, "Plan Rows": 13, "Plan Width": 0, "Index Cond": "(ps_suppkey = public.supplier.s_suppkey)"}]}]}]}]}, "Unique SQL Id": 2932834211, "Planner Runtime": 1}, "explain_analyze_plan": {"Plan": {"Node Type": "Sort", "Startup Cost": 90032.55, "Total Cost": 90167.0, "Plan Rows": 53780, "Plan Width": 24, "Actual Startup Time": 2112.155, "Actual Total Time": 2112.155, "Actual Rows": 0, "Actual Loops": 1, "Sort Key": ["(sum((public.partsupp.ps_supplycost * (public.partsupp.ps_availqty)::double precision))) DESC"], "Sort Method": "quicksort", "Sort Space Used": 25, "Sort Space Type": "Memory", "Plans": [{"Node Type": "Aggregate", "Strategy": "Plain", "Parent Relationship": "exec_init_plan", "Subplan Name": "InitPlan 1 (returns $2)", "Startup Cost": 42298.39, "Total Cost": 42298.4, "Plan Rows": 1, "Plan Width": 24, "Actual Startup Time": 928.307, "Actual Total Time": 928.307, "Actual Rows": 1, "Actual Loops": 1, "Plans": [{"Node Type": "Nested Loop", "Parent Relationship": "Outer", "Join Type": "Inner", "Startup Cost": 96.82, "Total Cost": 41895.04, "Plan Rows": 53780, "Plan Width": 16, "Actual Startup Time": 0.986, "Actual Total Time": 800.403, "Actual Rows": 313920, "Actual Loops": 1, "Inner Unique": false, "Plans": [{"Node Type": "Nested Loop", "Parent Relationship": "Outer", "Join Type": "Inner", "Startup Cost": 95.25, "Total Cost": 2533.35, "Plan Rows": 4000, "Plan Width": 8, "Actual Startup Time": 0.938, "Actual Total Time": 7.951, "Actual Rows": 3924, "Actual Loops": 1, "Inner Unique": false, "Plans": [{"Node Type": "Seq Scan", "Parent Relationship": "Outer", "Relation Name": "nation", "Alias": "nation", "Startup Cost": 0.0, "Total Cost": 1.31, "Plan Rows": 1, "Plan Width": 4, "Actual Startup Time": 0.042, "Actual Total Time": 0.056, "Actual Rows": 1, "Actual Loops": 1, "Filter": "(n_name = 'MOZAMBIQUE'::bpchar)", "Rows Removed by Filter": 24}, {"Node Type": "Bitmap Heap Scan", "Parent Relationship": "Inner", "Relation Name": "supplier", "Alias": "supplier", "Startup Cost": 95.25, "Total Cost": 2492.04, "Plan Rows": 4000, "Plan Width": 12, "Actual Startup Time": 0.889, "Actual Total Time": 7.054, "Actual Rows": 3924, "Actual Loops": 1, "Recheck Cond": "(s_nationkey = public.nation.n_nationkey)", "Rows Removed by Index Recheck": 0, "Exact Heap Blocks": 1895, "Lossy Heap Blocks": 1895, "Plans": [{"Node Type": "Bitmap Index Scan", "Parent Relationship": "Outer", "Index Name": "idx_supplier_nation_key", "Startup Cost": 0.0, "Total Cost": 94.25, "Plan Rows": 4000, "Plan Width": 0, "Actual Startup Time": 0.609, "Actual Total Time": 0.609, "Actual Rows": 3924, "Actual Loops": 1, "Index Cond": "(s_nationkey = public.nation.n_nationkey)"}]}]}, {"Node Type": "Bitmap Heap Scan", "Parent Relationship": "Inner", "Relation Name": "partsupp", "Alias": "partsupp", "Startup Cost": 1.57, "Total Cost": 9.71, "Plan Rows": 13, "Plan Width": 24, "Actual Startup Time": 104.492, "Actual Total Time": 724.345, "Actual Rows": 313920, "Actual Loops": 3924, "Recheck Cond": "(ps_suppkey = public.supplier.s_suppkey)", "Rows Removed by Index Recheck": 0, "Exact Heap Blocks": 313920, "Lossy Heap Blocks": 313920, "Plans": [{"Node Type": "Bitmap Index Scan", "Parent Relationship": "Outer", "Index Name": "idx_partsupp_suppkey", "Startup Cost": 0.0, "Total Cost": 1.56, "Plan Rows": 13, "Plan Width": 0, "Actual Startup Time": 65.503, "Actual Total Time": 65.503, "Actual Rows": 313920, "Actual Loops": 3924, "Index Cond": "(ps_suppkey = public.supplier.s_suppkey)"}]}]}]}, {"Node Type": "Aggregate", "Strategy": "Hashed", "Parent Relationship": "Outer", "Startup Cost": 42836.19, "Total Cost": 43508.44, "Plan Rows": 53780, "Plan Width": 24, "Actual Startup Time": 2111.624, "Actual Total Time": 2111.624, "Actual Rows": 0, "Actual Loops": 1, "Group By Key": ["public.partsupp.ps_partkey"], "Filter": "(sum((public.partsupp.ps_supplycost * (public.partsupp.ps_availqty)::double precision)) > $2)", "Rows Removed by Filter": 295792, "Plans": [{"Node Type": "Nested Loop", "Parent Relationship": "Outer", "Join Type": "Inner", "Startup Cost": 96.82, "Total Cost": 41895.04, "Plan Rows": 53780, "Plan Width": 24, "Actual Startup Time": 1.009, "Actual Total Time": 754.894, "Actual Rows": 313920, "Actual Loops": 1, "Inner Unique": false, "Plans": [{"Node Type": "Nested Loop", "Parent Relationship": "Outer", "Join Type": "Inner", "Startup Cost": 95.25, "Total Cost": 2533.35, "Plan Rows": 4000, "Plan Width": 8, "Actual Startup Time": 0.964, "Actual Total Time": 7.76, "Actual Rows": 3924, "Actual Loops": 1, "Inner Unique": false, "Plans": [{"Node Type": "Seq Scan", "Parent Relationship": "Outer", "Relation Name": "nation", "Alias": "nation", "Startup Cost": 0.0, "Total Cost": 1.31, "Plan Rows": 1, "Plan Width": 4, "Actual Startup Time": 0.029, "Actual Total Time": 0.042, "Actual Rows": 1, "Actual Loops": 1, "Filter": "(n_name = 'MOZAMBIQUE'::bpchar)", "Rows Removed by Filter": 24}, {"Node Type": "Bitmap Heap Scan", "Parent Relationship": "Inner", "Relation Name": "supplier", "Alias": "supplier", "Startup Cost": 95.25, "Total Cost": 2492.04, "Plan Rows": 4000, "Plan Width": 12, "Actual Startup Time": 0.928, "Actual Total Time": 6.732, "Actual Rows": 3924, "Actual Loops": 1, "Recheck Cond": "(s_nationkey = public.nation.n_nationkey)", "Rows Removed by Index Recheck": 0, "Exact Heap Blocks": 1895, "Lossy Heap Blocks": 1895, "Plans": [{"Node Type": "Bitmap Index Scan", "Parent Relationship": "Outer", "Index Name": "idx_supplier_nation_key", "Startup Cost": 0.0, "Total Cost": 94.25, "Plan Rows": 4000, "Plan Width": 0, "Actual Startup Time": 0.646, "Actual Total Time": 0.646, "Actual Rows": 3924, "Actual Loops": 1, "Index Cond": "(s_nationkey = public.nation.n_nationkey)"}]}]}, {"Node Type": "Bitmap Heap Scan", "Parent Relationship": "Inner", "Relation Name": "partsupp", "Alias": "partsupp", "Startup Cost": 1.57, "Total Cost": 9.71, "Plan Rows": 13, "Plan Width": 32, "Actual Startup Time": 103.168, "Actual Total Time": 673.653, "Actual Rows": 313920, "Actual Loops": 3924, "Recheck Cond": "(ps_suppkey = public.supplier.s_suppkey)", "Rows Removed by Index Recheck": 0, "Exact Heap Blocks": 313920, "Lossy Heap Blocks": 313920, "Plans": [{"Node Type": "Bitmap Index Scan", "Parent Relationship": "Outer", "Index Name": "idx_partsupp_suppkey", "Startup Cost": 0.0, "Total Cost": 1.56, "Plan Rows": 13, "Plan Width": 0, "Actual Startup Time": 64.013, "Actual Total Time": 64.013, "Actual Rows": 313920, "Actual Loops": 3924, "Index Cond": "(ps_suppkey = public.supplier.s_suppkey)"}]}]}]}]}, "Triggers": [], "Planner Runtime": 0, "Total Runtime": 2112.492, "Unique SQL Id": 2932834211}}, "(1, 67)": {"explain_plan": {"Plan": {"Node Type": "Sort", "Startup Cost": 2000084159245.82, "Total Cost": 2000084159380.27, "Plan Rows": 53780, "Plan Width": 40, "Sort Key": ["(sum((public.partsupp.ps_supplycost * (public.partsupp.ps_availqty)::double precision))) DESC"], "Plans": [{"Node Type": "Aggregate", "Strategy": "Plain", "Parent Relationship": "exec_init_plan", "Subplan Name": "InitPlan 1 (returns $2)", "Startup Cost": 1000001001502.42, "Total Cost": 1000001001502.43, "Plan Rows": 1, "Plan Width": 24, "Plans": [{"Node Type": "Nested Loop", "Parent Relationship": "Outer", "Join Type": "Inner", "Startup Cost": 10000000001.83, "Total Cost": 1000001001099.07, "Plan Rows": 53780, "Plan Width": 16, "Inner Unique": false, "Plans": [{"Node Type": "Nested Loop", "Parent Relationship": "Outer", "Join Type": "Inner", "Startup Cost": 10000000000.26, "Total Cost": 1000000961737.38, "Plan Rows": 4000, "Plan Width": 8, "Inner Unique": true, "Plans": [{"Node Type": "Index Scan", "Parent Relationship": "Outer", "Scan Direction": "Forward", "Index Name": "supplier_pkey", "Relation Name": "supplier", "Alias": "supplier", "Startup Cost": 10000000000.0, "Total Cost": 1000000533454.38, "Plan Rows": 100000, "Plan Width": 12}, {"Node Type": "Bitmap Heap Scan", "Parent Relationship": "Inner", "Relation Name": "nation", "Alias": "nation", "Startup Cost": 0.26, "Total Cost": 4.27, "Plan Rows": 1, "Plan Width": 4, "Recheck Cond": "(n_nationkey = public.supplier.s_nationkey)", "Filter": "(n_name = 'MOZAMBIQUE'::bpchar)", "Plans": [{"Node Type": "Bitmap Index Scan", "Parent Relationship": "Outer", "Index Name": "nation_pkey", "Startup Cost": 0.0, "Total Cost": 0.26, "Plan Rows": 1, "Plan Width": 0, "Index Cond": "(n_nationkey = public.supplier.s_nationkey)"}]}]}, {"Node Type": "Bitmap Heap Scan", "Parent Relationship": "Inner", "Relation Name": "partsupp", "Alias": "partsupp", "Startup Cost": 1.57, "Total Cost": 9.71, "Plan Rows": 13, "Plan Width": 24, "Recheck Cond": "(ps_suppkey = public.supplier.s_suppkey)", "Plans": [{"Node Type": "Bitmap Index Scan", "Parent Relationship": "Outer", "Index Name": "idx_partsupp_suppkey", "Startup Cost": 0.0, "Total Cost": 1.56, "Plan Rows": 13, "Plan Width": 0, "Index Cond": "(ps_suppkey = public.supplier.s_suppkey)"}]}]}]}, {"Node Type": "Aggregate", "Strategy": "Sorted", "Parent Relationship": "Outer", "Startup Cost": 10000000000.52, "Total Cost": 1000083153517.69, "Plan Rows": 53780, "Plan Width": 40, "Group By Key": ["public.partsupp.ps_partkey"], "Filter": "(sum((public.partsupp.ps_supplycost * (public.partsupp.ps_availqty)::double precision)) > $2)", "Plans": [{"Node Type": "Nested Loop", "Parent Relationship": "Outer", "Join Type": "Inner", "Startup Cost": 10000000000.52, "Total Cost": 1000083151904.29, "Plan Rows": 53780, "Plan Width": 24, "Inner Unique": true, "Plans": [{"Node Type": "Nested Loop", "Parent Relationship": "Outer", "Join Type": "Inner", "Startup Cost": 10000000000.26, "Total Cost": 1000077393643.64, "Plan Rows": 1344499, "Plan Width": 28, "Inner Unique": true, "Plans": [{"Node Type": "Index Scan", "Parent Relationship": "Outer", "Scan Direction": "Forward", "Index Name": "idx_partsupp_partkey", "Relation Name": "partsupp", "Alias": "partsupp", "Startup Cost": 10000000000.0, "Total Cost": 1000043148503.38, "Plan Rows": 8000372, "Plan Width": 32}, {"Node Type": "Bitmap Heap Scan", "Parent Relationship": "Inner", "Relation Name": "supplier", "Alias": "supplier", "Startup Cost": 0.26, "Total Cost": 4.27, "Plan Rows": 1, "Plan Width": 12, "Recheck Cond": "(s_suppkey = public.partsupp.ps_suppkey)", "Plans": [{"Node Type": "Bitmap Index Scan", "Parent Relationship": "Outer", "Index Name": "supplier_pkey", "Startup Cost": 0.0, "Total Cost": 0.26, "Plan Rows": 1, "Plan Width": 0, "Index Cond": "(s_suppkey = public.partsupp.ps_suppkey)"}]}]}, {"Node Type": "Bitmap Heap Scan", "Parent Relationship": "Inner", "Relation Name": "nation", "Alias": "nation", "Startup Cost": 0.26, "Total Cost": 4.27, "Plan Rows": 1, "Plan Width": 4, "Recheck Cond": "(n_nationkey = public.supplier.s_nationkey)", "Filter": "(n_name = 'MOZAMBIQUE'::bpchar)", "Plans": [{"Node Type": "Bitmap Index Scan", "Parent Relationship": "Outer", "Index Name": "nation_pkey", "Startup Cost": 0.0, "Total Cost": 0.26, "Plan Rows": 1, "Plan Width": 0, "Index Cond": "(n_nationkey = public.supplier.s_nationkey)"}]}]}]}]}, "Unique SQL Id": 2932834211, "Planner Runtime": 1}, "explain_analyze_plan": null}, "(1, 68)": {"explain_plan": {"Plan": {"Node Type": "Sort", "Startup Cost": 86957.11, "Total Cost": 87091.56, "Plan Rows": 53780, "Plan Width": 24, "Sort Key": ["(sum((public.partsupp.ps_supplycost * (public.partsupp.ps_availqty)::double precision))) DESC"], "Plans": [{"Node Type": "Aggregate", "Strategy": "Plain", "Parent Relationship": "exec_init_plan", "Subplan Name": "InitPlan 1 (returns $2)", "Startup Cost": 40760.67, "Total Cost": 40760.68, "Plan Rows": 1, "Plan Width": 24, "Plans": [{"Node Type": "Nested Loop", "Parent Relationship": "Outer", "Join Type": "Inner", "Startup Cost": 95.25, "Total Cost": 40357.32, "Plan Rows": 53780, "Plan Width": 16, "Inner Unique": false, "Plans": [{"Node Type": "Nested Loop", "Parent Relationship": "Outer", "Join Type": "Inner", "Startup Cost": 95.25, "Total Cost": 2533.35, "Plan Rows": 4000, "Plan Width": 8, "Inner Unique": false, "Plans": [{"Node Type": "Seq Scan", "Parent Relationship": "Outer", "Relation Name": "nation", "Alias": "nation", "Startup Cost": 0.0, "Total Cost": 1.31, "Plan Rows": 1, "Plan Width": 4, "Filter": "(n_name = 'MOZAMBIQUE'::bpchar)"}, {"Node Type": "Bitmap Heap Scan", "Parent Relationship": "Inner", "Relation Name": "supplier", "Alias": "supplier", "Startup Cost": 95.25, "Total Cost": 2492.04, "Plan Rows": 4000, "Plan Width": 12, "Recheck Cond": "(s_nationkey = public.nation.n_nationkey)", "Plans": [{"Node Type": "Bitmap Index Scan", "Parent Relationship": "Outer", "Index Name": "idx_supplier_nation_key", "Startup Cost": 0.0, "Total Cost": 94.25, "Plan Rows": 4000, "Plan Width": 0, "Index Cond": "(s_nationkey = public.nation.n_nationkey)"}]}]}, {"Node Type": "Index Scan", "Parent Relationship": "Inner", "Scan Direction": "Forward", "Index Name": "idx_partsupp_suppkey", "Relation Name": "partsupp", "Alias": "partsupp", "Startup Cost": 0.0, "Total Cost": 9.33, "Plan Rows": 13, "Plan Width": 24, "Index Cond": "(ps_suppkey = public.supplier.s_suppkey)"}]}]}, {"Node Type": "Aggregate", "Strategy": "Hashed", "Parent Relationship": "Outer", "Startup Cost": 41298.47, "Total Cost": 41970.72, "Plan Rows": 53780, "Plan Width": 24, "Group By Key": ["public.partsupp.ps_partkey"], "Filter": "(sum((public.partsupp.ps_supplycost * (public.partsupp.ps_availqty)::double precision)) > $2)", "Plans": [{"Node Type": "Nested Loop", "Parent Relationship": "Outer", "Join Type": "Inner", "Startup Cost": 95.25, "Total Cost": 40357.32, "Plan Rows": 53780, "Plan Width": 24, "Inner Unique": false, "Plans": [{"Node Type": "Nested Loop", "Parent Relationship": "Outer", "Join Type": "Inner", "Startup Cost": 95.25, "Total Cost": 2533.35, "Plan Rows": 4000, "Plan Width": 8, "Inner Unique": false, "Plans": [{"Node Type": "Seq Scan", "Parent Relationship": "Outer", "Relation Name": "nation", "Alias": "nation", "Startup Cost": 0.0, "Total Cost": 1.31, "Plan Rows": 1, "Plan Width": 4, "Filter": "(n_name = 'MOZAMBIQUE'::bpchar)"}, {"Node Type": "Bitmap Heap Scan", "Parent Relationship": "Inner", "Relation Name": "supplier", "Alias": "supplier", "Startup Cost": 95.25, "Total Cost": 2492.04, "Plan Rows": 4000, "Plan Width": 12, "Recheck Cond": "(s_nationkey = public.nation.n_nationkey)", "Plans": [{"Node Type": "Bitmap Index Scan", "Parent Relationship": "Outer", "Index Name": "idx_supplier_nation_key", "Startup Cost": 0.0, "Total Cost": 94.25, "Plan Rows": 4000, "Plan Width": 0, "Index Cond": "(s_nationkey = public.nation.n_nationkey)"}]}]}, {"Node Type": "Index Scan", "Parent Relationship": "Inner", "Scan Direction": "Forward", "Index Name": "idx_partsupp_suppkey", "Relation Name": "partsupp", "Alias": "partsupp", "Startup Cost": 0.0, "Total Cost": 9.33, "Plan Rows": 13, "Plan Width": 32, "Index Cond": "(ps_suppkey = public.supplier.s_suppkey)"}]}]}]}, "Unique SQL Id": 2932834211, "Planner Runtime": 1}, "explain_analyze_plan": {"Plan": {"Node Type": "Sort", "Startup Cost": 86957.11, "Total Cost": 87091.56, "Plan Rows": 53780, "Plan Width": 24, "Actual Startup Time": 1860.176, "Actual Total Time": 1860.176, "Actual Rows": 0, "Actual Loops": 1, "Sort Key": ["(sum((public.partsupp.ps_supplycost * (public.partsupp.ps_availqty)::double precision))) DESC"], "Sort Method": "quicksort", "Sort Space Used": 25, "Sort Space Type": "Memory", "Plans": [{"Node Type": "Aggregate", "Strategy": "Plain", "Parent Relationship": "exec_init_plan", "Subplan Name": "InitPlan 1 (returns $2)", "Startup Cost": 40760.67, "Total Cost": 40760.68, "Plan Rows": 1, "Plan Width": 24, "Actual Startup Time": 807.27, "Actual Total Time": 807.27, "Actual Rows": 1, "Actual Loops": 1, "Plans": [{"Node Type": "Nested Loop", "Parent Relationship": "Outer", "Join Type": "Inner", "Startup Cost": 95.25, "Total Cost": 40357.32, "Plan Rows": 53780, "Plan Width": 16, "Actual Startup Time": 0.965, "Actual Total Time": 672.642, "Actual Rows": 313920, "Actual Loops": 1, "Inner Unique": false, "Plans": [{"Node Type": "Nested Loop", "Parent Relationship": "Outer", "Join Type": "Inner", "Startup Cost": 95.25, "Total Cost": 2533.35, "Plan Rows": 4000, "Plan Width": 8, "Actual Startup Time": 0.942, "Actual Total Time": 8.242, "Actual Rows": 3924, "Actual Loops": 1, "Inner Unique": false, "Plans": [{"Node Type": "Seq Scan", "Parent Relationship": "Outer", "Relation Name": "nation", "Alias": "nation", "Startup Cost": 0.0, "Total Cost": 1.31, "Plan Rows": 1, "Plan Width": 4, "Actual Startup Time": 0.022, "Actual Total Time": 0.034, "Actual Rows": 1, "Actual Loops": 1, "Filter": "(n_name = 'MOZAMBIQUE'::bpchar)", "Rows Removed by Filter": 24}, {"Node Type": "Bitmap Heap Scan", "Parent Relationship": "Inner", "Relation Name": "supplier", "Alias": "supplier", "Startup Cost": 95.25, "Total Cost": 2492.04, "Plan Rows": 4000, "Plan Width": 12, "Actual Startup Time": 0.902, "Actual Total Time": 7.218, "Actual Rows": 3924, "Actual Loops": 1, "Recheck Cond": "(s_nationkey = public.nation.n_nationkey)", "Rows Removed by Index Recheck": 0, "Exact Heap Blocks": 1895, "Lossy Heap Blocks": 1895, "Plans": [{"Node Type": "Bitmap Index Scan", "Parent Relationship": "Outer", "Index Name": "idx_supplier_nation_key", "Startup Cost": 0.0, "Total Cost": 94.25, "Plan Rows": 4000, "Plan Width": 0, "Actual Startup Time": 0.624, "Actual Total Time": 0.624, "Actual Rows": 3924, "Actual Loops": 1, "Index Cond": "(s_nationkey = public.nation.n_nationkey)"}]}]}, {"Node Type": "Index Scan", "Parent Relationship": "Inner", "Scan Direction": "Forward", "Index Name": "idx_partsupp_suppkey", "Relation Name": "partsupp", "Alias": "partsupp", "Startup Cost": 0.0, "Total Cost": 9.33, "Plan Rows": 13, "Plan Width": 24, "Actual Startup Time": 47.388, "Actual Total Time": 597.413, "Actual Rows": 313920, "Actual Loops": 3924, "Index Cond": "(ps_suppkey = public.supplier.s_suppkey)", "Rows Removed by Index Recheck": 0}]}]}, {"Node Type": "Aggregate", "Strategy": "Hashed", "Parent Relationship": "Outer", "Startup Cost": 41298.47, "Total Cost": 41970.72, "Plan Rows": 53780, "Plan Width": 24, "Actual Startup Time": 1859.631, "Actual Total Time": 1859.631, "Actual Rows": 0, "Actual Loops": 1, "Group By Key": ["public.partsupp.ps_partkey"], "Filter": "(sum((public.partsupp.ps_supplycost * (public.partsupp.ps_availqty)::double precision)) > $2)", "Rows Removed by Filter": 295792, "Plans": [{"Node Type": "Nested Loop", "Parent Relationship": "Outer", "Join Type": "Inner", "Startup Cost": 95.25, "Total Cost": 40357.32, "Plan Rows": 53780, "Plan Width": 24, "Actual Startup Time": 0.962, "Actual Total Time": 624.76, "Actual Rows": 313920, "Actual Loops": 1, "Inner Unique": false, "Plans": [{"Node Type": "Nested Loop", "Parent Relationship": "Outer", "Join Type": "Inner", "Startup Cost": 95.25, "Total Cost": 2533.35, "Plan Rows": 4000, "Plan Width": 8, "Actual Startup Time": 0.938, "Actual Total Time": 7.852, "Actual Rows": 3924, "Actual Loops": 1, "Inner Unique": false, "Plans": [{"Node Type": "Seq Scan", "Parent Relationship": "Outer", "Relation Name": "nation", "Alias": "nation", "Startup Cost": 0.0, "Total Cost": 1.31, "Plan Rows": 1, "Plan Width": 4, "Actual Startup Time": 0.03, "Actual Total Time": 0.042, "Actual Rows": 1, "Actual Loops": 1, "Filter": "(n_name = 'MOZAMBIQUE'::bpchar)", "Rows Removed by Filter": 24}, {"Node Type": "Bitmap Heap Scan", "Parent Relationship": "Inner", "Relation Name": "supplier", "Alias": "supplier", "Startup Cost": 95.25, "Total Cost": 2492.04, "Plan Rows": 4000, "Plan Width": 12, "Actual Startup Time": 0.901, "Actual Total Time": 6.942, "Actual Rows": 3924, "Actual Loops": 1, "Recheck Cond": "(s_nationkey = public.nation.n_nationkey)", "Rows Removed by Index Recheck": 0, "Exact Heap Blocks": 1895, "Lossy Heap Blocks": 1895, "Plans": [{"Node Type": "Bitmap Index Scan", "Parent Relationship": "Outer", "Index Name": "idx_supplier_nation_key", "Startup Cost": 0.0, "Total Cost": 94.25, "Plan Rows": 4000, "Plan Width": 0, "Actual Startup Time": 0.617, "Actual Total Time": 0.617, "Actual Rows": 3924, "Actual Loops": 1, "Index Cond": "(s_nationkey = public.nation.n_nationkey)"}]}]}, {"Node Type": "Index Scan", "Parent Relationship": "Inner", "Scan Direction": "Forward", "Index Name": "idx_partsupp_suppkey", "Relation Name": "partsupp", "Alias": "partsupp", "Startup Cost": 0.0, "Total Cost": 9.33, "Plan Rows": 13, "Plan Width": 32, "Actual Startup Time": 44.498, "Actual Total Time": 545.855, "Actual Rows": 313920, "Actual Loops": 3924, "Index Cond": "(ps_suppkey = public.supplier.s_suppkey)", "Rows Removed by Index Recheck": 0}]}]}]}, "Triggers": [], "Planner Runtime": 0, "Total Runtime": 1860.493, "Unique SQL Id": 2932834211}}, "(1, 69)": {"explain_plan": {"Plan": {"Node Type": "Sort", "Startup Cost": 86979.86, "Total Cost": 87114.31, "Plan Rows": 53780, "Plan Width": 24, "Sort Key": ["(sum((public.partsupp.ps_supplycost * (public.partsupp.ps_availqty)::double precision))) DESC"], "Plans": [{"Node Type": "Aggregate", "Strategy": "Plain", "Parent Relationship": "exec_init_plan", "Subplan Name": "InitPlan 1 (returns $2)", "Startup Cost": 40772.04, "Total Cost": 40772.06, "Plan Rows": 1, "Plan Width": 24, "Plans": [{"Node Type": "Nested Loop", "Parent Relationship": "Outer", "Join Type": "Inner", "Startup Cost": 95.25, "Total Cost": 40368.69, "Plan Rows": 53780, "Plan Width": 16, "Inner Unique": false, "Plans": [{"Node Type": "Nested Loop", "Parent Relationship": "Outer", "Join Type": "Inner", "Startup Cost": 95.25, "Total Cost": 2544.73, "Plan Rows": 4000, "Plan Width": 8, "Inner Unique": false, "Plans": [{"Node Type": "Index Scan", "Parent Relationship": "Outer", "Scan Direction": "Forward", "Index Name": "nation_pkey", "Relation Name": "nation", "Alias": "nation", "Startup Cost": 0.0, "Total Cost": 12.69, "Plan Rows": 1, "Plan Width": 4, "Filter": "(n_name = 'MOZAMBIQUE'::bpchar)"}, {"Node Type": "Bitmap Heap Scan", "Parent Relationship": "Inner", "Relation Name": "supplier", "Alias": "supplier", "Startup Cost": 95.25, "Total Cost": 2492.04, "Plan Rows": 4000, "Plan Width": 12, "Recheck Cond": "(s_nationkey = public.nation.n_nationkey)", "Plans": [{"Node Type": "Bitmap Index Scan", "Parent Relationship": "Outer", "Index Name": "idx_supplier_nation_key", "Startup Cost": 0.0, "Total Cost": 94.25, "Plan Rows": 4000, "Plan Width": 0, "Index Cond": "(s_nationkey = public.nation.n_nationkey)"}]}]}, {"Node Type": "Index Scan", "Parent Relationship": "Inner", "Scan Direction": "Forward", "Index Name": "idx_partsupp_suppkey", "Relation Name": "partsupp", "Alias": "partsupp", "Startup Cost": 0.0, "Total Cost": 9.33, "Plan Rows": 13, "Plan Width": 24, "Index Cond": "(ps_suppkey = public.supplier.s_suppkey)"}]}]}, {"Node Type": "Aggregate", "Strategy": "Hashed", "Parent Relationship": "Outer", "Startup Cost": 41309.84, "Total Cost": 41982.09, "Plan Rows": 53780, "Plan Width": 24, "Group By Key": ["public.partsupp.ps_partkey"], "Filter": "(sum((public.partsupp.ps_supplycost * (public.partsupp.ps_availqty)::double precision)) > $2)", "Plans": [{"Node Type": "Nested Loop", "Parent Relationship": "Outer", "Join Type": "Inner", "Startup Cost": 95.25, "Total Cost": 40368.69, "Plan Rows": 53780, "Plan Width": 24, "Inner Unique": false, "Plans": [{"Node Type": "Nested Loop", "Parent Relationship": "Outer", "Join Type": "Inner", "Startup Cost": 95.25, "Total Cost": 2544.73, "Plan Rows": 4000, "Plan Width": 8, "Inner Unique": false, "Plans": [{"Node Type": "Index Scan", "Parent Relationship": "Outer", "Scan Direction": "Forward", "Index Name": "nation_pkey", "Relation Name": "nation", "Alias": "nation", "Startup Cost": 0.0, "Total Cost": 12.69, "Plan Rows": 1, "Plan Width": 4, "Filter": "(n_name = 'MOZAMBIQUE'::bpchar)"}, {"Node Type": "Bitmap Heap Scan", "Parent Relationship": "Inner", "Relation Name": "supplier", "Alias": "supplier", "Startup Cost": 95.25, "Total Cost": 2492.04, "Plan Rows": 4000, "Plan Width": 12, "Recheck Cond": "(s_nationkey = public.nation.n_nationkey)", "Plans": [{"Node Type": "Bitmap Index Scan", "Parent Relationship": "Outer", "Index Name": "idx_supplier_nation_key", "Startup Cost": 0.0, "Total Cost": 94.25, "Plan Rows": 4000, "Plan Width": 0, "Index Cond": "(s_nationkey = public.nation.n_nationkey)"}]}]}, {"Node Type": "Index Scan", "Parent Relationship": "Inner", "Scan Direction": "Forward", "Index Name": "idx_partsupp_suppkey", "Relation Name": "partsupp", "Alias": "partsupp", "Startup Cost": 0.0, "Total Cost": 9.33, "Plan Rows": 13, "Plan Width": 32, "Index Cond": "(ps_suppkey = public.supplier.s_suppkey)"}]}]}]}, "Unique SQL Id": 2932834211, "Planner Runtime": 1}, "explain_analyze_plan": {"Plan": {"Node Type": "Sort", "Startup Cost": 86979.86, "Total Cost": 87114.31, "Plan Rows": 53780, "Plan Width": 24, "Actual Startup Time": 1810.725, "Actual Total Time": 1810.725, "Actual Rows": 0, "Actual Loops": 1, "Sort Key": ["(sum((public.partsupp.ps_supplycost * (public.partsupp.ps_availqty)::double precision))) DESC"], "Sort Method": "quicksort", "Sort Space Used": 25, "Sort Space Type": "Memory", "Plans": [{"Node Type": "Aggregate", "Strategy": "Plain", "Parent Relationship": "exec_init_plan", "Subplan Name": "InitPlan 1 (returns $2)", "Startup Cost": 40772.04, "Total Cost": 40772.06, "Plan Rows": 1, "Plan Width": 24, "Actual Startup Time": 757.524, "Actual Total Time": 757.525, "Actual Rows": 1, "Actual Loops": 1, "Plans": [{"Node Type": "Nested Loop", "Parent Relationship": "Outer", "Join Type": "Inner", "Startup Cost": 95.25, "Total Cost": 40368.69, "Plan Rows": 53780, "Plan Width": 16, "Actual Startup Time": 0.984, "Actual Total Time": 623.043, "Actual Rows": 313920, "Actual Loops": 1, "Inner Unique": false, "Plans": [{"Node Type": "Nested Loop", "Parent Relationship": "Outer", "Join Type": "Inner", "Startup Cost": 95.25, "Total Cost": 2544.73, "Plan Rows": 4000, "Plan Width": 8, "Actual Startup Time": 0.961, "Actual Total Time": 7.606, "Actual Rows": 3924, "Actual Loops": 1, "Inner Unique": false, "Plans": [{"Node Type": "Index Scan", "Parent Relationship": "Outer", "Scan Direction": "Forward", "Index Name": "nation_pkey", "Relation Name": "nation", "Alias": "nation", "Startup Cost": 0.0, "Total Cost": 12.69, "Plan Rows": 1, "Plan Width": 4, "Actual Startup Time": 0.021, "Actual Total Time": 0.035, "Actual Rows": 1, "Actual Loops": 1, "Filter": "(n_name = 'MOZAMBIQUE'::bpchar)", "Rows Removed by Filter": 24}, {"Node Type": "Bitmap Heap Scan", "Parent Relationship": "Inner", "Relation Name": "supplier", "Alias": "supplier", "Startup Cost": 95.25, "Total Cost": 2492.04, "Plan Rows": 4000, "Plan Width": 12, "Actual Startup Time": 0.923, "Actual Total Time": 6.688, "Actual Rows": 3924, "Actual Loops": 1, "Recheck Cond": "(s_nationkey = public.nation.n_nationkey)", "Rows Removed by Index Recheck": 0, "Exact Heap Blocks": 1895, "Lossy Heap Blocks": 1895, "Plans": [{"Node Type": "Bitmap Index Scan", "Parent Relationship": "Outer", "Index Name": "idx_supplier_nation_key", "Startup Cost": 0.0, "Total Cost": 94.25, "Plan Rows": 4000, "Plan Width": 0, "Actual Startup Time": 0.63, "Actual Total Time": 0.63, "Actual Rows": 3924, "Actual Loops": 1, "Index Cond": "(s_nationkey = public.nation.n_nationkey)"}]}]}, {"Node Type": "Index Scan", "Parent Relationship": "Inner", "Scan Direction": "Forward", "Index Name": "idx_partsupp_suppkey", "Relation Name": "partsupp", "Alias": "partsupp", "Startup Cost": 0.0, "Total Cost": 9.33, "Plan Rows": 13, "Plan Width": 24, "Actual Startup Time": 44.034, "Actual Total Time": 548.454, "Actual Rows": 313920, "Actual Loops": 3924, "Index Cond": "(ps_suppkey = public.supplier.s_suppkey)", "Rows Removed by Index Recheck": 0}]}]}, {"Node Type": "Aggregate", "Strategy": "Hashed", "Parent Relationship": "Outer", "Startup Cost": 41309.84, "Total Cost": 41982.09, "Plan Rows": 53780, "Plan Width": 24, "Actual Startup Time": 1810.3, "Actual Total Time": 1810.3, "Actual Rows": 0, "Actual Loops": 1, "Group By Key": ["public.partsupp.ps_partkey"], "Filter": "(sum((public.partsupp.ps_supplycost * (public.partsupp.ps_availqty)::double precision)) > $2)", "Rows Removed by Filter": 295792, "Plans": [{"Node Type": "Nested Loop", "Parent Relationship": "Outer", "Join Type": "Inner", "Startup Cost": 95.25, "Total Cost": 40368.69, "Plan Rows": 53780, "Plan Width": 24, "Actual Startup Time": 1.02, "Actual Total Time": 665.011, "Actual Rows": 313920, "Actual Loops": 1, "Inner Unique": false, "Plans": [{"Node Type": "Nested Loop", "Parent Relationship": "Outer", "Join Type": "Inner", "Startup Cost": 95.25, "Total Cost": 2544.73, "Plan Rows": 4000, "Plan Width": 8, "Actual Startup Time": 0.991, "Actual Total Time": 8.384, "Actual Rows": 3924, "Actual Loops": 1, "Inner Unique": false, "Plans": [{"Node Type": "Index Scan", "Parent Relationship": "Outer", "Scan Direction": "Forward", "Index Name": "nation_pkey", "Relation Name": "nation", "Alias": "nation", "Startup Cost": 0.0, "Total Cost": 12.69, "Plan Rows": 1, "Plan Width": 4, "Actual Startup Time": 0.054, "Actual Total Time": 0.067, "Actual Rows": 1, "Actual Loops": 1, "Filter": "(n_name = 'MOZAMBIQUE'::bpchar)", "Rows Removed by Filter": 24}, {"Node Type": "Bitmap Heap Scan", "Parent Relationship": "Inner", "Relation Name": "supplier", "Alias": "supplier", "Startup Cost": 95.25, "Total Cost": 2492.04, "Plan Rows": 4000, "Plan Width": 12, "Actual Startup Time": 0.919, "Actual Total Time": 7.44, "Actual Rows": 3924, "Actual Loops": 1, "Recheck Cond": "(s_nationkey = public.nation.n_nationkey)", "Rows Removed by Index Recheck": 0, "Exact Heap Blocks": 1895, "Lossy Heap Blocks": 1895, "Plans": [{"Node Type": "Bitmap Index Scan", "Parent Relationship": "Outer", "Index Name": "idx_supplier_nation_key", "Startup Cost": 0.0, "Total Cost": 94.25, "Plan Rows": 4000, "Plan Width": 0, "Actual Startup Time": 0.633, "Actual Total Time": 0.633, "Actual Rows": 3924, "Actual Loops": 1, "Index Cond": "(s_nationkey = public.nation.n_nationkey)"}]}]}, {"Node Type": "Index Scan", "Parent Relationship": "Inner", "Scan Direction": "Forward", "Index Name": "idx_partsupp_suppkey", "Relation Name": "partsupp", "Alias": "partsupp", "Startup Cost": 0.0, "Total Cost": 9.33, "Plan Rows": 13, "Plan Width": 32, "Actual Startup Time": 46.318, "Actual Total Time": 585.067, "Actual Rows": 313920, "Actual Loops": 3924, "Index Cond": "(ps_suppkey = public.supplier.s_suppkey)", "Rows Removed by Index Recheck": 0}]}]}]}, "Triggers": [], "Planner Runtime": 0, "Total Runtime": 1811.196, "Unique SQL Id": 2932834211}}, "(1, 70)": {"explain_plan": {"Plan": {"Node Type": "Sort", "Startup Cost": 90032.55, "Total Cost": 90167.0, "Plan Rows": 53780, "Plan Width": 24, "Sort Key": ["(sum((public.partsupp.ps_supplycost * (public.partsupp.ps_availqty)::double precision))) DESC"], "Plans": [{"Node Type": "Aggregate", "Strategy": "Plain", "Parent Relationship": "exec_init_plan", "Subplan Name": "InitPlan 1 (returns $2)", "Startup Cost": 42298.39, "Total Cost": 42298.4, "Plan Rows": 1, "Plan Width": 24, "Plans": [{"Node Type": "Nested Loop", "Parent Relationship": "Outer", "Join Type": "Inner", "Startup Cost": 96.82, "Total Cost": 41895.04, "Plan Rows": 53780, "Plan Width": 16, "Inner Unique": false, "Plans": [{"Node Type": "Nested Loop", "Parent Relationship": "Outer", "Join Type": "Inner", "Startup Cost": 95.25, "Total Cost": 2533.35, "Plan Rows": 4000, "Plan Width": 8, "Inner Unique": false, "Plans": [{"Node Type": "Seq Scan", "Parent Relationship": "Outer", "Relation Name": "nation", "Alias": "nation", "Startup Cost": 0.0, "Total Cost": 1.31, "Plan Rows": 1, "Plan Width": 4, "Filter": "(n_name = 'MOZAMBIQUE'::bpchar)"}, {"Node Type": "Bitmap Heap Scan", "Parent Relationship": "Inner", "Relation Name": "supplier", "Alias": "supplier", "Startup Cost": 95.25, "Total Cost": 2492.04, "Plan Rows": 4000, "Plan Width": 12, "Recheck Cond": "(s_nationkey = public.nation.n_nationkey)", "Plans": [{"Node Type": "Bitmap Index Scan", "Parent Relationship": "Outer", "Index Name": "idx_supplier_nation_key", "Startup Cost": 0.0, "Total Cost": 94.25, "Plan Rows": 4000, "Plan Width": 0, "Index Cond": "(s_nationkey = public.nation.n_nationkey)"}]}]}, {"Node Type": "Bitmap Heap Scan", "Parent Relationship": "Inner", "Relation Name": "partsupp", "Alias": "partsupp", "Startup Cost": 1.57, "Total Cost": 9.71, "Plan Rows": 13, "Plan Width": 24, "Recheck Cond": "(ps_suppkey = public.supplier.s_suppkey)", "Plans": [{"Node Type": "Bitmap Index Scan", "Parent Relationship": "Outer", "Index Name": "idx_partsupp_suppkey", "Startup Cost": 0.0, "Total Cost": 1.56, "Plan Rows": 13, "Plan Width": 0, "Index Cond": "(ps_suppkey = public.supplier.s_suppkey)"}]}]}]}, {"Node Type": "Aggregate", "Strategy": "Hashed", "Parent Relationship": "Outer", "Startup Cost": 42836.19, "Total Cost": 43508.44, "Plan Rows": 53780, "Plan Width": 24, "Group By Key": ["public.partsupp.ps_partkey"], "Filter": "(sum((public.partsupp.ps_supplycost * (public.partsupp.ps_availqty)::double precision)) > $2)", "Plans": [{"Node Type": "Nested Loop", "Parent Relationship": "Outer", "Join Type": "Inner", "Startup Cost": 96.82, "Total Cost": 41895.04, "Plan Rows": 53780, "Plan Width": 24, "Inner Unique": false, "Plans": [{"Node Type": "Nested Loop", "Parent Relationship": "Outer", "Join Type": "Inner", "Startup Cost": 95.25, "Total Cost": 2533.35, "Plan Rows": 4000, "Plan Width": 8, "Inner Unique": false, "Plans": [{"Node Type": "Seq Scan", "Parent Relationship": "Outer", "Relation Name": "nation", "Alias": "nation", "Startup Cost": 0.0, "Total Cost": 1.31, "Plan Rows": 1, "Plan Width": 4, "Filter": "(n_name = 'MOZAMBIQUE'::bpchar)"}, {"Node Type": "Bitmap Heap Scan", "Parent Relationship": "Inner", "Relation Name": "supplier", "Alias": "supplier", "Startup Cost": 95.25, "Total Cost": 2492.04, "Plan Rows": 4000, "Plan Width": 12, "Recheck Cond": "(s_nationkey = public.nation.n_nationkey)", "Plans": [{"Node Type": "Bitmap Index Scan", "Parent Relationship": "Outer", "Index Name": "idx_supplier_nation_key", "Startup Cost": 0.0, "Total Cost": 94.25, "Plan Rows": 4000, "Plan Width": 0, "Index Cond": "(s_nationkey = public.nation.n_nationkey)"}]}]}, {"Node Type": "Bitmap Heap Scan", "Parent Relationship": "Inner", "Relation Name": "partsupp", "Alias": "partsupp", "Startup Cost": 1.57, "Total Cost": 9.71, "Plan Rows": 13, "Plan Width": 32, "Recheck Cond": "(ps_suppkey = public.supplier.s_suppkey)", "Plans": [{"Node Type": "Bitmap Index Scan", "Parent Relationship": "Outer", "Index Name": "idx_partsupp_suppkey", "Startup Cost": 0.0, "Total Cost": 1.56, "Plan Rows": 13, "Plan Width": 0, "Index Cond": "(ps_suppkey = public.supplier.s_suppkey)"}]}]}]}]}, "Unique SQL Id": 2932834211, "Planner Runtime": 1}, "explain_analyze_plan": {"Plan": {"Node Type": "Sort", "Startup Cost": 90032.55, "Total Cost": 90167.0, "Plan Rows": 53780, "Plan Width": 24, "Actual Startup Time": 2112.155, "Actual Total Time": 2112.155, "Actual Rows": 0, "Actual Loops": 1, "Sort Key": ["(sum((public.partsupp.ps_supplycost * (public.partsupp.ps_availqty)::double precision))) DESC"], "Sort Method": "quicksort", "Sort Space Used": 25, "Sort Space Type": "Memory", "Plans": [{"Node Type": "Aggregate", "Strategy": "Plain", "Parent Relationship": "exec_init_plan", "Subplan Name": "InitPlan 1 (returns $2)", "Startup Cost": 42298.39, "Total Cost": 42298.4, "Plan Rows": 1, "Plan Width": 24, "Actual Startup Time": 928.307, "Actual Total Time": 928.307, "Actual Rows": 1, "Actual Loops": 1, "Plans": [{"Node Type": "Nested Loop", "Parent Relationship": "Outer", "Join Type": "Inner", "Startup Cost": 96.82, "Total Cost": 41895.04, "Plan Rows": 53780, "Plan Width": 16, "Actual Startup Time": 0.986, "Actual Total Time": 800.403, "Actual Rows": 313920, "Actual Loops": 1, "Inner Unique": false, "Plans": [{"Node Type": "Nested Loop", "Parent Relationship": "Outer", "Join Type": "Inner", "Startup Cost": 95.25, "Total Cost": 2533.35, "Plan Rows": 4000, "Plan Width": 8, "Actual Startup Time": 0.938, "Actual Total Time": 7.951, "Actual Rows": 3924, "Actual Loops": 1, "Inner Unique": false, "Plans": [{"Node Type": "Seq Scan", "Parent Relationship": "Outer", "Relation Name": "nation", "Alias": "nation", "Startup Cost": 0.0, "Total Cost": 1.31, "Plan Rows": 1, "Plan Width": 4, "Actual Startup Time": 0.042, "Actual Total Time": 0.056, "Actual Rows": 1, "Actual Loops": 1, "Filter": "(n_name = 'MOZAMBIQUE'::bpchar)", "Rows Removed by Filter": 24}, {"Node Type": "Bitmap Heap Scan", "Parent Relationship": "Inner", "Relation Name": "supplier", "Alias": "supplier", "Startup Cost": 95.25, "Total Cost": 2492.04, "Plan Rows": 4000, "Plan Width": 12, "Actual Startup Time": 0.889, "Actual Total Time": 7.054, "Actual Rows": 3924, "Actual Loops": 1, "Recheck Cond": "(s_nationkey = public.nation.n_nationkey)", "Rows Removed by Index Recheck": 0, "Exact Heap Blocks": 1895, "Lossy Heap Blocks": 1895, "Plans": [{"Node Type": "Bitmap Index Scan", "Parent Relationship": "Outer", "Index Name": "idx_supplier_nation_key", "Startup Cost": 0.0, "Total Cost": 94.25, "Plan Rows": 4000, "Plan Width": 0, "Actual Startup Time": 0.609, "Actual Total Time": 0.609, "Actual Rows": 3924, "Actual Loops": 1, "Index Cond": "(s_nationkey = public.nation.n_nationkey)"}]}]}, {"Node Type": "Bitmap Heap Scan", "Parent Relationship": "Inner", "Relation Name": "partsupp", "Alias": "partsupp", "Startup Cost": 1.57, "Total Cost": 9.71, "Plan Rows": 13, "Plan Width": 24, "Actual Startup Time": 104.492, "Actual Total Time": 724.345, "Actual Rows": 313920, "Actual Loops": 3924, "Recheck Cond": "(ps_suppkey = public.supplier.s_suppkey)", "Rows Removed by Index Recheck": 0, "Exact Heap Blocks": 313920, "Lossy Heap Blocks": 313920, "Plans": [{"Node Type": "Bitmap Index Scan", "Parent Relationship": "Outer", "Index Name": "idx_partsupp_suppkey", "Startup Cost": 0.0, "Total Cost": 1.56, "Plan Rows": 13, "Plan Width": 0, "Actual Startup Time": 65.503, "Actual Total Time": 65.503, "Actual Rows": 313920, "Actual Loops": 3924, "Index Cond": "(ps_suppkey = public.supplier.s_suppkey)"}]}]}]}, {"Node Type": "Aggregate", "Strategy": "Hashed", "Parent Relationship": "Outer", "Startup Cost": 42836.19, "Total Cost": 43508.44, "Plan Rows": 53780, "Plan Width": 24, "Actual Startup Time": 2111.624, "Actual Total Time": 2111.624, "Actual Rows": 0, "Actual Loops": 1, "Group By Key": ["public.partsupp.ps_partkey"], "Filter": "(sum((public.partsupp.ps_supplycost * (public.partsupp.ps_availqty)::double precision)) > $2)", "Rows Removed by Filter": 295792, "Plans": [{"Node Type": "Nested Loop", "Parent Relationship": "Outer", "Join Type": "Inner", "Startup Cost": 96.82, "Total Cost": 41895.04, "Plan Rows": 53780, "Plan Width": 24, "Actual Startup Time": 1.009, "Actual Total Time": 754.894, "Actual Rows": 313920, "Actual Loops": 1, "Inner Unique": false, "Plans": [{"Node Type": "Nested Loop", "Parent Relationship": "Outer", "Join Type": "Inner", "Startup Cost": 95.25, "Total Cost": 2533.35, "Plan Rows": 4000, "Plan Width": 8, "Actual Startup Time": 0.964, "Actual Total Time": 7.76, "Actual Rows": 3924, "Actual Loops": 1, "Inner Unique": false, "Plans": [{"Node Type": "Seq Scan", "Parent Relationship": "Outer", "Relation Name": "nation", "Alias": "nation", "Startup Cost": 0.0, "Total Cost": 1.31, "Plan Rows": 1, "Plan Width": 4, "Actual Startup Time": 0.029, "Actual Total Time": 0.042, "Actual Rows": 1, "Actual Loops": 1, "Filter": "(n_name = 'MOZAMBIQUE'::bpchar)", "Rows Removed by Filter": 24}, {"Node Type": "Bitmap Heap Scan", "Parent Relationship": "Inner", "Relation Name": "supplier", "Alias": "supplier", "Startup Cost": 95.25, "Total Cost": 2492.04, "Plan Rows": 4000, "Plan Width": 12, "Actual Startup Time": 0.928, "Actual Total Time": 6.732, "Actual Rows": 3924, "Actual Loops": 1, "Recheck Cond": "(s_nationkey = public.nation.n_nationkey)", "Rows Removed by Index Recheck": 0, "Exact Heap Blocks": 1895, "Lossy Heap Blocks": 1895, "Plans": [{"Node Type": "Bitmap Index Scan", "Parent Relationship": "Outer", "Index Name": "idx_supplier_nation_key", "Startup Cost": 0.0, "Total Cost": 94.25, "Plan Rows": 4000, "Plan Width": 0, "Actual Startup Time": 0.646, "Actual Total Time": 0.646, "Actual Rows": 3924, "Actual Loops": 1, "Index Cond": "(s_nationkey = public.nation.n_nationkey)"}]}]}, {"Node Type": "Bitmap Heap Scan", "Parent Relationship": "Inner", "Relation Name": "partsupp", "Alias": "partsupp", "Startup Cost": 1.57, "Total Cost": 9.71, "Plan Rows": 13, "Plan Width": 32, "Actual Startup Time": 103.168, "Actual Total Time": 673.653, "Actual Rows": 313920, "Actual Loops": 3924, "Recheck Cond": "(ps_suppkey = public.supplier.s_suppkey)", "Rows Removed by Index Recheck": 0, "Exact Heap Blocks": 313920, "Lossy Heap Blocks": 313920, "Plans": [{"Node Type": "Bitmap Index Scan", "Parent Relationship": "Outer", "Index Name": "idx_partsupp_suppkey", "Startup Cost": 0.0, "Total Cost": 1.56, "Plan Rows": 13, "Plan Width": 0, "Actual Startup Time": 64.013, "Actual Total Time": 64.013, "Actual Rows": 313920, "Actual Loops": 3924, "Index Cond": "(ps_suppkey = public.supplier.s_suppkey)"}]}]}]}]}, "Triggers": [], "Planner Runtime": 0, "Total Runtime": 2112.492, "Unique SQL Id": 2932834211}}, "(1, 71)": {"explain_plan": {"Plan": {"Node Type": "Sort", "Startup Cost": 2000084159245.82, "Total Cost": 2000084159380.27, "Plan Rows": 53780, "Plan Width": 40, "Sort Key": ["(sum((public.partsupp.ps_supplycost * (public.partsupp.ps_availqty)::double precision))) DESC"], "Plans": [{"Node Type": "Aggregate", "Strategy": "Plain", "Parent Relationship": "exec_init_plan", "Subplan Name": "InitPlan 1 (returns $2)", "Startup Cost": 1000001001502.42, "Total Cost": 1000001001502.43, "Plan Rows": 1, "Plan Width": 24, "Plans": [{"Node Type": "Nested Loop", "Parent Relationship": "Outer", "Join Type": "Inner", "Startup Cost": 10000000001.83, "Total Cost": 1000001001099.07, "Plan Rows": 53780, "Plan Width": 16, "Inner Unique": false, "Plans": [{"Node Type": "Nested Loop", "Parent Relationship": "Outer", "Join Type": "Inner", "Startup Cost": 10000000000.26, "Total Cost": 1000000961737.38, "Plan Rows": 4000, "Plan Width": 8, "Inner Unique": true, "Plans": [{"Node Type": "Index Scan", "Parent Relationship": "Outer", "Scan Direction": "Forward", "Index Name": "supplier_pkey", "Relation Name": "supplier", "Alias": "supplier", "Startup Cost": 10000000000.0, "Total Cost": 1000000533454.38, "Plan Rows": 100000, "Plan Width": 12}, {"Node Type": "Bitmap Heap Scan", "Parent Relationship": "Inner", "Relation Name": "nation", "Alias": "nation", "Startup Cost": 0.26, "Total Cost": 4.27, "Plan Rows": 1, "Plan Width": 4, "Recheck Cond": "(n_nationkey = public.supplier.s_nationkey)", "Filter": "(n_name = 'MOZAMBIQUE'::bpchar)", "Plans": [{"Node Type": "Bitmap Index Scan", "Parent Relationship": "Outer", "Index Name": "nation_pkey", "Startup Cost": 0.0, "Total Cost": 0.26, "Plan Rows": 1, "Plan Width": 0, "Index Cond": "(n_nationkey = public.supplier.s_nationkey)"}]}]}, {"Node Type": "Bitmap Heap Scan", "Parent Relationship": "Inner", "Relation Name": "partsupp", "Alias": "partsupp", "Startup Cost": 1.57, "Total Cost": 9.71, "Plan Rows": 13, "Plan Width": 24, "Recheck Cond": "(ps_suppkey = public.supplier.s_suppkey)", "Plans": [{"Node Type": "Bitmap Index Scan", "Parent Relationship": "Outer", "Index Name": "idx_partsupp_suppkey", "Startup Cost": 0.0, "Total Cost": 1.56, "Plan Rows": 13, "Plan Width": 0, "Index Cond": "(ps_suppkey = public.supplier.s_suppkey)"}]}]}]}, {"Node Type": "Aggregate", "Strategy": "Sorted", "Parent Relationship": "Outer", "Startup Cost": 10000000000.52, "Total Cost": 1000083153517.69, "Plan Rows": 53780, "Plan Width": 40, "Group By Key": ["public.partsupp.ps_partkey"], "Filter": "(sum((public.partsupp.ps_supplycost * (public.partsupp.ps_availqty)::double precision)) > $2)", "Plans": [{"Node Type": "Nested Loop", "Parent Relationship": "Outer", "Join Type": "Inner", "Startup Cost": 10000000000.52, "Total Cost": 1000083151904.29, "Plan Rows": 53780, "Plan Width": 24, "Inner Unique": true, "Plans": [{"Node Type": "Nested Loop", "Parent Relationship": "Outer", "Join Type": "Inner", "Startup Cost": 10000000000.26, "Total Cost": 1000077393643.64, "Plan Rows": 1344499, "Plan Width": 28, "Inner Unique": true, "Plans": [{"Node Type": "Index Scan", "Parent Relationship": "Outer", "Scan Direction": "Forward", "Index Name": "idx_partsupp_partkey", "Relation Name": "partsupp", "Alias": "partsupp", "Startup Cost": 10000000000.0, "Total Cost": 1000043148503.38, "Plan Rows": 8000372, "Plan Width": 32}, {"Node Type": "Bitmap Heap Scan", "Parent Relationship": "Inner", "Relation Name": "supplier", "Alias": "supplier", "Startup Cost": 0.26, "Total Cost": 4.27, "Plan Rows": 1, "Plan Width": 12, "Recheck Cond": "(s_suppkey = public.partsupp.ps_suppkey)", "Plans": [{"Node Type": "Bitmap Index Scan", "Parent Relationship": "Outer", "Index Name": "supplier_pkey", "Startup Cost": 0.0, "Total Cost": 0.26, "Plan Rows": 1, "Plan Width": 0, "Index Cond": "(s_suppkey = public.partsupp.ps_suppkey)"}]}]}, {"Node Type": "Bitmap Heap Scan", "Parent Relationship": "Inner", "Relation Name": "nation", "Alias": "nation", "Startup Cost": 0.26, "Total Cost": 4.27, "Plan Rows": 1, "Plan Width": 4, "Recheck Cond": "(n_nationkey = public.supplier.s_nationkey)", "Filter": "(n_name = 'MOZAMBIQUE'::bpchar)", "Plans": [{"Node Type": "Bitmap Index Scan", "Parent Relationship": "Outer", "Index Name": "nation_pkey", "Startup Cost": 0.0, "Total Cost": 0.26, "Plan Rows": 1, "Plan Width": 0, "Index Cond": "(n_nationkey = public.supplier.s_nationkey)"}]}]}]}]}, "Unique SQL Id": 2932834211, "Planner Runtime": 1}, "explain_analyze_plan": null}, "(1, 72)": {"explain_plan": {"Plan": {"Node Type": "Sort", "Startup Cost": 89040.3, "Total Cost": 89174.75, "Plan Rows": 53780, "Plan Width": 24, "Sort Key": ["(sum((public.partsupp.ps_supplycost * (public.partsupp.ps_availqty)::double precision))) DESC"], "Plans": [{"Node Type": "Aggregate", "Strategy": "Plain", "Parent Relationship": "exec_init_plan", "Subplan Name": "InitPlan 1 (returns $1)", "Startup Cost": 41802.27, "Total Cost": 41802.28, "Plan Rows": 1, "Plan Width": 24, "Plans": [{"Node Type": "Nested Loop", "Parent Relationship": "Outer", "Join Type": "Inner", "Startup Cost": 1.32, "Total Cost": 41398.92, "Plan Rows": 53780, "Plan Width": 16, "Inner Unique": false, "Plans": [{"Node Type": "Hash Join", "Parent Relationship": "Outer", "Join Type": "Inner", "Startup Cost": 1.32, "Total Cost": 3574.95, "Plan Rows": 4000, "Plan Width": 8, "Inner Unique": true, "Hash Cond": "(public.supplier.s_nationkey = public.nation.n_nationkey)", "Plans": [{"Node Type": "Seq Scan", "Parent Relationship": "Outer", "Relation Name": "supplier", "Alias": "supplier", "Startup Cost": 0.0, "Total Cost": 3283.0, "Plan Rows": 100000, "Plan Width": 12}, {"Node Type": "Hash", "Parent Relationship": "Inner", "Startup Cost": 1.31, "Total Cost": 1.31, "Plan Rows": 1, "Plan Width": 4, "Plans": [{"Node Type": "Seq Scan", "Parent Relationship": "Outer", "Relation Name": "nation", "Alias": "nation", "Startup Cost": 0.0, "Total Cost": 1.31, "Plan Rows": 1, "Plan Width": 4, "Filter": "(n_name = 'MOZAMBIQUE'::bpchar)"}]}]}, {"Node Type": "Index Scan", "Parent Relationship": "Inner", "Scan Direction": "Forward", "Index Name": "idx_partsupp_suppkey", "Relation Name": "partsupp", "Alias": "partsupp", "Startup Cost": 0.0, "Total Cost": 9.33, "Plan Rows": 13, "Plan Width": 24, "Index Cond": "(ps_suppkey = public.supplier.s_suppkey)"}]}]}, {"Node Type": "Aggregate", "Strategy": "Hashed", "Parent Relationship": "Outer", "Startup Cost": 42340.07, "Total Cost": 43012.32, "Plan Rows": 53780, "Plan Width": 24, "Group By Key": ["public.partsupp.ps_partkey"], "Filter": "(sum((public.partsupp.ps_supplycost * (public.partsupp.ps_availqty)::double precision)) > $1)", "Plans": [{"Node Type": "Nested Loop", "Parent Relationship": "Outer", "Join Type": "Inner", "Startup Cost": 1.32, "Total Cost": 41398.92, "Plan Rows": 53780, "Plan Width": 24, "Inner Unique": false, "Plans": [{"Node Type": "Hash Join", "Parent Relationship": "Outer", "Join Type": "Inner", "Startup Cost": 1.32, "Total Cost": 3574.95, "Plan Rows": 4000, "Plan Width": 8, "Inner Unique": true, "Hash Cond": "(public.supplier.s_nationkey = public.nation.n_nationkey)", "Plans": [{"Node Type": "Seq Scan", "Parent Relationship": "Outer", "Relation Name": "supplier", "Alias": "supplier", "Startup Cost": 0.0, "Total Cost": 3283.0, "Plan Rows": 100000, "Plan Width": 12}, {"Node Type": "Hash", "Parent Relationship": "Inner", "Startup Cost": 1.31, "Total Cost": 1.31, "Plan Rows": 1, "Plan Width": 4, "Plans": [{"Node Type": "Seq Scan", "Parent Relationship": "Outer", "Relation Name": "nation", "Alias": "nation", "Startup Cost": 0.0, "Total Cost": 1.31, "Plan Rows": 1, "Plan Width": 4, "Filter": "(n_name = 'MOZAMBIQUE'::bpchar)"}]}]}, {"Node Type": "Index Scan", "Parent Relationship": "Inner", "Scan Direction": "Forward", "Index Name": "idx_partsupp_suppkey", "Relation Name": "partsupp", "Alias": "partsupp", "Startup Cost": 0.0, "Total Cost": 9.33, "Plan Rows": 13, "Plan Width": 32, "Index Cond": "(ps_suppkey = public.supplier.s_suppkey)"}]}]}]}, "Unique SQL Id": 2932834211, "Planner Runtime": 1}, "explain_analyze_plan": {"Plan": {"Node Type": "Sort", "Startup Cost": 89040.3, "Total Cost": 89174.75, "Plan Rows": 53780, "Plan Width": 24, "Actual Startup Time": 1966.286, "Actual Total Time": 1966.286, "Actual Rows": 0, "Actual Loops": 1, "Sort Key": ["(sum((public.partsupp.ps_supplycost * (public.partsupp.ps_availqty)::double precision))) DESC"], "Sort Method": "quicksort", "Sort Space Used": 25, "Sort Space Type": "Memory", "Plans": [{"Node Type": "Aggregate", "Strategy": "Plain", "Parent Relationship": "exec_init_plan", "Subplan Name": "InitPlan 1 (returns $1)", "Startup Cost": 41802.27, "Total Cost": 41802.28, "Plan Rows": 1, "Plan Width": 24, "Actual Startup Time": 814.836, "Actual Total Time": 814.836, "Actual Rows": 1, "Actual Loops": 1, "Plans": [{"Node Type": "Nested Loop", "Parent Relationship": "Outer", "Join Type": "Inner", "Startup Cost": 1.32, "Total Cost": 41398.92, "Plan Rows": 53780, "Plan Width": 16, "Actual Startup Time": 0.144, "Actual Total Time": 679.652, "Actual Rows": 313920, "Actual Loops": 1, "Inner Unique": false, "Plans": [{"Node Type": "Hash Join", "Parent Relationship": "Outer", "Join Type": "Inner", "Startup Cost": 1.32, "Total Cost": 3574.95, "Plan Rows": 4000, "Plan Width": 8, "Actual Startup Time": 0.118, "Actual Total Time": 51.066, "Actual Rows": 3924, "Actual Loops": 1, "Inner Unique": true, "Hash Cond": "(public.supplier.s_nationkey = public.nation.n_nationkey)", "Plans": [{"Node Type": "Seq Scan", "Parent Relationship": "Outer", "Relation Name": "supplier", "Alias": "supplier", "Startup Cost": 0.0, "Total Cost": 3283.0, "Plan Rows": 100000, "Plan Width": 12, "Actual Startup Time": 0.02, "Actual Total Time": 28.652, "Actual Rows": 100000, "Actual Loops": 1}, {"Node Type": "Hash", "Parent Relationship": "Inner", "Startup Cost": 1.31, "Total Cost": 1.31, "Plan Rows": 1, "Plan Width": 4, "Actual Startup Time": 0.035, "Actual Total Time": 0.035, "Actual Rows": 1, "Actual Loops": 1, "Hash Buckets": 32768, "Hash Batches": 1, "Original Hash Batches": 1, "Peak Memory Usage": 1, "Plans": [{"Node Type": "Seq Scan", "Parent Relationship": "Outer", "Relation Name": "nation", "Alias": "nation", "Startup Cost": 0.0, "Total Cost": 1.31, "Plan Rows": 1, "Plan Width": 4, "Actual Startup Time": 0.023, "Actual Total Time": 0.026, "Actual Rows": 1, "Actual Loops": 1, "Filter": "(n_name = 'MOZAMBIQUE'::bpchar)", "Rows Removed by Filter": 24}]}]}, {"Node Type": "Index Scan", "Parent Relationship": "Inner", "Scan Direction": "Forward", "Index Name": "idx_partsupp_suppkey", "Relation Name": "partsupp", "Alias": "partsupp", "Startup Cost": 0.0, "Total Cost": 9.33, "Plan Rows": 13, "Plan Width": 24, "Actual Startup Time": 45.642, "Actual Total Time": 561.627, "Actual Rows": 313920, "Actual Loops": 3924, "Index Cond": "(ps_suppkey = public.supplier.s_suppkey)", "Rows Removed by Index Recheck": 0}]}]}, {"Node Type": "Aggregate", "Strategy": "Hashed", "Parent Relationship": "Outer", "Startup Cost": 42340.07, "Total Cost": 43012.32, "Plan Rows": 53780, "Plan Width": 24, "Actual Startup Time": 1965.915, "Actual Total Time": 1965.915, "Actual Rows": 0, "Actual Loops": 1, "Group By Key": ["public.partsupp.ps_partkey"], "Filter": "(sum((public.partsupp.ps_supplycost * (public.partsupp.ps_availqty)::double precision)) > $1)", "Rows Removed by Filter": 295792, "Plans": [{"Node Type": "Nested Loop", "Parent Relationship": "Outer", "Join Type": "Inner", "Startup Cost": 1.32, "Total Cost": 41398.92, "Plan Rows": 53780, "Plan Width": 24, "Actual Startup Time": 0.133, "Actual Total Time": 747.644, "Actual Rows": 313920, "Actual Loops": 1, "Inner Unique": false, "Plans": [{"Node Type": "Hash Join", "Parent Relationship": "Outer", "Join Type": "Inner", "Startup Cost": 1.32, "Total Cost": 3574.95, "Plan Rows": 4000, "Plan Width": 8, "Actual Startup Time": 0.106, "Actual Total Time": 53.011, "Actual Rows": 3924, "Actual Loops": 1, "Inner Unique": true, "Hash Cond": "(public.supplier.s_nationkey = public.nation.n_nationkey)", "Plans": [{"Node Type": "Seq Scan", "Parent Relationship": "Outer", "Relation Name": "supplier", "Alias": "supplier", "Startup Cost": 0.0, "Total Cost": 3283.0, "Plan Rows": 100000, "Plan Width": 12, "Actual Startup Time": 0.018, "Actual Total Time": 30.147, "Actual Rows": 100000, "Actual Loops": 1}, {"Node Type": "Hash", "Parent Relationship": "Inner", "Startup Cost": 1.31, "Total Cost": 1.31, "Plan Rows": 1, "Plan Width": 4, "Actual Startup Time": 0.032, "Actual Total Time": 0.032, "Actual Rows": 1, "Actual Loops": 1, "Hash Buckets": 32768, "Hash Batches": 1, "Original Hash Batches": 1, "Peak Memory Usage": 1, "Plans": [{"Node Type": "Seq Scan", "Parent Relationship": "Outer", "Relation Name": "nation", "Alias": "nation", "Startup Cost": 0.0, "Total Cost": 1.31, "Plan Rows": 1, "Plan Width": 4, "Actual Startup Time": 0.021, "Actual Total Time": 0.024, "Actual Rows": 1, "Actual Loops": 1, "Filter": "(n_name = 'MOZAMBIQUE'::bpchar)", "Rows Removed by Filter": 24}]}]}, {"Node Type": "Index Scan", "Parent Relationship": "Inner", "Scan Direction": "Forward", "Index Name": "idx_partsupp_suppkey", "Relation Name": "partsupp", "Alias": "partsupp", "Startup Cost": 0.0, "Total Cost": 9.33, "Plan Rows": 13, "Plan Width": 32, "Actual Startup Time": 49.124, "Actual Total Time": 623.306, "Actual Rows": 313920, "Actual Loops": 3924, "Index Cond": "(ps_suppkey = public.supplier.s_suppkey)", "Rows Removed by Index Recheck": 0}]}]}]}, "Triggers": [], "Planner Runtime": 1, "Total Runtime": 1966.592, "Unique SQL Id": 2932834211}}, "(1, 73)": {"explain_plan": {"Plan": {"Node Type": "Sort", "Startup Cost": 93166.14, "Total Cost": 93300.59, "Plan Rows": 53780, "Plan Width": 24, "Sort Key": ["(sum((public.partsupp.ps_supplycost * (public.partsupp.ps_availqty)::double precision))) DESC"], "Plans": [{"Node Type": "Aggregate", "Strategy": "Plain", "Parent Relationship": "exec_init_plan", "Subplan Name": "InitPlan 1 (returns $1)", "Startup Cost": 43865.19, "Total Cost": 43865.2, "Plan Rows": 1, "Plan Width": 24, "Plans": [{"Node Type": "Nested Loop", "Parent Relationship": "Outer", "Join Type": "Inner", "Startup Cost": 12.7, "Total Cost": 43461.84, "Plan Rows": 53780, "Plan Width": 16, "Inner Unique": false, "Plans": [{"Node Type": "Hash Join", "Parent Relationship": "Outer", "Join Type": "Inner", "Startup Cost": 12.7, "Total Cost": 5637.87, "Plan Rows": 4000, "Plan Width": 8, "Inner Unique": true, "Hash Cond": "(public.supplier.s_nationkey = public.nation.n_nationkey)", "Plans": [{"Node Type": "Index Scan", "Parent Relationship": "Outer", "Scan Direction": "Forward", "Index Name": "supplier_pkey", "Relation Name": "supplier", "Alias": "supplier", "Startup Cost": 0.0, "Total Cost": 5334.54, "Plan Rows": 100000, "Plan Width": 12}, {"Node Type": "Hash", "Parent Relationship": "Inner", "Startup Cost": 12.69, "Total Cost": 12.69, "Plan Rows": 1, "Plan Width": 4, "Plans": [{"Node Type": "Index Scan", "Parent Relationship": "Outer", "Scan Direction": "Forward", "Index Name": "nation_pkey", "Relation Name": "nation", "Alias": "nation", "Startup Cost": 0.0, "Total Cost": 12.69, "Plan Rows": 1, "Plan Width": 4, "Filter": "(n_name = 'MOZAMBIQUE'::bpchar)"}]}]}, {"Node Type": "Index Scan", "Parent Relationship": "Inner", "Scan Direction": "Forward", "Index Name": "idx_partsupp_suppkey", "Relation Name": "partsupp", "Alias": "partsupp", "Startup Cost": 0.0, "Total Cost": 9.33, "Plan Rows": 13, "Plan Width": 24, "Index Cond": "(ps_suppkey = public.supplier.s_suppkey)"}]}]}, {"Node Type": "Aggregate", "Strategy": "Hashed", "Parent Relationship": "Outer", "Startup Cost": 44402.99, "Total Cost": 45075.24, "Plan Rows": 53780, "Plan Width": 24, "Group By Key": ["public.partsupp.ps_partkey"], "Filter": "(sum((public.partsupp.ps_supplycost * (public.partsupp.ps_availqty)::double precision)) > $1)", "Plans": [{"Node Type": "Nested Loop", "Parent Relationship": "Outer", "Join Type": "Inner", "Startup Cost": 12.7, "Total Cost": 43461.84, "Plan Rows": 53780, "Plan Width": 24, "Inner Unique": false, "Plans": [{"Node Type": "Hash Join", "Parent Relationship": "Outer", "Join Type": "Inner", "Startup Cost": 12.7, "Total Cost": 5637.87, "Plan Rows": 4000, "Plan Width": 8, "Inner Unique": true, "Hash Cond": "(public.supplier.s_nationkey = public.nation.n_nationkey)", "Plans": [{"Node Type": "Index Scan", "Parent Relationship": "Outer", "Scan Direction": "Forward", "Index Name": "supplier_pkey", "Relation Name": "supplier", "Alias": "supplier", "Startup Cost": 0.0, "Total Cost": 5334.54, "Plan Rows": 100000, "Plan Width": 12}, {"Node Type": "Hash", "Parent Relationship": "Inner", "Startup Cost": 12.69, "Total Cost": 12.69, "Plan Rows": 1, "Plan Width": 4, "Plans": [{"Node Type": "Index Scan", "Parent Relationship": "Outer", "Scan Direction": "Forward", "Index Name": "nation_pkey", "Relation Name": "nation", "Alias": "nation", "Startup Cost": 0.0, "Total Cost": 12.69, "Plan Rows": 1, "Plan Width": 4, "Filter": "(n_name = 'MOZAMBIQUE'::bpchar)"}]}]}, {"Node Type": "Index Scan", "Parent Relationship": "Inner", "Scan Direction": "Forward", "Index Name": "idx_partsupp_suppkey", "Relation Name": "partsupp", "Alias": "partsupp", "Startup Cost": 0.0, "Total Cost": 9.33, "Plan Rows": 13, "Plan Width": 32, "Index Cond": "(ps_suppkey = public.supplier.s_suppkey)"}]}]}]}, "Unique SQL Id": 2932834211, "Planner Runtime": 1}, "explain_analyze_plan": {"Plan": {"Node Type": "Sort", "Startup Cost": 93166.14, "Total Cost": 93300.59, "Plan Rows": 53780, "Plan Width": 24, "Actual Startup Time": 1974.357, "Actual Total Time": 1974.357, "Actual Rows": 0, "Actual Loops": 1, "Sort Key": ["(sum((public.partsupp.ps_supplycost * (public.partsupp.ps_availqty)::double precision))) DESC"], "Sort Method": "quicksort", "Sort Space Used": 25, "Sort Space Type": "Memory", "Plans": [{"Node Type": "Aggregate", "Strategy": "Plain", "Parent Relationship": "exec_init_plan", "Subplan Name": "InitPlan 1 (returns $1)", "Startup Cost": 43865.19, "Total Cost": 43865.2, "Plan Rows": 1, "Plan Width": 24, "Actual Startup Time": 817.132, "Actual Total Time": 817.133, "Actual Rows": 1, "Actual Loops": 1, "Plans": [{"Node Type": "Nested Loop", "Parent Relationship": "Outer", "Join Type": "Inner", "Startup Cost": 12.7, "Total Cost": 43461.84, "Plan Rows": 53780, "Plan Width": 16, "Actual Startup Time": 0.175, "Actual Total Time": 680.837, "Actual Rows": 313920, "Actual Loops": 1, "Inner Unique": false, "Plans": [{"Node Type": "Hash Join", "Parent Relationship": "Outer", "Join Type": "Inner", "Startup Cost": 12.7, "Total Cost": 5637.87, "Plan Rows": 4000, "Plan Width": 8, "Actual Startup Time": 0.15, "Actual Total Time": 74.596, "Actual Rows": 3924, "Actual Loops": 1, "Inner Unique": true, "Hash Cond": "(public.supplier.s_nationkey = public.nation.n_nationkey)", "Plans": [{"Node Type": "Index Scan", "Parent Relationship": "Outer", "Scan Direction": "Forward", "Index Name": "supplier_pkey", "Relation Name": "supplier", "Alias": "supplier", "Startup Cost": 0.0, "Total Cost": 5334.54, "Plan Rows": 100000, "Plan Width": 12, "Actual Startup Time": 0.032, "Actual Total Time": 53.574, "Actual Rows": 100000, "Actual Loops": 1}, {"Node Type": "Hash", "Parent Relationship": "Inner", "Startup Cost": 12.69, "Total Cost": 12.69, "Plan Rows": 1, "Plan Width": 4, "Actual Startup Time": 0.044, "Actual Total Time": 0.044, "Actual Rows": 1, "Actual Loops": 1, "Hash Buckets": 32768, "Hash Batches": 1, "Original Hash Batches": 1, "Peak Memory Usage": 1, "Plans": [{"Node Type": "Index Scan", "Parent Relationship": "Outer", "Scan Direction": "Forward", "Index Name": "nation_pkey", "Relation Name": "nation", "Alias": "nation", "Startup Cost": 0.0, "Total Cost": 12.69, "Plan Rows": 1, "Plan Width": 4, "Actual Startup Time": 0.028, "Actual Total Time": 0.034, "Actual Rows": 1, "Actual Loops": 1, "Filter": "(n_name = 'MOZAMBIQUE'::bpchar)", "Rows Removed by Filter": 24}]}]}, {"Node Type": "Index Scan", "Parent Relationship": "Inner", "Scan Direction": "Forward", "Index Name": "idx_partsupp_suppkey", "Relation Name": "partsupp", "Alias": "partsupp", "Startup Cost": 0.0, "Total Cost": 9.33, "Plan Rows": 13, "Plan Width": 24, "Actual Startup Time": 43.949, "Actual Total Time": 539.771, "Actual Rows": 313920, "Actual Loops": 3924, "Index Cond": "(ps_suppkey = public.supplier.s_suppkey)", "Rows Removed by Index Recheck": 0}]}]}, {"Node Type": "Aggregate", "Strategy": "Hashed", "Parent Relationship": "Outer", "Startup Cost": 44402.99, "Total Cost": 45075.24, "Plan Rows": 53780, "Plan Width": 24, "Actual Startup Time": 1973.893, "Actual Total Time": 1973.893, "Actual Rows": 0, "Actual Loops": 1, "Group By Key": ["public.partsupp.ps_partkey"], "Filter": "(sum((public.partsupp.ps_supplycost * (public.partsupp.ps_availqty)::double precision)) > $1)", "Rows Removed by Filter": 295792, "Plans": [{"Node Type": "Nested Loop", "Parent Relationship": "Outer", "Join Type": "Inner", "Startup Cost": 12.7, "Total Cost": 43461.84, "Plan Rows": 53780, "Plan Width": 24, "Actual Startup Time": 0.136, "Actual Total Time": 736.735, "Actual Rows": 313920, "Actual Loops": 1, "Inner Unique": false, "Plans": [{"Node Type": "Hash Join", "Parent Relationship": "Outer", "Join Type": "Inner", "Startup Cost": 12.7, "Total Cost": 5637.87, "Plan Rows": 4000, "Plan Width": 8, "Actual Startup Time": 0.114, "Actual Total Time": 77.829, "Actual Rows": 3924, "Actual Loops": 1, "Inner Unique": true, "Hash Cond": "(public.supplier.s_nationkey = public.nation.n_nationkey)", "Plans": [{"Node Type": "Index Scan", "Parent Relationship": "Outer", "Scan Direction": "Forward", "Index Name": "supplier_pkey", "Relation Name": "supplier", "Alias": "supplier", "Startup Cost": 0.0, "Total Cost": 5334.54, "Plan Rows": 100000, "Plan Width": 12, "Actual Startup Time": 0.027, "Actual Total Time": 56.396, "Actual Rows": 100000, "Actual Loops": 1}, {"Node Type": "Hash", "Parent Relationship": "Inner", "Startup Cost": 12.69, "Total Cost": 12.69, "Plan Rows": 1, "Plan Width": 4, "Actual Startup Time": 0.036, "Actual Total Time": 0.036, "Actual Rows": 1, "Actual Loops": 1, "Hash Buckets": 32768, "Hash Batches": 1, "Original Hash Batches": 1, "Peak Memory Usage": 1, "Plans": [{"Node Type": "Index Scan", "Parent Relationship": "Outer", "Scan Direction": "Forward", "Index Name": "nation_pkey", "Relation Name": "nation", "Alias": "nation", "Startup Cost": 0.0, "Total Cost": 12.69, "Plan Rows": 1, "Plan Width": 4, "Actual Startup Time": 0.023, "Actual Total Time": 0.028, "Actual Rows": 1, "Actual Loops": 1, "Filter": "(n_name = 'MOZAMBIQUE'::bpchar)", "Rows Removed by Filter": 24}]}]}, {"Node Type": "Index Scan", "Parent Relationship": "Inner", "Scan Direction": "Forward", "Index Name": "idx_partsupp_suppkey", "Relation Name": "partsupp", "Alias": "partsupp", "Startup Cost": 0.0, "Total Cost": 9.33, "Plan Rows": 13, "Plan Width": 32, "Actual Startup Time": 46.453, "Actual Total Time": 587.121, "Actual Rows": 313920, "Actual Loops": 3924, "Index Cond": "(ps_suppkey = public.supplier.s_suppkey)", "Rows Removed by Index Recheck": 0}]}]}]}, "Triggers": [], "Planner Runtime": 0, "Total Runtime": 1974.638, "Unique SQL Id": 2932834211}}, "(1, 74)": {"explain_plan": {"Plan": {"Node Type": "Sort", "Startup Cost": 614546.2, "Total Cost": 614680.65, "Plan Rows": 53780, "Plan Width": 24, "Sort Key": ["(sum((public.partsupp.ps_supplycost * (public.partsupp.ps_availqty)::double precision))) DESC"], "Plans": [{"Node Type": "Aggregate", "Strategy": "Plain", "Parent Relationship": "exec_init_plan", "Subplan Name": "InitPlan 1 (returns $0)", "Startup Cost": 304555.21, "Total Cost": 304555.23, "Plan Rows": 1, "Plan Width": 24, "Plans": [{"Node Type": "Hash Join", "Parent Relationship": "Outer", "Join Type": "Inner", "Startup Cost": 3624.95, "Total Cost": 304151.86, "Plan Rows": 53780, "Plan Width": 16, "Inner Unique": false, "Hash Cond": "(public.partsupp.ps_suppkey = public.supplier.s_suppkey)", "Plans": [{"Node Type": "Seq Scan", "Parent Relationship": "Outer", "Relation Name": "partsupp", "Alias": "partsupp", "Startup Cost": 0.0, "Total Cost": 269987.72, "Plan Rows": 8000372, "Plan Width": 24}, {"Node Type": "Hash", "Parent Relationship": "Inner", "Startup Cost": 3574.95, "Total Cost": 3574.95, "Plan Rows": 4000, "Plan Width": 8, "Plans": [{"Node Type": "Hash Join", "Parent Relationship": "Outer", "Join Type": "Inner", "Startup Cost": 1.32, "Total Cost": 3574.95, "Plan Rows": 4000, "Plan Width": 8, "Inner Unique": true, "Hash Cond": "(public.supplier.s_nationkey = public.nation.n_nationkey)", "Plans": [{"Node Type": "Seq Scan", "Parent Relationship": "Outer", "Relation Name": "supplier", "Alias": "supplier", "Startup Cost": 0.0, "Total Cost": 3283.0, "Plan Rows": 100000, "Plan Width": 12}, {"Node Type": "Hash", "Parent Relationship": "Inner", "Startup Cost": 1.31, "Total Cost": 1.31, "Plan Rows": 1, "Plan Width": 4, "Plans": [{"Node Type": "Seq Scan", "Parent Relationship": "Outer", "Relation Name": "nation", "Alias": "nation", "Startup Cost": 0.0, "Total Cost": 1.31, "Plan Rows": 1, "Plan Width": 4, "Filter": "(n_name = 'MOZAMBIQUE'::bpchar)"}]}]}]}]}]}, {"Node Type": "Aggregate", "Strategy": "Hashed", "Parent Relationship": "Outer", "Startup Cost": 305093.02, "Total Cost": 305765.27, "Plan Rows": 53780, "Plan Width": 24, "Group By Key": ["public.partsupp.ps_partkey"], "Filter": "(sum((public.partsupp.ps_supplycost * (public.partsupp.ps_availqty)::double precision)) > $0)", "Plans": [{"Node Type": "Hash Join", "Parent Relationship": "Outer", "Join Type": "Inner", "Startup Cost": 3624.95, "Total Cost": 304151.86, "Plan Rows": 53780, "Plan Width": 24, "Inner Unique": false, "Hash Cond": "(public.partsupp.ps_suppkey = public.supplier.s_suppkey)", "Plans": [{"Node Type": "Seq Scan", "Parent Relationship": "Outer", "Relation Name": "partsupp", "Alias": "partsupp", "Startup Cost": 0.0, "Total Cost": 269987.72, "Plan Rows": 8000372, "Plan Width": 32}, {"Node Type": "Hash", "Parent Relationship": "Inner", "Startup Cost": 3574.95, "Total Cost": 3574.95, "Plan Rows": 4000, "Plan Width": 8, "Plans": [{"Node Type": "Hash Join", "Parent Relationship": "Outer", "Join Type": "Inner", "Startup Cost": 1.32, "Total Cost": 3574.95, "Plan Rows": 4000, "Plan Width": 8, "Inner Unique": true, "Hash Cond": "(public.supplier.s_nationkey = public.nation.n_nationkey)", "Plans": [{"Node Type": "Seq Scan", "Parent Relationship": "Outer", "Relation Name": "supplier", "Alias": "supplier", "Startup Cost": 0.0, "Total Cost": 3283.0, "Plan Rows": 100000, "Plan Width": 12}, {"Node Type": "Hash", "Parent Relationship": "Inner", "Startup Cost": 1.31, "Total Cost": 1.31, "Plan Rows": 1, "Plan Width": 4, "Plans": [{"Node Type": "Seq Scan", "Parent Relationship": "Outer", "Relation Name": "nation", "Alias": "nation", "Startup Cost": 0.0, "Total Cost": 1.31, "Plan Rows": 1, "Plan Width": 4, "Filter": "(n_name = 'MOZAMBIQUE'::bpchar)"}]}]}]}]}]}]}, "Unique SQL Id": 2932834211, "Planner Runtime": 1}, "explain_analyze_plan": null}, "(1, 75)": {"explain_plan": {"Plan": {"Node Type": "Sort", "Startup Cost": 6000102466442.74, "Total Cost": 6000102466577.19, "Plan Rows": 53780, "Plan Width": 24, "Sort Key": ["(sum((public.partsupp.ps_supplycost * (public.partsupp.ps_availqty)::double precision))) DESC"], "Plans": [{"Node Type": "Aggregate", "Strategy": "Plain", "Parent Relationship": "exec_init_plan", "Subplan Name": "InitPlan 1 (returns $0)", "Startup Cost": 3000051230503.49, "Total Cost": 3000051230503.5, "Plan Rows": 1, "Plan Width": 24, "Plans": [{"Node Type": "Hash Join", "Parent Relationship": "Outer", "Join Type": "Inner", "Startup Cost": 1020010396837.26, "Total Cost": 3000051230100.14, "Plan Rows": 53780, "Plan Width": 16, "Inner Unique": true, "Hash Cond": "(public.supplier.s_nationkey = public.nation.n_nationkey)", "Plans": [{"Node Type": "Merge Join", "Parent Relationship": "Outer", "Join Type": "Inner", "Startup Cost": 20010395568.5, "Total Cost": 2000051224923.92, "Plan Rows": 1344499, "Plan Width": 20, "Inner Unique": false, "Merge Cond": "(public.supplier.s_suppkey = public.partsupp.ps_suppkey)", "Plans": [{"Node Type": "Index Scan", "Parent Relationship": "Outer", "Scan Direction": "Forward", "Index Name": "supplier_pkey", "Relation Name": "supplier", "Alias": "supplier", "Startup Cost": 10000000000.0, "Total Cost": 1000000533454.38, "Plan Rows": 100000, "Plan Width": 12}, {"Node Type": "Index Scan", "Parent Relationship": "Inner", "Scan Direction": "Forward", "Index Name": "idx_partsupp_suppkey", "Relation Name": "partsupp", "Alias": "partsupp", "Startup Cost": 10000000000.0, "Total Cost": 1000100160480.77, "Plan Rows": 8000372, "Plan Width": 24}]}, {"Node Type": "Hash", "Parent Relationship": "Inner", "Startup Cost": 1000000001268.75, "Total Cost": 1000000001268.75, "Plan Rows": 1, "Plan Width": 4, "Plans": [{"Node Type": "Index Scan", "Parent Relationship": "Outer", "Scan Direction": "Forward", "Index Name": "nation_pkey", "Relation Name": "nation", "Alias": "nation", "Startup Cost": 10000000000.0, "Total Cost": 1000000001268.75, "Plan Rows": 1, "Plan Width": 4, "Filter": "(n_name = 'MOZAMBIQUE'::bpchar)"}]}]}]}, {"Node Type": "Aggregate", "Strategy": "Hashed", "Parent Relationship": "Outer", "Startup Cost": 3000051231041.29, "Total Cost": 3000051231713.54, "Plan Rows": 53780, "Plan Width": 24, "Group By Key": ["public.partsupp.ps_partkey"], "Filter": "(sum((public.partsupp.ps_supplycost * (public.partsupp.ps_availqty)::double precision)) > $0)", "Plans": [{"Node Type": "Hash Join", "Parent Relationship": "Outer", "Join Type": "Inner", "Startup Cost": 1020010396837.26, "Total Cost": 3000051230100.14, "Plan Rows": 53780, "Plan Width": 24, "Inner Unique": true, "Hash Cond": "(public.supplier.s_nationkey = public.nation.n_nationkey)", "Plans": [{"Node Type": "Merge Join", "Parent Relationship": "Outer", "Join Type": "Inner", "Startup Cost": 20010395568.5, "Total Cost": 2000051224923.92, "Plan Rows": 1344499, "Plan Width": 28, "Inner Unique": false, "Merge Cond": "(public.supplier.s_suppkey = public.partsupp.ps_suppkey)", "Plans": [{"Node Type": "Index Scan", "Parent Relationship": "Outer", "Scan Direction": "Forward", "Index Name": "supplier_pkey", "Relation Name": "supplier", "Alias": "supplier", "Startup Cost": 10000000000.0, "Total Cost": 1000000533454.38, "Plan Rows": 100000, "Plan Width": 12}, {"Node Type": "Index Scan", "Parent Relationship": "Inner", "Scan Direction": "Forward", "Index Name": "idx_partsupp_suppkey", "Relation Name": "partsupp", "Alias": "partsupp", "Startup Cost": 10000000000.0, "Total Cost": 1000100160480.77, "Plan Rows": 8000372, "Plan Width": 32}]}, {"Node Type": "Hash", "Parent Relationship": "Inner", "Startup Cost": 1000000001268.75, "Total Cost": 1000000001268.75, "Plan Rows": 1, "Plan Width": 4, "Plans": [{"Node Type": "Index Scan", "Parent Relationship": "Outer", "Scan Direction": "Forward", "Index Name": "nation_pkey", "Relation Name": "nation", "Alias": "nation", "Startup Cost": 10000000000.0, "Total Cost": 1000000001268.75, "Plan Rows": 1, "Plan Width": 4, "Filter": "(n_name = 'MOZAMBIQUE'::bpchar)"}]}]}]}]}, "Unique SQL Id": 2932834211, "Planner Runtime": 1}, "explain_analyze_plan": null}, "(1, 76)": {"explain_plan": {"Plan": {"Node Type": "Sort", "Startup Cost": 89040.3, "Total Cost": 89174.75, "Plan Rows": 53780, "Plan Width": 24, "Sort Key": ["(sum((public.partsupp.ps_supplycost * (public.partsupp.ps_availqty)::double precision))) DESC"], "Plans": [{"Node Type": "Aggregate", "Strategy": "Plain", "Parent Relationship": "exec_init_plan", "Subplan Name": "InitPlan 1 (returns $1)", "Startup Cost": 41802.27, "Total Cost": 41802.28, "Plan Rows": 1, "Plan Width": 24, "Plans": [{"Node Type": "Nested Loop", "Parent Relationship": "Outer", "Join Type": "Inner", "Startup Cost": 1.32, "Total Cost": 41398.92, "Plan Rows": 53780, "Plan Width": 16, "Inner Unique": false, "Plans": [{"Node Type": "Hash Join", "Parent Relationship": "Outer", "Join Type": "Inner", "Startup Cost": 1.32, "Total Cost": 3574.95, "Plan Rows": 4000, "Plan Width": 8, "Inner Unique": true, "Hash Cond": "(public.supplier.s_nationkey = public.nation.n_nationkey)", "Plans": [{"Node Type": "Seq Scan", "Parent Relationship": "Outer", "Relation Name": "supplier", "Alias": "supplier", "Startup Cost": 0.0, "Total Cost": 3283.0, "Plan Rows": 100000, "Plan Width": 12}, {"Node Type": "Hash", "Parent Relationship": "Inner", "Startup Cost": 1.31, "Total Cost": 1.31, "Plan Rows": 1, "Plan Width": 4, "Plans": [{"Node Type": "Seq Scan", "Parent Relationship": "Outer", "Relation Name": "nation", "Alias": "nation", "Startup Cost": 0.0, "Total Cost": 1.31, "Plan Rows": 1, "Plan Width": 4, "Filter": "(n_name = 'MOZAMBIQUE'::bpchar)"}]}]}, {"Node Type": "Index Scan", "Parent Relationship": "Inner", "Scan Direction": "Forward", "Index Name": "idx_partsupp_suppkey", "Relation Name": "partsupp", "Alias": "partsupp", "Startup Cost": 0.0, "Total Cost": 9.33, "Plan Rows": 13, "Plan Width": 24, "Index Cond": "(ps_suppkey = public.supplier.s_suppkey)"}]}]}, {"Node Type": "Aggregate", "Strategy": "Hashed", "Parent Relationship": "Outer", "Startup Cost": 42340.07, "Total Cost": 43012.32, "Plan Rows": 53780, "Plan Width": 24, "Group By Key": ["public.partsupp.ps_partkey"], "Filter": "(sum((public.partsupp.ps_supplycost * (public.partsupp.ps_availqty)::double precision)) > $1)", "Plans": [{"Node Type": "Nested Loop", "Parent Relationship": "Outer", "Join Type": "Inner", "Startup Cost": 1.32, "Total Cost": 41398.92, "Plan Rows": 53780, "Plan Width": 24, "Inner Unique": false, "Plans": [{"Node Type": "Hash Join", "Parent Relationship": "Outer", "Join Type": "Inner", "Startup Cost": 1.32, "Total Cost": 3574.95, "Plan Rows": 4000, "Plan Width": 8, "Inner Unique": true, "Hash Cond": "(public.supplier.s_nationkey = public.nation.n_nationkey)", "Plans": [{"Node Type": "Seq Scan", "Parent Relationship": "Outer", "Relation Name": "supplier", "Alias": "supplier", "Startup Cost": 0.0, "Total Cost": 3283.0, "Plan Rows": 100000, "Plan Width": 12}, {"Node Type": "Hash", "Parent Relationship": "Inner", "Startup Cost": 1.31, "Total Cost": 1.31, "Plan Rows": 1, "Plan Width": 4, "Plans": [{"Node Type": "Seq Scan", "Parent Relationship": "Outer", "Relation Name": "nation", "Alias": "nation", "Startup Cost": 0.0, "Total Cost": 1.31, "Plan Rows": 1, "Plan Width": 4, "Filter": "(n_name = 'MOZAMBIQUE'::bpchar)"}]}]}, {"Node Type": "Index Scan", "Parent Relationship": "Inner", "Scan Direction": "Forward", "Index Name": "idx_partsupp_suppkey", "Relation Name": "partsupp", "Alias": "partsupp", "Startup Cost": 0.0, "Total Cost": 9.33, "Plan Rows": 13, "Plan Width": 32, "Index Cond": "(ps_suppkey = public.supplier.s_suppkey)"}]}]}]}, "Unique SQL Id": 2932834211, "Planner Runtime": 1}, "explain_analyze_plan": {"Plan": {"Node Type": "Sort", "Startup Cost": 89040.3, "Total Cost": 89174.75, "Plan Rows": 53780, "Plan Width": 24, "Actual Startup Time": 1966.286, "Actual Total Time": 1966.286, "Actual Rows": 0, "Actual Loops": 1, "Sort Key": ["(sum((public.partsupp.ps_supplycost * (public.partsupp.ps_availqty)::double precision))) DESC"], "Sort Method": "quicksort", "Sort Space Used": 25, "Sort Space Type": "Memory", "Plans": [{"Node Type": "Aggregate", "Strategy": "Plain", "Parent Relationship": "exec_init_plan", "Subplan Name": "InitPlan 1 (returns $1)", "Startup Cost": 41802.27, "Total Cost": 41802.28, "Plan Rows": 1, "Plan Width": 24, "Actual Startup Time": 814.836, "Actual Total Time": 814.836, "Actual Rows": 1, "Actual Loops": 1, "Plans": [{"Node Type": "Nested Loop", "Parent Relationship": "Outer", "Join Type": "Inner", "Startup Cost": 1.32, "Total Cost": 41398.92, "Plan Rows": 53780, "Plan Width": 16, "Actual Startup Time": 0.144, "Actual Total Time": 679.652, "Actual Rows": 313920, "Actual Loops": 1, "Inner Unique": false, "Plans": [{"Node Type": "Hash Join", "Parent Relationship": "Outer", "Join Type": "Inner", "Startup Cost": 1.32, "Total Cost": 3574.95, "Plan Rows": 4000, "Plan Width": 8, "Actual Startup Time": 0.118, "Actual Total Time": 51.066, "Actual Rows": 3924, "Actual Loops": 1, "Inner Unique": true, "Hash Cond": "(public.supplier.s_nationkey = public.nation.n_nationkey)", "Plans": [{"Node Type": "Seq Scan", "Parent Relationship": "Outer", "Relation Name": "supplier", "Alias": "supplier", "Startup Cost": 0.0, "Total Cost": 3283.0, "Plan Rows": 100000, "Plan Width": 12, "Actual Startup Time": 0.02, "Actual Total Time": 28.652, "Actual Rows": 100000, "Actual Loops": 1}, {"Node Type": "Hash", "Parent Relationship": "Inner", "Startup Cost": 1.31, "Total Cost": 1.31, "Plan Rows": 1, "Plan Width": 4, "Actual Startup Time": 0.035, "Actual Total Time": 0.035, "Actual Rows": 1, "Actual Loops": 1, "Hash Buckets": 32768, "Hash Batches": 1, "Original Hash Batches": 1, "Peak Memory Usage": 1, "Plans": [{"Node Type": "Seq Scan", "Parent Relationship": "Outer", "Relation Name": "nation", "Alias": "nation", "Startup Cost": 0.0, "Total Cost": 1.31, "Plan Rows": 1, "Plan Width": 4, "Actual Startup Time": 0.023, "Actual Total Time": 0.026, "Actual Rows": 1, "Actual Loops": 1, "Filter": "(n_name = 'MOZAMBIQUE'::bpchar)", "Rows Removed by Filter": 24}]}]}, {"Node Type": "Index Scan", "Parent Relationship": "Inner", "Scan Direction": "Forward", "Index Name": "idx_partsupp_suppkey", "Relation Name": "partsupp", "Alias": "partsupp", "Startup Cost": 0.0, "Total Cost": 9.33, "Plan Rows": 13, "Plan Width": 24, "Actual Startup Time": 45.642, "Actual Total Time": 561.627, "Actual Rows": 313920, "Actual Loops": 3924, "Index Cond": "(ps_suppkey = public.supplier.s_suppkey)", "Rows Removed by Index Recheck": 0}]}]}, {"Node Type": "Aggregate", "Strategy": "Hashed", "Parent Relationship": "Outer", "Startup Cost": 42340.07, "Total Cost": 43012.32, "Plan Rows": 53780, "Plan Width": 24, "Actual Startup Time": 1965.915, "Actual Total Time": 1965.915, "Actual Rows": 0, "Actual Loops": 1, "Group By Key": ["public.partsupp.ps_partkey"], "Filter": "(sum((public.partsupp.ps_supplycost * (public.partsupp.ps_availqty)::double precision)) > $1)", "Rows Removed by Filter": 295792, "Plans": [{"Node Type": "Nested Loop", "Parent Relationship": "Outer", "Join Type": "Inner", "Startup Cost": 1.32, "Total Cost": 41398.92, "Plan Rows": 53780, "Plan Width": 24, "Actual Startup Time": 0.133, "Actual Total Time": 747.644, "Actual Rows": 313920, "Actual Loops": 1, "Inner Unique": false, "Plans": [{"Node Type": "Hash Join", "Parent Relationship": "Outer", "Join Type": "Inner", "Startup Cost": 1.32, "Total Cost": 3574.95, "Plan Rows": 4000, "Plan Width": 8, "Actual Startup Time": 0.106, "Actual Total Time": 53.011, "Actual Rows": 3924, "Actual Loops": 1, "Inner Unique": true, "Hash Cond": "(public.supplier.s_nationkey = public.nation.n_nationkey)", "Plans": [{"Node Type": "Seq Scan", "Parent Relationship": "Outer", "Relation Name": "supplier", "Alias": "supplier", "Startup Cost": 0.0, "Total Cost": 3283.0, "Plan Rows": 100000, "Plan Width": 12, "Actual Startup Time": 0.018, "Actual Total Time": 30.147, "Actual Rows": 100000, "Actual Loops": 1}, {"Node Type": "Hash", "Parent Relationship": "Inner", "Startup Cost": 1.31, "Total Cost": 1.31, "Plan Rows": 1, "Plan Width": 4, "Actual Startup Time": 0.032, "Actual Total Time": 0.032, "Actual Rows": 1, "Actual Loops": 1, "Hash Buckets": 32768, "Hash Batches": 1, "Original Hash Batches": 1, "Peak Memory Usage": 1, "Plans": [{"Node Type": "Seq Scan", "Parent Relationship": "Outer", "Relation Name": "nation", "Alias": "nation", "Startup Cost": 0.0, "Total Cost": 1.31, "Plan Rows": 1, "Plan Width": 4, "Actual Startup Time": 0.021, "Actual Total Time": 0.024, "Actual Rows": 1, "Actual Loops": 1, "Filter": "(n_name = 'MOZAMBIQUE'::bpchar)", "Rows Removed by Filter": 24}]}]}, {"Node Type": "Index Scan", "Parent Relationship": "Inner", "Scan Direction": "Forward", "Index Name": "idx_partsupp_suppkey", "Relation Name": "partsupp", "Alias": "partsupp", "Startup Cost": 0.0, "Total Cost": 9.33, "Plan Rows": 13, "Plan Width": 32, "Actual Startup Time": 49.124, "Actual Total Time": 623.306, "Actual Rows": 313920, "Actual Loops": 3924, "Index Cond": "(ps_suppkey = public.supplier.s_suppkey)", "Rows Removed by Index Recheck": 0}]}]}]}, "Triggers": [], "Planner Runtime": 1, "Total Runtime": 1966.592, "Unique SQL Id": 2932834211}}, "(1, 77)": {"explain_plan": {"Plan": {"Node Type": "Sort", "Startup Cost": 93166.14, "Total Cost": 93300.59, "Plan Rows": 53780, "Plan Width": 24, "Sort Key": ["(sum((public.partsupp.ps_supplycost * (public.partsupp.ps_availqty)::double precision))) DESC"], "Plans": [{"Node Type": "Aggregate", "Strategy": "Plain", "Parent Relationship": "exec_init_plan", "Subplan Name": "InitPlan 1 (returns $1)", "Startup Cost": 43865.19, "Total Cost": 43865.2, "Plan Rows": 1, "Plan Width": 24, "Plans": [{"Node Type": "Nested Loop", "Parent Relationship": "Outer", "Join Type": "Inner", "Startup Cost": 12.7, "Total Cost": 43461.84, "Plan Rows": 53780, "Plan Width": 16, "Inner Unique": false, "Plans": [{"Node Type": "Hash Join", "Parent Relationship": "Outer", "Join Type": "Inner", "Startup Cost": 12.7, "Total Cost": 5637.87, "Plan Rows": 4000, "Plan Width": 8, "Inner Unique": true, "Hash Cond": "(public.supplier.s_nationkey = public.nation.n_nationkey)", "Plans": [{"Node Type": "Index Scan", "Parent Relationship": "Outer", "Scan Direction": "Forward", "Index Name": "supplier_pkey", "Relation Name": "supplier", "Alias": "supplier", "Startup Cost": 0.0, "Total Cost": 5334.54, "Plan Rows": 100000, "Plan Width": 12}, {"Node Type": "Hash", "Parent Relationship": "Inner", "Startup Cost": 12.69, "Total Cost": 12.69, "Plan Rows": 1, "Plan Width": 4, "Plans": [{"Node Type": "Index Scan", "Parent Relationship": "Outer", "Scan Direction": "Forward", "Index Name": "nation_pkey", "Relation Name": "nation", "Alias": "nation", "Startup Cost": 0.0, "Total Cost": 12.69, "Plan Rows": 1, "Plan Width": 4, "Filter": "(n_name = 'MOZAMBIQUE'::bpchar)"}]}]}, {"Node Type": "Index Scan", "Parent Relationship": "Inner", "Scan Direction": "Forward", "Index Name": "idx_partsupp_suppkey", "Relation Name": "partsupp", "Alias": "partsupp", "Startup Cost": 0.0, "Total Cost": 9.33, "Plan Rows": 13, "Plan Width": 24, "Index Cond": "(ps_suppkey = public.supplier.s_suppkey)"}]}]}, {"Node Type": "Aggregate", "Strategy": "Hashed", "Parent Relationship": "Outer", "Startup Cost": 44402.99, "Total Cost": 45075.24, "Plan Rows": 53780, "Plan Width": 24, "Group By Key": ["public.partsupp.ps_partkey"], "Filter": "(sum((public.partsupp.ps_supplycost * (public.partsupp.ps_availqty)::double precision)) > $1)", "Plans": [{"Node Type": "Nested Loop", "Parent Relationship": "Outer", "Join Type": "Inner", "Startup Cost": 12.7, "Total Cost": 43461.84, "Plan Rows": 53780, "Plan Width": 24, "Inner Unique": false, "Plans": [{"Node Type": "Hash Join", "Parent Relationship": "Outer", "Join Type": "Inner", "Startup Cost": 12.7, "Total Cost": 5637.87, "Plan Rows": 4000, "Plan Width": 8, "Inner Unique": true, "Hash Cond": "(public.supplier.s_nationkey = public.nation.n_nationkey)", "Plans": [{"Node Type": "Index Scan", "Parent Relationship": "Outer", "Scan Direction": "Forward", "Index Name": "supplier_pkey", "Relation Name": "supplier", "Alias": "supplier", "Startup Cost": 0.0, "Total Cost": 5334.54, "Plan Rows": 100000, "Plan Width": 12}, {"Node Type": "Hash", "Parent Relationship": "Inner", "Startup Cost": 12.69, "Total Cost": 12.69, "Plan Rows": 1, "Plan Width": 4, "Plans": [{"Node Type": "Index Scan", "Parent Relationship": "Outer", "Scan Direction": "Forward", "Index Name": "nation_pkey", "Relation Name": "nation", "Alias": "nation", "Startup Cost": 0.0, "Total Cost": 12.69, "Plan Rows": 1, "Plan Width": 4, "Filter": "(n_name = 'MOZAMBIQUE'::bpchar)"}]}]}, {"Node Type": "Index Scan", "Parent Relationship": "Inner", "Scan Direction": "Forward", "Index Name": "idx_partsupp_suppkey", "Relation Name": "partsupp", "Alias": "partsupp", "Startup Cost": 0.0, "Total Cost": 9.33, "Plan Rows": 13, "Plan Width": 32, "Index Cond": "(ps_suppkey = public.supplier.s_suppkey)"}]}]}]}, "Unique SQL Id": 2932834211, "Planner Runtime": 1}, "explain_analyze_plan": {"Plan": {"Node Type": "Sort", "Startup Cost": 93166.14, "Total Cost": 93300.59, "Plan Rows": 53780, "Plan Width": 24, "Actual Startup Time": 1974.357, "Actual Total Time": 1974.357, "Actual Rows": 0, "Actual Loops": 1, "Sort Key": ["(sum((public.partsupp.ps_supplycost * (public.partsupp.ps_availqty)::double precision))) DESC"], "Sort Method": "quicksort", "Sort Space Used": 25, "Sort Space Type": "Memory", "Plans": [{"Node Type": "Aggregate", "Strategy": "Plain", "Parent Relationship": "exec_init_plan", "Subplan Name": "InitPlan 1 (returns $1)", "Startup Cost": 43865.19, "Total Cost": 43865.2, "Plan Rows": 1, "Plan Width": 24, "Actual Startup Time": 817.132, "Actual Total Time": 817.133, "Actual Rows": 1, "Actual Loops": 1, "Plans": [{"Node Type": "Nested Loop", "Parent Relationship": "Outer", "Join Type": "Inner", "Startup Cost": 12.7, "Total Cost": 43461.84, "Plan Rows": 53780, "Plan Width": 16, "Actual Startup Time": 0.175, "Actual Total Time": 680.837, "Actual Rows": 313920, "Actual Loops": 1, "Inner Unique": false, "Plans": [{"Node Type": "Hash Join", "Parent Relationship": "Outer", "Join Type": "Inner", "Startup Cost": 12.7, "Total Cost": 5637.87, "Plan Rows": 4000, "Plan Width": 8, "Actual Startup Time": 0.15, "Actual Total Time": 74.596, "Actual Rows": 3924, "Actual Loops": 1, "Inner Unique": true, "Hash Cond": "(public.supplier.s_nationkey = public.nation.n_nationkey)", "Plans": [{"Node Type": "Index Scan", "Parent Relationship": "Outer", "Scan Direction": "Forward", "Index Name": "supplier_pkey", "Relation Name": "supplier", "Alias": "supplier", "Startup Cost": 0.0, "Total Cost": 5334.54, "Plan Rows": 100000, "Plan Width": 12, "Actual Startup Time": 0.032, "Actual Total Time": 53.574, "Actual Rows": 100000, "Actual Loops": 1}, {"Node Type": "Hash", "Parent Relationship": "Inner", "Startup Cost": 12.69, "Total Cost": 12.69, "Plan Rows": 1, "Plan Width": 4, "Actual Startup Time": 0.044, "Actual Total Time": 0.044, "Actual Rows": 1, "Actual Loops": 1, "Hash Buckets": 32768, "Hash Batches": 1, "Original Hash Batches": 1, "Peak Memory Usage": 1, "Plans": [{"Node Type": "Index Scan", "Parent Relationship": "Outer", "Scan Direction": "Forward", "Index Name": "nation_pkey", "Relation Name": "nation", "Alias": "nation", "Startup Cost": 0.0, "Total Cost": 12.69, "Plan Rows": 1, "Plan Width": 4, "Actual Startup Time": 0.028, "Actual Total Time": 0.034, "Actual Rows": 1, "Actual Loops": 1, "Filter": "(n_name = 'MOZAMBIQUE'::bpchar)", "Rows Removed by Filter": 24}]}]}, {"Node Type": "Index Scan", "Parent Relationship": "Inner", "Scan Direction": "Forward", "Index Name": "idx_partsupp_suppkey", "Relation Name": "partsupp", "Alias": "partsupp", "Startup Cost": 0.0, "Total Cost": 9.33, "Plan Rows": 13, "Plan Width": 24, "Actual Startup Time": 43.949, "Actual Total Time": 539.771, "Actual Rows": 313920, "Actual Loops": 3924, "Index Cond": "(ps_suppkey = public.supplier.s_suppkey)", "Rows Removed by Index Recheck": 0}]}]}, {"Node Type": "Aggregate", "Strategy": "Hashed", "Parent Relationship": "Outer", "Startup Cost": 44402.99, "Total Cost": 45075.24, "Plan Rows": 53780, "Plan Width": 24, "Actual Startup Time": 1973.893, "Actual Total Time": 1973.893, "Actual Rows": 0, "Actual Loops": 1, "Group By Key": ["public.partsupp.ps_partkey"], "Filter": "(sum((public.partsupp.ps_supplycost * (public.partsupp.ps_availqty)::double precision)) > $1)", "Rows Removed by Filter": 295792, "Plans": [{"Node Type": "Nested Loop", "Parent Relationship": "Outer", "Join Type": "Inner", "Startup Cost": 12.7, "Total Cost": 43461.84, "Plan Rows": 53780, "Plan Width": 24, "Actual Startup Time": 0.136, "Actual Total Time": 736.735, "Actual Rows": 313920, "Actual Loops": 1, "Inner Unique": false, "Plans": [{"Node Type": "Hash Join", "Parent Relationship": "Outer", "Join Type": "Inner", "Startup Cost": 12.7, "Total Cost": 5637.87, "Plan Rows": 4000, "Plan Width": 8, "Actual Startup Time": 0.114, "Actual Total Time": 77.829, "Actual Rows": 3924, "Actual Loops": 1, "Inner Unique": true, "Hash Cond": "(public.supplier.s_nationkey = public.nation.n_nationkey)", "Plans": [{"Node Type": "Index Scan", "Parent Relationship": "Outer", "Scan Direction": "Forward", "Index Name": "supplier_pkey", "Relation Name": "supplier", "Alias": "supplier", "Startup Cost": 0.0, "Total Cost": 5334.54, "Plan Rows": 100000, "Plan Width": 12, "Actual Startup Time": 0.027, "Actual Total Time": 56.396, "Actual Rows": 100000, "Actual Loops": 1}, {"Node Type": "Hash", "Parent Relationship": "Inner", "Startup Cost": 12.69, "Total Cost": 12.69, "Plan Rows": 1, "Plan Width": 4, "Actual Startup Time": 0.036, "Actual Total Time": 0.036, "Actual Rows": 1, "Actual Loops": 1, "Hash Buckets": 32768, "Hash Batches": 1, "Original Hash Batches": 1, "Peak Memory Usage": 1, "Plans": [{"Node Type": "Index Scan", "Parent Relationship": "Outer", "Scan Direction": "Forward", "Index Name": "nation_pkey", "Relation Name": "nation", "Alias": "nation", "Startup Cost": 0.0, "Total Cost": 12.69, "Plan Rows": 1, "Plan Width": 4, "Actual Startup Time": 0.023, "Actual Total Time": 0.028, "Actual Rows": 1, "Actual Loops": 1, "Filter": "(n_name = 'MOZAMBIQUE'::bpchar)", "Rows Removed by Filter": 24}]}]}, {"Node Type": "Index Scan", "Parent Relationship": "Inner", "Scan Direction": "Forward", "Index Name": "idx_partsupp_suppkey", "Relation Name": "partsupp", "Alias": "partsupp", "Startup Cost": 0.0, "Total Cost": 9.33, "Plan Rows": 13, "Plan Width": 32, "Actual Startup Time": 46.453, "Actual Total Time": 587.121, "Actual Rows": 313920, "Actual Loops": 3924, "Index Cond": "(ps_suppkey = public.supplier.s_suppkey)", "Rows Removed by Index Recheck": 0}]}]}]}, "Triggers": [], "Planner Runtime": 0, "Total Runtime": 1974.638, "Unique SQL Id": 2932834211}}, "(1, 78)": {"explain_plan": {"Plan": {"Node Type": "Sort", "Startup Cost": 614546.2, "Total Cost": 614680.65, "Plan Rows": 53780, "Plan Width": 24, "Sort Key": ["(sum((public.partsupp.ps_supplycost * (public.partsupp.ps_availqty)::double precision))) DESC"], "Plans": [{"Node Type": "Aggregate", "Strategy": "Plain", "Parent Relationship": "exec_init_plan", "Subplan Name": "InitPlan 1 (returns $0)", "Startup Cost": 304555.21, "Total Cost": 304555.23, "Plan Rows": 1, "Plan Width": 24, "Plans": [{"Node Type": "Hash Join", "Parent Relationship": "Outer", "Join Type": "Inner", "Startup Cost": 3624.95, "Total Cost": 304151.86, "Plan Rows": 53780, "Plan Width": 16, "Inner Unique": false, "Hash Cond": "(public.partsupp.ps_suppkey = public.supplier.s_suppkey)", "Plans": [{"Node Type": "Seq Scan", "Parent Relationship": "Outer", "Relation Name": "partsupp", "Alias": "partsupp", "Startup Cost": 0.0, "Total Cost": 269987.72, "Plan Rows": 8000372, "Plan Width": 24}, {"Node Type": "Hash", "Parent Relationship": "Inner", "Startup Cost": 3574.95, "Total Cost": 3574.95, "Plan Rows": 4000, "Plan Width": 8, "Plans": [{"Node Type": "Hash Join", "Parent Relationship": "Outer", "Join Type": "Inner", "Startup Cost": 1.32, "Total Cost": 3574.95, "Plan Rows": 4000, "Plan Width": 8, "Inner Unique": true, "Hash Cond": "(public.supplier.s_nationkey = public.nation.n_nationkey)", "Plans": [{"Node Type": "Seq Scan", "Parent Relationship": "Outer", "Relation Name": "supplier", "Alias": "supplier", "Startup Cost": 0.0, "Total Cost": 3283.0, "Plan Rows": 100000, "Plan Width": 12}, {"Node Type": "Hash", "Parent Relationship": "Inner", "Startup Cost": 1.31, "Total Cost": 1.31, "Plan Rows": 1, "Plan Width": 4, "Plans": [{"Node Type": "Seq Scan", "Parent Relationship": "Outer", "Relation Name": "nation", "Alias": "nation", "Startup Cost": 0.0, "Total Cost": 1.31, "Plan Rows": 1, "Plan Width": 4, "Filter": "(n_name = 'MOZAMBIQUE'::bpchar)"}]}]}]}]}]}, {"Node Type": "Aggregate", "Strategy": "Hashed", "Parent Relationship": "Outer", "Startup Cost": 305093.02, "Total Cost": 305765.27, "Plan Rows": 53780, "Plan Width": 24, "Group By Key": ["public.partsupp.ps_partkey"], "Filter": "(sum((public.partsupp.ps_supplycost * (public.partsupp.ps_availqty)::double precision)) > $0)", "Plans": [{"Node Type": "Hash Join", "Parent Relationship": "Outer", "Join Type": "Inner", "Startup Cost": 3624.95, "Total Cost": 304151.86, "Plan Rows": 53780, "Plan Width": 24, "Inner Unique": false, "Hash Cond": "(public.partsupp.ps_suppkey = public.supplier.s_suppkey)", "Plans": [{"Node Type": "Seq Scan", "Parent Relationship": "Outer", "Relation Name": "partsupp", "Alias": "partsupp", "Startup Cost": 0.0, "Total Cost": 269987.72, "Plan Rows": 8000372, "Plan Width": 32}, {"Node Type": "Hash", "Parent Relationship": "Inner", "Startup Cost": 3574.95, "Total Cost": 3574.95, "Plan Rows": 4000, "Plan Width": 8, "Plans": [{"Node Type": "Hash Join", "Parent Relationship": "Outer", "Join Type": "Inner", "Startup Cost": 1.32, "Total Cost": 3574.95, "Plan Rows": 4000, "Plan Width": 8, "Inner Unique": true, "Hash Cond": "(public.supplier.s_nationkey = public.nation.n_nationkey)", "Plans": [{"Node Type": "Seq Scan", "Parent Relationship": "Outer", "Relation Name": "supplier", "Alias": "supplier", "Startup Cost": 0.0, "Total Cost": 3283.0, "Plan Rows": 100000, "Plan Width": 12}, {"Node Type": "Hash", "Parent Relationship": "Inner", "Startup Cost": 1.31, "Total Cost": 1.31, "Plan Rows": 1, "Plan Width": 4, "Plans": [{"Node Type": "Seq Scan", "Parent Relationship": "Outer", "Relation Name": "nation", "Alias": "nation", "Startup Cost": 0.0, "Total Cost": 1.31, "Plan Rows": 1, "Plan Width": 4, "Filter": "(n_name = 'MOZAMBIQUE'::bpchar)"}]}]}]}]}]}]}, "Unique SQL Id": 2932834211, "Planner Runtime": 1}, "explain_analyze_plan": null}, "(1, 79)": {"explain_plan": {"Plan": {"Node Type": "Sort", "Startup Cost": 6000102466442.74, "Total Cost": 6000102466577.19, "Plan Rows": 53780, "Plan Width": 24, "Sort Key": ["(sum((public.partsupp.ps_supplycost * (public.partsupp.ps_availqty)::double precision))) DESC"], "Plans": [{"Node Type": "Aggregate", "Strategy": "Plain", "Parent Relationship": "exec_init_plan", "Subplan Name": "InitPlan 1 (returns $0)", "Startup Cost": 3000051230503.49, "Total Cost": 3000051230503.5, "Plan Rows": 1, "Plan Width": 24, "Plans": [{"Node Type": "Hash Join", "Parent Relationship": "Outer", "Join Type": "Inner", "Startup Cost": 1020010396837.26, "Total Cost": 3000051230100.14, "Plan Rows": 53780, "Plan Width": 16, "Inner Unique": true, "Hash Cond": "(public.supplier.s_nationkey = public.nation.n_nationkey)", "Plans": [{"Node Type": "Merge Join", "Parent Relationship": "Outer", "Join Type": "Inner", "Startup Cost": 20010395568.5, "Total Cost": 2000051224923.92, "Plan Rows": 1344499, "Plan Width": 20, "Inner Unique": false, "Merge Cond": "(public.supplier.s_suppkey = public.partsupp.ps_suppkey)", "Plans": [{"Node Type": "Index Scan", "Parent Relationship": "Outer", "Scan Direction": "Forward", "Index Name": "supplier_pkey", "Relation Name": "supplier", "Alias": "supplier", "Startup Cost": 10000000000.0, "Total Cost": 1000000533454.38, "Plan Rows": 100000, "Plan Width": 12}, {"Node Type": "Index Scan", "Parent Relationship": "Inner", "Scan Direction": "Forward", "Index Name": "idx_partsupp_suppkey", "Relation Name": "partsupp", "Alias": "partsupp", "Startup Cost": 10000000000.0, "Total Cost": 1000100160480.77, "Plan Rows": 8000372, "Plan Width": 24}]}, {"Node Type": "Hash", "Parent Relationship": "Inner", "Startup Cost": 1000000001268.75, "Total Cost": 1000000001268.75, "Plan Rows": 1, "Plan Width": 4, "Plans": [{"Node Type": "Index Scan", "Parent Relationship": "Outer", "Scan Direction": "Forward", "Index Name": "nation_pkey", "Relation Name": "nation", "Alias": "nation", "Startup Cost": 10000000000.0, "Total Cost": 1000000001268.75, "Plan Rows": 1, "Plan Width": 4, "Filter": "(n_name = 'MOZAMBIQUE'::bpchar)"}]}]}]}, {"Node Type": "Aggregate", "Strategy": "Hashed", "Parent Relationship": "Outer", "Startup Cost": 3000051231041.29, "Total Cost": 3000051231713.54, "Plan Rows": 53780, "Plan Width": 24, "Group By Key": ["public.partsupp.ps_partkey"], "Filter": "(sum((public.partsupp.ps_supplycost * (public.partsupp.ps_availqty)::double precision)) > $0)", "Plans": [{"Node Type": "Hash Join", "Parent Relationship": "Outer", "Join Type": "Inner", "Startup Cost": 1020010396837.26, "Total Cost": 3000051230100.14, "Plan Rows": 53780, "Plan Width": 24, "Inner Unique": true, "Hash Cond": "(public.supplier.s_nationkey = public.nation.n_nationkey)", "Plans": [{"Node Type": "Merge Join", "Parent Relationship": "Outer", "Join Type": "Inner", "Startup Cost": 20010395568.5, "Total Cost": 2000051224923.92, "Plan Rows": 1344499, "Plan Width": 28, "Inner Unique": false, "Merge Cond": "(public.supplier.s_suppkey = public.partsupp.ps_suppkey)", "Plans": [{"Node Type": "Index Scan", "Parent Relationship": "Outer", "Scan Direction": "Forward", "Index Name": "supplier_pkey", "Relation Name": "supplier", "Alias": "supplier", "Startup Cost": 10000000000.0, "Total Cost": 1000000533454.38, "Plan Rows": 100000, "Plan Width": 12}, {"Node Type": "Index Scan", "Parent Relationship": "Inner", "Scan Direction": "Forward", "Index Name": "idx_partsupp_suppkey", "Relation Name": "partsupp", "Alias": "partsupp", "Startup Cost": 10000000000.0, "Total Cost": 1000100160480.77, "Plan Rows": 8000372, "Plan Width": 32}]}, {"Node Type": "Hash", "Parent Relationship": "Inner", "Startup Cost": 1000000001268.75, "Total Cost": 1000000001268.75, "Plan Rows": 1, "Plan Width": 4, "Plans": [{"Node Type": "Index Scan", "Parent Relationship": "Outer", "Scan Direction": "Forward", "Index Name": "nation_pkey", "Relation Name": "nation", "Alias": "nation", "Startup Cost": 10000000000.0, "Total Cost": 1000000001268.75, "Plan Rows": 1, "Plan Width": 4, "Filter": "(n_name = 'MOZAMBIQUE'::bpchar)"}]}]}]}]}, "Unique SQL Id": 2932834211, "Planner Runtime": 1}, "explain_analyze_plan": null}, "(1, 80)": {"explain_plan": {"Plan": {"Node Type": "Sort", "Startup Cost": 86957.11, "Total Cost": 87091.56, "Plan Rows": 53780, "Plan Width": 24, "Sort Key": ["(sum((public.partsupp.ps_supplycost * (public.partsupp.ps_availqty)::double precision))) DESC"], "Plans": [{"Node Type": "Aggregate", "Strategy": "Plain", "Parent Relationship": "exec_init_plan", "Subplan Name": "InitPlan 1 (returns $2)", "Startup Cost": 40760.67, "Total Cost": 40760.68, "Plan Rows": 1, "Plan Width": 24, "Plans": [{"Node Type": "Nested Loop", "Parent Relationship": "Outer", "Join Type": "Inner", "Startup Cost": 95.25, "Total Cost": 40357.32, "Plan Rows": 53780, "Plan Width": 16, "Inner Unique": false, "Plans": [{"Node Type": "Nested Loop", "Parent Relationship": "Outer", "Join Type": "Inner", "Startup Cost": 95.25, "Total Cost": 2533.35, "Plan Rows": 4000, "Plan Width": 8, "Inner Unique": false, "Plans": [{"Node Type": "Seq Scan", "Parent Relationship": "Outer", "Relation Name": "nation", "Alias": "nation", "Startup Cost": 0.0, "Total Cost": 1.31, "Plan Rows": 1, "Plan Width": 4, "Filter": "(n_name = 'MOZAMBIQUE'::bpchar)"}, {"Node Type": "Bitmap Heap Scan", "Parent Relationship": "Inner", "Relation Name": "supplier", "Alias": "supplier", "Startup Cost": 95.25, "Total Cost": 2492.04, "Plan Rows": 4000, "Plan Width": 12, "Recheck Cond": "(s_nationkey = public.nation.n_nationkey)", "Plans": [{"Node Type": "Bitmap Index Scan", "Parent Relationship": "Outer", "Index Name": "idx_supplier_nation_key", "Startup Cost": 0.0, "Total Cost": 94.25, "Plan Rows": 4000, "Plan Width": 0, "Index Cond": "(s_nationkey = public.nation.n_nationkey)"}]}]}, {"Node Type": "Index Scan", "Parent Relationship": "Inner", "Scan Direction": "Forward", "Index Name": "idx_partsupp_suppkey", "Relation Name": "partsupp", "Alias": "partsupp", "Startup Cost": 0.0, "Total Cost": 9.33, "Plan Rows": 13, "Plan Width": 24, "Index Cond": "(ps_suppkey = public.supplier.s_suppkey)"}]}]}, {"Node Type": "Aggregate", "Strategy": "Hashed", "Parent Relationship": "Outer", "Startup Cost": 41298.47, "Total Cost": 41970.72, "Plan Rows": 53780, "Plan Width": 24, "Group By Key": ["public.partsupp.ps_partkey"], "Filter": "(sum((public.partsupp.ps_supplycost * (public.partsupp.ps_availqty)::double precision)) > $2)", "Plans": [{"Node Type": "Nested Loop", "Parent Relationship": "Outer", "Join Type": "Inner", "Startup Cost": 95.25, "Total Cost": 40357.32, "Plan Rows": 53780, "Plan Width": 24, "Inner Unique": false, "Plans": [{"Node Type": "Nested Loop", "Parent Relationship": "Outer", "Join Type": "Inner", "Startup Cost": 95.25, "Total Cost": 2533.35, "Plan Rows": 4000, "Plan Width": 8, "Inner Unique": false, "Plans": [{"Node Type": "Seq Scan", "Parent Relationship": "Outer", "Relation Name": "nation", "Alias": "nation", "Startup Cost": 0.0, "Total Cost": 1.31, "Plan Rows": 1, "Plan Width": 4, "Filter": "(n_name = 'MOZAMBIQUE'::bpchar)"}, {"Node Type": "Bitmap Heap Scan", "Parent Relationship": "Inner", "Relation Name": "supplier", "Alias": "supplier", "Startup Cost": 95.25, "Total Cost": 2492.04, "Plan Rows": 4000, "Plan Width": 12, "Recheck Cond": "(s_nationkey = public.nation.n_nationkey)", "Plans": [{"Node Type": "Bitmap Index Scan", "Parent Relationship": "Outer", "Index Name": "idx_supplier_nation_key", "Startup Cost": 0.0, "Total Cost": 94.25, "Plan Rows": 4000, "Plan Width": 0, "Index Cond": "(s_nationkey = public.nation.n_nationkey)"}]}]}, {"Node Type": "Index Scan", "Parent Relationship": "Inner", "Scan Direction": "Forward", "Index Name": "idx_partsupp_suppkey", "Relation Name": "partsupp", "Alias": "partsupp", "Startup Cost": 0.0, "Total Cost": 9.33, "Plan Rows": 13, "Plan Width": 32, "Index Cond": "(ps_suppkey = public.supplier.s_suppkey)"}]}]}]}, "Unique SQL Id": 2932834211, "Planner Runtime": 1}, "explain_analyze_plan": {"Plan": {"Node Type": "Sort", "Startup Cost": 86957.11, "Total Cost": 87091.56, "Plan Rows": 53780, "Plan Width": 24, "Actual Startup Time": 1860.176, "Actual Total Time": 1860.176, "Actual Rows": 0, "Actual Loops": 1, "Sort Key": ["(sum((public.partsupp.ps_supplycost * (public.partsupp.ps_availqty)::double precision))) DESC"], "Sort Method": "quicksort", "Sort Space Used": 25, "Sort Space Type": "Memory", "Plans": [{"Node Type": "Aggregate", "Strategy": "Plain", "Parent Relationship": "exec_init_plan", "Subplan Name": "InitPlan 1 (returns $2)", "Startup Cost": 40760.67, "Total Cost": 40760.68, "Plan Rows": 1, "Plan Width": 24, "Actual Startup Time": 807.27, "Actual Total Time": 807.27, "Actual Rows": 1, "Actual Loops": 1, "Plans": [{"Node Type": "Nested Loop", "Parent Relationship": "Outer", "Join Type": "Inner", "Startup Cost": 95.25, "Total Cost": 40357.32, "Plan Rows": 53780, "Plan Width": 16, "Actual Startup Time": 0.965, "Actual Total Time": 672.642, "Actual Rows": 313920, "Actual Loops": 1, "Inner Unique": false, "Plans": [{"Node Type": "Nested Loop", "Parent Relationship": "Outer", "Join Type": "Inner", "Startup Cost": 95.25, "Total Cost": 2533.35, "Plan Rows": 4000, "Plan Width": 8, "Actual Startup Time": 0.942, "Actual Total Time": 8.242, "Actual Rows": 3924, "Actual Loops": 1, "Inner Unique": false, "Plans": [{"Node Type": "Seq Scan", "Parent Relationship": "Outer", "Relation Name": "nation", "Alias": "nation", "Startup Cost": 0.0, "Total Cost": 1.31, "Plan Rows": 1, "Plan Width": 4, "Actual Startup Time": 0.022, "Actual Total Time": 0.034, "Actual Rows": 1, "Actual Loops": 1, "Filter": "(n_name = 'MOZAMBIQUE'::bpchar)", "Rows Removed by Filter": 24}, {"Node Type": "Bitmap Heap Scan", "Parent Relationship": "Inner", "Relation Name": "supplier", "Alias": "supplier", "Startup Cost": 95.25, "Total Cost": 2492.04, "Plan Rows": 4000, "Plan Width": 12, "Actual Startup Time": 0.902, "Actual Total Time": 7.218, "Actual Rows": 3924, "Actual Loops": 1, "Recheck Cond": "(s_nationkey = public.nation.n_nationkey)", "Rows Removed by Index Recheck": 0, "Exact Heap Blocks": 1895, "Lossy Heap Blocks": 1895, "Plans": [{"Node Type": "Bitmap Index Scan", "Parent Relationship": "Outer", "Index Name": "idx_supplier_nation_key", "Startup Cost": 0.0, "Total Cost": 94.25, "Plan Rows": 4000, "Plan Width": 0, "Actual Startup Time": 0.624, "Actual Total Time": 0.624, "Actual Rows": 3924, "Actual Loops": 1, "Index Cond": "(s_nationkey = public.nation.n_nationkey)"}]}]}, {"Node Type": "Index Scan", "Parent Relationship": "Inner", "Scan Direction": "Forward", "Index Name": "idx_partsupp_suppkey", "Relation Name": "partsupp", "Alias": "partsupp", "Startup Cost": 0.0, "Total Cost": 9.33, "Plan Rows": 13, "Plan Width": 24, "Actual Startup Time": 47.388, "Actual Total Time": 597.413, "Actual Rows": 313920, "Actual Loops": 3924, "Index Cond": "(ps_suppkey = public.supplier.s_suppkey)", "Rows Removed by Index Recheck": 0}]}]}, {"Node Type": "Aggregate", "Strategy": "Hashed", "Parent Relationship": "Outer", "Startup Cost": 41298.47, "Total Cost": 41970.72, "Plan Rows": 53780, "Plan Width": 24, "Actual Startup Time": 1859.631, "Actual Total Time": 1859.631, "Actual Rows": 0, "Actual Loops": 1, "Group By Key": ["public.partsupp.ps_partkey"], "Filter": "(sum((public.partsupp.ps_supplycost * (public.partsupp.ps_availqty)::double precision)) > $2)", "Rows Removed by Filter": 295792, "Plans": [{"Node Type": "Nested Loop", "Parent Relationship": "Outer", "Join Type": "Inner", "Startup Cost": 95.25, "Total Cost": 40357.32, "Plan Rows": 53780, "Plan Width": 24, "Actual Startup Time": 0.962, "Actual Total Time": 624.76, "Actual Rows": 313920, "Actual Loops": 1, "Inner Unique": false, "Plans": [{"Node Type": "Nested Loop", "Parent Relationship": "Outer", "Join Type": "Inner", "Startup Cost": 95.25, "Total Cost": 2533.35, "Plan Rows": 4000, "Plan Width": 8, "Actual Startup Time": 0.938, "Actual Total Time": 7.852, "Actual Rows": 3924, "Actual Loops": 1, "Inner Unique": false, "Plans": [{"Node Type": "Seq Scan", "Parent Relationship": "Outer", "Relation Name": "nation", "Alias": "nation", "Startup Cost": 0.0, "Total Cost": 1.31, "Plan Rows": 1, "Plan Width": 4, "Actual Startup Time": 0.03, "Actual Total Time": 0.042, "Actual Rows": 1, "Actual Loops": 1, "Filter": "(n_name = 'MOZAMBIQUE'::bpchar)", "Rows Removed by Filter": 24}, {"Node Type": "Bitmap Heap Scan", "Parent Relationship": "Inner", "Relation Name": "supplier", "Alias": "supplier", "Startup Cost": 95.25, "Total Cost": 2492.04, "Plan Rows": 4000, "Plan Width": 12, "Actual Startup Time": 0.901, "Actual Total Time": 6.942, "Actual Rows": 3924, "Actual Loops": 1, "Recheck Cond": "(s_nationkey = public.nation.n_nationkey)", "Rows Removed by Index Recheck": 0, "Exact Heap Blocks": 1895, "Lossy Heap Blocks": 1895, "Plans": [{"Node Type": "Bitmap Index Scan", "Parent Relationship": "Outer", "Index Name": "idx_supplier_nation_key", "Startup Cost": 0.0, "Total Cost": 94.25, "Plan Rows": 4000, "Plan Width": 0, "Actual Startup Time": 0.617, "Actual Total Time": 0.617, "Actual Rows": 3924, "Actual Loops": 1, "Index Cond": "(s_nationkey = public.nation.n_nationkey)"}]}]}, {"Node Type": "Index Scan", "Parent Relationship": "Inner", "Scan Direction": "Forward", "Index Name": "idx_partsupp_suppkey", "Relation Name": "partsupp", "Alias": "partsupp", "Startup Cost": 0.0, "Total Cost": 9.33, "Plan Rows": 13, "Plan Width": 32, "Actual Startup Time": 44.498, "Actual Total Time": 545.855, "Actual Rows": 313920, "Actual Loops": 3924, "Index Cond": "(ps_suppkey = public.supplier.s_suppkey)", "Rows Removed by Index Recheck": 0}]}]}]}, "Triggers": [], "Planner Runtime": 0, "Total Runtime": 1860.493, "Unique SQL Id": 2932834211}}, "(1, 81)": {"explain_plan": {"Plan": {"Node Type": "Sort", "Startup Cost": 86979.86, "Total Cost": 87114.31, "Plan Rows": 53780, "Plan Width": 24, "Sort Key": ["(sum((public.partsupp.ps_supplycost * (public.partsupp.ps_availqty)::double precision))) DESC"], "Plans": [{"Node Type": "Aggregate", "Strategy": "Plain", "Parent Relationship": "exec_init_plan", "Subplan Name": "InitPlan 1 (returns $2)", "Startup Cost": 40772.04, "Total Cost": 40772.06, "Plan Rows": 1, "Plan Width": 24, "Plans": [{"Node Type": "Nested Loop", "Parent Relationship": "Outer", "Join Type": "Inner", "Startup Cost": 95.25, "Total Cost": 40368.69, "Plan Rows": 53780, "Plan Width": 16, "Inner Unique": false, "Plans": [{"Node Type": "Nested Loop", "Parent Relationship": "Outer", "Join Type": "Inner", "Startup Cost": 95.25, "Total Cost": 2544.73, "Plan Rows": 4000, "Plan Width": 8, "Inner Unique": false, "Plans": [{"Node Type": "Index Scan", "Parent Relationship": "Outer", "Scan Direction": "Forward", "Index Name": "nation_pkey", "Relation Name": "nation", "Alias": "nation", "Startup Cost": 0.0, "Total Cost": 12.69, "Plan Rows": 1, "Plan Width": 4, "Filter": "(n_name = 'MOZAMBIQUE'::bpchar)"}, {"Node Type": "Bitmap Heap Scan", "Parent Relationship": "Inner", "Relation Name": "supplier", "Alias": "supplier", "Startup Cost": 95.25, "Total Cost": 2492.04, "Plan Rows": 4000, "Plan Width": 12, "Recheck Cond": "(s_nationkey = public.nation.n_nationkey)", "Plans": [{"Node Type": "Bitmap Index Scan", "Parent Relationship": "Outer", "Index Name": "idx_supplier_nation_key", "Startup Cost": 0.0, "Total Cost": 94.25, "Plan Rows": 4000, "Plan Width": 0, "Index Cond": "(s_nationkey = public.nation.n_nationkey)"}]}]}, {"Node Type": "Index Scan", "Parent Relationship": "Inner", "Scan Direction": "Forward", "Index Name": "idx_partsupp_suppkey", "Relation Name": "partsupp", "Alias": "partsupp", "Startup Cost": 0.0, "Total Cost": 9.33, "Plan Rows": 13, "Plan Width": 24, "Index Cond": "(ps_suppkey = public.supplier.s_suppkey)"}]}]}, {"Node Type": "Aggregate", "Strategy": "Hashed", "Parent Relationship": "Outer", "Startup Cost": 41309.84, "Total Cost": 41982.09, "Plan Rows": 53780, "Plan Width": 24, "Group By Key": ["public.partsupp.ps_partkey"], "Filter": "(sum((public.partsupp.ps_supplycost * (public.partsupp.ps_availqty)::double precision)) > $2)", "Plans": [{"Node Type": "Nested Loop", "Parent Relationship": "Outer", "Join Type": "Inner", "Startup Cost": 95.25, "Total Cost": 40368.69, "Plan Rows": 53780, "Plan Width": 24, "Inner Unique": false, "Plans": [{"Node Type": "Nested Loop", "Parent Relationship": "Outer", "Join Type": "Inner", "Startup Cost": 95.25, "Total Cost": 2544.73, "Plan Rows": 4000, "Plan Width": 8, "Inner Unique": false, "Plans": [{"Node Type": "Index Scan", "Parent Relationship": "Outer", "Scan Direction": "Forward", "Index Name": "nation_pkey", "Relation Name": "nation", "Alias": "nation", "Startup Cost": 0.0, "Total Cost": 12.69, "Plan Rows": 1, "Plan Width": 4, "Filter": "(n_name = 'MOZAMBIQUE'::bpchar)"}, {"Node Type": "Bitmap Heap Scan", "Parent Relationship": "Inner", "Relation Name": "supplier", "Alias": "supplier", "Startup Cost": 95.25, "Total Cost": 2492.04, "Plan Rows": 4000, "Plan Width": 12, "Recheck Cond": "(s_nationkey = public.nation.n_nationkey)", "Plans": [{"Node Type": "Bitmap Index Scan", "Parent Relationship": "Outer", "Index Name": "idx_supplier_nation_key", "Startup Cost": 0.0, "Total Cost": 94.25, "Plan Rows": 4000, "Plan Width": 0, "Index Cond": "(s_nationkey = public.nation.n_nationkey)"}]}]}, {"Node Type": "Index Scan", "Parent Relationship": "Inner", "Scan Direction": "Forward", "Index Name": "idx_partsupp_suppkey", "Relation Name": "partsupp", "Alias": "partsupp", "Startup Cost": 0.0, "Total Cost": 9.33, "Plan Rows": 13, "Plan Width": 32, "Index Cond": "(ps_suppkey = public.supplier.s_suppkey)"}]}]}]}, "Unique SQL Id": 2932834211, "Planner Runtime": 1}, "explain_analyze_plan": {"Plan": {"Node Type": "Sort", "Startup Cost": 86979.86, "Total Cost": 87114.31, "Plan Rows": 53780, "Plan Width": 24, "Actual Startup Time": 1810.725, "Actual Total Time": 1810.725, "Actual Rows": 0, "Actual Loops": 1, "Sort Key": ["(sum((public.partsupp.ps_supplycost * (public.partsupp.ps_availqty)::double precision))) DESC"], "Sort Method": "quicksort", "Sort Space Used": 25, "Sort Space Type": "Memory", "Plans": [{"Node Type": "Aggregate", "Strategy": "Plain", "Parent Relationship": "exec_init_plan", "Subplan Name": "InitPlan 1 (returns $2)", "Startup Cost": 40772.04, "Total Cost": 40772.06, "Plan Rows": 1, "Plan Width": 24, "Actual Startup Time": 757.524, "Actual Total Time": 757.525, "Actual Rows": 1, "Actual Loops": 1, "Plans": [{"Node Type": "Nested Loop", "Parent Relationship": "Outer", "Join Type": "Inner", "Startup Cost": 95.25, "Total Cost": 40368.69, "Plan Rows": 53780, "Plan Width": 16, "Actual Startup Time": 0.984, "Actual Total Time": 623.043, "Actual Rows": 313920, "Actual Loops": 1, "Inner Unique": false, "Plans": [{"Node Type": "Nested Loop", "Parent Relationship": "Outer", "Join Type": "Inner", "Startup Cost": 95.25, "Total Cost": 2544.73, "Plan Rows": 4000, "Plan Width": 8, "Actual Startup Time": 0.961, "Actual Total Time": 7.606, "Actual Rows": 3924, "Actual Loops": 1, "Inner Unique": false, "Plans": [{"Node Type": "Index Scan", "Parent Relationship": "Outer", "Scan Direction": "Forward", "Index Name": "nation_pkey", "Relation Name": "nation", "Alias": "nation", "Startup Cost": 0.0, "Total Cost": 12.69, "Plan Rows": 1, "Plan Width": 4, "Actual Startup Time": 0.021, "Actual Total Time": 0.035, "Actual Rows": 1, "Actual Loops": 1, "Filter": "(n_name = 'MOZAMBIQUE'::bpchar)", "Rows Removed by Filter": 24}, {"Node Type": "Bitmap Heap Scan", "Parent Relationship": "Inner", "Relation Name": "supplier", "Alias": "supplier", "Startup Cost": 95.25, "Total Cost": 2492.04, "Plan Rows": 4000, "Plan Width": 12, "Actual Startup Time": 0.923, "Actual Total Time": 6.688, "Actual Rows": 3924, "Actual Loops": 1, "Recheck Cond": "(s_nationkey = public.nation.n_nationkey)", "Rows Removed by Index Recheck": 0, "Exact Heap Blocks": 1895, "Lossy Heap Blocks": 1895, "Plans": [{"Node Type": "Bitmap Index Scan", "Parent Relationship": "Outer", "Index Name": "idx_supplier_nation_key", "Startup Cost": 0.0, "Total Cost": 94.25, "Plan Rows": 4000, "Plan Width": 0, "Actual Startup Time": 0.63, "Actual Total Time": 0.63, "Actual Rows": 3924, "Actual Loops": 1, "Index Cond": "(s_nationkey = public.nation.n_nationkey)"}]}]}, {"Node Type": "Index Scan", "Parent Relationship": "Inner", "Scan Direction": "Forward", "Index Name": "idx_partsupp_suppkey", "Relation Name": "partsupp", "Alias": "partsupp", "Startup Cost": 0.0, "Total Cost": 9.33, "Plan Rows": 13, "Plan Width": 24, "Actual Startup Time": 44.034, "Actual Total Time": 548.454, "Actual Rows": 313920, "Actual Loops": 3924, "Index Cond": "(ps_suppkey = public.supplier.s_suppkey)", "Rows Removed by Index Recheck": 0}]}]}, {"Node Type": "Aggregate", "Strategy": "Hashed", "Parent Relationship": "Outer", "Startup Cost": 41309.84, "Total Cost": 41982.09, "Plan Rows": 53780, "Plan Width": 24, "Actual Startup Time": 1810.3, "Actual Total Time": 1810.3, "Actual Rows": 0, "Actual Loops": 1, "Group By Key": ["public.partsupp.ps_partkey"], "Filter": "(sum((public.partsupp.ps_supplycost * (public.partsupp.ps_availqty)::double precision)) > $2)", "Rows Removed by Filter": 295792, "Plans": [{"Node Type": "Nested Loop", "Parent Relationship": "Outer", "Join Type": "Inner", "Startup Cost": 95.25, "Total Cost": 40368.69, "Plan Rows": 53780, "Plan Width": 24, "Actual Startup Time": 1.02, "Actual Total Time": 665.011, "Actual Rows": 313920, "Actual Loops": 1, "Inner Unique": false, "Plans": [{"Node Type": "Nested Loop", "Parent Relationship": "Outer", "Join Type": "Inner", "Startup Cost": 95.25, "Total Cost": 2544.73, "Plan Rows": 4000, "Plan Width": 8, "Actual Startup Time": 0.991, "Actual Total Time": 8.384, "Actual Rows": 3924, "Actual Loops": 1, "Inner Unique": false, "Plans": [{"Node Type": "Index Scan", "Parent Relationship": "Outer", "Scan Direction": "Forward", "Index Name": "nation_pkey", "Relation Name": "nation", "Alias": "nation", "Startup Cost": 0.0, "Total Cost": 12.69, "Plan Rows": 1, "Plan Width": 4, "Actual Startup Time": 0.054, "Actual Total Time": 0.067, "Actual Rows": 1, "Actual Loops": 1, "Filter": "(n_name = 'MOZAMBIQUE'::bpchar)", "Rows Removed by Filter": 24}, {"Node Type": "Bitmap Heap Scan", "Parent Relationship": "Inner", "Relation Name": "supplier", "Alias": "supplier", "Startup Cost": 95.25, "Total Cost": 2492.04, "Plan Rows": 4000, "Plan Width": 12, "Actual Startup Time": 0.919, "Actual Total Time": 7.44, "Actual Rows": 3924, "Actual Loops": 1, "Recheck Cond": "(s_nationkey = public.nation.n_nationkey)", "Rows Removed by Index Recheck": 0, "Exact Heap Blocks": 1895, "Lossy Heap Blocks": 1895, "Plans": [{"Node Type": "Bitmap Index Scan", "Parent Relationship": "Outer", "Index Name": "idx_supplier_nation_key", "Startup Cost": 0.0, "Total Cost": 94.25, "Plan Rows": 4000, "Plan Width": 0, "Actual Startup Time": 0.633, "Actual Total Time": 0.633, "Actual Rows": 3924, "Actual Loops": 1, "Index Cond": "(s_nationkey = public.nation.n_nationkey)"}]}]}, {"Node Type": "Index Scan", "Parent Relationship": "Inner", "Scan Direction": "Forward", "Index Name": "idx_partsupp_suppkey", "Relation Name": "partsupp", "Alias": "partsupp", "Startup Cost": 0.0, "Total Cost": 9.33, "Plan Rows": 13, "Plan Width": 32, "Actual Startup Time": 46.318, "Actual Total Time": 585.067, "Actual Rows": 313920, "Actual Loops": 3924, "Index Cond": "(ps_suppkey = public.supplier.s_suppkey)", "Rows Removed by Index Recheck": 0}]}]}]}, "Triggers": [], "Planner Runtime": 0, "Total Runtime": 1811.196, "Unique SQL Id": 2932834211}}, "(1, 82)": {"explain_plan": {"Plan": {"Node Type": "Sort", "Startup Cost": 90032.55, "Total Cost": 90167.0, "Plan Rows": 53780, "Plan Width": 24, "Sort Key": ["(sum((public.partsupp.ps_supplycost * (public.partsupp.ps_availqty)::double precision))) DESC"], "Plans": [{"Node Type": "Aggregate", "Strategy": "Plain", "Parent Relationship": "exec_init_plan", "Subplan Name": "InitPlan 1 (returns $2)", "Startup Cost": 42298.39, "Total Cost": 42298.4, "Plan Rows": 1, "Plan Width": 24, "Plans": [{"Node Type": "Nested Loop", "Parent Relationship": "Outer", "Join Type": "Inner", "Startup Cost": 96.82, "Total Cost": 41895.04, "Plan Rows": 53780, "Plan Width": 16, "Inner Unique": false, "Plans": [{"Node Type": "Nested Loop", "Parent Relationship": "Outer", "Join Type": "Inner", "Startup Cost": 95.25, "Total Cost": 2533.35, "Plan Rows": 4000, "Plan Width": 8, "Inner Unique": false, "Plans": [{"Node Type": "Seq Scan", "Parent Relationship": "Outer", "Relation Name": "nation", "Alias": "nation", "Startup Cost": 0.0, "Total Cost": 1.31, "Plan Rows": 1, "Plan Width": 4, "Filter": "(n_name = 'MOZAMBIQUE'::bpchar)"}, {"Node Type": "Bitmap Heap Scan", "Parent Relationship": "Inner", "Relation Name": "supplier", "Alias": "supplier", "Startup Cost": 95.25, "Total Cost": 2492.04, "Plan Rows": 4000, "Plan Width": 12, "Recheck Cond": "(s_nationkey = public.nation.n_nationkey)", "Plans": [{"Node Type": "Bitmap Index Scan", "Parent Relationship": "Outer", "Index Name": "idx_supplier_nation_key", "Startup Cost": 0.0, "Total Cost": 94.25, "Plan Rows": 4000, "Plan Width": 0, "Index Cond": "(s_nationkey = public.nation.n_nationkey)"}]}]}, {"Node Type": "Bitmap Heap Scan", "Parent Relationship": "Inner", "Relation Name": "partsupp", "Alias": "partsupp", "Startup Cost": 1.57, "Total Cost": 9.71, "Plan Rows": 13, "Plan Width": 24, "Recheck Cond": "(ps_suppkey = public.supplier.s_suppkey)", "Plans": [{"Node Type": "Bitmap Index Scan", "Parent Relationship": "Outer", "Index Name": "idx_partsupp_suppkey", "Startup Cost": 0.0, "Total Cost": 1.56, "Plan Rows": 13, "Plan Width": 0, "Index Cond": "(ps_suppkey = public.supplier.s_suppkey)"}]}]}]}, {"Node Type": "Aggregate", "Strategy": "Hashed", "Parent Relationship": "Outer", "Startup Cost": 42836.19, "Total Cost": 43508.44, "Plan Rows": 53780, "Plan Width": 24, "Group By Key": ["public.partsupp.ps_partkey"], "Filter": "(sum((public.partsupp.ps_supplycost * (public.partsupp.ps_availqty)::double precision)) > $2)", "Plans": [{"Node Type": "Nested Loop", "Parent Relationship": "Outer", "Join Type": "Inner", "Startup Cost": 96.82, "Total Cost": 41895.04, "Plan Rows": 53780, "Plan Width": 24, "Inner Unique": false, "Plans": [{"Node Type": "Nested Loop", "Parent Relationship": "Outer", "Join Type": "Inner", "Startup Cost": 95.25, "Total Cost": 2533.35, "Plan Rows": 4000, "Plan Width": 8, "Inner Unique": false, "Plans": [{"Node Type": "Seq Scan", "Parent Relationship": "Outer", "Relation Name": "nation", "Alias": "nation", "Startup Cost": 0.0, "Total Cost": 1.31, "Plan Rows": 1, "Plan Width": 4, "Filter": "(n_name = 'MOZAMBIQUE'::bpchar)"}, {"Node Type": "Bitmap Heap Scan", "Parent Relationship": "Inner", "Relation Name": "supplier", "Alias": "supplier", "Startup Cost": 95.25, "Total Cost": 2492.04, "Plan Rows": 4000, "Plan Width": 12, "Recheck Cond": "(s_nationkey = public.nation.n_nationkey)", "Plans": [{"Node Type": "Bitmap Index Scan", "Parent Relationship": "Outer", "Index Name": "idx_supplier_nation_key", "Startup Cost": 0.0, "Total Cost": 94.25, "Plan Rows": 4000, "Plan Width": 0, "Index Cond": "(s_nationkey = public.nation.n_nationkey)"}]}]}, {"Node Type": "Bitmap Heap Scan", "Parent Relationship": "Inner", "Relation Name": "partsupp", "Alias": "partsupp", "Startup Cost": 1.57, "Total Cost": 9.71, "Plan Rows": 13, "Plan Width": 32, "Recheck Cond": "(ps_suppkey = public.supplier.s_suppkey)", "Plans": [{"Node Type": "Bitmap Index Scan", "Parent Relationship": "Outer", "Index Name": "idx_partsupp_suppkey", "Startup Cost": 0.0, "Total Cost": 1.56, "Plan Rows": 13, "Plan Width": 0, "Index Cond": "(ps_suppkey = public.supplier.s_suppkey)"}]}]}]}]}, "Unique SQL Id": 2932834211, "Planner Runtime": 1}, "explain_analyze_plan": {"Plan": {"Node Type": "Sort", "Startup Cost": 90032.55, "Total Cost": 90167.0, "Plan Rows": 53780, "Plan Width": 24, "Actual Startup Time": 2112.155, "Actual Total Time": 2112.155, "Actual Rows": 0, "Actual Loops": 1, "Sort Key": ["(sum((public.partsupp.ps_supplycost * (public.partsupp.ps_availqty)::double precision))) DESC"], "Sort Method": "quicksort", "Sort Space Used": 25, "Sort Space Type": "Memory", "Plans": [{"Node Type": "Aggregate", "Strategy": "Plain", "Parent Relationship": "exec_init_plan", "Subplan Name": "InitPlan 1 (returns $2)", "Startup Cost": 42298.39, "Total Cost": 42298.4, "Plan Rows": 1, "Plan Width": 24, "Actual Startup Time": 928.307, "Actual Total Time": 928.307, "Actual Rows": 1, "Actual Loops": 1, "Plans": [{"Node Type": "Nested Loop", "Parent Relationship": "Outer", "Join Type": "Inner", "Startup Cost": 96.82, "Total Cost": 41895.04, "Plan Rows": 53780, "Plan Width": 16, "Actual Startup Time": 0.986, "Actual Total Time": 800.403, "Actual Rows": 313920, "Actual Loops": 1, "Inner Unique": false, "Plans": [{"Node Type": "Nested Loop", "Parent Relationship": "Outer", "Join Type": "Inner", "Startup Cost": 95.25, "Total Cost": 2533.35, "Plan Rows": 4000, "Plan Width": 8, "Actual Startup Time": 0.938, "Actual Total Time": 7.951, "Actual Rows": 3924, "Actual Loops": 1, "Inner Unique": false, "Plans": [{"Node Type": "Seq Scan", "Parent Relationship": "Outer", "Relation Name": "nation", "Alias": "nation", "Startup Cost": 0.0, "Total Cost": 1.31, "Plan Rows": 1, "Plan Width": 4, "Actual Startup Time": 0.042, "Actual Total Time": 0.056, "Actual Rows": 1, "Actual Loops": 1, "Filter": "(n_name = 'MOZAMBIQUE'::bpchar)", "Rows Removed by Filter": 24}, {"Node Type": "Bitmap Heap Scan", "Parent Relationship": "Inner", "Relation Name": "supplier", "Alias": "supplier", "Startup Cost": 95.25, "Total Cost": 2492.04, "Plan Rows": 4000, "Plan Width": 12, "Actual Startup Time": 0.889, "Actual Total Time": 7.054, "Actual Rows": 3924, "Actual Loops": 1, "Recheck Cond": "(s_nationkey = public.nation.n_nationkey)", "Rows Removed by Index Recheck": 0, "Exact Heap Blocks": 1895, "Lossy Heap Blocks": 1895, "Plans": [{"Node Type": "Bitmap Index Scan", "Parent Relationship": "Outer", "Index Name": "idx_supplier_nation_key", "Startup Cost": 0.0, "Total Cost": 94.25, "Plan Rows": 4000, "Plan Width": 0, "Actual Startup Time": 0.609, "Actual Total Time": 0.609, "Actual Rows": 3924, "Actual Loops": 1, "Index Cond": "(s_nationkey = public.nation.n_nationkey)"}]}]}, {"Node Type": "Bitmap Heap Scan", "Parent Relationship": "Inner", "Relation Name": "partsupp", "Alias": "partsupp", "Startup Cost": 1.57, "Total Cost": 9.71, "Plan Rows": 13, "Plan Width": 24, "Actual Startup Time": 104.492, "Actual Total Time": 724.345, "Actual Rows": 313920, "Actual Loops": 3924, "Recheck Cond": "(ps_suppkey = public.supplier.s_suppkey)", "Rows Removed by Index Recheck": 0, "Exact Heap Blocks": 313920, "Lossy Heap Blocks": 313920, "Plans": [{"Node Type": "Bitmap Index Scan", "Parent Relationship": "Outer", "Index Name": "idx_partsupp_suppkey", "Startup Cost": 0.0, "Total Cost": 1.56, "Plan Rows": 13, "Plan Width": 0, "Actual Startup Time": 65.503, "Actual Total Time": 65.503, "Actual Rows": 313920, "Actual Loops": 3924, "Index Cond": "(ps_suppkey = public.supplier.s_suppkey)"}]}]}]}, {"Node Type": "Aggregate", "Strategy": "Hashed", "Parent Relationship": "Outer", "Startup Cost": 42836.19, "Total Cost": 43508.44, "Plan Rows": 53780, "Plan Width": 24, "Actual Startup Time": 2111.624, "Actual Total Time": 2111.624, "Actual Rows": 0, "Actual Loops": 1, "Group By Key": ["public.partsupp.ps_partkey"], "Filter": "(sum((public.partsupp.ps_supplycost * (public.partsupp.ps_availqty)::double precision)) > $2)", "Rows Removed by Filter": 295792, "Plans": [{"Node Type": "Nested Loop", "Parent Relationship": "Outer", "Join Type": "Inner", "Startup Cost": 96.82, "Total Cost": 41895.04, "Plan Rows": 53780, "Plan Width": 24, "Actual Startup Time": 1.009, "Actual Total Time": 754.894, "Actual Rows": 313920, "Actual Loops": 1, "Inner Unique": false, "Plans": [{"Node Type": "Nested Loop", "Parent Relationship": "Outer", "Join Type": "Inner", "Startup Cost": 95.25, "Total Cost": 2533.35, "Plan Rows": 4000, "Plan Width": 8, "Actual Startup Time": 0.964, "Actual Total Time": 7.76, "Actual Rows": 3924, "Actual Loops": 1, "Inner Unique": false, "Plans": [{"Node Type": "Seq Scan", "Parent Relationship": "Outer", "Relation Name": "nation", "Alias": "nation", "Startup Cost": 0.0, "Total Cost": 1.31, "Plan Rows": 1, "Plan Width": 4, "Actual Startup Time": 0.029, "Actual Total Time": 0.042, "Actual Rows": 1, "Actual Loops": 1, "Filter": "(n_name = 'MOZAMBIQUE'::bpchar)", "Rows Removed by Filter": 24}, {"Node Type": "Bitmap Heap Scan", "Parent Relationship": "Inner", "Relation Name": "supplier", "Alias": "supplier", "Startup Cost": 95.25, "Total Cost": 2492.04, "Plan Rows": 4000, "Plan Width": 12, "Actual Startup Time": 0.928, "Actual Total Time": 6.732, "Actual Rows": 3924, "Actual Loops": 1, "Recheck Cond": "(s_nationkey = public.nation.n_nationkey)", "Rows Removed by Index Recheck": 0, "Exact Heap Blocks": 1895, "Lossy Heap Blocks": 1895, "Plans": [{"Node Type": "Bitmap Index Scan", "Parent Relationship": "Outer", "Index Name": "idx_supplier_nation_key", "Startup Cost": 0.0, "Total Cost": 94.25, "Plan Rows": 4000, "Plan Width": 0, "Actual Startup Time": 0.646, "Actual Total Time": 0.646, "Actual Rows": 3924, "Actual Loops": 1, "Index Cond": "(s_nationkey = public.nation.n_nationkey)"}]}]}, {"Node Type": "Bitmap Heap Scan", "Parent Relationship": "Inner", "Relation Name": "partsupp", "Alias": "partsupp", "Startup Cost": 1.57, "Total Cost": 9.71, "Plan Rows": 13, "Plan Width": 32, "Actual Startup Time": 103.168, "Actual Total Time": 673.653, "Actual Rows": 313920, "Actual Loops": 3924, "Recheck Cond": "(ps_suppkey = public.supplier.s_suppkey)", "Rows Removed by Index Recheck": 0, "Exact Heap Blocks": 313920, "Lossy Heap Blocks": 313920, "Plans": [{"Node Type": "Bitmap Index Scan", "Parent Relationship": "Outer", "Index Name": "idx_partsupp_suppkey", "Startup Cost": 0.0, "Total Cost": 1.56, "Plan Rows": 13, "Plan Width": 0, "Actual Startup Time": 64.013, "Actual Total Time": 64.013, "Actual Rows": 313920, "Actual Loops": 3924, "Index Cond": "(ps_suppkey = public.supplier.s_suppkey)"}]}]}]}]}, "Triggers": [], "Planner Runtime": 0, "Total Runtime": 2112.492, "Unique SQL Id": 2932834211}}, "(1, 83)": {"explain_plan": {"Plan": {"Node Type": "Sort", "Startup Cost": 2000084159245.82, "Total Cost": 2000084159380.27, "Plan Rows": 53780, "Plan Width": 40, "Sort Key": ["(sum((public.partsupp.ps_supplycost * (public.partsupp.ps_availqty)::double precision))) DESC"], "Plans": [{"Node Type": "Aggregate", "Strategy": "Plain", "Parent Relationship": "exec_init_plan", "Subplan Name": "InitPlan 1 (returns $2)", "Startup Cost": 1000001001502.42, "Total Cost": 1000001001502.43, "Plan Rows": 1, "Plan Width": 24, "Plans": [{"Node Type": "Nested Loop", "Parent Relationship": "Outer", "Join Type": "Inner", "Startup Cost": 10000000001.83, "Total Cost": 1000001001099.07, "Plan Rows": 53780, "Plan Width": 16, "Inner Unique": false, "Plans": [{"Node Type": "Nested Loop", "Parent Relationship": "Outer", "Join Type": "Inner", "Startup Cost": 10000000000.26, "Total Cost": 1000000961737.38, "Plan Rows": 4000, "Plan Width": 8, "Inner Unique": true, "Plans": [{"Node Type": "Index Scan", "Parent Relationship": "Outer", "Scan Direction": "Forward", "Index Name": "supplier_pkey", "Relation Name": "supplier", "Alias": "supplier", "Startup Cost": 10000000000.0, "Total Cost": 1000000533454.38, "Plan Rows": 100000, "Plan Width": 12}, {"Node Type": "Bitmap Heap Scan", "Parent Relationship": "Inner", "Relation Name": "nation", "Alias": "nation", "Startup Cost": 0.26, "Total Cost": 4.27, "Plan Rows": 1, "Plan Width": 4, "Recheck Cond": "(n_nationkey = public.supplier.s_nationkey)", "Filter": "(n_name = 'MOZAMBIQUE'::bpchar)", "Plans": [{"Node Type": "Bitmap Index Scan", "Parent Relationship": "Outer", "Index Name": "nation_pkey", "Startup Cost": 0.0, "Total Cost": 0.26, "Plan Rows": 1, "Plan Width": 0, "Index Cond": "(n_nationkey = public.supplier.s_nationkey)"}]}]}, {"Node Type": "Bitmap Heap Scan", "Parent Relationship": "Inner", "Relation Name": "partsupp", "Alias": "partsupp", "Startup Cost": 1.57, "Total Cost": 9.71, "Plan Rows": 13, "Plan Width": 24, "Recheck Cond": "(ps_suppkey = public.supplier.s_suppkey)", "Plans": [{"Node Type": "Bitmap Index Scan", "Parent Relationship": "Outer", "Index Name": "idx_partsupp_suppkey", "Startup Cost": 0.0, "Total Cost": 1.56, "Plan Rows": 13, "Plan Width": 0, "Index Cond": "(ps_suppkey = public.supplier.s_suppkey)"}]}]}]}, {"Node Type": "Aggregate", "Strategy": "Sorted", "Parent Relationship": "Outer", "Startup Cost": 10000000000.52, "Total Cost": 1000083153517.69, "Plan Rows": 53780, "Plan Width": 40, "Group By Key": ["public.partsupp.ps_partkey"], "Filter": "(sum((public.partsupp.ps_supplycost * (public.partsupp.ps_availqty)::double precision)) > $2)", "Plans": [{"Node Type": "Nested Loop", "Parent Relationship": "Outer", "Join Type": "Inner", "Startup Cost": 10000000000.52, "Total Cost": 1000083151904.29, "Plan Rows": 53780, "Plan Width": 24, "Inner Unique": true, "Plans": [{"Node Type": "Nested Loop", "Parent Relationship": "Outer", "Join Type": "Inner", "Startup Cost": 10000000000.26, "Total Cost": 1000077393643.64, "Plan Rows": 1344499, "Plan Width": 28, "Inner Unique": true, "Plans": [{"Node Type": "Index Scan", "Parent Relationship": "Outer", "Scan Direction": "Forward", "Index Name": "idx_partsupp_partkey", "Relation Name": "partsupp", "Alias": "partsupp", "Startup Cost": 10000000000.0, "Total Cost": 1000043148503.38, "Plan Rows": 8000372, "Plan Width": 32}, {"Node Type": "Bitmap Heap Scan", "Parent Relationship": "Inner", "Relation Name": "supplier", "Alias": "supplier", "Startup Cost": 0.26, "Total Cost": 4.27, "Plan Rows": 1, "Plan Width": 12, "Recheck Cond": "(s_suppkey = public.partsupp.ps_suppkey)", "Plans": [{"Node Type": "Bitmap Index Scan", "Parent Relationship": "Outer", "Index Name": "supplier_pkey", "Startup Cost": 0.0, "Total Cost": 0.26, "Plan Rows": 1, "Plan Width": 0, "Index Cond": "(s_suppkey = public.partsupp.ps_suppkey)"}]}]}, {"Node Type": "Bitmap Heap Scan", "Parent Relationship": "Inner", "Relation Name": "nation", "Alias": "nation", "Startup Cost": 0.26, "Total Cost": 4.27, "Plan Rows": 1, "Plan Width": 4, "Recheck Cond": "(n_nationkey = public.supplier.s_nationkey)", "Filter": "(n_name = 'MOZAMBIQUE'::bpchar)", "Plans": [{"Node Type": "Bitmap Index Scan", "Parent Relationship": "Outer", "Index Name": "nation_pkey", "Startup Cost": 0.0, "Total Cost": 0.26, "Plan Rows": 1, "Plan Width": 0, "Index Cond": "(n_nationkey = public.supplier.s_nationkey)"}]}]}]}]}, "Unique SQL Id": 2932834211, "Planner Runtime": 1}, "explain_analyze_plan": null}, "(1, 84)": {"explain_plan": {"Plan": {"Node Type": "Sort", "Startup Cost": 86957.11, "Total Cost": 87091.56, "Plan Rows": 53780, "Plan Width": 24, "Sort Key": ["(sum((public.partsupp.ps_supplycost * (public.partsupp.ps_availqty)::double precision))) DESC"], "Plans": [{"Node Type": "Aggregate", "Strategy": "Plain", "Parent Relationship": "exec_init_plan", "Subplan Name": "InitPlan 1 (returns $2)", "Startup Cost": 40760.67, "Total Cost": 40760.68, "Plan Rows": 1, "Plan Width": 24, "Plans": [{"Node Type": "Nested Loop", "Parent Relationship": "Outer", "Join Type": "Inner", "Startup Cost": 95.25, "Total Cost": 40357.32, "Plan Rows": 53780, "Plan Width": 16, "Inner Unique": false, "Plans": [{"Node Type": "Nested Loop", "Parent Relationship": "Outer", "Join Type": "Inner", "Startup Cost": 95.25, "Total Cost": 2533.35, "Plan Rows": 4000, "Plan Width": 8, "Inner Unique": false, "Plans": [{"Node Type": "Seq Scan", "Parent Relationship": "Outer", "Relation Name": "nation", "Alias": "nation", "Startup Cost": 0.0, "Total Cost": 1.31, "Plan Rows": 1, "Plan Width": 4, "Filter": "(n_name = 'MOZAMBIQUE'::bpchar)"}, {"Node Type": "Bitmap Heap Scan", "Parent Relationship": "Inner", "Relation Name": "supplier", "Alias": "supplier", "Startup Cost": 95.25, "Total Cost": 2492.04, "Plan Rows": 4000, "Plan Width": 12, "Recheck Cond": "(s_nationkey = public.nation.n_nationkey)", "Plans": [{"Node Type": "Bitmap Index Scan", "Parent Relationship": "Outer", "Index Name": "idx_supplier_nation_key", "Startup Cost": 0.0, "Total Cost": 94.25, "Plan Rows": 4000, "Plan Width": 0, "Index Cond": "(s_nationkey = public.nation.n_nationkey)"}]}]}, {"Node Type": "Index Scan", "Parent Relationship": "Inner", "Scan Direction": "Forward", "Index Name": "idx_partsupp_suppkey", "Relation Name": "partsupp", "Alias": "partsupp", "Startup Cost": 0.0, "Total Cost": 9.33, "Plan Rows": 13, "Plan Width": 24, "Index Cond": "(ps_suppkey = public.supplier.s_suppkey)"}]}]}, {"Node Type": "Aggregate", "Strategy": "Hashed", "Parent Relationship": "Outer", "Startup Cost": 41298.47, "Total Cost": 41970.72, "Plan Rows": 53780, "Plan Width": 24, "Group By Key": ["public.partsupp.ps_partkey"], "Filter": "(sum((public.partsupp.ps_supplycost * (public.partsupp.ps_availqty)::double precision)) > $2)", "Plans": [{"Node Type": "Nested Loop", "Parent Relationship": "Outer", "Join Type": "Inner", "Startup Cost": 95.25, "Total Cost": 40357.32, "Plan Rows": 53780, "Plan Width": 24, "Inner Unique": false, "Plans": [{"Node Type": "Nested Loop", "Parent Relationship": "Outer", "Join Type": "Inner", "Startup Cost": 95.25, "Total Cost": 2533.35, "Plan Rows": 4000, "Plan Width": 8, "Inner Unique": false, "Plans": [{"Node Type": "Seq Scan", "Parent Relationship": "Outer", "Relation Name": "nation", "Alias": "nation", "Startup Cost": 0.0, "Total Cost": 1.31, "Plan Rows": 1, "Plan Width": 4, "Filter": "(n_name = 'MOZAMBIQUE'::bpchar)"}, {"Node Type": "Bitmap Heap Scan", "Parent Relationship": "Inner", "Relation Name": "supplier", "Alias": "supplier", "Startup Cost": 95.25, "Total Cost": 2492.04, "Plan Rows": 4000, "Plan Width": 12, "Recheck Cond": "(s_nationkey = public.nation.n_nationkey)", "Plans": [{"Node Type": "Bitmap Index Scan", "Parent Relationship": "Outer", "Index Name": "idx_supplier_nation_key", "Startup Cost": 0.0, "Total Cost": 94.25, "Plan Rows": 4000, "Plan Width": 0, "Index Cond": "(s_nationkey = public.nation.n_nationkey)"}]}]}, {"Node Type": "Index Scan", "Parent Relationship": "Inner", "Scan Direction": "Forward", "Index Name": "idx_partsupp_suppkey", "Relation Name": "partsupp", "Alias": "partsupp", "Startup Cost": 0.0, "Total Cost": 9.33, "Plan Rows": 13, "Plan Width": 32, "Index Cond": "(ps_suppkey = public.supplier.s_suppkey)"}]}]}]}, "Unique SQL Id": 2932834211, "Planner Runtime": 1}, "explain_analyze_plan": {"Plan": {"Node Type": "Sort", "Startup Cost": 86957.11, "Total Cost": 87091.56, "Plan Rows": 53780, "Plan Width": 24, "Actual Startup Time": 1860.176, "Actual Total Time": 1860.176, "Actual Rows": 0, "Actual Loops": 1, "Sort Key": ["(sum((public.partsupp.ps_supplycost * (public.partsupp.ps_availqty)::double precision))) DESC"], "Sort Method": "quicksort", "Sort Space Used": 25, "Sort Space Type": "Memory", "Plans": [{"Node Type": "Aggregate", "Strategy": "Plain", "Parent Relationship": "exec_init_plan", "Subplan Name": "InitPlan 1 (returns $2)", "Startup Cost": 40760.67, "Total Cost": 40760.68, "Plan Rows": 1, "Plan Width": 24, "Actual Startup Time": 807.27, "Actual Total Time": 807.27, "Actual Rows": 1, "Actual Loops": 1, "Plans": [{"Node Type": "Nested Loop", "Parent Relationship": "Outer", "Join Type": "Inner", "Startup Cost": 95.25, "Total Cost": 40357.32, "Plan Rows": 53780, "Plan Width": 16, "Actual Startup Time": 0.965, "Actual Total Time": 672.642, "Actual Rows": 313920, "Actual Loops": 1, "Inner Unique": false, "Plans": [{"Node Type": "Nested Loop", "Parent Relationship": "Outer", "Join Type": "Inner", "Startup Cost": 95.25, "Total Cost": 2533.35, "Plan Rows": 4000, "Plan Width": 8, "Actual Startup Time": 0.942, "Actual Total Time": 8.242, "Actual Rows": 3924, "Actual Loops": 1, "Inner Unique": false, "Plans": [{"Node Type": "Seq Scan", "Parent Relationship": "Outer", "Relation Name": "nation", "Alias": "nation", "Startup Cost": 0.0, "Total Cost": 1.31, "Plan Rows": 1, "Plan Width": 4, "Actual Startup Time": 0.022, "Actual Total Time": 0.034, "Actual Rows": 1, "Actual Loops": 1, "Filter": "(n_name = 'MOZAMBIQUE'::bpchar)", "Rows Removed by Filter": 24}, {"Node Type": "Bitmap Heap Scan", "Parent Relationship": "Inner", "Relation Name": "supplier", "Alias": "supplier", "Startup Cost": 95.25, "Total Cost": 2492.04, "Plan Rows": 4000, "Plan Width": 12, "Actual Startup Time": 0.902, "Actual Total Time": 7.218, "Actual Rows": 3924, "Actual Loops": 1, "Recheck Cond": "(s_nationkey = public.nation.n_nationkey)", "Rows Removed by Index Recheck": 0, "Exact Heap Blocks": 1895, "Lossy Heap Blocks": 1895, "Plans": [{"Node Type": "Bitmap Index Scan", "Parent Relationship": "Outer", "Index Name": "idx_supplier_nation_key", "Startup Cost": 0.0, "Total Cost": 94.25, "Plan Rows": 4000, "Plan Width": 0, "Actual Startup Time": 0.624, "Actual Total Time": 0.624, "Actual Rows": 3924, "Actual Loops": 1, "Index Cond": "(s_nationkey = public.nation.n_nationkey)"}]}]}, {"Node Type": "Index Scan", "Parent Relationship": "Inner", "Scan Direction": "Forward", "Index Name": "idx_partsupp_suppkey", "Relation Name": "partsupp", "Alias": "partsupp", "Startup Cost": 0.0, "Total Cost": 9.33, "Plan Rows": 13, "Plan Width": 24, "Actual Startup Time": 47.388, "Actual Total Time": 597.413, "Actual Rows": 313920, "Actual Loops": 3924, "Index Cond": "(ps_suppkey = public.supplier.s_suppkey)", "Rows Removed by Index Recheck": 0}]}]}, {"Node Type": "Aggregate", "Strategy": "Hashed", "Parent Relationship": "Outer", "Startup Cost": 41298.47, "Total Cost": 41970.72, "Plan Rows": 53780, "Plan Width": 24, "Actual Startup Time": 1859.631, "Actual Total Time": 1859.631, "Actual Rows": 0, "Actual Loops": 1, "Group By Key": ["public.partsupp.ps_partkey"], "Filter": "(sum((public.partsupp.ps_supplycost * (public.partsupp.ps_availqty)::double precision)) > $2)", "Rows Removed by Filter": 295792, "Plans": [{"Node Type": "Nested Loop", "Parent Relationship": "Outer", "Join Type": "Inner", "Startup Cost": 95.25, "Total Cost": 40357.32, "Plan Rows": 53780, "Plan Width": 24, "Actual Startup Time": 0.962, "Actual Total Time": 624.76, "Actual Rows": 313920, "Actual Loops": 1, "Inner Unique": false, "Plans": [{"Node Type": "Nested Loop", "Parent Relationship": "Outer", "Join Type": "Inner", "Startup Cost": 95.25, "Total Cost": 2533.35, "Plan Rows": 4000, "Plan Width": 8, "Actual Startup Time": 0.938, "Actual Total Time": 7.852, "Actual Rows": 3924, "Actual Loops": 1, "Inner Unique": false, "Plans": [{"Node Type": "Seq Scan", "Parent Relationship": "Outer", "Relation Name": "nation", "Alias": "nation", "Startup Cost": 0.0, "Total Cost": 1.31, "Plan Rows": 1, "Plan Width": 4, "Actual Startup Time": 0.03, "Actual Total Time": 0.042, "Actual Rows": 1, "Actual Loops": 1, "Filter": "(n_name = 'MOZAMBIQUE'::bpchar)", "Rows Removed by Filter": 24}, {"Node Type": "Bitmap Heap Scan", "Parent Relationship": "Inner", "Relation Name": "supplier", "Alias": "supplier", "Startup Cost": 95.25, "Total Cost": 2492.04, "Plan Rows": 4000, "Plan Width": 12, "Actual Startup Time": 0.901, "Actual Total Time": 6.942, "Actual Rows": 3924, "Actual Loops": 1, "Recheck Cond": "(s_nationkey = public.nation.n_nationkey)", "Rows Removed by Index Recheck": 0, "Exact Heap Blocks": 1895, "Lossy Heap Blocks": 1895, "Plans": [{"Node Type": "Bitmap Index Scan", "Parent Relationship": "Outer", "Index Name": "idx_supplier_nation_key", "Startup Cost": 0.0, "Total Cost": 94.25, "Plan Rows": 4000, "Plan Width": 0, "Actual Startup Time": 0.617, "Actual Total Time": 0.617, "Actual Rows": 3924, "Actual Loops": 1, "Index Cond": "(s_nationkey = public.nation.n_nationkey)"}]}]}, {"Node Type": "Index Scan", "Parent Relationship": "Inner", "Scan Direction": "Forward", "Index Name": "idx_partsupp_suppkey", "Relation Name": "partsupp", "Alias": "partsupp", "Startup Cost": 0.0, "Total Cost": 9.33, "Plan Rows": 13, "Plan Width": 32, "Actual Startup Time": 44.498, "Actual Total Time": 545.855, "Actual Rows": 313920, "Actual Loops": 3924, "Index Cond": "(ps_suppkey = public.supplier.s_suppkey)", "Rows Removed by Index Recheck": 0}]}]}]}, "Triggers": [], "Planner Runtime": 0, "Total Runtime": 1860.493, "Unique SQL Id": 2932834211}}, "(1, 85)": {"explain_plan": {"Plan": {"Node Type": "Sort", "Startup Cost": 86979.86, "Total Cost": 87114.31, "Plan Rows": 53780, "Plan Width": 24, "Sort Key": ["(sum((public.partsupp.ps_supplycost * (public.partsupp.ps_availqty)::double precision))) DESC"], "Plans": [{"Node Type": "Aggregate", "Strategy": "Plain", "Parent Relationship": "exec_init_plan", "Subplan Name": "InitPlan 1 (returns $2)", "Startup Cost": 40772.04, "Total Cost": 40772.06, "Plan Rows": 1, "Plan Width": 24, "Plans": [{"Node Type": "Nested Loop", "Parent Relationship": "Outer", "Join Type": "Inner", "Startup Cost": 95.25, "Total Cost": 40368.69, "Plan Rows": 53780, "Plan Width": 16, "Inner Unique": false, "Plans": [{"Node Type": "Nested Loop", "Parent Relationship": "Outer", "Join Type": "Inner", "Startup Cost": 95.25, "Total Cost": 2544.73, "Plan Rows": 4000, "Plan Width": 8, "Inner Unique": false, "Plans": [{"Node Type": "Index Scan", "Parent Relationship": "Outer", "Scan Direction": "Forward", "Index Name": "nation_pkey", "Relation Name": "nation", "Alias": "nation", "Startup Cost": 0.0, "Total Cost": 12.69, "Plan Rows": 1, "Plan Width": 4, "Filter": "(n_name = 'MOZAMBIQUE'::bpchar)"}, {"Node Type": "Bitmap Heap Scan", "Parent Relationship": "Inner", "Relation Name": "supplier", "Alias": "supplier", "Startup Cost": 95.25, "Total Cost": 2492.04, "Plan Rows": 4000, "Plan Width": 12, "Recheck Cond": "(s_nationkey = public.nation.n_nationkey)", "Plans": [{"Node Type": "Bitmap Index Scan", "Parent Relationship": "Outer", "Index Name": "idx_supplier_nation_key", "Startup Cost": 0.0, "Total Cost": 94.25, "Plan Rows": 4000, "Plan Width": 0, "Index Cond": "(s_nationkey = public.nation.n_nationkey)"}]}]}, {"Node Type": "Index Scan", "Parent Relationship": "Inner", "Scan Direction": "Forward", "Index Name": "idx_partsupp_suppkey", "Relation Name": "partsupp", "Alias": "partsupp", "Startup Cost": 0.0, "Total Cost": 9.33, "Plan Rows": 13, "Plan Width": 24, "Index Cond": "(ps_suppkey = public.supplier.s_suppkey)"}]}]}, {"Node Type": "Aggregate", "Strategy": "Hashed", "Parent Relationship": "Outer", "Startup Cost": 41309.84, "Total Cost": 41982.09, "Plan Rows": 53780, "Plan Width": 24, "Group By Key": ["public.partsupp.ps_partkey"], "Filter": "(sum((public.partsupp.ps_supplycost * (public.partsupp.ps_availqty)::double precision)) > $2)", "Plans": [{"Node Type": "Nested Loop", "Parent Relationship": "Outer", "Join Type": "Inner", "Startup Cost": 95.25, "Total Cost": 40368.69, "Plan Rows": 53780, "Plan Width": 24, "Inner Unique": false, "Plans": [{"Node Type": "Nested Loop", "Parent Relationship": "Outer", "Join Type": "Inner", "Startup Cost": 95.25, "Total Cost": 2544.73, "Plan Rows": 4000, "Plan Width": 8, "Inner Unique": false, "Plans": [{"Node Type": "Index Scan", "Parent Relationship": "Outer", "Scan Direction": "Forward", "Index Name": "nation_pkey", "Relation Name": "nation", "Alias": "nation", "Startup Cost": 0.0, "Total Cost": 12.69, "Plan Rows": 1, "Plan Width": 4, "Filter": "(n_name = 'MOZAMBIQUE'::bpchar)"}, {"Node Type": "Bitmap Heap Scan", "Parent Relationship": "Inner", "Relation Name": "supplier", "Alias": "supplier", "Startup Cost": 95.25, "Total Cost": 2492.04, "Plan Rows": 4000, "Plan Width": 12, "Recheck Cond": "(s_nationkey = public.nation.n_nationkey)", "Plans": [{"Node Type": "Bitmap Index Scan", "Parent Relationship": "Outer", "Index Name": "idx_supplier_nation_key", "Startup Cost": 0.0, "Total Cost": 94.25, "Plan Rows": 4000, "Plan Width": 0, "Index Cond": "(s_nationkey = public.nation.n_nationkey)"}]}]}, {"Node Type": "Index Scan", "Parent Relationship": "Inner", "Scan Direction": "Forward", "Index Name": "idx_partsupp_suppkey", "Relation Name": "partsupp", "Alias": "partsupp", "Startup Cost": 0.0, "Total Cost": 9.33, "Plan Rows": 13, "Plan Width": 32, "Index Cond": "(ps_suppkey = public.supplier.s_suppkey)"}]}]}]}, "Unique SQL Id": 2932834211, "Planner Runtime": 1}, "explain_analyze_plan": {"Plan": {"Node Type": "Sort", "Startup Cost": 86979.86, "Total Cost": 87114.31, "Plan Rows": 53780, "Plan Width": 24, "Actual Startup Time": 1810.725, "Actual Total Time": 1810.725, "Actual Rows": 0, "Actual Loops": 1, "Sort Key": ["(sum((public.partsupp.ps_supplycost * (public.partsupp.ps_availqty)::double precision))) DESC"], "Sort Method": "quicksort", "Sort Space Used": 25, "Sort Space Type": "Memory", "Plans": [{"Node Type": "Aggregate", "Strategy": "Plain", "Parent Relationship": "exec_init_plan", "Subplan Name": "InitPlan 1 (returns $2)", "Startup Cost": 40772.04, "Total Cost": 40772.06, "Plan Rows": 1, "Plan Width": 24, "Actual Startup Time": 757.524, "Actual Total Time": 757.525, "Actual Rows": 1, "Actual Loops": 1, "Plans": [{"Node Type": "Nested Loop", "Parent Relationship": "Outer", "Join Type": "Inner", "Startup Cost": 95.25, "Total Cost": 40368.69, "Plan Rows": 53780, "Plan Width": 16, "Actual Startup Time": 0.984, "Actual Total Time": 623.043, "Actual Rows": 313920, "Actual Loops": 1, "Inner Unique": false, "Plans": [{"Node Type": "Nested Loop", "Parent Relationship": "Outer", "Join Type": "Inner", "Startup Cost": 95.25, "Total Cost": 2544.73, "Plan Rows": 4000, "Plan Width": 8, "Actual Startup Time": 0.961, "Actual Total Time": 7.606, "Actual Rows": 3924, "Actual Loops": 1, "Inner Unique": false, "Plans": [{"Node Type": "Index Scan", "Parent Relationship": "Outer", "Scan Direction": "Forward", "Index Name": "nation_pkey", "Relation Name": "nation", "Alias": "nation", "Startup Cost": 0.0, "Total Cost": 12.69, "Plan Rows": 1, "Plan Width": 4, "Actual Startup Time": 0.021, "Actual Total Time": 0.035, "Actual Rows": 1, "Actual Loops": 1, "Filter": "(n_name = 'MOZAMBIQUE'::bpchar)", "Rows Removed by Filter": 24}, {"Node Type": "Bitmap Heap Scan", "Parent Relationship": "Inner", "Relation Name": "supplier", "Alias": "supplier", "Startup Cost": 95.25, "Total Cost": 2492.04, "Plan Rows": 4000, "Plan Width": 12, "Actual Startup Time": 0.923, "Actual Total Time": 6.688, "Actual Rows": 3924, "Actual Loops": 1, "Recheck Cond": "(s_nationkey = public.nation.n_nationkey)", "Rows Removed by Index Recheck": 0, "Exact Heap Blocks": 1895, "Lossy Heap Blocks": 1895, "Plans": [{"Node Type": "Bitmap Index Scan", "Parent Relationship": "Outer", "Index Name": "idx_supplier_nation_key", "Startup Cost": 0.0, "Total Cost": 94.25, "Plan Rows": 4000, "Plan Width": 0, "Actual Startup Time": 0.63, "Actual Total Time": 0.63, "Actual Rows": 3924, "Actual Loops": 1, "Index Cond": "(s_nationkey = public.nation.n_nationkey)"}]}]}, {"Node Type": "Index Scan", "Parent Relationship": "Inner", "Scan Direction": "Forward", "Index Name": "idx_partsupp_suppkey", "Relation Name": "partsupp", "Alias": "partsupp", "Startup Cost": 0.0, "Total Cost": 9.33, "Plan Rows": 13, "Plan Width": 24, "Actual Startup Time": 44.034, "Actual Total Time": 548.454, "Actual Rows": 313920, "Actual Loops": 3924, "Index Cond": "(ps_suppkey = public.supplier.s_suppkey)", "Rows Removed by Index Recheck": 0}]}]}, {"Node Type": "Aggregate", "Strategy": "Hashed", "Parent Relationship": "Outer", "Startup Cost": 41309.84, "Total Cost": 41982.09, "Plan Rows": 53780, "Plan Width": 24, "Actual Startup Time": 1810.3, "Actual Total Time": 1810.3, "Actual Rows": 0, "Actual Loops": 1, "Group By Key": ["public.partsupp.ps_partkey"], "Filter": "(sum((public.partsupp.ps_supplycost * (public.partsupp.ps_availqty)::double precision)) > $2)", "Rows Removed by Filter": 295792, "Plans": [{"Node Type": "Nested Loop", "Parent Relationship": "Outer", "Join Type": "Inner", "Startup Cost": 95.25, "Total Cost": 40368.69, "Plan Rows": 53780, "Plan Width": 24, "Actual Startup Time": 1.02, "Actual Total Time": 665.011, "Actual Rows": 313920, "Actual Loops": 1, "Inner Unique": false, "Plans": [{"Node Type": "Nested Loop", "Parent Relationship": "Outer", "Join Type": "Inner", "Startup Cost": 95.25, "Total Cost": 2544.73, "Plan Rows": 4000, "Plan Width": 8, "Actual Startup Time": 0.991, "Actual Total Time": 8.384, "Actual Rows": 3924, "Actual Loops": 1, "Inner Unique": false, "Plans": [{"Node Type": "Index Scan", "Parent Relationship": "Outer", "Scan Direction": "Forward", "Index Name": "nation_pkey", "Relation Name": "nation", "Alias": "nation", "Startup Cost": 0.0, "Total Cost": 12.69, "Plan Rows": 1, "Plan Width": 4, "Actual Startup Time": 0.054, "Actual Total Time": 0.067, "Actual Rows": 1, "Actual Loops": 1, "Filter": "(n_name = 'MOZAMBIQUE'::bpchar)", "Rows Removed by Filter": 24}, {"Node Type": "Bitmap Heap Scan", "Parent Relationship": "Inner", "Relation Name": "supplier", "Alias": "supplier", "Startup Cost": 95.25, "Total Cost": 2492.04, "Plan Rows": 4000, "Plan Width": 12, "Actual Startup Time": 0.919, "Actual Total Time": 7.44, "Actual Rows": 3924, "Actual Loops": 1, "Recheck Cond": "(s_nationkey = public.nation.n_nationkey)", "Rows Removed by Index Recheck": 0, "Exact Heap Blocks": 1895, "Lossy Heap Blocks": 1895, "Plans": [{"Node Type": "Bitmap Index Scan", "Parent Relationship": "Outer", "Index Name": "idx_supplier_nation_key", "Startup Cost": 0.0, "Total Cost": 94.25, "Plan Rows": 4000, "Plan Width": 0, "Actual Startup Time": 0.633, "Actual Total Time": 0.633, "Actual Rows": 3924, "Actual Loops": 1, "Index Cond": "(s_nationkey = public.nation.n_nationkey)"}]}]}, {"Node Type": "Index Scan", "Parent Relationship": "Inner", "Scan Direction": "Forward", "Index Name": "idx_partsupp_suppkey", "Relation Name": "partsupp", "Alias": "partsupp", "Startup Cost": 0.0, "Total Cost": 9.33, "Plan Rows": 13, "Plan Width": 32, "Actual Startup Time": 46.318, "Actual Total Time": 585.067, "Actual Rows": 313920, "Actual Loops": 3924, "Index Cond": "(ps_suppkey = public.supplier.s_suppkey)", "Rows Removed by Index Recheck": 0}]}]}]}, "Triggers": [], "Planner Runtime": 0, "Total Runtime": 1811.196, "Unique SQL Id": 2932834211}}, "(1, 86)": {"explain_plan": {"Plan": {"Node Type": "Sort", "Startup Cost": 90032.55, "Total Cost": 90167.0, "Plan Rows": 53780, "Plan Width": 24, "Sort Key": ["(sum((public.partsupp.ps_supplycost * (public.partsupp.ps_availqty)::double precision))) DESC"], "Plans": [{"Node Type": "Aggregate", "Strategy": "Plain", "Parent Relationship": "exec_init_plan", "Subplan Name": "InitPlan 1 (returns $2)", "Startup Cost": 42298.39, "Total Cost": 42298.4, "Plan Rows": 1, "Plan Width": 24, "Plans": [{"Node Type": "Nested Loop", "Parent Relationship": "Outer", "Join Type": "Inner", "Startup Cost": 96.82, "Total Cost": 41895.04, "Plan Rows": 53780, "Plan Width": 16, "Inner Unique": false, "Plans": [{"Node Type": "Nested Loop", "Parent Relationship": "Outer", "Join Type": "Inner", "Startup Cost": 95.25, "Total Cost": 2533.35, "Plan Rows": 4000, "Plan Width": 8, "Inner Unique": false, "Plans": [{"Node Type": "Seq Scan", "Parent Relationship": "Outer", "Relation Name": "nation", "Alias": "nation", "Startup Cost": 0.0, "Total Cost": 1.31, "Plan Rows": 1, "Plan Width": 4, "Filter": "(n_name = 'MOZAMBIQUE'::bpchar)"}, {"Node Type": "Bitmap Heap Scan", "Parent Relationship": "Inner", "Relation Name": "supplier", "Alias": "supplier", "Startup Cost": 95.25, "Total Cost": 2492.04, "Plan Rows": 4000, "Plan Width": 12, "Recheck Cond": "(s_nationkey = public.nation.n_nationkey)", "Plans": [{"Node Type": "Bitmap Index Scan", "Parent Relationship": "Outer", "Index Name": "idx_supplier_nation_key", "Startup Cost": 0.0, "Total Cost": 94.25, "Plan Rows": 4000, "Plan Width": 0, "Index Cond": "(s_nationkey = public.nation.n_nationkey)"}]}]}, {"Node Type": "Bitmap Heap Scan", "Parent Relationship": "Inner", "Relation Name": "partsupp", "Alias": "partsupp", "Startup Cost": 1.57, "Total Cost": 9.71, "Plan Rows": 13, "Plan Width": 24, "Recheck Cond": "(ps_suppkey = public.supplier.s_suppkey)", "Plans": [{"Node Type": "Bitmap Index Scan", "Parent Relationship": "Outer", "Index Name": "idx_partsupp_suppkey", "Startup Cost": 0.0, "Total Cost": 1.56, "Plan Rows": 13, "Plan Width": 0, "Index Cond": "(ps_suppkey = public.supplier.s_suppkey)"}]}]}]}, {"Node Type": "Aggregate", "Strategy": "Hashed", "Parent Relationship": "Outer", "Startup Cost": 42836.19, "Total Cost": 43508.44, "Plan Rows": 53780, "Plan Width": 24, "Group By Key": ["public.partsupp.ps_partkey"], "Filter": "(sum((public.partsupp.ps_supplycost * (public.partsupp.ps_availqty)::double precision)) > $2)", "Plans": [{"Node Type": "Nested Loop", "Parent Relationship": "Outer", "Join Type": "Inner", "Startup Cost": 96.82, "Total Cost": 41895.04, "Plan Rows": 53780, "Plan Width": 24, "Inner Unique": false, "Plans": [{"Node Type": "Nested Loop", "Parent Relationship": "Outer", "Join Type": "Inner", "Startup Cost": 95.25, "Total Cost": 2533.35, "Plan Rows": 4000, "Plan Width": 8, "Inner Unique": false, "Plans": [{"Node Type": "Seq Scan", "Parent Relationship": "Outer", "Relation Name": "nation", "Alias": "nation", "Startup Cost": 0.0, "Total Cost": 1.31, "Plan Rows": 1, "Plan Width": 4, "Filter": "(n_name = 'MOZAMBIQUE'::bpchar)"}, {"Node Type": "Bitmap Heap Scan", "Parent Relationship": "Inner", "Relation Name": "supplier", "Alias": "supplier", "Startup Cost": 95.25, "Total Cost": 2492.04, "Plan Rows": 4000, "Plan Width": 12, "Recheck Cond": "(s_nationkey = public.nation.n_nationkey)", "Plans": [{"Node Type": "Bitmap Index Scan", "Parent Relationship": "Outer", "Index Name": "idx_supplier_nation_key", "Startup Cost": 0.0, "Total Cost": 94.25, "Plan Rows": 4000, "Plan Width": 0, "Index Cond": "(s_nationkey = public.nation.n_nationkey)"}]}]}, {"Node Type": "Bitmap Heap Scan", "Parent Relationship": "Inner", "Relation Name": "partsupp", "Alias": "partsupp", "Startup Cost": 1.57, "Total Cost": 9.71, "Plan Rows": 13, "Plan Width": 32, "Recheck Cond": "(ps_suppkey = public.supplier.s_suppkey)", "Plans": [{"Node Type": "Bitmap Index Scan", "Parent Relationship": "Outer", "Index Name": "idx_partsupp_suppkey", "Startup Cost": 0.0, "Total Cost": 1.56, "Plan Rows": 13, "Plan Width": 0, "Index Cond": "(ps_suppkey = public.supplier.s_suppkey)"}]}]}]}]}, "Unique SQL Id": 2932834211, "Planner Runtime": 1}, "explain_analyze_plan": {"Plan": {"Node Type": "Sort", "Startup Cost": 90032.55, "Total Cost": 90167.0, "Plan Rows": 53780, "Plan Width": 24, "Actual Startup Time": 2112.155, "Actual Total Time": 2112.155, "Actual Rows": 0, "Actual Loops": 1, "Sort Key": ["(sum((public.partsupp.ps_supplycost * (public.partsupp.ps_availqty)::double precision))) DESC"], "Sort Method": "quicksort", "Sort Space Used": 25, "Sort Space Type": "Memory", "Plans": [{"Node Type": "Aggregate", "Strategy": "Plain", "Parent Relationship": "exec_init_plan", "Subplan Name": "InitPlan 1 (returns $2)", "Startup Cost": 42298.39, "Total Cost": 42298.4, "Plan Rows": 1, "Plan Width": 24, "Actual Startup Time": 928.307, "Actual Total Time": 928.307, "Actual Rows": 1, "Actual Loops": 1, "Plans": [{"Node Type": "Nested Loop", "Parent Relationship": "Outer", "Join Type": "Inner", "Startup Cost": 96.82, "Total Cost": 41895.04, "Plan Rows": 53780, "Plan Width": 16, "Actual Startup Time": 0.986, "Actual Total Time": 800.403, "Actual Rows": 313920, "Actual Loops": 1, "Inner Unique": false, "Plans": [{"Node Type": "Nested Loop", "Parent Relationship": "Outer", "Join Type": "Inner", "Startup Cost": 95.25, "Total Cost": 2533.35, "Plan Rows": 4000, "Plan Width": 8, "Actual Startup Time": 0.938, "Actual Total Time": 7.951, "Actual Rows": 3924, "Actual Loops": 1, "Inner Unique": false, "Plans": [{"Node Type": "Seq Scan", "Parent Relationship": "Outer", "Relation Name": "nation", "Alias": "nation", "Startup Cost": 0.0, "Total Cost": 1.31, "Plan Rows": 1, "Plan Width": 4, "Actual Startup Time": 0.042, "Actual Total Time": 0.056, "Actual Rows": 1, "Actual Loops": 1, "Filter": "(n_name = 'MOZAMBIQUE'::bpchar)", "Rows Removed by Filter": 24}, {"Node Type": "Bitmap Heap Scan", "Parent Relationship": "Inner", "Relation Name": "supplier", "Alias": "supplier", "Startup Cost": 95.25, "Total Cost": 2492.04, "Plan Rows": 4000, "Plan Width": 12, "Actual Startup Time": 0.889, "Actual Total Time": 7.054, "Actual Rows": 3924, "Actual Loops": 1, "Recheck Cond": "(s_nationkey = public.nation.n_nationkey)", "Rows Removed by Index Recheck": 0, "Exact Heap Blocks": 1895, "Lossy Heap Blocks": 1895, "Plans": [{"Node Type": "Bitmap Index Scan", "Parent Relationship": "Outer", "Index Name": "idx_supplier_nation_key", "Startup Cost": 0.0, "Total Cost": 94.25, "Plan Rows": 4000, "Plan Width": 0, "Actual Startup Time": 0.609, "Actual Total Time": 0.609, "Actual Rows": 3924, "Actual Loops": 1, "Index Cond": "(s_nationkey = public.nation.n_nationkey)"}]}]}, {"Node Type": "Bitmap Heap Scan", "Parent Relationship": "Inner", "Relation Name": "partsupp", "Alias": "partsupp", "Startup Cost": 1.57, "Total Cost": 9.71, "Plan Rows": 13, "Plan Width": 24, "Actual Startup Time": 104.492, "Actual Total Time": 724.345, "Actual Rows": 313920, "Actual Loops": 3924, "Recheck Cond": "(ps_suppkey = public.supplier.s_suppkey)", "Rows Removed by Index Recheck": 0, "Exact Heap Blocks": 313920, "Lossy Heap Blocks": 313920, "Plans": [{"Node Type": "Bitmap Index Scan", "Parent Relationship": "Outer", "Index Name": "idx_partsupp_suppkey", "Startup Cost": 0.0, "Total Cost": 1.56, "Plan Rows": 13, "Plan Width": 0, "Actual Startup Time": 65.503, "Actual Total Time": 65.503, "Actual Rows": 313920, "Actual Loops": 3924, "Index Cond": "(ps_suppkey = public.supplier.s_suppkey)"}]}]}]}, {"Node Type": "Aggregate", "Strategy": "Hashed", "Parent Relationship": "Outer", "Startup Cost": 42836.19, "Total Cost": 43508.44, "Plan Rows": 53780, "Plan Width": 24, "Actual Startup Time": 2111.624, "Actual Total Time": 2111.624, "Actual Rows": 0, "Actual Loops": 1, "Group By Key": ["public.partsupp.ps_partkey"], "Filter": "(sum((public.partsupp.ps_supplycost * (public.partsupp.ps_availqty)::double precision)) > $2)", "Rows Removed by Filter": 295792, "Plans": [{"Node Type": "Nested Loop", "Parent Relationship": "Outer", "Join Type": "Inner", "Startup Cost": 96.82, "Total Cost": 41895.04, "Plan Rows": 53780, "Plan Width": 24, "Actual Startup Time": 1.009, "Actual Total Time": 754.894, "Actual Rows": 313920, "Actual Loops": 1, "Inner Unique": false, "Plans": [{"Node Type": "Nested Loop", "Parent Relationship": "Outer", "Join Type": "Inner", "Startup Cost": 95.25, "Total Cost": 2533.35, "Plan Rows": 4000, "Plan Width": 8, "Actual Startup Time": 0.964, "Actual Total Time": 7.76, "Actual Rows": 3924, "Actual Loops": 1, "Inner Unique": false, "Plans": [{"Node Type": "Seq Scan", "Parent Relationship": "Outer", "Relation Name": "nation", "Alias": "nation", "Startup Cost": 0.0, "Total Cost": 1.31, "Plan Rows": 1, "Plan Width": 4, "Actual Startup Time": 0.029, "Actual Total Time": 0.042, "Actual Rows": 1, "Actual Loops": 1, "Filter": "(n_name = 'MOZAMBIQUE'::bpchar)", "Rows Removed by Filter": 24}, {"Node Type": "Bitmap Heap Scan", "Parent Relationship": "Inner", "Relation Name": "supplier", "Alias": "supplier", "Startup Cost": 95.25, "Total Cost": 2492.04, "Plan Rows": 4000, "Plan Width": 12, "Actual Startup Time": 0.928, "Actual Total Time": 6.732, "Actual Rows": 3924, "Actual Loops": 1, "Recheck Cond": "(s_nationkey = public.nation.n_nationkey)", "Rows Removed by Index Recheck": 0, "Exact Heap Blocks": 1895, "Lossy Heap Blocks": 1895, "Plans": [{"Node Type": "Bitmap Index Scan", "Parent Relationship": "Outer", "Index Name": "idx_supplier_nation_key", "Startup Cost": 0.0, "Total Cost": 94.25, "Plan Rows": 4000, "Plan Width": 0, "Actual Startup Time": 0.646, "Actual Total Time": 0.646, "Actual Rows": 3924, "Actual Loops": 1, "Index Cond": "(s_nationkey = public.nation.n_nationkey)"}]}]}, {"Node Type": "Bitmap Heap Scan", "Parent Relationship": "Inner", "Relation Name": "partsupp", "Alias": "partsupp", "Startup Cost": 1.57, "Total Cost": 9.71, "Plan Rows": 13, "Plan Width": 32, "Actual Startup Time": 103.168, "Actual Total Time": 673.653, "Actual Rows": 313920, "Actual Loops": 3924, "Recheck Cond": "(ps_suppkey = public.supplier.s_suppkey)", "Rows Removed by Index Recheck": 0, "Exact Heap Blocks": 313920, "Lossy Heap Blocks": 313920, "Plans": [{"Node Type": "Bitmap Index Scan", "Parent Relationship": "Outer", "Index Name": "idx_partsupp_suppkey", "Startup Cost": 0.0, "Total Cost": 1.56, "Plan Rows": 13, "Plan Width": 0, "Actual Startup Time": 64.013, "Actual Total Time": 64.013, "Actual Rows": 313920, "Actual Loops": 3924, "Index Cond": "(ps_suppkey = public.supplier.s_suppkey)"}]}]}]}]}, "Triggers": [], "Planner Runtime": 0, "Total Runtime": 2112.492, "Unique SQL Id": 2932834211}}, "(1, 87)": {"explain_plan": {"Plan": {"Node Type": "Sort", "Startup Cost": 2000084159245.82, "Total Cost": 2000084159380.27, "Plan Rows": 53780, "Plan Width": 40, "Sort Key": ["(sum((public.partsupp.ps_supplycost * (public.partsupp.ps_availqty)::double precision))) DESC"], "Plans": [{"Node Type": "Aggregate", "Strategy": "Plain", "Parent Relationship": "exec_init_plan", "Subplan Name": "InitPlan 1 (returns $2)", "Startup Cost": 1000001001502.42, "Total Cost": 1000001001502.43, "Plan Rows": 1, "Plan Width": 24, "Plans": [{"Node Type": "Nested Loop", "Parent Relationship": "Outer", "Join Type": "Inner", "Startup Cost": 10000000001.83, "Total Cost": 1000001001099.07, "Plan Rows": 53780, "Plan Width": 16, "Inner Unique": false, "Plans": [{"Node Type": "Nested Loop", "Parent Relationship": "Outer", "Join Type": "Inner", "Startup Cost": 10000000000.26, "Total Cost": 1000000961737.38, "Plan Rows": 4000, "Plan Width": 8, "Inner Unique": true, "Plans": [{"Node Type": "Index Scan", "Parent Relationship": "Outer", "Scan Direction": "Forward", "Index Name": "supplier_pkey", "Relation Name": "supplier", "Alias": "supplier", "Startup Cost": 10000000000.0, "Total Cost": 1000000533454.38, "Plan Rows": 100000, "Plan Width": 12}, {"Node Type": "Bitmap Heap Scan", "Parent Relationship": "Inner", "Relation Name": "nation", "Alias": "nation", "Startup Cost": 0.26, "Total Cost": 4.27, "Plan Rows": 1, "Plan Width": 4, "Recheck Cond": "(n_nationkey = public.supplier.s_nationkey)", "Filter": "(n_name = 'MOZAMBIQUE'::bpchar)", "Plans": [{"Node Type": "Bitmap Index Scan", "Parent Relationship": "Outer", "Index Name": "nation_pkey", "Startup Cost": 0.0, "Total Cost": 0.26, "Plan Rows": 1, "Plan Width": 0, "Index Cond": "(n_nationkey = public.supplier.s_nationkey)"}]}]}, {"Node Type": "Bitmap Heap Scan", "Parent Relationship": "Inner", "Relation Name": "partsupp", "Alias": "partsupp", "Startup Cost": 1.57, "Total Cost": 9.71, "Plan Rows": 13, "Plan Width": 24, "Recheck Cond": "(ps_suppkey = public.supplier.s_suppkey)", "Plans": [{"Node Type": "Bitmap Index Scan", "Parent Relationship": "Outer", "Index Name": "idx_partsupp_suppkey", "Startup Cost": 0.0, "Total Cost": 1.56, "Plan Rows": 13, "Plan Width": 0, "Index Cond": "(ps_suppkey = public.supplier.s_suppkey)"}]}]}]}, {"Node Type": "Aggregate", "Strategy": "Sorted", "Parent Relationship": "Outer", "Startup Cost": 10000000000.52, "Total Cost": 1000083153517.69, "Plan Rows": 53780, "Plan Width": 40, "Group By Key": ["public.partsupp.ps_partkey"], "Filter": "(sum((public.partsupp.ps_supplycost * (public.partsupp.ps_availqty)::double precision)) > $2)", "Plans": [{"Node Type": "Nested Loop", "Parent Relationship": "Outer", "Join Type": "Inner", "Startup Cost": 10000000000.52, "Total Cost": 1000083151904.29, "Plan Rows": 53780, "Plan Width": 24, "Inner Unique": true, "Plans": [{"Node Type": "Nested Loop", "Parent Relationship": "Outer", "Join Type": "Inner", "Startup Cost": 10000000000.26, "Total Cost": 1000077393643.64, "Plan Rows": 1344499, "Plan Width": 28, "Inner Unique": true, "Plans": [{"Node Type": "Index Scan", "Parent Relationship": "Outer", "Scan Direction": "Forward", "Index Name": "idx_partsupp_partkey", "Relation Name": "partsupp", "Alias": "partsupp", "Startup Cost": 10000000000.0, "Total Cost": 1000043148503.38, "Plan Rows": 8000372, "Plan Width": 32}, {"Node Type": "Bitmap Heap Scan", "Parent Relationship": "Inner", "Relation Name": "supplier", "Alias": "supplier", "Startup Cost": 0.26, "Total Cost": 4.27, "Plan Rows": 1, "Plan Width": 12, "Recheck Cond": "(s_suppkey = public.partsupp.ps_suppkey)", "Plans": [{"Node Type": "Bitmap Index Scan", "Parent Relationship": "Outer", "Index Name": "supplier_pkey", "Startup Cost": 0.0, "Total Cost": 0.26, "Plan Rows": 1, "Plan Width": 0, "Index Cond": "(s_suppkey = public.partsupp.ps_suppkey)"}]}]}, {"Node Type": "Bitmap Heap Scan", "Parent Relationship": "Inner", "Relation Name": "nation", "Alias": "nation", "Startup Cost": 0.26, "Total Cost": 4.27, "Plan Rows": 1, "Plan Width": 4, "Recheck Cond": "(n_nationkey = public.supplier.s_nationkey)", "Filter": "(n_name = 'MOZAMBIQUE'::bpchar)", "Plans": [{"Node Type": "Bitmap Index Scan", "Parent Relationship": "Outer", "Index Name": "nation_pkey", "Startup Cost": 0.0, "Total Cost": 0.26, "Plan Rows": 1, "Plan Width": 0, "Index Cond": "(n_nationkey = public.supplier.s_nationkey)"}]}]}]}]}, "Unique SQL Id": 2932834211, "Planner Runtime": 1}, "explain_analyze_plan": null}, "(1, 88)": {"explain_plan": {"Plan": {"Node Type": "Sort", "Startup Cost": 99294.27, "Total Cost": 99428.72, "Plan Rows": 53780, "Plan Width": 24, "Sort Key": ["(sum((public.partsupp.ps_supplycost * (public.partsupp.ps_availqty)::double precision))) DESC"], "Plans": [{"Node Type": "Aggregate", "Strategy": "Plain", "Parent Relationship": "exec_init_plan", "Subplan Name": "InitPlan 1 (returns $2)", "Startup Cost": 46929.25, "Total Cost": 46929.26, "Plan Rows": 1, "Plan Width": 24, "Plans": [{"Node Type": "Nested Loop", "Parent Relationship": "Outer", "Join Type": "Inner", "Startup Cost": 0.0, "Total Cost": 46525.9, "Plan Rows": 53780, "Plan Width": 16, "Inner Unique": false, "Plans": [{"Node Type": "Nested Loop", "Parent Relationship": "Outer", "Join Type": "Inner", "Startup Cost": 0.0, "Total Cost": 8701.93, "Plan Rows": 4000, "Plan Width": 8, "Inner Unique": false, "Plans": [{"Node Type": "Seq Scan", "Parent Relationship": "Outer", "Relation Name": "nation", "Alias": "nation", "Startup Cost": 0.0, "Total Cost": 1.31, "Plan Rows": 1, "Plan Width": 4, "Filter": "(n_name = 'MOZAMBIQUE'::bpchar)"}, {"Node Type": "Index Scan", "Parent Relationship": "Inner", "Scan Direction": "Forward", "Index Name": "idx_supplier_nation_key", "Relation Name": "supplier", "Alias": "supplier", "Startup Cost": 0.0, "Total Cost": 8660.62, "Plan Rows": 4000, "Plan Width": 12, "Index Cond": "(s_nationkey = public.nation.n_nationkey)"}]}, {"Node Type": "Index Scan", "Parent Relationship": "Inner", "Scan Direction": "Forward", "Index Name": "idx_partsupp_suppkey", "Relation Name": "partsupp", "Alias": "partsupp", "Startup Cost": 0.0, "Total Cost": 9.33, "Plan Rows": 13, "Plan Width": 24, "Index Cond": "(ps_suppkey = public.supplier.s_suppkey)"}]}]}, {"Node Type": "Aggregate", "Strategy": "Hashed", "Parent Relationship": "Outer", "Startup Cost": 47467.05, "Total Cost": 48139.3, "Plan Rows": 53780, "Plan Width": 24, "Group By Key": ["public.partsupp.ps_partkey"], "Filter": "(sum((public.partsupp.ps_supplycost * (public.partsupp.ps_availqty)::double precision)) > $2)", "Plans": [{"Node Type": "Nested Loop", "Parent Relationship": "Outer", "Join Type": "Inner", "Startup Cost": 0.0, "Total Cost": 46525.9, "Plan Rows": 53780, "Plan Width": 24, "Inner Unique": false, "Plans": [{"Node Type": "Nested Loop", "Parent Relationship": "Outer", "Join Type": "Inner", "Startup Cost": 0.0, "Total Cost": 8701.93, "Plan Rows": 4000, "Plan Width": 8, "Inner Unique": false, "Plans": [{"Node Type": "Seq Scan", "Parent Relationship": "Outer", "Relation Name": "nation", "Alias": "nation", "Startup Cost": 0.0, "Total Cost": 1.31, "Plan Rows": 1, "Plan Width": 4, "Filter": "(n_name = 'MOZAMBIQUE'::bpchar)"}, {"Node Type": "Index Scan", "Parent Relationship": "Inner", "Scan Direction": "Forward", "Index Name": "idx_supplier_nation_key", "Relation Name": "supplier", "Alias": "supplier", "Startup Cost": 0.0, "Total Cost": 8660.62, "Plan Rows": 4000, "Plan Width": 12, "Index Cond": "(s_nationkey = public.nation.n_nationkey)"}]}, {"Node Type": "Index Scan", "Parent Relationship": "Inner", "Scan Direction": "Forward", "Index Name": "idx_partsupp_suppkey", "Relation Name": "partsupp", "Alias": "partsupp", "Startup Cost": 0.0, "Total Cost": 9.33, "Plan Rows": 13, "Plan Width": 32, "Index Cond": "(ps_suppkey = public.supplier.s_suppkey)"}]}]}]}, "Unique SQL Id": 2932834211, "Planner Runtime": 1}, "explain_analyze_plan": {"Plan": {"Node Type": "Sort", "Startup Cost": 99294.27, "Total Cost": 99428.72, "Plan Rows": 53780, "Plan Width": 24, "Actual Startup Time": 1997.86, "Actual Total Time": 1997.86, "Actual Rows": 0, "Actual Loops": 1, "Sort Key": ["(sum((public.partsupp.ps_supplycost * (public.partsupp.ps_availqty)::double precision))) DESC"], "Sort Method": "quicksort", "Sort Space Used": 25, "Sort Space Type": "Memory", "Plans": [{"Node Type": "Aggregate", "Strategy": "Plain", "Parent Relationship": "exec_init_plan", "Subplan Name": "InitPlan 1 (returns $2)", "Startup Cost": 46929.25, "Total Cost": 46929.26, "Plan Rows": 1, "Plan Width": 24, "Actual Startup Time": 899.407, "Actual Total Time": 899.408, "Actual Rows": 1, "Actual Loops": 1, "Plans": [{"Node Type": "Nested Loop", "Parent Relationship": "Outer", "Join Type": "Inner", "Startup Cost": 0.0, "Total Cost": 46525.9, "Plan Rows": 53780, "Plan Width": 16, "Actual Startup Time": 0.1, "Actual Total Time": 765.57, "Actual Rows": 313920, "Actual Loops": 1, "Inner Unique": false, "Plans": [{"Node Type": "Nested Loop", "Parent Relationship": "Outer", "Join Type": "Inner", "Startup Cost": 0.0, "Total Cost": 8701.93, "Plan Rows": 4000, "Plan Width": 8, "Actual Startup Time": 0.073, "Actual Total Time": 7.575, "Actual Rows": 3924, "Actual Loops": 1, "Inner Unique": false, "Plans": [{"Node Type": "Seq Scan", "Parent Relationship": "Outer", "Relation Name": "nation", "Alias": "nation", "Startup Cost": 0.0, "Total Cost": 1.31, "Plan Rows": 1, "Plan Width": 4, "Actual Startup Time": 0.033, "Actual Total Time": 0.047, "Actual Rows": 1, "Actual Loops": 1, "Filter": "(n_name = 'MOZAMBIQUE'::bpchar)", "Rows Removed by Filter": 24}, {"Node Type": "Index Scan", "Parent Relationship": "Inner", "Scan Direction": "Forward", "Index Name": "idx_supplier_nation_key", "Relation Name": "supplier", "Alias": "supplier", "Startup Cost": 0.0, "Total Cost": 8660.62, "Plan Rows": 4000, "Plan Width": 12, "Actual Startup Time": 0.032, "Actual Total Time": 6.289, "Actual Rows": 3924, "Actual Loops": 1, "Index Cond": "(s_nationkey = public.nation.n_nationkey)", "Rows Removed by Index Recheck": 0}]}, {"Node Type": "Index Scan", "Parent Relationship": "Inner", "Scan Direction": "Forward", "Index Name": "idx_partsupp_suppkey", "Relation Name": "partsupp", "Alias": "partsupp", "Startup Cost": 0.0, "Total Cost": 9.33, "Plan Rows": 13, "Plan Width": 24, "Actual Startup Time": 53.207, "Actual Total Time": 691.85, "Actual Rows": 313920, "Actual Loops": 3924, "Index Cond": "(ps_suppkey = public.supplier.s_suppkey)", "Rows Removed by Index Recheck": 0}]}]}, {"Node Type": "Aggregate", "Strategy": "Hashed", "Parent Relationship": "Outer", "Startup Cost": 47467.05, "Total Cost": 48139.3, "Plan Rows": 53780, "Plan Width": 24, "Actual Startup Time": 1997.449, "Actual Total Time": 1997.449, "Actual Rows": 0, "Actual Loops": 1, "Group By Key": ["public.partsupp.ps_partkey"], "Filter": "(sum((public.partsupp.ps_supplycost * (public.partsupp.ps_availqty)::double precision)) > $2)", "Rows Removed by Filter": 295792, "Plans": [{"Node Type": "Nested Loop", "Parent Relationship": "Outer", "Join Type": "Inner", "Startup Cost": 0.0, "Total Cost": 46525.9, "Plan Rows": 53780, "Plan Width": 24, "Actual Startup Time": 0.086, "Actual Total Time": 685.969, "Actual Rows": 313920, "Actual Loops": 1, "Inner Unique": false, "Plans": [{"Node Type": "Nested Loop", "Parent Relationship": "Outer", "Join Type": "Inner", "Startup Cost": 0.0, "Total Cost": 8701.93, "Plan Rows": 4000, "Plan Width": 8, "Actual Startup Time": 0.069, "Actual Total Time": 6.975, "Actual Rows": 3924, "Actual Loops": 1, "Inner Unique": false, "Plans": [{"Node Type": "Seq Scan", "Parent Relationship": "Outer", "Relation Name": "nation", "Alias": "nation", "Startup Cost": 0.0, "Total Cost": 1.31, "Plan Rows": 1, "Plan Width": 4, "Actual Startup Time": 0.031, "Actual Total Time": 0.047, "Actual Rows": 1, "Actual Loops": 1, "Filter": "(n_name = 'MOZAMBIQUE'::bpchar)", "Rows Removed by Filter": 24}, {"Node Type": "Index Scan", "Parent Relationship": "Inner", "Scan Direction": "Forward", "Index Name": "idx_supplier_nation_key", "Relation Name": "supplier", "Alias": "supplier", "Startup Cost": 0.0, "Total Cost": 8660.62, "Plan Rows": 4000, "Plan Width": 12, "Actual Startup Time": 0.032, "Actual Total Time": 5.814, "Actual Rows": 3924, "Actual Loops": 1, "Index Cond": "(s_nationkey = public.nation.n_nationkey)", "Rows Removed by Index Recheck": 0}]}, {"Node Type": "Index Scan", "Parent Relationship": "Inner", "Scan Direction": "Forward", "Index Name": "idx_partsupp_suppkey", "Relation Name": "partsupp", "Alias": "partsupp", "Startup Cost": 0.0, "Total Cost": 9.33, "Plan Rows": 13, "Plan Width": 32, "Actual Startup Time": 47.737, "Actual Total Time": 607.573, "Actual Rows": 313920, "Actual Loops": 3924, "Index Cond": "(ps_suppkey = public.supplier.s_suppkey)", "Rows Removed by Index Recheck": 0}]}]}]}, "Triggers": [], "Planner Runtime": 1, "Total Runtime": 1998.217, "Unique SQL Id": 2932834211}}, "(1, 89)": {"explain_plan": {"Plan": {"Node Type": "Sort", "Startup Cost": 99317.02, "Total Cost": 99451.47, "Plan Rows": 53780, "Plan Width": 24, "Sort Key": ["(sum((public.partsupp.ps_supplycost * (public.partsupp.ps_availqty)::double precision))) DESC"], "Plans": [{"Node Type": "Aggregate", "Strategy": "Plain", "Parent Relationship": "exec_init_plan", "Subplan Name": "InitPlan 1 (returns $2)", "Startup Cost": 46940.63, "Total Cost": 46940.64, "Plan Rows": 1, "Plan Width": 24, "Plans": [{"Node Type": "Nested Loop", "Parent Relationship": "Outer", "Join Type": "Inner", "Startup Cost": 0.0, "Total Cost": 46537.28, "Plan Rows": 53780, "Plan Width": 16, "Inner Unique": false, "Plans": [{"Node Type": "Nested Loop", "Parent Relationship": "Outer", "Join Type": "Inner", "Startup Cost": 0.0, "Total Cost": 8713.31, "Plan Rows": 4000, "Plan Width": 8, "Inner Unique": false, "Plans": [{"Node Type": "Index Scan", "Parent Relationship": "Outer", "Scan Direction": "Forward", "Index Name": "nation_pkey", "Relation Name": "nation", "Alias": "nation", "Startup Cost": 0.0, "Total Cost": 12.69, "Plan Rows": 1, "Plan Width": 4, "Filter": "(n_name = 'MOZAMBIQUE'::bpchar)"}, {"Node Type": "Index Scan", "Parent Relationship": "Inner", "Scan Direction": "Forward", "Index Name": "idx_supplier_nation_key", "Relation Name": "supplier", "Alias": "supplier", "Startup Cost": 0.0, "Total Cost": 8660.62, "Plan Rows": 4000, "Plan Width": 12, "Index Cond": "(s_nationkey = public.nation.n_nationkey)"}]}, {"Node Type": "Index Scan", "Parent Relationship": "Inner", "Scan Direction": "Forward", "Index Name": "idx_partsupp_suppkey", "Relation Name": "partsupp", "Alias": "partsupp", "Startup Cost": 0.0, "Total Cost": 9.33, "Plan Rows": 13, "Plan Width": 24, "Index Cond": "(ps_suppkey = public.supplier.s_suppkey)"}]}]}, {"Node Type": "Aggregate", "Strategy": "Hashed", "Parent Relationship": "Outer", "Startup Cost": 47478.43, "Total Cost": 48150.68, "Plan Rows": 53780, "Plan Width": 24, "Group By Key": ["public.partsupp.ps_partkey"], "Filter": "(sum((public.partsupp.ps_supplycost * (public.partsupp.ps_availqty)::double precision)) > $2)", "Plans": [{"Node Type": "Nested Loop", "Parent Relationship": "Outer", "Join Type": "Inner", "Startup Cost": 0.0, "Total Cost": 46537.28, "Plan Rows": 53780, "Plan Width": 24, "Inner Unique": false, "Plans": [{"Node Type": "Nested Loop", "Parent Relationship": "Outer", "Join Type": "Inner", "Startup Cost": 0.0, "Total Cost": 8713.31, "Plan Rows": 4000, "Plan Width": 8, "Inner Unique": false, "Plans": [{"Node Type": "Index Scan", "Parent Relationship": "Outer", "Scan Direction": "Forward", "Index Name": "nation_pkey", "Relation Name": "nation", "Alias": "nation", "Startup Cost": 0.0, "Total Cost": 12.69, "Plan Rows": 1, "Plan Width": 4, "Filter": "(n_name = 'MOZAMBIQUE'::bpchar)"}, {"Node Type": "Index Scan", "Parent Relationship": "Inner", "Scan Direction": "Forward", "Index Name": "idx_supplier_nation_key", "Relation Name": "supplier", "Alias": "supplier", "Startup Cost": 0.0, "Total Cost": 8660.62, "Plan Rows": 4000, "Plan Width": 12, "Index Cond": "(s_nationkey = public.nation.n_nationkey)"}]}, {"Node Type": "Index Scan", "Parent Relationship": "Inner", "Scan Direction": "Forward", "Index Name": "idx_partsupp_suppkey", "Relation Name": "partsupp", "Alias": "partsupp", "Startup Cost": 0.0, "Total Cost": 9.33, "Plan Rows": 13, "Plan Width": 32, "Index Cond": "(ps_suppkey = public.supplier.s_suppkey)"}]}]}]}, "Unique SQL Id": 2932834211, "Planner Runtime": 1}, "explain_analyze_plan": {"Plan": {"Node Type": "Sort", "Startup Cost": 99317.02, "Total Cost": 99451.47, "Plan Rows": 53780, "Plan Width": 24, "Actual Startup Time": 1906.379, "Actual Total Time": 1906.379, "Actual Rows": 0, "Actual Loops": 1, "Sort Key": ["(sum((public.partsupp.ps_supplycost * (public.partsupp.ps_availqty)::double precision))) DESC"], "Sort Method": "quicksort", "Sort Space Used": 25, "Sort Space Type": "Memory", "Plans": [{"Node Type": "Aggregate", "Strategy": "Plain", "Parent Relationship": "exec_init_plan", "Subplan Name": "InitPlan 1 (returns $2)", "Startup Cost": 46940.63, "Total Cost": 46940.64, "Plan Rows": 1, "Plan Width": 24, "Actual Startup Time": 783.835, "Actual Total Time": 783.836, "Actual Rows": 1, "Actual Loops": 1, "Plans": [{"Node Type": "Nested Loop", "Parent Relationship": "Outer", "Join Type": "Inner", "Startup Cost": 0.0, "Total Cost": 46537.28, "Plan Rows": 53780, "Plan Width": 16, "Actual Startup Time": 0.076, "Actual Total Time": 646.927, "Actual Rows": 313920, "Actual Loops": 1, "Inner Unique": false, "Plans": [{"Node Type": "Nested Loop", "Parent Relationship": "Outer", "Join Type": "Inner", "Startup Cost": 0.0, "Total Cost": 8713.31, "Plan Rows": 4000, "Plan Width": 8, "Actual Startup Time": 0.057, "Actual Total Time": 6.296, "Actual Rows": 3924, "Actual Loops": 1, "Inner Unique": false, "Plans": [{"Node Type": "Index Scan", "Parent Relationship": "Outer", "Scan Direction": "Forward", "Index Name": "nation_pkey", "Relation Name": "nation", "Alias": "nation", "Startup Cost": 0.0, "Total Cost": 12.69, "Plan Rows": 1, "Plan Width": 4, "Actual Startup Time": 0.027, "Actual Total Time": 0.041, "Actual Rows": 1, "Actual Loops": 1, "Filter": "(n_name = 'MOZAMBIQUE'::bpchar)", "Rows Removed by Filter": 24}, {"Node Type": "Index Scan", "Parent Relationship": "Inner", "Scan Direction": "Forward", "Index Name": "idx_supplier_nation_key", "Relation Name": "supplier", "Alias": "supplier", "Startup Cost": 0.0, "Total Cost": 8660.62, "Plan Rows": 4000, "Plan Width": 12, "Actual Startup Time": 0.027, "Actual Total Time": 5.305, "Actual Rows": 3924, "Actual Loops": 1, "Index Cond": "(s_nationkey = public.nation.n_nationkey)", "Rows Removed by Index Recheck": 0}]}, {"Node Type": "Index Scan", "Parent Relationship": "Inner", "Scan Direction": "Forward", "Index Name": "idx_partsupp_suppkey", "Relation Name": "partsupp", "Alias": "partsupp", "Startup Cost": 0.0, "Total Cost": 9.33, "Plan Rows": 13, "Plan Width": 24, "Actual Startup Time": 45.852, "Actual Total Time": 573.209, "Actual Rows": 313920, "Actual Loops": 3924, "Index Cond": "(ps_suppkey = public.supplier.s_suppkey)", "Rows Removed by Index Recheck": 0}]}]}, {"Node Type": "Aggregate", "Strategy": "Hashed", "Parent Relationship": "Outer", "Startup Cost": 47478.43, "Total Cost": 48150.68, "Plan Rows": 53780, "Plan Width": 24, "Actual Startup Time": 1905.867, "Actual Total Time": 1905.867, "Actual Rows": 0, "Actual Loops": 1, "Group By Key": ["public.partsupp.ps_partkey"], "Filter": "(sum((public.partsupp.ps_supplycost * (public.partsupp.ps_availqty)::double precision)) > $2)", "Rows Removed by Filter": 295792, "Plans": [{"Node Type": "Nested Loop", "Parent Relationship": "Outer", "Join Type": "Inner", "Startup Cost": 0.0, "Total Cost": 46537.28, "Plan Rows": 53780, "Plan Width": 24, "Actual Startup Time": 0.086, "Actual Total Time": 723.082, "Actual Rows": 313920, "Actual Loops": 1, "Inner Unique": false, "Plans": [{"Node Type": "Nested Loop", "Parent Relationship": "Outer", "Join Type": "Inner", "Startup Cost": 0.0, "Total Cost": 8713.31, "Plan Rows": 4000, "Plan Width": 8, "Actual Startup Time": 0.06, "Actual Total Time": 7.212, "Actual Rows": 3924, "Actual Loops": 1, "Inner Unique": false, "Plans": [{"Node Type": "Index Scan", "Parent Relationship": "Outer", "Scan Direction": "Forward", "Index Name": "nation_pkey", "Relation Name": "nation", "Alias": "nation", "Startup Cost": 0.0, "Total Cost": 12.69, "Plan Rows": 1, "Plan Width": 4, "Actual Startup Time": 0.026, "Actual Total Time": 0.039, "Actual Rows": 1, "Actual Loops": 1, "Filter": "(n_name = 'MOZAMBIQUE'::bpchar)", "Rows Removed by Filter": 24}, {"Node Type": "Index Scan", "Parent Relationship": "Inner", "Scan Direction": "Forward", "Index Name": "idx_supplier_nation_key", "Relation Name": "supplier", "Alias": "supplier", "Startup Cost": 0.0, "Total Cost": 8660.62, "Plan Rows": 4000, "Plan Width": 12, "Actual Startup Time": 0.031, "Actual Total Time": 6.146, "Actual Rows": 3924, "Actual Loops": 1, "Index Cond": "(s_nationkey = public.nation.n_nationkey)", "Rows Removed by Index Recheck": 0}]}, {"Node Type": "Index Scan", "Parent Relationship": "Inner", "Scan Direction": "Forward", "Index Name": "idx_partsupp_suppkey", "Relation Name": "partsupp", "Alias": "partsupp", "Startup Cost": 0.0, "Total Cost": 9.33, "Plan Rows": 13, "Plan Width": 32, "Actual Startup Time": 49.46, "Actual Total Time": 644.575, "Actual Rows": 313920, "Actual Loops": 3924, "Index Cond": "(ps_suppkey = public.supplier.s_suppkey)", "Rows Removed by Index Recheck": 0}]}]}]}, "Triggers": [], "Planner Runtime": 1, "Total Runtime": 1906.676, "Unique SQL Id": 2932834211}}, "(1, 90)": {"explain_plan": {"Plan": {"Node Type": "Sort", "Startup Cost": 2486686.32, "Total Cost": 2486820.77, "Plan Rows": 53780, "Plan Width": 24, "Sort Key": ["(sum((public.partsupp.ps_supplycost * (public.partsupp.ps_availqty)::double precision))) DESC"], "Plans": [{"Node Type": "Aggregate", "Strategy": "Plain", "Parent Relationship": "exec_init_plan", "Subplan Name": "InitPlan 1 (returns $0)", "Startup Cost": 1240625.27, "Total Cost": 1240625.29, "Plan Rows": 1, "Plan Width": 24, "Plans": [{"Node Type": "Merge Join", "Parent Relationship": "Outer", "Join Type": "Inner", "Startup Cost": 1199664.68, "Total Cost": 1240221.92, "Plan Rows": 53780, "Plan Width": 16, "Inner Unique": false, "Merge Cond": "(public.supplier.s_suppkey = public.partsupp.ps_suppkey)", "Plans": [{"Node Type": "Sort", "Parent Relationship": "Outer", "Startup Cost": 12368.47, "Total Cost": 12378.47, "Plan Rows": 4000, "Plan Width": 8, "Sort Key": ["public.supplier.s_suppkey"], "Plans": [{"Node Type": "Merge Join", "Parent Relationship": "Outer", "Join Type": "Inner", "Startup Cost": 11589.14, "Total Cost": 12129.15, "Plan Rows": 4000, "Plan Width": 8, "Inner Unique": false, "Merge Cond": "(public.nation.n_nationkey = public.supplier.s_nationkey)", "Plans": [{"Node Type": "Sort", "Parent Relationship": "Outer", "Startup Cost": 1.32, "Total Cost": 1.33, "Plan Rows": 1, "Plan Width": 4, "Sort Key": ["public.nation.n_nationkey"], "Plans": [{"Node Type": "Seq Scan", "Parent Relationship": "Outer", "Relation Name": "nation", "Alias": "nation", "Startup Cost": 0.0, "Total Cost": 1.31, "Plan Rows": 1, "Plan Width": 4, "Filter": "(n_name = 'MOZAMBIQUE'::bpchar)"}]}, {"Node Type": "Sort", "Parent Relationship": "Inner", "Startup Cost": 11587.82, "Total Cost": 11837.82, "Plan Rows": 100000, "Plan Width": 12, "Sort Key": ["public.supplier.s_nationkey"], "Plans": [{"Node Type": "Seq Scan", "Parent Relationship": "Outer", "Relation Name": "supplier", "Alias": "supplier", "Startup Cost": 0.0, "Total Cost": 3283.0, "Plan Rows": 100000, "Plan Width": 12}]}]}]}, {"Node Type": "Sort", "Parent Relationship": "Inner", "Startup Cost": 1187295.8, "Total Cost": 1207296.73, "Plan Rows": 8000372, "Plan Width": 24, "Sort Key": ["public.partsupp.ps_suppkey"], "Plans": [{"Node Type": "Seq Scan", "Parent Relationship": "Outer", "Relation Name": "partsupp", "Alias": "partsupp", "Startup Cost": 0.0, "Total Cost": 269987.72, "Plan Rows": 8000372, "Plan Width": 24}]}]}]}, {"Node Type": "Aggregate", "Strategy": "Hashed", "Parent Relationship": "Outer", "Startup Cost": 1241163.07, "Total Cost": 1241835.32, "Plan Rows": 53780, "Plan Width": 24, "Group By Key": ["public.partsupp.ps_partkey"], "Filter": "(sum((public.partsupp.ps_supplycost * (public.partsupp.ps_availqty)::double precision)) > $0)", "Plans": [{"Node Type": "Merge Join", "Parent Relationship": "Outer", "Join Type": "Inner", "Startup Cost": 1199664.68, "Total Cost": 1240221.92, "Plan Rows": 53780, "Plan Width": 24, "Inner Unique": false, "Merge Cond": "(public.supplier.s_suppkey = public.partsupp.ps_suppkey)", "Plans": [{"Node Type": "Sort", "Parent Relationship": "Outer", "Startup Cost": 12368.47, "Total Cost": 12378.47, "Plan Rows": 4000, "Plan Width": 8, "Sort Key": ["public.supplier.s_suppkey"], "Plans": [{"Node Type": "Merge Join", "Parent Relationship": "Outer", "Join Type": "Inner", "Startup Cost": 11589.14, "Total Cost": 12129.15, "Plan Rows": 4000, "Plan Width": 8, "Inner Unique": false, "Merge Cond": "(public.nation.n_nationkey = public.supplier.s_nationkey)", "Plans": [{"Node Type": "Sort", "Parent Relationship": "Outer", "Startup Cost": 1.32, "Total Cost": 1.33, "Plan Rows": 1, "Plan Width": 4, "Sort Key": ["public.nation.n_nationkey"], "Plans": [{"Node Type": "Seq Scan", "Parent Relationship": "Outer", "Relation Name": "nation", "Alias": "nation", "Startup Cost": 0.0, "Total Cost": 1.31, "Plan Rows": 1, "Plan Width": 4, "Filter": "(n_name = 'MOZAMBIQUE'::bpchar)"}]}, {"Node Type": "Sort", "Parent Relationship": "Inner", "Startup Cost": 11587.82, "Total Cost": 11837.82, "Plan Rows": 100000, "Plan Width": 12, "Sort Key": ["public.supplier.s_nationkey"], "Plans": [{"Node Type": "Seq Scan", "Parent Relationship": "Outer", "Relation Name": "supplier", "Alias": "supplier", "Startup Cost": 0.0, "Total Cost": 3283.0, "Plan Rows": 100000, "Plan Width": 12}]}]}]}, {"Node Type": "Sort", "Parent Relationship": "Inner", "Startup Cost": 1187295.8, "Total Cost": 1207296.73, "Plan Rows": 8000372, "Plan Width": 32, "Sort Key": ["public.partsupp.ps_suppkey"], "Plans": [{"Node Type": "Seq Scan", "Parent Relationship": "Outer", "Relation Name": "partsupp", "Alias": "partsupp", "Startup Cost": 0.0, "Total Cost": 269987.72, "Plan Rows": 8000372, "Plan Width": 32}]}]}]}]}, "Unique SQL Id": 2932834211, "Planner Runtime": 1}, "explain_analyze_plan": null}, "(1, 91)": {"explain_plan": {"Plan": {"Node Type": "Sort", "Startup Cost": 6000102747407.88, "Total Cost": 6000102747542.33, "Plan Rows": 53780, "Plan Width": 24, "Sort Key": ["(sum((public.partsupp.ps_supplycost * (public.partsupp.ps_availqty)::double precision))) DESC"], "Plans": [{"Node Type": "Aggregate", "Strategy": "Plain", "Parent Relationship": "exec_init_plan", "Subplan Name": "InitPlan 1 (returns $0)", "Startup Cost": 3000051370986.06, "Total Cost": 3000051370986.07, "Plan Rows": 1, "Plan Width": 24, "Plans": [{"Node Type": "Merge Join", "Parent Relationship": "Outer", "Join Type": "Inner", "Startup Cost": 2010051361784.76, "Total Cost": 3000051370582.71, "Plan Rows": 53780, "Plan Width": 16, "Inner Unique": true, "Merge Cond": "(public.supplier.s_nationkey = public.nation.n_nationkey)", "Plans": [{"Node Type": "Sort", "Parent Relationship": "Outer", "Startup Cost": 2000051361784.76, "Total Cost": 2000051365146.01, "Plan Rows": 1344499, "Plan Width": 20, "Sort Key": ["public.supplier.s_nationkey"], "Plans": [{"Node Type": "Merge Join", "Parent Relationship": "Outer", "Join Type": "Inner", "Startup Cost": 20010395568.5, "Total Cost": 2000051224923.92, "Plan Rows": 1344499, "Plan Width": 20, "Inner Unique": false, "Merge Cond": "(public.supplier.s_suppkey = public.partsupp.ps_suppkey)", "Plans": [{"Node Type": "Index Scan", "Parent Relationship": "Outer", "Scan Direction": "Forward", "Index Name": "supplier_pkey", "Relation Name": "supplier", "Alias": "supplier", "Startup Cost": 10000000000.0, "Total Cost": 1000000533454.38, "Plan Rows": 100000, "Plan Width": 12}, {"Node Type": "Index Scan", "Parent Relationship": "Inner", "Scan Direction": "Forward", "Index Name": "idx_partsupp_suppkey", "Relation Name": "partsupp", "Alias": "partsupp", "Startup Cost": 10000000000.0, "Total Cost": 1000100160480.77, "Plan Rows": 8000372, "Plan Width": 24}]}]}, {"Node Type": "Materialize", "Parent Relationship": "Inner", "Startup Cost": 10000000000.0, "Total Cost": 1000000001268.75, "Plan Rows": 1, "Plan Width": 4, "Plans": [{"Node Type": "Index Scan", "Parent Relationship": "Outer", "Scan Direction": "Forward", "Index Name": "nation_pkey", "Relation Name": "nation", "Alias": "nation", "Startup Cost": 10000000000.0, "Total Cost": 1000000001268.75, "Plan Rows": 1, "Plan Width": 4, "Filter": "(n_name = 'MOZAMBIQUE'::bpchar)"}]}]}]}, {"Node Type": "Aggregate", "Strategy": "Hashed", "Parent Relationship": "Outer", "Startup Cost": 3000051371523.86, "Total Cost": 3000051372196.11, "Plan Rows": 53780, "Plan Width": 24, "Group By Key": ["public.partsupp.ps_partkey"], "Filter": "(sum((public.partsupp.ps_supplycost * (public.partsupp.ps_availqty)::double precision)) > $0)", "Plans": [{"Node Type": "Merge Join", "Parent Relationship": "Outer", "Join Type": "Inner", "Startup Cost": 2010051361784.76, "Total Cost": 3000051370582.71, "Plan Rows": 53780, "Plan Width": 24, "Inner Unique": true, "Merge Cond": "(public.supplier.s_nationkey = public.nation.n_nationkey)", "Plans": [{"Node Type": "Sort", "Parent Relationship": "Outer", "Startup Cost": 2000051361784.76, "Total Cost": 2000051365146.01, "Plan Rows": 1344499, "Plan Width": 28, "Sort Key": ["public.supplier.s_nationkey"], "Plans": [{"Node Type": "Merge Join", "Parent Relationship": "Outer", "Join Type": "Inner", "Startup Cost": 20010395568.5, "Total Cost": 2000051224923.92, "Plan Rows": 1344499, "Plan Width": 28, "Inner Unique": false, "Merge Cond": "(public.supplier.s_suppkey = public.partsupp.ps_suppkey)", "Plans": [{"Node Type": "Index Scan", "Parent Relationship": "Outer", "Scan Direction": "Forward", "Index Name": "supplier_pkey", "Relation Name": "supplier", "Alias": "supplier", "Startup Cost": 10000000000.0, "Total Cost": 1000000533454.38, "Plan Rows": 100000, "Plan Width": 12}, {"Node Type": "Index Scan", "Parent Relationship": "Inner", "Scan Direction": "Forward", "Index Name": "idx_partsupp_suppkey", "Relation Name": "partsupp", "Alias": "partsupp", "Startup Cost": 10000000000.0, "Total Cost": 1000100160480.77, "Plan Rows": 8000372, "Plan Width": 32}]}]}, {"Node Type": "Materialize", "Parent Relationship": "Inner", "Startup Cost": 10000000000.0, "Total Cost": 1000000001268.75, "Plan Rows": 1, "Plan Width": 4, "Plans": [{"Node Type": "Index Scan", "Parent Relationship": "Outer", "Scan Direction": "Forward", "Index Name": "nation_pkey", "Relation Name": "nation", "Alias": "nation", "Startup Cost": 10000000000.0, "Total Cost": 1000000001268.75, "Plan Rows": 1, "Plan Width": 4, "Filter": "(n_name = 'MOZAMBIQUE'::bpchar)"}]}]}]}]}, "Unique SQL Id": 2932834211, "Planner Runtime": 1}, "explain_analyze_plan": null}, "(1, 92)": {"explain_plan": {"Plan": {"Node Type": "Sort", "Startup Cost": 99294.27, "Total Cost": 99428.72, "Plan Rows": 53780, "Plan Width": 24, "Sort Key": ["(sum((public.partsupp.ps_supplycost * (public.partsupp.ps_availqty)::double precision))) DESC"], "Plans": [{"Node Type": "Aggregate", "Strategy": "Plain", "Parent Relationship": "exec_init_plan", "Subplan Name": "InitPlan 1 (returns $2)", "Startup Cost": 46929.25, "Total Cost": 46929.26, "Plan Rows": 1, "Plan Width": 24, "Plans": [{"Node Type": "Nested Loop", "Parent Relationship": "Outer", "Join Type": "Inner", "Startup Cost": 0.0, "Total Cost": 46525.9, "Plan Rows": 53780, "Plan Width": 16, "Inner Unique": false, "Plans": [{"Node Type": "Nested Loop", "Parent Relationship": "Outer", "Join Type": "Inner", "Startup Cost": 0.0, "Total Cost": 8701.93, "Plan Rows": 4000, "Plan Width": 8, "Inner Unique": false, "Plans": [{"Node Type": "Seq Scan", "Parent Relationship": "Outer", "Relation Name": "nation", "Alias": "nation", "Startup Cost": 0.0, "Total Cost": 1.31, "Plan Rows": 1, "Plan Width": 4, "Filter": "(n_name = 'MOZAMBIQUE'::bpchar)"}, {"Node Type": "Index Scan", "Parent Relationship": "Inner", "Scan Direction": "Forward", "Index Name": "idx_supplier_nation_key", "Relation Name": "supplier", "Alias": "supplier", "Startup Cost": 0.0, "Total Cost": 8660.62, "Plan Rows": 4000, "Plan Width": 12, "Index Cond": "(s_nationkey = public.nation.n_nationkey)"}]}, {"Node Type": "Index Scan", "Parent Relationship": "Inner", "Scan Direction": "Forward", "Index Name": "idx_partsupp_suppkey", "Relation Name": "partsupp", "Alias": "partsupp", "Startup Cost": 0.0, "Total Cost": 9.33, "Plan Rows": 13, "Plan Width": 24, "Index Cond": "(ps_suppkey = public.supplier.s_suppkey)"}]}]}, {"Node Type": "Aggregate", "Strategy": "Hashed", "Parent Relationship": "Outer", "Startup Cost": 47467.05, "Total Cost": 48139.3, "Plan Rows": 53780, "Plan Width": 24, "Group By Key": ["public.partsupp.ps_partkey"], "Filter": "(sum((public.partsupp.ps_supplycost * (public.partsupp.ps_availqty)::double precision)) > $2)", "Plans": [{"Node Type": "Nested Loop", "Parent Relationship": "Outer", "Join Type": "Inner", "Startup Cost": 0.0, "Total Cost": 46525.9, "Plan Rows": 53780, "Plan Width": 24, "Inner Unique": false, "Plans": [{"Node Type": "Nested Loop", "Parent Relationship": "Outer", "Join Type": "Inner", "Startup Cost": 0.0, "Total Cost": 8701.93, "Plan Rows": 4000, "Plan Width": 8, "Inner Unique": false, "Plans": [{"Node Type": "Seq Scan", "Parent Relationship": "Outer", "Relation Name": "nation", "Alias": "nation", "Startup Cost": 0.0, "Total Cost": 1.31, "Plan Rows": 1, "Plan Width": 4, "Filter": "(n_name = 'MOZAMBIQUE'::bpchar)"}, {"Node Type": "Index Scan", "Parent Relationship": "Inner", "Scan Direction": "Forward", "Index Name": "idx_supplier_nation_key", "Relation Name": "supplier", "Alias": "supplier", "Startup Cost": 0.0, "Total Cost": 8660.62, "Plan Rows": 4000, "Plan Width": 12, "Index Cond": "(s_nationkey = public.nation.n_nationkey)"}]}, {"Node Type": "Index Scan", "Parent Relationship": "Inner", "Scan Direction": "Forward", "Index Name": "idx_partsupp_suppkey", "Relation Name": "partsupp", "Alias": "partsupp", "Startup Cost": 0.0, "Total Cost": 9.33, "Plan Rows": 13, "Plan Width": 32, "Index Cond": "(ps_suppkey = public.supplier.s_suppkey)"}]}]}]}, "Unique SQL Id": 2932834211, "Planner Runtime": 1}, "explain_analyze_plan": {"Plan": {"Node Type": "Sort", "Startup Cost": 99294.27, "Total Cost": 99428.72, "Plan Rows": 53780, "Plan Width": 24, "Actual Startup Time": 1997.86, "Actual Total Time": 1997.86, "Actual Rows": 0, "Actual Loops": 1, "Sort Key": ["(sum((public.partsupp.ps_supplycost * (public.partsupp.ps_availqty)::double precision))) DESC"], "Sort Method": "quicksort", "Sort Space Used": 25, "Sort Space Type": "Memory", "Plans": [{"Node Type": "Aggregate", "Strategy": "Plain", "Parent Relationship": "exec_init_plan", "Subplan Name": "InitPlan 1 (returns $2)", "Startup Cost": 46929.25, "Total Cost": 46929.26, "Plan Rows": 1, "Plan Width": 24, "Actual Startup Time": 899.407, "Actual Total Time": 899.408, "Actual Rows": 1, "Actual Loops": 1, "Plans": [{"Node Type": "Nested Loop", "Parent Relationship": "Outer", "Join Type": "Inner", "Startup Cost": 0.0, "Total Cost": 46525.9, "Plan Rows": 53780, "Plan Width": 16, "Actual Startup Time": 0.1, "Actual Total Time": 765.57, "Actual Rows": 313920, "Actual Loops": 1, "Inner Unique": false, "Plans": [{"Node Type": "Nested Loop", "Parent Relationship": "Outer", "Join Type": "Inner", "Startup Cost": 0.0, "Total Cost": 8701.93, "Plan Rows": 4000, "Plan Width": 8, "Actual Startup Time": 0.073, "Actual Total Time": 7.575, "Actual Rows": 3924, "Actual Loops": 1, "Inner Unique": false, "Plans": [{"Node Type": "Seq Scan", "Parent Relationship": "Outer", "Relation Name": "nation", "Alias": "nation", "Startup Cost": 0.0, "Total Cost": 1.31, "Plan Rows": 1, "Plan Width": 4, "Actual Startup Time": 0.033, "Actual Total Time": 0.047, "Actual Rows": 1, "Actual Loops": 1, "Filter": "(n_name = 'MOZAMBIQUE'::bpchar)", "Rows Removed by Filter": 24}, {"Node Type": "Index Scan", "Parent Relationship": "Inner", "Scan Direction": "Forward", "Index Name": "idx_supplier_nation_key", "Relation Name": "supplier", "Alias": "supplier", "Startup Cost": 0.0, "Total Cost": 8660.62, "Plan Rows": 4000, "Plan Width": 12, "Actual Startup Time": 0.032, "Actual Total Time": 6.289, "Actual Rows": 3924, "Actual Loops": 1, "Index Cond": "(s_nationkey = public.nation.n_nationkey)", "Rows Removed by Index Recheck": 0}]}, {"Node Type": "Index Scan", "Parent Relationship": "Inner", "Scan Direction": "Forward", "Index Name": "idx_partsupp_suppkey", "Relation Name": "partsupp", "Alias": "partsupp", "Startup Cost": 0.0, "Total Cost": 9.33, "Plan Rows": 13, "Plan Width": 24, "Actual Startup Time": 53.207, "Actual Total Time": 691.85, "Actual Rows": 313920, "Actual Loops": 3924, "Index Cond": "(ps_suppkey = public.supplier.s_suppkey)", "Rows Removed by Index Recheck": 0}]}]}, {"Node Type": "Aggregate", "Strategy": "Hashed", "Parent Relationship": "Outer", "Startup Cost": 47467.05, "Total Cost": 48139.3, "Plan Rows": 53780, "Plan Width": 24, "Actual Startup Time": 1997.449, "Actual Total Time": 1997.449, "Actual Rows": 0, "Actual Loops": 1, "Group By Key": ["public.partsupp.ps_partkey"], "Filter": "(sum((public.partsupp.ps_supplycost * (public.partsupp.ps_availqty)::double precision)) > $2)", "Rows Removed by Filter": 295792, "Plans": [{"Node Type": "Nested Loop", "Parent Relationship": "Outer", "Join Type": "Inner", "Startup Cost": 0.0, "Total Cost": 46525.9, "Plan Rows": 53780, "Plan Width": 24, "Actual Startup Time": 0.086, "Actual Total Time": 685.969, "Actual Rows": 313920, "Actual Loops": 1, "Inner Unique": false, "Plans": [{"Node Type": "Nested Loop", "Parent Relationship": "Outer", "Join Type": "Inner", "Startup Cost": 0.0, "Total Cost": 8701.93, "Plan Rows": 4000, "Plan Width": 8, "Actual Startup Time": 0.069, "Actual Total Time": 6.975, "Actual Rows": 3924, "Actual Loops": 1, "Inner Unique": false, "Plans": [{"Node Type": "Seq Scan", "Parent Relationship": "Outer", "Relation Name": "nation", "Alias": "nation", "Startup Cost": 0.0, "Total Cost": 1.31, "Plan Rows": 1, "Plan Width": 4, "Actual Startup Time": 0.031, "Actual Total Time": 0.047, "Actual Rows": 1, "Actual Loops": 1, "Filter": "(n_name = 'MOZAMBIQUE'::bpchar)", "Rows Removed by Filter": 24}, {"Node Type": "Index Scan", "Parent Relationship": "Inner", "Scan Direction": "Forward", "Index Name": "idx_supplier_nation_key", "Relation Name": "supplier", "Alias": "supplier", "Startup Cost": 0.0, "Total Cost": 8660.62, "Plan Rows": 4000, "Plan Width": 12, "Actual Startup Time": 0.032, "Actual Total Time": 5.814, "Actual Rows": 3924, "Actual Loops": 1, "Index Cond": "(s_nationkey = public.nation.n_nationkey)", "Rows Removed by Index Recheck": 0}]}, {"Node Type": "Index Scan", "Parent Relationship": "Inner", "Scan Direction": "Forward", "Index Name": "idx_partsupp_suppkey", "Relation Name": "partsupp", "Alias": "partsupp", "Startup Cost": 0.0, "Total Cost": 9.33, "Plan Rows": 13, "Plan Width": 32, "Actual Startup Time": 47.737, "Actual Total Time": 607.573, "Actual Rows": 313920, "Actual Loops": 3924, "Index Cond": "(ps_suppkey = public.supplier.s_suppkey)", "Rows Removed by Index Recheck": 0}]}]}]}, "Triggers": [], "Planner Runtime": 1, "Total Runtime": 1998.217, "Unique SQL Id": 2932834211}}, "(1, 93)": {"explain_plan": {"Plan": {"Node Type": "Sort", "Startup Cost": 99317.02, "Total Cost": 99451.47, "Plan Rows": 53780, "Plan Width": 24, "Sort Key": ["(sum((public.partsupp.ps_supplycost * (public.partsupp.ps_availqty)::double precision))) DESC"], "Plans": [{"Node Type": "Aggregate", "Strategy": "Plain", "Parent Relationship": "exec_init_plan", "Subplan Name": "InitPlan 1 (returns $2)", "Startup Cost": 46940.63, "Total Cost": 46940.64, "Plan Rows": 1, "Plan Width": 24, "Plans": [{"Node Type": "Nested Loop", "Parent Relationship": "Outer", "Join Type": "Inner", "Startup Cost": 0.0, "Total Cost": 46537.28, "Plan Rows": 53780, "Plan Width": 16, "Inner Unique": false, "Plans": [{"Node Type": "Nested Loop", "Parent Relationship": "Outer", "Join Type": "Inner", "Startup Cost": 0.0, "Total Cost": 8713.31, "Plan Rows": 4000, "Plan Width": 8, "Inner Unique": false, "Plans": [{"Node Type": "Index Scan", "Parent Relationship": "Outer", "Scan Direction": "Forward", "Index Name": "nation_pkey", "Relation Name": "nation", "Alias": "nation", "Startup Cost": 0.0, "Total Cost": 12.69, "Plan Rows": 1, "Plan Width": 4, "Filter": "(n_name = 'MOZAMBIQUE'::bpchar)"}, {"Node Type": "Index Scan", "Parent Relationship": "Inner", "Scan Direction": "Forward", "Index Name": "idx_supplier_nation_key", "Relation Name": "supplier", "Alias": "supplier", "Startup Cost": 0.0, "Total Cost": 8660.62, "Plan Rows": 4000, "Plan Width": 12, "Index Cond": "(s_nationkey = public.nation.n_nationkey)"}]}, {"Node Type": "Index Scan", "Parent Relationship": "Inner", "Scan Direction": "Forward", "Index Name": "idx_partsupp_suppkey", "Relation Name": "partsupp", "Alias": "partsupp", "Startup Cost": 0.0, "Total Cost": 9.33, "Plan Rows": 13, "Plan Width": 24, "Index Cond": "(ps_suppkey = public.supplier.s_suppkey)"}]}]}, {"Node Type": "Aggregate", "Strategy": "Hashed", "Parent Relationship": "Outer", "Startup Cost": 47478.43, "Total Cost": 48150.68, "Plan Rows": 53780, "Plan Width": 24, "Group By Key": ["public.partsupp.ps_partkey"], "Filter": "(sum((public.partsupp.ps_supplycost * (public.partsupp.ps_availqty)::double precision)) > $2)", "Plans": [{"Node Type": "Nested Loop", "Parent Relationship": "Outer", "Join Type": "Inner", "Startup Cost": 0.0, "Total Cost": 46537.28, "Plan Rows": 53780, "Plan Width": 24, "Inner Unique": false, "Plans": [{"Node Type": "Nested Loop", "Parent Relationship": "Outer", "Join Type": "Inner", "Startup Cost": 0.0, "Total Cost": 8713.31, "Plan Rows": 4000, "Plan Width": 8, "Inner Unique": false, "Plans": [{"Node Type": "Index Scan", "Parent Relationship": "Outer", "Scan Direction": "Forward", "Index Name": "nation_pkey", "Relation Name": "nation", "Alias": "nation", "Startup Cost": 0.0, "Total Cost": 12.69, "Plan Rows": 1, "Plan Width": 4, "Filter": "(n_name = 'MOZAMBIQUE'::bpchar)"}, {"Node Type": "Index Scan", "Parent Relationship": "Inner", "Scan Direction": "Forward", "Index Name": "idx_supplier_nation_key", "Relation Name": "supplier", "Alias": "supplier", "Startup Cost": 0.0, "Total Cost": 8660.62, "Plan Rows": 4000, "Plan Width": 12, "Index Cond": "(s_nationkey = public.nation.n_nationkey)"}]}, {"Node Type": "Index Scan", "Parent Relationship": "Inner", "Scan Direction": "Forward", "Index Name": "idx_partsupp_suppkey", "Relation Name": "partsupp", "Alias": "partsupp", "Startup Cost": 0.0, "Total Cost": 9.33, "Plan Rows": 13, "Plan Width": 32, "Index Cond": "(ps_suppkey = public.supplier.s_suppkey)"}]}]}]}, "Unique SQL Id": 2932834211, "Planner Runtime": 1}, "explain_analyze_plan": {"Plan": {"Node Type": "Sort", "Startup Cost": 99317.02, "Total Cost": 99451.47, "Plan Rows": 53780, "Plan Width": 24, "Actual Startup Time": 1906.379, "Actual Total Time": 1906.379, "Actual Rows": 0, "Actual Loops": 1, "Sort Key": ["(sum((public.partsupp.ps_supplycost * (public.partsupp.ps_availqty)::double precision))) DESC"], "Sort Method": "quicksort", "Sort Space Used": 25, "Sort Space Type": "Memory", "Plans": [{"Node Type": "Aggregate", "Strategy": "Plain", "Parent Relationship": "exec_init_plan", "Subplan Name": "InitPlan 1 (returns $2)", "Startup Cost": 46940.63, "Total Cost": 46940.64, "Plan Rows": 1, "Plan Width": 24, "Actual Startup Time": 783.835, "Actual Total Time": 783.836, "Actual Rows": 1, "Actual Loops": 1, "Plans": [{"Node Type": "Nested Loop", "Parent Relationship": "Outer", "Join Type": "Inner", "Startup Cost": 0.0, "Total Cost": 46537.28, "Plan Rows": 53780, "Plan Width": 16, "Actual Startup Time": 0.076, "Actual Total Time": 646.927, "Actual Rows": 313920, "Actual Loops": 1, "Inner Unique": false, "Plans": [{"Node Type": "Nested Loop", "Parent Relationship": "Outer", "Join Type": "Inner", "Startup Cost": 0.0, "Total Cost": 8713.31, "Plan Rows": 4000, "Plan Width": 8, "Actual Startup Time": 0.057, "Actual Total Time": 6.296, "Actual Rows": 3924, "Actual Loops": 1, "Inner Unique": false, "Plans": [{"Node Type": "Index Scan", "Parent Relationship": "Outer", "Scan Direction": "Forward", "Index Name": "nation_pkey", "Relation Name": "nation", "Alias": "nation", "Startup Cost": 0.0, "Total Cost": 12.69, "Plan Rows": 1, "Plan Width": 4, "Actual Startup Time": 0.027, "Actual Total Time": 0.041, "Actual Rows": 1, "Actual Loops": 1, "Filter": "(n_name = 'MOZAMBIQUE'::bpchar)", "Rows Removed by Filter": 24}, {"Node Type": "Index Scan", "Parent Relationship": "Inner", "Scan Direction": "Forward", "Index Name": "idx_supplier_nation_key", "Relation Name": "supplier", "Alias": "supplier", "Startup Cost": 0.0, "Total Cost": 8660.62, "Plan Rows": 4000, "Plan Width": 12, "Actual Startup Time": 0.027, "Actual Total Time": 5.305, "Actual Rows": 3924, "Actual Loops": 1, "Index Cond": "(s_nationkey = public.nation.n_nationkey)", "Rows Removed by Index Recheck": 0}]}, {"Node Type": "Index Scan", "Parent Relationship": "Inner", "Scan Direction": "Forward", "Index Name": "idx_partsupp_suppkey", "Relation Name": "partsupp", "Alias": "partsupp", "Startup Cost": 0.0, "Total Cost": 9.33, "Plan Rows": 13, "Plan Width": 24, "Actual Startup Time": 45.852, "Actual Total Time": 573.209, "Actual Rows": 313920, "Actual Loops": 3924, "Index Cond": "(ps_suppkey = public.supplier.s_suppkey)", "Rows Removed by Index Recheck": 0}]}]}, {"Node Type": "Aggregate", "Strategy": "Hashed", "Parent Relationship": "Outer", "Startup Cost": 47478.43, "Total Cost": 48150.68, "Plan Rows": 53780, "Plan Width": 24, "Actual Startup Time": 1905.867, "Actual Total Time": 1905.867, "Actual Rows": 0, "Actual Loops": 1, "Group By Key": ["public.partsupp.ps_partkey"], "Filter": "(sum((public.partsupp.ps_supplycost * (public.partsupp.ps_availqty)::double precision)) > $2)", "Rows Removed by Filter": 295792, "Plans": [{"Node Type": "Nested Loop", "Parent Relationship": "Outer", "Join Type": "Inner", "Startup Cost": 0.0, "Total Cost": 46537.28, "Plan Rows": 53780, "Plan Width": 24, "Actual Startup Time": 0.086, "Actual Total Time": 723.082, "Actual Rows": 313920, "Actual Loops": 1, "Inner Unique": false, "Plans": [{"Node Type": "Nested Loop", "Parent Relationship": "Outer", "Join Type": "Inner", "Startup Cost": 0.0, "Total Cost": 8713.31, "Plan Rows": 4000, "Plan Width": 8, "Actual Startup Time": 0.06, "Actual Total Time": 7.212, "Actual Rows": 3924, "Actual Loops": 1, "Inner Unique": false, "Plans": [{"Node Type": "Index Scan", "Parent Relationship": "Outer", "Scan Direction": "Forward", "Index Name": "nation_pkey", "Relation Name": "nation", "Alias": "nation", "Startup Cost": 0.0, "Total Cost": 12.69, "Plan Rows": 1, "Plan Width": 4, "Actual Startup Time": 0.026, "Actual Total Time": 0.039, "Actual Rows": 1, "Actual Loops": 1, "Filter": "(n_name = 'MOZAMBIQUE'::bpchar)", "Rows Removed by Filter": 24}, {"Node Type": "Index Scan", "Parent Relationship": "Inner", "Scan Direction": "Forward", "Index Name": "idx_supplier_nation_key", "Relation Name": "supplier", "Alias": "supplier", "Startup Cost": 0.0, "Total Cost": 8660.62, "Plan Rows": 4000, "Plan Width": 12, "Actual Startup Time": 0.031, "Actual Total Time": 6.146, "Actual Rows": 3924, "Actual Loops": 1, "Index Cond": "(s_nationkey = public.nation.n_nationkey)", "Rows Removed by Index Recheck": 0}]}, {"Node Type": "Index Scan", "Parent Relationship": "Inner", "Scan Direction": "Forward", "Index Name": "idx_partsupp_suppkey", "Relation Name": "partsupp", "Alias": "partsupp", "Startup Cost": 0.0, "Total Cost": 9.33, "Plan Rows": 13, "Plan Width": 32, "Actual Startup Time": 49.46, "Actual Total Time": 644.575, "Actual Rows": 313920, "Actual Loops": 3924, "Index Cond": "(ps_suppkey = public.supplier.s_suppkey)", "Rows Removed by Index Recheck": 0}]}]}]}, "Triggers": [], "Planner Runtime": 1, "Total Runtime": 1906.676, "Unique SQL Id": 2932834211}}, "(1, 94)": {"explain_plan": {"Plan": {"Node Type": "Sort", "Startup Cost": 2486686.32, "Total Cost": 2486820.77, "Plan Rows": 53780, "Plan Width": 24, "Sort Key": ["(sum((public.partsupp.ps_supplycost * (public.partsupp.ps_availqty)::double precision))) DESC"], "Plans": [{"Node Type": "Aggregate", "Strategy": "Plain", "Parent Relationship": "exec_init_plan", "Subplan Name": "InitPlan 1 (returns $0)", "Startup Cost": 1240625.27, "Total Cost": 1240625.29, "Plan Rows": 1, "Plan Width": 24, "Plans": [{"Node Type": "Merge Join", "Parent Relationship": "Outer", "Join Type": "Inner", "Startup Cost": 1199664.68, "Total Cost": 1240221.92, "Plan Rows": 53780, "Plan Width": 16, "Inner Unique": false, "Merge Cond": "(public.supplier.s_suppkey = public.partsupp.ps_suppkey)", "Plans": [{"Node Type": "Sort", "Parent Relationship": "Outer", "Startup Cost": 12368.47, "Total Cost": 12378.47, "Plan Rows": 4000, "Plan Width": 8, "Sort Key": ["public.supplier.s_suppkey"], "Plans": [{"Node Type": "Merge Join", "Parent Relationship": "Outer", "Join Type": "Inner", "Startup Cost": 11589.14, "Total Cost": 12129.15, "Plan Rows": 4000, "Plan Width": 8, "Inner Unique": false, "Merge Cond": "(public.nation.n_nationkey = public.supplier.s_nationkey)", "Plans": [{"Node Type": "Sort", "Parent Relationship": "Outer", "Startup Cost": 1.32, "Total Cost": 1.33, "Plan Rows": 1, "Plan Width": 4, "Sort Key": ["public.nation.n_nationkey"], "Plans": [{"Node Type": "Seq Scan", "Parent Relationship": "Outer", "Relation Name": "nation", "Alias": "nation", "Startup Cost": 0.0, "Total Cost": 1.31, "Plan Rows": 1, "Plan Width": 4, "Filter": "(n_name = 'MOZAMBIQUE'::bpchar)"}]}, {"Node Type": "Sort", "Parent Relationship": "Inner", "Startup Cost": 11587.82, "Total Cost": 11837.82, "Plan Rows": 100000, "Plan Width": 12, "Sort Key": ["public.supplier.s_nationkey"], "Plans": [{"Node Type": "Seq Scan", "Parent Relationship": "Outer", "Relation Name": "supplier", "Alias": "supplier", "Startup Cost": 0.0, "Total Cost": 3283.0, "Plan Rows": 100000, "Plan Width": 12}]}]}]}, {"Node Type": "Sort", "Parent Relationship": "Inner", "Startup Cost": 1187295.8, "Total Cost": 1207296.73, "Plan Rows": 8000372, "Plan Width": 24, "Sort Key": ["public.partsupp.ps_suppkey"], "Plans": [{"Node Type": "Seq Scan", "Parent Relationship": "Outer", "Relation Name": "partsupp", "Alias": "partsupp", "Startup Cost": 0.0, "Total Cost": 269987.72, "Plan Rows": 8000372, "Plan Width": 24}]}]}]}, {"Node Type": "Aggregate", "Strategy": "Hashed", "Parent Relationship": "Outer", "Startup Cost": 1241163.07, "Total Cost": 1241835.32, "Plan Rows": 53780, "Plan Width": 24, "Group By Key": ["public.partsupp.ps_partkey"], "Filter": "(sum((public.partsupp.ps_supplycost * (public.partsupp.ps_availqty)::double precision)) > $0)", "Plans": [{"Node Type": "Merge Join", "Parent Relationship": "Outer", "Join Type": "Inner", "Startup Cost": 1199664.68, "Total Cost": 1240221.92, "Plan Rows": 53780, "Plan Width": 24, "Inner Unique": false, "Merge Cond": "(public.supplier.s_suppkey = public.partsupp.ps_suppkey)", "Plans": [{"Node Type": "Sort", "Parent Relationship": "Outer", "Startup Cost": 12368.47, "Total Cost": 12378.47, "Plan Rows": 4000, "Plan Width": 8, "Sort Key": ["public.supplier.s_suppkey"], "Plans": [{"Node Type": "Merge Join", "Parent Relationship": "Outer", "Join Type": "Inner", "Startup Cost": 11589.14, "Total Cost": 12129.15, "Plan Rows": 4000, "Plan Width": 8, "Inner Unique": false, "Merge Cond": "(public.nation.n_nationkey = public.supplier.s_nationkey)", "Plans": [{"Node Type": "Sort", "Parent Relationship": "Outer", "Startup Cost": 1.32, "Total Cost": 1.33, "Plan Rows": 1, "Plan Width": 4, "Sort Key": ["public.nation.n_nationkey"], "Plans": [{"Node Type": "Seq Scan", "Parent Relationship": "Outer", "Relation Name": "nation", "Alias": "nation", "Startup Cost": 0.0, "Total Cost": 1.31, "Plan Rows": 1, "Plan Width": 4, "Filter": "(n_name = 'MOZAMBIQUE'::bpchar)"}]}, {"Node Type": "Sort", "Parent Relationship": "Inner", "Startup Cost": 11587.82, "Total Cost": 11837.82, "Plan Rows": 100000, "Plan Width": 12, "Sort Key": ["public.supplier.s_nationkey"], "Plans": [{"Node Type": "Seq Scan", "Parent Relationship": "Outer", "Relation Name": "supplier", "Alias": "supplier", "Startup Cost": 0.0, "Total Cost": 3283.0, "Plan Rows": 100000, "Plan Width": 12}]}]}]}, {"Node Type": "Sort", "Parent Relationship": "Inner", "Startup Cost": 1187295.8, "Total Cost": 1207296.73, "Plan Rows": 8000372, "Plan Width": 32, "Sort Key": ["public.partsupp.ps_suppkey"], "Plans": [{"Node Type": "Seq Scan", "Parent Relationship": "Outer", "Relation Name": "partsupp", "Alias": "partsupp", "Startup Cost": 0.0, "Total Cost": 269987.72, "Plan Rows": 8000372, "Plan Width": 32}]}]}]}]}, "Unique SQL Id": 2932834211, "Planner Runtime": 1}, "explain_analyze_plan": null}, "(1, 95)": {"explain_plan": {"Plan": {"Node Type": "Sort", "Startup Cost": 6000102747407.88, "Total Cost": 6000102747542.33, "Plan Rows": 53780, "Plan Width": 24, "Sort Key": ["(sum((public.partsupp.ps_supplycost * (public.partsupp.ps_availqty)::double precision))) DESC"], "Plans": [{"Node Type": "Aggregate", "Strategy": "Plain", "Parent Relationship": "exec_init_plan", "Subplan Name": "InitPlan 1 (returns $0)", "Startup Cost": 3000051370986.06, "Total Cost": 3000051370986.07, "Plan Rows": 1, "Plan Width": 24, "Plans": [{"Node Type": "Merge Join", "Parent Relationship": "Outer", "Join Type": "Inner", "Startup Cost": 2010051361784.76, "Total Cost": 3000051370582.71, "Plan Rows": 53780, "Plan Width": 16, "Inner Unique": true, "Merge Cond": "(public.supplier.s_nationkey = public.nation.n_nationkey)", "Plans": [{"Node Type": "Sort", "Parent Relationship": "Outer", "Startup Cost": 2000051361784.76, "Total Cost": 2000051365146.01, "Plan Rows": 1344499, "Plan Width": 20, "Sort Key": ["public.supplier.s_nationkey"], "Plans": [{"Node Type": "Merge Join", "Parent Relationship": "Outer", "Join Type": "Inner", "Startup Cost": 20010395568.5, "Total Cost": 2000051224923.92, "Plan Rows": 1344499, "Plan Width": 20, "Inner Unique": false, "Merge Cond": "(public.supplier.s_suppkey = public.partsupp.ps_suppkey)", "Plans": [{"Node Type": "Index Scan", "Parent Relationship": "Outer", "Scan Direction": "Forward", "Index Name": "supplier_pkey", "Relation Name": "supplier", "Alias": "supplier", "Startup Cost": 10000000000.0, "Total Cost": 1000000533454.38, "Plan Rows": 100000, "Plan Width": 12}, {"Node Type": "Index Scan", "Parent Relationship": "Inner", "Scan Direction": "Forward", "Index Name": "idx_partsupp_suppkey", "Relation Name": "partsupp", "Alias": "partsupp", "Startup Cost": 10000000000.0, "Total Cost": 1000100160480.77, "Plan Rows": 8000372, "Plan Width": 24}]}]}, {"Node Type": "Materialize", "Parent Relationship": "Inner", "Startup Cost": 10000000000.0, "Total Cost": 1000000001268.75, "Plan Rows": 1, "Plan Width": 4, "Plans": [{"Node Type": "Index Scan", "Parent Relationship": "Outer", "Scan Direction": "Forward", "Index Name": "nation_pkey", "Relation Name": "nation", "Alias": "nation", "Startup Cost": 10000000000.0, "Total Cost": 1000000001268.75, "Plan Rows": 1, "Plan Width": 4, "Filter": "(n_name = 'MOZAMBIQUE'::bpchar)"}]}]}]}, {"Node Type": "Aggregate", "Strategy": "Hashed", "Parent Relationship": "Outer", "Startup Cost": 3000051371523.86, "Total Cost": 3000051372196.11, "Plan Rows": 53780, "Plan Width": 24, "Group By Key": ["public.partsupp.ps_partkey"], "Filter": "(sum((public.partsupp.ps_supplycost * (public.partsupp.ps_availqty)::double precision)) > $0)", "Plans": [{"Node Type": "Merge Join", "Parent Relationship": "Outer", "Join Type": "Inner", "Startup Cost": 2010051361784.76, "Total Cost": 3000051370582.71, "Plan Rows": 53780, "Plan Width": 24, "Inner Unique": true, "Merge Cond": "(public.supplier.s_nationkey = public.nation.n_nationkey)", "Plans": [{"Node Type": "Sort", "Parent Relationship": "Outer", "Startup Cost": 2000051361784.76, "Total Cost": 2000051365146.01, "Plan Rows": 1344499, "Plan Width": 28, "Sort Key": ["public.supplier.s_nationkey"], "Plans": [{"Node Type": "Merge Join", "Parent Relationship": "Outer", "Join Type": "Inner", "Startup Cost": 20010395568.5, "Total Cost": 2000051224923.92, "Plan Rows": 1344499, "Plan Width": 28, "Inner Unique": false, "Merge Cond": "(public.supplier.s_suppkey = public.partsupp.ps_suppkey)", "Plans": [{"Node Type": "Index Scan", "Parent Relationship": "Outer", "Scan Direction": "Forward", "Index Name": "supplier_pkey", "Relation Name": "supplier", "Alias": "supplier", "Startup Cost": 10000000000.0, "Total Cost": 1000000533454.38, "Plan Rows": 100000, "Plan Width": 12}, {"Node Type": "Index Scan", "Parent Relationship": "Inner", "Scan Direction": "Forward", "Index Name": "idx_partsupp_suppkey", "Relation Name": "partsupp", "Alias": "partsupp", "Startup Cost": 10000000000.0, "Total Cost": 1000100160480.77, "Plan Rows": 8000372, "Plan Width": 32}]}]}, {"Node Type": "Materialize", "Parent Relationship": "Inner", "Startup Cost": 10000000000.0, "Total Cost": 1000000001268.75, "Plan Rows": 1, "Plan Width": 4, "Plans": [{"Node Type": "Index Scan", "Parent Relationship": "Outer", "Scan Direction": "Forward", "Index Name": "nation_pkey", "Relation Name": "nation", "Alias": "nation", "Startup Cost": 10000000000.0, "Total Cost": 1000000001268.75, "Plan Rows": 1, "Plan Width": 4, "Filter": "(n_name = 'MOZAMBIQUE'::bpchar)"}]}]}]}]}, "Unique SQL Id": 2932834211, "Planner Runtime": 1}, "explain_analyze_plan": null}, "(1, 96)": {"explain_plan": {"Plan": {"Node Type": "Sort", "Startup Cost": 86957.11, "Total Cost": 87091.56, "Plan Rows": 53780, "Plan Width": 24, "Sort Key": ["(sum((public.partsupp.ps_supplycost * (public.partsupp.ps_availqty)::double precision))) DESC"], "Plans": [{"Node Type": "Aggregate", "Strategy": "Plain", "Parent Relationship": "exec_init_plan", "Subplan Name": "InitPlan 1 (returns $2)", "Startup Cost": 40760.67, "Total Cost": 40760.68, "Plan Rows": 1, "Plan Width": 24, "Plans": [{"Node Type": "Nested Loop", "Parent Relationship": "Outer", "Join Type": "Inner", "Startup Cost": 95.25, "Total Cost": 40357.32, "Plan Rows": 53780, "Plan Width": 16, "Inner Unique": false, "Plans": [{"Node Type": "Nested Loop", "Parent Relationship": "Outer", "Join Type": "Inner", "Startup Cost": 95.25, "Total Cost": 2533.35, "Plan Rows": 4000, "Plan Width": 8, "Inner Unique": false, "Plans": [{"Node Type": "Seq Scan", "Parent Relationship": "Outer", "Relation Name": "nation", "Alias": "nation", "Startup Cost": 0.0, "Total Cost": 1.31, "Plan Rows": 1, "Plan Width": 4, "Filter": "(n_name = 'MOZAMBIQUE'::bpchar)"}, {"Node Type": "Bitmap Heap Scan", "Parent Relationship": "Inner", "Relation Name": "supplier", "Alias": "supplier", "Startup Cost": 95.25, "Total Cost": 2492.04, "Plan Rows": 4000, "Plan Width": 12, "Recheck Cond": "(s_nationkey = public.nation.n_nationkey)", "Plans": [{"Node Type": "Bitmap Index Scan", "Parent Relationship": "Outer", "Index Name": "idx_supplier_nation_key", "Startup Cost": 0.0, "Total Cost": 94.25, "Plan Rows": 4000, "Plan Width": 0, "Index Cond": "(s_nationkey = public.nation.n_nationkey)"}]}]}, {"Node Type": "Index Scan", "Parent Relationship": "Inner", "Scan Direction": "Forward", "Index Name": "idx_partsupp_suppkey", "Relation Name": "partsupp", "Alias": "partsupp", "Startup Cost": 0.0, "Total Cost": 9.33, "Plan Rows": 13, "Plan Width": 24, "Index Cond": "(ps_suppkey = public.supplier.s_suppkey)"}]}]}, {"Node Type": "Aggregate", "Strategy": "Hashed", "Parent Relationship": "Outer", "Startup Cost": 41298.47, "Total Cost": 41970.72, "Plan Rows": 53780, "Plan Width": 24, "Group By Key": ["public.partsupp.ps_partkey"], "Filter": "(sum((public.partsupp.ps_supplycost * (public.partsupp.ps_availqty)::double precision)) > $2)", "Plans": [{"Node Type": "Nested Loop", "Parent Relationship": "Outer", "Join Type": "Inner", "Startup Cost": 95.25, "Total Cost": 40357.32, "Plan Rows": 53780, "Plan Width": 24, "Inner Unique": false, "Plans": [{"Node Type": "Nested Loop", "Parent Relationship": "Outer", "Join Type": "Inner", "Startup Cost": 95.25, "Total Cost": 2533.35, "Plan Rows": 4000, "Plan Width": 8, "Inner Unique": false, "Plans": [{"Node Type": "Seq Scan", "Parent Relationship": "Outer", "Relation Name": "nation", "Alias": "nation", "Startup Cost": 0.0, "Total Cost": 1.31, "Plan Rows": 1, "Plan Width": 4, "Filter": "(n_name = 'MOZAMBIQUE'::bpchar)"}, {"Node Type": "Bitmap Heap Scan", "Parent Relationship": "Inner", "Relation Name": "supplier", "Alias": "supplier", "Startup Cost": 95.25, "Total Cost": 2492.04, "Plan Rows": 4000, "Plan Width": 12, "Recheck Cond": "(s_nationkey = public.nation.n_nationkey)", "Plans": [{"Node Type": "Bitmap Index Scan", "Parent Relationship": "Outer", "Index Name": "idx_supplier_nation_key", "Startup Cost": 0.0, "Total Cost": 94.25, "Plan Rows": 4000, "Plan Width": 0, "Index Cond": "(s_nationkey = public.nation.n_nationkey)"}]}]}, {"Node Type": "Index Scan", "Parent Relationship": "Inner", "Scan Direction": "Forward", "Index Name": "idx_partsupp_suppkey", "Relation Name": "partsupp", "Alias": "partsupp", "Startup Cost": 0.0, "Total Cost": 9.33, "Plan Rows": 13, "Plan Width": 32, "Index Cond": "(ps_suppkey = public.supplier.s_suppkey)"}]}]}]}, "Unique SQL Id": 2932834211, "Planner Runtime": 0}, "explain_analyze_plan": {"Plan": {"Node Type": "Sort", "Startup Cost": 86957.11, "Total Cost": 87091.56, "Plan Rows": 53780, "Plan Width": 24, "Actual Startup Time": 1860.176, "Actual Total Time": 1860.176, "Actual Rows": 0, "Actual Loops": 1, "Sort Key": ["(sum((public.partsupp.ps_supplycost * (public.partsupp.ps_availqty)::double precision))) DESC"], "Sort Method": "quicksort", "Sort Space Used": 25, "Sort Space Type": "Memory", "Plans": [{"Node Type": "Aggregate", "Strategy": "Plain", "Parent Relationship": "exec_init_plan", "Subplan Name": "InitPlan 1 (returns $2)", "Startup Cost": 40760.67, "Total Cost": 40760.68, "Plan Rows": 1, "Plan Width": 24, "Actual Startup Time": 807.27, "Actual Total Time": 807.27, "Actual Rows": 1, "Actual Loops": 1, "Plans": [{"Node Type": "Nested Loop", "Parent Relationship": "Outer", "Join Type": "Inner", "Startup Cost": 95.25, "Total Cost": 40357.32, "Plan Rows": 53780, "Plan Width": 16, "Actual Startup Time": 0.965, "Actual Total Time": 672.642, "Actual Rows": 313920, "Actual Loops": 1, "Inner Unique": false, "Plans": [{"Node Type": "Nested Loop", "Parent Relationship": "Outer", "Join Type": "Inner", "Startup Cost": 95.25, "Total Cost": 2533.35, "Plan Rows": 4000, "Plan Width": 8, "Actual Startup Time": 0.942, "Actual Total Time": 8.242, "Actual Rows": 3924, "Actual Loops": 1, "Inner Unique": false, "Plans": [{"Node Type": "Seq Scan", "Parent Relationship": "Outer", "Relation Name": "nation", "Alias": "nation", "Startup Cost": 0.0, "Total Cost": 1.31, "Plan Rows": 1, "Plan Width": 4, "Actual Startup Time": 0.022, "Actual Total Time": 0.034, "Actual Rows": 1, "Actual Loops": 1, "Filter": "(n_name = 'MOZAMBIQUE'::bpchar)", "Rows Removed by Filter": 24}, {"Node Type": "Bitmap Heap Scan", "Parent Relationship": "Inner", "Relation Name": "supplier", "Alias": "supplier", "Startup Cost": 95.25, "Total Cost": 2492.04, "Plan Rows": 4000, "Plan Width": 12, "Actual Startup Time": 0.902, "Actual Total Time": 7.218, "Actual Rows": 3924, "Actual Loops": 1, "Recheck Cond": "(s_nationkey = public.nation.n_nationkey)", "Rows Removed by Index Recheck": 0, "Exact Heap Blocks": 1895, "Lossy Heap Blocks": 1895, "Plans": [{"Node Type": "Bitmap Index Scan", "Parent Relationship": "Outer", "Index Name": "idx_supplier_nation_key", "Startup Cost": 0.0, "Total Cost": 94.25, "Plan Rows": 4000, "Plan Width": 0, "Actual Startup Time": 0.624, "Actual Total Time": 0.624, "Actual Rows": 3924, "Actual Loops": 1, "Index Cond": "(s_nationkey = public.nation.n_nationkey)"}]}]}, {"Node Type": "Index Scan", "Parent Relationship": "Inner", "Scan Direction": "Forward", "Index Name": "idx_partsupp_suppkey", "Relation Name": "partsupp", "Alias": "partsupp", "Startup Cost": 0.0, "Total Cost": 9.33, "Plan Rows": 13, "Plan Width": 24, "Actual Startup Time": 47.388, "Actual Total Time": 597.413, "Actual Rows": 313920, "Actual Loops": 3924, "Index Cond": "(ps_suppkey = public.supplier.s_suppkey)", "Rows Removed by Index Recheck": 0}]}]}, {"Node Type": "Aggregate", "Strategy": "Hashed", "Parent Relationship": "Outer", "Startup Cost": 41298.47, "Total Cost": 41970.72, "Plan Rows": 53780, "Plan Width": 24, "Actual Startup Time": 1859.631, "Actual Total Time": 1859.631, "Actual Rows": 0, "Actual Loops": 1, "Group By Key": ["public.partsupp.ps_partkey"], "Filter": "(sum((public.partsupp.ps_supplycost * (public.partsupp.ps_availqty)::double precision)) > $2)", "Rows Removed by Filter": 295792, "Plans": [{"Node Type": "Nested Loop", "Parent Relationship": "Outer", "Join Type": "Inner", "Startup Cost": 95.25, "Total Cost": 40357.32, "Plan Rows": 53780, "Plan Width": 24, "Actual Startup Time": 0.962, "Actual Total Time": 624.76, "Actual Rows": 313920, "Actual Loops": 1, "Inner Unique": false, "Plans": [{"Node Type": "Nested Loop", "Parent Relationship": "Outer", "Join Type": "Inner", "Startup Cost": 95.25, "Total Cost": 2533.35, "Plan Rows": 4000, "Plan Width": 8, "Actual Startup Time": 0.938, "Actual Total Time": 7.852, "Actual Rows": 3924, "Actual Loops": 1, "Inner Unique": false, "Plans": [{"Node Type": "Seq Scan", "Parent Relationship": "Outer", "Relation Name": "nation", "Alias": "nation", "Startup Cost": 0.0, "Total Cost": 1.31, "Plan Rows": 1, "Plan Width": 4, "Actual Startup Time": 0.03, "Actual Total Time": 0.042, "Actual Rows": 1, "Actual Loops": 1, "Filter": "(n_name = 'MOZAMBIQUE'::bpchar)", "Rows Removed by Filter": 24}, {"Node Type": "Bitmap Heap Scan", "Parent Relationship": "Inner", "Relation Name": "supplier", "Alias": "supplier", "Startup Cost": 95.25, "Total Cost": 2492.04, "Plan Rows": 4000, "Plan Width": 12, "Actual Startup Time": 0.901, "Actual Total Time": 6.942, "Actual Rows": 3924, "Actual Loops": 1, "Recheck Cond": "(s_nationkey = public.nation.n_nationkey)", "Rows Removed by Index Recheck": 0, "Exact Heap Blocks": 1895, "Lossy Heap Blocks": 1895, "Plans": [{"Node Type": "Bitmap Index Scan", "Parent Relationship": "Outer", "Index Name": "idx_supplier_nation_key", "Startup Cost": 0.0, "Total Cost": 94.25, "Plan Rows": 4000, "Plan Width": 0, "Actual Startup Time": 0.617, "Actual Total Time": 0.617, "Actual Rows": 3924, "Actual Loops": 1, "Index Cond": "(s_nationkey = public.nation.n_nationkey)"}]}]}, {"Node Type": "Index Scan", "Parent Relationship": "Inner", "Scan Direction": "Forward", "Index Name": "idx_partsupp_suppkey", "Relation Name": "partsupp", "Alias": "partsupp", "Startup Cost": 0.0, "Total Cost": 9.33, "Plan Rows": 13, "Plan Width": 32, "Actual Startup Time": 44.498, "Actual Total Time": 545.855, "Actual Rows": 313920, "Actual Loops": 3924, "Index Cond": "(ps_suppkey = public.supplier.s_suppkey)", "Rows Removed by Index Recheck": 0}]}]}]}, "Triggers": [], "Planner Runtime": 0, "Total Runtime": 1860.493, "Unique SQL Id": 2932834211}}, "(1, 97)": {"explain_plan": {"Plan": {"Node Type": "Sort", "Startup Cost": 86979.86, "Total Cost": 87114.31, "Plan Rows": 53780, "Plan Width": 24, "Sort Key": ["(sum((public.partsupp.ps_supplycost * (public.partsupp.ps_availqty)::double precision))) DESC"], "Plans": [{"Node Type": "Aggregate", "Strategy": "Plain", "Parent Relationship": "exec_init_plan", "Subplan Name": "InitPlan 1 (returns $2)", "Startup Cost": 40772.04, "Total Cost": 40772.06, "Plan Rows": 1, "Plan Width": 24, "Plans": [{"Node Type": "Nested Loop", "Parent Relationship": "Outer", "Join Type": "Inner", "Startup Cost": 95.25, "Total Cost": 40368.69, "Plan Rows": 53780, "Plan Width": 16, "Inner Unique": false, "Plans": [{"Node Type": "Nested Loop", "Parent Relationship": "Outer", "Join Type": "Inner", "Startup Cost": 95.25, "Total Cost": 2544.73, "Plan Rows": 4000, "Plan Width": 8, "Inner Unique": false, "Plans": [{"Node Type": "Index Scan", "Parent Relationship": "Outer", "Scan Direction": "Forward", "Index Name": "nation_pkey", "Relation Name": "nation", "Alias": "nation", "Startup Cost": 0.0, "Total Cost": 12.69, "Plan Rows": 1, "Plan Width": 4, "Filter": "(n_name = 'MOZAMBIQUE'::bpchar)"}, {"Node Type": "Bitmap Heap Scan", "Parent Relationship": "Inner", "Relation Name": "supplier", "Alias": "supplier", "Startup Cost": 95.25, "Total Cost": 2492.04, "Plan Rows": 4000, "Plan Width": 12, "Recheck Cond": "(s_nationkey = public.nation.n_nationkey)", "Plans": [{"Node Type": "Bitmap Index Scan", "Parent Relationship": "Outer", "Index Name": "idx_supplier_nation_key", "Startup Cost": 0.0, "Total Cost": 94.25, "Plan Rows": 4000, "Plan Width": 0, "Index Cond": "(s_nationkey = public.nation.n_nationkey)"}]}]}, {"Node Type": "Index Scan", "Parent Relationship": "Inner", "Scan Direction": "Forward", "Index Name": "idx_partsupp_suppkey", "Relation Name": "partsupp", "Alias": "partsupp", "Startup Cost": 0.0, "Total Cost": 9.33, "Plan Rows": 13, "Plan Width": 24, "Index Cond": "(ps_suppkey = public.supplier.s_suppkey)"}]}]}, {"Node Type": "Aggregate", "Strategy": "Hashed", "Parent Relationship": "Outer", "Startup Cost": 41309.84, "Total Cost": 41982.09, "Plan Rows": 53780, "Plan Width": 24, "Group By Key": ["public.partsupp.ps_partkey"], "Filter": "(sum((public.partsupp.ps_supplycost * (public.partsupp.ps_availqty)::double precision)) > $2)", "Plans": [{"Node Type": "Nested Loop", "Parent Relationship": "Outer", "Join Type": "Inner", "Startup Cost": 95.25, "Total Cost": 40368.69, "Plan Rows": 53780, "Plan Width": 24, "Inner Unique": false, "Plans": [{"Node Type": "Nested Loop", "Parent Relationship": "Outer", "Join Type": "Inner", "Startup Cost": 95.25, "Total Cost": 2544.73, "Plan Rows": 4000, "Plan Width": 8, "Inner Unique": false, "Plans": [{"Node Type": "Index Scan", "Parent Relationship": "Outer", "Scan Direction": "Forward", "Index Name": "nation_pkey", "Relation Name": "nation", "Alias": "nation", "Startup Cost": 0.0, "Total Cost": 12.69, "Plan Rows": 1, "Plan Width": 4, "Filter": "(n_name = 'MOZAMBIQUE'::bpchar)"}, {"Node Type": "Bitmap Heap Scan", "Parent Relationship": "Inner", "Relation Name": "supplier", "Alias": "supplier", "Startup Cost": 95.25, "Total Cost": 2492.04, "Plan Rows": 4000, "Plan Width": 12, "Recheck Cond": "(s_nationkey = public.nation.n_nationkey)", "Plans": [{"Node Type": "Bitmap Index Scan", "Parent Relationship": "Outer", "Index Name": "idx_supplier_nation_key", "Startup Cost": 0.0, "Total Cost": 94.25, "Plan Rows": 4000, "Plan Width": 0, "Index Cond": "(s_nationkey = public.nation.n_nationkey)"}]}]}, {"Node Type": "Index Scan", "Parent Relationship": "Inner", "Scan Direction": "Forward", "Index Name": "idx_partsupp_suppkey", "Relation Name": "partsupp", "Alias": "partsupp", "Startup Cost": 0.0, "Total Cost": 9.33, "Plan Rows": 13, "Plan Width": 32, "Index Cond": "(ps_suppkey = public.supplier.s_suppkey)"}]}]}]}, "Unique SQL Id": 2932834211, "Planner Runtime": 0}, "explain_analyze_plan": {"Plan": {"Node Type": "Sort", "Startup Cost": 86979.86, "Total Cost": 87114.31, "Plan Rows": 53780, "Plan Width": 24, "Actual Startup Time": 1810.725, "Actual Total Time": 1810.725, "Actual Rows": 0, "Actual Loops": 1, "Sort Key": ["(sum((public.partsupp.ps_supplycost * (public.partsupp.ps_availqty)::double precision))) DESC"], "Sort Method": "quicksort", "Sort Space Used": 25, "Sort Space Type": "Memory", "Plans": [{"Node Type": "Aggregate", "Strategy": "Plain", "Parent Relationship": "exec_init_plan", "Subplan Name": "InitPlan 1 (returns $2)", "Startup Cost": 40772.04, "Total Cost": 40772.06, "Plan Rows": 1, "Plan Width": 24, "Actual Startup Time": 757.524, "Actual Total Time": 757.525, "Actual Rows": 1, "Actual Loops": 1, "Plans": [{"Node Type": "Nested Loop", "Parent Relationship": "Outer", "Join Type": "Inner", "Startup Cost": 95.25, "Total Cost": 40368.69, "Plan Rows": 53780, "Plan Width": 16, "Actual Startup Time": 0.984, "Actual Total Time": 623.043, "Actual Rows": 313920, "Actual Loops": 1, "Inner Unique": false, "Plans": [{"Node Type": "Nested Loop", "Parent Relationship": "Outer", "Join Type": "Inner", "Startup Cost": 95.25, "Total Cost": 2544.73, "Plan Rows": 4000, "Plan Width": 8, "Actual Startup Time": 0.961, "Actual Total Time": 7.606, "Actual Rows": 3924, "Actual Loops": 1, "Inner Unique": false, "Plans": [{"Node Type": "Index Scan", "Parent Relationship": "Outer", "Scan Direction": "Forward", "Index Name": "nation_pkey", "Relation Name": "nation", "Alias": "nation", "Startup Cost": 0.0, "Total Cost": 12.69, "Plan Rows": 1, "Plan Width": 4, "Actual Startup Time": 0.021, "Actual Total Time": 0.035, "Actual Rows": 1, "Actual Loops": 1, "Filter": "(n_name = 'MOZAMBIQUE'::bpchar)", "Rows Removed by Filter": 24}, {"Node Type": "Bitmap Heap Scan", "Parent Relationship": "Inner", "Relation Name": "supplier", "Alias": "supplier", "Startup Cost": 95.25, "Total Cost": 2492.04, "Plan Rows": 4000, "Plan Width": 12, "Actual Startup Time": 0.923, "Actual Total Time": 6.688, "Actual Rows": 3924, "Actual Loops": 1, "Recheck Cond": "(s_nationkey = public.nation.n_nationkey)", "Rows Removed by Index Recheck": 0, "Exact Heap Blocks": 1895, "Lossy Heap Blocks": 1895, "Plans": [{"Node Type": "Bitmap Index Scan", "Parent Relationship": "Outer", "Index Name": "idx_supplier_nation_key", "Startup Cost": 0.0, "Total Cost": 94.25, "Plan Rows": 4000, "Plan Width": 0, "Actual Startup Time": 0.63, "Actual Total Time": 0.63, "Actual Rows": 3924, "Actual Loops": 1, "Index Cond": "(s_nationkey = public.nation.n_nationkey)"}]}]}, {"Node Type": "Index Scan", "Parent Relationship": "Inner", "Scan Direction": "Forward", "Index Name": "idx_partsupp_suppkey", "Relation Name": "partsupp", "Alias": "partsupp", "Startup Cost": 0.0, "Total Cost": 9.33, "Plan Rows": 13, "Plan Width": 24, "Actual Startup Time": 44.034, "Actual Total Time": 548.454, "Actual Rows": 313920, "Actual Loops": 3924, "Index Cond": "(ps_suppkey = public.supplier.s_suppkey)", "Rows Removed by Index Recheck": 0}]}]}, {"Node Type": "Aggregate", "Strategy": "Hashed", "Parent Relationship": "Outer", "Startup Cost": 41309.84, "Total Cost": 41982.09, "Plan Rows": 53780, "Plan Width": 24, "Actual Startup Time": 1810.3, "Actual Total Time": 1810.3, "Actual Rows": 0, "Actual Loops": 1, "Group By Key": ["public.partsupp.ps_partkey"], "Filter": "(sum((public.partsupp.ps_supplycost * (public.partsupp.ps_availqty)::double precision)) > $2)", "Rows Removed by Filter": 295792, "Plans": [{"Node Type": "Nested Loop", "Parent Relationship": "Outer", "Join Type": "Inner", "Startup Cost": 95.25, "Total Cost": 40368.69, "Plan Rows": 53780, "Plan Width": 24, "Actual Startup Time": 1.02, "Actual Total Time": 665.011, "Actual Rows": 313920, "Actual Loops": 1, "Inner Unique": false, "Plans": [{"Node Type": "Nested Loop", "Parent Relationship": "Outer", "Join Type": "Inner", "Startup Cost": 95.25, "Total Cost": 2544.73, "Plan Rows": 4000, "Plan Width": 8, "Actual Startup Time": 0.991, "Actual Total Time": 8.384, "Actual Rows": 3924, "Actual Loops": 1, "Inner Unique": false, "Plans": [{"Node Type": "Index Scan", "Parent Relationship": "Outer", "Scan Direction": "Forward", "Index Name": "nation_pkey", "Relation Name": "nation", "Alias": "nation", "Startup Cost": 0.0, "Total Cost": 12.69, "Plan Rows": 1, "Plan Width": 4, "Actual Startup Time": 0.054, "Actual Total Time": 0.067, "Actual Rows": 1, "Actual Loops": 1, "Filter": "(n_name = 'MOZAMBIQUE'::bpchar)", "Rows Removed by Filter": 24}, {"Node Type": "Bitmap Heap Scan", "Parent Relationship": "Inner", "Relation Name": "supplier", "Alias": "supplier", "Startup Cost": 95.25, "Total Cost": 2492.04, "Plan Rows": 4000, "Plan Width": 12, "Actual Startup Time": 0.919, "Actual Total Time": 7.44, "Actual Rows": 3924, "Actual Loops": 1, "Recheck Cond": "(s_nationkey = public.nation.n_nationkey)", "Rows Removed by Index Recheck": 0, "Exact Heap Blocks": 1895, "Lossy Heap Blocks": 1895, "Plans": [{"Node Type": "Bitmap Index Scan", "Parent Relationship": "Outer", "Index Name": "idx_supplier_nation_key", "Startup Cost": 0.0, "Total Cost": 94.25, "Plan Rows": 4000, "Plan Width": 0, "Actual Startup Time": 0.633, "Actual Total Time": 0.633, "Actual Rows": 3924, "Actual Loops": 1, "Index Cond": "(s_nationkey = public.nation.n_nationkey)"}]}]}, {"Node Type": "Index Scan", "Parent Relationship": "Inner", "Scan Direction": "Forward", "Index Name": "idx_partsupp_suppkey", "Relation Name": "partsupp", "Alias": "partsupp", "Startup Cost": 0.0, "Total Cost": 9.33, "Plan Rows": 13, "Plan Width": 32, "Actual Startup Time": 46.318, "Actual Total Time": 585.067, "Actual Rows": 313920, "Actual Loops": 3924, "Index Cond": "(ps_suppkey = public.supplier.s_suppkey)", "Rows Removed by Index Recheck": 0}]}]}]}, "Triggers": [], "Planner Runtime": 0, "Total Runtime": 1811.196, "Unique SQL Id": 2932834211}}, "(1, 98)": {"explain_plan": {"Plan": {"Node Type": "Sort", "Startup Cost": 90032.55, "Total Cost": 90167.0, "Plan Rows": 53780, "Plan Width": 24, "Sort Key": ["(sum((public.partsupp.ps_supplycost * (public.partsupp.ps_availqty)::double precision))) DESC"], "Plans": [{"Node Type": "Aggregate", "Strategy": "Plain", "Parent Relationship": "exec_init_plan", "Subplan Name": "InitPlan 1 (returns $2)", "Startup Cost": 42298.39, "Total Cost": 42298.4, "Plan Rows": 1, "Plan Width": 24, "Plans": [{"Node Type": "Nested Loop", "Parent Relationship": "Outer", "Join Type": "Inner", "Startup Cost": 96.82, "Total Cost": 41895.04, "Plan Rows": 53780, "Plan Width": 16, "Inner Unique": false, "Plans": [{"Node Type": "Nested Loop", "Parent Relationship": "Outer", "Join Type": "Inner", "Startup Cost": 95.25, "Total Cost": 2533.35, "Plan Rows": 4000, "Plan Width": 8, "Inner Unique": false, "Plans": [{"Node Type": "Seq Scan", "Parent Relationship": "Outer", "Relation Name": "nation", "Alias": "nation", "Startup Cost": 0.0, "Total Cost": 1.31, "Plan Rows": 1, "Plan Width": 4, "Filter": "(n_name = 'MOZAMBIQUE'::bpchar)"}, {"Node Type": "Bitmap Heap Scan", "Parent Relationship": "Inner", "Relation Name": "supplier", "Alias": "supplier", "Startup Cost": 95.25, "Total Cost": 2492.04, "Plan Rows": 4000, "Plan Width": 12, "Recheck Cond": "(s_nationkey = public.nation.n_nationkey)", "Plans": [{"Node Type": "Bitmap Index Scan", "Parent Relationship": "Outer", "Index Name": "idx_supplier_nation_key", "Startup Cost": 0.0, "Total Cost": 94.25, "Plan Rows": 4000, "Plan Width": 0, "Index Cond": "(s_nationkey = public.nation.n_nationkey)"}]}]}, {"Node Type": "Bitmap Heap Scan", "Parent Relationship": "Inner", "Relation Name": "partsupp", "Alias": "partsupp", "Startup Cost": 1.57, "Total Cost": 9.71, "Plan Rows": 13, "Plan Width": 24, "Recheck Cond": "(ps_suppkey = public.supplier.s_suppkey)", "Plans": [{"Node Type": "Bitmap Index Scan", "Parent Relationship": "Outer", "Index Name": "idx_partsupp_suppkey", "Startup Cost": 0.0, "Total Cost": 1.56, "Plan Rows": 13, "Plan Width": 0, "Index Cond": "(ps_suppkey = public.supplier.s_suppkey)"}]}]}]}, {"Node Type": "Aggregate", "Strategy": "Hashed", "Parent Relationship": "Outer", "Startup Cost": 42836.19, "Total Cost": 43508.44, "Plan Rows": 53780, "Plan Width": 24, "Group By Key": ["public.partsupp.ps_partkey"], "Filter": "(sum((public.partsupp.ps_supplycost * (public.partsupp.ps_availqty)::double precision)) > $2)", "Plans": [{"Node Type": "Nested Loop", "Parent Relationship": "Outer", "Join Type": "Inner", "Startup Cost": 96.82, "Total Cost": 41895.04, "Plan Rows": 53780, "Plan Width": 24, "Inner Unique": false, "Plans": [{"Node Type": "Nested Loop", "Parent Relationship": "Outer", "Join Type": "Inner", "Startup Cost": 95.25, "Total Cost": 2533.35, "Plan Rows": 4000, "Plan Width": 8, "Inner Unique": false, "Plans": [{"Node Type": "Seq Scan", "Parent Relationship": "Outer", "Relation Name": "nation", "Alias": "nation", "Startup Cost": 0.0, "Total Cost": 1.31, "Plan Rows": 1, "Plan Width": 4, "Filter": "(n_name = 'MOZAMBIQUE'::bpchar)"}, {"Node Type": "Bitmap Heap Scan", "Parent Relationship": "Inner", "Relation Name": "supplier", "Alias": "supplier", "Startup Cost": 95.25, "Total Cost": 2492.04, "Plan Rows": 4000, "Plan Width": 12, "Recheck Cond": "(s_nationkey = public.nation.n_nationkey)", "Plans": [{"Node Type": "Bitmap Index Scan", "Parent Relationship": "Outer", "Index Name": "idx_supplier_nation_key", "Startup Cost": 0.0, "Total Cost": 94.25, "Plan Rows": 4000, "Plan Width": 0, "Index Cond": "(s_nationkey = public.nation.n_nationkey)"}]}]}, {"Node Type": "Bitmap Heap Scan", "Parent Relationship": "Inner", "Relation Name": "partsupp", "Alias": "partsupp", "Startup Cost": 1.57, "Total Cost": 9.71, "Plan Rows": 13, "Plan Width": 32, "Recheck Cond": "(ps_suppkey = public.supplier.s_suppkey)", "Plans": [{"Node Type": "Bitmap Index Scan", "Parent Relationship": "Outer", "Index Name": "idx_partsupp_suppkey", "Startup Cost": 0.0, "Total Cost": 1.56, "Plan Rows": 13, "Plan Width": 0, "Index Cond": "(ps_suppkey = public.supplier.s_suppkey)"}]}]}]}]}, "Unique SQL Id": 2932834211, "Planner Runtime": 0}, "explain_analyze_plan": {"Plan": {"Node Type": "Sort", "Startup Cost": 90032.55, "Total Cost": 90167.0, "Plan Rows": 53780, "Plan Width": 24, "Actual Startup Time": 2112.155, "Actual Total Time": 2112.155, "Actual Rows": 0, "Actual Loops": 1, "Sort Key": ["(sum((public.partsupp.ps_supplycost * (public.partsupp.ps_availqty)::double precision))) DESC"], "Sort Method": "quicksort", "Sort Space Used": 25, "Sort Space Type": "Memory", "Plans": [{"Node Type": "Aggregate", "Strategy": "Plain", "Parent Relationship": "exec_init_plan", "Subplan Name": "InitPlan 1 (returns $2)", "Startup Cost": 42298.39, "Total Cost": 42298.4, "Plan Rows": 1, "Plan Width": 24, "Actual Startup Time": 928.307, "Actual Total Time": 928.307, "Actual Rows": 1, "Actual Loops": 1, "Plans": [{"Node Type": "Nested Loop", "Parent Relationship": "Outer", "Join Type": "Inner", "Startup Cost": 96.82, "Total Cost": 41895.04, "Plan Rows": 53780, "Plan Width": 16, "Actual Startup Time": 0.986, "Actual Total Time": 800.403, "Actual Rows": 313920, "Actual Loops": 1, "Inner Unique": false, "Plans": [{"Node Type": "Nested Loop", "Parent Relationship": "Outer", "Join Type": "Inner", "Startup Cost": 95.25, "Total Cost": 2533.35, "Plan Rows": 4000, "Plan Width": 8, "Actual Startup Time": 0.938, "Actual Total Time": 7.951, "Actual Rows": 3924, "Actual Loops": 1, "Inner Unique": false, "Plans": [{"Node Type": "Seq Scan", "Parent Relationship": "Outer", "Relation Name": "nation", "Alias": "nation", "Startup Cost": 0.0, "Total Cost": 1.31, "Plan Rows": 1, "Plan Width": 4, "Actual Startup Time": 0.042, "Actual Total Time": 0.056, "Actual Rows": 1, "Actual Loops": 1, "Filter": "(n_name = 'MOZAMBIQUE'::bpchar)", "Rows Removed by Filter": 24}, {"Node Type": "Bitmap Heap Scan", "Parent Relationship": "Inner", "Relation Name": "supplier", "Alias": "supplier", "Startup Cost": 95.25, "Total Cost": 2492.04, "Plan Rows": 4000, "Plan Width": 12, "Actual Startup Time": 0.889, "Actual Total Time": 7.054, "Actual Rows": 3924, "Actual Loops": 1, "Recheck Cond": "(s_nationkey = public.nation.n_nationkey)", "Rows Removed by Index Recheck": 0, "Exact Heap Blocks": 1895, "Lossy Heap Blocks": 1895, "Plans": [{"Node Type": "Bitmap Index Scan", "Parent Relationship": "Outer", "Index Name": "idx_supplier_nation_key", "Startup Cost": 0.0, "Total Cost": 94.25, "Plan Rows": 4000, "Plan Width": 0, "Actual Startup Time": 0.609, "Actual Total Time": 0.609, "Actual Rows": 3924, "Actual Loops": 1, "Index Cond": "(s_nationkey = public.nation.n_nationkey)"}]}]}, {"Node Type": "Bitmap Heap Scan", "Parent Relationship": "Inner", "Relation Name": "partsupp", "Alias": "partsupp", "Startup Cost": 1.57, "Total Cost": 9.71, "Plan Rows": 13, "Plan Width": 24, "Actual Startup Time": 104.492, "Actual Total Time": 724.345, "Actual Rows": 313920, "Actual Loops": 3924, "Recheck Cond": "(ps_suppkey = public.supplier.s_suppkey)", "Rows Removed by Index Recheck": 0, "Exact Heap Blocks": 313920, "Lossy Heap Blocks": 313920, "Plans": [{"Node Type": "Bitmap Index Scan", "Parent Relationship": "Outer", "Index Name": "idx_partsupp_suppkey", "Startup Cost": 0.0, "Total Cost": 1.56, "Plan Rows": 13, "Plan Width": 0, "Actual Startup Time": 65.503, "Actual Total Time": 65.503, "Actual Rows": 313920, "Actual Loops": 3924, "Index Cond": "(ps_suppkey = public.supplier.s_suppkey)"}]}]}]}, {"Node Type": "Aggregate", "Strategy": "Hashed", "Parent Relationship": "Outer", "Startup Cost": 42836.19, "Total Cost": 43508.44, "Plan Rows": 53780, "Plan Width": 24, "Actual Startup Time": 2111.624, "Actual Total Time": 2111.624, "Actual Rows": 0, "Actual Loops": 1, "Group By Key": ["public.partsupp.ps_partkey"], "Filter": "(sum((public.partsupp.ps_supplycost * (public.partsupp.ps_availqty)::double precision)) > $2)", "Rows Removed by Filter": 295792, "Plans": [{"Node Type": "Nested Loop", "Parent Relationship": "Outer", "Join Type": "Inner", "Startup Cost": 96.82, "Total Cost": 41895.04, "Plan Rows": 53780, "Plan Width": 24, "Actual Startup Time": 1.009, "Actual Total Time": 754.894, "Actual Rows": 313920, "Actual Loops": 1, "Inner Unique": false, "Plans": [{"Node Type": "Nested Loop", "Parent Relationship": "Outer", "Join Type": "Inner", "Startup Cost": 95.25, "Total Cost": 2533.35, "Plan Rows": 4000, "Plan Width": 8, "Actual Startup Time": 0.964, "Actual Total Time": 7.76, "Actual Rows": 3924, "Actual Loops": 1, "Inner Unique": false, "Plans": [{"Node Type": "Seq Scan", "Parent Relationship": "Outer", "Relation Name": "nation", "Alias": "nation", "Startup Cost": 0.0, "Total Cost": 1.31, "Plan Rows": 1, "Plan Width": 4, "Actual Startup Time": 0.029, "Actual Total Time": 0.042, "Actual Rows": 1, "Actual Loops": 1, "Filter": "(n_name = 'MOZAMBIQUE'::bpchar)", "Rows Removed by Filter": 24}, {"Node Type": "Bitmap Heap Scan", "Parent Relationship": "Inner", "Relation Name": "supplier", "Alias": "supplier", "Startup Cost": 95.25, "Total Cost": 2492.04, "Plan Rows": 4000, "Plan Width": 12, "Actual Startup Time": 0.928, "Actual Total Time": 6.732, "Actual Rows": 3924, "Actual Loops": 1, "Recheck Cond": "(s_nationkey = public.nation.n_nationkey)", "Rows Removed by Index Recheck": 0, "Exact Heap Blocks": 1895, "Lossy Heap Blocks": 1895, "Plans": [{"Node Type": "Bitmap Index Scan", "Parent Relationship": "Outer", "Index Name": "idx_supplier_nation_key", "Startup Cost": 0.0, "Total Cost": 94.25, "Plan Rows": 4000, "Plan Width": 0, "Actual Startup Time": 0.646, "Actual Total Time": 0.646, "Actual Rows": 3924, "Actual Loops": 1, "Index Cond": "(s_nationkey = public.nation.n_nationkey)"}]}]}, {"Node Type": "Bitmap Heap Scan", "Parent Relationship": "Inner", "Relation Name": "partsupp", "Alias": "partsupp", "Startup Cost": 1.57, "Total Cost": 9.71, "Plan Rows": 13, "Plan Width": 32, "Actual Startup Time": 103.168, "Actual Total Time": 673.653, "Actual Rows": 313920, "Actual Loops": 3924, "Recheck Cond": "(ps_suppkey = public.supplier.s_suppkey)", "Rows Removed by Index Recheck": 0, "Exact Heap Blocks": 313920, "Lossy Heap Blocks": 313920, "Plans": [{"Node Type": "Bitmap Index Scan", "Parent Relationship": "Outer", "Index Name": "idx_partsupp_suppkey", "Startup Cost": 0.0, "Total Cost": 1.56, "Plan Rows": 13, "Plan Width": 0, "Actual Startup Time": 64.013, "Actual Total Time": 64.013, "Actual Rows": 313920, "Actual Loops": 3924, "Index Cond": "(ps_suppkey = public.supplier.s_suppkey)"}]}]}]}]}, "Triggers": [], "Planner Runtime": 0, "Total Runtime": 2112.492, "Unique SQL Id": 2932834211}}, "(1, 99)": {"explain_plan": {"Plan": {"Node Type": "Sort", "Startup Cost": 2000084159245.82, "Total Cost": 2000084159380.27, "Plan Rows": 53780, "Plan Width": 40, "Sort Key": ["(sum((public.partsupp.ps_supplycost * (public.partsupp.ps_availqty)::double precision))) DESC"], "Plans": [{"Node Type": "Aggregate", "Strategy": "Plain", "Parent Relationship": "exec_init_plan", "Subplan Name": "InitPlan 1 (returns $2)", "Startup Cost": 1000001001502.42, "Total Cost": 1000001001502.43, "Plan Rows": 1, "Plan Width": 24, "Plans": [{"Node Type": "Nested Loop", "Parent Relationship": "Outer", "Join Type": "Inner", "Startup Cost": 10000000001.83, "Total Cost": 1000001001099.07, "Plan Rows": 53780, "Plan Width": 16, "Inner Unique": false, "Plans": [{"Node Type": "Nested Loop", "Parent Relationship": "Outer", "Join Type": "Inner", "Startup Cost": 10000000000.26, "Total Cost": 1000000961737.38, "Plan Rows": 4000, "Plan Width": 8, "Inner Unique": true, "Plans": [{"Node Type": "Index Scan", "Parent Relationship": "Outer", "Scan Direction": "Forward", "Index Name": "supplier_pkey", "Relation Name": "supplier", "Alias": "supplier", "Startup Cost": 10000000000.0, "Total Cost": 1000000533454.38, "Plan Rows": 100000, "Plan Width": 12}, {"Node Type": "Bitmap Heap Scan", "Parent Relationship": "Inner", "Relation Name": "nation", "Alias": "nation", "Startup Cost": 0.26, "Total Cost": 4.27, "Plan Rows": 1, "Plan Width": 4, "Recheck Cond": "(n_nationkey = public.supplier.s_nationkey)", "Filter": "(n_name = 'MOZAMBIQUE'::bpchar)", "Plans": [{"Node Type": "Bitmap Index Scan", "Parent Relationship": "Outer", "Index Name": "nation_pkey", "Startup Cost": 0.0, "Total Cost": 0.26, "Plan Rows": 1, "Plan Width": 0, "Index Cond": "(n_nationkey = public.supplier.s_nationkey)"}]}]}, {"Node Type": "Bitmap Heap Scan", "Parent Relationship": "Inner", "Relation Name": "partsupp", "Alias": "partsupp", "Startup Cost": 1.57, "Total Cost": 9.71, "Plan Rows": 13, "Plan Width": 24, "Recheck Cond": "(ps_suppkey = public.supplier.s_suppkey)", "Plans": [{"Node Type": "Bitmap Index Scan", "Parent Relationship": "Outer", "Index Name": "idx_partsupp_suppkey", "Startup Cost": 0.0, "Total Cost": 1.56, "Plan Rows": 13, "Plan Width": 0, "Index Cond": "(ps_suppkey = public.supplier.s_suppkey)"}]}]}]}, {"Node Type": "Aggregate", "Strategy": "Sorted", "Parent Relationship": "Outer", "Startup Cost": 10000000000.52, "Total Cost": 1000083153517.69, "Plan Rows": 53780, "Plan Width": 40, "Group By Key": ["public.partsupp.ps_partkey"], "Filter": "(sum((public.partsupp.ps_supplycost * (public.partsupp.ps_availqty)::double precision)) > $2)", "Plans": [{"Node Type": "Nested Loop", "Parent Relationship": "Outer", "Join Type": "Inner", "Startup Cost": 10000000000.52, "Total Cost": 1000083151904.29, "Plan Rows": 53780, "Plan Width": 24, "Inner Unique": true, "Plans": [{"Node Type": "Nested Loop", "Parent Relationship": "Outer", "Join Type": "Inner", "Startup Cost": 10000000000.26, "Total Cost": 1000077393643.64, "Plan Rows": 1344499, "Plan Width": 28, "Inner Unique": true, "Plans": [{"Node Type": "Index Scan", "Parent Relationship": "Outer", "Scan Direction": "Forward", "Index Name": "idx_partsupp_partkey", "Relation Name": "partsupp", "Alias": "partsupp", "Startup Cost": 10000000000.0, "Total Cost": 1000043148503.38, "Plan Rows": 8000372, "Plan Width": 32}, {"Node Type": "Bitmap Heap Scan", "Parent Relationship": "Inner", "Relation Name": "supplier", "Alias": "supplier", "Startup Cost": 0.26, "Total Cost": 4.27, "Plan Rows": 1, "Plan Width": 12, "Recheck Cond": "(s_suppkey = public.partsupp.ps_suppkey)", "Plans": [{"Node Type": "Bitmap Index Scan", "Parent Relationship": "Outer", "Index Name": "supplier_pkey", "Startup Cost": 0.0, "Total Cost": 0.26, "Plan Rows": 1, "Plan Width": 0, "Index Cond": "(s_suppkey = public.partsupp.ps_suppkey)"}]}]}, {"Node Type": "Bitmap Heap Scan", "Parent Relationship": "Inner", "Relation Name": "nation", "Alias": "nation", "Startup Cost": 0.26, "Total Cost": 4.27, "Plan Rows": 1, "Plan Width": 4, "Recheck Cond": "(n_nationkey = public.supplier.s_nationkey)", "Filter": "(n_name = 'MOZAMBIQUE'::bpchar)", "Plans": [{"Node Type": "Bitmap Index Scan", "Parent Relationship": "Outer", "Index Name": "nation_pkey", "Startup Cost": 0.0, "Total Cost": 0.26, "Plan Rows": 1, "Plan Width": 0, "Index Cond": "(n_nationkey = public.supplier.s_nationkey)"}]}]}]}]}, "Unique SQL Id": 2932834211, "Planner Runtime": 0}, "explain_analyze_plan": null}, "(1, 100)": {"explain_plan": {"Plan": {"Node Type": "Sort", "Startup Cost": 86957.11, "Total Cost": 87091.56, "Plan Rows": 53780, "Plan Width": 24, "Sort Key": ["(sum((public.partsupp.ps_supplycost * (public.partsupp.ps_availqty)::double precision))) DESC"], "Plans": [{"Node Type": "Aggregate", "Strategy": "Plain", "Parent Relationship": "exec_init_plan", "Subplan Name": "InitPlan 1 (returns $2)", "Startup Cost": 40760.67, "Total Cost": 40760.68, "Plan Rows": 1, "Plan Width": 24, "Plans": [{"Node Type": "Nested Loop", "Parent Relationship": "Outer", "Join Type": "Inner", "Startup Cost": 95.25, "Total Cost": 40357.32, "Plan Rows": 53780, "Plan Width": 16, "Inner Unique": false, "Plans": [{"Node Type": "Nested Loop", "Parent Relationship": "Outer", "Join Type": "Inner", "Startup Cost": 95.25, "Total Cost": 2533.35, "Plan Rows": 4000, "Plan Width": 8, "Inner Unique": false, "Plans": [{"Node Type": "Seq Scan", "Parent Relationship": "Outer", "Relation Name": "nation", "Alias": "nation", "Startup Cost": 0.0, "Total Cost": 1.31, "Plan Rows": 1, "Plan Width": 4, "Filter": "(n_name = 'MOZAMBIQUE'::bpchar)"}, {"Node Type": "Bitmap Heap Scan", "Parent Relationship": "Inner", "Relation Name": "supplier", "Alias": "supplier", "Startup Cost": 95.25, "Total Cost": 2492.04, "Plan Rows": 4000, "Plan Width": 12, "Recheck Cond": "(s_nationkey = public.nation.n_nationkey)", "Plans": [{"Node Type": "Bitmap Index Scan", "Parent Relationship": "Outer", "Index Name": "idx_supplier_nation_key", "Startup Cost": 0.0, "Total Cost": 94.25, "Plan Rows": 4000, "Plan Width": 0, "Index Cond": "(s_nationkey = public.nation.n_nationkey)"}]}]}, {"Node Type": "Index Scan", "Parent Relationship": "Inner", "Scan Direction": "Forward", "Index Name": "idx_partsupp_suppkey", "Relation Name": "partsupp", "Alias": "partsupp", "Startup Cost": 0.0, "Total Cost": 9.33, "Plan Rows": 13, "Plan Width": 24, "Index Cond": "(ps_suppkey = public.supplier.s_suppkey)"}]}]}, {"Node Type": "Aggregate", "Strategy": "Hashed", "Parent Relationship": "Outer", "Startup Cost": 41298.47, "Total Cost": 41970.72, "Plan Rows": 53780, "Plan Width": 24, "Group By Key": ["public.partsupp.ps_partkey"], "Filter": "(sum((public.partsupp.ps_supplycost * (public.partsupp.ps_availqty)::double precision)) > $2)", "Plans": [{"Node Type": "Nested Loop", "Parent Relationship": "Outer", "Join Type": "Inner", "Startup Cost": 95.25, "Total Cost": 40357.32, "Plan Rows": 53780, "Plan Width": 24, "Inner Unique": false, "Plans": [{"Node Type": "Nested Loop", "Parent Relationship": "Outer", "Join Type": "Inner", "Startup Cost": 95.25, "Total Cost": 2533.35, "Plan Rows": 4000, "Plan Width": 8, "Inner Unique": false, "Plans": [{"Node Type": "Seq Scan", "Parent Relationship": "Outer", "Relation Name": "nation", "Alias": "nation", "Startup Cost": 0.0, "Total Cost": 1.31, "Plan Rows": 1, "Plan Width": 4, "Filter": "(n_name = 'MOZAMBIQUE'::bpchar)"}, {"Node Type": "Bitmap Heap Scan", "Parent Relationship": "Inner", "Relation Name": "supplier", "Alias": "supplier", "Startup Cost": 95.25, "Total Cost": 2492.04, "Plan Rows": 4000, "Plan Width": 12, "Recheck Cond": "(s_nationkey = public.nation.n_nationkey)", "Plans": [{"Node Type": "Bitmap Index Scan", "Parent Relationship": "Outer", "Index Name": "idx_supplier_nation_key", "Startup Cost": 0.0, "Total Cost": 94.25, "Plan Rows": 4000, "Plan Width": 0, "Index Cond": "(s_nationkey = public.nation.n_nationkey)"}]}]}, {"Node Type": "Index Scan", "Parent Relationship": "Inner", "Scan Direction": "Forward", "Index Name": "idx_partsupp_suppkey", "Relation Name": "partsupp", "Alias": "partsupp", "Startup Cost": 0.0, "Total Cost": 9.33, "Plan Rows": 13, "Plan Width": 32, "Index Cond": "(ps_suppkey = public.supplier.s_suppkey)"}]}]}]}, "Unique SQL Id": 2932834211, "Planner Runtime": 0}, "explain_analyze_plan": {"Plan": {"Node Type": "Sort", "Startup Cost": 86957.11, "Total Cost": 87091.56, "Plan Rows": 53780, "Plan Width": 24, "Actual Startup Time": 1860.176, "Actual Total Time": 1860.176, "Actual Rows": 0, "Actual Loops": 1, "Sort Key": ["(sum((public.partsupp.ps_supplycost * (public.partsupp.ps_availqty)::double precision))) DESC"], "Sort Method": "quicksort", "Sort Space Used": 25, "Sort Space Type": "Memory", "Plans": [{"Node Type": "Aggregate", "Strategy": "Plain", "Parent Relationship": "exec_init_plan", "Subplan Name": "InitPlan 1 (returns $2)", "Startup Cost": 40760.67, "Total Cost": 40760.68, "Plan Rows": 1, "Plan Width": 24, "Actual Startup Time": 807.27, "Actual Total Time": 807.27, "Actual Rows": 1, "Actual Loops": 1, "Plans": [{"Node Type": "Nested Loop", "Parent Relationship": "Outer", "Join Type": "Inner", "Startup Cost": 95.25, "Total Cost": 40357.32, "Plan Rows": 53780, "Plan Width": 16, "Actual Startup Time": 0.965, "Actual Total Time": 672.642, "Actual Rows": 313920, "Actual Loops": 1, "Inner Unique": false, "Plans": [{"Node Type": "Nested Loop", "Parent Relationship": "Outer", "Join Type": "Inner", "Startup Cost": 95.25, "Total Cost": 2533.35, "Plan Rows": 4000, "Plan Width": 8, "Actual Startup Time": 0.942, "Actual Total Time": 8.242, "Actual Rows": 3924, "Actual Loops": 1, "Inner Unique": false, "Plans": [{"Node Type": "Seq Scan", "Parent Relationship": "Outer", "Relation Name": "nation", "Alias": "nation", "Startup Cost": 0.0, "Total Cost": 1.31, "Plan Rows": 1, "Plan Width": 4, "Actual Startup Time": 0.022, "Actual Total Time": 0.034, "Actual Rows": 1, "Actual Loops": 1, "Filter": "(n_name = 'MOZAMBIQUE'::bpchar)", "Rows Removed by Filter": 24}, {"Node Type": "Bitmap Heap Scan", "Parent Relationship": "Inner", "Relation Name": "supplier", "Alias": "supplier", "Startup Cost": 95.25, "Total Cost": 2492.04, "Plan Rows": 4000, "Plan Width": 12, "Actual Startup Time": 0.902, "Actual Total Time": 7.218, "Actual Rows": 3924, "Actual Loops": 1, "Recheck Cond": "(s_nationkey = public.nation.n_nationkey)", "Rows Removed by Index Recheck": 0, "Exact Heap Blocks": 1895, "Lossy Heap Blocks": 1895, "Plans": [{"Node Type": "Bitmap Index Scan", "Parent Relationship": "Outer", "Index Name": "idx_supplier_nation_key", "Startup Cost": 0.0, "Total Cost": 94.25, "Plan Rows": 4000, "Plan Width": 0, "Actual Startup Time": 0.624, "Actual Total Time": 0.624, "Actual Rows": 3924, "Actual Loops": 1, "Index Cond": "(s_nationkey = public.nation.n_nationkey)"}]}]}, {"Node Type": "Index Scan", "Parent Relationship": "Inner", "Scan Direction": "Forward", "Index Name": "idx_partsupp_suppkey", "Relation Name": "partsupp", "Alias": "partsupp", "Startup Cost": 0.0, "Total Cost": 9.33, "Plan Rows": 13, "Plan Width": 24, "Actual Startup Time": 47.388, "Actual Total Time": 597.413, "Actual Rows": 313920, "Actual Loops": 3924, "Index Cond": "(ps_suppkey = public.supplier.s_suppkey)", "Rows Removed by Index Recheck": 0}]}]}, {"Node Type": "Aggregate", "Strategy": "Hashed", "Parent Relationship": "Outer", "Startup Cost": 41298.47, "Total Cost": 41970.72, "Plan Rows": 53780, "Plan Width": 24, "Actual Startup Time": 1859.631, "Actual Total Time": 1859.631, "Actual Rows": 0, "Actual Loops": 1, "Group By Key": ["public.partsupp.ps_partkey"], "Filter": "(sum((public.partsupp.ps_supplycost * (public.partsupp.ps_availqty)::double precision)) > $2)", "Rows Removed by Filter": 295792, "Plans": [{"Node Type": "Nested Loop", "Parent Relationship": "Outer", "Join Type": "Inner", "Startup Cost": 95.25, "Total Cost": 40357.32, "Plan Rows": 53780, "Plan Width": 24, "Actual Startup Time": 0.962, "Actual Total Time": 624.76, "Actual Rows": 313920, "Actual Loops": 1, "Inner Unique": false, "Plans": [{"Node Type": "Nested Loop", "Parent Relationship": "Outer", "Join Type": "Inner", "Startup Cost": 95.25, "Total Cost": 2533.35, "Plan Rows": 4000, "Plan Width": 8, "Actual Startup Time": 0.938, "Actual Total Time": 7.852, "Actual Rows": 3924, "Actual Loops": 1, "Inner Unique": false, "Plans": [{"Node Type": "Seq Scan", "Parent Relationship": "Outer", "Relation Name": "nation", "Alias": "nation", "Startup Cost": 0.0, "Total Cost": 1.31, "Plan Rows": 1, "Plan Width": 4, "Actual Startup Time": 0.03, "Actual Total Time": 0.042, "Actual Rows": 1, "Actual Loops": 1, "Filter": "(n_name = 'MOZAMBIQUE'::bpchar)", "Rows Removed by Filter": 24}, {"Node Type": "Bitmap Heap Scan", "Parent Relationship": "Inner", "Relation Name": "supplier", "Alias": "supplier", "Startup Cost": 95.25, "Total Cost": 2492.04, "Plan Rows": 4000, "Plan Width": 12, "Actual Startup Time": 0.901, "Actual Total Time": 6.942, "Actual Rows": 3924, "Actual Loops": 1, "Recheck Cond": "(s_nationkey = public.nation.n_nationkey)", "Rows Removed by Index Recheck": 0, "Exact Heap Blocks": 1895, "Lossy Heap Blocks": 1895, "Plans": [{"Node Type": "Bitmap Index Scan", "Parent Relationship": "Outer", "Index Name": "idx_supplier_nation_key", "Startup Cost": 0.0, "Total Cost": 94.25, "Plan Rows": 4000, "Plan Width": 0, "Actual Startup Time": 0.617, "Actual Total Time": 0.617, "Actual Rows": 3924, "Actual Loops": 1, "Index Cond": "(s_nationkey = public.nation.n_nationkey)"}]}]}, {"Node Type": "Index Scan", "Parent Relationship": "Inner", "Scan Direction": "Forward", "Index Name": "idx_partsupp_suppkey", "Relation Name": "partsupp", "Alias": "partsupp", "Startup Cost": 0.0, "Total Cost": 9.33, "Plan Rows": 13, "Plan Width": 32, "Actual Startup Time": 44.498, "Actual Total Time": 545.855, "Actual Rows": 313920, "Actual Loops": 3924, "Index Cond": "(ps_suppkey = public.supplier.s_suppkey)", "Rows Removed by Index Recheck": 0}]}]}]}, "Triggers": [], "Planner Runtime": 0, "Total Runtime": 1860.493, "Unique SQL Id": 2932834211}}, "(1, 101)": {"explain_plan": {"Plan": {"Node Type": "Sort", "Startup Cost": 86979.86, "Total Cost": 87114.31, "Plan Rows": 53780, "Plan Width": 24, "Sort Key": ["(sum((public.partsupp.ps_supplycost * (public.partsupp.ps_availqty)::double precision))) DESC"], "Plans": [{"Node Type": "Aggregate", "Strategy": "Plain", "Parent Relationship": "exec_init_plan", "Subplan Name": "InitPlan 1 (returns $2)", "Startup Cost": 40772.04, "Total Cost": 40772.06, "Plan Rows": 1, "Plan Width": 24, "Plans": [{"Node Type": "Nested Loop", "Parent Relationship": "Outer", "Join Type": "Inner", "Startup Cost": 95.25, "Total Cost": 40368.69, "Plan Rows": 53780, "Plan Width": 16, "Inner Unique": false, "Plans": [{"Node Type": "Nested Loop", "Parent Relationship": "Outer", "Join Type": "Inner", "Startup Cost": 95.25, "Total Cost": 2544.73, "Plan Rows": 4000, "Plan Width": 8, "Inner Unique": false, "Plans": [{"Node Type": "Index Scan", "Parent Relationship": "Outer", "Scan Direction": "Forward", "Index Name": "nation_pkey", "Relation Name": "nation", "Alias": "nation", "Startup Cost": 0.0, "Total Cost": 12.69, "Plan Rows": 1, "Plan Width": 4, "Filter": "(n_name = 'MOZAMBIQUE'::bpchar)"}, {"Node Type": "Bitmap Heap Scan", "Parent Relationship": "Inner", "Relation Name": "supplier", "Alias": "supplier", "Startup Cost": 95.25, "Total Cost": 2492.04, "Plan Rows": 4000, "Plan Width": 12, "Recheck Cond": "(s_nationkey = public.nation.n_nationkey)", "Plans": [{"Node Type": "Bitmap Index Scan", "Parent Relationship": "Outer", "Index Name": "idx_supplier_nation_key", "Startup Cost": 0.0, "Total Cost": 94.25, "Plan Rows": 4000, "Plan Width": 0, "Index Cond": "(s_nationkey = public.nation.n_nationkey)"}]}]}, {"Node Type": "Index Scan", "Parent Relationship": "Inner", "Scan Direction": "Forward", "Index Name": "idx_partsupp_suppkey", "Relation Name": "partsupp", "Alias": "partsupp", "Startup Cost": 0.0, "Total Cost": 9.33, "Plan Rows": 13, "Plan Width": 24, "Index Cond": "(ps_suppkey = public.supplier.s_suppkey)"}]}]}, {"Node Type": "Aggregate", "Strategy": "Hashed", "Parent Relationship": "Outer", "Startup Cost": 41309.84, "Total Cost": 41982.09, "Plan Rows": 53780, "Plan Width": 24, "Group By Key": ["public.partsupp.ps_partkey"], "Filter": "(sum((public.partsupp.ps_supplycost * (public.partsupp.ps_availqty)::double precision)) > $2)", "Plans": [{"Node Type": "Nested Loop", "Parent Relationship": "Outer", "Join Type": "Inner", "Startup Cost": 95.25, "Total Cost": 40368.69, "Plan Rows": 53780, "Plan Width": 24, "Inner Unique": false, "Plans": [{"Node Type": "Nested Loop", "Parent Relationship": "Outer", "Join Type": "Inner", "Startup Cost": 95.25, "Total Cost": 2544.73, "Plan Rows": 4000, "Plan Width": 8, "Inner Unique": false, "Plans": [{"Node Type": "Index Scan", "Parent Relationship": "Outer", "Scan Direction": "Forward", "Index Name": "nation_pkey", "Relation Name": "nation", "Alias": "nation", "Startup Cost": 0.0, "Total Cost": 12.69, "Plan Rows": 1, "Plan Width": 4, "Filter": "(n_name = 'MOZAMBIQUE'::bpchar)"}, {"Node Type": "Bitmap Heap Scan", "Parent Relationship": "Inner", "Relation Name": "supplier", "Alias": "supplier", "Startup Cost": 95.25, "Total Cost": 2492.04, "Plan Rows": 4000, "Plan Width": 12, "Recheck Cond": "(s_nationkey = public.nation.n_nationkey)", "Plans": [{"Node Type": "Bitmap Index Scan", "Parent Relationship": "Outer", "Index Name": "idx_supplier_nation_key", "Startup Cost": 0.0, "Total Cost": 94.25, "Plan Rows": 4000, "Plan Width": 0, "Index Cond": "(s_nationkey = public.nation.n_nationkey)"}]}]}, {"Node Type": "Index Scan", "Parent Relationship": "Inner", "Scan Direction": "Forward", "Index Name": "idx_partsupp_suppkey", "Relation Name": "partsupp", "Alias": "partsupp", "Startup Cost": 0.0, "Total Cost": 9.33, "Plan Rows": 13, "Plan Width": 32, "Index Cond": "(ps_suppkey = public.supplier.s_suppkey)"}]}]}]}, "Unique SQL Id": 2932834211, "Planner Runtime": 0}, "explain_analyze_plan": {"Plan": {"Node Type": "Sort", "Startup Cost": 86979.86, "Total Cost": 87114.31, "Plan Rows": 53780, "Plan Width": 24, "Actual Startup Time": 1810.725, "Actual Total Time": 1810.725, "Actual Rows": 0, "Actual Loops": 1, "Sort Key": ["(sum((public.partsupp.ps_supplycost * (public.partsupp.ps_availqty)::double precision))) DESC"], "Sort Method": "quicksort", "Sort Space Used": 25, "Sort Space Type": "Memory", "Plans": [{"Node Type": "Aggregate", "Strategy": "Plain", "Parent Relationship": "exec_init_plan", "Subplan Name": "InitPlan 1 (returns $2)", "Startup Cost": 40772.04, "Total Cost": 40772.06, "Plan Rows": 1, "Plan Width": 24, "Actual Startup Time": 757.524, "Actual Total Time": 757.525, "Actual Rows": 1, "Actual Loops": 1, "Plans": [{"Node Type": "Nested Loop", "Parent Relationship": "Outer", "Join Type": "Inner", "Startup Cost": 95.25, "Total Cost": 40368.69, "Plan Rows": 53780, "Plan Width": 16, "Actual Startup Time": 0.984, "Actual Total Time": 623.043, "Actual Rows": 313920, "Actual Loops": 1, "Inner Unique": false, "Plans": [{"Node Type": "Nested Loop", "Parent Relationship": "Outer", "Join Type": "Inner", "Startup Cost": 95.25, "Total Cost": 2544.73, "Plan Rows": 4000, "Plan Width": 8, "Actual Startup Time": 0.961, "Actual Total Time": 7.606, "Actual Rows": 3924, "Actual Loops": 1, "Inner Unique": false, "Plans": [{"Node Type": "Index Scan", "Parent Relationship": "Outer", "Scan Direction": "Forward", "Index Name": "nation_pkey", "Relation Name": "nation", "Alias": "nation", "Startup Cost": 0.0, "Total Cost": 12.69, "Plan Rows": 1, "Plan Width": 4, "Actual Startup Time": 0.021, "Actual Total Time": 0.035, "Actual Rows": 1, "Actual Loops": 1, "Filter": "(n_name = 'MOZAMBIQUE'::bpchar)", "Rows Removed by Filter": 24}, {"Node Type": "Bitmap Heap Scan", "Parent Relationship": "Inner", "Relation Name": "supplier", "Alias": "supplier", "Startup Cost": 95.25, "Total Cost": 2492.04, "Plan Rows": 4000, "Plan Width": 12, "Actual Startup Time": 0.923, "Actual Total Time": 6.688, "Actual Rows": 3924, "Actual Loops": 1, "Recheck Cond": "(s_nationkey = public.nation.n_nationkey)", "Rows Removed by Index Recheck": 0, "Exact Heap Blocks": 1895, "Lossy Heap Blocks": 1895, "Plans": [{"Node Type": "Bitmap Index Scan", "Parent Relationship": "Outer", "Index Name": "idx_supplier_nation_key", "Startup Cost": 0.0, "Total Cost": 94.25, "Plan Rows": 4000, "Plan Width": 0, "Actual Startup Time": 0.63, "Actual Total Time": 0.63, "Actual Rows": 3924, "Actual Loops": 1, "Index Cond": "(s_nationkey = public.nation.n_nationkey)"}]}]}, {"Node Type": "Index Scan", "Parent Relationship": "Inner", "Scan Direction": "Forward", "Index Name": "idx_partsupp_suppkey", "Relation Name": "partsupp", "Alias": "partsupp", "Startup Cost": 0.0, "Total Cost": 9.33, "Plan Rows": 13, "Plan Width": 24, "Actual Startup Time": 44.034, "Actual Total Time": 548.454, "Actual Rows": 313920, "Actual Loops": 3924, "Index Cond": "(ps_suppkey = public.supplier.s_suppkey)", "Rows Removed by Index Recheck": 0}]}]}, {"Node Type": "Aggregate", "Strategy": "Hashed", "Parent Relationship": "Outer", "Startup Cost": 41309.84, "Total Cost": 41982.09, "Plan Rows": 53780, "Plan Width": 24, "Actual Startup Time": 1810.3, "Actual Total Time": 1810.3, "Actual Rows": 0, "Actual Loops": 1, "Group By Key": ["public.partsupp.ps_partkey"], "Filter": "(sum((public.partsupp.ps_supplycost * (public.partsupp.ps_availqty)::double precision)) > $2)", "Rows Removed by Filter": 295792, "Plans": [{"Node Type": "Nested Loop", "Parent Relationship": "Outer", "Join Type": "Inner", "Startup Cost": 95.25, "Total Cost": 40368.69, "Plan Rows": 53780, "Plan Width": 24, "Actual Startup Time": 1.02, "Actual Total Time": 665.011, "Actual Rows": 313920, "Actual Loops": 1, "Inner Unique": false, "Plans": [{"Node Type": "Nested Loop", "Parent Relationship": "Outer", "Join Type": "Inner", "Startup Cost": 95.25, "Total Cost": 2544.73, "Plan Rows": 4000, "Plan Width": 8, "Actual Startup Time": 0.991, "Actual Total Time": 8.384, "Actual Rows": 3924, "Actual Loops": 1, "Inner Unique": false, "Plans": [{"Node Type": "Index Scan", "Parent Relationship": "Outer", "Scan Direction": "Forward", "Index Name": "nation_pkey", "Relation Name": "nation", "Alias": "nation", "Startup Cost": 0.0, "Total Cost": 12.69, "Plan Rows": 1, "Plan Width": 4, "Actual Startup Time": 0.054, "Actual Total Time": 0.067, "Actual Rows": 1, "Actual Loops": 1, "Filter": "(n_name = 'MOZAMBIQUE'::bpchar)", "Rows Removed by Filter": 24}, {"Node Type": "Bitmap Heap Scan", "Parent Relationship": "Inner", "Relation Name": "supplier", "Alias": "supplier", "Startup Cost": 95.25, "Total Cost": 2492.04, "Plan Rows": 4000, "Plan Width": 12, "Actual Startup Time": 0.919, "Actual Total Time": 7.44, "Actual Rows": 3924, "Actual Loops": 1, "Recheck Cond": "(s_nationkey = public.nation.n_nationkey)", "Rows Removed by Index Recheck": 0, "Exact Heap Blocks": 1895, "Lossy Heap Blocks": 1895, "Plans": [{"Node Type": "Bitmap Index Scan", "Parent Relationship": "Outer", "Index Name": "idx_supplier_nation_key", "Startup Cost": 0.0, "Total Cost": 94.25, "Plan Rows": 4000, "Plan Width": 0, "Actual Startup Time": 0.633, "Actual Total Time": 0.633, "Actual Rows": 3924, "Actual Loops": 1, "Index Cond": "(s_nationkey = public.nation.n_nationkey)"}]}]}, {"Node Type": "Index Scan", "Parent Relationship": "Inner", "Scan Direction": "Forward", "Index Name": "idx_partsupp_suppkey", "Relation Name": "partsupp", "Alias": "partsupp", "Startup Cost": 0.0, "Total Cost": 9.33, "Plan Rows": 13, "Plan Width": 32, "Actual Startup Time": 46.318, "Actual Total Time": 585.067, "Actual Rows": 313920, "Actual Loops": 3924, "Index Cond": "(ps_suppkey = public.supplier.s_suppkey)", "Rows Removed by Index Recheck": 0}]}]}]}, "Triggers": [], "Planner Runtime": 0, "Total Runtime": 1811.196, "Unique SQL Id": 2932834211}}, "(1, 102)": {"explain_plan": {"Plan": {"Node Type": "Sort", "Startup Cost": 90032.55, "Total Cost": 90167.0, "Plan Rows": 53780, "Plan Width": 24, "Sort Key": ["(sum((public.partsupp.ps_supplycost * (public.partsupp.ps_availqty)::double precision))) DESC"], "Plans": [{"Node Type": "Aggregate", "Strategy": "Plain", "Parent Relationship": "exec_init_plan", "Subplan Name": "InitPlan 1 (returns $2)", "Startup Cost": 42298.39, "Total Cost": 42298.4, "Plan Rows": 1, "Plan Width": 24, "Plans": [{"Node Type": "Nested Loop", "Parent Relationship": "Outer", "Join Type": "Inner", "Startup Cost": 96.82, "Total Cost": 41895.04, "Plan Rows": 53780, "Plan Width": 16, "Inner Unique": false, "Plans": [{"Node Type": "Nested Loop", "Parent Relationship": "Outer", "Join Type": "Inner", "Startup Cost": 95.25, "Total Cost": 2533.35, "Plan Rows": 4000, "Plan Width": 8, "Inner Unique": false, "Plans": [{"Node Type": "Seq Scan", "Parent Relationship": "Outer", "Relation Name": "nation", "Alias": "nation", "Startup Cost": 0.0, "Total Cost": 1.31, "Plan Rows": 1, "Plan Width": 4, "Filter": "(n_name = 'MOZAMBIQUE'::bpchar)"}, {"Node Type": "Bitmap Heap Scan", "Parent Relationship": "Inner", "Relation Name": "supplier", "Alias": "supplier", "Startup Cost": 95.25, "Total Cost": 2492.04, "Plan Rows": 4000, "Plan Width": 12, "Recheck Cond": "(s_nationkey = public.nation.n_nationkey)", "Plans": [{"Node Type": "Bitmap Index Scan", "Parent Relationship": "Outer", "Index Name": "idx_supplier_nation_key", "Startup Cost": 0.0, "Total Cost": 94.25, "Plan Rows": 4000, "Plan Width": 0, "Index Cond": "(s_nationkey = public.nation.n_nationkey)"}]}]}, {"Node Type": "Bitmap Heap Scan", "Parent Relationship": "Inner", "Relation Name": "partsupp", "Alias": "partsupp", "Startup Cost": 1.57, "Total Cost": 9.71, "Plan Rows": 13, "Plan Width": 24, "Recheck Cond": "(ps_suppkey = public.supplier.s_suppkey)", "Plans": [{"Node Type": "Bitmap Index Scan", "Parent Relationship": "Outer", "Index Name": "idx_partsupp_suppkey", "Startup Cost": 0.0, "Total Cost": 1.56, "Plan Rows": 13, "Plan Width": 0, "Index Cond": "(ps_suppkey = public.supplier.s_suppkey)"}]}]}]}, {"Node Type": "Aggregate", "Strategy": "Hashed", "Parent Relationship": "Outer", "Startup Cost": 42836.19, "Total Cost": 43508.44, "Plan Rows": 53780, "Plan Width": 24, "Group By Key": ["public.partsupp.ps_partkey"], "Filter": "(sum((public.partsupp.ps_supplycost * (public.partsupp.ps_availqty)::double precision)) > $2)", "Plans": [{"Node Type": "Nested Loop", "Parent Relationship": "Outer", "Join Type": "Inner", "Startup Cost": 96.82, "Total Cost": 41895.04, "Plan Rows": 53780, "Plan Width": 24, "Inner Unique": false, "Plans": [{"Node Type": "Nested Loop", "Parent Relationship": "Outer", "Join Type": "Inner", "Startup Cost": 95.25, "Total Cost": 2533.35, "Plan Rows": 4000, "Plan Width": 8, "Inner Unique": false, "Plans": [{"Node Type": "Seq Scan", "Parent Relationship": "Outer", "Relation Name": "nation", "Alias": "nation", "Startup Cost": 0.0, "Total Cost": 1.31, "Plan Rows": 1, "Plan Width": 4, "Filter": "(n_name = 'MOZAMBIQUE'::bpchar)"}, {"Node Type": "Bitmap Heap Scan", "Parent Relationship": "Inner", "Relation Name": "supplier", "Alias": "supplier", "Startup Cost": 95.25, "Total Cost": 2492.04, "Plan Rows": 4000, "Plan Width": 12, "Recheck Cond": "(s_nationkey = public.nation.n_nationkey)", "Plans": [{"Node Type": "Bitmap Index Scan", "Parent Relationship": "Outer", "Index Name": "idx_supplier_nation_key", "Startup Cost": 0.0, "Total Cost": 94.25, "Plan Rows": 4000, "Plan Width": 0, "Index Cond": "(s_nationkey = public.nation.n_nationkey)"}]}]}, {"Node Type": "Bitmap Heap Scan", "Parent Relationship": "Inner", "Relation Name": "partsupp", "Alias": "partsupp", "Startup Cost": 1.57, "Total Cost": 9.71, "Plan Rows": 13, "Plan Width": 32, "Recheck Cond": "(ps_suppkey = public.supplier.s_suppkey)", "Plans": [{"Node Type": "Bitmap Index Scan", "Parent Relationship": "Outer", "Index Name": "idx_partsupp_suppkey", "Startup Cost": 0.0, "Total Cost": 1.56, "Plan Rows": 13, "Plan Width": 0, "Index Cond": "(ps_suppkey = public.supplier.s_suppkey)"}]}]}]}]}, "Unique SQL Id": 2932834211, "Planner Runtime": 0}, "explain_analyze_plan": {"Plan": {"Node Type": "Sort", "Startup Cost": 90032.55, "Total Cost": 90167.0, "Plan Rows": 53780, "Plan Width": 24, "Actual Startup Time": 2112.155, "Actual Total Time": 2112.155, "Actual Rows": 0, "Actual Loops": 1, "Sort Key": ["(sum((public.partsupp.ps_supplycost * (public.partsupp.ps_availqty)::double precision))) DESC"], "Sort Method": "quicksort", "Sort Space Used": 25, "Sort Space Type": "Memory", "Plans": [{"Node Type": "Aggregate", "Strategy": "Plain", "Parent Relationship": "exec_init_plan", "Subplan Name": "InitPlan 1 (returns $2)", "Startup Cost": 42298.39, "Total Cost": 42298.4, "Plan Rows": 1, "Plan Width": 24, "Actual Startup Time": 928.307, "Actual Total Time": 928.307, "Actual Rows": 1, "Actual Loops": 1, "Plans": [{"Node Type": "Nested Loop", "Parent Relationship": "Outer", "Join Type": "Inner", "Startup Cost": 96.82, "Total Cost": 41895.04, "Plan Rows": 53780, "Plan Width": 16, "Actual Startup Time": 0.986, "Actual Total Time": 800.403, "Actual Rows": 313920, "Actual Loops": 1, "Inner Unique": false, "Plans": [{"Node Type": "Nested Loop", "Parent Relationship": "Outer", "Join Type": "Inner", "Startup Cost": 95.25, "Total Cost": 2533.35, "Plan Rows": 4000, "Plan Width": 8, "Actual Startup Time": 0.938, "Actual Total Time": 7.951, "Actual Rows": 3924, "Actual Loops": 1, "Inner Unique": false, "Plans": [{"Node Type": "Seq Scan", "Parent Relationship": "Outer", "Relation Name": "nation", "Alias": "nation", "Startup Cost": 0.0, "Total Cost": 1.31, "Plan Rows": 1, "Plan Width": 4, "Actual Startup Time": 0.042, "Actual Total Time": 0.056, "Actual Rows": 1, "Actual Loops": 1, "Filter": "(n_name = 'MOZAMBIQUE'::bpchar)", "Rows Removed by Filter": 24}, {"Node Type": "Bitmap Heap Scan", "Parent Relationship": "Inner", "Relation Name": "supplier", "Alias": "supplier", "Startup Cost": 95.25, "Total Cost": 2492.04, "Plan Rows": 4000, "Plan Width": 12, "Actual Startup Time": 0.889, "Actual Total Time": 7.054, "Actual Rows": 3924, "Actual Loops": 1, "Recheck Cond": "(s_nationkey = public.nation.n_nationkey)", "Rows Removed by Index Recheck": 0, "Exact Heap Blocks": 1895, "Lossy Heap Blocks": 1895, "Plans": [{"Node Type": "Bitmap Index Scan", "Parent Relationship": "Outer", "Index Name": "idx_supplier_nation_key", "Startup Cost": 0.0, "Total Cost": 94.25, "Plan Rows": 4000, "Plan Width": 0, "Actual Startup Time": 0.609, "Actual Total Time": 0.609, "Actual Rows": 3924, "Actual Loops": 1, "Index Cond": "(s_nationkey = public.nation.n_nationkey)"}]}]}, {"Node Type": "Bitmap Heap Scan", "Parent Relationship": "Inner", "Relation Name": "partsupp", "Alias": "partsupp", "Startup Cost": 1.57, "Total Cost": 9.71, "Plan Rows": 13, "Plan Width": 24, "Actual Startup Time": 104.492, "Actual Total Time": 724.345, "Actual Rows": 313920, "Actual Loops": 3924, "Recheck Cond": "(ps_suppkey = public.supplier.s_suppkey)", "Rows Removed by Index Recheck": 0, "Exact Heap Blocks": 313920, "Lossy Heap Blocks": 313920, "Plans": [{"Node Type": "Bitmap Index Scan", "Parent Relationship": "Outer", "Index Name": "idx_partsupp_suppkey", "Startup Cost": 0.0, "Total Cost": 1.56, "Plan Rows": 13, "Plan Width": 0, "Actual Startup Time": 65.503, "Actual Total Time": 65.503, "Actual Rows": 313920, "Actual Loops": 3924, "Index Cond": "(ps_suppkey = public.supplier.s_suppkey)"}]}]}]}, {"Node Type": "Aggregate", "Strategy": "Hashed", "Parent Relationship": "Outer", "Startup Cost": 42836.19, "Total Cost": 43508.44, "Plan Rows": 53780, "Plan Width": 24, "Actual Startup Time": 2111.624, "Actual Total Time": 2111.624, "Actual Rows": 0, "Actual Loops": 1, "Group By Key": ["public.partsupp.ps_partkey"], "Filter": "(sum((public.partsupp.ps_supplycost * (public.partsupp.ps_availqty)::double precision)) > $2)", "Rows Removed by Filter": 295792, "Plans": [{"Node Type": "Nested Loop", "Parent Relationship": "Outer", "Join Type": "Inner", "Startup Cost": 96.82, "Total Cost": 41895.04, "Plan Rows": 53780, "Plan Width": 24, "Actual Startup Time": 1.009, "Actual Total Time": 754.894, "Actual Rows": 313920, "Actual Loops": 1, "Inner Unique": false, "Plans": [{"Node Type": "Nested Loop", "Parent Relationship": "Outer", "Join Type": "Inner", "Startup Cost": 95.25, "Total Cost": 2533.35, "Plan Rows": 4000, "Plan Width": 8, "Actual Startup Time": 0.964, "Actual Total Time": 7.76, "Actual Rows": 3924, "Actual Loops": 1, "Inner Unique": false, "Plans": [{"Node Type": "Seq Scan", "Parent Relationship": "Outer", "Relation Name": "nation", "Alias": "nation", "Startup Cost": 0.0, "Total Cost": 1.31, "Plan Rows": 1, "Plan Width": 4, "Actual Startup Time": 0.029, "Actual Total Time": 0.042, "Actual Rows": 1, "Actual Loops": 1, "Filter": "(n_name = 'MOZAMBIQUE'::bpchar)", "Rows Removed by Filter": 24}, {"Node Type": "Bitmap Heap Scan", "Parent Relationship": "Inner", "Relation Name": "supplier", "Alias": "supplier", "Startup Cost": 95.25, "Total Cost": 2492.04, "Plan Rows": 4000, "Plan Width": 12, "Actual Startup Time": 0.928, "Actual Total Time": 6.732, "Actual Rows": 3924, "Actual Loops": 1, "Recheck Cond": "(s_nationkey = public.nation.n_nationkey)", "Rows Removed by Index Recheck": 0, "Exact Heap Blocks": 1895, "Lossy Heap Blocks": 1895, "Plans": [{"Node Type": "Bitmap Index Scan", "Parent Relationship": "Outer", "Index Name": "idx_supplier_nation_key", "Startup Cost": 0.0, "Total Cost": 94.25, "Plan Rows": 4000, "Plan Width": 0, "Actual Startup Time": 0.646, "Actual Total Time": 0.646, "Actual Rows": 3924, "Actual Loops": 1, "Index Cond": "(s_nationkey = public.nation.n_nationkey)"}]}]}, {"Node Type": "Bitmap Heap Scan", "Parent Relationship": "Inner", "Relation Name": "partsupp", "Alias": "partsupp", "Startup Cost": 1.57, "Total Cost": 9.71, "Plan Rows": 13, "Plan Width": 32, "Actual Startup Time": 103.168, "Actual Total Time": 673.653, "Actual Rows": 313920, "Actual Loops": 3924, "Recheck Cond": "(ps_suppkey = public.supplier.s_suppkey)", "Rows Removed by Index Recheck": 0, "Exact Heap Blocks": 313920, "Lossy Heap Blocks": 313920, "Plans": [{"Node Type": "Bitmap Index Scan", "Parent Relationship": "Outer", "Index Name": "idx_partsupp_suppkey", "Startup Cost": 0.0, "Total Cost": 1.56, "Plan Rows": 13, "Plan Width": 0, "Actual Startup Time": 64.013, "Actual Total Time": 64.013, "Actual Rows": 313920, "Actual Loops": 3924, "Index Cond": "(ps_suppkey = public.supplier.s_suppkey)"}]}]}]}]}, "Triggers": [], "Planner Runtime": 0, "Total Runtime": 2112.492, "Unique SQL Id": 2932834211}}, "(1, 103)": {"explain_plan": {"Plan": {"Node Type": "Sort", "Startup Cost": 2000084159245.82, "Total Cost": 2000084159380.27, "Plan Rows": 53780, "Plan Width": 40, "Sort Key": ["(sum((public.partsupp.ps_supplycost * (public.partsupp.ps_availqty)::double precision))) DESC"], "Plans": [{"Node Type": "Aggregate", "Strategy": "Plain", "Parent Relationship": "exec_init_plan", "Subplan Name": "InitPlan 1 (returns $2)", "Startup Cost": 1000001001502.42, "Total Cost": 1000001001502.43, "Plan Rows": 1, "Plan Width": 24, "Plans": [{"Node Type": "Nested Loop", "Parent Relationship": "Outer", "Join Type": "Inner", "Startup Cost": 10000000001.83, "Total Cost": 1000001001099.07, "Plan Rows": 53780, "Plan Width": 16, "Inner Unique": false, "Plans": [{"Node Type": "Nested Loop", "Parent Relationship": "Outer", "Join Type": "Inner", "Startup Cost": 10000000000.26, "Total Cost": 1000000961737.38, "Plan Rows": 4000, "Plan Width": 8, "Inner Unique": true, "Plans": [{"Node Type": "Index Scan", "Parent Relationship": "Outer", "Scan Direction": "Forward", "Index Name": "supplier_pkey", "Relation Name": "supplier", "Alias": "supplier", "Startup Cost": 10000000000.0, "Total Cost": 1000000533454.38, "Plan Rows": 100000, "Plan Width": 12}, {"Node Type": "Bitmap Heap Scan", "Parent Relationship": "Inner", "Relation Name": "nation", "Alias": "nation", "Startup Cost": 0.26, "Total Cost": 4.27, "Plan Rows": 1, "Plan Width": 4, "Recheck Cond": "(n_nationkey = public.supplier.s_nationkey)", "Filter": "(n_name = 'MOZAMBIQUE'::bpchar)", "Plans": [{"Node Type": "Bitmap Index Scan", "Parent Relationship": "Outer", "Index Name": "nation_pkey", "Startup Cost": 0.0, "Total Cost": 0.26, "Plan Rows": 1, "Plan Width": 0, "Index Cond": "(n_nationkey = public.supplier.s_nationkey)"}]}]}, {"Node Type": "Bitmap Heap Scan", "Parent Relationship": "Inner", "Relation Name": "partsupp", "Alias": "partsupp", "Startup Cost": 1.57, "Total Cost": 9.71, "Plan Rows": 13, "Plan Width": 24, "Recheck Cond": "(ps_suppkey = public.supplier.s_suppkey)", "Plans": [{"Node Type": "Bitmap Index Scan", "Parent Relationship": "Outer", "Index Name": "idx_partsupp_suppkey", "Startup Cost": 0.0, "Total Cost": 1.56, "Plan Rows": 13, "Plan Width": 0, "Index Cond": "(ps_suppkey = public.supplier.s_suppkey)"}]}]}]}, {"Node Type": "Aggregate", "Strategy": "Sorted", "Parent Relationship": "Outer", "Startup Cost": 10000000000.52, "Total Cost": 1000083153517.69, "Plan Rows": 53780, "Plan Width": 40, "Group By Key": ["public.partsupp.ps_partkey"], "Filter": "(sum((public.partsupp.ps_supplycost * (public.partsupp.ps_availqty)::double precision)) > $2)", "Plans": [{"Node Type": "Nested Loop", "Parent Relationship": "Outer", "Join Type": "Inner", "Startup Cost": 10000000000.52, "Total Cost": 1000083151904.29, "Plan Rows": 53780, "Plan Width": 24, "Inner Unique": true, "Plans": [{"Node Type": "Nested Loop", "Parent Relationship": "Outer", "Join Type": "Inner", "Startup Cost": 10000000000.26, "Total Cost": 1000077393643.64, "Plan Rows": 1344499, "Plan Width": 28, "Inner Unique": true, "Plans": [{"Node Type": "Index Scan", "Parent Relationship": "Outer", "Scan Direction": "Forward", "Index Name": "idx_partsupp_partkey", "Relation Name": "partsupp", "Alias": "partsupp", "Startup Cost": 10000000000.0, "Total Cost": 1000043148503.38, "Plan Rows": 8000372, "Plan Width": 32}, {"Node Type": "Bitmap Heap Scan", "Parent Relationship": "Inner", "Relation Name": "supplier", "Alias": "supplier", "Startup Cost": 0.26, "Total Cost": 4.27, "Plan Rows": 1, "Plan Width": 12, "Recheck Cond": "(s_suppkey = public.partsupp.ps_suppkey)", "Plans": [{"Node Type": "Bitmap Index Scan", "Parent Relationship": "Outer", "Index Name": "supplier_pkey", "Startup Cost": 0.0, "Total Cost": 0.26, "Plan Rows": 1, "Plan Width": 0, "Index Cond": "(s_suppkey = public.partsupp.ps_suppkey)"}]}]}, {"Node Type": "Bitmap Heap Scan", "Parent Relationship": "Inner", "Relation Name": "nation", "Alias": "nation", "Startup Cost": 0.26, "Total Cost": 4.27, "Plan Rows": 1, "Plan Width": 4, "Recheck Cond": "(n_nationkey = public.supplier.s_nationkey)", "Filter": "(n_name = 'MOZAMBIQUE'::bpchar)", "Plans": [{"Node Type": "Bitmap Index Scan", "Parent Relationship": "Outer", "Index Name": "nation_pkey", "Startup Cost": 0.0, "Total Cost": 0.26, "Plan Rows": 1, "Plan Width": 0, "Index Cond": "(n_nationkey = public.supplier.s_nationkey)"}]}]}]}]}, "Unique SQL Id": 2932834211, "Planner Runtime": 0}, "explain_analyze_plan": null}, "(1, 104)": {"explain_plan": {"Plan": {"Node Type": "Sort", "Startup Cost": 89040.3, "Total Cost": 89174.75, "Plan Rows": 53780, "Plan Width": 24, "Sort Key": ["(sum((public.partsupp.ps_supplycost * (public.partsupp.ps_availqty)::double precision))) DESC"], "Plans": [{"Node Type": "Aggregate", "Strategy": "Plain", "Parent Relationship": "exec_init_plan", "Subplan Name": "InitPlan 1 (returns $1)", "Startup Cost": 41802.27, "Total Cost": 41802.28, "Plan Rows": 1, "Plan Width": 24, "Plans": [{"Node Type": "Nested Loop", "Parent Relationship": "Outer", "Join Type": "Inner", "Startup Cost": 1.32, "Total Cost": 41398.92, "Plan Rows": 53780, "Plan Width": 16, "Inner Unique": false, "Plans": [{"Node Type": "Hash Join", "Parent Relationship": "Outer", "Join Type": "Inner", "Startup Cost": 1.32, "Total Cost": 3574.95, "Plan Rows": 4000, "Plan Width": 8, "Inner Unique": true, "Hash Cond": "(public.supplier.s_nationkey = public.nation.n_nationkey)", "Plans": [{"Node Type": "Seq Scan", "Parent Relationship": "Outer", "Relation Name": "supplier", "Alias": "supplier", "Startup Cost": 0.0, "Total Cost": 3283.0, "Plan Rows": 100000, "Plan Width": 12}, {"Node Type": "Hash", "Parent Relationship": "Inner", "Startup Cost": 1.31, "Total Cost": 1.31, "Plan Rows": 1, "Plan Width": 4, "Plans": [{"Node Type": "Seq Scan", "Parent Relationship": "Outer", "Relation Name": "nation", "Alias": "nation", "Startup Cost": 0.0, "Total Cost": 1.31, "Plan Rows": 1, "Plan Width": 4, "Filter": "(n_name = 'MOZAMBIQUE'::bpchar)"}]}]}, {"Node Type": "Index Scan", "Parent Relationship": "Inner", "Scan Direction": "Forward", "Index Name": "idx_partsupp_suppkey", "Relation Name": "partsupp", "Alias": "partsupp", "Startup Cost": 0.0, "Total Cost": 9.33, "Plan Rows": 13, "Plan Width": 24, "Index Cond": "(ps_suppkey = public.supplier.s_suppkey)"}]}]}, {"Node Type": "Aggregate", "Strategy": "Hashed", "Parent Relationship": "Outer", "Startup Cost": 42340.07, "Total Cost": 43012.32, "Plan Rows": 53780, "Plan Width": 24, "Group By Key": ["public.partsupp.ps_partkey"], "Filter": "(sum((public.partsupp.ps_supplycost * (public.partsupp.ps_availqty)::double precision)) > $1)", "Plans": [{"Node Type": "Nested Loop", "Parent Relationship": "Outer", "Join Type": "Inner", "Startup Cost": 1.32, "Total Cost": 41398.92, "Plan Rows": 53780, "Plan Width": 24, "Inner Unique": false, "Plans": [{"Node Type": "Hash Join", "Parent Relationship": "Outer", "Join Type": "Inner", "Startup Cost": 1.32, "Total Cost": 3574.95, "Plan Rows": 4000, "Plan Width": 8, "Inner Unique": true, "Hash Cond": "(public.supplier.s_nationkey = public.nation.n_nationkey)", "Plans": [{"Node Type": "Seq Scan", "Parent Relationship": "Outer", "Relation Name": "supplier", "Alias": "supplier", "Startup Cost": 0.0, "Total Cost": 3283.0, "Plan Rows": 100000, "Plan Width": 12}, {"Node Type": "Hash", "Parent Relationship": "Inner", "Startup Cost": 1.31, "Total Cost": 1.31, "Plan Rows": 1, "Plan Width": 4, "Plans": [{"Node Type": "Seq Scan", "Parent Relationship": "Outer", "Relation Name": "nation", "Alias": "nation", "Startup Cost": 0.0, "Total Cost": 1.31, "Plan Rows": 1, "Plan Width": 4, "Filter": "(n_name = 'MOZAMBIQUE'::bpchar)"}]}]}, {"Node Type": "Index Scan", "Parent Relationship": "Inner", "Scan Direction": "Forward", "Index Name": "idx_partsupp_suppkey", "Relation Name": "partsupp", "Alias": "partsupp", "Startup Cost": 0.0, "Total Cost": 9.33, "Plan Rows": 13, "Plan Width": 32, "Index Cond": "(ps_suppkey = public.supplier.s_suppkey)"}]}]}]}, "Unique SQL Id": 2932834211, "Planner Runtime": 0}, "explain_analyze_plan": {"Plan": {"Node Type": "Sort", "Startup Cost": 89040.3, "Total Cost": 89174.75, "Plan Rows": 53780, "Plan Width": 24, "Actual Startup Time": 1966.286, "Actual Total Time": 1966.286, "Actual Rows": 0, "Actual Loops": 1, "Sort Key": ["(sum((public.partsupp.ps_supplycost * (public.partsupp.ps_availqty)::double precision))) DESC"], "Sort Method": "quicksort", "Sort Space Used": 25, "Sort Space Type": "Memory", "Plans": [{"Node Type": "Aggregate", "Strategy": "Plain", "Parent Relationship": "exec_init_plan", "Subplan Name": "InitPlan 1 (returns $1)", "Startup Cost": 41802.27, "Total Cost": 41802.28, "Plan Rows": 1, "Plan Width": 24, "Actual Startup Time": 814.836, "Actual Total Time": 814.836, "Actual Rows": 1, "Actual Loops": 1, "Plans": [{"Node Type": "Nested Loop", "Parent Relationship": "Outer", "Join Type": "Inner", "Startup Cost": 1.32, "Total Cost": 41398.92, "Plan Rows": 53780, "Plan Width": 16, "Actual Startup Time": 0.144, "Actual Total Time": 679.652, "Actual Rows": 313920, "Actual Loops": 1, "Inner Unique": false, "Plans": [{"Node Type": "Hash Join", "Parent Relationship": "Outer", "Join Type": "Inner", "Startup Cost": 1.32, "Total Cost": 3574.95, "Plan Rows": 4000, "Plan Width": 8, "Actual Startup Time": 0.118, "Actual Total Time": 51.066, "Actual Rows": 3924, "Actual Loops": 1, "Inner Unique": true, "Hash Cond": "(public.supplier.s_nationkey = public.nation.n_nationkey)", "Plans": [{"Node Type": "Seq Scan", "Parent Relationship": "Outer", "Relation Name": "supplier", "Alias": "supplier", "Startup Cost": 0.0, "Total Cost": 3283.0, "Plan Rows": 100000, "Plan Width": 12, "Actual Startup Time": 0.02, "Actual Total Time": 28.652, "Actual Rows": 100000, "Actual Loops": 1}, {"Node Type": "Hash", "Parent Relationship": "Inner", "Startup Cost": 1.31, "Total Cost": 1.31, "Plan Rows": 1, "Plan Width": 4, "Actual Startup Time": 0.035, "Actual Total Time": 0.035, "Actual Rows": 1, "Actual Loops": 1, "Hash Buckets": 32768, "Hash Batches": 1, "Original Hash Batches": 1, "Peak Memory Usage": 1, "Plans": [{"Node Type": "Seq Scan", "Parent Relationship": "Outer", "Relation Name": "nation", "Alias": "nation", "Startup Cost": 0.0, "Total Cost": 1.31, "Plan Rows": 1, "Plan Width": 4, "Actual Startup Time": 0.023, "Actual Total Time": 0.026, "Actual Rows": 1, "Actual Loops": 1, "Filter": "(n_name = 'MOZAMBIQUE'::bpchar)", "Rows Removed by Filter": 24}]}]}, {"Node Type": "Index Scan", "Parent Relationship": "Inner", "Scan Direction": "Forward", "Index Name": "idx_partsupp_suppkey", "Relation Name": "partsupp", "Alias": "partsupp", "Startup Cost": 0.0, "Total Cost": 9.33, "Plan Rows": 13, "Plan Width": 24, "Actual Startup Time": 45.642, "Actual Total Time": 561.627, "Actual Rows": 313920, "Actual Loops": 3924, "Index Cond": "(ps_suppkey = public.supplier.s_suppkey)", "Rows Removed by Index Recheck": 0}]}]}, {"Node Type": "Aggregate", "Strategy": "Hashed", "Parent Relationship": "Outer", "Startup Cost": 42340.07, "Total Cost": 43012.32, "Plan Rows": 53780, "Plan Width": 24, "Actual Startup Time": 1965.915, "Actual Total Time": 1965.915, "Actual Rows": 0, "Actual Loops": 1, "Group By Key": ["public.partsupp.ps_partkey"], "Filter": "(sum((public.partsupp.ps_supplycost * (public.partsupp.ps_availqty)::double precision)) > $1)", "Rows Removed by Filter": 295792, "Plans": [{"Node Type": "Nested Loop", "Parent Relationship": "Outer", "Join Type": "Inner", "Startup Cost": 1.32, "Total Cost": 41398.92, "Plan Rows": 53780, "Plan Width": 24, "Actual Startup Time": 0.133, "Actual Total Time": 747.644, "Actual Rows": 313920, "Actual Loops": 1, "Inner Unique": false, "Plans": [{"Node Type": "Hash Join", "Parent Relationship": "Outer", "Join Type": "Inner", "Startup Cost": 1.32, "Total Cost": 3574.95, "Plan Rows": 4000, "Plan Width": 8, "Actual Startup Time": 0.106, "Actual Total Time": 53.011, "Actual Rows": 3924, "Actual Loops": 1, "Inner Unique": true, "Hash Cond": "(public.supplier.s_nationkey = public.nation.n_nationkey)", "Plans": [{"Node Type": "Seq Scan", "Parent Relationship": "Outer", "Relation Name": "supplier", "Alias": "supplier", "Startup Cost": 0.0, "Total Cost": 3283.0, "Plan Rows": 100000, "Plan Width": 12, "Actual Startup Time": 0.018, "Actual Total Time": 30.147, "Actual Rows": 100000, "Actual Loops": 1}, {"Node Type": "Hash", "Parent Relationship": "Inner", "Startup Cost": 1.31, "Total Cost": 1.31, "Plan Rows": 1, "Plan Width": 4, "Actual Startup Time": 0.032, "Actual Total Time": 0.032, "Actual Rows": 1, "Actual Loops": 1, "Hash Buckets": 32768, "Hash Batches": 1, "Original Hash Batches": 1, "Peak Memory Usage": 1, "Plans": [{"Node Type": "Seq Scan", "Parent Relationship": "Outer", "Relation Name": "nation", "Alias": "nation", "Startup Cost": 0.0, "Total Cost": 1.31, "Plan Rows": 1, "Plan Width": 4, "Actual Startup Time": 0.021, "Actual Total Time": 0.024, "Actual Rows": 1, "Actual Loops": 1, "Filter": "(n_name = 'MOZAMBIQUE'::bpchar)", "Rows Removed by Filter": 24}]}]}, {"Node Type": "Index Scan", "Parent Relationship": "Inner", "Scan Direction": "Forward", "Index Name": "idx_partsupp_suppkey", "Relation Name": "partsupp", "Alias": "partsupp", "Startup Cost": 0.0, "Total Cost": 9.33, "Plan Rows": 13, "Plan Width": 32, "Actual Startup Time": 49.124, "Actual Total Time": 623.306, "Actual Rows": 313920, "Actual Loops": 3924, "Index Cond": "(ps_suppkey = public.supplier.s_suppkey)", "Rows Removed by Index Recheck": 0}]}]}]}, "Triggers": [], "Planner Runtime": 1, "Total Runtime": 1966.592, "Unique SQL Id": 2932834211}}, "(1, 105)": {"explain_plan": {"Plan": {"Node Type": "Sort", "Startup Cost": 93166.14, "Total Cost": 93300.59, "Plan Rows": 53780, "Plan Width": 24, "Sort Key": ["(sum((public.partsupp.ps_supplycost * (public.partsupp.ps_availqty)::double precision))) DESC"], "Plans": [{"Node Type": "Aggregate", "Strategy": "Plain", "Parent Relationship": "exec_init_plan", "Subplan Name": "InitPlan 1 (returns $1)", "Startup Cost": 43865.19, "Total Cost": 43865.2, "Plan Rows": 1, "Plan Width": 24, "Plans": [{"Node Type": "Nested Loop", "Parent Relationship": "Outer", "Join Type": "Inner", "Startup Cost": 12.7, "Total Cost": 43461.84, "Plan Rows": 53780, "Plan Width": 16, "Inner Unique": false, "Plans": [{"Node Type": "Hash Join", "Parent Relationship": "Outer", "Join Type": "Inner", "Startup Cost": 12.7, "Total Cost": 5637.87, "Plan Rows": 4000, "Plan Width": 8, "Inner Unique": true, "Hash Cond": "(public.supplier.s_nationkey = public.nation.n_nationkey)", "Plans": [{"Node Type": "Index Scan", "Parent Relationship": "Outer", "Scan Direction": "Forward", "Index Name": "supplier_pkey", "Relation Name": "supplier", "Alias": "supplier", "Startup Cost": 0.0, "Total Cost": 5334.54, "Plan Rows": 100000, "Plan Width": 12}, {"Node Type": "Hash", "Parent Relationship": "Inner", "Startup Cost": 12.69, "Total Cost": 12.69, "Plan Rows": 1, "Plan Width": 4, "Plans": [{"Node Type": "Index Scan", "Parent Relationship": "Outer", "Scan Direction": "Forward", "Index Name": "nation_pkey", "Relation Name": "nation", "Alias": "nation", "Startup Cost": 0.0, "Total Cost": 12.69, "Plan Rows": 1, "Plan Width": 4, "Filter": "(n_name = 'MOZAMBIQUE'::bpchar)"}]}]}, {"Node Type": "Index Scan", "Parent Relationship": "Inner", "Scan Direction": "Forward", "Index Name": "idx_partsupp_suppkey", "Relation Name": "partsupp", "Alias": "partsupp", "Startup Cost": 0.0, "Total Cost": 9.33, "Plan Rows": 13, "Plan Width": 24, "Index Cond": "(ps_suppkey = public.supplier.s_suppkey)"}]}]}, {"Node Type": "Aggregate", "Strategy": "Hashed", "Parent Relationship": "Outer", "Startup Cost": 44402.99, "Total Cost": 45075.24, "Plan Rows": 53780, "Plan Width": 24, "Group By Key": ["public.partsupp.ps_partkey"], "Filter": "(sum((public.partsupp.ps_supplycost * (public.partsupp.ps_availqty)::double precision)) > $1)", "Plans": [{"Node Type": "Nested Loop", "Parent Relationship": "Outer", "Join Type": "Inner", "Startup Cost": 12.7, "Total Cost": 43461.84, "Plan Rows": 53780, "Plan Width": 24, "Inner Unique": false, "Plans": [{"Node Type": "Hash Join", "Parent Relationship": "Outer", "Join Type": "Inner", "Startup Cost": 12.7, "Total Cost": 5637.87, "Plan Rows": 4000, "Plan Width": 8, "Inner Unique": true, "Hash Cond": "(public.supplier.s_nationkey = public.nation.n_nationkey)", "Plans": [{"Node Type": "Index Scan", "Parent Relationship": "Outer", "Scan Direction": "Forward", "Index Name": "supplier_pkey", "Relation Name": "supplier", "Alias": "supplier", "Startup Cost": 0.0, "Total Cost": 5334.54, "Plan Rows": 100000, "Plan Width": 12}, {"Node Type": "Hash", "Parent Relationship": "Inner", "Startup Cost": 12.69, "Total Cost": 12.69, "Plan Rows": 1, "Plan Width": 4, "Plans": [{"Node Type": "Index Scan", "Parent Relationship": "Outer", "Scan Direction": "Forward", "Index Name": "nation_pkey", "Relation Name": "nation", "Alias": "nation", "Startup Cost": 0.0, "Total Cost": 12.69, "Plan Rows": 1, "Plan Width": 4, "Filter": "(n_name = 'MOZAMBIQUE'::bpchar)"}]}]}, {"Node Type": "Index Scan", "Parent Relationship": "Inner", "Scan Direction": "Forward", "Index Name": "idx_partsupp_suppkey", "Relation Name": "partsupp", "Alias": "partsupp", "Startup Cost": 0.0, "Total Cost": 9.33, "Plan Rows": 13, "Plan Width": 32, "Index Cond": "(ps_suppkey = public.supplier.s_suppkey)"}]}]}]}, "Unique SQL Id": 2932834211, "Planner Runtime": 0}, "explain_analyze_plan": {"Plan": {"Node Type": "Sort", "Startup Cost": 93166.14, "Total Cost": 93300.59, "Plan Rows": 53780, "Plan Width": 24, "Actual Startup Time": 1974.357, "Actual Total Time": 1974.357, "Actual Rows": 0, "Actual Loops": 1, "Sort Key": ["(sum((public.partsupp.ps_supplycost * (public.partsupp.ps_availqty)::double precision))) DESC"], "Sort Method": "quicksort", "Sort Space Used": 25, "Sort Space Type": "Memory", "Plans": [{"Node Type": "Aggregate", "Strategy": "Plain", "Parent Relationship": "exec_init_plan", "Subplan Name": "InitPlan 1 (returns $1)", "Startup Cost": 43865.19, "Total Cost": 43865.2, "Plan Rows": 1, "Plan Width": 24, "Actual Startup Time": 817.132, "Actual Total Time": 817.133, "Actual Rows": 1, "Actual Loops": 1, "Plans": [{"Node Type": "Nested Loop", "Parent Relationship": "Outer", "Join Type": "Inner", "Startup Cost": 12.7, "Total Cost": 43461.84, "Plan Rows": 53780, "Plan Width": 16, "Actual Startup Time": 0.175, "Actual Total Time": 680.837, "Actual Rows": 313920, "Actual Loops": 1, "Inner Unique": false, "Plans": [{"Node Type": "Hash Join", "Parent Relationship": "Outer", "Join Type": "Inner", "Startup Cost": 12.7, "Total Cost": 5637.87, "Plan Rows": 4000, "Plan Width": 8, "Actual Startup Time": 0.15, "Actual Total Time": 74.596, "Actual Rows": 3924, "Actual Loops": 1, "Inner Unique": true, "Hash Cond": "(public.supplier.s_nationkey = public.nation.n_nationkey)", "Plans": [{"Node Type": "Index Scan", "Parent Relationship": "Outer", "Scan Direction": "Forward", "Index Name": "supplier_pkey", "Relation Name": "supplier", "Alias": "supplier", "Startup Cost": 0.0, "Total Cost": 5334.54, "Plan Rows": 100000, "Plan Width": 12, "Actual Startup Time": 0.032, "Actual Total Time": 53.574, "Actual Rows": 100000, "Actual Loops": 1}, {"Node Type": "Hash", "Parent Relationship": "Inner", "Startup Cost": 12.69, "Total Cost": 12.69, "Plan Rows": 1, "Plan Width": 4, "Actual Startup Time": 0.044, "Actual Total Time": 0.044, "Actual Rows": 1, "Actual Loops": 1, "Hash Buckets": 32768, "Hash Batches": 1, "Original Hash Batches": 1, "Peak Memory Usage": 1, "Plans": [{"Node Type": "Index Scan", "Parent Relationship": "Outer", "Scan Direction": "Forward", "Index Name": "nation_pkey", "Relation Name": "nation", "Alias": "nation", "Startup Cost": 0.0, "Total Cost": 12.69, "Plan Rows": 1, "Plan Width": 4, "Actual Startup Time": 0.028, "Actual Total Time": 0.034, "Actual Rows": 1, "Actual Loops": 1, "Filter": "(n_name = 'MOZAMBIQUE'::bpchar)", "Rows Removed by Filter": 24}]}]}, {"Node Type": "Index Scan", "Parent Relationship": "Inner", "Scan Direction": "Forward", "Index Name": "idx_partsupp_suppkey", "Relation Name": "partsupp", "Alias": "partsupp", "Startup Cost": 0.0, "Total Cost": 9.33, "Plan Rows": 13, "Plan Width": 24, "Actual Startup Time": 43.949, "Actual Total Time": 539.771, "Actual Rows": 313920, "Actual Loops": 3924, "Index Cond": "(ps_suppkey = public.supplier.s_suppkey)", "Rows Removed by Index Recheck": 0}]}]}, {"Node Type": "Aggregate", "Strategy": "Hashed", "Parent Relationship": "Outer", "Startup Cost": 44402.99, "Total Cost": 45075.24, "Plan Rows": 53780, "Plan Width": 24, "Actual Startup Time": 1973.893, "Actual Total Time": 1973.893, "Actual Rows": 0, "Actual Loops": 1, "Group By Key": ["public.partsupp.ps_partkey"], "Filter": "(sum((public.partsupp.ps_supplycost * (public.partsupp.ps_availqty)::double precision)) > $1)", "Rows Removed by Filter": 295792, "Plans": [{"Node Type": "Nested Loop", "Parent Relationship": "Outer", "Join Type": "Inner", "Startup Cost": 12.7, "Total Cost": 43461.84, "Plan Rows": 53780, "Plan Width": 24, "Actual Startup Time": 0.136, "Actual Total Time": 736.735, "Actual Rows": 313920, "Actual Loops": 1, "Inner Unique": false, "Plans": [{"Node Type": "Hash Join", "Parent Relationship": "Outer", "Join Type": "Inner", "Startup Cost": 12.7, "Total Cost": 5637.87, "Plan Rows": 4000, "Plan Width": 8, "Actual Startup Time": 0.114, "Actual Total Time": 77.829, "Actual Rows": 3924, "Actual Loops": 1, "Inner Unique": true, "Hash Cond": "(public.supplier.s_nationkey = public.nation.n_nationkey)", "Plans": [{"Node Type": "Index Scan", "Parent Relationship": "Outer", "Scan Direction": "Forward", "Index Name": "supplier_pkey", "Relation Name": "supplier", "Alias": "supplier", "Startup Cost": 0.0, "Total Cost": 5334.54, "Plan Rows": 100000, "Plan Width": 12, "Actual Startup Time": 0.027, "Actual Total Time": 56.396, "Actual Rows": 100000, "Actual Loops": 1}, {"Node Type": "Hash", "Parent Relationship": "Inner", "Startup Cost": 12.69, "Total Cost": 12.69, "Plan Rows": 1, "Plan Width": 4, "Actual Startup Time": 0.036, "Actual Total Time": 0.036, "Actual Rows": 1, "Actual Loops": 1, "Hash Buckets": 32768, "Hash Batches": 1, "Original Hash Batches": 1, "Peak Memory Usage": 1, "Plans": [{"Node Type": "Index Scan", "Parent Relationship": "Outer", "Scan Direction": "Forward", "Index Name": "nation_pkey", "Relation Name": "nation", "Alias": "nation", "Startup Cost": 0.0, "Total Cost": 12.69, "Plan Rows": 1, "Plan Width": 4, "Actual Startup Time": 0.023, "Actual Total Time": 0.028, "Actual Rows": 1, "Actual Loops": 1, "Filter": "(n_name = 'MOZAMBIQUE'::bpchar)", "Rows Removed by Filter": 24}]}]}, {"Node Type": "Index Scan", "Parent Relationship": "Inner", "Scan Direction": "Forward", "Index Name": "idx_partsupp_suppkey", "Relation Name": "partsupp", "Alias": "partsupp", "Startup Cost": 0.0, "Total Cost": 9.33, "Plan Rows": 13, "Plan Width": 32, "Actual Startup Time": 46.453, "Actual Total Time": 587.121, "Actual Rows": 313920, "Actual Loops": 3924, "Index Cond": "(ps_suppkey = public.supplier.s_suppkey)", "Rows Removed by Index Recheck": 0}]}]}]}, "Triggers": [], "Planner Runtime": 0, "Total Runtime": 1974.638, "Unique SQL Id": 2932834211}}, "(1, 106)": {"explain_plan": {"Plan": {"Node Type": "Sort", "Startup Cost": 614546.2, "Total Cost": 614680.65, "Plan Rows": 53780, "Plan Width": 24, "Sort Key": ["(sum((public.partsupp.ps_supplycost * (public.partsupp.ps_availqty)::double precision))) DESC"], "Plans": [{"Node Type": "Aggregate", "Strategy": "Plain", "Parent Relationship": "exec_init_plan", "Subplan Name": "InitPlan 1 (returns $0)", "Startup Cost": 304555.21, "Total Cost": 304555.23, "Plan Rows": 1, "Plan Width": 24, "Plans": [{"Node Type": "Hash Join", "Parent Relationship": "Outer", "Join Type": "Inner", "Startup Cost": 3624.95, "Total Cost": 304151.86, "Plan Rows": 53780, "Plan Width": 16, "Inner Unique": false, "Hash Cond": "(public.partsupp.ps_suppkey = public.supplier.s_suppkey)", "Plans": [{"Node Type": "Seq Scan", "Parent Relationship": "Outer", "Relation Name": "partsupp", "Alias": "partsupp", "Startup Cost": 0.0, "Total Cost": 269987.72, "Plan Rows": 8000372, "Plan Width": 24}, {"Node Type": "Hash", "Parent Relationship": "Inner", "Startup Cost": 3574.95, "Total Cost": 3574.95, "Plan Rows": 4000, "Plan Width": 8, "Plans": [{"Node Type": "Hash Join", "Parent Relationship": "Outer", "Join Type": "Inner", "Startup Cost": 1.32, "Total Cost": 3574.95, "Plan Rows": 4000, "Plan Width": 8, "Inner Unique": true, "Hash Cond": "(public.supplier.s_nationkey = public.nation.n_nationkey)", "Plans": [{"Node Type": "Seq Scan", "Parent Relationship": "Outer", "Relation Name": "supplier", "Alias": "supplier", "Startup Cost": 0.0, "Total Cost": 3283.0, "Plan Rows": 100000, "Plan Width": 12}, {"Node Type": "Hash", "Parent Relationship": "Inner", "Startup Cost": 1.31, "Total Cost": 1.31, "Plan Rows": 1, "Plan Width": 4, "Plans": [{"Node Type": "Seq Scan", "Parent Relationship": "Outer", "Relation Name": "nation", "Alias": "nation", "Startup Cost": 0.0, "Total Cost": 1.31, "Plan Rows": 1, "Plan Width": 4, "Filter": "(n_name = 'MOZAMBIQUE'::bpchar)"}]}]}]}]}]}, {"Node Type": "Aggregate", "Strategy": "Hashed", "Parent Relationship": "Outer", "Startup Cost": 305093.02, "Total Cost": 305765.27, "Plan Rows": 53780, "Plan Width": 24, "Group By Key": ["public.partsupp.ps_partkey"], "Filter": "(sum((public.partsupp.ps_supplycost * (public.partsupp.ps_availqty)::double precision)) > $0)", "Plans": [{"Node Type": "Hash Join", "Parent Relationship": "Outer", "Join Type": "Inner", "Startup Cost": 3624.95, "Total Cost": 304151.86, "Plan Rows": 53780, "Plan Width": 24, "Inner Unique": false, "Hash Cond": "(public.partsupp.ps_suppkey = public.supplier.s_suppkey)", "Plans": [{"Node Type": "Seq Scan", "Parent Relationship": "Outer", "Relation Name": "partsupp", "Alias": "partsupp", "Startup Cost": 0.0, "Total Cost": 269987.72, "Plan Rows": 8000372, "Plan Width": 32}, {"Node Type": "Hash", "Parent Relationship": "Inner", "Startup Cost": 3574.95, "Total Cost": 3574.95, "Plan Rows": 4000, "Plan Width": 8, "Plans": [{"Node Type": "Hash Join", "Parent Relationship": "Outer", "Join Type": "Inner", "Startup Cost": 1.32, "Total Cost": 3574.95, "Plan Rows": 4000, "Plan Width": 8, "Inner Unique": true, "Hash Cond": "(public.supplier.s_nationkey = public.nation.n_nationkey)", "Plans": [{"Node Type": "Seq Scan", "Parent Relationship": "Outer", "Relation Name": "supplier", "Alias": "supplier", "Startup Cost": 0.0, "Total Cost": 3283.0, "Plan Rows": 100000, "Plan Width": 12}, {"Node Type": "Hash", "Parent Relationship": "Inner", "Startup Cost": 1.31, "Total Cost": 1.31, "Plan Rows": 1, "Plan Width": 4, "Plans": [{"Node Type": "Seq Scan", "Parent Relationship": "Outer", "Relation Name": "nation", "Alias": "nation", "Startup Cost": 0.0, "Total Cost": 1.31, "Plan Rows": 1, "Plan Width": 4, "Filter": "(n_name = 'MOZAMBIQUE'::bpchar)"}]}]}]}]}]}]}, "Unique SQL Id": 2932834211, "Planner Runtime": 0}, "explain_analyze_plan": null}, "(1, 107)": {"explain_plan": {"Plan": {"Node Type": "Sort", "Startup Cost": 6000144023996.65, "Total Cost": 6000144024131.1, "Plan Rows": 53780, "Plan Width": 24, "Sort Key": ["(sum((public.partsupp.ps_supplycost * (public.partsupp.ps_availqty)::double precision))) DESC"], "Plans": [{"Node Type": "Aggregate", "Strategy": "Plain", "Parent Relationship": "exec_init_plan", "Subplan Name": "InitPlan 1 (returns $1)", "Startup Cost": 3000100515269.13, "Total Cost": 3000100515269.15, "Plan Rows": 1, "Plan Width": 24, "Plans": [{"Node Type": "Hash Join", "Parent Relationship": "Outer", "Join Type": "Inner", "Startup Cost": 1020100260580.67, "Total Cost": 3000100514865.78, "Plan Rows": 53780, "Plan Width": 16, "Inner Unique": false, "Hash Cond": "(public.supplier.s_suppkey = public.partsupp.ps_suppkey)", "Plans": [{"Node Type": "Nested Loop", "Parent Relationship": "Outer", "Join Type": "Inner", "Startup Cost": 20000000095.25, "Total Cost": 2000000250512.56, "Plan Rows": 4000, "Plan Width": 8, "Inner Unique": false, "Plans": [{"Node Type": "Index Scan", "Parent Relationship": "Outer", "Scan Direction": "Forward", "Index Name": "nation_pkey", "Relation Name": "nation", "Alias": "nation", "Startup Cost": 10000000000.0, "Total Cost": 1000000001268.75, "Plan Rows": 1, "Plan Width": 4, "Filter": "(n_name = 'MOZAMBIQUE'::bpchar)"}, {"Node Type": "Bitmap Heap Scan", "Parent Relationship": "Inner", "Relation Name": "supplier", "Alias": "supplier", "Startup Cost": 10000000095.25, "Total Cost": 1000000249203.81, "Plan Rows": 4000, "Plan Width": 12, "Recheck Cond": "(s_nationkey = public.nation.n_nationkey)", "Plans": [{"Node Type": "Bitmap Index Scan", "Parent Relationship": "Outer", "Index Name": "idx_supplier_nation_key", "Startup Cost": 0.0, "Total Cost": 94.25, "Plan Rows": 4000, "Plan Width": 0, "Index Cond": "(s_nationkey = public.nation.n_nationkey)"}]}]}, {"Node Type": "Hash", "Parent Relationship": "Inner", "Startup Cost": 1000100160480.77, "Total Cost": 1000100160480.77, "Plan Rows": 8000372, "Plan Width": 24, "Plans": [{"Node Type": "Index Scan", "Parent Relationship": "Outer", "Scan Direction": "Forward", "Index Name": "idx_partsupp_suppkey", "Relation Name": "partsupp", "Alias": "partsupp", "Startup Cost": 10000000000.0, "Total Cost": 1000100160480.77, "Plan Rows": 8000372, "Plan Width": 24}]}]}]}, {"Node Type": "Aggregate", "Strategy": "Hashed", "Parent Relationship": "Outer", "Startup Cost": 3000043503829.54, "Total Cost": 3000043504501.79, "Plan Rows": 53780, "Plan Width": 24, "Group By Key": ["public.partsupp.ps_partkey"], "Filter": "(sum((public.partsupp.ps_supplycost * (public.partsupp.ps_availqty)::double precision)) > $1)", "Plans": [{"Node Type": "Hash Join", "Parent Relationship": "Outer", "Join Type": "Inner", "Startup Cost": 1020043248603.28, "Total Cost": 3000043502888.39, "Plan Rows": 53780, "Plan Width": 24, "Inner Unique": false, "Hash Cond": "(public.supplier.s_suppkey = public.partsupp.ps_suppkey)", "Plans": [{"Node Type": "Nested Loop", "Parent Relationship": "Outer", "Join Type": "Inner", "Startup Cost": 20000000095.25, "Total Cost": 2000000250512.56, "Plan Rows": 4000, "Plan Width": 8, "Inner Unique": false, "Plans": [{"Node Type": "Index Scan", "Parent Relationship": "Outer", "Scan Direction": "Forward", "Index Name": "nation_pkey", "Relation Name": "nation", "Alias": "nation", "Startup Cost": 10000000000.0, "Total Cost": 1000000001268.75, "Plan Rows": 1, "Plan Width": 4, "Filter": "(n_name = 'MOZAMBIQUE'::bpchar)"}, {"Node Type": "Bitmap Heap Scan", "Parent Relationship": "Inner", "Relation Name": "supplier", "Alias": "supplier", "Startup Cost": 10000000095.25, "Total Cost": 1000000249203.81, "Plan Rows": 4000, "Plan Width": 12, "Recheck Cond": "(s_nationkey = public.nation.n_nationkey)", "Plans": [{"Node Type": "Bitmap Index Scan", "Parent Relationship": "Outer", "Index Name": "idx_supplier_nation_key", "Startup Cost": 0.0, "Total Cost": 94.25, "Plan Rows": 4000, "Plan Width": 0, "Index Cond": "(s_nationkey = public.nation.n_nationkey)"}]}]}, {"Node Type": "Hash", "Parent Relationship": "Inner", "Startup Cost": 1000043148503.38, "Total Cost": 1000043148503.38, "Plan Rows": 8000372, "Plan Width": 32, "Plans": [{"Node Type": "Index Scan", "Parent Relationship": "Outer", "Scan Direction": "Forward", "Index Name": "idx_partsupp_partkey", "Relation Name": "partsupp", "Alias": "partsupp", "Startup Cost": 10000000000.0, "Total Cost": 1000043148503.38, "Plan Rows": 8000372, "Plan Width": 32}]}]}]}]}, "Unique SQL Id": 2932834211, "Planner Runtime": 0}, "explain_analyze_plan": null}, "(1, 108)": {"explain_plan": {"Plan": {"Node Type": "Sort", "Startup Cost": 89040.3, "Total Cost": 89174.75, "Plan Rows": 53780, "Plan Width": 24, "Sort Key": ["(sum((public.partsupp.ps_supplycost * (public.partsupp.ps_availqty)::double precision))) DESC"], "Plans": [{"Node Type": "Aggregate", "Strategy": "Plain", "Parent Relationship": "exec_init_plan", "Subplan Name": "InitPlan 1 (returns $1)", "Startup Cost": 41802.27, "Total Cost": 41802.28, "Plan Rows": 1, "Plan Width": 24, "Plans": [{"Node Type": "Nested Loop", "Parent Relationship": "Outer", "Join Type": "Inner", "Startup Cost": 1.32, "Total Cost": 41398.92, "Plan Rows": 53780, "Plan Width": 16, "Inner Unique": false, "Plans": [{"Node Type": "Hash Join", "Parent Relationship": "Outer", "Join Type": "Inner", "Startup Cost": 1.32, "Total Cost": 3574.95, "Plan Rows": 4000, "Plan Width": 8, "Inner Unique": true, "Hash Cond": "(public.supplier.s_nationkey = public.nation.n_nationkey)", "Plans": [{"Node Type": "Seq Scan", "Parent Relationship": "Outer", "Relation Name": "supplier", "Alias": "supplier", "Startup Cost": 0.0, "Total Cost": 3283.0, "Plan Rows": 100000, "Plan Width": 12}, {"Node Type": "Hash", "Parent Relationship": "Inner", "Startup Cost": 1.31, "Total Cost": 1.31, "Plan Rows": 1, "Plan Width": 4, "Plans": [{"Node Type": "Seq Scan", "Parent Relationship": "Outer", "Relation Name": "nation", "Alias": "nation", "Startup Cost": 0.0, "Total Cost": 1.31, "Plan Rows": 1, "Plan Width": 4, "Filter": "(n_name = 'MOZAMBIQUE'::bpchar)"}]}]}, {"Node Type": "Index Scan", "Parent Relationship": "Inner", "Scan Direction": "Forward", "Index Name": "idx_partsupp_suppkey", "Relation Name": "partsupp", "Alias": "partsupp", "Startup Cost": 0.0, "Total Cost": 9.33, "Plan Rows": 13, "Plan Width": 24, "Index Cond": "(ps_suppkey = public.supplier.s_suppkey)"}]}]}, {"Node Type": "Aggregate", "Strategy": "Hashed", "Parent Relationship": "Outer", "Startup Cost": 42340.07, "Total Cost": 43012.32, "Plan Rows": 53780, "Plan Width": 24, "Group By Key": ["public.partsupp.ps_partkey"], "Filter": "(sum((public.partsupp.ps_supplycost * (public.partsupp.ps_availqty)::double precision)) > $1)", "Plans": [{"Node Type": "Nested Loop", "Parent Relationship": "Outer", "Join Type": "Inner", "Startup Cost": 1.32, "Total Cost": 41398.92, "Plan Rows": 53780, "Plan Width": 24, "Inner Unique": false, "Plans": [{"Node Type": "Hash Join", "Parent Relationship": "Outer", "Join Type": "Inner", "Startup Cost": 1.32, "Total Cost": 3574.95, "Plan Rows": 4000, "Plan Width": 8, "Inner Unique": true, "Hash Cond": "(public.supplier.s_nationkey = public.nation.n_nationkey)", "Plans": [{"Node Type": "Seq Scan", "Parent Relationship": "Outer", "Relation Name": "supplier", "Alias": "supplier", "Startup Cost": 0.0, "Total Cost": 3283.0, "Plan Rows": 100000, "Plan Width": 12}, {"Node Type": "Hash", "Parent Relationship": "Inner", "Startup Cost": 1.31, "Total Cost": 1.31, "Plan Rows": 1, "Plan Width": 4, "Plans": [{"Node Type": "Seq Scan", "Parent Relationship": "Outer", "Relation Name": "nation", "Alias": "nation", "Startup Cost": 0.0, "Total Cost": 1.31, "Plan Rows": 1, "Plan Width": 4, "Filter": "(n_name = 'MOZAMBIQUE'::bpchar)"}]}]}, {"Node Type": "Index Scan", "Parent Relationship": "Inner", "Scan Direction": "Forward", "Index Name": "idx_partsupp_suppkey", "Relation Name": "partsupp", "Alias": "partsupp", "Startup Cost": 0.0, "Total Cost": 9.33, "Plan Rows": 13, "Plan Width": 32, "Index Cond": "(ps_suppkey = public.supplier.s_suppkey)"}]}]}]}, "Unique SQL Id": 2932834211, "Planner Runtime": 1}, "explain_analyze_plan": {"Plan": {"Node Type": "Sort", "Startup Cost": 89040.3, "Total Cost": 89174.75, "Plan Rows": 53780, "Plan Width": 24, "Actual Startup Time": 1966.286, "Actual Total Time": 1966.286, "Actual Rows": 0, "Actual Loops": 1, "Sort Key": ["(sum((public.partsupp.ps_supplycost * (public.partsupp.ps_availqty)::double precision))) DESC"], "Sort Method": "quicksort", "Sort Space Used": 25, "Sort Space Type": "Memory", "Plans": [{"Node Type": "Aggregate", "Strategy": "Plain", "Parent Relationship": "exec_init_plan", "Subplan Name": "InitPlan 1 (returns $1)", "Startup Cost": 41802.27, "Total Cost": 41802.28, "Plan Rows": 1, "Plan Width": 24, "Actual Startup Time": 814.836, "Actual Total Time": 814.836, "Actual Rows": 1, "Actual Loops": 1, "Plans": [{"Node Type": "Nested Loop", "Parent Relationship": "Outer", "Join Type": "Inner", "Startup Cost": 1.32, "Total Cost": 41398.92, "Plan Rows": 53780, "Plan Width": 16, "Actual Startup Time": 0.144, "Actual Total Time": 679.652, "Actual Rows": 313920, "Actual Loops": 1, "Inner Unique": false, "Plans": [{"Node Type": "Hash Join", "Parent Relationship": "Outer", "Join Type": "Inner", "Startup Cost": 1.32, "Total Cost": 3574.95, "Plan Rows": 4000, "Plan Width": 8, "Actual Startup Time": 0.118, "Actual Total Time": 51.066, "Actual Rows": 3924, "Actual Loops": 1, "Inner Unique": true, "Hash Cond": "(public.supplier.s_nationkey = public.nation.n_nationkey)", "Plans": [{"Node Type": "Seq Scan", "Parent Relationship": "Outer", "Relation Name": "supplier", "Alias": "supplier", "Startup Cost": 0.0, "Total Cost": 3283.0, "Plan Rows": 100000, "Plan Width": 12, "Actual Startup Time": 0.02, "Actual Total Time": 28.652, "Actual Rows": 100000, "Actual Loops": 1}, {"Node Type": "Hash", "Parent Relationship": "Inner", "Startup Cost": 1.31, "Total Cost": 1.31, "Plan Rows": 1, "Plan Width": 4, "Actual Startup Time": 0.035, "Actual Total Time": 0.035, "Actual Rows": 1, "Actual Loops": 1, "Hash Buckets": 32768, "Hash Batches": 1, "Original Hash Batches": 1, "Peak Memory Usage": 1, "Plans": [{"Node Type": "Seq Scan", "Parent Relationship": "Outer", "Relation Name": "nation", "Alias": "nation", "Startup Cost": 0.0, "Total Cost": 1.31, "Plan Rows": 1, "Plan Width": 4, "Actual Startup Time": 0.023, "Actual Total Time": 0.026, "Actual Rows": 1, "Actual Loops": 1, "Filter": "(n_name = 'MOZAMBIQUE'::bpchar)", "Rows Removed by Filter": 24}]}]}, {"Node Type": "Index Scan", "Parent Relationship": "Inner", "Scan Direction": "Forward", "Index Name": "idx_partsupp_suppkey", "Relation Name": "partsupp", "Alias": "partsupp", "Startup Cost": 0.0, "Total Cost": 9.33, "Plan Rows": 13, "Plan Width": 24, "Actual Startup Time": 45.642, "Actual Total Time": 561.627, "Actual Rows": 313920, "Actual Loops": 3924, "Index Cond": "(ps_suppkey = public.supplier.s_suppkey)", "Rows Removed by Index Recheck": 0}]}]}, {"Node Type": "Aggregate", "Strategy": "Hashed", "Parent Relationship": "Outer", "Startup Cost": 42340.07, "Total Cost": 43012.32, "Plan Rows": 53780, "Plan Width": 24, "Actual Startup Time": 1965.915, "Actual Total Time": 1965.915, "Actual Rows": 0, "Actual Loops": 1, "Group By Key": ["public.partsupp.ps_partkey"], "Filter": "(sum((public.partsupp.ps_supplycost * (public.partsupp.ps_availqty)::double precision)) > $1)", "Rows Removed by Filter": 295792, "Plans": [{"Node Type": "Nested Loop", "Parent Relationship": "Outer", "Join Type": "Inner", "Startup Cost": 1.32, "Total Cost": 41398.92, "Plan Rows": 53780, "Plan Width": 24, "Actual Startup Time": 0.133, "Actual Total Time": 747.644, "Actual Rows": 313920, "Actual Loops": 1, "Inner Unique": false, "Plans": [{"Node Type": "Hash Join", "Parent Relationship": "Outer", "Join Type": "Inner", "Startup Cost": 1.32, "Total Cost": 3574.95, "Plan Rows": 4000, "Plan Width": 8, "Actual Startup Time": 0.106, "Actual Total Time": 53.011, "Actual Rows": 3924, "Actual Loops": 1, "Inner Unique": true, "Hash Cond": "(public.supplier.s_nationkey = public.nation.n_nationkey)", "Plans": [{"Node Type": "Seq Scan", "Parent Relationship": "Outer", "Relation Name": "supplier", "Alias": "supplier", "Startup Cost": 0.0, "Total Cost": 3283.0, "Plan Rows": 100000, "Plan Width": 12, "Actual Startup Time": 0.018, "Actual Total Time": 30.147, "Actual Rows": 100000, "Actual Loops": 1}, {"Node Type": "Hash", "Parent Relationship": "Inner", "Startup Cost": 1.31, "Total Cost": 1.31, "Plan Rows": 1, "Plan Width": 4, "Actual Startup Time": 0.032, "Actual Total Time": 0.032, "Actual Rows": 1, "Actual Loops": 1, "Hash Buckets": 32768, "Hash Batches": 1, "Original Hash Batches": 1, "Peak Memory Usage": 1, "Plans": [{"Node Type": "Seq Scan", "Parent Relationship": "Outer", "Relation Name": "nation", "Alias": "nation", "Startup Cost": 0.0, "Total Cost": 1.31, "Plan Rows": 1, "Plan Width": 4, "Actual Startup Time": 0.021, "Actual Total Time": 0.024, "Actual Rows": 1, "Actual Loops": 1, "Filter": "(n_name = 'MOZAMBIQUE'::bpchar)", "Rows Removed by Filter": 24}]}]}, {"Node Type": "Index Scan", "Parent Relationship": "Inner", "Scan Direction": "Forward", "Index Name": "idx_partsupp_suppkey", "Relation Name": "partsupp", "Alias": "partsupp", "Startup Cost": 0.0, "Total Cost": 9.33, "Plan Rows": 13, "Plan Width": 32, "Actual Startup Time": 49.124, "Actual Total Time": 623.306, "Actual Rows": 313920, "Actual Loops": 3924, "Index Cond": "(ps_suppkey = public.supplier.s_suppkey)", "Rows Removed by Index Recheck": 0}]}]}]}, "Triggers": [], "Planner Runtime": 1, "Total Runtime": 1966.592, "Unique SQL Id": 2932834211}}, "(1, 109)": {"explain_plan": {"Plan": {"Node Type": "Sort", "Startup Cost": 93166.14, "Total Cost": 93300.59, "Plan Rows": 53780, "Plan Width": 24, "Sort Key": ["(sum((public.partsupp.ps_supplycost * (public.partsupp.ps_availqty)::double precision))) DESC"], "Plans": [{"Node Type": "Aggregate", "Strategy": "Plain", "Parent Relationship": "exec_init_plan", "Subplan Name": "InitPlan 1 (returns $1)", "Startup Cost": 43865.19, "Total Cost": 43865.2, "Plan Rows": 1, "Plan Width": 24, "Plans": [{"Node Type": "Nested Loop", "Parent Relationship": "Outer", "Join Type": "Inner", "Startup Cost": 12.7, "Total Cost": 43461.84, "Plan Rows": 53780, "Plan Width": 16, "Inner Unique": false, "Plans": [{"Node Type": "Hash Join", "Parent Relationship": "Outer", "Join Type": "Inner", "Startup Cost": 12.7, "Total Cost": 5637.87, "Plan Rows": 4000, "Plan Width": 8, "Inner Unique": true, "Hash Cond": "(public.supplier.s_nationkey = public.nation.n_nationkey)", "Plans": [{"Node Type": "Index Scan", "Parent Relationship": "Outer", "Scan Direction": "Forward", "Index Name": "supplier_pkey", "Relation Name": "supplier", "Alias": "supplier", "Startup Cost": 0.0, "Total Cost": 5334.54, "Plan Rows": 100000, "Plan Width": 12}, {"Node Type": "Hash", "Parent Relationship": "Inner", "Startup Cost": 12.69, "Total Cost": 12.69, "Plan Rows": 1, "Plan Width": 4, "Plans": [{"Node Type": "Index Scan", "Parent Relationship": "Outer", "Scan Direction": "Forward", "Index Name": "nation_pkey", "Relation Name": "nation", "Alias": "nation", "Startup Cost": 0.0, "Total Cost": 12.69, "Plan Rows": 1, "Plan Width": 4, "Filter": "(n_name = 'MOZAMBIQUE'::bpchar)"}]}]}, {"Node Type": "Index Scan", "Parent Relationship": "Inner", "Scan Direction": "Forward", "Index Name": "idx_partsupp_suppkey", "Relation Name": "partsupp", "Alias": "partsupp", "Startup Cost": 0.0, "Total Cost": 9.33, "Plan Rows": 13, "Plan Width": 24, "Index Cond": "(ps_suppkey = public.supplier.s_suppkey)"}]}]}, {"Node Type": "Aggregate", "Strategy": "Hashed", "Parent Relationship": "Outer", "Startup Cost": 44402.99, "Total Cost": 45075.24, "Plan Rows": 53780, "Plan Width": 24, "Group By Key": ["public.partsupp.ps_partkey"], "Filter": "(sum((public.partsupp.ps_supplycost * (public.partsupp.ps_availqty)::double precision)) > $1)", "Plans": [{"Node Type": "Nested Loop", "Parent Relationship": "Outer", "Join Type": "Inner", "Startup Cost": 12.7, "Total Cost": 43461.84, "Plan Rows": 53780, "Plan Width": 24, "Inner Unique": false, "Plans": [{"Node Type": "Hash Join", "Parent Relationship": "Outer", "Join Type": "Inner", "Startup Cost": 12.7, "Total Cost": 5637.87, "Plan Rows": 4000, "Plan Width": 8, "Inner Unique": true, "Hash Cond": "(public.supplier.s_nationkey = public.nation.n_nationkey)", "Plans": [{"Node Type": "Index Scan", "Parent Relationship": "Outer", "Scan Direction": "Forward", "Index Name": "supplier_pkey", "Relation Name": "supplier", "Alias": "supplier", "Startup Cost": 0.0, "Total Cost": 5334.54, "Plan Rows": 100000, "Plan Width": 12}, {"Node Type": "Hash", "Parent Relationship": "Inner", "Startup Cost": 12.69, "Total Cost": 12.69, "Plan Rows": 1, "Plan Width": 4, "Plans": [{"Node Type": "Index Scan", "Parent Relationship": "Outer", "Scan Direction": "Forward", "Index Name": "nation_pkey", "Relation Name": "nation", "Alias": "nation", "Startup Cost": 0.0, "Total Cost": 12.69, "Plan Rows": 1, "Plan Width": 4, "Filter": "(n_name = 'MOZAMBIQUE'::bpchar)"}]}]}, {"Node Type": "Index Scan", "Parent Relationship": "Inner", "Scan Direction": "Forward", "Index Name": "idx_partsupp_suppkey", "Relation Name": "partsupp", "Alias": "partsupp", "Startup Cost": 0.0, "Total Cost": 9.33, "Plan Rows": 13, "Plan Width": 32, "Index Cond": "(ps_suppkey = public.supplier.s_suppkey)"}]}]}]}, "Unique SQL Id": 2932834211, "Planner Runtime": 0}, "explain_analyze_plan": {"Plan": {"Node Type": "Sort", "Startup Cost": 93166.14, "Total Cost": 93300.59, "Plan Rows": 53780, "Plan Width": 24, "Actual Startup Time": 1974.357, "Actual Total Time": 1974.357, "Actual Rows": 0, "Actual Loops": 1, "Sort Key": ["(sum((public.partsupp.ps_supplycost * (public.partsupp.ps_availqty)::double precision))) DESC"], "Sort Method": "quicksort", "Sort Space Used": 25, "Sort Space Type": "Memory", "Plans": [{"Node Type": "Aggregate", "Strategy": "Plain", "Parent Relationship": "exec_init_plan", "Subplan Name": "InitPlan 1 (returns $1)", "Startup Cost": 43865.19, "Total Cost": 43865.2, "Plan Rows": 1, "Plan Width": 24, "Actual Startup Time": 817.132, "Actual Total Time": 817.133, "Actual Rows": 1, "Actual Loops": 1, "Plans": [{"Node Type": "Nested Loop", "Parent Relationship": "Outer", "Join Type": "Inner", "Startup Cost": 12.7, "Total Cost": 43461.84, "Plan Rows": 53780, "Plan Width": 16, "Actual Startup Time": 0.175, "Actual Total Time": 680.837, "Actual Rows": 313920, "Actual Loops": 1, "Inner Unique": false, "Plans": [{"Node Type": "Hash Join", "Parent Relationship": "Outer", "Join Type": "Inner", "Startup Cost": 12.7, "Total Cost": 5637.87, "Plan Rows": 4000, "Plan Width": 8, "Actual Startup Time": 0.15, "Actual Total Time": 74.596, "Actual Rows": 3924, "Actual Loops": 1, "Inner Unique": true, "Hash Cond": "(public.supplier.s_nationkey = public.nation.n_nationkey)", "Plans": [{"Node Type": "Index Scan", "Parent Relationship": "Outer", "Scan Direction": "Forward", "Index Name": "supplier_pkey", "Relation Name": "supplier", "Alias": "supplier", "Startup Cost": 0.0, "Total Cost": 5334.54, "Plan Rows": 100000, "Plan Width": 12, "Actual Startup Time": 0.032, "Actual Total Time": 53.574, "Actual Rows": 100000, "Actual Loops": 1}, {"Node Type": "Hash", "Parent Relationship": "Inner", "Startup Cost": 12.69, "Total Cost": 12.69, "Plan Rows": 1, "Plan Width": 4, "Actual Startup Time": 0.044, "Actual Total Time": 0.044, "Actual Rows": 1, "Actual Loops": 1, "Hash Buckets": 32768, "Hash Batches": 1, "Original Hash Batches": 1, "Peak Memory Usage": 1, "Plans": [{"Node Type": "Index Scan", "Parent Relationship": "Outer", "Scan Direction": "Forward", "Index Name": "nation_pkey", "Relation Name": "nation", "Alias": "nation", "Startup Cost": 0.0, "Total Cost": 12.69, "Plan Rows": 1, "Plan Width": 4, "Actual Startup Time": 0.028, "Actual Total Time": 0.034, "Actual Rows": 1, "Actual Loops": 1, "Filter": "(n_name = 'MOZAMBIQUE'::bpchar)", "Rows Removed by Filter": 24}]}]}, {"Node Type": "Index Scan", "Parent Relationship": "Inner", "Scan Direction": "Forward", "Index Name": "idx_partsupp_suppkey", "Relation Name": "partsupp", "Alias": "partsupp", "Startup Cost": 0.0, "Total Cost": 9.33, "Plan Rows": 13, "Plan Width": 24, "Actual Startup Time": 43.949, "Actual Total Time": 539.771, "Actual Rows": 313920, "Actual Loops": 3924, "Index Cond": "(ps_suppkey = public.supplier.s_suppkey)", "Rows Removed by Index Recheck": 0}]}]}, {"Node Type": "Aggregate", "Strategy": "Hashed", "Parent Relationship": "Outer", "Startup Cost": 44402.99, "Total Cost": 45075.24, "Plan Rows": 53780, "Plan Width": 24, "Actual Startup Time": 1973.893, "Actual Total Time": 1973.893, "Actual Rows": 0, "Actual Loops": 1, "Group By Key": ["public.partsupp.ps_partkey"], "Filter": "(sum((public.partsupp.ps_supplycost * (public.partsupp.ps_availqty)::double precision)) > $1)", "Rows Removed by Filter": 295792, "Plans": [{"Node Type": "Nested Loop", "Parent Relationship": "Outer", "Join Type": "Inner", "Startup Cost": 12.7, "Total Cost": 43461.84, "Plan Rows": 53780, "Plan Width": 24, "Actual Startup Time": 0.136, "Actual Total Time": 736.735, "Actual Rows": 313920, "Actual Loops": 1, "Inner Unique": false, "Plans": [{"Node Type": "Hash Join", "Parent Relationship": "Outer", "Join Type": "Inner", "Startup Cost": 12.7, "Total Cost": 5637.87, "Plan Rows": 4000, "Plan Width": 8, "Actual Startup Time": 0.114, "Actual Total Time": 77.829, "Actual Rows": 3924, "Actual Loops": 1, "Inner Unique": true, "Hash Cond": "(public.supplier.s_nationkey = public.nation.n_nationkey)", "Plans": [{"Node Type": "Index Scan", "Parent Relationship": "Outer", "Scan Direction": "Forward", "Index Name": "supplier_pkey", "Relation Name": "supplier", "Alias": "supplier", "Startup Cost": 0.0, "Total Cost": 5334.54, "Plan Rows": 100000, "Plan Width": 12, "Actual Startup Time": 0.027, "Actual Total Time": 56.396, "Actual Rows": 100000, "Actual Loops": 1}, {"Node Type": "Hash", "Parent Relationship": "Inner", "Startup Cost": 12.69, "Total Cost": 12.69, "Plan Rows": 1, "Plan Width": 4, "Actual Startup Time": 0.036, "Actual Total Time": 0.036, "Actual Rows": 1, "Actual Loops": 1, "Hash Buckets": 32768, "Hash Batches": 1, "Original Hash Batches": 1, "Peak Memory Usage": 1, "Plans": [{"Node Type": "Index Scan", "Parent Relationship": "Outer", "Scan Direction": "Forward", "Index Name": "nation_pkey", "Relation Name": "nation", "Alias": "nation", "Startup Cost": 0.0, "Total Cost": 12.69, "Plan Rows": 1, "Plan Width": 4, "Actual Startup Time": 0.023, "Actual Total Time": 0.028, "Actual Rows": 1, "Actual Loops": 1, "Filter": "(n_name = 'MOZAMBIQUE'::bpchar)", "Rows Removed by Filter": 24}]}]}, {"Node Type": "Index Scan", "Parent Relationship": "Inner", "Scan Direction": "Forward", "Index Name": "idx_partsupp_suppkey", "Relation Name": "partsupp", "Alias": "partsupp", "Startup Cost": 0.0, "Total Cost": 9.33, "Plan Rows": 13, "Plan Width": 32, "Actual Startup Time": 46.453, "Actual Total Time": 587.121, "Actual Rows": 313920, "Actual Loops": 3924, "Index Cond": "(ps_suppkey = public.supplier.s_suppkey)", "Rows Removed by Index Recheck": 0}]}]}]}, "Triggers": [], "Planner Runtime": 0, "Total Runtime": 1974.638, "Unique SQL Id": 2932834211}}, "(1, 110)": {"explain_plan": {"Plan": {"Node Type": "Sort", "Startup Cost": 614546.2, "Total Cost": 614680.65, "Plan Rows": 53780, "Plan Width": 24, "Sort Key": ["(sum((public.partsupp.ps_supplycost * (public.partsupp.ps_availqty)::double precision))) DESC"], "Plans": [{"Node Type": "Aggregate", "Strategy": "Plain", "Parent Relationship": "exec_init_plan", "Subplan Name": "InitPlan 1 (returns $0)", "Startup Cost": 304555.21, "Total Cost": 304555.23, "Plan Rows": 1, "Plan Width": 24, "Plans": [{"Node Type": "Hash Join", "Parent Relationship": "Outer", "Join Type": "Inner", "Startup Cost": 3624.95, "Total Cost": 304151.86, "Plan Rows": 53780, "Plan Width": 16, "Inner Unique": false, "Hash Cond": "(public.partsupp.ps_suppkey = public.supplier.s_suppkey)", "Plans": [{"Node Type": "Seq Scan", "Parent Relationship": "Outer", "Relation Name": "partsupp", "Alias": "partsupp", "Startup Cost": 0.0, "Total Cost": 269987.72, "Plan Rows": 8000372, "Plan Width": 24}, {"Node Type": "Hash", "Parent Relationship": "Inner", "Startup Cost": 3574.95, "Total Cost": 3574.95, "Plan Rows": 4000, "Plan Width": 8, "Plans": [{"Node Type": "Hash Join", "Parent Relationship": "Outer", "Join Type": "Inner", "Startup Cost": 1.32, "Total Cost": 3574.95, "Plan Rows": 4000, "Plan Width": 8, "Inner Unique": true, "Hash Cond": "(public.supplier.s_nationkey = public.nation.n_nationkey)", "Plans": [{"Node Type": "Seq Scan", "Parent Relationship": "Outer", "Relation Name": "supplier", "Alias": "supplier", "Startup Cost": 0.0, "Total Cost": 3283.0, "Plan Rows": 100000, "Plan Width": 12}, {"Node Type": "Hash", "Parent Relationship": "Inner", "Startup Cost": 1.31, "Total Cost": 1.31, "Plan Rows": 1, "Plan Width": 4, "Plans": [{"Node Type": "Seq Scan", "Parent Relationship": "Outer", "Relation Name": "nation", "Alias": "nation", "Startup Cost": 0.0, "Total Cost": 1.31, "Plan Rows": 1, "Plan Width": 4, "Filter": "(n_name = 'MOZAMBIQUE'::bpchar)"}]}]}]}]}]}, {"Node Type": "Aggregate", "Strategy": "Hashed", "Parent Relationship": "Outer", "Startup Cost": 305093.02, "Total Cost": 305765.27, "Plan Rows": 53780, "Plan Width": 24, "Group By Key": ["public.partsupp.ps_partkey"], "Filter": "(sum((public.partsupp.ps_supplycost * (public.partsupp.ps_availqty)::double precision)) > $0)", "Plans": [{"Node Type": "Hash Join", "Parent Relationship": "Outer", "Join Type": "Inner", "Startup Cost": 3624.95, "Total Cost": 304151.86, "Plan Rows": 53780, "Plan Width": 24, "Inner Unique": false, "Hash Cond": "(public.partsupp.ps_suppkey = public.supplier.s_suppkey)", "Plans": [{"Node Type": "Seq Scan", "Parent Relationship": "Outer", "Relation Name": "partsupp", "Alias": "partsupp", "Startup Cost": 0.0, "Total Cost": 269987.72, "Plan Rows": 8000372, "Plan Width": 32}, {"Node Type": "Hash", "Parent Relationship": "Inner", "Startup Cost": 3574.95, "Total Cost": 3574.95, "Plan Rows": 4000, "Plan Width": 8, "Plans": [{"Node Type": "Hash Join", "Parent Relationship": "Outer", "Join Type": "Inner", "Startup Cost": 1.32, "Total Cost": 3574.95, "Plan Rows": 4000, "Plan Width": 8, "Inner Unique": true, "Hash Cond": "(public.supplier.s_nationkey = public.nation.n_nationkey)", "Plans": [{"Node Type": "Seq Scan", "Parent Relationship": "Outer", "Relation Name": "supplier", "Alias": "supplier", "Startup Cost": 0.0, "Total Cost": 3283.0, "Plan Rows": 100000, "Plan Width": 12}, {"Node Type": "Hash", "Parent Relationship": "Inner", "Startup Cost": 1.31, "Total Cost": 1.31, "Plan Rows": 1, "Plan Width": 4, "Plans": [{"Node Type": "Seq Scan", "Parent Relationship": "Outer", "Relation Name": "nation", "Alias": "nation", "Startup Cost": 0.0, "Total Cost": 1.31, "Plan Rows": 1, "Plan Width": 4, "Filter": "(n_name = 'MOZAMBIQUE'::bpchar)"}]}]}]}]}]}]}, "Unique SQL Id": 2932834211, "Planner Runtime": 0}, "explain_analyze_plan": null}, "(1, 111)": {"explain_plan": {"Plan": {"Node Type": "Sort", "Startup Cost": 6000144023996.65, "Total Cost": 6000144024131.1, "Plan Rows": 53780, "Plan Width": 24, "Sort Key": ["(sum((public.partsupp.ps_supplycost * (public.partsupp.ps_availqty)::double precision))) DESC"], "Plans": [{"Node Type": "Aggregate", "Strategy": "Plain", "Parent Relationship": "exec_init_plan", "Subplan Name": "InitPlan 1 (returns $1)", "Startup Cost": 3000100515269.13, "Total Cost": 3000100515269.15, "Plan Rows": 1, "Plan Width": 24, "Plans": [{"Node Type": "Hash Join", "Parent Relationship": "Outer", "Join Type": "Inner", "Startup Cost": 1020100260580.67, "Total Cost": 3000100514865.78, "Plan Rows": 53780, "Plan Width": 16, "Inner Unique": false, "Hash Cond": "(public.supplier.s_suppkey = public.partsupp.ps_suppkey)", "Plans": [{"Node Type": "Nested Loop", "Parent Relationship": "Outer", "Join Type": "Inner", "Startup Cost": 20000000095.25, "Total Cost": 2000000250512.56, "Plan Rows": 4000, "Plan Width": 8, "Inner Unique": false, "Plans": [{"Node Type": "Index Scan", "Parent Relationship": "Outer", "Scan Direction": "Forward", "Index Name": "nation_pkey", "Relation Name": "nation", "Alias": "nation", "Startup Cost": 10000000000.0, "Total Cost": 1000000001268.75, "Plan Rows": 1, "Plan Width": 4, "Filter": "(n_name = 'MOZAMBIQUE'::bpchar)"}, {"Node Type": "Bitmap Heap Scan", "Parent Relationship": "Inner", "Relation Name": "supplier", "Alias": "supplier", "Startup Cost": 10000000095.25, "Total Cost": 1000000249203.81, "Plan Rows": 4000, "Plan Width": 12, "Recheck Cond": "(s_nationkey = public.nation.n_nationkey)", "Plans": [{"Node Type": "Bitmap Index Scan", "Parent Relationship": "Outer", "Index Name": "idx_supplier_nation_key", "Startup Cost": 0.0, "Total Cost": 94.25, "Plan Rows": 4000, "Plan Width": 0, "Index Cond": "(s_nationkey = public.nation.n_nationkey)"}]}]}, {"Node Type": "Hash", "Parent Relationship": "Inner", "Startup Cost": 1000100160480.77, "Total Cost": 1000100160480.77, "Plan Rows": 8000372, "Plan Width": 24, "Plans": [{"Node Type": "Index Scan", "Parent Relationship": "Outer", "Scan Direction": "Forward", "Index Name": "idx_partsupp_suppkey", "Relation Name": "partsupp", "Alias": "partsupp", "Startup Cost": 10000000000.0, "Total Cost": 1000100160480.77, "Plan Rows": 8000372, "Plan Width": 24}]}]}]}, {"Node Type": "Aggregate", "Strategy": "Hashed", "Parent Relationship": "Outer", "Startup Cost": 3000043503829.54, "Total Cost": 3000043504501.79, "Plan Rows": 53780, "Plan Width": 24, "Group By Key": ["public.partsupp.ps_partkey"], "Filter": "(sum((public.partsupp.ps_supplycost * (public.partsupp.ps_availqty)::double precision)) > $1)", "Plans": [{"Node Type": "Hash Join", "Parent Relationship": "Outer", "Join Type": "Inner", "Startup Cost": 1020043248603.28, "Total Cost": 3000043502888.39, "Plan Rows": 53780, "Plan Width": 24, "Inner Unique": false, "Hash Cond": "(public.supplier.s_suppkey = public.partsupp.ps_suppkey)", "Plans": [{"Node Type": "Nested Loop", "Parent Relationship": "Outer", "Join Type": "Inner", "Startup Cost": 20000000095.25, "Total Cost": 2000000250512.56, "Plan Rows": 4000, "Plan Width": 8, "Inner Unique": false, "Plans": [{"Node Type": "Index Scan", "Parent Relationship": "Outer", "Scan Direction": "Forward", "Index Name": "nation_pkey", "Relation Name": "nation", "Alias": "nation", "Startup Cost": 10000000000.0, "Total Cost": 1000000001268.75, "Plan Rows": 1, "Plan Width": 4, "Filter": "(n_name = 'MOZAMBIQUE'::bpchar)"}, {"Node Type": "Bitmap Heap Scan", "Parent Relationship": "Inner", "Relation Name": "supplier", "Alias": "supplier", "Startup Cost": 10000000095.25, "Total Cost": 1000000249203.81, "Plan Rows": 4000, "Plan Width": 12, "Recheck Cond": "(s_nationkey = public.nation.n_nationkey)", "Plans": [{"Node Type": "Bitmap Index Scan", "Parent Relationship": "Outer", "Index Name": "idx_supplier_nation_key", "Startup Cost": 0.0, "Total Cost": 94.25, "Plan Rows": 4000, "Plan Width": 0, "Index Cond": "(s_nationkey = public.nation.n_nationkey)"}]}]}, {"Node Type": "Hash", "Parent Relationship": "Inner", "Startup Cost": 1000043148503.38, "Total Cost": 1000043148503.38, "Plan Rows": 8000372, "Plan Width": 32, "Plans": [{"Node Type": "Index Scan", "Parent Relationship": "Outer", "Scan Direction": "Forward", "Index Name": "idx_partsupp_partkey", "Relation Name": "partsupp", "Alias": "partsupp", "Startup Cost": 10000000000.0, "Total Cost": 1000043148503.38, "Plan Rows": 8000372, "Plan Width": 32}]}]}]}]}, "Unique SQL Id": 2932834211, "Planner Runtime": 0}, "explain_analyze_plan": null}, "(1, 112)": {"explain_plan": {"Plan": {"Node Type": "Sort", "Startup Cost": 86957.11, "Total Cost": 87091.56, "Plan Rows": 53780, "Plan Width": 24, "Sort Key": ["(sum((public.partsupp.ps_supplycost * (public.partsupp.ps_availqty)::double precision))) DESC"], "Plans": [{"Node Type": "Aggregate", "Strategy": "Plain", "Parent Relationship": "exec_init_plan", "Subplan Name": "InitPlan 1 (returns $2)", "Startup Cost": 40760.67, "Total Cost": 40760.68, "Plan Rows": 1, "Plan Width": 24, "Plans": [{"Node Type": "Nested Loop", "Parent Relationship": "Outer", "Join Type": "Inner", "Startup Cost": 95.25, "Total Cost": 40357.32, "Plan Rows": 53780, "Plan Width": 16, "Inner Unique": false, "Plans": [{"Node Type": "Nested Loop", "Parent Relationship": "Outer", "Join Type": "Inner", "Startup Cost": 95.25, "Total Cost": 2533.35, "Plan Rows": 4000, "Plan Width": 8, "Inner Unique": false, "Plans": [{"Node Type": "Seq Scan", "Parent Relationship": "Outer", "Relation Name": "nation", "Alias": "nation", "Startup Cost": 0.0, "Total Cost": 1.31, "Plan Rows": 1, "Plan Width": 4, "Filter": "(n_name = 'MOZAMBIQUE'::bpchar)"}, {"Node Type": "Bitmap Heap Scan", "Parent Relationship": "Inner", "Relation Name": "supplier", "Alias": "supplier", "Startup Cost": 95.25, "Total Cost": 2492.04, "Plan Rows": 4000, "Plan Width": 12, "Recheck Cond": "(s_nationkey = public.nation.n_nationkey)", "Plans": [{"Node Type": "Bitmap Index Scan", "Parent Relationship": "Outer", "Index Name": "idx_supplier_nation_key", "Startup Cost": 0.0, "Total Cost": 94.25, "Plan Rows": 4000, "Plan Width": 0, "Index Cond": "(s_nationkey = public.nation.n_nationkey)"}]}]}, {"Node Type": "Index Scan", "Parent Relationship": "Inner", "Scan Direction": "Forward", "Index Name": "idx_partsupp_suppkey", "Relation Name": "partsupp", "Alias": "partsupp", "Startup Cost": 0.0, "Total Cost": 9.33, "Plan Rows": 13, "Plan Width": 24, "Index Cond": "(ps_suppkey = public.supplier.s_suppkey)"}]}]}, {"Node Type": "Aggregate", "Strategy": "Hashed", "Parent Relationship": "Outer", "Startup Cost": 41298.47, "Total Cost": 41970.72, "Plan Rows": 53780, "Plan Width": 24, "Group By Key": ["public.partsupp.ps_partkey"], "Filter": "(sum((public.partsupp.ps_supplycost * (public.partsupp.ps_availqty)::double precision)) > $2)", "Plans": [{"Node Type": "Nested Loop", "Parent Relationship": "Outer", "Join Type": "Inner", "Startup Cost": 95.25, "Total Cost": 40357.32, "Plan Rows": 53780, "Plan Width": 24, "Inner Unique": false, "Plans": [{"Node Type": "Nested Loop", "Parent Relationship": "Outer", "Join Type": "Inner", "Startup Cost": 95.25, "Total Cost": 2533.35, "Plan Rows": 4000, "Plan Width": 8, "Inner Unique": false, "Plans": [{"Node Type": "Seq Scan", "Parent Relationship": "Outer", "Relation Name": "nation", "Alias": "nation", "Startup Cost": 0.0, "Total Cost": 1.31, "Plan Rows": 1, "Plan Width": 4, "Filter": "(n_name = 'MOZAMBIQUE'::bpchar)"}, {"Node Type": "Bitmap Heap Scan", "Parent Relationship": "Inner", "Relation Name": "supplier", "Alias": "supplier", "Startup Cost": 95.25, "Total Cost": 2492.04, "Plan Rows": 4000, "Plan Width": 12, "Recheck Cond": "(s_nationkey = public.nation.n_nationkey)", "Plans": [{"Node Type": "Bitmap Index Scan", "Parent Relationship": "Outer", "Index Name": "idx_supplier_nation_key", "Startup Cost": 0.0, "Total Cost": 94.25, "Plan Rows": 4000, "Plan Width": 0, "Index Cond": "(s_nationkey = public.nation.n_nationkey)"}]}]}, {"Node Type": "Index Scan", "Parent Relationship": "Inner", "Scan Direction": "Forward", "Index Name": "idx_partsupp_suppkey", "Relation Name": "partsupp", "Alias": "partsupp", "Startup Cost": 0.0, "Total Cost": 9.33, "Plan Rows": 13, "Plan Width": 32, "Index Cond": "(ps_suppkey = public.supplier.s_suppkey)"}]}]}]}, "Unique SQL Id": 2932834211, "Planner Runtime": 0}, "explain_analyze_plan": {"Plan": {"Node Type": "Sort", "Startup Cost": 86957.11, "Total Cost": 87091.56, "Plan Rows": 53780, "Plan Width": 24, "Actual Startup Time": 1860.176, "Actual Total Time": 1860.176, "Actual Rows": 0, "Actual Loops": 1, "Sort Key": ["(sum((public.partsupp.ps_supplycost * (public.partsupp.ps_availqty)::double precision))) DESC"], "Sort Method": "quicksort", "Sort Space Used": 25, "Sort Space Type": "Memory", "Plans": [{"Node Type": "Aggregate", "Strategy": "Plain", "Parent Relationship": "exec_init_plan", "Subplan Name": "InitPlan 1 (returns $2)", "Startup Cost": 40760.67, "Total Cost": 40760.68, "Plan Rows": 1, "Plan Width": 24, "Actual Startup Time": 807.27, "Actual Total Time": 807.27, "Actual Rows": 1, "Actual Loops": 1, "Plans": [{"Node Type": "Nested Loop", "Parent Relationship": "Outer", "Join Type": "Inner", "Startup Cost": 95.25, "Total Cost": 40357.32, "Plan Rows": 53780, "Plan Width": 16, "Actual Startup Time": 0.965, "Actual Total Time": 672.642, "Actual Rows": 313920, "Actual Loops": 1, "Inner Unique": false, "Plans": [{"Node Type": "Nested Loop", "Parent Relationship": "Outer", "Join Type": "Inner", "Startup Cost": 95.25, "Total Cost": 2533.35, "Plan Rows": 4000, "Plan Width": 8, "Actual Startup Time": 0.942, "Actual Total Time": 8.242, "Actual Rows": 3924, "Actual Loops": 1, "Inner Unique": false, "Plans": [{"Node Type": "Seq Scan", "Parent Relationship": "Outer", "Relation Name": "nation", "Alias": "nation", "Startup Cost": 0.0, "Total Cost": 1.31, "Plan Rows": 1, "Plan Width": 4, "Actual Startup Time": 0.022, "Actual Total Time": 0.034, "Actual Rows": 1, "Actual Loops": 1, "Filter": "(n_name = 'MOZAMBIQUE'::bpchar)", "Rows Removed by Filter": 24}, {"Node Type": "Bitmap Heap Scan", "Parent Relationship": "Inner", "Relation Name": "supplier", "Alias": "supplier", "Startup Cost": 95.25, "Total Cost": 2492.04, "Plan Rows": 4000, "Plan Width": 12, "Actual Startup Time": 0.902, "Actual Total Time": 7.218, "Actual Rows": 3924, "Actual Loops": 1, "Recheck Cond": "(s_nationkey = public.nation.n_nationkey)", "Rows Removed by Index Recheck": 0, "Exact Heap Blocks": 1895, "Lossy Heap Blocks": 1895, "Plans": [{"Node Type": "Bitmap Index Scan", "Parent Relationship": "Outer", "Index Name": "idx_supplier_nation_key", "Startup Cost": 0.0, "Total Cost": 94.25, "Plan Rows": 4000, "Plan Width": 0, "Actual Startup Time": 0.624, "Actual Total Time": 0.624, "Actual Rows": 3924, "Actual Loops": 1, "Index Cond": "(s_nationkey = public.nation.n_nationkey)"}]}]}, {"Node Type": "Index Scan", "Parent Relationship": "Inner", "Scan Direction": "Forward", "Index Name": "idx_partsupp_suppkey", "Relation Name": "partsupp", "Alias": "partsupp", "Startup Cost": 0.0, "Total Cost": 9.33, "Plan Rows": 13, "Plan Width": 24, "Actual Startup Time": 47.388, "Actual Total Time": 597.413, "Actual Rows": 313920, "Actual Loops": 3924, "Index Cond": "(ps_suppkey = public.supplier.s_suppkey)", "Rows Removed by Index Recheck": 0}]}]}, {"Node Type": "Aggregate", "Strategy": "Hashed", "Parent Relationship": "Outer", "Startup Cost": 41298.47, "Total Cost": 41970.72, "Plan Rows": 53780, "Plan Width": 24, "Actual Startup Time": 1859.631, "Actual Total Time": 1859.631, "Actual Rows": 0, "Actual Loops": 1, "Group By Key": ["public.partsupp.ps_partkey"], "Filter": "(sum((public.partsupp.ps_supplycost * (public.partsupp.ps_availqty)::double precision)) > $2)", "Rows Removed by Filter": 295792, "Plans": [{"Node Type": "Nested Loop", "Parent Relationship": "Outer", "Join Type": "Inner", "Startup Cost": 95.25, "Total Cost": 40357.32, "Plan Rows": 53780, "Plan Width": 24, "Actual Startup Time": 0.962, "Actual Total Time": 624.76, "Actual Rows": 313920, "Actual Loops": 1, "Inner Unique": false, "Plans": [{"Node Type": "Nested Loop", "Parent Relationship": "Outer", "Join Type": "Inner", "Startup Cost": 95.25, "Total Cost": 2533.35, "Plan Rows": 4000, "Plan Width": 8, "Actual Startup Time": 0.938, "Actual Total Time": 7.852, "Actual Rows": 3924, "Actual Loops": 1, "Inner Unique": false, "Plans": [{"Node Type": "Seq Scan", "Parent Relationship": "Outer", "Relation Name": "nation", "Alias": "nation", "Startup Cost": 0.0, "Total Cost": 1.31, "Plan Rows": 1, "Plan Width": 4, "Actual Startup Time": 0.03, "Actual Total Time": 0.042, "Actual Rows": 1, "Actual Loops": 1, "Filter": "(n_name = 'MOZAMBIQUE'::bpchar)", "Rows Removed by Filter": 24}, {"Node Type": "Bitmap Heap Scan", "Parent Relationship": "Inner", "Relation Name": "supplier", "Alias": "supplier", "Startup Cost": 95.25, "Total Cost": 2492.04, "Plan Rows": 4000, "Plan Width": 12, "Actual Startup Time": 0.901, "Actual Total Time": 6.942, "Actual Rows": 3924, "Actual Loops": 1, "Recheck Cond": "(s_nationkey = public.nation.n_nationkey)", "Rows Removed by Index Recheck": 0, "Exact Heap Blocks": 1895, "Lossy Heap Blocks": 1895, "Plans": [{"Node Type": "Bitmap Index Scan", "Parent Relationship": "Outer", "Index Name": "idx_supplier_nation_key", "Startup Cost": 0.0, "Total Cost": 94.25, "Plan Rows": 4000, "Plan Width": 0, "Actual Startup Time": 0.617, "Actual Total Time": 0.617, "Actual Rows": 3924, "Actual Loops": 1, "Index Cond": "(s_nationkey = public.nation.n_nationkey)"}]}]}, {"Node Type": "Index Scan", "Parent Relationship": "Inner", "Scan Direction": "Forward", "Index Name": "idx_partsupp_suppkey", "Relation Name": "partsupp", "Alias": "partsupp", "Startup Cost": 0.0, "Total Cost": 9.33, "Plan Rows": 13, "Plan Width": 32, "Actual Startup Time": 44.498, "Actual Total Time": 545.855, "Actual Rows": 313920, "Actual Loops": 3924, "Index Cond": "(ps_suppkey = public.supplier.s_suppkey)", "Rows Removed by Index Recheck": 0}]}]}]}, "Triggers": [], "Planner Runtime": 0, "Total Runtime": 1860.493, "Unique SQL Id": 2932834211}}, "(1, 113)": {"explain_plan": {"Plan": {"Node Type": "Sort", "Startup Cost": 86979.86, "Total Cost": 87114.31, "Plan Rows": 53780, "Plan Width": 24, "Sort Key": ["(sum((public.partsupp.ps_supplycost * (public.partsupp.ps_availqty)::double precision))) DESC"], "Plans": [{"Node Type": "Aggregate", "Strategy": "Plain", "Parent Relationship": "exec_init_plan", "Subplan Name": "InitPlan 1 (returns $2)", "Startup Cost": 40772.04, "Total Cost": 40772.06, "Plan Rows": 1, "Plan Width": 24, "Plans": [{"Node Type": "Nested Loop", "Parent Relationship": "Outer", "Join Type": "Inner", "Startup Cost": 95.25, "Total Cost": 40368.69, "Plan Rows": 53780, "Plan Width": 16, "Inner Unique": false, "Plans": [{"Node Type": "Nested Loop", "Parent Relationship": "Outer", "Join Type": "Inner", "Startup Cost": 95.25, "Total Cost": 2544.73, "Plan Rows": 4000, "Plan Width": 8, "Inner Unique": false, "Plans": [{"Node Type": "Index Scan", "Parent Relationship": "Outer", "Scan Direction": "Forward", "Index Name": "nation_pkey", "Relation Name": "nation", "Alias": "nation", "Startup Cost": 0.0, "Total Cost": 12.69, "Plan Rows": 1, "Plan Width": 4, "Filter": "(n_name = 'MOZAMBIQUE'::bpchar)"}, {"Node Type": "Bitmap Heap Scan", "Parent Relationship": "Inner", "Relation Name": "supplier", "Alias": "supplier", "Startup Cost": 95.25, "Total Cost": 2492.04, "Plan Rows": 4000, "Plan Width": 12, "Recheck Cond": "(s_nationkey = public.nation.n_nationkey)", "Plans": [{"Node Type": "Bitmap Index Scan", "Parent Relationship": "Outer", "Index Name": "idx_supplier_nation_key", "Startup Cost": 0.0, "Total Cost": 94.25, "Plan Rows": 4000, "Plan Width": 0, "Index Cond": "(s_nationkey = public.nation.n_nationkey)"}]}]}, {"Node Type": "Index Scan", "Parent Relationship": "Inner", "Scan Direction": "Forward", "Index Name": "idx_partsupp_suppkey", "Relation Name": "partsupp", "Alias": "partsupp", "Startup Cost": 0.0, "Total Cost": 9.33, "Plan Rows": 13, "Plan Width": 24, "Index Cond": "(ps_suppkey = public.supplier.s_suppkey)"}]}]}, {"Node Type": "Aggregate", "Strategy": "Hashed", "Parent Relationship": "Outer", "Startup Cost": 41309.84, "Total Cost": 41982.09, "Plan Rows": 53780, "Plan Width": 24, "Group By Key": ["public.partsupp.ps_partkey"], "Filter": "(sum((public.partsupp.ps_supplycost * (public.partsupp.ps_availqty)::double precision)) > $2)", "Plans": [{"Node Type": "Nested Loop", "Parent Relationship": "Outer", "Join Type": "Inner", "Startup Cost": 95.25, "Total Cost": 40368.69, "Plan Rows": 53780, "Plan Width": 24, "Inner Unique": false, "Plans": [{"Node Type": "Nested Loop", "Parent Relationship": "Outer", "Join Type": "Inner", "Startup Cost": 95.25, "Total Cost": 2544.73, "Plan Rows": 4000, "Plan Width": 8, "Inner Unique": false, "Plans": [{"Node Type": "Index Scan", "Parent Relationship": "Outer", "Scan Direction": "Forward", "Index Name": "nation_pkey", "Relation Name": "nation", "Alias": "nation", "Startup Cost": 0.0, "Total Cost": 12.69, "Plan Rows": 1, "Plan Width": 4, "Filter": "(n_name = 'MOZAMBIQUE'::bpchar)"}, {"Node Type": "Bitmap Heap Scan", "Parent Relationship": "Inner", "Relation Name": "supplier", "Alias": "supplier", "Startup Cost": 95.25, "Total Cost": 2492.04, "Plan Rows": 4000, "Plan Width": 12, "Recheck Cond": "(s_nationkey = public.nation.n_nationkey)", "Plans": [{"Node Type": "Bitmap Index Scan", "Parent Relationship": "Outer", "Index Name": "idx_supplier_nation_key", "Startup Cost": 0.0, "Total Cost": 94.25, "Plan Rows": 4000, "Plan Width": 0, "Index Cond": "(s_nationkey = public.nation.n_nationkey)"}]}]}, {"Node Type": "Index Scan", "Parent Relationship": "Inner", "Scan Direction": "Forward", "Index Name": "idx_partsupp_suppkey", "Relation Name": "partsupp", "Alias": "partsupp", "Startup Cost": 0.0, "Total Cost": 9.33, "Plan Rows": 13, "Plan Width": 32, "Index Cond": "(ps_suppkey = public.supplier.s_suppkey)"}]}]}]}, "Unique SQL Id": 2932834211, "Planner Runtime": 0}, "explain_analyze_plan": {"Plan": {"Node Type": "Sort", "Startup Cost": 86979.86, "Total Cost": 87114.31, "Plan Rows": 53780, "Plan Width": 24, "Actual Startup Time": 1810.725, "Actual Total Time": 1810.725, "Actual Rows": 0, "Actual Loops": 1, "Sort Key": ["(sum((public.partsupp.ps_supplycost * (public.partsupp.ps_availqty)::double precision))) DESC"], "Sort Method": "quicksort", "Sort Space Used": 25, "Sort Space Type": "Memory", "Plans": [{"Node Type": "Aggregate", "Strategy": "Plain", "Parent Relationship": "exec_init_plan", "Subplan Name": "InitPlan 1 (returns $2)", "Startup Cost": 40772.04, "Total Cost": 40772.06, "Plan Rows": 1, "Plan Width": 24, "Actual Startup Time": 757.524, "Actual Total Time": 757.525, "Actual Rows": 1, "Actual Loops": 1, "Plans": [{"Node Type": "Nested Loop", "Parent Relationship": "Outer", "Join Type": "Inner", "Startup Cost": 95.25, "Total Cost": 40368.69, "Plan Rows": 53780, "Plan Width": 16, "Actual Startup Time": 0.984, "Actual Total Time": 623.043, "Actual Rows": 313920, "Actual Loops": 1, "Inner Unique": false, "Plans": [{"Node Type": "Nested Loop", "Parent Relationship": "Outer", "Join Type": "Inner", "Startup Cost": 95.25, "Total Cost": 2544.73, "Plan Rows": 4000, "Plan Width": 8, "Actual Startup Time": 0.961, "Actual Total Time": 7.606, "Actual Rows": 3924, "Actual Loops": 1, "Inner Unique": false, "Plans": [{"Node Type": "Index Scan", "Parent Relationship": "Outer", "Scan Direction": "Forward", "Index Name": "nation_pkey", "Relation Name": "nation", "Alias": "nation", "Startup Cost": 0.0, "Total Cost": 12.69, "Plan Rows": 1, "Plan Width": 4, "Actual Startup Time": 0.021, "Actual Total Time": 0.035, "Actual Rows": 1, "Actual Loops": 1, "Filter": "(n_name = 'MOZAMBIQUE'::bpchar)", "Rows Removed by Filter": 24}, {"Node Type": "Bitmap Heap Scan", "Parent Relationship": "Inner", "Relation Name": "supplier", "Alias": "supplier", "Startup Cost": 95.25, "Total Cost": 2492.04, "Plan Rows": 4000, "Plan Width": 12, "Actual Startup Time": 0.923, "Actual Total Time": 6.688, "Actual Rows": 3924, "Actual Loops": 1, "Recheck Cond": "(s_nationkey = public.nation.n_nationkey)", "Rows Removed by Index Recheck": 0, "Exact Heap Blocks": 1895, "Lossy Heap Blocks": 1895, "Plans": [{"Node Type": "Bitmap Index Scan", "Parent Relationship": "Outer", "Index Name": "idx_supplier_nation_key", "Startup Cost": 0.0, "Total Cost": 94.25, "Plan Rows": 4000, "Plan Width": 0, "Actual Startup Time": 0.63, "Actual Total Time": 0.63, "Actual Rows": 3924, "Actual Loops": 1, "Index Cond": "(s_nationkey = public.nation.n_nationkey)"}]}]}, {"Node Type": "Index Scan", "Parent Relationship": "Inner", "Scan Direction": "Forward", "Index Name": "idx_partsupp_suppkey", "Relation Name": "partsupp", "Alias": "partsupp", "Startup Cost": 0.0, "Total Cost": 9.33, "Plan Rows": 13, "Plan Width": 24, "Actual Startup Time": 44.034, "Actual Total Time": 548.454, "Actual Rows": 313920, "Actual Loops": 3924, "Index Cond": "(ps_suppkey = public.supplier.s_suppkey)", "Rows Removed by Index Recheck": 0}]}]}, {"Node Type": "Aggregate", "Strategy": "Hashed", "Parent Relationship": "Outer", "Startup Cost": 41309.84, "Total Cost": 41982.09, "Plan Rows": 53780, "Plan Width": 24, "Actual Startup Time": 1810.3, "Actual Total Time": 1810.3, "Actual Rows": 0, "Actual Loops": 1, "Group By Key": ["public.partsupp.ps_partkey"], "Filter": "(sum((public.partsupp.ps_supplycost * (public.partsupp.ps_availqty)::double precision)) > $2)", "Rows Removed by Filter": 295792, "Plans": [{"Node Type": "Nested Loop", "Parent Relationship": "Outer", "Join Type": "Inner", "Startup Cost": 95.25, "Total Cost": 40368.69, "Plan Rows": 53780, "Plan Width": 24, "Actual Startup Time": 1.02, "Actual Total Time": 665.011, "Actual Rows": 313920, "Actual Loops": 1, "Inner Unique": false, "Plans": [{"Node Type": "Nested Loop", "Parent Relationship": "Outer", "Join Type": "Inner", "Startup Cost": 95.25, "Total Cost": 2544.73, "Plan Rows": 4000, "Plan Width": 8, "Actual Startup Time": 0.991, "Actual Total Time": 8.384, "Actual Rows": 3924, "Actual Loops": 1, "Inner Unique": false, "Plans": [{"Node Type": "Index Scan", "Parent Relationship": "Outer", "Scan Direction": "Forward", "Index Name": "nation_pkey", "Relation Name": "nation", "Alias": "nation", "Startup Cost": 0.0, "Total Cost": 12.69, "Plan Rows": 1, "Plan Width": 4, "Actual Startup Time": 0.054, "Actual Total Time": 0.067, "Actual Rows": 1, "Actual Loops": 1, "Filter": "(n_name = 'MOZAMBIQUE'::bpchar)", "Rows Removed by Filter": 24}, {"Node Type": "Bitmap Heap Scan", "Parent Relationship": "Inner", "Relation Name": "supplier", "Alias": "supplier", "Startup Cost": 95.25, "Total Cost": 2492.04, "Plan Rows": 4000, "Plan Width": 12, "Actual Startup Time": 0.919, "Actual Total Time": 7.44, "Actual Rows": 3924, "Actual Loops": 1, "Recheck Cond": "(s_nationkey = public.nation.n_nationkey)", "Rows Removed by Index Recheck": 0, "Exact Heap Blocks": 1895, "Lossy Heap Blocks": 1895, "Plans": [{"Node Type": "Bitmap Index Scan", "Parent Relationship": "Outer", "Index Name": "idx_supplier_nation_key", "Startup Cost": 0.0, "Total Cost": 94.25, "Plan Rows": 4000, "Plan Width": 0, "Actual Startup Time": 0.633, "Actual Total Time": 0.633, "Actual Rows": 3924, "Actual Loops": 1, "Index Cond": "(s_nationkey = public.nation.n_nationkey)"}]}]}, {"Node Type": "Index Scan", "Parent Relationship": "Inner", "Scan Direction": "Forward", "Index Name": "idx_partsupp_suppkey", "Relation Name": "partsupp", "Alias": "partsupp", "Startup Cost": 0.0, "Total Cost": 9.33, "Plan Rows": 13, "Plan Width": 32, "Actual Startup Time": 46.318, "Actual Total Time": 585.067, "Actual Rows": 313920, "Actual Loops": 3924, "Index Cond": "(ps_suppkey = public.supplier.s_suppkey)", "Rows Removed by Index Recheck": 0}]}]}]}, "Triggers": [], "Planner Runtime": 0, "Total Runtime": 1811.196, "Unique SQL Id": 2932834211}}, "(1, 114)": {"explain_plan": {"Plan": {"Node Type": "Sort", "Startup Cost": 90032.55, "Total Cost": 90167.0, "Plan Rows": 53780, "Plan Width": 24, "Sort Key": ["(sum((public.partsupp.ps_supplycost * (public.partsupp.ps_availqty)::double precision))) DESC"], "Plans": [{"Node Type": "Aggregate", "Strategy": "Plain", "Parent Relationship": "exec_init_plan", "Subplan Name": "InitPlan 1 (returns $2)", "Startup Cost": 42298.39, "Total Cost": 42298.4, "Plan Rows": 1, "Plan Width": 24, "Plans": [{"Node Type": "Nested Loop", "Parent Relationship": "Outer", "Join Type": "Inner", "Startup Cost": 96.82, "Total Cost": 41895.04, "Plan Rows": 53780, "Plan Width": 16, "Inner Unique": false, "Plans": [{"Node Type": "Nested Loop", "Parent Relationship": "Outer", "Join Type": "Inner", "Startup Cost": 95.25, "Total Cost": 2533.35, "Plan Rows": 4000, "Plan Width": 8, "Inner Unique": false, "Plans": [{"Node Type": "Seq Scan", "Parent Relationship": "Outer", "Relation Name": "nation", "Alias": "nation", "Startup Cost": 0.0, "Total Cost": 1.31, "Plan Rows": 1, "Plan Width": 4, "Filter": "(n_name = 'MOZAMBIQUE'::bpchar)"}, {"Node Type": "Bitmap Heap Scan", "Parent Relationship": "Inner", "Relation Name": "supplier", "Alias": "supplier", "Startup Cost": 95.25, "Total Cost": 2492.04, "Plan Rows": 4000, "Plan Width": 12, "Recheck Cond": "(s_nationkey = public.nation.n_nationkey)", "Plans": [{"Node Type": "Bitmap Index Scan", "Parent Relationship": "Outer", "Index Name": "idx_supplier_nation_key", "Startup Cost": 0.0, "Total Cost": 94.25, "Plan Rows": 4000, "Plan Width": 0, "Index Cond": "(s_nationkey = public.nation.n_nationkey)"}]}]}, {"Node Type": "Bitmap Heap Scan", "Parent Relationship": "Inner", "Relation Name": "partsupp", "Alias": "partsupp", "Startup Cost": 1.57, "Total Cost": 9.71, "Plan Rows": 13, "Plan Width": 24, "Recheck Cond": "(ps_suppkey = public.supplier.s_suppkey)", "Plans": [{"Node Type": "Bitmap Index Scan", "Parent Relationship": "Outer", "Index Name": "idx_partsupp_suppkey", "Startup Cost": 0.0, "Total Cost": 1.56, "Plan Rows": 13, "Plan Width": 0, "Index Cond": "(ps_suppkey = public.supplier.s_suppkey)"}]}]}]}, {"Node Type": "Aggregate", "Strategy": "Hashed", "Parent Relationship": "Outer", "Startup Cost": 42836.19, "Total Cost": 43508.44, "Plan Rows": 53780, "Plan Width": 24, "Group By Key": ["public.partsupp.ps_partkey"], "Filter": "(sum((public.partsupp.ps_supplycost * (public.partsupp.ps_availqty)::double precision)) > $2)", "Plans": [{"Node Type": "Nested Loop", "Parent Relationship": "Outer", "Join Type": "Inner", "Startup Cost": 96.82, "Total Cost": 41895.04, "Plan Rows": 53780, "Plan Width": 24, "Inner Unique": false, "Plans": [{"Node Type": "Nested Loop", "Parent Relationship": "Outer", "Join Type": "Inner", "Startup Cost": 95.25, "Total Cost": 2533.35, "Plan Rows": 4000, "Plan Width": 8, "Inner Unique": false, "Plans": [{"Node Type": "Seq Scan", "Parent Relationship": "Outer", "Relation Name": "nation", "Alias": "nation", "Startup Cost": 0.0, "Total Cost": 1.31, "Plan Rows": 1, "Plan Width": 4, "Filter": "(n_name = 'MOZAMBIQUE'::bpchar)"}, {"Node Type": "Bitmap Heap Scan", "Parent Relationship": "Inner", "Relation Name": "supplier", "Alias": "supplier", "Startup Cost": 95.25, "Total Cost": 2492.04, "Plan Rows": 4000, "Plan Width": 12, "Recheck Cond": "(s_nationkey = public.nation.n_nationkey)", "Plans": [{"Node Type": "Bitmap Index Scan", "Parent Relationship": "Outer", "Index Name": "idx_supplier_nation_key", "Startup Cost": 0.0, "Total Cost": 94.25, "Plan Rows": 4000, "Plan Width": 0, "Index Cond": "(s_nationkey = public.nation.n_nationkey)"}]}]}, {"Node Type": "Bitmap Heap Scan", "Parent Relationship": "Inner", "Relation Name": "partsupp", "Alias": "partsupp", "Startup Cost": 1.57, "Total Cost": 9.71, "Plan Rows": 13, "Plan Width": 32, "Recheck Cond": "(ps_suppkey = public.supplier.s_suppkey)", "Plans": [{"Node Type": "Bitmap Index Scan", "Parent Relationship": "Outer", "Index Name": "idx_partsupp_suppkey", "Startup Cost": 0.0, "Total Cost": 1.56, "Plan Rows": 13, "Plan Width": 0, "Index Cond": "(ps_suppkey = public.supplier.s_suppkey)"}]}]}]}]}, "Unique SQL Id": 2932834211, "Planner Runtime": 0}, "explain_analyze_plan": {"Plan": {"Node Type": "Sort", "Startup Cost": 90032.55, "Total Cost": 90167.0, "Plan Rows": 53780, "Plan Width": 24, "Actual Startup Time": 2112.155, "Actual Total Time": 2112.155, "Actual Rows": 0, "Actual Loops": 1, "Sort Key": ["(sum((public.partsupp.ps_supplycost * (public.partsupp.ps_availqty)::double precision))) DESC"], "Sort Method": "quicksort", "Sort Space Used": 25, "Sort Space Type": "Memory", "Plans": [{"Node Type": "Aggregate", "Strategy": "Plain", "Parent Relationship": "exec_init_plan", "Subplan Name": "InitPlan 1 (returns $2)", "Startup Cost": 42298.39, "Total Cost": 42298.4, "Plan Rows": 1, "Plan Width": 24, "Actual Startup Time": 928.307, "Actual Total Time": 928.307, "Actual Rows": 1, "Actual Loops": 1, "Plans": [{"Node Type": "Nested Loop", "Parent Relationship": "Outer", "Join Type": "Inner", "Startup Cost": 96.82, "Total Cost": 41895.04, "Plan Rows": 53780, "Plan Width": 16, "Actual Startup Time": 0.986, "Actual Total Time": 800.403, "Actual Rows": 313920, "Actual Loops": 1, "Inner Unique": false, "Plans": [{"Node Type": "Nested Loop", "Parent Relationship": "Outer", "Join Type": "Inner", "Startup Cost": 95.25, "Total Cost": 2533.35, "Plan Rows": 4000, "Plan Width": 8, "Actual Startup Time": 0.938, "Actual Total Time": 7.951, "Actual Rows": 3924, "Actual Loops": 1, "Inner Unique": false, "Plans": [{"Node Type": "Seq Scan", "Parent Relationship": "Outer", "Relation Name": "nation", "Alias": "nation", "Startup Cost": 0.0, "Total Cost": 1.31, "Plan Rows": 1, "Plan Width": 4, "Actual Startup Time": 0.042, "Actual Total Time": 0.056, "Actual Rows": 1, "Actual Loops": 1, "Filter": "(n_name = 'MOZAMBIQUE'::bpchar)", "Rows Removed by Filter": 24}, {"Node Type": "Bitmap Heap Scan", "Parent Relationship": "Inner", "Relation Name": "supplier", "Alias": "supplier", "Startup Cost": 95.25, "Total Cost": 2492.04, "Plan Rows": 4000, "Plan Width": 12, "Actual Startup Time": 0.889, "Actual Total Time": 7.054, "Actual Rows": 3924, "Actual Loops": 1, "Recheck Cond": "(s_nationkey = public.nation.n_nationkey)", "Rows Removed by Index Recheck": 0, "Exact Heap Blocks": 1895, "Lossy Heap Blocks": 1895, "Plans": [{"Node Type": "Bitmap Index Scan", "Parent Relationship": "Outer", "Index Name": "idx_supplier_nation_key", "Startup Cost": 0.0, "Total Cost": 94.25, "Plan Rows": 4000, "Plan Width": 0, "Actual Startup Time": 0.609, "Actual Total Time": 0.609, "Actual Rows": 3924, "Actual Loops": 1, "Index Cond": "(s_nationkey = public.nation.n_nationkey)"}]}]}, {"Node Type": "Bitmap Heap Scan", "Parent Relationship": "Inner", "Relation Name": "partsupp", "Alias": "partsupp", "Startup Cost": 1.57, "Total Cost": 9.71, "Plan Rows": 13, "Plan Width": 24, "Actual Startup Time": 104.492, "Actual Total Time": 724.345, "Actual Rows": 313920, "Actual Loops": 3924, "Recheck Cond": "(ps_suppkey = public.supplier.s_suppkey)", "Rows Removed by Index Recheck": 0, "Exact Heap Blocks": 313920, "Lossy Heap Blocks": 313920, "Plans": [{"Node Type": "Bitmap Index Scan", "Parent Relationship": "Outer", "Index Name": "idx_partsupp_suppkey", "Startup Cost": 0.0, "Total Cost": 1.56, "Plan Rows": 13, "Plan Width": 0, "Actual Startup Time": 65.503, "Actual Total Time": 65.503, "Actual Rows": 313920, "Actual Loops": 3924, "Index Cond": "(ps_suppkey = public.supplier.s_suppkey)"}]}]}]}, {"Node Type": "Aggregate", "Strategy": "Hashed", "Parent Relationship": "Outer", "Startup Cost": 42836.19, "Total Cost": 43508.44, "Plan Rows": 53780, "Plan Width": 24, "Actual Startup Time": 2111.624, "Actual Total Time": 2111.624, "Actual Rows": 0, "Actual Loops": 1, "Group By Key": ["public.partsupp.ps_partkey"], "Filter": "(sum((public.partsupp.ps_supplycost * (public.partsupp.ps_availqty)::double precision)) > $2)", "Rows Removed by Filter": 295792, "Plans": [{"Node Type": "Nested Loop", "Parent Relationship": "Outer", "Join Type": "Inner", "Startup Cost": 96.82, "Total Cost": 41895.04, "Plan Rows": 53780, "Plan Width": 24, "Actual Startup Time": 1.009, "Actual Total Time": 754.894, "Actual Rows": 313920, "Actual Loops": 1, "Inner Unique": false, "Plans": [{"Node Type": "Nested Loop", "Parent Relationship": "Outer", "Join Type": "Inner", "Startup Cost": 95.25, "Total Cost": 2533.35, "Plan Rows": 4000, "Plan Width": 8, "Actual Startup Time": 0.964, "Actual Total Time": 7.76, "Actual Rows": 3924, "Actual Loops": 1, "Inner Unique": false, "Plans": [{"Node Type": "Seq Scan", "Parent Relationship": "Outer", "Relation Name": "nation", "Alias": "nation", "Startup Cost": 0.0, "Total Cost": 1.31, "Plan Rows": 1, "Plan Width": 4, "Actual Startup Time": 0.029, "Actual Total Time": 0.042, "Actual Rows": 1, "Actual Loops": 1, "Filter": "(n_name = 'MOZAMBIQUE'::bpchar)", "Rows Removed by Filter": 24}, {"Node Type": "Bitmap Heap Scan", "Parent Relationship": "Inner", "Relation Name": "supplier", "Alias": "supplier", "Startup Cost": 95.25, "Total Cost": 2492.04, "Plan Rows": 4000, "Plan Width": 12, "Actual Startup Time": 0.928, "Actual Total Time": 6.732, "Actual Rows": 3924, "Actual Loops": 1, "Recheck Cond": "(s_nationkey = public.nation.n_nationkey)", "Rows Removed by Index Recheck": 0, "Exact Heap Blocks": 1895, "Lossy Heap Blocks": 1895, "Plans": [{"Node Type": "Bitmap Index Scan", "Parent Relationship": "Outer", "Index Name": "idx_supplier_nation_key", "Startup Cost": 0.0, "Total Cost": 94.25, "Plan Rows": 4000, "Plan Width": 0, "Actual Startup Time": 0.646, "Actual Total Time": 0.646, "Actual Rows": 3924, "Actual Loops": 1, "Index Cond": "(s_nationkey = public.nation.n_nationkey)"}]}]}, {"Node Type": "Bitmap Heap Scan", "Parent Relationship": "Inner", "Relation Name": "partsupp", "Alias": "partsupp", "Startup Cost": 1.57, "Total Cost": 9.71, "Plan Rows": 13, "Plan Width": 32, "Actual Startup Time": 103.168, "Actual Total Time": 673.653, "Actual Rows": 313920, "Actual Loops": 3924, "Recheck Cond": "(ps_suppkey = public.supplier.s_suppkey)", "Rows Removed by Index Recheck": 0, "Exact Heap Blocks": 313920, "Lossy Heap Blocks": 313920, "Plans": [{"Node Type": "Bitmap Index Scan", "Parent Relationship": "Outer", "Index Name": "idx_partsupp_suppkey", "Startup Cost": 0.0, "Total Cost": 1.56, "Plan Rows": 13, "Plan Width": 0, "Actual Startup Time": 64.013, "Actual Total Time": 64.013, "Actual Rows": 313920, "Actual Loops": 3924, "Index Cond": "(ps_suppkey = public.supplier.s_suppkey)"}]}]}]}]}, "Triggers": [], "Planner Runtime": 0, "Total Runtime": 2112.492, "Unique SQL Id": 2932834211}}, "(1, 115)": {"explain_plan": {"Plan": {"Node Type": "Sort", "Startup Cost": 2000084159245.82, "Total Cost": 2000084159380.27, "Plan Rows": 53780, "Plan Width": 40, "Sort Key": ["(sum((public.partsupp.ps_supplycost * (public.partsupp.ps_availqty)::double precision))) DESC"], "Plans": [{"Node Type": "Aggregate", "Strategy": "Plain", "Parent Relationship": "exec_init_plan", "Subplan Name": "InitPlan 1 (returns $2)", "Startup Cost": 1000001001502.42, "Total Cost": 1000001001502.43, "Plan Rows": 1, "Plan Width": 24, "Plans": [{"Node Type": "Nested Loop", "Parent Relationship": "Outer", "Join Type": "Inner", "Startup Cost": 10000000001.83, "Total Cost": 1000001001099.07, "Plan Rows": 53780, "Plan Width": 16, "Inner Unique": false, "Plans": [{"Node Type": "Nested Loop", "Parent Relationship": "Outer", "Join Type": "Inner", "Startup Cost": 10000000000.26, "Total Cost": 1000000961737.38, "Plan Rows": 4000, "Plan Width": 8, "Inner Unique": true, "Plans": [{"Node Type": "Index Scan", "Parent Relationship": "Outer", "Scan Direction": "Forward", "Index Name": "supplier_pkey", "Relation Name": "supplier", "Alias": "supplier", "Startup Cost": 10000000000.0, "Total Cost": 1000000533454.38, "Plan Rows": 100000, "Plan Width": 12}, {"Node Type": "Bitmap Heap Scan", "Parent Relationship": "Inner", "Relation Name": "nation", "Alias": "nation", "Startup Cost": 0.26, "Total Cost": 4.27, "Plan Rows": 1, "Plan Width": 4, "Recheck Cond": "(n_nationkey = public.supplier.s_nationkey)", "Filter": "(n_name = 'MOZAMBIQUE'::bpchar)", "Plans": [{"Node Type": "Bitmap Index Scan", "Parent Relationship": "Outer", "Index Name": "nation_pkey", "Startup Cost": 0.0, "Total Cost": 0.26, "Plan Rows": 1, "Plan Width": 0, "Index Cond": "(n_nationkey = public.supplier.s_nationkey)"}]}]}, {"Node Type": "Bitmap Heap Scan", "Parent Relationship": "Inner", "Relation Name": "partsupp", "Alias": "partsupp", "Startup Cost": 1.57, "Total Cost": 9.71, "Plan Rows": 13, "Plan Width": 24, "Recheck Cond": "(ps_suppkey = public.supplier.s_suppkey)", "Plans": [{"Node Type": "Bitmap Index Scan", "Parent Relationship": "Outer", "Index Name": "idx_partsupp_suppkey", "Startup Cost": 0.0, "Total Cost": 1.56, "Plan Rows": 13, "Plan Width": 0, "Index Cond": "(ps_suppkey = public.supplier.s_suppkey)"}]}]}]}, {"Node Type": "Aggregate", "Strategy": "Sorted", "Parent Relationship": "Outer", "Startup Cost": 10000000000.52, "Total Cost": 1000083153517.69, "Plan Rows": 53780, "Plan Width": 40, "Group By Key": ["public.partsupp.ps_partkey"], "Filter": "(sum((public.partsupp.ps_supplycost * (public.partsupp.ps_availqty)::double precision)) > $2)", "Plans": [{"Node Type": "Nested Loop", "Parent Relationship": "Outer", "Join Type": "Inner", "Startup Cost": 10000000000.52, "Total Cost": 1000083151904.29, "Plan Rows": 53780, "Plan Width": 24, "Inner Unique": true, "Plans": [{"Node Type": "Nested Loop", "Parent Relationship": "Outer", "Join Type": "Inner", "Startup Cost": 10000000000.26, "Total Cost": 1000077393643.64, "Plan Rows": 1344499, "Plan Width": 28, "Inner Unique": true, "Plans": [{"Node Type": "Index Scan", "Parent Relationship": "Outer", "Scan Direction": "Forward", "Index Name": "idx_partsupp_partkey", "Relation Name": "partsupp", "Alias": "partsupp", "Startup Cost": 10000000000.0, "Total Cost": 1000043148503.38, "Plan Rows": 8000372, "Plan Width": 32}, {"Node Type": "Bitmap Heap Scan", "Parent Relationship": "Inner", "Relation Name": "supplier", "Alias": "supplier", "Startup Cost": 0.26, "Total Cost": 4.27, "Plan Rows": 1, "Plan Width": 12, "Recheck Cond": "(s_suppkey = public.partsupp.ps_suppkey)", "Plans": [{"Node Type": "Bitmap Index Scan", "Parent Relationship": "Outer", "Index Name": "supplier_pkey", "Startup Cost": 0.0, "Total Cost": 0.26, "Plan Rows": 1, "Plan Width": 0, "Index Cond": "(s_suppkey = public.partsupp.ps_suppkey)"}]}]}, {"Node Type": "Bitmap Heap Scan", "Parent Relationship": "Inner", "Relation Name": "nation", "Alias": "nation", "Startup Cost": 0.26, "Total Cost": 4.27, "Plan Rows": 1, "Plan Width": 4, "Recheck Cond": "(n_nationkey = public.supplier.s_nationkey)", "Filter": "(n_name = 'MOZAMBIQUE'::bpchar)", "Plans": [{"Node Type": "Bitmap Index Scan", "Parent Relationship": "Outer", "Index Name": "nation_pkey", "Startup Cost": 0.0, "Total Cost": 0.26, "Plan Rows": 1, "Plan Width": 0, "Index Cond": "(n_nationkey = public.supplier.s_nationkey)"}]}]}]}]}, "Unique SQL Id": 2932834211, "Planner Runtime": 0}, "explain_analyze_plan": null}, "(1, 116)": {"explain_plan": {"Plan": {"Node Type": "Sort", "Startup Cost": 86957.11, "Total Cost": 87091.56, "Plan Rows": 53780, "Plan Width": 24, "Sort Key": ["(sum((public.partsupp.ps_supplycost * (public.partsupp.ps_availqty)::double precision))) DESC"], "Plans": [{"Node Type": "Aggregate", "Strategy": "Plain", "Parent Relationship": "exec_init_plan", "Subplan Name": "InitPlan 1 (returns $2)", "Startup Cost": 40760.67, "Total Cost": 40760.68, "Plan Rows": 1, "Plan Width": 24, "Plans": [{"Node Type": "Nested Loop", "Parent Relationship": "Outer", "Join Type": "Inner", "Startup Cost": 95.25, "Total Cost": 40357.32, "Plan Rows": 53780, "Plan Width": 16, "Inner Unique": false, "Plans": [{"Node Type": "Nested Loop", "Parent Relationship": "Outer", "Join Type": "Inner", "Startup Cost": 95.25, "Total Cost": 2533.35, "Plan Rows": 4000, "Plan Width": 8, "Inner Unique": false, "Plans": [{"Node Type": "Seq Scan", "Parent Relationship": "Outer", "Relation Name": "nation", "Alias": "nation", "Startup Cost": 0.0, "Total Cost": 1.31, "Plan Rows": 1, "Plan Width": 4, "Filter": "(n_name = 'MOZAMBIQUE'::bpchar)"}, {"Node Type": "Bitmap Heap Scan", "Parent Relationship": "Inner", "Relation Name": "supplier", "Alias": "supplier", "Startup Cost": 95.25, "Total Cost": 2492.04, "Plan Rows": 4000, "Plan Width": 12, "Recheck Cond": "(s_nationkey = public.nation.n_nationkey)", "Plans": [{"Node Type": "Bitmap Index Scan", "Parent Relationship": "Outer", "Index Name": "idx_supplier_nation_key", "Startup Cost": 0.0, "Total Cost": 94.25, "Plan Rows": 4000, "Plan Width": 0, "Index Cond": "(s_nationkey = public.nation.n_nationkey)"}]}]}, {"Node Type": "Index Scan", "Parent Relationship": "Inner", "Scan Direction": "Forward", "Index Name": "idx_partsupp_suppkey", "Relation Name": "partsupp", "Alias": "partsupp", "Startup Cost": 0.0, "Total Cost": 9.33, "Plan Rows": 13, "Plan Width": 24, "Index Cond": "(ps_suppkey = public.supplier.s_suppkey)"}]}]}, {"Node Type": "Aggregate", "Strategy": "Hashed", "Parent Relationship": "Outer", "Startup Cost": 41298.47, "Total Cost": 41970.72, "Plan Rows": 53780, "Plan Width": 24, "Group By Key": ["public.partsupp.ps_partkey"], "Filter": "(sum((public.partsupp.ps_supplycost * (public.partsupp.ps_availqty)::double precision)) > $2)", "Plans": [{"Node Type": "Nested Loop", "Parent Relationship": "Outer", "Join Type": "Inner", "Startup Cost": 95.25, "Total Cost": 40357.32, "Plan Rows": 53780, "Plan Width": 24, "Inner Unique": false, "Plans": [{"Node Type": "Nested Loop", "Parent Relationship": "Outer", "Join Type": "Inner", "Startup Cost": 95.25, "Total Cost": 2533.35, "Plan Rows": 4000, "Plan Width": 8, "Inner Unique": false, "Plans": [{"Node Type": "Seq Scan", "Parent Relationship": "Outer", "Relation Name": "nation", "Alias": "nation", "Startup Cost": 0.0, "Total Cost": 1.31, "Plan Rows": 1, "Plan Width": 4, "Filter": "(n_name = 'MOZAMBIQUE'::bpchar)"}, {"Node Type": "Bitmap Heap Scan", "Parent Relationship": "Inner", "Relation Name": "supplier", "Alias": "supplier", "Startup Cost": 95.25, "Total Cost": 2492.04, "Plan Rows": 4000, "Plan Width": 12, "Recheck Cond": "(s_nationkey = public.nation.n_nationkey)", "Plans": [{"Node Type": "Bitmap Index Scan", "Parent Relationship": "Outer", "Index Name": "idx_supplier_nation_key", "Startup Cost": 0.0, "Total Cost": 94.25, "Plan Rows": 4000, "Plan Width": 0, "Index Cond": "(s_nationkey = public.nation.n_nationkey)"}]}]}, {"Node Type": "Index Scan", "Parent Relationship": "Inner", "Scan Direction": "Forward", "Index Name": "idx_partsupp_suppkey", "Relation Name": "partsupp", "Alias": "partsupp", "Startup Cost": 0.0, "Total Cost": 9.33, "Plan Rows": 13, "Plan Width": 32, "Index Cond": "(ps_suppkey = public.supplier.s_suppkey)"}]}]}]}, "Unique SQL Id": 2932834211, "Planner Runtime": 0}, "explain_analyze_plan": {"Plan": {"Node Type": "Sort", "Startup Cost": 86957.11, "Total Cost": 87091.56, "Plan Rows": 53780, "Plan Width": 24, "Actual Startup Time": 1860.176, "Actual Total Time": 1860.176, "Actual Rows": 0, "Actual Loops": 1, "Sort Key": ["(sum((public.partsupp.ps_supplycost * (public.partsupp.ps_availqty)::double precision))) DESC"], "Sort Method": "quicksort", "Sort Space Used": 25, "Sort Space Type": "Memory", "Plans": [{"Node Type": "Aggregate", "Strategy": "Plain", "Parent Relationship": "exec_init_plan", "Subplan Name": "InitPlan 1 (returns $2)", "Startup Cost": 40760.67, "Total Cost": 40760.68, "Plan Rows": 1, "Plan Width": 24, "Actual Startup Time": 807.27, "Actual Total Time": 807.27, "Actual Rows": 1, "Actual Loops": 1, "Plans": [{"Node Type": "Nested Loop", "Parent Relationship": "Outer", "Join Type": "Inner", "Startup Cost": 95.25, "Total Cost": 40357.32, "Plan Rows": 53780, "Plan Width": 16, "Actual Startup Time": 0.965, "Actual Total Time": 672.642, "Actual Rows": 313920, "Actual Loops": 1, "Inner Unique": false, "Plans": [{"Node Type": "Nested Loop", "Parent Relationship": "Outer", "Join Type": "Inner", "Startup Cost": 95.25, "Total Cost": 2533.35, "Plan Rows": 4000, "Plan Width": 8, "Actual Startup Time": 0.942, "Actual Total Time": 8.242, "Actual Rows": 3924, "Actual Loops": 1, "Inner Unique": false, "Plans": [{"Node Type": "Seq Scan", "Parent Relationship": "Outer", "Relation Name": "nation", "Alias": "nation", "Startup Cost": 0.0, "Total Cost": 1.31, "Plan Rows": 1, "Plan Width": 4, "Actual Startup Time": 0.022, "Actual Total Time": 0.034, "Actual Rows": 1, "Actual Loops": 1, "Filter": "(n_name = 'MOZAMBIQUE'::bpchar)", "Rows Removed by Filter": 24}, {"Node Type": "Bitmap Heap Scan", "Parent Relationship": "Inner", "Relation Name": "supplier", "Alias": "supplier", "Startup Cost": 95.25, "Total Cost": 2492.04, "Plan Rows": 4000, "Plan Width": 12, "Actual Startup Time": 0.902, "Actual Total Time": 7.218, "Actual Rows": 3924, "Actual Loops": 1, "Recheck Cond": "(s_nationkey = public.nation.n_nationkey)", "Rows Removed by Index Recheck": 0, "Exact Heap Blocks": 1895, "Lossy Heap Blocks": 1895, "Plans": [{"Node Type": "Bitmap Index Scan", "Parent Relationship": "Outer", "Index Name": "idx_supplier_nation_key", "Startup Cost": 0.0, "Total Cost": 94.25, "Plan Rows": 4000, "Plan Width": 0, "Actual Startup Time": 0.624, "Actual Total Time": 0.624, "Actual Rows": 3924, "Actual Loops": 1, "Index Cond": "(s_nationkey = public.nation.n_nationkey)"}]}]}, {"Node Type": "Index Scan", "Parent Relationship": "Inner", "Scan Direction": "Forward", "Index Name": "idx_partsupp_suppkey", "Relation Name": "partsupp", "Alias": "partsupp", "Startup Cost": 0.0, "Total Cost": 9.33, "Plan Rows": 13, "Plan Width": 24, "Actual Startup Time": 47.388, "Actual Total Time": 597.413, "Actual Rows": 313920, "Actual Loops": 3924, "Index Cond": "(ps_suppkey = public.supplier.s_suppkey)", "Rows Removed by Index Recheck": 0}]}]}, {"Node Type": "Aggregate", "Strategy": "Hashed", "Parent Relationship": "Outer", "Startup Cost": 41298.47, "Total Cost": 41970.72, "Plan Rows": 53780, "Plan Width": 24, "Actual Startup Time": 1859.631, "Actual Total Time": 1859.631, "Actual Rows": 0, "Actual Loops": 1, "Group By Key": ["public.partsupp.ps_partkey"], "Filter": "(sum((public.partsupp.ps_supplycost * (public.partsupp.ps_availqty)::double precision)) > $2)", "Rows Removed by Filter": 295792, "Plans": [{"Node Type": "Nested Loop", "Parent Relationship": "Outer", "Join Type": "Inner", "Startup Cost": 95.25, "Total Cost": 40357.32, "Plan Rows": 53780, "Plan Width": 24, "Actual Startup Time": 0.962, "Actual Total Time": 624.76, "Actual Rows": 313920, "Actual Loops": 1, "Inner Unique": false, "Plans": [{"Node Type": "Nested Loop", "Parent Relationship": "Outer", "Join Type": "Inner", "Startup Cost": 95.25, "Total Cost": 2533.35, "Plan Rows": 4000, "Plan Width": 8, "Actual Startup Time": 0.938, "Actual Total Time": 7.852, "Actual Rows": 3924, "Actual Loops": 1, "Inner Unique": false, "Plans": [{"Node Type": "Seq Scan", "Parent Relationship": "Outer", "Relation Name": "nation", "Alias": "nation", "Startup Cost": 0.0, "Total Cost": 1.31, "Plan Rows": 1, "Plan Width": 4, "Actual Startup Time": 0.03, "Actual Total Time": 0.042, "Actual Rows": 1, "Actual Loops": 1, "Filter": "(n_name = 'MOZAMBIQUE'::bpchar)", "Rows Removed by Filter": 24}, {"Node Type": "Bitmap Heap Scan", "Parent Relationship": "Inner", "Relation Name": "supplier", "Alias": "supplier", "Startup Cost": 95.25, "Total Cost": 2492.04, "Plan Rows": 4000, "Plan Width": 12, "Actual Startup Time": 0.901, "Actual Total Time": 6.942, "Actual Rows": 3924, "Actual Loops": 1, "Recheck Cond": "(s_nationkey = public.nation.n_nationkey)", "Rows Removed by Index Recheck": 0, "Exact Heap Blocks": 1895, "Lossy Heap Blocks": 1895, "Plans": [{"Node Type": "Bitmap Index Scan", "Parent Relationship": "Outer", "Index Name": "idx_supplier_nation_key", "Startup Cost": 0.0, "Total Cost": 94.25, "Plan Rows": 4000, "Plan Width": 0, "Actual Startup Time": 0.617, "Actual Total Time": 0.617, "Actual Rows": 3924, "Actual Loops": 1, "Index Cond": "(s_nationkey = public.nation.n_nationkey)"}]}]}, {"Node Type": "Index Scan", "Parent Relationship": "Inner", "Scan Direction": "Forward", "Index Name": "idx_partsupp_suppkey", "Relation Name": "partsupp", "Alias": "partsupp", "Startup Cost": 0.0, "Total Cost": 9.33, "Plan Rows": 13, "Plan Width": 32, "Actual Startup Time": 44.498, "Actual Total Time": 545.855, "Actual Rows": 313920, "Actual Loops": 3924, "Index Cond": "(ps_suppkey = public.supplier.s_suppkey)", "Rows Removed by Index Recheck": 0}]}]}]}, "Triggers": [], "Planner Runtime": 0, "Total Runtime": 1860.493, "Unique SQL Id": 2932834211}}, "(1, 117)": {"explain_plan": {"Plan": {"Node Type": "Sort", "Startup Cost": 86979.86, "Total Cost": 87114.31, "Plan Rows": 53780, "Plan Width": 24, "Sort Key": ["(sum((public.partsupp.ps_supplycost * (public.partsupp.ps_availqty)::double precision))) DESC"], "Plans": [{"Node Type": "Aggregate", "Strategy": "Plain", "Parent Relationship": "exec_init_plan", "Subplan Name": "InitPlan 1 (returns $2)", "Startup Cost": 40772.04, "Total Cost": 40772.06, "Plan Rows": 1, "Plan Width": 24, "Plans": [{"Node Type": "Nested Loop", "Parent Relationship": "Outer", "Join Type": "Inner", "Startup Cost": 95.25, "Total Cost": 40368.69, "Plan Rows": 53780, "Plan Width": 16, "Inner Unique": false, "Plans": [{"Node Type": "Nested Loop", "Parent Relationship": "Outer", "Join Type": "Inner", "Startup Cost": 95.25, "Total Cost": 2544.73, "Plan Rows": 4000, "Plan Width": 8, "Inner Unique": false, "Plans": [{"Node Type": "Index Scan", "Parent Relationship": "Outer", "Scan Direction": "Forward", "Index Name": "nation_pkey", "Relation Name": "nation", "Alias": "nation", "Startup Cost": 0.0, "Total Cost": 12.69, "Plan Rows": 1, "Plan Width": 4, "Filter": "(n_name = 'MOZAMBIQUE'::bpchar)"}, {"Node Type": "Bitmap Heap Scan", "Parent Relationship": "Inner", "Relation Name": "supplier", "Alias": "supplier", "Startup Cost": 95.25, "Total Cost": 2492.04, "Plan Rows": 4000, "Plan Width": 12, "Recheck Cond": "(s_nationkey = public.nation.n_nationkey)", "Plans": [{"Node Type": "Bitmap Index Scan", "Parent Relationship": "Outer", "Index Name": "idx_supplier_nation_key", "Startup Cost": 0.0, "Total Cost": 94.25, "Plan Rows": 4000, "Plan Width": 0, "Index Cond": "(s_nationkey = public.nation.n_nationkey)"}]}]}, {"Node Type": "Index Scan", "Parent Relationship": "Inner", "Scan Direction": "Forward", "Index Name": "idx_partsupp_suppkey", "Relation Name": "partsupp", "Alias": "partsupp", "Startup Cost": 0.0, "Total Cost": 9.33, "Plan Rows": 13, "Plan Width": 24, "Index Cond": "(ps_suppkey = public.supplier.s_suppkey)"}]}]}, {"Node Type": "Aggregate", "Strategy": "Hashed", "Parent Relationship": "Outer", "Startup Cost": 41309.84, "Total Cost": 41982.09, "Plan Rows": 53780, "Plan Width": 24, "Group By Key": ["public.partsupp.ps_partkey"], "Filter": "(sum((public.partsupp.ps_supplycost * (public.partsupp.ps_availqty)::double precision)) > $2)", "Plans": [{"Node Type": "Nested Loop", "Parent Relationship": "Outer", "Join Type": "Inner", "Startup Cost": 95.25, "Total Cost": 40368.69, "Plan Rows": 53780, "Plan Width": 24, "Inner Unique": false, "Plans": [{"Node Type": "Nested Loop", "Parent Relationship": "Outer", "Join Type": "Inner", "Startup Cost": 95.25, "Total Cost": 2544.73, "Plan Rows": 4000, "Plan Width": 8, "Inner Unique": false, "Plans": [{"Node Type": "Index Scan", "Parent Relationship": "Outer", "Scan Direction": "Forward", "Index Name": "nation_pkey", "Relation Name": "nation", "Alias": "nation", "Startup Cost": 0.0, "Total Cost": 12.69, "Plan Rows": 1, "Plan Width": 4, "Filter": "(n_name = 'MOZAMBIQUE'::bpchar)"}, {"Node Type": "Bitmap Heap Scan", "Parent Relationship": "Inner", "Relation Name": "supplier", "Alias": "supplier", "Startup Cost": 95.25, "Total Cost": 2492.04, "Plan Rows": 4000, "Plan Width": 12, "Recheck Cond": "(s_nationkey = public.nation.n_nationkey)", "Plans": [{"Node Type": "Bitmap Index Scan", "Parent Relationship": "Outer", "Index Name": "idx_supplier_nation_key", "Startup Cost": 0.0, "Total Cost": 94.25, "Plan Rows": 4000, "Plan Width": 0, "Index Cond": "(s_nationkey = public.nation.n_nationkey)"}]}]}, {"Node Type": "Index Scan", "Parent Relationship": "Inner", "Scan Direction": "Forward", "Index Name": "idx_partsupp_suppkey", "Relation Name": "partsupp", "Alias": "partsupp", "Startup Cost": 0.0, "Total Cost": 9.33, "Plan Rows": 13, "Plan Width": 32, "Index Cond": "(ps_suppkey = public.supplier.s_suppkey)"}]}]}]}, "Unique SQL Id": 2932834211, "Planner Runtime": 0}, "explain_analyze_plan": {"Plan": {"Node Type": "Sort", "Startup Cost": 86979.86, "Total Cost": 87114.31, "Plan Rows": 53780, "Plan Width": 24, "Actual Startup Time": 1810.725, "Actual Total Time": 1810.725, "Actual Rows": 0, "Actual Loops": 1, "Sort Key": ["(sum((public.partsupp.ps_supplycost * (public.partsupp.ps_availqty)::double precision))) DESC"], "Sort Method": "quicksort", "Sort Space Used": 25, "Sort Space Type": "Memory", "Plans": [{"Node Type": "Aggregate", "Strategy": "Plain", "Parent Relationship": "exec_init_plan", "Subplan Name": "InitPlan 1 (returns $2)", "Startup Cost": 40772.04, "Total Cost": 40772.06, "Plan Rows": 1, "Plan Width": 24, "Actual Startup Time": 757.524, "Actual Total Time": 757.525, "Actual Rows": 1, "Actual Loops": 1, "Plans": [{"Node Type": "Nested Loop", "Parent Relationship": "Outer", "Join Type": "Inner", "Startup Cost": 95.25, "Total Cost": 40368.69, "Plan Rows": 53780, "Plan Width": 16, "Actual Startup Time": 0.984, "Actual Total Time": 623.043, "Actual Rows": 313920, "Actual Loops": 1, "Inner Unique": false, "Plans": [{"Node Type": "Nested Loop", "Parent Relationship": "Outer", "Join Type": "Inner", "Startup Cost": 95.25, "Total Cost": 2544.73, "Plan Rows": 4000, "Plan Width": 8, "Actual Startup Time": 0.961, "Actual Total Time": 7.606, "Actual Rows": 3924, "Actual Loops": 1, "Inner Unique": false, "Plans": [{"Node Type": "Index Scan", "Parent Relationship": "Outer", "Scan Direction": "Forward", "Index Name": "nation_pkey", "Relation Name": "nation", "Alias": "nation", "Startup Cost": 0.0, "Total Cost": 12.69, "Plan Rows": 1, "Plan Width": 4, "Actual Startup Time": 0.021, "Actual Total Time": 0.035, "Actual Rows": 1, "Actual Loops": 1, "Filter": "(n_name = 'MOZAMBIQUE'::bpchar)", "Rows Removed by Filter": 24}, {"Node Type": "Bitmap Heap Scan", "Parent Relationship": "Inner", "Relation Name": "supplier", "Alias": "supplier", "Startup Cost": 95.25, "Total Cost": 2492.04, "Plan Rows": 4000, "Plan Width": 12, "Actual Startup Time": 0.923, "Actual Total Time": 6.688, "Actual Rows": 3924, "Actual Loops": 1, "Recheck Cond": "(s_nationkey = public.nation.n_nationkey)", "Rows Removed by Index Recheck": 0, "Exact Heap Blocks": 1895, "Lossy Heap Blocks": 1895, "Plans": [{"Node Type": "Bitmap Index Scan", "Parent Relationship": "Outer", "Index Name": "idx_supplier_nation_key", "Startup Cost": 0.0, "Total Cost": 94.25, "Plan Rows": 4000, "Plan Width": 0, "Actual Startup Time": 0.63, "Actual Total Time": 0.63, "Actual Rows": 3924, "Actual Loops": 1, "Index Cond": "(s_nationkey = public.nation.n_nationkey)"}]}]}, {"Node Type": "Index Scan", "Parent Relationship": "Inner", "Scan Direction": "Forward", "Index Name": "idx_partsupp_suppkey", "Relation Name": "partsupp", "Alias": "partsupp", "Startup Cost": 0.0, "Total Cost": 9.33, "Plan Rows": 13, "Plan Width": 24, "Actual Startup Time": 44.034, "Actual Total Time": 548.454, "Actual Rows": 313920, "Actual Loops": 3924, "Index Cond": "(ps_suppkey = public.supplier.s_suppkey)", "Rows Removed by Index Recheck": 0}]}]}, {"Node Type": "Aggregate", "Strategy": "Hashed", "Parent Relationship": "Outer", "Startup Cost": 41309.84, "Total Cost": 41982.09, "Plan Rows": 53780, "Plan Width": 24, "Actual Startup Time": 1810.3, "Actual Total Time": 1810.3, "Actual Rows": 0, "Actual Loops": 1, "Group By Key": ["public.partsupp.ps_partkey"], "Filter": "(sum((public.partsupp.ps_supplycost * (public.partsupp.ps_availqty)::double precision)) > $2)", "Rows Removed by Filter": 295792, "Plans": [{"Node Type": "Nested Loop", "Parent Relationship": "Outer", "Join Type": "Inner", "Startup Cost": 95.25, "Total Cost": 40368.69, "Plan Rows": 53780, "Plan Width": 24, "Actual Startup Time": 1.02, "Actual Total Time": 665.011, "Actual Rows": 313920, "Actual Loops": 1, "Inner Unique": false, "Plans": [{"Node Type": "Nested Loop", "Parent Relationship": "Outer", "Join Type": "Inner", "Startup Cost": 95.25, "Total Cost": 2544.73, "Plan Rows": 4000, "Plan Width": 8, "Actual Startup Time": 0.991, "Actual Total Time": 8.384, "Actual Rows": 3924, "Actual Loops": 1, "Inner Unique": false, "Plans": [{"Node Type": "Index Scan", "Parent Relationship": "Outer", "Scan Direction": "Forward", "Index Name": "nation_pkey", "Relation Name": "nation", "Alias": "nation", "Startup Cost": 0.0, "Total Cost": 12.69, "Plan Rows": 1, "Plan Width": 4, "Actual Startup Time": 0.054, "Actual Total Time": 0.067, "Actual Rows": 1, "Actual Loops": 1, "Filter": "(n_name = 'MOZAMBIQUE'::bpchar)", "Rows Removed by Filter": 24}, {"Node Type": "Bitmap Heap Scan", "Parent Relationship": "Inner", "Relation Name": "supplier", "Alias": "supplier", "Startup Cost": 95.25, "Total Cost": 2492.04, "Plan Rows": 4000, "Plan Width": 12, "Actual Startup Time": 0.919, "Actual Total Time": 7.44, "Actual Rows": 3924, "Actual Loops": 1, "Recheck Cond": "(s_nationkey = public.nation.n_nationkey)", "Rows Removed by Index Recheck": 0, "Exact Heap Blocks": 1895, "Lossy Heap Blocks": 1895, "Plans": [{"Node Type": "Bitmap Index Scan", "Parent Relationship": "Outer", "Index Name": "idx_supplier_nation_key", "Startup Cost": 0.0, "Total Cost": 94.25, "Plan Rows": 4000, "Plan Width": 0, "Actual Startup Time": 0.633, "Actual Total Time": 0.633, "Actual Rows": 3924, "Actual Loops": 1, "Index Cond": "(s_nationkey = public.nation.n_nationkey)"}]}]}, {"Node Type": "Index Scan", "Parent Relationship": "Inner", "Scan Direction": "Forward", "Index Name": "idx_partsupp_suppkey", "Relation Name": "partsupp", "Alias": "partsupp", "Startup Cost": 0.0, "Total Cost": 9.33, "Plan Rows": 13, "Plan Width": 32, "Actual Startup Time": 46.318, "Actual Total Time": 585.067, "Actual Rows": 313920, "Actual Loops": 3924, "Index Cond": "(ps_suppkey = public.supplier.s_suppkey)", "Rows Removed by Index Recheck": 0}]}]}]}, "Triggers": [], "Planner Runtime": 0, "Total Runtime": 1811.196, "Unique SQL Id": 2932834211}}, "(1, 118)": {"explain_plan": {"Plan": {"Node Type": "Sort", "Startup Cost": 90032.55, "Total Cost": 90167.0, "Plan Rows": 53780, "Plan Width": 24, "Sort Key": ["(sum((public.partsupp.ps_supplycost * (public.partsupp.ps_availqty)::double precision))) DESC"], "Plans": [{"Node Type": "Aggregate", "Strategy": "Plain", "Parent Relationship": "exec_init_plan", "Subplan Name": "InitPlan 1 (returns $2)", "Startup Cost": 42298.39, "Total Cost": 42298.4, "Plan Rows": 1, "Plan Width": 24, "Plans": [{"Node Type": "Nested Loop", "Parent Relationship": "Outer", "Join Type": "Inner", "Startup Cost": 96.82, "Total Cost": 41895.04, "Plan Rows": 53780, "Plan Width": 16, "Inner Unique": false, "Plans": [{"Node Type": "Nested Loop", "Parent Relationship": "Outer", "Join Type": "Inner", "Startup Cost": 95.25, "Total Cost": 2533.35, "Plan Rows": 4000, "Plan Width": 8, "Inner Unique": false, "Plans": [{"Node Type": "Seq Scan", "Parent Relationship": "Outer", "Relation Name": "nation", "Alias": "nation", "Startup Cost": 0.0, "Total Cost": 1.31, "Plan Rows": 1, "Plan Width": 4, "Filter": "(n_name = 'MOZAMBIQUE'::bpchar)"}, {"Node Type": "Bitmap Heap Scan", "Parent Relationship": "Inner", "Relation Name": "supplier", "Alias": "supplier", "Startup Cost": 95.25, "Total Cost": 2492.04, "Plan Rows": 4000, "Plan Width": 12, "Recheck Cond": "(s_nationkey = public.nation.n_nationkey)", "Plans": [{"Node Type": "Bitmap Index Scan", "Parent Relationship": "Outer", "Index Name": "idx_supplier_nation_key", "Startup Cost": 0.0, "Total Cost": 94.25, "Plan Rows": 4000, "Plan Width": 0, "Index Cond": "(s_nationkey = public.nation.n_nationkey)"}]}]}, {"Node Type": "Bitmap Heap Scan", "Parent Relationship": "Inner", "Relation Name": "partsupp", "Alias": "partsupp", "Startup Cost": 1.57, "Total Cost": 9.71, "Plan Rows": 13, "Plan Width": 24, "Recheck Cond": "(ps_suppkey = public.supplier.s_suppkey)", "Plans": [{"Node Type": "Bitmap Index Scan", "Parent Relationship": "Outer", "Index Name": "idx_partsupp_suppkey", "Startup Cost": 0.0, "Total Cost": 1.56, "Plan Rows": 13, "Plan Width": 0, "Index Cond": "(ps_suppkey = public.supplier.s_suppkey)"}]}]}]}, {"Node Type": "Aggregate", "Strategy": "Hashed", "Parent Relationship": "Outer", "Startup Cost": 42836.19, "Total Cost": 43508.44, "Plan Rows": 53780, "Plan Width": 24, "Group By Key": ["public.partsupp.ps_partkey"], "Filter": "(sum((public.partsupp.ps_supplycost * (public.partsupp.ps_availqty)::double precision)) > $2)", "Plans": [{"Node Type": "Nested Loop", "Parent Relationship": "Outer", "Join Type": "Inner", "Startup Cost": 96.82, "Total Cost": 41895.04, "Plan Rows": 53780, "Plan Width": 24, "Inner Unique": false, "Plans": [{"Node Type": "Nested Loop", "Parent Relationship": "Outer", "Join Type": "Inner", "Startup Cost": 95.25, "Total Cost": 2533.35, "Plan Rows": 4000, "Plan Width": 8, "Inner Unique": false, "Plans": [{"Node Type": "Seq Scan", "Parent Relationship": "Outer", "Relation Name": "nation", "Alias": "nation", "Startup Cost": 0.0, "Total Cost": 1.31, "Plan Rows": 1, "Plan Width": 4, "Filter": "(n_name = 'MOZAMBIQUE'::bpchar)"}, {"Node Type": "Bitmap Heap Scan", "Parent Relationship": "Inner", "Relation Name": "supplier", "Alias": "supplier", "Startup Cost": 95.25, "Total Cost": 2492.04, "Plan Rows": 4000, "Plan Width": 12, "Recheck Cond": "(s_nationkey = public.nation.n_nationkey)", "Plans": [{"Node Type": "Bitmap Index Scan", "Parent Relationship": "Outer", "Index Name": "idx_supplier_nation_key", "Startup Cost": 0.0, "Total Cost": 94.25, "Plan Rows": 4000, "Plan Width": 0, "Index Cond": "(s_nationkey = public.nation.n_nationkey)"}]}]}, {"Node Type": "Bitmap Heap Scan", "Parent Relationship": "Inner", "Relation Name": "partsupp", "Alias": "partsupp", "Startup Cost": 1.57, "Total Cost": 9.71, "Plan Rows": 13, "Plan Width": 32, "Recheck Cond": "(ps_suppkey = public.supplier.s_suppkey)", "Plans": [{"Node Type": "Bitmap Index Scan", "Parent Relationship": "Outer", "Index Name": "idx_partsupp_suppkey", "Startup Cost": 0.0, "Total Cost": 1.56, "Plan Rows": 13, "Plan Width": 0, "Index Cond": "(ps_suppkey = public.supplier.s_suppkey)"}]}]}]}]}, "Unique SQL Id": 2932834211, "Planner Runtime": 0}, "explain_analyze_plan": {"Plan": {"Node Type": "Sort", "Startup Cost": 90032.55, "Total Cost": 90167.0, "Plan Rows": 53780, "Plan Width": 24, "Actual Startup Time": 2112.155, "Actual Total Time": 2112.155, "Actual Rows": 0, "Actual Loops": 1, "Sort Key": ["(sum((public.partsupp.ps_supplycost * (public.partsupp.ps_availqty)::double precision))) DESC"], "Sort Method": "quicksort", "Sort Space Used": 25, "Sort Space Type": "Memory", "Plans": [{"Node Type": "Aggregate", "Strategy": "Plain", "Parent Relationship": "exec_init_plan", "Subplan Name": "InitPlan 1 (returns $2)", "Startup Cost": 42298.39, "Total Cost": 42298.4, "Plan Rows": 1, "Plan Width": 24, "Actual Startup Time": 928.307, "Actual Total Time": 928.307, "Actual Rows": 1, "Actual Loops": 1, "Plans": [{"Node Type": "Nested Loop", "Parent Relationship": "Outer", "Join Type": "Inner", "Startup Cost": 96.82, "Total Cost": 41895.04, "Plan Rows": 53780, "Plan Width": 16, "Actual Startup Time": 0.986, "Actual Total Time": 800.403, "Actual Rows": 313920, "Actual Loops": 1, "Inner Unique": false, "Plans": [{"Node Type": "Nested Loop", "Parent Relationship": "Outer", "Join Type": "Inner", "Startup Cost": 95.25, "Total Cost": 2533.35, "Plan Rows": 4000, "Plan Width": 8, "Actual Startup Time": 0.938, "Actual Total Time": 7.951, "Actual Rows": 3924, "Actual Loops": 1, "Inner Unique": false, "Plans": [{"Node Type": "Seq Scan", "Parent Relationship": "Outer", "Relation Name": "nation", "Alias": "nation", "Startup Cost": 0.0, "Total Cost": 1.31, "Plan Rows": 1, "Plan Width": 4, "Actual Startup Time": 0.042, "Actual Total Time": 0.056, "Actual Rows": 1, "Actual Loops": 1, "Filter": "(n_name = 'MOZAMBIQUE'::bpchar)", "Rows Removed by Filter": 24}, {"Node Type": "Bitmap Heap Scan", "Parent Relationship": "Inner", "Relation Name": "supplier", "Alias": "supplier", "Startup Cost": 95.25, "Total Cost": 2492.04, "Plan Rows": 4000, "Plan Width": 12, "Actual Startup Time": 0.889, "Actual Total Time": 7.054, "Actual Rows": 3924, "Actual Loops": 1, "Recheck Cond": "(s_nationkey = public.nation.n_nationkey)", "Rows Removed by Index Recheck": 0, "Exact Heap Blocks": 1895, "Lossy Heap Blocks": 1895, "Plans": [{"Node Type": "Bitmap Index Scan", "Parent Relationship": "Outer", "Index Name": "idx_supplier_nation_key", "Startup Cost": 0.0, "Total Cost": 94.25, "Plan Rows": 4000, "Plan Width": 0, "Actual Startup Time": 0.609, "Actual Total Time": 0.609, "Actual Rows": 3924, "Actual Loops": 1, "Index Cond": "(s_nationkey = public.nation.n_nationkey)"}]}]}, {"Node Type": "Bitmap Heap Scan", "Parent Relationship": "Inner", "Relation Name": "partsupp", "Alias": "partsupp", "Startup Cost": 1.57, "Total Cost": 9.71, "Plan Rows": 13, "Plan Width": 24, "Actual Startup Time": 104.492, "Actual Total Time": 724.345, "Actual Rows": 313920, "Actual Loops": 3924, "Recheck Cond": "(ps_suppkey = public.supplier.s_suppkey)", "Rows Removed by Index Recheck": 0, "Exact Heap Blocks": 313920, "Lossy Heap Blocks": 313920, "Plans": [{"Node Type": "Bitmap Index Scan", "Parent Relationship": "Outer", "Index Name": "idx_partsupp_suppkey", "Startup Cost": 0.0, "Total Cost": 1.56, "Plan Rows": 13, "Plan Width": 0, "Actual Startup Time": 65.503, "Actual Total Time": 65.503, "Actual Rows": 313920, "Actual Loops": 3924, "Index Cond": "(ps_suppkey = public.supplier.s_suppkey)"}]}]}]}, {"Node Type": "Aggregate", "Strategy": "Hashed", "Parent Relationship": "Outer", "Startup Cost": 42836.19, "Total Cost": 43508.44, "Plan Rows": 53780, "Plan Width": 24, "Actual Startup Time": 2111.624, "Actual Total Time": 2111.624, "Actual Rows": 0, "Actual Loops": 1, "Group By Key": ["public.partsupp.ps_partkey"], "Filter": "(sum((public.partsupp.ps_supplycost * (public.partsupp.ps_availqty)::double precision)) > $2)", "Rows Removed by Filter": 295792, "Plans": [{"Node Type": "Nested Loop", "Parent Relationship": "Outer", "Join Type": "Inner", "Startup Cost": 96.82, "Total Cost": 41895.04, "Plan Rows": 53780, "Plan Width": 24, "Actual Startup Time": 1.009, "Actual Total Time": 754.894, "Actual Rows": 313920, "Actual Loops": 1, "Inner Unique": false, "Plans": [{"Node Type": "Nested Loop", "Parent Relationship": "Outer", "Join Type": "Inner", "Startup Cost": 95.25, "Total Cost": 2533.35, "Plan Rows": 4000, "Plan Width": 8, "Actual Startup Time": 0.964, "Actual Total Time": 7.76, "Actual Rows": 3924, "Actual Loops": 1, "Inner Unique": false, "Plans": [{"Node Type": "Seq Scan", "Parent Relationship": "Outer", "Relation Name": "nation", "Alias": "nation", "Startup Cost": 0.0, "Total Cost": 1.31, "Plan Rows": 1, "Plan Width": 4, "Actual Startup Time": 0.029, "Actual Total Time": 0.042, "Actual Rows": 1, "Actual Loops": 1, "Filter": "(n_name = 'MOZAMBIQUE'::bpchar)", "Rows Removed by Filter": 24}, {"Node Type": "Bitmap Heap Scan", "Parent Relationship": "Inner", "Relation Name": "supplier", "Alias": "supplier", "Startup Cost": 95.25, "Total Cost": 2492.04, "Plan Rows": 4000, "Plan Width": 12, "Actual Startup Time": 0.928, "Actual Total Time": 6.732, "Actual Rows": 3924, "Actual Loops": 1, "Recheck Cond": "(s_nationkey = public.nation.n_nationkey)", "Rows Removed by Index Recheck": 0, "Exact Heap Blocks": 1895, "Lossy Heap Blocks": 1895, "Plans": [{"Node Type": "Bitmap Index Scan", "Parent Relationship": "Outer", "Index Name": "idx_supplier_nation_key", "Startup Cost": 0.0, "Total Cost": 94.25, "Plan Rows": 4000, "Plan Width": 0, "Actual Startup Time": 0.646, "Actual Total Time": 0.646, "Actual Rows": 3924, "Actual Loops": 1, "Index Cond": "(s_nationkey = public.nation.n_nationkey)"}]}]}, {"Node Type": "Bitmap Heap Scan", "Parent Relationship": "Inner", "Relation Name": "partsupp", "Alias": "partsupp", "Startup Cost": 1.57, "Total Cost": 9.71, "Plan Rows": 13, "Plan Width": 32, "Actual Startup Time": 103.168, "Actual Total Time": 673.653, "Actual Rows": 313920, "Actual Loops": 3924, "Recheck Cond": "(ps_suppkey = public.supplier.s_suppkey)", "Rows Removed by Index Recheck": 0, "Exact Heap Blocks": 313920, "Lossy Heap Blocks": 313920, "Plans": [{"Node Type": "Bitmap Index Scan", "Parent Relationship": "Outer", "Index Name": "idx_partsupp_suppkey", "Startup Cost": 0.0, "Total Cost": 1.56, "Plan Rows": 13, "Plan Width": 0, "Actual Startup Time": 64.013, "Actual Total Time": 64.013, "Actual Rows": 313920, "Actual Loops": 3924, "Index Cond": "(ps_suppkey = public.supplier.s_suppkey)"}]}]}]}]}, "Triggers": [], "Planner Runtime": 0, "Total Runtime": 2112.492, "Unique SQL Id": 2932834211}}, "(1, 119)": {"explain_plan": {"Plan": {"Node Type": "Sort", "Startup Cost": 2000084159245.82, "Total Cost": 2000084159380.27, "Plan Rows": 53780, "Plan Width": 40, "Sort Key": ["(sum((public.partsupp.ps_supplycost * (public.partsupp.ps_availqty)::double precision))) DESC"], "Plans": [{"Node Type": "Aggregate", "Strategy": "Plain", "Parent Relationship": "exec_init_plan", "Subplan Name": "InitPlan 1 (returns $2)", "Startup Cost": 1000001001502.42, "Total Cost": 1000001001502.43, "Plan Rows": 1, "Plan Width": 24, "Plans": [{"Node Type": "Nested Loop", "Parent Relationship": "Outer", "Join Type": "Inner", "Startup Cost": 10000000001.83, "Total Cost": 1000001001099.07, "Plan Rows": 53780, "Plan Width": 16, "Inner Unique": false, "Plans": [{"Node Type": "Nested Loop", "Parent Relationship": "Outer", "Join Type": "Inner", "Startup Cost": 10000000000.26, "Total Cost": 1000000961737.38, "Plan Rows": 4000, "Plan Width": 8, "Inner Unique": true, "Plans": [{"Node Type": "Index Scan", "Parent Relationship": "Outer", "Scan Direction": "Forward", "Index Name": "supplier_pkey", "Relation Name": "supplier", "Alias": "supplier", "Startup Cost": 10000000000.0, "Total Cost": 1000000533454.38, "Plan Rows": 100000, "Plan Width": 12}, {"Node Type": "Bitmap Heap Scan", "Parent Relationship": "Inner", "Relation Name": "nation", "Alias": "nation", "Startup Cost": 0.26, "Total Cost": 4.27, "Plan Rows": 1, "Plan Width": 4, "Recheck Cond": "(n_nationkey = public.supplier.s_nationkey)", "Filter": "(n_name = 'MOZAMBIQUE'::bpchar)", "Plans": [{"Node Type": "Bitmap Index Scan", "Parent Relationship": "Outer", "Index Name": "nation_pkey", "Startup Cost": 0.0, "Total Cost": 0.26, "Plan Rows": 1, "Plan Width": 0, "Index Cond": "(n_nationkey = public.supplier.s_nationkey)"}]}]}, {"Node Type": "Bitmap Heap Scan", "Parent Relationship": "Inner", "Relation Name": "partsupp", "Alias": "partsupp", "Startup Cost": 1.57, "Total Cost": 9.71, "Plan Rows": 13, "Plan Width": 24, "Recheck Cond": "(ps_suppkey = public.supplier.s_suppkey)", "Plans": [{"Node Type": "Bitmap Index Scan", "Parent Relationship": "Outer", "Index Name": "idx_partsupp_suppkey", "Startup Cost": 0.0, "Total Cost": 1.56, "Plan Rows": 13, "Plan Width": 0, "Index Cond": "(ps_suppkey = public.supplier.s_suppkey)"}]}]}]}, {"Node Type": "Aggregate", "Strategy": "Sorted", "Parent Relationship": "Outer", "Startup Cost": 10000000000.52, "Total Cost": 1000083153517.69, "Plan Rows": 53780, "Plan Width": 40, "Group By Key": ["public.partsupp.ps_partkey"], "Filter": "(sum((public.partsupp.ps_supplycost * (public.partsupp.ps_availqty)::double precision)) > $2)", "Plans": [{"Node Type": "Nested Loop", "Parent Relationship": "Outer", "Join Type": "Inner", "Startup Cost": 10000000000.52, "Total Cost": 1000083151904.29, "Plan Rows": 53780, "Plan Width": 24, "Inner Unique": true, "Plans": [{"Node Type": "Nested Loop", "Parent Relationship": "Outer", "Join Type": "Inner", "Startup Cost": 10000000000.26, "Total Cost": 1000077393643.64, "Plan Rows": 1344499, "Plan Width": 28, "Inner Unique": true, "Plans": [{"Node Type": "Index Scan", "Parent Relationship": "Outer", "Scan Direction": "Forward", "Index Name": "idx_partsupp_partkey", "Relation Name": "partsupp", "Alias": "partsupp", "Startup Cost": 10000000000.0, "Total Cost": 1000043148503.38, "Plan Rows": 8000372, "Plan Width": 32}, {"Node Type": "Bitmap Heap Scan", "Parent Relationship": "Inner", "Relation Name": "supplier", "Alias": "supplier", "Startup Cost": 0.26, "Total Cost": 4.27, "Plan Rows": 1, "Plan Width": 12, "Recheck Cond": "(s_suppkey = public.partsupp.ps_suppkey)", "Plans": [{"Node Type": "Bitmap Index Scan", "Parent Relationship": "Outer", "Index Name": "supplier_pkey", "Startup Cost": 0.0, "Total Cost": 0.26, "Plan Rows": 1, "Plan Width": 0, "Index Cond": "(s_suppkey = public.partsupp.ps_suppkey)"}]}]}, {"Node Type": "Bitmap Heap Scan", "Parent Relationship": "Inner", "Relation Name": "nation", "Alias": "nation", "Startup Cost": 0.26, "Total Cost": 4.27, "Plan Rows": 1, "Plan Width": 4, "Recheck Cond": "(n_nationkey = public.supplier.s_nationkey)", "Filter": "(n_name = 'MOZAMBIQUE'::bpchar)", "Plans": [{"Node Type": "Bitmap Index Scan", "Parent Relationship": "Outer", "Index Name": "nation_pkey", "Startup Cost": 0.0, "Total Cost": 0.26, "Plan Rows": 1, "Plan Width": 0, "Index Cond": "(n_nationkey = public.supplier.s_nationkey)"}]}]}]}]}, "Unique SQL Id": 2932834211, "Planner Runtime": 0}, "explain_analyze_plan": null}, "(1, 120)": {"explain_plan": {"Plan": {"Node Type": "Sort", "Startup Cost": 90959.03, "Total Cost": 91093.48, "Plan Rows": 53780, "Plan Width": 24, "Sort Key": ["(sum((public.partsupp.ps_supplycost * (public.partsupp.ps_availqty)::double precision))) DESC"], "Plans": [{"Node Type": "Aggregate", "Strategy": "Plain", "Parent Relationship": "exec_init_plan", "Subplan Name": "InitPlan 1 (returns $1)", "Startup Cost": 42761.63, "Total Cost": 42761.64, "Plan Rows": 1, "Plan Width": 24, "Plans": [{"Node Type": "Nested Loop", "Parent Relationship": "Outer", "Join Type": "Inner", "Startup Cost": 0.0, "Total Cost": 42358.28, "Plan Rows": 53780, "Plan Width": 16, "Inner Unique": false, "Plans": [{"Node Type": "Nested Loop", "Parent Relationship": "Outer", "Join Type": "Inner", "Startup Cost": 0.0, "Total Cost": 4534.31, "Plan Rows": 4000, "Plan Width": 8, "Inner Unique": false, "Join Filter": "(public.supplier.s_nationkey = public.nation.n_nationkey)", "Plans": [{"Node Type": "Seq Scan", "Parent Relationship": "Outer", "Relation Name": "nation", "Alias": "nation", "Startup Cost": 0.0, "Total Cost": 1.31, "Plan Rows": 1, "Plan Width": 4, "Filter": "(n_name = 'MOZAMBIQUE'::bpchar)"}, {"Node Type": "Seq Scan", "Parent Relationship": "Inner", "Relation Name": "supplier", "Alias": "supplier", "Startup Cost": 0.0, "Total Cost": 3283.0, "Plan Rows": 100000, "Plan Width": 12}]}, {"Node Type": "Index Scan", "Parent Relationship": "Inner", "Scan Direction": "Forward", "Index Name": "idx_partsupp_suppkey", "Relation Name": "partsupp", "Alias": "partsupp", "Startup Cost": 0.0, "Total Cost": 9.33, "Plan Rows": 13, "Plan Width": 24, "Index Cond": "(ps_suppkey = public.supplier.s_suppkey)"}]}]}, {"Node Type": "Aggregate", "Strategy": "Hashed", "Parent Relationship": "Outer", "Startup Cost": 43299.43, "Total Cost": 43971.68, "Plan Rows": 53780, "Plan Width": 24, "Group By Key": ["public.partsupp.ps_partkey"], "Filter": "(sum((public.partsupp.ps_supplycost * (public.partsupp.ps_availqty)::double precision)) > $1)", "Plans": [{"Node Type": "Nested Loop", "Parent Relationship": "Outer", "Join Type": "Inner", "Startup Cost": 0.0, "Total Cost": 42358.28, "Plan Rows": 53780, "Plan Width": 24, "Inner Unique": false, "Plans": [{"Node Type": "Nested Loop", "Parent Relationship": "Outer", "Join Type": "Inner", "Startup Cost": 0.0, "Total Cost": 4534.31, "Plan Rows": 4000, "Plan Width": 8, "Inner Unique": false, "Join Filter": "(public.supplier.s_nationkey = public.nation.n_nationkey)", "Plans": [{"Node Type": "Seq Scan", "Parent Relationship": "Outer", "Relation Name": "nation", "Alias": "nation", "Startup Cost": 0.0, "Total Cost": 1.31, "Plan Rows": 1, "Plan Width": 4, "Filter": "(n_name = 'MOZAMBIQUE'::bpchar)"}, {"Node Type": "Seq Scan", "Parent Relationship": "Inner", "Relation Name": "supplier", "Alias": "supplier", "Startup Cost": 0.0, "Total Cost": 3283.0, "Plan Rows": 100000, "Plan Width": 12}]}, {"Node Type": "Index Scan", "Parent Relationship": "Inner", "Scan Direction": "Forward", "Index Name": "idx_partsupp_suppkey", "Relation Name": "partsupp", "Alias": "partsupp", "Startup Cost": 0.0, "Total Cost": 9.33, "Plan Rows": 13, "Plan Width": 32, "Index Cond": "(ps_suppkey = public.supplier.s_suppkey)"}]}]}]}, "Unique SQL Id": 2932834211, "Planner Runtime": 0}, "explain_analyze_plan": {"Plan": {"Node Type": "Sort", "Startup Cost": 90959.03, "Total Cost": 91093.48, "Plan Rows": 53780, "Plan Width": 24, "Actual Startup Time": 1901.787, "Actual Total Time": 1901.787, "Actual Rows": 0, "Actual Loops": 1, "Sort Key": ["(sum((public.partsupp.ps_supplycost * (public.partsupp.ps_availqty)::double precision))) DESC"], "Sort Method": "quicksort", "Sort Space Used": 25, "Sort Space Type": "Memory", "Plans": [{"Node Type": "Aggregate", "Strategy": "Plain", "Parent Relationship": "exec_init_plan", "Subplan Name": "InitPlan 1 (returns $1)", "Startup Cost": 42761.63, "Total Cost": 42761.64, "Plan Rows": 1, "Plan Width": 24, "Actual Startup Time": 781.076, "Actual Total Time": 781.077, "Actual Rows": 1, "Actual Loops": 1, "Plans": [{"Node Type": "Nested Loop", "Parent Relationship": "Outer", "Join Type": "Inner", "Startup Cost": 0.0, "Total Cost": 42358.28, "Plan Rows": 53780, "Plan Width": 16, "Actual Startup Time": 0.079, "Actual Total Time": 645.841, "Actual Rows": 313920, "Actual Loops": 1, "Inner Unique": false, "Plans": [{"Node Type": "Nested Loop", "Parent Relationship": "Outer", "Join Type": "Inner", "Startup Cost": 0.0, "Total Cost": 4534.31, "Plan Rows": 4000, "Plan Width": 8, "Actual Startup Time": 0.058, "Actual Total Time": 51.134, "Actual Rows": 3924, "Actual Loops": 1, "Inner Unique": false, "Join Filter": "(public.supplier.s_nationkey = public.nation.n_nationkey)", "Rows Removed by Join Filter": 96076, "Plans": [{"Node Type": "Seq Scan", "Parent Relationship": "Outer", "Relation Name": "nation", "Alias": "nation", "Startup Cost": 0.0, "Total Cost": 1.31, "Plan Rows": 1, "Plan Width": 4, "Actual Startup Time": 0.021, "Actual Total Time": 0.028, "Actual Rows": 1, "Actual Loops": 1, "Filter": "(n_name = 'MOZAMBIQUE'::bpchar)", "Rows Removed by Filter": 24}, {"Node Type": "Seq Scan", "Parent Relationship": "Inner", "Relation Name": "supplier", "Alias": "supplier", "Startup Cost": 0.0, "Total Cost": 3283.0, "Plan Rows": 100000, "Plan Width": 12, "Actual Startup Time": 0.013, "Actual Total Time": 27.601, "Actual Rows": 100000, "Actual Loops": 1}]}, {"Node Type": "Index Scan", "Parent Relationship": "Inner", "Scan Direction": "Forward", "Index Name": "idx_partsupp_suppkey", "Relation Name": "partsupp", "Alias": "partsupp", "Startup Cost": 0.0, "Total Cost": 9.33, "Plan Rows": 13, "Plan Width": 24, "Actual Startup Time": 43.676, "Actual Total Time": 527.173, "Actual Rows": 313920, "Actual Loops": 3924, "Index Cond": "(ps_suppkey = public.supplier.s_suppkey)", "Rows Removed by Index Recheck": 0}]}]}, {"Node Type": "Aggregate", "Strategy": "Hashed", "Parent Relationship": "Outer", "Startup Cost": 43299.43, "Total Cost": 43971.68, "Plan Rows": 53780, "Plan Width": 24, "Actual Startup Time": 1901.38, "Actual Total Time": 1901.38, "Actual Rows": 0, "Actual Loops": 1, "Group By Key": ["public.partsupp.ps_partkey"], "Filter": "(sum((public.partsupp.ps_supplycost * (public.partsupp.ps_availqty)::double precision)) > $1)", "Rows Removed by Filter": 295792, "Plans": [{"Node Type": "Nested Loop", "Parent Relationship": "Outer", "Join Type": "Inner", "Startup Cost": 0.0, "Total Cost": 42358.28, "Plan Rows": 53780, "Plan Width": 24, "Actual Startup Time": 0.083, "Actual Total Time": 724.307, "Actual Rows": 313920, "Actual Loops": 1, "Inner Unique": false, "Plans": [{"Node Type": "Nested Loop", "Parent Relationship": "Outer", "Join Type": "Inner", "Startup Cost": 0.0, "Total Cost": 4534.31, "Plan Rows": 4000, "Plan Width": 8, "Actual Startup Time": 0.057, "Actual Total Time": 52.925, "Actual Rows": 3924, "Actual Loops": 1, "Inner Unique": false, "Join Filter": "(public.supplier.s_nationkey = public.nation.n_nationkey)", "Rows Removed by Join Filter": 96076, "Plans": [{"Node Type": "Seq Scan", "Parent Relationship": "Outer", "Relation Name": "nation", "Alias": "nation", "Startup Cost": 0.0, "Total Cost": 1.31, "Plan Rows": 1, "Plan Width": 4, "Actual Startup Time": 0.029, "Actual Total Time": 0.037, "Actual Rows": 1, "Actual Loops": 1, "Filter": "(n_name = 'MOZAMBIQUE'::bpchar)", "Rows Removed by Filter": 24}, {"Node Type": "Seq Scan", "Parent Relationship": "Inner", "Relation Name": "supplier", "Alias": "supplier", "Startup Cost": 0.0, "Total Cost": 3283.0, "Plan Rows": 100000, "Plan Width": 12, "Actual Startup Time": 0.01, "Actual Total Time": 29.091, "Actual Rows": 100000, "Actual Loops": 1}]}, {"Node Type": "Index Scan", "Parent Relationship": "Inner", "Scan Direction": "Forward", "Index Name": "idx_partsupp_suppkey", "Relation Name": "partsupp", "Alias": "partsupp", "Startup Cost": 0.0, "Total Cost": 9.33, "Plan Rows": 13, "Plan Width": 32, "Actual Startup Time": 47.997, "Actual Total Time": 598.957, "Actual Rows": 313920, "Actual Loops": 3924, "Index Cond": "(ps_suppkey = public.supplier.s_suppkey)", "Rows Removed by Index Recheck": 0}]}]}]}, "Triggers": [], "Planner Runtime": 0, "Total Runtime": 1902.054, "Unique SQL Id": 2932834211}}, "(1, 121)": {"explain_plan": {"Plan": {"Node Type": "Sort", "Startup Cost": 95084.87, "Total Cost": 95219.32, "Plan Rows": 53780, "Plan Width": 24, "Sort Key": ["(sum((public.partsupp.ps_supplycost * (public.partsupp.ps_availqty)::double precision))) DESC"], "Plans": [{"Node Type": "Aggregate", "Strategy": "Plain", "Parent Relationship": "exec_init_plan", "Subplan Name": "InitPlan 1 (returns $1)", "Startup Cost": 44824.55, "Total Cost": 44824.56, "Plan Rows": 1, "Plan Width": 24, "Plans": [{"Node Type": "Nested Loop", "Parent Relationship": "Outer", "Join Type": "Inner", "Startup Cost": 0.0, "Total Cost": 44421.2, "Plan Rows": 53780, "Plan Width": 16, "Inner Unique": false, "Plans": [{"Node Type": "Nested Loop", "Parent Relationship": "Outer", "Join Type": "Inner", "Startup Cost": 0.0, "Total Cost": 6597.23, "Plan Rows": 4000, "Plan Width": 8, "Inner Unique": false, "Join Filter": "(public.supplier.s_nationkey = public.nation.n_nationkey)", "Plans": [{"Node Type": "Index Scan", "Parent Relationship": "Outer", "Scan Direction": "Forward", "Index Name": "nation_pkey", "Relation Name": "nation", "Alias": "nation", "Startup Cost": 0.0, "Total Cost": 12.69, "Plan Rows": 1, "Plan Width": 4, "Filter": "(n_name = 'MOZAMBIQUE'::bpchar)"}, {"Node Type": "Index Scan", "Parent Relationship": "Inner", "Scan Direction": "Forward", "Index Name": "supplier_pkey", "Relation Name": "supplier", "Alias": "supplier", "Startup Cost": 0.0, "Total Cost": 5334.54, "Plan Rows": 100000, "Plan Width": 12}]}, {"Node Type": "Index Scan", "Parent Relationship": "Inner", "Scan Direction": "Forward", "Index Name": "idx_partsupp_suppkey", "Relation Name": "partsupp", "Alias": "partsupp", "Startup Cost": 0.0, "Total Cost": 9.33, "Plan Rows": 13, "Plan Width": 24, "Index Cond": "(ps_suppkey = public.supplier.s_suppkey)"}]}]}, {"Node Type": "Aggregate", "Strategy": "Hashed", "Parent Relationship": "Outer", "Startup Cost": 45362.35, "Total Cost": 46034.6, "Plan Rows": 53780, "Plan Width": 24, "Group By Key": ["public.partsupp.ps_partkey"], "Filter": "(sum((public.partsupp.ps_supplycost * (public.partsupp.ps_availqty)::double precision)) > $1)", "Plans": [{"Node Type": "Nested Loop", "Parent Relationship": "Outer", "Join Type": "Inner", "Startup Cost": 0.0, "Total Cost": 44421.2, "Plan Rows": 53780, "Plan Width": 24, "Inner Unique": false, "Plans": [{"Node Type": "Nested Loop", "Parent Relationship": "Outer", "Join Type": "Inner", "Startup Cost": 0.0, "Total Cost": 6597.23, "Plan Rows": 4000, "Plan Width": 8, "Inner Unique": false, "Join Filter": "(public.supplier.s_nationkey = public.nation.n_nationkey)", "Plans": [{"Node Type": "Index Scan", "Parent Relationship": "Outer", "Scan Direction": "Forward", "Index Name": "nation_pkey", "Relation Name": "nation", "Alias": "nation", "Startup Cost": 0.0, "Total Cost": 12.69, "Plan Rows": 1, "Plan Width": 4, "Filter": "(n_name = 'MOZAMBIQUE'::bpchar)"}, {"Node Type": "Index Scan", "Parent Relationship": "Inner", "Scan Direction": "Forward", "Index Name": "supplier_pkey", "Relation Name": "supplier", "Alias": "supplier", "Startup Cost": 0.0, "Total Cost": 5334.54, "Plan Rows": 100000, "Plan Width": 12}]}, {"Node Type": "Index Scan", "Parent Relationship": "Inner", "Scan Direction": "Forward", "Index Name": "idx_partsupp_suppkey", "Relation Name": "partsupp", "Alias": "partsupp", "Startup Cost": 0.0, "Total Cost": 9.33, "Plan Rows": 13, "Plan Width": 32, "Index Cond": "(ps_suppkey = public.supplier.s_suppkey)"}]}]}]}, "Unique SQL Id": 2932834211, "Planner Runtime": 0}, "explain_analyze_plan": {"Plan": {"Node Type": "Sort", "Startup Cost": 95084.87, "Total Cost": 95219.32, "Plan Rows": 53780, "Plan Width": 24, "Actual Startup Time": 2162.535, "Actual Total Time": 2162.535, "Actual Rows": 0, "Actual Loops": 1, "Sort Key": ["(sum((public.partsupp.ps_supplycost * (public.partsupp.ps_availqty)::double precision))) DESC"], "Sort Method": "quicksort", "Sort Space Used": 25, "Sort Space Type": "Memory", "Plans": [{"Node Type": "Aggregate", "Strategy": "Plain", "Parent Relationship": "exec_init_plan", "Subplan Name": "InitPlan 1 (returns $1)", "Startup Cost": 44824.55, "Total Cost": 44824.56, "Plan Rows": 1, "Plan Width": 24, "Actual Startup Time": 949.076, "Actual Total Time": 949.076, "Actual Rows": 1, "Actual Loops": 1, "Plans": [{"Node Type": "Nested Loop", "Parent Relationship": "Outer", "Join Type": "Inner", "Startup Cost": 0.0, "Total Cost": 44421.2, "Plan Rows": 53780, "Plan Width": 16, "Actual Startup Time": 0.086, "Actual Total Time": 814.338, "Actual Rows": 313920, "Actual Loops": 1, "Inner Unique": false, "Plans": [{"Node Type": "Nested Loop", "Parent Relationship": "Outer", "Join Type": "Inner", "Startup Cost": 0.0, "Total Cost": 6597.23, "Plan Rows": 4000, "Plan Width": 8, "Actual Startup Time": 0.069, "Actual Total Time": 88.722, "Actual Rows": 3924, "Actual Loops": 1, "Inner Unique": false, "Join Filter": "(public.supplier.s_nationkey = public.nation.n_nationkey)", "Rows Removed by Join Filter": 96076, "Plans": [{"Node Type": "Index Scan", "Parent Relationship": "Outer", "Scan Direction": "Forward", "Index Name": "nation_pkey", "Relation Name": "nation", "Alias": "nation", "Startup Cost": 0.0, "Total Cost": 12.69, "Plan Rows": 1, "Plan Width": 4, "Actual Startup Time": 0.028, "Actual Total Time": 0.043, "Actual Rows": 1, "Actual Loops": 1, "Filter": "(n_name = 'MOZAMBIQUE'::bpchar)", "Rows Removed by Filter": 24}, {"Node Type": "Index Scan", "Parent Relationship": "Inner", "Scan Direction": "Forward", "Index Name": "supplier_pkey", "Relation Name": "supplier", "Alias": "supplier", "Startup Cost": 0.0, "Total Cost": 5334.54, "Plan Rows": 100000, "Plan Width": 12, "Actual Startup Time": 0.023, "Actual Total Time": 65.141, "Actual Rows": 100000, "Actual Loops": 1}]}, {"Node Type": "Index Scan", "Parent Relationship": "Inner", "Scan Direction": "Forward", "Index Name": "idx_partsupp_suppkey", "Relation Name": "partsupp", "Alias": "partsupp", "Startup Cost": 0.0, "Total Cost": 9.33, "Plan Rows": 13, "Plan Width": 24, "Actual Startup Time": 50.675, "Actual Total Time": 658.309, "Actual Rows": 313920, "Actual Loops": 3924, "Index Cond": "(ps_suppkey = public.supplier.s_suppkey)", "Rows Removed by Index Recheck": 0}]}]}, {"Node Type": "Aggregate", "Strategy": "Hashed", "Parent Relationship": "Outer", "Startup Cost": 45362.35, "Total Cost": 46034.6, "Plan Rows": 53780, "Plan Width": 24, "Actual Startup Time": 2162.027, "Actual Total Time": 2162.027, "Actual Rows": 0, "Actual Loops": 1, "Group By Key": ["public.partsupp.ps_partkey"], "Filter": "(sum((public.partsupp.ps_supplycost * (public.partsupp.ps_availqty)::double precision)) > $1)", "Rows Removed by Filter": 295792, "Plans": [{"Node Type": "Nested Loop", "Parent Relationship": "Outer", "Join Type": "Inner", "Startup Cost": 0.0, "Total Cost": 44421.2, "Plan Rows": 53780, "Plan Width": 24, "Actual Startup Time": 0.087, "Actual Total Time": 782.455, "Actual Rows": 313920, "Actual Loops": 1, "Inner Unique": false, "Plans": [{"Node Type": "Nested Loop", "Parent Relationship": "Outer", "Join Type": "Inner", "Startup Cost": 0.0, "Total Cost": 6597.23, "Plan Rows": 4000, "Plan Width": 8, "Actual Startup Time": 0.069, "Actual Total Time": 85.458, "Actual Rows": 3924, "Actual Loops": 1, "Inner Unique": false, "Join Filter": "(public.supplier.s_nationkey = public.nation.n_nationkey)", "Rows Removed by Join Filter": 96076, "Plans": [{"Node Type": "Index Scan", "Parent Relationship": "Outer", "Scan Direction": "Forward", "Index Name": "nation_pkey", "Relation Name": "nation", "Alias": "nation", "Startup Cost": 0.0, "Total Cost": 12.69, "Plan Rows": 1, "Plan Width": 4, "Actual Startup Time": 0.031, "Actual Total Time": 0.043, "Actual Rows": 1, "Actual Loops": 1, "Filter": "(n_name = 'MOZAMBIQUE'::bpchar)", "Rows Removed by Filter": 24}, {"Node Type": "Index Scan", "Parent Relationship": "Inner", "Scan Direction": "Forward", "Index Name": "supplier_pkey", "Relation Name": "supplier", "Alias": "supplier", "Startup Cost": 0.0, "Total Cost": 5334.54, "Plan Rows": 100000, "Plan Width": 12, "Actual Startup Time": 0.017, "Actual Total Time": 61.468, "Actual Rows": 100000, "Actual Loops": 1}]}, {"Node Type": "Index Scan", "Parent Relationship": "Inner", "Scan Direction": "Forward", "Index Name": "idx_partsupp_suppkey", "Relation Name": "partsupp", "Alias": "partsupp", "Startup Cost": 0.0, "Total Cost": 9.33, "Plan Rows": 13, "Plan Width": 32, "Actual Startup Time": 48.514, "Actual Total Time": 624.878, "Actual Rows": 313920, "Actual Loops": 3924, "Index Cond": "(ps_suppkey = public.supplier.s_suppkey)", "Rows Removed by Index Recheck": 0}]}]}]}, "Triggers": [], "Planner Runtime": 0, "Total Runtime": 2162.804, "Unique SQL Id": 2932834211}}, "(1, 122)": {"explain_plan": {"Plan": {"Node Type": "Sort", "Startup Cost": 960599946.53, "Total Cost": 960600080.98, "Plan Rows": 53780, "Plan Width": 24, "Sort Key": ["(sum((public.partsupp.ps_supplycost * (public.partsupp.ps_availqty)::double precision))) DESC"], "Plans": [{"Node Type": "Aggregate", "Strategy": "Plain", "Parent Relationship": "exec_init_plan", "Subplan Name": "InitPlan 1 (returns $0)", "Startup Cost": 480297255.38, "Total Cost": 480297255.4, "Plan Rows": 1, "Plan Width": 24, "Plans": [{"Node Type": "Nested Loop", "Parent Relationship": "Outer", "Join Type": "Inner", "Startup Cost": 0.0, "Total Cost": 480296852.03, "Plan Rows": 53780, "Plan Width": 16, "Inner Unique": false, "Join Filter": "(public.supplier.s_suppkey = public.partsupp.ps_suppkey)", "Plans": [{"Node Type": "Seq Scan", "Parent Relationship": "Outer", "Relation Name": "partsupp", "Alias": "partsupp", "Startup Cost": 0.0, "Total Cost": 269987.72, "Plan Rows": 8000372, "Plan Width": 24}, {"Node Type": "Materialize", "Parent Relationship": "Inner", "Startup Cost": 0.0, "Total Cost": 4554.31, "Plan Rows": 4000, "Plan Width": 8, "Plans": [{"Node Type": "Nested Loop", "Parent Relationship": "Outer", "Join Type": "Inner", "Startup Cost": 0.0, "Total Cost": 4534.31, "Plan Rows": 4000, "Plan Width": 8, "Inner Unique": false, "Join Filter": "(public.supplier.s_nationkey = public.nation.n_nationkey)", "Plans": [{"Node Type": "Seq Scan", "Parent Relationship": "Outer", "Relation Name": "nation", "Alias": "nation", "Startup Cost": 0.0, "Total Cost": 1.31, "Plan Rows": 1, "Plan Width": 4, "Filter": "(n_name = 'MOZAMBIQUE'::bpchar)"}, {"Node Type": "Seq Scan", "Parent Relationship": "Inner", "Relation Name": "supplier", "Alias": "supplier", "Startup Cost": 0.0, "Total Cost": 3283.0, "Plan Rows": 100000, "Plan Width": 12}]}]}]}]}, {"Node Type": "Aggregate", "Strategy": "Hashed", "Parent Relationship": "Outer", "Startup Cost": 480297793.18, "Total Cost": 480298465.43, "Plan Rows": 53780, "Plan Width": 24, "Group By Key": ["public.partsupp.ps_partkey"], "Filter": "(sum((public.partsupp.ps_supplycost * (public.partsupp.ps_availqty)::double precision)) > $0)", "Plans": [{"Node Type": "Nested Loop", "Parent Relationship": "Outer", "Join Type": "Inner", "Startup Cost": 0.0, "Total Cost": 480296852.03, "Plan Rows": 53780, "Plan Width": 24, "Inner Unique": false, "Join Filter": "(public.supplier.s_suppkey = public.partsupp.ps_suppkey)", "Plans": [{"Node Type": "Seq Scan", "Parent Relationship": "Outer", "Relation Name": "partsupp", "Alias": "partsupp", "Startup Cost": 0.0, "Total Cost": 269987.72, "Plan Rows": 8000372, "Plan Width": 32}, {"Node Type": "Materialize", "Parent Relationship": "Inner", "Startup Cost": 0.0, "Total Cost": 4554.31, "Plan Rows": 4000, "Plan Width": 8, "Plans": [{"Node Type": "Nested Loop", "Parent Relationship": "Outer", "Join Type": "Inner", "Startup Cost": 0.0, "Total Cost": 4534.31, "Plan Rows": 4000, "Plan Width": 8, "Inner Unique": false, "Join Filter": "(public.supplier.s_nationkey = public.nation.n_nationkey)", "Plans": [{"Node Type": "Seq Scan", "Parent Relationship": "Outer", "Relation Name": "nation", "Alias": "nation", "Startup Cost": 0.0, "Total Cost": 1.31, "Plan Rows": 1, "Plan Width": 4, "Filter": "(n_name = 'MOZAMBIQUE'::bpchar)"}, {"Node Type": "Seq Scan", "Parent Relationship": "Inner", "Relation Name": "supplier", "Alias": "supplier", "Startup Cost": 0.0, "Total Cost": 3283.0, "Plan Rows": 100000, "Plan Width": 12}]}]}]}]}]}, "Unique SQL Id": 2932834211, "Planner Runtime": 0}, "explain_analyze_plan": null}, "(1, 123)": {"explain_plan": {"Plan": {"Node Type": "Sort", "Startup Cost": 6001104432332.89, "Total Cost": 6001104432467.34, "Plan Rows": 53780, "Plan Width": 40, "Sort Key": ["(sum((public.partsupp.ps_supplycost * (public.partsupp.ps_availqty)::double precision))) DESC"], "Plans": [{"Node Type": "Aggregate", "Strategy": "Plain", "Parent Relationship": "exec_init_plan", "Subplan Name": "InitPlan 1 (returns $0)", "Startup Cost": 3000580719437.25, "Total Cost": 3000580719437.27, "Plan Rows": 1, "Plan Width": 24, "Plans": [{"Node Type": "Nested Loop", "Parent Relationship": "Outer", "Join Type": "Inner", "Startup Cost": 30000000000.0, "Total Cost": 3000580719033.9, "Plan Rows": 53780, "Plan Width": 16, "Inner Unique": false, "Join Filter": "(public.supplier.s_suppkey = public.partsupp.ps_suppkey)", "Plans": [{"Node Type": "Index Scan", "Parent Relationship": "Outer", "Scan Direction": "Forward", "Index Name": "idx_partsupp_suppkey", "Relation Name": "partsupp", "Alias": "partsupp", "Startup Cost": 10000000000.0, "Total Cost": 1000100160480.77, "Plan Rows": 8000372, "Plan Width": 24}, {"Node Type": "Materialize", "Parent Relationship": "Inner", "Startup Cost": 20000000000.0, "Total Cost": 2000000536243.13, "Plan Rows": 4000, "Plan Width": 8, "Plans": [{"Node Type": "Nested Loop", "Parent Relationship": "Outer", "Join Type": "Inner", "Startup Cost": 20000000000.0, "Total Cost": 2000000536223.13, "Plan Rows": 4000, "Plan Width": 8, "Inner Unique": true, "Join Filter": "(public.supplier.s_nationkey = public.nation.n_nationkey)", "Plans": [{"Node Type": "Index Scan", "Parent Relationship": "Outer", "Scan Direction": "Forward", "Index Name": "supplier_pkey", "Relation Name": "supplier", "Alias": "supplier", "Startup Cost": 10000000000.0, "Total Cost": 1000000533454.38, "Plan Rows": 100000, "Plan Width": 12}, {"Node Type": "Materialize", "Parent Relationship": "Inner", "Startup Cost": 10000000000.0, "Total Cost": 1000000001268.76, "Plan Rows": 1, "Plan Width": 4, "Plans": [{"Node Type": "Index Scan", "Parent Relationship": "Outer", "Scan Direction": "Forward", "Index Name": "nation_pkey", "Relation Name": "nation", "Alias": "nation", "Startup Cost": 10000000000.0, "Total Cost": 1000000001268.75, "Plan Rows": 1, "Plan Width": 4, "Filter": "(n_name = 'MOZAMBIQUE'::bpchar)"}]}]}]}]}]}, {"Node Type": "Aggregate", "Strategy": "Sorted", "Parent Relationship": "Outer", "Startup Cost": 30000000000.0, "Total Cost": 3000523708669.92, "Plan Rows": 53780, "Plan Width": 40, "Group By Key": ["public.partsupp.ps_partkey"], "Filter": "(sum((public.partsupp.ps_supplycost * (public.partsupp.ps_availqty)::double precision)) > $0)", "Plans": [{"Node Type": "Nested Loop", "Parent Relationship": "Outer", "Join Type": "Inner", "Startup Cost": 30000000000.0, "Total Cost": 3000523707056.51, "Plan Rows": 53780, "Plan Width": 24, "Inner Unique": false, "Join Filter": "(public.supplier.s_suppkey = public.partsupp.ps_suppkey)", "Plans": [{"Node Type": "Index Scan", "Parent Relationship": "Outer", "Scan Direction": "Forward", "Index Name": "idx_partsupp_partkey", "Relation Name": "partsupp", "Alias": "partsupp", "Startup Cost": 10000000000.0, "Total Cost": 1000043148503.38, "Plan Rows": 8000372, "Plan Width": 32}, {"Node Type": "Materialize", "Parent Relationship": "Inner", "Startup Cost": 20000000000.0, "Total Cost": 2000000536243.13, "Plan Rows": 4000, "Plan Width": 8, "Plans": [{"Node Type": "Nested Loop", "Parent Relationship": "Outer", "Join Type": "Inner", "Startup Cost": 20000000000.0, "Total Cost": 2000000536223.13, "Plan Rows": 4000, "Plan Width": 8, "Inner Unique": true, "Join Filter": "(public.supplier.s_nationkey = public.nation.n_nationkey)", "Plans": [{"Node Type": "Index Scan", "Parent Relationship": "Outer", "Scan Direction": "Forward", "Index Name": "supplier_pkey", "Relation Name": "supplier", "Alias": "supplier", "Startup Cost": 10000000000.0, "Total Cost": 1000000533454.38, "Plan Rows": 100000, "Plan Width": 12}, {"Node Type": "Materialize", "Parent Relationship": "Inner", "Startup Cost": 10000000000.0, "Total Cost": 1000000001268.76, "Plan Rows": 1, "Plan Width": 4, "Plans": [{"Node Type": "Index Scan", "Parent Relationship": "Outer", "Scan Direction": "Forward", "Index Name": "nation_pkey", "Relation Name": "nation", "Alias": "nation", "Startup Cost": 10000000000.0, "Total Cost": 1000000001268.75, "Plan Rows": 1, "Plan Width": 4, "Filter": "(n_name = 'MOZAMBIQUE'::bpchar)"}]}]}]}]}]}]}, "Unique SQL Id": 2932834211, "Planner Runtime": 0}, "explain_analyze_plan": null}, "(1, 124)": {"explain_plan": {"Plan": {"Node Type": "Sort", "Startup Cost": 90959.03, "Total Cost": 91093.48, "Plan Rows": 53780, "Plan Width": 24, "Sort Key": ["(sum((public.partsupp.ps_supplycost * (public.partsupp.ps_availqty)::double precision))) DESC"], "Plans": [{"Node Type": "Aggregate", "Strategy": "Plain", "Parent Relationship": "exec_init_plan", "Subplan Name": "InitPlan 1 (returns $1)", "Startup Cost": 42761.63, "Total Cost": 42761.64, "Plan Rows": 1, "Plan Width": 24, "Plans": [{"Node Type": "Nested Loop", "Parent Relationship": "Outer", "Join Type": "Inner", "Startup Cost": 0.0, "Total Cost": 42358.28, "Plan Rows": 53780, "Plan Width": 16, "Inner Unique": false, "Plans": [{"Node Type": "Nested Loop", "Parent Relationship": "Outer", "Join Type": "Inner", "Startup Cost": 0.0, "Total Cost": 4534.31, "Plan Rows": 4000, "Plan Width": 8, "Inner Unique": false, "Join Filter": "(public.supplier.s_nationkey = public.nation.n_nationkey)", "Plans": [{"Node Type": "Seq Scan", "Parent Relationship": "Outer", "Relation Name": "nation", "Alias": "nation", "Startup Cost": 0.0, "Total Cost": 1.31, "Plan Rows": 1, "Plan Width": 4, "Filter": "(n_name = 'MOZAMBIQUE'::bpchar)"}, {"Node Type": "Seq Scan", "Parent Relationship": "Inner", "Relation Name": "supplier", "Alias": "supplier", "Startup Cost": 0.0, "Total Cost": 3283.0, "Plan Rows": 100000, "Plan Width": 12}]}, {"Node Type": "Index Scan", "Parent Relationship": "Inner", "Scan Direction": "Forward", "Index Name": "idx_partsupp_suppkey", "Relation Name": "partsupp", "Alias": "partsupp", "Startup Cost": 0.0, "Total Cost": 9.33, "Plan Rows": 13, "Plan Width": 24, "Index Cond": "(ps_suppkey = public.supplier.s_suppkey)"}]}]}, {"Node Type": "Aggregate", "Strategy": "Hashed", "Parent Relationship": "Outer", "Startup Cost": 43299.43, "Total Cost": 43971.68, "Plan Rows": 53780, "Plan Width": 24, "Group By Key": ["public.partsupp.ps_partkey"], "Filter": "(sum((public.partsupp.ps_supplycost * (public.partsupp.ps_availqty)::double precision)) > $1)", "Plans": [{"Node Type": "Nested Loop", "Parent Relationship": "Outer", "Join Type": "Inner", "Startup Cost": 0.0, "Total Cost": 42358.28, "Plan Rows": 53780, "Plan Width": 24, "Inner Unique": false, "Plans": [{"Node Type": "Nested Loop", "Parent Relationship": "Outer", "Join Type": "Inner", "Startup Cost": 0.0, "Total Cost": 4534.31, "Plan Rows": 4000, "Plan Width": 8, "Inner Unique": false, "Join Filter": "(public.supplier.s_nationkey = public.nation.n_nationkey)", "Plans": [{"Node Type": "Seq Scan", "Parent Relationship": "Outer", "Relation Name": "nation", "Alias": "nation", "Startup Cost": 0.0, "Total Cost": 1.31, "Plan Rows": 1, "Plan Width": 4, "Filter": "(n_name = 'MOZAMBIQUE'::bpchar)"}, {"Node Type": "Seq Scan", "Parent Relationship": "Inner", "Relation Name": "supplier", "Alias": "supplier", "Startup Cost": 0.0, "Total Cost": 3283.0, "Plan Rows": 100000, "Plan Width": 12}]}, {"Node Type": "Index Scan", "Parent Relationship": "Inner", "Scan Direction": "Forward", "Index Name": "idx_partsupp_suppkey", "Relation Name": "partsupp", "Alias": "partsupp", "Startup Cost": 0.0, "Total Cost": 9.33, "Plan Rows": 13, "Plan Width": 32, "Index Cond": "(ps_suppkey = public.supplier.s_suppkey)"}]}]}]}, "Unique SQL Id": 2932834211, "Planner Runtime": 0}, "explain_analyze_plan": {"Plan": {"Node Type": "Sort", "Startup Cost": 90959.03, "Total Cost": 91093.48, "Plan Rows": 53780, "Plan Width": 24, "Actual Startup Time": 1901.787, "Actual Total Time": 1901.787, "Actual Rows": 0, "Actual Loops": 1, "Sort Key": ["(sum((public.partsupp.ps_supplycost * (public.partsupp.ps_availqty)::double precision))) DESC"], "Sort Method": "quicksort", "Sort Space Used": 25, "Sort Space Type": "Memory", "Plans": [{"Node Type": "Aggregate", "Strategy": "Plain", "Parent Relationship": "exec_init_plan", "Subplan Name": "InitPlan 1 (returns $1)", "Startup Cost": 42761.63, "Total Cost": 42761.64, "Plan Rows": 1, "Plan Width": 24, "Actual Startup Time": 781.076, "Actual Total Time": 781.077, "Actual Rows": 1, "Actual Loops": 1, "Plans": [{"Node Type": "Nested Loop", "Parent Relationship": "Outer", "Join Type": "Inner", "Startup Cost": 0.0, "Total Cost": 42358.28, "Plan Rows": 53780, "Plan Width": 16, "Actual Startup Time": 0.079, "Actual Total Time": 645.841, "Actual Rows": 313920, "Actual Loops": 1, "Inner Unique": false, "Plans": [{"Node Type": "Nested Loop", "Parent Relationship": "Outer", "Join Type": "Inner", "Startup Cost": 0.0, "Total Cost": 4534.31, "Plan Rows": 4000, "Plan Width": 8, "Actual Startup Time": 0.058, "Actual Total Time": 51.134, "Actual Rows": 3924, "Actual Loops": 1, "Inner Unique": false, "Join Filter": "(public.supplier.s_nationkey = public.nation.n_nationkey)", "Rows Removed by Join Filter": 96076, "Plans": [{"Node Type": "Seq Scan", "Parent Relationship": "Outer", "Relation Name": "nation", "Alias": "nation", "Startup Cost": 0.0, "Total Cost": 1.31, "Plan Rows": 1, "Plan Width": 4, "Actual Startup Time": 0.021, "Actual Total Time": 0.028, "Actual Rows": 1, "Actual Loops": 1, "Filter": "(n_name = 'MOZAMBIQUE'::bpchar)", "Rows Removed by Filter": 24}, {"Node Type": "Seq Scan", "Parent Relationship": "Inner", "Relation Name": "supplier", "Alias": "supplier", "Startup Cost": 0.0, "Total Cost": 3283.0, "Plan Rows": 100000, "Plan Width": 12, "Actual Startup Time": 0.013, "Actual Total Time": 27.601, "Actual Rows": 100000, "Actual Loops": 1}]}, {"Node Type": "Index Scan", "Parent Relationship": "Inner", "Scan Direction": "Forward", "Index Name": "idx_partsupp_suppkey", "Relation Name": "partsupp", "Alias": "partsupp", "Startup Cost": 0.0, "Total Cost": 9.33, "Plan Rows": 13, "Plan Width": 24, "Actual Startup Time": 43.676, "Actual Total Time": 527.173, "Actual Rows": 313920, "Actual Loops": 3924, "Index Cond": "(ps_suppkey = public.supplier.s_suppkey)", "Rows Removed by Index Recheck": 0}]}]}, {"Node Type": "Aggregate", "Strategy": "Hashed", "Parent Relationship": "Outer", "Startup Cost": 43299.43, "Total Cost": 43971.68, "Plan Rows": 53780, "Plan Width": 24, "Actual Startup Time": 1901.38, "Actual Total Time": 1901.38, "Actual Rows": 0, "Actual Loops": 1, "Group By Key": ["public.partsupp.ps_partkey"], "Filter": "(sum((public.partsupp.ps_supplycost * (public.partsupp.ps_availqty)::double precision)) > $1)", "Rows Removed by Filter": 295792, "Plans": [{"Node Type": "Nested Loop", "Parent Relationship": "Outer", "Join Type": "Inner", "Startup Cost": 0.0, "Total Cost": 42358.28, "Plan Rows": 53780, "Plan Width": 24, "Actual Startup Time": 0.083, "Actual Total Time": 724.307, "Actual Rows": 313920, "Actual Loops": 1, "Inner Unique": false, "Plans": [{"Node Type": "Nested Loop", "Parent Relationship": "Outer", "Join Type": "Inner", "Startup Cost": 0.0, "Total Cost": 4534.31, "Plan Rows": 4000, "Plan Width": 8, "Actual Startup Time": 0.057, "Actual Total Time": 52.925, "Actual Rows": 3924, "Actual Loops": 1, "Inner Unique": false, "Join Filter": "(public.supplier.s_nationkey = public.nation.n_nationkey)", "Rows Removed by Join Filter": 96076, "Plans": [{"Node Type": "Seq Scan", "Parent Relationship": "Outer", "Relation Name": "nation", "Alias": "nation", "Startup Cost": 0.0, "Total Cost": 1.31, "Plan Rows": 1, "Plan Width": 4, "Actual Startup Time": 0.029, "Actual Total Time": 0.037, "Actual Rows": 1, "Actual Loops": 1, "Filter": "(n_name = 'MOZAMBIQUE'::bpchar)", "Rows Removed by Filter": 24}, {"Node Type": "Seq Scan", "Parent Relationship": "Inner", "Relation Name": "supplier", "Alias": "supplier", "Startup Cost": 0.0, "Total Cost": 3283.0, "Plan Rows": 100000, "Plan Width": 12, "Actual Startup Time": 0.01, "Actual Total Time": 29.091, "Actual Rows": 100000, "Actual Loops": 1}]}, {"Node Type": "Index Scan", "Parent Relationship": "Inner", "Scan Direction": "Forward", "Index Name": "idx_partsupp_suppkey", "Relation Name": "partsupp", "Alias": "partsupp", "Startup Cost": 0.0, "Total Cost": 9.33, "Plan Rows": 13, "Plan Width": 32, "Actual Startup Time": 47.997, "Actual Total Time": 598.957, "Actual Rows": 313920, "Actual Loops": 3924, "Index Cond": "(ps_suppkey = public.supplier.s_suppkey)", "Rows Removed by Index Recheck": 0}]}]}]}, "Triggers": [], "Planner Runtime": 0, "Total Runtime": 1902.054, "Unique SQL Id": 2932834211}}, "(1, 125)": {"explain_plan": {"Plan": {"Node Type": "Sort", "Startup Cost": 95084.87, "Total Cost": 95219.32, "Plan Rows": 53780, "Plan Width": 24, "Sort Key": ["(sum((public.partsupp.ps_supplycost * (public.partsupp.ps_availqty)::double precision))) DESC"], "Plans": [{"Node Type": "Aggregate", "Strategy": "Plain", "Parent Relationship": "exec_init_plan", "Subplan Name": "InitPlan 1 (returns $1)", "Startup Cost": 44824.55, "Total Cost": 44824.56, "Plan Rows": 1, "Plan Width": 24, "Plans": [{"Node Type": "Nested Loop", "Parent Relationship": "Outer", "Join Type": "Inner", "Startup Cost": 0.0, "Total Cost": 44421.2, "Plan Rows": 53780, "Plan Width": 16, "Inner Unique": false, "Plans": [{"Node Type": "Nested Loop", "Parent Relationship": "Outer", "Join Type": "Inner", "Startup Cost": 0.0, "Total Cost": 6597.23, "Plan Rows": 4000, "Plan Width": 8, "Inner Unique": false, "Join Filter": "(public.supplier.s_nationkey = public.nation.n_nationkey)", "Plans": [{"Node Type": "Index Scan", "Parent Relationship": "Outer", "Scan Direction": "Forward", "Index Name": "nation_pkey", "Relation Name": "nation", "Alias": "nation", "Startup Cost": 0.0, "Total Cost": 12.69, "Plan Rows": 1, "Plan Width": 4, "Filter": "(n_name = 'MOZAMBIQUE'::bpchar)"}, {"Node Type": "Index Scan", "Parent Relationship": "Inner", "Scan Direction": "Forward", "Index Name": "supplier_pkey", "Relation Name": "supplier", "Alias": "supplier", "Startup Cost": 0.0, "Total Cost": 5334.54, "Plan Rows": 100000, "Plan Width": 12}]}, {"Node Type": "Index Scan", "Parent Relationship": "Inner", "Scan Direction": "Forward", "Index Name": "idx_partsupp_suppkey", "Relation Name": "partsupp", "Alias": "partsupp", "Startup Cost": 0.0, "Total Cost": 9.33, "Plan Rows": 13, "Plan Width": 24, "Index Cond": "(ps_suppkey = public.supplier.s_suppkey)"}]}]}, {"Node Type": "Aggregate", "Strategy": "Hashed", "Parent Relationship": "Outer", "Startup Cost": 45362.35, "Total Cost": 46034.6, "Plan Rows": 53780, "Plan Width": 24, "Group By Key": ["public.partsupp.ps_partkey"], "Filter": "(sum((public.partsupp.ps_supplycost * (public.partsupp.ps_availqty)::double precision)) > $1)", "Plans": [{"Node Type": "Nested Loop", "Parent Relationship": "Outer", "Join Type": "Inner", "Startup Cost": 0.0, "Total Cost": 44421.2, "Plan Rows": 53780, "Plan Width": 24, "Inner Unique": false, "Plans": [{"Node Type": "Nested Loop", "Parent Relationship": "Outer", "Join Type": "Inner", "Startup Cost": 0.0, "Total Cost": 6597.23, "Plan Rows": 4000, "Plan Width": 8, "Inner Unique": false, "Join Filter": "(public.supplier.s_nationkey = public.nation.n_nationkey)", "Plans": [{"Node Type": "Index Scan", "Parent Relationship": "Outer", "Scan Direction": "Forward", "Index Name": "nation_pkey", "Relation Name": "nation", "Alias": "nation", "Startup Cost": 0.0, "Total Cost": 12.69, "Plan Rows": 1, "Plan Width": 4, "Filter": "(n_name = 'MOZAMBIQUE'::bpchar)"}, {"Node Type": "Index Scan", "Parent Relationship": "Inner", "Scan Direction": "Forward", "Index Name": "supplier_pkey", "Relation Name": "supplier", "Alias": "supplier", "Startup Cost": 0.0, "Total Cost": 5334.54, "Plan Rows": 100000, "Plan Width": 12}]}, {"Node Type": "Index Scan", "Parent Relationship": "Inner", "Scan Direction": "Forward", "Index Name": "idx_partsupp_suppkey", "Relation Name": "partsupp", "Alias": "partsupp", "Startup Cost": 0.0, "Total Cost": 9.33, "Plan Rows": 13, "Plan Width": 32, "Index Cond": "(ps_suppkey = public.supplier.s_suppkey)"}]}]}]}, "Unique SQL Id": 2932834211, "Planner Runtime": 0}, "explain_analyze_plan": {"Plan": {"Node Type": "Sort", "Startup Cost": 95084.87, "Total Cost": 95219.32, "Plan Rows": 53780, "Plan Width": 24, "Actual Startup Time": 2162.535, "Actual Total Time": 2162.535, "Actual Rows": 0, "Actual Loops": 1, "Sort Key": ["(sum((public.partsupp.ps_supplycost * (public.partsupp.ps_availqty)::double precision))) DESC"], "Sort Method": "quicksort", "Sort Space Used": 25, "Sort Space Type": "Memory", "Plans": [{"Node Type": "Aggregate", "Strategy": "Plain", "Parent Relationship": "exec_init_plan", "Subplan Name": "InitPlan 1 (returns $1)", "Startup Cost": 44824.55, "Total Cost": 44824.56, "Plan Rows": 1, "Plan Width": 24, "Actual Startup Time": 949.076, "Actual Total Time": 949.076, "Actual Rows": 1, "Actual Loops": 1, "Plans": [{"Node Type": "Nested Loop", "Parent Relationship": "Outer", "Join Type": "Inner", "Startup Cost": 0.0, "Total Cost": 44421.2, "Plan Rows": 53780, "Plan Width": 16, "Actual Startup Time": 0.086, "Actual Total Time": 814.338, "Actual Rows": 313920, "Actual Loops": 1, "Inner Unique": false, "Plans": [{"Node Type": "Nested Loop", "Parent Relationship": "Outer", "Join Type": "Inner", "Startup Cost": 0.0, "Total Cost": 6597.23, "Plan Rows": 4000, "Plan Width": 8, "Actual Startup Time": 0.069, "Actual Total Time": 88.722, "Actual Rows": 3924, "Actual Loops": 1, "Inner Unique": false, "Join Filter": "(public.supplier.s_nationkey = public.nation.n_nationkey)", "Rows Removed by Join Filter": 96076, "Plans": [{"Node Type": "Index Scan", "Parent Relationship": "Outer", "Scan Direction": "Forward", "Index Name": "nation_pkey", "Relation Name": "nation", "Alias": "nation", "Startup Cost": 0.0, "Total Cost": 12.69, "Plan Rows": 1, "Plan Width": 4, "Actual Startup Time": 0.028, "Actual Total Time": 0.043, "Actual Rows": 1, "Actual Loops": 1, "Filter": "(n_name = 'MOZAMBIQUE'::bpchar)", "Rows Removed by Filter": 24}, {"Node Type": "Index Scan", "Parent Relationship": "Inner", "Scan Direction": "Forward", "Index Name": "supplier_pkey", "Relation Name": "supplier", "Alias": "supplier", "Startup Cost": 0.0, "Total Cost": 5334.54, "Plan Rows": 100000, "Plan Width": 12, "Actual Startup Time": 0.023, "Actual Total Time": 65.141, "Actual Rows": 100000, "Actual Loops": 1}]}, {"Node Type": "Index Scan", "Parent Relationship": "Inner", "Scan Direction": "Forward", "Index Name": "idx_partsupp_suppkey", "Relation Name": "partsupp", "Alias": "partsupp", "Startup Cost": 0.0, "Total Cost": 9.33, "Plan Rows": 13, "Plan Width": 24, "Actual Startup Time": 50.675, "Actual Total Time": 658.309, "Actual Rows": 313920, "Actual Loops": 3924, "Index Cond": "(ps_suppkey = public.supplier.s_suppkey)", "Rows Removed by Index Recheck": 0}]}]}, {"Node Type": "Aggregate", "Strategy": "Hashed", "Parent Relationship": "Outer", "Startup Cost": 45362.35, "Total Cost": 46034.6, "Plan Rows": 53780, "Plan Width": 24, "Actual Startup Time": 2162.027, "Actual Total Time": 2162.027, "Actual Rows": 0, "Actual Loops": 1, "Group By Key": ["public.partsupp.ps_partkey"], "Filter": "(sum((public.partsupp.ps_supplycost * (public.partsupp.ps_availqty)::double precision)) > $1)", "Rows Removed by Filter": 295792, "Plans": [{"Node Type": "Nested Loop", "Parent Relationship": "Outer", "Join Type": "Inner", "Startup Cost": 0.0, "Total Cost": 44421.2, "Plan Rows": 53780, "Plan Width": 24, "Actual Startup Time": 0.087, "Actual Total Time": 782.455, "Actual Rows": 313920, "Actual Loops": 1, "Inner Unique": false, "Plans": [{"Node Type": "Nested Loop", "Parent Relationship": "Outer", "Join Type": "Inner", "Startup Cost": 0.0, "Total Cost": 6597.23, "Plan Rows": 4000, "Plan Width": 8, "Actual Startup Time": 0.069, "Actual Total Time": 85.458, "Actual Rows": 3924, "Actual Loops": 1, "Inner Unique": false, "Join Filter": "(public.supplier.s_nationkey = public.nation.n_nationkey)", "Rows Removed by Join Filter": 96076, "Plans": [{"Node Type": "Index Scan", "Parent Relationship": "Outer", "Scan Direction": "Forward", "Index Name": "nation_pkey", "Relation Name": "nation", "Alias": "nation", "Startup Cost": 0.0, "Total Cost": 12.69, "Plan Rows": 1, "Plan Width": 4, "Actual Startup Time": 0.031, "Actual Total Time": 0.043, "Actual Rows": 1, "Actual Loops": 1, "Filter": "(n_name = 'MOZAMBIQUE'::bpchar)", "Rows Removed by Filter": 24}, {"Node Type": "Index Scan", "Parent Relationship": "Inner", "Scan Direction": "Forward", "Index Name": "supplier_pkey", "Relation Name": "supplier", "Alias": "supplier", "Startup Cost": 0.0, "Total Cost": 5334.54, "Plan Rows": 100000, "Plan Width": 12, "Actual Startup Time": 0.017, "Actual Total Time": 61.468, "Actual Rows": 100000, "Actual Loops": 1}]}, {"Node Type": "Index Scan", "Parent Relationship": "Inner", "Scan Direction": "Forward", "Index Name": "idx_partsupp_suppkey", "Relation Name": "partsupp", "Alias": "partsupp", "Startup Cost": 0.0, "Total Cost": 9.33, "Plan Rows": 13, "Plan Width": 32, "Actual Startup Time": 48.514, "Actual Total Time": 624.878, "Actual Rows": 313920, "Actual Loops": 3924, "Index Cond": "(ps_suppkey = public.supplier.s_suppkey)", "Rows Removed by Index Recheck": 0}]}]}]}, "Triggers": [], "Planner Runtime": 0, "Total Runtime": 2162.804, "Unique SQL Id": 2932834211}}, "(1, 126)": {"explain_plan": {"Plan": {"Node Type": "Sort", "Startup Cost": 960599946.53, "Total Cost": 960600080.98, "Plan Rows": 53780, "Plan Width": 24, "Sort Key": ["(sum((public.partsupp.ps_supplycost * (public.partsupp.ps_availqty)::double precision))) DESC"], "Plans": [{"Node Type": "Aggregate", "Strategy": "Plain", "Parent Relationship": "exec_init_plan", "Subplan Name": "InitPlan 1 (returns $0)", "Startup Cost": 480297255.38, "Total Cost": 480297255.4, "Plan Rows": 1, "Plan Width": 24, "Plans": [{"Node Type": "Nested Loop", "Parent Relationship": "Outer", "Join Type": "Inner", "Startup Cost": 0.0, "Total Cost": 480296852.03, "Plan Rows": 53780, "Plan Width": 16, "Inner Unique": false, "Join Filter": "(public.supplier.s_suppkey = public.partsupp.ps_suppkey)", "Plans": [{"Node Type": "Seq Scan", "Parent Relationship": "Outer", "Relation Name": "partsupp", "Alias": "partsupp", "Startup Cost": 0.0, "Total Cost": 269987.72, "Plan Rows": 8000372, "Plan Width": 24}, {"Node Type": "Materialize", "Parent Relationship": "Inner", "Startup Cost": 0.0, "Total Cost": 4554.31, "Plan Rows": 4000, "Plan Width": 8, "Plans": [{"Node Type": "Nested Loop", "Parent Relationship": "Outer", "Join Type": "Inner", "Startup Cost": 0.0, "Total Cost": 4534.31, "Plan Rows": 4000, "Plan Width": 8, "Inner Unique": false, "Join Filter": "(public.supplier.s_nationkey = public.nation.n_nationkey)", "Plans": [{"Node Type": "Seq Scan", "Parent Relationship": "Outer", "Relation Name": "nation", "Alias": "nation", "Startup Cost": 0.0, "Total Cost": 1.31, "Plan Rows": 1, "Plan Width": 4, "Filter": "(n_name = 'MOZAMBIQUE'::bpchar)"}, {"Node Type": "Seq Scan", "Parent Relationship": "Inner", "Relation Name": "supplier", "Alias": "supplier", "Startup Cost": 0.0, "Total Cost": 3283.0, "Plan Rows": 100000, "Plan Width": 12}]}]}]}]}, {"Node Type": "Aggregate", "Strategy": "Hashed", "Parent Relationship": "Outer", "Startup Cost": 480297793.18, "Total Cost": 480298465.43, "Plan Rows": 53780, "Plan Width": 24, "Group By Key": ["public.partsupp.ps_partkey"], "Filter": "(sum((public.partsupp.ps_supplycost * (public.partsupp.ps_availqty)::double precision)) > $0)", "Plans": [{"Node Type": "Nested Loop", "Parent Relationship": "Outer", "Join Type": "Inner", "Startup Cost": 0.0, "Total Cost": 480296852.03, "Plan Rows": 53780, "Plan Width": 24, "Inner Unique": false, "Join Filter": "(public.supplier.s_suppkey = public.partsupp.ps_suppkey)", "Plans": [{"Node Type": "Seq Scan", "Parent Relationship": "Outer", "Relation Name": "partsupp", "Alias": "partsupp", "Startup Cost": 0.0, "Total Cost": 269987.72, "Plan Rows": 8000372, "Plan Width": 32}, {"Node Type": "Materialize", "Parent Relationship": "Inner", "Startup Cost": 0.0, "Total Cost": 4554.31, "Plan Rows": 4000, "Plan Width": 8, "Plans": [{"Node Type": "Nested Loop", "Parent Relationship": "Outer", "Join Type": "Inner", "Startup Cost": 0.0, "Total Cost": 4534.31, "Plan Rows": 4000, "Plan Width": 8, "Inner Unique": false, "Join Filter": "(public.supplier.s_nationkey = public.nation.n_nationkey)", "Plans": [{"Node Type": "Seq Scan", "Parent Relationship": "Outer", "Relation Name": "nation", "Alias": "nation", "Startup Cost": 0.0, "Total Cost": 1.31, "Plan Rows": 1, "Plan Width": 4, "Filter": "(n_name = 'MOZAMBIQUE'::bpchar)"}, {"Node Type": "Seq Scan", "Parent Relationship": "Inner", "Relation Name": "supplier", "Alias": "supplier", "Startup Cost": 0.0, "Total Cost": 3283.0, "Plan Rows": 100000, "Plan Width": 12}]}]}]}]}]}, "Unique SQL Id": 2932834211, "Planner Runtime": 0}, "explain_analyze_plan": null}, "(1, 127)": {"explain_plan": {"Plan": {"Node Type": "Sort", "Startup Cost": 6001104432332.89, "Total Cost": 6001104432467.34, "Plan Rows": 53780, "Plan Width": 40, "Sort Key": ["(sum((public.partsupp.ps_supplycost * (public.partsupp.ps_availqty)::double precision))) DESC"], "Plans": [{"Node Type": "Aggregate", "Strategy": "Plain", "Parent Relationship": "exec_init_plan", "Subplan Name": "InitPlan 1 (returns $0)", "Startup Cost": 3000580719437.25, "Total Cost": 3000580719437.27, "Plan Rows": 1, "Plan Width": 24, "Plans": [{"Node Type": "Nested Loop", "Parent Relationship": "Outer", "Join Type": "Inner", "Startup Cost": 30000000000.0, "Total Cost": 3000580719033.9, "Plan Rows": 53780, "Plan Width": 16, "Inner Unique": false, "Join Filter": "(public.supplier.s_suppkey = public.partsupp.ps_suppkey)", "Plans": [{"Node Type": "Index Scan", "Parent Relationship": "Outer", "Scan Direction": "Forward", "Index Name": "idx_partsupp_suppkey", "Relation Name": "partsupp", "Alias": "partsupp", "Startup Cost": 10000000000.0, "Total Cost": 1000100160480.77, "Plan Rows": 8000372, "Plan Width": 24}, {"Node Type": "Materialize", "Parent Relationship": "Inner", "Startup Cost": 20000000000.0, "Total Cost": 2000000536243.13, "Plan Rows": 4000, "Plan Width": 8, "Plans": [{"Node Type": "Nested Loop", "Parent Relationship": "Outer", "Join Type": "Inner", "Startup Cost": 20000000000.0, "Total Cost": 2000000536223.13, "Plan Rows": 4000, "Plan Width": 8, "Inner Unique": true, "Join Filter": "(public.supplier.s_nationkey = public.nation.n_nationkey)", "Plans": [{"Node Type": "Index Scan", "Parent Relationship": "Outer", "Scan Direction": "Forward", "Index Name": "supplier_pkey", "Relation Name": "supplier", "Alias": "supplier", "Startup Cost": 10000000000.0, "Total Cost": 1000000533454.38, "Plan Rows": 100000, "Plan Width": 12}, {"Node Type": "Materialize", "Parent Relationship": "Inner", "Startup Cost": 10000000000.0, "Total Cost": 1000000001268.76, "Plan Rows": 1, "Plan Width": 4, "Plans": [{"Node Type": "Index Scan", "Parent Relationship": "Outer", "Scan Direction": "Forward", "Index Name": "nation_pkey", "Relation Name": "nation", "Alias": "nation", "Startup Cost": 10000000000.0, "Total Cost": 1000000001268.75, "Plan Rows": 1, "Plan Width": 4, "Filter": "(n_name = 'MOZAMBIQUE'::bpchar)"}]}]}]}]}]}, {"Node Type": "Aggregate", "Strategy": "Sorted", "Parent Relationship": "Outer", "Startup Cost": 30000000000.0, "Total Cost": 3000523708669.92, "Plan Rows": 53780, "Plan Width": 40, "Group By Key": ["public.partsupp.ps_partkey"], "Filter": "(sum((public.partsupp.ps_supplycost * (public.partsupp.ps_availqty)::double precision)) > $0)", "Plans": [{"Node Type": "Nested Loop", "Parent Relationship": "Outer", "Join Type": "Inner", "Startup Cost": 30000000000.0, "Total Cost": 3000523707056.51, "Plan Rows": 53780, "Plan Width": 24, "Inner Unique": false, "Join Filter": "(public.supplier.s_suppkey = public.partsupp.ps_suppkey)", "Plans": [{"Node Type": "Index Scan", "Parent Relationship": "Outer", "Scan Direction": "Forward", "Index Name": "idx_partsupp_partkey", "Relation Name": "partsupp", "Alias": "partsupp", "Startup Cost": 10000000000.0, "Total Cost": 1000043148503.38, "Plan Rows": 8000372, "Plan Width": 32}, {"Node Type": "Materialize", "Parent Relationship": "Inner", "Startup Cost": 20000000000.0, "Total Cost": 2000000536243.13, "Plan Rows": 4000, "Plan Width": 8, "Plans": [{"Node Type": "Nested Loop", "Parent Relationship": "Outer", "Join Type": "Inner", "Startup Cost": 20000000000.0, "Total Cost": 2000000536223.13, "Plan Rows": 4000, "Plan Width": 8, "Inner Unique": true, "Join Filter": "(public.supplier.s_nationkey = public.nation.n_nationkey)", "Plans": [{"Node Type": "Index Scan", "Parent Relationship": "Outer", "Scan Direction": "Forward", "Index Name": "supplier_pkey", "Relation Name": "supplier", "Alias": "supplier", "Startup Cost": 10000000000.0, "Total Cost": 1000000533454.38, "Plan Rows": 100000, "Plan Width": 12}, {"Node Type": "Materialize", "Parent Relationship": "Inner", "Startup Cost": 10000000000.0, "Total Cost": 1000000001268.76, "Plan Rows": 1, "Plan Width": 4, "Plans": [{"Node Type": "Index Scan", "Parent Relationship": "Outer", "Scan Direction": "Forward", "Index Name": "nation_pkey", "Relation Name": "nation", "Alias": "nation", "Startup Cost": 10000000000.0, "Total Cost": 1000000001268.75, "Plan Rows": 1, "Plan Width": 4, "Filter": "(n_name = 'MOZAMBIQUE'::bpchar)"}]}]}]}]}]}]}, "Unique SQL Id": 2932834211, "Planner Runtime": 0}, "explain_analyze_plan": null}, "(16, 0)": {"explain_plan": {"Plan": {"Node Type": "Sort", "Startup Cost": 86957.11, "Total Cost": 87091.56, "Plan Rows": 53780, "Plan Width": 40, "Sort Key": ["(sum((public.partsupp.ps_supplycost * (public.partsupp.ps_availqty)::double precision))) DESC"], "Plans": [{"Node Type": "Aggregate", "Strategy": "Plain", "Parent Relationship": "exec_init_plan", "Subplan Name": "InitPlan 1 (returns $2)", "Startup Cost": 40760.67, "Total Cost": 40760.68, "Plan Rows": 1, "Plan Width": 24, "Plans": [{"Node Type": "Nested Loop", "Parent Relationship": "Outer", "Join Type": "Inner", "Startup Cost": 95.25, "Total Cost": 40357.32, "Plan Rows": 53780, "Plan Width": 16, "Inner Unique": false, "Plans": [{"Node Type": "Nested Loop", "Parent Relationship": "Outer", "Join Type": "Inner", "Startup Cost": 95.25, "Total Cost": 2533.35, "Plan Rows": 4000, "Plan Width": 8, "Inner Unique": false, "Plans": [{"Node Type": "Seq Scan", "Parent Relationship": "Outer", "Relation Name": "nation", "Alias": "nation", "Startup Cost": 0.0, "Total Cost": 1.31, "Plan Rows": 1, "Plan Width": 4, "Filter": "(n_name = 'MOZAMBIQUE'::bpchar)"}, {"Node Type": "Bitmap Heap Scan", "Parent Relationship": "Inner", "Relation Name": "supplier", "Alias": "supplier", "Startup Cost": 95.25, "Total Cost": 2492.04, "Plan Rows": 4000, "Plan Width": 12, "Recheck Cond": "(s_nationkey = public.nation.n_nationkey)", "Plans": [{"Node Type": "Bitmap Index Scan", "Parent Relationship": "Outer", "Index Name": "idx_supplier_nation_key", "Startup Cost": 0.0, "Total Cost": 94.25, "Plan Rows": 4000, "Plan Width": 0, "Index Cond": "(s_nationkey = public.nation.n_nationkey)"}]}]}, {"Node Type": "Index Scan", "Parent Relationship": "Inner", "Scan Direction": "Forward", "Index Name": "idx_partsupp_suppkey", "Relation Name": "partsupp", "Alias": "partsupp", "Startup Cost": 0.0, "Total Cost": 9.33, "Plan Rows": 13, "Plan Width": 24, "Index Cond": "(ps_suppkey = public.supplier.s_suppkey)"}]}]}, {"Node Type": "Aggregate", "Strategy": "Hashed", "Parent Relationship": "Outer", "Startup Cost": 41298.47, "Total Cost": 41970.72, "Plan Rows": 53780, "Plan Width": 40, "Group By Key": ["public.partsupp.ps_partkey"], "Filter": "(sum((public.partsupp.ps_supplycost * (public.partsupp.ps_availqty)::double precision)) > $2)", "Plans": [{"Node Type": "Nested Loop", "Parent Relationship": "Outer", "Join Type": "Inner", "Startup Cost": 95.25, "Total Cost": 40357.32, "Plan Rows": 53780, "Plan Width": 24, "Inner Unique": false, "Plans": [{"Node Type": "Nested Loop", "Parent Relationship": "Outer", "Join Type": "Inner", "Startup Cost": 95.25, "Total Cost": 2533.35, "Plan Rows": 4000, "Plan Width": 8, "Inner Unique": false, "Plans": [{"Node Type": "Seq Scan", "Parent Relationship": "Outer", "Relation Name": "nation", "Alias": "nation", "Startup Cost": 0.0, "Total Cost": 1.31, "Plan Rows": 1, "Plan Width": 4, "Filter": "(n_name = 'MOZAMBIQUE'::bpchar)"}, {"Node Type": "Bitmap Heap Scan", "Parent Relationship": "Inner", "Relation Name": "supplier", "Alias": "supplier", "Startup Cost": 95.25, "Total Cost": 2492.04, "Plan Rows": 4000, "Plan Width": 12, "Recheck Cond": "(s_nationkey = public.nation.n_nationkey)", "Plans": [{"Node Type": "Bitmap Index Scan", "Parent Relationship": "Outer", "Index Name": "idx_supplier_nation_key", "Startup Cost": 0.0, "Total Cost": 94.25, "Plan Rows": 4000, "Plan Width": 0, "Index Cond": "(s_nationkey = public.nation.n_nationkey)"}]}]}, {"Node Type": "Index Scan", "Parent Relationship": "Inner", "Scan Direction": "Forward", "Index Name": "idx_partsupp_suppkey", "Relation Name": "partsupp", "Alias": "partsupp", "Startup Cost": 0.0, "Total Cost": 9.33, "Plan Rows": 13, "Plan Width": 32, "Index Cond": "(ps_suppkey = public.supplier.s_suppkey)"}]}]}]}, "Unique SQL Id": 2932834211, "Planner Runtime": 2}, "explain_analyze_plan": {"Plan": {"Node Type": "Sort", "Startup Cost": 86957.11, "Total Cost": 87091.56, "Plan Rows": 53780, "Plan Width": 40, "Actual Startup Time": 1867.688, "Actual Total Time": 1867.688, "Actual Rows": 0, "Actual Loops": 1, "Sort Key": ["(sum((public.partsupp.ps_supplycost * (public.partsupp.ps_availqty)::double precision))) DESC"], "Sort Method": "quicksort", "Sort Space Used": 25, "Sort Space Type": "Memory", "Plans": [{"Node Type": "Aggregate", "Strategy": "Plain", "Parent Relationship": "exec_init_plan", "Subplan Name": "InitPlan 1 (returns $2)", "Startup Cost": 40760.67, "Total Cost": 40760.68, "Plan Rows": 1, "Plan Width": 24, "Actual Startup Time": 794.18, "Actual Total Time": 794.181, "Actual Rows": 1, "Actual Loops": 1, "Plans": [{"Node Type": "Nested Loop", "Parent Relationship": "Outer", "Join Type": "Inner", "Startup Cost": 95.25, "Total Cost": 40357.32, "Plan Rows": 53780, "Plan Width": 16, "Actual Startup Time": 1.125, "Actual Total Time": 657.634, "Actual Rows": 313920, "Actual Loops": 1, "Inner Unique": false, "Plans": [{"Node Type": "Nested Loop", "Parent Relationship": "Outer", "Join Type": "Inner", "Startup Cost": 95.25, "Total Cost": 2533.35, "Plan Rows": 4000, "Plan Width": 8, "Actual Startup Time": 1.098, "Actual Total Time": 8.186, "Actual Rows": 3924, "Actual Loops": 1, "Inner Unique": false, "Plans": [{"Node Type": "Seq Scan", "Parent Relationship": "Outer", "Relation Name": "nation", "Alias": "nation", "Startup Cost": 0.0, "Total Cost": 1.31, "Plan Rows": 1, "Plan Width": 4, "Actual Startup Time": 0.024, "Actual Total Time": 0.047, "Actual Rows": 1, "Actual Loops": 1, "Filter": "(n_name = 'MOZAMBIQUE'::bpchar)", "Rows Removed by Filter": 24}, {"Node Type": "Bitmap Heap Scan", "Parent Relationship": "Inner", "Relation Name": "supplier", "Alias": "supplier", "Startup Cost": 95.25, "Total Cost": 2492.04, "Plan Rows": 4000, "Plan Width": 12, "Actual Startup Time": 1.058, "Actual Total Time": 7.206, "Actual Rows": 3924, "Actual Loops": 1, "Recheck Cond": "(s_nationkey = public.nation.n_nationkey)", "Rows Removed by Index Recheck": 0, "Exact Heap Blocks": 1895, "Lossy Heap Blocks": 1895, "Plans": [{"Node Type": "Bitmap Index Scan", "Parent Relationship": "Outer", "Index Name": "idx_supplier_nation_key", "Startup Cost": 0.0, "Total Cost": 94.25, "Plan Rows": 4000, "Plan Width": 0, "Actual Startup Time": 0.777, "Actual Total Time": 0.777, "Actual Rows": 3924, "Actual Loops": 1, "Index Cond": "(s_nationkey = public.nation.n_nationkey)"}]}]}, {"Node Type": "Index Scan", "Parent Relationship": "Inner", "Scan Direction": "Forward", "Index Name": "idx_partsupp_suppkey", "Relation Name": "partsupp", "Alias": "partsupp", "Startup Cost": 0.0, "Total Cost": 9.33, "Plan Rows": 13, "Plan Width": 24, "Actual Startup Time": 48.522, "Actual Total Time": 582.276, "Actual Rows": 313920, "Actual Loops": 3924, "Index Cond": "(ps_suppkey = public.supplier.s_suppkey)", "Rows Removed by Index Recheck": 0}]}]}, {"Node Type": "Aggregate", "Strategy": "Hashed", "Parent Relationship": "Outer", "Startup Cost": 41298.47, "Total Cost": 41970.72, "Plan Rows": 53780, "Plan Width": 40, "Actual Startup Time": 1867.28, "Actual Total Time": 1867.28, "Actual Rows": 0, "Actual Loops": 1, "Group By Key": ["public.partsupp.ps_partkey"], "Filter": "(sum((public.partsupp.ps_supplycost * (public.partsupp.ps_availqty)::double precision)) > $2)", "Rows Removed by Filter": 295792, "Plans": [{"Node Type": "Nested Loop", "Parent Relationship": "Outer", "Join Type": "Inner", "Startup Cost": 95.25, "Total Cost": 40357.32, "Plan Rows": 53780, "Plan Width": 24, "Actual Startup Time": 1.055, "Actual Total Time": 684.172, "Actual Rows": 313920, "Actual Loops": 1, "Inner Unique": false, "Plans": [{"Node Type": "Nested Loop", "Parent Relationship": "Outer", "Join Type": "Inner", "Startup Cost": 95.25, "Total Cost": 2533.35, "Plan Rows": 4000, "Plan Width": 8, "Actual Startup Time": 1.024, "Actual Total Time": 8.574, "Actual Rows": 3924, "Actual Loops": 1, "Inner Unique": false, "Plans": [{"Node Type": "Seq Scan", "Parent Relationship": "Outer", "Relation Name": "nation", "Alias": "nation", "Startup Cost": 0.0, "Total Cost": 1.31, "Plan Rows": 1, "Plan Width": 4, "Actual Startup Time": 0.032, "Actual Total Time": 0.044, "Actual Rows": 1, "Actual Loops": 1, "Filter": "(n_name = 'MOZAMBIQUE'::bpchar)", "Rows Removed by Filter": 24}, {"Node Type": "Bitmap Heap Scan", "Parent Relationship": "Inner", "Relation Name": "supplier", "Alias": "supplier", "Startup Cost": 95.25, "Total Cost": 2492.04, "Plan Rows": 4000, "Plan Width": 12, "Actual Startup Time": 0.985, "Actual Total Time": 7.583, "Actual Rows": 3924, "Actual Loops": 1, "Recheck Cond": "(s_nationkey = public.nation.n_nationkey)", "Rows Removed by Index Recheck": 0, "Exact Heap Blocks": 1895, "Lossy Heap Blocks": 1895, "Plans": [{"Node Type": "Bitmap Index Scan", "Parent Relationship": "Outer", "Index Name": "idx_supplier_nation_key", "Startup Cost": 0.0, "Total Cost": 94.25, "Plan Rows": 4000, "Plan Width": 0, "Actual Startup Time": 0.705, "Actual Total Time": 0.705, "Actual Rows": 3924, "Actual Loops": 1, "Index Cond": "(s_nationkey = public.nation.n_nationkey)"}]}]}, {"Node Type": "Index Scan", "Parent Relationship": "Inner", "Scan Direction": "Forward", "Index Name": "idx_partsupp_suppkey", "Relation Name": "partsupp", "Alias": "partsupp", "Startup Cost": 0.0, "Total Cost": 9.33, "Plan Rows": 13, "Plan Width": 32, "Actual Startup Time": 49.919, "Actual Total Time": 602.753, "Actual Rows": 313920, "Actual Loops": 3924, "Index Cond": "(ps_suppkey = public.supplier.s_suppkey)", "Rows Removed by Index Recheck": 0}]}]}]}, "Triggers": [], "Planner Runtime": 0, "Total Runtime": 1868.014, "Unique SQL Id": 2932834211}}, "(16, 1)": {"explain_plan": {"Plan": {"Node Type": "Sort", "Startup Cost": 86979.86, "Total Cost": 87114.31, "Plan Rows": 53780, "Plan Width": 40, "Sort Key": ["(sum((public.partsupp.ps_supplycost * (public.partsupp.ps_availqty)::double precision))) DESC"], "Plans": [{"Node Type": "Aggregate", "Strategy": "Plain", "Parent Relationship": "exec_init_plan", "Subplan Name": "InitPlan 1 (returns $2)", "Startup Cost": 40772.04, "Total Cost": 40772.06, "Plan Rows": 1, "Plan Width": 24, "Plans": [{"Node Type": "Nested Loop", "Parent Relationship": "Outer", "Join Type": "Inner", "Startup Cost": 95.25, "Total Cost": 40368.69, "Plan Rows": 53780, "Plan Width": 16, "Inner Unique": false, "Plans": [{"Node Type": "Nested Loop", "Parent Relationship": "Outer", "Join Type": "Inner", "Startup Cost": 95.25, "Total Cost": 2544.73, "Plan Rows": 4000, "Plan Width": 8, "Inner Unique": false, "Plans": [{"Node Type": "Index Scan", "Parent Relationship": "Outer", "Scan Direction": "Forward", "Index Name": "nation_pkey", "Relation Name": "nation", "Alias": "nation", "Startup Cost": 0.0, "Total Cost": 12.69, "Plan Rows": 1, "Plan Width": 4, "Filter": "(n_name = 'MOZAMBIQUE'::bpchar)"}, {"Node Type": "Bitmap Heap Scan", "Parent Relationship": "Inner", "Relation Name": "supplier", "Alias": "supplier", "Startup Cost": 95.25, "Total Cost": 2492.04, "Plan Rows": 4000, "Plan Width": 12, "Recheck Cond": "(s_nationkey = public.nation.n_nationkey)", "Plans": [{"Node Type": "Bitmap Index Scan", "Parent Relationship": "Outer", "Index Name": "idx_supplier_nation_key", "Startup Cost": 0.0, "Total Cost": 94.25, "Plan Rows": 4000, "Plan Width": 0, "Index Cond": "(s_nationkey = public.nation.n_nationkey)"}]}]}, {"Node Type": "Index Scan", "Parent Relationship": "Inner", "Scan Direction": "Forward", "Index Name": "idx_partsupp_suppkey", "Relation Name": "partsupp", "Alias": "partsupp", "Startup Cost": 0.0, "Total Cost": 9.33, "Plan Rows": 13, "Plan Width": 24, "Index Cond": "(ps_suppkey = public.supplier.s_suppkey)"}]}]}, {"Node Type": "Aggregate", "Strategy": "Hashed", "Parent Relationship": "Outer", "Startup Cost": 41309.84, "Total Cost": 41982.09, "Plan Rows": 53780, "Plan Width": 40, "Group By Key": ["public.partsupp.ps_partkey"], "Filter": "(sum((public.partsupp.ps_supplycost * (public.partsupp.ps_availqty)::double precision)) > $2)", "Plans": [{"Node Type": "Nested Loop", "Parent Relationship": "Outer", "Join Type": "Inner", "Startup Cost": 95.25, "Total Cost": 40368.69, "Plan Rows": 53780, "Plan Width": 24, "Inner Unique": false, "Plans": [{"Node Type": "Nested Loop", "Parent Relationship": "Outer", "Join Type": "Inner", "Startup Cost": 95.25, "Total Cost": 2544.73, "Plan Rows": 4000, "Plan Width": 8, "Inner Unique": false, "Plans": [{"Node Type": "Index Scan", "Parent Relationship": "Outer", "Scan Direction": "Forward", "Index Name": "nation_pkey", "Relation Name": "nation", "Alias": "nation", "Startup Cost": 0.0, "Total Cost": 12.69, "Plan Rows": 1, "Plan Width": 4, "Filter": "(n_name = 'MOZAMBIQUE'::bpchar)"}, {"Node Type": "Bitmap Heap Scan", "Parent Relationship": "Inner", "Relation Name": "supplier", "Alias": "supplier", "Startup Cost": 95.25, "Total Cost": 2492.04, "Plan Rows": 4000, "Plan Width": 12, "Recheck Cond": "(s_nationkey = public.nation.n_nationkey)", "Plans": [{"Node Type": "Bitmap Index Scan", "Parent Relationship": "Outer", "Index Name": "idx_supplier_nation_key", "Startup Cost": 0.0, "Total Cost": 94.25, "Plan Rows": 4000, "Plan Width": 0, "Index Cond": "(s_nationkey = public.nation.n_nationkey)"}]}]}, {"Node Type": "Index Scan", "Parent Relationship": "Inner", "Scan Direction": "Forward", "Index Name": "idx_partsupp_suppkey", "Relation Name": "partsupp", "Alias": "partsupp", "Startup Cost": 0.0, "Total Cost": 9.33, "Plan Rows": 13, "Plan Width": 32, "Index Cond": "(ps_suppkey = public.supplier.s_suppkey)"}]}]}]}, "Unique SQL Id": 2932834211, "Planner Runtime": 2}, "explain_analyze_plan": {"Plan": {"Node Type": "Sort", "Startup Cost": 86979.86, "Total Cost": 87114.31, "Plan Rows": 53780, "Plan Width": 40, "Actual Startup Time": 2004.071, "Actual Total Time": 2004.071, "Actual Rows": 0, "Actual Loops": 1, "Sort Key": ["(sum((public.partsupp.ps_supplycost * (public.partsupp.ps_availqty)::double precision))) DESC"], "Sort Method": "quicksort", "Sort Space Used": 25, "Sort Space Type": "Memory", "Plans": [{"Node Type": "Aggregate", "Strategy": "Plain", "Parent Relationship": "exec_init_plan", "Subplan Name": "InitPlan 1 (returns $2)", "Startup Cost": 40772.04, "Total Cost": 40772.06, "Plan Rows": 1, "Plan Width": 24, "Actual Startup Time": 813.993, "Actual Total Time": 813.994, "Actual Rows": 1, "Actual Loops": 1, "Plans": [{"Node Type": "Nested Loop", "Parent Relationship": "Outer", "Join Type": "Inner", "Startup Cost": 95.25, "Total Cost": 40368.69, "Plan Rows": 53780, "Plan Width": 16, "Actual Startup Time": 1.031, "Actual Total Time": 679.613, "Actual Rows": 313920, "Actual Loops": 1, "Inner Unique": false, "Plans": [{"Node Type": "Nested Loop", "Parent Relationship": "Outer", "Join Type": "Inner", "Startup Cost": 95.25, "Total Cost": 2544.73, "Plan Rows": 4000, "Plan Width": 8, "Actual Startup Time": 1.007, "Actual Total Time": 8.373, "Actual Rows": 3924, "Actual Loops": 1, "Inner Unique": false, "Plans": [{"Node Type": "Index Scan", "Parent Relationship": "Outer", "Scan Direction": "Forward", "Index Name": "nation_pkey", "Relation Name": "nation", "Alias": "nation", "Startup Cost": 0.0, "Total Cost": 12.69, "Plan Rows": 1, "Plan Width": 4, "Actual Startup Time": 0.027, "Actual Total Time": 0.082, "Actual Rows": 1, "Actual Loops": 1, "Filter": "(n_name = 'MOZAMBIQUE'::bpchar)", "Rows Removed by Filter": 24}, {"Node Type": "Bitmap Heap Scan", "Parent Relationship": "Inner", "Relation Name": "supplier", "Alias": "supplier", "Startup Cost": 95.25, "Total Cost": 2492.04, "Plan Rows": 4000, "Plan Width": 12, "Actual Startup Time": 0.966, "Actual Total Time": 7.31, "Actual Rows": 3924, "Actual Loops": 1, "Recheck Cond": "(s_nationkey = public.nation.n_nationkey)", "Rows Removed by Index Recheck": 0, "Exact Heap Blocks": 1895, "Lossy Heap Blocks": 1895, "Plans": [{"Node Type": "Bitmap Index Scan", "Parent Relationship": "Outer", "Index Name": "idx_supplier_nation_key", "Startup Cost": 0.0, "Total Cost": 94.25, "Plan Rows": 4000, "Plan Width": 0, "Actual Startup Time": 0.678, "Actual Total Time": 0.678, "Actual Rows": 3924, "Actual Loops": 1, "Index Cond": "(s_nationkey = public.nation.n_nationkey)"}]}]}, {"Node Type": "Index Scan", "Parent Relationship": "Inner", "Scan Direction": "Forward", "Index Name": "idx_partsupp_suppkey", "Relation Name": "partsupp", "Alias": "partsupp", "Startup Cost": 0.0, "Total Cost": 9.33, "Plan Rows": 13, "Plan Width": 24, "Actual Startup Time": 46.974, "Actual Total Time": 604.92, "Actual Rows": 313920, "Actual Loops": 3924, "Index Cond": "(ps_suppkey = public.supplier.s_suppkey)", "Rows Removed by Index Recheck": 0}]}]}, {"Node Type": "Aggregate", "Strategy": "Hashed", "Parent Relationship": "Outer", "Startup Cost": 41309.84, "Total Cost": 41982.09, "Plan Rows": 53780, "Plan Width": 40, "Actual Startup Time": 2003.564, "Actual Total Time": 2003.564, "Actual Rows": 0, "Actual Loops": 1, "Group By Key": ["public.partsupp.ps_partkey"], "Filter": "(sum((public.partsupp.ps_supplycost * (public.partsupp.ps_availqty)::double precision)) > $2)", "Rows Removed by Filter": 295792, "Plans": [{"Node Type": "Nested Loop", "Parent Relationship": "Outer", "Join Type": "Inner", "Startup Cost": 95.25, "Total Cost": 40368.69, "Plan Rows": 53780, "Plan Width": 24, "Actual Startup Time": 1.126, "Actual Total Time": 773.104, "Actual Rows": 313920, "Actual Loops": 1, "Inner Unique": false, "Plans": [{"Node Type": "Nested Loop", "Parent Relationship": "Outer", "Join Type": "Inner", "Startup Cost": 95.25, "Total Cost": 2544.73, "Plan Rows": 4000, "Plan Width": 8, "Actual Startup Time": 1.098, "Actual Total Time": 9.874, "Actual Rows": 3924, "Actual Loops": 1, "Inner Unique": false, "Plans": [{"Node Type": "Index Scan", "Parent Relationship": "Outer", "Scan Direction": "Forward", "Index Name": "nation_pkey", "Relation Name": "nation", "Alias": "nation", "Startup Cost": 0.0, "Total Cost": 12.69, "Plan Rows": 1, "Plan Width": 4, "Actual Startup Time": 0.032, "Actual Total Time": 0.045, "Actual Rows": 1, "Actual Loops": 1, "Filter": "(n_name = 'MOZAMBIQUE'::bpchar)", "Rows Removed by Filter": 24}, {"Node Type": "Bitmap Heap Scan", "Parent Relationship": "Inner", "Relation Name": "supplier", "Alias": "supplier", "Startup Cost": 95.25, "Total Cost": 2492.04, "Plan Rows": 4000, "Plan Width": 12, "Actual Startup Time": 1.058, "Actual Total Time": 8.873, "Actual Rows": 3924, "Actual Loops": 1, "Recheck Cond": "(s_nationkey = public.nation.n_nationkey)", "Rows Removed by Index Recheck": 0, "Exact Heap Blocks": 1895, "Lossy Heap Blocks": 1895, "Plans": [{"Node Type": "Bitmap Index Scan", "Parent Relationship": "Outer", "Index Name": "idx_supplier_nation_key", "Startup Cost": 0.0, "Total Cost": 94.25, "Plan Rows": 4000, "Plan Width": 0, "Actual Startup Time": 0.766, "Actual Total Time": 0.766, "Actual Rows": 3924, "Actual Loops": 1, "Index Cond": "(s_nationkey = public.nation.n_nationkey)"}]}]}, {"Node Type": "Index Scan", "Parent Relationship": "Inner", "Scan Direction": "Forward", "Index Name": "idx_partsupp_suppkey", "Relation Name": "partsupp", "Alias": "partsupp", "Startup Cost": 0.0, "Total Cost": 9.33, "Plan Rows": 13, "Plan Width": 32, "Actual Startup Time": 55.084, "Actual Total Time": 692.047, "Actual Rows": 313920, "Actual Loops": 3924, "Index Cond": "(ps_suppkey = public.supplier.s_suppkey)", "Rows Removed by Index Recheck": 0}]}]}]}, "Triggers": [], "Planner Runtime": 0, "Total Runtime": 2004.504, "Unique SQL Id": 2932834211}}, "(16, 2)": {"explain_plan": {"Plan": {"Node Type": "Sort", "Startup Cost": 90032.55, "Total Cost": 90167.0, "Plan Rows": 53780, "Plan Width": 40, "Sort Key": ["(sum((public.partsupp.ps_supplycost * (public.partsupp.ps_availqty)::double precision))) DESC"], "Plans": [{"Node Type": "Aggregate", "Strategy": "Plain", "Parent Relationship": "exec_init_plan", "Subplan Name": "InitPlan 1 (returns $2)", "Startup Cost": 42298.39, "Total Cost": 42298.4, "Plan Rows": 1, "Plan Width": 24, "Plans": [{"Node Type": "Nested Loop", "Parent Relationship": "Outer", "Join Type": "Inner", "Startup Cost": 96.82, "Total Cost": 41895.04, "Plan Rows": 53780, "Plan Width": 16, "Inner Unique": false, "Plans": [{"Node Type": "Nested Loop", "Parent Relationship": "Outer", "Join Type": "Inner", "Startup Cost": 95.25, "Total Cost": 2533.35, "Plan Rows": 4000, "Plan Width": 8, "Inner Unique": false, "Plans": [{"Node Type": "Seq Scan", "Parent Relationship": "Outer", "Relation Name": "nation", "Alias": "nation", "Startup Cost": 0.0, "Total Cost": 1.31, "Plan Rows": 1, "Plan Width": 4, "Filter": "(n_name = 'MOZAMBIQUE'::bpchar)"}, {"Node Type": "Bitmap Heap Scan", "Parent Relationship": "Inner", "Relation Name": "supplier", "Alias": "supplier", "Startup Cost": 95.25, "Total Cost": 2492.04, "Plan Rows": 4000, "Plan Width": 12, "Recheck Cond": "(s_nationkey = public.nation.n_nationkey)", "Plans": [{"Node Type": "Bitmap Index Scan", "Parent Relationship": "Outer", "Index Name": "idx_supplier_nation_key", "Startup Cost": 0.0, "Total Cost": 94.25, "Plan Rows": 4000, "Plan Width": 0, "Index Cond": "(s_nationkey = public.nation.n_nationkey)"}]}]}, {"Node Type": "Bitmap Heap Scan", "Parent Relationship": "Inner", "Relation Name": "partsupp", "Alias": "partsupp", "Startup Cost": 1.57, "Total Cost": 9.71, "Plan Rows": 13, "Plan Width": 24, "Recheck Cond": "(ps_suppkey = public.supplier.s_suppkey)", "Plans": [{"Node Type": "Bitmap Index Scan", "Parent Relationship": "Outer", "Index Name": "idx_partsupp_suppkey", "Startup Cost": 0.0, "Total Cost": 1.56, "Plan Rows": 13, "Plan Width": 0, "Index Cond": "(ps_suppkey = public.supplier.s_suppkey)"}]}]}]}, {"Node Type": "Aggregate", "Strategy": "Hashed", "Parent Relationship": "Outer", "Startup Cost": 42836.19, "Total Cost": 43508.44, "Plan Rows": 53780, "Plan Width": 40, "Group By Key": ["public.partsupp.ps_partkey"], "Filter": "(sum((public.partsupp.ps_supplycost * (public.partsupp.ps_availqty)::double precision)) > $2)", "Plans": [{"Node Type": "Nested Loop", "Parent Relationship": "Outer", "Join Type": "Inner", "Startup Cost": 96.82, "Total Cost": 41895.04, "Plan Rows": 53780, "Plan Width": 24, "Inner Unique": false, "Plans": [{"Node Type": "Nested Loop", "Parent Relationship": "Outer", "Join Type": "Inner", "Startup Cost": 95.25, "Total Cost": 2533.35, "Plan Rows": 4000, "Plan Width": 8, "Inner Unique": false, "Plans": [{"Node Type": "Seq Scan", "Parent Relationship": "Outer", "Relation Name": "nation", "Alias": "nation", "Startup Cost": 0.0, "Total Cost": 1.31, "Plan Rows": 1, "Plan Width": 4, "Filter": "(n_name = 'MOZAMBIQUE'::bpchar)"}, {"Node Type": "Bitmap Heap Scan", "Parent Relationship": "Inner", "Relation Name": "supplier", "Alias": "supplier", "Startup Cost": 95.25, "Total Cost": 2492.04, "Plan Rows": 4000, "Plan Width": 12, "Recheck Cond": "(s_nationkey = public.nation.n_nationkey)", "Plans": [{"Node Type": "Bitmap Index Scan", "Parent Relationship": "Outer", "Index Name": "idx_supplier_nation_key", "Startup Cost": 0.0, "Total Cost": 94.25, "Plan Rows": 4000, "Plan Width": 0, "Index Cond": "(s_nationkey = public.nation.n_nationkey)"}]}]}, {"Node Type": "Bitmap Heap Scan", "Parent Relationship": "Inner", "Relation Name": "partsupp", "Alias": "partsupp", "Startup Cost": 1.57, "Total Cost": 9.71, "Plan Rows": 13, "Plan Width": 32, "Recheck Cond": "(ps_suppkey = public.supplier.s_suppkey)", "Plans": [{"Node Type": "Bitmap Index Scan", "Parent Relationship": "Outer", "Index Name": "idx_partsupp_suppkey", "Startup Cost": 0.0, "Total Cost": 1.56, "Plan Rows": 13, "Plan Width": 0, "Index Cond": "(ps_suppkey = public.supplier.s_suppkey)"}]}]}]}]}, "Unique SQL Id": 2932834211, "Planner Runtime": 2}, "explain_analyze_plan": {"Plan": {"Node Type": "Sort", "Startup Cost": 90032.55, "Total Cost": 90167.0, "Plan Rows": 53780, "Plan Width": 40, "Actual Startup Time": 2259.599, "Actual Total Time": 2259.599, "Actual Rows": 0, "Actual Loops": 1, "Sort Key": ["(sum((public.partsupp.ps_supplycost * (public.partsupp.ps_availqty)::double precision))) DESC"], "Sort Method": "quicksort", "Sort Space Used": 25, "Sort Space Type": "Memory", "Plans": [{"Node Type": "Aggregate", "Strategy": "Plain", "Parent Relationship": "exec_init_plan", "Subplan Name": "InitPlan 1 (returns $2)", "Startup Cost": 42298.39, "Total Cost": 42298.4, "Plan Rows": 1, "Plan Width": 24, "Actual Startup Time": 1008.942, "Actual Total Time": 1008.942, "Actual Rows": 1, "Actual Loops": 1, "Plans": [{"Node Type": "Nested Loop", "Parent Relationship": "Outer", "Join Type": "Inner", "Startup Cost": 96.82, "Total Cost": 41895.04, "Plan Rows": 53780, "Plan Width": 16, "Actual Startup Time": 1.124, "Actual Total Time": 881.219, "Actual Rows": 313920, "Actual Loops": 1, "Inner Unique": false, "Plans": [{"Node Type": "Nested Loop", "Parent Relationship": "Outer", "Join Type": "Inner", "Startup Cost": 95.25, "Total Cost": 2533.35, "Plan Rows": 4000, "Plan Width": 8, "Actual Startup Time": 1.07, "Actual Total Time": 9.391, "Actual Rows": 3924, "Actual Loops": 1, "Inner Unique": false, "Plans": [{"Node Type": "Seq Scan", "Parent Relationship": "Outer", "Relation Name": "nation", "Alias": "nation", "Startup Cost": 0.0, "Total Cost": 1.31, "Plan Rows": 1, "Plan Width": 4, "Actual Startup Time": 0.042, "Actual Total Time": 0.058, "Actual Rows": 1, "Actual Loops": 1, "Filter": "(n_name = 'MOZAMBIQUE'::bpchar)", "Rows Removed by Filter": 24}, {"Node Type": "Bitmap Heap Scan", "Parent Relationship": "Inner", "Relation Name": "supplier", "Alias": "supplier", "Startup Cost": 95.25, "Total Cost": 2492.04, "Plan Rows": 4000, "Plan Width": 12, "Actual Startup Time": 1.019, "Actual Total Time": 8.327, "Actual Rows": 3924, "Actual Loops": 1, "Recheck Cond": "(s_nationkey = public.nation.n_nationkey)", "Rows Removed by Index Recheck": 0, "Exact Heap Blocks": 1895, "Lossy Heap Blocks": 1895, "Plans": [{"Node Type": "Bitmap Index Scan", "Parent Relationship": "Outer", "Index Name": "idx_supplier_nation_key", "Startup Cost": 0.0, "Total Cost": 94.25, "Plan Rows": 4000, "Plan Width": 0, "Actual Startup Time": 0.744, "Actual Total Time": 0.744, "Actual Rows": 3924, "Actual Loops": 1, "Index Cond": "(s_nationkey = public.nation.n_nationkey)"}]}]}, {"Node Type": "Bitmap Heap Scan", "Parent Relationship": "Inner", "Relation Name": "partsupp", "Alias": "partsupp", "Startup Cost": 1.57, "Total Cost": 9.71, "Plan Rows": 13, "Plan Width": 24, "Actual Startup Time": 110.886, "Actual Total Time": 803.989, "Actual Rows": 313920, "Actual Loops": 3924, "Recheck Cond": "(ps_suppkey = public.supplier.s_suppkey)", "Rows Removed by Index Recheck": 0, "Exact Heap Blocks": 313920, "Lossy Heap Blocks": 313920, "Plans": [{"Node Type": "Bitmap Index Scan", "Parent Relationship": "Outer", "Index Name": "idx_partsupp_suppkey", "Startup Cost": 0.0, "Total Cost": 1.56, "Plan Rows": 13, "Plan Width": 0, "Actual Startup Time": 71.169, "Actual Total Time": 71.169, "Actual Rows": 313920, "Actual Loops": 3924, "Index Cond": "(ps_suppkey = public.supplier.s_suppkey)"}]}]}]}, {"Node Type": "Aggregate", "Strategy": "Hashed", "Parent Relationship": "Outer", "Startup Cost": 42836.19, "Total Cost": 43508.44, "Plan Rows": 53780, "Plan Width": 40, "Actual Startup Time": 2259.097, "Actual Total Time": 2259.097, "Actual Rows": 0, "Actual Loops": 1, "Group By Key": ["public.partsupp.ps_partkey"], "Filter": "(sum((public.partsupp.ps_supplycost * (public.partsupp.ps_availqty)::double precision)) > $2)", "Rows Removed by Filter": 295792, "Plans": [{"Node Type": "Nested Loop", "Parent Relationship": "Outer", "Join Type": "Inner", "Startup Cost": 96.82, "Total Cost": 41895.04, "Plan Rows": 53780, "Plan Width": 24, "Actual Startup Time": 1.137, "Actual Total Time": 834.966, "Actual Rows": 313920, "Actual Loops": 1, "Inner Unique": false, "Plans": [{"Node Type": "Nested Loop", "Parent Relationship": "Outer", "Join Type": "Inner", "Startup Cost": 95.25, "Total Cost": 2533.35, "Plan Rows": 4000, "Plan Width": 8, "Actual Startup Time": 1.088, "Actual Total Time": 8.572, "Actual Rows": 3924, "Actual Loops": 1, "Inner Unique": false, "Plans": [{"Node Type": "Seq Scan", "Parent Relationship": "Outer", "Relation Name": "nation", "Alias": "nation", "Startup Cost": 0.0, "Total Cost": 1.31, "Plan Rows": 1, "Plan Width": 4, "Actual Startup Time": 0.03, "Actual Total Time": 0.044, "Actual Rows": 1, "Actual Loops": 1, "Filter": "(n_name = 'MOZAMBIQUE'::bpchar)", "Rows Removed by Filter": 24}, {"Node Type": "Bitmap Heap Scan", "Parent Relationship": "Inner", "Relation Name": "supplier", "Alias": "supplier", "Startup Cost": 95.25, "Total Cost": 2492.04, "Plan Rows": 4000, "Plan Width": 12, "Actual Startup Time": 1.052, "Actual Total Time": 7.612, "Actual Rows": 3924, "Actual Loops": 1, "Recheck Cond": "(s_nationkey = public.nation.n_nationkey)", "Rows Removed by Index Recheck": 0, "Exact Heap Blocks": 1895, "Lossy Heap Blocks": 1895, "Plans": [{"Node Type": "Bitmap Index Scan", "Parent Relationship": "Outer", "Index Name": "idx_supplier_nation_key", "Startup Cost": 0.0, "Total Cost": 94.25, "Plan Rows": 4000, "Plan Width": 0, "Actual Startup Time": 0.77, "Actual Total Time": 0.77, "Actual Rows": 3924, "Actual Loops": 1, "Index Cond": "(s_nationkey = public.nation.n_nationkey)"}]}]}, {"Node Type": "Bitmap Heap Scan", "Parent Relationship": "Inner", "Relation Name": "partsupp", "Alias": "partsupp", "Startup Cost": 1.57, "Total Cost": 9.71, "Plan Rows": 13, "Plan Width": 32, "Actual Startup Time": 109.514, "Actual Total Time": 752.491, "Actual Rows": 313920, "Actual Loops": 3924, "Recheck Cond": "(ps_suppkey = public.supplier.s_suppkey)", "Rows Removed by Index Recheck": 0, "Exact Heap Blocks": 313920, "Lossy Heap Blocks": 313920, "Plans": [{"Node Type": "Bitmap Index Scan", "Parent Relationship": "Outer", "Index Name": "idx_partsupp_suppkey", "Startup Cost": 0.0, "Total Cost": 1.56, "Plan Rows": 13, "Plan Width": 0, "Actual Startup Time": 70.02, "Actual Total Time": 70.02, "Actual Rows": 313920, "Actual Loops": 3924, "Index Cond": "(ps_suppkey = public.supplier.s_suppkey)"}]}]}]}]}, "Triggers": [], "Planner Runtime": 0, "Total Runtime": 2259.921, "Unique SQL Id": 2932834211}}, "(16, 3)": {"explain_plan": {"Plan": {"Node Type": "Sort", "Startup Cost": 2000084159245.82, "Total Cost": 2000084159380.27, "Plan Rows": 53780, "Plan Width": 40, "Sort Key": ["(sum((public.partsupp.ps_supplycost * (public.partsupp.ps_availqty)::double precision))) DESC"], "Plans": [{"Node Type": "Aggregate", "Strategy": "Plain", "Parent Relationship": "exec_init_plan", "Subplan Name": "InitPlan 1 (returns $2)", "Startup Cost": 1000001001502.42, "Total Cost": 1000001001502.43, "Plan Rows": 1, "Plan Width": 24, "Plans": [{"Node Type": "Nested Loop", "Parent Relationship": "Outer", "Join Type": "Inner", "Startup Cost": 10000000001.83, "Total Cost": 1000001001099.07, "Plan Rows": 53780, "Plan Width": 16, "Inner Unique": false, "Plans": [{"Node Type": "Nested Loop", "Parent Relationship": "Outer", "Join Type": "Inner", "Startup Cost": 10000000000.26, "Total Cost": 1000000961737.38, "Plan Rows": 4000, "Plan Width": 8, "Inner Unique": true, "Plans": [{"Node Type": "Index Scan", "Parent Relationship": "Outer", "Scan Direction": "Forward", "Index Name": "supplier_pkey", "Relation Name": "supplier", "Alias": "supplier", "Startup Cost": 10000000000.0, "Total Cost": 1000000533454.38, "Plan Rows": 100000, "Plan Width": 12}, {"Node Type": "Bitmap Heap Scan", "Parent Relationship": "Inner", "Relation Name": "nation", "Alias": "nation", "Startup Cost": 0.26, "Total Cost": 4.27, "Plan Rows": 1, "Plan Width": 4, "Recheck Cond": "(n_nationkey = public.supplier.s_nationkey)", "Filter": "(n_name = 'MOZAMBIQUE'::bpchar)", "Plans": [{"Node Type": "Bitmap Index Scan", "Parent Relationship": "Outer", "Index Name": "nation_pkey", "Startup Cost": 0.0, "Total Cost": 0.26, "Plan Rows": 1, "Plan Width": 0, "Index Cond": "(n_nationkey = public.supplier.s_nationkey)"}]}]}, {"Node Type": "Bitmap Heap Scan", "Parent Relationship": "Inner", "Relation Name": "partsupp", "Alias": "partsupp", "Startup Cost": 1.57, "Total Cost": 9.71, "Plan Rows": 13, "Plan Width": 24, "Recheck Cond": "(ps_suppkey = public.supplier.s_suppkey)", "Plans": [{"Node Type": "Bitmap Index Scan", "Parent Relationship": "Outer", "Index Name": "idx_partsupp_suppkey", "Startup Cost": 0.0, "Total Cost": 1.56, "Plan Rows": 13, "Plan Width": 0, "Index Cond": "(ps_suppkey = public.supplier.s_suppkey)"}]}]}]}, {"Node Type": "Aggregate", "Strategy": "Hashed", "Parent Relationship": "Outer", "Startup Cost": 1000083152845.44, "Total Cost": 1000083153517.69, "Plan Rows": 53780, "Plan Width": 40, "Group By Key": ["public.partsupp.ps_partkey"], "Filter": "(sum((public.partsupp.ps_supplycost * (public.partsupp.ps_availqty)::double precision)) > $2)", "Plans": [{"Node Type": "Nested Loop", "Parent Relationship": "Outer", "Join Type": "Inner", "Startup Cost": 10000000000.52, "Total Cost": 1000083151904.29, "Plan Rows": 53780, "Plan Width": 24, "Inner Unique": true, "Plans": [{"Node Type": "Nested Loop", "Parent Relationship": "Outer", "Join Type": "Inner", "Startup Cost": 10000000000.26, "Total Cost": 1000077393643.64, "Plan Rows": 1344499, "Plan Width": 28, "Inner Unique": true, "Plans": [{"Node Type": "Index Scan", "Parent Relationship": "Outer", "Scan Direction": "Forward", "Index Name": "idx_partsupp_partkey", "Relation Name": "partsupp", "Alias": "partsupp", "Startup Cost": 10000000000.0, "Total Cost": 1000043148503.38, "Plan Rows": 8000372, "Plan Width": 32}, {"Node Type": "Bitmap Heap Scan", "Parent Relationship": "Inner", "Relation Name": "supplier", "Alias": "supplier", "Startup Cost": 0.26, "Total Cost": 4.27, "Plan Rows": 1, "Plan Width": 12, "Recheck Cond": "(s_suppkey = public.partsupp.ps_suppkey)", "Plans": [{"Node Type": "Bitmap Index Scan", "Parent Relationship": "Outer", "Index Name": "supplier_pkey", "Startup Cost": 0.0, "Total Cost": 0.26, "Plan Rows": 1, "Plan Width": 0, "Index Cond": "(s_suppkey = public.partsupp.ps_suppkey)"}]}]}, {"Node Type": "Bitmap Heap Scan", "Parent Relationship": "Inner", "Relation Name": "nation", "Alias": "nation", "Startup Cost": 0.26, "Total Cost": 4.27, "Plan Rows": 1, "Plan Width": 4, "Recheck Cond": "(n_nationkey = public.supplier.s_nationkey)", "Filter": "(n_name = 'MOZAMBIQUE'::bpchar)", "Plans": [{"Node Type": "Bitmap Index Scan", "Parent Relationship": "Outer", "Index Name": "nation_pkey", "Startup Cost": 0.0, "Total Cost": 0.26, "Plan Rows": 1, "Plan Width": 0, "Index Cond": "(n_nationkey = public.supplier.s_nationkey)"}]}]}]}]}, "Unique SQL Id": 2932834211, "Planner Runtime": 2}, "explain_analyze_plan": null}, "(16, 4)": {"explain_plan": {"Plan": {"Node Type": "Sort", "Startup Cost": 86957.11, "Total Cost": 87091.56, "Plan Rows": 53780, "Plan Width": 40, "Sort Key": ["(sum((public.partsupp.ps_supplycost * (public.partsupp.ps_availqty)::double precision))) DESC"], "Plans": [{"Node Type": "Aggregate", "Strategy": "Plain", "Parent Relationship": "exec_init_plan", "Subplan Name": "InitPlan 1 (returns $2)", "Startup Cost": 40760.67, "Total Cost": 40760.68, "Plan Rows": 1, "Plan Width": 24, "Plans": [{"Node Type": "Nested Loop", "Parent Relationship": "Outer", "Join Type": "Inner", "Startup Cost": 95.25, "Total Cost": 40357.32, "Plan Rows": 53780, "Plan Width": 16, "Inner Unique": false, "Plans": [{"Node Type": "Nested Loop", "Parent Relationship": "Outer", "Join Type": "Inner", "Startup Cost": 95.25, "Total Cost": 2533.35, "Plan Rows": 4000, "Plan Width": 8, "Inner Unique": false, "Plans": [{"Node Type": "Seq Scan", "Parent Relationship": "Outer", "Relation Name": "nation", "Alias": "nation", "Startup Cost": 0.0, "Total Cost": 1.31, "Plan Rows": 1, "Plan Width": 4, "Filter": "(n_name = 'MOZAMBIQUE'::bpchar)"}, {"Node Type": "Bitmap Heap Scan", "Parent Relationship": "Inner", "Relation Name": "supplier", "Alias": "supplier", "Startup Cost": 95.25, "Total Cost": 2492.04, "Plan Rows": 4000, "Plan Width": 12, "Recheck Cond": "(s_nationkey = public.nation.n_nationkey)", "Plans": [{"Node Type": "Bitmap Index Scan", "Parent Relationship": "Outer", "Index Name": "idx_supplier_nation_key", "Startup Cost": 0.0, "Total Cost": 94.25, "Plan Rows": 4000, "Plan Width": 0, "Index Cond": "(s_nationkey = public.nation.n_nationkey)"}]}]}, {"Node Type": "Index Scan", "Parent Relationship": "Inner", "Scan Direction": "Forward", "Index Name": "idx_partsupp_suppkey", "Relation Name": "partsupp", "Alias": "partsupp", "Startup Cost": 0.0, "Total Cost": 9.33, "Plan Rows": 13, "Plan Width": 24, "Index Cond": "(ps_suppkey = public.supplier.s_suppkey)"}]}]}, {"Node Type": "Aggregate", "Strategy": "Hashed", "Parent Relationship": "Outer", "Startup Cost": 41298.47, "Total Cost": 41970.72, "Plan Rows": 53780, "Plan Width": 40, "Group By Key": ["public.partsupp.ps_partkey"], "Filter": "(sum((public.partsupp.ps_supplycost * (public.partsupp.ps_availqty)::double precision)) > $2)", "Plans": [{"Node Type": "Nested Loop", "Parent Relationship": "Outer", "Join Type": "Inner", "Startup Cost": 95.25, "Total Cost": 40357.32, "Plan Rows": 53780, "Plan Width": 24, "Inner Unique": false, "Plans": [{"Node Type": "Nested Loop", "Parent Relationship": "Outer", "Join Type": "Inner", "Startup Cost": 95.25, "Total Cost": 2533.35, "Plan Rows": 4000, "Plan Width": 8, "Inner Unique": false, "Plans": [{"Node Type": "Seq Scan", "Parent Relationship": "Outer", "Relation Name": "nation", "Alias": "nation", "Startup Cost": 0.0, "Total Cost": 1.31, "Plan Rows": 1, "Plan Width": 4, "Filter": "(n_name = 'MOZAMBIQUE'::bpchar)"}, {"Node Type": "Bitmap Heap Scan", "Parent Relationship": "Inner", "Relation Name": "supplier", "Alias": "supplier", "Startup Cost": 95.25, "Total Cost": 2492.04, "Plan Rows": 4000, "Plan Width": 12, "Recheck Cond": "(s_nationkey = public.nation.n_nationkey)", "Plans": [{"Node Type": "Bitmap Index Scan", "Parent Relationship": "Outer", "Index Name": "idx_supplier_nation_key", "Startup Cost": 0.0, "Total Cost": 94.25, "Plan Rows": 4000, "Plan Width": 0, "Index Cond": "(s_nationkey = public.nation.n_nationkey)"}]}]}, {"Node Type": "Index Scan", "Parent Relationship": "Inner", "Scan Direction": "Forward", "Index Name": "idx_partsupp_suppkey", "Relation Name": "partsupp", "Alias": "partsupp", "Startup Cost": 0.0, "Total Cost": 9.33, "Plan Rows": 13, "Plan Width": 32, "Index Cond": "(ps_suppkey = public.supplier.s_suppkey)"}]}]}]}, "Unique SQL Id": 2932834211, "Planner Runtime": 2}, "explain_analyze_plan": {"Plan": {"Node Type": "Sort", "Startup Cost": 86957.11, "Total Cost": 87091.56, "Plan Rows": 53780, "Plan Width": 40, "Actual Startup Time": 1867.688, "Actual Total Time": 1867.688, "Actual Rows": 0, "Actual Loops": 1, "Sort Key": ["(sum((public.partsupp.ps_supplycost * (public.partsupp.ps_availqty)::double precision))) DESC"], "Sort Method": "quicksort", "Sort Space Used": 25, "Sort Space Type": "Memory", "Plans": [{"Node Type": "Aggregate", "Strategy": "Plain", "Parent Relationship": "exec_init_plan", "Subplan Name": "InitPlan 1 (returns $2)", "Startup Cost": 40760.67, "Total Cost": 40760.68, "Plan Rows": 1, "Plan Width": 24, "Actual Startup Time": 794.18, "Actual Total Time": 794.181, "Actual Rows": 1, "Actual Loops": 1, "Plans": [{"Node Type": "Nested Loop", "Parent Relationship": "Outer", "Join Type": "Inner", "Startup Cost": 95.25, "Total Cost": 40357.32, "Plan Rows": 53780, "Plan Width": 16, "Actual Startup Time": 1.125, "Actual Total Time": 657.634, "Actual Rows": 313920, "Actual Loops": 1, "Inner Unique": false, "Plans": [{"Node Type": "Nested Loop", "Parent Relationship": "Outer", "Join Type": "Inner", "Startup Cost": 95.25, "Total Cost": 2533.35, "Plan Rows": 4000, "Plan Width": 8, "Actual Startup Time": 1.098, "Actual Total Time": 8.186, "Actual Rows": 3924, "Actual Loops": 1, "Inner Unique": false, "Plans": [{"Node Type": "Seq Scan", "Parent Relationship": "Outer", "Relation Name": "nation", "Alias": "nation", "Startup Cost": 0.0, "Total Cost": 1.31, "Plan Rows": 1, "Plan Width": 4, "Actual Startup Time": 0.024, "Actual Total Time": 0.047, "Actual Rows": 1, "Actual Loops": 1, "Filter": "(n_name = 'MOZAMBIQUE'::bpchar)", "Rows Removed by Filter": 24}, {"Node Type": "Bitmap Heap Scan", "Parent Relationship": "Inner", "Relation Name": "supplier", "Alias": "supplier", "Startup Cost": 95.25, "Total Cost": 2492.04, "Plan Rows": 4000, "Plan Width": 12, "Actual Startup Time": 1.058, "Actual Total Time": 7.206, "Actual Rows": 3924, "Actual Loops": 1, "Recheck Cond": "(s_nationkey = public.nation.n_nationkey)", "Rows Removed by Index Recheck": 0, "Exact Heap Blocks": 1895, "Lossy Heap Blocks": 1895, "Plans": [{"Node Type": "Bitmap Index Scan", "Parent Relationship": "Outer", "Index Name": "idx_supplier_nation_key", "Startup Cost": 0.0, "Total Cost": 94.25, "Plan Rows": 4000, "Plan Width": 0, "Actual Startup Time": 0.777, "Actual Total Time": 0.777, "Actual Rows": 3924, "Actual Loops": 1, "Index Cond": "(s_nationkey = public.nation.n_nationkey)"}]}]}, {"Node Type": "Index Scan", "Parent Relationship": "Inner", "Scan Direction": "Forward", "Index Name": "idx_partsupp_suppkey", "Relation Name": "partsupp", "Alias": "partsupp", "Startup Cost": 0.0, "Total Cost": 9.33, "Plan Rows": 13, "Plan Width": 24, "Actual Startup Time": 48.522, "Actual Total Time": 582.276, "Actual Rows": 313920, "Actual Loops": 3924, "Index Cond": "(ps_suppkey = public.supplier.s_suppkey)", "Rows Removed by Index Recheck": 0}]}]}, {"Node Type": "Aggregate", "Strategy": "Hashed", "Parent Relationship": "Outer", "Startup Cost": 41298.47, "Total Cost": 41970.72, "Plan Rows": 53780, "Plan Width": 40, "Actual Startup Time": 1867.28, "Actual Total Time": 1867.28, "Actual Rows": 0, "Actual Loops": 1, "Group By Key": ["public.partsupp.ps_partkey"], "Filter": "(sum((public.partsupp.ps_supplycost * (public.partsupp.ps_availqty)::double precision)) > $2)", "Rows Removed by Filter": 295792, "Plans": [{"Node Type": "Nested Loop", "Parent Relationship": "Outer", "Join Type": "Inner", "Startup Cost": 95.25, "Total Cost": 40357.32, "Plan Rows": 53780, "Plan Width": 24, "Actual Startup Time": 1.055, "Actual Total Time": 684.172, "Actual Rows": 313920, "Actual Loops": 1, "Inner Unique": false, "Plans": [{"Node Type": "Nested Loop", "Parent Relationship": "Outer", "Join Type": "Inner", "Startup Cost": 95.25, "Total Cost": 2533.35, "Plan Rows": 4000, "Plan Width": 8, "Actual Startup Time": 1.024, "Actual Total Time": 8.574, "Actual Rows": 3924, "Actual Loops": 1, "Inner Unique": false, "Plans": [{"Node Type": "Seq Scan", "Parent Relationship": "Outer", "Relation Name": "nation", "Alias": "nation", "Startup Cost": 0.0, "Total Cost": 1.31, "Plan Rows": 1, "Plan Width": 4, "Actual Startup Time": 0.032, "Actual Total Time": 0.044, "Actual Rows": 1, "Actual Loops": 1, "Filter": "(n_name = 'MOZAMBIQUE'::bpchar)", "Rows Removed by Filter": 24}, {"Node Type": "Bitmap Heap Scan", "Parent Relationship": "Inner", "Relation Name": "supplier", "Alias": "supplier", "Startup Cost": 95.25, "Total Cost": 2492.04, "Plan Rows": 4000, "Plan Width": 12, "Actual Startup Time": 0.985, "Actual Total Time": 7.583, "Actual Rows": 3924, "Actual Loops": 1, "Recheck Cond": "(s_nationkey = public.nation.n_nationkey)", "Rows Removed by Index Recheck": 0, "Exact Heap Blocks": 1895, "Lossy Heap Blocks": 1895, "Plans": [{"Node Type": "Bitmap Index Scan", "Parent Relationship": "Outer", "Index Name": "idx_supplier_nation_key", "Startup Cost": 0.0, "Total Cost": 94.25, "Plan Rows": 4000, "Plan Width": 0, "Actual Startup Time": 0.705, "Actual Total Time": 0.705, "Actual Rows": 3924, "Actual Loops": 1, "Index Cond": "(s_nationkey = public.nation.n_nationkey)"}]}]}, {"Node Type": "Index Scan", "Parent Relationship": "Inner", "Scan Direction": "Forward", "Index Name": "idx_partsupp_suppkey", "Relation Name": "partsupp", "Alias": "partsupp", "Startup Cost": 0.0, "Total Cost": 9.33, "Plan Rows": 13, "Plan Width": 32, "Actual Startup Time": 49.919, "Actual Total Time": 602.753, "Actual Rows": 313920, "Actual Loops": 3924, "Index Cond": "(ps_suppkey = public.supplier.s_suppkey)", "Rows Removed by Index Recheck": 0}]}]}]}, "Triggers": [], "Planner Runtime": 0, "Total Runtime": 1868.014, "Unique SQL Id": 2932834211}}, "(16, 5)": {"explain_plan": {"Plan": {"Node Type": "Sort", "Startup Cost": 86979.86, "Total Cost": 87114.31, "Plan Rows": 53780, "Plan Width": 40, "Sort Key": ["(sum((public.partsupp.ps_supplycost * (public.partsupp.ps_availqty)::double precision))) DESC"], "Plans": [{"Node Type": "Aggregate", "Strategy": "Plain", "Parent Relationship": "exec_init_plan", "Subplan Name": "InitPlan 1 (returns $2)", "Startup Cost": 40772.04, "Total Cost": 40772.06, "Plan Rows": 1, "Plan Width": 24, "Plans": [{"Node Type": "Nested Loop", "Parent Relationship": "Outer", "Join Type": "Inner", "Startup Cost": 95.25, "Total Cost": 40368.69, "Plan Rows": 53780, "Plan Width": 16, "Inner Unique": false, "Plans": [{"Node Type": "Nested Loop", "Parent Relationship": "Outer", "Join Type": "Inner", "Startup Cost": 95.25, "Total Cost": 2544.73, "Plan Rows": 4000, "Plan Width": 8, "Inner Unique": false, "Plans": [{"Node Type": "Index Scan", "Parent Relationship": "Outer", "Scan Direction": "Forward", "Index Name": "nation_pkey", "Relation Name": "nation", "Alias": "nation", "Startup Cost": 0.0, "Total Cost": 12.69, "Plan Rows": 1, "Plan Width": 4, "Filter": "(n_name = 'MOZAMBIQUE'::bpchar)"}, {"Node Type": "Bitmap Heap Scan", "Parent Relationship": "Inner", "Relation Name": "supplier", "Alias": "supplier", "Startup Cost": 95.25, "Total Cost": 2492.04, "Plan Rows": 4000, "Plan Width": 12, "Recheck Cond": "(s_nationkey = public.nation.n_nationkey)", "Plans": [{"Node Type": "Bitmap Index Scan", "Parent Relationship": "Outer", "Index Name": "idx_supplier_nation_key", "Startup Cost": 0.0, "Total Cost": 94.25, "Plan Rows": 4000, "Plan Width": 0, "Index Cond": "(s_nationkey = public.nation.n_nationkey)"}]}]}, {"Node Type": "Index Scan", "Parent Relationship": "Inner", "Scan Direction": "Forward", "Index Name": "idx_partsupp_suppkey", "Relation Name": "partsupp", "Alias": "partsupp", "Startup Cost": 0.0, "Total Cost": 9.33, "Plan Rows": 13, "Plan Width": 24, "Index Cond": "(ps_suppkey = public.supplier.s_suppkey)"}]}]}, {"Node Type": "Aggregate", "Strategy": "Hashed", "Parent Relationship": "Outer", "Startup Cost": 41309.84, "Total Cost": 41982.09, "Plan Rows": 53780, "Plan Width": 40, "Group By Key": ["public.partsupp.ps_partkey"], "Filter": "(sum((public.partsupp.ps_supplycost * (public.partsupp.ps_availqty)::double precision)) > $2)", "Plans": [{"Node Type": "Nested Loop", "Parent Relationship": "Outer", "Join Type": "Inner", "Startup Cost": 95.25, "Total Cost": 40368.69, "Plan Rows": 53780, "Plan Width": 24, "Inner Unique": false, "Plans": [{"Node Type": "Nested Loop", "Parent Relationship": "Outer", "Join Type": "Inner", "Startup Cost": 95.25, "Total Cost": 2544.73, "Plan Rows": 4000, "Plan Width": 8, "Inner Unique": false, "Plans": [{"Node Type": "Index Scan", "Parent Relationship": "Outer", "Scan Direction": "Forward", "Index Name": "nation_pkey", "Relation Name": "nation", "Alias": "nation", "Startup Cost": 0.0, "Total Cost": 12.69, "Plan Rows": 1, "Plan Width": 4, "Filter": "(n_name = 'MOZAMBIQUE'::bpchar)"}, {"Node Type": "Bitmap Heap Scan", "Parent Relationship": "Inner", "Relation Name": "supplier", "Alias": "supplier", "Startup Cost": 95.25, "Total Cost": 2492.04, "Plan Rows": 4000, "Plan Width": 12, "Recheck Cond": "(s_nationkey = public.nation.n_nationkey)", "Plans": [{"Node Type": "Bitmap Index Scan", "Parent Relationship": "Outer", "Index Name": "idx_supplier_nation_key", "Startup Cost": 0.0, "Total Cost": 94.25, "Plan Rows": 4000, "Plan Width": 0, "Index Cond": "(s_nationkey = public.nation.n_nationkey)"}]}]}, {"Node Type": "Index Scan", "Parent Relationship": "Inner", "Scan Direction": "Forward", "Index Name": "idx_partsupp_suppkey", "Relation Name": "partsupp", "Alias": "partsupp", "Startup Cost": 0.0, "Total Cost": 9.33, "Plan Rows": 13, "Plan Width": 32, "Index Cond": "(ps_suppkey = public.supplier.s_suppkey)"}]}]}]}, "Unique SQL Id": 2932834211, "Planner Runtime": 1}, "explain_analyze_plan": {"Plan": {"Node Type": "Sort", "Startup Cost": 86979.86, "Total Cost": 87114.31, "Plan Rows": 53780, "Plan Width": 40, "Actual Startup Time": 2004.071, "Actual Total Time": 2004.071, "Actual Rows": 0, "Actual Loops": 1, "Sort Key": ["(sum((public.partsupp.ps_supplycost * (public.partsupp.ps_availqty)::double precision))) DESC"], "Sort Method": "quicksort", "Sort Space Used": 25, "Sort Space Type": "Memory", "Plans": [{"Node Type": "Aggregate", "Strategy": "Plain", "Parent Relationship": "exec_init_plan", "Subplan Name": "InitPlan 1 (returns $2)", "Startup Cost": 40772.04, "Total Cost": 40772.06, "Plan Rows": 1, "Plan Width": 24, "Actual Startup Time": 813.993, "Actual Total Time": 813.994, "Actual Rows": 1, "Actual Loops": 1, "Plans": [{"Node Type": "Nested Loop", "Parent Relationship": "Outer", "Join Type": "Inner", "Startup Cost": 95.25, "Total Cost": 40368.69, "Plan Rows": 53780, "Plan Width": 16, "Actual Startup Time": 1.031, "Actual Total Time": 679.613, "Actual Rows": 313920, "Actual Loops": 1, "Inner Unique": false, "Plans": [{"Node Type": "Nested Loop", "Parent Relationship": "Outer", "Join Type": "Inner", "Startup Cost": 95.25, "Total Cost": 2544.73, "Plan Rows": 4000, "Plan Width": 8, "Actual Startup Time": 1.007, "Actual Total Time": 8.373, "Actual Rows": 3924, "Actual Loops": 1, "Inner Unique": false, "Plans": [{"Node Type": "Index Scan", "Parent Relationship": "Outer", "Scan Direction": "Forward", "Index Name": "nation_pkey", "Relation Name": "nation", "Alias": "nation", "Startup Cost": 0.0, "Total Cost": 12.69, "Plan Rows": 1, "Plan Width": 4, "Actual Startup Time": 0.027, "Actual Total Time": 0.082, "Actual Rows": 1, "Actual Loops": 1, "Filter": "(n_name = 'MOZAMBIQUE'::bpchar)", "Rows Removed by Filter": 24}, {"Node Type": "Bitmap Heap Scan", "Parent Relationship": "Inner", "Relation Name": "supplier", "Alias": "supplier", "Startup Cost": 95.25, "Total Cost": 2492.04, "Plan Rows": 4000, "Plan Width": 12, "Actual Startup Time": 0.966, "Actual Total Time": 7.31, "Actual Rows": 3924, "Actual Loops": 1, "Recheck Cond": "(s_nationkey = public.nation.n_nationkey)", "Rows Removed by Index Recheck": 0, "Exact Heap Blocks": 1895, "Lossy Heap Blocks": 1895, "Plans": [{"Node Type": "Bitmap Index Scan", "Parent Relationship": "Outer", "Index Name": "idx_supplier_nation_key", "Startup Cost": 0.0, "Total Cost": 94.25, "Plan Rows": 4000, "Plan Width": 0, "Actual Startup Time": 0.678, "Actual Total Time": 0.678, "Actual Rows": 3924, "Actual Loops": 1, "Index Cond": "(s_nationkey = public.nation.n_nationkey)"}]}]}, {"Node Type": "Index Scan", "Parent Relationship": "Inner", "Scan Direction": "Forward", "Index Name": "idx_partsupp_suppkey", "Relation Name": "partsupp", "Alias": "partsupp", "Startup Cost": 0.0, "Total Cost": 9.33, "Plan Rows": 13, "Plan Width": 24, "Actual Startup Time": 46.974, "Actual Total Time": 604.92, "Actual Rows": 313920, "Actual Loops": 3924, "Index Cond": "(ps_suppkey = public.supplier.s_suppkey)", "Rows Removed by Index Recheck": 0}]}]}, {"Node Type": "Aggregate", "Strategy": "Hashed", "Parent Relationship": "Outer", "Startup Cost": 41309.84, "Total Cost": 41982.09, "Plan Rows": 53780, "Plan Width": 40, "Actual Startup Time": 2003.564, "Actual Total Time": 2003.564, "Actual Rows": 0, "Actual Loops": 1, "Group By Key": ["public.partsupp.ps_partkey"], "Filter": "(sum((public.partsupp.ps_supplycost * (public.partsupp.ps_availqty)::double precision)) > $2)", "Rows Removed by Filter": 295792, "Plans": [{"Node Type": "Nested Loop", "Parent Relationship": "Outer", "Join Type": "Inner", "Startup Cost": 95.25, "Total Cost": 40368.69, "Plan Rows": 53780, "Plan Width": 24, "Actual Startup Time": 1.126, "Actual Total Time": 773.104, "Actual Rows": 313920, "Actual Loops": 1, "Inner Unique": false, "Plans": [{"Node Type": "Nested Loop", "Parent Relationship": "Outer", "Join Type": "Inner", "Startup Cost": 95.25, "Total Cost": 2544.73, "Plan Rows": 4000, "Plan Width": 8, "Actual Startup Time": 1.098, "Actual Total Time": 9.874, "Actual Rows": 3924, "Actual Loops": 1, "Inner Unique": false, "Plans": [{"Node Type": "Index Scan", "Parent Relationship": "Outer", "Scan Direction": "Forward", "Index Name": "nation_pkey", "Relation Name": "nation", "Alias": "nation", "Startup Cost": 0.0, "Total Cost": 12.69, "Plan Rows": 1, "Plan Width": 4, "Actual Startup Time": 0.032, "Actual Total Time": 0.045, "Actual Rows": 1, "Actual Loops": 1, "Filter": "(n_name = 'MOZAMBIQUE'::bpchar)", "Rows Removed by Filter": 24}, {"Node Type": "Bitmap Heap Scan", "Parent Relationship": "Inner", "Relation Name": "supplier", "Alias": "supplier", "Startup Cost": 95.25, "Total Cost": 2492.04, "Plan Rows": 4000, "Plan Width": 12, "Actual Startup Time": 1.058, "Actual Total Time": 8.873, "Actual Rows": 3924, "Actual Loops": 1, "Recheck Cond": "(s_nationkey = public.nation.n_nationkey)", "Rows Removed by Index Recheck": 0, "Exact Heap Blocks": 1895, "Lossy Heap Blocks": 1895, "Plans": [{"Node Type": "Bitmap Index Scan", "Parent Relationship": "Outer", "Index Name": "idx_supplier_nation_key", "Startup Cost": 0.0, "Total Cost": 94.25, "Plan Rows": 4000, "Plan Width": 0, "Actual Startup Time": 0.766, "Actual Total Time": 0.766, "Actual Rows": 3924, "Actual Loops": 1, "Index Cond": "(s_nationkey = public.nation.n_nationkey)"}]}]}, {"Node Type": "Index Scan", "Parent Relationship": "Inner", "Scan Direction": "Forward", "Index Name": "idx_partsupp_suppkey", "Relation Name": "partsupp", "Alias": "partsupp", "Startup Cost": 0.0, "Total Cost": 9.33, "Plan Rows": 13, "Plan Width": 32, "Actual Startup Time": 55.084, "Actual Total Time": 692.047, "Actual Rows": 313920, "Actual Loops": 3924, "Index Cond": "(ps_suppkey = public.supplier.s_suppkey)", "Rows Removed by Index Recheck": 0}]}]}]}, "Triggers": [], "Planner Runtime": 0, "Total Runtime": 2004.504, "Unique SQL Id": 2932834211}}, "(16, 6)": {"explain_plan": {"Plan": {"Node Type": "Sort", "Startup Cost": 90032.55, "Total Cost": 90167.0, "Plan Rows": 53780, "Plan Width": 40, "Sort Key": ["(sum((public.partsupp.ps_supplycost * (public.partsupp.ps_availqty)::double precision))) DESC"], "Plans": [{"Node Type": "Aggregate", "Strategy": "Plain", "Parent Relationship": "exec_init_plan", "Subplan Name": "InitPlan 1 (returns $2)", "Startup Cost": 42298.39, "Total Cost": 42298.4, "Plan Rows": 1, "Plan Width": 24, "Plans": [{"Node Type": "Nested Loop", "Parent Relationship": "Outer", "Join Type": "Inner", "Startup Cost": 96.82, "Total Cost": 41895.04, "Plan Rows": 53780, "Plan Width": 16, "Inner Unique": false, "Plans": [{"Node Type": "Nested Loop", "Parent Relationship": "Outer", "Join Type": "Inner", "Startup Cost": 95.25, "Total Cost": 2533.35, "Plan Rows": 4000, "Plan Width": 8, "Inner Unique": false, "Plans": [{"Node Type": "Seq Scan", "Parent Relationship": "Outer", "Relation Name": "nation", "Alias": "nation", "Startup Cost": 0.0, "Total Cost": 1.31, "Plan Rows": 1, "Plan Width": 4, "Filter": "(n_name = 'MOZAMBIQUE'::bpchar)"}, {"Node Type": "Bitmap Heap Scan", "Parent Relationship": "Inner", "Relation Name": "supplier", "Alias": "supplier", "Startup Cost": 95.25, "Total Cost": 2492.04, "Plan Rows": 4000, "Plan Width": 12, "Recheck Cond": "(s_nationkey = public.nation.n_nationkey)", "Plans": [{"Node Type": "Bitmap Index Scan", "Parent Relationship": "Outer", "Index Name": "idx_supplier_nation_key", "Startup Cost": 0.0, "Total Cost": 94.25, "Plan Rows": 4000, "Plan Width": 0, "Index Cond": "(s_nationkey = public.nation.n_nationkey)"}]}]}, {"Node Type": "Bitmap Heap Scan", "Parent Relationship": "Inner", "Relation Name": "partsupp", "Alias": "partsupp", "Startup Cost": 1.57, "Total Cost": 9.71, "Plan Rows": 13, "Plan Width": 24, "Recheck Cond": "(ps_suppkey = public.supplier.s_suppkey)", "Plans": [{"Node Type": "Bitmap Index Scan", "Parent Relationship": "Outer", "Index Name": "idx_partsupp_suppkey", "Startup Cost": 0.0, "Total Cost": 1.56, "Plan Rows": 13, "Plan Width": 0, "Index Cond": "(ps_suppkey = public.supplier.s_suppkey)"}]}]}]}, {"Node Type": "Aggregate", "Strategy": "Hashed", "Parent Relationship": "Outer", "Startup Cost": 42836.19, "Total Cost": 43508.44, "Plan Rows": 53780, "Plan Width": 40, "Group By Key": ["public.partsupp.ps_partkey"], "Filter": "(sum((public.partsupp.ps_supplycost * (public.partsupp.ps_availqty)::double precision)) > $2)", "Plans": [{"Node Type": "Nested Loop", "Parent Relationship": "Outer", "Join Type": "Inner", "Startup Cost": 96.82, "Total Cost": 41895.04, "Plan Rows": 53780, "Plan Width": 24, "Inner Unique": false, "Plans": [{"Node Type": "Nested Loop", "Parent Relationship": "Outer", "Join Type": "Inner", "Startup Cost": 95.25, "Total Cost": 2533.35, "Plan Rows": 4000, "Plan Width": 8, "Inner Unique": false, "Plans": [{"Node Type": "Seq Scan", "Parent Relationship": "Outer", "Relation Name": "nation", "Alias": "nation", "Startup Cost": 0.0, "Total Cost": 1.31, "Plan Rows": 1, "Plan Width": 4, "Filter": "(n_name = 'MOZAMBIQUE'::bpchar)"}, {"Node Type": "Bitmap Heap Scan", "Parent Relationship": "Inner", "Relation Name": "supplier", "Alias": "supplier", "Startup Cost": 95.25, "Total Cost": 2492.04, "Plan Rows": 4000, "Plan Width": 12, "Recheck Cond": "(s_nationkey = public.nation.n_nationkey)", "Plans": [{"Node Type": "Bitmap Index Scan", "Parent Relationship": "Outer", "Index Name": "idx_supplier_nation_key", "Startup Cost": 0.0, "Total Cost": 94.25, "Plan Rows": 4000, "Plan Width": 0, "Index Cond": "(s_nationkey = public.nation.n_nationkey)"}]}]}, {"Node Type": "Bitmap Heap Scan", "Parent Relationship": "Inner", "Relation Name": "partsupp", "Alias": "partsupp", "Startup Cost": 1.57, "Total Cost": 9.71, "Plan Rows": 13, "Plan Width": 32, "Recheck Cond": "(ps_suppkey = public.supplier.s_suppkey)", "Plans": [{"Node Type": "Bitmap Index Scan", "Parent Relationship": "Outer", "Index Name": "idx_partsupp_suppkey", "Startup Cost": 0.0, "Total Cost": 1.56, "Plan Rows": 13, "Plan Width": 0, "Index Cond": "(ps_suppkey = public.supplier.s_suppkey)"}]}]}]}]}, "Unique SQL Id": 2932834211, "Planner Runtime": 1}, "explain_analyze_plan": {"Plan": {"Node Type": "Sort", "Startup Cost": 90032.55, "Total Cost": 90167.0, "Plan Rows": 53780, "Plan Width": 40, "Actual Startup Time": 2259.599, "Actual Total Time": 2259.599, "Actual Rows": 0, "Actual Loops": 1, "Sort Key": ["(sum((public.partsupp.ps_supplycost * (public.partsupp.ps_availqty)::double precision))) DESC"], "Sort Method": "quicksort", "Sort Space Used": 25, "Sort Space Type": "Memory", "Plans": [{"Node Type": "Aggregate", "Strategy": "Plain", "Parent Relationship": "exec_init_plan", "Subplan Name": "InitPlan 1 (returns $2)", "Startup Cost": 42298.39, "Total Cost": 42298.4, "Plan Rows": 1, "Plan Width": 24, "Actual Startup Time": 1008.942, "Actual Total Time": 1008.942, "Actual Rows": 1, "Actual Loops": 1, "Plans": [{"Node Type": "Nested Loop", "Parent Relationship": "Outer", "Join Type": "Inner", "Startup Cost": 96.82, "Total Cost": 41895.04, "Plan Rows": 53780, "Plan Width": 16, "Actual Startup Time": 1.124, "Actual Total Time": 881.219, "Actual Rows": 313920, "Actual Loops": 1, "Inner Unique": false, "Plans": [{"Node Type": "Nested Loop", "Parent Relationship": "Outer", "Join Type": "Inner", "Startup Cost": 95.25, "Total Cost": 2533.35, "Plan Rows": 4000, "Plan Width": 8, "Actual Startup Time": 1.07, "Actual Total Time": 9.391, "Actual Rows": 3924, "Actual Loops": 1, "Inner Unique": false, "Plans": [{"Node Type": "Seq Scan", "Parent Relationship": "Outer", "Relation Name": "nation", "Alias": "nation", "Startup Cost": 0.0, "Total Cost": 1.31, "Plan Rows": 1, "Plan Width": 4, "Actual Startup Time": 0.042, "Actual Total Time": 0.058, "Actual Rows": 1, "Actual Loops": 1, "Filter": "(n_name = 'MOZAMBIQUE'::bpchar)", "Rows Removed by Filter": 24}, {"Node Type": "Bitmap Heap Scan", "Parent Relationship": "Inner", "Relation Name": "supplier", "Alias": "supplier", "Startup Cost": 95.25, "Total Cost": 2492.04, "Plan Rows": 4000, "Plan Width": 12, "Actual Startup Time": 1.019, "Actual Total Time": 8.327, "Actual Rows": 3924, "Actual Loops": 1, "Recheck Cond": "(s_nationkey = public.nation.n_nationkey)", "Rows Removed by Index Recheck": 0, "Exact Heap Blocks": 1895, "Lossy Heap Blocks": 1895, "Plans": [{"Node Type": "Bitmap Index Scan", "Parent Relationship": "Outer", "Index Name": "idx_supplier_nation_key", "Startup Cost": 0.0, "Total Cost": 94.25, "Plan Rows": 4000, "Plan Width": 0, "Actual Startup Time": 0.744, "Actual Total Time": 0.744, "Actual Rows": 3924, "Actual Loops": 1, "Index Cond": "(s_nationkey = public.nation.n_nationkey)"}]}]}, {"Node Type": "Bitmap Heap Scan", "Parent Relationship": "Inner", "Relation Name": "partsupp", "Alias": "partsupp", "Startup Cost": 1.57, "Total Cost": 9.71, "Plan Rows": 13, "Plan Width": 24, "Actual Startup Time": 110.886, "Actual Total Time": 803.989, "Actual Rows": 313920, "Actual Loops": 3924, "Recheck Cond": "(ps_suppkey = public.supplier.s_suppkey)", "Rows Removed by Index Recheck": 0, "Exact Heap Blocks": 313920, "Lossy Heap Blocks": 313920, "Plans": [{"Node Type": "Bitmap Index Scan", "Parent Relationship": "Outer", "Index Name": "idx_partsupp_suppkey", "Startup Cost": 0.0, "Total Cost": 1.56, "Plan Rows": 13, "Plan Width": 0, "Actual Startup Time": 71.169, "Actual Total Time": 71.169, "Actual Rows": 313920, "Actual Loops": 3924, "Index Cond": "(ps_suppkey = public.supplier.s_suppkey)"}]}]}]}, {"Node Type": "Aggregate", "Strategy": "Hashed", "Parent Relationship": "Outer", "Startup Cost": 42836.19, "Total Cost": 43508.44, "Plan Rows": 53780, "Plan Width": 40, "Actual Startup Time": 2259.097, "Actual Total Time": 2259.097, "Actual Rows": 0, "Actual Loops": 1, "Group By Key": ["public.partsupp.ps_partkey"], "Filter": "(sum((public.partsupp.ps_supplycost * (public.partsupp.ps_availqty)::double precision)) > $2)", "Rows Removed by Filter": 295792, "Plans": [{"Node Type": "Nested Loop", "Parent Relationship": "Outer", "Join Type": "Inner", "Startup Cost": 96.82, "Total Cost": 41895.04, "Plan Rows": 53780, "Plan Width": 24, "Actual Startup Time": 1.137, "Actual Total Time": 834.966, "Actual Rows": 313920, "Actual Loops": 1, "Inner Unique": false, "Plans": [{"Node Type": "Nested Loop", "Parent Relationship": "Outer", "Join Type": "Inner", "Startup Cost": 95.25, "Total Cost": 2533.35, "Plan Rows": 4000, "Plan Width": 8, "Actual Startup Time": 1.088, "Actual Total Time": 8.572, "Actual Rows": 3924, "Actual Loops": 1, "Inner Unique": false, "Plans": [{"Node Type": "Seq Scan", "Parent Relationship": "Outer", "Relation Name": "nation", "Alias": "nation", "Startup Cost": 0.0, "Total Cost": 1.31, "Plan Rows": 1, "Plan Width": 4, "Actual Startup Time": 0.03, "Actual Total Time": 0.044, "Actual Rows": 1, "Actual Loops": 1, "Filter": "(n_name = 'MOZAMBIQUE'::bpchar)", "Rows Removed by Filter": 24}, {"Node Type": "Bitmap Heap Scan", "Parent Relationship": "Inner", "Relation Name": "supplier", "Alias": "supplier", "Startup Cost": 95.25, "Total Cost": 2492.04, "Plan Rows": 4000, "Plan Width": 12, "Actual Startup Time": 1.052, "Actual Total Time": 7.612, "Actual Rows": 3924, "Actual Loops": 1, "Recheck Cond": "(s_nationkey = public.nation.n_nationkey)", "Rows Removed by Index Recheck": 0, "Exact Heap Blocks": 1895, "Lossy Heap Blocks": 1895, "Plans": [{"Node Type": "Bitmap Index Scan", "Parent Relationship": "Outer", "Index Name": "idx_supplier_nation_key", "Startup Cost": 0.0, "Total Cost": 94.25, "Plan Rows": 4000, "Plan Width": 0, "Actual Startup Time": 0.77, "Actual Total Time": 0.77, "Actual Rows": 3924, "Actual Loops": 1, "Index Cond": "(s_nationkey = public.nation.n_nationkey)"}]}]}, {"Node Type": "Bitmap Heap Scan", "Parent Relationship": "Inner", "Relation Name": "partsupp", "Alias": "partsupp", "Startup Cost": 1.57, "Total Cost": 9.71, "Plan Rows": 13, "Plan Width": 32, "Actual Startup Time": 109.514, "Actual Total Time": 752.491, "Actual Rows": 313920, "Actual Loops": 3924, "Recheck Cond": "(ps_suppkey = public.supplier.s_suppkey)", "Rows Removed by Index Recheck": 0, "Exact Heap Blocks": 313920, "Lossy Heap Blocks": 313920, "Plans": [{"Node Type": "Bitmap Index Scan", "Parent Relationship": "Outer", "Index Name": "idx_partsupp_suppkey", "Startup Cost": 0.0, "Total Cost": 1.56, "Plan Rows": 13, "Plan Width": 0, "Actual Startup Time": 70.02, "Actual Total Time": 70.02, "Actual Rows": 313920, "Actual Loops": 3924, "Index Cond": "(ps_suppkey = public.supplier.s_suppkey)"}]}]}]}]}, "Triggers": [], "Planner Runtime": 0, "Total Runtime": 2259.921, "Unique SQL Id": 2932834211}}, "(16, 7)": {"explain_plan": {"Plan": {"Node Type": "Sort", "Startup Cost": 2000084159245.82, "Total Cost": 2000084159380.27, "Plan Rows": 53780, "Plan Width": 40, "Sort Key": ["(sum((public.partsupp.ps_supplycost * (public.partsupp.ps_availqty)::double precision))) DESC"], "Plans": [{"Node Type": "Aggregate", "Strategy": "Plain", "Parent Relationship": "exec_init_plan", "Subplan Name": "InitPlan 1 (returns $2)", "Startup Cost": 1000001001502.42, "Total Cost": 1000001001502.43, "Plan Rows": 1, "Plan Width": 24, "Plans": [{"Node Type": "Nested Loop", "Parent Relationship": "Outer", "Join Type": "Inner", "Startup Cost": 10000000001.83, "Total Cost": 1000001001099.07, "Plan Rows": 53780, "Plan Width": 16, "Inner Unique": false, "Plans": [{"Node Type": "Nested Loop", "Parent Relationship": "Outer", "Join Type": "Inner", "Startup Cost": 10000000000.26, "Total Cost": 1000000961737.38, "Plan Rows": 4000, "Plan Width": 8, "Inner Unique": true, "Plans": [{"Node Type": "Index Scan", "Parent Relationship": "Outer", "Scan Direction": "Forward", "Index Name": "supplier_pkey", "Relation Name": "supplier", "Alias": "supplier", "Startup Cost": 10000000000.0, "Total Cost": 1000000533454.38, "Plan Rows": 100000, "Plan Width": 12}, {"Node Type": "Bitmap Heap Scan", "Parent Relationship": "Inner", "Relation Name": "nation", "Alias": "nation", "Startup Cost": 0.26, "Total Cost": 4.27, "Plan Rows": 1, "Plan Width": 4, "Recheck Cond": "(n_nationkey = public.supplier.s_nationkey)", "Filter": "(n_name = 'MOZAMBIQUE'::bpchar)", "Plans": [{"Node Type": "Bitmap Index Scan", "Parent Relationship": "Outer", "Index Name": "nation_pkey", "Startup Cost": 0.0, "Total Cost": 0.26, "Plan Rows": 1, "Plan Width": 0, "Index Cond": "(n_nationkey = public.supplier.s_nationkey)"}]}]}, {"Node Type": "Bitmap Heap Scan", "Parent Relationship": "Inner", "Relation Name": "partsupp", "Alias": "partsupp", "Startup Cost": 1.57, "Total Cost": 9.71, "Plan Rows": 13, "Plan Width": 24, "Recheck Cond": "(ps_suppkey = public.supplier.s_suppkey)", "Plans": [{"Node Type": "Bitmap Index Scan", "Parent Relationship": "Outer", "Index Name": "idx_partsupp_suppkey", "Startup Cost": 0.0, "Total Cost": 1.56, "Plan Rows": 13, "Plan Width": 0, "Index Cond": "(ps_suppkey = public.supplier.s_suppkey)"}]}]}]}, {"Node Type": "Aggregate", "Strategy": "Hashed", "Parent Relationship": "Outer", "Startup Cost": 1000083152845.44, "Total Cost": 1000083153517.69, "Plan Rows": 53780, "Plan Width": 40, "Group By Key": ["public.partsupp.ps_partkey"], "Filter": "(sum((public.partsupp.ps_supplycost * (public.partsupp.ps_availqty)::double precision)) > $2)", "Plans": [{"Node Type": "Nested Loop", "Parent Relationship": "Outer", "Join Type": "Inner", "Startup Cost": 10000000000.52, "Total Cost": 1000083151904.29, "Plan Rows": 53780, "Plan Width": 24, "Inner Unique": true, "Plans": [{"Node Type": "Nested Loop", "Parent Relationship": "Outer", "Join Type": "Inner", "Startup Cost": 10000000000.26, "Total Cost": 1000077393643.64, "Plan Rows": 1344499, "Plan Width": 28, "Inner Unique": true, "Plans": [{"Node Type": "Index Scan", "Parent Relationship": "Outer", "Scan Direction": "Forward", "Index Name": "idx_partsupp_partkey", "Relation Name": "partsupp", "Alias": "partsupp", "Startup Cost": 10000000000.0, "Total Cost": 1000043148503.38, "Plan Rows": 8000372, "Plan Width": 32}, {"Node Type": "Bitmap Heap Scan", "Parent Relationship": "Inner", "Relation Name": "supplier", "Alias": "supplier", "Startup Cost": 0.26, "Total Cost": 4.27, "Plan Rows": 1, "Plan Width": 12, "Recheck Cond": "(s_suppkey = public.partsupp.ps_suppkey)", "Plans": [{"Node Type": "Bitmap Index Scan", "Parent Relationship": "Outer", "Index Name": "supplier_pkey", "Startup Cost": 0.0, "Total Cost": 0.26, "Plan Rows": 1, "Plan Width": 0, "Index Cond": "(s_suppkey = public.partsupp.ps_suppkey)"}]}]}, {"Node Type": "Bitmap Heap Scan", "Parent Relationship": "Inner", "Relation Name": "nation", "Alias": "nation", "Startup Cost": 0.26, "Total Cost": 4.27, "Plan Rows": 1, "Plan Width": 4, "Recheck Cond": "(n_nationkey = public.supplier.s_nationkey)", "Filter": "(n_name = 'MOZAMBIQUE'::bpchar)", "Plans": [{"Node Type": "Bitmap Index Scan", "Parent Relationship": "Outer", "Index Name": "nation_pkey", "Startup Cost": 0.0, "Total Cost": 0.26, "Plan Rows": 1, "Plan Width": 0, "Index Cond": "(n_nationkey = public.supplier.s_nationkey)"}]}]}]}]}, "Unique SQL Id": 2932834211, "Planner Runtime": 1}, "explain_analyze_plan": null}, "(16, 8)": {"explain_plan": {"Plan": {"Node Type": "Sort", "Startup Cost": 89040.3, "Total Cost": 89174.75, "Plan Rows": 53780, "Plan Width": 40, "Sort Key": ["(sum((public.partsupp.ps_supplycost * (public.partsupp.ps_availqty)::double precision))) DESC"], "Plans": [{"Node Type": "Aggregate", "Strategy": "Plain", "Parent Relationship": "exec_init_plan", "Subplan Name": "InitPlan 1 (returns $1)", "Startup Cost": 41802.27, "Total Cost": 41802.28, "Plan Rows": 1, "Plan Width": 24, "Plans": [{"Node Type": "Nested Loop", "Parent Relationship": "Outer", "Join Type": "Inner", "Startup Cost": 1.32, "Total Cost": 41398.92, "Plan Rows": 53780, "Plan Width": 16, "Inner Unique": false, "Plans": [{"Node Type": "Hash Join", "Parent Relationship": "Outer", "Join Type": "Inner", "Startup Cost": 1.32, "Total Cost": 3574.95, "Plan Rows": 4000, "Plan Width": 8, "Inner Unique": true, "Hash Cond": "(public.supplier.s_nationkey = public.nation.n_nationkey)", "Plans": [{"Node Type": "Seq Scan", "Parent Relationship": "Outer", "Relation Name": "supplier", "Alias": "supplier", "Startup Cost": 0.0, "Total Cost": 3283.0, "Plan Rows": 100000, "Plan Width": 12}, {"Node Type": "Hash", "Parent Relationship": "Inner", "Startup Cost": 1.31, "Total Cost": 1.31, "Plan Rows": 1, "Plan Width": 4, "Plans": [{"Node Type": "Seq Scan", "Parent Relationship": "Outer", "Relation Name": "nation", "Alias": "nation", "Startup Cost": 0.0, "Total Cost": 1.31, "Plan Rows": 1, "Plan Width": 4, "Filter": "(n_name = 'MOZAMBIQUE'::bpchar)"}]}]}, {"Node Type": "Index Scan", "Parent Relationship": "Inner", "Scan Direction": "Forward", "Index Name": "idx_partsupp_suppkey", "Relation Name": "partsupp", "Alias": "partsupp", "Startup Cost": 0.0, "Total Cost": 9.33, "Plan Rows": 13, "Plan Width": 24, "Index Cond": "(ps_suppkey = public.supplier.s_suppkey)"}]}]}, {"Node Type": "Aggregate", "Strategy": "Hashed", "Parent Relationship": "Outer", "Startup Cost": 42340.07, "Total Cost": 43012.32, "Plan Rows": 53780, "Plan Width": 40, "Group By Key": ["public.partsupp.ps_partkey"], "Filter": "(sum((public.partsupp.ps_supplycost * (public.partsupp.ps_availqty)::double precision)) > $1)", "Plans": [{"Node Type": "Nested Loop", "Parent Relationship": "Outer", "Join Type": "Inner", "Startup Cost": 1.32, "Total Cost": 41398.92, "Plan Rows": 53780, "Plan Width": 24, "Inner Unique": false, "Plans": [{"Node Type": "Hash Join", "Parent Relationship": "Outer", "Join Type": "Inner", "Startup Cost": 1.32, "Total Cost": 3574.95, "Plan Rows": 4000, "Plan Width": 8, "Inner Unique": true, "Hash Cond": "(public.supplier.s_nationkey = public.nation.n_nationkey)", "Plans": [{"Node Type": "Seq Scan", "Parent Relationship": "Outer", "Relation Name": "supplier", "Alias": "supplier", "Startup Cost": 0.0, "Total Cost": 3283.0, "Plan Rows": 100000, "Plan Width": 12}, {"Node Type": "Hash", "Parent Relationship": "Inner", "Startup Cost": 1.31, "Total Cost": 1.31, "Plan Rows": 1, "Plan Width": 4, "Plans": [{"Node Type": "Seq Scan", "Parent Relationship": "Outer", "Relation Name": "nation", "Alias": "nation", "Startup Cost": 0.0, "Total Cost": 1.31, "Plan Rows": 1, "Plan Width": 4, "Filter": "(n_name = 'MOZAMBIQUE'::bpchar)"}]}]}, {"Node Type": "Index Scan", "Parent Relationship": "Inner", "Scan Direction": "Forward", "Index Name": "idx_partsupp_suppkey", "Relation Name": "partsupp", "Alias": "partsupp", "Startup Cost": 0.0, "Total Cost": 9.33, "Plan Rows": 13, "Plan Width": 32, "Index Cond": "(ps_suppkey = public.supplier.s_suppkey)"}]}]}]}, "Unique SQL Id": 2932834211, "Planner Runtime": 1}, "explain_analyze_plan": {"Plan": {"Node Type": "Sort", "Startup Cost": 89040.3, "Total Cost": 89174.75, "Plan Rows": 53780, "Plan Width": 40, "Actual Startup Time": 2218.613, "Actual Total Time": 2218.613, "Actual Rows": 0, "Actual Loops": 1, "Sort Key": ["(sum((public.partsupp.ps_supplycost * (public.partsupp.ps_availqty)::double precision))) DESC"], "Sort Method": "quicksort", "Sort Space Used": 25, "Sort Space Type": "Memory", "Plans": [{"Node Type": "Aggregate", "Strategy": "Plain", "Parent Relationship": "exec_init_plan", "Subplan Name": "InitPlan 1 (returns $1)", "Startup Cost": 41802.27, "Total Cost": 41802.28, "Plan Rows": 1, "Plan Width": 24, "Actual Startup Time": 958.478, "Actual Total Time": 958.478, "Actual Rows": 1, "Actual Loops": 1, "Plans": [{"Node Type": "Nested Loop", "Parent Relationship": "Outer", "Join Type": "Inner", "Startup Cost": 1.32, "Total Cost": 41398.92, "Plan Rows": 53780, "Plan Width": 16, "Actual Startup Time": 0.167, "Actual Total Time": 820.918, "Actual Rows": 313920, "Actual Loops": 1, "Inner Unique": false, "Plans": [{"Node Type": "Hash Join", "Parent Relationship": "Outer", "Join Type": "Inner", "Startup Cost": 1.32, "Total Cost": 3574.95, "Plan Rows": 4000, "Plan Width": 8, "Actual Startup Time": 0.139, "Actual Total Time": 52.901, "Actual Rows": 3924, "Actual Loops": 1, "Inner Unique": true, "Hash Cond": "(public.supplier.s_nationkey = public.nation.n_nationkey)", "Plans": [{"Node Type": "Seq Scan", "Parent Relationship": "Outer", "Relation Name": "supplier", "Alias": "supplier", "Startup Cost": 0.0, "Total Cost": 3283.0, "Plan Rows": 100000, "Plan Width": 12, "Actual Startup Time": 0.027, "Actual Total Time": 30.589, "Actual Rows": 100000, "Actual Loops": 1}, {"Node Type": "Hash", "Parent Relationship": "Inner", "Startup Cost": 1.31, "Total Cost": 1.31, "Plan Rows": 1, "Plan Width": 4, "Actual Startup Time": 0.041, "Actual Total Time": 0.041, "Actual Rows": 1, "Actual Loops": 1, "Hash Buckets": 32768, "Hash Batches": 1, "Original Hash Batches": 1, "Peak Memory Usage": 1, "Plans": [{"Node Type": "Seq Scan", "Parent Relationship": "Outer", "Relation Name": "nation", "Alias": "nation", "Startup Cost": 0.0, "Total Cost": 1.31, "Plan Rows": 1, "Plan Width": 4, "Actual Startup Time": 0.03, "Actual Total Time": 0.033, "Actual Rows": 1, "Actual Loops": 1, "Filter": "(n_name = 'MOZAMBIQUE'::bpchar)", "Rows Removed by Filter": 24}]}]}, {"Node Type": "Index Scan", "Parent Relationship": "Inner", "Scan Direction": "Forward", "Index Name": "idx_partsupp_suppkey", "Relation Name": "partsupp", "Alias": "partsupp", "Startup Cost": 0.0, "Total Cost": 9.33, "Plan Rows": 13, "Plan Width": 24, "Actual Startup Time": 52.489, "Actual Total Time": 700.539, "Actual Rows": 313920, "Actual Loops": 3924, "Index Cond": "(ps_suppkey = public.supplier.s_suppkey)", "Rows Removed by Index Recheck": 0}]}]}, {"Node Type": "Aggregate", "Strategy": "Hashed", "Parent Relationship": "Outer", "Startup Cost": 42340.07, "Total Cost": 43012.32, "Plan Rows": 53780, "Plan Width": 40, "Actual Startup Time": 2218.071, "Actual Total Time": 2218.071, "Actual Rows": 0, "Actual Loops": 1, "Group By Key": ["public.partsupp.ps_partkey"], "Filter": "(sum((public.partsupp.ps_supplycost * (public.partsupp.ps_availqty)::double precision)) > $1)", "Rows Removed by Filter": 295792, "Plans": [{"Node Type": "Nested Loop", "Parent Relationship": "Outer", "Join Type": "Inner", "Startup Cost": 1.32, "Total Cost": 41398.92, "Plan Rows": 53780, "Plan Width": 24, "Actual Startup Time": 0.114, "Actual Total Time": 847.003, "Actual Rows": 313920, "Actual Loops": 1, "Inner Unique": false, "Plans": [{"Node Type": "Hash Join", "Parent Relationship": "Outer", "Join Type": "Inner", "Startup Cost": 1.32, "Total Cost": 3574.95, "Plan Rows": 4000, "Plan Width": 8, "Actual Startup Time": 0.089, "Actual Total Time": 54.895, "Actual Rows": 3924, "Actual Loops": 1, "Inner Unique": true, "Hash Cond": "(public.supplier.s_nationkey = public.nation.n_nationkey)", "Plans": [{"Node Type": "Seq Scan", "Parent Relationship": "Outer", "Relation Name": "supplier", "Alias": "supplier", "Startup Cost": 0.0, "Total Cost": 3283.0, "Plan Rows": 100000, "Plan Width": 12, "Actual Startup Time": 0.016, "Actual Total Time": 31.431, "Actual Rows": 100000, "Actual Loops": 1}, {"Node Type": "Hash", "Parent Relationship": "Inner", "Startup Cost": 1.31, "Total Cost": 1.31, "Plan Rows": 1, "Plan Width": 4, "Actual Startup Time": 0.027, "Actual Total Time": 0.027, "Actual Rows": 1, "Actual Loops": 1, "Hash Buckets": 32768, "Hash Batches": 1, "Original Hash Batches": 1, "Peak Memory Usage": 1, "Plans": [{"Node Type": "Seq Scan", "Parent Relationship": "Outer", "Relation Name": "nation", "Alias": "nation", "Startup Cost": 0.0, "Total Cost": 1.31, "Plan Rows": 1, "Plan Width": 4, "Actual Startup Time": 0.019, "Actual Total Time": 0.023, "Actual Rows": 1, "Actual Loops": 1, "Filter": "(n_name = 'MOZAMBIQUE'::bpchar)", "Rows Removed by Filter": 24}]}]}, {"Node Type": "Index Scan", "Parent Relationship": "Inner", "Scan Direction": "Forward", "Index Name": "idx_partsupp_suppkey", "Relation Name": "partsupp", "Alias": "partsupp", "Startup Cost": 0.0, "Total Cost": 9.33, "Plan Rows": 13, "Plan Width": 32, "Actual Startup Time": 54.864, "Actual Total Time": 720.004, "Actual Rows": 313920, "Actual Loops": 3924, "Index Cond": "(ps_suppkey = public.supplier.s_suppkey)", "Rows Removed by Index Recheck": 0}]}]}]}, "Triggers": [], "Planner Runtime": 1, "Total Runtime": 2218.902, "Unique SQL Id": 2932834211}}, "(16, 9)": {"explain_plan": {"Plan": {"Node Type": "Sort", "Startup Cost": 93166.14, "Total Cost": 93300.59, "Plan Rows": 53780, "Plan Width": 40, "Sort Key": ["(sum((public.partsupp.ps_supplycost * (public.partsupp.ps_availqty)::double precision))) DESC"], "Plans": [{"Node Type": "Aggregate", "Strategy": "Plain", "Parent Relationship": "exec_init_plan", "Subplan Name": "InitPlan 1 (returns $1)", "Startup Cost": 43865.19, "Total Cost": 43865.2, "Plan Rows": 1, "Plan Width": 24, "Plans": [{"Node Type": "Nested Loop", "Parent Relationship": "Outer", "Join Type": "Inner", "Startup Cost": 12.7, "Total Cost": 43461.84, "Plan Rows": 53780, "Plan Width": 16, "Inner Unique": false, "Plans": [{"Node Type": "Hash Join", "Parent Relationship": "Outer", "Join Type": "Inner", "Startup Cost": 12.7, "Total Cost": 5637.87, "Plan Rows": 4000, "Plan Width": 8, "Inner Unique": true, "Hash Cond": "(public.supplier.s_nationkey = public.nation.n_nationkey)", "Plans": [{"Node Type": "Index Scan", "Parent Relationship": "Outer", "Scan Direction": "Forward", "Index Name": "supplier_pkey", "Relation Name": "supplier", "Alias": "supplier", "Startup Cost": 0.0, "Total Cost": 5334.54, "Plan Rows": 100000, "Plan Width": 12}, {"Node Type": "Hash", "Parent Relationship": "Inner", "Startup Cost": 12.69, "Total Cost": 12.69, "Plan Rows": 1, "Plan Width": 4, "Plans": [{"Node Type": "Index Scan", "Parent Relationship": "Outer", "Scan Direction": "Forward", "Index Name": "nation_pkey", "Relation Name": "nation", "Alias": "nation", "Startup Cost": 0.0, "Total Cost": 12.69, "Plan Rows": 1, "Plan Width": 4, "Filter": "(n_name = 'MOZAMBIQUE'::bpchar)"}]}]}, {"Node Type": "Index Scan", "Parent Relationship": "Inner", "Scan Direction": "Forward", "Index Name": "idx_partsupp_suppkey", "Relation Name": "partsupp", "Alias": "partsupp", "Startup Cost": 0.0, "Total Cost": 9.33, "Plan Rows": 13, "Plan Width": 24, "Index Cond": "(ps_suppkey = public.supplier.s_suppkey)"}]}]}, {"Node Type": "Aggregate", "Strategy": "Hashed", "Parent Relationship": "Outer", "Startup Cost": 44402.99, "Total Cost": 45075.24, "Plan Rows": 53780, "Plan Width": 40, "Group By Key": ["public.partsupp.ps_partkey"], "Filter": "(sum((public.partsupp.ps_supplycost * (public.partsupp.ps_availqty)::double precision)) > $1)", "Plans": [{"Node Type": "Nested Loop", "Parent Relationship": "Outer", "Join Type": "Inner", "Startup Cost": 12.7, "Total Cost": 43461.84, "Plan Rows": 53780, "Plan Width": 24, "Inner Unique": false, "Plans": [{"Node Type": "Hash Join", "Parent Relationship": "Outer", "Join Type": "Inner", "Startup Cost": 12.7, "Total Cost": 5637.87, "Plan Rows": 4000, "Plan Width": 8, "Inner Unique": true, "Hash Cond": "(public.supplier.s_nationkey = public.nation.n_nationkey)", "Plans": [{"Node Type": "Index Scan", "Parent Relationship": "Outer", "Scan Direction": "Forward", "Index Name": "supplier_pkey", "Relation Name": "supplier", "Alias": "supplier", "Startup Cost": 0.0, "Total Cost": 5334.54, "Plan Rows": 100000, "Plan Width": 12}, {"Node Type": "Hash", "Parent Relationship": "Inner", "Startup Cost": 12.69, "Total Cost": 12.69, "Plan Rows": 1, "Plan Width": 4, "Plans": [{"Node Type": "Index Scan", "Parent Relationship": "Outer", "Scan Direction": "Forward", "Index Name": "nation_pkey", "Relation Name": "nation", "Alias": "nation", "Startup Cost": 0.0, "Total Cost": 12.69, "Plan Rows": 1, "Plan Width": 4, "Filter": "(n_name = 'MOZAMBIQUE'::bpchar)"}]}]}, {"Node Type": "Index Scan", "Parent Relationship": "Inner", "Scan Direction": "Forward", "Index Name": "idx_partsupp_suppkey", "Relation Name": "partsupp", "Alias": "partsupp", "Startup Cost": 0.0, "Total Cost": 9.33, "Plan Rows": 13, "Plan Width": 32, "Index Cond": "(ps_suppkey = public.supplier.s_suppkey)"}]}]}]}, "Unique SQL Id": 2932834211, "Planner Runtime": 2}, "explain_analyze_plan": {"Plan": {"Node Type": "Sort", "Startup Cost": 93166.14, "Total Cost": 93300.59, "Plan Rows": 53780, "Plan Width": 40, "Actual Startup Time": 2247.026, "Actual Total Time": 2247.026, "Actual Rows": 0, "Actual Loops": 1, "Sort Key": ["(sum((public.partsupp.ps_supplycost * (public.partsupp.ps_availqty)::double precision))) DESC"], "Sort Method": "quicksort", "Sort Space Used": 25, "Sort Space Type": "Memory", "Plans": [{"Node Type": "Aggregate", "Strategy": "Plain", "Parent Relationship": "exec_init_plan", "Subplan Name": "InitPlan 1 (returns $1)", "Startup Cost": 43865.19, "Total Cost": 43865.2, "Plan Rows": 1, "Plan Width": 24, "Actual Startup Time": 978.111, "Actual Total Time": 978.112, "Actual Rows": 1, "Actual Loops": 1, "Plans": [{"Node Type": "Nested Loop", "Parent Relationship": "Outer", "Join Type": "Inner", "Startup Cost": 12.7, "Total Cost": 43461.84, "Plan Rows": 53780, "Plan Width": 16, "Actual Startup Time": 0.181, "Actual Total Time": 843.297, "Actual Rows": 313920, "Actual Loops": 1, "Inner Unique": false, "Plans": [{"Node Type": "Hash Join", "Parent Relationship": "Outer", "Join Type": "Inner", "Startup Cost": 12.7, "Total Cost": 5637.87, "Plan Rows": 4000, "Plan Width": 8, "Actual Startup Time": 0.159, "Actual Total Time": 89.116, "Actual Rows": 3924, "Actual Loops": 1, "Inner Unique": true, "Hash Cond": "(public.supplier.s_nationkey = public.nation.n_nationkey)", "Plans": [{"Node Type": "Index Scan", "Parent Relationship": "Outer", "Scan Direction": "Forward", "Index Name": "supplier_pkey", "Relation Name": "supplier", "Alias": "supplier", "Startup Cost": 0.0, "Total Cost": 5334.54, "Plan Rows": 100000, "Plan Width": 12, "Actual Startup Time": 0.033, "Actual Total Time": 68.123, "Actual Rows": 100000, "Actual Loops": 1}, {"Node Type": "Hash", "Parent Relationship": "Inner", "Startup Cost": 12.69, "Total Cost": 12.69, "Plan Rows": 1, "Plan Width": 4, "Actual Startup Time": 0.051, "Actual Total Time": 0.051, "Actual Rows": 1, "Actual Loops": 1, "Hash Buckets": 32768, "Hash Batches": 1, "Original Hash Batches": 1, "Peak Memory Usage": 1, "Plans": [{"Node Type": "Index Scan", "Parent Relationship": "Outer", "Scan Direction": "Forward", "Index Name": "nation_pkey", "Relation Name": "nation", "Alias": "nation", "Startup Cost": 0.0, "Total Cost": 12.69, "Plan Rows": 1, "Plan Width": 4, "Actual Startup Time": 0.034, "Actual Total Time": 0.042, "Actual Rows": 1, "Actual Loops": 1, "Filter": "(n_name = 'MOZAMBIQUE'::bpchar)", "Rows Removed by Filter": 24}]}]}, {"Node Type": "Index Scan", "Parent Relationship": "Inner", "Scan Direction": "Forward", "Index Name": "idx_partsupp_suppkey", "Relation Name": "partsupp", "Alias": "partsupp", "Startup Cost": 0.0, "Total Cost": 9.33, "Plan Rows": 13, "Plan Width": 24, "Actual Startup Time": 54.712, "Actual Total Time": 687.849, "Actual Rows": 313920, "Actual Loops": 3924, "Index Cond": "(ps_suppkey = public.supplier.s_suppkey)", "Rows Removed by Index Recheck": 0}]}]}, {"Node Type": "Aggregate", "Strategy": "Hashed", "Parent Relationship": "Outer", "Startup Cost": 44402.99, "Total Cost": 45075.24, "Plan Rows": 53780, "Plan Width": 40, "Actual Startup Time": 2246.631, "Actual Total Time": 2246.631, "Actual Rows": 0, "Actual Loops": 1, "Group By Key": ["public.partsupp.ps_partkey"], "Filter": "(sum((public.partsupp.ps_supplycost * (public.partsupp.ps_availqty)::double precision)) > $1)", "Rows Removed by Filter": 295792, "Plans": [{"Node Type": "Nested Loop", "Parent Relationship": "Outer", "Join Type": "Inner", "Startup Cost": 12.7, "Total Cost": 43461.84, "Plan Rows": 53780, "Plan Width": 24, "Actual Startup Time": 0.126, "Actual Total Time": 860.858, "Actual Rows": 313920, "Actual Loops": 1, "Inner Unique": false, "Plans": [{"Node Type": "Hash Join", "Parent Relationship": "Outer", "Join Type": "Inner", "Startup Cost": 12.7, "Total Cost": 5637.87, "Plan Rows": 4000, "Plan Width": 8, "Actual Startup Time": 0.104, "Actual Total Time": 85.54, "Actual Rows": 3924, "Actual Loops": 1, "Inner Unique": true, "Hash Cond": "(public.supplier.s_nationkey = public.nation.n_nationkey)", "Plans": [{"Node Type": "Index Scan", "Parent Relationship": "Outer", "Scan Direction": "Forward", "Index Name": "supplier_pkey", "Relation Name": "supplier", "Alias": "supplier", "Startup Cost": 0.0, "Total Cost": 5334.54, "Plan Rows": 100000, "Plan Width": 12, "Actual Startup Time": 0.022, "Actual Total Time": 64.371, "Actual Rows": 100000, "Actual Loops": 1}, {"Node Type": "Hash", "Parent Relationship": "Inner", "Startup Cost": 12.69, "Total Cost": 12.69, "Plan Rows": 1, "Plan Width": 4, "Actual Startup Time": 0.029, "Actual Total Time": 0.029, "Actual Rows": 1, "Actual Loops": 1, "Hash Buckets": 32768, "Hash Batches": 1, "Original Hash Batches": 1, "Peak Memory Usage": 1, "Plans": [{"Node Type": "Index Scan", "Parent Relationship": "Outer", "Scan Direction": "Forward", "Index Name": "nation_pkey", "Relation Name": "nation", "Alias": "nation", "Startup Cost": 0.0, "Total Cost": 12.69, "Plan Rows": 1, "Plan Width": 4, "Actual Startup Time": 0.019, "Actual Total Time": 0.024, "Actual Rows": 1, "Actual Loops": 1, "Filter": "(n_name = 'MOZAMBIQUE'::bpchar)", "Rows Removed by Filter": 24}]}]}, {"Node Type": "Index Scan", "Parent Relationship": "Inner", "Scan Direction": "Forward", "Index Name": "idx_partsupp_suppkey", "Relation Name": "partsupp", "Alias": "partsupp", "Startup Cost": 0.0, "Total Cost": 9.33, "Plan Rows": 13, "Plan Width": 32, "Actual Startup Time": 51.789, "Actual Total Time": 704.818, "Actual Rows": 313920, "Actual Loops": 3924, "Index Cond": "(ps_suppkey = public.supplier.s_suppkey)", "Rows Removed by Index Recheck": 0}]}]}]}, "Triggers": [], "Planner Runtime": 0, "Total Runtime": 2247.303, "Unique SQL Id": 2932834211}}, "(16, 10)": {"explain_plan": {"Plan": {"Node Type": "Sort", "Startup Cost": 614546.2, "Total Cost": 614680.65, "Plan Rows": 53780, "Plan Width": 40, "Sort Key": ["(sum((public.partsupp.ps_supplycost * (public.partsupp.ps_availqty)::double precision))) DESC"], "Plans": [{"Node Type": "Aggregate", "Strategy": "Plain", "Parent Relationship": "exec_init_plan", "Subplan Name": "InitPlan 1 (returns $0)", "Startup Cost": 304555.21, "Total Cost": 304555.23, "Plan Rows": 1, "Plan Width": 24, "Plans": [{"Node Type": "Hash Join", "Parent Relationship": "Outer", "Join Type": "Inner", "Startup Cost": 3624.95, "Total Cost": 304151.86, "Plan Rows": 53780, "Plan Width": 16, "Inner Unique": false, "Hash Cond": "(public.partsupp.ps_suppkey = public.supplier.s_suppkey)", "Plans": [{"Node Type": "Seq Scan", "Parent Relationship": "Outer", "Relation Name": "partsupp", "Alias": "partsupp", "Startup Cost": 0.0, "Total Cost": 269987.72, "Plan Rows": 8000372, "Plan Width": 24}, {"Node Type": "Hash", "Parent Relationship": "Inner", "Startup Cost": 3574.95, "Total Cost": 3574.95, "Plan Rows": 4000, "Plan Width": 8, "Plans": [{"Node Type": "Hash Join", "Parent Relationship": "Outer", "Join Type": "Inner", "Startup Cost": 1.32, "Total Cost": 3574.95, "Plan Rows": 4000, "Plan Width": 8, "Inner Unique": true, "Hash Cond": "(public.supplier.s_nationkey = public.nation.n_nationkey)", "Plans": [{"Node Type": "Seq Scan", "Parent Relationship": "Outer", "Relation Name": "supplier", "Alias": "supplier", "Startup Cost": 0.0, "Total Cost": 3283.0, "Plan Rows": 100000, "Plan Width": 12}, {"Node Type": "Hash", "Parent Relationship": "Inner", "Startup Cost": 1.31, "Total Cost": 1.31, "Plan Rows": 1, "Plan Width": 4, "Plans": [{"Node Type": "Seq Scan", "Parent Relationship": "Outer", "Relation Name": "nation", "Alias": "nation", "Startup Cost": 0.0, "Total Cost": 1.31, "Plan Rows": 1, "Plan Width": 4, "Filter": "(n_name = 'MOZAMBIQUE'::bpchar)"}]}]}]}]}]}, {"Node Type": "Aggregate", "Strategy": "Hashed", "Parent Relationship": "Outer", "Startup Cost": 305093.02, "Total Cost": 305765.27, "Plan Rows": 53780, "Plan Width": 40, "Group By Key": ["public.partsupp.ps_partkey"], "Filter": "(sum((public.partsupp.ps_supplycost * (public.partsupp.ps_availqty)::double precision)) > $0)", "Plans": [{"Node Type": "Hash Join", "Parent Relationship": "Outer", "Join Type": "Inner", "Startup Cost": 3624.95, "Total Cost": 304151.86, "Plan Rows": 53780, "Plan Width": 24, "Inner Unique": false, "Hash Cond": "(public.partsupp.ps_suppkey = public.supplier.s_suppkey)", "Plans": [{"Node Type": "Seq Scan", "Parent Relationship": "Outer", "Relation Name": "partsupp", "Alias": "partsupp", "Startup Cost": 0.0, "Total Cost": 269987.72, "Plan Rows": 8000372, "Plan Width": 32}, {"Node Type": "Hash", "Parent Relationship": "Inner", "Startup Cost": 3574.95, "Total Cost": 3574.95, "Plan Rows": 4000, "Plan Width": 8, "Plans": [{"Node Type": "Hash Join", "Parent Relationship": "Outer", "Join Type": "Inner", "Startup Cost": 1.32, "Total Cost": 3574.95, "Plan Rows": 4000, "Plan Width": 8, "Inner Unique": true, "Hash Cond": "(public.supplier.s_nationkey = public.nation.n_nationkey)", "Plans": [{"Node Type": "Seq Scan", "Parent Relationship": "Outer", "Relation Name": "supplier", "Alias": "supplier", "Startup Cost": 0.0, "Total Cost": 3283.0, "Plan Rows": 100000, "Plan Width": 12}, {"Node Type": "Hash", "Parent Relationship": "Inner", "Startup Cost": 1.31, "Total Cost": 1.31, "Plan Rows": 1, "Plan Width": 4, "Plans": [{"Node Type": "Seq Scan", "Parent Relationship": "Outer", "Relation Name": "nation", "Alias": "nation", "Startup Cost": 0.0, "Total Cost": 1.31, "Plan Rows": 1, "Plan Width": 4, "Filter": "(n_name = 'MOZAMBIQUE'::bpchar)"}]}]}]}]}]}]}, "Unique SQL Id": 2932834211, "Planner Runtime": 1}, "explain_analyze_plan": null}, "(16, 11)": {"explain_plan": {"Plan": {"Node Type": "Sort", "Startup Cost": 6001104432332.89, "Total Cost": 6001104432467.34, "Plan Rows": 53780, "Plan Width": 40, "Sort Key": ["(sum((public.partsupp.ps_supplycost * (public.partsupp.ps_availqty)::double precision))) DESC"], "Plans": [{"Node Type": "Aggregate", "Strategy": "Plain", "Parent Relationship": "exec_init_plan", "Subplan Name": "InitPlan 1 (returns $0)", "Startup Cost": 3000580719437.25, "Total Cost": 3000580719437.27, "Plan Rows": 1, "Plan Width": 24, "Plans": [{"Node Type": "Nested Loop", "Parent Relationship": "Outer", "Join Type": "Inner", "Startup Cost": 30000000000.0, "Total Cost": 3000580719033.9, "Plan Rows": 53780, "Plan Width": 16, "Inner Unique": false, "Join Filter": "(public.supplier.s_suppkey = public.partsupp.ps_suppkey)", "Plans": [{"Node Type": "Index Scan", "Parent Relationship": "Outer", "Scan Direction": "Forward", "Index Name": "idx_partsupp_suppkey", "Relation Name": "partsupp", "Alias": "partsupp", "Startup Cost": 10000000000.0, "Total Cost": 1000100160480.77, "Plan Rows": 8000372, "Plan Width": 24}, {"Node Type": "Materialize", "Parent Relationship": "Inner", "Startup Cost": 20000000000.0, "Total Cost": 2000000536243.13, "Plan Rows": 4000, "Plan Width": 8, "Plans": [{"Node Type": "Nested Loop", "Parent Relationship": "Outer", "Join Type": "Inner", "Startup Cost": 20000000000.0, "Total Cost": 2000000536223.13, "Plan Rows": 4000, "Plan Width": 8, "Inner Unique": true, "Join Filter": "(public.supplier.s_nationkey = public.nation.n_nationkey)", "Plans": [{"Node Type": "Index Scan", "Parent Relationship": "Outer", "Scan Direction": "Forward", "Index Name": "supplier_pkey", "Relation Name": "supplier", "Alias": "supplier", "Startup Cost": 10000000000.0, "Total Cost": 1000000533454.38, "Plan Rows": 100000, "Plan Width": 12}, {"Node Type": "Materialize", "Parent Relationship": "Inner", "Startup Cost": 10000000000.0, "Total Cost": 1000000001268.76, "Plan Rows": 1, "Plan Width": 4, "Plans": [{"Node Type": "Index Scan", "Parent Relationship": "Outer", "Scan Direction": "Forward", "Index Name": "nation_pkey", "Relation Name": "nation", "Alias": "nation", "Startup Cost": 10000000000.0, "Total Cost": 1000000001268.75, "Plan Rows": 1, "Plan Width": 4, "Filter": "(n_name = 'MOZAMBIQUE'::bpchar)"}]}]}]}]}]}, {"Node Type": "Aggregate", "Strategy": "Hashed", "Parent Relationship": "Outer", "Startup Cost": 3000523707997.67, "Total Cost": 3000523708669.92, "Plan Rows": 53780, "Plan Width": 40, "Group By Key": ["public.partsupp.ps_partkey"], "Filter": "(sum((public.partsupp.ps_supplycost * (public.partsupp.ps_availqty)::double precision)) > $0)", "Plans": [{"Node Type": "Nested Loop", "Parent Relationship": "Outer", "Join Type": "Inner", "Startup Cost": 30000000000.0, "Total Cost": 3000523707056.51, "Plan Rows": 53780, "Plan Width": 24, "Inner Unique": false, "Join Filter": "(public.supplier.s_suppkey = public.partsupp.ps_suppkey)", "Plans": [{"Node Type": "Index Scan", "Parent Relationship": "Outer", "Scan Direction": "Forward", "Index Name": "idx_partsupp_partkey", "Relation Name": "partsupp", "Alias": "partsupp", "Startup Cost": 10000000000.0, "Total Cost": 1000043148503.38, "Plan Rows": 8000372, "Plan Width": 32}, {"Node Type": "Materialize", "Parent Relationship": "Inner", "Startup Cost": 20000000000.0, "Total Cost": 2000000536243.13, "Plan Rows": 4000, "Plan Width": 8, "Plans": [{"Node Type": "Nested Loop", "Parent Relationship": "Outer", "Join Type": "Inner", "Startup Cost": 20000000000.0, "Total Cost": 2000000536223.13, "Plan Rows": 4000, "Plan Width": 8, "Inner Unique": true, "Join Filter": "(public.supplier.s_nationkey = public.nation.n_nationkey)", "Plans": [{"Node Type": "Index Scan", "Parent Relationship": "Outer", "Scan Direction": "Forward", "Index Name": "supplier_pkey", "Relation Name": "supplier", "Alias": "supplier", "Startup Cost": 10000000000.0, "Total Cost": 1000000533454.38, "Plan Rows": 100000, "Plan Width": 12}, {"Node Type": "Materialize", "Parent Relationship": "Inner", "Startup Cost": 10000000000.0, "Total Cost": 1000000001268.76, "Plan Rows": 1, "Plan Width": 4, "Plans": [{"Node Type": "Index Scan", "Parent Relationship": "Outer", "Scan Direction": "Forward", "Index Name": "nation_pkey", "Relation Name": "nation", "Alias": "nation", "Startup Cost": 10000000000.0, "Total Cost": 1000000001268.75, "Plan Rows": 1, "Plan Width": 4, "Filter": "(n_name = 'MOZAMBIQUE'::bpchar)"}]}]}]}]}]}]}, "Unique SQL Id": 2932834211, "Planner Runtime": 2}, "explain_analyze_plan": null}, "(16, 12)": {"explain_plan": {"Plan": {"Node Type": "Sort", "Startup Cost": 89040.3, "Total Cost": 89174.75, "Plan Rows": 53780, "Plan Width": 40, "Sort Key": ["(sum((public.partsupp.ps_supplycost * (public.partsupp.ps_availqty)::double precision))) DESC"], "Plans": [{"Node Type": "Aggregate", "Strategy": "Plain", "Parent Relationship": "exec_init_plan", "Subplan Name": "InitPlan 1 (returns $1)", "Startup Cost": 41802.27, "Total Cost": 41802.28, "Plan Rows": 1, "Plan Width": 24, "Plans": [{"Node Type": "Nested Loop", "Parent Relationship": "Outer", "Join Type": "Inner", "Startup Cost": 1.32, "Total Cost": 41398.92, "Plan Rows": 53780, "Plan Width": 16, "Inner Unique": false, "Plans": [{"Node Type": "Hash Join", "Parent Relationship": "Outer", "Join Type": "Inner", "Startup Cost": 1.32, "Total Cost": 3574.95, "Plan Rows": 4000, "Plan Width": 8, "Inner Unique": true, "Hash Cond": "(public.supplier.s_nationkey = public.nation.n_nationkey)", "Plans": [{"Node Type": "Seq Scan", "Parent Relationship": "Outer", "Relation Name": "supplier", "Alias": "supplier", "Startup Cost": 0.0, "Total Cost": 3283.0, "Plan Rows": 100000, "Plan Width": 12}, {"Node Type": "Hash", "Parent Relationship": "Inner", "Startup Cost": 1.31, "Total Cost": 1.31, "Plan Rows": 1, "Plan Width": 4, "Plans": [{"Node Type": "Seq Scan", "Parent Relationship": "Outer", "Relation Name": "nation", "Alias": "nation", "Startup Cost": 0.0, "Total Cost": 1.31, "Plan Rows": 1, "Plan Width": 4, "Filter": "(n_name = 'MOZAMBIQUE'::bpchar)"}]}]}, {"Node Type": "Index Scan", "Parent Relationship": "Inner", "Scan Direction": "Forward", "Index Name": "idx_partsupp_suppkey", "Relation Name": "partsupp", "Alias": "partsupp", "Startup Cost": 0.0, "Total Cost": 9.33, "Plan Rows": 13, "Plan Width": 24, "Index Cond": "(ps_suppkey = public.supplier.s_suppkey)"}]}]}, {"Node Type": "Aggregate", "Strategy": "Hashed", "Parent Relationship": "Outer", "Startup Cost": 42340.07, "Total Cost": 43012.32, "Plan Rows": 53780, "Plan Width": 40, "Group By Key": ["public.partsupp.ps_partkey"], "Filter": "(sum((public.partsupp.ps_supplycost * (public.partsupp.ps_availqty)::double precision)) > $1)", "Plans": [{"Node Type": "Nested Loop", "Parent Relationship": "Outer", "Join Type": "Inner", "Startup Cost": 1.32, "Total Cost": 41398.92, "Plan Rows": 53780, "Plan Width": 24, "Inner Unique": false, "Plans": [{"Node Type": "Hash Join", "Parent Relationship": "Outer", "Join Type": "Inner", "Startup Cost": 1.32, "Total Cost": 3574.95, "Plan Rows": 4000, "Plan Width": 8, "Inner Unique": true, "Hash Cond": "(public.supplier.s_nationkey = public.nation.n_nationkey)", "Plans": [{"Node Type": "Seq Scan", "Parent Relationship": "Outer", "Relation Name": "supplier", "Alias": "supplier", "Startup Cost": 0.0, "Total Cost": 3283.0, "Plan Rows": 100000, "Plan Width": 12}, {"Node Type": "Hash", "Parent Relationship": "Inner", "Startup Cost": 1.31, "Total Cost": 1.31, "Plan Rows": 1, "Plan Width": 4, "Plans": [{"Node Type": "Seq Scan", "Parent Relationship": "Outer", "Relation Name": "nation", "Alias": "nation", "Startup Cost": 0.0, "Total Cost": 1.31, "Plan Rows": 1, "Plan Width": 4, "Filter": "(n_name = 'MOZAMBIQUE'::bpchar)"}]}]}, {"Node Type": "Index Scan", "Parent Relationship": "Inner", "Scan Direction": "Forward", "Index Name": "idx_partsupp_suppkey", "Relation Name": "partsupp", "Alias": "partsupp", "Startup Cost": 0.0, "Total Cost": 9.33, "Plan Rows": 13, "Plan Width": 32, "Index Cond": "(ps_suppkey = public.supplier.s_suppkey)"}]}]}]}, "Unique SQL Id": 2932834211, "Planner Runtime": 2}, "explain_analyze_plan": {"Plan": {"Node Type": "Sort", "Startup Cost": 89040.3, "Total Cost": 89174.75, "Plan Rows": 53780, "Plan Width": 40, "Actual Startup Time": 2218.613, "Actual Total Time": 2218.613, "Actual Rows": 0, "Actual Loops": 1, "Sort Key": ["(sum((public.partsupp.ps_supplycost * (public.partsupp.ps_availqty)::double precision))) DESC"], "Sort Method": "quicksort", "Sort Space Used": 25, "Sort Space Type": "Memory", "Plans": [{"Node Type": "Aggregate", "Strategy": "Plain", "Parent Relationship": "exec_init_plan", "Subplan Name": "InitPlan 1 (returns $1)", "Startup Cost": 41802.27, "Total Cost": 41802.28, "Plan Rows": 1, "Plan Width": 24, "Actual Startup Time": 958.478, "Actual Total Time": 958.478, "Actual Rows": 1, "Actual Loops": 1, "Plans": [{"Node Type": "Nested Loop", "Parent Relationship": "Outer", "Join Type": "Inner", "Startup Cost": 1.32, "Total Cost": 41398.92, "Plan Rows": 53780, "Plan Width": 16, "Actual Startup Time": 0.167, "Actual Total Time": 820.918, "Actual Rows": 313920, "Actual Loops": 1, "Inner Unique": false, "Plans": [{"Node Type": "Hash Join", "Parent Relationship": "Outer", "Join Type": "Inner", "Startup Cost": 1.32, "Total Cost": 3574.95, "Plan Rows": 4000, "Plan Width": 8, "Actual Startup Time": 0.139, "Actual Total Time": 52.901, "Actual Rows": 3924, "Actual Loops": 1, "Inner Unique": true, "Hash Cond": "(public.supplier.s_nationkey = public.nation.n_nationkey)", "Plans": [{"Node Type": "Seq Scan", "Parent Relationship": "Outer", "Relation Name": "supplier", "Alias": "supplier", "Startup Cost": 0.0, "Total Cost": 3283.0, "Plan Rows": 100000, "Plan Width": 12, "Actual Startup Time": 0.027, "Actual Total Time": 30.589, "Actual Rows": 100000, "Actual Loops": 1}, {"Node Type": "Hash", "Parent Relationship": "Inner", "Startup Cost": 1.31, "Total Cost": 1.31, "Plan Rows": 1, "Plan Width": 4, "Actual Startup Time": 0.041, "Actual Total Time": 0.041, "Actual Rows": 1, "Actual Loops": 1, "Hash Buckets": 32768, "Hash Batches": 1, "Original Hash Batches": 1, "Peak Memory Usage": 1, "Plans": [{"Node Type": "Seq Scan", "Parent Relationship": "Outer", "Relation Name": "nation", "Alias": "nation", "Startup Cost": 0.0, "Total Cost": 1.31, "Plan Rows": 1, "Plan Width": 4, "Actual Startup Time": 0.03, "Actual Total Time": 0.033, "Actual Rows": 1, "Actual Loops": 1, "Filter": "(n_name = 'MOZAMBIQUE'::bpchar)", "Rows Removed by Filter": 24}]}]}, {"Node Type": "Index Scan", "Parent Relationship": "Inner", "Scan Direction": "Forward", "Index Name": "idx_partsupp_suppkey", "Relation Name": "partsupp", "Alias": "partsupp", "Startup Cost": 0.0, "Total Cost": 9.33, "Plan Rows": 13, "Plan Width": 24, "Actual Startup Time": 52.489, "Actual Total Time": 700.539, "Actual Rows": 313920, "Actual Loops": 3924, "Index Cond": "(ps_suppkey = public.supplier.s_suppkey)", "Rows Removed by Index Recheck": 0}]}]}, {"Node Type": "Aggregate", "Strategy": "Hashed", "Parent Relationship": "Outer", "Startup Cost": 42340.07, "Total Cost": 43012.32, "Plan Rows": 53780, "Plan Width": 40, "Actual Startup Time": 2218.071, "Actual Total Time": 2218.071, "Actual Rows": 0, "Actual Loops": 1, "Group By Key": ["public.partsupp.ps_partkey"], "Filter": "(sum((public.partsupp.ps_supplycost * (public.partsupp.ps_availqty)::double precision)) > $1)", "Rows Removed by Filter": 295792, "Plans": [{"Node Type": "Nested Loop", "Parent Relationship": "Outer", "Join Type": "Inner", "Startup Cost": 1.32, "Total Cost": 41398.92, "Plan Rows": 53780, "Plan Width": 24, "Actual Startup Time": 0.114, "Actual Total Time": 847.003, "Actual Rows": 313920, "Actual Loops": 1, "Inner Unique": false, "Plans": [{"Node Type": "Hash Join", "Parent Relationship": "Outer", "Join Type": "Inner", "Startup Cost": 1.32, "Total Cost": 3574.95, "Plan Rows": 4000, "Plan Width": 8, "Actual Startup Time": 0.089, "Actual Total Time": 54.895, "Actual Rows": 3924, "Actual Loops": 1, "Inner Unique": true, "Hash Cond": "(public.supplier.s_nationkey = public.nation.n_nationkey)", "Plans": [{"Node Type": "Seq Scan", "Parent Relationship": "Outer", "Relation Name": "supplier", "Alias": "supplier", "Startup Cost": 0.0, "Total Cost": 3283.0, "Plan Rows": 100000, "Plan Width": 12, "Actual Startup Time": 0.016, "Actual Total Time": 31.431, "Actual Rows": 100000, "Actual Loops": 1}, {"Node Type": "Hash", "Parent Relationship": "Inner", "Startup Cost": 1.31, "Total Cost": 1.31, "Plan Rows": 1, "Plan Width": 4, "Actual Startup Time": 0.027, "Actual Total Time": 0.027, "Actual Rows": 1, "Actual Loops": 1, "Hash Buckets": 32768, "Hash Batches": 1, "Original Hash Batches": 1, "Peak Memory Usage": 1, "Plans": [{"Node Type": "Seq Scan", "Parent Relationship": "Outer", "Relation Name": "nation", "Alias": "nation", "Startup Cost": 0.0, "Total Cost": 1.31, "Plan Rows": 1, "Plan Width": 4, "Actual Startup Time": 0.019, "Actual Total Time": 0.023, "Actual Rows": 1, "Actual Loops": 1, "Filter": "(n_name = 'MOZAMBIQUE'::bpchar)", "Rows Removed by Filter": 24}]}]}, {"Node Type": "Index Scan", "Parent Relationship": "Inner", "Scan Direction": "Forward", "Index Name": "idx_partsupp_suppkey", "Relation Name": "partsupp", "Alias": "partsupp", "Startup Cost": 0.0, "Total Cost": 9.33, "Plan Rows": 13, "Plan Width": 32, "Actual Startup Time": 54.864, "Actual Total Time": 720.004, "Actual Rows": 313920, "Actual Loops": 3924, "Index Cond": "(ps_suppkey = public.supplier.s_suppkey)", "Rows Removed by Index Recheck": 0}]}]}]}, "Triggers": [], "Planner Runtime": 1, "Total Runtime": 2218.902, "Unique SQL Id": 2932834211}}, "(16, 13)": {"explain_plan": {"Plan": {"Node Type": "Sort", "Startup Cost": 93166.14, "Total Cost": 93300.59, "Plan Rows": 53780, "Plan Width": 40, "Sort Key": ["(sum((public.partsupp.ps_supplycost * (public.partsupp.ps_availqty)::double precision))) DESC"], "Plans": [{"Node Type": "Aggregate", "Strategy": "Plain", "Parent Relationship": "exec_init_plan", "Subplan Name": "InitPlan 1 (returns $1)", "Startup Cost": 43865.19, "Total Cost": 43865.2, "Plan Rows": 1, "Plan Width": 24, "Plans": [{"Node Type": "Nested Loop", "Parent Relationship": "Outer", "Join Type": "Inner", "Startup Cost": 12.7, "Total Cost": 43461.84, "Plan Rows": 53780, "Plan Width": 16, "Inner Unique": false, "Plans": [{"Node Type": "Hash Join", "Parent Relationship": "Outer", "Join Type": "Inner", "Startup Cost": 12.7, "Total Cost": 5637.87, "Plan Rows": 4000, "Plan Width": 8, "Inner Unique": true, "Hash Cond": "(public.supplier.s_nationkey = public.nation.n_nationkey)", "Plans": [{"Node Type": "Index Scan", "Parent Relationship": "Outer", "Scan Direction": "Forward", "Index Name": "supplier_pkey", "Relation Name": "supplier", "Alias": "supplier", "Startup Cost": 0.0, "Total Cost": 5334.54, "Plan Rows": 100000, "Plan Width": 12}, {"Node Type": "Hash", "Parent Relationship": "Inner", "Startup Cost": 12.69, "Total Cost": 12.69, "Plan Rows": 1, "Plan Width": 4, "Plans": [{"Node Type": "Index Scan", "Parent Relationship": "Outer", "Scan Direction": "Forward", "Index Name": "nation_pkey", "Relation Name": "nation", "Alias": "nation", "Startup Cost": 0.0, "Total Cost": 12.69, "Plan Rows": 1, "Plan Width": 4, "Filter": "(n_name = 'MOZAMBIQUE'::bpchar)"}]}]}, {"Node Type": "Index Scan", "Parent Relationship": "Inner", "Scan Direction": "Forward", "Index Name": "idx_partsupp_suppkey", "Relation Name": "partsupp", "Alias": "partsupp", "Startup Cost": 0.0, "Total Cost": 9.33, "Plan Rows": 13, "Plan Width": 24, "Index Cond": "(ps_suppkey = public.supplier.s_suppkey)"}]}]}, {"Node Type": "Aggregate", "Strategy": "Hashed", "Parent Relationship": "Outer", "Startup Cost": 44402.99, "Total Cost": 45075.24, "Plan Rows": 53780, "Plan Width": 40, "Group By Key": ["public.partsupp.ps_partkey"], "Filter": "(sum((public.partsupp.ps_supplycost * (public.partsupp.ps_availqty)::double precision)) > $1)", "Plans": [{"Node Type": "Nested Loop", "Parent Relationship": "Outer", "Join Type": "Inner", "Startup Cost": 12.7, "Total Cost": 43461.84, "Plan Rows": 53780, "Plan Width": 24, "Inner Unique": false, "Plans": [{"Node Type": "Hash Join", "Parent Relationship": "Outer", "Join Type": "Inner", "Startup Cost": 12.7, "Total Cost": 5637.87, "Plan Rows": 4000, "Plan Width": 8, "Inner Unique": true, "Hash Cond": "(public.supplier.s_nationkey = public.nation.n_nationkey)", "Plans": [{"Node Type": "Index Scan", "Parent Relationship": "Outer", "Scan Direction": "Forward", "Index Name": "supplier_pkey", "Relation Name": "supplier", "Alias": "supplier", "Startup Cost": 0.0, "Total Cost": 5334.54, "Plan Rows": 100000, "Plan Width": 12}, {"Node Type": "Hash", "Parent Relationship": "Inner", "Startup Cost": 12.69, "Total Cost": 12.69, "Plan Rows": 1, "Plan Width": 4, "Plans": [{"Node Type": "Index Scan", "Parent Relationship": "Outer", "Scan Direction": "Forward", "Index Name": "nation_pkey", "Relation Name": "nation", "Alias": "nation", "Startup Cost": 0.0, "Total Cost": 12.69, "Plan Rows": 1, "Plan Width": 4, "Filter": "(n_name = 'MOZAMBIQUE'::bpchar)"}]}]}, {"Node Type": "Index Scan", "Parent Relationship": "Inner", "Scan Direction": "Forward", "Index Name": "idx_partsupp_suppkey", "Relation Name": "partsupp", "Alias": "partsupp", "Startup Cost": 0.0, "Total Cost": 9.33, "Plan Rows": 13, "Plan Width": 32, "Index Cond": "(ps_suppkey = public.supplier.s_suppkey)"}]}]}]}, "Unique SQL Id": 2932834211, "Planner Runtime": 1}, "explain_analyze_plan": {"Plan": {"Node Type": "Sort", "Startup Cost": 93166.14, "Total Cost": 93300.59, "Plan Rows": 53780, "Plan Width": 40, "Actual Startup Time": 2247.026, "Actual Total Time": 2247.026, "Actual Rows": 0, "Actual Loops": 1, "Sort Key": ["(sum((public.partsupp.ps_supplycost * (public.partsupp.ps_availqty)::double precision))) DESC"], "Sort Method": "quicksort", "Sort Space Used": 25, "Sort Space Type": "Memory", "Plans": [{"Node Type": "Aggregate", "Strategy": "Plain", "Parent Relationship": "exec_init_plan", "Subplan Name": "InitPlan 1 (returns $1)", "Startup Cost": 43865.19, "Total Cost": 43865.2, "Plan Rows": 1, "Plan Width": 24, "Actual Startup Time": 978.111, "Actual Total Time": 978.112, "Actual Rows": 1, "Actual Loops": 1, "Plans": [{"Node Type": "Nested Loop", "Parent Relationship": "Outer", "Join Type": "Inner", "Startup Cost": 12.7, "Total Cost": 43461.84, "Plan Rows": 53780, "Plan Width": 16, "Actual Startup Time": 0.181, "Actual Total Time": 843.297, "Actual Rows": 313920, "Actual Loops": 1, "Inner Unique": false, "Plans": [{"Node Type": "Hash Join", "Parent Relationship": "Outer", "Join Type": "Inner", "Startup Cost": 12.7, "Total Cost": 5637.87, "Plan Rows": 4000, "Plan Width": 8, "Actual Startup Time": 0.159, "Actual Total Time": 89.116, "Actual Rows": 3924, "Actual Loops": 1, "Inner Unique": true, "Hash Cond": "(public.supplier.s_nationkey = public.nation.n_nationkey)", "Plans": [{"Node Type": "Index Scan", "Parent Relationship": "Outer", "Scan Direction": "Forward", "Index Name": "supplier_pkey", "Relation Name": "supplier", "Alias": "supplier", "Startup Cost": 0.0, "Total Cost": 5334.54, "Plan Rows": 100000, "Plan Width": 12, "Actual Startup Time": 0.033, "Actual Total Time": 68.123, "Actual Rows": 100000, "Actual Loops": 1}, {"Node Type": "Hash", "Parent Relationship": "Inner", "Startup Cost": 12.69, "Total Cost": 12.69, "Plan Rows": 1, "Plan Width": 4, "Actual Startup Time": 0.051, "Actual Total Time": 0.051, "Actual Rows": 1, "Actual Loops": 1, "Hash Buckets": 32768, "Hash Batches": 1, "Original Hash Batches": 1, "Peak Memory Usage": 1, "Plans": [{"Node Type": "Index Scan", "Parent Relationship": "Outer", "Scan Direction": "Forward", "Index Name": "nation_pkey", "Relation Name": "nation", "Alias": "nation", "Startup Cost": 0.0, "Total Cost": 12.69, "Plan Rows": 1, "Plan Width": 4, "Actual Startup Time": 0.034, "Actual Total Time": 0.042, "Actual Rows": 1, "Actual Loops": 1, "Filter": "(n_name = 'MOZAMBIQUE'::bpchar)", "Rows Removed by Filter": 24}]}]}, {"Node Type": "Index Scan", "Parent Relationship": "Inner", "Scan Direction": "Forward", "Index Name": "idx_partsupp_suppkey", "Relation Name": "partsupp", "Alias": "partsupp", "Startup Cost": 0.0, "Total Cost": 9.33, "Plan Rows": 13, "Plan Width": 24, "Actual Startup Time": 54.712, "Actual Total Time": 687.849, "Actual Rows": 313920, "Actual Loops": 3924, "Index Cond": "(ps_suppkey = public.supplier.s_suppkey)", "Rows Removed by Index Recheck": 0}]}]}, {"Node Type": "Aggregate", "Strategy": "Hashed", "Parent Relationship": "Outer", "Startup Cost": 44402.99, "Total Cost": 45075.24, "Plan Rows": 53780, "Plan Width": 40, "Actual Startup Time": 2246.631, "Actual Total Time": 2246.631, "Actual Rows": 0, "Actual Loops": 1, "Group By Key": ["public.partsupp.ps_partkey"], "Filter": "(sum((public.partsupp.ps_supplycost * (public.partsupp.ps_availqty)::double precision)) > $1)", "Rows Removed by Filter": 295792, "Plans": [{"Node Type": "Nested Loop", "Parent Relationship": "Outer", "Join Type": "Inner", "Startup Cost": 12.7, "Total Cost": 43461.84, "Plan Rows": 53780, "Plan Width": 24, "Actual Startup Time": 0.126, "Actual Total Time": 860.858, "Actual Rows": 313920, "Actual Loops": 1, "Inner Unique": false, "Plans": [{"Node Type": "Hash Join", "Parent Relationship": "Outer", "Join Type": "Inner", "Startup Cost": 12.7, "Total Cost": 5637.87, "Plan Rows": 4000, "Plan Width": 8, "Actual Startup Time": 0.104, "Actual Total Time": 85.54, "Actual Rows": 3924, "Actual Loops": 1, "Inner Unique": true, "Hash Cond": "(public.supplier.s_nationkey = public.nation.n_nationkey)", "Plans": [{"Node Type": "Index Scan", "Parent Relationship": "Outer", "Scan Direction": "Forward", "Index Name": "supplier_pkey", "Relation Name": "supplier", "Alias": "supplier", "Startup Cost": 0.0, "Total Cost": 5334.54, "Plan Rows": 100000, "Plan Width": 12, "Actual Startup Time": 0.022, "Actual Total Time": 64.371, "Actual Rows": 100000, "Actual Loops": 1}, {"Node Type": "Hash", "Parent Relationship": "Inner", "Startup Cost": 12.69, "Total Cost": 12.69, "Plan Rows": 1, "Plan Width": 4, "Actual Startup Time": 0.029, "Actual Total Time": 0.029, "Actual Rows": 1, "Actual Loops": 1, "Hash Buckets": 32768, "Hash Batches": 1, "Original Hash Batches": 1, "Peak Memory Usage": 1, "Plans": [{"Node Type": "Index Scan", "Parent Relationship": "Outer", "Scan Direction": "Forward", "Index Name": "nation_pkey", "Relation Name": "nation", "Alias": "nation", "Startup Cost": 0.0, "Total Cost": 12.69, "Plan Rows": 1, "Plan Width": 4, "Actual Startup Time": 0.019, "Actual Total Time": 0.024, "Actual Rows": 1, "Actual Loops": 1, "Filter": "(n_name = 'MOZAMBIQUE'::bpchar)", "Rows Removed by Filter": 24}]}]}, {"Node Type": "Index Scan", "Parent Relationship": "Inner", "Scan Direction": "Forward", "Index Name": "idx_partsupp_suppkey", "Relation Name": "partsupp", "Alias": "partsupp", "Startup Cost": 0.0, "Total Cost": 9.33, "Plan Rows": 13, "Plan Width": 32, "Actual Startup Time": 51.789, "Actual Total Time": 704.818, "Actual Rows": 313920, "Actual Loops": 3924, "Index Cond": "(ps_suppkey = public.supplier.s_suppkey)", "Rows Removed by Index Recheck": 0}]}]}]}, "Triggers": [], "Planner Runtime": 0, "Total Runtime": 2247.303, "Unique SQL Id": 2932834211}}, "(16, 14)": {"explain_plan": {"Plan": {"Node Type": "Sort", "Startup Cost": 614546.2, "Total Cost": 614680.65, "Plan Rows": 53780, "Plan Width": 40, "Sort Key": ["(sum((public.partsupp.ps_supplycost * (public.partsupp.ps_availqty)::double precision))) DESC"], "Plans": [{"Node Type": "Aggregate", "Strategy": "Plain", "Parent Relationship": "exec_init_plan", "Subplan Name": "InitPlan 1 (returns $0)", "Startup Cost": 304555.21, "Total Cost": 304555.23, "Plan Rows": 1, "Plan Width": 24, "Plans": [{"Node Type": "Hash Join", "Parent Relationship": "Outer", "Join Type": "Inner", "Startup Cost": 3624.95, "Total Cost": 304151.86, "Plan Rows": 53780, "Plan Width": 16, "Inner Unique": false, "Hash Cond": "(public.partsupp.ps_suppkey = public.supplier.s_suppkey)", "Plans": [{"Node Type": "Seq Scan", "Parent Relationship": "Outer", "Relation Name": "partsupp", "Alias": "partsupp", "Startup Cost": 0.0, "Total Cost": 269987.72, "Plan Rows": 8000372, "Plan Width": 24}, {"Node Type": "Hash", "Parent Relationship": "Inner", "Startup Cost": 3574.95, "Total Cost": 3574.95, "Plan Rows": 4000, "Plan Width": 8, "Plans": [{"Node Type": "Hash Join", "Parent Relationship": "Outer", "Join Type": "Inner", "Startup Cost": 1.32, "Total Cost": 3574.95, "Plan Rows": 4000, "Plan Width": 8, "Inner Unique": true, "Hash Cond": "(public.supplier.s_nationkey = public.nation.n_nationkey)", "Plans": [{"Node Type": "Seq Scan", "Parent Relationship": "Outer", "Relation Name": "supplier", "Alias": "supplier", "Startup Cost": 0.0, "Total Cost": 3283.0, "Plan Rows": 100000, "Plan Width": 12}, {"Node Type": "Hash", "Parent Relationship": "Inner", "Startup Cost": 1.31, "Total Cost": 1.31, "Plan Rows": 1, "Plan Width": 4, "Plans": [{"Node Type": "Seq Scan", "Parent Relationship": "Outer", "Relation Name": "nation", "Alias": "nation", "Startup Cost": 0.0, "Total Cost": 1.31, "Plan Rows": 1, "Plan Width": 4, "Filter": "(n_name = 'MOZAMBIQUE'::bpchar)"}]}]}]}]}]}, {"Node Type": "Aggregate", "Strategy": "Hashed", "Parent Relationship": "Outer", "Startup Cost": 305093.02, "Total Cost": 305765.27, "Plan Rows": 53780, "Plan Width": 40, "Group By Key": ["public.partsupp.ps_partkey"], "Filter": "(sum((public.partsupp.ps_supplycost * (public.partsupp.ps_availqty)::double precision)) > $0)", "Plans": [{"Node Type": "Hash Join", "Parent Relationship": "Outer", "Join Type": "Inner", "Startup Cost": 3624.95, "Total Cost": 304151.86, "Plan Rows": 53780, "Plan Width": 24, "Inner Unique": false, "Hash Cond": "(public.partsupp.ps_suppkey = public.supplier.s_suppkey)", "Plans": [{"Node Type": "Seq Scan", "Parent Relationship": "Outer", "Relation Name": "partsupp", "Alias": "partsupp", "Startup Cost": 0.0, "Total Cost": 269987.72, "Plan Rows": 8000372, "Plan Width": 32}, {"Node Type": "Hash", "Parent Relationship": "Inner", "Startup Cost": 3574.95, "Total Cost": 3574.95, "Plan Rows": 4000, "Plan Width": 8, "Plans": [{"Node Type": "Hash Join", "Parent Relationship": "Outer", "Join Type": "Inner", "Startup Cost": 1.32, "Total Cost": 3574.95, "Plan Rows": 4000, "Plan Width": 8, "Inner Unique": true, "Hash Cond": "(public.supplier.s_nationkey = public.nation.n_nationkey)", "Plans": [{"Node Type": "Seq Scan", "Parent Relationship": "Outer", "Relation Name": "supplier", "Alias": "supplier", "Startup Cost": 0.0, "Total Cost": 3283.0, "Plan Rows": 100000, "Plan Width": 12}, {"Node Type": "Hash", "Parent Relationship": "Inner", "Startup Cost": 1.31, "Total Cost": 1.31, "Plan Rows": 1, "Plan Width": 4, "Plans": [{"Node Type": "Seq Scan", "Parent Relationship": "Outer", "Relation Name": "nation", "Alias": "nation", "Startup Cost": 0.0, "Total Cost": 1.31, "Plan Rows": 1, "Plan Width": 4, "Filter": "(n_name = 'MOZAMBIQUE'::bpchar)"}]}]}]}]}]}]}, "Unique SQL Id": 2932834211, "Planner Runtime": 1}, "explain_analyze_plan": null}, "(16, 15)": {"explain_plan": {"Plan": {"Node Type": "Sort", "Startup Cost": 6001104432332.89, "Total Cost": 6001104432467.34, "Plan Rows": 53780, "Plan Width": 40, "Sort Key": ["(sum((public.partsupp.ps_supplycost * (public.partsupp.ps_availqty)::double precision))) DESC"], "Plans": [{"Node Type": "Aggregate", "Strategy": "Plain", "Parent Relationship": "exec_init_plan", "Subplan Name": "InitPlan 1 (returns $0)", "Startup Cost": 3000580719437.25, "Total Cost": 3000580719437.27, "Plan Rows": 1, "Plan Width": 24, "Plans": [{"Node Type": "Nested Loop", "Parent Relationship": "Outer", "Join Type": "Inner", "Startup Cost": 30000000000.0, "Total Cost": 3000580719033.9, "Plan Rows": 53780, "Plan Width": 16, "Inner Unique": false, "Join Filter": "(public.supplier.s_suppkey = public.partsupp.ps_suppkey)", "Plans": [{"Node Type": "Index Scan", "Parent Relationship": "Outer", "Scan Direction": "Forward", "Index Name": "idx_partsupp_suppkey", "Relation Name": "partsupp", "Alias": "partsupp", "Startup Cost": 10000000000.0, "Total Cost": 1000100160480.77, "Plan Rows": 8000372, "Plan Width": 24}, {"Node Type": "Materialize", "Parent Relationship": "Inner", "Startup Cost": 20000000000.0, "Total Cost": 2000000536243.13, "Plan Rows": 4000, "Plan Width": 8, "Plans": [{"Node Type": "Nested Loop", "Parent Relationship": "Outer", "Join Type": "Inner", "Startup Cost": 20000000000.0, "Total Cost": 2000000536223.13, "Plan Rows": 4000, "Plan Width": 8, "Inner Unique": true, "Join Filter": "(public.supplier.s_nationkey = public.nation.n_nationkey)", "Plans": [{"Node Type": "Index Scan", "Parent Relationship": "Outer", "Scan Direction": "Forward", "Index Name": "supplier_pkey", "Relation Name": "supplier", "Alias": "supplier", "Startup Cost": 10000000000.0, "Total Cost": 1000000533454.38, "Plan Rows": 100000, "Plan Width": 12}, {"Node Type": "Materialize", "Parent Relationship": "Inner", "Startup Cost": 10000000000.0, "Total Cost": 1000000001268.76, "Plan Rows": 1, "Plan Width": 4, "Plans": [{"Node Type": "Index Scan", "Parent Relationship": "Outer", "Scan Direction": "Forward", "Index Name": "nation_pkey", "Relation Name": "nation", "Alias": "nation", "Startup Cost": 10000000000.0, "Total Cost": 1000000001268.75, "Plan Rows": 1, "Plan Width": 4, "Filter": "(n_name = 'MOZAMBIQUE'::bpchar)"}]}]}]}]}]}, {"Node Type": "Aggregate", "Strategy": "Hashed", "Parent Relationship": "Outer", "Startup Cost": 3000523707997.67, "Total Cost": 3000523708669.92, "Plan Rows": 53780, "Plan Width": 40, "Group By Key": ["public.partsupp.ps_partkey"], "Filter": "(sum((public.partsupp.ps_supplycost * (public.partsupp.ps_availqty)::double precision)) > $0)", "Plans": [{"Node Type": "Nested Loop", "Parent Relationship": "Outer", "Join Type": "Inner", "Startup Cost": 30000000000.0, "Total Cost": 3000523707056.51, "Plan Rows": 53780, "Plan Width": 24, "Inner Unique": false, "Join Filter": "(public.supplier.s_suppkey = public.partsupp.ps_suppkey)", "Plans": [{"Node Type": "Index Scan", "Parent Relationship": "Outer", "Scan Direction": "Forward", "Index Name": "idx_partsupp_partkey", "Relation Name": "partsupp", "Alias": "partsupp", "Startup Cost": 10000000000.0, "Total Cost": 1000043148503.38, "Plan Rows": 8000372, "Plan Width": 32}, {"Node Type": "Materialize", "Parent Relationship": "Inner", "Startup Cost": 20000000000.0, "Total Cost": 2000000536243.13, "Plan Rows": 4000, "Plan Width": 8, "Plans": [{"Node Type": "Nested Loop", "Parent Relationship": "Outer", "Join Type": "Inner", "Startup Cost": 20000000000.0, "Total Cost": 2000000536223.13, "Plan Rows": 4000, "Plan Width": 8, "Inner Unique": true, "Join Filter": "(public.supplier.s_nationkey = public.nation.n_nationkey)", "Plans": [{"Node Type": "Index Scan", "Parent Relationship": "Outer", "Scan Direction": "Forward", "Index Name": "supplier_pkey", "Relation Name": "supplier", "Alias": "supplier", "Startup Cost": 10000000000.0, "Total Cost": 1000000533454.38, "Plan Rows": 100000, "Plan Width": 12}, {"Node Type": "Materialize", "Parent Relationship": "Inner", "Startup Cost": 10000000000.0, "Total Cost": 1000000001268.76, "Plan Rows": 1, "Plan Width": 4, "Plans": [{"Node Type": "Index Scan", "Parent Relationship": "Outer", "Scan Direction": "Forward", "Index Name": "nation_pkey", "Relation Name": "nation", "Alias": "nation", "Startup Cost": 10000000000.0, "Total Cost": 1000000001268.75, "Plan Rows": 1, "Plan Width": 4, "Filter": "(n_name = 'MOZAMBIQUE'::bpchar)"}]}]}]}]}]}]}, "Unique SQL Id": 2932834211, "Planner Runtime": 1}, "explain_analyze_plan": null}, "(16, 16)": {"explain_plan": {"Plan": {"Node Type": "Sort", "Startup Cost": 86957.11, "Total Cost": 87091.56, "Plan Rows": 53780, "Plan Width": 40, "Sort Key": ["(sum((public.partsupp.ps_supplycost * (public.partsupp.ps_availqty)::double precision))) DESC"], "Plans": [{"Node Type": "Aggregate", "Strategy": "Plain", "Parent Relationship": "exec_init_plan", "Subplan Name": "InitPlan 1 (returns $2)", "Startup Cost": 40760.67, "Total Cost": 40760.68, "Plan Rows": 1, "Plan Width": 24, "Plans": [{"Node Type": "Nested Loop", "Parent Relationship": "Outer", "Join Type": "Inner", "Startup Cost": 95.25, "Total Cost": 40357.32, "Plan Rows": 53780, "Plan Width": 16, "Inner Unique": false, "Plans": [{"Node Type": "Nested Loop", "Parent Relationship": "Outer", "Join Type": "Inner", "Startup Cost": 95.25, "Total Cost": 2533.35, "Plan Rows": 4000, "Plan Width": 8, "Inner Unique": false, "Plans": [{"Node Type": "Seq Scan", "Parent Relationship": "Outer", "Relation Name": "nation", "Alias": "nation", "Startup Cost": 0.0, "Total Cost": 1.31, "Plan Rows": 1, "Plan Width": 4, "Filter": "(n_name = 'MOZAMBIQUE'::bpchar)"}, {"Node Type": "Bitmap Heap Scan", "Parent Relationship": "Inner", "Relation Name": "supplier", "Alias": "supplier", "Startup Cost": 95.25, "Total Cost": 2492.04, "Plan Rows": 4000, "Plan Width": 12, "Recheck Cond": "(s_nationkey = public.nation.n_nationkey)", "Plans": [{"Node Type": "Bitmap Index Scan", "Parent Relationship": "Outer", "Index Name": "idx_supplier_nation_key", "Startup Cost": 0.0, "Total Cost": 94.25, "Plan Rows": 4000, "Plan Width": 0, "Index Cond": "(s_nationkey = public.nation.n_nationkey)"}]}]}, {"Node Type": "Index Scan", "Parent Relationship": "Inner", "Scan Direction": "Forward", "Index Name": "idx_partsupp_suppkey", "Relation Name": "partsupp", "Alias": "partsupp", "Startup Cost": 0.0, "Total Cost": 9.33, "Plan Rows": 13, "Plan Width": 24, "Index Cond": "(ps_suppkey = public.supplier.s_suppkey)"}]}]}, {"Node Type": "Aggregate", "Strategy": "Hashed", "Parent Relationship": "Outer", "Startup Cost": 41298.47, "Total Cost": 41970.72, "Plan Rows": 53780, "Plan Width": 40, "Group By Key": ["public.partsupp.ps_partkey"], "Filter": "(sum((public.partsupp.ps_supplycost * (public.partsupp.ps_availqty)::double precision)) > $2)", "Plans": [{"Node Type": "Nested Loop", "Parent Relationship": "Outer", "Join Type": "Inner", "Startup Cost": 95.25, "Total Cost": 40357.32, "Plan Rows": 53780, "Plan Width": 24, "Inner Unique": false, "Plans": [{"Node Type": "Nested Loop", "Parent Relationship": "Outer", "Join Type": "Inner", "Startup Cost": 95.25, "Total Cost": 2533.35, "Plan Rows": 4000, "Plan Width": 8, "Inner Unique": false, "Plans": [{"Node Type": "Seq Scan", "Parent Relationship": "Outer", "Relation Name": "nation", "Alias": "nation", "Startup Cost": 0.0, "Total Cost": 1.31, "Plan Rows": 1, "Plan Width": 4, "Filter": "(n_name = 'MOZAMBIQUE'::bpchar)"}, {"Node Type": "Bitmap Heap Scan", "Parent Relationship": "Inner", "Relation Name": "supplier", "Alias": "supplier", "Startup Cost": 95.25, "Total Cost": 2492.04, "Plan Rows": 4000, "Plan Width": 12, "Recheck Cond": "(s_nationkey = public.nation.n_nationkey)", "Plans": [{"Node Type": "Bitmap Index Scan", "Parent Relationship": "Outer", "Index Name": "idx_supplier_nation_key", "Startup Cost": 0.0, "Total Cost": 94.25, "Plan Rows": 4000, "Plan Width": 0, "Index Cond": "(s_nationkey = public.nation.n_nationkey)"}]}]}, {"Node Type": "Index Scan", "Parent Relationship": "Inner", "Scan Direction": "Forward", "Index Name": "idx_partsupp_suppkey", "Relation Name": "partsupp", "Alias": "partsupp", "Startup Cost": 0.0, "Total Cost": 9.33, "Plan Rows": 13, "Plan Width": 32, "Index Cond": "(ps_suppkey = public.supplier.s_suppkey)"}]}]}]}, "Unique SQL Id": 2932834211, "Planner Runtime": 1}, "explain_analyze_plan": {"Plan": {"Node Type": "Sort", "Startup Cost": 86957.11, "Total Cost": 87091.56, "Plan Rows": 53780, "Plan Width": 40, "Actual Startup Time": 1867.688, "Actual Total Time": 1867.688, "Actual Rows": 0, "Actual Loops": 1, "Sort Key": ["(sum((public.partsupp.ps_supplycost * (public.partsupp.ps_availqty)::double precision))) DESC"], "Sort Method": "quicksort", "Sort Space Used": 25, "Sort Space Type": "Memory", "Plans": [{"Node Type": "Aggregate", "Strategy": "Plain", "Parent Relationship": "exec_init_plan", "Subplan Name": "InitPlan 1 (returns $2)", "Startup Cost": 40760.67, "Total Cost": 40760.68, "Plan Rows": 1, "Plan Width": 24, "Actual Startup Time": 794.18, "Actual Total Time": 794.181, "Actual Rows": 1, "Actual Loops": 1, "Plans": [{"Node Type": "Nested Loop", "Parent Relationship": "Outer", "Join Type": "Inner", "Startup Cost": 95.25, "Total Cost": 40357.32, "Plan Rows": 53780, "Plan Width": 16, "Actual Startup Time": 1.125, "Actual Total Time": 657.634, "Actual Rows": 313920, "Actual Loops": 1, "Inner Unique": false, "Plans": [{"Node Type": "Nested Loop", "Parent Relationship": "Outer", "Join Type": "Inner", "Startup Cost": 95.25, "Total Cost": 2533.35, "Plan Rows": 4000, "Plan Width": 8, "Actual Startup Time": 1.098, "Actual Total Time": 8.186, "Actual Rows": 3924, "Actual Loops": 1, "Inner Unique": false, "Plans": [{"Node Type": "Seq Scan", "Parent Relationship": "Outer", "Relation Name": "nation", "Alias": "nation", "Startup Cost": 0.0, "Total Cost": 1.31, "Plan Rows": 1, "Plan Width": 4, "Actual Startup Time": 0.024, "Actual Total Time": 0.047, "Actual Rows": 1, "Actual Loops": 1, "Filter": "(n_name = 'MOZAMBIQUE'::bpchar)", "Rows Removed by Filter": 24}, {"Node Type": "Bitmap Heap Scan", "Parent Relationship": "Inner", "Relation Name": "supplier", "Alias": "supplier", "Startup Cost": 95.25, "Total Cost": 2492.04, "Plan Rows": 4000, "Plan Width": 12, "Actual Startup Time": 1.058, "Actual Total Time": 7.206, "Actual Rows": 3924, "Actual Loops": 1, "Recheck Cond": "(s_nationkey = public.nation.n_nationkey)", "Rows Removed by Index Recheck": 0, "Exact Heap Blocks": 1895, "Lossy Heap Blocks": 1895, "Plans": [{"Node Type": "Bitmap Index Scan", "Parent Relationship": "Outer", "Index Name": "idx_supplier_nation_key", "Startup Cost": 0.0, "Total Cost": 94.25, "Plan Rows": 4000, "Plan Width": 0, "Actual Startup Time": 0.777, "Actual Total Time": 0.777, "Actual Rows": 3924, "Actual Loops": 1, "Index Cond": "(s_nationkey = public.nation.n_nationkey)"}]}]}, {"Node Type": "Index Scan", "Parent Relationship": "Inner", "Scan Direction": "Forward", "Index Name": "idx_partsupp_suppkey", "Relation Name": "partsupp", "Alias": "partsupp", "Startup Cost": 0.0, "Total Cost": 9.33, "Plan Rows": 13, "Plan Width": 24, "Actual Startup Time": 48.522, "Actual Total Time": 582.276, "Actual Rows": 313920, "Actual Loops": 3924, "Index Cond": "(ps_suppkey = public.supplier.s_suppkey)", "Rows Removed by Index Recheck": 0}]}]}, {"Node Type": "Aggregate", "Strategy": "Hashed", "Parent Relationship": "Outer", "Startup Cost": 41298.47, "Total Cost": 41970.72, "Plan Rows": 53780, "Plan Width": 40, "Actual Startup Time": 1867.28, "Actual Total Time": 1867.28, "Actual Rows": 0, "Actual Loops": 1, "Group By Key": ["public.partsupp.ps_partkey"], "Filter": "(sum((public.partsupp.ps_supplycost * (public.partsupp.ps_availqty)::double precision)) > $2)", "Rows Removed by Filter": 295792, "Plans": [{"Node Type": "Nested Loop", "Parent Relationship": "Outer", "Join Type": "Inner", "Startup Cost": 95.25, "Total Cost": 40357.32, "Plan Rows": 53780, "Plan Width": 24, "Actual Startup Time": 1.055, "Actual Total Time": 684.172, "Actual Rows": 313920, "Actual Loops": 1, "Inner Unique": false, "Plans": [{"Node Type": "Nested Loop", "Parent Relationship": "Outer", "Join Type": "Inner", "Startup Cost": 95.25, "Total Cost": 2533.35, "Plan Rows": 4000, "Plan Width": 8, "Actual Startup Time": 1.024, "Actual Total Time": 8.574, "Actual Rows": 3924, "Actual Loops": 1, "Inner Unique": false, "Plans": [{"Node Type": "Seq Scan", "Parent Relationship": "Outer", "Relation Name": "nation", "Alias": "nation", "Startup Cost": 0.0, "Total Cost": 1.31, "Plan Rows": 1, "Plan Width": 4, "Actual Startup Time": 0.032, "Actual Total Time": 0.044, "Actual Rows": 1, "Actual Loops": 1, "Filter": "(n_name = 'MOZAMBIQUE'::bpchar)", "Rows Removed by Filter": 24}, {"Node Type": "Bitmap Heap Scan", "Parent Relationship": "Inner", "Relation Name": "supplier", "Alias": "supplier", "Startup Cost": 95.25, "Total Cost": 2492.04, "Plan Rows": 4000, "Plan Width": 12, "Actual Startup Time": 0.985, "Actual Total Time": 7.583, "Actual Rows": 3924, "Actual Loops": 1, "Recheck Cond": "(s_nationkey = public.nation.n_nationkey)", "Rows Removed by Index Recheck": 0, "Exact Heap Blocks": 1895, "Lossy Heap Blocks": 1895, "Plans": [{"Node Type": "Bitmap Index Scan", "Parent Relationship": "Outer", "Index Name": "idx_supplier_nation_key", "Startup Cost": 0.0, "Total Cost": 94.25, "Plan Rows": 4000, "Plan Width": 0, "Actual Startup Time": 0.705, "Actual Total Time": 0.705, "Actual Rows": 3924, "Actual Loops": 1, "Index Cond": "(s_nationkey = public.nation.n_nationkey)"}]}]}, {"Node Type": "Index Scan", "Parent Relationship": "Inner", "Scan Direction": "Forward", "Index Name": "idx_partsupp_suppkey", "Relation Name": "partsupp", "Alias": "partsupp", "Startup Cost": 0.0, "Total Cost": 9.33, "Plan Rows": 13, "Plan Width": 32, "Actual Startup Time": 49.919, "Actual Total Time": 602.753, "Actual Rows": 313920, "Actual Loops": 3924, "Index Cond": "(ps_suppkey = public.supplier.s_suppkey)", "Rows Removed by Index Recheck": 0}]}]}]}, "Triggers": [], "Planner Runtime": 0, "Total Runtime": 1868.014, "Unique SQL Id": 2932834211}}, "(16, 17)": {"explain_plan": {"Plan": {"Node Type": "Sort", "Startup Cost": 86979.86, "Total Cost": 87114.31, "Plan Rows": 53780, "Plan Width": 40, "Sort Key": ["(sum((public.partsupp.ps_supplycost * (public.partsupp.ps_availqty)::double precision))) DESC"], "Plans": [{"Node Type": "Aggregate", "Strategy": "Plain", "Parent Relationship": "exec_init_plan", "Subplan Name": "InitPlan 1 (returns $2)", "Startup Cost": 40772.04, "Total Cost": 40772.06, "Plan Rows": 1, "Plan Width": 24, "Plans": [{"Node Type": "Nested Loop", "Parent Relationship": "Outer", "Join Type": "Inner", "Startup Cost": 95.25, "Total Cost": 40368.69, "Plan Rows": 53780, "Plan Width": 16, "Inner Unique": false, "Plans": [{"Node Type": "Nested Loop", "Parent Relationship": "Outer", "Join Type": "Inner", "Startup Cost": 95.25, "Total Cost": 2544.73, "Plan Rows": 4000, "Plan Width": 8, "Inner Unique": false, "Plans": [{"Node Type": "Index Scan", "Parent Relationship": "Outer", "Scan Direction": "Forward", "Index Name": "nation_pkey", "Relation Name": "nation", "Alias": "nation", "Startup Cost": 0.0, "Total Cost": 12.69, "Plan Rows": 1, "Plan Width": 4, "Filter": "(n_name = 'MOZAMBIQUE'::bpchar)"}, {"Node Type": "Bitmap Heap Scan", "Parent Relationship": "Inner", "Relation Name": "supplier", "Alias": "supplier", "Startup Cost": 95.25, "Total Cost": 2492.04, "Plan Rows": 4000, "Plan Width": 12, "Recheck Cond": "(s_nationkey = public.nation.n_nationkey)", "Plans": [{"Node Type": "Bitmap Index Scan", "Parent Relationship": "Outer", "Index Name": "idx_supplier_nation_key", "Startup Cost": 0.0, "Total Cost": 94.25, "Plan Rows": 4000, "Plan Width": 0, "Index Cond": "(s_nationkey = public.nation.n_nationkey)"}]}]}, {"Node Type": "Index Scan", "Parent Relationship": "Inner", "Scan Direction": "Forward", "Index Name": "idx_partsupp_suppkey", "Relation Name": "partsupp", "Alias": "partsupp", "Startup Cost": 0.0, "Total Cost": 9.33, "Plan Rows": 13, "Plan Width": 24, "Index Cond": "(ps_suppkey = public.supplier.s_suppkey)"}]}]}, {"Node Type": "Aggregate", "Strategy": "Hashed", "Parent Relationship": "Outer", "Startup Cost": 41309.84, "Total Cost": 41982.09, "Plan Rows": 53780, "Plan Width": 40, "Group By Key": ["public.partsupp.ps_partkey"], "Filter": "(sum((public.partsupp.ps_supplycost * (public.partsupp.ps_availqty)::double precision)) > $2)", "Plans": [{"Node Type": "Nested Loop", "Parent Relationship": "Outer", "Join Type": "Inner", "Startup Cost": 95.25, "Total Cost": 40368.69, "Plan Rows": 53780, "Plan Width": 24, "Inner Unique": false, "Plans": [{"Node Type": "Nested Loop", "Parent Relationship": "Outer", "Join Type": "Inner", "Startup Cost": 95.25, "Total Cost": 2544.73, "Plan Rows": 4000, "Plan Width": 8, "Inner Unique": false, "Plans": [{"Node Type": "Index Scan", "Parent Relationship": "Outer", "Scan Direction": "Forward", "Index Name": "nation_pkey", "Relation Name": "nation", "Alias": "nation", "Startup Cost": 0.0, "Total Cost": 12.69, "Plan Rows": 1, "Plan Width": 4, "Filter": "(n_name = 'MOZAMBIQUE'::bpchar)"}, {"Node Type": "Bitmap Heap Scan", "Parent Relationship": "Inner", "Relation Name": "supplier", "Alias": "supplier", "Startup Cost": 95.25, "Total Cost": 2492.04, "Plan Rows": 4000, "Plan Width": 12, "Recheck Cond": "(s_nationkey = public.nation.n_nationkey)", "Plans": [{"Node Type": "Bitmap Index Scan", "Parent Relationship": "Outer", "Index Name": "idx_supplier_nation_key", "Startup Cost": 0.0, "Total Cost": 94.25, "Plan Rows": 4000, "Plan Width": 0, "Index Cond": "(s_nationkey = public.nation.n_nationkey)"}]}]}, {"Node Type": "Index Scan", "Parent Relationship": "Inner", "Scan Direction": "Forward", "Index Name": "idx_partsupp_suppkey", "Relation Name": "partsupp", "Alias": "partsupp", "Startup Cost": 0.0, "Total Cost": 9.33, "Plan Rows": 13, "Plan Width": 32, "Index Cond": "(ps_suppkey = public.supplier.s_suppkey)"}]}]}]}, "Unique SQL Id": 2932834211, "Planner Runtime": 1}, "explain_analyze_plan": {"Plan": {"Node Type": "Sort", "Startup Cost": 86979.86, "Total Cost": 87114.31, "Plan Rows": 53780, "Plan Width": 40, "Actual Startup Time": 2004.071, "Actual Total Time": 2004.071, "Actual Rows": 0, "Actual Loops": 1, "Sort Key": ["(sum((public.partsupp.ps_supplycost * (public.partsupp.ps_availqty)::double precision))) DESC"], "Sort Method": "quicksort", "Sort Space Used": 25, "Sort Space Type": "Memory", "Plans": [{"Node Type": "Aggregate", "Strategy": "Plain", "Parent Relationship": "exec_init_plan", "Subplan Name": "InitPlan 1 (returns $2)", "Startup Cost": 40772.04, "Total Cost": 40772.06, "Plan Rows": 1, "Plan Width": 24, "Actual Startup Time": 813.993, "Actual Total Time": 813.994, "Actual Rows": 1, "Actual Loops": 1, "Plans": [{"Node Type": "Nested Loop", "Parent Relationship": "Outer", "Join Type": "Inner", "Startup Cost": 95.25, "Total Cost": 40368.69, "Plan Rows": 53780, "Plan Width": 16, "Actual Startup Time": 1.031, "Actual Total Time": 679.613, "Actual Rows": 313920, "Actual Loops": 1, "Inner Unique": false, "Plans": [{"Node Type": "Nested Loop", "Parent Relationship": "Outer", "Join Type": "Inner", "Startup Cost": 95.25, "Total Cost": 2544.73, "Plan Rows": 4000, "Plan Width": 8, "Actual Startup Time": 1.007, "Actual Total Time": 8.373, "Actual Rows": 3924, "Actual Loops": 1, "Inner Unique": false, "Plans": [{"Node Type": "Index Scan", "Parent Relationship": "Outer", "Scan Direction": "Forward", "Index Name": "nation_pkey", "Relation Name": "nation", "Alias": "nation", "Startup Cost": 0.0, "Total Cost": 12.69, "Plan Rows": 1, "Plan Width": 4, "Actual Startup Time": 0.027, "Actual Total Time": 0.082, "Actual Rows": 1, "Actual Loops": 1, "Filter": "(n_name = 'MOZAMBIQUE'::bpchar)", "Rows Removed by Filter": 24}, {"Node Type": "Bitmap Heap Scan", "Parent Relationship": "Inner", "Relation Name": "supplier", "Alias": "supplier", "Startup Cost": 95.25, "Total Cost": 2492.04, "Plan Rows": 4000, "Plan Width": 12, "Actual Startup Time": 0.966, "Actual Total Time": 7.31, "Actual Rows": 3924, "Actual Loops": 1, "Recheck Cond": "(s_nationkey = public.nation.n_nationkey)", "Rows Removed by Index Recheck": 0, "Exact Heap Blocks": 1895, "Lossy Heap Blocks": 1895, "Plans": [{"Node Type": "Bitmap Index Scan", "Parent Relationship": "Outer", "Index Name": "idx_supplier_nation_key", "Startup Cost": 0.0, "Total Cost": 94.25, "Plan Rows": 4000, "Plan Width": 0, "Actual Startup Time": 0.678, "Actual Total Time": 0.678, "Actual Rows": 3924, "Actual Loops": 1, "Index Cond": "(s_nationkey = public.nation.n_nationkey)"}]}]}, {"Node Type": "Index Scan", "Parent Relationship": "Inner", "Scan Direction": "Forward", "Index Name": "idx_partsupp_suppkey", "Relation Name": "partsupp", "Alias": "partsupp", "Startup Cost": 0.0, "Total Cost": 9.33, "Plan Rows": 13, "Plan Width": 24, "Actual Startup Time": 46.974, "Actual Total Time": 604.92, "Actual Rows": 313920, "Actual Loops": 3924, "Index Cond": "(ps_suppkey = public.supplier.s_suppkey)", "Rows Removed by Index Recheck": 0}]}]}, {"Node Type": "Aggregate", "Strategy": "Hashed", "Parent Relationship": "Outer", "Startup Cost": 41309.84, "Total Cost": 41982.09, "Plan Rows": 53780, "Plan Width": 40, "Actual Startup Time": 2003.564, "Actual Total Time": 2003.564, "Actual Rows": 0, "Actual Loops": 1, "Group By Key": ["public.partsupp.ps_partkey"], "Filter": "(sum((public.partsupp.ps_supplycost * (public.partsupp.ps_availqty)::double precision)) > $2)", "Rows Removed by Filter": 295792, "Plans": [{"Node Type": "Nested Loop", "Parent Relationship": "Outer", "Join Type": "Inner", "Startup Cost": 95.25, "Total Cost": 40368.69, "Plan Rows": 53780, "Plan Width": 24, "Actual Startup Time": 1.126, "Actual Total Time": 773.104, "Actual Rows": 313920, "Actual Loops": 1, "Inner Unique": false, "Plans": [{"Node Type": "Nested Loop", "Parent Relationship": "Outer", "Join Type": "Inner", "Startup Cost": 95.25, "Total Cost": 2544.73, "Plan Rows": 4000, "Plan Width": 8, "Actual Startup Time": 1.098, "Actual Total Time": 9.874, "Actual Rows": 3924, "Actual Loops": 1, "Inner Unique": false, "Plans": [{"Node Type": "Index Scan", "Parent Relationship": "Outer", "Scan Direction": "Forward", "Index Name": "nation_pkey", "Relation Name": "nation", "Alias": "nation", "Startup Cost": 0.0, "Total Cost": 12.69, "Plan Rows": 1, "Plan Width": 4, "Actual Startup Time": 0.032, "Actual Total Time": 0.045, "Actual Rows": 1, "Actual Loops": 1, "Filter": "(n_name = 'MOZAMBIQUE'::bpchar)", "Rows Removed by Filter": 24}, {"Node Type": "Bitmap Heap Scan", "Parent Relationship": "Inner", "Relation Name": "supplier", "Alias": "supplier", "Startup Cost": 95.25, "Total Cost": 2492.04, "Plan Rows": 4000, "Plan Width": 12, "Actual Startup Time": 1.058, "Actual Total Time": 8.873, "Actual Rows": 3924, "Actual Loops": 1, "Recheck Cond": "(s_nationkey = public.nation.n_nationkey)", "Rows Removed by Index Recheck": 0, "Exact Heap Blocks": 1895, "Lossy Heap Blocks": 1895, "Plans": [{"Node Type": "Bitmap Index Scan", "Parent Relationship": "Outer", "Index Name": "idx_supplier_nation_key", "Startup Cost": 0.0, "Total Cost": 94.25, "Plan Rows": 4000, "Plan Width": 0, "Actual Startup Time": 0.766, "Actual Total Time": 0.766, "Actual Rows": 3924, "Actual Loops": 1, "Index Cond": "(s_nationkey = public.nation.n_nationkey)"}]}]}, {"Node Type": "Index Scan", "Parent Relationship": "Inner", "Scan Direction": "Forward", "Index Name": "idx_partsupp_suppkey", "Relation Name": "partsupp", "Alias": "partsupp", "Startup Cost": 0.0, "Total Cost": 9.33, "Plan Rows": 13, "Plan Width": 32, "Actual Startup Time": 55.084, "Actual Total Time": 692.047, "Actual Rows": 313920, "Actual Loops": 3924, "Index Cond": "(ps_suppkey = public.supplier.s_suppkey)", "Rows Removed by Index Recheck": 0}]}]}]}, "Triggers": [], "Planner Runtime": 0, "Total Runtime": 2004.504, "Unique SQL Id": 2932834211}}, "(16, 18)": {"explain_plan": {"Plan": {"Node Type": "Sort", "Startup Cost": 90032.55, "Total Cost": 90167.0, "Plan Rows": 53780, "Plan Width": 40, "Sort Key": ["(sum((public.partsupp.ps_supplycost * (public.partsupp.ps_availqty)::double precision))) DESC"], "Plans": [{"Node Type": "Aggregate", "Strategy": "Plain", "Parent Relationship": "exec_init_plan", "Subplan Name": "InitPlan 1 (returns $2)", "Startup Cost": 42298.39, "Total Cost": 42298.4, "Plan Rows": 1, "Plan Width": 24, "Plans": [{"Node Type": "Nested Loop", "Parent Relationship": "Outer", "Join Type": "Inner", "Startup Cost": 96.82, "Total Cost": 41895.04, "Plan Rows": 53780, "Plan Width": 16, "Inner Unique": false, "Plans": [{"Node Type": "Nested Loop", "Parent Relationship": "Outer", "Join Type": "Inner", "Startup Cost": 95.25, "Total Cost": 2533.35, "Plan Rows": 4000, "Plan Width": 8, "Inner Unique": false, "Plans": [{"Node Type": "Seq Scan", "Parent Relationship": "Outer", "Relation Name": "nation", "Alias": "nation", "Startup Cost": 0.0, "Total Cost": 1.31, "Plan Rows": 1, "Plan Width": 4, "Filter": "(n_name = 'MOZAMBIQUE'::bpchar)"}, {"Node Type": "Bitmap Heap Scan", "Parent Relationship": "Inner", "Relation Name": "supplier", "Alias": "supplier", "Startup Cost": 95.25, "Total Cost": 2492.04, "Plan Rows": 4000, "Plan Width": 12, "Recheck Cond": "(s_nationkey = public.nation.n_nationkey)", "Plans": [{"Node Type": "Bitmap Index Scan", "Parent Relationship": "Outer", "Index Name": "idx_supplier_nation_key", "Startup Cost": 0.0, "Total Cost": 94.25, "Plan Rows": 4000, "Plan Width": 0, "Index Cond": "(s_nationkey = public.nation.n_nationkey)"}]}]}, {"Node Type": "Bitmap Heap Scan", "Parent Relationship": "Inner", "Relation Name": "partsupp", "Alias": "partsupp", "Startup Cost": 1.57, "Total Cost": 9.71, "Plan Rows": 13, "Plan Width": 24, "Recheck Cond": "(ps_suppkey = public.supplier.s_suppkey)", "Plans": [{"Node Type": "Bitmap Index Scan", "Parent Relationship": "Outer", "Index Name": "idx_partsupp_suppkey", "Startup Cost": 0.0, "Total Cost": 1.56, "Plan Rows": 13, "Plan Width": 0, "Index Cond": "(ps_suppkey = public.supplier.s_suppkey)"}]}]}]}, {"Node Type": "Aggregate", "Strategy": "Hashed", "Parent Relationship": "Outer", "Startup Cost": 42836.19, "Total Cost": 43508.44, "Plan Rows": 53780, "Plan Width": 40, "Group By Key": ["public.partsupp.ps_partkey"], "Filter": "(sum((public.partsupp.ps_supplycost * (public.partsupp.ps_availqty)::double precision)) > $2)", "Plans": [{"Node Type": "Nested Loop", "Parent Relationship": "Outer", "Join Type": "Inner", "Startup Cost": 96.82, "Total Cost": 41895.04, "Plan Rows": 53780, "Plan Width": 24, "Inner Unique": false, "Plans": [{"Node Type": "Nested Loop", "Parent Relationship": "Outer", "Join Type": "Inner", "Startup Cost": 95.25, "Total Cost": 2533.35, "Plan Rows": 4000, "Plan Width": 8, "Inner Unique": false, "Plans": [{"Node Type": "Seq Scan", "Parent Relationship": "Outer", "Relation Name": "nation", "Alias": "nation", "Startup Cost": 0.0, "Total Cost": 1.31, "Plan Rows": 1, "Plan Width": 4, "Filter": "(n_name = 'MOZAMBIQUE'::bpchar)"}, {"Node Type": "Bitmap Heap Scan", "Parent Relationship": "Inner", "Relation Name": "supplier", "Alias": "supplier", "Startup Cost": 95.25, "Total Cost": 2492.04, "Plan Rows": 4000, "Plan Width": 12, "Recheck Cond": "(s_nationkey = public.nation.n_nationkey)", "Plans": [{"Node Type": "Bitmap Index Scan", "Parent Relationship": "Outer", "Index Name": "idx_supplier_nation_key", "Startup Cost": 0.0, "Total Cost": 94.25, "Plan Rows": 4000, "Plan Width": 0, "Index Cond": "(s_nationkey = public.nation.n_nationkey)"}]}]}, {"Node Type": "Bitmap Heap Scan", "Parent Relationship": "Inner", "Relation Name": "partsupp", "Alias": "partsupp", "Startup Cost": 1.57, "Total Cost": 9.71, "Plan Rows": 13, "Plan Width": 32, "Recheck Cond": "(ps_suppkey = public.supplier.s_suppkey)", "Plans": [{"Node Type": "Bitmap Index Scan", "Parent Relationship": "Outer", "Index Name": "idx_partsupp_suppkey", "Startup Cost": 0.0, "Total Cost": 1.56, "Plan Rows": 13, "Plan Width": 0, "Index Cond": "(ps_suppkey = public.supplier.s_suppkey)"}]}]}]}]}, "Unique SQL Id": 2932834211, "Planner Runtime": 1}, "explain_analyze_plan": {"Plan": {"Node Type": "Sort", "Startup Cost": 90032.55, "Total Cost": 90167.0, "Plan Rows": 53780, "Plan Width": 40, "Actual Startup Time": 2259.599, "Actual Total Time": 2259.599, "Actual Rows": 0, "Actual Loops": 1, "Sort Key": ["(sum((public.partsupp.ps_supplycost * (public.partsupp.ps_availqty)::double precision))) DESC"], "Sort Method": "quicksort", "Sort Space Used": 25, "Sort Space Type": "Memory", "Plans": [{"Node Type": "Aggregate", "Strategy": "Plain", "Parent Relationship": "exec_init_plan", "Subplan Name": "InitPlan 1 (returns $2)", "Startup Cost": 42298.39, "Total Cost": 42298.4, "Plan Rows": 1, "Plan Width": 24, "Actual Startup Time": 1008.942, "Actual Total Time": 1008.942, "Actual Rows": 1, "Actual Loops": 1, "Plans": [{"Node Type": "Nested Loop", "Parent Relationship": "Outer", "Join Type": "Inner", "Startup Cost": 96.82, "Total Cost": 41895.04, "Plan Rows": 53780, "Plan Width": 16, "Actual Startup Time": 1.124, "Actual Total Time": 881.219, "Actual Rows": 313920, "Actual Loops": 1, "Inner Unique": false, "Plans": [{"Node Type": "Nested Loop", "Parent Relationship": "Outer", "Join Type": "Inner", "Startup Cost": 95.25, "Total Cost": 2533.35, "Plan Rows": 4000, "Plan Width": 8, "Actual Startup Time": 1.07, "Actual Total Time": 9.391, "Actual Rows": 3924, "Actual Loops": 1, "Inner Unique": false, "Plans": [{"Node Type": "Seq Scan", "Parent Relationship": "Outer", "Relation Name": "nation", "Alias": "nation", "Startup Cost": 0.0, "Total Cost": 1.31, "Plan Rows": 1, "Plan Width": 4, "Actual Startup Time": 0.042, "Actual Total Time": 0.058, "Actual Rows": 1, "Actual Loops": 1, "Filter": "(n_name = 'MOZAMBIQUE'::bpchar)", "Rows Removed by Filter": 24}, {"Node Type": "Bitmap Heap Scan", "Parent Relationship": "Inner", "Relation Name": "supplier", "Alias": "supplier", "Startup Cost": 95.25, "Total Cost": 2492.04, "Plan Rows": 4000, "Plan Width": 12, "Actual Startup Time": 1.019, "Actual Total Time": 8.327, "Actual Rows": 3924, "Actual Loops": 1, "Recheck Cond": "(s_nationkey = public.nation.n_nationkey)", "Rows Removed by Index Recheck": 0, "Exact Heap Blocks": 1895, "Lossy Heap Blocks": 1895, "Plans": [{"Node Type": "Bitmap Index Scan", "Parent Relationship": "Outer", "Index Name": "idx_supplier_nation_key", "Startup Cost": 0.0, "Total Cost": 94.25, "Plan Rows": 4000, "Plan Width": 0, "Actual Startup Time": 0.744, "Actual Total Time": 0.744, "Actual Rows": 3924, "Actual Loops": 1, "Index Cond": "(s_nationkey = public.nation.n_nationkey)"}]}]}, {"Node Type": "Bitmap Heap Scan", "Parent Relationship": "Inner", "Relation Name": "partsupp", "Alias": "partsupp", "Startup Cost": 1.57, "Total Cost": 9.71, "Plan Rows": 13, "Plan Width": 24, "Actual Startup Time": 110.886, "Actual Total Time": 803.989, "Actual Rows": 313920, "Actual Loops": 3924, "Recheck Cond": "(ps_suppkey = public.supplier.s_suppkey)", "Rows Removed by Index Recheck": 0, "Exact Heap Blocks": 313920, "Lossy Heap Blocks": 313920, "Plans": [{"Node Type": "Bitmap Index Scan", "Parent Relationship": "Outer", "Index Name": "idx_partsupp_suppkey", "Startup Cost": 0.0, "Total Cost": 1.56, "Plan Rows": 13, "Plan Width": 0, "Actual Startup Time": 71.169, "Actual Total Time": 71.169, "Actual Rows": 313920, "Actual Loops": 3924, "Index Cond": "(ps_suppkey = public.supplier.s_suppkey)"}]}]}]}, {"Node Type": "Aggregate", "Strategy": "Hashed", "Parent Relationship": "Outer", "Startup Cost": 42836.19, "Total Cost": 43508.44, "Plan Rows": 53780, "Plan Width": 40, "Actual Startup Time": 2259.097, "Actual Total Time": 2259.097, "Actual Rows": 0, "Actual Loops": 1, "Group By Key": ["public.partsupp.ps_partkey"], "Filter": "(sum((public.partsupp.ps_supplycost * (public.partsupp.ps_availqty)::double precision)) > $2)", "Rows Removed by Filter": 295792, "Plans": [{"Node Type": "Nested Loop", "Parent Relationship": "Outer", "Join Type": "Inner", "Startup Cost": 96.82, "Total Cost": 41895.04, "Plan Rows": 53780, "Plan Width": 24, "Actual Startup Time": 1.137, "Actual Total Time": 834.966, "Actual Rows": 313920, "Actual Loops": 1, "Inner Unique": false, "Plans": [{"Node Type": "Nested Loop", "Parent Relationship": "Outer", "Join Type": "Inner", "Startup Cost": 95.25, "Total Cost": 2533.35, "Plan Rows": 4000, "Plan Width": 8, "Actual Startup Time": 1.088, "Actual Total Time": 8.572, "Actual Rows": 3924, "Actual Loops": 1, "Inner Unique": false, "Plans": [{"Node Type": "Seq Scan", "Parent Relationship": "Outer", "Relation Name": "nation", "Alias": "nation", "Startup Cost": 0.0, "Total Cost": 1.31, "Plan Rows": 1, "Plan Width": 4, "Actual Startup Time": 0.03, "Actual Total Time": 0.044, "Actual Rows": 1, "Actual Loops": 1, "Filter": "(n_name = 'MOZAMBIQUE'::bpchar)", "Rows Removed by Filter": 24}, {"Node Type": "Bitmap Heap Scan", "Parent Relationship": "Inner", "Relation Name": "supplier", "Alias": "supplier", "Startup Cost": 95.25, "Total Cost": 2492.04, "Plan Rows": 4000, "Plan Width": 12, "Actual Startup Time": 1.052, "Actual Total Time": 7.612, "Actual Rows": 3924, "Actual Loops": 1, "Recheck Cond": "(s_nationkey = public.nation.n_nationkey)", "Rows Removed by Index Recheck": 0, "Exact Heap Blocks": 1895, "Lossy Heap Blocks": 1895, "Plans": [{"Node Type": "Bitmap Index Scan", "Parent Relationship": "Outer", "Index Name": "idx_supplier_nation_key", "Startup Cost": 0.0, "Total Cost": 94.25, "Plan Rows": 4000, "Plan Width": 0, "Actual Startup Time": 0.77, "Actual Total Time": 0.77, "Actual Rows": 3924, "Actual Loops": 1, "Index Cond": "(s_nationkey = public.nation.n_nationkey)"}]}]}, {"Node Type": "Bitmap Heap Scan", "Parent Relationship": "Inner", "Relation Name": "partsupp", "Alias": "partsupp", "Startup Cost": 1.57, "Total Cost": 9.71, "Plan Rows": 13, "Plan Width": 32, "Actual Startup Time": 109.514, "Actual Total Time": 752.491, "Actual Rows": 313920, "Actual Loops": 3924, "Recheck Cond": "(ps_suppkey = public.supplier.s_suppkey)", "Rows Removed by Index Recheck": 0, "Exact Heap Blocks": 313920, "Lossy Heap Blocks": 313920, "Plans": [{"Node Type": "Bitmap Index Scan", "Parent Relationship": "Outer", "Index Name": "idx_partsupp_suppkey", "Startup Cost": 0.0, "Total Cost": 1.56, "Plan Rows": 13, "Plan Width": 0, "Actual Startup Time": 70.02, "Actual Total Time": 70.02, "Actual Rows": 313920, "Actual Loops": 3924, "Index Cond": "(ps_suppkey = public.supplier.s_suppkey)"}]}]}]}]}, "Triggers": [], "Planner Runtime": 0, "Total Runtime": 2259.921, "Unique SQL Id": 2932834211}}, "(16, 19)": {"explain_plan": {"Plan": {"Node Type": "Sort", "Startup Cost": 2000084159245.82, "Total Cost": 2000084159380.27, "Plan Rows": 53780, "Plan Width": 40, "Sort Key": ["(sum((public.partsupp.ps_supplycost * (public.partsupp.ps_availqty)::double precision))) DESC"], "Plans": [{"Node Type": "Aggregate", "Strategy": "Plain", "Parent Relationship": "exec_init_plan", "Subplan Name": "InitPlan 1 (returns $2)", "Startup Cost": 1000001001502.42, "Total Cost": 1000001001502.43, "Plan Rows": 1, "Plan Width": 24, "Plans": [{"Node Type": "Nested Loop", "Parent Relationship": "Outer", "Join Type": "Inner", "Startup Cost": 10000000001.83, "Total Cost": 1000001001099.07, "Plan Rows": 53780, "Plan Width": 16, "Inner Unique": false, "Plans": [{"Node Type": "Nested Loop", "Parent Relationship": "Outer", "Join Type": "Inner", "Startup Cost": 10000000000.26, "Total Cost": 1000000961737.38, "Plan Rows": 4000, "Plan Width": 8, "Inner Unique": true, "Plans": [{"Node Type": "Index Scan", "Parent Relationship": "Outer", "Scan Direction": "Forward", "Index Name": "supplier_pkey", "Relation Name": "supplier", "Alias": "supplier", "Startup Cost": 10000000000.0, "Total Cost": 1000000533454.38, "Plan Rows": 100000, "Plan Width": 12}, {"Node Type": "Bitmap Heap Scan", "Parent Relationship": "Inner", "Relation Name": "nation", "Alias": "nation", "Startup Cost": 0.26, "Total Cost": 4.27, "Plan Rows": 1, "Plan Width": 4, "Recheck Cond": "(n_nationkey = public.supplier.s_nationkey)", "Filter": "(n_name = 'MOZAMBIQUE'::bpchar)", "Plans": [{"Node Type": "Bitmap Index Scan", "Parent Relationship": "Outer", "Index Name": "nation_pkey", "Startup Cost": 0.0, "Total Cost": 0.26, "Plan Rows": 1, "Plan Width": 0, "Index Cond": "(n_nationkey = public.supplier.s_nationkey)"}]}]}, {"Node Type": "Bitmap Heap Scan", "Parent Relationship": "Inner", "Relation Name": "partsupp", "Alias": "partsupp", "Startup Cost": 1.57, "Total Cost": 9.71, "Plan Rows": 13, "Plan Width": 24, "Recheck Cond": "(ps_suppkey = public.supplier.s_suppkey)", "Plans": [{"Node Type": "Bitmap Index Scan", "Parent Relationship": "Outer", "Index Name": "idx_partsupp_suppkey", "Startup Cost": 0.0, "Total Cost": 1.56, "Plan Rows": 13, "Plan Width": 0, "Index Cond": "(ps_suppkey = public.supplier.s_suppkey)"}]}]}]}, {"Node Type": "Aggregate", "Strategy": "Hashed", "Parent Relationship": "Outer", "Startup Cost": 1000083152845.44, "Total Cost": 1000083153517.69, "Plan Rows": 53780, "Plan Width": 40, "Group By Key": ["public.partsupp.ps_partkey"], "Filter": "(sum((public.partsupp.ps_supplycost * (public.partsupp.ps_availqty)::double precision)) > $2)", "Plans": [{"Node Type": "Nested Loop", "Parent Relationship": "Outer", "Join Type": "Inner", "Startup Cost": 10000000000.52, "Total Cost": 1000083151904.29, "Plan Rows": 53780, "Plan Width": 24, "Inner Unique": true, "Plans": [{"Node Type": "Nested Loop", "Parent Relationship": "Outer", "Join Type": "Inner", "Startup Cost": 10000000000.26, "Total Cost": 1000077393643.64, "Plan Rows": 1344499, "Plan Width": 28, "Inner Unique": true, "Plans": [{"Node Type": "Index Scan", "Parent Relationship": "Outer", "Scan Direction": "Forward", "Index Name": "idx_partsupp_partkey", "Relation Name": "partsupp", "Alias": "partsupp", "Startup Cost": 10000000000.0, "Total Cost": 1000043148503.38, "Plan Rows": 8000372, "Plan Width": 32}, {"Node Type": "Bitmap Heap Scan", "Parent Relationship": "Inner", "Relation Name": "supplier", "Alias": "supplier", "Startup Cost": 0.26, "Total Cost": 4.27, "Plan Rows": 1, "Plan Width": 12, "Recheck Cond": "(s_suppkey = public.partsupp.ps_suppkey)", "Plans": [{"Node Type": "Bitmap Index Scan", "Parent Relationship": "Outer", "Index Name": "supplier_pkey", "Startup Cost": 0.0, "Total Cost": 0.26, "Plan Rows": 1, "Plan Width": 0, "Index Cond": "(s_suppkey = public.partsupp.ps_suppkey)"}]}]}, {"Node Type": "Bitmap Heap Scan", "Parent Relationship": "Inner", "Relation Name": "nation", "Alias": "nation", "Startup Cost": 0.26, "Total Cost": 4.27, "Plan Rows": 1, "Plan Width": 4, "Recheck Cond": "(n_nationkey = public.supplier.s_nationkey)", "Filter": "(n_name = 'MOZAMBIQUE'::bpchar)", "Plans": [{"Node Type": "Bitmap Index Scan", "Parent Relationship": "Outer", "Index Name": "nation_pkey", "Startup Cost": 0.0, "Total Cost": 0.26, "Plan Rows": 1, "Plan Width": 0, "Index Cond": "(n_nationkey = public.supplier.s_nationkey)"}]}]}]}]}, "Unique SQL Id": 2932834211, "Planner Runtime": 1}, "explain_analyze_plan": null}, "(16, 20)": {"explain_plan": {"Plan": {"Node Type": "Sort", "Startup Cost": 86957.11, "Total Cost": 87091.56, "Plan Rows": 53780, "Plan Width": 40, "Sort Key": ["(sum((public.partsupp.ps_supplycost * (public.partsupp.ps_availqty)::double precision))) DESC"], "Plans": [{"Node Type": "Aggregate", "Strategy": "Plain", "Parent Relationship": "exec_init_plan", "Subplan Name": "InitPlan 1 (returns $2)", "Startup Cost": 40760.67, "Total Cost": 40760.68, "Plan Rows": 1, "Plan Width": 24, "Plans": [{"Node Type": "Nested Loop", "Parent Relationship": "Outer", "Join Type": "Inner", "Startup Cost": 95.25, "Total Cost": 40357.32, "Plan Rows": 53780, "Plan Width": 16, "Inner Unique": false, "Plans": [{"Node Type": "Nested Loop", "Parent Relationship": "Outer", "Join Type": "Inner", "Startup Cost": 95.25, "Total Cost": 2533.35, "Plan Rows": 4000, "Plan Width": 8, "Inner Unique": false, "Plans": [{"Node Type": "Seq Scan", "Parent Relationship": "Outer", "Relation Name": "nation", "Alias": "nation", "Startup Cost": 0.0, "Total Cost": 1.31, "Plan Rows": 1, "Plan Width": 4, "Filter": "(n_name = 'MOZAMBIQUE'::bpchar)"}, {"Node Type": "Bitmap Heap Scan", "Parent Relationship": "Inner", "Relation Name": "supplier", "Alias": "supplier", "Startup Cost": 95.25, "Total Cost": 2492.04, "Plan Rows": 4000, "Plan Width": 12, "Recheck Cond": "(s_nationkey = public.nation.n_nationkey)", "Plans": [{"Node Type": "Bitmap Index Scan", "Parent Relationship": "Outer", "Index Name": "idx_supplier_nation_key", "Startup Cost": 0.0, "Total Cost": 94.25, "Plan Rows": 4000, "Plan Width": 0, "Index Cond": "(s_nationkey = public.nation.n_nationkey)"}]}]}, {"Node Type": "Index Scan", "Parent Relationship": "Inner", "Scan Direction": "Forward", "Index Name": "idx_partsupp_suppkey", "Relation Name": "partsupp", "Alias": "partsupp", "Startup Cost": 0.0, "Total Cost": 9.33, "Plan Rows": 13, "Plan Width": 24, "Index Cond": "(ps_suppkey = public.supplier.s_suppkey)"}]}]}, {"Node Type": "Aggregate", "Strategy": "Hashed", "Parent Relationship": "Outer", "Startup Cost": 41298.47, "Total Cost": 41970.72, "Plan Rows": 53780, "Plan Width": 40, "Group By Key": ["public.partsupp.ps_partkey"], "Filter": "(sum((public.partsupp.ps_supplycost * (public.partsupp.ps_availqty)::double precision)) > $2)", "Plans": [{"Node Type": "Nested Loop", "Parent Relationship": "Outer", "Join Type": "Inner", "Startup Cost": 95.25, "Total Cost": 40357.32, "Plan Rows": 53780, "Plan Width": 24, "Inner Unique": false, "Plans": [{"Node Type": "Nested Loop", "Parent Relationship": "Outer", "Join Type": "Inner", "Startup Cost": 95.25, "Total Cost": 2533.35, "Plan Rows": 4000, "Plan Width": 8, "Inner Unique": false, "Plans": [{"Node Type": "Seq Scan", "Parent Relationship": "Outer", "Relation Name": "nation", "Alias": "nation", "Startup Cost": 0.0, "Total Cost": 1.31, "Plan Rows": 1, "Plan Width": 4, "Filter": "(n_name = 'MOZAMBIQUE'::bpchar)"}, {"Node Type": "Bitmap Heap Scan", "Parent Relationship": "Inner", "Relation Name": "supplier", "Alias": "supplier", "Startup Cost": 95.25, "Total Cost": 2492.04, "Plan Rows": 4000, "Plan Width": 12, "Recheck Cond": "(s_nationkey = public.nation.n_nationkey)", "Plans": [{"Node Type": "Bitmap Index Scan", "Parent Relationship": "Outer", "Index Name": "idx_supplier_nation_key", "Startup Cost": 0.0, "Total Cost": 94.25, "Plan Rows": 4000, "Plan Width": 0, "Index Cond": "(s_nationkey = public.nation.n_nationkey)"}]}]}, {"Node Type": "Index Scan", "Parent Relationship": "Inner", "Scan Direction": "Forward", "Index Name": "idx_partsupp_suppkey", "Relation Name": "partsupp", "Alias": "partsupp", "Startup Cost": 0.0, "Total Cost": 9.33, "Plan Rows": 13, "Plan Width": 32, "Index Cond": "(ps_suppkey = public.supplier.s_suppkey)"}]}]}]}, "Unique SQL Id": 2932834211, "Planner Runtime": 1}, "explain_analyze_plan": {"Plan": {"Node Type": "Sort", "Startup Cost": 86957.11, "Total Cost": 87091.56, "Plan Rows": 53780, "Plan Width": 40, "Actual Startup Time": 1867.688, "Actual Total Time": 1867.688, "Actual Rows": 0, "Actual Loops": 1, "Sort Key": ["(sum((public.partsupp.ps_supplycost * (public.partsupp.ps_availqty)::double precision))) DESC"], "Sort Method": "quicksort", "Sort Space Used": 25, "Sort Space Type": "Memory", "Plans": [{"Node Type": "Aggregate", "Strategy": "Plain", "Parent Relationship": "exec_init_plan", "Subplan Name": "InitPlan 1 (returns $2)", "Startup Cost": 40760.67, "Total Cost": 40760.68, "Plan Rows": 1, "Plan Width": 24, "Actual Startup Time": 794.18, "Actual Total Time": 794.181, "Actual Rows": 1, "Actual Loops": 1, "Plans": [{"Node Type": "Nested Loop", "Parent Relationship": "Outer", "Join Type": "Inner", "Startup Cost": 95.25, "Total Cost": 40357.32, "Plan Rows": 53780, "Plan Width": 16, "Actual Startup Time": 1.125, "Actual Total Time": 657.634, "Actual Rows": 313920, "Actual Loops": 1, "Inner Unique": false, "Plans": [{"Node Type": "Nested Loop", "Parent Relationship": "Outer", "Join Type": "Inner", "Startup Cost": 95.25, "Total Cost": 2533.35, "Plan Rows": 4000, "Plan Width": 8, "Actual Startup Time": 1.098, "Actual Total Time": 8.186, "Actual Rows": 3924, "Actual Loops": 1, "Inner Unique": false, "Plans": [{"Node Type": "Seq Scan", "Parent Relationship": "Outer", "Relation Name": "nation", "Alias": "nation", "Startup Cost": 0.0, "Total Cost": 1.31, "Plan Rows": 1, "Plan Width": 4, "Actual Startup Time": 0.024, "Actual Total Time": 0.047, "Actual Rows": 1, "Actual Loops": 1, "Filter": "(n_name = 'MOZAMBIQUE'::bpchar)", "Rows Removed by Filter": 24}, {"Node Type": "Bitmap Heap Scan", "Parent Relationship": "Inner", "Relation Name": "supplier", "Alias": "supplier", "Startup Cost": 95.25, "Total Cost": 2492.04, "Plan Rows": 4000, "Plan Width": 12, "Actual Startup Time": 1.058, "Actual Total Time": 7.206, "Actual Rows": 3924, "Actual Loops": 1, "Recheck Cond": "(s_nationkey = public.nation.n_nationkey)", "Rows Removed by Index Recheck": 0, "Exact Heap Blocks": 1895, "Lossy Heap Blocks": 1895, "Plans": [{"Node Type": "Bitmap Index Scan", "Parent Relationship": "Outer", "Index Name": "idx_supplier_nation_key", "Startup Cost": 0.0, "Total Cost": 94.25, "Plan Rows": 4000, "Plan Width": 0, "Actual Startup Time": 0.777, "Actual Total Time": 0.777, "Actual Rows": 3924, "Actual Loops": 1, "Index Cond": "(s_nationkey = public.nation.n_nationkey)"}]}]}, {"Node Type": "Index Scan", "Parent Relationship": "Inner", "Scan Direction": "Forward", "Index Name": "idx_partsupp_suppkey", "Relation Name": "partsupp", "Alias": "partsupp", "Startup Cost": 0.0, "Total Cost": 9.33, "Plan Rows": 13, "Plan Width": 24, "Actual Startup Time": 48.522, "Actual Total Time": 582.276, "Actual Rows": 313920, "Actual Loops": 3924, "Index Cond": "(ps_suppkey = public.supplier.s_suppkey)", "Rows Removed by Index Recheck": 0}]}]}, {"Node Type": "Aggregate", "Strategy": "Hashed", "Parent Relationship": "Outer", "Startup Cost": 41298.47, "Total Cost": 41970.72, "Plan Rows": 53780, "Plan Width": 40, "Actual Startup Time": 1867.28, "Actual Total Time": 1867.28, "Actual Rows": 0, "Actual Loops": 1, "Group By Key": ["public.partsupp.ps_partkey"], "Filter": "(sum((public.partsupp.ps_supplycost * (public.partsupp.ps_availqty)::double precision)) > $2)", "Rows Removed by Filter": 295792, "Plans": [{"Node Type": "Nested Loop", "Parent Relationship": "Outer", "Join Type": "Inner", "Startup Cost": 95.25, "Total Cost": 40357.32, "Plan Rows": 53780, "Plan Width": 24, "Actual Startup Time": 1.055, "Actual Total Time": 684.172, "Actual Rows": 313920, "Actual Loops": 1, "Inner Unique": false, "Plans": [{"Node Type": "Nested Loop", "Parent Relationship": "Outer", "Join Type": "Inner", "Startup Cost": 95.25, "Total Cost": 2533.35, "Plan Rows": 4000, "Plan Width": 8, "Actual Startup Time": 1.024, "Actual Total Time": 8.574, "Actual Rows": 3924, "Actual Loops": 1, "Inner Unique": false, "Plans": [{"Node Type": "Seq Scan", "Parent Relationship": "Outer", "Relation Name": "nation", "Alias": "nation", "Startup Cost": 0.0, "Total Cost": 1.31, "Plan Rows": 1, "Plan Width": 4, "Actual Startup Time": 0.032, "Actual Total Time": 0.044, "Actual Rows": 1, "Actual Loops": 1, "Filter": "(n_name = 'MOZAMBIQUE'::bpchar)", "Rows Removed by Filter": 24}, {"Node Type": "Bitmap Heap Scan", "Parent Relationship": "Inner", "Relation Name": "supplier", "Alias": "supplier", "Startup Cost": 95.25, "Total Cost": 2492.04, "Plan Rows": 4000, "Plan Width": 12, "Actual Startup Time": 0.985, "Actual Total Time": 7.583, "Actual Rows": 3924, "Actual Loops": 1, "Recheck Cond": "(s_nationkey = public.nation.n_nationkey)", "Rows Removed by Index Recheck": 0, "Exact Heap Blocks": 1895, "Lossy Heap Blocks": 1895, "Plans": [{"Node Type": "Bitmap Index Scan", "Parent Relationship": "Outer", "Index Name": "idx_supplier_nation_key", "Startup Cost": 0.0, "Total Cost": 94.25, "Plan Rows": 4000, "Plan Width": 0, "Actual Startup Time": 0.705, "Actual Total Time": 0.705, "Actual Rows": 3924, "Actual Loops": 1, "Index Cond": "(s_nationkey = public.nation.n_nationkey)"}]}]}, {"Node Type": "Index Scan", "Parent Relationship": "Inner", "Scan Direction": "Forward", "Index Name": "idx_partsupp_suppkey", "Relation Name": "partsupp", "Alias": "partsupp", "Startup Cost": 0.0, "Total Cost": 9.33, "Plan Rows": 13, "Plan Width": 32, "Actual Startup Time": 49.919, "Actual Total Time": 602.753, "Actual Rows": 313920, "Actual Loops": 3924, "Index Cond": "(ps_suppkey = public.supplier.s_suppkey)", "Rows Removed by Index Recheck": 0}]}]}]}, "Triggers": [], "Planner Runtime": 0, "Total Runtime": 1868.014, "Unique SQL Id": 2932834211}}, "(16, 21)": {"explain_plan": {"Plan": {"Node Type": "Sort", "Startup Cost": 86979.86, "Total Cost": 87114.31, "Plan Rows": 53780, "Plan Width": 40, "Sort Key": ["(sum((public.partsupp.ps_supplycost * (public.partsupp.ps_availqty)::double precision))) DESC"], "Plans": [{"Node Type": "Aggregate", "Strategy": "Plain", "Parent Relationship": "exec_init_plan", "Subplan Name": "InitPlan 1 (returns $2)", "Startup Cost": 40772.04, "Total Cost": 40772.06, "Plan Rows": 1, "Plan Width": 24, "Plans": [{"Node Type": "Nested Loop", "Parent Relationship": "Outer", "Join Type": "Inner", "Startup Cost": 95.25, "Total Cost": 40368.69, "Plan Rows": 53780, "Plan Width": 16, "Inner Unique": false, "Plans": [{"Node Type": "Nested Loop", "Parent Relationship": "Outer", "Join Type": "Inner", "Startup Cost": 95.25, "Total Cost": 2544.73, "Plan Rows": 4000, "Plan Width": 8, "Inner Unique": false, "Plans": [{"Node Type": "Index Scan", "Parent Relationship": "Outer", "Scan Direction": "Forward", "Index Name": "nation_pkey", "Relation Name": "nation", "Alias": "nation", "Startup Cost": 0.0, "Total Cost": 12.69, "Plan Rows": 1, "Plan Width": 4, "Filter": "(n_name = 'MOZAMBIQUE'::bpchar)"}, {"Node Type": "Bitmap Heap Scan", "Parent Relationship": "Inner", "Relation Name": "supplier", "Alias": "supplier", "Startup Cost": 95.25, "Total Cost": 2492.04, "Plan Rows": 4000, "Plan Width": 12, "Recheck Cond": "(s_nationkey = public.nation.n_nationkey)", "Plans": [{"Node Type": "Bitmap Index Scan", "Parent Relationship": "Outer", "Index Name": "idx_supplier_nation_key", "Startup Cost": 0.0, "Total Cost": 94.25, "Plan Rows": 4000, "Plan Width": 0, "Index Cond": "(s_nationkey = public.nation.n_nationkey)"}]}]}, {"Node Type": "Index Scan", "Parent Relationship": "Inner", "Scan Direction": "Forward", "Index Name": "idx_partsupp_suppkey", "Relation Name": "partsupp", "Alias": "partsupp", "Startup Cost": 0.0, "Total Cost": 9.33, "Plan Rows": 13, "Plan Width": 24, "Index Cond": "(ps_suppkey = public.supplier.s_suppkey)"}]}]}, {"Node Type": "Aggregate", "Strategy": "Hashed", "Parent Relationship": "Outer", "Startup Cost": 41309.84, "Total Cost": 41982.09, "Plan Rows": 53780, "Plan Width": 40, "Group By Key": ["public.partsupp.ps_partkey"], "Filter": "(sum((public.partsupp.ps_supplycost * (public.partsupp.ps_availqty)::double precision)) > $2)", "Plans": [{"Node Type": "Nested Loop", "Parent Relationship": "Outer", "Join Type": "Inner", "Startup Cost": 95.25, "Total Cost": 40368.69, "Plan Rows": 53780, "Plan Width": 24, "Inner Unique": false, "Plans": [{"Node Type": "Nested Loop", "Parent Relationship": "Outer", "Join Type": "Inner", "Startup Cost": 95.25, "Total Cost": 2544.73, "Plan Rows": 4000, "Plan Width": 8, "Inner Unique": false, "Plans": [{"Node Type": "Index Scan", "Parent Relationship": "Outer", "Scan Direction": "Forward", "Index Name": "nation_pkey", "Relation Name": "nation", "Alias": "nation", "Startup Cost": 0.0, "Total Cost": 12.69, "Plan Rows": 1, "Plan Width": 4, "Filter": "(n_name = 'MOZAMBIQUE'::bpchar)"}, {"Node Type": "Bitmap Heap Scan", "Parent Relationship": "Inner", "Relation Name": "supplier", "Alias": "supplier", "Startup Cost": 95.25, "Total Cost": 2492.04, "Plan Rows": 4000, "Plan Width": 12, "Recheck Cond": "(s_nationkey = public.nation.n_nationkey)", "Plans": [{"Node Type": "Bitmap Index Scan", "Parent Relationship": "Outer", "Index Name": "idx_supplier_nation_key", "Startup Cost": 0.0, "Total Cost": 94.25, "Plan Rows": 4000, "Plan Width": 0, "Index Cond": "(s_nationkey = public.nation.n_nationkey)"}]}]}, {"Node Type": "Index Scan", "Parent Relationship": "Inner", "Scan Direction": "Forward", "Index Name": "idx_partsupp_suppkey", "Relation Name": "partsupp", "Alias": "partsupp", "Startup Cost": 0.0, "Total Cost": 9.33, "Plan Rows": 13, "Plan Width": 32, "Index Cond": "(ps_suppkey = public.supplier.s_suppkey)"}]}]}]}, "Unique SQL Id": 2932834211, "Planner Runtime": 1}, "explain_analyze_plan": {"Plan": {"Node Type": "Sort", "Startup Cost": 86979.86, "Total Cost": 87114.31, "Plan Rows": 53780, "Plan Width": 40, "Actual Startup Time": 2004.071, "Actual Total Time": 2004.071, "Actual Rows": 0, "Actual Loops": 1, "Sort Key": ["(sum((public.partsupp.ps_supplycost * (public.partsupp.ps_availqty)::double precision))) DESC"], "Sort Method": "quicksort", "Sort Space Used": 25, "Sort Space Type": "Memory", "Plans": [{"Node Type": "Aggregate", "Strategy": "Plain", "Parent Relationship": "exec_init_plan", "Subplan Name": "InitPlan 1 (returns $2)", "Startup Cost": 40772.04, "Total Cost": 40772.06, "Plan Rows": 1, "Plan Width": 24, "Actual Startup Time": 813.993, "Actual Total Time": 813.994, "Actual Rows": 1, "Actual Loops": 1, "Plans": [{"Node Type": "Nested Loop", "Parent Relationship": "Outer", "Join Type": "Inner", "Startup Cost": 95.25, "Total Cost": 40368.69, "Plan Rows": 53780, "Plan Width": 16, "Actual Startup Time": 1.031, "Actual Total Time": 679.613, "Actual Rows": 313920, "Actual Loops": 1, "Inner Unique": false, "Plans": [{"Node Type": "Nested Loop", "Parent Relationship": "Outer", "Join Type": "Inner", "Startup Cost": 95.25, "Total Cost": 2544.73, "Plan Rows": 4000, "Plan Width": 8, "Actual Startup Time": 1.007, "Actual Total Time": 8.373, "Actual Rows": 3924, "Actual Loops": 1, "Inner Unique": false, "Plans": [{"Node Type": "Index Scan", "Parent Relationship": "Outer", "Scan Direction": "Forward", "Index Name": "nation_pkey", "Relation Name": "nation", "Alias": "nation", "Startup Cost": 0.0, "Total Cost": 12.69, "Plan Rows": 1, "Plan Width": 4, "Actual Startup Time": 0.027, "Actual Total Time": 0.082, "Actual Rows": 1, "Actual Loops": 1, "Filter": "(n_name = 'MOZAMBIQUE'::bpchar)", "Rows Removed by Filter": 24}, {"Node Type": "Bitmap Heap Scan", "Parent Relationship": "Inner", "Relation Name": "supplier", "Alias": "supplier", "Startup Cost": 95.25, "Total Cost": 2492.04, "Plan Rows": 4000, "Plan Width": 12, "Actual Startup Time": 0.966, "Actual Total Time": 7.31, "Actual Rows": 3924, "Actual Loops": 1, "Recheck Cond": "(s_nationkey = public.nation.n_nationkey)", "Rows Removed by Index Recheck": 0, "Exact Heap Blocks": 1895, "Lossy Heap Blocks": 1895, "Plans": [{"Node Type": "Bitmap Index Scan", "Parent Relationship": "Outer", "Index Name": "idx_supplier_nation_key", "Startup Cost": 0.0, "Total Cost": 94.25, "Plan Rows": 4000, "Plan Width": 0, "Actual Startup Time": 0.678, "Actual Total Time": 0.678, "Actual Rows": 3924, "Actual Loops": 1, "Index Cond": "(s_nationkey = public.nation.n_nationkey)"}]}]}, {"Node Type": "Index Scan", "Parent Relationship": "Inner", "Scan Direction": "Forward", "Index Name": "idx_partsupp_suppkey", "Relation Name": "partsupp", "Alias": "partsupp", "Startup Cost": 0.0, "Total Cost": 9.33, "Plan Rows": 13, "Plan Width": 24, "Actual Startup Time": 46.974, "Actual Total Time": 604.92, "Actual Rows": 313920, "Actual Loops": 3924, "Index Cond": "(ps_suppkey = public.supplier.s_suppkey)", "Rows Removed by Index Recheck": 0}]}]}, {"Node Type": "Aggregate", "Strategy": "Hashed", "Parent Relationship": "Outer", "Startup Cost": 41309.84, "Total Cost": 41982.09, "Plan Rows": 53780, "Plan Width": 40, "Actual Startup Time": 2003.564, "Actual Total Time": 2003.564, "Actual Rows": 0, "Actual Loops": 1, "Group By Key": ["public.partsupp.ps_partkey"], "Filter": "(sum((public.partsupp.ps_supplycost * (public.partsupp.ps_availqty)::double precision)) > $2)", "Rows Removed by Filter": 295792, "Plans": [{"Node Type": "Nested Loop", "Parent Relationship": "Outer", "Join Type": "Inner", "Startup Cost": 95.25, "Total Cost": 40368.69, "Plan Rows": 53780, "Plan Width": 24, "Actual Startup Time": 1.126, "Actual Total Time": 773.104, "Actual Rows": 313920, "Actual Loops": 1, "Inner Unique": false, "Plans": [{"Node Type": "Nested Loop", "Parent Relationship": "Outer", "Join Type": "Inner", "Startup Cost": 95.25, "Total Cost": 2544.73, "Plan Rows": 4000, "Plan Width": 8, "Actual Startup Time": 1.098, "Actual Total Time": 9.874, "Actual Rows": 3924, "Actual Loops": 1, "Inner Unique": false, "Plans": [{"Node Type": "Index Scan", "Parent Relationship": "Outer", "Scan Direction": "Forward", "Index Name": "nation_pkey", "Relation Name": "nation", "Alias": "nation", "Startup Cost": 0.0, "Total Cost": 12.69, "Plan Rows": 1, "Plan Width": 4, "Actual Startup Time": 0.032, "Actual Total Time": 0.045, "Actual Rows": 1, "Actual Loops": 1, "Filter": "(n_name = 'MOZAMBIQUE'::bpchar)", "Rows Removed by Filter": 24}, {"Node Type": "Bitmap Heap Scan", "Parent Relationship": "Inner", "Relation Name": "supplier", "Alias": "supplier", "Startup Cost": 95.25, "Total Cost": 2492.04, "Plan Rows": 4000, "Plan Width": 12, "Actual Startup Time": 1.058, "Actual Total Time": 8.873, "Actual Rows": 3924, "Actual Loops": 1, "Recheck Cond": "(s_nationkey = public.nation.n_nationkey)", "Rows Removed by Index Recheck": 0, "Exact Heap Blocks": 1895, "Lossy Heap Blocks": 1895, "Plans": [{"Node Type": "Bitmap Index Scan", "Parent Relationship": "Outer", "Index Name": "idx_supplier_nation_key", "Startup Cost": 0.0, "Total Cost": 94.25, "Plan Rows": 4000, "Plan Width": 0, "Actual Startup Time": 0.766, "Actual Total Time": 0.766, "Actual Rows": 3924, "Actual Loops": 1, "Index Cond": "(s_nationkey = public.nation.n_nationkey)"}]}]}, {"Node Type": "Index Scan", "Parent Relationship": "Inner", "Scan Direction": "Forward", "Index Name": "idx_partsupp_suppkey", "Relation Name": "partsupp", "Alias": "partsupp", "Startup Cost": 0.0, "Total Cost": 9.33, "Plan Rows": 13, "Plan Width": 32, "Actual Startup Time": 55.084, "Actual Total Time": 692.047, "Actual Rows": 313920, "Actual Loops": 3924, "Index Cond": "(ps_suppkey = public.supplier.s_suppkey)", "Rows Removed by Index Recheck": 0}]}]}]}, "Triggers": [], "Planner Runtime": 0, "Total Runtime": 2004.504, "Unique SQL Id": 2932834211}}, "(16, 22)": {"explain_plan": {"Plan": {"Node Type": "Sort", "Startup Cost": 90032.55, "Total Cost": 90167.0, "Plan Rows": 53780, "Plan Width": 40, "Sort Key": ["(sum((public.partsupp.ps_supplycost * (public.partsupp.ps_availqty)::double precision))) DESC"], "Plans": [{"Node Type": "Aggregate", "Strategy": "Plain", "Parent Relationship": "exec_init_plan", "Subplan Name": "InitPlan 1 (returns $2)", "Startup Cost": 42298.39, "Total Cost": 42298.4, "Plan Rows": 1, "Plan Width": 24, "Plans": [{"Node Type": "Nested Loop", "Parent Relationship": "Outer", "Join Type": "Inner", "Startup Cost": 96.82, "Total Cost": 41895.04, "Plan Rows": 53780, "Plan Width": 16, "Inner Unique": false, "Plans": [{"Node Type": "Nested Loop", "Parent Relationship": "Outer", "Join Type": "Inner", "Startup Cost": 95.25, "Total Cost": 2533.35, "Plan Rows": 4000, "Plan Width": 8, "Inner Unique": false, "Plans": [{"Node Type": "Seq Scan", "Parent Relationship": "Outer", "Relation Name": "nation", "Alias": "nation", "Startup Cost": 0.0, "Total Cost": 1.31, "Plan Rows": 1, "Plan Width": 4, "Filter": "(n_name = 'MOZAMBIQUE'::bpchar)"}, {"Node Type": "Bitmap Heap Scan", "Parent Relationship": "Inner", "Relation Name": "supplier", "Alias": "supplier", "Startup Cost": 95.25, "Total Cost": 2492.04, "Plan Rows": 4000, "Plan Width": 12, "Recheck Cond": "(s_nationkey = public.nation.n_nationkey)", "Plans": [{"Node Type": "Bitmap Index Scan", "Parent Relationship": "Outer", "Index Name": "idx_supplier_nation_key", "Startup Cost": 0.0, "Total Cost": 94.25, "Plan Rows": 4000, "Plan Width": 0, "Index Cond": "(s_nationkey = public.nation.n_nationkey)"}]}]}, {"Node Type": "Bitmap Heap Scan", "Parent Relationship": "Inner", "Relation Name": "partsupp", "Alias": "partsupp", "Startup Cost": 1.57, "Total Cost": 9.71, "Plan Rows": 13, "Plan Width": 24, "Recheck Cond": "(ps_suppkey = public.supplier.s_suppkey)", "Plans": [{"Node Type": "Bitmap Index Scan", "Parent Relationship": "Outer", "Index Name": "idx_partsupp_suppkey", "Startup Cost": 0.0, "Total Cost": 1.56, "Plan Rows": 13, "Plan Width": 0, "Index Cond": "(ps_suppkey = public.supplier.s_suppkey)"}]}]}]}, {"Node Type": "Aggregate", "Strategy": "Hashed", "Parent Relationship": "Outer", "Startup Cost": 42836.19, "Total Cost": 43508.44, "Plan Rows": 53780, "Plan Width": 40, "Group By Key": ["public.partsupp.ps_partkey"], "Filter": "(sum((public.partsupp.ps_supplycost * (public.partsupp.ps_availqty)::double precision)) > $2)", "Plans": [{"Node Type": "Nested Loop", "Parent Relationship": "Outer", "Join Type": "Inner", "Startup Cost": 96.82, "Total Cost": 41895.04, "Plan Rows": 53780, "Plan Width": 24, "Inner Unique": false, "Plans": [{"Node Type": "Nested Loop", "Parent Relationship": "Outer", "Join Type": "Inner", "Startup Cost": 95.25, "Total Cost": 2533.35, "Plan Rows": 4000, "Plan Width": 8, "Inner Unique": false, "Plans": [{"Node Type": "Seq Scan", "Parent Relationship": "Outer", "Relation Name": "nation", "Alias": "nation", "Startup Cost": 0.0, "Total Cost": 1.31, "Plan Rows": 1, "Plan Width": 4, "Filter": "(n_name = 'MOZAMBIQUE'::bpchar)"}, {"Node Type": "Bitmap Heap Scan", "Parent Relationship": "Inner", "Relation Name": "supplier", "Alias": "supplier", "Startup Cost": 95.25, "Total Cost": 2492.04, "Plan Rows": 4000, "Plan Width": 12, "Recheck Cond": "(s_nationkey = public.nation.n_nationkey)", "Plans": [{"Node Type": "Bitmap Index Scan", "Parent Relationship": "Outer", "Index Name": "idx_supplier_nation_key", "Startup Cost": 0.0, "Total Cost": 94.25, "Plan Rows": 4000, "Plan Width": 0, "Index Cond": "(s_nationkey = public.nation.n_nationkey)"}]}]}, {"Node Type": "Bitmap Heap Scan", "Parent Relationship": "Inner", "Relation Name": "partsupp", "Alias": "partsupp", "Startup Cost": 1.57, "Total Cost": 9.71, "Plan Rows": 13, "Plan Width": 32, "Recheck Cond": "(ps_suppkey = public.supplier.s_suppkey)", "Plans": [{"Node Type": "Bitmap Index Scan", "Parent Relationship": "Outer", "Index Name": "idx_partsupp_suppkey", "Startup Cost": 0.0, "Total Cost": 1.56, "Plan Rows": 13, "Plan Width": 0, "Index Cond": "(ps_suppkey = public.supplier.s_suppkey)"}]}]}]}]}, "Unique SQL Id": 2932834211, "Planner Runtime": 1}, "explain_analyze_plan": {"Plan": {"Node Type": "Sort", "Startup Cost": 90032.55, "Total Cost": 90167.0, "Plan Rows": 53780, "Plan Width": 40, "Actual Startup Time": 2259.599, "Actual Total Time": 2259.599, "Actual Rows": 0, "Actual Loops": 1, "Sort Key": ["(sum((public.partsupp.ps_supplycost * (public.partsupp.ps_availqty)::double precision))) DESC"], "Sort Method": "quicksort", "Sort Space Used": 25, "Sort Space Type": "Memory", "Plans": [{"Node Type": "Aggregate", "Strategy": "Plain", "Parent Relationship": "exec_init_plan", "Subplan Name": "InitPlan 1 (returns $2)", "Startup Cost": 42298.39, "Total Cost": 42298.4, "Plan Rows": 1, "Plan Width": 24, "Actual Startup Time": 1008.942, "Actual Total Time": 1008.942, "Actual Rows": 1, "Actual Loops": 1, "Plans": [{"Node Type": "Nested Loop", "Parent Relationship": "Outer", "Join Type": "Inner", "Startup Cost": 96.82, "Total Cost": 41895.04, "Plan Rows": 53780, "Plan Width": 16, "Actual Startup Time": 1.124, "Actual Total Time": 881.219, "Actual Rows": 313920, "Actual Loops": 1, "Inner Unique": false, "Plans": [{"Node Type": "Nested Loop", "Parent Relationship": "Outer", "Join Type": "Inner", "Startup Cost": 95.25, "Total Cost": 2533.35, "Plan Rows": 4000, "Plan Width": 8, "Actual Startup Time": 1.07, "Actual Total Time": 9.391, "Actual Rows": 3924, "Actual Loops": 1, "Inner Unique": false, "Plans": [{"Node Type": "Seq Scan", "Parent Relationship": "Outer", "Relation Name": "nation", "Alias": "nation", "Startup Cost": 0.0, "Total Cost": 1.31, "Plan Rows": 1, "Plan Width": 4, "Actual Startup Time": 0.042, "Actual Total Time": 0.058, "Actual Rows": 1, "Actual Loops": 1, "Filter": "(n_name = 'MOZAMBIQUE'::bpchar)", "Rows Removed by Filter": 24}, {"Node Type": "Bitmap Heap Scan", "Parent Relationship": "Inner", "Relation Name": "supplier", "Alias": "supplier", "Startup Cost": 95.25, "Total Cost": 2492.04, "Plan Rows": 4000, "Plan Width": 12, "Actual Startup Time": 1.019, "Actual Total Time": 8.327, "Actual Rows": 3924, "Actual Loops": 1, "Recheck Cond": "(s_nationkey = public.nation.n_nationkey)", "Rows Removed by Index Recheck": 0, "Exact Heap Blocks": 1895, "Lossy Heap Blocks": 1895, "Plans": [{"Node Type": "Bitmap Index Scan", "Parent Relationship": "Outer", "Index Name": "idx_supplier_nation_key", "Startup Cost": 0.0, "Total Cost": 94.25, "Plan Rows": 4000, "Plan Width": 0, "Actual Startup Time": 0.744, "Actual Total Time": 0.744, "Actual Rows": 3924, "Actual Loops": 1, "Index Cond": "(s_nationkey = public.nation.n_nationkey)"}]}]}, {"Node Type": "Bitmap Heap Scan", "Parent Relationship": "Inner", "Relation Name": "partsupp", "Alias": "partsupp", "Startup Cost": 1.57, "Total Cost": 9.71, "Plan Rows": 13, "Plan Width": 24, "Actual Startup Time": 110.886, "Actual Total Time": 803.989, "Actual Rows": 313920, "Actual Loops": 3924, "Recheck Cond": "(ps_suppkey = public.supplier.s_suppkey)", "Rows Removed by Index Recheck": 0, "Exact Heap Blocks": 313920, "Lossy Heap Blocks": 313920, "Plans": [{"Node Type": "Bitmap Index Scan", "Parent Relationship": "Outer", "Index Name": "idx_partsupp_suppkey", "Startup Cost": 0.0, "Total Cost": 1.56, "Plan Rows": 13, "Plan Width": 0, "Actual Startup Time": 71.169, "Actual Total Time": 71.169, "Actual Rows": 313920, "Actual Loops": 3924, "Index Cond": "(ps_suppkey = public.supplier.s_suppkey)"}]}]}]}, {"Node Type": "Aggregate", "Strategy": "Hashed", "Parent Relationship": "Outer", "Startup Cost": 42836.19, "Total Cost": 43508.44, "Plan Rows": 53780, "Plan Width": 40, "Actual Startup Time": 2259.097, "Actual Total Time": 2259.097, "Actual Rows": 0, "Actual Loops": 1, "Group By Key": ["public.partsupp.ps_partkey"], "Filter": "(sum((public.partsupp.ps_supplycost * (public.partsupp.ps_availqty)::double precision)) > $2)", "Rows Removed by Filter": 295792, "Plans": [{"Node Type": "Nested Loop", "Parent Relationship": "Outer", "Join Type": "Inner", "Startup Cost": 96.82, "Total Cost": 41895.04, "Plan Rows": 53780, "Plan Width": 24, "Actual Startup Time": 1.137, "Actual Total Time": 834.966, "Actual Rows": 313920, "Actual Loops": 1, "Inner Unique": false, "Plans": [{"Node Type": "Nested Loop", "Parent Relationship": "Outer", "Join Type": "Inner", "Startup Cost": 95.25, "Total Cost": 2533.35, "Plan Rows": 4000, "Plan Width": 8, "Actual Startup Time": 1.088, "Actual Total Time": 8.572, "Actual Rows": 3924, "Actual Loops": 1, "Inner Unique": false, "Plans": [{"Node Type": "Seq Scan", "Parent Relationship": "Outer", "Relation Name": "nation", "Alias": "nation", "Startup Cost": 0.0, "Total Cost": 1.31, "Plan Rows": 1, "Plan Width": 4, "Actual Startup Time": 0.03, "Actual Total Time": 0.044, "Actual Rows": 1, "Actual Loops": 1, "Filter": "(n_name = 'MOZAMBIQUE'::bpchar)", "Rows Removed by Filter": 24}, {"Node Type": "Bitmap Heap Scan", "Parent Relationship": "Inner", "Relation Name": "supplier", "Alias": "supplier", "Startup Cost": 95.25, "Total Cost": 2492.04, "Plan Rows": 4000, "Plan Width": 12, "Actual Startup Time": 1.052, "Actual Total Time": 7.612, "Actual Rows": 3924, "Actual Loops": 1, "Recheck Cond": "(s_nationkey = public.nation.n_nationkey)", "Rows Removed by Index Recheck": 0, "Exact Heap Blocks": 1895, "Lossy Heap Blocks": 1895, "Plans": [{"Node Type": "Bitmap Index Scan", "Parent Relationship": "Outer", "Index Name": "idx_supplier_nation_key", "Startup Cost": 0.0, "Total Cost": 94.25, "Plan Rows": 4000, "Plan Width": 0, "Actual Startup Time": 0.77, "Actual Total Time": 0.77, "Actual Rows": 3924, "Actual Loops": 1, "Index Cond": "(s_nationkey = public.nation.n_nationkey)"}]}]}, {"Node Type": "Bitmap Heap Scan", "Parent Relationship": "Inner", "Relation Name": "partsupp", "Alias": "partsupp", "Startup Cost": 1.57, "Total Cost": 9.71, "Plan Rows": 13, "Plan Width": 32, "Actual Startup Time": 109.514, "Actual Total Time": 752.491, "Actual Rows": 313920, "Actual Loops": 3924, "Recheck Cond": "(ps_suppkey = public.supplier.s_suppkey)", "Rows Removed by Index Recheck": 0, "Exact Heap Blocks": 313920, "Lossy Heap Blocks": 313920, "Plans": [{"Node Type": "Bitmap Index Scan", "Parent Relationship": "Outer", "Index Name": "idx_partsupp_suppkey", "Startup Cost": 0.0, "Total Cost": 1.56, "Plan Rows": 13, "Plan Width": 0, "Actual Startup Time": 70.02, "Actual Total Time": 70.02, "Actual Rows": 313920, "Actual Loops": 3924, "Index Cond": "(ps_suppkey = public.supplier.s_suppkey)"}]}]}]}]}, "Triggers": [], "Planner Runtime": 0, "Total Runtime": 2259.921, "Unique SQL Id": 2932834211}}, "(16, 23)": {"explain_plan": {"Plan": {"Node Type": "Sort", "Startup Cost": 2000084159245.82, "Total Cost": 2000084159380.27, "Plan Rows": 53780, "Plan Width": 40, "Sort Key": ["(sum((public.partsupp.ps_supplycost * (public.partsupp.ps_availqty)::double precision))) DESC"], "Plans": [{"Node Type": "Aggregate", "Strategy": "Plain", "Parent Relationship": "exec_init_plan", "Subplan Name": "InitPlan 1 (returns $2)", "Startup Cost": 1000001001502.42, "Total Cost": 1000001001502.43, "Plan Rows": 1, "Plan Width": 24, "Plans": [{"Node Type": "Nested Loop", "Parent Relationship": "Outer", "Join Type": "Inner", "Startup Cost": 10000000001.83, "Total Cost": 1000001001099.07, "Plan Rows": 53780, "Plan Width": 16, "Inner Unique": false, "Plans": [{"Node Type": "Nested Loop", "Parent Relationship": "Outer", "Join Type": "Inner", "Startup Cost": 10000000000.26, "Total Cost": 1000000961737.38, "Plan Rows": 4000, "Plan Width": 8, "Inner Unique": true, "Plans": [{"Node Type": "Index Scan", "Parent Relationship": "Outer", "Scan Direction": "Forward", "Index Name": "supplier_pkey", "Relation Name": "supplier", "Alias": "supplier", "Startup Cost": 10000000000.0, "Total Cost": 1000000533454.38, "Plan Rows": 100000, "Plan Width": 12}, {"Node Type": "Bitmap Heap Scan", "Parent Relationship": "Inner", "Relation Name": "nation", "Alias": "nation", "Startup Cost": 0.26, "Total Cost": 4.27, "Plan Rows": 1, "Plan Width": 4, "Recheck Cond": "(n_nationkey = public.supplier.s_nationkey)", "Filter": "(n_name = 'MOZAMBIQUE'::bpchar)", "Plans": [{"Node Type": "Bitmap Index Scan", "Parent Relationship": "Outer", "Index Name": "nation_pkey", "Startup Cost": 0.0, "Total Cost": 0.26, "Plan Rows": 1, "Plan Width": 0, "Index Cond": "(n_nationkey = public.supplier.s_nationkey)"}]}]}, {"Node Type": "Bitmap Heap Scan", "Parent Relationship": "Inner", "Relation Name": "partsupp", "Alias": "partsupp", "Startup Cost": 1.57, "Total Cost": 9.71, "Plan Rows": 13, "Plan Width": 24, "Recheck Cond": "(ps_suppkey = public.supplier.s_suppkey)", "Plans": [{"Node Type": "Bitmap Index Scan", "Parent Relationship": "Outer", "Index Name": "idx_partsupp_suppkey", "Startup Cost": 0.0, "Total Cost": 1.56, "Plan Rows": 13, "Plan Width": 0, "Index Cond": "(ps_suppkey = public.supplier.s_suppkey)"}]}]}]}, {"Node Type": "Aggregate", "Strategy": "Hashed", "Parent Relationship": "Outer", "Startup Cost": 1000083152845.44, "Total Cost": 1000083153517.69, "Plan Rows": 53780, "Plan Width": 40, "Group By Key": ["public.partsupp.ps_partkey"], "Filter": "(sum((public.partsupp.ps_supplycost * (public.partsupp.ps_availqty)::double precision)) > $2)", "Plans": [{"Node Type": "Nested Loop", "Parent Relationship": "Outer", "Join Type": "Inner", "Startup Cost": 10000000000.52, "Total Cost": 1000083151904.29, "Plan Rows": 53780, "Plan Width": 24, "Inner Unique": true, "Plans": [{"Node Type": "Nested Loop", "Parent Relationship": "Outer", "Join Type": "Inner", "Startup Cost": 10000000000.26, "Total Cost": 1000077393643.64, "Plan Rows": 1344499, "Plan Width": 28, "Inner Unique": true, "Plans": [{"Node Type": "Index Scan", "Parent Relationship": "Outer", "Scan Direction": "Forward", "Index Name": "idx_partsupp_partkey", "Relation Name": "partsupp", "Alias": "partsupp", "Startup Cost": 10000000000.0, "Total Cost": 1000043148503.38, "Plan Rows": 8000372, "Plan Width": 32}, {"Node Type": "Bitmap Heap Scan", "Parent Relationship": "Inner", "Relation Name": "supplier", "Alias": "supplier", "Startup Cost": 0.26, "Total Cost": 4.27, "Plan Rows": 1, "Plan Width": 12, "Recheck Cond": "(s_suppkey = public.partsupp.ps_suppkey)", "Plans": [{"Node Type": "Bitmap Index Scan", "Parent Relationship": "Outer", "Index Name": "supplier_pkey", "Startup Cost": 0.0, "Total Cost": 0.26, "Plan Rows": 1, "Plan Width": 0, "Index Cond": "(s_suppkey = public.partsupp.ps_suppkey)"}]}]}, {"Node Type": "Bitmap Heap Scan", "Parent Relationship": "Inner", "Relation Name": "nation", "Alias": "nation", "Startup Cost": 0.26, "Total Cost": 4.27, "Plan Rows": 1, "Plan Width": 4, "Recheck Cond": "(n_nationkey = public.supplier.s_nationkey)", "Filter": "(n_name = 'MOZAMBIQUE'::bpchar)", "Plans": [{"Node Type": "Bitmap Index Scan", "Parent Relationship": "Outer", "Index Name": "nation_pkey", "Startup Cost": 0.0, "Total Cost": 0.26, "Plan Rows": 1, "Plan Width": 0, "Index Cond": "(n_nationkey = public.supplier.s_nationkey)"}]}]}]}]}, "Unique SQL Id": 2932834211, "Planner Runtime": 1}, "explain_analyze_plan": null}, "(16, 24)": {"explain_plan": {"Plan": {"Node Type": "Sort", "Startup Cost": 90959.03, "Total Cost": 91093.48, "Plan Rows": 53780, "Plan Width": 40, "Sort Key": ["(sum((public.partsupp.ps_supplycost * (public.partsupp.ps_availqty)::double precision))) DESC"], "Plans": [{"Node Type": "Aggregate", "Strategy": "Plain", "Parent Relationship": "exec_init_plan", "Subplan Name": "InitPlan 1 (returns $1)", "Startup Cost": 42761.63, "Total Cost": 42761.64, "Plan Rows": 1, "Plan Width": 24, "Plans": [{"Node Type": "Nested Loop", "Parent Relationship": "Outer", "Join Type": "Inner", "Startup Cost": 0.0, "Total Cost": 42358.28, "Plan Rows": 53780, "Plan Width": 16, "Inner Unique": false, "Plans": [{"Node Type": "Nested Loop", "Parent Relationship": "Outer", "Join Type": "Inner", "Startup Cost": 0.0, "Total Cost": 4534.31, "Plan Rows": 4000, "Plan Width": 8, "Inner Unique": false, "Join Filter": "(public.supplier.s_nationkey = public.nation.n_nationkey)", "Plans": [{"Node Type": "Seq Scan", "Parent Relationship": "Outer", "Relation Name": "nation", "Alias": "nation", "Startup Cost": 0.0, "Total Cost": 1.31, "Plan Rows": 1, "Plan Width": 4, "Filter": "(n_name = 'MOZAMBIQUE'::bpchar)"}, {"Node Type": "Seq Scan", "Parent Relationship": "Inner", "Relation Name": "supplier", "Alias": "supplier", "Startup Cost": 0.0, "Total Cost": 3283.0, "Plan Rows": 100000, "Plan Width": 12}]}, {"Node Type": "Index Scan", "Parent Relationship": "Inner", "Scan Direction": "Forward", "Index Name": "idx_partsupp_suppkey", "Relation Name": "partsupp", "Alias": "partsupp", "Startup Cost": 0.0, "Total Cost": 9.33, "Plan Rows": 13, "Plan Width": 24, "Index Cond": "(ps_suppkey = public.supplier.s_suppkey)"}]}]}, {"Node Type": "Aggregate", "Strategy": "Hashed", "Parent Relationship": "Outer", "Startup Cost": 43299.43, "Total Cost": 43971.68, "Plan Rows": 53780, "Plan Width": 40, "Group By Key": ["public.partsupp.ps_partkey"], "Filter": "(sum((public.partsupp.ps_supplycost * (public.partsupp.ps_availqty)::double precision)) > $1)", "Plans": [{"Node Type": "Nested Loop", "Parent Relationship": "Outer", "Join Type": "Inner", "Startup Cost": 0.0, "Total Cost": 42358.28, "Plan Rows": 53780, "Plan Width": 24, "Inner Unique": false, "Plans": [{"Node Type": "Nested Loop", "Parent Relationship": "Outer", "Join Type": "Inner", "Startup Cost": 0.0, "Total Cost": 4534.31, "Plan Rows": 4000, "Plan Width": 8, "Inner Unique": false, "Join Filter": "(public.supplier.s_nationkey = public.nation.n_nationkey)", "Plans": [{"Node Type": "Seq Scan", "Parent Relationship": "Outer", "Relation Name": "nation", "Alias": "nation", "Startup Cost": 0.0, "Total Cost": 1.31, "Plan Rows": 1, "Plan Width": 4, "Filter": "(n_name = 'MOZAMBIQUE'::bpchar)"}, {"Node Type": "Seq Scan", "Parent Relationship": "Inner", "Relation Name": "supplier", "Alias": "supplier", "Startup Cost": 0.0, "Total Cost": 3283.0, "Plan Rows": 100000, "Plan Width": 12}]}, {"Node Type": "Index Scan", "Parent Relationship": "Inner", "Scan Direction": "Forward", "Index Name": "idx_partsupp_suppkey", "Relation Name": "partsupp", "Alias": "partsupp", "Startup Cost": 0.0, "Total Cost": 9.33, "Plan Rows": 13, "Plan Width": 32, "Index Cond": "(ps_suppkey = public.supplier.s_suppkey)"}]}]}]}, "Unique SQL Id": 2932834211, "Planner Runtime": 1}, "explain_analyze_plan": {"Plan": {"Node Type": "Sort", "Startup Cost": 90959.03, "Total Cost": 91093.48, "Plan Rows": 53780, "Plan Width": 40, "Actual Startup Time": 2005.012, "Actual Total Time": 2005.012, "Actual Rows": 0, "Actual Loops": 1, "Sort Key": ["(sum((public.partsupp.ps_supplycost * (public.partsupp.ps_availqty)::double precision))) DESC"], "Sort Method": "quicksort", "Sort Space Used": 25, "Sort Space Type": "Memory", "Plans": [{"Node Type": "Aggregate", "Strategy": "Plain", "Parent Relationship": "exec_init_plan", "Subplan Name": "InitPlan 1 (returns $1)", "Startup Cost": 42761.63, "Total Cost": 42761.64, "Plan Rows": 1, "Plan Width": 24, "Actual Startup Time": 878.528, "Actual Total Time": 878.529, "Actual Rows": 1, "Actual Loops": 1, "Plans": [{"Node Type": "Nested Loop", "Parent Relationship": "Outer", "Join Type": "Inner", "Startup Cost": 0.0, "Total Cost": 42358.28, "Plan Rows": 53780, "Plan Width": 16, "Actual Startup Time": 0.105, "Actual Total Time": 742.855, "Actual Rows": 313920, "Actual Loops": 1, "Inner Unique": false, "Plans": [{"Node Type": "Nested Loop", "Parent Relationship": "Outer", "Join Type": "Inner", "Startup Cost": 0.0, "Total Cost": 4534.31, "Plan Rows": 4000, "Plan Width": 8, "Actual Startup Time": 0.077, "Actual Total Time": 54.371, "Actual Rows": 3924, "Actual Loops": 1, "Inner Unique": false, "Join Filter": "(public.supplier.s_nationkey = public.nation.n_nationkey)", "Rows Removed by Join Filter": 96076, "Plans": [{"Node Type": "Seq Scan", "Parent Relationship": "Outer", "Relation Name": "nation", "Alias": "nation", "Startup Cost": 0.0, "Total Cost": 1.31, "Plan Rows": 1, "Plan Width": 4, "Actual Startup Time": 0.025, "Actual Total Time": 0.034, "Actual Rows": 1, "Actual Loops": 1, "Filter": "(n_name = 'MOZAMBIQUE'::bpchar)", "Rows Removed by Filter": 24}, {"Node Type": "Seq Scan", "Parent Relationship": "Inner", "Relation Name": "supplier", "Alias": "supplier", "Startup Cost": 0.0, "Total Cost": 3283.0, "Plan Rows": 100000, "Plan Width": 12, "Actual Startup Time": 0.027, "Actual Total Time": 29.177, "Actual Rows": 100000, "Actual Loops": 1}]}, {"Node Type": "Index Scan", "Parent Relationship": "Inner", "Scan Direction": "Forward", "Index Name": "idx_partsupp_suppkey", "Relation Name": "partsupp", "Alias": "partsupp", "Startup Cost": 0.0, "Total Cost": 9.33, "Plan Rows": 13, "Plan Width": 24, "Actual Startup Time": 51.752, "Actual Total Time": 621.635, "Actual Rows": 313920, "Actual Loops": 3924, "Index Cond": "(ps_suppkey = public.supplier.s_suppkey)", "Rows Removed by Index Recheck": 0}]}]}, {"Node Type": "Aggregate", "Strategy": "Hashed", "Parent Relationship": "Outer", "Startup Cost": 43299.43, "Total Cost": 43971.68, "Plan Rows": 53780, "Plan Width": 40, "Actual Startup Time": 2004.531, "Actual Total Time": 2004.531, "Actual Rows": 0, "Actual Loops": 1, "Group By Key": ["public.partsupp.ps_partkey"], "Filter": "(sum((public.partsupp.ps_supplycost * (public.partsupp.ps_availqty)::double precision)) > $1)", "Rows Removed by Filter": 295792, "Plans": [{"Node Type": "Nested Loop", "Parent Relationship": "Outer", "Join Type": "Inner", "Startup Cost": 0.0, "Total Cost": 42358.28, "Plan Rows": 53780, "Plan Width": 24, "Actual Startup Time": 0.086, "Actual Total Time": 712.291, "Actual Rows": 313920, "Actual Loops": 1, "Inner Unique": false, "Plans": [{"Node Type": "Nested Loop", "Parent Relationship": "Outer", "Join Type": "Inner", "Startup Cost": 0.0, "Total Cost": 4534.31, "Plan Rows": 4000, "Plan Width": 8, "Actual Startup Time": 0.055, "Actual Total Time": 53.824, "Actual Rows": 3924, "Actual Loops": 1, "Inner Unique": false, "Join Filter": "(public.supplier.s_nationkey = public.nation.n_nationkey)", "Rows Removed by Join Filter": 96076, "Plans": [{"Node Type": "Seq Scan", "Parent Relationship": "Outer", "Relation Name": "nation", "Alias": "nation", "Startup Cost": 0.0, "Total Cost": 1.31, "Plan Rows": 1, "Plan Width": 4, "Actual Startup Time": 0.03, "Actual Total Time": 0.037, "Actual Rows": 1, "Actual Loops": 1, "Filter": "(n_name = 'MOZAMBIQUE'::bpchar)", "Rows Removed by Filter": 24}, {"Node Type": "Seq Scan", "Parent Relationship": "Inner", "Relation Name": "supplier", "Alias": "supplier", "Startup Cost": 0.0, "Total Cost": 3283.0, "Plan Rows": 100000, "Plan Width": 12, "Actual Startup Time": 0.01, "Actual Total Time": 28.652, "Actual Rows": 100000, "Actual Loops": 1}]}, {"Node Type": "Index Scan", "Parent Relationship": "Inner", "Scan Direction": "Forward", "Index Name": "idx_partsupp_suppkey", "Relation Name": "partsupp", "Alias": "partsupp", "Startup Cost": 0.0, "Total Cost": 9.33, "Plan Rows": 13, "Plan Width": 32, "Actual Startup Time": 49.587, "Actual Total Time": 586.566, "Actual Rows": 313920, "Actual Loops": 3924, "Index Cond": "(ps_suppkey = public.supplier.s_suppkey)", "Rows Removed by Index Recheck": 0}]}]}]}, "Triggers": [], "Planner Runtime": 0, "Total Runtime": 2005.315, "Unique SQL Id": 2932834211}}, "(16, 25)": {"explain_plan": {"Plan": {"Node Type": "Sort", "Startup Cost": 95084.87, "Total Cost": 95219.32, "Plan Rows": 53780, "Plan Width": 40, "Sort Key": ["(sum((public.partsupp.ps_supplycost * (public.partsupp.ps_availqty)::double precision))) DESC"], "Plans": [{"Node Type": "Aggregate", "Strategy": "Plain", "Parent Relationship": "exec_init_plan", "Subplan Name": "InitPlan 1 (returns $1)", "Startup Cost": 44824.55, "Total Cost": 44824.56, "Plan Rows": 1, "Plan Width": 24, "Plans": [{"Node Type": "Nested Loop", "Parent Relationship": "Outer", "Join Type": "Inner", "Startup Cost": 0.0, "Total Cost": 44421.2, "Plan Rows": 53780, "Plan Width": 16, "Inner Unique": false, "Plans": [{"Node Type": "Nested Loop", "Parent Relationship": "Outer", "Join Type": "Inner", "Startup Cost": 0.0, "Total Cost": 6597.23, "Plan Rows": 4000, "Plan Width": 8, "Inner Unique": false, "Join Filter": "(public.supplier.s_nationkey = public.nation.n_nationkey)", "Plans": [{"Node Type": "Index Scan", "Parent Relationship": "Outer", "Scan Direction": "Forward", "Index Name": "nation_pkey", "Relation Name": "nation", "Alias": "nation", "Startup Cost": 0.0, "Total Cost": 12.69, "Plan Rows": 1, "Plan Width": 4, "Filter": "(n_name = 'MOZAMBIQUE'::bpchar)"}, {"Node Type": "Index Scan", "Parent Relationship": "Inner", "Scan Direction": "Forward", "Index Name": "supplier_pkey", "Relation Name": "supplier", "Alias": "supplier", "Startup Cost": 0.0, "Total Cost": 5334.54, "Plan Rows": 100000, "Plan Width": 12}]}, {"Node Type": "Index Scan", "Parent Relationship": "Inner", "Scan Direction": "Forward", "Index Name": "idx_partsupp_suppkey", "Relation Name": "partsupp", "Alias": "partsupp", "Startup Cost": 0.0, "Total Cost": 9.33, "Plan Rows": 13, "Plan Width": 24, "Index Cond": "(ps_suppkey = public.supplier.s_suppkey)"}]}]}, {"Node Type": "Aggregate", "Strategy": "Hashed", "Parent Relationship": "Outer", "Startup Cost": 45362.35, "Total Cost": 46034.6, "Plan Rows": 53780, "Plan Width": 40, "Group By Key": ["public.partsupp.ps_partkey"], "Filter": "(sum((public.partsupp.ps_supplycost * (public.partsupp.ps_availqty)::double precision)) > $1)", "Plans": [{"Node Type": "Nested Loop", "Parent Relationship": "Outer", "Join Type": "Inner", "Startup Cost": 0.0, "Total Cost": 44421.2, "Plan Rows": 53780, "Plan Width": 24, "Inner Unique": false, "Plans": [{"Node Type": "Nested Loop", "Parent Relationship": "Outer", "Join Type": "Inner", "Startup Cost": 0.0, "Total Cost": 6597.23, "Plan Rows": 4000, "Plan Width": 8, "Inner Unique": false, "Join Filter": "(public.supplier.s_nationkey = public.nation.n_nationkey)", "Plans": [{"Node Type": "Index Scan", "Parent Relationship": "Outer", "Scan Direction": "Forward", "Index Name": "nation_pkey", "Relation Name": "nation", "Alias": "nation", "Startup Cost": 0.0, "Total Cost": 12.69, "Plan Rows": 1, "Plan Width": 4, "Filter": "(n_name = 'MOZAMBIQUE'::bpchar)"}, {"Node Type": "Index Scan", "Parent Relationship": "Inner", "Scan Direction": "Forward", "Index Name": "supplier_pkey", "Relation Name": "supplier", "Alias": "supplier", "Startup Cost": 0.0, "Total Cost": 5334.54, "Plan Rows": 100000, "Plan Width": 12}]}, {"Node Type": "Index Scan", "Parent Relationship": "Inner", "Scan Direction": "Forward", "Index Name": "idx_partsupp_suppkey", "Relation Name": "partsupp", "Alias": "partsupp", "Startup Cost": 0.0, "Total Cost": 9.33, "Plan Rows": 13, "Plan Width": 32, "Index Cond": "(ps_suppkey = public.supplier.s_suppkey)"}]}]}]}, "Unique SQL Id": 2932834211, "Planner Runtime": 2}, "explain_analyze_plan": {"Plan": {"Node Type": "Sort", "Startup Cost": 95084.87, "Total Cost": 95219.32, "Plan Rows": 53780, "Plan Width": 40, "Actual Startup Time": 2124.956, "Actual Total Time": 2124.956, "Actual Rows": 0, "Actual Loops": 1, "Sort Key": ["(sum((public.partsupp.ps_supplycost * (public.partsupp.ps_availqty)::double precision))) DESC"], "Sort Method": "quicksort", "Sort Space Used": 25, "Sort Space Type": "Memory", "Plans": [{"Node Type": "Aggregate", "Strategy": "Plain", "Parent Relationship": "exec_init_plan", "Subplan Name": "InitPlan 1 (returns $1)", "Startup Cost": 44824.55, "Total Cost": 44824.56, "Plan Rows": 1, "Plan Width": 24, "Actual Startup Time": 961.052, "Actual Total Time": 961.053, "Actual Rows": 1, "Actual Loops": 1, "Plans": [{"Node Type": "Nested Loop", "Parent Relationship": "Outer", "Join Type": "Inner", "Startup Cost": 0.0, "Total Cost": 44421.2, "Plan Rows": 53780, "Plan Width": 16, "Actual Startup Time": 0.102, "Actual Total Time": 824.947, "Actual Rows": 313920, "Actual Loops": 1, "Inner Unique": false, "Plans": [{"Node Type": "Nested Loop", "Parent Relationship": "Outer", "Join Type": "Inner", "Startup Cost": 0.0, "Total Cost": 6597.23, "Plan Rows": 4000, "Plan Width": 8, "Actual Startup Time": 0.077, "Actual Total Time": 92.096, "Actual Rows": 3924, "Actual Loops": 1, "Inner Unique": false, "Join Filter": "(public.supplier.s_nationkey = public.nation.n_nationkey)", "Rows Removed by Join Filter": 96076, "Plans": [{"Node Type": "Index Scan", "Parent Relationship": "Outer", "Scan Direction": "Forward", "Index Name": "nation_pkey", "Relation Name": "nation", "Alias": "nation", "Startup Cost": 0.0, "Total Cost": 12.69, "Plan Rows": 1, "Plan Width": 4, "Actual Startup Time": 0.024, "Actual Total Time": 0.035, "Actual Rows": 1, "Actual Loops": 1, "Filter": "(n_name = 'MOZAMBIQUE'::bpchar)", "Rows Removed by Filter": 24}, {"Node Type": "Index Scan", "Parent Relationship": "Inner", "Scan Direction": "Forward", "Index Name": "supplier_pkey", "Relation Name": "supplier", "Alias": "supplier", "Startup Cost": 0.0, "Total Cost": 5334.54, "Plan Rows": 100000, "Plan Width": 12, "Actual Startup Time": 0.03, "Actual Total Time": 68.394, "Actual Rows": 100000, "Actual Loops": 1}]}, {"Node Type": "Index Scan", "Parent Relationship": "Inner", "Scan Direction": "Forward", "Index Name": "idx_partsupp_suppkey", "Relation Name": "partsupp", "Alias": "partsupp", "Startup Cost": 0.0, "Total Cost": 9.33, "Plan Rows": 13, "Plan Width": 24, "Actual Startup Time": 53.975, "Actual Total Time": 666.233, "Actual Rows": 313920, "Actual Loops": 3924, "Index Cond": "(ps_suppkey = public.supplier.s_suppkey)", "Rows Removed by Index Recheck": 0}]}]}, {"Node Type": "Aggregate", "Strategy": "Hashed", "Parent Relationship": "Outer", "Startup Cost": 45362.35, "Total Cost": 46034.6, "Plan Rows": 53780, "Plan Width": 40, "Actual Startup Time": 2124.518, "Actual Total Time": 2124.518, "Actual Rows": 0, "Actual Loops": 1, "Group By Key": ["public.partsupp.ps_partkey"], "Filter": "(sum((public.partsupp.ps_supplycost * (public.partsupp.ps_availqty)::double precision)) > $1)", "Rows Removed by Filter": 295792, "Plans": [{"Node Type": "Nested Loop", "Parent Relationship": "Outer", "Join Type": "Inner", "Startup Cost": 0.0, "Total Cost": 44421.2, "Plan Rows": 53780, "Plan Width": 24, "Actual Startup Time": 0.107, "Actual Total Time": 747.534, "Actual Rows": 313920, "Actual Loops": 1, "Inner Unique": false, "Plans": [{"Node Type": "Nested Loop", "Parent Relationship": "Outer", "Join Type": "Inner", "Startup Cost": 0.0, "Total Cost": 6597.23, "Plan Rows": 4000, "Plan Width": 8, "Actual Startup Time": 0.081, "Actual Total Time": 84.543, "Actual Rows": 3924, "Actual Loops": 1, "Inner Unique": false, "Join Filter": "(public.supplier.s_nationkey = public.nation.n_nationkey)", "Rows Removed by Join Filter": 96076, "Plans": [{"Node Type": "Index Scan", "Parent Relationship": "Outer", "Scan Direction": "Forward", "Index Name": "nation_pkey", "Relation Name": "nation", "Alias": "nation", "Startup Cost": 0.0, "Total Cost": 12.69, "Plan Rows": 1, "Plan Width": 4, "Actual Startup Time": 0.038, "Actual Total Time": 0.05, "Actual Rows": 1, "Actual Loops": 1, "Filter": "(n_name = 'MOZAMBIQUE'::bpchar)", "Rows Removed by Filter": 24}, {"Node Type": "Index Scan", "Parent Relationship": "Inner", "Scan Direction": "Forward", "Index Name": "supplier_pkey", "Relation Name": "supplier", "Alias": "supplier", "Startup Cost": 0.0, "Total Cost": 5334.54, "Plan Rows": 100000, "Plan Width": 12, "Actual Startup Time": 0.02, "Actual Total Time": 60.735, "Actual Rows": 100000, "Actual Loops": 1}]}, {"Node Type": "Index Scan", "Parent Relationship": "Inner", "Scan Direction": "Forward", "Index Name": "idx_partsupp_suppkey", "Relation Name": "partsupp", "Alias": "partsupp", "Startup Cost": 0.0, "Total Cost": 9.33, "Plan Rows": 13, "Plan Width": 32, "Actual Startup Time": 49.092, "Actual Total Time": 591.154, "Actual Rows": 313920, "Actual Loops": 3924, "Index Cond": "(ps_suppkey = public.supplier.s_suppkey)", "Rows Removed by Index Recheck": 0}]}]}]}, "Triggers": [], "Planner Runtime": 0, "Total Runtime": 2125.245, "Unique SQL Id": 2932834211}}, "(16, 26)": {"explain_plan": {"Plan": {"Node Type": "Sort", "Startup Cost": 2471496.64, "Total Cost": 2471631.09, "Plan Rows": 53780, "Plan Width": 40, "Sort Key": ["(sum((public.partsupp.ps_supplycost * (public.partsupp.ps_availqty)::double precision))) DESC"], "Plans": [{"Node Type": "Aggregate", "Strategy": "Plain", "Parent Relationship": "exec_init_plan", "Subplan Name": "InitPlan 1 (returns $0)", "Startup Cost": 1233030.44, "Total Cost": 1233030.45, "Plan Rows": 1, "Plan Width": 24, "Plans": [{"Node Type": "Merge Join", "Parent Relationship": "Outer", "Join Type": "Inner", "Startup Cost": 1192069.85, "Total Cost": 1232627.09, "Plan Rows": 53780, "Plan Width": 16, "Inner Unique": false, "Merge Cond": "(public.supplier.s_suppkey = public.partsupp.ps_suppkey)", "Plans": [{"Node Type": "Sort", "Parent Relationship": "Outer", "Startup Cost": 4773.63, "Total Cost": 4783.63, "Plan Rows": 4000, "Plan Width": 8, "Sort Key": ["public.supplier.s_suppkey"], "Plans": [{"Node Type": "Nested Loop", "Parent Relationship": "Outer", "Join Type": "Inner", "Startup Cost": 0.0, "Total Cost": 4534.31, "Plan Rows": 4000, "Plan Width": 8, "Inner Unique": false, "Join Filter": "(public.supplier.s_nationkey = public.nation.n_nationkey)", "Plans": [{"Node Type": "Seq Scan", "Parent Relationship": "Outer", "Relation Name": "nation", "Alias": "nation", "Startup Cost": 0.0, "Total Cost": 1.31, "Plan Rows": 1, "Plan Width": 4, "Filter": "(n_name = 'MOZAMBIQUE'::bpchar)"}, {"Node Type": "Seq Scan", "Parent Relationship": "Inner", "Relation Name": "supplier", "Alias": "supplier", "Startup Cost": 0.0, "Total Cost": 3283.0, "Plan Rows": 100000, "Plan Width": 12}]}]}, {"Node Type": "Sort", "Parent Relationship": "Inner", "Startup Cost": 1187295.8, "Total Cost": 1207296.73, "Plan Rows": 8000372, "Plan Width": 24, "Sort Key": ["public.partsupp.ps_suppkey"], "Plans": [{"Node Type": "Seq Scan", "Parent Relationship": "Outer", "Relation Name": "partsupp", "Alias": "partsupp", "Startup Cost": 0.0, "Total Cost": 269987.72, "Plan Rows": 8000372, "Plan Width": 24}]}]}]}, {"Node Type": "Aggregate", "Strategy": "Hashed", "Parent Relationship": "Outer", "Startup Cost": 1233568.24, "Total Cost": 1234240.49, "Plan Rows": 53780, "Plan Width": 40, "Group By Key": ["public.partsupp.ps_partkey"], "Filter": "(sum((public.partsupp.ps_supplycost * (public.partsupp.ps_availqty)::double precision)) > $0)", "Plans": [{"Node Type": "Merge Join", "Parent Relationship": "Outer", "Join Type": "Inner", "Startup Cost": 1192069.85, "Total Cost": 1232627.09, "Plan Rows": 53780, "Plan Width": 24, "Inner Unique": false, "Merge Cond": "(public.supplier.s_suppkey = public.partsupp.ps_suppkey)", "Plans": [{"Node Type": "Sort", "Parent Relationship": "Outer", "Startup Cost": 4773.63, "Total Cost": 4783.63, "Plan Rows": 4000, "Plan Width": 8, "Sort Key": ["public.supplier.s_suppkey"], "Plans": [{"Node Type": "Nested Loop", "Parent Relationship": "Outer", "Join Type": "Inner", "Startup Cost": 0.0, "Total Cost": 4534.31, "Plan Rows": 4000, "Plan Width": 8, "Inner Unique": false, "Join Filter": "(public.supplier.s_nationkey = public.nation.n_nationkey)", "Plans": [{"Node Type": "Seq Scan", "Parent Relationship": "Outer", "Relation Name": "nation", "Alias": "nation", "Startup Cost": 0.0, "Total Cost": 1.31, "Plan Rows": 1, "Plan Width": 4, "Filter": "(n_name = 'MOZAMBIQUE'::bpchar)"}, {"Node Type": "Seq Scan", "Parent Relationship": "Inner", "Relation Name": "supplier", "Alias": "supplier", "Startup Cost": 0.0, "Total Cost": 3283.0, "Plan Rows": 100000, "Plan Width": 12}]}]}, {"Node Type": "Sort", "Parent Relationship": "Inner", "Startup Cost": 1187295.8, "Total Cost": 1207296.73, "Plan Rows": 8000372, "Plan Width": 32, "Sort Key": ["public.partsupp.ps_suppkey"], "Plans": [{"Node Type": "Seq Scan", "Parent Relationship": "Outer", "Relation Name": "partsupp", "Alias": "partsupp", "Startup Cost": 0.0, "Total Cost": 269987.72, "Plan Rows": 8000372, "Plan Width": 32}]}]}]}]}, "Unique SQL Id": 2932834211, "Planner Runtime": 1}, "explain_analyze_plan": null}, "(16, 27)": {"explain_plan": {"Plan": {"Node Type": "Sort", "Startup Cost": 6001104432332.89, "Total Cost": 6001104432467.34, "Plan Rows": 53780, "Plan Width": 40, "Sort Key": ["(sum((public.partsupp.ps_supplycost * (public.partsupp.ps_availqty)::double precision))) DESC"], "Plans": [{"Node Type": "Aggregate", "Strategy": "Plain", "Parent Relationship": "exec_init_plan", "Subplan Name": "InitPlan 1 (returns $0)", "Startup Cost": 3000580719437.25, "Total Cost": 3000580719437.27, "Plan Rows": 1, "Plan Width": 24, "Plans": [{"Node Type": "Nested Loop", "Parent Relationship": "Outer", "Join Type": "Inner", "Startup Cost": 30000000000.0, "Total Cost": 3000580719033.9, "Plan Rows": 53780, "Plan Width": 16, "Inner Unique": false, "Join Filter": "(public.supplier.s_suppkey = public.partsupp.ps_suppkey)", "Plans": [{"Node Type": "Index Scan", "Parent Relationship": "Outer", "Scan Direction": "Forward", "Index Name": "idx_partsupp_suppkey", "Relation Name": "partsupp", "Alias": "partsupp", "Startup Cost": 10000000000.0, "Total Cost": 1000100160480.77, "Plan Rows": 8000372, "Plan Width": 24}, {"Node Type": "Materialize", "Parent Relationship": "Inner", "Startup Cost": 20000000000.0, "Total Cost": 2000000536243.13, "Plan Rows": 4000, "Plan Width": 8, "Plans": [{"Node Type": "Nested Loop", "Parent Relationship": "Outer", "Join Type": "Inner", "Startup Cost": 20000000000.0, "Total Cost": 2000000536223.13, "Plan Rows": 4000, "Plan Width": 8, "Inner Unique": true, "Join Filter": "(public.supplier.s_nationkey = public.nation.n_nationkey)", "Plans": [{"Node Type": "Index Scan", "Parent Relationship": "Outer", "Scan Direction": "Forward", "Index Name": "supplier_pkey", "Relation Name": "supplier", "Alias": "supplier", "Startup Cost": 10000000000.0, "Total Cost": 1000000533454.38, "Plan Rows": 100000, "Plan Width": 12}, {"Node Type": "Materialize", "Parent Relationship": "Inner", "Startup Cost": 10000000000.0, "Total Cost": 1000000001268.76, "Plan Rows": 1, "Plan Width": 4, "Plans": [{"Node Type": "Index Scan", "Parent Relationship": "Outer", "Scan Direction": "Forward", "Index Name": "nation_pkey", "Relation Name": "nation", "Alias": "nation", "Startup Cost": 10000000000.0, "Total Cost": 1000000001268.75, "Plan Rows": 1, "Plan Width": 4, "Filter": "(n_name = 'MOZAMBIQUE'::bpchar)"}]}]}]}]}]}, {"Node Type": "Aggregate", "Strategy": "Hashed", "Parent Relationship": "Outer", "Startup Cost": 3000523707997.67, "Total Cost": 3000523708669.92, "Plan Rows": 53780, "Plan Width": 40, "Group By Key": ["public.partsupp.ps_partkey"], "Filter": "(sum((public.partsupp.ps_supplycost * (public.partsupp.ps_availqty)::double precision)) > $0)", "Plans": [{"Node Type": "Nested Loop", "Parent Relationship": "Outer", "Join Type": "Inner", "Startup Cost": 30000000000.0, "Total Cost": 3000523707056.51, "Plan Rows": 53780, "Plan Width": 24, "Inner Unique": false, "Join Filter": "(public.supplier.s_suppkey = public.partsupp.ps_suppkey)", "Plans": [{"Node Type": "Index Scan", "Parent Relationship": "Outer", "Scan Direction": "Forward", "Index Name": "idx_partsupp_partkey", "Relation Name": "partsupp", "Alias": "partsupp", "Startup Cost": 10000000000.0, "Total Cost": 1000043148503.38, "Plan Rows": 8000372, "Plan Width": 32}, {"Node Type": "Materialize", "Parent Relationship": "Inner", "Startup Cost": 20000000000.0, "Total Cost": 2000000536243.13, "Plan Rows": 4000, "Plan Width": 8, "Plans": [{"Node Type": "Nested Loop", "Parent Relationship": "Outer", "Join Type": "Inner", "Startup Cost": 20000000000.0, "Total Cost": 2000000536223.13, "Plan Rows": 4000, "Plan Width": 8, "Inner Unique": true, "Join Filter": "(public.supplier.s_nationkey = public.nation.n_nationkey)", "Plans": [{"Node Type": "Index Scan", "Parent Relationship": "Outer", "Scan Direction": "Forward", "Index Name": "supplier_pkey", "Relation Name": "supplier", "Alias": "supplier", "Startup Cost": 10000000000.0, "Total Cost": 1000000533454.38, "Plan Rows": 100000, "Plan Width": 12}, {"Node Type": "Materialize", "Parent Relationship": "Inner", "Startup Cost": 10000000000.0, "Total Cost": 1000000001268.76, "Plan Rows": 1, "Plan Width": 4, "Plans": [{"Node Type": "Index Scan", "Parent Relationship": "Outer", "Scan Direction": "Forward", "Index Name": "nation_pkey", "Relation Name": "nation", "Alias": "nation", "Startup Cost": 10000000000.0, "Total Cost": 1000000001268.75, "Plan Rows": 1, "Plan Width": 4, "Filter": "(n_name = 'MOZAMBIQUE'::bpchar)"}]}]}]}]}]}]}, "Unique SQL Id": 2932834211, "Planner Runtime": 2}, "explain_analyze_plan": null}, "(16, 28)": {"explain_plan": {"Plan": {"Node Type": "Sort", "Startup Cost": 90959.03, "Total Cost": 91093.48, "Plan Rows": 53780, "Plan Width": 40, "Sort Key": ["(sum((public.partsupp.ps_supplycost * (public.partsupp.ps_availqty)::double precision))) DESC"], "Plans": [{"Node Type": "Aggregate", "Strategy": "Plain", "Parent Relationship": "exec_init_plan", "Subplan Name": "InitPlan 1 (returns $1)", "Startup Cost": 42761.63, "Total Cost": 42761.64, "Plan Rows": 1, "Plan Width": 24, "Plans": [{"Node Type": "Nested Loop", "Parent Relationship": "Outer", "Join Type": "Inner", "Startup Cost": 0.0, "Total Cost": 42358.28, "Plan Rows": 53780, "Plan Width": 16, "Inner Unique": false, "Plans": [{"Node Type": "Nested Loop", "Parent Relationship": "Outer", "Join Type": "Inner", "Startup Cost": 0.0, "Total Cost": 4534.31, "Plan Rows": 4000, "Plan Width": 8, "Inner Unique": false, "Join Filter": "(public.supplier.s_nationkey = public.nation.n_nationkey)", "Plans": [{"Node Type": "Seq Scan", "Parent Relationship": "Outer", "Relation Name": "nation", "Alias": "nation", "Startup Cost": 0.0, "Total Cost": 1.31, "Plan Rows": 1, "Plan Width": 4, "Filter": "(n_name = 'MOZAMBIQUE'::bpchar)"}, {"Node Type": "Seq Scan", "Parent Relationship": "Inner", "Relation Name": "supplier", "Alias": "supplier", "Startup Cost": 0.0, "Total Cost": 3283.0, "Plan Rows": 100000, "Plan Width": 12}]}, {"Node Type": "Index Scan", "Parent Relationship": "Inner", "Scan Direction": "Forward", "Index Name": "idx_partsupp_suppkey", "Relation Name": "partsupp", "Alias": "partsupp", "Startup Cost": 0.0, "Total Cost": 9.33, "Plan Rows": 13, "Plan Width": 24, "Index Cond": "(ps_suppkey = public.supplier.s_suppkey)"}]}]}, {"Node Type": "Aggregate", "Strategy": "Hashed", "Parent Relationship": "Outer", "Startup Cost": 43299.43, "Total Cost": 43971.68, "Plan Rows": 53780, "Plan Width": 40, "Group By Key": ["public.partsupp.ps_partkey"], "Filter": "(sum((public.partsupp.ps_supplycost * (public.partsupp.ps_availqty)::double precision)) > $1)", "Plans": [{"Node Type": "Nested Loop", "Parent Relationship": "Outer", "Join Type": "Inner", "Startup Cost": 0.0, "Total Cost": 42358.28, "Plan Rows": 53780, "Plan Width": 24, "Inner Unique": false, "Plans": [{"Node Type": "Nested Loop", "Parent Relationship": "Outer", "Join Type": "Inner", "Startup Cost": 0.0, "Total Cost": 4534.31, "Plan Rows": 4000, "Plan Width": 8, "Inner Unique": false, "Join Filter": "(public.supplier.s_nationkey = public.nation.n_nationkey)", "Plans": [{"Node Type": "Seq Scan", "Parent Relationship": "Outer", "Relation Name": "nation", "Alias": "nation", "Startup Cost": 0.0, "Total Cost": 1.31, "Plan Rows": 1, "Plan Width": 4, "Filter": "(n_name = 'MOZAMBIQUE'::bpchar)"}, {"Node Type": "Seq Scan", "Parent Relationship": "Inner", "Relation Name": "supplier", "Alias": "supplier", "Startup Cost": 0.0, "Total Cost": 3283.0, "Plan Rows": 100000, "Plan Width": 12}]}, {"Node Type": "Index Scan", "Parent Relationship": "Inner", "Scan Direction": "Forward", "Index Name": "idx_partsupp_suppkey", "Relation Name": "partsupp", "Alias": "partsupp", "Startup Cost": 0.0, "Total Cost": 9.33, "Plan Rows": 13, "Plan Width": 32, "Index Cond": "(ps_suppkey = public.supplier.s_suppkey)"}]}]}]}, "Unique SQL Id": 2932834211, "Planner Runtime": 1}, "explain_analyze_plan": {"Plan": {"Node Type": "Sort", "Startup Cost": 90959.03, "Total Cost": 91093.48, "Plan Rows": 53780, "Plan Width": 40, "Actual Startup Time": 2005.012, "Actual Total Time": 2005.012, "Actual Rows": 0, "Actual Loops": 1, "Sort Key": ["(sum((public.partsupp.ps_supplycost * (public.partsupp.ps_availqty)::double precision))) DESC"], "Sort Method": "quicksort", "Sort Space Used": 25, "Sort Space Type": "Memory", "Plans": [{"Node Type": "Aggregate", "Strategy": "Plain", "Parent Relationship": "exec_init_plan", "Subplan Name": "InitPlan 1 (returns $1)", "Startup Cost": 42761.63, "Total Cost": 42761.64, "Plan Rows": 1, "Plan Width": 24, "Actual Startup Time": 878.528, "Actual Total Time": 878.529, "Actual Rows": 1, "Actual Loops": 1, "Plans": [{"Node Type": "Nested Loop", "Parent Relationship": "Outer", "Join Type": "Inner", "Startup Cost": 0.0, "Total Cost": 42358.28, "Plan Rows": 53780, "Plan Width": 16, "Actual Startup Time": 0.105, "Actual Total Time": 742.855, "Actual Rows": 313920, "Actual Loops": 1, "Inner Unique": false, "Plans": [{"Node Type": "Nested Loop", "Parent Relationship": "Outer", "Join Type": "Inner", "Startup Cost": 0.0, "Total Cost": 4534.31, "Plan Rows": 4000, "Plan Width": 8, "Actual Startup Time": 0.077, "Actual Total Time": 54.371, "Actual Rows": 3924, "Actual Loops": 1, "Inner Unique": false, "Join Filter": "(public.supplier.s_nationkey = public.nation.n_nationkey)", "Rows Removed by Join Filter": 96076, "Plans": [{"Node Type": "Seq Scan", "Parent Relationship": "Outer", "Relation Name": "nation", "Alias": "nation", "Startup Cost": 0.0, "Total Cost": 1.31, "Plan Rows": 1, "Plan Width": 4, "Actual Startup Time": 0.025, "Actual Total Time": 0.034, "Actual Rows": 1, "Actual Loops": 1, "Filter": "(n_name = 'MOZAMBIQUE'::bpchar)", "Rows Removed by Filter": 24}, {"Node Type": "Seq Scan", "Parent Relationship": "Inner", "Relation Name": "supplier", "Alias": "supplier", "Startup Cost": 0.0, "Total Cost": 3283.0, "Plan Rows": 100000, "Plan Width": 12, "Actual Startup Time": 0.027, "Actual Total Time": 29.177, "Actual Rows": 100000, "Actual Loops": 1}]}, {"Node Type": "Index Scan", "Parent Relationship": "Inner", "Scan Direction": "Forward", "Index Name": "idx_partsupp_suppkey", "Relation Name": "partsupp", "Alias": "partsupp", "Startup Cost": 0.0, "Total Cost": 9.33, "Plan Rows": 13, "Plan Width": 24, "Actual Startup Time": 51.752, "Actual Total Time": 621.635, "Actual Rows": 313920, "Actual Loops": 3924, "Index Cond": "(ps_suppkey = public.supplier.s_suppkey)", "Rows Removed by Index Recheck": 0}]}]}, {"Node Type": "Aggregate", "Strategy": "Hashed", "Parent Relationship": "Outer", "Startup Cost": 43299.43, "Total Cost": 43971.68, "Plan Rows": 53780, "Plan Width": 40, "Actual Startup Time": 2004.531, "Actual Total Time": 2004.531, "Actual Rows": 0, "Actual Loops": 1, "Group By Key": ["public.partsupp.ps_partkey"], "Filter": "(sum((public.partsupp.ps_supplycost * (public.partsupp.ps_availqty)::double precision)) > $1)", "Rows Removed by Filter": 295792, "Plans": [{"Node Type": "Nested Loop", "Parent Relationship": "Outer", "Join Type": "Inner", "Startup Cost": 0.0, "Total Cost": 42358.28, "Plan Rows": 53780, "Plan Width": 24, "Actual Startup Time": 0.086, "Actual Total Time": 712.291, "Actual Rows": 313920, "Actual Loops": 1, "Inner Unique": false, "Plans": [{"Node Type": "Nested Loop", "Parent Relationship": "Outer", "Join Type": "Inner", "Startup Cost": 0.0, "Total Cost": 4534.31, "Plan Rows": 4000, "Plan Width": 8, "Actual Startup Time": 0.055, "Actual Total Time": 53.824, "Actual Rows": 3924, "Actual Loops": 1, "Inner Unique": false, "Join Filter": "(public.supplier.s_nationkey = public.nation.n_nationkey)", "Rows Removed by Join Filter": 96076, "Plans": [{"Node Type": "Seq Scan", "Parent Relationship": "Outer", "Relation Name": "nation", "Alias": "nation", "Startup Cost": 0.0, "Total Cost": 1.31, "Plan Rows": 1, "Plan Width": 4, "Actual Startup Time": 0.03, "Actual Total Time": 0.037, "Actual Rows": 1, "Actual Loops": 1, "Filter": "(n_name = 'MOZAMBIQUE'::bpchar)", "Rows Removed by Filter": 24}, {"Node Type": "Seq Scan", "Parent Relationship": "Inner", "Relation Name": "supplier", "Alias": "supplier", "Startup Cost": 0.0, "Total Cost": 3283.0, "Plan Rows": 100000, "Plan Width": 12, "Actual Startup Time": 0.01, "Actual Total Time": 28.652, "Actual Rows": 100000, "Actual Loops": 1}]}, {"Node Type": "Index Scan", "Parent Relationship": "Inner", "Scan Direction": "Forward", "Index Name": "idx_partsupp_suppkey", "Relation Name": "partsupp", "Alias": "partsupp", "Startup Cost": 0.0, "Total Cost": 9.33, "Plan Rows": 13, "Plan Width": 32, "Actual Startup Time": 49.587, "Actual Total Time": 586.566, "Actual Rows": 313920, "Actual Loops": 3924, "Index Cond": "(ps_suppkey = public.supplier.s_suppkey)", "Rows Removed by Index Recheck": 0}]}]}]}, "Triggers": [], "Planner Runtime": 0, "Total Runtime": 2005.315, "Unique SQL Id": 2932834211}}, "(16, 29)": {"explain_plan": {"Plan": {"Node Type": "Sort", "Startup Cost": 95084.87, "Total Cost": 95219.32, "Plan Rows": 53780, "Plan Width": 40, "Sort Key": ["(sum((public.partsupp.ps_supplycost * (public.partsupp.ps_availqty)::double precision))) DESC"], "Plans": [{"Node Type": "Aggregate", "Strategy": "Plain", "Parent Relationship": "exec_init_plan", "Subplan Name": "InitPlan 1 (returns $1)", "Startup Cost": 44824.55, "Total Cost": 44824.56, "Plan Rows": 1, "Plan Width": 24, "Plans": [{"Node Type": "Nested Loop", "Parent Relationship": "Outer", "Join Type": "Inner", "Startup Cost": 0.0, "Total Cost": 44421.2, "Plan Rows": 53780, "Plan Width": 16, "Inner Unique": false, "Plans": [{"Node Type": "Nested Loop", "Parent Relationship": "Outer", "Join Type": "Inner", "Startup Cost": 0.0, "Total Cost": 6597.23, "Plan Rows": 4000, "Plan Width": 8, "Inner Unique": false, "Join Filter": "(public.supplier.s_nationkey = public.nation.n_nationkey)", "Plans": [{"Node Type": "Index Scan", "Parent Relationship": "Outer", "Scan Direction": "Forward", "Index Name": "nation_pkey", "Relation Name": "nation", "Alias": "nation", "Startup Cost": 0.0, "Total Cost": 12.69, "Plan Rows": 1, "Plan Width": 4, "Filter": "(n_name = 'MOZAMBIQUE'::bpchar)"}, {"Node Type": "Index Scan", "Parent Relationship": "Inner", "Scan Direction": "Forward", "Index Name": "supplier_pkey", "Relation Name": "supplier", "Alias": "supplier", "Startup Cost": 0.0, "Total Cost": 5334.54, "Plan Rows": 100000, "Plan Width": 12}]}, {"Node Type": "Index Scan", "Parent Relationship": "Inner", "Scan Direction": "Forward", "Index Name": "idx_partsupp_suppkey", "Relation Name": "partsupp", "Alias": "partsupp", "Startup Cost": 0.0, "Total Cost": 9.33, "Plan Rows": 13, "Plan Width": 24, "Index Cond": "(ps_suppkey = public.supplier.s_suppkey)"}]}]}, {"Node Type": "Aggregate", "Strategy": "Hashed", "Parent Relationship": "Outer", "Startup Cost": 45362.35, "Total Cost": 46034.6, "Plan Rows": 53780, "Plan Width": 40, "Group By Key": ["public.partsupp.ps_partkey"], "Filter": "(sum((public.partsupp.ps_supplycost * (public.partsupp.ps_availqty)::double precision)) > $1)", "Plans": [{"Node Type": "Nested Loop", "Parent Relationship": "Outer", "Join Type": "Inner", "Startup Cost": 0.0, "Total Cost": 44421.2, "Plan Rows": 53780, "Plan Width": 24, "Inner Unique": false, "Plans": [{"Node Type": "Nested Loop", "Parent Relationship": "Outer", "Join Type": "Inner", "Startup Cost": 0.0, "Total Cost": 6597.23, "Plan Rows": 4000, "Plan Width": 8, "Inner Unique": false, "Join Filter": "(public.supplier.s_nationkey = public.nation.n_nationkey)", "Plans": [{"Node Type": "Index Scan", "Parent Relationship": "Outer", "Scan Direction": "Forward", "Index Name": "nation_pkey", "Relation Name": "nation", "Alias": "nation", "Startup Cost": 0.0, "Total Cost": 12.69, "Plan Rows": 1, "Plan Width": 4, "Filter": "(n_name = 'MOZAMBIQUE'::bpchar)"}, {"Node Type": "Index Scan", "Parent Relationship": "Inner", "Scan Direction": "Forward", "Index Name": "supplier_pkey", "Relation Name": "supplier", "Alias": "supplier", "Startup Cost": 0.0, "Total Cost": 5334.54, "Plan Rows": 100000, "Plan Width": 12}]}, {"Node Type": "Index Scan", "Parent Relationship": "Inner", "Scan Direction": "Forward", "Index Name": "idx_partsupp_suppkey", "Relation Name": "partsupp", "Alias": "partsupp", "Startup Cost": 0.0, "Total Cost": 9.33, "Plan Rows": 13, "Plan Width": 32, "Index Cond": "(ps_suppkey = public.supplier.s_suppkey)"}]}]}]}, "Unique SQL Id": 2932834211, "Planner Runtime": 1}, "explain_analyze_plan": {"Plan": {"Node Type": "Sort", "Startup Cost": 95084.87, "Total Cost": 95219.32, "Plan Rows": 53780, "Plan Width": 40, "Actual Startup Time": 2124.956, "Actual Total Time": 2124.956, "Actual Rows": 0, "Actual Loops": 1, "Sort Key": ["(sum((public.partsupp.ps_supplycost * (public.partsupp.ps_availqty)::double precision))) DESC"], "Sort Method": "quicksort", "Sort Space Used": 25, "Sort Space Type": "Memory", "Plans": [{"Node Type": "Aggregate", "Strategy": "Plain", "Parent Relationship": "exec_init_plan", "Subplan Name": "InitPlan 1 (returns $1)", "Startup Cost": 44824.55, "Total Cost": 44824.56, "Plan Rows": 1, "Plan Width": 24, "Actual Startup Time": 961.052, "Actual Total Time": 961.053, "Actual Rows": 1, "Actual Loops": 1, "Plans": [{"Node Type": "Nested Loop", "Parent Relationship": "Outer", "Join Type": "Inner", "Startup Cost": 0.0, "Total Cost": 44421.2, "Plan Rows": 53780, "Plan Width": 16, "Actual Startup Time": 0.102, "Actual Total Time": 824.947, "Actual Rows": 313920, "Actual Loops": 1, "Inner Unique": false, "Plans": [{"Node Type": "Nested Loop", "Parent Relationship": "Outer", "Join Type": "Inner", "Startup Cost": 0.0, "Total Cost": 6597.23, "Plan Rows": 4000, "Plan Width": 8, "Actual Startup Time": 0.077, "Actual Total Time": 92.096, "Actual Rows": 3924, "Actual Loops": 1, "Inner Unique": false, "Join Filter": "(public.supplier.s_nationkey = public.nation.n_nationkey)", "Rows Removed by Join Filter": 96076, "Plans": [{"Node Type": "Index Scan", "Parent Relationship": "Outer", "Scan Direction": "Forward", "Index Name": "nation_pkey", "Relation Name": "nation", "Alias": "nation", "Startup Cost": 0.0, "Total Cost": 12.69, "Plan Rows": 1, "Plan Width": 4, "Actual Startup Time": 0.024, "Actual Total Time": 0.035, "Actual Rows": 1, "Actual Loops": 1, "Filter": "(n_name = 'MOZAMBIQUE'::bpchar)", "Rows Removed by Filter": 24}, {"Node Type": "Index Scan", "Parent Relationship": "Inner", "Scan Direction": "Forward", "Index Name": "supplier_pkey", "Relation Name": "supplier", "Alias": "supplier", "Startup Cost": 0.0, "Total Cost": 5334.54, "Plan Rows": 100000, "Plan Width": 12, "Actual Startup Time": 0.03, "Actual Total Time": 68.394, "Actual Rows": 100000, "Actual Loops": 1}]}, {"Node Type": "Index Scan", "Parent Relationship": "Inner", "Scan Direction": "Forward", "Index Name": "idx_partsupp_suppkey", "Relation Name": "partsupp", "Alias": "partsupp", "Startup Cost": 0.0, "Total Cost": 9.33, "Plan Rows": 13, "Plan Width": 24, "Actual Startup Time": 53.975, "Actual Total Time": 666.233, "Actual Rows": 313920, "Actual Loops": 3924, "Index Cond": "(ps_suppkey = public.supplier.s_suppkey)", "Rows Removed by Index Recheck": 0}]}]}, {"Node Type": "Aggregate", "Strategy": "Hashed", "Parent Relationship": "Outer", "Startup Cost": 45362.35, "Total Cost": 46034.6, "Plan Rows": 53780, "Plan Width": 40, "Actual Startup Time": 2124.518, "Actual Total Time": 2124.518, "Actual Rows": 0, "Actual Loops": 1, "Group By Key": ["public.partsupp.ps_partkey"], "Filter": "(sum((public.partsupp.ps_supplycost * (public.partsupp.ps_availqty)::double precision)) > $1)", "Rows Removed by Filter": 295792, "Plans": [{"Node Type": "Nested Loop", "Parent Relationship": "Outer", "Join Type": "Inner", "Startup Cost": 0.0, "Total Cost": 44421.2, "Plan Rows": 53780, "Plan Width": 24, "Actual Startup Time": 0.107, "Actual Total Time": 747.534, "Actual Rows": 313920, "Actual Loops": 1, "Inner Unique": false, "Plans": [{"Node Type": "Nested Loop", "Parent Relationship": "Outer", "Join Type": "Inner", "Startup Cost": 0.0, "Total Cost": 6597.23, "Plan Rows": 4000, "Plan Width": 8, "Actual Startup Time": 0.081, "Actual Total Time": 84.543, "Actual Rows": 3924, "Actual Loops": 1, "Inner Unique": false, "Join Filter": "(public.supplier.s_nationkey = public.nation.n_nationkey)", "Rows Removed by Join Filter": 96076, "Plans": [{"Node Type": "Index Scan", "Parent Relationship": "Outer", "Scan Direction": "Forward", "Index Name": "nation_pkey", "Relation Name": "nation", "Alias": "nation", "Startup Cost": 0.0, "Total Cost": 12.69, "Plan Rows": 1, "Plan Width": 4, "Actual Startup Time": 0.038, "Actual Total Time": 0.05, "Actual Rows": 1, "Actual Loops": 1, "Filter": "(n_name = 'MOZAMBIQUE'::bpchar)", "Rows Removed by Filter": 24}, {"Node Type": "Index Scan", "Parent Relationship": "Inner", "Scan Direction": "Forward", "Index Name": "supplier_pkey", "Relation Name": "supplier", "Alias": "supplier", "Startup Cost": 0.0, "Total Cost": 5334.54, "Plan Rows": 100000, "Plan Width": 12, "Actual Startup Time": 0.02, "Actual Total Time": 60.735, "Actual Rows": 100000, "Actual Loops": 1}]}, {"Node Type": "Index Scan", "Parent Relationship": "Inner", "Scan Direction": "Forward", "Index Name": "idx_partsupp_suppkey", "Relation Name": "partsupp", "Alias": "partsupp", "Startup Cost": 0.0, "Total Cost": 9.33, "Plan Rows": 13, "Plan Width": 32, "Actual Startup Time": 49.092, "Actual Total Time": 591.154, "Actual Rows": 313920, "Actual Loops": 3924, "Index Cond": "(ps_suppkey = public.supplier.s_suppkey)", "Rows Removed by Index Recheck": 0}]}]}]}, "Triggers": [], "Planner Runtime": 0, "Total Runtime": 2125.245, "Unique SQL Id": 2932834211}}, "(16, 30)": {"explain_plan": {"Plan": {"Node Type": "Sort", "Startup Cost": 2471496.64, "Total Cost": 2471631.09, "Plan Rows": 53780, "Plan Width": 40, "Sort Key": ["(sum((public.partsupp.ps_supplycost * (public.partsupp.ps_availqty)::double precision))) DESC"], "Plans": [{"Node Type": "Aggregate", "Strategy": "Plain", "Parent Relationship": "exec_init_plan", "Subplan Name": "InitPlan 1 (returns $0)", "Startup Cost": 1233030.44, "Total Cost": 1233030.45, "Plan Rows": 1, "Plan Width": 24, "Plans": [{"Node Type": "Merge Join", "Parent Relationship": "Outer", "Join Type": "Inner", "Startup Cost": 1192069.85, "Total Cost": 1232627.09, "Plan Rows": 53780, "Plan Width": 16, "Inner Unique": false, "Merge Cond": "(public.supplier.s_suppkey = public.partsupp.ps_suppkey)", "Plans": [{"Node Type": "Sort", "Parent Relationship": "Outer", "Startup Cost": 4773.63, "Total Cost": 4783.63, "Plan Rows": 4000, "Plan Width": 8, "Sort Key": ["public.supplier.s_suppkey"], "Plans": [{"Node Type": "Nested Loop", "Parent Relationship": "Outer", "Join Type": "Inner", "Startup Cost": 0.0, "Total Cost": 4534.31, "Plan Rows": 4000, "Plan Width": 8, "Inner Unique": false, "Join Filter": "(public.supplier.s_nationkey = public.nation.n_nationkey)", "Plans": [{"Node Type": "Seq Scan", "Parent Relationship": "Outer", "Relation Name": "nation", "Alias": "nation", "Startup Cost": 0.0, "Total Cost": 1.31, "Plan Rows": 1, "Plan Width": 4, "Filter": "(n_name = 'MOZAMBIQUE'::bpchar)"}, {"Node Type": "Seq Scan", "Parent Relationship": "Inner", "Relation Name": "supplier", "Alias": "supplier", "Startup Cost": 0.0, "Total Cost": 3283.0, "Plan Rows": 100000, "Plan Width": 12}]}]}, {"Node Type": "Sort", "Parent Relationship": "Inner", "Startup Cost": 1187295.8, "Total Cost": 1207296.73, "Plan Rows": 8000372, "Plan Width": 24, "Sort Key": ["public.partsupp.ps_suppkey"], "Plans": [{"Node Type": "Seq Scan", "Parent Relationship": "Outer", "Relation Name": "partsupp", "Alias": "partsupp", "Startup Cost": 0.0, "Total Cost": 269987.72, "Plan Rows": 8000372, "Plan Width": 24}]}]}]}, {"Node Type": "Aggregate", "Strategy": "Hashed", "Parent Relationship": "Outer", "Startup Cost": 1233568.24, "Total Cost": 1234240.49, "Plan Rows": 53780, "Plan Width": 40, "Group By Key": ["public.partsupp.ps_partkey"], "Filter": "(sum((public.partsupp.ps_supplycost * (public.partsupp.ps_availqty)::double precision)) > $0)", "Plans": [{"Node Type": "Merge Join", "Parent Relationship": "Outer", "Join Type": "Inner", "Startup Cost": 1192069.85, "Total Cost": 1232627.09, "Plan Rows": 53780, "Plan Width": 24, "Inner Unique": false, "Merge Cond": "(public.supplier.s_suppkey = public.partsupp.ps_suppkey)", "Plans": [{"Node Type": "Sort", "Parent Relationship": "Outer", "Startup Cost": 4773.63, "Total Cost": 4783.63, "Plan Rows": 4000, "Plan Width": 8, "Sort Key": ["public.supplier.s_suppkey"], "Plans": [{"Node Type": "Nested Loop", "Parent Relationship": "Outer", "Join Type": "Inner", "Startup Cost": 0.0, "Total Cost": 4534.31, "Plan Rows": 4000, "Plan Width": 8, "Inner Unique": false, "Join Filter": "(public.supplier.s_nationkey = public.nation.n_nationkey)", "Plans": [{"Node Type": "Seq Scan", "Parent Relationship": "Outer", "Relation Name": "nation", "Alias": "nation", "Startup Cost": 0.0, "Total Cost": 1.31, "Plan Rows": 1, "Plan Width": 4, "Filter": "(n_name = 'MOZAMBIQUE'::bpchar)"}, {"Node Type": "Seq Scan", "Parent Relationship": "Inner", "Relation Name": "supplier", "Alias": "supplier", "Startup Cost": 0.0, "Total Cost": 3283.0, "Plan Rows": 100000, "Plan Width": 12}]}]}, {"Node Type": "Sort", "Parent Relationship": "Inner", "Startup Cost": 1187295.8, "Total Cost": 1207296.73, "Plan Rows": 8000372, "Plan Width": 32, "Sort Key": ["public.partsupp.ps_suppkey"], "Plans": [{"Node Type": "Seq Scan", "Parent Relationship": "Outer", "Relation Name": "partsupp", "Alias": "partsupp", "Startup Cost": 0.0, "Total Cost": 269987.72, "Plan Rows": 8000372, "Plan Width": 32}]}]}]}]}, "Unique SQL Id": 2932834211, "Planner Runtime": 1}, "explain_analyze_plan": null}, "(16, 31)": {"explain_plan": {"Plan": {"Node Type": "Sort", "Startup Cost": 6001104432332.89, "Total Cost": 6001104432467.34, "Plan Rows": 53780, "Plan Width": 40, "Sort Key": ["(sum((public.partsupp.ps_supplycost * (public.partsupp.ps_availqty)::double precision))) DESC"], "Plans": [{"Node Type": "Aggregate", "Strategy": "Plain", "Parent Relationship": "exec_init_plan", "Subplan Name": "InitPlan 1 (returns $0)", "Startup Cost": 3000580719437.25, "Total Cost": 3000580719437.27, "Plan Rows": 1, "Plan Width": 24, "Plans": [{"Node Type": "Nested Loop", "Parent Relationship": "Outer", "Join Type": "Inner", "Startup Cost": 30000000000.0, "Total Cost": 3000580719033.9, "Plan Rows": 53780, "Plan Width": 16, "Inner Unique": false, "Join Filter": "(public.supplier.s_suppkey = public.partsupp.ps_suppkey)", "Plans": [{"Node Type": "Index Scan", "Parent Relationship": "Outer", "Scan Direction": "Forward", "Index Name": "idx_partsupp_suppkey", "Relation Name": "partsupp", "Alias": "partsupp", "Startup Cost": 10000000000.0, "Total Cost": 1000100160480.77, "Plan Rows": 8000372, "Plan Width": 24}, {"Node Type": "Materialize", "Parent Relationship": "Inner", "Startup Cost": 20000000000.0, "Total Cost": 2000000536243.13, "Plan Rows": 4000, "Plan Width": 8, "Plans": [{"Node Type": "Nested Loop", "Parent Relationship": "Outer", "Join Type": "Inner", "Startup Cost": 20000000000.0, "Total Cost": 2000000536223.13, "Plan Rows": 4000, "Plan Width": 8, "Inner Unique": true, "Join Filter": "(public.supplier.s_nationkey = public.nation.n_nationkey)", "Plans": [{"Node Type": "Index Scan", "Parent Relationship": "Outer", "Scan Direction": "Forward", "Index Name": "supplier_pkey", "Relation Name": "supplier", "Alias": "supplier", "Startup Cost": 10000000000.0, "Total Cost": 1000000533454.38, "Plan Rows": 100000, "Plan Width": 12}, {"Node Type": "Materialize", "Parent Relationship": "Inner", "Startup Cost": 10000000000.0, "Total Cost": 1000000001268.76, "Plan Rows": 1, "Plan Width": 4, "Plans": [{"Node Type": "Index Scan", "Parent Relationship": "Outer", "Scan Direction": "Forward", "Index Name": "nation_pkey", "Relation Name": "nation", "Alias": "nation", "Startup Cost": 10000000000.0, "Total Cost": 1000000001268.75, "Plan Rows": 1, "Plan Width": 4, "Filter": "(n_name = 'MOZAMBIQUE'::bpchar)"}]}]}]}]}]}, {"Node Type": "Aggregate", "Strategy": "Hashed", "Parent Relationship": "Outer", "Startup Cost": 3000523707997.67, "Total Cost": 3000523708669.92, "Plan Rows": 53780, "Plan Width": 40, "Group By Key": ["public.partsupp.ps_partkey"], "Filter": "(sum((public.partsupp.ps_supplycost * (public.partsupp.ps_availqty)::double precision)) > $0)", "Plans": [{"Node Type": "Nested Loop", "Parent Relationship": "Outer", "Join Type": "Inner", "Startup Cost": 30000000000.0, "Total Cost": 3000523707056.51, "Plan Rows": 53780, "Plan Width": 24, "Inner Unique": false, "Join Filter": "(public.supplier.s_suppkey = public.partsupp.ps_suppkey)", "Plans": [{"Node Type": "Index Scan", "Parent Relationship": "Outer", "Scan Direction": "Forward", "Index Name": "idx_partsupp_partkey", "Relation Name": "partsupp", "Alias": "partsupp", "Startup Cost": 10000000000.0, "Total Cost": 1000043148503.38, "Plan Rows": 8000372, "Plan Width": 32}, {"Node Type": "Materialize", "Parent Relationship": "Inner", "Startup Cost": 20000000000.0, "Total Cost": 2000000536243.13, "Plan Rows": 4000, "Plan Width": 8, "Plans": [{"Node Type": "Nested Loop", "Parent Relationship": "Outer", "Join Type": "Inner", "Startup Cost": 20000000000.0, "Total Cost": 2000000536223.13, "Plan Rows": 4000, "Plan Width": 8, "Inner Unique": true, "Join Filter": "(public.supplier.s_nationkey = public.nation.n_nationkey)", "Plans": [{"Node Type": "Index Scan", "Parent Relationship": "Outer", "Scan Direction": "Forward", "Index Name": "supplier_pkey", "Relation Name": "supplier", "Alias": "supplier", "Startup Cost": 10000000000.0, "Total Cost": 1000000533454.38, "Plan Rows": 100000, "Plan Width": 12}, {"Node Type": "Materialize", "Parent Relationship": "Inner", "Startup Cost": 10000000000.0, "Total Cost": 1000000001268.76, "Plan Rows": 1, "Plan Width": 4, "Plans": [{"Node Type": "Index Scan", "Parent Relationship": "Outer", "Scan Direction": "Forward", "Index Name": "nation_pkey", "Relation Name": "nation", "Alias": "nation", "Startup Cost": 10000000000.0, "Total Cost": 1000000001268.75, "Plan Rows": 1, "Plan Width": 4, "Filter": "(n_name = 'MOZAMBIQUE'::bpchar)"}]}]}]}]}]}]}, "Unique SQL Id": 2932834211, "Planner Runtime": 1}, "explain_analyze_plan": null}, "(16, 32)": {"explain_plan": {"Plan": {"Node Type": "Sort", "Startup Cost": 86957.11, "Total Cost": 87091.56, "Plan Rows": 53780, "Plan Width": 40, "Sort Key": ["(sum((public.partsupp.ps_supplycost * (public.partsupp.ps_availqty)::double precision))) DESC"], "Plans": [{"Node Type": "Aggregate", "Strategy": "Plain", "Parent Relationship": "exec_init_plan", "Subplan Name": "InitPlan 1 (returns $2)", "Startup Cost": 40760.67, "Total Cost": 40760.68, "Plan Rows": 1, "Plan Width": 24, "Plans": [{"Node Type": "Nested Loop", "Parent Relationship": "Outer", "Join Type": "Inner", "Startup Cost": 95.25, "Total Cost": 40357.32, "Plan Rows": 53780, "Plan Width": 16, "Inner Unique": false, "Plans": [{"Node Type": "Nested Loop", "Parent Relationship": "Outer", "Join Type": "Inner", "Startup Cost": 95.25, "Total Cost": 2533.35, "Plan Rows": 4000, "Plan Width": 8, "Inner Unique": false, "Plans": [{"Node Type": "Seq Scan", "Parent Relationship": "Outer", "Relation Name": "nation", "Alias": "nation", "Startup Cost": 0.0, "Total Cost": 1.31, "Plan Rows": 1, "Plan Width": 4, "Filter": "(n_name = 'MOZAMBIQUE'::bpchar)"}, {"Node Type": "Bitmap Heap Scan", "Parent Relationship": "Inner", "Relation Name": "supplier", "Alias": "supplier", "Startup Cost": 95.25, "Total Cost": 2492.04, "Plan Rows": 4000, "Plan Width": 12, "Recheck Cond": "(s_nationkey = public.nation.n_nationkey)", "Plans": [{"Node Type": "Bitmap Index Scan", "Parent Relationship": "Outer", "Index Name": "idx_supplier_nation_key", "Startup Cost": 0.0, "Total Cost": 94.25, "Plan Rows": 4000, "Plan Width": 0, "Index Cond": "(s_nationkey = public.nation.n_nationkey)"}]}]}, {"Node Type": "Index Scan", "Parent Relationship": "Inner", "Scan Direction": "Forward", "Index Name": "idx_partsupp_suppkey", "Relation Name": "partsupp", "Alias": "partsupp", "Startup Cost": 0.0, "Total Cost": 9.33, "Plan Rows": 13, "Plan Width": 24, "Index Cond": "(ps_suppkey = public.supplier.s_suppkey)"}]}]}, {"Node Type": "Aggregate", "Strategy": "Hashed", "Parent Relationship": "Outer", "Startup Cost": 41298.47, "Total Cost": 41970.72, "Plan Rows": 53780, "Plan Width": 40, "Group By Key": ["public.partsupp.ps_partkey"], "Filter": "(sum((public.partsupp.ps_supplycost * (public.partsupp.ps_availqty)::double precision)) > $2)", "Plans": [{"Node Type": "Nested Loop", "Parent Relationship": "Outer", "Join Type": "Inner", "Startup Cost": 95.25, "Total Cost": 40357.32, "Plan Rows": 53780, "Plan Width": 24, "Inner Unique": false, "Plans": [{"Node Type": "Nested Loop", "Parent Relationship": "Outer", "Join Type": "Inner", "Startup Cost": 95.25, "Total Cost": 2533.35, "Plan Rows": 4000, "Plan Width": 8, "Inner Unique": false, "Plans": [{"Node Type": "Seq Scan", "Parent Relationship": "Outer", "Relation Name": "nation", "Alias": "nation", "Startup Cost": 0.0, "Total Cost": 1.31, "Plan Rows": 1, "Plan Width": 4, "Filter": "(n_name = 'MOZAMBIQUE'::bpchar)"}, {"Node Type": "Bitmap Heap Scan", "Parent Relationship": "Inner", "Relation Name": "supplier", "Alias": "supplier", "Startup Cost": 95.25, "Total Cost": 2492.04, "Plan Rows": 4000, "Plan Width": 12, "Recheck Cond": "(s_nationkey = public.nation.n_nationkey)", "Plans": [{"Node Type": "Bitmap Index Scan", "Parent Relationship": "Outer", "Index Name": "idx_supplier_nation_key", "Startup Cost": 0.0, "Total Cost": 94.25, "Plan Rows": 4000, "Plan Width": 0, "Index Cond": "(s_nationkey = public.nation.n_nationkey)"}]}]}, {"Node Type": "Index Scan", "Parent Relationship": "Inner", "Scan Direction": "Forward", "Index Name": "idx_partsupp_suppkey", "Relation Name": "partsupp", "Alias": "partsupp", "Startup Cost": 0.0, "Total Cost": 9.33, "Plan Rows": 13, "Plan Width": 32, "Index Cond": "(ps_suppkey = public.supplier.s_suppkey)"}]}]}]}, "Unique SQL Id": 2932834211, "Planner Runtime": 0}, "explain_analyze_plan": {"Plan": {"Node Type": "Sort", "Startup Cost": 86957.11, "Total Cost": 87091.56, "Plan Rows": 53780, "Plan Width": 40, "Actual Startup Time": 1867.688, "Actual Total Time": 1867.688, "Actual Rows": 0, "Actual Loops": 1, "Sort Key": ["(sum((public.partsupp.ps_supplycost * (public.partsupp.ps_availqty)::double precision))) DESC"], "Sort Method": "quicksort", "Sort Space Used": 25, "Sort Space Type": "Memory", "Plans": [{"Node Type": "Aggregate", "Strategy": "Plain", "Parent Relationship": "exec_init_plan", "Subplan Name": "InitPlan 1 (returns $2)", "Startup Cost": 40760.67, "Total Cost": 40760.68, "Plan Rows": 1, "Plan Width": 24, "Actual Startup Time": 794.18, "Actual Total Time": 794.181, "Actual Rows": 1, "Actual Loops": 1, "Plans": [{"Node Type": "Nested Loop", "Parent Relationship": "Outer", "Join Type": "Inner", "Startup Cost": 95.25, "Total Cost": 40357.32, "Plan Rows": 53780, "Plan Width": 16, "Actual Startup Time": 1.125, "Actual Total Time": 657.634, "Actual Rows": 313920, "Actual Loops": 1, "Inner Unique": false, "Plans": [{"Node Type": "Nested Loop", "Parent Relationship": "Outer", "Join Type": "Inner", "Startup Cost": 95.25, "Total Cost": 2533.35, "Plan Rows": 4000, "Plan Width": 8, "Actual Startup Time": 1.098, "Actual Total Time": 8.186, "Actual Rows": 3924, "Actual Loops": 1, "Inner Unique": false, "Plans": [{"Node Type": "Seq Scan", "Parent Relationship": "Outer", "Relation Name": "nation", "Alias": "nation", "Startup Cost": 0.0, "Total Cost": 1.31, "Plan Rows": 1, "Plan Width": 4, "Actual Startup Time": 0.024, "Actual Total Time": 0.047, "Actual Rows": 1, "Actual Loops": 1, "Filter": "(n_name = 'MOZAMBIQUE'::bpchar)", "Rows Removed by Filter": 24}, {"Node Type": "Bitmap Heap Scan", "Parent Relationship": "Inner", "Relation Name": "supplier", "Alias": "supplier", "Startup Cost": 95.25, "Total Cost": 2492.04, "Plan Rows": 4000, "Plan Width": 12, "Actual Startup Time": 1.058, "Actual Total Time": 7.206, "Actual Rows": 3924, "Actual Loops": 1, "Recheck Cond": "(s_nationkey = public.nation.n_nationkey)", "Rows Removed by Index Recheck": 0, "Exact Heap Blocks": 1895, "Lossy Heap Blocks": 1895, "Plans": [{"Node Type": "Bitmap Index Scan", "Parent Relationship": "Outer", "Index Name": "idx_supplier_nation_key", "Startup Cost": 0.0, "Total Cost": 94.25, "Plan Rows": 4000, "Plan Width": 0, "Actual Startup Time": 0.777, "Actual Total Time": 0.777, "Actual Rows": 3924, "Actual Loops": 1, "Index Cond": "(s_nationkey = public.nation.n_nationkey)"}]}]}, {"Node Type": "Index Scan", "Parent Relationship": "Inner", "Scan Direction": "Forward", "Index Name": "idx_partsupp_suppkey", "Relation Name": "partsupp", "Alias": "partsupp", "Startup Cost": 0.0, "Total Cost": 9.33, "Plan Rows": 13, "Plan Width": 24, "Actual Startup Time": 48.522, "Actual Total Time": 582.276, "Actual Rows": 313920, "Actual Loops": 3924, "Index Cond": "(ps_suppkey = public.supplier.s_suppkey)", "Rows Removed by Index Recheck": 0}]}]}, {"Node Type": "Aggregate", "Strategy": "Hashed", "Parent Relationship": "Outer", "Startup Cost": 41298.47, "Total Cost": 41970.72, "Plan Rows": 53780, "Plan Width": 40, "Actual Startup Time": 1867.28, "Actual Total Time": 1867.28, "Actual Rows": 0, "Actual Loops": 1, "Group By Key": ["public.partsupp.ps_partkey"], "Filter": "(sum((public.partsupp.ps_supplycost * (public.partsupp.ps_availqty)::double precision)) > $2)", "Rows Removed by Filter": 295792, "Plans": [{"Node Type": "Nested Loop", "Parent Relationship": "Outer", "Join Type": "Inner", "Startup Cost": 95.25, "Total Cost": 40357.32, "Plan Rows": 53780, "Plan Width": 24, "Actual Startup Time": 1.055, "Actual Total Time": 684.172, "Actual Rows": 313920, "Actual Loops": 1, "Inner Unique": false, "Plans": [{"Node Type": "Nested Loop", "Parent Relationship": "Outer", "Join Type": "Inner", "Startup Cost": 95.25, "Total Cost": 2533.35, "Plan Rows": 4000, "Plan Width": 8, "Actual Startup Time": 1.024, "Actual Total Time": 8.574, "Actual Rows": 3924, "Actual Loops": 1, "Inner Unique": false, "Plans": [{"Node Type": "Seq Scan", "Parent Relationship": "Outer", "Relation Name": "nation", "Alias": "nation", "Startup Cost": 0.0, "Total Cost": 1.31, "Plan Rows": 1, "Plan Width": 4, "Actual Startup Time": 0.032, "Actual Total Time": 0.044, "Actual Rows": 1, "Actual Loops": 1, "Filter": "(n_name = 'MOZAMBIQUE'::bpchar)", "Rows Removed by Filter": 24}, {"Node Type": "Bitmap Heap Scan", "Parent Relationship": "Inner", "Relation Name": "supplier", "Alias": "supplier", "Startup Cost": 95.25, "Total Cost": 2492.04, "Plan Rows": 4000, "Plan Width": 12, "Actual Startup Time": 0.985, "Actual Total Time": 7.583, "Actual Rows": 3924, "Actual Loops": 1, "Recheck Cond": "(s_nationkey = public.nation.n_nationkey)", "Rows Removed by Index Recheck": 0, "Exact Heap Blocks": 1895, "Lossy Heap Blocks": 1895, "Plans": [{"Node Type": "Bitmap Index Scan", "Parent Relationship": "Outer", "Index Name": "idx_supplier_nation_key", "Startup Cost": 0.0, "Total Cost": 94.25, "Plan Rows": 4000, "Plan Width": 0, "Actual Startup Time": 0.705, "Actual Total Time": 0.705, "Actual Rows": 3924, "Actual Loops": 1, "Index Cond": "(s_nationkey = public.nation.n_nationkey)"}]}]}, {"Node Type": "Index Scan", "Parent Relationship": "Inner", "Scan Direction": "Forward", "Index Name": "idx_partsupp_suppkey", "Relation Name": "partsupp", "Alias": "partsupp", "Startup Cost": 0.0, "Total Cost": 9.33, "Plan Rows": 13, "Plan Width": 32, "Actual Startup Time": 49.919, "Actual Total Time": 602.753, "Actual Rows": 313920, "Actual Loops": 3924, "Index Cond": "(ps_suppkey = public.supplier.s_suppkey)", "Rows Removed by Index Recheck": 0}]}]}]}, "Triggers": [], "Planner Runtime": 0, "Total Runtime": 1868.014, "Unique SQL Id": 2932834211}}, "(16, 33)": {"explain_plan": {"Plan": {"Node Type": "Sort", "Startup Cost": 86979.86, "Total Cost": 87114.31, "Plan Rows": 53780, "Plan Width": 40, "Sort Key": ["(sum((public.partsupp.ps_supplycost * (public.partsupp.ps_availqty)::double precision))) DESC"], "Plans": [{"Node Type": "Aggregate", "Strategy": "Plain", "Parent Relationship": "exec_init_plan", "Subplan Name": "InitPlan 1 (returns $2)", "Startup Cost": 40772.04, "Total Cost": 40772.06, "Plan Rows": 1, "Plan Width": 24, "Plans": [{"Node Type": "Nested Loop", "Parent Relationship": "Outer", "Join Type": "Inner", "Startup Cost": 95.25, "Total Cost": 40368.69, "Plan Rows": 53780, "Plan Width": 16, "Inner Unique": false, "Plans": [{"Node Type": "Nested Loop", "Parent Relationship": "Outer", "Join Type": "Inner", "Startup Cost": 95.25, "Total Cost": 2544.73, "Plan Rows": 4000, "Plan Width": 8, "Inner Unique": false, "Plans": [{"Node Type": "Index Scan", "Parent Relationship": "Outer", "Scan Direction": "Forward", "Index Name": "nation_pkey", "Relation Name": "nation", "Alias": "nation", "Startup Cost": 0.0, "Total Cost": 12.69, "Plan Rows": 1, "Plan Width": 4, "Filter": "(n_name = 'MOZAMBIQUE'::bpchar)"}, {"Node Type": "Bitmap Heap Scan", "Parent Relationship": "Inner", "Relation Name": "supplier", "Alias": "supplier", "Startup Cost": 95.25, "Total Cost": 2492.04, "Plan Rows": 4000, "Plan Width": 12, "Recheck Cond": "(s_nationkey = public.nation.n_nationkey)", "Plans": [{"Node Type": "Bitmap Index Scan", "Parent Relationship": "Outer", "Index Name": "idx_supplier_nation_key", "Startup Cost": 0.0, "Total Cost": 94.25, "Plan Rows": 4000, "Plan Width": 0, "Index Cond": "(s_nationkey = public.nation.n_nationkey)"}]}]}, {"Node Type": "Index Scan", "Parent Relationship": "Inner", "Scan Direction": "Forward", "Index Name": "idx_partsupp_suppkey", "Relation Name": "partsupp", "Alias": "partsupp", "Startup Cost": 0.0, "Total Cost": 9.33, "Plan Rows": 13, "Plan Width": 24, "Index Cond": "(ps_suppkey = public.supplier.s_suppkey)"}]}]}, {"Node Type": "Aggregate", "Strategy": "Hashed", "Parent Relationship": "Outer", "Startup Cost": 41309.84, "Total Cost": 41982.09, "Plan Rows": 53780, "Plan Width": 40, "Group By Key": ["public.partsupp.ps_partkey"], "Filter": "(sum((public.partsupp.ps_supplycost * (public.partsupp.ps_availqty)::double precision)) > $2)", "Plans": [{"Node Type": "Nested Loop", "Parent Relationship": "Outer", "Join Type": "Inner", "Startup Cost": 95.25, "Total Cost": 40368.69, "Plan Rows": 53780, "Plan Width": 24, "Inner Unique": false, "Plans": [{"Node Type": "Nested Loop", "Parent Relationship": "Outer", "Join Type": "Inner", "Startup Cost": 95.25, "Total Cost": 2544.73, "Plan Rows": 4000, "Plan Width": 8, "Inner Unique": false, "Plans": [{"Node Type": "Index Scan", "Parent Relationship": "Outer", "Scan Direction": "Forward", "Index Name": "nation_pkey", "Relation Name": "nation", "Alias": "nation", "Startup Cost": 0.0, "Total Cost": 12.69, "Plan Rows": 1, "Plan Width": 4, "Filter": "(n_name = 'MOZAMBIQUE'::bpchar)"}, {"Node Type": "Bitmap Heap Scan", "Parent Relationship": "Inner", "Relation Name": "supplier", "Alias": "supplier", "Startup Cost": 95.25, "Total Cost": 2492.04, "Plan Rows": 4000, "Plan Width": 12, "Recheck Cond": "(s_nationkey = public.nation.n_nationkey)", "Plans": [{"Node Type": "Bitmap Index Scan", "Parent Relationship": "Outer", "Index Name": "idx_supplier_nation_key", "Startup Cost": 0.0, "Total Cost": 94.25, "Plan Rows": 4000, "Plan Width": 0, "Index Cond": "(s_nationkey = public.nation.n_nationkey)"}]}]}, {"Node Type": "Index Scan", "Parent Relationship": "Inner", "Scan Direction": "Forward", "Index Name": "idx_partsupp_suppkey", "Relation Name": "partsupp", "Alias": "partsupp", "Startup Cost": 0.0, "Total Cost": 9.33, "Plan Rows": 13, "Plan Width": 32, "Index Cond": "(ps_suppkey = public.supplier.s_suppkey)"}]}]}]}, "Unique SQL Id": 2932834211, "Planner Runtime": 0}, "explain_analyze_plan": {"Plan": {"Node Type": "Sort", "Startup Cost": 86979.86, "Total Cost": 87114.31, "Plan Rows": 53780, "Plan Width": 40, "Actual Startup Time": 2004.071, "Actual Total Time": 2004.071, "Actual Rows": 0, "Actual Loops": 1, "Sort Key": ["(sum((public.partsupp.ps_supplycost * (public.partsupp.ps_availqty)::double precision))) DESC"], "Sort Method": "quicksort", "Sort Space Used": 25, "Sort Space Type": "Memory", "Plans": [{"Node Type": "Aggregate", "Strategy": "Plain", "Parent Relationship": "exec_init_plan", "Subplan Name": "InitPlan 1 (returns $2)", "Startup Cost": 40772.04, "Total Cost": 40772.06, "Plan Rows": 1, "Plan Width": 24, "Actual Startup Time": 813.993, "Actual Total Time": 813.994, "Actual Rows": 1, "Actual Loops": 1, "Plans": [{"Node Type": "Nested Loop", "Parent Relationship": "Outer", "Join Type": "Inner", "Startup Cost": 95.25, "Total Cost": 40368.69, "Plan Rows": 53780, "Plan Width": 16, "Actual Startup Time": 1.031, "Actual Total Time": 679.613, "Actual Rows": 313920, "Actual Loops": 1, "Inner Unique": false, "Plans": [{"Node Type": "Nested Loop", "Parent Relationship": "Outer", "Join Type": "Inner", "Startup Cost": 95.25, "Total Cost": 2544.73, "Plan Rows": 4000, "Plan Width": 8, "Actual Startup Time": 1.007, "Actual Total Time": 8.373, "Actual Rows": 3924, "Actual Loops": 1, "Inner Unique": false, "Plans": [{"Node Type": "Index Scan", "Parent Relationship": "Outer", "Scan Direction": "Forward", "Index Name": "nation_pkey", "Relation Name": "nation", "Alias": "nation", "Startup Cost": 0.0, "Total Cost": 12.69, "Plan Rows": 1, "Plan Width": 4, "Actual Startup Time": 0.027, "Actual Total Time": 0.082, "Actual Rows": 1, "Actual Loops": 1, "Filter": "(n_name = 'MOZAMBIQUE'::bpchar)", "Rows Removed by Filter": 24}, {"Node Type": "Bitmap Heap Scan", "Parent Relationship": "Inner", "Relation Name": "supplier", "Alias": "supplier", "Startup Cost": 95.25, "Total Cost": 2492.04, "Plan Rows": 4000, "Plan Width": 12, "Actual Startup Time": 0.966, "Actual Total Time": 7.31, "Actual Rows": 3924, "Actual Loops": 1, "Recheck Cond": "(s_nationkey = public.nation.n_nationkey)", "Rows Removed by Index Recheck": 0, "Exact Heap Blocks": 1895, "Lossy Heap Blocks": 1895, "Plans": [{"Node Type": "Bitmap Index Scan", "Parent Relationship": "Outer", "Index Name": "idx_supplier_nation_key", "Startup Cost": 0.0, "Total Cost": 94.25, "Plan Rows": 4000, "Plan Width": 0, "Actual Startup Time": 0.678, "Actual Total Time": 0.678, "Actual Rows": 3924, "Actual Loops": 1, "Index Cond": "(s_nationkey = public.nation.n_nationkey)"}]}]}, {"Node Type": "Index Scan", "Parent Relationship": "Inner", "Scan Direction": "Forward", "Index Name": "idx_partsupp_suppkey", "Relation Name": "partsupp", "Alias": "partsupp", "Startup Cost": 0.0, "Total Cost": 9.33, "Plan Rows": 13, "Plan Width": 24, "Actual Startup Time": 46.974, "Actual Total Time": 604.92, "Actual Rows": 313920, "Actual Loops": 3924, "Index Cond": "(ps_suppkey = public.supplier.s_suppkey)", "Rows Removed by Index Recheck": 0}]}]}, {"Node Type": "Aggregate", "Strategy": "Hashed", "Parent Relationship": "Outer", "Startup Cost": 41309.84, "Total Cost": 41982.09, "Plan Rows": 53780, "Plan Width": 40, "Actual Startup Time": 2003.564, "Actual Total Time": 2003.564, "Actual Rows": 0, "Actual Loops": 1, "Group By Key": ["public.partsupp.ps_partkey"], "Filter": "(sum((public.partsupp.ps_supplycost * (public.partsupp.ps_availqty)::double precision)) > $2)", "Rows Removed by Filter": 295792, "Plans": [{"Node Type": "Nested Loop", "Parent Relationship": "Outer", "Join Type": "Inner", "Startup Cost": 95.25, "Total Cost": 40368.69, "Plan Rows": 53780, "Plan Width": 24, "Actual Startup Time": 1.126, "Actual Total Time": 773.104, "Actual Rows": 313920, "Actual Loops": 1, "Inner Unique": false, "Plans": [{"Node Type": "Nested Loop", "Parent Relationship": "Outer", "Join Type": "Inner", "Startup Cost": 95.25, "Total Cost": 2544.73, "Plan Rows": 4000, "Plan Width": 8, "Actual Startup Time": 1.098, "Actual Total Time": 9.874, "Actual Rows": 3924, "Actual Loops": 1, "Inner Unique": false, "Plans": [{"Node Type": "Index Scan", "Parent Relationship": "Outer", "Scan Direction": "Forward", "Index Name": "nation_pkey", "Relation Name": "nation", "Alias": "nation", "Startup Cost": 0.0, "Total Cost": 12.69, "Plan Rows": 1, "Plan Width": 4, "Actual Startup Time": 0.032, "Actual Total Time": 0.045, "Actual Rows": 1, "Actual Loops": 1, "Filter": "(n_name = 'MOZAMBIQUE'::bpchar)", "Rows Removed by Filter": 24}, {"Node Type": "Bitmap Heap Scan", "Parent Relationship": "Inner", "Relation Name": "supplier", "Alias": "supplier", "Startup Cost": 95.25, "Total Cost": 2492.04, "Plan Rows": 4000, "Plan Width": 12, "Actual Startup Time": 1.058, "Actual Total Time": 8.873, "Actual Rows": 3924, "Actual Loops": 1, "Recheck Cond": "(s_nationkey = public.nation.n_nationkey)", "Rows Removed by Index Recheck": 0, "Exact Heap Blocks": 1895, "Lossy Heap Blocks": 1895, "Plans": [{"Node Type": "Bitmap Index Scan", "Parent Relationship": "Outer", "Index Name": "idx_supplier_nation_key", "Startup Cost": 0.0, "Total Cost": 94.25, "Plan Rows": 4000, "Plan Width": 0, "Actual Startup Time": 0.766, "Actual Total Time": 0.766, "Actual Rows": 3924, "Actual Loops": 1, "Index Cond": "(s_nationkey = public.nation.n_nationkey)"}]}]}, {"Node Type": "Index Scan", "Parent Relationship": "Inner", "Scan Direction": "Forward", "Index Name": "idx_partsupp_suppkey", "Relation Name": "partsupp", "Alias": "partsupp", "Startup Cost": 0.0, "Total Cost": 9.33, "Plan Rows": 13, "Plan Width": 32, "Actual Startup Time": 55.084, "Actual Total Time": 692.047, "Actual Rows": 313920, "Actual Loops": 3924, "Index Cond": "(ps_suppkey = public.supplier.s_suppkey)", "Rows Removed by Index Recheck": 0}]}]}]}, "Triggers": [], "Planner Runtime": 0, "Total Runtime": 2004.504, "Unique SQL Id": 2932834211}}, "(16, 34)": {"explain_plan": {"Plan": {"Node Type": "Sort", "Startup Cost": 90032.55, "Total Cost": 90167.0, "Plan Rows": 53780, "Plan Width": 40, "Sort Key": ["(sum((public.partsupp.ps_supplycost * (public.partsupp.ps_availqty)::double precision))) DESC"], "Plans": [{"Node Type": "Aggregate", "Strategy": "Plain", "Parent Relationship": "exec_init_plan", "Subplan Name": "InitPlan 1 (returns $2)", "Startup Cost": 42298.39, "Total Cost": 42298.4, "Plan Rows": 1, "Plan Width": 24, "Plans": [{"Node Type": "Nested Loop", "Parent Relationship": "Outer", "Join Type": "Inner", "Startup Cost": 96.82, "Total Cost": 41895.04, "Plan Rows": 53780, "Plan Width": 16, "Inner Unique": false, "Plans": [{"Node Type": "Nested Loop", "Parent Relationship": "Outer", "Join Type": "Inner", "Startup Cost": 95.25, "Total Cost": 2533.35, "Plan Rows": 4000, "Plan Width": 8, "Inner Unique": false, "Plans": [{"Node Type": "Seq Scan", "Parent Relationship": "Outer", "Relation Name": "nation", "Alias": "nation", "Startup Cost": 0.0, "Total Cost": 1.31, "Plan Rows": 1, "Plan Width": 4, "Filter": "(n_name = 'MOZAMBIQUE'::bpchar)"}, {"Node Type": "Bitmap Heap Scan", "Parent Relationship": "Inner", "Relation Name": "supplier", "Alias": "supplier", "Startup Cost": 95.25, "Total Cost": 2492.04, "Plan Rows": 4000, "Plan Width": 12, "Recheck Cond": "(s_nationkey = public.nation.n_nationkey)", "Plans": [{"Node Type": "Bitmap Index Scan", "Parent Relationship": "Outer", "Index Name": "idx_supplier_nation_key", "Startup Cost": 0.0, "Total Cost": 94.25, "Plan Rows": 4000, "Plan Width": 0, "Index Cond": "(s_nationkey = public.nation.n_nationkey)"}]}]}, {"Node Type": "Bitmap Heap Scan", "Parent Relationship": "Inner", "Relation Name": "partsupp", "Alias": "partsupp", "Startup Cost": 1.57, "Total Cost": 9.71, "Plan Rows": 13, "Plan Width": 24, "Recheck Cond": "(ps_suppkey = public.supplier.s_suppkey)", "Plans": [{"Node Type": "Bitmap Index Scan", "Parent Relationship": "Outer", "Index Name": "idx_partsupp_suppkey", "Startup Cost": 0.0, "Total Cost": 1.56, "Plan Rows": 13, "Plan Width": 0, "Index Cond": "(ps_suppkey = public.supplier.s_suppkey)"}]}]}]}, {"Node Type": "Aggregate", "Strategy": "Hashed", "Parent Relationship": "Outer", "Startup Cost": 42836.19, "Total Cost": 43508.44, "Plan Rows": 53780, "Plan Width": 40, "Group By Key": ["public.partsupp.ps_partkey"], "Filter": "(sum((public.partsupp.ps_supplycost * (public.partsupp.ps_availqty)::double precision)) > $2)", "Plans": [{"Node Type": "Nested Loop", "Parent Relationship": "Outer", "Join Type": "Inner", "Startup Cost": 96.82, "Total Cost": 41895.04, "Plan Rows": 53780, "Plan Width": 24, "Inner Unique": false, "Plans": [{"Node Type": "Nested Loop", "Parent Relationship": "Outer", "Join Type": "Inner", "Startup Cost": 95.25, "Total Cost": 2533.35, "Plan Rows": 4000, "Plan Width": 8, "Inner Unique": false, "Plans": [{"Node Type": "Seq Scan", "Parent Relationship": "Outer", "Relation Name": "nation", "Alias": "nation", "Startup Cost": 0.0, "Total Cost": 1.31, "Plan Rows": 1, "Plan Width": 4, "Filter": "(n_name = 'MOZAMBIQUE'::bpchar)"}, {"Node Type": "Bitmap Heap Scan", "Parent Relationship": "Inner", "Relation Name": "supplier", "Alias": "supplier", "Startup Cost": 95.25, "Total Cost": 2492.04, "Plan Rows": 4000, "Plan Width": 12, "Recheck Cond": "(s_nationkey = public.nation.n_nationkey)", "Plans": [{"Node Type": "Bitmap Index Scan", "Parent Relationship": "Outer", "Index Name": "idx_supplier_nation_key", "Startup Cost": 0.0, "Total Cost": 94.25, "Plan Rows": 4000, "Plan Width": 0, "Index Cond": "(s_nationkey = public.nation.n_nationkey)"}]}]}, {"Node Type": "Bitmap Heap Scan", "Parent Relationship": "Inner", "Relation Name": "partsupp", "Alias": "partsupp", "Startup Cost": 1.57, "Total Cost": 9.71, "Plan Rows": 13, "Plan Width": 32, "Recheck Cond": "(ps_suppkey = public.supplier.s_suppkey)", "Plans": [{"Node Type": "Bitmap Index Scan", "Parent Relationship": "Outer", "Index Name": "idx_partsupp_suppkey", "Startup Cost": 0.0, "Total Cost": 1.56, "Plan Rows": 13, "Plan Width": 0, "Index Cond": "(ps_suppkey = public.supplier.s_suppkey)"}]}]}]}]}, "Unique SQL Id": 2932834211, "Planner Runtime": 0}, "explain_analyze_plan": {"Plan": {"Node Type": "Sort", "Startup Cost": 90032.55, "Total Cost": 90167.0, "Plan Rows": 53780, "Plan Width": 40, "Actual Startup Time": 2259.599, "Actual Total Time": 2259.599, "Actual Rows": 0, "Actual Loops": 1, "Sort Key": ["(sum((public.partsupp.ps_supplycost * (public.partsupp.ps_availqty)::double precision))) DESC"], "Sort Method": "quicksort", "Sort Space Used": 25, "Sort Space Type": "Memory", "Plans": [{"Node Type": "Aggregate", "Strategy": "Plain", "Parent Relationship": "exec_init_plan", "Subplan Name": "InitPlan 1 (returns $2)", "Startup Cost": 42298.39, "Total Cost": 42298.4, "Plan Rows": 1, "Plan Width": 24, "Actual Startup Time": 1008.942, "Actual Total Time": 1008.942, "Actual Rows": 1, "Actual Loops": 1, "Plans": [{"Node Type": "Nested Loop", "Parent Relationship": "Outer", "Join Type": "Inner", "Startup Cost": 96.82, "Total Cost": 41895.04, "Plan Rows": 53780, "Plan Width": 16, "Actual Startup Time": 1.124, "Actual Total Time": 881.219, "Actual Rows": 313920, "Actual Loops": 1, "Inner Unique": false, "Plans": [{"Node Type": "Nested Loop", "Parent Relationship": "Outer", "Join Type": "Inner", "Startup Cost": 95.25, "Total Cost": 2533.35, "Plan Rows": 4000, "Plan Width": 8, "Actual Startup Time": 1.07, "Actual Total Time": 9.391, "Actual Rows": 3924, "Actual Loops": 1, "Inner Unique": false, "Plans": [{"Node Type": "Seq Scan", "Parent Relationship": "Outer", "Relation Name": "nation", "Alias": "nation", "Startup Cost": 0.0, "Total Cost": 1.31, "Plan Rows": 1, "Plan Width": 4, "Actual Startup Time": 0.042, "Actual Total Time": 0.058, "Actual Rows": 1, "Actual Loops": 1, "Filter": "(n_name = 'MOZAMBIQUE'::bpchar)", "Rows Removed by Filter": 24}, {"Node Type": "Bitmap Heap Scan", "Parent Relationship": "Inner", "Relation Name": "supplier", "Alias": "supplier", "Startup Cost": 95.25, "Total Cost": 2492.04, "Plan Rows": 4000, "Plan Width": 12, "Actual Startup Time": 1.019, "Actual Total Time": 8.327, "Actual Rows": 3924, "Actual Loops": 1, "Recheck Cond": "(s_nationkey = public.nation.n_nationkey)", "Rows Removed by Index Recheck": 0, "Exact Heap Blocks": 1895, "Lossy Heap Blocks": 1895, "Plans": [{"Node Type": "Bitmap Index Scan", "Parent Relationship": "Outer", "Index Name": "idx_supplier_nation_key", "Startup Cost": 0.0, "Total Cost": 94.25, "Plan Rows": 4000, "Plan Width": 0, "Actual Startup Time": 0.744, "Actual Total Time": 0.744, "Actual Rows": 3924, "Actual Loops": 1, "Index Cond": "(s_nationkey = public.nation.n_nationkey)"}]}]}, {"Node Type": "Bitmap Heap Scan", "Parent Relationship": "Inner", "Relation Name": "partsupp", "Alias": "partsupp", "Startup Cost": 1.57, "Total Cost": 9.71, "Plan Rows": 13, "Plan Width": 24, "Actual Startup Time": 110.886, "Actual Total Time": 803.989, "Actual Rows": 313920, "Actual Loops": 3924, "Recheck Cond": "(ps_suppkey = public.supplier.s_suppkey)", "Rows Removed by Index Recheck": 0, "Exact Heap Blocks": 313920, "Lossy Heap Blocks": 313920, "Plans": [{"Node Type": "Bitmap Index Scan", "Parent Relationship": "Outer", "Index Name": "idx_partsupp_suppkey", "Startup Cost": 0.0, "Total Cost": 1.56, "Plan Rows": 13, "Plan Width": 0, "Actual Startup Time": 71.169, "Actual Total Time": 71.169, "Actual Rows": 313920, "Actual Loops": 3924, "Index Cond": "(ps_suppkey = public.supplier.s_suppkey)"}]}]}]}, {"Node Type": "Aggregate", "Strategy": "Hashed", "Parent Relationship": "Outer", "Startup Cost": 42836.19, "Total Cost": 43508.44, "Plan Rows": 53780, "Plan Width": 40, "Actual Startup Time": 2259.097, "Actual Total Time": 2259.097, "Actual Rows": 0, "Actual Loops": 1, "Group By Key": ["public.partsupp.ps_partkey"], "Filter": "(sum((public.partsupp.ps_supplycost * (public.partsupp.ps_availqty)::double precision)) > $2)", "Rows Removed by Filter": 295792, "Plans": [{"Node Type": "Nested Loop", "Parent Relationship": "Outer", "Join Type": "Inner", "Startup Cost": 96.82, "Total Cost": 41895.04, "Plan Rows": 53780, "Plan Width": 24, "Actual Startup Time": 1.137, "Actual Total Time": 834.966, "Actual Rows": 313920, "Actual Loops": 1, "Inner Unique": false, "Plans": [{"Node Type": "Nested Loop", "Parent Relationship": "Outer", "Join Type": "Inner", "Startup Cost": 95.25, "Total Cost": 2533.35, "Plan Rows": 4000, "Plan Width": 8, "Actual Startup Time": 1.088, "Actual Total Time": 8.572, "Actual Rows": 3924, "Actual Loops": 1, "Inner Unique": false, "Plans": [{"Node Type": "Seq Scan", "Parent Relationship": "Outer", "Relation Name": "nation", "Alias": "nation", "Startup Cost": 0.0, "Total Cost": 1.31, "Plan Rows": 1, "Plan Width": 4, "Actual Startup Time": 0.03, "Actual Total Time": 0.044, "Actual Rows": 1, "Actual Loops": 1, "Filter": "(n_name = 'MOZAMBIQUE'::bpchar)", "Rows Removed by Filter": 24}, {"Node Type": "Bitmap Heap Scan", "Parent Relationship": "Inner", "Relation Name": "supplier", "Alias": "supplier", "Startup Cost": 95.25, "Total Cost": 2492.04, "Plan Rows": 4000, "Plan Width": 12, "Actual Startup Time": 1.052, "Actual Total Time": 7.612, "Actual Rows": 3924, "Actual Loops": 1, "Recheck Cond": "(s_nationkey = public.nation.n_nationkey)", "Rows Removed by Index Recheck": 0, "Exact Heap Blocks": 1895, "Lossy Heap Blocks": 1895, "Plans": [{"Node Type": "Bitmap Index Scan", "Parent Relationship": "Outer", "Index Name": "idx_supplier_nation_key", "Startup Cost": 0.0, "Total Cost": 94.25, "Plan Rows": 4000, "Plan Width": 0, "Actual Startup Time": 0.77, "Actual Total Time": 0.77, "Actual Rows": 3924, "Actual Loops": 1, "Index Cond": "(s_nationkey = public.nation.n_nationkey)"}]}]}, {"Node Type": "Bitmap Heap Scan", "Parent Relationship": "Inner", "Relation Name": "partsupp", "Alias": "partsupp", "Startup Cost": 1.57, "Total Cost": 9.71, "Plan Rows": 13, "Plan Width": 32, "Actual Startup Time": 109.514, "Actual Total Time": 752.491, "Actual Rows": 313920, "Actual Loops": 3924, "Recheck Cond": "(ps_suppkey = public.supplier.s_suppkey)", "Rows Removed by Index Recheck": 0, "Exact Heap Blocks": 313920, "Lossy Heap Blocks": 313920, "Plans": [{"Node Type": "Bitmap Index Scan", "Parent Relationship": "Outer", "Index Name": "idx_partsupp_suppkey", "Startup Cost": 0.0, "Total Cost": 1.56, "Plan Rows": 13, "Plan Width": 0, "Actual Startup Time": 70.02, "Actual Total Time": 70.02, "Actual Rows": 313920, "Actual Loops": 3924, "Index Cond": "(ps_suppkey = public.supplier.s_suppkey)"}]}]}]}]}, "Triggers": [], "Planner Runtime": 0, "Total Runtime": 2259.921, "Unique SQL Id": 2932834211}}, "(16, 35)": {"explain_plan": {"Plan": {"Node Type": "Sort", "Startup Cost": 2000084159245.82, "Total Cost": 2000084159380.27, "Plan Rows": 53780, "Plan Width": 40, "Sort Key": ["(sum((public.partsupp.ps_supplycost * (public.partsupp.ps_availqty)::double precision))) DESC"], "Plans": [{"Node Type": "Aggregate", "Strategy": "Plain", "Parent Relationship": "exec_init_plan", "Subplan Name": "InitPlan 1 (returns $2)", "Startup Cost": 1000001001502.42, "Total Cost": 1000001001502.43, "Plan Rows": 1, "Plan Width": 24, "Plans": [{"Node Type": "Nested Loop", "Parent Relationship": "Outer", "Join Type": "Inner", "Startup Cost": 10000000001.83, "Total Cost": 1000001001099.07, "Plan Rows": 53780, "Plan Width": 16, "Inner Unique": false, "Plans": [{"Node Type": "Nested Loop", "Parent Relationship": "Outer", "Join Type": "Inner", "Startup Cost": 10000000000.26, "Total Cost": 1000000961737.38, "Plan Rows": 4000, "Plan Width": 8, "Inner Unique": true, "Plans": [{"Node Type": "Index Scan", "Parent Relationship": "Outer", "Scan Direction": "Forward", "Index Name": "supplier_pkey", "Relation Name": "supplier", "Alias": "supplier", "Startup Cost": 10000000000.0, "Total Cost": 1000000533454.38, "Plan Rows": 100000, "Plan Width": 12}, {"Node Type": "Bitmap Heap Scan", "Parent Relationship": "Inner", "Relation Name": "nation", "Alias": "nation", "Startup Cost": 0.26, "Total Cost": 4.27, "Plan Rows": 1, "Plan Width": 4, "Recheck Cond": "(n_nationkey = public.supplier.s_nationkey)", "Filter": "(n_name = 'MOZAMBIQUE'::bpchar)", "Plans": [{"Node Type": "Bitmap Index Scan", "Parent Relationship": "Outer", "Index Name": "nation_pkey", "Startup Cost": 0.0, "Total Cost": 0.26, "Plan Rows": 1, "Plan Width": 0, "Index Cond": "(n_nationkey = public.supplier.s_nationkey)"}]}]}, {"Node Type": "Bitmap Heap Scan", "Parent Relationship": "Inner", "Relation Name": "partsupp", "Alias": "partsupp", "Startup Cost": 1.57, "Total Cost": 9.71, "Plan Rows": 13, "Plan Width": 24, "Recheck Cond": "(ps_suppkey = public.supplier.s_suppkey)", "Plans": [{"Node Type": "Bitmap Index Scan", "Parent Relationship": "Outer", "Index Name": "idx_partsupp_suppkey", "Startup Cost": 0.0, "Total Cost": 1.56, "Plan Rows": 13, "Plan Width": 0, "Index Cond": "(ps_suppkey = public.supplier.s_suppkey)"}]}]}]}, {"Node Type": "Aggregate", "Strategy": "Hashed", "Parent Relationship": "Outer", "Startup Cost": 1000083152845.44, "Total Cost": 1000083153517.69, "Plan Rows": 53780, "Plan Width": 40, "Group By Key": ["public.partsupp.ps_partkey"], "Filter": "(sum((public.partsupp.ps_supplycost * (public.partsupp.ps_availqty)::double precision)) > $2)", "Plans": [{"Node Type": "Nested Loop", "Parent Relationship": "Outer", "Join Type": "Inner", "Startup Cost": 10000000000.52, "Total Cost": 1000083151904.29, "Plan Rows": 53780, "Plan Width": 24, "Inner Unique": true, "Plans": [{"Node Type": "Nested Loop", "Parent Relationship": "Outer", "Join Type": "Inner", "Startup Cost": 10000000000.26, "Total Cost": 1000077393643.64, "Plan Rows": 1344499, "Plan Width": 28, "Inner Unique": true, "Plans": [{"Node Type": "Index Scan", "Parent Relationship": "Outer", "Scan Direction": "Forward", "Index Name": "idx_partsupp_partkey", "Relation Name": "partsupp", "Alias": "partsupp", "Startup Cost": 10000000000.0, "Total Cost": 1000043148503.38, "Plan Rows": 8000372, "Plan Width": 32}, {"Node Type": "Bitmap Heap Scan", "Parent Relationship": "Inner", "Relation Name": "supplier", "Alias": "supplier", "Startup Cost": 0.26, "Total Cost": 4.27, "Plan Rows": 1, "Plan Width": 12, "Recheck Cond": "(s_suppkey = public.partsupp.ps_suppkey)", "Plans": [{"Node Type": "Bitmap Index Scan", "Parent Relationship": "Outer", "Index Name": "supplier_pkey", "Startup Cost": 0.0, "Total Cost": 0.26, "Plan Rows": 1, "Plan Width": 0, "Index Cond": "(s_suppkey = public.partsupp.ps_suppkey)"}]}]}, {"Node Type": "Bitmap Heap Scan", "Parent Relationship": "Inner", "Relation Name": "nation", "Alias": "nation", "Startup Cost": 0.26, "Total Cost": 4.27, "Plan Rows": 1, "Plan Width": 4, "Recheck Cond": "(n_nationkey = public.supplier.s_nationkey)", "Filter": "(n_name = 'MOZAMBIQUE'::bpchar)", "Plans": [{"Node Type": "Bitmap Index Scan", "Parent Relationship": "Outer", "Index Name": "nation_pkey", "Startup Cost": 0.0, "Total Cost": 0.26, "Plan Rows": 1, "Plan Width": 0, "Index Cond": "(n_nationkey = public.supplier.s_nationkey)"}]}]}]}]}, "Unique SQL Id": 2932834211, "Planner Runtime": 0}, "explain_analyze_plan": null}, "(16, 36)": {"explain_plan": {"Plan": {"Node Type": "Sort", "Startup Cost": 86957.11, "Total Cost": 87091.56, "Plan Rows": 53780, "Plan Width": 40, "Sort Key": ["(sum((public.partsupp.ps_supplycost * (public.partsupp.ps_availqty)::double precision))) DESC"], "Plans": [{"Node Type": "Aggregate", "Strategy": "Plain", "Parent Relationship": "exec_init_plan", "Subplan Name": "InitPlan 1 (returns $2)", "Startup Cost": 40760.67, "Total Cost": 40760.68, "Plan Rows": 1, "Plan Width": 24, "Plans": [{"Node Type": "Nested Loop", "Parent Relationship": "Outer", "Join Type": "Inner", "Startup Cost": 95.25, "Total Cost": 40357.32, "Plan Rows": 53780, "Plan Width": 16, "Inner Unique": false, "Plans": [{"Node Type": "Nested Loop", "Parent Relationship": "Outer", "Join Type": "Inner", "Startup Cost": 95.25, "Total Cost": 2533.35, "Plan Rows": 4000, "Plan Width": 8, "Inner Unique": false, "Plans": [{"Node Type": "Seq Scan", "Parent Relationship": "Outer", "Relation Name": "nation", "Alias": "nation", "Startup Cost": 0.0, "Total Cost": 1.31, "Plan Rows": 1, "Plan Width": 4, "Filter": "(n_name = 'MOZAMBIQUE'::bpchar)"}, {"Node Type": "Bitmap Heap Scan", "Parent Relationship": "Inner", "Relation Name": "supplier", "Alias": "supplier", "Startup Cost": 95.25, "Total Cost": 2492.04, "Plan Rows": 4000, "Plan Width": 12, "Recheck Cond": "(s_nationkey = public.nation.n_nationkey)", "Plans": [{"Node Type": "Bitmap Index Scan", "Parent Relationship": "Outer", "Index Name": "idx_supplier_nation_key", "Startup Cost": 0.0, "Total Cost": 94.25, "Plan Rows": 4000, "Plan Width": 0, "Index Cond": "(s_nationkey = public.nation.n_nationkey)"}]}]}, {"Node Type": "Index Scan", "Parent Relationship": "Inner", "Scan Direction": "Forward", "Index Name": "idx_partsupp_suppkey", "Relation Name": "partsupp", "Alias": "partsupp", "Startup Cost": 0.0, "Total Cost": 9.33, "Plan Rows": 13, "Plan Width": 24, "Index Cond": "(ps_suppkey = public.supplier.s_suppkey)"}]}]}, {"Node Type": "Aggregate", "Strategy": "Hashed", "Parent Relationship": "Outer", "Startup Cost": 41298.47, "Total Cost": 41970.72, "Plan Rows": 53780, "Plan Width": 40, "Group By Key": ["public.partsupp.ps_partkey"], "Filter": "(sum((public.partsupp.ps_supplycost * (public.partsupp.ps_availqty)::double precision)) > $2)", "Plans": [{"Node Type": "Nested Loop", "Parent Relationship": "Outer", "Join Type": "Inner", "Startup Cost": 95.25, "Total Cost": 40357.32, "Plan Rows": 53780, "Plan Width": 24, "Inner Unique": false, "Plans": [{"Node Type": "Nested Loop", "Parent Relationship": "Outer", "Join Type": "Inner", "Startup Cost": 95.25, "Total Cost": 2533.35, "Plan Rows": 4000, "Plan Width": 8, "Inner Unique": false, "Plans": [{"Node Type": "Seq Scan", "Parent Relationship": "Outer", "Relation Name": "nation", "Alias": "nation", "Startup Cost": 0.0, "Total Cost": 1.31, "Plan Rows": 1, "Plan Width": 4, "Filter": "(n_name = 'MOZAMBIQUE'::bpchar)"}, {"Node Type": "Bitmap Heap Scan", "Parent Relationship": "Inner", "Relation Name": "supplier", "Alias": "supplier", "Startup Cost": 95.25, "Total Cost": 2492.04, "Plan Rows": 4000, "Plan Width": 12, "Recheck Cond": "(s_nationkey = public.nation.n_nationkey)", "Plans": [{"Node Type": "Bitmap Index Scan", "Parent Relationship": "Outer", "Index Name": "idx_supplier_nation_key", "Startup Cost": 0.0, "Total Cost": 94.25, "Plan Rows": 4000, "Plan Width": 0, "Index Cond": "(s_nationkey = public.nation.n_nationkey)"}]}]}, {"Node Type": "Index Scan", "Parent Relationship": "Inner", "Scan Direction": "Forward", "Index Name": "idx_partsupp_suppkey", "Relation Name": "partsupp", "Alias": "partsupp", "Startup Cost": 0.0, "Total Cost": 9.33, "Plan Rows": 13, "Plan Width": 32, "Index Cond": "(ps_suppkey = public.supplier.s_suppkey)"}]}]}]}, "Unique SQL Id": 2932834211, "Planner Runtime": 0}, "explain_analyze_plan": {"Plan": {"Node Type": "Sort", "Startup Cost": 86957.11, "Total Cost": 87091.56, "Plan Rows": 53780, "Plan Width": 40, "Actual Startup Time": 1867.688, "Actual Total Time": 1867.688, "Actual Rows": 0, "Actual Loops": 1, "Sort Key": ["(sum((public.partsupp.ps_supplycost * (public.partsupp.ps_availqty)::double precision))) DESC"], "Sort Method": "quicksort", "Sort Space Used": 25, "Sort Space Type": "Memory", "Plans": [{"Node Type": "Aggregate", "Strategy": "Plain", "Parent Relationship": "exec_init_plan", "Subplan Name": "InitPlan 1 (returns $2)", "Startup Cost": 40760.67, "Total Cost": 40760.68, "Plan Rows": 1, "Plan Width": 24, "Actual Startup Time": 794.18, "Actual Total Time": 794.181, "Actual Rows": 1, "Actual Loops": 1, "Plans": [{"Node Type": "Nested Loop", "Parent Relationship": "Outer", "Join Type": "Inner", "Startup Cost": 95.25, "Total Cost": 40357.32, "Plan Rows": 53780, "Plan Width": 16, "Actual Startup Time": 1.125, "Actual Total Time": 657.634, "Actual Rows": 313920, "Actual Loops": 1, "Inner Unique": false, "Plans": [{"Node Type": "Nested Loop", "Parent Relationship": "Outer", "Join Type": "Inner", "Startup Cost": 95.25, "Total Cost": 2533.35, "Plan Rows": 4000, "Plan Width": 8, "Actual Startup Time": 1.098, "Actual Total Time": 8.186, "Actual Rows": 3924, "Actual Loops": 1, "Inner Unique": false, "Plans": [{"Node Type": "Seq Scan", "Parent Relationship": "Outer", "Relation Name": "nation", "Alias": "nation", "Startup Cost": 0.0, "Total Cost": 1.31, "Plan Rows": 1, "Plan Width": 4, "Actual Startup Time": 0.024, "Actual Total Time": 0.047, "Actual Rows": 1, "Actual Loops": 1, "Filter": "(n_name = 'MOZAMBIQUE'::bpchar)", "Rows Removed by Filter": 24}, {"Node Type": "Bitmap Heap Scan", "Parent Relationship": "Inner", "Relation Name": "supplier", "Alias": "supplier", "Startup Cost": 95.25, "Total Cost": 2492.04, "Plan Rows": 4000, "Plan Width": 12, "Actual Startup Time": 1.058, "Actual Total Time": 7.206, "Actual Rows": 3924, "Actual Loops": 1, "Recheck Cond": "(s_nationkey = public.nation.n_nationkey)", "Rows Removed by Index Recheck": 0, "Exact Heap Blocks": 1895, "Lossy Heap Blocks": 1895, "Plans": [{"Node Type": "Bitmap Index Scan", "Parent Relationship": "Outer", "Index Name": "idx_supplier_nation_key", "Startup Cost": 0.0, "Total Cost": 94.25, "Plan Rows": 4000, "Plan Width": 0, "Actual Startup Time": 0.777, "Actual Total Time": 0.777, "Actual Rows": 3924, "Actual Loops": 1, "Index Cond": "(s_nationkey = public.nation.n_nationkey)"}]}]}, {"Node Type": "Index Scan", "Parent Relationship": "Inner", "Scan Direction": "Forward", "Index Name": "idx_partsupp_suppkey", "Relation Name": "partsupp", "Alias": "partsupp", "Startup Cost": 0.0, "Total Cost": 9.33, "Plan Rows": 13, "Plan Width": 24, "Actual Startup Time": 48.522, "Actual Total Time": 582.276, "Actual Rows": 313920, "Actual Loops": 3924, "Index Cond": "(ps_suppkey = public.supplier.s_suppkey)", "Rows Removed by Index Recheck": 0}]}]}, {"Node Type": "Aggregate", "Strategy": "Hashed", "Parent Relationship": "Outer", "Startup Cost": 41298.47, "Total Cost": 41970.72, "Plan Rows": 53780, "Plan Width": 40, "Actual Startup Time": 1867.28, "Actual Total Time": 1867.28, "Actual Rows": 0, "Actual Loops": 1, "Group By Key": ["public.partsupp.ps_partkey"], "Filter": "(sum((public.partsupp.ps_supplycost * (public.partsupp.ps_availqty)::double precision)) > $2)", "Rows Removed by Filter": 295792, "Plans": [{"Node Type": "Nested Loop", "Parent Relationship": "Outer", "Join Type": "Inner", "Startup Cost": 95.25, "Total Cost": 40357.32, "Plan Rows": 53780, "Plan Width": 24, "Actual Startup Time": 1.055, "Actual Total Time": 684.172, "Actual Rows": 313920, "Actual Loops": 1, "Inner Unique": false, "Plans": [{"Node Type": "Nested Loop", "Parent Relationship": "Outer", "Join Type": "Inner", "Startup Cost": 95.25, "Total Cost": 2533.35, "Plan Rows": 4000, "Plan Width": 8, "Actual Startup Time": 1.024, "Actual Total Time": 8.574, "Actual Rows": 3924, "Actual Loops": 1, "Inner Unique": false, "Plans": [{"Node Type": "Seq Scan", "Parent Relationship": "Outer", "Relation Name": "nation", "Alias": "nation", "Startup Cost": 0.0, "Total Cost": 1.31, "Plan Rows": 1, "Plan Width": 4, "Actual Startup Time": 0.032, "Actual Total Time": 0.044, "Actual Rows": 1, "Actual Loops": 1, "Filter": "(n_name = 'MOZAMBIQUE'::bpchar)", "Rows Removed by Filter": 24}, {"Node Type": "Bitmap Heap Scan", "Parent Relationship": "Inner", "Relation Name": "supplier", "Alias": "supplier", "Startup Cost": 95.25, "Total Cost": 2492.04, "Plan Rows": 4000, "Plan Width": 12, "Actual Startup Time": 0.985, "Actual Total Time": 7.583, "Actual Rows": 3924, "Actual Loops": 1, "Recheck Cond": "(s_nationkey = public.nation.n_nationkey)", "Rows Removed by Index Recheck": 0, "Exact Heap Blocks": 1895, "Lossy Heap Blocks": 1895, "Plans": [{"Node Type": "Bitmap Index Scan", "Parent Relationship": "Outer", "Index Name": "idx_supplier_nation_key", "Startup Cost": 0.0, "Total Cost": 94.25, "Plan Rows": 4000, "Plan Width": 0, "Actual Startup Time": 0.705, "Actual Total Time": 0.705, "Actual Rows": 3924, "Actual Loops": 1, "Index Cond": "(s_nationkey = public.nation.n_nationkey)"}]}]}, {"Node Type": "Index Scan", "Parent Relationship": "Inner", "Scan Direction": "Forward", "Index Name": "idx_partsupp_suppkey", "Relation Name": "partsupp", "Alias": "partsupp", "Startup Cost": 0.0, "Total Cost": 9.33, "Plan Rows": 13, "Plan Width": 32, "Actual Startup Time": 49.919, "Actual Total Time": 602.753, "Actual Rows": 313920, "Actual Loops": 3924, "Index Cond": "(ps_suppkey = public.supplier.s_suppkey)", "Rows Removed by Index Recheck": 0}]}]}]}, "Triggers": [], "Planner Runtime": 0, "Total Runtime": 1868.014, "Unique SQL Id": 2932834211}}, "(16, 37)": {"explain_plan": {"Plan": {"Node Type": "Sort", "Startup Cost": 86979.86, "Total Cost": 87114.31, "Plan Rows": 53780, "Plan Width": 40, "Sort Key": ["(sum((public.partsupp.ps_supplycost * (public.partsupp.ps_availqty)::double precision))) DESC"], "Plans": [{"Node Type": "Aggregate", "Strategy": "Plain", "Parent Relationship": "exec_init_plan", "Subplan Name": "InitPlan 1 (returns $2)", "Startup Cost": 40772.04, "Total Cost": 40772.06, "Plan Rows": 1, "Plan Width": 24, "Plans": [{"Node Type": "Nested Loop", "Parent Relationship": "Outer", "Join Type": "Inner", "Startup Cost": 95.25, "Total Cost": 40368.69, "Plan Rows": 53780, "Plan Width": 16, "Inner Unique": false, "Plans": [{"Node Type": "Nested Loop", "Parent Relationship": "Outer", "Join Type": "Inner", "Startup Cost": 95.25, "Total Cost": 2544.73, "Plan Rows": 4000, "Plan Width": 8, "Inner Unique": false, "Plans": [{"Node Type": "Index Scan", "Parent Relationship": "Outer", "Scan Direction": "Forward", "Index Name": "nation_pkey", "Relation Name": "nation", "Alias": "nation", "Startup Cost": 0.0, "Total Cost": 12.69, "Plan Rows": 1, "Plan Width": 4, "Filter": "(n_name = 'MOZAMBIQUE'::bpchar)"}, {"Node Type": "Bitmap Heap Scan", "Parent Relationship": "Inner", "Relation Name": "supplier", "Alias": "supplier", "Startup Cost": 95.25, "Total Cost": 2492.04, "Plan Rows": 4000, "Plan Width": 12, "Recheck Cond": "(s_nationkey = public.nation.n_nationkey)", "Plans": [{"Node Type": "Bitmap Index Scan", "Parent Relationship": "Outer", "Index Name": "idx_supplier_nation_key", "Startup Cost": 0.0, "Total Cost": 94.25, "Plan Rows": 4000, "Plan Width": 0, "Index Cond": "(s_nationkey = public.nation.n_nationkey)"}]}]}, {"Node Type": "Index Scan", "Parent Relationship": "Inner", "Scan Direction": "Forward", "Index Name": "idx_partsupp_suppkey", "Relation Name": "partsupp", "Alias": "partsupp", "Startup Cost": 0.0, "Total Cost": 9.33, "Plan Rows": 13, "Plan Width": 24, "Index Cond": "(ps_suppkey = public.supplier.s_suppkey)"}]}]}, {"Node Type": "Aggregate", "Strategy": "Hashed", "Parent Relationship": "Outer", "Startup Cost": 41309.84, "Total Cost": 41982.09, "Plan Rows": 53780, "Plan Width": 40, "Group By Key": ["public.partsupp.ps_partkey"], "Filter": "(sum((public.partsupp.ps_supplycost * (public.partsupp.ps_availqty)::double precision)) > $2)", "Plans": [{"Node Type": "Nested Loop", "Parent Relationship": "Outer", "Join Type": "Inner", "Startup Cost": 95.25, "Total Cost": 40368.69, "Plan Rows": 53780, "Plan Width": 24, "Inner Unique": false, "Plans": [{"Node Type": "Nested Loop", "Parent Relationship": "Outer", "Join Type": "Inner", "Startup Cost": 95.25, "Total Cost": 2544.73, "Plan Rows": 4000, "Plan Width": 8, "Inner Unique": false, "Plans": [{"Node Type": "Index Scan", "Parent Relationship": "Outer", "Scan Direction": "Forward", "Index Name": "nation_pkey", "Relation Name": "nation", "Alias": "nation", "Startup Cost": 0.0, "Total Cost": 12.69, "Plan Rows": 1, "Plan Width": 4, "Filter": "(n_name = 'MOZAMBIQUE'::bpchar)"}, {"Node Type": "Bitmap Heap Scan", "Parent Relationship": "Inner", "Relation Name": "supplier", "Alias": "supplier", "Startup Cost": 95.25, "Total Cost": 2492.04, "Plan Rows": 4000, "Plan Width": 12, "Recheck Cond": "(s_nationkey = public.nation.n_nationkey)", "Plans": [{"Node Type": "Bitmap Index Scan", "Parent Relationship": "Outer", "Index Name": "idx_supplier_nation_key", "Startup Cost": 0.0, "Total Cost": 94.25, "Plan Rows": 4000, "Plan Width": 0, "Index Cond": "(s_nationkey = public.nation.n_nationkey)"}]}]}, {"Node Type": "Index Scan", "Parent Relationship": "Inner", "Scan Direction": "Forward", "Index Name": "idx_partsupp_suppkey", "Relation Name": "partsupp", "Alias": "partsupp", "Startup Cost": 0.0, "Total Cost": 9.33, "Plan Rows": 13, "Plan Width": 32, "Index Cond": "(ps_suppkey = public.supplier.s_suppkey)"}]}]}]}, "Unique SQL Id": 2932834211, "Planner Runtime": 0}, "explain_analyze_plan": {"Plan": {"Node Type": "Sort", "Startup Cost": 86979.86, "Total Cost": 87114.31, "Plan Rows": 53780, "Plan Width": 40, "Actual Startup Time": 2004.071, "Actual Total Time": 2004.071, "Actual Rows": 0, "Actual Loops": 1, "Sort Key": ["(sum((public.partsupp.ps_supplycost * (public.partsupp.ps_availqty)::double precision))) DESC"], "Sort Method": "quicksort", "Sort Space Used": 25, "Sort Space Type": "Memory", "Plans": [{"Node Type": "Aggregate", "Strategy": "Plain", "Parent Relationship": "exec_init_plan", "Subplan Name": "InitPlan 1 (returns $2)", "Startup Cost": 40772.04, "Total Cost": 40772.06, "Plan Rows": 1, "Plan Width": 24, "Actual Startup Time": 813.993, "Actual Total Time": 813.994, "Actual Rows": 1, "Actual Loops": 1, "Plans": [{"Node Type": "Nested Loop", "Parent Relationship": "Outer", "Join Type": "Inner", "Startup Cost": 95.25, "Total Cost": 40368.69, "Plan Rows": 53780, "Plan Width": 16, "Actual Startup Time": 1.031, "Actual Total Time": 679.613, "Actual Rows": 313920, "Actual Loops": 1, "Inner Unique": false, "Plans": [{"Node Type": "Nested Loop", "Parent Relationship": "Outer", "Join Type": "Inner", "Startup Cost": 95.25, "Total Cost": 2544.73, "Plan Rows": 4000, "Plan Width": 8, "Actual Startup Time": 1.007, "Actual Total Time": 8.373, "Actual Rows": 3924, "Actual Loops": 1, "Inner Unique": false, "Plans": [{"Node Type": "Index Scan", "Parent Relationship": "Outer", "Scan Direction": "Forward", "Index Name": "nation_pkey", "Relation Name": "nation", "Alias": "nation", "Startup Cost": 0.0, "Total Cost": 12.69, "Plan Rows": 1, "Plan Width": 4, "Actual Startup Time": 0.027, "Actual Total Time": 0.082, "Actual Rows": 1, "Actual Loops": 1, "Filter": "(n_name = 'MOZAMBIQUE'::bpchar)", "Rows Removed by Filter": 24}, {"Node Type": "Bitmap Heap Scan", "Parent Relationship": "Inner", "Relation Name": "supplier", "Alias": "supplier", "Startup Cost": 95.25, "Total Cost": 2492.04, "Plan Rows": 4000, "Plan Width": 12, "Actual Startup Time": 0.966, "Actual Total Time": 7.31, "Actual Rows": 3924, "Actual Loops": 1, "Recheck Cond": "(s_nationkey = public.nation.n_nationkey)", "Rows Removed by Index Recheck": 0, "Exact Heap Blocks": 1895, "Lossy Heap Blocks": 1895, "Plans": [{"Node Type": "Bitmap Index Scan", "Parent Relationship": "Outer", "Index Name": "idx_supplier_nation_key", "Startup Cost": 0.0, "Total Cost": 94.25, "Plan Rows": 4000, "Plan Width": 0, "Actual Startup Time": 0.678, "Actual Total Time": 0.678, "Actual Rows": 3924, "Actual Loops": 1, "Index Cond": "(s_nationkey = public.nation.n_nationkey)"}]}]}, {"Node Type": "Index Scan", "Parent Relationship": "Inner", "Scan Direction": "Forward", "Index Name": "idx_partsupp_suppkey", "Relation Name": "partsupp", "Alias": "partsupp", "Startup Cost": 0.0, "Total Cost": 9.33, "Plan Rows": 13, "Plan Width": 24, "Actual Startup Time": 46.974, "Actual Total Time": 604.92, "Actual Rows": 313920, "Actual Loops": 3924, "Index Cond": "(ps_suppkey = public.supplier.s_suppkey)", "Rows Removed by Index Recheck": 0}]}]}, {"Node Type": "Aggregate", "Strategy": "Hashed", "Parent Relationship": "Outer", "Startup Cost": 41309.84, "Total Cost": 41982.09, "Plan Rows": 53780, "Plan Width": 40, "Actual Startup Time": 2003.564, "Actual Total Time": 2003.564, "Actual Rows": 0, "Actual Loops": 1, "Group By Key": ["public.partsupp.ps_partkey"], "Filter": "(sum((public.partsupp.ps_supplycost * (public.partsupp.ps_availqty)::double precision)) > $2)", "Rows Removed by Filter": 295792, "Plans": [{"Node Type": "Nested Loop", "Parent Relationship": "Outer", "Join Type": "Inner", "Startup Cost": 95.25, "Total Cost": 40368.69, "Plan Rows": 53780, "Plan Width": 24, "Actual Startup Time": 1.126, "Actual Total Time": 773.104, "Actual Rows": 313920, "Actual Loops": 1, "Inner Unique": false, "Plans": [{"Node Type": "Nested Loop", "Parent Relationship": "Outer", "Join Type": "Inner", "Startup Cost": 95.25, "Total Cost": 2544.73, "Plan Rows": 4000, "Plan Width": 8, "Actual Startup Time": 1.098, "Actual Total Time": 9.874, "Actual Rows": 3924, "Actual Loops": 1, "Inner Unique": false, "Plans": [{"Node Type": "Index Scan", "Parent Relationship": "Outer", "Scan Direction": "Forward", "Index Name": "nation_pkey", "Relation Name": "nation", "Alias": "nation", "Startup Cost": 0.0, "Total Cost": 12.69, "Plan Rows": 1, "Plan Width": 4, "Actual Startup Time": 0.032, "Actual Total Time": 0.045, "Actual Rows": 1, "Actual Loops": 1, "Filter": "(n_name = 'MOZAMBIQUE'::bpchar)", "Rows Removed by Filter": 24}, {"Node Type": "Bitmap Heap Scan", "Parent Relationship": "Inner", "Relation Name": "supplier", "Alias": "supplier", "Startup Cost": 95.25, "Total Cost": 2492.04, "Plan Rows": 4000, "Plan Width": 12, "Actual Startup Time": 1.058, "Actual Total Time": 8.873, "Actual Rows": 3924, "Actual Loops": 1, "Recheck Cond": "(s_nationkey = public.nation.n_nationkey)", "Rows Removed by Index Recheck": 0, "Exact Heap Blocks": 1895, "Lossy Heap Blocks": 1895, "Plans": [{"Node Type": "Bitmap Index Scan", "Parent Relationship": "Outer", "Index Name": "idx_supplier_nation_key", "Startup Cost": 0.0, "Total Cost": 94.25, "Plan Rows": 4000, "Plan Width": 0, "Actual Startup Time": 0.766, "Actual Total Time": 0.766, "Actual Rows": 3924, "Actual Loops": 1, "Index Cond": "(s_nationkey = public.nation.n_nationkey)"}]}]}, {"Node Type": "Index Scan", "Parent Relationship": "Inner", "Scan Direction": "Forward", "Index Name": "idx_partsupp_suppkey", "Relation Name": "partsupp", "Alias": "partsupp", "Startup Cost": 0.0, "Total Cost": 9.33, "Plan Rows": 13, "Plan Width": 32, "Actual Startup Time": 55.084, "Actual Total Time": 692.047, "Actual Rows": 313920, "Actual Loops": 3924, "Index Cond": "(ps_suppkey = public.supplier.s_suppkey)", "Rows Removed by Index Recheck": 0}]}]}]}, "Triggers": [], "Planner Runtime": 0, "Total Runtime": 2004.504, "Unique SQL Id": 2932834211}}, "(16, 38)": {"explain_plan": {"Plan": {"Node Type": "Sort", "Startup Cost": 90032.55, "Total Cost": 90167.0, "Plan Rows": 53780, "Plan Width": 40, "Sort Key": ["(sum((public.partsupp.ps_supplycost * (public.partsupp.ps_availqty)::double precision))) DESC"], "Plans": [{"Node Type": "Aggregate", "Strategy": "Plain", "Parent Relationship": "exec_init_plan", "Subplan Name": "InitPlan 1 (returns $2)", "Startup Cost": 42298.39, "Total Cost": 42298.4, "Plan Rows": 1, "Plan Width": 24, "Plans": [{"Node Type": "Nested Loop", "Parent Relationship": "Outer", "Join Type": "Inner", "Startup Cost": 96.82, "Total Cost": 41895.04, "Plan Rows": 53780, "Plan Width": 16, "Inner Unique": false, "Plans": [{"Node Type": "Nested Loop", "Parent Relationship": "Outer", "Join Type": "Inner", "Startup Cost": 95.25, "Total Cost": 2533.35, "Plan Rows": 4000, "Plan Width": 8, "Inner Unique": false, "Plans": [{"Node Type": "Seq Scan", "Parent Relationship": "Outer", "Relation Name": "nation", "Alias": "nation", "Startup Cost": 0.0, "Total Cost": 1.31, "Plan Rows": 1, "Plan Width": 4, "Filter": "(n_name = 'MOZAMBIQUE'::bpchar)"}, {"Node Type": "Bitmap Heap Scan", "Parent Relationship": "Inner", "Relation Name": "supplier", "Alias": "supplier", "Startup Cost": 95.25, "Total Cost": 2492.04, "Plan Rows": 4000, "Plan Width": 12, "Recheck Cond": "(s_nationkey = public.nation.n_nationkey)", "Plans": [{"Node Type": "Bitmap Index Scan", "Parent Relationship": "Outer", "Index Name": "idx_supplier_nation_key", "Startup Cost": 0.0, "Total Cost": 94.25, "Plan Rows": 4000, "Plan Width": 0, "Index Cond": "(s_nationkey = public.nation.n_nationkey)"}]}]}, {"Node Type": "Bitmap Heap Scan", "Parent Relationship": "Inner", "Relation Name": "partsupp", "Alias": "partsupp", "Startup Cost": 1.57, "Total Cost": 9.71, "Plan Rows": 13, "Plan Width": 24, "Recheck Cond": "(ps_suppkey = public.supplier.s_suppkey)", "Plans": [{"Node Type": "Bitmap Index Scan", "Parent Relationship": "Outer", "Index Name": "idx_partsupp_suppkey", "Startup Cost": 0.0, "Total Cost": 1.56, "Plan Rows": 13, "Plan Width": 0, "Index Cond": "(ps_suppkey = public.supplier.s_suppkey)"}]}]}]}, {"Node Type": "Aggregate", "Strategy": "Hashed", "Parent Relationship": "Outer", "Startup Cost": 42836.19, "Total Cost": 43508.44, "Plan Rows": 53780, "Plan Width": 40, "Group By Key": ["public.partsupp.ps_partkey"], "Filter": "(sum((public.partsupp.ps_supplycost * (public.partsupp.ps_availqty)::double precision)) > $2)", "Plans": [{"Node Type": "Nested Loop", "Parent Relationship": "Outer", "Join Type": "Inner", "Startup Cost": 96.82, "Total Cost": 41895.04, "Plan Rows": 53780, "Plan Width": 24, "Inner Unique": false, "Plans": [{"Node Type": "Nested Loop", "Parent Relationship": "Outer", "Join Type": "Inner", "Startup Cost": 95.25, "Total Cost": 2533.35, "Plan Rows": 4000, "Plan Width": 8, "Inner Unique": false, "Plans": [{"Node Type": "Seq Scan", "Parent Relationship": "Outer", "Relation Name": "nation", "Alias": "nation", "Startup Cost": 0.0, "Total Cost": 1.31, "Plan Rows": 1, "Plan Width": 4, "Filter": "(n_name = 'MOZAMBIQUE'::bpchar)"}, {"Node Type": "Bitmap Heap Scan", "Parent Relationship": "Inner", "Relation Name": "supplier", "Alias": "supplier", "Startup Cost": 95.25, "Total Cost": 2492.04, "Plan Rows": 4000, "Plan Width": 12, "Recheck Cond": "(s_nationkey = public.nation.n_nationkey)", "Plans": [{"Node Type": "Bitmap Index Scan", "Parent Relationship": "Outer", "Index Name": "idx_supplier_nation_key", "Startup Cost": 0.0, "Total Cost": 94.25, "Plan Rows": 4000, "Plan Width": 0, "Index Cond": "(s_nationkey = public.nation.n_nationkey)"}]}]}, {"Node Type": "Bitmap Heap Scan", "Parent Relationship": "Inner", "Relation Name": "partsupp", "Alias": "partsupp", "Startup Cost": 1.57, "Total Cost": 9.71, "Plan Rows": 13, "Plan Width": 32, "Recheck Cond": "(ps_suppkey = public.supplier.s_suppkey)", "Plans": [{"Node Type": "Bitmap Index Scan", "Parent Relationship": "Outer", "Index Name": "idx_partsupp_suppkey", "Startup Cost": 0.0, "Total Cost": 1.56, "Plan Rows": 13, "Plan Width": 0, "Index Cond": "(ps_suppkey = public.supplier.s_suppkey)"}]}]}]}]}, "Unique SQL Id": 2932834211, "Planner Runtime": 0}, "explain_analyze_plan": {"Plan": {"Node Type": "Sort", "Startup Cost": 90032.55, "Total Cost": 90167.0, "Plan Rows": 53780, "Plan Width": 40, "Actual Startup Time": 2259.599, "Actual Total Time": 2259.599, "Actual Rows": 0, "Actual Loops": 1, "Sort Key": ["(sum((public.partsupp.ps_supplycost * (public.partsupp.ps_availqty)::double precision))) DESC"], "Sort Method": "quicksort", "Sort Space Used": 25, "Sort Space Type": "Memory", "Plans": [{"Node Type": "Aggregate", "Strategy": "Plain", "Parent Relationship": "exec_init_plan", "Subplan Name": "InitPlan 1 (returns $2)", "Startup Cost": 42298.39, "Total Cost": 42298.4, "Plan Rows": 1, "Plan Width": 24, "Actual Startup Time": 1008.942, "Actual Total Time": 1008.942, "Actual Rows": 1, "Actual Loops": 1, "Plans": [{"Node Type": "Nested Loop", "Parent Relationship": "Outer", "Join Type": "Inner", "Startup Cost": 96.82, "Total Cost": 41895.04, "Plan Rows": 53780, "Plan Width": 16, "Actual Startup Time": 1.124, "Actual Total Time": 881.219, "Actual Rows": 313920, "Actual Loops": 1, "Inner Unique": false, "Plans": [{"Node Type": "Nested Loop", "Parent Relationship": "Outer", "Join Type": "Inner", "Startup Cost": 95.25, "Total Cost": 2533.35, "Plan Rows": 4000, "Plan Width": 8, "Actual Startup Time": 1.07, "Actual Total Time": 9.391, "Actual Rows": 3924, "Actual Loops": 1, "Inner Unique": false, "Plans": [{"Node Type": "Seq Scan", "Parent Relationship": "Outer", "Relation Name": "nation", "Alias": "nation", "Startup Cost": 0.0, "Total Cost": 1.31, "Plan Rows": 1, "Plan Width": 4, "Actual Startup Time": 0.042, "Actual Total Time": 0.058, "Actual Rows": 1, "Actual Loops": 1, "Filter": "(n_name = 'MOZAMBIQUE'::bpchar)", "Rows Removed by Filter": 24}, {"Node Type": "Bitmap Heap Scan", "Parent Relationship": "Inner", "Relation Name": "supplier", "Alias": "supplier", "Startup Cost": 95.25, "Total Cost": 2492.04, "Plan Rows": 4000, "Plan Width": 12, "Actual Startup Time": 1.019, "Actual Total Time": 8.327, "Actual Rows": 3924, "Actual Loops": 1, "Recheck Cond": "(s_nationkey = public.nation.n_nationkey)", "Rows Removed by Index Recheck": 0, "Exact Heap Blocks": 1895, "Lossy Heap Blocks": 1895, "Plans": [{"Node Type": "Bitmap Index Scan", "Parent Relationship": "Outer", "Index Name": "idx_supplier_nation_key", "Startup Cost": 0.0, "Total Cost": 94.25, "Plan Rows": 4000, "Plan Width": 0, "Actual Startup Time": 0.744, "Actual Total Time": 0.744, "Actual Rows": 3924, "Actual Loops": 1, "Index Cond": "(s_nationkey = public.nation.n_nationkey)"}]}]}, {"Node Type": "Bitmap Heap Scan", "Parent Relationship": "Inner", "Relation Name": "partsupp", "Alias": "partsupp", "Startup Cost": 1.57, "Total Cost": 9.71, "Plan Rows": 13, "Plan Width": 24, "Actual Startup Time": 110.886, "Actual Total Time": 803.989, "Actual Rows": 313920, "Actual Loops": 3924, "Recheck Cond": "(ps_suppkey = public.supplier.s_suppkey)", "Rows Removed by Index Recheck": 0, "Exact Heap Blocks": 313920, "Lossy Heap Blocks": 313920, "Plans": [{"Node Type": "Bitmap Index Scan", "Parent Relationship": "Outer", "Index Name": "idx_partsupp_suppkey", "Startup Cost": 0.0, "Total Cost": 1.56, "Plan Rows": 13, "Plan Width": 0, "Actual Startup Time": 71.169, "Actual Total Time": 71.169, "Actual Rows": 313920, "Actual Loops": 3924, "Index Cond": "(ps_suppkey = public.supplier.s_suppkey)"}]}]}]}, {"Node Type": "Aggregate", "Strategy": "Hashed", "Parent Relationship": "Outer", "Startup Cost": 42836.19, "Total Cost": 43508.44, "Plan Rows": 53780, "Plan Width": 40, "Actual Startup Time": 2259.097, "Actual Total Time": 2259.097, "Actual Rows": 0, "Actual Loops": 1, "Group By Key": ["public.partsupp.ps_partkey"], "Filter": "(sum((public.partsupp.ps_supplycost * (public.partsupp.ps_availqty)::double precision)) > $2)", "Rows Removed by Filter": 295792, "Plans": [{"Node Type": "Nested Loop", "Parent Relationship": "Outer", "Join Type": "Inner", "Startup Cost": 96.82, "Total Cost": 41895.04, "Plan Rows": 53780, "Plan Width": 24, "Actual Startup Time": 1.137, "Actual Total Time": 834.966, "Actual Rows": 313920, "Actual Loops": 1, "Inner Unique": false, "Plans": [{"Node Type": "Nested Loop", "Parent Relationship": "Outer", "Join Type": "Inner", "Startup Cost": 95.25, "Total Cost": 2533.35, "Plan Rows": 4000, "Plan Width": 8, "Actual Startup Time": 1.088, "Actual Total Time": 8.572, "Actual Rows": 3924, "Actual Loops": 1, "Inner Unique": false, "Plans": [{"Node Type": "Seq Scan", "Parent Relationship": "Outer", "Relation Name": "nation", "Alias": "nation", "Startup Cost": 0.0, "Total Cost": 1.31, "Plan Rows": 1, "Plan Width": 4, "Actual Startup Time": 0.03, "Actual Total Time": 0.044, "Actual Rows": 1, "Actual Loops": 1, "Filter": "(n_name = 'MOZAMBIQUE'::bpchar)", "Rows Removed by Filter": 24}, {"Node Type": "Bitmap Heap Scan", "Parent Relationship": "Inner", "Relation Name": "supplier", "Alias": "supplier", "Startup Cost": 95.25, "Total Cost": 2492.04, "Plan Rows": 4000, "Plan Width": 12, "Actual Startup Time": 1.052, "Actual Total Time": 7.612, "Actual Rows": 3924, "Actual Loops": 1, "Recheck Cond": "(s_nationkey = public.nation.n_nationkey)", "Rows Removed by Index Recheck": 0, "Exact Heap Blocks": 1895, "Lossy Heap Blocks": 1895, "Plans": [{"Node Type": "Bitmap Index Scan", "Parent Relationship": "Outer", "Index Name": "idx_supplier_nation_key", "Startup Cost": 0.0, "Total Cost": 94.25, "Plan Rows": 4000, "Plan Width": 0, "Actual Startup Time": 0.77, "Actual Total Time": 0.77, "Actual Rows": 3924, "Actual Loops": 1, "Index Cond": "(s_nationkey = public.nation.n_nationkey)"}]}]}, {"Node Type": "Bitmap Heap Scan", "Parent Relationship": "Inner", "Relation Name": "partsupp", "Alias": "partsupp", "Startup Cost": 1.57, "Total Cost": 9.71, "Plan Rows": 13, "Plan Width": 32, "Actual Startup Time": 109.514, "Actual Total Time": 752.491, "Actual Rows": 313920, "Actual Loops": 3924, "Recheck Cond": "(ps_suppkey = public.supplier.s_suppkey)", "Rows Removed by Index Recheck": 0, "Exact Heap Blocks": 313920, "Lossy Heap Blocks": 313920, "Plans": [{"Node Type": "Bitmap Index Scan", "Parent Relationship": "Outer", "Index Name": "idx_partsupp_suppkey", "Startup Cost": 0.0, "Total Cost": 1.56, "Plan Rows": 13, "Plan Width": 0, "Actual Startup Time": 70.02, "Actual Total Time": 70.02, "Actual Rows": 313920, "Actual Loops": 3924, "Index Cond": "(ps_suppkey = public.supplier.s_suppkey)"}]}]}]}]}, "Triggers": [], "Planner Runtime": 0, "Total Runtime": 2259.921, "Unique SQL Id": 2932834211}}, "(16, 39)": {"explain_plan": {"Plan": {"Node Type": "Sort", "Startup Cost": 2000084159245.82, "Total Cost": 2000084159380.27, "Plan Rows": 53780, "Plan Width": 40, "Sort Key": ["(sum((public.partsupp.ps_supplycost * (public.partsupp.ps_availqty)::double precision))) DESC"], "Plans": [{"Node Type": "Aggregate", "Strategy": "Plain", "Parent Relationship": "exec_init_plan", "Subplan Name": "InitPlan 1 (returns $2)", "Startup Cost": 1000001001502.42, "Total Cost": 1000001001502.43, "Plan Rows": 1, "Plan Width": 24, "Plans": [{"Node Type": "Nested Loop", "Parent Relationship": "Outer", "Join Type": "Inner", "Startup Cost": 10000000001.83, "Total Cost": 1000001001099.07, "Plan Rows": 53780, "Plan Width": 16, "Inner Unique": false, "Plans": [{"Node Type": "Nested Loop", "Parent Relationship": "Outer", "Join Type": "Inner", "Startup Cost": 10000000000.26, "Total Cost": 1000000961737.38, "Plan Rows": 4000, "Plan Width": 8, "Inner Unique": true, "Plans": [{"Node Type": "Index Scan", "Parent Relationship": "Outer", "Scan Direction": "Forward", "Index Name": "supplier_pkey", "Relation Name": "supplier", "Alias": "supplier", "Startup Cost": 10000000000.0, "Total Cost": 1000000533454.38, "Plan Rows": 100000, "Plan Width": 12}, {"Node Type": "Bitmap Heap Scan", "Parent Relationship": "Inner", "Relation Name": "nation", "Alias": "nation", "Startup Cost": 0.26, "Total Cost": 4.27, "Plan Rows": 1, "Plan Width": 4, "Recheck Cond": "(n_nationkey = public.supplier.s_nationkey)", "Filter": "(n_name = 'MOZAMBIQUE'::bpchar)", "Plans": [{"Node Type": "Bitmap Index Scan", "Parent Relationship": "Outer", "Index Name": "nation_pkey", "Startup Cost": 0.0, "Total Cost": 0.26, "Plan Rows": 1, "Plan Width": 0, "Index Cond": "(n_nationkey = public.supplier.s_nationkey)"}]}]}, {"Node Type": "Bitmap Heap Scan", "Parent Relationship": "Inner", "Relation Name": "partsupp", "Alias": "partsupp", "Startup Cost": 1.57, "Total Cost": 9.71, "Plan Rows": 13, "Plan Width": 24, "Recheck Cond": "(ps_suppkey = public.supplier.s_suppkey)", "Plans": [{"Node Type": "Bitmap Index Scan", "Parent Relationship": "Outer", "Index Name": "idx_partsupp_suppkey", "Startup Cost": 0.0, "Total Cost": 1.56, "Plan Rows": 13, "Plan Width": 0, "Index Cond": "(ps_suppkey = public.supplier.s_suppkey)"}]}]}]}, {"Node Type": "Aggregate", "Strategy": "Hashed", "Parent Relationship": "Outer", "Startup Cost": 1000083152845.44, "Total Cost": 1000083153517.69, "Plan Rows": 53780, "Plan Width": 40, "Group By Key": ["public.partsupp.ps_partkey"], "Filter": "(sum((public.partsupp.ps_supplycost * (public.partsupp.ps_availqty)::double precision)) > $2)", "Plans": [{"Node Type": "Nested Loop", "Parent Relationship": "Outer", "Join Type": "Inner", "Startup Cost": 10000000000.52, "Total Cost": 1000083151904.29, "Plan Rows": 53780, "Plan Width": 24, "Inner Unique": true, "Plans": [{"Node Type": "Nested Loop", "Parent Relationship": "Outer", "Join Type": "Inner", "Startup Cost": 10000000000.26, "Total Cost": 1000077393643.64, "Plan Rows": 1344499, "Plan Width": 28, "Inner Unique": true, "Plans": [{"Node Type": "Index Scan", "Parent Relationship": "Outer", "Scan Direction": "Forward", "Index Name": "idx_partsupp_partkey", "Relation Name": "partsupp", "Alias": "partsupp", "Startup Cost": 10000000000.0, "Total Cost": 1000043148503.38, "Plan Rows": 8000372, "Plan Width": 32}, {"Node Type": "Bitmap Heap Scan", "Parent Relationship": "Inner", "Relation Name": "supplier", "Alias": "supplier", "Startup Cost": 0.26, "Total Cost": 4.27, "Plan Rows": 1, "Plan Width": 12, "Recheck Cond": "(s_suppkey = public.partsupp.ps_suppkey)", "Plans": [{"Node Type": "Bitmap Index Scan", "Parent Relationship": "Outer", "Index Name": "supplier_pkey", "Startup Cost": 0.0, "Total Cost": 0.26, "Plan Rows": 1, "Plan Width": 0, "Index Cond": "(s_suppkey = public.partsupp.ps_suppkey)"}]}]}, {"Node Type": "Bitmap Heap Scan", "Parent Relationship": "Inner", "Relation Name": "nation", "Alias": "nation", "Startup Cost": 0.26, "Total Cost": 4.27, "Plan Rows": 1, "Plan Width": 4, "Recheck Cond": "(n_nationkey = public.supplier.s_nationkey)", "Filter": "(n_name = 'MOZAMBIQUE'::bpchar)", "Plans": [{"Node Type": "Bitmap Index Scan", "Parent Relationship": "Outer", "Index Name": "nation_pkey", "Startup Cost": 0.0, "Total Cost": 0.26, "Plan Rows": 1, "Plan Width": 0, "Index Cond": "(n_nationkey = public.supplier.s_nationkey)"}]}]}]}]}, "Unique SQL Id": 2932834211, "Planner Runtime": 0}, "explain_analyze_plan": null}, "(16, 40)": {"explain_plan": {"Plan": {"Node Type": "Sort", "Startup Cost": 89040.3, "Total Cost": 89174.75, "Plan Rows": 53780, "Plan Width": 40, "Sort Key": ["(sum((public.partsupp.ps_supplycost * (public.partsupp.ps_availqty)::double precision))) DESC"], "Plans": [{"Node Type": "Aggregate", "Strategy": "Plain", "Parent Relationship": "exec_init_plan", "Subplan Name": "InitPlan 1 (returns $1)", "Startup Cost": 41802.27, "Total Cost": 41802.28, "Plan Rows": 1, "Plan Width": 24, "Plans": [{"Node Type": "Nested Loop", "Parent Relationship": "Outer", "Join Type": "Inner", "Startup Cost": 1.32, "Total Cost": 41398.92, "Plan Rows": 53780, "Plan Width": 16, "Inner Unique": false, "Plans": [{"Node Type": "Hash Join", "Parent Relationship": "Outer", "Join Type": "Inner", "Startup Cost": 1.32, "Total Cost": 3574.95, "Plan Rows": 4000, "Plan Width": 8, "Inner Unique": true, "Hash Cond": "(public.supplier.s_nationkey = public.nation.n_nationkey)", "Plans": [{"Node Type": "Seq Scan", "Parent Relationship": "Outer", "Relation Name": "supplier", "Alias": "supplier", "Startup Cost": 0.0, "Total Cost": 3283.0, "Plan Rows": 100000, "Plan Width": 12}, {"Node Type": "Hash", "Parent Relationship": "Inner", "Startup Cost": 1.31, "Total Cost": 1.31, "Plan Rows": 1, "Plan Width": 4, "Plans": [{"Node Type": "Seq Scan", "Parent Relationship": "Outer", "Relation Name": "nation", "Alias": "nation", "Startup Cost": 0.0, "Total Cost": 1.31, "Plan Rows": 1, "Plan Width": 4, "Filter": "(n_name = 'MOZAMBIQUE'::bpchar)"}]}]}, {"Node Type": "Index Scan", "Parent Relationship": "Inner", "Scan Direction": "Forward", "Index Name": "idx_partsupp_suppkey", "Relation Name": "partsupp", "Alias": "partsupp", "Startup Cost": 0.0, "Total Cost": 9.33, "Plan Rows": 13, "Plan Width": 24, "Index Cond": "(ps_suppkey = public.supplier.s_suppkey)"}]}]}, {"Node Type": "Aggregate", "Strategy": "Hashed", "Parent Relationship": "Outer", "Startup Cost": 42340.07, "Total Cost": 43012.32, "Plan Rows": 53780, "Plan Width": 40, "Group By Key": ["public.partsupp.ps_partkey"], "Filter": "(sum((public.partsupp.ps_supplycost * (public.partsupp.ps_availqty)::double precision)) > $1)", "Plans": [{"Node Type": "Nested Loop", "Parent Relationship": "Outer", "Join Type": "Inner", "Startup Cost": 1.32, "Total Cost": 41398.92, "Plan Rows": 53780, "Plan Width": 24, "Inner Unique": false, "Plans": [{"Node Type": "Hash Join", "Parent Relationship": "Outer", "Join Type": "Inner", "Startup Cost": 1.32, "Total Cost": 3574.95, "Plan Rows": 4000, "Plan Width": 8, "Inner Unique": true, "Hash Cond": "(public.supplier.s_nationkey = public.nation.n_nationkey)", "Plans": [{"Node Type": "Seq Scan", "Parent Relationship": "Outer", "Relation Name": "supplier", "Alias": "supplier", "Startup Cost": 0.0, "Total Cost": 3283.0, "Plan Rows": 100000, "Plan Width": 12}, {"Node Type": "Hash", "Parent Relationship": "Inner", "Startup Cost": 1.31, "Total Cost": 1.31, "Plan Rows": 1, "Plan Width": 4, "Plans": [{"Node Type": "Seq Scan", "Parent Relationship": "Outer", "Relation Name": "nation", "Alias": "nation", "Startup Cost": 0.0, "Total Cost": 1.31, "Plan Rows": 1, "Plan Width": 4, "Filter": "(n_name = 'MOZAMBIQUE'::bpchar)"}]}]}, {"Node Type": "Index Scan", "Parent Relationship": "Inner", "Scan Direction": "Forward", "Index Name": "idx_partsupp_suppkey", "Relation Name": "partsupp", "Alias": "partsupp", "Startup Cost": 0.0, "Total Cost": 9.33, "Plan Rows": 13, "Plan Width": 32, "Index Cond": "(ps_suppkey = public.supplier.s_suppkey)"}]}]}]}, "Unique SQL Id": 2932834211, "Planner Runtime": 0}, "explain_analyze_plan": {"Plan": {"Node Type": "Sort", "Startup Cost": 89040.3, "Total Cost": 89174.75, "Plan Rows": 53780, "Plan Width": 40, "Actual Startup Time": 2218.613, "Actual Total Time": 2218.613, "Actual Rows": 0, "Actual Loops": 1, "Sort Key": ["(sum((public.partsupp.ps_supplycost * (public.partsupp.ps_availqty)::double precision))) DESC"], "Sort Method": "quicksort", "Sort Space Used": 25, "Sort Space Type": "Memory", "Plans": [{"Node Type": "Aggregate", "Strategy": "Plain", "Parent Relationship": "exec_init_plan", "Subplan Name": "InitPlan 1 (returns $1)", "Startup Cost": 41802.27, "Total Cost": 41802.28, "Plan Rows": 1, "Plan Width": 24, "Actual Startup Time": 958.478, "Actual Total Time": 958.478, "Actual Rows": 1, "Actual Loops": 1, "Plans": [{"Node Type": "Nested Loop", "Parent Relationship": "Outer", "Join Type": "Inner", "Startup Cost": 1.32, "Total Cost": 41398.92, "Plan Rows": 53780, "Plan Width": 16, "Actual Startup Time": 0.167, "Actual Total Time": 820.918, "Actual Rows": 313920, "Actual Loops": 1, "Inner Unique": false, "Plans": [{"Node Type": "Hash Join", "Parent Relationship": "Outer", "Join Type": "Inner", "Startup Cost": 1.32, "Total Cost": 3574.95, "Plan Rows": 4000, "Plan Width": 8, "Actual Startup Time": 0.139, "Actual Total Time": 52.901, "Actual Rows": 3924, "Actual Loops": 1, "Inner Unique": true, "Hash Cond": "(public.supplier.s_nationkey = public.nation.n_nationkey)", "Plans": [{"Node Type": "Seq Scan", "Parent Relationship": "Outer", "Relation Name": "supplier", "Alias": "supplier", "Startup Cost": 0.0, "Total Cost": 3283.0, "Plan Rows": 100000, "Plan Width": 12, "Actual Startup Time": 0.027, "Actual Total Time": 30.589, "Actual Rows": 100000, "Actual Loops": 1}, {"Node Type": "Hash", "Parent Relationship": "Inner", "Startup Cost": 1.31, "Total Cost": 1.31, "Plan Rows": 1, "Plan Width": 4, "Actual Startup Time": 0.041, "Actual Total Time": 0.041, "Actual Rows": 1, "Actual Loops": 1, "Hash Buckets": 32768, "Hash Batches": 1, "Original Hash Batches": 1, "Peak Memory Usage": 1, "Plans": [{"Node Type": "Seq Scan", "Parent Relationship": "Outer", "Relation Name": "nation", "Alias": "nation", "Startup Cost": 0.0, "Total Cost": 1.31, "Plan Rows": 1, "Plan Width": 4, "Actual Startup Time": 0.03, "Actual Total Time": 0.033, "Actual Rows": 1, "Actual Loops": 1, "Filter": "(n_name = 'MOZAMBIQUE'::bpchar)", "Rows Removed by Filter": 24}]}]}, {"Node Type": "Index Scan", "Parent Relationship": "Inner", "Scan Direction": "Forward", "Index Name": "idx_partsupp_suppkey", "Relation Name": "partsupp", "Alias": "partsupp", "Startup Cost": 0.0, "Total Cost": 9.33, "Plan Rows": 13, "Plan Width": 24, "Actual Startup Time": 52.489, "Actual Total Time": 700.539, "Actual Rows": 313920, "Actual Loops": 3924, "Index Cond": "(ps_suppkey = public.supplier.s_suppkey)", "Rows Removed by Index Recheck": 0}]}]}, {"Node Type": "Aggregate", "Strategy": "Hashed", "Parent Relationship": "Outer", "Startup Cost": 42340.07, "Total Cost": 43012.32, "Plan Rows": 53780, "Plan Width": 40, "Actual Startup Time": 2218.071, "Actual Total Time": 2218.071, "Actual Rows": 0, "Actual Loops": 1, "Group By Key": ["public.partsupp.ps_partkey"], "Filter": "(sum((public.partsupp.ps_supplycost * (public.partsupp.ps_availqty)::double precision)) > $1)", "Rows Removed by Filter": 295792, "Plans": [{"Node Type": "Nested Loop", "Parent Relationship": "Outer", "Join Type": "Inner", "Startup Cost": 1.32, "Total Cost": 41398.92, "Plan Rows": 53780, "Plan Width": 24, "Actual Startup Time": 0.114, "Actual Total Time": 847.003, "Actual Rows": 313920, "Actual Loops": 1, "Inner Unique": false, "Plans": [{"Node Type": "Hash Join", "Parent Relationship": "Outer", "Join Type": "Inner", "Startup Cost": 1.32, "Total Cost": 3574.95, "Plan Rows": 4000, "Plan Width": 8, "Actual Startup Time": 0.089, "Actual Total Time": 54.895, "Actual Rows": 3924, "Actual Loops": 1, "Inner Unique": true, "Hash Cond": "(public.supplier.s_nationkey = public.nation.n_nationkey)", "Plans": [{"Node Type": "Seq Scan", "Parent Relationship": "Outer", "Relation Name": "supplier", "Alias": "supplier", "Startup Cost": 0.0, "Total Cost": 3283.0, "Plan Rows": 100000, "Plan Width": 12, "Actual Startup Time": 0.016, "Actual Total Time": 31.431, "Actual Rows": 100000, "Actual Loops": 1}, {"Node Type": "Hash", "Parent Relationship": "Inner", "Startup Cost": 1.31, "Total Cost": 1.31, "Plan Rows": 1, "Plan Width": 4, "Actual Startup Time": 0.027, "Actual Total Time": 0.027, "Actual Rows": 1, "Actual Loops": 1, "Hash Buckets": 32768, "Hash Batches": 1, "Original Hash Batches": 1, "Peak Memory Usage": 1, "Plans": [{"Node Type": "Seq Scan", "Parent Relationship": "Outer", "Relation Name": "nation", "Alias": "nation", "Startup Cost": 0.0, "Total Cost": 1.31, "Plan Rows": 1, "Plan Width": 4, "Actual Startup Time": 0.019, "Actual Total Time": 0.023, "Actual Rows": 1, "Actual Loops": 1, "Filter": "(n_name = 'MOZAMBIQUE'::bpchar)", "Rows Removed by Filter": 24}]}]}, {"Node Type": "Index Scan", "Parent Relationship": "Inner", "Scan Direction": "Forward", "Index Name": "idx_partsupp_suppkey", "Relation Name": "partsupp", "Alias": "partsupp", "Startup Cost": 0.0, "Total Cost": 9.33, "Plan Rows": 13, "Plan Width": 32, "Actual Startup Time": 54.864, "Actual Total Time": 720.004, "Actual Rows": 313920, "Actual Loops": 3924, "Index Cond": "(ps_suppkey = public.supplier.s_suppkey)", "Rows Removed by Index Recheck": 0}]}]}]}, "Triggers": [], "Planner Runtime": 1, "Total Runtime": 2218.902, "Unique SQL Id": 2932834211}}, "(16, 41)": {"explain_plan": {"Plan": {"Node Type": "Sort", "Startup Cost": 93166.14, "Total Cost": 93300.59, "Plan Rows": 53780, "Plan Width": 40, "Sort Key": ["(sum((public.partsupp.ps_supplycost * (public.partsupp.ps_availqty)::double precision))) DESC"], "Plans": [{"Node Type": "Aggregate", "Strategy": "Plain", "Parent Relationship": "exec_init_plan", "Subplan Name": "InitPlan 1 (returns $1)", "Startup Cost": 43865.19, "Total Cost": 43865.2, "Plan Rows": 1, "Plan Width": 24, "Plans": [{"Node Type": "Nested Loop", "Parent Relationship": "Outer", "Join Type": "Inner", "Startup Cost": 12.7, "Total Cost": 43461.84, "Plan Rows": 53780, "Plan Width": 16, "Inner Unique": false, "Plans": [{"Node Type": "Hash Join", "Parent Relationship": "Outer", "Join Type": "Inner", "Startup Cost": 12.7, "Total Cost": 5637.87, "Plan Rows": 4000, "Plan Width": 8, "Inner Unique": true, "Hash Cond": "(public.supplier.s_nationkey = public.nation.n_nationkey)", "Plans": [{"Node Type": "Index Scan", "Parent Relationship": "Outer", "Scan Direction": "Forward", "Index Name": "supplier_pkey", "Relation Name": "supplier", "Alias": "supplier", "Startup Cost": 0.0, "Total Cost": 5334.54, "Plan Rows": 100000, "Plan Width": 12}, {"Node Type": "Hash", "Parent Relationship": "Inner", "Startup Cost": 12.69, "Total Cost": 12.69, "Plan Rows": 1, "Plan Width": 4, "Plans": [{"Node Type": "Index Scan", "Parent Relationship": "Outer", "Scan Direction": "Forward", "Index Name": "nation_pkey", "Relation Name": "nation", "Alias": "nation", "Startup Cost": 0.0, "Total Cost": 12.69, "Plan Rows": 1, "Plan Width": 4, "Filter": "(n_name = 'MOZAMBIQUE'::bpchar)"}]}]}, {"Node Type": "Index Scan", "Parent Relationship": "Inner", "Scan Direction": "Forward", "Index Name": "idx_partsupp_suppkey", "Relation Name": "partsupp", "Alias": "partsupp", "Startup Cost": 0.0, "Total Cost": 9.33, "Plan Rows": 13, "Plan Width": 24, "Index Cond": "(ps_suppkey = public.supplier.s_suppkey)"}]}]}, {"Node Type": "Aggregate", "Strategy": "Hashed", "Parent Relationship": "Outer", "Startup Cost": 44402.99, "Total Cost": 45075.24, "Plan Rows": 53780, "Plan Width": 40, "Group By Key": ["public.partsupp.ps_partkey"], "Filter": "(sum((public.partsupp.ps_supplycost * (public.partsupp.ps_availqty)::double precision)) > $1)", "Plans": [{"Node Type": "Nested Loop", "Parent Relationship": "Outer", "Join Type": "Inner", "Startup Cost": 12.7, "Total Cost": 43461.84, "Plan Rows": 53780, "Plan Width": 24, "Inner Unique": false, "Plans": [{"Node Type": "Hash Join", "Parent Relationship": "Outer", "Join Type": "Inner", "Startup Cost": 12.7, "Total Cost": 5637.87, "Plan Rows": 4000, "Plan Width": 8, "Inner Unique": true, "Hash Cond": "(public.supplier.s_nationkey = public.nation.n_nationkey)", "Plans": [{"Node Type": "Index Scan", "Parent Relationship": "Outer", "Scan Direction": "Forward", "Index Name": "supplier_pkey", "Relation Name": "supplier", "Alias": "supplier", "Startup Cost": 0.0, "Total Cost": 5334.54, "Plan Rows": 100000, "Plan Width": 12}, {"Node Type": "Hash", "Parent Relationship": "Inner", "Startup Cost": 12.69, "Total Cost": 12.69, "Plan Rows": 1, "Plan Width": 4, "Plans": [{"Node Type": "Index Scan", "Parent Relationship": "Outer", "Scan Direction": "Forward", "Index Name": "nation_pkey", "Relation Name": "nation", "Alias": "nation", "Startup Cost": 0.0, "Total Cost": 12.69, "Plan Rows": 1, "Plan Width": 4, "Filter": "(n_name = 'MOZAMBIQUE'::bpchar)"}]}]}, {"Node Type": "Index Scan", "Parent Relationship": "Inner", "Scan Direction": "Forward", "Index Name": "idx_partsupp_suppkey", "Relation Name": "partsupp", "Alias": "partsupp", "Startup Cost": 0.0, "Total Cost": 9.33, "Plan Rows": 13, "Plan Width": 32, "Index Cond": "(ps_suppkey = public.supplier.s_suppkey)"}]}]}]}, "Unique SQL Id": 2932834211, "Planner Runtime": 0}, "explain_analyze_plan": {"Plan": {"Node Type": "Sort", "Startup Cost": 93166.14, "Total Cost": 93300.59, "Plan Rows": 53780, "Plan Width": 40, "Actual Startup Time": 2247.026, "Actual Total Time": 2247.026, "Actual Rows": 0, "Actual Loops": 1, "Sort Key": ["(sum((public.partsupp.ps_supplycost * (public.partsupp.ps_availqty)::double precision))) DESC"], "Sort Method": "quicksort", "Sort Space Used": 25, "Sort Space Type": "Memory", "Plans": [{"Node Type": "Aggregate", "Strategy": "Plain", "Parent Relationship": "exec_init_plan", "Subplan Name": "InitPlan 1 (returns $1)", "Startup Cost": 43865.19, "Total Cost": 43865.2, "Plan Rows": 1, "Plan Width": 24, "Actual Startup Time": 978.111, "Actual Total Time": 978.112, "Actual Rows": 1, "Actual Loops": 1, "Plans": [{"Node Type": "Nested Loop", "Parent Relationship": "Outer", "Join Type": "Inner", "Startup Cost": 12.7, "Total Cost": 43461.84, "Plan Rows": 53780, "Plan Width": 16, "Actual Startup Time": 0.181, "Actual Total Time": 843.297, "Actual Rows": 313920, "Actual Loops": 1, "Inner Unique": false, "Plans": [{"Node Type": "Hash Join", "Parent Relationship": "Outer", "Join Type": "Inner", "Startup Cost": 12.7, "Total Cost": 5637.87, "Plan Rows": 4000, "Plan Width": 8, "Actual Startup Time": 0.159, "Actual Total Time": 89.116, "Actual Rows": 3924, "Actual Loops": 1, "Inner Unique": true, "Hash Cond": "(public.supplier.s_nationkey = public.nation.n_nationkey)", "Plans": [{"Node Type": "Index Scan", "Parent Relationship": "Outer", "Scan Direction": "Forward", "Index Name": "supplier_pkey", "Relation Name": "supplier", "Alias": "supplier", "Startup Cost": 0.0, "Total Cost": 5334.54, "Plan Rows": 100000, "Plan Width": 12, "Actual Startup Time": 0.033, "Actual Total Time": 68.123, "Actual Rows": 100000, "Actual Loops": 1}, {"Node Type": "Hash", "Parent Relationship": "Inner", "Startup Cost": 12.69, "Total Cost": 12.69, "Plan Rows": 1, "Plan Width": 4, "Actual Startup Time": 0.051, "Actual Total Time": 0.051, "Actual Rows": 1, "Actual Loops": 1, "Hash Buckets": 32768, "Hash Batches": 1, "Original Hash Batches": 1, "Peak Memory Usage": 1, "Plans": [{"Node Type": "Index Scan", "Parent Relationship": "Outer", "Scan Direction": "Forward", "Index Name": "nation_pkey", "Relation Name": "nation", "Alias": "nation", "Startup Cost": 0.0, "Total Cost": 12.69, "Plan Rows": 1, "Plan Width": 4, "Actual Startup Time": 0.034, "Actual Total Time": 0.042, "Actual Rows": 1, "Actual Loops": 1, "Filter": "(n_name = 'MOZAMBIQUE'::bpchar)", "Rows Removed by Filter": 24}]}]}, {"Node Type": "Index Scan", "Parent Relationship": "Inner", "Scan Direction": "Forward", "Index Name": "idx_partsupp_suppkey", "Relation Name": "partsupp", "Alias": "partsupp", "Startup Cost": 0.0, "Total Cost": 9.33, "Plan Rows": 13, "Plan Width": 24, "Actual Startup Time": 54.712, "Actual Total Time": 687.849, "Actual Rows": 313920, "Actual Loops": 3924, "Index Cond": "(ps_suppkey = public.supplier.s_suppkey)", "Rows Removed by Index Recheck": 0}]}]}, {"Node Type": "Aggregate", "Strategy": "Hashed", "Parent Relationship": "Outer", "Startup Cost": 44402.99, "Total Cost": 45075.24, "Plan Rows": 53780, "Plan Width": 40, "Actual Startup Time": 2246.631, "Actual Total Time": 2246.631, "Actual Rows": 0, "Actual Loops": 1, "Group By Key": ["public.partsupp.ps_partkey"], "Filter": "(sum((public.partsupp.ps_supplycost * (public.partsupp.ps_availqty)::double precision)) > $1)", "Rows Removed by Filter": 295792, "Plans": [{"Node Type": "Nested Loop", "Parent Relationship": "Outer", "Join Type": "Inner", "Startup Cost": 12.7, "Total Cost": 43461.84, "Plan Rows": 53780, "Plan Width": 24, "Actual Startup Time": 0.126, "Actual Total Time": 860.858, "Actual Rows": 313920, "Actual Loops": 1, "Inner Unique": false, "Plans": [{"Node Type": "Hash Join", "Parent Relationship": "Outer", "Join Type": "Inner", "Startup Cost": 12.7, "Total Cost": 5637.87, "Plan Rows": 4000, "Plan Width": 8, "Actual Startup Time": 0.104, "Actual Total Time": 85.54, "Actual Rows": 3924, "Actual Loops": 1, "Inner Unique": true, "Hash Cond": "(public.supplier.s_nationkey = public.nation.n_nationkey)", "Plans": [{"Node Type": "Index Scan", "Parent Relationship": "Outer", "Scan Direction": "Forward", "Index Name": "supplier_pkey", "Relation Name": "supplier", "Alias": "supplier", "Startup Cost": 0.0, "Total Cost": 5334.54, "Plan Rows": 100000, "Plan Width": 12, "Actual Startup Time": 0.022, "Actual Total Time": 64.371, "Actual Rows": 100000, "Actual Loops": 1}, {"Node Type": "Hash", "Parent Relationship": "Inner", "Startup Cost": 12.69, "Total Cost": 12.69, "Plan Rows": 1, "Plan Width": 4, "Actual Startup Time": 0.029, "Actual Total Time": 0.029, "Actual Rows": 1, "Actual Loops": 1, "Hash Buckets": 32768, "Hash Batches": 1, "Original Hash Batches": 1, "Peak Memory Usage": 1, "Plans": [{"Node Type": "Index Scan", "Parent Relationship": "Outer", "Scan Direction": "Forward", "Index Name": "nation_pkey", "Relation Name": "nation", "Alias": "nation", "Startup Cost": 0.0, "Total Cost": 12.69, "Plan Rows": 1, "Plan Width": 4, "Actual Startup Time": 0.019, "Actual Total Time": 0.024, "Actual Rows": 1, "Actual Loops": 1, "Filter": "(n_name = 'MOZAMBIQUE'::bpchar)", "Rows Removed by Filter": 24}]}]}, {"Node Type": "Index Scan", "Parent Relationship": "Inner", "Scan Direction": "Forward", "Index Name": "idx_partsupp_suppkey", "Relation Name": "partsupp", "Alias": "partsupp", "Startup Cost": 0.0, "Total Cost": 9.33, "Plan Rows": 13, "Plan Width": 32, "Actual Startup Time": 51.789, "Actual Total Time": 704.818, "Actual Rows": 313920, "Actual Loops": 3924, "Index Cond": "(ps_suppkey = public.supplier.s_suppkey)", "Rows Removed by Index Recheck": 0}]}]}]}, "Triggers": [], "Planner Runtime": 0, "Total Runtime": 2247.303, "Unique SQL Id": 2932834211}}, "(16, 42)": {"explain_plan": {"Plan": {"Node Type": "Sort", "Startup Cost": 614546.2, "Total Cost": 614680.65, "Plan Rows": 53780, "Plan Width": 40, "Sort Key": ["(sum((public.partsupp.ps_supplycost * (public.partsupp.ps_availqty)::double precision))) DESC"], "Plans": [{"Node Type": "Aggregate", "Strategy": "Plain", "Parent Relationship": "exec_init_plan", "Subplan Name": "InitPlan 1 (returns $0)", "Startup Cost": 304555.21, "Total Cost": 304555.23, "Plan Rows": 1, "Plan Width": 24, "Plans": [{"Node Type": "Hash Join", "Parent Relationship": "Outer", "Join Type": "Inner", "Startup Cost": 3624.95, "Total Cost": 304151.86, "Plan Rows": 53780, "Plan Width": 16, "Inner Unique": false, "Hash Cond": "(public.partsupp.ps_suppkey = public.supplier.s_suppkey)", "Plans": [{"Node Type": "Seq Scan", "Parent Relationship": "Outer", "Relation Name": "partsupp", "Alias": "partsupp", "Startup Cost": 0.0, "Total Cost": 269987.72, "Plan Rows": 8000372, "Plan Width": 24}, {"Node Type": "Hash", "Parent Relationship": "Inner", "Startup Cost": 3574.95, "Total Cost": 3574.95, "Plan Rows": 4000, "Plan Width": 8, "Plans": [{"Node Type": "Hash Join", "Parent Relationship": "Outer", "Join Type": "Inner", "Startup Cost": 1.32, "Total Cost": 3574.95, "Plan Rows": 4000, "Plan Width": 8, "Inner Unique": true, "Hash Cond": "(public.supplier.s_nationkey = public.nation.n_nationkey)", "Plans": [{"Node Type": "Seq Scan", "Parent Relationship": "Outer", "Relation Name": "supplier", "Alias": "supplier", "Startup Cost": 0.0, "Total Cost": 3283.0, "Plan Rows": 100000, "Plan Width": 12}, {"Node Type": "Hash", "Parent Relationship": "Inner", "Startup Cost": 1.31, "Total Cost": 1.31, "Plan Rows": 1, "Plan Width": 4, "Plans": [{"Node Type": "Seq Scan", "Parent Relationship": "Outer", "Relation Name": "nation", "Alias": "nation", "Startup Cost": 0.0, "Total Cost": 1.31, "Plan Rows": 1, "Plan Width": 4, "Filter": "(n_name = 'MOZAMBIQUE'::bpchar)"}]}]}]}]}]}, {"Node Type": "Aggregate", "Strategy": "Hashed", "Parent Relationship": "Outer", "Startup Cost": 305093.02, "Total Cost": 305765.27, "Plan Rows": 53780, "Plan Width": 40, "Group By Key": ["public.partsupp.ps_partkey"], "Filter": "(sum((public.partsupp.ps_supplycost * (public.partsupp.ps_availqty)::double precision)) > $0)", "Plans": [{"Node Type": "Hash Join", "Parent Relationship": "Outer", "Join Type": "Inner", "Startup Cost": 3624.95, "Total Cost": 304151.86, "Plan Rows": 53780, "Plan Width": 24, "Inner Unique": false, "Hash Cond": "(public.partsupp.ps_suppkey = public.supplier.s_suppkey)", "Plans": [{"Node Type": "Seq Scan", "Parent Relationship": "Outer", "Relation Name": "partsupp", "Alias": "partsupp", "Startup Cost": 0.0, "Total Cost": 269987.72, "Plan Rows": 8000372, "Plan Width": 32}, {"Node Type": "Hash", "Parent Relationship": "Inner", "Startup Cost": 3574.95, "Total Cost": 3574.95, "Plan Rows": 4000, "Plan Width": 8, "Plans": [{"Node Type": "Hash Join", "Parent Relationship": "Outer", "Join Type": "Inner", "Startup Cost": 1.32, "Total Cost": 3574.95, "Plan Rows": 4000, "Plan Width": 8, "Inner Unique": true, "Hash Cond": "(public.supplier.s_nationkey = public.nation.n_nationkey)", "Plans": [{"Node Type": "Seq Scan", "Parent Relationship": "Outer", "Relation Name": "supplier", "Alias": "supplier", "Startup Cost": 0.0, "Total Cost": 3283.0, "Plan Rows": 100000, "Plan Width": 12}, {"Node Type": "Hash", "Parent Relationship": "Inner", "Startup Cost": 1.31, "Total Cost": 1.31, "Plan Rows": 1, "Plan Width": 4, "Plans": [{"Node Type": "Seq Scan", "Parent Relationship": "Outer", "Relation Name": "nation", "Alias": "nation", "Startup Cost": 0.0, "Total Cost": 1.31, "Plan Rows": 1, "Plan Width": 4, "Filter": "(n_name = 'MOZAMBIQUE'::bpchar)"}]}]}]}]}]}]}, "Unique SQL Id": 2932834211, "Planner Runtime": 0}, "explain_analyze_plan": null}, "(16, 43)": {"explain_plan": {"Plan": {"Node Type": "Sort", "Startup Cost": 6001104432332.89, "Total Cost": 6001104432467.34, "Plan Rows": 53780, "Plan Width": 40, "Sort Key": ["(sum((public.partsupp.ps_supplycost * (public.partsupp.ps_availqty)::double precision))) DESC"], "Plans": [{"Node Type": "Aggregate", "Strategy": "Plain", "Parent Relationship": "exec_init_plan", "Subplan Name": "InitPlan 1 (returns $0)", "Startup Cost": 3000580719437.25, "Total Cost": 3000580719437.27, "Plan Rows": 1, "Plan Width": 24, "Plans": [{"Node Type": "Nested Loop", "Parent Relationship": "Outer", "Join Type": "Inner", "Startup Cost": 30000000000.0, "Total Cost": 3000580719033.9, "Plan Rows": 53780, "Plan Width": 16, "Inner Unique": false, "Join Filter": "(public.supplier.s_suppkey = public.partsupp.ps_suppkey)", "Plans": [{"Node Type": "Index Scan", "Parent Relationship": "Outer", "Scan Direction": "Forward", "Index Name": "idx_partsupp_suppkey", "Relation Name": "partsupp", "Alias": "partsupp", "Startup Cost": 10000000000.0, "Total Cost": 1000100160480.77, "Plan Rows": 8000372, "Plan Width": 24}, {"Node Type": "Materialize", "Parent Relationship": "Inner", "Startup Cost": 20000000000.0, "Total Cost": 2000000536243.13, "Plan Rows": 4000, "Plan Width": 8, "Plans": [{"Node Type": "Nested Loop", "Parent Relationship": "Outer", "Join Type": "Inner", "Startup Cost": 20000000000.0, "Total Cost": 2000000536223.13, "Plan Rows": 4000, "Plan Width": 8, "Inner Unique": true, "Join Filter": "(public.supplier.s_nationkey = public.nation.n_nationkey)", "Plans": [{"Node Type": "Index Scan", "Parent Relationship": "Outer", "Scan Direction": "Forward", "Index Name": "supplier_pkey", "Relation Name": "supplier", "Alias": "supplier", "Startup Cost": 10000000000.0, "Total Cost": 1000000533454.38, "Plan Rows": 100000, "Plan Width": 12}, {"Node Type": "Materialize", "Parent Relationship": "Inner", "Startup Cost": 10000000000.0, "Total Cost": 1000000001268.76, "Plan Rows": 1, "Plan Width": 4, "Plans": [{"Node Type": "Index Scan", "Parent Relationship": "Outer", "Scan Direction": "Forward", "Index Name": "nation_pkey", "Relation Name": "nation", "Alias": "nation", "Startup Cost": 10000000000.0, "Total Cost": 1000000001268.75, "Plan Rows": 1, "Plan Width": 4, "Filter": "(n_name = 'MOZAMBIQUE'::bpchar)"}]}]}]}]}]}, {"Node Type": "Aggregate", "Strategy": "Hashed", "Parent Relationship": "Outer", "Startup Cost": 3000523707997.67, "Total Cost": 3000523708669.92, "Plan Rows": 53780, "Plan Width": 40, "Group By Key": ["public.partsupp.ps_partkey"], "Filter": "(sum((public.partsupp.ps_supplycost * (public.partsupp.ps_availqty)::double precision)) > $0)", "Plans": [{"Node Type": "Nested Loop", "Parent Relationship": "Outer", "Join Type": "Inner", "Startup Cost": 30000000000.0, "Total Cost": 3000523707056.51, "Plan Rows": 53780, "Plan Width": 24, "Inner Unique": false, "Join Filter": "(public.supplier.s_suppkey = public.partsupp.ps_suppkey)", "Plans": [{"Node Type": "Index Scan", "Parent Relationship": "Outer", "Scan Direction": "Forward", "Index Name": "idx_partsupp_partkey", "Relation Name": "partsupp", "Alias": "partsupp", "Startup Cost": 10000000000.0, "Total Cost": 1000043148503.38, "Plan Rows": 8000372, "Plan Width": 32}, {"Node Type": "Materialize", "Parent Relationship": "Inner", "Startup Cost": 20000000000.0, "Total Cost": 2000000536243.13, "Plan Rows": 4000, "Plan Width": 8, "Plans": [{"Node Type": "Nested Loop", "Parent Relationship": "Outer", "Join Type": "Inner", "Startup Cost": 20000000000.0, "Total Cost": 2000000536223.13, "Plan Rows": 4000, "Plan Width": 8, "Inner Unique": true, "Join Filter": "(public.supplier.s_nationkey = public.nation.n_nationkey)", "Plans": [{"Node Type": "Index Scan", "Parent Relationship": "Outer", "Scan Direction": "Forward", "Index Name": "supplier_pkey", "Relation Name": "supplier", "Alias": "supplier", "Startup Cost": 10000000000.0, "Total Cost": 1000000533454.38, "Plan Rows": 100000, "Plan Width": 12}, {"Node Type": "Materialize", "Parent Relationship": "Inner", "Startup Cost": 10000000000.0, "Total Cost": 1000000001268.76, "Plan Rows": 1, "Plan Width": 4, "Plans": [{"Node Type": "Index Scan", "Parent Relationship": "Outer", "Scan Direction": "Forward", "Index Name": "nation_pkey", "Relation Name": "nation", "Alias": "nation", "Startup Cost": 10000000000.0, "Total Cost": 1000000001268.75, "Plan Rows": 1, "Plan Width": 4, "Filter": "(n_name = 'MOZAMBIQUE'::bpchar)"}]}]}]}]}]}]}, "Unique SQL Id": 2932834211, "Planner Runtime": 0}, "explain_analyze_plan": null}, "(16, 44)": {"explain_plan": {"Plan": {"Node Type": "Sort", "Startup Cost": 89040.3, "Total Cost": 89174.75, "Plan Rows": 53780, "Plan Width": 40, "Sort Key": ["(sum((public.partsupp.ps_supplycost * (public.partsupp.ps_availqty)::double precision))) DESC"], "Plans": [{"Node Type": "Aggregate", "Strategy": "Plain", "Parent Relationship": "exec_init_plan", "Subplan Name": "InitPlan 1 (returns $1)", "Startup Cost": 41802.27, "Total Cost": 41802.28, "Plan Rows": 1, "Plan Width": 24, "Plans": [{"Node Type": "Nested Loop", "Parent Relationship": "Outer", "Join Type": "Inner", "Startup Cost": 1.32, "Total Cost": 41398.92, "Plan Rows": 53780, "Plan Width": 16, "Inner Unique": false, "Plans": [{"Node Type": "Hash Join", "Parent Relationship": "Outer", "Join Type": "Inner", "Startup Cost": 1.32, "Total Cost": 3574.95, "Plan Rows": 4000, "Plan Width": 8, "Inner Unique": true, "Hash Cond": "(public.supplier.s_nationkey = public.nation.n_nationkey)", "Plans": [{"Node Type": "Seq Scan", "Parent Relationship": "Outer", "Relation Name": "supplier", "Alias": "supplier", "Startup Cost": 0.0, "Total Cost": 3283.0, "Plan Rows": 100000, "Plan Width": 12}, {"Node Type": "Hash", "Parent Relationship": "Inner", "Startup Cost": 1.31, "Total Cost": 1.31, "Plan Rows": 1, "Plan Width": 4, "Plans": [{"Node Type": "Seq Scan", "Parent Relationship": "Outer", "Relation Name": "nation", "Alias": "nation", "Startup Cost": 0.0, "Total Cost": 1.31, "Plan Rows": 1, "Plan Width": 4, "Filter": "(n_name = 'MOZAMBIQUE'::bpchar)"}]}]}, {"Node Type": "Index Scan", "Parent Relationship": "Inner", "Scan Direction": "Forward", "Index Name": "idx_partsupp_suppkey", "Relation Name": "partsupp", "Alias": "partsupp", "Startup Cost": 0.0, "Total Cost": 9.33, "Plan Rows": 13, "Plan Width": 24, "Index Cond": "(ps_suppkey = public.supplier.s_suppkey)"}]}]}, {"Node Type": "Aggregate", "Strategy": "Hashed", "Parent Relationship": "Outer", "Startup Cost": 42340.07, "Total Cost": 43012.32, "Plan Rows": 53780, "Plan Width": 40, "Group By Key": ["public.partsupp.ps_partkey"], "Filter": "(sum((public.partsupp.ps_supplycost * (public.partsupp.ps_availqty)::double precision)) > $1)", "Plans": [{"Node Type": "Nested Loop", "Parent Relationship": "Outer", "Join Type": "Inner", "Startup Cost": 1.32, "Total Cost": 41398.92, "Plan Rows": 53780, "Plan Width": 24, "Inner Unique": false, "Plans": [{"Node Type": "Hash Join", "Parent Relationship": "Outer", "Join Type": "Inner", "Startup Cost": 1.32, "Total Cost": 3574.95, "Plan Rows": 4000, "Plan Width": 8, "Inner Unique": true, "Hash Cond": "(public.supplier.s_nationkey = public.nation.n_nationkey)", "Plans": [{"Node Type": "Seq Scan", "Parent Relationship": "Outer", "Relation Name": "supplier", "Alias": "supplier", "Startup Cost": 0.0, "Total Cost": 3283.0, "Plan Rows": 100000, "Plan Width": 12}, {"Node Type": "Hash", "Parent Relationship": "Inner", "Startup Cost": 1.31, "Total Cost": 1.31, "Plan Rows": 1, "Plan Width": 4, "Plans": [{"Node Type": "Seq Scan", "Parent Relationship": "Outer", "Relation Name": "nation", "Alias": "nation", "Startup Cost": 0.0, "Total Cost": 1.31, "Plan Rows": 1, "Plan Width": 4, "Filter": "(n_name = 'MOZAMBIQUE'::bpchar)"}]}]}, {"Node Type": "Index Scan", "Parent Relationship": "Inner", "Scan Direction": "Forward", "Index Name": "idx_partsupp_suppkey", "Relation Name": "partsupp", "Alias": "partsupp", "Startup Cost": 0.0, "Total Cost": 9.33, "Plan Rows": 13, "Plan Width": 32, "Index Cond": "(ps_suppkey = public.supplier.s_suppkey)"}]}]}]}, "Unique SQL Id": 2932834211, "Planner Runtime": 0}, "explain_analyze_plan": {"Plan": {"Node Type": "Sort", "Startup Cost": 89040.3, "Total Cost": 89174.75, "Plan Rows": 53780, "Plan Width": 40, "Actual Startup Time": 2218.613, "Actual Total Time": 2218.613, "Actual Rows": 0, "Actual Loops": 1, "Sort Key": ["(sum((public.partsupp.ps_supplycost * (public.partsupp.ps_availqty)::double precision))) DESC"], "Sort Method": "quicksort", "Sort Space Used": 25, "Sort Space Type": "Memory", "Plans": [{"Node Type": "Aggregate", "Strategy": "Plain", "Parent Relationship": "exec_init_plan", "Subplan Name": "InitPlan 1 (returns $1)", "Startup Cost": 41802.27, "Total Cost": 41802.28, "Plan Rows": 1, "Plan Width": 24, "Actual Startup Time": 958.478, "Actual Total Time": 958.478, "Actual Rows": 1, "Actual Loops": 1, "Plans": [{"Node Type": "Nested Loop", "Parent Relationship": "Outer", "Join Type": "Inner", "Startup Cost": 1.32, "Total Cost": 41398.92, "Plan Rows": 53780, "Plan Width": 16, "Actual Startup Time": 0.167, "Actual Total Time": 820.918, "Actual Rows": 313920, "Actual Loops": 1, "Inner Unique": false, "Plans": [{"Node Type": "Hash Join", "Parent Relationship": "Outer", "Join Type": "Inner", "Startup Cost": 1.32, "Total Cost": 3574.95, "Plan Rows": 4000, "Plan Width": 8, "Actual Startup Time": 0.139, "Actual Total Time": 52.901, "Actual Rows": 3924, "Actual Loops": 1, "Inner Unique": true, "Hash Cond": "(public.supplier.s_nationkey = public.nation.n_nationkey)", "Plans": [{"Node Type": "Seq Scan", "Parent Relationship": "Outer", "Relation Name": "supplier", "Alias": "supplier", "Startup Cost": 0.0, "Total Cost": 3283.0, "Plan Rows": 100000, "Plan Width": 12, "Actual Startup Time": 0.027, "Actual Total Time": 30.589, "Actual Rows": 100000, "Actual Loops": 1}, {"Node Type": "Hash", "Parent Relationship": "Inner", "Startup Cost": 1.31, "Total Cost": 1.31, "Plan Rows": 1, "Plan Width": 4, "Actual Startup Time": 0.041, "Actual Total Time": 0.041, "Actual Rows": 1, "Actual Loops": 1, "Hash Buckets": 32768, "Hash Batches": 1, "Original Hash Batches": 1, "Peak Memory Usage": 1, "Plans": [{"Node Type": "Seq Scan", "Parent Relationship": "Outer", "Relation Name": "nation", "Alias": "nation", "Startup Cost": 0.0, "Total Cost": 1.31, "Plan Rows": 1, "Plan Width": 4, "Actual Startup Time": 0.03, "Actual Total Time": 0.033, "Actual Rows": 1, "Actual Loops": 1, "Filter": "(n_name = 'MOZAMBIQUE'::bpchar)", "Rows Removed by Filter": 24}]}]}, {"Node Type": "Index Scan", "Parent Relationship": "Inner", "Scan Direction": "Forward", "Index Name": "idx_partsupp_suppkey", "Relation Name": "partsupp", "Alias": "partsupp", "Startup Cost": 0.0, "Total Cost": 9.33, "Plan Rows": 13, "Plan Width": 24, "Actual Startup Time": 52.489, "Actual Total Time": 700.539, "Actual Rows": 313920, "Actual Loops": 3924, "Index Cond": "(ps_suppkey = public.supplier.s_suppkey)", "Rows Removed by Index Recheck": 0}]}]}, {"Node Type": "Aggregate", "Strategy": "Hashed", "Parent Relationship": "Outer", "Startup Cost": 42340.07, "Total Cost": 43012.32, "Plan Rows": 53780, "Plan Width": 40, "Actual Startup Time": 2218.071, "Actual Total Time": 2218.071, "Actual Rows": 0, "Actual Loops": 1, "Group By Key": ["public.partsupp.ps_partkey"], "Filter": "(sum((public.partsupp.ps_supplycost * (public.partsupp.ps_availqty)::double precision)) > $1)", "Rows Removed by Filter": 295792, "Plans": [{"Node Type": "Nested Loop", "Parent Relationship": "Outer", "Join Type": "Inner", "Startup Cost": 1.32, "Total Cost": 41398.92, "Plan Rows": 53780, "Plan Width": 24, "Actual Startup Time": 0.114, "Actual Total Time": 847.003, "Actual Rows": 313920, "Actual Loops": 1, "Inner Unique": false, "Plans": [{"Node Type": "Hash Join", "Parent Relationship": "Outer", "Join Type": "Inner", "Startup Cost": 1.32, "Total Cost": 3574.95, "Plan Rows": 4000, "Plan Width": 8, "Actual Startup Time": 0.089, "Actual Total Time": 54.895, "Actual Rows": 3924, "Actual Loops": 1, "Inner Unique": true, "Hash Cond": "(public.supplier.s_nationkey = public.nation.n_nationkey)", "Plans": [{"Node Type": "Seq Scan", "Parent Relationship": "Outer", "Relation Name": "supplier", "Alias": "supplier", "Startup Cost": 0.0, "Total Cost": 3283.0, "Plan Rows": 100000, "Plan Width": 12, "Actual Startup Time": 0.016, "Actual Total Time": 31.431, "Actual Rows": 100000, "Actual Loops": 1}, {"Node Type": "Hash", "Parent Relationship": "Inner", "Startup Cost": 1.31, "Total Cost": 1.31, "Plan Rows": 1, "Plan Width": 4, "Actual Startup Time": 0.027, "Actual Total Time": 0.027, "Actual Rows": 1, "Actual Loops": 1, "Hash Buckets": 32768, "Hash Batches": 1, "Original Hash Batches": 1, "Peak Memory Usage": 1, "Plans": [{"Node Type": "Seq Scan", "Parent Relationship": "Outer", "Relation Name": "nation", "Alias": "nation", "Startup Cost": 0.0, "Total Cost": 1.31, "Plan Rows": 1, "Plan Width": 4, "Actual Startup Time": 0.019, "Actual Total Time": 0.023, "Actual Rows": 1, "Actual Loops": 1, "Filter": "(n_name = 'MOZAMBIQUE'::bpchar)", "Rows Removed by Filter": 24}]}]}, {"Node Type": "Index Scan", "Parent Relationship": "Inner", "Scan Direction": "Forward", "Index Name": "idx_partsupp_suppkey", "Relation Name": "partsupp", "Alias": "partsupp", "Startup Cost": 0.0, "Total Cost": 9.33, "Plan Rows": 13, "Plan Width": 32, "Actual Startup Time": 54.864, "Actual Total Time": 720.004, "Actual Rows": 313920, "Actual Loops": 3924, "Index Cond": "(ps_suppkey = public.supplier.s_suppkey)", "Rows Removed by Index Recheck": 0}]}]}]}, "Triggers": [], "Planner Runtime": 1, "Total Runtime": 2218.902, "Unique SQL Id": 2932834211}}, "(16, 45)": {"explain_plan": {"Plan": {"Node Type": "Sort", "Startup Cost": 93166.14, "Total Cost": 93300.59, "Plan Rows": 53780, "Plan Width": 40, "Sort Key": ["(sum((public.partsupp.ps_supplycost * (public.partsupp.ps_availqty)::double precision))) DESC"], "Plans": [{"Node Type": "Aggregate", "Strategy": "Plain", "Parent Relationship": "exec_init_plan", "Subplan Name": "InitPlan 1 (returns $1)", "Startup Cost": 43865.19, "Total Cost": 43865.2, "Plan Rows": 1, "Plan Width": 24, "Plans": [{"Node Type": "Nested Loop", "Parent Relationship": "Outer", "Join Type": "Inner", "Startup Cost": 12.7, "Total Cost": 43461.84, "Plan Rows": 53780, "Plan Width": 16, "Inner Unique": false, "Plans": [{"Node Type": "Hash Join", "Parent Relationship": "Outer", "Join Type": "Inner", "Startup Cost": 12.7, "Total Cost": 5637.87, "Plan Rows": 4000, "Plan Width": 8, "Inner Unique": true, "Hash Cond": "(public.supplier.s_nationkey = public.nation.n_nationkey)", "Plans": [{"Node Type": "Index Scan", "Parent Relationship": "Outer", "Scan Direction": "Forward", "Index Name": "supplier_pkey", "Relation Name": "supplier", "Alias": "supplier", "Startup Cost": 0.0, "Total Cost": 5334.54, "Plan Rows": 100000, "Plan Width": 12}, {"Node Type": "Hash", "Parent Relationship": "Inner", "Startup Cost": 12.69, "Total Cost": 12.69, "Plan Rows": 1, "Plan Width": 4, "Plans": [{"Node Type": "Index Scan", "Parent Relationship": "Outer", "Scan Direction": "Forward", "Index Name": "nation_pkey", "Relation Name": "nation", "Alias": "nation", "Startup Cost": 0.0, "Total Cost": 12.69, "Plan Rows": 1, "Plan Width": 4, "Filter": "(n_name = 'MOZAMBIQUE'::bpchar)"}]}]}, {"Node Type": "Index Scan", "Parent Relationship": "Inner", "Scan Direction": "Forward", "Index Name": "idx_partsupp_suppkey", "Relation Name": "partsupp", "Alias": "partsupp", "Startup Cost": 0.0, "Total Cost": 9.33, "Plan Rows": 13, "Plan Width": 24, "Index Cond": "(ps_suppkey = public.supplier.s_suppkey)"}]}]}, {"Node Type": "Aggregate", "Strategy": "Hashed", "Parent Relationship": "Outer", "Startup Cost": 44402.99, "Total Cost": 45075.24, "Plan Rows": 53780, "Plan Width": 40, "Group By Key": ["public.partsupp.ps_partkey"], "Filter": "(sum((public.partsupp.ps_supplycost * (public.partsupp.ps_availqty)::double precision)) > $1)", "Plans": [{"Node Type": "Nested Loop", "Parent Relationship": "Outer", "Join Type": "Inner", "Startup Cost": 12.7, "Total Cost": 43461.84, "Plan Rows": 53780, "Plan Width": 24, "Inner Unique": false, "Plans": [{"Node Type": "Hash Join", "Parent Relationship": "Outer", "Join Type": "Inner", "Startup Cost": 12.7, "Total Cost": 5637.87, "Plan Rows": 4000, "Plan Width": 8, "Inner Unique": true, "Hash Cond": "(public.supplier.s_nationkey = public.nation.n_nationkey)", "Plans": [{"Node Type": "Index Scan", "Parent Relationship": "Outer", "Scan Direction": "Forward", "Index Name": "supplier_pkey", "Relation Name": "supplier", "Alias": "supplier", "Startup Cost": 0.0, "Total Cost": 5334.54, "Plan Rows": 100000, "Plan Width": 12}, {"Node Type": "Hash", "Parent Relationship": "Inner", "Startup Cost": 12.69, "Total Cost": 12.69, "Plan Rows": 1, "Plan Width": 4, "Plans": [{"Node Type": "Index Scan", "Parent Relationship": "Outer", "Scan Direction": "Forward", "Index Name": "nation_pkey", "Relation Name": "nation", "Alias": "nation", "Startup Cost": 0.0, "Total Cost": 12.69, "Plan Rows": 1, "Plan Width": 4, "Filter": "(n_name = 'MOZAMBIQUE'::bpchar)"}]}]}, {"Node Type": "Index Scan", "Parent Relationship": "Inner", "Scan Direction": "Forward", "Index Name": "idx_partsupp_suppkey", "Relation Name": "partsupp", "Alias": "partsupp", "Startup Cost": 0.0, "Total Cost": 9.33, "Plan Rows": 13, "Plan Width": 32, "Index Cond": "(ps_suppkey = public.supplier.s_suppkey)"}]}]}]}, "Unique SQL Id": 2932834211, "Planner Runtime": 0}, "explain_analyze_plan": {"Plan": {"Node Type": "Sort", "Startup Cost": 93166.14, "Total Cost": 93300.59, "Plan Rows": 53780, "Plan Width": 40, "Actual Startup Time": 2247.026, "Actual Total Time": 2247.026, "Actual Rows": 0, "Actual Loops": 1, "Sort Key": ["(sum((public.partsupp.ps_supplycost * (public.partsupp.ps_availqty)::double precision))) DESC"], "Sort Method": "quicksort", "Sort Space Used": 25, "Sort Space Type": "Memory", "Plans": [{"Node Type": "Aggregate", "Strategy": "Plain", "Parent Relationship": "exec_init_plan", "Subplan Name": "InitPlan 1 (returns $1)", "Startup Cost": 43865.19, "Total Cost": 43865.2, "Plan Rows": 1, "Plan Width": 24, "Actual Startup Time": 978.111, "Actual Total Time": 978.112, "Actual Rows": 1, "Actual Loops": 1, "Plans": [{"Node Type": "Nested Loop", "Parent Relationship": "Outer", "Join Type": "Inner", "Startup Cost": 12.7, "Total Cost": 43461.84, "Plan Rows": 53780, "Plan Width": 16, "Actual Startup Time": 0.181, "Actual Total Time": 843.297, "Actual Rows": 313920, "Actual Loops": 1, "Inner Unique": false, "Plans": [{"Node Type": "Hash Join", "Parent Relationship": "Outer", "Join Type": "Inner", "Startup Cost": 12.7, "Total Cost": 5637.87, "Plan Rows": 4000, "Plan Width": 8, "Actual Startup Time": 0.159, "Actual Total Time": 89.116, "Actual Rows": 3924, "Actual Loops": 1, "Inner Unique": true, "Hash Cond": "(public.supplier.s_nationkey = public.nation.n_nationkey)", "Plans": [{"Node Type": "Index Scan", "Parent Relationship": "Outer", "Scan Direction": "Forward", "Index Name": "supplier_pkey", "Relation Name": "supplier", "Alias": "supplier", "Startup Cost": 0.0, "Total Cost": 5334.54, "Plan Rows": 100000, "Plan Width": 12, "Actual Startup Time": 0.033, "Actual Total Time": 68.123, "Actual Rows": 100000, "Actual Loops": 1}, {"Node Type": "Hash", "Parent Relationship": "Inner", "Startup Cost": 12.69, "Total Cost": 12.69, "Plan Rows": 1, "Plan Width": 4, "Actual Startup Time": 0.051, "Actual Total Time": 0.051, "Actual Rows": 1, "Actual Loops": 1, "Hash Buckets": 32768, "Hash Batches": 1, "Original Hash Batches": 1, "Peak Memory Usage": 1, "Plans": [{"Node Type": "Index Scan", "Parent Relationship": "Outer", "Scan Direction": "Forward", "Index Name": "nation_pkey", "Relation Name": "nation", "Alias": "nation", "Startup Cost": 0.0, "Total Cost": 12.69, "Plan Rows": 1, "Plan Width": 4, "Actual Startup Time": 0.034, "Actual Total Time": 0.042, "Actual Rows": 1, "Actual Loops": 1, "Filter": "(n_name = 'MOZAMBIQUE'::bpchar)", "Rows Removed by Filter": 24}]}]}, {"Node Type": "Index Scan", "Parent Relationship": "Inner", "Scan Direction": "Forward", "Index Name": "idx_partsupp_suppkey", "Relation Name": "partsupp", "Alias": "partsupp", "Startup Cost": 0.0, "Total Cost": 9.33, "Plan Rows": 13, "Plan Width": 24, "Actual Startup Time": 54.712, "Actual Total Time": 687.849, "Actual Rows": 313920, "Actual Loops": 3924, "Index Cond": "(ps_suppkey = public.supplier.s_suppkey)", "Rows Removed by Index Recheck": 0}]}]}, {"Node Type": "Aggregate", "Strategy": "Hashed", "Parent Relationship": "Outer", "Startup Cost": 44402.99, "Total Cost": 45075.24, "Plan Rows": 53780, "Plan Width": 40, "Actual Startup Time": 2246.631, "Actual Total Time": 2246.631, "Actual Rows": 0, "Actual Loops": 1, "Group By Key": ["public.partsupp.ps_partkey"], "Filter": "(sum((public.partsupp.ps_supplycost * (public.partsupp.ps_availqty)::double precision)) > $1)", "Rows Removed by Filter": 295792, "Plans": [{"Node Type": "Nested Loop", "Parent Relationship": "Outer", "Join Type": "Inner", "Startup Cost": 12.7, "Total Cost": 43461.84, "Plan Rows": 53780, "Plan Width": 24, "Actual Startup Time": 0.126, "Actual Total Time": 860.858, "Actual Rows": 313920, "Actual Loops": 1, "Inner Unique": false, "Plans": [{"Node Type": "Hash Join", "Parent Relationship": "Outer", "Join Type": "Inner", "Startup Cost": 12.7, "Total Cost": 5637.87, "Plan Rows": 4000, "Plan Width": 8, "Actual Startup Time": 0.104, "Actual Total Time": 85.54, "Actual Rows": 3924, "Actual Loops": 1, "Inner Unique": true, "Hash Cond": "(public.supplier.s_nationkey = public.nation.n_nationkey)", "Plans": [{"Node Type": "Index Scan", "Parent Relationship": "Outer", "Scan Direction": "Forward", "Index Name": "supplier_pkey", "Relation Name": "supplier", "Alias": "supplier", "Startup Cost": 0.0, "Total Cost": 5334.54, "Plan Rows": 100000, "Plan Width": 12, "Actual Startup Time": 0.022, "Actual Total Time": 64.371, "Actual Rows": 100000, "Actual Loops": 1}, {"Node Type": "Hash", "Parent Relationship": "Inner", "Startup Cost": 12.69, "Total Cost": 12.69, "Plan Rows": 1, "Plan Width": 4, "Actual Startup Time": 0.029, "Actual Total Time": 0.029, "Actual Rows": 1, "Actual Loops": 1, "Hash Buckets": 32768, "Hash Batches": 1, "Original Hash Batches": 1, "Peak Memory Usage": 1, "Plans": [{"Node Type": "Index Scan", "Parent Relationship": "Outer", "Scan Direction": "Forward", "Index Name": "nation_pkey", "Relation Name": "nation", "Alias": "nation", "Startup Cost": 0.0, "Total Cost": 12.69, "Plan Rows": 1, "Plan Width": 4, "Actual Startup Time": 0.019, "Actual Total Time": 0.024, "Actual Rows": 1, "Actual Loops": 1, "Filter": "(n_name = 'MOZAMBIQUE'::bpchar)", "Rows Removed by Filter": 24}]}]}, {"Node Type": "Index Scan", "Parent Relationship": "Inner", "Scan Direction": "Forward", "Index Name": "idx_partsupp_suppkey", "Relation Name": "partsupp", "Alias": "partsupp", "Startup Cost": 0.0, "Total Cost": 9.33, "Plan Rows": 13, "Plan Width": 32, "Actual Startup Time": 51.789, "Actual Total Time": 704.818, "Actual Rows": 313920, "Actual Loops": 3924, "Index Cond": "(ps_suppkey = public.supplier.s_suppkey)", "Rows Removed by Index Recheck": 0}]}]}]}, "Triggers": [], "Planner Runtime": 0, "Total Runtime": 2247.303, "Unique SQL Id": 2932834211}}, "(16, 46)": {"explain_plan": {"Plan": {"Node Type": "Sort", "Startup Cost": 614546.2, "Total Cost": 614680.65, "Plan Rows": 53780, "Plan Width": 40, "Sort Key": ["(sum((public.partsupp.ps_supplycost * (public.partsupp.ps_availqty)::double precision))) DESC"], "Plans": [{"Node Type": "Aggregate", "Strategy": "Plain", "Parent Relationship": "exec_init_plan", "Subplan Name": "InitPlan 1 (returns $0)", "Startup Cost": 304555.21, "Total Cost": 304555.23, "Plan Rows": 1, "Plan Width": 24, "Plans": [{"Node Type": "Hash Join", "Parent Relationship": "Outer", "Join Type": "Inner", "Startup Cost": 3624.95, "Total Cost": 304151.86, "Plan Rows": 53780, "Plan Width": 16, "Inner Unique": false, "Hash Cond": "(public.partsupp.ps_suppkey = public.supplier.s_suppkey)", "Plans": [{"Node Type": "Seq Scan", "Parent Relationship": "Outer", "Relation Name": "partsupp", "Alias": "partsupp", "Startup Cost": 0.0, "Total Cost": 269987.72, "Plan Rows": 8000372, "Plan Width": 24}, {"Node Type": "Hash", "Parent Relationship": "Inner", "Startup Cost": 3574.95, "Total Cost": 3574.95, "Plan Rows": 4000, "Plan Width": 8, "Plans": [{"Node Type": "Hash Join", "Parent Relationship": "Outer", "Join Type": "Inner", "Startup Cost": 1.32, "Total Cost": 3574.95, "Plan Rows": 4000, "Plan Width": 8, "Inner Unique": true, "Hash Cond": "(public.supplier.s_nationkey = public.nation.n_nationkey)", "Plans": [{"Node Type": "Seq Scan", "Parent Relationship": "Outer", "Relation Name": "supplier", "Alias": "supplier", "Startup Cost": 0.0, "Total Cost": 3283.0, "Plan Rows": 100000, "Plan Width": 12}, {"Node Type": "Hash", "Parent Relationship": "Inner", "Startup Cost": 1.31, "Total Cost": 1.31, "Plan Rows": 1, "Plan Width": 4, "Plans": [{"Node Type": "Seq Scan", "Parent Relationship": "Outer", "Relation Name": "nation", "Alias": "nation", "Startup Cost": 0.0, "Total Cost": 1.31, "Plan Rows": 1, "Plan Width": 4, "Filter": "(n_name = 'MOZAMBIQUE'::bpchar)"}]}]}]}]}]}, {"Node Type": "Aggregate", "Strategy": "Hashed", "Parent Relationship": "Outer", "Startup Cost": 305093.02, "Total Cost": 305765.27, "Plan Rows": 53780, "Plan Width": 40, "Group By Key": ["public.partsupp.ps_partkey"], "Filter": "(sum((public.partsupp.ps_supplycost * (public.partsupp.ps_availqty)::double precision)) > $0)", "Plans": [{"Node Type": "Hash Join", "Parent Relationship": "Outer", "Join Type": "Inner", "Startup Cost": 3624.95, "Total Cost": 304151.86, "Plan Rows": 53780, "Plan Width": 24, "Inner Unique": false, "Hash Cond": "(public.partsupp.ps_suppkey = public.supplier.s_suppkey)", "Plans": [{"Node Type": "Seq Scan", "Parent Relationship": "Outer", "Relation Name": "partsupp", "Alias": "partsupp", "Startup Cost": 0.0, "Total Cost": 269987.72, "Plan Rows": 8000372, "Plan Width": 32}, {"Node Type": "Hash", "Parent Relationship": "Inner", "Startup Cost": 3574.95, "Total Cost": 3574.95, "Plan Rows": 4000, "Plan Width": 8, "Plans": [{"Node Type": "Hash Join", "Parent Relationship": "Outer", "Join Type": "Inner", "Startup Cost": 1.32, "Total Cost": 3574.95, "Plan Rows": 4000, "Plan Width": 8, "Inner Unique": true, "Hash Cond": "(public.supplier.s_nationkey = public.nation.n_nationkey)", "Plans": [{"Node Type": "Seq Scan", "Parent Relationship": "Outer", "Relation Name": "supplier", "Alias": "supplier", "Startup Cost": 0.0, "Total Cost": 3283.0, "Plan Rows": 100000, "Plan Width": 12}, {"Node Type": "Hash", "Parent Relationship": "Inner", "Startup Cost": 1.31, "Total Cost": 1.31, "Plan Rows": 1, "Plan Width": 4, "Plans": [{"Node Type": "Seq Scan", "Parent Relationship": "Outer", "Relation Name": "nation", "Alias": "nation", "Startup Cost": 0.0, "Total Cost": 1.31, "Plan Rows": 1, "Plan Width": 4, "Filter": "(n_name = 'MOZAMBIQUE'::bpchar)"}]}]}]}]}]}]}, "Unique SQL Id": 2932834211, "Planner Runtime": 0}, "explain_analyze_plan": null}, "(16, 47)": {"explain_plan": {"Plan": {"Node Type": "Sort", "Startup Cost": 6001104432332.89, "Total Cost": 6001104432467.34, "Plan Rows": 53780, "Plan Width": 40, "Sort Key": ["(sum((public.partsupp.ps_supplycost * (public.partsupp.ps_availqty)::double precision))) DESC"], "Plans": [{"Node Type": "Aggregate", "Strategy": "Plain", "Parent Relationship": "exec_init_plan", "Subplan Name": "InitPlan 1 (returns $0)", "Startup Cost": 3000580719437.25, "Total Cost": 3000580719437.27, "Plan Rows": 1, "Plan Width": 24, "Plans": [{"Node Type": "Nested Loop", "Parent Relationship": "Outer", "Join Type": "Inner", "Startup Cost": 30000000000.0, "Total Cost": 3000580719033.9, "Plan Rows": 53780, "Plan Width": 16, "Inner Unique": false, "Join Filter": "(public.supplier.s_suppkey = public.partsupp.ps_suppkey)", "Plans": [{"Node Type": "Index Scan", "Parent Relationship": "Outer", "Scan Direction": "Forward", "Index Name": "idx_partsupp_suppkey", "Relation Name": "partsupp", "Alias": "partsupp", "Startup Cost": 10000000000.0, "Total Cost": 1000100160480.77, "Plan Rows": 8000372, "Plan Width": 24}, {"Node Type": "Materialize", "Parent Relationship": "Inner", "Startup Cost": 20000000000.0, "Total Cost": 2000000536243.13, "Plan Rows": 4000, "Plan Width": 8, "Plans": [{"Node Type": "Nested Loop", "Parent Relationship": "Outer", "Join Type": "Inner", "Startup Cost": 20000000000.0, "Total Cost": 2000000536223.13, "Plan Rows": 4000, "Plan Width": 8, "Inner Unique": true, "Join Filter": "(public.supplier.s_nationkey = public.nation.n_nationkey)", "Plans": [{"Node Type": "Index Scan", "Parent Relationship": "Outer", "Scan Direction": "Forward", "Index Name": "supplier_pkey", "Relation Name": "supplier", "Alias": "supplier", "Startup Cost": 10000000000.0, "Total Cost": 1000000533454.38, "Plan Rows": 100000, "Plan Width": 12}, {"Node Type": "Materialize", "Parent Relationship": "Inner", "Startup Cost": 10000000000.0, "Total Cost": 1000000001268.76, "Plan Rows": 1, "Plan Width": 4, "Plans": [{"Node Type": "Index Scan", "Parent Relationship": "Outer", "Scan Direction": "Forward", "Index Name": "nation_pkey", "Relation Name": "nation", "Alias": "nation", "Startup Cost": 10000000000.0, "Total Cost": 1000000001268.75, "Plan Rows": 1, "Plan Width": 4, "Filter": "(n_name = 'MOZAMBIQUE'::bpchar)"}]}]}]}]}]}, {"Node Type": "Aggregate", "Strategy": "Hashed", "Parent Relationship": "Outer", "Startup Cost": 3000523707997.67, "Total Cost": 3000523708669.92, "Plan Rows": 53780, "Plan Width": 40, "Group By Key": ["public.partsupp.ps_partkey"], "Filter": "(sum((public.partsupp.ps_supplycost * (public.partsupp.ps_availqty)::double precision)) > $0)", "Plans": [{"Node Type": "Nested Loop", "Parent Relationship": "Outer", "Join Type": "Inner", "Startup Cost": 30000000000.0, "Total Cost": 3000523707056.51, "Plan Rows": 53780, "Plan Width": 24, "Inner Unique": false, "Join Filter": "(public.supplier.s_suppkey = public.partsupp.ps_suppkey)", "Plans": [{"Node Type": "Index Scan", "Parent Relationship": "Outer", "Scan Direction": "Forward", "Index Name": "idx_partsupp_partkey", "Relation Name": "partsupp", "Alias": "partsupp", "Startup Cost": 10000000000.0, "Total Cost": 1000043148503.38, "Plan Rows": 8000372, "Plan Width": 32}, {"Node Type": "Materialize", "Parent Relationship": "Inner", "Startup Cost": 20000000000.0, "Total Cost": 2000000536243.13, "Plan Rows": 4000, "Plan Width": 8, "Plans": [{"Node Type": "Nested Loop", "Parent Relationship": "Outer", "Join Type": "Inner", "Startup Cost": 20000000000.0, "Total Cost": 2000000536223.13, "Plan Rows": 4000, "Plan Width": 8, "Inner Unique": true, "Join Filter": "(public.supplier.s_nationkey = public.nation.n_nationkey)", "Plans": [{"Node Type": "Index Scan", "Parent Relationship": "Outer", "Scan Direction": "Forward", "Index Name": "supplier_pkey", "Relation Name": "supplier", "Alias": "supplier", "Startup Cost": 10000000000.0, "Total Cost": 1000000533454.38, "Plan Rows": 100000, "Plan Width": 12}, {"Node Type": "Materialize", "Parent Relationship": "Inner", "Startup Cost": 10000000000.0, "Total Cost": 1000000001268.76, "Plan Rows": 1, "Plan Width": 4, "Plans": [{"Node Type": "Index Scan", "Parent Relationship": "Outer", "Scan Direction": "Forward", "Index Name": "nation_pkey", "Relation Name": "nation", "Alias": "nation", "Startup Cost": 10000000000.0, "Total Cost": 1000000001268.75, "Plan Rows": 1, "Plan Width": 4, "Filter": "(n_name = 'MOZAMBIQUE'::bpchar)"}]}]}]}]}]}]}, "Unique SQL Id": 2932834211, "Planner Runtime": 0}, "explain_analyze_plan": null}, "(16, 48)": {"explain_plan": {"Plan": {"Node Type": "Sort", "Startup Cost": 86957.11, "Total Cost": 87091.56, "Plan Rows": 53780, "Plan Width": 40, "Sort Key": ["(sum((public.partsupp.ps_supplycost * (public.partsupp.ps_availqty)::double precision))) DESC"], "Plans": [{"Node Type": "Aggregate", "Strategy": "Plain", "Parent Relationship": "exec_init_plan", "Subplan Name": "InitPlan 1 (returns $2)", "Startup Cost": 40760.67, "Total Cost": 40760.68, "Plan Rows": 1, "Plan Width": 24, "Plans": [{"Node Type": "Nested Loop", "Parent Relationship": "Outer", "Join Type": "Inner", "Startup Cost": 95.25, "Total Cost": 40357.32, "Plan Rows": 53780, "Plan Width": 16, "Inner Unique": false, "Plans": [{"Node Type": "Nested Loop", "Parent Relationship": "Outer", "Join Type": "Inner", "Startup Cost": 95.25, "Total Cost": 2533.35, "Plan Rows": 4000, "Plan Width": 8, "Inner Unique": false, "Plans": [{"Node Type": "Seq Scan", "Parent Relationship": "Outer", "Relation Name": "nation", "Alias": "nation", "Startup Cost": 0.0, "Total Cost": 1.31, "Plan Rows": 1, "Plan Width": 4, "Filter": "(n_name = 'MOZAMBIQUE'::bpchar)"}, {"Node Type": "Bitmap Heap Scan", "Parent Relationship": "Inner", "Relation Name": "supplier", "Alias": "supplier", "Startup Cost": 95.25, "Total Cost": 2492.04, "Plan Rows": 4000, "Plan Width": 12, "Recheck Cond": "(s_nationkey = public.nation.n_nationkey)", "Plans": [{"Node Type": "Bitmap Index Scan", "Parent Relationship": "Outer", "Index Name": "idx_supplier_nation_key", "Startup Cost": 0.0, "Total Cost": 94.25, "Plan Rows": 4000, "Plan Width": 0, "Index Cond": "(s_nationkey = public.nation.n_nationkey)"}]}]}, {"Node Type": "Index Scan", "Parent Relationship": "Inner", "Scan Direction": "Forward", "Index Name": "idx_partsupp_suppkey", "Relation Name": "partsupp", "Alias": "partsupp", "Startup Cost": 0.0, "Total Cost": 9.33, "Plan Rows": 13, "Plan Width": 24, "Index Cond": "(ps_suppkey = public.supplier.s_suppkey)"}]}]}, {"Node Type": "Aggregate", "Strategy": "Hashed", "Parent Relationship": "Outer", "Startup Cost": 41298.47, "Total Cost": 41970.72, "Plan Rows": 53780, "Plan Width": 40, "Group By Key": ["public.partsupp.ps_partkey"], "Filter": "(sum((public.partsupp.ps_supplycost * (public.partsupp.ps_availqty)::double precision)) > $2)", "Plans": [{"Node Type": "Nested Loop", "Parent Relationship": "Outer", "Join Type": "Inner", "Startup Cost": 95.25, "Total Cost": 40357.32, "Plan Rows": 53780, "Plan Width": 24, "Inner Unique": false, "Plans": [{"Node Type": "Nested Loop", "Parent Relationship": "Outer", "Join Type": "Inner", "Startup Cost": 95.25, "Total Cost": 2533.35, "Plan Rows": 4000, "Plan Width": 8, "Inner Unique": false, "Plans": [{"Node Type": "Seq Scan", "Parent Relationship": "Outer", "Relation Name": "nation", "Alias": "nation", "Startup Cost": 0.0, "Total Cost": 1.31, "Plan Rows": 1, "Plan Width": 4, "Filter": "(n_name = 'MOZAMBIQUE'::bpchar)"}, {"Node Type": "Bitmap Heap Scan", "Parent Relationship": "Inner", "Relation Name": "supplier", "Alias": "supplier", "Startup Cost": 95.25, "Total Cost": 2492.04, "Plan Rows": 4000, "Plan Width": 12, "Recheck Cond": "(s_nationkey = public.nation.n_nationkey)", "Plans": [{"Node Type": "Bitmap Index Scan", "Parent Relationship": "Outer", "Index Name": "idx_supplier_nation_key", "Startup Cost": 0.0, "Total Cost": 94.25, "Plan Rows": 4000, "Plan Width": 0, "Index Cond": "(s_nationkey = public.nation.n_nationkey)"}]}]}, {"Node Type": "Index Scan", "Parent Relationship": "Inner", "Scan Direction": "Forward", "Index Name": "idx_partsupp_suppkey", "Relation Name": "partsupp", "Alias": "partsupp", "Startup Cost": 0.0, "Total Cost": 9.33, "Plan Rows": 13, "Plan Width": 32, "Index Cond": "(ps_suppkey = public.supplier.s_suppkey)"}]}]}]}, "Unique SQL Id": 2932834211, "Planner Runtime": 0}, "explain_analyze_plan": {"Plan": {"Node Type": "Sort", "Startup Cost": 86957.11, "Total Cost": 87091.56, "Plan Rows": 53780, "Plan Width": 40, "Actual Startup Time": 1867.688, "Actual Total Time": 1867.688, "Actual Rows": 0, "Actual Loops": 1, "Sort Key": ["(sum((public.partsupp.ps_supplycost * (public.partsupp.ps_availqty)::double precision))) DESC"], "Sort Method": "quicksort", "Sort Space Used": 25, "Sort Space Type": "Memory", "Plans": [{"Node Type": "Aggregate", "Strategy": "Plain", "Parent Relationship": "exec_init_plan", "Subplan Name": "InitPlan 1 (returns $2)", "Startup Cost": 40760.67, "Total Cost": 40760.68, "Plan Rows": 1, "Plan Width": 24, "Actual Startup Time": 794.18, "Actual Total Time": 794.181, "Actual Rows": 1, "Actual Loops": 1, "Plans": [{"Node Type": "Nested Loop", "Parent Relationship": "Outer", "Join Type": "Inner", "Startup Cost": 95.25, "Total Cost": 40357.32, "Plan Rows": 53780, "Plan Width": 16, "Actual Startup Time": 1.125, "Actual Total Time": 657.634, "Actual Rows": 313920, "Actual Loops": 1, "Inner Unique": false, "Plans": [{"Node Type": "Nested Loop", "Parent Relationship": "Outer", "Join Type": "Inner", "Startup Cost": 95.25, "Total Cost": 2533.35, "Plan Rows": 4000, "Plan Width": 8, "Actual Startup Time": 1.098, "Actual Total Time": 8.186, "Actual Rows": 3924, "Actual Loops": 1, "Inner Unique": false, "Plans": [{"Node Type": "Seq Scan", "Parent Relationship": "Outer", "Relation Name": "nation", "Alias": "nation", "Startup Cost": 0.0, "Total Cost": 1.31, "Plan Rows": 1, "Plan Width": 4, "Actual Startup Time": 0.024, "Actual Total Time": 0.047, "Actual Rows": 1, "Actual Loops": 1, "Filter": "(n_name = 'MOZAMBIQUE'::bpchar)", "Rows Removed by Filter": 24}, {"Node Type": "Bitmap Heap Scan", "Parent Relationship": "Inner", "Relation Name": "supplier", "Alias": "supplier", "Startup Cost": 95.25, "Total Cost": 2492.04, "Plan Rows": 4000, "Plan Width": 12, "Actual Startup Time": 1.058, "Actual Total Time": 7.206, "Actual Rows": 3924, "Actual Loops": 1, "Recheck Cond": "(s_nationkey = public.nation.n_nationkey)", "Rows Removed by Index Recheck": 0, "Exact Heap Blocks": 1895, "Lossy Heap Blocks": 1895, "Plans": [{"Node Type": "Bitmap Index Scan", "Parent Relationship": "Outer", "Index Name": "idx_supplier_nation_key", "Startup Cost": 0.0, "Total Cost": 94.25, "Plan Rows": 4000, "Plan Width": 0, "Actual Startup Time": 0.777, "Actual Total Time": 0.777, "Actual Rows": 3924, "Actual Loops": 1, "Index Cond": "(s_nationkey = public.nation.n_nationkey)"}]}]}, {"Node Type": "Index Scan", "Parent Relationship": "Inner", "Scan Direction": "Forward", "Index Name": "idx_partsupp_suppkey", "Relation Name": "partsupp", "Alias": "partsupp", "Startup Cost": 0.0, "Total Cost": 9.33, "Plan Rows": 13, "Plan Width": 24, "Actual Startup Time": 48.522, "Actual Total Time": 582.276, "Actual Rows": 313920, "Actual Loops": 3924, "Index Cond": "(ps_suppkey = public.supplier.s_suppkey)", "Rows Removed by Index Recheck": 0}]}]}, {"Node Type": "Aggregate", "Strategy": "Hashed", "Parent Relationship": "Outer", "Startup Cost": 41298.47, "Total Cost": 41970.72, "Plan Rows": 53780, "Plan Width": 40, "Actual Startup Time": 1867.28, "Actual Total Time": 1867.28, "Actual Rows": 0, "Actual Loops": 1, "Group By Key": ["public.partsupp.ps_partkey"], "Filter": "(sum((public.partsupp.ps_supplycost * (public.partsupp.ps_availqty)::double precision)) > $2)", "Rows Removed by Filter": 295792, "Plans": [{"Node Type": "Nested Loop", "Parent Relationship": "Outer", "Join Type": "Inner", "Startup Cost": 95.25, "Total Cost": 40357.32, "Plan Rows": 53780, "Plan Width": 24, "Actual Startup Time": 1.055, "Actual Total Time": 684.172, "Actual Rows": 313920, "Actual Loops": 1, "Inner Unique": false, "Plans": [{"Node Type": "Nested Loop", "Parent Relationship": "Outer", "Join Type": "Inner", "Startup Cost": 95.25, "Total Cost": 2533.35, "Plan Rows": 4000, "Plan Width": 8, "Actual Startup Time": 1.024, "Actual Total Time": 8.574, "Actual Rows": 3924, "Actual Loops": 1, "Inner Unique": false, "Plans": [{"Node Type": "Seq Scan", "Parent Relationship": "Outer", "Relation Name": "nation", "Alias": "nation", "Startup Cost": 0.0, "Total Cost": 1.31, "Plan Rows": 1, "Plan Width": 4, "Actual Startup Time": 0.032, "Actual Total Time": 0.044, "Actual Rows": 1, "Actual Loops": 1, "Filter": "(n_name = 'MOZAMBIQUE'::bpchar)", "Rows Removed by Filter": 24}, {"Node Type": "Bitmap Heap Scan", "Parent Relationship": "Inner", "Relation Name": "supplier", "Alias": "supplier", "Startup Cost": 95.25, "Total Cost": 2492.04, "Plan Rows": 4000, "Plan Width": 12, "Actual Startup Time": 0.985, "Actual Total Time": 7.583, "Actual Rows": 3924, "Actual Loops": 1, "Recheck Cond": "(s_nationkey = public.nation.n_nationkey)", "Rows Removed by Index Recheck": 0, "Exact Heap Blocks": 1895, "Lossy Heap Blocks": 1895, "Plans": [{"Node Type": "Bitmap Index Scan", "Parent Relationship": "Outer", "Index Name": "idx_supplier_nation_key", "Startup Cost": 0.0, "Total Cost": 94.25, "Plan Rows": 4000, "Plan Width": 0, "Actual Startup Time": 0.705, "Actual Total Time": 0.705, "Actual Rows": 3924, "Actual Loops": 1, "Index Cond": "(s_nationkey = public.nation.n_nationkey)"}]}]}, {"Node Type": "Index Scan", "Parent Relationship": "Inner", "Scan Direction": "Forward", "Index Name": "idx_partsupp_suppkey", "Relation Name": "partsupp", "Alias": "partsupp", "Startup Cost": 0.0, "Total Cost": 9.33, "Plan Rows": 13, "Plan Width": 32, "Actual Startup Time": 49.919, "Actual Total Time": 602.753, "Actual Rows": 313920, "Actual Loops": 3924, "Index Cond": "(ps_suppkey = public.supplier.s_suppkey)", "Rows Removed by Index Recheck": 0}]}]}]}, "Triggers": [], "Planner Runtime": 0, "Total Runtime": 1868.014, "Unique SQL Id": 2932834211}}, "(16, 49)": {"explain_plan": {"Plan": {"Node Type": "Sort", "Startup Cost": 86979.86, "Total Cost": 87114.31, "Plan Rows": 53780, "Plan Width": 40, "Sort Key": ["(sum((public.partsupp.ps_supplycost * (public.partsupp.ps_availqty)::double precision))) DESC"], "Plans": [{"Node Type": "Aggregate", "Strategy": "Plain", "Parent Relationship": "exec_init_plan", "Subplan Name": "InitPlan 1 (returns $2)", "Startup Cost": 40772.04, "Total Cost": 40772.06, "Plan Rows": 1, "Plan Width": 24, "Plans": [{"Node Type": "Nested Loop", "Parent Relationship": "Outer", "Join Type": "Inner", "Startup Cost": 95.25, "Total Cost": 40368.69, "Plan Rows": 53780, "Plan Width": 16, "Inner Unique": false, "Plans": [{"Node Type": "Nested Loop", "Parent Relationship": "Outer", "Join Type": "Inner", "Startup Cost": 95.25, "Total Cost": 2544.73, "Plan Rows": 4000, "Plan Width": 8, "Inner Unique": false, "Plans": [{"Node Type": "Index Scan", "Parent Relationship": "Outer", "Scan Direction": "Forward", "Index Name": "nation_pkey", "Relation Name": "nation", "Alias": "nation", "Startup Cost": 0.0, "Total Cost": 12.69, "Plan Rows": 1, "Plan Width": 4, "Filter": "(n_name = 'MOZAMBIQUE'::bpchar)"}, {"Node Type": "Bitmap Heap Scan", "Parent Relationship": "Inner", "Relation Name": "supplier", "Alias": "supplier", "Startup Cost": 95.25, "Total Cost": 2492.04, "Plan Rows": 4000, "Plan Width": 12, "Recheck Cond": "(s_nationkey = public.nation.n_nationkey)", "Plans": [{"Node Type": "Bitmap Index Scan", "Parent Relationship": "Outer", "Index Name": "idx_supplier_nation_key", "Startup Cost": 0.0, "Total Cost": 94.25, "Plan Rows": 4000, "Plan Width": 0, "Index Cond": "(s_nationkey = public.nation.n_nationkey)"}]}]}, {"Node Type": "Index Scan", "Parent Relationship": "Inner", "Scan Direction": "Forward", "Index Name": "idx_partsupp_suppkey", "Relation Name": "partsupp", "Alias": "partsupp", "Startup Cost": 0.0, "Total Cost": 9.33, "Plan Rows": 13, "Plan Width": 24, "Index Cond": "(ps_suppkey = public.supplier.s_suppkey)"}]}]}, {"Node Type": "Aggregate", "Strategy": "Hashed", "Parent Relationship": "Outer", "Startup Cost": 41309.84, "Total Cost": 41982.09, "Plan Rows": 53780, "Plan Width": 40, "Group By Key": ["public.partsupp.ps_partkey"], "Filter": "(sum((public.partsupp.ps_supplycost * (public.partsupp.ps_availqty)::double precision)) > $2)", "Plans": [{"Node Type": "Nested Loop", "Parent Relationship": "Outer", "Join Type": "Inner", "Startup Cost": 95.25, "Total Cost": 40368.69, "Plan Rows": 53780, "Plan Width": 24, "Inner Unique": false, "Plans": [{"Node Type": "Nested Loop", "Parent Relationship": "Outer", "Join Type": "Inner", "Startup Cost": 95.25, "Total Cost": 2544.73, "Plan Rows": 4000, "Plan Width": 8, "Inner Unique": false, "Plans": [{"Node Type": "Index Scan", "Parent Relationship": "Outer", "Scan Direction": "Forward", "Index Name": "nation_pkey", "Relation Name": "nation", "Alias": "nation", "Startup Cost": 0.0, "Total Cost": 12.69, "Plan Rows": 1, "Plan Width": 4, "Filter": "(n_name = 'MOZAMBIQUE'::bpchar)"}, {"Node Type": "Bitmap Heap Scan", "Parent Relationship": "Inner", "Relation Name": "supplier", "Alias": "supplier", "Startup Cost": 95.25, "Total Cost": 2492.04, "Plan Rows": 4000, "Plan Width": 12, "Recheck Cond": "(s_nationkey = public.nation.n_nationkey)", "Plans": [{"Node Type": "Bitmap Index Scan", "Parent Relationship": "Outer", "Index Name": "idx_supplier_nation_key", "Startup Cost": 0.0, "Total Cost": 94.25, "Plan Rows": 4000, "Plan Width": 0, "Index Cond": "(s_nationkey = public.nation.n_nationkey)"}]}]}, {"Node Type": "Index Scan", "Parent Relationship": "Inner", "Scan Direction": "Forward", "Index Name": "idx_partsupp_suppkey", "Relation Name": "partsupp", "Alias": "partsupp", "Startup Cost": 0.0, "Total Cost": 9.33, "Plan Rows": 13, "Plan Width": 32, "Index Cond": "(ps_suppkey = public.supplier.s_suppkey)"}]}]}]}, "Unique SQL Id": 2932834211, "Planner Runtime": 0}, "explain_analyze_plan": {"Plan": {"Node Type": "Sort", "Startup Cost": 86979.86, "Total Cost": 87114.31, "Plan Rows": 53780, "Plan Width": 40, "Actual Startup Time": 2004.071, "Actual Total Time": 2004.071, "Actual Rows": 0, "Actual Loops": 1, "Sort Key": ["(sum((public.partsupp.ps_supplycost * (public.partsupp.ps_availqty)::double precision))) DESC"], "Sort Method": "quicksort", "Sort Space Used": 25, "Sort Space Type": "Memory", "Plans": [{"Node Type": "Aggregate", "Strategy": "Plain", "Parent Relationship": "exec_init_plan", "Subplan Name": "InitPlan 1 (returns $2)", "Startup Cost": 40772.04, "Total Cost": 40772.06, "Plan Rows": 1, "Plan Width": 24, "Actual Startup Time": 813.993, "Actual Total Time": 813.994, "Actual Rows": 1, "Actual Loops": 1, "Plans": [{"Node Type": "Nested Loop", "Parent Relationship": "Outer", "Join Type": "Inner", "Startup Cost": 95.25, "Total Cost": 40368.69, "Plan Rows": 53780, "Plan Width": 16, "Actual Startup Time": 1.031, "Actual Total Time": 679.613, "Actual Rows": 313920, "Actual Loops": 1, "Inner Unique": false, "Plans": [{"Node Type": "Nested Loop", "Parent Relationship": "Outer", "Join Type": "Inner", "Startup Cost": 95.25, "Total Cost": 2544.73, "Plan Rows": 4000, "Plan Width": 8, "Actual Startup Time": 1.007, "Actual Total Time": 8.373, "Actual Rows": 3924, "Actual Loops": 1, "Inner Unique": false, "Plans": [{"Node Type": "Index Scan", "Parent Relationship": "Outer", "Scan Direction": "Forward", "Index Name": "nation_pkey", "Relation Name": "nation", "Alias": "nation", "Startup Cost": 0.0, "Total Cost": 12.69, "Plan Rows": 1, "Plan Width": 4, "Actual Startup Time": 0.027, "Actual Total Time": 0.082, "Actual Rows": 1, "Actual Loops": 1, "Filter": "(n_name = 'MOZAMBIQUE'::bpchar)", "Rows Removed by Filter": 24}, {"Node Type": "Bitmap Heap Scan", "Parent Relationship": "Inner", "Relation Name": "supplier", "Alias": "supplier", "Startup Cost": 95.25, "Total Cost": 2492.04, "Plan Rows": 4000, "Plan Width": 12, "Actual Startup Time": 0.966, "Actual Total Time": 7.31, "Actual Rows": 3924, "Actual Loops": 1, "Recheck Cond": "(s_nationkey = public.nation.n_nationkey)", "Rows Removed by Index Recheck": 0, "Exact Heap Blocks": 1895, "Lossy Heap Blocks": 1895, "Plans": [{"Node Type": "Bitmap Index Scan", "Parent Relationship": "Outer", "Index Name": "idx_supplier_nation_key", "Startup Cost": 0.0, "Total Cost": 94.25, "Plan Rows": 4000, "Plan Width": 0, "Actual Startup Time": 0.678, "Actual Total Time": 0.678, "Actual Rows": 3924, "Actual Loops": 1, "Index Cond": "(s_nationkey = public.nation.n_nationkey)"}]}]}, {"Node Type": "Index Scan", "Parent Relationship": "Inner", "Scan Direction": "Forward", "Index Name": "idx_partsupp_suppkey", "Relation Name": "partsupp", "Alias": "partsupp", "Startup Cost": 0.0, "Total Cost": 9.33, "Plan Rows": 13, "Plan Width": 24, "Actual Startup Time": 46.974, "Actual Total Time": 604.92, "Actual Rows": 313920, "Actual Loops": 3924, "Index Cond": "(ps_suppkey = public.supplier.s_suppkey)", "Rows Removed by Index Recheck": 0}]}]}, {"Node Type": "Aggregate", "Strategy": "Hashed", "Parent Relationship": "Outer", "Startup Cost": 41309.84, "Total Cost": 41982.09, "Plan Rows": 53780, "Plan Width": 40, "Actual Startup Time": 2003.564, "Actual Total Time": 2003.564, "Actual Rows": 0, "Actual Loops": 1, "Group By Key": ["public.partsupp.ps_partkey"], "Filter": "(sum((public.partsupp.ps_supplycost * (public.partsupp.ps_availqty)::double precision)) > $2)", "Rows Removed by Filter": 295792, "Plans": [{"Node Type": "Nested Loop", "Parent Relationship": "Outer", "Join Type": "Inner", "Startup Cost": 95.25, "Total Cost": 40368.69, "Plan Rows": 53780, "Plan Width": 24, "Actual Startup Time": 1.126, "Actual Total Time": 773.104, "Actual Rows": 313920, "Actual Loops": 1, "Inner Unique": false, "Plans": [{"Node Type": "Nested Loop", "Parent Relationship": "Outer", "Join Type": "Inner", "Startup Cost": 95.25, "Total Cost": 2544.73, "Plan Rows": 4000, "Plan Width": 8, "Actual Startup Time": 1.098, "Actual Total Time": 9.874, "Actual Rows": 3924, "Actual Loops": 1, "Inner Unique": false, "Plans": [{"Node Type": "Index Scan", "Parent Relationship": "Outer", "Scan Direction": "Forward", "Index Name": "nation_pkey", "Relation Name": "nation", "Alias": "nation", "Startup Cost": 0.0, "Total Cost": 12.69, "Plan Rows": 1, "Plan Width": 4, "Actual Startup Time": 0.032, "Actual Total Time": 0.045, "Actual Rows": 1, "Actual Loops": 1, "Filter": "(n_name = 'MOZAMBIQUE'::bpchar)", "Rows Removed by Filter": 24}, {"Node Type": "Bitmap Heap Scan", "Parent Relationship": "Inner", "Relation Name": "supplier", "Alias": "supplier", "Startup Cost": 95.25, "Total Cost": 2492.04, "Plan Rows": 4000, "Plan Width": 12, "Actual Startup Time": 1.058, "Actual Total Time": 8.873, "Actual Rows": 3924, "Actual Loops": 1, "Recheck Cond": "(s_nationkey = public.nation.n_nationkey)", "Rows Removed by Index Recheck": 0, "Exact Heap Blocks": 1895, "Lossy Heap Blocks": 1895, "Plans": [{"Node Type": "Bitmap Index Scan", "Parent Relationship": "Outer", "Index Name": "idx_supplier_nation_key", "Startup Cost": 0.0, "Total Cost": 94.25, "Plan Rows": 4000, "Plan Width": 0, "Actual Startup Time": 0.766, "Actual Total Time": 0.766, "Actual Rows": 3924, "Actual Loops": 1, "Index Cond": "(s_nationkey = public.nation.n_nationkey)"}]}]}, {"Node Type": "Index Scan", "Parent Relationship": "Inner", "Scan Direction": "Forward", "Index Name": "idx_partsupp_suppkey", "Relation Name": "partsupp", "Alias": "partsupp", "Startup Cost": 0.0, "Total Cost": 9.33, "Plan Rows": 13, "Plan Width": 32, "Actual Startup Time": 55.084, "Actual Total Time": 692.047, "Actual Rows": 313920, "Actual Loops": 3924, "Index Cond": "(ps_suppkey = public.supplier.s_suppkey)", "Rows Removed by Index Recheck": 0}]}]}]}, "Triggers": [], "Planner Runtime": 0, "Total Runtime": 2004.504, "Unique SQL Id": 2932834211}}, "(16, 50)": {"explain_plan": {"Plan": {"Node Type": "Sort", "Startup Cost": 90032.55, "Total Cost": 90167.0, "Plan Rows": 53780, "Plan Width": 40, "Sort Key": ["(sum((public.partsupp.ps_supplycost * (public.partsupp.ps_availqty)::double precision))) DESC"], "Plans": [{"Node Type": "Aggregate", "Strategy": "Plain", "Parent Relationship": "exec_init_plan", "Subplan Name": "InitPlan 1 (returns $2)", "Startup Cost": 42298.39, "Total Cost": 42298.4, "Plan Rows": 1, "Plan Width": 24, "Plans": [{"Node Type": "Nested Loop", "Parent Relationship": "Outer", "Join Type": "Inner", "Startup Cost": 96.82, "Total Cost": 41895.04, "Plan Rows": 53780, "Plan Width": 16, "Inner Unique": false, "Plans": [{"Node Type": "Nested Loop", "Parent Relationship": "Outer", "Join Type": "Inner", "Startup Cost": 95.25, "Total Cost": 2533.35, "Plan Rows": 4000, "Plan Width": 8, "Inner Unique": false, "Plans": [{"Node Type": "Seq Scan", "Parent Relationship": "Outer", "Relation Name": "nation", "Alias": "nation", "Startup Cost": 0.0, "Total Cost": 1.31, "Plan Rows": 1, "Plan Width": 4, "Filter": "(n_name = 'MOZAMBIQUE'::bpchar)"}, {"Node Type": "Bitmap Heap Scan", "Parent Relationship": "Inner", "Relation Name": "supplier", "Alias": "supplier", "Startup Cost": 95.25, "Total Cost": 2492.04, "Plan Rows": 4000, "Plan Width": 12, "Recheck Cond": "(s_nationkey = public.nation.n_nationkey)", "Plans": [{"Node Type": "Bitmap Index Scan", "Parent Relationship": "Outer", "Index Name": "idx_supplier_nation_key", "Startup Cost": 0.0, "Total Cost": 94.25, "Plan Rows": 4000, "Plan Width": 0, "Index Cond": "(s_nationkey = public.nation.n_nationkey)"}]}]}, {"Node Type": "Bitmap Heap Scan", "Parent Relationship": "Inner", "Relation Name": "partsupp", "Alias": "partsupp", "Startup Cost": 1.57, "Total Cost": 9.71, "Plan Rows": 13, "Plan Width": 24, "Recheck Cond": "(ps_suppkey = public.supplier.s_suppkey)", "Plans": [{"Node Type": "Bitmap Index Scan", "Parent Relationship": "Outer", "Index Name": "idx_partsupp_suppkey", "Startup Cost": 0.0, "Total Cost": 1.56, "Plan Rows": 13, "Plan Width": 0, "Index Cond": "(ps_suppkey = public.supplier.s_suppkey)"}]}]}]}, {"Node Type": "Aggregate", "Strategy": "Hashed", "Parent Relationship": "Outer", "Startup Cost": 42836.19, "Total Cost": 43508.44, "Plan Rows": 53780, "Plan Width": 40, "Group By Key": ["public.partsupp.ps_partkey"], "Filter": "(sum((public.partsupp.ps_supplycost * (public.partsupp.ps_availqty)::double precision)) > $2)", "Plans": [{"Node Type": "Nested Loop", "Parent Relationship": "Outer", "Join Type": "Inner", "Startup Cost": 96.82, "Total Cost": 41895.04, "Plan Rows": 53780, "Plan Width": 24, "Inner Unique": false, "Plans": [{"Node Type": "Nested Loop", "Parent Relationship": "Outer", "Join Type": "Inner", "Startup Cost": 95.25, "Total Cost": 2533.35, "Plan Rows": 4000, "Plan Width": 8, "Inner Unique": false, "Plans": [{"Node Type": "Seq Scan", "Parent Relationship": "Outer", "Relation Name": "nation", "Alias": "nation", "Startup Cost": 0.0, "Total Cost": 1.31, "Plan Rows": 1, "Plan Width": 4, "Filter": "(n_name = 'MOZAMBIQUE'::bpchar)"}, {"Node Type": "Bitmap Heap Scan", "Parent Relationship": "Inner", "Relation Name": "supplier", "Alias": "supplier", "Startup Cost": 95.25, "Total Cost": 2492.04, "Plan Rows": 4000, "Plan Width": 12, "Recheck Cond": "(s_nationkey = public.nation.n_nationkey)", "Plans": [{"Node Type": "Bitmap Index Scan", "Parent Relationship": "Outer", "Index Name": "idx_supplier_nation_key", "Startup Cost": 0.0, "Total Cost": 94.25, "Plan Rows": 4000, "Plan Width": 0, "Index Cond": "(s_nationkey = public.nation.n_nationkey)"}]}]}, {"Node Type": "Bitmap Heap Scan", "Parent Relationship": "Inner", "Relation Name": "partsupp", "Alias": "partsupp", "Startup Cost": 1.57, "Total Cost": 9.71, "Plan Rows": 13, "Plan Width": 32, "Recheck Cond": "(ps_suppkey = public.supplier.s_suppkey)", "Plans": [{"Node Type": "Bitmap Index Scan", "Parent Relationship": "Outer", "Index Name": "idx_partsupp_suppkey", "Startup Cost": 0.0, "Total Cost": 1.56, "Plan Rows": 13, "Plan Width": 0, "Index Cond": "(ps_suppkey = public.supplier.s_suppkey)"}]}]}]}]}, "Unique SQL Id": 2932834211, "Planner Runtime": 0}, "explain_analyze_plan": {"Plan": {"Node Type": "Sort", "Startup Cost": 90032.55, "Total Cost": 90167.0, "Plan Rows": 53780, "Plan Width": 40, "Actual Startup Time": 2259.599, "Actual Total Time": 2259.599, "Actual Rows": 0, "Actual Loops": 1, "Sort Key": ["(sum((public.partsupp.ps_supplycost * (public.partsupp.ps_availqty)::double precision))) DESC"], "Sort Method": "quicksort", "Sort Space Used": 25, "Sort Space Type": "Memory", "Plans": [{"Node Type": "Aggregate", "Strategy": "Plain", "Parent Relationship": "exec_init_plan", "Subplan Name": "InitPlan 1 (returns $2)", "Startup Cost": 42298.39, "Total Cost": 42298.4, "Plan Rows": 1, "Plan Width": 24, "Actual Startup Time": 1008.942, "Actual Total Time": 1008.942, "Actual Rows": 1, "Actual Loops": 1, "Plans": [{"Node Type": "Nested Loop", "Parent Relationship": "Outer", "Join Type": "Inner", "Startup Cost": 96.82, "Total Cost": 41895.04, "Plan Rows": 53780, "Plan Width": 16, "Actual Startup Time": 1.124, "Actual Total Time": 881.219, "Actual Rows": 313920, "Actual Loops": 1, "Inner Unique": false, "Plans": [{"Node Type": "Nested Loop", "Parent Relationship": "Outer", "Join Type": "Inner", "Startup Cost": 95.25, "Total Cost": 2533.35, "Plan Rows": 4000, "Plan Width": 8, "Actual Startup Time": 1.07, "Actual Total Time": 9.391, "Actual Rows": 3924, "Actual Loops": 1, "Inner Unique": false, "Plans": [{"Node Type": "Seq Scan", "Parent Relationship": "Outer", "Relation Name": "nation", "Alias": "nation", "Startup Cost": 0.0, "Total Cost": 1.31, "Plan Rows": 1, "Plan Width": 4, "Actual Startup Time": 0.042, "Actual Total Time": 0.058, "Actual Rows": 1, "Actual Loops": 1, "Filter": "(n_name = 'MOZAMBIQUE'::bpchar)", "Rows Removed by Filter": 24}, {"Node Type": "Bitmap Heap Scan", "Parent Relationship": "Inner", "Relation Name": "supplier", "Alias": "supplier", "Startup Cost": 95.25, "Total Cost": 2492.04, "Plan Rows": 4000, "Plan Width": 12, "Actual Startup Time": 1.019, "Actual Total Time": 8.327, "Actual Rows": 3924, "Actual Loops": 1, "Recheck Cond": "(s_nationkey = public.nation.n_nationkey)", "Rows Removed by Index Recheck": 0, "Exact Heap Blocks": 1895, "Lossy Heap Blocks": 1895, "Plans": [{"Node Type": "Bitmap Index Scan", "Parent Relationship": "Outer", "Index Name": "idx_supplier_nation_key", "Startup Cost": 0.0, "Total Cost": 94.25, "Plan Rows": 4000, "Plan Width": 0, "Actual Startup Time": 0.744, "Actual Total Time": 0.744, "Actual Rows": 3924, "Actual Loops": 1, "Index Cond": "(s_nationkey = public.nation.n_nationkey)"}]}]}, {"Node Type": "Bitmap Heap Scan", "Parent Relationship": "Inner", "Relation Name": "partsupp", "Alias": "partsupp", "Startup Cost": 1.57, "Total Cost": 9.71, "Plan Rows": 13, "Plan Width": 24, "Actual Startup Time": 110.886, "Actual Total Time": 803.989, "Actual Rows": 313920, "Actual Loops": 3924, "Recheck Cond": "(ps_suppkey = public.supplier.s_suppkey)", "Rows Removed by Index Recheck": 0, "Exact Heap Blocks": 313920, "Lossy Heap Blocks": 313920, "Plans": [{"Node Type": "Bitmap Index Scan", "Parent Relationship": "Outer", "Index Name": "idx_partsupp_suppkey", "Startup Cost": 0.0, "Total Cost": 1.56, "Plan Rows": 13, "Plan Width": 0, "Actual Startup Time": 71.169, "Actual Total Time": 71.169, "Actual Rows": 313920, "Actual Loops": 3924, "Index Cond": "(ps_suppkey = public.supplier.s_suppkey)"}]}]}]}, {"Node Type": "Aggregate", "Strategy": "Hashed", "Parent Relationship": "Outer", "Startup Cost": 42836.19, "Total Cost": 43508.44, "Plan Rows": 53780, "Plan Width": 40, "Actual Startup Time": 2259.097, "Actual Total Time": 2259.097, "Actual Rows": 0, "Actual Loops": 1, "Group By Key": ["public.partsupp.ps_partkey"], "Filter": "(sum((public.partsupp.ps_supplycost * (public.partsupp.ps_availqty)::double precision)) > $2)", "Rows Removed by Filter": 295792, "Plans": [{"Node Type": "Nested Loop", "Parent Relationship": "Outer", "Join Type": "Inner", "Startup Cost": 96.82, "Total Cost": 41895.04, "Plan Rows": 53780, "Plan Width": 24, "Actual Startup Time": 1.137, "Actual Total Time": 834.966, "Actual Rows": 313920, "Actual Loops": 1, "Inner Unique": false, "Plans": [{"Node Type": "Nested Loop", "Parent Relationship": "Outer", "Join Type": "Inner", "Startup Cost": 95.25, "Total Cost": 2533.35, "Plan Rows": 4000, "Plan Width": 8, "Actual Startup Time": 1.088, "Actual Total Time": 8.572, "Actual Rows": 3924, "Actual Loops": 1, "Inner Unique": false, "Plans": [{"Node Type": "Seq Scan", "Parent Relationship": "Outer", "Relation Name": "nation", "Alias": "nation", "Startup Cost": 0.0, "Total Cost": 1.31, "Plan Rows": 1, "Plan Width": 4, "Actual Startup Time": 0.03, "Actual Total Time": 0.044, "Actual Rows": 1, "Actual Loops": 1, "Filter": "(n_name = 'MOZAMBIQUE'::bpchar)", "Rows Removed by Filter": 24}, {"Node Type": "Bitmap Heap Scan", "Parent Relationship": "Inner", "Relation Name": "supplier", "Alias": "supplier", "Startup Cost": 95.25, "Total Cost": 2492.04, "Plan Rows": 4000, "Plan Width": 12, "Actual Startup Time": 1.052, "Actual Total Time": 7.612, "Actual Rows": 3924, "Actual Loops": 1, "Recheck Cond": "(s_nationkey = public.nation.n_nationkey)", "Rows Removed by Index Recheck": 0, "Exact Heap Blocks": 1895, "Lossy Heap Blocks": 1895, "Plans": [{"Node Type": "Bitmap Index Scan", "Parent Relationship": "Outer", "Index Name": "idx_supplier_nation_key", "Startup Cost": 0.0, "Total Cost": 94.25, "Plan Rows": 4000, "Plan Width": 0, "Actual Startup Time": 0.77, "Actual Total Time": 0.77, "Actual Rows": 3924, "Actual Loops": 1, "Index Cond": "(s_nationkey = public.nation.n_nationkey)"}]}]}, {"Node Type": "Bitmap Heap Scan", "Parent Relationship": "Inner", "Relation Name": "partsupp", "Alias": "partsupp", "Startup Cost": 1.57, "Total Cost": 9.71, "Plan Rows": 13, "Plan Width": 32, "Actual Startup Time": 109.514, "Actual Total Time": 752.491, "Actual Rows": 313920, "Actual Loops": 3924, "Recheck Cond": "(ps_suppkey = public.supplier.s_suppkey)", "Rows Removed by Index Recheck": 0, "Exact Heap Blocks": 313920, "Lossy Heap Blocks": 313920, "Plans": [{"Node Type": "Bitmap Index Scan", "Parent Relationship": "Outer", "Index Name": "idx_partsupp_suppkey", "Startup Cost": 0.0, "Total Cost": 1.56, "Plan Rows": 13, "Plan Width": 0, "Actual Startup Time": 70.02, "Actual Total Time": 70.02, "Actual Rows": 313920, "Actual Loops": 3924, "Index Cond": "(ps_suppkey = public.supplier.s_suppkey)"}]}]}]}]}, "Triggers": [], "Planner Runtime": 0, "Total Runtime": 2259.921, "Unique SQL Id": 2932834211}}, "(16, 51)": {"explain_plan": {"Plan": {"Node Type": "Sort", "Startup Cost": 2000084159245.82, "Total Cost": 2000084159380.27, "Plan Rows": 53780, "Plan Width": 40, "Sort Key": ["(sum((public.partsupp.ps_supplycost * (public.partsupp.ps_availqty)::double precision))) DESC"], "Plans": [{"Node Type": "Aggregate", "Strategy": "Plain", "Parent Relationship": "exec_init_plan", "Subplan Name": "InitPlan 1 (returns $2)", "Startup Cost": 1000001001502.42, "Total Cost": 1000001001502.43, "Plan Rows": 1, "Plan Width": 24, "Plans": [{"Node Type": "Nested Loop", "Parent Relationship": "Outer", "Join Type": "Inner", "Startup Cost": 10000000001.83, "Total Cost": 1000001001099.07, "Plan Rows": 53780, "Plan Width": 16, "Inner Unique": false, "Plans": [{"Node Type": "Nested Loop", "Parent Relationship": "Outer", "Join Type": "Inner", "Startup Cost": 10000000000.26, "Total Cost": 1000000961737.38, "Plan Rows": 4000, "Plan Width": 8, "Inner Unique": true, "Plans": [{"Node Type": "Index Scan", "Parent Relationship": "Outer", "Scan Direction": "Forward", "Index Name": "supplier_pkey", "Relation Name": "supplier", "Alias": "supplier", "Startup Cost": 10000000000.0, "Total Cost": 1000000533454.38, "Plan Rows": 100000, "Plan Width": 12}, {"Node Type": "Bitmap Heap Scan", "Parent Relationship": "Inner", "Relation Name": "nation", "Alias": "nation", "Startup Cost": 0.26, "Total Cost": 4.27, "Plan Rows": 1, "Plan Width": 4, "Recheck Cond": "(n_nationkey = public.supplier.s_nationkey)", "Filter": "(n_name = 'MOZAMBIQUE'::bpchar)", "Plans": [{"Node Type": "Bitmap Index Scan", "Parent Relationship": "Outer", "Index Name": "nation_pkey", "Startup Cost": 0.0, "Total Cost": 0.26, "Plan Rows": 1, "Plan Width": 0, "Index Cond": "(n_nationkey = public.supplier.s_nationkey)"}]}]}, {"Node Type": "Bitmap Heap Scan", "Parent Relationship": "Inner", "Relation Name": "partsupp", "Alias": "partsupp", "Startup Cost": 1.57, "Total Cost": 9.71, "Plan Rows": 13, "Plan Width": 24, "Recheck Cond": "(ps_suppkey = public.supplier.s_suppkey)", "Plans": [{"Node Type": "Bitmap Index Scan", "Parent Relationship": "Outer", "Index Name": "idx_partsupp_suppkey", "Startup Cost": 0.0, "Total Cost": 1.56, "Plan Rows": 13, "Plan Width": 0, "Index Cond": "(ps_suppkey = public.supplier.s_suppkey)"}]}]}]}, {"Node Type": "Aggregate", "Strategy": "Hashed", "Parent Relationship": "Outer", "Startup Cost": 1000083152845.44, "Total Cost": 1000083153517.69, "Plan Rows": 53780, "Plan Width": 40, "Group By Key": ["public.partsupp.ps_partkey"], "Filter": "(sum((public.partsupp.ps_supplycost * (public.partsupp.ps_availqty)::double precision)) > $2)", "Plans": [{"Node Type": "Nested Loop", "Parent Relationship": "Outer", "Join Type": "Inner", "Startup Cost": 10000000000.52, "Total Cost": 1000083151904.29, "Plan Rows": 53780, "Plan Width": 24, "Inner Unique": true, "Plans": [{"Node Type": "Nested Loop", "Parent Relationship": "Outer", "Join Type": "Inner", "Startup Cost": 10000000000.26, "Total Cost": 1000077393643.64, "Plan Rows": 1344499, "Plan Width": 28, "Inner Unique": true, "Plans": [{"Node Type": "Index Scan", "Parent Relationship": "Outer", "Scan Direction": "Forward", "Index Name": "idx_partsupp_partkey", "Relation Name": "partsupp", "Alias": "partsupp", "Startup Cost": 10000000000.0, "Total Cost": 1000043148503.38, "Plan Rows": 8000372, "Plan Width": 32}, {"Node Type": "Bitmap Heap Scan", "Parent Relationship": "Inner", "Relation Name": "supplier", "Alias": "supplier", "Startup Cost": 0.26, "Total Cost": 4.27, "Plan Rows": 1, "Plan Width": 12, "Recheck Cond": "(s_suppkey = public.partsupp.ps_suppkey)", "Plans": [{"Node Type": "Bitmap Index Scan", "Parent Relationship": "Outer", "Index Name": "supplier_pkey", "Startup Cost": 0.0, "Total Cost": 0.26, "Plan Rows": 1, "Plan Width": 0, "Index Cond": "(s_suppkey = public.partsupp.ps_suppkey)"}]}]}, {"Node Type": "Bitmap Heap Scan", "Parent Relationship": "Inner", "Relation Name": "nation", "Alias": "nation", "Startup Cost": 0.26, "Total Cost": 4.27, "Plan Rows": 1, "Plan Width": 4, "Recheck Cond": "(n_nationkey = public.supplier.s_nationkey)", "Filter": "(n_name = 'MOZAMBIQUE'::bpchar)", "Plans": [{"Node Type": "Bitmap Index Scan", "Parent Relationship": "Outer", "Index Name": "nation_pkey", "Startup Cost": 0.0, "Total Cost": 0.26, "Plan Rows": 1, "Plan Width": 0, "Index Cond": "(n_nationkey = public.supplier.s_nationkey)"}]}]}]}]}, "Unique SQL Id": 2932834211, "Planner Runtime": 0}, "explain_analyze_plan": null}, "(16, 52)": {"explain_plan": {"Plan": {"Node Type": "Sort", "Startup Cost": 86957.11, "Total Cost": 87091.56, "Plan Rows": 53780, "Plan Width": 40, "Sort Key": ["(sum((public.partsupp.ps_supplycost * (public.partsupp.ps_availqty)::double precision))) DESC"], "Plans": [{"Node Type": "Aggregate", "Strategy": "Plain", "Parent Relationship": "exec_init_plan", "Subplan Name": "InitPlan 1 (returns $2)", "Startup Cost": 40760.67, "Total Cost": 40760.68, "Plan Rows": 1, "Plan Width": 24, "Plans": [{"Node Type": "Nested Loop", "Parent Relationship": "Outer", "Join Type": "Inner", "Startup Cost": 95.25, "Total Cost": 40357.32, "Plan Rows": 53780, "Plan Width": 16, "Inner Unique": false, "Plans": [{"Node Type": "Nested Loop", "Parent Relationship": "Outer", "Join Type": "Inner", "Startup Cost": 95.25, "Total Cost": 2533.35, "Plan Rows": 4000, "Plan Width": 8, "Inner Unique": false, "Plans": [{"Node Type": "Seq Scan", "Parent Relationship": "Outer", "Relation Name": "nation", "Alias": "nation", "Startup Cost": 0.0, "Total Cost": 1.31, "Plan Rows": 1, "Plan Width": 4, "Filter": "(n_name = 'MOZAMBIQUE'::bpchar)"}, {"Node Type": "Bitmap Heap Scan", "Parent Relationship": "Inner", "Relation Name": "supplier", "Alias": "supplier", "Startup Cost": 95.25, "Total Cost": 2492.04, "Plan Rows": 4000, "Plan Width": 12, "Recheck Cond": "(s_nationkey = public.nation.n_nationkey)", "Plans": [{"Node Type": "Bitmap Index Scan", "Parent Relationship": "Outer", "Index Name": "idx_supplier_nation_key", "Startup Cost": 0.0, "Total Cost": 94.25, "Plan Rows": 4000, "Plan Width": 0, "Index Cond": "(s_nationkey = public.nation.n_nationkey)"}]}]}, {"Node Type": "Index Scan", "Parent Relationship": "Inner", "Scan Direction": "Forward", "Index Name": "idx_partsupp_suppkey", "Relation Name": "partsupp", "Alias": "partsupp", "Startup Cost": 0.0, "Total Cost": 9.33, "Plan Rows": 13, "Plan Width": 24, "Index Cond": "(ps_suppkey = public.supplier.s_suppkey)"}]}]}, {"Node Type": "Aggregate", "Strategy": "Hashed", "Parent Relationship": "Outer", "Startup Cost": 41298.47, "Total Cost": 41970.72, "Plan Rows": 53780, "Plan Width": 40, "Group By Key": ["public.partsupp.ps_partkey"], "Filter": "(sum((public.partsupp.ps_supplycost * (public.partsupp.ps_availqty)::double precision)) > $2)", "Plans": [{"Node Type": "Nested Loop", "Parent Relationship": "Outer", "Join Type": "Inner", "Startup Cost": 95.25, "Total Cost": 40357.32, "Plan Rows": 53780, "Plan Width": 24, "Inner Unique": false, "Plans": [{"Node Type": "Nested Loop", "Parent Relationship": "Outer", "Join Type": "Inner", "Startup Cost": 95.25, "Total Cost": 2533.35, "Plan Rows": 4000, "Plan Width": 8, "Inner Unique": false, "Plans": [{"Node Type": "Seq Scan", "Parent Relationship": "Outer", "Relation Name": "nation", "Alias": "nation", "Startup Cost": 0.0, "Total Cost": 1.31, "Plan Rows": 1, "Plan Width": 4, "Filter": "(n_name = 'MOZAMBIQUE'::bpchar)"}, {"Node Type": "Bitmap Heap Scan", "Parent Relationship": "Inner", "Relation Name": "supplier", "Alias": "supplier", "Startup Cost": 95.25, "Total Cost": 2492.04, "Plan Rows": 4000, "Plan Width": 12, "Recheck Cond": "(s_nationkey = public.nation.n_nationkey)", "Plans": [{"Node Type": "Bitmap Index Scan", "Parent Relationship": "Outer", "Index Name": "idx_supplier_nation_key", "Startup Cost": 0.0, "Total Cost": 94.25, "Plan Rows": 4000, "Plan Width": 0, "Index Cond": "(s_nationkey = public.nation.n_nationkey)"}]}]}, {"Node Type": "Index Scan", "Parent Relationship": "Inner", "Scan Direction": "Forward", "Index Name": "idx_partsupp_suppkey", "Relation Name": "partsupp", "Alias": "partsupp", "Startup Cost": 0.0, "Total Cost": 9.33, "Plan Rows": 13, "Plan Width": 32, "Index Cond": "(ps_suppkey = public.supplier.s_suppkey)"}]}]}]}, "Unique SQL Id": 2932834211, "Planner Runtime": 0}, "explain_analyze_plan": {"Plan": {"Node Type": "Sort", "Startup Cost": 86957.11, "Total Cost": 87091.56, "Plan Rows": 53780, "Plan Width": 40, "Actual Startup Time": 1867.688, "Actual Total Time": 1867.688, "Actual Rows": 0, "Actual Loops": 1, "Sort Key": ["(sum((public.partsupp.ps_supplycost * (public.partsupp.ps_availqty)::double precision))) DESC"], "Sort Method": "quicksort", "Sort Space Used": 25, "Sort Space Type": "Memory", "Plans": [{"Node Type": "Aggregate", "Strategy": "Plain", "Parent Relationship": "exec_init_plan", "Subplan Name": "InitPlan 1 (returns $2)", "Startup Cost": 40760.67, "Total Cost": 40760.68, "Plan Rows": 1, "Plan Width": 24, "Actual Startup Time": 794.18, "Actual Total Time": 794.181, "Actual Rows": 1, "Actual Loops": 1, "Plans": [{"Node Type": "Nested Loop", "Parent Relationship": "Outer", "Join Type": "Inner", "Startup Cost": 95.25, "Total Cost": 40357.32, "Plan Rows": 53780, "Plan Width": 16, "Actual Startup Time": 1.125, "Actual Total Time": 657.634, "Actual Rows": 313920, "Actual Loops": 1, "Inner Unique": false, "Plans": [{"Node Type": "Nested Loop", "Parent Relationship": "Outer", "Join Type": "Inner", "Startup Cost": 95.25, "Total Cost": 2533.35, "Plan Rows": 4000, "Plan Width": 8, "Actual Startup Time": 1.098, "Actual Total Time": 8.186, "Actual Rows": 3924, "Actual Loops": 1, "Inner Unique": false, "Plans": [{"Node Type": "Seq Scan", "Parent Relationship": "Outer", "Relation Name": "nation", "Alias": "nation", "Startup Cost": 0.0, "Total Cost": 1.31, "Plan Rows": 1, "Plan Width": 4, "Actual Startup Time": 0.024, "Actual Total Time": 0.047, "Actual Rows": 1, "Actual Loops": 1, "Filter": "(n_name = 'MOZAMBIQUE'::bpchar)", "Rows Removed by Filter": 24}, {"Node Type": "Bitmap Heap Scan", "Parent Relationship": "Inner", "Relation Name": "supplier", "Alias": "supplier", "Startup Cost": 95.25, "Total Cost": 2492.04, "Plan Rows": 4000, "Plan Width": 12, "Actual Startup Time": 1.058, "Actual Total Time": 7.206, "Actual Rows": 3924, "Actual Loops": 1, "Recheck Cond": "(s_nationkey = public.nation.n_nationkey)", "Rows Removed by Index Recheck": 0, "Exact Heap Blocks": 1895, "Lossy Heap Blocks": 1895, "Plans": [{"Node Type": "Bitmap Index Scan", "Parent Relationship": "Outer", "Index Name": "idx_supplier_nation_key", "Startup Cost": 0.0, "Total Cost": 94.25, "Plan Rows": 4000, "Plan Width": 0, "Actual Startup Time": 0.777, "Actual Total Time": 0.777, "Actual Rows": 3924, "Actual Loops": 1, "Index Cond": "(s_nationkey = public.nation.n_nationkey)"}]}]}, {"Node Type": "Index Scan", "Parent Relationship": "Inner", "Scan Direction": "Forward", "Index Name": "idx_partsupp_suppkey", "Relation Name": "partsupp", "Alias": "partsupp", "Startup Cost": 0.0, "Total Cost": 9.33, "Plan Rows": 13, "Plan Width": 24, "Actual Startup Time": 48.522, "Actual Total Time": 582.276, "Actual Rows": 313920, "Actual Loops": 3924, "Index Cond": "(ps_suppkey = public.supplier.s_suppkey)", "Rows Removed by Index Recheck": 0}]}]}, {"Node Type": "Aggregate", "Strategy": "Hashed", "Parent Relationship": "Outer", "Startup Cost": 41298.47, "Total Cost": 41970.72, "Plan Rows": 53780, "Plan Width": 40, "Actual Startup Time": 1867.28, "Actual Total Time": 1867.28, "Actual Rows": 0, "Actual Loops": 1, "Group By Key": ["public.partsupp.ps_partkey"], "Filter": "(sum((public.partsupp.ps_supplycost * (public.partsupp.ps_availqty)::double precision)) > $2)", "Rows Removed by Filter": 295792, "Plans": [{"Node Type": "Nested Loop", "Parent Relationship": "Outer", "Join Type": "Inner", "Startup Cost": 95.25, "Total Cost": 40357.32, "Plan Rows": 53780, "Plan Width": 24, "Actual Startup Time": 1.055, "Actual Total Time": 684.172, "Actual Rows": 313920, "Actual Loops": 1, "Inner Unique": false, "Plans": [{"Node Type": "Nested Loop", "Parent Relationship": "Outer", "Join Type": "Inner", "Startup Cost": 95.25, "Total Cost": 2533.35, "Plan Rows": 4000, "Plan Width": 8, "Actual Startup Time": 1.024, "Actual Total Time": 8.574, "Actual Rows": 3924, "Actual Loops": 1, "Inner Unique": false, "Plans": [{"Node Type": "Seq Scan", "Parent Relationship": "Outer", "Relation Name": "nation", "Alias": "nation", "Startup Cost": 0.0, "Total Cost": 1.31, "Plan Rows": 1, "Plan Width": 4, "Actual Startup Time": 0.032, "Actual Total Time": 0.044, "Actual Rows": 1, "Actual Loops": 1, "Filter": "(n_name = 'MOZAMBIQUE'::bpchar)", "Rows Removed by Filter": 24}, {"Node Type": "Bitmap Heap Scan", "Parent Relationship": "Inner", "Relation Name": "supplier", "Alias": "supplier", "Startup Cost": 95.25, "Total Cost": 2492.04, "Plan Rows": 4000, "Plan Width": 12, "Actual Startup Time": 0.985, "Actual Total Time": 7.583, "Actual Rows": 3924, "Actual Loops": 1, "Recheck Cond": "(s_nationkey = public.nation.n_nationkey)", "Rows Removed by Index Recheck": 0, "Exact Heap Blocks": 1895, "Lossy Heap Blocks": 1895, "Plans": [{"Node Type": "Bitmap Index Scan", "Parent Relationship": "Outer", "Index Name": "idx_supplier_nation_key", "Startup Cost": 0.0, "Total Cost": 94.25, "Plan Rows": 4000, "Plan Width": 0, "Actual Startup Time": 0.705, "Actual Total Time": 0.705, "Actual Rows": 3924, "Actual Loops": 1, "Index Cond": "(s_nationkey = public.nation.n_nationkey)"}]}]}, {"Node Type": "Index Scan", "Parent Relationship": "Inner", "Scan Direction": "Forward", "Index Name": "idx_partsupp_suppkey", "Relation Name": "partsupp", "Alias": "partsupp", "Startup Cost": 0.0, "Total Cost": 9.33, "Plan Rows": 13, "Plan Width": 32, "Actual Startup Time": 49.919, "Actual Total Time": 602.753, "Actual Rows": 313920, "Actual Loops": 3924, "Index Cond": "(ps_suppkey = public.supplier.s_suppkey)", "Rows Removed by Index Recheck": 0}]}]}]}, "Triggers": [], "Planner Runtime": 0, "Total Runtime": 1868.014, "Unique SQL Id": 2932834211}}, "(16, 53)": {"explain_plan": {"Plan": {"Node Type": "Sort", "Startup Cost": 86979.86, "Total Cost": 87114.31, "Plan Rows": 53780, "Plan Width": 40, "Sort Key": ["(sum((public.partsupp.ps_supplycost * (public.partsupp.ps_availqty)::double precision))) DESC"], "Plans": [{"Node Type": "Aggregate", "Strategy": "Plain", "Parent Relationship": "exec_init_plan", "Subplan Name": "InitPlan 1 (returns $2)", "Startup Cost": 40772.04, "Total Cost": 40772.06, "Plan Rows": 1, "Plan Width": 24, "Plans": [{"Node Type": "Nested Loop", "Parent Relationship": "Outer", "Join Type": "Inner", "Startup Cost": 95.25, "Total Cost": 40368.69, "Plan Rows": 53780, "Plan Width": 16, "Inner Unique": false, "Plans": [{"Node Type": "Nested Loop", "Parent Relationship": "Outer", "Join Type": "Inner", "Startup Cost": 95.25, "Total Cost": 2544.73, "Plan Rows": 4000, "Plan Width": 8, "Inner Unique": false, "Plans": [{"Node Type": "Index Scan", "Parent Relationship": "Outer", "Scan Direction": "Forward", "Index Name": "nation_pkey", "Relation Name": "nation", "Alias": "nation", "Startup Cost": 0.0, "Total Cost": 12.69, "Plan Rows": 1, "Plan Width": 4, "Filter": "(n_name = 'MOZAMBIQUE'::bpchar)"}, {"Node Type": "Bitmap Heap Scan", "Parent Relationship": "Inner", "Relation Name": "supplier", "Alias": "supplier", "Startup Cost": 95.25, "Total Cost": 2492.04, "Plan Rows": 4000, "Plan Width": 12, "Recheck Cond": "(s_nationkey = public.nation.n_nationkey)", "Plans": [{"Node Type": "Bitmap Index Scan", "Parent Relationship": "Outer", "Index Name": "idx_supplier_nation_key", "Startup Cost": 0.0, "Total Cost": 94.25, "Plan Rows": 4000, "Plan Width": 0, "Index Cond": "(s_nationkey = public.nation.n_nationkey)"}]}]}, {"Node Type": "Index Scan", "Parent Relationship": "Inner", "Scan Direction": "Forward", "Index Name": "idx_partsupp_suppkey", "Relation Name": "partsupp", "Alias": "partsupp", "Startup Cost": 0.0, "Total Cost": 9.33, "Plan Rows": 13, "Plan Width": 24, "Index Cond": "(ps_suppkey = public.supplier.s_suppkey)"}]}]}, {"Node Type": "Aggregate", "Strategy": "Hashed", "Parent Relationship": "Outer", "Startup Cost": 41309.84, "Total Cost": 41982.09, "Plan Rows": 53780, "Plan Width": 40, "Group By Key": ["public.partsupp.ps_partkey"], "Filter": "(sum((public.partsupp.ps_supplycost * (public.partsupp.ps_availqty)::double precision)) > $2)", "Plans": [{"Node Type": "Nested Loop", "Parent Relationship": "Outer", "Join Type": "Inner", "Startup Cost": 95.25, "Total Cost": 40368.69, "Plan Rows": 53780, "Plan Width": 24, "Inner Unique": false, "Plans": [{"Node Type": "Nested Loop", "Parent Relationship": "Outer", "Join Type": "Inner", "Startup Cost": 95.25, "Total Cost": 2544.73, "Plan Rows": 4000, "Plan Width": 8, "Inner Unique": false, "Plans": [{"Node Type": "Index Scan", "Parent Relationship": "Outer", "Scan Direction": "Forward", "Index Name": "nation_pkey", "Relation Name": "nation", "Alias": "nation", "Startup Cost": 0.0, "Total Cost": 12.69, "Plan Rows": 1, "Plan Width": 4, "Filter": "(n_name = 'MOZAMBIQUE'::bpchar)"}, {"Node Type": "Bitmap Heap Scan", "Parent Relationship": "Inner", "Relation Name": "supplier", "Alias": "supplier", "Startup Cost": 95.25, "Total Cost": 2492.04, "Plan Rows": 4000, "Plan Width": 12, "Recheck Cond": "(s_nationkey = public.nation.n_nationkey)", "Plans": [{"Node Type": "Bitmap Index Scan", "Parent Relationship": "Outer", "Index Name": "idx_supplier_nation_key", "Startup Cost": 0.0, "Total Cost": 94.25, "Plan Rows": 4000, "Plan Width": 0, "Index Cond": "(s_nationkey = public.nation.n_nationkey)"}]}]}, {"Node Type": "Index Scan", "Parent Relationship": "Inner", "Scan Direction": "Forward", "Index Name": "idx_partsupp_suppkey", "Relation Name": "partsupp", "Alias": "partsupp", "Startup Cost": 0.0, "Total Cost": 9.33, "Plan Rows": 13, "Plan Width": 32, "Index Cond": "(ps_suppkey = public.supplier.s_suppkey)"}]}]}]}, "Unique SQL Id": 2932834211, "Planner Runtime": 0}, "explain_analyze_plan": {"Plan": {"Node Type": "Sort", "Startup Cost": 86979.86, "Total Cost": 87114.31, "Plan Rows": 53780, "Plan Width": 40, "Actual Startup Time": 2004.071, "Actual Total Time": 2004.071, "Actual Rows": 0, "Actual Loops": 1, "Sort Key": ["(sum((public.partsupp.ps_supplycost * (public.partsupp.ps_availqty)::double precision))) DESC"], "Sort Method": "quicksort", "Sort Space Used": 25, "Sort Space Type": "Memory", "Plans": [{"Node Type": "Aggregate", "Strategy": "Plain", "Parent Relationship": "exec_init_plan", "Subplan Name": "InitPlan 1 (returns $2)", "Startup Cost": 40772.04, "Total Cost": 40772.06, "Plan Rows": 1, "Plan Width": 24, "Actual Startup Time": 813.993, "Actual Total Time": 813.994, "Actual Rows": 1, "Actual Loops": 1, "Plans": [{"Node Type": "Nested Loop", "Parent Relationship": "Outer", "Join Type": "Inner", "Startup Cost": 95.25, "Total Cost": 40368.69, "Plan Rows": 53780, "Plan Width": 16, "Actual Startup Time": 1.031, "Actual Total Time": 679.613, "Actual Rows": 313920, "Actual Loops": 1, "Inner Unique": false, "Plans": [{"Node Type": "Nested Loop", "Parent Relationship": "Outer", "Join Type": "Inner", "Startup Cost": 95.25, "Total Cost": 2544.73, "Plan Rows": 4000, "Plan Width": 8, "Actual Startup Time": 1.007, "Actual Total Time": 8.373, "Actual Rows": 3924, "Actual Loops": 1, "Inner Unique": false, "Plans": [{"Node Type": "Index Scan", "Parent Relationship": "Outer", "Scan Direction": "Forward", "Index Name": "nation_pkey", "Relation Name": "nation", "Alias": "nation", "Startup Cost": 0.0, "Total Cost": 12.69, "Plan Rows": 1, "Plan Width": 4, "Actual Startup Time": 0.027, "Actual Total Time": 0.082, "Actual Rows": 1, "Actual Loops": 1, "Filter": "(n_name = 'MOZAMBIQUE'::bpchar)", "Rows Removed by Filter": 24}, {"Node Type": "Bitmap Heap Scan", "Parent Relationship": "Inner", "Relation Name": "supplier", "Alias": "supplier", "Startup Cost": 95.25, "Total Cost": 2492.04, "Plan Rows": 4000, "Plan Width": 12, "Actual Startup Time": 0.966, "Actual Total Time": 7.31, "Actual Rows": 3924, "Actual Loops": 1, "Recheck Cond": "(s_nationkey = public.nation.n_nationkey)", "Rows Removed by Index Recheck": 0, "Exact Heap Blocks": 1895, "Lossy Heap Blocks": 1895, "Plans": [{"Node Type": "Bitmap Index Scan", "Parent Relationship": "Outer", "Index Name": "idx_supplier_nation_key", "Startup Cost": 0.0, "Total Cost": 94.25, "Plan Rows": 4000, "Plan Width": 0, "Actual Startup Time": 0.678, "Actual Total Time": 0.678, "Actual Rows": 3924, "Actual Loops": 1, "Index Cond": "(s_nationkey = public.nation.n_nationkey)"}]}]}, {"Node Type": "Index Scan", "Parent Relationship": "Inner", "Scan Direction": "Forward", "Index Name": "idx_partsupp_suppkey", "Relation Name": "partsupp", "Alias": "partsupp", "Startup Cost": 0.0, "Total Cost": 9.33, "Plan Rows": 13, "Plan Width": 24, "Actual Startup Time": 46.974, "Actual Total Time": 604.92, "Actual Rows": 313920, "Actual Loops": 3924, "Index Cond": "(ps_suppkey = public.supplier.s_suppkey)", "Rows Removed by Index Recheck": 0}]}]}, {"Node Type": "Aggregate", "Strategy": "Hashed", "Parent Relationship": "Outer", "Startup Cost": 41309.84, "Total Cost": 41982.09, "Plan Rows": 53780, "Plan Width": 40, "Actual Startup Time": 2003.564, "Actual Total Time": 2003.564, "Actual Rows": 0, "Actual Loops": 1, "Group By Key": ["public.partsupp.ps_partkey"], "Filter": "(sum((public.partsupp.ps_supplycost * (public.partsupp.ps_availqty)::double precision)) > $2)", "Rows Removed by Filter": 295792, "Plans": [{"Node Type": "Nested Loop", "Parent Relationship": "Outer", "Join Type": "Inner", "Startup Cost": 95.25, "Total Cost": 40368.69, "Plan Rows": 53780, "Plan Width": 24, "Actual Startup Time": 1.126, "Actual Total Time": 773.104, "Actual Rows": 313920, "Actual Loops": 1, "Inner Unique": false, "Plans": [{"Node Type": "Nested Loop", "Parent Relationship": "Outer", "Join Type": "Inner", "Startup Cost": 95.25, "Total Cost": 2544.73, "Plan Rows": 4000, "Plan Width": 8, "Actual Startup Time": 1.098, "Actual Total Time": 9.874, "Actual Rows": 3924, "Actual Loops": 1, "Inner Unique": false, "Plans": [{"Node Type": "Index Scan", "Parent Relationship": "Outer", "Scan Direction": "Forward", "Index Name": "nation_pkey", "Relation Name": "nation", "Alias": "nation", "Startup Cost": 0.0, "Total Cost": 12.69, "Plan Rows": 1, "Plan Width": 4, "Actual Startup Time": 0.032, "Actual Total Time": 0.045, "Actual Rows": 1, "Actual Loops": 1, "Filter": "(n_name = 'MOZAMBIQUE'::bpchar)", "Rows Removed by Filter": 24}, {"Node Type": "Bitmap Heap Scan", "Parent Relationship": "Inner", "Relation Name": "supplier", "Alias": "supplier", "Startup Cost": 95.25, "Total Cost": 2492.04, "Plan Rows": 4000, "Plan Width": 12, "Actual Startup Time": 1.058, "Actual Total Time": 8.873, "Actual Rows": 3924, "Actual Loops": 1, "Recheck Cond": "(s_nationkey = public.nation.n_nationkey)", "Rows Removed by Index Recheck": 0, "Exact Heap Blocks": 1895, "Lossy Heap Blocks": 1895, "Plans": [{"Node Type": "Bitmap Index Scan", "Parent Relationship": "Outer", "Index Name": "idx_supplier_nation_key", "Startup Cost": 0.0, "Total Cost": 94.25, "Plan Rows": 4000, "Plan Width": 0, "Actual Startup Time": 0.766, "Actual Total Time": 0.766, "Actual Rows": 3924, "Actual Loops": 1, "Index Cond": "(s_nationkey = public.nation.n_nationkey)"}]}]}, {"Node Type": "Index Scan", "Parent Relationship": "Inner", "Scan Direction": "Forward", "Index Name": "idx_partsupp_suppkey", "Relation Name": "partsupp", "Alias": "partsupp", "Startup Cost": 0.0, "Total Cost": 9.33, "Plan Rows": 13, "Plan Width": 32, "Actual Startup Time": 55.084, "Actual Total Time": 692.047, "Actual Rows": 313920, "Actual Loops": 3924, "Index Cond": "(ps_suppkey = public.supplier.s_suppkey)", "Rows Removed by Index Recheck": 0}]}]}]}, "Triggers": [], "Planner Runtime": 0, "Total Runtime": 2004.504, "Unique SQL Id": 2932834211}}, "(16, 54)": {"explain_plan": {"Plan": {"Node Type": "Sort", "Startup Cost": 90032.55, "Total Cost": 90167.0, "Plan Rows": 53780, "Plan Width": 40, "Sort Key": ["(sum((public.partsupp.ps_supplycost * (public.partsupp.ps_availqty)::double precision))) DESC"], "Plans": [{"Node Type": "Aggregate", "Strategy": "Plain", "Parent Relationship": "exec_init_plan", "Subplan Name": "InitPlan 1 (returns $2)", "Startup Cost": 42298.39, "Total Cost": 42298.4, "Plan Rows": 1, "Plan Width": 24, "Plans": [{"Node Type": "Nested Loop", "Parent Relationship": "Outer", "Join Type": "Inner", "Startup Cost": 96.82, "Total Cost": 41895.04, "Plan Rows": 53780, "Plan Width": 16, "Inner Unique": false, "Plans": [{"Node Type": "Nested Loop", "Parent Relationship": "Outer", "Join Type": "Inner", "Startup Cost": 95.25, "Total Cost": 2533.35, "Plan Rows": 4000, "Plan Width": 8, "Inner Unique": false, "Plans": [{"Node Type": "Seq Scan", "Parent Relationship": "Outer", "Relation Name": "nation", "Alias": "nation", "Startup Cost": 0.0, "Total Cost": 1.31, "Plan Rows": 1, "Plan Width": 4, "Filter": "(n_name = 'MOZAMBIQUE'::bpchar)"}, {"Node Type": "Bitmap Heap Scan", "Parent Relationship": "Inner", "Relation Name": "supplier", "Alias": "supplier", "Startup Cost": 95.25, "Total Cost": 2492.04, "Plan Rows": 4000, "Plan Width": 12, "Recheck Cond": "(s_nationkey = public.nation.n_nationkey)", "Plans": [{"Node Type": "Bitmap Index Scan", "Parent Relationship": "Outer", "Index Name": "idx_supplier_nation_key", "Startup Cost": 0.0, "Total Cost": 94.25, "Plan Rows": 4000, "Plan Width": 0, "Index Cond": "(s_nationkey = public.nation.n_nationkey)"}]}]}, {"Node Type": "Bitmap Heap Scan", "Parent Relationship": "Inner", "Relation Name": "partsupp", "Alias": "partsupp", "Startup Cost": 1.57, "Total Cost": 9.71, "Plan Rows": 13, "Plan Width": 24, "Recheck Cond": "(ps_suppkey = public.supplier.s_suppkey)", "Plans": [{"Node Type": "Bitmap Index Scan", "Parent Relationship": "Outer", "Index Name": "idx_partsupp_suppkey", "Startup Cost": 0.0, "Total Cost": 1.56, "Plan Rows": 13, "Plan Width": 0, "Index Cond": "(ps_suppkey = public.supplier.s_suppkey)"}]}]}]}, {"Node Type": "Aggregate", "Strategy": "Hashed", "Parent Relationship": "Outer", "Startup Cost": 42836.19, "Total Cost": 43508.44, "Plan Rows": 53780, "Plan Width": 40, "Group By Key": ["public.partsupp.ps_partkey"], "Filter": "(sum((public.partsupp.ps_supplycost * (public.partsupp.ps_availqty)::double precision)) > $2)", "Plans": [{"Node Type": "Nested Loop", "Parent Relationship": "Outer", "Join Type": "Inner", "Startup Cost": 96.82, "Total Cost": 41895.04, "Plan Rows": 53780, "Plan Width": 24, "Inner Unique": false, "Plans": [{"Node Type": "Nested Loop", "Parent Relationship": "Outer", "Join Type": "Inner", "Startup Cost": 95.25, "Total Cost": 2533.35, "Plan Rows": 4000, "Plan Width": 8, "Inner Unique": false, "Plans": [{"Node Type": "Seq Scan", "Parent Relationship": "Outer", "Relation Name": "nation", "Alias": "nation", "Startup Cost": 0.0, "Total Cost": 1.31, "Plan Rows": 1, "Plan Width": 4, "Filter": "(n_name = 'MOZAMBIQUE'::bpchar)"}, {"Node Type": "Bitmap Heap Scan", "Parent Relationship": "Inner", "Relation Name": "supplier", "Alias": "supplier", "Startup Cost": 95.25, "Total Cost": 2492.04, "Plan Rows": 4000, "Plan Width": 12, "Recheck Cond": "(s_nationkey = public.nation.n_nationkey)", "Plans": [{"Node Type": "Bitmap Index Scan", "Parent Relationship": "Outer", "Index Name": "idx_supplier_nation_key", "Startup Cost": 0.0, "Total Cost": 94.25, "Plan Rows": 4000, "Plan Width": 0, "Index Cond": "(s_nationkey = public.nation.n_nationkey)"}]}]}, {"Node Type": "Bitmap Heap Scan", "Parent Relationship": "Inner", "Relation Name": "partsupp", "Alias": "partsupp", "Startup Cost": 1.57, "Total Cost": 9.71, "Plan Rows": 13, "Plan Width": 32, "Recheck Cond": "(ps_suppkey = public.supplier.s_suppkey)", "Plans": [{"Node Type": "Bitmap Index Scan", "Parent Relationship": "Outer", "Index Name": "idx_partsupp_suppkey", "Startup Cost": 0.0, "Total Cost": 1.56, "Plan Rows": 13, "Plan Width": 0, "Index Cond": "(ps_suppkey = public.supplier.s_suppkey)"}]}]}]}]}, "Unique SQL Id": 2932834211, "Planner Runtime": 0}, "explain_analyze_plan": {"Plan": {"Node Type": "Sort", "Startup Cost": 90032.55, "Total Cost": 90167.0, "Plan Rows": 53780, "Plan Width": 40, "Actual Startup Time": 2259.599, "Actual Total Time": 2259.599, "Actual Rows": 0, "Actual Loops": 1, "Sort Key": ["(sum((public.partsupp.ps_supplycost * (public.partsupp.ps_availqty)::double precision))) DESC"], "Sort Method": "quicksort", "Sort Space Used": 25, "Sort Space Type": "Memory", "Plans": [{"Node Type": "Aggregate", "Strategy": "Plain", "Parent Relationship": "exec_init_plan", "Subplan Name": "InitPlan 1 (returns $2)", "Startup Cost": 42298.39, "Total Cost": 42298.4, "Plan Rows": 1, "Plan Width": 24, "Actual Startup Time": 1008.942, "Actual Total Time": 1008.942, "Actual Rows": 1, "Actual Loops": 1, "Plans": [{"Node Type": "Nested Loop", "Parent Relationship": "Outer", "Join Type": "Inner", "Startup Cost": 96.82, "Total Cost": 41895.04, "Plan Rows": 53780, "Plan Width": 16, "Actual Startup Time": 1.124, "Actual Total Time": 881.219, "Actual Rows": 313920, "Actual Loops": 1, "Inner Unique": false, "Plans": [{"Node Type": "Nested Loop", "Parent Relationship": "Outer", "Join Type": "Inner", "Startup Cost": 95.25, "Total Cost": 2533.35, "Plan Rows": 4000, "Plan Width": 8, "Actual Startup Time": 1.07, "Actual Total Time": 9.391, "Actual Rows": 3924, "Actual Loops": 1, "Inner Unique": false, "Plans": [{"Node Type": "Seq Scan", "Parent Relationship": "Outer", "Relation Name": "nation", "Alias": "nation", "Startup Cost": 0.0, "Total Cost": 1.31, "Plan Rows": 1, "Plan Width": 4, "Actual Startup Time": 0.042, "Actual Total Time": 0.058, "Actual Rows": 1, "Actual Loops": 1, "Filter": "(n_name = 'MOZAMBIQUE'::bpchar)", "Rows Removed by Filter": 24}, {"Node Type": "Bitmap Heap Scan", "Parent Relationship": "Inner", "Relation Name": "supplier", "Alias": "supplier", "Startup Cost": 95.25, "Total Cost": 2492.04, "Plan Rows": 4000, "Plan Width": 12, "Actual Startup Time": 1.019, "Actual Total Time": 8.327, "Actual Rows": 3924, "Actual Loops": 1, "Recheck Cond": "(s_nationkey = public.nation.n_nationkey)", "Rows Removed by Index Recheck": 0, "Exact Heap Blocks": 1895, "Lossy Heap Blocks": 1895, "Plans": [{"Node Type": "Bitmap Index Scan", "Parent Relationship": "Outer", "Index Name": "idx_supplier_nation_key", "Startup Cost": 0.0, "Total Cost": 94.25, "Plan Rows": 4000, "Plan Width": 0, "Actual Startup Time": 0.744, "Actual Total Time": 0.744, "Actual Rows": 3924, "Actual Loops": 1, "Index Cond": "(s_nationkey = public.nation.n_nationkey)"}]}]}, {"Node Type": "Bitmap Heap Scan", "Parent Relationship": "Inner", "Relation Name": "partsupp", "Alias": "partsupp", "Startup Cost": 1.57, "Total Cost": 9.71, "Plan Rows": 13, "Plan Width": 24, "Actual Startup Time": 110.886, "Actual Total Time": 803.989, "Actual Rows": 313920, "Actual Loops": 3924, "Recheck Cond": "(ps_suppkey = public.supplier.s_suppkey)", "Rows Removed by Index Recheck": 0, "Exact Heap Blocks": 313920, "Lossy Heap Blocks": 313920, "Plans": [{"Node Type": "Bitmap Index Scan", "Parent Relationship": "Outer", "Index Name": "idx_partsupp_suppkey", "Startup Cost": 0.0, "Total Cost": 1.56, "Plan Rows": 13, "Plan Width": 0, "Actual Startup Time": 71.169, "Actual Total Time": 71.169, "Actual Rows": 313920, "Actual Loops": 3924, "Index Cond": "(ps_suppkey = public.supplier.s_suppkey)"}]}]}]}, {"Node Type": "Aggregate", "Strategy": "Hashed", "Parent Relationship": "Outer", "Startup Cost": 42836.19, "Total Cost": 43508.44, "Plan Rows": 53780, "Plan Width": 40, "Actual Startup Time": 2259.097, "Actual Total Time": 2259.097, "Actual Rows": 0, "Actual Loops": 1, "Group By Key": ["public.partsupp.ps_partkey"], "Filter": "(sum((public.partsupp.ps_supplycost * (public.partsupp.ps_availqty)::double precision)) > $2)", "Rows Removed by Filter": 295792, "Plans": [{"Node Type": "Nested Loop", "Parent Relationship": "Outer", "Join Type": "Inner", "Startup Cost": 96.82, "Total Cost": 41895.04, "Plan Rows": 53780, "Plan Width": 24, "Actual Startup Time": 1.137, "Actual Total Time": 834.966, "Actual Rows": 313920, "Actual Loops": 1, "Inner Unique": false, "Plans": [{"Node Type": "Nested Loop", "Parent Relationship": "Outer", "Join Type": "Inner", "Startup Cost": 95.25, "Total Cost": 2533.35, "Plan Rows": 4000, "Plan Width": 8, "Actual Startup Time": 1.088, "Actual Total Time": 8.572, "Actual Rows": 3924, "Actual Loops": 1, "Inner Unique": false, "Plans": [{"Node Type": "Seq Scan", "Parent Relationship": "Outer", "Relation Name": "nation", "Alias": "nation", "Startup Cost": 0.0, "Total Cost": 1.31, "Plan Rows": 1, "Plan Width": 4, "Actual Startup Time": 0.03, "Actual Total Time": 0.044, "Actual Rows": 1, "Actual Loops": 1, "Filter": "(n_name = 'MOZAMBIQUE'::bpchar)", "Rows Removed by Filter": 24}, {"Node Type": "Bitmap Heap Scan", "Parent Relationship": "Inner", "Relation Name": "supplier", "Alias": "supplier", "Startup Cost": 95.25, "Total Cost": 2492.04, "Plan Rows": 4000, "Plan Width": 12, "Actual Startup Time": 1.052, "Actual Total Time": 7.612, "Actual Rows": 3924, "Actual Loops": 1, "Recheck Cond": "(s_nationkey = public.nation.n_nationkey)", "Rows Removed by Index Recheck": 0, "Exact Heap Blocks": 1895, "Lossy Heap Blocks": 1895, "Plans": [{"Node Type": "Bitmap Index Scan", "Parent Relationship": "Outer", "Index Name": "idx_supplier_nation_key", "Startup Cost": 0.0, "Total Cost": 94.25, "Plan Rows": 4000, "Plan Width": 0, "Actual Startup Time": 0.77, "Actual Total Time": 0.77, "Actual Rows": 3924, "Actual Loops": 1, "Index Cond": "(s_nationkey = public.nation.n_nationkey)"}]}]}, {"Node Type": "Bitmap Heap Scan", "Parent Relationship": "Inner", "Relation Name": "partsupp", "Alias": "partsupp", "Startup Cost": 1.57, "Total Cost": 9.71, "Plan Rows": 13, "Plan Width": 32, "Actual Startup Time": 109.514, "Actual Total Time": 752.491, "Actual Rows": 313920, "Actual Loops": 3924, "Recheck Cond": "(ps_suppkey = public.supplier.s_suppkey)", "Rows Removed by Index Recheck": 0, "Exact Heap Blocks": 313920, "Lossy Heap Blocks": 313920, "Plans": [{"Node Type": "Bitmap Index Scan", "Parent Relationship": "Outer", "Index Name": "idx_partsupp_suppkey", "Startup Cost": 0.0, "Total Cost": 1.56, "Plan Rows": 13, "Plan Width": 0, "Actual Startup Time": 70.02, "Actual Total Time": 70.02, "Actual Rows": 313920, "Actual Loops": 3924, "Index Cond": "(ps_suppkey = public.supplier.s_suppkey)"}]}]}]}]}, "Triggers": [], "Planner Runtime": 0, "Total Runtime": 2259.921, "Unique SQL Id": 2932834211}}, "(16, 55)": {"explain_plan": {"Plan": {"Node Type": "Sort", "Startup Cost": 2000084159245.82, "Total Cost": 2000084159380.27, "Plan Rows": 53780, "Plan Width": 40, "Sort Key": ["(sum((public.partsupp.ps_supplycost * (public.partsupp.ps_availqty)::double precision))) DESC"], "Plans": [{"Node Type": "Aggregate", "Strategy": "Plain", "Parent Relationship": "exec_init_plan", "Subplan Name": "InitPlan 1 (returns $2)", "Startup Cost": 1000001001502.42, "Total Cost": 1000001001502.43, "Plan Rows": 1, "Plan Width": 24, "Plans": [{"Node Type": "Nested Loop", "Parent Relationship": "Outer", "Join Type": "Inner", "Startup Cost": 10000000001.83, "Total Cost": 1000001001099.07, "Plan Rows": 53780, "Plan Width": 16, "Inner Unique": false, "Plans": [{"Node Type": "Nested Loop", "Parent Relationship": "Outer", "Join Type": "Inner", "Startup Cost": 10000000000.26, "Total Cost": 1000000961737.38, "Plan Rows": 4000, "Plan Width": 8, "Inner Unique": true, "Plans": [{"Node Type": "Index Scan", "Parent Relationship": "Outer", "Scan Direction": "Forward", "Index Name": "supplier_pkey", "Relation Name": "supplier", "Alias": "supplier", "Startup Cost": 10000000000.0, "Total Cost": 1000000533454.38, "Plan Rows": 100000, "Plan Width": 12}, {"Node Type": "Bitmap Heap Scan", "Parent Relationship": "Inner", "Relation Name": "nation", "Alias": "nation", "Startup Cost": 0.26, "Total Cost": 4.27, "Plan Rows": 1, "Plan Width": 4, "Recheck Cond": "(n_nationkey = public.supplier.s_nationkey)", "Filter": "(n_name = 'MOZAMBIQUE'::bpchar)", "Plans": [{"Node Type": "Bitmap Index Scan", "Parent Relationship": "Outer", "Index Name": "nation_pkey", "Startup Cost": 0.0, "Total Cost": 0.26, "Plan Rows": 1, "Plan Width": 0, "Index Cond": "(n_nationkey = public.supplier.s_nationkey)"}]}]}, {"Node Type": "Bitmap Heap Scan", "Parent Relationship": "Inner", "Relation Name": "partsupp", "Alias": "partsupp", "Startup Cost": 1.57, "Total Cost": 9.71, "Plan Rows": 13, "Plan Width": 24, "Recheck Cond": "(ps_suppkey = public.supplier.s_suppkey)", "Plans": [{"Node Type": "Bitmap Index Scan", "Parent Relationship": "Outer", "Index Name": "idx_partsupp_suppkey", "Startup Cost": 0.0, "Total Cost": 1.56, "Plan Rows": 13, "Plan Width": 0, "Index Cond": "(ps_suppkey = public.supplier.s_suppkey)"}]}]}]}, {"Node Type": "Aggregate", "Strategy": "Hashed", "Parent Relationship": "Outer", "Startup Cost": 1000083152845.44, "Total Cost": 1000083153517.69, "Plan Rows": 53780, "Plan Width": 40, "Group By Key": ["public.partsupp.ps_partkey"], "Filter": "(sum((public.partsupp.ps_supplycost * (public.partsupp.ps_availqty)::double precision)) > $2)", "Plans": [{"Node Type": "Nested Loop", "Parent Relationship": "Outer", "Join Type": "Inner", "Startup Cost": 10000000000.52, "Total Cost": 1000083151904.29, "Plan Rows": 53780, "Plan Width": 24, "Inner Unique": true, "Plans": [{"Node Type": "Nested Loop", "Parent Relationship": "Outer", "Join Type": "Inner", "Startup Cost": 10000000000.26, "Total Cost": 1000077393643.64, "Plan Rows": 1344499, "Plan Width": 28, "Inner Unique": true, "Plans": [{"Node Type": "Index Scan", "Parent Relationship": "Outer", "Scan Direction": "Forward", "Index Name": "idx_partsupp_partkey", "Relation Name": "partsupp", "Alias": "partsupp", "Startup Cost": 10000000000.0, "Total Cost": 1000043148503.38, "Plan Rows": 8000372, "Plan Width": 32}, {"Node Type": "Bitmap Heap Scan", "Parent Relationship": "Inner", "Relation Name": "supplier", "Alias": "supplier", "Startup Cost": 0.26, "Total Cost": 4.27, "Plan Rows": 1, "Plan Width": 12, "Recheck Cond": "(s_suppkey = public.partsupp.ps_suppkey)", "Plans": [{"Node Type": "Bitmap Index Scan", "Parent Relationship": "Outer", "Index Name": "supplier_pkey", "Startup Cost": 0.0, "Total Cost": 0.26, "Plan Rows": 1, "Plan Width": 0, "Index Cond": "(s_suppkey = public.partsupp.ps_suppkey)"}]}]}, {"Node Type": "Bitmap Heap Scan", "Parent Relationship": "Inner", "Relation Name": "nation", "Alias": "nation", "Startup Cost": 0.26, "Total Cost": 4.27, "Plan Rows": 1, "Plan Width": 4, "Recheck Cond": "(n_nationkey = public.supplier.s_nationkey)", "Filter": "(n_name = 'MOZAMBIQUE'::bpchar)", "Plans": [{"Node Type": "Bitmap Index Scan", "Parent Relationship": "Outer", "Index Name": "nation_pkey", "Startup Cost": 0.0, "Total Cost": 0.26, "Plan Rows": 1, "Plan Width": 0, "Index Cond": "(n_nationkey = public.supplier.s_nationkey)"}]}]}]}]}, "Unique SQL Id": 2932834211, "Planner Runtime": 0}, "explain_analyze_plan": null}, "(16, 56)": {"explain_plan": {"Plan": {"Node Type": "Sort", "Startup Cost": 90959.03, "Total Cost": 91093.48, "Plan Rows": 53780, "Plan Width": 40, "Sort Key": ["(sum((public.partsupp.ps_supplycost * (public.partsupp.ps_availqty)::double precision))) DESC"], "Plans": [{"Node Type": "Aggregate", "Strategy": "Plain", "Parent Relationship": "exec_init_plan", "Subplan Name": "InitPlan 1 (returns $1)", "Startup Cost": 42761.63, "Total Cost": 42761.64, "Plan Rows": 1, "Plan Width": 24, "Plans": [{"Node Type": "Nested Loop", "Parent Relationship": "Outer", "Join Type": "Inner", "Startup Cost": 0.0, "Total Cost": 42358.28, "Plan Rows": 53780, "Plan Width": 16, "Inner Unique": false, "Plans": [{"Node Type": "Nested Loop", "Parent Relationship": "Outer", "Join Type": "Inner", "Startup Cost": 0.0, "Total Cost": 4534.31, "Plan Rows": 4000, "Plan Width": 8, "Inner Unique": false, "Join Filter": "(public.supplier.s_nationkey = public.nation.n_nationkey)", "Plans": [{"Node Type": "Seq Scan", "Parent Relationship": "Outer", "Relation Name": "nation", "Alias": "nation", "Startup Cost": 0.0, "Total Cost": 1.31, "Plan Rows": 1, "Plan Width": 4, "Filter": "(n_name = 'MOZAMBIQUE'::bpchar)"}, {"Node Type": "Seq Scan", "Parent Relationship": "Inner", "Relation Name": "supplier", "Alias": "supplier", "Startup Cost": 0.0, "Total Cost": 3283.0, "Plan Rows": 100000, "Plan Width": 12}]}, {"Node Type": "Index Scan", "Parent Relationship": "Inner", "Scan Direction": "Forward", "Index Name": "idx_partsupp_suppkey", "Relation Name": "partsupp", "Alias": "partsupp", "Startup Cost": 0.0, "Total Cost": 9.33, "Plan Rows": 13, "Plan Width": 24, "Index Cond": "(ps_suppkey = public.supplier.s_suppkey)"}]}]}, {"Node Type": "Aggregate", "Strategy": "Hashed", "Parent Relationship": "Outer", "Startup Cost": 43299.43, "Total Cost": 43971.68, "Plan Rows": 53780, "Plan Width": 40, "Group By Key": ["public.partsupp.ps_partkey"], "Filter": "(sum((public.partsupp.ps_supplycost * (public.partsupp.ps_availqty)::double precision)) > $1)", "Plans": [{"Node Type": "Nested Loop", "Parent Relationship": "Outer", "Join Type": "Inner", "Startup Cost": 0.0, "Total Cost": 42358.28, "Plan Rows": 53780, "Plan Width": 24, "Inner Unique": false, "Plans": [{"Node Type": "Nested Loop", "Parent Relationship": "Outer", "Join Type": "Inner", "Startup Cost": 0.0, "Total Cost": 4534.31, "Plan Rows": 4000, "Plan Width": 8, "Inner Unique": false, "Join Filter": "(public.supplier.s_nationkey = public.nation.n_nationkey)", "Plans": [{"Node Type": "Seq Scan", "Parent Relationship": "Outer", "Relation Name": "nation", "Alias": "nation", "Startup Cost": 0.0, "Total Cost": 1.31, "Plan Rows": 1, "Plan Width": 4, "Filter": "(n_name = 'MOZAMBIQUE'::bpchar)"}, {"Node Type": "Seq Scan", "Parent Relationship": "Inner", "Relation Name": "supplier", "Alias": "supplier", "Startup Cost": 0.0, "Total Cost": 3283.0, "Plan Rows": 100000, "Plan Width": 12}]}, {"Node Type": "Index Scan", "Parent Relationship": "Inner", "Scan Direction": "Forward", "Index Name": "idx_partsupp_suppkey", "Relation Name": "partsupp", "Alias": "partsupp", "Startup Cost": 0.0, "Total Cost": 9.33, "Plan Rows": 13, "Plan Width": 32, "Index Cond": "(ps_suppkey = public.supplier.s_suppkey)"}]}]}]}, "Unique SQL Id": 2932834211, "Planner Runtime": 0}, "explain_analyze_plan": {"Plan": {"Node Type": "Sort", "Startup Cost": 90959.03, "Total Cost": 91093.48, "Plan Rows": 53780, "Plan Width": 40, "Actual Startup Time": 2005.012, "Actual Total Time": 2005.012, "Actual Rows": 0, "Actual Loops": 1, "Sort Key": ["(sum((public.partsupp.ps_supplycost * (public.partsupp.ps_availqty)::double precision))) DESC"], "Sort Method": "quicksort", "Sort Space Used": 25, "Sort Space Type": "Memory", "Plans": [{"Node Type": "Aggregate", "Strategy": "Plain", "Parent Relationship": "exec_init_plan", "Subplan Name": "InitPlan 1 (returns $1)", "Startup Cost": 42761.63, "Total Cost": 42761.64, "Plan Rows": 1, "Plan Width": 24, "Actual Startup Time": 878.528, "Actual Total Time": 878.529, "Actual Rows": 1, "Actual Loops": 1, "Plans": [{"Node Type": "Nested Loop", "Parent Relationship": "Outer", "Join Type": "Inner", "Startup Cost": 0.0, "Total Cost": 42358.28, "Plan Rows": 53780, "Plan Width": 16, "Actual Startup Time": 0.105, "Actual Total Time": 742.855, "Actual Rows": 313920, "Actual Loops": 1, "Inner Unique": false, "Plans": [{"Node Type": "Nested Loop", "Parent Relationship": "Outer", "Join Type": "Inner", "Startup Cost": 0.0, "Total Cost": 4534.31, "Plan Rows": 4000, "Plan Width": 8, "Actual Startup Time": 0.077, "Actual Total Time": 54.371, "Actual Rows": 3924, "Actual Loops": 1, "Inner Unique": false, "Join Filter": "(public.supplier.s_nationkey = public.nation.n_nationkey)", "Rows Removed by Join Filter": 96076, "Plans": [{"Node Type": "Seq Scan", "Parent Relationship": "Outer", "Relation Name": "nation", "Alias": "nation", "Startup Cost": 0.0, "Total Cost": 1.31, "Plan Rows": 1, "Plan Width": 4, "Actual Startup Time": 0.025, "Actual Total Time": 0.034, "Actual Rows": 1, "Actual Loops": 1, "Filter": "(n_name = 'MOZAMBIQUE'::bpchar)", "Rows Removed by Filter": 24}, {"Node Type": "Seq Scan", "Parent Relationship": "Inner", "Relation Name": "supplier", "Alias": "supplier", "Startup Cost": 0.0, "Total Cost": 3283.0, "Plan Rows": 100000, "Plan Width": 12, "Actual Startup Time": 0.027, "Actual Total Time": 29.177, "Actual Rows": 100000, "Actual Loops": 1}]}, {"Node Type": "Index Scan", "Parent Relationship": "Inner", "Scan Direction": "Forward", "Index Name": "idx_partsupp_suppkey", "Relation Name": "partsupp", "Alias": "partsupp", "Startup Cost": 0.0, "Total Cost": 9.33, "Plan Rows": 13, "Plan Width": 24, "Actual Startup Time": 51.752, "Actual Total Time": 621.635, "Actual Rows": 313920, "Actual Loops": 3924, "Index Cond": "(ps_suppkey = public.supplier.s_suppkey)", "Rows Removed by Index Recheck": 0}]}]}, {"Node Type": "Aggregate", "Strategy": "Hashed", "Parent Relationship": "Outer", "Startup Cost": 43299.43, "Total Cost": 43971.68, "Plan Rows": 53780, "Plan Width": 40, "Actual Startup Time": 2004.531, "Actual Total Time": 2004.531, "Actual Rows": 0, "Actual Loops": 1, "Group By Key": ["public.partsupp.ps_partkey"], "Filter": "(sum((public.partsupp.ps_supplycost * (public.partsupp.ps_availqty)::double precision)) > $1)", "Rows Removed by Filter": 295792, "Plans": [{"Node Type": "Nested Loop", "Parent Relationship": "Outer", "Join Type": "Inner", "Startup Cost": 0.0, "Total Cost": 42358.28, "Plan Rows": 53780, "Plan Width": 24, "Actual Startup Time": 0.086, "Actual Total Time": 712.291, "Actual Rows": 313920, "Actual Loops": 1, "Inner Unique": false, "Plans": [{"Node Type": "Nested Loop", "Parent Relationship": "Outer", "Join Type": "Inner", "Startup Cost": 0.0, "Total Cost": 4534.31, "Plan Rows": 4000, "Plan Width": 8, "Actual Startup Time": 0.055, "Actual Total Time": 53.824, "Actual Rows": 3924, "Actual Loops": 1, "Inner Unique": false, "Join Filter": "(public.supplier.s_nationkey = public.nation.n_nationkey)", "Rows Removed by Join Filter": 96076, "Plans": [{"Node Type": "Seq Scan", "Parent Relationship": "Outer", "Relation Name": "nation", "Alias": "nation", "Startup Cost": 0.0, "Total Cost": 1.31, "Plan Rows": 1, "Plan Width": 4, "Actual Startup Time": 0.03, "Actual Total Time": 0.037, "Actual Rows": 1, "Actual Loops": 1, "Filter": "(n_name = 'MOZAMBIQUE'::bpchar)", "Rows Removed by Filter": 24}, {"Node Type": "Seq Scan", "Parent Relationship": "Inner", "Relation Name": "supplier", "Alias": "supplier", "Startup Cost": 0.0, "Total Cost": 3283.0, "Plan Rows": 100000, "Plan Width": 12, "Actual Startup Time": 0.01, "Actual Total Time": 28.652, "Actual Rows": 100000, "Actual Loops": 1}]}, {"Node Type": "Index Scan", "Parent Relationship": "Inner", "Scan Direction": "Forward", "Index Name": "idx_partsupp_suppkey", "Relation Name": "partsupp", "Alias": "partsupp", "Startup Cost": 0.0, "Total Cost": 9.33, "Plan Rows": 13, "Plan Width": 32, "Actual Startup Time": 49.587, "Actual Total Time": 586.566, "Actual Rows": 313920, "Actual Loops": 3924, "Index Cond": "(ps_suppkey = public.supplier.s_suppkey)", "Rows Removed by Index Recheck": 0}]}]}]}, "Triggers": [], "Planner Runtime": 0, "Total Runtime": 2005.315, "Unique SQL Id": 2932834211}}, "(16, 57)": {"explain_plan": {"Plan": {"Node Type": "Sort", "Startup Cost": 95084.87, "Total Cost": 95219.32, "Plan Rows": 53780, "Plan Width": 40, "Sort Key": ["(sum((public.partsupp.ps_supplycost * (public.partsupp.ps_availqty)::double precision))) DESC"], "Plans": [{"Node Type": "Aggregate", "Strategy": "Plain", "Parent Relationship": "exec_init_plan", "Subplan Name": "InitPlan 1 (returns $1)", "Startup Cost": 44824.55, "Total Cost": 44824.56, "Plan Rows": 1, "Plan Width": 24, "Plans": [{"Node Type": "Nested Loop", "Parent Relationship": "Outer", "Join Type": "Inner", "Startup Cost": 0.0, "Total Cost": 44421.2, "Plan Rows": 53780, "Plan Width": 16, "Inner Unique": false, "Plans": [{"Node Type": "Nested Loop", "Parent Relationship": "Outer", "Join Type": "Inner", "Startup Cost": 0.0, "Total Cost": 6597.23, "Plan Rows": 4000, "Plan Width": 8, "Inner Unique": false, "Join Filter": "(public.supplier.s_nationkey = public.nation.n_nationkey)", "Plans": [{"Node Type": "Index Scan", "Parent Relationship": "Outer", "Scan Direction": "Forward", "Index Name": "nation_pkey", "Relation Name": "nation", "Alias": "nation", "Startup Cost": 0.0, "Total Cost": 12.69, "Plan Rows": 1, "Plan Width": 4, "Filter": "(n_name = 'MOZAMBIQUE'::bpchar)"}, {"Node Type": "Index Scan", "Parent Relationship": "Inner", "Scan Direction": "Forward", "Index Name": "supplier_pkey", "Relation Name": "supplier", "Alias": "supplier", "Startup Cost": 0.0, "Total Cost": 5334.54, "Plan Rows": 100000, "Plan Width": 12}]}, {"Node Type": "Index Scan", "Parent Relationship": "Inner", "Scan Direction": "Forward", "Index Name": "idx_partsupp_suppkey", "Relation Name": "partsupp", "Alias": "partsupp", "Startup Cost": 0.0, "Total Cost": 9.33, "Plan Rows": 13, "Plan Width": 24, "Index Cond": "(ps_suppkey = public.supplier.s_suppkey)"}]}]}, {"Node Type": "Aggregate", "Strategy": "Hashed", "Parent Relationship": "Outer", "Startup Cost": 45362.35, "Total Cost": 46034.6, "Plan Rows": 53780, "Plan Width": 40, "Group By Key": ["public.partsupp.ps_partkey"], "Filter": "(sum((public.partsupp.ps_supplycost * (public.partsupp.ps_availqty)::double precision)) > $1)", "Plans": [{"Node Type": "Nested Loop", "Parent Relationship": "Outer", "Join Type": "Inner", "Startup Cost": 0.0, "Total Cost": 44421.2, "Plan Rows": 53780, "Plan Width": 24, "Inner Unique": false, "Plans": [{"Node Type": "Nested Loop", "Parent Relationship": "Outer", "Join Type": "Inner", "Startup Cost": 0.0, "Total Cost": 6597.23, "Plan Rows": 4000, "Plan Width": 8, "Inner Unique": false, "Join Filter": "(public.supplier.s_nationkey = public.nation.n_nationkey)", "Plans": [{"Node Type": "Index Scan", "Parent Relationship": "Outer", "Scan Direction": "Forward", "Index Name": "nation_pkey", "Relation Name": "nation", "Alias": "nation", "Startup Cost": 0.0, "Total Cost": 12.69, "Plan Rows": 1, "Plan Width": 4, "Filter": "(n_name = 'MOZAMBIQUE'::bpchar)"}, {"Node Type": "Index Scan", "Parent Relationship": "Inner", "Scan Direction": "Forward", "Index Name": "supplier_pkey", "Relation Name": "supplier", "Alias": "supplier", "Startup Cost": 0.0, "Total Cost": 5334.54, "Plan Rows": 100000, "Plan Width": 12}]}, {"Node Type": "Index Scan", "Parent Relationship": "Inner", "Scan Direction": "Forward", "Index Name": "idx_partsupp_suppkey", "Relation Name": "partsupp", "Alias": "partsupp", "Startup Cost": 0.0, "Total Cost": 9.33, "Plan Rows": 13, "Plan Width": 32, "Index Cond": "(ps_suppkey = public.supplier.s_suppkey)"}]}]}]}, "Unique SQL Id": 2932834211, "Planner Runtime": 0}, "explain_analyze_plan": {"Plan": {"Node Type": "Sort", "Startup Cost": 95084.87, "Total Cost": 95219.32, "Plan Rows": 53780, "Plan Width": 40, "Actual Startup Time": 2124.956, "Actual Total Time": 2124.956, "Actual Rows": 0, "Actual Loops": 1, "Sort Key": ["(sum((public.partsupp.ps_supplycost * (public.partsupp.ps_availqty)::double precision))) DESC"], "Sort Method": "quicksort", "Sort Space Used": 25, "Sort Space Type": "Memory", "Plans": [{"Node Type": "Aggregate", "Strategy": "Plain", "Parent Relationship": "exec_init_plan", "Subplan Name": "InitPlan 1 (returns $1)", "Startup Cost": 44824.55, "Total Cost": 44824.56, "Plan Rows": 1, "Plan Width": 24, "Actual Startup Time": 961.052, "Actual Total Time": 961.053, "Actual Rows": 1, "Actual Loops": 1, "Plans": [{"Node Type": "Nested Loop", "Parent Relationship": "Outer", "Join Type": "Inner", "Startup Cost": 0.0, "Total Cost": 44421.2, "Plan Rows": 53780, "Plan Width": 16, "Actual Startup Time": 0.102, "Actual Total Time": 824.947, "Actual Rows": 313920, "Actual Loops": 1, "Inner Unique": false, "Plans": [{"Node Type": "Nested Loop", "Parent Relationship": "Outer", "Join Type": "Inner", "Startup Cost": 0.0, "Total Cost": 6597.23, "Plan Rows": 4000, "Plan Width": 8, "Actual Startup Time": 0.077, "Actual Total Time": 92.096, "Actual Rows": 3924, "Actual Loops": 1, "Inner Unique": false, "Join Filter": "(public.supplier.s_nationkey = public.nation.n_nationkey)", "Rows Removed by Join Filter": 96076, "Plans": [{"Node Type": "Index Scan", "Parent Relationship": "Outer", "Scan Direction": "Forward", "Index Name": "nation_pkey", "Relation Name": "nation", "Alias": "nation", "Startup Cost": 0.0, "Total Cost": 12.69, "Plan Rows": 1, "Plan Width": 4, "Actual Startup Time": 0.024, "Actual Total Time": 0.035, "Actual Rows": 1, "Actual Loops": 1, "Filter": "(n_name = 'MOZAMBIQUE'::bpchar)", "Rows Removed by Filter": 24}, {"Node Type": "Index Scan", "Parent Relationship": "Inner", "Scan Direction": "Forward", "Index Name": "supplier_pkey", "Relation Name": "supplier", "Alias": "supplier", "Startup Cost": 0.0, "Total Cost": 5334.54, "Plan Rows": 100000, "Plan Width": 12, "Actual Startup Time": 0.03, "Actual Total Time": 68.394, "Actual Rows": 100000, "Actual Loops": 1}]}, {"Node Type": "Index Scan", "Parent Relationship": "Inner", "Scan Direction": "Forward", "Index Name": "idx_partsupp_suppkey", "Relation Name": "partsupp", "Alias": "partsupp", "Startup Cost": 0.0, "Total Cost": 9.33, "Plan Rows": 13, "Plan Width": 24, "Actual Startup Time": 53.975, "Actual Total Time": 666.233, "Actual Rows": 313920, "Actual Loops": 3924, "Index Cond": "(ps_suppkey = public.supplier.s_suppkey)", "Rows Removed by Index Recheck": 0}]}]}, {"Node Type": "Aggregate", "Strategy": "Hashed", "Parent Relationship": "Outer", "Startup Cost": 45362.35, "Total Cost": 46034.6, "Plan Rows": 53780, "Plan Width": 40, "Actual Startup Time": 2124.518, "Actual Total Time": 2124.518, "Actual Rows": 0, "Actual Loops": 1, "Group By Key": ["public.partsupp.ps_partkey"], "Filter": "(sum((public.partsupp.ps_supplycost * (public.partsupp.ps_availqty)::double precision)) > $1)", "Rows Removed by Filter": 295792, "Plans": [{"Node Type": "Nested Loop", "Parent Relationship": "Outer", "Join Type": "Inner", "Startup Cost": 0.0, "Total Cost": 44421.2, "Plan Rows": 53780, "Plan Width": 24, "Actual Startup Time": 0.107, "Actual Total Time": 747.534, "Actual Rows": 313920, "Actual Loops": 1, "Inner Unique": false, "Plans": [{"Node Type": "Nested Loop", "Parent Relationship": "Outer", "Join Type": "Inner", "Startup Cost": 0.0, "Total Cost": 6597.23, "Plan Rows": 4000, "Plan Width": 8, "Actual Startup Time": 0.081, "Actual Total Time": 84.543, "Actual Rows": 3924, "Actual Loops": 1, "Inner Unique": false, "Join Filter": "(public.supplier.s_nationkey = public.nation.n_nationkey)", "Rows Removed by Join Filter": 96076, "Plans": [{"Node Type": "Index Scan", "Parent Relationship": "Outer", "Scan Direction": "Forward", "Index Name": "nation_pkey", "Relation Name": "nation", "Alias": "nation", "Startup Cost": 0.0, "Total Cost": 12.69, "Plan Rows": 1, "Plan Width": 4, "Actual Startup Time": 0.038, "Actual Total Time": 0.05, "Actual Rows": 1, "Actual Loops": 1, "Filter": "(n_name = 'MOZAMBIQUE'::bpchar)", "Rows Removed by Filter": 24}, {"Node Type": "Index Scan", "Parent Relationship": "Inner", "Scan Direction": "Forward", "Index Name": "supplier_pkey", "Relation Name": "supplier", "Alias": "supplier", "Startup Cost": 0.0, "Total Cost": 5334.54, "Plan Rows": 100000, "Plan Width": 12, "Actual Startup Time": 0.02, "Actual Total Time": 60.735, "Actual Rows": 100000, "Actual Loops": 1}]}, {"Node Type": "Index Scan", "Parent Relationship": "Inner", "Scan Direction": "Forward", "Index Name": "idx_partsupp_suppkey", "Relation Name": "partsupp", "Alias": "partsupp", "Startup Cost": 0.0, "Total Cost": 9.33, "Plan Rows": 13, "Plan Width": 32, "Actual Startup Time": 49.092, "Actual Total Time": 591.154, "Actual Rows": 313920, "Actual Loops": 3924, "Index Cond": "(ps_suppkey = public.supplier.s_suppkey)", "Rows Removed by Index Recheck": 0}]}]}]}, "Triggers": [], "Planner Runtime": 0, "Total Runtime": 2125.245, "Unique SQL Id": 2932834211}}, "(16, 58)": {"explain_plan": {"Plan": {"Node Type": "Sort", "Startup Cost": 960599946.53, "Total Cost": 960600080.98, "Plan Rows": 53780, "Plan Width": 40, "Sort Key": ["(sum((public.partsupp.ps_supplycost * (public.partsupp.ps_availqty)::double precision))) DESC"], "Plans": [{"Node Type": "Aggregate", "Strategy": "Plain", "Parent Relationship": "exec_init_plan", "Subplan Name": "InitPlan 1 (returns $0)", "Startup Cost": 480297255.38, "Total Cost": 480297255.4, "Plan Rows": 1, "Plan Width": 24, "Plans": [{"Node Type": "Nested Loop", "Parent Relationship": "Outer", "Join Type": "Inner", "Startup Cost": 0.0, "Total Cost": 480296852.03, "Plan Rows": 53780, "Plan Width": 16, "Inner Unique": false, "Join Filter": "(public.supplier.s_suppkey = public.partsupp.ps_suppkey)", "Plans": [{"Node Type": "Seq Scan", "Parent Relationship": "Outer", "Relation Name": "partsupp", "Alias": "partsupp", "Startup Cost": 0.0, "Total Cost": 269987.72, "Plan Rows": 8000372, "Plan Width": 24}, {"Node Type": "Materialize", "Parent Relationship": "Inner", "Startup Cost": 0.0, "Total Cost": 4554.31, "Plan Rows": 4000, "Plan Width": 8, "Plans": [{"Node Type": "Nested Loop", "Parent Relationship": "Outer", "Join Type": "Inner", "Startup Cost": 0.0, "Total Cost": 4534.31, "Plan Rows": 4000, "Plan Width": 8, "Inner Unique": false, "Join Filter": "(public.supplier.s_nationkey = public.nation.n_nationkey)", "Plans": [{"Node Type": "Seq Scan", "Parent Relationship": "Outer", "Relation Name": "nation", "Alias": "nation", "Startup Cost": 0.0, "Total Cost": 1.31, "Plan Rows": 1, "Plan Width": 4, "Filter": "(n_name = 'MOZAMBIQUE'::bpchar)"}, {"Node Type": "Seq Scan", "Parent Relationship": "Inner", "Relation Name": "supplier", "Alias": "supplier", "Startup Cost": 0.0, "Total Cost": 3283.0, "Plan Rows": 100000, "Plan Width": 12}]}]}]}]}, {"Node Type": "Aggregate", "Strategy": "Hashed", "Parent Relationship": "Outer", "Startup Cost": 480297793.18, "Total Cost": 480298465.43, "Plan Rows": 53780, "Plan Width": 40, "Group By Key": ["public.partsupp.ps_partkey"], "Filter": "(sum((public.partsupp.ps_supplycost * (public.partsupp.ps_availqty)::double precision)) > $0)", "Plans": [{"Node Type": "Nested Loop", "Parent Relationship": "Outer", "Join Type": "Inner", "Startup Cost": 0.0, "Total Cost": 480296852.03, "Plan Rows": 53780, "Plan Width": 24, "Inner Unique": false, "Join Filter": "(public.supplier.s_suppkey = public.partsupp.ps_suppkey)", "Plans": [{"Node Type": "Seq Scan", "Parent Relationship": "Outer", "Relation Name": "partsupp", "Alias": "partsupp", "Startup Cost": 0.0, "Total Cost": 269987.72, "Plan Rows": 8000372, "Plan Width": 32}, {"Node Type": "Materialize", "Parent Relationship": "Inner", "Startup Cost": 0.0, "Total Cost": 4554.31, "Plan Rows": 4000, "Plan Width": 8, "Plans": [{"Node Type": "Nested Loop", "Parent Relationship": "Outer", "Join Type": "Inner", "Startup Cost": 0.0, "Total Cost": 4534.31, "Plan Rows": 4000, "Plan Width": 8, "Inner Unique": false, "Join Filter": "(public.supplier.s_nationkey = public.nation.n_nationkey)", "Plans": [{"Node Type": "Seq Scan", "Parent Relationship": "Outer", "Relation Name": "nation", "Alias": "nation", "Startup Cost": 0.0, "Total Cost": 1.31, "Plan Rows": 1, "Plan Width": 4, "Filter": "(n_name = 'MOZAMBIQUE'::bpchar)"}, {"Node Type": "Seq Scan", "Parent Relationship": "Inner", "Relation Name": "supplier", "Alias": "supplier", "Startup Cost": 0.0, "Total Cost": 3283.0, "Plan Rows": 100000, "Plan Width": 12}]}]}]}]}]}, "Unique SQL Id": 2932834211, "Planner Runtime": 0}, "explain_analyze_plan": null}, "(16, 59)": {"explain_plan": {"Plan": {"Node Type": "Sort", "Startup Cost": 6001104432332.89, "Total Cost": 6001104432467.34, "Plan Rows": 53780, "Plan Width": 40, "Sort Key": ["(sum((public.partsupp.ps_supplycost * (public.partsupp.ps_availqty)::double precision))) DESC"], "Plans": [{"Node Type": "Aggregate", "Strategy": "Plain", "Parent Relationship": "exec_init_plan", "Subplan Name": "InitPlan 1 (returns $0)", "Startup Cost": 3000580719437.25, "Total Cost": 3000580719437.27, "Plan Rows": 1, "Plan Width": 24, "Plans": [{"Node Type": "Nested Loop", "Parent Relationship": "Outer", "Join Type": "Inner", "Startup Cost": 30000000000.0, "Total Cost": 3000580719033.9, "Plan Rows": 53780, "Plan Width": 16, "Inner Unique": false, "Join Filter": "(public.supplier.s_suppkey = public.partsupp.ps_suppkey)", "Plans": [{"Node Type": "Index Scan", "Parent Relationship": "Outer", "Scan Direction": "Forward", "Index Name": "idx_partsupp_suppkey", "Relation Name": "partsupp", "Alias": "partsupp", "Startup Cost": 10000000000.0, "Total Cost": 1000100160480.77, "Plan Rows": 8000372, "Plan Width": 24}, {"Node Type": "Materialize", "Parent Relationship": "Inner", "Startup Cost": 20000000000.0, "Total Cost": 2000000536243.13, "Plan Rows": 4000, "Plan Width": 8, "Plans": [{"Node Type": "Nested Loop", "Parent Relationship": "Outer", "Join Type": "Inner", "Startup Cost": 20000000000.0, "Total Cost": 2000000536223.13, "Plan Rows": 4000, "Plan Width": 8, "Inner Unique": true, "Join Filter": "(public.supplier.s_nationkey = public.nation.n_nationkey)", "Plans": [{"Node Type": "Index Scan", "Parent Relationship": "Outer", "Scan Direction": "Forward", "Index Name": "supplier_pkey", "Relation Name": "supplier", "Alias": "supplier", "Startup Cost": 10000000000.0, "Total Cost": 1000000533454.38, "Plan Rows": 100000, "Plan Width": 12}, {"Node Type": "Materialize", "Parent Relationship": "Inner", "Startup Cost": 10000000000.0, "Total Cost": 1000000001268.76, "Plan Rows": 1, "Plan Width": 4, "Plans": [{"Node Type": "Index Scan", "Parent Relationship": "Outer", "Scan Direction": "Forward", "Index Name": "nation_pkey", "Relation Name": "nation", "Alias": "nation", "Startup Cost": 10000000000.0, "Total Cost": 1000000001268.75, "Plan Rows": 1, "Plan Width": 4, "Filter": "(n_name = 'MOZAMBIQUE'::bpchar)"}]}]}]}]}]}, {"Node Type": "Aggregate", "Strategy": "Hashed", "Parent Relationship": "Outer", "Startup Cost": 3000523707997.67, "Total Cost": 3000523708669.92, "Plan Rows": 53780, "Plan Width": 40, "Group By Key": ["public.partsupp.ps_partkey"], "Filter": "(sum((public.partsupp.ps_supplycost * (public.partsupp.ps_availqty)::double precision)) > $0)", "Plans": [{"Node Type": "Nested Loop", "Parent Relationship": "Outer", "Join Type": "Inner", "Startup Cost": 30000000000.0, "Total Cost": 3000523707056.51, "Plan Rows": 53780, "Plan Width": 24, "Inner Unique": false, "Join Filter": "(public.supplier.s_suppkey = public.partsupp.ps_suppkey)", "Plans": [{"Node Type": "Index Scan", "Parent Relationship": "Outer", "Scan Direction": "Forward", "Index Name": "idx_partsupp_partkey", "Relation Name": "partsupp", "Alias": "partsupp", "Startup Cost": 10000000000.0, "Total Cost": 1000043148503.38, "Plan Rows": 8000372, "Plan Width": 32}, {"Node Type": "Materialize", "Parent Relationship": "Inner", "Startup Cost": 20000000000.0, "Total Cost": 2000000536243.13, "Plan Rows": 4000, "Plan Width": 8, "Plans": [{"Node Type": "Nested Loop", "Parent Relationship": "Outer", "Join Type": "Inner", "Startup Cost": 20000000000.0, "Total Cost": 2000000536223.13, "Plan Rows": 4000, "Plan Width": 8, "Inner Unique": true, "Join Filter": "(public.supplier.s_nationkey = public.nation.n_nationkey)", "Plans": [{"Node Type": "Index Scan", "Parent Relationship": "Outer", "Scan Direction": "Forward", "Index Name": "supplier_pkey", "Relation Name": "supplier", "Alias": "supplier", "Startup Cost": 10000000000.0, "Total Cost": 1000000533454.38, "Plan Rows": 100000, "Plan Width": 12}, {"Node Type": "Materialize", "Parent Relationship": "Inner", "Startup Cost": 10000000000.0, "Total Cost": 1000000001268.76, "Plan Rows": 1, "Plan Width": 4, "Plans": [{"Node Type": "Index Scan", "Parent Relationship": "Outer", "Scan Direction": "Forward", "Index Name": "nation_pkey", "Relation Name": "nation", "Alias": "nation", "Startup Cost": 10000000000.0, "Total Cost": 1000000001268.75, "Plan Rows": 1, "Plan Width": 4, "Filter": "(n_name = 'MOZAMBIQUE'::bpchar)"}]}]}]}]}]}]}, "Unique SQL Id": 2932834211, "Planner Runtime": 1}, "explain_analyze_plan": null}, "(16, 60)": {"explain_plan": {"Plan": {"Node Type": "Sort", "Startup Cost": 90959.03, "Total Cost": 91093.48, "Plan Rows": 53780, "Plan Width": 40, "Sort Key": ["(sum((public.partsupp.ps_supplycost * (public.partsupp.ps_availqty)::double precision))) DESC"], "Plans": [{"Node Type": "Aggregate", "Strategy": "Plain", "Parent Relationship": "exec_init_plan", "Subplan Name": "InitPlan 1 (returns $1)", "Startup Cost": 42761.63, "Total Cost": 42761.64, "Plan Rows": 1, "Plan Width": 24, "Plans": [{"Node Type": "Nested Loop", "Parent Relationship": "Outer", "Join Type": "Inner", "Startup Cost": 0.0, "Total Cost": 42358.28, "Plan Rows": 53780, "Plan Width": 16, "Inner Unique": false, "Plans": [{"Node Type": "Nested Loop", "Parent Relationship": "Outer", "Join Type": "Inner", "Startup Cost": 0.0, "Total Cost": 4534.31, "Plan Rows": 4000, "Plan Width": 8, "Inner Unique": false, "Join Filter": "(public.supplier.s_nationkey = public.nation.n_nationkey)", "Plans": [{"Node Type": "Seq Scan", "Parent Relationship": "Outer", "Relation Name": "nation", "Alias": "nation", "Startup Cost": 0.0, "Total Cost": 1.31, "Plan Rows": 1, "Plan Width": 4, "Filter": "(n_name = 'MOZAMBIQUE'::bpchar)"}, {"Node Type": "Seq Scan", "Parent Relationship": "Inner", "Relation Name": "supplier", "Alias": "supplier", "Startup Cost": 0.0, "Total Cost": 3283.0, "Plan Rows": 100000, "Plan Width": 12}]}, {"Node Type": "Index Scan", "Parent Relationship": "Inner", "Scan Direction": "Forward", "Index Name": "idx_partsupp_suppkey", "Relation Name": "partsupp", "Alias": "partsupp", "Startup Cost": 0.0, "Total Cost": 9.33, "Plan Rows": 13, "Plan Width": 24, "Index Cond": "(ps_suppkey = public.supplier.s_suppkey)"}]}]}, {"Node Type": "Aggregate", "Strategy": "Hashed", "Parent Relationship": "Outer", "Startup Cost": 43299.43, "Total Cost": 43971.68, "Plan Rows": 53780, "Plan Width": 40, "Group By Key": ["public.partsupp.ps_partkey"], "Filter": "(sum((public.partsupp.ps_supplycost * (public.partsupp.ps_availqty)::double precision)) > $1)", "Plans": [{"Node Type": "Nested Loop", "Parent Relationship": "Outer", "Join Type": "Inner", "Startup Cost": 0.0, "Total Cost": 42358.28, "Plan Rows": 53780, "Plan Width": 24, "Inner Unique": false, "Plans": [{"Node Type": "Nested Loop", "Parent Relationship": "Outer", "Join Type": "Inner", "Startup Cost": 0.0, "Total Cost": 4534.31, "Plan Rows": 4000, "Plan Width": 8, "Inner Unique": false, "Join Filter": "(public.supplier.s_nationkey = public.nation.n_nationkey)", "Plans": [{"Node Type": "Seq Scan", "Parent Relationship": "Outer", "Relation Name": "nation", "Alias": "nation", "Startup Cost": 0.0, "Total Cost": 1.31, "Plan Rows": 1, "Plan Width": 4, "Filter": "(n_name = 'MOZAMBIQUE'::bpchar)"}, {"Node Type": "Seq Scan", "Parent Relationship": "Inner", "Relation Name": "supplier", "Alias": "supplier", "Startup Cost": 0.0, "Total Cost": 3283.0, "Plan Rows": 100000, "Plan Width": 12}]}, {"Node Type": "Index Scan", "Parent Relationship": "Inner", "Scan Direction": "Forward", "Index Name": "idx_partsupp_suppkey", "Relation Name": "partsupp", "Alias": "partsupp", "Startup Cost": 0.0, "Total Cost": 9.33, "Plan Rows": 13, "Plan Width": 32, "Index Cond": "(ps_suppkey = public.supplier.s_suppkey)"}]}]}]}, "Unique SQL Id": 2932834211, "Planner Runtime": 0}, "explain_analyze_plan": {"Plan": {"Node Type": "Sort", "Startup Cost": 90959.03, "Total Cost": 91093.48, "Plan Rows": 53780, "Plan Width": 40, "Actual Startup Time": 2005.012, "Actual Total Time": 2005.012, "Actual Rows": 0, "Actual Loops": 1, "Sort Key": ["(sum((public.partsupp.ps_supplycost * (public.partsupp.ps_availqty)::double precision))) DESC"], "Sort Method": "quicksort", "Sort Space Used": 25, "Sort Space Type": "Memory", "Plans": [{"Node Type": "Aggregate", "Strategy": "Plain", "Parent Relationship": "exec_init_plan", "Subplan Name": "InitPlan 1 (returns $1)", "Startup Cost": 42761.63, "Total Cost": 42761.64, "Plan Rows": 1, "Plan Width": 24, "Actual Startup Time": 878.528, "Actual Total Time": 878.529, "Actual Rows": 1, "Actual Loops": 1, "Plans": [{"Node Type": "Nested Loop", "Parent Relationship": "Outer", "Join Type": "Inner", "Startup Cost": 0.0, "Total Cost": 42358.28, "Plan Rows": 53780, "Plan Width": 16, "Actual Startup Time": 0.105, "Actual Total Time": 742.855, "Actual Rows": 313920, "Actual Loops": 1, "Inner Unique": false, "Plans": [{"Node Type": "Nested Loop", "Parent Relationship": "Outer", "Join Type": "Inner", "Startup Cost": 0.0, "Total Cost": 4534.31, "Plan Rows": 4000, "Plan Width": 8, "Actual Startup Time": 0.077, "Actual Total Time": 54.371, "Actual Rows": 3924, "Actual Loops": 1, "Inner Unique": false, "Join Filter": "(public.supplier.s_nationkey = public.nation.n_nationkey)", "Rows Removed by Join Filter": 96076, "Plans": [{"Node Type": "Seq Scan", "Parent Relationship": "Outer", "Relation Name": "nation", "Alias": "nation", "Startup Cost": 0.0, "Total Cost": 1.31, "Plan Rows": 1, "Plan Width": 4, "Actual Startup Time": 0.025, "Actual Total Time": 0.034, "Actual Rows": 1, "Actual Loops": 1, "Filter": "(n_name = 'MOZAMBIQUE'::bpchar)", "Rows Removed by Filter": 24}, {"Node Type": "Seq Scan", "Parent Relationship": "Inner", "Relation Name": "supplier", "Alias": "supplier", "Startup Cost": 0.0, "Total Cost": 3283.0, "Plan Rows": 100000, "Plan Width": 12, "Actual Startup Time": 0.027, "Actual Total Time": 29.177, "Actual Rows": 100000, "Actual Loops": 1}]}, {"Node Type": "Index Scan", "Parent Relationship": "Inner", "Scan Direction": "Forward", "Index Name": "idx_partsupp_suppkey", "Relation Name": "partsupp", "Alias": "partsupp", "Startup Cost": 0.0, "Total Cost": 9.33, "Plan Rows": 13, "Plan Width": 24, "Actual Startup Time": 51.752, "Actual Total Time": 621.635, "Actual Rows": 313920, "Actual Loops": 3924, "Index Cond": "(ps_suppkey = public.supplier.s_suppkey)", "Rows Removed by Index Recheck": 0}]}]}, {"Node Type": "Aggregate", "Strategy": "Hashed", "Parent Relationship": "Outer", "Startup Cost": 43299.43, "Total Cost": 43971.68, "Plan Rows": 53780, "Plan Width": 40, "Actual Startup Time": 2004.531, "Actual Total Time": 2004.531, "Actual Rows": 0, "Actual Loops": 1, "Group By Key": ["public.partsupp.ps_partkey"], "Filter": "(sum((public.partsupp.ps_supplycost * (public.partsupp.ps_availqty)::double precision)) > $1)", "Rows Removed by Filter": 295792, "Plans": [{"Node Type": "Nested Loop", "Parent Relationship": "Outer", "Join Type": "Inner", "Startup Cost": 0.0, "Total Cost": 42358.28, "Plan Rows": 53780, "Plan Width": 24, "Actual Startup Time": 0.086, "Actual Total Time": 712.291, "Actual Rows": 313920, "Actual Loops": 1, "Inner Unique": false, "Plans": [{"Node Type": "Nested Loop", "Parent Relationship": "Outer", "Join Type": "Inner", "Startup Cost": 0.0, "Total Cost": 4534.31, "Plan Rows": 4000, "Plan Width": 8, "Actual Startup Time": 0.055, "Actual Total Time": 53.824, "Actual Rows": 3924, "Actual Loops": 1, "Inner Unique": false, "Join Filter": "(public.supplier.s_nationkey = public.nation.n_nationkey)", "Rows Removed by Join Filter": 96076, "Plans": [{"Node Type": "Seq Scan", "Parent Relationship": "Outer", "Relation Name": "nation", "Alias": "nation", "Startup Cost": 0.0, "Total Cost": 1.31, "Plan Rows": 1, "Plan Width": 4, "Actual Startup Time": 0.03, "Actual Total Time": 0.037, "Actual Rows": 1, "Actual Loops": 1, "Filter": "(n_name = 'MOZAMBIQUE'::bpchar)", "Rows Removed by Filter": 24}, {"Node Type": "Seq Scan", "Parent Relationship": "Inner", "Relation Name": "supplier", "Alias": "supplier", "Startup Cost": 0.0, "Total Cost": 3283.0, "Plan Rows": 100000, "Plan Width": 12, "Actual Startup Time": 0.01, "Actual Total Time": 28.652, "Actual Rows": 100000, "Actual Loops": 1}]}, {"Node Type": "Index Scan", "Parent Relationship": "Inner", "Scan Direction": "Forward", "Index Name": "idx_partsupp_suppkey", "Relation Name": "partsupp", "Alias": "partsupp", "Startup Cost": 0.0, "Total Cost": 9.33, "Plan Rows": 13, "Plan Width": 32, "Actual Startup Time": 49.587, "Actual Total Time": 586.566, "Actual Rows": 313920, "Actual Loops": 3924, "Index Cond": "(ps_suppkey = public.supplier.s_suppkey)", "Rows Removed by Index Recheck": 0}]}]}]}, "Triggers": [], "Planner Runtime": 0, "Total Runtime": 2005.315, "Unique SQL Id": 2932834211}}, "(16, 61)": {"explain_plan": {"Plan": {"Node Type": "Sort", "Startup Cost": 95084.87, "Total Cost": 95219.32, "Plan Rows": 53780, "Plan Width": 40, "Sort Key": ["(sum((public.partsupp.ps_supplycost * (public.partsupp.ps_availqty)::double precision))) DESC"], "Plans": [{"Node Type": "Aggregate", "Strategy": "Plain", "Parent Relationship": "exec_init_plan", "Subplan Name": "InitPlan 1 (returns $1)", "Startup Cost": 44824.55, "Total Cost": 44824.56, "Plan Rows": 1, "Plan Width": 24, "Plans": [{"Node Type": "Nested Loop", "Parent Relationship": "Outer", "Join Type": "Inner", "Startup Cost": 0.0, "Total Cost": 44421.2, "Plan Rows": 53780, "Plan Width": 16, "Inner Unique": false, "Plans": [{"Node Type": "Nested Loop", "Parent Relationship": "Outer", "Join Type": "Inner", "Startup Cost": 0.0, "Total Cost": 6597.23, "Plan Rows": 4000, "Plan Width": 8, "Inner Unique": false, "Join Filter": "(public.supplier.s_nationkey = public.nation.n_nationkey)", "Plans": [{"Node Type": "Index Scan", "Parent Relationship": "Outer", "Scan Direction": "Forward", "Index Name": "nation_pkey", "Relation Name": "nation", "Alias": "nation", "Startup Cost": 0.0, "Total Cost": 12.69, "Plan Rows": 1, "Plan Width": 4, "Filter": "(n_name = 'MOZAMBIQUE'::bpchar)"}, {"Node Type": "Index Scan", "Parent Relationship": "Inner", "Scan Direction": "Forward", "Index Name": "supplier_pkey", "Relation Name": "supplier", "Alias": "supplier", "Startup Cost": 0.0, "Total Cost": 5334.54, "Plan Rows": 100000, "Plan Width": 12}]}, {"Node Type": "Index Scan", "Parent Relationship": "Inner", "Scan Direction": "Forward", "Index Name": "idx_partsupp_suppkey", "Relation Name": "partsupp", "Alias": "partsupp", "Startup Cost": 0.0, "Total Cost": 9.33, "Plan Rows": 13, "Plan Width": 24, "Index Cond": "(ps_suppkey = public.supplier.s_suppkey)"}]}]}, {"Node Type": "Aggregate", "Strategy": "Hashed", "Parent Relationship": "Outer", "Startup Cost": 45362.35, "Total Cost": 46034.6, "Plan Rows": 53780, "Plan Width": 40, "Group By Key": ["public.partsupp.ps_partkey"], "Filter": "(sum((public.partsupp.ps_supplycost * (public.partsupp.ps_availqty)::double precision)) > $1)", "Plans": [{"Node Type": "Nested Loop", "Parent Relationship": "Outer", "Join Type": "Inner", "Startup Cost": 0.0, "Total Cost": 44421.2, "Plan Rows": 53780, "Plan Width": 24, "Inner Unique": false, "Plans": [{"Node Type": "Nested Loop", "Parent Relationship": "Outer", "Join Type": "Inner", "Startup Cost": 0.0, "Total Cost": 6597.23, "Plan Rows": 4000, "Plan Width": 8, "Inner Unique": false, "Join Filter": "(public.supplier.s_nationkey = public.nation.n_nationkey)", "Plans": [{"Node Type": "Index Scan", "Parent Relationship": "Outer", "Scan Direction": "Forward", "Index Name": "nation_pkey", "Relation Name": "nation", "Alias": "nation", "Startup Cost": 0.0, "Total Cost": 12.69, "Plan Rows": 1, "Plan Width": 4, "Filter": "(n_name = 'MOZAMBIQUE'::bpchar)"}, {"Node Type": "Index Scan", "Parent Relationship": "Inner", "Scan Direction": "Forward", "Index Name": "supplier_pkey", "Relation Name": "supplier", "Alias": "supplier", "Startup Cost": 0.0, "Total Cost": 5334.54, "Plan Rows": 100000, "Plan Width": 12}]}, {"Node Type": "Index Scan", "Parent Relationship": "Inner", "Scan Direction": "Forward", "Index Name": "idx_partsupp_suppkey", "Relation Name": "partsupp", "Alias": "partsupp", "Startup Cost": 0.0, "Total Cost": 9.33, "Plan Rows": 13, "Plan Width": 32, "Index Cond": "(ps_suppkey = public.supplier.s_suppkey)"}]}]}]}, "Unique SQL Id": 2932834211, "Planner Runtime": 0}, "explain_analyze_plan": {"Plan": {"Node Type": "Sort", "Startup Cost": 95084.87, "Total Cost": 95219.32, "Plan Rows": 53780, "Plan Width": 40, "Actual Startup Time": 2124.956, "Actual Total Time": 2124.956, "Actual Rows": 0, "Actual Loops": 1, "Sort Key": ["(sum((public.partsupp.ps_supplycost * (public.partsupp.ps_availqty)::double precision))) DESC"], "Sort Method": "quicksort", "Sort Space Used": 25, "Sort Space Type": "Memory", "Plans": [{"Node Type": "Aggregate", "Strategy": "Plain", "Parent Relationship": "exec_init_plan", "Subplan Name": "InitPlan 1 (returns $1)", "Startup Cost": 44824.55, "Total Cost": 44824.56, "Plan Rows": 1, "Plan Width": 24, "Actual Startup Time": 961.052, "Actual Total Time": 961.053, "Actual Rows": 1, "Actual Loops": 1, "Plans": [{"Node Type": "Nested Loop", "Parent Relationship": "Outer", "Join Type": "Inner", "Startup Cost": 0.0, "Total Cost": 44421.2, "Plan Rows": 53780, "Plan Width": 16, "Actual Startup Time": 0.102, "Actual Total Time": 824.947, "Actual Rows": 313920, "Actual Loops": 1, "Inner Unique": false, "Plans": [{"Node Type": "Nested Loop", "Parent Relationship": "Outer", "Join Type": "Inner", "Startup Cost": 0.0, "Total Cost": 6597.23, "Plan Rows": 4000, "Plan Width": 8, "Actual Startup Time": 0.077, "Actual Total Time": 92.096, "Actual Rows": 3924, "Actual Loops": 1, "Inner Unique": false, "Join Filter": "(public.supplier.s_nationkey = public.nation.n_nationkey)", "Rows Removed by Join Filter": 96076, "Plans": [{"Node Type": "Index Scan", "Parent Relationship": "Outer", "Scan Direction": "Forward", "Index Name": "nation_pkey", "Relation Name": "nation", "Alias": "nation", "Startup Cost": 0.0, "Total Cost": 12.69, "Plan Rows": 1, "Plan Width": 4, "Actual Startup Time": 0.024, "Actual Total Time": 0.035, "Actual Rows": 1, "Actual Loops": 1, "Filter": "(n_name = 'MOZAMBIQUE'::bpchar)", "Rows Removed by Filter": 24}, {"Node Type": "Index Scan", "Parent Relationship": "Inner", "Scan Direction": "Forward", "Index Name": "supplier_pkey", "Relation Name": "supplier", "Alias": "supplier", "Startup Cost": 0.0, "Total Cost": 5334.54, "Plan Rows": 100000, "Plan Width": 12, "Actual Startup Time": 0.03, "Actual Total Time": 68.394, "Actual Rows": 100000, "Actual Loops": 1}]}, {"Node Type": "Index Scan", "Parent Relationship": "Inner", "Scan Direction": "Forward", "Index Name": "idx_partsupp_suppkey", "Relation Name": "partsupp", "Alias": "partsupp", "Startup Cost": 0.0, "Total Cost": 9.33, "Plan Rows": 13, "Plan Width": 24, "Actual Startup Time": 53.975, "Actual Total Time": 666.233, "Actual Rows": 313920, "Actual Loops": 3924, "Index Cond": "(ps_suppkey = public.supplier.s_suppkey)", "Rows Removed by Index Recheck": 0}]}]}, {"Node Type": "Aggregate", "Strategy": "Hashed", "Parent Relationship": "Outer", "Startup Cost": 45362.35, "Total Cost": 46034.6, "Plan Rows": 53780, "Plan Width": 40, "Actual Startup Time": 2124.518, "Actual Total Time": 2124.518, "Actual Rows": 0, "Actual Loops": 1, "Group By Key": ["public.partsupp.ps_partkey"], "Filter": "(sum((public.partsupp.ps_supplycost * (public.partsupp.ps_availqty)::double precision)) > $1)", "Rows Removed by Filter": 295792, "Plans": [{"Node Type": "Nested Loop", "Parent Relationship": "Outer", "Join Type": "Inner", "Startup Cost": 0.0, "Total Cost": 44421.2, "Plan Rows": 53780, "Plan Width": 24, "Actual Startup Time": 0.107, "Actual Total Time": 747.534, "Actual Rows": 313920, "Actual Loops": 1, "Inner Unique": false, "Plans": [{"Node Type": "Nested Loop", "Parent Relationship": "Outer", "Join Type": "Inner", "Startup Cost": 0.0, "Total Cost": 6597.23, "Plan Rows": 4000, "Plan Width": 8, "Actual Startup Time": 0.081, "Actual Total Time": 84.543, "Actual Rows": 3924, "Actual Loops": 1, "Inner Unique": false, "Join Filter": "(public.supplier.s_nationkey = public.nation.n_nationkey)", "Rows Removed by Join Filter": 96076, "Plans": [{"Node Type": "Index Scan", "Parent Relationship": "Outer", "Scan Direction": "Forward", "Index Name": "nation_pkey", "Relation Name": "nation", "Alias": "nation", "Startup Cost": 0.0, "Total Cost": 12.69, "Plan Rows": 1, "Plan Width": 4, "Actual Startup Time": 0.038, "Actual Total Time": 0.05, "Actual Rows": 1, "Actual Loops": 1, "Filter": "(n_name = 'MOZAMBIQUE'::bpchar)", "Rows Removed by Filter": 24}, {"Node Type": "Index Scan", "Parent Relationship": "Inner", "Scan Direction": "Forward", "Index Name": "supplier_pkey", "Relation Name": "supplier", "Alias": "supplier", "Startup Cost": 0.0, "Total Cost": 5334.54, "Plan Rows": 100000, "Plan Width": 12, "Actual Startup Time": 0.02, "Actual Total Time": 60.735, "Actual Rows": 100000, "Actual Loops": 1}]}, {"Node Type": "Index Scan", "Parent Relationship": "Inner", "Scan Direction": "Forward", "Index Name": "idx_partsupp_suppkey", "Relation Name": "partsupp", "Alias": "partsupp", "Startup Cost": 0.0, "Total Cost": 9.33, "Plan Rows": 13, "Plan Width": 32, "Actual Startup Time": 49.092, "Actual Total Time": 591.154, "Actual Rows": 313920, "Actual Loops": 3924, "Index Cond": "(ps_suppkey = public.supplier.s_suppkey)", "Rows Removed by Index Recheck": 0}]}]}]}, "Triggers": [], "Planner Runtime": 0, "Total Runtime": 2125.245, "Unique SQL Id": 2932834211}}, "(16, 62)": {"explain_plan": {"Plan": {"Node Type": "Sort", "Startup Cost": 960599946.53, "Total Cost": 960600080.98, "Plan Rows": 53780, "Plan Width": 40, "Sort Key": ["(sum((public.partsupp.ps_supplycost * (public.partsupp.ps_availqty)::double precision))) DESC"], "Plans": [{"Node Type": "Aggregate", "Strategy": "Plain", "Parent Relationship": "exec_init_plan", "Subplan Name": "InitPlan 1 (returns $0)", "Startup Cost": 480297255.38, "Total Cost": 480297255.4, "Plan Rows": 1, "Plan Width": 24, "Plans": [{"Node Type": "Nested Loop", "Parent Relationship": "Outer", "Join Type": "Inner", "Startup Cost": 0.0, "Total Cost": 480296852.03, "Plan Rows": 53780, "Plan Width": 16, "Inner Unique": false, "Join Filter": "(public.supplier.s_suppkey = public.partsupp.ps_suppkey)", "Plans": [{"Node Type": "Seq Scan", "Parent Relationship": "Outer", "Relation Name": "partsupp", "Alias": "partsupp", "Startup Cost": 0.0, "Total Cost": 269987.72, "Plan Rows": 8000372, "Plan Width": 24}, {"Node Type": "Materialize", "Parent Relationship": "Inner", "Startup Cost": 0.0, "Total Cost": 4554.31, "Plan Rows": 4000, "Plan Width": 8, "Plans": [{"Node Type": "Nested Loop", "Parent Relationship": "Outer", "Join Type": "Inner", "Startup Cost": 0.0, "Total Cost": 4534.31, "Plan Rows": 4000, "Plan Width": 8, "Inner Unique": false, "Join Filter": "(public.supplier.s_nationkey = public.nation.n_nationkey)", "Plans": [{"Node Type": "Seq Scan", "Parent Relationship": "Outer", "Relation Name": "nation", "Alias": "nation", "Startup Cost": 0.0, "Total Cost": 1.31, "Plan Rows": 1, "Plan Width": 4, "Filter": "(n_name = 'MOZAMBIQUE'::bpchar)"}, {"Node Type": "Seq Scan", "Parent Relationship": "Inner", "Relation Name": "supplier", "Alias": "supplier", "Startup Cost": 0.0, "Total Cost": 3283.0, "Plan Rows": 100000, "Plan Width": 12}]}]}]}]}, {"Node Type": "Aggregate", "Strategy": "Hashed", "Parent Relationship": "Outer", "Startup Cost": 480297793.18, "Total Cost": 480298465.43, "Plan Rows": 53780, "Plan Width": 40, "Group By Key": ["public.partsupp.ps_partkey"], "Filter": "(sum((public.partsupp.ps_supplycost * (public.partsupp.ps_availqty)::double precision)) > $0)", "Plans": [{"Node Type": "Nested Loop", "Parent Relationship": "Outer", "Join Type": "Inner", "Startup Cost": 0.0, "Total Cost": 480296852.03, "Plan Rows": 53780, "Plan Width": 24, "Inner Unique": false, "Join Filter": "(public.supplier.s_suppkey = public.partsupp.ps_suppkey)", "Plans": [{"Node Type": "Seq Scan", "Parent Relationship": "Outer", "Relation Name": "partsupp", "Alias": "partsupp", "Startup Cost": 0.0, "Total Cost": 269987.72, "Plan Rows": 8000372, "Plan Width": 32}, {"Node Type": "Materialize", "Parent Relationship": "Inner", "Startup Cost": 0.0, "Total Cost": 4554.31, "Plan Rows": 4000, "Plan Width": 8, "Plans": [{"Node Type": "Nested Loop", "Parent Relationship": "Outer", "Join Type": "Inner", "Startup Cost": 0.0, "Total Cost": 4534.31, "Plan Rows": 4000, "Plan Width": 8, "Inner Unique": false, "Join Filter": "(public.supplier.s_nationkey = public.nation.n_nationkey)", "Plans": [{"Node Type": "Seq Scan", "Parent Relationship": "Outer", "Relation Name": "nation", "Alias": "nation", "Startup Cost": 0.0, "Total Cost": 1.31, "Plan Rows": 1, "Plan Width": 4, "Filter": "(n_name = 'MOZAMBIQUE'::bpchar)"}, {"Node Type": "Seq Scan", "Parent Relationship": "Inner", "Relation Name": "supplier", "Alias": "supplier", "Startup Cost": 0.0, "Total Cost": 3283.0, "Plan Rows": 100000, "Plan Width": 12}]}]}]}]}]}, "Unique SQL Id": 2932834211, "Planner Runtime": 0}, "explain_analyze_plan": null}, "(16, 63)": {"explain_plan": {"Plan": {"Node Type": "Sort", "Startup Cost": 6001104432332.89, "Total Cost": 6001104432467.34, "Plan Rows": 53780, "Plan Width": 40, "Sort Key": ["(sum((public.partsupp.ps_supplycost * (public.partsupp.ps_availqty)::double precision))) DESC"], "Plans": [{"Node Type": "Aggregate", "Strategy": "Plain", "Parent Relationship": "exec_init_plan", "Subplan Name": "InitPlan 1 (returns $0)", "Startup Cost": 3000580719437.25, "Total Cost": 3000580719437.27, "Plan Rows": 1, "Plan Width": 24, "Plans": [{"Node Type": "Nested Loop", "Parent Relationship": "Outer", "Join Type": "Inner", "Startup Cost": 30000000000.0, "Total Cost": 3000580719033.9, "Plan Rows": 53780, "Plan Width": 16, "Inner Unique": false, "Join Filter": "(public.supplier.s_suppkey = public.partsupp.ps_suppkey)", "Plans": [{"Node Type": "Index Scan", "Parent Relationship": "Outer", "Scan Direction": "Forward", "Index Name": "idx_partsupp_suppkey", "Relation Name": "partsupp", "Alias": "partsupp", "Startup Cost": 10000000000.0, "Total Cost": 1000100160480.77, "Plan Rows": 8000372, "Plan Width": 24}, {"Node Type": "Materialize", "Parent Relationship": "Inner", "Startup Cost": 20000000000.0, "Total Cost": 2000000536243.13, "Plan Rows": 4000, "Plan Width": 8, "Plans": [{"Node Type": "Nested Loop", "Parent Relationship": "Outer", "Join Type": "Inner", "Startup Cost": 20000000000.0, "Total Cost": 2000000536223.13, "Plan Rows": 4000, "Plan Width": 8, "Inner Unique": true, "Join Filter": "(public.supplier.s_nationkey = public.nation.n_nationkey)", "Plans": [{"Node Type": "Index Scan", "Parent Relationship": "Outer", "Scan Direction": "Forward", "Index Name": "supplier_pkey", "Relation Name": "supplier", "Alias": "supplier", "Startup Cost": 10000000000.0, "Total Cost": 1000000533454.38, "Plan Rows": 100000, "Plan Width": 12}, {"Node Type": "Materialize", "Parent Relationship": "Inner", "Startup Cost": 10000000000.0, "Total Cost": 1000000001268.76, "Plan Rows": 1, "Plan Width": 4, "Plans": [{"Node Type": "Index Scan", "Parent Relationship": "Outer", "Scan Direction": "Forward", "Index Name": "nation_pkey", "Relation Name": "nation", "Alias": "nation", "Startup Cost": 10000000000.0, "Total Cost": 1000000001268.75, "Plan Rows": 1, "Plan Width": 4, "Filter": "(n_name = 'MOZAMBIQUE'::bpchar)"}]}]}]}]}]}, {"Node Type": "Aggregate", "Strategy": "Hashed", "Parent Relationship": "Outer", "Startup Cost": 3000523707997.67, "Total Cost": 3000523708669.92, "Plan Rows": 53780, "Plan Width": 40, "Group By Key": ["public.partsupp.ps_partkey"], "Filter": "(sum((public.partsupp.ps_supplycost * (public.partsupp.ps_availqty)::double precision)) > $0)", "Plans": [{"Node Type": "Nested Loop", "Parent Relationship": "Outer", "Join Type": "Inner", "Startup Cost": 30000000000.0, "Total Cost": 3000523707056.51, "Plan Rows": 53780, "Plan Width": 24, "Inner Unique": false, "Join Filter": "(public.supplier.s_suppkey = public.partsupp.ps_suppkey)", "Plans": [{"Node Type": "Index Scan", "Parent Relationship": "Outer", "Scan Direction": "Forward", "Index Name": "idx_partsupp_partkey", "Relation Name": "partsupp", "Alias": "partsupp", "Startup Cost": 10000000000.0, "Total Cost": 1000043148503.38, "Plan Rows": 8000372, "Plan Width": 32}, {"Node Type": "Materialize", "Parent Relationship": "Inner", "Startup Cost": 20000000000.0, "Total Cost": 2000000536243.13, "Plan Rows": 4000, "Plan Width": 8, "Plans": [{"Node Type": "Nested Loop", "Parent Relationship": "Outer", "Join Type": "Inner", "Startup Cost": 20000000000.0, "Total Cost": 2000000536223.13, "Plan Rows": 4000, "Plan Width": 8, "Inner Unique": true, "Join Filter": "(public.supplier.s_nationkey = public.nation.n_nationkey)", "Plans": [{"Node Type": "Index Scan", "Parent Relationship": "Outer", "Scan Direction": "Forward", "Index Name": "supplier_pkey", "Relation Name": "supplier", "Alias": "supplier", "Startup Cost": 10000000000.0, "Total Cost": 1000000533454.38, "Plan Rows": 100000, "Plan Width": 12}, {"Node Type": "Materialize", "Parent Relationship": "Inner", "Startup Cost": 10000000000.0, "Total Cost": 1000000001268.76, "Plan Rows": 1, "Plan Width": 4, "Plans": [{"Node Type": "Index Scan", "Parent Relationship": "Outer", "Scan Direction": "Forward", "Index Name": "nation_pkey", "Relation Name": "nation", "Alias": "nation", "Startup Cost": 10000000000.0, "Total Cost": 1000000001268.75, "Plan Rows": 1, "Plan Width": 4, "Filter": "(n_name = 'MOZAMBIQUE'::bpchar)"}]}]}]}]}]}]}, "Unique SQL Id": 2932834211, "Planner Runtime": 0}, "explain_analyze_plan": null}, "(16, 64)": {"explain_plan": {"Plan": {"Node Type": "Sort", "Startup Cost": 86957.11, "Total Cost": 87091.56, "Plan Rows": 53780, "Plan Width": 40, "Sort Key": ["(sum((public.partsupp.ps_supplycost * (public.partsupp.ps_availqty)::double precision))) DESC"], "Plans": [{"Node Type": "Aggregate", "Strategy": "Plain", "Parent Relationship": "exec_init_plan", "Subplan Name": "InitPlan 1 (returns $2)", "Startup Cost": 40760.67, "Total Cost": 40760.68, "Plan Rows": 1, "Plan Width": 24, "Plans": [{"Node Type": "Nested Loop", "Parent Relationship": "Outer", "Join Type": "Inner", "Startup Cost": 95.25, "Total Cost": 40357.32, "Plan Rows": 53780, "Plan Width": 16, "Inner Unique": false, "Plans": [{"Node Type": "Nested Loop", "Parent Relationship": "Outer", "Join Type": "Inner", "Startup Cost": 95.25, "Total Cost": 2533.35, "Plan Rows": 4000, "Plan Width": 8, "Inner Unique": false, "Plans": [{"Node Type": "Seq Scan", "Parent Relationship": "Outer", "Relation Name": "nation", "Alias": "nation", "Startup Cost": 0.0, "Total Cost": 1.31, "Plan Rows": 1, "Plan Width": 4, "Filter": "(n_name = 'MOZAMBIQUE'::bpchar)"}, {"Node Type": "Bitmap Heap Scan", "Parent Relationship": "Inner", "Relation Name": "supplier", "Alias": "supplier", "Startup Cost": 95.25, "Total Cost": 2492.04, "Plan Rows": 4000, "Plan Width": 12, "Recheck Cond": "(s_nationkey = public.nation.n_nationkey)", "Plans": [{"Node Type": "Bitmap Index Scan", "Parent Relationship": "Outer", "Index Name": "idx_supplier_nation_key", "Startup Cost": 0.0, "Total Cost": 94.25, "Plan Rows": 4000, "Plan Width": 0, "Index Cond": "(s_nationkey = public.nation.n_nationkey)"}]}]}, {"Node Type": "Index Scan", "Parent Relationship": "Inner", "Scan Direction": "Forward", "Index Name": "idx_partsupp_suppkey", "Relation Name": "partsupp", "Alias": "partsupp", "Startup Cost": 0.0, "Total Cost": 9.33, "Plan Rows": 13, "Plan Width": 24, "Index Cond": "(ps_suppkey = public.supplier.s_suppkey)"}]}]}, {"Node Type": "Aggregate", "Strategy": "Hashed", "Parent Relationship": "Outer", "Startup Cost": 41298.47, "Total Cost": 41970.72, "Plan Rows": 53780, "Plan Width": 40, "Group By Key": ["public.partsupp.ps_partkey"], "Filter": "(sum((public.partsupp.ps_supplycost * (public.partsupp.ps_availqty)::double precision)) > $2)", "Plans": [{"Node Type": "Nested Loop", "Parent Relationship": "Outer", "Join Type": "Inner", "Startup Cost": 95.25, "Total Cost": 40357.32, "Plan Rows": 53780, "Plan Width": 24, "Inner Unique": false, "Plans": [{"Node Type": "Nested Loop", "Parent Relationship": "Outer", "Join Type": "Inner", "Startup Cost": 95.25, "Total Cost": 2533.35, "Plan Rows": 4000, "Plan Width": 8, "Inner Unique": false, "Plans": [{"Node Type": "Seq Scan", "Parent Relationship": "Outer", "Relation Name": "nation", "Alias": "nation", "Startup Cost": 0.0, "Total Cost": 1.31, "Plan Rows": 1, "Plan Width": 4, "Filter": "(n_name = 'MOZAMBIQUE'::bpchar)"}, {"Node Type": "Bitmap Heap Scan", "Parent Relationship": "Inner", "Relation Name": "supplier", "Alias": "supplier", "Startup Cost": 95.25, "Total Cost": 2492.04, "Plan Rows": 4000, "Plan Width": 12, "Recheck Cond": "(s_nationkey = public.nation.n_nationkey)", "Plans": [{"Node Type": "Bitmap Index Scan", "Parent Relationship": "Outer", "Index Name": "idx_supplier_nation_key", "Startup Cost": 0.0, "Total Cost": 94.25, "Plan Rows": 4000, "Plan Width": 0, "Index Cond": "(s_nationkey = public.nation.n_nationkey)"}]}]}, {"Node Type": "Index Scan", "Parent Relationship": "Inner", "Scan Direction": "Forward", "Index Name": "idx_partsupp_suppkey", "Relation Name": "partsupp", "Alias": "partsupp", "Startup Cost": 0.0, "Total Cost": 9.33, "Plan Rows": 13, "Plan Width": 32, "Index Cond": "(ps_suppkey = public.supplier.s_suppkey)"}]}]}]}, "Unique SQL Id": 2932834211, "Planner Runtime": 1}, "explain_analyze_plan": {"Plan": {"Node Type": "Sort", "Startup Cost": 86957.11, "Total Cost": 87091.56, "Plan Rows": 53780, "Plan Width": 40, "Actual Startup Time": 1867.688, "Actual Total Time": 1867.688, "Actual Rows": 0, "Actual Loops": 1, "Sort Key": ["(sum((public.partsupp.ps_supplycost * (public.partsupp.ps_availqty)::double precision))) DESC"], "Sort Method": "quicksort", "Sort Space Used": 25, "Sort Space Type": "Memory", "Plans": [{"Node Type": "Aggregate", "Strategy": "Plain", "Parent Relationship": "exec_init_plan", "Subplan Name": "InitPlan 1 (returns $2)", "Startup Cost": 40760.67, "Total Cost": 40760.68, "Plan Rows": 1, "Plan Width": 24, "Actual Startup Time": 794.18, "Actual Total Time": 794.181, "Actual Rows": 1, "Actual Loops": 1, "Plans": [{"Node Type": "Nested Loop", "Parent Relationship": "Outer", "Join Type": "Inner", "Startup Cost": 95.25, "Total Cost": 40357.32, "Plan Rows": 53780, "Plan Width": 16, "Actual Startup Time": 1.125, "Actual Total Time": 657.634, "Actual Rows": 313920, "Actual Loops": 1, "Inner Unique": false, "Plans": [{"Node Type": "Nested Loop", "Parent Relationship": "Outer", "Join Type": "Inner", "Startup Cost": 95.25, "Total Cost": 2533.35, "Plan Rows": 4000, "Plan Width": 8, "Actual Startup Time": 1.098, "Actual Total Time": 8.186, "Actual Rows": 3924, "Actual Loops": 1, "Inner Unique": false, "Plans": [{"Node Type": "Seq Scan", "Parent Relationship": "Outer", "Relation Name": "nation", "Alias": "nation", "Startup Cost": 0.0, "Total Cost": 1.31, "Plan Rows": 1, "Plan Width": 4, "Actual Startup Time": 0.024, "Actual Total Time": 0.047, "Actual Rows": 1, "Actual Loops": 1, "Filter": "(n_name = 'MOZAMBIQUE'::bpchar)", "Rows Removed by Filter": 24}, {"Node Type": "Bitmap Heap Scan", "Parent Relationship": "Inner", "Relation Name": "supplier", "Alias": "supplier", "Startup Cost": 95.25, "Total Cost": 2492.04, "Plan Rows": 4000, "Plan Width": 12, "Actual Startup Time": 1.058, "Actual Total Time": 7.206, "Actual Rows": 3924, "Actual Loops": 1, "Recheck Cond": "(s_nationkey = public.nation.n_nationkey)", "Rows Removed by Index Recheck": 0, "Exact Heap Blocks": 1895, "Lossy Heap Blocks": 1895, "Plans": [{"Node Type": "Bitmap Index Scan", "Parent Relationship": "Outer", "Index Name": "idx_supplier_nation_key", "Startup Cost": 0.0, "Total Cost": 94.25, "Plan Rows": 4000, "Plan Width": 0, "Actual Startup Time": 0.777, "Actual Total Time": 0.777, "Actual Rows": 3924, "Actual Loops": 1, "Index Cond": "(s_nationkey = public.nation.n_nationkey)"}]}]}, {"Node Type": "Index Scan", "Parent Relationship": "Inner", "Scan Direction": "Forward", "Index Name": "idx_partsupp_suppkey", "Relation Name": "partsupp", "Alias": "partsupp", "Startup Cost": 0.0, "Total Cost": 9.33, "Plan Rows": 13, "Plan Width": 24, "Actual Startup Time": 48.522, "Actual Total Time": 582.276, "Actual Rows": 313920, "Actual Loops": 3924, "Index Cond": "(ps_suppkey = public.supplier.s_suppkey)", "Rows Removed by Index Recheck": 0}]}]}, {"Node Type": "Aggregate", "Strategy": "Hashed", "Parent Relationship": "Outer", "Startup Cost": 41298.47, "Total Cost": 41970.72, "Plan Rows": 53780, "Plan Width": 40, "Actual Startup Time": 1867.28, "Actual Total Time": 1867.28, "Actual Rows": 0, "Actual Loops": 1, "Group By Key": ["public.partsupp.ps_partkey"], "Filter": "(sum((public.partsupp.ps_supplycost * (public.partsupp.ps_availqty)::double precision)) > $2)", "Rows Removed by Filter": 295792, "Plans": [{"Node Type": "Nested Loop", "Parent Relationship": "Outer", "Join Type": "Inner", "Startup Cost": 95.25, "Total Cost": 40357.32, "Plan Rows": 53780, "Plan Width": 24, "Actual Startup Time": 1.055, "Actual Total Time": 684.172, "Actual Rows": 313920, "Actual Loops": 1, "Inner Unique": false, "Plans": [{"Node Type": "Nested Loop", "Parent Relationship": "Outer", "Join Type": "Inner", "Startup Cost": 95.25, "Total Cost": 2533.35, "Plan Rows": 4000, "Plan Width": 8, "Actual Startup Time": 1.024, "Actual Total Time": 8.574, "Actual Rows": 3924, "Actual Loops": 1, "Inner Unique": false, "Plans": [{"Node Type": "Seq Scan", "Parent Relationship": "Outer", "Relation Name": "nation", "Alias": "nation", "Startup Cost": 0.0, "Total Cost": 1.31, "Plan Rows": 1, "Plan Width": 4, "Actual Startup Time": 0.032, "Actual Total Time": 0.044, "Actual Rows": 1, "Actual Loops": 1, "Filter": "(n_name = 'MOZAMBIQUE'::bpchar)", "Rows Removed by Filter": 24}, {"Node Type": "Bitmap Heap Scan", "Parent Relationship": "Inner", "Relation Name": "supplier", "Alias": "supplier", "Startup Cost": 95.25, "Total Cost": 2492.04, "Plan Rows": 4000, "Plan Width": 12, "Actual Startup Time": 0.985, "Actual Total Time": 7.583, "Actual Rows": 3924, "Actual Loops": 1, "Recheck Cond": "(s_nationkey = public.nation.n_nationkey)", "Rows Removed by Index Recheck": 0, "Exact Heap Blocks": 1895, "Lossy Heap Blocks": 1895, "Plans": [{"Node Type": "Bitmap Index Scan", "Parent Relationship": "Outer", "Index Name": "idx_supplier_nation_key", "Startup Cost": 0.0, "Total Cost": 94.25, "Plan Rows": 4000, "Plan Width": 0, "Actual Startup Time": 0.705, "Actual Total Time": 0.705, "Actual Rows": 3924, "Actual Loops": 1, "Index Cond": "(s_nationkey = public.nation.n_nationkey)"}]}]}, {"Node Type": "Index Scan", "Parent Relationship": "Inner", "Scan Direction": "Forward", "Index Name": "idx_partsupp_suppkey", "Relation Name": "partsupp", "Alias": "partsupp", "Startup Cost": 0.0, "Total Cost": 9.33, "Plan Rows": 13, "Plan Width": 32, "Actual Startup Time": 49.919, "Actual Total Time": 602.753, "Actual Rows": 313920, "Actual Loops": 3924, "Index Cond": "(ps_suppkey = public.supplier.s_suppkey)", "Rows Removed by Index Recheck": 0}]}]}]}, "Triggers": [], "Planner Runtime": 0, "Total Runtime": 1868.014, "Unique SQL Id": 2932834211}}, "(16, 65)": {"explain_plan": {"Plan": {"Node Type": "Sort", "Startup Cost": 86979.86, "Total Cost": 87114.31, "Plan Rows": 53780, "Plan Width": 40, "Sort Key": ["(sum((public.partsupp.ps_supplycost * (public.partsupp.ps_availqty)::double precision))) DESC"], "Plans": [{"Node Type": "Aggregate", "Strategy": "Plain", "Parent Relationship": "exec_init_plan", "Subplan Name": "InitPlan 1 (returns $2)", "Startup Cost": 40772.04, "Total Cost": 40772.06, "Plan Rows": 1, "Plan Width": 24, "Plans": [{"Node Type": "Nested Loop", "Parent Relationship": "Outer", "Join Type": "Inner", "Startup Cost": 95.25, "Total Cost": 40368.69, "Plan Rows": 53780, "Plan Width": 16, "Inner Unique": false, "Plans": [{"Node Type": "Nested Loop", "Parent Relationship": "Outer", "Join Type": "Inner", "Startup Cost": 95.25, "Total Cost": 2544.73, "Plan Rows": 4000, "Plan Width": 8, "Inner Unique": false, "Plans": [{"Node Type": "Index Scan", "Parent Relationship": "Outer", "Scan Direction": "Forward", "Index Name": "nation_pkey", "Relation Name": "nation", "Alias": "nation", "Startup Cost": 0.0, "Total Cost": 12.69, "Plan Rows": 1, "Plan Width": 4, "Filter": "(n_name = 'MOZAMBIQUE'::bpchar)"}, {"Node Type": "Bitmap Heap Scan", "Parent Relationship": "Inner", "Relation Name": "supplier", "Alias": "supplier", "Startup Cost": 95.25, "Total Cost": 2492.04, "Plan Rows": 4000, "Plan Width": 12, "Recheck Cond": "(s_nationkey = public.nation.n_nationkey)", "Plans": [{"Node Type": "Bitmap Index Scan", "Parent Relationship": "Outer", "Index Name": "idx_supplier_nation_key", "Startup Cost": 0.0, "Total Cost": 94.25, "Plan Rows": 4000, "Plan Width": 0, "Index Cond": "(s_nationkey = public.nation.n_nationkey)"}]}]}, {"Node Type": "Index Scan", "Parent Relationship": "Inner", "Scan Direction": "Forward", "Index Name": "idx_partsupp_suppkey", "Relation Name": "partsupp", "Alias": "partsupp", "Startup Cost": 0.0, "Total Cost": 9.33, "Plan Rows": 13, "Plan Width": 24, "Index Cond": "(ps_suppkey = public.supplier.s_suppkey)"}]}]}, {"Node Type": "Aggregate", "Strategy": "Hashed", "Parent Relationship": "Outer", "Startup Cost": 41309.84, "Total Cost": 41982.09, "Plan Rows": 53780, "Plan Width": 40, "Group By Key": ["public.partsupp.ps_partkey"], "Filter": "(sum((public.partsupp.ps_supplycost * (public.partsupp.ps_availqty)::double precision)) > $2)", "Plans": [{"Node Type": "Nested Loop", "Parent Relationship": "Outer", "Join Type": "Inner", "Startup Cost": 95.25, "Total Cost": 40368.69, "Plan Rows": 53780, "Plan Width": 24, "Inner Unique": false, "Plans": [{"Node Type": "Nested Loop", "Parent Relationship": "Outer", "Join Type": "Inner", "Startup Cost": 95.25, "Total Cost": 2544.73, "Plan Rows": 4000, "Plan Width": 8, "Inner Unique": false, "Plans": [{"Node Type": "Index Scan", "Parent Relationship": "Outer", "Scan Direction": "Forward", "Index Name": "nation_pkey", "Relation Name": "nation", "Alias": "nation", "Startup Cost": 0.0, "Total Cost": 12.69, "Plan Rows": 1, "Plan Width": 4, "Filter": "(n_name = 'MOZAMBIQUE'::bpchar)"}, {"Node Type": "Bitmap Heap Scan", "Parent Relationship": "Inner", "Relation Name": "supplier", "Alias": "supplier", "Startup Cost": 95.25, "Total Cost": 2492.04, "Plan Rows": 4000, "Plan Width": 12, "Recheck Cond": "(s_nationkey = public.nation.n_nationkey)", "Plans": [{"Node Type": "Bitmap Index Scan", "Parent Relationship": "Outer", "Index Name": "idx_supplier_nation_key", "Startup Cost": 0.0, "Total Cost": 94.25, "Plan Rows": 4000, "Plan Width": 0, "Index Cond": "(s_nationkey = public.nation.n_nationkey)"}]}]}, {"Node Type": "Index Scan", "Parent Relationship": "Inner", "Scan Direction": "Forward", "Index Name": "idx_partsupp_suppkey", "Relation Name": "partsupp", "Alias": "partsupp", "Startup Cost": 0.0, "Total Cost": 9.33, "Plan Rows": 13, "Plan Width": 32, "Index Cond": "(ps_suppkey = public.supplier.s_suppkey)"}]}]}]}, "Unique SQL Id": 2932834211, "Planner Runtime": 1}, "explain_analyze_plan": {"Plan": {"Node Type": "Sort", "Startup Cost": 86979.86, "Total Cost": 87114.31, "Plan Rows": 53780, "Plan Width": 40, "Actual Startup Time": 2004.071, "Actual Total Time": 2004.071, "Actual Rows": 0, "Actual Loops": 1, "Sort Key": ["(sum((public.partsupp.ps_supplycost * (public.partsupp.ps_availqty)::double precision))) DESC"], "Sort Method": "quicksort", "Sort Space Used": 25, "Sort Space Type": "Memory", "Plans": [{"Node Type": "Aggregate", "Strategy": "Plain", "Parent Relationship": "exec_init_plan", "Subplan Name": "InitPlan 1 (returns $2)", "Startup Cost": 40772.04, "Total Cost": 40772.06, "Plan Rows": 1, "Plan Width": 24, "Actual Startup Time": 813.993, "Actual Total Time": 813.994, "Actual Rows": 1, "Actual Loops": 1, "Plans": [{"Node Type": "Nested Loop", "Parent Relationship": "Outer", "Join Type": "Inner", "Startup Cost": 95.25, "Total Cost": 40368.69, "Plan Rows": 53780, "Plan Width": 16, "Actual Startup Time": 1.031, "Actual Total Time": 679.613, "Actual Rows": 313920, "Actual Loops": 1, "Inner Unique": false, "Plans": [{"Node Type": "Nested Loop", "Parent Relationship": "Outer", "Join Type": "Inner", "Startup Cost": 95.25, "Total Cost": 2544.73, "Plan Rows": 4000, "Plan Width": 8, "Actual Startup Time": 1.007, "Actual Total Time": 8.373, "Actual Rows": 3924, "Actual Loops": 1, "Inner Unique": false, "Plans": [{"Node Type": "Index Scan", "Parent Relationship": "Outer", "Scan Direction": "Forward", "Index Name": "nation_pkey", "Relation Name": "nation", "Alias": "nation", "Startup Cost": 0.0, "Total Cost": 12.69, "Plan Rows": 1, "Plan Width": 4, "Actual Startup Time": 0.027, "Actual Total Time": 0.082, "Actual Rows": 1, "Actual Loops": 1, "Filter": "(n_name = 'MOZAMBIQUE'::bpchar)", "Rows Removed by Filter": 24}, {"Node Type": "Bitmap Heap Scan", "Parent Relationship": "Inner", "Relation Name": "supplier", "Alias": "supplier", "Startup Cost": 95.25, "Total Cost": 2492.04, "Plan Rows": 4000, "Plan Width": 12, "Actual Startup Time": 0.966, "Actual Total Time": 7.31, "Actual Rows": 3924, "Actual Loops": 1, "Recheck Cond": "(s_nationkey = public.nation.n_nationkey)", "Rows Removed by Index Recheck": 0, "Exact Heap Blocks": 1895, "Lossy Heap Blocks": 1895, "Plans": [{"Node Type": "Bitmap Index Scan", "Parent Relationship": "Outer", "Index Name": "idx_supplier_nation_key", "Startup Cost": 0.0, "Total Cost": 94.25, "Plan Rows": 4000, "Plan Width": 0, "Actual Startup Time": 0.678, "Actual Total Time": 0.678, "Actual Rows": 3924, "Actual Loops": 1, "Index Cond": "(s_nationkey = public.nation.n_nationkey)"}]}]}, {"Node Type": "Index Scan", "Parent Relationship": "Inner", "Scan Direction": "Forward", "Index Name": "idx_partsupp_suppkey", "Relation Name": "partsupp", "Alias": "partsupp", "Startup Cost": 0.0, "Total Cost": 9.33, "Plan Rows": 13, "Plan Width": 24, "Actual Startup Time": 46.974, "Actual Total Time": 604.92, "Actual Rows": 313920, "Actual Loops": 3924, "Index Cond": "(ps_suppkey = public.supplier.s_suppkey)", "Rows Removed by Index Recheck": 0}]}]}, {"Node Type": "Aggregate", "Strategy": "Hashed", "Parent Relationship": "Outer", "Startup Cost": 41309.84, "Total Cost": 41982.09, "Plan Rows": 53780, "Plan Width": 40, "Actual Startup Time": 2003.564, "Actual Total Time": 2003.564, "Actual Rows": 0, "Actual Loops": 1, "Group By Key": ["public.partsupp.ps_partkey"], "Filter": "(sum((public.partsupp.ps_supplycost * (public.partsupp.ps_availqty)::double precision)) > $2)", "Rows Removed by Filter": 295792, "Plans": [{"Node Type": "Nested Loop", "Parent Relationship": "Outer", "Join Type": "Inner", "Startup Cost": 95.25, "Total Cost": 40368.69, "Plan Rows": 53780, "Plan Width": 24, "Actual Startup Time": 1.126, "Actual Total Time": 773.104, "Actual Rows": 313920, "Actual Loops": 1, "Inner Unique": false, "Plans": [{"Node Type": "Nested Loop", "Parent Relationship": "Outer", "Join Type": "Inner", "Startup Cost": 95.25, "Total Cost": 2544.73, "Plan Rows": 4000, "Plan Width": 8, "Actual Startup Time": 1.098, "Actual Total Time": 9.874, "Actual Rows": 3924, "Actual Loops": 1, "Inner Unique": false, "Plans": [{"Node Type": "Index Scan", "Parent Relationship": "Outer", "Scan Direction": "Forward", "Index Name": "nation_pkey", "Relation Name": "nation", "Alias": "nation", "Startup Cost": 0.0, "Total Cost": 12.69, "Plan Rows": 1, "Plan Width": 4, "Actual Startup Time": 0.032, "Actual Total Time": 0.045, "Actual Rows": 1, "Actual Loops": 1, "Filter": "(n_name = 'MOZAMBIQUE'::bpchar)", "Rows Removed by Filter": 24}, {"Node Type": "Bitmap Heap Scan", "Parent Relationship": "Inner", "Relation Name": "supplier", "Alias": "supplier", "Startup Cost": 95.25, "Total Cost": 2492.04, "Plan Rows": 4000, "Plan Width": 12, "Actual Startup Time": 1.058, "Actual Total Time": 8.873, "Actual Rows": 3924, "Actual Loops": 1, "Recheck Cond": "(s_nationkey = public.nation.n_nationkey)", "Rows Removed by Index Recheck": 0, "Exact Heap Blocks": 1895, "Lossy Heap Blocks": 1895, "Plans": [{"Node Type": "Bitmap Index Scan", "Parent Relationship": "Outer", "Index Name": "idx_supplier_nation_key", "Startup Cost": 0.0, "Total Cost": 94.25, "Plan Rows": 4000, "Plan Width": 0, "Actual Startup Time": 0.766, "Actual Total Time": 0.766, "Actual Rows": 3924, "Actual Loops": 1, "Index Cond": "(s_nationkey = public.nation.n_nationkey)"}]}]}, {"Node Type": "Index Scan", "Parent Relationship": "Inner", "Scan Direction": "Forward", "Index Name": "idx_partsupp_suppkey", "Relation Name": "partsupp", "Alias": "partsupp", "Startup Cost": 0.0, "Total Cost": 9.33, "Plan Rows": 13, "Plan Width": 32, "Actual Startup Time": 55.084, "Actual Total Time": 692.047, "Actual Rows": 313920, "Actual Loops": 3924, "Index Cond": "(ps_suppkey = public.supplier.s_suppkey)", "Rows Removed by Index Recheck": 0}]}]}]}, "Triggers": [], "Planner Runtime": 0, "Total Runtime": 2004.504, "Unique SQL Id": 2932834211}}, "(16, 66)": {"explain_plan": {"Plan": {"Node Type": "Sort", "Startup Cost": 90032.55, "Total Cost": 90167.0, "Plan Rows": 53780, "Plan Width": 40, "Sort Key": ["(sum((public.partsupp.ps_supplycost * (public.partsupp.ps_availqty)::double precision))) DESC"], "Plans": [{"Node Type": "Aggregate", "Strategy": "Plain", "Parent Relationship": "exec_init_plan", "Subplan Name": "InitPlan 1 (returns $2)", "Startup Cost": 42298.39, "Total Cost": 42298.4, "Plan Rows": 1, "Plan Width": 24, "Plans": [{"Node Type": "Nested Loop", "Parent Relationship": "Outer", "Join Type": "Inner", "Startup Cost": 96.82, "Total Cost": 41895.04, "Plan Rows": 53780, "Plan Width": 16, "Inner Unique": false, "Plans": [{"Node Type": "Nested Loop", "Parent Relationship": "Outer", "Join Type": "Inner", "Startup Cost": 95.25, "Total Cost": 2533.35, "Plan Rows": 4000, "Plan Width": 8, "Inner Unique": false, "Plans": [{"Node Type": "Seq Scan", "Parent Relationship": "Outer", "Relation Name": "nation", "Alias": "nation", "Startup Cost": 0.0, "Total Cost": 1.31, "Plan Rows": 1, "Plan Width": 4, "Filter": "(n_name = 'MOZAMBIQUE'::bpchar)"}, {"Node Type": "Bitmap Heap Scan", "Parent Relationship": "Inner", "Relation Name": "supplier", "Alias": "supplier", "Startup Cost": 95.25, "Total Cost": 2492.04, "Plan Rows": 4000, "Plan Width": 12, "Recheck Cond": "(s_nationkey = public.nation.n_nationkey)", "Plans": [{"Node Type": "Bitmap Index Scan", "Parent Relationship": "Outer", "Index Name": "idx_supplier_nation_key", "Startup Cost": 0.0, "Total Cost": 94.25, "Plan Rows": 4000, "Plan Width": 0, "Index Cond": "(s_nationkey = public.nation.n_nationkey)"}]}]}, {"Node Type": "Bitmap Heap Scan", "Parent Relationship": "Inner", "Relation Name": "partsupp", "Alias": "partsupp", "Startup Cost": 1.57, "Total Cost": 9.71, "Plan Rows": 13, "Plan Width": 24, "Recheck Cond": "(ps_suppkey = public.supplier.s_suppkey)", "Plans": [{"Node Type": "Bitmap Index Scan", "Parent Relationship": "Outer", "Index Name": "idx_partsupp_suppkey", "Startup Cost": 0.0, "Total Cost": 1.56, "Plan Rows": 13, "Plan Width": 0, "Index Cond": "(ps_suppkey = public.supplier.s_suppkey)"}]}]}]}, {"Node Type": "Aggregate", "Strategy": "Hashed", "Parent Relationship": "Outer", "Startup Cost": 42836.19, "Total Cost": 43508.44, "Plan Rows": 53780, "Plan Width": 40, "Group By Key": ["public.partsupp.ps_partkey"], "Filter": "(sum((public.partsupp.ps_supplycost * (public.partsupp.ps_availqty)::double precision)) > $2)", "Plans": [{"Node Type": "Nested Loop", "Parent Relationship": "Outer", "Join Type": "Inner", "Startup Cost": 96.82, "Total Cost": 41895.04, "Plan Rows": 53780, "Plan Width": 24, "Inner Unique": false, "Plans": [{"Node Type": "Nested Loop", "Parent Relationship": "Outer", "Join Type": "Inner", "Startup Cost": 95.25, "Total Cost": 2533.35, "Plan Rows": 4000, "Plan Width": 8, "Inner Unique": false, "Plans": [{"Node Type": "Seq Scan", "Parent Relationship": "Outer", "Relation Name": "nation", "Alias": "nation", "Startup Cost": 0.0, "Total Cost": 1.31, "Plan Rows": 1, "Plan Width": 4, "Filter": "(n_name = 'MOZAMBIQUE'::bpchar)"}, {"Node Type": "Bitmap Heap Scan", "Parent Relationship": "Inner", "Relation Name": "supplier", "Alias": "supplier", "Startup Cost": 95.25, "Total Cost": 2492.04, "Plan Rows": 4000, "Plan Width": 12, "Recheck Cond": "(s_nationkey = public.nation.n_nationkey)", "Plans": [{"Node Type": "Bitmap Index Scan", "Parent Relationship": "Outer", "Index Name": "idx_supplier_nation_key", "Startup Cost": 0.0, "Total Cost": 94.25, "Plan Rows": 4000, "Plan Width": 0, "Index Cond": "(s_nationkey = public.nation.n_nationkey)"}]}]}, {"Node Type": "Bitmap Heap Scan", "Parent Relationship": "Inner", "Relation Name": "partsupp", "Alias": "partsupp", "Startup Cost": 1.57, "Total Cost": 9.71, "Plan Rows": 13, "Plan Width": 32, "Recheck Cond": "(ps_suppkey = public.supplier.s_suppkey)", "Plans": [{"Node Type": "Bitmap Index Scan", "Parent Relationship": "Outer", "Index Name": "idx_partsupp_suppkey", "Startup Cost": 0.0, "Total Cost": 1.56, "Plan Rows": 13, "Plan Width": 0, "Index Cond": "(ps_suppkey = public.supplier.s_suppkey)"}]}]}]}]}, "Unique SQL Id": 2932834211, "Planner Runtime": 1}, "explain_analyze_plan": {"Plan": {"Node Type": "Sort", "Startup Cost": 90032.55, "Total Cost": 90167.0, "Plan Rows": 53780, "Plan Width": 40, "Actual Startup Time": 2259.599, "Actual Total Time": 2259.599, "Actual Rows": 0, "Actual Loops": 1, "Sort Key": ["(sum((public.partsupp.ps_supplycost * (public.partsupp.ps_availqty)::double precision))) DESC"], "Sort Method": "quicksort", "Sort Space Used": 25, "Sort Space Type": "Memory", "Plans": [{"Node Type": "Aggregate", "Strategy": "Plain", "Parent Relationship": "exec_init_plan", "Subplan Name": "InitPlan 1 (returns $2)", "Startup Cost": 42298.39, "Total Cost": 42298.4, "Plan Rows": 1, "Plan Width": 24, "Actual Startup Time": 1008.942, "Actual Total Time": 1008.942, "Actual Rows": 1, "Actual Loops": 1, "Plans": [{"Node Type": "Nested Loop", "Parent Relationship": "Outer", "Join Type": "Inner", "Startup Cost": 96.82, "Total Cost": 41895.04, "Plan Rows": 53780, "Plan Width": 16, "Actual Startup Time": 1.124, "Actual Total Time": 881.219, "Actual Rows": 313920, "Actual Loops": 1, "Inner Unique": false, "Plans": [{"Node Type": "Nested Loop", "Parent Relationship": "Outer", "Join Type": "Inner", "Startup Cost": 95.25, "Total Cost": 2533.35, "Plan Rows": 4000, "Plan Width": 8, "Actual Startup Time": 1.07, "Actual Total Time": 9.391, "Actual Rows": 3924, "Actual Loops": 1, "Inner Unique": false, "Plans": [{"Node Type": "Seq Scan", "Parent Relationship": "Outer", "Relation Name": "nation", "Alias": "nation", "Startup Cost": 0.0, "Total Cost": 1.31, "Plan Rows": 1, "Plan Width": 4, "Actual Startup Time": 0.042, "Actual Total Time": 0.058, "Actual Rows": 1, "Actual Loops": 1, "Filter": "(n_name = 'MOZAMBIQUE'::bpchar)", "Rows Removed by Filter": 24}, {"Node Type": "Bitmap Heap Scan", "Parent Relationship": "Inner", "Relation Name": "supplier", "Alias": "supplier", "Startup Cost": 95.25, "Total Cost": 2492.04, "Plan Rows": 4000, "Plan Width": 12, "Actual Startup Time": 1.019, "Actual Total Time": 8.327, "Actual Rows": 3924, "Actual Loops": 1, "Recheck Cond": "(s_nationkey = public.nation.n_nationkey)", "Rows Removed by Index Recheck": 0, "Exact Heap Blocks": 1895, "Lossy Heap Blocks": 1895, "Plans": [{"Node Type": "Bitmap Index Scan", "Parent Relationship": "Outer", "Index Name": "idx_supplier_nation_key", "Startup Cost": 0.0, "Total Cost": 94.25, "Plan Rows": 4000, "Plan Width": 0, "Actual Startup Time": 0.744, "Actual Total Time": 0.744, "Actual Rows": 3924, "Actual Loops": 1, "Index Cond": "(s_nationkey = public.nation.n_nationkey)"}]}]}, {"Node Type": "Bitmap Heap Scan", "Parent Relationship": "Inner", "Relation Name": "partsupp", "Alias": "partsupp", "Startup Cost": 1.57, "Total Cost": 9.71, "Plan Rows": 13, "Plan Width": 24, "Actual Startup Time": 110.886, "Actual Total Time": 803.989, "Actual Rows": 313920, "Actual Loops": 3924, "Recheck Cond": "(ps_suppkey = public.supplier.s_suppkey)", "Rows Removed by Index Recheck": 0, "Exact Heap Blocks": 313920, "Lossy Heap Blocks": 313920, "Plans": [{"Node Type": "Bitmap Index Scan", "Parent Relationship": "Outer", "Index Name": "idx_partsupp_suppkey", "Startup Cost": 0.0, "Total Cost": 1.56, "Plan Rows": 13, "Plan Width": 0, "Actual Startup Time": 71.169, "Actual Total Time": 71.169, "Actual Rows": 313920, "Actual Loops": 3924, "Index Cond": "(ps_suppkey = public.supplier.s_suppkey)"}]}]}]}, {"Node Type": "Aggregate", "Strategy": "Hashed", "Parent Relationship": "Outer", "Startup Cost": 42836.19, "Total Cost": 43508.44, "Plan Rows": 53780, "Plan Width": 40, "Actual Startup Time": 2259.097, "Actual Total Time": 2259.097, "Actual Rows": 0, "Actual Loops": 1, "Group By Key": ["public.partsupp.ps_partkey"], "Filter": "(sum((public.partsupp.ps_supplycost * (public.partsupp.ps_availqty)::double precision)) > $2)", "Rows Removed by Filter": 295792, "Plans": [{"Node Type": "Nested Loop", "Parent Relationship": "Outer", "Join Type": "Inner", "Startup Cost": 96.82, "Total Cost": 41895.04, "Plan Rows": 53780, "Plan Width": 24, "Actual Startup Time": 1.137, "Actual Total Time": 834.966, "Actual Rows": 313920, "Actual Loops": 1, "Inner Unique": false, "Plans": [{"Node Type": "Nested Loop", "Parent Relationship": "Outer", "Join Type": "Inner", "Startup Cost": 95.25, "Total Cost": 2533.35, "Plan Rows": 4000, "Plan Width": 8, "Actual Startup Time": 1.088, "Actual Total Time": 8.572, "Actual Rows": 3924, "Actual Loops": 1, "Inner Unique": false, "Plans": [{"Node Type": "Seq Scan", "Parent Relationship": "Outer", "Relation Name": "nation", "Alias": "nation", "Startup Cost": 0.0, "Total Cost": 1.31, "Plan Rows": 1, "Plan Width": 4, "Actual Startup Time": 0.03, "Actual Total Time": 0.044, "Actual Rows": 1, "Actual Loops": 1, "Filter": "(n_name = 'MOZAMBIQUE'::bpchar)", "Rows Removed by Filter": 24}, {"Node Type": "Bitmap Heap Scan", "Parent Relationship": "Inner", "Relation Name": "supplier", "Alias": "supplier", "Startup Cost": 95.25, "Total Cost": 2492.04, "Plan Rows": 4000, "Plan Width": 12, "Actual Startup Time": 1.052, "Actual Total Time": 7.612, "Actual Rows": 3924, "Actual Loops": 1, "Recheck Cond": "(s_nationkey = public.nation.n_nationkey)", "Rows Removed by Index Recheck": 0, "Exact Heap Blocks": 1895, "Lossy Heap Blocks": 1895, "Plans": [{"Node Type": "Bitmap Index Scan", "Parent Relationship": "Outer", "Index Name": "idx_supplier_nation_key", "Startup Cost": 0.0, "Total Cost": 94.25, "Plan Rows": 4000, "Plan Width": 0, "Actual Startup Time": 0.77, "Actual Total Time": 0.77, "Actual Rows": 3924, "Actual Loops": 1, "Index Cond": "(s_nationkey = public.nation.n_nationkey)"}]}]}, {"Node Type": "Bitmap Heap Scan", "Parent Relationship": "Inner", "Relation Name": "partsupp", "Alias": "partsupp", "Startup Cost": 1.57, "Total Cost": 9.71, "Plan Rows": 13, "Plan Width": 32, "Actual Startup Time": 109.514, "Actual Total Time": 752.491, "Actual Rows": 313920, "Actual Loops": 3924, "Recheck Cond": "(ps_suppkey = public.supplier.s_suppkey)", "Rows Removed by Index Recheck": 0, "Exact Heap Blocks": 313920, "Lossy Heap Blocks": 313920, "Plans": [{"Node Type": "Bitmap Index Scan", "Parent Relationship": "Outer", "Index Name": "idx_partsupp_suppkey", "Startup Cost": 0.0, "Total Cost": 1.56, "Plan Rows": 13, "Plan Width": 0, "Actual Startup Time": 70.02, "Actual Total Time": 70.02, "Actual Rows": 313920, "Actual Loops": 3924, "Index Cond": "(ps_suppkey = public.supplier.s_suppkey)"}]}]}]}]}, "Triggers": [], "Planner Runtime": 0, "Total Runtime": 2259.921, "Unique SQL Id": 2932834211}}, "(16, 67)": {"explain_plan": {"Plan": {"Node Type": "Sort", "Startup Cost": 2000084159245.82, "Total Cost": 2000084159380.27, "Plan Rows": 53780, "Plan Width": 40, "Sort Key": ["(sum((public.partsupp.ps_supplycost * (public.partsupp.ps_availqty)::double precision))) DESC"], "Plans": [{"Node Type": "Aggregate", "Strategy": "Plain", "Parent Relationship": "exec_init_plan", "Subplan Name": "InitPlan 1 (returns $2)", "Startup Cost": 1000001001502.42, "Total Cost": 1000001001502.43, "Plan Rows": 1, "Plan Width": 24, "Plans": [{"Node Type": "Nested Loop", "Parent Relationship": "Outer", "Join Type": "Inner", "Startup Cost": 10000000001.83, "Total Cost": 1000001001099.07, "Plan Rows": 53780, "Plan Width": 16, "Inner Unique": false, "Plans": [{"Node Type": "Nested Loop", "Parent Relationship": "Outer", "Join Type": "Inner", "Startup Cost": 10000000000.26, "Total Cost": 1000000961737.38, "Plan Rows": 4000, "Plan Width": 8, "Inner Unique": true, "Plans": [{"Node Type": "Index Scan", "Parent Relationship": "Outer", "Scan Direction": "Forward", "Index Name": "supplier_pkey", "Relation Name": "supplier", "Alias": "supplier", "Startup Cost": 10000000000.0, "Total Cost": 1000000533454.38, "Plan Rows": 100000, "Plan Width": 12}, {"Node Type": "Bitmap Heap Scan", "Parent Relationship": "Inner", "Relation Name": "nation", "Alias": "nation", "Startup Cost": 0.26, "Total Cost": 4.27, "Plan Rows": 1, "Plan Width": 4, "Recheck Cond": "(n_nationkey = public.supplier.s_nationkey)", "Filter": "(n_name = 'MOZAMBIQUE'::bpchar)", "Plans": [{"Node Type": "Bitmap Index Scan", "Parent Relationship": "Outer", "Index Name": "nation_pkey", "Startup Cost": 0.0, "Total Cost": 0.26, "Plan Rows": 1, "Plan Width": 0, "Index Cond": "(n_nationkey = public.supplier.s_nationkey)"}]}]}, {"Node Type": "Bitmap Heap Scan", "Parent Relationship": "Inner", "Relation Name": "partsupp", "Alias": "partsupp", "Startup Cost": 1.57, "Total Cost": 9.71, "Plan Rows": 13, "Plan Width": 24, "Recheck Cond": "(ps_suppkey = public.supplier.s_suppkey)", "Plans": [{"Node Type": "Bitmap Index Scan", "Parent Relationship": "Outer", "Index Name": "idx_partsupp_suppkey", "Startup Cost": 0.0, "Total Cost": 1.56, "Plan Rows": 13, "Plan Width": 0, "Index Cond": "(ps_suppkey = public.supplier.s_suppkey)"}]}]}]}, {"Node Type": "Aggregate", "Strategy": "Hashed", "Parent Relationship": "Outer", "Startup Cost": 1000083152845.44, "Total Cost": 1000083153517.69, "Plan Rows": 53780, "Plan Width": 40, "Group By Key": ["public.partsupp.ps_partkey"], "Filter": "(sum((public.partsupp.ps_supplycost * (public.partsupp.ps_availqty)::double precision)) > $2)", "Plans": [{"Node Type": "Nested Loop", "Parent Relationship": "Outer", "Join Type": "Inner", "Startup Cost": 10000000000.52, "Total Cost": 1000083151904.29, "Plan Rows": 53780, "Plan Width": 24, "Inner Unique": true, "Plans": [{"Node Type": "Nested Loop", "Parent Relationship": "Outer", "Join Type": "Inner", "Startup Cost": 10000000000.26, "Total Cost": 1000077393643.64, "Plan Rows": 1344499, "Plan Width": 28, "Inner Unique": true, "Plans": [{"Node Type": "Index Scan", "Parent Relationship": "Outer", "Scan Direction": "Forward", "Index Name": "idx_partsupp_partkey", "Relation Name": "partsupp", "Alias": "partsupp", "Startup Cost": 10000000000.0, "Total Cost": 1000043148503.38, "Plan Rows": 8000372, "Plan Width": 32}, {"Node Type": "Bitmap Heap Scan", "Parent Relationship": "Inner", "Relation Name": "supplier", "Alias": "supplier", "Startup Cost": 0.26, "Total Cost": 4.27, "Plan Rows": 1, "Plan Width": 12, "Recheck Cond": "(s_suppkey = public.partsupp.ps_suppkey)", "Plans": [{"Node Type": "Bitmap Index Scan", "Parent Relationship": "Outer", "Index Name": "supplier_pkey", "Startup Cost": 0.0, "Total Cost": 0.26, "Plan Rows": 1, "Plan Width": 0, "Index Cond": "(s_suppkey = public.partsupp.ps_suppkey)"}]}]}, {"Node Type": "Bitmap Heap Scan", "Parent Relationship": "Inner", "Relation Name": "nation", "Alias": "nation", "Startup Cost": 0.26, "Total Cost": 4.27, "Plan Rows": 1, "Plan Width": 4, "Recheck Cond": "(n_nationkey = public.supplier.s_nationkey)", "Filter": "(n_name = 'MOZAMBIQUE'::bpchar)", "Plans": [{"Node Type": "Bitmap Index Scan", "Parent Relationship": "Outer", "Index Name": "nation_pkey", "Startup Cost": 0.0, "Total Cost": 0.26, "Plan Rows": 1, "Plan Width": 0, "Index Cond": "(n_nationkey = public.supplier.s_nationkey)"}]}]}]}]}, "Unique SQL Id": 2932834211, "Planner Runtime": 1}, "explain_analyze_plan": null}, "(16, 68)": {"explain_plan": {"Plan": {"Node Type": "Sort", "Startup Cost": 86957.11, "Total Cost": 87091.56, "Plan Rows": 53780, "Plan Width": 40, "Sort Key": ["(sum((public.partsupp.ps_supplycost * (public.partsupp.ps_availqty)::double precision))) DESC"], "Plans": [{"Node Type": "Aggregate", "Strategy": "Plain", "Parent Relationship": "exec_init_plan", "Subplan Name": "InitPlan 1 (returns $2)", "Startup Cost": 40760.67, "Total Cost": 40760.68, "Plan Rows": 1, "Plan Width": 24, "Plans": [{"Node Type": "Nested Loop", "Parent Relationship": "Outer", "Join Type": "Inner", "Startup Cost": 95.25, "Total Cost": 40357.32, "Plan Rows": 53780, "Plan Width": 16, "Inner Unique": false, "Plans": [{"Node Type": "Nested Loop", "Parent Relationship": "Outer", "Join Type": "Inner", "Startup Cost": 95.25, "Total Cost": 2533.35, "Plan Rows": 4000, "Plan Width": 8, "Inner Unique": false, "Plans": [{"Node Type": "Seq Scan", "Parent Relationship": "Outer", "Relation Name": "nation", "Alias": "nation", "Startup Cost": 0.0, "Total Cost": 1.31, "Plan Rows": 1, "Plan Width": 4, "Filter": "(n_name = 'MOZAMBIQUE'::bpchar)"}, {"Node Type": "Bitmap Heap Scan", "Parent Relationship": "Inner", "Relation Name": "supplier", "Alias": "supplier", "Startup Cost": 95.25, "Total Cost": 2492.04, "Plan Rows": 4000, "Plan Width": 12, "Recheck Cond": "(s_nationkey = public.nation.n_nationkey)", "Plans": [{"Node Type": "Bitmap Index Scan", "Parent Relationship": "Outer", "Index Name": "idx_supplier_nation_key", "Startup Cost": 0.0, "Total Cost": 94.25, "Plan Rows": 4000, "Plan Width": 0, "Index Cond": "(s_nationkey = public.nation.n_nationkey)"}]}]}, {"Node Type": "Index Scan", "Parent Relationship": "Inner", "Scan Direction": "Forward", "Index Name": "idx_partsupp_suppkey", "Relation Name": "partsupp", "Alias": "partsupp", "Startup Cost": 0.0, "Total Cost": 9.33, "Plan Rows": 13, "Plan Width": 24, "Index Cond": "(ps_suppkey = public.supplier.s_suppkey)"}]}]}, {"Node Type": "Aggregate", "Strategy": "Hashed", "Parent Relationship": "Outer", "Startup Cost": 41298.47, "Total Cost": 41970.72, "Plan Rows": 53780, "Plan Width": 40, "Group By Key": ["public.partsupp.ps_partkey"], "Filter": "(sum((public.partsupp.ps_supplycost * (public.partsupp.ps_availqty)::double precision)) > $2)", "Plans": [{"Node Type": "Nested Loop", "Parent Relationship": "Outer", "Join Type": "Inner", "Startup Cost": 95.25, "Total Cost": 40357.32, "Plan Rows": 53780, "Plan Width": 24, "Inner Unique": false, "Plans": [{"Node Type": "Nested Loop", "Parent Relationship": "Outer", "Join Type": "Inner", "Startup Cost": 95.25, "Total Cost": 2533.35, "Plan Rows": 4000, "Plan Width": 8, "Inner Unique": false, "Plans": [{"Node Type": "Seq Scan", "Parent Relationship": "Outer", "Relation Name": "nation", "Alias": "nation", "Startup Cost": 0.0, "Total Cost": 1.31, "Plan Rows": 1, "Plan Width": 4, "Filter": "(n_name = 'MOZAMBIQUE'::bpchar)"}, {"Node Type": "Bitmap Heap Scan", "Parent Relationship": "Inner", "Relation Name": "supplier", "Alias": "supplier", "Startup Cost": 95.25, "Total Cost": 2492.04, "Plan Rows": 4000, "Plan Width": 12, "Recheck Cond": "(s_nationkey = public.nation.n_nationkey)", "Plans": [{"Node Type": "Bitmap Index Scan", "Parent Relationship": "Outer", "Index Name": "idx_supplier_nation_key", "Startup Cost": 0.0, "Total Cost": 94.25, "Plan Rows": 4000, "Plan Width": 0, "Index Cond": "(s_nationkey = public.nation.n_nationkey)"}]}]}, {"Node Type": "Index Scan", "Parent Relationship": "Inner", "Scan Direction": "Forward", "Index Name": "idx_partsupp_suppkey", "Relation Name": "partsupp", "Alias": "partsupp", "Startup Cost": 0.0, "Total Cost": 9.33, "Plan Rows": 13, "Plan Width": 32, "Index Cond": "(ps_suppkey = public.supplier.s_suppkey)"}]}]}]}, "Unique SQL Id": 2932834211, "Planner Runtime": 1}, "explain_analyze_plan": {"Plan": {"Node Type": "Sort", "Startup Cost": 86957.11, "Total Cost": 87091.56, "Plan Rows": 53780, "Plan Width": 40, "Actual Startup Time": 1867.688, "Actual Total Time": 1867.688, "Actual Rows": 0, "Actual Loops": 1, "Sort Key": ["(sum((public.partsupp.ps_supplycost * (public.partsupp.ps_availqty)::double precision))) DESC"], "Sort Method": "quicksort", "Sort Space Used": 25, "Sort Space Type": "Memory", "Plans": [{"Node Type": "Aggregate", "Strategy": "Plain", "Parent Relationship": "exec_init_plan", "Subplan Name": "InitPlan 1 (returns $2)", "Startup Cost": 40760.67, "Total Cost": 40760.68, "Plan Rows": 1, "Plan Width": 24, "Actual Startup Time": 794.18, "Actual Total Time": 794.181, "Actual Rows": 1, "Actual Loops": 1, "Plans": [{"Node Type": "Nested Loop", "Parent Relationship": "Outer", "Join Type": "Inner", "Startup Cost": 95.25, "Total Cost": 40357.32, "Plan Rows": 53780, "Plan Width": 16, "Actual Startup Time": 1.125, "Actual Total Time": 657.634, "Actual Rows": 313920, "Actual Loops": 1, "Inner Unique": false, "Plans": [{"Node Type": "Nested Loop", "Parent Relationship": "Outer", "Join Type": "Inner", "Startup Cost": 95.25, "Total Cost": 2533.35, "Plan Rows": 4000, "Plan Width": 8, "Actual Startup Time": 1.098, "Actual Total Time": 8.186, "Actual Rows": 3924, "Actual Loops": 1, "Inner Unique": false, "Plans": [{"Node Type": "Seq Scan", "Parent Relationship": "Outer", "Relation Name": "nation", "Alias": "nation", "Startup Cost": 0.0, "Total Cost": 1.31, "Plan Rows": 1, "Plan Width": 4, "Actual Startup Time": 0.024, "Actual Total Time": 0.047, "Actual Rows": 1, "Actual Loops": 1, "Filter": "(n_name = 'MOZAMBIQUE'::bpchar)", "Rows Removed by Filter": 24}, {"Node Type": "Bitmap Heap Scan", "Parent Relationship": "Inner", "Relation Name": "supplier", "Alias": "supplier", "Startup Cost": 95.25, "Total Cost": 2492.04, "Plan Rows": 4000, "Plan Width": 12, "Actual Startup Time": 1.058, "Actual Total Time": 7.206, "Actual Rows": 3924, "Actual Loops": 1, "Recheck Cond": "(s_nationkey = public.nation.n_nationkey)", "Rows Removed by Index Recheck": 0, "Exact Heap Blocks": 1895, "Lossy Heap Blocks": 1895, "Plans": [{"Node Type": "Bitmap Index Scan", "Parent Relationship": "Outer", "Index Name": "idx_supplier_nation_key", "Startup Cost": 0.0, "Total Cost": 94.25, "Plan Rows": 4000, "Plan Width": 0, "Actual Startup Time": 0.777, "Actual Total Time": 0.777, "Actual Rows": 3924, "Actual Loops": 1, "Index Cond": "(s_nationkey = public.nation.n_nationkey)"}]}]}, {"Node Type": "Index Scan", "Parent Relationship": "Inner", "Scan Direction": "Forward", "Index Name": "idx_partsupp_suppkey", "Relation Name": "partsupp", "Alias": "partsupp", "Startup Cost": 0.0, "Total Cost": 9.33, "Plan Rows": 13, "Plan Width": 24, "Actual Startup Time": 48.522, "Actual Total Time": 582.276, "Actual Rows": 313920, "Actual Loops": 3924, "Index Cond": "(ps_suppkey = public.supplier.s_suppkey)", "Rows Removed by Index Recheck": 0}]}]}, {"Node Type": "Aggregate", "Strategy": "Hashed", "Parent Relationship": "Outer", "Startup Cost": 41298.47, "Total Cost": 41970.72, "Plan Rows": 53780, "Plan Width": 40, "Actual Startup Time": 1867.28, "Actual Total Time": 1867.28, "Actual Rows": 0, "Actual Loops": 1, "Group By Key": ["public.partsupp.ps_partkey"], "Filter": "(sum((public.partsupp.ps_supplycost * (public.partsupp.ps_availqty)::double precision)) > $2)", "Rows Removed by Filter": 295792, "Plans": [{"Node Type": "Nested Loop", "Parent Relationship": "Outer", "Join Type": "Inner", "Startup Cost": 95.25, "Total Cost": 40357.32, "Plan Rows": 53780, "Plan Width": 24, "Actual Startup Time": 1.055, "Actual Total Time": 684.172, "Actual Rows": 313920, "Actual Loops": 1, "Inner Unique": false, "Plans": [{"Node Type": "Nested Loop", "Parent Relationship": "Outer", "Join Type": "Inner", "Startup Cost": 95.25, "Total Cost": 2533.35, "Plan Rows": 4000, "Plan Width": 8, "Actual Startup Time": 1.024, "Actual Total Time": 8.574, "Actual Rows": 3924, "Actual Loops": 1, "Inner Unique": false, "Plans": [{"Node Type": "Seq Scan", "Parent Relationship": "Outer", "Relation Name": "nation", "Alias": "nation", "Startup Cost": 0.0, "Total Cost": 1.31, "Plan Rows": 1, "Plan Width": 4, "Actual Startup Time": 0.032, "Actual Total Time": 0.044, "Actual Rows": 1, "Actual Loops": 1, "Filter": "(n_name = 'MOZAMBIQUE'::bpchar)", "Rows Removed by Filter": 24}, {"Node Type": "Bitmap Heap Scan", "Parent Relationship": "Inner", "Relation Name": "supplier", "Alias": "supplier", "Startup Cost": 95.25, "Total Cost": 2492.04, "Plan Rows": 4000, "Plan Width": 12, "Actual Startup Time": 0.985, "Actual Total Time": 7.583, "Actual Rows": 3924, "Actual Loops": 1, "Recheck Cond": "(s_nationkey = public.nation.n_nationkey)", "Rows Removed by Index Recheck": 0, "Exact Heap Blocks": 1895, "Lossy Heap Blocks": 1895, "Plans": [{"Node Type": "Bitmap Index Scan", "Parent Relationship": "Outer", "Index Name": "idx_supplier_nation_key", "Startup Cost": 0.0, "Total Cost": 94.25, "Plan Rows": 4000, "Plan Width": 0, "Actual Startup Time": 0.705, "Actual Total Time": 0.705, "Actual Rows": 3924, "Actual Loops": 1, "Index Cond": "(s_nationkey = public.nation.n_nationkey)"}]}]}, {"Node Type": "Index Scan", "Parent Relationship": "Inner", "Scan Direction": "Forward", "Index Name": "idx_partsupp_suppkey", "Relation Name": "partsupp", "Alias": "partsupp", "Startup Cost": 0.0, "Total Cost": 9.33, "Plan Rows": 13, "Plan Width": 32, "Actual Startup Time": 49.919, "Actual Total Time": 602.753, "Actual Rows": 313920, "Actual Loops": 3924, "Index Cond": "(ps_suppkey = public.supplier.s_suppkey)", "Rows Removed by Index Recheck": 0}]}]}]}, "Triggers": [], "Planner Runtime": 0, "Total Runtime": 1868.014, "Unique SQL Id": 2932834211}}, "(16, 69)": {"explain_plan": {"Plan": {"Node Type": "Sort", "Startup Cost": 86979.86, "Total Cost": 87114.31, "Plan Rows": 53780, "Plan Width": 40, "Sort Key": ["(sum((public.partsupp.ps_supplycost * (public.partsupp.ps_availqty)::double precision))) DESC"], "Plans": [{"Node Type": "Aggregate", "Strategy": "Plain", "Parent Relationship": "exec_init_plan", "Subplan Name": "InitPlan 1 (returns $2)", "Startup Cost": 40772.04, "Total Cost": 40772.06, "Plan Rows": 1, "Plan Width": 24, "Plans": [{"Node Type": "Nested Loop", "Parent Relationship": "Outer", "Join Type": "Inner", "Startup Cost": 95.25, "Total Cost": 40368.69, "Plan Rows": 53780, "Plan Width": 16, "Inner Unique": false, "Plans": [{"Node Type": "Nested Loop", "Parent Relationship": "Outer", "Join Type": "Inner", "Startup Cost": 95.25, "Total Cost": 2544.73, "Plan Rows": 4000, "Plan Width": 8, "Inner Unique": false, "Plans": [{"Node Type": "Index Scan", "Parent Relationship": "Outer", "Scan Direction": "Forward", "Index Name": "nation_pkey", "Relation Name": "nation", "Alias": "nation", "Startup Cost": 0.0, "Total Cost": 12.69, "Plan Rows": 1, "Plan Width": 4, "Filter": "(n_name = 'MOZAMBIQUE'::bpchar)"}, {"Node Type": "Bitmap Heap Scan", "Parent Relationship": "Inner", "Relation Name": "supplier", "Alias": "supplier", "Startup Cost": 95.25, "Total Cost": 2492.04, "Plan Rows": 4000, "Plan Width": 12, "Recheck Cond": "(s_nationkey = public.nation.n_nationkey)", "Plans": [{"Node Type": "Bitmap Index Scan", "Parent Relationship": "Outer", "Index Name": "idx_supplier_nation_key", "Startup Cost": 0.0, "Total Cost": 94.25, "Plan Rows": 4000, "Plan Width": 0, "Index Cond": "(s_nationkey = public.nation.n_nationkey)"}]}]}, {"Node Type": "Index Scan", "Parent Relationship": "Inner", "Scan Direction": "Forward", "Index Name": "idx_partsupp_suppkey", "Relation Name": "partsupp", "Alias": "partsupp", "Startup Cost": 0.0, "Total Cost": 9.33, "Plan Rows": 13, "Plan Width": 24, "Index Cond": "(ps_suppkey = public.supplier.s_suppkey)"}]}]}, {"Node Type": "Aggregate", "Strategy": "Hashed", "Parent Relationship": "Outer", "Startup Cost": 41309.84, "Total Cost": 41982.09, "Plan Rows": 53780, "Plan Width": 40, "Group By Key": ["public.partsupp.ps_partkey"], "Filter": "(sum((public.partsupp.ps_supplycost * (public.partsupp.ps_availqty)::double precision)) > $2)", "Plans": [{"Node Type": "Nested Loop", "Parent Relationship": "Outer", "Join Type": "Inner", "Startup Cost": 95.25, "Total Cost": 40368.69, "Plan Rows": 53780, "Plan Width": 24, "Inner Unique": false, "Plans": [{"Node Type": "Nested Loop", "Parent Relationship": "Outer", "Join Type": "Inner", "Startup Cost": 95.25, "Total Cost": 2544.73, "Plan Rows": 4000, "Plan Width": 8, "Inner Unique": false, "Plans": [{"Node Type": "Index Scan", "Parent Relationship": "Outer", "Scan Direction": "Forward", "Index Name": "nation_pkey", "Relation Name": "nation", "Alias": "nation", "Startup Cost": 0.0, "Total Cost": 12.69, "Plan Rows": 1, "Plan Width": 4, "Filter": "(n_name = 'MOZAMBIQUE'::bpchar)"}, {"Node Type": "Bitmap Heap Scan", "Parent Relationship": "Inner", "Relation Name": "supplier", "Alias": "supplier", "Startup Cost": 95.25, "Total Cost": 2492.04, "Plan Rows": 4000, "Plan Width": 12, "Recheck Cond": "(s_nationkey = public.nation.n_nationkey)", "Plans": [{"Node Type": "Bitmap Index Scan", "Parent Relationship": "Outer", "Index Name": "idx_supplier_nation_key", "Startup Cost": 0.0, "Total Cost": 94.25, "Plan Rows": 4000, "Plan Width": 0, "Index Cond": "(s_nationkey = public.nation.n_nationkey)"}]}]}, {"Node Type": "Index Scan", "Parent Relationship": "Inner", "Scan Direction": "Forward", "Index Name": "idx_partsupp_suppkey", "Relation Name": "partsupp", "Alias": "partsupp", "Startup Cost": 0.0, "Total Cost": 9.33, "Plan Rows": 13, "Plan Width": 32, "Index Cond": "(ps_suppkey = public.supplier.s_suppkey)"}]}]}]}, "Unique SQL Id": 2932834211, "Planner Runtime": 1}, "explain_analyze_plan": {"Plan": {"Node Type": "Sort", "Startup Cost": 86979.86, "Total Cost": 87114.31, "Plan Rows": 53780, "Plan Width": 40, "Actual Startup Time": 2004.071, "Actual Total Time": 2004.071, "Actual Rows": 0, "Actual Loops": 1, "Sort Key": ["(sum((public.partsupp.ps_supplycost * (public.partsupp.ps_availqty)::double precision))) DESC"], "Sort Method": "quicksort", "Sort Space Used": 25, "Sort Space Type": "Memory", "Plans": [{"Node Type": "Aggregate", "Strategy": "Plain", "Parent Relationship": "exec_init_plan", "Subplan Name": "InitPlan 1 (returns $2)", "Startup Cost": 40772.04, "Total Cost": 40772.06, "Plan Rows": 1, "Plan Width": 24, "Actual Startup Time": 813.993, "Actual Total Time": 813.994, "Actual Rows": 1, "Actual Loops": 1, "Plans": [{"Node Type": "Nested Loop", "Parent Relationship": "Outer", "Join Type": "Inner", "Startup Cost": 95.25, "Total Cost": 40368.69, "Plan Rows": 53780, "Plan Width": 16, "Actual Startup Time": 1.031, "Actual Total Time": 679.613, "Actual Rows": 313920, "Actual Loops": 1, "Inner Unique": false, "Plans": [{"Node Type": "Nested Loop", "Parent Relationship": "Outer", "Join Type": "Inner", "Startup Cost": 95.25, "Total Cost": 2544.73, "Plan Rows": 4000, "Plan Width": 8, "Actual Startup Time": 1.007, "Actual Total Time": 8.373, "Actual Rows": 3924, "Actual Loops": 1, "Inner Unique": false, "Plans": [{"Node Type": "Index Scan", "Parent Relationship": "Outer", "Scan Direction": "Forward", "Index Name": "nation_pkey", "Relation Name": "nation", "Alias": "nation", "Startup Cost": 0.0, "Total Cost": 12.69, "Plan Rows": 1, "Plan Width": 4, "Actual Startup Time": 0.027, "Actual Total Time": 0.082, "Actual Rows": 1, "Actual Loops": 1, "Filter": "(n_name = 'MOZAMBIQUE'::bpchar)", "Rows Removed by Filter": 24}, {"Node Type": "Bitmap Heap Scan", "Parent Relationship": "Inner", "Relation Name": "supplier", "Alias": "supplier", "Startup Cost": 95.25, "Total Cost": 2492.04, "Plan Rows": 4000, "Plan Width": 12, "Actual Startup Time": 0.966, "Actual Total Time": 7.31, "Actual Rows": 3924, "Actual Loops": 1, "Recheck Cond": "(s_nationkey = public.nation.n_nationkey)", "Rows Removed by Index Recheck": 0, "Exact Heap Blocks": 1895, "Lossy Heap Blocks": 1895, "Plans": [{"Node Type": "Bitmap Index Scan", "Parent Relationship": "Outer", "Index Name": "idx_supplier_nation_key", "Startup Cost": 0.0, "Total Cost": 94.25, "Plan Rows": 4000, "Plan Width": 0, "Actual Startup Time": 0.678, "Actual Total Time": 0.678, "Actual Rows": 3924, "Actual Loops": 1, "Index Cond": "(s_nationkey = public.nation.n_nationkey)"}]}]}, {"Node Type": "Index Scan", "Parent Relationship": "Inner", "Scan Direction": "Forward", "Index Name": "idx_partsupp_suppkey", "Relation Name": "partsupp", "Alias": "partsupp", "Startup Cost": 0.0, "Total Cost": 9.33, "Plan Rows": 13, "Plan Width": 24, "Actual Startup Time": 46.974, "Actual Total Time": 604.92, "Actual Rows": 313920, "Actual Loops": 3924, "Index Cond": "(ps_suppkey = public.supplier.s_suppkey)", "Rows Removed by Index Recheck": 0}]}]}, {"Node Type": "Aggregate", "Strategy": "Hashed", "Parent Relationship": "Outer", "Startup Cost": 41309.84, "Total Cost": 41982.09, "Plan Rows": 53780, "Plan Width": 40, "Actual Startup Time": 2003.564, "Actual Total Time": 2003.564, "Actual Rows": 0, "Actual Loops": 1, "Group By Key": ["public.partsupp.ps_partkey"], "Filter": "(sum((public.partsupp.ps_supplycost * (public.partsupp.ps_availqty)::double precision)) > $2)", "Rows Removed by Filter": 295792, "Plans": [{"Node Type": "Nested Loop", "Parent Relationship": "Outer", "Join Type": "Inner", "Startup Cost": 95.25, "Total Cost": 40368.69, "Plan Rows": 53780, "Plan Width": 24, "Actual Startup Time": 1.126, "Actual Total Time": 773.104, "Actual Rows": 313920, "Actual Loops": 1, "Inner Unique": false, "Plans": [{"Node Type": "Nested Loop", "Parent Relationship": "Outer", "Join Type": "Inner", "Startup Cost": 95.25, "Total Cost": 2544.73, "Plan Rows": 4000, "Plan Width": 8, "Actual Startup Time": 1.098, "Actual Total Time": 9.874, "Actual Rows": 3924, "Actual Loops": 1, "Inner Unique": false, "Plans": [{"Node Type": "Index Scan", "Parent Relationship": "Outer", "Scan Direction": "Forward", "Index Name": "nation_pkey", "Relation Name": "nation", "Alias": "nation", "Startup Cost": 0.0, "Total Cost": 12.69, "Plan Rows": 1, "Plan Width": 4, "Actual Startup Time": 0.032, "Actual Total Time": 0.045, "Actual Rows": 1, "Actual Loops": 1, "Filter": "(n_name = 'MOZAMBIQUE'::bpchar)", "Rows Removed by Filter": 24}, {"Node Type": "Bitmap Heap Scan", "Parent Relationship": "Inner", "Relation Name": "supplier", "Alias": "supplier", "Startup Cost": 95.25, "Total Cost": 2492.04, "Plan Rows": 4000, "Plan Width": 12, "Actual Startup Time": 1.058, "Actual Total Time": 8.873, "Actual Rows": 3924, "Actual Loops": 1, "Recheck Cond": "(s_nationkey = public.nation.n_nationkey)", "Rows Removed by Index Recheck": 0, "Exact Heap Blocks": 1895, "Lossy Heap Blocks": 1895, "Plans": [{"Node Type": "Bitmap Index Scan", "Parent Relationship": "Outer", "Index Name": "idx_supplier_nation_key", "Startup Cost": 0.0, "Total Cost": 94.25, "Plan Rows": 4000, "Plan Width": 0, "Actual Startup Time": 0.766, "Actual Total Time": 0.766, "Actual Rows": 3924, "Actual Loops": 1, "Index Cond": "(s_nationkey = public.nation.n_nationkey)"}]}]}, {"Node Type": "Index Scan", "Parent Relationship": "Inner", "Scan Direction": "Forward", "Index Name": "idx_partsupp_suppkey", "Relation Name": "partsupp", "Alias": "partsupp", "Startup Cost": 0.0, "Total Cost": 9.33, "Plan Rows": 13, "Plan Width": 32, "Actual Startup Time": 55.084, "Actual Total Time": 692.047, "Actual Rows": 313920, "Actual Loops": 3924, "Index Cond": "(ps_suppkey = public.supplier.s_suppkey)", "Rows Removed by Index Recheck": 0}]}]}]}, "Triggers": [], "Planner Runtime": 0, "Total Runtime": 2004.504, "Unique SQL Id": 2932834211}}, "(16, 70)": {"explain_plan": {"Plan": {"Node Type": "Sort", "Startup Cost": 90032.55, "Total Cost": 90167.0, "Plan Rows": 53780, "Plan Width": 40, "Sort Key": ["(sum((public.partsupp.ps_supplycost * (public.partsupp.ps_availqty)::double precision))) DESC"], "Plans": [{"Node Type": "Aggregate", "Strategy": "Plain", "Parent Relationship": "exec_init_plan", "Subplan Name": "InitPlan 1 (returns $2)", "Startup Cost": 42298.39, "Total Cost": 42298.4, "Plan Rows": 1, "Plan Width": 24, "Plans": [{"Node Type": "Nested Loop", "Parent Relationship": "Outer", "Join Type": "Inner", "Startup Cost": 96.82, "Total Cost": 41895.04, "Plan Rows": 53780, "Plan Width": 16, "Inner Unique": false, "Plans": [{"Node Type": "Nested Loop", "Parent Relationship": "Outer", "Join Type": "Inner", "Startup Cost": 95.25, "Total Cost": 2533.35, "Plan Rows": 4000, "Plan Width": 8, "Inner Unique": false, "Plans": [{"Node Type": "Seq Scan", "Parent Relationship": "Outer", "Relation Name": "nation", "Alias": "nation", "Startup Cost": 0.0, "Total Cost": 1.31, "Plan Rows": 1, "Plan Width": 4, "Filter": "(n_name = 'MOZAMBIQUE'::bpchar)"}, {"Node Type": "Bitmap Heap Scan", "Parent Relationship": "Inner", "Relation Name": "supplier", "Alias": "supplier", "Startup Cost": 95.25, "Total Cost": 2492.04, "Plan Rows": 4000, "Plan Width": 12, "Recheck Cond": "(s_nationkey = public.nation.n_nationkey)", "Plans": [{"Node Type": "Bitmap Index Scan", "Parent Relationship": "Outer", "Index Name": "idx_supplier_nation_key", "Startup Cost": 0.0, "Total Cost": 94.25, "Plan Rows": 4000, "Plan Width": 0, "Index Cond": "(s_nationkey = public.nation.n_nationkey)"}]}]}, {"Node Type": "Bitmap Heap Scan", "Parent Relationship": "Inner", "Relation Name": "partsupp", "Alias": "partsupp", "Startup Cost": 1.57, "Total Cost": 9.71, "Plan Rows": 13, "Plan Width": 24, "Recheck Cond": "(ps_suppkey = public.supplier.s_suppkey)", "Plans": [{"Node Type": "Bitmap Index Scan", "Parent Relationship": "Outer", "Index Name": "idx_partsupp_suppkey", "Startup Cost": 0.0, "Total Cost": 1.56, "Plan Rows": 13, "Plan Width": 0, "Index Cond": "(ps_suppkey = public.supplier.s_suppkey)"}]}]}]}, {"Node Type": "Aggregate", "Strategy": "Hashed", "Parent Relationship": "Outer", "Startup Cost": 42836.19, "Total Cost": 43508.44, "Plan Rows": 53780, "Plan Width": 40, "Group By Key": ["public.partsupp.ps_partkey"], "Filter": "(sum((public.partsupp.ps_supplycost * (public.partsupp.ps_availqty)::double precision)) > $2)", "Plans": [{"Node Type": "Nested Loop", "Parent Relationship": "Outer", "Join Type": "Inner", "Startup Cost": 96.82, "Total Cost": 41895.04, "Plan Rows": 53780, "Plan Width": 24, "Inner Unique": false, "Plans": [{"Node Type": "Nested Loop", "Parent Relationship": "Outer", "Join Type": "Inner", "Startup Cost": 95.25, "Total Cost": 2533.35, "Plan Rows": 4000, "Plan Width": 8, "Inner Unique": false, "Plans": [{"Node Type": "Seq Scan", "Parent Relationship": "Outer", "Relation Name": "nation", "Alias": "nation", "Startup Cost": 0.0, "Total Cost": 1.31, "Plan Rows": 1, "Plan Width": 4, "Filter": "(n_name = 'MOZAMBIQUE'::bpchar)"}, {"Node Type": "Bitmap Heap Scan", "Parent Relationship": "Inner", "Relation Name": "supplier", "Alias": "supplier", "Startup Cost": 95.25, "Total Cost": 2492.04, "Plan Rows": 4000, "Plan Width": 12, "Recheck Cond": "(s_nationkey = public.nation.n_nationkey)", "Plans": [{"Node Type": "Bitmap Index Scan", "Parent Relationship": "Outer", "Index Name": "idx_supplier_nation_key", "Startup Cost": 0.0, "Total Cost": 94.25, "Plan Rows": 4000, "Plan Width": 0, "Index Cond": "(s_nationkey = public.nation.n_nationkey)"}]}]}, {"Node Type": "Bitmap Heap Scan", "Parent Relationship": "Inner", "Relation Name": "partsupp", "Alias": "partsupp", "Startup Cost": 1.57, "Total Cost": 9.71, "Plan Rows": 13, "Plan Width": 32, "Recheck Cond": "(ps_suppkey = public.supplier.s_suppkey)", "Plans": [{"Node Type": "Bitmap Index Scan", "Parent Relationship": "Outer", "Index Name": "idx_partsupp_suppkey", "Startup Cost": 0.0, "Total Cost": 1.56, "Plan Rows": 13, "Plan Width": 0, "Index Cond": "(ps_suppkey = public.supplier.s_suppkey)"}]}]}]}]}, "Unique SQL Id": 2932834211, "Planner Runtime": 1}, "explain_analyze_plan": {"Plan": {"Node Type": "Sort", "Startup Cost": 90032.55, "Total Cost": 90167.0, "Plan Rows": 53780, "Plan Width": 40, "Actual Startup Time": 2259.599, "Actual Total Time": 2259.599, "Actual Rows": 0, "Actual Loops": 1, "Sort Key": ["(sum((public.partsupp.ps_supplycost * (public.partsupp.ps_availqty)::double precision))) DESC"], "Sort Method": "quicksort", "Sort Space Used": 25, "Sort Space Type": "Memory", "Plans": [{"Node Type": "Aggregate", "Strategy": "Plain", "Parent Relationship": "exec_init_plan", "Subplan Name": "InitPlan 1 (returns $2)", "Startup Cost": 42298.39, "Total Cost": 42298.4, "Plan Rows": 1, "Plan Width": 24, "Actual Startup Time": 1008.942, "Actual Total Time": 1008.942, "Actual Rows": 1, "Actual Loops": 1, "Plans": [{"Node Type": "Nested Loop", "Parent Relationship": "Outer", "Join Type": "Inner", "Startup Cost": 96.82, "Total Cost": 41895.04, "Plan Rows": 53780, "Plan Width": 16, "Actual Startup Time": 1.124, "Actual Total Time": 881.219, "Actual Rows": 313920, "Actual Loops": 1, "Inner Unique": false, "Plans": [{"Node Type": "Nested Loop", "Parent Relationship": "Outer", "Join Type": "Inner", "Startup Cost": 95.25, "Total Cost": 2533.35, "Plan Rows": 4000, "Plan Width": 8, "Actual Startup Time": 1.07, "Actual Total Time": 9.391, "Actual Rows": 3924, "Actual Loops": 1, "Inner Unique": false, "Plans": [{"Node Type": "Seq Scan", "Parent Relationship": "Outer", "Relation Name": "nation", "Alias": "nation", "Startup Cost": 0.0, "Total Cost": 1.31, "Plan Rows": 1, "Plan Width": 4, "Actual Startup Time": 0.042, "Actual Total Time": 0.058, "Actual Rows": 1, "Actual Loops": 1, "Filter": "(n_name = 'MOZAMBIQUE'::bpchar)", "Rows Removed by Filter": 24}, {"Node Type": "Bitmap Heap Scan", "Parent Relationship": "Inner", "Relation Name": "supplier", "Alias": "supplier", "Startup Cost": 95.25, "Total Cost": 2492.04, "Plan Rows": 4000, "Plan Width": 12, "Actual Startup Time": 1.019, "Actual Total Time": 8.327, "Actual Rows": 3924, "Actual Loops": 1, "Recheck Cond": "(s_nationkey = public.nation.n_nationkey)", "Rows Removed by Index Recheck": 0, "Exact Heap Blocks": 1895, "Lossy Heap Blocks": 1895, "Plans": [{"Node Type": "Bitmap Index Scan", "Parent Relationship": "Outer", "Index Name": "idx_supplier_nation_key", "Startup Cost": 0.0, "Total Cost": 94.25, "Plan Rows": 4000, "Plan Width": 0, "Actual Startup Time": 0.744, "Actual Total Time": 0.744, "Actual Rows": 3924, "Actual Loops": 1, "Index Cond": "(s_nationkey = public.nation.n_nationkey)"}]}]}, {"Node Type": "Bitmap Heap Scan", "Parent Relationship": "Inner", "Relation Name": "partsupp", "Alias": "partsupp", "Startup Cost": 1.57, "Total Cost": 9.71, "Plan Rows": 13, "Plan Width": 24, "Actual Startup Time": 110.886, "Actual Total Time": 803.989, "Actual Rows": 313920, "Actual Loops": 3924, "Recheck Cond": "(ps_suppkey = public.supplier.s_suppkey)", "Rows Removed by Index Recheck": 0, "Exact Heap Blocks": 313920, "Lossy Heap Blocks": 313920, "Plans": [{"Node Type": "Bitmap Index Scan", "Parent Relationship": "Outer", "Index Name": "idx_partsupp_suppkey", "Startup Cost": 0.0, "Total Cost": 1.56, "Plan Rows": 13, "Plan Width": 0, "Actual Startup Time": 71.169, "Actual Total Time": 71.169, "Actual Rows": 313920, "Actual Loops": 3924, "Index Cond": "(ps_suppkey = public.supplier.s_suppkey)"}]}]}]}, {"Node Type": "Aggregate", "Strategy": "Hashed", "Parent Relationship": "Outer", "Startup Cost": 42836.19, "Total Cost": 43508.44, "Plan Rows": 53780, "Plan Width": 40, "Actual Startup Time": 2259.097, "Actual Total Time": 2259.097, "Actual Rows": 0, "Actual Loops": 1, "Group By Key": ["public.partsupp.ps_partkey"], "Filter": "(sum((public.partsupp.ps_supplycost * (public.partsupp.ps_availqty)::double precision)) > $2)", "Rows Removed by Filter": 295792, "Plans": [{"Node Type": "Nested Loop", "Parent Relationship": "Outer", "Join Type": "Inner", "Startup Cost": 96.82, "Total Cost": 41895.04, "Plan Rows": 53780, "Plan Width": 24, "Actual Startup Time": 1.137, "Actual Total Time": 834.966, "Actual Rows": 313920, "Actual Loops": 1, "Inner Unique": false, "Plans": [{"Node Type": "Nested Loop", "Parent Relationship": "Outer", "Join Type": "Inner", "Startup Cost": 95.25, "Total Cost": 2533.35, "Plan Rows": 4000, "Plan Width": 8, "Actual Startup Time": 1.088, "Actual Total Time": 8.572, "Actual Rows": 3924, "Actual Loops": 1, "Inner Unique": false, "Plans": [{"Node Type": "Seq Scan", "Parent Relationship": "Outer", "Relation Name": "nation", "Alias": "nation", "Startup Cost": 0.0, "Total Cost": 1.31, "Plan Rows": 1, "Plan Width": 4, "Actual Startup Time": 0.03, "Actual Total Time": 0.044, "Actual Rows": 1, "Actual Loops": 1, "Filter": "(n_name = 'MOZAMBIQUE'::bpchar)", "Rows Removed by Filter": 24}, {"Node Type": "Bitmap Heap Scan", "Parent Relationship": "Inner", "Relation Name": "supplier", "Alias": "supplier", "Startup Cost": 95.25, "Total Cost": 2492.04, "Plan Rows": 4000, "Plan Width": 12, "Actual Startup Time": 1.052, "Actual Total Time": 7.612, "Actual Rows": 3924, "Actual Loops": 1, "Recheck Cond": "(s_nationkey = public.nation.n_nationkey)", "Rows Removed by Index Recheck": 0, "Exact Heap Blocks": 1895, "Lossy Heap Blocks": 1895, "Plans": [{"Node Type": "Bitmap Index Scan", "Parent Relationship": "Outer", "Index Name": "idx_supplier_nation_key", "Startup Cost": 0.0, "Total Cost": 94.25, "Plan Rows": 4000, "Plan Width": 0, "Actual Startup Time": 0.77, "Actual Total Time": 0.77, "Actual Rows": 3924, "Actual Loops": 1, "Index Cond": "(s_nationkey = public.nation.n_nationkey)"}]}]}, {"Node Type": "Bitmap Heap Scan", "Parent Relationship": "Inner", "Relation Name": "partsupp", "Alias": "partsupp", "Startup Cost": 1.57, "Total Cost": 9.71, "Plan Rows": 13, "Plan Width": 32, "Actual Startup Time": 109.514, "Actual Total Time": 752.491, "Actual Rows": 313920, "Actual Loops": 3924, "Recheck Cond": "(ps_suppkey = public.supplier.s_suppkey)", "Rows Removed by Index Recheck": 0, "Exact Heap Blocks": 313920, "Lossy Heap Blocks": 313920, "Plans": [{"Node Type": "Bitmap Index Scan", "Parent Relationship": "Outer", "Index Name": "idx_partsupp_suppkey", "Startup Cost": 0.0, "Total Cost": 1.56, "Plan Rows": 13, "Plan Width": 0, "Actual Startup Time": 70.02, "Actual Total Time": 70.02, "Actual Rows": 313920, "Actual Loops": 3924, "Index Cond": "(ps_suppkey = public.supplier.s_suppkey)"}]}]}]}]}, "Triggers": [], "Planner Runtime": 0, "Total Runtime": 2259.921, "Unique SQL Id": 2932834211}}, "(16, 71)": {"explain_plan": {"Plan": {"Node Type": "Sort", "Startup Cost": 2000084159245.82, "Total Cost": 2000084159380.27, "Plan Rows": 53780, "Plan Width": 40, "Sort Key": ["(sum((public.partsupp.ps_supplycost * (public.partsupp.ps_availqty)::double precision))) DESC"], "Plans": [{"Node Type": "Aggregate", "Strategy": "Plain", "Parent Relationship": "exec_init_plan", "Subplan Name": "InitPlan 1 (returns $2)", "Startup Cost": 1000001001502.42, "Total Cost": 1000001001502.43, "Plan Rows": 1, "Plan Width": 24, "Plans": [{"Node Type": "Nested Loop", "Parent Relationship": "Outer", "Join Type": "Inner", "Startup Cost": 10000000001.83, "Total Cost": 1000001001099.07, "Plan Rows": 53780, "Plan Width": 16, "Inner Unique": false, "Plans": [{"Node Type": "Nested Loop", "Parent Relationship": "Outer", "Join Type": "Inner", "Startup Cost": 10000000000.26, "Total Cost": 1000000961737.38, "Plan Rows": 4000, "Plan Width": 8, "Inner Unique": true, "Plans": [{"Node Type": "Index Scan", "Parent Relationship": "Outer", "Scan Direction": "Forward", "Index Name": "supplier_pkey", "Relation Name": "supplier", "Alias": "supplier", "Startup Cost": 10000000000.0, "Total Cost": 1000000533454.38, "Plan Rows": 100000, "Plan Width": 12}, {"Node Type": "Bitmap Heap Scan", "Parent Relationship": "Inner", "Relation Name": "nation", "Alias": "nation", "Startup Cost": 0.26, "Total Cost": 4.27, "Plan Rows": 1, "Plan Width": 4, "Recheck Cond": "(n_nationkey = public.supplier.s_nationkey)", "Filter": "(n_name = 'MOZAMBIQUE'::bpchar)", "Plans": [{"Node Type": "Bitmap Index Scan", "Parent Relationship": "Outer", "Index Name": "nation_pkey", "Startup Cost": 0.0, "Total Cost": 0.26, "Plan Rows": 1, "Plan Width": 0, "Index Cond": "(n_nationkey = public.supplier.s_nationkey)"}]}]}, {"Node Type": "Bitmap Heap Scan", "Parent Relationship": "Inner", "Relation Name": "partsupp", "Alias": "partsupp", "Startup Cost": 1.57, "Total Cost": 9.71, "Plan Rows": 13, "Plan Width": 24, "Recheck Cond": "(ps_suppkey = public.supplier.s_suppkey)", "Plans": [{"Node Type": "Bitmap Index Scan", "Parent Relationship": "Outer", "Index Name": "idx_partsupp_suppkey", "Startup Cost": 0.0, "Total Cost": 1.56, "Plan Rows": 13, "Plan Width": 0, "Index Cond": "(ps_suppkey = public.supplier.s_suppkey)"}]}]}]}, {"Node Type": "Aggregate", "Strategy": "Hashed", "Parent Relationship": "Outer", "Startup Cost": 1000083152845.44, "Total Cost": 1000083153517.69, "Plan Rows": 53780, "Plan Width": 40, "Group By Key": ["public.partsupp.ps_partkey"], "Filter": "(sum((public.partsupp.ps_supplycost * (public.partsupp.ps_availqty)::double precision)) > $2)", "Plans": [{"Node Type": "Nested Loop", "Parent Relationship": "Outer", "Join Type": "Inner", "Startup Cost": 10000000000.52, "Total Cost": 1000083151904.29, "Plan Rows": 53780, "Plan Width": 24, "Inner Unique": true, "Plans": [{"Node Type": "Nested Loop", "Parent Relationship": "Outer", "Join Type": "Inner", "Startup Cost": 10000000000.26, "Total Cost": 1000077393643.64, "Plan Rows": 1344499, "Plan Width": 28, "Inner Unique": true, "Plans": [{"Node Type": "Index Scan", "Parent Relationship": "Outer", "Scan Direction": "Forward", "Index Name": "idx_partsupp_partkey", "Relation Name": "partsupp", "Alias": "partsupp", "Startup Cost": 10000000000.0, "Total Cost": 1000043148503.38, "Plan Rows": 8000372, "Plan Width": 32}, {"Node Type": "Bitmap Heap Scan", "Parent Relationship": "Inner", "Relation Name": "supplier", "Alias": "supplier", "Startup Cost": 0.26, "Total Cost": 4.27, "Plan Rows": 1, "Plan Width": 12, "Recheck Cond": "(s_suppkey = public.partsupp.ps_suppkey)", "Plans": [{"Node Type": "Bitmap Index Scan", "Parent Relationship": "Outer", "Index Name": "supplier_pkey", "Startup Cost": 0.0, "Total Cost": 0.26, "Plan Rows": 1, "Plan Width": 0, "Index Cond": "(s_suppkey = public.partsupp.ps_suppkey)"}]}]}, {"Node Type": "Bitmap Heap Scan", "Parent Relationship": "Inner", "Relation Name": "nation", "Alias": "nation", "Startup Cost": 0.26, "Total Cost": 4.27, "Plan Rows": 1, "Plan Width": 4, "Recheck Cond": "(n_nationkey = public.supplier.s_nationkey)", "Filter": "(n_name = 'MOZAMBIQUE'::bpchar)", "Plans": [{"Node Type": "Bitmap Index Scan", "Parent Relationship": "Outer", "Index Name": "nation_pkey", "Startup Cost": 0.0, "Total Cost": 0.26, "Plan Rows": 1, "Plan Width": 0, "Index Cond": "(n_nationkey = public.supplier.s_nationkey)"}]}]}]}]}, "Unique SQL Id": 2932834211, "Planner Runtime": 1}, "explain_analyze_plan": null}, "(16, 72)": {"explain_plan": {"Plan": {"Node Type": "Sort", "Startup Cost": 89040.3, "Total Cost": 89174.75, "Plan Rows": 53780, "Plan Width": 40, "Sort Key": ["(sum((public.partsupp.ps_supplycost * (public.partsupp.ps_availqty)::double precision))) DESC"], "Plans": [{"Node Type": "Aggregate", "Strategy": "Plain", "Parent Relationship": "exec_init_plan", "Subplan Name": "InitPlan 1 (returns $1)", "Startup Cost": 41802.27, "Total Cost": 41802.28, "Plan Rows": 1, "Plan Width": 24, "Plans": [{"Node Type": "Nested Loop", "Parent Relationship": "Outer", "Join Type": "Inner", "Startup Cost": 1.32, "Total Cost": 41398.92, "Plan Rows": 53780, "Plan Width": 16, "Inner Unique": false, "Plans": [{"Node Type": "Hash Join", "Parent Relationship": "Outer", "Join Type": "Inner", "Startup Cost": 1.32, "Total Cost": 3574.95, "Plan Rows": 4000, "Plan Width": 8, "Inner Unique": true, "Hash Cond": "(public.supplier.s_nationkey = public.nation.n_nationkey)", "Plans": [{"Node Type": "Seq Scan", "Parent Relationship": "Outer", "Relation Name": "supplier", "Alias": "supplier", "Startup Cost": 0.0, "Total Cost": 3283.0, "Plan Rows": 100000, "Plan Width": 12}, {"Node Type": "Hash", "Parent Relationship": "Inner", "Startup Cost": 1.31, "Total Cost": 1.31, "Plan Rows": 1, "Plan Width": 4, "Plans": [{"Node Type": "Seq Scan", "Parent Relationship": "Outer", "Relation Name": "nation", "Alias": "nation", "Startup Cost": 0.0, "Total Cost": 1.31, "Plan Rows": 1, "Plan Width": 4, "Filter": "(n_name = 'MOZAMBIQUE'::bpchar)"}]}]}, {"Node Type": "Index Scan", "Parent Relationship": "Inner", "Scan Direction": "Forward", "Index Name": "idx_partsupp_suppkey", "Relation Name": "partsupp", "Alias": "partsupp", "Startup Cost": 0.0, "Total Cost": 9.33, "Plan Rows": 13, "Plan Width": 24, "Index Cond": "(ps_suppkey = public.supplier.s_suppkey)"}]}]}, {"Node Type": "Aggregate", "Strategy": "Hashed", "Parent Relationship": "Outer", "Startup Cost": 42340.07, "Total Cost": 43012.32, "Plan Rows": 53780, "Plan Width": 40, "Group By Key": ["public.partsupp.ps_partkey"], "Filter": "(sum((public.partsupp.ps_supplycost * (public.partsupp.ps_availqty)::double precision)) > $1)", "Plans": [{"Node Type": "Nested Loop", "Parent Relationship": "Outer", "Join Type": "Inner", "Startup Cost": 1.32, "Total Cost": 41398.92, "Plan Rows": 53780, "Plan Width": 24, "Inner Unique": false, "Plans": [{"Node Type": "Hash Join", "Parent Relationship": "Outer", "Join Type": "Inner", "Startup Cost": 1.32, "Total Cost": 3574.95, "Plan Rows": 4000, "Plan Width": 8, "Inner Unique": true, "Hash Cond": "(public.supplier.s_nationkey = public.nation.n_nationkey)", "Plans": [{"Node Type": "Seq Scan", "Parent Relationship": "Outer", "Relation Name": "supplier", "Alias": "supplier", "Startup Cost": 0.0, "Total Cost": 3283.0, "Plan Rows": 100000, "Plan Width": 12}, {"Node Type": "Hash", "Parent Relationship": "Inner", "Startup Cost": 1.31, "Total Cost": 1.31, "Plan Rows": 1, "Plan Width": 4, "Plans": [{"Node Type": "Seq Scan", "Parent Relationship": "Outer", "Relation Name": "nation", "Alias": "nation", "Startup Cost": 0.0, "Total Cost": 1.31, "Plan Rows": 1, "Plan Width": 4, "Filter": "(n_name = 'MOZAMBIQUE'::bpchar)"}]}]}, {"Node Type": "Index Scan", "Parent Relationship": "Inner", "Scan Direction": "Forward", "Index Name": "idx_partsupp_suppkey", "Relation Name": "partsupp", "Alias": "partsupp", "Startup Cost": 0.0, "Total Cost": 9.33, "Plan Rows": 13, "Plan Width": 32, "Index Cond": "(ps_suppkey = public.supplier.s_suppkey)"}]}]}]}, "Unique SQL Id": 2932834211, "Planner Runtime": 1}, "explain_analyze_plan": {"Plan": {"Node Type": "Sort", "Startup Cost": 89040.3, "Total Cost": 89174.75, "Plan Rows": 53780, "Plan Width": 40, "Actual Startup Time": 2218.613, "Actual Total Time": 2218.613, "Actual Rows": 0, "Actual Loops": 1, "Sort Key": ["(sum((public.partsupp.ps_supplycost * (public.partsupp.ps_availqty)::double precision))) DESC"], "Sort Method": "quicksort", "Sort Space Used": 25, "Sort Space Type": "Memory", "Plans": [{"Node Type": "Aggregate", "Strategy": "Plain", "Parent Relationship": "exec_init_plan", "Subplan Name": "InitPlan 1 (returns $1)", "Startup Cost": 41802.27, "Total Cost": 41802.28, "Plan Rows": 1, "Plan Width": 24, "Actual Startup Time": 958.478, "Actual Total Time": 958.478, "Actual Rows": 1, "Actual Loops": 1, "Plans": [{"Node Type": "Nested Loop", "Parent Relationship": "Outer", "Join Type": "Inner", "Startup Cost": 1.32, "Total Cost": 41398.92, "Plan Rows": 53780, "Plan Width": 16, "Actual Startup Time": 0.167, "Actual Total Time": 820.918, "Actual Rows": 313920, "Actual Loops": 1, "Inner Unique": false, "Plans": [{"Node Type": "Hash Join", "Parent Relationship": "Outer", "Join Type": "Inner", "Startup Cost": 1.32, "Total Cost": 3574.95, "Plan Rows": 4000, "Plan Width": 8, "Actual Startup Time": 0.139, "Actual Total Time": 52.901, "Actual Rows": 3924, "Actual Loops": 1, "Inner Unique": true, "Hash Cond": "(public.supplier.s_nationkey = public.nation.n_nationkey)", "Plans": [{"Node Type": "Seq Scan", "Parent Relationship": "Outer", "Relation Name": "supplier", "Alias": "supplier", "Startup Cost": 0.0, "Total Cost": 3283.0, "Plan Rows": 100000, "Plan Width": 12, "Actual Startup Time": 0.027, "Actual Total Time": 30.589, "Actual Rows": 100000, "Actual Loops": 1}, {"Node Type": "Hash", "Parent Relationship": "Inner", "Startup Cost": 1.31, "Total Cost": 1.31, "Plan Rows": 1, "Plan Width": 4, "Actual Startup Time": 0.041, "Actual Total Time": 0.041, "Actual Rows": 1, "Actual Loops": 1, "Hash Buckets": 32768, "Hash Batches": 1, "Original Hash Batches": 1, "Peak Memory Usage": 1, "Plans": [{"Node Type": "Seq Scan", "Parent Relationship": "Outer", "Relation Name": "nation", "Alias": "nation", "Startup Cost": 0.0, "Total Cost": 1.31, "Plan Rows": 1, "Plan Width": 4, "Actual Startup Time": 0.03, "Actual Total Time": 0.033, "Actual Rows": 1, "Actual Loops": 1, "Filter": "(n_name = 'MOZAMBIQUE'::bpchar)", "Rows Removed by Filter": 24}]}]}, {"Node Type": "Index Scan", "Parent Relationship": "Inner", "Scan Direction": "Forward", "Index Name": "idx_partsupp_suppkey", "Relation Name": "partsupp", "Alias": "partsupp", "Startup Cost": 0.0, "Total Cost": 9.33, "Plan Rows": 13, "Plan Width": 24, "Actual Startup Time": 52.489, "Actual Total Time": 700.539, "Actual Rows": 313920, "Actual Loops": 3924, "Index Cond": "(ps_suppkey = public.supplier.s_suppkey)", "Rows Removed by Index Recheck": 0}]}]}, {"Node Type": "Aggregate", "Strategy": "Hashed", "Parent Relationship": "Outer", "Startup Cost": 42340.07, "Total Cost": 43012.32, "Plan Rows": 53780, "Plan Width": 40, "Actual Startup Time": 2218.071, "Actual Total Time": 2218.071, "Actual Rows": 0, "Actual Loops": 1, "Group By Key": ["public.partsupp.ps_partkey"], "Filter": "(sum((public.partsupp.ps_supplycost * (public.partsupp.ps_availqty)::double precision)) > $1)", "Rows Removed by Filter": 295792, "Plans": [{"Node Type": "Nested Loop", "Parent Relationship": "Outer", "Join Type": "Inner", "Startup Cost": 1.32, "Total Cost": 41398.92, "Plan Rows": 53780, "Plan Width": 24, "Actual Startup Time": 0.114, "Actual Total Time": 847.003, "Actual Rows": 313920, "Actual Loops": 1, "Inner Unique": false, "Plans": [{"Node Type": "Hash Join", "Parent Relationship": "Outer", "Join Type": "Inner", "Startup Cost": 1.32, "Total Cost": 3574.95, "Plan Rows": 4000, "Plan Width": 8, "Actual Startup Time": 0.089, "Actual Total Time": 54.895, "Actual Rows": 3924, "Actual Loops": 1, "Inner Unique": true, "Hash Cond": "(public.supplier.s_nationkey = public.nation.n_nationkey)", "Plans": [{"Node Type": "Seq Scan", "Parent Relationship": "Outer", "Relation Name": "supplier", "Alias": "supplier", "Startup Cost": 0.0, "Total Cost": 3283.0, "Plan Rows": 100000, "Plan Width": 12, "Actual Startup Time": 0.016, "Actual Total Time": 31.431, "Actual Rows": 100000, "Actual Loops": 1}, {"Node Type": "Hash", "Parent Relationship": "Inner", "Startup Cost": 1.31, "Total Cost": 1.31, "Plan Rows": 1, "Plan Width": 4, "Actual Startup Time": 0.027, "Actual Total Time": 0.027, "Actual Rows": 1, "Actual Loops": 1, "Hash Buckets": 32768, "Hash Batches": 1, "Original Hash Batches": 1, "Peak Memory Usage": 1, "Plans": [{"Node Type": "Seq Scan", "Parent Relationship": "Outer", "Relation Name": "nation", "Alias": "nation", "Startup Cost": 0.0, "Total Cost": 1.31, "Plan Rows": 1, "Plan Width": 4, "Actual Startup Time": 0.019, "Actual Total Time": 0.023, "Actual Rows": 1, "Actual Loops": 1, "Filter": "(n_name = 'MOZAMBIQUE'::bpchar)", "Rows Removed by Filter": 24}]}]}, {"Node Type": "Index Scan", "Parent Relationship": "Inner", "Scan Direction": "Forward", "Index Name": "idx_partsupp_suppkey", "Relation Name": "partsupp", "Alias": "partsupp", "Startup Cost": 0.0, "Total Cost": 9.33, "Plan Rows": 13, "Plan Width": 32, "Actual Startup Time": 54.864, "Actual Total Time": 720.004, "Actual Rows": 313920, "Actual Loops": 3924, "Index Cond": "(ps_suppkey = public.supplier.s_suppkey)", "Rows Removed by Index Recheck": 0}]}]}]}, "Triggers": [], "Planner Runtime": 1, "Total Runtime": 2218.902, "Unique SQL Id": 2932834211}}, "(16, 73)": {"explain_plan": {"Plan": {"Node Type": "Sort", "Startup Cost": 93166.14, "Total Cost": 93300.59, "Plan Rows": 53780, "Plan Width": 40, "Sort Key": ["(sum((public.partsupp.ps_supplycost * (public.partsupp.ps_availqty)::double precision))) DESC"], "Plans": [{"Node Type": "Aggregate", "Strategy": "Plain", "Parent Relationship": "exec_init_plan", "Subplan Name": "InitPlan 1 (returns $1)", "Startup Cost": 43865.19, "Total Cost": 43865.2, "Plan Rows": 1, "Plan Width": 24, "Plans": [{"Node Type": "Nested Loop", "Parent Relationship": "Outer", "Join Type": "Inner", "Startup Cost": 12.7, "Total Cost": 43461.84, "Plan Rows": 53780, "Plan Width": 16, "Inner Unique": false, "Plans": [{"Node Type": "Hash Join", "Parent Relationship": "Outer", "Join Type": "Inner", "Startup Cost": 12.7, "Total Cost": 5637.87, "Plan Rows": 4000, "Plan Width": 8, "Inner Unique": true, "Hash Cond": "(public.supplier.s_nationkey = public.nation.n_nationkey)", "Plans": [{"Node Type": "Index Scan", "Parent Relationship": "Outer", "Scan Direction": "Forward", "Index Name": "supplier_pkey", "Relation Name": "supplier", "Alias": "supplier", "Startup Cost": 0.0, "Total Cost": 5334.54, "Plan Rows": 100000, "Plan Width": 12}, {"Node Type": "Hash", "Parent Relationship": "Inner", "Startup Cost": 12.69, "Total Cost": 12.69, "Plan Rows": 1, "Plan Width": 4, "Plans": [{"Node Type": "Index Scan", "Parent Relationship": "Outer", "Scan Direction": "Forward", "Index Name": "nation_pkey", "Relation Name": "nation", "Alias": "nation", "Startup Cost": 0.0, "Total Cost": 12.69, "Plan Rows": 1, "Plan Width": 4, "Filter": "(n_name = 'MOZAMBIQUE'::bpchar)"}]}]}, {"Node Type": "Index Scan", "Parent Relationship": "Inner", "Scan Direction": "Forward", "Index Name": "idx_partsupp_suppkey", "Relation Name": "partsupp", "Alias": "partsupp", "Startup Cost": 0.0, "Total Cost": 9.33, "Plan Rows": 13, "Plan Width": 24, "Index Cond": "(ps_suppkey = public.supplier.s_suppkey)"}]}]}, {"Node Type": "Aggregate", "Strategy": "Hashed", "Parent Relationship": "Outer", "Startup Cost": 44402.99, "Total Cost": 45075.24, "Plan Rows": 53780, "Plan Width": 40, "Group By Key": ["public.partsupp.ps_partkey"], "Filter": "(sum((public.partsupp.ps_supplycost * (public.partsupp.ps_availqty)::double precision)) > $1)", "Plans": [{"Node Type": "Nested Loop", "Parent Relationship": "Outer", "Join Type": "Inner", "Startup Cost": 12.7, "Total Cost": 43461.84, "Plan Rows": 53780, "Plan Width": 24, "Inner Unique": false, "Plans": [{"Node Type": "Hash Join", "Parent Relationship": "Outer", "Join Type": "Inner", "Startup Cost": 12.7, "Total Cost": 5637.87, "Plan Rows": 4000, "Plan Width": 8, "Inner Unique": true, "Hash Cond": "(public.supplier.s_nationkey = public.nation.n_nationkey)", "Plans": [{"Node Type": "Index Scan", "Parent Relationship": "Outer", "Scan Direction": "Forward", "Index Name": "supplier_pkey", "Relation Name": "supplier", "Alias": "supplier", "Startup Cost": 0.0, "Total Cost": 5334.54, "Plan Rows": 100000, "Plan Width": 12}, {"Node Type": "Hash", "Parent Relationship": "Inner", "Startup Cost": 12.69, "Total Cost": 12.69, "Plan Rows": 1, "Plan Width": 4, "Plans": [{"Node Type": "Index Scan", "Parent Relationship": "Outer", "Scan Direction": "Forward", "Index Name": "nation_pkey", "Relation Name": "nation", "Alias": "nation", "Startup Cost": 0.0, "Total Cost": 12.69, "Plan Rows": 1, "Plan Width": 4, "Filter": "(n_name = 'MOZAMBIQUE'::bpchar)"}]}]}, {"Node Type": "Index Scan", "Parent Relationship": "Inner", "Scan Direction": "Forward", "Index Name": "idx_partsupp_suppkey", "Relation Name": "partsupp", "Alias": "partsupp", "Startup Cost": 0.0, "Total Cost": 9.33, "Plan Rows": 13, "Plan Width": 32, "Index Cond": "(ps_suppkey = public.supplier.s_suppkey)"}]}]}]}, "Unique SQL Id": 2932834211, "Planner Runtime": 1}, "explain_analyze_plan": {"Plan": {"Node Type": "Sort", "Startup Cost": 93166.14, "Total Cost": 93300.59, "Plan Rows": 53780, "Plan Width": 40, "Actual Startup Time": 2247.026, "Actual Total Time": 2247.026, "Actual Rows": 0, "Actual Loops": 1, "Sort Key": ["(sum((public.partsupp.ps_supplycost * (public.partsupp.ps_availqty)::double precision))) DESC"], "Sort Method": "quicksort", "Sort Space Used": 25, "Sort Space Type": "Memory", "Plans": [{"Node Type": "Aggregate", "Strategy": "Plain", "Parent Relationship": "exec_init_plan", "Subplan Name": "InitPlan 1 (returns $1)", "Startup Cost": 43865.19, "Total Cost": 43865.2, "Plan Rows": 1, "Plan Width": 24, "Actual Startup Time": 978.111, "Actual Total Time": 978.112, "Actual Rows": 1, "Actual Loops": 1, "Plans": [{"Node Type": "Nested Loop", "Parent Relationship": "Outer", "Join Type": "Inner", "Startup Cost": 12.7, "Total Cost": 43461.84, "Plan Rows": 53780, "Plan Width": 16, "Actual Startup Time": 0.181, "Actual Total Time": 843.297, "Actual Rows": 313920, "Actual Loops": 1, "Inner Unique": false, "Plans": [{"Node Type": "Hash Join", "Parent Relationship": "Outer", "Join Type": "Inner", "Startup Cost": 12.7, "Total Cost": 5637.87, "Plan Rows": 4000, "Plan Width": 8, "Actual Startup Time": 0.159, "Actual Total Time": 89.116, "Actual Rows": 3924, "Actual Loops": 1, "Inner Unique": true, "Hash Cond": "(public.supplier.s_nationkey = public.nation.n_nationkey)", "Plans": [{"Node Type": "Index Scan", "Parent Relationship": "Outer", "Scan Direction": "Forward", "Index Name": "supplier_pkey", "Relation Name": "supplier", "Alias": "supplier", "Startup Cost": 0.0, "Total Cost": 5334.54, "Plan Rows": 100000, "Plan Width": 12, "Actual Startup Time": 0.033, "Actual Total Time": 68.123, "Actual Rows": 100000, "Actual Loops": 1}, {"Node Type": "Hash", "Parent Relationship": "Inner", "Startup Cost": 12.69, "Total Cost": 12.69, "Plan Rows": 1, "Plan Width": 4, "Actual Startup Time": 0.051, "Actual Total Time": 0.051, "Actual Rows": 1, "Actual Loops": 1, "Hash Buckets": 32768, "Hash Batches": 1, "Original Hash Batches": 1, "Peak Memory Usage": 1, "Plans": [{"Node Type": "Index Scan", "Parent Relationship": "Outer", "Scan Direction": "Forward", "Index Name": "nation_pkey", "Relation Name": "nation", "Alias": "nation", "Startup Cost": 0.0, "Total Cost": 12.69, "Plan Rows": 1, "Plan Width": 4, "Actual Startup Time": 0.034, "Actual Total Time": 0.042, "Actual Rows": 1, "Actual Loops": 1, "Filter": "(n_name = 'MOZAMBIQUE'::bpchar)", "Rows Removed by Filter": 24}]}]}, {"Node Type": "Index Scan", "Parent Relationship": "Inner", "Scan Direction": "Forward", "Index Name": "idx_partsupp_suppkey", "Relation Name": "partsupp", "Alias": "partsupp", "Startup Cost": 0.0, "Total Cost": 9.33, "Plan Rows": 13, "Plan Width": 24, "Actual Startup Time": 54.712, "Actual Total Time": 687.849, "Actual Rows": 313920, "Actual Loops": 3924, "Index Cond": "(ps_suppkey = public.supplier.s_suppkey)", "Rows Removed by Index Recheck": 0}]}]}, {"Node Type": "Aggregate", "Strategy": "Hashed", "Parent Relationship": "Outer", "Startup Cost": 44402.99, "Total Cost": 45075.24, "Plan Rows": 53780, "Plan Width": 40, "Actual Startup Time": 2246.631, "Actual Total Time": 2246.631, "Actual Rows": 0, "Actual Loops": 1, "Group By Key": ["public.partsupp.ps_partkey"], "Filter": "(sum((public.partsupp.ps_supplycost * (public.partsupp.ps_availqty)::double precision)) > $1)", "Rows Removed by Filter": 295792, "Plans": [{"Node Type": "Nested Loop", "Parent Relationship": "Outer", "Join Type": "Inner", "Startup Cost": 12.7, "Total Cost": 43461.84, "Plan Rows": 53780, "Plan Width": 24, "Actual Startup Time": 0.126, "Actual Total Time": 860.858, "Actual Rows": 313920, "Actual Loops": 1, "Inner Unique": false, "Plans": [{"Node Type": "Hash Join", "Parent Relationship": "Outer", "Join Type": "Inner", "Startup Cost": 12.7, "Total Cost": 5637.87, "Plan Rows": 4000, "Plan Width": 8, "Actual Startup Time": 0.104, "Actual Total Time": 85.54, "Actual Rows": 3924, "Actual Loops": 1, "Inner Unique": true, "Hash Cond": "(public.supplier.s_nationkey = public.nation.n_nationkey)", "Plans": [{"Node Type": "Index Scan", "Parent Relationship": "Outer", "Scan Direction": "Forward", "Index Name": "supplier_pkey", "Relation Name": "supplier", "Alias": "supplier", "Startup Cost": 0.0, "Total Cost": 5334.54, "Plan Rows": 100000, "Plan Width": 12, "Actual Startup Time": 0.022, "Actual Total Time": 64.371, "Actual Rows": 100000, "Actual Loops": 1}, {"Node Type": "Hash", "Parent Relationship": "Inner", "Startup Cost": 12.69, "Total Cost": 12.69, "Plan Rows": 1, "Plan Width": 4, "Actual Startup Time": 0.029, "Actual Total Time": 0.029, "Actual Rows": 1, "Actual Loops": 1, "Hash Buckets": 32768, "Hash Batches": 1, "Original Hash Batches": 1, "Peak Memory Usage": 1, "Plans": [{"Node Type": "Index Scan", "Parent Relationship": "Outer", "Scan Direction": "Forward", "Index Name": "nation_pkey", "Relation Name": "nation", "Alias": "nation", "Startup Cost": 0.0, "Total Cost": 12.69, "Plan Rows": 1, "Plan Width": 4, "Actual Startup Time": 0.019, "Actual Total Time": 0.024, "Actual Rows": 1, "Actual Loops": 1, "Filter": "(n_name = 'MOZAMBIQUE'::bpchar)", "Rows Removed by Filter": 24}]}]}, {"Node Type": "Index Scan", "Parent Relationship": "Inner", "Scan Direction": "Forward", "Index Name": "idx_partsupp_suppkey", "Relation Name": "partsupp", "Alias": "partsupp", "Startup Cost": 0.0, "Total Cost": 9.33, "Plan Rows": 13, "Plan Width": 32, "Actual Startup Time": 51.789, "Actual Total Time": 704.818, "Actual Rows": 313920, "Actual Loops": 3924, "Index Cond": "(ps_suppkey = public.supplier.s_suppkey)", "Rows Removed by Index Recheck": 0}]}]}]}, "Triggers": [], "Planner Runtime": 0, "Total Runtime": 2247.303, "Unique SQL Id": 2932834211}}, "(16, 74)": {"explain_plan": {"Plan": {"Node Type": "Sort", "Startup Cost": 614546.2, "Total Cost": 614680.65, "Plan Rows": 53780, "Plan Width": 40, "Sort Key": ["(sum((public.partsupp.ps_supplycost * (public.partsupp.ps_availqty)::double precision))) DESC"], "Plans": [{"Node Type": "Aggregate", "Strategy": "Plain", "Parent Relationship": "exec_init_plan", "Subplan Name": "InitPlan 1 (returns $0)", "Startup Cost": 304555.21, "Total Cost": 304555.23, "Plan Rows": 1, "Plan Width": 24, "Plans": [{"Node Type": "Hash Join", "Parent Relationship": "Outer", "Join Type": "Inner", "Startup Cost": 3624.95, "Total Cost": 304151.86, "Plan Rows": 53780, "Plan Width": 16, "Inner Unique": false, "Hash Cond": "(public.partsupp.ps_suppkey = public.supplier.s_suppkey)", "Plans": [{"Node Type": "Seq Scan", "Parent Relationship": "Outer", "Relation Name": "partsupp", "Alias": "partsupp", "Startup Cost": 0.0, "Total Cost": 269987.72, "Plan Rows": 8000372, "Plan Width": 24}, {"Node Type": "Hash", "Parent Relationship": "Inner", "Startup Cost": 3574.95, "Total Cost": 3574.95, "Plan Rows": 4000, "Plan Width": 8, "Plans": [{"Node Type": "Hash Join", "Parent Relationship": "Outer", "Join Type": "Inner", "Startup Cost": 1.32, "Total Cost": 3574.95, "Plan Rows": 4000, "Plan Width": 8, "Inner Unique": true, "Hash Cond": "(public.supplier.s_nationkey = public.nation.n_nationkey)", "Plans": [{"Node Type": "Seq Scan", "Parent Relationship": "Outer", "Relation Name": "supplier", "Alias": "supplier", "Startup Cost": 0.0, "Total Cost": 3283.0, "Plan Rows": 100000, "Plan Width": 12}, {"Node Type": "Hash", "Parent Relationship": "Inner", "Startup Cost": 1.31, "Total Cost": 1.31, "Plan Rows": 1, "Plan Width": 4, "Plans": [{"Node Type": "Seq Scan", "Parent Relationship": "Outer", "Relation Name": "nation", "Alias": "nation", "Startup Cost": 0.0, "Total Cost": 1.31, "Plan Rows": 1, "Plan Width": 4, "Filter": "(n_name = 'MOZAMBIQUE'::bpchar)"}]}]}]}]}]}, {"Node Type": "Aggregate", "Strategy": "Hashed", "Parent Relationship": "Outer", "Startup Cost": 305093.02, "Total Cost": 305765.27, "Plan Rows": 53780, "Plan Width": 40, "Group By Key": ["public.partsupp.ps_partkey"], "Filter": "(sum((public.partsupp.ps_supplycost * (public.partsupp.ps_availqty)::double precision)) > $0)", "Plans": [{"Node Type": "Hash Join", "Parent Relationship": "Outer", "Join Type": "Inner", "Startup Cost": 3624.95, "Total Cost": 304151.86, "Plan Rows": 53780, "Plan Width": 24, "Inner Unique": false, "Hash Cond": "(public.partsupp.ps_suppkey = public.supplier.s_suppkey)", "Plans": [{"Node Type": "Seq Scan", "Parent Relationship": "Outer", "Relation Name": "partsupp", "Alias": "partsupp", "Startup Cost": 0.0, "Total Cost": 269987.72, "Plan Rows": 8000372, "Plan Width": 32}, {"Node Type": "Hash", "Parent Relationship": "Inner", "Startup Cost": 3574.95, "Total Cost": 3574.95, "Plan Rows": 4000, "Plan Width": 8, "Plans": [{"Node Type": "Hash Join", "Parent Relationship": "Outer", "Join Type": "Inner", "Startup Cost": 1.32, "Total Cost": 3574.95, "Plan Rows": 4000, "Plan Width": 8, "Inner Unique": true, "Hash Cond": "(public.supplier.s_nationkey = public.nation.n_nationkey)", "Plans": [{"Node Type": "Seq Scan", "Parent Relationship": "Outer", "Relation Name": "supplier", "Alias": "supplier", "Startup Cost": 0.0, "Total Cost": 3283.0, "Plan Rows": 100000, "Plan Width": 12}, {"Node Type": "Hash", "Parent Relationship": "Inner", "Startup Cost": 1.31, "Total Cost": 1.31, "Plan Rows": 1, "Plan Width": 4, "Plans": [{"Node Type": "Seq Scan", "Parent Relationship": "Outer", "Relation Name": "nation", "Alias": "nation", "Startup Cost": 0.0, "Total Cost": 1.31, "Plan Rows": 1, "Plan Width": 4, "Filter": "(n_name = 'MOZAMBIQUE'::bpchar)"}]}]}]}]}]}]}, "Unique SQL Id": 2932834211, "Planner Runtime": 1}, "explain_analyze_plan": null}, "(16, 75)": {"explain_plan": {"Plan": {"Node Type": "Sort", "Startup Cost": 6000102466442.74, "Total Cost": 6000102466577.19, "Plan Rows": 53780, "Plan Width": 40, "Sort Key": ["(sum((public.partsupp.ps_supplycost * (public.partsupp.ps_availqty)::double precision))) DESC"], "Plans": [{"Node Type": "Aggregate", "Strategy": "Plain", "Parent Relationship": "exec_init_plan", "Subplan Name": "InitPlan 1 (returns $0)", "Startup Cost": 3000051230503.49, "Total Cost": 3000051230503.5, "Plan Rows": 1, "Plan Width": 24, "Plans": [{"Node Type": "Hash Join", "Parent Relationship": "Outer", "Join Type": "Inner", "Startup Cost": 1020010396837.26, "Total Cost": 3000051230100.14, "Plan Rows": 53780, "Plan Width": 16, "Inner Unique": true, "Hash Cond": "(public.supplier.s_nationkey = public.nation.n_nationkey)", "Plans": [{"Node Type": "Merge Join", "Parent Relationship": "Outer", "Join Type": "Inner", "Startup Cost": 20010395568.5, "Total Cost": 2000051224923.92, "Plan Rows": 1344499, "Plan Width": 20, "Inner Unique": false, "Merge Cond": "(public.supplier.s_suppkey = public.partsupp.ps_suppkey)", "Plans": [{"Node Type": "Index Scan", "Parent Relationship": "Outer", "Scan Direction": "Forward", "Index Name": "supplier_pkey", "Relation Name": "supplier", "Alias": "supplier", "Startup Cost": 10000000000.0, "Total Cost": 1000000533454.38, "Plan Rows": 100000, "Plan Width": 12}, {"Node Type": "Index Scan", "Parent Relationship": "Inner", "Scan Direction": "Forward", "Index Name": "idx_partsupp_suppkey", "Relation Name": "partsupp", "Alias": "partsupp", "Startup Cost": 10000000000.0, "Total Cost": 1000100160480.77, "Plan Rows": 8000372, "Plan Width": 24}]}, {"Node Type": "Hash", "Parent Relationship": "Inner", "Startup Cost": 1000000001268.75, "Total Cost": 1000000001268.75, "Plan Rows": 1, "Plan Width": 4, "Plans": [{"Node Type": "Index Scan", "Parent Relationship": "Outer", "Scan Direction": "Forward", "Index Name": "nation_pkey", "Relation Name": "nation", "Alias": "nation", "Startup Cost": 10000000000.0, "Total Cost": 1000000001268.75, "Plan Rows": 1, "Plan Width": 4, "Filter": "(n_name = 'MOZAMBIQUE'::bpchar)"}]}]}]}, {"Node Type": "Aggregate", "Strategy": "Hashed", "Parent Relationship": "Outer", "Startup Cost": 3000051231041.29, "Total Cost": 3000051231713.54, "Plan Rows": 53780, "Plan Width": 40, "Group By Key": ["public.partsupp.ps_partkey"], "Filter": "(sum((public.partsupp.ps_supplycost * (public.partsupp.ps_availqty)::double precision)) > $0)", "Plans": [{"Node Type": "Hash Join", "Parent Relationship": "Outer", "Join Type": "Inner", "Startup Cost": 1020010396837.26, "Total Cost": 3000051230100.14, "Plan Rows": 53780, "Plan Width": 24, "Inner Unique": true, "Hash Cond": "(public.supplier.s_nationkey = public.nation.n_nationkey)", "Plans": [{"Node Type": "Merge Join", "Parent Relationship": "Outer", "Join Type": "Inner", "Startup Cost": 20010395568.5, "Total Cost": 2000051224923.92, "Plan Rows": 1344499, "Plan Width": 28, "Inner Unique": false, "Merge Cond": "(public.supplier.s_suppkey = public.partsupp.ps_suppkey)", "Plans": [{"Node Type": "Index Scan", "Parent Relationship": "Outer", "Scan Direction": "Forward", "Index Name": "supplier_pkey", "Relation Name": "supplier", "Alias": "supplier", "Startup Cost": 10000000000.0, "Total Cost": 1000000533454.38, "Plan Rows": 100000, "Plan Width": 12}, {"Node Type": "Index Scan", "Parent Relationship": "Inner", "Scan Direction": "Forward", "Index Name": "idx_partsupp_suppkey", "Relation Name": "partsupp", "Alias": "partsupp", "Startup Cost": 10000000000.0, "Total Cost": 1000100160480.77, "Plan Rows": 8000372, "Plan Width": 32}]}, {"Node Type": "Hash", "Parent Relationship": "Inner", "Startup Cost": 1000000001268.75, "Total Cost": 1000000001268.75, "Plan Rows": 1, "Plan Width": 4, "Plans": [{"Node Type": "Index Scan", "Parent Relationship": "Outer", "Scan Direction": "Forward", "Index Name": "nation_pkey", "Relation Name": "nation", "Alias": "nation", "Startup Cost": 10000000000.0, "Total Cost": 1000000001268.75, "Plan Rows": 1, "Plan Width": 4, "Filter": "(n_name = 'MOZAMBIQUE'::bpchar)"}]}]}]}]}, "Unique SQL Id": 2932834211, "Planner Runtime": 1}, "explain_analyze_plan": null}, "(16, 76)": {"explain_plan": {"Plan": {"Node Type": "Sort", "Startup Cost": 89040.3, "Total Cost": 89174.75, "Plan Rows": 53780, "Plan Width": 40, "Sort Key": ["(sum((public.partsupp.ps_supplycost * (public.partsupp.ps_availqty)::double precision))) DESC"], "Plans": [{"Node Type": "Aggregate", "Strategy": "Plain", "Parent Relationship": "exec_init_plan", "Subplan Name": "InitPlan 1 (returns $1)", "Startup Cost": 41802.27, "Total Cost": 41802.28, "Plan Rows": 1, "Plan Width": 24, "Plans": [{"Node Type": "Nested Loop", "Parent Relationship": "Outer", "Join Type": "Inner", "Startup Cost": 1.32, "Total Cost": 41398.92, "Plan Rows": 53780, "Plan Width": 16, "Inner Unique": false, "Plans": [{"Node Type": "Hash Join", "Parent Relationship": "Outer", "Join Type": "Inner", "Startup Cost": 1.32, "Total Cost": 3574.95, "Plan Rows": 4000, "Plan Width": 8, "Inner Unique": true, "Hash Cond": "(public.supplier.s_nationkey = public.nation.n_nationkey)", "Plans": [{"Node Type": "Seq Scan", "Parent Relationship": "Outer", "Relation Name": "supplier", "Alias": "supplier", "Startup Cost": 0.0, "Total Cost": 3283.0, "Plan Rows": 100000, "Plan Width": 12}, {"Node Type": "Hash", "Parent Relationship": "Inner", "Startup Cost": 1.31, "Total Cost": 1.31, "Plan Rows": 1, "Plan Width": 4, "Plans": [{"Node Type": "Seq Scan", "Parent Relationship": "Outer", "Relation Name": "nation", "Alias": "nation", "Startup Cost": 0.0, "Total Cost": 1.31, "Plan Rows": 1, "Plan Width": 4, "Filter": "(n_name = 'MOZAMBIQUE'::bpchar)"}]}]}, {"Node Type": "Index Scan", "Parent Relationship": "Inner", "Scan Direction": "Forward", "Index Name": "idx_partsupp_suppkey", "Relation Name": "partsupp", "Alias": "partsupp", "Startup Cost": 0.0, "Total Cost": 9.33, "Plan Rows": 13, "Plan Width": 24, "Index Cond": "(ps_suppkey = public.supplier.s_suppkey)"}]}]}, {"Node Type": "Aggregate", "Strategy": "Hashed", "Parent Relationship": "Outer", "Startup Cost": 42340.07, "Total Cost": 43012.32, "Plan Rows": 53780, "Plan Width": 40, "Group By Key": ["public.partsupp.ps_partkey"], "Filter": "(sum((public.partsupp.ps_supplycost * (public.partsupp.ps_availqty)::double precision)) > $1)", "Plans": [{"Node Type": "Nested Loop", "Parent Relationship": "Outer", "Join Type": "Inner", "Startup Cost": 1.32, "Total Cost": 41398.92, "Plan Rows": 53780, "Plan Width": 24, "Inner Unique": false, "Plans": [{"Node Type": "Hash Join", "Parent Relationship": "Outer", "Join Type": "Inner", "Startup Cost": 1.32, "Total Cost": 3574.95, "Plan Rows": 4000, "Plan Width": 8, "Inner Unique": true, "Hash Cond": "(public.supplier.s_nationkey = public.nation.n_nationkey)", "Plans": [{"Node Type": "Seq Scan", "Parent Relationship": "Outer", "Relation Name": "supplier", "Alias": "supplier", "Startup Cost": 0.0, "Total Cost": 3283.0, "Plan Rows": 100000, "Plan Width": 12}, {"Node Type": "Hash", "Parent Relationship": "Inner", "Startup Cost": 1.31, "Total Cost": 1.31, "Plan Rows": 1, "Plan Width": 4, "Plans": [{"Node Type": "Seq Scan", "Parent Relationship": "Outer", "Relation Name": "nation", "Alias": "nation", "Startup Cost": 0.0, "Total Cost": 1.31, "Plan Rows": 1, "Plan Width": 4, "Filter": "(n_name = 'MOZAMBIQUE'::bpchar)"}]}]}, {"Node Type": "Index Scan", "Parent Relationship": "Inner", "Scan Direction": "Forward", "Index Name": "idx_partsupp_suppkey", "Relation Name": "partsupp", "Alias": "partsupp", "Startup Cost": 0.0, "Total Cost": 9.33, "Plan Rows": 13, "Plan Width": 32, "Index Cond": "(ps_suppkey = public.supplier.s_suppkey)"}]}]}]}, "Unique SQL Id": 2932834211, "Planner Runtime": 2}, "explain_analyze_plan": {"Plan": {"Node Type": "Sort", "Startup Cost": 89040.3, "Total Cost": 89174.75, "Plan Rows": 53780, "Plan Width": 40, "Actual Startup Time": 2218.613, "Actual Total Time": 2218.613, "Actual Rows": 0, "Actual Loops": 1, "Sort Key": ["(sum((public.partsupp.ps_supplycost * (public.partsupp.ps_availqty)::double precision))) DESC"], "Sort Method": "quicksort", "Sort Space Used": 25, "Sort Space Type": "Memory", "Plans": [{"Node Type": "Aggregate", "Strategy": "Plain", "Parent Relationship": "exec_init_plan", "Subplan Name": "InitPlan 1 (returns $1)", "Startup Cost": 41802.27, "Total Cost": 41802.28, "Plan Rows": 1, "Plan Width": 24, "Actual Startup Time": 958.478, "Actual Total Time": 958.478, "Actual Rows": 1, "Actual Loops": 1, "Plans": [{"Node Type": "Nested Loop", "Parent Relationship": "Outer", "Join Type": "Inner", "Startup Cost": 1.32, "Total Cost": 41398.92, "Plan Rows": 53780, "Plan Width": 16, "Actual Startup Time": 0.167, "Actual Total Time": 820.918, "Actual Rows": 313920, "Actual Loops": 1, "Inner Unique": false, "Plans": [{"Node Type": "Hash Join", "Parent Relationship": "Outer", "Join Type": "Inner", "Startup Cost": 1.32, "Total Cost": 3574.95, "Plan Rows": 4000, "Plan Width": 8, "Actual Startup Time": 0.139, "Actual Total Time": 52.901, "Actual Rows": 3924, "Actual Loops": 1, "Inner Unique": true, "Hash Cond": "(public.supplier.s_nationkey = public.nation.n_nationkey)", "Plans": [{"Node Type": "Seq Scan", "Parent Relationship": "Outer", "Relation Name": "supplier", "Alias": "supplier", "Startup Cost": 0.0, "Total Cost": 3283.0, "Plan Rows": 100000, "Plan Width": 12, "Actual Startup Time": 0.027, "Actual Total Time": 30.589, "Actual Rows": 100000, "Actual Loops": 1}, {"Node Type": "Hash", "Parent Relationship": "Inner", "Startup Cost": 1.31, "Total Cost": 1.31, "Plan Rows": 1, "Plan Width": 4, "Actual Startup Time": 0.041, "Actual Total Time": 0.041, "Actual Rows": 1, "Actual Loops": 1, "Hash Buckets": 32768, "Hash Batches": 1, "Original Hash Batches": 1, "Peak Memory Usage": 1, "Plans": [{"Node Type": "Seq Scan", "Parent Relationship": "Outer", "Relation Name": "nation", "Alias": "nation", "Startup Cost": 0.0, "Total Cost": 1.31, "Plan Rows": 1, "Plan Width": 4, "Actual Startup Time": 0.03, "Actual Total Time": 0.033, "Actual Rows": 1, "Actual Loops": 1, "Filter": "(n_name = 'MOZAMBIQUE'::bpchar)", "Rows Removed by Filter": 24}]}]}, {"Node Type": "Index Scan", "Parent Relationship": "Inner", "Scan Direction": "Forward", "Index Name": "idx_partsupp_suppkey", "Relation Name": "partsupp", "Alias": "partsupp", "Startup Cost": 0.0, "Total Cost": 9.33, "Plan Rows": 13, "Plan Width": 24, "Actual Startup Time": 52.489, "Actual Total Time": 700.539, "Actual Rows": 313920, "Actual Loops": 3924, "Index Cond": "(ps_suppkey = public.supplier.s_suppkey)", "Rows Removed by Index Recheck": 0}]}]}, {"Node Type": "Aggregate", "Strategy": "Hashed", "Parent Relationship": "Outer", "Startup Cost": 42340.07, "Total Cost": 43012.32, "Plan Rows": 53780, "Plan Width": 40, "Actual Startup Time": 2218.071, "Actual Total Time": 2218.071, "Actual Rows": 0, "Actual Loops": 1, "Group By Key": ["public.partsupp.ps_partkey"], "Filter": "(sum((public.partsupp.ps_supplycost * (public.partsupp.ps_availqty)::double precision)) > $1)", "Rows Removed by Filter": 295792, "Plans": [{"Node Type": "Nested Loop", "Parent Relationship": "Outer", "Join Type": "Inner", "Startup Cost": 1.32, "Total Cost": 41398.92, "Plan Rows": 53780, "Plan Width": 24, "Actual Startup Time": 0.114, "Actual Total Time": 847.003, "Actual Rows": 313920, "Actual Loops": 1, "Inner Unique": false, "Plans": [{"Node Type": "Hash Join", "Parent Relationship": "Outer", "Join Type": "Inner", "Startup Cost": 1.32, "Total Cost": 3574.95, "Plan Rows": 4000, "Plan Width": 8, "Actual Startup Time": 0.089, "Actual Total Time": 54.895, "Actual Rows": 3924, "Actual Loops": 1, "Inner Unique": true, "Hash Cond": "(public.supplier.s_nationkey = public.nation.n_nationkey)", "Plans": [{"Node Type": "Seq Scan", "Parent Relationship": "Outer", "Relation Name": "supplier", "Alias": "supplier", "Startup Cost": 0.0, "Total Cost": 3283.0, "Plan Rows": 100000, "Plan Width": 12, "Actual Startup Time": 0.016, "Actual Total Time": 31.431, "Actual Rows": 100000, "Actual Loops": 1}, {"Node Type": "Hash", "Parent Relationship": "Inner", "Startup Cost": 1.31, "Total Cost": 1.31, "Plan Rows": 1, "Plan Width": 4, "Actual Startup Time": 0.027, "Actual Total Time": 0.027, "Actual Rows": 1, "Actual Loops": 1, "Hash Buckets": 32768, "Hash Batches": 1, "Original Hash Batches": 1, "Peak Memory Usage": 1, "Plans": [{"Node Type": "Seq Scan", "Parent Relationship": "Outer", "Relation Name": "nation", "Alias": "nation", "Startup Cost": 0.0, "Total Cost": 1.31, "Plan Rows": 1, "Plan Width": 4, "Actual Startup Time": 0.019, "Actual Total Time": 0.023, "Actual Rows": 1, "Actual Loops": 1, "Filter": "(n_name = 'MOZAMBIQUE'::bpchar)", "Rows Removed by Filter": 24}]}]}, {"Node Type": "Index Scan", "Parent Relationship": "Inner", "Scan Direction": "Forward", "Index Name": "idx_partsupp_suppkey", "Relation Name": "partsupp", "Alias": "partsupp", "Startup Cost": 0.0, "Total Cost": 9.33, "Plan Rows": 13, "Plan Width": 32, "Actual Startup Time": 54.864, "Actual Total Time": 720.004, "Actual Rows": 313920, "Actual Loops": 3924, "Index Cond": "(ps_suppkey = public.supplier.s_suppkey)", "Rows Removed by Index Recheck": 0}]}]}]}, "Triggers": [], "Planner Runtime": 1, "Total Runtime": 2218.902, "Unique SQL Id": 2932834211}}, "(16, 77)": {"explain_plan": {"Plan": {"Node Type": "Sort", "Startup Cost": 93166.14, "Total Cost": 93300.59, "Plan Rows": 53780, "Plan Width": 40, "Sort Key": ["(sum((public.partsupp.ps_supplycost * (public.partsupp.ps_availqty)::double precision))) DESC"], "Plans": [{"Node Type": "Aggregate", "Strategy": "Plain", "Parent Relationship": "exec_init_plan", "Subplan Name": "InitPlan 1 (returns $1)", "Startup Cost": 43865.19, "Total Cost": 43865.2, "Plan Rows": 1, "Plan Width": 24, "Plans": [{"Node Type": "Nested Loop", "Parent Relationship": "Outer", "Join Type": "Inner", "Startup Cost": 12.7, "Total Cost": 43461.84, "Plan Rows": 53780, "Plan Width": 16, "Inner Unique": false, "Plans": [{"Node Type": "Hash Join", "Parent Relationship": "Outer", "Join Type": "Inner", "Startup Cost": 12.7, "Total Cost": 5637.87, "Plan Rows": 4000, "Plan Width": 8, "Inner Unique": true, "Hash Cond": "(public.supplier.s_nationkey = public.nation.n_nationkey)", "Plans": [{"Node Type": "Index Scan", "Parent Relationship": "Outer", "Scan Direction": "Forward", "Index Name": "supplier_pkey", "Relation Name": "supplier", "Alias": "supplier", "Startup Cost": 0.0, "Total Cost": 5334.54, "Plan Rows": 100000, "Plan Width": 12}, {"Node Type": "Hash", "Parent Relationship": "Inner", "Startup Cost": 12.69, "Total Cost": 12.69, "Plan Rows": 1, "Plan Width": 4, "Plans": [{"Node Type": "Index Scan", "Parent Relationship": "Outer", "Scan Direction": "Forward", "Index Name": "nation_pkey", "Relation Name": "nation", "Alias": "nation", "Startup Cost": 0.0, "Total Cost": 12.69, "Plan Rows": 1, "Plan Width": 4, "Filter": "(n_name = 'MOZAMBIQUE'::bpchar)"}]}]}, {"Node Type": "Index Scan", "Parent Relationship": "Inner", "Scan Direction": "Forward", "Index Name": "idx_partsupp_suppkey", "Relation Name": "partsupp", "Alias": "partsupp", "Startup Cost": 0.0, "Total Cost": 9.33, "Plan Rows": 13, "Plan Width": 24, "Index Cond": "(ps_suppkey = public.supplier.s_suppkey)"}]}]}, {"Node Type": "Aggregate", "Strategy": "Hashed", "Parent Relationship": "Outer", "Startup Cost": 44402.99, "Total Cost": 45075.24, "Plan Rows": 53780, "Plan Width": 40, "Group By Key": ["public.partsupp.ps_partkey"], "Filter": "(sum((public.partsupp.ps_supplycost * (public.partsupp.ps_availqty)::double precision)) > $1)", "Plans": [{"Node Type": "Nested Loop", "Parent Relationship": "Outer", "Join Type": "Inner", "Startup Cost": 12.7, "Total Cost": 43461.84, "Plan Rows": 53780, "Plan Width": 24, "Inner Unique": false, "Plans": [{"Node Type": "Hash Join", "Parent Relationship": "Outer", "Join Type": "Inner", "Startup Cost": 12.7, "Total Cost": 5637.87, "Plan Rows": 4000, "Plan Width": 8, "Inner Unique": true, "Hash Cond": "(public.supplier.s_nationkey = public.nation.n_nationkey)", "Plans": [{"Node Type": "Index Scan", "Parent Relationship": "Outer", "Scan Direction": "Forward", "Index Name": "supplier_pkey", "Relation Name": "supplier", "Alias": "supplier", "Startup Cost": 0.0, "Total Cost": 5334.54, "Plan Rows": 100000, "Plan Width": 12}, {"Node Type": "Hash", "Parent Relationship": "Inner", "Startup Cost": 12.69, "Total Cost": 12.69, "Plan Rows": 1, "Plan Width": 4, "Plans": [{"Node Type": "Index Scan", "Parent Relationship": "Outer", "Scan Direction": "Forward", "Index Name": "nation_pkey", "Relation Name": "nation", "Alias": "nation", "Startup Cost": 0.0, "Total Cost": 12.69, "Plan Rows": 1, "Plan Width": 4, "Filter": "(n_name = 'MOZAMBIQUE'::bpchar)"}]}]}, {"Node Type": "Index Scan", "Parent Relationship": "Inner", "Scan Direction": "Forward", "Index Name": "idx_partsupp_suppkey", "Relation Name": "partsupp", "Alias": "partsupp", "Startup Cost": 0.0, "Total Cost": 9.33, "Plan Rows": 13, "Plan Width": 32, "Index Cond": "(ps_suppkey = public.supplier.s_suppkey)"}]}]}]}, "Unique SQL Id": 2932834211, "Planner Runtime": 1}, "explain_analyze_plan": {"Plan": {"Node Type": "Sort", "Startup Cost": 93166.14, "Total Cost": 93300.59, "Plan Rows": 53780, "Plan Width": 40, "Actual Startup Time": 2247.026, "Actual Total Time": 2247.026, "Actual Rows": 0, "Actual Loops": 1, "Sort Key": ["(sum((public.partsupp.ps_supplycost * (public.partsupp.ps_availqty)::double precision))) DESC"], "Sort Method": "quicksort", "Sort Space Used": 25, "Sort Space Type": "Memory", "Plans": [{"Node Type": "Aggregate", "Strategy": "Plain", "Parent Relationship": "exec_init_plan", "Subplan Name": "InitPlan 1 (returns $1)", "Startup Cost": 43865.19, "Total Cost": 43865.2, "Plan Rows": 1, "Plan Width": 24, "Actual Startup Time": 978.111, "Actual Total Time": 978.112, "Actual Rows": 1, "Actual Loops": 1, "Plans": [{"Node Type": "Nested Loop", "Parent Relationship": "Outer", "Join Type": "Inner", "Startup Cost": 12.7, "Total Cost": 43461.84, "Plan Rows": 53780, "Plan Width": 16, "Actual Startup Time": 0.181, "Actual Total Time": 843.297, "Actual Rows": 313920, "Actual Loops": 1, "Inner Unique": false, "Plans": [{"Node Type": "Hash Join", "Parent Relationship": "Outer", "Join Type": "Inner", "Startup Cost": 12.7, "Total Cost": 5637.87, "Plan Rows": 4000, "Plan Width": 8, "Actual Startup Time": 0.159, "Actual Total Time": 89.116, "Actual Rows": 3924, "Actual Loops": 1, "Inner Unique": true, "Hash Cond": "(public.supplier.s_nationkey = public.nation.n_nationkey)", "Plans": [{"Node Type": "Index Scan", "Parent Relationship": "Outer", "Scan Direction": "Forward", "Index Name": "supplier_pkey", "Relation Name": "supplier", "Alias": "supplier", "Startup Cost": 0.0, "Total Cost": 5334.54, "Plan Rows": 100000, "Plan Width": 12, "Actual Startup Time": 0.033, "Actual Total Time": 68.123, "Actual Rows": 100000, "Actual Loops": 1}, {"Node Type": "Hash", "Parent Relationship": "Inner", "Startup Cost": 12.69, "Total Cost": 12.69, "Plan Rows": 1, "Plan Width": 4, "Actual Startup Time": 0.051, "Actual Total Time": 0.051, "Actual Rows": 1, "Actual Loops": 1, "Hash Buckets": 32768, "Hash Batches": 1, "Original Hash Batches": 1, "Peak Memory Usage": 1, "Plans": [{"Node Type": "Index Scan", "Parent Relationship": "Outer", "Scan Direction": "Forward", "Index Name": "nation_pkey", "Relation Name": "nation", "Alias": "nation", "Startup Cost": 0.0, "Total Cost": 12.69, "Plan Rows": 1, "Plan Width": 4, "Actual Startup Time": 0.034, "Actual Total Time": 0.042, "Actual Rows": 1, "Actual Loops": 1, "Filter": "(n_name = 'MOZAMBIQUE'::bpchar)", "Rows Removed by Filter": 24}]}]}, {"Node Type": "Index Scan", "Parent Relationship": "Inner", "Scan Direction": "Forward", "Index Name": "idx_partsupp_suppkey", "Relation Name": "partsupp", "Alias": "partsupp", "Startup Cost": 0.0, "Total Cost": 9.33, "Plan Rows": 13, "Plan Width": 24, "Actual Startup Time": 54.712, "Actual Total Time": 687.849, "Actual Rows": 313920, "Actual Loops": 3924, "Index Cond": "(ps_suppkey = public.supplier.s_suppkey)", "Rows Removed by Index Recheck": 0}]}]}, {"Node Type": "Aggregate", "Strategy": "Hashed", "Parent Relationship": "Outer", "Startup Cost": 44402.99, "Total Cost": 45075.24, "Plan Rows": 53780, "Plan Width": 40, "Actual Startup Time": 2246.631, "Actual Total Time": 2246.631, "Actual Rows": 0, "Actual Loops": 1, "Group By Key": ["public.partsupp.ps_partkey"], "Filter": "(sum((public.partsupp.ps_supplycost * (public.partsupp.ps_availqty)::double precision)) > $1)", "Rows Removed by Filter": 295792, "Plans": [{"Node Type": "Nested Loop", "Parent Relationship": "Outer", "Join Type": "Inner", "Startup Cost": 12.7, "Total Cost": 43461.84, "Plan Rows": 53780, "Plan Width": 24, "Actual Startup Time": 0.126, "Actual Total Time": 860.858, "Actual Rows": 313920, "Actual Loops": 1, "Inner Unique": false, "Plans": [{"Node Type": "Hash Join", "Parent Relationship": "Outer", "Join Type": "Inner", "Startup Cost": 12.7, "Total Cost": 5637.87, "Plan Rows": 4000, "Plan Width": 8, "Actual Startup Time": 0.104, "Actual Total Time": 85.54, "Actual Rows": 3924, "Actual Loops": 1, "Inner Unique": true, "Hash Cond": "(public.supplier.s_nationkey = public.nation.n_nationkey)", "Plans": [{"Node Type": "Index Scan", "Parent Relationship": "Outer", "Scan Direction": "Forward", "Index Name": "supplier_pkey", "Relation Name": "supplier", "Alias": "supplier", "Startup Cost": 0.0, "Total Cost": 5334.54, "Plan Rows": 100000, "Plan Width": 12, "Actual Startup Time": 0.022, "Actual Total Time": 64.371, "Actual Rows": 100000, "Actual Loops": 1}, {"Node Type": "Hash", "Parent Relationship": "Inner", "Startup Cost": 12.69, "Total Cost": 12.69, "Plan Rows": 1, "Plan Width": 4, "Actual Startup Time": 0.029, "Actual Total Time": 0.029, "Actual Rows": 1, "Actual Loops": 1, "Hash Buckets": 32768, "Hash Batches": 1, "Original Hash Batches": 1, "Peak Memory Usage": 1, "Plans": [{"Node Type": "Index Scan", "Parent Relationship": "Outer", "Scan Direction": "Forward", "Index Name": "nation_pkey", "Relation Name": "nation", "Alias": "nation", "Startup Cost": 0.0, "Total Cost": 12.69, "Plan Rows": 1, "Plan Width": 4, "Actual Startup Time": 0.019, "Actual Total Time": 0.024, "Actual Rows": 1, "Actual Loops": 1, "Filter": "(n_name = 'MOZAMBIQUE'::bpchar)", "Rows Removed by Filter": 24}]}]}, {"Node Type": "Index Scan", "Parent Relationship": "Inner", "Scan Direction": "Forward", "Index Name": "idx_partsupp_suppkey", "Relation Name": "partsupp", "Alias": "partsupp", "Startup Cost": 0.0, "Total Cost": 9.33, "Plan Rows": 13, "Plan Width": 32, "Actual Startup Time": 51.789, "Actual Total Time": 704.818, "Actual Rows": 313920, "Actual Loops": 3924, "Index Cond": "(ps_suppkey = public.supplier.s_suppkey)", "Rows Removed by Index Recheck": 0}]}]}]}, "Triggers": [], "Planner Runtime": 0, "Total Runtime": 2247.303, "Unique SQL Id": 2932834211}}, "(16, 78)": {"explain_plan": {"Plan": {"Node Type": "Sort", "Startup Cost": 614546.2, "Total Cost": 614680.65, "Plan Rows": 53780, "Plan Width": 40, "Sort Key": ["(sum((public.partsupp.ps_supplycost * (public.partsupp.ps_availqty)::double precision))) DESC"], "Plans": [{"Node Type": "Aggregate", "Strategy": "Plain", "Parent Relationship": "exec_init_plan", "Subplan Name": "InitPlan 1 (returns $0)", "Startup Cost": 304555.21, "Total Cost": 304555.23, "Plan Rows": 1, "Plan Width": 24, "Plans": [{"Node Type": "Hash Join", "Parent Relationship": "Outer", "Join Type": "Inner", "Startup Cost": 3624.95, "Total Cost": 304151.86, "Plan Rows": 53780, "Plan Width": 16, "Inner Unique": false, "Hash Cond": "(public.partsupp.ps_suppkey = public.supplier.s_suppkey)", "Plans": [{"Node Type": "Seq Scan", "Parent Relationship": "Outer", "Relation Name": "partsupp", "Alias": "partsupp", "Startup Cost": 0.0, "Total Cost": 269987.72, "Plan Rows": 8000372, "Plan Width": 24}, {"Node Type": "Hash", "Parent Relationship": "Inner", "Startup Cost": 3574.95, "Total Cost": 3574.95, "Plan Rows": 4000, "Plan Width": 8, "Plans": [{"Node Type": "Hash Join", "Parent Relationship": "Outer", "Join Type": "Inner", "Startup Cost": 1.32, "Total Cost": 3574.95, "Plan Rows": 4000, "Plan Width": 8, "Inner Unique": true, "Hash Cond": "(public.supplier.s_nationkey = public.nation.n_nationkey)", "Plans": [{"Node Type": "Seq Scan", "Parent Relationship": "Outer", "Relation Name": "supplier", "Alias": "supplier", "Startup Cost": 0.0, "Total Cost": 3283.0, "Plan Rows": 100000, "Plan Width": 12}, {"Node Type": "Hash", "Parent Relationship": "Inner", "Startup Cost": 1.31, "Total Cost": 1.31, "Plan Rows": 1, "Plan Width": 4, "Plans": [{"Node Type": "Seq Scan", "Parent Relationship": "Outer", "Relation Name": "nation", "Alias": "nation", "Startup Cost": 0.0, "Total Cost": 1.31, "Plan Rows": 1, "Plan Width": 4, "Filter": "(n_name = 'MOZAMBIQUE'::bpchar)"}]}]}]}]}]}, {"Node Type": "Aggregate", "Strategy": "Hashed", "Parent Relationship": "Outer", "Startup Cost": 305093.02, "Total Cost": 305765.27, "Plan Rows": 53780, "Plan Width": 40, "Group By Key": ["public.partsupp.ps_partkey"], "Filter": "(sum((public.partsupp.ps_supplycost * (public.partsupp.ps_availqty)::double precision)) > $0)", "Plans": [{"Node Type": "Hash Join", "Parent Relationship": "Outer", "Join Type": "Inner", "Startup Cost": 3624.95, "Total Cost": 304151.86, "Plan Rows": 53780, "Plan Width": 24, "Inner Unique": false, "Hash Cond": "(public.partsupp.ps_suppkey = public.supplier.s_suppkey)", "Plans": [{"Node Type": "Seq Scan", "Parent Relationship": "Outer", "Relation Name": "partsupp", "Alias": "partsupp", "Startup Cost": 0.0, "Total Cost": 269987.72, "Plan Rows": 8000372, "Plan Width": 32}, {"Node Type": "Hash", "Parent Relationship": "Inner", "Startup Cost": 3574.95, "Total Cost": 3574.95, "Plan Rows": 4000, "Plan Width": 8, "Plans": [{"Node Type": "Hash Join", "Parent Relationship": "Outer", "Join Type": "Inner", "Startup Cost": 1.32, "Total Cost": 3574.95, "Plan Rows": 4000, "Plan Width": 8, "Inner Unique": true, "Hash Cond": "(public.supplier.s_nationkey = public.nation.n_nationkey)", "Plans": [{"Node Type": "Seq Scan", "Parent Relationship": "Outer", "Relation Name": "supplier", "Alias": "supplier", "Startup Cost": 0.0, "Total Cost": 3283.0, "Plan Rows": 100000, "Plan Width": 12}, {"Node Type": "Hash", "Parent Relationship": "Inner", "Startup Cost": 1.31, "Total Cost": 1.31, "Plan Rows": 1, "Plan Width": 4, "Plans": [{"Node Type": "Seq Scan", "Parent Relationship": "Outer", "Relation Name": "nation", "Alias": "nation", "Startup Cost": 0.0, "Total Cost": 1.31, "Plan Rows": 1, "Plan Width": 4, "Filter": "(n_name = 'MOZAMBIQUE'::bpchar)"}]}]}]}]}]}]}, "Unique SQL Id": 2932834211, "Planner Runtime": 1}, "explain_analyze_plan": null}, "(16, 79)": {"explain_plan": {"Plan": {"Node Type": "Sort", "Startup Cost": 6000102466442.74, "Total Cost": 6000102466577.19, "Plan Rows": 53780, "Plan Width": 40, "Sort Key": ["(sum((public.partsupp.ps_supplycost * (public.partsupp.ps_availqty)::double precision))) DESC"], "Plans": [{"Node Type": "Aggregate", "Strategy": "Plain", "Parent Relationship": "exec_init_plan", "Subplan Name": "InitPlan 1 (returns $0)", "Startup Cost": 3000051230503.49, "Total Cost": 3000051230503.5, "Plan Rows": 1, "Plan Width": 24, "Plans": [{"Node Type": "Hash Join", "Parent Relationship": "Outer", "Join Type": "Inner", "Startup Cost": 1020010396837.26, "Total Cost": 3000051230100.14, "Plan Rows": 53780, "Plan Width": 16, "Inner Unique": true, "Hash Cond": "(public.supplier.s_nationkey = public.nation.n_nationkey)", "Plans": [{"Node Type": "Merge Join", "Parent Relationship": "Outer", "Join Type": "Inner", "Startup Cost": 20010395568.5, "Total Cost": 2000051224923.92, "Plan Rows": 1344499, "Plan Width": 20, "Inner Unique": false, "Merge Cond": "(public.supplier.s_suppkey = public.partsupp.ps_suppkey)", "Plans": [{"Node Type": "Index Scan", "Parent Relationship": "Outer", "Scan Direction": "Forward", "Index Name": "supplier_pkey", "Relation Name": "supplier", "Alias": "supplier", "Startup Cost": 10000000000.0, "Total Cost": 1000000533454.38, "Plan Rows": 100000, "Plan Width": 12}, {"Node Type": "Index Scan", "Parent Relationship": "Inner", "Scan Direction": "Forward", "Index Name": "idx_partsupp_suppkey", "Relation Name": "partsupp", "Alias": "partsupp", "Startup Cost": 10000000000.0, "Total Cost": 1000100160480.77, "Plan Rows": 8000372, "Plan Width": 24}]}, {"Node Type": "Hash", "Parent Relationship": "Inner", "Startup Cost": 1000000001268.75, "Total Cost": 1000000001268.75, "Plan Rows": 1, "Plan Width": 4, "Plans": [{"Node Type": "Index Scan", "Parent Relationship": "Outer", "Scan Direction": "Forward", "Index Name": "nation_pkey", "Relation Name": "nation", "Alias": "nation", "Startup Cost": 10000000000.0, "Total Cost": 1000000001268.75, "Plan Rows": 1, "Plan Width": 4, "Filter": "(n_name = 'MOZAMBIQUE'::bpchar)"}]}]}]}, {"Node Type": "Aggregate", "Strategy": "Hashed", "Parent Relationship": "Outer", "Startup Cost": 3000051231041.29, "Total Cost": 3000051231713.54, "Plan Rows": 53780, "Plan Width": 40, "Group By Key": ["public.partsupp.ps_partkey"], "Filter": "(sum((public.partsupp.ps_supplycost * (public.partsupp.ps_availqty)::double precision)) > $0)", "Plans": [{"Node Type": "Hash Join", "Parent Relationship": "Outer", "Join Type": "Inner", "Startup Cost": 1020010396837.26, "Total Cost": 3000051230100.14, "Plan Rows": 53780, "Plan Width": 24, "Inner Unique": true, "Hash Cond": "(public.supplier.s_nationkey = public.nation.n_nationkey)", "Plans": [{"Node Type": "Merge Join", "Parent Relationship": "Outer", "Join Type": "Inner", "Startup Cost": 20010395568.5, "Total Cost": 2000051224923.92, "Plan Rows": 1344499, "Plan Width": 28, "Inner Unique": false, "Merge Cond": "(public.supplier.s_suppkey = public.partsupp.ps_suppkey)", "Plans": [{"Node Type": "Index Scan", "Parent Relationship": "Outer", "Scan Direction": "Forward", "Index Name": "supplier_pkey", "Relation Name": "supplier", "Alias": "supplier", "Startup Cost": 10000000000.0, "Total Cost": 1000000533454.38, "Plan Rows": 100000, "Plan Width": 12}, {"Node Type": "Index Scan", "Parent Relationship": "Inner", "Scan Direction": "Forward", "Index Name": "idx_partsupp_suppkey", "Relation Name": "partsupp", "Alias": "partsupp", "Startup Cost": 10000000000.0, "Total Cost": 1000100160480.77, "Plan Rows": 8000372, "Plan Width": 32}]}, {"Node Type": "Hash", "Parent Relationship": "Inner", "Startup Cost": 1000000001268.75, "Total Cost": 1000000001268.75, "Plan Rows": 1, "Plan Width": 4, "Plans": [{"Node Type": "Index Scan", "Parent Relationship": "Outer", "Scan Direction": "Forward", "Index Name": "nation_pkey", "Relation Name": "nation", "Alias": "nation", "Startup Cost": 10000000000.0, "Total Cost": 1000000001268.75, "Plan Rows": 1, "Plan Width": 4, "Filter": "(n_name = 'MOZAMBIQUE'::bpchar)"}]}]}]}]}, "Unique SQL Id": 2932834211, "Planner Runtime": 1}, "explain_analyze_plan": null}, "(16, 80)": {"explain_plan": {"Plan": {"Node Type": "Sort", "Startup Cost": 86957.11, "Total Cost": 87091.56, "Plan Rows": 53780, "Plan Width": 40, "Sort Key": ["(sum((public.partsupp.ps_supplycost * (public.partsupp.ps_availqty)::double precision))) DESC"], "Plans": [{"Node Type": "Aggregate", "Strategy": "Plain", "Parent Relationship": "exec_init_plan", "Subplan Name": "InitPlan 1 (returns $2)", "Startup Cost": 40760.67, "Total Cost": 40760.68, "Plan Rows": 1, "Plan Width": 24, "Plans": [{"Node Type": "Nested Loop", "Parent Relationship": "Outer", "Join Type": "Inner", "Startup Cost": 95.25, "Total Cost": 40357.32, "Plan Rows": 53780, "Plan Width": 16, "Inner Unique": false, "Plans": [{"Node Type": "Nested Loop", "Parent Relationship": "Outer", "Join Type": "Inner", "Startup Cost": 95.25, "Total Cost": 2533.35, "Plan Rows": 4000, "Plan Width": 8, "Inner Unique": false, "Plans": [{"Node Type": "Seq Scan", "Parent Relationship": "Outer", "Relation Name": "nation", "Alias": "nation", "Startup Cost": 0.0, "Total Cost": 1.31, "Plan Rows": 1, "Plan Width": 4, "Filter": "(n_name = 'MOZAMBIQUE'::bpchar)"}, {"Node Type": "Bitmap Heap Scan", "Parent Relationship": "Inner", "Relation Name": "supplier", "Alias": "supplier", "Startup Cost": 95.25, "Total Cost": 2492.04, "Plan Rows": 4000, "Plan Width": 12, "Recheck Cond": "(s_nationkey = public.nation.n_nationkey)", "Plans": [{"Node Type": "Bitmap Index Scan", "Parent Relationship": "Outer", "Index Name": "idx_supplier_nation_key", "Startup Cost": 0.0, "Total Cost": 94.25, "Plan Rows": 4000, "Plan Width": 0, "Index Cond": "(s_nationkey = public.nation.n_nationkey)"}]}]}, {"Node Type": "Index Scan", "Parent Relationship": "Inner", "Scan Direction": "Forward", "Index Name": "idx_partsupp_suppkey", "Relation Name": "partsupp", "Alias": "partsupp", "Startup Cost": 0.0, "Total Cost": 9.33, "Plan Rows": 13, "Plan Width": 24, "Index Cond": "(ps_suppkey = public.supplier.s_suppkey)"}]}]}, {"Node Type": "Aggregate", "Strategy": "Hashed", "Parent Relationship": "Outer", "Startup Cost": 41298.47, "Total Cost": 41970.72, "Plan Rows": 53780, "Plan Width": 40, "Group By Key": ["public.partsupp.ps_partkey"], "Filter": "(sum((public.partsupp.ps_supplycost * (public.partsupp.ps_availqty)::double precision)) > $2)", "Plans": [{"Node Type": "Nested Loop", "Parent Relationship": "Outer", "Join Type": "Inner", "Startup Cost": 95.25, "Total Cost": 40357.32, "Plan Rows": 53780, "Plan Width": 24, "Inner Unique": false, "Plans": [{"Node Type": "Nested Loop", "Parent Relationship": "Outer", "Join Type": "Inner", "Startup Cost": 95.25, "Total Cost": 2533.35, "Plan Rows": 4000, "Plan Width": 8, "Inner Unique": false, "Plans": [{"Node Type": "Seq Scan", "Parent Relationship": "Outer", "Relation Name": "nation", "Alias": "nation", "Startup Cost": 0.0, "Total Cost": 1.31, "Plan Rows": 1, "Plan Width": 4, "Filter": "(n_name = 'MOZAMBIQUE'::bpchar)"}, {"Node Type": "Bitmap Heap Scan", "Parent Relationship": "Inner", "Relation Name": "supplier", "Alias": "supplier", "Startup Cost": 95.25, "Total Cost": 2492.04, "Plan Rows": 4000, "Plan Width": 12, "Recheck Cond": "(s_nationkey = public.nation.n_nationkey)", "Plans": [{"Node Type": "Bitmap Index Scan", "Parent Relationship": "Outer", "Index Name": "idx_supplier_nation_key", "Startup Cost": 0.0, "Total Cost": 94.25, "Plan Rows": 4000, "Plan Width": 0, "Index Cond": "(s_nationkey = public.nation.n_nationkey)"}]}]}, {"Node Type": "Index Scan", "Parent Relationship": "Inner", "Scan Direction": "Forward", "Index Name": "idx_partsupp_suppkey", "Relation Name": "partsupp", "Alias": "partsupp", "Startup Cost": 0.0, "Total Cost": 9.33, "Plan Rows": 13, "Plan Width": 32, "Index Cond": "(ps_suppkey = public.supplier.s_suppkey)"}]}]}]}, "Unique SQL Id": 2932834211, "Planner Runtime": 1}, "explain_analyze_plan": {"Plan": {"Node Type": "Sort", "Startup Cost": 86957.11, "Total Cost": 87091.56, "Plan Rows": 53780, "Plan Width": 40, "Actual Startup Time": 1867.688, "Actual Total Time": 1867.688, "Actual Rows": 0, "Actual Loops": 1, "Sort Key": ["(sum((public.partsupp.ps_supplycost * (public.partsupp.ps_availqty)::double precision))) DESC"], "Sort Method": "quicksort", "Sort Space Used": 25, "Sort Space Type": "Memory", "Plans": [{"Node Type": "Aggregate", "Strategy": "Plain", "Parent Relationship": "exec_init_plan", "Subplan Name": "InitPlan 1 (returns $2)", "Startup Cost": 40760.67, "Total Cost": 40760.68, "Plan Rows": 1, "Plan Width": 24, "Actual Startup Time": 794.18, "Actual Total Time": 794.181, "Actual Rows": 1, "Actual Loops": 1, "Plans": [{"Node Type": "Nested Loop", "Parent Relationship": "Outer", "Join Type": "Inner", "Startup Cost": 95.25, "Total Cost": 40357.32, "Plan Rows": 53780, "Plan Width": 16, "Actual Startup Time": 1.125, "Actual Total Time": 657.634, "Actual Rows": 313920, "Actual Loops": 1, "Inner Unique": false, "Plans": [{"Node Type": "Nested Loop", "Parent Relationship": "Outer", "Join Type": "Inner", "Startup Cost": 95.25, "Total Cost": 2533.35, "Plan Rows": 4000, "Plan Width": 8, "Actual Startup Time": 1.098, "Actual Total Time": 8.186, "Actual Rows": 3924, "Actual Loops": 1, "Inner Unique": false, "Plans": [{"Node Type": "Seq Scan", "Parent Relationship": "Outer", "Relation Name": "nation", "Alias": "nation", "Startup Cost": 0.0, "Total Cost": 1.31, "Plan Rows": 1, "Plan Width": 4, "Actual Startup Time": 0.024, "Actual Total Time": 0.047, "Actual Rows": 1, "Actual Loops": 1, "Filter": "(n_name = 'MOZAMBIQUE'::bpchar)", "Rows Removed by Filter": 24}, {"Node Type": "Bitmap Heap Scan", "Parent Relationship": "Inner", "Relation Name": "supplier", "Alias": "supplier", "Startup Cost": 95.25, "Total Cost": 2492.04, "Plan Rows": 4000, "Plan Width": 12, "Actual Startup Time": 1.058, "Actual Total Time": 7.206, "Actual Rows": 3924, "Actual Loops": 1, "Recheck Cond": "(s_nationkey = public.nation.n_nationkey)", "Rows Removed by Index Recheck": 0, "Exact Heap Blocks": 1895, "Lossy Heap Blocks": 1895, "Plans": [{"Node Type": "Bitmap Index Scan", "Parent Relationship": "Outer", "Index Name": "idx_supplier_nation_key", "Startup Cost": 0.0, "Total Cost": 94.25, "Plan Rows": 4000, "Plan Width": 0, "Actual Startup Time": 0.777, "Actual Total Time": 0.777, "Actual Rows": 3924, "Actual Loops": 1, "Index Cond": "(s_nationkey = public.nation.n_nationkey)"}]}]}, {"Node Type": "Index Scan", "Parent Relationship": "Inner", "Scan Direction": "Forward", "Index Name": "idx_partsupp_suppkey", "Relation Name": "partsupp", "Alias": "partsupp", "Startup Cost": 0.0, "Total Cost": 9.33, "Plan Rows": 13, "Plan Width": 24, "Actual Startup Time": 48.522, "Actual Total Time": 582.276, "Actual Rows": 313920, "Actual Loops": 3924, "Index Cond": "(ps_suppkey = public.supplier.s_suppkey)", "Rows Removed by Index Recheck": 0}]}]}, {"Node Type": "Aggregate", "Strategy": "Hashed", "Parent Relationship": "Outer", "Startup Cost": 41298.47, "Total Cost": 41970.72, "Plan Rows": 53780, "Plan Width": 40, "Actual Startup Time": 1867.28, "Actual Total Time": 1867.28, "Actual Rows": 0, "Actual Loops": 1, "Group By Key": ["public.partsupp.ps_partkey"], "Filter": "(sum((public.partsupp.ps_supplycost * (public.partsupp.ps_availqty)::double precision)) > $2)", "Rows Removed by Filter": 295792, "Plans": [{"Node Type": "Nested Loop", "Parent Relationship": "Outer", "Join Type": "Inner", "Startup Cost": 95.25, "Total Cost": 40357.32, "Plan Rows": 53780, "Plan Width": 24, "Actual Startup Time": 1.055, "Actual Total Time": 684.172, "Actual Rows": 313920, "Actual Loops": 1, "Inner Unique": false, "Plans": [{"Node Type": "Nested Loop", "Parent Relationship": "Outer", "Join Type": "Inner", "Startup Cost": 95.25, "Total Cost": 2533.35, "Plan Rows": 4000, "Plan Width": 8, "Actual Startup Time": 1.024, "Actual Total Time": 8.574, "Actual Rows": 3924, "Actual Loops": 1, "Inner Unique": false, "Plans": [{"Node Type": "Seq Scan", "Parent Relationship": "Outer", "Relation Name": "nation", "Alias": "nation", "Startup Cost": 0.0, "Total Cost": 1.31, "Plan Rows": 1, "Plan Width": 4, "Actual Startup Time": 0.032, "Actual Total Time": 0.044, "Actual Rows": 1, "Actual Loops": 1, "Filter": "(n_name = 'MOZAMBIQUE'::bpchar)", "Rows Removed by Filter": 24}, {"Node Type": "Bitmap Heap Scan", "Parent Relationship": "Inner", "Relation Name": "supplier", "Alias": "supplier", "Startup Cost": 95.25, "Total Cost": 2492.04, "Plan Rows": 4000, "Plan Width": 12, "Actual Startup Time": 0.985, "Actual Total Time": 7.583, "Actual Rows": 3924, "Actual Loops": 1, "Recheck Cond": "(s_nationkey = public.nation.n_nationkey)", "Rows Removed by Index Recheck": 0, "Exact Heap Blocks": 1895, "Lossy Heap Blocks": 1895, "Plans": [{"Node Type": "Bitmap Index Scan", "Parent Relationship": "Outer", "Index Name": "idx_supplier_nation_key", "Startup Cost": 0.0, "Total Cost": 94.25, "Plan Rows": 4000, "Plan Width": 0, "Actual Startup Time": 0.705, "Actual Total Time": 0.705, "Actual Rows": 3924, "Actual Loops": 1, "Index Cond": "(s_nationkey = public.nation.n_nationkey)"}]}]}, {"Node Type": "Index Scan", "Parent Relationship": "Inner", "Scan Direction": "Forward", "Index Name": "idx_partsupp_suppkey", "Relation Name": "partsupp", "Alias": "partsupp", "Startup Cost": 0.0, "Total Cost": 9.33, "Plan Rows": 13, "Plan Width": 32, "Actual Startup Time": 49.919, "Actual Total Time": 602.753, "Actual Rows": 313920, "Actual Loops": 3924, "Index Cond": "(ps_suppkey = public.supplier.s_suppkey)", "Rows Removed by Index Recheck": 0}]}]}]}, "Triggers": [], "Planner Runtime": 0, "Total Runtime": 1868.014, "Unique SQL Id": 2932834211}}, "(16, 81)": {"explain_plan": {"Plan": {"Node Type": "Sort", "Startup Cost": 86979.86, "Total Cost": 87114.31, "Plan Rows": 53780, "Plan Width": 40, "Sort Key": ["(sum((public.partsupp.ps_supplycost * (public.partsupp.ps_availqty)::double precision))) DESC"], "Plans": [{"Node Type": "Aggregate", "Strategy": "Plain", "Parent Relationship": "exec_init_plan", "Subplan Name": "InitPlan 1 (returns $2)", "Startup Cost": 40772.04, "Total Cost": 40772.06, "Plan Rows": 1, "Plan Width": 24, "Plans": [{"Node Type": "Nested Loop", "Parent Relationship": "Outer", "Join Type": "Inner", "Startup Cost": 95.25, "Total Cost": 40368.69, "Plan Rows": 53780, "Plan Width": 16, "Inner Unique": false, "Plans": [{"Node Type": "Nested Loop", "Parent Relationship": "Outer", "Join Type": "Inner", "Startup Cost": 95.25, "Total Cost": 2544.73, "Plan Rows": 4000, "Plan Width": 8, "Inner Unique": false, "Plans": [{"Node Type": "Index Scan", "Parent Relationship": "Outer", "Scan Direction": "Forward", "Index Name": "nation_pkey", "Relation Name": "nation", "Alias": "nation", "Startup Cost": 0.0, "Total Cost": 12.69, "Plan Rows": 1, "Plan Width": 4, "Filter": "(n_name = 'MOZAMBIQUE'::bpchar)"}, {"Node Type": "Bitmap Heap Scan", "Parent Relationship": "Inner", "Relation Name": "supplier", "Alias": "supplier", "Startup Cost": 95.25, "Total Cost": 2492.04, "Plan Rows": 4000, "Plan Width": 12, "Recheck Cond": "(s_nationkey = public.nation.n_nationkey)", "Plans": [{"Node Type": "Bitmap Index Scan", "Parent Relationship": "Outer", "Index Name": "idx_supplier_nation_key", "Startup Cost": 0.0, "Total Cost": 94.25, "Plan Rows": 4000, "Plan Width": 0, "Index Cond": "(s_nationkey = public.nation.n_nationkey)"}]}]}, {"Node Type": "Index Scan", "Parent Relationship": "Inner", "Scan Direction": "Forward", "Index Name": "idx_partsupp_suppkey", "Relation Name": "partsupp", "Alias": "partsupp", "Startup Cost": 0.0, "Total Cost": 9.33, "Plan Rows": 13, "Plan Width": 24, "Index Cond": "(ps_suppkey = public.supplier.s_suppkey)"}]}]}, {"Node Type": "Aggregate", "Strategy": "Hashed", "Parent Relationship": "Outer", "Startup Cost": 41309.84, "Total Cost": 41982.09, "Plan Rows": 53780, "Plan Width": 40, "Group By Key": ["public.partsupp.ps_partkey"], "Filter": "(sum((public.partsupp.ps_supplycost * (public.partsupp.ps_availqty)::double precision)) > $2)", "Plans": [{"Node Type": "Nested Loop", "Parent Relationship": "Outer", "Join Type": "Inner", "Startup Cost": 95.25, "Total Cost": 40368.69, "Plan Rows": 53780, "Plan Width": 24, "Inner Unique": false, "Plans": [{"Node Type": "Nested Loop", "Parent Relationship": "Outer", "Join Type": "Inner", "Startup Cost": 95.25, "Total Cost": 2544.73, "Plan Rows": 4000, "Plan Width": 8, "Inner Unique": false, "Plans": [{"Node Type": "Index Scan", "Parent Relationship": "Outer", "Scan Direction": "Forward", "Index Name": "nation_pkey", "Relation Name": "nation", "Alias": "nation", "Startup Cost": 0.0, "Total Cost": 12.69, "Plan Rows": 1, "Plan Width": 4, "Filter": "(n_name = 'MOZAMBIQUE'::bpchar)"}, {"Node Type": "Bitmap Heap Scan", "Parent Relationship": "Inner", "Relation Name": "supplier", "Alias": "supplier", "Startup Cost": 95.25, "Total Cost": 2492.04, "Plan Rows": 4000, "Plan Width": 12, "Recheck Cond": "(s_nationkey = public.nation.n_nationkey)", "Plans": [{"Node Type": "Bitmap Index Scan", "Parent Relationship": "Outer", "Index Name": "idx_supplier_nation_key", "Startup Cost": 0.0, "Total Cost": 94.25, "Plan Rows": 4000, "Plan Width": 0, "Index Cond": "(s_nationkey = public.nation.n_nationkey)"}]}]}, {"Node Type": "Index Scan", "Parent Relationship": "Inner", "Scan Direction": "Forward", "Index Name": "idx_partsupp_suppkey", "Relation Name": "partsupp", "Alias": "partsupp", "Startup Cost": 0.0, "Total Cost": 9.33, "Plan Rows": 13, "Plan Width": 32, "Index Cond": "(ps_suppkey = public.supplier.s_suppkey)"}]}]}]}, "Unique SQL Id": 2932834211, "Planner Runtime": 1}, "explain_analyze_plan": {"Plan": {"Node Type": "Sort", "Startup Cost": 86979.86, "Total Cost": 87114.31, "Plan Rows": 53780, "Plan Width": 40, "Actual Startup Time": 2004.071, "Actual Total Time": 2004.071, "Actual Rows": 0, "Actual Loops": 1, "Sort Key": ["(sum((public.partsupp.ps_supplycost * (public.partsupp.ps_availqty)::double precision))) DESC"], "Sort Method": "quicksort", "Sort Space Used": 25, "Sort Space Type": "Memory", "Plans": [{"Node Type": "Aggregate", "Strategy": "Plain", "Parent Relationship": "exec_init_plan", "Subplan Name": "InitPlan 1 (returns $2)", "Startup Cost": 40772.04, "Total Cost": 40772.06, "Plan Rows": 1, "Plan Width": 24, "Actual Startup Time": 813.993, "Actual Total Time": 813.994, "Actual Rows": 1, "Actual Loops": 1, "Plans": [{"Node Type": "Nested Loop", "Parent Relationship": "Outer", "Join Type": "Inner", "Startup Cost": 95.25, "Total Cost": 40368.69, "Plan Rows": 53780, "Plan Width": 16, "Actual Startup Time": 1.031, "Actual Total Time": 679.613, "Actual Rows": 313920, "Actual Loops": 1, "Inner Unique": false, "Plans": [{"Node Type": "Nested Loop", "Parent Relationship": "Outer", "Join Type": "Inner", "Startup Cost": 95.25, "Total Cost": 2544.73, "Plan Rows": 4000, "Plan Width": 8, "Actual Startup Time": 1.007, "Actual Total Time": 8.373, "Actual Rows": 3924, "Actual Loops": 1, "Inner Unique": false, "Plans": [{"Node Type": "Index Scan", "Parent Relationship": "Outer", "Scan Direction": "Forward", "Index Name": "nation_pkey", "Relation Name": "nation", "Alias": "nation", "Startup Cost": 0.0, "Total Cost": 12.69, "Plan Rows": 1, "Plan Width": 4, "Actual Startup Time": 0.027, "Actual Total Time": 0.082, "Actual Rows": 1, "Actual Loops": 1, "Filter": "(n_name = 'MOZAMBIQUE'::bpchar)", "Rows Removed by Filter": 24}, {"Node Type": "Bitmap Heap Scan", "Parent Relationship": "Inner", "Relation Name": "supplier", "Alias": "supplier", "Startup Cost": 95.25, "Total Cost": 2492.04, "Plan Rows": 4000, "Plan Width": 12, "Actual Startup Time": 0.966, "Actual Total Time": 7.31, "Actual Rows": 3924, "Actual Loops": 1, "Recheck Cond": "(s_nationkey = public.nation.n_nationkey)", "Rows Removed by Index Recheck": 0, "Exact Heap Blocks": 1895, "Lossy Heap Blocks": 1895, "Plans": [{"Node Type": "Bitmap Index Scan", "Parent Relationship": "Outer", "Index Name": "idx_supplier_nation_key", "Startup Cost": 0.0, "Total Cost": 94.25, "Plan Rows": 4000, "Plan Width": 0, "Actual Startup Time": 0.678, "Actual Total Time": 0.678, "Actual Rows": 3924, "Actual Loops": 1, "Index Cond": "(s_nationkey = public.nation.n_nationkey)"}]}]}, {"Node Type": "Index Scan", "Parent Relationship": "Inner", "Scan Direction": "Forward", "Index Name": "idx_partsupp_suppkey", "Relation Name": "partsupp", "Alias": "partsupp", "Startup Cost": 0.0, "Total Cost": 9.33, "Plan Rows": 13, "Plan Width": 24, "Actual Startup Time": 46.974, "Actual Total Time": 604.92, "Actual Rows": 313920, "Actual Loops": 3924, "Index Cond": "(ps_suppkey = public.supplier.s_suppkey)", "Rows Removed by Index Recheck": 0}]}]}, {"Node Type": "Aggregate", "Strategy": "Hashed", "Parent Relationship": "Outer", "Startup Cost": 41309.84, "Total Cost": 41982.09, "Plan Rows": 53780, "Plan Width": 40, "Actual Startup Time": 2003.564, "Actual Total Time": 2003.564, "Actual Rows": 0, "Actual Loops": 1, "Group By Key": ["public.partsupp.ps_partkey"], "Filter": "(sum((public.partsupp.ps_supplycost * (public.partsupp.ps_availqty)::double precision)) > $2)", "Rows Removed by Filter": 295792, "Plans": [{"Node Type": "Nested Loop", "Parent Relationship": "Outer", "Join Type": "Inner", "Startup Cost": 95.25, "Total Cost": 40368.69, "Plan Rows": 53780, "Plan Width": 24, "Actual Startup Time": 1.126, "Actual Total Time": 773.104, "Actual Rows": 313920, "Actual Loops": 1, "Inner Unique": false, "Plans": [{"Node Type": "Nested Loop", "Parent Relationship": "Outer", "Join Type": "Inner", "Startup Cost": 95.25, "Total Cost": 2544.73, "Plan Rows": 4000, "Plan Width": 8, "Actual Startup Time": 1.098, "Actual Total Time": 9.874, "Actual Rows": 3924, "Actual Loops": 1, "Inner Unique": false, "Plans": [{"Node Type": "Index Scan", "Parent Relationship": "Outer", "Scan Direction": "Forward", "Index Name": "nation_pkey", "Relation Name": "nation", "Alias": "nation", "Startup Cost": 0.0, "Total Cost": 12.69, "Plan Rows": 1, "Plan Width": 4, "Actual Startup Time": 0.032, "Actual Total Time": 0.045, "Actual Rows": 1, "Actual Loops": 1, "Filter": "(n_name = 'MOZAMBIQUE'::bpchar)", "Rows Removed by Filter": 24}, {"Node Type": "Bitmap Heap Scan", "Parent Relationship": "Inner", "Relation Name": "supplier", "Alias": "supplier", "Startup Cost": 95.25, "Total Cost": 2492.04, "Plan Rows": 4000, "Plan Width": 12, "Actual Startup Time": 1.058, "Actual Total Time": 8.873, "Actual Rows": 3924, "Actual Loops": 1, "Recheck Cond": "(s_nationkey = public.nation.n_nationkey)", "Rows Removed by Index Recheck": 0, "Exact Heap Blocks": 1895, "Lossy Heap Blocks": 1895, "Plans": [{"Node Type": "Bitmap Index Scan", "Parent Relationship": "Outer", "Index Name": "idx_supplier_nation_key", "Startup Cost": 0.0, "Total Cost": 94.25, "Plan Rows": 4000, "Plan Width": 0, "Actual Startup Time": 0.766, "Actual Total Time": 0.766, "Actual Rows": 3924, "Actual Loops": 1, "Index Cond": "(s_nationkey = public.nation.n_nationkey)"}]}]}, {"Node Type": "Index Scan", "Parent Relationship": "Inner", "Scan Direction": "Forward", "Index Name": "idx_partsupp_suppkey", "Relation Name": "partsupp", "Alias": "partsupp", "Startup Cost": 0.0, "Total Cost": 9.33, "Plan Rows": 13, "Plan Width": 32, "Actual Startup Time": 55.084, "Actual Total Time": 692.047, "Actual Rows": 313920, "Actual Loops": 3924, "Index Cond": "(ps_suppkey = public.supplier.s_suppkey)", "Rows Removed by Index Recheck": 0}]}]}]}, "Triggers": [], "Planner Runtime": 0, "Total Runtime": 2004.504, "Unique SQL Id": 2932834211}}, "(16, 82)": {"explain_plan": {"Plan": {"Node Type": "Sort", "Startup Cost": 90032.55, "Total Cost": 90167.0, "Plan Rows": 53780, "Plan Width": 40, "Sort Key": ["(sum((public.partsupp.ps_supplycost * (public.partsupp.ps_availqty)::double precision))) DESC"], "Plans": [{"Node Type": "Aggregate", "Strategy": "Plain", "Parent Relationship": "exec_init_plan", "Subplan Name": "InitPlan 1 (returns $2)", "Startup Cost": 42298.39, "Total Cost": 42298.4, "Plan Rows": 1, "Plan Width": 24, "Plans": [{"Node Type": "Nested Loop", "Parent Relationship": "Outer", "Join Type": "Inner", "Startup Cost": 96.82, "Total Cost": 41895.04, "Plan Rows": 53780, "Plan Width": 16, "Inner Unique": false, "Plans": [{"Node Type": "Nested Loop", "Parent Relationship": "Outer", "Join Type": "Inner", "Startup Cost": 95.25, "Total Cost": 2533.35, "Plan Rows": 4000, "Plan Width": 8, "Inner Unique": false, "Plans": [{"Node Type": "Seq Scan", "Parent Relationship": "Outer", "Relation Name": "nation", "Alias": "nation", "Startup Cost": 0.0, "Total Cost": 1.31, "Plan Rows": 1, "Plan Width": 4, "Filter": "(n_name = 'MOZAMBIQUE'::bpchar)"}, {"Node Type": "Bitmap Heap Scan", "Parent Relationship": "Inner", "Relation Name": "supplier", "Alias": "supplier", "Startup Cost": 95.25, "Total Cost": 2492.04, "Plan Rows": 4000, "Plan Width": 12, "Recheck Cond": "(s_nationkey = public.nation.n_nationkey)", "Plans": [{"Node Type": "Bitmap Index Scan", "Parent Relationship": "Outer", "Index Name": "idx_supplier_nation_key", "Startup Cost": 0.0, "Total Cost": 94.25, "Plan Rows": 4000, "Plan Width": 0, "Index Cond": "(s_nationkey = public.nation.n_nationkey)"}]}]}, {"Node Type": "Bitmap Heap Scan", "Parent Relationship": "Inner", "Relation Name": "partsupp", "Alias": "partsupp", "Startup Cost": 1.57, "Total Cost": 9.71, "Plan Rows": 13, "Plan Width": 24, "Recheck Cond": "(ps_suppkey = public.supplier.s_suppkey)", "Plans": [{"Node Type": "Bitmap Index Scan", "Parent Relationship": "Outer", "Index Name": "idx_partsupp_suppkey", "Startup Cost": 0.0, "Total Cost": 1.56, "Plan Rows": 13, "Plan Width": 0, "Index Cond": "(ps_suppkey = public.supplier.s_suppkey)"}]}]}]}, {"Node Type": "Aggregate", "Strategy": "Hashed", "Parent Relationship": "Outer", "Startup Cost": 42836.19, "Total Cost": 43508.44, "Plan Rows": 53780, "Plan Width": 40, "Group By Key": ["public.partsupp.ps_partkey"], "Filter": "(sum((public.partsupp.ps_supplycost * (public.partsupp.ps_availqty)::double precision)) > $2)", "Plans": [{"Node Type": "Nested Loop", "Parent Relationship": "Outer", "Join Type": "Inner", "Startup Cost": 96.82, "Total Cost": 41895.04, "Plan Rows": 53780, "Plan Width": 24, "Inner Unique": false, "Plans": [{"Node Type": "Nested Loop", "Parent Relationship": "Outer", "Join Type": "Inner", "Startup Cost": 95.25, "Total Cost": 2533.35, "Plan Rows": 4000, "Plan Width": 8, "Inner Unique": false, "Plans": [{"Node Type": "Seq Scan", "Parent Relationship": "Outer", "Relation Name": "nation", "Alias": "nation", "Startup Cost": 0.0, "Total Cost": 1.31, "Plan Rows": 1, "Plan Width": 4, "Filter": "(n_name = 'MOZAMBIQUE'::bpchar)"}, {"Node Type": "Bitmap Heap Scan", "Parent Relationship": "Inner", "Relation Name": "supplier", "Alias": "supplier", "Startup Cost": 95.25, "Total Cost": 2492.04, "Plan Rows": 4000, "Plan Width": 12, "Recheck Cond": "(s_nationkey = public.nation.n_nationkey)", "Plans": [{"Node Type": "Bitmap Index Scan", "Parent Relationship": "Outer", "Index Name": "idx_supplier_nation_key", "Startup Cost": 0.0, "Total Cost": 94.25, "Plan Rows": 4000, "Plan Width": 0, "Index Cond": "(s_nationkey = public.nation.n_nationkey)"}]}]}, {"Node Type": "Bitmap Heap Scan", "Parent Relationship": "Inner", "Relation Name": "partsupp", "Alias": "partsupp", "Startup Cost": 1.57, "Total Cost": 9.71, "Plan Rows": 13, "Plan Width": 32, "Recheck Cond": "(ps_suppkey = public.supplier.s_suppkey)", "Plans": [{"Node Type": "Bitmap Index Scan", "Parent Relationship": "Outer", "Index Name": "idx_partsupp_suppkey", "Startup Cost": 0.0, "Total Cost": 1.56, "Plan Rows": 13, "Plan Width": 0, "Index Cond": "(ps_suppkey = public.supplier.s_suppkey)"}]}]}]}]}, "Unique SQL Id": 2932834211, "Planner Runtime": 1}, "explain_analyze_plan": {"Plan": {"Node Type": "Sort", "Startup Cost": 90032.55, "Total Cost": 90167.0, "Plan Rows": 53780, "Plan Width": 40, "Actual Startup Time": 2259.599, "Actual Total Time": 2259.599, "Actual Rows": 0, "Actual Loops": 1, "Sort Key": ["(sum((public.partsupp.ps_supplycost * (public.partsupp.ps_availqty)::double precision))) DESC"], "Sort Method": "quicksort", "Sort Space Used": 25, "Sort Space Type": "Memory", "Plans": [{"Node Type": "Aggregate", "Strategy": "Plain", "Parent Relationship": "exec_init_plan", "Subplan Name": "InitPlan 1 (returns $2)", "Startup Cost": 42298.39, "Total Cost": 42298.4, "Plan Rows": 1, "Plan Width": 24, "Actual Startup Time": 1008.942, "Actual Total Time": 1008.942, "Actual Rows": 1, "Actual Loops": 1, "Plans": [{"Node Type": "Nested Loop", "Parent Relationship": "Outer", "Join Type": "Inner", "Startup Cost": 96.82, "Total Cost": 41895.04, "Plan Rows": 53780, "Plan Width": 16, "Actual Startup Time": 1.124, "Actual Total Time": 881.219, "Actual Rows": 313920, "Actual Loops": 1, "Inner Unique": false, "Plans": [{"Node Type": "Nested Loop", "Parent Relationship": "Outer", "Join Type": "Inner", "Startup Cost": 95.25, "Total Cost": 2533.35, "Plan Rows": 4000, "Plan Width": 8, "Actual Startup Time": 1.07, "Actual Total Time": 9.391, "Actual Rows": 3924, "Actual Loops": 1, "Inner Unique": false, "Plans": [{"Node Type": "Seq Scan", "Parent Relationship": "Outer", "Relation Name": "nation", "Alias": "nation", "Startup Cost": 0.0, "Total Cost": 1.31, "Plan Rows": 1, "Plan Width": 4, "Actual Startup Time": 0.042, "Actual Total Time": 0.058, "Actual Rows": 1, "Actual Loops": 1, "Filter": "(n_name = 'MOZAMBIQUE'::bpchar)", "Rows Removed by Filter": 24}, {"Node Type": "Bitmap Heap Scan", "Parent Relationship": "Inner", "Relation Name": "supplier", "Alias": "supplier", "Startup Cost": 95.25, "Total Cost": 2492.04, "Plan Rows": 4000, "Plan Width": 12, "Actual Startup Time": 1.019, "Actual Total Time": 8.327, "Actual Rows": 3924, "Actual Loops": 1, "Recheck Cond": "(s_nationkey = public.nation.n_nationkey)", "Rows Removed by Index Recheck": 0, "Exact Heap Blocks": 1895, "Lossy Heap Blocks": 1895, "Plans": [{"Node Type": "Bitmap Index Scan", "Parent Relationship": "Outer", "Index Name": "idx_supplier_nation_key", "Startup Cost": 0.0, "Total Cost": 94.25, "Plan Rows": 4000, "Plan Width": 0, "Actual Startup Time": 0.744, "Actual Total Time": 0.744, "Actual Rows": 3924, "Actual Loops": 1, "Index Cond": "(s_nationkey = public.nation.n_nationkey)"}]}]}, {"Node Type": "Bitmap Heap Scan", "Parent Relationship": "Inner", "Relation Name": "partsupp", "Alias": "partsupp", "Startup Cost": 1.57, "Total Cost": 9.71, "Plan Rows": 13, "Plan Width": 24, "Actual Startup Time": 110.886, "Actual Total Time": 803.989, "Actual Rows": 313920, "Actual Loops": 3924, "Recheck Cond": "(ps_suppkey = public.supplier.s_suppkey)", "Rows Removed by Index Recheck": 0, "Exact Heap Blocks": 313920, "Lossy Heap Blocks": 313920, "Plans": [{"Node Type": "Bitmap Index Scan", "Parent Relationship": "Outer", "Index Name": "idx_partsupp_suppkey", "Startup Cost": 0.0, "Total Cost": 1.56, "Plan Rows": 13, "Plan Width": 0, "Actual Startup Time": 71.169, "Actual Total Time": 71.169, "Actual Rows": 313920, "Actual Loops": 3924, "Index Cond": "(ps_suppkey = public.supplier.s_suppkey)"}]}]}]}, {"Node Type": "Aggregate", "Strategy": "Hashed", "Parent Relationship": "Outer", "Startup Cost": 42836.19, "Total Cost": 43508.44, "Plan Rows": 53780, "Plan Width": 40, "Actual Startup Time": 2259.097, "Actual Total Time": 2259.097, "Actual Rows": 0, "Actual Loops": 1, "Group By Key": ["public.partsupp.ps_partkey"], "Filter": "(sum((public.partsupp.ps_supplycost * (public.partsupp.ps_availqty)::double precision)) > $2)", "Rows Removed by Filter": 295792, "Plans": [{"Node Type": "Nested Loop", "Parent Relationship": "Outer", "Join Type": "Inner", "Startup Cost": 96.82, "Total Cost": 41895.04, "Plan Rows": 53780, "Plan Width": 24, "Actual Startup Time": 1.137, "Actual Total Time": 834.966, "Actual Rows": 313920, "Actual Loops": 1, "Inner Unique": false, "Plans": [{"Node Type": "Nested Loop", "Parent Relationship": "Outer", "Join Type": "Inner", "Startup Cost": 95.25, "Total Cost": 2533.35, "Plan Rows": 4000, "Plan Width": 8, "Actual Startup Time": 1.088, "Actual Total Time": 8.572, "Actual Rows": 3924, "Actual Loops": 1, "Inner Unique": false, "Plans": [{"Node Type": "Seq Scan", "Parent Relationship": "Outer", "Relation Name": "nation", "Alias": "nation", "Startup Cost": 0.0, "Total Cost": 1.31, "Plan Rows": 1, "Plan Width": 4, "Actual Startup Time": 0.03, "Actual Total Time": 0.044, "Actual Rows": 1, "Actual Loops": 1, "Filter": "(n_name = 'MOZAMBIQUE'::bpchar)", "Rows Removed by Filter": 24}, {"Node Type": "Bitmap Heap Scan", "Parent Relationship": "Inner", "Relation Name": "supplier", "Alias": "supplier", "Startup Cost": 95.25, "Total Cost": 2492.04, "Plan Rows": 4000, "Plan Width": 12, "Actual Startup Time": 1.052, "Actual Total Time": 7.612, "Actual Rows": 3924, "Actual Loops": 1, "Recheck Cond": "(s_nationkey = public.nation.n_nationkey)", "Rows Removed by Index Recheck": 0, "Exact Heap Blocks": 1895, "Lossy Heap Blocks": 1895, "Plans": [{"Node Type": "Bitmap Index Scan", "Parent Relationship": "Outer", "Index Name": "idx_supplier_nation_key", "Startup Cost": 0.0, "Total Cost": 94.25, "Plan Rows": 4000, "Plan Width": 0, "Actual Startup Time": 0.77, "Actual Total Time": 0.77, "Actual Rows": 3924, "Actual Loops": 1, "Index Cond": "(s_nationkey = public.nation.n_nationkey)"}]}]}, {"Node Type": "Bitmap Heap Scan", "Parent Relationship": "Inner", "Relation Name": "partsupp", "Alias": "partsupp", "Startup Cost": 1.57, "Total Cost": 9.71, "Plan Rows": 13, "Plan Width": 32, "Actual Startup Time": 109.514, "Actual Total Time": 752.491, "Actual Rows": 313920, "Actual Loops": 3924, "Recheck Cond": "(ps_suppkey = public.supplier.s_suppkey)", "Rows Removed by Index Recheck": 0, "Exact Heap Blocks": 313920, "Lossy Heap Blocks": 313920, "Plans": [{"Node Type": "Bitmap Index Scan", "Parent Relationship": "Outer", "Index Name": "idx_partsupp_suppkey", "Startup Cost": 0.0, "Total Cost": 1.56, "Plan Rows": 13, "Plan Width": 0, "Actual Startup Time": 70.02, "Actual Total Time": 70.02, "Actual Rows": 313920, "Actual Loops": 3924, "Index Cond": "(ps_suppkey = public.supplier.s_suppkey)"}]}]}]}]}, "Triggers": [], "Planner Runtime": 0, "Total Runtime": 2259.921, "Unique SQL Id": 2932834211}}, "(16, 83)": {"explain_plan": {"Plan": {"Node Type": "Sort", "Startup Cost": 2000084159245.82, "Total Cost": 2000084159380.27, "Plan Rows": 53780, "Plan Width": 40, "Sort Key": ["(sum((public.partsupp.ps_supplycost * (public.partsupp.ps_availqty)::double precision))) DESC"], "Plans": [{"Node Type": "Aggregate", "Strategy": "Plain", "Parent Relationship": "exec_init_plan", "Subplan Name": "InitPlan 1 (returns $2)", "Startup Cost": 1000001001502.42, "Total Cost": 1000001001502.43, "Plan Rows": 1, "Plan Width": 24, "Plans": [{"Node Type": "Nested Loop", "Parent Relationship": "Outer", "Join Type": "Inner", "Startup Cost": 10000000001.83, "Total Cost": 1000001001099.07, "Plan Rows": 53780, "Plan Width": 16, "Inner Unique": false, "Plans": [{"Node Type": "Nested Loop", "Parent Relationship": "Outer", "Join Type": "Inner", "Startup Cost": 10000000000.26, "Total Cost": 1000000961737.38, "Plan Rows": 4000, "Plan Width": 8, "Inner Unique": true, "Plans": [{"Node Type": "Index Scan", "Parent Relationship": "Outer", "Scan Direction": "Forward", "Index Name": "supplier_pkey", "Relation Name": "supplier", "Alias": "supplier", "Startup Cost": 10000000000.0, "Total Cost": 1000000533454.38, "Plan Rows": 100000, "Plan Width": 12}, {"Node Type": "Bitmap Heap Scan", "Parent Relationship": "Inner", "Relation Name": "nation", "Alias": "nation", "Startup Cost": 0.26, "Total Cost": 4.27, "Plan Rows": 1, "Plan Width": 4, "Recheck Cond": "(n_nationkey = public.supplier.s_nationkey)", "Filter": "(n_name = 'MOZAMBIQUE'::bpchar)", "Plans": [{"Node Type": "Bitmap Index Scan", "Parent Relationship": "Outer", "Index Name": "nation_pkey", "Startup Cost": 0.0, "Total Cost": 0.26, "Plan Rows": 1, "Plan Width": 0, "Index Cond": "(n_nationkey = public.supplier.s_nationkey)"}]}]}, {"Node Type": "Bitmap Heap Scan", "Parent Relationship": "Inner", "Relation Name": "partsupp", "Alias": "partsupp", "Startup Cost": 1.57, "Total Cost": 9.71, "Plan Rows": 13, "Plan Width": 24, "Recheck Cond": "(ps_suppkey = public.supplier.s_suppkey)", "Plans": [{"Node Type": "Bitmap Index Scan", "Parent Relationship": "Outer", "Index Name": "idx_partsupp_suppkey", "Startup Cost": 0.0, "Total Cost": 1.56, "Plan Rows": 13, "Plan Width": 0, "Index Cond": "(ps_suppkey = public.supplier.s_suppkey)"}]}]}]}, {"Node Type": "Aggregate", "Strategy": "Hashed", "Parent Relationship": "Outer", "Startup Cost": 1000083152845.44, "Total Cost": 1000083153517.69, "Plan Rows": 53780, "Plan Width": 40, "Group By Key": ["public.partsupp.ps_partkey"], "Filter": "(sum((public.partsupp.ps_supplycost * (public.partsupp.ps_availqty)::double precision)) > $2)", "Plans": [{"Node Type": "Nested Loop", "Parent Relationship": "Outer", "Join Type": "Inner", "Startup Cost": 10000000000.52, "Total Cost": 1000083151904.29, "Plan Rows": 53780, "Plan Width": 24, "Inner Unique": true, "Plans": [{"Node Type": "Nested Loop", "Parent Relationship": "Outer", "Join Type": "Inner", "Startup Cost": 10000000000.26, "Total Cost": 1000077393643.64, "Plan Rows": 1344499, "Plan Width": 28, "Inner Unique": true, "Plans": [{"Node Type": "Index Scan", "Parent Relationship": "Outer", "Scan Direction": "Forward", "Index Name": "idx_partsupp_partkey", "Relation Name": "partsupp", "Alias": "partsupp", "Startup Cost": 10000000000.0, "Total Cost": 1000043148503.38, "Plan Rows": 8000372, "Plan Width": 32}, {"Node Type": "Bitmap Heap Scan", "Parent Relationship": "Inner", "Relation Name": "supplier", "Alias": "supplier", "Startup Cost": 0.26, "Total Cost": 4.27, "Plan Rows": 1, "Plan Width": 12, "Recheck Cond": "(s_suppkey = public.partsupp.ps_suppkey)", "Plans": [{"Node Type": "Bitmap Index Scan", "Parent Relationship": "Outer", "Index Name": "supplier_pkey", "Startup Cost": 0.0, "Total Cost": 0.26, "Plan Rows": 1, "Plan Width": 0, "Index Cond": "(s_suppkey = public.partsupp.ps_suppkey)"}]}]}, {"Node Type": "Bitmap Heap Scan", "Parent Relationship": "Inner", "Relation Name": "nation", "Alias": "nation", "Startup Cost": 0.26, "Total Cost": 4.27, "Plan Rows": 1, "Plan Width": 4, "Recheck Cond": "(n_nationkey = public.supplier.s_nationkey)", "Filter": "(n_name = 'MOZAMBIQUE'::bpchar)", "Plans": [{"Node Type": "Bitmap Index Scan", "Parent Relationship": "Outer", "Index Name": "nation_pkey", "Startup Cost": 0.0, "Total Cost": 0.26, "Plan Rows": 1, "Plan Width": 0, "Index Cond": "(n_nationkey = public.supplier.s_nationkey)"}]}]}]}]}, "Unique SQL Id": 2932834211, "Planner Runtime": 1}, "explain_analyze_plan": null}, "(16, 84)": {"explain_plan": {"Plan": {"Node Type": "Sort", "Startup Cost": 86957.11, "Total Cost": 87091.56, "Plan Rows": 53780, "Plan Width": 40, "Sort Key": ["(sum((public.partsupp.ps_supplycost * (public.partsupp.ps_availqty)::double precision))) DESC"], "Plans": [{"Node Type": "Aggregate", "Strategy": "Plain", "Parent Relationship": "exec_init_plan", "Subplan Name": "InitPlan 1 (returns $2)", "Startup Cost": 40760.67, "Total Cost": 40760.68, "Plan Rows": 1, "Plan Width": 24, "Plans": [{"Node Type": "Nested Loop", "Parent Relationship": "Outer", "Join Type": "Inner", "Startup Cost": 95.25, "Total Cost": 40357.32, "Plan Rows": 53780, "Plan Width": 16, "Inner Unique": false, "Plans": [{"Node Type": "Nested Loop", "Parent Relationship": "Outer", "Join Type": "Inner", "Startup Cost": 95.25, "Total Cost": 2533.35, "Plan Rows": 4000, "Plan Width": 8, "Inner Unique": false, "Plans": [{"Node Type": "Seq Scan", "Parent Relationship": "Outer", "Relation Name": "nation", "Alias": "nation", "Startup Cost": 0.0, "Total Cost": 1.31, "Plan Rows": 1, "Plan Width": 4, "Filter": "(n_name = 'MOZAMBIQUE'::bpchar)"}, {"Node Type": "Bitmap Heap Scan", "Parent Relationship": "Inner", "Relation Name": "supplier", "Alias": "supplier", "Startup Cost": 95.25, "Total Cost": 2492.04, "Plan Rows": 4000, "Plan Width": 12, "Recheck Cond": "(s_nationkey = public.nation.n_nationkey)", "Plans": [{"Node Type": "Bitmap Index Scan", "Parent Relationship": "Outer", "Index Name": "idx_supplier_nation_key", "Startup Cost": 0.0, "Total Cost": 94.25, "Plan Rows": 4000, "Plan Width": 0, "Index Cond": "(s_nationkey = public.nation.n_nationkey)"}]}]}, {"Node Type": "Index Scan", "Parent Relationship": "Inner", "Scan Direction": "Forward", "Index Name": "idx_partsupp_suppkey", "Relation Name": "partsupp", "Alias": "partsupp", "Startup Cost": 0.0, "Total Cost": 9.33, "Plan Rows": 13, "Plan Width": 24, "Index Cond": "(ps_suppkey = public.supplier.s_suppkey)"}]}]}, {"Node Type": "Aggregate", "Strategy": "Hashed", "Parent Relationship": "Outer", "Startup Cost": 41298.47, "Total Cost": 41970.72, "Plan Rows": 53780, "Plan Width": 40, "Group By Key": ["public.partsupp.ps_partkey"], "Filter": "(sum((public.partsupp.ps_supplycost * (public.partsupp.ps_availqty)::double precision)) > $2)", "Plans": [{"Node Type": "Nested Loop", "Parent Relationship": "Outer", "Join Type": "Inner", "Startup Cost": 95.25, "Total Cost": 40357.32, "Plan Rows": 53780, "Plan Width": 24, "Inner Unique": false, "Plans": [{"Node Type": "Nested Loop", "Parent Relationship": "Outer", "Join Type": "Inner", "Startup Cost": 95.25, "Total Cost": 2533.35, "Plan Rows": 4000, "Plan Width": 8, "Inner Unique": false, "Plans": [{"Node Type": "Seq Scan", "Parent Relationship": "Outer", "Relation Name": "nation", "Alias": "nation", "Startup Cost": 0.0, "Total Cost": 1.31, "Plan Rows": 1, "Plan Width": 4, "Filter": "(n_name = 'MOZAMBIQUE'::bpchar)"}, {"Node Type": "Bitmap Heap Scan", "Parent Relationship": "Inner", "Relation Name": "supplier", "Alias": "supplier", "Startup Cost": 95.25, "Total Cost": 2492.04, "Plan Rows": 4000, "Plan Width": 12, "Recheck Cond": "(s_nationkey = public.nation.n_nationkey)", "Plans": [{"Node Type": "Bitmap Index Scan", "Parent Relationship": "Outer", "Index Name": "idx_supplier_nation_key", "Startup Cost": 0.0, "Total Cost": 94.25, "Plan Rows": 4000, "Plan Width": 0, "Index Cond": "(s_nationkey = public.nation.n_nationkey)"}]}]}, {"Node Type": "Index Scan", "Parent Relationship": "Inner", "Scan Direction": "Forward", "Index Name": "idx_partsupp_suppkey", "Relation Name": "partsupp", "Alias": "partsupp", "Startup Cost": 0.0, "Total Cost": 9.33, "Plan Rows": 13, "Plan Width": 32, "Index Cond": "(ps_suppkey = public.supplier.s_suppkey)"}]}]}]}, "Unique SQL Id": 2932834211, "Planner Runtime": 1}, "explain_analyze_plan": {"Plan": {"Node Type": "Sort", "Startup Cost": 86957.11, "Total Cost": 87091.56, "Plan Rows": 53780, "Plan Width": 40, "Actual Startup Time": 1867.688, "Actual Total Time": 1867.688, "Actual Rows": 0, "Actual Loops": 1, "Sort Key": ["(sum((public.partsupp.ps_supplycost * (public.partsupp.ps_availqty)::double precision))) DESC"], "Sort Method": "quicksort", "Sort Space Used": 25, "Sort Space Type": "Memory", "Plans": [{"Node Type": "Aggregate", "Strategy": "Plain", "Parent Relationship": "exec_init_plan", "Subplan Name": "InitPlan 1 (returns $2)", "Startup Cost": 40760.67, "Total Cost": 40760.68, "Plan Rows": 1, "Plan Width": 24, "Actual Startup Time": 794.18, "Actual Total Time": 794.181, "Actual Rows": 1, "Actual Loops": 1, "Plans": [{"Node Type": "Nested Loop", "Parent Relationship": "Outer", "Join Type": "Inner", "Startup Cost": 95.25, "Total Cost": 40357.32, "Plan Rows": 53780, "Plan Width": 16, "Actual Startup Time": 1.125, "Actual Total Time": 657.634, "Actual Rows": 313920, "Actual Loops": 1, "Inner Unique": false, "Plans": [{"Node Type": "Nested Loop", "Parent Relationship": "Outer", "Join Type": "Inner", "Startup Cost": 95.25, "Total Cost": 2533.35, "Plan Rows": 4000, "Plan Width": 8, "Actual Startup Time": 1.098, "Actual Total Time": 8.186, "Actual Rows": 3924, "Actual Loops": 1, "Inner Unique": false, "Plans": [{"Node Type": "Seq Scan", "Parent Relationship": "Outer", "Relation Name": "nation", "Alias": "nation", "Startup Cost": 0.0, "Total Cost": 1.31, "Plan Rows": 1, "Plan Width": 4, "Actual Startup Time": 0.024, "Actual Total Time": 0.047, "Actual Rows": 1, "Actual Loops": 1, "Filter": "(n_name = 'MOZAMBIQUE'::bpchar)", "Rows Removed by Filter": 24}, {"Node Type": "Bitmap Heap Scan", "Parent Relationship": "Inner", "Relation Name": "supplier", "Alias": "supplier", "Startup Cost": 95.25, "Total Cost": 2492.04, "Plan Rows": 4000, "Plan Width": 12, "Actual Startup Time": 1.058, "Actual Total Time": 7.206, "Actual Rows": 3924, "Actual Loops": 1, "Recheck Cond": "(s_nationkey = public.nation.n_nationkey)", "Rows Removed by Index Recheck": 0, "Exact Heap Blocks": 1895, "Lossy Heap Blocks": 1895, "Plans": [{"Node Type": "Bitmap Index Scan", "Parent Relationship": "Outer", "Index Name": "idx_supplier_nation_key", "Startup Cost": 0.0, "Total Cost": 94.25, "Plan Rows": 4000, "Plan Width": 0, "Actual Startup Time": 0.777, "Actual Total Time": 0.777, "Actual Rows": 3924, "Actual Loops": 1, "Index Cond": "(s_nationkey = public.nation.n_nationkey)"}]}]}, {"Node Type": "Index Scan", "Parent Relationship": "Inner", "Scan Direction": "Forward", "Index Name": "idx_partsupp_suppkey", "Relation Name": "partsupp", "Alias": "partsupp", "Startup Cost": 0.0, "Total Cost": 9.33, "Plan Rows": 13, "Plan Width": 24, "Actual Startup Time": 48.522, "Actual Total Time": 582.276, "Actual Rows": 313920, "Actual Loops": 3924, "Index Cond": "(ps_suppkey = public.supplier.s_suppkey)", "Rows Removed by Index Recheck": 0}]}]}, {"Node Type": "Aggregate", "Strategy": "Hashed", "Parent Relationship": "Outer", "Startup Cost": 41298.47, "Total Cost": 41970.72, "Plan Rows": 53780, "Plan Width": 40, "Actual Startup Time": 1867.28, "Actual Total Time": 1867.28, "Actual Rows": 0, "Actual Loops": 1, "Group By Key": ["public.partsupp.ps_partkey"], "Filter": "(sum((public.partsupp.ps_supplycost * (public.partsupp.ps_availqty)::double precision)) > $2)", "Rows Removed by Filter": 295792, "Plans": [{"Node Type": "Nested Loop", "Parent Relationship": "Outer", "Join Type": "Inner", "Startup Cost": 95.25, "Total Cost": 40357.32, "Plan Rows": 53780, "Plan Width": 24, "Actual Startup Time": 1.055, "Actual Total Time": 684.172, "Actual Rows": 313920, "Actual Loops": 1, "Inner Unique": false, "Plans": [{"Node Type": "Nested Loop", "Parent Relationship": "Outer", "Join Type": "Inner", "Startup Cost": 95.25, "Total Cost": 2533.35, "Plan Rows": 4000, "Plan Width": 8, "Actual Startup Time": 1.024, "Actual Total Time": 8.574, "Actual Rows": 3924, "Actual Loops": 1, "Inner Unique": false, "Plans": [{"Node Type": "Seq Scan", "Parent Relationship": "Outer", "Relation Name": "nation", "Alias": "nation", "Startup Cost": 0.0, "Total Cost": 1.31, "Plan Rows": 1, "Plan Width": 4, "Actual Startup Time": 0.032, "Actual Total Time": 0.044, "Actual Rows": 1, "Actual Loops": 1, "Filter": "(n_name = 'MOZAMBIQUE'::bpchar)", "Rows Removed by Filter": 24}, {"Node Type": "Bitmap Heap Scan", "Parent Relationship": "Inner", "Relation Name": "supplier", "Alias": "supplier", "Startup Cost": 95.25, "Total Cost": 2492.04, "Plan Rows": 4000, "Plan Width": 12, "Actual Startup Time": 0.985, "Actual Total Time": 7.583, "Actual Rows": 3924, "Actual Loops": 1, "Recheck Cond": "(s_nationkey = public.nation.n_nationkey)", "Rows Removed by Index Recheck": 0, "Exact Heap Blocks": 1895, "Lossy Heap Blocks": 1895, "Plans": [{"Node Type": "Bitmap Index Scan", "Parent Relationship": "Outer", "Index Name": "idx_supplier_nation_key", "Startup Cost": 0.0, "Total Cost": 94.25, "Plan Rows": 4000, "Plan Width": 0, "Actual Startup Time": 0.705, "Actual Total Time": 0.705, "Actual Rows": 3924, "Actual Loops": 1, "Index Cond": "(s_nationkey = public.nation.n_nationkey)"}]}]}, {"Node Type": "Index Scan", "Parent Relationship": "Inner", "Scan Direction": "Forward", "Index Name": "idx_partsupp_suppkey", "Relation Name": "partsupp", "Alias": "partsupp", "Startup Cost": 0.0, "Total Cost": 9.33, "Plan Rows": 13, "Plan Width": 32, "Actual Startup Time": 49.919, "Actual Total Time": 602.753, "Actual Rows": 313920, "Actual Loops": 3924, "Index Cond": "(ps_suppkey = public.supplier.s_suppkey)", "Rows Removed by Index Recheck": 0}]}]}]}, "Triggers": [], "Planner Runtime": 0, "Total Runtime": 1868.014, "Unique SQL Id": 2932834211}}, "(16, 85)": {"explain_plan": {"Plan": {"Node Type": "Sort", "Startup Cost": 86979.86, "Total Cost": 87114.31, "Plan Rows": 53780, "Plan Width": 40, "Sort Key": ["(sum((public.partsupp.ps_supplycost * (public.partsupp.ps_availqty)::double precision))) DESC"], "Plans": [{"Node Type": "Aggregate", "Strategy": "Plain", "Parent Relationship": "exec_init_plan", "Subplan Name": "InitPlan 1 (returns $2)", "Startup Cost": 40772.04, "Total Cost": 40772.06, "Plan Rows": 1, "Plan Width": 24, "Plans": [{"Node Type": "Nested Loop", "Parent Relationship": "Outer", "Join Type": "Inner", "Startup Cost": 95.25, "Total Cost": 40368.69, "Plan Rows": 53780, "Plan Width": 16, "Inner Unique": false, "Plans": [{"Node Type": "Nested Loop", "Parent Relationship": "Outer", "Join Type": "Inner", "Startup Cost": 95.25, "Total Cost": 2544.73, "Plan Rows": 4000, "Plan Width": 8, "Inner Unique": false, "Plans": [{"Node Type": "Index Scan", "Parent Relationship": "Outer", "Scan Direction": "Forward", "Index Name": "nation_pkey", "Relation Name": "nation", "Alias": "nation", "Startup Cost": 0.0, "Total Cost": 12.69, "Plan Rows": 1, "Plan Width": 4, "Filter": "(n_name = 'MOZAMBIQUE'::bpchar)"}, {"Node Type": "Bitmap Heap Scan", "Parent Relationship": "Inner", "Relation Name": "supplier", "Alias": "supplier", "Startup Cost": 95.25, "Total Cost": 2492.04, "Plan Rows": 4000, "Plan Width": 12, "Recheck Cond": "(s_nationkey = public.nation.n_nationkey)", "Plans": [{"Node Type": "Bitmap Index Scan", "Parent Relationship": "Outer", "Index Name": "idx_supplier_nation_key", "Startup Cost": 0.0, "Total Cost": 94.25, "Plan Rows": 4000, "Plan Width": 0, "Index Cond": "(s_nationkey = public.nation.n_nationkey)"}]}]}, {"Node Type": "Index Scan", "Parent Relationship": "Inner", "Scan Direction": "Forward", "Index Name": "idx_partsupp_suppkey", "Relation Name": "partsupp", "Alias": "partsupp", "Startup Cost": 0.0, "Total Cost": 9.33, "Plan Rows": 13, "Plan Width": 24, "Index Cond": "(ps_suppkey = public.supplier.s_suppkey)"}]}]}, {"Node Type": "Aggregate", "Strategy": "Hashed", "Parent Relationship": "Outer", "Startup Cost": 41309.84, "Total Cost": 41982.09, "Plan Rows": 53780, "Plan Width": 40, "Group By Key": ["public.partsupp.ps_partkey"], "Filter": "(sum((public.partsupp.ps_supplycost * (public.partsupp.ps_availqty)::double precision)) > $2)", "Plans": [{"Node Type": "Nested Loop", "Parent Relationship": "Outer", "Join Type": "Inner", "Startup Cost": 95.25, "Total Cost": 40368.69, "Plan Rows": 53780, "Plan Width": 24, "Inner Unique": false, "Plans": [{"Node Type": "Nested Loop", "Parent Relationship": "Outer", "Join Type": "Inner", "Startup Cost": 95.25, "Total Cost": 2544.73, "Plan Rows": 4000, "Plan Width": 8, "Inner Unique": false, "Plans": [{"Node Type": "Index Scan", "Parent Relationship": "Outer", "Scan Direction": "Forward", "Index Name": "nation_pkey", "Relation Name": "nation", "Alias": "nation", "Startup Cost": 0.0, "Total Cost": 12.69, "Plan Rows": 1, "Plan Width": 4, "Filter": "(n_name = 'MOZAMBIQUE'::bpchar)"}, {"Node Type": "Bitmap Heap Scan", "Parent Relationship": "Inner", "Relation Name": "supplier", "Alias": "supplier", "Startup Cost": 95.25, "Total Cost": 2492.04, "Plan Rows": 4000, "Plan Width": 12, "Recheck Cond": "(s_nationkey = public.nation.n_nationkey)", "Plans": [{"Node Type": "Bitmap Index Scan", "Parent Relationship": "Outer", "Index Name": "idx_supplier_nation_key", "Startup Cost": 0.0, "Total Cost": 94.25, "Plan Rows": 4000, "Plan Width": 0, "Index Cond": "(s_nationkey = public.nation.n_nationkey)"}]}]}, {"Node Type": "Index Scan", "Parent Relationship": "Inner", "Scan Direction": "Forward", "Index Name": "idx_partsupp_suppkey", "Relation Name": "partsupp", "Alias": "partsupp", "Startup Cost": 0.0, "Total Cost": 9.33, "Plan Rows": 13, "Plan Width": 32, "Index Cond": "(ps_suppkey = public.supplier.s_suppkey)"}]}]}]}, "Unique SQL Id": 2932834211, "Planner Runtime": 1}, "explain_analyze_plan": {"Plan": {"Node Type": "Sort", "Startup Cost": 86979.86, "Total Cost": 87114.31, "Plan Rows": 53780, "Plan Width": 40, "Actual Startup Time": 2004.071, "Actual Total Time": 2004.071, "Actual Rows": 0, "Actual Loops": 1, "Sort Key": ["(sum((public.partsupp.ps_supplycost * (public.partsupp.ps_availqty)::double precision))) DESC"], "Sort Method": "quicksort", "Sort Space Used": 25, "Sort Space Type": "Memory", "Plans": [{"Node Type": "Aggregate", "Strategy": "Plain", "Parent Relationship": "exec_init_plan", "Subplan Name": "InitPlan 1 (returns $2)", "Startup Cost": 40772.04, "Total Cost": 40772.06, "Plan Rows": 1, "Plan Width": 24, "Actual Startup Time": 813.993, "Actual Total Time": 813.994, "Actual Rows": 1, "Actual Loops": 1, "Plans": [{"Node Type": "Nested Loop", "Parent Relationship": "Outer", "Join Type": "Inner", "Startup Cost": 95.25, "Total Cost": 40368.69, "Plan Rows": 53780, "Plan Width": 16, "Actual Startup Time": 1.031, "Actual Total Time": 679.613, "Actual Rows": 313920, "Actual Loops": 1, "Inner Unique": false, "Plans": [{"Node Type": "Nested Loop", "Parent Relationship": "Outer", "Join Type": "Inner", "Startup Cost": 95.25, "Total Cost": 2544.73, "Plan Rows": 4000, "Plan Width": 8, "Actual Startup Time": 1.007, "Actual Total Time": 8.373, "Actual Rows": 3924, "Actual Loops": 1, "Inner Unique": false, "Plans": [{"Node Type": "Index Scan", "Parent Relationship": "Outer", "Scan Direction": "Forward", "Index Name": "nation_pkey", "Relation Name": "nation", "Alias": "nation", "Startup Cost": 0.0, "Total Cost": 12.69, "Plan Rows": 1, "Plan Width": 4, "Actual Startup Time": 0.027, "Actual Total Time": 0.082, "Actual Rows": 1, "Actual Loops": 1, "Filter": "(n_name = 'MOZAMBIQUE'::bpchar)", "Rows Removed by Filter": 24}, {"Node Type": "Bitmap Heap Scan", "Parent Relationship": "Inner", "Relation Name": "supplier", "Alias": "supplier", "Startup Cost": 95.25, "Total Cost": 2492.04, "Plan Rows": 4000, "Plan Width": 12, "Actual Startup Time": 0.966, "Actual Total Time": 7.31, "Actual Rows": 3924, "Actual Loops": 1, "Recheck Cond": "(s_nationkey = public.nation.n_nationkey)", "Rows Removed by Index Recheck": 0, "Exact Heap Blocks": 1895, "Lossy Heap Blocks": 1895, "Plans": [{"Node Type": "Bitmap Index Scan", "Parent Relationship": "Outer", "Index Name": "idx_supplier_nation_key", "Startup Cost": 0.0, "Total Cost": 94.25, "Plan Rows": 4000, "Plan Width": 0, "Actual Startup Time": 0.678, "Actual Total Time": 0.678, "Actual Rows": 3924, "Actual Loops": 1, "Index Cond": "(s_nationkey = public.nation.n_nationkey)"}]}]}, {"Node Type": "Index Scan", "Parent Relationship": "Inner", "Scan Direction": "Forward", "Index Name": "idx_partsupp_suppkey", "Relation Name": "partsupp", "Alias": "partsupp", "Startup Cost": 0.0, "Total Cost": 9.33, "Plan Rows": 13, "Plan Width": 24, "Actual Startup Time": 46.974, "Actual Total Time": 604.92, "Actual Rows": 313920, "Actual Loops": 3924, "Index Cond": "(ps_suppkey = public.supplier.s_suppkey)", "Rows Removed by Index Recheck": 0}]}]}, {"Node Type": "Aggregate", "Strategy": "Hashed", "Parent Relationship": "Outer", "Startup Cost": 41309.84, "Total Cost": 41982.09, "Plan Rows": 53780, "Plan Width": 40, "Actual Startup Time": 2003.564, "Actual Total Time": 2003.564, "Actual Rows": 0, "Actual Loops": 1, "Group By Key": ["public.partsupp.ps_partkey"], "Filter": "(sum((public.partsupp.ps_supplycost * (public.partsupp.ps_availqty)::double precision)) > $2)", "Rows Removed by Filter": 295792, "Plans": [{"Node Type": "Nested Loop", "Parent Relationship": "Outer", "Join Type": "Inner", "Startup Cost": 95.25, "Total Cost": 40368.69, "Plan Rows": 53780, "Plan Width": 24, "Actual Startup Time": 1.126, "Actual Total Time": 773.104, "Actual Rows": 313920, "Actual Loops": 1, "Inner Unique": false, "Plans": [{"Node Type": "Nested Loop", "Parent Relationship": "Outer", "Join Type": "Inner", "Startup Cost": 95.25, "Total Cost": 2544.73, "Plan Rows": 4000, "Plan Width": 8, "Actual Startup Time": 1.098, "Actual Total Time": 9.874, "Actual Rows": 3924, "Actual Loops": 1, "Inner Unique": false, "Plans": [{"Node Type": "Index Scan", "Parent Relationship": "Outer", "Scan Direction": "Forward", "Index Name": "nation_pkey", "Relation Name": "nation", "Alias": "nation", "Startup Cost": 0.0, "Total Cost": 12.69, "Plan Rows": 1, "Plan Width": 4, "Actual Startup Time": 0.032, "Actual Total Time": 0.045, "Actual Rows": 1, "Actual Loops": 1, "Filter": "(n_name = 'MOZAMBIQUE'::bpchar)", "Rows Removed by Filter": 24}, {"Node Type": "Bitmap Heap Scan", "Parent Relationship": "Inner", "Relation Name": "supplier", "Alias": "supplier", "Startup Cost": 95.25, "Total Cost": 2492.04, "Plan Rows": 4000, "Plan Width": 12, "Actual Startup Time": 1.058, "Actual Total Time": 8.873, "Actual Rows": 3924, "Actual Loops": 1, "Recheck Cond": "(s_nationkey = public.nation.n_nationkey)", "Rows Removed by Index Recheck": 0, "Exact Heap Blocks": 1895, "Lossy Heap Blocks": 1895, "Plans": [{"Node Type": "Bitmap Index Scan", "Parent Relationship": "Outer", "Index Name": "idx_supplier_nation_key", "Startup Cost": 0.0, "Total Cost": 94.25, "Plan Rows": 4000, "Plan Width": 0, "Actual Startup Time": 0.766, "Actual Total Time": 0.766, "Actual Rows": 3924, "Actual Loops": 1, "Index Cond": "(s_nationkey = public.nation.n_nationkey)"}]}]}, {"Node Type": "Index Scan", "Parent Relationship": "Inner", "Scan Direction": "Forward", "Index Name": "idx_partsupp_suppkey", "Relation Name": "partsupp", "Alias": "partsupp", "Startup Cost": 0.0, "Total Cost": 9.33, "Plan Rows": 13, "Plan Width": 32, "Actual Startup Time": 55.084, "Actual Total Time": 692.047, "Actual Rows": 313920, "Actual Loops": 3924, "Index Cond": "(ps_suppkey = public.supplier.s_suppkey)", "Rows Removed by Index Recheck": 0}]}]}]}, "Triggers": [], "Planner Runtime": 0, "Total Runtime": 2004.504, "Unique SQL Id": 2932834211}}, "(16, 86)": {"explain_plan": {"Plan": {"Node Type": "Sort", "Startup Cost": 90032.55, "Total Cost": 90167.0, "Plan Rows": 53780, "Plan Width": 40, "Sort Key": ["(sum((public.partsupp.ps_supplycost * (public.partsupp.ps_availqty)::double precision))) DESC"], "Plans": [{"Node Type": "Aggregate", "Strategy": "Plain", "Parent Relationship": "exec_init_plan", "Subplan Name": "InitPlan 1 (returns $2)", "Startup Cost": 42298.39, "Total Cost": 42298.4, "Plan Rows": 1, "Plan Width": 24, "Plans": [{"Node Type": "Nested Loop", "Parent Relationship": "Outer", "Join Type": "Inner", "Startup Cost": 96.82, "Total Cost": 41895.04, "Plan Rows": 53780, "Plan Width": 16, "Inner Unique": false, "Plans": [{"Node Type": "Nested Loop", "Parent Relationship": "Outer", "Join Type": "Inner", "Startup Cost": 95.25, "Total Cost": 2533.35, "Plan Rows": 4000, "Plan Width": 8, "Inner Unique": false, "Plans": [{"Node Type": "Seq Scan", "Parent Relationship": "Outer", "Relation Name": "nation", "Alias": "nation", "Startup Cost": 0.0, "Total Cost": 1.31, "Plan Rows": 1, "Plan Width": 4, "Filter": "(n_name = 'MOZAMBIQUE'::bpchar)"}, {"Node Type": "Bitmap Heap Scan", "Parent Relationship": "Inner", "Relation Name": "supplier", "Alias": "supplier", "Startup Cost": 95.25, "Total Cost": 2492.04, "Plan Rows": 4000, "Plan Width": 12, "Recheck Cond": "(s_nationkey = public.nation.n_nationkey)", "Plans": [{"Node Type": "Bitmap Index Scan", "Parent Relationship": "Outer", "Index Name": "idx_supplier_nation_key", "Startup Cost": 0.0, "Total Cost": 94.25, "Plan Rows": 4000, "Plan Width": 0, "Index Cond": "(s_nationkey = public.nation.n_nationkey)"}]}]}, {"Node Type": "Bitmap Heap Scan", "Parent Relationship": "Inner", "Relation Name": "partsupp", "Alias": "partsupp", "Startup Cost": 1.57, "Total Cost": 9.71, "Plan Rows": 13, "Plan Width": 24, "Recheck Cond": "(ps_suppkey = public.supplier.s_suppkey)", "Plans": [{"Node Type": "Bitmap Index Scan", "Parent Relationship": "Outer", "Index Name": "idx_partsupp_suppkey", "Startup Cost": 0.0, "Total Cost": 1.56, "Plan Rows": 13, "Plan Width": 0, "Index Cond": "(ps_suppkey = public.supplier.s_suppkey)"}]}]}]}, {"Node Type": "Aggregate", "Strategy": "Hashed", "Parent Relationship": "Outer", "Startup Cost": 42836.19, "Total Cost": 43508.44, "Plan Rows": 53780, "Plan Width": 40, "Group By Key": ["public.partsupp.ps_partkey"], "Filter": "(sum((public.partsupp.ps_supplycost * (public.partsupp.ps_availqty)::double precision)) > $2)", "Plans": [{"Node Type": "Nested Loop", "Parent Relationship": "Outer", "Join Type": "Inner", "Startup Cost": 96.82, "Total Cost": 41895.04, "Plan Rows": 53780, "Plan Width": 24, "Inner Unique": false, "Plans": [{"Node Type": "Nested Loop", "Parent Relationship": "Outer", "Join Type": "Inner", "Startup Cost": 95.25, "Total Cost": 2533.35, "Plan Rows": 4000, "Plan Width": 8, "Inner Unique": false, "Plans": [{"Node Type": "Seq Scan", "Parent Relationship": "Outer", "Relation Name": "nation", "Alias": "nation", "Startup Cost": 0.0, "Total Cost": 1.31, "Plan Rows": 1, "Plan Width": 4, "Filter": "(n_name = 'MOZAMBIQUE'::bpchar)"}, {"Node Type": "Bitmap Heap Scan", "Parent Relationship": "Inner", "Relation Name": "supplier", "Alias": "supplier", "Startup Cost": 95.25, "Total Cost": 2492.04, "Plan Rows": 4000, "Plan Width": 12, "Recheck Cond": "(s_nationkey = public.nation.n_nationkey)", "Plans": [{"Node Type": "Bitmap Index Scan", "Parent Relationship": "Outer", "Index Name": "idx_supplier_nation_key", "Startup Cost": 0.0, "Total Cost": 94.25, "Plan Rows": 4000, "Plan Width": 0, "Index Cond": "(s_nationkey = public.nation.n_nationkey)"}]}]}, {"Node Type": "Bitmap Heap Scan", "Parent Relationship": "Inner", "Relation Name": "partsupp", "Alias": "partsupp", "Startup Cost": 1.57, "Total Cost": 9.71, "Plan Rows": 13, "Plan Width": 32, "Recheck Cond": "(ps_suppkey = public.supplier.s_suppkey)", "Plans": [{"Node Type": "Bitmap Index Scan", "Parent Relationship": "Outer", "Index Name": "idx_partsupp_suppkey", "Startup Cost": 0.0, "Total Cost": 1.56, "Plan Rows": 13, "Plan Width": 0, "Index Cond": "(ps_suppkey = public.supplier.s_suppkey)"}]}]}]}]}, "Unique SQL Id": 2932834211, "Planner Runtime": 1}, "explain_analyze_plan": {"Plan": {"Node Type": "Sort", "Startup Cost": 90032.55, "Total Cost": 90167.0, "Plan Rows": 53780, "Plan Width": 40, "Actual Startup Time": 2259.599, "Actual Total Time": 2259.599, "Actual Rows": 0, "Actual Loops": 1, "Sort Key": ["(sum((public.partsupp.ps_supplycost * (public.partsupp.ps_availqty)::double precision))) DESC"], "Sort Method": "quicksort", "Sort Space Used": 25, "Sort Space Type": "Memory", "Plans": [{"Node Type": "Aggregate", "Strategy": "Plain", "Parent Relationship": "exec_init_plan", "Subplan Name": "InitPlan 1 (returns $2)", "Startup Cost": 42298.39, "Total Cost": 42298.4, "Plan Rows": 1, "Plan Width": 24, "Actual Startup Time": 1008.942, "Actual Total Time": 1008.942, "Actual Rows": 1, "Actual Loops": 1, "Plans": [{"Node Type": "Nested Loop", "Parent Relationship": "Outer", "Join Type": "Inner", "Startup Cost": 96.82, "Total Cost": 41895.04, "Plan Rows": 53780, "Plan Width": 16, "Actual Startup Time": 1.124, "Actual Total Time": 881.219, "Actual Rows": 313920, "Actual Loops": 1, "Inner Unique": false, "Plans": [{"Node Type": "Nested Loop", "Parent Relationship": "Outer", "Join Type": "Inner", "Startup Cost": 95.25, "Total Cost": 2533.35, "Plan Rows": 4000, "Plan Width": 8, "Actual Startup Time": 1.07, "Actual Total Time": 9.391, "Actual Rows": 3924, "Actual Loops": 1, "Inner Unique": false, "Plans": [{"Node Type": "Seq Scan", "Parent Relationship": "Outer", "Relation Name": "nation", "Alias": "nation", "Startup Cost": 0.0, "Total Cost": 1.31, "Plan Rows": 1, "Plan Width": 4, "Actual Startup Time": 0.042, "Actual Total Time": 0.058, "Actual Rows": 1, "Actual Loops": 1, "Filter": "(n_name = 'MOZAMBIQUE'::bpchar)", "Rows Removed by Filter": 24}, {"Node Type": "Bitmap Heap Scan", "Parent Relationship": "Inner", "Relation Name": "supplier", "Alias": "supplier", "Startup Cost": 95.25, "Total Cost": 2492.04, "Plan Rows": 4000, "Plan Width": 12, "Actual Startup Time": 1.019, "Actual Total Time": 8.327, "Actual Rows": 3924, "Actual Loops": 1, "Recheck Cond": "(s_nationkey = public.nation.n_nationkey)", "Rows Removed by Index Recheck": 0, "Exact Heap Blocks": 1895, "Lossy Heap Blocks": 1895, "Plans": [{"Node Type": "Bitmap Index Scan", "Parent Relationship": "Outer", "Index Name": "idx_supplier_nation_key", "Startup Cost": 0.0, "Total Cost": 94.25, "Plan Rows": 4000, "Plan Width": 0, "Actual Startup Time": 0.744, "Actual Total Time": 0.744, "Actual Rows": 3924, "Actual Loops": 1, "Index Cond": "(s_nationkey = public.nation.n_nationkey)"}]}]}, {"Node Type": "Bitmap Heap Scan", "Parent Relationship": "Inner", "Relation Name": "partsupp", "Alias": "partsupp", "Startup Cost": 1.57, "Total Cost": 9.71, "Plan Rows": 13, "Plan Width": 24, "Actual Startup Time": 110.886, "Actual Total Time": 803.989, "Actual Rows": 313920, "Actual Loops": 3924, "Recheck Cond": "(ps_suppkey = public.supplier.s_suppkey)", "Rows Removed by Index Recheck": 0, "Exact Heap Blocks": 313920, "Lossy Heap Blocks": 313920, "Plans": [{"Node Type": "Bitmap Index Scan", "Parent Relationship": "Outer", "Index Name": "idx_partsupp_suppkey", "Startup Cost": 0.0, "Total Cost": 1.56, "Plan Rows": 13, "Plan Width": 0, "Actual Startup Time": 71.169, "Actual Total Time": 71.169, "Actual Rows": 313920, "Actual Loops": 3924, "Index Cond": "(ps_suppkey = public.supplier.s_suppkey)"}]}]}]}, {"Node Type": "Aggregate", "Strategy": "Hashed", "Parent Relationship": "Outer", "Startup Cost": 42836.19, "Total Cost": 43508.44, "Plan Rows": 53780, "Plan Width": 40, "Actual Startup Time": 2259.097, "Actual Total Time": 2259.097, "Actual Rows": 0, "Actual Loops": 1, "Group By Key": ["public.partsupp.ps_partkey"], "Filter": "(sum((public.partsupp.ps_supplycost * (public.partsupp.ps_availqty)::double precision)) > $2)", "Rows Removed by Filter": 295792, "Plans": [{"Node Type": "Nested Loop", "Parent Relationship": "Outer", "Join Type": "Inner", "Startup Cost": 96.82, "Total Cost": 41895.04, "Plan Rows": 53780, "Plan Width": 24, "Actual Startup Time": 1.137, "Actual Total Time": 834.966, "Actual Rows": 313920, "Actual Loops": 1, "Inner Unique": false, "Plans": [{"Node Type": "Nested Loop", "Parent Relationship": "Outer", "Join Type": "Inner", "Startup Cost": 95.25, "Total Cost": 2533.35, "Plan Rows": 4000, "Plan Width": 8, "Actual Startup Time": 1.088, "Actual Total Time": 8.572, "Actual Rows": 3924, "Actual Loops": 1, "Inner Unique": false, "Plans": [{"Node Type": "Seq Scan", "Parent Relationship": "Outer", "Relation Name": "nation", "Alias": "nation", "Startup Cost": 0.0, "Total Cost": 1.31, "Plan Rows": 1, "Plan Width": 4, "Actual Startup Time": 0.03, "Actual Total Time": 0.044, "Actual Rows": 1, "Actual Loops": 1, "Filter": "(n_name = 'MOZAMBIQUE'::bpchar)", "Rows Removed by Filter": 24}, {"Node Type": "Bitmap Heap Scan", "Parent Relationship": "Inner", "Relation Name": "supplier", "Alias": "supplier", "Startup Cost": 95.25, "Total Cost": 2492.04, "Plan Rows": 4000, "Plan Width": 12, "Actual Startup Time": 1.052, "Actual Total Time": 7.612, "Actual Rows": 3924, "Actual Loops": 1, "Recheck Cond": "(s_nationkey = public.nation.n_nationkey)", "Rows Removed by Index Recheck": 0, "Exact Heap Blocks": 1895, "Lossy Heap Blocks": 1895, "Plans": [{"Node Type": "Bitmap Index Scan", "Parent Relationship": "Outer", "Index Name": "idx_supplier_nation_key", "Startup Cost": 0.0, "Total Cost": 94.25, "Plan Rows": 4000, "Plan Width": 0, "Actual Startup Time": 0.77, "Actual Total Time": 0.77, "Actual Rows": 3924, "Actual Loops": 1, "Index Cond": "(s_nationkey = public.nation.n_nationkey)"}]}]}, {"Node Type": "Bitmap Heap Scan", "Parent Relationship": "Inner", "Relation Name": "partsupp", "Alias": "partsupp", "Startup Cost": 1.57, "Total Cost": 9.71, "Plan Rows": 13, "Plan Width": 32, "Actual Startup Time": 109.514, "Actual Total Time": 752.491, "Actual Rows": 313920, "Actual Loops": 3924, "Recheck Cond": "(ps_suppkey = public.supplier.s_suppkey)", "Rows Removed by Index Recheck": 0, "Exact Heap Blocks": 313920, "Lossy Heap Blocks": 313920, "Plans": [{"Node Type": "Bitmap Index Scan", "Parent Relationship": "Outer", "Index Name": "idx_partsupp_suppkey", "Startup Cost": 0.0, "Total Cost": 1.56, "Plan Rows": 13, "Plan Width": 0, "Actual Startup Time": 70.02, "Actual Total Time": 70.02, "Actual Rows": 313920, "Actual Loops": 3924, "Index Cond": "(ps_suppkey = public.supplier.s_suppkey)"}]}]}]}]}, "Triggers": [], "Planner Runtime": 0, "Total Runtime": 2259.921, "Unique SQL Id": 2932834211}}, "(16, 87)": {"explain_plan": {"Plan": {"Node Type": "Sort", "Startup Cost": 2000084159245.82, "Total Cost": 2000084159380.27, "Plan Rows": 53780, "Plan Width": 40, "Sort Key": ["(sum((public.partsupp.ps_supplycost * (public.partsupp.ps_availqty)::double precision))) DESC"], "Plans": [{"Node Type": "Aggregate", "Strategy": "Plain", "Parent Relationship": "exec_init_plan", "Subplan Name": "InitPlan 1 (returns $2)", "Startup Cost": 1000001001502.42, "Total Cost": 1000001001502.43, "Plan Rows": 1, "Plan Width": 24, "Plans": [{"Node Type": "Nested Loop", "Parent Relationship": "Outer", "Join Type": "Inner", "Startup Cost": 10000000001.83, "Total Cost": 1000001001099.07, "Plan Rows": 53780, "Plan Width": 16, "Inner Unique": false, "Plans": [{"Node Type": "Nested Loop", "Parent Relationship": "Outer", "Join Type": "Inner", "Startup Cost": 10000000000.26, "Total Cost": 1000000961737.38, "Plan Rows": 4000, "Plan Width": 8, "Inner Unique": true, "Plans": [{"Node Type": "Index Scan", "Parent Relationship": "Outer", "Scan Direction": "Forward", "Index Name": "supplier_pkey", "Relation Name": "supplier", "Alias": "supplier", "Startup Cost": 10000000000.0, "Total Cost": 1000000533454.38, "Plan Rows": 100000, "Plan Width": 12}, {"Node Type": "Bitmap Heap Scan", "Parent Relationship": "Inner", "Relation Name": "nation", "Alias": "nation", "Startup Cost": 0.26, "Total Cost": 4.27, "Plan Rows": 1, "Plan Width": 4, "Recheck Cond": "(n_nationkey = public.supplier.s_nationkey)", "Filter": "(n_name = 'MOZAMBIQUE'::bpchar)", "Plans": [{"Node Type": "Bitmap Index Scan", "Parent Relationship": "Outer", "Index Name": "nation_pkey", "Startup Cost": 0.0, "Total Cost": 0.26, "Plan Rows": 1, "Plan Width": 0, "Index Cond": "(n_nationkey = public.supplier.s_nationkey)"}]}]}, {"Node Type": "Bitmap Heap Scan", "Parent Relationship": "Inner", "Relation Name": "partsupp", "Alias": "partsupp", "Startup Cost": 1.57, "Total Cost": 9.71, "Plan Rows": 13, "Plan Width": 24, "Recheck Cond": "(ps_suppkey = public.supplier.s_suppkey)", "Plans": [{"Node Type": "Bitmap Index Scan", "Parent Relationship": "Outer", "Index Name": "idx_partsupp_suppkey", "Startup Cost": 0.0, "Total Cost": 1.56, "Plan Rows": 13, "Plan Width": 0, "Index Cond": "(ps_suppkey = public.supplier.s_suppkey)"}]}]}]}, {"Node Type": "Aggregate", "Strategy": "Hashed", "Parent Relationship": "Outer", "Startup Cost": 1000083152845.44, "Total Cost": 1000083153517.69, "Plan Rows": 53780, "Plan Width": 40, "Group By Key": ["public.partsupp.ps_partkey"], "Filter": "(sum((public.partsupp.ps_supplycost * (public.partsupp.ps_availqty)::double precision)) > $2)", "Plans": [{"Node Type": "Nested Loop", "Parent Relationship": "Outer", "Join Type": "Inner", "Startup Cost": 10000000000.52, "Total Cost": 1000083151904.29, "Plan Rows": 53780, "Plan Width": 24, "Inner Unique": true, "Plans": [{"Node Type": "Nested Loop", "Parent Relationship": "Outer", "Join Type": "Inner", "Startup Cost": 10000000000.26, "Total Cost": 1000077393643.64, "Plan Rows": 1344499, "Plan Width": 28, "Inner Unique": true, "Plans": [{"Node Type": "Index Scan", "Parent Relationship": "Outer", "Scan Direction": "Forward", "Index Name": "idx_partsupp_partkey", "Relation Name": "partsupp", "Alias": "partsupp", "Startup Cost": 10000000000.0, "Total Cost": 1000043148503.38, "Plan Rows": 8000372, "Plan Width": 32}, {"Node Type": "Bitmap Heap Scan", "Parent Relationship": "Inner", "Relation Name": "supplier", "Alias": "supplier", "Startup Cost": 0.26, "Total Cost": 4.27, "Plan Rows": 1, "Plan Width": 12, "Recheck Cond": "(s_suppkey = public.partsupp.ps_suppkey)", "Plans": [{"Node Type": "Bitmap Index Scan", "Parent Relationship": "Outer", "Index Name": "supplier_pkey", "Startup Cost": 0.0, "Total Cost": 0.26, "Plan Rows": 1, "Plan Width": 0, "Index Cond": "(s_suppkey = public.partsupp.ps_suppkey)"}]}]}, {"Node Type": "Bitmap Heap Scan", "Parent Relationship": "Inner", "Relation Name": "nation", "Alias": "nation", "Startup Cost": 0.26, "Total Cost": 4.27, "Plan Rows": 1, "Plan Width": 4, "Recheck Cond": "(n_nationkey = public.supplier.s_nationkey)", "Filter": "(n_name = 'MOZAMBIQUE'::bpchar)", "Plans": [{"Node Type": "Bitmap Index Scan", "Parent Relationship": "Outer", "Index Name": "nation_pkey", "Startup Cost": 0.0, "Total Cost": 0.26, "Plan Rows": 1, "Plan Width": 0, "Index Cond": "(n_nationkey = public.supplier.s_nationkey)"}]}]}]}]}, "Unique SQL Id": 2932834211, "Planner Runtime": 1}, "explain_analyze_plan": null}, "(16, 88)": {"explain_plan": {"Plan": {"Node Type": "Sort", "Startup Cost": 99294.27, "Total Cost": 99428.72, "Plan Rows": 53780, "Plan Width": 40, "Sort Key": ["(sum((public.partsupp.ps_supplycost * (public.partsupp.ps_availqty)::double precision))) DESC"], "Plans": [{"Node Type": "Aggregate", "Strategy": "Plain", "Parent Relationship": "exec_init_plan", "Subplan Name": "InitPlan 1 (returns $2)", "Startup Cost": 46929.25, "Total Cost": 46929.26, "Plan Rows": 1, "Plan Width": 24, "Plans": [{"Node Type": "Nested Loop", "Parent Relationship": "Outer", "Join Type": "Inner", "Startup Cost": 0.0, "Total Cost": 46525.9, "Plan Rows": 53780, "Plan Width": 16, "Inner Unique": false, "Plans": [{"Node Type": "Nested Loop", "Parent Relationship": "Outer", "Join Type": "Inner", "Startup Cost": 0.0, "Total Cost": 8701.93, "Plan Rows": 4000, "Plan Width": 8, "Inner Unique": false, "Plans": [{"Node Type": "Seq Scan", "Parent Relationship": "Outer", "Relation Name": "nation", "Alias": "nation", "Startup Cost": 0.0, "Total Cost": 1.31, "Plan Rows": 1, "Plan Width": 4, "Filter": "(n_name = 'MOZAMBIQUE'::bpchar)"}, {"Node Type": "Index Scan", "Parent Relationship": "Inner", "Scan Direction": "Forward", "Index Name": "idx_supplier_nation_key", "Relation Name": "supplier", "Alias": "supplier", "Startup Cost": 0.0, "Total Cost": 8660.62, "Plan Rows": 4000, "Plan Width": 12, "Index Cond": "(s_nationkey = public.nation.n_nationkey)"}]}, {"Node Type": "Index Scan", "Parent Relationship": "Inner", "Scan Direction": "Forward", "Index Name": "idx_partsupp_suppkey", "Relation Name": "partsupp", "Alias": "partsupp", "Startup Cost": 0.0, "Total Cost": 9.33, "Plan Rows": 13, "Plan Width": 24, "Index Cond": "(ps_suppkey = public.supplier.s_suppkey)"}]}]}, {"Node Type": "Aggregate", "Strategy": "Hashed", "Parent Relationship": "Outer", "Startup Cost": 47467.05, "Total Cost": 48139.3, "Plan Rows": 53780, "Plan Width": 40, "Group By Key": ["public.partsupp.ps_partkey"], "Filter": "(sum((public.partsupp.ps_supplycost * (public.partsupp.ps_availqty)::double precision)) > $2)", "Plans": [{"Node Type": "Nested Loop", "Parent Relationship": "Outer", "Join Type": "Inner", "Startup Cost": 0.0, "Total Cost": 46525.9, "Plan Rows": 53780, "Plan Width": 24, "Inner Unique": false, "Plans": [{"Node Type": "Nested Loop", "Parent Relationship": "Outer", "Join Type": "Inner", "Startup Cost": 0.0, "Total Cost": 8701.93, "Plan Rows": 4000, "Plan Width": 8, "Inner Unique": false, "Plans": [{"Node Type": "Seq Scan", "Parent Relationship": "Outer", "Relation Name": "nation", "Alias": "nation", "Startup Cost": 0.0, "Total Cost": 1.31, "Plan Rows": 1, "Plan Width": 4, "Filter": "(n_name = 'MOZAMBIQUE'::bpchar)"}, {"Node Type": "Index Scan", "Parent Relationship": "Inner", "Scan Direction": "Forward", "Index Name": "idx_supplier_nation_key", "Relation Name": "supplier", "Alias": "supplier", "Startup Cost": 0.0, "Total Cost": 8660.62, "Plan Rows": 4000, "Plan Width": 12, "Index Cond": "(s_nationkey = public.nation.n_nationkey)"}]}, {"Node Type": "Index Scan", "Parent Relationship": "Inner", "Scan Direction": "Forward", "Index Name": "idx_partsupp_suppkey", "Relation Name": "partsupp", "Alias": "partsupp", "Startup Cost": 0.0, "Total Cost": 9.33, "Plan Rows": 13, "Plan Width": 32, "Index Cond": "(ps_suppkey = public.supplier.s_suppkey)"}]}]}]}, "Unique SQL Id": 2932834211, "Planner Runtime": 1}, "explain_analyze_plan": {"Plan": {"Node Type": "Sort", "Startup Cost": 99294.27, "Total Cost": 99428.72, "Plan Rows": 53780, "Plan Width": 40, "Actual Startup Time": 1935.864, "Actual Total Time": 1935.864, "Actual Rows": 0, "Actual Loops": 1, "Sort Key": ["(sum((public.partsupp.ps_supplycost * (public.partsupp.ps_availqty)::double precision))) DESC"], "Sort Method": "quicksort", "Sort Space Used": 25, "Sort Space Type": "Memory", "Plans": [{"Node Type": "Aggregate", "Strategy": "Plain", "Parent Relationship": "exec_init_plan", "Subplan Name": "InitPlan 1 (returns $2)", "Startup Cost": 46929.25, "Total Cost": 46929.26, "Plan Rows": 1, "Plan Width": 24, "Actual Startup Time": 776.957, "Actual Total Time": 776.957, "Actual Rows": 1, "Actual Loops": 1, "Plans": [{"Node Type": "Nested Loop", "Parent Relationship": "Outer", "Join Type": "Inner", "Startup Cost": 0.0, "Total Cost": 46525.9, "Plan Rows": 53780, "Plan Width": 16, "Actual Startup Time": 0.092, "Actual Total Time": 642.544, "Actual Rows": 313920, "Actual Loops": 1, "Inner Unique": false, "Plans": [{"Node Type": "Nested Loop", "Parent Relationship": "Outer", "Join Type": "Inner", "Startup Cost": 0.0, "Total Cost": 8701.93, "Plan Rows": 4000, "Plan Width": 8, "Actual Startup Time": 0.068, "Actual Total Time": 6.474, "Actual Rows": 3924, "Actual Loops": 1, "Inner Unique": false, "Plans": [{"Node Type": "Seq Scan", "Parent Relationship": "Outer", "Relation Name": "nation", "Alias": "nation", "Startup Cost": 0.0, "Total Cost": 1.31, "Plan Rows": 1, "Plan Width": 4, "Actual Startup Time": 0.029, "Actual Total Time": 0.04, "Actual Rows": 1, "Actual Loops": 1, "Filter": "(n_name = 'MOZAMBIQUE'::bpchar)", "Rows Removed by Filter": 24}, {"Node Type": "Index Scan", "Parent Relationship": "Inner", "Scan Direction": "Forward", "Index Name": "idx_supplier_nation_key", "Relation Name": "supplier", "Alias": "supplier", "Startup Cost": 0.0, "Total Cost": 8660.62, "Plan Rows": 4000, "Plan Width": 12, "Actual Startup Time": 0.034, "Actual Total Time": 5.297, "Actual Rows": 3924, "Actual Loops": 1, "Index Cond": "(s_nationkey = public.nation.n_nationkey)", "Rows Removed by Index Recheck": 0}]}, {"Node Type": "Index Scan", "Parent Relationship": "Inner", "Scan Direction": "Forward", "Index Name": "idx_partsupp_suppkey", "Relation Name": "partsupp", "Alias": "partsupp", "Startup Cost": 0.0, "Total Cost": 9.33, "Plan Rows": 13, "Plan Width": 24, "Actual Startup Time": 47.792, "Actual Total Time": 570.049, "Actual Rows": 313920, "Actual Loops": 3924, "Index Cond": "(ps_suppkey = public.supplier.s_suppkey)", "Rows Removed by Index Recheck": 0}]}]}, {"Node Type": "Aggregate", "Strategy": "Hashed", "Parent Relationship": "Outer", "Startup Cost": 47467.05, "Total Cost": 48139.3, "Plan Rows": 53780, "Plan Width": 40, "Actual Startup Time": 1935.369, "Actual Total Time": 1935.369, "Actual Rows": 0, "Actual Loops": 1, "Group By Key": ["public.partsupp.ps_partkey"], "Filter": "(sum((public.partsupp.ps_supplycost * (public.partsupp.ps_availqty)::double precision)) > $2)", "Rows Removed by Filter": 295792, "Plans": [{"Node Type": "Nested Loop", "Parent Relationship": "Outer", "Join Type": "Inner", "Startup Cost": 0.0, "Total Cost": 46525.9, "Plan Rows": 53780, "Plan Width": 24, "Actual Startup Time": 0.091, "Actual Total Time": 742.432, "Actual Rows": 313920, "Actual Loops": 1, "Inner Unique": false, "Plans": [{"Node Type": "Nested Loop", "Parent Relationship": "Outer", "Join Type": "Inner", "Startup Cost": 0.0, "Total Cost": 8701.93, "Plan Rows": 4000, "Plan Width": 8, "Actual Startup Time": 0.07, "Actual Total Time": 7.645, "Actual Rows": 3924, "Actual Loops": 1, "Inner Unique": false, "Plans": [{"Node Type": "Seq Scan", "Parent Relationship": "Outer", "Relation Name": "nation", "Alias": "nation", "Startup Cost": 0.0, "Total Cost": 1.31, "Plan Rows": 1, "Plan Width": 4, "Actual Startup Time": 0.03, "Actual Total Time": 0.042, "Actual Rows": 1, "Actual Loops": 1, "Filter": "(n_name = 'MOZAMBIQUE'::bpchar)", "Rows Removed by Filter": 24}, {"Node Type": "Index Scan", "Parent Relationship": "Inner", "Scan Direction": "Forward", "Index Name": "idx_supplier_nation_key", "Relation Name": "supplier", "Alias": "supplier", "Startup Cost": 0.0, "Total Cost": 8660.62, "Plan Rows": 4000, "Plan Width": 12, "Actual Startup Time": 0.035, "Actual Total Time": 6.514, "Actual Rows": 3924, "Actual Loops": 1, "Index Cond": "(s_nationkey = public.nation.n_nationkey)", "Rows Removed by Index Recheck": 0}]}, {"Node Type": "Index Scan", "Parent Relationship": "Inner", "Scan Direction": "Forward", "Index Name": "idx_partsupp_suppkey", "Relation Name": "partsupp", "Alias": "partsupp", "Startup Cost": 0.0, "Total Cost": 9.33, "Plan Rows": 13, "Plan Width": 32, "Actual Startup Time": 54.056, "Actual Total Time": 663.429, "Actual Rows": 313920, "Actual Loops": 3924, "Index Cond": "(ps_suppkey = public.supplier.s_suppkey)", "Rows Removed by Index Recheck": 0}]}]}]}, "Triggers": [], "Planner Runtime": 2, "Total Runtime": 1936.149, "Unique SQL Id": 2932834211}}, "(16, 89)": {"explain_plan": {"Plan": {"Node Type": "Sort", "Startup Cost": 99317.02, "Total Cost": 99451.47, "Plan Rows": 53780, "Plan Width": 40, "Sort Key": ["(sum((public.partsupp.ps_supplycost * (public.partsupp.ps_availqty)::double precision))) DESC"], "Plans": [{"Node Type": "Aggregate", "Strategy": "Plain", "Parent Relationship": "exec_init_plan", "Subplan Name": "InitPlan 1 (returns $2)", "Startup Cost": 46940.63, "Total Cost": 46940.64, "Plan Rows": 1, "Plan Width": 24, "Plans": [{"Node Type": "Nested Loop", "Parent Relationship": "Outer", "Join Type": "Inner", "Startup Cost": 0.0, "Total Cost": 46537.28, "Plan Rows": 53780, "Plan Width": 16, "Inner Unique": false, "Plans": [{"Node Type": "Nested Loop", "Parent Relationship": "Outer", "Join Type": "Inner", "Startup Cost": 0.0, "Total Cost": 8713.31, "Plan Rows": 4000, "Plan Width": 8, "Inner Unique": false, "Plans": [{"Node Type": "Index Scan", "Parent Relationship": "Outer", "Scan Direction": "Forward", "Index Name": "nation_pkey", "Relation Name": "nation", "Alias": "nation", "Startup Cost": 0.0, "Total Cost": 12.69, "Plan Rows": 1, "Plan Width": 4, "Filter": "(n_name = 'MOZAMBIQUE'::bpchar)"}, {"Node Type": "Index Scan", "Parent Relationship": "Inner", "Scan Direction": "Forward", "Index Name": "idx_supplier_nation_key", "Relation Name": "supplier", "Alias": "supplier", "Startup Cost": 0.0, "Total Cost": 8660.62, "Plan Rows": 4000, "Plan Width": 12, "Index Cond": "(s_nationkey = public.nation.n_nationkey)"}]}, {"Node Type": "Index Scan", "Parent Relationship": "Inner", "Scan Direction": "Forward", "Index Name": "idx_partsupp_suppkey", "Relation Name": "partsupp", "Alias": "partsupp", "Startup Cost": 0.0, "Total Cost": 9.33, "Plan Rows": 13, "Plan Width": 24, "Index Cond": "(ps_suppkey = public.supplier.s_suppkey)"}]}]}, {"Node Type": "Aggregate", "Strategy": "Hashed", "Parent Relationship": "Outer", "Startup Cost": 47478.43, "Total Cost": 48150.68, "Plan Rows": 53780, "Plan Width": 40, "Group By Key": ["public.partsupp.ps_partkey"], "Filter": "(sum((public.partsupp.ps_supplycost * (public.partsupp.ps_availqty)::double precision)) > $2)", "Plans": [{"Node Type": "Nested Loop", "Parent Relationship": "Outer", "Join Type": "Inner", "Startup Cost": 0.0, "Total Cost": 46537.28, "Plan Rows": 53780, "Plan Width": 24, "Inner Unique": false, "Plans": [{"Node Type": "Nested Loop", "Parent Relationship": "Outer", "Join Type": "Inner", "Startup Cost": 0.0, "Total Cost": 8713.31, "Plan Rows": 4000, "Plan Width": 8, "Inner Unique": false, "Plans": [{"Node Type": "Index Scan", "Parent Relationship": "Outer", "Scan Direction": "Forward", "Index Name": "nation_pkey", "Relation Name": "nation", "Alias": "nation", "Startup Cost": 0.0, "Total Cost": 12.69, "Plan Rows": 1, "Plan Width": 4, "Filter": "(n_name = 'MOZAMBIQUE'::bpchar)"}, {"Node Type": "Index Scan", "Parent Relationship": "Inner", "Scan Direction": "Forward", "Index Name": "idx_supplier_nation_key", "Relation Name": "supplier", "Alias": "supplier", "Startup Cost": 0.0, "Total Cost": 8660.62, "Plan Rows": 4000, "Plan Width": 12, "Index Cond": "(s_nationkey = public.nation.n_nationkey)"}]}, {"Node Type": "Index Scan", "Parent Relationship": "Inner", "Scan Direction": "Forward", "Index Name": "idx_partsupp_suppkey", "Relation Name": "partsupp", "Alias": "partsupp", "Startup Cost": 0.0, "Total Cost": 9.33, "Plan Rows": 13, "Plan Width": 32, "Index Cond": "(ps_suppkey = public.supplier.s_suppkey)"}]}]}]}, "Unique SQL Id": 2932834211, "Planner Runtime": 2}, "explain_analyze_plan": {"Plan": {"Node Type": "Sort", "Startup Cost": 99317.02, "Total Cost": 99451.47, "Plan Rows": 53780, "Plan Width": 40, "Actual Startup Time": 2113.937, "Actual Total Time": 2113.937, "Actual Rows": 0, "Actual Loops": 1, "Sort Key": ["(sum((public.partsupp.ps_supplycost * (public.partsupp.ps_availqty)::double precision))) DESC"], "Sort Method": "quicksort", "Sort Space Used": 25, "Sort Space Type": "Memory", "Plans": [{"Node Type": "Aggregate", "Strategy": "Plain", "Parent Relationship": "exec_init_plan", "Subplan Name": "InitPlan 1 (returns $2)", "Startup Cost": 46940.63, "Total Cost": 46940.64, "Plan Rows": 1, "Plan Width": 24, "Actual Startup Time": 916.054, "Actual Total Time": 916.055, "Actual Rows": 1, "Actual Loops": 1, "Plans": [{"Node Type": "Nested Loop", "Parent Relationship": "Outer", "Join Type": "Inner", "Startup Cost": 0.0, "Total Cost": 46537.28, "Plan Rows": 53780, "Plan Width": 16, "Actual Startup Time": 0.087, "Actual Total Time": 779.91, "Actual Rows": 313920, "Actual Loops": 1, "Inner Unique": false, "Plans": [{"Node Type": "Nested Loop", "Parent Relationship": "Outer", "Join Type": "Inner", "Startup Cost": 0.0, "Total Cost": 8713.31, "Plan Rows": 4000, "Plan Width": 8, "Actual Startup Time": 0.062, "Actual Total Time": 7.74, "Actual Rows": 3924, "Actual Loops": 1, "Inner Unique": false, "Plans": [{"Node Type": "Index Scan", "Parent Relationship": "Outer", "Scan Direction": "Forward", "Index Name": "nation_pkey", "Relation Name": "nation", "Alias": "nation", "Startup Cost": 0.0, "Total Cost": 12.69, "Plan Rows": 1, "Plan Width": 4, "Actual Startup Time": 0.025, "Actual Total Time": 0.038, "Actual Rows": 1, "Actual Loops": 1, "Filter": "(n_name = 'MOZAMBIQUE'::bpchar)", "Rows Removed by Filter": 24}, {"Node Type": "Index Scan", "Parent Relationship": "Inner", "Scan Direction": "Forward", "Index Name": "idx_supplier_nation_key", "Relation Name": "supplier", "Alias": "supplier", "Startup Cost": 0.0, "Total Cost": 8660.62, "Plan Rows": 4000, "Plan Width": 12, "Actual Startup Time": 0.029, "Actual Total Time": 6.599, "Actual Rows": 3924, "Actual Loops": 1, "Index Cond": "(s_nationkey = public.nation.n_nationkey)", "Rows Removed by Index Recheck": 0}]}, {"Node Type": "Index Scan", "Parent Relationship": "Inner", "Scan Direction": "Forward", "Index Name": "idx_partsupp_suppkey", "Relation Name": "partsupp", "Alias": "partsupp", "Startup Cost": 0.0, "Total Cost": 9.33, "Plan Rows": 13, "Plan Width": 24, "Actual Startup Time": 52.072, "Actual Total Time": 705.823, "Actual Rows": 313920, "Actual Loops": 3924, "Index Cond": "(ps_suppkey = public.supplier.s_suppkey)", "Rows Removed by Index Recheck": 0}]}]}, {"Node Type": "Aggregate", "Strategy": "Hashed", "Parent Relationship": "Outer", "Startup Cost": 47478.43, "Total Cost": 48150.68, "Plan Rows": 53780, "Plan Width": 40, "Actual Startup Time": 2113.466, "Actual Total Time": 2113.466, "Actual Rows": 0, "Actual Loops": 1, "Group By Key": ["public.partsupp.ps_partkey"], "Filter": "(sum((public.partsupp.ps_supplycost * (public.partsupp.ps_availqty)::double precision)) > $2)", "Rows Removed by Filter": 295792, "Plans": [{"Node Type": "Nested Loop", "Parent Relationship": "Outer", "Join Type": "Inner", "Startup Cost": 0.0, "Total Cost": 46537.28, "Plan Rows": 53780, "Plan Width": 24, "Actual Startup Time": 0.094, "Actual Total Time": 786.357, "Actual Rows": 313920, "Actual Loops": 1, "Inner Unique": false, "Plans": [{"Node Type": "Nested Loop", "Parent Relationship": "Outer", "Join Type": "Inner", "Startup Cost": 0.0, "Total Cost": 8713.31, "Plan Rows": 4000, "Plan Width": 8, "Actual Startup Time": 0.073, "Actual Total Time": 7.925, "Actual Rows": 3924, "Actual Loops": 1, "Inner Unique": false, "Plans": [{"Node Type": "Index Scan", "Parent Relationship": "Outer", "Scan Direction": "Forward", "Index Name": "nation_pkey", "Relation Name": "nation", "Alias": "nation", "Startup Cost": 0.0, "Total Cost": 12.69, "Plan Rows": 1, "Plan Width": 4, "Actual Startup Time": 0.034, "Actual Total Time": 0.048, "Actual Rows": 1, "Actual Loops": 1, "Filter": "(n_name = 'MOZAMBIQUE'::bpchar)", "Rows Removed by Filter": 24}, {"Node Type": "Index Scan", "Parent Relationship": "Inner", "Scan Direction": "Forward", "Index Name": "idx_supplier_nation_key", "Relation Name": "supplier", "Alias": "supplier", "Startup Cost": 0.0, "Total Cost": 8660.62, "Plan Rows": 4000, "Plan Width": 12, "Actual Startup Time": 0.034, "Actual Total Time": 6.886, "Actual Rows": 3924, "Actual Loops": 1, "Index Cond": "(s_nationkey = public.nation.n_nationkey)", "Rows Removed by Index Recheck": 0}]}, {"Node Type": "Index Scan", "Parent Relationship": "Inner", "Scan Direction": "Forward", "Index Name": "idx_partsupp_suppkey", "Relation Name": "partsupp", "Alias": "partsupp", "Startup Cost": 0.0, "Total Cost": 9.33, "Plan Rows": 13, "Plan Width": 32, "Actual Startup Time": 55.177, "Actual Total Time": 707.801, "Actual Rows": 313920, "Actual Loops": 3924, "Index Cond": "(ps_suppkey = public.supplier.s_suppkey)", "Rows Removed by Index Recheck": 0}]}]}]}, "Triggers": [], "Planner Runtime": 1, "Total Runtime": 2114.199, "Unique SQL Id": 2932834211}}, "(16, 90)": {"explain_plan": {"Plan": {"Node Type": "Sort", "Startup Cost": 2486686.32, "Total Cost": 2486820.77, "Plan Rows": 53780, "Plan Width": 40, "Sort Key": ["(sum((public.partsupp.ps_supplycost * (public.partsupp.ps_availqty)::double precision))) DESC"], "Plans": [{"Node Type": "Aggregate", "Strategy": "Plain", "Parent Relationship": "exec_init_plan", "Subplan Name": "InitPlan 1 (returns $0)", "Startup Cost": 1240625.27, "Total Cost": 1240625.29, "Plan Rows": 1, "Plan Width": 24, "Plans": [{"Node Type": "Merge Join", "Parent Relationship": "Outer", "Join Type": "Inner", "Startup Cost": 1199664.68, "Total Cost": 1240221.92, "Plan Rows": 53780, "Plan Width": 16, "Inner Unique": false, "Merge Cond": "(public.supplier.s_suppkey = public.partsupp.ps_suppkey)", "Plans": [{"Node Type": "Sort", "Parent Relationship": "Outer", "Startup Cost": 12368.47, "Total Cost": 12378.47, "Plan Rows": 4000, "Plan Width": 8, "Sort Key": ["public.supplier.s_suppkey"], "Plans": [{"Node Type": "Merge Join", "Parent Relationship": "Outer", "Join Type": "Inner", "Startup Cost": 11589.14, "Total Cost": 12129.15, "Plan Rows": 4000, "Plan Width": 8, "Inner Unique": false, "Merge Cond": "(public.nation.n_nationkey = public.supplier.s_nationkey)", "Plans": [{"Node Type": "Sort", "Parent Relationship": "Outer", "Startup Cost": 1.32, "Total Cost": 1.33, "Plan Rows": 1, "Plan Width": 4, "Sort Key": ["public.nation.n_nationkey"], "Plans": [{"Node Type": "Seq Scan", "Parent Relationship": "Outer", "Relation Name": "nation", "Alias": "nation", "Startup Cost": 0.0, "Total Cost": 1.31, "Plan Rows": 1, "Plan Width": 4, "Filter": "(n_name = 'MOZAMBIQUE'::bpchar)"}]}, {"Node Type": "Sort", "Parent Relationship": "Inner", "Startup Cost": 11587.82, "Total Cost": 11837.82, "Plan Rows": 100000, "Plan Width": 12, "Sort Key": ["public.supplier.s_nationkey"], "Plans": [{"Node Type": "Seq Scan", "Parent Relationship": "Outer", "Relation Name": "supplier", "Alias": "supplier", "Startup Cost": 0.0, "Total Cost": 3283.0, "Plan Rows": 100000, "Plan Width": 12}]}]}]}, {"Node Type": "Sort", "Parent Relationship": "Inner", "Startup Cost": 1187295.8, "Total Cost": 1207296.73, "Plan Rows": 8000372, "Plan Width": 24, "Sort Key": ["public.partsupp.ps_suppkey"], "Plans": [{"Node Type": "Seq Scan", "Parent Relationship": "Outer", "Relation Name": "partsupp", "Alias": "partsupp", "Startup Cost": 0.0, "Total Cost": 269987.72, "Plan Rows": 8000372, "Plan Width": 24}]}]}]}, {"Node Type": "Aggregate", "Strategy": "Hashed", "Parent Relationship": "Outer", "Startup Cost": 1241163.07, "Total Cost": 1241835.32, "Plan Rows": 53780, "Plan Width": 40, "Group By Key": ["public.partsupp.ps_partkey"], "Filter": "(sum((public.partsupp.ps_supplycost * (public.partsupp.ps_availqty)::double precision)) > $0)", "Plans": [{"Node Type": "Merge Join", "Parent Relationship": "Outer", "Join Type": "Inner", "Startup Cost": 1199664.68, "Total Cost": 1240221.92, "Plan Rows": 53780, "Plan Width": 24, "Inner Unique": false, "Merge Cond": "(public.supplier.s_suppkey = public.partsupp.ps_suppkey)", "Plans": [{"Node Type": "Sort", "Parent Relationship": "Outer", "Startup Cost": 12368.47, "Total Cost": 12378.47, "Plan Rows": 4000, "Plan Width": 8, "Sort Key": ["public.supplier.s_suppkey"], "Plans": [{"Node Type": "Merge Join", "Parent Relationship": "Outer", "Join Type": "Inner", "Startup Cost": 11589.14, "Total Cost": 12129.15, "Plan Rows": 4000, "Plan Width": 8, "Inner Unique": false, "Merge Cond": "(public.nation.n_nationkey = public.supplier.s_nationkey)", "Plans": [{"Node Type": "Sort", "Parent Relationship": "Outer", "Startup Cost": 1.32, "Total Cost": 1.33, "Plan Rows": 1, "Plan Width": 4, "Sort Key": ["public.nation.n_nationkey"], "Plans": [{"Node Type": "Seq Scan", "Parent Relationship": "Outer", "Relation Name": "nation", "Alias": "nation", "Startup Cost": 0.0, "Total Cost": 1.31, "Plan Rows": 1, "Plan Width": 4, "Filter": "(n_name = 'MOZAMBIQUE'::bpchar)"}]}, {"Node Type": "Sort", "Parent Relationship": "Inner", "Startup Cost": 11587.82, "Total Cost": 11837.82, "Plan Rows": 100000, "Plan Width": 12, "Sort Key": ["public.supplier.s_nationkey"], "Plans": [{"Node Type": "Seq Scan", "Parent Relationship": "Outer", "Relation Name": "supplier", "Alias": "supplier", "Startup Cost": 0.0, "Total Cost": 3283.0, "Plan Rows": 100000, "Plan Width": 12}]}]}]}, {"Node Type": "Sort", "Parent Relationship": "Inner", "Startup Cost": 1187295.8, "Total Cost": 1207296.73, "Plan Rows": 8000372, "Plan Width": 32, "Sort Key": ["public.partsupp.ps_suppkey"], "Plans": [{"Node Type": "Seq Scan", "Parent Relationship": "Outer", "Relation Name": "partsupp", "Alias": "partsupp", "Startup Cost": 0.0, "Total Cost": 269987.72, "Plan Rows": 8000372, "Plan Width": 32}]}]}]}]}, "Unique SQL Id": 2932834211, "Planner Runtime": 1}, "explain_analyze_plan": null}, "(16, 91)": {"explain_plan": {"Plan": {"Node Type": "Sort", "Startup Cost": 6000102747407.88, "Total Cost": 6000102747542.33, "Plan Rows": 53780, "Plan Width": 40, "Sort Key": ["(sum((public.partsupp.ps_supplycost * (public.partsupp.ps_availqty)::double precision))) DESC"], "Plans": [{"Node Type": "Aggregate", "Strategy": "Plain", "Parent Relationship": "exec_init_plan", "Subplan Name": "InitPlan 1 (returns $0)", "Startup Cost": 3000051370986.06, "Total Cost": 3000051370986.07, "Plan Rows": 1, "Plan Width": 24, "Plans": [{"Node Type": "Merge Join", "Parent Relationship": "Outer", "Join Type": "Inner", "Startup Cost": 2010051361784.76, "Total Cost": 3000051370582.71, "Plan Rows": 53780, "Plan Width": 16, "Inner Unique": true, "Merge Cond": "(public.supplier.s_nationkey = public.nation.n_nationkey)", "Plans": [{"Node Type": "Sort", "Parent Relationship": "Outer", "Startup Cost": 2000051361784.76, "Total Cost": 2000051365146.01, "Plan Rows": 1344499, "Plan Width": 20, "Sort Key": ["public.supplier.s_nationkey"], "Plans": [{"Node Type": "Merge Join", "Parent Relationship": "Outer", "Join Type": "Inner", "Startup Cost": 20010395568.5, "Total Cost": 2000051224923.92, "Plan Rows": 1344499, "Plan Width": 20, "Inner Unique": false, "Merge Cond": "(public.supplier.s_suppkey = public.partsupp.ps_suppkey)", "Plans": [{"Node Type": "Index Scan", "Parent Relationship": "Outer", "Scan Direction": "Forward", "Index Name": "supplier_pkey", "Relation Name": "supplier", "Alias": "supplier", "Startup Cost": 10000000000.0, "Total Cost": 1000000533454.38, "Plan Rows": 100000, "Plan Width": 12}, {"Node Type": "Index Scan", "Parent Relationship": "Inner", "Scan Direction": "Forward", "Index Name": "idx_partsupp_suppkey", "Relation Name": "partsupp", "Alias": "partsupp", "Startup Cost": 10000000000.0, "Total Cost": 1000100160480.77, "Plan Rows": 8000372, "Plan Width": 24}]}]}, {"Node Type": "Materialize", "Parent Relationship": "Inner", "Startup Cost": 10000000000.0, "Total Cost": 1000000001268.75, "Plan Rows": 1, "Plan Width": 4, "Plans": [{"Node Type": "Index Scan", "Parent Relationship": "Outer", "Scan Direction": "Forward", "Index Name": "nation_pkey", "Relation Name": "nation", "Alias": "nation", "Startup Cost": 10000000000.0, "Total Cost": 1000000001268.75, "Plan Rows": 1, "Plan Width": 4, "Filter": "(n_name = 'MOZAMBIQUE'::bpchar)"}]}]}]}, {"Node Type": "Aggregate", "Strategy": "Hashed", "Parent Relationship": "Outer", "Startup Cost": 3000051371523.86, "Total Cost": 3000051372196.11, "Plan Rows": 53780, "Plan Width": 40, "Group By Key": ["public.partsupp.ps_partkey"], "Filter": "(sum((public.partsupp.ps_supplycost * (public.partsupp.ps_availqty)::double precision)) > $0)", "Plans": [{"Node Type": "Merge Join", "Parent Relationship": "Outer", "Join Type": "Inner", "Startup Cost": 2010051361784.76, "Total Cost": 3000051370582.71, "Plan Rows": 53780, "Plan Width": 24, "Inner Unique": true, "Merge Cond": "(public.supplier.s_nationkey = public.nation.n_nationkey)", "Plans": [{"Node Type": "Sort", "Parent Relationship": "Outer", "Startup Cost": 2000051361784.76, "Total Cost": 2000051365146.01, "Plan Rows": 1344499, "Plan Width": 28, "Sort Key": ["public.supplier.s_nationkey"], "Plans": [{"Node Type": "Merge Join", "Parent Relationship": "Outer", "Join Type": "Inner", "Startup Cost": 20010395568.5, "Total Cost": 2000051224923.92, "Plan Rows": 1344499, "Plan Width": 28, "Inner Unique": false, "Merge Cond": "(public.supplier.s_suppkey = public.partsupp.ps_suppkey)", "Plans": [{"Node Type": "Index Scan", "Parent Relationship": "Outer", "Scan Direction": "Forward", "Index Name": "supplier_pkey", "Relation Name": "supplier", "Alias": "supplier", "Startup Cost": 10000000000.0, "Total Cost": 1000000533454.38, "Plan Rows": 100000, "Plan Width": 12}, {"Node Type": "Index Scan", "Parent Relationship": "Inner", "Scan Direction": "Forward", "Index Name": "idx_partsupp_suppkey", "Relation Name": "partsupp", "Alias": "partsupp", "Startup Cost": 10000000000.0, "Total Cost": 1000100160480.77, "Plan Rows": 8000372, "Plan Width": 32}]}]}, {"Node Type": "Materialize", "Parent Relationship": "Inner", "Startup Cost": 10000000000.0, "Total Cost": 1000000001268.75, "Plan Rows": 1, "Plan Width": 4, "Plans": [{"Node Type": "Index Scan", "Parent Relationship": "Outer", "Scan Direction": "Forward", "Index Name": "nation_pkey", "Relation Name": "nation", "Alias": "nation", "Startup Cost": 10000000000.0, "Total Cost": 1000000001268.75, "Plan Rows": 1, "Plan Width": 4, "Filter": "(n_name = 'MOZAMBIQUE'::bpchar)"}]}]}]}]}, "Unique SQL Id": 2932834211, "Planner Runtime": 2}, "explain_analyze_plan": null}, "(16, 92)": {"explain_plan": {"Plan": {"Node Type": "Sort", "Startup Cost": 99294.27, "Total Cost": 99428.72, "Plan Rows": 53780, "Plan Width": 40, "Sort Key": ["(sum((public.partsupp.ps_supplycost * (public.partsupp.ps_availqty)::double precision))) DESC"], "Plans": [{"Node Type": "Aggregate", "Strategy": "Plain", "Parent Relationship": "exec_init_plan", "Subplan Name": "InitPlan 1 (returns $2)", "Startup Cost": 46929.25, "Total Cost": 46929.26, "Plan Rows": 1, "Plan Width": 24, "Plans": [{"Node Type": "Nested Loop", "Parent Relationship": "Outer", "Join Type": "Inner", "Startup Cost": 0.0, "Total Cost": 46525.9, "Plan Rows": 53780, "Plan Width": 16, "Inner Unique": false, "Plans": [{"Node Type": "Nested Loop", "Parent Relationship": "Outer", "Join Type": "Inner", "Startup Cost": 0.0, "Total Cost": 8701.93, "Plan Rows": 4000, "Plan Width": 8, "Inner Unique": false, "Plans": [{"Node Type": "Seq Scan", "Parent Relationship": "Outer", "Relation Name": "nation", "Alias": "nation", "Startup Cost": 0.0, "Total Cost": 1.31, "Plan Rows": 1, "Plan Width": 4, "Filter": "(n_name = 'MOZAMBIQUE'::bpchar)"}, {"Node Type": "Index Scan", "Parent Relationship": "Inner", "Scan Direction": "Forward", "Index Name": "idx_supplier_nation_key", "Relation Name": "supplier", "Alias": "supplier", "Startup Cost": 0.0, "Total Cost": 8660.62, "Plan Rows": 4000, "Plan Width": 12, "Index Cond": "(s_nationkey = public.nation.n_nationkey)"}]}, {"Node Type": "Index Scan", "Parent Relationship": "Inner", "Scan Direction": "Forward", "Index Name": "idx_partsupp_suppkey", "Relation Name": "partsupp", "Alias": "partsupp", "Startup Cost": 0.0, "Total Cost": 9.33, "Plan Rows": 13, "Plan Width": 24, "Index Cond": "(ps_suppkey = public.supplier.s_suppkey)"}]}]}, {"Node Type": "Aggregate", "Strategy": "Hashed", "Parent Relationship": "Outer", "Startup Cost": 47467.05, "Total Cost": 48139.3, "Plan Rows": 53780, "Plan Width": 40, "Group By Key": ["public.partsupp.ps_partkey"], "Filter": "(sum((public.partsupp.ps_supplycost * (public.partsupp.ps_availqty)::double precision)) > $2)", "Plans": [{"Node Type": "Nested Loop", "Parent Relationship": "Outer", "Join Type": "Inner", "Startup Cost": 0.0, "Total Cost": 46525.9, "Plan Rows": 53780, "Plan Width": 24, "Inner Unique": false, "Plans": [{"Node Type": "Nested Loop", "Parent Relationship": "Outer", "Join Type": "Inner", "Startup Cost": 0.0, "Total Cost": 8701.93, "Plan Rows": 4000, "Plan Width": 8, "Inner Unique": false, "Plans": [{"Node Type": "Seq Scan", "Parent Relationship": "Outer", "Relation Name": "nation", "Alias": "nation", "Startup Cost": 0.0, "Total Cost": 1.31, "Plan Rows": 1, "Plan Width": 4, "Filter": "(n_name = 'MOZAMBIQUE'::bpchar)"}, {"Node Type": "Index Scan", "Parent Relationship": "Inner", "Scan Direction": "Forward", "Index Name": "idx_supplier_nation_key", "Relation Name": "supplier", "Alias": "supplier", "Startup Cost": 0.0, "Total Cost": 8660.62, "Plan Rows": 4000, "Plan Width": 12, "Index Cond": "(s_nationkey = public.nation.n_nationkey)"}]}, {"Node Type": "Index Scan", "Parent Relationship": "Inner", "Scan Direction": "Forward", "Index Name": "idx_partsupp_suppkey", "Relation Name": "partsupp", "Alias": "partsupp", "Startup Cost": 0.0, "Total Cost": 9.33, "Plan Rows": 13, "Plan Width": 32, "Index Cond": "(ps_suppkey = public.supplier.s_suppkey)"}]}]}]}, "Unique SQL Id": 2932834211, "Planner Runtime": 2}, "explain_analyze_plan": {"Plan": {"Node Type": "Sort", "Startup Cost": 99294.27, "Total Cost": 99428.72, "Plan Rows": 53780, "Plan Width": 40, "Actual Startup Time": 1935.864, "Actual Total Time": 1935.864, "Actual Rows": 0, "Actual Loops": 1, "Sort Key": ["(sum((public.partsupp.ps_supplycost * (public.partsupp.ps_availqty)::double precision))) DESC"], "Sort Method": "quicksort", "Sort Space Used": 25, "Sort Space Type": "Memory", "Plans": [{"Node Type": "Aggregate", "Strategy": "Plain", "Parent Relationship": "exec_init_plan", "Subplan Name": "InitPlan 1 (returns $2)", "Startup Cost": 46929.25, "Total Cost": 46929.26, "Plan Rows": 1, "Plan Width": 24, "Actual Startup Time": 776.957, "Actual Total Time": 776.957, "Actual Rows": 1, "Actual Loops": 1, "Plans": [{"Node Type": "Nested Loop", "Parent Relationship": "Outer", "Join Type": "Inner", "Startup Cost": 0.0, "Total Cost": 46525.9, "Plan Rows": 53780, "Plan Width": 16, "Actual Startup Time": 0.092, "Actual Total Time": 642.544, "Actual Rows": 313920, "Actual Loops": 1, "Inner Unique": false, "Plans": [{"Node Type": "Nested Loop", "Parent Relationship": "Outer", "Join Type": "Inner", "Startup Cost": 0.0, "Total Cost": 8701.93, "Plan Rows": 4000, "Plan Width": 8, "Actual Startup Time": 0.068, "Actual Total Time": 6.474, "Actual Rows": 3924, "Actual Loops": 1, "Inner Unique": false, "Plans": [{"Node Type": "Seq Scan", "Parent Relationship": "Outer", "Relation Name": "nation", "Alias": "nation", "Startup Cost": 0.0, "Total Cost": 1.31, "Plan Rows": 1, "Plan Width": 4, "Actual Startup Time": 0.029, "Actual Total Time": 0.04, "Actual Rows": 1, "Actual Loops": 1, "Filter": "(n_name = 'MOZAMBIQUE'::bpchar)", "Rows Removed by Filter": 24}, {"Node Type": "Index Scan", "Parent Relationship": "Inner", "Scan Direction": "Forward", "Index Name": "idx_supplier_nation_key", "Relation Name": "supplier", "Alias": "supplier", "Startup Cost": 0.0, "Total Cost": 8660.62, "Plan Rows": 4000, "Plan Width": 12, "Actual Startup Time": 0.034, "Actual Total Time": 5.297, "Actual Rows": 3924, "Actual Loops": 1, "Index Cond": "(s_nationkey = public.nation.n_nationkey)", "Rows Removed by Index Recheck": 0}]}, {"Node Type": "Index Scan", "Parent Relationship": "Inner", "Scan Direction": "Forward", "Index Name": "idx_partsupp_suppkey", "Relation Name": "partsupp", "Alias": "partsupp", "Startup Cost": 0.0, "Total Cost": 9.33, "Plan Rows": 13, "Plan Width": 24, "Actual Startup Time": 47.792, "Actual Total Time": 570.049, "Actual Rows": 313920, "Actual Loops": 3924, "Index Cond": "(ps_suppkey = public.supplier.s_suppkey)", "Rows Removed by Index Recheck": 0}]}]}, {"Node Type": "Aggregate", "Strategy": "Hashed", "Parent Relationship": "Outer", "Startup Cost": 47467.05, "Total Cost": 48139.3, "Plan Rows": 53780, "Plan Width": 40, "Actual Startup Time": 1935.369, "Actual Total Time": 1935.369, "Actual Rows": 0, "Actual Loops": 1, "Group By Key": ["public.partsupp.ps_partkey"], "Filter": "(sum((public.partsupp.ps_supplycost * (public.partsupp.ps_availqty)::double precision)) > $2)", "Rows Removed by Filter": 295792, "Plans": [{"Node Type": "Nested Loop", "Parent Relationship": "Outer", "Join Type": "Inner", "Startup Cost": 0.0, "Total Cost": 46525.9, "Plan Rows": 53780, "Plan Width": 24, "Actual Startup Time": 0.091, "Actual Total Time": 742.432, "Actual Rows": 313920, "Actual Loops": 1, "Inner Unique": false, "Plans": [{"Node Type": "Nested Loop", "Parent Relationship": "Outer", "Join Type": "Inner", "Startup Cost": 0.0, "Total Cost": 8701.93, "Plan Rows": 4000, "Plan Width": 8, "Actual Startup Time": 0.07, "Actual Total Time": 7.645, "Actual Rows": 3924, "Actual Loops": 1, "Inner Unique": false, "Plans": [{"Node Type": "Seq Scan", "Parent Relationship": "Outer", "Relation Name": "nation", "Alias": "nation", "Startup Cost": 0.0, "Total Cost": 1.31, "Plan Rows": 1, "Plan Width": 4, "Actual Startup Time": 0.03, "Actual Total Time": 0.042, "Actual Rows": 1, "Actual Loops": 1, "Filter": "(n_name = 'MOZAMBIQUE'::bpchar)", "Rows Removed by Filter": 24}, {"Node Type": "Index Scan", "Parent Relationship": "Inner", "Scan Direction": "Forward", "Index Name": "idx_supplier_nation_key", "Relation Name": "supplier", "Alias": "supplier", "Startup Cost": 0.0, "Total Cost": 8660.62, "Plan Rows": 4000, "Plan Width": 12, "Actual Startup Time": 0.035, "Actual Total Time": 6.514, "Actual Rows": 3924, "Actual Loops": 1, "Index Cond": "(s_nationkey = public.nation.n_nationkey)", "Rows Removed by Index Recheck": 0}]}, {"Node Type": "Index Scan", "Parent Relationship": "Inner", "Scan Direction": "Forward", "Index Name": "idx_partsupp_suppkey", "Relation Name": "partsupp", "Alias": "partsupp", "Startup Cost": 0.0, "Total Cost": 9.33, "Plan Rows": 13, "Plan Width": 32, "Actual Startup Time": 54.056, "Actual Total Time": 663.429, "Actual Rows": 313920, "Actual Loops": 3924, "Index Cond": "(ps_suppkey = public.supplier.s_suppkey)", "Rows Removed by Index Recheck": 0}]}]}]}, "Triggers": [], "Planner Runtime": 2, "Total Runtime": 1936.149, "Unique SQL Id": 2932834211}}, "(16, 93)": {"explain_plan": {"Plan": {"Node Type": "Sort", "Startup Cost": 99317.02, "Total Cost": 99451.47, "Plan Rows": 53780, "Plan Width": 40, "Sort Key": ["(sum((public.partsupp.ps_supplycost * (public.partsupp.ps_availqty)::double precision))) DESC"], "Plans": [{"Node Type": "Aggregate", "Strategy": "Plain", "Parent Relationship": "exec_init_plan", "Subplan Name": "InitPlan 1 (returns $2)", "Startup Cost": 46940.63, "Total Cost": 46940.64, "Plan Rows": 1, "Plan Width": 24, "Plans": [{"Node Type": "Nested Loop", "Parent Relationship": "Outer", "Join Type": "Inner", "Startup Cost": 0.0, "Total Cost": 46537.28, "Plan Rows": 53780, "Plan Width": 16, "Inner Unique": false, "Plans": [{"Node Type": "Nested Loop", "Parent Relationship": "Outer", "Join Type": "Inner", "Startup Cost": 0.0, "Total Cost": 8713.31, "Plan Rows": 4000, "Plan Width": 8, "Inner Unique": false, "Plans": [{"Node Type": "Index Scan", "Parent Relationship": "Outer", "Scan Direction": "Forward", "Index Name": "nation_pkey", "Relation Name": "nation", "Alias": "nation", "Startup Cost": 0.0, "Total Cost": 12.69, "Plan Rows": 1, "Plan Width": 4, "Filter": "(n_name = 'MOZAMBIQUE'::bpchar)"}, {"Node Type": "Index Scan", "Parent Relationship": "Inner", "Scan Direction": "Forward", "Index Name": "idx_supplier_nation_key", "Relation Name": "supplier", "Alias": "supplier", "Startup Cost": 0.0, "Total Cost": 8660.62, "Plan Rows": 4000, "Plan Width": 12, "Index Cond": "(s_nationkey = public.nation.n_nationkey)"}]}, {"Node Type": "Index Scan", "Parent Relationship": "Inner", "Scan Direction": "Forward", "Index Name": "idx_partsupp_suppkey", "Relation Name": "partsupp", "Alias": "partsupp", "Startup Cost": 0.0, "Total Cost": 9.33, "Plan Rows": 13, "Plan Width": 24, "Index Cond": "(ps_suppkey = public.supplier.s_suppkey)"}]}]}, {"Node Type": "Aggregate", "Strategy": "Hashed", "Parent Relationship": "Outer", "Startup Cost": 47478.43, "Total Cost": 48150.68, "Plan Rows": 53780, "Plan Width": 40, "Group By Key": ["public.partsupp.ps_partkey"], "Filter": "(sum((public.partsupp.ps_supplycost * (public.partsupp.ps_availqty)::double precision)) > $2)", "Plans": [{"Node Type": "Nested Loop", "Parent Relationship": "Outer", "Join Type": "Inner", "Startup Cost": 0.0, "Total Cost": 46537.28, "Plan Rows": 53780, "Plan Width": 24, "Inner Unique": false, "Plans": [{"Node Type": "Nested Loop", "Parent Relationship": "Outer", "Join Type": "Inner", "Startup Cost": 0.0, "Total Cost": 8713.31, "Plan Rows": 4000, "Plan Width": 8, "Inner Unique": false, "Plans": [{"Node Type": "Index Scan", "Parent Relationship": "Outer", "Scan Direction": "Forward", "Index Name": "nation_pkey", "Relation Name": "nation", "Alias": "nation", "Startup Cost": 0.0, "Total Cost": 12.69, "Plan Rows": 1, "Plan Width": 4, "Filter": "(n_name = 'MOZAMBIQUE'::bpchar)"}, {"Node Type": "Index Scan", "Parent Relationship": "Inner", "Scan Direction": "Forward", "Index Name": "idx_supplier_nation_key", "Relation Name": "supplier", "Alias": "supplier", "Startup Cost": 0.0, "Total Cost": 8660.62, "Plan Rows": 4000, "Plan Width": 12, "Index Cond": "(s_nationkey = public.nation.n_nationkey)"}]}, {"Node Type": "Index Scan", "Parent Relationship": "Inner", "Scan Direction": "Forward", "Index Name": "idx_partsupp_suppkey", "Relation Name": "partsupp", "Alias": "partsupp", "Startup Cost": 0.0, "Total Cost": 9.33, "Plan Rows": 13, "Plan Width": 32, "Index Cond": "(ps_suppkey = public.supplier.s_suppkey)"}]}]}]}, "Unique SQL Id": 2932834211, "Planner Runtime": 1}, "explain_analyze_plan": {"Plan": {"Node Type": "Sort", "Startup Cost": 99317.02, "Total Cost": 99451.47, "Plan Rows": 53780, "Plan Width": 40, "Actual Startup Time": 2113.937, "Actual Total Time": 2113.937, "Actual Rows": 0, "Actual Loops": 1, "Sort Key": ["(sum((public.partsupp.ps_supplycost * (public.partsupp.ps_availqty)::double precision))) DESC"], "Sort Method": "quicksort", "Sort Space Used": 25, "Sort Space Type": "Memory", "Plans": [{"Node Type": "Aggregate", "Strategy": "Plain", "Parent Relationship": "exec_init_plan", "Subplan Name": "InitPlan 1 (returns $2)", "Startup Cost": 46940.63, "Total Cost": 46940.64, "Plan Rows": 1, "Plan Width": 24, "Actual Startup Time": 916.054, "Actual Total Time": 916.055, "Actual Rows": 1, "Actual Loops": 1, "Plans": [{"Node Type": "Nested Loop", "Parent Relationship": "Outer", "Join Type": "Inner", "Startup Cost": 0.0, "Total Cost": 46537.28, "Plan Rows": 53780, "Plan Width": 16, "Actual Startup Time": 0.087, "Actual Total Time": 779.91, "Actual Rows": 313920, "Actual Loops": 1, "Inner Unique": false, "Plans": [{"Node Type": "Nested Loop", "Parent Relationship": "Outer", "Join Type": "Inner", "Startup Cost": 0.0, "Total Cost": 8713.31, "Plan Rows": 4000, "Plan Width": 8, "Actual Startup Time": 0.062, "Actual Total Time": 7.74, "Actual Rows": 3924, "Actual Loops": 1, "Inner Unique": false, "Plans": [{"Node Type": "Index Scan", "Parent Relationship": "Outer", "Scan Direction": "Forward", "Index Name": "nation_pkey", "Relation Name": "nation", "Alias": "nation", "Startup Cost": 0.0, "Total Cost": 12.69, "Plan Rows": 1, "Plan Width": 4, "Actual Startup Time": 0.025, "Actual Total Time": 0.038, "Actual Rows": 1, "Actual Loops": 1, "Filter": "(n_name = 'MOZAMBIQUE'::bpchar)", "Rows Removed by Filter": 24}, {"Node Type": "Index Scan", "Parent Relationship": "Inner", "Scan Direction": "Forward", "Index Name": "idx_supplier_nation_key", "Relation Name": "supplier", "Alias": "supplier", "Startup Cost": 0.0, "Total Cost": 8660.62, "Plan Rows": 4000, "Plan Width": 12, "Actual Startup Time": 0.029, "Actual Total Time": 6.599, "Actual Rows": 3924, "Actual Loops": 1, "Index Cond": "(s_nationkey = public.nation.n_nationkey)", "Rows Removed by Index Recheck": 0}]}, {"Node Type": "Index Scan", "Parent Relationship": "Inner", "Scan Direction": "Forward", "Index Name": "idx_partsupp_suppkey", "Relation Name": "partsupp", "Alias": "partsupp", "Startup Cost": 0.0, "Total Cost": 9.33, "Plan Rows": 13, "Plan Width": 24, "Actual Startup Time": 52.072, "Actual Total Time": 705.823, "Actual Rows": 313920, "Actual Loops": 3924, "Index Cond": "(ps_suppkey = public.supplier.s_suppkey)", "Rows Removed by Index Recheck": 0}]}]}, {"Node Type": "Aggregate", "Strategy": "Hashed", "Parent Relationship": "Outer", "Startup Cost": 47478.43, "Total Cost": 48150.68, "Plan Rows": 53780, "Plan Width": 40, "Actual Startup Time": 2113.466, "Actual Total Time": 2113.466, "Actual Rows": 0, "Actual Loops": 1, "Group By Key": ["public.partsupp.ps_partkey"], "Filter": "(sum((public.partsupp.ps_supplycost * (public.partsupp.ps_availqty)::double precision)) > $2)", "Rows Removed by Filter": 295792, "Plans": [{"Node Type": "Nested Loop", "Parent Relationship": "Outer", "Join Type": "Inner", "Startup Cost": 0.0, "Total Cost": 46537.28, "Plan Rows": 53780, "Plan Width": 24, "Actual Startup Time": 0.094, "Actual Total Time": 786.357, "Actual Rows": 313920, "Actual Loops": 1, "Inner Unique": false, "Plans": [{"Node Type": "Nested Loop", "Parent Relationship": "Outer", "Join Type": "Inner", "Startup Cost": 0.0, "Total Cost": 8713.31, "Plan Rows": 4000, "Plan Width": 8, "Actual Startup Time": 0.073, "Actual Total Time": 7.925, "Actual Rows": 3924, "Actual Loops": 1, "Inner Unique": false, "Plans": [{"Node Type": "Index Scan", "Parent Relationship": "Outer", "Scan Direction": "Forward", "Index Name": "nation_pkey", "Relation Name": "nation", "Alias": "nation", "Startup Cost": 0.0, "Total Cost": 12.69, "Plan Rows": 1, "Plan Width": 4, "Actual Startup Time": 0.034, "Actual Total Time": 0.048, "Actual Rows": 1, "Actual Loops": 1, "Filter": "(n_name = 'MOZAMBIQUE'::bpchar)", "Rows Removed by Filter": 24}, {"Node Type": "Index Scan", "Parent Relationship": "Inner", "Scan Direction": "Forward", "Index Name": "idx_supplier_nation_key", "Relation Name": "supplier", "Alias": "supplier", "Startup Cost": 0.0, "Total Cost": 8660.62, "Plan Rows": 4000, "Plan Width": 12, "Actual Startup Time": 0.034, "Actual Total Time": 6.886, "Actual Rows": 3924, "Actual Loops": 1, "Index Cond": "(s_nationkey = public.nation.n_nationkey)", "Rows Removed by Index Recheck": 0}]}, {"Node Type": "Index Scan", "Parent Relationship": "Inner", "Scan Direction": "Forward", "Index Name": "idx_partsupp_suppkey", "Relation Name": "partsupp", "Alias": "partsupp", "Startup Cost": 0.0, "Total Cost": 9.33, "Plan Rows": 13, "Plan Width": 32, "Actual Startup Time": 55.177, "Actual Total Time": 707.801, "Actual Rows": 313920, "Actual Loops": 3924, "Index Cond": "(ps_suppkey = public.supplier.s_suppkey)", "Rows Removed by Index Recheck": 0}]}]}]}, "Triggers": [], "Planner Runtime": 1, "Total Runtime": 2114.199, "Unique SQL Id": 2932834211}}, "(16, 94)": {"explain_plan": {"Plan": {"Node Type": "Sort", "Startup Cost": 2486686.32, "Total Cost": 2486820.77, "Plan Rows": 53780, "Plan Width": 40, "Sort Key": ["(sum((public.partsupp.ps_supplycost * (public.partsupp.ps_availqty)::double precision))) DESC"], "Plans": [{"Node Type": "Aggregate", "Strategy": "Plain", "Parent Relationship": "exec_init_plan", "Subplan Name": "InitPlan 1 (returns $0)", "Startup Cost": 1240625.27, "Total Cost": 1240625.29, "Plan Rows": 1, "Plan Width": 24, "Plans": [{"Node Type": "Merge Join", "Parent Relationship": "Outer", "Join Type": "Inner", "Startup Cost": 1199664.68, "Total Cost": 1240221.92, "Plan Rows": 53780, "Plan Width": 16, "Inner Unique": false, "Merge Cond": "(public.supplier.s_suppkey = public.partsupp.ps_suppkey)", "Plans": [{"Node Type": "Sort", "Parent Relationship": "Outer", "Startup Cost": 12368.47, "Total Cost": 12378.47, "Plan Rows": 4000, "Plan Width": 8, "Sort Key": ["public.supplier.s_suppkey"], "Plans": [{"Node Type": "Merge Join", "Parent Relationship": "Outer", "Join Type": "Inner", "Startup Cost": 11589.14, "Total Cost": 12129.15, "Plan Rows": 4000, "Plan Width": 8, "Inner Unique": false, "Merge Cond": "(public.nation.n_nationkey = public.supplier.s_nationkey)", "Plans": [{"Node Type": "Sort", "Parent Relationship": "Outer", "Startup Cost": 1.32, "Total Cost": 1.33, "Plan Rows": 1, "Plan Width": 4, "Sort Key": ["public.nation.n_nationkey"], "Plans": [{"Node Type": "Seq Scan", "Parent Relationship": "Outer", "Relation Name": "nation", "Alias": "nation", "Startup Cost": 0.0, "Total Cost": 1.31, "Plan Rows": 1, "Plan Width": 4, "Filter": "(n_name = 'MOZAMBIQUE'::bpchar)"}]}, {"Node Type": "Sort", "Parent Relationship": "Inner", "Startup Cost": 11587.82, "Total Cost": 11837.82, "Plan Rows": 100000, "Plan Width": 12, "Sort Key": ["public.supplier.s_nationkey"], "Plans": [{"Node Type": "Seq Scan", "Parent Relationship": "Outer", "Relation Name": "supplier", "Alias": "supplier", "Startup Cost": 0.0, "Total Cost": 3283.0, "Plan Rows": 100000, "Plan Width": 12}]}]}]}, {"Node Type": "Sort", "Parent Relationship": "Inner", "Startup Cost": 1187295.8, "Total Cost": 1207296.73, "Plan Rows": 8000372, "Plan Width": 24, "Sort Key": ["public.partsupp.ps_suppkey"], "Plans": [{"Node Type": "Seq Scan", "Parent Relationship": "Outer", "Relation Name": "partsupp", "Alias": "partsupp", "Startup Cost": 0.0, "Total Cost": 269987.72, "Plan Rows": 8000372, "Plan Width": 24}]}]}]}, {"Node Type": "Aggregate", "Strategy": "Hashed", "Parent Relationship": "Outer", "Startup Cost": 1241163.07, "Total Cost": 1241835.32, "Plan Rows": 53780, "Plan Width": 40, "Group By Key": ["public.partsupp.ps_partkey"], "Filter": "(sum((public.partsupp.ps_supplycost * (public.partsupp.ps_availqty)::double precision)) > $0)", "Plans": [{"Node Type": "Merge Join", "Parent Relationship": "Outer", "Join Type": "Inner", "Startup Cost": 1199664.68, "Total Cost": 1240221.92, "Plan Rows": 53780, "Plan Width": 24, "Inner Unique": false, "Merge Cond": "(public.supplier.s_suppkey = public.partsupp.ps_suppkey)", "Plans": [{"Node Type": "Sort", "Parent Relationship": "Outer", "Startup Cost": 12368.47, "Total Cost": 12378.47, "Plan Rows": 4000, "Plan Width": 8, "Sort Key": ["public.supplier.s_suppkey"], "Plans": [{"Node Type": "Merge Join", "Parent Relationship": "Outer", "Join Type": "Inner", "Startup Cost": 11589.14, "Total Cost": 12129.15, "Plan Rows": 4000, "Plan Width": 8, "Inner Unique": false, "Merge Cond": "(public.nation.n_nationkey = public.supplier.s_nationkey)", "Plans": [{"Node Type": "Sort", "Parent Relationship": "Outer", "Startup Cost": 1.32, "Total Cost": 1.33, "Plan Rows": 1, "Plan Width": 4, "Sort Key": ["public.nation.n_nationkey"], "Plans": [{"Node Type": "Seq Scan", "Parent Relationship": "Outer", "Relation Name": "nation", "Alias": "nation", "Startup Cost": 0.0, "Total Cost": 1.31, "Plan Rows": 1, "Plan Width": 4, "Filter": "(n_name = 'MOZAMBIQUE'::bpchar)"}]}, {"Node Type": "Sort", "Parent Relationship": "Inner", "Startup Cost": 11587.82, "Total Cost": 11837.82, "Plan Rows": 100000, "Plan Width": 12, "Sort Key": ["public.supplier.s_nationkey"], "Plans": [{"Node Type": "Seq Scan", "Parent Relationship": "Outer", "Relation Name": "supplier", "Alias": "supplier", "Startup Cost": 0.0, "Total Cost": 3283.0, "Plan Rows": 100000, "Plan Width": 12}]}]}]}, {"Node Type": "Sort", "Parent Relationship": "Inner", "Startup Cost": 1187295.8, "Total Cost": 1207296.73, "Plan Rows": 8000372, "Plan Width": 32, "Sort Key": ["public.partsupp.ps_suppkey"], "Plans": [{"Node Type": "Seq Scan", "Parent Relationship": "Outer", "Relation Name": "partsupp", "Alias": "partsupp", "Startup Cost": 0.0, "Total Cost": 269987.72, "Plan Rows": 8000372, "Plan Width": 32}]}]}]}]}, "Unique SQL Id": 2932834211, "Planner Runtime": 1}, "explain_analyze_plan": null}, "(16, 95)": {"explain_plan": {"Plan": {"Node Type": "Sort", "Startup Cost": 6000102747407.88, "Total Cost": 6000102747542.33, "Plan Rows": 53780, "Plan Width": 40, "Sort Key": ["(sum((public.partsupp.ps_supplycost * (public.partsupp.ps_availqty)::double precision))) DESC"], "Plans": [{"Node Type": "Aggregate", "Strategy": "Plain", "Parent Relationship": "exec_init_plan", "Subplan Name": "InitPlan 1 (returns $0)", "Startup Cost": 3000051370986.06, "Total Cost": 3000051370986.07, "Plan Rows": 1, "Plan Width": 24, "Plans": [{"Node Type": "Merge Join", "Parent Relationship": "Outer", "Join Type": "Inner", "Startup Cost": 2010051361784.76, "Total Cost": 3000051370582.71, "Plan Rows": 53780, "Plan Width": 16, "Inner Unique": true, "Merge Cond": "(public.supplier.s_nationkey = public.nation.n_nationkey)", "Plans": [{"Node Type": "Sort", "Parent Relationship": "Outer", "Startup Cost": 2000051361784.76, "Total Cost": 2000051365146.01, "Plan Rows": 1344499, "Plan Width": 20, "Sort Key": ["public.supplier.s_nationkey"], "Plans": [{"Node Type": "Merge Join", "Parent Relationship": "Outer", "Join Type": "Inner", "Startup Cost": 20010395568.5, "Total Cost": 2000051224923.92, "Plan Rows": 1344499, "Plan Width": 20, "Inner Unique": false, "Merge Cond": "(public.supplier.s_suppkey = public.partsupp.ps_suppkey)", "Plans": [{"Node Type": "Index Scan", "Parent Relationship": "Outer", "Scan Direction": "Forward", "Index Name": "supplier_pkey", "Relation Name": "supplier", "Alias": "supplier", "Startup Cost": 10000000000.0, "Total Cost": 1000000533454.38, "Plan Rows": 100000, "Plan Width": 12}, {"Node Type": "Index Scan", "Parent Relationship": "Inner", "Scan Direction": "Forward", "Index Name": "idx_partsupp_suppkey", "Relation Name": "partsupp", "Alias": "partsupp", "Startup Cost": 10000000000.0, "Total Cost": 1000100160480.77, "Plan Rows": 8000372, "Plan Width": 24}]}]}, {"Node Type": "Materialize", "Parent Relationship": "Inner", "Startup Cost": 10000000000.0, "Total Cost": 1000000001268.75, "Plan Rows": 1, "Plan Width": 4, "Plans": [{"Node Type": "Index Scan", "Parent Relationship": "Outer", "Scan Direction": "Forward", "Index Name": "nation_pkey", "Relation Name": "nation", "Alias": "nation", "Startup Cost": 10000000000.0, "Total Cost": 1000000001268.75, "Plan Rows": 1, "Plan Width": 4, "Filter": "(n_name = 'MOZAMBIQUE'::bpchar)"}]}]}]}, {"Node Type": "Aggregate", "Strategy": "Hashed", "Parent Relationship": "Outer", "Startup Cost": 3000051371523.86, "Total Cost": 3000051372196.11, "Plan Rows": 53780, "Plan Width": 40, "Group By Key": ["public.partsupp.ps_partkey"], "Filter": "(sum((public.partsupp.ps_supplycost * (public.partsupp.ps_availqty)::double precision)) > $0)", "Plans": [{"Node Type": "Merge Join", "Parent Relationship": "Outer", "Join Type": "Inner", "Startup Cost": 2010051361784.76, "Total Cost": 3000051370582.71, "Plan Rows": 53780, "Plan Width": 24, "Inner Unique": true, "Merge Cond": "(public.supplier.s_nationkey = public.nation.n_nationkey)", "Plans": [{"Node Type": "Sort", "Parent Relationship": "Outer", "Startup Cost": 2000051361784.76, "Total Cost": 2000051365146.01, "Plan Rows": 1344499, "Plan Width": 28, "Sort Key": ["public.supplier.s_nationkey"], "Plans": [{"Node Type": "Merge Join", "Parent Relationship": "Outer", "Join Type": "Inner", "Startup Cost": 20010395568.5, "Total Cost": 2000051224923.92, "Plan Rows": 1344499, "Plan Width": 28, "Inner Unique": false, "Merge Cond": "(public.supplier.s_suppkey = public.partsupp.ps_suppkey)", "Plans": [{"Node Type": "Index Scan", "Parent Relationship": "Outer", "Scan Direction": "Forward", "Index Name": "supplier_pkey", "Relation Name": "supplier", "Alias": "supplier", "Startup Cost": 10000000000.0, "Total Cost": 1000000533454.38, "Plan Rows": 100000, "Plan Width": 12}, {"Node Type": "Index Scan", "Parent Relationship": "Inner", "Scan Direction": "Forward", "Index Name": "idx_partsupp_suppkey", "Relation Name": "partsupp", "Alias": "partsupp", "Startup Cost": 10000000000.0, "Total Cost": 1000100160480.77, "Plan Rows": 8000372, "Plan Width": 32}]}]}, {"Node Type": "Materialize", "Parent Relationship": "Inner", "Startup Cost": 10000000000.0, "Total Cost": 1000000001268.75, "Plan Rows": 1, "Plan Width": 4, "Plans": [{"Node Type": "Index Scan", "Parent Relationship": "Outer", "Scan Direction": "Forward", "Index Name": "nation_pkey", "Relation Name": "nation", "Alias": "nation", "Startup Cost": 10000000000.0, "Total Cost": 1000000001268.75, "Plan Rows": 1, "Plan Width": 4, "Filter": "(n_name = 'MOZAMBIQUE'::bpchar)"}]}]}]}]}, "Unique SQL Id": 2932834211, "Planner Runtime": 1}, "explain_analyze_plan": null}, "(16, 96)": {"explain_plan": {"Plan": {"Node Type": "Sort", "Startup Cost": 86957.11, "Total Cost": 87091.56, "Plan Rows": 53780, "Plan Width": 40, "Sort Key": ["(sum((public.partsupp.ps_supplycost * (public.partsupp.ps_availqty)::double precision))) DESC"], "Plans": [{"Node Type": "Aggregate", "Strategy": "Plain", "Parent Relationship": "exec_init_plan", "Subplan Name": "InitPlan 1 (returns $2)", "Startup Cost": 40760.67, "Total Cost": 40760.68, "Plan Rows": 1, "Plan Width": 24, "Plans": [{"Node Type": "Nested Loop", "Parent Relationship": "Outer", "Join Type": "Inner", "Startup Cost": 95.25, "Total Cost": 40357.32, "Plan Rows": 53780, "Plan Width": 16, "Inner Unique": false, "Plans": [{"Node Type": "Nested Loop", "Parent Relationship": "Outer", "Join Type": "Inner", "Startup Cost": 95.25, "Total Cost": 2533.35, "Plan Rows": 4000, "Plan Width": 8, "Inner Unique": false, "Plans": [{"Node Type": "Seq Scan", "Parent Relationship": "Outer", "Relation Name": "nation", "Alias": "nation", "Startup Cost": 0.0, "Total Cost": 1.31, "Plan Rows": 1, "Plan Width": 4, "Filter": "(n_name = 'MOZAMBIQUE'::bpchar)"}, {"Node Type": "Bitmap Heap Scan", "Parent Relationship": "Inner", "Relation Name": "supplier", "Alias": "supplier", "Startup Cost": 95.25, "Total Cost": 2492.04, "Plan Rows": 4000, "Plan Width": 12, "Recheck Cond": "(s_nationkey = public.nation.n_nationkey)", "Plans": [{"Node Type": "Bitmap Index Scan", "Parent Relationship": "Outer", "Index Name": "idx_supplier_nation_key", "Startup Cost": 0.0, "Total Cost": 94.25, "Plan Rows": 4000, "Plan Width": 0, "Index Cond": "(s_nationkey = public.nation.n_nationkey)"}]}]}, {"Node Type": "Index Scan", "Parent Relationship": "Inner", "Scan Direction": "Forward", "Index Name": "idx_partsupp_suppkey", "Relation Name": "partsupp", "Alias": "partsupp", "Startup Cost": 0.0, "Total Cost": 9.33, "Plan Rows": 13, "Plan Width": 24, "Index Cond": "(ps_suppkey = public.supplier.s_suppkey)"}]}]}, {"Node Type": "Aggregate", "Strategy": "Hashed", "Parent Relationship": "Outer", "Startup Cost": 41298.47, "Total Cost": 41970.72, "Plan Rows": 53780, "Plan Width": 40, "Group By Key": ["public.partsupp.ps_partkey"], "Filter": "(sum((public.partsupp.ps_supplycost * (public.partsupp.ps_availqty)::double precision)) > $2)", "Plans": [{"Node Type": "Nested Loop", "Parent Relationship": "Outer", "Join Type": "Inner", "Startup Cost": 95.25, "Total Cost": 40357.32, "Plan Rows": 53780, "Plan Width": 24, "Inner Unique": false, "Plans": [{"Node Type": "Nested Loop", "Parent Relationship": "Outer", "Join Type": "Inner", "Startup Cost": 95.25, "Total Cost": 2533.35, "Plan Rows": 4000, "Plan Width": 8, "Inner Unique": false, "Plans": [{"Node Type": "Seq Scan", "Parent Relationship": "Outer", "Relation Name": "nation", "Alias": "nation", "Startup Cost": 0.0, "Total Cost": 1.31, "Plan Rows": 1, "Plan Width": 4, "Filter": "(n_name = 'MOZAMBIQUE'::bpchar)"}, {"Node Type": "Bitmap Heap Scan", "Parent Relationship": "Inner", "Relation Name": "supplier", "Alias": "supplier", "Startup Cost": 95.25, "Total Cost": 2492.04, "Plan Rows": 4000, "Plan Width": 12, "Recheck Cond": "(s_nationkey = public.nation.n_nationkey)", "Plans": [{"Node Type": "Bitmap Index Scan", "Parent Relationship": "Outer", "Index Name": "idx_supplier_nation_key", "Startup Cost": 0.0, "Total Cost": 94.25, "Plan Rows": 4000, "Plan Width": 0, "Index Cond": "(s_nationkey = public.nation.n_nationkey)"}]}]}, {"Node Type": "Index Scan", "Parent Relationship": "Inner", "Scan Direction": "Forward", "Index Name": "idx_partsupp_suppkey", "Relation Name": "partsupp", "Alias": "partsupp", "Startup Cost": 0.0, "Total Cost": 9.33, "Plan Rows": 13, "Plan Width": 32, "Index Cond": "(ps_suppkey = public.supplier.s_suppkey)"}]}]}]}, "Unique SQL Id": 2932834211, "Planner Runtime": 1}, "explain_analyze_plan": {"Plan": {"Node Type": "Sort", "Startup Cost": 86957.11, "Total Cost": 87091.56, "Plan Rows": 53780, "Plan Width": 40, "Actual Startup Time": 1867.688, "Actual Total Time": 1867.688, "Actual Rows": 0, "Actual Loops": 1, "Sort Key": ["(sum((public.partsupp.ps_supplycost * (public.partsupp.ps_availqty)::double precision))) DESC"], "Sort Method": "quicksort", "Sort Space Used": 25, "Sort Space Type": "Memory", "Plans": [{"Node Type": "Aggregate", "Strategy": "Plain", "Parent Relationship": "exec_init_plan", "Subplan Name": "InitPlan 1 (returns $2)", "Startup Cost": 40760.67, "Total Cost": 40760.68, "Plan Rows": 1, "Plan Width": 24, "Actual Startup Time": 794.18, "Actual Total Time": 794.181, "Actual Rows": 1, "Actual Loops": 1, "Plans": [{"Node Type": "Nested Loop", "Parent Relationship": "Outer", "Join Type": "Inner", "Startup Cost": 95.25, "Total Cost": 40357.32, "Plan Rows": 53780, "Plan Width": 16, "Actual Startup Time": 1.125, "Actual Total Time": 657.634, "Actual Rows": 313920, "Actual Loops": 1, "Inner Unique": false, "Plans": [{"Node Type": "Nested Loop", "Parent Relationship": "Outer", "Join Type": "Inner", "Startup Cost": 95.25, "Total Cost": 2533.35, "Plan Rows": 4000, "Plan Width": 8, "Actual Startup Time": 1.098, "Actual Total Time": 8.186, "Actual Rows": 3924, "Actual Loops": 1, "Inner Unique": false, "Plans": [{"Node Type": "Seq Scan", "Parent Relationship": "Outer", "Relation Name": "nation", "Alias": "nation", "Startup Cost": 0.0, "Total Cost": 1.31, "Plan Rows": 1, "Plan Width": 4, "Actual Startup Time": 0.024, "Actual Total Time": 0.047, "Actual Rows": 1, "Actual Loops": 1, "Filter": "(n_name = 'MOZAMBIQUE'::bpchar)", "Rows Removed by Filter": 24}, {"Node Type": "Bitmap Heap Scan", "Parent Relationship": "Inner", "Relation Name": "supplier", "Alias": "supplier", "Startup Cost": 95.25, "Total Cost": 2492.04, "Plan Rows": 4000, "Plan Width": 12, "Actual Startup Time": 1.058, "Actual Total Time": 7.206, "Actual Rows": 3924, "Actual Loops": 1, "Recheck Cond": "(s_nationkey = public.nation.n_nationkey)", "Rows Removed by Index Recheck": 0, "Exact Heap Blocks": 1895, "Lossy Heap Blocks": 1895, "Plans": [{"Node Type": "Bitmap Index Scan", "Parent Relationship": "Outer", "Index Name": "idx_supplier_nation_key", "Startup Cost": 0.0, "Total Cost": 94.25, "Plan Rows": 4000, "Plan Width": 0, "Actual Startup Time": 0.777, "Actual Total Time": 0.777, "Actual Rows": 3924, "Actual Loops": 1, "Index Cond": "(s_nationkey = public.nation.n_nationkey)"}]}]}, {"Node Type": "Index Scan", "Parent Relationship": "Inner", "Scan Direction": "Forward", "Index Name": "idx_partsupp_suppkey", "Relation Name": "partsupp", "Alias": "partsupp", "Startup Cost": 0.0, "Total Cost": 9.33, "Plan Rows": 13, "Plan Width": 24, "Actual Startup Time": 48.522, "Actual Total Time": 582.276, "Actual Rows": 313920, "Actual Loops": 3924, "Index Cond": "(ps_suppkey = public.supplier.s_suppkey)", "Rows Removed by Index Recheck": 0}]}]}, {"Node Type": "Aggregate", "Strategy": "Hashed", "Parent Relationship": "Outer", "Startup Cost": 41298.47, "Total Cost": 41970.72, "Plan Rows": 53780, "Plan Width": 40, "Actual Startup Time": 1867.28, "Actual Total Time": 1867.28, "Actual Rows": 0, "Actual Loops": 1, "Group By Key": ["public.partsupp.ps_partkey"], "Filter": "(sum((public.partsupp.ps_supplycost * (public.partsupp.ps_availqty)::double precision)) > $2)", "Rows Removed by Filter": 295792, "Plans": [{"Node Type": "Nested Loop", "Parent Relationship": "Outer", "Join Type": "Inner", "Startup Cost": 95.25, "Total Cost": 40357.32, "Plan Rows": 53780, "Plan Width": 24, "Actual Startup Time": 1.055, "Actual Total Time": 684.172, "Actual Rows": 313920, "Actual Loops": 1, "Inner Unique": false, "Plans": [{"Node Type": "Nested Loop", "Parent Relationship": "Outer", "Join Type": "Inner", "Startup Cost": 95.25, "Total Cost": 2533.35, "Plan Rows": 4000, "Plan Width": 8, "Actual Startup Time": 1.024, "Actual Total Time": 8.574, "Actual Rows": 3924, "Actual Loops": 1, "Inner Unique": false, "Plans": [{"Node Type": "Seq Scan", "Parent Relationship": "Outer", "Relation Name": "nation", "Alias": "nation", "Startup Cost": 0.0, "Total Cost": 1.31, "Plan Rows": 1, "Plan Width": 4, "Actual Startup Time": 0.032, "Actual Total Time": 0.044, "Actual Rows": 1, "Actual Loops": 1, "Filter": "(n_name = 'MOZAMBIQUE'::bpchar)", "Rows Removed by Filter": 24}, {"Node Type": "Bitmap Heap Scan", "Parent Relationship": "Inner", "Relation Name": "supplier", "Alias": "supplier", "Startup Cost": 95.25, "Total Cost": 2492.04, "Plan Rows": 4000, "Plan Width": 12, "Actual Startup Time": 0.985, "Actual Total Time": 7.583, "Actual Rows": 3924, "Actual Loops": 1, "Recheck Cond": "(s_nationkey = public.nation.n_nationkey)", "Rows Removed by Index Recheck": 0, "Exact Heap Blocks": 1895, "Lossy Heap Blocks": 1895, "Plans": [{"Node Type": "Bitmap Index Scan", "Parent Relationship": "Outer", "Index Name": "idx_supplier_nation_key", "Startup Cost": 0.0, "Total Cost": 94.25, "Plan Rows": 4000, "Plan Width": 0, "Actual Startup Time": 0.705, "Actual Total Time": 0.705, "Actual Rows": 3924, "Actual Loops": 1, "Index Cond": "(s_nationkey = public.nation.n_nationkey)"}]}]}, {"Node Type": "Index Scan", "Parent Relationship": "Inner", "Scan Direction": "Forward", "Index Name": "idx_partsupp_suppkey", "Relation Name": "partsupp", "Alias": "partsupp", "Startup Cost": 0.0, "Total Cost": 9.33, "Plan Rows": 13, "Plan Width": 32, "Actual Startup Time": 49.919, "Actual Total Time": 602.753, "Actual Rows": 313920, "Actual Loops": 3924, "Index Cond": "(ps_suppkey = public.supplier.s_suppkey)", "Rows Removed by Index Recheck": 0}]}]}]}, "Triggers": [], "Planner Runtime": 0, "Total Runtime": 1868.014, "Unique SQL Id": 2932834211}}, "(16, 97)": {"explain_plan": {"Plan": {"Node Type": "Sort", "Startup Cost": 86979.86, "Total Cost": 87114.31, "Plan Rows": 53780, "Plan Width": 40, "Sort Key": ["(sum((public.partsupp.ps_supplycost * (public.partsupp.ps_availqty)::double precision))) DESC"], "Plans": [{"Node Type": "Aggregate", "Strategy": "Plain", "Parent Relationship": "exec_init_plan", "Subplan Name": "InitPlan 1 (returns $2)", "Startup Cost": 40772.04, "Total Cost": 40772.06, "Plan Rows": 1, "Plan Width": 24, "Plans": [{"Node Type": "Nested Loop", "Parent Relationship": "Outer", "Join Type": "Inner", "Startup Cost": 95.25, "Total Cost": 40368.69, "Plan Rows": 53780, "Plan Width": 16, "Inner Unique": false, "Plans": [{"Node Type": "Nested Loop", "Parent Relationship": "Outer", "Join Type": "Inner", "Startup Cost": 95.25, "Total Cost": 2544.73, "Plan Rows": 4000, "Plan Width": 8, "Inner Unique": false, "Plans": [{"Node Type": "Index Scan", "Parent Relationship": "Outer", "Scan Direction": "Forward", "Index Name": "nation_pkey", "Relation Name": "nation", "Alias": "nation", "Startup Cost": 0.0, "Total Cost": 12.69, "Plan Rows": 1, "Plan Width": 4, "Filter": "(n_name = 'MOZAMBIQUE'::bpchar)"}, {"Node Type": "Bitmap Heap Scan", "Parent Relationship": "Inner", "Relation Name": "supplier", "Alias": "supplier", "Startup Cost": 95.25, "Total Cost": 2492.04, "Plan Rows": 4000, "Plan Width": 12, "Recheck Cond": "(s_nationkey = public.nation.n_nationkey)", "Plans": [{"Node Type": "Bitmap Index Scan", "Parent Relationship": "Outer", "Index Name": "idx_supplier_nation_key", "Startup Cost": 0.0, "Total Cost": 94.25, "Plan Rows": 4000, "Plan Width": 0, "Index Cond": "(s_nationkey = public.nation.n_nationkey)"}]}]}, {"Node Type": "Index Scan", "Parent Relationship": "Inner", "Scan Direction": "Forward", "Index Name": "idx_partsupp_suppkey", "Relation Name": "partsupp", "Alias": "partsupp", "Startup Cost": 0.0, "Total Cost": 9.33, "Plan Rows": 13, "Plan Width": 24, "Index Cond": "(ps_suppkey = public.supplier.s_suppkey)"}]}]}, {"Node Type": "Aggregate", "Strategy": "Hashed", "Parent Relationship": "Outer", "Startup Cost": 41309.84, "Total Cost": 41982.09, "Plan Rows": 53780, "Plan Width": 40, "Group By Key": ["public.partsupp.ps_partkey"], "Filter": "(sum((public.partsupp.ps_supplycost * (public.partsupp.ps_availqty)::double precision)) > $2)", "Plans": [{"Node Type": "Nested Loop", "Parent Relationship": "Outer", "Join Type": "Inner", "Startup Cost": 95.25, "Total Cost": 40368.69, "Plan Rows": 53780, "Plan Width": 24, "Inner Unique": false, "Plans": [{"Node Type": "Nested Loop", "Parent Relationship": "Outer", "Join Type": "Inner", "Startup Cost": 95.25, "Total Cost": 2544.73, "Plan Rows": 4000, "Plan Width": 8, "Inner Unique": false, "Plans": [{"Node Type": "Index Scan", "Parent Relationship": "Outer", "Scan Direction": "Forward", "Index Name": "nation_pkey", "Relation Name": "nation", "Alias": "nation", "Startup Cost": 0.0, "Total Cost": 12.69, "Plan Rows": 1, "Plan Width": 4, "Filter": "(n_name = 'MOZAMBIQUE'::bpchar)"}, {"Node Type": "Bitmap Heap Scan", "Parent Relationship": "Inner", "Relation Name": "supplier", "Alias": "supplier", "Startup Cost": 95.25, "Total Cost": 2492.04, "Plan Rows": 4000, "Plan Width": 12, "Recheck Cond": "(s_nationkey = public.nation.n_nationkey)", "Plans": [{"Node Type": "Bitmap Index Scan", "Parent Relationship": "Outer", "Index Name": "idx_supplier_nation_key", "Startup Cost": 0.0, "Total Cost": 94.25, "Plan Rows": 4000, "Plan Width": 0, "Index Cond": "(s_nationkey = public.nation.n_nationkey)"}]}]}, {"Node Type": "Index Scan", "Parent Relationship": "Inner", "Scan Direction": "Forward", "Index Name": "idx_partsupp_suppkey", "Relation Name": "partsupp", "Alias": "partsupp", "Startup Cost": 0.0, "Total Cost": 9.33, "Plan Rows": 13, "Plan Width": 32, "Index Cond": "(ps_suppkey = public.supplier.s_suppkey)"}]}]}]}, "Unique SQL Id": 2932834211, "Planner Runtime": 0}, "explain_analyze_plan": {"Plan": {"Node Type": "Sort", "Startup Cost": 86979.86, "Total Cost": 87114.31, "Plan Rows": 53780, "Plan Width": 40, "Actual Startup Time": 2004.071, "Actual Total Time": 2004.071, "Actual Rows": 0, "Actual Loops": 1, "Sort Key": ["(sum((public.partsupp.ps_supplycost * (public.partsupp.ps_availqty)::double precision))) DESC"], "Sort Method": "quicksort", "Sort Space Used": 25, "Sort Space Type": "Memory", "Plans": [{"Node Type": "Aggregate", "Strategy": "Plain", "Parent Relationship": "exec_init_plan", "Subplan Name": "InitPlan 1 (returns $2)", "Startup Cost": 40772.04, "Total Cost": 40772.06, "Plan Rows": 1, "Plan Width": 24, "Actual Startup Time": 813.993, "Actual Total Time": 813.994, "Actual Rows": 1, "Actual Loops": 1, "Plans": [{"Node Type": "Nested Loop", "Parent Relationship": "Outer", "Join Type": "Inner", "Startup Cost": 95.25, "Total Cost": 40368.69, "Plan Rows": 53780, "Plan Width": 16, "Actual Startup Time": 1.031, "Actual Total Time": 679.613, "Actual Rows": 313920, "Actual Loops": 1, "Inner Unique": false, "Plans": [{"Node Type": "Nested Loop", "Parent Relationship": "Outer", "Join Type": "Inner", "Startup Cost": 95.25, "Total Cost": 2544.73, "Plan Rows": 4000, "Plan Width": 8, "Actual Startup Time": 1.007, "Actual Total Time": 8.373, "Actual Rows": 3924, "Actual Loops": 1, "Inner Unique": false, "Plans": [{"Node Type": "Index Scan", "Parent Relationship": "Outer", "Scan Direction": "Forward", "Index Name": "nation_pkey", "Relation Name": "nation", "Alias": "nation", "Startup Cost": 0.0, "Total Cost": 12.69, "Plan Rows": 1, "Plan Width": 4, "Actual Startup Time": 0.027, "Actual Total Time": 0.082, "Actual Rows": 1, "Actual Loops": 1, "Filter": "(n_name = 'MOZAMBIQUE'::bpchar)", "Rows Removed by Filter": 24}, {"Node Type": "Bitmap Heap Scan", "Parent Relationship": "Inner", "Relation Name": "supplier", "Alias": "supplier", "Startup Cost": 95.25, "Total Cost": 2492.04, "Plan Rows": 4000, "Plan Width": 12, "Actual Startup Time": 0.966, "Actual Total Time": 7.31, "Actual Rows": 3924, "Actual Loops": 1, "Recheck Cond": "(s_nationkey = public.nation.n_nationkey)", "Rows Removed by Index Recheck": 0, "Exact Heap Blocks": 1895, "Lossy Heap Blocks": 1895, "Plans": [{"Node Type": "Bitmap Index Scan", "Parent Relationship": "Outer", "Index Name": "idx_supplier_nation_key", "Startup Cost": 0.0, "Total Cost": 94.25, "Plan Rows": 4000, "Plan Width": 0, "Actual Startup Time": 0.678, "Actual Total Time": 0.678, "Actual Rows": 3924, "Actual Loops": 1, "Index Cond": "(s_nationkey = public.nation.n_nationkey)"}]}]}, {"Node Type": "Index Scan", "Parent Relationship": "Inner", "Scan Direction": "Forward", "Index Name": "idx_partsupp_suppkey", "Relation Name": "partsupp", "Alias": "partsupp", "Startup Cost": 0.0, "Total Cost": 9.33, "Plan Rows": 13, "Plan Width": 24, "Actual Startup Time": 46.974, "Actual Total Time": 604.92, "Actual Rows": 313920, "Actual Loops": 3924, "Index Cond": "(ps_suppkey = public.supplier.s_suppkey)", "Rows Removed by Index Recheck": 0}]}]}, {"Node Type": "Aggregate", "Strategy": "Hashed", "Parent Relationship": "Outer", "Startup Cost": 41309.84, "Total Cost": 41982.09, "Plan Rows": 53780, "Plan Width": 40, "Actual Startup Time": 2003.564, "Actual Total Time": 2003.564, "Actual Rows": 0, "Actual Loops": 1, "Group By Key": ["public.partsupp.ps_partkey"], "Filter": "(sum((public.partsupp.ps_supplycost * (public.partsupp.ps_availqty)::double precision)) > $2)", "Rows Removed by Filter": 295792, "Plans": [{"Node Type": "Nested Loop", "Parent Relationship": "Outer", "Join Type": "Inner", "Startup Cost": 95.25, "Total Cost": 40368.69, "Plan Rows": 53780, "Plan Width": 24, "Actual Startup Time": 1.126, "Actual Total Time": 773.104, "Actual Rows": 313920, "Actual Loops": 1, "Inner Unique": false, "Plans": [{"Node Type": "Nested Loop", "Parent Relationship": "Outer", "Join Type": "Inner", "Startup Cost": 95.25, "Total Cost": 2544.73, "Plan Rows": 4000, "Plan Width": 8, "Actual Startup Time": 1.098, "Actual Total Time": 9.874, "Actual Rows": 3924, "Actual Loops": 1, "Inner Unique": false, "Plans": [{"Node Type": "Index Scan", "Parent Relationship": "Outer", "Scan Direction": "Forward", "Index Name": "nation_pkey", "Relation Name": "nation", "Alias": "nation", "Startup Cost": 0.0, "Total Cost": 12.69, "Plan Rows": 1, "Plan Width": 4, "Actual Startup Time": 0.032, "Actual Total Time": 0.045, "Actual Rows": 1, "Actual Loops": 1, "Filter": "(n_name = 'MOZAMBIQUE'::bpchar)", "Rows Removed by Filter": 24}, {"Node Type": "Bitmap Heap Scan", "Parent Relationship": "Inner", "Relation Name": "supplier", "Alias": "supplier", "Startup Cost": 95.25, "Total Cost": 2492.04, "Plan Rows": 4000, "Plan Width": 12, "Actual Startup Time": 1.058, "Actual Total Time": 8.873, "Actual Rows": 3924, "Actual Loops": 1, "Recheck Cond": "(s_nationkey = public.nation.n_nationkey)", "Rows Removed by Index Recheck": 0, "Exact Heap Blocks": 1895, "Lossy Heap Blocks": 1895, "Plans": [{"Node Type": "Bitmap Index Scan", "Parent Relationship": "Outer", "Index Name": "idx_supplier_nation_key", "Startup Cost": 0.0, "Total Cost": 94.25, "Plan Rows": 4000, "Plan Width": 0, "Actual Startup Time": 0.766, "Actual Total Time": 0.766, "Actual Rows": 3924, "Actual Loops": 1, "Index Cond": "(s_nationkey = public.nation.n_nationkey)"}]}]}, {"Node Type": "Index Scan", "Parent Relationship": "Inner", "Scan Direction": "Forward", "Index Name": "idx_partsupp_suppkey", "Relation Name": "partsupp", "Alias": "partsupp", "Startup Cost": 0.0, "Total Cost": 9.33, "Plan Rows": 13, "Plan Width": 32, "Actual Startup Time": 55.084, "Actual Total Time": 692.047, "Actual Rows": 313920, "Actual Loops": 3924, "Index Cond": "(ps_suppkey = public.supplier.s_suppkey)", "Rows Removed by Index Recheck": 0}]}]}]}, "Triggers": [], "Planner Runtime": 0, "Total Runtime": 2004.504, "Unique SQL Id": 2932834211}}, "(16, 98)": {"explain_plan": {"Plan": {"Node Type": "Sort", "Startup Cost": 90032.55, "Total Cost": 90167.0, "Plan Rows": 53780, "Plan Width": 40, "Sort Key": ["(sum((public.partsupp.ps_supplycost * (public.partsupp.ps_availqty)::double precision))) DESC"], "Plans": [{"Node Type": "Aggregate", "Strategy": "Plain", "Parent Relationship": "exec_init_plan", "Subplan Name": "InitPlan 1 (returns $2)", "Startup Cost": 42298.39, "Total Cost": 42298.4, "Plan Rows": 1, "Plan Width": 24, "Plans": [{"Node Type": "Nested Loop", "Parent Relationship": "Outer", "Join Type": "Inner", "Startup Cost": 96.82, "Total Cost": 41895.04, "Plan Rows": 53780, "Plan Width": 16, "Inner Unique": false, "Plans": [{"Node Type": "Nested Loop", "Parent Relationship": "Outer", "Join Type": "Inner", "Startup Cost": 95.25, "Total Cost": 2533.35, "Plan Rows": 4000, "Plan Width": 8, "Inner Unique": false, "Plans": [{"Node Type": "Seq Scan", "Parent Relationship": "Outer", "Relation Name": "nation", "Alias": "nation", "Startup Cost": 0.0, "Total Cost": 1.31, "Plan Rows": 1, "Plan Width": 4, "Filter": "(n_name = 'MOZAMBIQUE'::bpchar)"}, {"Node Type": "Bitmap Heap Scan", "Parent Relationship": "Inner", "Relation Name": "supplier", "Alias": "supplier", "Startup Cost": 95.25, "Total Cost": 2492.04, "Plan Rows": 4000, "Plan Width": 12, "Recheck Cond": "(s_nationkey = public.nation.n_nationkey)", "Plans": [{"Node Type": "Bitmap Index Scan", "Parent Relationship": "Outer", "Index Name": "idx_supplier_nation_key", "Startup Cost": 0.0, "Total Cost": 94.25, "Plan Rows": 4000, "Plan Width": 0, "Index Cond": "(s_nationkey = public.nation.n_nationkey)"}]}]}, {"Node Type": "Bitmap Heap Scan", "Parent Relationship": "Inner", "Relation Name": "partsupp", "Alias": "partsupp", "Startup Cost": 1.57, "Total Cost": 9.71, "Plan Rows": 13, "Plan Width": 24, "Recheck Cond": "(ps_suppkey = public.supplier.s_suppkey)", "Plans": [{"Node Type": "Bitmap Index Scan", "Parent Relationship": "Outer", "Index Name": "idx_partsupp_suppkey", "Startup Cost": 0.0, "Total Cost": 1.56, "Plan Rows": 13, "Plan Width": 0, "Index Cond": "(ps_suppkey = public.supplier.s_suppkey)"}]}]}]}, {"Node Type": "Aggregate", "Strategy": "Hashed", "Parent Relationship": "Outer", "Startup Cost": 42836.19, "Total Cost": 43508.44, "Plan Rows": 53780, "Plan Width": 40, "Group By Key": ["public.partsupp.ps_partkey"], "Filter": "(sum((public.partsupp.ps_supplycost * (public.partsupp.ps_availqty)::double precision)) > $2)", "Plans": [{"Node Type": "Nested Loop", "Parent Relationship": "Outer", "Join Type": "Inner", "Startup Cost": 96.82, "Total Cost": 41895.04, "Plan Rows": 53780, "Plan Width": 24, "Inner Unique": false, "Plans": [{"Node Type": "Nested Loop", "Parent Relationship": "Outer", "Join Type": "Inner", "Startup Cost": 95.25, "Total Cost": 2533.35, "Plan Rows": 4000, "Plan Width": 8, "Inner Unique": false, "Plans": [{"Node Type": "Seq Scan", "Parent Relationship": "Outer", "Relation Name": "nation", "Alias": "nation", "Startup Cost": 0.0, "Total Cost": 1.31, "Plan Rows": 1, "Plan Width": 4, "Filter": "(n_name = 'MOZAMBIQUE'::bpchar)"}, {"Node Type": "Bitmap Heap Scan", "Parent Relationship": "Inner", "Relation Name": "supplier", "Alias": "supplier", "Startup Cost": 95.25, "Total Cost": 2492.04, "Plan Rows": 4000, "Plan Width": 12, "Recheck Cond": "(s_nationkey = public.nation.n_nationkey)", "Plans": [{"Node Type": "Bitmap Index Scan", "Parent Relationship": "Outer", "Index Name": "idx_supplier_nation_key", "Startup Cost": 0.0, "Total Cost": 94.25, "Plan Rows": 4000, "Plan Width": 0, "Index Cond": "(s_nationkey = public.nation.n_nationkey)"}]}]}, {"Node Type": "Bitmap Heap Scan", "Parent Relationship": "Inner", "Relation Name": "partsupp", "Alias": "partsupp", "Startup Cost": 1.57, "Total Cost": 9.71, "Plan Rows": 13, "Plan Width": 32, "Recheck Cond": "(ps_suppkey = public.supplier.s_suppkey)", "Plans": [{"Node Type": "Bitmap Index Scan", "Parent Relationship": "Outer", "Index Name": "idx_partsupp_suppkey", "Startup Cost": 0.0, "Total Cost": 1.56, "Plan Rows": 13, "Plan Width": 0, "Index Cond": "(ps_suppkey = public.supplier.s_suppkey)"}]}]}]}]}, "Unique SQL Id": 2932834211, "Planner Runtime": 0}, "explain_analyze_plan": {"Plan": {"Node Type": "Sort", "Startup Cost": 90032.55, "Total Cost": 90167.0, "Plan Rows": 53780, "Plan Width": 40, "Actual Startup Time": 2259.599, "Actual Total Time": 2259.599, "Actual Rows": 0, "Actual Loops": 1, "Sort Key": ["(sum((public.partsupp.ps_supplycost * (public.partsupp.ps_availqty)::double precision))) DESC"], "Sort Method": "quicksort", "Sort Space Used": 25, "Sort Space Type": "Memory", "Plans": [{"Node Type": "Aggregate", "Strategy": "Plain", "Parent Relationship": "exec_init_plan", "Subplan Name": "InitPlan 1 (returns $2)", "Startup Cost": 42298.39, "Total Cost": 42298.4, "Plan Rows": 1, "Plan Width": 24, "Actual Startup Time": 1008.942, "Actual Total Time": 1008.942, "Actual Rows": 1, "Actual Loops": 1, "Plans": [{"Node Type": "Nested Loop", "Parent Relationship": "Outer", "Join Type": "Inner", "Startup Cost": 96.82, "Total Cost": 41895.04, "Plan Rows": 53780, "Plan Width": 16, "Actual Startup Time": 1.124, "Actual Total Time": 881.219, "Actual Rows": 313920, "Actual Loops": 1, "Inner Unique": false, "Plans": [{"Node Type": "Nested Loop", "Parent Relationship": "Outer", "Join Type": "Inner", "Startup Cost": 95.25, "Total Cost": 2533.35, "Plan Rows": 4000, "Plan Width": 8, "Actual Startup Time": 1.07, "Actual Total Time": 9.391, "Actual Rows": 3924, "Actual Loops": 1, "Inner Unique": false, "Plans": [{"Node Type": "Seq Scan", "Parent Relationship": "Outer", "Relation Name": "nation", "Alias": "nation", "Startup Cost": 0.0, "Total Cost": 1.31, "Plan Rows": 1, "Plan Width": 4, "Actual Startup Time": 0.042, "Actual Total Time": 0.058, "Actual Rows": 1, "Actual Loops": 1, "Filter": "(n_name = 'MOZAMBIQUE'::bpchar)", "Rows Removed by Filter": 24}, {"Node Type": "Bitmap Heap Scan", "Parent Relationship": "Inner", "Relation Name": "supplier", "Alias": "supplier", "Startup Cost": 95.25, "Total Cost": 2492.04, "Plan Rows": 4000, "Plan Width": 12, "Actual Startup Time": 1.019, "Actual Total Time": 8.327, "Actual Rows": 3924, "Actual Loops": 1, "Recheck Cond": "(s_nationkey = public.nation.n_nationkey)", "Rows Removed by Index Recheck": 0, "Exact Heap Blocks": 1895, "Lossy Heap Blocks": 1895, "Plans": [{"Node Type": "Bitmap Index Scan", "Parent Relationship": "Outer", "Index Name": "idx_supplier_nation_key", "Startup Cost": 0.0, "Total Cost": 94.25, "Plan Rows": 4000, "Plan Width": 0, "Actual Startup Time": 0.744, "Actual Total Time": 0.744, "Actual Rows": 3924, "Actual Loops": 1, "Index Cond": "(s_nationkey = public.nation.n_nationkey)"}]}]}, {"Node Type": "Bitmap Heap Scan", "Parent Relationship": "Inner", "Relation Name": "partsupp", "Alias": "partsupp", "Startup Cost": 1.57, "Total Cost": 9.71, "Plan Rows": 13, "Plan Width": 24, "Actual Startup Time": 110.886, "Actual Total Time": 803.989, "Actual Rows": 313920, "Actual Loops": 3924, "Recheck Cond": "(ps_suppkey = public.supplier.s_suppkey)", "Rows Removed by Index Recheck": 0, "Exact Heap Blocks": 313920, "Lossy Heap Blocks": 313920, "Plans": [{"Node Type": "Bitmap Index Scan", "Parent Relationship": "Outer", "Index Name": "idx_partsupp_suppkey", "Startup Cost": 0.0, "Total Cost": 1.56, "Plan Rows": 13, "Plan Width": 0, "Actual Startup Time": 71.169, "Actual Total Time": 71.169, "Actual Rows": 313920, "Actual Loops": 3924, "Index Cond": "(ps_suppkey = public.supplier.s_suppkey)"}]}]}]}, {"Node Type": "Aggregate", "Strategy": "Hashed", "Parent Relationship": "Outer", "Startup Cost": 42836.19, "Total Cost": 43508.44, "Plan Rows": 53780, "Plan Width": 40, "Actual Startup Time": 2259.097, "Actual Total Time": 2259.097, "Actual Rows": 0, "Actual Loops": 1, "Group By Key": ["public.partsupp.ps_partkey"], "Filter": "(sum((public.partsupp.ps_supplycost * (public.partsupp.ps_availqty)::double precision)) > $2)", "Rows Removed by Filter": 295792, "Plans": [{"Node Type": "Nested Loop", "Parent Relationship": "Outer", "Join Type": "Inner", "Startup Cost": 96.82, "Total Cost": 41895.04, "Plan Rows": 53780, "Plan Width": 24, "Actual Startup Time": 1.137, "Actual Total Time": 834.966, "Actual Rows": 313920, "Actual Loops": 1, "Inner Unique": false, "Plans": [{"Node Type": "Nested Loop", "Parent Relationship": "Outer", "Join Type": "Inner", "Startup Cost": 95.25, "Total Cost": 2533.35, "Plan Rows": 4000, "Plan Width": 8, "Actual Startup Time": 1.088, "Actual Total Time": 8.572, "Actual Rows": 3924, "Actual Loops": 1, "Inner Unique": false, "Plans": [{"Node Type": "Seq Scan", "Parent Relationship": "Outer", "Relation Name": "nation", "Alias": "nation", "Startup Cost": 0.0, "Total Cost": 1.31, "Plan Rows": 1, "Plan Width": 4, "Actual Startup Time": 0.03, "Actual Total Time": 0.044, "Actual Rows": 1, "Actual Loops": 1, "Filter": "(n_name = 'MOZAMBIQUE'::bpchar)", "Rows Removed by Filter": 24}, {"Node Type": "Bitmap Heap Scan", "Parent Relationship": "Inner", "Relation Name": "supplier", "Alias": "supplier", "Startup Cost": 95.25, "Total Cost": 2492.04, "Plan Rows": 4000, "Plan Width": 12, "Actual Startup Time": 1.052, "Actual Total Time": 7.612, "Actual Rows": 3924, "Actual Loops": 1, "Recheck Cond": "(s_nationkey = public.nation.n_nationkey)", "Rows Removed by Index Recheck": 0, "Exact Heap Blocks": 1895, "Lossy Heap Blocks": 1895, "Plans": [{"Node Type": "Bitmap Index Scan", "Parent Relationship": "Outer", "Index Name": "idx_supplier_nation_key", "Startup Cost": 0.0, "Total Cost": 94.25, "Plan Rows": 4000, "Plan Width": 0, "Actual Startup Time": 0.77, "Actual Total Time": 0.77, "Actual Rows": 3924, "Actual Loops": 1, "Index Cond": "(s_nationkey = public.nation.n_nationkey)"}]}]}, {"Node Type": "Bitmap Heap Scan", "Parent Relationship": "Inner", "Relation Name": "partsupp", "Alias": "partsupp", "Startup Cost": 1.57, "Total Cost": 9.71, "Plan Rows": 13, "Plan Width": 32, "Actual Startup Time": 109.514, "Actual Total Time": 752.491, "Actual Rows": 313920, "Actual Loops": 3924, "Recheck Cond": "(ps_suppkey = public.supplier.s_suppkey)", "Rows Removed by Index Recheck": 0, "Exact Heap Blocks": 313920, "Lossy Heap Blocks": 313920, "Plans": [{"Node Type": "Bitmap Index Scan", "Parent Relationship": "Outer", "Index Name": "idx_partsupp_suppkey", "Startup Cost": 0.0, "Total Cost": 1.56, "Plan Rows": 13, "Plan Width": 0, "Actual Startup Time": 70.02, "Actual Total Time": 70.02, "Actual Rows": 313920, "Actual Loops": 3924, "Index Cond": "(ps_suppkey = public.supplier.s_suppkey)"}]}]}]}]}, "Triggers": [], "Planner Runtime": 0, "Total Runtime": 2259.921, "Unique SQL Id": 2932834211}}, "(16, 99)": {"explain_plan": {"Plan": {"Node Type": "Sort", "Startup Cost": 2000084159245.82, "Total Cost": 2000084159380.27, "Plan Rows": 53780, "Plan Width": 40, "Sort Key": ["(sum((public.partsupp.ps_supplycost * (public.partsupp.ps_availqty)::double precision))) DESC"], "Plans": [{"Node Type": "Aggregate", "Strategy": "Plain", "Parent Relationship": "exec_init_plan", "Subplan Name": "InitPlan 1 (returns $2)", "Startup Cost": 1000001001502.42, "Total Cost": 1000001001502.43, "Plan Rows": 1, "Plan Width": 24, "Plans": [{"Node Type": "Nested Loop", "Parent Relationship": "Outer", "Join Type": "Inner", "Startup Cost": 10000000001.83, "Total Cost": 1000001001099.07, "Plan Rows": 53780, "Plan Width": 16, "Inner Unique": false, "Plans": [{"Node Type": "Nested Loop", "Parent Relationship": "Outer", "Join Type": "Inner", "Startup Cost": 10000000000.26, "Total Cost": 1000000961737.38, "Plan Rows": 4000, "Plan Width": 8, "Inner Unique": true, "Plans": [{"Node Type": "Index Scan", "Parent Relationship": "Outer", "Scan Direction": "Forward", "Index Name": "supplier_pkey", "Relation Name": "supplier", "Alias": "supplier", "Startup Cost": 10000000000.0, "Total Cost": 1000000533454.38, "Plan Rows": 100000, "Plan Width": 12}, {"Node Type": "Bitmap Heap Scan", "Parent Relationship": "Inner", "Relation Name": "nation", "Alias": "nation", "Startup Cost": 0.26, "Total Cost": 4.27, "Plan Rows": 1, "Plan Width": 4, "Recheck Cond": "(n_nationkey = public.supplier.s_nationkey)", "Filter": "(n_name = 'MOZAMBIQUE'::bpchar)", "Plans": [{"Node Type": "Bitmap Index Scan", "Parent Relationship": "Outer", "Index Name": "nation_pkey", "Startup Cost": 0.0, "Total Cost": 0.26, "Plan Rows": 1, "Plan Width": 0, "Index Cond": "(n_nationkey = public.supplier.s_nationkey)"}]}]}, {"Node Type": "Bitmap Heap Scan", "Parent Relationship": "Inner", "Relation Name": "partsupp", "Alias": "partsupp", "Startup Cost": 1.57, "Total Cost": 9.71, "Plan Rows": 13, "Plan Width": 24, "Recheck Cond": "(ps_suppkey = public.supplier.s_suppkey)", "Plans": [{"Node Type": "Bitmap Index Scan", "Parent Relationship": "Outer", "Index Name": "idx_partsupp_suppkey", "Startup Cost": 0.0, "Total Cost": 1.56, "Plan Rows": 13, "Plan Width": 0, "Index Cond": "(ps_suppkey = public.supplier.s_suppkey)"}]}]}]}, {"Node Type": "Aggregate", "Strategy": "Hashed", "Parent Relationship": "Outer", "Startup Cost": 1000083152845.44, "Total Cost": 1000083153517.69, "Plan Rows": 53780, "Plan Width": 40, "Group By Key": ["public.partsupp.ps_partkey"], "Filter": "(sum((public.partsupp.ps_supplycost * (public.partsupp.ps_availqty)::double precision)) > $2)", "Plans": [{"Node Type": "Nested Loop", "Parent Relationship": "Outer", "Join Type": "Inner", "Startup Cost": 10000000000.52, "Total Cost": 1000083151904.29, "Plan Rows": 53780, "Plan Width": 24, "Inner Unique": true, "Plans": [{"Node Type": "Nested Loop", "Parent Relationship": "Outer", "Join Type": "Inner", "Startup Cost": 10000000000.26, "Total Cost": 1000077393643.64, "Plan Rows": 1344499, "Plan Width": 28, "Inner Unique": true, "Plans": [{"Node Type": "Index Scan", "Parent Relationship": "Outer", "Scan Direction": "Forward", "Index Name": "idx_partsupp_partkey", "Relation Name": "partsupp", "Alias": "partsupp", "Startup Cost": 10000000000.0, "Total Cost": 1000043148503.38, "Plan Rows": 8000372, "Plan Width": 32}, {"Node Type": "Bitmap Heap Scan", "Parent Relationship": "Inner", "Relation Name": "supplier", "Alias": "supplier", "Startup Cost": 0.26, "Total Cost": 4.27, "Plan Rows": 1, "Plan Width": 12, "Recheck Cond": "(s_suppkey = public.partsupp.ps_suppkey)", "Plans": [{"Node Type": "Bitmap Index Scan", "Parent Relationship": "Outer", "Index Name": "supplier_pkey", "Startup Cost": 0.0, "Total Cost": 0.26, "Plan Rows": 1, "Plan Width": 0, "Index Cond": "(s_suppkey = public.partsupp.ps_suppkey)"}]}]}, {"Node Type": "Bitmap Heap Scan", "Parent Relationship": "Inner", "Relation Name": "nation", "Alias": "nation", "Startup Cost": 0.26, "Total Cost": 4.27, "Plan Rows": 1, "Plan Width": 4, "Recheck Cond": "(n_nationkey = public.supplier.s_nationkey)", "Filter": "(n_name = 'MOZAMBIQUE'::bpchar)", "Plans": [{"Node Type": "Bitmap Index Scan", "Parent Relationship": "Outer", "Index Name": "nation_pkey", "Startup Cost": 0.0, "Total Cost": 0.26, "Plan Rows": 1, "Plan Width": 0, "Index Cond": "(n_nationkey = public.supplier.s_nationkey)"}]}]}]}]}, "Unique SQL Id": 2932834211, "Planner Runtime": 0}, "explain_analyze_plan": null}, "(16, 100)": {"explain_plan": {"Plan": {"Node Type": "Sort", "Startup Cost": 86957.11, "Total Cost": 87091.56, "Plan Rows": 53780, "Plan Width": 40, "Sort Key": ["(sum((public.partsupp.ps_supplycost * (public.partsupp.ps_availqty)::double precision))) DESC"], "Plans": [{"Node Type": "Aggregate", "Strategy": "Plain", "Parent Relationship": "exec_init_plan", "Subplan Name": "InitPlan 1 (returns $2)", "Startup Cost": 40760.67, "Total Cost": 40760.68, "Plan Rows": 1, "Plan Width": 24, "Plans": [{"Node Type": "Nested Loop", "Parent Relationship": "Outer", "Join Type": "Inner", "Startup Cost": 95.25, "Total Cost": 40357.32, "Plan Rows": 53780, "Plan Width": 16, "Inner Unique": false, "Plans": [{"Node Type": "Nested Loop", "Parent Relationship": "Outer", "Join Type": "Inner", "Startup Cost": 95.25, "Total Cost": 2533.35, "Plan Rows": 4000, "Plan Width": 8, "Inner Unique": false, "Plans": [{"Node Type": "Seq Scan", "Parent Relationship": "Outer", "Relation Name": "nation", "Alias": "nation", "Startup Cost": 0.0, "Total Cost": 1.31, "Plan Rows": 1, "Plan Width": 4, "Filter": "(n_name = 'MOZAMBIQUE'::bpchar)"}, {"Node Type": "Bitmap Heap Scan", "Parent Relationship": "Inner", "Relation Name": "supplier", "Alias": "supplier", "Startup Cost": 95.25, "Total Cost": 2492.04, "Plan Rows": 4000, "Plan Width": 12, "Recheck Cond": "(s_nationkey = public.nation.n_nationkey)", "Plans": [{"Node Type": "Bitmap Index Scan", "Parent Relationship": "Outer", "Index Name": "idx_supplier_nation_key", "Startup Cost": 0.0, "Total Cost": 94.25, "Plan Rows": 4000, "Plan Width": 0, "Index Cond": "(s_nationkey = public.nation.n_nationkey)"}]}]}, {"Node Type": "Index Scan", "Parent Relationship": "Inner", "Scan Direction": "Forward", "Index Name": "idx_partsupp_suppkey", "Relation Name": "partsupp", "Alias": "partsupp", "Startup Cost": 0.0, "Total Cost": 9.33, "Plan Rows": 13, "Plan Width": 24, "Index Cond": "(ps_suppkey = public.supplier.s_suppkey)"}]}]}, {"Node Type": "Aggregate", "Strategy": "Hashed", "Parent Relationship": "Outer", "Startup Cost": 41298.47, "Total Cost": 41970.72, "Plan Rows": 53780, "Plan Width": 40, "Group By Key": ["public.partsupp.ps_partkey"], "Filter": "(sum((public.partsupp.ps_supplycost * (public.partsupp.ps_availqty)::double precision)) > $2)", "Plans": [{"Node Type": "Nested Loop", "Parent Relationship": "Outer", "Join Type": "Inner", "Startup Cost": 95.25, "Total Cost": 40357.32, "Plan Rows": 53780, "Plan Width": 24, "Inner Unique": false, "Plans": [{"Node Type": "Nested Loop", "Parent Relationship": "Outer", "Join Type": "Inner", "Startup Cost": 95.25, "Total Cost": 2533.35, "Plan Rows": 4000, "Plan Width": 8, "Inner Unique": false, "Plans": [{"Node Type": "Seq Scan", "Parent Relationship": "Outer", "Relation Name": "nation", "Alias": "nation", "Startup Cost": 0.0, "Total Cost": 1.31, "Plan Rows": 1, "Plan Width": 4, "Filter": "(n_name = 'MOZAMBIQUE'::bpchar)"}, {"Node Type": "Bitmap Heap Scan", "Parent Relationship": "Inner", "Relation Name": "supplier", "Alias": "supplier", "Startup Cost": 95.25, "Total Cost": 2492.04, "Plan Rows": 4000, "Plan Width": 12, "Recheck Cond": "(s_nationkey = public.nation.n_nationkey)", "Plans": [{"Node Type": "Bitmap Index Scan", "Parent Relationship": "Outer", "Index Name": "idx_supplier_nation_key", "Startup Cost": 0.0, "Total Cost": 94.25, "Plan Rows": 4000, "Plan Width": 0, "Index Cond": "(s_nationkey = public.nation.n_nationkey)"}]}]}, {"Node Type": "Index Scan", "Parent Relationship": "Inner", "Scan Direction": "Forward", "Index Name": "idx_partsupp_suppkey", "Relation Name": "partsupp", "Alias": "partsupp", "Startup Cost": 0.0, "Total Cost": 9.33, "Plan Rows": 13, "Plan Width": 32, "Index Cond": "(ps_suppkey = public.supplier.s_suppkey)"}]}]}]}, "Unique SQL Id": 2932834211, "Planner Runtime": 0}, "explain_analyze_plan": {"Plan": {"Node Type": "Sort", "Startup Cost": 86957.11, "Total Cost": 87091.56, "Plan Rows": 53780, "Plan Width": 40, "Actual Startup Time": 1867.688, "Actual Total Time": 1867.688, "Actual Rows": 0, "Actual Loops": 1, "Sort Key": ["(sum((public.partsupp.ps_supplycost * (public.partsupp.ps_availqty)::double precision))) DESC"], "Sort Method": "quicksort", "Sort Space Used": 25, "Sort Space Type": "Memory", "Plans": [{"Node Type": "Aggregate", "Strategy": "Plain", "Parent Relationship": "exec_init_plan", "Subplan Name": "InitPlan 1 (returns $2)", "Startup Cost": 40760.67, "Total Cost": 40760.68, "Plan Rows": 1, "Plan Width": 24, "Actual Startup Time": 794.18, "Actual Total Time": 794.181, "Actual Rows": 1, "Actual Loops": 1, "Plans": [{"Node Type": "Nested Loop", "Parent Relationship": "Outer", "Join Type": "Inner", "Startup Cost": 95.25, "Total Cost": 40357.32, "Plan Rows": 53780, "Plan Width": 16, "Actual Startup Time": 1.125, "Actual Total Time": 657.634, "Actual Rows": 313920, "Actual Loops": 1, "Inner Unique": false, "Plans": [{"Node Type": "Nested Loop", "Parent Relationship": "Outer", "Join Type": "Inner", "Startup Cost": 95.25, "Total Cost": 2533.35, "Plan Rows": 4000, "Plan Width": 8, "Actual Startup Time": 1.098, "Actual Total Time": 8.186, "Actual Rows": 3924, "Actual Loops": 1, "Inner Unique": false, "Plans": [{"Node Type": "Seq Scan", "Parent Relationship": "Outer", "Relation Name": "nation", "Alias": "nation", "Startup Cost": 0.0, "Total Cost": 1.31, "Plan Rows": 1, "Plan Width": 4, "Actual Startup Time": 0.024, "Actual Total Time": 0.047, "Actual Rows": 1, "Actual Loops": 1, "Filter": "(n_name = 'MOZAMBIQUE'::bpchar)", "Rows Removed by Filter": 24}, {"Node Type": "Bitmap Heap Scan", "Parent Relationship": "Inner", "Relation Name": "supplier", "Alias": "supplier", "Startup Cost": 95.25, "Total Cost": 2492.04, "Plan Rows": 4000, "Plan Width": 12, "Actual Startup Time": 1.058, "Actual Total Time": 7.206, "Actual Rows": 3924, "Actual Loops": 1, "Recheck Cond": "(s_nationkey = public.nation.n_nationkey)", "Rows Removed by Index Recheck": 0, "Exact Heap Blocks": 1895, "Lossy Heap Blocks": 1895, "Plans": [{"Node Type": "Bitmap Index Scan", "Parent Relationship": "Outer", "Index Name": "idx_supplier_nation_key", "Startup Cost": 0.0, "Total Cost": 94.25, "Plan Rows": 4000, "Plan Width": 0, "Actual Startup Time": 0.777, "Actual Total Time": 0.777, "Actual Rows": 3924, "Actual Loops": 1, "Index Cond": "(s_nationkey = public.nation.n_nationkey)"}]}]}, {"Node Type": "Index Scan", "Parent Relationship": "Inner", "Scan Direction": "Forward", "Index Name": "idx_partsupp_suppkey", "Relation Name": "partsupp", "Alias": "partsupp", "Startup Cost": 0.0, "Total Cost": 9.33, "Plan Rows": 13, "Plan Width": 24, "Actual Startup Time": 48.522, "Actual Total Time": 582.276, "Actual Rows": 313920, "Actual Loops": 3924, "Index Cond": "(ps_suppkey = public.supplier.s_suppkey)", "Rows Removed by Index Recheck": 0}]}]}, {"Node Type": "Aggregate", "Strategy": "Hashed", "Parent Relationship": "Outer", "Startup Cost": 41298.47, "Total Cost": 41970.72, "Plan Rows": 53780, "Plan Width": 40, "Actual Startup Time": 1867.28, "Actual Total Time": 1867.28, "Actual Rows": 0, "Actual Loops": 1, "Group By Key": ["public.partsupp.ps_partkey"], "Filter": "(sum((public.partsupp.ps_supplycost * (public.partsupp.ps_availqty)::double precision)) > $2)", "Rows Removed by Filter": 295792, "Plans": [{"Node Type": "Nested Loop", "Parent Relationship": "Outer", "Join Type": "Inner", "Startup Cost": 95.25, "Total Cost": 40357.32, "Plan Rows": 53780, "Plan Width": 24, "Actual Startup Time": 1.055, "Actual Total Time": 684.172, "Actual Rows": 313920, "Actual Loops": 1, "Inner Unique": false, "Plans": [{"Node Type": "Nested Loop", "Parent Relationship": "Outer", "Join Type": "Inner", "Startup Cost": 95.25, "Total Cost": 2533.35, "Plan Rows": 4000, "Plan Width": 8, "Actual Startup Time": 1.024, "Actual Total Time": 8.574, "Actual Rows": 3924, "Actual Loops": 1, "Inner Unique": false, "Plans": [{"Node Type": "Seq Scan", "Parent Relationship": "Outer", "Relation Name": "nation", "Alias": "nation", "Startup Cost": 0.0, "Total Cost": 1.31, "Plan Rows": 1, "Plan Width": 4, "Actual Startup Time": 0.032, "Actual Total Time": 0.044, "Actual Rows": 1, "Actual Loops": 1, "Filter": "(n_name = 'MOZAMBIQUE'::bpchar)", "Rows Removed by Filter": 24}, {"Node Type": "Bitmap Heap Scan", "Parent Relationship": "Inner", "Relation Name": "supplier", "Alias": "supplier", "Startup Cost": 95.25, "Total Cost": 2492.04, "Plan Rows": 4000, "Plan Width": 12, "Actual Startup Time": 0.985, "Actual Total Time": 7.583, "Actual Rows": 3924, "Actual Loops": 1, "Recheck Cond": "(s_nationkey = public.nation.n_nationkey)", "Rows Removed by Index Recheck": 0, "Exact Heap Blocks": 1895, "Lossy Heap Blocks": 1895, "Plans": [{"Node Type": "Bitmap Index Scan", "Parent Relationship": "Outer", "Index Name": "idx_supplier_nation_key", "Startup Cost": 0.0, "Total Cost": 94.25, "Plan Rows": 4000, "Plan Width": 0, "Actual Startup Time": 0.705, "Actual Total Time": 0.705, "Actual Rows": 3924, "Actual Loops": 1, "Index Cond": "(s_nationkey = public.nation.n_nationkey)"}]}]}, {"Node Type": "Index Scan", "Parent Relationship": "Inner", "Scan Direction": "Forward", "Index Name": "idx_partsupp_suppkey", "Relation Name": "partsupp", "Alias": "partsupp", "Startup Cost": 0.0, "Total Cost": 9.33, "Plan Rows": 13, "Plan Width": 32, "Actual Startup Time": 49.919, "Actual Total Time": 602.753, "Actual Rows": 313920, "Actual Loops": 3924, "Index Cond": "(ps_suppkey = public.supplier.s_suppkey)", "Rows Removed by Index Recheck": 0}]}]}]}, "Triggers": [], "Planner Runtime": 0, "Total Runtime": 1868.014, "Unique SQL Id": 2932834211}}, "(16, 101)": {"explain_plan": {"Plan": {"Node Type": "Sort", "Startup Cost": 86979.86, "Total Cost": 87114.31, "Plan Rows": 53780, "Plan Width": 40, "Sort Key": ["(sum((public.partsupp.ps_supplycost * (public.partsupp.ps_availqty)::double precision))) DESC"], "Plans": [{"Node Type": "Aggregate", "Strategy": "Plain", "Parent Relationship": "exec_init_plan", "Subplan Name": "InitPlan 1 (returns $2)", "Startup Cost": 40772.04, "Total Cost": 40772.06, "Plan Rows": 1, "Plan Width": 24, "Plans": [{"Node Type": "Nested Loop", "Parent Relationship": "Outer", "Join Type": "Inner", "Startup Cost": 95.25, "Total Cost": 40368.69, "Plan Rows": 53780, "Plan Width": 16, "Inner Unique": false, "Plans": [{"Node Type": "Nested Loop", "Parent Relationship": "Outer", "Join Type": "Inner", "Startup Cost": 95.25, "Total Cost": 2544.73, "Plan Rows": 4000, "Plan Width": 8, "Inner Unique": false, "Plans": [{"Node Type": "Index Scan", "Parent Relationship": "Outer", "Scan Direction": "Forward", "Index Name": "nation_pkey", "Relation Name": "nation", "Alias": "nation", "Startup Cost": 0.0, "Total Cost": 12.69, "Plan Rows": 1, "Plan Width": 4, "Filter": "(n_name = 'MOZAMBIQUE'::bpchar)"}, {"Node Type": "Bitmap Heap Scan", "Parent Relationship": "Inner", "Relation Name": "supplier", "Alias": "supplier", "Startup Cost": 95.25, "Total Cost": 2492.04, "Plan Rows": 4000, "Plan Width": 12, "Recheck Cond": "(s_nationkey = public.nation.n_nationkey)", "Plans": [{"Node Type": "Bitmap Index Scan", "Parent Relationship": "Outer", "Index Name": "idx_supplier_nation_key", "Startup Cost": 0.0, "Total Cost": 94.25, "Plan Rows": 4000, "Plan Width": 0, "Index Cond": "(s_nationkey = public.nation.n_nationkey)"}]}]}, {"Node Type": "Index Scan", "Parent Relationship": "Inner", "Scan Direction": "Forward", "Index Name": "idx_partsupp_suppkey", "Relation Name": "partsupp", "Alias": "partsupp", "Startup Cost": 0.0, "Total Cost": 9.33, "Plan Rows": 13, "Plan Width": 24, "Index Cond": "(ps_suppkey = public.supplier.s_suppkey)"}]}]}, {"Node Type": "Aggregate", "Strategy": "Hashed", "Parent Relationship": "Outer", "Startup Cost": 41309.84, "Total Cost": 41982.09, "Plan Rows": 53780, "Plan Width": 40, "Group By Key": ["public.partsupp.ps_partkey"], "Filter": "(sum((public.partsupp.ps_supplycost * (public.partsupp.ps_availqty)::double precision)) > $2)", "Plans": [{"Node Type": "Nested Loop", "Parent Relationship": "Outer", "Join Type": "Inner", "Startup Cost": 95.25, "Total Cost": 40368.69, "Plan Rows": 53780, "Plan Width": 24, "Inner Unique": false, "Plans": [{"Node Type": "Nested Loop", "Parent Relationship": "Outer", "Join Type": "Inner", "Startup Cost": 95.25, "Total Cost": 2544.73, "Plan Rows": 4000, "Plan Width": 8, "Inner Unique": false, "Plans": [{"Node Type": "Index Scan", "Parent Relationship": "Outer", "Scan Direction": "Forward", "Index Name": "nation_pkey", "Relation Name": "nation", "Alias": "nation", "Startup Cost": 0.0, "Total Cost": 12.69, "Plan Rows": 1, "Plan Width": 4, "Filter": "(n_name = 'MOZAMBIQUE'::bpchar)"}, {"Node Type": "Bitmap Heap Scan", "Parent Relationship": "Inner", "Relation Name": "supplier", "Alias": "supplier", "Startup Cost": 95.25, "Total Cost": 2492.04, "Plan Rows": 4000, "Plan Width": 12, "Recheck Cond": "(s_nationkey = public.nation.n_nationkey)", "Plans": [{"Node Type": "Bitmap Index Scan", "Parent Relationship": "Outer", "Index Name": "idx_supplier_nation_key", "Startup Cost": 0.0, "Total Cost": 94.25, "Plan Rows": 4000, "Plan Width": 0, "Index Cond": "(s_nationkey = public.nation.n_nationkey)"}]}]}, {"Node Type": "Index Scan", "Parent Relationship": "Inner", "Scan Direction": "Forward", "Index Name": "idx_partsupp_suppkey", "Relation Name": "partsupp", "Alias": "partsupp", "Startup Cost": 0.0, "Total Cost": 9.33, "Plan Rows": 13, "Plan Width": 32, "Index Cond": "(ps_suppkey = public.supplier.s_suppkey)"}]}]}]}, "Unique SQL Id": 2932834211, "Planner Runtime": 0}, "explain_analyze_plan": {"Plan": {"Node Type": "Sort", "Startup Cost": 86979.86, "Total Cost": 87114.31, "Plan Rows": 53780, "Plan Width": 40, "Actual Startup Time": 2004.071, "Actual Total Time": 2004.071, "Actual Rows": 0, "Actual Loops": 1, "Sort Key": ["(sum((public.partsupp.ps_supplycost * (public.partsupp.ps_availqty)::double precision))) DESC"], "Sort Method": "quicksort", "Sort Space Used": 25, "Sort Space Type": "Memory", "Plans": [{"Node Type": "Aggregate", "Strategy": "Plain", "Parent Relationship": "exec_init_plan", "Subplan Name": "InitPlan 1 (returns $2)", "Startup Cost": 40772.04, "Total Cost": 40772.06, "Plan Rows": 1, "Plan Width": 24, "Actual Startup Time": 813.993, "Actual Total Time": 813.994, "Actual Rows": 1, "Actual Loops": 1, "Plans": [{"Node Type": "Nested Loop", "Parent Relationship": "Outer", "Join Type": "Inner", "Startup Cost": 95.25, "Total Cost": 40368.69, "Plan Rows": 53780, "Plan Width": 16, "Actual Startup Time": 1.031, "Actual Total Time": 679.613, "Actual Rows": 313920, "Actual Loops": 1, "Inner Unique": false, "Plans": [{"Node Type": "Nested Loop", "Parent Relationship": "Outer", "Join Type": "Inner", "Startup Cost": 95.25, "Total Cost": 2544.73, "Plan Rows": 4000, "Plan Width": 8, "Actual Startup Time": 1.007, "Actual Total Time": 8.373, "Actual Rows": 3924, "Actual Loops": 1, "Inner Unique": false, "Plans": [{"Node Type": "Index Scan", "Parent Relationship": "Outer", "Scan Direction": "Forward", "Index Name": "nation_pkey", "Relation Name": "nation", "Alias": "nation", "Startup Cost": 0.0, "Total Cost": 12.69, "Plan Rows": 1, "Plan Width": 4, "Actual Startup Time": 0.027, "Actual Total Time": 0.082, "Actual Rows": 1, "Actual Loops": 1, "Filter": "(n_name = 'MOZAMBIQUE'::bpchar)", "Rows Removed by Filter": 24}, {"Node Type": "Bitmap Heap Scan", "Parent Relationship": "Inner", "Relation Name": "supplier", "Alias": "supplier", "Startup Cost": 95.25, "Total Cost": 2492.04, "Plan Rows": 4000, "Plan Width": 12, "Actual Startup Time": 0.966, "Actual Total Time": 7.31, "Actual Rows": 3924, "Actual Loops": 1, "Recheck Cond": "(s_nationkey = public.nation.n_nationkey)", "Rows Removed by Index Recheck": 0, "Exact Heap Blocks": 1895, "Lossy Heap Blocks": 1895, "Plans": [{"Node Type": "Bitmap Index Scan", "Parent Relationship": "Outer", "Index Name": "idx_supplier_nation_key", "Startup Cost": 0.0, "Total Cost": 94.25, "Plan Rows": 4000, "Plan Width": 0, "Actual Startup Time": 0.678, "Actual Total Time": 0.678, "Actual Rows": 3924, "Actual Loops": 1, "Index Cond": "(s_nationkey = public.nation.n_nationkey)"}]}]}, {"Node Type": "Index Scan", "Parent Relationship": "Inner", "Scan Direction": "Forward", "Index Name": "idx_partsupp_suppkey", "Relation Name": "partsupp", "Alias": "partsupp", "Startup Cost": 0.0, "Total Cost": 9.33, "Plan Rows": 13, "Plan Width": 24, "Actual Startup Time": 46.974, "Actual Total Time": 604.92, "Actual Rows": 313920, "Actual Loops": 3924, "Index Cond": "(ps_suppkey = public.supplier.s_suppkey)", "Rows Removed by Index Recheck": 0}]}]}, {"Node Type": "Aggregate", "Strategy": "Hashed", "Parent Relationship": "Outer", "Startup Cost": 41309.84, "Total Cost": 41982.09, "Plan Rows": 53780, "Plan Width": 40, "Actual Startup Time": 2003.564, "Actual Total Time": 2003.564, "Actual Rows": 0, "Actual Loops": 1, "Group By Key": ["public.partsupp.ps_partkey"], "Filter": "(sum((public.partsupp.ps_supplycost * (public.partsupp.ps_availqty)::double precision)) > $2)", "Rows Removed by Filter": 295792, "Plans": [{"Node Type": "Nested Loop", "Parent Relationship": "Outer", "Join Type": "Inner", "Startup Cost": 95.25, "Total Cost": 40368.69, "Plan Rows": 53780, "Plan Width": 24, "Actual Startup Time": 1.126, "Actual Total Time": 773.104, "Actual Rows": 313920, "Actual Loops": 1, "Inner Unique": false, "Plans": [{"Node Type": "Nested Loop", "Parent Relationship": "Outer", "Join Type": "Inner", "Startup Cost": 95.25, "Total Cost": 2544.73, "Plan Rows": 4000, "Plan Width": 8, "Actual Startup Time": 1.098, "Actual Total Time": 9.874, "Actual Rows": 3924, "Actual Loops": 1, "Inner Unique": false, "Plans": [{"Node Type": "Index Scan", "Parent Relationship": "Outer", "Scan Direction": "Forward", "Index Name": "nation_pkey", "Relation Name": "nation", "Alias": "nation", "Startup Cost": 0.0, "Total Cost": 12.69, "Plan Rows": 1, "Plan Width": 4, "Actual Startup Time": 0.032, "Actual Total Time": 0.045, "Actual Rows": 1, "Actual Loops": 1, "Filter": "(n_name = 'MOZAMBIQUE'::bpchar)", "Rows Removed by Filter": 24}, {"Node Type": "Bitmap Heap Scan", "Parent Relationship": "Inner", "Relation Name": "supplier", "Alias": "supplier", "Startup Cost": 95.25, "Total Cost": 2492.04, "Plan Rows": 4000, "Plan Width": 12, "Actual Startup Time": 1.058, "Actual Total Time": 8.873, "Actual Rows": 3924, "Actual Loops": 1, "Recheck Cond": "(s_nationkey = public.nation.n_nationkey)", "Rows Removed by Index Recheck": 0, "Exact Heap Blocks": 1895, "Lossy Heap Blocks": 1895, "Plans": [{"Node Type": "Bitmap Index Scan", "Parent Relationship": "Outer", "Index Name": "idx_supplier_nation_key", "Startup Cost": 0.0, "Total Cost": 94.25, "Plan Rows": 4000, "Plan Width": 0, "Actual Startup Time": 0.766, "Actual Total Time": 0.766, "Actual Rows": 3924, "Actual Loops": 1, "Index Cond": "(s_nationkey = public.nation.n_nationkey)"}]}]}, {"Node Type": "Index Scan", "Parent Relationship": "Inner", "Scan Direction": "Forward", "Index Name": "idx_partsupp_suppkey", "Relation Name": "partsupp", "Alias": "partsupp", "Startup Cost": 0.0, "Total Cost": 9.33, "Plan Rows": 13, "Plan Width": 32, "Actual Startup Time": 55.084, "Actual Total Time": 692.047, "Actual Rows": 313920, "Actual Loops": 3924, "Index Cond": "(ps_suppkey = public.supplier.s_suppkey)", "Rows Removed by Index Recheck": 0}]}]}]}, "Triggers": [], "Planner Runtime": 0, "Total Runtime": 2004.504, "Unique SQL Id": 2932834211}}, "(16, 102)": {"explain_plan": {"Plan": {"Node Type": "Sort", "Startup Cost": 90032.55, "Total Cost": 90167.0, "Plan Rows": 53780, "Plan Width": 40, "Sort Key": ["(sum((public.partsupp.ps_supplycost * (public.partsupp.ps_availqty)::double precision))) DESC"], "Plans": [{"Node Type": "Aggregate", "Strategy": "Plain", "Parent Relationship": "exec_init_plan", "Subplan Name": "InitPlan 1 (returns $2)", "Startup Cost": 42298.39, "Total Cost": 42298.4, "Plan Rows": 1, "Plan Width": 24, "Plans": [{"Node Type": "Nested Loop", "Parent Relationship": "Outer", "Join Type": "Inner", "Startup Cost": 96.82, "Total Cost": 41895.04, "Plan Rows": 53780, "Plan Width": 16, "Inner Unique": false, "Plans": [{"Node Type": "Nested Loop", "Parent Relationship": "Outer", "Join Type": "Inner", "Startup Cost": 95.25, "Total Cost": 2533.35, "Plan Rows": 4000, "Plan Width": 8, "Inner Unique": false, "Plans": [{"Node Type": "Seq Scan", "Parent Relationship": "Outer", "Relation Name": "nation", "Alias": "nation", "Startup Cost": 0.0, "Total Cost": 1.31, "Plan Rows": 1, "Plan Width": 4, "Filter": "(n_name = 'MOZAMBIQUE'::bpchar)"}, {"Node Type": "Bitmap Heap Scan", "Parent Relationship": "Inner", "Relation Name": "supplier", "Alias": "supplier", "Startup Cost": 95.25, "Total Cost": 2492.04, "Plan Rows": 4000, "Plan Width": 12, "Recheck Cond": "(s_nationkey = public.nation.n_nationkey)", "Plans": [{"Node Type": "Bitmap Index Scan", "Parent Relationship": "Outer", "Index Name": "idx_supplier_nation_key", "Startup Cost": 0.0, "Total Cost": 94.25, "Plan Rows": 4000, "Plan Width": 0, "Index Cond": "(s_nationkey = public.nation.n_nationkey)"}]}]}, {"Node Type": "Bitmap Heap Scan", "Parent Relationship": "Inner", "Relation Name": "partsupp", "Alias": "partsupp", "Startup Cost": 1.57, "Total Cost": 9.71, "Plan Rows": 13, "Plan Width": 24, "Recheck Cond": "(ps_suppkey = public.supplier.s_suppkey)", "Plans": [{"Node Type": "Bitmap Index Scan", "Parent Relationship": "Outer", "Index Name": "idx_partsupp_suppkey", "Startup Cost": 0.0, "Total Cost": 1.56, "Plan Rows": 13, "Plan Width": 0, "Index Cond": "(ps_suppkey = public.supplier.s_suppkey)"}]}]}]}, {"Node Type": "Aggregate", "Strategy": "Hashed", "Parent Relationship": "Outer", "Startup Cost": 42836.19, "Total Cost": 43508.44, "Plan Rows": 53780, "Plan Width": 40, "Group By Key": ["public.partsupp.ps_partkey"], "Filter": "(sum((public.partsupp.ps_supplycost * (public.partsupp.ps_availqty)::double precision)) > $2)", "Plans": [{"Node Type": "Nested Loop", "Parent Relationship": "Outer", "Join Type": "Inner", "Startup Cost": 96.82, "Total Cost": 41895.04, "Plan Rows": 53780, "Plan Width": 24, "Inner Unique": false, "Plans": [{"Node Type": "Nested Loop", "Parent Relationship": "Outer", "Join Type": "Inner", "Startup Cost": 95.25, "Total Cost": 2533.35, "Plan Rows": 4000, "Plan Width": 8, "Inner Unique": false, "Plans": [{"Node Type": "Seq Scan", "Parent Relationship": "Outer", "Relation Name": "nation", "Alias": "nation", "Startup Cost": 0.0, "Total Cost": 1.31, "Plan Rows": 1, "Plan Width": 4, "Filter": "(n_name = 'MOZAMBIQUE'::bpchar)"}, {"Node Type": "Bitmap Heap Scan", "Parent Relationship": "Inner", "Relation Name": "supplier", "Alias": "supplier", "Startup Cost": 95.25, "Total Cost": 2492.04, "Plan Rows": 4000, "Plan Width": 12, "Recheck Cond": "(s_nationkey = public.nation.n_nationkey)", "Plans": [{"Node Type": "Bitmap Index Scan", "Parent Relationship": "Outer", "Index Name": "idx_supplier_nation_key", "Startup Cost": 0.0, "Total Cost": 94.25, "Plan Rows": 4000, "Plan Width": 0, "Index Cond": "(s_nationkey = public.nation.n_nationkey)"}]}]}, {"Node Type": "Bitmap Heap Scan", "Parent Relationship": "Inner", "Relation Name": "partsupp", "Alias": "partsupp", "Startup Cost": 1.57, "Total Cost": 9.71, "Plan Rows": 13, "Plan Width": 32, "Recheck Cond": "(ps_suppkey = public.supplier.s_suppkey)", "Plans": [{"Node Type": "Bitmap Index Scan", "Parent Relationship": "Outer", "Index Name": "idx_partsupp_suppkey", "Startup Cost": 0.0, "Total Cost": 1.56, "Plan Rows": 13, "Plan Width": 0, "Index Cond": "(ps_suppkey = public.supplier.s_suppkey)"}]}]}]}]}, "Unique SQL Id": 2932834211, "Planner Runtime": 0}, "explain_analyze_plan": {"Plan": {"Node Type": "Sort", "Startup Cost": 90032.55, "Total Cost": 90167.0, "Plan Rows": 53780, "Plan Width": 40, "Actual Startup Time": 2259.599, "Actual Total Time": 2259.599, "Actual Rows": 0, "Actual Loops": 1, "Sort Key": ["(sum((public.partsupp.ps_supplycost * (public.partsupp.ps_availqty)::double precision))) DESC"], "Sort Method": "quicksort", "Sort Space Used": 25, "Sort Space Type": "Memory", "Plans": [{"Node Type": "Aggregate", "Strategy": "Plain", "Parent Relationship": "exec_init_plan", "Subplan Name": "InitPlan 1 (returns $2)", "Startup Cost": 42298.39, "Total Cost": 42298.4, "Plan Rows": 1, "Plan Width": 24, "Actual Startup Time": 1008.942, "Actual Total Time": 1008.942, "Actual Rows": 1, "Actual Loops": 1, "Plans": [{"Node Type": "Nested Loop", "Parent Relationship": "Outer", "Join Type": "Inner", "Startup Cost": 96.82, "Total Cost": 41895.04, "Plan Rows": 53780, "Plan Width": 16, "Actual Startup Time": 1.124, "Actual Total Time": 881.219, "Actual Rows": 313920, "Actual Loops": 1, "Inner Unique": false, "Plans": [{"Node Type": "Nested Loop", "Parent Relationship": "Outer", "Join Type": "Inner", "Startup Cost": 95.25, "Total Cost": 2533.35, "Plan Rows": 4000, "Plan Width": 8, "Actual Startup Time": 1.07, "Actual Total Time": 9.391, "Actual Rows": 3924, "Actual Loops": 1, "Inner Unique": false, "Plans": [{"Node Type": "Seq Scan", "Parent Relationship": "Outer", "Relation Name": "nation", "Alias": "nation", "Startup Cost": 0.0, "Total Cost": 1.31, "Plan Rows": 1, "Plan Width": 4, "Actual Startup Time": 0.042, "Actual Total Time": 0.058, "Actual Rows": 1, "Actual Loops": 1, "Filter": "(n_name = 'MOZAMBIQUE'::bpchar)", "Rows Removed by Filter": 24}, {"Node Type": "Bitmap Heap Scan", "Parent Relationship": "Inner", "Relation Name": "supplier", "Alias": "supplier", "Startup Cost": 95.25, "Total Cost": 2492.04, "Plan Rows": 4000, "Plan Width": 12, "Actual Startup Time": 1.019, "Actual Total Time": 8.327, "Actual Rows": 3924, "Actual Loops": 1, "Recheck Cond": "(s_nationkey = public.nation.n_nationkey)", "Rows Removed by Index Recheck": 0, "Exact Heap Blocks": 1895, "Lossy Heap Blocks": 1895, "Plans": [{"Node Type": "Bitmap Index Scan", "Parent Relationship": "Outer", "Index Name": "idx_supplier_nation_key", "Startup Cost": 0.0, "Total Cost": 94.25, "Plan Rows": 4000, "Plan Width": 0, "Actual Startup Time": 0.744, "Actual Total Time": 0.744, "Actual Rows": 3924, "Actual Loops": 1, "Index Cond": "(s_nationkey = public.nation.n_nationkey)"}]}]}, {"Node Type": "Bitmap Heap Scan", "Parent Relationship": "Inner", "Relation Name": "partsupp", "Alias": "partsupp", "Startup Cost": 1.57, "Total Cost": 9.71, "Plan Rows": 13, "Plan Width": 24, "Actual Startup Time": 110.886, "Actual Total Time": 803.989, "Actual Rows": 313920, "Actual Loops": 3924, "Recheck Cond": "(ps_suppkey = public.supplier.s_suppkey)", "Rows Removed by Index Recheck": 0, "Exact Heap Blocks": 313920, "Lossy Heap Blocks": 313920, "Plans": [{"Node Type": "Bitmap Index Scan", "Parent Relationship": "Outer", "Index Name": "idx_partsupp_suppkey", "Startup Cost": 0.0, "Total Cost": 1.56, "Plan Rows": 13, "Plan Width": 0, "Actual Startup Time": 71.169, "Actual Total Time": 71.169, "Actual Rows": 313920, "Actual Loops": 3924, "Index Cond": "(ps_suppkey = public.supplier.s_suppkey)"}]}]}]}, {"Node Type": "Aggregate", "Strategy": "Hashed", "Parent Relationship": "Outer", "Startup Cost": 42836.19, "Total Cost": 43508.44, "Plan Rows": 53780, "Plan Width": 40, "Actual Startup Time": 2259.097, "Actual Total Time": 2259.097, "Actual Rows": 0, "Actual Loops": 1, "Group By Key": ["public.partsupp.ps_partkey"], "Filter": "(sum((public.partsupp.ps_supplycost * (public.partsupp.ps_availqty)::double precision)) > $2)", "Rows Removed by Filter": 295792, "Plans": [{"Node Type": "Nested Loop", "Parent Relationship": "Outer", "Join Type": "Inner", "Startup Cost": 96.82, "Total Cost": 41895.04, "Plan Rows": 53780, "Plan Width": 24, "Actual Startup Time": 1.137, "Actual Total Time": 834.966, "Actual Rows": 313920, "Actual Loops": 1, "Inner Unique": false, "Plans": [{"Node Type": "Nested Loop", "Parent Relationship": "Outer", "Join Type": "Inner", "Startup Cost": 95.25, "Total Cost": 2533.35, "Plan Rows": 4000, "Plan Width": 8, "Actual Startup Time": 1.088, "Actual Total Time": 8.572, "Actual Rows": 3924, "Actual Loops": 1, "Inner Unique": false, "Plans": [{"Node Type": "Seq Scan", "Parent Relationship": "Outer", "Relation Name": "nation", "Alias": "nation", "Startup Cost": 0.0, "Total Cost": 1.31, "Plan Rows": 1, "Plan Width": 4, "Actual Startup Time": 0.03, "Actual Total Time": 0.044, "Actual Rows": 1, "Actual Loops": 1, "Filter": "(n_name = 'MOZAMBIQUE'::bpchar)", "Rows Removed by Filter": 24}, {"Node Type": "Bitmap Heap Scan", "Parent Relationship": "Inner", "Relation Name": "supplier", "Alias": "supplier", "Startup Cost": 95.25, "Total Cost": 2492.04, "Plan Rows": 4000, "Plan Width": 12, "Actual Startup Time": 1.052, "Actual Total Time": 7.612, "Actual Rows": 3924, "Actual Loops": 1, "Recheck Cond": "(s_nationkey = public.nation.n_nationkey)", "Rows Removed by Index Recheck": 0, "Exact Heap Blocks": 1895, "Lossy Heap Blocks": 1895, "Plans": [{"Node Type": "Bitmap Index Scan", "Parent Relationship": "Outer", "Index Name": "idx_supplier_nation_key", "Startup Cost": 0.0, "Total Cost": 94.25, "Plan Rows": 4000, "Plan Width": 0, "Actual Startup Time": 0.77, "Actual Total Time": 0.77, "Actual Rows": 3924, "Actual Loops": 1, "Index Cond": "(s_nationkey = public.nation.n_nationkey)"}]}]}, {"Node Type": "Bitmap Heap Scan", "Parent Relationship": "Inner", "Relation Name": "partsupp", "Alias": "partsupp", "Startup Cost": 1.57, "Total Cost": 9.71, "Plan Rows": 13, "Plan Width": 32, "Actual Startup Time": 109.514, "Actual Total Time": 752.491, "Actual Rows": 313920, "Actual Loops": 3924, "Recheck Cond": "(ps_suppkey = public.supplier.s_suppkey)", "Rows Removed by Index Recheck": 0, "Exact Heap Blocks": 313920, "Lossy Heap Blocks": 313920, "Plans": [{"Node Type": "Bitmap Index Scan", "Parent Relationship": "Outer", "Index Name": "idx_partsupp_suppkey", "Startup Cost": 0.0, "Total Cost": 1.56, "Plan Rows": 13, "Plan Width": 0, "Actual Startup Time": 70.02, "Actual Total Time": 70.02, "Actual Rows": 313920, "Actual Loops": 3924, "Index Cond": "(ps_suppkey = public.supplier.s_suppkey)"}]}]}]}]}, "Triggers": [], "Planner Runtime": 0, "Total Runtime": 2259.921, "Unique SQL Id": 2932834211}}, "(16, 103)": {"explain_plan": {"Plan": {"Node Type": "Sort", "Startup Cost": 2000084159245.82, "Total Cost": 2000084159380.27, "Plan Rows": 53780, "Plan Width": 40, "Sort Key": ["(sum((public.partsupp.ps_supplycost * (public.partsupp.ps_availqty)::double precision))) DESC"], "Plans": [{"Node Type": "Aggregate", "Strategy": "Plain", "Parent Relationship": "exec_init_plan", "Subplan Name": "InitPlan 1 (returns $2)", "Startup Cost": 1000001001502.42, "Total Cost": 1000001001502.43, "Plan Rows": 1, "Plan Width": 24, "Plans": [{"Node Type": "Nested Loop", "Parent Relationship": "Outer", "Join Type": "Inner", "Startup Cost": 10000000001.83, "Total Cost": 1000001001099.07, "Plan Rows": 53780, "Plan Width": 16, "Inner Unique": false, "Plans": [{"Node Type": "Nested Loop", "Parent Relationship": "Outer", "Join Type": "Inner", "Startup Cost": 10000000000.26, "Total Cost": 1000000961737.38, "Plan Rows": 4000, "Plan Width": 8, "Inner Unique": true, "Plans": [{"Node Type": "Index Scan", "Parent Relationship": "Outer", "Scan Direction": "Forward", "Index Name": "supplier_pkey", "Relation Name": "supplier", "Alias": "supplier", "Startup Cost": 10000000000.0, "Total Cost": 1000000533454.38, "Plan Rows": 100000, "Plan Width": 12}, {"Node Type": "Bitmap Heap Scan", "Parent Relationship": "Inner", "Relation Name": "nation", "Alias": "nation", "Startup Cost": 0.26, "Total Cost": 4.27, "Plan Rows": 1, "Plan Width": 4, "Recheck Cond": "(n_nationkey = public.supplier.s_nationkey)", "Filter": "(n_name = 'MOZAMBIQUE'::bpchar)", "Plans": [{"Node Type": "Bitmap Index Scan", "Parent Relationship": "Outer", "Index Name": "nation_pkey", "Startup Cost": 0.0, "Total Cost": 0.26, "Plan Rows": 1, "Plan Width": 0, "Index Cond": "(n_nationkey = public.supplier.s_nationkey)"}]}]}, {"Node Type": "Bitmap Heap Scan", "Parent Relationship": "Inner", "Relation Name": "partsupp", "Alias": "partsupp", "Startup Cost": 1.57, "Total Cost": 9.71, "Plan Rows": 13, "Plan Width": 24, "Recheck Cond": "(ps_suppkey = public.supplier.s_suppkey)", "Plans": [{"Node Type": "Bitmap Index Scan", "Parent Relationship": "Outer", "Index Name": "idx_partsupp_suppkey", "Startup Cost": 0.0, "Total Cost": 1.56, "Plan Rows": 13, "Plan Width": 0, "Index Cond": "(ps_suppkey = public.supplier.s_suppkey)"}]}]}]}, {"Node Type": "Aggregate", "Strategy": "Hashed", "Parent Relationship": "Outer", "Startup Cost": 1000083152845.44, "Total Cost": 1000083153517.69, "Plan Rows": 53780, "Plan Width": 40, "Group By Key": ["public.partsupp.ps_partkey"], "Filter": "(sum((public.partsupp.ps_supplycost * (public.partsupp.ps_availqty)::double precision)) > $2)", "Plans": [{"Node Type": "Nested Loop", "Parent Relationship": "Outer", "Join Type": "Inner", "Startup Cost": 10000000000.52, "Total Cost": 1000083151904.29, "Plan Rows": 53780, "Plan Width": 24, "Inner Unique": true, "Plans": [{"Node Type": "Nested Loop", "Parent Relationship": "Outer", "Join Type": "Inner", "Startup Cost": 10000000000.26, "Total Cost": 1000077393643.64, "Plan Rows": 1344499, "Plan Width": 28, "Inner Unique": true, "Plans": [{"Node Type": "Index Scan", "Parent Relationship": "Outer", "Scan Direction": "Forward", "Index Name": "idx_partsupp_partkey", "Relation Name": "partsupp", "Alias": "partsupp", "Startup Cost": 10000000000.0, "Total Cost": 1000043148503.38, "Plan Rows": 8000372, "Plan Width": 32}, {"Node Type": "Bitmap Heap Scan", "Parent Relationship": "Inner", "Relation Name": "supplier", "Alias": "supplier", "Startup Cost": 0.26, "Total Cost": 4.27, "Plan Rows": 1, "Plan Width": 12, "Recheck Cond": "(s_suppkey = public.partsupp.ps_suppkey)", "Plans": [{"Node Type": "Bitmap Index Scan", "Parent Relationship": "Outer", "Index Name": "supplier_pkey", "Startup Cost": 0.0, "Total Cost": 0.26, "Plan Rows": 1, "Plan Width": 0, "Index Cond": "(s_suppkey = public.partsupp.ps_suppkey)"}]}]}, {"Node Type": "Bitmap Heap Scan", "Parent Relationship": "Inner", "Relation Name": "nation", "Alias": "nation", "Startup Cost": 0.26, "Total Cost": 4.27, "Plan Rows": 1, "Plan Width": 4, "Recheck Cond": "(n_nationkey = public.supplier.s_nationkey)", "Filter": "(n_name = 'MOZAMBIQUE'::bpchar)", "Plans": [{"Node Type": "Bitmap Index Scan", "Parent Relationship": "Outer", "Index Name": "nation_pkey", "Startup Cost": 0.0, "Total Cost": 0.26, "Plan Rows": 1, "Plan Width": 0, "Index Cond": "(n_nationkey = public.supplier.s_nationkey)"}]}]}]}]}, "Unique SQL Id": 2932834211, "Planner Runtime": 0}, "explain_analyze_plan": null}, "(16, 104)": {"explain_plan": {"Plan": {"Node Type": "Sort", "Startup Cost": 89040.3, "Total Cost": 89174.75, "Plan Rows": 53780, "Plan Width": 40, "Sort Key": ["(sum((public.partsupp.ps_supplycost * (public.partsupp.ps_availqty)::double precision))) DESC"], "Plans": [{"Node Type": "Aggregate", "Strategy": "Plain", "Parent Relationship": "exec_init_plan", "Subplan Name": "InitPlan 1 (returns $1)", "Startup Cost": 41802.27, "Total Cost": 41802.28, "Plan Rows": 1, "Plan Width": 24, "Plans": [{"Node Type": "Nested Loop", "Parent Relationship": "Outer", "Join Type": "Inner", "Startup Cost": 1.32, "Total Cost": 41398.92, "Plan Rows": 53780, "Plan Width": 16, "Inner Unique": false, "Plans": [{"Node Type": "Hash Join", "Parent Relationship": "Outer", "Join Type": "Inner", "Startup Cost": 1.32, "Total Cost": 3574.95, "Plan Rows": 4000, "Plan Width": 8, "Inner Unique": true, "Hash Cond": "(public.supplier.s_nationkey = public.nation.n_nationkey)", "Plans": [{"Node Type": "Seq Scan", "Parent Relationship": "Outer", "Relation Name": "supplier", "Alias": "supplier", "Startup Cost": 0.0, "Total Cost": 3283.0, "Plan Rows": 100000, "Plan Width": 12}, {"Node Type": "Hash", "Parent Relationship": "Inner", "Startup Cost": 1.31, "Total Cost": 1.31, "Plan Rows": 1, "Plan Width": 4, "Plans": [{"Node Type": "Seq Scan", "Parent Relationship": "Outer", "Relation Name": "nation", "Alias": "nation", "Startup Cost": 0.0, "Total Cost": 1.31, "Plan Rows": 1, "Plan Width": 4, "Filter": "(n_name = 'MOZAMBIQUE'::bpchar)"}]}]}, {"Node Type": "Index Scan", "Parent Relationship": "Inner", "Scan Direction": "Forward", "Index Name": "idx_partsupp_suppkey", "Relation Name": "partsupp", "Alias": "partsupp", "Startup Cost": 0.0, "Total Cost": 9.33, "Plan Rows": 13, "Plan Width": 24, "Index Cond": "(ps_suppkey = public.supplier.s_suppkey)"}]}]}, {"Node Type": "Aggregate", "Strategy": "Hashed", "Parent Relationship": "Outer", "Startup Cost": 42340.07, "Total Cost": 43012.32, "Plan Rows": 53780, "Plan Width": 40, "Group By Key": ["public.partsupp.ps_partkey"], "Filter": "(sum((public.partsupp.ps_supplycost * (public.partsupp.ps_availqty)::double precision)) > $1)", "Plans": [{"Node Type": "Nested Loop", "Parent Relationship": "Outer", "Join Type": "Inner", "Startup Cost": 1.32, "Total Cost": 41398.92, "Plan Rows": 53780, "Plan Width": 24, "Inner Unique": false, "Plans": [{"Node Type": "Hash Join", "Parent Relationship": "Outer", "Join Type": "Inner", "Startup Cost": 1.32, "Total Cost": 3574.95, "Plan Rows": 4000, "Plan Width": 8, "Inner Unique": true, "Hash Cond": "(public.supplier.s_nationkey = public.nation.n_nationkey)", "Plans": [{"Node Type": "Seq Scan", "Parent Relationship": "Outer", "Relation Name": "supplier", "Alias": "supplier", "Startup Cost": 0.0, "Total Cost": 3283.0, "Plan Rows": 100000, "Plan Width": 12}, {"Node Type": "Hash", "Parent Relationship": "Inner", "Startup Cost": 1.31, "Total Cost": 1.31, "Plan Rows": 1, "Plan Width": 4, "Plans": [{"Node Type": "Seq Scan", "Parent Relationship": "Outer", "Relation Name": "nation", "Alias": "nation", "Startup Cost": 0.0, "Total Cost": 1.31, "Plan Rows": 1, "Plan Width": 4, "Filter": "(n_name = 'MOZAMBIQUE'::bpchar)"}]}]}, {"Node Type": "Index Scan", "Parent Relationship": "Inner", "Scan Direction": "Forward", "Index Name": "idx_partsupp_suppkey", "Relation Name": "partsupp", "Alias": "partsupp", "Startup Cost": 0.0, "Total Cost": 9.33, "Plan Rows": 13, "Plan Width": 32, "Index Cond": "(ps_suppkey = public.supplier.s_suppkey)"}]}]}]}, "Unique SQL Id": 2932834211, "Planner Runtime": 0}, "explain_analyze_plan": {"Plan": {"Node Type": "Sort", "Startup Cost": 89040.3, "Total Cost": 89174.75, "Plan Rows": 53780, "Plan Width": 40, "Actual Startup Time": 2218.613, "Actual Total Time": 2218.613, "Actual Rows": 0, "Actual Loops": 1, "Sort Key": ["(sum((public.partsupp.ps_supplycost * (public.partsupp.ps_availqty)::double precision))) DESC"], "Sort Method": "quicksort", "Sort Space Used": 25, "Sort Space Type": "Memory", "Plans": [{"Node Type": "Aggregate", "Strategy": "Plain", "Parent Relationship": "exec_init_plan", "Subplan Name": "InitPlan 1 (returns $1)", "Startup Cost": 41802.27, "Total Cost": 41802.28, "Plan Rows": 1, "Plan Width": 24, "Actual Startup Time": 958.478, "Actual Total Time": 958.478, "Actual Rows": 1, "Actual Loops": 1, "Plans": [{"Node Type": "Nested Loop", "Parent Relationship": "Outer", "Join Type": "Inner", "Startup Cost": 1.32, "Total Cost": 41398.92, "Plan Rows": 53780, "Plan Width": 16, "Actual Startup Time": 0.167, "Actual Total Time": 820.918, "Actual Rows": 313920, "Actual Loops": 1, "Inner Unique": false, "Plans": [{"Node Type": "Hash Join", "Parent Relationship": "Outer", "Join Type": "Inner", "Startup Cost": 1.32, "Total Cost": 3574.95, "Plan Rows": 4000, "Plan Width": 8, "Actual Startup Time": 0.139, "Actual Total Time": 52.901, "Actual Rows": 3924, "Actual Loops": 1, "Inner Unique": true, "Hash Cond": "(public.supplier.s_nationkey = public.nation.n_nationkey)", "Plans": [{"Node Type": "Seq Scan", "Parent Relationship": "Outer", "Relation Name": "supplier", "Alias": "supplier", "Startup Cost": 0.0, "Total Cost": 3283.0, "Plan Rows": 100000, "Plan Width": 12, "Actual Startup Time": 0.027, "Actual Total Time": 30.589, "Actual Rows": 100000, "Actual Loops": 1}, {"Node Type": "Hash", "Parent Relationship": "Inner", "Startup Cost": 1.31, "Total Cost": 1.31, "Plan Rows": 1, "Plan Width": 4, "Actual Startup Time": 0.041, "Actual Total Time": 0.041, "Actual Rows": 1, "Actual Loops": 1, "Hash Buckets": 32768, "Hash Batches": 1, "Original Hash Batches": 1, "Peak Memory Usage": 1, "Plans": [{"Node Type": "Seq Scan", "Parent Relationship": "Outer", "Relation Name": "nation", "Alias": "nation", "Startup Cost": 0.0, "Total Cost": 1.31, "Plan Rows": 1, "Plan Width": 4, "Actual Startup Time": 0.03, "Actual Total Time": 0.033, "Actual Rows": 1, "Actual Loops": 1, "Filter": "(n_name = 'MOZAMBIQUE'::bpchar)", "Rows Removed by Filter": 24}]}]}, {"Node Type": "Index Scan", "Parent Relationship": "Inner", "Scan Direction": "Forward", "Index Name": "idx_partsupp_suppkey", "Relation Name": "partsupp", "Alias": "partsupp", "Startup Cost": 0.0, "Total Cost": 9.33, "Plan Rows": 13, "Plan Width": 24, "Actual Startup Time": 52.489, "Actual Total Time": 700.539, "Actual Rows": 313920, "Actual Loops": 3924, "Index Cond": "(ps_suppkey = public.supplier.s_suppkey)", "Rows Removed by Index Recheck": 0}]}]}, {"Node Type": "Aggregate", "Strategy": "Hashed", "Parent Relationship": "Outer", "Startup Cost": 42340.07, "Total Cost": 43012.32, "Plan Rows": 53780, "Plan Width": 40, "Actual Startup Time": 2218.071, "Actual Total Time": 2218.071, "Actual Rows": 0, "Actual Loops": 1, "Group By Key": ["public.partsupp.ps_partkey"], "Filter": "(sum((public.partsupp.ps_supplycost * (public.partsupp.ps_availqty)::double precision)) > $1)", "Rows Removed by Filter": 295792, "Plans": [{"Node Type": "Nested Loop", "Parent Relationship": "Outer", "Join Type": "Inner", "Startup Cost": 1.32, "Total Cost": 41398.92, "Plan Rows": 53780, "Plan Width": 24, "Actual Startup Time": 0.114, "Actual Total Time": 847.003, "Actual Rows": 313920, "Actual Loops": 1, "Inner Unique": false, "Plans": [{"Node Type": "Hash Join", "Parent Relationship": "Outer", "Join Type": "Inner", "Startup Cost": 1.32, "Total Cost": 3574.95, "Plan Rows": 4000, "Plan Width": 8, "Actual Startup Time": 0.089, "Actual Total Time": 54.895, "Actual Rows": 3924, "Actual Loops": 1, "Inner Unique": true, "Hash Cond": "(public.supplier.s_nationkey = public.nation.n_nationkey)", "Plans": [{"Node Type": "Seq Scan", "Parent Relationship": "Outer", "Relation Name": "supplier", "Alias": "supplier", "Startup Cost": 0.0, "Total Cost": 3283.0, "Plan Rows": 100000, "Plan Width": 12, "Actual Startup Time": 0.016, "Actual Total Time": 31.431, "Actual Rows": 100000, "Actual Loops": 1}, {"Node Type": "Hash", "Parent Relationship": "Inner", "Startup Cost": 1.31, "Total Cost": 1.31, "Plan Rows": 1, "Plan Width": 4, "Actual Startup Time": 0.027, "Actual Total Time": 0.027, "Actual Rows": 1, "Actual Loops": 1, "Hash Buckets": 32768, "Hash Batches": 1, "Original Hash Batches": 1, "Peak Memory Usage": 1, "Plans": [{"Node Type": "Seq Scan", "Parent Relationship": "Outer", "Relation Name": "nation", "Alias": "nation", "Startup Cost": 0.0, "Total Cost": 1.31, "Plan Rows": 1, "Plan Width": 4, "Actual Startup Time": 0.019, "Actual Total Time": 0.023, "Actual Rows": 1, "Actual Loops": 1, "Filter": "(n_name = 'MOZAMBIQUE'::bpchar)", "Rows Removed by Filter": 24}]}]}, {"Node Type": "Index Scan", "Parent Relationship": "Inner", "Scan Direction": "Forward", "Index Name": "idx_partsupp_suppkey", "Relation Name": "partsupp", "Alias": "partsupp", "Startup Cost": 0.0, "Total Cost": 9.33, "Plan Rows": 13, "Plan Width": 32, "Actual Startup Time": 54.864, "Actual Total Time": 720.004, "Actual Rows": 313920, "Actual Loops": 3924, "Index Cond": "(ps_suppkey = public.supplier.s_suppkey)", "Rows Removed by Index Recheck": 0}]}]}]}, "Triggers": [], "Planner Runtime": 1, "Total Runtime": 2218.902, "Unique SQL Id": 2932834211}}, "(16, 105)": {"explain_plan": {"Plan": {"Node Type": "Sort", "Startup Cost": 93166.14, "Total Cost": 93300.59, "Plan Rows": 53780, "Plan Width": 40, "Sort Key": ["(sum((public.partsupp.ps_supplycost * (public.partsupp.ps_availqty)::double precision))) DESC"], "Plans": [{"Node Type": "Aggregate", "Strategy": "Plain", "Parent Relationship": "exec_init_plan", "Subplan Name": "InitPlan 1 (returns $1)", "Startup Cost": 43865.19, "Total Cost": 43865.2, "Plan Rows": 1, "Plan Width": 24, "Plans": [{"Node Type": "Nested Loop", "Parent Relationship": "Outer", "Join Type": "Inner", "Startup Cost": 12.7, "Total Cost": 43461.84, "Plan Rows": 53780, "Plan Width": 16, "Inner Unique": false, "Plans": [{"Node Type": "Hash Join", "Parent Relationship": "Outer", "Join Type": "Inner", "Startup Cost": 12.7, "Total Cost": 5637.87, "Plan Rows": 4000, "Plan Width": 8, "Inner Unique": true, "Hash Cond": "(public.supplier.s_nationkey = public.nation.n_nationkey)", "Plans": [{"Node Type": "Index Scan", "Parent Relationship": "Outer", "Scan Direction": "Forward", "Index Name": "supplier_pkey", "Relation Name": "supplier", "Alias": "supplier", "Startup Cost": 0.0, "Total Cost": 5334.54, "Plan Rows": 100000, "Plan Width": 12}, {"Node Type": "Hash", "Parent Relationship": "Inner", "Startup Cost": 12.69, "Total Cost": 12.69, "Plan Rows": 1, "Plan Width": 4, "Plans": [{"Node Type": "Index Scan", "Parent Relationship": "Outer", "Scan Direction": "Forward", "Index Name": "nation_pkey", "Relation Name": "nation", "Alias": "nation", "Startup Cost": 0.0, "Total Cost": 12.69, "Plan Rows": 1, "Plan Width": 4, "Filter": "(n_name = 'MOZAMBIQUE'::bpchar)"}]}]}, {"Node Type": "Index Scan", "Parent Relationship": "Inner", "Scan Direction": "Forward", "Index Name": "idx_partsupp_suppkey", "Relation Name": "partsupp", "Alias": "partsupp", "Startup Cost": 0.0, "Total Cost": 9.33, "Plan Rows": 13, "Plan Width": 24, "Index Cond": "(ps_suppkey = public.supplier.s_suppkey)"}]}]}, {"Node Type": "Aggregate", "Strategy": "Hashed", "Parent Relationship": "Outer", "Startup Cost": 44402.99, "Total Cost": 45075.24, "Plan Rows": 53780, "Plan Width": 40, "Group By Key": ["public.partsupp.ps_partkey"], "Filter": "(sum((public.partsupp.ps_supplycost * (public.partsupp.ps_availqty)::double precision)) > $1)", "Plans": [{"Node Type": "Nested Loop", "Parent Relationship": "Outer", "Join Type": "Inner", "Startup Cost": 12.7, "Total Cost": 43461.84, "Plan Rows": 53780, "Plan Width": 24, "Inner Unique": false, "Plans": [{"Node Type": "Hash Join", "Parent Relationship": "Outer", "Join Type": "Inner", "Startup Cost": 12.7, "Total Cost": 5637.87, "Plan Rows": 4000, "Plan Width": 8, "Inner Unique": true, "Hash Cond": "(public.supplier.s_nationkey = public.nation.n_nationkey)", "Plans": [{"Node Type": "Index Scan", "Parent Relationship": "Outer", "Scan Direction": "Forward", "Index Name": "supplier_pkey", "Relation Name": "supplier", "Alias": "supplier", "Startup Cost": 0.0, "Total Cost": 5334.54, "Plan Rows": 100000, "Plan Width": 12}, {"Node Type": "Hash", "Parent Relationship": "Inner", "Startup Cost": 12.69, "Total Cost": 12.69, "Plan Rows": 1, "Plan Width": 4, "Plans": [{"Node Type": "Index Scan", "Parent Relationship": "Outer", "Scan Direction": "Forward", "Index Name": "nation_pkey", "Relation Name": "nation", "Alias": "nation", "Startup Cost": 0.0, "Total Cost": 12.69, "Plan Rows": 1, "Plan Width": 4, "Filter": "(n_name = 'MOZAMBIQUE'::bpchar)"}]}]}, {"Node Type": "Index Scan", "Parent Relationship": "Inner", "Scan Direction": "Forward", "Index Name": "idx_partsupp_suppkey", "Relation Name": "partsupp", "Alias": "partsupp", "Startup Cost": 0.0, "Total Cost": 9.33, "Plan Rows": 13, "Plan Width": 32, "Index Cond": "(ps_suppkey = public.supplier.s_suppkey)"}]}]}]}, "Unique SQL Id": 2932834211, "Planner Runtime": 0}, "explain_analyze_plan": {"Plan": {"Node Type": "Sort", "Startup Cost": 93166.14, "Total Cost": 93300.59, "Plan Rows": 53780, "Plan Width": 40, "Actual Startup Time": 2247.026, "Actual Total Time": 2247.026, "Actual Rows": 0, "Actual Loops": 1, "Sort Key": ["(sum((public.partsupp.ps_supplycost * (public.partsupp.ps_availqty)::double precision))) DESC"], "Sort Method": "quicksort", "Sort Space Used": 25, "Sort Space Type": "Memory", "Plans": [{"Node Type": "Aggregate", "Strategy": "Plain", "Parent Relationship": "exec_init_plan", "Subplan Name": "InitPlan 1 (returns $1)", "Startup Cost": 43865.19, "Total Cost": 43865.2, "Plan Rows": 1, "Plan Width": 24, "Actual Startup Time": 978.111, "Actual Total Time": 978.112, "Actual Rows": 1, "Actual Loops": 1, "Plans": [{"Node Type": "Nested Loop", "Parent Relationship": "Outer", "Join Type": "Inner", "Startup Cost": 12.7, "Total Cost": 43461.84, "Plan Rows": 53780, "Plan Width": 16, "Actual Startup Time": 0.181, "Actual Total Time": 843.297, "Actual Rows": 313920, "Actual Loops": 1, "Inner Unique": false, "Plans": [{"Node Type": "Hash Join", "Parent Relationship": "Outer", "Join Type": "Inner", "Startup Cost": 12.7, "Total Cost": 5637.87, "Plan Rows": 4000, "Plan Width": 8, "Actual Startup Time": 0.159, "Actual Total Time": 89.116, "Actual Rows": 3924, "Actual Loops": 1, "Inner Unique": true, "Hash Cond": "(public.supplier.s_nationkey = public.nation.n_nationkey)", "Plans": [{"Node Type": "Index Scan", "Parent Relationship": "Outer", "Scan Direction": "Forward", "Index Name": "supplier_pkey", "Relation Name": "supplier", "Alias": "supplier", "Startup Cost": 0.0, "Total Cost": 5334.54, "Plan Rows": 100000, "Plan Width": 12, "Actual Startup Time": 0.033, "Actual Total Time": 68.123, "Actual Rows": 100000, "Actual Loops": 1}, {"Node Type": "Hash", "Parent Relationship": "Inner", "Startup Cost": 12.69, "Total Cost": 12.69, "Plan Rows": 1, "Plan Width": 4, "Actual Startup Time": 0.051, "Actual Total Time": 0.051, "Actual Rows": 1, "Actual Loops": 1, "Hash Buckets": 32768, "Hash Batches": 1, "Original Hash Batches": 1, "Peak Memory Usage": 1, "Plans": [{"Node Type": "Index Scan", "Parent Relationship": "Outer", "Scan Direction": "Forward", "Index Name": "nation_pkey", "Relation Name": "nation", "Alias": "nation", "Startup Cost": 0.0, "Total Cost": 12.69, "Plan Rows": 1, "Plan Width": 4, "Actual Startup Time": 0.034, "Actual Total Time": 0.042, "Actual Rows": 1, "Actual Loops": 1, "Filter": "(n_name = 'MOZAMBIQUE'::bpchar)", "Rows Removed by Filter": 24}]}]}, {"Node Type": "Index Scan", "Parent Relationship": "Inner", "Scan Direction": "Forward", "Index Name": "idx_partsupp_suppkey", "Relation Name": "partsupp", "Alias": "partsupp", "Startup Cost": 0.0, "Total Cost": 9.33, "Plan Rows": 13, "Plan Width": 24, "Actual Startup Time": 54.712, "Actual Total Time": 687.849, "Actual Rows": 313920, "Actual Loops": 3924, "Index Cond": "(ps_suppkey = public.supplier.s_suppkey)", "Rows Removed by Index Recheck": 0}]}]}, {"Node Type": "Aggregate", "Strategy": "Hashed", "Parent Relationship": "Outer", "Startup Cost": 44402.99, "Total Cost": 45075.24, "Plan Rows": 53780, "Plan Width": 40, "Actual Startup Time": 2246.631, "Actual Total Time": 2246.631, "Actual Rows": 0, "Actual Loops": 1, "Group By Key": ["public.partsupp.ps_partkey"], "Filter": "(sum((public.partsupp.ps_supplycost * (public.partsupp.ps_availqty)::double precision)) > $1)", "Rows Removed by Filter": 295792, "Plans": [{"Node Type": "Nested Loop", "Parent Relationship": "Outer", "Join Type": "Inner", "Startup Cost": 12.7, "Total Cost": 43461.84, "Plan Rows": 53780, "Plan Width": 24, "Actual Startup Time": 0.126, "Actual Total Time": 860.858, "Actual Rows": 313920, "Actual Loops": 1, "Inner Unique": false, "Plans": [{"Node Type": "Hash Join", "Parent Relationship": "Outer", "Join Type": "Inner", "Startup Cost": 12.7, "Total Cost": 5637.87, "Plan Rows": 4000, "Plan Width": 8, "Actual Startup Time": 0.104, "Actual Total Time": 85.54, "Actual Rows": 3924, "Actual Loops": 1, "Inner Unique": true, "Hash Cond": "(public.supplier.s_nationkey = public.nation.n_nationkey)", "Plans": [{"Node Type": "Index Scan", "Parent Relationship": "Outer", "Scan Direction": "Forward", "Index Name": "supplier_pkey", "Relation Name": "supplier", "Alias": "supplier", "Startup Cost": 0.0, "Total Cost": 5334.54, "Plan Rows": 100000, "Plan Width": 12, "Actual Startup Time": 0.022, "Actual Total Time": 64.371, "Actual Rows": 100000, "Actual Loops": 1}, {"Node Type": "Hash", "Parent Relationship": "Inner", "Startup Cost": 12.69, "Total Cost": 12.69, "Plan Rows": 1, "Plan Width": 4, "Actual Startup Time": 0.029, "Actual Total Time": 0.029, "Actual Rows": 1, "Actual Loops": 1, "Hash Buckets": 32768, "Hash Batches": 1, "Original Hash Batches": 1, "Peak Memory Usage": 1, "Plans": [{"Node Type": "Index Scan", "Parent Relationship": "Outer", "Scan Direction": "Forward", "Index Name": "nation_pkey", "Relation Name": "nation", "Alias": "nation", "Startup Cost": 0.0, "Total Cost": 12.69, "Plan Rows": 1, "Plan Width": 4, "Actual Startup Time": 0.019, "Actual Total Time": 0.024, "Actual Rows": 1, "Actual Loops": 1, "Filter": "(n_name = 'MOZAMBIQUE'::bpchar)", "Rows Removed by Filter": 24}]}]}, {"Node Type": "Index Scan", "Parent Relationship": "Inner", "Scan Direction": "Forward", "Index Name": "idx_partsupp_suppkey", "Relation Name": "partsupp", "Alias": "partsupp", "Startup Cost": 0.0, "Total Cost": 9.33, "Plan Rows": 13, "Plan Width": 32, "Actual Startup Time": 51.789, "Actual Total Time": 704.818, "Actual Rows": 313920, "Actual Loops": 3924, "Index Cond": "(ps_suppkey = public.supplier.s_suppkey)", "Rows Removed by Index Recheck": 0}]}]}]}, "Triggers": [], "Planner Runtime": 0, "Total Runtime": 2247.303, "Unique SQL Id": 2932834211}}, "(16, 106)": {"explain_plan": {"Plan": {"Node Type": "Sort", "Startup Cost": 614546.2, "Total Cost": 614680.65, "Plan Rows": 53780, "Plan Width": 40, "Sort Key": ["(sum((public.partsupp.ps_supplycost * (public.partsupp.ps_availqty)::double precision))) DESC"], "Plans": [{"Node Type": "Aggregate", "Strategy": "Plain", "Parent Relationship": "exec_init_plan", "Subplan Name": "InitPlan 1 (returns $0)", "Startup Cost": 304555.21, "Total Cost": 304555.23, "Plan Rows": 1, "Plan Width": 24, "Plans": [{"Node Type": "Hash Join", "Parent Relationship": "Outer", "Join Type": "Inner", "Startup Cost": 3624.95, "Total Cost": 304151.86, "Plan Rows": 53780, "Plan Width": 16, "Inner Unique": false, "Hash Cond": "(public.partsupp.ps_suppkey = public.supplier.s_suppkey)", "Plans": [{"Node Type": "Seq Scan", "Parent Relationship": "Outer", "Relation Name": "partsupp", "Alias": "partsupp", "Startup Cost": 0.0, "Total Cost": 269987.72, "Plan Rows": 8000372, "Plan Width": 24}, {"Node Type": "Hash", "Parent Relationship": "Inner", "Startup Cost": 3574.95, "Total Cost": 3574.95, "Plan Rows": 4000, "Plan Width": 8, "Plans": [{"Node Type": "Hash Join", "Parent Relationship": "Outer", "Join Type": "Inner", "Startup Cost": 1.32, "Total Cost": 3574.95, "Plan Rows": 4000, "Plan Width": 8, "Inner Unique": true, "Hash Cond": "(public.supplier.s_nationkey = public.nation.n_nationkey)", "Plans": [{"Node Type": "Seq Scan", "Parent Relationship": "Outer", "Relation Name": "supplier", "Alias": "supplier", "Startup Cost": 0.0, "Total Cost": 3283.0, "Plan Rows": 100000, "Plan Width": 12}, {"Node Type": "Hash", "Parent Relationship": "Inner", "Startup Cost": 1.31, "Total Cost": 1.31, "Plan Rows": 1, "Plan Width": 4, "Plans": [{"Node Type": "Seq Scan", "Parent Relationship": "Outer", "Relation Name": "nation", "Alias": "nation", "Startup Cost": 0.0, "Total Cost": 1.31, "Plan Rows": 1, "Plan Width": 4, "Filter": "(n_name = 'MOZAMBIQUE'::bpchar)"}]}]}]}]}]}, {"Node Type": "Aggregate", "Strategy": "Hashed", "Parent Relationship": "Outer", "Startup Cost": 305093.02, "Total Cost": 305765.27, "Plan Rows": 53780, "Plan Width": 40, "Group By Key": ["public.partsupp.ps_partkey"], "Filter": "(sum((public.partsupp.ps_supplycost * (public.partsupp.ps_availqty)::double precision)) > $0)", "Plans": [{"Node Type": "Hash Join", "Parent Relationship": "Outer", "Join Type": "Inner", "Startup Cost": 3624.95, "Total Cost": 304151.86, "Plan Rows": 53780, "Plan Width": 24, "Inner Unique": false, "Hash Cond": "(public.partsupp.ps_suppkey = public.supplier.s_suppkey)", "Plans": [{"Node Type": "Seq Scan", "Parent Relationship": "Outer", "Relation Name": "partsupp", "Alias": "partsupp", "Startup Cost": 0.0, "Total Cost": 269987.72, "Plan Rows": 8000372, "Plan Width": 32}, {"Node Type": "Hash", "Parent Relationship": "Inner", "Startup Cost": 3574.95, "Total Cost": 3574.95, "Plan Rows": 4000, "Plan Width": 8, "Plans": [{"Node Type": "Hash Join", "Parent Relationship": "Outer", "Join Type": "Inner", "Startup Cost": 1.32, "Total Cost": 3574.95, "Plan Rows": 4000, "Plan Width": 8, "Inner Unique": true, "Hash Cond": "(public.supplier.s_nationkey = public.nation.n_nationkey)", "Plans": [{"Node Type": "Seq Scan", "Parent Relationship": "Outer", "Relation Name": "supplier", "Alias": "supplier", "Startup Cost": 0.0, "Total Cost": 3283.0, "Plan Rows": 100000, "Plan Width": 12}, {"Node Type": "Hash", "Parent Relationship": "Inner", "Startup Cost": 1.31, "Total Cost": 1.31, "Plan Rows": 1, "Plan Width": 4, "Plans": [{"Node Type": "Seq Scan", "Parent Relationship": "Outer", "Relation Name": "nation", "Alias": "nation", "Startup Cost": 0.0, "Total Cost": 1.31, "Plan Rows": 1, "Plan Width": 4, "Filter": "(n_name = 'MOZAMBIQUE'::bpchar)"}]}]}]}]}]}]}, "Unique SQL Id": 2932834211, "Planner Runtime": 0}, "explain_analyze_plan": null}, "(16, 107)": {"explain_plan": {"Plan": {"Node Type": "Sort", "Startup Cost": 6000144023996.65, "Total Cost": 6000144024131.1, "Plan Rows": 53780, "Plan Width": 40, "Sort Key": ["(sum((public.partsupp.ps_supplycost * (public.partsupp.ps_availqty)::double precision))) DESC"], "Plans": [{"Node Type": "Aggregate", "Strategy": "Plain", "Parent Relationship": "exec_init_plan", "Subplan Name": "InitPlan 1 (returns $1)", "Startup Cost": 3000100515269.13, "Total Cost": 3000100515269.15, "Plan Rows": 1, "Plan Width": 24, "Plans": [{"Node Type": "Hash Join", "Parent Relationship": "Outer", "Join Type": "Inner", "Startup Cost": 1020100260580.67, "Total Cost": 3000100514865.78, "Plan Rows": 53780, "Plan Width": 16, "Inner Unique": false, "Hash Cond": "(public.supplier.s_suppkey = public.partsupp.ps_suppkey)", "Plans": [{"Node Type": "Nested Loop", "Parent Relationship": "Outer", "Join Type": "Inner", "Startup Cost": 20000000095.25, "Total Cost": 2000000250512.56, "Plan Rows": 4000, "Plan Width": 8, "Inner Unique": false, "Plans": [{"Node Type": "Index Scan", "Parent Relationship": "Outer", "Scan Direction": "Forward", "Index Name": "nation_pkey", "Relation Name": "nation", "Alias": "nation", "Startup Cost": 10000000000.0, "Total Cost": 1000000001268.75, "Plan Rows": 1, "Plan Width": 4, "Filter": "(n_name = 'MOZAMBIQUE'::bpchar)"}, {"Node Type": "Bitmap Heap Scan", "Parent Relationship": "Inner", "Relation Name": "supplier", "Alias": "supplier", "Startup Cost": 10000000095.25, "Total Cost": 1000000249203.81, "Plan Rows": 4000, "Plan Width": 12, "Recheck Cond": "(s_nationkey = public.nation.n_nationkey)", "Plans": [{"Node Type": "Bitmap Index Scan", "Parent Relationship": "Outer", "Index Name": "idx_supplier_nation_key", "Startup Cost": 0.0, "Total Cost": 94.25, "Plan Rows": 4000, "Plan Width": 0, "Index Cond": "(s_nationkey = public.nation.n_nationkey)"}]}]}, {"Node Type": "Hash", "Parent Relationship": "Inner", "Startup Cost": 1000100160480.77, "Total Cost": 1000100160480.77, "Plan Rows": 8000372, "Plan Width": 24, "Plans": [{"Node Type": "Index Scan", "Parent Relationship": "Outer", "Scan Direction": "Forward", "Index Name": "idx_partsupp_suppkey", "Relation Name": "partsupp", "Alias": "partsupp", "Startup Cost": 10000000000.0, "Total Cost": 1000100160480.77, "Plan Rows": 8000372, "Plan Width": 24}]}]}]}, {"Node Type": "Aggregate", "Strategy": "Hashed", "Parent Relationship": "Outer", "Startup Cost": 3000043503829.54, "Total Cost": 3000043504501.79, "Plan Rows": 53780, "Plan Width": 40, "Group By Key": ["public.partsupp.ps_partkey"], "Filter": "(sum((public.partsupp.ps_supplycost * (public.partsupp.ps_availqty)::double precision)) > $1)", "Plans": [{"Node Type": "Hash Join", "Parent Relationship": "Outer", "Join Type": "Inner", "Startup Cost": 1020043248603.28, "Total Cost": 3000043502888.39, "Plan Rows": 53780, "Plan Width": 24, "Inner Unique": false, "Hash Cond": "(public.supplier.s_suppkey = public.partsupp.ps_suppkey)", "Plans": [{"Node Type": "Nested Loop", "Parent Relationship": "Outer", "Join Type": "Inner", "Startup Cost": 20000000095.25, "Total Cost": 2000000250512.56, "Plan Rows": 4000, "Plan Width": 8, "Inner Unique": false, "Plans": [{"Node Type": "Index Scan", "Parent Relationship": "Outer", "Scan Direction": "Forward", "Index Name": "nation_pkey", "Relation Name": "nation", "Alias": "nation", "Startup Cost": 10000000000.0, "Total Cost": 1000000001268.75, "Plan Rows": 1, "Plan Width": 4, "Filter": "(n_name = 'MOZAMBIQUE'::bpchar)"}, {"Node Type": "Bitmap Heap Scan", "Parent Relationship": "Inner", "Relation Name": "supplier", "Alias": "supplier", "Startup Cost": 10000000095.25, "Total Cost": 1000000249203.81, "Plan Rows": 4000, "Plan Width": 12, "Recheck Cond": "(s_nationkey = public.nation.n_nationkey)", "Plans": [{"Node Type": "Bitmap Index Scan", "Parent Relationship": "Outer", "Index Name": "idx_supplier_nation_key", "Startup Cost": 0.0, "Total Cost": 94.25, "Plan Rows": 4000, "Plan Width": 0, "Index Cond": "(s_nationkey = public.nation.n_nationkey)"}]}]}, {"Node Type": "Hash", "Parent Relationship": "Inner", "Startup Cost": 1000043148503.38, "Total Cost": 1000043148503.38, "Plan Rows": 8000372, "Plan Width": 32, "Plans": [{"Node Type": "Index Scan", "Parent Relationship": "Outer", "Scan Direction": "Forward", "Index Name": "idx_partsupp_partkey", "Relation Name": "partsupp", "Alias": "partsupp", "Startup Cost": 10000000000.0, "Total Cost": 1000043148503.38, "Plan Rows": 8000372, "Plan Width": 32}]}]}]}]}, "Unique SQL Id": 2932834211, "Planner Runtime": 0}, "explain_analyze_plan": null}, "(16, 108)": {"explain_plan": {"Plan": {"Node Type": "Sort", "Startup Cost": 89040.3, "Total Cost": 89174.75, "Plan Rows": 53780, "Plan Width": 40, "Sort Key": ["(sum((public.partsupp.ps_supplycost * (public.partsupp.ps_availqty)::double precision))) DESC"], "Plans": [{"Node Type": "Aggregate", "Strategy": "Plain", "Parent Relationship": "exec_init_plan", "Subplan Name": "InitPlan 1 (returns $1)", "Startup Cost": 41802.27, "Total Cost": 41802.28, "Plan Rows": 1, "Plan Width": 24, "Plans": [{"Node Type": "Nested Loop", "Parent Relationship": "Outer", "Join Type": "Inner", "Startup Cost": 1.32, "Total Cost": 41398.92, "Plan Rows": 53780, "Plan Width": 16, "Inner Unique": false, "Plans": [{"Node Type": "Hash Join", "Parent Relationship": "Outer", "Join Type": "Inner", "Startup Cost": 1.32, "Total Cost": 3574.95, "Plan Rows": 4000, "Plan Width": 8, "Inner Unique": true, "Hash Cond": "(public.supplier.s_nationkey = public.nation.n_nationkey)", "Plans": [{"Node Type": "Seq Scan", "Parent Relationship": "Outer", "Relation Name": "supplier", "Alias": "supplier", "Startup Cost": 0.0, "Total Cost": 3283.0, "Plan Rows": 100000, "Plan Width": 12}, {"Node Type": "Hash", "Parent Relationship": "Inner", "Startup Cost": 1.31, "Total Cost": 1.31, "Plan Rows": 1, "Plan Width": 4, "Plans": [{"Node Type": "Seq Scan", "Parent Relationship": "Outer", "Relation Name": "nation", "Alias": "nation", "Startup Cost": 0.0, "Total Cost": 1.31, "Plan Rows": 1, "Plan Width": 4, "Filter": "(n_name = 'MOZAMBIQUE'::bpchar)"}]}]}, {"Node Type": "Index Scan", "Parent Relationship": "Inner", "Scan Direction": "Forward", "Index Name": "idx_partsupp_suppkey", "Relation Name": "partsupp", "Alias": "partsupp", "Startup Cost": 0.0, "Total Cost": 9.33, "Plan Rows": 13, "Plan Width": 24, "Index Cond": "(ps_suppkey = public.supplier.s_suppkey)"}]}]}, {"Node Type": "Aggregate", "Strategy": "Hashed", "Parent Relationship": "Outer", "Startup Cost": 42340.07, "Total Cost": 43012.32, "Plan Rows": 53780, "Plan Width": 40, "Group By Key": ["public.partsupp.ps_partkey"], "Filter": "(sum((public.partsupp.ps_supplycost * (public.partsupp.ps_availqty)::double precision)) > $1)", "Plans": [{"Node Type": "Nested Loop", "Parent Relationship": "Outer", "Join Type": "Inner", "Startup Cost": 1.32, "Total Cost": 41398.92, "Plan Rows": 53780, "Plan Width": 24, "Inner Unique": false, "Plans": [{"Node Type": "Hash Join", "Parent Relationship": "Outer", "Join Type": "Inner", "Startup Cost": 1.32, "Total Cost": 3574.95, "Plan Rows": 4000, "Plan Width": 8, "Inner Unique": true, "Hash Cond": "(public.supplier.s_nationkey = public.nation.n_nationkey)", "Plans": [{"Node Type": "Seq Scan", "Parent Relationship": "Outer", "Relation Name": "supplier", "Alias": "supplier", "Startup Cost": 0.0, "Total Cost": 3283.0, "Plan Rows": 100000, "Plan Width": 12}, {"Node Type": "Hash", "Parent Relationship": "Inner", "Startup Cost": 1.31, "Total Cost": 1.31, "Plan Rows": 1, "Plan Width": 4, "Plans": [{"Node Type": "Seq Scan", "Parent Relationship": "Outer", "Relation Name": "nation", "Alias": "nation", "Startup Cost": 0.0, "Total Cost": 1.31, "Plan Rows": 1, "Plan Width": 4, "Filter": "(n_name = 'MOZAMBIQUE'::bpchar)"}]}]}, {"Node Type": "Index Scan", "Parent Relationship": "Inner", "Scan Direction": "Forward", "Index Name": "idx_partsupp_suppkey", "Relation Name": "partsupp", "Alias": "partsupp", "Startup Cost": 0.0, "Total Cost": 9.33, "Plan Rows": 13, "Plan Width": 32, "Index Cond": "(ps_suppkey = public.supplier.s_suppkey)"}]}]}]}, "Unique SQL Id": 2932834211, "Planner Runtime": 1}, "explain_analyze_plan": {"Plan": {"Node Type": "Sort", "Startup Cost": 89040.3, "Total Cost": 89174.75, "Plan Rows": 53780, "Plan Width": 40, "Actual Startup Time": 2218.613, "Actual Total Time": 2218.613, "Actual Rows": 0, "Actual Loops": 1, "Sort Key": ["(sum((public.partsupp.ps_supplycost * (public.partsupp.ps_availqty)::double precision))) DESC"], "Sort Method": "quicksort", "Sort Space Used": 25, "Sort Space Type": "Memory", "Plans": [{"Node Type": "Aggregate", "Strategy": "Plain", "Parent Relationship": "exec_init_plan", "Subplan Name": "InitPlan 1 (returns $1)", "Startup Cost": 41802.27, "Total Cost": 41802.28, "Plan Rows": 1, "Plan Width": 24, "Actual Startup Time": 958.478, "Actual Total Time": 958.478, "Actual Rows": 1, "Actual Loops": 1, "Plans": [{"Node Type": "Nested Loop", "Parent Relationship": "Outer", "Join Type": "Inner", "Startup Cost": 1.32, "Total Cost": 41398.92, "Plan Rows": 53780, "Plan Width": 16, "Actual Startup Time": 0.167, "Actual Total Time": 820.918, "Actual Rows": 313920, "Actual Loops": 1, "Inner Unique": false, "Plans": [{"Node Type": "Hash Join", "Parent Relationship": "Outer", "Join Type": "Inner", "Startup Cost": 1.32, "Total Cost": 3574.95, "Plan Rows": 4000, "Plan Width": 8, "Actual Startup Time": 0.139, "Actual Total Time": 52.901, "Actual Rows": 3924, "Actual Loops": 1, "Inner Unique": true, "Hash Cond": "(public.supplier.s_nationkey = public.nation.n_nationkey)", "Plans": [{"Node Type": "Seq Scan", "Parent Relationship": "Outer", "Relation Name": "supplier", "Alias": "supplier", "Startup Cost": 0.0, "Total Cost": 3283.0, "Plan Rows": 100000, "Plan Width": 12, "Actual Startup Time": 0.027, "Actual Total Time": 30.589, "Actual Rows": 100000, "Actual Loops": 1}, {"Node Type": "Hash", "Parent Relationship": "Inner", "Startup Cost": 1.31, "Total Cost": 1.31, "Plan Rows": 1, "Plan Width": 4, "Actual Startup Time": 0.041, "Actual Total Time": 0.041, "Actual Rows": 1, "Actual Loops": 1, "Hash Buckets": 32768, "Hash Batches": 1, "Original Hash Batches": 1, "Peak Memory Usage": 1, "Plans": [{"Node Type": "Seq Scan", "Parent Relationship": "Outer", "Relation Name": "nation", "Alias": "nation", "Startup Cost": 0.0, "Total Cost": 1.31, "Plan Rows": 1, "Plan Width": 4, "Actual Startup Time": 0.03, "Actual Total Time": 0.033, "Actual Rows": 1, "Actual Loops": 1, "Filter": "(n_name = 'MOZAMBIQUE'::bpchar)", "Rows Removed by Filter": 24}]}]}, {"Node Type": "Index Scan", "Parent Relationship": "Inner", "Scan Direction": "Forward", "Index Name": "idx_partsupp_suppkey", "Relation Name": "partsupp", "Alias": "partsupp", "Startup Cost": 0.0, "Total Cost": 9.33, "Plan Rows": 13, "Plan Width": 24, "Actual Startup Time": 52.489, "Actual Total Time": 700.539, "Actual Rows": 313920, "Actual Loops": 3924, "Index Cond": "(ps_suppkey = public.supplier.s_suppkey)", "Rows Removed by Index Recheck": 0}]}]}, {"Node Type": "Aggregate", "Strategy": "Hashed", "Parent Relationship": "Outer", "Startup Cost": 42340.07, "Total Cost": 43012.32, "Plan Rows": 53780, "Plan Width": 40, "Actual Startup Time": 2218.071, "Actual Total Time": 2218.071, "Actual Rows": 0, "Actual Loops": 1, "Group By Key": ["public.partsupp.ps_partkey"], "Filter": "(sum((public.partsupp.ps_supplycost * (public.partsupp.ps_availqty)::double precision)) > $1)", "Rows Removed by Filter": 295792, "Plans": [{"Node Type": "Nested Loop", "Parent Relationship": "Outer", "Join Type": "Inner", "Startup Cost": 1.32, "Total Cost": 41398.92, "Plan Rows": 53780, "Plan Width": 24, "Actual Startup Time": 0.114, "Actual Total Time": 847.003, "Actual Rows": 313920, "Actual Loops": 1, "Inner Unique": false, "Plans": [{"Node Type": "Hash Join", "Parent Relationship": "Outer", "Join Type": "Inner", "Startup Cost": 1.32, "Total Cost": 3574.95, "Plan Rows": 4000, "Plan Width": 8, "Actual Startup Time": 0.089, "Actual Total Time": 54.895, "Actual Rows": 3924, "Actual Loops": 1, "Inner Unique": true, "Hash Cond": "(public.supplier.s_nationkey = public.nation.n_nationkey)", "Plans": [{"Node Type": "Seq Scan", "Parent Relationship": "Outer", "Relation Name": "supplier", "Alias": "supplier", "Startup Cost": 0.0, "Total Cost": 3283.0, "Plan Rows": 100000, "Plan Width": 12, "Actual Startup Time": 0.016, "Actual Total Time": 31.431, "Actual Rows": 100000, "Actual Loops": 1}, {"Node Type": "Hash", "Parent Relationship": "Inner", "Startup Cost": 1.31, "Total Cost": 1.31, "Plan Rows": 1, "Plan Width": 4, "Actual Startup Time": 0.027, "Actual Total Time": 0.027, "Actual Rows": 1, "Actual Loops": 1, "Hash Buckets": 32768, "Hash Batches": 1, "Original Hash Batches": 1, "Peak Memory Usage": 1, "Plans": [{"Node Type": "Seq Scan", "Parent Relationship": "Outer", "Relation Name": "nation", "Alias": "nation", "Startup Cost": 0.0, "Total Cost": 1.31, "Plan Rows": 1, "Plan Width": 4, "Actual Startup Time": 0.019, "Actual Total Time": 0.023, "Actual Rows": 1, "Actual Loops": 1, "Filter": "(n_name = 'MOZAMBIQUE'::bpchar)", "Rows Removed by Filter": 24}]}]}, {"Node Type": "Index Scan", "Parent Relationship": "Inner", "Scan Direction": "Forward", "Index Name": "idx_partsupp_suppkey", "Relation Name": "partsupp", "Alias": "partsupp", "Startup Cost": 0.0, "Total Cost": 9.33, "Plan Rows": 13, "Plan Width": 32, "Actual Startup Time": 54.864, "Actual Total Time": 720.004, "Actual Rows": 313920, "Actual Loops": 3924, "Index Cond": "(ps_suppkey = public.supplier.s_suppkey)", "Rows Removed by Index Recheck": 0}]}]}]}, "Triggers": [], "Planner Runtime": 1, "Total Runtime": 2218.902, "Unique SQL Id": 2932834211}}, "(16, 109)": {"explain_plan": {"Plan": {"Node Type": "Sort", "Startup Cost": 93166.14, "Total Cost": 93300.59, "Plan Rows": 53780, "Plan Width": 40, "Sort Key": ["(sum((public.partsupp.ps_supplycost * (public.partsupp.ps_availqty)::double precision))) DESC"], "Plans": [{"Node Type": "Aggregate", "Strategy": "Plain", "Parent Relationship": "exec_init_plan", "Subplan Name": "InitPlan 1 (returns $1)", "Startup Cost": 43865.19, "Total Cost": 43865.2, "Plan Rows": 1, "Plan Width": 24, "Plans": [{"Node Type": "Nested Loop", "Parent Relationship": "Outer", "Join Type": "Inner", "Startup Cost": 12.7, "Total Cost": 43461.84, "Plan Rows": 53780, "Plan Width": 16, "Inner Unique": false, "Plans": [{"Node Type": "Hash Join", "Parent Relationship": "Outer", "Join Type": "Inner", "Startup Cost": 12.7, "Total Cost": 5637.87, "Plan Rows": 4000, "Plan Width": 8, "Inner Unique": true, "Hash Cond": "(public.supplier.s_nationkey = public.nation.n_nationkey)", "Plans": [{"Node Type": "Index Scan", "Parent Relationship": "Outer", "Scan Direction": "Forward", "Index Name": "supplier_pkey", "Relation Name": "supplier", "Alias": "supplier", "Startup Cost": 0.0, "Total Cost": 5334.54, "Plan Rows": 100000, "Plan Width": 12}, {"Node Type": "Hash", "Parent Relationship": "Inner", "Startup Cost": 12.69, "Total Cost": 12.69, "Plan Rows": 1, "Plan Width": 4, "Plans": [{"Node Type": "Index Scan", "Parent Relationship": "Outer", "Scan Direction": "Forward", "Index Name": "nation_pkey", "Relation Name": "nation", "Alias": "nation", "Startup Cost": 0.0, "Total Cost": 12.69, "Plan Rows": 1, "Plan Width": 4, "Filter": "(n_name = 'MOZAMBIQUE'::bpchar)"}]}]}, {"Node Type": "Index Scan", "Parent Relationship": "Inner", "Scan Direction": "Forward", "Index Name": "idx_partsupp_suppkey", "Relation Name": "partsupp", "Alias": "partsupp", "Startup Cost": 0.0, "Total Cost": 9.33, "Plan Rows": 13, "Plan Width": 24, "Index Cond": "(ps_suppkey = public.supplier.s_suppkey)"}]}]}, {"Node Type": "Aggregate", "Strategy": "Hashed", "Parent Relationship": "Outer", "Startup Cost": 44402.99, "Total Cost": 45075.24, "Plan Rows": 53780, "Plan Width": 40, "Group By Key": ["public.partsupp.ps_partkey"], "Filter": "(sum((public.partsupp.ps_supplycost * (public.partsupp.ps_availqty)::double precision)) > $1)", "Plans": [{"Node Type": "Nested Loop", "Parent Relationship": "Outer", "Join Type": "Inner", "Startup Cost": 12.7, "Total Cost": 43461.84, "Plan Rows": 53780, "Plan Width": 24, "Inner Unique": false, "Plans": [{"Node Type": "Hash Join", "Parent Relationship": "Outer", "Join Type": "Inner", "Startup Cost": 12.7, "Total Cost": 5637.87, "Plan Rows": 4000, "Plan Width": 8, "Inner Unique": true, "Hash Cond": "(public.supplier.s_nationkey = public.nation.n_nationkey)", "Plans": [{"Node Type": "Index Scan", "Parent Relationship": "Outer", "Scan Direction": "Forward", "Index Name": "supplier_pkey", "Relation Name": "supplier", "Alias": "supplier", "Startup Cost": 0.0, "Total Cost": 5334.54, "Plan Rows": 100000, "Plan Width": 12}, {"Node Type": "Hash", "Parent Relationship": "Inner", "Startup Cost": 12.69, "Total Cost": 12.69, "Plan Rows": 1, "Plan Width": 4, "Plans": [{"Node Type": "Index Scan", "Parent Relationship": "Outer", "Scan Direction": "Forward", "Index Name": "nation_pkey", "Relation Name": "nation", "Alias": "nation", "Startup Cost": 0.0, "Total Cost": 12.69, "Plan Rows": 1, "Plan Width": 4, "Filter": "(n_name = 'MOZAMBIQUE'::bpchar)"}]}]}, {"Node Type": "Index Scan", "Parent Relationship": "Inner", "Scan Direction": "Forward", "Index Name": "idx_partsupp_suppkey", "Relation Name": "partsupp", "Alias": "partsupp", "Startup Cost": 0.0, "Total Cost": 9.33, "Plan Rows": 13, "Plan Width": 32, "Index Cond": "(ps_suppkey = public.supplier.s_suppkey)"}]}]}]}, "Unique SQL Id": 2932834211, "Planner Runtime": 0}, "explain_analyze_plan": {"Plan": {"Node Type": "Sort", "Startup Cost": 93166.14, "Total Cost": 93300.59, "Plan Rows": 53780, "Plan Width": 40, "Actual Startup Time": 2247.026, "Actual Total Time": 2247.026, "Actual Rows": 0, "Actual Loops": 1, "Sort Key": ["(sum((public.partsupp.ps_supplycost * (public.partsupp.ps_availqty)::double precision))) DESC"], "Sort Method": "quicksort", "Sort Space Used": 25, "Sort Space Type": "Memory", "Plans": [{"Node Type": "Aggregate", "Strategy": "Plain", "Parent Relationship": "exec_init_plan", "Subplan Name": "InitPlan 1 (returns $1)", "Startup Cost": 43865.19, "Total Cost": 43865.2, "Plan Rows": 1, "Plan Width": 24, "Actual Startup Time": 978.111, "Actual Total Time": 978.112, "Actual Rows": 1, "Actual Loops": 1, "Plans": [{"Node Type": "Nested Loop", "Parent Relationship": "Outer", "Join Type": "Inner", "Startup Cost": 12.7, "Total Cost": 43461.84, "Plan Rows": 53780, "Plan Width": 16, "Actual Startup Time": 0.181, "Actual Total Time": 843.297, "Actual Rows": 313920, "Actual Loops": 1, "Inner Unique": false, "Plans": [{"Node Type": "Hash Join", "Parent Relationship": "Outer", "Join Type": "Inner", "Startup Cost": 12.7, "Total Cost": 5637.87, "Plan Rows": 4000, "Plan Width": 8, "Actual Startup Time": 0.159, "Actual Total Time": 89.116, "Actual Rows": 3924, "Actual Loops": 1, "Inner Unique": true, "Hash Cond": "(public.supplier.s_nationkey = public.nation.n_nationkey)", "Plans": [{"Node Type": "Index Scan", "Parent Relationship": "Outer", "Scan Direction": "Forward", "Index Name": "supplier_pkey", "Relation Name": "supplier", "Alias": "supplier", "Startup Cost": 0.0, "Total Cost": 5334.54, "Plan Rows": 100000, "Plan Width": 12, "Actual Startup Time": 0.033, "Actual Total Time": 68.123, "Actual Rows": 100000, "Actual Loops": 1}, {"Node Type": "Hash", "Parent Relationship": "Inner", "Startup Cost": 12.69, "Total Cost": 12.69, "Plan Rows": 1, "Plan Width": 4, "Actual Startup Time": 0.051, "Actual Total Time": 0.051, "Actual Rows": 1, "Actual Loops": 1, "Hash Buckets": 32768, "Hash Batches": 1, "Original Hash Batches": 1, "Peak Memory Usage": 1, "Plans": [{"Node Type": "Index Scan", "Parent Relationship": "Outer", "Scan Direction": "Forward", "Index Name": "nation_pkey", "Relation Name": "nation", "Alias": "nation", "Startup Cost": 0.0, "Total Cost": 12.69, "Plan Rows": 1, "Plan Width": 4, "Actual Startup Time": 0.034, "Actual Total Time": 0.042, "Actual Rows": 1, "Actual Loops": 1, "Filter": "(n_name = 'MOZAMBIQUE'::bpchar)", "Rows Removed by Filter": 24}]}]}, {"Node Type": "Index Scan", "Parent Relationship": "Inner", "Scan Direction": "Forward", "Index Name": "idx_partsupp_suppkey", "Relation Name": "partsupp", "Alias": "partsupp", "Startup Cost": 0.0, "Total Cost": 9.33, "Plan Rows": 13, "Plan Width": 24, "Actual Startup Time": 54.712, "Actual Total Time": 687.849, "Actual Rows": 313920, "Actual Loops": 3924, "Index Cond": "(ps_suppkey = public.supplier.s_suppkey)", "Rows Removed by Index Recheck": 0}]}]}, {"Node Type": "Aggregate", "Strategy": "Hashed", "Parent Relationship": "Outer", "Startup Cost": 44402.99, "Total Cost": 45075.24, "Plan Rows": 53780, "Plan Width": 40, "Actual Startup Time": 2246.631, "Actual Total Time": 2246.631, "Actual Rows": 0, "Actual Loops": 1, "Group By Key": ["public.partsupp.ps_partkey"], "Filter": "(sum((public.partsupp.ps_supplycost * (public.partsupp.ps_availqty)::double precision)) > $1)", "Rows Removed by Filter": 295792, "Plans": [{"Node Type": "Nested Loop", "Parent Relationship": "Outer", "Join Type": "Inner", "Startup Cost": 12.7, "Total Cost": 43461.84, "Plan Rows": 53780, "Plan Width": 24, "Actual Startup Time": 0.126, "Actual Total Time": 860.858, "Actual Rows": 313920, "Actual Loops": 1, "Inner Unique": false, "Plans": [{"Node Type": "Hash Join", "Parent Relationship": "Outer", "Join Type": "Inner", "Startup Cost": 12.7, "Total Cost": 5637.87, "Plan Rows": 4000, "Plan Width": 8, "Actual Startup Time": 0.104, "Actual Total Time": 85.54, "Actual Rows": 3924, "Actual Loops": 1, "Inner Unique": true, "Hash Cond": "(public.supplier.s_nationkey = public.nation.n_nationkey)", "Plans": [{"Node Type": "Index Scan", "Parent Relationship": "Outer", "Scan Direction": "Forward", "Index Name": "supplier_pkey", "Relation Name": "supplier", "Alias": "supplier", "Startup Cost": 0.0, "Total Cost": 5334.54, "Plan Rows": 100000, "Plan Width": 12, "Actual Startup Time": 0.022, "Actual Total Time": 64.371, "Actual Rows": 100000, "Actual Loops": 1}, {"Node Type": "Hash", "Parent Relationship": "Inner", "Startup Cost": 12.69, "Total Cost": 12.69, "Plan Rows": 1, "Plan Width": 4, "Actual Startup Time": 0.029, "Actual Total Time": 0.029, "Actual Rows": 1, "Actual Loops": 1, "Hash Buckets": 32768, "Hash Batches": 1, "Original Hash Batches": 1, "Peak Memory Usage": 1, "Plans": [{"Node Type": "Index Scan", "Parent Relationship": "Outer", "Scan Direction": "Forward", "Index Name": "nation_pkey", "Relation Name": "nation", "Alias": "nation", "Startup Cost": 0.0, "Total Cost": 12.69, "Plan Rows": 1, "Plan Width": 4, "Actual Startup Time": 0.019, "Actual Total Time": 0.024, "Actual Rows": 1, "Actual Loops": 1, "Filter": "(n_name = 'MOZAMBIQUE'::bpchar)", "Rows Removed by Filter": 24}]}]}, {"Node Type": "Index Scan", "Parent Relationship": "Inner", "Scan Direction": "Forward", "Index Name": "idx_partsupp_suppkey", "Relation Name": "partsupp", "Alias": "partsupp", "Startup Cost": 0.0, "Total Cost": 9.33, "Plan Rows": 13, "Plan Width": 32, "Actual Startup Time": 51.789, "Actual Total Time": 704.818, "Actual Rows": 313920, "Actual Loops": 3924, "Index Cond": "(ps_suppkey = public.supplier.s_suppkey)", "Rows Removed by Index Recheck": 0}]}]}]}, "Triggers": [], "Planner Runtime": 0, "Total Runtime": 2247.303, "Unique SQL Id": 2932834211}}, "(16, 110)": {"explain_plan": {"Plan": {"Node Type": "Sort", "Startup Cost": 614546.2, "Total Cost": 614680.65, "Plan Rows": 53780, "Plan Width": 40, "Sort Key": ["(sum((public.partsupp.ps_supplycost * (public.partsupp.ps_availqty)::double precision))) DESC"], "Plans": [{"Node Type": "Aggregate", "Strategy": "Plain", "Parent Relationship": "exec_init_plan", "Subplan Name": "InitPlan 1 (returns $0)", "Startup Cost": 304555.21, "Total Cost": 304555.23, "Plan Rows": 1, "Plan Width": 24, "Plans": [{"Node Type": "Hash Join", "Parent Relationship": "Outer", "Join Type": "Inner", "Startup Cost": 3624.95, "Total Cost": 304151.86, "Plan Rows": 53780, "Plan Width": 16, "Inner Unique": false, "Hash Cond": "(public.partsupp.ps_suppkey = public.supplier.s_suppkey)", "Plans": [{"Node Type": "Seq Scan", "Parent Relationship": "Outer", "Relation Name": "partsupp", "Alias": "partsupp", "Startup Cost": 0.0, "Total Cost": 269987.72, "Plan Rows": 8000372, "Plan Width": 24}, {"Node Type": "Hash", "Parent Relationship": "Inner", "Startup Cost": 3574.95, "Total Cost": 3574.95, "Plan Rows": 4000, "Plan Width": 8, "Plans": [{"Node Type": "Hash Join", "Parent Relationship": "Outer", "Join Type": "Inner", "Startup Cost": 1.32, "Total Cost": 3574.95, "Plan Rows": 4000, "Plan Width": 8, "Inner Unique": true, "Hash Cond": "(public.supplier.s_nationkey = public.nation.n_nationkey)", "Plans": [{"Node Type": "Seq Scan", "Parent Relationship": "Outer", "Relation Name": "supplier", "Alias": "supplier", "Startup Cost": 0.0, "Total Cost": 3283.0, "Plan Rows": 100000, "Plan Width": 12}, {"Node Type": "Hash", "Parent Relationship": "Inner", "Startup Cost": 1.31, "Total Cost": 1.31, "Plan Rows": 1, "Plan Width": 4, "Plans": [{"Node Type": "Seq Scan", "Parent Relationship": "Outer", "Relation Name": "nation", "Alias": "nation", "Startup Cost": 0.0, "Total Cost": 1.31, "Plan Rows": 1, "Plan Width": 4, "Filter": "(n_name = 'MOZAMBIQUE'::bpchar)"}]}]}]}]}]}, {"Node Type": "Aggregate", "Strategy": "Hashed", "Parent Relationship": "Outer", "Startup Cost": 305093.02, "Total Cost": 305765.27, "Plan Rows": 53780, "Plan Width": 40, "Group By Key": ["public.partsupp.ps_partkey"], "Filter": "(sum((public.partsupp.ps_supplycost * (public.partsupp.ps_availqty)::double precision)) > $0)", "Plans": [{"Node Type": "Hash Join", "Parent Relationship": "Outer", "Join Type": "Inner", "Startup Cost": 3624.95, "Total Cost": 304151.86, "Plan Rows": 53780, "Plan Width": 24, "Inner Unique": false, "Hash Cond": "(public.partsupp.ps_suppkey = public.supplier.s_suppkey)", "Plans": [{"Node Type": "Seq Scan", "Parent Relationship": "Outer", "Relation Name": "partsupp", "Alias": "partsupp", "Startup Cost": 0.0, "Total Cost": 269987.72, "Plan Rows": 8000372, "Plan Width": 32}, {"Node Type": "Hash", "Parent Relationship": "Inner", "Startup Cost": 3574.95, "Total Cost": 3574.95, "Plan Rows": 4000, "Plan Width": 8, "Plans": [{"Node Type": "Hash Join", "Parent Relationship": "Outer", "Join Type": "Inner", "Startup Cost": 1.32, "Total Cost": 3574.95, "Plan Rows": 4000, "Plan Width": 8, "Inner Unique": true, "Hash Cond": "(public.supplier.s_nationkey = public.nation.n_nationkey)", "Plans": [{"Node Type": "Seq Scan", "Parent Relationship": "Outer", "Relation Name": "supplier", "Alias": "supplier", "Startup Cost": 0.0, "Total Cost": 3283.0, "Plan Rows": 100000, "Plan Width": 12}, {"Node Type": "Hash", "Parent Relationship": "Inner", "Startup Cost": 1.31, "Total Cost": 1.31, "Plan Rows": 1, "Plan Width": 4, "Plans": [{"Node Type": "Seq Scan", "Parent Relationship": "Outer", "Relation Name": "nation", "Alias": "nation", "Startup Cost": 0.0, "Total Cost": 1.31, "Plan Rows": 1, "Plan Width": 4, "Filter": "(n_name = 'MOZAMBIQUE'::bpchar)"}]}]}]}]}]}]}, "Unique SQL Id": 2932834211, "Planner Runtime": 0}, "explain_analyze_plan": null}, "(16, 111)": {"explain_plan": {"Plan": {"Node Type": "Sort", "Startup Cost": 6000144023996.65, "Total Cost": 6000144024131.1, "Plan Rows": 53780, "Plan Width": 40, "Sort Key": ["(sum((public.partsupp.ps_supplycost * (public.partsupp.ps_availqty)::double precision))) DESC"], "Plans": [{"Node Type": "Aggregate", "Strategy": "Plain", "Parent Relationship": "exec_init_plan", "Subplan Name": "InitPlan 1 (returns $1)", "Startup Cost": 3000100515269.13, "Total Cost": 3000100515269.15, "Plan Rows": 1, "Plan Width": 24, "Plans": [{"Node Type": "Hash Join", "Parent Relationship": "Outer", "Join Type": "Inner", "Startup Cost": 1020100260580.67, "Total Cost": 3000100514865.78, "Plan Rows": 53780, "Plan Width": 16, "Inner Unique": false, "Hash Cond": "(public.supplier.s_suppkey = public.partsupp.ps_suppkey)", "Plans": [{"Node Type": "Nested Loop", "Parent Relationship": "Outer", "Join Type": "Inner", "Startup Cost": 20000000095.25, "Total Cost": 2000000250512.56, "Plan Rows": 4000, "Plan Width": 8, "Inner Unique": false, "Plans": [{"Node Type": "Index Scan", "Parent Relationship": "Outer", "Scan Direction": "Forward", "Index Name": "nation_pkey", "Relation Name": "nation", "Alias": "nation", "Startup Cost": 10000000000.0, "Total Cost": 1000000001268.75, "Plan Rows": 1, "Plan Width": 4, "Filter": "(n_name = 'MOZAMBIQUE'::bpchar)"}, {"Node Type": "Bitmap Heap Scan", "Parent Relationship": "Inner", "Relation Name": "supplier", "Alias": "supplier", "Startup Cost": 10000000095.25, "Total Cost": 1000000249203.81, "Plan Rows": 4000, "Plan Width": 12, "Recheck Cond": "(s_nationkey = public.nation.n_nationkey)", "Plans": [{"Node Type": "Bitmap Index Scan", "Parent Relationship": "Outer", "Index Name": "idx_supplier_nation_key", "Startup Cost": 0.0, "Total Cost": 94.25, "Plan Rows": 4000, "Plan Width": 0, "Index Cond": "(s_nationkey = public.nation.n_nationkey)"}]}]}, {"Node Type": "Hash", "Parent Relationship": "Inner", "Startup Cost": 1000100160480.77, "Total Cost": 1000100160480.77, "Plan Rows": 8000372, "Plan Width": 24, "Plans": [{"Node Type": "Index Scan", "Parent Relationship": "Outer", "Scan Direction": "Forward", "Index Name": "idx_partsupp_suppkey", "Relation Name": "partsupp", "Alias": "partsupp", "Startup Cost": 10000000000.0, "Total Cost": 1000100160480.77, "Plan Rows": 8000372, "Plan Width": 24}]}]}]}, {"Node Type": "Aggregate", "Strategy": "Hashed", "Parent Relationship": "Outer", "Startup Cost": 3000043503829.54, "Total Cost": 3000043504501.79, "Plan Rows": 53780, "Plan Width": 40, "Group By Key": ["public.partsupp.ps_partkey"], "Filter": "(sum((public.partsupp.ps_supplycost * (public.partsupp.ps_availqty)::double precision)) > $1)", "Plans": [{"Node Type": "Hash Join", "Parent Relationship": "Outer", "Join Type": "Inner", "Startup Cost": 1020043248603.28, "Total Cost": 3000043502888.39, "Plan Rows": 53780, "Plan Width": 24, "Inner Unique": false, "Hash Cond": "(public.supplier.s_suppkey = public.partsupp.ps_suppkey)", "Plans": [{"Node Type": "Nested Loop", "Parent Relationship": "Outer", "Join Type": "Inner", "Startup Cost": 20000000095.25, "Total Cost": 2000000250512.56, "Plan Rows": 4000, "Plan Width": 8, "Inner Unique": false, "Plans": [{"Node Type": "Index Scan", "Parent Relationship": "Outer", "Scan Direction": "Forward", "Index Name": "nation_pkey", "Relation Name": "nation", "Alias": "nation", "Startup Cost": 10000000000.0, "Total Cost": 1000000001268.75, "Plan Rows": 1, "Plan Width": 4, "Filter": "(n_name = 'MOZAMBIQUE'::bpchar)"}, {"Node Type": "Bitmap Heap Scan", "Parent Relationship": "Inner", "Relation Name": "supplier", "Alias": "supplier", "Startup Cost": 10000000095.25, "Total Cost": 1000000249203.81, "Plan Rows": 4000, "Plan Width": 12, "Recheck Cond": "(s_nationkey = public.nation.n_nationkey)", "Plans": [{"Node Type": "Bitmap Index Scan", "Parent Relationship": "Outer", "Index Name": "idx_supplier_nation_key", "Startup Cost": 0.0, "Total Cost": 94.25, "Plan Rows": 4000, "Plan Width": 0, "Index Cond": "(s_nationkey = public.nation.n_nationkey)"}]}]}, {"Node Type": "Hash", "Parent Relationship": "Inner", "Startup Cost": 1000043148503.38, "Total Cost": 1000043148503.38, "Plan Rows": 8000372, "Plan Width": 32, "Plans": [{"Node Type": "Index Scan", "Parent Relationship": "Outer", "Scan Direction": "Forward", "Index Name": "idx_partsupp_partkey", "Relation Name": "partsupp", "Alias": "partsupp", "Startup Cost": 10000000000.0, "Total Cost": 1000043148503.38, "Plan Rows": 8000372, "Plan Width": 32}]}]}]}]}, "Unique SQL Id": 2932834211, "Planner Runtime": 0}, "explain_analyze_plan": null}, "(16, 112)": {"explain_plan": {"Plan": {"Node Type": "Sort", "Startup Cost": 86957.11, "Total Cost": 87091.56, "Plan Rows": 53780, "Plan Width": 40, "Sort Key": ["(sum((public.partsupp.ps_supplycost * (public.partsupp.ps_availqty)::double precision))) DESC"], "Plans": [{"Node Type": "Aggregate", "Strategy": "Plain", "Parent Relationship": "exec_init_plan", "Subplan Name": "InitPlan 1 (returns $2)", "Startup Cost": 40760.67, "Total Cost": 40760.68, "Plan Rows": 1, "Plan Width": 24, "Plans": [{"Node Type": "Nested Loop", "Parent Relationship": "Outer", "Join Type": "Inner", "Startup Cost": 95.25, "Total Cost": 40357.32, "Plan Rows": 53780, "Plan Width": 16, "Inner Unique": false, "Plans": [{"Node Type": "Nested Loop", "Parent Relationship": "Outer", "Join Type": "Inner", "Startup Cost": 95.25, "Total Cost": 2533.35, "Plan Rows": 4000, "Plan Width": 8, "Inner Unique": false, "Plans": [{"Node Type": "Seq Scan", "Parent Relationship": "Outer", "Relation Name": "nation", "Alias": "nation", "Startup Cost": 0.0, "Total Cost": 1.31, "Plan Rows": 1, "Plan Width": 4, "Filter": "(n_name = 'MOZAMBIQUE'::bpchar)"}, {"Node Type": "Bitmap Heap Scan", "Parent Relationship": "Inner", "Relation Name": "supplier", "Alias": "supplier", "Startup Cost": 95.25, "Total Cost": 2492.04, "Plan Rows": 4000, "Plan Width": 12, "Recheck Cond": "(s_nationkey = public.nation.n_nationkey)", "Plans": [{"Node Type": "Bitmap Index Scan", "Parent Relationship": "Outer", "Index Name": "idx_supplier_nation_key", "Startup Cost": 0.0, "Total Cost": 94.25, "Plan Rows": 4000, "Plan Width": 0, "Index Cond": "(s_nationkey = public.nation.n_nationkey)"}]}]}, {"Node Type": "Index Scan", "Parent Relationship": "Inner", "Scan Direction": "Forward", "Index Name": "idx_partsupp_suppkey", "Relation Name": "partsupp", "Alias": "partsupp", "Startup Cost": 0.0, "Total Cost": 9.33, "Plan Rows": 13, "Plan Width": 24, "Index Cond": "(ps_suppkey = public.supplier.s_suppkey)"}]}]}, {"Node Type": "Aggregate", "Strategy": "Hashed", "Parent Relationship": "Outer", "Startup Cost": 41298.47, "Total Cost": 41970.72, "Plan Rows": 53780, "Plan Width": 40, "Group By Key": ["public.partsupp.ps_partkey"], "Filter": "(sum((public.partsupp.ps_supplycost * (public.partsupp.ps_availqty)::double precision)) > $2)", "Plans": [{"Node Type": "Nested Loop", "Parent Relationship": "Outer", "Join Type": "Inner", "Startup Cost": 95.25, "Total Cost": 40357.32, "Plan Rows": 53780, "Plan Width": 24, "Inner Unique": false, "Plans": [{"Node Type": "Nested Loop", "Parent Relationship": "Outer", "Join Type": "Inner", "Startup Cost": 95.25, "Total Cost": 2533.35, "Plan Rows": 4000, "Plan Width": 8, "Inner Unique": false, "Plans": [{"Node Type": "Seq Scan", "Parent Relationship": "Outer", "Relation Name": "nation", "Alias": "nation", "Startup Cost": 0.0, "Total Cost": 1.31, "Plan Rows": 1, "Plan Width": 4, "Filter": "(n_name = 'MOZAMBIQUE'::bpchar)"}, {"Node Type": "Bitmap Heap Scan", "Parent Relationship": "Inner", "Relation Name": "supplier", "Alias": "supplier", "Startup Cost": 95.25, "Total Cost": 2492.04, "Plan Rows": 4000, "Plan Width": 12, "Recheck Cond": "(s_nationkey = public.nation.n_nationkey)", "Plans": [{"Node Type": "Bitmap Index Scan", "Parent Relationship": "Outer", "Index Name": "idx_supplier_nation_key", "Startup Cost": 0.0, "Total Cost": 94.25, "Plan Rows": 4000, "Plan Width": 0, "Index Cond": "(s_nationkey = public.nation.n_nationkey)"}]}]}, {"Node Type": "Index Scan", "Parent Relationship": "Inner", "Scan Direction": "Forward", "Index Name": "idx_partsupp_suppkey", "Relation Name": "partsupp", "Alias": "partsupp", "Startup Cost": 0.0, "Total Cost": 9.33, "Plan Rows": 13, "Plan Width": 32, "Index Cond": "(ps_suppkey = public.supplier.s_suppkey)"}]}]}]}, "Unique SQL Id": 2932834211, "Planner Runtime": 0}, "explain_analyze_plan": {"Plan": {"Node Type": "Sort", "Startup Cost": 86957.11, "Total Cost": 87091.56, "Plan Rows": 53780, "Plan Width": 40, "Actual Startup Time": 1867.688, "Actual Total Time": 1867.688, "Actual Rows": 0, "Actual Loops": 1, "Sort Key": ["(sum((public.partsupp.ps_supplycost * (public.partsupp.ps_availqty)::double precision))) DESC"], "Sort Method": "quicksort", "Sort Space Used": 25, "Sort Space Type": "Memory", "Plans": [{"Node Type": "Aggregate", "Strategy": "Plain", "Parent Relationship": "exec_init_plan", "Subplan Name": "InitPlan 1 (returns $2)", "Startup Cost": 40760.67, "Total Cost": 40760.68, "Plan Rows": 1, "Plan Width": 24, "Actual Startup Time": 794.18, "Actual Total Time": 794.181, "Actual Rows": 1, "Actual Loops": 1, "Plans": [{"Node Type": "Nested Loop", "Parent Relationship": "Outer", "Join Type": "Inner", "Startup Cost": 95.25, "Total Cost": 40357.32, "Plan Rows": 53780, "Plan Width": 16, "Actual Startup Time": 1.125, "Actual Total Time": 657.634, "Actual Rows": 313920, "Actual Loops": 1, "Inner Unique": false, "Plans": [{"Node Type": "Nested Loop", "Parent Relationship": "Outer", "Join Type": "Inner", "Startup Cost": 95.25, "Total Cost": 2533.35, "Plan Rows": 4000, "Plan Width": 8, "Actual Startup Time": 1.098, "Actual Total Time": 8.186, "Actual Rows": 3924, "Actual Loops": 1, "Inner Unique": false, "Plans": [{"Node Type": "Seq Scan", "Parent Relationship": "Outer", "Relation Name": "nation", "Alias": "nation", "Startup Cost": 0.0, "Total Cost": 1.31, "Plan Rows": 1, "Plan Width": 4, "Actual Startup Time": 0.024, "Actual Total Time": 0.047, "Actual Rows": 1, "Actual Loops": 1, "Filter": "(n_name = 'MOZAMBIQUE'::bpchar)", "Rows Removed by Filter": 24}, {"Node Type": "Bitmap Heap Scan", "Parent Relationship": "Inner", "Relation Name": "supplier", "Alias": "supplier", "Startup Cost": 95.25, "Total Cost": 2492.04, "Plan Rows": 4000, "Plan Width": 12, "Actual Startup Time": 1.058, "Actual Total Time": 7.206, "Actual Rows": 3924, "Actual Loops": 1, "Recheck Cond": "(s_nationkey = public.nation.n_nationkey)", "Rows Removed by Index Recheck": 0, "Exact Heap Blocks": 1895, "Lossy Heap Blocks": 1895, "Plans": [{"Node Type": "Bitmap Index Scan", "Parent Relationship": "Outer", "Index Name": "idx_supplier_nation_key", "Startup Cost": 0.0, "Total Cost": 94.25, "Plan Rows": 4000, "Plan Width": 0, "Actual Startup Time": 0.777, "Actual Total Time": 0.777, "Actual Rows": 3924, "Actual Loops": 1, "Index Cond": "(s_nationkey = public.nation.n_nationkey)"}]}]}, {"Node Type": "Index Scan", "Parent Relationship": "Inner", "Scan Direction": "Forward", "Index Name": "idx_partsupp_suppkey", "Relation Name": "partsupp", "Alias": "partsupp", "Startup Cost": 0.0, "Total Cost": 9.33, "Plan Rows": 13, "Plan Width": 24, "Actual Startup Time": 48.522, "Actual Total Time": 582.276, "Actual Rows": 313920, "Actual Loops": 3924, "Index Cond": "(ps_suppkey = public.supplier.s_suppkey)", "Rows Removed by Index Recheck": 0}]}]}, {"Node Type": "Aggregate", "Strategy": "Hashed", "Parent Relationship": "Outer", "Startup Cost": 41298.47, "Total Cost": 41970.72, "Plan Rows": 53780, "Plan Width": 40, "Actual Startup Time": 1867.28, "Actual Total Time": 1867.28, "Actual Rows": 0, "Actual Loops": 1, "Group By Key": ["public.partsupp.ps_partkey"], "Filter": "(sum((public.partsupp.ps_supplycost * (public.partsupp.ps_availqty)::double precision)) > $2)", "Rows Removed by Filter": 295792, "Plans": [{"Node Type": "Nested Loop", "Parent Relationship": "Outer", "Join Type": "Inner", "Startup Cost": 95.25, "Total Cost": 40357.32, "Plan Rows": 53780, "Plan Width": 24, "Actual Startup Time": 1.055, "Actual Total Time": 684.172, "Actual Rows": 313920, "Actual Loops": 1, "Inner Unique": false, "Plans": [{"Node Type": "Nested Loop", "Parent Relationship": "Outer", "Join Type": "Inner", "Startup Cost": 95.25, "Total Cost": 2533.35, "Plan Rows": 4000, "Plan Width": 8, "Actual Startup Time": 1.024, "Actual Total Time": 8.574, "Actual Rows": 3924, "Actual Loops": 1, "Inner Unique": false, "Plans": [{"Node Type": "Seq Scan", "Parent Relationship": "Outer", "Relation Name": "nation", "Alias": "nation", "Startup Cost": 0.0, "Total Cost": 1.31, "Plan Rows": 1, "Plan Width": 4, "Actual Startup Time": 0.032, "Actual Total Time": 0.044, "Actual Rows": 1, "Actual Loops": 1, "Filter": "(n_name = 'MOZAMBIQUE'::bpchar)", "Rows Removed by Filter": 24}, {"Node Type": "Bitmap Heap Scan", "Parent Relationship": "Inner", "Relation Name": "supplier", "Alias": "supplier", "Startup Cost": 95.25, "Total Cost": 2492.04, "Plan Rows": 4000, "Plan Width": 12, "Actual Startup Time": 0.985, "Actual Total Time": 7.583, "Actual Rows": 3924, "Actual Loops": 1, "Recheck Cond": "(s_nationkey = public.nation.n_nationkey)", "Rows Removed by Index Recheck": 0, "Exact Heap Blocks": 1895, "Lossy Heap Blocks": 1895, "Plans": [{"Node Type": "Bitmap Index Scan", "Parent Relationship": "Outer", "Index Name": "idx_supplier_nation_key", "Startup Cost": 0.0, "Total Cost": 94.25, "Plan Rows": 4000, "Plan Width": 0, "Actual Startup Time": 0.705, "Actual Total Time": 0.705, "Actual Rows": 3924, "Actual Loops": 1, "Index Cond": "(s_nationkey = public.nation.n_nationkey)"}]}]}, {"Node Type": "Index Scan", "Parent Relationship": "Inner", "Scan Direction": "Forward", "Index Name": "idx_partsupp_suppkey", "Relation Name": "partsupp", "Alias": "partsupp", "Startup Cost": 0.0, "Total Cost": 9.33, "Plan Rows": 13, "Plan Width": 32, "Actual Startup Time": 49.919, "Actual Total Time": 602.753, "Actual Rows": 313920, "Actual Loops": 3924, "Index Cond": "(ps_suppkey = public.supplier.s_suppkey)", "Rows Removed by Index Recheck": 0}]}]}]}, "Triggers": [], "Planner Runtime": 0, "Total Runtime": 1868.014, "Unique SQL Id": 2932834211}}, "(16, 113)": {"explain_plan": {"Plan": {"Node Type": "Sort", "Startup Cost": 86979.86, "Total Cost": 87114.31, "Plan Rows": 53780, "Plan Width": 40, "Sort Key": ["(sum((public.partsupp.ps_supplycost * (public.partsupp.ps_availqty)::double precision))) DESC"], "Plans": [{"Node Type": "Aggregate", "Strategy": "Plain", "Parent Relationship": "exec_init_plan", "Subplan Name": "InitPlan 1 (returns $2)", "Startup Cost": 40772.04, "Total Cost": 40772.06, "Plan Rows": 1, "Plan Width": 24, "Plans": [{"Node Type": "Nested Loop", "Parent Relationship": "Outer", "Join Type": "Inner", "Startup Cost": 95.25, "Total Cost": 40368.69, "Plan Rows": 53780, "Plan Width": 16, "Inner Unique": false, "Plans": [{"Node Type": "Nested Loop", "Parent Relationship": "Outer", "Join Type": "Inner", "Startup Cost": 95.25, "Total Cost": 2544.73, "Plan Rows": 4000, "Plan Width": 8, "Inner Unique": false, "Plans": [{"Node Type": "Index Scan", "Parent Relationship": "Outer", "Scan Direction": "Forward", "Index Name": "nation_pkey", "Relation Name": "nation", "Alias": "nation", "Startup Cost": 0.0, "Total Cost": 12.69, "Plan Rows": 1, "Plan Width": 4, "Filter": "(n_name = 'MOZAMBIQUE'::bpchar)"}, {"Node Type": "Bitmap Heap Scan", "Parent Relationship": "Inner", "Relation Name": "supplier", "Alias": "supplier", "Startup Cost": 95.25, "Total Cost": 2492.04, "Plan Rows": 4000, "Plan Width": 12, "Recheck Cond": "(s_nationkey = public.nation.n_nationkey)", "Plans": [{"Node Type": "Bitmap Index Scan", "Parent Relationship": "Outer", "Index Name": "idx_supplier_nation_key", "Startup Cost": 0.0, "Total Cost": 94.25, "Plan Rows": 4000, "Plan Width": 0, "Index Cond": "(s_nationkey = public.nation.n_nationkey)"}]}]}, {"Node Type": "Index Scan", "Parent Relationship": "Inner", "Scan Direction": "Forward", "Index Name": "idx_partsupp_suppkey", "Relation Name": "partsupp", "Alias": "partsupp", "Startup Cost": 0.0, "Total Cost": 9.33, "Plan Rows": 13, "Plan Width": 24, "Index Cond": "(ps_suppkey = public.supplier.s_suppkey)"}]}]}, {"Node Type": "Aggregate", "Strategy": "Hashed", "Parent Relationship": "Outer", "Startup Cost": 41309.84, "Total Cost": 41982.09, "Plan Rows": 53780, "Plan Width": 40, "Group By Key": ["public.partsupp.ps_partkey"], "Filter": "(sum((public.partsupp.ps_supplycost * (public.partsupp.ps_availqty)::double precision)) > $2)", "Plans": [{"Node Type": "Nested Loop", "Parent Relationship": "Outer", "Join Type": "Inner", "Startup Cost": 95.25, "Total Cost": 40368.69, "Plan Rows": 53780, "Plan Width": 24, "Inner Unique": false, "Plans": [{"Node Type": "Nested Loop", "Parent Relationship": "Outer", "Join Type": "Inner", "Startup Cost": 95.25, "Total Cost": 2544.73, "Plan Rows": 4000, "Plan Width": 8, "Inner Unique": false, "Plans": [{"Node Type": "Index Scan", "Parent Relationship": "Outer", "Scan Direction": "Forward", "Index Name": "nation_pkey", "Relation Name": "nation", "Alias": "nation", "Startup Cost": 0.0, "Total Cost": 12.69, "Plan Rows": 1, "Plan Width": 4, "Filter": "(n_name = 'MOZAMBIQUE'::bpchar)"}, {"Node Type": "Bitmap Heap Scan", "Parent Relationship": "Inner", "Relation Name": "supplier", "Alias": "supplier", "Startup Cost": 95.25, "Total Cost": 2492.04, "Plan Rows": 4000, "Plan Width": 12, "Recheck Cond": "(s_nationkey = public.nation.n_nationkey)", "Plans": [{"Node Type": "Bitmap Index Scan", "Parent Relationship": "Outer", "Index Name": "idx_supplier_nation_key", "Startup Cost": 0.0, "Total Cost": 94.25, "Plan Rows": 4000, "Plan Width": 0, "Index Cond": "(s_nationkey = public.nation.n_nationkey)"}]}]}, {"Node Type": "Index Scan", "Parent Relationship": "Inner", "Scan Direction": "Forward", "Index Name": "idx_partsupp_suppkey", "Relation Name": "partsupp", "Alias": "partsupp", "Startup Cost": 0.0, "Total Cost": 9.33, "Plan Rows": 13, "Plan Width": 32, "Index Cond": "(ps_suppkey = public.supplier.s_suppkey)"}]}]}]}, "Unique SQL Id": 2932834211, "Planner Runtime": 0}, "explain_analyze_plan": {"Plan": {"Node Type": "Sort", "Startup Cost": 86979.86, "Total Cost": 87114.31, "Plan Rows": 53780, "Plan Width": 40, "Actual Startup Time": 2004.071, "Actual Total Time": 2004.071, "Actual Rows": 0, "Actual Loops": 1, "Sort Key": ["(sum((public.partsupp.ps_supplycost * (public.partsupp.ps_availqty)::double precision))) DESC"], "Sort Method": "quicksort", "Sort Space Used": 25, "Sort Space Type": "Memory", "Plans": [{"Node Type": "Aggregate", "Strategy": "Plain", "Parent Relationship": "exec_init_plan", "Subplan Name": "InitPlan 1 (returns $2)", "Startup Cost": 40772.04, "Total Cost": 40772.06, "Plan Rows": 1, "Plan Width": 24, "Actual Startup Time": 813.993, "Actual Total Time": 813.994, "Actual Rows": 1, "Actual Loops": 1, "Plans": [{"Node Type": "Nested Loop", "Parent Relationship": "Outer", "Join Type": "Inner", "Startup Cost": 95.25, "Total Cost": 40368.69, "Plan Rows": 53780, "Plan Width": 16, "Actual Startup Time": 1.031, "Actual Total Time": 679.613, "Actual Rows": 313920, "Actual Loops": 1, "Inner Unique": false, "Plans": [{"Node Type": "Nested Loop", "Parent Relationship": "Outer", "Join Type": "Inner", "Startup Cost": 95.25, "Total Cost": 2544.73, "Plan Rows": 4000, "Plan Width": 8, "Actual Startup Time": 1.007, "Actual Total Time": 8.373, "Actual Rows": 3924, "Actual Loops": 1, "Inner Unique": false, "Plans": [{"Node Type": "Index Scan", "Parent Relationship": "Outer", "Scan Direction": "Forward", "Index Name": "nation_pkey", "Relation Name": "nation", "Alias": "nation", "Startup Cost": 0.0, "Total Cost": 12.69, "Plan Rows": 1, "Plan Width": 4, "Actual Startup Time": 0.027, "Actual Total Time": 0.082, "Actual Rows": 1, "Actual Loops": 1, "Filter": "(n_name = 'MOZAMBIQUE'::bpchar)", "Rows Removed by Filter": 24}, {"Node Type": "Bitmap Heap Scan", "Parent Relationship": "Inner", "Relation Name": "supplier", "Alias": "supplier", "Startup Cost": 95.25, "Total Cost": 2492.04, "Plan Rows": 4000, "Plan Width": 12, "Actual Startup Time": 0.966, "Actual Total Time": 7.31, "Actual Rows": 3924, "Actual Loops": 1, "Recheck Cond": "(s_nationkey = public.nation.n_nationkey)", "Rows Removed by Index Recheck": 0, "Exact Heap Blocks": 1895, "Lossy Heap Blocks": 1895, "Plans": [{"Node Type": "Bitmap Index Scan", "Parent Relationship": "Outer", "Index Name": "idx_supplier_nation_key", "Startup Cost": 0.0, "Total Cost": 94.25, "Plan Rows": 4000, "Plan Width": 0, "Actual Startup Time": 0.678, "Actual Total Time": 0.678, "Actual Rows": 3924, "Actual Loops": 1, "Index Cond": "(s_nationkey = public.nation.n_nationkey)"}]}]}, {"Node Type": "Index Scan", "Parent Relationship": "Inner", "Scan Direction": "Forward", "Index Name": "idx_partsupp_suppkey", "Relation Name": "partsupp", "Alias": "partsupp", "Startup Cost": 0.0, "Total Cost": 9.33, "Plan Rows": 13, "Plan Width": 24, "Actual Startup Time": 46.974, "Actual Total Time": 604.92, "Actual Rows": 313920, "Actual Loops": 3924, "Index Cond": "(ps_suppkey = public.supplier.s_suppkey)", "Rows Removed by Index Recheck": 0}]}]}, {"Node Type": "Aggregate", "Strategy": "Hashed", "Parent Relationship": "Outer", "Startup Cost": 41309.84, "Total Cost": 41982.09, "Plan Rows": 53780, "Plan Width": 40, "Actual Startup Time": 2003.564, "Actual Total Time": 2003.564, "Actual Rows": 0, "Actual Loops": 1, "Group By Key": ["public.partsupp.ps_partkey"], "Filter": "(sum((public.partsupp.ps_supplycost * (public.partsupp.ps_availqty)::double precision)) > $2)", "Rows Removed by Filter": 295792, "Plans": [{"Node Type": "Nested Loop", "Parent Relationship": "Outer", "Join Type": "Inner", "Startup Cost": 95.25, "Total Cost": 40368.69, "Plan Rows": 53780, "Plan Width": 24, "Actual Startup Time": 1.126, "Actual Total Time": 773.104, "Actual Rows": 313920, "Actual Loops": 1, "Inner Unique": false, "Plans": [{"Node Type": "Nested Loop", "Parent Relationship": "Outer", "Join Type": "Inner", "Startup Cost": 95.25, "Total Cost": 2544.73, "Plan Rows": 4000, "Plan Width": 8, "Actual Startup Time": 1.098, "Actual Total Time": 9.874, "Actual Rows": 3924, "Actual Loops": 1, "Inner Unique": false, "Plans": [{"Node Type": "Index Scan", "Parent Relationship": "Outer", "Scan Direction": "Forward", "Index Name": "nation_pkey", "Relation Name": "nation", "Alias": "nation", "Startup Cost": 0.0, "Total Cost": 12.69, "Plan Rows": 1, "Plan Width": 4, "Actual Startup Time": 0.032, "Actual Total Time": 0.045, "Actual Rows": 1, "Actual Loops": 1, "Filter": "(n_name = 'MOZAMBIQUE'::bpchar)", "Rows Removed by Filter": 24}, {"Node Type": "Bitmap Heap Scan", "Parent Relationship": "Inner", "Relation Name": "supplier", "Alias": "supplier", "Startup Cost": 95.25, "Total Cost": 2492.04, "Plan Rows": 4000, "Plan Width": 12, "Actual Startup Time": 1.058, "Actual Total Time": 8.873, "Actual Rows": 3924, "Actual Loops": 1, "Recheck Cond": "(s_nationkey = public.nation.n_nationkey)", "Rows Removed by Index Recheck": 0, "Exact Heap Blocks": 1895, "Lossy Heap Blocks": 1895, "Plans": [{"Node Type": "Bitmap Index Scan", "Parent Relationship": "Outer", "Index Name": "idx_supplier_nation_key", "Startup Cost": 0.0, "Total Cost": 94.25, "Plan Rows": 4000, "Plan Width": 0, "Actual Startup Time": 0.766, "Actual Total Time": 0.766, "Actual Rows": 3924, "Actual Loops": 1, "Index Cond": "(s_nationkey = public.nation.n_nationkey)"}]}]}, {"Node Type": "Index Scan", "Parent Relationship": "Inner", "Scan Direction": "Forward", "Index Name": "idx_partsupp_suppkey", "Relation Name": "partsupp", "Alias": "partsupp", "Startup Cost": 0.0, "Total Cost": 9.33, "Plan Rows": 13, "Plan Width": 32, "Actual Startup Time": 55.084, "Actual Total Time": 692.047, "Actual Rows": 313920, "Actual Loops": 3924, "Index Cond": "(ps_suppkey = public.supplier.s_suppkey)", "Rows Removed by Index Recheck": 0}]}]}]}, "Triggers": [], "Planner Runtime": 0, "Total Runtime": 2004.504, "Unique SQL Id": 2932834211}}, "(16, 114)": {"explain_plan": {"Plan": {"Node Type": "Sort", "Startup Cost": 90032.55, "Total Cost": 90167.0, "Plan Rows": 53780, "Plan Width": 40, "Sort Key": ["(sum((public.partsupp.ps_supplycost * (public.partsupp.ps_availqty)::double precision))) DESC"], "Plans": [{"Node Type": "Aggregate", "Strategy": "Plain", "Parent Relationship": "exec_init_plan", "Subplan Name": "InitPlan 1 (returns $2)", "Startup Cost": 42298.39, "Total Cost": 42298.4, "Plan Rows": 1, "Plan Width": 24, "Plans": [{"Node Type": "Nested Loop", "Parent Relationship": "Outer", "Join Type": "Inner", "Startup Cost": 96.82, "Total Cost": 41895.04, "Plan Rows": 53780, "Plan Width": 16, "Inner Unique": false, "Plans": [{"Node Type": "Nested Loop", "Parent Relationship": "Outer", "Join Type": "Inner", "Startup Cost": 95.25, "Total Cost": 2533.35, "Plan Rows": 4000, "Plan Width": 8, "Inner Unique": false, "Plans": [{"Node Type": "Seq Scan", "Parent Relationship": "Outer", "Relation Name": "nation", "Alias": "nation", "Startup Cost": 0.0, "Total Cost": 1.31, "Plan Rows": 1, "Plan Width": 4, "Filter": "(n_name = 'MOZAMBIQUE'::bpchar)"}, {"Node Type": "Bitmap Heap Scan", "Parent Relationship": "Inner", "Relation Name": "supplier", "Alias": "supplier", "Startup Cost": 95.25, "Total Cost": 2492.04, "Plan Rows": 4000, "Plan Width": 12, "Recheck Cond": "(s_nationkey = public.nation.n_nationkey)", "Plans": [{"Node Type": "Bitmap Index Scan", "Parent Relationship": "Outer", "Index Name": "idx_supplier_nation_key", "Startup Cost": 0.0, "Total Cost": 94.25, "Plan Rows": 4000, "Plan Width": 0, "Index Cond": "(s_nationkey = public.nation.n_nationkey)"}]}]}, {"Node Type": "Bitmap Heap Scan", "Parent Relationship": "Inner", "Relation Name": "partsupp", "Alias": "partsupp", "Startup Cost": 1.57, "Total Cost": 9.71, "Plan Rows": 13, "Plan Width": 24, "Recheck Cond": "(ps_suppkey = public.supplier.s_suppkey)", "Plans": [{"Node Type": "Bitmap Index Scan", "Parent Relationship": "Outer", "Index Name": "idx_partsupp_suppkey", "Startup Cost": 0.0, "Total Cost": 1.56, "Plan Rows": 13, "Plan Width": 0, "Index Cond": "(ps_suppkey = public.supplier.s_suppkey)"}]}]}]}, {"Node Type": "Aggregate", "Strategy": "Hashed", "Parent Relationship": "Outer", "Startup Cost": 42836.19, "Total Cost": 43508.44, "Plan Rows": 53780, "Plan Width": 40, "Group By Key": ["public.partsupp.ps_partkey"], "Filter": "(sum((public.partsupp.ps_supplycost * (public.partsupp.ps_availqty)::double precision)) > $2)", "Plans": [{"Node Type": "Nested Loop", "Parent Relationship": "Outer", "Join Type": "Inner", "Startup Cost": 96.82, "Total Cost": 41895.04, "Plan Rows": 53780, "Plan Width": 24, "Inner Unique": false, "Plans": [{"Node Type": "Nested Loop", "Parent Relationship": "Outer", "Join Type": "Inner", "Startup Cost": 95.25, "Total Cost": 2533.35, "Plan Rows": 4000, "Plan Width": 8, "Inner Unique": false, "Plans": [{"Node Type": "Seq Scan", "Parent Relationship": "Outer", "Relation Name": "nation", "Alias": "nation", "Startup Cost": 0.0, "Total Cost": 1.31, "Plan Rows": 1, "Plan Width": 4, "Filter": "(n_name = 'MOZAMBIQUE'::bpchar)"}, {"Node Type": "Bitmap Heap Scan", "Parent Relationship": "Inner", "Relation Name": "supplier", "Alias": "supplier", "Startup Cost": 95.25, "Total Cost": 2492.04, "Plan Rows": 4000, "Plan Width": 12, "Recheck Cond": "(s_nationkey = public.nation.n_nationkey)", "Plans": [{"Node Type": "Bitmap Index Scan", "Parent Relationship": "Outer", "Index Name": "idx_supplier_nation_key", "Startup Cost": 0.0, "Total Cost": 94.25, "Plan Rows": 4000, "Plan Width": 0, "Index Cond": "(s_nationkey = public.nation.n_nationkey)"}]}]}, {"Node Type": "Bitmap Heap Scan", "Parent Relationship": "Inner", "Relation Name": "partsupp", "Alias": "partsupp", "Startup Cost": 1.57, "Total Cost": 9.71, "Plan Rows": 13, "Plan Width": 32, "Recheck Cond": "(ps_suppkey = public.supplier.s_suppkey)", "Plans": [{"Node Type": "Bitmap Index Scan", "Parent Relationship": "Outer", "Index Name": "idx_partsupp_suppkey", "Startup Cost": 0.0, "Total Cost": 1.56, "Plan Rows": 13, "Plan Width": 0, "Index Cond": "(ps_suppkey = public.supplier.s_suppkey)"}]}]}]}]}, "Unique SQL Id": 2932834211, "Planner Runtime": 0}, "explain_analyze_plan": {"Plan": {"Node Type": "Sort", "Startup Cost": 90032.55, "Total Cost": 90167.0, "Plan Rows": 53780, "Plan Width": 40, "Actual Startup Time": 2259.599, "Actual Total Time": 2259.599, "Actual Rows": 0, "Actual Loops": 1, "Sort Key": ["(sum((public.partsupp.ps_supplycost * (public.partsupp.ps_availqty)::double precision))) DESC"], "Sort Method": "quicksort", "Sort Space Used": 25, "Sort Space Type": "Memory", "Plans": [{"Node Type": "Aggregate", "Strategy": "Plain", "Parent Relationship": "exec_init_plan", "Subplan Name": "InitPlan 1 (returns $2)", "Startup Cost": 42298.39, "Total Cost": 42298.4, "Plan Rows": 1, "Plan Width": 24, "Actual Startup Time": 1008.942, "Actual Total Time": 1008.942, "Actual Rows": 1, "Actual Loops": 1, "Plans": [{"Node Type": "Nested Loop", "Parent Relationship": "Outer", "Join Type": "Inner", "Startup Cost": 96.82, "Total Cost": 41895.04, "Plan Rows": 53780, "Plan Width": 16, "Actual Startup Time": 1.124, "Actual Total Time": 881.219, "Actual Rows": 313920, "Actual Loops": 1, "Inner Unique": false, "Plans": [{"Node Type": "Nested Loop", "Parent Relationship": "Outer", "Join Type": "Inner", "Startup Cost": 95.25, "Total Cost": 2533.35, "Plan Rows": 4000, "Plan Width": 8, "Actual Startup Time": 1.07, "Actual Total Time": 9.391, "Actual Rows": 3924, "Actual Loops": 1, "Inner Unique": false, "Plans": [{"Node Type": "Seq Scan", "Parent Relationship": "Outer", "Relation Name": "nation", "Alias": "nation", "Startup Cost": 0.0, "Total Cost": 1.31, "Plan Rows": 1, "Plan Width": 4, "Actual Startup Time": 0.042, "Actual Total Time": 0.058, "Actual Rows": 1, "Actual Loops": 1, "Filter": "(n_name = 'MOZAMBIQUE'::bpchar)", "Rows Removed by Filter": 24}, {"Node Type": "Bitmap Heap Scan", "Parent Relationship": "Inner", "Relation Name": "supplier", "Alias": "supplier", "Startup Cost": 95.25, "Total Cost": 2492.04, "Plan Rows": 4000, "Plan Width": 12, "Actual Startup Time": 1.019, "Actual Total Time": 8.327, "Actual Rows": 3924, "Actual Loops": 1, "Recheck Cond": "(s_nationkey = public.nation.n_nationkey)", "Rows Removed by Index Recheck": 0, "Exact Heap Blocks": 1895, "Lossy Heap Blocks": 1895, "Plans": [{"Node Type": "Bitmap Index Scan", "Parent Relationship": "Outer", "Index Name": "idx_supplier_nation_key", "Startup Cost": 0.0, "Total Cost": 94.25, "Plan Rows": 4000, "Plan Width": 0, "Actual Startup Time": 0.744, "Actual Total Time": 0.744, "Actual Rows": 3924, "Actual Loops": 1, "Index Cond": "(s_nationkey = public.nation.n_nationkey)"}]}]}, {"Node Type": "Bitmap Heap Scan", "Parent Relationship": "Inner", "Relation Name": "partsupp", "Alias": "partsupp", "Startup Cost": 1.57, "Total Cost": 9.71, "Plan Rows": 13, "Plan Width": 24, "Actual Startup Time": 110.886, "Actual Total Time": 803.989, "Actual Rows": 313920, "Actual Loops": 3924, "Recheck Cond": "(ps_suppkey = public.supplier.s_suppkey)", "Rows Removed by Index Recheck": 0, "Exact Heap Blocks": 313920, "Lossy Heap Blocks": 313920, "Plans": [{"Node Type": "Bitmap Index Scan", "Parent Relationship": "Outer", "Index Name": "idx_partsupp_suppkey", "Startup Cost": 0.0, "Total Cost": 1.56, "Plan Rows": 13, "Plan Width": 0, "Actual Startup Time": 71.169, "Actual Total Time": 71.169, "Actual Rows": 313920, "Actual Loops": 3924, "Index Cond": "(ps_suppkey = public.supplier.s_suppkey)"}]}]}]}, {"Node Type": "Aggregate", "Strategy": "Hashed", "Parent Relationship": "Outer", "Startup Cost": 42836.19, "Total Cost": 43508.44, "Plan Rows": 53780, "Plan Width": 40, "Actual Startup Time": 2259.097, "Actual Total Time": 2259.097, "Actual Rows": 0, "Actual Loops": 1, "Group By Key": ["public.partsupp.ps_partkey"], "Filter": "(sum((public.partsupp.ps_supplycost * (public.partsupp.ps_availqty)::double precision)) > $2)", "Rows Removed by Filter": 295792, "Plans": [{"Node Type": "Nested Loop", "Parent Relationship": "Outer", "Join Type": "Inner", "Startup Cost": 96.82, "Total Cost": 41895.04, "Plan Rows": 53780, "Plan Width": 24, "Actual Startup Time": 1.137, "Actual Total Time": 834.966, "Actual Rows": 313920, "Actual Loops": 1, "Inner Unique": false, "Plans": [{"Node Type": "Nested Loop", "Parent Relationship": "Outer", "Join Type": "Inner", "Startup Cost": 95.25, "Total Cost": 2533.35, "Plan Rows": 4000, "Plan Width": 8, "Actual Startup Time": 1.088, "Actual Total Time": 8.572, "Actual Rows": 3924, "Actual Loops": 1, "Inner Unique": false, "Plans": [{"Node Type": "Seq Scan", "Parent Relationship": "Outer", "Relation Name": "nation", "Alias": "nation", "Startup Cost": 0.0, "Total Cost": 1.31, "Plan Rows": 1, "Plan Width": 4, "Actual Startup Time": 0.03, "Actual Total Time": 0.044, "Actual Rows": 1, "Actual Loops": 1, "Filter": "(n_name = 'MOZAMBIQUE'::bpchar)", "Rows Removed by Filter": 24}, {"Node Type": "Bitmap Heap Scan", "Parent Relationship": "Inner", "Relation Name": "supplier", "Alias": "supplier", "Startup Cost": 95.25, "Total Cost": 2492.04, "Plan Rows": 4000, "Plan Width": 12, "Actual Startup Time": 1.052, "Actual Total Time": 7.612, "Actual Rows": 3924, "Actual Loops": 1, "Recheck Cond": "(s_nationkey = public.nation.n_nationkey)", "Rows Removed by Index Recheck": 0, "Exact Heap Blocks": 1895, "Lossy Heap Blocks": 1895, "Plans": [{"Node Type": "Bitmap Index Scan", "Parent Relationship": "Outer", "Index Name": "idx_supplier_nation_key", "Startup Cost": 0.0, "Total Cost": 94.25, "Plan Rows": 4000, "Plan Width": 0, "Actual Startup Time": 0.77, "Actual Total Time": 0.77, "Actual Rows": 3924, "Actual Loops": 1, "Index Cond": "(s_nationkey = public.nation.n_nationkey)"}]}]}, {"Node Type": "Bitmap Heap Scan", "Parent Relationship": "Inner", "Relation Name": "partsupp", "Alias": "partsupp", "Startup Cost": 1.57, "Total Cost": 9.71, "Plan Rows": 13, "Plan Width": 32, "Actual Startup Time": 109.514, "Actual Total Time": 752.491, "Actual Rows": 313920, "Actual Loops": 3924, "Recheck Cond": "(ps_suppkey = public.supplier.s_suppkey)", "Rows Removed by Index Recheck": 0, "Exact Heap Blocks": 313920, "Lossy Heap Blocks": 313920, "Plans": [{"Node Type": "Bitmap Index Scan", "Parent Relationship": "Outer", "Index Name": "idx_partsupp_suppkey", "Startup Cost": 0.0, "Total Cost": 1.56, "Plan Rows": 13, "Plan Width": 0, "Actual Startup Time": 70.02, "Actual Total Time": 70.02, "Actual Rows": 313920, "Actual Loops": 3924, "Index Cond": "(ps_suppkey = public.supplier.s_suppkey)"}]}]}]}]}, "Triggers": [], "Planner Runtime": 0, "Total Runtime": 2259.921, "Unique SQL Id": 2932834211}}, "(16, 115)": {"explain_plan": {"Plan": {"Node Type": "Sort", "Startup Cost": 2000084159245.82, "Total Cost": 2000084159380.27, "Plan Rows": 53780, "Plan Width": 40, "Sort Key": ["(sum((public.partsupp.ps_supplycost * (public.partsupp.ps_availqty)::double precision))) DESC"], "Plans": [{"Node Type": "Aggregate", "Strategy": "Plain", "Parent Relationship": "exec_init_plan", "Subplan Name": "InitPlan 1 (returns $2)", "Startup Cost": 1000001001502.42, "Total Cost": 1000001001502.43, "Plan Rows": 1, "Plan Width": 24, "Plans": [{"Node Type": "Nested Loop", "Parent Relationship": "Outer", "Join Type": "Inner", "Startup Cost": 10000000001.83, "Total Cost": 1000001001099.07, "Plan Rows": 53780, "Plan Width": 16, "Inner Unique": false, "Plans": [{"Node Type": "Nested Loop", "Parent Relationship": "Outer", "Join Type": "Inner", "Startup Cost": 10000000000.26, "Total Cost": 1000000961737.38, "Plan Rows": 4000, "Plan Width": 8, "Inner Unique": true, "Plans": [{"Node Type": "Index Scan", "Parent Relationship": "Outer", "Scan Direction": "Forward", "Index Name": "supplier_pkey", "Relation Name": "supplier", "Alias": "supplier", "Startup Cost": 10000000000.0, "Total Cost": 1000000533454.38, "Plan Rows": 100000, "Plan Width": 12}, {"Node Type": "Bitmap Heap Scan", "Parent Relationship": "Inner", "Relation Name": "nation", "Alias": "nation", "Startup Cost": 0.26, "Total Cost": 4.27, "Plan Rows": 1, "Plan Width": 4, "Recheck Cond": "(n_nationkey = public.supplier.s_nationkey)", "Filter": "(n_name = 'MOZAMBIQUE'::bpchar)", "Plans": [{"Node Type": "Bitmap Index Scan", "Parent Relationship": "Outer", "Index Name": "nation_pkey", "Startup Cost": 0.0, "Total Cost": 0.26, "Plan Rows": 1, "Plan Width": 0, "Index Cond": "(n_nationkey = public.supplier.s_nationkey)"}]}]}, {"Node Type": "Bitmap Heap Scan", "Parent Relationship": "Inner", "Relation Name": "partsupp", "Alias": "partsupp", "Startup Cost": 1.57, "Total Cost": 9.71, "Plan Rows": 13, "Plan Width": 24, "Recheck Cond": "(ps_suppkey = public.supplier.s_suppkey)", "Plans": [{"Node Type": "Bitmap Index Scan", "Parent Relationship": "Outer", "Index Name": "idx_partsupp_suppkey", "Startup Cost": 0.0, "Total Cost": 1.56, "Plan Rows": 13, "Plan Width": 0, "Index Cond": "(ps_suppkey = public.supplier.s_suppkey)"}]}]}]}, {"Node Type": "Aggregate", "Strategy": "Hashed", "Parent Relationship": "Outer", "Startup Cost": 1000083152845.44, "Total Cost": 1000083153517.69, "Plan Rows": 53780, "Plan Width": 40, "Group By Key": ["public.partsupp.ps_partkey"], "Filter": "(sum((public.partsupp.ps_supplycost * (public.partsupp.ps_availqty)::double precision)) > $2)", "Plans": [{"Node Type": "Nested Loop", "Parent Relationship": "Outer", "Join Type": "Inner", "Startup Cost": 10000000000.52, "Total Cost": 1000083151904.29, "Plan Rows": 53780, "Plan Width": 24, "Inner Unique": true, "Plans": [{"Node Type": "Nested Loop", "Parent Relationship": "Outer", "Join Type": "Inner", "Startup Cost": 10000000000.26, "Total Cost": 1000077393643.64, "Plan Rows": 1344499, "Plan Width": 28, "Inner Unique": true, "Plans": [{"Node Type": "Index Scan", "Parent Relationship": "Outer", "Scan Direction": "Forward", "Index Name": "idx_partsupp_partkey", "Relation Name": "partsupp", "Alias": "partsupp", "Startup Cost": 10000000000.0, "Total Cost": 1000043148503.38, "Plan Rows": 8000372, "Plan Width": 32}, {"Node Type": "Bitmap Heap Scan", "Parent Relationship": "Inner", "Relation Name": "supplier", "Alias": "supplier", "Startup Cost": 0.26, "Total Cost": 4.27, "Plan Rows": 1, "Plan Width": 12, "Recheck Cond": "(s_suppkey = public.partsupp.ps_suppkey)", "Plans": [{"Node Type": "Bitmap Index Scan", "Parent Relationship": "Outer", "Index Name": "supplier_pkey", "Startup Cost": 0.0, "Total Cost": 0.26, "Plan Rows": 1, "Plan Width": 0, "Index Cond": "(s_suppkey = public.partsupp.ps_suppkey)"}]}]}, {"Node Type": "Bitmap Heap Scan", "Parent Relationship": "Inner", "Relation Name": "nation", "Alias": "nation", "Startup Cost": 0.26, "Total Cost": 4.27, "Plan Rows": 1, "Plan Width": 4, "Recheck Cond": "(n_nationkey = public.supplier.s_nationkey)", "Filter": "(n_name = 'MOZAMBIQUE'::bpchar)", "Plans": [{"Node Type": "Bitmap Index Scan", "Parent Relationship": "Outer", "Index Name": "nation_pkey", "Startup Cost": 0.0, "Total Cost": 0.26, "Plan Rows": 1, "Plan Width": 0, "Index Cond": "(n_nationkey = public.supplier.s_nationkey)"}]}]}]}]}, "Unique SQL Id": 2932834211, "Planner Runtime": 0}, "explain_analyze_plan": null}, "(16, 116)": {"explain_plan": {"Plan": {"Node Type": "Sort", "Startup Cost": 86957.11, "Total Cost": 87091.56, "Plan Rows": 53780, "Plan Width": 40, "Sort Key": ["(sum((public.partsupp.ps_supplycost * (public.partsupp.ps_availqty)::double precision))) DESC"], "Plans": [{"Node Type": "Aggregate", "Strategy": "Plain", "Parent Relationship": "exec_init_plan", "Subplan Name": "InitPlan 1 (returns $2)", "Startup Cost": 40760.67, "Total Cost": 40760.68, "Plan Rows": 1, "Plan Width": 24, "Plans": [{"Node Type": "Nested Loop", "Parent Relationship": "Outer", "Join Type": "Inner", "Startup Cost": 95.25, "Total Cost": 40357.32, "Plan Rows": 53780, "Plan Width": 16, "Inner Unique": false, "Plans": [{"Node Type": "Nested Loop", "Parent Relationship": "Outer", "Join Type": "Inner", "Startup Cost": 95.25, "Total Cost": 2533.35, "Plan Rows": 4000, "Plan Width": 8, "Inner Unique": false, "Plans": [{"Node Type": "Seq Scan", "Parent Relationship": "Outer", "Relation Name": "nation", "Alias": "nation", "Startup Cost": 0.0, "Total Cost": 1.31, "Plan Rows": 1, "Plan Width": 4, "Filter": "(n_name = 'MOZAMBIQUE'::bpchar)"}, {"Node Type": "Bitmap Heap Scan", "Parent Relationship": "Inner", "Relation Name": "supplier", "Alias": "supplier", "Startup Cost": 95.25, "Total Cost": 2492.04, "Plan Rows": 4000, "Plan Width": 12, "Recheck Cond": "(s_nationkey = public.nation.n_nationkey)", "Plans": [{"Node Type": "Bitmap Index Scan", "Parent Relationship": "Outer", "Index Name": "idx_supplier_nation_key", "Startup Cost": 0.0, "Total Cost": 94.25, "Plan Rows": 4000, "Plan Width": 0, "Index Cond": "(s_nationkey = public.nation.n_nationkey)"}]}]}, {"Node Type": "Index Scan", "Parent Relationship": "Inner", "Scan Direction": "Forward", "Index Name": "idx_partsupp_suppkey", "Relation Name": "partsupp", "Alias": "partsupp", "Startup Cost": 0.0, "Total Cost": 9.33, "Plan Rows": 13, "Plan Width": 24, "Index Cond": "(ps_suppkey = public.supplier.s_suppkey)"}]}]}, {"Node Type": "Aggregate", "Strategy": "Hashed", "Parent Relationship": "Outer", "Startup Cost": 41298.47, "Total Cost": 41970.72, "Plan Rows": 53780, "Plan Width": 40, "Group By Key": ["public.partsupp.ps_partkey"], "Filter": "(sum((public.partsupp.ps_supplycost * (public.partsupp.ps_availqty)::double precision)) > $2)", "Plans": [{"Node Type": "Nested Loop", "Parent Relationship": "Outer", "Join Type": "Inner", "Startup Cost": 95.25, "Total Cost": 40357.32, "Plan Rows": 53780, "Plan Width": 24, "Inner Unique": false, "Plans": [{"Node Type": "Nested Loop", "Parent Relationship": "Outer", "Join Type": "Inner", "Startup Cost": 95.25, "Total Cost": 2533.35, "Plan Rows": 4000, "Plan Width": 8, "Inner Unique": false, "Plans": [{"Node Type": "Seq Scan", "Parent Relationship": "Outer", "Relation Name": "nation", "Alias": "nation", "Startup Cost": 0.0, "Total Cost": 1.31, "Plan Rows": 1, "Plan Width": 4, "Filter": "(n_name = 'MOZAMBIQUE'::bpchar)"}, {"Node Type": "Bitmap Heap Scan", "Parent Relationship": "Inner", "Relation Name": "supplier", "Alias": "supplier", "Startup Cost": 95.25, "Total Cost": 2492.04, "Plan Rows": 4000, "Plan Width": 12, "Recheck Cond": "(s_nationkey = public.nation.n_nationkey)", "Plans": [{"Node Type": "Bitmap Index Scan", "Parent Relationship": "Outer", "Index Name": "idx_supplier_nation_key", "Startup Cost": 0.0, "Total Cost": 94.25, "Plan Rows": 4000, "Plan Width": 0, "Index Cond": "(s_nationkey = public.nation.n_nationkey)"}]}]}, {"Node Type": "Index Scan", "Parent Relationship": "Inner", "Scan Direction": "Forward", "Index Name": "idx_partsupp_suppkey", "Relation Name": "partsupp", "Alias": "partsupp", "Startup Cost": 0.0, "Total Cost": 9.33, "Plan Rows": 13, "Plan Width": 32, "Index Cond": "(ps_suppkey = public.supplier.s_suppkey)"}]}]}]}, "Unique SQL Id": 2932834211, "Planner Runtime": 0}, "explain_analyze_plan": {"Plan": {"Node Type": "Sort", "Startup Cost": 86957.11, "Total Cost": 87091.56, "Plan Rows": 53780, "Plan Width": 40, "Actual Startup Time": 1867.688, "Actual Total Time": 1867.688, "Actual Rows": 0, "Actual Loops": 1, "Sort Key": ["(sum((public.partsupp.ps_supplycost * (public.partsupp.ps_availqty)::double precision))) DESC"], "Sort Method": "quicksort", "Sort Space Used": 25, "Sort Space Type": "Memory", "Plans": [{"Node Type": "Aggregate", "Strategy": "Plain", "Parent Relationship": "exec_init_plan", "Subplan Name": "InitPlan 1 (returns $2)", "Startup Cost": 40760.67, "Total Cost": 40760.68, "Plan Rows": 1, "Plan Width": 24, "Actual Startup Time": 794.18, "Actual Total Time": 794.181, "Actual Rows": 1, "Actual Loops": 1, "Plans": [{"Node Type": "Nested Loop", "Parent Relationship": "Outer", "Join Type": "Inner", "Startup Cost": 95.25, "Total Cost": 40357.32, "Plan Rows": 53780, "Plan Width": 16, "Actual Startup Time": 1.125, "Actual Total Time": 657.634, "Actual Rows": 313920, "Actual Loops": 1, "Inner Unique": false, "Plans": [{"Node Type": "Nested Loop", "Parent Relationship": "Outer", "Join Type": "Inner", "Startup Cost": 95.25, "Total Cost": 2533.35, "Plan Rows": 4000, "Plan Width": 8, "Actual Startup Time": 1.098, "Actual Total Time": 8.186, "Actual Rows": 3924, "Actual Loops": 1, "Inner Unique": false, "Plans": [{"Node Type": "Seq Scan", "Parent Relationship": "Outer", "Relation Name": "nation", "Alias": "nation", "Startup Cost": 0.0, "Total Cost": 1.31, "Plan Rows": 1, "Plan Width": 4, "Actual Startup Time": 0.024, "Actual Total Time": 0.047, "Actual Rows": 1, "Actual Loops": 1, "Filter": "(n_name = 'MOZAMBIQUE'::bpchar)", "Rows Removed by Filter": 24}, {"Node Type": "Bitmap Heap Scan", "Parent Relationship": "Inner", "Relation Name": "supplier", "Alias": "supplier", "Startup Cost": 95.25, "Total Cost": 2492.04, "Plan Rows": 4000, "Plan Width": 12, "Actual Startup Time": 1.058, "Actual Total Time": 7.206, "Actual Rows": 3924, "Actual Loops": 1, "Recheck Cond": "(s_nationkey = public.nation.n_nationkey)", "Rows Removed by Index Recheck": 0, "Exact Heap Blocks": 1895, "Lossy Heap Blocks": 1895, "Plans": [{"Node Type": "Bitmap Index Scan", "Parent Relationship": "Outer", "Index Name": "idx_supplier_nation_key", "Startup Cost": 0.0, "Total Cost": 94.25, "Plan Rows": 4000, "Plan Width": 0, "Actual Startup Time": 0.777, "Actual Total Time": 0.777, "Actual Rows": 3924, "Actual Loops": 1, "Index Cond": "(s_nationkey = public.nation.n_nationkey)"}]}]}, {"Node Type": "Index Scan", "Parent Relationship": "Inner", "Scan Direction": "Forward", "Index Name": "idx_partsupp_suppkey", "Relation Name": "partsupp", "Alias": "partsupp", "Startup Cost": 0.0, "Total Cost": 9.33, "Plan Rows": 13, "Plan Width": 24, "Actual Startup Time": 48.522, "Actual Total Time": 582.276, "Actual Rows": 313920, "Actual Loops": 3924, "Index Cond": "(ps_suppkey = public.supplier.s_suppkey)", "Rows Removed by Index Recheck": 0}]}]}, {"Node Type": "Aggregate", "Strategy": "Hashed", "Parent Relationship": "Outer", "Startup Cost": 41298.47, "Total Cost": 41970.72, "Plan Rows": 53780, "Plan Width": 40, "Actual Startup Time": 1867.28, "Actual Total Time": 1867.28, "Actual Rows": 0, "Actual Loops": 1, "Group By Key": ["public.partsupp.ps_partkey"], "Filter": "(sum((public.partsupp.ps_supplycost * (public.partsupp.ps_availqty)::double precision)) > $2)", "Rows Removed by Filter": 295792, "Plans": [{"Node Type": "Nested Loop", "Parent Relationship": "Outer", "Join Type": "Inner", "Startup Cost": 95.25, "Total Cost": 40357.32, "Plan Rows": 53780, "Plan Width": 24, "Actual Startup Time": 1.055, "Actual Total Time": 684.172, "Actual Rows": 313920, "Actual Loops": 1, "Inner Unique": false, "Plans": [{"Node Type": "Nested Loop", "Parent Relationship": "Outer", "Join Type": "Inner", "Startup Cost": 95.25, "Total Cost": 2533.35, "Plan Rows": 4000, "Plan Width": 8, "Actual Startup Time": 1.024, "Actual Total Time": 8.574, "Actual Rows": 3924, "Actual Loops": 1, "Inner Unique": false, "Plans": [{"Node Type": "Seq Scan", "Parent Relationship": "Outer", "Relation Name": "nation", "Alias": "nation", "Startup Cost": 0.0, "Total Cost": 1.31, "Plan Rows": 1, "Plan Width": 4, "Actual Startup Time": 0.032, "Actual Total Time": 0.044, "Actual Rows": 1, "Actual Loops": 1, "Filter": "(n_name = 'MOZAMBIQUE'::bpchar)", "Rows Removed by Filter": 24}, {"Node Type": "Bitmap Heap Scan", "Parent Relationship": "Inner", "Relation Name": "supplier", "Alias": "supplier", "Startup Cost": 95.25, "Total Cost": 2492.04, "Plan Rows": 4000, "Plan Width": 12, "Actual Startup Time": 0.985, "Actual Total Time": 7.583, "Actual Rows": 3924, "Actual Loops": 1, "Recheck Cond": "(s_nationkey = public.nation.n_nationkey)", "Rows Removed by Index Recheck": 0, "Exact Heap Blocks": 1895, "Lossy Heap Blocks": 1895, "Plans": [{"Node Type": "Bitmap Index Scan", "Parent Relationship": "Outer", "Index Name": "idx_supplier_nation_key", "Startup Cost": 0.0, "Total Cost": 94.25, "Plan Rows": 4000, "Plan Width": 0, "Actual Startup Time": 0.705, "Actual Total Time": 0.705, "Actual Rows": 3924, "Actual Loops": 1, "Index Cond": "(s_nationkey = public.nation.n_nationkey)"}]}]}, {"Node Type": "Index Scan", "Parent Relationship": "Inner", "Scan Direction": "Forward", "Index Name": "idx_partsupp_suppkey", "Relation Name": "partsupp", "Alias": "partsupp", "Startup Cost": 0.0, "Total Cost": 9.33, "Plan Rows": 13, "Plan Width": 32, "Actual Startup Time": 49.919, "Actual Total Time": 602.753, "Actual Rows": 313920, "Actual Loops": 3924, "Index Cond": "(ps_suppkey = public.supplier.s_suppkey)", "Rows Removed by Index Recheck": 0}]}]}]}, "Triggers": [], "Planner Runtime": 0, "Total Runtime": 1868.014, "Unique SQL Id": 2932834211}}, "(16, 117)": {"explain_plan": {"Plan": {"Node Type": "Sort", "Startup Cost": 86979.86, "Total Cost": 87114.31, "Plan Rows": 53780, "Plan Width": 40, "Sort Key": ["(sum((public.partsupp.ps_supplycost * (public.partsupp.ps_availqty)::double precision))) DESC"], "Plans": [{"Node Type": "Aggregate", "Strategy": "Plain", "Parent Relationship": "exec_init_plan", "Subplan Name": "InitPlan 1 (returns $2)", "Startup Cost": 40772.04, "Total Cost": 40772.06, "Plan Rows": 1, "Plan Width": 24, "Plans": [{"Node Type": "Nested Loop", "Parent Relationship": "Outer", "Join Type": "Inner", "Startup Cost": 95.25, "Total Cost": 40368.69, "Plan Rows": 53780, "Plan Width": 16, "Inner Unique": false, "Plans": [{"Node Type": "Nested Loop", "Parent Relationship": "Outer", "Join Type": "Inner", "Startup Cost": 95.25, "Total Cost": 2544.73, "Plan Rows": 4000, "Plan Width": 8, "Inner Unique": false, "Plans": [{"Node Type": "Index Scan", "Parent Relationship": "Outer", "Scan Direction": "Forward", "Index Name": "nation_pkey", "Relation Name": "nation", "Alias": "nation", "Startup Cost": 0.0, "Total Cost": 12.69, "Plan Rows": 1, "Plan Width": 4, "Filter": "(n_name = 'MOZAMBIQUE'::bpchar)"}, {"Node Type": "Bitmap Heap Scan", "Parent Relationship": "Inner", "Relation Name": "supplier", "Alias": "supplier", "Startup Cost": 95.25, "Total Cost": 2492.04, "Plan Rows": 4000, "Plan Width": 12, "Recheck Cond": "(s_nationkey = public.nation.n_nationkey)", "Plans": [{"Node Type": "Bitmap Index Scan", "Parent Relationship": "Outer", "Index Name": "idx_supplier_nation_key", "Startup Cost": 0.0, "Total Cost": 94.25, "Plan Rows": 4000, "Plan Width": 0, "Index Cond": "(s_nationkey = public.nation.n_nationkey)"}]}]}, {"Node Type": "Index Scan", "Parent Relationship": "Inner", "Scan Direction": "Forward", "Index Name": "idx_partsupp_suppkey", "Relation Name": "partsupp", "Alias": "partsupp", "Startup Cost": 0.0, "Total Cost": 9.33, "Plan Rows": 13, "Plan Width": 24, "Index Cond": "(ps_suppkey = public.supplier.s_suppkey)"}]}]}, {"Node Type": "Aggregate", "Strategy": "Hashed", "Parent Relationship": "Outer", "Startup Cost": 41309.84, "Total Cost": 41982.09, "Plan Rows": 53780, "Plan Width": 40, "Group By Key": ["public.partsupp.ps_partkey"], "Filter": "(sum((public.partsupp.ps_supplycost * (public.partsupp.ps_availqty)::double precision)) > $2)", "Plans": [{"Node Type": "Nested Loop", "Parent Relationship": "Outer", "Join Type": "Inner", "Startup Cost": 95.25, "Total Cost": 40368.69, "Plan Rows": 53780, "Plan Width": 24, "Inner Unique": false, "Plans": [{"Node Type": "Nested Loop", "Parent Relationship": "Outer", "Join Type": "Inner", "Startup Cost": 95.25, "Total Cost": 2544.73, "Plan Rows": 4000, "Plan Width": 8, "Inner Unique": false, "Plans": [{"Node Type": "Index Scan", "Parent Relationship": "Outer", "Scan Direction": "Forward", "Index Name": "nation_pkey", "Relation Name": "nation", "Alias": "nation", "Startup Cost": 0.0, "Total Cost": 12.69, "Plan Rows": 1, "Plan Width": 4, "Filter": "(n_name = 'MOZAMBIQUE'::bpchar)"}, {"Node Type": "Bitmap Heap Scan", "Parent Relationship": "Inner", "Relation Name": "supplier", "Alias": "supplier", "Startup Cost": 95.25, "Total Cost": 2492.04, "Plan Rows": 4000, "Plan Width": 12, "Recheck Cond": "(s_nationkey = public.nation.n_nationkey)", "Plans": [{"Node Type": "Bitmap Index Scan", "Parent Relationship": "Outer", "Index Name": "idx_supplier_nation_key", "Startup Cost": 0.0, "Total Cost": 94.25, "Plan Rows": 4000, "Plan Width": 0, "Index Cond": "(s_nationkey = public.nation.n_nationkey)"}]}]}, {"Node Type": "Index Scan", "Parent Relationship": "Inner", "Scan Direction": "Forward", "Index Name": "idx_partsupp_suppkey", "Relation Name": "partsupp", "Alias": "partsupp", "Startup Cost": 0.0, "Total Cost": 9.33, "Plan Rows": 13, "Plan Width": 32, "Index Cond": "(ps_suppkey = public.supplier.s_suppkey)"}]}]}]}, "Unique SQL Id": 2932834211, "Planner Runtime": 0}, "explain_analyze_plan": {"Plan": {"Node Type": "Sort", "Startup Cost": 86979.86, "Total Cost": 87114.31, "Plan Rows": 53780, "Plan Width": 40, "Actual Startup Time": 2004.071, "Actual Total Time": 2004.071, "Actual Rows": 0, "Actual Loops": 1, "Sort Key": ["(sum((public.partsupp.ps_supplycost * (public.partsupp.ps_availqty)::double precision))) DESC"], "Sort Method": "quicksort", "Sort Space Used": 25, "Sort Space Type": "Memory", "Plans": [{"Node Type": "Aggregate", "Strategy": "Plain", "Parent Relationship": "exec_init_plan", "Subplan Name": "InitPlan 1 (returns $2)", "Startup Cost": 40772.04, "Total Cost": 40772.06, "Plan Rows": 1, "Plan Width": 24, "Actual Startup Time": 813.993, "Actual Total Time": 813.994, "Actual Rows": 1, "Actual Loops": 1, "Plans": [{"Node Type": "Nested Loop", "Parent Relationship": "Outer", "Join Type": "Inner", "Startup Cost": 95.25, "Total Cost": 40368.69, "Plan Rows": 53780, "Plan Width": 16, "Actual Startup Time": 1.031, "Actual Total Time": 679.613, "Actual Rows": 313920, "Actual Loops": 1, "Inner Unique": false, "Plans": [{"Node Type": "Nested Loop", "Parent Relationship": "Outer", "Join Type": "Inner", "Startup Cost": 95.25, "Total Cost": 2544.73, "Plan Rows": 4000, "Plan Width": 8, "Actual Startup Time": 1.007, "Actual Total Time": 8.373, "Actual Rows": 3924, "Actual Loops": 1, "Inner Unique": false, "Plans": [{"Node Type": "Index Scan", "Parent Relationship": "Outer", "Scan Direction": "Forward", "Index Name": "nation_pkey", "Relation Name": "nation", "Alias": "nation", "Startup Cost": 0.0, "Total Cost": 12.69, "Plan Rows": 1, "Plan Width": 4, "Actual Startup Time": 0.027, "Actual Total Time": 0.082, "Actual Rows": 1, "Actual Loops": 1, "Filter": "(n_name = 'MOZAMBIQUE'::bpchar)", "Rows Removed by Filter": 24}, {"Node Type": "Bitmap Heap Scan", "Parent Relationship": "Inner", "Relation Name": "supplier", "Alias": "supplier", "Startup Cost": 95.25, "Total Cost": 2492.04, "Plan Rows": 4000, "Plan Width": 12, "Actual Startup Time": 0.966, "Actual Total Time": 7.31, "Actual Rows": 3924, "Actual Loops": 1, "Recheck Cond": "(s_nationkey = public.nation.n_nationkey)", "Rows Removed by Index Recheck": 0, "Exact Heap Blocks": 1895, "Lossy Heap Blocks": 1895, "Plans": [{"Node Type": "Bitmap Index Scan", "Parent Relationship": "Outer", "Index Name": "idx_supplier_nation_key", "Startup Cost": 0.0, "Total Cost": 94.25, "Plan Rows": 4000, "Plan Width": 0, "Actual Startup Time": 0.678, "Actual Total Time": 0.678, "Actual Rows": 3924, "Actual Loops": 1, "Index Cond": "(s_nationkey = public.nation.n_nationkey)"}]}]}, {"Node Type": "Index Scan", "Parent Relationship": "Inner", "Scan Direction": "Forward", "Index Name": "idx_partsupp_suppkey", "Relation Name": "partsupp", "Alias": "partsupp", "Startup Cost": 0.0, "Total Cost": 9.33, "Plan Rows": 13, "Plan Width": 24, "Actual Startup Time": 46.974, "Actual Total Time": 604.92, "Actual Rows": 313920, "Actual Loops": 3924, "Index Cond": "(ps_suppkey = public.supplier.s_suppkey)", "Rows Removed by Index Recheck": 0}]}]}, {"Node Type": "Aggregate", "Strategy": "Hashed", "Parent Relationship": "Outer", "Startup Cost": 41309.84, "Total Cost": 41982.09, "Plan Rows": 53780, "Plan Width": 40, "Actual Startup Time": 2003.564, "Actual Total Time": 2003.564, "Actual Rows": 0, "Actual Loops": 1, "Group By Key": ["public.partsupp.ps_partkey"], "Filter": "(sum((public.partsupp.ps_supplycost * (public.partsupp.ps_availqty)::double precision)) > $2)", "Rows Removed by Filter": 295792, "Plans": [{"Node Type": "Nested Loop", "Parent Relationship": "Outer", "Join Type": "Inner", "Startup Cost": 95.25, "Total Cost": 40368.69, "Plan Rows": 53780, "Plan Width": 24, "Actual Startup Time": 1.126, "Actual Total Time": 773.104, "Actual Rows": 313920, "Actual Loops": 1, "Inner Unique": false, "Plans": [{"Node Type": "Nested Loop", "Parent Relationship": "Outer", "Join Type": "Inner", "Startup Cost": 95.25, "Total Cost": 2544.73, "Plan Rows": 4000, "Plan Width": 8, "Actual Startup Time": 1.098, "Actual Total Time": 9.874, "Actual Rows": 3924, "Actual Loops": 1, "Inner Unique": false, "Plans": [{"Node Type": "Index Scan", "Parent Relationship": "Outer", "Scan Direction": "Forward", "Index Name": "nation_pkey", "Relation Name": "nation", "Alias": "nation", "Startup Cost": 0.0, "Total Cost": 12.69, "Plan Rows": 1, "Plan Width": 4, "Actual Startup Time": 0.032, "Actual Total Time": 0.045, "Actual Rows": 1, "Actual Loops": 1, "Filter": "(n_name = 'MOZAMBIQUE'::bpchar)", "Rows Removed by Filter": 24}, {"Node Type": "Bitmap Heap Scan", "Parent Relationship": "Inner", "Relation Name": "supplier", "Alias": "supplier", "Startup Cost": 95.25, "Total Cost": 2492.04, "Plan Rows": 4000, "Plan Width": 12, "Actual Startup Time": 1.058, "Actual Total Time": 8.873, "Actual Rows": 3924, "Actual Loops": 1, "Recheck Cond": "(s_nationkey = public.nation.n_nationkey)", "Rows Removed by Index Recheck": 0, "Exact Heap Blocks": 1895, "Lossy Heap Blocks": 1895, "Plans": [{"Node Type": "Bitmap Index Scan", "Parent Relationship": "Outer", "Index Name": "idx_supplier_nation_key", "Startup Cost": 0.0, "Total Cost": 94.25, "Plan Rows": 4000, "Plan Width": 0, "Actual Startup Time": 0.766, "Actual Total Time": 0.766, "Actual Rows": 3924, "Actual Loops": 1, "Index Cond": "(s_nationkey = public.nation.n_nationkey)"}]}]}, {"Node Type": "Index Scan", "Parent Relationship": "Inner", "Scan Direction": "Forward", "Index Name": "idx_partsupp_suppkey", "Relation Name": "partsupp", "Alias": "partsupp", "Startup Cost": 0.0, "Total Cost": 9.33, "Plan Rows": 13, "Plan Width": 32, "Actual Startup Time": 55.084, "Actual Total Time": 692.047, "Actual Rows": 313920, "Actual Loops": 3924, "Index Cond": "(ps_suppkey = public.supplier.s_suppkey)", "Rows Removed by Index Recheck": 0}]}]}]}, "Triggers": [], "Planner Runtime": 0, "Total Runtime": 2004.504, "Unique SQL Id": 2932834211}}, "(16, 118)": {"explain_plan": {"Plan": {"Node Type": "Sort", "Startup Cost": 90032.55, "Total Cost": 90167.0, "Plan Rows": 53780, "Plan Width": 40, "Sort Key": ["(sum((public.partsupp.ps_supplycost * (public.partsupp.ps_availqty)::double precision))) DESC"], "Plans": [{"Node Type": "Aggregate", "Strategy": "Plain", "Parent Relationship": "exec_init_plan", "Subplan Name": "InitPlan 1 (returns $2)", "Startup Cost": 42298.39, "Total Cost": 42298.4, "Plan Rows": 1, "Plan Width": 24, "Plans": [{"Node Type": "Nested Loop", "Parent Relationship": "Outer", "Join Type": "Inner", "Startup Cost": 96.82, "Total Cost": 41895.04, "Plan Rows": 53780, "Plan Width": 16, "Inner Unique": false, "Plans": [{"Node Type": "Nested Loop", "Parent Relationship": "Outer", "Join Type": "Inner", "Startup Cost": 95.25, "Total Cost": 2533.35, "Plan Rows": 4000, "Plan Width": 8, "Inner Unique": false, "Plans": [{"Node Type": "Seq Scan", "Parent Relationship": "Outer", "Relation Name": "nation", "Alias": "nation", "Startup Cost": 0.0, "Total Cost": 1.31, "Plan Rows": 1, "Plan Width": 4, "Filter": "(n_name = 'MOZAMBIQUE'::bpchar)"}, {"Node Type": "Bitmap Heap Scan", "Parent Relationship": "Inner", "Relation Name": "supplier", "Alias": "supplier", "Startup Cost": 95.25, "Total Cost": 2492.04, "Plan Rows": 4000, "Plan Width": 12, "Recheck Cond": "(s_nationkey = public.nation.n_nationkey)", "Plans": [{"Node Type": "Bitmap Index Scan", "Parent Relationship": "Outer", "Index Name": "idx_supplier_nation_key", "Startup Cost": 0.0, "Total Cost": 94.25, "Plan Rows": 4000, "Plan Width": 0, "Index Cond": "(s_nationkey = public.nation.n_nationkey)"}]}]}, {"Node Type": "Bitmap Heap Scan", "Parent Relationship": "Inner", "Relation Name": "partsupp", "Alias": "partsupp", "Startup Cost": 1.57, "Total Cost": 9.71, "Plan Rows": 13, "Plan Width": 24, "Recheck Cond": "(ps_suppkey = public.supplier.s_suppkey)", "Plans": [{"Node Type": "Bitmap Index Scan", "Parent Relationship": "Outer", "Index Name": "idx_partsupp_suppkey", "Startup Cost": 0.0, "Total Cost": 1.56, "Plan Rows": 13, "Plan Width": 0, "Index Cond": "(ps_suppkey = public.supplier.s_suppkey)"}]}]}]}, {"Node Type": "Aggregate", "Strategy": "Hashed", "Parent Relationship": "Outer", "Startup Cost": 42836.19, "Total Cost": 43508.44, "Plan Rows": 53780, "Plan Width": 40, "Group By Key": ["public.partsupp.ps_partkey"], "Filter": "(sum((public.partsupp.ps_supplycost * (public.partsupp.ps_availqty)::double precision)) > $2)", "Plans": [{"Node Type": "Nested Loop", "Parent Relationship": "Outer", "Join Type": "Inner", "Startup Cost": 96.82, "Total Cost": 41895.04, "Plan Rows": 53780, "Plan Width": 24, "Inner Unique": false, "Plans": [{"Node Type": "Nested Loop", "Parent Relationship": "Outer", "Join Type": "Inner", "Startup Cost": 95.25, "Total Cost": 2533.35, "Plan Rows": 4000, "Plan Width": 8, "Inner Unique": false, "Plans": [{"Node Type": "Seq Scan", "Parent Relationship": "Outer", "Relation Name": "nation", "Alias": "nation", "Startup Cost": 0.0, "Total Cost": 1.31, "Plan Rows": 1, "Plan Width": 4, "Filter": "(n_name = 'MOZAMBIQUE'::bpchar)"}, {"Node Type": "Bitmap Heap Scan", "Parent Relationship": "Inner", "Relation Name": "supplier", "Alias": "supplier", "Startup Cost": 95.25, "Total Cost": 2492.04, "Plan Rows": 4000, "Plan Width": 12, "Recheck Cond": "(s_nationkey = public.nation.n_nationkey)", "Plans": [{"Node Type": "Bitmap Index Scan", "Parent Relationship": "Outer", "Index Name": "idx_supplier_nation_key", "Startup Cost": 0.0, "Total Cost": 94.25, "Plan Rows": 4000, "Plan Width": 0, "Index Cond": "(s_nationkey = public.nation.n_nationkey)"}]}]}, {"Node Type": "Bitmap Heap Scan", "Parent Relationship": "Inner", "Relation Name": "partsupp", "Alias": "partsupp", "Startup Cost": 1.57, "Total Cost": 9.71, "Plan Rows": 13, "Plan Width": 32, "Recheck Cond": "(ps_suppkey = public.supplier.s_suppkey)", "Plans": [{"Node Type": "Bitmap Index Scan", "Parent Relationship": "Outer", "Index Name": "idx_partsupp_suppkey", "Startup Cost": 0.0, "Total Cost": 1.56, "Plan Rows": 13, "Plan Width": 0, "Index Cond": "(ps_suppkey = public.supplier.s_suppkey)"}]}]}]}]}, "Unique SQL Id": 2932834211, "Planner Runtime": 0}, "explain_analyze_plan": {"Plan": {"Node Type": "Sort", "Startup Cost": 90032.55, "Total Cost": 90167.0, "Plan Rows": 53780, "Plan Width": 40, "Actual Startup Time": 2259.599, "Actual Total Time": 2259.599, "Actual Rows": 0, "Actual Loops": 1, "Sort Key": ["(sum((public.partsupp.ps_supplycost * (public.partsupp.ps_availqty)::double precision))) DESC"], "Sort Method": "quicksort", "Sort Space Used": 25, "Sort Space Type": "Memory", "Plans": [{"Node Type": "Aggregate", "Strategy": "Plain", "Parent Relationship": "exec_init_plan", "Subplan Name": "InitPlan 1 (returns $2)", "Startup Cost": 42298.39, "Total Cost": 42298.4, "Plan Rows": 1, "Plan Width": 24, "Actual Startup Time": 1008.942, "Actual Total Time": 1008.942, "Actual Rows": 1, "Actual Loops": 1, "Plans": [{"Node Type": "Nested Loop", "Parent Relationship": "Outer", "Join Type": "Inner", "Startup Cost": 96.82, "Total Cost": 41895.04, "Plan Rows": 53780, "Plan Width": 16, "Actual Startup Time": 1.124, "Actual Total Time": 881.219, "Actual Rows": 313920, "Actual Loops": 1, "Inner Unique": false, "Plans": [{"Node Type": "Nested Loop", "Parent Relationship": "Outer", "Join Type": "Inner", "Startup Cost": 95.25, "Total Cost": 2533.35, "Plan Rows": 4000, "Plan Width": 8, "Actual Startup Time": 1.07, "Actual Total Time": 9.391, "Actual Rows": 3924, "Actual Loops": 1, "Inner Unique": false, "Plans": [{"Node Type": "Seq Scan", "Parent Relationship": "Outer", "Relation Name": "nation", "Alias": "nation", "Startup Cost": 0.0, "Total Cost": 1.31, "Plan Rows": 1, "Plan Width": 4, "Actual Startup Time": 0.042, "Actual Total Time": 0.058, "Actual Rows": 1, "Actual Loops": 1, "Filter": "(n_name = 'MOZAMBIQUE'::bpchar)", "Rows Removed by Filter": 24}, {"Node Type": "Bitmap Heap Scan", "Parent Relationship": "Inner", "Relation Name": "supplier", "Alias": "supplier", "Startup Cost": 95.25, "Total Cost": 2492.04, "Plan Rows": 4000, "Plan Width": 12, "Actual Startup Time": 1.019, "Actual Total Time": 8.327, "Actual Rows": 3924, "Actual Loops": 1, "Recheck Cond": "(s_nationkey = public.nation.n_nationkey)", "Rows Removed by Index Recheck": 0, "Exact Heap Blocks": 1895, "Lossy Heap Blocks": 1895, "Plans": [{"Node Type": "Bitmap Index Scan", "Parent Relationship": "Outer", "Index Name": "idx_supplier_nation_key", "Startup Cost": 0.0, "Total Cost": 94.25, "Plan Rows": 4000, "Plan Width": 0, "Actual Startup Time": 0.744, "Actual Total Time": 0.744, "Actual Rows": 3924, "Actual Loops": 1, "Index Cond": "(s_nationkey = public.nation.n_nationkey)"}]}]}, {"Node Type": "Bitmap Heap Scan", "Parent Relationship": "Inner", "Relation Name": "partsupp", "Alias": "partsupp", "Startup Cost": 1.57, "Total Cost": 9.71, "Plan Rows": 13, "Plan Width": 24, "Actual Startup Time": 110.886, "Actual Total Time": 803.989, "Actual Rows": 313920, "Actual Loops": 3924, "Recheck Cond": "(ps_suppkey = public.supplier.s_suppkey)", "Rows Removed by Index Recheck": 0, "Exact Heap Blocks": 313920, "Lossy Heap Blocks": 313920, "Plans": [{"Node Type": "Bitmap Index Scan", "Parent Relationship": "Outer", "Index Name": "idx_partsupp_suppkey", "Startup Cost": 0.0, "Total Cost": 1.56, "Plan Rows": 13, "Plan Width": 0, "Actual Startup Time": 71.169, "Actual Total Time": 71.169, "Actual Rows": 313920, "Actual Loops": 3924, "Index Cond": "(ps_suppkey = public.supplier.s_suppkey)"}]}]}]}, {"Node Type": "Aggregate", "Strategy": "Hashed", "Parent Relationship": "Outer", "Startup Cost": 42836.19, "Total Cost": 43508.44, "Plan Rows": 53780, "Plan Width": 40, "Actual Startup Time": 2259.097, "Actual Total Time": 2259.097, "Actual Rows": 0, "Actual Loops": 1, "Group By Key": ["public.partsupp.ps_partkey"], "Filter": "(sum((public.partsupp.ps_supplycost * (public.partsupp.ps_availqty)::double precision)) > $2)", "Rows Removed by Filter": 295792, "Plans": [{"Node Type": "Nested Loop", "Parent Relationship": "Outer", "Join Type": "Inner", "Startup Cost": 96.82, "Total Cost": 41895.04, "Plan Rows": 53780, "Plan Width": 24, "Actual Startup Time": 1.137, "Actual Total Time": 834.966, "Actual Rows": 313920, "Actual Loops": 1, "Inner Unique": false, "Plans": [{"Node Type": "Nested Loop", "Parent Relationship": "Outer", "Join Type": "Inner", "Startup Cost": 95.25, "Total Cost": 2533.35, "Plan Rows": 4000, "Plan Width": 8, "Actual Startup Time": 1.088, "Actual Total Time": 8.572, "Actual Rows": 3924, "Actual Loops": 1, "Inner Unique": false, "Plans": [{"Node Type": "Seq Scan", "Parent Relationship": "Outer", "Relation Name": "nation", "Alias": "nation", "Startup Cost": 0.0, "Total Cost": 1.31, "Plan Rows": 1, "Plan Width": 4, "Actual Startup Time": 0.03, "Actual Total Time": 0.044, "Actual Rows": 1, "Actual Loops": 1, "Filter": "(n_name = 'MOZAMBIQUE'::bpchar)", "Rows Removed by Filter": 24}, {"Node Type": "Bitmap Heap Scan", "Parent Relationship": "Inner", "Relation Name": "supplier", "Alias": "supplier", "Startup Cost": 95.25, "Total Cost": 2492.04, "Plan Rows": 4000, "Plan Width": 12, "Actual Startup Time": 1.052, "Actual Total Time": 7.612, "Actual Rows": 3924, "Actual Loops": 1, "Recheck Cond": "(s_nationkey = public.nation.n_nationkey)", "Rows Removed by Index Recheck": 0, "Exact Heap Blocks": 1895, "Lossy Heap Blocks": 1895, "Plans": [{"Node Type": "Bitmap Index Scan", "Parent Relationship": "Outer", "Index Name": "idx_supplier_nation_key", "Startup Cost": 0.0, "Total Cost": 94.25, "Plan Rows": 4000, "Plan Width": 0, "Actual Startup Time": 0.77, "Actual Total Time": 0.77, "Actual Rows": 3924, "Actual Loops": 1, "Index Cond": "(s_nationkey = public.nation.n_nationkey)"}]}]}, {"Node Type": "Bitmap Heap Scan", "Parent Relationship": "Inner", "Relation Name": "partsupp", "Alias": "partsupp", "Startup Cost": 1.57, "Total Cost": 9.71, "Plan Rows": 13, "Plan Width": 32, "Actual Startup Time": 109.514, "Actual Total Time": 752.491, "Actual Rows": 313920, "Actual Loops": 3924, "Recheck Cond": "(ps_suppkey = public.supplier.s_suppkey)", "Rows Removed by Index Recheck": 0, "Exact Heap Blocks": 313920, "Lossy Heap Blocks": 313920, "Plans": [{"Node Type": "Bitmap Index Scan", "Parent Relationship": "Outer", "Index Name": "idx_partsupp_suppkey", "Startup Cost": 0.0, "Total Cost": 1.56, "Plan Rows": 13, "Plan Width": 0, "Actual Startup Time": 70.02, "Actual Total Time": 70.02, "Actual Rows": 313920, "Actual Loops": 3924, "Index Cond": "(ps_suppkey = public.supplier.s_suppkey)"}]}]}]}]}, "Triggers": [], "Planner Runtime": 0, "Total Runtime": 2259.921, "Unique SQL Id": 2932834211}}, "(16, 119)": {"explain_plan": {"Plan": {"Node Type": "Sort", "Startup Cost": 2000084159245.82, "Total Cost": 2000084159380.27, "Plan Rows": 53780, "Plan Width": 40, "Sort Key": ["(sum((public.partsupp.ps_supplycost * (public.partsupp.ps_availqty)::double precision))) DESC"], "Plans": [{"Node Type": "Aggregate", "Strategy": "Plain", "Parent Relationship": "exec_init_plan", "Subplan Name": "InitPlan 1 (returns $2)", "Startup Cost": 1000001001502.42, "Total Cost": 1000001001502.43, "Plan Rows": 1, "Plan Width": 24, "Plans": [{"Node Type": "Nested Loop", "Parent Relationship": "Outer", "Join Type": "Inner", "Startup Cost": 10000000001.83, "Total Cost": 1000001001099.07, "Plan Rows": 53780, "Plan Width": 16, "Inner Unique": false, "Plans": [{"Node Type": "Nested Loop", "Parent Relationship": "Outer", "Join Type": "Inner", "Startup Cost": 10000000000.26, "Total Cost": 1000000961737.38, "Plan Rows": 4000, "Plan Width": 8, "Inner Unique": true, "Plans": [{"Node Type": "Index Scan", "Parent Relationship": "Outer", "Scan Direction": "Forward", "Index Name": "supplier_pkey", "Relation Name": "supplier", "Alias": "supplier", "Startup Cost": 10000000000.0, "Total Cost": 1000000533454.38, "Plan Rows": 100000, "Plan Width": 12}, {"Node Type": "Bitmap Heap Scan", "Parent Relationship": "Inner", "Relation Name": "nation", "Alias": "nation", "Startup Cost": 0.26, "Total Cost": 4.27, "Plan Rows": 1, "Plan Width": 4, "Recheck Cond": "(n_nationkey = public.supplier.s_nationkey)", "Filter": "(n_name = 'MOZAMBIQUE'::bpchar)", "Plans": [{"Node Type": "Bitmap Index Scan", "Parent Relationship": "Outer", "Index Name": "nation_pkey", "Startup Cost": 0.0, "Total Cost": 0.26, "Plan Rows": 1, "Plan Width": 0, "Index Cond": "(n_nationkey = public.supplier.s_nationkey)"}]}]}, {"Node Type": "Bitmap Heap Scan", "Parent Relationship": "Inner", "Relation Name": "partsupp", "Alias": "partsupp", "Startup Cost": 1.57, "Total Cost": 9.71, "Plan Rows": 13, "Plan Width": 24, "Recheck Cond": "(ps_suppkey = public.supplier.s_suppkey)", "Plans": [{"Node Type": "Bitmap Index Scan", "Parent Relationship": "Outer", "Index Name": "idx_partsupp_suppkey", "Startup Cost": 0.0, "Total Cost": 1.56, "Plan Rows": 13, "Plan Width": 0, "Index Cond": "(ps_suppkey = public.supplier.s_suppkey)"}]}]}]}, {"Node Type": "Aggregate", "Strategy": "Hashed", "Parent Relationship": "Outer", "Startup Cost": 1000083152845.44, "Total Cost": 1000083153517.69, "Plan Rows": 53780, "Plan Width": 40, "Group By Key": ["public.partsupp.ps_partkey"], "Filter": "(sum((public.partsupp.ps_supplycost * (public.partsupp.ps_availqty)::double precision)) > $2)", "Plans": [{"Node Type": "Nested Loop", "Parent Relationship": "Outer", "Join Type": "Inner", "Startup Cost": 10000000000.52, "Total Cost": 1000083151904.29, "Plan Rows": 53780, "Plan Width": 24, "Inner Unique": true, "Plans": [{"Node Type": "Nested Loop", "Parent Relationship": "Outer", "Join Type": "Inner", "Startup Cost": 10000000000.26, "Total Cost": 1000077393643.64, "Plan Rows": 1344499, "Plan Width": 28, "Inner Unique": true, "Plans": [{"Node Type": "Index Scan", "Parent Relationship": "Outer", "Scan Direction": "Forward", "Index Name": "idx_partsupp_partkey", "Relation Name": "partsupp", "Alias": "partsupp", "Startup Cost": 10000000000.0, "Total Cost": 1000043148503.38, "Plan Rows": 8000372, "Plan Width": 32}, {"Node Type": "Bitmap Heap Scan", "Parent Relationship": "Inner", "Relation Name": "supplier", "Alias": "supplier", "Startup Cost": 0.26, "Total Cost": 4.27, "Plan Rows": 1, "Plan Width": 12, "Recheck Cond": "(s_suppkey = public.partsupp.ps_suppkey)", "Plans": [{"Node Type": "Bitmap Index Scan", "Parent Relationship": "Outer", "Index Name": "supplier_pkey", "Startup Cost": 0.0, "Total Cost": 0.26, "Plan Rows": 1, "Plan Width": 0, "Index Cond": "(s_suppkey = public.partsupp.ps_suppkey)"}]}]}, {"Node Type": "Bitmap Heap Scan", "Parent Relationship": "Inner", "Relation Name": "nation", "Alias": "nation", "Startup Cost": 0.26, "Total Cost": 4.27, "Plan Rows": 1, "Plan Width": 4, "Recheck Cond": "(n_nationkey = public.supplier.s_nationkey)", "Filter": "(n_name = 'MOZAMBIQUE'::bpchar)", "Plans": [{"Node Type": "Bitmap Index Scan", "Parent Relationship": "Outer", "Index Name": "nation_pkey", "Startup Cost": 0.0, "Total Cost": 0.26, "Plan Rows": 1, "Plan Width": 0, "Index Cond": "(n_nationkey = public.supplier.s_nationkey)"}]}]}]}]}, "Unique SQL Id": 2932834211, "Planner Runtime": 0}, "explain_analyze_plan": null}, "(16, 120)": {"explain_plan": {"Plan": {"Node Type": "Sort", "Startup Cost": 90959.03, "Total Cost": 91093.48, "Plan Rows": 53780, "Plan Width": 40, "Sort Key": ["(sum((public.partsupp.ps_supplycost * (public.partsupp.ps_availqty)::double precision))) DESC"], "Plans": [{"Node Type": "Aggregate", "Strategy": "Plain", "Parent Relationship": "exec_init_plan", "Subplan Name": "InitPlan 1 (returns $1)", "Startup Cost": 42761.63, "Total Cost": 42761.64, "Plan Rows": 1, "Plan Width": 24, "Plans": [{"Node Type": "Nested Loop", "Parent Relationship": "Outer", "Join Type": "Inner", "Startup Cost": 0.0, "Total Cost": 42358.28, "Plan Rows": 53780, "Plan Width": 16, "Inner Unique": false, "Plans": [{"Node Type": "Nested Loop", "Parent Relationship": "Outer", "Join Type": "Inner", "Startup Cost": 0.0, "Total Cost": 4534.31, "Plan Rows": 4000, "Plan Width": 8, "Inner Unique": false, "Join Filter": "(public.supplier.s_nationkey = public.nation.n_nationkey)", "Plans": [{"Node Type": "Seq Scan", "Parent Relationship": "Outer", "Relation Name": "nation", "Alias": "nation", "Startup Cost": 0.0, "Total Cost": 1.31, "Plan Rows": 1, "Plan Width": 4, "Filter": "(n_name = 'MOZAMBIQUE'::bpchar)"}, {"Node Type": "Seq Scan", "Parent Relationship": "Inner", "Relation Name": "supplier", "Alias": "supplier", "Startup Cost": 0.0, "Total Cost": 3283.0, "Plan Rows": 100000, "Plan Width": 12}]}, {"Node Type": "Index Scan", "Parent Relationship": "Inner", "Scan Direction": "Forward", "Index Name": "idx_partsupp_suppkey", "Relation Name": "partsupp", "Alias": "partsupp", "Startup Cost": 0.0, "Total Cost": 9.33, "Plan Rows": 13, "Plan Width": 24, "Index Cond": "(ps_suppkey = public.supplier.s_suppkey)"}]}]}, {"Node Type": "Aggregate", "Strategy": "Hashed", "Parent Relationship": "Outer", "Startup Cost": 43299.43, "Total Cost": 43971.68, "Plan Rows": 53780, "Plan Width": 40, "Group By Key": ["public.partsupp.ps_partkey"], "Filter": "(sum((public.partsupp.ps_supplycost * (public.partsupp.ps_availqty)::double precision)) > $1)", "Plans": [{"Node Type": "Nested Loop", "Parent Relationship": "Outer", "Join Type": "Inner", "Startup Cost": 0.0, "Total Cost": 42358.28, "Plan Rows": 53780, "Plan Width": 24, "Inner Unique": false, "Plans": [{"Node Type": "Nested Loop", "Parent Relationship": "Outer", "Join Type": "Inner", "Startup Cost": 0.0, "Total Cost": 4534.31, "Plan Rows": 4000, "Plan Width": 8, "Inner Unique": false, "Join Filter": "(public.supplier.s_nationkey = public.nation.n_nationkey)", "Plans": [{"Node Type": "Seq Scan", "Parent Relationship": "Outer", "Relation Name": "nation", "Alias": "nation", "Startup Cost": 0.0, "Total Cost": 1.31, "Plan Rows": 1, "Plan Width": 4, "Filter": "(n_name = 'MOZAMBIQUE'::bpchar)"}, {"Node Type": "Seq Scan", "Parent Relationship": "Inner", "Relation Name": "supplier", "Alias": "supplier", "Startup Cost": 0.0, "Total Cost": 3283.0, "Plan Rows": 100000, "Plan Width": 12}]}, {"Node Type": "Index Scan", "Parent Relationship": "Inner", "Scan Direction": "Forward", "Index Name": "idx_partsupp_suppkey", "Relation Name": "partsupp", "Alias": "partsupp", "Startup Cost": 0.0, "Total Cost": 9.33, "Plan Rows": 13, "Plan Width": 32, "Index Cond": "(ps_suppkey = public.supplier.s_suppkey)"}]}]}]}, "Unique SQL Id": 2932834211, "Planner Runtime": 0}, "explain_analyze_plan": {"Plan": {"Node Type": "Sort", "Startup Cost": 90959.03, "Total Cost": 91093.48, "Plan Rows": 53780, "Plan Width": 40, "Actual Startup Time": 2005.012, "Actual Total Time": 2005.012, "Actual Rows": 0, "Actual Loops": 1, "Sort Key": ["(sum((public.partsupp.ps_supplycost * (public.partsupp.ps_availqty)::double precision))) DESC"], "Sort Method": "quicksort", "Sort Space Used": 25, "Sort Space Type": "Memory", "Plans": [{"Node Type": "Aggregate", "Strategy": "Plain", "Parent Relationship": "exec_init_plan", "Subplan Name": "InitPlan 1 (returns $1)", "Startup Cost": 42761.63, "Total Cost": 42761.64, "Plan Rows": 1, "Plan Width": 24, "Actual Startup Time": 878.528, "Actual Total Time": 878.529, "Actual Rows": 1, "Actual Loops": 1, "Plans": [{"Node Type": "Nested Loop", "Parent Relationship": "Outer", "Join Type": "Inner", "Startup Cost": 0.0, "Total Cost": 42358.28, "Plan Rows": 53780, "Plan Width": 16, "Actual Startup Time": 0.105, "Actual Total Time": 742.855, "Actual Rows": 313920, "Actual Loops": 1, "Inner Unique": false, "Plans": [{"Node Type": "Nested Loop", "Parent Relationship": "Outer", "Join Type": "Inner", "Startup Cost": 0.0, "Total Cost": 4534.31, "Plan Rows": 4000, "Plan Width": 8, "Actual Startup Time": 0.077, "Actual Total Time": 54.371, "Actual Rows": 3924, "Actual Loops": 1, "Inner Unique": false, "Join Filter": "(public.supplier.s_nationkey = public.nation.n_nationkey)", "Rows Removed by Join Filter": 96076, "Plans": [{"Node Type": "Seq Scan", "Parent Relationship": "Outer", "Relation Name": "nation", "Alias": "nation", "Startup Cost": 0.0, "Total Cost": 1.31, "Plan Rows": 1, "Plan Width": 4, "Actual Startup Time": 0.025, "Actual Total Time": 0.034, "Actual Rows": 1, "Actual Loops": 1, "Filter": "(n_name = 'MOZAMBIQUE'::bpchar)", "Rows Removed by Filter": 24}, {"Node Type": "Seq Scan", "Parent Relationship": "Inner", "Relation Name": "supplier", "Alias": "supplier", "Startup Cost": 0.0, "Total Cost": 3283.0, "Plan Rows": 100000, "Plan Width": 12, "Actual Startup Time": 0.027, "Actual Total Time": 29.177, "Actual Rows": 100000, "Actual Loops": 1}]}, {"Node Type": "Index Scan", "Parent Relationship": "Inner", "Scan Direction": "Forward", "Index Name": "idx_partsupp_suppkey", "Relation Name": "partsupp", "Alias": "partsupp", "Startup Cost": 0.0, "Total Cost": 9.33, "Plan Rows": 13, "Plan Width": 24, "Actual Startup Time": 51.752, "Actual Total Time": 621.635, "Actual Rows": 313920, "Actual Loops": 3924, "Index Cond": "(ps_suppkey = public.supplier.s_suppkey)", "Rows Removed by Index Recheck": 0}]}]}, {"Node Type": "Aggregate", "Strategy": "Hashed", "Parent Relationship": "Outer", "Startup Cost": 43299.43, "Total Cost": 43971.68, "Plan Rows": 53780, "Plan Width": 40, "Actual Startup Time": 2004.531, "Actual Total Time": 2004.531, "Actual Rows": 0, "Actual Loops": 1, "Group By Key": ["public.partsupp.ps_partkey"], "Filter": "(sum((public.partsupp.ps_supplycost * (public.partsupp.ps_availqty)::double precision)) > $1)", "Rows Removed by Filter": 295792, "Plans": [{"Node Type": "Nested Loop", "Parent Relationship": "Outer", "Join Type": "Inner", "Startup Cost": 0.0, "Total Cost": 42358.28, "Plan Rows": 53780, "Plan Width": 24, "Actual Startup Time": 0.086, "Actual Total Time": 712.291, "Actual Rows": 313920, "Actual Loops": 1, "Inner Unique": false, "Plans": [{"Node Type": "Nested Loop", "Parent Relationship": "Outer", "Join Type": "Inner", "Startup Cost": 0.0, "Total Cost": 4534.31, "Plan Rows": 4000, "Plan Width": 8, "Actual Startup Time": 0.055, "Actual Total Time": 53.824, "Actual Rows": 3924, "Actual Loops": 1, "Inner Unique": false, "Join Filter": "(public.supplier.s_nationkey = public.nation.n_nationkey)", "Rows Removed by Join Filter": 96076, "Plans": [{"Node Type": "Seq Scan", "Parent Relationship": "Outer", "Relation Name": "nation", "Alias": "nation", "Startup Cost": 0.0, "Total Cost": 1.31, "Plan Rows": 1, "Plan Width": 4, "Actual Startup Time": 0.03, "Actual Total Time": 0.037, "Actual Rows": 1, "Actual Loops": 1, "Filter": "(n_name = 'MOZAMBIQUE'::bpchar)", "Rows Removed by Filter": 24}, {"Node Type": "Seq Scan", "Parent Relationship": "Inner", "Relation Name": "supplier", "Alias": "supplier", "Startup Cost": 0.0, "Total Cost": 3283.0, "Plan Rows": 100000, "Plan Width": 12, "Actual Startup Time": 0.01, "Actual Total Time": 28.652, "Actual Rows": 100000, "Actual Loops": 1}]}, {"Node Type": "Index Scan", "Parent Relationship": "Inner", "Scan Direction": "Forward", "Index Name": "idx_partsupp_suppkey", "Relation Name": "partsupp", "Alias": "partsupp", "Startup Cost": 0.0, "Total Cost": 9.33, "Plan Rows": 13, "Plan Width": 32, "Actual Startup Time": 49.587, "Actual Total Time": 586.566, "Actual Rows": 313920, "Actual Loops": 3924, "Index Cond": "(ps_suppkey = public.supplier.s_suppkey)", "Rows Removed by Index Recheck": 0}]}]}]}, "Triggers": [], "Planner Runtime": 0, "Total Runtime": 2005.315, "Unique SQL Id": 2932834211}}, "(16, 121)": {"explain_plan": {"Plan": {"Node Type": "Sort", "Startup Cost": 95084.87, "Total Cost": 95219.32, "Plan Rows": 53780, "Plan Width": 40, "Sort Key": ["(sum((public.partsupp.ps_supplycost * (public.partsupp.ps_availqty)::double precision))) DESC"], "Plans": [{"Node Type": "Aggregate", "Strategy": "Plain", "Parent Relationship": "exec_init_plan", "Subplan Name": "InitPlan 1 (returns $1)", "Startup Cost": 44824.55, "Total Cost": 44824.56, "Plan Rows": 1, "Plan Width": 24, "Plans": [{"Node Type": "Nested Loop", "Parent Relationship": "Outer", "Join Type": "Inner", "Startup Cost": 0.0, "Total Cost": 44421.2, "Plan Rows": 53780, "Plan Width": 16, "Inner Unique": false, "Plans": [{"Node Type": "Nested Loop", "Parent Relationship": "Outer", "Join Type": "Inner", "Startup Cost": 0.0, "Total Cost": 6597.23, "Plan Rows": 4000, "Plan Width": 8, "Inner Unique": false, "Join Filter": "(public.supplier.s_nationkey = public.nation.n_nationkey)", "Plans": [{"Node Type": "Index Scan", "Parent Relationship": "Outer", "Scan Direction": "Forward", "Index Name": "nation_pkey", "Relation Name": "nation", "Alias": "nation", "Startup Cost": 0.0, "Total Cost": 12.69, "Plan Rows": 1, "Plan Width": 4, "Filter": "(n_name = 'MOZAMBIQUE'::bpchar)"}, {"Node Type": "Index Scan", "Parent Relationship": "Inner", "Scan Direction": "Forward", "Index Name": "supplier_pkey", "Relation Name": "supplier", "Alias": "supplier", "Startup Cost": 0.0, "Total Cost": 5334.54, "Plan Rows": 100000, "Plan Width": 12}]}, {"Node Type": "Index Scan", "Parent Relationship": "Inner", "Scan Direction": "Forward", "Index Name": "idx_partsupp_suppkey", "Relation Name": "partsupp", "Alias": "partsupp", "Startup Cost": 0.0, "Total Cost": 9.33, "Plan Rows": 13, "Plan Width": 24, "Index Cond": "(ps_suppkey = public.supplier.s_suppkey)"}]}]}, {"Node Type": "Aggregate", "Strategy": "Hashed", "Parent Relationship": "Outer", "Startup Cost": 45362.35, "Total Cost": 46034.6, "Plan Rows": 53780, "Plan Width": 40, "Group By Key": ["public.partsupp.ps_partkey"], "Filter": "(sum((public.partsupp.ps_supplycost * (public.partsupp.ps_availqty)::double precision)) > $1)", "Plans": [{"Node Type": "Nested Loop", "Parent Relationship": "Outer", "Join Type": "Inner", "Startup Cost": 0.0, "Total Cost": 44421.2, "Plan Rows": 53780, "Plan Width": 24, "Inner Unique": false, "Plans": [{"Node Type": "Nested Loop", "Parent Relationship": "Outer", "Join Type": "Inner", "Startup Cost": 0.0, "Total Cost": 6597.23, "Plan Rows": 4000, "Plan Width": 8, "Inner Unique": false, "Join Filter": "(public.supplier.s_nationkey = public.nation.n_nationkey)", "Plans": [{"Node Type": "Index Scan", "Parent Relationship": "Outer", "Scan Direction": "Forward", "Index Name": "nation_pkey", "Relation Name": "nation", "Alias": "nation", "Startup Cost": 0.0, "Total Cost": 12.69, "Plan Rows": 1, "Plan Width": 4, "Filter": "(n_name = 'MOZAMBIQUE'::bpchar)"}, {"Node Type": "Index Scan", "Parent Relationship": "Inner", "Scan Direction": "Forward", "Index Name": "supplier_pkey", "Relation Name": "supplier", "Alias": "supplier", "Startup Cost": 0.0, "Total Cost": 5334.54, "Plan Rows": 100000, "Plan Width": 12}]}, {"Node Type": "Index Scan", "Parent Relationship": "Inner", "Scan Direction": "Forward", "Index Name": "idx_partsupp_suppkey", "Relation Name": "partsupp", "Alias": "partsupp", "Startup Cost": 0.0, "Total Cost": 9.33, "Plan Rows": 13, "Plan Width": 32, "Index Cond": "(ps_suppkey = public.supplier.s_suppkey)"}]}]}]}, "Unique SQL Id": 2932834211, "Planner Runtime": 0}, "explain_analyze_plan": {"Plan": {"Node Type": "Sort", "Startup Cost": 95084.87, "Total Cost": 95219.32, "Plan Rows": 53780, "Plan Width": 40, "Actual Startup Time": 2124.956, "Actual Total Time": 2124.956, "Actual Rows": 0, "Actual Loops": 1, "Sort Key": ["(sum((public.partsupp.ps_supplycost * (public.partsupp.ps_availqty)::double precision))) DESC"], "Sort Method": "quicksort", "Sort Space Used": 25, "Sort Space Type": "Memory", "Plans": [{"Node Type": "Aggregate", "Strategy": "Plain", "Parent Relationship": "exec_init_plan", "Subplan Name": "InitPlan 1 (returns $1)", "Startup Cost": 44824.55, "Total Cost": 44824.56, "Plan Rows": 1, "Plan Width": 24, "Actual Startup Time": 961.052, "Actual Total Time": 961.053, "Actual Rows": 1, "Actual Loops": 1, "Plans": [{"Node Type": "Nested Loop", "Parent Relationship": "Outer", "Join Type": "Inner", "Startup Cost": 0.0, "Total Cost": 44421.2, "Plan Rows": 53780, "Plan Width": 16, "Actual Startup Time": 0.102, "Actual Total Time": 824.947, "Actual Rows": 313920, "Actual Loops": 1, "Inner Unique": false, "Plans": [{"Node Type": "Nested Loop", "Parent Relationship": "Outer", "Join Type": "Inner", "Startup Cost": 0.0, "Total Cost": 6597.23, "Plan Rows": 4000, "Plan Width": 8, "Actual Startup Time": 0.077, "Actual Total Time": 92.096, "Actual Rows": 3924, "Actual Loops": 1, "Inner Unique": false, "Join Filter": "(public.supplier.s_nationkey = public.nation.n_nationkey)", "Rows Removed by Join Filter": 96076, "Plans": [{"Node Type": "Index Scan", "Parent Relationship": "Outer", "Scan Direction": "Forward", "Index Name": "nation_pkey", "Relation Name": "nation", "Alias": "nation", "Startup Cost": 0.0, "Total Cost": 12.69, "Plan Rows": 1, "Plan Width": 4, "Actual Startup Time": 0.024, "Actual Total Time": 0.035, "Actual Rows": 1, "Actual Loops": 1, "Filter": "(n_name = 'MOZAMBIQUE'::bpchar)", "Rows Removed by Filter": 24}, {"Node Type": "Index Scan", "Parent Relationship": "Inner", "Scan Direction": "Forward", "Index Name": "supplier_pkey", "Relation Name": "supplier", "Alias": "supplier", "Startup Cost": 0.0, "Total Cost": 5334.54, "Plan Rows": 100000, "Plan Width": 12, "Actual Startup Time": 0.03, "Actual Total Time": 68.394, "Actual Rows": 100000, "Actual Loops": 1}]}, {"Node Type": "Index Scan", "Parent Relationship": "Inner", "Scan Direction": "Forward", "Index Name": "idx_partsupp_suppkey", "Relation Name": "partsupp", "Alias": "partsupp", "Startup Cost": 0.0, "Total Cost": 9.33, "Plan Rows": 13, "Plan Width": 24, "Actual Startup Time": 53.975, "Actual Total Time": 666.233, "Actual Rows": 313920, "Actual Loops": 3924, "Index Cond": "(ps_suppkey = public.supplier.s_suppkey)", "Rows Removed by Index Recheck": 0}]}]}, {"Node Type": "Aggregate", "Strategy": "Hashed", "Parent Relationship": "Outer", "Startup Cost": 45362.35, "Total Cost": 46034.6, "Plan Rows": 53780, "Plan Width": 40, "Actual Startup Time": 2124.518, "Actual Total Time": 2124.518, "Actual Rows": 0, "Actual Loops": 1, "Group By Key": ["public.partsupp.ps_partkey"], "Filter": "(sum((public.partsupp.ps_supplycost * (public.partsupp.ps_availqty)::double precision)) > $1)", "Rows Removed by Filter": 295792, "Plans": [{"Node Type": "Nested Loop", "Parent Relationship": "Outer", "Join Type": "Inner", "Startup Cost": 0.0, "Total Cost": 44421.2, "Plan Rows": 53780, "Plan Width": 24, "Actual Startup Time": 0.107, "Actual Total Time": 747.534, "Actual Rows": 313920, "Actual Loops": 1, "Inner Unique": false, "Plans": [{"Node Type": "Nested Loop", "Parent Relationship": "Outer", "Join Type": "Inner", "Startup Cost": 0.0, "Total Cost": 6597.23, "Plan Rows": 4000, "Plan Width": 8, "Actual Startup Time": 0.081, "Actual Total Time": 84.543, "Actual Rows": 3924, "Actual Loops": 1, "Inner Unique": false, "Join Filter": "(public.supplier.s_nationkey = public.nation.n_nationkey)", "Rows Removed by Join Filter": 96076, "Plans": [{"Node Type": "Index Scan", "Parent Relationship": "Outer", "Scan Direction": "Forward", "Index Name": "nation_pkey", "Relation Name": "nation", "Alias": "nation", "Startup Cost": 0.0, "Total Cost": 12.69, "Plan Rows": 1, "Plan Width": 4, "Actual Startup Time": 0.038, "Actual Total Time": 0.05, "Actual Rows": 1, "Actual Loops": 1, "Filter": "(n_name = 'MOZAMBIQUE'::bpchar)", "Rows Removed by Filter": 24}, {"Node Type": "Index Scan", "Parent Relationship": "Inner", "Scan Direction": "Forward", "Index Name": "supplier_pkey", "Relation Name": "supplier", "Alias": "supplier", "Startup Cost": 0.0, "Total Cost": 5334.54, "Plan Rows": 100000, "Plan Width": 12, "Actual Startup Time": 0.02, "Actual Total Time": 60.735, "Actual Rows": 100000, "Actual Loops": 1}]}, {"Node Type": "Index Scan", "Parent Relationship": "Inner", "Scan Direction": "Forward", "Index Name": "idx_partsupp_suppkey", "Relation Name": "partsupp", "Alias": "partsupp", "Startup Cost": 0.0, "Total Cost": 9.33, "Plan Rows": 13, "Plan Width": 32, "Actual Startup Time": 49.092, "Actual Total Time": 591.154, "Actual Rows": 313920, "Actual Loops": 3924, "Index Cond": "(ps_suppkey = public.supplier.s_suppkey)", "Rows Removed by Index Recheck": 0}]}]}]}, "Triggers": [], "Planner Runtime": 0, "Total Runtime": 2125.245, "Unique SQL Id": 2932834211}}, "(16, 122)": {"explain_plan": {"Plan": {"Node Type": "Sort", "Startup Cost": 960599946.53, "Total Cost": 960600080.98, "Plan Rows": 53780, "Plan Width": 40, "Sort Key": ["(sum((public.partsupp.ps_supplycost * (public.partsupp.ps_availqty)::double precision))) DESC"], "Plans": [{"Node Type": "Aggregate", "Strategy": "Plain", "Parent Relationship": "exec_init_plan", "Subplan Name": "InitPlan 1 (returns $0)", "Startup Cost": 480297255.38, "Total Cost": 480297255.4, "Plan Rows": 1, "Plan Width": 24, "Plans": [{"Node Type": "Nested Loop", "Parent Relationship": "Outer", "Join Type": "Inner", "Startup Cost": 0.0, "Total Cost": 480296852.03, "Plan Rows": 53780, "Plan Width": 16, "Inner Unique": false, "Join Filter": "(public.supplier.s_suppkey = public.partsupp.ps_suppkey)", "Plans": [{"Node Type": "Seq Scan", "Parent Relationship": "Outer", "Relation Name": "partsupp", "Alias": "partsupp", "Startup Cost": 0.0, "Total Cost": 269987.72, "Plan Rows": 8000372, "Plan Width": 24}, {"Node Type": "Materialize", "Parent Relationship": "Inner", "Startup Cost": 0.0, "Total Cost": 4554.31, "Plan Rows": 4000, "Plan Width": 8, "Plans": [{"Node Type": "Nested Loop", "Parent Relationship": "Outer", "Join Type": "Inner", "Startup Cost": 0.0, "Total Cost": 4534.31, "Plan Rows": 4000, "Plan Width": 8, "Inner Unique": false, "Join Filter": "(public.supplier.s_nationkey = public.nation.n_nationkey)", "Plans": [{"Node Type": "Seq Scan", "Parent Relationship": "Outer", "Relation Name": "nation", "Alias": "nation", "Startup Cost": 0.0, "Total Cost": 1.31, "Plan Rows": 1, "Plan Width": 4, "Filter": "(n_name = 'MOZAMBIQUE'::bpchar)"}, {"Node Type": "Seq Scan", "Parent Relationship": "Inner", "Relation Name": "supplier", "Alias": "supplier", "Startup Cost": 0.0, "Total Cost": 3283.0, "Plan Rows": 100000, "Plan Width": 12}]}]}]}]}, {"Node Type": "Aggregate", "Strategy": "Hashed", "Parent Relationship": "Outer", "Startup Cost": 480297793.18, "Total Cost": 480298465.43, "Plan Rows": 53780, "Plan Width": 40, "Group By Key": ["public.partsupp.ps_partkey"], "Filter": "(sum((public.partsupp.ps_supplycost * (public.partsupp.ps_availqty)::double precision)) > $0)", "Plans": [{"Node Type": "Nested Loop", "Parent Relationship": "Outer", "Join Type": "Inner", "Startup Cost": 0.0, "Total Cost": 480296852.03, "Plan Rows": 53780, "Plan Width": 24, "Inner Unique": false, "Join Filter": "(public.supplier.s_suppkey = public.partsupp.ps_suppkey)", "Plans": [{"Node Type": "Seq Scan", "Parent Relationship": "Outer", "Relation Name": "partsupp", "Alias": "partsupp", "Startup Cost": 0.0, "Total Cost": 269987.72, "Plan Rows": 8000372, "Plan Width": 32}, {"Node Type": "Materialize", "Parent Relationship": "Inner", "Startup Cost": 0.0, "Total Cost": 4554.31, "Plan Rows": 4000, "Plan Width": 8, "Plans": [{"Node Type": "Nested Loop", "Parent Relationship": "Outer", "Join Type": "Inner", "Startup Cost": 0.0, "Total Cost": 4534.31, "Plan Rows": 4000, "Plan Width": 8, "Inner Unique": false, "Join Filter": "(public.supplier.s_nationkey = public.nation.n_nationkey)", "Plans": [{"Node Type": "Seq Scan", "Parent Relationship": "Outer", "Relation Name": "nation", "Alias": "nation", "Startup Cost": 0.0, "Total Cost": 1.31, "Plan Rows": 1, "Plan Width": 4, "Filter": "(n_name = 'MOZAMBIQUE'::bpchar)"}, {"Node Type": "Seq Scan", "Parent Relationship": "Inner", "Relation Name": "supplier", "Alias": "supplier", "Startup Cost": 0.0, "Total Cost": 3283.0, "Plan Rows": 100000, "Plan Width": 12}]}]}]}]}]}, "Unique SQL Id": 2932834211, "Planner Runtime": 0}, "explain_analyze_plan": null}, "(16, 123)": {"explain_plan": {"Plan": {"Node Type": "Sort", "Startup Cost": 6001104432332.89, "Total Cost": 6001104432467.34, "Plan Rows": 53780, "Plan Width": 40, "Sort Key": ["(sum((public.partsupp.ps_supplycost * (public.partsupp.ps_availqty)::double precision))) DESC"], "Plans": [{"Node Type": "Aggregate", "Strategy": "Plain", "Parent Relationship": "exec_init_plan", "Subplan Name": "InitPlan 1 (returns $0)", "Startup Cost": 3000580719437.25, "Total Cost": 3000580719437.27, "Plan Rows": 1, "Plan Width": 24, "Plans": [{"Node Type": "Nested Loop", "Parent Relationship": "Outer", "Join Type": "Inner", "Startup Cost": 30000000000.0, "Total Cost": 3000580719033.9, "Plan Rows": 53780, "Plan Width": 16, "Inner Unique": false, "Join Filter": "(public.supplier.s_suppkey = public.partsupp.ps_suppkey)", "Plans": [{"Node Type": "Index Scan", "Parent Relationship": "Outer", "Scan Direction": "Forward", "Index Name": "idx_partsupp_suppkey", "Relation Name": "partsupp", "Alias": "partsupp", "Startup Cost": 10000000000.0, "Total Cost": 1000100160480.77, "Plan Rows": 8000372, "Plan Width": 24}, {"Node Type": "Materialize", "Parent Relationship": "Inner", "Startup Cost": 20000000000.0, "Total Cost": 2000000536243.13, "Plan Rows": 4000, "Plan Width": 8, "Plans": [{"Node Type": "Nested Loop", "Parent Relationship": "Outer", "Join Type": "Inner", "Startup Cost": 20000000000.0, "Total Cost": 2000000536223.13, "Plan Rows": 4000, "Plan Width": 8, "Inner Unique": true, "Join Filter": "(public.supplier.s_nationkey = public.nation.n_nationkey)", "Plans": [{"Node Type": "Index Scan", "Parent Relationship": "Outer", "Scan Direction": "Forward", "Index Name": "supplier_pkey", "Relation Name": "supplier", "Alias": "supplier", "Startup Cost": 10000000000.0, "Total Cost": 1000000533454.38, "Plan Rows": 100000, "Plan Width": 12}, {"Node Type": "Materialize", "Parent Relationship": "Inner", "Startup Cost": 10000000000.0, "Total Cost": 1000000001268.76, "Plan Rows": 1, "Plan Width": 4, "Plans": [{"Node Type": "Index Scan", "Parent Relationship": "Outer", "Scan Direction": "Forward", "Index Name": "nation_pkey", "Relation Name": "nation", "Alias": "nation", "Startup Cost": 10000000000.0, "Total Cost": 1000000001268.75, "Plan Rows": 1, "Plan Width": 4, "Filter": "(n_name = 'MOZAMBIQUE'::bpchar)"}]}]}]}]}]}, {"Node Type": "Aggregate", "Strategy": "Hashed", "Parent Relationship": "Outer", "Startup Cost": 3000523707997.67, "Total Cost": 3000523708669.92, "Plan Rows": 53780, "Plan Width": 40, "Group By Key": ["public.partsupp.ps_partkey"], "Filter": "(sum((public.partsupp.ps_supplycost * (public.partsupp.ps_availqty)::double precision)) > $0)", "Plans": [{"Node Type": "Nested Loop", "Parent Relationship": "Outer", "Join Type": "Inner", "Startup Cost": 30000000000.0, "Total Cost": 3000523707056.51, "Plan Rows": 53780, "Plan Width": 24, "Inner Unique": false, "Join Filter": "(public.supplier.s_suppkey = public.partsupp.ps_suppkey)", "Plans": [{"Node Type": "Index Scan", "Parent Relationship": "Outer", "Scan Direction": "Forward", "Index Name": "idx_partsupp_partkey", "Relation Name": "partsupp", "Alias": "partsupp", "Startup Cost": 10000000000.0, "Total Cost": 1000043148503.38, "Plan Rows": 8000372, "Plan Width": 32}, {"Node Type": "Materialize", "Parent Relationship": "Inner", "Startup Cost": 20000000000.0, "Total Cost": 2000000536243.13, "Plan Rows": 4000, "Plan Width": 8, "Plans": [{"Node Type": "Nested Loop", "Parent Relationship": "Outer", "Join Type": "Inner", "Startup Cost": 20000000000.0, "Total Cost": 2000000536223.13, "Plan Rows": 4000, "Plan Width": 8, "Inner Unique": true, "Join Filter": "(public.supplier.s_nationkey = public.nation.n_nationkey)", "Plans": [{"Node Type": "Index Scan", "Parent Relationship": "Outer", "Scan Direction": "Forward", "Index Name": "supplier_pkey", "Relation Name": "supplier", "Alias": "supplier", "Startup Cost": 10000000000.0, "Total Cost": 1000000533454.38, "Plan Rows": 100000, "Plan Width": 12}, {"Node Type": "Materialize", "Parent Relationship": "Inner", "Startup Cost": 10000000000.0, "Total Cost": 1000000001268.76, "Plan Rows": 1, "Plan Width": 4, "Plans": [{"Node Type": "Index Scan", "Parent Relationship": "Outer", "Scan Direction": "Forward", "Index Name": "nation_pkey", "Relation Name": "nation", "Alias": "nation", "Startup Cost": 10000000000.0, "Total Cost": 1000000001268.75, "Plan Rows": 1, "Plan Width": 4, "Filter": "(n_name = 'MOZAMBIQUE'::bpchar)"}]}]}]}]}]}]}, "Unique SQL Id": 2932834211, "Planner Runtime": 0}, "explain_analyze_plan": null}, "(16, 124)": {"explain_plan": {"Plan": {"Node Type": "Sort", "Startup Cost": 90959.03, "Total Cost": 91093.48, "Plan Rows": 53780, "Plan Width": 40, "Sort Key": ["(sum((public.partsupp.ps_supplycost * (public.partsupp.ps_availqty)::double precision))) DESC"], "Plans": [{"Node Type": "Aggregate", "Strategy": "Plain", "Parent Relationship": "exec_init_plan", "Subplan Name": "InitPlan 1 (returns $1)", "Startup Cost": 42761.63, "Total Cost": 42761.64, "Plan Rows": 1, "Plan Width": 24, "Plans": [{"Node Type": "Nested Loop", "Parent Relationship": "Outer", "Join Type": "Inner", "Startup Cost": 0.0, "Total Cost": 42358.28, "Plan Rows": 53780, "Plan Width": 16, "Inner Unique": false, "Plans": [{"Node Type": "Nested Loop", "Parent Relationship": "Outer", "Join Type": "Inner", "Startup Cost": 0.0, "Total Cost": 4534.31, "Plan Rows": 4000, "Plan Width": 8, "Inner Unique": false, "Join Filter": "(public.supplier.s_nationkey = public.nation.n_nationkey)", "Plans": [{"Node Type": "Seq Scan", "Parent Relationship": "Outer", "Relation Name": "nation", "Alias": "nation", "Startup Cost": 0.0, "Total Cost": 1.31, "Plan Rows": 1, "Plan Width": 4, "Filter": "(n_name = 'MOZAMBIQUE'::bpchar)"}, {"Node Type": "Seq Scan", "Parent Relationship": "Inner", "Relation Name": "supplier", "Alias": "supplier", "Startup Cost": 0.0, "Total Cost": 3283.0, "Plan Rows": 100000, "Plan Width": 12}]}, {"Node Type": "Index Scan", "Parent Relationship": "Inner", "Scan Direction": "Forward", "Index Name": "idx_partsupp_suppkey", "Relation Name": "partsupp", "Alias": "partsupp", "Startup Cost": 0.0, "Total Cost": 9.33, "Plan Rows": 13, "Plan Width": 24, "Index Cond": "(ps_suppkey = public.supplier.s_suppkey)"}]}]}, {"Node Type": "Aggregate", "Strategy": "Hashed", "Parent Relationship": "Outer", "Startup Cost": 43299.43, "Total Cost": 43971.68, "Plan Rows": 53780, "Plan Width": 40, "Group By Key": ["public.partsupp.ps_partkey"], "Filter": "(sum((public.partsupp.ps_supplycost * (public.partsupp.ps_availqty)::double precision)) > $1)", "Plans": [{"Node Type": "Nested Loop", "Parent Relationship": "Outer", "Join Type": "Inner", "Startup Cost": 0.0, "Total Cost": 42358.28, "Plan Rows": 53780, "Plan Width": 24, "Inner Unique": false, "Plans": [{"Node Type": "Nested Loop", "Parent Relationship": "Outer", "Join Type": "Inner", "Startup Cost": 0.0, "Total Cost": 4534.31, "Plan Rows": 4000, "Plan Width": 8, "Inner Unique": false, "Join Filter": "(public.supplier.s_nationkey = public.nation.n_nationkey)", "Plans": [{"Node Type": "Seq Scan", "Parent Relationship": "Outer", "Relation Name": "nation", "Alias": "nation", "Startup Cost": 0.0, "Total Cost": 1.31, "Plan Rows": 1, "Plan Width": 4, "Filter": "(n_name = 'MOZAMBIQUE'::bpchar)"}, {"Node Type": "Seq Scan", "Parent Relationship": "Inner", "Relation Name": "supplier", "Alias": "supplier", "Startup Cost": 0.0, "Total Cost": 3283.0, "Plan Rows": 100000, "Plan Width": 12}]}, {"Node Type": "Index Scan", "Parent Relationship": "Inner", "Scan Direction": "Forward", "Index Name": "idx_partsupp_suppkey", "Relation Name": "partsupp", "Alias": "partsupp", "Startup Cost": 0.0, "Total Cost": 9.33, "Plan Rows": 13, "Plan Width": 32, "Index Cond": "(ps_suppkey = public.supplier.s_suppkey)"}]}]}]}, "Unique SQL Id": 2932834211, "Planner Runtime": 0}, "explain_analyze_plan": {"Plan": {"Node Type": "Sort", "Startup Cost": 90959.03, "Total Cost": 91093.48, "Plan Rows": 53780, "Plan Width": 40, "Actual Startup Time": 2005.012, "Actual Total Time": 2005.012, "Actual Rows": 0, "Actual Loops": 1, "Sort Key": ["(sum((public.partsupp.ps_supplycost * (public.partsupp.ps_availqty)::double precision))) DESC"], "Sort Method": "quicksort", "Sort Space Used": 25, "Sort Space Type": "Memory", "Plans": [{"Node Type": "Aggregate", "Strategy": "Plain", "Parent Relationship": "exec_init_plan", "Subplan Name": "InitPlan 1 (returns $1)", "Startup Cost": 42761.63, "Total Cost": 42761.64, "Plan Rows": 1, "Plan Width": 24, "Actual Startup Time": 878.528, "Actual Total Time": 878.529, "Actual Rows": 1, "Actual Loops": 1, "Plans": [{"Node Type": "Nested Loop", "Parent Relationship": "Outer", "Join Type": "Inner", "Startup Cost": 0.0, "Total Cost": 42358.28, "Plan Rows": 53780, "Plan Width": 16, "Actual Startup Time": 0.105, "Actual Total Time": 742.855, "Actual Rows": 313920, "Actual Loops": 1, "Inner Unique": false, "Plans": [{"Node Type": "Nested Loop", "Parent Relationship": "Outer", "Join Type": "Inner", "Startup Cost": 0.0, "Total Cost": 4534.31, "Plan Rows": 4000, "Plan Width": 8, "Actual Startup Time": 0.077, "Actual Total Time": 54.371, "Actual Rows": 3924, "Actual Loops": 1, "Inner Unique": false, "Join Filter": "(public.supplier.s_nationkey = public.nation.n_nationkey)", "Rows Removed by Join Filter": 96076, "Plans": [{"Node Type": "Seq Scan", "Parent Relationship": "Outer", "Relation Name": "nation", "Alias": "nation", "Startup Cost": 0.0, "Total Cost": 1.31, "Plan Rows": 1, "Plan Width": 4, "Actual Startup Time": 0.025, "Actual Total Time": 0.034, "Actual Rows": 1, "Actual Loops": 1, "Filter": "(n_name = 'MOZAMBIQUE'::bpchar)", "Rows Removed by Filter": 24}, {"Node Type": "Seq Scan", "Parent Relationship": "Inner", "Relation Name": "supplier", "Alias": "supplier", "Startup Cost": 0.0, "Total Cost": 3283.0, "Plan Rows": 100000, "Plan Width": 12, "Actual Startup Time": 0.027, "Actual Total Time": 29.177, "Actual Rows": 100000, "Actual Loops": 1}]}, {"Node Type": "Index Scan", "Parent Relationship": "Inner", "Scan Direction": "Forward", "Index Name": "idx_partsupp_suppkey", "Relation Name": "partsupp", "Alias": "partsupp", "Startup Cost": 0.0, "Total Cost": 9.33, "Plan Rows": 13, "Plan Width": 24, "Actual Startup Time": 51.752, "Actual Total Time": 621.635, "Actual Rows": 313920, "Actual Loops": 3924, "Index Cond": "(ps_suppkey = public.supplier.s_suppkey)", "Rows Removed by Index Recheck": 0}]}]}, {"Node Type": "Aggregate", "Strategy": "Hashed", "Parent Relationship": "Outer", "Startup Cost": 43299.43, "Total Cost": 43971.68, "Plan Rows": 53780, "Plan Width": 40, "Actual Startup Time": 2004.531, "Actual Total Time": 2004.531, "Actual Rows": 0, "Actual Loops": 1, "Group By Key": ["public.partsupp.ps_partkey"], "Filter": "(sum((public.partsupp.ps_supplycost * (public.partsupp.ps_availqty)::double precision)) > $1)", "Rows Removed by Filter": 295792, "Plans": [{"Node Type": "Nested Loop", "Parent Relationship": "Outer", "Join Type": "Inner", "Startup Cost": 0.0, "Total Cost": 42358.28, "Plan Rows": 53780, "Plan Width": 24, "Actual Startup Time": 0.086, "Actual Total Time": 712.291, "Actual Rows": 313920, "Actual Loops": 1, "Inner Unique": false, "Plans": [{"Node Type": "Nested Loop", "Parent Relationship": "Outer", "Join Type": "Inner", "Startup Cost": 0.0, "Total Cost": 4534.31, "Plan Rows": 4000, "Plan Width": 8, "Actual Startup Time": 0.055, "Actual Total Time": 53.824, "Actual Rows": 3924, "Actual Loops": 1, "Inner Unique": false, "Join Filter": "(public.supplier.s_nationkey = public.nation.n_nationkey)", "Rows Removed by Join Filter": 96076, "Plans": [{"Node Type": "Seq Scan", "Parent Relationship": "Outer", "Relation Name": "nation", "Alias": "nation", "Startup Cost": 0.0, "Total Cost": 1.31, "Plan Rows": 1, "Plan Width": 4, "Actual Startup Time": 0.03, "Actual Total Time": 0.037, "Actual Rows": 1, "Actual Loops": 1, "Filter": "(n_name = 'MOZAMBIQUE'::bpchar)", "Rows Removed by Filter": 24}, {"Node Type": "Seq Scan", "Parent Relationship": "Inner", "Relation Name": "supplier", "Alias": "supplier", "Startup Cost": 0.0, "Total Cost": 3283.0, "Plan Rows": 100000, "Plan Width": 12, "Actual Startup Time": 0.01, "Actual Total Time": 28.652, "Actual Rows": 100000, "Actual Loops": 1}]}, {"Node Type": "Index Scan", "Parent Relationship": "Inner", "Scan Direction": "Forward", "Index Name": "idx_partsupp_suppkey", "Relation Name": "partsupp", "Alias": "partsupp", "Startup Cost": 0.0, "Total Cost": 9.33, "Plan Rows": 13, "Plan Width": 32, "Actual Startup Time": 49.587, "Actual Total Time": 586.566, "Actual Rows": 313920, "Actual Loops": 3924, "Index Cond": "(ps_suppkey = public.supplier.s_suppkey)", "Rows Removed by Index Recheck": 0}]}]}]}, "Triggers": [], "Planner Runtime": 0, "Total Runtime": 2005.315, "Unique SQL Id": 2932834211}}, "(16, 125)": {"explain_plan": {"Plan": {"Node Type": "Sort", "Startup Cost": 95084.87, "Total Cost": 95219.32, "Plan Rows": 53780, "Plan Width": 40, "Sort Key": ["(sum((public.partsupp.ps_supplycost * (public.partsupp.ps_availqty)::double precision))) DESC"], "Plans": [{"Node Type": "Aggregate", "Strategy": "Plain", "Parent Relationship": "exec_init_plan", "Subplan Name": "InitPlan 1 (returns $1)", "Startup Cost": 44824.55, "Total Cost": 44824.56, "Plan Rows": 1, "Plan Width": 24, "Plans": [{"Node Type": "Nested Loop", "Parent Relationship": "Outer", "Join Type": "Inner", "Startup Cost": 0.0, "Total Cost": 44421.2, "Plan Rows": 53780, "Plan Width": 16, "Inner Unique": false, "Plans": [{"Node Type": "Nested Loop", "Parent Relationship": "Outer", "Join Type": "Inner", "Startup Cost": 0.0, "Total Cost": 6597.23, "Plan Rows": 4000, "Plan Width": 8, "Inner Unique": false, "Join Filter": "(public.supplier.s_nationkey = public.nation.n_nationkey)", "Plans": [{"Node Type": "Index Scan", "Parent Relationship": "Outer", "Scan Direction": "Forward", "Index Name": "nation_pkey", "Relation Name": "nation", "Alias": "nation", "Startup Cost": 0.0, "Total Cost": 12.69, "Plan Rows": 1, "Plan Width": 4, "Filter": "(n_name = 'MOZAMBIQUE'::bpchar)"}, {"Node Type": "Index Scan", "Parent Relationship": "Inner", "Scan Direction": "Forward", "Index Name": "supplier_pkey", "Relation Name": "supplier", "Alias": "supplier", "Startup Cost": 0.0, "Total Cost": 5334.54, "Plan Rows": 100000, "Plan Width": 12}]}, {"Node Type": "Index Scan", "Parent Relationship": "Inner", "Scan Direction": "Forward", "Index Name": "idx_partsupp_suppkey", "Relation Name": "partsupp", "Alias": "partsupp", "Startup Cost": 0.0, "Total Cost": 9.33, "Plan Rows": 13, "Plan Width": 24, "Index Cond": "(ps_suppkey = public.supplier.s_suppkey)"}]}]}, {"Node Type": "Aggregate", "Strategy": "Hashed", "Parent Relationship": "Outer", "Startup Cost": 45362.35, "Total Cost": 46034.6, "Plan Rows": 53780, "Plan Width": 40, "Group By Key": ["public.partsupp.ps_partkey"], "Filter": "(sum((public.partsupp.ps_supplycost * (public.partsupp.ps_availqty)::double precision)) > $1)", "Plans": [{"Node Type": "Nested Loop", "Parent Relationship": "Outer", "Join Type": "Inner", "Startup Cost": 0.0, "Total Cost": 44421.2, "Plan Rows": 53780, "Plan Width": 24, "Inner Unique": false, "Plans": [{"Node Type": "Nested Loop", "Parent Relationship": "Outer", "Join Type": "Inner", "Startup Cost": 0.0, "Total Cost": 6597.23, "Plan Rows": 4000, "Plan Width": 8, "Inner Unique": false, "Join Filter": "(public.supplier.s_nationkey = public.nation.n_nationkey)", "Plans": [{"Node Type": "Index Scan", "Parent Relationship": "Outer", "Scan Direction": "Forward", "Index Name": "nation_pkey", "Relation Name": "nation", "Alias": "nation", "Startup Cost": 0.0, "Total Cost": 12.69, "Plan Rows": 1, "Plan Width": 4, "Filter": "(n_name = 'MOZAMBIQUE'::bpchar)"}, {"Node Type": "Index Scan", "Parent Relationship": "Inner", "Scan Direction": "Forward", "Index Name": "supplier_pkey", "Relation Name": "supplier", "Alias": "supplier", "Startup Cost": 0.0, "Total Cost": 5334.54, "Plan Rows": 100000, "Plan Width": 12}]}, {"Node Type": "Index Scan", "Parent Relationship": "Inner", "Scan Direction": "Forward", "Index Name": "idx_partsupp_suppkey", "Relation Name": "partsupp", "Alias": "partsupp", "Startup Cost": 0.0, "Total Cost": 9.33, "Plan Rows": 13, "Plan Width": 32, "Index Cond": "(ps_suppkey = public.supplier.s_suppkey)"}]}]}]}, "Unique SQL Id": 2932834211, "Planner Runtime": 0}, "explain_analyze_plan": {"Plan": {"Node Type": "Sort", "Startup Cost": 95084.87, "Total Cost": 95219.32, "Plan Rows": 53780, "Plan Width": 40, "Actual Startup Time": 2124.956, "Actual Total Time": 2124.956, "Actual Rows": 0, "Actual Loops": 1, "Sort Key": ["(sum((public.partsupp.ps_supplycost * (public.partsupp.ps_availqty)::double precision))) DESC"], "Sort Method": "quicksort", "Sort Space Used": 25, "Sort Space Type": "Memory", "Plans": [{"Node Type": "Aggregate", "Strategy": "Plain", "Parent Relationship": "exec_init_plan", "Subplan Name": "InitPlan 1 (returns $1)", "Startup Cost": 44824.55, "Total Cost": 44824.56, "Plan Rows": 1, "Plan Width": 24, "Actual Startup Time": 961.052, "Actual Total Time": 961.053, "Actual Rows": 1, "Actual Loops": 1, "Plans": [{"Node Type": "Nested Loop", "Parent Relationship": "Outer", "Join Type": "Inner", "Startup Cost": 0.0, "Total Cost": 44421.2, "Plan Rows": 53780, "Plan Width": 16, "Actual Startup Time": 0.102, "Actual Total Time": 824.947, "Actual Rows": 313920, "Actual Loops": 1, "Inner Unique": false, "Plans": [{"Node Type": "Nested Loop", "Parent Relationship": "Outer", "Join Type": "Inner", "Startup Cost": 0.0, "Total Cost": 6597.23, "Plan Rows": 4000, "Plan Width": 8, "Actual Startup Time": 0.077, "Actual Total Time": 92.096, "Actual Rows": 3924, "Actual Loops": 1, "Inner Unique": false, "Join Filter": "(public.supplier.s_nationkey = public.nation.n_nationkey)", "Rows Removed by Join Filter": 96076, "Plans": [{"Node Type": "Index Scan", "Parent Relationship": "Outer", "Scan Direction": "Forward", "Index Name": "nation_pkey", "Relation Name": "nation", "Alias": "nation", "Startup Cost": 0.0, "Total Cost": 12.69, "Plan Rows": 1, "Plan Width": 4, "Actual Startup Time": 0.024, "Actual Total Time": 0.035, "Actual Rows": 1, "Actual Loops": 1, "Filter": "(n_name = 'MOZAMBIQUE'::bpchar)", "Rows Removed by Filter": 24}, {"Node Type": "Index Scan", "Parent Relationship": "Inner", "Scan Direction": "Forward", "Index Name": "supplier_pkey", "Relation Name": "supplier", "Alias": "supplier", "Startup Cost": 0.0, "Total Cost": 5334.54, "Plan Rows": 100000, "Plan Width": 12, "Actual Startup Time": 0.03, "Actual Total Time": 68.394, "Actual Rows": 100000, "Actual Loops": 1}]}, {"Node Type": "Index Scan", "Parent Relationship": "Inner", "Scan Direction": "Forward", "Index Name": "idx_partsupp_suppkey", "Relation Name": "partsupp", "Alias": "partsupp", "Startup Cost": 0.0, "Total Cost": 9.33, "Plan Rows": 13, "Plan Width": 24, "Actual Startup Time": 53.975, "Actual Total Time": 666.233, "Actual Rows": 313920, "Actual Loops": 3924, "Index Cond": "(ps_suppkey = public.supplier.s_suppkey)", "Rows Removed by Index Recheck": 0}]}]}, {"Node Type": "Aggregate", "Strategy": "Hashed", "Parent Relationship": "Outer", "Startup Cost": 45362.35, "Total Cost": 46034.6, "Plan Rows": 53780, "Plan Width": 40, "Actual Startup Time": 2124.518, "Actual Total Time": 2124.518, "Actual Rows": 0, "Actual Loops": 1, "Group By Key": ["public.partsupp.ps_partkey"], "Filter": "(sum((public.partsupp.ps_supplycost * (public.partsupp.ps_availqty)::double precision)) > $1)", "Rows Removed by Filter": 295792, "Plans": [{"Node Type": "Nested Loop", "Parent Relationship": "Outer", "Join Type": "Inner", "Startup Cost": 0.0, "Total Cost": 44421.2, "Plan Rows": 53780, "Plan Width": 24, "Actual Startup Time": 0.107, "Actual Total Time": 747.534, "Actual Rows": 313920, "Actual Loops": 1, "Inner Unique": false, "Plans": [{"Node Type": "Nested Loop", "Parent Relationship": "Outer", "Join Type": "Inner", "Startup Cost": 0.0, "Total Cost": 6597.23, "Plan Rows": 4000, "Plan Width": 8, "Actual Startup Time": 0.081, "Actual Total Time": 84.543, "Actual Rows": 3924, "Actual Loops": 1, "Inner Unique": false, "Join Filter": "(public.supplier.s_nationkey = public.nation.n_nationkey)", "Rows Removed by Join Filter": 96076, "Plans": [{"Node Type": "Index Scan", "Parent Relationship": "Outer", "Scan Direction": "Forward", "Index Name": "nation_pkey", "Relation Name": "nation", "Alias": "nation", "Startup Cost": 0.0, "Total Cost": 12.69, "Plan Rows": 1, "Plan Width": 4, "Actual Startup Time": 0.038, "Actual Total Time": 0.05, "Actual Rows": 1, "Actual Loops": 1, "Filter": "(n_name = 'MOZAMBIQUE'::bpchar)", "Rows Removed by Filter": 24}, {"Node Type": "Index Scan", "Parent Relationship": "Inner", "Scan Direction": "Forward", "Index Name": "supplier_pkey", "Relation Name": "supplier", "Alias": "supplier", "Startup Cost": 0.0, "Total Cost": 5334.54, "Plan Rows": 100000, "Plan Width": 12, "Actual Startup Time": 0.02, "Actual Total Time": 60.735, "Actual Rows": 100000, "Actual Loops": 1}]}, {"Node Type": "Index Scan", "Parent Relationship": "Inner", "Scan Direction": "Forward", "Index Name": "idx_partsupp_suppkey", "Relation Name": "partsupp", "Alias": "partsupp", "Startup Cost": 0.0, "Total Cost": 9.33, "Plan Rows": 13, "Plan Width": 32, "Actual Startup Time": 49.092, "Actual Total Time": 591.154, "Actual Rows": 313920, "Actual Loops": 3924, "Index Cond": "(ps_suppkey = public.supplier.s_suppkey)", "Rows Removed by Index Recheck": 0}]}]}]}, "Triggers": [], "Planner Runtime": 0, "Total Runtime": 2125.245, "Unique SQL Id": 2932834211}}, "(16, 126)": {"explain_plan": {"Plan": {"Node Type": "Sort", "Startup Cost": 960599946.53, "Total Cost": 960600080.98, "Plan Rows": 53780, "Plan Width": 40, "Sort Key": ["(sum((public.partsupp.ps_supplycost * (public.partsupp.ps_availqty)::double precision))) DESC"], "Plans": [{"Node Type": "Aggregate", "Strategy": "Plain", "Parent Relationship": "exec_init_plan", "Subplan Name": "InitPlan 1 (returns $0)", "Startup Cost": 480297255.38, "Total Cost": 480297255.4, "Plan Rows": 1, "Plan Width": 24, "Plans": [{"Node Type": "Nested Loop", "Parent Relationship": "Outer", "Join Type": "Inner", "Startup Cost": 0.0, "Total Cost": 480296852.03, "Plan Rows": 53780, "Plan Width": 16, "Inner Unique": false, "Join Filter": "(public.supplier.s_suppkey = public.partsupp.ps_suppkey)", "Plans": [{"Node Type": "Seq Scan", "Parent Relationship": "Outer", "Relation Name": "partsupp", "Alias": "partsupp", "Startup Cost": 0.0, "Total Cost": 269987.72, "Plan Rows": 8000372, "Plan Width": 24}, {"Node Type": "Materialize", "Parent Relationship": "Inner", "Startup Cost": 0.0, "Total Cost": 4554.31, "Plan Rows": 4000, "Plan Width": 8, "Plans": [{"Node Type": "Nested Loop", "Parent Relationship": "Outer", "Join Type": "Inner", "Startup Cost": 0.0, "Total Cost": 4534.31, "Plan Rows": 4000, "Plan Width": 8, "Inner Unique": false, "Join Filter": "(public.supplier.s_nationkey = public.nation.n_nationkey)", "Plans": [{"Node Type": "Seq Scan", "Parent Relationship": "Outer", "Relation Name": "nation", "Alias": "nation", "Startup Cost": 0.0, "Total Cost": 1.31, "Plan Rows": 1, "Plan Width": 4, "Filter": "(n_name = 'MOZAMBIQUE'::bpchar)"}, {"Node Type": "Seq Scan", "Parent Relationship": "Inner", "Relation Name": "supplier", "Alias": "supplier", "Startup Cost": 0.0, "Total Cost": 3283.0, "Plan Rows": 100000, "Plan Width": 12}]}]}]}]}, {"Node Type": "Aggregate", "Strategy": "Hashed", "Parent Relationship": "Outer", "Startup Cost": 480297793.18, "Total Cost": 480298465.43, "Plan Rows": 53780, "Plan Width": 40, "Group By Key": ["public.partsupp.ps_partkey"], "Filter": "(sum((public.partsupp.ps_supplycost * (public.partsupp.ps_availqty)::double precision)) > $0)", "Plans": [{"Node Type": "Nested Loop", "Parent Relationship": "Outer", "Join Type": "Inner", "Startup Cost": 0.0, "Total Cost": 480296852.03, "Plan Rows": 53780, "Plan Width": 24, "Inner Unique": false, "Join Filter": "(public.supplier.s_suppkey = public.partsupp.ps_suppkey)", "Plans": [{"Node Type": "Seq Scan", "Parent Relationship": "Outer", "Relation Name": "partsupp", "Alias": "partsupp", "Startup Cost": 0.0, "Total Cost": 269987.72, "Plan Rows": 8000372, "Plan Width": 32}, {"Node Type": "Materialize", "Parent Relationship": "Inner", "Startup Cost": 0.0, "Total Cost": 4554.31, "Plan Rows": 4000, "Plan Width": 8, "Plans": [{"Node Type": "Nested Loop", "Parent Relationship": "Outer", "Join Type": "Inner", "Startup Cost": 0.0, "Total Cost": 4534.31, "Plan Rows": 4000, "Plan Width": 8, "Inner Unique": false, "Join Filter": "(public.supplier.s_nationkey = public.nation.n_nationkey)", "Plans": [{"Node Type": "Seq Scan", "Parent Relationship": "Outer", "Relation Name": "nation", "Alias": "nation", "Startup Cost": 0.0, "Total Cost": 1.31, "Plan Rows": 1, "Plan Width": 4, "Filter": "(n_name = 'MOZAMBIQUE'::bpchar)"}, {"Node Type": "Seq Scan", "Parent Relationship": "Inner", "Relation Name": "supplier", "Alias": "supplier", "Startup Cost": 0.0, "Total Cost": 3283.0, "Plan Rows": 100000, "Plan Width": 12}]}]}]}]}]}, "Unique SQL Id": 2932834211, "Planner Runtime": 0}, "explain_analyze_plan": null}, "(16, 127)": {"explain_plan": {"Plan": {"Node Type": "Sort", "Startup Cost": 6001104432332.89, "Total Cost": 6001104432467.34, "Plan Rows": 53780, "Plan Width": 40, "Sort Key": ["(sum((public.partsupp.ps_supplycost * (public.partsupp.ps_availqty)::double precision))) DESC"], "Plans": [{"Node Type": "Aggregate", "Strategy": "Plain", "Parent Relationship": "exec_init_plan", "Subplan Name": "InitPlan 1 (returns $0)", "Startup Cost": 3000580719437.25, "Total Cost": 3000580719437.27, "Plan Rows": 1, "Plan Width": 24, "Plans": [{"Node Type": "Nested Loop", "Parent Relationship": "Outer", "Join Type": "Inner", "Startup Cost": 30000000000.0, "Total Cost": 3000580719033.9, "Plan Rows": 53780, "Plan Width": 16, "Inner Unique": false, "Join Filter": "(public.supplier.s_suppkey = public.partsupp.ps_suppkey)", "Plans": [{"Node Type": "Index Scan", "Parent Relationship": "Outer", "Scan Direction": "Forward", "Index Name": "idx_partsupp_suppkey", "Relation Name": "partsupp", "Alias": "partsupp", "Startup Cost": 10000000000.0, "Total Cost": 1000100160480.77, "Plan Rows": 8000372, "Plan Width": 24}, {"Node Type": "Materialize", "Parent Relationship": "Inner", "Startup Cost": 20000000000.0, "Total Cost": 2000000536243.13, "Plan Rows": 4000, "Plan Width": 8, "Plans": [{"Node Type": "Nested Loop", "Parent Relationship": "Outer", "Join Type": "Inner", "Startup Cost": 20000000000.0, "Total Cost": 2000000536223.13, "Plan Rows": 4000, "Plan Width": 8, "Inner Unique": true, "Join Filter": "(public.supplier.s_nationkey = public.nation.n_nationkey)", "Plans": [{"Node Type": "Index Scan", "Parent Relationship": "Outer", "Scan Direction": "Forward", "Index Name": "supplier_pkey", "Relation Name": "supplier", "Alias": "supplier", "Startup Cost": 10000000000.0, "Total Cost": 1000000533454.38, "Plan Rows": 100000, "Plan Width": 12}, {"Node Type": "Materialize", "Parent Relationship": "Inner", "Startup Cost": 10000000000.0, "Total Cost": 1000000001268.76, "Plan Rows": 1, "Plan Width": 4, "Plans": [{"Node Type": "Index Scan", "Parent Relationship": "Outer", "Scan Direction": "Forward", "Index Name": "nation_pkey", "Relation Name": "nation", "Alias": "nation", "Startup Cost": 10000000000.0, "Total Cost": 1000000001268.75, "Plan Rows": 1, "Plan Width": 4, "Filter": "(n_name = 'MOZAMBIQUE'::bpchar)"}]}]}]}]}]}, {"Node Type": "Aggregate", "Strategy": "Hashed", "Parent Relationship": "Outer", "Startup Cost": 3000523707997.67, "Total Cost": 3000523708669.92, "Plan Rows": 53780, "Plan Width": 40, "Group By Key": ["public.partsupp.ps_partkey"], "Filter": "(sum((public.partsupp.ps_supplycost * (public.partsupp.ps_availqty)::double precision)) > $0)", "Plans": [{"Node Type": "Nested Loop", "Parent Relationship": "Outer", "Join Type": "Inner", "Startup Cost": 30000000000.0, "Total Cost": 3000523707056.51, "Plan Rows": 53780, "Plan Width": 24, "Inner Unique": false, "Join Filter": "(public.supplier.s_suppkey = public.partsupp.ps_suppkey)", "Plans": [{"Node Type": "Index Scan", "Parent Relationship": "Outer", "Scan Direction": "Forward", "Index Name": "idx_partsupp_partkey", "Relation Name": "partsupp", "Alias": "partsupp", "Startup Cost": 10000000000.0, "Total Cost": 1000043148503.38, "Plan Rows": 8000372, "Plan Width": 32}, {"Node Type": "Materialize", "Parent Relationship": "Inner", "Startup Cost": 20000000000.0, "Total Cost": 2000000536243.13, "Plan Rows": 4000, "Plan Width": 8, "Plans": [{"Node Type": "Nested Loop", "Parent Relationship": "Outer", "Join Type": "Inner", "Startup Cost": 20000000000.0, "Total Cost": 2000000536223.13, "Plan Rows": 4000, "Plan Width": 8, "Inner Unique": true, "Join Filter": "(public.supplier.s_nationkey = public.nation.n_nationkey)", "Plans": [{"Node Type": "Index Scan", "Parent Relationship": "Outer", "Scan Direction": "Forward", "Index Name": "supplier_pkey", "Relation Name": "supplier", "Alias": "supplier", "Startup Cost": 10000000000.0, "Total Cost": 1000000533454.38, "Plan Rows": 100000, "Plan Width": 12}, {"Node Type": "Materialize", "Parent Relationship": "Inner", "Startup Cost": 10000000000.0, "Total Cost": 1000000001268.76, "Plan Rows": 1, "Plan Width": 4, "Plans": [{"Node Type": "Index Scan", "Parent Relationship": "Outer", "Scan Direction": "Forward", "Index Name": "nation_pkey", "Relation Name": "nation", "Alias": "nation", "Startup Cost": 10000000000.0, "Total Cost": 1000000001268.75, "Plan Rows": 1, "Plan Width": 4, "Filter": "(n_name = 'MOZAMBIQUE'::bpchar)"}]}]}]}]}]}]}, "Unique SQL Id": 2932834211, "Planner Runtime": 0}, "explain_analyze_plan": null}, "(64, 0)": {"explain_plan": {"Plan": {"Node Type": "Sort", "Startup Cost": 86957.11, "Total Cost": 87091.56, "Plan Rows": 53780, "Plan Width": 40, "Sort Key": ["(sum((public.partsupp.ps_supplycost * (public.partsupp.ps_availqty)::double precision))) DESC"], "Plans": [{"Node Type": "Aggregate", "Strategy": "Plain", "Parent Relationship": "exec_init_plan", "Subplan Name": "InitPlan 1 (returns $2)", "Startup Cost": 40760.67, "Total Cost": 40760.68, "Plan Rows": 1, "Plan Width": 24, "Plans": [{"Node Type": "Nested Loop", "Parent Relationship": "Outer", "Join Type": "Inner", "Startup Cost": 95.25, "Total Cost": 40357.32, "Plan Rows": 53780, "Plan Width": 16, "Inner Unique": false, "Plans": [{"Node Type": "Nested Loop", "Parent Relationship": "Outer", "Join Type": "Inner", "Startup Cost": 95.25, "Total Cost": 2533.35, "Plan Rows": 4000, "Plan Width": 8, "Inner Unique": false, "Plans": [{"Node Type": "Seq Scan", "Parent Relationship": "Outer", "Relation Name": "nation", "Alias": "nation", "Startup Cost": 0.0, "Total Cost": 1.31, "Plan Rows": 1, "Plan Width": 4, "Filter": "(n_name = 'MOZAMBIQUE'::bpchar)"}, {"Node Type": "Bitmap Heap Scan", "Parent Relationship": "Inner", "Relation Name": "supplier", "Alias": "supplier", "Startup Cost": 95.25, "Total Cost": 2492.04, "Plan Rows": 4000, "Plan Width": 12, "Recheck Cond": "(s_nationkey = public.nation.n_nationkey)", "Plans": [{"Node Type": "Bitmap Index Scan", "Parent Relationship": "Outer", "Index Name": "idx_supplier_nation_key", "Startup Cost": 0.0, "Total Cost": 94.25, "Plan Rows": 4000, "Plan Width": 0, "Index Cond": "(s_nationkey = public.nation.n_nationkey)"}]}]}, {"Node Type": "Index Scan", "Parent Relationship": "Inner", "Scan Direction": "Forward", "Index Name": "idx_partsupp_suppkey", "Relation Name": "partsupp", "Alias": "partsupp", "Startup Cost": 0.0, "Total Cost": 9.33, "Plan Rows": 13, "Plan Width": 24, "Index Cond": "(ps_suppkey = public.supplier.s_suppkey)"}]}]}, {"Node Type": "Aggregate", "Strategy": "Hashed", "Parent Relationship": "Outer", "Startup Cost": 41298.47, "Total Cost": 41970.72, "Plan Rows": 53780, "Plan Width": 40, "Group By Key": ["public.partsupp.ps_partkey"], "Filter": "(sum((public.partsupp.ps_supplycost * (public.partsupp.ps_availqty)::double precision)) > $2)", "Plans": [{"Node Type": "Nested Loop", "Parent Relationship": "Outer", "Join Type": "Inner", "Startup Cost": 95.25, "Total Cost": 40357.32, "Plan Rows": 53780, "Plan Width": 24, "Inner Unique": false, "Plans": [{"Node Type": "Nested Loop", "Parent Relationship": "Outer", "Join Type": "Inner", "Startup Cost": 95.25, "Total Cost": 2533.35, "Plan Rows": 4000, "Plan Width": 8, "Inner Unique": false, "Plans": [{"Node Type": "Seq Scan", "Parent Relationship": "Outer", "Relation Name": "nation", "Alias": "nation", "Startup Cost": 0.0, "Total Cost": 1.31, "Plan Rows": 1, "Plan Width": 4, "Filter": "(n_name = 'MOZAMBIQUE'::bpchar)"}, {"Node Type": "Bitmap Heap Scan", "Parent Relationship": "Inner", "Relation Name": "supplier", "Alias": "supplier", "Startup Cost": 95.25, "Total Cost": 2492.04, "Plan Rows": 4000, "Plan Width": 12, "Recheck Cond": "(s_nationkey = public.nation.n_nationkey)", "Plans": [{"Node Type": "Bitmap Index Scan", "Parent Relationship": "Outer", "Index Name": "idx_supplier_nation_key", "Startup Cost": 0.0, "Total Cost": 94.25, "Plan Rows": 4000, "Plan Width": 0, "Index Cond": "(s_nationkey = public.nation.n_nationkey)"}]}]}, {"Node Type": "Index Scan", "Parent Relationship": "Inner", "Scan Direction": "Forward", "Index Name": "idx_partsupp_suppkey", "Relation Name": "partsupp", "Alias": "partsupp", "Startup Cost": 0.0, "Total Cost": 9.33, "Plan Rows": 13, "Plan Width": 32, "Index Cond": "(ps_suppkey = public.supplier.s_suppkey)"}]}]}]}, "Unique SQL Id": 2932834211, "Planner Runtime": 2}, "explain_analyze_plan": {"Plan": {"Node Type": "Sort", "Startup Cost": 86957.11, "Total Cost": 87091.56, "Plan Rows": 53780, "Plan Width": 40, "Actual Startup Time": 1757.818, "Actual Total Time": 1757.818, "Actual Rows": 0, "Actual Loops": 1, "Sort Key": ["(sum((public.partsupp.ps_supplycost * (public.partsupp.ps_availqty)::double precision))) DESC"], "Sort Method": "quicksort", "Sort Space Used": 25, "Sort Space Type": "Memory", "Plans": [{"Node Type": "Aggregate", "Strategy": "Plain", "Parent Relationship": "exec_init_plan", "Subplan Name": "InitPlan 1 (returns $2)", "Startup Cost": 40760.67, "Total Cost": 40760.68, "Plan Rows": 1, "Plan Width": 24, "Actual Startup Time": 685.274, "Actual Total Time": 685.274, "Actual Rows": 1, "Actual Loops": 1, "Plans": [{"Node Type": "Nested Loop", "Parent Relationship": "Outer", "Join Type": "Inner", "Startup Cost": 95.25, "Total Cost": 40357.32, "Plan Rows": 53780, "Plan Width": 16, "Actual Startup Time": 0.989, "Actual Total Time": 550.199, "Actual Rows": 313920, "Actual Loops": 1, "Inner Unique": false, "Plans": [{"Node Type": "Nested Loop", "Parent Relationship": "Outer", "Join Type": "Inner", "Startup Cost": 95.25, "Total Cost": 2533.35, "Plan Rows": 4000, "Plan Width": 8, "Actual Startup Time": 0.963, "Actual Total Time": 7.289, "Actual Rows": 3924, "Actual Loops": 1, "Inner Unique": false, "Plans": [{"Node Type": "Seq Scan", "Parent Relationship": "Outer", "Relation Name": "nation", "Alias": "nation", "Startup Cost": 0.0, "Total Cost": 1.31, "Plan Rows": 1, "Plan Width": 4, "Actual Startup Time": 0.043, "Actual Total Time": 0.055, "Actual Rows": 1, "Actual Loops": 1, "Filter": "(n_name = 'MOZAMBIQUE'::bpchar)", "Rows Removed by Filter": 24}, {"Node Type": "Bitmap Heap Scan", "Parent Relationship": "Inner", "Relation Name": "supplier", "Alias": "supplier", "Startup Cost": 95.25, "Total Cost": 2492.04, "Plan Rows": 4000, "Plan Width": 12, "Actual Startup Time": 0.903, "Actual Total Time": 6.347, "Actual Rows": 3924, "Actual Loops": 1, "Recheck Cond": "(s_nationkey = public.nation.n_nationkey)", "Rows Removed by Index Recheck": 0, "Exact Heap Blocks": 1895, "Lossy Heap Blocks": 1895, "Plans": [{"Node Type": "Bitmap Index Scan", "Parent Relationship": "Outer", "Index Name": "idx_supplier_nation_key", "Startup Cost": 0.0, "Total Cost": 94.25, "Plan Rows": 4000, "Plan Width": 0, "Actual Startup Time": 0.624, "Actual Total Time": 0.624, "Actual Rows": 3924, "Actual Loops": 1, "Index Cond": "(s_nationkey = public.nation.n_nationkey)"}]}]}, {"Node Type": "Index Scan", "Parent Relationship": "Inner", "Scan Direction": "Forward", "Index Name": "idx_partsupp_suppkey", "Relation Name": "partsupp", "Alias": "partsupp", "Startup Cost": 0.0, "Total Cost": 9.33, "Plan Rows": 13, "Plan Width": 24, "Actual Startup Time": 41.836, "Actual Total Time": 476.637, "Actual Rows": 313920, "Actual Loops": 3924, "Index Cond": "(ps_suppkey = public.supplier.s_suppkey)", "Rows Removed by Index Recheck": 0}]}]}, {"Node Type": "Aggregate", "Strategy": "Hashed", "Parent Relationship": "Outer", "Startup Cost": 41298.47, "Total Cost": 41970.72, "Plan Rows": 53780, "Plan Width": 40, "Actual Startup Time": 1757.278, "Actual Total Time": 1757.278, "Actual Rows": 0, "Actual Loops": 1, "Group By Key": ["public.partsupp.ps_partkey"], "Filter": "(sum((public.partsupp.ps_supplycost * (public.partsupp.ps_availqty)::double precision)) > $2)", "Rows Removed by Filter": 295792, "Plans": [{"Node Type": "Nested Loop", "Parent Relationship": "Outer", "Join Type": "Inner", "Startup Cost": 95.25, "Total Cost": 40357.32, "Plan Rows": 53780, "Plan Width": 24, "Actual Startup Time": 0.989, "Actual Total Time": 653.431, "Actual Rows": 313920, "Actual Loops": 1, "Inner Unique": false, "Plans": [{"Node Type": "Nested Loop", "Parent Relationship": "Outer", "Join Type": "Inner", "Startup Cost": 95.25, "Total Cost": 2533.35, "Plan Rows": 4000, "Plan Width": 8, "Actual Startup Time": 0.965, "Actual Total Time": 8.619, "Actual Rows": 3924, "Actual Loops": 1, "Inner Unique": false, "Plans": [{"Node Type": "Seq Scan", "Parent Relationship": "Outer", "Relation Name": "nation", "Alias": "nation", "Startup Cost": 0.0, "Total Cost": 1.31, "Plan Rows": 1, "Plan Width": 4, "Actual Startup Time": 0.03, "Actual Total Time": 0.047, "Actual Rows": 1, "Actual Loops": 1, "Filter": "(n_name = 'MOZAMBIQUE'::bpchar)", "Rows Removed by Filter": 24}, {"Node Type": "Bitmap Heap Scan", "Parent Relationship": "Inner", "Relation Name": "supplier", "Alias": "supplier", "Startup Cost": 95.25, "Total Cost": 2492.04, "Plan Rows": 4000, "Plan Width": 12, "Actual Startup Time": 0.928, "Actual Total Time": 7.555, "Actual Rows": 3924, "Actual Loops": 1, "Recheck Cond": "(s_nationkey = public.nation.n_nationkey)", "Rows Removed by Index Recheck": 0, "Exact Heap Blocks": 1895, "Lossy Heap Blocks": 1895, "Plans": [{"Node Type": "Bitmap Index Scan", "Parent Relationship": "Outer", "Index Name": "idx_supplier_nation_key", "Startup Cost": 0.0, "Total Cost": 94.25, "Plan Rows": 4000, "Plan Width": 0, "Actual Startup Time": 0.644, "Actual Total Time": 0.644, "Actual Rows": 3924, "Actual Loops": 1, "Index Cond": "(s_nationkey = public.nation.n_nationkey)"}]}]}, {"Node Type": "Index Scan", "Parent Relationship": "Inner", "Scan Direction": "Forward", "Index Name": "idx_partsupp_suppkey", "Relation Name": "partsupp", "Alias": "partsupp", "Startup Cost": 0.0, "Total Cost": 9.33, "Plan Rows": 13, "Plan Width": 32, "Actual Startup Time": 48.203, "Actual Total Time": 572.851, "Actual Rows": 313920, "Actual Loops": 3924, "Index Cond": "(ps_suppkey = public.supplier.s_suppkey)", "Rows Removed by Index Recheck": 0}]}]}]}, "Triggers": [], "Planner Runtime": 0, "Total Runtime": 1758.153, "Unique SQL Id": 2932834211}}, "(64, 1)": {"explain_plan": {"Plan": {"Node Type": "Sort", "Startup Cost": 86979.86, "Total Cost": 87114.31, "Plan Rows": 53780, "Plan Width": 40, "Sort Key": ["(sum((public.partsupp.ps_supplycost * (public.partsupp.ps_availqty)::double precision))) DESC"], "Plans": [{"Node Type": "Aggregate", "Strategy": "Plain", "Parent Relationship": "exec_init_plan", "Subplan Name": "InitPlan 1 (returns $2)", "Startup Cost": 40772.04, "Total Cost": 40772.06, "Plan Rows": 1, "Plan Width": 24, "Plans": [{"Node Type": "Nested Loop", "Parent Relationship": "Outer", "Join Type": "Inner", "Startup Cost": 95.25, "Total Cost": 40368.69, "Plan Rows": 53780, "Plan Width": 16, "Inner Unique": false, "Plans": [{"Node Type": "Nested Loop", "Parent Relationship": "Outer", "Join Type": "Inner", "Startup Cost": 95.25, "Total Cost": 2544.73, "Plan Rows": 4000, "Plan Width": 8, "Inner Unique": false, "Plans": [{"Node Type": "Index Scan", "Parent Relationship": "Outer", "Scan Direction": "Forward", "Index Name": "nation_pkey", "Relation Name": "nation", "Alias": "nation", "Startup Cost": 0.0, "Total Cost": 12.69, "Plan Rows": 1, "Plan Width": 4, "Filter": "(n_name = 'MOZAMBIQUE'::bpchar)"}, {"Node Type": "Bitmap Heap Scan", "Parent Relationship": "Inner", "Relation Name": "supplier", "Alias": "supplier", "Startup Cost": 95.25, "Total Cost": 2492.04, "Plan Rows": 4000, "Plan Width": 12, "Recheck Cond": "(s_nationkey = public.nation.n_nationkey)", "Plans": [{"Node Type": "Bitmap Index Scan", "Parent Relationship": "Outer", "Index Name": "idx_supplier_nation_key", "Startup Cost": 0.0, "Total Cost": 94.25, "Plan Rows": 4000, "Plan Width": 0, "Index Cond": "(s_nationkey = public.nation.n_nationkey)"}]}]}, {"Node Type": "Index Scan", "Parent Relationship": "Inner", "Scan Direction": "Forward", "Index Name": "idx_partsupp_suppkey", "Relation Name": "partsupp", "Alias": "partsupp", "Startup Cost": 0.0, "Total Cost": 9.33, "Plan Rows": 13, "Plan Width": 24, "Index Cond": "(ps_suppkey = public.supplier.s_suppkey)"}]}]}, {"Node Type": "Aggregate", "Strategy": "Hashed", "Parent Relationship": "Outer", "Startup Cost": 41309.84, "Total Cost": 41982.09, "Plan Rows": 53780, "Plan Width": 40, "Group By Key": ["public.partsupp.ps_partkey"], "Filter": "(sum((public.partsupp.ps_supplycost * (public.partsupp.ps_availqty)::double precision)) > $2)", "Plans": [{"Node Type": "Nested Loop", "Parent Relationship": "Outer", "Join Type": "Inner", "Startup Cost": 95.25, "Total Cost": 40368.69, "Plan Rows": 53780, "Plan Width": 24, "Inner Unique": false, "Plans": [{"Node Type": "Nested Loop", "Parent Relationship": "Outer", "Join Type": "Inner", "Startup Cost": 95.25, "Total Cost": 2544.73, "Plan Rows": 4000, "Plan Width": 8, "Inner Unique": false, "Plans": [{"Node Type": "Index Scan", "Parent Relationship": "Outer", "Scan Direction": "Forward", "Index Name": "nation_pkey", "Relation Name": "nation", "Alias": "nation", "Startup Cost": 0.0, "Total Cost": 12.69, "Plan Rows": 1, "Plan Width": 4, "Filter": "(n_name = 'MOZAMBIQUE'::bpchar)"}, {"Node Type": "Bitmap Heap Scan", "Parent Relationship": "Inner", "Relation Name": "supplier", "Alias": "supplier", "Startup Cost": 95.25, "Total Cost": 2492.04, "Plan Rows": 4000, "Plan Width": 12, "Recheck Cond": "(s_nationkey = public.nation.n_nationkey)", "Plans": [{"Node Type": "Bitmap Index Scan", "Parent Relationship": "Outer", "Index Name": "idx_supplier_nation_key", "Startup Cost": 0.0, "Total Cost": 94.25, "Plan Rows": 4000, "Plan Width": 0, "Index Cond": "(s_nationkey = public.nation.n_nationkey)"}]}]}, {"Node Type": "Index Scan", "Parent Relationship": "Inner", "Scan Direction": "Forward", "Index Name": "idx_partsupp_suppkey", "Relation Name": "partsupp", "Alias": "partsupp", "Startup Cost": 0.0, "Total Cost": 9.33, "Plan Rows": 13, "Plan Width": 32, "Index Cond": "(ps_suppkey = public.supplier.s_suppkey)"}]}]}]}, "Unique SQL Id": 2932834211, "Planner Runtime": 2}, "explain_analyze_plan": {"Plan": {"Node Type": "Sort", "Startup Cost": 86979.86, "Total Cost": 87114.31, "Plan Rows": 53780, "Plan Width": 40, "Actual Startup Time": 1762.834, "Actual Total Time": 1762.834, "Actual Rows": 0, "Actual Loops": 1, "Sort Key": ["(sum((public.partsupp.ps_supplycost * (public.partsupp.ps_availqty)::double precision))) DESC"], "Sort Method": "quicksort", "Sort Space Used": 25, "Sort Space Type": "Memory", "Plans": [{"Node Type": "Aggregate", "Strategy": "Plain", "Parent Relationship": "exec_init_plan", "Subplan Name": "InitPlan 1 (returns $2)", "Startup Cost": 40772.04, "Total Cost": 40772.06, "Plan Rows": 1, "Plan Width": 24, "Actual Startup Time": 757.478, "Actual Total Time": 757.478, "Actual Rows": 1, "Actual Loops": 1, "Plans": [{"Node Type": "Nested Loop", "Parent Relationship": "Outer", "Join Type": "Inner", "Startup Cost": 95.25, "Total Cost": 40368.69, "Plan Rows": 53780, "Plan Width": 16, "Actual Startup Time": 0.979, "Actual Total Time": 621.76, "Actual Rows": 313920, "Actual Loops": 1, "Inner Unique": false, "Plans": [{"Node Type": "Nested Loop", "Parent Relationship": "Outer", "Join Type": "Inner", "Startup Cost": 95.25, "Total Cost": 2544.73, "Plan Rows": 4000, "Plan Width": 8, "Actual Startup Time": 0.958, "Actual Total Time": 8.05, "Actual Rows": 3924, "Actual Loops": 1, "Inner Unique": false, "Plans": [{"Node Type": "Index Scan", "Parent Relationship": "Outer", "Scan Direction": "Forward", "Index Name": "nation_pkey", "Relation Name": "nation", "Alias": "nation", "Startup Cost": 0.0, "Total Cost": 12.69, "Plan Rows": 1, "Plan Width": 4, "Actual Startup Time": 0.038, "Actual Total Time": 0.053, "Actual Rows": 1, "Actual Loops": 1, "Filter": "(n_name = 'MOZAMBIQUE'::bpchar)", "Rows Removed by Filter": 24}, {"Node Type": "Bitmap Heap Scan", "Parent Relationship": "Inner", "Relation Name": "supplier", "Alias": "supplier", "Startup Cost": 95.25, "Total Cost": 2492.04, "Plan Rows": 4000, "Plan Width": 12, "Actual Startup Time": 0.903, "Actual Total Time": 7.053, "Actual Rows": 3924, "Actual Loops": 1, "Recheck Cond": "(s_nationkey = public.nation.n_nationkey)", "Rows Removed by Index Recheck": 0, "Exact Heap Blocks": 1895, "Lossy Heap Blocks": 1895, "Plans": [{"Node Type": "Bitmap Index Scan", "Parent Relationship": "Outer", "Index Name": "idx_supplier_nation_key", "Startup Cost": 0.0, "Total Cost": 94.25, "Plan Rows": 4000, "Plan Width": 0, "Actual Startup Time": 0.627, "Actual Total Time": 0.627, "Actual Rows": 3924, "Actual Loops": 1, "Index Cond": "(s_nationkey = public.nation.n_nationkey)"}]}]}, {"Node Type": "Index Scan", "Parent Relationship": "Inner", "Scan Direction": "Forward", "Index Name": "idx_partsupp_suppkey", "Relation Name": "partsupp", "Alias": "partsupp", "Startup Cost": 0.0, "Total Cost": 9.33, "Plan Rows": 13, "Plan Width": 24, "Actual Startup Time": 46.082, "Actual Total Time": 547.337, "Actual Rows": 313920, "Actual Loops": 3924, "Index Cond": "(ps_suppkey = public.supplier.s_suppkey)", "Rows Removed by Index Recheck": 0}]}]}, {"Node Type": "Aggregate", "Strategy": "Hashed", "Parent Relationship": "Outer", "Startup Cost": 41309.84, "Total Cost": 41982.09, "Plan Rows": 53780, "Plan Width": 40, "Actual Startup Time": 1762.251, "Actual Total Time": 1762.251, "Actual Rows": 0, "Actual Loops": 1, "Group By Key": ["public.partsupp.ps_partkey"], "Filter": "(sum((public.partsupp.ps_supplycost * (public.partsupp.ps_availqty)::double precision)) > $2)", "Rows Removed by Filter": 295792, "Plans": [{"Node Type": "Nested Loop", "Parent Relationship": "Outer", "Join Type": "Inner", "Startup Cost": 95.25, "Total Cost": 40368.69, "Plan Rows": 53780, "Plan Width": 24, "Actual Startup Time": 0.974, "Actual Total Time": 574.222, "Actual Rows": 313920, "Actual Loops": 1, "Inner Unique": false, "Plans": [{"Node Type": "Nested Loop", "Parent Relationship": "Outer", "Join Type": "Inner", "Startup Cost": 95.25, "Total Cost": 2544.73, "Plan Rows": 4000, "Plan Width": 8, "Actual Startup Time": 0.951, "Actual Total Time": 7.662, "Actual Rows": 3924, "Actual Loops": 1, "Inner Unique": false, "Plans": [{"Node Type": "Index Scan", "Parent Relationship": "Outer", "Scan Direction": "Forward", "Index Name": "nation_pkey", "Relation Name": "nation", "Alias": "nation", "Startup Cost": 0.0, "Total Cost": 12.69, "Plan Rows": 1, "Plan Width": 4, "Actual Startup Time": 0.031, "Actual Total Time": 0.042, "Actual Rows": 1, "Actual Loops": 1, "Filter": "(n_name = 'MOZAMBIQUE'::bpchar)", "Rows Removed by Filter": 24}, {"Node Type": "Bitmap Heap Scan", "Parent Relationship": "Inner", "Relation Name": "supplier", "Alias": "supplier", "Startup Cost": 95.25, "Total Cost": 2492.04, "Plan Rows": 4000, "Plan Width": 12, "Actual Startup Time": 0.913, "Actual Total Time": 6.701, "Actual Rows": 3924, "Actual Loops": 1, "Recheck Cond": "(s_nationkey = public.nation.n_nationkey)", "Rows Removed by Index Recheck": 0, "Exact Heap Blocks": 1895, "Lossy Heap Blocks": 1895, "Plans": [{"Node Type": "Bitmap Index Scan", "Parent Relationship": "Outer", "Index Name": "idx_supplier_nation_key", "Startup Cost": 0.0, "Total Cost": 94.25, "Plan Rows": 4000, "Plan Width": 0, "Actual Startup Time": 0.621, "Actual Total Time": 0.621, "Actual Rows": 3924, "Actual Loops": 1, "Index Cond": "(s_nationkey = public.nation.n_nationkey)"}]}]}, {"Node Type": "Index Scan", "Parent Relationship": "Inner", "Scan Direction": "Forward", "Index Name": "idx_partsupp_suppkey", "Relation Name": "partsupp", "Alias": "partsupp", "Startup Cost": 0.0, "Total Cost": 9.33, "Plan Rows": 13, "Plan Width": 32, "Actual Startup Time": 43.059, "Actual Total Time": 494.357, "Actual Rows": 313920, "Actual Loops": 3924, "Index Cond": "(ps_suppkey = public.supplier.s_suppkey)", "Rows Removed by Index Recheck": 0}]}]}]}, "Triggers": [], "Planner Runtime": 0, "Total Runtime": 1763.161, "Unique SQL Id": 2932834211}}, "(64, 2)": {"explain_plan": {"Plan": {"Node Type": "Sort", "Startup Cost": 90032.55, "Total Cost": 90167.0, "Plan Rows": 53780, "Plan Width": 40, "Sort Key": ["(sum((public.partsupp.ps_supplycost * (public.partsupp.ps_availqty)::double precision))) DESC"], "Plans": [{"Node Type": "Aggregate", "Strategy": "Plain", "Parent Relationship": "exec_init_plan", "Subplan Name": "InitPlan 1 (returns $2)", "Startup Cost": 42298.39, "Total Cost": 42298.4, "Plan Rows": 1, "Plan Width": 24, "Plans": [{"Node Type": "Nested Loop", "Parent Relationship": "Outer", "Join Type": "Inner", "Startup Cost": 96.82, "Total Cost": 41895.04, "Plan Rows": 53780, "Plan Width": 16, "Inner Unique": false, "Plans": [{"Node Type": "Nested Loop", "Parent Relationship": "Outer", "Join Type": "Inner", "Startup Cost": 95.25, "Total Cost": 2533.35, "Plan Rows": 4000, "Plan Width": 8, "Inner Unique": false, "Plans": [{"Node Type": "Seq Scan", "Parent Relationship": "Outer", "Relation Name": "nation", "Alias": "nation", "Startup Cost": 0.0, "Total Cost": 1.31, "Plan Rows": 1, "Plan Width": 4, "Filter": "(n_name = 'MOZAMBIQUE'::bpchar)"}, {"Node Type": "Bitmap Heap Scan", "Parent Relationship": "Inner", "Relation Name": "supplier", "Alias": "supplier", "Startup Cost": 95.25, "Total Cost": 2492.04, "Plan Rows": 4000, "Plan Width": 12, "Recheck Cond": "(s_nationkey = public.nation.n_nationkey)", "Plans": [{"Node Type": "Bitmap Index Scan", "Parent Relationship": "Outer", "Index Name": "idx_supplier_nation_key", "Startup Cost": 0.0, "Total Cost": 94.25, "Plan Rows": 4000, "Plan Width": 0, "Index Cond": "(s_nationkey = public.nation.n_nationkey)"}]}]}, {"Node Type": "Bitmap Heap Scan", "Parent Relationship": "Inner", "Relation Name": "partsupp", "Alias": "partsupp", "Startup Cost": 1.57, "Total Cost": 9.71, "Plan Rows": 13, "Plan Width": 24, "Recheck Cond": "(ps_suppkey = public.supplier.s_suppkey)", "Plans": [{"Node Type": "Bitmap Index Scan", "Parent Relationship": "Outer", "Index Name": "idx_partsupp_suppkey", "Startup Cost": 0.0, "Total Cost": 1.56, "Plan Rows": 13, "Plan Width": 0, "Index Cond": "(ps_suppkey = public.supplier.s_suppkey)"}]}]}]}, {"Node Type": "Aggregate", "Strategy": "Hashed", "Parent Relationship": "Outer", "Startup Cost": 42836.19, "Total Cost": 43508.44, "Plan Rows": 53780, "Plan Width": 40, "Group By Key": ["public.partsupp.ps_partkey"], "Filter": "(sum((public.partsupp.ps_supplycost * (public.partsupp.ps_availqty)::double precision)) > $2)", "Plans": [{"Node Type": "Nested Loop", "Parent Relationship": "Outer", "Join Type": "Inner", "Startup Cost": 96.82, "Total Cost": 41895.04, "Plan Rows": 53780, "Plan Width": 24, "Inner Unique": false, "Plans": [{"Node Type": "Nested Loop", "Parent Relationship": "Outer", "Join Type": "Inner", "Startup Cost": 95.25, "Total Cost": 2533.35, "Plan Rows": 4000, "Plan Width": 8, "Inner Unique": false, "Plans": [{"Node Type": "Seq Scan", "Parent Relationship": "Outer", "Relation Name": "nation", "Alias": "nation", "Startup Cost": 0.0, "Total Cost": 1.31, "Plan Rows": 1, "Plan Width": 4, "Filter": "(n_name = 'MOZAMBIQUE'::bpchar)"}, {"Node Type": "Bitmap Heap Scan", "Parent Relationship": "Inner", "Relation Name": "supplier", "Alias": "supplier", "Startup Cost": 95.25, "Total Cost": 2492.04, "Plan Rows": 4000, "Plan Width": 12, "Recheck Cond": "(s_nationkey = public.nation.n_nationkey)", "Plans": [{"Node Type": "Bitmap Index Scan", "Parent Relationship": "Outer", "Index Name": "idx_supplier_nation_key", "Startup Cost": 0.0, "Total Cost": 94.25, "Plan Rows": 4000, "Plan Width": 0, "Index Cond": "(s_nationkey = public.nation.n_nationkey)"}]}]}, {"Node Type": "Bitmap Heap Scan", "Parent Relationship": "Inner", "Relation Name": "partsupp", "Alias": "partsupp", "Startup Cost": 1.57, "Total Cost": 9.71, "Plan Rows": 13, "Plan Width": 32, "Recheck Cond": "(ps_suppkey = public.supplier.s_suppkey)", "Plans": [{"Node Type": "Bitmap Index Scan", "Parent Relationship": "Outer", "Index Name": "idx_partsupp_suppkey", "Startup Cost": 0.0, "Total Cost": 1.56, "Plan Rows": 13, "Plan Width": 0, "Index Cond": "(ps_suppkey = public.supplier.s_suppkey)"}]}]}]}]}, "Unique SQL Id": 2932834211, "Planner Runtime": 2}, "explain_analyze_plan": {"Plan": {"Node Type": "Sort", "Startup Cost": 90032.55, "Total Cost": 90167.0, "Plan Rows": 53780, "Plan Width": 40, "Actual Startup Time": 1938.442, "Actual Total Time": 1938.442, "Actual Rows": 0, "Actual Loops": 1, "Sort Key": ["(sum((public.partsupp.ps_supplycost * (public.partsupp.ps_availqty)::double precision))) DESC"], "Sort Method": "quicksort", "Sort Space Used": 25, "Sort Space Type": "Memory", "Plans": [{"Node Type": "Aggregate", "Strategy": "Plain", "Parent Relationship": "exec_init_plan", "Subplan Name": "InitPlan 1 (returns $2)", "Startup Cost": 42298.39, "Total Cost": 42298.4, "Plan Rows": 1, "Plan Width": 24, "Actual Startup Time": 849.92, "Actual Total Time": 849.921, "Actual Rows": 1, "Actual Loops": 1, "Plans": [{"Node Type": "Nested Loop", "Parent Relationship": "Outer", "Join Type": "Inner", "Startup Cost": 96.82, "Total Cost": 41895.04, "Plan Rows": 53780, "Plan Width": 16, "Actual Startup Time": 1.032, "Actual Total Time": 721.537, "Actual Rows": 313920, "Actual Loops": 1, "Inner Unique": false, "Plans": [{"Node Type": "Nested Loop", "Parent Relationship": "Outer", "Join Type": "Inner", "Startup Cost": 95.25, "Total Cost": 2533.35, "Plan Rows": 4000, "Plan Width": 8, "Actual Startup Time": 0.983, "Actual Total Time": 7.832, "Actual Rows": 3924, "Actual Loops": 1, "Inner Unique": false, "Plans": [{"Node Type": "Seq Scan", "Parent Relationship": "Outer", "Relation Name": "nation", "Alias": "nation", "Startup Cost": 0.0, "Total Cost": 1.31, "Plan Rows": 1, "Plan Width": 4, "Actual Startup Time": 0.036, "Actual Total Time": 0.051, "Actual Rows": 1, "Actual Loops": 1, "Filter": "(n_name = 'MOZAMBIQUE'::bpchar)", "Rows Removed by Filter": 24}, {"Node Type": "Bitmap Heap Scan", "Parent Relationship": "Inner", "Relation Name": "supplier", "Alias": "supplier", "Startup Cost": 95.25, "Total Cost": 2492.04, "Plan Rows": 4000, "Plan Width": 12, "Actual Startup Time": 0.939, "Actual Total Time": 6.87, "Actual Rows": 3924, "Actual Loops": 1, "Recheck Cond": "(s_nationkey = public.nation.n_nationkey)", "Rows Removed by Index Recheck": 0, "Exact Heap Blocks": 1895, "Lossy Heap Blocks": 1895, "Plans": [{"Node Type": "Bitmap Index Scan", "Parent Relationship": "Outer", "Index Name": "idx_supplier_nation_key", "Startup Cost": 0.0, "Total Cost": 94.25, "Plan Rows": 4000, "Plan Width": 0, "Actual Startup Time": 0.649, "Actual Total Time": 0.649, "Actual Rows": 3924, "Actual Loops": 1, "Index Cond": "(s_nationkey = public.nation.n_nationkey)"}]}]}, {"Node Type": "Bitmap Heap Scan", "Parent Relationship": "Inner", "Relation Name": "partsupp", "Alias": "partsupp", "Startup Cost": 1.57, "Total Cost": 9.71, "Plan Rows": 13, "Plan Width": 24, "Actual Startup Time": 100.697, "Actual Total Time": 646.011, "Actual Rows": 313920, "Actual Loops": 3924, "Recheck Cond": "(ps_suppkey = public.supplier.s_suppkey)", "Rows Removed by Index Recheck": 0, "Exact Heap Blocks": 313920, "Lossy Heap Blocks": 313920, "Plans": [{"Node Type": "Bitmap Index Scan", "Parent Relationship": "Outer", "Index Name": "idx_partsupp_suppkey", "Startup Cost": 0.0, "Total Cost": 1.56, "Plan Rows": 13, "Plan Width": 0, "Actual Startup Time": 62.61, "Actual Total Time": 62.61, "Actual Rows": 313920, "Actual Loops": 3924, "Index Cond": "(ps_suppkey = public.supplier.s_suppkey)"}]}]}]}, {"Node Type": "Aggregate", "Strategy": "Hashed", "Parent Relationship": "Outer", "Startup Cost": 42836.19, "Total Cost": 43508.44, "Plan Rows": 53780, "Plan Width": 40, "Actual Startup Time": 1938.021, "Actual Total Time": 1938.021, "Actual Rows": 0, "Actual Loops": 1, "Group By Key": ["public.partsupp.ps_partkey"], "Filter": "(sum((public.partsupp.ps_supplycost * (public.partsupp.ps_availqty)::double precision)) > $2)", "Rows Removed by Filter": 295792, "Plans": [{"Node Type": "Nested Loop", "Parent Relationship": "Outer", "Join Type": "Inner", "Startup Cost": 96.82, "Total Cost": 41895.04, "Plan Rows": 53780, "Plan Width": 24, "Actual Startup Time": 0.995, "Actual Total Time": 708.938, "Actual Rows": 313920, "Actual Loops": 1, "Inner Unique": false, "Plans": [{"Node Type": "Nested Loop", "Parent Relationship": "Outer", "Join Type": "Inner", "Startup Cost": 95.25, "Total Cost": 2533.35, "Plan Rows": 4000, "Plan Width": 8, "Actual Startup Time": 0.951, "Actual Total Time": 7.412, "Actual Rows": 3924, "Actual Loops": 1, "Inner Unique": false, "Plans": [{"Node Type": "Seq Scan", "Parent Relationship": "Outer", "Relation Name": "nation", "Alias": "nation", "Startup Cost": 0.0, "Total Cost": 1.31, "Plan Rows": 1, "Plan Width": 4, "Actual Startup Time": 0.031, "Actual Total Time": 0.045, "Actual Rows": 1, "Actual Loops": 1, "Filter": "(n_name = 'MOZAMBIQUE'::bpchar)", "Rows Removed by Filter": 24}, {"Node Type": "Bitmap Heap Scan", "Parent Relationship": "Inner", "Relation Name": "supplier", "Alias": "supplier", "Startup Cost": 95.25, "Total Cost": 2492.04, "Plan Rows": 4000, "Plan Width": 12, "Actual Startup Time": 0.912, "Actual Total Time": 6.426, "Actual Rows": 3924, "Actual Loops": 1, "Recheck Cond": "(s_nationkey = public.nation.n_nationkey)", "Rows Removed by Index Recheck": 0, "Exact Heap Blocks": 1895, "Lossy Heap Blocks": 1895, "Plans": [{"Node Type": "Bitmap Index Scan", "Parent Relationship": "Outer", "Index Name": "idx_supplier_nation_key", "Startup Cost": 0.0, "Total Cost": 94.25, "Plan Rows": 4000, "Plan Width": 0, "Actual Startup Time": 0.632, "Actual Total Time": 0.632, "Actual Rows": 3924, "Actual Loops": 1, "Index Cond": "(s_nationkey = public.nation.n_nationkey)"}]}]}, {"Node Type": "Bitmap Heap Scan", "Parent Relationship": "Inner", "Relation Name": "partsupp", "Alias": "partsupp", "Startup Cost": 1.57, "Total Cost": 9.71, "Plan Rows": 13, "Plan Width": 32, "Actual Startup Time": 100.385, "Actual Total Time": 627.624, "Actual Rows": 313920, "Actual Loops": 3924, "Recheck Cond": "(ps_suppkey = public.supplier.s_suppkey)", "Rows Removed by Index Recheck": 0, "Exact Heap Blocks": 313920, "Lossy Heap Blocks": 313920, "Plans": [{"Node Type": "Bitmap Index Scan", "Parent Relationship": "Outer", "Index Name": "idx_partsupp_suppkey", "Startup Cost": 0.0, "Total Cost": 1.56, "Plan Rows": 13, "Plan Width": 0, "Actual Startup Time": 62.318, "Actual Total Time": 62.318, "Actual Rows": 313920, "Actual Loops": 3924, "Index Cond": "(ps_suppkey = public.supplier.s_suppkey)"}]}]}]}]}, "Triggers": [], "Planner Runtime": 0, "Total Runtime": 1938.921, "Unique SQL Id": 2932834211}}, "(64, 3)": {"explain_plan": {"Plan": {"Node Type": "Sort", "Startup Cost": 2000084159245.82, "Total Cost": 2000084159380.27, "Plan Rows": 53780, "Plan Width": 40, "Sort Key": ["(sum((public.partsupp.ps_supplycost * (public.partsupp.ps_availqty)::double precision))) DESC"], "Plans": [{"Node Type": "Aggregate", "Strategy": "Plain", "Parent Relationship": "exec_init_plan", "Subplan Name": "InitPlan 1 (returns $2)", "Startup Cost": 1000001001502.42, "Total Cost": 1000001001502.43, "Plan Rows": 1, "Plan Width": 24, "Plans": [{"Node Type": "Nested Loop", "Parent Relationship": "Outer", "Join Type": "Inner", "Startup Cost": 10000000001.83, "Total Cost": 1000001001099.07, "Plan Rows": 53780, "Plan Width": 16, "Inner Unique": false, "Plans": [{"Node Type": "Nested Loop", "Parent Relationship": "Outer", "Join Type": "Inner", "Startup Cost": 10000000000.26, "Total Cost": 1000000961737.38, "Plan Rows": 4000, "Plan Width": 8, "Inner Unique": true, "Plans": [{"Node Type": "Index Scan", "Parent Relationship": "Outer", "Scan Direction": "Forward", "Index Name": "supplier_pkey", "Relation Name": "supplier", "Alias": "supplier", "Startup Cost": 10000000000.0, "Total Cost": 1000000533454.38, "Plan Rows": 100000, "Plan Width": 12}, {"Node Type": "Bitmap Heap Scan", "Parent Relationship": "Inner", "Relation Name": "nation", "Alias": "nation", "Startup Cost": 0.26, "Total Cost": 4.27, "Plan Rows": 1, "Plan Width": 4, "Recheck Cond": "(n_nationkey = public.supplier.s_nationkey)", "Filter": "(n_name = 'MOZAMBIQUE'::bpchar)", "Plans": [{"Node Type": "Bitmap Index Scan", "Parent Relationship": "Outer", "Index Name": "nation_pkey", "Startup Cost": 0.0, "Total Cost": 0.26, "Plan Rows": 1, "Plan Width": 0, "Index Cond": "(n_nationkey = public.supplier.s_nationkey)"}]}]}, {"Node Type": "Bitmap Heap Scan", "Parent Relationship": "Inner", "Relation Name": "partsupp", "Alias": "partsupp", "Startup Cost": 1.57, "Total Cost": 9.71, "Plan Rows": 13, "Plan Width": 24, "Recheck Cond": "(ps_suppkey = public.supplier.s_suppkey)", "Plans": [{"Node Type": "Bitmap Index Scan", "Parent Relationship": "Outer", "Index Name": "idx_partsupp_suppkey", "Startup Cost": 0.0, "Total Cost": 1.56, "Plan Rows": 13, "Plan Width": 0, "Index Cond": "(ps_suppkey = public.supplier.s_suppkey)"}]}]}]}, {"Node Type": "Aggregate", "Strategy": "Hashed", "Parent Relationship": "Outer", "Startup Cost": 1000083152845.44, "Total Cost": 1000083153517.69, "Plan Rows": 53780, "Plan Width": 40, "Group By Key": ["public.partsupp.ps_partkey"], "Filter": "(sum((public.partsupp.ps_supplycost * (public.partsupp.ps_availqty)::double precision)) > $2)", "Plans": [{"Node Type": "Nested Loop", "Parent Relationship": "Outer", "Join Type": "Inner", "Startup Cost": 10000000000.52, "Total Cost": 1000083151904.29, "Plan Rows": 53780, "Plan Width": 24, "Inner Unique": true, "Plans": [{"Node Type": "Nested Loop", "Parent Relationship": "Outer", "Join Type": "Inner", "Startup Cost": 10000000000.26, "Total Cost": 1000077393643.64, "Plan Rows": 1344499, "Plan Width": 28, "Inner Unique": true, "Plans": [{"Node Type": "Index Scan", "Parent Relationship": "Outer", "Scan Direction": "Forward", "Index Name": "idx_partsupp_partkey", "Relation Name": "partsupp", "Alias": "partsupp", "Startup Cost": 10000000000.0, "Total Cost": 1000043148503.38, "Plan Rows": 8000372, "Plan Width": 32}, {"Node Type": "Bitmap Heap Scan", "Parent Relationship": "Inner", "Relation Name": "supplier", "Alias": "supplier", "Startup Cost": 0.26, "Total Cost": 4.27, "Plan Rows": 1, "Plan Width": 12, "Recheck Cond": "(s_suppkey = public.partsupp.ps_suppkey)", "Plans": [{"Node Type": "Bitmap Index Scan", "Parent Relationship": "Outer", "Index Name": "supplier_pkey", "Startup Cost": 0.0, "Total Cost": 0.26, "Plan Rows": 1, "Plan Width": 0, "Index Cond": "(s_suppkey = public.partsupp.ps_suppkey)"}]}]}, {"Node Type": "Bitmap Heap Scan", "Parent Relationship": "Inner", "Relation Name": "nation", "Alias": "nation", "Startup Cost": 0.26, "Total Cost": 4.27, "Plan Rows": 1, "Plan Width": 4, "Recheck Cond": "(n_nationkey = public.supplier.s_nationkey)", "Filter": "(n_name = 'MOZAMBIQUE'::bpchar)", "Plans": [{"Node Type": "Bitmap Index Scan", "Parent Relationship": "Outer", "Index Name": "nation_pkey", "Startup Cost": 0.0, "Total Cost": 0.26, "Plan Rows": 1, "Plan Width": 0, "Index Cond": "(n_nationkey = public.supplier.s_nationkey)"}]}]}]}]}, "Unique SQL Id": 2932834211, "Planner Runtime": 1}, "explain_analyze_plan": null}, "(64, 4)": {"explain_plan": {"Plan": {"Node Type": "Sort", "Startup Cost": 86957.11, "Total Cost": 87091.56, "Plan Rows": 53780, "Plan Width": 40, "Sort Key": ["(sum((public.partsupp.ps_supplycost * (public.partsupp.ps_availqty)::double precision))) DESC"], "Plans": [{"Node Type": "Aggregate", "Strategy": "Plain", "Parent Relationship": "exec_init_plan", "Subplan Name": "InitPlan 1 (returns $2)", "Startup Cost": 40760.67, "Total Cost": 40760.68, "Plan Rows": 1, "Plan Width": 24, "Plans": [{"Node Type": "Nested Loop", "Parent Relationship": "Outer", "Join Type": "Inner", "Startup Cost": 95.25, "Total Cost": 40357.32, "Plan Rows": 53780, "Plan Width": 16, "Inner Unique": false, "Plans": [{"Node Type": "Nested Loop", "Parent Relationship": "Outer", "Join Type": "Inner", "Startup Cost": 95.25, "Total Cost": 2533.35, "Plan Rows": 4000, "Plan Width": 8, "Inner Unique": false, "Plans": [{"Node Type": "Seq Scan", "Parent Relationship": "Outer", "Relation Name": "nation", "Alias": "nation", "Startup Cost": 0.0, "Total Cost": 1.31, "Plan Rows": 1, "Plan Width": 4, "Filter": "(n_name = 'MOZAMBIQUE'::bpchar)"}, {"Node Type": "Bitmap Heap Scan", "Parent Relationship": "Inner", "Relation Name": "supplier", "Alias": "supplier", "Startup Cost": 95.25, "Total Cost": 2492.04, "Plan Rows": 4000, "Plan Width": 12, "Recheck Cond": "(s_nationkey = public.nation.n_nationkey)", "Plans": [{"Node Type": "Bitmap Index Scan", "Parent Relationship": "Outer", "Index Name": "idx_supplier_nation_key", "Startup Cost": 0.0, "Total Cost": 94.25, "Plan Rows": 4000, "Plan Width": 0, "Index Cond": "(s_nationkey = public.nation.n_nationkey)"}]}]}, {"Node Type": "Index Scan", "Parent Relationship": "Inner", "Scan Direction": "Forward", "Index Name": "idx_partsupp_suppkey", "Relation Name": "partsupp", "Alias": "partsupp", "Startup Cost": 0.0, "Total Cost": 9.33, "Plan Rows": 13, "Plan Width": 24, "Index Cond": "(ps_suppkey = public.supplier.s_suppkey)"}]}]}, {"Node Type": "Aggregate", "Strategy": "Hashed", "Parent Relationship": "Outer", "Startup Cost": 41298.47, "Total Cost": 41970.72, "Plan Rows": 53780, "Plan Width": 40, "Group By Key": ["public.partsupp.ps_partkey"], "Filter": "(sum((public.partsupp.ps_supplycost * (public.partsupp.ps_availqty)::double precision)) > $2)", "Plans": [{"Node Type": "Nested Loop", "Parent Relationship": "Outer", "Join Type": "Inner", "Startup Cost": 95.25, "Total Cost": 40357.32, "Plan Rows": 53780, "Plan Width": 24, "Inner Unique": false, "Plans": [{"Node Type": "Nested Loop", "Parent Relationship": "Outer", "Join Type": "Inner", "Startup Cost": 95.25, "Total Cost": 2533.35, "Plan Rows": 4000, "Plan Width": 8, "Inner Unique": false, "Plans": [{"Node Type": "Seq Scan", "Parent Relationship": "Outer", "Relation Name": "nation", "Alias": "nation", "Startup Cost": 0.0, "Total Cost": 1.31, "Plan Rows": 1, "Plan Width": 4, "Filter": "(n_name = 'MOZAMBIQUE'::bpchar)"}, {"Node Type": "Bitmap Heap Scan", "Parent Relationship": "Inner", "Relation Name": "supplier", "Alias": "supplier", "Startup Cost": 95.25, "Total Cost": 2492.04, "Plan Rows": 4000, "Plan Width": 12, "Recheck Cond": "(s_nationkey = public.nation.n_nationkey)", "Plans": [{"Node Type": "Bitmap Index Scan", "Parent Relationship": "Outer", "Index Name": "idx_supplier_nation_key", "Startup Cost": 0.0, "Total Cost": 94.25, "Plan Rows": 4000, "Plan Width": 0, "Index Cond": "(s_nationkey = public.nation.n_nationkey)"}]}]}, {"Node Type": "Index Scan", "Parent Relationship": "Inner", "Scan Direction": "Forward", "Index Name": "idx_partsupp_suppkey", "Relation Name": "partsupp", "Alias": "partsupp", "Startup Cost": 0.0, "Total Cost": 9.33, "Plan Rows": 13, "Plan Width": 32, "Index Cond": "(ps_suppkey = public.supplier.s_suppkey)"}]}]}]}, "Unique SQL Id": 2932834211, "Planner Runtime": 2}, "explain_analyze_plan": {"Plan": {"Node Type": "Sort", "Startup Cost": 86957.11, "Total Cost": 87091.56, "Plan Rows": 53780, "Plan Width": 40, "Actual Startup Time": 1757.818, "Actual Total Time": 1757.818, "Actual Rows": 0, "Actual Loops": 1, "Sort Key": ["(sum((public.partsupp.ps_supplycost * (public.partsupp.ps_availqty)::double precision))) DESC"], "Sort Method": "quicksort", "Sort Space Used": 25, "Sort Space Type": "Memory", "Plans": [{"Node Type": "Aggregate", "Strategy": "Plain", "Parent Relationship": "exec_init_plan", "Subplan Name": "InitPlan 1 (returns $2)", "Startup Cost": 40760.67, "Total Cost": 40760.68, "Plan Rows": 1, "Plan Width": 24, "Actual Startup Time": 685.274, "Actual Total Time": 685.274, "Actual Rows": 1, "Actual Loops": 1, "Plans": [{"Node Type": "Nested Loop", "Parent Relationship": "Outer", "Join Type": "Inner", "Startup Cost": 95.25, "Total Cost": 40357.32, "Plan Rows": 53780, "Plan Width": 16, "Actual Startup Time": 0.989, "Actual Total Time": 550.199, "Actual Rows": 313920, "Actual Loops": 1, "Inner Unique": false, "Plans": [{"Node Type": "Nested Loop", "Parent Relationship": "Outer", "Join Type": "Inner", "Startup Cost": 95.25, "Total Cost": 2533.35, "Plan Rows": 4000, "Plan Width": 8, "Actual Startup Time": 0.963, "Actual Total Time": 7.289, "Actual Rows": 3924, "Actual Loops": 1, "Inner Unique": false, "Plans": [{"Node Type": "Seq Scan", "Parent Relationship": "Outer", "Relation Name": "nation", "Alias": "nation", "Startup Cost": 0.0, "Total Cost": 1.31, "Plan Rows": 1, "Plan Width": 4, "Actual Startup Time": 0.043, "Actual Total Time": 0.055, "Actual Rows": 1, "Actual Loops": 1, "Filter": "(n_name = 'MOZAMBIQUE'::bpchar)", "Rows Removed by Filter": 24}, {"Node Type": "Bitmap Heap Scan", "Parent Relationship": "Inner", "Relation Name": "supplier", "Alias": "supplier", "Startup Cost": 95.25, "Total Cost": 2492.04, "Plan Rows": 4000, "Plan Width": 12, "Actual Startup Time": 0.903, "Actual Total Time": 6.347, "Actual Rows": 3924, "Actual Loops": 1, "Recheck Cond": "(s_nationkey = public.nation.n_nationkey)", "Rows Removed by Index Recheck": 0, "Exact Heap Blocks": 1895, "Lossy Heap Blocks": 1895, "Plans": [{"Node Type": "Bitmap Index Scan", "Parent Relationship": "Outer", "Index Name": "idx_supplier_nation_key", "Startup Cost": 0.0, "Total Cost": 94.25, "Plan Rows": 4000, "Plan Width": 0, "Actual Startup Time": 0.624, "Actual Total Time": 0.624, "Actual Rows": 3924, "Actual Loops": 1, "Index Cond": "(s_nationkey = public.nation.n_nationkey)"}]}]}, {"Node Type": "Index Scan", "Parent Relationship": "Inner", "Scan Direction": "Forward", "Index Name": "idx_partsupp_suppkey", "Relation Name": "partsupp", "Alias": "partsupp", "Startup Cost": 0.0, "Total Cost": 9.33, "Plan Rows": 13, "Plan Width": 24, "Actual Startup Time": 41.836, "Actual Total Time": 476.637, "Actual Rows": 313920, "Actual Loops": 3924, "Index Cond": "(ps_suppkey = public.supplier.s_suppkey)", "Rows Removed by Index Recheck": 0}]}]}, {"Node Type": "Aggregate", "Strategy": "Hashed", "Parent Relationship": "Outer", "Startup Cost": 41298.47, "Total Cost": 41970.72, "Plan Rows": 53780, "Plan Width": 40, "Actual Startup Time": 1757.278, "Actual Total Time": 1757.278, "Actual Rows": 0, "Actual Loops": 1, "Group By Key": ["public.partsupp.ps_partkey"], "Filter": "(sum((public.partsupp.ps_supplycost * (public.partsupp.ps_availqty)::double precision)) > $2)", "Rows Removed by Filter": 295792, "Plans": [{"Node Type": "Nested Loop", "Parent Relationship": "Outer", "Join Type": "Inner", "Startup Cost": 95.25, "Total Cost": 40357.32, "Plan Rows": 53780, "Plan Width": 24, "Actual Startup Time": 0.989, "Actual Total Time": 653.431, "Actual Rows": 313920, "Actual Loops": 1, "Inner Unique": false, "Plans": [{"Node Type": "Nested Loop", "Parent Relationship": "Outer", "Join Type": "Inner", "Startup Cost": 95.25, "Total Cost": 2533.35, "Plan Rows": 4000, "Plan Width": 8, "Actual Startup Time": 0.965, "Actual Total Time": 8.619, "Actual Rows": 3924, "Actual Loops": 1, "Inner Unique": false, "Plans": [{"Node Type": "Seq Scan", "Parent Relationship": "Outer", "Relation Name": "nation", "Alias": "nation", "Startup Cost": 0.0, "Total Cost": 1.31, "Plan Rows": 1, "Plan Width": 4, "Actual Startup Time": 0.03, "Actual Total Time": 0.047, "Actual Rows": 1, "Actual Loops": 1, "Filter": "(n_name = 'MOZAMBIQUE'::bpchar)", "Rows Removed by Filter": 24}, {"Node Type": "Bitmap Heap Scan", "Parent Relationship": "Inner", "Relation Name": "supplier", "Alias": "supplier", "Startup Cost": 95.25, "Total Cost": 2492.04, "Plan Rows": 4000, "Plan Width": 12, "Actual Startup Time": 0.928, "Actual Total Time": 7.555, "Actual Rows": 3924, "Actual Loops": 1, "Recheck Cond": "(s_nationkey = public.nation.n_nationkey)", "Rows Removed by Index Recheck": 0, "Exact Heap Blocks": 1895, "Lossy Heap Blocks": 1895, "Plans": [{"Node Type": "Bitmap Index Scan", "Parent Relationship": "Outer", "Index Name": "idx_supplier_nation_key", "Startup Cost": 0.0, "Total Cost": 94.25, "Plan Rows": 4000, "Plan Width": 0, "Actual Startup Time": 0.644, "Actual Total Time": 0.644, "Actual Rows": 3924, "Actual Loops": 1, "Index Cond": "(s_nationkey = public.nation.n_nationkey)"}]}]}, {"Node Type": "Index Scan", "Parent Relationship": "Inner", "Scan Direction": "Forward", "Index Name": "idx_partsupp_suppkey", "Relation Name": "partsupp", "Alias": "partsupp", "Startup Cost": 0.0, "Total Cost": 9.33, "Plan Rows": 13, "Plan Width": 32, "Actual Startup Time": 48.203, "Actual Total Time": 572.851, "Actual Rows": 313920, "Actual Loops": 3924, "Index Cond": "(ps_suppkey = public.supplier.s_suppkey)", "Rows Removed by Index Recheck": 0}]}]}]}, "Triggers": [], "Planner Runtime": 0, "Total Runtime": 1758.153, "Unique SQL Id": 2932834211}}, "(64, 5)": {"explain_plan": {"Plan": {"Node Type": "Sort", "Startup Cost": 86979.86, "Total Cost": 87114.31, "Plan Rows": 53780, "Plan Width": 40, "Sort Key": ["(sum((public.partsupp.ps_supplycost * (public.partsupp.ps_availqty)::double precision))) DESC"], "Plans": [{"Node Type": "Aggregate", "Strategy": "Plain", "Parent Relationship": "exec_init_plan", "Subplan Name": "InitPlan 1 (returns $2)", "Startup Cost": 40772.04, "Total Cost": 40772.06, "Plan Rows": 1, "Plan Width": 24, "Plans": [{"Node Type": "Nested Loop", "Parent Relationship": "Outer", "Join Type": "Inner", "Startup Cost": 95.25, "Total Cost": 40368.69, "Plan Rows": 53780, "Plan Width": 16, "Inner Unique": false, "Plans": [{"Node Type": "Nested Loop", "Parent Relationship": "Outer", "Join Type": "Inner", "Startup Cost": 95.25, "Total Cost": 2544.73, "Plan Rows": 4000, "Plan Width": 8, "Inner Unique": false, "Plans": [{"Node Type": "Index Scan", "Parent Relationship": "Outer", "Scan Direction": "Forward", "Index Name": "nation_pkey", "Relation Name": "nation", "Alias": "nation", "Startup Cost": 0.0, "Total Cost": 12.69, "Plan Rows": 1, "Plan Width": 4, "Filter": "(n_name = 'MOZAMBIQUE'::bpchar)"}, {"Node Type": "Bitmap Heap Scan", "Parent Relationship": "Inner", "Relation Name": "supplier", "Alias": "supplier", "Startup Cost": 95.25, "Total Cost": 2492.04, "Plan Rows": 4000, "Plan Width": 12, "Recheck Cond": "(s_nationkey = public.nation.n_nationkey)", "Plans": [{"Node Type": "Bitmap Index Scan", "Parent Relationship": "Outer", "Index Name": "idx_supplier_nation_key", "Startup Cost": 0.0, "Total Cost": 94.25, "Plan Rows": 4000, "Plan Width": 0, "Index Cond": "(s_nationkey = public.nation.n_nationkey)"}]}]}, {"Node Type": "Index Scan", "Parent Relationship": "Inner", "Scan Direction": "Forward", "Index Name": "idx_partsupp_suppkey", "Relation Name": "partsupp", "Alias": "partsupp", "Startup Cost": 0.0, "Total Cost": 9.33, "Plan Rows": 13, "Plan Width": 24, "Index Cond": "(ps_suppkey = public.supplier.s_suppkey)"}]}]}, {"Node Type": "Aggregate", "Strategy": "Hashed", "Parent Relationship": "Outer", "Startup Cost": 41309.84, "Total Cost": 41982.09, "Plan Rows": 53780, "Plan Width": 40, "Group By Key": ["public.partsupp.ps_partkey"], "Filter": "(sum((public.partsupp.ps_supplycost * (public.partsupp.ps_availqty)::double precision)) > $2)", "Plans": [{"Node Type": "Nested Loop", "Parent Relationship": "Outer", "Join Type": "Inner", "Startup Cost": 95.25, "Total Cost": 40368.69, "Plan Rows": 53780, "Plan Width": 24, "Inner Unique": false, "Plans": [{"Node Type": "Nested Loop", "Parent Relationship": "Outer", "Join Type": "Inner", "Startup Cost": 95.25, "Total Cost": 2544.73, "Plan Rows": 4000, "Plan Width": 8, "Inner Unique": false, "Plans": [{"Node Type": "Index Scan", "Parent Relationship": "Outer", "Scan Direction": "Forward", "Index Name": "nation_pkey", "Relation Name": "nation", "Alias": "nation", "Startup Cost": 0.0, "Total Cost": 12.69, "Plan Rows": 1, "Plan Width": 4, "Filter": "(n_name = 'MOZAMBIQUE'::bpchar)"}, {"Node Type": "Bitmap Heap Scan", "Parent Relationship": "Inner", "Relation Name": "supplier", "Alias": "supplier", "Startup Cost": 95.25, "Total Cost": 2492.04, "Plan Rows": 4000, "Plan Width": 12, "Recheck Cond": "(s_nationkey = public.nation.n_nationkey)", "Plans": [{"Node Type": "Bitmap Index Scan", "Parent Relationship": "Outer", "Index Name": "idx_supplier_nation_key", "Startup Cost": 0.0, "Total Cost": 94.25, "Plan Rows": 4000, "Plan Width": 0, "Index Cond": "(s_nationkey = public.nation.n_nationkey)"}]}]}, {"Node Type": "Index Scan", "Parent Relationship": "Inner", "Scan Direction": "Forward", "Index Name": "idx_partsupp_suppkey", "Relation Name": "partsupp", "Alias": "partsupp", "Startup Cost": 0.0, "Total Cost": 9.33, "Plan Rows": 13, "Plan Width": 32, "Index Cond": "(ps_suppkey = public.supplier.s_suppkey)"}]}]}]}, "Unique SQL Id": 2932834211, "Planner Runtime": 1}, "explain_analyze_plan": {"Plan": {"Node Type": "Sort", "Startup Cost": 86979.86, "Total Cost": 87114.31, "Plan Rows": 53780, "Plan Width": 40, "Actual Startup Time": 1762.834, "Actual Total Time": 1762.834, "Actual Rows": 0, "Actual Loops": 1, "Sort Key": ["(sum((public.partsupp.ps_supplycost * (public.partsupp.ps_availqty)::double precision))) DESC"], "Sort Method": "quicksort", "Sort Space Used": 25, "Sort Space Type": "Memory", "Plans": [{"Node Type": "Aggregate", "Strategy": "Plain", "Parent Relationship": "exec_init_plan", "Subplan Name": "InitPlan 1 (returns $2)", "Startup Cost": 40772.04, "Total Cost": 40772.06, "Plan Rows": 1, "Plan Width": 24, "Actual Startup Time": 757.478, "Actual Total Time": 757.478, "Actual Rows": 1, "Actual Loops": 1, "Plans": [{"Node Type": "Nested Loop", "Parent Relationship": "Outer", "Join Type": "Inner", "Startup Cost": 95.25, "Total Cost": 40368.69, "Plan Rows": 53780, "Plan Width": 16, "Actual Startup Time": 0.979, "Actual Total Time": 621.76, "Actual Rows": 313920, "Actual Loops": 1, "Inner Unique": false, "Plans": [{"Node Type": "Nested Loop", "Parent Relationship": "Outer", "Join Type": "Inner", "Startup Cost": 95.25, "Total Cost": 2544.73, "Plan Rows": 4000, "Plan Width": 8, "Actual Startup Time": 0.958, "Actual Total Time": 8.05, "Actual Rows": 3924, "Actual Loops": 1, "Inner Unique": false, "Plans": [{"Node Type": "Index Scan", "Parent Relationship": "Outer", "Scan Direction": "Forward", "Index Name": "nation_pkey", "Relation Name": "nation", "Alias": "nation", "Startup Cost": 0.0, "Total Cost": 12.69, "Plan Rows": 1, "Plan Width": 4, "Actual Startup Time": 0.038, "Actual Total Time": 0.053, "Actual Rows": 1, "Actual Loops": 1, "Filter": "(n_name = 'MOZAMBIQUE'::bpchar)", "Rows Removed by Filter": 24}, {"Node Type": "Bitmap Heap Scan", "Parent Relationship": "Inner", "Relation Name": "supplier", "Alias": "supplier", "Startup Cost": 95.25, "Total Cost": 2492.04, "Plan Rows": 4000, "Plan Width": 12, "Actual Startup Time": 0.903, "Actual Total Time": 7.053, "Actual Rows": 3924, "Actual Loops": 1, "Recheck Cond": "(s_nationkey = public.nation.n_nationkey)", "Rows Removed by Index Recheck": 0, "Exact Heap Blocks": 1895, "Lossy Heap Blocks": 1895, "Plans": [{"Node Type": "Bitmap Index Scan", "Parent Relationship": "Outer", "Index Name": "idx_supplier_nation_key", "Startup Cost": 0.0, "Total Cost": 94.25, "Plan Rows": 4000, "Plan Width": 0, "Actual Startup Time": 0.627, "Actual Total Time": 0.627, "Actual Rows": 3924, "Actual Loops": 1, "Index Cond": "(s_nationkey = public.nation.n_nationkey)"}]}]}, {"Node Type": "Index Scan", "Parent Relationship": "Inner", "Scan Direction": "Forward", "Index Name": "idx_partsupp_suppkey", "Relation Name": "partsupp", "Alias": "partsupp", "Startup Cost": 0.0, "Total Cost": 9.33, "Plan Rows": 13, "Plan Width": 24, "Actual Startup Time": 46.082, "Actual Total Time": 547.337, "Actual Rows": 313920, "Actual Loops": 3924, "Index Cond": "(ps_suppkey = public.supplier.s_suppkey)", "Rows Removed by Index Recheck": 0}]}]}, {"Node Type": "Aggregate", "Strategy": "Hashed", "Parent Relationship": "Outer", "Startup Cost": 41309.84, "Total Cost": 41982.09, "Plan Rows": 53780, "Plan Width": 40, "Actual Startup Time": 1762.251, "Actual Total Time": 1762.251, "Actual Rows": 0, "Actual Loops": 1, "Group By Key": ["public.partsupp.ps_partkey"], "Filter": "(sum((public.partsupp.ps_supplycost * (public.partsupp.ps_availqty)::double precision)) > $2)", "Rows Removed by Filter": 295792, "Plans": [{"Node Type": "Nested Loop", "Parent Relationship": "Outer", "Join Type": "Inner", "Startup Cost": 95.25, "Total Cost": 40368.69, "Plan Rows": 53780, "Plan Width": 24, "Actual Startup Time": 0.974, "Actual Total Time": 574.222, "Actual Rows": 313920, "Actual Loops": 1, "Inner Unique": false, "Plans": [{"Node Type": "Nested Loop", "Parent Relationship": "Outer", "Join Type": "Inner", "Startup Cost": 95.25, "Total Cost": 2544.73, "Plan Rows": 4000, "Plan Width": 8, "Actual Startup Time": 0.951, "Actual Total Time": 7.662, "Actual Rows": 3924, "Actual Loops": 1, "Inner Unique": false, "Plans": [{"Node Type": "Index Scan", "Parent Relationship": "Outer", "Scan Direction": "Forward", "Index Name": "nation_pkey", "Relation Name": "nation", "Alias": "nation", "Startup Cost": 0.0, "Total Cost": 12.69, "Plan Rows": 1, "Plan Width": 4, "Actual Startup Time": 0.031, "Actual Total Time": 0.042, "Actual Rows": 1, "Actual Loops": 1, "Filter": "(n_name = 'MOZAMBIQUE'::bpchar)", "Rows Removed by Filter": 24}, {"Node Type": "Bitmap Heap Scan", "Parent Relationship": "Inner", "Relation Name": "supplier", "Alias": "supplier", "Startup Cost": 95.25, "Total Cost": 2492.04, "Plan Rows": 4000, "Plan Width": 12, "Actual Startup Time": 0.913, "Actual Total Time": 6.701, "Actual Rows": 3924, "Actual Loops": 1, "Recheck Cond": "(s_nationkey = public.nation.n_nationkey)", "Rows Removed by Index Recheck": 0, "Exact Heap Blocks": 1895, "Lossy Heap Blocks": 1895, "Plans": [{"Node Type": "Bitmap Index Scan", "Parent Relationship": "Outer", "Index Name": "idx_supplier_nation_key", "Startup Cost": 0.0, "Total Cost": 94.25, "Plan Rows": 4000, "Plan Width": 0, "Actual Startup Time": 0.621, "Actual Total Time": 0.621, "Actual Rows": 3924, "Actual Loops": 1, "Index Cond": "(s_nationkey = public.nation.n_nationkey)"}]}]}, {"Node Type": "Index Scan", "Parent Relationship": "Inner", "Scan Direction": "Forward", "Index Name": "idx_partsupp_suppkey", "Relation Name": "partsupp", "Alias": "partsupp", "Startup Cost": 0.0, "Total Cost": 9.33, "Plan Rows": 13, "Plan Width": 32, "Actual Startup Time": 43.059, "Actual Total Time": 494.357, "Actual Rows": 313920, "Actual Loops": 3924, "Index Cond": "(ps_suppkey = public.supplier.s_suppkey)", "Rows Removed by Index Recheck": 0}]}]}]}, "Triggers": [], "Planner Runtime": 0, "Total Runtime": 1763.161, "Unique SQL Id": 2932834211}}, "(64, 6)": {"explain_plan": {"Plan": {"Node Type": "Sort", "Startup Cost": 90032.55, "Total Cost": 90167.0, "Plan Rows": 53780, "Plan Width": 40, "Sort Key": ["(sum((public.partsupp.ps_supplycost * (public.partsupp.ps_availqty)::double precision))) DESC"], "Plans": [{"Node Type": "Aggregate", "Strategy": "Plain", "Parent Relationship": "exec_init_plan", "Subplan Name": "InitPlan 1 (returns $2)", "Startup Cost": 42298.39, "Total Cost": 42298.4, "Plan Rows": 1, "Plan Width": 24, "Plans": [{"Node Type": "Nested Loop", "Parent Relationship": "Outer", "Join Type": "Inner", "Startup Cost": 96.82, "Total Cost": 41895.04, "Plan Rows": 53780, "Plan Width": 16, "Inner Unique": false, "Plans": [{"Node Type": "Nested Loop", "Parent Relationship": "Outer", "Join Type": "Inner", "Startup Cost": 95.25, "Total Cost": 2533.35, "Plan Rows": 4000, "Plan Width": 8, "Inner Unique": false, "Plans": [{"Node Type": "Seq Scan", "Parent Relationship": "Outer", "Relation Name": "nation", "Alias": "nation", "Startup Cost": 0.0, "Total Cost": 1.31, "Plan Rows": 1, "Plan Width": 4, "Filter": "(n_name = 'MOZAMBIQUE'::bpchar)"}, {"Node Type": "Bitmap Heap Scan", "Parent Relationship": "Inner", "Relation Name": "supplier", "Alias": "supplier", "Startup Cost": 95.25, "Total Cost": 2492.04, "Plan Rows": 4000, "Plan Width": 12, "Recheck Cond": "(s_nationkey = public.nation.n_nationkey)", "Plans": [{"Node Type": "Bitmap Index Scan", "Parent Relationship": "Outer", "Index Name": "idx_supplier_nation_key", "Startup Cost": 0.0, "Total Cost": 94.25, "Plan Rows": 4000, "Plan Width": 0, "Index Cond": "(s_nationkey = public.nation.n_nationkey)"}]}]}, {"Node Type": "Bitmap Heap Scan", "Parent Relationship": "Inner", "Relation Name": "partsupp", "Alias": "partsupp", "Startup Cost": 1.57, "Total Cost": 9.71, "Plan Rows": 13, "Plan Width": 24, "Recheck Cond": "(ps_suppkey = public.supplier.s_suppkey)", "Plans": [{"Node Type": "Bitmap Index Scan", "Parent Relationship": "Outer", "Index Name": "idx_partsupp_suppkey", "Startup Cost": 0.0, "Total Cost": 1.56, "Plan Rows": 13, "Plan Width": 0, "Index Cond": "(ps_suppkey = public.supplier.s_suppkey)"}]}]}]}, {"Node Type": "Aggregate", "Strategy": "Hashed", "Parent Relationship": "Outer", "Startup Cost": 42836.19, "Total Cost": 43508.44, "Plan Rows": 53780, "Plan Width": 40, "Group By Key": ["public.partsupp.ps_partkey"], "Filter": "(sum((public.partsupp.ps_supplycost * (public.partsupp.ps_availqty)::double precision)) > $2)", "Plans": [{"Node Type": "Nested Loop", "Parent Relationship": "Outer", "Join Type": "Inner", "Startup Cost": 96.82, "Total Cost": 41895.04, "Plan Rows": 53780, "Plan Width": 24, "Inner Unique": false, "Plans": [{"Node Type": "Nested Loop", "Parent Relationship": "Outer", "Join Type": "Inner", "Startup Cost": 95.25, "Total Cost": 2533.35, "Plan Rows": 4000, "Plan Width": 8, "Inner Unique": false, "Plans": [{"Node Type": "Seq Scan", "Parent Relationship": "Outer", "Relation Name": "nation", "Alias": "nation", "Startup Cost": 0.0, "Total Cost": 1.31, "Plan Rows": 1, "Plan Width": 4, "Filter": "(n_name = 'MOZAMBIQUE'::bpchar)"}, {"Node Type": "Bitmap Heap Scan", "Parent Relationship": "Inner", "Relation Name": "supplier", "Alias": "supplier", "Startup Cost": 95.25, "Total Cost": 2492.04, "Plan Rows": 4000, "Plan Width": 12, "Recheck Cond": "(s_nationkey = public.nation.n_nationkey)", "Plans": [{"Node Type": "Bitmap Index Scan", "Parent Relationship": "Outer", "Index Name": "idx_supplier_nation_key", "Startup Cost": 0.0, "Total Cost": 94.25, "Plan Rows": 4000, "Plan Width": 0, "Index Cond": "(s_nationkey = public.nation.n_nationkey)"}]}]}, {"Node Type": "Bitmap Heap Scan", "Parent Relationship": "Inner", "Relation Name": "partsupp", "Alias": "partsupp", "Startup Cost": 1.57, "Total Cost": 9.71, "Plan Rows": 13, "Plan Width": 32, "Recheck Cond": "(ps_suppkey = public.supplier.s_suppkey)", "Plans": [{"Node Type": "Bitmap Index Scan", "Parent Relationship": "Outer", "Index Name": "idx_partsupp_suppkey", "Startup Cost": 0.0, "Total Cost": 1.56, "Plan Rows": 13, "Plan Width": 0, "Index Cond": "(ps_suppkey = public.supplier.s_suppkey)"}]}]}]}]}, "Unique SQL Id": 2932834211, "Planner Runtime": 1}, "explain_analyze_plan": {"Plan": {"Node Type": "Sort", "Startup Cost": 90032.55, "Total Cost": 90167.0, "Plan Rows": 53780, "Plan Width": 40, "Actual Startup Time": 1938.442, "Actual Total Time": 1938.442, "Actual Rows": 0, "Actual Loops": 1, "Sort Key": ["(sum((public.partsupp.ps_supplycost * (public.partsupp.ps_availqty)::double precision))) DESC"], "Sort Method": "quicksort", "Sort Space Used": 25, "Sort Space Type": "Memory", "Plans": [{"Node Type": "Aggregate", "Strategy": "Plain", "Parent Relationship": "exec_init_plan", "Subplan Name": "InitPlan 1 (returns $2)", "Startup Cost": 42298.39, "Total Cost": 42298.4, "Plan Rows": 1, "Plan Width": 24, "Actual Startup Time": 849.92, "Actual Total Time": 849.921, "Actual Rows": 1, "Actual Loops": 1, "Plans": [{"Node Type": "Nested Loop", "Parent Relationship": "Outer", "Join Type": "Inner", "Startup Cost": 96.82, "Total Cost": 41895.04, "Plan Rows": 53780, "Plan Width": 16, "Actual Startup Time": 1.032, "Actual Total Time": 721.537, "Actual Rows": 313920, "Actual Loops": 1, "Inner Unique": false, "Plans": [{"Node Type": "Nested Loop", "Parent Relationship": "Outer", "Join Type": "Inner", "Startup Cost": 95.25, "Total Cost": 2533.35, "Plan Rows": 4000, "Plan Width": 8, "Actual Startup Time": 0.983, "Actual Total Time": 7.832, "Actual Rows": 3924, "Actual Loops": 1, "Inner Unique": false, "Plans": [{"Node Type": "Seq Scan", "Parent Relationship": "Outer", "Relation Name": "nation", "Alias": "nation", "Startup Cost": 0.0, "Total Cost": 1.31, "Plan Rows": 1, "Plan Width": 4, "Actual Startup Time": 0.036, "Actual Total Time": 0.051, "Actual Rows": 1, "Actual Loops": 1, "Filter": "(n_name = 'MOZAMBIQUE'::bpchar)", "Rows Removed by Filter": 24}, {"Node Type": "Bitmap Heap Scan", "Parent Relationship": "Inner", "Relation Name": "supplier", "Alias": "supplier", "Startup Cost": 95.25, "Total Cost": 2492.04, "Plan Rows": 4000, "Plan Width": 12, "Actual Startup Time": 0.939, "Actual Total Time": 6.87, "Actual Rows": 3924, "Actual Loops": 1, "Recheck Cond": "(s_nationkey = public.nation.n_nationkey)", "Rows Removed by Index Recheck": 0, "Exact Heap Blocks": 1895, "Lossy Heap Blocks": 1895, "Plans": [{"Node Type": "Bitmap Index Scan", "Parent Relationship": "Outer", "Index Name": "idx_supplier_nation_key", "Startup Cost": 0.0, "Total Cost": 94.25, "Plan Rows": 4000, "Plan Width": 0, "Actual Startup Time": 0.649, "Actual Total Time": 0.649, "Actual Rows": 3924, "Actual Loops": 1, "Index Cond": "(s_nationkey = public.nation.n_nationkey)"}]}]}, {"Node Type": "Bitmap Heap Scan", "Parent Relationship": "Inner", "Relation Name": "partsupp", "Alias": "partsupp", "Startup Cost": 1.57, "Total Cost": 9.71, "Plan Rows": 13, "Plan Width": 24, "Actual Startup Time": 100.697, "Actual Total Time": 646.011, "Actual Rows": 313920, "Actual Loops": 3924, "Recheck Cond": "(ps_suppkey = public.supplier.s_suppkey)", "Rows Removed by Index Recheck": 0, "Exact Heap Blocks": 313920, "Lossy Heap Blocks": 313920, "Plans": [{"Node Type": "Bitmap Index Scan", "Parent Relationship": "Outer", "Index Name": "idx_partsupp_suppkey", "Startup Cost": 0.0, "Total Cost": 1.56, "Plan Rows": 13, "Plan Width": 0, "Actual Startup Time": 62.61, "Actual Total Time": 62.61, "Actual Rows": 313920, "Actual Loops": 3924, "Index Cond": "(ps_suppkey = public.supplier.s_suppkey)"}]}]}]}, {"Node Type": "Aggregate", "Strategy": "Hashed", "Parent Relationship": "Outer", "Startup Cost": 42836.19, "Total Cost": 43508.44, "Plan Rows": 53780, "Plan Width": 40, "Actual Startup Time": 1938.021, "Actual Total Time": 1938.021, "Actual Rows": 0, "Actual Loops": 1, "Group By Key": ["public.partsupp.ps_partkey"], "Filter": "(sum((public.partsupp.ps_supplycost * (public.partsupp.ps_availqty)::double precision)) > $2)", "Rows Removed by Filter": 295792, "Plans": [{"Node Type": "Nested Loop", "Parent Relationship": "Outer", "Join Type": "Inner", "Startup Cost": 96.82, "Total Cost": 41895.04, "Plan Rows": 53780, "Plan Width": 24, "Actual Startup Time": 0.995, "Actual Total Time": 708.938, "Actual Rows": 313920, "Actual Loops": 1, "Inner Unique": false, "Plans": [{"Node Type": "Nested Loop", "Parent Relationship": "Outer", "Join Type": "Inner", "Startup Cost": 95.25, "Total Cost": 2533.35, "Plan Rows": 4000, "Plan Width": 8, "Actual Startup Time": 0.951, "Actual Total Time": 7.412, "Actual Rows": 3924, "Actual Loops": 1, "Inner Unique": false, "Plans": [{"Node Type": "Seq Scan", "Parent Relationship": "Outer", "Relation Name": "nation", "Alias": "nation", "Startup Cost": 0.0, "Total Cost": 1.31, "Plan Rows": 1, "Plan Width": 4, "Actual Startup Time": 0.031, "Actual Total Time": 0.045, "Actual Rows": 1, "Actual Loops": 1, "Filter": "(n_name = 'MOZAMBIQUE'::bpchar)", "Rows Removed by Filter": 24}, {"Node Type": "Bitmap Heap Scan", "Parent Relationship": "Inner", "Relation Name": "supplier", "Alias": "supplier", "Startup Cost": 95.25, "Total Cost": 2492.04, "Plan Rows": 4000, "Plan Width": 12, "Actual Startup Time": 0.912, "Actual Total Time": 6.426, "Actual Rows": 3924, "Actual Loops": 1, "Recheck Cond": "(s_nationkey = public.nation.n_nationkey)", "Rows Removed by Index Recheck": 0, "Exact Heap Blocks": 1895, "Lossy Heap Blocks": 1895, "Plans": [{"Node Type": "Bitmap Index Scan", "Parent Relationship": "Outer", "Index Name": "idx_supplier_nation_key", "Startup Cost": 0.0, "Total Cost": 94.25, "Plan Rows": 4000, "Plan Width": 0, "Actual Startup Time": 0.632, "Actual Total Time": 0.632, "Actual Rows": 3924, "Actual Loops": 1, "Index Cond": "(s_nationkey = public.nation.n_nationkey)"}]}]}, {"Node Type": "Bitmap Heap Scan", "Parent Relationship": "Inner", "Relation Name": "partsupp", "Alias": "partsupp", "Startup Cost": 1.57, "Total Cost": 9.71, "Plan Rows": 13, "Plan Width": 32, "Actual Startup Time": 100.385, "Actual Total Time": 627.624, "Actual Rows": 313920, "Actual Loops": 3924, "Recheck Cond": "(ps_suppkey = public.supplier.s_suppkey)", "Rows Removed by Index Recheck": 0, "Exact Heap Blocks": 313920, "Lossy Heap Blocks": 313920, "Plans": [{"Node Type": "Bitmap Index Scan", "Parent Relationship": "Outer", "Index Name": "idx_partsupp_suppkey", "Startup Cost": 0.0, "Total Cost": 1.56, "Plan Rows": 13, "Plan Width": 0, "Actual Startup Time": 62.318, "Actual Total Time": 62.318, "Actual Rows": 313920, "Actual Loops": 3924, "Index Cond": "(ps_suppkey = public.supplier.s_suppkey)"}]}]}]}]}, "Triggers": [], "Planner Runtime": 0, "Total Runtime": 1938.921, "Unique SQL Id": 2932834211}}, "(64, 7)": {"explain_plan": {"Plan": {"Node Type": "Sort", "Startup Cost": 2000084159245.82, "Total Cost": 2000084159380.27, "Plan Rows": 53780, "Plan Width": 40, "Sort Key": ["(sum((public.partsupp.ps_supplycost * (public.partsupp.ps_availqty)::double precision))) DESC"], "Plans": [{"Node Type": "Aggregate", "Strategy": "Plain", "Parent Relationship": "exec_init_plan", "Subplan Name": "InitPlan 1 (returns $2)", "Startup Cost": 1000001001502.42, "Total Cost": 1000001001502.43, "Plan Rows": 1, "Plan Width": 24, "Plans": [{"Node Type": "Nested Loop", "Parent Relationship": "Outer", "Join Type": "Inner", "Startup Cost": 10000000001.83, "Total Cost": 1000001001099.07, "Plan Rows": 53780, "Plan Width": 16, "Inner Unique": false, "Plans": [{"Node Type": "Nested Loop", "Parent Relationship": "Outer", "Join Type": "Inner", "Startup Cost": 10000000000.26, "Total Cost": 1000000961737.38, "Plan Rows": 4000, "Plan Width": 8, "Inner Unique": true, "Plans": [{"Node Type": "Index Scan", "Parent Relationship": "Outer", "Scan Direction": "Forward", "Index Name": "supplier_pkey", "Relation Name": "supplier", "Alias": "supplier", "Startup Cost": 10000000000.0, "Total Cost": 1000000533454.38, "Plan Rows": 100000, "Plan Width": 12}, {"Node Type": "Bitmap Heap Scan", "Parent Relationship": "Inner", "Relation Name": "nation", "Alias": "nation", "Startup Cost": 0.26, "Total Cost": 4.27, "Plan Rows": 1, "Plan Width": 4, "Recheck Cond": "(n_nationkey = public.supplier.s_nationkey)", "Filter": "(n_name = 'MOZAMBIQUE'::bpchar)", "Plans": [{"Node Type": "Bitmap Index Scan", "Parent Relationship": "Outer", "Index Name": "nation_pkey", "Startup Cost": 0.0, "Total Cost": 0.26, "Plan Rows": 1, "Plan Width": 0, "Index Cond": "(n_nationkey = public.supplier.s_nationkey)"}]}]}, {"Node Type": "Bitmap Heap Scan", "Parent Relationship": "Inner", "Relation Name": "partsupp", "Alias": "partsupp", "Startup Cost": 1.57, "Total Cost": 9.71, "Plan Rows": 13, "Plan Width": 24, "Recheck Cond": "(ps_suppkey = public.supplier.s_suppkey)", "Plans": [{"Node Type": "Bitmap Index Scan", "Parent Relationship": "Outer", "Index Name": "idx_partsupp_suppkey", "Startup Cost": 0.0, "Total Cost": 1.56, "Plan Rows": 13, "Plan Width": 0, "Index Cond": "(ps_suppkey = public.supplier.s_suppkey)"}]}]}]}, {"Node Type": "Aggregate", "Strategy": "Hashed", "Parent Relationship": "Outer", "Startup Cost": 1000083152845.44, "Total Cost": 1000083153517.69, "Plan Rows": 53780, "Plan Width": 40, "Group By Key": ["public.partsupp.ps_partkey"], "Filter": "(sum((public.partsupp.ps_supplycost * (public.partsupp.ps_availqty)::double precision)) > $2)", "Plans": [{"Node Type": "Nested Loop", "Parent Relationship": "Outer", "Join Type": "Inner", "Startup Cost": 10000000000.52, "Total Cost": 1000083151904.29, "Plan Rows": 53780, "Plan Width": 24, "Inner Unique": true, "Plans": [{"Node Type": "Nested Loop", "Parent Relationship": "Outer", "Join Type": "Inner", "Startup Cost": 10000000000.26, "Total Cost": 1000077393643.64, "Plan Rows": 1344499, "Plan Width": 28, "Inner Unique": true, "Plans": [{"Node Type": "Index Scan", "Parent Relationship": "Outer", "Scan Direction": "Forward", "Index Name": "idx_partsupp_partkey", "Relation Name": "partsupp", "Alias": "partsupp", "Startup Cost": 10000000000.0, "Total Cost": 1000043148503.38, "Plan Rows": 8000372, "Plan Width": 32}, {"Node Type": "Bitmap Heap Scan", "Parent Relationship": "Inner", "Relation Name": "supplier", "Alias": "supplier", "Startup Cost": 0.26, "Total Cost": 4.27, "Plan Rows": 1, "Plan Width": 12, "Recheck Cond": "(s_suppkey = public.partsupp.ps_suppkey)", "Plans": [{"Node Type": "Bitmap Index Scan", "Parent Relationship": "Outer", "Index Name": "supplier_pkey", "Startup Cost": 0.0, "Total Cost": 0.26, "Plan Rows": 1, "Plan Width": 0, "Index Cond": "(s_suppkey = public.partsupp.ps_suppkey)"}]}]}, {"Node Type": "Bitmap Heap Scan", "Parent Relationship": "Inner", "Relation Name": "nation", "Alias": "nation", "Startup Cost": 0.26, "Total Cost": 4.27, "Plan Rows": 1, "Plan Width": 4, "Recheck Cond": "(n_nationkey = public.supplier.s_nationkey)", "Filter": "(n_name = 'MOZAMBIQUE'::bpchar)", "Plans": [{"Node Type": "Bitmap Index Scan", "Parent Relationship": "Outer", "Index Name": "nation_pkey", "Startup Cost": 0.0, "Total Cost": 0.26, "Plan Rows": 1, "Plan Width": 0, "Index Cond": "(n_nationkey = public.supplier.s_nationkey)"}]}]}]}]}, "Unique SQL Id": 2932834211, "Planner Runtime": 1}, "explain_analyze_plan": null}, "(64, 8)": {"explain_plan": {"Plan": {"Node Type": "Sort", "Startup Cost": 89040.3, "Total Cost": 89174.75, "Plan Rows": 53780, "Plan Width": 40, "Sort Key": ["(sum((public.partsupp.ps_supplycost * (public.partsupp.ps_availqty)::double precision))) DESC"], "Plans": [{"Node Type": "Aggregate", "Strategy": "Plain", "Parent Relationship": "exec_init_plan", "Subplan Name": "InitPlan 1 (returns $1)", "Startup Cost": 41802.27, "Total Cost": 41802.28, "Plan Rows": 1, "Plan Width": 24, "Plans": [{"Node Type": "Nested Loop", "Parent Relationship": "Outer", "Join Type": "Inner", "Startup Cost": 1.32, "Total Cost": 41398.92, "Plan Rows": 53780, "Plan Width": 16, "Inner Unique": false, "Plans": [{"Node Type": "Hash Join", "Parent Relationship": "Outer", "Join Type": "Inner", "Startup Cost": 1.32, "Total Cost": 3574.95, "Plan Rows": 4000, "Plan Width": 8, "Inner Unique": true, "Hash Cond": "(public.supplier.s_nationkey = public.nation.n_nationkey)", "Plans": [{"Node Type": "Seq Scan", "Parent Relationship": "Outer", "Relation Name": "supplier", "Alias": "supplier", "Startup Cost": 0.0, "Total Cost": 3283.0, "Plan Rows": 100000, "Plan Width": 12}, {"Node Type": "Hash", "Parent Relationship": "Inner", "Startup Cost": 1.31, "Total Cost": 1.31, "Plan Rows": 1, "Plan Width": 4, "Plans": [{"Node Type": "Seq Scan", "Parent Relationship": "Outer", "Relation Name": "nation", "Alias": "nation", "Startup Cost": 0.0, "Total Cost": 1.31, "Plan Rows": 1, "Plan Width": 4, "Filter": "(n_name = 'MOZAMBIQUE'::bpchar)"}]}]}, {"Node Type": "Index Scan", "Parent Relationship": "Inner", "Scan Direction": "Forward", "Index Name": "idx_partsupp_suppkey", "Relation Name": "partsupp", "Alias": "partsupp", "Startup Cost": 0.0, "Total Cost": 9.33, "Plan Rows": 13, "Plan Width": 24, "Index Cond": "(ps_suppkey = public.supplier.s_suppkey)"}]}]}, {"Node Type": "Aggregate", "Strategy": "Hashed", "Parent Relationship": "Outer", "Startup Cost": 42340.07, "Total Cost": 43012.32, "Plan Rows": 53780, "Plan Width": 40, "Group By Key": ["public.partsupp.ps_partkey"], "Filter": "(sum((public.partsupp.ps_supplycost * (public.partsupp.ps_availqty)::double precision)) > $1)", "Plans": [{"Node Type": "Nested Loop", "Parent Relationship": "Outer", "Join Type": "Inner", "Startup Cost": 1.32, "Total Cost": 41398.92, "Plan Rows": 53780, "Plan Width": 24, "Inner Unique": false, "Plans": [{"Node Type": "Hash Join", "Parent Relationship": "Outer", "Join Type": "Inner", "Startup Cost": 1.32, "Total Cost": 3574.95, "Plan Rows": 4000, "Plan Width": 8, "Inner Unique": true, "Hash Cond": "(public.supplier.s_nationkey = public.nation.n_nationkey)", "Plans": [{"Node Type": "Seq Scan", "Parent Relationship": "Outer", "Relation Name": "supplier", "Alias": "supplier", "Startup Cost": 0.0, "Total Cost": 3283.0, "Plan Rows": 100000, "Plan Width": 12}, {"Node Type": "Hash", "Parent Relationship": "Inner", "Startup Cost": 1.31, "Total Cost": 1.31, "Plan Rows": 1, "Plan Width": 4, "Plans": [{"Node Type": "Seq Scan", "Parent Relationship": "Outer", "Relation Name": "nation", "Alias": "nation", "Startup Cost": 0.0, "Total Cost": 1.31, "Plan Rows": 1, "Plan Width": 4, "Filter": "(n_name = 'MOZAMBIQUE'::bpchar)"}]}]}, {"Node Type": "Index Scan", "Parent Relationship": "Inner", "Scan Direction": "Forward", "Index Name": "idx_partsupp_suppkey", "Relation Name": "partsupp", "Alias": "partsupp", "Startup Cost": 0.0, "Total Cost": 9.33, "Plan Rows": 13, "Plan Width": 32, "Index Cond": "(ps_suppkey = public.supplier.s_suppkey)"}]}]}]}, "Unique SQL Id": 2932834211, "Planner Runtime": 1}, "explain_analyze_plan": {"Plan": {"Node Type": "Sort", "Startup Cost": 89040.3, "Total Cost": 89174.75, "Plan Rows": 53780, "Plan Width": 40, "Actual Startup Time": 1952.782, "Actual Total Time": 1952.782, "Actual Rows": 0, "Actual Loops": 1, "Sort Key": ["(sum((public.partsupp.ps_supplycost * (public.partsupp.ps_availqty)::double precision))) DESC"], "Sort Method": "quicksort", "Sort Space Used": 25, "Sort Space Type": "Memory", "Plans": [{"Node Type": "Aggregate", "Strategy": "Plain", "Parent Relationship": "exec_init_plan", "Subplan Name": "InitPlan 1 (returns $1)", "Startup Cost": 41802.27, "Total Cost": 41802.28, "Plan Rows": 1, "Plan Width": 24, "Actual Startup Time": 837.224, "Actual Total Time": 837.225, "Actual Rows": 1, "Actual Loops": 1, "Plans": [{"Node Type": "Nested Loop", "Parent Relationship": "Outer", "Join Type": "Inner", "Startup Cost": 1.32, "Total Cost": 41398.92, "Plan Rows": 53780, "Plan Width": 16, "Actual Startup Time": 0.143, "Actual Total Time": 702.51, "Actual Rows": 313920, "Actual Loops": 1, "Inner Unique": false, "Plans": [{"Node Type": "Hash Join", "Parent Relationship": "Outer", "Join Type": "Inner", "Startup Cost": 1.32, "Total Cost": 3574.95, "Plan Rows": 4000, "Plan Width": 8, "Actual Startup Time": 0.118, "Actual Total Time": 51.636, "Actual Rows": 3924, "Actual Loops": 1, "Inner Unique": true, "Hash Cond": "(public.supplier.s_nationkey = public.nation.n_nationkey)", "Plans": [{"Node Type": "Seq Scan", "Parent Relationship": "Outer", "Relation Name": "supplier", "Alias": "supplier", "Startup Cost": 0.0, "Total Cost": 3283.0, "Plan Rows": 100000, "Plan Width": 12, "Actual Startup Time": 0.015, "Actual Total Time": 29.225, "Actual Rows": 100000, "Actual Loops": 1}, {"Node Type": "Hash", "Parent Relationship": "Inner", "Startup Cost": 1.31, "Total Cost": 1.31, "Plan Rows": 1, "Plan Width": 4, "Actual Startup Time": 0.035, "Actual Total Time": 0.035, "Actual Rows": 1, "Actual Loops": 1, "Hash Buckets": 32768, "Hash Batches": 1, "Original Hash Batches": 1, "Peak Memory Usage": 1, "Plans": [{"Node Type": "Seq Scan", "Parent Relationship": "Outer", "Relation Name": "nation", "Alias": "nation", "Startup Cost": 0.0, "Total Cost": 1.31, "Plan Rows": 1, "Plan Width": 4, "Actual Startup Time": 0.022, "Actual Total Time": 0.024, "Actual Rows": 1, "Actual Loops": 1, "Filter": "(n_name = 'MOZAMBIQUE'::bpchar)", "Rows Removed by Filter": 24}]}]}, {"Node Type": "Index Scan", "Parent Relationship": "Inner", "Scan Direction": "Forward", "Index Name": "idx_partsupp_suppkey", "Relation Name": "partsupp", "Alias": "partsupp", "Startup Cost": 0.0, "Total Cost": 9.33, "Plan Rows": 13, "Plan Width": 24, "Actual Startup Time": 48.923, "Actual Total Time": 582.649, "Actual Rows": 313920, "Actual Loops": 3924, "Index Cond": "(ps_suppkey = public.supplier.s_suppkey)", "Rows Removed by Index Recheck": 0}]}]}, {"Node Type": "Aggregate", "Strategy": "Hashed", "Parent Relationship": "Outer", "Startup Cost": 42340.07, "Total Cost": 43012.32, "Plan Rows": 53780, "Plan Width": 40, "Actual Startup Time": 1952.345, "Actual Total Time": 1952.345, "Actual Rows": 0, "Actual Loops": 1, "Group By Key": ["public.partsupp.ps_partkey"], "Filter": "(sum((public.partsupp.ps_supplycost * (public.partsupp.ps_availqty)::double precision)) > $1)", "Rows Removed by Filter": 295792, "Plans": [{"Node Type": "Nested Loop", "Parent Relationship": "Outer", "Join Type": "Inner", "Startup Cost": 1.32, "Total Cost": 41398.92, "Plan Rows": 53780, "Plan Width": 24, "Actual Startup Time": 0.115, "Actual Total Time": 704.981, "Actual Rows": 313920, "Actual Loops": 1, "Inner Unique": false, "Plans": [{"Node Type": "Hash Join", "Parent Relationship": "Outer", "Join Type": "Inner", "Startup Cost": 1.32, "Total Cost": 3574.95, "Plan Rows": 4000, "Plan Width": 8, "Actual Startup Time": 0.092, "Actual Total Time": 52.151, "Actual Rows": 3924, "Actual Loops": 1, "Inner Unique": true, "Hash Cond": "(public.supplier.s_nationkey = public.nation.n_nationkey)", "Plans": [{"Node Type": "Seq Scan", "Parent Relationship": "Outer", "Relation Name": "supplier", "Alias": "supplier", "Startup Cost": 0.0, "Total Cost": 3283.0, "Plan Rows": 100000, "Plan Width": 12, "Actual Startup Time": 0.018, "Actual Total Time": 29.388, "Actual Rows": 100000, "Actual Loops": 1}, {"Node Type": "Hash", "Parent Relationship": "Inner", "Startup Cost": 1.31, "Total Cost": 1.31, "Plan Rows": 1, "Plan Width": 4, "Actual Startup Time": 0.028, "Actual Total Time": 0.028, "Actual Rows": 1, "Actual Loops": 1, "Hash Buckets": 32768, "Hash Batches": 1, "Original Hash Batches": 1, "Peak Memory Usage": 1, "Plans": [{"Node Type": "Seq Scan", "Parent Relationship": "Outer", "Relation Name": "nation", "Alias": "nation", "Startup Cost": 0.0, "Total Cost": 1.31, "Plan Rows": 1, "Plan Width": 4, "Actual Startup Time": 0.019, "Actual Total Time": 0.022, "Actual Rows": 1, "Actual Loops": 1, "Filter": "(n_name = 'MOZAMBIQUE'::bpchar)", "Rows Removed by Filter": 24}]}]}, {"Node Type": "Index Scan", "Parent Relationship": "Inner", "Scan Direction": "Forward", "Index Name": "idx_partsupp_suppkey", "Relation Name": "partsupp", "Alias": "partsupp", "Startup Cost": 0.0, "Total Cost": 9.33, "Plan Rows": 13, "Plan Width": 32, "Actual Startup Time": 48.312, "Actual Total Time": 581.52, "Actual Rows": 313920, "Actual Loops": 3924, "Index Cond": "(ps_suppkey = public.supplier.s_suppkey)", "Rows Removed by Index Recheck": 0}]}]}]}, "Triggers": [], "Planner Runtime": 1, "Total Runtime": 1953.092, "Unique SQL Id": 2932834211}}, "(64, 9)": {"explain_plan": {"Plan": {"Node Type": "Sort", "Startup Cost": 93166.14, "Total Cost": 93300.59, "Plan Rows": 53780, "Plan Width": 40, "Sort Key": ["(sum((public.partsupp.ps_supplycost * (public.partsupp.ps_availqty)::double precision))) DESC"], "Plans": [{"Node Type": "Aggregate", "Strategy": "Plain", "Parent Relationship": "exec_init_plan", "Subplan Name": "InitPlan 1 (returns $1)", "Startup Cost": 43865.19, "Total Cost": 43865.2, "Plan Rows": 1, "Plan Width": 24, "Plans": [{"Node Type": "Nested Loop", "Parent Relationship": "Outer", "Join Type": "Inner", "Startup Cost": 12.7, "Total Cost": 43461.84, "Plan Rows": 53780, "Plan Width": 16, "Inner Unique": false, "Plans": [{"Node Type": "Hash Join", "Parent Relationship": "Outer", "Join Type": "Inner", "Startup Cost": 12.7, "Total Cost": 5637.87, "Plan Rows": 4000, "Plan Width": 8, "Inner Unique": true, "Hash Cond": "(public.supplier.s_nationkey = public.nation.n_nationkey)", "Plans": [{"Node Type": "Index Scan", "Parent Relationship": "Outer", "Scan Direction": "Forward", "Index Name": "supplier_pkey", "Relation Name": "supplier", "Alias": "supplier", "Startup Cost": 0.0, "Total Cost": 5334.54, "Plan Rows": 100000, "Plan Width": 12}, {"Node Type": "Hash", "Parent Relationship": "Inner", "Startup Cost": 12.69, "Total Cost": 12.69, "Plan Rows": 1, "Plan Width": 4, "Plans": [{"Node Type": "Index Scan", "Parent Relationship": "Outer", "Scan Direction": "Forward", "Index Name": "nation_pkey", "Relation Name": "nation", "Alias": "nation", "Startup Cost": 0.0, "Total Cost": 12.69, "Plan Rows": 1, "Plan Width": 4, "Filter": "(n_name = 'MOZAMBIQUE'::bpchar)"}]}]}, {"Node Type": "Index Scan", "Parent Relationship": "Inner", "Scan Direction": "Forward", "Index Name": "idx_partsupp_suppkey", "Relation Name": "partsupp", "Alias": "partsupp", "Startup Cost": 0.0, "Total Cost": 9.33, "Plan Rows": 13, "Plan Width": 24, "Index Cond": "(ps_suppkey = public.supplier.s_suppkey)"}]}]}, {"Node Type": "Aggregate", "Strategy": "Hashed", "Parent Relationship": "Outer", "Startup Cost": 44402.99, "Total Cost": 45075.24, "Plan Rows": 53780, "Plan Width": 40, "Group By Key": ["public.partsupp.ps_partkey"], "Filter": "(sum((public.partsupp.ps_supplycost * (public.partsupp.ps_availqty)::double precision)) > $1)", "Plans": [{"Node Type": "Nested Loop", "Parent Relationship": "Outer", "Join Type": "Inner", "Startup Cost": 12.7, "Total Cost": 43461.84, "Plan Rows": 53780, "Plan Width": 24, "Inner Unique": false, "Plans": [{"Node Type": "Hash Join", "Parent Relationship": "Outer", "Join Type": "Inner", "Startup Cost": 12.7, "Total Cost": 5637.87, "Plan Rows": 4000, "Plan Width": 8, "Inner Unique": true, "Hash Cond": "(public.supplier.s_nationkey = public.nation.n_nationkey)", "Plans": [{"Node Type": "Index Scan", "Parent Relationship": "Outer", "Scan Direction": "Forward", "Index Name": "supplier_pkey", "Relation Name": "supplier", "Alias": "supplier", "Startup Cost": 0.0, "Total Cost": 5334.54, "Plan Rows": 100000, "Plan Width": 12}, {"Node Type": "Hash", "Parent Relationship": "Inner", "Startup Cost": 12.69, "Total Cost": 12.69, "Plan Rows": 1, "Plan Width": 4, "Plans": [{"Node Type": "Index Scan", "Parent Relationship": "Outer", "Scan Direction": "Forward", "Index Name": "nation_pkey", "Relation Name": "nation", "Alias": "nation", "Startup Cost": 0.0, "Total Cost": 12.69, "Plan Rows": 1, "Plan Width": 4, "Filter": "(n_name = 'MOZAMBIQUE'::bpchar)"}]}]}, {"Node Type": "Index Scan", "Parent Relationship": "Inner", "Scan Direction": "Forward", "Index Name": "idx_partsupp_suppkey", "Relation Name": "partsupp", "Alias": "partsupp", "Startup Cost": 0.0, "Total Cost": 9.33, "Plan Rows": 13, "Plan Width": 32, "Index Cond": "(ps_suppkey = public.supplier.s_suppkey)"}]}]}]}, "Unique SQL Id": 2932834211, "Planner Runtime": 2}, "explain_analyze_plan": {"Plan": {"Node Type": "Sort", "Startup Cost": 93166.14, "Total Cost": 93300.59, "Plan Rows": 53780, "Plan Width": 40, "Actual Startup Time": 2174.384, "Actual Total Time": 2174.384, "Actual Rows": 0, "Actual Loops": 1, "Sort Key": ["(sum((public.partsupp.ps_supplycost * (public.partsupp.ps_availqty)::double precision))) DESC"], "Sort Method": "quicksort", "Sort Space Used": 25, "Sort Space Type": "Memory", "Plans": [{"Node Type": "Aggregate", "Strategy": "Plain", "Parent Relationship": "exec_init_plan", "Subplan Name": "InitPlan 1 (returns $1)", "Startup Cost": 43865.19, "Total Cost": 43865.2, "Plan Rows": 1, "Plan Width": 24, "Actual Startup Time": 1034.184, "Actual Total Time": 1034.185, "Actual Rows": 1, "Actual Loops": 1, "Plans": [{"Node Type": "Nested Loop", "Parent Relationship": "Outer", "Join Type": "Inner", "Startup Cost": 12.7, "Total Cost": 43461.84, "Plan Rows": 53780, "Plan Width": 16, "Actual Startup Time": 0.174, "Actual Total Time": 897.373, "Actual Rows": 313920, "Actual Loops": 1, "Inner Unique": false, "Plans": [{"Node Type": "Hash Join", "Parent Relationship": "Outer", "Join Type": "Inner", "Startup Cost": 12.7, "Total Cost": 5637.87, "Plan Rows": 4000, "Plan Width": 8, "Actual Startup Time": 0.145, "Actual Total Time": 91.714, "Actual Rows": 3924, "Actual Loops": 1, "Inner Unique": true, "Hash Cond": "(public.supplier.s_nationkey = public.nation.n_nationkey)", "Plans": [{"Node Type": "Index Scan", "Parent Relationship": "Outer", "Scan Direction": "Forward", "Index Name": "supplier_pkey", "Relation Name": "supplier", "Alias": "supplier", "Startup Cost": 0.0, "Total Cost": 5334.54, "Plan Rows": 100000, "Plan Width": 12, "Actual Startup Time": 0.031, "Actual Total Time": 70.685, "Actual Rows": 100000, "Actual Loops": 1}, {"Node Type": "Hash", "Parent Relationship": "Inner", "Startup Cost": 12.69, "Total Cost": 12.69, "Plan Rows": 1, "Plan Width": 4, "Actual Startup Time": 0.046, "Actual Total Time": 0.046, "Actual Rows": 1, "Actual Loops": 1, "Hash Buckets": 32768, "Hash Batches": 1, "Original Hash Batches": 1, "Peak Memory Usage": 1, "Plans": [{"Node Type": "Index Scan", "Parent Relationship": "Outer", "Scan Direction": "Forward", "Index Name": "nation_pkey", "Relation Name": "nation", "Alias": "nation", "Startup Cost": 0.0, "Total Cost": 12.69, "Plan Rows": 1, "Plan Width": 4, "Actual Startup Time": 0.031, "Actual Total Time": 0.038, "Actual Rows": 1, "Actual Loops": 1, "Filter": "(n_name = 'MOZAMBIQUE'::bpchar)", "Rows Removed by Filter": 24}]}]}, {"Node Type": "Index Scan", "Parent Relationship": "Inner", "Scan Direction": "Forward", "Index Name": "idx_partsupp_suppkey", "Relation Name": "partsupp", "Alias": "partsupp", "Startup Cost": 0.0, "Total Cost": 9.33, "Plan Rows": 13, "Plan Width": 24, "Actual Startup Time": 57.484, "Actual Total Time": 738.465, "Actual Rows": 313920, "Actual Loops": 3924, "Index Cond": "(ps_suppkey = public.supplier.s_suppkey)", "Rows Removed by Index Recheck": 0}]}]}, {"Node Type": "Aggregate", "Strategy": "Hashed", "Parent Relationship": "Outer", "Startup Cost": 44402.99, "Total Cost": 45075.24, "Plan Rows": 53780, "Plan Width": 40, "Actual Startup Time": 2173.992, "Actual Total Time": 2173.992, "Actual Rows": 0, "Actual Loops": 1, "Group By Key": ["public.partsupp.ps_partkey"], "Filter": "(sum((public.partsupp.ps_supplycost * (public.partsupp.ps_availqty)::double precision)) > $1)", "Rows Removed by Filter": 295792, "Plans": [{"Node Type": "Nested Loop", "Parent Relationship": "Outer", "Join Type": "Inner", "Startup Cost": 12.7, "Total Cost": 43461.84, "Plan Rows": 53780, "Plan Width": 24, "Actual Startup Time": 0.137, "Actual Total Time": 737.983, "Actual Rows": 313920, "Actual Loops": 1, "Inner Unique": false, "Plans": [{"Node Type": "Hash Join", "Parent Relationship": "Outer", "Join Type": "Inner", "Startup Cost": 12.7, "Total Cost": 5637.87, "Plan Rows": 4000, "Plan Width": 8, "Actual Startup Time": 0.116, "Actual Total Time": 79.01, "Actual Rows": 3924, "Actual Loops": 1, "Inner Unique": true, "Hash Cond": "(public.supplier.s_nationkey = public.nation.n_nationkey)", "Plans": [{"Node Type": "Index Scan", "Parent Relationship": "Outer", "Scan Direction": "Forward", "Index Name": "supplier_pkey", "Relation Name": "supplier", "Alias": "supplier", "Startup Cost": 0.0, "Total Cost": 5334.54, "Plan Rows": 100000, "Plan Width": 12, "Actual Startup Time": 0.027, "Actual Total Time": 57.603, "Actual Rows": 100000, "Actual Loops": 1}, {"Node Type": "Hash", "Parent Relationship": "Inner", "Startup Cost": 12.69, "Total Cost": 12.69, "Plan Rows": 1, "Plan Width": 4, "Actual Startup Time": 0.036, "Actual Total Time": 0.036, "Actual Rows": 1, "Actual Loops": 1, "Hash Buckets": 32768, "Hash Batches": 1, "Original Hash Batches": 1, "Peak Memory Usage": 1, "Plans": [{"Node Type": "Index Scan", "Parent Relationship": "Outer", "Scan Direction": "Forward", "Index Name": "nation_pkey", "Relation Name": "nation", "Alias": "nation", "Startup Cost": 0.0, "Total Cost": 12.69, "Plan Rows": 1, "Plan Width": 4, "Actual Startup Time": 0.023, "Actual Total Time": 0.029, "Actual Rows": 1, "Actual Loops": 1, "Filter": "(n_name = 'MOZAMBIQUE'::bpchar)", "Rows Removed by Filter": 24}]}]}, {"Node Type": "Index Scan", "Parent Relationship": "Inner", "Scan Direction": "Forward", "Index Name": "idx_partsupp_suppkey", "Relation Name": "partsupp", "Alias": "partsupp", "Startup Cost": 0.0, "Total Cost": 9.33, "Plan Rows": 13, "Plan Width": 32, "Actual Startup Time": 47.877, "Actual Total Time": 587.276, "Actual Rows": 313920, "Actual Loops": 3924, "Index Cond": "(ps_suppkey = public.supplier.s_suppkey)", "Rows Removed by Index Recheck": 0}]}]}]}, "Triggers": [], "Planner Runtime": 0, "Total Runtime": 2174.678, "Unique SQL Id": 2932834211}}, "(64, 10)": {"explain_plan": {"Plan": {"Node Type": "Sort", "Startup Cost": 614546.2, "Total Cost": 614680.65, "Plan Rows": 53780, "Plan Width": 40, "Sort Key": ["(sum((public.partsupp.ps_supplycost * (public.partsupp.ps_availqty)::double precision))) DESC"], "Plans": [{"Node Type": "Aggregate", "Strategy": "Plain", "Parent Relationship": "exec_init_plan", "Subplan Name": "InitPlan 1 (returns $0)", "Startup Cost": 304555.21, "Total Cost": 304555.23, "Plan Rows": 1, "Plan Width": 24, "Plans": [{"Node Type": "Hash Join", "Parent Relationship": "Outer", "Join Type": "Inner", "Startup Cost": 3624.95, "Total Cost": 304151.86, "Plan Rows": 53780, "Plan Width": 16, "Inner Unique": false, "Hash Cond": "(public.partsupp.ps_suppkey = public.supplier.s_suppkey)", "Plans": [{"Node Type": "Seq Scan", "Parent Relationship": "Outer", "Relation Name": "partsupp", "Alias": "partsupp", "Startup Cost": 0.0, "Total Cost": 269987.72, "Plan Rows": 8000372, "Plan Width": 24}, {"Node Type": "Hash", "Parent Relationship": "Inner", "Startup Cost": 3574.95, "Total Cost": 3574.95, "Plan Rows": 4000, "Plan Width": 8, "Plans": [{"Node Type": "Hash Join", "Parent Relationship": "Outer", "Join Type": "Inner", "Startup Cost": 1.32, "Total Cost": 3574.95, "Plan Rows": 4000, "Plan Width": 8, "Inner Unique": true, "Hash Cond": "(public.supplier.s_nationkey = public.nation.n_nationkey)", "Plans": [{"Node Type": "Seq Scan", "Parent Relationship": "Outer", "Relation Name": "supplier", "Alias": "supplier", "Startup Cost": 0.0, "Total Cost": 3283.0, "Plan Rows": 100000, "Plan Width": 12}, {"Node Type": "Hash", "Parent Relationship": "Inner", "Startup Cost": 1.31, "Total Cost": 1.31, "Plan Rows": 1, "Plan Width": 4, "Plans": [{"Node Type": "Seq Scan", "Parent Relationship": "Outer", "Relation Name": "nation", "Alias": "nation", "Startup Cost": 0.0, "Total Cost": 1.31, "Plan Rows": 1, "Plan Width": 4, "Filter": "(n_name = 'MOZAMBIQUE'::bpchar)"}]}]}]}]}]}, {"Node Type": "Aggregate", "Strategy": "Hashed", "Parent Relationship": "Outer", "Startup Cost": 305093.02, "Total Cost": 305765.27, "Plan Rows": 53780, "Plan Width": 40, "Group By Key": ["public.partsupp.ps_partkey"], "Filter": "(sum((public.partsupp.ps_supplycost * (public.partsupp.ps_availqty)::double precision)) > $0)", "Plans": [{"Node Type": "Hash Join", "Parent Relationship": "Outer", "Join Type": "Inner", "Startup Cost": 3624.95, "Total Cost": 304151.86, "Plan Rows": 53780, "Plan Width": 24, "Inner Unique": false, "Hash Cond": "(public.partsupp.ps_suppkey = public.supplier.s_suppkey)", "Plans": [{"Node Type": "Seq Scan", "Parent Relationship": "Outer", "Relation Name": "partsupp", "Alias": "partsupp", "Startup Cost": 0.0, "Total Cost": 269987.72, "Plan Rows": 8000372, "Plan Width": 32}, {"Node Type": "Hash", "Parent Relationship": "Inner", "Startup Cost": 3574.95, "Total Cost": 3574.95, "Plan Rows": 4000, "Plan Width": 8, "Plans": [{"Node Type": "Hash Join", "Parent Relationship": "Outer", "Join Type": "Inner", "Startup Cost": 1.32, "Total Cost": 3574.95, "Plan Rows": 4000, "Plan Width": 8, "Inner Unique": true, "Hash Cond": "(public.supplier.s_nationkey = public.nation.n_nationkey)", "Plans": [{"Node Type": "Seq Scan", "Parent Relationship": "Outer", "Relation Name": "supplier", "Alias": "supplier", "Startup Cost": 0.0, "Total Cost": 3283.0, "Plan Rows": 100000, "Plan Width": 12}, {"Node Type": "Hash", "Parent Relationship": "Inner", "Startup Cost": 1.31, "Total Cost": 1.31, "Plan Rows": 1, "Plan Width": 4, "Plans": [{"Node Type": "Seq Scan", "Parent Relationship": "Outer", "Relation Name": "nation", "Alias": "nation", "Startup Cost": 0.0, "Total Cost": 1.31, "Plan Rows": 1, "Plan Width": 4, "Filter": "(n_name = 'MOZAMBIQUE'::bpchar)"}]}]}]}]}]}]}, "Unique SQL Id": 2932834211, "Planner Runtime": 2}, "explain_analyze_plan": null}, "(64, 11)": {"explain_plan": {"Plan": {"Node Type": "Sort", "Startup Cost": 6001104432332.89, "Total Cost": 6001104432467.34, "Plan Rows": 53780, "Plan Width": 40, "Sort Key": ["(sum((public.partsupp.ps_supplycost * (public.partsupp.ps_availqty)::double precision))) DESC"], "Plans": [{"Node Type": "Aggregate", "Strategy": "Plain", "Parent Relationship": "exec_init_plan", "Subplan Name": "InitPlan 1 (returns $0)", "Startup Cost": 3000580719437.25, "Total Cost": 3000580719437.27, "Plan Rows": 1, "Plan Width": 24, "Plans": [{"Node Type": "Nested Loop", "Parent Relationship": "Outer", "Join Type": "Inner", "Startup Cost": 30000000000.0, "Total Cost": 3000580719033.9, "Plan Rows": 53780, "Plan Width": 16, "Inner Unique": false, "Join Filter": "(public.supplier.s_suppkey = public.partsupp.ps_suppkey)", "Plans": [{"Node Type": "Index Scan", "Parent Relationship": "Outer", "Scan Direction": "Forward", "Index Name": "idx_partsupp_suppkey", "Relation Name": "partsupp", "Alias": "partsupp", "Startup Cost": 10000000000.0, "Total Cost": 1000100160480.77, "Plan Rows": 8000372, "Plan Width": 24}, {"Node Type": "Materialize", "Parent Relationship": "Inner", "Startup Cost": 20000000000.0, "Total Cost": 2000000536243.13, "Plan Rows": 4000, "Plan Width": 8, "Plans": [{"Node Type": "Nested Loop", "Parent Relationship": "Outer", "Join Type": "Inner", "Startup Cost": 20000000000.0, "Total Cost": 2000000536223.13, "Plan Rows": 4000, "Plan Width": 8, "Inner Unique": true, "Join Filter": "(public.supplier.s_nationkey = public.nation.n_nationkey)", "Plans": [{"Node Type": "Index Scan", "Parent Relationship": "Outer", "Scan Direction": "Forward", "Index Name": "supplier_pkey", "Relation Name": "supplier", "Alias": "supplier", "Startup Cost": 10000000000.0, "Total Cost": 1000000533454.38, "Plan Rows": 100000, "Plan Width": 12}, {"Node Type": "Materialize", "Parent Relationship": "Inner", "Startup Cost": 10000000000.0, "Total Cost": 1000000001268.76, "Plan Rows": 1, "Plan Width": 4, "Plans": [{"Node Type": "Index Scan", "Parent Relationship": "Outer", "Scan Direction": "Forward", "Index Name": "nation_pkey", "Relation Name": "nation", "Alias": "nation", "Startup Cost": 10000000000.0, "Total Cost": 1000000001268.75, "Plan Rows": 1, "Plan Width": 4, "Filter": "(n_name = 'MOZAMBIQUE'::bpchar)"}]}]}]}]}]}, {"Node Type": "Aggregate", "Strategy": "Hashed", "Parent Relationship": "Outer", "Startup Cost": 3000523707997.67, "Total Cost": 3000523708669.92, "Plan Rows": 53780, "Plan Width": 40, "Group By Key": ["public.partsupp.ps_partkey"], "Filter": "(sum((public.partsupp.ps_supplycost * (public.partsupp.ps_availqty)::double precision)) > $0)", "Plans": [{"Node Type": "Nested Loop", "Parent Relationship": "Outer", "Join Type": "Inner", "Startup Cost": 30000000000.0, "Total Cost": 3000523707056.51, "Plan Rows": 53780, "Plan Width": 24, "Inner Unique": false, "Join Filter": "(public.supplier.s_suppkey = public.partsupp.ps_suppkey)", "Plans": [{"Node Type": "Index Scan", "Parent Relationship": "Outer", "Scan Direction": "Forward", "Index Name": "idx_partsupp_partkey", "Relation Name": "partsupp", "Alias": "partsupp", "Startup Cost": 10000000000.0, "Total Cost": 1000043148503.38, "Plan Rows": 8000372, "Plan Width": 32}, {"Node Type": "Materialize", "Parent Relationship": "Inner", "Startup Cost": 20000000000.0, "Total Cost": 2000000536243.13, "Plan Rows": 4000, "Plan Width": 8, "Plans": [{"Node Type": "Nested Loop", "Parent Relationship": "Outer", "Join Type": "Inner", "Startup Cost": 20000000000.0, "Total Cost": 2000000536223.13, "Plan Rows": 4000, "Plan Width": 8, "Inner Unique": true, "Join Filter": "(public.supplier.s_nationkey = public.nation.n_nationkey)", "Plans": [{"Node Type": "Index Scan", "Parent Relationship": "Outer", "Scan Direction": "Forward", "Index Name": "supplier_pkey", "Relation Name": "supplier", "Alias": "supplier", "Startup Cost": 10000000000.0, "Total Cost": 1000000533454.38, "Plan Rows": 100000, "Plan Width": 12}, {"Node Type": "Materialize", "Parent Relationship": "Inner", "Startup Cost": 10000000000.0, "Total Cost": 1000000001268.76, "Plan Rows": 1, "Plan Width": 4, "Plans": [{"Node Type": "Index Scan", "Parent Relationship": "Outer", "Scan Direction": "Forward", "Index Name": "nation_pkey", "Relation Name": "nation", "Alias": "nation", "Startup Cost": 10000000000.0, "Total Cost": 1000000001268.75, "Plan Rows": 1, "Plan Width": 4, "Filter": "(n_name = 'MOZAMBIQUE'::bpchar)"}]}]}]}]}]}]}, "Unique SQL Id": 2932834211, "Planner Runtime": 2}, "explain_analyze_plan": null}, "(64, 12)": {"explain_plan": {"Plan": {"Node Type": "Sort", "Startup Cost": 89040.3, "Total Cost": 89174.75, "Plan Rows": 53780, "Plan Width": 40, "Sort Key": ["(sum((public.partsupp.ps_supplycost * (public.partsupp.ps_availqty)::double precision))) DESC"], "Plans": [{"Node Type": "Aggregate", "Strategy": "Plain", "Parent Relationship": "exec_init_plan", "Subplan Name": "InitPlan 1 (returns $1)", "Startup Cost": 41802.27, "Total Cost": 41802.28, "Plan Rows": 1, "Plan Width": 24, "Plans": [{"Node Type": "Nested Loop", "Parent Relationship": "Outer", "Join Type": "Inner", "Startup Cost": 1.32, "Total Cost": 41398.92, "Plan Rows": 53780, "Plan Width": 16, "Inner Unique": false, "Plans": [{"Node Type": "Hash Join", "Parent Relationship": "Outer", "Join Type": "Inner", "Startup Cost": 1.32, "Total Cost": 3574.95, "Plan Rows": 4000, "Plan Width": 8, "Inner Unique": true, "Hash Cond": "(public.supplier.s_nationkey = public.nation.n_nationkey)", "Plans": [{"Node Type": "Seq Scan", "Parent Relationship": "Outer", "Relation Name": "supplier", "Alias": "supplier", "Startup Cost": 0.0, "Total Cost": 3283.0, "Plan Rows": 100000, "Plan Width": 12}, {"Node Type": "Hash", "Parent Relationship": "Inner", "Startup Cost": 1.31, "Total Cost": 1.31, "Plan Rows": 1, "Plan Width": 4, "Plans": [{"Node Type": "Seq Scan", "Parent Relationship": "Outer", "Relation Name": "nation", "Alias": "nation", "Startup Cost": 0.0, "Total Cost": 1.31, "Plan Rows": 1, "Plan Width": 4, "Filter": "(n_name = 'MOZAMBIQUE'::bpchar)"}]}]}, {"Node Type": "Index Scan", "Parent Relationship": "Inner", "Scan Direction": "Forward", "Index Name": "idx_partsupp_suppkey", "Relation Name": "partsupp", "Alias": "partsupp", "Startup Cost": 0.0, "Total Cost": 9.33, "Plan Rows": 13, "Plan Width": 24, "Index Cond": "(ps_suppkey = public.supplier.s_suppkey)"}]}]}, {"Node Type": "Aggregate", "Strategy": "Hashed", "Parent Relationship": "Outer", "Startup Cost": 42340.07, "Total Cost": 43012.32, "Plan Rows": 53780, "Plan Width": 40, "Group By Key": ["public.partsupp.ps_partkey"], "Filter": "(sum((public.partsupp.ps_supplycost * (public.partsupp.ps_availqty)::double precision)) > $1)", "Plans": [{"Node Type": "Nested Loop", "Parent Relationship": "Outer", "Join Type": "Inner", "Startup Cost": 1.32, "Total Cost": 41398.92, "Plan Rows": 53780, "Plan Width": 24, "Inner Unique": false, "Plans": [{"Node Type": "Hash Join", "Parent Relationship": "Outer", "Join Type": "Inner", "Startup Cost": 1.32, "Total Cost": 3574.95, "Plan Rows": 4000, "Plan Width": 8, "Inner Unique": true, "Hash Cond": "(public.supplier.s_nationkey = public.nation.n_nationkey)", "Plans": [{"Node Type": "Seq Scan", "Parent Relationship": "Outer", "Relation Name": "supplier", "Alias": "supplier", "Startup Cost": 0.0, "Total Cost": 3283.0, "Plan Rows": 100000, "Plan Width": 12}, {"Node Type": "Hash", "Parent Relationship": "Inner", "Startup Cost": 1.31, "Total Cost": 1.31, "Plan Rows": 1, "Plan Width": 4, "Plans": [{"Node Type": "Seq Scan", "Parent Relationship": "Outer", "Relation Name": "nation", "Alias": "nation", "Startup Cost": 0.0, "Total Cost": 1.31, "Plan Rows": 1, "Plan Width": 4, "Filter": "(n_name = 'MOZAMBIQUE'::bpchar)"}]}]}, {"Node Type": "Index Scan", "Parent Relationship": "Inner", "Scan Direction": "Forward", "Index Name": "idx_partsupp_suppkey", "Relation Name": "partsupp", "Alias": "partsupp", "Startup Cost": 0.0, "Total Cost": 9.33, "Plan Rows": 13, "Plan Width": 32, "Index Cond": "(ps_suppkey = public.supplier.s_suppkey)"}]}]}]}, "Unique SQL Id": 2932834211, "Planner Runtime": 2}, "explain_analyze_plan": {"Plan": {"Node Type": "Sort", "Startup Cost": 89040.3, "Total Cost": 89174.75, "Plan Rows": 53780, "Plan Width": 40, "Actual Startup Time": 1952.782, "Actual Total Time": 1952.782, "Actual Rows": 0, "Actual Loops": 1, "Sort Key": ["(sum((public.partsupp.ps_supplycost * (public.partsupp.ps_availqty)::double precision))) DESC"], "Sort Method": "quicksort", "Sort Space Used": 25, "Sort Space Type": "Memory", "Plans": [{"Node Type": "Aggregate", "Strategy": "Plain", "Parent Relationship": "exec_init_plan", "Subplan Name": "InitPlan 1 (returns $1)", "Startup Cost": 41802.27, "Total Cost": 41802.28, "Plan Rows": 1, "Plan Width": 24, "Actual Startup Time": 837.224, "Actual Total Time": 837.225, "Actual Rows": 1, "Actual Loops": 1, "Plans": [{"Node Type": "Nested Loop", "Parent Relationship": "Outer", "Join Type": "Inner", "Startup Cost": 1.32, "Total Cost": 41398.92, "Plan Rows": 53780, "Plan Width": 16, "Actual Startup Time": 0.143, "Actual Total Time": 702.51, "Actual Rows": 313920, "Actual Loops": 1, "Inner Unique": false, "Plans": [{"Node Type": "Hash Join", "Parent Relationship": "Outer", "Join Type": "Inner", "Startup Cost": 1.32, "Total Cost": 3574.95, "Plan Rows": 4000, "Plan Width": 8, "Actual Startup Time": 0.118, "Actual Total Time": 51.636, "Actual Rows": 3924, "Actual Loops": 1, "Inner Unique": true, "Hash Cond": "(public.supplier.s_nationkey = public.nation.n_nationkey)", "Plans": [{"Node Type": "Seq Scan", "Parent Relationship": "Outer", "Relation Name": "supplier", "Alias": "supplier", "Startup Cost": 0.0, "Total Cost": 3283.0, "Plan Rows": 100000, "Plan Width": 12, "Actual Startup Time": 0.015, "Actual Total Time": 29.225, "Actual Rows": 100000, "Actual Loops": 1}, {"Node Type": "Hash", "Parent Relationship": "Inner", "Startup Cost": 1.31, "Total Cost": 1.31, "Plan Rows": 1, "Plan Width": 4, "Actual Startup Time": 0.035, "Actual Total Time": 0.035, "Actual Rows": 1, "Actual Loops": 1, "Hash Buckets": 32768, "Hash Batches": 1, "Original Hash Batches": 1, "Peak Memory Usage": 1, "Plans": [{"Node Type": "Seq Scan", "Parent Relationship": "Outer", "Relation Name": "nation", "Alias": "nation", "Startup Cost": 0.0, "Total Cost": 1.31, "Plan Rows": 1, "Plan Width": 4, "Actual Startup Time": 0.022, "Actual Total Time": 0.024, "Actual Rows": 1, "Actual Loops": 1, "Filter": "(n_name = 'MOZAMBIQUE'::bpchar)", "Rows Removed by Filter": 24}]}]}, {"Node Type": "Index Scan", "Parent Relationship": "Inner", "Scan Direction": "Forward", "Index Name": "idx_partsupp_suppkey", "Relation Name": "partsupp", "Alias": "partsupp", "Startup Cost": 0.0, "Total Cost": 9.33, "Plan Rows": 13, "Plan Width": 24, "Actual Startup Time": 48.923, "Actual Total Time": 582.649, "Actual Rows": 313920, "Actual Loops": 3924, "Index Cond": "(ps_suppkey = public.supplier.s_suppkey)", "Rows Removed by Index Recheck": 0}]}]}, {"Node Type": "Aggregate", "Strategy": "Hashed", "Parent Relationship": "Outer", "Startup Cost": 42340.07, "Total Cost": 43012.32, "Plan Rows": 53780, "Plan Width": 40, "Actual Startup Time": 1952.345, "Actual Total Time": 1952.345, "Actual Rows": 0, "Actual Loops": 1, "Group By Key": ["public.partsupp.ps_partkey"], "Filter": "(sum((public.partsupp.ps_supplycost * (public.partsupp.ps_availqty)::double precision)) > $1)", "Rows Removed by Filter": 295792, "Plans": [{"Node Type": "Nested Loop", "Parent Relationship": "Outer", "Join Type": "Inner", "Startup Cost": 1.32, "Total Cost": 41398.92, "Plan Rows": 53780, "Plan Width": 24, "Actual Startup Time": 0.115, "Actual Total Time": 704.981, "Actual Rows": 313920, "Actual Loops": 1, "Inner Unique": false, "Plans": [{"Node Type": "Hash Join", "Parent Relationship": "Outer", "Join Type": "Inner", "Startup Cost": 1.32, "Total Cost": 3574.95, "Plan Rows": 4000, "Plan Width": 8, "Actual Startup Time": 0.092, "Actual Total Time": 52.151, "Actual Rows": 3924, "Actual Loops": 1, "Inner Unique": true, "Hash Cond": "(public.supplier.s_nationkey = public.nation.n_nationkey)", "Plans": [{"Node Type": "Seq Scan", "Parent Relationship": "Outer", "Relation Name": "supplier", "Alias": "supplier", "Startup Cost": 0.0, "Total Cost": 3283.0, "Plan Rows": 100000, "Plan Width": 12, "Actual Startup Time": 0.018, "Actual Total Time": 29.388, "Actual Rows": 100000, "Actual Loops": 1}, {"Node Type": "Hash", "Parent Relationship": "Inner", "Startup Cost": 1.31, "Total Cost": 1.31, "Plan Rows": 1, "Plan Width": 4, "Actual Startup Time": 0.028, "Actual Total Time": 0.028, "Actual Rows": 1, "Actual Loops": 1, "Hash Buckets": 32768, "Hash Batches": 1, "Original Hash Batches": 1, "Peak Memory Usage": 1, "Plans": [{"Node Type": "Seq Scan", "Parent Relationship": "Outer", "Relation Name": "nation", "Alias": "nation", "Startup Cost": 0.0, "Total Cost": 1.31, "Plan Rows": 1, "Plan Width": 4, "Actual Startup Time": 0.019, "Actual Total Time": 0.022, "Actual Rows": 1, "Actual Loops": 1, "Filter": "(n_name = 'MOZAMBIQUE'::bpchar)", "Rows Removed by Filter": 24}]}]}, {"Node Type": "Index Scan", "Parent Relationship": "Inner", "Scan Direction": "Forward", "Index Name": "idx_partsupp_suppkey", "Relation Name": "partsupp", "Alias": "partsupp", "Startup Cost": 0.0, "Total Cost": 9.33, "Plan Rows": 13, "Plan Width": 32, "Actual Startup Time": 48.312, "Actual Total Time": 581.52, "Actual Rows": 313920, "Actual Loops": 3924, "Index Cond": "(ps_suppkey = public.supplier.s_suppkey)", "Rows Removed by Index Recheck": 0}]}]}]}, "Triggers": [], "Planner Runtime": 1, "Total Runtime": 1953.092, "Unique SQL Id": 2932834211}}, "(64, 13)": {"explain_plan": {"Plan": {"Node Type": "Sort", "Startup Cost": 93166.14, "Total Cost": 93300.59, "Plan Rows": 53780, "Plan Width": 40, "Sort Key": ["(sum((public.partsupp.ps_supplycost * (public.partsupp.ps_availqty)::double precision))) DESC"], "Plans": [{"Node Type": "Aggregate", "Strategy": "Plain", "Parent Relationship": "exec_init_plan", "Subplan Name": "InitPlan 1 (returns $1)", "Startup Cost": 43865.19, "Total Cost": 43865.2, "Plan Rows": 1, "Plan Width": 24, "Plans": [{"Node Type": "Nested Loop", "Parent Relationship": "Outer", "Join Type": "Inner", "Startup Cost": 12.7, "Total Cost": 43461.84, "Plan Rows": 53780, "Plan Width": 16, "Inner Unique": false, "Plans": [{"Node Type": "Hash Join", "Parent Relationship": "Outer", "Join Type": "Inner", "Startup Cost": 12.7, "Total Cost": 5637.87, "Plan Rows": 4000, "Plan Width": 8, "Inner Unique": true, "Hash Cond": "(public.supplier.s_nationkey = public.nation.n_nationkey)", "Plans": [{"Node Type": "Index Scan", "Parent Relationship": "Outer", "Scan Direction": "Forward", "Index Name": "supplier_pkey", "Relation Name": "supplier", "Alias": "supplier", "Startup Cost": 0.0, "Total Cost": 5334.54, "Plan Rows": 100000, "Plan Width": 12}, {"Node Type": "Hash", "Parent Relationship": "Inner", "Startup Cost": 12.69, "Total Cost": 12.69, "Plan Rows": 1, "Plan Width": 4, "Plans": [{"Node Type": "Index Scan", "Parent Relationship": "Outer", "Scan Direction": "Forward", "Index Name": "nation_pkey", "Relation Name": "nation", "Alias": "nation", "Startup Cost": 0.0, "Total Cost": 12.69, "Plan Rows": 1, "Plan Width": 4, "Filter": "(n_name = 'MOZAMBIQUE'::bpchar)"}]}]}, {"Node Type": "Index Scan", "Parent Relationship": "Inner", "Scan Direction": "Forward", "Index Name": "idx_partsupp_suppkey", "Relation Name": "partsupp", "Alias": "partsupp", "Startup Cost": 0.0, "Total Cost": 9.33, "Plan Rows": 13, "Plan Width": 24, "Index Cond": "(ps_suppkey = public.supplier.s_suppkey)"}]}]}, {"Node Type": "Aggregate", "Strategy": "Hashed", "Parent Relationship": "Outer", "Startup Cost": 44402.99, "Total Cost": 45075.24, "Plan Rows": 53780, "Plan Width": 40, "Group By Key": ["public.partsupp.ps_partkey"], "Filter": "(sum((public.partsupp.ps_supplycost * (public.partsupp.ps_availqty)::double precision)) > $1)", "Plans": [{"Node Type": "Nested Loop", "Parent Relationship": "Outer", "Join Type": "Inner", "Startup Cost": 12.7, "Total Cost": 43461.84, "Plan Rows": 53780, "Plan Width": 24, "Inner Unique": false, "Plans": [{"Node Type": "Hash Join", "Parent Relationship": "Outer", "Join Type": "Inner", "Startup Cost": 12.7, "Total Cost": 5637.87, "Plan Rows": 4000, "Plan Width": 8, "Inner Unique": true, "Hash Cond": "(public.supplier.s_nationkey = public.nation.n_nationkey)", "Plans": [{"Node Type": "Index Scan", "Parent Relationship": "Outer", "Scan Direction": "Forward", "Index Name": "supplier_pkey", "Relation Name": "supplier", "Alias": "supplier", "Startup Cost": 0.0, "Total Cost": 5334.54, "Plan Rows": 100000, "Plan Width": 12}, {"Node Type": "Hash", "Parent Relationship": "Inner", "Startup Cost": 12.69, "Total Cost": 12.69, "Plan Rows": 1, "Plan Width": 4, "Plans": [{"Node Type": "Index Scan", "Parent Relationship": "Outer", "Scan Direction": "Forward", "Index Name": "nation_pkey", "Relation Name": "nation", "Alias": "nation", "Startup Cost": 0.0, "Total Cost": 12.69, "Plan Rows": 1, "Plan Width": 4, "Filter": "(n_name = 'MOZAMBIQUE'::bpchar)"}]}]}, {"Node Type": "Index Scan", "Parent Relationship": "Inner", "Scan Direction": "Forward", "Index Name": "idx_partsupp_suppkey", "Relation Name": "partsupp", "Alias": "partsupp", "Startup Cost": 0.0, "Total Cost": 9.33, "Plan Rows": 13, "Plan Width": 32, "Index Cond": "(ps_suppkey = public.supplier.s_suppkey)"}]}]}]}, "Unique SQL Id": 2932834211, "Planner Runtime": 1}, "explain_analyze_plan": {"Plan": {"Node Type": "Sort", "Startup Cost": 93166.14, "Total Cost": 93300.59, "Plan Rows": 53780, "Plan Width": 40, "Actual Startup Time": 2174.384, "Actual Total Time": 2174.384, "Actual Rows": 0, "Actual Loops": 1, "Sort Key": ["(sum((public.partsupp.ps_supplycost * (public.partsupp.ps_availqty)::double precision))) DESC"], "Sort Method": "quicksort", "Sort Space Used": 25, "Sort Space Type": "Memory", "Plans": [{"Node Type": "Aggregate", "Strategy": "Plain", "Parent Relationship": "exec_init_plan", "Subplan Name": "InitPlan 1 (returns $1)", "Startup Cost": 43865.19, "Total Cost": 43865.2, "Plan Rows": 1, "Plan Width": 24, "Actual Startup Time": 1034.184, "Actual Total Time": 1034.185, "Actual Rows": 1, "Actual Loops": 1, "Plans": [{"Node Type": "Nested Loop", "Parent Relationship": "Outer", "Join Type": "Inner", "Startup Cost": 12.7, "Total Cost": 43461.84, "Plan Rows": 53780, "Plan Width": 16, "Actual Startup Time": 0.174, "Actual Total Time": 897.373, "Actual Rows": 313920, "Actual Loops": 1, "Inner Unique": false, "Plans": [{"Node Type": "Hash Join", "Parent Relationship": "Outer", "Join Type": "Inner", "Startup Cost": 12.7, "Total Cost": 5637.87, "Plan Rows": 4000, "Plan Width": 8, "Actual Startup Time": 0.145, "Actual Total Time": 91.714, "Actual Rows": 3924, "Actual Loops": 1, "Inner Unique": true, "Hash Cond": "(public.supplier.s_nationkey = public.nation.n_nationkey)", "Plans": [{"Node Type": "Index Scan", "Parent Relationship": "Outer", "Scan Direction": "Forward", "Index Name": "supplier_pkey", "Relation Name": "supplier", "Alias": "supplier", "Startup Cost": 0.0, "Total Cost": 5334.54, "Plan Rows": 100000, "Plan Width": 12, "Actual Startup Time": 0.031, "Actual Total Time": 70.685, "Actual Rows": 100000, "Actual Loops": 1}, {"Node Type": "Hash", "Parent Relationship": "Inner", "Startup Cost": 12.69, "Total Cost": 12.69, "Plan Rows": 1, "Plan Width": 4, "Actual Startup Time": 0.046, "Actual Total Time": 0.046, "Actual Rows": 1, "Actual Loops": 1, "Hash Buckets": 32768, "Hash Batches": 1, "Original Hash Batches": 1, "Peak Memory Usage": 1, "Plans": [{"Node Type": "Index Scan", "Parent Relationship": "Outer", "Scan Direction": "Forward", "Index Name": "nation_pkey", "Relation Name": "nation", "Alias": "nation", "Startup Cost": 0.0, "Total Cost": 12.69, "Plan Rows": 1, "Plan Width": 4, "Actual Startup Time": 0.031, "Actual Total Time": 0.038, "Actual Rows": 1, "Actual Loops": 1, "Filter": "(n_name = 'MOZAMBIQUE'::bpchar)", "Rows Removed by Filter": 24}]}]}, {"Node Type": "Index Scan", "Parent Relationship": "Inner", "Scan Direction": "Forward", "Index Name": "idx_partsupp_suppkey", "Relation Name": "partsupp", "Alias": "partsupp", "Startup Cost": 0.0, "Total Cost": 9.33, "Plan Rows": 13, "Plan Width": 24, "Actual Startup Time": 57.484, "Actual Total Time": 738.465, "Actual Rows": 313920, "Actual Loops": 3924, "Index Cond": "(ps_suppkey = public.supplier.s_suppkey)", "Rows Removed by Index Recheck": 0}]}]}, {"Node Type": "Aggregate", "Strategy": "Hashed", "Parent Relationship": "Outer", "Startup Cost": 44402.99, "Total Cost": 45075.24, "Plan Rows": 53780, "Plan Width": 40, "Actual Startup Time": 2173.992, "Actual Total Time": 2173.992, "Actual Rows": 0, "Actual Loops": 1, "Group By Key": ["public.partsupp.ps_partkey"], "Filter": "(sum((public.partsupp.ps_supplycost * (public.partsupp.ps_availqty)::double precision)) > $1)", "Rows Removed by Filter": 295792, "Plans": [{"Node Type": "Nested Loop", "Parent Relationship": "Outer", "Join Type": "Inner", "Startup Cost": 12.7, "Total Cost": 43461.84, "Plan Rows": 53780, "Plan Width": 24, "Actual Startup Time": 0.137, "Actual Total Time": 737.983, "Actual Rows": 313920, "Actual Loops": 1, "Inner Unique": false, "Plans": [{"Node Type": "Hash Join", "Parent Relationship": "Outer", "Join Type": "Inner", "Startup Cost": 12.7, "Total Cost": 5637.87, "Plan Rows": 4000, "Plan Width": 8, "Actual Startup Time": 0.116, "Actual Total Time": 79.01, "Actual Rows": 3924, "Actual Loops": 1, "Inner Unique": true, "Hash Cond": "(public.supplier.s_nationkey = public.nation.n_nationkey)", "Plans": [{"Node Type": "Index Scan", "Parent Relationship": "Outer", "Scan Direction": "Forward", "Index Name": "supplier_pkey", "Relation Name": "supplier", "Alias": "supplier", "Startup Cost": 0.0, "Total Cost": 5334.54, "Plan Rows": 100000, "Plan Width": 12, "Actual Startup Time": 0.027, "Actual Total Time": 57.603, "Actual Rows": 100000, "Actual Loops": 1}, {"Node Type": "Hash", "Parent Relationship": "Inner", "Startup Cost": 12.69, "Total Cost": 12.69, "Plan Rows": 1, "Plan Width": 4, "Actual Startup Time": 0.036, "Actual Total Time": 0.036, "Actual Rows": 1, "Actual Loops": 1, "Hash Buckets": 32768, "Hash Batches": 1, "Original Hash Batches": 1, "Peak Memory Usage": 1, "Plans": [{"Node Type": "Index Scan", "Parent Relationship": "Outer", "Scan Direction": "Forward", "Index Name": "nation_pkey", "Relation Name": "nation", "Alias": "nation", "Startup Cost": 0.0, "Total Cost": 12.69, "Plan Rows": 1, "Plan Width": 4, "Actual Startup Time": 0.023, "Actual Total Time": 0.029, "Actual Rows": 1, "Actual Loops": 1, "Filter": "(n_name = 'MOZAMBIQUE'::bpchar)", "Rows Removed by Filter": 24}]}]}, {"Node Type": "Index Scan", "Parent Relationship": "Inner", "Scan Direction": "Forward", "Index Name": "idx_partsupp_suppkey", "Relation Name": "partsupp", "Alias": "partsupp", "Startup Cost": 0.0, "Total Cost": 9.33, "Plan Rows": 13, "Plan Width": 32, "Actual Startup Time": 47.877, "Actual Total Time": 587.276, "Actual Rows": 313920, "Actual Loops": 3924, "Index Cond": "(ps_suppkey = public.supplier.s_suppkey)", "Rows Removed by Index Recheck": 0}]}]}]}, "Triggers": [], "Planner Runtime": 0, "Total Runtime": 2174.678, "Unique SQL Id": 2932834211}}, "(64, 14)": {"explain_plan": {"Plan": {"Node Type": "Sort", "Startup Cost": 614546.2, "Total Cost": 614680.65, "Plan Rows": 53780, "Plan Width": 40, "Sort Key": ["(sum((public.partsupp.ps_supplycost * (public.partsupp.ps_availqty)::double precision))) DESC"], "Plans": [{"Node Type": "Aggregate", "Strategy": "Plain", "Parent Relationship": "exec_init_plan", "Subplan Name": "InitPlan 1 (returns $0)", "Startup Cost": 304555.21, "Total Cost": 304555.23, "Plan Rows": 1, "Plan Width": 24, "Plans": [{"Node Type": "Hash Join", "Parent Relationship": "Outer", "Join Type": "Inner", "Startup Cost": 3624.95, "Total Cost": 304151.86, "Plan Rows": 53780, "Plan Width": 16, "Inner Unique": false, "Hash Cond": "(public.partsupp.ps_suppkey = public.supplier.s_suppkey)", "Plans": [{"Node Type": "Seq Scan", "Parent Relationship": "Outer", "Relation Name": "partsupp", "Alias": "partsupp", "Startup Cost": 0.0, "Total Cost": 269987.72, "Plan Rows": 8000372, "Plan Width": 24}, {"Node Type": "Hash", "Parent Relationship": "Inner", "Startup Cost": 3574.95, "Total Cost": 3574.95, "Plan Rows": 4000, "Plan Width": 8, "Plans": [{"Node Type": "Hash Join", "Parent Relationship": "Outer", "Join Type": "Inner", "Startup Cost": 1.32, "Total Cost": 3574.95, "Plan Rows": 4000, "Plan Width": 8, "Inner Unique": true, "Hash Cond": "(public.supplier.s_nationkey = public.nation.n_nationkey)", "Plans": [{"Node Type": "Seq Scan", "Parent Relationship": "Outer", "Relation Name": "supplier", "Alias": "supplier", "Startup Cost": 0.0, "Total Cost": 3283.0, "Plan Rows": 100000, "Plan Width": 12}, {"Node Type": "Hash", "Parent Relationship": "Inner", "Startup Cost": 1.31, "Total Cost": 1.31, "Plan Rows": 1, "Plan Width": 4, "Plans": [{"Node Type": "Seq Scan", "Parent Relationship": "Outer", "Relation Name": "nation", "Alias": "nation", "Startup Cost": 0.0, "Total Cost": 1.31, "Plan Rows": 1, "Plan Width": 4, "Filter": "(n_name = 'MOZAMBIQUE'::bpchar)"}]}]}]}]}]}, {"Node Type": "Aggregate", "Strategy": "Hashed", "Parent Relationship": "Outer", "Startup Cost": 305093.02, "Total Cost": 305765.27, "Plan Rows": 53780, "Plan Width": 40, "Group By Key": ["public.partsupp.ps_partkey"], "Filter": "(sum((public.partsupp.ps_supplycost * (public.partsupp.ps_availqty)::double precision)) > $0)", "Plans": [{"Node Type": "Hash Join", "Parent Relationship": "Outer", "Join Type": "Inner", "Startup Cost": 3624.95, "Total Cost": 304151.86, "Plan Rows": 53780, "Plan Width": 24, "Inner Unique": false, "Hash Cond": "(public.partsupp.ps_suppkey = public.supplier.s_suppkey)", "Plans": [{"Node Type": "Seq Scan", "Parent Relationship": "Outer", "Relation Name": "partsupp", "Alias": "partsupp", "Startup Cost": 0.0, "Total Cost": 269987.72, "Plan Rows": 8000372, "Plan Width": 32}, {"Node Type": "Hash", "Parent Relationship": "Inner", "Startup Cost": 3574.95, "Total Cost": 3574.95, "Plan Rows": 4000, "Plan Width": 8, "Plans": [{"Node Type": "Hash Join", "Parent Relationship": "Outer", "Join Type": "Inner", "Startup Cost": 1.32, "Total Cost": 3574.95, "Plan Rows": 4000, "Plan Width": 8, "Inner Unique": true, "Hash Cond": "(public.supplier.s_nationkey = public.nation.n_nationkey)", "Plans": [{"Node Type": "Seq Scan", "Parent Relationship": "Outer", "Relation Name": "supplier", "Alias": "supplier", "Startup Cost": 0.0, "Total Cost": 3283.0, "Plan Rows": 100000, "Plan Width": 12}, {"Node Type": "Hash", "Parent Relationship": "Inner", "Startup Cost": 1.31, "Total Cost": 1.31, "Plan Rows": 1, "Plan Width": 4, "Plans": [{"Node Type": "Seq Scan", "Parent Relationship": "Outer", "Relation Name": "nation", "Alias": "nation", "Startup Cost": 0.0, "Total Cost": 1.31, "Plan Rows": 1, "Plan Width": 4, "Filter": "(n_name = 'MOZAMBIQUE'::bpchar)"}]}]}]}]}]}]}, "Unique SQL Id": 2932834211, "Planner Runtime": 1}, "explain_analyze_plan": null}, "(64, 15)": {"explain_plan": {"Plan": {"Node Type": "Sort", "Startup Cost": 6001104432332.89, "Total Cost": 6001104432467.34, "Plan Rows": 53780, "Plan Width": 40, "Sort Key": ["(sum((public.partsupp.ps_supplycost * (public.partsupp.ps_availqty)::double precision))) DESC"], "Plans": [{"Node Type": "Aggregate", "Strategy": "Plain", "Parent Relationship": "exec_init_plan", "Subplan Name": "InitPlan 1 (returns $0)", "Startup Cost": 3000580719437.25, "Total Cost": 3000580719437.27, "Plan Rows": 1, "Plan Width": 24, "Plans": [{"Node Type": "Nested Loop", "Parent Relationship": "Outer", "Join Type": "Inner", "Startup Cost": 30000000000.0, "Total Cost": 3000580719033.9, "Plan Rows": 53780, "Plan Width": 16, "Inner Unique": false, "Join Filter": "(public.supplier.s_suppkey = public.partsupp.ps_suppkey)", "Plans": [{"Node Type": "Index Scan", "Parent Relationship": "Outer", "Scan Direction": "Forward", "Index Name": "idx_partsupp_suppkey", "Relation Name": "partsupp", "Alias": "partsupp", "Startup Cost": 10000000000.0, "Total Cost": 1000100160480.77, "Plan Rows": 8000372, "Plan Width": 24}, {"Node Type": "Materialize", "Parent Relationship": "Inner", "Startup Cost": 20000000000.0, "Total Cost": 2000000536243.13, "Plan Rows": 4000, "Plan Width": 8, "Plans": [{"Node Type": "Nested Loop", "Parent Relationship": "Outer", "Join Type": "Inner", "Startup Cost": 20000000000.0, "Total Cost": 2000000536223.13, "Plan Rows": 4000, "Plan Width": 8, "Inner Unique": true, "Join Filter": "(public.supplier.s_nationkey = public.nation.n_nationkey)", "Plans": [{"Node Type": "Index Scan", "Parent Relationship": "Outer", "Scan Direction": "Forward", "Index Name": "supplier_pkey", "Relation Name": "supplier", "Alias": "supplier", "Startup Cost": 10000000000.0, "Total Cost": 1000000533454.38, "Plan Rows": 100000, "Plan Width": 12}, {"Node Type": "Materialize", "Parent Relationship": "Inner", "Startup Cost": 10000000000.0, "Total Cost": 1000000001268.76, "Plan Rows": 1, "Plan Width": 4, "Plans": [{"Node Type": "Index Scan", "Parent Relationship": "Outer", "Scan Direction": "Forward", "Index Name": "nation_pkey", "Relation Name": "nation", "Alias": "nation", "Startup Cost": 10000000000.0, "Total Cost": 1000000001268.75, "Plan Rows": 1, "Plan Width": 4, "Filter": "(n_name = 'MOZAMBIQUE'::bpchar)"}]}]}]}]}]}, {"Node Type": "Aggregate", "Strategy": "Hashed", "Parent Relationship": "Outer", "Startup Cost": 3000523707997.67, "Total Cost": 3000523708669.92, "Plan Rows": 53780, "Plan Width": 40, "Group By Key": ["public.partsupp.ps_partkey"], "Filter": "(sum((public.partsupp.ps_supplycost * (public.partsupp.ps_availqty)::double precision)) > $0)", "Plans": [{"Node Type": "Nested Loop", "Parent Relationship": "Outer", "Join Type": "Inner", "Startup Cost": 30000000000.0, "Total Cost": 3000523707056.51, "Plan Rows": 53780, "Plan Width": 24, "Inner Unique": false, "Join Filter": "(public.supplier.s_suppkey = public.partsupp.ps_suppkey)", "Plans": [{"Node Type": "Index Scan", "Parent Relationship": "Outer", "Scan Direction": "Forward", "Index Name": "idx_partsupp_partkey", "Relation Name": "partsupp", "Alias": "partsupp", "Startup Cost": 10000000000.0, "Total Cost": 1000043148503.38, "Plan Rows": 8000372, "Plan Width": 32}, {"Node Type": "Materialize", "Parent Relationship": "Inner", "Startup Cost": 20000000000.0, "Total Cost": 2000000536243.13, "Plan Rows": 4000, "Plan Width": 8, "Plans": [{"Node Type": "Nested Loop", "Parent Relationship": "Outer", "Join Type": "Inner", "Startup Cost": 20000000000.0, "Total Cost": 2000000536223.13, "Plan Rows": 4000, "Plan Width": 8, "Inner Unique": true, "Join Filter": "(public.supplier.s_nationkey = public.nation.n_nationkey)", "Plans": [{"Node Type": "Index Scan", "Parent Relationship": "Outer", "Scan Direction": "Forward", "Index Name": "supplier_pkey", "Relation Name": "supplier", "Alias": "supplier", "Startup Cost": 10000000000.0, "Total Cost": 1000000533454.38, "Plan Rows": 100000, "Plan Width": 12}, {"Node Type": "Materialize", "Parent Relationship": "Inner", "Startup Cost": 10000000000.0, "Total Cost": 1000000001268.76, "Plan Rows": 1, "Plan Width": 4, "Plans": [{"Node Type": "Index Scan", "Parent Relationship": "Outer", "Scan Direction": "Forward", "Index Name": "nation_pkey", "Relation Name": "nation", "Alias": "nation", "Startup Cost": 10000000000.0, "Total Cost": 1000000001268.75, "Plan Rows": 1, "Plan Width": 4, "Filter": "(n_name = 'MOZAMBIQUE'::bpchar)"}]}]}]}]}]}]}, "Unique SQL Id": 2932834211, "Planner Runtime": 1}, "explain_analyze_plan": null}, "(64, 16)": {"explain_plan": {"Plan": {"Node Type": "Sort", "Startup Cost": 86957.11, "Total Cost": 87091.56, "Plan Rows": 53780, "Plan Width": 40, "Sort Key": ["(sum((public.partsupp.ps_supplycost * (public.partsupp.ps_availqty)::double precision))) DESC"], "Plans": [{"Node Type": "Aggregate", "Strategy": "Plain", "Parent Relationship": "exec_init_plan", "Subplan Name": "InitPlan 1 (returns $2)", "Startup Cost": 40760.67, "Total Cost": 40760.68, "Plan Rows": 1, "Plan Width": 24, "Plans": [{"Node Type": "Nested Loop", "Parent Relationship": "Outer", "Join Type": "Inner", "Startup Cost": 95.25, "Total Cost": 40357.32, "Plan Rows": 53780, "Plan Width": 16, "Inner Unique": false, "Plans": [{"Node Type": "Nested Loop", "Parent Relationship": "Outer", "Join Type": "Inner", "Startup Cost": 95.25, "Total Cost": 2533.35, "Plan Rows": 4000, "Plan Width": 8, "Inner Unique": false, "Plans": [{"Node Type": "Seq Scan", "Parent Relationship": "Outer", "Relation Name": "nation", "Alias": "nation", "Startup Cost": 0.0, "Total Cost": 1.31, "Plan Rows": 1, "Plan Width": 4, "Filter": "(n_name = 'MOZAMBIQUE'::bpchar)"}, {"Node Type": "Bitmap Heap Scan", "Parent Relationship": "Inner", "Relation Name": "supplier", "Alias": "supplier", "Startup Cost": 95.25, "Total Cost": 2492.04, "Plan Rows": 4000, "Plan Width": 12, "Recheck Cond": "(s_nationkey = public.nation.n_nationkey)", "Plans": [{"Node Type": "Bitmap Index Scan", "Parent Relationship": "Outer", "Index Name": "idx_supplier_nation_key", "Startup Cost": 0.0, "Total Cost": 94.25, "Plan Rows": 4000, "Plan Width": 0, "Index Cond": "(s_nationkey = public.nation.n_nationkey)"}]}]}, {"Node Type": "Index Scan", "Parent Relationship": "Inner", "Scan Direction": "Forward", "Index Name": "idx_partsupp_suppkey", "Relation Name": "partsupp", "Alias": "partsupp", "Startup Cost": 0.0, "Total Cost": 9.33, "Plan Rows": 13, "Plan Width": 24, "Index Cond": "(ps_suppkey = public.supplier.s_suppkey)"}]}]}, {"Node Type": "Aggregate", "Strategy": "Hashed", "Parent Relationship": "Outer", "Startup Cost": 41298.47, "Total Cost": 41970.72, "Plan Rows": 53780, "Plan Width": 40, "Group By Key": ["public.partsupp.ps_partkey"], "Filter": "(sum((public.partsupp.ps_supplycost * (public.partsupp.ps_availqty)::double precision)) > $2)", "Plans": [{"Node Type": "Nested Loop", "Parent Relationship": "Outer", "Join Type": "Inner", "Startup Cost": 95.25, "Total Cost": 40357.32, "Plan Rows": 53780, "Plan Width": 24, "Inner Unique": false, "Plans": [{"Node Type": "Nested Loop", "Parent Relationship": "Outer", "Join Type": "Inner", "Startup Cost": 95.25, "Total Cost": 2533.35, "Plan Rows": 4000, "Plan Width": 8, "Inner Unique": false, "Plans": [{"Node Type": "Seq Scan", "Parent Relationship": "Outer", "Relation Name": "nation", "Alias": "nation", "Startup Cost": 0.0, "Total Cost": 1.31, "Plan Rows": 1, "Plan Width": 4, "Filter": "(n_name = 'MOZAMBIQUE'::bpchar)"}, {"Node Type": "Bitmap Heap Scan", "Parent Relationship": "Inner", "Relation Name": "supplier", "Alias": "supplier", "Startup Cost": 95.25, "Total Cost": 2492.04, "Plan Rows": 4000, "Plan Width": 12, "Recheck Cond": "(s_nationkey = public.nation.n_nationkey)", "Plans": [{"Node Type": "Bitmap Index Scan", "Parent Relationship": "Outer", "Index Name": "idx_supplier_nation_key", "Startup Cost": 0.0, "Total Cost": 94.25, "Plan Rows": 4000, "Plan Width": 0, "Index Cond": "(s_nationkey = public.nation.n_nationkey)"}]}]}, {"Node Type": "Index Scan", "Parent Relationship": "Inner", "Scan Direction": "Forward", "Index Name": "idx_partsupp_suppkey", "Relation Name": "partsupp", "Alias": "partsupp", "Startup Cost": 0.0, "Total Cost": 9.33, "Plan Rows": 13, "Plan Width": 32, "Index Cond": "(ps_suppkey = public.supplier.s_suppkey)"}]}]}]}, "Unique SQL Id": 2932834211, "Planner Runtime": 1}, "explain_analyze_plan": {"Plan": {"Node Type": "Sort", "Startup Cost": 86957.11, "Total Cost": 87091.56, "Plan Rows": 53780, "Plan Width": 40, "Actual Startup Time": 1757.818, "Actual Total Time": 1757.818, "Actual Rows": 0, "Actual Loops": 1, "Sort Key": ["(sum((public.partsupp.ps_supplycost * (public.partsupp.ps_availqty)::double precision))) DESC"], "Sort Method": "quicksort", "Sort Space Used": 25, "Sort Space Type": "Memory", "Plans": [{"Node Type": "Aggregate", "Strategy": "Plain", "Parent Relationship": "exec_init_plan", "Subplan Name": "InitPlan 1 (returns $2)", "Startup Cost": 40760.67, "Total Cost": 40760.68, "Plan Rows": 1, "Plan Width": 24, "Actual Startup Time": 685.274, "Actual Total Time": 685.274, "Actual Rows": 1, "Actual Loops": 1, "Plans": [{"Node Type": "Nested Loop", "Parent Relationship": "Outer", "Join Type": "Inner", "Startup Cost": 95.25, "Total Cost": 40357.32, "Plan Rows": 53780, "Plan Width": 16, "Actual Startup Time": 0.989, "Actual Total Time": 550.199, "Actual Rows": 313920, "Actual Loops": 1, "Inner Unique": false, "Plans": [{"Node Type": "Nested Loop", "Parent Relationship": "Outer", "Join Type": "Inner", "Startup Cost": 95.25, "Total Cost": 2533.35, "Plan Rows": 4000, "Plan Width": 8, "Actual Startup Time": 0.963, "Actual Total Time": 7.289, "Actual Rows": 3924, "Actual Loops": 1, "Inner Unique": false, "Plans": [{"Node Type": "Seq Scan", "Parent Relationship": "Outer", "Relation Name": "nation", "Alias": "nation", "Startup Cost": 0.0, "Total Cost": 1.31, "Plan Rows": 1, "Plan Width": 4, "Actual Startup Time": 0.043, "Actual Total Time": 0.055, "Actual Rows": 1, "Actual Loops": 1, "Filter": "(n_name = 'MOZAMBIQUE'::bpchar)", "Rows Removed by Filter": 24}, {"Node Type": "Bitmap Heap Scan", "Parent Relationship": "Inner", "Relation Name": "supplier", "Alias": "supplier", "Startup Cost": 95.25, "Total Cost": 2492.04, "Plan Rows": 4000, "Plan Width": 12, "Actual Startup Time": 0.903, "Actual Total Time": 6.347, "Actual Rows": 3924, "Actual Loops": 1, "Recheck Cond": "(s_nationkey = public.nation.n_nationkey)", "Rows Removed by Index Recheck": 0, "Exact Heap Blocks": 1895, "Lossy Heap Blocks": 1895, "Plans": [{"Node Type": "Bitmap Index Scan", "Parent Relationship": "Outer", "Index Name": "idx_supplier_nation_key", "Startup Cost": 0.0, "Total Cost": 94.25, "Plan Rows": 4000, "Plan Width": 0, "Actual Startup Time": 0.624, "Actual Total Time": 0.624, "Actual Rows": 3924, "Actual Loops": 1, "Index Cond": "(s_nationkey = public.nation.n_nationkey)"}]}]}, {"Node Type": "Index Scan", "Parent Relationship": "Inner", "Scan Direction": "Forward", "Index Name": "idx_partsupp_suppkey", "Relation Name": "partsupp", "Alias": "partsupp", "Startup Cost": 0.0, "Total Cost": 9.33, "Plan Rows": 13, "Plan Width": 24, "Actual Startup Time": 41.836, "Actual Total Time": 476.637, "Actual Rows": 313920, "Actual Loops": 3924, "Index Cond": "(ps_suppkey = public.supplier.s_suppkey)", "Rows Removed by Index Recheck": 0}]}]}, {"Node Type": "Aggregate", "Strategy": "Hashed", "Parent Relationship": "Outer", "Startup Cost": 41298.47, "Total Cost": 41970.72, "Plan Rows": 53780, "Plan Width": 40, "Actual Startup Time": 1757.278, "Actual Total Time": 1757.278, "Actual Rows": 0, "Actual Loops": 1, "Group By Key": ["public.partsupp.ps_partkey"], "Filter": "(sum((public.partsupp.ps_supplycost * (public.partsupp.ps_availqty)::double precision)) > $2)", "Rows Removed by Filter": 295792, "Plans": [{"Node Type": "Nested Loop", "Parent Relationship": "Outer", "Join Type": "Inner", "Startup Cost": 95.25, "Total Cost": 40357.32, "Plan Rows": 53780, "Plan Width": 24, "Actual Startup Time": 0.989, "Actual Total Time": 653.431, "Actual Rows": 313920, "Actual Loops": 1, "Inner Unique": false, "Plans": [{"Node Type": "Nested Loop", "Parent Relationship": "Outer", "Join Type": "Inner", "Startup Cost": 95.25, "Total Cost": 2533.35, "Plan Rows": 4000, "Plan Width": 8, "Actual Startup Time": 0.965, "Actual Total Time": 8.619, "Actual Rows": 3924, "Actual Loops": 1, "Inner Unique": false, "Plans": [{"Node Type": "Seq Scan", "Parent Relationship": "Outer", "Relation Name": "nation", "Alias": "nation", "Startup Cost": 0.0, "Total Cost": 1.31, "Plan Rows": 1, "Plan Width": 4, "Actual Startup Time": 0.03, "Actual Total Time": 0.047, "Actual Rows": 1, "Actual Loops": 1, "Filter": "(n_name = 'MOZAMBIQUE'::bpchar)", "Rows Removed by Filter": 24}, {"Node Type": "Bitmap Heap Scan", "Parent Relationship": "Inner", "Relation Name": "supplier", "Alias": "supplier", "Startup Cost": 95.25, "Total Cost": 2492.04, "Plan Rows": 4000, "Plan Width": 12, "Actual Startup Time": 0.928, "Actual Total Time": 7.555, "Actual Rows": 3924, "Actual Loops": 1, "Recheck Cond": "(s_nationkey = public.nation.n_nationkey)", "Rows Removed by Index Recheck": 0, "Exact Heap Blocks": 1895, "Lossy Heap Blocks": 1895, "Plans": [{"Node Type": "Bitmap Index Scan", "Parent Relationship": "Outer", "Index Name": "idx_supplier_nation_key", "Startup Cost": 0.0, "Total Cost": 94.25, "Plan Rows": 4000, "Plan Width": 0, "Actual Startup Time": 0.644, "Actual Total Time": 0.644, "Actual Rows": 3924, "Actual Loops": 1, "Index Cond": "(s_nationkey = public.nation.n_nationkey)"}]}]}, {"Node Type": "Index Scan", "Parent Relationship": "Inner", "Scan Direction": "Forward", "Index Name": "idx_partsupp_suppkey", "Relation Name": "partsupp", "Alias": "partsupp", "Startup Cost": 0.0, "Total Cost": 9.33, "Plan Rows": 13, "Plan Width": 32, "Actual Startup Time": 48.203, "Actual Total Time": 572.851, "Actual Rows": 313920, "Actual Loops": 3924, "Index Cond": "(ps_suppkey = public.supplier.s_suppkey)", "Rows Removed by Index Recheck": 0}]}]}]}, "Triggers": [], "Planner Runtime": 0, "Total Runtime": 1758.153, "Unique SQL Id": 2932834211}}, "(64, 17)": {"explain_plan": {"Plan": {"Node Type": "Sort", "Startup Cost": 86979.86, "Total Cost": 87114.31, "Plan Rows": 53780, "Plan Width": 40, "Sort Key": ["(sum((public.partsupp.ps_supplycost * (public.partsupp.ps_availqty)::double precision))) DESC"], "Plans": [{"Node Type": "Aggregate", "Strategy": "Plain", "Parent Relationship": "exec_init_plan", "Subplan Name": "InitPlan 1 (returns $2)", "Startup Cost": 40772.04, "Total Cost": 40772.06, "Plan Rows": 1, "Plan Width": 24, "Plans": [{"Node Type": "Nested Loop", "Parent Relationship": "Outer", "Join Type": "Inner", "Startup Cost": 95.25, "Total Cost": 40368.69, "Plan Rows": 53780, "Plan Width": 16, "Inner Unique": false, "Plans": [{"Node Type": "Nested Loop", "Parent Relationship": "Outer", "Join Type": "Inner", "Startup Cost": 95.25, "Total Cost": 2544.73, "Plan Rows": 4000, "Plan Width": 8, "Inner Unique": false, "Plans": [{"Node Type": "Index Scan", "Parent Relationship": "Outer", "Scan Direction": "Forward", "Index Name": "nation_pkey", "Relation Name": "nation", "Alias": "nation", "Startup Cost": 0.0, "Total Cost": 12.69, "Plan Rows": 1, "Plan Width": 4, "Filter": "(n_name = 'MOZAMBIQUE'::bpchar)"}, {"Node Type": "Bitmap Heap Scan", "Parent Relationship": "Inner", "Relation Name": "supplier", "Alias": "supplier", "Startup Cost": 95.25, "Total Cost": 2492.04, "Plan Rows": 4000, "Plan Width": 12, "Recheck Cond": "(s_nationkey = public.nation.n_nationkey)", "Plans": [{"Node Type": "Bitmap Index Scan", "Parent Relationship": "Outer", "Index Name": "idx_supplier_nation_key", "Startup Cost": 0.0, "Total Cost": 94.25, "Plan Rows": 4000, "Plan Width": 0, "Index Cond": "(s_nationkey = public.nation.n_nationkey)"}]}]}, {"Node Type": "Index Scan", "Parent Relationship": "Inner", "Scan Direction": "Forward", "Index Name": "idx_partsupp_suppkey", "Relation Name": "partsupp", "Alias": "partsupp", "Startup Cost": 0.0, "Total Cost": 9.33, "Plan Rows": 13, "Plan Width": 24, "Index Cond": "(ps_suppkey = public.supplier.s_suppkey)"}]}]}, {"Node Type": "Aggregate", "Strategy": "Hashed", "Parent Relationship": "Outer", "Startup Cost": 41309.84, "Total Cost": 41982.09, "Plan Rows": 53780, "Plan Width": 40, "Group By Key": ["public.partsupp.ps_partkey"], "Filter": "(sum((public.partsupp.ps_supplycost * (public.partsupp.ps_availqty)::double precision)) > $2)", "Plans": [{"Node Type": "Nested Loop", "Parent Relationship": "Outer", "Join Type": "Inner", "Startup Cost": 95.25, "Total Cost": 40368.69, "Plan Rows": 53780, "Plan Width": 24, "Inner Unique": false, "Plans": [{"Node Type": "Nested Loop", "Parent Relationship": "Outer", "Join Type": "Inner", "Startup Cost": 95.25, "Total Cost": 2544.73, "Plan Rows": 4000, "Plan Width": 8, "Inner Unique": false, "Plans": [{"Node Type": "Index Scan", "Parent Relationship": "Outer", "Scan Direction": "Forward", "Index Name": "nation_pkey", "Relation Name": "nation", "Alias": "nation", "Startup Cost": 0.0, "Total Cost": 12.69, "Plan Rows": 1, "Plan Width": 4, "Filter": "(n_name = 'MOZAMBIQUE'::bpchar)"}, {"Node Type": "Bitmap Heap Scan", "Parent Relationship": "Inner", "Relation Name": "supplier", "Alias": "supplier", "Startup Cost": 95.25, "Total Cost": 2492.04, "Plan Rows": 4000, "Plan Width": 12, "Recheck Cond": "(s_nationkey = public.nation.n_nationkey)", "Plans": [{"Node Type": "Bitmap Index Scan", "Parent Relationship": "Outer", "Index Name": "idx_supplier_nation_key", "Startup Cost": 0.0, "Total Cost": 94.25, "Plan Rows": 4000, "Plan Width": 0, "Index Cond": "(s_nationkey = public.nation.n_nationkey)"}]}]}, {"Node Type": "Index Scan", "Parent Relationship": "Inner", "Scan Direction": "Forward", "Index Name": "idx_partsupp_suppkey", "Relation Name": "partsupp", "Alias": "partsupp", "Startup Cost": 0.0, "Total Cost": 9.33, "Plan Rows": 13, "Plan Width": 32, "Index Cond": "(ps_suppkey = public.supplier.s_suppkey)"}]}]}]}, "Unique SQL Id": 2932834211, "Planner Runtime": 1}, "explain_analyze_plan": {"Plan": {"Node Type": "Sort", "Startup Cost": 86979.86, "Total Cost": 87114.31, "Plan Rows": 53780, "Plan Width": 40, "Actual Startup Time": 1762.834, "Actual Total Time": 1762.834, "Actual Rows": 0, "Actual Loops": 1, "Sort Key": ["(sum((public.partsupp.ps_supplycost * (public.partsupp.ps_availqty)::double precision))) DESC"], "Sort Method": "quicksort", "Sort Space Used": 25, "Sort Space Type": "Memory", "Plans": [{"Node Type": "Aggregate", "Strategy": "Plain", "Parent Relationship": "exec_init_plan", "Subplan Name": "InitPlan 1 (returns $2)", "Startup Cost": 40772.04, "Total Cost": 40772.06, "Plan Rows": 1, "Plan Width": 24, "Actual Startup Time": 757.478, "Actual Total Time": 757.478, "Actual Rows": 1, "Actual Loops": 1, "Plans": [{"Node Type": "Nested Loop", "Parent Relationship": "Outer", "Join Type": "Inner", "Startup Cost": 95.25, "Total Cost": 40368.69, "Plan Rows": 53780, "Plan Width": 16, "Actual Startup Time": 0.979, "Actual Total Time": 621.76, "Actual Rows": 313920, "Actual Loops": 1, "Inner Unique": false, "Plans": [{"Node Type": "Nested Loop", "Parent Relationship": "Outer", "Join Type": "Inner", "Startup Cost": 95.25, "Total Cost": 2544.73, "Plan Rows": 4000, "Plan Width": 8, "Actual Startup Time": 0.958, "Actual Total Time": 8.05, "Actual Rows": 3924, "Actual Loops": 1, "Inner Unique": false, "Plans": [{"Node Type": "Index Scan", "Parent Relationship": "Outer", "Scan Direction": "Forward", "Index Name": "nation_pkey", "Relation Name": "nation", "Alias": "nation", "Startup Cost": 0.0, "Total Cost": 12.69, "Plan Rows": 1, "Plan Width": 4, "Actual Startup Time": 0.038, "Actual Total Time": 0.053, "Actual Rows": 1, "Actual Loops": 1, "Filter": "(n_name = 'MOZAMBIQUE'::bpchar)", "Rows Removed by Filter": 24}, {"Node Type": "Bitmap Heap Scan", "Parent Relationship": "Inner", "Relation Name": "supplier", "Alias": "supplier", "Startup Cost": 95.25, "Total Cost": 2492.04, "Plan Rows": 4000, "Plan Width": 12, "Actual Startup Time": 0.903, "Actual Total Time": 7.053, "Actual Rows": 3924, "Actual Loops": 1, "Recheck Cond": "(s_nationkey = public.nation.n_nationkey)", "Rows Removed by Index Recheck": 0, "Exact Heap Blocks": 1895, "Lossy Heap Blocks": 1895, "Plans": [{"Node Type": "Bitmap Index Scan", "Parent Relationship": "Outer", "Index Name": "idx_supplier_nation_key", "Startup Cost": 0.0, "Total Cost": 94.25, "Plan Rows": 4000, "Plan Width": 0, "Actual Startup Time": 0.627, "Actual Total Time": 0.627, "Actual Rows": 3924, "Actual Loops": 1, "Index Cond": "(s_nationkey = public.nation.n_nationkey)"}]}]}, {"Node Type": "Index Scan", "Parent Relationship": "Inner", "Scan Direction": "Forward", "Index Name": "idx_partsupp_suppkey", "Relation Name": "partsupp", "Alias": "partsupp", "Startup Cost": 0.0, "Total Cost": 9.33, "Plan Rows": 13, "Plan Width": 24, "Actual Startup Time": 46.082, "Actual Total Time": 547.337, "Actual Rows": 313920, "Actual Loops": 3924, "Index Cond": "(ps_suppkey = public.supplier.s_suppkey)", "Rows Removed by Index Recheck": 0}]}]}, {"Node Type": "Aggregate", "Strategy": "Hashed", "Parent Relationship": "Outer", "Startup Cost": 41309.84, "Total Cost": 41982.09, "Plan Rows": 53780, "Plan Width": 40, "Actual Startup Time": 1762.251, "Actual Total Time": 1762.251, "Actual Rows": 0, "Actual Loops": 1, "Group By Key": ["public.partsupp.ps_partkey"], "Filter": "(sum((public.partsupp.ps_supplycost * (public.partsupp.ps_availqty)::double precision)) > $2)", "Rows Removed by Filter": 295792, "Plans": [{"Node Type": "Nested Loop", "Parent Relationship": "Outer", "Join Type": "Inner", "Startup Cost": 95.25, "Total Cost": 40368.69, "Plan Rows": 53780, "Plan Width": 24, "Actual Startup Time": 0.974, "Actual Total Time": 574.222, "Actual Rows": 313920, "Actual Loops": 1, "Inner Unique": false, "Plans": [{"Node Type": "Nested Loop", "Parent Relationship": "Outer", "Join Type": "Inner", "Startup Cost": 95.25, "Total Cost": 2544.73, "Plan Rows": 4000, "Plan Width": 8, "Actual Startup Time": 0.951, "Actual Total Time": 7.662, "Actual Rows": 3924, "Actual Loops": 1, "Inner Unique": false, "Plans": [{"Node Type": "Index Scan", "Parent Relationship": "Outer", "Scan Direction": "Forward", "Index Name": "nation_pkey", "Relation Name": "nation", "Alias": "nation", "Startup Cost": 0.0, "Total Cost": 12.69, "Plan Rows": 1, "Plan Width": 4, "Actual Startup Time": 0.031, "Actual Total Time": 0.042, "Actual Rows": 1, "Actual Loops": 1, "Filter": "(n_name = 'MOZAMBIQUE'::bpchar)", "Rows Removed by Filter": 24}, {"Node Type": "Bitmap Heap Scan", "Parent Relationship": "Inner", "Relation Name": "supplier", "Alias": "supplier", "Startup Cost": 95.25, "Total Cost": 2492.04, "Plan Rows": 4000, "Plan Width": 12, "Actual Startup Time": 0.913, "Actual Total Time": 6.701, "Actual Rows": 3924, "Actual Loops": 1, "Recheck Cond": "(s_nationkey = public.nation.n_nationkey)", "Rows Removed by Index Recheck": 0, "Exact Heap Blocks": 1895, "Lossy Heap Blocks": 1895, "Plans": [{"Node Type": "Bitmap Index Scan", "Parent Relationship": "Outer", "Index Name": "idx_supplier_nation_key", "Startup Cost": 0.0, "Total Cost": 94.25, "Plan Rows": 4000, "Plan Width": 0, "Actual Startup Time": 0.621, "Actual Total Time": 0.621, "Actual Rows": 3924, "Actual Loops": 1, "Index Cond": "(s_nationkey = public.nation.n_nationkey)"}]}]}, {"Node Type": "Index Scan", "Parent Relationship": "Inner", "Scan Direction": "Forward", "Index Name": "idx_partsupp_suppkey", "Relation Name": "partsupp", "Alias": "partsupp", "Startup Cost": 0.0, "Total Cost": 9.33, "Plan Rows": 13, "Plan Width": 32, "Actual Startup Time": 43.059, "Actual Total Time": 494.357, "Actual Rows": 313920, "Actual Loops": 3924, "Index Cond": "(ps_suppkey = public.supplier.s_suppkey)", "Rows Removed by Index Recheck": 0}]}]}]}, "Triggers": [], "Planner Runtime": 0, "Total Runtime": 1763.161, "Unique SQL Id": 2932834211}}, "(64, 18)": {"explain_plan": {"Plan": {"Node Type": "Sort", "Startup Cost": 90032.55, "Total Cost": 90167.0, "Plan Rows": 53780, "Plan Width": 40, "Sort Key": ["(sum((public.partsupp.ps_supplycost * (public.partsupp.ps_availqty)::double precision))) DESC"], "Plans": [{"Node Type": "Aggregate", "Strategy": "Plain", "Parent Relationship": "exec_init_plan", "Subplan Name": "InitPlan 1 (returns $2)", "Startup Cost": 42298.39, "Total Cost": 42298.4, "Plan Rows": 1, "Plan Width": 24, "Plans": [{"Node Type": "Nested Loop", "Parent Relationship": "Outer", "Join Type": "Inner", "Startup Cost": 96.82, "Total Cost": 41895.04, "Plan Rows": 53780, "Plan Width": 16, "Inner Unique": false, "Plans": [{"Node Type": "Nested Loop", "Parent Relationship": "Outer", "Join Type": "Inner", "Startup Cost": 95.25, "Total Cost": 2533.35, "Plan Rows": 4000, "Plan Width": 8, "Inner Unique": false, "Plans": [{"Node Type": "Seq Scan", "Parent Relationship": "Outer", "Relation Name": "nation", "Alias": "nation", "Startup Cost": 0.0, "Total Cost": 1.31, "Plan Rows": 1, "Plan Width": 4, "Filter": "(n_name = 'MOZAMBIQUE'::bpchar)"}, {"Node Type": "Bitmap Heap Scan", "Parent Relationship": "Inner", "Relation Name": "supplier", "Alias": "supplier", "Startup Cost": 95.25, "Total Cost": 2492.04, "Plan Rows": 4000, "Plan Width": 12, "Recheck Cond": "(s_nationkey = public.nation.n_nationkey)", "Plans": [{"Node Type": "Bitmap Index Scan", "Parent Relationship": "Outer", "Index Name": "idx_supplier_nation_key", "Startup Cost": 0.0, "Total Cost": 94.25, "Plan Rows": 4000, "Plan Width": 0, "Index Cond": "(s_nationkey = public.nation.n_nationkey)"}]}]}, {"Node Type": "Bitmap Heap Scan", "Parent Relationship": "Inner", "Relation Name": "partsupp", "Alias": "partsupp", "Startup Cost": 1.57, "Total Cost": 9.71, "Plan Rows": 13, "Plan Width": 24, "Recheck Cond": "(ps_suppkey = public.supplier.s_suppkey)", "Plans": [{"Node Type": "Bitmap Index Scan", "Parent Relationship": "Outer", "Index Name": "idx_partsupp_suppkey", "Startup Cost": 0.0, "Total Cost": 1.56, "Plan Rows": 13, "Plan Width": 0, "Index Cond": "(ps_suppkey = public.supplier.s_suppkey)"}]}]}]}, {"Node Type": "Aggregate", "Strategy": "Hashed", "Parent Relationship": "Outer", "Startup Cost": 42836.19, "Total Cost": 43508.44, "Plan Rows": 53780, "Plan Width": 40, "Group By Key": ["public.partsupp.ps_partkey"], "Filter": "(sum((public.partsupp.ps_supplycost * (public.partsupp.ps_availqty)::double precision)) > $2)", "Plans": [{"Node Type": "Nested Loop", "Parent Relationship": "Outer", "Join Type": "Inner", "Startup Cost": 96.82, "Total Cost": 41895.04, "Plan Rows": 53780, "Plan Width": 24, "Inner Unique": false, "Plans": [{"Node Type": "Nested Loop", "Parent Relationship": "Outer", "Join Type": "Inner", "Startup Cost": 95.25, "Total Cost": 2533.35, "Plan Rows": 4000, "Plan Width": 8, "Inner Unique": false, "Plans": [{"Node Type": "Seq Scan", "Parent Relationship": "Outer", "Relation Name": "nation", "Alias": "nation", "Startup Cost": 0.0, "Total Cost": 1.31, "Plan Rows": 1, "Plan Width": 4, "Filter": "(n_name = 'MOZAMBIQUE'::bpchar)"}, {"Node Type": "Bitmap Heap Scan", "Parent Relationship": "Inner", "Relation Name": "supplier", "Alias": "supplier", "Startup Cost": 95.25, "Total Cost": 2492.04, "Plan Rows": 4000, "Plan Width": 12, "Recheck Cond": "(s_nationkey = public.nation.n_nationkey)", "Plans": [{"Node Type": "Bitmap Index Scan", "Parent Relationship": "Outer", "Index Name": "idx_supplier_nation_key", "Startup Cost": 0.0, "Total Cost": 94.25, "Plan Rows": 4000, "Plan Width": 0, "Index Cond": "(s_nationkey = public.nation.n_nationkey)"}]}]}, {"Node Type": "Bitmap Heap Scan", "Parent Relationship": "Inner", "Relation Name": "partsupp", "Alias": "partsupp", "Startup Cost": 1.57, "Total Cost": 9.71, "Plan Rows": 13, "Plan Width": 32, "Recheck Cond": "(ps_suppkey = public.supplier.s_suppkey)", "Plans": [{"Node Type": "Bitmap Index Scan", "Parent Relationship": "Outer", "Index Name": "idx_partsupp_suppkey", "Startup Cost": 0.0, "Total Cost": 1.56, "Plan Rows": 13, "Plan Width": 0, "Index Cond": "(ps_suppkey = public.supplier.s_suppkey)"}]}]}]}]}, "Unique SQL Id": 2932834211, "Planner Runtime": 1}, "explain_analyze_plan": {"Plan": {"Node Type": "Sort", "Startup Cost": 90032.55, "Total Cost": 90167.0, "Plan Rows": 53780, "Plan Width": 40, "Actual Startup Time": 1938.442, "Actual Total Time": 1938.442, "Actual Rows": 0, "Actual Loops": 1, "Sort Key": ["(sum((public.partsupp.ps_supplycost * (public.partsupp.ps_availqty)::double precision))) DESC"], "Sort Method": "quicksort", "Sort Space Used": 25, "Sort Space Type": "Memory", "Plans": [{"Node Type": "Aggregate", "Strategy": "Plain", "Parent Relationship": "exec_init_plan", "Subplan Name": "InitPlan 1 (returns $2)", "Startup Cost": 42298.39, "Total Cost": 42298.4, "Plan Rows": 1, "Plan Width": 24, "Actual Startup Time": 849.92, "Actual Total Time": 849.921, "Actual Rows": 1, "Actual Loops": 1, "Plans": [{"Node Type": "Nested Loop", "Parent Relationship": "Outer", "Join Type": "Inner", "Startup Cost": 96.82, "Total Cost": 41895.04, "Plan Rows": 53780, "Plan Width": 16, "Actual Startup Time": 1.032, "Actual Total Time": 721.537, "Actual Rows": 313920, "Actual Loops": 1, "Inner Unique": false, "Plans": [{"Node Type": "Nested Loop", "Parent Relationship": "Outer", "Join Type": "Inner", "Startup Cost": 95.25, "Total Cost": 2533.35, "Plan Rows": 4000, "Plan Width": 8, "Actual Startup Time": 0.983, "Actual Total Time": 7.832, "Actual Rows": 3924, "Actual Loops": 1, "Inner Unique": false, "Plans": [{"Node Type": "Seq Scan", "Parent Relationship": "Outer", "Relation Name": "nation", "Alias": "nation", "Startup Cost": 0.0, "Total Cost": 1.31, "Plan Rows": 1, "Plan Width": 4, "Actual Startup Time": 0.036, "Actual Total Time": 0.051, "Actual Rows": 1, "Actual Loops": 1, "Filter": "(n_name = 'MOZAMBIQUE'::bpchar)", "Rows Removed by Filter": 24}, {"Node Type": "Bitmap Heap Scan", "Parent Relationship": "Inner", "Relation Name": "supplier", "Alias": "supplier", "Startup Cost": 95.25, "Total Cost": 2492.04, "Plan Rows": 4000, "Plan Width": 12, "Actual Startup Time": 0.939, "Actual Total Time": 6.87, "Actual Rows": 3924, "Actual Loops": 1, "Recheck Cond": "(s_nationkey = public.nation.n_nationkey)", "Rows Removed by Index Recheck": 0, "Exact Heap Blocks": 1895, "Lossy Heap Blocks": 1895, "Plans": [{"Node Type": "Bitmap Index Scan", "Parent Relationship": "Outer", "Index Name": "idx_supplier_nation_key", "Startup Cost": 0.0, "Total Cost": 94.25, "Plan Rows": 4000, "Plan Width": 0, "Actual Startup Time": 0.649, "Actual Total Time": 0.649, "Actual Rows": 3924, "Actual Loops": 1, "Index Cond": "(s_nationkey = public.nation.n_nationkey)"}]}]}, {"Node Type": "Bitmap Heap Scan", "Parent Relationship": "Inner", "Relation Name": "partsupp", "Alias": "partsupp", "Startup Cost": 1.57, "Total Cost": 9.71, "Plan Rows": 13, "Plan Width": 24, "Actual Startup Time": 100.697, "Actual Total Time": 646.011, "Actual Rows": 313920, "Actual Loops": 3924, "Recheck Cond": "(ps_suppkey = public.supplier.s_suppkey)", "Rows Removed by Index Recheck": 0, "Exact Heap Blocks": 313920, "Lossy Heap Blocks": 313920, "Plans": [{"Node Type": "Bitmap Index Scan", "Parent Relationship": "Outer", "Index Name": "idx_partsupp_suppkey", "Startup Cost": 0.0, "Total Cost": 1.56, "Plan Rows": 13, "Plan Width": 0, "Actual Startup Time": 62.61, "Actual Total Time": 62.61, "Actual Rows": 313920, "Actual Loops": 3924, "Index Cond": "(ps_suppkey = public.supplier.s_suppkey)"}]}]}]}, {"Node Type": "Aggregate", "Strategy": "Hashed", "Parent Relationship": "Outer", "Startup Cost": 42836.19, "Total Cost": 43508.44, "Plan Rows": 53780, "Plan Width": 40, "Actual Startup Time": 1938.021, "Actual Total Time": 1938.021, "Actual Rows": 0, "Actual Loops": 1, "Group By Key": ["public.partsupp.ps_partkey"], "Filter": "(sum((public.partsupp.ps_supplycost * (public.partsupp.ps_availqty)::double precision)) > $2)", "Rows Removed by Filter": 295792, "Plans": [{"Node Type": "Nested Loop", "Parent Relationship": "Outer", "Join Type": "Inner", "Startup Cost": 96.82, "Total Cost": 41895.04, "Plan Rows": 53780, "Plan Width": 24, "Actual Startup Time": 0.995, "Actual Total Time": 708.938, "Actual Rows": 313920, "Actual Loops": 1, "Inner Unique": false, "Plans": [{"Node Type": "Nested Loop", "Parent Relationship": "Outer", "Join Type": "Inner", "Startup Cost": 95.25, "Total Cost": 2533.35, "Plan Rows": 4000, "Plan Width": 8, "Actual Startup Time": 0.951, "Actual Total Time": 7.412, "Actual Rows": 3924, "Actual Loops": 1, "Inner Unique": false, "Plans": [{"Node Type": "Seq Scan", "Parent Relationship": "Outer", "Relation Name": "nation", "Alias": "nation", "Startup Cost": 0.0, "Total Cost": 1.31, "Plan Rows": 1, "Plan Width": 4, "Actual Startup Time": 0.031, "Actual Total Time": 0.045, "Actual Rows": 1, "Actual Loops": 1, "Filter": "(n_name = 'MOZAMBIQUE'::bpchar)", "Rows Removed by Filter": 24}, {"Node Type": "Bitmap Heap Scan", "Parent Relationship": "Inner", "Relation Name": "supplier", "Alias": "supplier", "Startup Cost": 95.25, "Total Cost": 2492.04, "Plan Rows": 4000, "Plan Width": 12, "Actual Startup Time": 0.912, "Actual Total Time": 6.426, "Actual Rows": 3924, "Actual Loops": 1, "Recheck Cond": "(s_nationkey = public.nation.n_nationkey)", "Rows Removed by Index Recheck": 0, "Exact Heap Blocks": 1895, "Lossy Heap Blocks": 1895, "Plans": [{"Node Type": "Bitmap Index Scan", "Parent Relationship": "Outer", "Index Name": "idx_supplier_nation_key", "Startup Cost": 0.0, "Total Cost": 94.25, "Plan Rows": 4000, "Plan Width": 0, "Actual Startup Time": 0.632, "Actual Total Time": 0.632, "Actual Rows": 3924, "Actual Loops": 1, "Index Cond": "(s_nationkey = public.nation.n_nationkey)"}]}]}, {"Node Type": "Bitmap Heap Scan", "Parent Relationship": "Inner", "Relation Name": "partsupp", "Alias": "partsupp", "Startup Cost": 1.57, "Total Cost": 9.71, "Plan Rows": 13, "Plan Width": 32, "Actual Startup Time": 100.385, "Actual Total Time": 627.624, "Actual Rows": 313920, "Actual Loops": 3924, "Recheck Cond": "(ps_suppkey = public.supplier.s_suppkey)", "Rows Removed by Index Recheck": 0, "Exact Heap Blocks": 313920, "Lossy Heap Blocks": 313920, "Plans": [{"Node Type": "Bitmap Index Scan", "Parent Relationship": "Outer", "Index Name": "idx_partsupp_suppkey", "Startup Cost": 0.0, "Total Cost": 1.56, "Plan Rows": 13, "Plan Width": 0, "Actual Startup Time": 62.318, "Actual Total Time": 62.318, "Actual Rows": 313920, "Actual Loops": 3924, "Index Cond": "(ps_suppkey = public.supplier.s_suppkey)"}]}]}]}]}, "Triggers": [], "Planner Runtime": 0, "Total Runtime": 1938.921, "Unique SQL Id": 2932834211}}, "(64, 19)": {"explain_plan": {"Plan": {"Node Type": "Sort", "Startup Cost": 2000084159245.82, "Total Cost": 2000084159380.27, "Plan Rows": 53780, "Plan Width": 40, "Sort Key": ["(sum((public.partsupp.ps_supplycost * (public.partsupp.ps_availqty)::double precision))) DESC"], "Plans": [{"Node Type": "Aggregate", "Strategy": "Plain", "Parent Relationship": "exec_init_plan", "Subplan Name": "InitPlan 1 (returns $2)", "Startup Cost": 1000001001502.42, "Total Cost": 1000001001502.43, "Plan Rows": 1, "Plan Width": 24, "Plans": [{"Node Type": "Nested Loop", "Parent Relationship": "Outer", "Join Type": "Inner", "Startup Cost": 10000000001.83, "Total Cost": 1000001001099.07, "Plan Rows": 53780, "Plan Width": 16, "Inner Unique": false, "Plans": [{"Node Type": "Nested Loop", "Parent Relationship": "Outer", "Join Type": "Inner", "Startup Cost": 10000000000.26, "Total Cost": 1000000961737.38, "Plan Rows": 4000, "Plan Width": 8, "Inner Unique": true, "Plans": [{"Node Type": "Index Scan", "Parent Relationship": "Outer", "Scan Direction": "Forward", "Index Name": "supplier_pkey", "Relation Name": "supplier", "Alias": "supplier", "Startup Cost": 10000000000.0, "Total Cost": 1000000533454.38, "Plan Rows": 100000, "Plan Width": 12}, {"Node Type": "Bitmap Heap Scan", "Parent Relationship": "Inner", "Relation Name": "nation", "Alias": "nation", "Startup Cost": 0.26, "Total Cost": 4.27, "Plan Rows": 1, "Plan Width": 4, "Recheck Cond": "(n_nationkey = public.supplier.s_nationkey)", "Filter": "(n_name = 'MOZAMBIQUE'::bpchar)", "Plans": [{"Node Type": "Bitmap Index Scan", "Parent Relationship": "Outer", "Index Name": "nation_pkey", "Startup Cost": 0.0, "Total Cost": 0.26, "Plan Rows": 1, "Plan Width": 0, "Index Cond": "(n_nationkey = public.supplier.s_nationkey)"}]}]}, {"Node Type": "Bitmap Heap Scan", "Parent Relationship": "Inner", "Relation Name": "partsupp", "Alias": "partsupp", "Startup Cost": 1.57, "Total Cost": 9.71, "Plan Rows": 13, "Plan Width": 24, "Recheck Cond": "(ps_suppkey = public.supplier.s_suppkey)", "Plans": [{"Node Type": "Bitmap Index Scan", "Parent Relationship": "Outer", "Index Name": "idx_partsupp_suppkey", "Startup Cost": 0.0, "Total Cost": 1.56, "Plan Rows": 13, "Plan Width": 0, "Index Cond": "(ps_suppkey = public.supplier.s_suppkey)"}]}]}]}, {"Node Type": "Aggregate", "Strategy": "Hashed", "Parent Relationship": "Outer", "Startup Cost": 1000083152845.44, "Total Cost": 1000083153517.69, "Plan Rows": 53780, "Plan Width": 40, "Group By Key": ["public.partsupp.ps_partkey"], "Filter": "(sum((public.partsupp.ps_supplycost * (public.partsupp.ps_availqty)::double precision)) > $2)", "Plans": [{"Node Type": "Nested Loop", "Parent Relationship": "Outer", "Join Type": "Inner", "Startup Cost": 10000000000.52, "Total Cost": 1000083151904.29, "Plan Rows": 53780, "Plan Width": 24, "Inner Unique": true, "Plans": [{"Node Type": "Nested Loop", "Parent Relationship": "Outer", "Join Type": "Inner", "Startup Cost": 10000000000.26, "Total Cost": 1000077393643.64, "Plan Rows": 1344499, "Plan Width": 28, "Inner Unique": true, "Plans": [{"Node Type": "Index Scan", "Parent Relationship": "Outer", "Scan Direction": "Forward", "Index Name": "idx_partsupp_partkey", "Relation Name": "partsupp", "Alias": "partsupp", "Startup Cost": 10000000000.0, "Total Cost": 1000043148503.38, "Plan Rows": 8000372, "Plan Width": 32}, {"Node Type": "Bitmap Heap Scan", "Parent Relationship": "Inner", "Relation Name": "supplier", "Alias": "supplier", "Startup Cost": 0.26, "Total Cost": 4.27, "Plan Rows": 1, "Plan Width": 12, "Recheck Cond": "(s_suppkey = public.partsupp.ps_suppkey)", "Plans": [{"Node Type": "Bitmap Index Scan", "Parent Relationship": "Outer", "Index Name": "supplier_pkey", "Startup Cost": 0.0, "Total Cost": 0.26, "Plan Rows": 1, "Plan Width": 0, "Index Cond": "(s_suppkey = public.partsupp.ps_suppkey)"}]}]}, {"Node Type": "Bitmap Heap Scan", "Parent Relationship": "Inner", "Relation Name": "nation", "Alias": "nation", "Startup Cost": 0.26, "Total Cost": 4.27, "Plan Rows": 1, "Plan Width": 4, "Recheck Cond": "(n_nationkey = public.supplier.s_nationkey)", "Filter": "(n_name = 'MOZAMBIQUE'::bpchar)", "Plans": [{"Node Type": "Bitmap Index Scan", "Parent Relationship": "Outer", "Index Name": "nation_pkey", "Startup Cost": 0.0, "Total Cost": 0.26, "Plan Rows": 1, "Plan Width": 0, "Index Cond": "(n_nationkey = public.supplier.s_nationkey)"}]}]}]}]}, "Unique SQL Id": 2932834211, "Planner Runtime": 1}, "explain_analyze_plan": null}, "(64, 20)": {"explain_plan": {"Plan": {"Node Type": "Sort", "Startup Cost": 86957.11, "Total Cost": 87091.56, "Plan Rows": 53780, "Plan Width": 40, "Sort Key": ["(sum((public.partsupp.ps_supplycost * (public.partsupp.ps_availqty)::double precision))) DESC"], "Plans": [{"Node Type": "Aggregate", "Strategy": "Plain", "Parent Relationship": "exec_init_plan", "Subplan Name": "InitPlan 1 (returns $2)", "Startup Cost": 40760.67, "Total Cost": 40760.68, "Plan Rows": 1, "Plan Width": 24, "Plans": [{"Node Type": "Nested Loop", "Parent Relationship": "Outer", "Join Type": "Inner", "Startup Cost": 95.25, "Total Cost": 40357.32, "Plan Rows": 53780, "Plan Width": 16, "Inner Unique": false, "Plans": [{"Node Type": "Nested Loop", "Parent Relationship": "Outer", "Join Type": "Inner", "Startup Cost": 95.25, "Total Cost": 2533.35, "Plan Rows": 4000, "Plan Width": 8, "Inner Unique": false, "Plans": [{"Node Type": "Seq Scan", "Parent Relationship": "Outer", "Relation Name": "nation", "Alias": "nation", "Startup Cost": 0.0, "Total Cost": 1.31, "Plan Rows": 1, "Plan Width": 4, "Filter": "(n_name = 'MOZAMBIQUE'::bpchar)"}, {"Node Type": "Bitmap Heap Scan", "Parent Relationship": "Inner", "Relation Name": "supplier", "Alias": "supplier", "Startup Cost": 95.25, "Total Cost": 2492.04, "Plan Rows": 4000, "Plan Width": 12, "Recheck Cond": "(s_nationkey = public.nation.n_nationkey)", "Plans": [{"Node Type": "Bitmap Index Scan", "Parent Relationship": "Outer", "Index Name": "idx_supplier_nation_key", "Startup Cost": 0.0, "Total Cost": 94.25, "Plan Rows": 4000, "Plan Width": 0, "Index Cond": "(s_nationkey = public.nation.n_nationkey)"}]}]}, {"Node Type": "Index Scan", "Parent Relationship": "Inner", "Scan Direction": "Forward", "Index Name": "idx_partsupp_suppkey", "Relation Name": "partsupp", "Alias": "partsupp", "Startup Cost": 0.0, "Total Cost": 9.33, "Plan Rows": 13, "Plan Width": 24, "Index Cond": "(ps_suppkey = public.supplier.s_suppkey)"}]}]}, {"Node Type": "Aggregate", "Strategy": "Hashed", "Parent Relationship": "Outer", "Startup Cost": 41298.47, "Total Cost": 41970.72, "Plan Rows": 53780, "Plan Width": 40, "Group By Key": ["public.partsupp.ps_partkey"], "Filter": "(sum((public.partsupp.ps_supplycost * (public.partsupp.ps_availqty)::double precision)) > $2)", "Plans": [{"Node Type": "Nested Loop", "Parent Relationship": "Outer", "Join Type": "Inner", "Startup Cost": 95.25, "Total Cost": 40357.32, "Plan Rows": 53780, "Plan Width": 24, "Inner Unique": false, "Plans": [{"Node Type": "Nested Loop", "Parent Relationship": "Outer", "Join Type": "Inner", "Startup Cost": 95.25, "Total Cost": 2533.35, "Plan Rows": 4000, "Plan Width": 8, "Inner Unique": false, "Plans": [{"Node Type": "Seq Scan", "Parent Relationship": "Outer", "Relation Name": "nation", "Alias": "nation", "Startup Cost": 0.0, "Total Cost": 1.31, "Plan Rows": 1, "Plan Width": 4, "Filter": "(n_name = 'MOZAMBIQUE'::bpchar)"}, {"Node Type": "Bitmap Heap Scan", "Parent Relationship": "Inner", "Relation Name": "supplier", "Alias": "supplier", "Startup Cost": 95.25, "Total Cost": 2492.04, "Plan Rows": 4000, "Plan Width": 12, "Recheck Cond": "(s_nationkey = public.nation.n_nationkey)", "Plans": [{"Node Type": "Bitmap Index Scan", "Parent Relationship": "Outer", "Index Name": "idx_supplier_nation_key", "Startup Cost": 0.0, "Total Cost": 94.25, "Plan Rows": 4000, "Plan Width": 0, "Index Cond": "(s_nationkey = public.nation.n_nationkey)"}]}]}, {"Node Type": "Index Scan", "Parent Relationship": "Inner", "Scan Direction": "Forward", "Index Name": "idx_partsupp_suppkey", "Relation Name": "partsupp", "Alias": "partsupp", "Startup Cost": 0.0, "Total Cost": 9.33, "Plan Rows": 13, "Plan Width": 32, "Index Cond": "(ps_suppkey = public.supplier.s_suppkey)"}]}]}]}, "Unique SQL Id": 2932834211, "Planner Runtime": 1}, "explain_analyze_plan": {"Plan": {"Node Type": "Sort", "Startup Cost": 86957.11, "Total Cost": 87091.56, "Plan Rows": 53780, "Plan Width": 40, "Actual Startup Time": 1757.818, "Actual Total Time": 1757.818, "Actual Rows": 0, "Actual Loops": 1, "Sort Key": ["(sum((public.partsupp.ps_supplycost * (public.partsupp.ps_availqty)::double precision))) DESC"], "Sort Method": "quicksort", "Sort Space Used": 25, "Sort Space Type": "Memory", "Plans": [{"Node Type": "Aggregate", "Strategy": "Plain", "Parent Relationship": "exec_init_plan", "Subplan Name": "InitPlan 1 (returns $2)", "Startup Cost": 40760.67, "Total Cost": 40760.68, "Plan Rows": 1, "Plan Width": 24, "Actual Startup Time": 685.274, "Actual Total Time": 685.274, "Actual Rows": 1, "Actual Loops": 1, "Plans": [{"Node Type": "Nested Loop", "Parent Relationship": "Outer", "Join Type": "Inner", "Startup Cost": 95.25, "Total Cost": 40357.32, "Plan Rows": 53780, "Plan Width": 16, "Actual Startup Time": 0.989, "Actual Total Time": 550.199, "Actual Rows": 313920, "Actual Loops": 1, "Inner Unique": false, "Plans": [{"Node Type": "Nested Loop", "Parent Relationship": "Outer", "Join Type": "Inner", "Startup Cost": 95.25, "Total Cost": 2533.35, "Plan Rows": 4000, "Plan Width": 8, "Actual Startup Time": 0.963, "Actual Total Time": 7.289, "Actual Rows": 3924, "Actual Loops": 1, "Inner Unique": false, "Plans": [{"Node Type": "Seq Scan", "Parent Relationship": "Outer", "Relation Name": "nation", "Alias": "nation", "Startup Cost": 0.0, "Total Cost": 1.31, "Plan Rows": 1, "Plan Width": 4, "Actual Startup Time": 0.043, "Actual Total Time": 0.055, "Actual Rows": 1, "Actual Loops": 1, "Filter": "(n_name = 'MOZAMBIQUE'::bpchar)", "Rows Removed by Filter": 24}, {"Node Type": "Bitmap Heap Scan", "Parent Relationship": "Inner", "Relation Name": "supplier", "Alias": "supplier", "Startup Cost": 95.25, "Total Cost": 2492.04, "Plan Rows": 4000, "Plan Width": 12, "Actual Startup Time": 0.903, "Actual Total Time": 6.347, "Actual Rows": 3924, "Actual Loops": 1, "Recheck Cond": "(s_nationkey = public.nation.n_nationkey)", "Rows Removed by Index Recheck": 0, "Exact Heap Blocks": 1895, "Lossy Heap Blocks": 1895, "Plans": [{"Node Type": "Bitmap Index Scan", "Parent Relationship": "Outer", "Index Name": "idx_supplier_nation_key", "Startup Cost": 0.0, "Total Cost": 94.25, "Plan Rows": 4000, "Plan Width": 0, "Actual Startup Time": 0.624, "Actual Total Time": 0.624, "Actual Rows": 3924, "Actual Loops": 1, "Index Cond": "(s_nationkey = public.nation.n_nationkey)"}]}]}, {"Node Type": "Index Scan", "Parent Relationship": "Inner", "Scan Direction": "Forward", "Index Name": "idx_partsupp_suppkey", "Relation Name": "partsupp", "Alias": "partsupp", "Startup Cost": 0.0, "Total Cost": 9.33, "Plan Rows": 13, "Plan Width": 24, "Actual Startup Time": 41.836, "Actual Total Time": 476.637, "Actual Rows": 313920, "Actual Loops": 3924, "Index Cond": "(ps_suppkey = public.supplier.s_suppkey)", "Rows Removed by Index Recheck": 0}]}]}, {"Node Type": "Aggregate", "Strategy": "Hashed", "Parent Relationship": "Outer", "Startup Cost": 41298.47, "Total Cost": 41970.72, "Plan Rows": 53780, "Plan Width": 40, "Actual Startup Time": 1757.278, "Actual Total Time": 1757.278, "Actual Rows": 0, "Actual Loops": 1, "Group By Key": ["public.partsupp.ps_partkey"], "Filter": "(sum((public.partsupp.ps_supplycost * (public.partsupp.ps_availqty)::double precision)) > $2)", "Rows Removed by Filter": 295792, "Plans": [{"Node Type": "Nested Loop", "Parent Relationship": "Outer", "Join Type": "Inner", "Startup Cost": 95.25, "Total Cost": 40357.32, "Plan Rows": 53780, "Plan Width": 24, "Actual Startup Time": 0.989, "Actual Total Time": 653.431, "Actual Rows": 313920, "Actual Loops": 1, "Inner Unique": false, "Plans": [{"Node Type": "Nested Loop", "Parent Relationship": "Outer", "Join Type": "Inner", "Startup Cost": 95.25, "Total Cost": 2533.35, "Plan Rows": 4000, "Plan Width": 8, "Actual Startup Time": 0.965, "Actual Total Time": 8.619, "Actual Rows": 3924, "Actual Loops": 1, "Inner Unique": false, "Plans": [{"Node Type": "Seq Scan", "Parent Relationship": "Outer", "Relation Name": "nation", "Alias": "nation", "Startup Cost": 0.0, "Total Cost": 1.31, "Plan Rows": 1, "Plan Width": 4, "Actual Startup Time": 0.03, "Actual Total Time": 0.047, "Actual Rows": 1, "Actual Loops": 1, "Filter": "(n_name = 'MOZAMBIQUE'::bpchar)", "Rows Removed by Filter": 24}, {"Node Type": "Bitmap Heap Scan", "Parent Relationship": "Inner", "Relation Name": "supplier", "Alias": "supplier", "Startup Cost": 95.25, "Total Cost": 2492.04, "Plan Rows": 4000, "Plan Width": 12, "Actual Startup Time": 0.928, "Actual Total Time": 7.555, "Actual Rows": 3924, "Actual Loops": 1, "Recheck Cond": "(s_nationkey = public.nation.n_nationkey)", "Rows Removed by Index Recheck": 0, "Exact Heap Blocks": 1895, "Lossy Heap Blocks": 1895, "Plans": [{"Node Type": "Bitmap Index Scan", "Parent Relationship": "Outer", "Index Name": "idx_supplier_nation_key", "Startup Cost": 0.0, "Total Cost": 94.25, "Plan Rows": 4000, "Plan Width": 0, "Actual Startup Time": 0.644, "Actual Total Time": 0.644, "Actual Rows": 3924, "Actual Loops": 1, "Index Cond": "(s_nationkey = public.nation.n_nationkey)"}]}]}, {"Node Type": "Index Scan", "Parent Relationship": "Inner", "Scan Direction": "Forward", "Index Name": "idx_partsupp_suppkey", "Relation Name": "partsupp", "Alias": "partsupp", "Startup Cost": 0.0, "Total Cost": 9.33, "Plan Rows": 13, "Plan Width": 32, "Actual Startup Time": 48.203, "Actual Total Time": 572.851, "Actual Rows": 313920, "Actual Loops": 3924, "Index Cond": "(ps_suppkey = public.supplier.s_suppkey)", "Rows Removed by Index Recheck": 0}]}]}]}, "Triggers": [], "Planner Runtime": 0, "Total Runtime": 1758.153, "Unique SQL Id": 2932834211}}, "(64, 21)": {"explain_plan": {"Plan": {"Node Type": "Sort", "Startup Cost": 86979.86, "Total Cost": 87114.31, "Plan Rows": 53780, "Plan Width": 40, "Sort Key": ["(sum((public.partsupp.ps_supplycost * (public.partsupp.ps_availqty)::double precision))) DESC"], "Plans": [{"Node Type": "Aggregate", "Strategy": "Plain", "Parent Relationship": "exec_init_plan", "Subplan Name": "InitPlan 1 (returns $2)", "Startup Cost": 40772.04, "Total Cost": 40772.06, "Plan Rows": 1, "Plan Width": 24, "Plans": [{"Node Type": "Nested Loop", "Parent Relationship": "Outer", "Join Type": "Inner", "Startup Cost": 95.25, "Total Cost": 40368.69, "Plan Rows": 53780, "Plan Width": 16, "Inner Unique": false, "Plans": [{"Node Type": "Nested Loop", "Parent Relationship": "Outer", "Join Type": "Inner", "Startup Cost": 95.25, "Total Cost": 2544.73, "Plan Rows": 4000, "Plan Width": 8, "Inner Unique": false, "Plans": [{"Node Type": "Index Scan", "Parent Relationship": "Outer", "Scan Direction": "Forward", "Index Name": "nation_pkey", "Relation Name": "nation", "Alias": "nation", "Startup Cost": 0.0, "Total Cost": 12.69, "Plan Rows": 1, "Plan Width": 4, "Filter": "(n_name = 'MOZAMBIQUE'::bpchar)"}, {"Node Type": "Bitmap Heap Scan", "Parent Relationship": "Inner", "Relation Name": "supplier", "Alias": "supplier", "Startup Cost": 95.25, "Total Cost": 2492.04, "Plan Rows": 4000, "Plan Width": 12, "Recheck Cond": "(s_nationkey = public.nation.n_nationkey)", "Plans": [{"Node Type": "Bitmap Index Scan", "Parent Relationship": "Outer", "Index Name": "idx_supplier_nation_key", "Startup Cost": 0.0, "Total Cost": 94.25, "Plan Rows": 4000, "Plan Width": 0, "Index Cond": "(s_nationkey = public.nation.n_nationkey)"}]}]}, {"Node Type": "Index Scan", "Parent Relationship": "Inner", "Scan Direction": "Forward", "Index Name": "idx_partsupp_suppkey", "Relation Name": "partsupp", "Alias": "partsupp", "Startup Cost": 0.0, "Total Cost": 9.33, "Plan Rows": 13, "Plan Width": 24, "Index Cond": "(ps_suppkey = public.supplier.s_suppkey)"}]}]}, {"Node Type": "Aggregate", "Strategy": "Hashed", "Parent Relationship": "Outer", "Startup Cost": 41309.84, "Total Cost": 41982.09, "Plan Rows": 53780, "Plan Width": 40, "Group By Key": ["public.partsupp.ps_partkey"], "Filter": "(sum((public.partsupp.ps_supplycost * (public.partsupp.ps_availqty)::double precision)) > $2)", "Plans": [{"Node Type": "Nested Loop", "Parent Relationship": "Outer", "Join Type": "Inner", "Startup Cost": 95.25, "Total Cost": 40368.69, "Plan Rows": 53780, "Plan Width": 24, "Inner Unique": false, "Plans": [{"Node Type": "Nested Loop", "Parent Relationship": "Outer", "Join Type": "Inner", "Startup Cost": 95.25, "Total Cost": 2544.73, "Plan Rows": 4000, "Plan Width": 8, "Inner Unique": false, "Plans": [{"Node Type": "Index Scan", "Parent Relationship": "Outer", "Scan Direction": "Forward", "Index Name": "nation_pkey", "Relation Name": "nation", "Alias": "nation", "Startup Cost": 0.0, "Total Cost": 12.69, "Plan Rows": 1, "Plan Width": 4, "Filter": "(n_name = 'MOZAMBIQUE'::bpchar)"}, {"Node Type": "Bitmap Heap Scan", "Parent Relationship": "Inner", "Relation Name": "supplier", "Alias": "supplier", "Startup Cost": 95.25, "Total Cost": 2492.04, "Plan Rows": 4000, "Plan Width": 12, "Recheck Cond": "(s_nationkey = public.nation.n_nationkey)", "Plans": [{"Node Type": "Bitmap Index Scan", "Parent Relationship": "Outer", "Index Name": "idx_supplier_nation_key", "Startup Cost": 0.0, "Total Cost": 94.25, "Plan Rows": 4000, "Plan Width": 0, "Index Cond": "(s_nationkey = public.nation.n_nationkey)"}]}]}, {"Node Type": "Index Scan", "Parent Relationship": "Inner", "Scan Direction": "Forward", "Index Name": "idx_partsupp_suppkey", "Relation Name": "partsupp", "Alias": "partsupp", "Startup Cost": 0.0, "Total Cost": 9.33, "Plan Rows": 13, "Plan Width": 32, "Index Cond": "(ps_suppkey = public.supplier.s_suppkey)"}]}]}]}, "Unique SQL Id": 2932834211, "Planner Runtime": 1}, "explain_analyze_plan": {"Plan": {"Node Type": "Sort", "Startup Cost": 86979.86, "Total Cost": 87114.31, "Plan Rows": 53780, "Plan Width": 40, "Actual Startup Time": 1762.834, "Actual Total Time": 1762.834, "Actual Rows": 0, "Actual Loops": 1, "Sort Key": ["(sum((public.partsupp.ps_supplycost * (public.partsupp.ps_availqty)::double precision))) DESC"], "Sort Method": "quicksort", "Sort Space Used": 25, "Sort Space Type": "Memory", "Plans": [{"Node Type": "Aggregate", "Strategy": "Plain", "Parent Relationship": "exec_init_plan", "Subplan Name": "InitPlan 1 (returns $2)", "Startup Cost": 40772.04, "Total Cost": 40772.06, "Plan Rows": 1, "Plan Width": 24, "Actual Startup Time": 757.478, "Actual Total Time": 757.478, "Actual Rows": 1, "Actual Loops": 1, "Plans": [{"Node Type": "Nested Loop", "Parent Relationship": "Outer", "Join Type": "Inner", "Startup Cost": 95.25, "Total Cost": 40368.69, "Plan Rows": 53780, "Plan Width": 16, "Actual Startup Time": 0.979, "Actual Total Time": 621.76, "Actual Rows": 313920, "Actual Loops": 1, "Inner Unique": false, "Plans": [{"Node Type": "Nested Loop", "Parent Relationship": "Outer", "Join Type": "Inner", "Startup Cost": 95.25, "Total Cost": 2544.73, "Plan Rows": 4000, "Plan Width": 8, "Actual Startup Time": 0.958, "Actual Total Time": 8.05, "Actual Rows": 3924, "Actual Loops": 1, "Inner Unique": false, "Plans": [{"Node Type": "Index Scan", "Parent Relationship": "Outer", "Scan Direction": "Forward", "Index Name": "nation_pkey", "Relation Name": "nation", "Alias": "nation", "Startup Cost": 0.0, "Total Cost": 12.69, "Plan Rows": 1, "Plan Width": 4, "Actual Startup Time": 0.038, "Actual Total Time": 0.053, "Actual Rows": 1, "Actual Loops": 1, "Filter": "(n_name = 'MOZAMBIQUE'::bpchar)", "Rows Removed by Filter": 24}, {"Node Type": "Bitmap Heap Scan", "Parent Relationship": "Inner", "Relation Name": "supplier", "Alias": "supplier", "Startup Cost": 95.25, "Total Cost": 2492.04, "Plan Rows": 4000, "Plan Width": 12, "Actual Startup Time": 0.903, "Actual Total Time": 7.053, "Actual Rows": 3924, "Actual Loops": 1, "Recheck Cond": "(s_nationkey = public.nation.n_nationkey)", "Rows Removed by Index Recheck": 0, "Exact Heap Blocks": 1895, "Lossy Heap Blocks": 1895, "Plans": [{"Node Type": "Bitmap Index Scan", "Parent Relationship": "Outer", "Index Name": "idx_supplier_nation_key", "Startup Cost": 0.0, "Total Cost": 94.25, "Plan Rows": 4000, "Plan Width": 0, "Actual Startup Time": 0.627, "Actual Total Time": 0.627, "Actual Rows": 3924, "Actual Loops": 1, "Index Cond": "(s_nationkey = public.nation.n_nationkey)"}]}]}, {"Node Type": "Index Scan", "Parent Relationship": "Inner", "Scan Direction": "Forward", "Index Name": "idx_partsupp_suppkey", "Relation Name": "partsupp", "Alias": "partsupp", "Startup Cost": 0.0, "Total Cost": 9.33, "Plan Rows": 13, "Plan Width": 24, "Actual Startup Time": 46.082, "Actual Total Time": 547.337, "Actual Rows": 313920, "Actual Loops": 3924, "Index Cond": "(ps_suppkey = public.supplier.s_suppkey)", "Rows Removed by Index Recheck": 0}]}]}, {"Node Type": "Aggregate", "Strategy": "Hashed", "Parent Relationship": "Outer", "Startup Cost": 41309.84, "Total Cost": 41982.09, "Plan Rows": 53780, "Plan Width": 40, "Actual Startup Time": 1762.251, "Actual Total Time": 1762.251, "Actual Rows": 0, "Actual Loops": 1, "Group By Key": ["public.partsupp.ps_partkey"], "Filter": "(sum((public.partsupp.ps_supplycost * (public.partsupp.ps_availqty)::double precision)) > $2)", "Rows Removed by Filter": 295792, "Plans": [{"Node Type": "Nested Loop", "Parent Relationship": "Outer", "Join Type": "Inner", "Startup Cost": 95.25, "Total Cost": 40368.69, "Plan Rows": 53780, "Plan Width": 24, "Actual Startup Time": 0.974, "Actual Total Time": 574.222, "Actual Rows": 313920, "Actual Loops": 1, "Inner Unique": false, "Plans": [{"Node Type": "Nested Loop", "Parent Relationship": "Outer", "Join Type": "Inner", "Startup Cost": 95.25, "Total Cost": 2544.73, "Plan Rows": 4000, "Plan Width": 8, "Actual Startup Time": 0.951, "Actual Total Time": 7.662, "Actual Rows": 3924, "Actual Loops": 1, "Inner Unique": false, "Plans": [{"Node Type": "Index Scan", "Parent Relationship": "Outer", "Scan Direction": "Forward", "Index Name": "nation_pkey", "Relation Name": "nation", "Alias": "nation", "Startup Cost": 0.0, "Total Cost": 12.69, "Plan Rows": 1, "Plan Width": 4, "Actual Startup Time": 0.031, "Actual Total Time": 0.042, "Actual Rows": 1, "Actual Loops": 1, "Filter": "(n_name = 'MOZAMBIQUE'::bpchar)", "Rows Removed by Filter": 24}, {"Node Type": "Bitmap Heap Scan", "Parent Relationship": "Inner", "Relation Name": "supplier", "Alias": "supplier", "Startup Cost": 95.25, "Total Cost": 2492.04, "Plan Rows": 4000, "Plan Width": 12, "Actual Startup Time": 0.913, "Actual Total Time": 6.701, "Actual Rows": 3924, "Actual Loops": 1, "Recheck Cond": "(s_nationkey = public.nation.n_nationkey)", "Rows Removed by Index Recheck": 0, "Exact Heap Blocks": 1895, "Lossy Heap Blocks": 1895, "Plans": [{"Node Type": "Bitmap Index Scan", "Parent Relationship": "Outer", "Index Name": "idx_supplier_nation_key", "Startup Cost": 0.0, "Total Cost": 94.25, "Plan Rows": 4000, "Plan Width": 0, "Actual Startup Time": 0.621, "Actual Total Time": 0.621, "Actual Rows": 3924, "Actual Loops": 1, "Index Cond": "(s_nationkey = public.nation.n_nationkey)"}]}]}, {"Node Type": "Index Scan", "Parent Relationship": "Inner", "Scan Direction": "Forward", "Index Name": "idx_partsupp_suppkey", "Relation Name": "partsupp", "Alias": "partsupp", "Startup Cost": 0.0, "Total Cost": 9.33, "Plan Rows": 13, "Plan Width": 32, "Actual Startup Time": 43.059, "Actual Total Time": 494.357, "Actual Rows": 313920, "Actual Loops": 3924, "Index Cond": "(ps_suppkey = public.supplier.s_suppkey)", "Rows Removed by Index Recheck": 0}]}]}]}, "Triggers": [], "Planner Runtime": 0, "Total Runtime": 1763.161, "Unique SQL Id": 2932834211}}, "(64, 22)": {"explain_plan": {"Plan": {"Node Type": "Sort", "Startup Cost": 90032.55, "Total Cost": 90167.0, "Plan Rows": 53780, "Plan Width": 40, "Sort Key": ["(sum((public.partsupp.ps_supplycost * (public.partsupp.ps_availqty)::double precision))) DESC"], "Plans": [{"Node Type": "Aggregate", "Strategy": "Plain", "Parent Relationship": "exec_init_plan", "Subplan Name": "InitPlan 1 (returns $2)", "Startup Cost": 42298.39, "Total Cost": 42298.4, "Plan Rows": 1, "Plan Width": 24, "Plans": [{"Node Type": "Nested Loop", "Parent Relationship": "Outer", "Join Type": "Inner", "Startup Cost": 96.82, "Total Cost": 41895.04, "Plan Rows": 53780, "Plan Width": 16, "Inner Unique": false, "Plans": [{"Node Type": "Nested Loop", "Parent Relationship": "Outer", "Join Type": "Inner", "Startup Cost": 95.25, "Total Cost": 2533.35, "Plan Rows": 4000, "Plan Width": 8, "Inner Unique": false, "Plans": [{"Node Type": "Seq Scan", "Parent Relationship": "Outer", "Relation Name": "nation", "Alias": "nation", "Startup Cost": 0.0, "Total Cost": 1.31, "Plan Rows": 1, "Plan Width": 4, "Filter": "(n_name = 'MOZAMBIQUE'::bpchar)"}, {"Node Type": "Bitmap Heap Scan", "Parent Relationship": "Inner", "Relation Name": "supplier", "Alias": "supplier", "Startup Cost": 95.25, "Total Cost": 2492.04, "Plan Rows": 4000, "Plan Width": 12, "Recheck Cond": "(s_nationkey = public.nation.n_nationkey)", "Plans": [{"Node Type": "Bitmap Index Scan", "Parent Relationship": "Outer", "Index Name": "idx_supplier_nation_key", "Startup Cost": 0.0, "Total Cost": 94.25, "Plan Rows": 4000, "Plan Width": 0, "Index Cond": "(s_nationkey = public.nation.n_nationkey)"}]}]}, {"Node Type": "Bitmap Heap Scan", "Parent Relationship": "Inner", "Relation Name": "partsupp", "Alias": "partsupp", "Startup Cost": 1.57, "Total Cost": 9.71, "Plan Rows": 13, "Plan Width": 24, "Recheck Cond": "(ps_suppkey = public.supplier.s_suppkey)", "Plans": [{"Node Type": "Bitmap Index Scan", "Parent Relationship": "Outer", "Index Name": "idx_partsupp_suppkey", "Startup Cost": 0.0, "Total Cost": 1.56, "Plan Rows": 13, "Plan Width": 0, "Index Cond": "(ps_suppkey = public.supplier.s_suppkey)"}]}]}]}, {"Node Type": "Aggregate", "Strategy": "Hashed", "Parent Relationship": "Outer", "Startup Cost": 42836.19, "Total Cost": 43508.44, "Plan Rows": 53780, "Plan Width": 40, "Group By Key": ["public.partsupp.ps_partkey"], "Filter": "(sum((public.partsupp.ps_supplycost * (public.partsupp.ps_availqty)::double precision)) > $2)", "Plans": [{"Node Type": "Nested Loop", "Parent Relationship": "Outer", "Join Type": "Inner", "Startup Cost": 96.82, "Total Cost": 41895.04, "Plan Rows": 53780, "Plan Width": 24, "Inner Unique": false, "Plans": [{"Node Type": "Nested Loop", "Parent Relationship": "Outer", "Join Type": "Inner", "Startup Cost": 95.25, "Total Cost": 2533.35, "Plan Rows": 4000, "Plan Width": 8, "Inner Unique": false, "Plans": [{"Node Type": "Seq Scan", "Parent Relationship": "Outer", "Relation Name": "nation", "Alias": "nation", "Startup Cost": 0.0, "Total Cost": 1.31, "Plan Rows": 1, "Plan Width": 4, "Filter": "(n_name = 'MOZAMBIQUE'::bpchar)"}, {"Node Type": "Bitmap Heap Scan", "Parent Relationship": "Inner", "Relation Name": "supplier", "Alias": "supplier", "Startup Cost": 95.25, "Total Cost": 2492.04, "Plan Rows": 4000, "Plan Width": 12, "Recheck Cond": "(s_nationkey = public.nation.n_nationkey)", "Plans": [{"Node Type": "Bitmap Index Scan", "Parent Relationship": "Outer", "Index Name": "idx_supplier_nation_key", "Startup Cost": 0.0, "Total Cost": 94.25, "Plan Rows": 4000, "Plan Width": 0, "Index Cond": "(s_nationkey = public.nation.n_nationkey)"}]}]}, {"Node Type": "Bitmap Heap Scan", "Parent Relationship": "Inner", "Relation Name": "partsupp", "Alias": "partsupp", "Startup Cost": 1.57, "Total Cost": 9.71, "Plan Rows": 13, "Plan Width": 32, "Recheck Cond": "(ps_suppkey = public.supplier.s_suppkey)", "Plans": [{"Node Type": "Bitmap Index Scan", "Parent Relationship": "Outer", "Index Name": "idx_partsupp_suppkey", "Startup Cost": 0.0, "Total Cost": 1.56, "Plan Rows": 13, "Plan Width": 0, "Index Cond": "(ps_suppkey = public.supplier.s_suppkey)"}]}]}]}]}, "Unique SQL Id": 2932834211, "Planner Runtime": 1}, "explain_analyze_plan": {"Plan": {"Node Type": "Sort", "Startup Cost": 90032.55, "Total Cost": 90167.0, "Plan Rows": 53780, "Plan Width": 40, "Actual Startup Time": 1938.442, "Actual Total Time": 1938.442, "Actual Rows": 0, "Actual Loops": 1, "Sort Key": ["(sum((public.partsupp.ps_supplycost * (public.partsupp.ps_availqty)::double precision))) DESC"], "Sort Method": "quicksort", "Sort Space Used": 25, "Sort Space Type": "Memory", "Plans": [{"Node Type": "Aggregate", "Strategy": "Plain", "Parent Relationship": "exec_init_plan", "Subplan Name": "InitPlan 1 (returns $2)", "Startup Cost": 42298.39, "Total Cost": 42298.4, "Plan Rows": 1, "Plan Width": 24, "Actual Startup Time": 849.92, "Actual Total Time": 849.921, "Actual Rows": 1, "Actual Loops": 1, "Plans": [{"Node Type": "Nested Loop", "Parent Relationship": "Outer", "Join Type": "Inner", "Startup Cost": 96.82, "Total Cost": 41895.04, "Plan Rows": 53780, "Plan Width": 16, "Actual Startup Time": 1.032, "Actual Total Time": 721.537, "Actual Rows": 313920, "Actual Loops": 1, "Inner Unique": false, "Plans": [{"Node Type": "Nested Loop", "Parent Relationship": "Outer", "Join Type": "Inner", "Startup Cost": 95.25, "Total Cost": 2533.35, "Plan Rows": 4000, "Plan Width": 8, "Actual Startup Time": 0.983, "Actual Total Time": 7.832, "Actual Rows": 3924, "Actual Loops": 1, "Inner Unique": false, "Plans": [{"Node Type": "Seq Scan", "Parent Relationship": "Outer", "Relation Name": "nation", "Alias": "nation", "Startup Cost": 0.0, "Total Cost": 1.31, "Plan Rows": 1, "Plan Width": 4, "Actual Startup Time": 0.036, "Actual Total Time": 0.051, "Actual Rows": 1, "Actual Loops": 1, "Filter": "(n_name = 'MOZAMBIQUE'::bpchar)", "Rows Removed by Filter": 24}, {"Node Type": "Bitmap Heap Scan", "Parent Relationship": "Inner", "Relation Name": "supplier", "Alias": "supplier", "Startup Cost": 95.25, "Total Cost": 2492.04, "Plan Rows": 4000, "Plan Width": 12, "Actual Startup Time": 0.939, "Actual Total Time": 6.87, "Actual Rows": 3924, "Actual Loops": 1, "Recheck Cond": "(s_nationkey = public.nation.n_nationkey)", "Rows Removed by Index Recheck": 0, "Exact Heap Blocks": 1895, "Lossy Heap Blocks": 1895, "Plans": [{"Node Type": "Bitmap Index Scan", "Parent Relationship": "Outer", "Index Name": "idx_supplier_nation_key", "Startup Cost": 0.0, "Total Cost": 94.25, "Plan Rows": 4000, "Plan Width": 0, "Actual Startup Time": 0.649, "Actual Total Time": 0.649, "Actual Rows": 3924, "Actual Loops": 1, "Index Cond": "(s_nationkey = public.nation.n_nationkey)"}]}]}, {"Node Type": "Bitmap Heap Scan", "Parent Relationship": "Inner", "Relation Name": "partsupp", "Alias": "partsupp", "Startup Cost": 1.57, "Total Cost": 9.71, "Plan Rows": 13, "Plan Width": 24, "Actual Startup Time": 100.697, "Actual Total Time": 646.011, "Actual Rows": 313920, "Actual Loops": 3924, "Recheck Cond": "(ps_suppkey = public.supplier.s_suppkey)", "Rows Removed by Index Recheck": 0, "Exact Heap Blocks": 313920, "Lossy Heap Blocks": 313920, "Plans": [{"Node Type": "Bitmap Index Scan", "Parent Relationship": "Outer", "Index Name": "idx_partsupp_suppkey", "Startup Cost": 0.0, "Total Cost": 1.56, "Plan Rows": 13, "Plan Width": 0, "Actual Startup Time": 62.61, "Actual Total Time": 62.61, "Actual Rows": 313920, "Actual Loops": 3924, "Index Cond": "(ps_suppkey = public.supplier.s_suppkey)"}]}]}]}, {"Node Type": "Aggregate", "Strategy": "Hashed", "Parent Relationship": "Outer", "Startup Cost": 42836.19, "Total Cost": 43508.44, "Plan Rows": 53780, "Plan Width": 40, "Actual Startup Time": 1938.021, "Actual Total Time": 1938.021, "Actual Rows": 0, "Actual Loops": 1, "Group By Key": ["public.partsupp.ps_partkey"], "Filter": "(sum((public.partsupp.ps_supplycost * (public.partsupp.ps_availqty)::double precision)) > $2)", "Rows Removed by Filter": 295792, "Plans": [{"Node Type": "Nested Loop", "Parent Relationship": "Outer", "Join Type": "Inner", "Startup Cost": 96.82, "Total Cost": 41895.04, "Plan Rows": 53780, "Plan Width": 24, "Actual Startup Time": 0.995, "Actual Total Time": 708.938, "Actual Rows": 313920, "Actual Loops": 1, "Inner Unique": false, "Plans": [{"Node Type": "Nested Loop", "Parent Relationship": "Outer", "Join Type": "Inner", "Startup Cost": 95.25, "Total Cost": 2533.35, "Plan Rows": 4000, "Plan Width": 8, "Actual Startup Time": 0.951, "Actual Total Time": 7.412, "Actual Rows": 3924, "Actual Loops": 1, "Inner Unique": false, "Plans": [{"Node Type": "Seq Scan", "Parent Relationship": "Outer", "Relation Name": "nation", "Alias": "nation", "Startup Cost": 0.0, "Total Cost": 1.31, "Plan Rows": 1, "Plan Width": 4, "Actual Startup Time": 0.031, "Actual Total Time": 0.045, "Actual Rows": 1, "Actual Loops": 1, "Filter": "(n_name = 'MOZAMBIQUE'::bpchar)", "Rows Removed by Filter": 24}, {"Node Type": "Bitmap Heap Scan", "Parent Relationship": "Inner", "Relation Name": "supplier", "Alias": "supplier", "Startup Cost": 95.25, "Total Cost": 2492.04, "Plan Rows": 4000, "Plan Width": 12, "Actual Startup Time": 0.912, "Actual Total Time": 6.426, "Actual Rows": 3924, "Actual Loops": 1, "Recheck Cond": "(s_nationkey = public.nation.n_nationkey)", "Rows Removed by Index Recheck": 0, "Exact Heap Blocks": 1895, "Lossy Heap Blocks": 1895, "Plans": [{"Node Type": "Bitmap Index Scan", "Parent Relationship": "Outer", "Index Name": "idx_supplier_nation_key", "Startup Cost": 0.0, "Total Cost": 94.25, "Plan Rows": 4000, "Plan Width": 0, "Actual Startup Time": 0.632, "Actual Total Time": 0.632, "Actual Rows": 3924, "Actual Loops": 1, "Index Cond": "(s_nationkey = public.nation.n_nationkey)"}]}]}, {"Node Type": "Bitmap Heap Scan", "Parent Relationship": "Inner", "Relation Name": "partsupp", "Alias": "partsupp", "Startup Cost": 1.57, "Total Cost": 9.71, "Plan Rows": 13, "Plan Width": 32, "Actual Startup Time": 100.385, "Actual Total Time": 627.624, "Actual Rows": 313920, "Actual Loops": 3924, "Recheck Cond": "(ps_suppkey = public.supplier.s_suppkey)", "Rows Removed by Index Recheck": 0, "Exact Heap Blocks": 313920, "Lossy Heap Blocks": 313920, "Plans": [{"Node Type": "Bitmap Index Scan", "Parent Relationship": "Outer", "Index Name": "idx_partsupp_suppkey", "Startup Cost": 0.0, "Total Cost": 1.56, "Plan Rows": 13, "Plan Width": 0, "Actual Startup Time": 62.318, "Actual Total Time": 62.318, "Actual Rows": 313920, "Actual Loops": 3924, "Index Cond": "(ps_suppkey = public.supplier.s_suppkey)"}]}]}]}]}, "Triggers": [], "Planner Runtime": 0, "Total Runtime": 1938.921, "Unique SQL Id": 2932834211}}, "(64, 23)": {"explain_plan": {"Plan": {"Node Type": "Sort", "Startup Cost": 2000084159245.82, "Total Cost": 2000084159380.27, "Plan Rows": 53780, "Plan Width": 40, "Sort Key": ["(sum((public.partsupp.ps_supplycost * (public.partsupp.ps_availqty)::double precision))) DESC"], "Plans": [{"Node Type": "Aggregate", "Strategy": "Plain", "Parent Relationship": "exec_init_plan", "Subplan Name": "InitPlan 1 (returns $2)", "Startup Cost": 1000001001502.42, "Total Cost": 1000001001502.43, "Plan Rows": 1, "Plan Width": 24, "Plans": [{"Node Type": "Nested Loop", "Parent Relationship": "Outer", "Join Type": "Inner", "Startup Cost": 10000000001.83, "Total Cost": 1000001001099.07, "Plan Rows": 53780, "Plan Width": 16, "Inner Unique": false, "Plans": [{"Node Type": "Nested Loop", "Parent Relationship": "Outer", "Join Type": "Inner", "Startup Cost": 10000000000.26, "Total Cost": 1000000961737.38, "Plan Rows": 4000, "Plan Width": 8, "Inner Unique": true, "Plans": [{"Node Type": "Index Scan", "Parent Relationship": "Outer", "Scan Direction": "Forward", "Index Name": "supplier_pkey", "Relation Name": "supplier", "Alias": "supplier", "Startup Cost": 10000000000.0, "Total Cost": 1000000533454.38, "Plan Rows": 100000, "Plan Width": 12}, {"Node Type": "Bitmap Heap Scan", "Parent Relationship": "Inner", "Relation Name": "nation", "Alias": "nation", "Startup Cost": 0.26, "Total Cost": 4.27, "Plan Rows": 1, "Plan Width": 4, "Recheck Cond": "(n_nationkey = public.supplier.s_nationkey)", "Filter": "(n_name = 'MOZAMBIQUE'::bpchar)", "Plans": [{"Node Type": "Bitmap Index Scan", "Parent Relationship": "Outer", "Index Name": "nation_pkey", "Startup Cost": 0.0, "Total Cost": 0.26, "Plan Rows": 1, "Plan Width": 0, "Index Cond": "(n_nationkey = public.supplier.s_nationkey)"}]}]}, {"Node Type": "Bitmap Heap Scan", "Parent Relationship": "Inner", "Relation Name": "partsupp", "Alias": "partsupp", "Startup Cost": 1.57, "Total Cost": 9.71, "Plan Rows": 13, "Plan Width": 24, "Recheck Cond": "(ps_suppkey = public.supplier.s_suppkey)", "Plans": [{"Node Type": "Bitmap Index Scan", "Parent Relationship": "Outer", "Index Name": "idx_partsupp_suppkey", "Startup Cost": 0.0, "Total Cost": 1.56, "Plan Rows": 13, "Plan Width": 0, "Index Cond": "(ps_suppkey = public.supplier.s_suppkey)"}]}]}]}, {"Node Type": "Aggregate", "Strategy": "Hashed", "Parent Relationship": "Outer", "Startup Cost": 1000083152845.44, "Total Cost": 1000083153517.69, "Plan Rows": 53780, "Plan Width": 40, "Group By Key": ["public.partsupp.ps_partkey"], "Filter": "(sum((public.partsupp.ps_supplycost * (public.partsupp.ps_availqty)::double precision)) > $2)", "Plans": [{"Node Type": "Nested Loop", "Parent Relationship": "Outer", "Join Type": "Inner", "Startup Cost": 10000000000.52, "Total Cost": 1000083151904.29, "Plan Rows": 53780, "Plan Width": 24, "Inner Unique": true, "Plans": [{"Node Type": "Nested Loop", "Parent Relationship": "Outer", "Join Type": "Inner", "Startup Cost": 10000000000.26, "Total Cost": 1000077393643.64, "Plan Rows": 1344499, "Plan Width": 28, "Inner Unique": true, "Plans": [{"Node Type": "Index Scan", "Parent Relationship": "Outer", "Scan Direction": "Forward", "Index Name": "idx_partsupp_partkey", "Relation Name": "partsupp", "Alias": "partsupp", "Startup Cost": 10000000000.0, "Total Cost": 1000043148503.38, "Plan Rows": 8000372, "Plan Width": 32}, {"Node Type": "Bitmap Heap Scan", "Parent Relationship": "Inner", "Relation Name": "supplier", "Alias": "supplier", "Startup Cost": 0.26, "Total Cost": 4.27, "Plan Rows": 1, "Plan Width": 12, "Recheck Cond": "(s_suppkey = public.partsupp.ps_suppkey)", "Plans": [{"Node Type": "Bitmap Index Scan", "Parent Relationship": "Outer", "Index Name": "supplier_pkey", "Startup Cost": 0.0, "Total Cost": 0.26, "Plan Rows": 1, "Plan Width": 0, "Index Cond": "(s_suppkey = public.partsupp.ps_suppkey)"}]}]}, {"Node Type": "Bitmap Heap Scan", "Parent Relationship": "Inner", "Relation Name": "nation", "Alias": "nation", "Startup Cost": 0.26, "Total Cost": 4.27, "Plan Rows": 1, "Plan Width": 4, "Recheck Cond": "(n_nationkey = public.supplier.s_nationkey)", "Filter": "(n_name = 'MOZAMBIQUE'::bpchar)", "Plans": [{"Node Type": "Bitmap Index Scan", "Parent Relationship": "Outer", "Index Name": "nation_pkey", "Startup Cost": 0.0, "Total Cost": 0.26, "Plan Rows": 1, "Plan Width": 0, "Index Cond": "(n_nationkey = public.supplier.s_nationkey)"}]}]}]}]}, "Unique SQL Id": 2932834211, "Planner Runtime": 1}, "explain_analyze_plan": null}, "(64, 24)": {"explain_plan": {"Plan": {"Node Type": "Sort", "Startup Cost": 90959.03, "Total Cost": 91093.48, "Plan Rows": 53780, "Plan Width": 40, "Sort Key": ["(sum((public.partsupp.ps_supplycost * (public.partsupp.ps_availqty)::double precision))) DESC"], "Plans": [{"Node Type": "Aggregate", "Strategy": "Plain", "Parent Relationship": "exec_init_plan", "Subplan Name": "InitPlan 1 (returns $1)", "Startup Cost": 42761.63, "Total Cost": 42761.64, "Plan Rows": 1, "Plan Width": 24, "Plans": [{"Node Type": "Nested Loop", "Parent Relationship": "Outer", "Join Type": "Inner", "Startup Cost": 0.0, "Total Cost": 42358.28, "Plan Rows": 53780, "Plan Width": 16, "Inner Unique": false, "Plans": [{"Node Type": "Nested Loop", "Parent Relationship": "Outer", "Join Type": "Inner", "Startup Cost": 0.0, "Total Cost": 4534.31, "Plan Rows": 4000, "Plan Width": 8, "Inner Unique": false, "Join Filter": "(public.supplier.s_nationkey = public.nation.n_nationkey)", "Plans": [{"Node Type": "Seq Scan", "Parent Relationship": "Outer", "Relation Name": "nation", "Alias": "nation", "Startup Cost": 0.0, "Total Cost": 1.31, "Plan Rows": 1, "Plan Width": 4, "Filter": "(n_name = 'MOZAMBIQUE'::bpchar)"}, {"Node Type": "Seq Scan", "Parent Relationship": "Inner", "Relation Name": "supplier", "Alias": "supplier", "Startup Cost": 0.0, "Total Cost": 3283.0, "Plan Rows": 100000, "Plan Width": 12}]}, {"Node Type": "Index Scan", "Parent Relationship": "Inner", "Scan Direction": "Forward", "Index Name": "idx_partsupp_suppkey", "Relation Name": "partsupp", "Alias": "partsupp", "Startup Cost": 0.0, "Total Cost": 9.33, "Plan Rows": 13, "Plan Width": 24, "Index Cond": "(ps_suppkey = public.supplier.s_suppkey)"}]}]}, {"Node Type": "Aggregate", "Strategy": "Hashed", "Parent Relationship": "Outer", "Startup Cost": 43299.43, "Total Cost": 43971.68, "Plan Rows": 53780, "Plan Width": 40, "Group By Key": ["public.partsupp.ps_partkey"], "Filter": "(sum((public.partsupp.ps_supplycost * (public.partsupp.ps_availqty)::double precision)) > $1)", "Plans": [{"Node Type": "Nested Loop", "Parent Relationship": "Outer", "Join Type": "Inner", "Startup Cost": 0.0, "Total Cost": 42358.28, "Plan Rows": 53780, "Plan Width": 24, "Inner Unique": false, "Plans": [{"Node Type": "Nested Loop", "Parent Relationship": "Outer", "Join Type": "Inner", "Startup Cost": 0.0, "Total Cost": 4534.31, "Plan Rows": 4000, "Plan Width": 8, "Inner Unique": false, "Join Filter": "(public.supplier.s_nationkey = public.nation.n_nationkey)", "Plans": [{"Node Type": "Seq Scan", "Parent Relationship": "Outer", "Relation Name": "nation", "Alias": "nation", "Startup Cost": 0.0, "Total Cost": 1.31, "Plan Rows": 1, "Plan Width": 4, "Filter": "(n_name = 'MOZAMBIQUE'::bpchar)"}, {"Node Type": "Seq Scan", "Parent Relationship": "Inner", "Relation Name": "supplier", "Alias": "supplier", "Startup Cost": 0.0, "Total Cost": 3283.0, "Plan Rows": 100000, "Plan Width": 12}]}, {"Node Type": "Index Scan", "Parent Relationship": "Inner", "Scan Direction": "Forward", "Index Name": "idx_partsupp_suppkey", "Relation Name": "partsupp", "Alias": "partsupp", "Startup Cost": 0.0, "Total Cost": 9.33, "Plan Rows": 13, "Plan Width": 32, "Index Cond": "(ps_suppkey = public.supplier.s_suppkey)"}]}]}]}, "Unique SQL Id": 2932834211, "Planner Runtime": 1}, "explain_analyze_plan": {"Plan": {"Node Type": "Sort", "Startup Cost": 90959.03, "Total Cost": 91093.48, "Plan Rows": 53780, "Plan Width": 40, "Actual Startup Time": 1970.652, "Actual Total Time": 1970.652, "Actual Rows": 0, "Actual Loops": 1, "Sort Key": ["(sum((public.partsupp.ps_supplycost * (public.partsupp.ps_availqty)::double precision))) DESC"], "Sort Method": "quicksort", "Sort Space Used": 25, "Sort Space Type": "Memory", "Plans": [{"Node Type": "Aggregate", "Strategy": "Plain", "Parent Relationship": "exec_init_plan", "Subplan Name": "InitPlan 1 (returns $1)", "Startup Cost": 42761.63, "Total Cost": 42761.64, "Plan Rows": 1, "Plan Width": 24, "Actual Startup Time": 951.894, "Actual Total Time": 951.895, "Actual Rows": 1, "Actual Loops": 1, "Plans": [{"Node Type": "Nested Loop", "Parent Relationship": "Outer", "Join Type": "Inner", "Startup Cost": 0.0, "Total Cost": 42358.28, "Plan Rows": 53780, "Plan Width": 16, "Actual Startup Time": 0.098, "Actual Total Time": 817.287, "Actual Rows": 313920, "Actual Loops": 1, "Inner Unique": false, "Plans": [{"Node Type": "Nested Loop", "Parent Relationship": "Outer", "Join Type": "Inner", "Startup Cost": 0.0, "Total Cost": 4534.31, "Plan Rows": 4000, "Plan Width": 8, "Actual Startup Time": 0.069, "Actual Total Time": 54.095, "Actual Rows": 3924, "Actual Loops": 1, "Inner Unique": false, "Join Filter": "(public.supplier.s_nationkey = public.nation.n_nationkey)", "Rows Removed by Join Filter": 96076, "Plans": [{"Node Type": "Seq Scan", "Parent Relationship": "Outer", "Relation Name": "nation", "Alias": "nation", "Startup Cost": 0.0, "Total Cost": 1.31, "Plan Rows": 1, "Plan Width": 4, "Actual Startup Time": 0.029, "Actual Total Time": 0.037, "Actual Rows": 1, "Actual Loops": 1, "Filter": "(n_name = 'MOZAMBIQUE'::bpchar)", "Rows Removed by Filter": 24}, {"Node Type": "Seq Scan", "Parent Relationship": "Inner", "Relation Name": "supplier", "Alias": "supplier", "Startup Cost": 0.0, "Total Cost": 3283.0, "Plan Rows": 100000, "Plan Width": 12, "Actual Startup Time": 0.016, "Actual Total Time": 30.369, "Actual Rows": 100000, "Actual Loops": 1}]}, {"Node Type": "Index Scan", "Parent Relationship": "Inner", "Scan Direction": "Forward", "Index Name": "idx_partsupp_suppkey", "Relation Name": "partsupp", "Alias": "partsupp", "Startup Cost": 0.0, "Total Cost": 9.33, "Plan Rows": 13, "Plan Width": 24, "Actual Startup Time": 53.66, "Actual Total Time": 696.079, "Actual Rows": 313920, "Actual Loops": 3924, "Index Cond": "(ps_suppkey = public.supplier.s_suppkey)", "Rows Removed by Index Recheck": 0}]}]}, {"Node Type": "Aggregate", "Strategy": "Hashed", "Parent Relationship": "Outer", "Startup Cost": 43299.43, "Total Cost": 43971.68, "Plan Rows": 53780, "Plan Width": 40, "Actual Startup Time": 1970.246, "Actual Total Time": 1970.246, "Actual Rows": 0, "Actual Loops": 1, "Group By Key": ["public.partsupp.ps_partkey"], "Filter": "(sum((public.partsupp.ps_supplycost * (public.partsupp.ps_availqty)::double precision)) > $1)", "Rows Removed by Filter": 295792, "Plans": [{"Node Type": "Nested Loop", "Parent Relationship": "Outer", "Join Type": "Inner", "Startup Cost": 0.0, "Total Cost": 42358.28, "Plan Rows": 53780, "Plan Width": 24, "Actual Startup Time": 0.083, "Actual Total Time": 638.583, "Actual Rows": 313920, "Actual Loops": 1, "Inner Unique": false, "Plans": [{"Node Type": "Nested Loop", "Parent Relationship": "Outer", "Join Type": "Inner", "Startup Cost": 0.0, "Total Cost": 4534.31, "Plan Rows": 4000, "Plan Width": 8, "Actual Startup Time": 0.058, "Actual Total Time": 51.611, "Actual Rows": 3924, "Actual Loops": 1, "Inner Unique": false, "Join Filter": "(public.supplier.s_nationkey = public.nation.n_nationkey)", "Rows Removed by Join Filter": 96076, "Plans": [{"Node Type": "Seq Scan", "Parent Relationship": "Outer", "Relation Name": "nation", "Alias": "nation", "Startup Cost": 0.0, "Total Cost": 1.31, "Plan Rows": 1, "Plan Width": 4, "Actual Startup Time": 0.03, "Actual Total Time": 0.041, "Actual Rows": 1, "Actual Loops": 1, "Filter": "(n_name = 'MOZAMBIQUE'::bpchar)", "Rows Removed by Filter": 24}, {"Node Type": "Seq Scan", "Parent Relationship": "Inner", "Relation Name": "supplier", "Alias": "supplier", "Startup Cost": 0.0, "Total Cost": 3283.0, "Plan Rows": 100000, "Plan Width": 12, "Actual Startup Time": 0.012, "Actual Total Time": 27.867, "Actual Rows": 100000, "Actual Loops": 1}]}, {"Node Type": "Index Scan", "Parent Relationship": "Inner", "Scan Direction": "Forward", "Index Name": "idx_partsupp_suppkey", "Relation Name": "partsupp", "Alias": "partsupp", "Startup Cost": 0.0, "Total Cost": 9.33, "Plan Rows": 13, "Plan Width": 32, "Actual Startup Time": 44.772, "Actual Total Time": 515.64, "Actual Rows": 313920, "Actual Loops": 3924, "Index Cond": "(ps_suppkey = public.supplier.s_suppkey)", "Rows Removed by Index Recheck": 0}]}]}]}, "Triggers": [], "Planner Runtime": 0, "Total Runtime": 1970.93, "Unique SQL Id": 2932834211}}, "(64, 25)": {"explain_plan": {"Plan": {"Node Type": "Sort", "Startup Cost": 95084.87, "Total Cost": 95219.32, "Plan Rows": 53780, "Plan Width": 40, "Sort Key": ["(sum((public.partsupp.ps_supplycost * (public.partsupp.ps_availqty)::double precision))) DESC"], "Plans": [{"Node Type": "Aggregate", "Strategy": "Plain", "Parent Relationship": "exec_init_plan", "Subplan Name": "InitPlan 1 (returns $1)", "Startup Cost": 44824.55, "Total Cost": 44824.56, "Plan Rows": 1, "Plan Width": 24, "Plans": [{"Node Type": "Nested Loop", "Parent Relationship": "Outer", "Join Type": "Inner", "Startup Cost": 0.0, "Total Cost": 44421.2, "Plan Rows": 53780, "Plan Width": 16, "Inner Unique": false, "Plans": [{"Node Type": "Nested Loop", "Parent Relationship": "Outer", "Join Type": "Inner", "Startup Cost": 0.0, "Total Cost": 6597.23, "Plan Rows": 4000, "Plan Width": 8, "Inner Unique": false, "Join Filter": "(public.supplier.s_nationkey = public.nation.n_nationkey)", "Plans": [{"Node Type": "Index Scan", "Parent Relationship": "Outer", "Scan Direction": "Forward", "Index Name": "nation_pkey", "Relation Name": "nation", "Alias": "nation", "Startup Cost": 0.0, "Total Cost": 12.69, "Plan Rows": 1, "Plan Width": 4, "Filter": "(n_name = 'MOZAMBIQUE'::bpchar)"}, {"Node Type": "Index Scan", "Parent Relationship": "Inner", "Scan Direction": "Forward", "Index Name": "supplier_pkey", "Relation Name": "supplier", "Alias": "supplier", "Startup Cost": 0.0, "Total Cost": 5334.54, "Plan Rows": 100000, "Plan Width": 12}]}, {"Node Type": "Index Scan", "Parent Relationship": "Inner", "Scan Direction": "Forward", "Index Name": "idx_partsupp_suppkey", "Relation Name": "partsupp", "Alias": "partsupp", "Startup Cost": 0.0, "Total Cost": 9.33, "Plan Rows": 13, "Plan Width": 24, "Index Cond": "(ps_suppkey = public.supplier.s_suppkey)"}]}]}, {"Node Type": "Aggregate", "Strategy": "Hashed", "Parent Relationship": "Outer", "Startup Cost": 45362.35, "Total Cost": 46034.6, "Plan Rows": 53780, "Plan Width": 40, "Group By Key": ["public.partsupp.ps_partkey"], "Filter": "(sum((public.partsupp.ps_supplycost * (public.partsupp.ps_availqty)::double precision)) > $1)", "Plans": [{"Node Type": "Nested Loop", "Parent Relationship": "Outer", "Join Type": "Inner", "Startup Cost": 0.0, "Total Cost": 44421.2, "Plan Rows": 53780, "Plan Width": 24, "Inner Unique": false, "Plans": [{"Node Type": "Nested Loop", "Parent Relationship": "Outer", "Join Type": "Inner", "Startup Cost": 0.0, "Total Cost": 6597.23, "Plan Rows": 4000, "Plan Width": 8, "Inner Unique": false, "Join Filter": "(public.supplier.s_nationkey = public.nation.n_nationkey)", "Plans": [{"Node Type": "Index Scan", "Parent Relationship": "Outer", "Scan Direction": "Forward", "Index Name": "nation_pkey", "Relation Name": "nation", "Alias": "nation", "Startup Cost": 0.0, "Total Cost": 12.69, "Plan Rows": 1, "Plan Width": 4, "Filter": "(n_name = 'MOZAMBIQUE'::bpchar)"}, {"Node Type": "Index Scan", "Parent Relationship": "Inner", "Scan Direction": "Forward", "Index Name": "supplier_pkey", "Relation Name": "supplier", "Alias": "supplier", "Startup Cost": 0.0, "Total Cost": 5334.54, "Plan Rows": 100000, "Plan Width": 12}]}, {"Node Type": "Index Scan", "Parent Relationship": "Inner", "Scan Direction": "Forward", "Index Name": "idx_partsupp_suppkey", "Relation Name": "partsupp", "Alias": "partsupp", "Startup Cost": 0.0, "Total Cost": 9.33, "Plan Rows": 13, "Plan Width": 32, "Index Cond": "(ps_suppkey = public.supplier.s_suppkey)"}]}]}]}, "Unique SQL Id": 2932834211, "Planner Runtime": 1}, "explain_analyze_plan": {"Plan": {"Node Type": "Sort", "Startup Cost": 95084.87, "Total Cost": 95219.32, "Plan Rows": 53780, "Plan Width": 40, "Actual Startup Time": 2307.61, "Actual Total Time": 2307.61, "Actual Rows": 0, "Actual Loops": 1, "Sort Key": ["(sum((public.partsupp.ps_supplycost * (public.partsupp.ps_availqty)::double precision))) DESC"], "Sort Method": "quicksort", "Sort Space Used": 25, "Sort Space Type": "Memory", "Plans": [{"Node Type": "Aggregate", "Strategy": "Plain", "Parent Relationship": "exec_init_plan", "Subplan Name": "InitPlan 1 (returns $1)", "Startup Cost": 44824.55, "Total Cost": 44824.56, "Plan Rows": 1, "Plan Width": 24, "Actual Startup Time": 1092.318, "Actual Total Time": 1092.319, "Actual Rows": 1, "Actual Loops": 1, "Plans": [{"Node Type": "Nested Loop", "Parent Relationship": "Outer", "Join Type": "Inner", "Startup Cost": 0.0, "Total Cost": 44421.2, "Plan Rows": 53780, "Plan Width": 16, "Actual Startup Time": 0.118, "Actual Total Time": 956.784, "Actual Rows": 313920, "Actual Loops": 1, "Inner Unique": false, "Plans": [{"Node Type": "Nested Loop", "Parent Relationship": "Outer", "Join Type": "Inner", "Startup Cost": 0.0, "Total Cost": 6597.23, "Plan Rows": 4000, "Plan Width": 8, "Actual Startup Time": 0.085, "Actual Total Time": 94.182, "Actual Rows": 3924, "Actual Loops": 1, "Inner Unique": false, "Join Filter": "(public.supplier.s_nationkey = public.nation.n_nationkey)", "Rows Removed by Join Filter": 96076, "Plans": [{"Node Type": "Index Scan", "Parent Relationship": "Outer", "Scan Direction": "Forward", "Index Name": "nation_pkey", "Relation Name": "nation", "Alias": "nation", "Startup Cost": 0.0, "Total Cost": 12.69, "Plan Rows": 1, "Plan Width": 4, "Actual Startup Time": 0.029, "Actual Total Time": 0.042, "Actual Rows": 1, "Actual Loops": 1, "Filter": "(n_name = 'MOZAMBIQUE'::bpchar)", "Rows Removed by Filter": 24}, {"Node Type": "Index Scan", "Parent Relationship": "Inner", "Scan Direction": "Forward", "Index Name": "supplier_pkey", "Relation Name": "supplier", "Alias": "supplier", "Startup Cost": 0.0, "Total Cost": 5334.54, "Plan Rows": 100000, "Plan Width": 12, "Actual Startup Time": 0.028, "Actual Total Time": 70.457, "Actual Rows": 100000, "Actual Loops": 1}]}, {"Node Type": "Index Scan", "Parent Relationship": "Inner", "Scan Direction": "Forward", "Index Name": "idx_partsupp_suppkey", "Relation Name": "partsupp", "Alias": "partsupp", "Startup Cost": 0.0, "Total Cost": 9.33, "Plan Rows": 13, "Plan Width": 24, "Actual Startup Time": 58.391, "Actual Total Time": 796.025, "Actual Rows": 313920, "Actual Loops": 3924, "Index Cond": "(ps_suppkey = public.supplier.s_suppkey)", "Rows Removed by Index Recheck": 0}]}]}, {"Node Type": "Aggregate", "Strategy": "Hashed", "Parent Relationship": "Outer", "Startup Cost": 45362.35, "Total Cost": 46034.6, "Plan Rows": 53780, "Plan Width": 40, "Actual Startup Time": 2307.103, "Actual Total Time": 2307.103, "Actual Rows": 0, "Actual Loops": 1, "Group By Key": ["public.partsupp.ps_partkey"], "Filter": "(sum((public.partsupp.ps_supplycost * (public.partsupp.ps_availqty)::double precision)) > $1)", "Rows Removed by Filter": 295792, "Plans": [{"Node Type": "Nested Loop", "Parent Relationship": "Outer", "Join Type": "Inner", "Startup Cost": 0.0, "Total Cost": 44421.2, "Plan Rows": 53780, "Plan Width": 24, "Actual Startup Time": 0.082, "Actual Total Time": 782.985, "Actual Rows": 313920, "Actual Loops": 1, "Inner Unique": false, "Plans": [{"Node Type": "Nested Loop", "Parent Relationship": "Outer", "Join Type": "Inner", "Startup Cost": 0.0, "Total Cost": 6597.23, "Plan Rows": 4000, "Plan Width": 8, "Actual Startup Time": 0.064, "Actual Total Time": 84.24, "Actual Rows": 3924, "Actual Loops": 1, "Inner Unique": false, "Join Filter": "(public.supplier.s_nationkey = public.nation.n_nationkey)", "Rows Removed by Join Filter": 96076, "Plans": [{"Node Type": "Index Scan", "Parent Relationship": "Outer", "Scan Direction": "Forward", "Index Name": "nation_pkey", "Relation Name": "nation", "Alias": "nation", "Startup Cost": 0.0, "Total Cost": 12.69, "Plan Rows": 1, "Plan Width": 4, "Actual Startup Time": 0.03, "Actual Total Time": 0.042, "Actual Rows": 1, "Actual Loops": 1, "Filter": "(n_name = 'MOZAMBIQUE'::bpchar)", "Rows Removed by Filter": 24}, {"Node Type": "Index Scan", "Parent Relationship": "Inner", "Scan Direction": "Forward", "Index Name": "supplier_pkey", "Relation Name": "supplier", "Alias": "supplier", "Startup Cost": 0.0, "Total Cost": 5334.54, "Plan Rows": 100000, "Plan Width": 12, "Actual Startup Time": 0.017, "Actual Total Time": 60.351, "Actual Rows": 100000, "Actual Loops": 1}]}, {"Node Type": "Index Scan", "Parent Relationship": "Inner", "Scan Direction": "Forward", "Index Name": "idx_partsupp_suppkey", "Relation Name": "partsupp", "Alias": "partsupp", "Startup Cost": 0.0, "Total Cost": 9.33, "Plan Rows": 13, "Plan Width": 32, "Actual Startup Time": 49.971, "Actual Total Time": 626.737, "Actual Rows": 313920, "Actual Loops": 3924, "Index Cond": "(ps_suppkey = public.supplier.s_suppkey)", "Rows Removed by Index Recheck": 0}]}]}]}, "Triggers": [], "Planner Runtime": 0, "Total Runtime": 2307.885, "Unique SQL Id": 2932834211}}, "(64, 26)": {"explain_plan": {"Plan": {"Node Type": "Sort", "Startup Cost": 2471496.64, "Total Cost": 2471631.09, "Plan Rows": 53780, "Plan Width": 40, "Sort Key": ["(sum((public.partsupp.ps_supplycost * (public.partsupp.ps_availqty)::double precision))) DESC"], "Plans": [{"Node Type": "Aggregate", "Strategy": "Plain", "Parent Relationship": "exec_init_plan", "Subplan Name": "InitPlan 1 (returns $0)", "Startup Cost": 1233030.44, "Total Cost": 1233030.45, "Plan Rows": 1, "Plan Width": 24, "Plans": [{"Node Type": "Merge Join", "Parent Relationship": "Outer", "Join Type": "Inner", "Startup Cost": 1192069.85, "Total Cost": 1232627.09, "Plan Rows": 53780, "Plan Width": 16, "Inner Unique": false, "Merge Cond": "(public.supplier.s_suppkey = public.partsupp.ps_suppkey)", "Plans": [{"Node Type": "Sort", "Parent Relationship": "Outer", "Startup Cost": 4773.63, "Total Cost": 4783.63, "Plan Rows": 4000, "Plan Width": 8, "Sort Key": ["public.supplier.s_suppkey"], "Plans": [{"Node Type": "Nested Loop", "Parent Relationship": "Outer", "Join Type": "Inner", "Startup Cost": 0.0, "Total Cost": 4534.31, "Plan Rows": 4000, "Plan Width": 8, "Inner Unique": false, "Join Filter": "(public.supplier.s_nationkey = public.nation.n_nationkey)", "Plans": [{"Node Type": "Seq Scan", "Parent Relationship": "Outer", "Relation Name": "nation", "Alias": "nation", "Startup Cost": 0.0, "Total Cost": 1.31, "Plan Rows": 1, "Plan Width": 4, "Filter": "(n_name = 'MOZAMBIQUE'::bpchar)"}, {"Node Type": "Seq Scan", "Parent Relationship": "Inner", "Relation Name": "supplier", "Alias": "supplier", "Startup Cost": 0.0, "Total Cost": 3283.0, "Plan Rows": 100000, "Plan Width": 12}]}]}, {"Node Type": "Sort", "Parent Relationship": "Inner", "Startup Cost": 1187295.8, "Total Cost": 1207296.73, "Plan Rows": 8000372, "Plan Width": 24, "Sort Key": ["public.partsupp.ps_suppkey"], "Plans": [{"Node Type": "Seq Scan", "Parent Relationship": "Outer", "Relation Name": "partsupp", "Alias": "partsupp", "Startup Cost": 0.0, "Total Cost": 269987.72, "Plan Rows": 8000372, "Plan Width": 24}]}]}]}, {"Node Type": "Aggregate", "Strategy": "Hashed", "Parent Relationship": "Outer", "Startup Cost": 1233568.24, "Total Cost": 1234240.49, "Plan Rows": 53780, "Plan Width": 40, "Group By Key": ["public.partsupp.ps_partkey"], "Filter": "(sum((public.partsupp.ps_supplycost * (public.partsupp.ps_availqty)::double precision)) > $0)", "Plans": [{"Node Type": "Merge Join", "Parent Relationship": "Outer", "Join Type": "Inner", "Startup Cost": 1192069.85, "Total Cost": 1232627.09, "Plan Rows": 53780, "Plan Width": 24, "Inner Unique": false, "Merge Cond": "(public.supplier.s_suppkey = public.partsupp.ps_suppkey)", "Plans": [{"Node Type": "Sort", "Parent Relationship": "Outer", "Startup Cost": 4773.63, "Total Cost": 4783.63, "Plan Rows": 4000, "Plan Width": 8, "Sort Key": ["public.supplier.s_suppkey"], "Plans": [{"Node Type": "Nested Loop", "Parent Relationship": "Outer", "Join Type": "Inner", "Startup Cost": 0.0, "Total Cost": 4534.31, "Plan Rows": 4000, "Plan Width": 8, "Inner Unique": false, "Join Filter": "(public.supplier.s_nationkey = public.nation.n_nationkey)", "Plans": [{"Node Type": "Seq Scan", "Parent Relationship": "Outer", "Relation Name": "nation", "Alias": "nation", "Startup Cost": 0.0, "Total Cost": 1.31, "Plan Rows": 1, "Plan Width": 4, "Filter": "(n_name = 'MOZAMBIQUE'::bpchar)"}, {"Node Type": "Seq Scan", "Parent Relationship": "Inner", "Relation Name": "supplier", "Alias": "supplier", "Startup Cost": 0.0, "Total Cost": 3283.0, "Plan Rows": 100000, "Plan Width": 12}]}]}, {"Node Type": "Sort", "Parent Relationship": "Inner", "Startup Cost": 1187295.8, "Total Cost": 1207296.73, "Plan Rows": 8000372, "Plan Width": 32, "Sort Key": ["public.partsupp.ps_suppkey"], "Plans": [{"Node Type": "Seq Scan", "Parent Relationship": "Outer", "Relation Name": "partsupp", "Alias": "partsupp", "Startup Cost": 0.0, "Total Cost": 269987.72, "Plan Rows": 8000372, "Plan Width": 32}]}]}]}]}, "Unique SQL Id": 2932834211, "Planner Runtime": 1}, "explain_analyze_plan": null}, "(64, 27)": {"explain_plan": {"Plan": {"Node Type": "Sort", "Startup Cost": 6001104432332.89, "Total Cost": 6001104432467.34, "Plan Rows": 53780, "Plan Width": 40, "Sort Key": ["(sum((public.partsupp.ps_supplycost * (public.partsupp.ps_availqty)::double precision))) DESC"], "Plans": [{"Node Type": "Aggregate", "Strategy": "Plain", "Parent Relationship": "exec_init_plan", "Subplan Name": "InitPlan 1 (returns $0)", "Startup Cost": 3000580719437.25, "Total Cost": 3000580719437.27, "Plan Rows": 1, "Plan Width": 24, "Plans": [{"Node Type": "Nested Loop", "Parent Relationship": "Outer", "Join Type": "Inner", "Startup Cost": 30000000000.0, "Total Cost": 3000580719033.9, "Plan Rows": 53780, "Plan Width": 16, "Inner Unique": false, "Join Filter": "(public.supplier.s_suppkey = public.partsupp.ps_suppkey)", "Plans": [{"Node Type": "Index Scan", "Parent Relationship": "Outer", "Scan Direction": "Forward", "Index Name": "idx_partsupp_suppkey", "Relation Name": "partsupp", "Alias": "partsupp", "Startup Cost": 10000000000.0, "Total Cost": 1000100160480.77, "Plan Rows": 8000372, "Plan Width": 24}, {"Node Type": "Materialize", "Parent Relationship": "Inner", "Startup Cost": 20000000000.0, "Total Cost": 2000000536243.13, "Plan Rows": 4000, "Plan Width": 8, "Plans": [{"Node Type": "Nested Loop", "Parent Relationship": "Outer", "Join Type": "Inner", "Startup Cost": 20000000000.0, "Total Cost": 2000000536223.13, "Plan Rows": 4000, "Plan Width": 8, "Inner Unique": true, "Join Filter": "(public.supplier.s_nationkey = public.nation.n_nationkey)", "Plans": [{"Node Type": "Index Scan", "Parent Relationship": "Outer", "Scan Direction": "Forward", "Index Name": "supplier_pkey", "Relation Name": "supplier", "Alias": "supplier", "Startup Cost": 10000000000.0, "Total Cost": 1000000533454.38, "Plan Rows": 100000, "Plan Width": 12}, {"Node Type": "Materialize", "Parent Relationship": "Inner", "Startup Cost": 10000000000.0, "Total Cost": 1000000001268.76, "Plan Rows": 1, "Plan Width": 4, "Plans": [{"Node Type": "Index Scan", "Parent Relationship": "Outer", "Scan Direction": "Forward", "Index Name": "nation_pkey", "Relation Name": "nation", "Alias": "nation", "Startup Cost": 10000000000.0, "Total Cost": 1000000001268.75, "Plan Rows": 1, "Plan Width": 4, "Filter": "(n_name = 'MOZAMBIQUE'::bpchar)"}]}]}]}]}]}, {"Node Type": "Aggregate", "Strategy": "Hashed", "Parent Relationship": "Outer", "Startup Cost": 3000523707997.67, "Total Cost": 3000523708669.92, "Plan Rows": 53780, "Plan Width": 40, "Group By Key": ["public.partsupp.ps_partkey"], "Filter": "(sum((public.partsupp.ps_supplycost * (public.partsupp.ps_availqty)::double precision)) > $0)", "Plans": [{"Node Type": "Nested Loop", "Parent Relationship": "Outer", "Join Type": "Inner", "Startup Cost": 30000000000.0, "Total Cost": 3000523707056.51, "Plan Rows": 53780, "Plan Width": 24, "Inner Unique": false, "Join Filter": "(public.supplier.s_suppkey = public.partsupp.ps_suppkey)", "Plans": [{"Node Type": "Index Scan", "Parent Relationship": "Outer", "Scan Direction": "Forward", "Index Name": "idx_partsupp_partkey", "Relation Name": "partsupp", "Alias": "partsupp", "Startup Cost": 10000000000.0, "Total Cost": 1000043148503.38, "Plan Rows": 8000372, "Plan Width": 32}, {"Node Type": "Materialize", "Parent Relationship": "Inner", "Startup Cost": 20000000000.0, "Total Cost": 2000000536243.13, "Plan Rows": 4000, "Plan Width": 8, "Plans": [{"Node Type": "Nested Loop", "Parent Relationship": "Outer", "Join Type": "Inner", "Startup Cost": 20000000000.0, "Total Cost": 2000000536223.13, "Plan Rows": 4000, "Plan Width": 8, "Inner Unique": true, "Join Filter": "(public.supplier.s_nationkey = public.nation.n_nationkey)", "Plans": [{"Node Type": "Index Scan", "Parent Relationship": "Outer", "Scan Direction": "Forward", "Index Name": "supplier_pkey", "Relation Name": "supplier", "Alias": "supplier", "Startup Cost": 10000000000.0, "Total Cost": 1000000533454.38, "Plan Rows": 100000, "Plan Width": 12}, {"Node Type": "Materialize", "Parent Relationship": "Inner", "Startup Cost": 10000000000.0, "Total Cost": 1000000001268.76, "Plan Rows": 1, "Plan Width": 4, "Plans": [{"Node Type": "Index Scan", "Parent Relationship": "Outer", "Scan Direction": "Forward", "Index Name": "nation_pkey", "Relation Name": "nation", "Alias": "nation", "Startup Cost": 10000000000.0, "Total Cost": 1000000001268.75, "Plan Rows": 1, "Plan Width": 4, "Filter": "(n_name = 'MOZAMBIQUE'::bpchar)"}]}]}]}]}]}]}, "Unique SQL Id": 2932834211, "Planner Runtime": 2}, "explain_analyze_plan": null}, "(64, 28)": {"explain_plan": {"Plan": {"Node Type": "Sort", "Startup Cost": 90959.03, "Total Cost": 91093.48, "Plan Rows": 53780, "Plan Width": 40, "Sort Key": ["(sum((public.partsupp.ps_supplycost * (public.partsupp.ps_availqty)::double precision))) DESC"], "Plans": [{"Node Type": "Aggregate", "Strategy": "Plain", "Parent Relationship": "exec_init_plan", "Subplan Name": "InitPlan 1 (returns $1)", "Startup Cost": 42761.63, "Total Cost": 42761.64, "Plan Rows": 1, "Plan Width": 24, "Plans": [{"Node Type": "Nested Loop", "Parent Relationship": "Outer", "Join Type": "Inner", "Startup Cost": 0.0, "Total Cost": 42358.28, "Plan Rows": 53780, "Plan Width": 16, "Inner Unique": false, "Plans": [{"Node Type": "Nested Loop", "Parent Relationship": "Outer", "Join Type": "Inner", "Startup Cost": 0.0, "Total Cost": 4534.31, "Plan Rows": 4000, "Plan Width": 8, "Inner Unique": false, "Join Filter": "(public.supplier.s_nationkey = public.nation.n_nationkey)", "Plans": [{"Node Type": "Seq Scan", "Parent Relationship": "Outer", "Relation Name": "nation", "Alias": "nation", "Startup Cost": 0.0, "Total Cost": 1.31, "Plan Rows": 1, "Plan Width": 4, "Filter": "(n_name = 'MOZAMBIQUE'::bpchar)"}, {"Node Type": "Seq Scan", "Parent Relationship": "Inner", "Relation Name": "supplier", "Alias": "supplier", "Startup Cost": 0.0, "Total Cost": 3283.0, "Plan Rows": 100000, "Plan Width": 12}]}, {"Node Type": "Index Scan", "Parent Relationship": "Inner", "Scan Direction": "Forward", "Index Name": "idx_partsupp_suppkey", "Relation Name": "partsupp", "Alias": "partsupp", "Startup Cost": 0.0, "Total Cost": 9.33, "Plan Rows": 13, "Plan Width": 24, "Index Cond": "(ps_suppkey = public.supplier.s_suppkey)"}]}]}, {"Node Type": "Aggregate", "Strategy": "Hashed", "Parent Relationship": "Outer", "Startup Cost": 43299.43, "Total Cost": 43971.68, "Plan Rows": 53780, "Plan Width": 40, "Group By Key": ["public.partsupp.ps_partkey"], "Filter": "(sum((public.partsupp.ps_supplycost * (public.partsupp.ps_availqty)::double precision)) > $1)", "Plans": [{"Node Type": "Nested Loop", "Parent Relationship": "Outer", "Join Type": "Inner", "Startup Cost": 0.0, "Total Cost": 42358.28, "Plan Rows": 53780, "Plan Width": 24, "Inner Unique": false, "Plans": [{"Node Type": "Nested Loop", "Parent Relationship": "Outer", "Join Type": "Inner", "Startup Cost": 0.0, "Total Cost": 4534.31, "Plan Rows": 4000, "Plan Width": 8, "Inner Unique": false, "Join Filter": "(public.supplier.s_nationkey = public.nation.n_nationkey)", "Plans": [{"Node Type": "Seq Scan", "Parent Relationship": "Outer", "Relation Name": "nation", "Alias": "nation", "Startup Cost": 0.0, "Total Cost": 1.31, "Plan Rows": 1, "Plan Width": 4, "Filter": "(n_name = 'MOZAMBIQUE'::bpchar)"}, {"Node Type": "Seq Scan", "Parent Relationship": "Inner", "Relation Name": "supplier", "Alias": "supplier", "Startup Cost": 0.0, "Total Cost": 3283.0, "Plan Rows": 100000, "Plan Width": 12}]}, {"Node Type": "Index Scan", "Parent Relationship": "Inner", "Scan Direction": "Forward", "Index Name": "idx_partsupp_suppkey", "Relation Name": "partsupp", "Alias": "partsupp", "Startup Cost": 0.0, "Total Cost": 9.33, "Plan Rows": 13, "Plan Width": 32, "Index Cond": "(ps_suppkey = public.supplier.s_suppkey)"}]}]}]}, "Unique SQL Id": 2932834211, "Planner Runtime": 1}, "explain_analyze_plan": {"Plan": {"Node Type": "Sort", "Startup Cost": 90959.03, "Total Cost": 91093.48, "Plan Rows": 53780, "Plan Width": 40, "Actual Startup Time": 1970.652, "Actual Total Time": 1970.652, "Actual Rows": 0, "Actual Loops": 1, "Sort Key": ["(sum((public.partsupp.ps_supplycost * (public.partsupp.ps_availqty)::double precision))) DESC"], "Sort Method": "quicksort", "Sort Space Used": 25, "Sort Space Type": "Memory", "Plans": [{"Node Type": "Aggregate", "Strategy": "Plain", "Parent Relationship": "exec_init_plan", "Subplan Name": "InitPlan 1 (returns $1)", "Startup Cost": 42761.63, "Total Cost": 42761.64, "Plan Rows": 1, "Plan Width": 24, "Actual Startup Time": 951.894, "Actual Total Time": 951.895, "Actual Rows": 1, "Actual Loops": 1, "Plans": [{"Node Type": "Nested Loop", "Parent Relationship": "Outer", "Join Type": "Inner", "Startup Cost": 0.0, "Total Cost": 42358.28, "Plan Rows": 53780, "Plan Width": 16, "Actual Startup Time": 0.098, "Actual Total Time": 817.287, "Actual Rows": 313920, "Actual Loops": 1, "Inner Unique": false, "Plans": [{"Node Type": "Nested Loop", "Parent Relationship": "Outer", "Join Type": "Inner", "Startup Cost": 0.0, "Total Cost": 4534.31, "Plan Rows": 4000, "Plan Width": 8, "Actual Startup Time": 0.069, "Actual Total Time": 54.095, "Actual Rows": 3924, "Actual Loops": 1, "Inner Unique": false, "Join Filter": "(public.supplier.s_nationkey = public.nation.n_nationkey)", "Rows Removed by Join Filter": 96076, "Plans": [{"Node Type": "Seq Scan", "Parent Relationship": "Outer", "Relation Name": "nation", "Alias": "nation", "Startup Cost": 0.0, "Total Cost": 1.31, "Plan Rows": 1, "Plan Width": 4, "Actual Startup Time": 0.029, "Actual Total Time": 0.037, "Actual Rows": 1, "Actual Loops": 1, "Filter": "(n_name = 'MOZAMBIQUE'::bpchar)", "Rows Removed by Filter": 24}, {"Node Type": "Seq Scan", "Parent Relationship": "Inner", "Relation Name": "supplier", "Alias": "supplier", "Startup Cost": 0.0, "Total Cost": 3283.0, "Plan Rows": 100000, "Plan Width": 12, "Actual Startup Time": 0.016, "Actual Total Time": 30.369, "Actual Rows": 100000, "Actual Loops": 1}]}, {"Node Type": "Index Scan", "Parent Relationship": "Inner", "Scan Direction": "Forward", "Index Name": "idx_partsupp_suppkey", "Relation Name": "partsupp", "Alias": "partsupp", "Startup Cost": 0.0, "Total Cost": 9.33, "Plan Rows": 13, "Plan Width": 24, "Actual Startup Time": 53.66, "Actual Total Time": 696.079, "Actual Rows": 313920, "Actual Loops": 3924, "Index Cond": "(ps_suppkey = public.supplier.s_suppkey)", "Rows Removed by Index Recheck": 0}]}]}, {"Node Type": "Aggregate", "Strategy": "Hashed", "Parent Relationship": "Outer", "Startup Cost": 43299.43, "Total Cost": 43971.68, "Plan Rows": 53780, "Plan Width": 40, "Actual Startup Time": 1970.246, "Actual Total Time": 1970.246, "Actual Rows": 0, "Actual Loops": 1, "Group By Key": ["public.partsupp.ps_partkey"], "Filter": "(sum((public.partsupp.ps_supplycost * (public.partsupp.ps_availqty)::double precision)) > $1)", "Rows Removed by Filter": 295792, "Plans": [{"Node Type": "Nested Loop", "Parent Relationship": "Outer", "Join Type": "Inner", "Startup Cost": 0.0, "Total Cost": 42358.28, "Plan Rows": 53780, "Plan Width": 24, "Actual Startup Time": 0.083, "Actual Total Time": 638.583, "Actual Rows": 313920, "Actual Loops": 1, "Inner Unique": false, "Plans": [{"Node Type": "Nested Loop", "Parent Relationship": "Outer", "Join Type": "Inner", "Startup Cost": 0.0, "Total Cost": 4534.31, "Plan Rows": 4000, "Plan Width": 8, "Actual Startup Time": 0.058, "Actual Total Time": 51.611, "Actual Rows": 3924, "Actual Loops": 1, "Inner Unique": false, "Join Filter": "(public.supplier.s_nationkey = public.nation.n_nationkey)", "Rows Removed by Join Filter": 96076, "Plans": [{"Node Type": "Seq Scan", "Parent Relationship": "Outer", "Relation Name": "nation", "Alias": "nation", "Startup Cost": 0.0, "Total Cost": 1.31, "Plan Rows": 1, "Plan Width": 4, "Actual Startup Time": 0.03, "Actual Total Time": 0.041, "Actual Rows": 1, "Actual Loops": 1, "Filter": "(n_name = 'MOZAMBIQUE'::bpchar)", "Rows Removed by Filter": 24}, {"Node Type": "Seq Scan", "Parent Relationship": "Inner", "Relation Name": "supplier", "Alias": "supplier", "Startup Cost": 0.0, "Total Cost": 3283.0, "Plan Rows": 100000, "Plan Width": 12, "Actual Startup Time": 0.012, "Actual Total Time": 27.867, "Actual Rows": 100000, "Actual Loops": 1}]}, {"Node Type": "Index Scan", "Parent Relationship": "Inner", "Scan Direction": "Forward", "Index Name": "idx_partsupp_suppkey", "Relation Name": "partsupp", "Alias": "partsupp", "Startup Cost": 0.0, "Total Cost": 9.33, "Plan Rows": 13, "Plan Width": 32, "Actual Startup Time": 44.772, "Actual Total Time": 515.64, "Actual Rows": 313920, "Actual Loops": 3924, "Index Cond": "(ps_suppkey = public.supplier.s_suppkey)", "Rows Removed by Index Recheck": 0}]}]}]}, "Triggers": [], "Planner Runtime": 0, "Total Runtime": 1970.93, "Unique SQL Id": 2932834211}}, "(64, 29)": {"explain_plan": {"Plan": {"Node Type": "Sort", "Startup Cost": 95084.87, "Total Cost": 95219.32, "Plan Rows": 53780, "Plan Width": 40, "Sort Key": ["(sum((public.partsupp.ps_supplycost * (public.partsupp.ps_availqty)::double precision))) DESC"], "Plans": [{"Node Type": "Aggregate", "Strategy": "Plain", "Parent Relationship": "exec_init_plan", "Subplan Name": "InitPlan 1 (returns $1)", "Startup Cost": 44824.55, "Total Cost": 44824.56, "Plan Rows": 1, "Plan Width": 24, "Plans": [{"Node Type": "Nested Loop", "Parent Relationship": "Outer", "Join Type": "Inner", "Startup Cost": 0.0, "Total Cost": 44421.2, "Plan Rows": 53780, "Plan Width": 16, "Inner Unique": false, "Plans": [{"Node Type": "Nested Loop", "Parent Relationship": "Outer", "Join Type": "Inner", "Startup Cost": 0.0, "Total Cost": 6597.23, "Plan Rows": 4000, "Plan Width": 8, "Inner Unique": false, "Join Filter": "(public.supplier.s_nationkey = public.nation.n_nationkey)", "Plans": [{"Node Type": "Index Scan", "Parent Relationship": "Outer", "Scan Direction": "Forward", "Index Name": "nation_pkey", "Relation Name": "nation", "Alias": "nation", "Startup Cost": 0.0, "Total Cost": 12.69, "Plan Rows": 1, "Plan Width": 4, "Filter": "(n_name = 'MOZAMBIQUE'::bpchar)"}, {"Node Type": "Index Scan", "Parent Relationship": "Inner", "Scan Direction": "Forward", "Index Name": "supplier_pkey", "Relation Name": "supplier", "Alias": "supplier", "Startup Cost": 0.0, "Total Cost": 5334.54, "Plan Rows": 100000, "Plan Width": 12}]}, {"Node Type": "Index Scan", "Parent Relationship": "Inner", "Scan Direction": "Forward", "Index Name": "idx_partsupp_suppkey", "Relation Name": "partsupp", "Alias": "partsupp", "Startup Cost": 0.0, "Total Cost": 9.33, "Plan Rows": 13, "Plan Width": 24, "Index Cond": "(ps_suppkey = public.supplier.s_suppkey)"}]}]}, {"Node Type": "Aggregate", "Strategy": "Hashed", "Parent Relationship": "Outer", "Startup Cost": 45362.35, "Total Cost": 46034.6, "Plan Rows": 53780, "Plan Width": 40, "Group By Key": ["public.partsupp.ps_partkey"], "Filter": "(sum((public.partsupp.ps_supplycost * (public.partsupp.ps_availqty)::double precision)) > $1)", "Plans": [{"Node Type": "Nested Loop", "Parent Relationship": "Outer", "Join Type": "Inner", "Startup Cost": 0.0, "Total Cost": 44421.2, "Plan Rows": 53780, "Plan Width": 24, "Inner Unique": false, "Plans": [{"Node Type": "Nested Loop", "Parent Relationship": "Outer", "Join Type": "Inner", "Startup Cost": 0.0, "Total Cost": 6597.23, "Plan Rows": 4000, "Plan Width": 8, "Inner Unique": false, "Join Filter": "(public.supplier.s_nationkey = public.nation.n_nationkey)", "Plans": [{"Node Type": "Index Scan", "Parent Relationship": "Outer", "Scan Direction": "Forward", "Index Name": "nation_pkey", "Relation Name": "nation", "Alias": "nation", "Startup Cost": 0.0, "Total Cost": 12.69, "Plan Rows": 1, "Plan Width": 4, "Filter": "(n_name = 'MOZAMBIQUE'::bpchar)"}, {"Node Type": "Index Scan", "Parent Relationship": "Inner", "Scan Direction": "Forward", "Index Name": "supplier_pkey", "Relation Name": "supplier", "Alias": "supplier", "Startup Cost": 0.0, "Total Cost": 5334.54, "Plan Rows": 100000, "Plan Width": 12}]}, {"Node Type": "Index Scan", "Parent Relationship": "Inner", "Scan Direction": "Forward", "Index Name": "idx_partsupp_suppkey", "Relation Name": "partsupp", "Alias": "partsupp", "Startup Cost": 0.0, "Total Cost": 9.33, "Plan Rows": 13, "Plan Width": 32, "Index Cond": "(ps_suppkey = public.supplier.s_suppkey)"}]}]}]}, "Unique SQL Id": 2932834211, "Planner Runtime": 1}, "explain_analyze_plan": {"Plan": {"Node Type": "Sort", "Startup Cost": 95084.87, "Total Cost": 95219.32, "Plan Rows": 53780, "Plan Width": 40, "Actual Startup Time": 2307.61, "Actual Total Time": 2307.61, "Actual Rows": 0, "Actual Loops": 1, "Sort Key": ["(sum((public.partsupp.ps_supplycost * (public.partsupp.ps_availqty)::double precision))) DESC"], "Sort Method": "quicksort", "Sort Space Used": 25, "Sort Space Type": "Memory", "Plans": [{"Node Type": "Aggregate", "Strategy": "Plain", "Parent Relationship": "exec_init_plan", "Subplan Name": "InitPlan 1 (returns $1)", "Startup Cost": 44824.55, "Total Cost": 44824.56, "Plan Rows": 1, "Plan Width": 24, "Actual Startup Time": 1092.318, "Actual Total Time": 1092.319, "Actual Rows": 1, "Actual Loops": 1, "Plans": [{"Node Type": "Nested Loop", "Parent Relationship": "Outer", "Join Type": "Inner", "Startup Cost": 0.0, "Total Cost": 44421.2, "Plan Rows": 53780, "Plan Width": 16, "Actual Startup Time": 0.118, "Actual Total Time": 956.784, "Actual Rows": 313920, "Actual Loops": 1, "Inner Unique": false, "Plans": [{"Node Type": "Nested Loop", "Parent Relationship": "Outer", "Join Type": "Inner", "Startup Cost": 0.0, "Total Cost": 6597.23, "Plan Rows": 4000, "Plan Width": 8, "Actual Startup Time": 0.085, "Actual Total Time": 94.182, "Actual Rows": 3924, "Actual Loops": 1, "Inner Unique": false, "Join Filter": "(public.supplier.s_nationkey = public.nation.n_nationkey)", "Rows Removed by Join Filter": 96076, "Plans": [{"Node Type": "Index Scan", "Parent Relationship": "Outer", "Scan Direction": "Forward", "Index Name": "nation_pkey", "Relation Name": "nation", "Alias": "nation", "Startup Cost": 0.0, "Total Cost": 12.69, "Plan Rows": 1, "Plan Width": 4, "Actual Startup Time": 0.029, "Actual Total Time": 0.042, "Actual Rows": 1, "Actual Loops": 1, "Filter": "(n_name = 'MOZAMBIQUE'::bpchar)", "Rows Removed by Filter": 24}, {"Node Type": "Index Scan", "Parent Relationship": "Inner", "Scan Direction": "Forward", "Index Name": "supplier_pkey", "Relation Name": "supplier", "Alias": "supplier", "Startup Cost": 0.0, "Total Cost": 5334.54, "Plan Rows": 100000, "Plan Width": 12, "Actual Startup Time": 0.028, "Actual Total Time": 70.457, "Actual Rows": 100000, "Actual Loops": 1}]}, {"Node Type": "Index Scan", "Parent Relationship": "Inner", "Scan Direction": "Forward", "Index Name": "idx_partsupp_suppkey", "Relation Name": "partsupp", "Alias": "partsupp", "Startup Cost": 0.0, "Total Cost": 9.33, "Plan Rows": 13, "Plan Width": 24, "Actual Startup Time": 58.391, "Actual Total Time": 796.025, "Actual Rows": 313920, "Actual Loops": 3924, "Index Cond": "(ps_suppkey = public.supplier.s_suppkey)", "Rows Removed by Index Recheck": 0}]}]}, {"Node Type": "Aggregate", "Strategy": "Hashed", "Parent Relationship": "Outer", "Startup Cost": 45362.35, "Total Cost": 46034.6, "Plan Rows": 53780, "Plan Width": 40, "Actual Startup Time": 2307.103, "Actual Total Time": 2307.103, "Actual Rows": 0, "Actual Loops": 1, "Group By Key": ["public.partsupp.ps_partkey"], "Filter": "(sum((public.partsupp.ps_supplycost * (public.partsupp.ps_availqty)::double precision)) > $1)", "Rows Removed by Filter": 295792, "Plans": [{"Node Type": "Nested Loop", "Parent Relationship": "Outer", "Join Type": "Inner", "Startup Cost": 0.0, "Total Cost": 44421.2, "Plan Rows": 53780, "Plan Width": 24, "Actual Startup Time": 0.082, "Actual Total Time": 782.985, "Actual Rows": 313920, "Actual Loops": 1, "Inner Unique": false, "Plans": [{"Node Type": "Nested Loop", "Parent Relationship": "Outer", "Join Type": "Inner", "Startup Cost": 0.0, "Total Cost": 6597.23, "Plan Rows": 4000, "Plan Width": 8, "Actual Startup Time": 0.064, "Actual Total Time": 84.24, "Actual Rows": 3924, "Actual Loops": 1, "Inner Unique": false, "Join Filter": "(public.supplier.s_nationkey = public.nation.n_nationkey)", "Rows Removed by Join Filter": 96076, "Plans": [{"Node Type": "Index Scan", "Parent Relationship": "Outer", "Scan Direction": "Forward", "Index Name": "nation_pkey", "Relation Name": "nation", "Alias": "nation", "Startup Cost": 0.0, "Total Cost": 12.69, "Plan Rows": 1, "Plan Width": 4, "Actual Startup Time": 0.03, "Actual Total Time": 0.042, "Actual Rows": 1, "Actual Loops": 1, "Filter": "(n_name = 'MOZAMBIQUE'::bpchar)", "Rows Removed by Filter": 24}, {"Node Type": "Index Scan", "Parent Relationship": "Inner", "Scan Direction": "Forward", "Index Name": "supplier_pkey", "Relation Name": "supplier", "Alias": "supplier", "Startup Cost": 0.0, "Total Cost": 5334.54, "Plan Rows": 100000, "Plan Width": 12, "Actual Startup Time": 0.017, "Actual Total Time": 60.351, "Actual Rows": 100000, "Actual Loops": 1}]}, {"Node Type": "Index Scan", "Parent Relationship": "Inner", "Scan Direction": "Forward", "Index Name": "idx_partsupp_suppkey", "Relation Name": "partsupp", "Alias": "partsupp", "Startup Cost": 0.0, "Total Cost": 9.33, "Plan Rows": 13, "Plan Width": 32, "Actual Startup Time": 49.971, "Actual Total Time": 626.737, "Actual Rows": 313920, "Actual Loops": 3924, "Index Cond": "(ps_suppkey = public.supplier.s_suppkey)", "Rows Removed by Index Recheck": 0}]}]}]}, "Triggers": [], "Planner Runtime": 0, "Total Runtime": 2307.885, "Unique SQL Id": 2932834211}}, "(64, 30)": {"explain_plan": {"Plan": {"Node Type": "Sort", "Startup Cost": 2471496.64, "Total Cost": 2471631.09, "Plan Rows": 53780, "Plan Width": 40, "Sort Key": ["(sum((public.partsupp.ps_supplycost * (public.partsupp.ps_availqty)::double precision))) DESC"], "Plans": [{"Node Type": "Aggregate", "Strategy": "Plain", "Parent Relationship": "exec_init_plan", "Subplan Name": "InitPlan 1 (returns $0)", "Startup Cost": 1233030.44, "Total Cost": 1233030.45, "Plan Rows": 1, "Plan Width": 24, "Plans": [{"Node Type": "Merge Join", "Parent Relationship": "Outer", "Join Type": "Inner", "Startup Cost": 1192069.85, "Total Cost": 1232627.09, "Plan Rows": 53780, "Plan Width": 16, "Inner Unique": false, "Merge Cond": "(public.supplier.s_suppkey = public.partsupp.ps_suppkey)", "Plans": [{"Node Type": "Sort", "Parent Relationship": "Outer", "Startup Cost": 4773.63, "Total Cost": 4783.63, "Plan Rows": 4000, "Plan Width": 8, "Sort Key": ["public.supplier.s_suppkey"], "Plans": [{"Node Type": "Nested Loop", "Parent Relationship": "Outer", "Join Type": "Inner", "Startup Cost": 0.0, "Total Cost": 4534.31, "Plan Rows": 4000, "Plan Width": 8, "Inner Unique": false, "Join Filter": "(public.supplier.s_nationkey = public.nation.n_nationkey)", "Plans": [{"Node Type": "Seq Scan", "Parent Relationship": "Outer", "Relation Name": "nation", "Alias": "nation", "Startup Cost": 0.0, "Total Cost": 1.31, "Plan Rows": 1, "Plan Width": 4, "Filter": "(n_name = 'MOZAMBIQUE'::bpchar)"}, {"Node Type": "Seq Scan", "Parent Relationship": "Inner", "Relation Name": "supplier", "Alias": "supplier", "Startup Cost": 0.0, "Total Cost": 3283.0, "Plan Rows": 100000, "Plan Width": 12}]}]}, {"Node Type": "Sort", "Parent Relationship": "Inner", "Startup Cost": 1187295.8, "Total Cost": 1207296.73, "Plan Rows": 8000372, "Plan Width": 24, "Sort Key": ["public.partsupp.ps_suppkey"], "Plans": [{"Node Type": "Seq Scan", "Parent Relationship": "Outer", "Relation Name": "partsupp", "Alias": "partsupp", "Startup Cost": 0.0, "Total Cost": 269987.72, "Plan Rows": 8000372, "Plan Width": 24}]}]}]}, {"Node Type": "Aggregate", "Strategy": "Hashed", "Parent Relationship": "Outer", "Startup Cost": 1233568.24, "Total Cost": 1234240.49, "Plan Rows": 53780, "Plan Width": 40, "Group By Key": ["public.partsupp.ps_partkey"], "Filter": "(sum((public.partsupp.ps_supplycost * (public.partsupp.ps_availqty)::double precision)) > $0)", "Plans": [{"Node Type": "Merge Join", "Parent Relationship": "Outer", "Join Type": "Inner", "Startup Cost": 1192069.85, "Total Cost": 1232627.09, "Plan Rows": 53780, "Plan Width": 24, "Inner Unique": false, "Merge Cond": "(public.supplier.s_suppkey = public.partsupp.ps_suppkey)", "Plans": [{"Node Type": "Sort", "Parent Relationship": "Outer", "Startup Cost": 4773.63, "Total Cost": 4783.63, "Plan Rows": 4000, "Plan Width": 8, "Sort Key": ["public.supplier.s_suppkey"], "Plans": [{"Node Type": "Nested Loop", "Parent Relationship": "Outer", "Join Type": "Inner", "Startup Cost": 0.0, "Total Cost": 4534.31, "Plan Rows": 4000, "Plan Width": 8, "Inner Unique": false, "Join Filter": "(public.supplier.s_nationkey = public.nation.n_nationkey)", "Plans": [{"Node Type": "Seq Scan", "Parent Relationship": "Outer", "Relation Name": "nation", "Alias": "nation", "Startup Cost": 0.0, "Total Cost": 1.31, "Plan Rows": 1, "Plan Width": 4, "Filter": "(n_name = 'MOZAMBIQUE'::bpchar)"}, {"Node Type": "Seq Scan", "Parent Relationship": "Inner", "Relation Name": "supplier", "Alias": "supplier", "Startup Cost": 0.0, "Total Cost": 3283.0, "Plan Rows": 100000, "Plan Width": 12}]}]}, {"Node Type": "Sort", "Parent Relationship": "Inner", "Startup Cost": 1187295.8, "Total Cost": 1207296.73, "Plan Rows": 8000372, "Plan Width": 32, "Sort Key": ["public.partsupp.ps_suppkey"], "Plans": [{"Node Type": "Seq Scan", "Parent Relationship": "Outer", "Relation Name": "partsupp", "Alias": "partsupp", "Startup Cost": 0.0, "Total Cost": 269987.72, "Plan Rows": 8000372, "Plan Width": 32}]}]}]}]}, "Unique SQL Id": 2932834211, "Planner Runtime": 1}, "explain_analyze_plan": null}, "(64, 31)": {"explain_plan": {"Plan": {"Node Type": "Sort", "Startup Cost": 6001104432332.89, "Total Cost": 6001104432467.34, "Plan Rows": 53780, "Plan Width": 40, "Sort Key": ["(sum((public.partsupp.ps_supplycost * (public.partsupp.ps_availqty)::double precision))) DESC"], "Plans": [{"Node Type": "Aggregate", "Strategy": "Plain", "Parent Relationship": "exec_init_plan", "Subplan Name": "InitPlan 1 (returns $0)", "Startup Cost": 3000580719437.25, "Total Cost": 3000580719437.27, "Plan Rows": 1, "Plan Width": 24, "Plans": [{"Node Type": "Nested Loop", "Parent Relationship": "Outer", "Join Type": "Inner", "Startup Cost": 30000000000.0, "Total Cost": 3000580719033.9, "Plan Rows": 53780, "Plan Width": 16, "Inner Unique": false, "Join Filter": "(public.supplier.s_suppkey = public.partsupp.ps_suppkey)", "Plans": [{"Node Type": "Index Scan", "Parent Relationship": "Outer", "Scan Direction": "Forward", "Index Name": "idx_partsupp_suppkey", "Relation Name": "partsupp", "Alias": "partsupp", "Startup Cost": 10000000000.0, "Total Cost": 1000100160480.77, "Plan Rows": 8000372, "Plan Width": 24}, {"Node Type": "Materialize", "Parent Relationship": "Inner", "Startup Cost": 20000000000.0, "Total Cost": 2000000536243.13, "Plan Rows": 4000, "Plan Width": 8, "Plans": [{"Node Type": "Nested Loop", "Parent Relationship": "Outer", "Join Type": "Inner", "Startup Cost": 20000000000.0, "Total Cost": 2000000536223.13, "Plan Rows": 4000, "Plan Width": 8, "Inner Unique": true, "Join Filter": "(public.supplier.s_nationkey = public.nation.n_nationkey)", "Plans": [{"Node Type": "Index Scan", "Parent Relationship": "Outer", "Scan Direction": "Forward", "Index Name": "supplier_pkey", "Relation Name": "supplier", "Alias": "supplier", "Startup Cost": 10000000000.0, "Total Cost": 1000000533454.38, "Plan Rows": 100000, "Plan Width": 12}, {"Node Type": "Materialize", "Parent Relationship": "Inner", "Startup Cost": 10000000000.0, "Total Cost": 1000000001268.76, "Plan Rows": 1, "Plan Width": 4, "Plans": [{"Node Type": "Index Scan", "Parent Relationship": "Outer", "Scan Direction": "Forward", "Index Name": "nation_pkey", "Relation Name": "nation", "Alias": "nation", "Startup Cost": 10000000000.0, "Total Cost": 1000000001268.75, "Plan Rows": 1, "Plan Width": 4, "Filter": "(n_name = 'MOZAMBIQUE'::bpchar)"}]}]}]}]}]}, {"Node Type": "Aggregate", "Strategy": "Hashed", "Parent Relationship": "Outer", "Startup Cost": 3000523707997.67, "Total Cost": 3000523708669.92, "Plan Rows": 53780, "Plan Width": 40, "Group By Key": ["public.partsupp.ps_partkey"], "Filter": "(sum((public.partsupp.ps_supplycost * (public.partsupp.ps_availqty)::double precision)) > $0)", "Plans": [{"Node Type": "Nested Loop", "Parent Relationship": "Outer", "Join Type": "Inner", "Startup Cost": 30000000000.0, "Total Cost": 3000523707056.51, "Plan Rows": 53780, "Plan Width": 24, "Inner Unique": false, "Join Filter": "(public.supplier.s_suppkey = public.partsupp.ps_suppkey)", "Plans": [{"Node Type": "Index Scan", "Parent Relationship": "Outer", "Scan Direction": "Forward", "Index Name": "idx_partsupp_partkey", "Relation Name": "partsupp", "Alias": "partsupp", "Startup Cost": 10000000000.0, "Total Cost": 1000043148503.38, "Plan Rows": 8000372, "Plan Width": 32}, {"Node Type": "Materialize", "Parent Relationship": "Inner", "Startup Cost": 20000000000.0, "Total Cost": 2000000536243.13, "Plan Rows": 4000, "Plan Width": 8, "Plans": [{"Node Type": "Nested Loop", "Parent Relationship": "Outer", "Join Type": "Inner", "Startup Cost": 20000000000.0, "Total Cost": 2000000536223.13, "Plan Rows": 4000, "Plan Width": 8, "Inner Unique": true, "Join Filter": "(public.supplier.s_nationkey = public.nation.n_nationkey)", "Plans": [{"Node Type": "Index Scan", "Parent Relationship": "Outer", "Scan Direction": "Forward", "Index Name": "supplier_pkey", "Relation Name": "supplier", "Alias": "supplier", "Startup Cost": 10000000000.0, "Total Cost": 1000000533454.38, "Plan Rows": 100000, "Plan Width": 12}, {"Node Type": "Materialize", "Parent Relationship": "Inner", "Startup Cost": 10000000000.0, "Total Cost": 1000000001268.76, "Plan Rows": 1, "Plan Width": 4, "Plans": [{"Node Type": "Index Scan", "Parent Relationship": "Outer", "Scan Direction": "Forward", "Index Name": "nation_pkey", "Relation Name": "nation", "Alias": "nation", "Startup Cost": 10000000000.0, "Total Cost": 1000000001268.75, "Plan Rows": 1, "Plan Width": 4, "Filter": "(n_name = 'MOZAMBIQUE'::bpchar)"}]}]}]}]}]}]}, "Unique SQL Id": 2932834211, "Planner Runtime": 1}, "explain_analyze_plan": null}, "(64, 32)": {"explain_plan": {"Plan": {"Node Type": "Sort", "Startup Cost": 86957.11, "Total Cost": 87091.56, "Plan Rows": 53780, "Plan Width": 40, "Sort Key": ["(sum((public.partsupp.ps_supplycost * (public.partsupp.ps_availqty)::double precision))) DESC"], "Plans": [{"Node Type": "Aggregate", "Strategy": "Plain", "Parent Relationship": "exec_init_plan", "Subplan Name": "InitPlan 1 (returns $2)", "Startup Cost": 40760.67, "Total Cost": 40760.68, "Plan Rows": 1, "Plan Width": 24, "Plans": [{"Node Type": "Nested Loop", "Parent Relationship": "Outer", "Join Type": "Inner", "Startup Cost": 95.25, "Total Cost": 40357.32, "Plan Rows": 53780, "Plan Width": 16, "Inner Unique": false, "Plans": [{"Node Type": "Nested Loop", "Parent Relationship": "Outer", "Join Type": "Inner", "Startup Cost": 95.25, "Total Cost": 2533.35, "Plan Rows": 4000, "Plan Width": 8, "Inner Unique": false, "Plans": [{"Node Type": "Seq Scan", "Parent Relationship": "Outer", "Relation Name": "nation", "Alias": "nation", "Startup Cost": 0.0, "Total Cost": 1.31, "Plan Rows": 1, "Plan Width": 4, "Filter": "(n_name = 'MOZAMBIQUE'::bpchar)"}, {"Node Type": "Bitmap Heap Scan", "Parent Relationship": "Inner", "Relation Name": "supplier", "Alias": "supplier", "Startup Cost": 95.25, "Total Cost": 2492.04, "Plan Rows": 4000, "Plan Width": 12, "Recheck Cond": "(s_nationkey = public.nation.n_nationkey)", "Plans": [{"Node Type": "Bitmap Index Scan", "Parent Relationship": "Outer", "Index Name": "idx_supplier_nation_key", "Startup Cost": 0.0, "Total Cost": 94.25, "Plan Rows": 4000, "Plan Width": 0, "Index Cond": "(s_nationkey = public.nation.n_nationkey)"}]}]}, {"Node Type": "Index Scan", "Parent Relationship": "Inner", "Scan Direction": "Forward", "Index Name": "idx_partsupp_suppkey", "Relation Name": "partsupp", "Alias": "partsupp", "Startup Cost": 0.0, "Total Cost": 9.33, "Plan Rows": 13, "Plan Width": 24, "Index Cond": "(ps_suppkey = public.supplier.s_suppkey)"}]}]}, {"Node Type": "Aggregate", "Strategy": "Hashed", "Parent Relationship": "Outer", "Startup Cost": 41298.47, "Total Cost": 41970.72, "Plan Rows": 53780, "Plan Width": 40, "Group By Key": ["public.partsupp.ps_partkey"], "Filter": "(sum((public.partsupp.ps_supplycost * (public.partsupp.ps_availqty)::double precision)) > $2)", "Plans": [{"Node Type": "Nested Loop", "Parent Relationship": "Outer", "Join Type": "Inner", "Startup Cost": 95.25, "Total Cost": 40357.32, "Plan Rows": 53780, "Plan Width": 24, "Inner Unique": false, "Plans": [{"Node Type": "Nested Loop", "Parent Relationship": "Outer", "Join Type": "Inner", "Startup Cost": 95.25, "Total Cost": 2533.35, "Plan Rows": 4000, "Plan Width": 8, "Inner Unique": false, "Plans": [{"Node Type": "Seq Scan", "Parent Relationship": "Outer", "Relation Name": "nation", "Alias": "nation", "Startup Cost": 0.0, "Total Cost": 1.31, "Plan Rows": 1, "Plan Width": 4, "Filter": "(n_name = 'MOZAMBIQUE'::bpchar)"}, {"Node Type": "Bitmap Heap Scan", "Parent Relationship": "Inner", "Relation Name": "supplier", "Alias": "supplier", "Startup Cost": 95.25, "Total Cost": 2492.04, "Plan Rows": 4000, "Plan Width": 12, "Recheck Cond": "(s_nationkey = public.nation.n_nationkey)", "Plans": [{"Node Type": "Bitmap Index Scan", "Parent Relationship": "Outer", "Index Name": "idx_supplier_nation_key", "Startup Cost": 0.0, "Total Cost": 94.25, "Plan Rows": 4000, "Plan Width": 0, "Index Cond": "(s_nationkey = public.nation.n_nationkey)"}]}]}, {"Node Type": "Index Scan", "Parent Relationship": "Inner", "Scan Direction": "Forward", "Index Name": "idx_partsupp_suppkey", "Relation Name": "partsupp", "Alias": "partsupp", "Startup Cost": 0.0, "Total Cost": 9.33, "Plan Rows": 13, "Plan Width": 32, "Index Cond": "(ps_suppkey = public.supplier.s_suppkey)"}]}]}]}, "Unique SQL Id": 2932834211, "Planner Runtime": 0}, "explain_analyze_plan": {"Plan": {"Node Type": "Sort", "Startup Cost": 86957.11, "Total Cost": 87091.56, "Plan Rows": 53780, "Plan Width": 40, "Actual Startup Time": 1757.818, "Actual Total Time": 1757.818, "Actual Rows": 0, "Actual Loops": 1, "Sort Key": ["(sum((public.partsupp.ps_supplycost * (public.partsupp.ps_availqty)::double precision))) DESC"], "Sort Method": "quicksort", "Sort Space Used": 25, "Sort Space Type": "Memory", "Plans": [{"Node Type": "Aggregate", "Strategy": "Plain", "Parent Relationship": "exec_init_plan", "Subplan Name": "InitPlan 1 (returns $2)", "Startup Cost": 40760.67, "Total Cost": 40760.68, "Plan Rows": 1, "Plan Width": 24, "Actual Startup Time": 685.274, "Actual Total Time": 685.274, "Actual Rows": 1, "Actual Loops": 1, "Plans": [{"Node Type": "Nested Loop", "Parent Relationship": "Outer", "Join Type": "Inner", "Startup Cost": 95.25, "Total Cost": 40357.32, "Plan Rows": 53780, "Plan Width": 16, "Actual Startup Time": 0.989, "Actual Total Time": 550.199, "Actual Rows": 313920, "Actual Loops": 1, "Inner Unique": false, "Plans": [{"Node Type": "Nested Loop", "Parent Relationship": "Outer", "Join Type": "Inner", "Startup Cost": 95.25, "Total Cost": 2533.35, "Plan Rows": 4000, "Plan Width": 8, "Actual Startup Time": 0.963, "Actual Total Time": 7.289, "Actual Rows": 3924, "Actual Loops": 1, "Inner Unique": false, "Plans": [{"Node Type": "Seq Scan", "Parent Relationship": "Outer", "Relation Name": "nation", "Alias": "nation", "Startup Cost": 0.0, "Total Cost": 1.31, "Plan Rows": 1, "Plan Width": 4, "Actual Startup Time": 0.043, "Actual Total Time": 0.055, "Actual Rows": 1, "Actual Loops": 1, "Filter": "(n_name = 'MOZAMBIQUE'::bpchar)", "Rows Removed by Filter": 24}, {"Node Type": "Bitmap Heap Scan", "Parent Relationship": "Inner", "Relation Name": "supplier", "Alias": "supplier", "Startup Cost": 95.25, "Total Cost": 2492.04, "Plan Rows": 4000, "Plan Width": 12, "Actual Startup Time": 0.903, "Actual Total Time": 6.347, "Actual Rows": 3924, "Actual Loops": 1, "Recheck Cond": "(s_nationkey = public.nation.n_nationkey)", "Rows Removed by Index Recheck": 0, "Exact Heap Blocks": 1895, "Lossy Heap Blocks": 1895, "Plans": [{"Node Type": "Bitmap Index Scan", "Parent Relationship": "Outer", "Index Name": "idx_supplier_nation_key", "Startup Cost": 0.0, "Total Cost": 94.25, "Plan Rows": 4000, "Plan Width": 0, "Actual Startup Time": 0.624, "Actual Total Time": 0.624, "Actual Rows": 3924, "Actual Loops": 1, "Index Cond": "(s_nationkey = public.nation.n_nationkey)"}]}]}, {"Node Type": "Index Scan", "Parent Relationship": "Inner", "Scan Direction": "Forward", "Index Name": "idx_partsupp_suppkey", "Relation Name": "partsupp", "Alias": "partsupp", "Startup Cost": 0.0, "Total Cost": 9.33, "Plan Rows": 13, "Plan Width": 24, "Actual Startup Time": 41.836, "Actual Total Time": 476.637, "Actual Rows": 313920, "Actual Loops": 3924, "Index Cond": "(ps_suppkey = public.supplier.s_suppkey)", "Rows Removed by Index Recheck": 0}]}]}, {"Node Type": "Aggregate", "Strategy": "Hashed", "Parent Relationship": "Outer", "Startup Cost": 41298.47, "Total Cost": 41970.72, "Plan Rows": 53780, "Plan Width": 40, "Actual Startup Time": 1757.278, "Actual Total Time": 1757.278, "Actual Rows": 0, "Actual Loops": 1, "Group By Key": ["public.partsupp.ps_partkey"], "Filter": "(sum((public.partsupp.ps_supplycost * (public.partsupp.ps_availqty)::double precision)) > $2)", "Rows Removed by Filter": 295792, "Plans": [{"Node Type": "Nested Loop", "Parent Relationship": "Outer", "Join Type": "Inner", "Startup Cost": 95.25, "Total Cost": 40357.32, "Plan Rows": 53780, "Plan Width": 24, "Actual Startup Time": 0.989, "Actual Total Time": 653.431, "Actual Rows": 313920, "Actual Loops": 1, "Inner Unique": false, "Plans": [{"Node Type": "Nested Loop", "Parent Relationship": "Outer", "Join Type": "Inner", "Startup Cost": 95.25, "Total Cost": 2533.35, "Plan Rows": 4000, "Plan Width": 8, "Actual Startup Time": 0.965, "Actual Total Time": 8.619, "Actual Rows": 3924, "Actual Loops": 1, "Inner Unique": false, "Plans": [{"Node Type": "Seq Scan", "Parent Relationship": "Outer", "Relation Name": "nation", "Alias": "nation", "Startup Cost": 0.0, "Total Cost": 1.31, "Plan Rows": 1, "Plan Width": 4, "Actual Startup Time": 0.03, "Actual Total Time": 0.047, "Actual Rows": 1, "Actual Loops": 1, "Filter": "(n_name = 'MOZAMBIQUE'::bpchar)", "Rows Removed by Filter": 24}, {"Node Type": "Bitmap Heap Scan", "Parent Relationship": "Inner", "Relation Name": "supplier", "Alias": "supplier", "Startup Cost": 95.25, "Total Cost": 2492.04, "Plan Rows": 4000, "Plan Width": 12, "Actual Startup Time": 0.928, "Actual Total Time": 7.555, "Actual Rows": 3924, "Actual Loops": 1, "Recheck Cond": "(s_nationkey = public.nation.n_nationkey)", "Rows Removed by Index Recheck": 0, "Exact Heap Blocks": 1895, "Lossy Heap Blocks": 1895, "Plans": [{"Node Type": "Bitmap Index Scan", "Parent Relationship": "Outer", "Index Name": "idx_supplier_nation_key", "Startup Cost": 0.0, "Total Cost": 94.25, "Plan Rows": 4000, "Plan Width": 0, "Actual Startup Time": 0.644, "Actual Total Time": 0.644, "Actual Rows": 3924, "Actual Loops": 1, "Index Cond": "(s_nationkey = public.nation.n_nationkey)"}]}]}, {"Node Type": "Index Scan", "Parent Relationship": "Inner", "Scan Direction": "Forward", "Index Name": "idx_partsupp_suppkey", "Relation Name": "partsupp", "Alias": "partsupp", "Startup Cost": 0.0, "Total Cost": 9.33, "Plan Rows": 13, "Plan Width": 32, "Actual Startup Time": 48.203, "Actual Total Time": 572.851, "Actual Rows": 313920, "Actual Loops": 3924, "Index Cond": "(ps_suppkey = public.supplier.s_suppkey)", "Rows Removed by Index Recheck": 0}]}]}]}, "Triggers": [], "Planner Runtime": 0, "Total Runtime": 1758.153, "Unique SQL Id": 2932834211}}, "(64, 33)": {"explain_plan": {"Plan": {"Node Type": "Sort", "Startup Cost": 86979.86, "Total Cost": 87114.31, "Plan Rows": 53780, "Plan Width": 40, "Sort Key": ["(sum((public.partsupp.ps_supplycost * (public.partsupp.ps_availqty)::double precision))) DESC"], "Plans": [{"Node Type": "Aggregate", "Strategy": "Plain", "Parent Relationship": "exec_init_plan", "Subplan Name": "InitPlan 1 (returns $2)", "Startup Cost": 40772.04, "Total Cost": 40772.06, "Plan Rows": 1, "Plan Width": 24, "Plans": [{"Node Type": "Nested Loop", "Parent Relationship": "Outer", "Join Type": "Inner", "Startup Cost": 95.25, "Total Cost": 40368.69, "Plan Rows": 53780, "Plan Width": 16, "Inner Unique": false, "Plans": [{"Node Type": "Nested Loop", "Parent Relationship": "Outer", "Join Type": "Inner", "Startup Cost": 95.25, "Total Cost": 2544.73, "Plan Rows": 4000, "Plan Width": 8, "Inner Unique": false, "Plans": [{"Node Type": "Index Scan", "Parent Relationship": "Outer", "Scan Direction": "Forward", "Index Name": "nation_pkey", "Relation Name": "nation", "Alias": "nation", "Startup Cost": 0.0, "Total Cost": 12.69, "Plan Rows": 1, "Plan Width": 4, "Filter": "(n_name = 'MOZAMBIQUE'::bpchar)"}, {"Node Type": "Bitmap Heap Scan", "Parent Relationship": "Inner", "Relation Name": "supplier", "Alias": "supplier", "Startup Cost": 95.25, "Total Cost": 2492.04, "Plan Rows": 4000, "Plan Width": 12, "Recheck Cond": "(s_nationkey = public.nation.n_nationkey)", "Plans": [{"Node Type": "Bitmap Index Scan", "Parent Relationship": "Outer", "Index Name": "idx_supplier_nation_key", "Startup Cost": 0.0, "Total Cost": 94.25, "Plan Rows": 4000, "Plan Width": 0, "Index Cond": "(s_nationkey = public.nation.n_nationkey)"}]}]}, {"Node Type": "Index Scan", "Parent Relationship": "Inner", "Scan Direction": "Forward", "Index Name": "idx_partsupp_suppkey", "Relation Name": "partsupp", "Alias": "partsupp", "Startup Cost": 0.0, "Total Cost": 9.33, "Plan Rows": 13, "Plan Width": 24, "Index Cond": "(ps_suppkey = public.supplier.s_suppkey)"}]}]}, {"Node Type": "Aggregate", "Strategy": "Hashed", "Parent Relationship": "Outer", "Startup Cost": 41309.84, "Total Cost": 41982.09, "Plan Rows": 53780, "Plan Width": 40, "Group By Key": ["public.partsupp.ps_partkey"], "Filter": "(sum((public.partsupp.ps_supplycost * (public.partsupp.ps_availqty)::double precision)) > $2)", "Plans": [{"Node Type": "Nested Loop", "Parent Relationship": "Outer", "Join Type": "Inner", "Startup Cost": 95.25, "Total Cost": 40368.69, "Plan Rows": 53780, "Plan Width": 24, "Inner Unique": false, "Plans": [{"Node Type": "Nested Loop", "Parent Relationship": "Outer", "Join Type": "Inner", "Startup Cost": 95.25, "Total Cost": 2544.73, "Plan Rows": 4000, "Plan Width": 8, "Inner Unique": false, "Plans": [{"Node Type": "Index Scan", "Parent Relationship": "Outer", "Scan Direction": "Forward", "Index Name": "nation_pkey", "Relation Name": "nation", "Alias": "nation", "Startup Cost": 0.0, "Total Cost": 12.69, "Plan Rows": 1, "Plan Width": 4, "Filter": "(n_name = 'MOZAMBIQUE'::bpchar)"}, {"Node Type": "Bitmap Heap Scan", "Parent Relationship": "Inner", "Relation Name": "supplier", "Alias": "supplier", "Startup Cost": 95.25, "Total Cost": 2492.04, "Plan Rows": 4000, "Plan Width": 12, "Recheck Cond": "(s_nationkey = public.nation.n_nationkey)", "Plans": [{"Node Type": "Bitmap Index Scan", "Parent Relationship": "Outer", "Index Name": "idx_supplier_nation_key", "Startup Cost": 0.0, "Total Cost": 94.25, "Plan Rows": 4000, "Plan Width": 0, "Index Cond": "(s_nationkey = public.nation.n_nationkey)"}]}]}, {"Node Type": "Index Scan", "Parent Relationship": "Inner", "Scan Direction": "Forward", "Index Name": "idx_partsupp_suppkey", "Relation Name": "partsupp", "Alias": "partsupp", "Startup Cost": 0.0, "Total Cost": 9.33, "Plan Rows": 13, "Plan Width": 32, "Index Cond": "(ps_suppkey = public.supplier.s_suppkey)"}]}]}]}, "Unique SQL Id": 2932834211, "Planner Runtime": 0}, "explain_analyze_plan": {"Plan": {"Node Type": "Sort", "Startup Cost": 86979.86, "Total Cost": 87114.31, "Plan Rows": 53780, "Plan Width": 40, "Actual Startup Time": 1762.834, "Actual Total Time": 1762.834, "Actual Rows": 0, "Actual Loops": 1, "Sort Key": ["(sum((public.partsupp.ps_supplycost * (public.partsupp.ps_availqty)::double precision))) DESC"], "Sort Method": "quicksort", "Sort Space Used": 25, "Sort Space Type": "Memory", "Plans": [{"Node Type": "Aggregate", "Strategy": "Plain", "Parent Relationship": "exec_init_plan", "Subplan Name": "InitPlan 1 (returns $2)", "Startup Cost": 40772.04, "Total Cost": 40772.06, "Plan Rows": 1, "Plan Width": 24, "Actual Startup Time": 757.478, "Actual Total Time": 757.478, "Actual Rows": 1, "Actual Loops": 1, "Plans": [{"Node Type": "Nested Loop", "Parent Relationship": "Outer", "Join Type": "Inner", "Startup Cost": 95.25, "Total Cost": 40368.69, "Plan Rows": 53780, "Plan Width": 16, "Actual Startup Time": 0.979, "Actual Total Time": 621.76, "Actual Rows": 313920, "Actual Loops": 1, "Inner Unique": false, "Plans": [{"Node Type": "Nested Loop", "Parent Relationship": "Outer", "Join Type": "Inner", "Startup Cost": 95.25, "Total Cost": 2544.73, "Plan Rows": 4000, "Plan Width": 8, "Actual Startup Time": 0.958, "Actual Total Time": 8.05, "Actual Rows": 3924, "Actual Loops": 1, "Inner Unique": false, "Plans": [{"Node Type": "Index Scan", "Parent Relationship": "Outer", "Scan Direction": "Forward", "Index Name": "nation_pkey", "Relation Name": "nation", "Alias": "nation", "Startup Cost": 0.0, "Total Cost": 12.69, "Plan Rows": 1, "Plan Width": 4, "Actual Startup Time": 0.038, "Actual Total Time": 0.053, "Actual Rows": 1, "Actual Loops": 1, "Filter": "(n_name = 'MOZAMBIQUE'::bpchar)", "Rows Removed by Filter": 24}, {"Node Type": "Bitmap Heap Scan", "Parent Relationship": "Inner", "Relation Name": "supplier", "Alias": "supplier", "Startup Cost": 95.25, "Total Cost": 2492.04, "Plan Rows": 4000, "Plan Width": 12, "Actual Startup Time": 0.903, "Actual Total Time": 7.053, "Actual Rows": 3924, "Actual Loops": 1, "Recheck Cond": "(s_nationkey = public.nation.n_nationkey)", "Rows Removed by Index Recheck": 0, "Exact Heap Blocks": 1895, "Lossy Heap Blocks": 1895, "Plans": [{"Node Type": "Bitmap Index Scan", "Parent Relationship": "Outer", "Index Name": "idx_supplier_nation_key", "Startup Cost": 0.0, "Total Cost": 94.25, "Plan Rows": 4000, "Plan Width": 0, "Actual Startup Time": 0.627, "Actual Total Time": 0.627, "Actual Rows": 3924, "Actual Loops": 1, "Index Cond": "(s_nationkey = public.nation.n_nationkey)"}]}]}, {"Node Type": "Index Scan", "Parent Relationship": "Inner", "Scan Direction": "Forward", "Index Name": "idx_partsupp_suppkey", "Relation Name": "partsupp", "Alias": "partsupp", "Startup Cost": 0.0, "Total Cost": 9.33, "Plan Rows": 13, "Plan Width": 24, "Actual Startup Time": 46.082, "Actual Total Time": 547.337, "Actual Rows": 313920, "Actual Loops": 3924, "Index Cond": "(ps_suppkey = public.supplier.s_suppkey)", "Rows Removed by Index Recheck": 0}]}]}, {"Node Type": "Aggregate", "Strategy": "Hashed", "Parent Relationship": "Outer", "Startup Cost": 41309.84, "Total Cost": 41982.09, "Plan Rows": 53780, "Plan Width": 40, "Actual Startup Time": 1762.251, "Actual Total Time": 1762.251, "Actual Rows": 0, "Actual Loops": 1, "Group By Key": ["public.partsupp.ps_partkey"], "Filter": "(sum((public.partsupp.ps_supplycost * (public.partsupp.ps_availqty)::double precision)) > $2)", "Rows Removed by Filter": 295792, "Plans": [{"Node Type": "Nested Loop", "Parent Relationship": "Outer", "Join Type": "Inner", "Startup Cost": 95.25, "Total Cost": 40368.69, "Plan Rows": 53780, "Plan Width": 24, "Actual Startup Time": 0.974, "Actual Total Time": 574.222, "Actual Rows": 313920, "Actual Loops": 1, "Inner Unique": false, "Plans": [{"Node Type": "Nested Loop", "Parent Relationship": "Outer", "Join Type": "Inner", "Startup Cost": 95.25, "Total Cost": 2544.73, "Plan Rows": 4000, "Plan Width": 8, "Actual Startup Time": 0.951, "Actual Total Time": 7.662, "Actual Rows": 3924, "Actual Loops": 1, "Inner Unique": false, "Plans": [{"Node Type": "Index Scan", "Parent Relationship": "Outer", "Scan Direction": "Forward", "Index Name": "nation_pkey", "Relation Name": "nation", "Alias": "nation", "Startup Cost": 0.0, "Total Cost": 12.69, "Plan Rows": 1, "Plan Width": 4, "Actual Startup Time": 0.031, "Actual Total Time": 0.042, "Actual Rows": 1, "Actual Loops": 1, "Filter": "(n_name = 'MOZAMBIQUE'::bpchar)", "Rows Removed by Filter": 24}, {"Node Type": "Bitmap Heap Scan", "Parent Relationship": "Inner", "Relation Name": "supplier", "Alias": "supplier", "Startup Cost": 95.25, "Total Cost": 2492.04, "Plan Rows": 4000, "Plan Width": 12, "Actual Startup Time": 0.913, "Actual Total Time": 6.701, "Actual Rows": 3924, "Actual Loops": 1, "Recheck Cond": "(s_nationkey = public.nation.n_nationkey)", "Rows Removed by Index Recheck": 0, "Exact Heap Blocks": 1895, "Lossy Heap Blocks": 1895, "Plans": [{"Node Type": "Bitmap Index Scan", "Parent Relationship": "Outer", "Index Name": "idx_supplier_nation_key", "Startup Cost": 0.0, "Total Cost": 94.25, "Plan Rows": 4000, "Plan Width": 0, "Actual Startup Time": 0.621, "Actual Total Time": 0.621, "Actual Rows": 3924, "Actual Loops": 1, "Index Cond": "(s_nationkey = public.nation.n_nationkey)"}]}]}, {"Node Type": "Index Scan", "Parent Relationship": "Inner", "Scan Direction": "Forward", "Index Name": "idx_partsupp_suppkey", "Relation Name": "partsupp", "Alias": "partsupp", "Startup Cost": 0.0, "Total Cost": 9.33, "Plan Rows": 13, "Plan Width": 32, "Actual Startup Time": 43.059, "Actual Total Time": 494.357, "Actual Rows": 313920, "Actual Loops": 3924, "Index Cond": "(ps_suppkey = public.supplier.s_suppkey)", "Rows Removed by Index Recheck": 0}]}]}]}, "Triggers": [], "Planner Runtime": 0, "Total Runtime": 1763.161, "Unique SQL Id": 2932834211}}, "(64, 34)": {"explain_plan": {"Plan": {"Node Type": "Sort", "Startup Cost": 90032.55, "Total Cost": 90167.0, "Plan Rows": 53780, "Plan Width": 40, "Sort Key": ["(sum((public.partsupp.ps_supplycost * (public.partsupp.ps_availqty)::double precision))) DESC"], "Plans": [{"Node Type": "Aggregate", "Strategy": "Plain", "Parent Relationship": "exec_init_plan", "Subplan Name": "InitPlan 1 (returns $2)", "Startup Cost": 42298.39, "Total Cost": 42298.4, "Plan Rows": 1, "Plan Width": 24, "Plans": [{"Node Type": "Nested Loop", "Parent Relationship": "Outer", "Join Type": "Inner", "Startup Cost": 96.82, "Total Cost": 41895.04, "Plan Rows": 53780, "Plan Width": 16, "Inner Unique": false, "Plans": [{"Node Type": "Nested Loop", "Parent Relationship": "Outer", "Join Type": "Inner", "Startup Cost": 95.25, "Total Cost": 2533.35, "Plan Rows": 4000, "Plan Width": 8, "Inner Unique": false, "Plans": [{"Node Type": "Seq Scan", "Parent Relationship": "Outer", "Relation Name": "nation", "Alias": "nation", "Startup Cost": 0.0, "Total Cost": 1.31, "Plan Rows": 1, "Plan Width": 4, "Filter": "(n_name = 'MOZAMBIQUE'::bpchar)"}, {"Node Type": "Bitmap Heap Scan", "Parent Relationship": "Inner", "Relation Name": "supplier", "Alias": "supplier", "Startup Cost": 95.25, "Total Cost": 2492.04, "Plan Rows": 4000, "Plan Width": 12, "Recheck Cond": "(s_nationkey = public.nation.n_nationkey)", "Plans": [{"Node Type": "Bitmap Index Scan", "Parent Relationship": "Outer", "Index Name": "idx_supplier_nation_key", "Startup Cost": 0.0, "Total Cost": 94.25, "Plan Rows": 4000, "Plan Width": 0, "Index Cond": "(s_nationkey = public.nation.n_nationkey)"}]}]}, {"Node Type": "Bitmap Heap Scan", "Parent Relationship": "Inner", "Relation Name": "partsupp", "Alias": "partsupp", "Startup Cost": 1.57, "Total Cost": 9.71, "Plan Rows": 13, "Plan Width": 24, "Recheck Cond": "(ps_suppkey = public.supplier.s_suppkey)", "Plans": [{"Node Type": "Bitmap Index Scan", "Parent Relationship": "Outer", "Index Name": "idx_partsupp_suppkey", "Startup Cost": 0.0, "Total Cost": 1.56, "Plan Rows": 13, "Plan Width": 0, "Index Cond": "(ps_suppkey = public.supplier.s_suppkey)"}]}]}]}, {"Node Type": "Aggregate", "Strategy": "Hashed", "Parent Relationship": "Outer", "Startup Cost": 42836.19, "Total Cost": 43508.44, "Plan Rows": 53780, "Plan Width": 40, "Group By Key": ["public.partsupp.ps_partkey"], "Filter": "(sum((public.partsupp.ps_supplycost * (public.partsupp.ps_availqty)::double precision)) > $2)", "Plans": [{"Node Type": "Nested Loop", "Parent Relationship": "Outer", "Join Type": "Inner", "Startup Cost": 96.82, "Total Cost": 41895.04, "Plan Rows": 53780, "Plan Width": 24, "Inner Unique": false, "Plans": [{"Node Type": "Nested Loop", "Parent Relationship": "Outer", "Join Type": "Inner", "Startup Cost": 95.25, "Total Cost": 2533.35, "Plan Rows": 4000, "Plan Width": 8, "Inner Unique": false, "Plans": [{"Node Type": "Seq Scan", "Parent Relationship": "Outer", "Relation Name": "nation", "Alias": "nation", "Startup Cost": 0.0, "Total Cost": 1.31, "Plan Rows": 1, "Plan Width": 4, "Filter": "(n_name = 'MOZAMBIQUE'::bpchar)"}, {"Node Type": "Bitmap Heap Scan", "Parent Relationship": "Inner", "Relation Name": "supplier", "Alias": "supplier", "Startup Cost": 95.25, "Total Cost": 2492.04, "Plan Rows": 4000, "Plan Width": 12, "Recheck Cond": "(s_nationkey = public.nation.n_nationkey)", "Plans": [{"Node Type": "Bitmap Index Scan", "Parent Relationship": "Outer", "Index Name": "idx_supplier_nation_key", "Startup Cost": 0.0, "Total Cost": 94.25, "Plan Rows": 4000, "Plan Width": 0, "Index Cond": "(s_nationkey = public.nation.n_nationkey)"}]}]}, {"Node Type": "Bitmap Heap Scan", "Parent Relationship": "Inner", "Relation Name": "partsupp", "Alias": "partsupp", "Startup Cost": 1.57, "Total Cost": 9.71, "Plan Rows": 13, "Plan Width": 32, "Recheck Cond": "(ps_suppkey = public.supplier.s_suppkey)", "Plans": [{"Node Type": "Bitmap Index Scan", "Parent Relationship": "Outer", "Index Name": "idx_partsupp_suppkey", "Startup Cost": 0.0, "Total Cost": 1.56, "Plan Rows": 13, "Plan Width": 0, "Index Cond": "(ps_suppkey = public.supplier.s_suppkey)"}]}]}]}]}, "Unique SQL Id": 2932834211, "Planner Runtime": 0}, "explain_analyze_plan": {"Plan": {"Node Type": "Sort", "Startup Cost": 90032.55, "Total Cost": 90167.0, "Plan Rows": 53780, "Plan Width": 40, "Actual Startup Time": 1938.442, "Actual Total Time": 1938.442, "Actual Rows": 0, "Actual Loops": 1, "Sort Key": ["(sum((public.partsupp.ps_supplycost * (public.partsupp.ps_availqty)::double precision))) DESC"], "Sort Method": "quicksort", "Sort Space Used": 25, "Sort Space Type": "Memory", "Plans": [{"Node Type": "Aggregate", "Strategy": "Plain", "Parent Relationship": "exec_init_plan", "Subplan Name": "InitPlan 1 (returns $2)", "Startup Cost": 42298.39, "Total Cost": 42298.4, "Plan Rows": 1, "Plan Width": 24, "Actual Startup Time": 849.92, "Actual Total Time": 849.921, "Actual Rows": 1, "Actual Loops": 1, "Plans": [{"Node Type": "Nested Loop", "Parent Relationship": "Outer", "Join Type": "Inner", "Startup Cost": 96.82, "Total Cost": 41895.04, "Plan Rows": 53780, "Plan Width": 16, "Actual Startup Time": 1.032, "Actual Total Time": 721.537, "Actual Rows": 313920, "Actual Loops": 1, "Inner Unique": false, "Plans": [{"Node Type": "Nested Loop", "Parent Relationship": "Outer", "Join Type": "Inner", "Startup Cost": 95.25, "Total Cost": 2533.35, "Plan Rows": 4000, "Plan Width": 8, "Actual Startup Time": 0.983, "Actual Total Time": 7.832, "Actual Rows": 3924, "Actual Loops": 1, "Inner Unique": false, "Plans": [{"Node Type": "Seq Scan", "Parent Relationship": "Outer", "Relation Name": "nation", "Alias": "nation", "Startup Cost": 0.0, "Total Cost": 1.31, "Plan Rows": 1, "Plan Width": 4, "Actual Startup Time": 0.036, "Actual Total Time": 0.051, "Actual Rows": 1, "Actual Loops": 1, "Filter": "(n_name = 'MOZAMBIQUE'::bpchar)", "Rows Removed by Filter": 24}, {"Node Type": "Bitmap Heap Scan", "Parent Relationship": "Inner", "Relation Name": "supplier", "Alias": "supplier", "Startup Cost": 95.25, "Total Cost": 2492.04, "Plan Rows": 4000, "Plan Width": 12, "Actual Startup Time": 0.939, "Actual Total Time": 6.87, "Actual Rows": 3924, "Actual Loops": 1, "Recheck Cond": "(s_nationkey = public.nation.n_nationkey)", "Rows Removed by Index Recheck": 0, "Exact Heap Blocks": 1895, "Lossy Heap Blocks": 1895, "Plans": [{"Node Type": "Bitmap Index Scan", "Parent Relationship": "Outer", "Index Name": "idx_supplier_nation_key", "Startup Cost": 0.0, "Total Cost": 94.25, "Plan Rows": 4000, "Plan Width": 0, "Actual Startup Time": 0.649, "Actual Total Time": 0.649, "Actual Rows": 3924, "Actual Loops": 1, "Index Cond": "(s_nationkey = public.nation.n_nationkey)"}]}]}, {"Node Type": "Bitmap Heap Scan", "Parent Relationship": "Inner", "Relation Name": "partsupp", "Alias": "partsupp", "Startup Cost": 1.57, "Total Cost": 9.71, "Plan Rows": 13, "Plan Width": 24, "Actual Startup Time": 100.697, "Actual Total Time": 646.011, "Actual Rows": 313920, "Actual Loops": 3924, "Recheck Cond": "(ps_suppkey = public.supplier.s_suppkey)", "Rows Removed by Index Recheck": 0, "Exact Heap Blocks": 313920, "Lossy Heap Blocks": 313920, "Plans": [{"Node Type": "Bitmap Index Scan", "Parent Relationship": "Outer", "Index Name": "idx_partsupp_suppkey", "Startup Cost": 0.0, "Total Cost": 1.56, "Plan Rows": 13, "Plan Width": 0, "Actual Startup Time": 62.61, "Actual Total Time": 62.61, "Actual Rows": 313920, "Actual Loops": 3924, "Index Cond": "(ps_suppkey = public.supplier.s_suppkey)"}]}]}]}, {"Node Type": "Aggregate", "Strategy": "Hashed", "Parent Relationship": "Outer", "Startup Cost": 42836.19, "Total Cost": 43508.44, "Plan Rows": 53780, "Plan Width": 40, "Actual Startup Time": 1938.021, "Actual Total Time": 1938.021, "Actual Rows": 0, "Actual Loops": 1, "Group By Key": ["public.partsupp.ps_partkey"], "Filter": "(sum((public.partsupp.ps_supplycost * (public.partsupp.ps_availqty)::double precision)) > $2)", "Rows Removed by Filter": 295792, "Plans": [{"Node Type": "Nested Loop", "Parent Relationship": "Outer", "Join Type": "Inner", "Startup Cost": 96.82, "Total Cost": 41895.04, "Plan Rows": 53780, "Plan Width": 24, "Actual Startup Time": 0.995, "Actual Total Time": 708.938, "Actual Rows": 313920, "Actual Loops": 1, "Inner Unique": false, "Plans": [{"Node Type": "Nested Loop", "Parent Relationship": "Outer", "Join Type": "Inner", "Startup Cost": 95.25, "Total Cost": 2533.35, "Plan Rows": 4000, "Plan Width": 8, "Actual Startup Time": 0.951, "Actual Total Time": 7.412, "Actual Rows": 3924, "Actual Loops": 1, "Inner Unique": false, "Plans": [{"Node Type": "Seq Scan", "Parent Relationship": "Outer", "Relation Name": "nation", "Alias": "nation", "Startup Cost": 0.0, "Total Cost": 1.31, "Plan Rows": 1, "Plan Width": 4, "Actual Startup Time": 0.031, "Actual Total Time": 0.045, "Actual Rows": 1, "Actual Loops": 1, "Filter": "(n_name = 'MOZAMBIQUE'::bpchar)", "Rows Removed by Filter": 24}, {"Node Type": "Bitmap Heap Scan", "Parent Relationship": "Inner", "Relation Name": "supplier", "Alias": "supplier", "Startup Cost": 95.25, "Total Cost": 2492.04, "Plan Rows": 4000, "Plan Width": 12, "Actual Startup Time": 0.912, "Actual Total Time": 6.426, "Actual Rows": 3924, "Actual Loops": 1, "Recheck Cond": "(s_nationkey = public.nation.n_nationkey)", "Rows Removed by Index Recheck": 0, "Exact Heap Blocks": 1895, "Lossy Heap Blocks": 1895, "Plans": [{"Node Type": "Bitmap Index Scan", "Parent Relationship": "Outer", "Index Name": "idx_supplier_nation_key", "Startup Cost": 0.0, "Total Cost": 94.25, "Plan Rows": 4000, "Plan Width": 0, "Actual Startup Time": 0.632, "Actual Total Time": 0.632, "Actual Rows": 3924, "Actual Loops": 1, "Index Cond": "(s_nationkey = public.nation.n_nationkey)"}]}]}, {"Node Type": "Bitmap Heap Scan", "Parent Relationship": "Inner", "Relation Name": "partsupp", "Alias": "partsupp", "Startup Cost": 1.57, "Total Cost": 9.71, "Plan Rows": 13, "Plan Width": 32, "Actual Startup Time": 100.385, "Actual Total Time": 627.624, "Actual Rows": 313920, "Actual Loops": 3924, "Recheck Cond": "(ps_suppkey = public.supplier.s_suppkey)", "Rows Removed by Index Recheck": 0, "Exact Heap Blocks": 313920, "Lossy Heap Blocks": 313920, "Plans": [{"Node Type": "Bitmap Index Scan", "Parent Relationship": "Outer", "Index Name": "idx_partsupp_suppkey", "Startup Cost": 0.0, "Total Cost": 1.56, "Plan Rows": 13, "Plan Width": 0, "Actual Startup Time": 62.318, "Actual Total Time": 62.318, "Actual Rows": 313920, "Actual Loops": 3924, "Index Cond": "(ps_suppkey = public.supplier.s_suppkey)"}]}]}]}]}, "Triggers": [], "Planner Runtime": 0, "Total Runtime": 1938.921, "Unique SQL Id": 2932834211}}, "(64, 35)": {"explain_plan": {"Plan": {"Node Type": "Sort", "Startup Cost": 2000084159245.82, "Total Cost": 2000084159380.27, "Plan Rows": 53780, "Plan Width": 40, "Sort Key": ["(sum((public.partsupp.ps_supplycost * (public.partsupp.ps_availqty)::double precision))) DESC"], "Plans": [{"Node Type": "Aggregate", "Strategy": "Plain", "Parent Relationship": "exec_init_plan", "Subplan Name": "InitPlan 1 (returns $2)", "Startup Cost": 1000001001502.42, "Total Cost": 1000001001502.43, "Plan Rows": 1, "Plan Width": 24, "Plans": [{"Node Type": "Nested Loop", "Parent Relationship": "Outer", "Join Type": "Inner", "Startup Cost": 10000000001.83, "Total Cost": 1000001001099.07, "Plan Rows": 53780, "Plan Width": 16, "Inner Unique": false, "Plans": [{"Node Type": "Nested Loop", "Parent Relationship": "Outer", "Join Type": "Inner", "Startup Cost": 10000000000.26, "Total Cost": 1000000961737.38, "Plan Rows": 4000, "Plan Width": 8, "Inner Unique": true, "Plans": [{"Node Type": "Index Scan", "Parent Relationship": "Outer", "Scan Direction": "Forward", "Index Name": "supplier_pkey", "Relation Name": "supplier", "Alias": "supplier", "Startup Cost": 10000000000.0, "Total Cost": 1000000533454.38, "Plan Rows": 100000, "Plan Width": 12}, {"Node Type": "Bitmap Heap Scan", "Parent Relationship": "Inner", "Relation Name": "nation", "Alias": "nation", "Startup Cost": 0.26, "Total Cost": 4.27, "Plan Rows": 1, "Plan Width": 4, "Recheck Cond": "(n_nationkey = public.supplier.s_nationkey)", "Filter": "(n_name = 'MOZAMBIQUE'::bpchar)", "Plans": [{"Node Type": "Bitmap Index Scan", "Parent Relationship": "Outer", "Index Name": "nation_pkey", "Startup Cost": 0.0, "Total Cost": 0.26, "Plan Rows": 1, "Plan Width": 0, "Index Cond": "(n_nationkey = public.supplier.s_nationkey)"}]}]}, {"Node Type": "Bitmap Heap Scan", "Parent Relationship": "Inner", "Relation Name": "partsupp", "Alias": "partsupp", "Startup Cost": 1.57, "Total Cost": 9.71, "Plan Rows": 13, "Plan Width": 24, "Recheck Cond": "(ps_suppkey = public.supplier.s_suppkey)", "Plans": [{"Node Type": "Bitmap Index Scan", "Parent Relationship": "Outer", "Index Name": "idx_partsupp_suppkey", "Startup Cost": 0.0, "Total Cost": 1.56, "Plan Rows": 13, "Plan Width": 0, "Index Cond": "(ps_suppkey = public.supplier.s_suppkey)"}]}]}]}, {"Node Type": "Aggregate", "Strategy": "Hashed", "Parent Relationship": "Outer", "Startup Cost": 1000083152845.44, "Total Cost": 1000083153517.69, "Plan Rows": 53780, "Plan Width": 40, "Group By Key": ["public.partsupp.ps_partkey"], "Filter": "(sum((public.partsupp.ps_supplycost * (public.partsupp.ps_availqty)::double precision)) > $2)", "Plans": [{"Node Type": "Nested Loop", "Parent Relationship": "Outer", "Join Type": "Inner", "Startup Cost": 10000000000.52, "Total Cost": 1000083151904.29, "Plan Rows": 53780, "Plan Width": 24, "Inner Unique": true, "Plans": [{"Node Type": "Nested Loop", "Parent Relationship": "Outer", "Join Type": "Inner", "Startup Cost": 10000000000.26, "Total Cost": 1000077393643.64, "Plan Rows": 1344499, "Plan Width": 28, "Inner Unique": true, "Plans": [{"Node Type": "Index Scan", "Parent Relationship": "Outer", "Scan Direction": "Forward", "Index Name": "idx_partsupp_partkey", "Relation Name": "partsupp", "Alias": "partsupp", "Startup Cost": 10000000000.0, "Total Cost": 1000043148503.38, "Plan Rows": 8000372, "Plan Width": 32}, {"Node Type": "Bitmap Heap Scan", "Parent Relationship": "Inner", "Relation Name": "supplier", "Alias": "supplier", "Startup Cost": 0.26, "Total Cost": 4.27, "Plan Rows": 1, "Plan Width": 12, "Recheck Cond": "(s_suppkey = public.partsupp.ps_suppkey)", "Plans": [{"Node Type": "Bitmap Index Scan", "Parent Relationship": "Outer", "Index Name": "supplier_pkey", "Startup Cost": 0.0, "Total Cost": 0.26, "Plan Rows": 1, "Plan Width": 0, "Index Cond": "(s_suppkey = public.partsupp.ps_suppkey)"}]}]}, {"Node Type": "Bitmap Heap Scan", "Parent Relationship": "Inner", "Relation Name": "nation", "Alias": "nation", "Startup Cost": 0.26, "Total Cost": 4.27, "Plan Rows": 1, "Plan Width": 4, "Recheck Cond": "(n_nationkey = public.supplier.s_nationkey)", "Filter": "(n_name = 'MOZAMBIQUE'::bpchar)", "Plans": [{"Node Type": "Bitmap Index Scan", "Parent Relationship": "Outer", "Index Name": "nation_pkey", "Startup Cost": 0.0, "Total Cost": 0.26, "Plan Rows": 1, "Plan Width": 0, "Index Cond": "(n_nationkey = public.supplier.s_nationkey)"}]}]}]}]}, "Unique SQL Id": 2932834211, "Planner Runtime": 0}, "explain_analyze_plan": null}, "(64, 36)": {"explain_plan": {"Plan": {"Node Type": "Sort", "Startup Cost": 86957.11, "Total Cost": 87091.56, "Plan Rows": 53780, "Plan Width": 40, "Sort Key": ["(sum((public.partsupp.ps_supplycost * (public.partsupp.ps_availqty)::double precision))) DESC"], "Plans": [{"Node Type": "Aggregate", "Strategy": "Plain", "Parent Relationship": "exec_init_plan", "Subplan Name": "InitPlan 1 (returns $2)", "Startup Cost": 40760.67, "Total Cost": 40760.68, "Plan Rows": 1, "Plan Width": 24, "Plans": [{"Node Type": "Nested Loop", "Parent Relationship": "Outer", "Join Type": "Inner", "Startup Cost": 95.25, "Total Cost": 40357.32, "Plan Rows": 53780, "Plan Width": 16, "Inner Unique": false, "Plans": [{"Node Type": "Nested Loop", "Parent Relationship": "Outer", "Join Type": "Inner", "Startup Cost": 95.25, "Total Cost": 2533.35, "Plan Rows": 4000, "Plan Width": 8, "Inner Unique": false, "Plans": [{"Node Type": "Seq Scan", "Parent Relationship": "Outer", "Relation Name": "nation", "Alias": "nation", "Startup Cost": 0.0, "Total Cost": 1.31, "Plan Rows": 1, "Plan Width": 4, "Filter": "(n_name = 'MOZAMBIQUE'::bpchar)"}, {"Node Type": "Bitmap Heap Scan", "Parent Relationship": "Inner", "Relation Name": "supplier", "Alias": "supplier", "Startup Cost": 95.25, "Total Cost": 2492.04, "Plan Rows": 4000, "Plan Width": 12, "Recheck Cond": "(s_nationkey = public.nation.n_nationkey)", "Plans": [{"Node Type": "Bitmap Index Scan", "Parent Relationship": "Outer", "Index Name": "idx_supplier_nation_key", "Startup Cost": 0.0, "Total Cost": 94.25, "Plan Rows": 4000, "Plan Width": 0, "Index Cond": "(s_nationkey = public.nation.n_nationkey)"}]}]}, {"Node Type": "Index Scan", "Parent Relationship": "Inner", "Scan Direction": "Forward", "Index Name": "idx_partsupp_suppkey", "Relation Name": "partsupp", "Alias": "partsupp", "Startup Cost": 0.0, "Total Cost": 9.33, "Plan Rows": 13, "Plan Width": 24, "Index Cond": "(ps_suppkey = public.supplier.s_suppkey)"}]}]}, {"Node Type": "Aggregate", "Strategy": "Hashed", "Parent Relationship": "Outer", "Startup Cost": 41298.47, "Total Cost": 41970.72, "Plan Rows": 53780, "Plan Width": 40, "Group By Key": ["public.partsupp.ps_partkey"], "Filter": "(sum((public.partsupp.ps_supplycost * (public.partsupp.ps_availqty)::double precision)) > $2)", "Plans": [{"Node Type": "Nested Loop", "Parent Relationship": "Outer", "Join Type": "Inner", "Startup Cost": 95.25, "Total Cost": 40357.32, "Plan Rows": 53780, "Plan Width": 24, "Inner Unique": false, "Plans": [{"Node Type": "Nested Loop", "Parent Relationship": "Outer", "Join Type": "Inner", "Startup Cost": 95.25, "Total Cost": 2533.35, "Plan Rows": 4000, "Plan Width": 8, "Inner Unique": false, "Plans": [{"Node Type": "Seq Scan", "Parent Relationship": "Outer", "Relation Name": "nation", "Alias": "nation", "Startup Cost": 0.0, "Total Cost": 1.31, "Plan Rows": 1, "Plan Width": 4, "Filter": "(n_name = 'MOZAMBIQUE'::bpchar)"}, {"Node Type": "Bitmap Heap Scan", "Parent Relationship": "Inner", "Relation Name": "supplier", "Alias": "supplier", "Startup Cost": 95.25, "Total Cost": 2492.04, "Plan Rows": 4000, "Plan Width": 12, "Recheck Cond": "(s_nationkey = public.nation.n_nationkey)", "Plans": [{"Node Type": "Bitmap Index Scan", "Parent Relationship": "Outer", "Index Name": "idx_supplier_nation_key", "Startup Cost": 0.0, "Total Cost": 94.25, "Plan Rows": 4000, "Plan Width": 0, "Index Cond": "(s_nationkey = public.nation.n_nationkey)"}]}]}, {"Node Type": "Index Scan", "Parent Relationship": "Inner", "Scan Direction": "Forward", "Index Name": "idx_partsupp_suppkey", "Relation Name": "partsupp", "Alias": "partsupp", "Startup Cost": 0.0, "Total Cost": 9.33, "Plan Rows": 13, "Plan Width": 32, "Index Cond": "(ps_suppkey = public.supplier.s_suppkey)"}]}]}]}, "Unique SQL Id": 2932834211, "Planner Runtime": 0}, "explain_analyze_plan": {"Plan": {"Node Type": "Sort", "Startup Cost": 86957.11, "Total Cost": 87091.56, "Plan Rows": 53780, "Plan Width": 40, "Actual Startup Time": 1757.818, "Actual Total Time": 1757.818, "Actual Rows": 0, "Actual Loops": 1, "Sort Key": ["(sum((public.partsupp.ps_supplycost * (public.partsupp.ps_availqty)::double precision))) DESC"], "Sort Method": "quicksort", "Sort Space Used": 25, "Sort Space Type": "Memory", "Plans": [{"Node Type": "Aggregate", "Strategy": "Plain", "Parent Relationship": "exec_init_plan", "Subplan Name": "InitPlan 1 (returns $2)", "Startup Cost": 40760.67, "Total Cost": 40760.68, "Plan Rows": 1, "Plan Width": 24, "Actual Startup Time": 685.274, "Actual Total Time": 685.274, "Actual Rows": 1, "Actual Loops": 1, "Plans": [{"Node Type": "Nested Loop", "Parent Relationship": "Outer", "Join Type": "Inner", "Startup Cost": 95.25, "Total Cost": 40357.32, "Plan Rows": 53780, "Plan Width": 16, "Actual Startup Time": 0.989, "Actual Total Time": 550.199, "Actual Rows": 313920, "Actual Loops": 1, "Inner Unique": false, "Plans": [{"Node Type": "Nested Loop", "Parent Relationship": "Outer", "Join Type": "Inner", "Startup Cost": 95.25, "Total Cost": 2533.35, "Plan Rows": 4000, "Plan Width": 8, "Actual Startup Time": 0.963, "Actual Total Time": 7.289, "Actual Rows": 3924, "Actual Loops": 1, "Inner Unique": false, "Plans": [{"Node Type": "Seq Scan", "Parent Relationship": "Outer", "Relation Name": "nation", "Alias": "nation", "Startup Cost": 0.0, "Total Cost": 1.31, "Plan Rows": 1, "Plan Width": 4, "Actual Startup Time": 0.043, "Actual Total Time": 0.055, "Actual Rows": 1, "Actual Loops": 1, "Filter": "(n_name = 'MOZAMBIQUE'::bpchar)", "Rows Removed by Filter": 24}, {"Node Type": "Bitmap Heap Scan", "Parent Relationship": "Inner", "Relation Name": "supplier", "Alias": "supplier", "Startup Cost": 95.25, "Total Cost": 2492.04, "Plan Rows": 4000, "Plan Width": 12, "Actual Startup Time": 0.903, "Actual Total Time": 6.347, "Actual Rows": 3924, "Actual Loops": 1, "Recheck Cond": "(s_nationkey = public.nation.n_nationkey)", "Rows Removed by Index Recheck": 0, "Exact Heap Blocks": 1895, "Lossy Heap Blocks": 1895, "Plans": [{"Node Type": "Bitmap Index Scan", "Parent Relationship": "Outer", "Index Name": "idx_supplier_nation_key", "Startup Cost": 0.0, "Total Cost": 94.25, "Plan Rows": 4000, "Plan Width": 0, "Actual Startup Time": 0.624, "Actual Total Time": 0.624, "Actual Rows": 3924, "Actual Loops": 1, "Index Cond": "(s_nationkey = public.nation.n_nationkey)"}]}]}, {"Node Type": "Index Scan", "Parent Relationship": "Inner", "Scan Direction": "Forward", "Index Name": "idx_partsupp_suppkey", "Relation Name": "partsupp", "Alias": "partsupp", "Startup Cost": 0.0, "Total Cost": 9.33, "Plan Rows": 13, "Plan Width": 24, "Actual Startup Time": 41.836, "Actual Total Time": 476.637, "Actual Rows": 313920, "Actual Loops": 3924, "Index Cond": "(ps_suppkey = public.supplier.s_suppkey)", "Rows Removed by Index Recheck": 0}]}]}, {"Node Type": "Aggregate", "Strategy": "Hashed", "Parent Relationship": "Outer", "Startup Cost": 41298.47, "Total Cost": 41970.72, "Plan Rows": 53780, "Plan Width": 40, "Actual Startup Time": 1757.278, "Actual Total Time": 1757.278, "Actual Rows": 0, "Actual Loops": 1, "Group By Key": ["public.partsupp.ps_partkey"], "Filter": "(sum((public.partsupp.ps_supplycost * (public.partsupp.ps_availqty)::double precision)) > $2)", "Rows Removed by Filter": 295792, "Plans": [{"Node Type": "Nested Loop", "Parent Relationship": "Outer", "Join Type": "Inner", "Startup Cost": 95.25, "Total Cost": 40357.32, "Plan Rows": 53780, "Plan Width": 24, "Actual Startup Time": 0.989, "Actual Total Time": 653.431, "Actual Rows": 313920, "Actual Loops": 1, "Inner Unique": false, "Plans": [{"Node Type": "Nested Loop", "Parent Relationship": "Outer", "Join Type": "Inner", "Startup Cost": 95.25, "Total Cost": 2533.35, "Plan Rows": 4000, "Plan Width": 8, "Actual Startup Time": 0.965, "Actual Total Time": 8.619, "Actual Rows": 3924, "Actual Loops": 1, "Inner Unique": false, "Plans": [{"Node Type": "Seq Scan", "Parent Relationship": "Outer", "Relation Name": "nation", "Alias": "nation", "Startup Cost": 0.0, "Total Cost": 1.31, "Plan Rows": 1, "Plan Width": 4, "Actual Startup Time": 0.03, "Actual Total Time": 0.047, "Actual Rows": 1, "Actual Loops": 1, "Filter": "(n_name = 'MOZAMBIQUE'::bpchar)", "Rows Removed by Filter": 24}, {"Node Type": "Bitmap Heap Scan", "Parent Relationship": "Inner", "Relation Name": "supplier", "Alias": "supplier", "Startup Cost": 95.25, "Total Cost": 2492.04, "Plan Rows": 4000, "Plan Width": 12, "Actual Startup Time": 0.928, "Actual Total Time": 7.555, "Actual Rows": 3924, "Actual Loops": 1, "Recheck Cond": "(s_nationkey = public.nation.n_nationkey)", "Rows Removed by Index Recheck": 0, "Exact Heap Blocks": 1895, "Lossy Heap Blocks": 1895, "Plans": [{"Node Type": "Bitmap Index Scan", "Parent Relationship": "Outer", "Index Name": "idx_supplier_nation_key", "Startup Cost": 0.0, "Total Cost": 94.25, "Plan Rows": 4000, "Plan Width": 0, "Actual Startup Time": 0.644, "Actual Total Time": 0.644, "Actual Rows": 3924, "Actual Loops": 1, "Index Cond": "(s_nationkey = public.nation.n_nationkey)"}]}]}, {"Node Type": "Index Scan", "Parent Relationship": "Inner", "Scan Direction": "Forward", "Index Name": "idx_partsupp_suppkey", "Relation Name": "partsupp", "Alias": "partsupp", "Startup Cost": 0.0, "Total Cost": 9.33, "Plan Rows": 13, "Plan Width": 32, "Actual Startup Time": 48.203, "Actual Total Time": 572.851, "Actual Rows": 313920, "Actual Loops": 3924, "Index Cond": "(ps_suppkey = public.supplier.s_suppkey)", "Rows Removed by Index Recheck": 0}]}]}]}, "Triggers": [], "Planner Runtime": 0, "Total Runtime": 1758.153, "Unique SQL Id": 2932834211}}, "(64, 37)": {"explain_plan": {"Plan": {"Node Type": "Sort", "Startup Cost": 86979.86, "Total Cost": 87114.31, "Plan Rows": 53780, "Plan Width": 40, "Sort Key": ["(sum((public.partsupp.ps_supplycost * (public.partsupp.ps_availqty)::double precision))) DESC"], "Plans": [{"Node Type": "Aggregate", "Strategy": "Plain", "Parent Relationship": "exec_init_plan", "Subplan Name": "InitPlan 1 (returns $2)", "Startup Cost": 40772.04, "Total Cost": 40772.06, "Plan Rows": 1, "Plan Width": 24, "Plans": [{"Node Type": "Nested Loop", "Parent Relationship": "Outer", "Join Type": "Inner", "Startup Cost": 95.25, "Total Cost": 40368.69, "Plan Rows": 53780, "Plan Width": 16, "Inner Unique": false, "Plans": [{"Node Type": "Nested Loop", "Parent Relationship": "Outer", "Join Type": "Inner", "Startup Cost": 95.25, "Total Cost": 2544.73, "Plan Rows": 4000, "Plan Width": 8, "Inner Unique": false, "Plans": [{"Node Type": "Index Scan", "Parent Relationship": "Outer", "Scan Direction": "Forward", "Index Name": "nation_pkey", "Relation Name": "nation", "Alias": "nation", "Startup Cost": 0.0, "Total Cost": 12.69, "Plan Rows": 1, "Plan Width": 4, "Filter": "(n_name = 'MOZAMBIQUE'::bpchar)"}, {"Node Type": "Bitmap Heap Scan", "Parent Relationship": "Inner", "Relation Name": "supplier", "Alias": "supplier", "Startup Cost": 95.25, "Total Cost": 2492.04, "Plan Rows": 4000, "Plan Width": 12, "Recheck Cond": "(s_nationkey = public.nation.n_nationkey)", "Plans": [{"Node Type": "Bitmap Index Scan", "Parent Relationship": "Outer", "Index Name": "idx_supplier_nation_key", "Startup Cost": 0.0, "Total Cost": 94.25, "Plan Rows": 4000, "Plan Width": 0, "Index Cond": "(s_nationkey = public.nation.n_nationkey)"}]}]}, {"Node Type": "Index Scan", "Parent Relationship": "Inner", "Scan Direction": "Forward", "Index Name": "idx_partsupp_suppkey", "Relation Name": "partsupp", "Alias": "partsupp", "Startup Cost": 0.0, "Total Cost": 9.33, "Plan Rows": 13, "Plan Width": 24, "Index Cond": "(ps_suppkey = public.supplier.s_suppkey)"}]}]}, {"Node Type": "Aggregate", "Strategy": "Hashed", "Parent Relationship": "Outer", "Startup Cost": 41309.84, "Total Cost": 41982.09, "Plan Rows": 53780, "Plan Width": 40, "Group By Key": ["public.partsupp.ps_partkey"], "Filter": "(sum((public.partsupp.ps_supplycost * (public.partsupp.ps_availqty)::double precision)) > $2)", "Plans": [{"Node Type": "Nested Loop", "Parent Relationship": "Outer", "Join Type": "Inner", "Startup Cost": 95.25, "Total Cost": 40368.69, "Plan Rows": 53780, "Plan Width": 24, "Inner Unique": false, "Plans": [{"Node Type": "Nested Loop", "Parent Relationship": "Outer", "Join Type": "Inner", "Startup Cost": 95.25, "Total Cost": 2544.73, "Plan Rows": 4000, "Plan Width": 8, "Inner Unique": false, "Plans": [{"Node Type": "Index Scan", "Parent Relationship": "Outer", "Scan Direction": "Forward", "Index Name": "nation_pkey", "Relation Name": "nation", "Alias": "nation", "Startup Cost": 0.0, "Total Cost": 12.69, "Plan Rows": 1, "Plan Width": 4, "Filter": "(n_name = 'MOZAMBIQUE'::bpchar)"}, {"Node Type": "Bitmap Heap Scan", "Parent Relationship": "Inner", "Relation Name": "supplier", "Alias": "supplier", "Startup Cost": 95.25, "Total Cost": 2492.04, "Plan Rows": 4000, "Plan Width": 12, "Recheck Cond": "(s_nationkey = public.nation.n_nationkey)", "Plans": [{"Node Type": "Bitmap Index Scan", "Parent Relationship": "Outer", "Index Name": "idx_supplier_nation_key", "Startup Cost": 0.0, "Total Cost": 94.25, "Plan Rows": 4000, "Plan Width": 0, "Index Cond": "(s_nationkey = public.nation.n_nationkey)"}]}]}, {"Node Type": "Index Scan", "Parent Relationship": "Inner", "Scan Direction": "Forward", "Index Name": "idx_partsupp_suppkey", "Relation Name": "partsupp", "Alias": "partsupp", "Startup Cost": 0.0, "Total Cost": 9.33, "Plan Rows": 13, "Plan Width": 32, "Index Cond": "(ps_suppkey = public.supplier.s_suppkey)"}]}]}]}, "Unique SQL Id": 2932834211, "Planner Runtime": 0}, "explain_analyze_plan": {"Plan": {"Node Type": "Sort", "Startup Cost": 86979.86, "Total Cost": 87114.31, "Plan Rows": 53780, "Plan Width": 40, "Actual Startup Time": 1762.834, "Actual Total Time": 1762.834, "Actual Rows": 0, "Actual Loops": 1, "Sort Key": ["(sum((public.partsupp.ps_supplycost * (public.partsupp.ps_availqty)::double precision))) DESC"], "Sort Method": "quicksort", "Sort Space Used": 25, "Sort Space Type": "Memory", "Plans": [{"Node Type": "Aggregate", "Strategy": "Plain", "Parent Relationship": "exec_init_plan", "Subplan Name": "InitPlan 1 (returns $2)", "Startup Cost": 40772.04, "Total Cost": 40772.06, "Plan Rows": 1, "Plan Width": 24, "Actual Startup Time": 757.478, "Actual Total Time": 757.478, "Actual Rows": 1, "Actual Loops": 1, "Plans": [{"Node Type": "Nested Loop", "Parent Relationship": "Outer", "Join Type": "Inner", "Startup Cost": 95.25, "Total Cost": 40368.69, "Plan Rows": 53780, "Plan Width": 16, "Actual Startup Time": 0.979, "Actual Total Time": 621.76, "Actual Rows": 313920, "Actual Loops": 1, "Inner Unique": false, "Plans": [{"Node Type": "Nested Loop", "Parent Relationship": "Outer", "Join Type": "Inner", "Startup Cost": 95.25, "Total Cost": 2544.73, "Plan Rows": 4000, "Plan Width": 8, "Actual Startup Time": 0.958, "Actual Total Time": 8.05, "Actual Rows": 3924, "Actual Loops": 1, "Inner Unique": false, "Plans": [{"Node Type": "Index Scan", "Parent Relationship": "Outer", "Scan Direction": "Forward", "Index Name": "nation_pkey", "Relation Name": "nation", "Alias": "nation", "Startup Cost": 0.0, "Total Cost": 12.69, "Plan Rows": 1, "Plan Width": 4, "Actual Startup Time": 0.038, "Actual Total Time": 0.053, "Actual Rows": 1, "Actual Loops": 1, "Filter": "(n_name = 'MOZAMBIQUE'::bpchar)", "Rows Removed by Filter": 24}, {"Node Type": "Bitmap Heap Scan", "Parent Relationship": "Inner", "Relation Name": "supplier", "Alias": "supplier", "Startup Cost": 95.25, "Total Cost": 2492.04, "Plan Rows": 4000, "Plan Width": 12, "Actual Startup Time": 0.903, "Actual Total Time": 7.053, "Actual Rows": 3924, "Actual Loops": 1, "Recheck Cond": "(s_nationkey = public.nation.n_nationkey)", "Rows Removed by Index Recheck": 0, "Exact Heap Blocks": 1895, "Lossy Heap Blocks": 1895, "Plans": [{"Node Type": "Bitmap Index Scan", "Parent Relationship": "Outer", "Index Name": "idx_supplier_nation_key", "Startup Cost": 0.0, "Total Cost": 94.25, "Plan Rows": 4000, "Plan Width": 0, "Actual Startup Time": 0.627, "Actual Total Time": 0.627, "Actual Rows": 3924, "Actual Loops": 1, "Index Cond": "(s_nationkey = public.nation.n_nationkey)"}]}]}, {"Node Type": "Index Scan", "Parent Relationship": "Inner", "Scan Direction": "Forward", "Index Name": "idx_partsupp_suppkey", "Relation Name": "partsupp", "Alias": "partsupp", "Startup Cost": 0.0, "Total Cost": 9.33, "Plan Rows": 13, "Plan Width": 24, "Actual Startup Time": 46.082, "Actual Total Time": 547.337, "Actual Rows": 313920, "Actual Loops": 3924, "Index Cond": "(ps_suppkey = public.supplier.s_suppkey)", "Rows Removed by Index Recheck": 0}]}]}, {"Node Type": "Aggregate", "Strategy": "Hashed", "Parent Relationship": "Outer", "Startup Cost": 41309.84, "Total Cost": 41982.09, "Plan Rows": 53780, "Plan Width": 40, "Actual Startup Time": 1762.251, "Actual Total Time": 1762.251, "Actual Rows": 0, "Actual Loops": 1, "Group By Key": ["public.partsupp.ps_partkey"], "Filter": "(sum((public.partsupp.ps_supplycost * (public.partsupp.ps_availqty)::double precision)) > $2)", "Rows Removed by Filter": 295792, "Plans": [{"Node Type": "Nested Loop", "Parent Relationship": "Outer", "Join Type": "Inner", "Startup Cost": 95.25, "Total Cost": 40368.69, "Plan Rows": 53780, "Plan Width": 24, "Actual Startup Time": 0.974, "Actual Total Time": 574.222, "Actual Rows": 313920, "Actual Loops": 1, "Inner Unique": false, "Plans": [{"Node Type": "Nested Loop", "Parent Relationship": "Outer", "Join Type": "Inner", "Startup Cost": 95.25, "Total Cost": 2544.73, "Plan Rows": 4000, "Plan Width": 8, "Actual Startup Time": 0.951, "Actual Total Time": 7.662, "Actual Rows": 3924, "Actual Loops": 1, "Inner Unique": false, "Plans": [{"Node Type": "Index Scan", "Parent Relationship": "Outer", "Scan Direction": "Forward", "Index Name": "nation_pkey", "Relation Name": "nation", "Alias": "nation", "Startup Cost": 0.0, "Total Cost": 12.69, "Plan Rows": 1, "Plan Width": 4, "Actual Startup Time": 0.031, "Actual Total Time": 0.042, "Actual Rows": 1, "Actual Loops": 1, "Filter": "(n_name = 'MOZAMBIQUE'::bpchar)", "Rows Removed by Filter": 24}, {"Node Type": "Bitmap Heap Scan", "Parent Relationship": "Inner", "Relation Name": "supplier", "Alias": "supplier", "Startup Cost": 95.25, "Total Cost": 2492.04, "Plan Rows": 4000, "Plan Width": 12, "Actual Startup Time": 0.913, "Actual Total Time": 6.701, "Actual Rows": 3924, "Actual Loops": 1, "Recheck Cond": "(s_nationkey = public.nation.n_nationkey)", "Rows Removed by Index Recheck": 0, "Exact Heap Blocks": 1895, "Lossy Heap Blocks": 1895, "Plans": [{"Node Type": "Bitmap Index Scan", "Parent Relationship": "Outer", "Index Name": "idx_supplier_nation_key", "Startup Cost": 0.0, "Total Cost": 94.25, "Plan Rows": 4000, "Plan Width": 0, "Actual Startup Time": 0.621, "Actual Total Time": 0.621, "Actual Rows": 3924, "Actual Loops": 1, "Index Cond": "(s_nationkey = public.nation.n_nationkey)"}]}]}, {"Node Type": "Index Scan", "Parent Relationship": "Inner", "Scan Direction": "Forward", "Index Name": "idx_partsupp_suppkey", "Relation Name": "partsupp", "Alias": "partsupp", "Startup Cost": 0.0, "Total Cost": 9.33, "Plan Rows": 13, "Plan Width": 32, "Actual Startup Time": 43.059, "Actual Total Time": 494.357, "Actual Rows": 313920, "Actual Loops": 3924, "Index Cond": "(ps_suppkey = public.supplier.s_suppkey)", "Rows Removed by Index Recheck": 0}]}]}]}, "Triggers": [], "Planner Runtime": 0, "Total Runtime": 1763.161, "Unique SQL Id": 2932834211}}, "(64, 38)": {"explain_plan": {"Plan": {"Node Type": "Sort", "Startup Cost": 90032.55, "Total Cost": 90167.0, "Plan Rows": 53780, "Plan Width": 40, "Sort Key": ["(sum((public.partsupp.ps_supplycost * (public.partsupp.ps_availqty)::double precision))) DESC"], "Plans": [{"Node Type": "Aggregate", "Strategy": "Plain", "Parent Relationship": "exec_init_plan", "Subplan Name": "InitPlan 1 (returns $2)", "Startup Cost": 42298.39, "Total Cost": 42298.4, "Plan Rows": 1, "Plan Width": 24, "Plans": [{"Node Type": "Nested Loop", "Parent Relationship": "Outer", "Join Type": "Inner", "Startup Cost": 96.82, "Total Cost": 41895.04, "Plan Rows": 53780, "Plan Width": 16, "Inner Unique": false, "Plans": [{"Node Type": "Nested Loop", "Parent Relationship": "Outer", "Join Type": "Inner", "Startup Cost": 95.25, "Total Cost": 2533.35, "Plan Rows": 4000, "Plan Width": 8, "Inner Unique": false, "Plans": [{"Node Type": "Seq Scan", "Parent Relationship": "Outer", "Relation Name": "nation", "Alias": "nation", "Startup Cost": 0.0, "Total Cost": 1.31, "Plan Rows": 1, "Plan Width": 4, "Filter": "(n_name = 'MOZAMBIQUE'::bpchar)"}, {"Node Type": "Bitmap Heap Scan", "Parent Relationship": "Inner", "Relation Name": "supplier", "Alias": "supplier", "Startup Cost": 95.25, "Total Cost": 2492.04, "Plan Rows": 4000, "Plan Width": 12, "Recheck Cond": "(s_nationkey = public.nation.n_nationkey)", "Plans": [{"Node Type": "Bitmap Index Scan", "Parent Relationship": "Outer", "Index Name": "idx_supplier_nation_key", "Startup Cost": 0.0, "Total Cost": 94.25, "Plan Rows": 4000, "Plan Width": 0, "Index Cond": "(s_nationkey = public.nation.n_nationkey)"}]}]}, {"Node Type": "Bitmap Heap Scan", "Parent Relationship": "Inner", "Relation Name": "partsupp", "Alias": "partsupp", "Startup Cost": 1.57, "Total Cost": 9.71, "Plan Rows": 13, "Plan Width": 24, "Recheck Cond": "(ps_suppkey = public.supplier.s_suppkey)", "Plans": [{"Node Type": "Bitmap Index Scan", "Parent Relationship": "Outer", "Index Name": "idx_partsupp_suppkey", "Startup Cost": 0.0, "Total Cost": 1.56, "Plan Rows": 13, "Plan Width": 0, "Index Cond": "(ps_suppkey = public.supplier.s_suppkey)"}]}]}]}, {"Node Type": "Aggregate", "Strategy": "Hashed", "Parent Relationship": "Outer", "Startup Cost": 42836.19, "Total Cost": 43508.44, "Plan Rows": 53780, "Plan Width": 40, "Group By Key": ["public.partsupp.ps_partkey"], "Filter": "(sum((public.partsupp.ps_supplycost * (public.partsupp.ps_availqty)::double precision)) > $2)", "Plans": [{"Node Type": "Nested Loop", "Parent Relationship": "Outer", "Join Type": "Inner", "Startup Cost": 96.82, "Total Cost": 41895.04, "Plan Rows": 53780, "Plan Width": 24, "Inner Unique": false, "Plans": [{"Node Type": "Nested Loop", "Parent Relationship": "Outer", "Join Type": "Inner", "Startup Cost": 95.25, "Total Cost": 2533.35, "Plan Rows": 4000, "Plan Width": 8, "Inner Unique": false, "Plans": [{"Node Type": "Seq Scan", "Parent Relationship": "Outer", "Relation Name": "nation", "Alias": "nation", "Startup Cost": 0.0, "Total Cost": 1.31, "Plan Rows": 1, "Plan Width": 4, "Filter": "(n_name = 'MOZAMBIQUE'::bpchar)"}, {"Node Type": "Bitmap Heap Scan", "Parent Relationship": "Inner", "Relation Name": "supplier", "Alias": "supplier", "Startup Cost": 95.25, "Total Cost": 2492.04, "Plan Rows": 4000, "Plan Width": 12, "Recheck Cond": "(s_nationkey = public.nation.n_nationkey)", "Plans": [{"Node Type": "Bitmap Index Scan", "Parent Relationship": "Outer", "Index Name": "idx_supplier_nation_key", "Startup Cost": 0.0, "Total Cost": 94.25, "Plan Rows": 4000, "Plan Width": 0, "Index Cond": "(s_nationkey = public.nation.n_nationkey)"}]}]}, {"Node Type": "Bitmap Heap Scan", "Parent Relationship": "Inner", "Relation Name": "partsupp", "Alias": "partsupp", "Startup Cost": 1.57, "Total Cost": 9.71, "Plan Rows": 13, "Plan Width": 32, "Recheck Cond": "(ps_suppkey = public.supplier.s_suppkey)", "Plans": [{"Node Type": "Bitmap Index Scan", "Parent Relationship": "Outer", "Index Name": "idx_partsupp_suppkey", "Startup Cost": 0.0, "Total Cost": 1.56, "Plan Rows": 13, "Plan Width": 0, "Index Cond": "(ps_suppkey = public.supplier.s_suppkey)"}]}]}]}]}, "Unique SQL Id": 2932834211, "Planner Runtime": 0}, "explain_analyze_plan": {"Plan": {"Node Type": "Sort", "Startup Cost": 90032.55, "Total Cost": 90167.0, "Plan Rows": 53780, "Plan Width": 40, "Actual Startup Time": 1938.442, "Actual Total Time": 1938.442, "Actual Rows": 0, "Actual Loops": 1, "Sort Key": ["(sum((public.partsupp.ps_supplycost * (public.partsupp.ps_availqty)::double precision))) DESC"], "Sort Method": "quicksort", "Sort Space Used": 25, "Sort Space Type": "Memory", "Plans": [{"Node Type": "Aggregate", "Strategy": "Plain", "Parent Relationship": "exec_init_plan", "Subplan Name": "InitPlan 1 (returns $2)", "Startup Cost": 42298.39, "Total Cost": 42298.4, "Plan Rows": 1, "Plan Width": 24, "Actual Startup Time": 849.92, "Actual Total Time": 849.921, "Actual Rows": 1, "Actual Loops": 1, "Plans": [{"Node Type": "Nested Loop", "Parent Relationship": "Outer", "Join Type": "Inner", "Startup Cost": 96.82, "Total Cost": 41895.04, "Plan Rows": 53780, "Plan Width": 16, "Actual Startup Time": 1.032, "Actual Total Time": 721.537, "Actual Rows": 313920, "Actual Loops": 1, "Inner Unique": false, "Plans": [{"Node Type": "Nested Loop", "Parent Relationship": "Outer", "Join Type": "Inner", "Startup Cost": 95.25, "Total Cost": 2533.35, "Plan Rows": 4000, "Plan Width": 8, "Actual Startup Time": 0.983, "Actual Total Time": 7.832, "Actual Rows": 3924, "Actual Loops": 1, "Inner Unique": false, "Plans": [{"Node Type": "Seq Scan", "Parent Relationship": "Outer", "Relation Name": "nation", "Alias": "nation", "Startup Cost": 0.0, "Total Cost": 1.31, "Plan Rows": 1, "Plan Width": 4, "Actual Startup Time": 0.036, "Actual Total Time": 0.051, "Actual Rows": 1, "Actual Loops": 1, "Filter": "(n_name = 'MOZAMBIQUE'::bpchar)", "Rows Removed by Filter": 24}, {"Node Type": "Bitmap Heap Scan", "Parent Relationship": "Inner", "Relation Name": "supplier", "Alias": "supplier", "Startup Cost": 95.25, "Total Cost": 2492.04, "Plan Rows": 4000, "Plan Width": 12, "Actual Startup Time": 0.939, "Actual Total Time": 6.87, "Actual Rows": 3924, "Actual Loops": 1, "Recheck Cond": "(s_nationkey = public.nation.n_nationkey)", "Rows Removed by Index Recheck": 0, "Exact Heap Blocks": 1895, "Lossy Heap Blocks": 1895, "Plans": [{"Node Type": "Bitmap Index Scan", "Parent Relationship": "Outer", "Index Name": "idx_supplier_nation_key", "Startup Cost": 0.0, "Total Cost": 94.25, "Plan Rows": 4000, "Plan Width": 0, "Actual Startup Time": 0.649, "Actual Total Time": 0.649, "Actual Rows": 3924, "Actual Loops": 1, "Index Cond": "(s_nationkey = public.nation.n_nationkey)"}]}]}, {"Node Type": "Bitmap Heap Scan", "Parent Relationship": "Inner", "Relation Name": "partsupp", "Alias": "partsupp", "Startup Cost": 1.57, "Total Cost": 9.71, "Plan Rows": 13, "Plan Width": 24, "Actual Startup Time": 100.697, "Actual Total Time": 646.011, "Actual Rows": 313920, "Actual Loops": 3924, "Recheck Cond": "(ps_suppkey = public.supplier.s_suppkey)", "Rows Removed by Index Recheck": 0, "Exact Heap Blocks": 313920, "Lossy Heap Blocks": 313920, "Plans": [{"Node Type": "Bitmap Index Scan", "Parent Relationship": "Outer", "Index Name": "idx_partsupp_suppkey", "Startup Cost": 0.0, "Total Cost": 1.56, "Plan Rows": 13, "Plan Width": 0, "Actual Startup Time": 62.61, "Actual Total Time": 62.61, "Actual Rows": 313920, "Actual Loops": 3924, "Index Cond": "(ps_suppkey = public.supplier.s_suppkey)"}]}]}]}, {"Node Type": "Aggregate", "Strategy": "Hashed", "Parent Relationship": "Outer", "Startup Cost": 42836.19, "Total Cost": 43508.44, "Plan Rows": 53780, "Plan Width": 40, "Actual Startup Time": 1938.021, "Actual Total Time": 1938.021, "Actual Rows": 0, "Actual Loops": 1, "Group By Key": ["public.partsupp.ps_partkey"], "Filter": "(sum((public.partsupp.ps_supplycost * (public.partsupp.ps_availqty)::double precision)) > $2)", "Rows Removed by Filter": 295792, "Plans": [{"Node Type": "Nested Loop", "Parent Relationship": "Outer", "Join Type": "Inner", "Startup Cost": 96.82, "Total Cost": 41895.04, "Plan Rows": 53780, "Plan Width": 24, "Actual Startup Time": 0.995, "Actual Total Time": 708.938, "Actual Rows": 313920, "Actual Loops": 1, "Inner Unique": false, "Plans": [{"Node Type": "Nested Loop", "Parent Relationship": "Outer", "Join Type": "Inner", "Startup Cost": 95.25, "Total Cost": 2533.35, "Plan Rows": 4000, "Plan Width": 8, "Actual Startup Time": 0.951, "Actual Total Time": 7.412, "Actual Rows": 3924, "Actual Loops": 1, "Inner Unique": false, "Plans": [{"Node Type": "Seq Scan", "Parent Relationship": "Outer", "Relation Name": "nation", "Alias": "nation", "Startup Cost": 0.0, "Total Cost": 1.31, "Plan Rows": 1, "Plan Width": 4, "Actual Startup Time": 0.031, "Actual Total Time": 0.045, "Actual Rows": 1, "Actual Loops": 1, "Filter": "(n_name = 'MOZAMBIQUE'::bpchar)", "Rows Removed by Filter": 24}, {"Node Type": "Bitmap Heap Scan", "Parent Relationship": "Inner", "Relation Name": "supplier", "Alias": "supplier", "Startup Cost": 95.25, "Total Cost": 2492.04, "Plan Rows": 4000, "Plan Width": 12, "Actual Startup Time": 0.912, "Actual Total Time": 6.426, "Actual Rows": 3924, "Actual Loops": 1, "Recheck Cond": "(s_nationkey = public.nation.n_nationkey)", "Rows Removed by Index Recheck": 0, "Exact Heap Blocks": 1895, "Lossy Heap Blocks": 1895, "Plans": [{"Node Type": "Bitmap Index Scan", "Parent Relationship": "Outer", "Index Name": "idx_supplier_nation_key", "Startup Cost": 0.0, "Total Cost": 94.25, "Plan Rows": 4000, "Plan Width": 0, "Actual Startup Time": 0.632, "Actual Total Time": 0.632, "Actual Rows": 3924, "Actual Loops": 1, "Index Cond": "(s_nationkey = public.nation.n_nationkey)"}]}]}, {"Node Type": "Bitmap Heap Scan", "Parent Relationship": "Inner", "Relation Name": "partsupp", "Alias": "partsupp", "Startup Cost": 1.57, "Total Cost": 9.71, "Plan Rows": 13, "Plan Width": 32, "Actual Startup Time": 100.385, "Actual Total Time": 627.624, "Actual Rows": 313920, "Actual Loops": 3924, "Recheck Cond": "(ps_suppkey = public.supplier.s_suppkey)", "Rows Removed by Index Recheck": 0, "Exact Heap Blocks": 313920, "Lossy Heap Blocks": 313920, "Plans": [{"Node Type": "Bitmap Index Scan", "Parent Relationship": "Outer", "Index Name": "idx_partsupp_suppkey", "Startup Cost": 0.0, "Total Cost": 1.56, "Plan Rows": 13, "Plan Width": 0, "Actual Startup Time": 62.318, "Actual Total Time": 62.318, "Actual Rows": 313920, "Actual Loops": 3924, "Index Cond": "(ps_suppkey = public.supplier.s_suppkey)"}]}]}]}]}, "Triggers": [], "Planner Runtime": 0, "Total Runtime": 1938.921, "Unique SQL Id": 2932834211}}, "(64, 39)": {"explain_plan": {"Plan": {"Node Type": "Sort", "Startup Cost": 2000084159245.82, "Total Cost": 2000084159380.27, "Plan Rows": 53780, "Plan Width": 40, "Sort Key": ["(sum((public.partsupp.ps_supplycost * (public.partsupp.ps_availqty)::double precision))) DESC"], "Plans": [{"Node Type": "Aggregate", "Strategy": "Plain", "Parent Relationship": "exec_init_plan", "Subplan Name": "InitPlan 1 (returns $2)", "Startup Cost": 1000001001502.42, "Total Cost": 1000001001502.43, "Plan Rows": 1, "Plan Width": 24, "Plans": [{"Node Type": "Nested Loop", "Parent Relationship": "Outer", "Join Type": "Inner", "Startup Cost": 10000000001.83, "Total Cost": 1000001001099.07, "Plan Rows": 53780, "Plan Width": 16, "Inner Unique": false, "Plans": [{"Node Type": "Nested Loop", "Parent Relationship": "Outer", "Join Type": "Inner", "Startup Cost": 10000000000.26, "Total Cost": 1000000961737.38, "Plan Rows": 4000, "Plan Width": 8, "Inner Unique": true, "Plans": [{"Node Type": "Index Scan", "Parent Relationship": "Outer", "Scan Direction": "Forward", "Index Name": "supplier_pkey", "Relation Name": "supplier", "Alias": "supplier", "Startup Cost": 10000000000.0, "Total Cost": 1000000533454.38, "Plan Rows": 100000, "Plan Width": 12}, {"Node Type": "Bitmap Heap Scan", "Parent Relationship": "Inner", "Relation Name": "nation", "Alias": "nation", "Startup Cost": 0.26, "Total Cost": 4.27, "Plan Rows": 1, "Plan Width": 4, "Recheck Cond": "(n_nationkey = public.supplier.s_nationkey)", "Filter": "(n_name = 'MOZAMBIQUE'::bpchar)", "Plans": [{"Node Type": "Bitmap Index Scan", "Parent Relationship": "Outer", "Index Name": "nation_pkey", "Startup Cost": 0.0, "Total Cost": 0.26, "Plan Rows": 1, "Plan Width": 0, "Index Cond": "(n_nationkey = public.supplier.s_nationkey)"}]}]}, {"Node Type": "Bitmap Heap Scan", "Parent Relationship": "Inner", "Relation Name": "partsupp", "Alias": "partsupp", "Startup Cost": 1.57, "Total Cost": 9.71, "Plan Rows": 13, "Plan Width": 24, "Recheck Cond": "(ps_suppkey = public.supplier.s_suppkey)", "Plans": [{"Node Type": "Bitmap Index Scan", "Parent Relationship": "Outer", "Index Name": "idx_partsupp_suppkey", "Startup Cost": 0.0, "Total Cost": 1.56, "Plan Rows": 13, "Plan Width": 0, "Index Cond": "(ps_suppkey = public.supplier.s_suppkey)"}]}]}]}, {"Node Type": "Aggregate", "Strategy": "Hashed", "Parent Relationship": "Outer", "Startup Cost": 1000083152845.44, "Total Cost": 1000083153517.69, "Plan Rows": 53780, "Plan Width": 40, "Group By Key": ["public.partsupp.ps_partkey"], "Filter": "(sum((public.partsupp.ps_supplycost * (public.partsupp.ps_availqty)::double precision)) > $2)", "Plans": [{"Node Type": "Nested Loop", "Parent Relationship": "Outer", "Join Type": "Inner", "Startup Cost": 10000000000.52, "Total Cost": 1000083151904.29, "Plan Rows": 53780, "Plan Width": 24, "Inner Unique": true, "Plans": [{"Node Type": "Nested Loop", "Parent Relationship": "Outer", "Join Type": "Inner", "Startup Cost": 10000000000.26, "Total Cost": 1000077393643.64, "Plan Rows": 1344499, "Plan Width": 28, "Inner Unique": true, "Plans": [{"Node Type": "Index Scan", "Parent Relationship": "Outer", "Scan Direction": "Forward", "Index Name": "idx_partsupp_partkey", "Relation Name": "partsupp", "Alias": "partsupp", "Startup Cost": 10000000000.0, "Total Cost": 1000043148503.38, "Plan Rows": 8000372, "Plan Width": 32}, {"Node Type": "Bitmap Heap Scan", "Parent Relationship": "Inner", "Relation Name": "supplier", "Alias": "supplier", "Startup Cost": 0.26, "Total Cost": 4.27, "Plan Rows": 1, "Plan Width": 12, "Recheck Cond": "(s_suppkey = public.partsupp.ps_suppkey)", "Plans": [{"Node Type": "Bitmap Index Scan", "Parent Relationship": "Outer", "Index Name": "supplier_pkey", "Startup Cost": 0.0, "Total Cost": 0.26, "Plan Rows": 1, "Plan Width": 0, "Index Cond": "(s_suppkey = public.partsupp.ps_suppkey)"}]}]}, {"Node Type": "Bitmap Heap Scan", "Parent Relationship": "Inner", "Relation Name": "nation", "Alias": "nation", "Startup Cost": 0.26, "Total Cost": 4.27, "Plan Rows": 1, "Plan Width": 4, "Recheck Cond": "(n_nationkey = public.supplier.s_nationkey)", "Filter": "(n_name = 'MOZAMBIQUE'::bpchar)", "Plans": [{"Node Type": "Bitmap Index Scan", "Parent Relationship": "Outer", "Index Name": "nation_pkey", "Startup Cost": 0.0, "Total Cost": 0.26, "Plan Rows": 1, "Plan Width": 0, "Index Cond": "(n_nationkey = public.supplier.s_nationkey)"}]}]}]}]}, "Unique SQL Id": 2932834211, "Planner Runtime": 0}, "explain_analyze_plan": null}, "(64, 40)": {"explain_plan": {"Plan": {"Node Type": "Sort", "Startup Cost": 89040.3, "Total Cost": 89174.75, "Plan Rows": 53780, "Plan Width": 40, "Sort Key": ["(sum((public.partsupp.ps_supplycost * (public.partsupp.ps_availqty)::double precision))) DESC"], "Plans": [{"Node Type": "Aggregate", "Strategy": "Plain", "Parent Relationship": "exec_init_plan", "Subplan Name": "InitPlan 1 (returns $1)", "Startup Cost": 41802.27, "Total Cost": 41802.28, "Plan Rows": 1, "Plan Width": 24, "Plans": [{"Node Type": "Nested Loop", "Parent Relationship": "Outer", "Join Type": "Inner", "Startup Cost": 1.32, "Total Cost": 41398.92, "Plan Rows": 53780, "Plan Width": 16, "Inner Unique": false, "Plans": [{"Node Type": "Hash Join", "Parent Relationship": "Outer", "Join Type": "Inner", "Startup Cost": 1.32, "Total Cost": 3574.95, "Plan Rows": 4000, "Plan Width": 8, "Inner Unique": true, "Hash Cond": "(public.supplier.s_nationkey = public.nation.n_nationkey)", "Plans": [{"Node Type": "Seq Scan", "Parent Relationship": "Outer", "Relation Name": "supplier", "Alias": "supplier", "Startup Cost": 0.0, "Total Cost": 3283.0, "Plan Rows": 100000, "Plan Width": 12}, {"Node Type": "Hash", "Parent Relationship": "Inner", "Startup Cost": 1.31, "Total Cost": 1.31, "Plan Rows": 1, "Plan Width": 4, "Plans": [{"Node Type": "Seq Scan", "Parent Relationship": "Outer", "Relation Name": "nation", "Alias": "nation", "Startup Cost": 0.0, "Total Cost": 1.31, "Plan Rows": 1, "Plan Width": 4, "Filter": "(n_name = 'MOZAMBIQUE'::bpchar)"}]}]}, {"Node Type": "Index Scan", "Parent Relationship": "Inner", "Scan Direction": "Forward", "Index Name": "idx_partsupp_suppkey", "Relation Name": "partsupp", "Alias": "partsupp", "Startup Cost": 0.0, "Total Cost": 9.33, "Plan Rows": 13, "Plan Width": 24, "Index Cond": "(ps_suppkey = public.supplier.s_suppkey)"}]}]}, {"Node Type": "Aggregate", "Strategy": "Hashed", "Parent Relationship": "Outer", "Startup Cost": 42340.07, "Total Cost": 43012.32, "Plan Rows": 53780, "Plan Width": 40, "Group By Key": ["public.partsupp.ps_partkey"], "Filter": "(sum((public.partsupp.ps_supplycost * (public.partsupp.ps_availqty)::double precision)) > $1)", "Plans": [{"Node Type": "Nested Loop", "Parent Relationship": "Outer", "Join Type": "Inner", "Startup Cost": 1.32, "Total Cost": 41398.92, "Plan Rows": 53780, "Plan Width": 24, "Inner Unique": false, "Plans": [{"Node Type": "Hash Join", "Parent Relationship": "Outer", "Join Type": "Inner", "Startup Cost": 1.32, "Total Cost": 3574.95, "Plan Rows": 4000, "Plan Width": 8, "Inner Unique": true, "Hash Cond": "(public.supplier.s_nationkey = public.nation.n_nationkey)", "Plans": [{"Node Type": "Seq Scan", "Parent Relationship": "Outer", "Relation Name": "supplier", "Alias": "supplier", "Startup Cost": 0.0, "Total Cost": 3283.0, "Plan Rows": 100000, "Plan Width": 12}, {"Node Type": "Hash", "Parent Relationship": "Inner", "Startup Cost": 1.31, "Total Cost": 1.31, "Plan Rows": 1, "Plan Width": 4, "Plans": [{"Node Type": "Seq Scan", "Parent Relationship": "Outer", "Relation Name": "nation", "Alias": "nation", "Startup Cost": 0.0, "Total Cost": 1.31, "Plan Rows": 1, "Plan Width": 4, "Filter": "(n_name = 'MOZAMBIQUE'::bpchar)"}]}]}, {"Node Type": "Index Scan", "Parent Relationship": "Inner", "Scan Direction": "Forward", "Index Name": "idx_partsupp_suppkey", "Relation Name": "partsupp", "Alias": "partsupp", "Startup Cost": 0.0, "Total Cost": 9.33, "Plan Rows": 13, "Plan Width": 32, "Index Cond": "(ps_suppkey = public.supplier.s_suppkey)"}]}]}]}, "Unique SQL Id": 2932834211, "Planner Runtime": 0}, "explain_analyze_plan": {"Plan": {"Node Type": "Sort", "Startup Cost": 89040.3, "Total Cost": 89174.75, "Plan Rows": 53780, "Plan Width": 40, "Actual Startup Time": 1952.782, "Actual Total Time": 1952.782, "Actual Rows": 0, "Actual Loops": 1, "Sort Key": ["(sum((public.partsupp.ps_supplycost * (public.partsupp.ps_availqty)::double precision))) DESC"], "Sort Method": "quicksort", "Sort Space Used": 25, "Sort Space Type": "Memory", "Plans": [{"Node Type": "Aggregate", "Strategy": "Plain", "Parent Relationship": "exec_init_plan", "Subplan Name": "InitPlan 1 (returns $1)", "Startup Cost": 41802.27, "Total Cost": 41802.28, "Plan Rows": 1, "Plan Width": 24, "Actual Startup Time": 837.224, "Actual Total Time": 837.225, "Actual Rows": 1, "Actual Loops": 1, "Plans": [{"Node Type": "Nested Loop", "Parent Relationship": "Outer", "Join Type": "Inner", "Startup Cost": 1.32, "Total Cost": 41398.92, "Plan Rows": 53780, "Plan Width": 16, "Actual Startup Time": 0.143, "Actual Total Time": 702.51, "Actual Rows": 313920, "Actual Loops": 1, "Inner Unique": false, "Plans": [{"Node Type": "Hash Join", "Parent Relationship": "Outer", "Join Type": "Inner", "Startup Cost": 1.32, "Total Cost": 3574.95, "Plan Rows": 4000, "Plan Width": 8, "Actual Startup Time": 0.118, "Actual Total Time": 51.636, "Actual Rows": 3924, "Actual Loops": 1, "Inner Unique": true, "Hash Cond": "(public.supplier.s_nationkey = public.nation.n_nationkey)", "Plans": [{"Node Type": "Seq Scan", "Parent Relationship": "Outer", "Relation Name": "supplier", "Alias": "supplier", "Startup Cost": 0.0, "Total Cost": 3283.0, "Plan Rows": 100000, "Plan Width": 12, "Actual Startup Time": 0.015, "Actual Total Time": 29.225, "Actual Rows": 100000, "Actual Loops": 1}, {"Node Type": "Hash", "Parent Relationship": "Inner", "Startup Cost": 1.31, "Total Cost": 1.31, "Plan Rows": 1, "Plan Width": 4, "Actual Startup Time": 0.035, "Actual Total Time": 0.035, "Actual Rows": 1, "Actual Loops": 1, "Hash Buckets": 32768, "Hash Batches": 1, "Original Hash Batches": 1, "Peak Memory Usage": 1, "Plans": [{"Node Type": "Seq Scan", "Parent Relationship": "Outer", "Relation Name": "nation", "Alias": "nation", "Startup Cost": 0.0, "Total Cost": 1.31, "Plan Rows": 1, "Plan Width": 4, "Actual Startup Time": 0.022, "Actual Total Time": 0.024, "Actual Rows": 1, "Actual Loops": 1, "Filter": "(n_name = 'MOZAMBIQUE'::bpchar)", "Rows Removed by Filter": 24}]}]}, {"Node Type": "Index Scan", "Parent Relationship": "Inner", "Scan Direction": "Forward", "Index Name": "idx_partsupp_suppkey", "Relation Name": "partsupp", "Alias": "partsupp", "Startup Cost": 0.0, "Total Cost": 9.33, "Plan Rows": 13, "Plan Width": 24, "Actual Startup Time": 48.923, "Actual Total Time": 582.649, "Actual Rows": 313920, "Actual Loops": 3924, "Index Cond": "(ps_suppkey = public.supplier.s_suppkey)", "Rows Removed by Index Recheck": 0}]}]}, {"Node Type": "Aggregate", "Strategy": "Hashed", "Parent Relationship": "Outer", "Startup Cost": 42340.07, "Total Cost": 43012.32, "Plan Rows": 53780, "Plan Width": 40, "Actual Startup Time": 1952.345, "Actual Total Time": 1952.345, "Actual Rows": 0, "Actual Loops": 1, "Group By Key": ["public.partsupp.ps_partkey"], "Filter": "(sum((public.partsupp.ps_supplycost * (public.partsupp.ps_availqty)::double precision)) > $1)", "Rows Removed by Filter": 295792, "Plans": [{"Node Type": "Nested Loop", "Parent Relationship": "Outer", "Join Type": "Inner", "Startup Cost": 1.32, "Total Cost": 41398.92, "Plan Rows": 53780, "Plan Width": 24, "Actual Startup Time": 0.115, "Actual Total Time": 704.981, "Actual Rows": 313920, "Actual Loops": 1, "Inner Unique": false, "Plans": [{"Node Type": "Hash Join", "Parent Relationship": "Outer", "Join Type": "Inner", "Startup Cost": 1.32, "Total Cost": 3574.95, "Plan Rows": 4000, "Plan Width": 8, "Actual Startup Time": 0.092, "Actual Total Time": 52.151, "Actual Rows": 3924, "Actual Loops": 1, "Inner Unique": true, "Hash Cond": "(public.supplier.s_nationkey = public.nation.n_nationkey)", "Plans": [{"Node Type": "Seq Scan", "Parent Relationship": "Outer", "Relation Name": "supplier", "Alias": "supplier", "Startup Cost": 0.0, "Total Cost": 3283.0, "Plan Rows": 100000, "Plan Width": 12, "Actual Startup Time": 0.018, "Actual Total Time": 29.388, "Actual Rows": 100000, "Actual Loops": 1}, {"Node Type": "Hash", "Parent Relationship": "Inner", "Startup Cost": 1.31, "Total Cost": 1.31, "Plan Rows": 1, "Plan Width": 4, "Actual Startup Time": 0.028, "Actual Total Time": 0.028, "Actual Rows": 1, "Actual Loops": 1, "Hash Buckets": 32768, "Hash Batches": 1, "Original Hash Batches": 1, "Peak Memory Usage": 1, "Plans": [{"Node Type": "Seq Scan", "Parent Relationship": "Outer", "Relation Name": "nation", "Alias": "nation", "Startup Cost": 0.0, "Total Cost": 1.31, "Plan Rows": 1, "Plan Width": 4, "Actual Startup Time": 0.019, "Actual Total Time": 0.022, "Actual Rows": 1, "Actual Loops": 1, "Filter": "(n_name = 'MOZAMBIQUE'::bpchar)", "Rows Removed by Filter": 24}]}]}, {"Node Type": "Index Scan", "Parent Relationship": "Inner", "Scan Direction": "Forward", "Index Name": "idx_partsupp_suppkey", "Relation Name": "partsupp", "Alias": "partsupp", "Startup Cost": 0.0, "Total Cost": 9.33, "Plan Rows": 13, "Plan Width": 32, "Actual Startup Time": 48.312, "Actual Total Time": 581.52, "Actual Rows": 313920, "Actual Loops": 3924, "Index Cond": "(ps_suppkey = public.supplier.s_suppkey)", "Rows Removed by Index Recheck": 0}]}]}]}, "Triggers": [], "Planner Runtime": 1, "Total Runtime": 1953.092, "Unique SQL Id": 2932834211}}, "(64, 41)": {"explain_plan": {"Plan": {"Node Type": "Sort", "Startup Cost": 93166.14, "Total Cost": 93300.59, "Plan Rows": 53780, "Plan Width": 40, "Sort Key": ["(sum((public.partsupp.ps_supplycost * (public.partsupp.ps_availqty)::double precision))) DESC"], "Plans": [{"Node Type": "Aggregate", "Strategy": "Plain", "Parent Relationship": "exec_init_plan", "Subplan Name": "InitPlan 1 (returns $1)", "Startup Cost": 43865.19, "Total Cost": 43865.2, "Plan Rows": 1, "Plan Width": 24, "Plans": [{"Node Type": "Nested Loop", "Parent Relationship": "Outer", "Join Type": "Inner", "Startup Cost": 12.7, "Total Cost": 43461.84, "Plan Rows": 53780, "Plan Width": 16, "Inner Unique": false, "Plans": [{"Node Type": "Hash Join", "Parent Relationship": "Outer", "Join Type": "Inner", "Startup Cost": 12.7, "Total Cost": 5637.87, "Plan Rows": 4000, "Plan Width": 8, "Inner Unique": true, "Hash Cond": "(public.supplier.s_nationkey = public.nation.n_nationkey)", "Plans": [{"Node Type": "Index Scan", "Parent Relationship": "Outer", "Scan Direction": "Forward", "Index Name": "supplier_pkey", "Relation Name": "supplier", "Alias": "supplier", "Startup Cost": 0.0, "Total Cost": 5334.54, "Plan Rows": 100000, "Plan Width": 12}, {"Node Type": "Hash", "Parent Relationship": "Inner", "Startup Cost": 12.69, "Total Cost": 12.69, "Plan Rows": 1, "Plan Width": 4, "Plans": [{"Node Type": "Index Scan", "Parent Relationship": "Outer", "Scan Direction": "Forward", "Index Name": "nation_pkey", "Relation Name": "nation", "Alias": "nation", "Startup Cost": 0.0, "Total Cost": 12.69, "Plan Rows": 1, "Plan Width": 4, "Filter": "(n_name = 'MOZAMBIQUE'::bpchar)"}]}]}, {"Node Type": "Index Scan", "Parent Relationship": "Inner", "Scan Direction": "Forward", "Index Name": "idx_partsupp_suppkey", "Relation Name": "partsupp", "Alias": "partsupp", "Startup Cost": 0.0, "Total Cost": 9.33, "Plan Rows": 13, "Plan Width": 24, "Index Cond": "(ps_suppkey = public.supplier.s_suppkey)"}]}]}, {"Node Type": "Aggregate", "Strategy": "Hashed", "Parent Relationship": "Outer", "Startup Cost": 44402.99, "Total Cost": 45075.24, "Plan Rows": 53780, "Plan Width": 40, "Group By Key": ["public.partsupp.ps_partkey"], "Filter": "(sum((public.partsupp.ps_supplycost * (public.partsupp.ps_availqty)::double precision)) > $1)", "Plans": [{"Node Type": "Nested Loop", "Parent Relationship": "Outer", "Join Type": "Inner", "Startup Cost": 12.7, "Total Cost": 43461.84, "Plan Rows": 53780, "Plan Width": 24, "Inner Unique": false, "Plans": [{"Node Type": "Hash Join", "Parent Relationship": "Outer", "Join Type": "Inner", "Startup Cost": 12.7, "Total Cost": 5637.87, "Plan Rows": 4000, "Plan Width": 8, "Inner Unique": true, "Hash Cond": "(public.supplier.s_nationkey = public.nation.n_nationkey)", "Plans": [{"Node Type": "Index Scan", "Parent Relationship": "Outer", "Scan Direction": "Forward", "Index Name": "supplier_pkey", "Relation Name": "supplier", "Alias": "supplier", "Startup Cost": 0.0, "Total Cost": 5334.54, "Plan Rows": 100000, "Plan Width": 12}, {"Node Type": "Hash", "Parent Relationship": "Inner", "Startup Cost": 12.69, "Total Cost": 12.69, "Plan Rows": 1, "Plan Width": 4, "Plans": [{"Node Type": "Index Scan", "Parent Relationship": "Outer", "Scan Direction": "Forward", "Index Name": "nation_pkey", "Relation Name": "nation", "Alias": "nation", "Startup Cost": 0.0, "Total Cost": 12.69, "Plan Rows": 1, "Plan Width": 4, "Filter": "(n_name = 'MOZAMBIQUE'::bpchar)"}]}]}, {"Node Type": "Index Scan", "Parent Relationship": "Inner", "Scan Direction": "Forward", "Index Name": "idx_partsupp_suppkey", "Relation Name": "partsupp", "Alias": "partsupp", "Startup Cost": 0.0, "Total Cost": 9.33, "Plan Rows": 13, "Plan Width": 32, "Index Cond": "(ps_suppkey = public.supplier.s_suppkey)"}]}]}]}, "Unique SQL Id": 2932834211, "Planner Runtime": 0}, "explain_analyze_plan": {"Plan": {"Node Type": "Sort", "Startup Cost": 93166.14, "Total Cost": 93300.59, "Plan Rows": 53780, "Plan Width": 40, "Actual Startup Time": 2174.384, "Actual Total Time": 2174.384, "Actual Rows": 0, "Actual Loops": 1, "Sort Key": ["(sum((public.partsupp.ps_supplycost * (public.partsupp.ps_availqty)::double precision))) DESC"], "Sort Method": "quicksort", "Sort Space Used": 25, "Sort Space Type": "Memory", "Plans": [{"Node Type": "Aggregate", "Strategy": "Plain", "Parent Relationship": "exec_init_plan", "Subplan Name": "InitPlan 1 (returns $1)", "Startup Cost": 43865.19, "Total Cost": 43865.2, "Plan Rows": 1, "Plan Width": 24, "Actual Startup Time": 1034.184, "Actual Total Time": 1034.185, "Actual Rows": 1, "Actual Loops": 1, "Plans": [{"Node Type": "Nested Loop", "Parent Relationship": "Outer", "Join Type": "Inner", "Startup Cost": 12.7, "Total Cost": 43461.84, "Plan Rows": 53780, "Plan Width": 16, "Actual Startup Time": 0.174, "Actual Total Time": 897.373, "Actual Rows": 313920, "Actual Loops": 1, "Inner Unique": false, "Plans": [{"Node Type": "Hash Join", "Parent Relationship": "Outer", "Join Type": "Inner", "Startup Cost": 12.7, "Total Cost": 5637.87, "Plan Rows": 4000, "Plan Width": 8, "Actual Startup Time": 0.145, "Actual Total Time": 91.714, "Actual Rows": 3924, "Actual Loops": 1, "Inner Unique": true, "Hash Cond": "(public.supplier.s_nationkey = public.nation.n_nationkey)", "Plans": [{"Node Type": "Index Scan", "Parent Relationship": "Outer", "Scan Direction": "Forward", "Index Name": "supplier_pkey", "Relation Name": "supplier", "Alias": "supplier", "Startup Cost": 0.0, "Total Cost": 5334.54, "Plan Rows": 100000, "Plan Width": 12, "Actual Startup Time": 0.031, "Actual Total Time": 70.685, "Actual Rows": 100000, "Actual Loops": 1}, {"Node Type": "Hash", "Parent Relationship": "Inner", "Startup Cost": 12.69, "Total Cost": 12.69, "Plan Rows": 1, "Plan Width": 4, "Actual Startup Time": 0.046, "Actual Total Time": 0.046, "Actual Rows": 1, "Actual Loops": 1, "Hash Buckets": 32768, "Hash Batches": 1, "Original Hash Batches": 1, "Peak Memory Usage": 1, "Plans": [{"Node Type": "Index Scan", "Parent Relationship": "Outer", "Scan Direction": "Forward", "Index Name": "nation_pkey", "Relation Name": "nation", "Alias": "nation", "Startup Cost": 0.0, "Total Cost": 12.69, "Plan Rows": 1, "Plan Width": 4, "Actual Startup Time": 0.031, "Actual Total Time": 0.038, "Actual Rows": 1, "Actual Loops": 1, "Filter": "(n_name = 'MOZAMBIQUE'::bpchar)", "Rows Removed by Filter": 24}]}]}, {"Node Type": "Index Scan", "Parent Relationship": "Inner", "Scan Direction": "Forward", "Index Name": "idx_partsupp_suppkey", "Relation Name": "partsupp", "Alias": "partsupp", "Startup Cost": 0.0, "Total Cost": 9.33, "Plan Rows": 13, "Plan Width": 24, "Actual Startup Time": 57.484, "Actual Total Time": 738.465, "Actual Rows": 313920, "Actual Loops": 3924, "Index Cond": "(ps_suppkey = public.supplier.s_suppkey)", "Rows Removed by Index Recheck": 0}]}]}, {"Node Type": "Aggregate", "Strategy": "Hashed", "Parent Relationship": "Outer", "Startup Cost": 44402.99, "Total Cost": 45075.24, "Plan Rows": 53780, "Plan Width": 40, "Actual Startup Time": 2173.992, "Actual Total Time": 2173.992, "Actual Rows": 0, "Actual Loops": 1, "Group By Key": ["public.partsupp.ps_partkey"], "Filter": "(sum((public.partsupp.ps_supplycost * (public.partsupp.ps_availqty)::double precision)) > $1)", "Rows Removed by Filter": 295792, "Plans": [{"Node Type": "Nested Loop", "Parent Relationship": "Outer", "Join Type": "Inner", "Startup Cost": 12.7, "Total Cost": 43461.84, "Plan Rows": 53780, "Plan Width": 24, "Actual Startup Time": 0.137, "Actual Total Time": 737.983, "Actual Rows": 313920, "Actual Loops": 1, "Inner Unique": false, "Plans": [{"Node Type": "Hash Join", "Parent Relationship": "Outer", "Join Type": "Inner", "Startup Cost": 12.7, "Total Cost": 5637.87, "Plan Rows": 4000, "Plan Width": 8, "Actual Startup Time": 0.116, "Actual Total Time": 79.01, "Actual Rows": 3924, "Actual Loops": 1, "Inner Unique": true, "Hash Cond": "(public.supplier.s_nationkey = public.nation.n_nationkey)", "Plans": [{"Node Type": "Index Scan", "Parent Relationship": "Outer", "Scan Direction": "Forward", "Index Name": "supplier_pkey", "Relation Name": "supplier", "Alias": "supplier", "Startup Cost": 0.0, "Total Cost": 5334.54, "Plan Rows": 100000, "Plan Width": 12, "Actual Startup Time": 0.027, "Actual Total Time": 57.603, "Actual Rows": 100000, "Actual Loops": 1}, {"Node Type": "Hash", "Parent Relationship": "Inner", "Startup Cost": 12.69, "Total Cost": 12.69, "Plan Rows": 1, "Plan Width": 4, "Actual Startup Time": 0.036, "Actual Total Time": 0.036, "Actual Rows": 1, "Actual Loops": 1, "Hash Buckets": 32768, "Hash Batches": 1, "Original Hash Batches": 1, "Peak Memory Usage": 1, "Plans": [{"Node Type": "Index Scan", "Parent Relationship": "Outer", "Scan Direction": "Forward", "Index Name": "nation_pkey", "Relation Name": "nation", "Alias": "nation", "Startup Cost": 0.0, "Total Cost": 12.69, "Plan Rows": 1, "Plan Width": 4, "Actual Startup Time": 0.023, "Actual Total Time": 0.029, "Actual Rows": 1, "Actual Loops": 1, "Filter": "(n_name = 'MOZAMBIQUE'::bpchar)", "Rows Removed by Filter": 24}]}]}, {"Node Type": "Index Scan", "Parent Relationship": "Inner", "Scan Direction": "Forward", "Index Name": "idx_partsupp_suppkey", "Relation Name": "partsupp", "Alias": "partsupp", "Startup Cost": 0.0, "Total Cost": 9.33, "Plan Rows": 13, "Plan Width": 32, "Actual Startup Time": 47.877, "Actual Total Time": 587.276, "Actual Rows": 313920, "Actual Loops": 3924, "Index Cond": "(ps_suppkey = public.supplier.s_suppkey)", "Rows Removed by Index Recheck": 0}]}]}]}, "Triggers": [], "Planner Runtime": 0, "Total Runtime": 2174.678, "Unique SQL Id": 2932834211}}, "(64, 42)": {"explain_plan": {"Plan": {"Node Type": "Sort", "Startup Cost": 614546.2, "Total Cost": 614680.65, "Plan Rows": 53780, "Plan Width": 40, "Sort Key": ["(sum((public.partsupp.ps_supplycost * (public.partsupp.ps_availqty)::double precision))) DESC"], "Plans": [{"Node Type": "Aggregate", "Strategy": "Plain", "Parent Relationship": "exec_init_plan", "Subplan Name": "InitPlan 1 (returns $0)", "Startup Cost": 304555.21, "Total Cost": 304555.23, "Plan Rows": 1, "Plan Width": 24, "Plans": [{"Node Type": "Hash Join", "Parent Relationship": "Outer", "Join Type": "Inner", "Startup Cost": 3624.95, "Total Cost": 304151.86, "Plan Rows": 53780, "Plan Width": 16, "Inner Unique": false, "Hash Cond": "(public.partsupp.ps_suppkey = public.supplier.s_suppkey)", "Plans": [{"Node Type": "Seq Scan", "Parent Relationship": "Outer", "Relation Name": "partsupp", "Alias": "partsupp", "Startup Cost": 0.0, "Total Cost": 269987.72, "Plan Rows": 8000372, "Plan Width": 24}, {"Node Type": "Hash", "Parent Relationship": "Inner", "Startup Cost": 3574.95, "Total Cost": 3574.95, "Plan Rows": 4000, "Plan Width": 8, "Plans": [{"Node Type": "Hash Join", "Parent Relationship": "Outer", "Join Type": "Inner", "Startup Cost": 1.32, "Total Cost": 3574.95, "Plan Rows": 4000, "Plan Width": 8, "Inner Unique": true, "Hash Cond": "(public.supplier.s_nationkey = public.nation.n_nationkey)", "Plans": [{"Node Type": "Seq Scan", "Parent Relationship": "Outer", "Relation Name": "supplier", "Alias": "supplier", "Startup Cost": 0.0, "Total Cost": 3283.0, "Plan Rows": 100000, "Plan Width": 12}, {"Node Type": "Hash", "Parent Relationship": "Inner", "Startup Cost": 1.31, "Total Cost": 1.31, "Plan Rows": 1, "Plan Width": 4, "Plans": [{"Node Type": "Seq Scan", "Parent Relationship": "Outer", "Relation Name": "nation", "Alias": "nation", "Startup Cost": 0.0, "Total Cost": 1.31, "Plan Rows": 1, "Plan Width": 4, "Filter": "(n_name = 'MOZAMBIQUE'::bpchar)"}]}]}]}]}]}, {"Node Type": "Aggregate", "Strategy": "Hashed", "Parent Relationship": "Outer", "Startup Cost": 305093.02, "Total Cost": 305765.27, "Plan Rows": 53780, "Plan Width": 40, "Group By Key": ["public.partsupp.ps_partkey"], "Filter": "(sum((public.partsupp.ps_supplycost * (public.partsupp.ps_availqty)::double precision)) > $0)", "Plans": [{"Node Type": "Hash Join", "Parent Relationship": "Outer", "Join Type": "Inner", "Startup Cost": 3624.95, "Total Cost": 304151.86, "Plan Rows": 53780, "Plan Width": 24, "Inner Unique": false, "Hash Cond": "(public.partsupp.ps_suppkey = public.supplier.s_suppkey)", "Plans": [{"Node Type": "Seq Scan", "Parent Relationship": "Outer", "Relation Name": "partsupp", "Alias": "partsupp", "Startup Cost": 0.0, "Total Cost": 269987.72, "Plan Rows": 8000372, "Plan Width": 32}, {"Node Type": "Hash", "Parent Relationship": "Inner", "Startup Cost": 3574.95, "Total Cost": 3574.95, "Plan Rows": 4000, "Plan Width": 8, "Plans": [{"Node Type": "Hash Join", "Parent Relationship": "Outer", "Join Type": "Inner", "Startup Cost": 1.32, "Total Cost": 3574.95, "Plan Rows": 4000, "Plan Width": 8, "Inner Unique": true, "Hash Cond": "(public.supplier.s_nationkey = public.nation.n_nationkey)", "Plans": [{"Node Type": "Seq Scan", "Parent Relationship": "Outer", "Relation Name": "supplier", "Alias": "supplier", "Startup Cost": 0.0, "Total Cost": 3283.0, "Plan Rows": 100000, "Plan Width": 12}, {"Node Type": "Hash", "Parent Relationship": "Inner", "Startup Cost": 1.31, "Total Cost": 1.31, "Plan Rows": 1, "Plan Width": 4, "Plans": [{"Node Type": "Seq Scan", "Parent Relationship": "Outer", "Relation Name": "nation", "Alias": "nation", "Startup Cost": 0.0, "Total Cost": 1.31, "Plan Rows": 1, "Plan Width": 4, "Filter": "(n_name = 'MOZAMBIQUE'::bpchar)"}]}]}]}]}]}]}, "Unique SQL Id": 2932834211, "Planner Runtime": 0}, "explain_analyze_plan": null}, "(64, 43)": {"explain_plan": {"Plan": {"Node Type": "Sort", "Startup Cost": 6001104432332.89, "Total Cost": 6001104432467.34, "Plan Rows": 53780, "Plan Width": 40, "Sort Key": ["(sum((public.partsupp.ps_supplycost * (public.partsupp.ps_availqty)::double precision))) DESC"], "Plans": [{"Node Type": "Aggregate", "Strategy": "Plain", "Parent Relationship": "exec_init_plan", "Subplan Name": "InitPlan 1 (returns $0)", "Startup Cost": 3000580719437.25, "Total Cost": 3000580719437.27, "Plan Rows": 1, "Plan Width": 24, "Plans": [{"Node Type": "Nested Loop", "Parent Relationship": "Outer", "Join Type": "Inner", "Startup Cost": 30000000000.0, "Total Cost": 3000580719033.9, "Plan Rows": 53780, "Plan Width": 16, "Inner Unique": false, "Join Filter": "(public.supplier.s_suppkey = public.partsupp.ps_suppkey)", "Plans": [{"Node Type": "Index Scan", "Parent Relationship": "Outer", "Scan Direction": "Forward", "Index Name": "idx_partsupp_suppkey", "Relation Name": "partsupp", "Alias": "partsupp", "Startup Cost": 10000000000.0, "Total Cost": 1000100160480.77, "Plan Rows": 8000372, "Plan Width": 24}, {"Node Type": "Materialize", "Parent Relationship": "Inner", "Startup Cost": 20000000000.0, "Total Cost": 2000000536243.13, "Plan Rows": 4000, "Plan Width": 8, "Plans": [{"Node Type": "Nested Loop", "Parent Relationship": "Outer", "Join Type": "Inner", "Startup Cost": 20000000000.0, "Total Cost": 2000000536223.13, "Plan Rows": 4000, "Plan Width": 8, "Inner Unique": true, "Join Filter": "(public.supplier.s_nationkey = public.nation.n_nationkey)", "Plans": [{"Node Type": "Index Scan", "Parent Relationship": "Outer", "Scan Direction": "Forward", "Index Name": "supplier_pkey", "Relation Name": "supplier", "Alias": "supplier", "Startup Cost": 10000000000.0, "Total Cost": 1000000533454.38, "Plan Rows": 100000, "Plan Width": 12}, {"Node Type": "Materialize", "Parent Relationship": "Inner", "Startup Cost": 10000000000.0, "Total Cost": 1000000001268.76, "Plan Rows": 1, "Plan Width": 4, "Plans": [{"Node Type": "Index Scan", "Parent Relationship": "Outer", "Scan Direction": "Forward", "Index Name": "nation_pkey", "Relation Name": "nation", "Alias": "nation", "Startup Cost": 10000000000.0, "Total Cost": 1000000001268.75, "Plan Rows": 1, "Plan Width": 4, "Filter": "(n_name = 'MOZAMBIQUE'::bpchar)"}]}]}]}]}]}, {"Node Type": "Aggregate", "Strategy": "Hashed", "Parent Relationship": "Outer", "Startup Cost": 3000523707997.67, "Total Cost": 3000523708669.92, "Plan Rows": 53780, "Plan Width": 40, "Group By Key": ["public.partsupp.ps_partkey"], "Filter": "(sum((public.partsupp.ps_supplycost * (public.partsupp.ps_availqty)::double precision)) > $0)", "Plans": [{"Node Type": "Nested Loop", "Parent Relationship": "Outer", "Join Type": "Inner", "Startup Cost": 30000000000.0, "Total Cost": 3000523707056.51, "Plan Rows": 53780, "Plan Width": 24, "Inner Unique": false, "Join Filter": "(public.supplier.s_suppkey = public.partsupp.ps_suppkey)", "Plans": [{"Node Type": "Index Scan", "Parent Relationship": "Outer", "Scan Direction": "Forward", "Index Name": "idx_partsupp_partkey", "Relation Name": "partsupp", "Alias": "partsupp", "Startup Cost": 10000000000.0, "Total Cost": 1000043148503.38, "Plan Rows": 8000372, "Plan Width": 32}, {"Node Type": "Materialize", "Parent Relationship": "Inner", "Startup Cost": 20000000000.0, "Total Cost": 2000000536243.13, "Plan Rows": 4000, "Plan Width": 8, "Plans": [{"Node Type": "Nested Loop", "Parent Relationship": "Outer", "Join Type": "Inner", "Startup Cost": 20000000000.0, "Total Cost": 2000000536223.13, "Plan Rows": 4000, "Plan Width": 8, "Inner Unique": true, "Join Filter": "(public.supplier.s_nationkey = public.nation.n_nationkey)", "Plans": [{"Node Type": "Index Scan", "Parent Relationship": "Outer", "Scan Direction": "Forward", "Index Name": "supplier_pkey", "Relation Name": "supplier", "Alias": "supplier", "Startup Cost": 10000000000.0, "Total Cost": 1000000533454.38, "Plan Rows": 100000, "Plan Width": 12}, {"Node Type": "Materialize", "Parent Relationship": "Inner", "Startup Cost": 10000000000.0, "Total Cost": 1000000001268.76, "Plan Rows": 1, "Plan Width": 4, "Plans": [{"Node Type": "Index Scan", "Parent Relationship": "Outer", "Scan Direction": "Forward", "Index Name": "nation_pkey", "Relation Name": "nation", "Alias": "nation", "Startup Cost": 10000000000.0, "Total Cost": 1000000001268.75, "Plan Rows": 1, "Plan Width": 4, "Filter": "(n_name = 'MOZAMBIQUE'::bpchar)"}]}]}]}]}]}]}, "Unique SQL Id": 2932834211, "Planner Runtime": 0}, "explain_analyze_plan": null}, "(64, 44)": {"explain_plan": {"Plan": {"Node Type": "Sort", "Startup Cost": 89040.3, "Total Cost": 89174.75, "Plan Rows": 53780, "Plan Width": 40, "Sort Key": ["(sum((public.partsupp.ps_supplycost * (public.partsupp.ps_availqty)::double precision))) DESC"], "Plans": [{"Node Type": "Aggregate", "Strategy": "Plain", "Parent Relationship": "exec_init_plan", "Subplan Name": "InitPlan 1 (returns $1)", "Startup Cost": 41802.27, "Total Cost": 41802.28, "Plan Rows": 1, "Plan Width": 24, "Plans": [{"Node Type": "Nested Loop", "Parent Relationship": "Outer", "Join Type": "Inner", "Startup Cost": 1.32, "Total Cost": 41398.92, "Plan Rows": 53780, "Plan Width": 16, "Inner Unique": false, "Plans": [{"Node Type": "Hash Join", "Parent Relationship": "Outer", "Join Type": "Inner", "Startup Cost": 1.32, "Total Cost": 3574.95, "Plan Rows": 4000, "Plan Width": 8, "Inner Unique": true, "Hash Cond": "(public.supplier.s_nationkey = public.nation.n_nationkey)", "Plans": [{"Node Type": "Seq Scan", "Parent Relationship": "Outer", "Relation Name": "supplier", "Alias": "supplier", "Startup Cost": 0.0, "Total Cost": 3283.0, "Plan Rows": 100000, "Plan Width": 12}, {"Node Type": "Hash", "Parent Relationship": "Inner", "Startup Cost": 1.31, "Total Cost": 1.31, "Plan Rows": 1, "Plan Width": 4, "Plans": [{"Node Type": "Seq Scan", "Parent Relationship": "Outer", "Relation Name": "nation", "Alias": "nation", "Startup Cost": 0.0, "Total Cost": 1.31, "Plan Rows": 1, "Plan Width": 4, "Filter": "(n_name = 'MOZAMBIQUE'::bpchar)"}]}]}, {"Node Type": "Index Scan", "Parent Relationship": "Inner", "Scan Direction": "Forward", "Index Name": "idx_partsupp_suppkey", "Relation Name": "partsupp", "Alias": "partsupp", "Startup Cost": 0.0, "Total Cost": 9.33, "Plan Rows": 13, "Plan Width": 24, "Index Cond": "(ps_suppkey = public.supplier.s_suppkey)"}]}]}, {"Node Type": "Aggregate", "Strategy": "Hashed", "Parent Relationship": "Outer", "Startup Cost": 42340.07, "Total Cost": 43012.32, "Plan Rows": 53780, "Plan Width": 40, "Group By Key": ["public.partsupp.ps_partkey"], "Filter": "(sum((public.partsupp.ps_supplycost * (public.partsupp.ps_availqty)::double precision)) > $1)", "Plans": [{"Node Type": "Nested Loop", "Parent Relationship": "Outer", "Join Type": "Inner", "Startup Cost": 1.32, "Total Cost": 41398.92, "Plan Rows": 53780, "Plan Width": 24, "Inner Unique": false, "Plans": [{"Node Type": "Hash Join", "Parent Relationship": "Outer", "Join Type": "Inner", "Startup Cost": 1.32, "Total Cost": 3574.95, "Plan Rows": 4000, "Plan Width": 8, "Inner Unique": true, "Hash Cond": "(public.supplier.s_nationkey = public.nation.n_nationkey)", "Plans": [{"Node Type": "Seq Scan", "Parent Relationship": "Outer", "Relation Name": "supplier", "Alias": "supplier", "Startup Cost": 0.0, "Total Cost": 3283.0, "Plan Rows": 100000, "Plan Width": 12}, {"Node Type": "Hash", "Parent Relationship": "Inner", "Startup Cost": 1.31, "Total Cost": 1.31, "Plan Rows": 1, "Plan Width": 4, "Plans": [{"Node Type": "Seq Scan", "Parent Relationship": "Outer", "Relation Name": "nation", "Alias": "nation", "Startup Cost": 0.0, "Total Cost": 1.31, "Plan Rows": 1, "Plan Width": 4, "Filter": "(n_name = 'MOZAMBIQUE'::bpchar)"}]}]}, {"Node Type": "Index Scan", "Parent Relationship": "Inner", "Scan Direction": "Forward", "Index Name": "idx_partsupp_suppkey", "Relation Name": "partsupp", "Alias": "partsupp", "Startup Cost": 0.0, "Total Cost": 9.33, "Plan Rows": 13, "Plan Width": 32, "Index Cond": "(ps_suppkey = public.supplier.s_suppkey)"}]}]}]}, "Unique SQL Id": 2932834211, "Planner Runtime": 0}, "explain_analyze_plan": {"Plan": {"Node Type": "Sort", "Startup Cost": 89040.3, "Total Cost": 89174.75, "Plan Rows": 53780, "Plan Width": 40, "Actual Startup Time": 1952.782, "Actual Total Time": 1952.782, "Actual Rows": 0, "Actual Loops": 1, "Sort Key": ["(sum((public.partsupp.ps_supplycost * (public.partsupp.ps_availqty)::double precision))) DESC"], "Sort Method": "quicksort", "Sort Space Used": 25, "Sort Space Type": "Memory", "Plans": [{"Node Type": "Aggregate", "Strategy": "Plain", "Parent Relationship": "exec_init_plan", "Subplan Name": "InitPlan 1 (returns $1)", "Startup Cost": 41802.27, "Total Cost": 41802.28, "Plan Rows": 1, "Plan Width": 24, "Actual Startup Time": 837.224, "Actual Total Time": 837.225, "Actual Rows": 1, "Actual Loops": 1, "Plans": [{"Node Type": "Nested Loop", "Parent Relationship": "Outer", "Join Type": "Inner", "Startup Cost": 1.32, "Total Cost": 41398.92, "Plan Rows": 53780, "Plan Width": 16, "Actual Startup Time": 0.143, "Actual Total Time": 702.51, "Actual Rows": 313920, "Actual Loops": 1, "Inner Unique": false, "Plans": [{"Node Type": "Hash Join", "Parent Relationship": "Outer", "Join Type": "Inner", "Startup Cost": 1.32, "Total Cost": 3574.95, "Plan Rows": 4000, "Plan Width": 8, "Actual Startup Time": 0.118, "Actual Total Time": 51.636, "Actual Rows": 3924, "Actual Loops": 1, "Inner Unique": true, "Hash Cond": "(public.supplier.s_nationkey = public.nation.n_nationkey)", "Plans": [{"Node Type": "Seq Scan", "Parent Relationship": "Outer", "Relation Name": "supplier", "Alias": "supplier", "Startup Cost": 0.0, "Total Cost": 3283.0, "Plan Rows": 100000, "Plan Width": 12, "Actual Startup Time": 0.015, "Actual Total Time": 29.225, "Actual Rows": 100000, "Actual Loops": 1}, {"Node Type": "Hash", "Parent Relationship": "Inner", "Startup Cost": 1.31, "Total Cost": 1.31, "Plan Rows": 1, "Plan Width": 4, "Actual Startup Time": 0.035, "Actual Total Time": 0.035, "Actual Rows": 1, "Actual Loops": 1, "Hash Buckets": 32768, "Hash Batches": 1, "Original Hash Batches": 1, "Peak Memory Usage": 1, "Plans": [{"Node Type": "Seq Scan", "Parent Relationship": "Outer", "Relation Name": "nation", "Alias": "nation", "Startup Cost": 0.0, "Total Cost": 1.31, "Plan Rows": 1, "Plan Width": 4, "Actual Startup Time": 0.022, "Actual Total Time": 0.024, "Actual Rows": 1, "Actual Loops": 1, "Filter": "(n_name = 'MOZAMBIQUE'::bpchar)", "Rows Removed by Filter": 24}]}]}, {"Node Type": "Index Scan", "Parent Relationship": "Inner", "Scan Direction": "Forward", "Index Name": "idx_partsupp_suppkey", "Relation Name": "partsupp", "Alias": "partsupp", "Startup Cost": 0.0, "Total Cost": 9.33, "Plan Rows": 13, "Plan Width": 24, "Actual Startup Time": 48.923, "Actual Total Time": 582.649, "Actual Rows": 313920, "Actual Loops": 3924, "Index Cond": "(ps_suppkey = public.supplier.s_suppkey)", "Rows Removed by Index Recheck": 0}]}]}, {"Node Type": "Aggregate", "Strategy": "Hashed", "Parent Relationship": "Outer", "Startup Cost": 42340.07, "Total Cost": 43012.32, "Plan Rows": 53780, "Plan Width": 40, "Actual Startup Time": 1952.345, "Actual Total Time": 1952.345, "Actual Rows": 0, "Actual Loops": 1, "Group By Key": ["public.partsupp.ps_partkey"], "Filter": "(sum((public.partsupp.ps_supplycost * (public.partsupp.ps_availqty)::double precision)) > $1)", "Rows Removed by Filter": 295792, "Plans": [{"Node Type": "Nested Loop", "Parent Relationship": "Outer", "Join Type": "Inner", "Startup Cost": 1.32, "Total Cost": 41398.92, "Plan Rows": 53780, "Plan Width": 24, "Actual Startup Time": 0.115, "Actual Total Time": 704.981, "Actual Rows": 313920, "Actual Loops": 1, "Inner Unique": false, "Plans": [{"Node Type": "Hash Join", "Parent Relationship": "Outer", "Join Type": "Inner", "Startup Cost": 1.32, "Total Cost": 3574.95, "Plan Rows": 4000, "Plan Width": 8, "Actual Startup Time": 0.092, "Actual Total Time": 52.151, "Actual Rows": 3924, "Actual Loops": 1, "Inner Unique": true, "Hash Cond": "(public.supplier.s_nationkey = public.nation.n_nationkey)", "Plans": [{"Node Type": "Seq Scan", "Parent Relationship": "Outer", "Relation Name": "supplier", "Alias": "supplier", "Startup Cost": 0.0, "Total Cost": 3283.0, "Plan Rows": 100000, "Plan Width": 12, "Actual Startup Time": 0.018, "Actual Total Time": 29.388, "Actual Rows": 100000, "Actual Loops": 1}, {"Node Type": "Hash", "Parent Relationship": "Inner", "Startup Cost": 1.31, "Total Cost": 1.31, "Plan Rows": 1, "Plan Width": 4, "Actual Startup Time": 0.028, "Actual Total Time": 0.028, "Actual Rows": 1, "Actual Loops": 1, "Hash Buckets": 32768, "Hash Batches": 1, "Original Hash Batches": 1, "Peak Memory Usage": 1, "Plans": [{"Node Type": "Seq Scan", "Parent Relationship": "Outer", "Relation Name": "nation", "Alias": "nation", "Startup Cost": 0.0, "Total Cost": 1.31, "Plan Rows": 1, "Plan Width": 4, "Actual Startup Time": 0.019, "Actual Total Time": 0.022, "Actual Rows": 1, "Actual Loops": 1, "Filter": "(n_name = 'MOZAMBIQUE'::bpchar)", "Rows Removed by Filter": 24}]}]}, {"Node Type": "Index Scan", "Parent Relationship": "Inner", "Scan Direction": "Forward", "Index Name": "idx_partsupp_suppkey", "Relation Name": "partsupp", "Alias": "partsupp", "Startup Cost": 0.0, "Total Cost": 9.33, "Plan Rows": 13, "Plan Width": 32, "Actual Startup Time": 48.312, "Actual Total Time": 581.52, "Actual Rows": 313920, "Actual Loops": 3924, "Index Cond": "(ps_suppkey = public.supplier.s_suppkey)", "Rows Removed by Index Recheck": 0}]}]}]}, "Triggers": [], "Planner Runtime": 1, "Total Runtime": 1953.092, "Unique SQL Id": 2932834211}}, "(64, 45)": {"explain_plan": {"Plan": {"Node Type": "Sort", "Startup Cost": 93166.14, "Total Cost": 93300.59, "Plan Rows": 53780, "Plan Width": 40, "Sort Key": ["(sum((public.partsupp.ps_supplycost * (public.partsupp.ps_availqty)::double precision))) DESC"], "Plans": [{"Node Type": "Aggregate", "Strategy": "Plain", "Parent Relationship": "exec_init_plan", "Subplan Name": "InitPlan 1 (returns $1)", "Startup Cost": 43865.19, "Total Cost": 43865.2, "Plan Rows": 1, "Plan Width": 24, "Plans": [{"Node Type": "Nested Loop", "Parent Relationship": "Outer", "Join Type": "Inner", "Startup Cost": 12.7, "Total Cost": 43461.84, "Plan Rows": 53780, "Plan Width": 16, "Inner Unique": false, "Plans": [{"Node Type": "Hash Join", "Parent Relationship": "Outer", "Join Type": "Inner", "Startup Cost": 12.7, "Total Cost": 5637.87, "Plan Rows": 4000, "Plan Width": 8, "Inner Unique": true, "Hash Cond": "(public.supplier.s_nationkey = public.nation.n_nationkey)", "Plans": [{"Node Type": "Index Scan", "Parent Relationship": "Outer", "Scan Direction": "Forward", "Index Name": "supplier_pkey", "Relation Name": "supplier", "Alias": "supplier", "Startup Cost": 0.0, "Total Cost": 5334.54, "Plan Rows": 100000, "Plan Width": 12}, {"Node Type": "Hash", "Parent Relationship": "Inner", "Startup Cost": 12.69, "Total Cost": 12.69, "Plan Rows": 1, "Plan Width": 4, "Plans": [{"Node Type": "Index Scan", "Parent Relationship": "Outer", "Scan Direction": "Forward", "Index Name": "nation_pkey", "Relation Name": "nation", "Alias": "nation", "Startup Cost": 0.0, "Total Cost": 12.69, "Plan Rows": 1, "Plan Width": 4, "Filter": "(n_name = 'MOZAMBIQUE'::bpchar)"}]}]}, {"Node Type": "Index Scan", "Parent Relationship": "Inner", "Scan Direction": "Forward", "Index Name": "idx_partsupp_suppkey", "Relation Name": "partsupp", "Alias": "partsupp", "Startup Cost": 0.0, "Total Cost": 9.33, "Plan Rows": 13, "Plan Width": 24, "Index Cond": "(ps_suppkey = public.supplier.s_suppkey)"}]}]}, {"Node Type": "Aggregate", "Strategy": "Hashed", "Parent Relationship": "Outer", "Startup Cost": 44402.99, "Total Cost": 45075.24, "Plan Rows": 53780, "Plan Width": 40, "Group By Key": ["public.partsupp.ps_partkey"], "Filter": "(sum((public.partsupp.ps_supplycost * (public.partsupp.ps_availqty)::double precision)) > $1)", "Plans": [{"Node Type": "Nested Loop", "Parent Relationship": "Outer", "Join Type": "Inner", "Startup Cost": 12.7, "Total Cost": 43461.84, "Plan Rows": 53780, "Plan Width": 24, "Inner Unique": false, "Plans": [{"Node Type": "Hash Join", "Parent Relationship": "Outer", "Join Type": "Inner", "Startup Cost": 12.7, "Total Cost": 5637.87, "Plan Rows": 4000, "Plan Width": 8, "Inner Unique": true, "Hash Cond": "(public.supplier.s_nationkey = public.nation.n_nationkey)", "Plans": [{"Node Type": "Index Scan", "Parent Relationship": "Outer", "Scan Direction": "Forward", "Index Name": "supplier_pkey", "Relation Name": "supplier", "Alias": "supplier", "Startup Cost": 0.0, "Total Cost": 5334.54, "Plan Rows": 100000, "Plan Width": 12}, {"Node Type": "Hash", "Parent Relationship": "Inner", "Startup Cost": 12.69, "Total Cost": 12.69, "Plan Rows": 1, "Plan Width": 4, "Plans": [{"Node Type": "Index Scan", "Parent Relationship": "Outer", "Scan Direction": "Forward", "Index Name": "nation_pkey", "Relation Name": "nation", "Alias": "nation", "Startup Cost": 0.0, "Total Cost": 12.69, "Plan Rows": 1, "Plan Width": 4, "Filter": "(n_name = 'MOZAMBIQUE'::bpchar)"}]}]}, {"Node Type": "Index Scan", "Parent Relationship": "Inner", "Scan Direction": "Forward", "Index Name": "idx_partsupp_suppkey", "Relation Name": "partsupp", "Alias": "partsupp", "Startup Cost": 0.0, "Total Cost": 9.33, "Plan Rows": 13, "Plan Width": 32, "Index Cond": "(ps_suppkey = public.supplier.s_suppkey)"}]}]}]}, "Unique SQL Id": 2932834211, "Planner Runtime": 0}, "explain_analyze_plan": {"Plan": {"Node Type": "Sort", "Startup Cost": 93166.14, "Total Cost": 93300.59, "Plan Rows": 53780, "Plan Width": 40, "Actual Startup Time": 2174.384, "Actual Total Time": 2174.384, "Actual Rows": 0, "Actual Loops": 1, "Sort Key": ["(sum((public.partsupp.ps_supplycost * (public.partsupp.ps_availqty)::double precision))) DESC"], "Sort Method": "quicksort", "Sort Space Used": 25, "Sort Space Type": "Memory", "Plans": [{"Node Type": "Aggregate", "Strategy": "Plain", "Parent Relationship": "exec_init_plan", "Subplan Name": "InitPlan 1 (returns $1)", "Startup Cost": 43865.19, "Total Cost": 43865.2, "Plan Rows": 1, "Plan Width": 24, "Actual Startup Time": 1034.184, "Actual Total Time": 1034.185, "Actual Rows": 1, "Actual Loops": 1, "Plans": [{"Node Type": "Nested Loop", "Parent Relationship": "Outer", "Join Type": "Inner", "Startup Cost": 12.7, "Total Cost": 43461.84, "Plan Rows": 53780, "Plan Width": 16, "Actual Startup Time": 0.174, "Actual Total Time": 897.373, "Actual Rows": 313920, "Actual Loops": 1, "Inner Unique": false, "Plans": [{"Node Type": "Hash Join", "Parent Relationship": "Outer", "Join Type": "Inner", "Startup Cost": 12.7, "Total Cost": 5637.87, "Plan Rows": 4000, "Plan Width": 8, "Actual Startup Time": 0.145, "Actual Total Time": 91.714, "Actual Rows": 3924, "Actual Loops": 1, "Inner Unique": true, "Hash Cond": "(public.supplier.s_nationkey = public.nation.n_nationkey)", "Plans": [{"Node Type": "Index Scan", "Parent Relationship": "Outer", "Scan Direction": "Forward", "Index Name": "supplier_pkey", "Relation Name": "supplier", "Alias": "supplier", "Startup Cost": 0.0, "Total Cost": 5334.54, "Plan Rows": 100000, "Plan Width": 12, "Actual Startup Time": 0.031, "Actual Total Time": 70.685, "Actual Rows": 100000, "Actual Loops": 1}, {"Node Type": "Hash", "Parent Relationship": "Inner", "Startup Cost": 12.69, "Total Cost": 12.69, "Plan Rows": 1, "Plan Width": 4, "Actual Startup Time": 0.046, "Actual Total Time": 0.046, "Actual Rows": 1, "Actual Loops": 1, "Hash Buckets": 32768, "Hash Batches": 1, "Original Hash Batches": 1, "Peak Memory Usage": 1, "Plans": [{"Node Type": "Index Scan", "Parent Relationship": "Outer", "Scan Direction": "Forward", "Index Name": "nation_pkey", "Relation Name": "nation", "Alias": "nation", "Startup Cost": 0.0, "Total Cost": 12.69, "Plan Rows": 1, "Plan Width": 4, "Actual Startup Time": 0.031, "Actual Total Time": 0.038, "Actual Rows": 1, "Actual Loops": 1, "Filter": "(n_name = 'MOZAMBIQUE'::bpchar)", "Rows Removed by Filter": 24}]}]}, {"Node Type": "Index Scan", "Parent Relationship": "Inner", "Scan Direction": "Forward", "Index Name": "idx_partsupp_suppkey", "Relation Name": "partsupp", "Alias": "partsupp", "Startup Cost": 0.0, "Total Cost": 9.33, "Plan Rows": 13, "Plan Width": 24, "Actual Startup Time": 57.484, "Actual Total Time": 738.465, "Actual Rows": 313920, "Actual Loops": 3924, "Index Cond": "(ps_suppkey = public.supplier.s_suppkey)", "Rows Removed by Index Recheck": 0}]}]}, {"Node Type": "Aggregate", "Strategy": "Hashed", "Parent Relationship": "Outer", "Startup Cost": 44402.99, "Total Cost": 45075.24, "Plan Rows": 53780, "Plan Width": 40, "Actual Startup Time": 2173.992, "Actual Total Time": 2173.992, "Actual Rows": 0, "Actual Loops": 1, "Group By Key": ["public.partsupp.ps_partkey"], "Filter": "(sum((public.partsupp.ps_supplycost * (public.partsupp.ps_availqty)::double precision)) > $1)", "Rows Removed by Filter": 295792, "Plans": [{"Node Type": "Nested Loop", "Parent Relationship": "Outer", "Join Type": "Inner", "Startup Cost": 12.7, "Total Cost": 43461.84, "Plan Rows": 53780, "Plan Width": 24, "Actual Startup Time": 0.137, "Actual Total Time": 737.983, "Actual Rows": 313920, "Actual Loops": 1, "Inner Unique": false, "Plans": [{"Node Type": "Hash Join", "Parent Relationship": "Outer", "Join Type": "Inner", "Startup Cost": 12.7, "Total Cost": 5637.87, "Plan Rows": 4000, "Plan Width": 8, "Actual Startup Time": 0.116, "Actual Total Time": 79.01, "Actual Rows": 3924, "Actual Loops": 1, "Inner Unique": true, "Hash Cond": "(public.supplier.s_nationkey = public.nation.n_nationkey)", "Plans": [{"Node Type": "Index Scan", "Parent Relationship": "Outer", "Scan Direction": "Forward", "Index Name": "supplier_pkey", "Relation Name": "supplier", "Alias": "supplier", "Startup Cost": 0.0, "Total Cost": 5334.54, "Plan Rows": 100000, "Plan Width": 12, "Actual Startup Time": 0.027, "Actual Total Time": 57.603, "Actual Rows": 100000, "Actual Loops": 1}, {"Node Type": "Hash", "Parent Relationship": "Inner", "Startup Cost": 12.69, "Total Cost": 12.69, "Plan Rows": 1, "Plan Width": 4, "Actual Startup Time": 0.036, "Actual Total Time": 0.036, "Actual Rows": 1, "Actual Loops": 1, "Hash Buckets": 32768, "Hash Batches": 1, "Original Hash Batches": 1, "Peak Memory Usage": 1, "Plans": [{"Node Type": "Index Scan", "Parent Relationship": "Outer", "Scan Direction": "Forward", "Index Name": "nation_pkey", "Relation Name": "nation", "Alias": "nation", "Startup Cost": 0.0, "Total Cost": 12.69, "Plan Rows": 1, "Plan Width": 4, "Actual Startup Time": 0.023, "Actual Total Time": 0.029, "Actual Rows": 1, "Actual Loops": 1, "Filter": "(n_name = 'MOZAMBIQUE'::bpchar)", "Rows Removed by Filter": 24}]}]}, {"Node Type": "Index Scan", "Parent Relationship": "Inner", "Scan Direction": "Forward", "Index Name": "idx_partsupp_suppkey", "Relation Name": "partsupp", "Alias": "partsupp", "Startup Cost": 0.0, "Total Cost": 9.33, "Plan Rows": 13, "Plan Width": 32, "Actual Startup Time": 47.877, "Actual Total Time": 587.276, "Actual Rows": 313920, "Actual Loops": 3924, "Index Cond": "(ps_suppkey = public.supplier.s_suppkey)", "Rows Removed by Index Recheck": 0}]}]}]}, "Triggers": [], "Planner Runtime": 0, "Total Runtime": 2174.678, "Unique SQL Id": 2932834211}}, "(64, 46)": {"explain_plan": {"Plan": {"Node Type": "Sort", "Startup Cost": 614546.2, "Total Cost": 614680.65, "Plan Rows": 53780, "Plan Width": 40, "Sort Key": ["(sum((public.partsupp.ps_supplycost * (public.partsupp.ps_availqty)::double precision))) DESC"], "Plans": [{"Node Type": "Aggregate", "Strategy": "Plain", "Parent Relationship": "exec_init_plan", "Subplan Name": "InitPlan 1 (returns $0)", "Startup Cost": 304555.21, "Total Cost": 304555.23, "Plan Rows": 1, "Plan Width": 24, "Plans": [{"Node Type": "Hash Join", "Parent Relationship": "Outer", "Join Type": "Inner", "Startup Cost": 3624.95, "Total Cost": 304151.86, "Plan Rows": 53780, "Plan Width": 16, "Inner Unique": false, "Hash Cond": "(public.partsupp.ps_suppkey = public.supplier.s_suppkey)", "Plans": [{"Node Type": "Seq Scan", "Parent Relationship": "Outer", "Relation Name": "partsupp", "Alias": "partsupp", "Startup Cost": 0.0, "Total Cost": 269987.72, "Plan Rows": 8000372, "Plan Width": 24}, {"Node Type": "Hash", "Parent Relationship": "Inner", "Startup Cost": 3574.95, "Total Cost": 3574.95, "Plan Rows": 4000, "Plan Width": 8, "Plans": [{"Node Type": "Hash Join", "Parent Relationship": "Outer", "Join Type": "Inner", "Startup Cost": 1.32, "Total Cost": 3574.95, "Plan Rows": 4000, "Plan Width": 8, "Inner Unique": true, "Hash Cond": "(public.supplier.s_nationkey = public.nation.n_nationkey)", "Plans": [{"Node Type": "Seq Scan", "Parent Relationship": "Outer", "Relation Name": "supplier", "Alias": "supplier", "Startup Cost": 0.0, "Total Cost": 3283.0, "Plan Rows": 100000, "Plan Width": 12}, {"Node Type": "Hash", "Parent Relationship": "Inner", "Startup Cost": 1.31, "Total Cost": 1.31, "Plan Rows": 1, "Plan Width": 4, "Plans": [{"Node Type": "Seq Scan", "Parent Relationship": "Outer", "Relation Name": "nation", "Alias": "nation", "Startup Cost": 0.0, "Total Cost": 1.31, "Plan Rows": 1, "Plan Width": 4, "Filter": "(n_name = 'MOZAMBIQUE'::bpchar)"}]}]}]}]}]}, {"Node Type": "Aggregate", "Strategy": "Hashed", "Parent Relationship": "Outer", "Startup Cost": 305093.02, "Total Cost": 305765.27, "Plan Rows": 53780, "Plan Width": 40, "Group By Key": ["public.partsupp.ps_partkey"], "Filter": "(sum((public.partsupp.ps_supplycost * (public.partsupp.ps_availqty)::double precision)) > $0)", "Plans": [{"Node Type": "Hash Join", "Parent Relationship": "Outer", "Join Type": "Inner", "Startup Cost": 3624.95, "Total Cost": 304151.86, "Plan Rows": 53780, "Plan Width": 24, "Inner Unique": false, "Hash Cond": "(public.partsupp.ps_suppkey = public.supplier.s_suppkey)", "Plans": [{"Node Type": "Seq Scan", "Parent Relationship": "Outer", "Relation Name": "partsupp", "Alias": "partsupp", "Startup Cost": 0.0, "Total Cost": 269987.72, "Plan Rows": 8000372, "Plan Width": 32}, {"Node Type": "Hash", "Parent Relationship": "Inner", "Startup Cost": 3574.95, "Total Cost": 3574.95, "Plan Rows": 4000, "Plan Width": 8, "Plans": [{"Node Type": "Hash Join", "Parent Relationship": "Outer", "Join Type": "Inner", "Startup Cost": 1.32, "Total Cost": 3574.95, "Plan Rows": 4000, "Plan Width": 8, "Inner Unique": true, "Hash Cond": "(public.supplier.s_nationkey = public.nation.n_nationkey)", "Plans": [{"Node Type": "Seq Scan", "Parent Relationship": "Outer", "Relation Name": "supplier", "Alias": "supplier", "Startup Cost": 0.0, "Total Cost": 3283.0, "Plan Rows": 100000, "Plan Width": 12}, {"Node Type": "Hash", "Parent Relationship": "Inner", "Startup Cost": 1.31, "Total Cost": 1.31, "Plan Rows": 1, "Plan Width": 4, "Plans": [{"Node Type": "Seq Scan", "Parent Relationship": "Outer", "Relation Name": "nation", "Alias": "nation", "Startup Cost": 0.0, "Total Cost": 1.31, "Plan Rows": 1, "Plan Width": 4, "Filter": "(n_name = 'MOZAMBIQUE'::bpchar)"}]}]}]}]}]}]}, "Unique SQL Id": 2932834211, "Planner Runtime": 0}, "explain_analyze_plan": null}, "(64, 47)": {"explain_plan": {"Plan": {"Node Type": "Sort", "Startup Cost": 6001104432332.89, "Total Cost": 6001104432467.34, "Plan Rows": 53780, "Plan Width": 40, "Sort Key": ["(sum((public.partsupp.ps_supplycost * (public.partsupp.ps_availqty)::double precision))) DESC"], "Plans": [{"Node Type": "Aggregate", "Strategy": "Plain", "Parent Relationship": "exec_init_plan", "Subplan Name": "InitPlan 1 (returns $0)", "Startup Cost": 3000580719437.25, "Total Cost": 3000580719437.27, "Plan Rows": 1, "Plan Width": 24, "Plans": [{"Node Type": "Nested Loop", "Parent Relationship": "Outer", "Join Type": "Inner", "Startup Cost": 30000000000.0, "Total Cost": 3000580719033.9, "Plan Rows": 53780, "Plan Width": 16, "Inner Unique": false, "Join Filter": "(public.supplier.s_suppkey = public.partsupp.ps_suppkey)", "Plans": [{"Node Type": "Index Scan", "Parent Relationship": "Outer", "Scan Direction": "Forward", "Index Name": "idx_partsupp_suppkey", "Relation Name": "partsupp", "Alias": "partsupp", "Startup Cost": 10000000000.0, "Total Cost": 1000100160480.77, "Plan Rows": 8000372, "Plan Width": 24}, {"Node Type": "Materialize", "Parent Relationship": "Inner", "Startup Cost": 20000000000.0, "Total Cost": 2000000536243.13, "Plan Rows": 4000, "Plan Width": 8, "Plans": [{"Node Type": "Nested Loop", "Parent Relationship": "Outer", "Join Type": "Inner", "Startup Cost": 20000000000.0, "Total Cost": 2000000536223.13, "Plan Rows": 4000, "Plan Width": 8, "Inner Unique": true, "Join Filter": "(public.supplier.s_nationkey = public.nation.n_nationkey)", "Plans": [{"Node Type": "Index Scan", "Parent Relationship": "Outer", "Scan Direction": "Forward", "Index Name": "supplier_pkey", "Relation Name": "supplier", "Alias": "supplier", "Startup Cost": 10000000000.0, "Total Cost": 1000000533454.38, "Plan Rows": 100000, "Plan Width": 12}, {"Node Type": "Materialize", "Parent Relationship": "Inner", "Startup Cost": 10000000000.0, "Total Cost": 1000000001268.76, "Plan Rows": 1, "Plan Width": 4, "Plans": [{"Node Type": "Index Scan", "Parent Relationship": "Outer", "Scan Direction": "Forward", "Index Name": "nation_pkey", "Relation Name": "nation", "Alias": "nation", "Startup Cost": 10000000000.0, "Total Cost": 1000000001268.75, "Plan Rows": 1, "Plan Width": 4, "Filter": "(n_name = 'MOZAMBIQUE'::bpchar)"}]}]}]}]}]}, {"Node Type": "Aggregate", "Strategy": "Hashed", "Parent Relationship": "Outer", "Startup Cost": 3000523707997.67, "Total Cost": 3000523708669.92, "Plan Rows": 53780, "Plan Width": 40, "Group By Key": ["public.partsupp.ps_partkey"], "Filter": "(sum((public.partsupp.ps_supplycost * (public.partsupp.ps_availqty)::double precision)) > $0)", "Plans": [{"Node Type": "Nested Loop", "Parent Relationship": "Outer", "Join Type": "Inner", "Startup Cost": 30000000000.0, "Total Cost": 3000523707056.51, "Plan Rows": 53780, "Plan Width": 24, "Inner Unique": false, "Join Filter": "(public.supplier.s_suppkey = public.partsupp.ps_suppkey)", "Plans": [{"Node Type": "Index Scan", "Parent Relationship": "Outer", "Scan Direction": "Forward", "Index Name": "idx_partsupp_partkey", "Relation Name": "partsupp", "Alias": "partsupp", "Startup Cost": 10000000000.0, "Total Cost": 1000043148503.38, "Plan Rows": 8000372, "Plan Width": 32}, {"Node Type": "Materialize", "Parent Relationship": "Inner", "Startup Cost": 20000000000.0, "Total Cost": 2000000536243.13, "Plan Rows": 4000, "Plan Width": 8, "Plans": [{"Node Type": "Nested Loop", "Parent Relationship": "Outer", "Join Type": "Inner", "Startup Cost": 20000000000.0, "Total Cost": 2000000536223.13, "Plan Rows": 4000, "Plan Width": 8, "Inner Unique": true, "Join Filter": "(public.supplier.s_nationkey = public.nation.n_nationkey)", "Plans": [{"Node Type": "Index Scan", "Parent Relationship": "Outer", "Scan Direction": "Forward", "Index Name": "supplier_pkey", "Relation Name": "supplier", "Alias": "supplier", "Startup Cost": 10000000000.0, "Total Cost": 1000000533454.38, "Plan Rows": 100000, "Plan Width": 12}, {"Node Type": "Materialize", "Parent Relationship": "Inner", "Startup Cost": 10000000000.0, "Total Cost": 1000000001268.76, "Plan Rows": 1, "Plan Width": 4, "Plans": [{"Node Type": "Index Scan", "Parent Relationship": "Outer", "Scan Direction": "Forward", "Index Name": "nation_pkey", "Relation Name": "nation", "Alias": "nation", "Startup Cost": 10000000000.0, "Total Cost": 1000000001268.75, "Plan Rows": 1, "Plan Width": 4, "Filter": "(n_name = 'MOZAMBIQUE'::bpchar)"}]}]}]}]}]}]}, "Unique SQL Id": 2932834211, "Planner Runtime": 0}, "explain_analyze_plan": null}, "(64, 48)": {"explain_plan": {"Plan": {"Node Type": "Sort", "Startup Cost": 86957.11, "Total Cost": 87091.56, "Plan Rows": 53780, "Plan Width": 40, "Sort Key": ["(sum((public.partsupp.ps_supplycost * (public.partsupp.ps_availqty)::double precision))) DESC"], "Plans": [{"Node Type": "Aggregate", "Strategy": "Plain", "Parent Relationship": "exec_init_plan", "Subplan Name": "InitPlan 1 (returns $2)", "Startup Cost": 40760.67, "Total Cost": 40760.68, "Plan Rows": 1, "Plan Width": 24, "Plans": [{"Node Type": "Nested Loop", "Parent Relationship": "Outer", "Join Type": "Inner", "Startup Cost": 95.25, "Total Cost": 40357.32, "Plan Rows": 53780, "Plan Width": 16, "Inner Unique": false, "Plans": [{"Node Type": "Nested Loop", "Parent Relationship": "Outer", "Join Type": "Inner", "Startup Cost": 95.25, "Total Cost": 2533.35, "Plan Rows": 4000, "Plan Width": 8, "Inner Unique": false, "Plans": [{"Node Type": "Seq Scan", "Parent Relationship": "Outer", "Relation Name": "nation", "Alias": "nation", "Startup Cost": 0.0, "Total Cost": 1.31, "Plan Rows": 1, "Plan Width": 4, "Filter": "(n_name = 'MOZAMBIQUE'::bpchar)"}, {"Node Type": "Bitmap Heap Scan", "Parent Relationship": "Inner", "Relation Name": "supplier", "Alias": "supplier", "Startup Cost": 95.25, "Total Cost": 2492.04, "Plan Rows": 4000, "Plan Width": 12, "Recheck Cond": "(s_nationkey = public.nation.n_nationkey)", "Plans": [{"Node Type": "Bitmap Index Scan", "Parent Relationship": "Outer", "Index Name": "idx_supplier_nation_key", "Startup Cost": 0.0, "Total Cost": 94.25, "Plan Rows": 4000, "Plan Width": 0, "Index Cond": "(s_nationkey = public.nation.n_nationkey)"}]}]}, {"Node Type": "Index Scan", "Parent Relationship": "Inner", "Scan Direction": "Forward", "Index Name": "idx_partsupp_suppkey", "Relation Name": "partsupp", "Alias": "partsupp", "Startup Cost": 0.0, "Total Cost": 9.33, "Plan Rows": 13, "Plan Width": 24, "Index Cond": "(ps_suppkey = public.supplier.s_suppkey)"}]}]}, {"Node Type": "Aggregate", "Strategy": "Hashed", "Parent Relationship": "Outer", "Startup Cost": 41298.47, "Total Cost": 41970.72, "Plan Rows": 53780, "Plan Width": 40, "Group By Key": ["public.partsupp.ps_partkey"], "Filter": "(sum((public.partsupp.ps_supplycost * (public.partsupp.ps_availqty)::double precision)) > $2)", "Plans": [{"Node Type": "Nested Loop", "Parent Relationship": "Outer", "Join Type": "Inner", "Startup Cost": 95.25, "Total Cost": 40357.32, "Plan Rows": 53780, "Plan Width": 24, "Inner Unique": false, "Plans": [{"Node Type": "Nested Loop", "Parent Relationship": "Outer", "Join Type": "Inner", "Startup Cost": 95.25, "Total Cost": 2533.35, "Plan Rows": 4000, "Plan Width": 8, "Inner Unique": false, "Plans": [{"Node Type": "Seq Scan", "Parent Relationship": "Outer", "Relation Name": "nation", "Alias": "nation", "Startup Cost": 0.0, "Total Cost": 1.31, "Plan Rows": 1, "Plan Width": 4, "Filter": "(n_name = 'MOZAMBIQUE'::bpchar)"}, {"Node Type": "Bitmap Heap Scan", "Parent Relationship": "Inner", "Relation Name": "supplier", "Alias": "supplier", "Startup Cost": 95.25, "Total Cost": 2492.04, "Plan Rows": 4000, "Plan Width": 12, "Recheck Cond": "(s_nationkey = public.nation.n_nationkey)", "Plans": [{"Node Type": "Bitmap Index Scan", "Parent Relationship": "Outer", "Index Name": "idx_supplier_nation_key", "Startup Cost": 0.0, "Total Cost": 94.25, "Plan Rows": 4000, "Plan Width": 0, "Index Cond": "(s_nationkey = public.nation.n_nationkey)"}]}]}, {"Node Type": "Index Scan", "Parent Relationship": "Inner", "Scan Direction": "Forward", "Index Name": "idx_partsupp_suppkey", "Relation Name": "partsupp", "Alias": "partsupp", "Startup Cost": 0.0, "Total Cost": 9.33, "Plan Rows": 13, "Plan Width": 32, "Index Cond": "(ps_suppkey = public.supplier.s_suppkey)"}]}]}]}, "Unique SQL Id": 2932834211, "Planner Runtime": 0}, "explain_analyze_plan": {"Plan": {"Node Type": "Sort", "Startup Cost": 86957.11, "Total Cost": 87091.56, "Plan Rows": 53780, "Plan Width": 40, "Actual Startup Time": 1757.818, "Actual Total Time": 1757.818, "Actual Rows": 0, "Actual Loops": 1, "Sort Key": ["(sum((public.partsupp.ps_supplycost * (public.partsupp.ps_availqty)::double precision))) DESC"], "Sort Method": "quicksort", "Sort Space Used": 25, "Sort Space Type": "Memory", "Plans": [{"Node Type": "Aggregate", "Strategy": "Plain", "Parent Relationship": "exec_init_plan", "Subplan Name": "InitPlan 1 (returns $2)", "Startup Cost": 40760.67, "Total Cost": 40760.68, "Plan Rows": 1, "Plan Width": 24, "Actual Startup Time": 685.274, "Actual Total Time": 685.274, "Actual Rows": 1, "Actual Loops": 1, "Plans": [{"Node Type": "Nested Loop", "Parent Relationship": "Outer", "Join Type": "Inner", "Startup Cost": 95.25, "Total Cost": 40357.32, "Plan Rows": 53780, "Plan Width": 16, "Actual Startup Time": 0.989, "Actual Total Time": 550.199, "Actual Rows": 313920, "Actual Loops": 1, "Inner Unique": false, "Plans": [{"Node Type": "Nested Loop", "Parent Relationship": "Outer", "Join Type": "Inner", "Startup Cost": 95.25, "Total Cost": 2533.35, "Plan Rows": 4000, "Plan Width": 8, "Actual Startup Time": 0.963, "Actual Total Time": 7.289, "Actual Rows": 3924, "Actual Loops": 1, "Inner Unique": false, "Plans": [{"Node Type": "Seq Scan", "Parent Relationship": "Outer", "Relation Name": "nation", "Alias": "nation", "Startup Cost": 0.0, "Total Cost": 1.31, "Plan Rows": 1, "Plan Width": 4, "Actual Startup Time": 0.043, "Actual Total Time": 0.055, "Actual Rows": 1, "Actual Loops": 1, "Filter": "(n_name = 'MOZAMBIQUE'::bpchar)", "Rows Removed by Filter": 24}, {"Node Type": "Bitmap Heap Scan", "Parent Relationship": "Inner", "Relation Name": "supplier", "Alias": "supplier", "Startup Cost": 95.25, "Total Cost": 2492.04, "Plan Rows": 4000, "Plan Width": 12, "Actual Startup Time": 0.903, "Actual Total Time": 6.347, "Actual Rows": 3924, "Actual Loops": 1, "Recheck Cond": "(s_nationkey = public.nation.n_nationkey)", "Rows Removed by Index Recheck": 0, "Exact Heap Blocks": 1895, "Lossy Heap Blocks": 1895, "Plans": [{"Node Type": "Bitmap Index Scan", "Parent Relationship": "Outer", "Index Name": "idx_supplier_nation_key", "Startup Cost": 0.0, "Total Cost": 94.25, "Plan Rows": 4000, "Plan Width": 0, "Actual Startup Time": 0.624, "Actual Total Time": 0.624, "Actual Rows": 3924, "Actual Loops": 1, "Index Cond": "(s_nationkey = public.nation.n_nationkey)"}]}]}, {"Node Type": "Index Scan", "Parent Relationship": "Inner", "Scan Direction": "Forward", "Index Name": "idx_partsupp_suppkey", "Relation Name": "partsupp", "Alias": "partsupp", "Startup Cost": 0.0, "Total Cost": 9.33, "Plan Rows": 13, "Plan Width": 24, "Actual Startup Time": 41.836, "Actual Total Time": 476.637, "Actual Rows": 313920, "Actual Loops": 3924, "Index Cond": "(ps_suppkey = public.supplier.s_suppkey)", "Rows Removed by Index Recheck": 0}]}]}, {"Node Type": "Aggregate", "Strategy": "Hashed", "Parent Relationship": "Outer", "Startup Cost": 41298.47, "Total Cost": 41970.72, "Plan Rows": 53780, "Plan Width": 40, "Actual Startup Time": 1757.278, "Actual Total Time": 1757.278, "Actual Rows": 0, "Actual Loops": 1, "Group By Key": ["public.partsupp.ps_partkey"], "Filter": "(sum((public.partsupp.ps_supplycost * (public.partsupp.ps_availqty)::double precision)) > $2)", "Rows Removed by Filter": 295792, "Plans": [{"Node Type": "Nested Loop", "Parent Relationship": "Outer", "Join Type": "Inner", "Startup Cost": 95.25, "Total Cost": 40357.32, "Plan Rows": 53780, "Plan Width": 24, "Actual Startup Time": 0.989, "Actual Total Time": 653.431, "Actual Rows": 313920, "Actual Loops": 1, "Inner Unique": false, "Plans": [{"Node Type": "Nested Loop", "Parent Relationship": "Outer", "Join Type": "Inner", "Startup Cost": 95.25, "Total Cost": 2533.35, "Plan Rows": 4000, "Plan Width": 8, "Actual Startup Time": 0.965, "Actual Total Time": 8.619, "Actual Rows": 3924, "Actual Loops": 1, "Inner Unique": false, "Plans": [{"Node Type": "Seq Scan", "Parent Relationship": "Outer", "Relation Name": "nation", "Alias": "nation", "Startup Cost": 0.0, "Total Cost": 1.31, "Plan Rows": 1, "Plan Width": 4, "Actual Startup Time": 0.03, "Actual Total Time": 0.047, "Actual Rows": 1, "Actual Loops": 1, "Filter": "(n_name = 'MOZAMBIQUE'::bpchar)", "Rows Removed by Filter": 24}, {"Node Type": "Bitmap Heap Scan", "Parent Relationship": "Inner", "Relation Name": "supplier", "Alias": "supplier", "Startup Cost": 95.25, "Total Cost": 2492.04, "Plan Rows": 4000, "Plan Width": 12, "Actual Startup Time": 0.928, "Actual Total Time": 7.555, "Actual Rows": 3924, "Actual Loops": 1, "Recheck Cond": "(s_nationkey = public.nation.n_nationkey)", "Rows Removed by Index Recheck": 0, "Exact Heap Blocks": 1895, "Lossy Heap Blocks": 1895, "Plans": [{"Node Type": "Bitmap Index Scan", "Parent Relationship": "Outer", "Index Name": "idx_supplier_nation_key", "Startup Cost": 0.0, "Total Cost": 94.25, "Plan Rows": 4000, "Plan Width": 0, "Actual Startup Time": 0.644, "Actual Total Time": 0.644, "Actual Rows": 3924, "Actual Loops": 1, "Index Cond": "(s_nationkey = public.nation.n_nationkey)"}]}]}, {"Node Type": "Index Scan", "Parent Relationship": "Inner", "Scan Direction": "Forward", "Index Name": "idx_partsupp_suppkey", "Relation Name": "partsupp", "Alias": "partsupp", "Startup Cost": 0.0, "Total Cost": 9.33, "Plan Rows": 13, "Plan Width": 32, "Actual Startup Time": 48.203, "Actual Total Time": 572.851, "Actual Rows": 313920, "Actual Loops": 3924, "Index Cond": "(ps_suppkey = public.supplier.s_suppkey)", "Rows Removed by Index Recheck": 0}]}]}]}, "Triggers": [], "Planner Runtime": 0, "Total Runtime": 1758.153, "Unique SQL Id": 2932834211}}, "(64, 49)": {"explain_plan": {"Plan": {"Node Type": "Sort", "Startup Cost": 86979.86, "Total Cost": 87114.31, "Plan Rows": 53780, "Plan Width": 40, "Sort Key": ["(sum((public.partsupp.ps_supplycost * (public.partsupp.ps_availqty)::double precision))) DESC"], "Plans": [{"Node Type": "Aggregate", "Strategy": "Plain", "Parent Relationship": "exec_init_plan", "Subplan Name": "InitPlan 1 (returns $2)", "Startup Cost": 40772.04, "Total Cost": 40772.06, "Plan Rows": 1, "Plan Width": 24, "Plans": [{"Node Type": "Nested Loop", "Parent Relationship": "Outer", "Join Type": "Inner", "Startup Cost": 95.25, "Total Cost": 40368.69, "Plan Rows": 53780, "Plan Width": 16, "Inner Unique": false, "Plans": [{"Node Type": "Nested Loop", "Parent Relationship": "Outer", "Join Type": "Inner", "Startup Cost": 95.25, "Total Cost": 2544.73, "Plan Rows": 4000, "Plan Width": 8, "Inner Unique": false, "Plans": [{"Node Type": "Index Scan", "Parent Relationship": "Outer", "Scan Direction": "Forward", "Index Name": "nation_pkey", "Relation Name": "nation", "Alias": "nation", "Startup Cost": 0.0, "Total Cost": 12.69, "Plan Rows": 1, "Plan Width": 4, "Filter": "(n_name = 'MOZAMBIQUE'::bpchar)"}, {"Node Type": "Bitmap Heap Scan", "Parent Relationship": "Inner", "Relation Name": "supplier", "Alias": "supplier", "Startup Cost": 95.25, "Total Cost": 2492.04, "Plan Rows": 4000, "Plan Width": 12, "Recheck Cond": "(s_nationkey = public.nation.n_nationkey)", "Plans": [{"Node Type": "Bitmap Index Scan", "Parent Relationship": "Outer", "Index Name": "idx_supplier_nation_key", "Startup Cost": 0.0, "Total Cost": 94.25, "Plan Rows": 4000, "Plan Width": 0, "Index Cond": "(s_nationkey = public.nation.n_nationkey)"}]}]}, {"Node Type": "Index Scan", "Parent Relationship": "Inner", "Scan Direction": "Forward", "Index Name": "idx_partsupp_suppkey", "Relation Name": "partsupp", "Alias": "partsupp", "Startup Cost": 0.0, "Total Cost": 9.33, "Plan Rows": 13, "Plan Width": 24, "Index Cond": "(ps_suppkey = public.supplier.s_suppkey)"}]}]}, {"Node Type": "Aggregate", "Strategy": "Hashed", "Parent Relationship": "Outer", "Startup Cost": 41309.84, "Total Cost": 41982.09, "Plan Rows": 53780, "Plan Width": 40, "Group By Key": ["public.partsupp.ps_partkey"], "Filter": "(sum((public.partsupp.ps_supplycost * (public.partsupp.ps_availqty)::double precision)) > $2)", "Plans": [{"Node Type": "Nested Loop", "Parent Relationship": "Outer", "Join Type": "Inner", "Startup Cost": 95.25, "Total Cost": 40368.69, "Plan Rows": 53780, "Plan Width": 24, "Inner Unique": false, "Plans": [{"Node Type": "Nested Loop", "Parent Relationship": "Outer", "Join Type": "Inner", "Startup Cost": 95.25, "Total Cost": 2544.73, "Plan Rows": 4000, "Plan Width": 8, "Inner Unique": false, "Plans": [{"Node Type": "Index Scan", "Parent Relationship": "Outer", "Scan Direction": "Forward", "Index Name": "nation_pkey", "Relation Name": "nation", "Alias": "nation", "Startup Cost": 0.0, "Total Cost": 12.69, "Plan Rows": 1, "Plan Width": 4, "Filter": "(n_name = 'MOZAMBIQUE'::bpchar)"}, {"Node Type": "Bitmap Heap Scan", "Parent Relationship": "Inner", "Relation Name": "supplier", "Alias": "supplier", "Startup Cost": 95.25, "Total Cost": 2492.04, "Plan Rows": 4000, "Plan Width": 12, "Recheck Cond": "(s_nationkey = public.nation.n_nationkey)", "Plans": [{"Node Type": "Bitmap Index Scan", "Parent Relationship": "Outer", "Index Name": "idx_supplier_nation_key", "Startup Cost": 0.0, "Total Cost": 94.25, "Plan Rows": 4000, "Plan Width": 0, "Index Cond": "(s_nationkey = public.nation.n_nationkey)"}]}]}, {"Node Type": "Index Scan", "Parent Relationship": "Inner", "Scan Direction": "Forward", "Index Name": "idx_partsupp_suppkey", "Relation Name": "partsupp", "Alias": "partsupp", "Startup Cost": 0.0, "Total Cost": 9.33, "Plan Rows": 13, "Plan Width": 32, "Index Cond": "(ps_suppkey = public.supplier.s_suppkey)"}]}]}]}, "Unique SQL Id": 2932834211, "Planner Runtime": 0}, "explain_analyze_plan": {"Plan": {"Node Type": "Sort", "Startup Cost": 86979.86, "Total Cost": 87114.31, "Plan Rows": 53780, "Plan Width": 40, "Actual Startup Time": 1762.834, "Actual Total Time": 1762.834, "Actual Rows": 0, "Actual Loops": 1, "Sort Key": ["(sum((public.partsupp.ps_supplycost * (public.partsupp.ps_availqty)::double precision))) DESC"], "Sort Method": "quicksort", "Sort Space Used": 25, "Sort Space Type": "Memory", "Plans": [{"Node Type": "Aggregate", "Strategy": "Plain", "Parent Relationship": "exec_init_plan", "Subplan Name": "InitPlan 1 (returns $2)", "Startup Cost": 40772.04, "Total Cost": 40772.06, "Plan Rows": 1, "Plan Width": 24, "Actual Startup Time": 757.478, "Actual Total Time": 757.478, "Actual Rows": 1, "Actual Loops": 1, "Plans": [{"Node Type": "Nested Loop", "Parent Relationship": "Outer", "Join Type": "Inner", "Startup Cost": 95.25, "Total Cost": 40368.69, "Plan Rows": 53780, "Plan Width": 16, "Actual Startup Time": 0.979, "Actual Total Time": 621.76, "Actual Rows": 313920, "Actual Loops": 1, "Inner Unique": false, "Plans": [{"Node Type": "Nested Loop", "Parent Relationship": "Outer", "Join Type": "Inner", "Startup Cost": 95.25, "Total Cost": 2544.73, "Plan Rows": 4000, "Plan Width": 8, "Actual Startup Time": 0.958, "Actual Total Time": 8.05, "Actual Rows": 3924, "Actual Loops": 1, "Inner Unique": false, "Plans": [{"Node Type": "Index Scan", "Parent Relationship": "Outer", "Scan Direction": "Forward", "Index Name": "nation_pkey", "Relation Name": "nation", "Alias": "nation", "Startup Cost": 0.0, "Total Cost": 12.69, "Plan Rows": 1, "Plan Width": 4, "Actual Startup Time": 0.038, "Actual Total Time": 0.053, "Actual Rows": 1, "Actual Loops": 1, "Filter": "(n_name = 'MOZAMBIQUE'::bpchar)", "Rows Removed by Filter": 24}, {"Node Type": "Bitmap Heap Scan", "Parent Relationship": "Inner", "Relation Name": "supplier", "Alias": "supplier", "Startup Cost": 95.25, "Total Cost": 2492.04, "Plan Rows": 4000, "Plan Width": 12, "Actual Startup Time": 0.903, "Actual Total Time": 7.053, "Actual Rows": 3924, "Actual Loops": 1, "Recheck Cond": "(s_nationkey = public.nation.n_nationkey)", "Rows Removed by Index Recheck": 0, "Exact Heap Blocks": 1895, "Lossy Heap Blocks": 1895, "Plans": [{"Node Type": "Bitmap Index Scan", "Parent Relationship": "Outer", "Index Name": "idx_supplier_nation_key", "Startup Cost": 0.0, "Total Cost": 94.25, "Plan Rows": 4000, "Plan Width": 0, "Actual Startup Time": 0.627, "Actual Total Time": 0.627, "Actual Rows": 3924, "Actual Loops": 1, "Index Cond": "(s_nationkey = public.nation.n_nationkey)"}]}]}, {"Node Type": "Index Scan", "Parent Relationship": "Inner", "Scan Direction": "Forward", "Index Name": "idx_partsupp_suppkey", "Relation Name": "partsupp", "Alias": "partsupp", "Startup Cost": 0.0, "Total Cost": 9.33, "Plan Rows": 13, "Plan Width": 24, "Actual Startup Time": 46.082, "Actual Total Time": 547.337, "Actual Rows": 313920, "Actual Loops": 3924, "Index Cond": "(ps_suppkey = public.supplier.s_suppkey)", "Rows Removed by Index Recheck": 0}]}]}, {"Node Type": "Aggregate", "Strategy": "Hashed", "Parent Relationship": "Outer", "Startup Cost": 41309.84, "Total Cost": 41982.09, "Plan Rows": 53780, "Plan Width": 40, "Actual Startup Time": 1762.251, "Actual Total Time": 1762.251, "Actual Rows": 0, "Actual Loops": 1, "Group By Key": ["public.partsupp.ps_partkey"], "Filter": "(sum((public.partsupp.ps_supplycost * (public.partsupp.ps_availqty)::double precision)) > $2)", "Rows Removed by Filter": 295792, "Plans": [{"Node Type": "Nested Loop", "Parent Relationship": "Outer", "Join Type": "Inner", "Startup Cost": 95.25, "Total Cost": 40368.69, "Plan Rows": 53780, "Plan Width": 24, "Actual Startup Time": 0.974, "Actual Total Time": 574.222, "Actual Rows": 313920, "Actual Loops": 1, "Inner Unique": false, "Plans": [{"Node Type": "Nested Loop", "Parent Relationship": "Outer", "Join Type": "Inner", "Startup Cost": 95.25, "Total Cost": 2544.73, "Plan Rows": 4000, "Plan Width": 8, "Actual Startup Time": 0.951, "Actual Total Time": 7.662, "Actual Rows": 3924, "Actual Loops": 1, "Inner Unique": false, "Plans": [{"Node Type": "Index Scan", "Parent Relationship": "Outer", "Scan Direction": "Forward", "Index Name": "nation_pkey", "Relation Name": "nation", "Alias": "nation", "Startup Cost": 0.0, "Total Cost": 12.69, "Plan Rows": 1, "Plan Width": 4, "Actual Startup Time": 0.031, "Actual Total Time": 0.042, "Actual Rows": 1, "Actual Loops": 1, "Filter": "(n_name = 'MOZAMBIQUE'::bpchar)", "Rows Removed by Filter": 24}, {"Node Type": "Bitmap Heap Scan", "Parent Relationship": "Inner", "Relation Name": "supplier", "Alias": "supplier", "Startup Cost": 95.25, "Total Cost": 2492.04, "Plan Rows": 4000, "Plan Width": 12, "Actual Startup Time": 0.913, "Actual Total Time": 6.701, "Actual Rows": 3924, "Actual Loops": 1, "Recheck Cond": "(s_nationkey = public.nation.n_nationkey)", "Rows Removed by Index Recheck": 0, "Exact Heap Blocks": 1895, "Lossy Heap Blocks": 1895, "Plans": [{"Node Type": "Bitmap Index Scan", "Parent Relationship": "Outer", "Index Name": "idx_supplier_nation_key", "Startup Cost": 0.0, "Total Cost": 94.25, "Plan Rows": 4000, "Plan Width": 0, "Actual Startup Time": 0.621, "Actual Total Time": 0.621, "Actual Rows": 3924, "Actual Loops": 1, "Index Cond": "(s_nationkey = public.nation.n_nationkey)"}]}]}, {"Node Type": "Index Scan", "Parent Relationship": "Inner", "Scan Direction": "Forward", "Index Name": "idx_partsupp_suppkey", "Relation Name": "partsupp", "Alias": "partsupp", "Startup Cost": 0.0, "Total Cost": 9.33, "Plan Rows": 13, "Plan Width": 32, "Actual Startup Time": 43.059, "Actual Total Time": 494.357, "Actual Rows": 313920, "Actual Loops": 3924, "Index Cond": "(ps_suppkey = public.supplier.s_suppkey)", "Rows Removed by Index Recheck": 0}]}]}]}, "Triggers": [], "Planner Runtime": 0, "Total Runtime": 1763.161, "Unique SQL Id": 2932834211}}, "(64, 50)": {"explain_plan": {"Plan": {"Node Type": "Sort", "Startup Cost": 90032.55, "Total Cost": 90167.0, "Plan Rows": 53780, "Plan Width": 40, "Sort Key": ["(sum((public.partsupp.ps_supplycost * (public.partsupp.ps_availqty)::double precision))) DESC"], "Plans": [{"Node Type": "Aggregate", "Strategy": "Plain", "Parent Relationship": "exec_init_plan", "Subplan Name": "InitPlan 1 (returns $2)", "Startup Cost": 42298.39, "Total Cost": 42298.4, "Plan Rows": 1, "Plan Width": 24, "Plans": [{"Node Type": "Nested Loop", "Parent Relationship": "Outer", "Join Type": "Inner", "Startup Cost": 96.82, "Total Cost": 41895.04, "Plan Rows": 53780, "Plan Width": 16, "Inner Unique": false, "Plans": [{"Node Type": "Nested Loop", "Parent Relationship": "Outer", "Join Type": "Inner", "Startup Cost": 95.25, "Total Cost": 2533.35, "Plan Rows": 4000, "Plan Width": 8, "Inner Unique": false, "Plans": [{"Node Type": "Seq Scan", "Parent Relationship": "Outer", "Relation Name": "nation", "Alias": "nation", "Startup Cost": 0.0, "Total Cost": 1.31, "Plan Rows": 1, "Plan Width": 4, "Filter": "(n_name = 'MOZAMBIQUE'::bpchar)"}, {"Node Type": "Bitmap Heap Scan", "Parent Relationship": "Inner", "Relation Name": "supplier", "Alias": "supplier", "Startup Cost": 95.25, "Total Cost": 2492.04, "Plan Rows": 4000, "Plan Width": 12, "Recheck Cond": "(s_nationkey = public.nation.n_nationkey)", "Plans": [{"Node Type": "Bitmap Index Scan", "Parent Relationship": "Outer", "Index Name": "idx_supplier_nation_key", "Startup Cost": 0.0, "Total Cost": 94.25, "Plan Rows": 4000, "Plan Width": 0, "Index Cond": "(s_nationkey = public.nation.n_nationkey)"}]}]}, {"Node Type": "Bitmap Heap Scan", "Parent Relationship": "Inner", "Relation Name": "partsupp", "Alias": "partsupp", "Startup Cost": 1.57, "Total Cost": 9.71, "Plan Rows": 13, "Plan Width": 24, "Recheck Cond": "(ps_suppkey = public.supplier.s_suppkey)", "Plans": [{"Node Type": "Bitmap Index Scan", "Parent Relationship": "Outer", "Index Name": "idx_partsupp_suppkey", "Startup Cost": 0.0, "Total Cost": 1.56, "Plan Rows": 13, "Plan Width": 0, "Index Cond": "(ps_suppkey = public.supplier.s_suppkey)"}]}]}]}, {"Node Type": "Aggregate", "Strategy": "Hashed", "Parent Relationship": "Outer", "Startup Cost": 42836.19, "Total Cost": 43508.44, "Plan Rows": 53780, "Plan Width": 40, "Group By Key": ["public.partsupp.ps_partkey"], "Filter": "(sum((public.partsupp.ps_supplycost * (public.partsupp.ps_availqty)::double precision)) > $2)", "Plans": [{"Node Type": "Nested Loop", "Parent Relationship": "Outer", "Join Type": "Inner", "Startup Cost": 96.82, "Total Cost": 41895.04, "Plan Rows": 53780, "Plan Width": 24, "Inner Unique": false, "Plans": [{"Node Type": "Nested Loop", "Parent Relationship": "Outer", "Join Type": "Inner", "Startup Cost": 95.25, "Total Cost": 2533.35, "Plan Rows": 4000, "Plan Width": 8, "Inner Unique": false, "Plans": [{"Node Type": "Seq Scan", "Parent Relationship": "Outer", "Relation Name": "nation", "Alias": "nation", "Startup Cost": 0.0, "Total Cost": 1.31, "Plan Rows": 1, "Plan Width": 4, "Filter": "(n_name = 'MOZAMBIQUE'::bpchar)"}, {"Node Type": "Bitmap Heap Scan", "Parent Relationship": "Inner", "Relation Name": "supplier", "Alias": "supplier", "Startup Cost": 95.25, "Total Cost": 2492.04, "Plan Rows": 4000, "Plan Width": 12, "Recheck Cond": "(s_nationkey = public.nation.n_nationkey)", "Plans": [{"Node Type": "Bitmap Index Scan", "Parent Relationship": "Outer", "Index Name": "idx_supplier_nation_key", "Startup Cost": 0.0, "Total Cost": 94.25, "Plan Rows": 4000, "Plan Width": 0, "Index Cond": "(s_nationkey = public.nation.n_nationkey)"}]}]}, {"Node Type": "Bitmap Heap Scan", "Parent Relationship": "Inner", "Relation Name": "partsupp", "Alias": "partsupp", "Startup Cost": 1.57, "Total Cost": 9.71, "Plan Rows": 13, "Plan Width": 32, "Recheck Cond": "(ps_suppkey = public.supplier.s_suppkey)", "Plans": [{"Node Type": "Bitmap Index Scan", "Parent Relationship": "Outer", "Index Name": "idx_partsupp_suppkey", "Startup Cost": 0.0, "Total Cost": 1.56, "Plan Rows": 13, "Plan Width": 0, "Index Cond": "(ps_suppkey = public.supplier.s_suppkey)"}]}]}]}]}, "Unique SQL Id": 2932834211, "Planner Runtime": 0}, "explain_analyze_plan": {"Plan": {"Node Type": "Sort", "Startup Cost": 90032.55, "Total Cost": 90167.0, "Plan Rows": 53780, "Plan Width": 40, "Actual Startup Time": 1938.442, "Actual Total Time": 1938.442, "Actual Rows": 0, "Actual Loops": 1, "Sort Key": ["(sum((public.partsupp.ps_supplycost * (public.partsupp.ps_availqty)::double precision))) DESC"], "Sort Method": "quicksort", "Sort Space Used": 25, "Sort Space Type": "Memory", "Plans": [{"Node Type": "Aggregate", "Strategy": "Plain", "Parent Relationship": "exec_init_plan", "Subplan Name": "InitPlan 1 (returns $2)", "Startup Cost": 42298.39, "Total Cost": 42298.4, "Plan Rows": 1, "Plan Width": 24, "Actual Startup Time": 849.92, "Actual Total Time": 849.921, "Actual Rows": 1, "Actual Loops": 1, "Plans": [{"Node Type": "Nested Loop", "Parent Relationship": "Outer", "Join Type": "Inner", "Startup Cost": 96.82, "Total Cost": 41895.04, "Plan Rows": 53780, "Plan Width": 16, "Actual Startup Time": 1.032, "Actual Total Time": 721.537, "Actual Rows": 313920, "Actual Loops": 1, "Inner Unique": false, "Plans": [{"Node Type": "Nested Loop", "Parent Relationship": "Outer", "Join Type": "Inner", "Startup Cost": 95.25, "Total Cost": 2533.35, "Plan Rows": 4000, "Plan Width": 8, "Actual Startup Time": 0.983, "Actual Total Time": 7.832, "Actual Rows": 3924, "Actual Loops": 1, "Inner Unique": false, "Plans": [{"Node Type": "Seq Scan", "Parent Relationship": "Outer", "Relation Name": "nation", "Alias": "nation", "Startup Cost": 0.0, "Total Cost": 1.31, "Plan Rows": 1, "Plan Width": 4, "Actual Startup Time": 0.036, "Actual Total Time": 0.051, "Actual Rows": 1, "Actual Loops": 1, "Filter": "(n_name = 'MOZAMBIQUE'::bpchar)", "Rows Removed by Filter": 24}, {"Node Type": "Bitmap Heap Scan", "Parent Relationship": "Inner", "Relation Name": "supplier", "Alias": "supplier", "Startup Cost": 95.25, "Total Cost": 2492.04, "Plan Rows": 4000, "Plan Width": 12, "Actual Startup Time": 0.939, "Actual Total Time": 6.87, "Actual Rows": 3924, "Actual Loops": 1, "Recheck Cond": "(s_nationkey = public.nation.n_nationkey)", "Rows Removed by Index Recheck": 0, "Exact Heap Blocks": 1895, "Lossy Heap Blocks": 1895, "Plans": [{"Node Type": "Bitmap Index Scan", "Parent Relationship": "Outer", "Index Name": "idx_supplier_nation_key", "Startup Cost": 0.0, "Total Cost": 94.25, "Plan Rows": 4000, "Plan Width": 0, "Actual Startup Time": 0.649, "Actual Total Time": 0.649, "Actual Rows": 3924, "Actual Loops": 1, "Index Cond": "(s_nationkey = public.nation.n_nationkey)"}]}]}, {"Node Type": "Bitmap Heap Scan", "Parent Relationship": "Inner", "Relation Name": "partsupp", "Alias": "partsupp", "Startup Cost": 1.57, "Total Cost": 9.71, "Plan Rows": 13, "Plan Width": 24, "Actual Startup Time": 100.697, "Actual Total Time": 646.011, "Actual Rows": 313920, "Actual Loops": 3924, "Recheck Cond": "(ps_suppkey = public.supplier.s_suppkey)", "Rows Removed by Index Recheck": 0, "Exact Heap Blocks": 313920, "Lossy Heap Blocks": 313920, "Plans": [{"Node Type": "Bitmap Index Scan", "Parent Relationship": "Outer", "Index Name": "idx_partsupp_suppkey", "Startup Cost": 0.0, "Total Cost": 1.56, "Plan Rows": 13, "Plan Width": 0, "Actual Startup Time": 62.61, "Actual Total Time": 62.61, "Actual Rows": 313920, "Actual Loops": 3924, "Index Cond": "(ps_suppkey = public.supplier.s_suppkey)"}]}]}]}, {"Node Type": "Aggregate", "Strategy": "Hashed", "Parent Relationship": "Outer", "Startup Cost": 42836.19, "Total Cost": 43508.44, "Plan Rows": 53780, "Plan Width": 40, "Actual Startup Time": 1938.021, "Actual Total Time": 1938.021, "Actual Rows": 0, "Actual Loops": 1, "Group By Key": ["public.partsupp.ps_partkey"], "Filter": "(sum((public.partsupp.ps_supplycost * (public.partsupp.ps_availqty)::double precision)) > $2)", "Rows Removed by Filter": 295792, "Plans": [{"Node Type": "Nested Loop", "Parent Relationship": "Outer", "Join Type": "Inner", "Startup Cost": 96.82, "Total Cost": 41895.04, "Plan Rows": 53780, "Plan Width": 24, "Actual Startup Time": 0.995, "Actual Total Time": 708.938, "Actual Rows": 313920, "Actual Loops": 1, "Inner Unique": false, "Plans": [{"Node Type": "Nested Loop", "Parent Relationship": "Outer", "Join Type": "Inner", "Startup Cost": 95.25, "Total Cost": 2533.35, "Plan Rows": 4000, "Plan Width": 8, "Actual Startup Time": 0.951, "Actual Total Time": 7.412, "Actual Rows": 3924, "Actual Loops": 1, "Inner Unique": false, "Plans": [{"Node Type": "Seq Scan", "Parent Relationship": "Outer", "Relation Name": "nation", "Alias": "nation", "Startup Cost": 0.0, "Total Cost": 1.31, "Plan Rows": 1, "Plan Width": 4, "Actual Startup Time": 0.031, "Actual Total Time": 0.045, "Actual Rows": 1, "Actual Loops": 1, "Filter": "(n_name = 'MOZAMBIQUE'::bpchar)", "Rows Removed by Filter": 24}, {"Node Type": "Bitmap Heap Scan", "Parent Relationship": "Inner", "Relation Name": "supplier", "Alias": "supplier", "Startup Cost": 95.25, "Total Cost": 2492.04, "Plan Rows": 4000, "Plan Width": 12, "Actual Startup Time": 0.912, "Actual Total Time": 6.426, "Actual Rows": 3924, "Actual Loops": 1, "Recheck Cond": "(s_nationkey = public.nation.n_nationkey)", "Rows Removed by Index Recheck": 0, "Exact Heap Blocks": 1895, "Lossy Heap Blocks": 1895, "Plans": [{"Node Type": "Bitmap Index Scan", "Parent Relationship": "Outer", "Index Name": "idx_supplier_nation_key", "Startup Cost": 0.0, "Total Cost": 94.25, "Plan Rows": 4000, "Plan Width": 0, "Actual Startup Time": 0.632, "Actual Total Time": 0.632, "Actual Rows": 3924, "Actual Loops": 1, "Index Cond": "(s_nationkey = public.nation.n_nationkey)"}]}]}, {"Node Type": "Bitmap Heap Scan", "Parent Relationship": "Inner", "Relation Name": "partsupp", "Alias": "partsupp", "Startup Cost": 1.57, "Total Cost": 9.71, "Plan Rows": 13, "Plan Width": 32, "Actual Startup Time": 100.385, "Actual Total Time": 627.624, "Actual Rows": 313920, "Actual Loops": 3924, "Recheck Cond": "(ps_suppkey = public.supplier.s_suppkey)", "Rows Removed by Index Recheck": 0, "Exact Heap Blocks": 313920, "Lossy Heap Blocks": 313920, "Plans": [{"Node Type": "Bitmap Index Scan", "Parent Relationship": "Outer", "Index Name": "idx_partsupp_suppkey", "Startup Cost": 0.0, "Total Cost": 1.56, "Plan Rows": 13, "Plan Width": 0, "Actual Startup Time": 62.318, "Actual Total Time": 62.318, "Actual Rows": 313920, "Actual Loops": 3924, "Index Cond": "(ps_suppkey = public.supplier.s_suppkey)"}]}]}]}]}, "Triggers": [], "Planner Runtime": 0, "Total Runtime": 1938.921, "Unique SQL Id": 2932834211}}, "(64, 51)": {"explain_plan": {"Plan": {"Node Type": "Sort", "Startup Cost": 2000084159245.82, "Total Cost": 2000084159380.27, "Plan Rows": 53780, "Plan Width": 40, "Sort Key": ["(sum((public.partsupp.ps_supplycost * (public.partsupp.ps_availqty)::double precision))) DESC"], "Plans": [{"Node Type": "Aggregate", "Strategy": "Plain", "Parent Relationship": "exec_init_plan", "Subplan Name": "InitPlan 1 (returns $2)", "Startup Cost": 1000001001502.42, "Total Cost": 1000001001502.43, "Plan Rows": 1, "Plan Width": 24, "Plans": [{"Node Type": "Nested Loop", "Parent Relationship": "Outer", "Join Type": "Inner", "Startup Cost": 10000000001.83, "Total Cost": 1000001001099.07, "Plan Rows": 53780, "Plan Width": 16, "Inner Unique": false, "Plans": [{"Node Type": "Nested Loop", "Parent Relationship": "Outer", "Join Type": "Inner", "Startup Cost": 10000000000.26, "Total Cost": 1000000961737.38, "Plan Rows": 4000, "Plan Width": 8, "Inner Unique": true, "Plans": [{"Node Type": "Index Scan", "Parent Relationship": "Outer", "Scan Direction": "Forward", "Index Name": "supplier_pkey", "Relation Name": "supplier", "Alias": "supplier", "Startup Cost": 10000000000.0, "Total Cost": 1000000533454.38, "Plan Rows": 100000, "Plan Width": 12}, {"Node Type": "Bitmap Heap Scan", "Parent Relationship": "Inner", "Relation Name": "nation", "Alias": "nation", "Startup Cost": 0.26, "Total Cost": 4.27, "Plan Rows": 1, "Plan Width": 4, "Recheck Cond": "(n_nationkey = public.supplier.s_nationkey)", "Filter": "(n_name = 'MOZAMBIQUE'::bpchar)", "Plans": [{"Node Type": "Bitmap Index Scan", "Parent Relationship": "Outer", "Index Name": "nation_pkey", "Startup Cost": 0.0, "Total Cost": 0.26, "Plan Rows": 1, "Plan Width": 0, "Index Cond": "(n_nationkey = public.supplier.s_nationkey)"}]}]}, {"Node Type": "Bitmap Heap Scan", "Parent Relationship": "Inner", "Relation Name": "partsupp", "Alias": "partsupp", "Startup Cost": 1.57, "Total Cost": 9.71, "Plan Rows": 13, "Plan Width": 24, "Recheck Cond": "(ps_suppkey = public.supplier.s_suppkey)", "Plans": [{"Node Type": "Bitmap Index Scan", "Parent Relationship": "Outer", "Index Name": "idx_partsupp_suppkey", "Startup Cost": 0.0, "Total Cost": 1.56, "Plan Rows": 13, "Plan Width": 0, "Index Cond": "(ps_suppkey = public.supplier.s_suppkey)"}]}]}]}, {"Node Type": "Aggregate", "Strategy": "Hashed", "Parent Relationship": "Outer", "Startup Cost": 1000083152845.44, "Total Cost": 1000083153517.69, "Plan Rows": 53780, "Plan Width": 40, "Group By Key": ["public.partsupp.ps_partkey"], "Filter": "(sum((public.partsupp.ps_supplycost * (public.partsupp.ps_availqty)::double precision)) > $2)", "Plans": [{"Node Type": "Nested Loop", "Parent Relationship": "Outer", "Join Type": "Inner", "Startup Cost": 10000000000.52, "Total Cost": 1000083151904.29, "Plan Rows": 53780, "Plan Width": 24, "Inner Unique": true, "Plans": [{"Node Type": "Nested Loop", "Parent Relationship": "Outer", "Join Type": "Inner", "Startup Cost": 10000000000.26, "Total Cost": 1000077393643.64, "Plan Rows": 1344499, "Plan Width": 28, "Inner Unique": true, "Plans": [{"Node Type": "Index Scan", "Parent Relationship": "Outer", "Scan Direction": "Forward", "Index Name": "idx_partsupp_partkey", "Relation Name": "partsupp", "Alias": "partsupp", "Startup Cost": 10000000000.0, "Total Cost": 1000043148503.38, "Plan Rows": 8000372, "Plan Width": 32}, {"Node Type": "Bitmap Heap Scan", "Parent Relationship": "Inner", "Relation Name": "supplier", "Alias": "supplier", "Startup Cost": 0.26, "Total Cost": 4.27, "Plan Rows": 1, "Plan Width": 12, "Recheck Cond": "(s_suppkey = public.partsupp.ps_suppkey)", "Plans": [{"Node Type": "Bitmap Index Scan", "Parent Relationship": "Outer", "Index Name": "supplier_pkey", "Startup Cost": 0.0, "Total Cost": 0.26, "Plan Rows": 1, "Plan Width": 0, "Index Cond": "(s_suppkey = public.partsupp.ps_suppkey)"}]}]}, {"Node Type": "Bitmap Heap Scan", "Parent Relationship": "Inner", "Relation Name": "nation", "Alias": "nation", "Startup Cost": 0.26, "Total Cost": 4.27, "Plan Rows": 1, "Plan Width": 4, "Recheck Cond": "(n_nationkey = public.supplier.s_nationkey)", "Filter": "(n_name = 'MOZAMBIQUE'::bpchar)", "Plans": [{"Node Type": "Bitmap Index Scan", "Parent Relationship": "Outer", "Index Name": "nation_pkey", "Startup Cost": 0.0, "Total Cost": 0.26, "Plan Rows": 1, "Plan Width": 0, "Index Cond": "(n_nationkey = public.supplier.s_nationkey)"}]}]}]}]}, "Unique SQL Id": 2932834211, "Planner Runtime": 0}, "explain_analyze_plan": null}, "(64, 52)": {"explain_plan": {"Plan": {"Node Type": "Sort", "Startup Cost": 86957.11, "Total Cost": 87091.56, "Plan Rows": 53780, "Plan Width": 40, "Sort Key": ["(sum((public.partsupp.ps_supplycost * (public.partsupp.ps_availqty)::double precision))) DESC"], "Plans": [{"Node Type": "Aggregate", "Strategy": "Plain", "Parent Relationship": "exec_init_plan", "Subplan Name": "InitPlan 1 (returns $2)", "Startup Cost": 40760.67, "Total Cost": 40760.68, "Plan Rows": 1, "Plan Width": 24, "Plans": [{"Node Type": "Nested Loop", "Parent Relationship": "Outer", "Join Type": "Inner", "Startup Cost": 95.25, "Total Cost": 40357.32, "Plan Rows": 53780, "Plan Width": 16, "Inner Unique": false, "Plans": [{"Node Type": "Nested Loop", "Parent Relationship": "Outer", "Join Type": "Inner", "Startup Cost": 95.25, "Total Cost": 2533.35, "Plan Rows": 4000, "Plan Width": 8, "Inner Unique": false, "Plans": [{"Node Type": "Seq Scan", "Parent Relationship": "Outer", "Relation Name": "nation", "Alias": "nation", "Startup Cost": 0.0, "Total Cost": 1.31, "Plan Rows": 1, "Plan Width": 4, "Filter": "(n_name = 'MOZAMBIQUE'::bpchar)"}, {"Node Type": "Bitmap Heap Scan", "Parent Relationship": "Inner", "Relation Name": "supplier", "Alias": "supplier", "Startup Cost": 95.25, "Total Cost": 2492.04, "Plan Rows": 4000, "Plan Width": 12, "Recheck Cond": "(s_nationkey = public.nation.n_nationkey)", "Plans": [{"Node Type": "Bitmap Index Scan", "Parent Relationship": "Outer", "Index Name": "idx_supplier_nation_key", "Startup Cost": 0.0, "Total Cost": 94.25, "Plan Rows": 4000, "Plan Width": 0, "Index Cond": "(s_nationkey = public.nation.n_nationkey)"}]}]}, {"Node Type": "Index Scan", "Parent Relationship": "Inner", "Scan Direction": "Forward", "Index Name": "idx_partsupp_suppkey", "Relation Name": "partsupp", "Alias": "partsupp", "Startup Cost": 0.0, "Total Cost": 9.33, "Plan Rows": 13, "Plan Width": 24, "Index Cond": "(ps_suppkey = public.supplier.s_suppkey)"}]}]}, {"Node Type": "Aggregate", "Strategy": "Hashed", "Parent Relationship": "Outer", "Startup Cost": 41298.47, "Total Cost": 41970.72, "Plan Rows": 53780, "Plan Width": 40, "Group By Key": ["public.partsupp.ps_partkey"], "Filter": "(sum((public.partsupp.ps_supplycost * (public.partsupp.ps_availqty)::double precision)) > $2)", "Plans": [{"Node Type": "Nested Loop", "Parent Relationship": "Outer", "Join Type": "Inner", "Startup Cost": 95.25, "Total Cost": 40357.32, "Plan Rows": 53780, "Plan Width": 24, "Inner Unique": false, "Plans": [{"Node Type": "Nested Loop", "Parent Relationship": "Outer", "Join Type": "Inner", "Startup Cost": 95.25, "Total Cost": 2533.35, "Plan Rows": 4000, "Plan Width": 8, "Inner Unique": false, "Plans": [{"Node Type": "Seq Scan", "Parent Relationship": "Outer", "Relation Name": "nation", "Alias": "nation", "Startup Cost": 0.0, "Total Cost": 1.31, "Plan Rows": 1, "Plan Width": 4, "Filter": "(n_name = 'MOZAMBIQUE'::bpchar)"}, {"Node Type": "Bitmap Heap Scan", "Parent Relationship": "Inner", "Relation Name": "supplier", "Alias": "supplier", "Startup Cost": 95.25, "Total Cost": 2492.04, "Plan Rows": 4000, "Plan Width": 12, "Recheck Cond": "(s_nationkey = public.nation.n_nationkey)", "Plans": [{"Node Type": "Bitmap Index Scan", "Parent Relationship": "Outer", "Index Name": "idx_supplier_nation_key", "Startup Cost": 0.0, "Total Cost": 94.25, "Plan Rows": 4000, "Plan Width": 0, "Index Cond": "(s_nationkey = public.nation.n_nationkey)"}]}]}, {"Node Type": "Index Scan", "Parent Relationship": "Inner", "Scan Direction": "Forward", "Index Name": "idx_partsupp_suppkey", "Relation Name": "partsupp", "Alias": "partsupp", "Startup Cost": 0.0, "Total Cost": 9.33, "Plan Rows": 13, "Plan Width": 32, "Index Cond": "(ps_suppkey = public.supplier.s_suppkey)"}]}]}]}, "Unique SQL Id": 2932834211, "Planner Runtime": 0}, "explain_analyze_plan": {"Plan": {"Node Type": "Sort", "Startup Cost": 86957.11, "Total Cost": 87091.56, "Plan Rows": 53780, "Plan Width": 40, "Actual Startup Time": 1757.818, "Actual Total Time": 1757.818, "Actual Rows": 0, "Actual Loops": 1, "Sort Key": ["(sum((public.partsupp.ps_supplycost * (public.partsupp.ps_availqty)::double precision))) DESC"], "Sort Method": "quicksort", "Sort Space Used": 25, "Sort Space Type": "Memory", "Plans": [{"Node Type": "Aggregate", "Strategy": "Plain", "Parent Relationship": "exec_init_plan", "Subplan Name": "InitPlan 1 (returns $2)", "Startup Cost": 40760.67, "Total Cost": 40760.68, "Plan Rows": 1, "Plan Width": 24, "Actual Startup Time": 685.274, "Actual Total Time": 685.274, "Actual Rows": 1, "Actual Loops": 1, "Plans": [{"Node Type": "Nested Loop", "Parent Relationship": "Outer", "Join Type": "Inner", "Startup Cost": 95.25, "Total Cost": 40357.32, "Plan Rows": 53780, "Plan Width": 16, "Actual Startup Time": 0.989, "Actual Total Time": 550.199, "Actual Rows": 313920, "Actual Loops": 1, "Inner Unique": false, "Plans": [{"Node Type": "Nested Loop", "Parent Relationship": "Outer", "Join Type": "Inner", "Startup Cost": 95.25, "Total Cost": 2533.35, "Plan Rows": 4000, "Plan Width": 8, "Actual Startup Time": 0.963, "Actual Total Time": 7.289, "Actual Rows": 3924, "Actual Loops": 1, "Inner Unique": false, "Plans": [{"Node Type": "Seq Scan", "Parent Relationship": "Outer", "Relation Name": "nation", "Alias": "nation", "Startup Cost": 0.0, "Total Cost": 1.31, "Plan Rows": 1, "Plan Width": 4, "Actual Startup Time": 0.043, "Actual Total Time": 0.055, "Actual Rows": 1, "Actual Loops": 1, "Filter": "(n_name = 'MOZAMBIQUE'::bpchar)", "Rows Removed by Filter": 24}, {"Node Type": "Bitmap Heap Scan", "Parent Relationship": "Inner", "Relation Name": "supplier", "Alias": "supplier", "Startup Cost": 95.25, "Total Cost": 2492.04, "Plan Rows": 4000, "Plan Width": 12, "Actual Startup Time": 0.903, "Actual Total Time": 6.347, "Actual Rows": 3924, "Actual Loops": 1, "Recheck Cond": "(s_nationkey = public.nation.n_nationkey)", "Rows Removed by Index Recheck": 0, "Exact Heap Blocks": 1895, "Lossy Heap Blocks": 1895, "Plans": [{"Node Type": "Bitmap Index Scan", "Parent Relationship": "Outer", "Index Name": "idx_supplier_nation_key", "Startup Cost": 0.0, "Total Cost": 94.25, "Plan Rows": 4000, "Plan Width": 0, "Actual Startup Time": 0.624, "Actual Total Time": 0.624, "Actual Rows": 3924, "Actual Loops": 1, "Index Cond": "(s_nationkey = public.nation.n_nationkey)"}]}]}, {"Node Type": "Index Scan", "Parent Relationship": "Inner", "Scan Direction": "Forward", "Index Name": "idx_partsupp_suppkey", "Relation Name": "partsupp", "Alias": "partsupp", "Startup Cost": 0.0, "Total Cost": 9.33, "Plan Rows": 13, "Plan Width": 24, "Actual Startup Time": 41.836, "Actual Total Time": 476.637, "Actual Rows": 313920, "Actual Loops": 3924, "Index Cond": "(ps_suppkey = public.supplier.s_suppkey)", "Rows Removed by Index Recheck": 0}]}]}, {"Node Type": "Aggregate", "Strategy": "Hashed", "Parent Relationship": "Outer", "Startup Cost": 41298.47, "Total Cost": 41970.72, "Plan Rows": 53780, "Plan Width": 40, "Actual Startup Time": 1757.278, "Actual Total Time": 1757.278, "Actual Rows": 0, "Actual Loops": 1, "Group By Key": ["public.partsupp.ps_partkey"], "Filter": "(sum((public.partsupp.ps_supplycost * (public.partsupp.ps_availqty)::double precision)) > $2)", "Rows Removed by Filter": 295792, "Plans": [{"Node Type": "Nested Loop", "Parent Relationship": "Outer", "Join Type": "Inner", "Startup Cost": 95.25, "Total Cost": 40357.32, "Plan Rows": 53780, "Plan Width": 24, "Actual Startup Time": 0.989, "Actual Total Time": 653.431, "Actual Rows": 313920, "Actual Loops": 1, "Inner Unique": false, "Plans": [{"Node Type": "Nested Loop", "Parent Relationship": "Outer", "Join Type": "Inner", "Startup Cost": 95.25, "Total Cost": 2533.35, "Plan Rows": 4000, "Plan Width": 8, "Actual Startup Time": 0.965, "Actual Total Time": 8.619, "Actual Rows": 3924, "Actual Loops": 1, "Inner Unique": false, "Plans": [{"Node Type": "Seq Scan", "Parent Relationship": "Outer", "Relation Name": "nation", "Alias": "nation", "Startup Cost": 0.0, "Total Cost": 1.31, "Plan Rows": 1, "Plan Width": 4, "Actual Startup Time": 0.03, "Actual Total Time": 0.047, "Actual Rows": 1, "Actual Loops": 1, "Filter": "(n_name = 'MOZAMBIQUE'::bpchar)", "Rows Removed by Filter": 24}, {"Node Type": "Bitmap Heap Scan", "Parent Relationship": "Inner", "Relation Name": "supplier", "Alias": "supplier", "Startup Cost": 95.25, "Total Cost": 2492.04, "Plan Rows": 4000, "Plan Width": 12, "Actual Startup Time": 0.928, "Actual Total Time": 7.555, "Actual Rows": 3924, "Actual Loops": 1, "Recheck Cond": "(s_nationkey = public.nation.n_nationkey)", "Rows Removed by Index Recheck": 0, "Exact Heap Blocks": 1895, "Lossy Heap Blocks": 1895, "Plans": [{"Node Type": "Bitmap Index Scan", "Parent Relationship": "Outer", "Index Name": "idx_supplier_nation_key", "Startup Cost": 0.0, "Total Cost": 94.25, "Plan Rows": 4000, "Plan Width": 0, "Actual Startup Time": 0.644, "Actual Total Time": 0.644, "Actual Rows": 3924, "Actual Loops": 1, "Index Cond": "(s_nationkey = public.nation.n_nationkey)"}]}]}, {"Node Type": "Index Scan", "Parent Relationship": "Inner", "Scan Direction": "Forward", "Index Name": "idx_partsupp_suppkey", "Relation Name": "partsupp", "Alias": "partsupp", "Startup Cost": 0.0, "Total Cost": 9.33, "Plan Rows": 13, "Plan Width": 32, "Actual Startup Time": 48.203, "Actual Total Time": 572.851, "Actual Rows": 313920, "Actual Loops": 3924, "Index Cond": "(ps_suppkey = public.supplier.s_suppkey)", "Rows Removed by Index Recheck": 0}]}]}]}, "Triggers": [], "Planner Runtime": 0, "Total Runtime": 1758.153, "Unique SQL Id": 2932834211}}, "(64, 53)": {"explain_plan": {"Plan": {"Node Type": "Sort", "Startup Cost": 86979.86, "Total Cost": 87114.31, "Plan Rows": 53780, "Plan Width": 40, "Sort Key": ["(sum((public.partsupp.ps_supplycost * (public.partsupp.ps_availqty)::double precision))) DESC"], "Plans": [{"Node Type": "Aggregate", "Strategy": "Plain", "Parent Relationship": "exec_init_plan", "Subplan Name": "InitPlan 1 (returns $2)", "Startup Cost": 40772.04, "Total Cost": 40772.06, "Plan Rows": 1, "Plan Width": 24, "Plans": [{"Node Type": "Nested Loop", "Parent Relationship": "Outer", "Join Type": "Inner", "Startup Cost": 95.25, "Total Cost": 40368.69, "Plan Rows": 53780, "Plan Width": 16, "Inner Unique": false, "Plans": [{"Node Type": "Nested Loop", "Parent Relationship": "Outer", "Join Type": "Inner", "Startup Cost": 95.25, "Total Cost": 2544.73, "Plan Rows": 4000, "Plan Width": 8, "Inner Unique": false, "Plans": [{"Node Type": "Index Scan", "Parent Relationship": "Outer", "Scan Direction": "Forward", "Index Name": "nation_pkey", "Relation Name": "nation", "Alias": "nation", "Startup Cost": 0.0, "Total Cost": 12.69, "Plan Rows": 1, "Plan Width": 4, "Filter": "(n_name = 'MOZAMBIQUE'::bpchar)"}, {"Node Type": "Bitmap Heap Scan", "Parent Relationship": "Inner", "Relation Name": "supplier", "Alias": "supplier", "Startup Cost": 95.25, "Total Cost": 2492.04, "Plan Rows": 4000, "Plan Width": 12, "Recheck Cond": "(s_nationkey = public.nation.n_nationkey)", "Plans": [{"Node Type": "Bitmap Index Scan", "Parent Relationship": "Outer", "Index Name": "idx_supplier_nation_key", "Startup Cost": 0.0, "Total Cost": 94.25, "Plan Rows": 4000, "Plan Width": 0, "Index Cond": "(s_nationkey = public.nation.n_nationkey)"}]}]}, {"Node Type": "Index Scan", "Parent Relationship": "Inner", "Scan Direction": "Forward", "Index Name": "idx_partsupp_suppkey", "Relation Name": "partsupp", "Alias": "partsupp", "Startup Cost": 0.0, "Total Cost": 9.33, "Plan Rows": 13, "Plan Width": 24, "Index Cond": "(ps_suppkey = public.supplier.s_suppkey)"}]}]}, {"Node Type": "Aggregate", "Strategy": "Hashed", "Parent Relationship": "Outer", "Startup Cost": 41309.84, "Total Cost": 41982.09, "Plan Rows": 53780, "Plan Width": 40, "Group By Key": ["public.partsupp.ps_partkey"], "Filter": "(sum((public.partsupp.ps_supplycost * (public.partsupp.ps_availqty)::double precision)) > $2)", "Plans": [{"Node Type": "Nested Loop", "Parent Relationship": "Outer", "Join Type": "Inner", "Startup Cost": 95.25, "Total Cost": 40368.69, "Plan Rows": 53780, "Plan Width": 24, "Inner Unique": false, "Plans": [{"Node Type": "Nested Loop", "Parent Relationship": "Outer", "Join Type": "Inner", "Startup Cost": 95.25, "Total Cost": 2544.73, "Plan Rows": 4000, "Plan Width": 8, "Inner Unique": false, "Plans": [{"Node Type": "Index Scan", "Parent Relationship": "Outer", "Scan Direction": "Forward", "Index Name": "nation_pkey", "Relation Name": "nation", "Alias": "nation", "Startup Cost": 0.0, "Total Cost": 12.69, "Plan Rows": 1, "Plan Width": 4, "Filter": "(n_name = 'MOZAMBIQUE'::bpchar)"}, {"Node Type": "Bitmap Heap Scan", "Parent Relationship": "Inner", "Relation Name": "supplier", "Alias": "supplier", "Startup Cost": 95.25, "Total Cost": 2492.04, "Plan Rows": 4000, "Plan Width": 12, "Recheck Cond": "(s_nationkey = public.nation.n_nationkey)", "Plans": [{"Node Type": "Bitmap Index Scan", "Parent Relationship": "Outer", "Index Name": "idx_supplier_nation_key", "Startup Cost": 0.0, "Total Cost": 94.25, "Plan Rows": 4000, "Plan Width": 0, "Index Cond": "(s_nationkey = public.nation.n_nationkey)"}]}]}, {"Node Type": "Index Scan", "Parent Relationship": "Inner", "Scan Direction": "Forward", "Index Name": "idx_partsupp_suppkey", "Relation Name": "partsupp", "Alias": "partsupp", "Startup Cost": 0.0, "Total Cost": 9.33, "Plan Rows": 13, "Plan Width": 32, "Index Cond": "(ps_suppkey = public.supplier.s_suppkey)"}]}]}]}, "Unique SQL Id": 2932834211, "Planner Runtime": 0}, "explain_analyze_plan": {"Plan": {"Node Type": "Sort", "Startup Cost": 86979.86, "Total Cost": 87114.31, "Plan Rows": 53780, "Plan Width": 40, "Actual Startup Time": 1762.834, "Actual Total Time": 1762.834, "Actual Rows": 0, "Actual Loops": 1, "Sort Key": ["(sum((public.partsupp.ps_supplycost * (public.partsupp.ps_availqty)::double precision))) DESC"], "Sort Method": "quicksort", "Sort Space Used": 25, "Sort Space Type": "Memory", "Plans": [{"Node Type": "Aggregate", "Strategy": "Plain", "Parent Relationship": "exec_init_plan", "Subplan Name": "InitPlan 1 (returns $2)", "Startup Cost": 40772.04, "Total Cost": 40772.06, "Plan Rows": 1, "Plan Width": 24, "Actual Startup Time": 757.478, "Actual Total Time": 757.478, "Actual Rows": 1, "Actual Loops": 1, "Plans": [{"Node Type": "Nested Loop", "Parent Relationship": "Outer", "Join Type": "Inner", "Startup Cost": 95.25, "Total Cost": 40368.69, "Plan Rows": 53780, "Plan Width": 16, "Actual Startup Time": 0.979, "Actual Total Time": 621.76, "Actual Rows": 313920, "Actual Loops": 1, "Inner Unique": false, "Plans": [{"Node Type": "Nested Loop", "Parent Relationship": "Outer", "Join Type": "Inner", "Startup Cost": 95.25, "Total Cost": 2544.73, "Plan Rows": 4000, "Plan Width": 8, "Actual Startup Time": 0.958, "Actual Total Time": 8.05, "Actual Rows": 3924, "Actual Loops": 1, "Inner Unique": false, "Plans": [{"Node Type": "Index Scan", "Parent Relationship": "Outer", "Scan Direction": "Forward", "Index Name": "nation_pkey", "Relation Name": "nation", "Alias": "nation", "Startup Cost": 0.0, "Total Cost": 12.69, "Plan Rows": 1, "Plan Width": 4, "Actual Startup Time": 0.038, "Actual Total Time": 0.053, "Actual Rows": 1, "Actual Loops": 1, "Filter": "(n_name = 'MOZAMBIQUE'::bpchar)", "Rows Removed by Filter": 24}, {"Node Type": "Bitmap Heap Scan", "Parent Relationship": "Inner", "Relation Name": "supplier", "Alias": "supplier", "Startup Cost": 95.25, "Total Cost": 2492.04, "Plan Rows": 4000, "Plan Width": 12, "Actual Startup Time": 0.903, "Actual Total Time": 7.053, "Actual Rows": 3924, "Actual Loops": 1, "Recheck Cond": "(s_nationkey = public.nation.n_nationkey)", "Rows Removed by Index Recheck": 0, "Exact Heap Blocks": 1895, "Lossy Heap Blocks": 1895, "Plans": [{"Node Type": "Bitmap Index Scan", "Parent Relationship": "Outer", "Index Name": "idx_supplier_nation_key", "Startup Cost": 0.0, "Total Cost": 94.25, "Plan Rows": 4000, "Plan Width": 0, "Actual Startup Time": 0.627, "Actual Total Time": 0.627, "Actual Rows": 3924, "Actual Loops": 1, "Index Cond": "(s_nationkey = public.nation.n_nationkey)"}]}]}, {"Node Type": "Index Scan", "Parent Relationship": "Inner", "Scan Direction": "Forward", "Index Name": "idx_partsupp_suppkey", "Relation Name": "partsupp", "Alias": "partsupp", "Startup Cost": 0.0, "Total Cost": 9.33, "Plan Rows": 13, "Plan Width": 24, "Actual Startup Time": 46.082, "Actual Total Time": 547.337, "Actual Rows": 313920, "Actual Loops": 3924, "Index Cond": "(ps_suppkey = public.supplier.s_suppkey)", "Rows Removed by Index Recheck": 0}]}]}, {"Node Type": "Aggregate", "Strategy": "Hashed", "Parent Relationship": "Outer", "Startup Cost": 41309.84, "Total Cost": 41982.09, "Plan Rows": 53780, "Plan Width": 40, "Actual Startup Time": 1762.251, "Actual Total Time": 1762.251, "Actual Rows": 0, "Actual Loops": 1, "Group By Key": ["public.partsupp.ps_partkey"], "Filter": "(sum((public.partsupp.ps_supplycost * (public.partsupp.ps_availqty)::double precision)) > $2)", "Rows Removed by Filter": 295792, "Plans": [{"Node Type": "Nested Loop", "Parent Relationship": "Outer", "Join Type": "Inner", "Startup Cost": 95.25, "Total Cost": 40368.69, "Plan Rows": 53780, "Plan Width": 24, "Actual Startup Time": 0.974, "Actual Total Time": 574.222, "Actual Rows": 313920, "Actual Loops": 1, "Inner Unique": false, "Plans": [{"Node Type": "Nested Loop", "Parent Relationship": "Outer", "Join Type": "Inner", "Startup Cost": 95.25, "Total Cost": 2544.73, "Plan Rows": 4000, "Plan Width": 8, "Actual Startup Time": 0.951, "Actual Total Time": 7.662, "Actual Rows": 3924, "Actual Loops": 1, "Inner Unique": false, "Plans": [{"Node Type": "Index Scan", "Parent Relationship": "Outer", "Scan Direction": "Forward", "Index Name": "nation_pkey", "Relation Name": "nation", "Alias": "nation", "Startup Cost": 0.0, "Total Cost": 12.69, "Plan Rows": 1, "Plan Width": 4, "Actual Startup Time": 0.031, "Actual Total Time": 0.042, "Actual Rows": 1, "Actual Loops": 1, "Filter": "(n_name = 'MOZAMBIQUE'::bpchar)", "Rows Removed by Filter": 24}, {"Node Type": "Bitmap Heap Scan", "Parent Relationship": "Inner", "Relation Name": "supplier", "Alias": "supplier", "Startup Cost": 95.25, "Total Cost": 2492.04, "Plan Rows": 4000, "Plan Width": 12, "Actual Startup Time": 0.913, "Actual Total Time": 6.701, "Actual Rows": 3924, "Actual Loops": 1, "Recheck Cond": "(s_nationkey = public.nation.n_nationkey)", "Rows Removed by Index Recheck": 0, "Exact Heap Blocks": 1895, "Lossy Heap Blocks": 1895, "Plans": [{"Node Type": "Bitmap Index Scan", "Parent Relationship": "Outer", "Index Name": "idx_supplier_nation_key", "Startup Cost": 0.0, "Total Cost": 94.25, "Plan Rows": 4000, "Plan Width": 0, "Actual Startup Time": 0.621, "Actual Total Time": 0.621, "Actual Rows": 3924, "Actual Loops": 1, "Index Cond": "(s_nationkey = public.nation.n_nationkey)"}]}]}, {"Node Type": "Index Scan", "Parent Relationship": "Inner", "Scan Direction": "Forward", "Index Name": "idx_partsupp_suppkey", "Relation Name": "partsupp", "Alias": "partsupp", "Startup Cost": 0.0, "Total Cost": 9.33, "Plan Rows": 13, "Plan Width": 32, "Actual Startup Time": 43.059, "Actual Total Time": 494.357, "Actual Rows": 313920, "Actual Loops": 3924, "Index Cond": "(ps_suppkey = public.supplier.s_suppkey)", "Rows Removed by Index Recheck": 0}]}]}]}, "Triggers": [], "Planner Runtime": 0, "Total Runtime": 1763.161, "Unique SQL Id": 2932834211}}, "(64, 54)": {"explain_plan": {"Plan": {"Node Type": "Sort", "Startup Cost": 90032.55, "Total Cost": 90167.0, "Plan Rows": 53780, "Plan Width": 40, "Sort Key": ["(sum((public.partsupp.ps_supplycost * (public.partsupp.ps_availqty)::double precision))) DESC"], "Plans": [{"Node Type": "Aggregate", "Strategy": "Plain", "Parent Relationship": "exec_init_plan", "Subplan Name": "InitPlan 1 (returns $2)", "Startup Cost": 42298.39, "Total Cost": 42298.4, "Plan Rows": 1, "Plan Width": 24, "Plans": [{"Node Type": "Nested Loop", "Parent Relationship": "Outer", "Join Type": "Inner", "Startup Cost": 96.82, "Total Cost": 41895.04, "Plan Rows": 53780, "Plan Width": 16, "Inner Unique": false, "Plans": [{"Node Type": "Nested Loop", "Parent Relationship": "Outer", "Join Type": "Inner", "Startup Cost": 95.25, "Total Cost": 2533.35, "Plan Rows": 4000, "Plan Width": 8, "Inner Unique": false, "Plans": [{"Node Type": "Seq Scan", "Parent Relationship": "Outer", "Relation Name": "nation", "Alias": "nation", "Startup Cost": 0.0, "Total Cost": 1.31, "Plan Rows": 1, "Plan Width": 4, "Filter": "(n_name = 'MOZAMBIQUE'::bpchar)"}, {"Node Type": "Bitmap Heap Scan", "Parent Relationship": "Inner", "Relation Name": "supplier", "Alias": "supplier", "Startup Cost": 95.25, "Total Cost": 2492.04, "Plan Rows": 4000, "Plan Width": 12, "Recheck Cond": "(s_nationkey = public.nation.n_nationkey)", "Plans": [{"Node Type": "Bitmap Index Scan", "Parent Relationship": "Outer", "Index Name": "idx_supplier_nation_key", "Startup Cost": 0.0, "Total Cost": 94.25, "Plan Rows": 4000, "Plan Width": 0, "Index Cond": "(s_nationkey = public.nation.n_nationkey)"}]}]}, {"Node Type": "Bitmap Heap Scan", "Parent Relationship": "Inner", "Relation Name": "partsupp", "Alias": "partsupp", "Startup Cost": 1.57, "Total Cost": 9.71, "Plan Rows": 13, "Plan Width": 24, "Recheck Cond": "(ps_suppkey = public.supplier.s_suppkey)", "Plans": [{"Node Type": "Bitmap Index Scan", "Parent Relationship": "Outer", "Index Name": "idx_partsupp_suppkey", "Startup Cost": 0.0, "Total Cost": 1.56, "Plan Rows": 13, "Plan Width": 0, "Index Cond": "(ps_suppkey = public.supplier.s_suppkey)"}]}]}]}, {"Node Type": "Aggregate", "Strategy": "Hashed", "Parent Relationship": "Outer", "Startup Cost": 42836.19, "Total Cost": 43508.44, "Plan Rows": 53780, "Plan Width": 40, "Group By Key": ["public.partsupp.ps_partkey"], "Filter": "(sum((public.partsupp.ps_supplycost * (public.partsupp.ps_availqty)::double precision)) > $2)", "Plans": [{"Node Type": "Nested Loop", "Parent Relationship": "Outer", "Join Type": "Inner", "Startup Cost": 96.82, "Total Cost": 41895.04, "Plan Rows": 53780, "Plan Width": 24, "Inner Unique": false, "Plans": [{"Node Type": "Nested Loop", "Parent Relationship": "Outer", "Join Type": "Inner", "Startup Cost": 95.25, "Total Cost": 2533.35, "Plan Rows": 4000, "Plan Width": 8, "Inner Unique": false, "Plans": [{"Node Type": "Seq Scan", "Parent Relationship": "Outer", "Relation Name": "nation", "Alias": "nation", "Startup Cost": 0.0, "Total Cost": 1.31, "Plan Rows": 1, "Plan Width": 4, "Filter": "(n_name = 'MOZAMBIQUE'::bpchar)"}, {"Node Type": "Bitmap Heap Scan", "Parent Relationship": "Inner", "Relation Name": "supplier", "Alias": "supplier", "Startup Cost": 95.25, "Total Cost": 2492.04, "Plan Rows": 4000, "Plan Width": 12, "Recheck Cond": "(s_nationkey = public.nation.n_nationkey)", "Plans": [{"Node Type": "Bitmap Index Scan", "Parent Relationship": "Outer", "Index Name": "idx_supplier_nation_key", "Startup Cost": 0.0, "Total Cost": 94.25, "Plan Rows": 4000, "Plan Width": 0, "Index Cond": "(s_nationkey = public.nation.n_nationkey)"}]}]}, {"Node Type": "Bitmap Heap Scan", "Parent Relationship": "Inner", "Relation Name": "partsupp", "Alias": "partsupp", "Startup Cost": 1.57, "Total Cost": 9.71, "Plan Rows": 13, "Plan Width": 32, "Recheck Cond": "(ps_suppkey = public.supplier.s_suppkey)", "Plans": [{"Node Type": "Bitmap Index Scan", "Parent Relationship": "Outer", "Index Name": "idx_partsupp_suppkey", "Startup Cost": 0.0, "Total Cost": 1.56, "Plan Rows": 13, "Plan Width": 0, "Index Cond": "(ps_suppkey = public.supplier.s_suppkey)"}]}]}]}]}, "Unique SQL Id": 2932834211, "Planner Runtime": 0}, "explain_analyze_plan": {"Plan": {"Node Type": "Sort", "Startup Cost": 90032.55, "Total Cost": 90167.0, "Plan Rows": 53780, "Plan Width": 40, "Actual Startup Time": 1938.442, "Actual Total Time": 1938.442, "Actual Rows": 0, "Actual Loops": 1, "Sort Key": ["(sum((public.partsupp.ps_supplycost * (public.partsupp.ps_availqty)::double precision))) DESC"], "Sort Method": "quicksort", "Sort Space Used": 25, "Sort Space Type": "Memory", "Plans": [{"Node Type": "Aggregate", "Strategy": "Plain", "Parent Relationship": "exec_init_plan", "Subplan Name": "InitPlan 1 (returns $2)", "Startup Cost": 42298.39, "Total Cost": 42298.4, "Plan Rows": 1, "Plan Width": 24, "Actual Startup Time": 849.92, "Actual Total Time": 849.921, "Actual Rows": 1, "Actual Loops": 1, "Plans": [{"Node Type": "Nested Loop", "Parent Relationship": "Outer", "Join Type": "Inner", "Startup Cost": 96.82, "Total Cost": 41895.04, "Plan Rows": 53780, "Plan Width": 16, "Actual Startup Time": 1.032, "Actual Total Time": 721.537, "Actual Rows": 313920, "Actual Loops": 1, "Inner Unique": false, "Plans": [{"Node Type": "Nested Loop", "Parent Relationship": "Outer", "Join Type": "Inner", "Startup Cost": 95.25, "Total Cost": 2533.35, "Plan Rows": 4000, "Plan Width": 8, "Actual Startup Time": 0.983, "Actual Total Time": 7.832, "Actual Rows": 3924, "Actual Loops": 1, "Inner Unique": false, "Plans": [{"Node Type": "Seq Scan", "Parent Relationship": "Outer", "Relation Name": "nation", "Alias": "nation", "Startup Cost": 0.0, "Total Cost": 1.31, "Plan Rows": 1, "Plan Width": 4, "Actual Startup Time": 0.036, "Actual Total Time": 0.051, "Actual Rows": 1, "Actual Loops": 1, "Filter": "(n_name = 'MOZAMBIQUE'::bpchar)", "Rows Removed by Filter": 24}, {"Node Type": "Bitmap Heap Scan", "Parent Relationship": "Inner", "Relation Name": "supplier", "Alias": "supplier", "Startup Cost": 95.25, "Total Cost": 2492.04, "Plan Rows": 4000, "Plan Width": 12, "Actual Startup Time": 0.939, "Actual Total Time": 6.87, "Actual Rows": 3924, "Actual Loops": 1, "Recheck Cond": "(s_nationkey = public.nation.n_nationkey)", "Rows Removed by Index Recheck": 0, "Exact Heap Blocks": 1895, "Lossy Heap Blocks": 1895, "Plans": [{"Node Type": "Bitmap Index Scan", "Parent Relationship": "Outer", "Index Name": "idx_supplier_nation_key", "Startup Cost": 0.0, "Total Cost": 94.25, "Plan Rows": 4000, "Plan Width": 0, "Actual Startup Time": 0.649, "Actual Total Time": 0.649, "Actual Rows": 3924, "Actual Loops": 1, "Index Cond": "(s_nationkey = public.nation.n_nationkey)"}]}]}, {"Node Type": "Bitmap Heap Scan", "Parent Relationship": "Inner", "Relation Name": "partsupp", "Alias": "partsupp", "Startup Cost": 1.57, "Total Cost": 9.71, "Plan Rows": 13, "Plan Width": 24, "Actual Startup Time": 100.697, "Actual Total Time": 646.011, "Actual Rows": 313920, "Actual Loops": 3924, "Recheck Cond": "(ps_suppkey = public.supplier.s_suppkey)", "Rows Removed by Index Recheck": 0, "Exact Heap Blocks": 313920, "Lossy Heap Blocks": 313920, "Plans": [{"Node Type": "Bitmap Index Scan", "Parent Relationship": "Outer", "Index Name": "idx_partsupp_suppkey", "Startup Cost": 0.0, "Total Cost": 1.56, "Plan Rows": 13, "Plan Width": 0, "Actual Startup Time": 62.61, "Actual Total Time": 62.61, "Actual Rows": 313920, "Actual Loops": 3924, "Index Cond": "(ps_suppkey = public.supplier.s_suppkey)"}]}]}]}, {"Node Type": "Aggregate", "Strategy": "Hashed", "Parent Relationship": "Outer", "Startup Cost": 42836.19, "Total Cost": 43508.44, "Plan Rows": 53780, "Plan Width": 40, "Actual Startup Time": 1938.021, "Actual Total Time": 1938.021, "Actual Rows": 0, "Actual Loops": 1, "Group By Key": ["public.partsupp.ps_partkey"], "Filter": "(sum((public.partsupp.ps_supplycost * (public.partsupp.ps_availqty)::double precision)) > $2)", "Rows Removed by Filter": 295792, "Plans": [{"Node Type": "Nested Loop", "Parent Relationship": "Outer", "Join Type": "Inner", "Startup Cost": 96.82, "Total Cost": 41895.04, "Plan Rows": 53780, "Plan Width": 24, "Actual Startup Time": 0.995, "Actual Total Time": 708.938, "Actual Rows": 313920, "Actual Loops": 1, "Inner Unique": false, "Plans": [{"Node Type": "Nested Loop", "Parent Relationship": "Outer", "Join Type": "Inner", "Startup Cost": 95.25, "Total Cost": 2533.35, "Plan Rows": 4000, "Plan Width": 8, "Actual Startup Time": 0.951, "Actual Total Time": 7.412, "Actual Rows": 3924, "Actual Loops": 1, "Inner Unique": false, "Plans": [{"Node Type": "Seq Scan", "Parent Relationship": "Outer", "Relation Name": "nation", "Alias": "nation", "Startup Cost": 0.0, "Total Cost": 1.31, "Plan Rows": 1, "Plan Width": 4, "Actual Startup Time": 0.031, "Actual Total Time": 0.045, "Actual Rows": 1, "Actual Loops": 1, "Filter": "(n_name = 'MOZAMBIQUE'::bpchar)", "Rows Removed by Filter": 24}, {"Node Type": "Bitmap Heap Scan", "Parent Relationship": "Inner", "Relation Name": "supplier", "Alias": "supplier", "Startup Cost": 95.25, "Total Cost": 2492.04, "Plan Rows": 4000, "Plan Width": 12, "Actual Startup Time": 0.912, "Actual Total Time": 6.426, "Actual Rows": 3924, "Actual Loops": 1, "Recheck Cond": "(s_nationkey = public.nation.n_nationkey)", "Rows Removed by Index Recheck": 0, "Exact Heap Blocks": 1895, "Lossy Heap Blocks": 1895, "Plans": [{"Node Type": "Bitmap Index Scan", "Parent Relationship": "Outer", "Index Name": "idx_supplier_nation_key", "Startup Cost": 0.0, "Total Cost": 94.25, "Plan Rows": 4000, "Plan Width": 0, "Actual Startup Time": 0.632, "Actual Total Time": 0.632, "Actual Rows": 3924, "Actual Loops": 1, "Index Cond": "(s_nationkey = public.nation.n_nationkey)"}]}]}, {"Node Type": "Bitmap Heap Scan", "Parent Relationship": "Inner", "Relation Name": "partsupp", "Alias": "partsupp", "Startup Cost": 1.57, "Total Cost": 9.71, "Plan Rows": 13, "Plan Width": 32, "Actual Startup Time": 100.385, "Actual Total Time": 627.624, "Actual Rows": 313920, "Actual Loops": 3924, "Recheck Cond": "(ps_suppkey = public.supplier.s_suppkey)", "Rows Removed by Index Recheck": 0, "Exact Heap Blocks": 313920, "Lossy Heap Blocks": 313920, "Plans": [{"Node Type": "Bitmap Index Scan", "Parent Relationship": "Outer", "Index Name": "idx_partsupp_suppkey", "Startup Cost": 0.0, "Total Cost": 1.56, "Plan Rows": 13, "Plan Width": 0, "Actual Startup Time": 62.318, "Actual Total Time": 62.318, "Actual Rows": 313920, "Actual Loops": 3924, "Index Cond": "(ps_suppkey = public.supplier.s_suppkey)"}]}]}]}]}, "Triggers": [], "Planner Runtime": 0, "Total Runtime": 1938.921, "Unique SQL Id": 2932834211}}, "(64, 55)": {"explain_plan": {"Plan": {"Node Type": "Sort", "Startup Cost": 2000084159245.82, "Total Cost": 2000084159380.27, "Plan Rows": 53780, "Plan Width": 40, "Sort Key": ["(sum((public.partsupp.ps_supplycost * (public.partsupp.ps_availqty)::double precision))) DESC"], "Plans": [{"Node Type": "Aggregate", "Strategy": "Plain", "Parent Relationship": "exec_init_plan", "Subplan Name": "InitPlan 1 (returns $2)", "Startup Cost": 1000001001502.42, "Total Cost": 1000001001502.43, "Plan Rows": 1, "Plan Width": 24, "Plans": [{"Node Type": "Nested Loop", "Parent Relationship": "Outer", "Join Type": "Inner", "Startup Cost": 10000000001.83, "Total Cost": 1000001001099.07, "Plan Rows": 53780, "Plan Width": 16, "Inner Unique": false, "Plans": [{"Node Type": "Nested Loop", "Parent Relationship": "Outer", "Join Type": "Inner", "Startup Cost": 10000000000.26, "Total Cost": 1000000961737.38, "Plan Rows": 4000, "Plan Width": 8, "Inner Unique": true, "Plans": [{"Node Type": "Index Scan", "Parent Relationship": "Outer", "Scan Direction": "Forward", "Index Name": "supplier_pkey", "Relation Name": "supplier", "Alias": "supplier", "Startup Cost": 10000000000.0, "Total Cost": 1000000533454.38, "Plan Rows": 100000, "Plan Width": 12}, {"Node Type": "Bitmap Heap Scan", "Parent Relationship": "Inner", "Relation Name": "nation", "Alias": "nation", "Startup Cost": 0.26, "Total Cost": 4.27, "Plan Rows": 1, "Plan Width": 4, "Recheck Cond": "(n_nationkey = public.supplier.s_nationkey)", "Filter": "(n_name = 'MOZAMBIQUE'::bpchar)", "Plans": [{"Node Type": "Bitmap Index Scan", "Parent Relationship": "Outer", "Index Name": "nation_pkey", "Startup Cost": 0.0, "Total Cost": 0.26, "Plan Rows": 1, "Plan Width": 0, "Index Cond": "(n_nationkey = public.supplier.s_nationkey)"}]}]}, {"Node Type": "Bitmap Heap Scan", "Parent Relationship": "Inner", "Relation Name": "partsupp", "Alias": "partsupp", "Startup Cost": 1.57, "Total Cost": 9.71, "Plan Rows": 13, "Plan Width": 24, "Recheck Cond": "(ps_suppkey = public.supplier.s_suppkey)", "Plans": [{"Node Type": "Bitmap Index Scan", "Parent Relationship": "Outer", "Index Name": "idx_partsupp_suppkey", "Startup Cost": 0.0, "Total Cost": 1.56, "Plan Rows": 13, "Plan Width": 0, "Index Cond": "(ps_suppkey = public.supplier.s_suppkey)"}]}]}]}, {"Node Type": "Aggregate", "Strategy": "Hashed", "Parent Relationship": "Outer", "Startup Cost": 1000083152845.44, "Total Cost": 1000083153517.69, "Plan Rows": 53780, "Plan Width": 40, "Group By Key": ["public.partsupp.ps_partkey"], "Filter": "(sum((public.partsupp.ps_supplycost * (public.partsupp.ps_availqty)::double precision)) > $2)", "Plans": [{"Node Type": "Nested Loop", "Parent Relationship": "Outer", "Join Type": "Inner", "Startup Cost": 10000000000.52, "Total Cost": 1000083151904.29, "Plan Rows": 53780, "Plan Width": 24, "Inner Unique": true, "Plans": [{"Node Type": "Nested Loop", "Parent Relationship": "Outer", "Join Type": "Inner", "Startup Cost": 10000000000.26, "Total Cost": 1000077393643.64, "Plan Rows": 1344499, "Plan Width": 28, "Inner Unique": true, "Plans": [{"Node Type": "Index Scan", "Parent Relationship": "Outer", "Scan Direction": "Forward", "Index Name": "idx_partsupp_partkey", "Relation Name": "partsupp", "Alias": "partsupp", "Startup Cost": 10000000000.0, "Total Cost": 1000043148503.38, "Plan Rows": 8000372, "Plan Width": 32}, {"Node Type": "Bitmap Heap Scan", "Parent Relationship": "Inner", "Relation Name": "supplier", "Alias": "supplier", "Startup Cost": 0.26, "Total Cost": 4.27, "Plan Rows": 1, "Plan Width": 12, "Recheck Cond": "(s_suppkey = public.partsupp.ps_suppkey)", "Plans": [{"Node Type": "Bitmap Index Scan", "Parent Relationship": "Outer", "Index Name": "supplier_pkey", "Startup Cost": 0.0, "Total Cost": 0.26, "Plan Rows": 1, "Plan Width": 0, "Index Cond": "(s_suppkey = public.partsupp.ps_suppkey)"}]}]}, {"Node Type": "Bitmap Heap Scan", "Parent Relationship": "Inner", "Relation Name": "nation", "Alias": "nation", "Startup Cost": 0.26, "Total Cost": 4.27, "Plan Rows": 1, "Plan Width": 4, "Recheck Cond": "(n_nationkey = public.supplier.s_nationkey)", "Filter": "(n_name = 'MOZAMBIQUE'::bpchar)", "Plans": [{"Node Type": "Bitmap Index Scan", "Parent Relationship": "Outer", "Index Name": "nation_pkey", "Startup Cost": 0.0, "Total Cost": 0.26, "Plan Rows": 1, "Plan Width": 0, "Index Cond": "(n_nationkey = public.supplier.s_nationkey)"}]}]}]}]}, "Unique SQL Id": 2932834211, "Planner Runtime": 0}, "explain_analyze_plan": null}, "(64, 56)": {"explain_plan": {"Plan": {"Node Type": "Sort", "Startup Cost": 90959.03, "Total Cost": 91093.48, "Plan Rows": 53780, "Plan Width": 40, "Sort Key": ["(sum((public.partsupp.ps_supplycost * (public.partsupp.ps_availqty)::double precision))) DESC"], "Plans": [{"Node Type": "Aggregate", "Strategy": "Plain", "Parent Relationship": "exec_init_plan", "Subplan Name": "InitPlan 1 (returns $1)", "Startup Cost": 42761.63, "Total Cost": 42761.64, "Plan Rows": 1, "Plan Width": 24, "Plans": [{"Node Type": "Nested Loop", "Parent Relationship": "Outer", "Join Type": "Inner", "Startup Cost": 0.0, "Total Cost": 42358.28, "Plan Rows": 53780, "Plan Width": 16, "Inner Unique": false, "Plans": [{"Node Type": "Nested Loop", "Parent Relationship": "Outer", "Join Type": "Inner", "Startup Cost": 0.0, "Total Cost": 4534.31, "Plan Rows": 4000, "Plan Width": 8, "Inner Unique": false, "Join Filter": "(public.supplier.s_nationkey = public.nation.n_nationkey)", "Plans": [{"Node Type": "Seq Scan", "Parent Relationship": "Outer", "Relation Name": "nation", "Alias": "nation", "Startup Cost": 0.0, "Total Cost": 1.31, "Plan Rows": 1, "Plan Width": 4, "Filter": "(n_name = 'MOZAMBIQUE'::bpchar)"}, {"Node Type": "Seq Scan", "Parent Relationship": "Inner", "Relation Name": "supplier", "Alias": "supplier", "Startup Cost": 0.0, "Total Cost": 3283.0, "Plan Rows": 100000, "Plan Width": 12}]}, {"Node Type": "Index Scan", "Parent Relationship": "Inner", "Scan Direction": "Forward", "Index Name": "idx_partsupp_suppkey", "Relation Name": "partsupp", "Alias": "partsupp", "Startup Cost": 0.0, "Total Cost": 9.33, "Plan Rows": 13, "Plan Width": 24, "Index Cond": "(ps_suppkey = public.supplier.s_suppkey)"}]}]}, {"Node Type": "Aggregate", "Strategy": "Hashed", "Parent Relationship": "Outer", "Startup Cost": 43299.43, "Total Cost": 43971.68, "Plan Rows": 53780, "Plan Width": 40, "Group By Key": ["public.partsupp.ps_partkey"], "Filter": "(sum((public.partsupp.ps_supplycost * (public.partsupp.ps_availqty)::double precision)) > $1)", "Plans": [{"Node Type": "Nested Loop", "Parent Relationship": "Outer", "Join Type": "Inner", "Startup Cost": 0.0, "Total Cost": 42358.28, "Plan Rows": 53780, "Plan Width": 24, "Inner Unique": false, "Plans": [{"Node Type": "Nested Loop", "Parent Relationship": "Outer", "Join Type": "Inner", "Startup Cost": 0.0, "Total Cost": 4534.31, "Plan Rows": 4000, "Plan Width": 8, "Inner Unique": false, "Join Filter": "(public.supplier.s_nationkey = public.nation.n_nationkey)", "Plans": [{"Node Type": "Seq Scan", "Parent Relationship": "Outer", "Relation Name": "nation", "Alias": "nation", "Startup Cost": 0.0, "Total Cost": 1.31, "Plan Rows": 1, "Plan Width": 4, "Filter": "(n_name = 'MOZAMBIQUE'::bpchar)"}, {"Node Type": "Seq Scan", "Parent Relationship": "Inner", "Relation Name": "supplier", "Alias": "supplier", "Startup Cost": 0.0, "Total Cost": 3283.0, "Plan Rows": 100000, "Plan Width": 12}]}, {"Node Type": "Index Scan", "Parent Relationship": "Inner", "Scan Direction": "Forward", "Index Name": "idx_partsupp_suppkey", "Relation Name": "partsupp", "Alias": "partsupp", "Startup Cost": 0.0, "Total Cost": 9.33, "Plan Rows": 13, "Plan Width": 32, "Index Cond": "(ps_suppkey = public.supplier.s_suppkey)"}]}]}]}, "Unique SQL Id": 2932834211, "Planner Runtime": 0}, "explain_analyze_plan": {"Plan": {"Node Type": "Sort", "Startup Cost": 90959.03, "Total Cost": 91093.48, "Plan Rows": 53780, "Plan Width": 40, "Actual Startup Time": 1970.652, "Actual Total Time": 1970.652, "Actual Rows": 0, "Actual Loops": 1, "Sort Key": ["(sum((public.partsupp.ps_supplycost * (public.partsupp.ps_availqty)::double precision))) DESC"], "Sort Method": "quicksort", "Sort Space Used": 25, "Sort Space Type": "Memory", "Plans": [{"Node Type": "Aggregate", "Strategy": "Plain", "Parent Relationship": "exec_init_plan", "Subplan Name": "InitPlan 1 (returns $1)", "Startup Cost": 42761.63, "Total Cost": 42761.64, "Plan Rows": 1, "Plan Width": 24, "Actual Startup Time": 951.894, "Actual Total Time": 951.895, "Actual Rows": 1, "Actual Loops": 1, "Plans": [{"Node Type": "Nested Loop", "Parent Relationship": "Outer", "Join Type": "Inner", "Startup Cost": 0.0, "Total Cost": 42358.28, "Plan Rows": 53780, "Plan Width": 16, "Actual Startup Time": 0.098, "Actual Total Time": 817.287, "Actual Rows": 313920, "Actual Loops": 1, "Inner Unique": false, "Plans": [{"Node Type": "Nested Loop", "Parent Relationship": "Outer", "Join Type": "Inner", "Startup Cost": 0.0, "Total Cost": 4534.31, "Plan Rows": 4000, "Plan Width": 8, "Actual Startup Time": 0.069, "Actual Total Time": 54.095, "Actual Rows": 3924, "Actual Loops": 1, "Inner Unique": false, "Join Filter": "(public.supplier.s_nationkey = public.nation.n_nationkey)", "Rows Removed by Join Filter": 96076, "Plans": [{"Node Type": "Seq Scan", "Parent Relationship": "Outer", "Relation Name": "nation", "Alias": "nation", "Startup Cost": 0.0, "Total Cost": 1.31, "Plan Rows": 1, "Plan Width": 4, "Actual Startup Time": 0.029, "Actual Total Time": 0.037, "Actual Rows": 1, "Actual Loops": 1, "Filter": "(n_name = 'MOZAMBIQUE'::bpchar)", "Rows Removed by Filter": 24}, {"Node Type": "Seq Scan", "Parent Relationship": "Inner", "Relation Name": "supplier", "Alias": "supplier", "Startup Cost": 0.0, "Total Cost": 3283.0, "Plan Rows": 100000, "Plan Width": 12, "Actual Startup Time": 0.016, "Actual Total Time": 30.369, "Actual Rows": 100000, "Actual Loops": 1}]}, {"Node Type": "Index Scan", "Parent Relationship": "Inner", "Scan Direction": "Forward", "Index Name": "idx_partsupp_suppkey", "Relation Name": "partsupp", "Alias": "partsupp", "Startup Cost": 0.0, "Total Cost": 9.33, "Plan Rows": 13, "Plan Width": 24, "Actual Startup Time": 53.66, "Actual Total Time": 696.079, "Actual Rows": 313920, "Actual Loops": 3924, "Index Cond": "(ps_suppkey = public.supplier.s_suppkey)", "Rows Removed by Index Recheck": 0}]}]}, {"Node Type": "Aggregate", "Strategy": "Hashed", "Parent Relationship": "Outer", "Startup Cost": 43299.43, "Total Cost": 43971.68, "Plan Rows": 53780, "Plan Width": 40, "Actual Startup Time": 1970.246, "Actual Total Time": 1970.246, "Actual Rows": 0, "Actual Loops": 1, "Group By Key": ["public.partsupp.ps_partkey"], "Filter": "(sum((public.partsupp.ps_supplycost * (public.partsupp.ps_availqty)::double precision)) > $1)", "Rows Removed by Filter": 295792, "Plans": [{"Node Type": "Nested Loop", "Parent Relationship": "Outer", "Join Type": "Inner", "Startup Cost": 0.0, "Total Cost": 42358.28, "Plan Rows": 53780, "Plan Width": 24, "Actual Startup Time": 0.083, "Actual Total Time": 638.583, "Actual Rows": 313920, "Actual Loops": 1, "Inner Unique": false, "Plans": [{"Node Type": "Nested Loop", "Parent Relationship": "Outer", "Join Type": "Inner", "Startup Cost": 0.0, "Total Cost": 4534.31, "Plan Rows": 4000, "Plan Width": 8, "Actual Startup Time": 0.058, "Actual Total Time": 51.611, "Actual Rows": 3924, "Actual Loops": 1, "Inner Unique": false, "Join Filter": "(public.supplier.s_nationkey = public.nation.n_nationkey)", "Rows Removed by Join Filter": 96076, "Plans": [{"Node Type": "Seq Scan", "Parent Relationship": "Outer", "Relation Name": "nation", "Alias": "nation", "Startup Cost": 0.0, "Total Cost": 1.31, "Plan Rows": 1, "Plan Width": 4, "Actual Startup Time": 0.03, "Actual Total Time": 0.041, "Actual Rows": 1, "Actual Loops": 1, "Filter": "(n_name = 'MOZAMBIQUE'::bpchar)", "Rows Removed by Filter": 24}, {"Node Type": "Seq Scan", "Parent Relationship": "Inner", "Relation Name": "supplier", "Alias": "supplier", "Startup Cost": 0.0, "Total Cost": 3283.0, "Plan Rows": 100000, "Plan Width": 12, "Actual Startup Time": 0.012, "Actual Total Time": 27.867, "Actual Rows": 100000, "Actual Loops": 1}]}, {"Node Type": "Index Scan", "Parent Relationship": "Inner", "Scan Direction": "Forward", "Index Name": "idx_partsupp_suppkey", "Relation Name": "partsupp", "Alias": "partsupp", "Startup Cost": 0.0, "Total Cost": 9.33, "Plan Rows": 13, "Plan Width": 32, "Actual Startup Time": 44.772, "Actual Total Time": 515.64, "Actual Rows": 313920, "Actual Loops": 3924, "Index Cond": "(ps_suppkey = public.supplier.s_suppkey)", "Rows Removed by Index Recheck": 0}]}]}]}, "Triggers": [], "Planner Runtime": 0, "Total Runtime": 1970.93, "Unique SQL Id": 2932834211}}, "(64, 57)": {"explain_plan": {"Plan": {"Node Type": "Sort", "Startup Cost": 95084.87, "Total Cost": 95219.32, "Plan Rows": 53780, "Plan Width": 40, "Sort Key": ["(sum((public.partsupp.ps_supplycost * (public.partsupp.ps_availqty)::double precision))) DESC"], "Plans": [{"Node Type": "Aggregate", "Strategy": "Plain", "Parent Relationship": "exec_init_plan", "Subplan Name": "InitPlan 1 (returns $1)", "Startup Cost": 44824.55, "Total Cost": 44824.56, "Plan Rows": 1, "Plan Width": 24, "Plans": [{"Node Type": "Nested Loop", "Parent Relationship": "Outer", "Join Type": "Inner", "Startup Cost": 0.0, "Total Cost": 44421.2, "Plan Rows": 53780, "Plan Width": 16, "Inner Unique": false, "Plans": [{"Node Type": "Nested Loop", "Parent Relationship": "Outer", "Join Type": "Inner", "Startup Cost": 0.0, "Total Cost": 6597.23, "Plan Rows": 4000, "Plan Width": 8, "Inner Unique": false, "Join Filter": "(public.supplier.s_nationkey = public.nation.n_nationkey)", "Plans": [{"Node Type": "Index Scan", "Parent Relationship": "Outer", "Scan Direction": "Forward", "Index Name": "nation_pkey", "Relation Name": "nation", "Alias": "nation", "Startup Cost": 0.0, "Total Cost": 12.69, "Plan Rows": 1, "Plan Width": 4, "Filter": "(n_name = 'MOZAMBIQUE'::bpchar)"}, {"Node Type": "Index Scan", "Parent Relationship": "Inner", "Scan Direction": "Forward", "Index Name": "supplier_pkey", "Relation Name": "supplier", "Alias": "supplier", "Startup Cost": 0.0, "Total Cost": 5334.54, "Plan Rows": 100000, "Plan Width": 12}]}, {"Node Type": "Index Scan", "Parent Relationship": "Inner", "Scan Direction": "Forward", "Index Name": "idx_partsupp_suppkey", "Relation Name": "partsupp", "Alias": "partsupp", "Startup Cost": 0.0, "Total Cost": 9.33, "Plan Rows": 13, "Plan Width": 24, "Index Cond": "(ps_suppkey = public.supplier.s_suppkey)"}]}]}, {"Node Type": "Aggregate", "Strategy": "Hashed", "Parent Relationship": "Outer", "Startup Cost": 45362.35, "Total Cost": 46034.6, "Plan Rows": 53780, "Plan Width": 40, "Group By Key": ["public.partsupp.ps_partkey"], "Filter": "(sum((public.partsupp.ps_supplycost * (public.partsupp.ps_availqty)::double precision)) > $1)", "Plans": [{"Node Type": "Nested Loop", "Parent Relationship": "Outer", "Join Type": "Inner", "Startup Cost": 0.0, "Total Cost": 44421.2, "Plan Rows": 53780, "Plan Width": 24, "Inner Unique": false, "Plans": [{"Node Type": "Nested Loop", "Parent Relationship": "Outer", "Join Type": "Inner", "Startup Cost": 0.0, "Total Cost": 6597.23, "Plan Rows": 4000, "Plan Width": 8, "Inner Unique": false, "Join Filter": "(public.supplier.s_nationkey = public.nation.n_nationkey)", "Plans": [{"Node Type": "Index Scan", "Parent Relationship": "Outer", "Scan Direction": "Forward", "Index Name": "nation_pkey", "Relation Name": "nation", "Alias": "nation", "Startup Cost": 0.0, "Total Cost": 12.69, "Plan Rows": 1, "Plan Width": 4, "Filter": "(n_name = 'MOZAMBIQUE'::bpchar)"}, {"Node Type": "Index Scan", "Parent Relationship": "Inner", "Scan Direction": "Forward", "Index Name": "supplier_pkey", "Relation Name": "supplier", "Alias": "supplier", "Startup Cost": 0.0, "Total Cost": 5334.54, "Plan Rows": 100000, "Plan Width": 12}]}, {"Node Type": "Index Scan", "Parent Relationship": "Inner", "Scan Direction": "Forward", "Index Name": "idx_partsupp_suppkey", "Relation Name": "partsupp", "Alias": "partsupp", "Startup Cost": 0.0, "Total Cost": 9.33, "Plan Rows": 13, "Plan Width": 32, "Index Cond": "(ps_suppkey = public.supplier.s_suppkey)"}]}]}]}, "Unique SQL Id": 2932834211, "Planner Runtime": 0}, "explain_analyze_plan": {"Plan": {"Node Type": "Sort", "Startup Cost": 95084.87, "Total Cost": 95219.32, "Plan Rows": 53780, "Plan Width": 40, "Actual Startup Time": 2307.61, "Actual Total Time": 2307.61, "Actual Rows": 0, "Actual Loops": 1, "Sort Key": ["(sum((public.partsupp.ps_supplycost * (public.partsupp.ps_availqty)::double precision))) DESC"], "Sort Method": "quicksort", "Sort Space Used": 25, "Sort Space Type": "Memory", "Plans": [{"Node Type": "Aggregate", "Strategy": "Plain", "Parent Relationship": "exec_init_plan", "Subplan Name": "InitPlan 1 (returns $1)", "Startup Cost": 44824.55, "Total Cost": 44824.56, "Plan Rows": 1, "Plan Width": 24, "Actual Startup Time": 1092.318, "Actual Total Time": 1092.319, "Actual Rows": 1, "Actual Loops": 1, "Plans": [{"Node Type": "Nested Loop", "Parent Relationship": "Outer", "Join Type": "Inner", "Startup Cost": 0.0, "Total Cost": 44421.2, "Plan Rows": 53780, "Plan Width": 16, "Actual Startup Time": 0.118, "Actual Total Time": 956.784, "Actual Rows": 313920, "Actual Loops": 1, "Inner Unique": false, "Plans": [{"Node Type": "Nested Loop", "Parent Relationship": "Outer", "Join Type": "Inner", "Startup Cost": 0.0, "Total Cost": 6597.23, "Plan Rows": 4000, "Plan Width": 8, "Actual Startup Time": 0.085, "Actual Total Time": 94.182, "Actual Rows": 3924, "Actual Loops": 1, "Inner Unique": false, "Join Filter": "(public.supplier.s_nationkey = public.nation.n_nationkey)", "Rows Removed by Join Filter": 96076, "Plans": [{"Node Type": "Index Scan", "Parent Relationship": "Outer", "Scan Direction": "Forward", "Index Name": "nation_pkey", "Relation Name": "nation", "Alias": "nation", "Startup Cost": 0.0, "Total Cost": 12.69, "Plan Rows": 1, "Plan Width": 4, "Actual Startup Time": 0.029, "Actual Total Time": 0.042, "Actual Rows": 1, "Actual Loops": 1, "Filter": "(n_name = 'MOZAMBIQUE'::bpchar)", "Rows Removed by Filter": 24}, {"Node Type": "Index Scan", "Parent Relationship": "Inner", "Scan Direction": "Forward", "Index Name": "supplier_pkey", "Relation Name": "supplier", "Alias": "supplier", "Startup Cost": 0.0, "Total Cost": 5334.54, "Plan Rows": 100000, "Plan Width": 12, "Actual Startup Time": 0.028, "Actual Total Time": 70.457, "Actual Rows": 100000, "Actual Loops": 1}]}, {"Node Type": "Index Scan", "Parent Relationship": "Inner", "Scan Direction": "Forward", "Index Name": "idx_partsupp_suppkey", "Relation Name": "partsupp", "Alias": "partsupp", "Startup Cost": 0.0, "Total Cost": 9.33, "Plan Rows": 13, "Plan Width": 24, "Actual Startup Time": 58.391, "Actual Total Time": 796.025, "Actual Rows": 313920, "Actual Loops": 3924, "Index Cond": "(ps_suppkey = public.supplier.s_suppkey)", "Rows Removed by Index Recheck": 0}]}]}, {"Node Type": "Aggregate", "Strategy": "Hashed", "Parent Relationship": "Outer", "Startup Cost": 45362.35, "Total Cost": 46034.6, "Plan Rows": 53780, "Plan Width": 40, "Actual Startup Time": 2307.103, "Actual Total Time": 2307.103, "Actual Rows": 0, "Actual Loops": 1, "Group By Key": ["public.partsupp.ps_partkey"], "Filter": "(sum((public.partsupp.ps_supplycost * (public.partsupp.ps_availqty)::double precision)) > $1)", "Rows Removed by Filter": 295792, "Plans": [{"Node Type": "Nested Loop", "Parent Relationship": "Outer", "Join Type": "Inner", "Startup Cost": 0.0, "Total Cost": 44421.2, "Plan Rows": 53780, "Plan Width": 24, "Actual Startup Time": 0.082, "Actual Total Time": 782.985, "Actual Rows": 313920, "Actual Loops": 1, "Inner Unique": false, "Plans": [{"Node Type": "Nested Loop", "Parent Relationship": "Outer", "Join Type": "Inner", "Startup Cost": 0.0, "Total Cost": 6597.23, "Plan Rows": 4000, "Plan Width": 8, "Actual Startup Time": 0.064, "Actual Total Time": 84.24, "Actual Rows": 3924, "Actual Loops": 1, "Inner Unique": false, "Join Filter": "(public.supplier.s_nationkey = public.nation.n_nationkey)", "Rows Removed by Join Filter": 96076, "Plans": [{"Node Type": "Index Scan", "Parent Relationship": "Outer", "Scan Direction": "Forward", "Index Name": "nation_pkey", "Relation Name": "nation", "Alias": "nation", "Startup Cost": 0.0, "Total Cost": 12.69, "Plan Rows": 1, "Plan Width": 4, "Actual Startup Time": 0.03, "Actual Total Time": 0.042, "Actual Rows": 1, "Actual Loops": 1, "Filter": "(n_name = 'MOZAMBIQUE'::bpchar)", "Rows Removed by Filter": 24}, {"Node Type": "Index Scan", "Parent Relationship": "Inner", "Scan Direction": "Forward", "Index Name": "supplier_pkey", "Relation Name": "supplier", "Alias": "supplier", "Startup Cost": 0.0, "Total Cost": 5334.54, "Plan Rows": 100000, "Plan Width": 12, "Actual Startup Time": 0.017, "Actual Total Time": 60.351, "Actual Rows": 100000, "Actual Loops": 1}]}, {"Node Type": "Index Scan", "Parent Relationship": "Inner", "Scan Direction": "Forward", "Index Name": "idx_partsupp_suppkey", "Relation Name": "partsupp", "Alias": "partsupp", "Startup Cost": 0.0, "Total Cost": 9.33, "Plan Rows": 13, "Plan Width": 32, "Actual Startup Time": 49.971, "Actual Total Time": 626.737, "Actual Rows": 313920, "Actual Loops": 3924, "Index Cond": "(ps_suppkey = public.supplier.s_suppkey)", "Rows Removed by Index Recheck": 0}]}]}]}, "Triggers": [], "Planner Runtime": 0, "Total Runtime": 2307.885, "Unique SQL Id": 2932834211}}, "(64, 58)": {"explain_plan": {"Plan": {"Node Type": "Sort", "Startup Cost": 960599946.53, "Total Cost": 960600080.98, "Plan Rows": 53780, "Plan Width": 40, "Sort Key": ["(sum((public.partsupp.ps_supplycost * (public.partsupp.ps_availqty)::double precision))) DESC"], "Plans": [{"Node Type": "Aggregate", "Strategy": "Plain", "Parent Relationship": "exec_init_plan", "Subplan Name": "InitPlan 1 (returns $0)", "Startup Cost": 480297255.38, "Total Cost": 480297255.4, "Plan Rows": 1, "Plan Width": 24, "Plans": [{"Node Type": "Nested Loop", "Parent Relationship": "Outer", "Join Type": "Inner", "Startup Cost": 0.0, "Total Cost": 480296852.03, "Plan Rows": 53780, "Plan Width": 16, "Inner Unique": false, "Join Filter": "(public.supplier.s_suppkey = public.partsupp.ps_suppkey)", "Plans": [{"Node Type": "Seq Scan", "Parent Relationship": "Outer", "Relation Name": "partsupp", "Alias": "partsupp", "Startup Cost": 0.0, "Total Cost": 269987.72, "Plan Rows": 8000372, "Plan Width": 24}, {"Node Type": "Materialize", "Parent Relationship": "Inner", "Startup Cost": 0.0, "Total Cost": 4554.31, "Plan Rows": 4000, "Plan Width": 8, "Plans": [{"Node Type": "Nested Loop", "Parent Relationship": "Outer", "Join Type": "Inner", "Startup Cost": 0.0, "Total Cost": 4534.31, "Plan Rows": 4000, "Plan Width": 8, "Inner Unique": false, "Join Filter": "(public.supplier.s_nationkey = public.nation.n_nationkey)", "Plans": [{"Node Type": "Seq Scan", "Parent Relationship": "Outer", "Relation Name": "nation", "Alias": "nation", "Startup Cost": 0.0, "Total Cost": 1.31, "Plan Rows": 1, "Plan Width": 4, "Filter": "(n_name = 'MOZAMBIQUE'::bpchar)"}, {"Node Type": "Seq Scan", "Parent Relationship": "Inner", "Relation Name": "supplier", "Alias": "supplier", "Startup Cost": 0.0, "Total Cost": 3283.0, "Plan Rows": 100000, "Plan Width": 12}]}]}]}]}, {"Node Type": "Aggregate", "Strategy": "Hashed", "Parent Relationship": "Outer", "Startup Cost": 480297793.18, "Total Cost": 480298465.43, "Plan Rows": 53780, "Plan Width": 40, "Group By Key": ["public.partsupp.ps_partkey"], "Filter": "(sum((public.partsupp.ps_supplycost * (public.partsupp.ps_availqty)::double precision)) > $0)", "Plans": [{"Node Type": "Nested Loop", "Parent Relationship": "Outer", "Join Type": "Inner", "Startup Cost": 0.0, "Total Cost": 480296852.03, "Plan Rows": 53780, "Plan Width": 24, "Inner Unique": false, "Join Filter": "(public.supplier.s_suppkey = public.partsupp.ps_suppkey)", "Plans": [{"Node Type": "Seq Scan", "Parent Relationship": "Outer", "Relation Name": "partsupp", "Alias": "partsupp", "Startup Cost": 0.0, "Total Cost": 269987.72, "Plan Rows": 8000372, "Plan Width": 32}, {"Node Type": "Materialize", "Parent Relationship": "Inner", "Startup Cost": 0.0, "Total Cost": 4554.31, "Plan Rows": 4000, "Plan Width": 8, "Plans": [{"Node Type": "Nested Loop", "Parent Relationship": "Outer", "Join Type": "Inner", "Startup Cost": 0.0, "Total Cost": 4534.31, "Plan Rows": 4000, "Plan Width": 8, "Inner Unique": false, "Join Filter": "(public.supplier.s_nationkey = public.nation.n_nationkey)", "Plans": [{"Node Type": "Seq Scan", "Parent Relationship": "Outer", "Relation Name": "nation", "Alias": "nation", "Startup Cost": 0.0, "Total Cost": 1.31, "Plan Rows": 1, "Plan Width": 4, "Filter": "(n_name = 'MOZAMBIQUE'::bpchar)"}, {"Node Type": "Seq Scan", "Parent Relationship": "Inner", "Relation Name": "supplier", "Alias": "supplier", "Startup Cost": 0.0, "Total Cost": 3283.0, "Plan Rows": 100000, "Plan Width": 12}]}]}]}]}]}, "Unique SQL Id": 2932834211, "Planner Runtime": 0}, "explain_analyze_plan": null}, "(64, 59)": {"explain_plan": {"Plan": {"Node Type": "Sort", "Startup Cost": 6001104432332.89, "Total Cost": 6001104432467.34, "Plan Rows": 53780, "Plan Width": 40, "Sort Key": ["(sum((public.partsupp.ps_supplycost * (public.partsupp.ps_availqty)::double precision))) DESC"], "Plans": [{"Node Type": "Aggregate", "Strategy": "Plain", "Parent Relationship": "exec_init_plan", "Subplan Name": "InitPlan 1 (returns $0)", "Startup Cost": 3000580719437.25, "Total Cost": 3000580719437.27, "Plan Rows": 1, "Plan Width": 24, "Plans": [{"Node Type": "Nested Loop", "Parent Relationship": "Outer", "Join Type": "Inner", "Startup Cost": 30000000000.0, "Total Cost": 3000580719033.9, "Plan Rows": 53780, "Plan Width": 16, "Inner Unique": false, "Join Filter": "(public.supplier.s_suppkey = public.partsupp.ps_suppkey)", "Plans": [{"Node Type": "Index Scan", "Parent Relationship": "Outer", "Scan Direction": "Forward", "Index Name": "idx_partsupp_suppkey", "Relation Name": "partsupp", "Alias": "partsupp", "Startup Cost": 10000000000.0, "Total Cost": 1000100160480.77, "Plan Rows": 8000372, "Plan Width": 24}, {"Node Type": "Materialize", "Parent Relationship": "Inner", "Startup Cost": 20000000000.0, "Total Cost": 2000000536243.13, "Plan Rows": 4000, "Plan Width": 8, "Plans": [{"Node Type": "Nested Loop", "Parent Relationship": "Outer", "Join Type": "Inner", "Startup Cost": 20000000000.0, "Total Cost": 2000000536223.13, "Plan Rows": 4000, "Plan Width": 8, "Inner Unique": true, "Join Filter": "(public.supplier.s_nationkey = public.nation.n_nationkey)", "Plans": [{"Node Type": "Index Scan", "Parent Relationship": "Outer", "Scan Direction": "Forward", "Index Name": "supplier_pkey", "Relation Name": "supplier", "Alias": "supplier", "Startup Cost": 10000000000.0, "Total Cost": 1000000533454.38, "Plan Rows": 100000, "Plan Width": 12}, {"Node Type": "Materialize", "Parent Relationship": "Inner", "Startup Cost": 10000000000.0, "Total Cost": 1000000001268.76, "Plan Rows": 1, "Plan Width": 4, "Plans": [{"Node Type": "Index Scan", "Parent Relationship": "Outer", "Scan Direction": "Forward", "Index Name": "nation_pkey", "Relation Name": "nation", "Alias": "nation", "Startup Cost": 10000000000.0, "Total Cost": 1000000001268.75, "Plan Rows": 1, "Plan Width": 4, "Filter": "(n_name = 'MOZAMBIQUE'::bpchar)"}]}]}]}]}]}, {"Node Type": "Aggregate", "Strategy": "Hashed", "Parent Relationship": "Outer", "Startup Cost": 3000523707997.67, "Total Cost": 3000523708669.92, "Plan Rows": 53780, "Plan Width": 40, "Group By Key": ["public.partsupp.ps_partkey"], "Filter": "(sum((public.partsupp.ps_supplycost * (public.partsupp.ps_availqty)::double precision)) > $0)", "Plans": [{"Node Type": "Nested Loop", "Parent Relationship": "Outer", "Join Type": "Inner", "Startup Cost": 30000000000.0, "Total Cost": 3000523707056.51, "Plan Rows": 53780, "Plan Width": 24, "Inner Unique": false, "Join Filter": "(public.supplier.s_suppkey = public.partsupp.ps_suppkey)", "Plans": [{"Node Type": "Index Scan", "Parent Relationship": "Outer", "Scan Direction": "Forward", "Index Name": "idx_partsupp_partkey", "Relation Name": "partsupp", "Alias": "partsupp", "Startup Cost": 10000000000.0, "Total Cost": 1000043148503.38, "Plan Rows": 8000372, "Plan Width": 32}, {"Node Type": "Materialize", "Parent Relationship": "Inner", "Startup Cost": 20000000000.0, "Total Cost": 2000000536243.13, "Plan Rows": 4000, "Plan Width": 8, "Plans": [{"Node Type": "Nested Loop", "Parent Relationship": "Outer", "Join Type": "Inner", "Startup Cost": 20000000000.0, "Total Cost": 2000000536223.13, "Plan Rows": 4000, "Plan Width": 8, "Inner Unique": true, "Join Filter": "(public.supplier.s_nationkey = public.nation.n_nationkey)", "Plans": [{"Node Type": "Index Scan", "Parent Relationship": "Outer", "Scan Direction": "Forward", "Index Name": "supplier_pkey", "Relation Name": "supplier", "Alias": "supplier", "Startup Cost": 10000000000.0, "Total Cost": 1000000533454.38, "Plan Rows": 100000, "Plan Width": 12}, {"Node Type": "Materialize", "Parent Relationship": "Inner", "Startup Cost": 10000000000.0, "Total Cost": 1000000001268.76, "Plan Rows": 1, "Plan Width": 4, "Plans": [{"Node Type": "Index Scan", "Parent Relationship": "Outer", "Scan Direction": "Forward", "Index Name": "nation_pkey", "Relation Name": "nation", "Alias": "nation", "Startup Cost": 10000000000.0, "Total Cost": 1000000001268.75, "Plan Rows": 1, "Plan Width": 4, "Filter": "(n_name = 'MOZAMBIQUE'::bpchar)"}]}]}]}]}]}]}, "Unique SQL Id": 2932834211, "Planner Runtime": 1}, "explain_analyze_plan": null}, "(64, 60)": {"explain_plan": {"Plan": {"Node Type": "Sort", "Startup Cost": 90959.03, "Total Cost": 91093.48, "Plan Rows": 53780, "Plan Width": 40, "Sort Key": ["(sum((public.partsupp.ps_supplycost * (public.partsupp.ps_availqty)::double precision))) DESC"], "Plans": [{"Node Type": "Aggregate", "Strategy": "Plain", "Parent Relationship": "exec_init_plan", "Subplan Name": "InitPlan 1 (returns $1)", "Startup Cost": 42761.63, "Total Cost": 42761.64, "Plan Rows": 1, "Plan Width": 24, "Plans": [{"Node Type": "Nested Loop", "Parent Relationship": "Outer", "Join Type": "Inner", "Startup Cost": 0.0, "Total Cost": 42358.28, "Plan Rows": 53780, "Plan Width": 16, "Inner Unique": false, "Plans": [{"Node Type": "Nested Loop", "Parent Relationship": "Outer", "Join Type": "Inner", "Startup Cost": 0.0, "Total Cost": 4534.31, "Plan Rows": 4000, "Plan Width": 8, "Inner Unique": false, "Join Filter": "(public.supplier.s_nationkey = public.nation.n_nationkey)", "Plans": [{"Node Type": "Seq Scan", "Parent Relationship": "Outer", "Relation Name": "nation", "Alias": "nation", "Startup Cost": 0.0, "Total Cost": 1.31, "Plan Rows": 1, "Plan Width": 4, "Filter": "(n_name = 'MOZAMBIQUE'::bpchar)"}, {"Node Type": "Seq Scan", "Parent Relationship": "Inner", "Relation Name": "supplier", "Alias": "supplier", "Startup Cost": 0.0, "Total Cost": 3283.0, "Plan Rows": 100000, "Plan Width": 12}]}, {"Node Type": "Index Scan", "Parent Relationship": "Inner", "Scan Direction": "Forward", "Index Name": "idx_partsupp_suppkey", "Relation Name": "partsupp", "Alias": "partsupp", "Startup Cost": 0.0, "Total Cost": 9.33, "Plan Rows": 13, "Plan Width": 24, "Index Cond": "(ps_suppkey = public.supplier.s_suppkey)"}]}]}, {"Node Type": "Aggregate", "Strategy": "Hashed", "Parent Relationship": "Outer", "Startup Cost": 43299.43, "Total Cost": 43971.68, "Plan Rows": 53780, "Plan Width": 40, "Group By Key": ["public.partsupp.ps_partkey"], "Filter": "(sum((public.partsupp.ps_supplycost * (public.partsupp.ps_availqty)::double precision)) > $1)", "Plans": [{"Node Type": "Nested Loop", "Parent Relationship": "Outer", "Join Type": "Inner", "Startup Cost": 0.0, "Total Cost": 42358.28, "Plan Rows": 53780, "Plan Width": 24, "Inner Unique": false, "Plans": [{"Node Type": "Nested Loop", "Parent Relationship": "Outer", "Join Type": "Inner", "Startup Cost": 0.0, "Total Cost": 4534.31, "Plan Rows": 4000, "Plan Width": 8, "Inner Unique": false, "Join Filter": "(public.supplier.s_nationkey = public.nation.n_nationkey)", "Plans": [{"Node Type": "Seq Scan", "Parent Relationship": "Outer", "Relation Name": "nation", "Alias": "nation", "Startup Cost": 0.0, "Total Cost": 1.31, "Plan Rows": 1, "Plan Width": 4, "Filter": "(n_name = 'MOZAMBIQUE'::bpchar)"}, {"Node Type": "Seq Scan", "Parent Relationship": "Inner", "Relation Name": "supplier", "Alias": "supplier", "Startup Cost": 0.0, "Total Cost": 3283.0, "Plan Rows": 100000, "Plan Width": 12}]}, {"Node Type": "Index Scan", "Parent Relationship": "Inner", "Scan Direction": "Forward", "Index Name": "idx_partsupp_suppkey", "Relation Name": "partsupp", "Alias": "partsupp", "Startup Cost": 0.0, "Total Cost": 9.33, "Plan Rows": 13, "Plan Width": 32, "Index Cond": "(ps_suppkey = public.supplier.s_suppkey)"}]}]}]}, "Unique SQL Id": 2932834211, "Planner Runtime": 0}, "explain_analyze_plan": {"Plan": {"Node Type": "Sort", "Startup Cost": 90959.03, "Total Cost": 91093.48, "Plan Rows": 53780, "Plan Width": 40, "Actual Startup Time": 1970.652, "Actual Total Time": 1970.652, "Actual Rows": 0, "Actual Loops": 1, "Sort Key": ["(sum((public.partsupp.ps_supplycost * (public.partsupp.ps_availqty)::double precision))) DESC"], "Sort Method": "quicksort", "Sort Space Used": 25, "Sort Space Type": "Memory", "Plans": [{"Node Type": "Aggregate", "Strategy": "Plain", "Parent Relationship": "exec_init_plan", "Subplan Name": "InitPlan 1 (returns $1)", "Startup Cost": 42761.63, "Total Cost": 42761.64, "Plan Rows": 1, "Plan Width": 24, "Actual Startup Time": 951.894, "Actual Total Time": 951.895, "Actual Rows": 1, "Actual Loops": 1, "Plans": [{"Node Type": "Nested Loop", "Parent Relationship": "Outer", "Join Type": "Inner", "Startup Cost": 0.0, "Total Cost": 42358.28, "Plan Rows": 53780, "Plan Width": 16, "Actual Startup Time": 0.098, "Actual Total Time": 817.287, "Actual Rows": 313920, "Actual Loops": 1, "Inner Unique": false, "Plans": [{"Node Type": "Nested Loop", "Parent Relationship": "Outer", "Join Type": "Inner", "Startup Cost": 0.0, "Total Cost": 4534.31, "Plan Rows": 4000, "Plan Width": 8, "Actual Startup Time": 0.069, "Actual Total Time": 54.095, "Actual Rows": 3924, "Actual Loops": 1, "Inner Unique": false, "Join Filter": "(public.supplier.s_nationkey = public.nation.n_nationkey)", "Rows Removed by Join Filter": 96076, "Plans": [{"Node Type": "Seq Scan", "Parent Relationship": "Outer", "Relation Name": "nation", "Alias": "nation", "Startup Cost": 0.0, "Total Cost": 1.31, "Plan Rows": 1, "Plan Width": 4, "Actual Startup Time": 0.029, "Actual Total Time": 0.037, "Actual Rows": 1, "Actual Loops": 1, "Filter": "(n_name = 'MOZAMBIQUE'::bpchar)", "Rows Removed by Filter": 24}, {"Node Type": "Seq Scan", "Parent Relationship": "Inner", "Relation Name": "supplier", "Alias": "supplier", "Startup Cost": 0.0, "Total Cost": 3283.0, "Plan Rows": 100000, "Plan Width": 12, "Actual Startup Time": 0.016, "Actual Total Time": 30.369, "Actual Rows": 100000, "Actual Loops": 1}]}, {"Node Type": "Index Scan", "Parent Relationship": "Inner", "Scan Direction": "Forward", "Index Name": "idx_partsupp_suppkey", "Relation Name": "partsupp", "Alias": "partsupp", "Startup Cost": 0.0, "Total Cost": 9.33, "Plan Rows": 13, "Plan Width": 24, "Actual Startup Time": 53.66, "Actual Total Time": 696.079, "Actual Rows": 313920, "Actual Loops": 3924, "Index Cond": "(ps_suppkey = public.supplier.s_suppkey)", "Rows Removed by Index Recheck": 0}]}]}, {"Node Type": "Aggregate", "Strategy": "Hashed", "Parent Relationship": "Outer", "Startup Cost": 43299.43, "Total Cost": 43971.68, "Plan Rows": 53780, "Plan Width": 40, "Actual Startup Time": 1970.246, "Actual Total Time": 1970.246, "Actual Rows": 0, "Actual Loops": 1, "Group By Key": ["public.partsupp.ps_partkey"], "Filter": "(sum((public.partsupp.ps_supplycost * (public.partsupp.ps_availqty)::double precision)) > $1)", "Rows Removed by Filter": 295792, "Plans": [{"Node Type": "Nested Loop", "Parent Relationship": "Outer", "Join Type": "Inner", "Startup Cost": 0.0, "Total Cost": 42358.28, "Plan Rows": 53780, "Plan Width": 24, "Actual Startup Time": 0.083, "Actual Total Time": 638.583, "Actual Rows": 313920, "Actual Loops": 1, "Inner Unique": false, "Plans": [{"Node Type": "Nested Loop", "Parent Relationship": "Outer", "Join Type": "Inner", "Startup Cost": 0.0, "Total Cost": 4534.31, "Plan Rows": 4000, "Plan Width": 8, "Actual Startup Time": 0.058, "Actual Total Time": 51.611, "Actual Rows": 3924, "Actual Loops": 1, "Inner Unique": false, "Join Filter": "(public.supplier.s_nationkey = public.nation.n_nationkey)", "Rows Removed by Join Filter": 96076, "Plans": [{"Node Type": "Seq Scan", "Parent Relationship": "Outer", "Relation Name": "nation", "Alias": "nation", "Startup Cost": 0.0, "Total Cost": 1.31, "Plan Rows": 1, "Plan Width": 4, "Actual Startup Time": 0.03, "Actual Total Time": 0.041, "Actual Rows": 1, "Actual Loops": 1, "Filter": "(n_name = 'MOZAMBIQUE'::bpchar)", "Rows Removed by Filter": 24}, {"Node Type": "Seq Scan", "Parent Relationship": "Inner", "Relation Name": "supplier", "Alias": "supplier", "Startup Cost": 0.0, "Total Cost": 3283.0, "Plan Rows": 100000, "Plan Width": 12, "Actual Startup Time": 0.012, "Actual Total Time": 27.867, "Actual Rows": 100000, "Actual Loops": 1}]}, {"Node Type": "Index Scan", "Parent Relationship": "Inner", "Scan Direction": "Forward", "Index Name": "idx_partsupp_suppkey", "Relation Name": "partsupp", "Alias": "partsupp", "Startup Cost": 0.0, "Total Cost": 9.33, "Plan Rows": 13, "Plan Width": 32, "Actual Startup Time": 44.772, "Actual Total Time": 515.64, "Actual Rows": 313920, "Actual Loops": 3924, "Index Cond": "(ps_suppkey = public.supplier.s_suppkey)", "Rows Removed by Index Recheck": 0}]}]}]}, "Triggers": [], "Planner Runtime": 0, "Total Runtime": 1970.93, "Unique SQL Id": 2932834211}}, "(64, 61)": {"explain_plan": {"Plan": {"Node Type": "Sort", "Startup Cost": 95084.87, "Total Cost": 95219.32, "Plan Rows": 53780, "Plan Width": 40, "Sort Key": ["(sum((public.partsupp.ps_supplycost * (public.partsupp.ps_availqty)::double precision))) DESC"], "Plans": [{"Node Type": "Aggregate", "Strategy": "Plain", "Parent Relationship": "exec_init_plan", "Subplan Name": "InitPlan 1 (returns $1)", "Startup Cost": 44824.55, "Total Cost": 44824.56, "Plan Rows": 1, "Plan Width": 24, "Plans": [{"Node Type": "Nested Loop", "Parent Relationship": "Outer", "Join Type": "Inner", "Startup Cost": 0.0, "Total Cost": 44421.2, "Plan Rows": 53780, "Plan Width": 16, "Inner Unique": false, "Plans": [{"Node Type": "Nested Loop", "Parent Relationship": "Outer", "Join Type": "Inner", "Startup Cost": 0.0, "Total Cost": 6597.23, "Plan Rows": 4000, "Plan Width": 8, "Inner Unique": false, "Join Filter": "(public.supplier.s_nationkey = public.nation.n_nationkey)", "Plans": [{"Node Type": "Index Scan", "Parent Relationship": "Outer", "Scan Direction": "Forward", "Index Name": "nation_pkey", "Relation Name": "nation", "Alias": "nation", "Startup Cost": 0.0, "Total Cost": 12.69, "Plan Rows": 1, "Plan Width": 4, "Filter": "(n_name = 'MOZAMBIQUE'::bpchar)"}, {"Node Type": "Index Scan", "Parent Relationship": "Inner", "Scan Direction": "Forward", "Index Name": "supplier_pkey", "Relation Name": "supplier", "Alias": "supplier", "Startup Cost": 0.0, "Total Cost": 5334.54, "Plan Rows": 100000, "Plan Width": 12}]}, {"Node Type": "Index Scan", "Parent Relationship": "Inner", "Scan Direction": "Forward", "Index Name": "idx_partsupp_suppkey", "Relation Name": "partsupp", "Alias": "partsupp", "Startup Cost": 0.0, "Total Cost": 9.33, "Plan Rows": 13, "Plan Width": 24, "Index Cond": "(ps_suppkey = public.supplier.s_suppkey)"}]}]}, {"Node Type": "Aggregate", "Strategy": "Hashed", "Parent Relationship": "Outer", "Startup Cost": 45362.35, "Total Cost": 46034.6, "Plan Rows": 53780, "Plan Width": 40, "Group By Key": ["public.partsupp.ps_partkey"], "Filter": "(sum((public.partsupp.ps_supplycost * (public.partsupp.ps_availqty)::double precision)) > $1)", "Plans": [{"Node Type": "Nested Loop", "Parent Relationship": "Outer", "Join Type": "Inner", "Startup Cost": 0.0, "Total Cost": 44421.2, "Plan Rows": 53780, "Plan Width": 24, "Inner Unique": false, "Plans": [{"Node Type": "Nested Loop", "Parent Relationship": "Outer", "Join Type": "Inner", "Startup Cost": 0.0, "Total Cost": 6597.23, "Plan Rows": 4000, "Plan Width": 8, "Inner Unique": false, "Join Filter": "(public.supplier.s_nationkey = public.nation.n_nationkey)", "Plans": [{"Node Type": "Index Scan", "Parent Relationship": "Outer", "Scan Direction": "Forward", "Index Name": "nation_pkey", "Relation Name": "nation", "Alias": "nation", "Startup Cost": 0.0, "Total Cost": 12.69, "Plan Rows": 1, "Plan Width": 4, "Filter": "(n_name = 'MOZAMBIQUE'::bpchar)"}, {"Node Type": "Index Scan", "Parent Relationship": "Inner", "Scan Direction": "Forward", "Index Name": "supplier_pkey", "Relation Name": "supplier", "Alias": "supplier", "Startup Cost": 0.0, "Total Cost": 5334.54, "Plan Rows": 100000, "Plan Width": 12}]}, {"Node Type": "Index Scan", "Parent Relationship": "Inner", "Scan Direction": "Forward", "Index Name": "idx_partsupp_suppkey", "Relation Name": "partsupp", "Alias": "partsupp", "Startup Cost": 0.0, "Total Cost": 9.33, "Plan Rows": 13, "Plan Width": 32, "Index Cond": "(ps_suppkey = public.supplier.s_suppkey)"}]}]}]}, "Unique SQL Id": 2932834211, "Planner Runtime": 0}, "explain_analyze_plan": {"Plan": {"Node Type": "Sort", "Startup Cost": 95084.87, "Total Cost": 95219.32, "Plan Rows": 53780, "Plan Width": 40, "Actual Startup Time": 2307.61, "Actual Total Time": 2307.61, "Actual Rows": 0, "Actual Loops": 1, "Sort Key": ["(sum((public.partsupp.ps_supplycost * (public.partsupp.ps_availqty)::double precision))) DESC"], "Sort Method": "quicksort", "Sort Space Used": 25, "Sort Space Type": "Memory", "Plans": [{"Node Type": "Aggregate", "Strategy": "Plain", "Parent Relationship": "exec_init_plan", "Subplan Name": "InitPlan 1 (returns $1)", "Startup Cost": 44824.55, "Total Cost": 44824.56, "Plan Rows": 1, "Plan Width": 24, "Actual Startup Time": 1092.318, "Actual Total Time": 1092.319, "Actual Rows": 1, "Actual Loops": 1, "Plans": [{"Node Type": "Nested Loop", "Parent Relationship": "Outer", "Join Type": "Inner", "Startup Cost": 0.0, "Total Cost": 44421.2, "Plan Rows": 53780, "Plan Width": 16, "Actual Startup Time": 0.118, "Actual Total Time": 956.784, "Actual Rows": 313920, "Actual Loops": 1, "Inner Unique": false, "Plans": [{"Node Type": "Nested Loop", "Parent Relationship": "Outer", "Join Type": "Inner", "Startup Cost": 0.0, "Total Cost": 6597.23, "Plan Rows": 4000, "Plan Width": 8, "Actual Startup Time": 0.085, "Actual Total Time": 94.182, "Actual Rows": 3924, "Actual Loops": 1, "Inner Unique": false, "Join Filter": "(public.supplier.s_nationkey = public.nation.n_nationkey)", "Rows Removed by Join Filter": 96076, "Plans": [{"Node Type": "Index Scan", "Parent Relationship": "Outer", "Scan Direction": "Forward", "Index Name": "nation_pkey", "Relation Name": "nation", "Alias": "nation", "Startup Cost": 0.0, "Total Cost": 12.69, "Plan Rows": 1, "Plan Width": 4, "Actual Startup Time": 0.029, "Actual Total Time": 0.042, "Actual Rows": 1, "Actual Loops": 1, "Filter": "(n_name = 'MOZAMBIQUE'::bpchar)", "Rows Removed by Filter": 24}, {"Node Type": "Index Scan", "Parent Relationship": "Inner", "Scan Direction": "Forward", "Index Name": "supplier_pkey", "Relation Name": "supplier", "Alias": "supplier", "Startup Cost": 0.0, "Total Cost": 5334.54, "Plan Rows": 100000, "Plan Width": 12, "Actual Startup Time": 0.028, "Actual Total Time": 70.457, "Actual Rows": 100000, "Actual Loops": 1}]}, {"Node Type": "Index Scan", "Parent Relationship": "Inner", "Scan Direction": "Forward", "Index Name": "idx_partsupp_suppkey", "Relation Name": "partsupp", "Alias": "partsupp", "Startup Cost": 0.0, "Total Cost": 9.33, "Plan Rows": 13, "Plan Width": 24, "Actual Startup Time": 58.391, "Actual Total Time": 796.025, "Actual Rows": 313920, "Actual Loops": 3924, "Index Cond": "(ps_suppkey = public.supplier.s_suppkey)", "Rows Removed by Index Recheck": 0}]}]}, {"Node Type": "Aggregate", "Strategy": "Hashed", "Parent Relationship": "Outer", "Startup Cost": 45362.35, "Total Cost": 46034.6, "Plan Rows": 53780, "Plan Width": 40, "Actual Startup Time": 2307.103, "Actual Total Time": 2307.103, "Actual Rows": 0, "Actual Loops": 1, "Group By Key": ["public.partsupp.ps_partkey"], "Filter": "(sum((public.partsupp.ps_supplycost * (public.partsupp.ps_availqty)::double precision)) > $1)", "Rows Removed by Filter": 295792, "Plans": [{"Node Type": "Nested Loop", "Parent Relationship": "Outer", "Join Type": "Inner", "Startup Cost": 0.0, "Total Cost": 44421.2, "Plan Rows": 53780, "Plan Width": 24, "Actual Startup Time": 0.082, "Actual Total Time": 782.985, "Actual Rows": 313920, "Actual Loops": 1, "Inner Unique": false, "Plans": [{"Node Type": "Nested Loop", "Parent Relationship": "Outer", "Join Type": "Inner", "Startup Cost": 0.0, "Total Cost": 6597.23, "Plan Rows": 4000, "Plan Width": 8, "Actual Startup Time": 0.064, "Actual Total Time": 84.24, "Actual Rows": 3924, "Actual Loops": 1, "Inner Unique": false, "Join Filter": "(public.supplier.s_nationkey = public.nation.n_nationkey)", "Rows Removed by Join Filter": 96076, "Plans": [{"Node Type": "Index Scan", "Parent Relationship": "Outer", "Scan Direction": "Forward", "Index Name": "nation_pkey", "Relation Name": "nation", "Alias": "nation", "Startup Cost": 0.0, "Total Cost": 12.69, "Plan Rows": 1, "Plan Width": 4, "Actual Startup Time": 0.03, "Actual Total Time": 0.042, "Actual Rows": 1, "Actual Loops": 1, "Filter": "(n_name = 'MOZAMBIQUE'::bpchar)", "Rows Removed by Filter": 24}, {"Node Type": "Index Scan", "Parent Relationship": "Inner", "Scan Direction": "Forward", "Index Name": "supplier_pkey", "Relation Name": "supplier", "Alias": "supplier", "Startup Cost": 0.0, "Total Cost": 5334.54, "Plan Rows": 100000, "Plan Width": 12, "Actual Startup Time": 0.017, "Actual Total Time": 60.351, "Actual Rows": 100000, "Actual Loops": 1}]}, {"Node Type": "Index Scan", "Parent Relationship": "Inner", "Scan Direction": "Forward", "Index Name": "idx_partsupp_suppkey", "Relation Name": "partsupp", "Alias": "partsupp", "Startup Cost": 0.0, "Total Cost": 9.33, "Plan Rows": 13, "Plan Width": 32, "Actual Startup Time": 49.971, "Actual Total Time": 626.737, "Actual Rows": 313920, "Actual Loops": 3924, "Index Cond": "(ps_suppkey = public.supplier.s_suppkey)", "Rows Removed by Index Recheck": 0}]}]}]}, "Triggers": [], "Planner Runtime": 0, "Total Runtime": 2307.885, "Unique SQL Id": 2932834211}}, "(64, 62)": {"explain_plan": {"Plan": {"Node Type": "Sort", "Startup Cost": 960599946.53, "Total Cost": 960600080.98, "Plan Rows": 53780, "Plan Width": 40, "Sort Key": ["(sum((public.partsupp.ps_supplycost * (public.partsupp.ps_availqty)::double precision))) DESC"], "Plans": [{"Node Type": "Aggregate", "Strategy": "Plain", "Parent Relationship": "exec_init_plan", "Subplan Name": "InitPlan 1 (returns $0)", "Startup Cost": 480297255.38, "Total Cost": 480297255.4, "Plan Rows": 1, "Plan Width": 24, "Plans": [{"Node Type": "Nested Loop", "Parent Relationship": "Outer", "Join Type": "Inner", "Startup Cost": 0.0, "Total Cost": 480296852.03, "Plan Rows": 53780, "Plan Width": 16, "Inner Unique": false, "Join Filter": "(public.supplier.s_suppkey = public.partsupp.ps_suppkey)", "Plans": [{"Node Type": "Seq Scan", "Parent Relationship": "Outer", "Relation Name": "partsupp", "Alias": "partsupp", "Startup Cost": 0.0, "Total Cost": 269987.72, "Plan Rows": 8000372, "Plan Width": 24}, {"Node Type": "Materialize", "Parent Relationship": "Inner", "Startup Cost": 0.0, "Total Cost": 4554.31, "Plan Rows": 4000, "Plan Width": 8, "Plans": [{"Node Type": "Nested Loop", "Parent Relationship": "Outer", "Join Type": "Inner", "Startup Cost": 0.0, "Total Cost": 4534.31, "Plan Rows": 4000, "Plan Width": 8, "Inner Unique": false, "Join Filter": "(public.supplier.s_nationkey = public.nation.n_nationkey)", "Plans": [{"Node Type": "Seq Scan", "Parent Relationship": "Outer", "Relation Name": "nation", "Alias": "nation", "Startup Cost": 0.0, "Total Cost": 1.31, "Plan Rows": 1, "Plan Width": 4, "Filter": "(n_name = 'MOZAMBIQUE'::bpchar)"}, {"Node Type": "Seq Scan", "Parent Relationship": "Inner", "Relation Name": "supplier", "Alias": "supplier", "Startup Cost": 0.0, "Total Cost": 3283.0, "Plan Rows": 100000, "Plan Width": 12}]}]}]}]}, {"Node Type": "Aggregate", "Strategy": "Hashed", "Parent Relationship": "Outer", "Startup Cost": 480297793.18, "Total Cost": 480298465.43, "Plan Rows": 53780, "Plan Width": 40, "Group By Key": ["public.partsupp.ps_partkey"], "Filter": "(sum((public.partsupp.ps_supplycost * (public.partsupp.ps_availqty)::double precision)) > $0)", "Plans": [{"Node Type": "Nested Loop", "Parent Relationship": "Outer", "Join Type": "Inner", "Startup Cost": 0.0, "Total Cost": 480296852.03, "Plan Rows": 53780, "Plan Width": 24, "Inner Unique": false, "Join Filter": "(public.supplier.s_suppkey = public.partsupp.ps_suppkey)", "Plans": [{"Node Type": "Seq Scan", "Parent Relationship": "Outer", "Relation Name": "partsupp", "Alias": "partsupp", "Startup Cost": 0.0, "Total Cost": 269987.72, "Plan Rows": 8000372, "Plan Width": 32}, {"Node Type": "Materialize", "Parent Relationship": "Inner", "Startup Cost": 0.0, "Total Cost": 4554.31, "Plan Rows": 4000, "Plan Width": 8, "Plans": [{"Node Type": "Nested Loop", "Parent Relationship": "Outer", "Join Type": "Inner", "Startup Cost": 0.0, "Total Cost": 4534.31, "Plan Rows": 4000, "Plan Width": 8, "Inner Unique": false, "Join Filter": "(public.supplier.s_nationkey = public.nation.n_nationkey)", "Plans": [{"Node Type": "Seq Scan", "Parent Relationship": "Outer", "Relation Name": "nation", "Alias": "nation", "Startup Cost": 0.0, "Total Cost": 1.31, "Plan Rows": 1, "Plan Width": 4, "Filter": "(n_name = 'MOZAMBIQUE'::bpchar)"}, {"Node Type": "Seq Scan", "Parent Relationship": "Inner", "Relation Name": "supplier", "Alias": "supplier", "Startup Cost": 0.0, "Total Cost": 3283.0, "Plan Rows": 100000, "Plan Width": 12}]}]}]}]}]}, "Unique SQL Id": 2932834211, "Planner Runtime": 0}, "explain_analyze_plan": null}, "(64, 63)": {"explain_plan": {"Plan": {"Node Type": "Sort", "Startup Cost": 6001104432332.89, "Total Cost": 6001104432467.34, "Plan Rows": 53780, "Plan Width": 40, "Sort Key": ["(sum((public.partsupp.ps_supplycost * (public.partsupp.ps_availqty)::double precision))) DESC"], "Plans": [{"Node Type": "Aggregate", "Strategy": "Plain", "Parent Relationship": "exec_init_plan", "Subplan Name": "InitPlan 1 (returns $0)", "Startup Cost": 3000580719437.25, "Total Cost": 3000580719437.27, "Plan Rows": 1, "Plan Width": 24, "Plans": [{"Node Type": "Nested Loop", "Parent Relationship": "Outer", "Join Type": "Inner", "Startup Cost": 30000000000.0, "Total Cost": 3000580719033.9, "Plan Rows": 53780, "Plan Width": 16, "Inner Unique": false, "Join Filter": "(public.supplier.s_suppkey = public.partsupp.ps_suppkey)", "Plans": [{"Node Type": "Index Scan", "Parent Relationship": "Outer", "Scan Direction": "Forward", "Index Name": "idx_partsupp_suppkey", "Relation Name": "partsupp", "Alias": "partsupp", "Startup Cost": 10000000000.0, "Total Cost": 1000100160480.77, "Plan Rows": 8000372, "Plan Width": 24}, {"Node Type": "Materialize", "Parent Relationship": "Inner", "Startup Cost": 20000000000.0, "Total Cost": 2000000536243.13, "Plan Rows": 4000, "Plan Width": 8, "Plans": [{"Node Type": "Nested Loop", "Parent Relationship": "Outer", "Join Type": "Inner", "Startup Cost": 20000000000.0, "Total Cost": 2000000536223.13, "Plan Rows": 4000, "Plan Width": 8, "Inner Unique": true, "Join Filter": "(public.supplier.s_nationkey = public.nation.n_nationkey)", "Plans": [{"Node Type": "Index Scan", "Parent Relationship": "Outer", "Scan Direction": "Forward", "Index Name": "supplier_pkey", "Relation Name": "supplier", "Alias": "supplier", "Startup Cost": 10000000000.0, "Total Cost": 1000000533454.38, "Plan Rows": 100000, "Plan Width": 12}, {"Node Type": "Materialize", "Parent Relationship": "Inner", "Startup Cost": 10000000000.0, "Total Cost": 1000000001268.76, "Plan Rows": 1, "Plan Width": 4, "Plans": [{"Node Type": "Index Scan", "Parent Relationship": "Outer", "Scan Direction": "Forward", "Index Name": "nation_pkey", "Relation Name": "nation", "Alias": "nation", "Startup Cost": 10000000000.0, "Total Cost": 1000000001268.75, "Plan Rows": 1, "Plan Width": 4, "Filter": "(n_name = 'MOZAMBIQUE'::bpchar)"}]}]}]}]}]}, {"Node Type": "Aggregate", "Strategy": "Hashed", "Parent Relationship": "Outer", "Startup Cost": 3000523707997.67, "Total Cost": 3000523708669.92, "Plan Rows": 53780, "Plan Width": 40, "Group By Key": ["public.partsupp.ps_partkey"], "Filter": "(sum((public.partsupp.ps_supplycost * (public.partsupp.ps_availqty)::double precision)) > $0)", "Plans": [{"Node Type": "Nested Loop", "Parent Relationship": "Outer", "Join Type": "Inner", "Startup Cost": 30000000000.0, "Total Cost": 3000523707056.51, "Plan Rows": 53780, "Plan Width": 24, "Inner Unique": false, "Join Filter": "(public.supplier.s_suppkey = public.partsupp.ps_suppkey)", "Plans": [{"Node Type": "Index Scan", "Parent Relationship": "Outer", "Scan Direction": "Forward", "Index Name": "idx_partsupp_partkey", "Relation Name": "partsupp", "Alias": "partsupp", "Startup Cost": 10000000000.0, "Total Cost": 1000043148503.38, "Plan Rows": 8000372, "Plan Width": 32}, {"Node Type": "Materialize", "Parent Relationship": "Inner", "Startup Cost": 20000000000.0, "Total Cost": 2000000536243.13, "Plan Rows": 4000, "Plan Width": 8, "Plans": [{"Node Type": "Nested Loop", "Parent Relationship": "Outer", "Join Type": "Inner", "Startup Cost": 20000000000.0, "Total Cost": 2000000536223.13, "Plan Rows": 4000, "Plan Width": 8, "Inner Unique": true, "Join Filter": "(public.supplier.s_nationkey = public.nation.n_nationkey)", "Plans": [{"Node Type": "Index Scan", "Parent Relationship": "Outer", "Scan Direction": "Forward", "Index Name": "supplier_pkey", "Relation Name": "supplier", "Alias": "supplier", "Startup Cost": 10000000000.0, "Total Cost": 1000000533454.38, "Plan Rows": 100000, "Plan Width": 12}, {"Node Type": "Materialize", "Parent Relationship": "Inner", "Startup Cost": 10000000000.0, "Total Cost": 1000000001268.76, "Plan Rows": 1, "Plan Width": 4, "Plans": [{"Node Type": "Index Scan", "Parent Relationship": "Outer", "Scan Direction": "Forward", "Index Name": "nation_pkey", "Relation Name": "nation", "Alias": "nation", "Startup Cost": 10000000000.0, "Total Cost": 1000000001268.75, "Plan Rows": 1, "Plan Width": 4, "Filter": "(n_name = 'MOZAMBIQUE'::bpchar)"}]}]}]}]}]}]}, "Unique SQL Id": 2932834211, "Planner Runtime": 0}, "explain_analyze_plan": null}, "(64, 64)": {"explain_plan": {"Plan": {"Node Type": "Sort", "Startup Cost": 86957.11, "Total Cost": 87091.56, "Plan Rows": 53780, "Plan Width": 40, "Sort Key": ["(sum((public.partsupp.ps_supplycost * (public.partsupp.ps_availqty)::double precision))) DESC"], "Plans": [{"Node Type": "Aggregate", "Strategy": "Plain", "Parent Relationship": "exec_init_plan", "Subplan Name": "InitPlan 1 (returns $2)", "Startup Cost": 40760.67, "Total Cost": 40760.68, "Plan Rows": 1, "Plan Width": 24, "Plans": [{"Node Type": "Nested Loop", "Parent Relationship": "Outer", "Join Type": "Inner", "Startup Cost": 95.25, "Total Cost": 40357.32, "Plan Rows": 53780, "Plan Width": 16, "Inner Unique": false, "Plans": [{"Node Type": "Nested Loop", "Parent Relationship": "Outer", "Join Type": "Inner", "Startup Cost": 95.25, "Total Cost": 2533.35, "Plan Rows": 4000, "Plan Width": 8, "Inner Unique": false, "Plans": [{"Node Type": "Seq Scan", "Parent Relationship": "Outer", "Relation Name": "nation", "Alias": "nation", "Startup Cost": 0.0, "Total Cost": 1.31, "Plan Rows": 1, "Plan Width": 4, "Filter": "(n_name = 'MOZAMBIQUE'::bpchar)"}, {"Node Type": "Bitmap Heap Scan", "Parent Relationship": "Inner", "Relation Name": "supplier", "Alias": "supplier", "Startup Cost": 95.25, "Total Cost": 2492.04, "Plan Rows": 4000, "Plan Width": 12, "Recheck Cond": "(s_nationkey = public.nation.n_nationkey)", "Plans": [{"Node Type": "Bitmap Index Scan", "Parent Relationship": "Outer", "Index Name": "idx_supplier_nation_key", "Startup Cost": 0.0, "Total Cost": 94.25, "Plan Rows": 4000, "Plan Width": 0, "Index Cond": "(s_nationkey = public.nation.n_nationkey)"}]}]}, {"Node Type": "Index Scan", "Parent Relationship": "Inner", "Scan Direction": "Forward", "Index Name": "idx_partsupp_suppkey", "Relation Name": "partsupp", "Alias": "partsupp", "Startup Cost": 0.0, "Total Cost": 9.33, "Plan Rows": 13, "Plan Width": 24, "Index Cond": "(ps_suppkey = public.supplier.s_suppkey)"}]}]}, {"Node Type": "Aggregate", "Strategy": "Hashed", "Parent Relationship": "Outer", "Startup Cost": 41298.47, "Total Cost": 41970.72, "Plan Rows": 53780, "Plan Width": 40, "Group By Key": ["public.partsupp.ps_partkey"], "Filter": "(sum((public.partsupp.ps_supplycost * (public.partsupp.ps_availqty)::double precision)) > $2)", "Plans": [{"Node Type": "Nested Loop", "Parent Relationship": "Outer", "Join Type": "Inner", "Startup Cost": 95.25, "Total Cost": 40357.32, "Plan Rows": 53780, "Plan Width": 24, "Inner Unique": false, "Plans": [{"Node Type": "Nested Loop", "Parent Relationship": "Outer", "Join Type": "Inner", "Startup Cost": 95.25, "Total Cost": 2533.35, "Plan Rows": 4000, "Plan Width": 8, "Inner Unique": false, "Plans": [{"Node Type": "Seq Scan", "Parent Relationship": "Outer", "Relation Name": "nation", "Alias": "nation", "Startup Cost": 0.0, "Total Cost": 1.31, "Plan Rows": 1, "Plan Width": 4, "Filter": "(n_name = 'MOZAMBIQUE'::bpchar)"}, {"Node Type": "Bitmap Heap Scan", "Parent Relationship": "Inner", "Relation Name": "supplier", "Alias": "supplier", "Startup Cost": 95.25, "Total Cost": 2492.04, "Plan Rows": 4000, "Plan Width": 12, "Recheck Cond": "(s_nationkey = public.nation.n_nationkey)", "Plans": [{"Node Type": "Bitmap Index Scan", "Parent Relationship": "Outer", "Index Name": "idx_supplier_nation_key", "Startup Cost": 0.0, "Total Cost": 94.25, "Plan Rows": 4000, "Plan Width": 0, "Index Cond": "(s_nationkey = public.nation.n_nationkey)"}]}]}, {"Node Type": "Index Scan", "Parent Relationship": "Inner", "Scan Direction": "Forward", "Index Name": "idx_partsupp_suppkey", "Relation Name": "partsupp", "Alias": "partsupp", "Startup Cost": 0.0, "Total Cost": 9.33, "Plan Rows": 13, "Plan Width": 32, "Index Cond": "(ps_suppkey = public.supplier.s_suppkey)"}]}]}]}, "Unique SQL Id": 2932834211, "Planner Runtime": 1}, "explain_analyze_plan": {"Plan": {"Node Type": "Sort", "Startup Cost": 86957.11, "Total Cost": 87091.56, "Plan Rows": 53780, "Plan Width": 40, "Actual Startup Time": 1757.818, "Actual Total Time": 1757.818, "Actual Rows": 0, "Actual Loops": 1, "Sort Key": ["(sum((public.partsupp.ps_supplycost * (public.partsupp.ps_availqty)::double precision))) DESC"], "Sort Method": "quicksort", "Sort Space Used": 25, "Sort Space Type": "Memory", "Plans": [{"Node Type": "Aggregate", "Strategy": "Plain", "Parent Relationship": "exec_init_plan", "Subplan Name": "InitPlan 1 (returns $2)", "Startup Cost": 40760.67, "Total Cost": 40760.68, "Plan Rows": 1, "Plan Width": 24, "Actual Startup Time": 685.274, "Actual Total Time": 685.274, "Actual Rows": 1, "Actual Loops": 1, "Plans": [{"Node Type": "Nested Loop", "Parent Relationship": "Outer", "Join Type": "Inner", "Startup Cost": 95.25, "Total Cost": 40357.32, "Plan Rows": 53780, "Plan Width": 16, "Actual Startup Time": 0.989, "Actual Total Time": 550.199, "Actual Rows": 313920, "Actual Loops": 1, "Inner Unique": false, "Plans": [{"Node Type": "Nested Loop", "Parent Relationship": "Outer", "Join Type": "Inner", "Startup Cost": 95.25, "Total Cost": 2533.35, "Plan Rows": 4000, "Plan Width": 8, "Actual Startup Time": 0.963, "Actual Total Time": 7.289, "Actual Rows": 3924, "Actual Loops": 1, "Inner Unique": false, "Plans": [{"Node Type": "Seq Scan", "Parent Relationship": "Outer", "Relation Name": "nation", "Alias": "nation", "Startup Cost": 0.0, "Total Cost": 1.31, "Plan Rows": 1, "Plan Width": 4, "Actual Startup Time": 0.043, "Actual Total Time": 0.055, "Actual Rows": 1, "Actual Loops": 1, "Filter": "(n_name = 'MOZAMBIQUE'::bpchar)", "Rows Removed by Filter": 24}, {"Node Type": "Bitmap Heap Scan", "Parent Relationship": "Inner", "Relation Name": "supplier", "Alias": "supplier", "Startup Cost": 95.25, "Total Cost": 2492.04, "Plan Rows": 4000, "Plan Width": 12, "Actual Startup Time": 0.903, "Actual Total Time": 6.347, "Actual Rows": 3924, "Actual Loops": 1, "Recheck Cond": "(s_nationkey = public.nation.n_nationkey)", "Rows Removed by Index Recheck": 0, "Exact Heap Blocks": 1895, "Lossy Heap Blocks": 1895, "Plans": [{"Node Type": "Bitmap Index Scan", "Parent Relationship": "Outer", "Index Name": "idx_supplier_nation_key", "Startup Cost": 0.0, "Total Cost": 94.25, "Plan Rows": 4000, "Plan Width": 0, "Actual Startup Time": 0.624, "Actual Total Time": 0.624, "Actual Rows": 3924, "Actual Loops": 1, "Index Cond": "(s_nationkey = public.nation.n_nationkey)"}]}]}, {"Node Type": "Index Scan", "Parent Relationship": "Inner", "Scan Direction": "Forward", "Index Name": "idx_partsupp_suppkey", "Relation Name": "partsupp", "Alias": "partsupp", "Startup Cost": 0.0, "Total Cost": 9.33, "Plan Rows": 13, "Plan Width": 24, "Actual Startup Time": 41.836, "Actual Total Time": 476.637, "Actual Rows": 313920, "Actual Loops": 3924, "Index Cond": "(ps_suppkey = public.supplier.s_suppkey)", "Rows Removed by Index Recheck": 0}]}]}, {"Node Type": "Aggregate", "Strategy": "Hashed", "Parent Relationship": "Outer", "Startup Cost": 41298.47, "Total Cost": 41970.72, "Plan Rows": 53780, "Plan Width": 40, "Actual Startup Time": 1757.278, "Actual Total Time": 1757.278, "Actual Rows": 0, "Actual Loops": 1, "Group By Key": ["public.partsupp.ps_partkey"], "Filter": "(sum((public.partsupp.ps_supplycost * (public.partsupp.ps_availqty)::double precision)) > $2)", "Rows Removed by Filter": 295792, "Plans": [{"Node Type": "Nested Loop", "Parent Relationship": "Outer", "Join Type": "Inner", "Startup Cost": 95.25, "Total Cost": 40357.32, "Plan Rows": 53780, "Plan Width": 24, "Actual Startup Time": 0.989, "Actual Total Time": 653.431, "Actual Rows": 313920, "Actual Loops": 1, "Inner Unique": false, "Plans": [{"Node Type": "Nested Loop", "Parent Relationship": "Outer", "Join Type": "Inner", "Startup Cost": 95.25, "Total Cost": 2533.35, "Plan Rows": 4000, "Plan Width": 8, "Actual Startup Time": 0.965, "Actual Total Time": 8.619, "Actual Rows": 3924, "Actual Loops": 1, "Inner Unique": false, "Plans": [{"Node Type": "Seq Scan", "Parent Relationship": "Outer", "Relation Name": "nation", "Alias": "nation", "Startup Cost": 0.0, "Total Cost": 1.31, "Plan Rows": 1, "Plan Width": 4, "Actual Startup Time": 0.03, "Actual Total Time": 0.047, "Actual Rows": 1, "Actual Loops": 1, "Filter": "(n_name = 'MOZAMBIQUE'::bpchar)", "Rows Removed by Filter": 24}, {"Node Type": "Bitmap Heap Scan", "Parent Relationship": "Inner", "Relation Name": "supplier", "Alias": "supplier", "Startup Cost": 95.25, "Total Cost": 2492.04, "Plan Rows": 4000, "Plan Width": 12, "Actual Startup Time": 0.928, "Actual Total Time": 7.555, "Actual Rows": 3924, "Actual Loops": 1, "Recheck Cond": "(s_nationkey = public.nation.n_nationkey)", "Rows Removed by Index Recheck": 0, "Exact Heap Blocks": 1895, "Lossy Heap Blocks": 1895, "Plans": [{"Node Type": "Bitmap Index Scan", "Parent Relationship": "Outer", "Index Name": "idx_supplier_nation_key", "Startup Cost": 0.0, "Total Cost": 94.25, "Plan Rows": 4000, "Plan Width": 0, "Actual Startup Time": 0.644, "Actual Total Time": 0.644, "Actual Rows": 3924, "Actual Loops": 1, "Index Cond": "(s_nationkey = public.nation.n_nationkey)"}]}]}, {"Node Type": "Index Scan", "Parent Relationship": "Inner", "Scan Direction": "Forward", "Index Name": "idx_partsupp_suppkey", "Relation Name": "partsupp", "Alias": "partsupp", "Startup Cost": 0.0, "Total Cost": 9.33, "Plan Rows": 13, "Plan Width": 32, "Actual Startup Time": 48.203, "Actual Total Time": 572.851, "Actual Rows": 313920, "Actual Loops": 3924, "Index Cond": "(ps_suppkey = public.supplier.s_suppkey)", "Rows Removed by Index Recheck": 0}]}]}]}, "Triggers": [], "Planner Runtime": 0, "Total Runtime": 1758.153, "Unique SQL Id": 2932834211}}, "(64, 65)": {"explain_plan": {"Plan": {"Node Type": "Sort", "Startup Cost": 86979.86, "Total Cost": 87114.31, "Plan Rows": 53780, "Plan Width": 40, "Sort Key": ["(sum((public.partsupp.ps_supplycost * (public.partsupp.ps_availqty)::double precision))) DESC"], "Plans": [{"Node Type": "Aggregate", "Strategy": "Plain", "Parent Relationship": "exec_init_plan", "Subplan Name": "InitPlan 1 (returns $2)", "Startup Cost": 40772.04, "Total Cost": 40772.06, "Plan Rows": 1, "Plan Width": 24, "Plans": [{"Node Type": "Nested Loop", "Parent Relationship": "Outer", "Join Type": "Inner", "Startup Cost": 95.25, "Total Cost": 40368.69, "Plan Rows": 53780, "Plan Width": 16, "Inner Unique": false, "Plans": [{"Node Type": "Nested Loop", "Parent Relationship": "Outer", "Join Type": "Inner", "Startup Cost": 95.25, "Total Cost": 2544.73, "Plan Rows": 4000, "Plan Width": 8, "Inner Unique": false, "Plans": [{"Node Type": "Index Scan", "Parent Relationship": "Outer", "Scan Direction": "Forward", "Index Name": "nation_pkey", "Relation Name": "nation", "Alias": "nation", "Startup Cost": 0.0, "Total Cost": 12.69, "Plan Rows": 1, "Plan Width": 4, "Filter": "(n_name = 'MOZAMBIQUE'::bpchar)"}, {"Node Type": "Bitmap Heap Scan", "Parent Relationship": "Inner", "Relation Name": "supplier", "Alias": "supplier", "Startup Cost": 95.25, "Total Cost": 2492.04, "Plan Rows": 4000, "Plan Width": 12, "Recheck Cond": "(s_nationkey = public.nation.n_nationkey)", "Plans": [{"Node Type": "Bitmap Index Scan", "Parent Relationship": "Outer", "Index Name": "idx_supplier_nation_key", "Startup Cost": 0.0, "Total Cost": 94.25, "Plan Rows": 4000, "Plan Width": 0, "Index Cond": "(s_nationkey = public.nation.n_nationkey)"}]}]}, {"Node Type": "Index Scan", "Parent Relationship": "Inner", "Scan Direction": "Forward", "Index Name": "idx_partsupp_suppkey", "Relation Name": "partsupp", "Alias": "partsupp", "Startup Cost": 0.0, "Total Cost": 9.33, "Plan Rows": 13, "Plan Width": 24, "Index Cond": "(ps_suppkey = public.supplier.s_suppkey)"}]}]}, {"Node Type": "Aggregate", "Strategy": "Hashed", "Parent Relationship": "Outer", "Startup Cost": 41309.84, "Total Cost": 41982.09, "Plan Rows": 53780, "Plan Width": 40, "Group By Key": ["public.partsupp.ps_partkey"], "Filter": "(sum((public.partsupp.ps_supplycost * (public.partsupp.ps_availqty)::double precision)) > $2)", "Plans": [{"Node Type": "Nested Loop", "Parent Relationship": "Outer", "Join Type": "Inner", "Startup Cost": 95.25, "Total Cost": 40368.69, "Plan Rows": 53780, "Plan Width": 24, "Inner Unique": false, "Plans": [{"Node Type": "Nested Loop", "Parent Relationship": "Outer", "Join Type": "Inner", "Startup Cost": 95.25, "Total Cost": 2544.73, "Plan Rows": 4000, "Plan Width": 8, "Inner Unique": false, "Plans": [{"Node Type": "Index Scan", "Parent Relationship": "Outer", "Scan Direction": "Forward", "Index Name": "nation_pkey", "Relation Name": "nation", "Alias": "nation", "Startup Cost": 0.0, "Total Cost": 12.69, "Plan Rows": 1, "Plan Width": 4, "Filter": "(n_name = 'MOZAMBIQUE'::bpchar)"}, {"Node Type": "Bitmap Heap Scan", "Parent Relationship": "Inner", "Relation Name": "supplier", "Alias": "supplier", "Startup Cost": 95.25, "Total Cost": 2492.04, "Plan Rows": 4000, "Plan Width": 12, "Recheck Cond": "(s_nationkey = public.nation.n_nationkey)", "Plans": [{"Node Type": "Bitmap Index Scan", "Parent Relationship": "Outer", "Index Name": "idx_supplier_nation_key", "Startup Cost": 0.0, "Total Cost": 94.25, "Plan Rows": 4000, "Plan Width": 0, "Index Cond": "(s_nationkey = public.nation.n_nationkey)"}]}]}, {"Node Type": "Index Scan", "Parent Relationship": "Inner", "Scan Direction": "Forward", "Index Name": "idx_partsupp_suppkey", "Relation Name": "partsupp", "Alias": "partsupp", "Startup Cost": 0.0, "Total Cost": 9.33, "Plan Rows": 13, "Plan Width": 32, "Index Cond": "(ps_suppkey = public.supplier.s_suppkey)"}]}]}]}, "Unique SQL Id": 2932834211, "Planner Runtime": 1}, "explain_analyze_plan": {"Plan": {"Node Type": "Sort", "Startup Cost": 86979.86, "Total Cost": 87114.31, "Plan Rows": 53780, "Plan Width": 40, "Actual Startup Time": 1762.834, "Actual Total Time": 1762.834, "Actual Rows": 0, "Actual Loops": 1, "Sort Key": ["(sum((public.partsupp.ps_supplycost * (public.partsupp.ps_availqty)::double precision))) DESC"], "Sort Method": "quicksort", "Sort Space Used": 25, "Sort Space Type": "Memory", "Plans": [{"Node Type": "Aggregate", "Strategy": "Plain", "Parent Relationship": "exec_init_plan", "Subplan Name": "InitPlan 1 (returns $2)", "Startup Cost": 40772.04, "Total Cost": 40772.06, "Plan Rows": 1, "Plan Width": 24, "Actual Startup Time": 757.478, "Actual Total Time": 757.478, "Actual Rows": 1, "Actual Loops": 1, "Plans": [{"Node Type": "Nested Loop", "Parent Relationship": "Outer", "Join Type": "Inner", "Startup Cost": 95.25, "Total Cost": 40368.69, "Plan Rows": 53780, "Plan Width": 16, "Actual Startup Time": 0.979, "Actual Total Time": 621.76, "Actual Rows": 313920, "Actual Loops": 1, "Inner Unique": false, "Plans": [{"Node Type": "Nested Loop", "Parent Relationship": "Outer", "Join Type": "Inner", "Startup Cost": 95.25, "Total Cost": 2544.73, "Plan Rows": 4000, "Plan Width": 8, "Actual Startup Time": 0.958, "Actual Total Time": 8.05, "Actual Rows": 3924, "Actual Loops": 1, "Inner Unique": false, "Plans": [{"Node Type": "Index Scan", "Parent Relationship": "Outer", "Scan Direction": "Forward", "Index Name": "nation_pkey", "Relation Name": "nation", "Alias": "nation", "Startup Cost": 0.0, "Total Cost": 12.69, "Plan Rows": 1, "Plan Width": 4, "Actual Startup Time": 0.038, "Actual Total Time": 0.053, "Actual Rows": 1, "Actual Loops": 1, "Filter": "(n_name = 'MOZAMBIQUE'::bpchar)", "Rows Removed by Filter": 24}, {"Node Type": "Bitmap Heap Scan", "Parent Relationship": "Inner", "Relation Name": "supplier", "Alias": "supplier", "Startup Cost": 95.25, "Total Cost": 2492.04, "Plan Rows": 4000, "Plan Width": 12, "Actual Startup Time": 0.903, "Actual Total Time": 7.053, "Actual Rows": 3924, "Actual Loops": 1, "Recheck Cond": "(s_nationkey = public.nation.n_nationkey)", "Rows Removed by Index Recheck": 0, "Exact Heap Blocks": 1895, "Lossy Heap Blocks": 1895, "Plans": [{"Node Type": "Bitmap Index Scan", "Parent Relationship": "Outer", "Index Name": "idx_supplier_nation_key", "Startup Cost": 0.0, "Total Cost": 94.25, "Plan Rows": 4000, "Plan Width": 0, "Actual Startup Time": 0.627, "Actual Total Time": 0.627, "Actual Rows": 3924, "Actual Loops": 1, "Index Cond": "(s_nationkey = public.nation.n_nationkey)"}]}]}, {"Node Type": "Index Scan", "Parent Relationship": "Inner", "Scan Direction": "Forward", "Index Name": "idx_partsupp_suppkey", "Relation Name": "partsupp", "Alias": "partsupp", "Startup Cost": 0.0, "Total Cost": 9.33, "Plan Rows": 13, "Plan Width": 24, "Actual Startup Time": 46.082, "Actual Total Time": 547.337, "Actual Rows": 313920, "Actual Loops": 3924, "Index Cond": "(ps_suppkey = public.supplier.s_suppkey)", "Rows Removed by Index Recheck": 0}]}]}, {"Node Type": "Aggregate", "Strategy": "Hashed", "Parent Relationship": "Outer", "Startup Cost": 41309.84, "Total Cost": 41982.09, "Plan Rows": 53780, "Plan Width": 40, "Actual Startup Time": 1762.251, "Actual Total Time": 1762.251, "Actual Rows": 0, "Actual Loops": 1, "Group By Key": ["public.partsupp.ps_partkey"], "Filter": "(sum((public.partsupp.ps_supplycost * (public.partsupp.ps_availqty)::double precision)) > $2)", "Rows Removed by Filter": 295792, "Plans": [{"Node Type": "Nested Loop", "Parent Relationship": "Outer", "Join Type": "Inner", "Startup Cost": 95.25, "Total Cost": 40368.69, "Plan Rows": 53780, "Plan Width": 24, "Actual Startup Time": 0.974, "Actual Total Time": 574.222, "Actual Rows": 313920, "Actual Loops": 1, "Inner Unique": false, "Plans": [{"Node Type": "Nested Loop", "Parent Relationship": "Outer", "Join Type": "Inner", "Startup Cost": 95.25, "Total Cost": 2544.73, "Plan Rows": 4000, "Plan Width": 8, "Actual Startup Time": 0.951, "Actual Total Time": 7.662, "Actual Rows": 3924, "Actual Loops": 1, "Inner Unique": false, "Plans": [{"Node Type": "Index Scan", "Parent Relationship": "Outer", "Scan Direction": "Forward", "Index Name": "nation_pkey", "Relation Name": "nation", "Alias": "nation", "Startup Cost": 0.0, "Total Cost": 12.69, "Plan Rows": 1, "Plan Width": 4, "Actual Startup Time": 0.031, "Actual Total Time": 0.042, "Actual Rows": 1, "Actual Loops": 1, "Filter": "(n_name = 'MOZAMBIQUE'::bpchar)", "Rows Removed by Filter": 24}, {"Node Type": "Bitmap Heap Scan", "Parent Relationship": "Inner", "Relation Name": "supplier", "Alias": "supplier", "Startup Cost": 95.25, "Total Cost": 2492.04, "Plan Rows": 4000, "Plan Width": 12, "Actual Startup Time": 0.913, "Actual Total Time": 6.701, "Actual Rows": 3924, "Actual Loops": 1, "Recheck Cond": "(s_nationkey = public.nation.n_nationkey)", "Rows Removed by Index Recheck": 0, "Exact Heap Blocks": 1895, "Lossy Heap Blocks": 1895, "Plans": [{"Node Type": "Bitmap Index Scan", "Parent Relationship": "Outer", "Index Name": "idx_supplier_nation_key", "Startup Cost": 0.0, "Total Cost": 94.25, "Plan Rows": 4000, "Plan Width": 0, "Actual Startup Time": 0.621, "Actual Total Time": 0.621, "Actual Rows": 3924, "Actual Loops": 1, "Index Cond": "(s_nationkey = public.nation.n_nationkey)"}]}]}, {"Node Type": "Index Scan", "Parent Relationship": "Inner", "Scan Direction": "Forward", "Index Name": "idx_partsupp_suppkey", "Relation Name": "partsupp", "Alias": "partsupp", "Startup Cost": 0.0, "Total Cost": 9.33, "Plan Rows": 13, "Plan Width": 32, "Actual Startup Time": 43.059, "Actual Total Time": 494.357, "Actual Rows": 313920, "Actual Loops": 3924, "Index Cond": "(ps_suppkey = public.supplier.s_suppkey)", "Rows Removed by Index Recheck": 0}]}]}]}, "Triggers": [], "Planner Runtime": 0, "Total Runtime": 1763.161, "Unique SQL Id": 2932834211}}, "(64, 66)": {"explain_plan": {"Plan": {"Node Type": "Sort", "Startup Cost": 90032.55, "Total Cost": 90167.0, "Plan Rows": 53780, "Plan Width": 40, "Sort Key": ["(sum((public.partsupp.ps_supplycost * (public.partsupp.ps_availqty)::double precision))) DESC"], "Plans": [{"Node Type": "Aggregate", "Strategy": "Plain", "Parent Relationship": "exec_init_plan", "Subplan Name": "InitPlan 1 (returns $2)", "Startup Cost": 42298.39, "Total Cost": 42298.4, "Plan Rows": 1, "Plan Width": 24, "Plans": [{"Node Type": "Nested Loop", "Parent Relationship": "Outer", "Join Type": "Inner", "Startup Cost": 96.82, "Total Cost": 41895.04, "Plan Rows": 53780, "Plan Width": 16, "Inner Unique": false, "Plans": [{"Node Type": "Nested Loop", "Parent Relationship": "Outer", "Join Type": "Inner", "Startup Cost": 95.25, "Total Cost": 2533.35, "Plan Rows": 4000, "Plan Width": 8, "Inner Unique": false, "Plans": [{"Node Type": "Seq Scan", "Parent Relationship": "Outer", "Relation Name": "nation", "Alias": "nation", "Startup Cost": 0.0, "Total Cost": 1.31, "Plan Rows": 1, "Plan Width": 4, "Filter": "(n_name = 'MOZAMBIQUE'::bpchar)"}, {"Node Type": "Bitmap Heap Scan", "Parent Relationship": "Inner", "Relation Name": "supplier", "Alias": "supplier", "Startup Cost": 95.25, "Total Cost": 2492.04, "Plan Rows": 4000, "Plan Width": 12, "Recheck Cond": "(s_nationkey = public.nation.n_nationkey)", "Plans": [{"Node Type": "Bitmap Index Scan", "Parent Relationship": "Outer", "Index Name": "idx_supplier_nation_key", "Startup Cost": 0.0, "Total Cost": 94.25, "Plan Rows": 4000, "Plan Width": 0, "Index Cond": "(s_nationkey = public.nation.n_nationkey)"}]}]}, {"Node Type": "Bitmap Heap Scan", "Parent Relationship": "Inner", "Relation Name": "partsupp", "Alias": "partsupp", "Startup Cost": 1.57, "Total Cost": 9.71, "Plan Rows": 13, "Plan Width": 24, "Recheck Cond": "(ps_suppkey = public.supplier.s_suppkey)", "Plans": [{"Node Type": "Bitmap Index Scan", "Parent Relationship": "Outer", "Index Name": "idx_partsupp_suppkey", "Startup Cost": 0.0, "Total Cost": 1.56, "Plan Rows": 13, "Plan Width": 0, "Index Cond": "(ps_suppkey = public.supplier.s_suppkey)"}]}]}]}, {"Node Type": "Aggregate", "Strategy": "Hashed", "Parent Relationship": "Outer", "Startup Cost": 42836.19, "Total Cost": 43508.44, "Plan Rows": 53780, "Plan Width": 40, "Group By Key": ["public.partsupp.ps_partkey"], "Filter": "(sum((public.partsupp.ps_supplycost * (public.partsupp.ps_availqty)::double precision)) > $2)", "Plans": [{"Node Type": "Nested Loop", "Parent Relationship": "Outer", "Join Type": "Inner", "Startup Cost": 96.82, "Total Cost": 41895.04, "Plan Rows": 53780, "Plan Width": 24, "Inner Unique": false, "Plans": [{"Node Type": "Nested Loop", "Parent Relationship": "Outer", "Join Type": "Inner", "Startup Cost": 95.25, "Total Cost": 2533.35, "Plan Rows": 4000, "Plan Width": 8, "Inner Unique": false, "Plans": [{"Node Type": "Seq Scan", "Parent Relationship": "Outer", "Relation Name": "nation", "Alias": "nation", "Startup Cost": 0.0, "Total Cost": 1.31, "Plan Rows": 1, "Plan Width": 4, "Filter": "(n_name = 'MOZAMBIQUE'::bpchar)"}, {"Node Type": "Bitmap Heap Scan", "Parent Relationship": "Inner", "Relation Name": "supplier", "Alias": "supplier", "Startup Cost": 95.25, "Total Cost": 2492.04, "Plan Rows": 4000, "Plan Width": 12, "Recheck Cond": "(s_nationkey = public.nation.n_nationkey)", "Plans": [{"Node Type": "Bitmap Index Scan", "Parent Relationship": "Outer", "Index Name": "idx_supplier_nation_key", "Startup Cost": 0.0, "Total Cost": 94.25, "Plan Rows": 4000, "Plan Width": 0, "Index Cond": "(s_nationkey = public.nation.n_nationkey)"}]}]}, {"Node Type": "Bitmap Heap Scan", "Parent Relationship": "Inner", "Relation Name": "partsupp", "Alias": "partsupp", "Startup Cost": 1.57, "Total Cost": 9.71, "Plan Rows": 13, "Plan Width": 32, "Recheck Cond": "(ps_suppkey = public.supplier.s_suppkey)", "Plans": [{"Node Type": "Bitmap Index Scan", "Parent Relationship": "Outer", "Index Name": "idx_partsupp_suppkey", "Startup Cost": 0.0, "Total Cost": 1.56, "Plan Rows": 13, "Plan Width": 0, "Index Cond": "(ps_suppkey = public.supplier.s_suppkey)"}]}]}]}]}, "Unique SQL Id": 2932834211, "Planner Runtime": 1}, "explain_analyze_plan": {"Plan": {"Node Type": "Sort", "Startup Cost": 90032.55, "Total Cost": 90167.0, "Plan Rows": 53780, "Plan Width": 40, "Actual Startup Time": 1938.442, "Actual Total Time": 1938.442, "Actual Rows": 0, "Actual Loops": 1, "Sort Key": ["(sum((public.partsupp.ps_supplycost * (public.partsupp.ps_availqty)::double precision))) DESC"], "Sort Method": "quicksort", "Sort Space Used": 25, "Sort Space Type": "Memory", "Plans": [{"Node Type": "Aggregate", "Strategy": "Plain", "Parent Relationship": "exec_init_plan", "Subplan Name": "InitPlan 1 (returns $2)", "Startup Cost": 42298.39, "Total Cost": 42298.4, "Plan Rows": 1, "Plan Width": 24, "Actual Startup Time": 849.92, "Actual Total Time": 849.921, "Actual Rows": 1, "Actual Loops": 1, "Plans": [{"Node Type": "Nested Loop", "Parent Relationship": "Outer", "Join Type": "Inner", "Startup Cost": 96.82, "Total Cost": 41895.04, "Plan Rows": 53780, "Plan Width": 16, "Actual Startup Time": 1.032, "Actual Total Time": 721.537, "Actual Rows": 313920, "Actual Loops": 1, "Inner Unique": false, "Plans": [{"Node Type": "Nested Loop", "Parent Relationship": "Outer", "Join Type": "Inner", "Startup Cost": 95.25, "Total Cost": 2533.35, "Plan Rows": 4000, "Plan Width": 8, "Actual Startup Time": 0.983, "Actual Total Time": 7.832, "Actual Rows": 3924, "Actual Loops": 1, "Inner Unique": false, "Plans": [{"Node Type": "Seq Scan", "Parent Relationship": "Outer", "Relation Name": "nation", "Alias": "nation", "Startup Cost": 0.0, "Total Cost": 1.31, "Plan Rows": 1, "Plan Width": 4, "Actual Startup Time": 0.036, "Actual Total Time": 0.051, "Actual Rows": 1, "Actual Loops": 1, "Filter": "(n_name = 'MOZAMBIQUE'::bpchar)", "Rows Removed by Filter": 24}, {"Node Type": "Bitmap Heap Scan", "Parent Relationship": "Inner", "Relation Name": "supplier", "Alias": "supplier", "Startup Cost": 95.25, "Total Cost": 2492.04, "Plan Rows": 4000, "Plan Width": 12, "Actual Startup Time": 0.939, "Actual Total Time": 6.87, "Actual Rows": 3924, "Actual Loops": 1, "Recheck Cond": "(s_nationkey = public.nation.n_nationkey)", "Rows Removed by Index Recheck": 0, "Exact Heap Blocks": 1895, "Lossy Heap Blocks": 1895, "Plans": [{"Node Type": "Bitmap Index Scan", "Parent Relationship": "Outer", "Index Name": "idx_supplier_nation_key", "Startup Cost": 0.0, "Total Cost": 94.25, "Plan Rows": 4000, "Plan Width": 0, "Actual Startup Time": 0.649, "Actual Total Time": 0.649, "Actual Rows": 3924, "Actual Loops": 1, "Index Cond": "(s_nationkey = public.nation.n_nationkey)"}]}]}, {"Node Type": "Bitmap Heap Scan", "Parent Relationship": "Inner", "Relation Name": "partsupp", "Alias": "partsupp", "Startup Cost": 1.57, "Total Cost": 9.71, "Plan Rows": 13, "Plan Width": 24, "Actual Startup Time": 100.697, "Actual Total Time": 646.011, "Actual Rows": 313920, "Actual Loops": 3924, "Recheck Cond": "(ps_suppkey = public.supplier.s_suppkey)", "Rows Removed by Index Recheck": 0, "Exact Heap Blocks": 313920, "Lossy Heap Blocks": 313920, "Plans": [{"Node Type": "Bitmap Index Scan", "Parent Relationship": "Outer", "Index Name": "idx_partsupp_suppkey", "Startup Cost": 0.0, "Total Cost": 1.56, "Plan Rows": 13, "Plan Width": 0, "Actual Startup Time": 62.61, "Actual Total Time": 62.61, "Actual Rows": 313920, "Actual Loops": 3924, "Index Cond": "(ps_suppkey = public.supplier.s_suppkey)"}]}]}]}, {"Node Type": "Aggregate", "Strategy": "Hashed", "Parent Relationship": "Outer", "Startup Cost": 42836.19, "Total Cost": 43508.44, "Plan Rows": 53780, "Plan Width": 40, "Actual Startup Time": 1938.021, "Actual Total Time": 1938.021, "Actual Rows": 0, "Actual Loops": 1, "Group By Key": ["public.partsupp.ps_partkey"], "Filter": "(sum((public.partsupp.ps_supplycost * (public.partsupp.ps_availqty)::double precision)) > $2)", "Rows Removed by Filter": 295792, "Plans": [{"Node Type": "Nested Loop", "Parent Relationship": "Outer", "Join Type": "Inner", "Startup Cost": 96.82, "Total Cost": 41895.04, "Plan Rows": 53780, "Plan Width": 24, "Actual Startup Time": 0.995, "Actual Total Time": 708.938, "Actual Rows": 313920, "Actual Loops": 1, "Inner Unique": false, "Plans": [{"Node Type": "Nested Loop", "Parent Relationship": "Outer", "Join Type": "Inner", "Startup Cost": 95.25, "Total Cost": 2533.35, "Plan Rows": 4000, "Plan Width": 8, "Actual Startup Time": 0.951, "Actual Total Time": 7.412, "Actual Rows": 3924, "Actual Loops": 1, "Inner Unique": false, "Plans": [{"Node Type": "Seq Scan", "Parent Relationship": "Outer", "Relation Name": "nation", "Alias": "nation", "Startup Cost": 0.0, "Total Cost": 1.31, "Plan Rows": 1, "Plan Width": 4, "Actual Startup Time": 0.031, "Actual Total Time": 0.045, "Actual Rows": 1, "Actual Loops": 1, "Filter": "(n_name = 'MOZAMBIQUE'::bpchar)", "Rows Removed by Filter": 24}, {"Node Type": "Bitmap Heap Scan", "Parent Relationship": "Inner", "Relation Name": "supplier", "Alias": "supplier", "Startup Cost": 95.25, "Total Cost": 2492.04, "Plan Rows": 4000, "Plan Width": 12, "Actual Startup Time": 0.912, "Actual Total Time": 6.426, "Actual Rows": 3924, "Actual Loops": 1, "Recheck Cond": "(s_nationkey = public.nation.n_nationkey)", "Rows Removed by Index Recheck": 0, "Exact Heap Blocks": 1895, "Lossy Heap Blocks": 1895, "Plans": [{"Node Type": "Bitmap Index Scan", "Parent Relationship": "Outer", "Index Name": "idx_supplier_nation_key", "Startup Cost": 0.0, "Total Cost": 94.25, "Plan Rows": 4000, "Plan Width": 0, "Actual Startup Time": 0.632, "Actual Total Time": 0.632, "Actual Rows": 3924, "Actual Loops": 1, "Index Cond": "(s_nationkey = public.nation.n_nationkey)"}]}]}, {"Node Type": "Bitmap Heap Scan", "Parent Relationship": "Inner", "Relation Name": "partsupp", "Alias": "partsupp", "Startup Cost": 1.57, "Total Cost": 9.71, "Plan Rows": 13, "Plan Width": 32, "Actual Startup Time": 100.385, "Actual Total Time": 627.624, "Actual Rows": 313920, "Actual Loops": 3924, "Recheck Cond": "(ps_suppkey = public.supplier.s_suppkey)", "Rows Removed by Index Recheck": 0, "Exact Heap Blocks": 313920, "Lossy Heap Blocks": 313920, "Plans": [{"Node Type": "Bitmap Index Scan", "Parent Relationship": "Outer", "Index Name": "idx_partsupp_suppkey", "Startup Cost": 0.0, "Total Cost": 1.56, "Plan Rows": 13, "Plan Width": 0, "Actual Startup Time": 62.318, "Actual Total Time": 62.318, "Actual Rows": 313920, "Actual Loops": 3924, "Index Cond": "(ps_suppkey = public.supplier.s_suppkey)"}]}]}]}]}, "Triggers": [], "Planner Runtime": 0, "Total Runtime": 1938.921, "Unique SQL Id": 2932834211}}, "(64, 67)": {"explain_plan": {"Plan": {"Node Type": "Sort", "Startup Cost": 2000084159245.82, "Total Cost": 2000084159380.27, "Plan Rows": 53780, "Plan Width": 40, "Sort Key": ["(sum((public.partsupp.ps_supplycost * (public.partsupp.ps_availqty)::double precision))) DESC"], "Plans": [{"Node Type": "Aggregate", "Strategy": "Plain", "Parent Relationship": "exec_init_plan", "Subplan Name": "InitPlan 1 (returns $2)", "Startup Cost": 1000001001502.42, "Total Cost": 1000001001502.43, "Plan Rows": 1, "Plan Width": 24, "Plans": [{"Node Type": "Nested Loop", "Parent Relationship": "Outer", "Join Type": "Inner", "Startup Cost": 10000000001.83, "Total Cost": 1000001001099.07, "Plan Rows": 53780, "Plan Width": 16, "Inner Unique": false, "Plans": [{"Node Type": "Nested Loop", "Parent Relationship": "Outer", "Join Type": "Inner", "Startup Cost": 10000000000.26, "Total Cost": 1000000961737.38, "Plan Rows": 4000, "Plan Width": 8, "Inner Unique": true, "Plans": [{"Node Type": "Index Scan", "Parent Relationship": "Outer", "Scan Direction": "Forward", "Index Name": "supplier_pkey", "Relation Name": "supplier", "Alias": "supplier", "Startup Cost": 10000000000.0, "Total Cost": 1000000533454.38, "Plan Rows": 100000, "Plan Width": 12}, {"Node Type": "Bitmap Heap Scan", "Parent Relationship": "Inner", "Relation Name": "nation", "Alias": "nation", "Startup Cost": 0.26, "Total Cost": 4.27, "Plan Rows": 1, "Plan Width": 4, "Recheck Cond": "(n_nationkey = public.supplier.s_nationkey)", "Filter": "(n_name = 'MOZAMBIQUE'::bpchar)", "Plans": [{"Node Type": "Bitmap Index Scan", "Parent Relationship": "Outer", "Index Name": "nation_pkey", "Startup Cost": 0.0, "Total Cost": 0.26, "Plan Rows": 1, "Plan Width": 0, "Index Cond": "(n_nationkey = public.supplier.s_nationkey)"}]}]}, {"Node Type": "Bitmap Heap Scan", "Parent Relationship": "Inner", "Relation Name": "partsupp", "Alias": "partsupp", "Startup Cost": 1.57, "Total Cost": 9.71, "Plan Rows": 13, "Plan Width": 24, "Recheck Cond": "(ps_suppkey = public.supplier.s_suppkey)", "Plans": [{"Node Type": "Bitmap Index Scan", "Parent Relationship": "Outer", "Index Name": "idx_partsupp_suppkey", "Startup Cost": 0.0, "Total Cost": 1.56, "Plan Rows": 13, "Plan Width": 0, "Index Cond": "(ps_suppkey = public.supplier.s_suppkey)"}]}]}]}, {"Node Type": "Aggregate", "Strategy": "Hashed", "Parent Relationship": "Outer", "Startup Cost": 1000083152845.44, "Total Cost": 1000083153517.69, "Plan Rows": 53780, "Plan Width": 40, "Group By Key": ["public.partsupp.ps_partkey"], "Filter": "(sum((public.partsupp.ps_supplycost * (public.partsupp.ps_availqty)::double precision)) > $2)", "Plans": [{"Node Type": "Nested Loop", "Parent Relationship": "Outer", "Join Type": "Inner", "Startup Cost": 10000000000.52, "Total Cost": 1000083151904.29, "Plan Rows": 53780, "Plan Width": 24, "Inner Unique": true, "Plans": [{"Node Type": "Nested Loop", "Parent Relationship": "Outer", "Join Type": "Inner", "Startup Cost": 10000000000.26, "Total Cost": 1000077393643.64, "Plan Rows": 1344499, "Plan Width": 28, "Inner Unique": true, "Plans": [{"Node Type": "Index Scan", "Parent Relationship": "Outer", "Scan Direction": "Forward", "Index Name": "idx_partsupp_partkey", "Relation Name": "partsupp", "Alias": "partsupp", "Startup Cost": 10000000000.0, "Total Cost": 1000043148503.38, "Plan Rows": 8000372, "Plan Width": 32}, {"Node Type": "Bitmap Heap Scan", "Parent Relationship": "Inner", "Relation Name": "supplier", "Alias": "supplier", "Startup Cost": 0.26, "Total Cost": 4.27, "Plan Rows": 1, "Plan Width": 12, "Recheck Cond": "(s_suppkey = public.partsupp.ps_suppkey)", "Plans": [{"Node Type": "Bitmap Index Scan", "Parent Relationship": "Outer", "Index Name": "supplier_pkey", "Startup Cost": 0.0, "Total Cost": 0.26, "Plan Rows": 1, "Plan Width": 0, "Index Cond": "(s_suppkey = public.partsupp.ps_suppkey)"}]}]}, {"Node Type": "Bitmap Heap Scan", "Parent Relationship": "Inner", "Relation Name": "nation", "Alias": "nation", "Startup Cost": 0.26, "Total Cost": 4.27, "Plan Rows": 1, "Plan Width": 4, "Recheck Cond": "(n_nationkey = public.supplier.s_nationkey)", "Filter": "(n_name = 'MOZAMBIQUE'::bpchar)", "Plans": [{"Node Type": "Bitmap Index Scan", "Parent Relationship": "Outer", "Index Name": "nation_pkey", "Startup Cost": 0.0, "Total Cost": 0.26, "Plan Rows": 1, "Plan Width": 0, "Index Cond": "(n_nationkey = public.supplier.s_nationkey)"}]}]}]}]}, "Unique SQL Id": 2932834211, "Planner Runtime": 1}, "explain_analyze_plan": null}, "(64, 68)": {"explain_plan": {"Plan": {"Node Type": "Sort", "Startup Cost": 86957.11, "Total Cost": 87091.56, "Plan Rows": 53780, "Plan Width": 40, "Sort Key": ["(sum((public.partsupp.ps_supplycost * (public.partsupp.ps_availqty)::double precision))) DESC"], "Plans": [{"Node Type": "Aggregate", "Strategy": "Plain", "Parent Relationship": "exec_init_plan", "Subplan Name": "InitPlan 1 (returns $2)", "Startup Cost": 40760.67, "Total Cost": 40760.68, "Plan Rows": 1, "Plan Width": 24, "Plans": [{"Node Type": "Nested Loop", "Parent Relationship": "Outer", "Join Type": "Inner", "Startup Cost": 95.25, "Total Cost": 40357.32, "Plan Rows": 53780, "Plan Width": 16, "Inner Unique": false, "Plans": [{"Node Type": "Nested Loop", "Parent Relationship": "Outer", "Join Type": "Inner", "Startup Cost": 95.25, "Total Cost": 2533.35, "Plan Rows": 4000, "Plan Width": 8, "Inner Unique": false, "Plans": [{"Node Type": "Seq Scan", "Parent Relationship": "Outer", "Relation Name": "nation", "Alias": "nation", "Startup Cost": 0.0, "Total Cost": 1.31, "Plan Rows": 1, "Plan Width": 4, "Filter": "(n_name = 'MOZAMBIQUE'::bpchar)"}, {"Node Type": "Bitmap Heap Scan", "Parent Relationship": "Inner", "Relation Name": "supplier", "Alias": "supplier", "Startup Cost": 95.25, "Total Cost": 2492.04, "Plan Rows": 4000, "Plan Width": 12, "Recheck Cond": "(s_nationkey = public.nation.n_nationkey)", "Plans": [{"Node Type": "Bitmap Index Scan", "Parent Relationship": "Outer", "Index Name": "idx_supplier_nation_key", "Startup Cost": 0.0, "Total Cost": 94.25, "Plan Rows": 4000, "Plan Width": 0, "Index Cond": "(s_nationkey = public.nation.n_nationkey)"}]}]}, {"Node Type": "Index Scan", "Parent Relationship": "Inner", "Scan Direction": "Forward", "Index Name": "idx_partsupp_suppkey", "Relation Name": "partsupp", "Alias": "partsupp", "Startup Cost": 0.0, "Total Cost": 9.33, "Plan Rows": 13, "Plan Width": 24, "Index Cond": "(ps_suppkey = public.supplier.s_suppkey)"}]}]}, {"Node Type": "Aggregate", "Strategy": "Hashed", "Parent Relationship": "Outer", "Startup Cost": 41298.47, "Total Cost": 41970.72, "Plan Rows": 53780, "Plan Width": 40, "Group By Key": ["public.partsupp.ps_partkey"], "Filter": "(sum((public.partsupp.ps_supplycost * (public.partsupp.ps_availqty)::double precision)) > $2)", "Plans": [{"Node Type": "Nested Loop", "Parent Relationship": "Outer", "Join Type": "Inner", "Startup Cost": 95.25, "Total Cost": 40357.32, "Plan Rows": 53780, "Plan Width": 24, "Inner Unique": false, "Plans": [{"Node Type": "Nested Loop", "Parent Relationship": "Outer", "Join Type": "Inner", "Startup Cost": 95.25, "Total Cost": 2533.35, "Plan Rows": 4000, "Plan Width": 8, "Inner Unique": false, "Plans": [{"Node Type": "Seq Scan", "Parent Relationship": "Outer", "Relation Name": "nation", "Alias": "nation", "Startup Cost": 0.0, "Total Cost": 1.31, "Plan Rows": 1, "Plan Width": 4, "Filter": "(n_name = 'MOZAMBIQUE'::bpchar)"}, {"Node Type": "Bitmap Heap Scan", "Parent Relationship": "Inner", "Relation Name": "supplier", "Alias": "supplier", "Startup Cost": 95.25, "Total Cost": 2492.04, "Plan Rows": 4000, "Plan Width": 12, "Recheck Cond": "(s_nationkey = public.nation.n_nationkey)", "Plans": [{"Node Type": "Bitmap Index Scan", "Parent Relationship": "Outer", "Index Name": "idx_supplier_nation_key", "Startup Cost": 0.0, "Total Cost": 94.25, "Plan Rows": 4000, "Plan Width": 0, "Index Cond": "(s_nationkey = public.nation.n_nationkey)"}]}]}, {"Node Type": "Index Scan", "Parent Relationship": "Inner", "Scan Direction": "Forward", "Index Name": "idx_partsupp_suppkey", "Relation Name": "partsupp", "Alias": "partsupp", "Startup Cost": 0.0, "Total Cost": 9.33, "Plan Rows": 13, "Plan Width": 32, "Index Cond": "(ps_suppkey = public.supplier.s_suppkey)"}]}]}]}, "Unique SQL Id": 2932834211, "Planner Runtime": 1}, "explain_analyze_plan": {"Plan": {"Node Type": "Sort", "Startup Cost": 86957.11, "Total Cost": 87091.56, "Plan Rows": 53780, "Plan Width": 40, "Actual Startup Time": 1757.818, "Actual Total Time": 1757.818, "Actual Rows": 0, "Actual Loops": 1, "Sort Key": ["(sum((public.partsupp.ps_supplycost * (public.partsupp.ps_availqty)::double precision))) DESC"], "Sort Method": "quicksort", "Sort Space Used": 25, "Sort Space Type": "Memory", "Plans": [{"Node Type": "Aggregate", "Strategy": "Plain", "Parent Relationship": "exec_init_plan", "Subplan Name": "InitPlan 1 (returns $2)", "Startup Cost": 40760.67, "Total Cost": 40760.68, "Plan Rows": 1, "Plan Width": 24, "Actual Startup Time": 685.274, "Actual Total Time": 685.274, "Actual Rows": 1, "Actual Loops": 1, "Plans": [{"Node Type": "Nested Loop", "Parent Relationship": "Outer", "Join Type": "Inner", "Startup Cost": 95.25, "Total Cost": 40357.32, "Plan Rows": 53780, "Plan Width": 16, "Actual Startup Time": 0.989, "Actual Total Time": 550.199, "Actual Rows": 313920, "Actual Loops": 1, "Inner Unique": false, "Plans": [{"Node Type": "Nested Loop", "Parent Relationship": "Outer", "Join Type": "Inner", "Startup Cost": 95.25, "Total Cost": 2533.35, "Plan Rows": 4000, "Plan Width": 8, "Actual Startup Time": 0.963, "Actual Total Time": 7.289, "Actual Rows": 3924, "Actual Loops": 1, "Inner Unique": false, "Plans": [{"Node Type": "Seq Scan", "Parent Relationship": "Outer", "Relation Name": "nation", "Alias": "nation", "Startup Cost": 0.0, "Total Cost": 1.31, "Plan Rows": 1, "Plan Width": 4, "Actual Startup Time": 0.043, "Actual Total Time": 0.055, "Actual Rows": 1, "Actual Loops": 1, "Filter": "(n_name = 'MOZAMBIQUE'::bpchar)", "Rows Removed by Filter": 24}, {"Node Type": "Bitmap Heap Scan", "Parent Relationship": "Inner", "Relation Name": "supplier", "Alias": "supplier", "Startup Cost": 95.25, "Total Cost": 2492.04, "Plan Rows": 4000, "Plan Width": 12, "Actual Startup Time": 0.903, "Actual Total Time": 6.347, "Actual Rows": 3924, "Actual Loops": 1, "Recheck Cond": "(s_nationkey = public.nation.n_nationkey)", "Rows Removed by Index Recheck": 0, "Exact Heap Blocks": 1895, "Lossy Heap Blocks": 1895, "Plans": [{"Node Type": "Bitmap Index Scan", "Parent Relationship": "Outer", "Index Name": "idx_supplier_nation_key", "Startup Cost": 0.0, "Total Cost": 94.25, "Plan Rows": 4000, "Plan Width": 0, "Actual Startup Time": 0.624, "Actual Total Time": 0.624, "Actual Rows": 3924, "Actual Loops": 1, "Index Cond": "(s_nationkey = public.nation.n_nationkey)"}]}]}, {"Node Type": "Index Scan", "Parent Relationship": "Inner", "Scan Direction": "Forward", "Index Name": "idx_partsupp_suppkey", "Relation Name": "partsupp", "Alias": "partsupp", "Startup Cost": 0.0, "Total Cost": 9.33, "Plan Rows": 13, "Plan Width": 24, "Actual Startup Time": 41.836, "Actual Total Time": 476.637, "Actual Rows": 313920, "Actual Loops": 3924, "Index Cond": "(ps_suppkey = public.supplier.s_suppkey)", "Rows Removed by Index Recheck": 0}]}]}, {"Node Type": "Aggregate", "Strategy": "Hashed", "Parent Relationship": "Outer", "Startup Cost": 41298.47, "Total Cost": 41970.72, "Plan Rows": 53780, "Plan Width": 40, "Actual Startup Time": 1757.278, "Actual Total Time": 1757.278, "Actual Rows": 0, "Actual Loops": 1, "Group By Key": ["public.partsupp.ps_partkey"], "Filter": "(sum((public.partsupp.ps_supplycost * (public.partsupp.ps_availqty)::double precision)) > $2)", "Rows Removed by Filter": 295792, "Plans": [{"Node Type": "Nested Loop", "Parent Relationship": "Outer", "Join Type": "Inner", "Startup Cost": 95.25, "Total Cost": 40357.32, "Plan Rows": 53780, "Plan Width": 24, "Actual Startup Time": 0.989, "Actual Total Time": 653.431, "Actual Rows": 313920, "Actual Loops": 1, "Inner Unique": false, "Plans": [{"Node Type": "Nested Loop", "Parent Relationship": "Outer", "Join Type": "Inner", "Startup Cost": 95.25, "Total Cost": 2533.35, "Plan Rows": 4000, "Plan Width": 8, "Actual Startup Time": 0.965, "Actual Total Time": 8.619, "Actual Rows": 3924, "Actual Loops": 1, "Inner Unique": false, "Plans": [{"Node Type": "Seq Scan", "Parent Relationship": "Outer", "Relation Name": "nation", "Alias": "nation", "Startup Cost": 0.0, "Total Cost": 1.31, "Plan Rows": 1, "Plan Width": 4, "Actual Startup Time": 0.03, "Actual Total Time": 0.047, "Actual Rows": 1, "Actual Loops": 1, "Filter": "(n_name = 'MOZAMBIQUE'::bpchar)", "Rows Removed by Filter": 24}, {"Node Type": "Bitmap Heap Scan", "Parent Relationship": "Inner", "Relation Name": "supplier", "Alias": "supplier", "Startup Cost": 95.25, "Total Cost": 2492.04, "Plan Rows": 4000, "Plan Width": 12, "Actual Startup Time": 0.928, "Actual Total Time": 7.555, "Actual Rows": 3924, "Actual Loops": 1, "Recheck Cond": "(s_nationkey = public.nation.n_nationkey)", "Rows Removed by Index Recheck": 0, "Exact Heap Blocks": 1895, "Lossy Heap Blocks": 1895, "Plans": [{"Node Type": "Bitmap Index Scan", "Parent Relationship": "Outer", "Index Name": "idx_supplier_nation_key", "Startup Cost": 0.0, "Total Cost": 94.25, "Plan Rows": 4000, "Plan Width": 0, "Actual Startup Time": 0.644, "Actual Total Time": 0.644, "Actual Rows": 3924, "Actual Loops": 1, "Index Cond": "(s_nationkey = public.nation.n_nationkey)"}]}]}, {"Node Type": "Index Scan", "Parent Relationship": "Inner", "Scan Direction": "Forward", "Index Name": "idx_partsupp_suppkey", "Relation Name": "partsupp", "Alias": "partsupp", "Startup Cost": 0.0, "Total Cost": 9.33, "Plan Rows": 13, "Plan Width": 32, "Actual Startup Time": 48.203, "Actual Total Time": 572.851, "Actual Rows": 313920, "Actual Loops": 3924, "Index Cond": "(ps_suppkey = public.supplier.s_suppkey)", "Rows Removed by Index Recheck": 0}]}]}]}, "Triggers": [], "Planner Runtime": 0, "Total Runtime": 1758.153, "Unique SQL Id": 2932834211}}, "(64, 69)": {"explain_plan": {"Plan": {"Node Type": "Sort", "Startup Cost": 86979.86, "Total Cost": 87114.31, "Plan Rows": 53780, "Plan Width": 40, "Sort Key": ["(sum((public.partsupp.ps_supplycost * (public.partsupp.ps_availqty)::double precision))) DESC"], "Plans": [{"Node Type": "Aggregate", "Strategy": "Plain", "Parent Relationship": "exec_init_plan", "Subplan Name": "InitPlan 1 (returns $2)", "Startup Cost": 40772.04, "Total Cost": 40772.06, "Plan Rows": 1, "Plan Width": 24, "Plans": [{"Node Type": "Nested Loop", "Parent Relationship": "Outer", "Join Type": "Inner", "Startup Cost": 95.25, "Total Cost": 40368.69, "Plan Rows": 53780, "Plan Width": 16, "Inner Unique": false, "Plans": [{"Node Type": "Nested Loop", "Parent Relationship": "Outer", "Join Type": "Inner", "Startup Cost": 95.25, "Total Cost": 2544.73, "Plan Rows": 4000, "Plan Width": 8, "Inner Unique": false, "Plans": [{"Node Type": "Index Scan", "Parent Relationship": "Outer", "Scan Direction": "Forward", "Index Name": "nation_pkey", "Relation Name": "nation", "Alias": "nation", "Startup Cost": 0.0, "Total Cost": 12.69, "Plan Rows": 1, "Plan Width": 4, "Filter": "(n_name = 'MOZAMBIQUE'::bpchar)"}, {"Node Type": "Bitmap Heap Scan", "Parent Relationship": "Inner", "Relation Name": "supplier", "Alias": "supplier", "Startup Cost": 95.25, "Total Cost": 2492.04, "Plan Rows": 4000, "Plan Width": 12, "Recheck Cond": "(s_nationkey = public.nation.n_nationkey)", "Plans": [{"Node Type": "Bitmap Index Scan", "Parent Relationship": "Outer", "Index Name": "idx_supplier_nation_key", "Startup Cost": 0.0, "Total Cost": 94.25, "Plan Rows": 4000, "Plan Width": 0, "Index Cond": "(s_nationkey = public.nation.n_nationkey)"}]}]}, {"Node Type": "Index Scan", "Parent Relationship": "Inner", "Scan Direction": "Forward", "Index Name": "idx_partsupp_suppkey", "Relation Name": "partsupp", "Alias": "partsupp", "Startup Cost": 0.0, "Total Cost": 9.33, "Plan Rows": 13, "Plan Width": 24, "Index Cond": "(ps_suppkey = public.supplier.s_suppkey)"}]}]}, {"Node Type": "Aggregate", "Strategy": "Hashed", "Parent Relationship": "Outer", "Startup Cost": 41309.84, "Total Cost": 41982.09, "Plan Rows": 53780, "Plan Width": 40, "Group By Key": ["public.partsupp.ps_partkey"], "Filter": "(sum((public.partsupp.ps_supplycost * (public.partsupp.ps_availqty)::double precision)) > $2)", "Plans": [{"Node Type": "Nested Loop", "Parent Relationship": "Outer", "Join Type": "Inner", "Startup Cost": 95.25, "Total Cost": 40368.69, "Plan Rows": 53780, "Plan Width": 24, "Inner Unique": false, "Plans": [{"Node Type": "Nested Loop", "Parent Relationship": "Outer", "Join Type": "Inner", "Startup Cost": 95.25, "Total Cost": 2544.73, "Plan Rows": 4000, "Plan Width": 8, "Inner Unique": false, "Plans": [{"Node Type": "Index Scan", "Parent Relationship": "Outer", "Scan Direction": "Forward", "Index Name": "nation_pkey", "Relation Name": "nation", "Alias": "nation", "Startup Cost": 0.0, "Total Cost": 12.69, "Plan Rows": 1, "Plan Width": 4, "Filter": "(n_name = 'MOZAMBIQUE'::bpchar)"}, {"Node Type": "Bitmap Heap Scan", "Parent Relationship": "Inner", "Relation Name": "supplier", "Alias": "supplier", "Startup Cost": 95.25, "Total Cost": 2492.04, "Plan Rows": 4000, "Plan Width": 12, "Recheck Cond": "(s_nationkey = public.nation.n_nationkey)", "Plans": [{"Node Type": "Bitmap Index Scan", "Parent Relationship": "Outer", "Index Name": "idx_supplier_nation_key", "Startup Cost": 0.0, "Total Cost": 94.25, "Plan Rows": 4000, "Plan Width": 0, "Index Cond": "(s_nationkey = public.nation.n_nationkey)"}]}]}, {"Node Type": "Index Scan", "Parent Relationship": "Inner", "Scan Direction": "Forward", "Index Name": "idx_partsupp_suppkey", "Relation Name": "partsupp", "Alias": "partsupp", "Startup Cost": 0.0, "Total Cost": 9.33, "Plan Rows": 13, "Plan Width": 32, "Index Cond": "(ps_suppkey = public.supplier.s_suppkey)"}]}]}]}, "Unique SQL Id": 2932834211, "Planner Runtime": 1}, "explain_analyze_plan": {"Plan": {"Node Type": "Sort", "Startup Cost": 86979.86, "Total Cost": 87114.31, "Plan Rows": 53780, "Plan Width": 40, "Actual Startup Time": 1762.834, "Actual Total Time": 1762.834, "Actual Rows": 0, "Actual Loops": 1, "Sort Key": ["(sum((public.partsupp.ps_supplycost * (public.partsupp.ps_availqty)::double precision))) DESC"], "Sort Method": "quicksort", "Sort Space Used": 25, "Sort Space Type": "Memory", "Plans": [{"Node Type": "Aggregate", "Strategy": "Plain", "Parent Relationship": "exec_init_plan", "Subplan Name": "InitPlan 1 (returns $2)", "Startup Cost": 40772.04, "Total Cost": 40772.06, "Plan Rows": 1, "Plan Width": 24, "Actual Startup Time": 757.478, "Actual Total Time": 757.478, "Actual Rows": 1, "Actual Loops": 1, "Plans": [{"Node Type": "Nested Loop", "Parent Relationship": "Outer", "Join Type": "Inner", "Startup Cost": 95.25, "Total Cost": 40368.69, "Plan Rows": 53780, "Plan Width": 16, "Actual Startup Time": 0.979, "Actual Total Time": 621.76, "Actual Rows": 313920, "Actual Loops": 1, "Inner Unique": false, "Plans": [{"Node Type": "Nested Loop", "Parent Relationship": "Outer", "Join Type": "Inner", "Startup Cost": 95.25, "Total Cost": 2544.73, "Plan Rows": 4000, "Plan Width": 8, "Actual Startup Time": 0.958, "Actual Total Time": 8.05, "Actual Rows": 3924, "Actual Loops": 1, "Inner Unique": false, "Plans": [{"Node Type": "Index Scan", "Parent Relationship": "Outer", "Scan Direction": "Forward", "Index Name": "nation_pkey", "Relation Name": "nation", "Alias": "nation", "Startup Cost": 0.0, "Total Cost": 12.69, "Plan Rows": 1, "Plan Width": 4, "Actual Startup Time": 0.038, "Actual Total Time": 0.053, "Actual Rows": 1, "Actual Loops": 1, "Filter": "(n_name = 'MOZAMBIQUE'::bpchar)", "Rows Removed by Filter": 24}, {"Node Type": "Bitmap Heap Scan", "Parent Relationship": "Inner", "Relation Name": "supplier", "Alias": "supplier", "Startup Cost": 95.25, "Total Cost": 2492.04, "Plan Rows": 4000, "Plan Width": 12, "Actual Startup Time": 0.903, "Actual Total Time": 7.053, "Actual Rows": 3924, "Actual Loops": 1, "Recheck Cond": "(s_nationkey = public.nation.n_nationkey)", "Rows Removed by Index Recheck": 0, "Exact Heap Blocks": 1895, "Lossy Heap Blocks": 1895, "Plans": [{"Node Type": "Bitmap Index Scan", "Parent Relationship": "Outer", "Index Name": "idx_supplier_nation_key", "Startup Cost": 0.0, "Total Cost": 94.25, "Plan Rows": 4000, "Plan Width": 0, "Actual Startup Time": 0.627, "Actual Total Time": 0.627, "Actual Rows": 3924, "Actual Loops": 1, "Index Cond": "(s_nationkey = public.nation.n_nationkey)"}]}]}, {"Node Type": "Index Scan", "Parent Relationship": "Inner", "Scan Direction": "Forward", "Index Name": "idx_partsupp_suppkey", "Relation Name": "partsupp", "Alias": "partsupp", "Startup Cost": 0.0, "Total Cost": 9.33, "Plan Rows": 13, "Plan Width": 24, "Actual Startup Time": 46.082, "Actual Total Time": 547.337, "Actual Rows": 313920, "Actual Loops": 3924, "Index Cond": "(ps_suppkey = public.supplier.s_suppkey)", "Rows Removed by Index Recheck": 0}]}]}, {"Node Type": "Aggregate", "Strategy": "Hashed", "Parent Relationship": "Outer", "Startup Cost": 41309.84, "Total Cost": 41982.09, "Plan Rows": 53780, "Plan Width": 40, "Actual Startup Time": 1762.251, "Actual Total Time": 1762.251, "Actual Rows": 0, "Actual Loops": 1, "Group By Key": ["public.partsupp.ps_partkey"], "Filter": "(sum((public.partsupp.ps_supplycost * (public.partsupp.ps_availqty)::double precision)) > $2)", "Rows Removed by Filter": 295792, "Plans": [{"Node Type": "Nested Loop", "Parent Relationship": "Outer", "Join Type": "Inner", "Startup Cost": 95.25, "Total Cost": 40368.69, "Plan Rows": 53780, "Plan Width": 24, "Actual Startup Time": 0.974, "Actual Total Time": 574.222, "Actual Rows": 313920, "Actual Loops": 1, "Inner Unique": false, "Plans": [{"Node Type": "Nested Loop", "Parent Relationship": "Outer", "Join Type": "Inner", "Startup Cost": 95.25, "Total Cost": 2544.73, "Plan Rows": 4000, "Plan Width": 8, "Actual Startup Time": 0.951, "Actual Total Time": 7.662, "Actual Rows": 3924, "Actual Loops": 1, "Inner Unique": false, "Plans": [{"Node Type": "Index Scan", "Parent Relationship": "Outer", "Scan Direction": "Forward", "Index Name": "nation_pkey", "Relation Name": "nation", "Alias": "nation", "Startup Cost": 0.0, "Total Cost": 12.69, "Plan Rows": 1, "Plan Width": 4, "Actual Startup Time": 0.031, "Actual Total Time": 0.042, "Actual Rows": 1, "Actual Loops": 1, "Filter": "(n_name = 'MOZAMBIQUE'::bpchar)", "Rows Removed by Filter": 24}, {"Node Type": "Bitmap Heap Scan", "Parent Relationship": "Inner", "Relation Name": "supplier", "Alias": "supplier", "Startup Cost": 95.25, "Total Cost": 2492.04, "Plan Rows": 4000, "Plan Width": 12, "Actual Startup Time": 0.913, "Actual Total Time": 6.701, "Actual Rows": 3924, "Actual Loops": 1, "Recheck Cond": "(s_nationkey = public.nation.n_nationkey)", "Rows Removed by Index Recheck": 0, "Exact Heap Blocks": 1895, "Lossy Heap Blocks": 1895, "Plans": [{"Node Type": "Bitmap Index Scan", "Parent Relationship": "Outer", "Index Name": "idx_supplier_nation_key", "Startup Cost": 0.0, "Total Cost": 94.25, "Plan Rows": 4000, "Plan Width": 0, "Actual Startup Time": 0.621, "Actual Total Time": 0.621, "Actual Rows": 3924, "Actual Loops": 1, "Index Cond": "(s_nationkey = public.nation.n_nationkey)"}]}]}, {"Node Type": "Index Scan", "Parent Relationship": "Inner", "Scan Direction": "Forward", "Index Name": "idx_partsupp_suppkey", "Relation Name": "partsupp", "Alias": "partsupp", "Startup Cost": 0.0, "Total Cost": 9.33, "Plan Rows": 13, "Plan Width": 32, "Actual Startup Time": 43.059, "Actual Total Time": 494.357, "Actual Rows": 313920, "Actual Loops": 3924, "Index Cond": "(ps_suppkey = public.supplier.s_suppkey)", "Rows Removed by Index Recheck": 0}]}]}]}, "Triggers": [], "Planner Runtime": 0, "Total Runtime": 1763.161, "Unique SQL Id": 2932834211}}, "(64, 70)": {"explain_plan": {"Plan": {"Node Type": "Sort", "Startup Cost": 90032.55, "Total Cost": 90167.0, "Plan Rows": 53780, "Plan Width": 40, "Sort Key": ["(sum((public.partsupp.ps_supplycost * (public.partsupp.ps_availqty)::double precision))) DESC"], "Plans": [{"Node Type": "Aggregate", "Strategy": "Plain", "Parent Relationship": "exec_init_plan", "Subplan Name": "InitPlan 1 (returns $2)", "Startup Cost": 42298.39, "Total Cost": 42298.4, "Plan Rows": 1, "Plan Width": 24, "Plans": [{"Node Type": "Nested Loop", "Parent Relationship": "Outer", "Join Type": "Inner", "Startup Cost": 96.82, "Total Cost": 41895.04, "Plan Rows": 53780, "Plan Width": 16, "Inner Unique": false, "Plans": [{"Node Type": "Nested Loop", "Parent Relationship": "Outer", "Join Type": "Inner", "Startup Cost": 95.25, "Total Cost": 2533.35, "Plan Rows": 4000, "Plan Width": 8, "Inner Unique": false, "Plans": [{"Node Type": "Seq Scan", "Parent Relationship": "Outer", "Relation Name": "nation", "Alias": "nation", "Startup Cost": 0.0, "Total Cost": 1.31, "Plan Rows": 1, "Plan Width": 4, "Filter": "(n_name = 'MOZAMBIQUE'::bpchar)"}, {"Node Type": "Bitmap Heap Scan", "Parent Relationship": "Inner", "Relation Name": "supplier", "Alias": "supplier", "Startup Cost": 95.25, "Total Cost": 2492.04, "Plan Rows": 4000, "Plan Width": 12, "Recheck Cond": "(s_nationkey = public.nation.n_nationkey)", "Plans": [{"Node Type": "Bitmap Index Scan", "Parent Relationship": "Outer", "Index Name": "idx_supplier_nation_key", "Startup Cost": 0.0, "Total Cost": 94.25, "Plan Rows": 4000, "Plan Width": 0, "Index Cond": "(s_nationkey = public.nation.n_nationkey)"}]}]}, {"Node Type": "Bitmap Heap Scan", "Parent Relationship": "Inner", "Relation Name": "partsupp", "Alias": "partsupp", "Startup Cost": 1.57, "Total Cost": 9.71, "Plan Rows": 13, "Plan Width": 24, "Recheck Cond": "(ps_suppkey = public.supplier.s_suppkey)", "Plans": [{"Node Type": "Bitmap Index Scan", "Parent Relationship": "Outer", "Index Name": "idx_partsupp_suppkey", "Startup Cost": 0.0, "Total Cost": 1.56, "Plan Rows": 13, "Plan Width": 0, "Index Cond": "(ps_suppkey = public.supplier.s_suppkey)"}]}]}]}, {"Node Type": "Aggregate", "Strategy": "Hashed", "Parent Relationship": "Outer", "Startup Cost": 42836.19, "Total Cost": 43508.44, "Plan Rows": 53780, "Plan Width": 40, "Group By Key": ["public.partsupp.ps_partkey"], "Filter": "(sum((public.partsupp.ps_supplycost * (public.partsupp.ps_availqty)::double precision)) > $2)", "Plans": [{"Node Type": "Nested Loop", "Parent Relationship": "Outer", "Join Type": "Inner", "Startup Cost": 96.82, "Total Cost": 41895.04, "Plan Rows": 53780, "Plan Width": 24, "Inner Unique": false, "Plans": [{"Node Type": "Nested Loop", "Parent Relationship": "Outer", "Join Type": "Inner", "Startup Cost": 95.25, "Total Cost": 2533.35, "Plan Rows": 4000, "Plan Width": 8, "Inner Unique": false, "Plans": [{"Node Type": "Seq Scan", "Parent Relationship": "Outer", "Relation Name": "nation", "Alias": "nation", "Startup Cost": 0.0, "Total Cost": 1.31, "Plan Rows": 1, "Plan Width": 4, "Filter": "(n_name = 'MOZAMBIQUE'::bpchar)"}, {"Node Type": "Bitmap Heap Scan", "Parent Relationship": "Inner", "Relation Name": "supplier", "Alias": "supplier", "Startup Cost": 95.25, "Total Cost": 2492.04, "Plan Rows": 4000, "Plan Width": 12, "Recheck Cond": "(s_nationkey = public.nation.n_nationkey)", "Plans": [{"Node Type": "Bitmap Index Scan", "Parent Relationship": "Outer", "Index Name": "idx_supplier_nation_key", "Startup Cost": 0.0, "Total Cost": 94.25, "Plan Rows": 4000, "Plan Width": 0, "Index Cond": "(s_nationkey = public.nation.n_nationkey)"}]}]}, {"Node Type": "Bitmap Heap Scan", "Parent Relationship": "Inner", "Relation Name": "partsupp", "Alias": "partsupp", "Startup Cost": 1.57, "Total Cost": 9.71, "Plan Rows": 13, "Plan Width": 32, "Recheck Cond": "(ps_suppkey = public.supplier.s_suppkey)", "Plans": [{"Node Type": "Bitmap Index Scan", "Parent Relationship": "Outer", "Index Name": "idx_partsupp_suppkey", "Startup Cost": 0.0, "Total Cost": 1.56, "Plan Rows": 13, "Plan Width": 0, "Index Cond": "(ps_suppkey = public.supplier.s_suppkey)"}]}]}]}]}, "Unique SQL Id": 2932834211, "Planner Runtime": 1}, "explain_analyze_plan": {"Plan": {"Node Type": "Sort", "Startup Cost": 90032.55, "Total Cost": 90167.0, "Plan Rows": 53780, "Plan Width": 40, "Actual Startup Time": 1938.442, "Actual Total Time": 1938.442, "Actual Rows": 0, "Actual Loops": 1, "Sort Key": ["(sum((public.partsupp.ps_supplycost * (public.partsupp.ps_availqty)::double precision))) DESC"], "Sort Method": "quicksort", "Sort Space Used": 25, "Sort Space Type": "Memory", "Plans": [{"Node Type": "Aggregate", "Strategy": "Plain", "Parent Relationship": "exec_init_plan", "Subplan Name": "InitPlan 1 (returns $2)", "Startup Cost": 42298.39, "Total Cost": 42298.4, "Plan Rows": 1, "Plan Width": 24, "Actual Startup Time": 849.92, "Actual Total Time": 849.921, "Actual Rows": 1, "Actual Loops": 1, "Plans": [{"Node Type": "Nested Loop", "Parent Relationship": "Outer", "Join Type": "Inner", "Startup Cost": 96.82, "Total Cost": 41895.04, "Plan Rows": 53780, "Plan Width": 16, "Actual Startup Time": 1.032, "Actual Total Time": 721.537, "Actual Rows": 313920, "Actual Loops": 1, "Inner Unique": false, "Plans": [{"Node Type": "Nested Loop", "Parent Relationship": "Outer", "Join Type": "Inner", "Startup Cost": 95.25, "Total Cost": 2533.35, "Plan Rows": 4000, "Plan Width": 8, "Actual Startup Time": 0.983, "Actual Total Time": 7.832, "Actual Rows": 3924, "Actual Loops": 1, "Inner Unique": false, "Plans": [{"Node Type": "Seq Scan", "Parent Relationship": "Outer", "Relation Name": "nation", "Alias": "nation", "Startup Cost": 0.0, "Total Cost": 1.31, "Plan Rows": 1, "Plan Width": 4, "Actual Startup Time": 0.036, "Actual Total Time": 0.051, "Actual Rows": 1, "Actual Loops": 1, "Filter": "(n_name = 'MOZAMBIQUE'::bpchar)", "Rows Removed by Filter": 24}, {"Node Type": "Bitmap Heap Scan", "Parent Relationship": "Inner", "Relation Name": "supplier", "Alias": "supplier", "Startup Cost": 95.25, "Total Cost": 2492.04, "Plan Rows": 4000, "Plan Width": 12, "Actual Startup Time": 0.939, "Actual Total Time": 6.87, "Actual Rows": 3924, "Actual Loops": 1, "Recheck Cond": "(s_nationkey = public.nation.n_nationkey)", "Rows Removed by Index Recheck": 0, "Exact Heap Blocks": 1895, "Lossy Heap Blocks": 1895, "Plans": [{"Node Type": "Bitmap Index Scan", "Parent Relationship": "Outer", "Index Name": "idx_supplier_nation_key", "Startup Cost": 0.0, "Total Cost": 94.25, "Plan Rows": 4000, "Plan Width": 0, "Actual Startup Time": 0.649, "Actual Total Time": 0.649, "Actual Rows": 3924, "Actual Loops": 1, "Index Cond": "(s_nationkey = public.nation.n_nationkey)"}]}]}, {"Node Type": "Bitmap Heap Scan", "Parent Relationship": "Inner", "Relation Name": "partsupp", "Alias": "partsupp", "Startup Cost": 1.57, "Total Cost": 9.71, "Plan Rows": 13, "Plan Width": 24, "Actual Startup Time": 100.697, "Actual Total Time": 646.011, "Actual Rows": 313920, "Actual Loops": 3924, "Recheck Cond": "(ps_suppkey = public.supplier.s_suppkey)", "Rows Removed by Index Recheck": 0, "Exact Heap Blocks": 313920, "Lossy Heap Blocks": 313920, "Plans": [{"Node Type": "Bitmap Index Scan", "Parent Relationship": "Outer", "Index Name": "idx_partsupp_suppkey", "Startup Cost": 0.0, "Total Cost": 1.56, "Plan Rows": 13, "Plan Width": 0, "Actual Startup Time": 62.61, "Actual Total Time": 62.61, "Actual Rows": 313920, "Actual Loops": 3924, "Index Cond": "(ps_suppkey = public.supplier.s_suppkey)"}]}]}]}, {"Node Type": "Aggregate", "Strategy": "Hashed", "Parent Relationship": "Outer", "Startup Cost": 42836.19, "Total Cost": 43508.44, "Plan Rows": 53780, "Plan Width": 40, "Actual Startup Time": 1938.021, "Actual Total Time": 1938.021, "Actual Rows": 0, "Actual Loops": 1, "Group By Key": ["public.partsupp.ps_partkey"], "Filter": "(sum((public.partsupp.ps_supplycost * (public.partsupp.ps_availqty)::double precision)) > $2)", "Rows Removed by Filter": 295792, "Plans": [{"Node Type": "Nested Loop", "Parent Relationship": "Outer", "Join Type": "Inner", "Startup Cost": 96.82, "Total Cost": 41895.04, "Plan Rows": 53780, "Plan Width": 24, "Actual Startup Time": 0.995, "Actual Total Time": 708.938, "Actual Rows": 313920, "Actual Loops": 1, "Inner Unique": false, "Plans": [{"Node Type": "Nested Loop", "Parent Relationship": "Outer", "Join Type": "Inner", "Startup Cost": 95.25, "Total Cost": 2533.35, "Plan Rows": 4000, "Plan Width": 8, "Actual Startup Time": 0.951, "Actual Total Time": 7.412, "Actual Rows": 3924, "Actual Loops": 1, "Inner Unique": false, "Plans": [{"Node Type": "Seq Scan", "Parent Relationship": "Outer", "Relation Name": "nation", "Alias": "nation", "Startup Cost": 0.0, "Total Cost": 1.31, "Plan Rows": 1, "Plan Width": 4, "Actual Startup Time": 0.031, "Actual Total Time": 0.045, "Actual Rows": 1, "Actual Loops": 1, "Filter": "(n_name = 'MOZAMBIQUE'::bpchar)", "Rows Removed by Filter": 24}, {"Node Type": "Bitmap Heap Scan", "Parent Relationship": "Inner", "Relation Name": "supplier", "Alias": "supplier", "Startup Cost": 95.25, "Total Cost": 2492.04, "Plan Rows": 4000, "Plan Width": 12, "Actual Startup Time": 0.912, "Actual Total Time": 6.426, "Actual Rows": 3924, "Actual Loops": 1, "Recheck Cond": "(s_nationkey = public.nation.n_nationkey)", "Rows Removed by Index Recheck": 0, "Exact Heap Blocks": 1895, "Lossy Heap Blocks": 1895, "Plans": [{"Node Type": "Bitmap Index Scan", "Parent Relationship": "Outer", "Index Name": "idx_supplier_nation_key", "Startup Cost": 0.0, "Total Cost": 94.25, "Plan Rows": 4000, "Plan Width": 0, "Actual Startup Time": 0.632, "Actual Total Time": 0.632, "Actual Rows": 3924, "Actual Loops": 1, "Index Cond": "(s_nationkey = public.nation.n_nationkey)"}]}]}, {"Node Type": "Bitmap Heap Scan", "Parent Relationship": "Inner", "Relation Name": "partsupp", "Alias": "partsupp", "Startup Cost": 1.57, "Total Cost": 9.71, "Plan Rows": 13, "Plan Width": 32, "Actual Startup Time": 100.385, "Actual Total Time": 627.624, "Actual Rows": 313920, "Actual Loops": 3924, "Recheck Cond": "(ps_suppkey = public.supplier.s_suppkey)", "Rows Removed by Index Recheck": 0, "Exact Heap Blocks": 313920, "Lossy Heap Blocks": 313920, "Plans": [{"Node Type": "Bitmap Index Scan", "Parent Relationship": "Outer", "Index Name": "idx_partsupp_suppkey", "Startup Cost": 0.0, "Total Cost": 1.56, "Plan Rows": 13, "Plan Width": 0, "Actual Startup Time": 62.318, "Actual Total Time": 62.318, "Actual Rows": 313920, "Actual Loops": 3924, "Index Cond": "(ps_suppkey = public.supplier.s_suppkey)"}]}]}]}]}, "Triggers": [], "Planner Runtime": 0, "Total Runtime": 1938.921, "Unique SQL Id": 2932834211}}, "(64, 71)": {"explain_plan": {"Plan": {"Node Type": "Sort", "Startup Cost": 2000084159245.82, "Total Cost": 2000084159380.27, "Plan Rows": 53780, "Plan Width": 40, "Sort Key": ["(sum((public.partsupp.ps_supplycost * (public.partsupp.ps_availqty)::double precision))) DESC"], "Plans": [{"Node Type": "Aggregate", "Strategy": "Plain", "Parent Relationship": "exec_init_plan", "Subplan Name": "InitPlan 1 (returns $2)", "Startup Cost": 1000001001502.42, "Total Cost": 1000001001502.43, "Plan Rows": 1, "Plan Width": 24, "Plans": [{"Node Type": "Nested Loop", "Parent Relationship": "Outer", "Join Type": "Inner", "Startup Cost": 10000000001.83, "Total Cost": 1000001001099.07, "Plan Rows": 53780, "Plan Width": 16, "Inner Unique": false, "Plans": [{"Node Type": "Nested Loop", "Parent Relationship": "Outer", "Join Type": "Inner", "Startup Cost": 10000000000.26, "Total Cost": 1000000961737.38, "Plan Rows": 4000, "Plan Width": 8, "Inner Unique": true, "Plans": [{"Node Type": "Index Scan", "Parent Relationship": "Outer", "Scan Direction": "Forward", "Index Name": "supplier_pkey", "Relation Name": "supplier", "Alias": "supplier", "Startup Cost": 10000000000.0, "Total Cost": 1000000533454.38, "Plan Rows": 100000, "Plan Width": 12}, {"Node Type": "Bitmap Heap Scan", "Parent Relationship": "Inner", "Relation Name": "nation", "Alias": "nation", "Startup Cost": 0.26, "Total Cost": 4.27, "Plan Rows": 1, "Plan Width": 4, "Recheck Cond": "(n_nationkey = public.supplier.s_nationkey)", "Filter": "(n_name = 'MOZAMBIQUE'::bpchar)", "Plans": [{"Node Type": "Bitmap Index Scan", "Parent Relationship": "Outer", "Index Name": "nation_pkey", "Startup Cost": 0.0, "Total Cost": 0.26, "Plan Rows": 1, "Plan Width": 0, "Index Cond": "(n_nationkey = public.supplier.s_nationkey)"}]}]}, {"Node Type": "Bitmap Heap Scan", "Parent Relationship": "Inner", "Relation Name": "partsupp", "Alias": "partsupp", "Startup Cost": 1.57, "Total Cost": 9.71, "Plan Rows": 13, "Plan Width": 24, "Recheck Cond": "(ps_suppkey = public.supplier.s_suppkey)", "Plans": [{"Node Type": "Bitmap Index Scan", "Parent Relationship": "Outer", "Index Name": "idx_partsupp_suppkey", "Startup Cost": 0.0, "Total Cost": 1.56, "Plan Rows": 13, "Plan Width": 0, "Index Cond": "(ps_suppkey = public.supplier.s_suppkey)"}]}]}]}, {"Node Type": "Aggregate", "Strategy": "Hashed", "Parent Relationship": "Outer", "Startup Cost": 1000083152845.44, "Total Cost": 1000083153517.69, "Plan Rows": 53780, "Plan Width": 40, "Group By Key": ["public.partsupp.ps_partkey"], "Filter": "(sum((public.partsupp.ps_supplycost * (public.partsupp.ps_availqty)::double precision)) > $2)", "Plans": [{"Node Type": "Nested Loop", "Parent Relationship": "Outer", "Join Type": "Inner", "Startup Cost": 10000000000.52, "Total Cost": 1000083151904.29, "Plan Rows": 53780, "Plan Width": 24, "Inner Unique": true, "Plans": [{"Node Type": "Nested Loop", "Parent Relationship": "Outer", "Join Type": "Inner", "Startup Cost": 10000000000.26, "Total Cost": 1000077393643.64, "Plan Rows": 1344499, "Plan Width": 28, "Inner Unique": true, "Plans": [{"Node Type": "Index Scan", "Parent Relationship": "Outer", "Scan Direction": "Forward", "Index Name": "idx_partsupp_partkey", "Relation Name": "partsupp", "Alias": "partsupp", "Startup Cost": 10000000000.0, "Total Cost": 1000043148503.38, "Plan Rows": 8000372, "Plan Width": 32}, {"Node Type": "Bitmap Heap Scan", "Parent Relationship": "Inner", "Relation Name": "supplier", "Alias": "supplier", "Startup Cost": 0.26, "Total Cost": 4.27, "Plan Rows": 1, "Plan Width": 12, "Recheck Cond": "(s_suppkey = public.partsupp.ps_suppkey)", "Plans": [{"Node Type": "Bitmap Index Scan", "Parent Relationship": "Outer", "Index Name": "supplier_pkey", "Startup Cost": 0.0, "Total Cost": 0.26, "Plan Rows": 1, "Plan Width": 0, "Index Cond": "(s_suppkey = public.partsupp.ps_suppkey)"}]}]}, {"Node Type": "Bitmap Heap Scan", "Parent Relationship": "Inner", "Relation Name": "nation", "Alias": "nation", "Startup Cost": 0.26, "Total Cost": 4.27, "Plan Rows": 1, "Plan Width": 4, "Recheck Cond": "(n_nationkey = public.supplier.s_nationkey)", "Filter": "(n_name = 'MOZAMBIQUE'::bpchar)", "Plans": [{"Node Type": "Bitmap Index Scan", "Parent Relationship": "Outer", "Index Name": "nation_pkey", "Startup Cost": 0.0, "Total Cost": 0.26, "Plan Rows": 1, "Plan Width": 0, "Index Cond": "(n_nationkey = public.supplier.s_nationkey)"}]}]}]}]}, "Unique SQL Id": 2932834211, "Planner Runtime": 1}, "explain_analyze_plan": null}, "(64, 72)": {"explain_plan": {"Plan": {"Node Type": "Sort", "Startup Cost": 89040.3, "Total Cost": 89174.75, "Plan Rows": 53780, "Plan Width": 40, "Sort Key": ["(sum((public.partsupp.ps_supplycost * (public.partsupp.ps_availqty)::double precision))) DESC"], "Plans": [{"Node Type": "Aggregate", "Strategy": "Plain", "Parent Relationship": "exec_init_plan", "Subplan Name": "InitPlan 1 (returns $1)", "Startup Cost": 41802.27, "Total Cost": 41802.28, "Plan Rows": 1, "Plan Width": 24, "Plans": [{"Node Type": "Nested Loop", "Parent Relationship": "Outer", "Join Type": "Inner", "Startup Cost": 1.32, "Total Cost": 41398.92, "Plan Rows": 53780, "Plan Width": 16, "Inner Unique": false, "Plans": [{"Node Type": "Hash Join", "Parent Relationship": "Outer", "Join Type": "Inner", "Startup Cost": 1.32, "Total Cost": 3574.95, "Plan Rows": 4000, "Plan Width": 8, "Inner Unique": true, "Hash Cond": "(public.supplier.s_nationkey = public.nation.n_nationkey)", "Plans": [{"Node Type": "Seq Scan", "Parent Relationship": "Outer", "Relation Name": "supplier", "Alias": "supplier", "Startup Cost": 0.0, "Total Cost": 3283.0, "Plan Rows": 100000, "Plan Width": 12}, {"Node Type": "Hash", "Parent Relationship": "Inner", "Startup Cost": 1.31, "Total Cost": 1.31, "Plan Rows": 1, "Plan Width": 4, "Plans": [{"Node Type": "Seq Scan", "Parent Relationship": "Outer", "Relation Name": "nation", "Alias": "nation", "Startup Cost": 0.0, "Total Cost": 1.31, "Plan Rows": 1, "Plan Width": 4, "Filter": "(n_name = 'MOZAMBIQUE'::bpchar)"}]}]}, {"Node Type": "Index Scan", "Parent Relationship": "Inner", "Scan Direction": "Forward", "Index Name": "idx_partsupp_suppkey", "Relation Name": "partsupp", "Alias": "partsupp", "Startup Cost": 0.0, "Total Cost": 9.33, "Plan Rows": 13, "Plan Width": 24, "Index Cond": "(ps_suppkey = public.supplier.s_suppkey)"}]}]}, {"Node Type": "Aggregate", "Strategy": "Hashed", "Parent Relationship": "Outer", "Startup Cost": 42340.07, "Total Cost": 43012.32, "Plan Rows": 53780, "Plan Width": 40, "Group By Key": ["public.partsupp.ps_partkey"], "Filter": "(sum((public.partsupp.ps_supplycost * (public.partsupp.ps_availqty)::double precision)) > $1)", "Plans": [{"Node Type": "Nested Loop", "Parent Relationship": "Outer", "Join Type": "Inner", "Startup Cost": 1.32, "Total Cost": 41398.92, "Plan Rows": 53780, "Plan Width": 24, "Inner Unique": false, "Plans": [{"Node Type": "Hash Join", "Parent Relationship": "Outer", "Join Type": "Inner", "Startup Cost": 1.32, "Total Cost": 3574.95, "Plan Rows": 4000, "Plan Width": 8, "Inner Unique": true, "Hash Cond": "(public.supplier.s_nationkey = public.nation.n_nationkey)", "Plans": [{"Node Type": "Seq Scan", "Parent Relationship": "Outer", "Relation Name": "supplier", "Alias": "supplier", "Startup Cost": 0.0, "Total Cost": 3283.0, "Plan Rows": 100000, "Plan Width": 12}, {"Node Type": "Hash", "Parent Relationship": "Inner", "Startup Cost": 1.31, "Total Cost": 1.31, "Plan Rows": 1, "Plan Width": 4, "Plans": [{"Node Type": "Seq Scan", "Parent Relationship": "Outer", "Relation Name": "nation", "Alias": "nation", "Startup Cost": 0.0, "Total Cost": 1.31, "Plan Rows": 1, "Plan Width": 4, "Filter": "(n_name = 'MOZAMBIQUE'::bpchar)"}]}]}, {"Node Type": "Index Scan", "Parent Relationship": "Inner", "Scan Direction": "Forward", "Index Name": "idx_partsupp_suppkey", "Relation Name": "partsupp", "Alias": "partsupp", "Startup Cost": 0.0, "Total Cost": 9.33, "Plan Rows": 13, "Plan Width": 32, "Index Cond": "(ps_suppkey = public.supplier.s_suppkey)"}]}]}]}, "Unique SQL Id": 2932834211, "Planner Runtime": 1}, "explain_analyze_plan": {"Plan": {"Node Type": "Sort", "Startup Cost": 89040.3, "Total Cost": 89174.75, "Plan Rows": 53780, "Plan Width": 40, "Actual Startup Time": 1952.782, "Actual Total Time": 1952.782, "Actual Rows": 0, "Actual Loops": 1, "Sort Key": ["(sum((public.partsupp.ps_supplycost * (public.partsupp.ps_availqty)::double precision))) DESC"], "Sort Method": "quicksort", "Sort Space Used": 25, "Sort Space Type": "Memory", "Plans": [{"Node Type": "Aggregate", "Strategy": "Plain", "Parent Relationship": "exec_init_plan", "Subplan Name": "InitPlan 1 (returns $1)", "Startup Cost": 41802.27, "Total Cost": 41802.28, "Plan Rows": 1, "Plan Width": 24, "Actual Startup Time": 837.224, "Actual Total Time": 837.225, "Actual Rows": 1, "Actual Loops": 1, "Plans": [{"Node Type": "Nested Loop", "Parent Relationship": "Outer", "Join Type": "Inner", "Startup Cost": 1.32, "Total Cost": 41398.92, "Plan Rows": 53780, "Plan Width": 16, "Actual Startup Time": 0.143, "Actual Total Time": 702.51, "Actual Rows": 313920, "Actual Loops": 1, "Inner Unique": false, "Plans": [{"Node Type": "Hash Join", "Parent Relationship": "Outer", "Join Type": "Inner", "Startup Cost": 1.32, "Total Cost": 3574.95, "Plan Rows": 4000, "Plan Width": 8, "Actual Startup Time": 0.118, "Actual Total Time": 51.636, "Actual Rows": 3924, "Actual Loops": 1, "Inner Unique": true, "Hash Cond": "(public.supplier.s_nationkey = public.nation.n_nationkey)", "Plans": [{"Node Type": "Seq Scan", "Parent Relationship": "Outer", "Relation Name": "supplier", "Alias": "supplier", "Startup Cost": 0.0, "Total Cost": 3283.0, "Plan Rows": 100000, "Plan Width": 12, "Actual Startup Time": 0.015, "Actual Total Time": 29.225, "Actual Rows": 100000, "Actual Loops": 1}, {"Node Type": "Hash", "Parent Relationship": "Inner", "Startup Cost": 1.31, "Total Cost": 1.31, "Plan Rows": 1, "Plan Width": 4, "Actual Startup Time": 0.035, "Actual Total Time": 0.035, "Actual Rows": 1, "Actual Loops": 1, "Hash Buckets": 32768, "Hash Batches": 1, "Original Hash Batches": 1, "Peak Memory Usage": 1, "Plans": [{"Node Type": "Seq Scan", "Parent Relationship": "Outer", "Relation Name": "nation", "Alias": "nation", "Startup Cost": 0.0, "Total Cost": 1.31, "Plan Rows": 1, "Plan Width": 4, "Actual Startup Time": 0.022, "Actual Total Time": 0.024, "Actual Rows": 1, "Actual Loops": 1, "Filter": "(n_name = 'MOZAMBIQUE'::bpchar)", "Rows Removed by Filter": 24}]}]}, {"Node Type": "Index Scan", "Parent Relationship": "Inner", "Scan Direction": "Forward", "Index Name": "idx_partsupp_suppkey", "Relation Name": "partsupp", "Alias": "partsupp", "Startup Cost": 0.0, "Total Cost": 9.33, "Plan Rows": 13, "Plan Width": 24, "Actual Startup Time": 48.923, "Actual Total Time": 582.649, "Actual Rows": 313920, "Actual Loops": 3924, "Index Cond": "(ps_suppkey = public.supplier.s_suppkey)", "Rows Removed by Index Recheck": 0}]}]}, {"Node Type": "Aggregate", "Strategy": "Hashed", "Parent Relationship": "Outer", "Startup Cost": 42340.07, "Total Cost": 43012.32, "Plan Rows": 53780, "Plan Width": 40, "Actual Startup Time": 1952.345, "Actual Total Time": 1952.345, "Actual Rows": 0, "Actual Loops": 1, "Group By Key": ["public.partsupp.ps_partkey"], "Filter": "(sum((public.partsupp.ps_supplycost * (public.partsupp.ps_availqty)::double precision)) > $1)", "Rows Removed by Filter": 295792, "Plans": [{"Node Type": "Nested Loop", "Parent Relationship": "Outer", "Join Type": "Inner", "Startup Cost": 1.32, "Total Cost": 41398.92, "Plan Rows": 53780, "Plan Width": 24, "Actual Startup Time": 0.115, "Actual Total Time": 704.981, "Actual Rows": 313920, "Actual Loops": 1, "Inner Unique": false, "Plans": [{"Node Type": "Hash Join", "Parent Relationship": "Outer", "Join Type": "Inner", "Startup Cost": 1.32, "Total Cost": 3574.95, "Plan Rows": 4000, "Plan Width": 8, "Actual Startup Time": 0.092, "Actual Total Time": 52.151, "Actual Rows": 3924, "Actual Loops": 1, "Inner Unique": true, "Hash Cond": "(public.supplier.s_nationkey = public.nation.n_nationkey)", "Plans": [{"Node Type": "Seq Scan", "Parent Relationship": "Outer", "Relation Name": "supplier", "Alias": "supplier", "Startup Cost": 0.0, "Total Cost": 3283.0, "Plan Rows": 100000, "Plan Width": 12, "Actual Startup Time": 0.018, "Actual Total Time": 29.388, "Actual Rows": 100000, "Actual Loops": 1}, {"Node Type": "Hash", "Parent Relationship": "Inner", "Startup Cost": 1.31, "Total Cost": 1.31, "Plan Rows": 1, "Plan Width": 4, "Actual Startup Time": 0.028, "Actual Total Time": 0.028, "Actual Rows": 1, "Actual Loops": 1, "Hash Buckets": 32768, "Hash Batches": 1, "Original Hash Batches": 1, "Peak Memory Usage": 1, "Plans": [{"Node Type": "Seq Scan", "Parent Relationship": "Outer", "Relation Name": "nation", "Alias": "nation", "Startup Cost": 0.0, "Total Cost": 1.31, "Plan Rows": 1, "Plan Width": 4, "Actual Startup Time": 0.019, "Actual Total Time": 0.022, "Actual Rows": 1, "Actual Loops": 1, "Filter": "(n_name = 'MOZAMBIQUE'::bpchar)", "Rows Removed by Filter": 24}]}]}, {"Node Type": "Index Scan", "Parent Relationship": "Inner", "Scan Direction": "Forward", "Index Name": "idx_partsupp_suppkey", "Relation Name": "partsupp", "Alias": "partsupp", "Startup Cost": 0.0, "Total Cost": 9.33, "Plan Rows": 13, "Plan Width": 32, "Actual Startup Time": 48.312, "Actual Total Time": 581.52, "Actual Rows": 313920, "Actual Loops": 3924, "Index Cond": "(ps_suppkey = public.supplier.s_suppkey)", "Rows Removed by Index Recheck": 0}]}]}]}, "Triggers": [], "Planner Runtime": 1, "Total Runtime": 1953.092, "Unique SQL Id": 2932834211}}, "(64, 73)": {"explain_plan": {"Plan": {"Node Type": "Sort", "Startup Cost": 93166.14, "Total Cost": 93300.59, "Plan Rows": 53780, "Plan Width": 40, "Sort Key": ["(sum((public.partsupp.ps_supplycost * (public.partsupp.ps_availqty)::double precision))) DESC"], "Plans": [{"Node Type": "Aggregate", "Strategy": "Plain", "Parent Relationship": "exec_init_plan", "Subplan Name": "InitPlan 1 (returns $1)", "Startup Cost": 43865.19, "Total Cost": 43865.2, "Plan Rows": 1, "Plan Width": 24, "Plans": [{"Node Type": "Nested Loop", "Parent Relationship": "Outer", "Join Type": "Inner", "Startup Cost": 12.7, "Total Cost": 43461.84, "Plan Rows": 53780, "Plan Width": 16, "Inner Unique": false, "Plans": [{"Node Type": "Hash Join", "Parent Relationship": "Outer", "Join Type": "Inner", "Startup Cost": 12.7, "Total Cost": 5637.87, "Plan Rows": 4000, "Plan Width": 8, "Inner Unique": true, "Hash Cond": "(public.supplier.s_nationkey = public.nation.n_nationkey)", "Plans": [{"Node Type": "Index Scan", "Parent Relationship": "Outer", "Scan Direction": "Forward", "Index Name": "supplier_pkey", "Relation Name": "supplier", "Alias": "supplier", "Startup Cost": 0.0, "Total Cost": 5334.54, "Plan Rows": 100000, "Plan Width": 12}, {"Node Type": "Hash", "Parent Relationship": "Inner", "Startup Cost": 12.69, "Total Cost": 12.69, "Plan Rows": 1, "Plan Width": 4, "Plans": [{"Node Type": "Index Scan", "Parent Relationship": "Outer", "Scan Direction": "Forward", "Index Name": "nation_pkey", "Relation Name": "nation", "Alias": "nation", "Startup Cost": 0.0, "Total Cost": 12.69, "Plan Rows": 1, "Plan Width": 4, "Filter": "(n_name = 'MOZAMBIQUE'::bpchar)"}]}]}, {"Node Type": "Index Scan", "Parent Relationship": "Inner", "Scan Direction": "Forward", "Index Name": "idx_partsupp_suppkey", "Relation Name": "partsupp", "Alias": "partsupp", "Startup Cost": 0.0, "Total Cost": 9.33, "Plan Rows": 13, "Plan Width": 24, "Index Cond": "(ps_suppkey = public.supplier.s_suppkey)"}]}]}, {"Node Type": "Aggregate", "Strategy": "Hashed", "Parent Relationship": "Outer", "Startup Cost": 44402.99, "Total Cost": 45075.24, "Plan Rows": 53780, "Plan Width": 40, "Group By Key": ["public.partsupp.ps_partkey"], "Filter": "(sum((public.partsupp.ps_supplycost * (public.partsupp.ps_availqty)::double precision)) > $1)", "Plans": [{"Node Type": "Nested Loop", "Parent Relationship": "Outer", "Join Type": "Inner", "Startup Cost": 12.7, "Total Cost": 43461.84, "Plan Rows": 53780, "Plan Width": 24, "Inner Unique": false, "Plans": [{"Node Type": "Hash Join", "Parent Relationship": "Outer", "Join Type": "Inner", "Startup Cost": 12.7, "Total Cost": 5637.87, "Plan Rows": 4000, "Plan Width": 8, "Inner Unique": true, "Hash Cond": "(public.supplier.s_nationkey = public.nation.n_nationkey)", "Plans": [{"Node Type": "Index Scan", "Parent Relationship": "Outer", "Scan Direction": "Forward", "Index Name": "supplier_pkey", "Relation Name": "supplier", "Alias": "supplier", "Startup Cost": 0.0, "Total Cost": 5334.54, "Plan Rows": 100000, "Plan Width": 12}, {"Node Type": "Hash", "Parent Relationship": "Inner", "Startup Cost": 12.69, "Total Cost": 12.69, "Plan Rows": 1, "Plan Width": 4, "Plans": [{"Node Type": "Index Scan", "Parent Relationship": "Outer", "Scan Direction": "Forward", "Index Name": "nation_pkey", "Relation Name": "nation", "Alias": "nation", "Startup Cost": 0.0, "Total Cost": 12.69, "Plan Rows": 1, "Plan Width": 4, "Filter": "(n_name = 'MOZAMBIQUE'::bpchar)"}]}]}, {"Node Type": "Index Scan", "Parent Relationship": "Inner", "Scan Direction": "Forward", "Index Name": "idx_partsupp_suppkey", "Relation Name": "partsupp", "Alias": "partsupp", "Startup Cost": 0.0, "Total Cost": 9.33, "Plan Rows": 13, "Plan Width": 32, "Index Cond": "(ps_suppkey = public.supplier.s_suppkey)"}]}]}]}, "Unique SQL Id": 2932834211, "Planner Runtime": 1}, "explain_analyze_plan": {"Plan": {"Node Type": "Sort", "Startup Cost": 93166.14, "Total Cost": 93300.59, "Plan Rows": 53780, "Plan Width": 40, "Actual Startup Time": 2174.384, "Actual Total Time": 2174.384, "Actual Rows": 0, "Actual Loops": 1, "Sort Key": ["(sum((public.partsupp.ps_supplycost * (public.partsupp.ps_availqty)::double precision))) DESC"], "Sort Method": "quicksort", "Sort Space Used": 25, "Sort Space Type": "Memory", "Plans": [{"Node Type": "Aggregate", "Strategy": "Plain", "Parent Relationship": "exec_init_plan", "Subplan Name": "InitPlan 1 (returns $1)", "Startup Cost": 43865.19, "Total Cost": 43865.2, "Plan Rows": 1, "Plan Width": 24, "Actual Startup Time": 1034.184, "Actual Total Time": 1034.185, "Actual Rows": 1, "Actual Loops": 1, "Plans": [{"Node Type": "Nested Loop", "Parent Relationship": "Outer", "Join Type": "Inner", "Startup Cost": 12.7, "Total Cost": 43461.84, "Plan Rows": 53780, "Plan Width": 16, "Actual Startup Time": 0.174, "Actual Total Time": 897.373, "Actual Rows": 313920, "Actual Loops": 1, "Inner Unique": false, "Plans": [{"Node Type": "Hash Join", "Parent Relationship": "Outer", "Join Type": "Inner", "Startup Cost": 12.7, "Total Cost": 5637.87, "Plan Rows": 4000, "Plan Width": 8, "Actual Startup Time": 0.145, "Actual Total Time": 91.714, "Actual Rows": 3924, "Actual Loops": 1, "Inner Unique": true, "Hash Cond": "(public.supplier.s_nationkey = public.nation.n_nationkey)", "Plans": [{"Node Type": "Index Scan", "Parent Relationship": "Outer", "Scan Direction": "Forward", "Index Name": "supplier_pkey", "Relation Name": "supplier", "Alias": "supplier", "Startup Cost": 0.0, "Total Cost": 5334.54, "Plan Rows": 100000, "Plan Width": 12, "Actual Startup Time": 0.031, "Actual Total Time": 70.685, "Actual Rows": 100000, "Actual Loops": 1}, {"Node Type": "Hash", "Parent Relationship": "Inner", "Startup Cost": 12.69, "Total Cost": 12.69, "Plan Rows": 1, "Plan Width": 4, "Actual Startup Time": 0.046, "Actual Total Time": 0.046, "Actual Rows": 1, "Actual Loops": 1, "Hash Buckets": 32768, "Hash Batches": 1, "Original Hash Batches": 1, "Peak Memory Usage": 1, "Plans": [{"Node Type": "Index Scan", "Parent Relationship": "Outer", "Scan Direction": "Forward", "Index Name": "nation_pkey", "Relation Name": "nation", "Alias": "nation", "Startup Cost": 0.0, "Total Cost": 12.69, "Plan Rows": 1, "Plan Width": 4, "Actual Startup Time": 0.031, "Actual Total Time": 0.038, "Actual Rows": 1, "Actual Loops": 1, "Filter": "(n_name = 'MOZAMBIQUE'::bpchar)", "Rows Removed by Filter": 24}]}]}, {"Node Type": "Index Scan", "Parent Relationship": "Inner", "Scan Direction": "Forward", "Index Name": "idx_partsupp_suppkey", "Relation Name": "partsupp", "Alias": "partsupp", "Startup Cost": 0.0, "Total Cost": 9.33, "Plan Rows": 13, "Plan Width": 24, "Actual Startup Time": 57.484, "Actual Total Time": 738.465, "Actual Rows": 313920, "Actual Loops": 3924, "Index Cond": "(ps_suppkey = public.supplier.s_suppkey)", "Rows Removed by Index Recheck": 0}]}]}, {"Node Type": "Aggregate", "Strategy": "Hashed", "Parent Relationship": "Outer", "Startup Cost": 44402.99, "Total Cost": 45075.24, "Plan Rows": 53780, "Plan Width": 40, "Actual Startup Time": 2173.992, "Actual Total Time": 2173.992, "Actual Rows": 0, "Actual Loops": 1, "Group By Key": ["public.partsupp.ps_partkey"], "Filter": "(sum((public.partsupp.ps_supplycost * (public.partsupp.ps_availqty)::double precision)) > $1)", "Rows Removed by Filter": 295792, "Plans": [{"Node Type": "Nested Loop", "Parent Relationship": "Outer", "Join Type": "Inner", "Startup Cost": 12.7, "Total Cost": 43461.84, "Plan Rows": 53780, "Plan Width": 24, "Actual Startup Time": 0.137, "Actual Total Time": 737.983, "Actual Rows": 313920, "Actual Loops": 1, "Inner Unique": false, "Plans": [{"Node Type": "Hash Join", "Parent Relationship": "Outer", "Join Type": "Inner", "Startup Cost": 12.7, "Total Cost": 5637.87, "Plan Rows": 4000, "Plan Width": 8, "Actual Startup Time": 0.116, "Actual Total Time": 79.01, "Actual Rows": 3924, "Actual Loops": 1, "Inner Unique": true, "Hash Cond": "(public.supplier.s_nationkey = public.nation.n_nationkey)", "Plans": [{"Node Type": "Index Scan", "Parent Relationship": "Outer", "Scan Direction": "Forward", "Index Name": "supplier_pkey", "Relation Name": "supplier", "Alias": "supplier", "Startup Cost": 0.0, "Total Cost": 5334.54, "Plan Rows": 100000, "Plan Width": 12, "Actual Startup Time": 0.027, "Actual Total Time": 57.603, "Actual Rows": 100000, "Actual Loops": 1}, {"Node Type": "Hash", "Parent Relationship": "Inner", "Startup Cost": 12.69, "Total Cost": 12.69, "Plan Rows": 1, "Plan Width": 4, "Actual Startup Time": 0.036, "Actual Total Time": 0.036, "Actual Rows": 1, "Actual Loops": 1, "Hash Buckets": 32768, "Hash Batches": 1, "Original Hash Batches": 1, "Peak Memory Usage": 1, "Plans": [{"Node Type": "Index Scan", "Parent Relationship": "Outer", "Scan Direction": "Forward", "Index Name": "nation_pkey", "Relation Name": "nation", "Alias": "nation", "Startup Cost": 0.0, "Total Cost": 12.69, "Plan Rows": 1, "Plan Width": 4, "Actual Startup Time": 0.023, "Actual Total Time": 0.029, "Actual Rows": 1, "Actual Loops": 1, "Filter": "(n_name = 'MOZAMBIQUE'::bpchar)", "Rows Removed by Filter": 24}]}]}, {"Node Type": "Index Scan", "Parent Relationship": "Inner", "Scan Direction": "Forward", "Index Name": "idx_partsupp_suppkey", "Relation Name": "partsupp", "Alias": "partsupp", "Startup Cost": 0.0, "Total Cost": 9.33, "Plan Rows": 13, "Plan Width": 32, "Actual Startup Time": 47.877, "Actual Total Time": 587.276, "Actual Rows": 313920, "Actual Loops": 3924, "Index Cond": "(ps_suppkey = public.supplier.s_suppkey)", "Rows Removed by Index Recheck": 0}]}]}]}, "Triggers": [], "Planner Runtime": 0, "Total Runtime": 2174.678, "Unique SQL Id": 2932834211}}, "(64, 74)": {"explain_plan": {"Plan": {"Node Type": "Sort", "Startup Cost": 614546.2, "Total Cost": 614680.65, "Plan Rows": 53780, "Plan Width": 40, "Sort Key": ["(sum((public.partsupp.ps_supplycost * (public.partsupp.ps_availqty)::double precision))) DESC"], "Plans": [{"Node Type": "Aggregate", "Strategy": "Plain", "Parent Relationship": "exec_init_plan", "Subplan Name": "InitPlan 1 (returns $0)", "Startup Cost": 304555.21, "Total Cost": 304555.23, "Plan Rows": 1, "Plan Width": 24, "Plans": [{"Node Type": "Hash Join", "Parent Relationship": "Outer", "Join Type": "Inner", "Startup Cost": 3624.95, "Total Cost": 304151.86, "Plan Rows": 53780, "Plan Width": 16, "Inner Unique": false, "Hash Cond": "(public.partsupp.ps_suppkey = public.supplier.s_suppkey)", "Plans": [{"Node Type": "Seq Scan", "Parent Relationship": "Outer", "Relation Name": "partsupp", "Alias": "partsupp", "Startup Cost": 0.0, "Total Cost": 269987.72, "Plan Rows": 8000372, "Plan Width": 24}, {"Node Type": "Hash", "Parent Relationship": "Inner", "Startup Cost": 3574.95, "Total Cost": 3574.95, "Plan Rows": 4000, "Plan Width": 8, "Plans": [{"Node Type": "Hash Join", "Parent Relationship": "Outer", "Join Type": "Inner", "Startup Cost": 1.32, "Total Cost": 3574.95, "Plan Rows": 4000, "Plan Width": 8, "Inner Unique": true, "Hash Cond": "(public.supplier.s_nationkey = public.nation.n_nationkey)", "Plans": [{"Node Type": "Seq Scan", "Parent Relationship": "Outer", "Relation Name": "supplier", "Alias": "supplier", "Startup Cost": 0.0, "Total Cost": 3283.0, "Plan Rows": 100000, "Plan Width": 12}, {"Node Type": "Hash", "Parent Relationship": "Inner", "Startup Cost": 1.31, "Total Cost": 1.31, "Plan Rows": 1, "Plan Width": 4, "Plans": [{"Node Type": "Seq Scan", "Parent Relationship": "Outer", "Relation Name": "nation", "Alias": "nation", "Startup Cost": 0.0, "Total Cost": 1.31, "Plan Rows": 1, "Plan Width": 4, "Filter": "(n_name = 'MOZAMBIQUE'::bpchar)"}]}]}]}]}]}, {"Node Type": "Aggregate", "Strategy": "Hashed", "Parent Relationship": "Outer", "Startup Cost": 305093.02, "Total Cost": 305765.27, "Plan Rows": 53780, "Plan Width": 40, "Group By Key": ["public.partsupp.ps_partkey"], "Filter": "(sum((public.partsupp.ps_supplycost * (public.partsupp.ps_availqty)::double precision)) > $0)", "Plans": [{"Node Type": "Hash Join", "Parent Relationship": "Outer", "Join Type": "Inner", "Startup Cost": 3624.95, "Total Cost": 304151.86, "Plan Rows": 53780, "Plan Width": 24, "Inner Unique": false, "Hash Cond": "(public.partsupp.ps_suppkey = public.supplier.s_suppkey)", "Plans": [{"Node Type": "Seq Scan", "Parent Relationship": "Outer", "Relation Name": "partsupp", "Alias": "partsupp", "Startup Cost": 0.0, "Total Cost": 269987.72, "Plan Rows": 8000372, "Plan Width": 32}, {"Node Type": "Hash", "Parent Relationship": "Inner", "Startup Cost": 3574.95, "Total Cost": 3574.95, "Plan Rows": 4000, "Plan Width": 8, "Plans": [{"Node Type": "Hash Join", "Parent Relationship": "Outer", "Join Type": "Inner", "Startup Cost": 1.32, "Total Cost": 3574.95, "Plan Rows": 4000, "Plan Width": 8, "Inner Unique": true, "Hash Cond": "(public.supplier.s_nationkey = public.nation.n_nationkey)", "Plans": [{"Node Type": "Seq Scan", "Parent Relationship": "Outer", "Relation Name": "supplier", "Alias": "supplier", "Startup Cost": 0.0, "Total Cost": 3283.0, "Plan Rows": 100000, "Plan Width": 12}, {"Node Type": "Hash", "Parent Relationship": "Inner", "Startup Cost": 1.31, "Total Cost": 1.31, "Plan Rows": 1, "Plan Width": 4, "Plans": [{"Node Type": "Seq Scan", "Parent Relationship": "Outer", "Relation Name": "nation", "Alias": "nation", "Startup Cost": 0.0, "Total Cost": 1.31, "Plan Rows": 1, "Plan Width": 4, "Filter": "(n_name = 'MOZAMBIQUE'::bpchar)"}]}]}]}]}]}]}, "Unique SQL Id": 2932834211, "Planner Runtime": 1}, "explain_analyze_plan": null}, "(64, 75)": {"explain_plan": {"Plan": {"Node Type": "Sort", "Startup Cost": 6000102466442.74, "Total Cost": 6000102466577.19, "Plan Rows": 53780, "Plan Width": 40, "Sort Key": ["(sum((public.partsupp.ps_supplycost * (public.partsupp.ps_availqty)::double precision))) DESC"], "Plans": [{"Node Type": "Aggregate", "Strategy": "Plain", "Parent Relationship": "exec_init_plan", "Subplan Name": "InitPlan 1 (returns $0)", "Startup Cost": 3000051230503.49, "Total Cost": 3000051230503.5, "Plan Rows": 1, "Plan Width": 24, "Plans": [{"Node Type": "Hash Join", "Parent Relationship": "Outer", "Join Type": "Inner", "Startup Cost": 1020010396837.26, "Total Cost": 3000051230100.14, "Plan Rows": 53780, "Plan Width": 16, "Inner Unique": true, "Hash Cond": "(public.supplier.s_nationkey = public.nation.n_nationkey)", "Plans": [{"Node Type": "Merge Join", "Parent Relationship": "Outer", "Join Type": "Inner", "Startup Cost": 20010395568.5, "Total Cost": 2000051224923.92, "Plan Rows": 1344499, "Plan Width": 20, "Inner Unique": false, "Merge Cond": "(public.supplier.s_suppkey = public.partsupp.ps_suppkey)", "Plans": [{"Node Type": "Index Scan", "Parent Relationship": "Outer", "Scan Direction": "Forward", "Index Name": "supplier_pkey", "Relation Name": "supplier", "Alias": "supplier", "Startup Cost": 10000000000.0, "Total Cost": 1000000533454.38, "Plan Rows": 100000, "Plan Width": 12}, {"Node Type": "Index Scan", "Parent Relationship": "Inner", "Scan Direction": "Forward", "Index Name": "idx_partsupp_suppkey", "Relation Name": "partsupp", "Alias": "partsupp", "Startup Cost": 10000000000.0, "Total Cost": 1000100160480.77, "Plan Rows": 8000372, "Plan Width": 24}]}, {"Node Type": "Hash", "Parent Relationship": "Inner", "Startup Cost": 1000000001268.75, "Total Cost": 1000000001268.75, "Plan Rows": 1, "Plan Width": 4, "Plans": [{"Node Type": "Index Scan", "Parent Relationship": "Outer", "Scan Direction": "Forward", "Index Name": "nation_pkey", "Relation Name": "nation", "Alias": "nation", "Startup Cost": 10000000000.0, "Total Cost": 1000000001268.75, "Plan Rows": 1, "Plan Width": 4, "Filter": "(n_name = 'MOZAMBIQUE'::bpchar)"}]}]}]}, {"Node Type": "Aggregate", "Strategy": "Hashed", "Parent Relationship": "Outer", "Startup Cost": 3000051231041.29, "Total Cost": 3000051231713.54, "Plan Rows": 53780, "Plan Width": 40, "Group By Key": ["public.partsupp.ps_partkey"], "Filter": "(sum((public.partsupp.ps_supplycost * (public.partsupp.ps_availqty)::double precision)) > $0)", "Plans": [{"Node Type": "Hash Join", "Parent Relationship": "Outer", "Join Type": "Inner", "Startup Cost": 1020010396837.26, "Total Cost": 3000051230100.14, "Plan Rows": 53780, "Plan Width": 24, "Inner Unique": true, "Hash Cond": "(public.supplier.s_nationkey = public.nation.n_nationkey)", "Plans": [{"Node Type": "Merge Join", "Parent Relationship": "Outer", "Join Type": "Inner", "Startup Cost": 20010395568.5, "Total Cost": 2000051224923.92, "Plan Rows": 1344499, "Plan Width": 28, "Inner Unique": false, "Merge Cond": "(public.supplier.s_suppkey = public.partsupp.ps_suppkey)", "Plans": [{"Node Type": "Index Scan", "Parent Relationship": "Outer", "Scan Direction": "Forward", "Index Name": "supplier_pkey", "Relation Name": "supplier", "Alias": "supplier", "Startup Cost": 10000000000.0, "Total Cost": 1000000533454.38, "Plan Rows": 100000, "Plan Width": 12}, {"Node Type": "Index Scan", "Parent Relationship": "Inner", "Scan Direction": "Forward", "Index Name": "idx_partsupp_suppkey", "Relation Name": "partsupp", "Alias": "partsupp", "Startup Cost": 10000000000.0, "Total Cost": 1000100160480.77, "Plan Rows": 8000372, "Plan Width": 32}]}, {"Node Type": "Hash", "Parent Relationship": "Inner", "Startup Cost": 1000000001268.75, "Total Cost": 1000000001268.75, "Plan Rows": 1, "Plan Width": 4, "Plans": [{"Node Type": "Index Scan", "Parent Relationship": "Outer", "Scan Direction": "Forward", "Index Name": "nation_pkey", "Relation Name": "nation", "Alias": "nation", "Startup Cost": 10000000000.0, "Total Cost": 1000000001268.75, "Plan Rows": 1, "Plan Width": 4, "Filter": "(n_name = 'MOZAMBIQUE'::bpchar)"}]}]}]}]}, "Unique SQL Id": 2932834211, "Planner Runtime": 1}, "explain_analyze_plan": null}, "(64, 76)": {"explain_plan": {"Plan": {"Node Type": "Sort", "Startup Cost": 89040.3, "Total Cost": 89174.75, "Plan Rows": 53780, "Plan Width": 40, "Sort Key": ["(sum((public.partsupp.ps_supplycost * (public.partsupp.ps_availqty)::double precision))) DESC"], "Plans": [{"Node Type": "Aggregate", "Strategy": "Plain", "Parent Relationship": "exec_init_plan", "Subplan Name": "InitPlan 1 (returns $1)", "Startup Cost": 41802.27, "Total Cost": 41802.28, "Plan Rows": 1, "Plan Width": 24, "Plans": [{"Node Type": "Nested Loop", "Parent Relationship": "Outer", "Join Type": "Inner", "Startup Cost": 1.32, "Total Cost": 41398.92, "Plan Rows": 53780, "Plan Width": 16, "Inner Unique": false, "Plans": [{"Node Type": "Hash Join", "Parent Relationship": "Outer", "Join Type": "Inner", "Startup Cost": 1.32, "Total Cost": 3574.95, "Plan Rows": 4000, "Plan Width": 8, "Inner Unique": true, "Hash Cond": "(public.supplier.s_nationkey = public.nation.n_nationkey)", "Plans": [{"Node Type": "Seq Scan", "Parent Relationship": "Outer", "Relation Name": "supplier", "Alias": "supplier", "Startup Cost": 0.0, "Total Cost": 3283.0, "Plan Rows": 100000, "Plan Width": 12}, {"Node Type": "Hash", "Parent Relationship": "Inner", "Startup Cost": 1.31, "Total Cost": 1.31, "Plan Rows": 1, "Plan Width": 4, "Plans": [{"Node Type": "Seq Scan", "Parent Relationship": "Outer", "Relation Name": "nation", "Alias": "nation", "Startup Cost": 0.0, "Total Cost": 1.31, "Plan Rows": 1, "Plan Width": 4, "Filter": "(n_name = 'MOZAMBIQUE'::bpchar)"}]}]}, {"Node Type": "Index Scan", "Parent Relationship": "Inner", "Scan Direction": "Forward", "Index Name": "idx_partsupp_suppkey", "Relation Name": "partsupp", "Alias": "partsupp", "Startup Cost": 0.0, "Total Cost": 9.33, "Plan Rows": 13, "Plan Width": 24, "Index Cond": "(ps_suppkey = public.supplier.s_suppkey)"}]}]}, {"Node Type": "Aggregate", "Strategy": "Hashed", "Parent Relationship": "Outer", "Startup Cost": 42340.07, "Total Cost": 43012.32, "Plan Rows": 53780, "Plan Width": 40, "Group By Key": ["public.partsupp.ps_partkey"], "Filter": "(sum((public.partsupp.ps_supplycost * (public.partsupp.ps_availqty)::double precision)) > $1)", "Plans": [{"Node Type": "Nested Loop", "Parent Relationship": "Outer", "Join Type": "Inner", "Startup Cost": 1.32, "Total Cost": 41398.92, "Plan Rows": 53780, "Plan Width": 24, "Inner Unique": false, "Plans": [{"Node Type": "Hash Join", "Parent Relationship": "Outer", "Join Type": "Inner", "Startup Cost": 1.32, "Total Cost": 3574.95, "Plan Rows": 4000, "Plan Width": 8, "Inner Unique": true, "Hash Cond": "(public.supplier.s_nationkey = public.nation.n_nationkey)", "Plans": [{"Node Type": "Seq Scan", "Parent Relationship": "Outer", "Relation Name": "supplier", "Alias": "supplier", "Startup Cost": 0.0, "Total Cost": 3283.0, "Plan Rows": 100000, "Plan Width": 12}, {"Node Type": "Hash", "Parent Relationship": "Inner", "Startup Cost": 1.31, "Total Cost": 1.31, "Plan Rows": 1, "Plan Width": 4, "Plans": [{"Node Type": "Seq Scan", "Parent Relationship": "Outer", "Relation Name": "nation", "Alias": "nation", "Startup Cost": 0.0, "Total Cost": 1.31, "Plan Rows": 1, "Plan Width": 4, "Filter": "(n_name = 'MOZAMBIQUE'::bpchar)"}]}]}, {"Node Type": "Index Scan", "Parent Relationship": "Inner", "Scan Direction": "Forward", "Index Name": "idx_partsupp_suppkey", "Relation Name": "partsupp", "Alias": "partsupp", "Startup Cost": 0.0, "Total Cost": 9.33, "Plan Rows": 13, "Plan Width": 32, "Index Cond": "(ps_suppkey = public.supplier.s_suppkey)"}]}]}]}, "Unique SQL Id": 2932834211, "Planner Runtime": 2}, "explain_analyze_plan": {"Plan": {"Node Type": "Sort", "Startup Cost": 89040.3, "Total Cost": 89174.75, "Plan Rows": 53780, "Plan Width": 40, "Actual Startup Time": 1952.782, "Actual Total Time": 1952.782, "Actual Rows": 0, "Actual Loops": 1, "Sort Key": ["(sum((public.partsupp.ps_supplycost * (public.partsupp.ps_availqty)::double precision))) DESC"], "Sort Method": "quicksort", "Sort Space Used": 25, "Sort Space Type": "Memory", "Plans": [{"Node Type": "Aggregate", "Strategy": "Plain", "Parent Relationship": "exec_init_plan", "Subplan Name": "InitPlan 1 (returns $1)", "Startup Cost": 41802.27, "Total Cost": 41802.28, "Plan Rows": 1, "Plan Width": 24, "Actual Startup Time": 837.224, "Actual Total Time": 837.225, "Actual Rows": 1, "Actual Loops": 1, "Plans": [{"Node Type": "Nested Loop", "Parent Relationship": "Outer", "Join Type": "Inner", "Startup Cost": 1.32, "Total Cost": 41398.92, "Plan Rows": 53780, "Plan Width": 16, "Actual Startup Time": 0.143, "Actual Total Time": 702.51, "Actual Rows": 313920, "Actual Loops": 1, "Inner Unique": false, "Plans": [{"Node Type": "Hash Join", "Parent Relationship": "Outer", "Join Type": "Inner", "Startup Cost": 1.32, "Total Cost": 3574.95, "Plan Rows": 4000, "Plan Width": 8, "Actual Startup Time": 0.118, "Actual Total Time": 51.636, "Actual Rows": 3924, "Actual Loops": 1, "Inner Unique": true, "Hash Cond": "(public.supplier.s_nationkey = public.nation.n_nationkey)", "Plans": [{"Node Type": "Seq Scan", "Parent Relationship": "Outer", "Relation Name": "supplier", "Alias": "supplier", "Startup Cost": 0.0, "Total Cost": 3283.0, "Plan Rows": 100000, "Plan Width": 12, "Actual Startup Time": 0.015, "Actual Total Time": 29.225, "Actual Rows": 100000, "Actual Loops": 1}, {"Node Type": "Hash", "Parent Relationship": "Inner", "Startup Cost": 1.31, "Total Cost": 1.31, "Plan Rows": 1, "Plan Width": 4, "Actual Startup Time": 0.035, "Actual Total Time": 0.035, "Actual Rows": 1, "Actual Loops": 1, "Hash Buckets": 32768, "Hash Batches": 1, "Original Hash Batches": 1, "Peak Memory Usage": 1, "Plans": [{"Node Type": "Seq Scan", "Parent Relationship": "Outer", "Relation Name": "nation", "Alias": "nation", "Startup Cost": 0.0, "Total Cost": 1.31, "Plan Rows": 1, "Plan Width": 4, "Actual Startup Time": 0.022, "Actual Total Time": 0.024, "Actual Rows": 1, "Actual Loops": 1, "Filter": "(n_name = 'MOZAMBIQUE'::bpchar)", "Rows Removed by Filter": 24}]}]}, {"Node Type": "Index Scan", "Parent Relationship": "Inner", "Scan Direction": "Forward", "Index Name": "idx_partsupp_suppkey", "Relation Name": "partsupp", "Alias": "partsupp", "Startup Cost": 0.0, "Total Cost": 9.33, "Plan Rows": 13, "Plan Width": 24, "Actual Startup Time": 48.923, "Actual Total Time": 582.649, "Actual Rows": 313920, "Actual Loops": 3924, "Index Cond": "(ps_suppkey = public.supplier.s_suppkey)", "Rows Removed by Index Recheck": 0}]}]}, {"Node Type": "Aggregate", "Strategy": "Hashed", "Parent Relationship": "Outer", "Startup Cost": 42340.07, "Total Cost": 43012.32, "Plan Rows": 53780, "Plan Width": 40, "Actual Startup Time": 1952.345, "Actual Total Time": 1952.345, "Actual Rows": 0, "Actual Loops": 1, "Group By Key": ["public.partsupp.ps_partkey"], "Filter": "(sum((public.partsupp.ps_supplycost * (public.partsupp.ps_availqty)::double precision)) > $1)", "Rows Removed by Filter": 295792, "Plans": [{"Node Type": "Nested Loop", "Parent Relationship": "Outer", "Join Type": "Inner", "Startup Cost": 1.32, "Total Cost": 41398.92, "Plan Rows": 53780, "Plan Width": 24, "Actual Startup Time": 0.115, "Actual Total Time": 704.981, "Actual Rows": 313920, "Actual Loops": 1, "Inner Unique": false, "Plans": [{"Node Type": "Hash Join", "Parent Relationship": "Outer", "Join Type": "Inner", "Startup Cost": 1.32, "Total Cost": 3574.95, "Plan Rows": 4000, "Plan Width": 8, "Actual Startup Time": 0.092, "Actual Total Time": 52.151, "Actual Rows": 3924, "Actual Loops": 1, "Inner Unique": true, "Hash Cond": "(public.supplier.s_nationkey = public.nation.n_nationkey)", "Plans": [{"Node Type": "Seq Scan", "Parent Relationship": "Outer", "Relation Name": "supplier", "Alias": "supplier", "Startup Cost": 0.0, "Total Cost": 3283.0, "Plan Rows": 100000, "Plan Width": 12, "Actual Startup Time": 0.018, "Actual Total Time": 29.388, "Actual Rows": 100000, "Actual Loops": 1}, {"Node Type": "Hash", "Parent Relationship": "Inner", "Startup Cost": 1.31, "Total Cost": 1.31, "Plan Rows": 1, "Plan Width": 4, "Actual Startup Time": 0.028, "Actual Total Time": 0.028, "Actual Rows": 1, "Actual Loops": 1, "Hash Buckets": 32768, "Hash Batches": 1, "Original Hash Batches": 1, "Peak Memory Usage": 1, "Plans": [{"Node Type": "Seq Scan", "Parent Relationship": "Outer", "Relation Name": "nation", "Alias": "nation", "Startup Cost": 0.0, "Total Cost": 1.31, "Plan Rows": 1, "Plan Width": 4, "Actual Startup Time": 0.019, "Actual Total Time": 0.022, "Actual Rows": 1, "Actual Loops": 1, "Filter": "(n_name = 'MOZAMBIQUE'::bpchar)", "Rows Removed by Filter": 24}]}]}, {"Node Type": "Index Scan", "Parent Relationship": "Inner", "Scan Direction": "Forward", "Index Name": "idx_partsupp_suppkey", "Relation Name": "partsupp", "Alias": "partsupp", "Startup Cost": 0.0, "Total Cost": 9.33, "Plan Rows": 13, "Plan Width": 32, "Actual Startup Time": 48.312, "Actual Total Time": 581.52, "Actual Rows": 313920, "Actual Loops": 3924, "Index Cond": "(ps_suppkey = public.supplier.s_suppkey)", "Rows Removed by Index Recheck": 0}]}]}]}, "Triggers": [], "Planner Runtime": 1, "Total Runtime": 1953.092, "Unique SQL Id": 2932834211}}, "(64, 77)": {"explain_plan": {"Plan": {"Node Type": "Sort", "Startup Cost": 93166.14, "Total Cost": 93300.59, "Plan Rows": 53780, "Plan Width": 40, "Sort Key": ["(sum((public.partsupp.ps_supplycost * (public.partsupp.ps_availqty)::double precision))) DESC"], "Plans": [{"Node Type": "Aggregate", "Strategy": "Plain", "Parent Relationship": "exec_init_plan", "Subplan Name": "InitPlan 1 (returns $1)", "Startup Cost": 43865.19, "Total Cost": 43865.2, "Plan Rows": 1, "Plan Width": 24, "Plans": [{"Node Type": "Nested Loop", "Parent Relationship": "Outer", "Join Type": "Inner", "Startup Cost": 12.7, "Total Cost": 43461.84, "Plan Rows": 53780, "Plan Width": 16, "Inner Unique": false, "Plans": [{"Node Type": "Hash Join", "Parent Relationship": "Outer", "Join Type": "Inner", "Startup Cost": 12.7, "Total Cost": 5637.87, "Plan Rows": 4000, "Plan Width": 8, "Inner Unique": true, "Hash Cond": "(public.supplier.s_nationkey = public.nation.n_nationkey)", "Plans": [{"Node Type": "Index Scan", "Parent Relationship": "Outer", "Scan Direction": "Forward", "Index Name": "supplier_pkey", "Relation Name": "supplier", "Alias": "supplier", "Startup Cost": 0.0, "Total Cost": 5334.54, "Plan Rows": 100000, "Plan Width": 12}, {"Node Type": "Hash", "Parent Relationship": "Inner", "Startup Cost": 12.69, "Total Cost": 12.69, "Plan Rows": 1, "Plan Width": 4, "Plans": [{"Node Type": "Index Scan", "Parent Relationship": "Outer", "Scan Direction": "Forward", "Index Name": "nation_pkey", "Relation Name": "nation", "Alias": "nation", "Startup Cost": 0.0, "Total Cost": 12.69, "Plan Rows": 1, "Plan Width": 4, "Filter": "(n_name = 'MOZAMBIQUE'::bpchar)"}]}]}, {"Node Type": "Index Scan", "Parent Relationship": "Inner", "Scan Direction": "Forward", "Index Name": "idx_partsupp_suppkey", "Relation Name": "partsupp", "Alias": "partsupp", "Startup Cost": 0.0, "Total Cost": 9.33, "Plan Rows": 13, "Plan Width": 24, "Index Cond": "(ps_suppkey = public.supplier.s_suppkey)"}]}]}, {"Node Type": "Aggregate", "Strategy": "Hashed", "Parent Relationship": "Outer", "Startup Cost": 44402.99, "Total Cost": 45075.24, "Plan Rows": 53780, "Plan Width": 40, "Group By Key": ["public.partsupp.ps_partkey"], "Filter": "(sum((public.partsupp.ps_supplycost * (public.partsupp.ps_availqty)::double precision)) > $1)", "Plans": [{"Node Type": "Nested Loop", "Parent Relationship": "Outer", "Join Type": "Inner", "Startup Cost": 12.7, "Total Cost": 43461.84, "Plan Rows": 53780, "Plan Width": 24, "Inner Unique": false, "Plans": [{"Node Type": "Hash Join", "Parent Relationship": "Outer", "Join Type": "Inner", "Startup Cost": 12.7, "Total Cost": 5637.87, "Plan Rows": 4000, "Plan Width": 8, "Inner Unique": true, "Hash Cond": "(public.supplier.s_nationkey = public.nation.n_nationkey)", "Plans": [{"Node Type": "Index Scan", "Parent Relationship": "Outer", "Scan Direction": "Forward", "Index Name": "supplier_pkey", "Relation Name": "supplier", "Alias": "supplier", "Startup Cost": 0.0, "Total Cost": 5334.54, "Plan Rows": 100000, "Plan Width": 12}, {"Node Type": "Hash", "Parent Relationship": "Inner", "Startup Cost": 12.69, "Total Cost": 12.69, "Plan Rows": 1, "Plan Width": 4, "Plans": [{"Node Type": "Index Scan", "Parent Relationship": "Outer", "Scan Direction": "Forward", "Index Name": "nation_pkey", "Relation Name": "nation", "Alias": "nation", "Startup Cost": 0.0, "Total Cost": 12.69, "Plan Rows": 1, "Plan Width": 4, "Filter": "(n_name = 'MOZAMBIQUE'::bpchar)"}]}]}, {"Node Type": "Index Scan", "Parent Relationship": "Inner", "Scan Direction": "Forward", "Index Name": "idx_partsupp_suppkey", "Relation Name": "partsupp", "Alias": "partsupp", "Startup Cost": 0.0, "Total Cost": 9.33, "Plan Rows": 13, "Plan Width": 32, "Index Cond": "(ps_suppkey = public.supplier.s_suppkey)"}]}]}]}, "Unique SQL Id": 2932834211, "Planner Runtime": 1}, "explain_analyze_plan": {"Plan": {"Node Type": "Sort", "Startup Cost": 93166.14, "Total Cost": 93300.59, "Plan Rows": 53780, "Plan Width": 40, "Actual Startup Time": 2174.384, "Actual Total Time": 2174.384, "Actual Rows": 0, "Actual Loops": 1, "Sort Key": ["(sum((public.partsupp.ps_supplycost * (public.partsupp.ps_availqty)::double precision))) DESC"], "Sort Method": "quicksort", "Sort Space Used": 25, "Sort Space Type": "Memory", "Plans": [{"Node Type": "Aggregate", "Strategy": "Plain", "Parent Relationship": "exec_init_plan", "Subplan Name": "InitPlan 1 (returns $1)", "Startup Cost": 43865.19, "Total Cost": 43865.2, "Plan Rows": 1, "Plan Width": 24, "Actual Startup Time": 1034.184, "Actual Total Time": 1034.185, "Actual Rows": 1, "Actual Loops": 1, "Plans": [{"Node Type": "Nested Loop", "Parent Relationship": "Outer", "Join Type": "Inner", "Startup Cost": 12.7, "Total Cost": 43461.84, "Plan Rows": 53780, "Plan Width": 16, "Actual Startup Time": 0.174, "Actual Total Time": 897.373, "Actual Rows": 313920, "Actual Loops": 1, "Inner Unique": false, "Plans": [{"Node Type": "Hash Join", "Parent Relationship": "Outer", "Join Type": "Inner", "Startup Cost": 12.7, "Total Cost": 5637.87, "Plan Rows": 4000, "Plan Width": 8, "Actual Startup Time": 0.145, "Actual Total Time": 91.714, "Actual Rows": 3924, "Actual Loops": 1, "Inner Unique": true, "Hash Cond": "(public.supplier.s_nationkey = public.nation.n_nationkey)", "Plans": [{"Node Type": "Index Scan", "Parent Relationship": "Outer", "Scan Direction": "Forward", "Index Name": "supplier_pkey", "Relation Name": "supplier", "Alias": "supplier", "Startup Cost": 0.0, "Total Cost": 5334.54, "Plan Rows": 100000, "Plan Width": 12, "Actual Startup Time": 0.031, "Actual Total Time": 70.685, "Actual Rows": 100000, "Actual Loops": 1}, {"Node Type": "Hash", "Parent Relationship": "Inner", "Startup Cost": 12.69, "Total Cost": 12.69, "Plan Rows": 1, "Plan Width": 4, "Actual Startup Time": 0.046, "Actual Total Time": 0.046, "Actual Rows": 1, "Actual Loops": 1, "Hash Buckets": 32768, "Hash Batches": 1, "Original Hash Batches": 1, "Peak Memory Usage": 1, "Plans": [{"Node Type": "Index Scan", "Parent Relationship": "Outer", "Scan Direction": "Forward", "Index Name": "nation_pkey", "Relation Name": "nation", "Alias": "nation", "Startup Cost": 0.0, "Total Cost": 12.69, "Plan Rows": 1, "Plan Width": 4, "Actual Startup Time": 0.031, "Actual Total Time": 0.038, "Actual Rows": 1, "Actual Loops": 1, "Filter": "(n_name = 'MOZAMBIQUE'::bpchar)", "Rows Removed by Filter": 24}]}]}, {"Node Type": "Index Scan", "Parent Relationship": "Inner", "Scan Direction": "Forward", "Index Name": "idx_partsupp_suppkey", "Relation Name": "partsupp", "Alias": "partsupp", "Startup Cost": 0.0, "Total Cost": 9.33, "Plan Rows": 13, "Plan Width": 24, "Actual Startup Time": 57.484, "Actual Total Time": 738.465, "Actual Rows": 313920, "Actual Loops": 3924, "Index Cond": "(ps_suppkey = public.supplier.s_suppkey)", "Rows Removed by Index Recheck": 0}]}]}, {"Node Type": "Aggregate", "Strategy": "Hashed", "Parent Relationship": "Outer", "Startup Cost": 44402.99, "Total Cost": 45075.24, "Plan Rows": 53780, "Plan Width": 40, "Actual Startup Time": 2173.992, "Actual Total Time": 2173.992, "Actual Rows": 0, "Actual Loops": 1, "Group By Key": ["public.partsupp.ps_partkey"], "Filter": "(sum((public.partsupp.ps_supplycost * (public.partsupp.ps_availqty)::double precision)) > $1)", "Rows Removed by Filter": 295792, "Plans": [{"Node Type": "Nested Loop", "Parent Relationship": "Outer", "Join Type": "Inner", "Startup Cost": 12.7, "Total Cost": 43461.84, "Plan Rows": 53780, "Plan Width": 24, "Actual Startup Time": 0.137, "Actual Total Time": 737.983, "Actual Rows": 313920, "Actual Loops": 1, "Inner Unique": false, "Plans": [{"Node Type": "Hash Join", "Parent Relationship": "Outer", "Join Type": "Inner", "Startup Cost": 12.7, "Total Cost": 5637.87, "Plan Rows": 4000, "Plan Width": 8, "Actual Startup Time": 0.116, "Actual Total Time": 79.01, "Actual Rows": 3924, "Actual Loops": 1, "Inner Unique": true, "Hash Cond": "(public.supplier.s_nationkey = public.nation.n_nationkey)", "Plans": [{"Node Type": "Index Scan", "Parent Relationship": "Outer", "Scan Direction": "Forward", "Index Name": "supplier_pkey", "Relation Name": "supplier", "Alias": "supplier", "Startup Cost": 0.0, "Total Cost": 5334.54, "Plan Rows": 100000, "Plan Width": 12, "Actual Startup Time": 0.027, "Actual Total Time": 57.603, "Actual Rows": 100000, "Actual Loops": 1}, {"Node Type": "Hash", "Parent Relationship": "Inner", "Startup Cost": 12.69, "Total Cost": 12.69, "Plan Rows": 1, "Plan Width": 4, "Actual Startup Time": 0.036, "Actual Total Time": 0.036, "Actual Rows": 1, "Actual Loops": 1, "Hash Buckets": 32768, "Hash Batches": 1, "Original Hash Batches": 1, "Peak Memory Usage": 1, "Plans": [{"Node Type": "Index Scan", "Parent Relationship": "Outer", "Scan Direction": "Forward", "Index Name": "nation_pkey", "Relation Name": "nation", "Alias": "nation", "Startup Cost": 0.0, "Total Cost": 12.69, "Plan Rows": 1, "Plan Width": 4, "Actual Startup Time": 0.023, "Actual Total Time": 0.029, "Actual Rows": 1, "Actual Loops": 1, "Filter": "(n_name = 'MOZAMBIQUE'::bpchar)", "Rows Removed by Filter": 24}]}]}, {"Node Type": "Index Scan", "Parent Relationship": "Inner", "Scan Direction": "Forward", "Index Name": "idx_partsupp_suppkey", "Relation Name": "partsupp", "Alias": "partsupp", "Startup Cost": 0.0, "Total Cost": 9.33, "Plan Rows": 13, "Plan Width": 32, "Actual Startup Time": 47.877, "Actual Total Time": 587.276, "Actual Rows": 313920, "Actual Loops": 3924, "Index Cond": "(ps_suppkey = public.supplier.s_suppkey)", "Rows Removed by Index Recheck": 0}]}]}]}, "Triggers": [], "Planner Runtime": 0, "Total Runtime": 2174.678, "Unique SQL Id": 2932834211}}, "(64, 78)": {"explain_plan": {"Plan": {"Node Type": "Sort", "Startup Cost": 614546.2, "Total Cost": 614680.65, "Plan Rows": 53780, "Plan Width": 40, "Sort Key": ["(sum((public.partsupp.ps_supplycost * (public.partsupp.ps_availqty)::double precision))) DESC"], "Plans": [{"Node Type": "Aggregate", "Strategy": "Plain", "Parent Relationship": "exec_init_plan", "Subplan Name": "InitPlan 1 (returns $0)", "Startup Cost": 304555.21, "Total Cost": 304555.23, "Plan Rows": 1, "Plan Width": 24, "Plans": [{"Node Type": "Hash Join", "Parent Relationship": "Outer", "Join Type": "Inner", "Startup Cost": 3624.95, "Total Cost": 304151.86, "Plan Rows": 53780, "Plan Width": 16, "Inner Unique": false, "Hash Cond": "(public.partsupp.ps_suppkey = public.supplier.s_suppkey)", "Plans": [{"Node Type": "Seq Scan", "Parent Relationship": "Outer", "Relation Name": "partsupp", "Alias": "partsupp", "Startup Cost": 0.0, "Total Cost": 269987.72, "Plan Rows": 8000372, "Plan Width": 24}, {"Node Type": "Hash", "Parent Relationship": "Inner", "Startup Cost": 3574.95, "Total Cost": 3574.95, "Plan Rows": 4000, "Plan Width": 8, "Plans": [{"Node Type": "Hash Join", "Parent Relationship": "Outer", "Join Type": "Inner", "Startup Cost": 1.32, "Total Cost": 3574.95, "Plan Rows": 4000, "Plan Width": 8, "Inner Unique": true, "Hash Cond": "(public.supplier.s_nationkey = public.nation.n_nationkey)", "Plans": [{"Node Type": "Seq Scan", "Parent Relationship": "Outer", "Relation Name": "supplier", "Alias": "supplier", "Startup Cost": 0.0, "Total Cost": 3283.0, "Plan Rows": 100000, "Plan Width": 12}, {"Node Type": "Hash", "Parent Relationship": "Inner", "Startup Cost": 1.31, "Total Cost": 1.31, "Plan Rows": 1, "Plan Width": 4, "Plans": [{"Node Type": "Seq Scan", "Parent Relationship": "Outer", "Relation Name": "nation", "Alias": "nation", "Startup Cost": 0.0, "Total Cost": 1.31, "Plan Rows": 1, "Plan Width": 4, "Filter": "(n_name = 'MOZAMBIQUE'::bpchar)"}]}]}]}]}]}, {"Node Type": "Aggregate", "Strategy": "Hashed", "Parent Relationship": "Outer", "Startup Cost": 305093.02, "Total Cost": 305765.27, "Plan Rows": 53780, "Plan Width": 40, "Group By Key": ["public.partsupp.ps_partkey"], "Filter": "(sum((public.partsupp.ps_supplycost * (public.partsupp.ps_availqty)::double precision)) > $0)", "Plans": [{"Node Type": "Hash Join", "Parent Relationship": "Outer", "Join Type": "Inner", "Startup Cost": 3624.95, "Total Cost": 304151.86, "Plan Rows": 53780, "Plan Width": 24, "Inner Unique": false, "Hash Cond": "(public.partsupp.ps_suppkey = public.supplier.s_suppkey)", "Plans": [{"Node Type": "Seq Scan", "Parent Relationship": "Outer", "Relation Name": "partsupp", "Alias": "partsupp", "Startup Cost": 0.0, "Total Cost": 269987.72, "Plan Rows": 8000372, "Plan Width": 32}, {"Node Type": "Hash", "Parent Relationship": "Inner", "Startup Cost": 3574.95, "Total Cost": 3574.95, "Plan Rows": 4000, "Plan Width": 8, "Plans": [{"Node Type": "Hash Join", "Parent Relationship": "Outer", "Join Type": "Inner", "Startup Cost": 1.32, "Total Cost": 3574.95, "Plan Rows": 4000, "Plan Width": 8, "Inner Unique": true, "Hash Cond": "(public.supplier.s_nationkey = public.nation.n_nationkey)", "Plans": [{"Node Type": "Seq Scan", "Parent Relationship": "Outer", "Relation Name": "supplier", "Alias": "supplier", "Startup Cost": 0.0, "Total Cost": 3283.0, "Plan Rows": 100000, "Plan Width": 12}, {"Node Type": "Hash", "Parent Relationship": "Inner", "Startup Cost": 1.31, "Total Cost": 1.31, "Plan Rows": 1, "Plan Width": 4, "Plans": [{"Node Type": "Seq Scan", "Parent Relationship": "Outer", "Relation Name": "nation", "Alias": "nation", "Startup Cost": 0.0, "Total Cost": 1.31, "Plan Rows": 1, "Plan Width": 4, "Filter": "(n_name = 'MOZAMBIQUE'::bpchar)"}]}]}]}]}]}]}, "Unique SQL Id": 2932834211, "Planner Runtime": 1}, "explain_analyze_plan": null}, "(64, 79)": {"explain_plan": {"Plan": {"Node Type": "Sort", "Startup Cost": 6000102466442.74, "Total Cost": 6000102466577.19, "Plan Rows": 53780, "Plan Width": 40, "Sort Key": ["(sum((public.partsupp.ps_supplycost * (public.partsupp.ps_availqty)::double precision))) DESC"], "Plans": [{"Node Type": "Aggregate", "Strategy": "Plain", "Parent Relationship": "exec_init_plan", "Subplan Name": "InitPlan 1 (returns $0)", "Startup Cost": 3000051230503.49, "Total Cost": 3000051230503.5, "Plan Rows": 1, "Plan Width": 24, "Plans": [{"Node Type": "Hash Join", "Parent Relationship": "Outer", "Join Type": "Inner", "Startup Cost": 1020010396837.26, "Total Cost": 3000051230100.14, "Plan Rows": 53780, "Plan Width": 16, "Inner Unique": true, "Hash Cond": "(public.supplier.s_nationkey = public.nation.n_nationkey)", "Plans": [{"Node Type": "Merge Join", "Parent Relationship": "Outer", "Join Type": "Inner", "Startup Cost": 20010395568.5, "Total Cost": 2000051224923.92, "Plan Rows": 1344499, "Plan Width": 20, "Inner Unique": false, "Merge Cond": "(public.supplier.s_suppkey = public.partsupp.ps_suppkey)", "Plans": [{"Node Type": "Index Scan", "Parent Relationship": "Outer", "Scan Direction": "Forward", "Index Name": "supplier_pkey", "Relation Name": "supplier", "Alias": "supplier", "Startup Cost": 10000000000.0, "Total Cost": 1000000533454.38, "Plan Rows": 100000, "Plan Width": 12}, {"Node Type": "Index Scan", "Parent Relationship": "Inner", "Scan Direction": "Forward", "Index Name": "idx_partsupp_suppkey", "Relation Name": "partsupp", "Alias": "partsupp", "Startup Cost": 10000000000.0, "Total Cost": 1000100160480.77, "Plan Rows": 8000372, "Plan Width": 24}]}, {"Node Type": "Hash", "Parent Relationship": "Inner", "Startup Cost": 1000000001268.75, "Total Cost": 1000000001268.75, "Plan Rows": 1, "Plan Width": 4, "Plans": [{"Node Type": "Index Scan", "Parent Relationship": "Outer", "Scan Direction": "Forward", "Index Name": "nation_pkey", "Relation Name": "nation", "Alias": "nation", "Startup Cost": 10000000000.0, "Total Cost": 1000000001268.75, "Plan Rows": 1, "Plan Width": 4, "Filter": "(n_name = 'MOZAMBIQUE'::bpchar)"}]}]}]}, {"Node Type": "Aggregate", "Strategy": "Hashed", "Parent Relationship": "Outer", "Startup Cost": 3000051231041.29, "Total Cost": 3000051231713.54, "Plan Rows": 53780, "Plan Width": 40, "Group By Key": ["public.partsupp.ps_partkey"], "Filter": "(sum((public.partsupp.ps_supplycost * (public.partsupp.ps_availqty)::double precision)) > $0)", "Plans": [{"Node Type": "Hash Join", "Parent Relationship": "Outer", "Join Type": "Inner", "Startup Cost": 1020010396837.26, "Total Cost": 3000051230100.14, "Plan Rows": 53780, "Plan Width": 24, "Inner Unique": true, "Hash Cond": "(public.supplier.s_nationkey = public.nation.n_nationkey)", "Plans": [{"Node Type": "Merge Join", "Parent Relationship": "Outer", "Join Type": "Inner", "Startup Cost": 20010395568.5, "Total Cost": 2000051224923.92, "Plan Rows": 1344499, "Plan Width": 28, "Inner Unique": false, "Merge Cond": "(public.supplier.s_suppkey = public.partsupp.ps_suppkey)", "Plans": [{"Node Type": "Index Scan", "Parent Relationship": "Outer", "Scan Direction": "Forward", "Index Name": "supplier_pkey", "Relation Name": "supplier", "Alias": "supplier", "Startup Cost": 10000000000.0, "Total Cost": 1000000533454.38, "Plan Rows": 100000, "Plan Width": 12}, {"Node Type": "Index Scan", "Parent Relationship": "Inner", "Scan Direction": "Forward", "Index Name": "idx_partsupp_suppkey", "Relation Name": "partsupp", "Alias": "partsupp", "Startup Cost": 10000000000.0, "Total Cost": 1000100160480.77, "Plan Rows": 8000372, "Plan Width": 32}]}, {"Node Type": "Hash", "Parent Relationship": "Inner", "Startup Cost": 1000000001268.75, "Total Cost": 1000000001268.75, "Plan Rows": 1, "Plan Width": 4, "Plans": [{"Node Type": "Index Scan", "Parent Relationship": "Outer", "Scan Direction": "Forward", "Index Name": "nation_pkey", "Relation Name": "nation", "Alias": "nation", "Startup Cost": 10000000000.0, "Total Cost": 1000000001268.75, "Plan Rows": 1, "Plan Width": 4, "Filter": "(n_name = 'MOZAMBIQUE'::bpchar)"}]}]}]}]}, "Unique SQL Id": 2932834211, "Planner Runtime": 1}, "explain_analyze_plan": null}, "(64, 80)": {"explain_plan": {"Plan": {"Node Type": "Sort", "Startup Cost": 86957.11, "Total Cost": 87091.56, "Plan Rows": 53780, "Plan Width": 40, "Sort Key": ["(sum((public.partsupp.ps_supplycost * (public.partsupp.ps_availqty)::double precision))) DESC"], "Plans": [{"Node Type": "Aggregate", "Strategy": "Plain", "Parent Relationship": "exec_init_plan", "Subplan Name": "InitPlan 1 (returns $2)", "Startup Cost": 40760.67, "Total Cost": 40760.68, "Plan Rows": 1, "Plan Width": 24, "Plans": [{"Node Type": "Nested Loop", "Parent Relationship": "Outer", "Join Type": "Inner", "Startup Cost": 95.25, "Total Cost": 40357.32, "Plan Rows": 53780, "Plan Width": 16, "Inner Unique": false, "Plans": [{"Node Type": "Nested Loop", "Parent Relationship": "Outer", "Join Type": "Inner", "Startup Cost": 95.25, "Total Cost": 2533.35, "Plan Rows": 4000, "Plan Width": 8, "Inner Unique": false, "Plans": [{"Node Type": "Seq Scan", "Parent Relationship": "Outer", "Relation Name": "nation", "Alias": "nation", "Startup Cost": 0.0, "Total Cost": 1.31, "Plan Rows": 1, "Plan Width": 4, "Filter": "(n_name = 'MOZAMBIQUE'::bpchar)"}, {"Node Type": "Bitmap Heap Scan", "Parent Relationship": "Inner", "Relation Name": "supplier", "Alias": "supplier", "Startup Cost": 95.25, "Total Cost": 2492.04, "Plan Rows": 4000, "Plan Width": 12, "Recheck Cond": "(s_nationkey = public.nation.n_nationkey)", "Plans": [{"Node Type": "Bitmap Index Scan", "Parent Relationship": "Outer", "Index Name": "idx_supplier_nation_key", "Startup Cost": 0.0, "Total Cost": 94.25, "Plan Rows": 4000, "Plan Width": 0, "Index Cond": "(s_nationkey = public.nation.n_nationkey)"}]}]}, {"Node Type": "Index Scan", "Parent Relationship": "Inner", "Scan Direction": "Forward", "Index Name": "idx_partsupp_suppkey", "Relation Name": "partsupp", "Alias": "partsupp", "Startup Cost": 0.0, "Total Cost": 9.33, "Plan Rows": 13, "Plan Width": 24, "Index Cond": "(ps_suppkey = public.supplier.s_suppkey)"}]}]}, {"Node Type": "Aggregate", "Strategy": "Hashed", "Parent Relationship": "Outer", "Startup Cost": 41298.47, "Total Cost": 41970.72, "Plan Rows": 53780, "Plan Width": 40, "Group By Key": ["public.partsupp.ps_partkey"], "Filter": "(sum((public.partsupp.ps_supplycost * (public.partsupp.ps_availqty)::double precision)) > $2)", "Plans": [{"Node Type": "Nested Loop", "Parent Relationship": "Outer", "Join Type": "Inner", "Startup Cost": 95.25, "Total Cost": 40357.32, "Plan Rows": 53780, "Plan Width": 24, "Inner Unique": false, "Plans": [{"Node Type": "Nested Loop", "Parent Relationship": "Outer", "Join Type": "Inner", "Startup Cost": 95.25, "Total Cost": 2533.35, "Plan Rows": 4000, "Plan Width": 8, "Inner Unique": false, "Plans": [{"Node Type": "Seq Scan", "Parent Relationship": "Outer", "Relation Name": "nation", "Alias": "nation", "Startup Cost": 0.0, "Total Cost": 1.31, "Plan Rows": 1, "Plan Width": 4, "Filter": "(n_name = 'MOZAMBIQUE'::bpchar)"}, {"Node Type": "Bitmap Heap Scan", "Parent Relationship": "Inner", "Relation Name": "supplier", "Alias": "supplier", "Startup Cost": 95.25, "Total Cost": 2492.04, "Plan Rows": 4000, "Plan Width": 12, "Recheck Cond": "(s_nationkey = public.nation.n_nationkey)", "Plans": [{"Node Type": "Bitmap Index Scan", "Parent Relationship": "Outer", "Index Name": "idx_supplier_nation_key", "Startup Cost": 0.0, "Total Cost": 94.25, "Plan Rows": 4000, "Plan Width": 0, "Index Cond": "(s_nationkey = public.nation.n_nationkey)"}]}]}, {"Node Type": "Index Scan", "Parent Relationship": "Inner", "Scan Direction": "Forward", "Index Name": "idx_partsupp_suppkey", "Relation Name": "partsupp", "Alias": "partsupp", "Startup Cost": 0.0, "Total Cost": 9.33, "Plan Rows": 13, "Plan Width": 32, "Index Cond": "(ps_suppkey = public.supplier.s_suppkey)"}]}]}]}, "Unique SQL Id": 2932834211, "Planner Runtime": 1}, "explain_analyze_plan": {"Plan": {"Node Type": "Sort", "Startup Cost": 86957.11, "Total Cost": 87091.56, "Plan Rows": 53780, "Plan Width": 40, "Actual Startup Time": 1757.818, "Actual Total Time": 1757.818, "Actual Rows": 0, "Actual Loops": 1, "Sort Key": ["(sum((public.partsupp.ps_supplycost * (public.partsupp.ps_availqty)::double precision))) DESC"], "Sort Method": "quicksort", "Sort Space Used": 25, "Sort Space Type": "Memory", "Plans": [{"Node Type": "Aggregate", "Strategy": "Plain", "Parent Relationship": "exec_init_plan", "Subplan Name": "InitPlan 1 (returns $2)", "Startup Cost": 40760.67, "Total Cost": 40760.68, "Plan Rows": 1, "Plan Width": 24, "Actual Startup Time": 685.274, "Actual Total Time": 685.274, "Actual Rows": 1, "Actual Loops": 1, "Plans": [{"Node Type": "Nested Loop", "Parent Relationship": "Outer", "Join Type": "Inner", "Startup Cost": 95.25, "Total Cost": 40357.32, "Plan Rows": 53780, "Plan Width": 16, "Actual Startup Time": 0.989, "Actual Total Time": 550.199, "Actual Rows": 313920, "Actual Loops": 1, "Inner Unique": false, "Plans": [{"Node Type": "Nested Loop", "Parent Relationship": "Outer", "Join Type": "Inner", "Startup Cost": 95.25, "Total Cost": 2533.35, "Plan Rows": 4000, "Plan Width": 8, "Actual Startup Time": 0.963, "Actual Total Time": 7.289, "Actual Rows": 3924, "Actual Loops": 1, "Inner Unique": false, "Plans": [{"Node Type": "Seq Scan", "Parent Relationship": "Outer", "Relation Name": "nation", "Alias": "nation", "Startup Cost": 0.0, "Total Cost": 1.31, "Plan Rows": 1, "Plan Width": 4, "Actual Startup Time": 0.043, "Actual Total Time": 0.055, "Actual Rows": 1, "Actual Loops": 1, "Filter": "(n_name = 'MOZAMBIQUE'::bpchar)", "Rows Removed by Filter": 24}, {"Node Type": "Bitmap Heap Scan", "Parent Relationship": "Inner", "Relation Name": "supplier", "Alias": "supplier", "Startup Cost": 95.25, "Total Cost": 2492.04, "Plan Rows": 4000, "Plan Width": 12, "Actual Startup Time": 0.903, "Actual Total Time": 6.347, "Actual Rows": 3924, "Actual Loops": 1, "Recheck Cond": "(s_nationkey = public.nation.n_nationkey)", "Rows Removed by Index Recheck": 0, "Exact Heap Blocks": 1895, "Lossy Heap Blocks": 1895, "Plans": [{"Node Type": "Bitmap Index Scan", "Parent Relationship": "Outer", "Index Name": "idx_supplier_nation_key", "Startup Cost": 0.0, "Total Cost": 94.25, "Plan Rows": 4000, "Plan Width": 0, "Actual Startup Time": 0.624, "Actual Total Time": 0.624, "Actual Rows": 3924, "Actual Loops": 1, "Index Cond": "(s_nationkey = public.nation.n_nationkey)"}]}]}, {"Node Type": "Index Scan", "Parent Relationship": "Inner", "Scan Direction": "Forward", "Index Name": "idx_partsupp_suppkey", "Relation Name": "partsupp", "Alias": "partsupp", "Startup Cost": 0.0, "Total Cost": 9.33, "Plan Rows": 13, "Plan Width": 24, "Actual Startup Time": 41.836, "Actual Total Time": 476.637, "Actual Rows": 313920, "Actual Loops": 3924, "Index Cond": "(ps_suppkey = public.supplier.s_suppkey)", "Rows Removed by Index Recheck": 0}]}]}, {"Node Type": "Aggregate", "Strategy": "Hashed", "Parent Relationship": "Outer", "Startup Cost": 41298.47, "Total Cost": 41970.72, "Plan Rows": 53780, "Plan Width": 40, "Actual Startup Time": 1757.278, "Actual Total Time": 1757.278, "Actual Rows": 0, "Actual Loops": 1, "Group By Key": ["public.partsupp.ps_partkey"], "Filter": "(sum((public.partsupp.ps_supplycost * (public.partsupp.ps_availqty)::double precision)) > $2)", "Rows Removed by Filter": 295792, "Plans": [{"Node Type": "Nested Loop", "Parent Relationship": "Outer", "Join Type": "Inner", "Startup Cost": 95.25, "Total Cost": 40357.32, "Plan Rows": 53780, "Plan Width": 24, "Actual Startup Time": 0.989, "Actual Total Time": 653.431, "Actual Rows": 313920, "Actual Loops": 1, "Inner Unique": false, "Plans": [{"Node Type": "Nested Loop", "Parent Relationship": "Outer", "Join Type": "Inner", "Startup Cost": 95.25, "Total Cost": 2533.35, "Plan Rows": 4000, "Plan Width": 8, "Actual Startup Time": 0.965, "Actual Total Time": 8.619, "Actual Rows": 3924, "Actual Loops": 1, "Inner Unique": false, "Plans": [{"Node Type": "Seq Scan", "Parent Relationship": "Outer", "Relation Name": "nation", "Alias": "nation", "Startup Cost": 0.0, "Total Cost": 1.31, "Plan Rows": 1, "Plan Width": 4, "Actual Startup Time": 0.03, "Actual Total Time": 0.047, "Actual Rows": 1, "Actual Loops": 1, "Filter": "(n_name = 'MOZAMBIQUE'::bpchar)", "Rows Removed by Filter": 24}, {"Node Type": "Bitmap Heap Scan", "Parent Relationship": "Inner", "Relation Name": "supplier", "Alias": "supplier", "Startup Cost": 95.25, "Total Cost": 2492.04, "Plan Rows": 4000, "Plan Width": 12, "Actual Startup Time": 0.928, "Actual Total Time": 7.555, "Actual Rows": 3924, "Actual Loops": 1, "Recheck Cond": "(s_nationkey = public.nation.n_nationkey)", "Rows Removed by Index Recheck": 0, "Exact Heap Blocks": 1895, "Lossy Heap Blocks": 1895, "Plans": [{"Node Type": "Bitmap Index Scan", "Parent Relationship": "Outer", "Index Name": "idx_supplier_nation_key", "Startup Cost": 0.0, "Total Cost": 94.25, "Plan Rows": 4000, "Plan Width": 0, "Actual Startup Time": 0.644, "Actual Total Time": 0.644, "Actual Rows": 3924, "Actual Loops": 1, "Index Cond": "(s_nationkey = public.nation.n_nationkey)"}]}]}, {"Node Type": "Index Scan", "Parent Relationship": "Inner", "Scan Direction": "Forward", "Index Name": "idx_partsupp_suppkey", "Relation Name": "partsupp", "Alias": "partsupp", "Startup Cost": 0.0, "Total Cost": 9.33, "Plan Rows": 13, "Plan Width": 32, "Actual Startup Time": 48.203, "Actual Total Time": 572.851, "Actual Rows": 313920, "Actual Loops": 3924, "Index Cond": "(ps_suppkey = public.supplier.s_suppkey)", "Rows Removed by Index Recheck": 0}]}]}]}, "Triggers": [], "Planner Runtime": 0, "Total Runtime": 1758.153, "Unique SQL Id": 2932834211}}, "(64, 81)": {"explain_plan": {"Plan": {"Node Type": "Sort", "Startup Cost": 86979.86, "Total Cost": 87114.31, "Plan Rows": 53780, "Plan Width": 40, "Sort Key": ["(sum((public.partsupp.ps_supplycost * (public.partsupp.ps_availqty)::double precision))) DESC"], "Plans": [{"Node Type": "Aggregate", "Strategy": "Plain", "Parent Relationship": "exec_init_plan", "Subplan Name": "InitPlan 1 (returns $2)", "Startup Cost": 40772.04, "Total Cost": 40772.06, "Plan Rows": 1, "Plan Width": 24, "Plans": [{"Node Type": "Nested Loop", "Parent Relationship": "Outer", "Join Type": "Inner", "Startup Cost": 95.25, "Total Cost": 40368.69, "Plan Rows": 53780, "Plan Width": 16, "Inner Unique": false, "Plans": [{"Node Type": "Nested Loop", "Parent Relationship": "Outer", "Join Type": "Inner", "Startup Cost": 95.25, "Total Cost": 2544.73, "Plan Rows": 4000, "Plan Width": 8, "Inner Unique": false, "Plans": [{"Node Type": "Index Scan", "Parent Relationship": "Outer", "Scan Direction": "Forward", "Index Name": "nation_pkey", "Relation Name": "nation", "Alias": "nation", "Startup Cost": 0.0, "Total Cost": 12.69, "Plan Rows": 1, "Plan Width": 4, "Filter": "(n_name = 'MOZAMBIQUE'::bpchar)"}, {"Node Type": "Bitmap Heap Scan", "Parent Relationship": "Inner", "Relation Name": "supplier", "Alias": "supplier", "Startup Cost": 95.25, "Total Cost": 2492.04, "Plan Rows": 4000, "Plan Width": 12, "Recheck Cond": "(s_nationkey = public.nation.n_nationkey)", "Plans": [{"Node Type": "Bitmap Index Scan", "Parent Relationship": "Outer", "Index Name": "idx_supplier_nation_key", "Startup Cost": 0.0, "Total Cost": 94.25, "Plan Rows": 4000, "Plan Width": 0, "Index Cond": "(s_nationkey = public.nation.n_nationkey)"}]}]}, {"Node Type": "Index Scan", "Parent Relationship": "Inner", "Scan Direction": "Forward", "Index Name": "idx_partsupp_suppkey", "Relation Name": "partsupp", "Alias": "partsupp", "Startup Cost": 0.0, "Total Cost": 9.33, "Plan Rows": 13, "Plan Width": 24, "Index Cond": "(ps_suppkey = public.supplier.s_suppkey)"}]}]}, {"Node Type": "Aggregate", "Strategy": "Hashed", "Parent Relationship": "Outer", "Startup Cost": 41309.84, "Total Cost": 41982.09, "Plan Rows": 53780, "Plan Width": 40, "Group By Key": ["public.partsupp.ps_partkey"], "Filter": "(sum((public.partsupp.ps_supplycost * (public.partsupp.ps_availqty)::double precision)) > $2)", "Plans": [{"Node Type": "Nested Loop", "Parent Relationship": "Outer", "Join Type": "Inner", "Startup Cost": 95.25, "Total Cost": 40368.69, "Plan Rows": 53780, "Plan Width": 24, "Inner Unique": false, "Plans": [{"Node Type": "Nested Loop", "Parent Relationship": "Outer", "Join Type": "Inner", "Startup Cost": 95.25, "Total Cost": 2544.73, "Plan Rows": 4000, "Plan Width": 8, "Inner Unique": false, "Plans": [{"Node Type": "Index Scan", "Parent Relationship": "Outer", "Scan Direction": "Forward", "Index Name": "nation_pkey", "Relation Name": "nation", "Alias": "nation", "Startup Cost": 0.0, "Total Cost": 12.69, "Plan Rows": 1, "Plan Width": 4, "Filter": "(n_name = 'MOZAMBIQUE'::bpchar)"}, {"Node Type": "Bitmap Heap Scan", "Parent Relationship": "Inner", "Relation Name": "supplier", "Alias": "supplier", "Startup Cost": 95.25, "Total Cost": 2492.04, "Plan Rows": 4000, "Plan Width": 12, "Recheck Cond": "(s_nationkey = public.nation.n_nationkey)", "Plans": [{"Node Type": "Bitmap Index Scan", "Parent Relationship": "Outer", "Index Name": "idx_supplier_nation_key", "Startup Cost": 0.0, "Total Cost": 94.25, "Plan Rows": 4000, "Plan Width": 0, "Index Cond": "(s_nationkey = public.nation.n_nationkey)"}]}]}, {"Node Type": "Index Scan", "Parent Relationship": "Inner", "Scan Direction": "Forward", "Index Name": "idx_partsupp_suppkey", "Relation Name": "partsupp", "Alias": "partsupp", "Startup Cost": 0.0, "Total Cost": 9.33, "Plan Rows": 13, "Plan Width": 32, "Index Cond": "(ps_suppkey = public.supplier.s_suppkey)"}]}]}]}, "Unique SQL Id": 2932834211, "Planner Runtime": 1}, "explain_analyze_plan": {"Plan": {"Node Type": "Sort", "Startup Cost": 86979.86, "Total Cost": 87114.31, "Plan Rows": 53780, "Plan Width": 40, "Actual Startup Time": 1762.834, "Actual Total Time": 1762.834, "Actual Rows": 0, "Actual Loops": 1, "Sort Key": ["(sum((public.partsupp.ps_supplycost * (public.partsupp.ps_availqty)::double precision))) DESC"], "Sort Method": "quicksort", "Sort Space Used": 25, "Sort Space Type": "Memory", "Plans": [{"Node Type": "Aggregate", "Strategy": "Plain", "Parent Relationship": "exec_init_plan", "Subplan Name": "InitPlan 1 (returns $2)", "Startup Cost": 40772.04, "Total Cost": 40772.06, "Plan Rows": 1, "Plan Width": 24, "Actual Startup Time": 757.478, "Actual Total Time": 757.478, "Actual Rows": 1, "Actual Loops": 1, "Plans": [{"Node Type": "Nested Loop", "Parent Relationship": "Outer", "Join Type": "Inner", "Startup Cost": 95.25, "Total Cost": 40368.69, "Plan Rows": 53780, "Plan Width": 16, "Actual Startup Time": 0.979, "Actual Total Time": 621.76, "Actual Rows": 313920, "Actual Loops": 1, "Inner Unique": false, "Plans": [{"Node Type": "Nested Loop", "Parent Relationship": "Outer", "Join Type": "Inner", "Startup Cost": 95.25, "Total Cost": 2544.73, "Plan Rows": 4000, "Plan Width": 8, "Actual Startup Time": 0.958, "Actual Total Time": 8.05, "Actual Rows": 3924, "Actual Loops": 1, "Inner Unique": false, "Plans": [{"Node Type": "Index Scan", "Parent Relationship": "Outer", "Scan Direction": "Forward", "Index Name": "nation_pkey", "Relation Name": "nation", "Alias": "nation", "Startup Cost": 0.0, "Total Cost": 12.69, "Plan Rows": 1, "Plan Width": 4, "Actual Startup Time": 0.038, "Actual Total Time": 0.053, "Actual Rows": 1, "Actual Loops": 1, "Filter": "(n_name = 'MOZAMBIQUE'::bpchar)", "Rows Removed by Filter": 24}, {"Node Type": "Bitmap Heap Scan", "Parent Relationship": "Inner", "Relation Name": "supplier", "Alias": "supplier", "Startup Cost": 95.25, "Total Cost": 2492.04, "Plan Rows": 4000, "Plan Width": 12, "Actual Startup Time": 0.903, "Actual Total Time": 7.053, "Actual Rows": 3924, "Actual Loops": 1, "Recheck Cond": "(s_nationkey = public.nation.n_nationkey)", "Rows Removed by Index Recheck": 0, "Exact Heap Blocks": 1895, "Lossy Heap Blocks": 1895, "Plans": [{"Node Type": "Bitmap Index Scan", "Parent Relationship": "Outer", "Index Name": "idx_supplier_nation_key", "Startup Cost": 0.0, "Total Cost": 94.25, "Plan Rows": 4000, "Plan Width": 0, "Actual Startup Time": 0.627, "Actual Total Time": 0.627, "Actual Rows": 3924, "Actual Loops": 1, "Index Cond": "(s_nationkey = public.nation.n_nationkey)"}]}]}, {"Node Type": "Index Scan", "Parent Relationship": "Inner", "Scan Direction": "Forward", "Index Name": "idx_partsupp_suppkey", "Relation Name": "partsupp", "Alias": "partsupp", "Startup Cost": 0.0, "Total Cost": 9.33, "Plan Rows": 13, "Plan Width": 24, "Actual Startup Time": 46.082, "Actual Total Time": 547.337, "Actual Rows": 313920, "Actual Loops": 3924, "Index Cond": "(ps_suppkey = public.supplier.s_suppkey)", "Rows Removed by Index Recheck": 0}]}]}, {"Node Type": "Aggregate", "Strategy": "Hashed", "Parent Relationship": "Outer", "Startup Cost": 41309.84, "Total Cost": 41982.09, "Plan Rows": 53780, "Plan Width": 40, "Actual Startup Time": 1762.251, "Actual Total Time": 1762.251, "Actual Rows": 0, "Actual Loops": 1, "Group By Key": ["public.partsupp.ps_partkey"], "Filter": "(sum((public.partsupp.ps_supplycost * (public.partsupp.ps_availqty)::double precision)) > $2)", "Rows Removed by Filter": 295792, "Plans": [{"Node Type": "Nested Loop", "Parent Relationship": "Outer", "Join Type": "Inner", "Startup Cost": 95.25, "Total Cost": 40368.69, "Plan Rows": 53780, "Plan Width": 24, "Actual Startup Time": 0.974, "Actual Total Time": 574.222, "Actual Rows": 313920, "Actual Loops": 1, "Inner Unique": false, "Plans": [{"Node Type": "Nested Loop", "Parent Relationship": "Outer", "Join Type": "Inner", "Startup Cost": 95.25, "Total Cost": 2544.73, "Plan Rows": 4000, "Plan Width": 8, "Actual Startup Time": 0.951, "Actual Total Time": 7.662, "Actual Rows": 3924, "Actual Loops": 1, "Inner Unique": false, "Plans": [{"Node Type": "Index Scan", "Parent Relationship": "Outer", "Scan Direction": "Forward", "Index Name": "nation_pkey", "Relation Name": "nation", "Alias": "nation", "Startup Cost": 0.0, "Total Cost": 12.69, "Plan Rows": 1, "Plan Width": 4, "Actual Startup Time": 0.031, "Actual Total Time": 0.042, "Actual Rows": 1, "Actual Loops": 1, "Filter": "(n_name = 'MOZAMBIQUE'::bpchar)", "Rows Removed by Filter": 24}, {"Node Type": "Bitmap Heap Scan", "Parent Relationship": "Inner", "Relation Name": "supplier", "Alias": "supplier", "Startup Cost": 95.25, "Total Cost": 2492.04, "Plan Rows": 4000, "Plan Width": 12, "Actual Startup Time": 0.913, "Actual Total Time": 6.701, "Actual Rows": 3924, "Actual Loops": 1, "Recheck Cond": "(s_nationkey = public.nation.n_nationkey)", "Rows Removed by Index Recheck": 0, "Exact Heap Blocks": 1895, "Lossy Heap Blocks": 1895, "Plans": [{"Node Type": "Bitmap Index Scan", "Parent Relationship": "Outer", "Index Name": "idx_supplier_nation_key", "Startup Cost": 0.0, "Total Cost": 94.25, "Plan Rows": 4000, "Plan Width": 0, "Actual Startup Time": 0.621, "Actual Total Time": 0.621, "Actual Rows": 3924, "Actual Loops": 1, "Index Cond": "(s_nationkey = public.nation.n_nationkey)"}]}]}, {"Node Type": "Index Scan", "Parent Relationship": "Inner", "Scan Direction": "Forward", "Index Name": "idx_partsupp_suppkey", "Relation Name": "partsupp", "Alias": "partsupp", "Startup Cost": 0.0, "Total Cost": 9.33, "Plan Rows": 13, "Plan Width": 32, "Actual Startup Time": 43.059, "Actual Total Time": 494.357, "Actual Rows": 313920, "Actual Loops": 3924, "Index Cond": "(ps_suppkey = public.supplier.s_suppkey)", "Rows Removed by Index Recheck": 0}]}]}]}, "Triggers": [], "Planner Runtime": 0, "Total Runtime": 1763.161, "Unique SQL Id": 2932834211}}, "(64, 82)": {"explain_plan": {"Plan": {"Node Type": "Sort", "Startup Cost": 90032.55, "Total Cost": 90167.0, "Plan Rows": 53780, "Plan Width": 40, "Sort Key": ["(sum((public.partsupp.ps_supplycost * (public.partsupp.ps_availqty)::double precision))) DESC"], "Plans": [{"Node Type": "Aggregate", "Strategy": "Plain", "Parent Relationship": "exec_init_plan", "Subplan Name": "InitPlan 1 (returns $2)", "Startup Cost": 42298.39, "Total Cost": 42298.4, "Plan Rows": 1, "Plan Width": 24, "Plans": [{"Node Type": "Nested Loop", "Parent Relationship": "Outer", "Join Type": "Inner", "Startup Cost": 96.82, "Total Cost": 41895.04, "Plan Rows": 53780, "Plan Width": 16, "Inner Unique": false, "Plans": [{"Node Type": "Nested Loop", "Parent Relationship": "Outer", "Join Type": "Inner", "Startup Cost": 95.25, "Total Cost": 2533.35, "Plan Rows": 4000, "Plan Width": 8, "Inner Unique": false, "Plans": [{"Node Type": "Seq Scan", "Parent Relationship": "Outer", "Relation Name": "nation", "Alias": "nation", "Startup Cost": 0.0, "Total Cost": 1.31, "Plan Rows": 1, "Plan Width": 4, "Filter": "(n_name = 'MOZAMBIQUE'::bpchar)"}, {"Node Type": "Bitmap Heap Scan", "Parent Relationship": "Inner", "Relation Name": "supplier", "Alias": "supplier", "Startup Cost": 95.25, "Total Cost": 2492.04, "Plan Rows": 4000, "Plan Width": 12, "Recheck Cond": "(s_nationkey = public.nation.n_nationkey)", "Plans": [{"Node Type": "Bitmap Index Scan", "Parent Relationship": "Outer", "Index Name": "idx_supplier_nation_key", "Startup Cost": 0.0, "Total Cost": 94.25, "Plan Rows": 4000, "Plan Width": 0, "Index Cond": "(s_nationkey = public.nation.n_nationkey)"}]}]}, {"Node Type": "Bitmap Heap Scan", "Parent Relationship": "Inner", "Relation Name": "partsupp", "Alias": "partsupp", "Startup Cost": 1.57, "Total Cost": 9.71, "Plan Rows": 13, "Plan Width": 24, "Recheck Cond": "(ps_suppkey = public.supplier.s_suppkey)", "Plans": [{"Node Type": "Bitmap Index Scan", "Parent Relationship": "Outer", "Index Name": "idx_partsupp_suppkey", "Startup Cost": 0.0, "Total Cost": 1.56, "Plan Rows": 13, "Plan Width": 0, "Index Cond": "(ps_suppkey = public.supplier.s_suppkey)"}]}]}]}, {"Node Type": "Aggregate", "Strategy": "Hashed", "Parent Relationship": "Outer", "Startup Cost": 42836.19, "Total Cost": 43508.44, "Plan Rows": 53780, "Plan Width": 40, "Group By Key": ["public.partsupp.ps_partkey"], "Filter": "(sum((public.partsupp.ps_supplycost * (public.partsupp.ps_availqty)::double precision)) > $2)", "Plans": [{"Node Type": "Nested Loop", "Parent Relationship": "Outer", "Join Type": "Inner", "Startup Cost": 96.82, "Total Cost": 41895.04, "Plan Rows": 53780, "Plan Width": 24, "Inner Unique": false, "Plans": [{"Node Type": "Nested Loop", "Parent Relationship": "Outer", "Join Type": "Inner", "Startup Cost": 95.25, "Total Cost": 2533.35, "Plan Rows": 4000, "Plan Width": 8, "Inner Unique": false, "Plans": [{"Node Type": "Seq Scan", "Parent Relationship": "Outer", "Relation Name": "nation", "Alias": "nation", "Startup Cost": 0.0, "Total Cost": 1.31, "Plan Rows": 1, "Plan Width": 4, "Filter": "(n_name = 'MOZAMBIQUE'::bpchar)"}, {"Node Type": "Bitmap Heap Scan", "Parent Relationship": "Inner", "Relation Name": "supplier", "Alias": "supplier", "Startup Cost": 95.25, "Total Cost": 2492.04, "Plan Rows": 4000, "Plan Width": 12, "Recheck Cond": "(s_nationkey = public.nation.n_nationkey)", "Plans": [{"Node Type": "Bitmap Index Scan", "Parent Relationship": "Outer", "Index Name": "idx_supplier_nation_key", "Startup Cost": 0.0, "Total Cost": 94.25, "Plan Rows": 4000, "Plan Width": 0, "Index Cond": "(s_nationkey = public.nation.n_nationkey)"}]}]}, {"Node Type": "Bitmap Heap Scan", "Parent Relationship": "Inner", "Relation Name": "partsupp", "Alias": "partsupp", "Startup Cost": 1.57, "Total Cost": 9.71, "Plan Rows": 13, "Plan Width": 32, "Recheck Cond": "(ps_suppkey = public.supplier.s_suppkey)", "Plans": [{"Node Type": "Bitmap Index Scan", "Parent Relationship": "Outer", "Index Name": "idx_partsupp_suppkey", "Startup Cost": 0.0, "Total Cost": 1.56, "Plan Rows": 13, "Plan Width": 0, "Index Cond": "(ps_suppkey = public.supplier.s_suppkey)"}]}]}]}]}, "Unique SQL Id": 2932834211, "Planner Runtime": 1}, "explain_analyze_plan": {"Plan": {"Node Type": "Sort", "Startup Cost": 90032.55, "Total Cost": 90167.0, "Plan Rows": 53780, "Plan Width": 40, "Actual Startup Time": 1938.442, "Actual Total Time": 1938.442, "Actual Rows": 0, "Actual Loops": 1, "Sort Key": ["(sum((public.partsupp.ps_supplycost * (public.partsupp.ps_availqty)::double precision))) DESC"], "Sort Method": "quicksort", "Sort Space Used": 25, "Sort Space Type": "Memory", "Plans": [{"Node Type": "Aggregate", "Strategy": "Plain", "Parent Relationship": "exec_init_plan", "Subplan Name": "InitPlan 1 (returns $2)", "Startup Cost": 42298.39, "Total Cost": 42298.4, "Plan Rows": 1, "Plan Width": 24, "Actual Startup Time": 849.92, "Actual Total Time": 849.921, "Actual Rows": 1, "Actual Loops": 1, "Plans": [{"Node Type": "Nested Loop", "Parent Relationship": "Outer", "Join Type": "Inner", "Startup Cost": 96.82, "Total Cost": 41895.04, "Plan Rows": 53780, "Plan Width": 16, "Actual Startup Time": 1.032, "Actual Total Time": 721.537, "Actual Rows": 313920, "Actual Loops": 1, "Inner Unique": false, "Plans": [{"Node Type": "Nested Loop", "Parent Relationship": "Outer", "Join Type": "Inner", "Startup Cost": 95.25, "Total Cost": 2533.35, "Plan Rows": 4000, "Plan Width": 8, "Actual Startup Time": 0.983, "Actual Total Time": 7.832, "Actual Rows": 3924, "Actual Loops": 1, "Inner Unique": false, "Plans": [{"Node Type": "Seq Scan", "Parent Relationship": "Outer", "Relation Name": "nation", "Alias": "nation", "Startup Cost": 0.0, "Total Cost": 1.31, "Plan Rows": 1, "Plan Width": 4, "Actual Startup Time": 0.036, "Actual Total Time": 0.051, "Actual Rows": 1, "Actual Loops": 1, "Filter": "(n_name = 'MOZAMBIQUE'::bpchar)", "Rows Removed by Filter": 24}, {"Node Type": "Bitmap Heap Scan", "Parent Relationship": "Inner", "Relation Name": "supplier", "Alias": "supplier", "Startup Cost": 95.25, "Total Cost": 2492.04, "Plan Rows": 4000, "Plan Width": 12, "Actual Startup Time": 0.939, "Actual Total Time": 6.87, "Actual Rows": 3924, "Actual Loops": 1, "Recheck Cond": "(s_nationkey = public.nation.n_nationkey)", "Rows Removed by Index Recheck": 0, "Exact Heap Blocks": 1895, "Lossy Heap Blocks": 1895, "Plans": [{"Node Type": "Bitmap Index Scan", "Parent Relationship": "Outer", "Index Name": "idx_supplier_nation_key", "Startup Cost": 0.0, "Total Cost": 94.25, "Plan Rows": 4000, "Plan Width": 0, "Actual Startup Time": 0.649, "Actual Total Time": 0.649, "Actual Rows": 3924, "Actual Loops": 1, "Index Cond": "(s_nationkey = public.nation.n_nationkey)"}]}]}, {"Node Type": "Bitmap Heap Scan", "Parent Relationship": "Inner", "Relation Name": "partsupp", "Alias": "partsupp", "Startup Cost": 1.57, "Total Cost": 9.71, "Plan Rows": 13, "Plan Width": 24, "Actual Startup Time": 100.697, "Actual Total Time": 646.011, "Actual Rows": 313920, "Actual Loops": 3924, "Recheck Cond": "(ps_suppkey = public.supplier.s_suppkey)", "Rows Removed by Index Recheck": 0, "Exact Heap Blocks": 313920, "Lossy Heap Blocks": 313920, "Plans": [{"Node Type": "Bitmap Index Scan", "Parent Relationship": "Outer", "Index Name": "idx_partsupp_suppkey", "Startup Cost": 0.0, "Total Cost": 1.56, "Plan Rows": 13, "Plan Width": 0, "Actual Startup Time": 62.61, "Actual Total Time": 62.61, "Actual Rows": 313920, "Actual Loops": 3924, "Index Cond": "(ps_suppkey = public.supplier.s_suppkey)"}]}]}]}, {"Node Type": "Aggregate", "Strategy": "Hashed", "Parent Relationship": "Outer", "Startup Cost": 42836.19, "Total Cost": 43508.44, "Plan Rows": 53780, "Plan Width": 40, "Actual Startup Time": 1938.021, "Actual Total Time": 1938.021, "Actual Rows": 0, "Actual Loops": 1, "Group By Key": ["public.partsupp.ps_partkey"], "Filter": "(sum((public.partsupp.ps_supplycost * (public.partsupp.ps_availqty)::double precision)) > $2)", "Rows Removed by Filter": 295792, "Plans": [{"Node Type": "Nested Loop", "Parent Relationship": "Outer", "Join Type": "Inner", "Startup Cost": 96.82, "Total Cost": 41895.04, "Plan Rows": 53780, "Plan Width": 24, "Actual Startup Time": 0.995, "Actual Total Time": 708.938, "Actual Rows": 313920, "Actual Loops": 1, "Inner Unique": false, "Plans": [{"Node Type": "Nested Loop", "Parent Relationship": "Outer", "Join Type": "Inner", "Startup Cost": 95.25, "Total Cost": 2533.35, "Plan Rows": 4000, "Plan Width": 8, "Actual Startup Time": 0.951, "Actual Total Time": 7.412, "Actual Rows": 3924, "Actual Loops": 1, "Inner Unique": false, "Plans": [{"Node Type": "Seq Scan", "Parent Relationship": "Outer", "Relation Name": "nation", "Alias": "nation", "Startup Cost": 0.0, "Total Cost": 1.31, "Plan Rows": 1, "Plan Width": 4, "Actual Startup Time": 0.031, "Actual Total Time": 0.045, "Actual Rows": 1, "Actual Loops": 1, "Filter": "(n_name = 'MOZAMBIQUE'::bpchar)", "Rows Removed by Filter": 24}, {"Node Type": "Bitmap Heap Scan", "Parent Relationship": "Inner", "Relation Name": "supplier", "Alias": "supplier", "Startup Cost": 95.25, "Total Cost": 2492.04, "Plan Rows": 4000, "Plan Width": 12, "Actual Startup Time": 0.912, "Actual Total Time": 6.426, "Actual Rows": 3924, "Actual Loops": 1, "Recheck Cond": "(s_nationkey = public.nation.n_nationkey)", "Rows Removed by Index Recheck": 0, "Exact Heap Blocks": 1895, "Lossy Heap Blocks": 1895, "Plans": [{"Node Type": "Bitmap Index Scan", "Parent Relationship": "Outer", "Index Name": "idx_supplier_nation_key", "Startup Cost": 0.0, "Total Cost": 94.25, "Plan Rows": 4000, "Plan Width": 0, "Actual Startup Time": 0.632, "Actual Total Time": 0.632, "Actual Rows": 3924, "Actual Loops": 1, "Index Cond": "(s_nationkey = public.nation.n_nationkey)"}]}]}, {"Node Type": "Bitmap Heap Scan", "Parent Relationship": "Inner", "Relation Name": "partsupp", "Alias": "partsupp", "Startup Cost": 1.57, "Total Cost": 9.71, "Plan Rows": 13, "Plan Width": 32, "Actual Startup Time": 100.385, "Actual Total Time": 627.624, "Actual Rows": 313920, "Actual Loops": 3924, "Recheck Cond": "(ps_suppkey = public.supplier.s_suppkey)", "Rows Removed by Index Recheck": 0, "Exact Heap Blocks": 313920, "Lossy Heap Blocks": 313920, "Plans": [{"Node Type": "Bitmap Index Scan", "Parent Relationship": "Outer", "Index Name": "idx_partsupp_suppkey", "Startup Cost": 0.0, "Total Cost": 1.56, "Plan Rows": 13, "Plan Width": 0, "Actual Startup Time": 62.318, "Actual Total Time": 62.318, "Actual Rows": 313920, "Actual Loops": 3924, "Index Cond": "(ps_suppkey = public.supplier.s_suppkey)"}]}]}]}]}, "Triggers": [], "Planner Runtime": 0, "Total Runtime": 1938.921, "Unique SQL Id": 2932834211}}, "(64, 83)": {"explain_plan": {"Plan": {"Node Type": "Sort", "Startup Cost": 2000084159245.82, "Total Cost": 2000084159380.27, "Plan Rows": 53780, "Plan Width": 40, "Sort Key": ["(sum((public.partsupp.ps_supplycost * (public.partsupp.ps_availqty)::double precision))) DESC"], "Plans": [{"Node Type": "Aggregate", "Strategy": "Plain", "Parent Relationship": "exec_init_plan", "Subplan Name": "InitPlan 1 (returns $2)", "Startup Cost": 1000001001502.42, "Total Cost": 1000001001502.43, "Plan Rows": 1, "Plan Width": 24, "Plans": [{"Node Type": "Nested Loop", "Parent Relationship": "Outer", "Join Type": "Inner", "Startup Cost": 10000000001.83, "Total Cost": 1000001001099.07, "Plan Rows": 53780, "Plan Width": 16, "Inner Unique": false, "Plans": [{"Node Type": "Nested Loop", "Parent Relationship": "Outer", "Join Type": "Inner", "Startup Cost": 10000000000.26, "Total Cost": 1000000961737.38, "Plan Rows": 4000, "Plan Width": 8, "Inner Unique": true, "Plans": [{"Node Type": "Index Scan", "Parent Relationship": "Outer", "Scan Direction": "Forward", "Index Name": "supplier_pkey", "Relation Name": "supplier", "Alias": "supplier", "Startup Cost": 10000000000.0, "Total Cost": 1000000533454.38, "Plan Rows": 100000, "Plan Width": 12}, {"Node Type": "Bitmap Heap Scan", "Parent Relationship": "Inner", "Relation Name": "nation", "Alias": "nation", "Startup Cost": 0.26, "Total Cost": 4.27, "Plan Rows": 1, "Plan Width": 4, "Recheck Cond": "(n_nationkey = public.supplier.s_nationkey)", "Filter": "(n_name = 'MOZAMBIQUE'::bpchar)", "Plans": [{"Node Type": "Bitmap Index Scan", "Parent Relationship": "Outer", "Index Name": "nation_pkey", "Startup Cost": 0.0, "Total Cost": 0.26, "Plan Rows": 1, "Plan Width": 0, "Index Cond": "(n_nationkey = public.supplier.s_nationkey)"}]}]}, {"Node Type": "Bitmap Heap Scan", "Parent Relationship": "Inner", "Relation Name": "partsupp", "Alias": "partsupp", "Startup Cost": 1.57, "Total Cost": 9.71, "Plan Rows": 13, "Plan Width": 24, "Recheck Cond": "(ps_suppkey = public.supplier.s_suppkey)", "Plans": [{"Node Type": "Bitmap Index Scan", "Parent Relationship": "Outer", "Index Name": "idx_partsupp_suppkey", "Startup Cost": 0.0, "Total Cost": 1.56, "Plan Rows": 13, "Plan Width": 0, "Index Cond": "(ps_suppkey = public.supplier.s_suppkey)"}]}]}]}, {"Node Type": "Aggregate", "Strategy": "Hashed", "Parent Relationship": "Outer", "Startup Cost": 1000083152845.44, "Total Cost": 1000083153517.69, "Plan Rows": 53780, "Plan Width": 40, "Group By Key": ["public.partsupp.ps_partkey"], "Filter": "(sum((public.partsupp.ps_supplycost * (public.partsupp.ps_availqty)::double precision)) > $2)", "Plans": [{"Node Type": "Nested Loop", "Parent Relationship": "Outer", "Join Type": "Inner", "Startup Cost": 10000000000.52, "Total Cost": 1000083151904.29, "Plan Rows": 53780, "Plan Width": 24, "Inner Unique": true, "Plans": [{"Node Type": "Nested Loop", "Parent Relationship": "Outer", "Join Type": "Inner", "Startup Cost": 10000000000.26, "Total Cost": 1000077393643.64, "Plan Rows": 1344499, "Plan Width": 28, "Inner Unique": true, "Plans": [{"Node Type": "Index Scan", "Parent Relationship": "Outer", "Scan Direction": "Forward", "Index Name": "idx_partsupp_partkey", "Relation Name": "partsupp", "Alias": "partsupp", "Startup Cost": 10000000000.0, "Total Cost": 1000043148503.38, "Plan Rows": 8000372, "Plan Width": 32}, {"Node Type": "Bitmap Heap Scan", "Parent Relationship": "Inner", "Relation Name": "supplier", "Alias": "supplier", "Startup Cost": 0.26, "Total Cost": 4.27, "Plan Rows": 1, "Plan Width": 12, "Recheck Cond": "(s_suppkey = public.partsupp.ps_suppkey)", "Plans": [{"Node Type": "Bitmap Index Scan", "Parent Relationship": "Outer", "Index Name": "supplier_pkey", "Startup Cost": 0.0, "Total Cost": 0.26, "Plan Rows": 1, "Plan Width": 0, "Index Cond": "(s_suppkey = public.partsupp.ps_suppkey)"}]}]}, {"Node Type": "Bitmap Heap Scan", "Parent Relationship": "Inner", "Relation Name": "nation", "Alias": "nation", "Startup Cost": 0.26, "Total Cost": 4.27, "Plan Rows": 1, "Plan Width": 4, "Recheck Cond": "(n_nationkey = public.supplier.s_nationkey)", "Filter": "(n_name = 'MOZAMBIQUE'::bpchar)", "Plans": [{"Node Type": "Bitmap Index Scan", "Parent Relationship": "Outer", "Index Name": "nation_pkey", "Startup Cost": 0.0, "Total Cost": 0.26, "Plan Rows": 1, "Plan Width": 0, "Index Cond": "(n_nationkey = public.supplier.s_nationkey)"}]}]}]}]}, "Unique SQL Id": 2932834211, "Planner Runtime": 1}, "explain_analyze_plan": null}, "(64, 84)": {"explain_plan": {"Plan": {"Node Type": "Sort", "Startup Cost": 86957.11, "Total Cost": 87091.56, "Plan Rows": 53780, "Plan Width": 40, "Sort Key": ["(sum((public.partsupp.ps_supplycost * (public.partsupp.ps_availqty)::double precision))) DESC"], "Plans": [{"Node Type": "Aggregate", "Strategy": "Plain", "Parent Relationship": "exec_init_plan", "Subplan Name": "InitPlan 1 (returns $2)", "Startup Cost": 40760.67, "Total Cost": 40760.68, "Plan Rows": 1, "Plan Width": 24, "Plans": [{"Node Type": "Nested Loop", "Parent Relationship": "Outer", "Join Type": "Inner", "Startup Cost": 95.25, "Total Cost": 40357.32, "Plan Rows": 53780, "Plan Width": 16, "Inner Unique": false, "Plans": [{"Node Type": "Nested Loop", "Parent Relationship": "Outer", "Join Type": "Inner", "Startup Cost": 95.25, "Total Cost": 2533.35, "Plan Rows": 4000, "Plan Width": 8, "Inner Unique": false, "Plans": [{"Node Type": "Seq Scan", "Parent Relationship": "Outer", "Relation Name": "nation", "Alias": "nation", "Startup Cost": 0.0, "Total Cost": 1.31, "Plan Rows": 1, "Plan Width": 4, "Filter": "(n_name = 'MOZAMBIQUE'::bpchar)"}, {"Node Type": "Bitmap Heap Scan", "Parent Relationship": "Inner", "Relation Name": "supplier", "Alias": "supplier", "Startup Cost": 95.25, "Total Cost": 2492.04, "Plan Rows": 4000, "Plan Width": 12, "Recheck Cond": "(s_nationkey = public.nation.n_nationkey)", "Plans": [{"Node Type": "Bitmap Index Scan", "Parent Relationship": "Outer", "Index Name": "idx_supplier_nation_key", "Startup Cost": 0.0, "Total Cost": 94.25, "Plan Rows": 4000, "Plan Width": 0, "Index Cond": "(s_nationkey = public.nation.n_nationkey)"}]}]}, {"Node Type": "Index Scan", "Parent Relationship": "Inner", "Scan Direction": "Forward", "Index Name": "idx_partsupp_suppkey", "Relation Name": "partsupp", "Alias": "partsupp", "Startup Cost": 0.0, "Total Cost": 9.33, "Plan Rows": 13, "Plan Width": 24, "Index Cond": "(ps_suppkey = public.supplier.s_suppkey)"}]}]}, {"Node Type": "Aggregate", "Strategy": "Hashed", "Parent Relationship": "Outer", "Startup Cost": 41298.47, "Total Cost": 41970.72, "Plan Rows": 53780, "Plan Width": 40, "Group By Key": ["public.partsupp.ps_partkey"], "Filter": "(sum((public.partsupp.ps_supplycost * (public.partsupp.ps_availqty)::double precision)) > $2)", "Plans": [{"Node Type": "Nested Loop", "Parent Relationship": "Outer", "Join Type": "Inner", "Startup Cost": 95.25, "Total Cost": 40357.32, "Plan Rows": 53780, "Plan Width": 24, "Inner Unique": false, "Plans": [{"Node Type": "Nested Loop", "Parent Relationship": "Outer", "Join Type": "Inner", "Startup Cost": 95.25, "Total Cost": 2533.35, "Plan Rows": 4000, "Plan Width": 8, "Inner Unique": false, "Plans": [{"Node Type": "Seq Scan", "Parent Relationship": "Outer", "Relation Name": "nation", "Alias": "nation", "Startup Cost": 0.0, "Total Cost": 1.31, "Plan Rows": 1, "Plan Width": 4, "Filter": "(n_name = 'MOZAMBIQUE'::bpchar)"}, {"Node Type": "Bitmap Heap Scan", "Parent Relationship": "Inner", "Relation Name": "supplier", "Alias": "supplier", "Startup Cost": 95.25, "Total Cost": 2492.04, "Plan Rows": 4000, "Plan Width": 12, "Recheck Cond": "(s_nationkey = public.nation.n_nationkey)", "Plans": [{"Node Type": "Bitmap Index Scan", "Parent Relationship": "Outer", "Index Name": "idx_supplier_nation_key", "Startup Cost": 0.0, "Total Cost": 94.25, "Plan Rows": 4000, "Plan Width": 0, "Index Cond": "(s_nationkey = public.nation.n_nationkey)"}]}]}, {"Node Type": "Index Scan", "Parent Relationship": "Inner", "Scan Direction": "Forward", "Index Name": "idx_partsupp_suppkey", "Relation Name": "partsupp", "Alias": "partsupp", "Startup Cost": 0.0, "Total Cost": 9.33, "Plan Rows": 13, "Plan Width": 32, "Index Cond": "(ps_suppkey = public.supplier.s_suppkey)"}]}]}]}, "Unique SQL Id": 2932834211, "Planner Runtime": 1}, "explain_analyze_plan": {"Plan": {"Node Type": "Sort", "Startup Cost": 86957.11, "Total Cost": 87091.56, "Plan Rows": 53780, "Plan Width": 40, "Actual Startup Time": 1757.818, "Actual Total Time": 1757.818, "Actual Rows": 0, "Actual Loops": 1, "Sort Key": ["(sum((public.partsupp.ps_supplycost * (public.partsupp.ps_availqty)::double precision))) DESC"], "Sort Method": "quicksort", "Sort Space Used": 25, "Sort Space Type": "Memory", "Plans": [{"Node Type": "Aggregate", "Strategy": "Plain", "Parent Relationship": "exec_init_plan", "Subplan Name": "InitPlan 1 (returns $2)", "Startup Cost": 40760.67, "Total Cost": 40760.68, "Plan Rows": 1, "Plan Width": 24, "Actual Startup Time": 685.274, "Actual Total Time": 685.274, "Actual Rows": 1, "Actual Loops": 1, "Plans": [{"Node Type": "Nested Loop", "Parent Relationship": "Outer", "Join Type": "Inner", "Startup Cost": 95.25, "Total Cost": 40357.32, "Plan Rows": 53780, "Plan Width": 16, "Actual Startup Time": 0.989, "Actual Total Time": 550.199, "Actual Rows": 313920, "Actual Loops": 1, "Inner Unique": false, "Plans": [{"Node Type": "Nested Loop", "Parent Relationship": "Outer", "Join Type": "Inner", "Startup Cost": 95.25, "Total Cost": 2533.35, "Plan Rows": 4000, "Plan Width": 8, "Actual Startup Time": 0.963, "Actual Total Time": 7.289, "Actual Rows": 3924, "Actual Loops": 1, "Inner Unique": false, "Plans": [{"Node Type": "Seq Scan", "Parent Relationship": "Outer", "Relation Name": "nation", "Alias": "nation", "Startup Cost": 0.0, "Total Cost": 1.31, "Plan Rows": 1, "Plan Width": 4, "Actual Startup Time": 0.043, "Actual Total Time": 0.055, "Actual Rows": 1, "Actual Loops": 1, "Filter": "(n_name = 'MOZAMBIQUE'::bpchar)", "Rows Removed by Filter": 24}, {"Node Type": "Bitmap Heap Scan", "Parent Relationship": "Inner", "Relation Name": "supplier", "Alias": "supplier", "Startup Cost": 95.25, "Total Cost": 2492.04, "Plan Rows": 4000, "Plan Width": 12, "Actual Startup Time": 0.903, "Actual Total Time": 6.347, "Actual Rows": 3924, "Actual Loops": 1, "Recheck Cond": "(s_nationkey = public.nation.n_nationkey)", "Rows Removed by Index Recheck": 0, "Exact Heap Blocks": 1895, "Lossy Heap Blocks": 1895, "Plans": [{"Node Type": "Bitmap Index Scan", "Parent Relationship": "Outer", "Index Name": "idx_supplier_nation_key", "Startup Cost": 0.0, "Total Cost": 94.25, "Plan Rows": 4000, "Plan Width": 0, "Actual Startup Time": 0.624, "Actual Total Time": 0.624, "Actual Rows": 3924, "Actual Loops": 1, "Index Cond": "(s_nationkey = public.nation.n_nationkey)"}]}]}, {"Node Type": "Index Scan", "Parent Relationship": "Inner", "Scan Direction": "Forward", "Index Name": "idx_partsupp_suppkey", "Relation Name": "partsupp", "Alias": "partsupp", "Startup Cost": 0.0, "Total Cost": 9.33, "Plan Rows": 13, "Plan Width": 24, "Actual Startup Time": 41.836, "Actual Total Time": 476.637, "Actual Rows": 313920, "Actual Loops": 3924, "Index Cond": "(ps_suppkey = public.supplier.s_suppkey)", "Rows Removed by Index Recheck": 0}]}]}, {"Node Type": "Aggregate", "Strategy": "Hashed", "Parent Relationship": "Outer", "Startup Cost": 41298.47, "Total Cost": 41970.72, "Plan Rows": 53780, "Plan Width": 40, "Actual Startup Time": 1757.278, "Actual Total Time": 1757.278, "Actual Rows": 0, "Actual Loops": 1, "Group By Key": ["public.partsupp.ps_partkey"], "Filter": "(sum((public.partsupp.ps_supplycost * (public.partsupp.ps_availqty)::double precision)) > $2)", "Rows Removed by Filter": 295792, "Plans": [{"Node Type": "Nested Loop", "Parent Relationship": "Outer", "Join Type": "Inner", "Startup Cost": 95.25, "Total Cost": 40357.32, "Plan Rows": 53780, "Plan Width": 24, "Actual Startup Time": 0.989, "Actual Total Time": 653.431, "Actual Rows": 313920, "Actual Loops": 1, "Inner Unique": false, "Plans": [{"Node Type": "Nested Loop", "Parent Relationship": "Outer", "Join Type": "Inner", "Startup Cost": 95.25, "Total Cost": 2533.35, "Plan Rows": 4000, "Plan Width": 8, "Actual Startup Time": 0.965, "Actual Total Time": 8.619, "Actual Rows": 3924, "Actual Loops": 1, "Inner Unique": false, "Plans": [{"Node Type": "Seq Scan", "Parent Relationship": "Outer", "Relation Name": "nation", "Alias": "nation", "Startup Cost": 0.0, "Total Cost": 1.31, "Plan Rows": 1, "Plan Width": 4, "Actual Startup Time": 0.03, "Actual Total Time": 0.047, "Actual Rows": 1, "Actual Loops": 1, "Filter": "(n_name = 'MOZAMBIQUE'::bpchar)", "Rows Removed by Filter": 24}, {"Node Type": "Bitmap Heap Scan", "Parent Relationship": "Inner", "Relation Name": "supplier", "Alias": "supplier", "Startup Cost": 95.25, "Total Cost": 2492.04, "Plan Rows": 4000, "Plan Width": 12, "Actual Startup Time": 0.928, "Actual Total Time": 7.555, "Actual Rows": 3924, "Actual Loops": 1, "Recheck Cond": "(s_nationkey = public.nation.n_nationkey)", "Rows Removed by Index Recheck": 0, "Exact Heap Blocks": 1895, "Lossy Heap Blocks": 1895, "Plans": [{"Node Type": "Bitmap Index Scan", "Parent Relationship": "Outer", "Index Name": "idx_supplier_nation_key", "Startup Cost": 0.0, "Total Cost": 94.25, "Plan Rows": 4000, "Plan Width": 0, "Actual Startup Time": 0.644, "Actual Total Time": 0.644, "Actual Rows": 3924, "Actual Loops": 1, "Index Cond": "(s_nationkey = public.nation.n_nationkey)"}]}]}, {"Node Type": "Index Scan", "Parent Relationship": "Inner", "Scan Direction": "Forward", "Index Name": "idx_partsupp_suppkey", "Relation Name": "partsupp", "Alias": "partsupp", "Startup Cost": 0.0, "Total Cost": 9.33, "Plan Rows": 13, "Plan Width": 32, "Actual Startup Time": 48.203, "Actual Total Time": 572.851, "Actual Rows": 313920, "Actual Loops": 3924, "Index Cond": "(ps_suppkey = public.supplier.s_suppkey)", "Rows Removed by Index Recheck": 0}]}]}]}, "Triggers": [], "Planner Runtime": 0, "Total Runtime": 1758.153, "Unique SQL Id": 2932834211}}, "(64, 85)": {"explain_plan": {"Plan": {"Node Type": "Sort", "Startup Cost": 86979.86, "Total Cost": 87114.31, "Plan Rows": 53780, "Plan Width": 40, "Sort Key": ["(sum((public.partsupp.ps_supplycost * (public.partsupp.ps_availqty)::double precision))) DESC"], "Plans": [{"Node Type": "Aggregate", "Strategy": "Plain", "Parent Relationship": "exec_init_plan", "Subplan Name": "InitPlan 1 (returns $2)", "Startup Cost": 40772.04, "Total Cost": 40772.06, "Plan Rows": 1, "Plan Width": 24, "Plans": [{"Node Type": "Nested Loop", "Parent Relationship": "Outer", "Join Type": "Inner", "Startup Cost": 95.25, "Total Cost": 40368.69, "Plan Rows": 53780, "Plan Width": 16, "Inner Unique": false, "Plans": [{"Node Type": "Nested Loop", "Parent Relationship": "Outer", "Join Type": "Inner", "Startup Cost": 95.25, "Total Cost": 2544.73, "Plan Rows": 4000, "Plan Width": 8, "Inner Unique": false, "Plans": [{"Node Type": "Index Scan", "Parent Relationship": "Outer", "Scan Direction": "Forward", "Index Name": "nation_pkey", "Relation Name": "nation", "Alias": "nation", "Startup Cost": 0.0, "Total Cost": 12.69, "Plan Rows": 1, "Plan Width": 4, "Filter": "(n_name = 'MOZAMBIQUE'::bpchar)"}, {"Node Type": "Bitmap Heap Scan", "Parent Relationship": "Inner", "Relation Name": "supplier", "Alias": "supplier", "Startup Cost": 95.25, "Total Cost": 2492.04, "Plan Rows": 4000, "Plan Width": 12, "Recheck Cond": "(s_nationkey = public.nation.n_nationkey)", "Plans": [{"Node Type": "Bitmap Index Scan", "Parent Relationship": "Outer", "Index Name": "idx_supplier_nation_key", "Startup Cost": 0.0, "Total Cost": 94.25, "Plan Rows": 4000, "Plan Width": 0, "Index Cond": "(s_nationkey = public.nation.n_nationkey)"}]}]}, {"Node Type": "Index Scan", "Parent Relationship": "Inner", "Scan Direction": "Forward", "Index Name": "idx_partsupp_suppkey", "Relation Name": "partsupp", "Alias": "partsupp", "Startup Cost": 0.0, "Total Cost": 9.33, "Plan Rows": 13, "Plan Width": 24, "Index Cond": "(ps_suppkey = public.supplier.s_suppkey)"}]}]}, {"Node Type": "Aggregate", "Strategy": "Hashed", "Parent Relationship": "Outer", "Startup Cost": 41309.84, "Total Cost": 41982.09, "Plan Rows": 53780, "Plan Width": 40, "Group By Key": ["public.partsupp.ps_partkey"], "Filter": "(sum((public.partsupp.ps_supplycost * (public.partsupp.ps_availqty)::double precision)) > $2)", "Plans": [{"Node Type": "Nested Loop", "Parent Relationship": "Outer", "Join Type": "Inner", "Startup Cost": 95.25, "Total Cost": 40368.69, "Plan Rows": 53780, "Plan Width": 24, "Inner Unique": false, "Plans": [{"Node Type": "Nested Loop", "Parent Relationship": "Outer", "Join Type": "Inner", "Startup Cost": 95.25, "Total Cost": 2544.73, "Plan Rows": 4000, "Plan Width": 8, "Inner Unique": false, "Plans": [{"Node Type": "Index Scan", "Parent Relationship": "Outer", "Scan Direction": "Forward", "Index Name": "nation_pkey", "Relation Name": "nation", "Alias": "nation", "Startup Cost": 0.0, "Total Cost": 12.69, "Plan Rows": 1, "Plan Width": 4, "Filter": "(n_name = 'MOZAMBIQUE'::bpchar)"}, {"Node Type": "Bitmap Heap Scan", "Parent Relationship": "Inner", "Relation Name": "supplier", "Alias": "supplier", "Startup Cost": 95.25, "Total Cost": 2492.04, "Plan Rows": 4000, "Plan Width": 12, "Recheck Cond": "(s_nationkey = public.nation.n_nationkey)", "Plans": [{"Node Type": "Bitmap Index Scan", "Parent Relationship": "Outer", "Index Name": "idx_supplier_nation_key", "Startup Cost": 0.0, "Total Cost": 94.25, "Plan Rows": 4000, "Plan Width": 0, "Index Cond": "(s_nationkey = public.nation.n_nationkey)"}]}]}, {"Node Type": "Index Scan", "Parent Relationship": "Inner", "Scan Direction": "Forward", "Index Name": "idx_partsupp_suppkey", "Relation Name": "partsupp", "Alias": "partsupp", "Startup Cost": 0.0, "Total Cost": 9.33, "Plan Rows": 13, "Plan Width": 32, "Index Cond": "(ps_suppkey = public.supplier.s_suppkey)"}]}]}]}, "Unique SQL Id": 2932834211, "Planner Runtime": 1}, "explain_analyze_plan": {"Plan": {"Node Type": "Sort", "Startup Cost": 86979.86, "Total Cost": 87114.31, "Plan Rows": 53780, "Plan Width": 40, "Actual Startup Time": 1762.834, "Actual Total Time": 1762.834, "Actual Rows": 0, "Actual Loops": 1, "Sort Key": ["(sum((public.partsupp.ps_supplycost * (public.partsupp.ps_availqty)::double precision))) DESC"], "Sort Method": "quicksort", "Sort Space Used": 25, "Sort Space Type": "Memory", "Plans": [{"Node Type": "Aggregate", "Strategy": "Plain", "Parent Relationship": "exec_init_plan", "Subplan Name": "InitPlan 1 (returns $2)", "Startup Cost": 40772.04, "Total Cost": 40772.06, "Plan Rows": 1, "Plan Width": 24, "Actual Startup Time": 757.478, "Actual Total Time": 757.478, "Actual Rows": 1, "Actual Loops": 1, "Plans": [{"Node Type": "Nested Loop", "Parent Relationship": "Outer", "Join Type": "Inner", "Startup Cost": 95.25, "Total Cost": 40368.69, "Plan Rows": 53780, "Plan Width": 16, "Actual Startup Time": 0.979, "Actual Total Time": 621.76, "Actual Rows": 313920, "Actual Loops": 1, "Inner Unique": false, "Plans": [{"Node Type": "Nested Loop", "Parent Relationship": "Outer", "Join Type": "Inner", "Startup Cost": 95.25, "Total Cost": 2544.73, "Plan Rows": 4000, "Plan Width": 8, "Actual Startup Time": 0.958, "Actual Total Time": 8.05, "Actual Rows": 3924, "Actual Loops": 1, "Inner Unique": false, "Plans": [{"Node Type": "Index Scan", "Parent Relationship": "Outer", "Scan Direction": "Forward", "Index Name": "nation_pkey", "Relation Name": "nation", "Alias": "nation", "Startup Cost": 0.0, "Total Cost": 12.69, "Plan Rows": 1, "Plan Width": 4, "Actual Startup Time": 0.038, "Actual Total Time": 0.053, "Actual Rows": 1, "Actual Loops": 1, "Filter": "(n_name = 'MOZAMBIQUE'::bpchar)", "Rows Removed by Filter": 24}, {"Node Type": "Bitmap Heap Scan", "Parent Relationship": "Inner", "Relation Name": "supplier", "Alias": "supplier", "Startup Cost": 95.25, "Total Cost": 2492.04, "Plan Rows": 4000, "Plan Width": 12, "Actual Startup Time": 0.903, "Actual Total Time": 7.053, "Actual Rows": 3924, "Actual Loops": 1, "Recheck Cond": "(s_nationkey = public.nation.n_nationkey)", "Rows Removed by Index Recheck": 0, "Exact Heap Blocks": 1895, "Lossy Heap Blocks": 1895, "Plans": [{"Node Type": "Bitmap Index Scan", "Parent Relationship": "Outer", "Index Name": "idx_supplier_nation_key", "Startup Cost": 0.0, "Total Cost": 94.25, "Plan Rows": 4000, "Plan Width": 0, "Actual Startup Time": 0.627, "Actual Total Time": 0.627, "Actual Rows": 3924, "Actual Loops": 1, "Index Cond": "(s_nationkey = public.nation.n_nationkey)"}]}]}, {"Node Type": "Index Scan", "Parent Relationship": "Inner", "Scan Direction": "Forward", "Index Name": "idx_partsupp_suppkey", "Relation Name": "partsupp", "Alias": "partsupp", "Startup Cost": 0.0, "Total Cost": 9.33, "Plan Rows": 13, "Plan Width": 24, "Actual Startup Time": 46.082, "Actual Total Time": 547.337, "Actual Rows": 313920, "Actual Loops": 3924, "Index Cond": "(ps_suppkey = public.supplier.s_suppkey)", "Rows Removed by Index Recheck": 0}]}]}, {"Node Type": "Aggregate", "Strategy": "Hashed", "Parent Relationship": "Outer", "Startup Cost": 41309.84, "Total Cost": 41982.09, "Plan Rows": 53780, "Plan Width": 40, "Actual Startup Time": 1762.251, "Actual Total Time": 1762.251, "Actual Rows": 0, "Actual Loops": 1, "Group By Key": ["public.partsupp.ps_partkey"], "Filter": "(sum((public.partsupp.ps_supplycost * (public.partsupp.ps_availqty)::double precision)) > $2)", "Rows Removed by Filter": 295792, "Plans": [{"Node Type": "Nested Loop", "Parent Relationship": "Outer", "Join Type": "Inner", "Startup Cost": 95.25, "Total Cost": 40368.69, "Plan Rows": 53780, "Plan Width": 24, "Actual Startup Time": 0.974, "Actual Total Time": 574.222, "Actual Rows": 313920, "Actual Loops": 1, "Inner Unique": false, "Plans": [{"Node Type": "Nested Loop", "Parent Relationship": "Outer", "Join Type": "Inner", "Startup Cost": 95.25, "Total Cost": 2544.73, "Plan Rows": 4000, "Plan Width": 8, "Actual Startup Time": 0.951, "Actual Total Time": 7.662, "Actual Rows": 3924, "Actual Loops": 1, "Inner Unique": false, "Plans": [{"Node Type": "Index Scan", "Parent Relationship": "Outer", "Scan Direction": "Forward", "Index Name": "nation_pkey", "Relation Name": "nation", "Alias": "nation", "Startup Cost": 0.0, "Total Cost": 12.69, "Plan Rows": 1, "Plan Width": 4, "Actual Startup Time": 0.031, "Actual Total Time": 0.042, "Actual Rows": 1, "Actual Loops": 1, "Filter": "(n_name = 'MOZAMBIQUE'::bpchar)", "Rows Removed by Filter": 24}, {"Node Type": "Bitmap Heap Scan", "Parent Relationship": "Inner", "Relation Name": "supplier", "Alias": "supplier", "Startup Cost": 95.25, "Total Cost": 2492.04, "Plan Rows": 4000, "Plan Width": 12, "Actual Startup Time": 0.913, "Actual Total Time": 6.701, "Actual Rows": 3924, "Actual Loops": 1, "Recheck Cond": "(s_nationkey = public.nation.n_nationkey)", "Rows Removed by Index Recheck": 0, "Exact Heap Blocks": 1895, "Lossy Heap Blocks": 1895, "Plans": [{"Node Type": "Bitmap Index Scan", "Parent Relationship": "Outer", "Index Name": "idx_supplier_nation_key", "Startup Cost": 0.0, "Total Cost": 94.25, "Plan Rows": 4000, "Plan Width": 0, "Actual Startup Time": 0.621, "Actual Total Time": 0.621, "Actual Rows": 3924, "Actual Loops": 1, "Index Cond": "(s_nationkey = public.nation.n_nationkey)"}]}]}, {"Node Type": "Index Scan", "Parent Relationship": "Inner", "Scan Direction": "Forward", "Index Name": "idx_partsupp_suppkey", "Relation Name": "partsupp", "Alias": "partsupp", "Startup Cost": 0.0, "Total Cost": 9.33, "Plan Rows": 13, "Plan Width": 32, "Actual Startup Time": 43.059, "Actual Total Time": 494.357, "Actual Rows": 313920, "Actual Loops": 3924, "Index Cond": "(ps_suppkey = public.supplier.s_suppkey)", "Rows Removed by Index Recheck": 0}]}]}]}, "Triggers": [], "Planner Runtime": 0, "Total Runtime": 1763.161, "Unique SQL Id": 2932834211}}, "(64, 86)": {"explain_plan": {"Plan": {"Node Type": "Sort", "Startup Cost": 90032.55, "Total Cost": 90167.0, "Plan Rows": 53780, "Plan Width": 40, "Sort Key": ["(sum((public.partsupp.ps_supplycost * (public.partsupp.ps_availqty)::double precision))) DESC"], "Plans": [{"Node Type": "Aggregate", "Strategy": "Plain", "Parent Relationship": "exec_init_plan", "Subplan Name": "InitPlan 1 (returns $2)", "Startup Cost": 42298.39, "Total Cost": 42298.4, "Plan Rows": 1, "Plan Width": 24, "Plans": [{"Node Type": "Nested Loop", "Parent Relationship": "Outer", "Join Type": "Inner", "Startup Cost": 96.82, "Total Cost": 41895.04, "Plan Rows": 53780, "Plan Width": 16, "Inner Unique": false, "Plans": [{"Node Type": "Nested Loop", "Parent Relationship": "Outer", "Join Type": "Inner", "Startup Cost": 95.25, "Total Cost": 2533.35, "Plan Rows": 4000, "Plan Width": 8, "Inner Unique": false, "Plans": [{"Node Type": "Seq Scan", "Parent Relationship": "Outer", "Relation Name": "nation", "Alias": "nation", "Startup Cost": 0.0, "Total Cost": 1.31, "Plan Rows": 1, "Plan Width": 4, "Filter": "(n_name = 'MOZAMBIQUE'::bpchar)"}, {"Node Type": "Bitmap Heap Scan", "Parent Relationship": "Inner", "Relation Name": "supplier", "Alias": "supplier", "Startup Cost": 95.25, "Total Cost": 2492.04, "Plan Rows": 4000, "Plan Width": 12, "Recheck Cond": "(s_nationkey = public.nation.n_nationkey)", "Plans": [{"Node Type": "Bitmap Index Scan", "Parent Relationship": "Outer", "Index Name": "idx_supplier_nation_key", "Startup Cost": 0.0, "Total Cost": 94.25, "Plan Rows": 4000, "Plan Width": 0, "Index Cond": "(s_nationkey = public.nation.n_nationkey)"}]}]}, {"Node Type": "Bitmap Heap Scan", "Parent Relationship": "Inner", "Relation Name": "partsupp", "Alias": "partsupp", "Startup Cost": 1.57, "Total Cost": 9.71, "Plan Rows": 13, "Plan Width": 24, "Recheck Cond": "(ps_suppkey = public.supplier.s_suppkey)", "Plans": [{"Node Type": "Bitmap Index Scan", "Parent Relationship": "Outer", "Index Name": "idx_partsupp_suppkey", "Startup Cost": 0.0, "Total Cost": 1.56, "Plan Rows": 13, "Plan Width": 0, "Index Cond": "(ps_suppkey = public.supplier.s_suppkey)"}]}]}]}, {"Node Type": "Aggregate", "Strategy": "Hashed", "Parent Relationship": "Outer", "Startup Cost": 42836.19, "Total Cost": 43508.44, "Plan Rows": 53780, "Plan Width": 40, "Group By Key": ["public.partsupp.ps_partkey"], "Filter": "(sum((public.partsupp.ps_supplycost * (public.partsupp.ps_availqty)::double precision)) > $2)", "Plans": [{"Node Type": "Nested Loop", "Parent Relationship": "Outer", "Join Type": "Inner", "Startup Cost": 96.82, "Total Cost": 41895.04, "Plan Rows": 53780, "Plan Width": 24, "Inner Unique": false, "Plans": [{"Node Type": "Nested Loop", "Parent Relationship": "Outer", "Join Type": "Inner", "Startup Cost": 95.25, "Total Cost": 2533.35, "Plan Rows": 4000, "Plan Width": 8, "Inner Unique": false, "Plans": [{"Node Type": "Seq Scan", "Parent Relationship": "Outer", "Relation Name": "nation", "Alias": "nation", "Startup Cost": 0.0, "Total Cost": 1.31, "Plan Rows": 1, "Plan Width": 4, "Filter": "(n_name = 'MOZAMBIQUE'::bpchar)"}, {"Node Type": "Bitmap Heap Scan", "Parent Relationship": "Inner", "Relation Name": "supplier", "Alias": "supplier", "Startup Cost": 95.25, "Total Cost": 2492.04, "Plan Rows": 4000, "Plan Width": 12, "Recheck Cond": "(s_nationkey = public.nation.n_nationkey)", "Plans": [{"Node Type": "Bitmap Index Scan", "Parent Relationship": "Outer", "Index Name": "idx_supplier_nation_key", "Startup Cost": 0.0, "Total Cost": 94.25, "Plan Rows": 4000, "Plan Width": 0, "Index Cond": "(s_nationkey = public.nation.n_nationkey)"}]}]}, {"Node Type": "Bitmap Heap Scan", "Parent Relationship": "Inner", "Relation Name": "partsupp", "Alias": "partsupp", "Startup Cost": 1.57, "Total Cost": 9.71, "Plan Rows": 13, "Plan Width": 32, "Recheck Cond": "(ps_suppkey = public.supplier.s_suppkey)", "Plans": [{"Node Type": "Bitmap Index Scan", "Parent Relationship": "Outer", "Index Name": "idx_partsupp_suppkey", "Startup Cost": 0.0, "Total Cost": 1.56, "Plan Rows": 13, "Plan Width": 0, "Index Cond": "(ps_suppkey = public.supplier.s_suppkey)"}]}]}]}]}, "Unique SQL Id": 2932834211, "Planner Runtime": 1}, "explain_analyze_plan": {"Plan": {"Node Type": "Sort", "Startup Cost": 90032.55, "Total Cost": 90167.0, "Plan Rows": 53780, "Plan Width": 40, "Actual Startup Time": 1938.442, "Actual Total Time": 1938.442, "Actual Rows": 0, "Actual Loops": 1, "Sort Key": ["(sum((public.partsupp.ps_supplycost * (public.partsupp.ps_availqty)::double precision))) DESC"], "Sort Method": "quicksort", "Sort Space Used": 25, "Sort Space Type": "Memory", "Plans": [{"Node Type": "Aggregate", "Strategy": "Plain", "Parent Relationship": "exec_init_plan", "Subplan Name": "InitPlan 1 (returns $2)", "Startup Cost": 42298.39, "Total Cost": 42298.4, "Plan Rows": 1, "Plan Width": 24, "Actual Startup Time": 849.92, "Actual Total Time": 849.921, "Actual Rows": 1, "Actual Loops": 1, "Plans": [{"Node Type": "Nested Loop", "Parent Relationship": "Outer", "Join Type": "Inner", "Startup Cost": 96.82, "Total Cost": 41895.04, "Plan Rows": 53780, "Plan Width": 16, "Actual Startup Time": 1.032, "Actual Total Time": 721.537, "Actual Rows": 313920, "Actual Loops": 1, "Inner Unique": false, "Plans": [{"Node Type": "Nested Loop", "Parent Relationship": "Outer", "Join Type": "Inner", "Startup Cost": 95.25, "Total Cost": 2533.35, "Plan Rows": 4000, "Plan Width": 8, "Actual Startup Time": 0.983, "Actual Total Time": 7.832, "Actual Rows": 3924, "Actual Loops": 1, "Inner Unique": false, "Plans": [{"Node Type": "Seq Scan", "Parent Relationship": "Outer", "Relation Name": "nation", "Alias": "nation", "Startup Cost": 0.0, "Total Cost": 1.31, "Plan Rows": 1, "Plan Width": 4, "Actual Startup Time": 0.036, "Actual Total Time": 0.051, "Actual Rows": 1, "Actual Loops": 1, "Filter": "(n_name = 'MOZAMBIQUE'::bpchar)", "Rows Removed by Filter": 24}, {"Node Type": "Bitmap Heap Scan", "Parent Relationship": "Inner", "Relation Name": "supplier", "Alias": "supplier", "Startup Cost": 95.25, "Total Cost": 2492.04, "Plan Rows": 4000, "Plan Width": 12, "Actual Startup Time": 0.939, "Actual Total Time": 6.87, "Actual Rows": 3924, "Actual Loops": 1, "Recheck Cond": "(s_nationkey = public.nation.n_nationkey)", "Rows Removed by Index Recheck": 0, "Exact Heap Blocks": 1895, "Lossy Heap Blocks": 1895, "Plans": [{"Node Type": "Bitmap Index Scan", "Parent Relationship": "Outer", "Index Name": "idx_supplier_nation_key", "Startup Cost": 0.0, "Total Cost": 94.25, "Plan Rows": 4000, "Plan Width": 0, "Actual Startup Time": 0.649, "Actual Total Time": 0.649, "Actual Rows": 3924, "Actual Loops": 1, "Index Cond": "(s_nationkey = public.nation.n_nationkey)"}]}]}, {"Node Type": "Bitmap Heap Scan", "Parent Relationship": "Inner", "Relation Name": "partsupp", "Alias": "partsupp", "Startup Cost": 1.57, "Total Cost": 9.71, "Plan Rows": 13, "Plan Width": 24, "Actual Startup Time": 100.697, "Actual Total Time": 646.011, "Actual Rows": 313920, "Actual Loops": 3924, "Recheck Cond": "(ps_suppkey = public.supplier.s_suppkey)", "Rows Removed by Index Recheck": 0, "Exact Heap Blocks": 313920, "Lossy Heap Blocks": 313920, "Plans": [{"Node Type": "Bitmap Index Scan", "Parent Relationship": "Outer", "Index Name": "idx_partsupp_suppkey", "Startup Cost": 0.0, "Total Cost": 1.56, "Plan Rows": 13, "Plan Width": 0, "Actual Startup Time": 62.61, "Actual Total Time": 62.61, "Actual Rows": 313920, "Actual Loops": 3924, "Index Cond": "(ps_suppkey = public.supplier.s_suppkey)"}]}]}]}, {"Node Type": "Aggregate", "Strategy": "Hashed", "Parent Relationship": "Outer", "Startup Cost": 42836.19, "Total Cost": 43508.44, "Plan Rows": 53780, "Plan Width": 40, "Actual Startup Time": 1938.021, "Actual Total Time": 1938.021, "Actual Rows": 0, "Actual Loops": 1, "Group By Key": ["public.partsupp.ps_partkey"], "Filter": "(sum((public.partsupp.ps_supplycost * (public.partsupp.ps_availqty)::double precision)) > $2)", "Rows Removed by Filter": 295792, "Plans": [{"Node Type": "Nested Loop", "Parent Relationship": "Outer", "Join Type": "Inner", "Startup Cost": 96.82, "Total Cost": 41895.04, "Plan Rows": 53780, "Plan Width": 24, "Actual Startup Time": 0.995, "Actual Total Time": 708.938, "Actual Rows": 313920, "Actual Loops": 1, "Inner Unique": false, "Plans": [{"Node Type": "Nested Loop", "Parent Relationship": "Outer", "Join Type": "Inner", "Startup Cost": 95.25, "Total Cost": 2533.35, "Plan Rows": 4000, "Plan Width": 8, "Actual Startup Time": 0.951, "Actual Total Time": 7.412, "Actual Rows": 3924, "Actual Loops": 1, "Inner Unique": false, "Plans": [{"Node Type": "Seq Scan", "Parent Relationship": "Outer", "Relation Name": "nation", "Alias": "nation", "Startup Cost": 0.0, "Total Cost": 1.31, "Plan Rows": 1, "Plan Width": 4, "Actual Startup Time": 0.031, "Actual Total Time": 0.045, "Actual Rows": 1, "Actual Loops": 1, "Filter": "(n_name = 'MOZAMBIQUE'::bpchar)", "Rows Removed by Filter": 24}, {"Node Type": "Bitmap Heap Scan", "Parent Relationship": "Inner", "Relation Name": "supplier", "Alias": "supplier", "Startup Cost": 95.25, "Total Cost": 2492.04, "Plan Rows": 4000, "Plan Width": 12, "Actual Startup Time": 0.912, "Actual Total Time": 6.426, "Actual Rows": 3924, "Actual Loops": 1, "Recheck Cond": "(s_nationkey = public.nation.n_nationkey)", "Rows Removed by Index Recheck": 0, "Exact Heap Blocks": 1895, "Lossy Heap Blocks": 1895, "Plans": [{"Node Type": "Bitmap Index Scan", "Parent Relationship": "Outer", "Index Name": "idx_supplier_nation_key", "Startup Cost": 0.0, "Total Cost": 94.25, "Plan Rows": 4000, "Plan Width": 0, "Actual Startup Time": 0.632, "Actual Total Time": 0.632, "Actual Rows": 3924, "Actual Loops": 1, "Index Cond": "(s_nationkey = public.nation.n_nationkey)"}]}]}, {"Node Type": "Bitmap Heap Scan", "Parent Relationship": "Inner", "Relation Name": "partsupp", "Alias": "partsupp", "Startup Cost": 1.57, "Total Cost": 9.71, "Plan Rows": 13, "Plan Width": 32, "Actual Startup Time": 100.385, "Actual Total Time": 627.624, "Actual Rows": 313920, "Actual Loops": 3924, "Recheck Cond": "(ps_suppkey = public.supplier.s_suppkey)", "Rows Removed by Index Recheck": 0, "Exact Heap Blocks": 313920, "Lossy Heap Blocks": 313920, "Plans": [{"Node Type": "Bitmap Index Scan", "Parent Relationship": "Outer", "Index Name": "idx_partsupp_suppkey", "Startup Cost": 0.0, "Total Cost": 1.56, "Plan Rows": 13, "Plan Width": 0, "Actual Startup Time": 62.318, "Actual Total Time": 62.318, "Actual Rows": 313920, "Actual Loops": 3924, "Index Cond": "(ps_suppkey = public.supplier.s_suppkey)"}]}]}]}]}, "Triggers": [], "Planner Runtime": 0, "Total Runtime": 1938.921, "Unique SQL Id": 2932834211}}, "(64, 87)": {"explain_plan": {"Plan": {"Node Type": "Sort", "Startup Cost": 2000084159245.82, "Total Cost": 2000084159380.27, "Plan Rows": 53780, "Plan Width": 40, "Sort Key": ["(sum((public.partsupp.ps_supplycost * (public.partsupp.ps_availqty)::double precision))) DESC"], "Plans": [{"Node Type": "Aggregate", "Strategy": "Plain", "Parent Relationship": "exec_init_plan", "Subplan Name": "InitPlan 1 (returns $2)", "Startup Cost": 1000001001502.42, "Total Cost": 1000001001502.43, "Plan Rows": 1, "Plan Width": 24, "Plans": [{"Node Type": "Nested Loop", "Parent Relationship": "Outer", "Join Type": "Inner", "Startup Cost": 10000000001.83, "Total Cost": 1000001001099.07, "Plan Rows": 53780, "Plan Width": 16, "Inner Unique": false, "Plans": [{"Node Type": "Nested Loop", "Parent Relationship": "Outer", "Join Type": "Inner", "Startup Cost": 10000000000.26, "Total Cost": 1000000961737.38, "Plan Rows": 4000, "Plan Width": 8, "Inner Unique": true, "Plans": [{"Node Type": "Index Scan", "Parent Relationship": "Outer", "Scan Direction": "Forward", "Index Name": "supplier_pkey", "Relation Name": "supplier", "Alias": "supplier", "Startup Cost": 10000000000.0, "Total Cost": 1000000533454.38, "Plan Rows": 100000, "Plan Width": 12}, {"Node Type": "Bitmap Heap Scan", "Parent Relationship": "Inner", "Relation Name": "nation", "Alias": "nation", "Startup Cost": 0.26, "Total Cost": 4.27, "Plan Rows": 1, "Plan Width": 4, "Recheck Cond": "(n_nationkey = public.supplier.s_nationkey)", "Filter": "(n_name = 'MOZAMBIQUE'::bpchar)", "Plans": [{"Node Type": "Bitmap Index Scan", "Parent Relationship": "Outer", "Index Name": "nation_pkey", "Startup Cost": 0.0, "Total Cost": 0.26, "Plan Rows": 1, "Plan Width": 0, "Index Cond": "(n_nationkey = public.supplier.s_nationkey)"}]}]}, {"Node Type": "Bitmap Heap Scan", "Parent Relationship": "Inner", "Relation Name": "partsupp", "Alias": "partsupp", "Startup Cost": 1.57, "Total Cost": 9.71, "Plan Rows": 13, "Plan Width": 24, "Recheck Cond": "(ps_suppkey = public.supplier.s_suppkey)", "Plans": [{"Node Type": "Bitmap Index Scan", "Parent Relationship": "Outer", "Index Name": "idx_partsupp_suppkey", "Startup Cost": 0.0, "Total Cost": 1.56, "Plan Rows": 13, "Plan Width": 0, "Index Cond": "(ps_suppkey = public.supplier.s_suppkey)"}]}]}]}, {"Node Type": "Aggregate", "Strategy": "Hashed", "Parent Relationship": "Outer", "Startup Cost": 1000083152845.44, "Total Cost": 1000083153517.69, "Plan Rows": 53780, "Plan Width": 40, "Group By Key": ["public.partsupp.ps_partkey"], "Filter": "(sum((public.partsupp.ps_supplycost * (public.partsupp.ps_availqty)::double precision)) > $2)", "Plans": [{"Node Type": "Nested Loop", "Parent Relationship": "Outer", "Join Type": "Inner", "Startup Cost": 10000000000.52, "Total Cost": 1000083151904.29, "Plan Rows": 53780, "Plan Width": 24, "Inner Unique": true, "Plans": [{"Node Type": "Nested Loop", "Parent Relationship": "Outer", "Join Type": "Inner", "Startup Cost": 10000000000.26, "Total Cost": 1000077393643.64, "Plan Rows": 1344499, "Plan Width": 28, "Inner Unique": true, "Plans": [{"Node Type": "Index Scan", "Parent Relationship": "Outer", "Scan Direction": "Forward", "Index Name": "idx_partsupp_partkey", "Relation Name": "partsupp", "Alias": "partsupp", "Startup Cost": 10000000000.0, "Total Cost": 1000043148503.38, "Plan Rows": 8000372, "Plan Width": 32}, {"Node Type": "Bitmap Heap Scan", "Parent Relationship": "Inner", "Relation Name": "supplier", "Alias": "supplier", "Startup Cost": 0.26, "Total Cost": 4.27, "Plan Rows": 1, "Plan Width": 12, "Recheck Cond": "(s_suppkey = public.partsupp.ps_suppkey)", "Plans": [{"Node Type": "Bitmap Index Scan", "Parent Relationship": "Outer", "Index Name": "supplier_pkey", "Startup Cost": 0.0, "Total Cost": 0.26, "Plan Rows": 1, "Plan Width": 0, "Index Cond": "(s_suppkey = public.partsupp.ps_suppkey)"}]}]}, {"Node Type": "Bitmap Heap Scan", "Parent Relationship": "Inner", "Relation Name": "nation", "Alias": "nation", "Startup Cost": 0.26, "Total Cost": 4.27, "Plan Rows": 1, "Plan Width": 4, "Recheck Cond": "(n_nationkey = public.supplier.s_nationkey)", "Filter": "(n_name = 'MOZAMBIQUE'::bpchar)", "Plans": [{"Node Type": "Bitmap Index Scan", "Parent Relationship": "Outer", "Index Name": "nation_pkey", "Startup Cost": 0.0, "Total Cost": 0.26, "Plan Rows": 1, "Plan Width": 0, "Index Cond": "(n_nationkey = public.supplier.s_nationkey)"}]}]}]}]}, "Unique SQL Id": 2932834211, "Planner Runtime": 1}, "explain_analyze_plan": null}, "(64, 88)": {"explain_plan": {"Plan": {"Node Type": "Sort", "Startup Cost": 99294.27, "Total Cost": 99428.72, "Plan Rows": 53780, "Plan Width": 40, "Sort Key": ["(sum((public.partsupp.ps_supplycost * (public.partsupp.ps_availqty)::double precision))) DESC"], "Plans": [{"Node Type": "Aggregate", "Strategy": "Plain", "Parent Relationship": "exec_init_plan", "Subplan Name": "InitPlan 1 (returns $2)", "Startup Cost": 46929.25, "Total Cost": 46929.26, "Plan Rows": 1, "Plan Width": 24, "Plans": [{"Node Type": "Nested Loop", "Parent Relationship": "Outer", "Join Type": "Inner", "Startup Cost": 0.0, "Total Cost": 46525.9, "Plan Rows": 53780, "Plan Width": 16, "Inner Unique": false, "Plans": [{"Node Type": "Nested Loop", "Parent Relationship": "Outer", "Join Type": "Inner", "Startup Cost": 0.0, "Total Cost": 8701.93, "Plan Rows": 4000, "Plan Width": 8, "Inner Unique": false, "Plans": [{"Node Type": "Seq Scan", "Parent Relationship": "Outer", "Relation Name": "nation", "Alias": "nation", "Startup Cost": 0.0, "Total Cost": 1.31, "Plan Rows": 1, "Plan Width": 4, "Filter": "(n_name = 'MOZAMBIQUE'::bpchar)"}, {"Node Type": "Index Scan", "Parent Relationship": "Inner", "Scan Direction": "Forward", "Index Name": "idx_supplier_nation_key", "Relation Name": "supplier", "Alias": "supplier", "Startup Cost": 0.0, "Total Cost": 8660.62, "Plan Rows": 4000, "Plan Width": 12, "Index Cond": "(s_nationkey = public.nation.n_nationkey)"}]}, {"Node Type": "Index Scan", "Parent Relationship": "Inner", "Scan Direction": "Forward", "Index Name": "idx_partsupp_suppkey", "Relation Name": "partsupp", "Alias": "partsupp", "Startup Cost": 0.0, "Total Cost": 9.33, "Plan Rows": 13, "Plan Width": 24, "Index Cond": "(ps_suppkey = public.supplier.s_suppkey)"}]}]}, {"Node Type": "Aggregate", "Strategy": "Hashed", "Parent Relationship": "Outer", "Startup Cost": 47467.05, "Total Cost": 48139.3, "Plan Rows": 53780, "Plan Width": 40, "Group By Key": ["public.partsupp.ps_partkey"], "Filter": "(sum((public.partsupp.ps_supplycost * (public.partsupp.ps_availqty)::double precision)) > $2)", "Plans": [{"Node Type": "Nested Loop", "Parent Relationship": "Outer", "Join Type": "Inner", "Startup Cost": 0.0, "Total Cost": 46525.9, "Plan Rows": 53780, "Plan Width": 24, "Inner Unique": false, "Plans": [{"Node Type": "Nested Loop", "Parent Relationship": "Outer", "Join Type": "Inner", "Startup Cost": 0.0, "Total Cost": 8701.93, "Plan Rows": 4000, "Plan Width": 8, "Inner Unique": false, "Plans": [{"Node Type": "Seq Scan", "Parent Relationship": "Outer", "Relation Name": "nation", "Alias": "nation", "Startup Cost": 0.0, "Total Cost": 1.31, "Plan Rows": 1, "Plan Width": 4, "Filter": "(n_name = 'MOZAMBIQUE'::bpchar)"}, {"Node Type": "Index Scan", "Parent Relationship": "Inner", "Scan Direction": "Forward", "Index Name": "idx_supplier_nation_key", "Relation Name": "supplier", "Alias": "supplier", "Startup Cost": 0.0, "Total Cost": 8660.62, "Plan Rows": 4000, "Plan Width": 12, "Index Cond": "(s_nationkey = public.nation.n_nationkey)"}]}, {"Node Type": "Index Scan", "Parent Relationship": "Inner", "Scan Direction": "Forward", "Index Name": "idx_partsupp_suppkey", "Relation Name": "partsupp", "Alias": "partsupp", "Startup Cost": 0.0, "Total Cost": 9.33, "Plan Rows": 13, "Plan Width": 32, "Index Cond": "(ps_suppkey = public.supplier.s_suppkey)"}]}]}]}, "Unique SQL Id": 2932834211, "Planner Runtime": 1}, "explain_analyze_plan": {"Plan": {"Node Type": "Sort", "Startup Cost": 99294.27, "Total Cost": 99428.72, "Plan Rows": 53780, "Plan Width": 40, "Actual Startup Time": 1836.289, "Actual Total Time": 1836.289, "Actual Rows": 0, "Actual Loops": 1, "Sort Key": ["(sum((public.partsupp.ps_supplycost * (public.partsupp.ps_availqty)::double precision))) DESC"], "Sort Method": "quicksort", "Sort Space Used": 25, "Sort Space Type": "Memory", "Plans": [{"Node Type": "Aggregate", "Strategy": "Plain", "Parent Relationship": "exec_init_plan", "Subplan Name": "InitPlan 1 (returns $2)", "Startup Cost": 46929.25, "Total Cost": 46929.26, "Plan Rows": 1, "Plan Width": 24, "Actual Startup Time": 782.838, "Actual Total Time": 782.838, "Actual Rows": 1, "Actual Loops": 1, "Plans": [{"Node Type": "Nested Loop", "Parent Relationship": "Outer", "Join Type": "Inner", "Startup Cost": 0.0, "Total Cost": 46525.9, "Plan Rows": 53780, "Plan Width": 16, "Actual Startup Time": 0.077, "Actual Total Time": 648.778, "Actual Rows": 313920, "Actual Loops": 1, "Inner Unique": false, "Plans": [{"Node Type": "Nested Loop", "Parent Relationship": "Outer", "Join Type": "Inner", "Startup Cost": 0.0, "Total Cost": 8701.93, "Plan Rows": 4000, "Plan Width": 8, "Actual Startup Time": 0.06, "Actual Total Time": 6.657, "Actual Rows": 3924, "Actual Loops": 1, "Inner Unique": false, "Plans": [{"Node Type": "Seq Scan", "Parent Relationship": "Outer", "Relation Name": "nation", "Alias": "nation", "Startup Cost": 0.0, "Total Cost": 1.31, "Plan Rows": 1, "Plan Width": 4, "Actual Startup Time": 0.029, "Actual Total Time": 0.043, "Actual Rows": 1, "Actual Loops": 1, "Filter": "(n_name = 'MOZAMBIQUE'::bpchar)", "Rows Removed by Filter": 24}, {"Node Type": "Index Scan", "Parent Relationship": "Inner", "Scan Direction": "Forward", "Index Name": "idx_supplier_nation_key", "Relation Name": "supplier", "Alias": "supplier", "Startup Cost": 0.0, "Total Cost": 8660.62, "Plan Rows": 4000, "Plan Width": 12, "Actual Startup Time": 0.027, "Actual Total Time": 5.551, "Actual Rows": 3924, "Actual Loops": 1, "Index Cond": "(s_nationkey = public.nation.n_nationkey)", "Rows Removed by Index Recheck": 0}]}, {"Node Type": "Index Scan", "Parent Relationship": "Inner", "Scan Direction": "Forward", "Index Name": "idx_partsupp_suppkey", "Relation Name": "partsupp", "Alias": "partsupp", "Startup Cost": 0.0, "Total Cost": 9.33, "Plan Rows": 13, "Plan Width": 24, "Actual Startup Time": 47.022, "Actual Total Time": 575.347, "Actual Rows": 313920, "Actual Loops": 3924, "Index Cond": "(ps_suppkey = public.supplier.s_suppkey)", "Rows Removed by Index Recheck": 0}]}]}, {"Node Type": "Aggregate", "Strategy": "Hashed", "Parent Relationship": "Outer", "Startup Cost": 47467.05, "Total Cost": 48139.3, "Plan Rows": 53780, "Plan Width": 40, "Actual Startup Time": 1835.861, "Actual Total Time": 1835.861, "Actual Rows": 0, "Actual Loops": 1, "Group By Key": ["public.partsupp.ps_partkey"], "Filter": "(sum((public.partsupp.ps_supplycost * (public.partsupp.ps_availqty)::double precision)) > $2)", "Rows Removed by Filter": 295792, "Plans": [{"Node Type": "Nested Loop", "Parent Relationship": "Outer", "Join Type": "Inner", "Startup Cost": 0.0, "Total Cost": 46525.9, "Plan Rows": 53780, "Plan Width": 24, "Actual Startup Time": 0.079, "Actual Total Time": 657.618, "Actual Rows": 313920, "Actual Loops": 1, "Inner Unique": false, "Plans": [{"Node Type": "Nested Loop", "Parent Relationship": "Outer", "Join Type": "Inner", "Startup Cost": 0.0, "Total Cost": 8701.93, "Plan Rows": 4000, "Plan Width": 8, "Actual Startup Time": 0.062, "Actual Total Time": 6.669, "Actual Rows": 3924, "Actual Loops": 1, "Inner Unique": false, "Plans": [{"Node Type": "Seq Scan", "Parent Relationship": "Outer", "Relation Name": "nation", "Alias": "nation", "Startup Cost": 0.0, "Total Cost": 1.31, "Plan Rows": 1, "Plan Width": 4, "Actual Startup Time": 0.028, "Actual Total Time": 0.041, "Actual Rows": 1, "Actual Loops": 1, "Filter": "(n_name = 'MOZAMBIQUE'::bpchar)", "Rows Removed by Filter": 24}, {"Node Type": "Index Scan", "Parent Relationship": "Inner", "Scan Direction": "Forward", "Index Name": "idx_supplier_nation_key", "Relation Name": "supplier", "Alias": "supplier", "Startup Cost": 0.0, "Total Cost": 8660.62, "Plan Rows": 4000, "Plan Width": 12, "Actual Startup Time": 0.028, "Actual Total Time": 5.672, "Actual Rows": 3924, "Actual Loops": 1, "Index Cond": "(s_nationkey = public.nation.n_nationkey)", "Rows Removed by Index Recheck": 0}]}, {"Node Type": "Index Scan", "Parent Relationship": "Inner", "Scan Direction": "Forward", "Index Name": "idx_partsupp_suppkey", "Relation Name": "partsupp", "Alias": "partsupp", "Startup Cost": 0.0, "Total Cost": 9.33, "Plan Rows": 13, "Plan Width": 32, "Actual Startup Time": 47.14, "Actual Total Time": 578.986, "Actual Rows": 313920, "Actual Loops": 3924, "Index Cond": "(ps_suppkey = public.supplier.s_suppkey)", "Rows Removed by Index Recheck": 0}]}]}]}, "Triggers": [], "Planner Runtime": 2, "Total Runtime": 1836.587, "Unique SQL Id": 2932834211}}, "(64, 89)": {"explain_plan": {"Plan": {"Node Type": "Sort", "Startup Cost": 99317.02, "Total Cost": 99451.47, "Plan Rows": 53780, "Plan Width": 40, "Sort Key": ["(sum((public.partsupp.ps_supplycost * (public.partsupp.ps_availqty)::double precision))) DESC"], "Plans": [{"Node Type": "Aggregate", "Strategy": "Plain", "Parent Relationship": "exec_init_plan", "Subplan Name": "InitPlan 1 (returns $2)", "Startup Cost": 46940.63, "Total Cost": 46940.64, "Plan Rows": 1, "Plan Width": 24, "Plans": [{"Node Type": "Nested Loop", "Parent Relationship": "Outer", "Join Type": "Inner", "Startup Cost": 0.0, "Total Cost": 46537.28, "Plan Rows": 53780, "Plan Width": 16, "Inner Unique": false, "Plans": [{"Node Type": "Nested Loop", "Parent Relationship": "Outer", "Join Type": "Inner", "Startup Cost": 0.0, "Total Cost": 8713.31, "Plan Rows": 4000, "Plan Width": 8, "Inner Unique": false, "Plans": [{"Node Type": "Index Scan", "Parent Relationship": "Outer", "Scan Direction": "Forward", "Index Name": "nation_pkey", "Relation Name": "nation", "Alias": "nation", "Startup Cost": 0.0, "Total Cost": 12.69, "Plan Rows": 1, "Plan Width": 4, "Filter": "(n_name = 'MOZAMBIQUE'::bpchar)"}, {"Node Type": "Index Scan", "Parent Relationship": "Inner", "Scan Direction": "Forward", "Index Name": "idx_supplier_nation_key", "Relation Name": "supplier", "Alias": "supplier", "Startup Cost": 0.0, "Total Cost": 8660.62, "Plan Rows": 4000, "Plan Width": 12, "Index Cond": "(s_nationkey = public.nation.n_nationkey)"}]}, {"Node Type": "Index Scan", "Parent Relationship": "Inner", "Scan Direction": "Forward", "Index Name": "idx_partsupp_suppkey", "Relation Name": "partsupp", "Alias": "partsupp", "Startup Cost": 0.0, "Total Cost": 9.33, "Plan Rows": 13, "Plan Width": 24, "Index Cond": "(ps_suppkey = public.supplier.s_suppkey)"}]}]}, {"Node Type": "Aggregate", "Strategy": "Hashed", "Parent Relationship": "Outer", "Startup Cost": 47478.43, "Total Cost": 48150.68, "Plan Rows": 53780, "Plan Width": 40, "Group By Key": ["public.partsupp.ps_partkey"], "Filter": "(sum((public.partsupp.ps_supplycost * (public.partsupp.ps_availqty)::double precision)) > $2)", "Plans": [{"Node Type": "Nested Loop", "Parent Relationship": "Outer", "Join Type": "Inner", "Startup Cost": 0.0, "Total Cost": 46537.28, "Plan Rows": 53780, "Plan Width": 24, "Inner Unique": false, "Plans": [{"Node Type": "Nested Loop", "Parent Relationship": "Outer", "Join Type": "Inner", "Startup Cost": 0.0, "Total Cost": 8713.31, "Plan Rows": 4000, "Plan Width": 8, "Inner Unique": false, "Plans": [{"Node Type": "Index Scan", "Parent Relationship": "Outer", "Scan Direction": "Forward", "Index Name": "nation_pkey", "Relation Name": "nation", "Alias": "nation", "Startup Cost": 0.0, "Total Cost": 12.69, "Plan Rows": 1, "Plan Width": 4, "Filter": "(n_name = 'MOZAMBIQUE'::bpchar)"}, {"Node Type": "Index Scan", "Parent Relationship": "Inner", "Scan Direction": "Forward", "Index Name": "idx_supplier_nation_key", "Relation Name": "supplier", "Alias": "supplier", "Startup Cost": 0.0, "Total Cost": 8660.62, "Plan Rows": 4000, "Plan Width": 12, "Index Cond": "(s_nationkey = public.nation.n_nationkey)"}]}, {"Node Type": "Index Scan", "Parent Relationship": "Inner", "Scan Direction": "Forward", "Index Name": "idx_partsupp_suppkey", "Relation Name": "partsupp", "Alias": "partsupp", "Startup Cost": 0.0, "Total Cost": 9.33, "Plan Rows": 13, "Plan Width": 32, "Index Cond": "(ps_suppkey = public.supplier.s_suppkey)"}]}]}]}, "Unique SQL Id": 2932834211, "Planner Runtime": 1}, "explain_analyze_plan": {"Plan": {"Node Type": "Sort", "Startup Cost": 99317.02, "Total Cost": 99451.47, "Plan Rows": 53780, "Plan Width": 40, "Actual Startup Time": 1741.663, "Actual Total Time": 1741.663, "Actual Rows": 0, "Actual Loops": 1, "Sort Key": ["(sum((public.partsupp.ps_supplycost * (public.partsupp.ps_availqty)::double precision))) DESC"], "Sort Method": "quicksort", "Sort Space Used": 25, "Sort Space Type": "Memory", "Plans": [{"Node Type": "Aggregate", "Strategy": "Plain", "Parent Relationship": "exec_init_plan", "Subplan Name": "InitPlan 1 (returns $2)", "Startup Cost": 46940.63, "Total Cost": 46940.64, "Plan Rows": 1, "Plan Width": 24, "Actual Startup Time": 684.047, "Actual Total Time": 684.048, "Actual Rows": 1, "Actual Loops": 1, "Plans": [{"Node Type": "Nested Loop", "Parent Relationship": "Outer", "Join Type": "Inner", "Startup Cost": 0.0, "Total Cost": 46537.28, "Plan Rows": 53780, "Plan Width": 16, "Actual Startup Time": 0.071, "Actual Total Time": 549.098, "Actual Rows": 313920, "Actual Loops": 1, "Inner Unique": false, "Plans": [{"Node Type": "Nested Loop", "Parent Relationship": "Outer", "Join Type": "Inner", "Startup Cost": 0.0, "Total Cost": 8713.31, "Plan Rows": 4000, "Plan Width": 8, "Actual Startup Time": 0.052, "Actual Total Time": 5.756, "Actual Rows": 3924, "Actual Loops": 1, "Inner Unique": false, "Plans": [{"Node Type": "Index Scan", "Parent Relationship": "Outer", "Scan Direction": "Forward", "Index Name": "nation_pkey", "Relation Name": "nation", "Alias": "nation", "Startup Cost": 0.0, "Total Cost": 12.69, "Plan Rows": 1, "Plan Width": 4, "Actual Startup Time": 0.022, "Actual Total Time": 0.034, "Actual Rows": 1, "Actual Loops": 1, "Filter": "(n_name = 'MOZAMBIQUE'::bpchar)", "Rows Removed by Filter": 24}, {"Node Type": "Index Scan", "Parent Relationship": "Inner", "Scan Direction": "Forward", "Index Name": "idx_supplier_nation_key", "Relation Name": "supplier", "Alias": "supplier", "Startup Cost": 0.0, "Total Cost": 8660.62, "Plan Rows": 4000, "Plan Width": 12, "Actual Startup Time": 0.026, "Actual Total Time": 4.696, "Actual Rows": 3924, "Actual Loops": 1, "Index Cond": "(s_nationkey = public.nation.n_nationkey)", "Rows Removed by Index Recheck": 0}]}, {"Node Type": "Index Scan", "Parent Relationship": "Inner", "Scan Direction": "Forward", "Index Name": "idx_partsupp_suppkey", "Relation Name": "partsupp", "Alias": "partsupp", "Startup Cost": 0.0, "Total Cost": 9.33, "Plan Rows": 13, "Plan Width": 24, "Actual Startup Time": 41.945, "Actual Total Time": 476.997, "Actual Rows": 313920, "Actual Loops": 3924, "Index Cond": "(ps_suppkey = public.supplier.s_suppkey)", "Rows Removed by Index Recheck": 0}]}]}, {"Node Type": "Aggregate", "Strategy": "Hashed", "Parent Relationship": "Outer", "Startup Cost": 47478.43, "Total Cost": 48150.68, "Plan Rows": 53780, "Plan Width": 40, "Actual Startup Time": 1741.217, "Actual Total Time": 1741.217, "Actual Rows": 0, "Actual Loops": 1, "Group By Key": ["public.partsupp.ps_partkey"], "Filter": "(sum((public.partsupp.ps_supplycost * (public.partsupp.ps_availqty)::double precision)) > $2)", "Rows Removed by Filter": 295792, "Plans": [{"Node Type": "Nested Loop", "Parent Relationship": "Outer", "Join Type": "Inner", "Startup Cost": 0.0, "Total Cost": 46537.28, "Plan Rows": 53780, "Plan Width": 24, "Actual Startup Time": 0.076, "Actual Total Time": 659.483, "Actual Rows": 313920, "Actual Loops": 1, "Inner Unique": false, "Plans": [{"Node Type": "Nested Loop", "Parent Relationship": "Outer", "Join Type": "Inner", "Startup Cost": 0.0, "Total Cost": 8713.31, "Plan Rows": 4000, "Plan Width": 8, "Actual Startup Time": 0.061, "Actual Total Time": 6.86, "Actual Rows": 3924, "Actual Loops": 1, "Inner Unique": false, "Plans": [{"Node Type": "Index Scan", "Parent Relationship": "Outer", "Scan Direction": "Forward", "Index Name": "nation_pkey", "Relation Name": "nation", "Alias": "nation", "Startup Cost": 0.0, "Total Cost": 12.69, "Plan Rows": 1, "Plan Width": 4, "Actual Startup Time": 0.03, "Actual Total Time": 0.042, "Actual Rows": 1, "Actual Loops": 1, "Filter": "(n_name = 'MOZAMBIQUE'::bpchar)", "Rows Removed by Filter": 24}, {"Node Type": "Index Scan", "Parent Relationship": "Inner", "Scan Direction": "Forward", "Index Name": "idx_supplier_nation_key", "Relation Name": "supplier", "Alias": "supplier", "Startup Cost": 0.0, "Total Cost": 8660.62, "Plan Rows": 4000, "Plan Width": 12, "Actual Startup Time": 0.027, "Actual Total Time": 5.715, "Actual Rows": 3924, "Actual Loops": 1, "Index Cond": "(s_nationkey = public.nation.n_nationkey)", "Rows Removed by Index Recheck": 0}]}, {"Node Type": "Index Scan", "Parent Relationship": "Inner", "Scan Direction": "Forward", "Index Name": "idx_partsupp_suppkey", "Relation Name": "partsupp", "Alias": "partsupp", "Startup Cost": 0.0, "Total Cost": 9.33, "Plan Rows": 13, "Plan Width": 32, "Actual Startup Time": 47.203, "Actual Total Time": 580.653, "Actual Rows": 313920, "Actual Loops": 3924, "Index Cond": "(ps_suppkey = public.supplier.s_suppkey)", "Rows Removed by Index Recheck": 0}]}]}]}, "Triggers": [], "Planner Runtime": 1, "Total Runtime": 1741.93, "Unique SQL Id": 2932834211}}, "(64, 90)": {"explain_plan": {"Plan": {"Node Type": "Sort", "Startup Cost": 2486686.32, "Total Cost": 2486820.77, "Plan Rows": 53780, "Plan Width": 40, "Sort Key": ["(sum((public.partsupp.ps_supplycost * (public.partsupp.ps_availqty)::double precision))) DESC"], "Plans": [{"Node Type": "Aggregate", "Strategy": "Plain", "Parent Relationship": "exec_init_plan", "Subplan Name": "InitPlan 1 (returns $0)", "Startup Cost": 1240625.27, "Total Cost": 1240625.29, "Plan Rows": 1, "Plan Width": 24, "Plans": [{"Node Type": "Merge Join", "Parent Relationship": "Outer", "Join Type": "Inner", "Startup Cost": 1199664.68, "Total Cost": 1240221.92, "Plan Rows": 53780, "Plan Width": 16, "Inner Unique": false, "Merge Cond": "(public.supplier.s_suppkey = public.partsupp.ps_suppkey)", "Plans": [{"Node Type": "Sort", "Parent Relationship": "Outer", "Startup Cost": 12368.47, "Total Cost": 12378.47, "Plan Rows": 4000, "Plan Width": 8, "Sort Key": ["public.supplier.s_suppkey"], "Plans": [{"Node Type": "Merge Join", "Parent Relationship": "Outer", "Join Type": "Inner", "Startup Cost": 11589.14, "Total Cost": 12129.15, "Plan Rows": 4000, "Plan Width": 8, "Inner Unique": false, "Merge Cond": "(public.nation.n_nationkey = public.supplier.s_nationkey)", "Plans": [{"Node Type": "Sort", "Parent Relationship": "Outer", "Startup Cost": 1.32, "Total Cost": 1.33, "Plan Rows": 1, "Plan Width": 4, "Sort Key": ["public.nation.n_nationkey"], "Plans": [{"Node Type": "Seq Scan", "Parent Relationship": "Outer", "Relation Name": "nation", "Alias": "nation", "Startup Cost": 0.0, "Total Cost": 1.31, "Plan Rows": 1, "Plan Width": 4, "Filter": "(n_name = 'MOZAMBIQUE'::bpchar)"}]}, {"Node Type": "Sort", "Parent Relationship": "Inner", "Startup Cost": 11587.82, "Total Cost": 11837.82, "Plan Rows": 100000, "Plan Width": 12, "Sort Key": ["public.supplier.s_nationkey"], "Plans": [{"Node Type": "Seq Scan", "Parent Relationship": "Outer", "Relation Name": "supplier", "Alias": "supplier", "Startup Cost": 0.0, "Total Cost": 3283.0, "Plan Rows": 100000, "Plan Width": 12}]}]}]}, {"Node Type": "Sort", "Parent Relationship": "Inner", "Startup Cost": 1187295.8, "Total Cost": 1207296.73, "Plan Rows": 8000372, "Plan Width": 24, "Sort Key": ["public.partsupp.ps_suppkey"], "Plans": [{"Node Type": "Seq Scan", "Parent Relationship": "Outer", "Relation Name": "partsupp", "Alias": "partsupp", "Startup Cost": 0.0, "Total Cost": 269987.72, "Plan Rows": 8000372, "Plan Width": 24}]}]}]}, {"Node Type": "Aggregate", "Strategy": "Hashed", "Parent Relationship": "Outer", "Startup Cost": 1241163.07, "Total Cost": 1241835.32, "Plan Rows": 53780, "Plan Width": 40, "Group By Key": ["public.partsupp.ps_partkey"], "Filter": "(sum((public.partsupp.ps_supplycost * (public.partsupp.ps_availqty)::double precision)) > $0)", "Plans": [{"Node Type": "Merge Join", "Parent Relationship": "Outer", "Join Type": "Inner", "Startup Cost": 1199664.68, "Total Cost": 1240221.92, "Plan Rows": 53780, "Plan Width": 24, "Inner Unique": false, "Merge Cond": "(public.supplier.s_suppkey = public.partsupp.ps_suppkey)", "Plans": [{"Node Type": "Sort", "Parent Relationship": "Outer", "Startup Cost": 12368.47, "Total Cost": 12378.47, "Plan Rows": 4000, "Plan Width": 8, "Sort Key": ["public.supplier.s_suppkey"], "Plans": [{"Node Type": "Merge Join", "Parent Relationship": "Outer", "Join Type": "Inner", "Startup Cost": 11589.14, "Total Cost": 12129.15, "Plan Rows": 4000, "Plan Width": 8, "Inner Unique": false, "Merge Cond": "(public.nation.n_nationkey = public.supplier.s_nationkey)", "Plans": [{"Node Type": "Sort", "Parent Relationship": "Outer", "Startup Cost": 1.32, "Total Cost": 1.33, "Plan Rows": 1, "Plan Width": 4, "Sort Key": ["public.nation.n_nationkey"], "Plans": [{"Node Type": "Seq Scan", "Parent Relationship": "Outer", "Relation Name": "nation", "Alias": "nation", "Startup Cost": 0.0, "Total Cost": 1.31, "Plan Rows": 1, "Plan Width": 4, "Filter": "(n_name = 'MOZAMBIQUE'::bpchar)"}]}, {"Node Type": "Sort", "Parent Relationship": "Inner", "Startup Cost": 11587.82, "Total Cost": 11837.82, "Plan Rows": 100000, "Plan Width": 12, "Sort Key": ["public.supplier.s_nationkey"], "Plans": [{"Node Type": "Seq Scan", "Parent Relationship": "Outer", "Relation Name": "supplier", "Alias": "supplier", "Startup Cost": 0.0, "Total Cost": 3283.0, "Plan Rows": 100000, "Plan Width": 12}]}]}]}, {"Node Type": "Sort", "Parent Relationship": "Inner", "Startup Cost": 1187295.8, "Total Cost": 1207296.73, "Plan Rows": 8000372, "Plan Width": 32, "Sort Key": ["public.partsupp.ps_suppkey"], "Plans": [{"Node Type": "Seq Scan", "Parent Relationship": "Outer", "Relation Name": "partsupp", "Alias": "partsupp", "Startup Cost": 0.0, "Total Cost": 269987.72, "Plan Rows": 8000372, "Plan Width": 32}]}]}]}]}, "Unique SQL Id": 2932834211, "Planner Runtime": 1}, "explain_analyze_plan": null}, "(64, 91)": {"explain_plan": {"Plan": {"Node Type": "Sort", "Startup Cost": 6000102747407.88, "Total Cost": 6000102747542.33, "Plan Rows": 53780, "Plan Width": 40, "Sort Key": ["(sum((public.partsupp.ps_supplycost * (public.partsupp.ps_availqty)::double precision))) DESC"], "Plans": [{"Node Type": "Aggregate", "Strategy": "Plain", "Parent Relationship": "exec_init_plan", "Subplan Name": "InitPlan 1 (returns $0)", "Startup Cost": 3000051370986.06, "Total Cost": 3000051370986.07, "Plan Rows": 1, "Plan Width": 24, "Plans": [{"Node Type": "Merge Join", "Parent Relationship": "Outer", "Join Type": "Inner", "Startup Cost": 2010051361784.76, "Total Cost": 3000051370582.71, "Plan Rows": 53780, "Plan Width": 16, "Inner Unique": true, "Merge Cond": "(public.supplier.s_nationkey = public.nation.n_nationkey)", "Plans": [{"Node Type": "Sort", "Parent Relationship": "Outer", "Startup Cost": 2000051361784.76, "Total Cost": 2000051365146.01, "Plan Rows": 1344499, "Plan Width": 20, "Sort Key": ["public.supplier.s_nationkey"], "Plans": [{"Node Type": "Merge Join", "Parent Relationship": "Outer", "Join Type": "Inner", "Startup Cost": 20010395568.5, "Total Cost": 2000051224923.92, "Plan Rows": 1344499, "Plan Width": 20, "Inner Unique": false, "Merge Cond": "(public.supplier.s_suppkey = public.partsupp.ps_suppkey)", "Plans": [{"Node Type": "Index Scan", "Parent Relationship": "Outer", "Scan Direction": "Forward", "Index Name": "supplier_pkey", "Relation Name": "supplier", "Alias": "supplier", "Startup Cost": 10000000000.0, "Total Cost": 1000000533454.38, "Plan Rows": 100000, "Plan Width": 12}, {"Node Type": "Index Scan", "Parent Relationship": "Inner", "Scan Direction": "Forward", "Index Name": "idx_partsupp_suppkey", "Relation Name": "partsupp", "Alias": "partsupp", "Startup Cost": 10000000000.0, "Total Cost": 1000100160480.77, "Plan Rows": 8000372, "Plan Width": 24}]}]}, {"Node Type": "Materialize", "Parent Relationship": "Inner", "Startup Cost": 10000000000.0, "Total Cost": 1000000001268.75, "Plan Rows": 1, "Plan Width": 4, "Plans": [{"Node Type": "Index Scan", "Parent Relationship": "Outer", "Scan Direction": "Forward", "Index Name": "nation_pkey", "Relation Name": "nation", "Alias": "nation", "Startup Cost": 10000000000.0, "Total Cost": 1000000001268.75, "Plan Rows": 1, "Plan Width": 4, "Filter": "(n_name = 'MOZAMBIQUE'::bpchar)"}]}]}]}, {"Node Type": "Aggregate", "Strategy": "Hashed", "Parent Relationship": "Outer", "Startup Cost": 3000051371523.86, "Total Cost": 3000051372196.11, "Plan Rows": 53780, "Plan Width": 40, "Group By Key": ["public.partsupp.ps_partkey"], "Filter": "(sum((public.partsupp.ps_supplycost * (public.partsupp.ps_availqty)::double precision)) > $0)", "Plans": [{"Node Type": "Merge Join", "Parent Relationship": "Outer", "Join Type": "Inner", "Startup Cost": 2010051361784.76, "Total Cost": 3000051370582.71, "Plan Rows": 53780, "Plan Width": 24, "Inner Unique": true, "Merge Cond": "(public.supplier.s_nationkey = public.nation.n_nationkey)", "Plans": [{"Node Type": "Sort", "Parent Relationship": "Outer", "Startup Cost": 2000051361784.76, "Total Cost": 2000051365146.01, "Plan Rows": 1344499, "Plan Width": 28, "Sort Key": ["public.supplier.s_nationkey"], "Plans": [{"Node Type": "Merge Join", "Parent Relationship": "Outer", "Join Type": "Inner", "Startup Cost": 20010395568.5, "Total Cost": 2000051224923.92, "Plan Rows": 1344499, "Plan Width": 28, "Inner Unique": false, "Merge Cond": "(public.supplier.s_suppkey = public.partsupp.ps_suppkey)", "Plans": [{"Node Type": "Index Scan", "Parent Relationship": "Outer", "Scan Direction": "Forward", "Index Name": "supplier_pkey", "Relation Name": "supplier", "Alias": "supplier", "Startup Cost": 10000000000.0, "Total Cost": 1000000533454.38, "Plan Rows": 100000, "Plan Width": 12}, {"Node Type": "Index Scan", "Parent Relationship": "Inner", "Scan Direction": "Forward", "Index Name": "idx_partsupp_suppkey", "Relation Name": "partsupp", "Alias": "partsupp", "Startup Cost": 10000000000.0, "Total Cost": 1000100160480.77, "Plan Rows": 8000372, "Plan Width": 32}]}]}, {"Node Type": "Materialize", "Parent Relationship": "Inner", "Startup Cost": 10000000000.0, "Total Cost": 1000000001268.75, "Plan Rows": 1, "Plan Width": 4, "Plans": [{"Node Type": "Index Scan", "Parent Relationship": "Outer", "Scan Direction": "Forward", "Index Name": "nation_pkey", "Relation Name": "nation", "Alias": "nation", "Startup Cost": 10000000000.0, "Total Cost": 1000000001268.75, "Plan Rows": 1, "Plan Width": 4, "Filter": "(n_name = 'MOZAMBIQUE'::bpchar)"}]}]}]}]}, "Unique SQL Id": 2932834211, "Planner Runtime": 2}, "explain_analyze_plan": null}, "(64, 92)": {"explain_plan": {"Plan": {"Node Type": "Sort", "Startup Cost": 99294.27, "Total Cost": 99428.72, "Plan Rows": 53780, "Plan Width": 40, "Sort Key": ["(sum((public.partsupp.ps_supplycost * (public.partsupp.ps_availqty)::double precision))) DESC"], "Plans": [{"Node Type": "Aggregate", "Strategy": "Plain", "Parent Relationship": "exec_init_plan", "Subplan Name": "InitPlan 1 (returns $2)", "Startup Cost": 46929.25, "Total Cost": 46929.26, "Plan Rows": 1, "Plan Width": 24, "Plans": [{"Node Type": "Nested Loop", "Parent Relationship": "Outer", "Join Type": "Inner", "Startup Cost": 0.0, "Total Cost": 46525.9, "Plan Rows": 53780, "Plan Width": 16, "Inner Unique": false, "Plans": [{"Node Type": "Nested Loop", "Parent Relationship": "Outer", "Join Type": "Inner", "Startup Cost": 0.0, "Total Cost": 8701.93, "Plan Rows": 4000, "Plan Width": 8, "Inner Unique": false, "Plans": [{"Node Type": "Seq Scan", "Parent Relationship": "Outer", "Relation Name": "nation", "Alias": "nation", "Startup Cost": 0.0, "Total Cost": 1.31, "Plan Rows": 1, "Plan Width": 4, "Filter": "(n_name = 'MOZAMBIQUE'::bpchar)"}, {"Node Type": "Index Scan", "Parent Relationship": "Inner", "Scan Direction": "Forward", "Index Name": "idx_supplier_nation_key", "Relation Name": "supplier", "Alias": "supplier", "Startup Cost": 0.0, "Total Cost": 8660.62, "Plan Rows": 4000, "Plan Width": 12, "Index Cond": "(s_nationkey = public.nation.n_nationkey)"}]}, {"Node Type": "Index Scan", "Parent Relationship": "Inner", "Scan Direction": "Forward", "Index Name": "idx_partsupp_suppkey", "Relation Name": "partsupp", "Alias": "partsupp", "Startup Cost": 0.0, "Total Cost": 9.33, "Plan Rows": 13, "Plan Width": 24, "Index Cond": "(ps_suppkey = public.supplier.s_suppkey)"}]}]}, {"Node Type": "Aggregate", "Strategy": "Hashed", "Parent Relationship": "Outer", "Startup Cost": 47467.05, "Total Cost": 48139.3, "Plan Rows": 53780, "Plan Width": 40, "Group By Key": ["public.partsupp.ps_partkey"], "Filter": "(sum((public.partsupp.ps_supplycost * (public.partsupp.ps_availqty)::double precision)) > $2)", "Plans": [{"Node Type": "Nested Loop", "Parent Relationship": "Outer", "Join Type": "Inner", "Startup Cost": 0.0, "Total Cost": 46525.9, "Plan Rows": 53780, "Plan Width": 24, "Inner Unique": false, "Plans": [{"Node Type": "Nested Loop", "Parent Relationship": "Outer", "Join Type": "Inner", "Startup Cost": 0.0, "Total Cost": 8701.93, "Plan Rows": 4000, "Plan Width": 8, "Inner Unique": false, "Plans": [{"Node Type": "Seq Scan", "Parent Relationship": "Outer", "Relation Name": "nation", "Alias": "nation", "Startup Cost": 0.0, "Total Cost": 1.31, "Plan Rows": 1, "Plan Width": 4, "Filter": "(n_name = 'MOZAMBIQUE'::bpchar)"}, {"Node Type": "Index Scan", "Parent Relationship": "Inner", "Scan Direction": "Forward", "Index Name": "idx_supplier_nation_key", "Relation Name": "supplier", "Alias": "supplier", "Startup Cost": 0.0, "Total Cost": 8660.62, "Plan Rows": 4000, "Plan Width": 12, "Index Cond": "(s_nationkey = public.nation.n_nationkey)"}]}, {"Node Type": "Index Scan", "Parent Relationship": "Inner", "Scan Direction": "Forward", "Index Name": "idx_partsupp_suppkey", "Relation Name": "partsupp", "Alias": "partsupp", "Startup Cost": 0.0, "Total Cost": 9.33, "Plan Rows": 13, "Plan Width": 32, "Index Cond": "(ps_suppkey = public.supplier.s_suppkey)"}]}]}]}, "Unique SQL Id": 2932834211, "Planner Runtime": 2}, "explain_analyze_plan": {"Plan": {"Node Type": "Sort", "Startup Cost": 99294.27, "Total Cost": 99428.72, "Plan Rows": 53780, "Plan Width": 40, "Actual Startup Time": 1836.289, "Actual Total Time": 1836.289, "Actual Rows": 0, "Actual Loops": 1, "Sort Key": ["(sum((public.partsupp.ps_supplycost * (public.partsupp.ps_availqty)::double precision))) DESC"], "Sort Method": "quicksort", "Sort Space Used": 25, "Sort Space Type": "Memory", "Plans": [{"Node Type": "Aggregate", "Strategy": "Plain", "Parent Relationship": "exec_init_plan", "Subplan Name": "InitPlan 1 (returns $2)", "Startup Cost": 46929.25, "Total Cost": 46929.26, "Plan Rows": 1, "Plan Width": 24, "Actual Startup Time": 782.838, "Actual Total Time": 782.838, "Actual Rows": 1, "Actual Loops": 1, "Plans": [{"Node Type": "Nested Loop", "Parent Relationship": "Outer", "Join Type": "Inner", "Startup Cost": 0.0, "Total Cost": 46525.9, "Plan Rows": 53780, "Plan Width": 16, "Actual Startup Time": 0.077, "Actual Total Time": 648.778, "Actual Rows": 313920, "Actual Loops": 1, "Inner Unique": false, "Plans": [{"Node Type": "Nested Loop", "Parent Relationship": "Outer", "Join Type": "Inner", "Startup Cost": 0.0, "Total Cost": 8701.93, "Plan Rows": 4000, "Plan Width": 8, "Actual Startup Time": 0.06, "Actual Total Time": 6.657, "Actual Rows": 3924, "Actual Loops": 1, "Inner Unique": false, "Plans": [{"Node Type": "Seq Scan", "Parent Relationship": "Outer", "Relation Name": "nation", "Alias": "nation", "Startup Cost": 0.0, "Total Cost": 1.31, "Plan Rows": 1, "Plan Width": 4, "Actual Startup Time": 0.029, "Actual Total Time": 0.043, "Actual Rows": 1, "Actual Loops": 1, "Filter": "(n_name = 'MOZAMBIQUE'::bpchar)", "Rows Removed by Filter": 24}, {"Node Type": "Index Scan", "Parent Relationship": "Inner", "Scan Direction": "Forward", "Index Name": "idx_supplier_nation_key", "Relation Name": "supplier", "Alias": "supplier", "Startup Cost": 0.0, "Total Cost": 8660.62, "Plan Rows": 4000, "Plan Width": 12, "Actual Startup Time": 0.027, "Actual Total Time": 5.551, "Actual Rows": 3924, "Actual Loops": 1, "Index Cond": "(s_nationkey = public.nation.n_nationkey)", "Rows Removed by Index Recheck": 0}]}, {"Node Type": "Index Scan", "Parent Relationship": "Inner", "Scan Direction": "Forward", "Index Name": "idx_partsupp_suppkey", "Relation Name": "partsupp", "Alias": "partsupp", "Startup Cost": 0.0, "Total Cost": 9.33, "Plan Rows": 13, "Plan Width": 24, "Actual Startup Time": 47.022, "Actual Total Time": 575.347, "Actual Rows": 313920, "Actual Loops": 3924, "Index Cond": "(ps_suppkey = public.supplier.s_suppkey)", "Rows Removed by Index Recheck": 0}]}]}, {"Node Type": "Aggregate", "Strategy": "Hashed", "Parent Relationship": "Outer", "Startup Cost": 47467.05, "Total Cost": 48139.3, "Plan Rows": 53780, "Plan Width": 40, "Actual Startup Time": 1835.861, "Actual Total Time": 1835.861, "Actual Rows": 0, "Actual Loops": 1, "Group By Key": ["public.partsupp.ps_partkey"], "Filter": "(sum((public.partsupp.ps_supplycost * (public.partsupp.ps_availqty)::double precision)) > $2)", "Rows Removed by Filter": 295792, "Plans": [{"Node Type": "Nested Loop", "Parent Relationship": "Outer", "Join Type": "Inner", "Startup Cost": 0.0, "Total Cost": 46525.9, "Plan Rows": 53780, "Plan Width": 24, "Actual Startup Time": 0.079, "Actual Total Time": 657.618, "Actual Rows": 313920, "Actual Loops": 1, "Inner Unique": false, "Plans": [{"Node Type": "Nested Loop", "Parent Relationship": "Outer", "Join Type": "Inner", "Startup Cost": 0.0, "Total Cost": 8701.93, "Plan Rows": 4000, "Plan Width": 8, "Actual Startup Time": 0.062, "Actual Total Time": 6.669, "Actual Rows": 3924, "Actual Loops": 1, "Inner Unique": false, "Plans": [{"Node Type": "Seq Scan", "Parent Relationship": "Outer", "Relation Name": "nation", "Alias": "nation", "Startup Cost": 0.0, "Total Cost": 1.31, "Plan Rows": 1, "Plan Width": 4, "Actual Startup Time": 0.028, "Actual Total Time": 0.041, "Actual Rows": 1, "Actual Loops": 1, "Filter": "(n_name = 'MOZAMBIQUE'::bpchar)", "Rows Removed by Filter": 24}, {"Node Type": "Index Scan", "Parent Relationship": "Inner", "Scan Direction": "Forward", "Index Name": "idx_supplier_nation_key", "Relation Name": "supplier", "Alias": "supplier", "Startup Cost": 0.0, "Total Cost": 8660.62, "Plan Rows": 4000, "Plan Width": 12, "Actual Startup Time": 0.028, "Actual Total Time": 5.672, "Actual Rows": 3924, "Actual Loops": 1, "Index Cond": "(s_nationkey = public.nation.n_nationkey)", "Rows Removed by Index Recheck": 0}]}, {"Node Type": "Index Scan", "Parent Relationship": "Inner", "Scan Direction": "Forward", "Index Name": "idx_partsupp_suppkey", "Relation Name": "partsupp", "Alias": "partsupp", "Startup Cost": 0.0, "Total Cost": 9.33, "Plan Rows": 13, "Plan Width": 32, "Actual Startup Time": 47.14, "Actual Total Time": 578.986, "Actual Rows": 313920, "Actual Loops": 3924, "Index Cond": "(ps_suppkey = public.supplier.s_suppkey)", "Rows Removed by Index Recheck": 0}]}]}]}, "Triggers": [], "Planner Runtime": 2, "Total Runtime": 1836.587, "Unique SQL Id": 2932834211}}, "(64, 93)": {"explain_plan": {"Plan": {"Node Type": "Sort", "Startup Cost": 99317.02, "Total Cost": 99451.47, "Plan Rows": 53780, "Plan Width": 40, "Sort Key": ["(sum((public.partsupp.ps_supplycost * (public.partsupp.ps_availqty)::double precision))) DESC"], "Plans": [{"Node Type": "Aggregate", "Strategy": "Plain", "Parent Relationship": "exec_init_plan", "Subplan Name": "InitPlan 1 (returns $2)", "Startup Cost": 46940.63, "Total Cost": 46940.64, "Plan Rows": 1, "Plan Width": 24, "Plans": [{"Node Type": "Nested Loop", "Parent Relationship": "Outer", "Join Type": "Inner", "Startup Cost": 0.0, "Total Cost": 46537.28, "Plan Rows": 53780, "Plan Width": 16, "Inner Unique": false, "Plans": [{"Node Type": "Nested Loop", "Parent Relationship": "Outer", "Join Type": "Inner", "Startup Cost": 0.0, "Total Cost": 8713.31, "Plan Rows": 4000, "Plan Width": 8, "Inner Unique": false, "Plans": [{"Node Type": "Index Scan", "Parent Relationship": "Outer", "Scan Direction": "Forward", "Index Name": "nation_pkey", "Relation Name": "nation", "Alias": "nation", "Startup Cost": 0.0, "Total Cost": 12.69, "Plan Rows": 1, "Plan Width": 4, "Filter": "(n_name = 'MOZAMBIQUE'::bpchar)"}, {"Node Type": "Index Scan", "Parent Relationship": "Inner", "Scan Direction": "Forward", "Index Name": "idx_supplier_nation_key", "Relation Name": "supplier", "Alias": "supplier", "Startup Cost": 0.0, "Total Cost": 8660.62, "Plan Rows": 4000, "Plan Width": 12, "Index Cond": "(s_nationkey = public.nation.n_nationkey)"}]}, {"Node Type": "Index Scan", "Parent Relationship": "Inner", "Scan Direction": "Forward", "Index Name": "idx_partsupp_suppkey", "Relation Name": "partsupp", "Alias": "partsupp", "Startup Cost": 0.0, "Total Cost": 9.33, "Plan Rows": 13, "Plan Width": 24, "Index Cond": "(ps_suppkey = public.supplier.s_suppkey)"}]}]}, {"Node Type": "Aggregate", "Strategy": "Hashed", "Parent Relationship": "Outer", "Startup Cost": 47478.43, "Total Cost": 48150.68, "Plan Rows": 53780, "Plan Width": 40, "Group By Key": ["public.partsupp.ps_partkey"], "Filter": "(sum((public.partsupp.ps_supplycost * (public.partsupp.ps_availqty)::double precision)) > $2)", "Plans": [{"Node Type": "Nested Loop", "Parent Relationship": "Outer", "Join Type": "Inner", "Startup Cost": 0.0, "Total Cost": 46537.28, "Plan Rows": 53780, "Plan Width": 24, "Inner Unique": false, "Plans": [{"Node Type": "Nested Loop", "Parent Relationship": "Outer", "Join Type": "Inner", "Startup Cost": 0.0, "Total Cost": 8713.31, "Plan Rows": 4000, "Plan Width": 8, "Inner Unique": false, "Plans": [{"Node Type": "Index Scan", "Parent Relationship": "Outer", "Scan Direction": "Forward", "Index Name": "nation_pkey", "Relation Name": "nation", "Alias": "nation", "Startup Cost": 0.0, "Total Cost": 12.69, "Plan Rows": 1, "Plan Width": 4, "Filter": "(n_name = 'MOZAMBIQUE'::bpchar)"}, {"Node Type": "Index Scan", "Parent Relationship": "Inner", "Scan Direction": "Forward", "Index Name": "idx_supplier_nation_key", "Relation Name": "supplier", "Alias": "supplier", "Startup Cost": 0.0, "Total Cost": 8660.62, "Plan Rows": 4000, "Plan Width": 12, "Index Cond": "(s_nationkey = public.nation.n_nationkey)"}]}, {"Node Type": "Index Scan", "Parent Relationship": "Inner", "Scan Direction": "Forward", "Index Name": "idx_partsupp_suppkey", "Relation Name": "partsupp", "Alias": "partsupp", "Startup Cost": 0.0, "Total Cost": 9.33, "Plan Rows": 13, "Plan Width": 32, "Index Cond": "(ps_suppkey = public.supplier.s_suppkey)"}]}]}]}, "Unique SQL Id": 2932834211, "Planner Runtime": 1}, "explain_analyze_plan": {"Plan": {"Node Type": "Sort", "Startup Cost": 99317.02, "Total Cost": 99451.47, "Plan Rows": 53780, "Plan Width": 40, "Actual Startup Time": 1741.663, "Actual Total Time": 1741.663, "Actual Rows": 0, "Actual Loops": 1, "Sort Key": ["(sum((public.partsupp.ps_supplycost * (public.partsupp.ps_availqty)::double precision))) DESC"], "Sort Method": "quicksort", "Sort Space Used": 25, "Sort Space Type": "Memory", "Plans": [{"Node Type": "Aggregate", "Strategy": "Plain", "Parent Relationship": "exec_init_plan", "Subplan Name": "InitPlan 1 (returns $2)", "Startup Cost": 46940.63, "Total Cost": 46940.64, "Plan Rows": 1, "Plan Width": 24, "Actual Startup Time": 684.047, "Actual Total Time": 684.048, "Actual Rows": 1, "Actual Loops": 1, "Plans": [{"Node Type": "Nested Loop", "Parent Relationship": "Outer", "Join Type": "Inner", "Startup Cost": 0.0, "Total Cost": 46537.28, "Plan Rows": 53780, "Plan Width": 16, "Actual Startup Time": 0.071, "Actual Total Time": 549.098, "Actual Rows": 313920, "Actual Loops": 1, "Inner Unique": false, "Plans": [{"Node Type": "Nested Loop", "Parent Relationship": "Outer", "Join Type": "Inner", "Startup Cost": 0.0, "Total Cost": 8713.31, "Plan Rows": 4000, "Plan Width": 8, "Actual Startup Time": 0.052, "Actual Total Time": 5.756, "Actual Rows": 3924, "Actual Loops": 1, "Inner Unique": false, "Plans": [{"Node Type": "Index Scan", "Parent Relationship": "Outer", "Scan Direction": "Forward", "Index Name": "nation_pkey", "Relation Name": "nation", "Alias": "nation", "Startup Cost": 0.0, "Total Cost": 12.69, "Plan Rows": 1, "Plan Width": 4, "Actual Startup Time": 0.022, "Actual Total Time": 0.034, "Actual Rows": 1, "Actual Loops": 1, "Filter": "(n_name = 'MOZAMBIQUE'::bpchar)", "Rows Removed by Filter": 24}, {"Node Type": "Index Scan", "Parent Relationship": "Inner", "Scan Direction": "Forward", "Index Name": "idx_supplier_nation_key", "Relation Name": "supplier", "Alias": "supplier", "Startup Cost": 0.0, "Total Cost": 8660.62, "Plan Rows": 4000, "Plan Width": 12, "Actual Startup Time": 0.026, "Actual Total Time": 4.696, "Actual Rows": 3924, "Actual Loops": 1, "Index Cond": "(s_nationkey = public.nation.n_nationkey)", "Rows Removed by Index Recheck": 0}]}, {"Node Type": "Index Scan", "Parent Relationship": "Inner", "Scan Direction": "Forward", "Index Name": "idx_partsupp_suppkey", "Relation Name": "partsupp", "Alias": "partsupp", "Startup Cost": 0.0, "Total Cost": 9.33, "Plan Rows": 13, "Plan Width": 24, "Actual Startup Time": 41.945, "Actual Total Time": 476.997, "Actual Rows": 313920, "Actual Loops": 3924, "Index Cond": "(ps_suppkey = public.supplier.s_suppkey)", "Rows Removed by Index Recheck": 0}]}]}, {"Node Type": "Aggregate", "Strategy": "Hashed", "Parent Relationship": "Outer", "Startup Cost": 47478.43, "Total Cost": 48150.68, "Plan Rows": 53780, "Plan Width": 40, "Actual Startup Time": 1741.217, "Actual Total Time": 1741.217, "Actual Rows": 0, "Actual Loops": 1, "Group By Key": ["public.partsupp.ps_partkey"], "Filter": "(sum((public.partsupp.ps_supplycost * (public.partsupp.ps_availqty)::double precision)) > $2)", "Rows Removed by Filter": 295792, "Plans": [{"Node Type": "Nested Loop", "Parent Relationship": "Outer", "Join Type": "Inner", "Startup Cost": 0.0, "Total Cost": 46537.28, "Plan Rows": 53780, "Plan Width": 24, "Actual Startup Time": 0.076, "Actual Total Time": 659.483, "Actual Rows": 313920, "Actual Loops": 1, "Inner Unique": false, "Plans": [{"Node Type": "Nested Loop", "Parent Relationship": "Outer", "Join Type": "Inner", "Startup Cost": 0.0, "Total Cost": 8713.31, "Plan Rows": 4000, "Plan Width": 8, "Actual Startup Time": 0.061, "Actual Total Time": 6.86, "Actual Rows": 3924, "Actual Loops": 1, "Inner Unique": false, "Plans": [{"Node Type": "Index Scan", "Parent Relationship": "Outer", "Scan Direction": "Forward", "Index Name": "nation_pkey", "Relation Name": "nation", "Alias": "nation", "Startup Cost": 0.0, "Total Cost": 12.69, "Plan Rows": 1, "Plan Width": 4, "Actual Startup Time": 0.03, "Actual Total Time": 0.042, "Actual Rows": 1, "Actual Loops": 1, "Filter": "(n_name = 'MOZAMBIQUE'::bpchar)", "Rows Removed by Filter": 24}, {"Node Type": "Index Scan", "Parent Relationship": "Inner", "Scan Direction": "Forward", "Index Name": "idx_supplier_nation_key", "Relation Name": "supplier", "Alias": "supplier", "Startup Cost": 0.0, "Total Cost": 8660.62, "Plan Rows": 4000, "Plan Width": 12, "Actual Startup Time": 0.027, "Actual Total Time": 5.715, "Actual Rows": 3924, "Actual Loops": 1, "Index Cond": "(s_nationkey = public.nation.n_nationkey)", "Rows Removed by Index Recheck": 0}]}, {"Node Type": "Index Scan", "Parent Relationship": "Inner", "Scan Direction": "Forward", "Index Name": "idx_partsupp_suppkey", "Relation Name": "partsupp", "Alias": "partsupp", "Startup Cost": 0.0, "Total Cost": 9.33, "Plan Rows": 13, "Plan Width": 32, "Actual Startup Time": 47.203, "Actual Total Time": 580.653, "Actual Rows": 313920, "Actual Loops": 3924, "Index Cond": "(ps_suppkey = public.supplier.s_suppkey)", "Rows Removed by Index Recheck": 0}]}]}]}, "Triggers": [], "Planner Runtime": 1, "Total Runtime": 1741.93, "Unique SQL Id": 2932834211}}, "(64, 94)": {"explain_plan": {"Plan": {"Node Type": "Sort", "Startup Cost": 2486686.32, "Total Cost": 2486820.77, "Plan Rows": 53780, "Plan Width": 40, "Sort Key": ["(sum((public.partsupp.ps_supplycost * (public.partsupp.ps_availqty)::double precision))) DESC"], "Plans": [{"Node Type": "Aggregate", "Strategy": "Plain", "Parent Relationship": "exec_init_plan", "Subplan Name": "InitPlan 1 (returns $0)", "Startup Cost": 1240625.27, "Total Cost": 1240625.29, "Plan Rows": 1, "Plan Width": 24, "Plans": [{"Node Type": "Merge Join", "Parent Relationship": "Outer", "Join Type": "Inner", "Startup Cost": 1199664.68, "Total Cost": 1240221.92, "Plan Rows": 53780, "Plan Width": 16, "Inner Unique": false, "Merge Cond": "(public.supplier.s_suppkey = public.partsupp.ps_suppkey)", "Plans": [{"Node Type": "Sort", "Parent Relationship": "Outer", "Startup Cost": 12368.47, "Total Cost": 12378.47, "Plan Rows": 4000, "Plan Width": 8, "Sort Key": ["public.supplier.s_suppkey"], "Plans": [{"Node Type": "Merge Join", "Parent Relationship": "Outer", "Join Type": "Inner", "Startup Cost": 11589.14, "Total Cost": 12129.15, "Plan Rows": 4000, "Plan Width": 8, "Inner Unique": false, "Merge Cond": "(public.nation.n_nationkey = public.supplier.s_nationkey)", "Plans": [{"Node Type": "Sort", "Parent Relationship": "Outer", "Startup Cost": 1.32, "Total Cost": 1.33, "Plan Rows": 1, "Plan Width": 4, "Sort Key": ["public.nation.n_nationkey"], "Plans": [{"Node Type": "Seq Scan", "Parent Relationship": "Outer", "Relation Name": "nation", "Alias": "nation", "Startup Cost": 0.0, "Total Cost": 1.31, "Plan Rows": 1, "Plan Width": 4, "Filter": "(n_name = 'MOZAMBIQUE'::bpchar)"}]}, {"Node Type": "Sort", "Parent Relationship": "Inner", "Startup Cost": 11587.82, "Total Cost": 11837.82, "Plan Rows": 100000, "Plan Width": 12, "Sort Key": ["public.supplier.s_nationkey"], "Plans": [{"Node Type": "Seq Scan", "Parent Relationship": "Outer", "Relation Name": "supplier", "Alias": "supplier", "Startup Cost": 0.0, "Total Cost": 3283.0, "Plan Rows": 100000, "Plan Width": 12}]}]}]}, {"Node Type": "Sort", "Parent Relationship": "Inner", "Startup Cost": 1187295.8, "Total Cost": 1207296.73, "Plan Rows": 8000372, "Plan Width": 24, "Sort Key": ["public.partsupp.ps_suppkey"], "Plans": [{"Node Type": "Seq Scan", "Parent Relationship": "Outer", "Relation Name": "partsupp", "Alias": "partsupp", "Startup Cost": 0.0, "Total Cost": 269987.72, "Plan Rows": 8000372, "Plan Width": 24}]}]}]}, {"Node Type": "Aggregate", "Strategy": "Hashed", "Parent Relationship": "Outer", "Startup Cost": 1241163.07, "Total Cost": 1241835.32, "Plan Rows": 53780, "Plan Width": 40, "Group By Key": ["public.partsupp.ps_partkey"], "Filter": "(sum((public.partsupp.ps_supplycost * (public.partsupp.ps_availqty)::double precision)) > $0)", "Plans": [{"Node Type": "Merge Join", "Parent Relationship": "Outer", "Join Type": "Inner", "Startup Cost": 1199664.68, "Total Cost": 1240221.92, "Plan Rows": 53780, "Plan Width": 24, "Inner Unique": false, "Merge Cond": "(public.supplier.s_suppkey = public.partsupp.ps_suppkey)", "Plans": [{"Node Type": "Sort", "Parent Relationship": "Outer", "Startup Cost": 12368.47, "Total Cost": 12378.47, "Plan Rows": 4000, "Plan Width": 8, "Sort Key": ["public.supplier.s_suppkey"], "Plans": [{"Node Type": "Merge Join", "Parent Relationship": "Outer", "Join Type": "Inner", "Startup Cost": 11589.14, "Total Cost": 12129.15, "Plan Rows": 4000, "Plan Width": 8, "Inner Unique": false, "Merge Cond": "(public.nation.n_nationkey = public.supplier.s_nationkey)", "Plans": [{"Node Type": "Sort", "Parent Relationship": "Outer", "Startup Cost": 1.32, "Total Cost": 1.33, "Plan Rows": 1, "Plan Width": 4, "Sort Key": ["public.nation.n_nationkey"], "Plans": [{"Node Type": "Seq Scan", "Parent Relationship": "Outer", "Relation Name": "nation", "Alias": "nation", "Startup Cost": 0.0, "Total Cost": 1.31, "Plan Rows": 1, "Plan Width": 4, "Filter": "(n_name = 'MOZAMBIQUE'::bpchar)"}]}, {"Node Type": "Sort", "Parent Relationship": "Inner", "Startup Cost": 11587.82, "Total Cost": 11837.82, "Plan Rows": 100000, "Plan Width": 12, "Sort Key": ["public.supplier.s_nationkey"], "Plans": [{"Node Type": "Seq Scan", "Parent Relationship": "Outer", "Relation Name": "supplier", "Alias": "supplier", "Startup Cost": 0.0, "Total Cost": 3283.0, "Plan Rows": 100000, "Plan Width": 12}]}]}]}, {"Node Type": "Sort", "Parent Relationship": "Inner", "Startup Cost": 1187295.8, "Total Cost": 1207296.73, "Plan Rows": 8000372, "Plan Width": 32, "Sort Key": ["public.partsupp.ps_suppkey"], "Plans": [{"Node Type": "Seq Scan", "Parent Relationship": "Outer", "Relation Name": "partsupp", "Alias": "partsupp", "Startup Cost": 0.0, "Total Cost": 269987.72, "Plan Rows": 8000372, "Plan Width": 32}]}]}]}]}, "Unique SQL Id": 2932834211, "Planner Runtime": 1}, "explain_analyze_plan": null}, "(64, 95)": {"explain_plan": {"Plan": {"Node Type": "Sort", "Startup Cost": 6000102747407.88, "Total Cost": 6000102747542.33, "Plan Rows": 53780, "Plan Width": 40, "Sort Key": ["(sum((public.partsupp.ps_supplycost * (public.partsupp.ps_availqty)::double precision))) DESC"], "Plans": [{"Node Type": "Aggregate", "Strategy": "Plain", "Parent Relationship": "exec_init_plan", "Subplan Name": "InitPlan 1 (returns $0)", "Startup Cost": 3000051370986.06, "Total Cost": 3000051370986.07, "Plan Rows": 1, "Plan Width": 24, "Plans": [{"Node Type": "Merge Join", "Parent Relationship": "Outer", "Join Type": "Inner", "Startup Cost": 2010051361784.76, "Total Cost": 3000051370582.71, "Plan Rows": 53780, "Plan Width": 16, "Inner Unique": true, "Merge Cond": "(public.supplier.s_nationkey = public.nation.n_nationkey)", "Plans": [{"Node Type": "Sort", "Parent Relationship": "Outer", "Startup Cost": 2000051361784.76, "Total Cost": 2000051365146.01, "Plan Rows": 1344499, "Plan Width": 20, "Sort Key": ["public.supplier.s_nationkey"], "Plans": [{"Node Type": "Merge Join", "Parent Relationship": "Outer", "Join Type": "Inner", "Startup Cost": 20010395568.5, "Total Cost": 2000051224923.92, "Plan Rows": 1344499, "Plan Width": 20, "Inner Unique": false, "Merge Cond": "(public.supplier.s_suppkey = public.partsupp.ps_suppkey)", "Plans": [{"Node Type": "Index Scan", "Parent Relationship": "Outer", "Scan Direction": "Forward", "Index Name": "supplier_pkey", "Relation Name": "supplier", "Alias": "supplier", "Startup Cost": 10000000000.0, "Total Cost": 1000000533454.38, "Plan Rows": 100000, "Plan Width": 12}, {"Node Type": "Index Scan", "Parent Relationship": "Inner", "Scan Direction": "Forward", "Index Name": "idx_partsupp_suppkey", "Relation Name": "partsupp", "Alias": "partsupp", "Startup Cost": 10000000000.0, "Total Cost": 1000100160480.77, "Plan Rows": 8000372, "Plan Width": 24}]}]}, {"Node Type": "Materialize", "Parent Relationship": "Inner", "Startup Cost": 10000000000.0, "Total Cost": 1000000001268.75, "Plan Rows": 1, "Plan Width": 4, "Plans": [{"Node Type": "Index Scan", "Parent Relationship": "Outer", "Scan Direction": "Forward", "Index Name": "nation_pkey", "Relation Name": "nation", "Alias": "nation", "Startup Cost": 10000000000.0, "Total Cost": 1000000001268.75, "Plan Rows": 1, "Plan Width": 4, "Filter": "(n_name = 'MOZAMBIQUE'::bpchar)"}]}]}]}, {"Node Type": "Aggregate", "Strategy": "Hashed", "Parent Relationship": "Outer", "Startup Cost": 3000051371523.86, "Total Cost": 3000051372196.11, "Plan Rows": 53780, "Plan Width": 40, "Group By Key": ["public.partsupp.ps_partkey"], "Filter": "(sum((public.partsupp.ps_supplycost * (public.partsupp.ps_availqty)::double precision)) > $0)", "Plans": [{"Node Type": "Merge Join", "Parent Relationship": "Outer", "Join Type": "Inner", "Startup Cost": 2010051361784.76, "Total Cost": 3000051370582.71, "Plan Rows": 53780, "Plan Width": 24, "Inner Unique": true, "Merge Cond": "(public.supplier.s_nationkey = public.nation.n_nationkey)", "Plans": [{"Node Type": "Sort", "Parent Relationship": "Outer", "Startup Cost": 2000051361784.76, "Total Cost": 2000051365146.01, "Plan Rows": 1344499, "Plan Width": 28, "Sort Key": ["public.supplier.s_nationkey"], "Plans": [{"Node Type": "Merge Join", "Parent Relationship": "Outer", "Join Type": "Inner", "Startup Cost": 20010395568.5, "Total Cost": 2000051224923.92, "Plan Rows": 1344499, "Plan Width": 28, "Inner Unique": false, "Merge Cond": "(public.supplier.s_suppkey = public.partsupp.ps_suppkey)", "Plans": [{"Node Type": "Index Scan", "Parent Relationship": "Outer", "Scan Direction": "Forward", "Index Name": "supplier_pkey", "Relation Name": "supplier", "Alias": "supplier", "Startup Cost": 10000000000.0, "Total Cost": 1000000533454.38, "Plan Rows": 100000, "Plan Width": 12}, {"Node Type": "Index Scan", "Parent Relationship": "Inner", "Scan Direction": "Forward", "Index Name": "idx_partsupp_suppkey", "Relation Name": "partsupp", "Alias": "partsupp", "Startup Cost": 10000000000.0, "Total Cost": 1000100160480.77, "Plan Rows": 8000372, "Plan Width": 32}]}]}, {"Node Type": "Materialize", "Parent Relationship": "Inner", "Startup Cost": 10000000000.0, "Total Cost": 1000000001268.75, "Plan Rows": 1, "Plan Width": 4, "Plans": [{"Node Type": "Index Scan", "Parent Relationship": "Outer", "Scan Direction": "Forward", "Index Name": "nation_pkey", "Relation Name": "nation", "Alias": "nation", "Startup Cost": 10000000000.0, "Total Cost": 1000000001268.75, "Plan Rows": 1, "Plan Width": 4, "Filter": "(n_name = 'MOZAMBIQUE'::bpchar)"}]}]}]}]}, "Unique SQL Id": 2932834211, "Planner Runtime": 1}, "explain_analyze_plan": null}, "(64, 96)": {"explain_plan": {"Plan": {"Node Type": "Sort", "Startup Cost": 86957.11, "Total Cost": 87091.56, "Plan Rows": 53780, "Plan Width": 40, "Sort Key": ["(sum((public.partsupp.ps_supplycost * (public.partsupp.ps_availqty)::double precision))) DESC"], "Plans": [{"Node Type": "Aggregate", "Strategy": "Plain", "Parent Relationship": "exec_init_plan", "Subplan Name": "InitPlan 1 (returns $2)", "Startup Cost": 40760.67, "Total Cost": 40760.68, "Plan Rows": 1, "Plan Width": 24, "Plans": [{"Node Type": "Nested Loop", "Parent Relationship": "Outer", "Join Type": "Inner", "Startup Cost": 95.25, "Total Cost": 40357.32, "Plan Rows": 53780, "Plan Width": 16, "Inner Unique": false, "Plans": [{"Node Type": "Nested Loop", "Parent Relationship": "Outer", "Join Type": "Inner", "Startup Cost": 95.25, "Total Cost": 2533.35, "Plan Rows": 4000, "Plan Width": 8, "Inner Unique": false, "Plans": [{"Node Type": "Seq Scan", "Parent Relationship": "Outer", "Relation Name": "nation", "Alias": "nation", "Startup Cost": 0.0, "Total Cost": 1.31, "Plan Rows": 1, "Plan Width": 4, "Filter": "(n_name = 'MOZAMBIQUE'::bpchar)"}, {"Node Type": "Bitmap Heap Scan", "Parent Relationship": "Inner", "Relation Name": "supplier", "Alias": "supplier", "Startup Cost": 95.25, "Total Cost": 2492.04, "Plan Rows": 4000, "Plan Width": 12, "Recheck Cond": "(s_nationkey = public.nation.n_nationkey)", "Plans": [{"Node Type": "Bitmap Index Scan", "Parent Relationship": "Outer", "Index Name": "idx_supplier_nation_key", "Startup Cost": 0.0, "Total Cost": 94.25, "Plan Rows": 4000, "Plan Width": 0, "Index Cond": "(s_nationkey = public.nation.n_nationkey)"}]}]}, {"Node Type": "Index Scan", "Parent Relationship": "Inner", "Scan Direction": "Forward", "Index Name": "idx_partsupp_suppkey", "Relation Name": "partsupp", "Alias": "partsupp", "Startup Cost": 0.0, "Total Cost": 9.33, "Plan Rows": 13, "Plan Width": 24, "Index Cond": "(ps_suppkey = public.supplier.s_suppkey)"}]}]}, {"Node Type": "Aggregate", "Strategy": "Hashed", "Parent Relationship": "Outer", "Startup Cost": 41298.47, "Total Cost": 41970.72, "Plan Rows": 53780, "Plan Width": 40, "Group By Key": ["public.partsupp.ps_partkey"], "Filter": "(sum((public.partsupp.ps_supplycost * (public.partsupp.ps_availqty)::double precision)) > $2)", "Plans": [{"Node Type": "Nested Loop", "Parent Relationship": "Outer", "Join Type": "Inner", "Startup Cost": 95.25, "Total Cost": 40357.32, "Plan Rows": 53780, "Plan Width": 24, "Inner Unique": false, "Plans": [{"Node Type": "Nested Loop", "Parent Relationship": "Outer", "Join Type": "Inner", "Startup Cost": 95.25, "Total Cost": 2533.35, "Plan Rows": 4000, "Plan Width": 8, "Inner Unique": false, "Plans": [{"Node Type": "Seq Scan", "Parent Relationship": "Outer", "Relation Name": "nation", "Alias": "nation", "Startup Cost": 0.0, "Total Cost": 1.31, "Plan Rows": 1, "Plan Width": 4, "Filter": "(n_name = 'MOZAMBIQUE'::bpchar)"}, {"Node Type": "Bitmap Heap Scan", "Parent Relationship": "Inner", "Relation Name": "supplier", "Alias": "supplier", "Startup Cost": 95.25, "Total Cost": 2492.04, "Plan Rows": 4000, "Plan Width": 12, "Recheck Cond": "(s_nationkey = public.nation.n_nationkey)", "Plans": [{"Node Type": "Bitmap Index Scan", "Parent Relationship": "Outer", "Index Name": "idx_supplier_nation_key", "Startup Cost": 0.0, "Total Cost": 94.25, "Plan Rows": 4000, "Plan Width": 0, "Index Cond": "(s_nationkey = public.nation.n_nationkey)"}]}]}, {"Node Type": "Index Scan", "Parent Relationship": "Inner", "Scan Direction": "Forward", "Index Name": "idx_partsupp_suppkey", "Relation Name": "partsupp", "Alias": "partsupp", "Startup Cost": 0.0, "Total Cost": 9.33, "Plan Rows": 13, "Plan Width": 32, "Index Cond": "(ps_suppkey = public.supplier.s_suppkey)"}]}]}]}, "Unique SQL Id": 2932834211, "Planner Runtime": 0}, "explain_analyze_plan": {"Plan": {"Node Type": "Sort", "Startup Cost": 86957.11, "Total Cost": 87091.56, "Plan Rows": 53780, "Plan Width": 40, "Actual Startup Time": 1757.818, "Actual Total Time": 1757.818, "Actual Rows": 0, "Actual Loops": 1, "Sort Key": ["(sum((public.partsupp.ps_supplycost * (public.partsupp.ps_availqty)::double precision))) DESC"], "Sort Method": "quicksort", "Sort Space Used": 25, "Sort Space Type": "Memory", "Plans": [{"Node Type": "Aggregate", "Strategy": "Plain", "Parent Relationship": "exec_init_plan", "Subplan Name": "InitPlan 1 (returns $2)", "Startup Cost": 40760.67, "Total Cost": 40760.68, "Plan Rows": 1, "Plan Width": 24, "Actual Startup Time": 685.274, "Actual Total Time": 685.274, "Actual Rows": 1, "Actual Loops": 1, "Plans": [{"Node Type": "Nested Loop", "Parent Relationship": "Outer", "Join Type": "Inner", "Startup Cost": 95.25, "Total Cost": 40357.32, "Plan Rows": 53780, "Plan Width": 16, "Actual Startup Time": 0.989, "Actual Total Time": 550.199, "Actual Rows": 313920, "Actual Loops": 1, "Inner Unique": false, "Plans": [{"Node Type": "Nested Loop", "Parent Relationship": "Outer", "Join Type": "Inner", "Startup Cost": 95.25, "Total Cost": 2533.35, "Plan Rows": 4000, "Plan Width": 8, "Actual Startup Time": 0.963, "Actual Total Time": 7.289, "Actual Rows": 3924, "Actual Loops": 1, "Inner Unique": false, "Plans": [{"Node Type": "Seq Scan", "Parent Relationship": "Outer", "Relation Name": "nation", "Alias": "nation", "Startup Cost": 0.0, "Total Cost": 1.31, "Plan Rows": 1, "Plan Width": 4, "Actual Startup Time": 0.043, "Actual Total Time": 0.055, "Actual Rows": 1, "Actual Loops": 1, "Filter": "(n_name = 'MOZAMBIQUE'::bpchar)", "Rows Removed by Filter": 24}, {"Node Type": "Bitmap Heap Scan", "Parent Relationship": "Inner", "Relation Name": "supplier", "Alias": "supplier", "Startup Cost": 95.25, "Total Cost": 2492.04, "Plan Rows": 4000, "Plan Width": 12, "Actual Startup Time": 0.903, "Actual Total Time": 6.347, "Actual Rows": 3924, "Actual Loops": 1, "Recheck Cond": "(s_nationkey = public.nation.n_nationkey)", "Rows Removed by Index Recheck": 0, "Exact Heap Blocks": 1895, "Lossy Heap Blocks": 1895, "Plans": [{"Node Type": "Bitmap Index Scan", "Parent Relationship": "Outer", "Index Name": "idx_supplier_nation_key", "Startup Cost": 0.0, "Total Cost": 94.25, "Plan Rows": 4000, "Plan Width": 0, "Actual Startup Time": 0.624, "Actual Total Time": 0.624, "Actual Rows": 3924, "Actual Loops": 1, "Index Cond": "(s_nationkey = public.nation.n_nationkey)"}]}]}, {"Node Type": "Index Scan", "Parent Relationship": "Inner", "Scan Direction": "Forward", "Index Name": "idx_partsupp_suppkey", "Relation Name": "partsupp", "Alias": "partsupp", "Startup Cost": 0.0, "Total Cost": 9.33, "Plan Rows": 13, "Plan Width": 24, "Actual Startup Time": 41.836, "Actual Total Time": 476.637, "Actual Rows": 313920, "Actual Loops": 3924, "Index Cond": "(ps_suppkey = public.supplier.s_suppkey)", "Rows Removed by Index Recheck": 0}]}]}, {"Node Type": "Aggregate", "Strategy": "Hashed", "Parent Relationship": "Outer", "Startup Cost": 41298.47, "Total Cost": 41970.72, "Plan Rows": 53780, "Plan Width": 40, "Actual Startup Time": 1757.278, "Actual Total Time": 1757.278, "Actual Rows": 0, "Actual Loops": 1, "Group By Key": ["public.partsupp.ps_partkey"], "Filter": "(sum((public.partsupp.ps_supplycost * (public.partsupp.ps_availqty)::double precision)) > $2)", "Rows Removed by Filter": 295792, "Plans": [{"Node Type": "Nested Loop", "Parent Relationship": "Outer", "Join Type": "Inner", "Startup Cost": 95.25, "Total Cost": 40357.32, "Plan Rows": 53780, "Plan Width": 24, "Actual Startup Time": 0.989, "Actual Total Time": 653.431, "Actual Rows": 313920, "Actual Loops": 1, "Inner Unique": false, "Plans": [{"Node Type": "Nested Loop", "Parent Relationship": "Outer", "Join Type": "Inner", "Startup Cost": 95.25, "Total Cost": 2533.35, "Plan Rows": 4000, "Plan Width": 8, "Actual Startup Time": 0.965, "Actual Total Time": 8.619, "Actual Rows": 3924, "Actual Loops": 1, "Inner Unique": false, "Plans": [{"Node Type": "Seq Scan", "Parent Relationship": "Outer", "Relation Name": "nation", "Alias": "nation", "Startup Cost": 0.0, "Total Cost": 1.31, "Plan Rows": 1, "Plan Width": 4, "Actual Startup Time": 0.03, "Actual Total Time": 0.047, "Actual Rows": 1, "Actual Loops": 1, "Filter": "(n_name = 'MOZAMBIQUE'::bpchar)", "Rows Removed by Filter": 24}, {"Node Type": "Bitmap Heap Scan", "Parent Relationship": "Inner", "Relation Name": "supplier", "Alias": "supplier", "Startup Cost": 95.25, "Total Cost": 2492.04, "Plan Rows": 4000, "Plan Width": 12, "Actual Startup Time": 0.928, "Actual Total Time": 7.555, "Actual Rows": 3924, "Actual Loops": 1, "Recheck Cond": "(s_nationkey = public.nation.n_nationkey)", "Rows Removed by Index Recheck": 0, "Exact Heap Blocks": 1895, "Lossy Heap Blocks": 1895, "Plans": [{"Node Type": "Bitmap Index Scan", "Parent Relationship": "Outer", "Index Name": "idx_supplier_nation_key", "Startup Cost": 0.0, "Total Cost": 94.25, "Plan Rows": 4000, "Plan Width": 0, "Actual Startup Time": 0.644, "Actual Total Time": 0.644, "Actual Rows": 3924, "Actual Loops": 1, "Index Cond": "(s_nationkey = public.nation.n_nationkey)"}]}]}, {"Node Type": "Index Scan", "Parent Relationship": "Inner", "Scan Direction": "Forward", "Index Name": "idx_partsupp_suppkey", "Relation Name": "partsupp", "Alias": "partsupp", "Startup Cost": 0.0, "Total Cost": 9.33, "Plan Rows": 13, "Plan Width": 32, "Actual Startup Time": 48.203, "Actual Total Time": 572.851, "Actual Rows": 313920, "Actual Loops": 3924, "Index Cond": "(ps_suppkey = public.supplier.s_suppkey)", "Rows Removed by Index Recheck": 0}]}]}]}, "Triggers": [], "Planner Runtime": 0, "Total Runtime": 1758.153, "Unique SQL Id": 2932834211}}, "(64, 97)": {"explain_plan": {"Plan": {"Node Type": "Sort", "Startup Cost": 86979.86, "Total Cost": 87114.31, "Plan Rows": 53780, "Plan Width": 40, "Sort Key": ["(sum((public.partsupp.ps_supplycost * (public.partsupp.ps_availqty)::double precision))) DESC"], "Plans": [{"Node Type": "Aggregate", "Strategy": "Plain", "Parent Relationship": "exec_init_plan", "Subplan Name": "InitPlan 1 (returns $2)", "Startup Cost": 40772.04, "Total Cost": 40772.06, "Plan Rows": 1, "Plan Width": 24, "Plans": [{"Node Type": "Nested Loop", "Parent Relationship": "Outer", "Join Type": "Inner", "Startup Cost": 95.25, "Total Cost": 40368.69, "Plan Rows": 53780, "Plan Width": 16, "Inner Unique": false, "Plans": [{"Node Type": "Nested Loop", "Parent Relationship": "Outer", "Join Type": "Inner", "Startup Cost": 95.25, "Total Cost": 2544.73, "Plan Rows": 4000, "Plan Width": 8, "Inner Unique": false, "Plans": [{"Node Type": "Index Scan", "Parent Relationship": "Outer", "Scan Direction": "Forward", "Index Name": "nation_pkey", "Relation Name": "nation", "Alias": "nation", "Startup Cost": 0.0, "Total Cost": 12.69, "Plan Rows": 1, "Plan Width": 4, "Filter": "(n_name = 'MOZAMBIQUE'::bpchar)"}, {"Node Type": "Bitmap Heap Scan", "Parent Relationship": "Inner", "Relation Name": "supplier", "Alias": "supplier", "Startup Cost": 95.25, "Total Cost": 2492.04, "Plan Rows": 4000, "Plan Width": 12, "Recheck Cond": "(s_nationkey = public.nation.n_nationkey)", "Plans": [{"Node Type": "Bitmap Index Scan", "Parent Relationship": "Outer", "Index Name": "idx_supplier_nation_key", "Startup Cost": 0.0, "Total Cost": 94.25, "Plan Rows": 4000, "Plan Width": 0, "Index Cond": "(s_nationkey = public.nation.n_nationkey)"}]}]}, {"Node Type": "Index Scan", "Parent Relationship": "Inner", "Scan Direction": "Forward", "Index Name": "idx_partsupp_suppkey", "Relation Name": "partsupp", "Alias": "partsupp", "Startup Cost": 0.0, "Total Cost": 9.33, "Plan Rows": 13, "Plan Width": 24, "Index Cond": "(ps_suppkey = public.supplier.s_suppkey)"}]}]}, {"Node Type": "Aggregate", "Strategy": "Hashed", "Parent Relationship": "Outer", "Startup Cost": 41309.84, "Total Cost": 41982.09, "Plan Rows": 53780, "Plan Width": 40, "Group By Key": ["public.partsupp.ps_partkey"], "Filter": "(sum((public.partsupp.ps_supplycost * (public.partsupp.ps_availqty)::double precision)) > $2)", "Plans": [{"Node Type": "Nested Loop", "Parent Relationship": "Outer", "Join Type": "Inner", "Startup Cost": 95.25, "Total Cost": 40368.69, "Plan Rows": 53780, "Plan Width": 24, "Inner Unique": false, "Plans": [{"Node Type": "Nested Loop", "Parent Relationship": "Outer", "Join Type": "Inner", "Startup Cost": 95.25, "Total Cost": 2544.73, "Plan Rows": 4000, "Plan Width": 8, "Inner Unique": false, "Plans": [{"Node Type": "Index Scan", "Parent Relationship": "Outer", "Scan Direction": "Forward", "Index Name": "nation_pkey", "Relation Name": "nation", "Alias": "nation", "Startup Cost": 0.0, "Total Cost": 12.69, "Plan Rows": 1, "Plan Width": 4, "Filter": "(n_name = 'MOZAMBIQUE'::bpchar)"}, {"Node Type": "Bitmap Heap Scan", "Parent Relationship": "Inner", "Relation Name": "supplier", "Alias": "supplier", "Startup Cost": 95.25, "Total Cost": 2492.04, "Plan Rows": 4000, "Plan Width": 12, "Recheck Cond": "(s_nationkey = public.nation.n_nationkey)", "Plans": [{"Node Type": "Bitmap Index Scan", "Parent Relationship": "Outer", "Index Name": "idx_supplier_nation_key", "Startup Cost": 0.0, "Total Cost": 94.25, "Plan Rows": 4000, "Plan Width": 0, "Index Cond": "(s_nationkey = public.nation.n_nationkey)"}]}]}, {"Node Type": "Index Scan", "Parent Relationship": "Inner", "Scan Direction": "Forward", "Index Name": "idx_partsupp_suppkey", "Relation Name": "partsupp", "Alias": "partsupp", "Startup Cost": 0.0, "Total Cost": 9.33, "Plan Rows": 13, "Plan Width": 32, "Index Cond": "(ps_suppkey = public.supplier.s_suppkey)"}]}]}]}, "Unique SQL Id": 2932834211, "Planner Runtime": 0}, "explain_analyze_plan": {"Plan": {"Node Type": "Sort", "Startup Cost": 86979.86, "Total Cost": 87114.31, "Plan Rows": 53780, "Plan Width": 40, "Actual Startup Time": 1762.834, "Actual Total Time": 1762.834, "Actual Rows": 0, "Actual Loops": 1, "Sort Key": ["(sum((public.partsupp.ps_supplycost * (public.partsupp.ps_availqty)::double precision))) DESC"], "Sort Method": "quicksort", "Sort Space Used": 25, "Sort Space Type": "Memory", "Plans": [{"Node Type": "Aggregate", "Strategy": "Plain", "Parent Relationship": "exec_init_plan", "Subplan Name": "InitPlan 1 (returns $2)", "Startup Cost": 40772.04, "Total Cost": 40772.06, "Plan Rows": 1, "Plan Width": 24, "Actual Startup Time": 757.478, "Actual Total Time": 757.478, "Actual Rows": 1, "Actual Loops": 1, "Plans": [{"Node Type": "Nested Loop", "Parent Relationship": "Outer", "Join Type": "Inner", "Startup Cost": 95.25, "Total Cost": 40368.69, "Plan Rows": 53780, "Plan Width": 16, "Actual Startup Time": 0.979, "Actual Total Time": 621.76, "Actual Rows": 313920, "Actual Loops": 1, "Inner Unique": false, "Plans": [{"Node Type": "Nested Loop", "Parent Relationship": "Outer", "Join Type": "Inner", "Startup Cost": 95.25, "Total Cost": 2544.73, "Plan Rows": 4000, "Plan Width": 8, "Actual Startup Time": 0.958, "Actual Total Time": 8.05, "Actual Rows": 3924, "Actual Loops": 1, "Inner Unique": false, "Plans": [{"Node Type": "Index Scan", "Parent Relationship": "Outer", "Scan Direction": "Forward", "Index Name": "nation_pkey", "Relation Name": "nation", "Alias": "nation", "Startup Cost": 0.0, "Total Cost": 12.69, "Plan Rows": 1, "Plan Width": 4, "Actual Startup Time": 0.038, "Actual Total Time": 0.053, "Actual Rows": 1, "Actual Loops": 1, "Filter": "(n_name = 'MOZAMBIQUE'::bpchar)", "Rows Removed by Filter": 24}, {"Node Type": "Bitmap Heap Scan", "Parent Relationship": "Inner", "Relation Name": "supplier", "Alias": "supplier", "Startup Cost": 95.25, "Total Cost": 2492.04, "Plan Rows": 4000, "Plan Width": 12, "Actual Startup Time": 0.903, "Actual Total Time": 7.053, "Actual Rows": 3924, "Actual Loops": 1, "Recheck Cond": "(s_nationkey = public.nation.n_nationkey)", "Rows Removed by Index Recheck": 0, "Exact Heap Blocks": 1895, "Lossy Heap Blocks": 1895, "Plans": [{"Node Type": "Bitmap Index Scan", "Parent Relationship": "Outer", "Index Name": "idx_supplier_nation_key", "Startup Cost": 0.0, "Total Cost": 94.25, "Plan Rows": 4000, "Plan Width": 0, "Actual Startup Time": 0.627, "Actual Total Time": 0.627, "Actual Rows": 3924, "Actual Loops": 1, "Index Cond": "(s_nationkey = public.nation.n_nationkey)"}]}]}, {"Node Type": "Index Scan", "Parent Relationship": "Inner", "Scan Direction": "Forward", "Index Name": "idx_partsupp_suppkey", "Relation Name": "partsupp", "Alias": "partsupp", "Startup Cost": 0.0, "Total Cost": 9.33, "Plan Rows": 13, "Plan Width": 24, "Actual Startup Time": 46.082, "Actual Total Time": 547.337, "Actual Rows": 313920, "Actual Loops": 3924, "Index Cond": "(ps_suppkey = public.supplier.s_suppkey)", "Rows Removed by Index Recheck": 0}]}]}, {"Node Type": "Aggregate", "Strategy": "Hashed", "Parent Relationship": "Outer", "Startup Cost": 41309.84, "Total Cost": 41982.09, "Plan Rows": 53780, "Plan Width": 40, "Actual Startup Time": 1762.251, "Actual Total Time": 1762.251, "Actual Rows": 0, "Actual Loops": 1, "Group By Key": ["public.partsupp.ps_partkey"], "Filter": "(sum((public.partsupp.ps_supplycost * (public.partsupp.ps_availqty)::double precision)) > $2)", "Rows Removed by Filter": 295792, "Plans": [{"Node Type": "Nested Loop", "Parent Relationship": "Outer", "Join Type": "Inner", "Startup Cost": 95.25, "Total Cost": 40368.69, "Plan Rows": 53780, "Plan Width": 24, "Actual Startup Time": 0.974, "Actual Total Time": 574.222, "Actual Rows": 313920, "Actual Loops": 1, "Inner Unique": false, "Plans": [{"Node Type": "Nested Loop", "Parent Relationship": "Outer", "Join Type": "Inner", "Startup Cost": 95.25, "Total Cost": 2544.73, "Plan Rows": 4000, "Plan Width": 8, "Actual Startup Time": 0.951, "Actual Total Time": 7.662, "Actual Rows": 3924, "Actual Loops": 1, "Inner Unique": false, "Plans": [{"Node Type": "Index Scan", "Parent Relationship": "Outer", "Scan Direction": "Forward", "Index Name": "nation_pkey", "Relation Name": "nation", "Alias": "nation", "Startup Cost": 0.0, "Total Cost": 12.69, "Plan Rows": 1, "Plan Width": 4, "Actual Startup Time": 0.031, "Actual Total Time": 0.042, "Actual Rows": 1, "Actual Loops": 1, "Filter": "(n_name = 'MOZAMBIQUE'::bpchar)", "Rows Removed by Filter": 24}, {"Node Type": "Bitmap Heap Scan", "Parent Relationship": "Inner", "Relation Name": "supplier", "Alias": "supplier", "Startup Cost": 95.25, "Total Cost": 2492.04, "Plan Rows": 4000, "Plan Width": 12, "Actual Startup Time": 0.913, "Actual Total Time": 6.701, "Actual Rows": 3924, "Actual Loops": 1, "Recheck Cond": "(s_nationkey = public.nation.n_nationkey)", "Rows Removed by Index Recheck": 0, "Exact Heap Blocks": 1895, "Lossy Heap Blocks": 1895, "Plans": [{"Node Type": "Bitmap Index Scan", "Parent Relationship": "Outer", "Index Name": "idx_supplier_nation_key", "Startup Cost": 0.0, "Total Cost": 94.25, "Plan Rows": 4000, "Plan Width": 0, "Actual Startup Time": 0.621, "Actual Total Time": 0.621, "Actual Rows": 3924, "Actual Loops": 1, "Index Cond": "(s_nationkey = public.nation.n_nationkey)"}]}]}, {"Node Type": "Index Scan", "Parent Relationship": "Inner", "Scan Direction": "Forward", "Index Name": "idx_partsupp_suppkey", "Relation Name": "partsupp", "Alias": "partsupp", "Startup Cost": 0.0, "Total Cost": 9.33, "Plan Rows": 13, "Plan Width": 32, "Actual Startup Time": 43.059, "Actual Total Time": 494.357, "Actual Rows": 313920, "Actual Loops": 3924, "Index Cond": "(ps_suppkey = public.supplier.s_suppkey)", "Rows Removed by Index Recheck": 0}]}]}]}, "Triggers": [], "Planner Runtime": 0, "Total Runtime": 1763.161, "Unique SQL Id": 2932834211}}, "(64, 98)": {"explain_plan": {"Plan": {"Node Type": "Sort", "Startup Cost": 90032.55, "Total Cost": 90167.0, "Plan Rows": 53780, "Plan Width": 40, "Sort Key": ["(sum((public.partsupp.ps_supplycost * (public.partsupp.ps_availqty)::double precision))) DESC"], "Plans": [{"Node Type": "Aggregate", "Strategy": "Plain", "Parent Relationship": "exec_init_plan", "Subplan Name": "InitPlan 1 (returns $2)", "Startup Cost": 42298.39, "Total Cost": 42298.4, "Plan Rows": 1, "Plan Width": 24, "Plans": [{"Node Type": "Nested Loop", "Parent Relationship": "Outer", "Join Type": "Inner", "Startup Cost": 96.82, "Total Cost": 41895.04, "Plan Rows": 53780, "Plan Width": 16, "Inner Unique": false, "Plans": [{"Node Type": "Nested Loop", "Parent Relationship": "Outer", "Join Type": "Inner", "Startup Cost": 95.25, "Total Cost": 2533.35, "Plan Rows": 4000, "Plan Width": 8, "Inner Unique": false, "Plans": [{"Node Type": "Seq Scan", "Parent Relationship": "Outer", "Relation Name": "nation", "Alias": "nation", "Startup Cost": 0.0, "Total Cost": 1.31, "Plan Rows": 1, "Plan Width": 4, "Filter": "(n_name = 'MOZAMBIQUE'::bpchar)"}, {"Node Type": "Bitmap Heap Scan", "Parent Relationship": "Inner", "Relation Name": "supplier", "Alias": "supplier", "Startup Cost": 95.25, "Total Cost": 2492.04, "Plan Rows": 4000, "Plan Width": 12, "Recheck Cond": "(s_nationkey = public.nation.n_nationkey)", "Plans": [{"Node Type": "Bitmap Index Scan", "Parent Relationship": "Outer", "Index Name": "idx_supplier_nation_key", "Startup Cost": 0.0, "Total Cost": 94.25, "Plan Rows": 4000, "Plan Width": 0, "Index Cond": "(s_nationkey = public.nation.n_nationkey)"}]}]}, {"Node Type": "Bitmap Heap Scan", "Parent Relationship": "Inner", "Relation Name": "partsupp", "Alias": "partsupp", "Startup Cost": 1.57, "Total Cost": 9.71, "Plan Rows": 13, "Plan Width": 24, "Recheck Cond": "(ps_suppkey = public.supplier.s_suppkey)", "Plans": [{"Node Type": "Bitmap Index Scan", "Parent Relationship": "Outer", "Index Name": "idx_partsupp_suppkey", "Startup Cost": 0.0, "Total Cost": 1.56, "Plan Rows": 13, "Plan Width": 0, "Index Cond": "(ps_suppkey = public.supplier.s_suppkey)"}]}]}]}, {"Node Type": "Aggregate", "Strategy": "Hashed", "Parent Relationship": "Outer", "Startup Cost": 42836.19, "Total Cost": 43508.44, "Plan Rows": 53780, "Plan Width": 40, "Group By Key": ["public.partsupp.ps_partkey"], "Filter": "(sum((public.partsupp.ps_supplycost * (public.partsupp.ps_availqty)::double precision)) > $2)", "Plans": [{"Node Type": "Nested Loop", "Parent Relationship": "Outer", "Join Type": "Inner", "Startup Cost": 96.82, "Total Cost": 41895.04, "Plan Rows": 53780, "Plan Width": 24, "Inner Unique": false, "Plans": [{"Node Type": "Nested Loop", "Parent Relationship": "Outer", "Join Type": "Inner", "Startup Cost": 95.25, "Total Cost": 2533.35, "Plan Rows": 4000, "Plan Width": 8, "Inner Unique": false, "Plans": [{"Node Type": "Seq Scan", "Parent Relationship": "Outer", "Relation Name": "nation", "Alias": "nation", "Startup Cost": 0.0, "Total Cost": 1.31, "Plan Rows": 1, "Plan Width": 4, "Filter": "(n_name = 'MOZAMBIQUE'::bpchar)"}, {"Node Type": "Bitmap Heap Scan", "Parent Relationship": "Inner", "Relation Name": "supplier", "Alias": "supplier", "Startup Cost": 95.25, "Total Cost": 2492.04, "Plan Rows": 4000, "Plan Width": 12, "Recheck Cond": "(s_nationkey = public.nation.n_nationkey)", "Plans": [{"Node Type": "Bitmap Index Scan", "Parent Relationship": "Outer", "Index Name": "idx_supplier_nation_key", "Startup Cost": 0.0, "Total Cost": 94.25, "Plan Rows": 4000, "Plan Width": 0, "Index Cond": "(s_nationkey = public.nation.n_nationkey)"}]}]}, {"Node Type": "Bitmap Heap Scan", "Parent Relationship": "Inner", "Relation Name": "partsupp", "Alias": "partsupp", "Startup Cost": 1.57, "Total Cost": 9.71, "Plan Rows": 13, "Plan Width": 32, "Recheck Cond": "(ps_suppkey = public.supplier.s_suppkey)", "Plans": [{"Node Type": "Bitmap Index Scan", "Parent Relationship": "Outer", "Index Name": "idx_partsupp_suppkey", "Startup Cost": 0.0, "Total Cost": 1.56, "Plan Rows": 13, "Plan Width": 0, "Index Cond": "(ps_suppkey = public.supplier.s_suppkey)"}]}]}]}]}, "Unique SQL Id": 2932834211, "Planner Runtime": 0}, "explain_analyze_plan": {"Plan": {"Node Type": "Sort", "Startup Cost": 90032.55, "Total Cost": 90167.0, "Plan Rows": 53780, "Plan Width": 40, "Actual Startup Time": 1938.442, "Actual Total Time": 1938.442, "Actual Rows": 0, "Actual Loops": 1, "Sort Key": ["(sum((public.partsupp.ps_supplycost * (public.partsupp.ps_availqty)::double precision))) DESC"], "Sort Method": "quicksort", "Sort Space Used": 25, "Sort Space Type": "Memory", "Plans": [{"Node Type": "Aggregate", "Strategy": "Plain", "Parent Relationship": "exec_init_plan", "Subplan Name": "InitPlan 1 (returns $2)", "Startup Cost": 42298.39, "Total Cost": 42298.4, "Plan Rows": 1, "Plan Width": 24, "Actual Startup Time": 849.92, "Actual Total Time": 849.921, "Actual Rows": 1, "Actual Loops": 1, "Plans": [{"Node Type": "Nested Loop", "Parent Relationship": "Outer", "Join Type": "Inner", "Startup Cost": 96.82, "Total Cost": 41895.04, "Plan Rows": 53780, "Plan Width": 16, "Actual Startup Time": 1.032, "Actual Total Time": 721.537, "Actual Rows": 313920, "Actual Loops": 1, "Inner Unique": false, "Plans": [{"Node Type": "Nested Loop", "Parent Relationship": "Outer", "Join Type": "Inner", "Startup Cost": 95.25, "Total Cost": 2533.35, "Plan Rows": 4000, "Plan Width": 8, "Actual Startup Time": 0.983, "Actual Total Time": 7.832, "Actual Rows": 3924, "Actual Loops": 1, "Inner Unique": false, "Plans": [{"Node Type": "Seq Scan", "Parent Relationship": "Outer", "Relation Name": "nation", "Alias": "nation", "Startup Cost": 0.0, "Total Cost": 1.31, "Plan Rows": 1, "Plan Width": 4, "Actual Startup Time": 0.036, "Actual Total Time": 0.051, "Actual Rows": 1, "Actual Loops": 1, "Filter": "(n_name = 'MOZAMBIQUE'::bpchar)", "Rows Removed by Filter": 24}, {"Node Type": "Bitmap Heap Scan", "Parent Relationship": "Inner", "Relation Name": "supplier", "Alias": "supplier", "Startup Cost": 95.25, "Total Cost": 2492.04, "Plan Rows": 4000, "Plan Width": 12, "Actual Startup Time": 0.939, "Actual Total Time": 6.87, "Actual Rows": 3924, "Actual Loops": 1, "Recheck Cond": "(s_nationkey = public.nation.n_nationkey)", "Rows Removed by Index Recheck": 0, "Exact Heap Blocks": 1895, "Lossy Heap Blocks": 1895, "Plans": [{"Node Type": "Bitmap Index Scan", "Parent Relationship": "Outer", "Index Name": "idx_supplier_nation_key", "Startup Cost": 0.0, "Total Cost": 94.25, "Plan Rows": 4000, "Plan Width": 0, "Actual Startup Time": 0.649, "Actual Total Time": 0.649, "Actual Rows": 3924, "Actual Loops": 1, "Index Cond": "(s_nationkey = public.nation.n_nationkey)"}]}]}, {"Node Type": "Bitmap Heap Scan", "Parent Relationship": "Inner", "Relation Name": "partsupp", "Alias": "partsupp", "Startup Cost": 1.57, "Total Cost": 9.71, "Plan Rows": 13, "Plan Width": 24, "Actual Startup Time": 100.697, "Actual Total Time": 646.011, "Actual Rows": 313920, "Actual Loops": 3924, "Recheck Cond": "(ps_suppkey = public.supplier.s_suppkey)", "Rows Removed by Index Recheck": 0, "Exact Heap Blocks": 313920, "Lossy Heap Blocks": 313920, "Plans": [{"Node Type": "Bitmap Index Scan", "Parent Relationship": "Outer", "Index Name": "idx_partsupp_suppkey", "Startup Cost": 0.0, "Total Cost": 1.56, "Plan Rows": 13, "Plan Width": 0, "Actual Startup Time": 62.61, "Actual Total Time": 62.61, "Actual Rows": 313920, "Actual Loops": 3924, "Index Cond": "(ps_suppkey = public.supplier.s_suppkey)"}]}]}]}, {"Node Type": "Aggregate", "Strategy": "Hashed", "Parent Relationship": "Outer", "Startup Cost": 42836.19, "Total Cost": 43508.44, "Plan Rows": 53780, "Plan Width": 40, "Actual Startup Time": 1938.021, "Actual Total Time": 1938.021, "Actual Rows": 0, "Actual Loops": 1, "Group By Key": ["public.partsupp.ps_partkey"], "Filter": "(sum((public.partsupp.ps_supplycost * (public.partsupp.ps_availqty)::double precision)) > $2)", "Rows Removed by Filter": 295792, "Plans": [{"Node Type": "Nested Loop", "Parent Relationship": "Outer", "Join Type": "Inner", "Startup Cost": 96.82, "Total Cost": 41895.04, "Plan Rows": 53780, "Plan Width": 24, "Actual Startup Time": 0.995, "Actual Total Time": 708.938, "Actual Rows": 313920, "Actual Loops": 1, "Inner Unique": false, "Plans": [{"Node Type": "Nested Loop", "Parent Relationship": "Outer", "Join Type": "Inner", "Startup Cost": 95.25, "Total Cost": 2533.35, "Plan Rows": 4000, "Plan Width": 8, "Actual Startup Time": 0.951, "Actual Total Time": 7.412, "Actual Rows": 3924, "Actual Loops": 1, "Inner Unique": false, "Plans": [{"Node Type": "Seq Scan", "Parent Relationship": "Outer", "Relation Name": "nation", "Alias": "nation", "Startup Cost": 0.0, "Total Cost": 1.31, "Plan Rows": 1, "Plan Width": 4, "Actual Startup Time": 0.031, "Actual Total Time": 0.045, "Actual Rows": 1, "Actual Loops": 1, "Filter": "(n_name = 'MOZAMBIQUE'::bpchar)", "Rows Removed by Filter": 24}, {"Node Type": "Bitmap Heap Scan", "Parent Relationship": "Inner", "Relation Name": "supplier", "Alias": "supplier", "Startup Cost": 95.25, "Total Cost": 2492.04, "Plan Rows": 4000, "Plan Width": 12, "Actual Startup Time": 0.912, "Actual Total Time": 6.426, "Actual Rows": 3924, "Actual Loops": 1, "Recheck Cond": "(s_nationkey = public.nation.n_nationkey)", "Rows Removed by Index Recheck": 0, "Exact Heap Blocks": 1895, "Lossy Heap Blocks": 1895, "Plans": [{"Node Type": "Bitmap Index Scan", "Parent Relationship": "Outer", "Index Name": "idx_supplier_nation_key", "Startup Cost": 0.0, "Total Cost": 94.25, "Plan Rows": 4000, "Plan Width": 0, "Actual Startup Time": 0.632, "Actual Total Time": 0.632, "Actual Rows": 3924, "Actual Loops": 1, "Index Cond": "(s_nationkey = public.nation.n_nationkey)"}]}]}, {"Node Type": "Bitmap Heap Scan", "Parent Relationship": "Inner", "Relation Name": "partsupp", "Alias": "partsupp", "Startup Cost": 1.57, "Total Cost": 9.71, "Plan Rows": 13, "Plan Width": 32, "Actual Startup Time": 100.385, "Actual Total Time": 627.624, "Actual Rows": 313920, "Actual Loops": 3924, "Recheck Cond": "(ps_suppkey = public.supplier.s_suppkey)", "Rows Removed by Index Recheck": 0, "Exact Heap Blocks": 313920, "Lossy Heap Blocks": 313920, "Plans": [{"Node Type": "Bitmap Index Scan", "Parent Relationship": "Outer", "Index Name": "idx_partsupp_suppkey", "Startup Cost": 0.0, "Total Cost": 1.56, "Plan Rows": 13, "Plan Width": 0, "Actual Startup Time": 62.318, "Actual Total Time": 62.318, "Actual Rows": 313920, "Actual Loops": 3924, "Index Cond": "(ps_suppkey = public.supplier.s_suppkey)"}]}]}]}]}, "Triggers": [], "Planner Runtime": 0, "Total Runtime": 1938.921, "Unique SQL Id": 2932834211}}, "(64, 99)": {"explain_plan": {"Plan": {"Node Type": "Sort", "Startup Cost": 2000084159245.82, "Total Cost": 2000084159380.27, "Plan Rows": 53780, "Plan Width": 40, "Sort Key": ["(sum((public.partsupp.ps_supplycost * (public.partsupp.ps_availqty)::double precision))) DESC"], "Plans": [{"Node Type": "Aggregate", "Strategy": "Plain", "Parent Relationship": "exec_init_plan", "Subplan Name": "InitPlan 1 (returns $2)", "Startup Cost": 1000001001502.42, "Total Cost": 1000001001502.43, "Plan Rows": 1, "Plan Width": 24, "Plans": [{"Node Type": "Nested Loop", "Parent Relationship": "Outer", "Join Type": "Inner", "Startup Cost": 10000000001.83, "Total Cost": 1000001001099.07, "Plan Rows": 53780, "Plan Width": 16, "Inner Unique": false, "Plans": [{"Node Type": "Nested Loop", "Parent Relationship": "Outer", "Join Type": "Inner", "Startup Cost": 10000000000.26, "Total Cost": 1000000961737.38, "Plan Rows": 4000, "Plan Width": 8, "Inner Unique": true, "Plans": [{"Node Type": "Index Scan", "Parent Relationship": "Outer", "Scan Direction": "Forward", "Index Name": "supplier_pkey", "Relation Name": "supplier", "Alias": "supplier", "Startup Cost": 10000000000.0, "Total Cost": 1000000533454.38, "Plan Rows": 100000, "Plan Width": 12}, {"Node Type": "Bitmap Heap Scan", "Parent Relationship": "Inner", "Relation Name": "nation", "Alias": "nation", "Startup Cost": 0.26, "Total Cost": 4.27, "Plan Rows": 1, "Plan Width": 4, "Recheck Cond": "(n_nationkey = public.supplier.s_nationkey)", "Filter": "(n_name = 'MOZAMBIQUE'::bpchar)", "Plans": [{"Node Type": "Bitmap Index Scan", "Parent Relationship": "Outer", "Index Name": "nation_pkey", "Startup Cost": 0.0, "Total Cost": 0.26, "Plan Rows": 1, "Plan Width": 0, "Index Cond": "(n_nationkey = public.supplier.s_nationkey)"}]}]}, {"Node Type": "Bitmap Heap Scan", "Parent Relationship": "Inner", "Relation Name": "partsupp", "Alias": "partsupp", "Startup Cost": 1.57, "Total Cost": 9.71, "Plan Rows": 13, "Plan Width": 24, "Recheck Cond": "(ps_suppkey = public.supplier.s_suppkey)", "Plans": [{"Node Type": "Bitmap Index Scan", "Parent Relationship": "Outer", "Index Name": "idx_partsupp_suppkey", "Startup Cost": 0.0, "Total Cost": 1.56, "Plan Rows": 13, "Plan Width": 0, "Index Cond": "(ps_suppkey = public.supplier.s_suppkey)"}]}]}]}, {"Node Type": "Aggregate", "Strategy": "Hashed", "Parent Relationship": "Outer", "Startup Cost": 1000083152845.44, "Total Cost": 1000083153517.69, "Plan Rows": 53780, "Plan Width": 40, "Group By Key": ["public.partsupp.ps_partkey"], "Filter": "(sum((public.partsupp.ps_supplycost * (public.partsupp.ps_availqty)::double precision)) > $2)", "Plans": [{"Node Type": "Nested Loop", "Parent Relationship": "Outer", "Join Type": "Inner", "Startup Cost": 10000000000.52, "Total Cost": 1000083151904.29, "Plan Rows": 53780, "Plan Width": 24, "Inner Unique": true, "Plans": [{"Node Type": "Nested Loop", "Parent Relationship": "Outer", "Join Type": "Inner", "Startup Cost": 10000000000.26, "Total Cost": 1000077393643.64, "Plan Rows": 1344499, "Plan Width": 28, "Inner Unique": true, "Plans": [{"Node Type": "Index Scan", "Parent Relationship": "Outer", "Scan Direction": "Forward", "Index Name": "idx_partsupp_partkey", "Relation Name": "partsupp", "Alias": "partsupp", "Startup Cost": 10000000000.0, "Total Cost": 1000043148503.38, "Plan Rows": 8000372, "Plan Width": 32}, {"Node Type": "Bitmap Heap Scan", "Parent Relationship": "Inner", "Relation Name": "supplier", "Alias": "supplier", "Startup Cost": 0.26, "Total Cost": 4.27, "Plan Rows": 1, "Plan Width": 12, "Recheck Cond": "(s_suppkey = public.partsupp.ps_suppkey)", "Plans": [{"Node Type": "Bitmap Index Scan", "Parent Relationship": "Outer", "Index Name": "supplier_pkey", "Startup Cost": 0.0, "Total Cost": 0.26, "Plan Rows": 1, "Plan Width": 0, "Index Cond": "(s_suppkey = public.partsupp.ps_suppkey)"}]}]}, {"Node Type": "Bitmap Heap Scan", "Parent Relationship": "Inner", "Relation Name": "nation", "Alias": "nation", "Startup Cost": 0.26, "Total Cost": 4.27, "Plan Rows": 1, "Plan Width": 4, "Recheck Cond": "(n_nationkey = public.supplier.s_nationkey)", "Filter": "(n_name = 'MOZAMBIQUE'::bpchar)", "Plans": [{"Node Type": "Bitmap Index Scan", "Parent Relationship": "Outer", "Index Name": "nation_pkey", "Startup Cost": 0.0, "Total Cost": 0.26, "Plan Rows": 1, "Plan Width": 0, "Index Cond": "(n_nationkey = public.supplier.s_nationkey)"}]}]}]}]}, "Unique SQL Id": 2932834211, "Planner Runtime": 0}, "explain_analyze_plan": null}, "(64, 100)": {"explain_plan": {"Plan": {"Node Type": "Sort", "Startup Cost": 86957.11, "Total Cost": 87091.56, "Plan Rows": 53780, "Plan Width": 40, "Sort Key": ["(sum((public.partsupp.ps_supplycost * (public.partsupp.ps_availqty)::double precision))) DESC"], "Plans": [{"Node Type": "Aggregate", "Strategy": "Plain", "Parent Relationship": "exec_init_plan", "Subplan Name": "InitPlan 1 (returns $2)", "Startup Cost": 40760.67, "Total Cost": 40760.68, "Plan Rows": 1, "Plan Width": 24, "Plans": [{"Node Type": "Nested Loop", "Parent Relationship": "Outer", "Join Type": "Inner", "Startup Cost": 95.25, "Total Cost": 40357.32, "Plan Rows": 53780, "Plan Width": 16, "Inner Unique": false, "Plans": [{"Node Type": "Nested Loop", "Parent Relationship": "Outer", "Join Type": "Inner", "Startup Cost": 95.25, "Total Cost": 2533.35, "Plan Rows": 4000, "Plan Width": 8, "Inner Unique": false, "Plans": [{"Node Type": "Seq Scan", "Parent Relationship": "Outer", "Relation Name": "nation", "Alias": "nation", "Startup Cost": 0.0, "Total Cost": 1.31, "Plan Rows": 1, "Plan Width": 4, "Filter": "(n_name = 'MOZAMBIQUE'::bpchar)"}, {"Node Type": "Bitmap Heap Scan", "Parent Relationship": "Inner", "Relation Name": "supplier", "Alias": "supplier", "Startup Cost": 95.25, "Total Cost": 2492.04, "Plan Rows": 4000, "Plan Width": 12, "Recheck Cond": "(s_nationkey = public.nation.n_nationkey)", "Plans": [{"Node Type": "Bitmap Index Scan", "Parent Relationship": "Outer", "Index Name": "idx_supplier_nation_key", "Startup Cost": 0.0, "Total Cost": 94.25, "Plan Rows": 4000, "Plan Width": 0, "Index Cond": "(s_nationkey = public.nation.n_nationkey)"}]}]}, {"Node Type": "Index Scan", "Parent Relationship": "Inner", "Scan Direction": "Forward", "Index Name": "idx_partsupp_suppkey", "Relation Name": "partsupp", "Alias": "partsupp", "Startup Cost": 0.0, "Total Cost": 9.33, "Plan Rows": 13, "Plan Width": 24, "Index Cond": "(ps_suppkey = public.supplier.s_suppkey)"}]}]}, {"Node Type": "Aggregate", "Strategy": "Hashed", "Parent Relationship": "Outer", "Startup Cost": 41298.47, "Total Cost": 41970.72, "Plan Rows": 53780, "Plan Width": 40, "Group By Key": ["public.partsupp.ps_partkey"], "Filter": "(sum((public.partsupp.ps_supplycost * (public.partsupp.ps_availqty)::double precision)) > $2)", "Plans": [{"Node Type": "Nested Loop", "Parent Relationship": "Outer", "Join Type": "Inner", "Startup Cost": 95.25, "Total Cost": 40357.32, "Plan Rows": 53780, "Plan Width": 24, "Inner Unique": false, "Plans": [{"Node Type": "Nested Loop", "Parent Relationship": "Outer", "Join Type": "Inner", "Startup Cost": 95.25, "Total Cost": 2533.35, "Plan Rows": 4000, "Plan Width": 8, "Inner Unique": false, "Plans": [{"Node Type": "Seq Scan", "Parent Relationship": "Outer", "Relation Name": "nation", "Alias": "nation", "Startup Cost": 0.0, "Total Cost": 1.31, "Plan Rows": 1, "Plan Width": 4, "Filter": "(n_name = 'MOZAMBIQUE'::bpchar)"}, {"Node Type": "Bitmap Heap Scan", "Parent Relationship": "Inner", "Relation Name": "supplier", "Alias": "supplier", "Startup Cost": 95.25, "Total Cost": 2492.04, "Plan Rows": 4000, "Plan Width": 12, "Recheck Cond": "(s_nationkey = public.nation.n_nationkey)", "Plans": [{"Node Type": "Bitmap Index Scan", "Parent Relationship": "Outer", "Index Name": "idx_supplier_nation_key", "Startup Cost": 0.0, "Total Cost": 94.25, "Plan Rows": 4000, "Plan Width": 0, "Index Cond": "(s_nationkey = public.nation.n_nationkey)"}]}]}, {"Node Type": "Index Scan", "Parent Relationship": "Inner", "Scan Direction": "Forward", "Index Name": "idx_partsupp_suppkey", "Relation Name": "partsupp", "Alias": "partsupp", "Startup Cost": 0.0, "Total Cost": 9.33, "Plan Rows": 13, "Plan Width": 32, "Index Cond": "(ps_suppkey = public.supplier.s_suppkey)"}]}]}]}, "Unique SQL Id": 2932834211, "Planner Runtime": 0}, "explain_analyze_plan": {"Plan": {"Node Type": "Sort", "Startup Cost": 86957.11, "Total Cost": 87091.56, "Plan Rows": 53780, "Plan Width": 40, "Actual Startup Time": 1757.818, "Actual Total Time": 1757.818, "Actual Rows": 0, "Actual Loops": 1, "Sort Key": ["(sum((public.partsupp.ps_supplycost * (public.partsupp.ps_availqty)::double precision))) DESC"], "Sort Method": "quicksort", "Sort Space Used": 25, "Sort Space Type": "Memory", "Plans": [{"Node Type": "Aggregate", "Strategy": "Plain", "Parent Relationship": "exec_init_plan", "Subplan Name": "InitPlan 1 (returns $2)", "Startup Cost": 40760.67, "Total Cost": 40760.68, "Plan Rows": 1, "Plan Width": 24, "Actual Startup Time": 685.274, "Actual Total Time": 685.274, "Actual Rows": 1, "Actual Loops": 1, "Plans": [{"Node Type": "Nested Loop", "Parent Relationship": "Outer", "Join Type": "Inner", "Startup Cost": 95.25, "Total Cost": 40357.32, "Plan Rows": 53780, "Plan Width": 16, "Actual Startup Time": 0.989, "Actual Total Time": 550.199, "Actual Rows": 313920, "Actual Loops": 1, "Inner Unique": false, "Plans": [{"Node Type": "Nested Loop", "Parent Relationship": "Outer", "Join Type": "Inner", "Startup Cost": 95.25, "Total Cost": 2533.35, "Plan Rows": 4000, "Plan Width": 8, "Actual Startup Time": 0.963, "Actual Total Time": 7.289, "Actual Rows": 3924, "Actual Loops": 1, "Inner Unique": false, "Plans": [{"Node Type": "Seq Scan", "Parent Relationship": "Outer", "Relation Name": "nation", "Alias": "nation", "Startup Cost": 0.0, "Total Cost": 1.31, "Plan Rows": 1, "Plan Width": 4, "Actual Startup Time": 0.043, "Actual Total Time": 0.055, "Actual Rows": 1, "Actual Loops": 1, "Filter": "(n_name = 'MOZAMBIQUE'::bpchar)", "Rows Removed by Filter": 24}, {"Node Type": "Bitmap Heap Scan", "Parent Relationship": "Inner", "Relation Name": "supplier", "Alias": "supplier", "Startup Cost": 95.25, "Total Cost": 2492.04, "Plan Rows": 4000, "Plan Width": 12, "Actual Startup Time": 0.903, "Actual Total Time": 6.347, "Actual Rows": 3924, "Actual Loops": 1, "Recheck Cond": "(s_nationkey = public.nation.n_nationkey)", "Rows Removed by Index Recheck": 0, "Exact Heap Blocks": 1895, "Lossy Heap Blocks": 1895, "Plans": [{"Node Type": "Bitmap Index Scan", "Parent Relationship": "Outer", "Index Name": "idx_supplier_nation_key", "Startup Cost": 0.0, "Total Cost": 94.25, "Plan Rows": 4000, "Plan Width": 0, "Actual Startup Time": 0.624, "Actual Total Time": 0.624, "Actual Rows": 3924, "Actual Loops": 1, "Index Cond": "(s_nationkey = public.nation.n_nationkey)"}]}]}, {"Node Type": "Index Scan", "Parent Relationship": "Inner", "Scan Direction": "Forward", "Index Name": "idx_partsupp_suppkey", "Relation Name": "partsupp", "Alias": "partsupp", "Startup Cost": 0.0, "Total Cost": 9.33, "Plan Rows": 13, "Plan Width": 24, "Actual Startup Time": 41.836, "Actual Total Time": 476.637, "Actual Rows": 313920, "Actual Loops": 3924, "Index Cond": "(ps_suppkey = public.supplier.s_suppkey)", "Rows Removed by Index Recheck": 0}]}]}, {"Node Type": "Aggregate", "Strategy": "Hashed", "Parent Relationship": "Outer", "Startup Cost": 41298.47, "Total Cost": 41970.72, "Plan Rows": 53780, "Plan Width": 40, "Actual Startup Time": 1757.278, "Actual Total Time": 1757.278, "Actual Rows": 0, "Actual Loops": 1, "Group By Key": ["public.partsupp.ps_partkey"], "Filter": "(sum((public.partsupp.ps_supplycost * (public.partsupp.ps_availqty)::double precision)) > $2)", "Rows Removed by Filter": 295792, "Plans": [{"Node Type": "Nested Loop", "Parent Relationship": "Outer", "Join Type": "Inner", "Startup Cost": 95.25, "Total Cost": 40357.32, "Plan Rows": 53780, "Plan Width": 24, "Actual Startup Time": 0.989, "Actual Total Time": 653.431, "Actual Rows": 313920, "Actual Loops": 1, "Inner Unique": false, "Plans": [{"Node Type": "Nested Loop", "Parent Relationship": "Outer", "Join Type": "Inner", "Startup Cost": 95.25, "Total Cost": 2533.35, "Plan Rows": 4000, "Plan Width": 8, "Actual Startup Time": 0.965, "Actual Total Time": 8.619, "Actual Rows": 3924, "Actual Loops": 1, "Inner Unique": false, "Plans": [{"Node Type": "Seq Scan", "Parent Relationship": "Outer", "Relation Name": "nation", "Alias": "nation", "Startup Cost": 0.0, "Total Cost": 1.31, "Plan Rows": 1, "Plan Width": 4, "Actual Startup Time": 0.03, "Actual Total Time": 0.047, "Actual Rows": 1, "Actual Loops": 1, "Filter": "(n_name = 'MOZAMBIQUE'::bpchar)", "Rows Removed by Filter": 24}, {"Node Type": "Bitmap Heap Scan", "Parent Relationship": "Inner", "Relation Name": "supplier", "Alias": "supplier", "Startup Cost": 95.25, "Total Cost": 2492.04, "Plan Rows": 4000, "Plan Width": 12, "Actual Startup Time": 0.928, "Actual Total Time": 7.555, "Actual Rows": 3924, "Actual Loops": 1, "Recheck Cond": "(s_nationkey = public.nation.n_nationkey)", "Rows Removed by Index Recheck": 0, "Exact Heap Blocks": 1895, "Lossy Heap Blocks": 1895, "Plans": [{"Node Type": "Bitmap Index Scan", "Parent Relationship": "Outer", "Index Name": "idx_supplier_nation_key", "Startup Cost": 0.0, "Total Cost": 94.25, "Plan Rows": 4000, "Plan Width": 0, "Actual Startup Time": 0.644, "Actual Total Time": 0.644, "Actual Rows": 3924, "Actual Loops": 1, "Index Cond": "(s_nationkey = public.nation.n_nationkey)"}]}]}, {"Node Type": "Index Scan", "Parent Relationship": "Inner", "Scan Direction": "Forward", "Index Name": "idx_partsupp_suppkey", "Relation Name": "partsupp", "Alias": "partsupp", "Startup Cost": 0.0, "Total Cost": 9.33, "Plan Rows": 13, "Plan Width": 32, "Actual Startup Time": 48.203, "Actual Total Time": 572.851, "Actual Rows": 313920, "Actual Loops": 3924, "Index Cond": "(ps_suppkey = public.supplier.s_suppkey)", "Rows Removed by Index Recheck": 0}]}]}]}, "Triggers": [], "Planner Runtime": 0, "Total Runtime": 1758.153, "Unique SQL Id": 2932834211}}, "(64, 101)": {"explain_plan": {"Plan": {"Node Type": "Sort", "Startup Cost": 86979.86, "Total Cost": 87114.31, "Plan Rows": 53780, "Plan Width": 40, "Sort Key": ["(sum((public.partsupp.ps_supplycost * (public.partsupp.ps_availqty)::double precision))) DESC"], "Plans": [{"Node Type": "Aggregate", "Strategy": "Plain", "Parent Relationship": "exec_init_plan", "Subplan Name": "InitPlan 1 (returns $2)", "Startup Cost": 40772.04, "Total Cost": 40772.06, "Plan Rows": 1, "Plan Width": 24, "Plans": [{"Node Type": "Nested Loop", "Parent Relationship": "Outer", "Join Type": "Inner", "Startup Cost": 95.25, "Total Cost": 40368.69, "Plan Rows": 53780, "Plan Width": 16, "Inner Unique": false, "Plans": [{"Node Type": "Nested Loop", "Parent Relationship": "Outer", "Join Type": "Inner", "Startup Cost": 95.25, "Total Cost": 2544.73, "Plan Rows": 4000, "Plan Width": 8, "Inner Unique": false, "Plans": [{"Node Type": "Index Scan", "Parent Relationship": "Outer", "Scan Direction": "Forward", "Index Name": "nation_pkey", "Relation Name": "nation", "Alias": "nation", "Startup Cost": 0.0, "Total Cost": 12.69, "Plan Rows": 1, "Plan Width": 4, "Filter": "(n_name = 'MOZAMBIQUE'::bpchar)"}, {"Node Type": "Bitmap Heap Scan", "Parent Relationship": "Inner", "Relation Name": "supplier", "Alias": "supplier", "Startup Cost": 95.25, "Total Cost": 2492.04, "Plan Rows": 4000, "Plan Width": 12, "Recheck Cond": "(s_nationkey = public.nation.n_nationkey)", "Plans": [{"Node Type": "Bitmap Index Scan", "Parent Relationship": "Outer", "Index Name": "idx_supplier_nation_key", "Startup Cost": 0.0, "Total Cost": 94.25, "Plan Rows": 4000, "Plan Width": 0, "Index Cond": "(s_nationkey = public.nation.n_nationkey)"}]}]}, {"Node Type": "Index Scan", "Parent Relationship": "Inner", "Scan Direction": "Forward", "Index Name": "idx_partsupp_suppkey", "Relation Name": "partsupp", "Alias": "partsupp", "Startup Cost": 0.0, "Total Cost": 9.33, "Plan Rows": 13, "Plan Width": 24, "Index Cond": "(ps_suppkey = public.supplier.s_suppkey)"}]}]}, {"Node Type": "Aggregate", "Strategy": "Hashed", "Parent Relationship": "Outer", "Startup Cost": 41309.84, "Total Cost": 41982.09, "Plan Rows": 53780, "Plan Width": 40, "Group By Key": ["public.partsupp.ps_partkey"], "Filter": "(sum((public.partsupp.ps_supplycost * (public.partsupp.ps_availqty)::double precision)) > $2)", "Plans": [{"Node Type": "Nested Loop", "Parent Relationship": "Outer", "Join Type": "Inner", "Startup Cost": 95.25, "Total Cost": 40368.69, "Plan Rows": 53780, "Plan Width": 24, "Inner Unique": false, "Plans": [{"Node Type": "Nested Loop", "Parent Relationship": "Outer", "Join Type": "Inner", "Startup Cost": 95.25, "Total Cost": 2544.73, "Plan Rows": 4000, "Plan Width": 8, "Inner Unique": false, "Plans": [{"Node Type": "Index Scan", "Parent Relationship": "Outer", "Scan Direction": "Forward", "Index Name": "nation_pkey", "Relation Name": "nation", "Alias": "nation", "Startup Cost": 0.0, "Total Cost": 12.69, "Plan Rows": 1, "Plan Width": 4, "Filter": "(n_name = 'MOZAMBIQUE'::bpchar)"}, {"Node Type": "Bitmap Heap Scan", "Parent Relationship": "Inner", "Relation Name": "supplier", "Alias": "supplier", "Startup Cost": 95.25, "Total Cost": 2492.04, "Plan Rows": 4000, "Plan Width": 12, "Recheck Cond": "(s_nationkey = public.nation.n_nationkey)", "Plans": [{"Node Type": "Bitmap Index Scan", "Parent Relationship": "Outer", "Index Name": "idx_supplier_nation_key", "Startup Cost": 0.0, "Total Cost": 94.25, "Plan Rows": 4000, "Plan Width": 0, "Index Cond": "(s_nationkey = public.nation.n_nationkey)"}]}]}, {"Node Type": "Index Scan", "Parent Relationship": "Inner", "Scan Direction": "Forward", "Index Name": "idx_partsupp_suppkey", "Relation Name": "partsupp", "Alias": "partsupp", "Startup Cost": 0.0, "Total Cost": 9.33, "Plan Rows": 13, "Plan Width": 32, "Index Cond": "(ps_suppkey = public.supplier.s_suppkey)"}]}]}]}, "Unique SQL Id": 2932834211, "Planner Runtime": 0}, "explain_analyze_plan": {"Plan": {"Node Type": "Sort", "Startup Cost": 86979.86, "Total Cost": 87114.31, "Plan Rows": 53780, "Plan Width": 40, "Actual Startup Time": 1762.834, "Actual Total Time": 1762.834, "Actual Rows": 0, "Actual Loops": 1, "Sort Key": ["(sum((public.partsupp.ps_supplycost * (public.partsupp.ps_availqty)::double precision))) DESC"], "Sort Method": "quicksort", "Sort Space Used": 25, "Sort Space Type": "Memory", "Plans": [{"Node Type": "Aggregate", "Strategy": "Plain", "Parent Relationship": "exec_init_plan", "Subplan Name": "InitPlan 1 (returns $2)", "Startup Cost": 40772.04, "Total Cost": 40772.06, "Plan Rows": 1, "Plan Width": 24, "Actual Startup Time": 757.478, "Actual Total Time": 757.478, "Actual Rows": 1, "Actual Loops": 1, "Plans": [{"Node Type": "Nested Loop", "Parent Relationship": "Outer", "Join Type": "Inner", "Startup Cost": 95.25, "Total Cost": 40368.69, "Plan Rows": 53780, "Plan Width": 16, "Actual Startup Time": 0.979, "Actual Total Time": 621.76, "Actual Rows": 313920, "Actual Loops": 1, "Inner Unique": false, "Plans": [{"Node Type": "Nested Loop", "Parent Relationship": "Outer", "Join Type": "Inner", "Startup Cost": 95.25, "Total Cost": 2544.73, "Plan Rows": 4000, "Plan Width": 8, "Actual Startup Time": 0.958, "Actual Total Time": 8.05, "Actual Rows": 3924, "Actual Loops": 1, "Inner Unique": false, "Plans": [{"Node Type": "Index Scan", "Parent Relationship": "Outer", "Scan Direction": "Forward", "Index Name": "nation_pkey", "Relation Name": "nation", "Alias": "nation", "Startup Cost": 0.0, "Total Cost": 12.69, "Plan Rows": 1, "Plan Width": 4, "Actual Startup Time": 0.038, "Actual Total Time": 0.053, "Actual Rows": 1, "Actual Loops": 1, "Filter": "(n_name = 'MOZAMBIQUE'::bpchar)", "Rows Removed by Filter": 24}, {"Node Type": "Bitmap Heap Scan", "Parent Relationship": "Inner", "Relation Name": "supplier", "Alias": "supplier", "Startup Cost": 95.25, "Total Cost": 2492.04, "Plan Rows": 4000, "Plan Width": 12, "Actual Startup Time": 0.903, "Actual Total Time": 7.053, "Actual Rows": 3924, "Actual Loops": 1, "Recheck Cond": "(s_nationkey = public.nation.n_nationkey)", "Rows Removed by Index Recheck": 0, "Exact Heap Blocks": 1895, "Lossy Heap Blocks": 1895, "Plans": [{"Node Type": "Bitmap Index Scan", "Parent Relationship": "Outer", "Index Name": "idx_supplier_nation_key", "Startup Cost": 0.0, "Total Cost": 94.25, "Plan Rows": 4000, "Plan Width": 0, "Actual Startup Time": 0.627, "Actual Total Time": 0.627, "Actual Rows": 3924, "Actual Loops": 1, "Index Cond": "(s_nationkey = public.nation.n_nationkey)"}]}]}, {"Node Type": "Index Scan", "Parent Relationship": "Inner", "Scan Direction": "Forward", "Index Name": "idx_partsupp_suppkey", "Relation Name": "partsupp", "Alias": "partsupp", "Startup Cost": 0.0, "Total Cost": 9.33, "Plan Rows": 13, "Plan Width": 24, "Actual Startup Time": 46.082, "Actual Total Time": 547.337, "Actual Rows": 313920, "Actual Loops": 3924, "Index Cond": "(ps_suppkey = public.supplier.s_suppkey)", "Rows Removed by Index Recheck": 0}]}]}, {"Node Type": "Aggregate", "Strategy": "Hashed", "Parent Relationship": "Outer", "Startup Cost": 41309.84, "Total Cost": 41982.09, "Plan Rows": 53780, "Plan Width": 40, "Actual Startup Time": 1762.251, "Actual Total Time": 1762.251, "Actual Rows": 0, "Actual Loops": 1, "Group By Key": ["public.partsupp.ps_partkey"], "Filter": "(sum((public.partsupp.ps_supplycost * (public.partsupp.ps_availqty)::double precision)) > $2)", "Rows Removed by Filter": 295792, "Plans": [{"Node Type": "Nested Loop", "Parent Relationship": "Outer", "Join Type": "Inner", "Startup Cost": 95.25, "Total Cost": 40368.69, "Plan Rows": 53780, "Plan Width": 24, "Actual Startup Time": 0.974, "Actual Total Time": 574.222, "Actual Rows": 313920, "Actual Loops": 1, "Inner Unique": false, "Plans": [{"Node Type": "Nested Loop", "Parent Relationship": "Outer", "Join Type": "Inner", "Startup Cost": 95.25, "Total Cost": 2544.73, "Plan Rows": 4000, "Plan Width": 8, "Actual Startup Time": 0.951, "Actual Total Time": 7.662, "Actual Rows": 3924, "Actual Loops": 1, "Inner Unique": false, "Plans": [{"Node Type": "Index Scan", "Parent Relationship": "Outer", "Scan Direction": "Forward", "Index Name": "nation_pkey", "Relation Name": "nation", "Alias": "nation", "Startup Cost": 0.0, "Total Cost": 12.69, "Plan Rows": 1, "Plan Width": 4, "Actual Startup Time": 0.031, "Actual Total Time": 0.042, "Actual Rows": 1, "Actual Loops": 1, "Filter": "(n_name = 'MOZAMBIQUE'::bpchar)", "Rows Removed by Filter": 24}, {"Node Type": "Bitmap Heap Scan", "Parent Relationship": "Inner", "Relation Name": "supplier", "Alias": "supplier", "Startup Cost": 95.25, "Total Cost": 2492.04, "Plan Rows": 4000, "Plan Width": 12, "Actual Startup Time": 0.913, "Actual Total Time": 6.701, "Actual Rows": 3924, "Actual Loops": 1, "Recheck Cond": "(s_nationkey = public.nation.n_nationkey)", "Rows Removed by Index Recheck": 0, "Exact Heap Blocks": 1895, "Lossy Heap Blocks": 1895, "Plans": [{"Node Type": "Bitmap Index Scan", "Parent Relationship": "Outer", "Index Name": "idx_supplier_nation_key", "Startup Cost": 0.0, "Total Cost": 94.25, "Plan Rows": 4000, "Plan Width": 0, "Actual Startup Time": 0.621, "Actual Total Time": 0.621, "Actual Rows": 3924, "Actual Loops": 1, "Index Cond": "(s_nationkey = public.nation.n_nationkey)"}]}]}, {"Node Type": "Index Scan", "Parent Relationship": "Inner", "Scan Direction": "Forward", "Index Name": "idx_partsupp_suppkey", "Relation Name": "partsupp", "Alias": "partsupp", "Startup Cost": 0.0, "Total Cost": 9.33, "Plan Rows": 13, "Plan Width": 32, "Actual Startup Time": 43.059, "Actual Total Time": 494.357, "Actual Rows": 313920, "Actual Loops": 3924, "Index Cond": "(ps_suppkey = public.supplier.s_suppkey)", "Rows Removed by Index Recheck": 0}]}]}]}, "Triggers": [], "Planner Runtime": 0, "Total Runtime": 1763.161, "Unique SQL Id": 2932834211}}, "(64, 102)": {"explain_plan": {"Plan": {"Node Type": "Sort", "Startup Cost": 90032.55, "Total Cost": 90167.0, "Plan Rows": 53780, "Plan Width": 40, "Sort Key": ["(sum((public.partsupp.ps_supplycost * (public.partsupp.ps_availqty)::double precision))) DESC"], "Plans": [{"Node Type": "Aggregate", "Strategy": "Plain", "Parent Relationship": "exec_init_plan", "Subplan Name": "InitPlan 1 (returns $2)", "Startup Cost": 42298.39, "Total Cost": 42298.4, "Plan Rows": 1, "Plan Width": 24, "Plans": [{"Node Type": "Nested Loop", "Parent Relationship": "Outer", "Join Type": "Inner", "Startup Cost": 96.82, "Total Cost": 41895.04, "Plan Rows": 53780, "Plan Width": 16, "Inner Unique": false, "Plans": [{"Node Type": "Nested Loop", "Parent Relationship": "Outer", "Join Type": "Inner", "Startup Cost": 95.25, "Total Cost": 2533.35, "Plan Rows": 4000, "Plan Width": 8, "Inner Unique": false, "Plans": [{"Node Type": "Seq Scan", "Parent Relationship": "Outer", "Relation Name": "nation", "Alias": "nation", "Startup Cost": 0.0, "Total Cost": 1.31, "Plan Rows": 1, "Plan Width": 4, "Filter": "(n_name = 'MOZAMBIQUE'::bpchar)"}, {"Node Type": "Bitmap Heap Scan", "Parent Relationship": "Inner", "Relation Name": "supplier", "Alias": "supplier", "Startup Cost": 95.25, "Total Cost": 2492.04, "Plan Rows": 4000, "Plan Width": 12, "Recheck Cond": "(s_nationkey = public.nation.n_nationkey)", "Plans": [{"Node Type": "Bitmap Index Scan", "Parent Relationship": "Outer", "Index Name": "idx_supplier_nation_key", "Startup Cost": 0.0, "Total Cost": 94.25, "Plan Rows": 4000, "Plan Width": 0, "Index Cond": "(s_nationkey = public.nation.n_nationkey)"}]}]}, {"Node Type": "Bitmap Heap Scan", "Parent Relationship": "Inner", "Relation Name": "partsupp", "Alias": "partsupp", "Startup Cost": 1.57, "Total Cost": 9.71, "Plan Rows": 13, "Plan Width": 24, "Recheck Cond": "(ps_suppkey = public.supplier.s_suppkey)", "Plans": [{"Node Type": "Bitmap Index Scan", "Parent Relationship": "Outer", "Index Name": "idx_partsupp_suppkey", "Startup Cost": 0.0, "Total Cost": 1.56, "Plan Rows": 13, "Plan Width": 0, "Index Cond": "(ps_suppkey = public.supplier.s_suppkey)"}]}]}]}, {"Node Type": "Aggregate", "Strategy": "Hashed", "Parent Relationship": "Outer", "Startup Cost": 42836.19, "Total Cost": 43508.44, "Plan Rows": 53780, "Plan Width": 40, "Group By Key": ["public.partsupp.ps_partkey"], "Filter": "(sum((public.partsupp.ps_supplycost * (public.partsupp.ps_availqty)::double precision)) > $2)", "Plans": [{"Node Type": "Nested Loop", "Parent Relationship": "Outer", "Join Type": "Inner", "Startup Cost": 96.82, "Total Cost": 41895.04, "Plan Rows": 53780, "Plan Width": 24, "Inner Unique": false, "Plans": [{"Node Type": "Nested Loop", "Parent Relationship": "Outer", "Join Type": "Inner", "Startup Cost": 95.25, "Total Cost": 2533.35, "Plan Rows": 4000, "Plan Width": 8, "Inner Unique": false, "Plans": [{"Node Type": "Seq Scan", "Parent Relationship": "Outer", "Relation Name": "nation", "Alias": "nation", "Startup Cost": 0.0, "Total Cost": 1.31, "Plan Rows": 1, "Plan Width": 4, "Filter": "(n_name = 'MOZAMBIQUE'::bpchar)"}, {"Node Type": "Bitmap Heap Scan", "Parent Relationship": "Inner", "Relation Name": "supplier", "Alias": "supplier", "Startup Cost": 95.25, "Total Cost": 2492.04, "Plan Rows": 4000, "Plan Width": 12, "Recheck Cond": "(s_nationkey = public.nation.n_nationkey)", "Plans": [{"Node Type": "Bitmap Index Scan", "Parent Relationship": "Outer", "Index Name": "idx_supplier_nation_key", "Startup Cost": 0.0, "Total Cost": 94.25, "Plan Rows": 4000, "Plan Width": 0, "Index Cond": "(s_nationkey = public.nation.n_nationkey)"}]}]}, {"Node Type": "Bitmap Heap Scan", "Parent Relationship": "Inner", "Relation Name": "partsupp", "Alias": "partsupp", "Startup Cost": 1.57, "Total Cost": 9.71, "Plan Rows": 13, "Plan Width": 32, "Recheck Cond": "(ps_suppkey = public.supplier.s_suppkey)", "Plans": [{"Node Type": "Bitmap Index Scan", "Parent Relationship": "Outer", "Index Name": "idx_partsupp_suppkey", "Startup Cost": 0.0, "Total Cost": 1.56, "Plan Rows": 13, "Plan Width": 0, "Index Cond": "(ps_suppkey = public.supplier.s_suppkey)"}]}]}]}]}, "Unique SQL Id": 2932834211, "Planner Runtime": 0}, "explain_analyze_plan": {"Plan": {"Node Type": "Sort", "Startup Cost": 90032.55, "Total Cost": 90167.0, "Plan Rows": 53780, "Plan Width": 40, "Actual Startup Time": 1938.442, "Actual Total Time": 1938.442, "Actual Rows": 0, "Actual Loops": 1, "Sort Key": ["(sum((public.partsupp.ps_supplycost * (public.partsupp.ps_availqty)::double precision))) DESC"], "Sort Method": "quicksort", "Sort Space Used": 25, "Sort Space Type": "Memory", "Plans": [{"Node Type": "Aggregate", "Strategy": "Plain", "Parent Relationship": "exec_init_plan", "Subplan Name": "InitPlan 1 (returns $2)", "Startup Cost": 42298.39, "Total Cost": 42298.4, "Plan Rows": 1, "Plan Width": 24, "Actual Startup Time": 849.92, "Actual Total Time": 849.921, "Actual Rows": 1, "Actual Loops": 1, "Plans": [{"Node Type": "Nested Loop", "Parent Relationship": "Outer", "Join Type": "Inner", "Startup Cost": 96.82, "Total Cost": 41895.04, "Plan Rows": 53780, "Plan Width": 16, "Actual Startup Time": 1.032, "Actual Total Time": 721.537, "Actual Rows": 313920, "Actual Loops": 1, "Inner Unique": false, "Plans": [{"Node Type": "Nested Loop", "Parent Relationship": "Outer", "Join Type": "Inner", "Startup Cost": 95.25, "Total Cost": 2533.35, "Plan Rows": 4000, "Plan Width": 8, "Actual Startup Time": 0.983, "Actual Total Time": 7.832, "Actual Rows": 3924, "Actual Loops": 1, "Inner Unique": false, "Plans": [{"Node Type": "Seq Scan", "Parent Relationship": "Outer", "Relation Name": "nation", "Alias": "nation", "Startup Cost": 0.0, "Total Cost": 1.31, "Plan Rows": 1, "Plan Width": 4, "Actual Startup Time": 0.036, "Actual Total Time": 0.051, "Actual Rows": 1, "Actual Loops": 1, "Filter": "(n_name = 'MOZAMBIQUE'::bpchar)", "Rows Removed by Filter": 24}, {"Node Type": "Bitmap Heap Scan", "Parent Relationship": "Inner", "Relation Name": "supplier", "Alias": "supplier", "Startup Cost": 95.25, "Total Cost": 2492.04, "Plan Rows": 4000, "Plan Width": 12, "Actual Startup Time": 0.939, "Actual Total Time": 6.87, "Actual Rows": 3924, "Actual Loops": 1, "Recheck Cond": "(s_nationkey = public.nation.n_nationkey)", "Rows Removed by Index Recheck": 0, "Exact Heap Blocks": 1895, "Lossy Heap Blocks": 1895, "Plans": [{"Node Type": "Bitmap Index Scan", "Parent Relationship": "Outer", "Index Name": "idx_supplier_nation_key", "Startup Cost": 0.0, "Total Cost": 94.25, "Plan Rows": 4000, "Plan Width": 0, "Actual Startup Time": 0.649, "Actual Total Time": 0.649, "Actual Rows": 3924, "Actual Loops": 1, "Index Cond": "(s_nationkey = public.nation.n_nationkey)"}]}]}, {"Node Type": "Bitmap Heap Scan", "Parent Relationship": "Inner", "Relation Name": "partsupp", "Alias": "partsupp", "Startup Cost": 1.57, "Total Cost": 9.71, "Plan Rows": 13, "Plan Width": 24, "Actual Startup Time": 100.697, "Actual Total Time": 646.011, "Actual Rows": 313920, "Actual Loops": 3924, "Recheck Cond": "(ps_suppkey = public.supplier.s_suppkey)", "Rows Removed by Index Recheck": 0, "Exact Heap Blocks": 313920, "Lossy Heap Blocks": 313920, "Plans": [{"Node Type": "Bitmap Index Scan", "Parent Relationship": "Outer", "Index Name": "idx_partsupp_suppkey", "Startup Cost": 0.0, "Total Cost": 1.56, "Plan Rows": 13, "Plan Width": 0, "Actual Startup Time": 62.61, "Actual Total Time": 62.61, "Actual Rows": 313920, "Actual Loops": 3924, "Index Cond": "(ps_suppkey = public.supplier.s_suppkey)"}]}]}]}, {"Node Type": "Aggregate", "Strategy": "Hashed", "Parent Relationship": "Outer", "Startup Cost": 42836.19, "Total Cost": 43508.44, "Plan Rows": 53780, "Plan Width": 40, "Actual Startup Time": 1938.021, "Actual Total Time": 1938.021, "Actual Rows": 0, "Actual Loops": 1, "Group By Key": ["public.partsupp.ps_partkey"], "Filter": "(sum((public.partsupp.ps_supplycost * (public.partsupp.ps_availqty)::double precision)) > $2)", "Rows Removed by Filter": 295792, "Plans": [{"Node Type": "Nested Loop", "Parent Relationship": "Outer", "Join Type": "Inner", "Startup Cost": 96.82, "Total Cost": 41895.04, "Plan Rows": 53780, "Plan Width": 24, "Actual Startup Time": 0.995, "Actual Total Time": 708.938, "Actual Rows": 313920, "Actual Loops": 1, "Inner Unique": false, "Plans": [{"Node Type": "Nested Loop", "Parent Relationship": "Outer", "Join Type": "Inner", "Startup Cost": 95.25, "Total Cost": 2533.35, "Plan Rows": 4000, "Plan Width": 8, "Actual Startup Time": 0.951, "Actual Total Time": 7.412, "Actual Rows": 3924, "Actual Loops": 1, "Inner Unique": false, "Plans": [{"Node Type": "Seq Scan", "Parent Relationship": "Outer", "Relation Name": "nation", "Alias": "nation", "Startup Cost": 0.0, "Total Cost": 1.31, "Plan Rows": 1, "Plan Width": 4, "Actual Startup Time": 0.031, "Actual Total Time": 0.045, "Actual Rows": 1, "Actual Loops": 1, "Filter": "(n_name = 'MOZAMBIQUE'::bpchar)", "Rows Removed by Filter": 24}, {"Node Type": "Bitmap Heap Scan", "Parent Relationship": "Inner", "Relation Name": "supplier", "Alias": "supplier", "Startup Cost": 95.25, "Total Cost": 2492.04, "Plan Rows": 4000, "Plan Width": 12, "Actual Startup Time": 0.912, "Actual Total Time": 6.426, "Actual Rows": 3924, "Actual Loops": 1, "Recheck Cond": "(s_nationkey = public.nation.n_nationkey)", "Rows Removed by Index Recheck": 0, "Exact Heap Blocks": 1895, "Lossy Heap Blocks": 1895, "Plans": [{"Node Type": "Bitmap Index Scan", "Parent Relationship": "Outer", "Index Name": "idx_supplier_nation_key", "Startup Cost": 0.0, "Total Cost": 94.25, "Plan Rows": 4000, "Plan Width": 0, "Actual Startup Time": 0.632, "Actual Total Time": 0.632, "Actual Rows": 3924, "Actual Loops": 1, "Index Cond": "(s_nationkey = public.nation.n_nationkey)"}]}]}, {"Node Type": "Bitmap Heap Scan", "Parent Relationship": "Inner", "Relation Name": "partsupp", "Alias": "partsupp", "Startup Cost": 1.57, "Total Cost": 9.71, "Plan Rows": 13, "Plan Width": 32, "Actual Startup Time": 100.385, "Actual Total Time": 627.624, "Actual Rows": 313920, "Actual Loops": 3924, "Recheck Cond": "(ps_suppkey = public.supplier.s_suppkey)", "Rows Removed by Index Recheck": 0, "Exact Heap Blocks": 313920, "Lossy Heap Blocks": 313920, "Plans": [{"Node Type": "Bitmap Index Scan", "Parent Relationship": "Outer", "Index Name": "idx_partsupp_suppkey", "Startup Cost": 0.0, "Total Cost": 1.56, "Plan Rows": 13, "Plan Width": 0, "Actual Startup Time": 62.318, "Actual Total Time": 62.318, "Actual Rows": 313920, "Actual Loops": 3924, "Index Cond": "(ps_suppkey = public.supplier.s_suppkey)"}]}]}]}]}, "Triggers": [], "Planner Runtime": 0, "Total Runtime": 1938.921, "Unique SQL Id": 2932834211}}, "(64, 103)": {"explain_plan": {"Plan": {"Node Type": "Sort", "Startup Cost": 2000084159245.82, "Total Cost": 2000084159380.27, "Plan Rows": 53780, "Plan Width": 40, "Sort Key": ["(sum((public.partsupp.ps_supplycost * (public.partsupp.ps_availqty)::double precision))) DESC"], "Plans": [{"Node Type": "Aggregate", "Strategy": "Plain", "Parent Relationship": "exec_init_plan", "Subplan Name": "InitPlan 1 (returns $2)", "Startup Cost": 1000001001502.42, "Total Cost": 1000001001502.43, "Plan Rows": 1, "Plan Width": 24, "Plans": [{"Node Type": "Nested Loop", "Parent Relationship": "Outer", "Join Type": "Inner", "Startup Cost": 10000000001.83, "Total Cost": 1000001001099.07, "Plan Rows": 53780, "Plan Width": 16, "Inner Unique": false, "Plans": [{"Node Type": "Nested Loop", "Parent Relationship": "Outer", "Join Type": "Inner", "Startup Cost": 10000000000.26, "Total Cost": 1000000961737.38, "Plan Rows": 4000, "Plan Width": 8, "Inner Unique": true, "Plans": [{"Node Type": "Index Scan", "Parent Relationship": "Outer", "Scan Direction": "Forward", "Index Name": "supplier_pkey", "Relation Name": "supplier", "Alias": "supplier", "Startup Cost": 10000000000.0, "Total Cost": 1000000533454.38, "Plan Rows": 100000, "Plan Width": 12}, {"Node Type": "Bitmap Heap Scan", "Parent Relationship": "Inner", "Relation Name": "nation", "Alias": "nation", "Startup Cost": 0.26, "Total Cost": 4.27, "Plan Rows": 1, "Plan Width": 4, "Recheck Cond": "(n_nationkey = public.supplier.s_nationkey)", "Filter": "(n_name = 'MOZAMBIQUE'::bpchar)", "Plans": [{"Node Type": "Bitmap Index Scan", "Parent Relationship": "Outer", "Index Name": "nation_pkey", "Startup Cost": 0.0, "Total Cost": 0.26, "Plan Rows": 1, "Plan Width": 0, "Index Cond": "(n_nationkey = public.supplier.s_nationkey)"}]}]}, {"Node Type": "Bitmap Heap Scan", "Parent Relationship": "Inner", "Relation Name": "partsupp", "Alias": "partsupp", "Startup Cost": 1.57, "Total Cost": 9.71, "Plan Rows": 13, "Plan Width": 24, "Recheck Cond": "(ps_suppkey = public.supplier.s_suppkey)", "Plans": [{"Node Type": "Bitmap Index Scan", "Parent Relationship": "Outer", "Index Name": "idx_partsupp_suppkey", "Startup Cost": 0.0, "Total Cost": 1.56, "Plan Rows": 13, "Plan Width": 0, "Index Cond": "(ps_suppkey = public.supplier.s_suppkey)"}]}]}]}, {"Node Type": "Aggregate", "Strategy": "Hashed", "Parent Relationship": "Outer", "Startup Cost": 1000083152845.44, "Total Cost": 1000083153517.69, "Plan Rows": 53780, "Plan Width": 40, "Group By Key": ["public.partsupp.ps_partkey"], "Filter": "(sum((public.partsupp.ps_supplycost * (public.partsupp.ps_availqty)::double precision)) > $2)", "Plans": [{"Node Type": "Nested Loop", "Parent Relationship": "Outer", "Join Type": "Inner", "Startup Cost": 10000000000.52, "Total Cost": 1000083151904.29, "Plan Rows": 53780, "Plan Width": 24, "Inner Unique": true, "Plans": [{"Node Type": "Nested Loop", "Parent Relationship": "Outer", "Join Type": "Inner", "Startup Cost": 10000000000.26, "Total Cost": 1000077393643.64, "Plan Rows": 1344499, "Plan Width": 28, "Inner Unique": true, "Plans": [{"Node Type": "Index Scan", "Parent Relationship": "Outer", "Scan Direction": "Forward", "Index Name": "idx_partsupp_partkey", "Relation Name": "partsupp", "Alias": "partsupp", "Startup Cost": 10000000000.0, "Total Cost": 1000043148503.38, "Plan Rows": 8000372, "Plan Width": 32}, {"Node Type": "Bitmap Heap Scan", "Parent Relationship": "Inner", "Relation Name": "supplier", "Alias": "supplier", "Startup Cost": 0.26, "Total Cost": 4.27, "Plan Rows": 1, "Plan Width": 12, "Recheck Cond": "(s_suppkey = public.partsupp.ps_suppkey)", "Plans": [{"Node Type": "Bitmap Index Scan", "Parent Relationship": "Outer", "Index Name": "supplier_pkey", "Startup Cost": 0.0, "Total Cost": 0.26, "Plan Rows": 1, "Plan Width": 0, "Index Cond": "(s_suppkey = public.partsupp.ps_suppkey)"}]}]}, {"Node Type": "Bitmap Heap Scan", "Parent Relationship": "Inner", "Relation Name": "nation", "Alias": "nation", "Startup Cost": 0.26, "Total Cost": 4.27, "Plan Rows": 1, "Plan Width": 4, "Recheck Cond": "(n_nationkey = public.supplier.s_nationkey)", "Filter": "(n_name = 'MOZAMBIQUE'::bpchar)", "Plans": [{"Node Type": "Bitmap Index Scan", "Parent Relationship": "Outer", "Index Name": "nation_pkey", "Startup Cost": 0.0, "Total Cost": 0.26, "Plan Rows": 1, "Plan Width": 0, "Index Cond": "(n_nationkey = public.supplier.s_nationkey)"}]}]}]}]}, "Unique SQL Id": 2932834211, "Planner Runtime": 0}, "explain_analyze_plan": null}, "(64, 104)": {"explain_plan": {"Plan": {"Node Type": "Sort", "Startup Cost": 89040.3, "Total Cost": 89174.75, "Plan Rows": 53780, "Plan Width": 40, "Sort Key": ["(sum((public.partsupp.ps_supplycost * (public.partsupp.ps_availqty)::double precision))) DESC"], "Plans": [{"Node Type": "Aggregate", "Strategy": "Plain", "Parent Relationship": "exec_init_plan", "Subplan Name": "InitPlan 1 (returns $1)", "Startup Cost": 41802.27, "Total Cost": 41802.28, "Plan Rows": 1, "Plan Width": 24, "Plans": [{"Node Type": "Nested Loop", "Parent Relationship": "Outer", "Join Type": "Inner", "Startup Cost": 1.32, "Total Cost": 41398.92, "Plan Rows": 53780, "Plan Width": 16, "Inner Unique": false, "Plans": [{"Node Type": "Hash Join", "Parent Relationship": "Outer", "Join Type": "Inner", "Startup Cost": 1.32, "Total Cost": 3574.95, "Plan Rows": 4000, "Plan Width": 8, "Inner Unique": true, "Hash Cond": "(public.supplier.s_nationkey = public.nation.n_nationkey)", "Plans": [{"Node Type": "Seq Scan", "Parent Relationship": "Outer", "Relation Name": "supplier", "Alias": "supplier", "Startup Cost": 0.0, "Total Cost": 3283.0, "Plan Rows": 100000, "Plan Width": 12}, {"Node Type": "Hash", "Parent Relationship": "Inner", "Startup Cost": 1.31, "Total Cost": 1.31, "Plan Rows": 1, "Plan Width": 4, "Plans": [{"Node Type": "Seq Scan", "Parent Relationship": "Outer", "Relation Name": "nation", "Alias": "nation", "Startup Cost": 0.0, "Total Cost": 1.31, "Plan Rows": 1, "Plan Width": 4, "Filter": "(n_name = 'MOZAMBIQUE'::bpchar)"}]}]}, {"Node Type": "Index Scan", "Parent Relationship": "Inner", "Scan Direction": "Forward", "Index Name": "idx_partsupp_suppkey", "Relation Name": "partsupp", "Alias": "partsupp", "Startup Cost": 0.0, "Total Cost": 9.33, "Plan Rows": 13, "Plan Width": 24, "Index Cond": "(ps_suppkey = public.supplier.s_suppkey)"}]}]}, {"Node Type": "Aggregate", "Strategy": "Hashed", "Parent Relationship": "Outer", "Startup Cost": 42340.07, "Total Cost": 43012.32, "Plan Rows": 53780, "Plan Width": 40, "Group By Key": ["public.partsupp.ps_partkey"], "Filter": "(sum((public.partsupp.ps_supplycost * (public.partsupp.ps_availqty)::double precision)) > $1)", "Plans": [{"Node Type": "Nested Loop", "Parent Relationship": "Outer", "Join Type": "Inner", "Startup Cost": 1.32, "Total Cost": 41398.92, "Plan Rows": 53780, "Plan Width": 24, "Inner Unique": false, "Plans": [{"Node Type": "Hash Join", "Parent Relationship": "Outer", "Join Type": "Inner", "Startup Cost": 1.32, "Total Cost": 3574.95, "Plan Rows": 4000, "Plan Width": 8, "Inner Unique": true, "Hash Cond": "(public.supplier.s_nationkey = public.nation.n_nationkey)", "Plans": [{"Node Type": "Seq Scan", "Parent Relationship": "Outer", "Relation Name": "supplier", "Alias": "supplier", "Startup Cost": 0.0, "Total Cost": 3283.0, "Plan Rows": 100000, "Plan Width": 12}, {"Node Type": "Hash", "Parent Relationship": "Inner", "Startup Cost": 1.31, "Total Cost": 1.31, "Plan Rows": 1, "Plan Width": 4, "Plans": [{"Node Type": "Seq Scan", "Parent Relationship": "Outer", "Relation Name": "nation", "Alias": "nation", "Startup Cost": 0.0, "Total Cost": 1.31, "Plan Rows": 1, "Plan Width": 4, "Filter": "(n_name = 'MOZAMBIQUE'::bpchar)"}]}]}, {"Node Type": "Index Scan", "Parent Relationship": "Inner", "Scan Direction": "Forward", "Index Name": "idx_partsupp_suppkey", "Relation Name": "partsupp", "Alias": "partsupp", "Startup Cost": 0.0, "Total Cost": 9.33, "Plan Rows": 13, "Plan Width": 32, "Index Cond": "(ps_suppkey = public.supplier.s_suppkey)"}]}]}]}, "Unique SQL Id": 2932834211, "Planner Runtime": 0}, "explain_analyze_plan": {"Plan": {"Node Type": "Sort", "Startup Cost": 89040.3, "Total Cost": 89174.75, "Plan Rows": 53780, "Plan Width": 40, "Actual Startup Time": 1952.782, "Actual Total Time": 1952.782, "Actual Rows": 0, "Actual Loops": 1, "Sort Key": ["(sum((public.partsupp.ps_supplycost * (public.partsupp.ps_availqty)::double precision))) DESC"], "Sort Method": "quicksort", "Sort Space Used": 25, "Sort Space Type": "Memory", "Plans": [{"Node Type": "Aggregate", "Strategy": "Plain", "Parent Relationship": "exec_init_plan", "Subplan Name": "InitPlan 1 (returns $1)", "Startup Cost": 41802.27, "Total Cost": 41802.28, "Plan Rows": 1, "Plan Width": 24, "Actual Startup Time": 837.224, "Actual Total Time": 837.225, "Actual Rows": 1, "Actual Loops": 1, "Plans": [{"Node Type": "Nested Loop", "Parent Relationship": "Outer", "Join Type": "Inner", "Startup Cost": 1.32, "Total Cost": 41398.92, "Plan Rows": 53780, "Plan Width": 16, "Actual Startup Time": 0.143, "Actual Total Time": 702.51, "Actual Rows": 313920, "Actual Loops": 1, "Inner Unique": false, "Plans": [{"Node Type": "Hash Join", "Parent Relationship": "Outer", "Join Type": "Inner", "Startup Cost": 1.32, "Total Cost": 3574.95, "Plan Rows": 4000, "Plan Width": 8, "Actual Startup Time": 0.118, "Actual Total Time": 51.636, "Actual Rows": 3924, "Actual Loops": 1, "Inner Unique": true, "Hash Cond": "(public.supplier.s_nationkey = public.nation.n_nationkey)", "Plans": [{"Node Type": "Seq Scan", "Parent Relationship": "Outer", "Relation Name": "supplier", "Alias": "supplier", "Startup Cost": 0.0, "Total Cost": 3283.0, "Plan Rows": 100000, "Plan Width": 12, "Actual Startup Time": 0.015, "Actual Total Time": 29.225, "Actual Rows": 100000, "Actual Loops": 1}, {"Node Type": "Hash", "Parent Relationship": "Inner", "Startup Cost": 1.31, "Total Cost": 1.31, "Plan Rows": 1, "Plan Width": 4, "Actual Startup Time": 0.035, "Actual Total Time": 0.035, "Actual Rows": 1, "Actual Loops": 1, "Hash Buckets": 32768, "Hash Batches": 1, "Original Hash Batches": 1, "Peak Memory Usage": 1, "Plans": [{"Node Type": "Seq Scan", "Parent Relationship": "Outer", "Relation Name": "nation", "Alias": "nation", "Startup Cost": 0.0, "Total Cost": 1.31, "Plan Rows": 1, "Plan Width": 4, "Actual Startup Time": 0.022, "Actual Total Time": 0.024, "Actual Rows": 1, "Actual Loops": 1, "Filter": "(n_name = 'MOZAMBIQUE'::bpchar)", "Rows Removed by Filter": 24}]}]}, {"Node Type": "Index Scan", "Parent Relationship": "Inner", "Scan Direction": "Forward", "Index Name": "idx_partsupp_suppkey", "Relation Name": "partsupp", "Alias": "partsupp", "Startup Cost": 0.0, "Total Cost": 9.33, "Plan Rows": 13, "Plan Width": 24, "Actual Startup Time": 48.923, "Actual Total Time": 582.649, "Actual Rows": 313920, "Actual Loops": 3924, "Index Cond": "(ps_suppkey = public.supplier.s_suppkey)", "Rows Removed by Index Recheck": 0}]}]}, {"Node Type": "Aggregate", "Strategy": "Hashed", "Parent Relationship": "Outer", "Startup Cost": 42340.07, "Total Cost": 43012.32, "Plan Rows": 53780, "Plan Width": 40, "Actual Startup Time": 1952.345, "Actual Total Time": 1952.345, "Actual Rows": 0, "Actual Loops": 1, "Group By Key": ["public.partsupp.ps_partkey"], "Filter": "(sum((public.partsupp.ps_supplycost * (public.partsupp.ps_availqty)::double precision)) > $1)", "Rows Removed by Filter": 295792, "Plans": [{"Node Type": "Nested Loop", "Parent Relationship": "Outer", "Join Type": "Inner", "Startup Cost": 1.32, "Total Cost": 41398.92, "Plan Rows": 53780, "Plan Width": 24, "Actual Startup Time": 0.115, "Actual Total Time": 704.981, "Actual Rows": 313920, "Actual Loops": 1, "Inner Unique": false, "Plans": [{"Node Type": "Hash Join", "Parent Relationship": "Outer", "Join Type": "Inner", "Startup Cost": 1.32, "Total Cost": 3574.95, "Plan Rows": 4000, "Plan Width": 8, "Actual Startup Time": 0.092, "Actual Total Time": 52.151, "Actual Rows": 3924, "Actual Loops": 1, "Inner Unique": true, "Hash Cond": "(public.supplier.s_nationkey = public.nation.n_nationkey)", "Plans": [{"Node Type": "Seq Scan", "Parent Relationship": "Outer", "Relation Name": "supplier", "Alias": "supplier", "Startup Cost": 0.0, "Total Cost": 3283.0, "Plan Rows": 100000, "Plan Width": 12, "Actual Startup Time": 0.018, "Actual Total Time": 29.388, "Actual Rows": 100000, "Actual Loops": 1}, {"Node Type": "Hash", "Parent Relationship": "Inner", "Startup Cost": 1.31, "Total Cost": 1.31, "Plan Rows": 1, "Plan Width": 4, "Actual Startup Time": 0.028, "Actual Total Time": 0.028, "Actual Rows": 1, "Actual Loops": 1, "Hash Buckets": 32768, "Hash Batches": 1, "Original Hash Batches": 1, "Peak Memory Usage": 1, "Plans": [{"Node Type": "Seq Scan", "Parent Relationship": "Outer", "Relation Name": "nation", "Alias": "nation", "Startup Cost": 0.0, "Total Cost": 1.31, "Plan Rows": 1, "Plan Width": 4, "Actual Startup Time": 0.019, "Actual Total Time": 0.022, "Actual Rows": 1, "Actual Loops": 1, "Filter": "(n_name = 'MOZAMBIQUE'::bpchar)", "Rows Removed by Filter": 24}]}]}, {"Node Type": "Index Scan", "Parent Relationship": "Inner", "Scan Direction": "Forward", "Index Name": "idx_partsupp_suppkey", "Relation Name": "partsupp", "Alias": "partsupp", "Startup Cost": 0.0, "Total Cost": 9.33, "Plan Rows": 13, "Plan Width": 32, "Actual Startup Time": 48.312, "Actual Total Time": 581.52, "Actual Rows": 313920, "Actual Loops": 3924, "Index Cond": "(ps_suppkey = public.supplier.s_suppkey)", "Rows Removed by Index Recheck": 0}]}]}]}, "Triggers": [], "Planner Runtime": 1, "Total Runtime": 1953.092, "Unique SQL Id": 2932834211}}, "(64, 105)": {"explain_plan": {"Plan": {"Node Type": "Sort", "Startup Cost": 93166.14, "Total Cost": 93300.59, "Plan Rows": 53780, "Plan Width": 40, "Sort Key": ["(sum((public.partsupp.ps_supplycost * (public.partsupp.ps_availqty)::double precision))) DESC"], "Plans": [{"Node Type": "Aggregate", "Strategy": "Plain", "Parent Relationship": "exec_init_plan", "Subplan Name": "InitPlan 1 (returns $1)", "Startup Cost": 43865.19, "Total Cost": 43865.2, "Plan Rows": 1, "Plan Width": 24, "Plans": [{"Node Type": "Nested Loop", "Parent Relationship": "Outer", "Join Type": "Inner", "Startup Cost": 12.7, "Total Cost": 43461.84, "Plan Rows": 53780, "Plan Width": 16, "Inner Unique": false, "Plans": [{"Node Type": "Hash Join", "Parent Relationship": "Outer", "Join Type": "Inner", "Startup Cost": 12.7, "Total Cost": 5637.87, "Plan Rows": 4000, "Plan Width": 8, "Inner Unique": true, "Hash Cond": "(public.supplier.s_nationkey = public.nation.n_nationkey)", "Plans": [{"Node Type": "Index Scan", "Parent Relationship": "Outer", "Scan Direction": "Forward", "Index Name": "supplier_pkey", "Relation Name": "supplier", "Alias": "supplier", "Startup Cost": 0.0, "Total Cost": 5334.54, "Plan Rows": 100000, "Plan Width": 12}, {"Node Type": "Hash", "Parent Relationship": "Inner", "Startup Cost": 12.69, "Total Cost": 12.69, "Plan Rows": 1, "Plan Width": 4, "Plans": [{"Node Type": "Index Scan", "Parent Relationship": "Outer", "Scan Direction": "Forward", "Index Name": "nation_pkey", "Relation Name": "nation", "Alias": "nation", "Startup Cost": 0.0, "Total Cost": 12.69, "Plan Rows": 1, "Plan Width": 4, "Filter": "(n_name = 'MOZAMBIQUE'::bpchar)"}]}]}, {"Node Type": "Index Scan", "Parent Relationship": "Inner", "Scan Direction": "Forward", "Index Name": "idx_partsupp_suppkey", "Relation Name": "partsupp", "Alias": "partsupp", "Startup Cost": 0.0, "Total Cost": 9.33, "Plan Rows": 13, "Plan Width": 24, "Index Cond": "(ps_suppkey = public.supplier.s_suppkey)"}]}]}, {"Node Type": "Aggregate", "Strategy": "Hashed", "Parent Relationship": "Outer", "Startup Cost": 44402.99, "Total Cost": 45075.24, "Plan Rows": 53780, "Plan Width": 40, "Group By Key": ["public.partsupp.ps_partkey"], "Filter": "(sum((public.partsupp.ps_supplycost * (public.partsupp.ps_availqty)::double precision)) > $1)", "Plans": [{"Node Type": "Nested Loop", "Parent Relationship": "Outer", "Join Type": "Inner", "Startup Cost": 12.7, "Total Cost": 43461.84, "Plan Rows": 53780, "Plan Width": 24, "Inner Unique": false, "Plans": [{"Node Type": "Hash Join", "Parent Relationship": "Outer", "Join Type": "Inner", "Startup Cost": 12.7, "Total Cost": 5637.87, "Plan Rows": 4000, "Plan Width": 8, "Inner Unique": true, "Hash Cond": "(public.supplier.s_nationkey = public.nation.n_nationkey)", "Plans": [{"Node Type": "Index Scan", "Parent Relationship": "Outer", "Scan Direction": "Forward", "Index Name": "supplier_pkey", "Relation Name": "supplier", "Alias": "supplier", "Startup Cost": 0.0, "Total Cost": 5334.54, "Plan Rows": 100000, "Plan Width": 12}, {"Node Type": "Hash", "Parent Relationship": "Inner", "Startup Cost": 12.69, "Total Cost": 12.69, "Plan Rows": 1, "Plan Width": 4, "Plans": [{"Node Type": "Index Scan", "Parent Relationship": "Outer", "Scan Direction": "Forward", "Index Name": "nation_pkey", "Relation Name": "nation", "Alias": "nation", "Startup Cost": 0.0, "Total Cost": 12.69, "Plan Rows": 1, "Plan Width": 4, "Filter": "(n_name = 'MOZAMBIQUE'::bpchar)"}]}]}, {"Node Type": "Index Scan", "Parent Relationship": "Inner", "Scan Direction": "Forward", "Index Name": "idx_partsupp_suppkey", "Relation Name": "partsupp", "Alias": "partsupp", "Startup Cost": 0.0, "Total Cost": 9.33, "Plan Rows": 13, "Plan Width": 32, "Index Cond": "(ps_suppkey = public.supplier.s_suppkey)"}]}]}]}, "Unique SQL Id": 2932834211, "Planner Runtime": 0}, "explain_analyze_plan": {"Plan": {"Node Type": "Sort", "Startup Cost": 93166.14, "Total Cost": 93300.59, "Plan Rows": 53780, "Plan Width": 40, "Actual Startup Time": 2174.384, "Actual Total Time": 2174.384, "Actual Rows": 0, "Actual Loops": 1, "Sort Key": ["(sum((public.partsupp.ps_supplycost * (public.partsupp.ps_availqty)::double precision))) DESC"], "Sort Method": "quicksort", "Sort Space Used": 25, "Sort Space Type": "Memory", "Plans": [{"Node Type": "Aggregate", "Strategy": "Plain", "Parent Relationship": "exec_init_plan", "Subplan Name": "InitPlan 1 (returns $1)", "Startup Cost": 43865.19, "Total Cost": 43865.2, "Plan Rows": 1, "Plan Width": 24, "Actual Startup Time": 1034.184, "Actual Total Time": 1034.185, "Actual Rows": 1, "Actual Loops": 1, "Plans": [{"Node Type": "Nested Loop", "Parent Relationship": "Outer", "Join Type": "Inner", "Startup Cost": 12.7, "Total Cost": 43461.84, "Plan Rows": 53780, "Plan Width": 16, "Actual Startup Time": 0.174, "Actual Total Time": 897.373, "Actual Rows": 313920, "Actual Loops": 1, "Inner Unique": false, "Plans": [{"Node Type": "Hash Join", "Parent Relationship": "Outer", "Join Type": "Inner", "Startup Cost": 12.7, "Total Cost": 5637.87, "Plan Rows": 4000, "Plan Width": 8, "Actual Startup Time": 0.145, "Actual Total Time": 91.714, "Actual Rows": 3924, "Actual Loops": 1, "Inner Unique": true, "Hash Cond": "(public.supplier.s_nationkey = public.nation.n_nationkey)", "Plans": [{"Node Type": "Index Scan", "Parent Relationship": "Outer", "Scan Direction": "Forward", "Index Name": "supplier_pkey", "Relation Name": "supplier", "Alias": "supplier", "Startup Cost": 0.0, "Total Cost": 5334.54, "Plan Rows": 100000, "Plan Width": 12, "Actual Startup Time": 0.031, "Actual Total Time": 70.685, "Actual Rows": 100000, "Actual Loops": 1}, {"Node Type": "Hash", "Parent Relationship": "Inner", "Startup Cost": 12.69, "Total Cost": 12.69, "Plan Rows": 1, "Plan Width": 4, "Actual Startup Time": 0.046, "Actual Total Time": 0.046, "Actual Rows": 1, "Actual Loops": 1, "Hash Buckets": 32768, "Hash Batches": 1, "Original Hash Batches": 1, "Peak Memory Usage": 1, "Plans": [{"Node Type": "Index Scan", "Parent Relationship": "Outer", "Scan Direction": "Forward", "Index Name": "nation_pkey", "Relation Name": "nation", "Alias": "nation", "Startup Cost": 0.0, "Total Cost": 12.69, "Plan Rows": 1, "Plan Width": 4, "Actual Startup Time": 0.031, "Actual Total Time": 0.038, "Actual Rows": 1, "Actual Loops": 1, "Filter": "(n_name = 'MOZAMBIQUE'::bpchar)", "Rows Removed by Filter": 24}]}]}, {"Node Type": "Index Scan", "Parent Relationship": "Inner", "Scan Direction": "Forward", "Index Name": "idx_partsupp_suppkey", "Relation Name": "partsupp", "Alias": "partsupp", "Startup Cost": 0.0, "Total Cost": 9.33, "Plan Rows": 13, "Plan Width": 24, "Actual Startup Time": 57.484, "Actual Total Time": 738.465, "Actual Rows": 313920, "Actual Loops": 3924, "Index Cond": "(ps_suppkey = public.supplier.s_suppkey)", "Rows Removed by Index Recheck": 0}]}]}, {"Node Type": "Aggregate", "Strategy": "Hashed", "Parent Relationship": "Outer", "Startup Cost": 44402.99, "Total Cost": 45075.24, "Plan Rows": 53780, "Plan Width": 40, "Actual Startup Time": 2173.992, "Actual Total Time": 2173.992, "Actual Rows": 0, "Actual Loops": 1, "Group By Key": ["public.partsupp.ps_partkey"], "Filter": "(sum((public.partsupp.ps_supplycost * (public.partsupp.ps_availqty)::double precision)) > $1)", "Rows Removed by Filter": 295792, "Plans": [{"Node Type": "Nested Loop", "Parent Relationship": "Outer", "Join Type": "Inner", "Startup Cost": 12.7, "Total Cost": 43461.84, "Plan Rows": 53780, "Plan Width": 24, "Actual Startup Time": 0.137, "Actual Total Time": 737.983, "Actual Rows": 313920, "Actual Loops": 1, "Inner Unique": false, "Plans": [{"Node Type": "Hash Join", "Parent Relationship": "Outer", "Join Type": "Inner", "Startup Cost": 12.7, "Total Cost": 5637.87, "Plan Rows": 4000, "Plan Width": 8, "Actual Startup Time": 0.116, "Actual Total Time": 79.01, "Actual Rows": 3924, "Actual Loops": 1, "Inner Unique": true, "Hash Cond": "(public.supplier.s_nationkey = public.nation.n_nationkey)", "Plans": [{"Node Type": "Index Scan", "Parent Relationship": "Outer", "Scan Direction": "Forward", "Index Name": "supplier_pkey", "Relation Name": "supplier", "Alias": "supplier", "Startup Cost": 0.0, "Total Cost": 5334.54, "Plan Rows": 100000, "Plan Width": 12, "Actual Startup Time": 0.027, "Actual Total Time": 57.603, "Actual Rows": 100000, "Actual Loops": 1}, {"Node Type": "Hash", "Parent Relationship": "Inner", "Startup Cost": 12.69, "Total Cost": 12.69, "Plan Rows": 1, "Plan Width": 4, "Actual Startup Time": 0.036, "Actual Total Time": 0.036, "Actual Rows": 1, "Actual Loops": 1, "Hash Buckets": 32768, "Hash Batches": 1, "Original Hash Batches": 1, "Peak Memory Usage": 1, "Plans": [{"Node Type": "Index Scan", "Parent Relationship": "Outer", "Scan Direction": "Forward", "Index Name": "nation_pkey", "Relation Name": "nation", "Alias": "nation", "Startup Cost": 0.0, "Total Cost": 12.69, "Plan Rows": 1, "Plan Width": 4, "Actual Startup Time": 0.023, "Actual Total Time": 0.029, "Actual Rows": 1, "Actual Loops": 1, "Filter": "(n_name = 'MOZAMBIQUE'::bpchar)", "Rows Removed by Filter": 24}]}]}, {"Node Type": "Index Scan", "Parent Relationship": "Inner", "Scan Direction": "Forward", "Index Name": "idx_partsupp_suppkey", "Relation Name": "partsupp", "Alias": "partsupp", "Startup Cost": 0.0, "Total Cost": 9.33, "Plan Rows": 13, "Plan Width": 32, "Actual Startup Time": 47.877, "Actual Total Time": 587.276, "Actual Rows": 313920, "Actual Loops": 3924, "Index Cond": "(ps_suppkey = public.supplier.s_suppkey)", "Rows Removed by Index Recheck": 0}]}]}]}, "Triggers": [], "Planner Runtime": 0, "Total Runtime": 2174.678, "Unique SQL Id": 2932834211}}, "(64, 106)": {"explain_plan": {"Plan": {"Node Type": "Sort", "Startup Cost": 614546.2, "Total Cost": 614680.65, "Plan Rows": 53780, "Plan Width": 40, "Sort Key": ["(sum((public.partsupp.ps_supplycost * (public.partsupp.ps_availqty)::double precision))) DESC"], "Plans": [{"Node Type": "Aggregate", "Strategy": "Plain", "Parent Relationship": "exec_init_plan", "Subplan Name": "InitPlan 1 (returns $0)", "Startup Cost": 304555.21, "Total Cost": 304555.23, "Plan Rows": 1, "Plan Width": 24, "Plans": [{"Node Type": "Hash Join", "Parent Relationship": "Outer", "Join Type": "Inner", "Startup Cost": 3624.95, "Total Cost": 304151.86, "Plan Rows": 53780, "Plan Width": 16, "Inner Unique": false, "Hash Cond": "(public.partsupp.ps_suppkey = public.supplier.s_suppkey)", "Plans": [{"Node Type": "Seq Scan", "Parent Relationship": "Outer", "Relation Name": "partsupp", "Alias": "partsupp", "Startup Cost": 0.0, "Total Cost": 269987.72, "Plan Rows": 8000372, "Plan Width": 24}, {"Node Type": "Hash", "Parent Relationship": "Inner", "Startup Cost": 3574.95, "Total Cost": 3574.95, "Plan Rows": 4000, "Plan Width": 8, "Plans": [{"Node Type": "Hash Join", "Parent Relationship": "Outer", "Join Type": "Inner", "Startup Cost": 1.32, "Total Cost": 3574.95, "Plan Rows": 4000, "Plan Width": 8, "Inner Unique": true, "Hash Cond": "(public.supplier.s_nationkey = public.nation.n_nationkey)", "Plans": [{"Node Type": "Seq Scan", "Parent Relationship": "Outer", "Relation Name": "supplier", "Alias": "supplier", "Startup Cost": 0.0, "Total Cost": 3283.0, "Plan Rows": 100000, "Plan Width": 12}, {"Node Type": "Hash", "Parent Relationship": "Inner", "Startup Cost": 1.31, "Total Cost": 1.31, "Plan Rows": 1, "Plan Width": 4, "Plans": [{"Node Type": "Seq Scan", "Parent Relationship": "Outer", "Relation Name": "nation", "Alias": "nation", "Startup Cost": 0.0, "Total Cost": 1.31, "Plan Rows": 1, "Plan Width": 4, "Filter": "(n_name = 'MOZAMBIQUE'::bpchar)"}]}]}]}]}]}, {"Node Type": "Aggregate", "Strategy": "Hashed", "Parent Relationship": "Outer", "Startup Cost": 305093.02, "Total Cost": 305765.27, "Plan Rows": 53780, "Plan Width": 40, "Group By Key": ["public.partsupp.ps_partkey"], "Filter": "(sum((public.partsupp.ps_supplycost * (public.partsupp.ps_availqty)::double precision)) > $0)", "Plans": [{"Node Type": "Hash Join", "Parent Relationship": "Outer", "Join Type": "Inner", "Startup Cost": 3624.95, "Total Cost": 304151.86, "Plan Rows": 53780, "Plan Width": 24, "Inner Unique": false, "Hash Cond": "(public.partsupp.ps_suppkey = public.supplier.s_suppkey)", "Plans": [{"Node Type": "Seq Scan", "Parent Relationship": "Outer", "Relation Name": "partsupp", "Alias": "partsupp", "Startup Cost": 0.0, "Total Cost": 269987.72, "Plan Rows": 8000372, "Plan Width": 32}, {"Node Type": "Hash", "Parent Relationship": "Inner", "Startup Cost": 3574.95, "Total Cost": 3574.95, "Plan Rows": 4000, "Plan Width": 8, "Plans": [{"Node Type": "Hash Join", "Parent Relationship": "Outer", "Join Type": "Inner", "Startup Cost": 1.32, "Total Cost": 3574.95, "Plan Rows": 4000, "Plan Width": 8, "Inner Unique": true, "Hash Cond": "(public.supplier.s_nationkey = public.nation.n_nationkey)", "Plans": [{"Node Type": "Seq Scan", "Parent Relationship": "Outer", "Relation Name": "supplier", "Alias": "supplier", "Startup Cost": 0.0, "Total Cost": 3283.0, "Plan Rows": 100000, "Plan Width": 12}, {"Node Type": "Hash", "Parent Relationship": "Inner", "Startup Cost": 1.31, "Total Cost": 1.31, "Plan Rows": 1, "Plan Width": 4, "Plans": [{"Node Type": "Seq Scan", "Parent Relationship": "Outer", "Relation Name": "nation", "Alias": "nation", "Startup Cost": 0.0, "Total Cost": 1.31, "Plan Rows": 1, "Plan Width": 4, "Filter": "(n_name = 'MOZAMBIQUE'::bpchar)"}]}]}]}]}]}]}, "Unique SQL Id": 2932834211, "Planner Runtime": 0}, "explain_analyze_plan": null}, "(64, 107)": {"explain_plan": {"Plan": {"Node Type": "Sort", "Startup Cost": 6000144023996.65, "Total Cost": 6000144024131.1, "Plan Rows": 53780, "Plan Width": 40, "Sort Key": ["(sum((public.partsupp.ps_supplycost * (public.partsupp.ps_availqty)::double precision))) DESC"], "Plans": [{"Node Type": "Aggregate", "Strategy": "Plain", "Parent Relationship": "exec_init_plan", "Subplan Name": "InitPlan 1 (returns $1)", "Startup Cost": 3000100515269.13, "Total Cost": 3000100515269.15, "Plan Rows": 1, "Plan Width": 24, "Plans": [{"Node Type": "Hash Join", "Parent Relationship": "Outer", "Join Type": "Inner", "Startup Cost": 1020100260580.67, "Total Cost": 3000100514865.78, "Plan Rows": 53780, "Plan Width": 16, "Inner Unique": false, "Hash Cond": "(public.supplier.s_suppkey = public.partsupp.ps_suppkey)", "Plans": [{"Node Type": "Nested Loop", "Parent Relationship": "Outer", "Join Type": "Inner", "Startup Cost": 20000000095.25, "Total Cost": 2000000250512.56, "Plan Rows": 4000, "Plan Width": 8, "Inner Unique": false, "Plans": [{"Node Type": "Index Scan", "Parent Relationship": "Outer", "Scan Direction": "Forward", "Index Name": "nation_pkey", "Relation Name": "nation", "Alias": "nation", "Startup Cost": 10000000000.0, "Total Cost": 1000000001268.75, "Plan Rows": 1, "Plan Width": 4, "Filter": "(n_name = 'MOZAMBIQUE'::bpchar)"}, {"Node Type": "Bitmap Heap Scan", "Parent Relationship": "Inner", "Relation Name": "supplier", "Alias": "supplier", "Startup Cost": 10000000095.25, "Total Cost": 1000000249203.81, "Plan Rows": 4000, "Plan Width": 12, "Recheck Cond": "(s_nationkey = public.nation.n_nationkey)", "Plans": [{"Node Type": "Bitmap Index Scan", "Parent Relationship": "Outer", "Index Name": "idx_supplier_nation_key", "Startup Cost": 0.0, "Total Cost": 94.25, "Plan Rows": 4000, "Plan Width": 0, "Index Cond": "(s_nationkey = public.nation.n_nationkey)"}]}]}, {"Node Type": "Hash", "Parent Relationship": "Inner", "Startup Cost": 1000100160480.77, "Total Cost": 1000100160480.77, "Plan Rows": 8000372, "Plan Width": 24, "Plans": [{"Node Type": "Index Scan", "Parent Relationship": "Outer", "Scan Direction": "Forward", "Index Name": "idx_partsupp_suppkey", "Relation Name": "partsupp", "Alias": "partsupp", "Startup Cost": 10000000000.0, "Total Cost": 1000100160480.77, "Plan Rows": 8000372, "Plan Width": 24}]}]}]}, {"Node Type": "Aggregate", "Strategy": "Hashed", "Parent Relationship": "Outer", "Startup Cost": 3000043503829.54, "Total Cost": 3000043504501.79, "Plan Rows": 53780, "Plan Width": 40, "Group By Key": ["public.partsupp.ps_partkey"], "Filter": "(sum((public.partsupp.ps_supplycost * (public.partsupp.ps_availqty)::double precision)) > $1)", "Plans": [{"Node Type": "Hash Join", "Parent Relationship": "Outer", "Join Type": "Inner", "Startup Cost": 1020043248603.28, "Total Cost": 3000043502888.39, "Plan Rows": 53780, "Plan Width": 24, "Inner Unique": false, "Hash Cond": "(public.supplier.s_suppkey = public.partsupp.ps_suppkey)", "Plans": [{"Node Type": "Nested Loop", "Parent Relationship": "Outer", "Join Type": "Inner", "Startup Cost": 20000000095.25, "Total Cost": 2000000250512.56, "Plan Rows": 4000, "Plan Width": 8, "Inner Unique": false, "Plans": [{"Node Type": "Index Scan", "Parent Relationship": "Outer", "Scan Direction": "Forward", "Index Name": "nation_pkey", "Relation Name": "nation", "Alias": "nation", "Startup Cost": 10000000000.0, "Total Cost": 1000000001268.75, "Plan Rows": 1, "Plan Width": 4, "Filter": "(n_name = 'MOZAMBIQUE'::bpchar)"}, {"Node Type": "Bitmap Heap Scan", "Parent Relationship": "Inner", "Relation Name": "supplier", "Alias": "supplier", "Startup Cost": 10000000095.25, "Total Cost": 1000000249203.81, "Plan Rows": 4000, "Plan Width": 12, "Recheck Cond": "(s_nationkey = public.nation.n_nationkey)", "Plans": [{"Node Type": "Bitmap Index Scan", "Parent Relationship": "Outer", "Index Name": "idx_supplier_nation_key", "Startup Cost": 0.0, "Total Cost": 94.25, "Plan Rows": 4000, "Plan Width": 0, "Index Cond": "(s_nationkey = public.nation.n_nationkey)"}]}]}, {"Node Type": "Hash", "Parent Relationship": "Inner", "Startup Cost": 1000043148503.38, "Total Cost": 1000043148503.38, "Plan Rows": 8000372, "Plan Width": 32, "Plans": [{"Node Type": "Index Scan", "Parent Relationship": "Outer", "Scan Direction": "Forward", "Index Name": "idx_partsupp_partkey", "Relation Name": "partsupp", "Alias": "partsupp", "Startup Cost": 10000000000.0, "Total Cost": 1000043148503.38, "Plan Rows": 8000372, "Plan Width": 32}]}]}]}]}, "Unique SQL Id": 2932834211, "Planner Runtime": 0}, "explain_analyze_plan": null}, "(64, 108)": {"explain_plan": {"Plan": {"Node Type": "Sort", "Startup Cost": 89040.3, "Total Cost": 89174.75, "Plan Rows": 53780, "Plan Width": 40, "Sort Key": ["(sum((public.partsupp.ps_supplycost * (public.partsupp.ps_availqty)::double precision))) DESC"], "Plans": [{"Node Type": "Aggregate", "Strategy": "Plain", "Parent Relationship": "exec_init_plan", "Subplan Name": "InitPlan 1 (returns $1)", "Startup Cost": 41802.27, "Total Cost": 41802.28, "Plan Rows": 1, "Plan Width": 24, "Plans": [{"Node Type": "Nested Loop", "Parent Relationship": "Outer", "Join Type": "Inner", "Startup Cost": 1.32, "Total Cost": 41398.92, "Plan Rows": 53780, "Plan Width": 16, "Inner Unique": false, "Plans": [{"Node Type": "Hash Join", "Parent Relationship": "Outer", "Join Type": "Inner", "Startup Cost": 1.32, "Total Cost": 3574.95, "Plan Rows": 4000, "Plan Width": 8, "Inner Unique": true, "Hash Cond": "(public.supplier.s_nationkey = public.nation.n_nationkey)", "Plans": [{"Node Type": "Seq Scan", "Parent Relationship": "Outer", "Relation Name": "supplier", "Alias": "supplier", "Startup Cost": 0.0, "Total Cost": 3283.0, "Plan Rows": 100000, "Plan Width": 12}, {"Node Type": "Hash", "Parent Relationship": "Inner", "Startup Cost": 1.31, "Total Cost": 1.31, "Plan Rows": 1, "Plan Width": 4, "Plans": [{"Node Type": "Seq Scan", "Parent Relationship": "Outer", "Relation Name": "nation", "Alias": "nation", "Startup Cost": 0.0, "Total Cost": 1.31, "Plan Rows": 1, "Plan Width": 4, "Filter": "(n_name = 'MOZAMBIQUE'::bpchar)"}]}]}, {"Node Type": "Index Scan", "Parent Relationship": "Inner", "Scan Direction": "Forward", "Index Name": "idx_partsupp_suppkey", "Relation Name": "partsupp", "Alias": "partsupp", "Startup Cost": 0.0, "Total Cost": 9.33, "Plan Rows": 13, "Plan Width": 24, "Index Cond": "(ps_suppkey = public.supplier.s_suppkey)"}]}]}, {"Node Type": "Aggregate", "Strategy": "Hashed", "Parent Relationship": "Outer", "Startup Cost": 42340.07, "Total Cost": 43012.32, "Plan Rows": 53780, "Plan Width": 40, "Group By Key": ["public.partsupp.ps_partkey"], "Filter": "(sum((public.partsupp.ps_supplycost * (public.partsupp.ps_availqty)::double precision)) > $1)", "Plans": [{"Node Type": "Nested Loop", "Parent Relationship": "Outer", "Join Type": "Inner", "Startup Cost": 1.32, "Total Cost": 41398.92, "Plan Rows": 53780, "Plan Width": 24, "Inner Unique": false, "Plans": [{"Node Type": "Hash Join", "Parent Relationship": "Outer", "Join Type": "Inner", "Startup Cost": 1.32, "Total Cost": 3574.95, "Plan Rows": 4000, "Plan Width": 8, "Inner Unique": true, "Hash Cond": "(public.supplier.s_nationkey = public.nation.n_nationkey)", "Plans": [{"Node Type": "Seq Scan", "Parent Relationship": "Outer", "Relation Name": "supplier", "Alias": "supplier", "Startup Cost": 0.0, "Total Cost": 3283.0, "Plan Rows": 100000, "Plan Width": 12}, {"Node Type": "Hash", "Parent Relationship": "Inner", "Startup Cost": 1.31, "Total Cost": 1.31, "Plan Rows": 1, "Plan Width": 4, "Plans": [{"Node Type": "Seq Scan", "Parent Relationship": "Outer", "Relation Name": "nation", "Alias": "nation", "Startup Cost": 0.0, "Total Cost": 1.31, "Plan Rows": 1, "Plan Width": 4, "Filter": "(n_name = 'MOZAMBIQUE'::bpchar)"}]}]}, {"Node Type": "Index Scan", "Parent Relationship": "Inner", "Scan Direction": "Forward", "Index Name": "idx_partsupp_suppkey", "Relation Name": "partsupp", "Alias": "partsupp", "Startup Cost": 0.0, "Total Cost": 9.33, "Plan Rows": 13, "Plan Width": 32, "Index Cond": "(ps_suppkey = public.supplier.s_suppkey)"}]}]}]}, "Unique SQL Id": 2932834211, "Planner Runtime": 1}, "explain_analyze_plan": {"Plan": {"Node Type": "Sort", "Startup Cost": 89040.3, "Total Cost": 89174.75, "Plan Rows": 53780, "Plan Width": 40, "Actual Startup Time": 1952.782, "Actual Total Time": 1952.782, "Actual Rows": 0, "Actual Loops": 1, "Sort Key": ["(sum((public.partsupp.ps_supplycost * (public.partsupp.ps_availqty)::double precision))) DESC"], "Sort Method": "quicksort", "Sort Space Used": 25, "Sort Space Type": "Memory", "Plans": [{"Node Type": "Aggregate", "Strategy": "Plain", "Parent Relationship": "exec_init_plan", "Subplan Name": "InitPlan 1 (returns $1)", "Startup Cost": 41802.27, "Total Cost": 41802.28, "Plan Rows": 1, "Plan Width": 24, "Actual Startup Time": 837.224, "Actual Total Time": 837.225, "Actual Rows": 1, "Actual Loops": 1, "Plans": [{"Node Type": "Nested Loop", "Parent Relationship": "Outer", "Join Type": "Inner", "Startup Cost": 1.32, "Total Cost": 41398.92, "Plan Rows": 53780, "Plan Width": 16, "Actual Startup Time": 0.143, "Actual Total Time": 702.51, "Actual Rows": 313920, "Actual Loops": 1, "Inner Unique": false, "Plans": [{"Node Type": "Hash Join", "Parent Relationship": "Outer", "Join Type": "Inner", "Startup Cost": 1.32, "Total Cost": 3574.95, "Plan Rows": 4000, "Plan Width": 8, "Actual Startup Time": 0.118, "Actual Total Time": 51.636, "Actual Rows": 3924, "Actual Loops": 1, "Inner Unique": true, "Hash Cond": "(public.supplier.s_nationkey = public.nation.n_nationkey)", "Plans": [{"Node Type": "Seq Scan", "Parent Relationship": "Outer", "Relation Name": "supplier", "Alias": "supplier", "Startup Cost": 0.0, "Total Cost": 3283.0, "Plan Rows": 100000, "Plan Width": 12, "Actual Startup Time": 0.015, "Actual Total Time": 29.225, "Actual Rows": 100000, "Actual Loops": 1}, {"Node Type": "Hash", "Parent Relationship": "Inner", "Startup Cost": 1.31, "Total Cost": 1.31, "Plan Rows": 1, "Plan Width": 4, "Actual Startup Time": 0.035, "Actual Total Time": 0.035, "Actual Rows": 1, "Actual Loops": 1, "Hash Buckets": 32768, "Hash Batches": 1, "Original Hash Batches": 1, "Peak Memory Usage": 1, "Plans": [{"Node Type": "Seq Scan", "Parent Relationship": "Outer", "Relation Name": "nation", "Alias": "nation", "Startup Cost": 0.0, "Total Cost": 1.31, "Plan Rows": 1, "Plan Width": 4, "Actual Startup Time": 0.022, "Actual Total Time": 0.024, "Actual Rows": 1, "Actual Loops": 1, "Filter": "(n_name = 'MOZAMBIQUE'::bpchar)", "Rows Removed by Filter": 24}]}]}, {"Node Type": "Index Scan", "Parent Relationship": "Inner", "Scan Direction": "Forward", "Index Name": "idx_partsupp_suppkey", "Relation Name": "partsupp", "Alias": "partsupp", "Startup Cost": 0.0, "Total Cost": 9.33, "Plan Rows": 13, "Plan Width": 24, "Actual Startup Time": 48.923, "Actual Total Time": 582.649, "Actual Rows": 313920, "Actual Loops": 3924, "Index Cond": "(ps_suppkey = public.supplier.s_suppkey)", "Rows Removed by Index Recheck": 0}]}]}, {"Node Type": "Aggregate", "Strategy": "Hashed", "Parent Relationship": "Outer", "Startup Cost": 42340.07, "Total Cost": 43012.32, "Plan Rows": 53780, "Plan Width": 40, "Actual Startup Time": 1952.345, "Actual Total Time": 1952.345, "Actual Rows": 0, "Actual Loops": 1, "Group By Key": ["public.partsupp.ps_partkey"], "Filter": "(sum((public.partsupp.ps_supplycost * (public.partsupp.ps_availqty)::double precision)) > $1)", "Rows Removed by Filter": 295792, "Plans": [{"Node Type": "Nested Loop", "Parent Relationship": "Outer", "Join Type": "Inner", "Startup Cost": 1.32, "Total Cost": 41398.92, "Plan Rows": 53780, "Plan Width": 24, "Actual Startup Time": 0.115, "Actual Total Time": 704.981, "Actual Rows": 313920, "Actual Loops": 1, "Inner Unique": false, "Plans": [{"Node Type": "Hash Join", "Parent Relationship": "Outer", "Join Type": "Inner", "Startup Cost": 1.32, "Total Cost": 3574.95, "Plan Rows": 4000, "Plan Width": 8, "Actual Startup Time": 0.092, "Actual Total Time": 52.151, "Actual Rows": 3924, "Actual Loops": 1, "Inner Unique": true, "Hash Cond": "(public.supplier.s_nationkey = public.nation.n_nationkey)", "Plans": [{"Node Type": "Seq Scan", "Parent Relationship": "Outer", "Relation Name": "supplier", "Alias": "supplier", "Startup Cost": 0.0, "Total Cost": 3283.0, "Plan Rows": 100000, "Plan Width": 12, "Actual Startup Time": 0.018, "Actual Total Time": 29.388, "Actual Rows": 100000, "Actual Loops": 1}, {"Node Type": "Hash", "Parent Relationship": "Inner", "Startup Cost": 1.31, "Total Cost": 1.31, "Plan Rows": 1, "Plan Width": 4, "Actual Startup Time": 0.028, "Actual Total Time": 0.028, "Actual Rows": 1, "Actual Loops": 1, "Hash Buckets": 32768, "Hash Batches": 1, "Original Hash Batches": 1, "Peak Memory Usage": 1, "Plans": [{"Node Type": "Seq Scan", "Parent Relationship": "Outer", "Relation Name": "nation", "Alias": "nation", "Startup Cost": 0.0, "Total Cost": 1.31, "Plan Rows": 1, "Plan Width": 4, "Actual Startup Time": 0.019, "Actual Total Time": 0.022, "Actual Rows": 1, "Actual Loops": 1, "Filter": "(n_name = 'MOZAMBIQUE'::bpchar)", "Rows Removed by Filter": 24}]}]}, {"Node Type": "Index Scan", "Parent Relationship": "Inner", "Scan Direction": "Forward", "Index Name": "idx_partsupp_suppkey", "Relation Name": "partsupp", "Alias": "partsupp", "Startup Cost": 0.0, "Total Cost": 9.33, "Plan Rows": 13, "Plan Width": 32, "Actual Startup Time": 48.312, "Actual Total Time": 581.52, "Actual Rows": 313920, "Actual Loops": 3924, "Index Cond": "(ps_suppkey = public.supplier.s_suppkey)", "Rows Removed by Index Recheck": 0}]}]}]}, "Triggers": [], "Planner Runtime": 1, "Total Runtime": 1953.092, "Unique SQL Id": 2932834211}}, "(64, 109)": {"explain_plan": {"Plan": {"Node Type": "Sort", "Startup Cost": 93166.14, "Total Cost": 93300.59, "Plan Rows": 53780, "Plan Width": 40, "Sort Key": ["(sum((public.partsupp.ps_supplycost * (public.partsupp.ps_availqty)::double precision))) DESC"], "Plans": [{"Node Type": "Aggregate", "Strategy": "Plain", "Parent Relationship": "exec_init_plan", "Subplan Name": "InitPlan 1 (returns $1)", "Startup Cost": 43865.19, "Total Cost": 43865.2, "Plan Rows": 1, "Plan Width": 24, "Plans": [{"Node Type": "Nested Loop", "Parent Relationship": "Outer", "Join Type": "Inner", "Startup Cost": 12.7, "Total Cost": 43461.84, "Plan Rows": 53780, "Plan Width": 16, "Inner Unique": false, "Plans": [{"Node Type": "Hash Join", "Parent Relationship": "Outer", "Join Type": "Inner", "Startup Cost": 12.7, "Total Cost": 5637.87, "Plan Rows": 4000, "Plan Width": 8, "Inner Unique": true, "Hash Cond": "(public.supplier.s_nationkey = public.nation.n_nationkey)", "Plans": [{"Node Type": "Index Scan", "Parent Relationship": "Outer", "Scan Direction": "Forward", "Index Name": "supplier_pkey", "Relation Name": "supplier", "Alias": "supplier", "Startup Cost": 0.0, "Total Cost": 5334.54, "Plan Rows": 100000, "Plan Width": 12}, {"Node Type": "Hash", "Parent Relationship": "Inner", "Startup Cost": 12.69, "Total Cost": 12.69, "Plan Rows": 1, "Plan Width": 4, "Plans": [{"Node Type": "Index Scan", "Parent Relationship": "Outer", "Scan Direction": "Forward", "Index Name": "nation_pkey", "Relation Name": "nation", "Alias": "nation", "Startup Cost": 0.0, "Total Cost": 12.69, "Plan Rows": 1, "Plan Width": 4, "Filter": "(n_name = 'MOZAMBIQUE'::bpchar)"}]}]}, {"Node Type": "Index Scan", "Parent Relationship": "Inner", "Scan Direction": "Forward", "Index Name": "idx_partsupp_suppkey", "Relation Name": "partsupp", "Alias": "partsupp", "Startup Cost": 0.0, "Total Cost": 9.33, "Plan Rows": 13, "Plan Width": 24, "Index Cond": "(ps_suppkey = public.supplier.s_suppkey)"}]}]}, {"Node Type": "Aggregate", "Strategy": "Hashed", "Parent Relationship": "Outer", "Startup Cost": 44402.99, "Total Cost": 45075.24, "Plan Rows": 53780, "Plan Width": 40, "Group By Key": ["public.partsupp.ps_partkey"], "Filter": "(sum((public.partsupp.ps_supplycost * (public.partsupp.ps_availqty)::double precision)) > $1)", "Plans": [{"Node Type": "Nested Loop", "Parent Relationship": "Outer", "Join Type": "Inner", "Startup Cost": 12.7, "Total Cost": 43461.84, "Plan Rows": 53780, "Plan Width": 24, "Inner Unique": false, "Plans": [{"Node Type": "Hash Join", "Parent Relationship": "Outer", "Join Type": "Inner", "Startup Cost": 12.7, "Total Cost": 5637.87, "Plan Rows": 4000, "Plan Width": 8, "Inner Unique": true, "Hash Cond": "(public.supplier.s_nationkey = public.nation.n_nationkey)", "Plans": [{"Node Type": "Index Scan", "Parent Relationship": "Outer", "Scan Direction": "Forward", "Index Name": "supplier_pkey", "Relation Name": "supplier", "Alias": "supplier", "Startup Cost": 0.0, "Total Cost": 5334.54, "Plan Rows": 100000, "Plan Width": 12}, {"Node Type": "Hash", "Parent Relationship": "Inner", "Startup Cost": 12.69, "Total Cost": 12.69, "Plan Rows": 1, "Plan Width": 4, "Plans": [{"Node Type": "Index Scan", "Parent Relationship": "Outer", "Scan Direction": "Forward", "Index Name": "nation_pkey", "Relation Name": "nation", "Alias": "nation", "Startup Cost": 0.0, "Total Cost": 12.69, "Plan Rows": 1, "Plan Width": 4, "Filter": "(n_name = 'MOZAMBIQUE'::bpchar)"}]}]}, {"Node Type": "Index Scan", "Parent Relationship": "Inner", "Scan Direction": "Forward", "Index Name": "idx_partsupp_suppkey", "Relation Name": "partsupp", "Alias": "partsupp", "Startup Cost": 0.0, "Total Cost": 9.33, "Plan Rows": 13, "Plan Width": 32, "Index Cond": "(ps_suppkey = public.supplier.s_suppkey)"}]}]}]}, "Unique SQL Id": 2932834211, "Planner Runtime": 0}, "explain_analyze_plan": {"Plan": {"Node Type": "Sort", "Startup Cost": 93166.14, "Total Cost": 93300.59, "Plan Rows": 53780, "Plan Width": 40, "Actual Startup Time": 2174.384, "Actual Total Time": 2174.384, "Actual Rows": 0, "Actual Loops": 1, "Sort Key": ["(sum((public.partsupp.ps_supplycost * (public.partsupp.ps_availqty)::double precision))) DESC"], "Sort Method": "quicksort", "Sort Space Used": 25, "Sort Space Type": "Memory", "Plans": [{"Node Type": "Aggregate", "Strategy": "Plain", "Parent Relationship": "exec_init_plan", "Subplan Name": "InitPlan 1 (returns $1)", "Startup Cost": 43865.19, "Total Cost": 43865.2, "Plan Rows": 1, "Plan Width": 24, "Actual Startup Time": 1034.184, "Actual Total Time": 1034.185, "Actual Rows": 1, "Actual Loops": 1, "Plans": [{"Node Type": "Nested Loop", "Parent Relationship": "Outer", "Join Type": "Inner", "Startup Cost": 12.7, "Total Cost": 43461.84, "Plan Rows": 53780, "Plan Width": 16, "Actual Startup Time": 0.174, "Actual Total Time": 897.373, "Actual Rows": 313920, "Actual Loops": 1, "Inner Unique": false, "Plans": [{"Node Type": "Hash Join", "Parent Relationship": "Outer", "Join Type": "Inner", "Startup Cost": 12.7, "Total Cost": 5637.87, "Plan Rows": 4000, "Plan Width": 8, "Actual Startup Time": 0.145, "Actual Total Time": 91.714, "Actual Rows": 3924, "Actual Loops": 1, "Inner Unique": true, "Hash Cond": "(public.supplier.s_nationkey = public.nation.n_nationkey)", "Plans": [{"Node Type": "Index Scan", "Parent Relationship": "Outer", "Scan Direction": "Forward", "Index Name": "supplier_pkey", "Relation Name": "supplier", "Alias": "supplier", "Startup Cost": 0.0, "Total Cost": 5334.54, "Plan Rows": 100000, "Plan Width": 12, "Actual Startup Time": 0.031, "Actual Total Time": 70.685, "Actual Rows": 100000, "Actual Loops": 1}, {"Node Type": "Hash", "Parent Relationship": "Inner", "Startup Cost": 12.69, "Total Cost": 12.69, "Plan Rows": 1, "Plan Width": 4, "Actual Startup Time": 0.046, "Actual Total Time": 0.046, "Actual Rows": 1, "Actual Loops": 1, "Hash Buckets": 32768, "Hash Batches": 1, "Original Hash Batches": 1, "Peak Memory Usage": 1, "Plans": [{"Node Type": "Index Scan", "Parent Relationship": "Outer", "Scan Direction": "Forward", "Index Name": "nation_pkey", "Relation Name": "nation", "Alias": "nation", "Startup Cost": 0.0, "Total Cost": 12.69, "Plan Rows": 1, "Plan Width": 4, "Actual Startup Time": 0.031, "Actual Total Time": 0.038, "Actual Rows": 1, "Actual Loops": 1, "Filter": "(n_name = 'MOZAMBIQUE'::bpchar)", "Rows Removed by Filter": 24}]}]}, {"Node Type": "Index Scan", "Parent Relationship": "Inner", "Scan Direction": "Forward", "Index Name": "idx_partsupp_suppkey", "Relation Name": "partsupp", "Alias": "partsupp", "Startup Cost": 0.0, "Total Cost": 9.33, "Plan Rows": 13, "Plan Width": 24, "Actual Startup Time": 57.484, "Actual Total Time": 738.465, "Actual Rows": 313920, "Actual Loops": 3924, "Index Cond": "(ps_suppkey = public.supplier.s_suppkey)", "Rows Removed by Index Recheck": 0}]}]}, {"Node Type": "Aggregate", "Strategy": "Hashed", "Parent Relationship": "Outer", "Startup Cost": 44402.99, "Total Cost": 45075.24, "Plan Rows": 53780, "Plan Width": 40, "Actual Startup Time": 2173.992, "Actual Total Time": 2173.992, "Actual Rows": 0, "Actual Loops": 1, "Group By Key": ["public.partsupp.ps_partkey"], "Filter": "(sum((public.partsupp.ps_supplycost * (public.partsupp.ps_availqty)::double precision)) > $1)", "Rows Removed by Filter": 295792, "Plans": [{"Node Type": "Nested Loop", "Parent Relationship": "Outer", "Join Type": "Inner", "Startup Cost": 12.7, "Total Cost": 43461.84, "Plan Rows": 53780, "Plan Width": 24, "Actual Startup Time": 0.137, "Actual Total Time": 737.983, "Actual Rows": 313920, "Actual Loops": 1, "Inner Unique": false, "Plans": [{"Node Type": "Hash Join", "Parent Relationship": "Outer", "Join Type": "Inner", "Startup Cost": 12.7, "Total Cost": 5637.87, "Plan Rows": 4000, "Plan Width": 8, "Actual Startup Time": 0.116, "Actual Total Time": 79.01, "Actual Rows": 3924, "Actual Loops": 1, "Inner Unique": true, "Hash Cond": "(public.supplier.s_nationkey = public.nation.n_nationkey)", "Plans": [{"Node Type": "Index Scan", "Parent Relationship": "Outer", "Scan Direction": "Forward", "Index Name": "supplier_pkey", "Relation Name": "supplier", "Alias": "supplier", "Startup Cost": 0.0, "Total Cost": 5334.54, "Plan Rows": 100000, "Plan Width": 12, "Actual Startup Time": 0.027, "Actual Total Time": 57.603, "Actual Rows": 100000, "Actual Loops": 1}, {"Node Type": "Hash", "Parent Relationship": "Inner", "Startup Cost": 12.69, "Total Cost": 12.69, "Plan Rows": 1, "Plan Width": 4, "Actual Startup Time": 0.036, "Actual Total Time": 0.036, "Actual Rows": 1, "Actual Loops": 1, "Hash Buckets": 32768, "Hash Batches": 1, "Original Hash Batches": 1, "Peak Memory Usage": 1, "Plans": [{"Node Type": "Index Scan", "Parent Relationship": "Outer", "Scan Direction": "Forward", "Index Name": "nation_pkey", "Relation Name": "nation", "Alias": "nation", "Startup Cost": 0.0, "Total Cost": 12.69, "Plan Rows": 1, "Plan Width": 4, "Actual Startup Time": 0.023, "Actual Total Time": 0.029, "Actual Rows": 1, "Actual Loops": 1, "Filter": "(n_name = 'MOZAMBIQUE'::bpchar)", "Rows Removed by Filter": 24}]}]}, {"Node Type": "Index Scan", "Parent Relationship": "Inner", "Scan Direction": "Forward", "Index Name": "idx_partsupp_suppkey", "Relation Name": "partsupp", "Alias": "partsupp", "Startup Cost": 0.0, "Total Cost": 9.33, "Plan Rows": 13, "Plan Width": 32, "Actual Startup Time": 47.877, "Actual Total Time": 587.276, "Actual Rows": 313920, "Actual Loops": 3924, "Index Cond": "(ps_suppkey = public.supplier.s_suppkey)", "Rows Removed by Index Recheck": 0}]}]}]}, "Triggers": [], "Planner Runtime": 0, "Total Runtime": 2174.678, "Unique SQL Id": 2932834211}}, "(64, 110)": {"explain_plan": {"Plan": {"Node Type": "Sort", "Startup Cost": 614546.2, "Total Cost": 614680.65, "Plan Rows": 53780, "Plan Width": 40, "Sort Key": ["(sum((public.partsupp.ps_supplycost * (public.partsupp.ps_availqty)::double precision))) DESC"], "Plans": [{"Node Type": "Aggregate", "Strategy": "Plain", "Parent Relationship": "exec_init_plan", "Subplan Name": "InitPlan 1 (returns $0)", "Startup Cost": 304555.21, "Total Cost": 304555.23, "Plan Rows": 1, "Plan Width": 24, "Plans": [{"Node Type": "Hash Join", "Parent Relationship": "Outer", "Join Type": "Inner", "Startup Cost": 3624.95, "Total Cost": 304151.86, "Plan Rows": 53780, "Plan Width": 16, "Inner Unique": false, "Hash Cond": "(public.partsupp.ps_suppkey = public.supplier.s_suppkey)", "Plans": [{"Node Type": "Seq Scan", "Parent Relationship": "Outer", "Relation Name": "partsupp", "Alias": "partsupp", "Startup Cost": 0.0, "Total Cost": 269987.72, "Plan Rows": 8000372, "Plan Width": 24}, {"Node Type": "Hash", "Parent Relationship": "Inner", "Startup Cost": 3574.95, "Total Cost": 3574.95, "Plan Rows": 4000, "Plan Width": 8, "Plans": [{"Node Type": "Hash Join", "Parent Relationship": "Outer", "Join Type": "Inner", "Startup Cost": 1.32, "Total Cost": 3574.95, "Plan Rows": 4000, "Plan Width": 8, "Inner Unique": true, "Hash Cond": "(public.supplier.s_nationkey = public.nation.n_nationkey)", "Plans": [{"Node Type": "Seq Scan", "Parent Relationship": "Outer", "Relation Name": "supplier", "Alias": "supplier", "Startup Cost": 0.0, "Total Cost": 3283.0, "Plan Rows": 100000, "Plan Width": 12}, {"Node Type": "Hash", "Parent Relationship": "Inner", "Startup Cost": 1.31, "Total Cost": 1.31, "Plan Rows": 1, "Plan Width": 4, "Plans": [{"Node Type": "Seq Scan", "Parent Relationship": "Outer", "Relation Name": "nation", "Alias": "nation", "Startup Cost": 0.0, "Total Cost": 1.31, "Plan Rows": 1, "Plan Width": 4, "Filter": "(n_name = 'MOZAMBIQUE'::bpchar)"}]}]}]}]}]}, {"Node Type": "Aggregate", "Strategy": "Hashed", "Parent Relationship": "Outer", "Startup Cost": 305093.02, "Total Cost": 305765.27, "Plan Rows": 53780, "Plan Width": 40, "Group By Key": ["public.partsupp.ps_partkey"], "Filter": "(sum((public.partsupp.ps_supplycost * (public.partsupp.ps_availqty)::double precision)) > $0)", "Plans": [{"Node Type": "Hash Join", "Parent Relationship": "Outer", "Join Type": "Inner", "Startup Cost": 3624.95, "Total Cost": 304151.86, "Plan Rows": 53780, "Plan Width": 24, "Inner Unique": false, "Hash Cond": "(public.partsupp.ps_suppkey = public.supplier.s_suppkey)", "Plans": [{"Node Type": "Seq Scan", "Parent Relationship": "Outer", "Relation Name": "partsupp", "Alias": "partsupp", "Startup Cost": 0.0, "Total Cost": 269987.72, "Plan Rows": 8000372, "Plan Width": 32}, {"Node Type": "Hash", "Parent Relationship": "Inner", "Startup Cost": 3574.95, "Total Cost": 3574.95, "Plan Rows": 4000, "Plan Width": 8, "Plans": [{"Node Type": "Hash Join", "Parent Relationship": "Outer", "Join Type": "Inner", "Startup Cost": 1.32, "Total Cost": 3574.95, "Plan Rows": 4000, "Plan Width": 8, "Inner Unique": true, "Hash Cond": "(public.supplier.s_nationkey = public.nation.n_nationkey)", "Plans": [{"Node Type": "Seq Scan", "Parent Relationship": "Outer", "Relation Name": "supplier", "Alias": "supplier", "Startup Cost": 0.0, "Total Cost": 3283.0, "Plan Rows": 100000, "Plan Width": 12}, {"Node Type": "Hash", "Parent Relationship": "Inner", "Startup Cost": 1.31, "Total Cost": 1.31, "Plan Rows": 1, "Plan Width": 4, "Plans": [{"Node Type": "Seq Scan", "Parent Relationship": "Outer", "Relation Name": "nation", "Alias": "nation", "Startup Cost": 0.0, "Total Cost": 1.31, "Plan Rows": 1, "Plan Width": 4, "Filter": "(n_name = 'MOZAMBIQUE'::bpchar)"}]}]}]}]}]}]}, "Unique SQL Id": 2932834211, "Planner Runtime": 0}, "explain_analyze_plan": null}, "(64, 111)": {"explain_plan": {"Plan": {"Node Type": "Sort", "Startup Cost": 6000144023996.65, "Total Cost": 6000144024131.1, "Plan Rows": 53780, "Plan Width": 40, "Sort Key": ["(sum((public.partsupp.ps_supplycost * (public.partsupp.ps_availqty)::double precision))) DESC"], "Plans": [{"Node Type": "Aggregate", "Strategy": "Plain", "Parent Relationship": "exec_init_plan", "Subplan Name": "InitPlan 1 (returns $1)", "Startup Cost": 3000100515269.13, "Total Cost": 3000100515269.15, "Plan Rows": 1, "Plan Width": 24, "Plans": [{"Node Type": "Hash Join", "Parent Relationship": "Outer", "Join Type": "Inner", "Startup Cost": 1020100260580.67, "Total Cost": 3000100514865.78, "Plan Rows": 53780, "Plan Width": 16, "Inner Unique": false, "Hash Cond": "(public.supplier.s_suppkey = public.partsupp.ps_suppkey)", "Plans": [{"Node Type": "Nested Loop", "Parent Relationship": "Outer", "Join Type": "Inner", "Startup Cost": 20000000095.25, "Total Cost": 2000000250512.56, "Plan Rows": 4000, "Plan Width": 8, "Inner Unique": false, "Plans": [{"Node Type": "Index Scan", "Parent Relationship": "Outer", "Scan Direction": "Forward", "Index Name": "nation_pkey", "Relation Name": "nation", "Alias": "nation", "Startup Cost": 10000000000.0, "Total Cost": 1000000001268.75, "Plan Rows": 1, "Plan Width": 4, "Filter": "(n_name = 'MOZAMBIQUE'::bpchar)"}, {"Node Type": "Bitmap Heap Scan", "Parent Relationship": "Inner", "Relation Name": "supplier", "Alias": "supplier", "Startup Cost": 10000000095.25, "Total Cost": 1000000249203.81, "Plan Rows": 4000, "Plan Width": 12, "Recheck Cond": "(s_nationkey = public.nation.n_nationkey)", "Plans": [{"Node Type": "Bitmap Index Scan", "Parent Relationship": "Outer", "Index Name": "idx_supplier_nation_key", "Startup Cost": 0.0, "Total Cost": 94.25, "Plan Rows": 4000, "Plan Width": 0, "Index Cond": "(s_nationkey = public.nation.n_nationkey)"}]}]}, {"Node Type": "Hash", "Parent Relationship": "Inner", "Startup Cost": 1000100160480.77, "Total Cost": 1000100160480.77, "Plan Rows": 8000372, "Plan Width": 24, "Plans": [{"Node Type": "Index Scan", "Parent Relationship": "Outer", "Scan Direction": "Forward", "Index Name": "idx_partsupp_suppkey", "Relation Name": "partsupp", "Alias": "partsupp", "Startup Cost": 10000000000.0, "Total Cost": 1000100160480.77, "Plan Rows": 8000372, "Plan Width": 24}]}]}]}, {"Node Type": "Aggregate", "Strategy": "Hashed", "Parent Relationship": "Outer", "Startup Cost": 3000043503829.54, "Total Cost": 3000043504501.79, "Plan Rows": 53780, "Plan Width": 40, "Group By Key": ["public.partsupp.ps_partkey"], "Filter": "(sum((public.partsupp.ps_supplycost * (public.partsupp.ps_availqty)::double precision)) > $1)", "Plans": [{"Node Type": "Hash Join", "Parent Relationship": "Outer", "Join Type": "Inner", "Startup Cost": 1020043248603.28, "Total Cost": 3000043502888.39, "Plan Rows": 53780, "Plan Width": 24, "Inner Unique": false, "Hash Cond": "(public.supplier.s_suppkey = public.partsupp.ps_suppkey)", "Plans": [{"Node Type": "Nested Loop", "Parent Relationship": "Outer", "Join Type": "Inner", "Startup Cost": 20000000095.25, "Total Cost": 2000000250512.56, "Plan Rows": 4000, "Plan Width": 8, "Inner Unique": false, "Plans": [{"Node Type": "Index Scan", "Parent Relationship": "Outer", "Scan Direction": "Forward", "Index Name": "nation_pkey", "Relation Name": "nation", "Alias": "nation", "Startup Cost": 10000000000.0, "Total Cost": 1000000001268.75, "Plan Rows": 1, "Plan Width": 4, "Filter": "(n_name = 'MOZAMBIQUE'::bpchar)"}, {"Node Type": "Bitmap Heap Scan", "Parent Relationship": "Inner", "Relation Name": "supplier", "Alias": "supplier", "Startup Cost": 10000000095.25, "Total Cost": 1000000249203.81, "Plan Rows": 4000, "Plan Width": 12, "Recheck Cond": "(s_nationkey = public.nation.n_nationkey)", "Plans": [{"Node Type": "Bitmap Index Scan", "Parent Relationship": "Outer", "Index Name": "idx_supplier_nation_key", "Startup Cost": 0.0, "Total Cost": 94.25, "Plan Rows": 4000, "Plan Width": 0, "Index Cond": "(s_nationkey = public.nation.n_nationkey)"}]}]}, {"Node Type": "Hash", "Parent Relationship": "Inner", "Startup Cost": 1000043148503.38, "Total Cost": 1000043148503.38, "Plan Rows": 8000372, "Plan Width": 32, "Plans": [{"Node Type": "Index Scan", "Parent Relationship": "Outer", "Scan Direction": "Forward", "Index Name": "idx_partsupp_partkey", "Relation Name": "partsupp", "Alias": "partsupp", "Startup Cost": 10000000000.0, "Total Cost": 1000043148503.38, "Plan Rows": 8000372, "Plan Width": 32}]}]}]}]}, "Unique SQL Id": 2932834211, "Planner Runtime": 0}, "explain_analyze_plan": null}, "(64, 112)": {"explain_plan": {"Plan": {"Node Type": "Sort", "Startup Cost": 86957.11, "Total Cost": 87091.56, "Plan Rows": 53780, "Plan Width": 40, "Sort Key": ["(sum((public.partsupp.ps_supplycost * (public.partsupp.ps_availqty)::double precision))) DESC"], "Plans": [{"Node Type": "Aggregate", "Strategy": "Plain", "Parent Relationship": "exec_init_plan", "Subplan Name": "InitPlan 1 (returns $2)", "Startup Cost": 40760.67, "Total Cost": 40760.68, "Plan Rows": 1, "Plan Width": 24, "Plans": [{"Node Type": "Nested Loop", "Parent Relationship": "Outer", "Join Type": "Inner", "Startup Cost": 95.25, "Total Cost": 40357.32, "Plan Rows": 53780, "Plan Width": 16, "Inner Unique": false, "Plans": [{"Node Type": "Nested Loop", "Parent Relationship": "Outer", "Join Type": "Inner", "Startup Cost": 95.25, "Total Cost": 2533.35, "Plan Rows": 4000, "Plan Width": 8, "Inner Unique": false, "Plans": [{"Node Type": "Seq Scan", "Parent Relationship": "Outer", "Relation Name": "nation", "Alias": "nation", "Startup Cost": 0.0, "Total Cost": 1.31, "Plan Rows": 1, "Plan Width": 4, "Filter": "(n_name = 'MOZAMBIQUE'::bpchar)"}, {"Node Type": "Bitmap Heap Scan", "Parent Relationship": "Inner", "Relation Name": "supplier", "Alias": "supplier", "Startup Cost": 95.25, "Total Cost": 2492.04, "Plan Rows": 4000, "Plan Width": 12, "Recheck Cond": "(s_nationkey = public.nation.n_nationkey)", "Plans": [{"Node Type": "Bitmap Index Scan", "Parent Relationship": "Outer", "Index Name": "idx_supplier_nation_key", "Startup Cost": 0.0, "Total Cost": 94.25, "Plan Rows": 4000, "Plan Width": 0, "Index Cond": "(s_nationkey = public.nation.n_nationkey)"}]}]}, {"Node Type": "Index Scan", "Parent Relationship": "Inner", "Scan Direction": "Forward", "Index Name": "idx_partsupp_suppkey", "Relation Name": "partsupp", "Alias": "partsupp", "Startup Cost": 0.0, "Total Cost": 9.33, "Plan Rows": 13, "Plan Width": 24, "Index Cond": "(ps_suppkey = public.supplier.s_suppkey)"}]}]}, {"Node Type": "Aggregate", "Strategy": "Hashed", "Parent Relationship": "Outer", "Startup Cost": 41298.47, "Total Cost": 41970.72, "Plan Rows": 53780, "Plan Width": 40, "Group By Key": ["public.partsupp.ps_partkey"], "Filter": "(sum((public.partsupp.ps_supplycost * (public.partsupp.ps_availqty)::double precision)) > $2)", "Plans": [{"Node Type": "Nested Loop", "Parent Relationship": "Outer", "Join Type": "Inner", "Startup Cost": 95.25, "Total Cost": 40357.32, "Plan Rows": 53780, "Plan Width": 24, "Inner Unique": false, "Plans": [{"Node Type": "Nested Loop", "Parent Relationship": "Outer", "Join Type": "Inner", "Startup Cost": 95.25, "Total Cost": 2533.35, "Plan Rows": 4000, "Plan Width": 8, "Inner Unique": false, "Plans": [{"Node Type": "Seq Scan", "Parent Relationship": "Outer", "Relation Name": "nation", "Alias": "nation", "Startup Cost": 0.0, "Total Cost": 1.31, "Plan Rows": 1, "Plan Width": 4, "Filter": "(n_name = 'MOZAMBIQUE'::bpchar)"}, {"Node Type": "Bitmap Heap Scan", "Parent Relationship": "Inner", "Relation Name": "supplier", "Alias": "supplier", "Startup Cost": 95.25, "Total Cost": 2492.04, "Plan Rows": 4000, "Plan Width": 12, "Recheck Cond": "(s_nationkey = public.nation.n_nationkey)", "Plans": [{"Node Type": "Bitmap Index Scan", "Parent Relationship": "Outer", "Index Name": "idx_supplier_nation_key", "Startup Cost": 0.0, "Total Cost": 94.25, "Plan Rows": 4000, "Plan Width": 0, "Index Cond": "(s_nationkey = public.nation.n_nationkey)"}]}]}, {"Node Type": "Index Scan", "Parent Relationship": "Inner", "Scan Direction": "Forward", "Index Name": "idx_partsupp_suppkey", "Relation Name": "partsupp", "Alias": "partsupp", "Startup Cost": 0.0, "Total Cost": 9.33, "Plan Rows": 13, "Plan Width": 32, "Index Cond": "(ps_suppkey = public.supplier.s_suppkey)"}]}]}]}, "Unique SQL Id": 2932834211, "Planner Runtime": 0}, "explain_analyze_plan": {"Plan": {"Node Type": "Sort", "Startup Cost": 86957.11, "Total Cost": 87091.56, "Plan Rows": 53780, "Plan Width": 40, "Actual Startup Time": 1757.818, "Actual Total Time": 1757.818, "Actual Rows": 0, "Actual Loops": 1, "Sort Key": ["(sum((public.partsupp.ps_supplycost * (public.partsupp.ps_availqty)::double precision))) DESC"], "Sort Method": "quicksort", "Sort Space Used": 25, "Sort Space Type": "Memory", "Plans": [{"Node Type": "Aggregate", "Strategy": "Plain", "Parent Relationship": "exec_init_plan", "Subplan Name": "InitPlan 1 (returns $2)", "Startup Cost": 40760.67, "Total Cost": 40760.68, "Plan Rows": 1, "Plan Width": 24, "Actual Startup Time": 685.274, "Actual Total Time": 685.274, "Actual Rows": 1, "Actual Loops": 1, "Plans": [{"Node Type": "Nested Loop", "Parent Relationship": "Outer", "Join Type": "Inner", "Startup Cost": 95.25, "Total Cost": 40357.32, "Plan Rows": 53780, "Plan Width": 16, "Actual Startup Time": 0.989, "Actual Total Time": 550.199, "Actual Rows": 313920, "Actual Loops": 1, "Inner Unique": false, "Plans": [{"Node Type": "Nested Loop", "Parent Relationship": "Outer", "Join Type": "Inner", "Startup Cost": 95.25, "Total Cost": 2533.35, "Plan Rows": 4000, "Plan Width": 8, "Actual Startup Time": 0.963, "Actual Total Time": 7.289, "Actual Rows": 3924, "Actual Loops": 1, "Inner Unique": false, "Plans": [{"Node Type": "Seq Scan", "Parent Relationship": "Outer", "Relation Name": "nation", "Alias": "nation", "Startup Cost": 0.0, "Total Cost": 1.31, "Plan Rows": 1, "Plan Width": 4, "Actual Startup Time": 0.043, "Actual Total Time": 0.055, "Actual Rows": 1, "Actual Loops": 1, "Filter": "(n_name = 'MOZAMBIQUE'::bpchar)", "Rows Removed by Filter": 24}, {"Node Type": "Bitmap Heap Scan", "Parent Relationship": "Inner", "Relation Name": "supplier", "Alias": "supplier", "Startup Cost": 95.25, "Total Cost": 2492.04, "Plan Rows": 4000, "Plan Width": 12, "Actual Startup Time": 0.903, "Actual Total Time": 6.347, "Actual Rows": 3924, "Actual Loops": 1, "Recheck Cond": "(s_nationkey = public.nation.n_nationkey)", "Rows Removed by Index Recheck": 0, "Exact Heap Blocks": 1895, "Lossy Heap Blocks": 1895, "Plans": [{"Node Type": "Bitmap Index Scan", "Parent Relationship": "Outer", "Index Name": "idx_supplier_nation_key", "Startup Cost": 0.0, "Total Cost": 94.25, "Plan Rows": 4000, "Plan Width": 0, "Actual Startup Time": 0.624, "Actual Total Time": 0.624, "Actual Rows": 3924, "Actual Loops": 1, "Index Cond": "(s_nationkey = public.nation.n_nationkey)"}]}]}, {"Node Type": "Index Scan", "Parent Relationship": "Inner", "Scan Direction": "Forward", "Index Name": "idx_partsupp_suppkey", "Relation Name": "partsupp", "Alias": "partsupp", "Startup Cost": 0.0, "Total Cost": 9.33, "Plan Rows": 13, "Plan Width": 24, "Actual Startup Time": 41.836, "Actual Total Time": 476.637, "Actual Rows": 313920, "Actual Loops": 3924, "Index Cond": "(ps_suppkey = public.supplier.s_suppkey)", "Rows Removed by Index Recheck": 0}]}]}, {"Node Type": "Aggregate", "Strategy": "Hashed", "Parent Relationship": "Outer", "Startup Cost": 41298.47, "Total Cost": 41970.72, "Plan Rows": 53780, "Plan Width": 40, "Actual Startup Time": 1757.278, "Actual Total Time": 1757.278, "Actual Rows": 0, "Actual Loops": 1, "Group By Key": ["public.partsupp.ps_partkey"], "Filter": "(sum((public.partsupp.ps_supplycost * (public.partsupp.ps_availqty)::double precision)) > $2)", "Rows Removed by Filter": 295792, "Plans": [{"Node Type": "Nested Loop", "Parent Relationship": "Outer", "Join Type": "Inner", "Startup Cost": 95.25, "Total Cost": 40357.32, "Plan Rows": 53780, "Plan Width": 24, "Actual Startup Time": 0.989, "Actual Total Time": 653.431, "Actual Rows": 313920, "Actual Loops": 1, "Inner Unique": false, "Plans": [{"Node Type": "Nested Loop", "Parent Relationship": "Outer", "Join Type": "Inner", "Startup Cost": 95.25, "Total Cost": 2533.35, "Plan Rows": 4000, "Plan Width": 8, "Actual Startup Time": 0.965, "Actual Total Time": 8.619, "Actual Rows": 3924, "Actual Loops": 1, "Inner Unique": false, "Plans": [{"Node Type": "Seq Scan", "Parent Relationship": "Outer", "Relation Name": "nation", "Alias": "nation", "Startup Cost": 0.0, "Total Cost": 1.31, "Plan Rows": 1, "Plan Width": 4, "Actual Startup Time": 0.03, "Actual Total Time": 0.047, "Actual Rows": 1, "Actual Loops": 1, "Filter": "(n_name = 'MOZAMBIQUE'::bpchar)", "Rows Removed by Filter": 24}, {"Node Type": "Bitmap Heap Scan", "Parent Relationship": "Inner", "Relation Name": "supplier", "Alias": "supplier", "Startup Cost": 95.25, "Total Cost": 2492.04, "Plan Rows": 4000, "Plan Width": 12, "Actual Startup Time": 0.928, "Actual Total Time": 7.555, "Actual Rows": 3924, "Actual Loops": 1, "Recheck Cond": "(s_nationkey = public.nation.n_nationkey)", "Rows Removed by Index Recheck": 0, "Exact Heap Blocks": 1895, "Lossy Heap Blocks": 1895, "Plans": [{"Node Type": "Bitmap Index Scan", "Parent Relationship": "Outer", "Index Name": "idx_supplier_nation_key", "Startup Cost": 0.0, "Total Cost": 94.25, "Plan Rows": 4000, "Plan Width": 0, "Actual Startup Time": 0.644, "Actual Total Time": 0.644, "Actual Rows": 3924, "Actual Loops": 1, "Index Cond": "(s_nationkey = public.nation.n_nationkey)"}]}]}, {"Node Type": "Index Scan", "Parent Relationship": "Inner", "Scan Direction": "Forward", "Index Name": "idx_partsupp_suppkey", "Relation Name": "partsupp", "Alias": "partsupp", "Startup Cost": 0.0, "Total Cost": 9.33, "Plan Rows": 13, "Plan Width": 32, "Actual Startup Time": 48.203, "Actual Total Time": 572.851, "Actual Rows": 313920, "Actual Loops": 3924, "Index Cond": "(ps_suppkey = public.supplier.s_suppkey)", "Rows Removed by Index Recheck": 0}]}]}]}, "Triggers": [], "Planner Runtime": 0, "Total Runtime": 1758.153, "Unique SQL Id": 2932834211}}, "(64, 113)": {"explain_plan": {"Plan": {"Node Type": "Sort", "Startup Cost": 86979.86, "Total Cost": 87114.31, "Plan Rows": 53780, "Plan Width": 40, "Sort Key": ["(sum((public.partsupp.ps_supplycost * (public.partsupp.ps_availqty)::double precision))) DESC"], "Plans": [{"Node Type": "Aggregate", "Strategy": "Plain", "Parent Relationship": "exec_init_plan", "Subplan Name": "InitPlan 1 (returns $2)", "Startup Cost": 40772.04, "Total Cost": 40772.06, "Plan Rows": 1, "Plan Width": 24, "Plans": [{"Node Type": "Nested Loop", "Parent Relationship": "Outer", "Join Type": "Inner", "Startup Cost": 95.25, "Total Cost": 40368.69, "Plan Rows": 53780, "Plan Width": 16, "Inner Unique": false, "Plans": [{"Node Type": "Nested Loop", "Parent Relationship": "Outer", "Join Type": "Inner", "Startup Cost": 95.25, "Total Cost": 2544.73, "Plan Rows": 4000, "Plan Width": 8, "Inner Unique": false, "Plans": [{"Node Type": "Index Scan", "Parent Relationship": "Outer", "Scan Direction": "Forward", "Index Name": "nation_pkey", "Relation Name": "nation", "Alias": "nation", "Startup Cost": 0.0, "Total Cost": 12.69, "Plan Rows": 1, "Plan Width": 4, "Filter": "(n_name = 'MOZAMBIQUE'::bpchar)"}, {"Node Type": "Bitmap Heap Scan", "Parent Relationship": "Inner", "Relation Name": "supplier", "Alias": "supplier", "Startup Cost": 95.25, "Total Cost": 2492.04, "Plan Rows": 4000, "Plan Width": 12, "Recheck Cond": "(s_nationkey = public.nation.n_nationkey)", "Plans": [{"Node Type": "Bitmap Index Scan", "Parent Relationship": "Outer", "Index Name": "idx_supplier_nation_key", "Startup Cost": 0.0, "Total Cost": 94.25, "Plan Rows": 4000, "Plan Width": 0, "Index Cond": "(s_nationkey = public.nation.n_nationkey)"}]}]}, {"Node Type": "Index Scan", "Parent Relationship": "Inner", "Scan Direction": "Forward", "Index Name": "idx_partsupp_suppkey", "Relation Name": "partsupp", "Alias": "partsupp", "Startup Cost": 0.0, "Total Cost": 9.33, "Plan Rows": 13, "Plan Width": 24, "Index Cond": "(ps_suppkey = public.supplier.s_suppkey)"}]}]}, {"Node Type": "Aggregate", "Strategy": "Hashed", "Parent Relationship": "Outer", "Startup Cost": 41309.84, "Total Cost": 41982.09, "Plan Rows": 53780, "Plan Width": 40, "Group By Key": ["public.partsupp.ps_partkey"], "Filter": "(sum((public.partsupp.ps_supplycost * (public.partsupp.ps_availqty)::double precision)) > $2)", "Plans": [{"Node Type": "Nested Loop", "Parent Relationship": "Outer", "Join Type": "Inner", "Startup Cost": 95.25, "Total Cost": 40368.69, "Plan Rows": 53780, "Plan Width": 24, "Inner Unique": false, "Plans": [{"Node Type": "Nested Loop", "Parent Relationship": "Outer", "Join Type": "Inner", "Startup Cost": 95.25, "Total Cost": 2544.73, "Plan Rows": 4000, "Plan Width": 8, "Inner Unique": false, "Plans": [{"Node Type": "Index Scan", "Parent Relationship": "Outer", "Scan Direction": "Forward", "Index Name": "nation_pkey", "Relation Name": "nation", "Alias": "nation", "Startup Cost": 0.0, "Total Cost": 12.69, "Plan Rows": 1, "Plan Width": 4, "Filter": "(n_name = 'MOZAMBIQUE'::bpchar)"}, {"Node Type": "Bitmap Heap Scan", "Parent Relationship": "Inner", "Relation Name": "supplier", "Alias": "supplier", "Startup Cost": 95.25, "Total Cost": 2492.04, "Plan Rows": 4000, "Plan Width": 12, "Recheck Cond": "(s_nationkey = public.nation.n_nationkey)", "Plans": [{"Node Type": "Bitmap Index Scan", "Parent Relationship": "Outer", "Index Name": "idx_supplier_nation_key", "Startup Cost": 0.0, "Total Cost": 94.25, "Plan Rows": 4000, "Plan Width": 0, "Index Cond": "(s_nationkey = public.nation.n_nationkey)"}]}]}, {"Node Type": "Index Scan", "Parent Relationship": "Inner", "Scan Direction": "Forward", "Index Name": "idx_partsupp_suppkey", "Relation Name": "partsupp", "Alias": "partsupp", "Startup Cost": 0.0, "Total Cost": 9.33, "Plan Rows": 13, "Plan Width": 32, "Index Cond": "(ps_suppkey = public.supplier.s_suppkey)"}]}]}]}, "Unique SQL Id": 2932834211, "Planner Runtime": 0}, "explain_analyze_plan": {"Plan": {"Node Type": "Sort", "Startup Cost": 86979.86, "Total Cost": 87114.31, "Plan Rows": 53780, "Plan Width": 40, "Actual Startup Time": 1762.834, "Actual Total Time": 1762.834, "Actual Rows": 0, "Actual Loops": 1, "Sort Key": ["(sum((public.partsupp.ps_supplycost * (public.partsupp.ps_availqty)::double precision))) DESC"], "Sort Method": "quicksort", "Sort Space Used": 25, "Sort Space Type": "Memory", "Plans": [{"Node Type": "Aggregate", "Strategy": "Plain", "Parent Relationship": "exec_init_plan", "Subplan Name": "InitPlan 1 (returns $2)", "Startup Cost": 40772.04, "Total Cost": 40772.06, "Plan Rows": 1, "Plan Width": 24, "Actual Startup Time": 757.478, "Actual Total Time": 757.478, "Actual Rows": 1, "Actual Loops": 1, "Plans": [{"Node Type": "Nested Loop", "Parent Relationship": "Outer", "Join Type": "Inner", "Startup Cost": 95.25, "Total Cost": 40368.69, "Plan Rows": 53780, "Plan Width": 16, "Actual Startup Time": 0.979, "Actual Total Time": 621.76, "Actual Rows": 313920, "Actual Loops": 1, "Inner Unique": false, "Plans": [{"Node Type": "Nested Loop", "Parent Relationship": "Outer", "Join Type": "Inner", "Startup Cost": 95.25, "Total Cost": 2544.73, "Plan Rows": 4000, "Plan Width": 8, "Actual Startup Time": 0.958, "Actual Total Time": 8.05, "Actual Rows": 3924, "Actual Loops": 1, "Inner Unique": false, "Plans": [{"Node Type": "Index Scan", "Parent Relationship": "Outer", "Scan Direction": "Forward", "Index Name": "nation_pkey", "Relation Name": "nation", "Alias": "nation", "Startup Cost": 0.0, "Total Cost": 12.69, "Plan Rows": 1, "Plan Width": 4, "Actual Startup Time": 0.038, "Actual Total Time": 0.053, "Actual Rows": 1, "Actual Loops": 1, "Filter": "(n_name = 'MOZAMBIQUE'::bpchar)", "Rows Removed by Filter": 24}, {"Node Type": "Bitmap Heap Scan", "Parent Relationship": "Inner", "Relation Name": "supplier", "Alias": "supplier", "Startup Cost": 95.25, "Total Cost": 2492.04, "Plan Rows": 4000, "Plan Width": 12, "Actual Startup Time": 0.903, "Actual Total Time": 7.053, "Actual Rows": 3924, "Actual Loops": 1, "Recheck Cond": "(s_nationkey = public.nation.n_nationkey)", "Rows Removed by Index Recheck": 0, "Exact Heap Blocks": 1895, "Lossy Heap Blocks": 1895, "Plans": [{"Node Type": "Bitmap Index Scan", "Parent Relationship": "Outer", "Index Name": "idx_supplier_nation_key", "Startup Cost": 0.0, "Total Cost": 94.25, "Plan Rows": 4000, "Plan Width": 0, "Actual Startup Time": 0.627, "Actual Total Time": 0.627, "Actual Rows": 3924, "Actual Loops": 1, "Index Cond": "(s_nationkey = public.nation.n_nationkey)"}]}]}, {"Node Type": "Index Scan", "Parent Relationship": "Inner", "Scan Direction": "Forward", "Index Name": "idx_partsupp_suppkey", "Relation Name": "partsupp", "Alias": "partsupp", "Startup Cost": 0.0, "Total Cost": 9.33, "Plan Rows": 13, "Plan Width": 24, "Actual Startup Time": 46.082, "Actual Total Time": 547.337, "Actual Rows": 313920, "Actual Loops": 3924, "Index Cond": "(ps_suppkey = public.supplier.s_suppkey)", "Rows Removed by Index Recheck": 0}]}]}, {"Node Type": "Aggregate", "Strategy": "Hashed", "Parent Relationship": "Outer", "Startup Cost": 41309.84, "Total Cost": 41982.09, "Plan Rows": 53780, "Plan Width": 40, "Actual Startup Time": 1762.251, "Actual Total Time": 1762.251, "Actual Rows": 0, "Actual Loops": 1, "Group By Key": ["public.partsupp.ps_partkey"], "Filter": "(sum((public.partsupp.ps_supplycost * (public.partsupp.ps_availqty)::double precision)) > $2)", "Rows Removed by Filter": 295792, "Plans": [{"Node Type": "Nested Loop", "Parent Relationship": "Outer", "Join Type": "Inner", "Startup Cost": 95.25, "Total Cost": 40368.69, "Plan Rows": 53780, "Plan Width": 24, "Actual Startup Time": 0.974, "Actual Total Time": 574.222, "Actual Rows": 313920, "Actual Loops": 1, "Inner Unique": false, "Plans": [{"Node Type": "Nested Loop", "Parent Relationship": "Outer", "Join Type": "Inner", "Startup Cost": 95.25, "Total Cost": 2544.73, "Plan Rows": 4000, "Plan Width": 8, "Actual Startup Time": 0.951, "Actual Total Time": 7.662, "Actual Rows": 3924, "Actual Loops": 1, "Inner Unique": false, "Plans": [{"Node Type": "Index Scan", "Parent Relationship": "Outer", "Scan Direction": "Forward", "Index Name": "nation_pkey", "Relation Name": "nation", "Alias": "nation", "Startup Cost": 0.0, "Total Cost": 12.69, "Plan Rows": 1, "Plan Width": 4, "Actual Startup Time": 0.031, "Actual Total Time": 0.042, "Actual Rows": 1, "Actual Loops": 1, "Filter": "(n_name = 'MOZAMBIQUE'::bpchar)", "Rows Removed by Filter": 24}, {"Node Type": "Bitmap Heap Scan", "Parent Relationship": "Inner", "Relation Name": "supplier", "Alias": "supplier", "Startup Cost": 95.25, "Total Cost": 2492.04, "Plan Rows": 4000, "Plan Width": 12, "Actual Startup Time": 0.913, "Actual Total Time": 6.701, "Actual Rows": 3924, "Actual Loops": 1, "Recheck Cond": "(s_nationkey = public.nation.n_nationkey)", "Rows Removed by Index Recheck": 0, "Exact Heap Blocks": 1895, "Lossy Heap Blocks": 1895, "Plans": [{"Node Type": "Bitmap Index Scan", "Parent Relationship": "Outer", "Index Name": "idx_supplier_nation_key", "Startup Cost": 0.0, "Total Cost": 94.25, "Plan Rows": 4000, "Plan Width": 0, "Actual Startup Time": 0.621, "Actual Total Time": 0.621, "Actual Rows": 3924, "Actual Loops": 1, "Index Cond": "(s_nationkey = public.nation.n_nationkey)"}]}]}, {"Node Type": "Index Scan", "Parent Relationship": "Inner", "Scan Direction": "Forward", "Index Name": "idx_partsupp_suppkey", "Relation Name": "partsupp", "Alias": "partsupp", "Startup Cost": 0.0, "Total Cost": 9.33, "Plan Rows": 13, "Plan Width": 32, "Actual Startup Time": 43.059, "Actual Total Time": 494.357, "Actual Rows": 313920, "Actual Loops": 3924, "Index Cond": "(ps_suppkey = public.supplier.s_suppkey)", "Rows Removed by Index Recheck": 0}]}]}]}, "Triggers": [], "Planner Runtime": 0, "Total Runtime": 1763.161, "Unique SQL Id": 2932834211}}, "(64, 114)": {"explain_plan": {"Plan": {"Node Type": "Sort", "Startup Cost": 90032.55, "Total Cost": 90167.0, "Plan Rows": 53780, "Plan Width": 40, "Sort Key": ["(sum((public.partsupp.ps_supplycost * (public.partsupp.ps_availqty)::double precision))) DESC"], "Plans": [{"Node Type": "Aggregate", "Strategy": "Plain", "Parent Relationship": "exec_init_plan", "Subplan Name": "InitPlan 1 (returns $2)", "Startup Cost": 42298.39, "Total Cost": 42298.4, "Plan Rows": 1, "Plan Width": 24, "Plans": [{"Node Type": "Nested Loop", "Parent Relationship": "Outer", "Join Type": "Inner", "Startup Cost": 96.82, "Total Cost": 41895.04, "Plan Rows": 53780, "Plan Width": 16, "Inner Unique": false, "Plans": [{"Node Type": "Nested Loop", "Parent Relationship": "Outer", "Join Type": "Inner", "Startup Cost": 95.25, "Total Cost": 2533.35, "Plan Rows": 4000, "Plan Width": 8, "Inner Unique": false, "Plans": [{"Node Type": "Seq Scan", "Parent Relationship": "Outer", "Relation Name": "nation", "Alias": "nation", "Startup Cost": 0.0, "Total Cost": 1.31, "Plan Rows": 1, "Plan Width": 4, "Filter": "(n_name = 'MOZAMBIQUE'::bpchar)"}, {"Node Type": "Bitmap Heap Scan", "Parent Relationship": "Inner", "Relation Name": "supplier", "Alias": "supplier", "Startup Cost": 95.25, "Total Cost": 2492.04, "Plan Rows": 4000, "Plan Width": 12, "Recheck Cond": "(s_nationkey = public.nation.n_nationkey)", "Plans": [{"Node Type": "Bitmap Index Scan", "Parent Relationship": "Outer", "Index Name": "idx_supplier_nation_key", "Startup Cost": 0.0, "Total Cost": 94.25, "Plan Rows": 4000, "Plan Width": 0, "Index Cond": "(s_nationkey = public.nation.n_nationkey)"}]}]}, {"Node Type": "Bitmap Heap Scan", "Parent Relationship": "Inner", "Relation Name": "partsupp", "Alias": "partsupp", "Startup Cost": 1.57, "Total Cost": 9.71, "Plan Rows": 13, "Plan Width": 24, "Recheck Cond": "(ps_suppkey = public.supplier.s_suppkey)", "Plans": [{"Node Type": "Bitmap Index Scan", "Parent Relationship": "Outer", "Index Name": "idx_partsupp_suppkey", "Startup Cost": 0.0, "Total Cost": 1.56, "Plan Rows": 13, "Plan Width": 0, "Index Cond": "(ps_suppkey = public.supplier.s_suppkey)"}]}]}]}, {"Node Type": "Aggregate", "Strategy": "Hashed", "Parent Relationship": "Outer", "Startup Cost": 42836.19, "Total Cost": 43508.44, "Plan Rows": 53780, "Plan Width": 40, "Group By Key": ["public.partsupp.ps_partkey"], "Filter": "(sum((public.partsupp.ps_supplycost * (public.partsupp.ps_availqty)::double precision)) > $2)", "Plans": [{"Node Type": "Nested Loop", "Parent Relationship": "Outer", "Join Type": "Inner", "Startup Cost": 96.82, "Total Cost": 41895.04, "Plan Rows": 53780, "Plan Width": 24, "Inner Unique": false, "Plans": [{"Node Type": "Nested Loop", "Parent Relationship": "Outer", "Join Type": "Inner", "Startup Cost": 95.25, "Total Cost": 2533.35, "Plan Rows": 4000, "Plan Width": 8, "Inner Unique": false, "Plans": [{"Node Type": "Seq Scan", "Parent Relationship": "Outer", "Relation Name": "nation", "Alias": "nation", "Startup Cost": 0.0, "Total Cost": 1.31, "Plan Rows": 1, "Plan Width": 4, "Filter": "(n_name = 'MOZAMBIQUE'::bpchar)"}, {"Node Type": "Bitmap Heap Scan", "Parent Relationship": "Inner", "Relation Name": "supplier", "Alias": "supplier", "Startup Cost": 95.25, "Total Cost": 2492.04, "Plan Rows": 4000, "Plan Width": 12, "Recheck Cond": "(s_nationkey = public.nation.n_nationkey)", "Plans": [{"Node Type": "Bitmap Index Scan", "Parent Relationship": "Outer", "Index Name": "idx_supplier_nation_key", "Startup Cost": 0.0, "Total Cost": 94.25, "Plan Rows": 4000, "Plan Width": 0, "Index Cond": "(s_nationkey = public.nation.n_nationkey)"}]}]}, {"Node Type": "Bitmap Heap Scan", "Parent Relationship": "Inner", "Relation Name": "partsupp", "Alias": "partsupp", "Startup Cost": 1.57, "Total Cost": 9.71, "Plan Rows": 13, "Plan Width": 32, "Recheck Cond": "(ps_suppkey = public.supplier.s_suppkey)", "Plans": [{"Node Type": "Bitmap Index Scan", "Parent Relationship": "Outer", "Index Name": "idx_partsupp_suppkey", "Startup Cost": 0.0, "Total Cost": 1.56, "Plan Rows": 13, "Plan Width": 0, "Index Cond": "(ps_suppkey = public.supplier.s_suppkey)"}]}]}]}]}, "Unique SQL Id": 2932834211, "Planner Runtime": 0}, "explain_analyze_plan": {"Plan": {"Node Type": "Sort", "Startup Cost": 90032.55, "Total Cost": 90167.0, "Plan Rows": 53780, "Plan Width": 40, "Actual Startup Time": 1938.442, "Actual Total Time": 1938.442, "Actual Rows": 0, "Actual Loops": 1, "Sort Key": ["(sum((public.partsupp.ps_supplycost * (public.partsupp.ps_availqty)::double precision))) DESC"], "Sort Method": "quicksort", "Sort Space Used": 25, "Sort Space Type": "Memory", "Plans": [{"Node Type": "Aggregate", "Strategy": "Plain", "Parent Relationship": "exec_init_plan", "Subplan Name": "InitPlan 1 (returns $2)", "Startup Cost": 42298.39, "Total Cost": 42298.4, "Plan Rows": 1, "Plan Width": 24, "Actual Startup Time": 849.92, "Actual Total Time": 849.921, "Actual Rows": 1, "Actual Loops": 1, "Plans": [{"Node Type": "Nested Loop", "Parent Relationship": "Outer", "Join Type": "Inner", "Startup Cost": 96.82, "Total Cost": 41895.04, "Plan Rows": 53780, "Plan Width": 16, "Actual Startup Time": 1.032, "Actual Total Time": 721.537, "Actual Rows": 313920, "Actual Loops": 1, "Inner Unique": false, "Plans": [{"Node Type": "Nested Loop", "Parent Relationship": "Outer", "Join Type": "Inner", "Startup Cost": 95.25, "Total Cost": 2533.35, "Plan Rows": 4000, "Plan Width": 8, "Actual Startup Time": 0.983, "Actual Total Time": 7.832, "Actual Rows": 3924, "Actual Loops": 1, "Inner Unique": false, "Plans": [{"Node Type": "Seq Scan", "Parent Relationship": "Outer", "Relation Name": "nation", "Alias": "nation", "Startup Cost": 0.0, "Total Cost": 1.31, "Plan Rows": 1, "Plan Width": 4, "Actual Startup Time": 0.036, "Actual Total Time": 0.051, "Actual Rows": 1, "Actual Loops": 1, "Filter": "(n_name = 'MOZAMBIQUE'::bpchar)", "Rows Removed by Filter": 24}, {"Node Type": "Bitmap Heap Scan", "Parent Relationship": "Inner", "Relation Name": "supplier", "Alias": "supplier", "Startup Cost": 95.25, "Total Cost": 2492.04, "Plan Rows": 4000, "Plan Width": 12, "Actual Startup Time": 0.939, "Actual Total Time": 6.87, "Actual Rows": 3924, "Actual Loops": 1, "Recheck Cond": "(s_nationkey = public.nation.n_nationkey)", "Rows Removed by Index Recheck": 0, "Exact Heap Blocks": 1895, "Lossy Heap Blocks": 1895, "Plans": [{"Node Type": "Bitmap Index Scan", "Parent Relationship": "Outer", "Index Name": "idx_supplier_nation_key", "Startup Cost": 0.0, "Total Cost": 94.25, "Plan Rows": 4000, "Plan Width": 0, "Actual Startup Time": 0.649, "Actual Total Time": 0.649, "Actual Rows": 3924, "Actual Loops": 1, "Index Cond": "(s_nationkey = public.nation.n_nationkey)"}]}]}, {"Node Type": "Bitmap Heap Scan", "Parent Relationship": "Inner", "Relation Name": "partsupp", "Alias": "partsupp", "Startup Cost": 1.57, "Total Cost": 9.71, "Plan Rows": 13, "Plan Width": 24, "Actual Startup Time": 100.697, "Actual Total Time": 646.011, "Actual Rows": 313920, "Actual Loops": 3924, "Recheck Cond": "(ps_suppkey = public.supplier.s_suppkey)", "Rows Removed by Index Recheck": 0, "Exact Heap Blocks": 313920, "Lossy Heap Blocks": 313920, "Plans": [{"Node Type": "Bitmap Index Scan", "Parent Relationship": "Outer", "Index Name": "idx_partsupp_suppkey", "Startup Cost": 0.0, "Total Cost": 1.56, "Plan Rows": 13, "Plan Width": 0, "Actual Startup Time": 62.61, "Actual Total Time": 62.61, "Actual Rows": 313920, "Actual Loops": 3924, "Index Cond": "(ps_suppkey = public.supplier.s_suppkey)"}]}]}]}, {"Node Type": "Aggregate", "Strategy": "Hashed", "Parent Relationship": "Outer", "Startup Cost": 42836.19, "Total Cost": 43508.44, "Plan Rows": 53780, "Plan Width": 40, "Actual Startup Time": 1938.021, "Actual Total Time": 1938.021, "Actual Rows": 0, "Actual Loops": 1, "Group By Key": ["public.partsupp.ps_partkey"], "Filter": "(sum((public.partsupp.ps_supplycost * (public.partsupp.ps_availqty)::double precision)) > $2)", "Rows Removed by Filter": 295792, "Plans": [{"Node Type": "Nested Loop", "Parent Relationship": "Outer", "Join Type": "Inner", "Startup Cost": 96.82, "Total Cost": 41895.04, "Plan Rows": 53780, "Plan Width": 24, "Actual Startup Time": 0.995, "Actual Total Time": 708.938, "Actual Rows": 313920, "Actual Loops": 1, "Inner Unique": false, "Plans": [{"Node Type": "Nested Loop", "Parent Relationship": "Outer", "Join Type": "Inner", "Startup Cost": 95.25, "Total Cost": 2533.35, "Plan Rows": 4000, "Plan Width": 8, "Actual Startup Time": 0.951, "Actual Total Time": 7.412, "Actual Rows": 3924, "Actual Loops": 1, "Inner Unique": false, "Plans": [{"Node Type": "Seq Scan", "Parent Relationship": "Outer", "Relation Name": "nation", "Alias": "nation", "Startup Cost": 0.0, "Total Cost": 1.31, "Plan Rows": 1, "Plan Width": 4, "Actual Startup Time": 0.031, "Actual Total Time": 0.045, "Actual Rows": 1, "Actual Loops": 1, "Filter": "(n_name = 'MOZAMBIQUE'::bpchar)", "Rows Removed by Filter": 24}, {"Node Type": "Bitmap Heap Scan", "Parent Relationship": "Inner", "Relation Name": "supplier", "Alias": "supplier", "Startup Cost": 95.25, "Total Cost": 2492.04, "Plan Rows": 4000, "Plan Width": 12, "Actual Startup Time": 0.912, "Actual Total Time": 6.426, "Actual Rows": 3924, "Actual Loops": 1, "Recheck Cond": "(s_nationkey = public.nation.n_nationkey)", "Rows Removed by Index Recheck": 0, "Exact Heap Blocks": 1895, "Lossy Heap Blocks": 1895, "Plans": [{"Node Type": "Bitmap Index Scan", "Parent Relationship": "Outer", "Index Name": "idx_supplier_nation_key", "Startup Cost": 0.0, "Total Cost": 94.25, "Plan Rows": 4000, "Plan Width": 0, "Actual Startup Time": 0.632, "Actual Total Time": 0.632, "Actual Rows": 3924, "Actual Loops": 1, "Index Cond": "(s_nationkey = public.nation.n_nationkey)"}]}]}, {"Node Type": "Bitmap Heap Scan", "Parent Relationship": "Inner", "Relation Name": "partsupp", "Alias": "partsupp", "Startup Cost": 1.57, "Total Cost": 9.71, "Plan Rows": 13, "Plan Width": 32, "Actual Startup Time": 100.385, "Actual Total Time": 627.624, "Actual Rows": 313920, "Actual Loops": 3924, "Recheck Cond": "(ps_suppkey = public.supplier.s_suppkey)", "Rows Removed by Index Recheck": 0, "Exact Heap Blocks": 313920, "Lossy Heap Blocks": 313920, "Plans": [{"Node Type": "Bitmap Index Scan", "Parent Relationship": "Outer", "Index Name": "idx_partsupp_suppkey", "Startup Cost": 0.0, "Total Cost": 1.56, "Plan Rows": 13, "Plan Width": 0, "Actual Startup Time": 62.318, "Actual Total Time": 62.318, "Actual Rows": 313920, "Actual Loops": 3924, "Index Cond": "(ps_suppkey = public.supplier.s_suppkey)"}]}]}]}]}, "Triggers": [], "Planner Runtime": 0, "Total Runtime": 1938.921, "Unique SQL Id": 2932834211}}, "(64, 115)": {"explain_plan": {"Plan": {"Node Type": "Sort", "Startup Cost": 2000084159245.82, "Total Cost": 2000084159380.27, "Plan Rows": 53780, "Plan Width": 40, "Sort Key": ["(sum((public.partsupp.ps_supplycost * (public.partsupp.ps_availqty)::double precision))) DESC"], "Plans": [{"Node Type": "Aggregate", "Strategy": "Plain", "Parent Relationship": "exec_init_plan", "Subplan Name": "InitPlan 1 (returns $2)", "Startup Cost": 1000001001502.42, "Total Cost": 1000001001502.43, "Plan Rows": 1, "Plan Width": 24, "Plans": [{"Node Type": "Nested Loop", "Parent Relationship": "Outer", "Join Type": "Inner", "Startup Cost": 10000000001.83, "Total Cost": 1000001001099.07, "Plan Rows": 53780, "Plan Width": 16, "Inner Unique": false, "Plans": [{"Node Type": "Nested Loop", "Parent Relationship": "Outer", "Join Type": "Inner", "Startup Cost": 10000000000.26, "Total Cost": 1000000961737.38, "Plan Rows": 4000, "Plan Width": 8, "Inner Unique": true, "Plans": [{"Node Type": "Index Scan", "Parent Relationship": "Outer", "Scan Direction": "Forward", "Index Name": "supplier_pkey", "Relation Name": "supplier", "Alias": "supplier", "Startup Cost": 10000000000.0, "Total Cost": 1000000533454.38, "Plan Rows": 100000, "Plan Width": 12}, {"Node Type": "Bitmap Heap Scan", "Parent Relationship": "Inner", "Relation Name": "nation", "Alias": "nation", "Startup Cost": 0.26, "Total Cost": 4.27, "Plan Rows": 1, "Plan Width": 4, "Recheck Cond": "(n_nationkey = public.supplier.s_nationkey)", "Filter": "(n_name = 'MOZAMBIQUE'::bpchar)", "Plans": [{"Node Type": "Bitmap Index Scan", "Parent Relationship": "Outer", "Index Name": "nation_pkey", "Startup Cost": 0.0, "Total Cost": 0.26, "Plan Rows": 1, "Plan Width": 0, "Index Cond": "(n_nationkey = public.supplier.s_nationkey)"}]}]}, {"Node Type": "Bitmap Heap Scan", "Parent Relationship": "Inner", "Relation Name": "partsupp", "Alias": "partsupp", "Startup Cost": 1.57, "Total Cost": 9.71, "Plan Rows": 13, "Plan Width": 24, "Recheck Cond": "(ps_suppkey = public.supplier.s_suppkey)", "Plans": [{"Node Type": "Bitmap Index Scan", "Parent Relationship": "Outer", "Index Name": "idx_partsupp_suppkey", "Startup Cost": 0.0, "Total Cost": 1.56, "Plan Rows": 13, "Plan Width": 0, "Index Cond": "(ps_suppkey = public.supplier.s_suppkey)"}]}]}]}, {"Node Type": "Aggregate", "Strategy": "Hashed", "Parent Relationship": "Outer", "Startup Cost": 1000083152845.44, "Total Cost": 1000083153517.69, "Plan Rows": 53780, "Plan Width": 40, "Group By Key": ["public.partsupp.ps_partkey"], "Filter": "(sum((public.partsupp.ps_supplycost * (public.partsupp.ps_availqty)::double precision)) > $2)", "Plans": [{"Node Type": "Nested Loop", "Parent Relationship": "Outer", "Join Type": "Inner", "Startup Cost": 10000000000.52, "Total Cost": 1000083151904.29, "Plan Rows": 53780, "Plan Width": 24, "Inner Unique": true, "Plans": [{"Node Type": "Nested Loop", "Parent Relationship": "Outer", "Join Type": "Inner", "Startup Cost": 10000000000.26, "Total Cost": 1000077393643.64, "Plan Rows": 1344499, "Plan Width": 28, "Inner Unique": true, "Plans": [{"Node Type": "Index Scan", "Parent Relationship": "Outer", "Scan Direction": "Forward", "Index Name": "idx_partsupp_partkey", "Relation Name": "partsupp", "Alias": "partsupp", "Startup Cost": 10000000000.0, "Total Cost": 1000043148503.38, "Plan Rows": 8000372, "Plan Width": 32}, {"Node Type": "Bitmap Heap Scan", "Parent Relationship": "Inner", "Relation Name": "supplier", "Alias": "supplier", "Startup Cost": 0.26, "Total Cost": 4.27, "Plan Rows": 1, "Plan Width": 12, "Recheck Cond": "(s_suppkey = public.partsupp.ps_suppkey)", "Plans": [{"Node Type": "Bitmap Index Scan", "Parent Relationship": "Outer", "Index Name": "supplier_pkey", "Startup Cost": 0.0, "Total Cost": 0.26, "Plan Rows": 1, "Plan Width": 0, "Index Cond": "(s_suppkey = public.partsupp.ps_suppkey)"}]}]}, {"Node Type": "Bitmap Heap Scan", "Parent Relationship": "Inner", "Relation Name": "nation", "Alias": "nation", "Startup Cost": 0.26, "Total Cost": 4.27, "Plan Rows": 1, "Plan Width": 4, "Recheck Cond": "(n_nationkey = public.supplier.s_nationkey)", "Filter": "(n_name = 'MOZAMBIQUE'::bpchar)", "Plans": [{"Node Type": "Bitmap Index Scan", "Parent Relationship": "Outer", "Index Name": "nation_pkey", "Startup Cost": 0.0, "Total Cost": 0.26, "Plan Rows": 1, "Plan Width": 0, "Index Cond": "(n_nationkey = public.supplier.s_nationkey)"}]}]}]}]}, "Unique SQL Id": 2932834211, "Planner Runtime": 0}, "explain_analyze_plan": null}, "(64, 116)": {"explain_plan": {"Plan": {"Node Type": "Sort", "Startup Cost": 86957.11, "Total Cost": 87091.56, "Plan Rows": 53780, "Plan Width": 40, "Sort Key": ["(sum((public.partsupp.ps_supplycost * (public.partsupp.ps_availqty)::double precision))) DESC"], "Plans": [{"Node Type": "Aggregate", "Strategy": "Plain", "Parent Relationship": "exec_init_plan", "Subplan Name": "InitPlan 1 (returns $2)", "Startup Cost": 40760.67, "Total Cost": 40760.68, "Plan Rows": 1, "Plan Width": 24, "Plans": [{"Node Type": "Nested Loop", "Parent Relationship": "Outer", "Join Type": "Inner", "Startup Cost": 95.25, "Total Cost": 40357.32, "Plan Rows": 53780, "Plan Width": 16, "Inner Unique": false, "Plans": [{"Node Type": "Nested Loop", "Parent Relationship": "Outer", "Join Type": "Inner", "Startup Cost": 95.25, "Total Cost": 2533.35, "Plan Rows": 4000, "Plan Width": 8, "Inner Unique": false, "Plans": [{"Node Type": "Seq Scan", "Parent Relationship": "Outer", "Relation Name": "nation", "Alias": "nation", "Startup Cost": 0.0, "Total Cost": 1.31, "Plan Rows": 1, "Plan Width": 4, "Filter": "(n_name = 'MOZAMBIQUE'::bpchar)"}, {"Node Type": "Bitmap Heap Scan", "Parent Relationship": "Inner", "Relation Name": "supplier", "Alias": "supplier", "Startup Cost": 95.25, "Total Cost": 2492.04, "Plan Rows": 4000, "Plan Width": 12, "Recheck Cond": "(s_nationkey = public.nation.n_nationkey)", "Plans": [{"Node Type": "Bitmap Index Scan", "Parent Relationship": "Outer", "Index Name": "idx_supplier_nation_key", "Startup Cost": 0.0, "Total Cost": 94.25, "Plan Rows": 4000, "Plan Width": 0, "Index Cond": "(s_nationkey = public.nation.n_nationkey)"}]}]}, {"Node Type": "Index Scan", "Parent Relationship": "Inner", "Scan Direction": "Forward", "Index Name": "idx_partsupp_suppkey", "Relation Name": "partsupp", "Alias": "partsupp", "Startup Cost": 0.0, "Total Cost": 9.33, "Plan Rows": 13, "Plan Width": 24, "Index Cond": "(ps_suppkey = public.supplier.s_suppkey)"}]}]}, {"Node Type": "Aggregate", "Strategy": "Hashed", "Parent Relationship": "Outer", "Startup Cost": 41298.47, "Total Cost": 41970.72, "Plan Rows": 53780, "Plan Width": 40, "Group By Key": ["public.partsupp.ps_partkey"], "Filter": "(sum((public.partsupp.ps_supplycost * (public.partsupp.ps_availqty)::double precision)) > $2)", "Plans": [{"Node Type": "Nested Loop", "Parent Relationship": "Outer", "Join Type": "Inner", "Startup Cost": 95.25, "Total Cost": 40357.32, "Plan Rows": 53780, "Plan Width": 24, "Inner Unique": false, "Plans": [{"Node Type": "Nested Loop", "Parent Relationship": "Outer", "Join Type": "Inner", "Startup Cost": 95.25, "Total Cost": 2533.35, "Plan Rows": 4000, "Plan Width": 8, "Inner Unique": false, "Plans": [{"Node Type": "Seq Scan", "Parent Relationship": "Outer", "Relation Name": "nation", "Alias": "nation", "Startup Cost": 0.0, "Total Cost": 1.31, "Plan Rows": 1, "Plan Width": 4, "Filter": "(n_name = 'MOZAMBIQUE'::bpchar)"}, {"Node Type": "Bitmap Heap Scan", "Parent Relationship": "Inner", "Relation Name": "supplier", "Alias": "supplier", "Startup Cost": 95.25, "Total Cost": 2492.04, "Plan Rows": 4000, "Plan Width": 12, "Recheck Cond": "(s_nationkey = public.nation.n_nationkey)", "Plans": [{"Node Type": "Bitmap Index Scan", "Parent Relationship": "Outer", "Index Name": "idx_supplier_nation_key", "Startup Cost": 0.0, "Total Cost": 94.25, "Plan Rows": 4000, "Plan Width": 0, "Index Cond": "(s_nationkey = public.nation.n_nationkey)"}]}]}, {"Node Type": "Index Scan", "Parent Relationship": "Inner", "Scan Direction": "Forward", "Index Name": "idx_partsupp_suppkey", "Relation Name": "partsupp", "Alias": "partsupp", "Startup Cost": 0.0, "Total Cost": 9.33, "Plan Rows": 13, "Plan Width": 32, "Index Cond": "(ps_suppkey = public.supplier.s_suppkey)"}]}]}]}, "Unique SQL Id": 2932834211, "Planner Runtime": 0}, "explain_analyze_plan": {"Plan": {"Node Type": "Sort", "Startup Cost": 86957.11, "Total Cost": 87091.56, "Plan Rows": 53780, "Plan Width": 40, "Actual Startup Time": 1757.818, "Actual Total Time": 1757.818, "Actual Rows": 0, "Actual Loops": 1, "Sort Key": ["(sum((public.partsupp.ps_supplycost * (public.partsupp.ps_availqty)::double precision))) DESC"], "Sort Method": "quicksort", "Sort Space Used": 25, "Sort Space Type": "Memory", "Plans": [{"Node Type": "Aggregate", "Strategy": "Plain", "Parent Relationship": "exec_init_plan", "Subplan Name": "InitPlan 1 (returns $2)", "Startup Cost": 40760.67, "Total Cost": 40760.68, "Plan Rows": 1, "Plan Width": 24, "Actual Startup Time": 685.274, "Actual Total Time": 685.274, "Actual Rows": 1, "Actual Loops": 1, "Plans": [{"Node Type": "Nested Loop", "Parent Relationship": "Outer", "Join Type": "Inner", "Startup Cost": 95.25, "Total Cost": 40357.32, "Plan Rows": 53780, "Plan Width": 16, "Actual Startup Time": 0.989, "Actual Total Time": 550.199, "Actual Rows": 313920, "Actual Loops": 1, "Inner Unique": false, "Plans": [{"Node Type": "Nested Loop", "Parent Relationship": "Outer", "Join Type": "Inner", "Startup Cost": 95.25, "Total Cost": 2533.35, "Plan Rows": 4000, "Plan Width": 8, "Actual Startup Time": 0.963, "Actual Total Time": 7.289, "Actual Rows": 3924, "Actual Loops": 1, "Inner Unique": false, "Plans": [{"Node Type": "Seq Scan", "Parent Relationship": "Outer", "Relation Name": "nation", "Alias": "nation", "Startup Cost": 0.0, "Total Cost": 1.31, "Plan Rows": 1, "Plan Width": 4, "Actual Startup Time": 0.043, "Actual Total Time": 0.055, "Actual Rows": 1, "Actual Loops": 1, "Filter": "(n_name = 'MOZAMBIQUE'::bpchar)", "Rows Removed by Filter": 24}, {"Node Type": "Bitmap Heap Scan", "Parent Relationship": "Inner", "Relation Name": "supplier", "Alias": "supplier", "Startup Cost": 95.25, "Total Cost": 2492.04, "Plan Rows": 4000, "Plan Width": 12, "Actual Startup Time": 0.903, "Actual Total Time": 6.347, "Actual Rows": 3924, "Actual Loops": 1, "Recheck Cond": "(s_nationkey = public.nation.n_nationkey)", "Rows Removed by Index Recheck": 0, "Exact Heap Blocks": 1895, "Lossy Heap Blocks": 1895, "Plans": [{"Node Type": "Bitmap Index Scan", "Parent Relationship": "Outer", "Index Name": "idx_supplier_nation_key", "Startup Cost": 0.0, "Total Cost": 94.25, "Plan Rows": 4000, "Plan Width": 0, "Actual Startup Time": 0.624, "Actual Total Time": 0.624, "Actual Rows": 3924, "Actual Loops": 1, "Index Cond": "(s_nationkey = public.nation.n_nationkey)"}]}]}, {"Node Type": "Index Scan", "Parent Relationship": "Inner", "Scan Direction": "Forward", "Index Name": "idx_partsupp_suppkey", "Relation Name": "partsupp", "Alias": "partsupp", "Startup Cost": 0.0, "Total Cost": 9.33, "Plan Rows": 13, "Plan Width": 24, "Actual Startup Time": 41.836, "Actual Total Time": 476.637, "Actual Rows": 313920, "Actual Loops": 3924, "Index Cond": "(ps_suppkey = public.supplier.s_suppkey)", "Rows Removed by Index Recheck": 0}]}]}, {"Node Type": "Aggregate", "Strategy": "Hashed", "Parent Relationship": "Outer", "Startup Cost": 41298.47, "Total Cost": 41970.72, "Plan Rows": 53780, "Plan Width": 40, "Actual Startup Time": 1757.278, "Actual Total Time": 1757.278, "Actual Rows": 0, "Actual Loops": 1, "Group By Key": ["public.partsupp.ps_partkey"], "Filter": "(sum((public.partsupp.ps_supplycost * (public.partsupp.ps_availqty)::double precision)) > $2)", "Rows Removed by Filter": 295792, "Plans": [{"Node Type": "Nested Loop", "Parent Relationship": "Outer", "Join Type": "Inner", "Startup Cost": 95.25, "Total Cost": 40357.32, "Plan Rows": 53780, "Plan Width": 24, "Actual Startup Time": 0.989, "Actual Total Time": 653.431, "Actual Rows": 313920, "Actual Loops": 1, "Inner Unique": false, "Plans": [{"Node Type": "Nested Loop", "Parent Relationship": "Outer", "Join Type": "Inner", "Startup Cost": 95.25, "Total Cost": 2533.35, "Plan Rows": 4000, "Plan Width": 8, "Actual Startup Time": 0.965, "Actual Total Time": 8.619, "Actual Rows": 3924, "Actual Loops": 1, "Inner Unique": false, "Plans": [{"Node Type": "Seq Scan", "Parent Relationship": "Outer", "Relation Name": "nation", "Alias": "nation", "Startup Cost": 0.0, "Total Cost": 1.31, "Plan Rows": 1, "Plan Width": 4, "Actual Startup Time": 0.03, "Actual Total Time": 0.047, "Actual Rows": 1, "Actual Loops": 1, "Filter": "(n_name = 'MOZAMBIQUE'::bpchar)", "Rows Removed by Filter": 24}, {"Node Type": "Bitmap Heap Scan", "Parent Relationship": "Inner", "Relation Name": "supplier", "Alias": "supplier", "Startup Cost": 95.25, "Total Cost": 2492.04, "Plan Rows": 4000, "Plan Width": 12, "Actual Startup Time": 0.928, "Actual Total Time": 7.555, "Actual Rows": 3924, "Actual Loops": 1, "Recheck Cond": "(s_nationkey = public.nation.n_nationkey)", "Rows Removed by Index Recheck": 0, "Exact Heap Blocks": 1895, "Lossy Heap Blocks": 1895, "Plans": [{"Node Type": "Bitmap Index Scan", "Parent Relationship": "Outer", "Index Name": "idx_supplier_nation_key", "Startup Cost": 0.0, "Total Cost": 94.25, "Plan Rows": 4000, "Plan Width": 0, "Actual Startup Time": 0.644, "Actual Total Time": 0.644, "Actual Rows": 3924, "Actual Loops": 1, "Index Cond": "(s_nationkey = public.nation.n_nationkey)"}]}]}, {"Node Type": "Index Scan", "Parent Relationship": "Inner", "Scan Direction": "Forward", "Index Name": "idx_partsupp_suppkey", "Relation Name": "partsupp", "Alias": "partsupp", "Startup Cost": 0.0, "Total Cost": 9.33, "Plan Rows": 13, "Plan Width": 32, "Actual Startup Time": 48.203, "Actual Total Time": 572.851, "Actual Rows": 313920, "Actual Loops": 3924, "Index Cond": "(ps_suppkey = public.supplier.s_suppkey)", "Rows Removed by Index Recheck": 0}]}]}]}, "Triggers": [], "Planner Runtime": 0, "Total Runtime": 1758.153, "Unique SQL Id": 2932834211}}, "(64, 117)": {"explain_plan": {"Plan": {"Node Type": "Sort", "Startup Cost": 86979.86, "Total Cost": 87114.31, "Plan Rows": 53780, "Plan Width": 40, "Sort Key": ["(sum((public.partsupp.ps_supplycost * (public.partsupp.ps_availqty)::double precision))) DESC"], "Plans": [{"Node Type": "Aggregate", "Strategy": "Plain", "Parent Relationship": "exec_init_plan", "Subplan Name": "InitPlan 1 (returns $2)", "Startup Cost": 40772.04, "Total Cost": 40772.06, "Plan Rows": 1, "Plan Width": 24, "Plans": [{"Node Type": "Nested Loop", "Parent Relationship": "Outer", "Join Type": "Inner", "Startup Cost": 95.25, "Total Cost": 40368.69, "Plan Rows": 53780, "Plan Width": 16, "Inner Unique": false, "Plans": [{"Node Type": "Nested Loop", "Parent Relationship": "Outer", "Join Type": "Inner", "Startup Cost": 95.25, "Total Cost": 2544.73, "Plan Rows": 4000, "Plan Width": 8, "Inner Unique": false, "Plans": [{"Node Type": "Index Scan", "Parent Relationship": "Outer", "Scan Direction": "Forward", "Index Name": "nation_pkey", "Relation Name": "nation", "Alias": "nation", "Startup Cost": 0.0, "Total Cost": 12.69, "Plan Rows": 1, "Plan Width": 4, "Filter": "(n_name = 'MOZAMBIQUE'::bpchar)"}, {"Node Type": "Bitmap Heap Scan", "Parent Relationship": "Inner", "Relation Name": "supplier", "Alias": "supplier", "Startup Cost": 95.25, "Total Cost": 2492.04, "Plan Rows": 4000, "Plan Width": 12, "Recheck Cond": "(s_nationkey = public.nation.n_nationkey)", "Plans": [{"Node Type": "Bitmap Index Scan", "Parent Relationship": "Outer", "Index Name": "idx_supplier_nation_key", "Startup Cost": 0.0, "Total Cost": 94.25, "Plan Rows": 4000, "Plan Width": 0, "Index Cond": "(s_nationkey = public.nation.n_nationkey)"}]}]}, {"Node Type": "Index Scan", "Parent Relationship": "Inner", "Scan Direction": "Forward", "Index Name": "idx_partsupp_suppkey", "Relation Name": "partsupp", "Alias": "partsupp", "Startup Cost": 0.0, "Total Cost": 9.33, "Plan Rows": 13, "Plan Width": 24, "Index Cond": "(ps_suppkey = public.supplier.s_suppkey)"}]}]}, {"Node Type": "Aggregate", "Strategy": "Hashed", "Parent Relationship": "Outer", "Startup Cost": 41309.84, "Total Cost": 41982.09, "Plan Rows": 53780, "Plan Width": 40, "Group By Key": ["public.partsupp.ps_partkey"], "Filter": "(sum((public.partsupp.ps_supplycost * (public.partsupp.ps_availqty)::double precision)) > $2)", "Plans": [{"Node Type": "Nested Loop", "Parent Relationship": "Outer", "Join Type": "Inner", "Startup Cost": 95.25, "Total Cost": 40368.69, "Plan Rows": 53780, "Plan Width": 24, "Inner Unique": false, "Plans": [{"Node Type": "Nested Loop", "Parent Relationship": "Outer", "Join Type": "Inner", "Startup Cost": 95.25, "Total Cost": 2544.73, "Plan Rows": 4000, "Plan Width": 8, "Inner Unique": false, "Plans": [{"Node Type": "Index Scan", "Parent Relationship": "Outer", "Scan Direction": "Forward", "Index Name": "nation_pkey", "Relation Name": "nation", "Alias": "nation", "Startup Cost": 0.0, "Total Cost": 12.69, "Plan Rows": 1, "Plan Width": 4, "Filter": "(n_name = 'MOZAMBIQUE'::bpchar)"}, {"Node Type": "Bitmap Heap Scan", "Parent Relationship": "Inner", "Relation Name": "supplier", "Alias": "supplier", "Startup Cost": 95.25, "Total Cost": 2492.04, "Plan Rows": 4000, "Plan Width": 12, "Recheck Cond": "(s_nationkey = public.nation.n_nationkey)", "Plans": [{"Node Type": "Bitmap Index Scan", "Parent Relationship": "Outer", "Index Name": "idx_supplier_nation_key", "Startup Cost": 0.0, "Total Cost": 94.25, "Plan Rows": 4000, "Plan Width": 0, "Index Cond": "(s_nationkey = public.nation.n_nationkey)"}]}]}, {"Node Type": "Index Scan", "Parent Relationship": "Inner", "Scan Direction": "Forward", "Index Name": "idx_partsupp_suppkey", "Relation Name": "partsupp", "Alias": "partsupp", "Startup Cost": 0.0, "Total Cost": 9.33, "Plan Rows": 13, "Plan Width": 32, "Index Cond": "(ps_suppkey = public.supplier.s_suppkey)"}]}]}]}, "Unique SQL Id": 2932834211, "Planner Runtime": 0}, "explain_analyze_plan": {"Plan": {"Node Type": "Sort", "Startup Cost": 86979.86, "Total Cost": 87114.31, "Plan Rows": 53780, "Plan Width": 40, "Actual Startup Time": 1762.834, "Actual Total Time": 1762.834, "Actual Rows": 0, "Actual Loops": 1, "Sort Key": ["(sum((public.partsupp.ps_supplycost * (public.partsupp.ps_availqty)::double precision))) DESC"], "Sort Method": "quicksort", "Sort Space Used": 25, "Sort Space Type": "Memory", "Plans": [{"Node Type": "Aggregate", "Strategy": "Plain", "Parent Relationship": "exec_init_plan", "Subplan Name": "InitPlan 1 (returns $2)", "Startup Cost": 40772.04, "Total Cost": 40772.06, "Plan Rows": 1, "Plan Width": 24, "Actual Startup Time": 757.478, "Actual Total Time": 757.478, "Actual Rows": 1, "Actual Loops": 1, "Plans": [{"Node Type": "Nested Loop", "Parent Relationship": "Outer", "Join Type": "Inner", "Startup Cost": 95.25, "Total Cost": 40368.69, "Plan Rows": 53780, "Plan Width": 16, "Actual Startup Time": 0.979, "Actual Total Time": 621.76, "Actual Rows": 313920, "Actual Loops": 1, "Inner Unique": false, "Plans": [{"Node Type": "Nested Loop", "Parent Relationship": "Outer", "Join Type": "Inner", "Startup Cost": 95.25, "Total Cost": 2544.73, "Plan Rows": 4000, "Plan Width": 8, "Actual Startup Time": 0.958, "Actual Total Time": 8.05, "Actual Rows": 3924, "Actual Loops": 1, "Inner Unique": false, "Plans": [{"Node Type": "Index Scan", "Parent Relationship": "Outer", "Scan Direction": "Forward", "Index Name": "nation_pkey", "Relation Name": "nation", "Alias": "nation", "Startup Cost": 0.0, "Total Cost": 12.69, "Plan Rows": 1, "Plan Width": 4, "Actual Startup Time": 0.038, "Actual Total Time": 0.053, "Actual Rows": 1, "Actual Loops": 1, "Filter": "(n_name = 'MOZAMBIQUE'::bpchar)", "Rows Removed by Filter": 24}, {"Node Type": "Bitmap Heap Scan", "Parent Relationship": "Inner", "Relation Name": "supplier", "Alias": "supplier", "Startup Cost": 95.25, "Total Cost": 2492.04, "Plan Rows": 4000, "Plan Width": 12, "Actual Startup Time": 0.903, "Actual Total Time": 7.053, "Actual Rows": 3924, "Actual Loops": 1, "Recheck Cond": "(s_nationkey = public.nation.n_nationkey)", "Rows Removed by Index Recheck": 0, "Exact Heap Blocks": 1895, "Lossy Heap Blocks": 1895, "Plans": [{"Node Type": "Bitmap Index Scan", "Parent Relationship": "Outer", "Index Name": "idx_supplier_nation_key", "Startup Cost": 0.0, "Total Cost": 94.25, "Plan Rows": 4000, "Plan Width": 0, "Actual Startup Time": 0.627, "Actual Total Time": 0.627, "Actual Rows": 3924, "Actual Loops": 1, "Index Cond": "(s_nationkey = public.nation.n_nationkey)"}]}]}, {"Node Type": "Index Scan", "Parent Relationship": "Inner", "Scan Direction": "Forward", "Index Name": "idx_partsupp_suppkey", "Relation Name": "partsupp", "Alias": "partsupp", "Startup Cost": 0.0, "Total Cost": 9.33, "Plan Rows": 13, "Plan Width": 24, "Actual Startup Time": 46.082, "Actual Total Time": 547.337, "Actual Rows": 313920, "Actual Loops": 3924, "Index Cond": "(ps_suppkey = public.supplier.s_suppkey)", "Rows Removed by Index Recheck": 0}]}]}, {"Node Type": "Aggregate", "Strategy": "Hashed", "Parent Relationship": "Outer", "Startup Cost": 41309.84, "Total Cost": 41982.09, "Plan Rows": 53780, "Plan Width": 40, "Actual Startup Time": 1762.251, "Actual Total Time": 1762.251, "Actual Rows": 0, "Actual Loops": 1, "Group By Key": ["public.partsupp.ps_partkey"], "Filter": "(sum((public.partsupp.ps_supplycost * (public.partsupp.ps_availqty)::double precision)) > $2)", "Rows Removed by Filter": 295792, "Plans": [{"Node Type": "Nested Loop", "Parent Relationship": "Outer", "Join Type": "Inner", "Startup Cost": 95.25, "Total Cost": 40368.69, "Plan Rows": 53780, "Plan Width": 24, "Actual Startup Time": 0.974, "Actual Total Time": 574.222, "Actual Rows": 313920, "Actual Loops": 1, "Inner Unique": false, "Plans": [{"Node Type": "Nested Loop", "Parent Relationship": "Outer", "Join Type": "Inner", "Startup Cost": 95.25, "Total Cost": 2544.73, "Plan Rows": 4000, "Plan Width": 8, "Actual Startup Time": 0.951, "Actual Total Time": 7.662, "Actual Rows": 3924, "Actual Loops": 1, "Inner Unique": false, "Plans": [{"Node Type": "Index Scan", "Parent Relationship": "Outer", "Scan Direction": "Forward", "Index Name": "nation_pkey", "Relation Name": "nation", "Alias": "nation", "Startup Cost": 0.0, "Total Cost": 12.69, "Plan Rows": 1, "Plan Width": 4, "Actual Startup Time": 0.031, "Actual Total Time": 0.042, "Actual Rows": 1, "Actual Loops": 1, "Filter": "(n_name = 'MOZAMBIQUE'::bpchar)", "Rows Removed by Filter": 24}, {"Node Type": "Bitmap Heap Scan", "Parent Relationship": "Inner", "Relation Name": "supplier", "Alias": "supplier", "Startup Cost": 95.25, "Total Cost": 2492.04, "Plan Rows": 4000, "Plan Width": 12, "Actual Startup Time": 0.913, "Actual Total Time": 6.701, "Actual Rows": 3924, "Actual Loops": 1, "Recheck Cond": "(s_nationkey = public.nation.n_nationkey)", "Rows Removed by Index Recheck": 0, "Exact Heap Blocks": 1895, "Lossy Heap Blocks": 1895, "Plans": [{"Node Type": "Bitmap Index Scan", "Parent Relationship": "Outer", "Index Name": "idx_supplier_nation_key", "Startup Cost": 0.0, "Total Cost": 94.25, "Plan Rows": 4000, "Plan Width": 0, "Actual Startup Time": 0.621, "Actual Total Time": 0.621, "Actual Rows": 3924, "Actual Loops": 1, "Index Cond": "(s_nationkey = public.nation.n_nationkey)"}]}]}, {"Node Type": "Index Scan", "Parent Relationship": "Inner", "Scan Direction": "Forward", "Index Name": "idx_partsupp_suppkey", "Relation Name": "partsupp", "Alias": "partsupp", "Startup Cost": 0.0, "Total Cost": 9.33, "Plan Rows": 13, "Plan Width": 32, "Actual Startup Time": 43.059, "Actual Total Time": 494.357, "Actual Rows": 313920, "Actual Loops": 3924, "Index Cond": "(ps_suppkey = public.supplier.s_suppkey)", "Rows Removed by Index Recheck": 0}]}]}]}, "Triggers": [], "Planner Runtime": 0, "Total Runtime": 1763.161, "Unique SQL Id": 2932834211}}, "(64, 118)": {"explain_plan": {"Plan": {"Node Type": "Sort", "Startup Cost": 90032.55, "Total Cost": 90167.0, "Plan Rows": 53780, "Plan Width": 40, "Sort Key": ["(sum((public.partsupp.ps_supplycost * (public.partsupp.ps_availqty)::double precision))) DESC"], "Plans": [{"Node Type": "Aggregate", "Strategy": "Plain", "Parent Relationship": "exec_init_plan", "Subplan Name": "InitPlan 1 (returns $2)", "Startup Cost": 42298.39, "Total Cost": 42298.4, "Plan Rows": 1, "Plan Width": 24, "Plans": [{"Node Type": "Nested Loop", "Parent Relationship": "Outer", "Join Type": "Inner", "Startup Cost": 96.82, "Total Cost": 41895.04, "Plan Rows": 53780, "Plan Width": 16, "Inner Unique": false, "Plans": [{"Node Type": "Nested Loop", "Parent Relationship": "Outer", "Join Type": "Inner", "Startup Cost": 95.25, "Total Cost": 2533.35, "Plan Rows": 4000, "Plan Width": 8, "Inner Unique": false, "Plans": [{"Node Type": "Seq Scan", "Parent Relationship": "Outer", "Relation Name": "nation", "Alias": "nation", "Startup Cost": 0.0, "Total Cost": 1.31, "Plan Rows": 1, "Plan Width": 4, "Filter": "(n_name = 'MOZAMBIQUE'::bpchar)"}, {"Node Type": "Bitmap Heap Scan", "Parent Relationship": "Inner", "Relation Name": "supplier", "Alias": "supplier", "Startup Cost": 95.25, "Total Cost": 2492.04, "Plan Rows": 4000, "Plan Width": 12, "Recheck Cond": "(s_nationkey = public.nation.n_nationkey)", "Plans": [{"Node Type": "Bitmap Index Scan", "Parent Relationship": "Outer", "Index Name": "idx_supplier_nation_key", "Startup Cost": 0.0, "Total Cost": 94.25, "Plan Rows": 4000, "Plan Width": 0, "Index Cond": "(s_nationkey = public.nation.n_nationkey)"}]}]}, {"Node Type": "Bitmap Heap Scan", "Parent Relationship": "Inner", "Relation Name": "partsupp", "Alias": "partsupp", "Startup Cost": 1.57, "Total Cost": 9.71, "Plan Rows": 13, "Plan Width": 24, "Recheck Cond": "(ps_suppkey = public.supplier.s_suppkey)", "Plans": [{"Node Type": "Bitmap Index Scan", "Parent Relationship": "Outer", "Index Name": "idx_partsupp_suppkey", "Startup Cost": 0.0, "Total Cost": 1.56, "Plan Rows": 13, "Plan Width": 0, "Index Cond": "(ps_suppkey = public.supplier.s_suppkey)"}]}]}]}, {"Node Type": "Aggregate", "Strategy": "Hashed", "Parent Relationship": "Outer", "Startup Cost": 42836.19, "Total Cost": 43508.44, "Plan Rows": 53780, "Plan Width": 40, "Group By Key": ["public.partsupp.ps_partkey"], "Filter": "(sum((public.partsupp.ps_supplycost * (public.partsupp.ps_availqty)::double precision)) > $2)", "Plans": [{"Node Type": "Nested Loop", "Parent Relationship": "Outer", "Join Type": "Inner", "Startup Cost": 96.82, "Total Cost": 41895.04, "Plan Rows": 53780, "Plan Width": 24, "Inner Unique": false, "Plans": [{"Node Type": "Nested Loop", "Parent Relationship": "Outer", "Join Type": "Inner", "Startup Cost": 95.25, "Total Cost": 2533.35, "Plan Rows": 4000, "Plan Width": 8, "Inner Unique": false, "Plans": [{"Node Type": "Seq Scan", "Parent Relationship": "Outer", "Relation Name": "nation", "Alias": "nation", "Startup Cost": 0.0, "Total Cost": 1.31, "Plan Rows": 1, "Plan Width": 4, "Filter": "(n_name = 'MOZAMBIQUE'::bpchar)"}, {"Node Type": "Bitmap Heap Scan", "Parent Relationship": "Inner", "Relation Name": "supplier", "Alias": "supplier", "Startup Cost": 95.25, "Total Cost": 2492.04, "Plan Rows": 4000, "Plan Width": 12, "Recheck Cond": "(s_nationkey = public.nation.n_nationkey)", "Plans": [{"Node Type": "Bitmap Index Scan", "Parent Relationship": "Outer", "Index Name": "idx_supplier_nation_key", "Startup Cost": 0.0, "Total Cost": 94.25, "Plan Rows": 4000, "Plan Width": 0, "Index Cond": "(s_nationkey = public.nation.n_nationkey)"}]}]}, {"Node Type": "Bitmap Heap Scan", "Parent Relationship": "Inner", "Relation Name": "partsupp", "Alias": "partsupp", "Startup Cost": 1.57, "Total Cost": 9.71, "Plan Rows": 13, "Plan Width": 32, "Recheck Cond": "(ps_suppkey = public.supplier.s_suppkey)", "Plans": [{"Node Type": "Bitmap Index Scan", "Parent Relationship": "Outer", "Index Name": "idx_partsupp_suppkey", "Startup Cost": 0.0, "Total Cost": 1.56, "Plan Rows": 13, "Plan Width": 0, "Index Cond": "(ps_suppkey = public.supplier.s_suppkey)"}]}]}]}]}, "Unique SQL Id": 2932834211, "Planner Runtime": 0}, "explain_analyze_plan": {"Plan": {"Node Type": "Sort", "Startup Cost": 90032.55, "Total Cost": 90167.0, "Plan Rows": 53780, "Plan Width": 40, "Actual Startup Time": 1938.442, "Actual Total Time": 1938.442, "Actual Rows": 0, "Actual Loops": 1, "Sort Key": ["(sum((public.partsupp.ps_supplycost * (public.partsupp.ps_availqty)::double precision))) DESC"], "Sort Method": "quicksort", "Sort Space Used": 25, "Sort Space Type": "Memory", "Plans": [{"Node Type": "Aggregate", "Strategy": "Plain", "Parent Relationship": "exec_init_plan", "Subplan Name": "InitPlan 1 (returns $2)", "Startup Cost": 42298.39, "Total Cost": 42298.4, "Plan Rows": 1, "Plan Width": 24, "Actual Startup Time": 849.92, "Actual Total Time": 849.921, "Actual Rows": 1, "Actual Loops": 1, "Plans": [{"Node Type": "Nested Loop", "Parent Relationship": "Outer", "Join Type": "Inner", "Startup Cost": 96.82, "Total Cost": 41895.04, "Plan Rows": 53780, "Plan Width": 16, "Actual Startup Time": 1.032, "Actual Total Time": 721.537, "Actual Rows": 313920, "Actual Loops": 1, "Inner Unique": false, "Plans": [{"Node Type": "Nested Loop", "Parent Relationship": "Outer", "Join Type": "Inner", "Startup Cost": 95.25, "Total Cost": 2533.35, "Plan Rows": 4000, "Plan Width": 8, "Actual Startup Time": 0.983, "Actual Total Time": 7.832, "Actual Rows": 3924, "Actual Loops": 1, "Inner Unique": false, "Plans": [{"Node Type": "Seq Scan", "Parent Relationship": "Outer", "Relation Name": "nation", "Alias": "nation", "Startup Cost": 0.0, "Total Cost": 1.31, "Plan Rows": 1, "Plan Width": 4, "Actual Startup Time": 0.036, "Actual Total Time": 0.051, "Actual Rows": 1, "Actual Loops": 1, "Filter": "(n_name = 'MOZAMBIQUE'::bpchar)", "Rows Removed by Filter": 24}, {"Node Type": "Bitmap Heap Scan", "Parent Relationship": "Inner", "Relation Name": "supplier", "Alias": "supplier", "Startup Cost": 95.25, "Total Cost": 2492.04, "Plan Rows": 4000, "Plan Width": 12, "Actual Startup Time": 0.939, "Actual Total Time": 6.87, "Actual Rows": 3924, "Actual Loops": 1, "Recheck Cond": "(s_nationkey = public.nation.n_nationkey)", "Rows Removed by Index Recheck": 0, "Exact Heap Blocks": 1895, "Lossy Heap Blocks": 1895, "Plans": [{"Node Type": "Bitmap Index Scan", "Parent Relationship": "Outer", "Index Name": "idx_supplier_nation_key", "Startup Cost": 0.0, "Total Cost": 94.25, "Plan Rows": 4000, "Plan Width": 0, "Actual Startup Time": 0.649, "Actual Total Time": 0.649, "Actual Rows": 3924, "Actual Loops": 1, "Index Cond": "(s_nationkey = public.nation.n_nationkey)"}]}]}, {"Node Type": "Bitmap Heap Scan", "Parent Relationship": "Inner", "Relation Name": "partsupp", "Alias": "partsupp", "Startup Cost": 1.57, "Total Cost": 9.71, "Plan Rows": 13, "Plan Width": 24, "Actual Startup Time": 100.697, "Actual Total Time": 646.011, "Actual Rows": 313920, "Actual Loops": 3924, "Recheck Cond": "(ps_suppkey = public.supplier.s_suppkey)", "Rows Removed by Index Recheck": 0, "Exact Heap Blocks": 313920, "Lossy Heap Blocks": 313920, "Plans": [{"Node Type": "Bitmap Index Scan", "Parent Relationship": "Outer", "Index Name": "idx_partsupp_suppkey", "Startup Cost": 0.0, "Total Cost": 1.56, "Plan Rows": 13, "Plan Width": 0, "Actual Startup Time": 62.61, "Actual Total Time": 62.61, "Actual Rows": 313920, "Actual Loops": 3924, "Index Cond": "(ps_suppkey = public.supplier.s_suppkey)"}]}]}]}, {"Node Type": "Aggregate", "Strategy": "Hashed", "Parent Relationship": "Outer", "Startup Cost": 42836.19, "Total Cost": 43508.44, "Plan Rows": 53780, "Plan Width": 40, "Actual Startup Time": 1938.021, "Actual Total Time": 1938.021, "Actual Rows": 0, "Actual Loops": 1, "Group By Key": ["public.partsupp.ps_partkey"], "Filter": "(sum((public.partsupp.ps_supplycost * (public.partsupp.ps_availqty)::double precision)) > $2)", "Rows Removed by Filter": 295792, "Plans": [{"Node Type": "Nested Loop", "Parent Relationship": "Outer", "Join Type": "Inner", "Startup Cost": 96.82, "Total Cost": 41895.04, "Plan Rows": 53780, "Plan Width": 24, "Actual Startup Time": 0.995, "Actual Total Time": 708.938, "Actual Rows": 313920, "Actual Loops": 1, "Inner Unique": false, "Plans": [{"Node Type": "Nested Loop", "Parent Relationship": "Outer", "Join Type": "Inner", "Startup Cost": 95.25, "Total Cost": 2533.35, "Plan Rows": 4000, "Plan Width": 8, "Actual Startup Time": 0.951, "Actual Total Time": 7.412, "Actual Rows": 3924, "Actual Loops": 1, "Inner Unique": false, "Plans": [{"Node Type": "Seq Scan", "Parent Relationship": "Outer", "Relation Name": "nation", "Alias": "nation", "Startup Cost": 0.0, "Total Cost": 1.31, "Plan Rows": 1, "Plan Width": 4, "Actual Startup Time": 0.031, "Actual Total Time": 0.045, "Actual Rows": 1, "Actual Loops": 1, "Filter": "(n_name = 'MOZAMBIQUE'::bpchar)", "Rows Removed by Filter": 24}, {"Node Type": "Bitmap Heap Scan", "Parent Relationship": "Inner", "Relation Name": "supplier", "Alias": "supplier", "Startup Cost": 95.25, "Total Cost": 2492.04, "Plan Rows": 4000, "Plan Width": 12, "Actual Startup Time": 0.912, "Actual Total Time": 6.426, "Actual Rows": 3924, "Actual Loops": 1, "Recheck Cond": "(s_nationkey = public.nation.n_nationkey)", "Rows Removed by Index Recheck": 0, "Exact Heap Blocks": 1895, "Lossy Heap Blocks": 1895, "Plans": [{"Node Type": "Bitmap Index Scan", "Parent Relationship": "Outer", "Index Name": "idx_supplier_nation_key", "Startup Cost": 0.0, "Total Cost": 94.25, "Plan Rows": 4000, "Plan Width": 0, "Actual Startup Time": 0.632, "Actual Total Time": 0.632, "Actual Rows": 3924, "Actual Loops": 1, "Index Cond": "(s_nationkey = public.nation.n_nationkey)"}]}]}, {"Node Type": "Bitmap Heap Scan", "Parent Relationship": "Inner", "Relation Name": "partsupp", "Alias": "partsupp", "Startup Cost": 1.57, "Total Cost": 9.71, "Plan Rows": 13, "Plan Width": 32, "Actual Startup Time": 100.385, "Actual Total Time": 627.624, "Actual Rows": 313920, "Actual Loops": 3924, "Recheck Cond": "(ps_suppkey = public.supplier.s_suppkey)", "Rows Removed by Index Recheck": 0, "Exact Heap Blocks": 313920, "Lossy Heap Blocks": 313920, "Plans": [{"Node Type": "Bitmap Index Scan", "Parent Relationship": "Outer", "Index Name": "idx_partsupp_suppkey", "Startup Cost": 0.0, "Total Cost": 1.56, "Plan Rows": 13, "Plan Width": 0, "Actual Startup Time": 62.318, "Actual Total Time": 62.318, "Actual Rows": 313920, "Actual Loops": 3924, "Index Cond": "(ps_suppkey = public.supplier.s_suppkey)"}]}]}]}]}, "Triggers": [], "Planner Runtime": 0, "Total Runtime": 1938.921, "Unique SQL Id": 2932834211}}, "(64, 119)": {"explain_plan": {"Plan": {"Node Type": "Sort", "Startup Cost": 2000084159245.82, "Total Cost": 2000084159380.27, "Plan Rows": 53780, "Plan Width": 40, "Sort Key": ["(sum((public.partsupp.ps_supplycost * (public.partsupp.ps_availqty)::double precision))) DESC"], "Plans": [{"Node Type": "Aggregate", "Strategy": "Plain", "Parent Relationship": "exec_init_plan", "Subplan Name": "InitPlan 1 (returns $2)", "Startup Cost": 1000001001502.42, "Total Cost": 1000001001502.43, "Plan Rows": 1, "Plan Width": 24, "Plans": [{"Node Type": "Nested Loop", "Parent Relationship": "Outer", "Join Type": "Inner", "Startup Cost": 10000000001.83, "Total Cost": 1000001001099.07, "Plan Rows": 53780, "Plan Width": 16, "Inner Unique": false, "Plans": [{"Node Type": "Nested Loop", "Parent Relationship": "Outer", "Join Type": "Inner", "Startup Cost": 10000000000.26, "Total Cost": 1000000961737.38, "Plan Rows": 4000, "Plan Width": 8, "Inner Unique": true, "Plans": [{"Node Type": "Index Scan", "Parent Relationship": "Outer", "Scan Direction": "Forward", "Index Name": "supplier_pkey", "Relation Name": "supplier", "Alias": "supplier", "Startup Cost": 10000000000.0, "Total Cost": 1000000533454.38, "Plan Rows": 100000, "Plan Width": 12}, {"Node Type": "Bitmap Heap Scan", "Parent Relationship": "Inner", "Relation Name": "nation", "Alias": "nation", "Startup Cost": 0.26, "Total Cost": 4.27, "Plan Rows": 1, "Plan Width": 4, "Recheck Cond": "(n_nationkey = public.supplier.s_nationkey)", "Filter": "(n_name = 'MOZAMBIQUE'::bpchar)", "Plans": [{"Node Type": "Bitmap Index Scan", "Parent Relationship": "Outer", "Index Name": "nation_pkey", "Startup Cost": 0.0, "Total Cost": 0.26, "Plan Rows": 1, "Plan Width": 0, "Index Cond": "(n_nationkey = public.supplier.s_nationkey)"}]}]}, {"Node Type": "Bitmap Heap Scan", "Parent Relationship": "Inner", "Relation Name": "partsupp", "Alias": "partsupp", "Startup Cost": 1.57, "Total Cost": 9.71, "Plan Rows": 13, "Plan Width": 24, "Recheck Cond": "(ps_suppkey = public.supplier.s_suppkey)", "Plans": [{"Node Type": "Bitmap Index Scan", "Parent Relationship": "Outer", "Index Name": "idx_partsupp_suppkey", "Startup Cost": 0.0, "Total Cost": 1.56, "Plan Rows": 13, "Plan Width": 0, "Index Cond": "(ps_suppkey = public.supplier.s_suppkey)"}]}]}]}, {"Node Type": "Aggregate", "Strategy": "Hashed", "Parent Relationship": "Outer", "Startup Cost": 1000083152845.44, "Total Cost": 1000083153517.69, "Plan Rows": 53780, "Plan Width": 40, "Group By Key": ["public.partsupp.ps_partkey"], "Filter": "(sum((public.partsupp.ps_supplycost * (public.partsupp.ps_availqty)::double precision)) > $2)", "Plans": [{"Node Type": "Nested Loop", "Parent Relationship": "Outer", "Join Type": "Inner", "Startup Cost": 10000000000.52, "Total Cost": 1000083151904.29, "Plan Rows": 53780, "Plan Width": 24, "Inner Unique": true, "Plans": [{"Node Type": "Nested Loop", "Parent Relationship": "Outer", "Join Type": "Inner", "Startup Cost": 10000000000.26, "Total Cost": 1000077393643.64, "Plan Rows": 1344499, "Plan Width": 28, "Inner Unique": true, "Plans": [{"Node Type": "Index Scan", "Parent Relationship": "Outer", "Scan Direction": "Forward", "Index Name": "idx_partsupp_partkey", "Relation Name": "partsupp", "Alias": "partsupp", "Startup Cost": 10000000000.0, "Total Cost": 1000043148503.38, "Plan Rows": 8000372, "Plan Width": 32}, {"Node Type": "Bitmap Heap Scan", "Parent Relationship": "Inner", "Relation Name": "supplier", "Alias": "supplier", "Startup Cost": 0.26, "Total Cost": 4.27, "Plan Rows": 1, "Plan Width": 12, "Recheck Cond": "(s_suppkey = public.partsupp.ps_suppkey)", "Plans": [{"Node Type": "Bitmap Index Scan", "Parent Relationship": "Outer", "Index Name": "supplier_pkey", "Startup Cost": 0.0, "Total Cost": 0.26, "Plan Rows": 1, "Plan Width": 0, "Index Cond": "(s_suppkey = public.partsupp.ps_suppkey)"}]}]}, {"Node Type": "Bitmap Heap Scan", "Parent Relationship": "Inner", "Relation Name": "nation", "Alias": "nation", "Startup Cost": 0.26, "Total Cost": 4.27, "Plan Rows": 1, "Plan Width": 4, "Recheck Cond": "(n_nationkey = public.supplier.s_nationkey)", "Filter": "(n_name = 'MOZAMBIQUE'::bpchar)", "Plans": [{"Node Type": "Bitmap Index Scan", "Parent Relationship": "Outer", "Index Name": "nation_pkey", "Startup Cost": 0.0, "Total Cost": 0.26, "Plan Rows": 1, "Plan Width": 0, "Index Cond": "(n_nationkey = public.supplier.s_nationkey)"}]}]}]}]}, "Unique SQL Id": 2932834211, "Planner Runtime": 0}, "explain_analyze_plan": null}, "(64, 120)": {"explain_plan": {"Plan": {"Node Type": "Sort", "Startup Cost": 90959.03, "Total Cost": 91093.48, "Plan Rows": 53780, "Plan Width": 40, "Sort Key": ["(sum((public.partsupp.ps_supplycost * (public.partsupp.ps_availqty)::double precision))) DESC"], "Plans": [{"Node Type": "Aggregate", "Strategy": "Plain", "Parent Relationship": "exec_init_plan", "Subplan Name": "InitPlan 1 (returns $1)", "Startup Cost": 42761.63, "Total Cost": 42761.64, "Plan Rows": 1, "Plan Width": 24, "Plans": [{"Node Type": "Nested Loop", "Parent Relationship": "Outer", "Join Type": "Inner", "Startup Cost": 0.0, "Total Cost": 42358.28, "Plan Rows": 53780, "Plan Width": 16, "Inner Unique": false, "Plans": [{"Node Type": "Nested Loop", "Parent Relationship": "Outer", "Join Type": "Inner", "Startup Cost": 0.0, "Total Cost": 4534.31, "Plan Rows": 4000, "Plan Width": 8, "Inner Unique": false, "Join Filter": "(public.supplier.s_nationkey = public.nation.n_nationkey)", "Plans": [{"Node Type": "Seq Scan", "Parent Relationship": "Outer", "Relation Name": "nation", "Alias": "nation", "Startup Cost": 0.0, "Total Cost": 1.31, "Plan Rows": 1, "Plan Width": 4, "Filter": "(n_name = 'MOZAMBIQUE'::bpchar)"}, {"Node Type": "Seq Scan", "Parent Relationship": "Inner", "Relation Name": "supplier", "Alias": "supplier", "Startup Cost": 0.0, "Total Cost": 3283.0, "Plan Rows": 100000, "Plan Width": 12}]}, {"Node Type": "Index Scan", "Parent Relationship": "Inner", "Scan Direction": "Forward", "Index Name": "idx_partsupp_suppkey", "Relation Name": "partsupp", "Alias": "partsupp", "Startup Cost": 0.0, "Total Cost": 9.33, "Plan Rows": 13, "Plan Width": 24, "Index Cond": "(ps_suppkey = public.supplier.s_suppkey)"}]}]}, {"Node Type": "Aggregate", "Strategy": "Hashed", "Parent Relationship": "Outer", "Startup Cost": 43299.43, "Total Cost": 43971.68, "Plan Rows": 53780, "Plan Width": 40, "Group By Key": ["public.partsupp.ps_partkey"], "Filter": "(sum((public.partsupp.ps_supplycost * (public.partsupp.ps_availqty)::double precision)) > $1)", "Plans": [{"Node Type": "Nested Loop", "Parent Relationship": "Outer", "Join Type": "Inner", "Startup Cost": 0.0, "Total Cost": 42358.28, "Plan Rows": 53780, "Plan Width": 24, "Inner Unique": false, "Plans": [{"Node Type": "Nested Loop", "Parent Relationship": "Outer", "Join Type": "Inner", "Startup Cost": 0.0, "Total Cost": 4534.31, "Plan Rows": 4000, "Plan Width": 8, "Inner Unique": false, "Join Filter": "(public.supplier.s_nationkey = public.nation.n_nationkey)", "Plans": [{"Node Type": "Seq Scan", "Parent Relationship": "Outer", "Relation Name": "nation", "Alias": "nation", "Startup Cost": 0.0, "Total Cost": 1.31, "Plan Rows": 1, "Plan Width": 4, "Filter": "(n_name = 'MOZAMBIQUE'::bpchar)"}, {"Node Type": "Seq Scan", "Parent Relationship": "Inner", "Relation Name": "supplier", "Alias": "supplier", "Startup Cost": 0.0, "Total Cost": 3283.0, "Plan Rows": 100000, "Plan Width": 12}]}, {"Node Type": "Index Scan", "Parent Relationship": "Inner", "Scan Direction": "Forward", "Index Name": "idx_partsupp_suppkey", "Relation Name": "partsupp", "Alias": "partsupp", "Startup Cost": 0.0, "Total Cost": 9.33, "Plan Rows": 13, "Plan Width": 32, "Index Cond": "(ps_suppkey = public.supplier.s_suppkey)"}]}]}]}, "Unique SQL Id": 2932834211, "Planner Runtime": 0}, "explain_analyze_plan": {"Plan": {"Node Type": "Sort", "Startup Cost": 90959.03, "Total Cost": 91093.48, "Plan Rows": 53780, "Plan Width": 40, "Actual Startup Time": 1970.652, "Actual Total Time": 1970.652, "Actual Rows": 0, "Actual Loops": 1, "Sort Key": ["(sum((public.partsupp.ps_supplycost * (public.partsupp.ps_availqty)::double precision))) DESC"], "Sort Method": "quicksort", "Sort Space Used": 25, "Sort Space Type": "Memory", "Plans": [{"Node Type": "Aggregate", "Strategy": "Plain", "Parent Relationship": "exec_init_plan", "Subplan Name": "InitPlan 1 (returns $1)", "Startup Cost": 42761.63, "Total Cost": 42761.64, "Plan Rows": 1, "Plan Width": 24, "Actual Startup Time": 951.894, "Actual Total Time": 951.895, "Actual Rows": 1, "Actual Loops": 1, "Plans": [{"Node Type": "Nested Loop", "Parent Relationship": "Outer", "Join Type": "Inner", "Startup Cost": 0.0, "Total Cost": 42358.28, "Plan Rows": 53780, "Plan Width": 16, "Actual Startup Time": 0.098, "Actual Total Time": 817.287, "Actual Rows": 313920, "Actual Loops": 1, "Inner Unique": false, "Plans": [{"Node Type": "Nested Loop", "Parent Relationship": "Outer", "Join Type": "Inner", "Startup Cost": 0.0, "Total Cost": 4534.31, "Plan Rows": 4000, "Plan Width": 8, "Actual Startup Time": 0.069, "Actual Total Time": 54.095, "Actual Rows": 3924, "Actual Loops": 1, "Inner Unique": false, "Join Filter": "(public.supplier.s_nationkey = public.nation.n_nationkey)", "Rows Removed by Join Filter": 96076, "Plans": [{"Node Type": "Seq Scan", "Parent Relationship": "Outer", "Relation Name": "nation", "Alias": "nation", "Startup Cost": 0.0, "Total Cost": 1.31, "Plan Rows": 1, "Plan Width": 4, "Actual Startup Time": 0.029, "Actual Total Time": 0.037, "Actual Rows": 1, "Actual Loops": 1, "Filter": "(n_name = 'MOZAMBIQUE'::bpchar)", "Rows Removed by Filter": 24}, {"Node Type": "Seq Scan", "Parent Relationship": "Inner", "Relation Name": "supplier", "Alias": "supplier", "Startup Cost": 0.0, "Total Cost": 3283.0, "Plan Rows": 100000, "Plan Width": 12, "Actual Startup Time": 0.016, "Actual Total Time": 30.369, "Actual Rows": 100000, "Actual Loops": 1}]}, {"Node Type": "Index Scan", "Parent Relationship": "Inner", "Scan Direction": "Forward", "Index Name": "idx_partsupp_suppkey", "Relation Name": "partsupp", "Alias": "partsupp", "Startup Cost": 0.0, "Total Cost": 9.33, "Plan Rows": 13, "Plan Width": 24, "Actual Startup Time": 53.66, "Actual Total Time": 696.079, "Actual Rows": 313920, "Actual Loops": 3924, "Index Cond": "(ps_suppkey = public.supplier.s_suppkey)", "Rows Removed by Index Recheck": 0}]}]}, {"Node Type": "Aggregate", "Strategy": "Hashed", "Parent Relationship": "Outer", "Startup Cost": 43299.43, "Total Cost": 43971.68, "Plan Rows": 53780, "Plan Width": 40, "Actual Startup Time": 1970.246, "Actual Total Time": 1970.246, "Actual Rows": 0, "Actual Loops": 1, "Group By Key": ["public.partsupp.ps_partkey"], "Filter": "(sum((public.partsupp.ps_supplycost * (public.partsupp.ps_availqty)::double precision)) > $1)", "Rows Removed by Filter": 295792, "Plans": [{"Node Type": "Nested Loop", "Parent Relationship": "Outer", "Join Type": "Inner", "Startup Cost": 0.0, "Total Cost": 42358.28, "Plan Rows": 53780, "Plan Width": 24, "Actual Startup Time": 0.083, "Actual Total Time": 638.583, "Actual Rows": 313920, "Actual Loops": 1, "Inner Unique": false, "Plans": [{"Node Type": "Nested Loop", "Parent Relationship": "Outer", "Join Type": "Inner", "Startup Cost": 0.0, "Total Cost": 4534.31, "Plan Rows": 4000, "Plan Width": 8, "Actual Startup Time": 0.058, "Actual Total Time": 51.611, "Actual Rows": 3924, "Actual Loops": 1, "Inner Unique": false, "Join Filter": "(public.supplier.s_nationkey = public.nation.n_nationkey)", "Rows Removed by Join Filter": 96076, "Plans": [{"Node Type": "Seq Scan", "Parent Relationship": "Outer", "Relation Name": "nation", "Alias": "nation", "Startup Cost": 0.0, "Total Cost": 1.31, "Plan Rows": 1, "Plan Width": 4, "Actual Startup Time": 0.03, "Actual Total Time": 0.041, "Actual Rows": 1, "Actual Loops": 1, "Filter": "(n_name = 'MOZAMBIQUE'::bpchar)", "Rows Removed by Filter": 24}, {"Node Type": "Seq Scan", "Parent Relationship": "Inner", "Relation Name": "supplier", "Alias": "supplier", "Startup Cost": 0.0, "Total Cost": 3283.0, "Plan Rows": 100000, "Plan Width": 12, "Actual Startup Time": 0.012, "Actual Total Time": 27.867, "Actual Rows": 100000, "Actual Loops": 1}]}, {"Node Type": "Index Scan", "Parent Relationship": "Inner", "Scan Direction": "Forward", "Index Name": "idx_partsupp_suppkey", "Relation Name": "partsupp", "Alias": "partsupp", "Startup Cost": 0.0, "Total Cost": 9.33, "Plan Rows": 13, "Plan Width": 32, "Actual Startup Time": 44.772, "Actual Total Time": 515.64, "Actual Rows": 313920, "Actual Loops": 3924, "Index Cond": "(ps_suppkey = public.supplier.s_suppkey)", "Rows Removed by Index Recheck": 0}]}]}]}, "Triggers": [], "Planner Runtime": 0, "Total Runtime": 1970.93, "Unique SQL Id": 2932834211}}, "(64, 121)": {"explain_plan": {"Plan": {"Node Type": "Sort", "Startup Cost": 95084.87, "Total Cost": 95219.32, "Plan Rows": 53780, "Plan Width": 40, "Sort Key": ["(sum((public.partsupp.ps_supplycost * (public.partsupp.ps_availqty)::double precision))) DESC"], "Plans": [{"Node Type": "Aggregate", "Strategy": "Plain", "Parent Relationship": "exec_init_plan", "Subplan Name": "InitPlan 1 (returns $1)", "Startup Cost": 44824.55, "Total Cost": 44824.56, "Plan Rows": 1, "Plan Width": 24, "Plans": [{"Node Type": "Nested Loop", "Parent Relationship": "Outer", "Join Type": "Inner", "Startup Cost": 0.0, "Total Cost": 44421.2, "Plan Rows": 53780, "Plan Width": 16, "Inner Unique": false, "Plans": [{"Node Type": "Nested Loop", "Parent Relationship": "Outer", "Join Type": "Inner", "Startup Cost": 0.0, "Total Cost": 6597.23, "Plan Rows": 4000, "Plan Width": 8, "Inner Unique": false, "Join Filter": "(public.supplier.s_nationkey = public.nation.n_nationkey)", "Plans": [{"Node Type": "Index Scan", "Parent Relationship": "Outer", "Scan Direction": "Forward", "Index Name": "nation_pkey", "Relation Name": "nation", "Alias": "nation", "Startup Cost": 0.0, "Total Cost": 12.69, "Plan Rows": 1, "Plan Width": 4, "Filter": "(n_name = 'MOZAMBIQUE'::bpchar)"}, {"Node Type": "Index Scan", "Parent Relationship": "Inner", "Scan Direction": "Forward", "Index Name": "supplier_pkey", "Relation Name": "supplier", "Alias": "supplier", "Startup Cost": 0.0, "Total Cost": 5334.54, "Plan Rows": 100000, "Plan Width": 12}]}, {"Node Type": "Index Scan", "Parent Relationship": "Inner", "Scan Direction": "Forward", "Index Name": "idx_partsupp_suppkey", "Relation Name": "partsupp", "Alias": "partsupp", "Startup Cost": 0.0, "Total Cost": 9.33, "Plan Rows": 13, "Plan Width": 24, "Index Cond": "(ps_suppkey = public.supplier.s_suppkey)"}]}]}, {"Node Type": "Aggregate", "Strategy": "Hashed", "Parent Relationship": "Outer", "Startup Cost": 45362.35, "Total Cost": 46034.6, "Plan Rows": 53780, "Plan Width": 40, "Group By Key": ["public.partsupp.ps_partkey"], "Filter": "(sum((public.partsupp.ps_supplycost * (public.partsupp.ps_availqty)::double precision)) > $1)", "Plans": [{"Node Type": "Nested Loop", "Parent Relationship": "Outer", "Join Type": "Inner", "Startup Cost": 0.0, "Total Cost": 44421.2, "Plan Rows": 53780, "Plan Width": 24, "Inner Unique": false, "Plans": [{"Node Type": "Nested Loop", "Parent Relationship": "Outer", "Join Type": "Inner", "Startup Cost": 0.0, "Total Cost": 6597.23, "Plan Rows": 4000, "Plan Width": 8, "Inner Unique": false, "Join Filter": "(public.supplier.s_nationkey = public.nation.n_nationkey)", "Plans": [{"Node Type": "Index Scan", "Parent Relationship": "Outer", "Scan Direction": "Forward", "Index Name": "nation_pkey", "Relation Name": "nation", "Alias": "nation", "Startup Cost": 0.0, "Total Cost": 12.69, "Plan Rows": 1, "Plan Width": 4, "Filter": "(n_name = 'MOZAMBIQUE'::bpchar)"}, {"Node Type": "Index Scan", "Parent Relationship": "Inner", "Scan Direction": "Forward", "Index Name": "supplier_pkey", "Relation Name": "supplier", "Alias": "supplier", "Startup Cost": 0.0, "Total Cost": 5334.54, "Plan Rows": 100000, "Plan Width": 12}]}, {"Node Type": "Index Scan", "Parent Relationship": "Inner", "Scan Direction": "Forward", "Index Name": "idx_partsupp_suppkey", "Relation Name": "partsupp", "Alias": "partsupp", "Startup Cost": 0.0, "Total Cost": 9.33, "Plan Rows": 13, "Plan Width": 32, "Index Cond": "(ps_suppkey = public.supplier.s_suppkey)"}]}]}]}, "Unique SQL Id": 2932834211, "Planner Runtime": 0}, "explain_analyze_plan": {"Plan": {"Node Type": "Sort", "Startup Cost": 95084.87, "Total Cost": 95219.32, "Plan Rows": 53780, "Plan Width": 40, "Actual Startup Time": 2307.61, "Actual Total Time": 2307.61, "Actual Rows": 0, "Actual Loops": 1, "Sort Key": ["(sum((public.partsupp.ps_supplycost * (public.partsupp.ps_availqty)::double precision))) DESC"], "Sort Method": "quicksort", "Sort Space Used": 25, "Sort Space Type": "Memory", "Plans": [{"Node Type": "Aggregate", "Strategy": "Plain", "Parent Relationship": "exec_init_plan", "Subplan Name": "InitPlan 1 (returns $1)", "Startup Cost": 44824.55, "Total Cost": 44824.56, "Plan Rows": 1, "Plan Width": 24, "Actual Startup Time": 1092.318, "Actual Total Time": 1092.319, "Actual Rows": 1, "Actual Loops": 1, "Plans": [{"Node Type": "Nested Loop", "Parent Relationship": "Outer", "Join Type": "Inner", "Startup Cost": 0.0, "Total Cost": 44421.2, "Plan Rows": 53780, "Plan Width": 16, "Actual Startup Time": 0.118, "Actual Total Time": 956.784, "Actual Rows": 313920, "Actual Loops": 1, "Inner Unique": false, "Plans": [{"Node Type": "Nested Loop", "Parent Relationship": "Outer", "Join Type": "Inner", "Startup Cost": 0.0, "Total Cost": 6597.23, "Plan Rows": 4000, "Plan Width": 8, "Actual Startup Time": 0.085, "Actual Total Time": 94.182, "Actual Rows": 3924, "Actual Loops": 1, "Inner Unique": false, "Join Filter": "(public.supplier.s_nationkey = public.nation.n_nationkey)", "Rows Removed by Join Filter": 96076, "Plans": [{"Node Type": "Index Scan", "Parent Relationship": "Outer", "Scan Direction": "Forward", "Index Name": "nation_pkey", "Relation Name": "nation", "Alias": "nation", "Startup Cost": 0.0, "Total Cost": 12.69, "Plan Rows": 1, "Plan Width": 4, "Actual Startup Time": 0.029, "Actual Total Time": 0.042, "Actual Rows": 1, "Actual Loops": 1, "Filter": "(n_name = 'MOZAMBIQUE'::bpchar)", "Rows Removed by Filter": 24}, {"Node Type": "Index Scan", "Parent Relationship": "Inner", "Scan Direction": "Forward", "Index Name": "supplier_pkey", "Relation Name": "supplier", "Alias": "supplier", "Startup Cost": 0.0, "Total Cost": 5334.54, "Plan Rows": 100000, "Plan Width": 12, "Actual Startup Time": 0.028, "Actual Total Time": 70.457, "Actual Rows": 100000, "Actual Loops": 1}]}, {"Node Type": "Index Scan", "Parent Relationship": "Inner", "Scan Direction": "Forward", "Index Name": "idx_partsupp_suppkey", "Relation Name": "partsupp", "Alias": "partsupp", "Startup Cost": 0.0, "Total Cost": 9.33, "Plan Rows": 13, "Plan Width": 24, "Actual Startup Time": 58.391, "Actual Total Time": 796.025, "Actual Rows": 313920, "Actual Loops": 3924, "Index Cond": "(ps_suppkey = public.supplier.s_suppkey)", "Rows Removed by Index Recheck": 0}]}]}, {"Node Type": "Aggregate", "Strategy": "Hashed", "Parent Relationship": "Outer", "Startup Cost": 45362.35, "Total Cost": 46034.6, "Plan Rows": 53780, "Plan Width": 40, "Actual Startup Time": 2307.103, "Actual Total Time": 2307.103, "Actual Rows": 0, "Actual Loops": 1, "Group By Key": ["public.partsupp.ps_partkey"], "Filter": "(sum((public.partsupp.ps_supplycost * (public.partsupp.ps_availqty)::double precision)) > $1)", "Rows Removed by Filter": 295792, "Plans": [{"Node Type": "Nested Loop", "Parent Relationship": "Outer", "Join Type": "Inner", "Startup Cost": 0.0, "Total Cost": 44421.2, "Plan Rows": 53780, "Plan Width": 24, "Actual Startup Time": 0.082, "Actual Total Time": 782.985, "Actual Rows": 313920, "Actual Loops": 1, "Inner Unique": false, "Plans": [{"Node Type": "Nested Loop", "Parent Relationship": "Outer", "Join Type": "Inner", "Startup Cost": 0.0, "Total Cost": 6597.23, "Plan Rows": 4000, "Plan Width": 8, "Actual Startup Time": 0.064, "Actual Total Time": 84.24, "Actual Rows": 3924, "Actual Loops": 1, "Inner Unique": false, "Join Filter": "(public.supplier.s_nationkey = public.nation.n_nationkey)", "Rows Removed by Join Filter": 96076, "Plans": [{"Node Type": "Index Scan", "Parent Relationship": "Outer", "Scan Direction": "Forward", "Index Name": "nation_pkey", "Relation Name": "nation", "Alias": "nation", "Startup Cost": 0.0, "Total Cost": 12.69, "Plan Rows": 1, "Plan Width": 4, "Actual Startup Time": 0.03, "Actual Total Time": 0.042, "Actual Rows": 1, "Actual Loops": 1, "Filter": "(n_name = 'MOZAMBIQUE'::bpchar)", "Rows Removed by Filter": 24}, {"Node Type": "Index Scan", "Parent Relationship": "Inner", "Scan Direction": "Forward", "Index Name": "supplier_pkey", "Relation Name": "supplier", "Alias": "supplier", "Startup Cost": 0.0, "Total Cost": 5334.54, "Plan Rows": 100000, "Plan Width": 12, "Actual Startup Time": 0.017, "Actual Total Time": 60.351, "Actual Rows": 100000, "Actual Loops": 1}]}, {"Node Type": "Index Scan", "Parent Relationship": "Inner", "Scan Direction": "Forward", "Index Name": "idx_partsupp_suppkey", "Relation Name": "partsupp", "Alias": "partsupp", "Startup Cost": 0.0, "Total Cost": 9.33, "Plan Rows": 13, "Plan Width": 32, "Actual Startup Time": 49.971, "Actual Total Time": 626.737, "Actual Rows": 313920, "Actual Loops": 3924, "Index Cond": "(ps_suppkey = public.supplier.s_suppkey)", "Rows Removed by Index Recheck": 0}]}]}]}, "Triggers": [], "Planner Runtime": 0, "Total Runtime": 2307.885, "Unique SQL Id": 2932834211}}, "(64, 122)": {"explain_plan": {"Plan": {"Node Type": "Sort", "Startup Cost": 960599946.53, "Total Cost": 960600080.98, "Plan Rows": 53780, "Plan Width": 40, "Sort Key": ["(sum((public.partsupp.ps_supplycost * (public.partsupp.ps_availqty)::double precision))) DESC"], "Plans": [{"Node Type": "Aggregate", "Strategy": "Plain", "Parent Relationship": "exec_init_plan", "Subplan Name": "InitPlan 1 (returns $0)", "Startup Cost": 480297255.38, "Total Cost": 480297255.4, "Plan Rows": 1, "Plan Width": 24, "Plans": [{"Node Type": "Nested Loop", "Parent Relationship": "Outer", "Join Type": "Inner", "Startup Cost": 0.0, "Total Cost": 480296852.03, "Plan Rows": 53780, "Plan Width": 16, "Inner Unique": false, "Join Filter": "(public.supplier.s_suppkey = public.partsupp.ps_suppkey)", "Plans": [{"Node Type": "Seq Scan", "Parent Relationship": "Outer", "Relation Name": "partsupp", "Alias": "partsupp", "Startup Cost": 0.0, "Total Cost": 269987.72, "Plan Rows": 8000372, "Plan Width": 24}, {"Node Type": "Materialize", "Parent Relationship": "Inner", "Startup Cost": 0.0, "Total Cost": 4554.31, "Plan Rows": 4000, "Plan Width": 8, "Plans": [{"Node Type": "Nested Loop", "Parent Relationship": "Outer", "Join Type": "Inner", "Startup Cost": 0.0, "Total Cost": 4534.31, "Plan Rows": 4000, "Plan Width": 8, "Inner Unique": false, "Join Filter": "(public.supplier.s_nationkey = public.nation.n_nationkey)", "Plans": [{"Node Type": "Seq Scan", "Parent Relationship": "Outer", "Relation Name": "nation", "Alias": "nation", "Startup Cost": 0.0, "Total Cost": 1.31, "Plan Rows": 1, "Plan Width": 4, "Filter": "(n_name = 'MOZAMBIQUE'::bpchar)"}, {"Node Type": "Seq Scan", "Parent Relationship": "Inner", "Relation Name": "supplier", "Alias": "supplier", "Startup Cost": 0.0, "Total Cost": 3283.0, "Plan Rows": 100000, "Plan Width": 12}]}]}]}]}, {"Node Type": "Aggregate", "Strategy": "Hashed", "Parent Relationship": "Outer", "Startup Cost": 480297793.18, "Total Cost": 480298465.43, "Plan Rows": 53780, "Plan Width": 40, "Group By Key": ["public.partsupp.ps_partkey"], "Filter": "(sum((public.partsupp.ps_supplycost * (public.partsupp.ps_availqty)::double precision)) > $0)", "Plans": [{"Node Type": "Nested Loop", "Parent Relationship": "Outer", "Join Type": "Inner", "Startup Cost": 0.0, "Total Cost": 480296852.03, "Plan Rows": 53780, "Plan Width": 24, "Inner Unique": false, "Join Filter": "(public.supplier.s_suppkey = public.partsupp.ps_suppkey)", "Plans": [{"Node Type": "Seq Scan", "Parent Relationship": "Outer", "Relation Name": "partsupp", "Alias": "partsupp", "Startup Cost": 0.0, "Total Cost": 269987.72, "Plan Rows": 8000372, "Plan Width": 32}, {"Node Type": "Materialize", "Parent Relationship": "Inner", "Startup Cost": 0.0, "Total Cost": 4554.31, "Plan Rows": 4000, "Plan Width": 8, "Plans": [{"Node Type": "Nested Loop", "Parent Relationship": "Outer", "Join Type": "Inner", "Startup Cost": 0.0, "Total Cost": 4534.31, "Plan Rows": 4000, "Plan Width": 8, "Inner Unique": false, "Join Filter": "(public.supplier.s_nationkey = public.nation.n_nationkey)", "Plans": [{"Node Type": "Seq Scan", "Parent Relationship": "Outer", "Relation Name": "nation", "Alias": "nation", "Startup Cost": 0.0, "Total Cost": 1.31, "Plan Rows": 1, "Plan Width": 4, "Filter": "(n_name = 'MOZAMBIQUE'::bpchar)"}, {"Node Type": "Seq Scan", "Parent Relationship": "Inner", "Relation Name": "supplier", "Alias": "supplier", "Startup Cost": 0.0, "Total Cost": 3283.0, "Plan Rows": 100000, "Plan Width": 12}]}]}]}]}]}, "Unique SQL Id": 2932834211, "Planner Runtime": 0}, "explain_analyze_plan": null}, "(64, 123)": {"explain_plan": {"Plan": {"Node Type": "Sort", "Startup Cost": 6001104432332.89, "Total Cost": 6001104432467.34, "Plan Rows": 53780, "Plan Width": 40, "Sort Key": ["(sum((public.partsupp.ps_supplycost * (public.partsupp.ps_availqty)::double precision))) DESC"], "Plans": [{"Node Type": "Aggregate", "Strategy": "Plain", "Parent Relationship": "exec_init_plan", "Subplan Name": "InitPlan 1 (returns $0)", "Startup Cost": 3000580719437.25, "Total Cost": 3000580719437.27, "Plan Rows": 1, "Plan Width": 24, "Plans": [{"Node Type": "Nested Loop", "Parent Relationship": "Outer", "Join Type": "Inner", "Startup Cost": 30000000000.0, "Total Cost": 3000580719033.9, "Plan Rows": 53780, "Plan Width": 16, "Inner Unique": false, "Join Filter": "(public.supplier.s_suppkey = public.partsupp.ps_suppkey)", "Plans": [{"Node Type": "Index Scan", "Parent Relationship": "Outer", "Scan Direction": "Forward", "Index Name": "idx_partsupp_suppkey", "Relation Name": "partsupp", "Alias": "partsupp", "Startup Cost": 10000000000.0, "Total Cost": 1000100160480.77, "Plan Rows": 8000372, "Plan Width": 24}, {"Node Type": "Materialize", "Parent Relationship": "Inner", "Startup Cost": 20000000000.0, "Total Cost": 2000000536243.13, "Plan Rows": 4000, "Plan Width": 8, "Plans": [{"Node Type": "Nested Loop", "Parent Relationship": "Outer", "Join Type": "Inner", "Startup Cost": 20000000000.0, "Total Cost": 2000000536223.13, "Plan Rows": 4000, "Plan Width": 8, "Inner Unique": true, "Join Filter": "(public.supplier.s_nationkey = public.nation.n_nationkey)", "Plans": [{"Node Type": "Index Scan", "Parent Relationship": "Outer", "Scan Direction": "Forward", "Index Name": "supplier_pkey", "Relation Name": "supplier", "Alias": "supplier", "Startup Cost": 10000000000.0, "Total Cost": 1000000533454.38, "Plan Rows": 100000, "Plan Width": 12}, {"Node Type": "Materialize", "Parent Relationship": "Inner", "Startup Cost": 10000000000.0, "Total Cost": 1000000001268.76, "Plan Rows": 1, "Plan Width": 4, "Plans": [{"Node Type": "Index Scan", "Parent Relationship": "Outer", "Scan Direction": "Forward", "Index Name": "nation_pkey", "Relation Name": "nation", "Alias": "nation", "Startup Cost": 10000000000.0, "Total Cost": 1000000001268.75, "Plan Rows": 1, "Plan Width": 4, "Filter": "(n_name = 'MOZAMBIQUE'::bpchar)"}]}]}]}]}]}, {"Node Type": "Aggregate", "Strategy": "Hashed", "Parent Relationship": "Outer", "Startup Cost": 3000523707997.67, "Total Cost": 3000523708669.92, "Plan Rows": 53780, "Plan Width": 40, "Group By Key": ["public.partsupp.ps_partkey"], "Filter": "(sum((public.partsupp.ps_supplycost * (public.partsupp.ps_availqty)::double precision)) > $0)", "Plans": [{"Node Type": "Nested Loop", "Parent Relationship": "Outer", "Join Type": "Inner", "Startup Cost": 30000000000.0, "Total Cost": 3000523707056.51, "Plan Rows": 53780, "Plan Width": 24, "Inner Unique": false, "Join Filter": "(public.supplier.s_suppkey = public.partsupp.ps_suppkey)", "Plans": [{"Node Type": "Index Scan", "Parent Relationship": "Outer", "Scan Direction": "Forward", "Index Name": "idx_partsupp_partkey", "Relation Name": "partsupp", "Alias": "partsupp", "Startup Cost": 10000000000.0, "Total Cost": 1000043148503.38, "Plan Rows": 8000372, "Plan Width": 32}, {"Node Type": "Materialize", "Parent Relationship": "Inner", "Startup Cost": 20000000000.0, "Total Cost": 2000000536243.13, "Plan Rows": 4000, "Plan Width": 8, "Plans": [{"Node Type": "Nested Loop", "Parent Relationship": "Outer", "Join Type": "Inner", "Startup Cost": 20000000000.0, "Total Cost": 2000000536223.13, "Plan Rows": 4000, "Plan Width": 8, "Inner Unique": true, "Join Filter": "(public.supplier.s_nationkey = public.nation.n_nationkey)", "Plans": [{"Node Type": "Index Scan", "Parent Relationship": "Outer", "Scan Direction": "Forward", "Index Name": "supplier_pkey", "Relation Name": "supplier", "Alias": "supplier", "Startup Cost": 10000000000.0, "Total Cost": 1000000533454.38, "Plan Rows": 100000, "Plan Width": 12}, {"Node Type": "Materialize", "Parent Relationship": "Inner", "Startup Cost": 10000000000.0, "Total Cost": 1000000001268.76, "Plan Rows": 1, "Plan Width": 4, "Plans": [{"Node Type": "Index Scan", "Parent Relationship": "Outer", "Scan Direction": "Forward", "Index Name": "nation_pkey", "Relation Name": "nation", "Alias": "nation", "Startup Cost": 10000000000.0, "Total Cost": 1000000001268.75, "Plan Rows": 1, "Plan Width": 4, "Filter": "(n_name = 'MOZAMBIQUE'::bpchar)"}]}]}]}]}]}]}, "Unique SQL Id": 2932834211, "Planner Runtime": 0}, "explain_analyze_plan": null}, "(64, 124)": {"explain_plan": {"Plan": {"Node Type": "Sort", "Startup Cost": 90959.03, "Total Cost": 91093.48, "Plan Rows": 53780, "Plan Width": 40, "Sort Key": ["(sum((public.partsupp.ps_supplycost * (public.partsupp.ps_availqty)::double precision))) DESC"], "Plans": [{"Node Type": "Aggregate", "Strategy": "Plain", "Parent Relationship": "exec_init_plan", "Subplan Name": "InitPlan 1 (returns $1)", "Startup Cost": 42761.63, "Total Cost": 42761.64, "Plan Rows": 1, "Plan Width": 24, "Plans": [{"Node Type": "Nested Loop", "Parent Relationship": "Outer", "Join Type": "Inner", "Startup Cost": 0.0, "Total Cost": 42358.28, "Plan Rows": 53780, "Plan Width": 16, "Inner Unique": false, "Plans": [{"Node Type": "Nested Loop", "Parent Relationship": "Outer", "Join Type": "Inner", "Startup Cost": 0.0, "Total Cost": 4534.31, "Plan Rows": 4000, "Plan Width": 8, "Inner Unique": false, "Join Filter": "(public.supplier.s_nationkey = public.nation.n_nationkey)", "Plans": [{"Node Type": "Seq Scan", "Parent Relationship": "Outer", "Relation Name": "nation", "Alias": "nation", "Startup Cost": 0.0, "Total Cost": 1.31, "Plan Rows": 1, "Plan Width": 4, "Filter": "(n_name = 'MOZAMBIQUE'::bpchar)"}, {"Node Type": "Seq Scan", "Parent Relationship": "Inner", "Relation Name": "supplier", "Alias": "supplier", "Startup Cost": 0.0, "Total Cost": 3283.0, "Plan Rows": 100000, "Plan Width": 12}]}, {"Node Type": "Index Scan", "Parent Relationship": "Inner", "Scan Direction": "Forward", "Index Name": "idx_partsupp_suppkey", "Relation Name": "partsupp", "Alias": "partsupp", "Startup Cost": 0.0, "Total Cost": 9.33, "Plan Rows": 13, "Plan Width": 24, "Index Cond": "(ps_suppkey = public.supplier.s_suppkey)"}]}]}, {"Node Type": "Aggregate", "Strategy": "Hashed", "Parent Relationship": "Outer", "Startup Cost": 43299.43, "Total Cost": 43971.68, "Plan Rows": 53780, "Plan Width": 40, "Group By Key": ["public.partsupp.ps_partkey"], "Filter": "(sum((public.partsupp.ps_supplycost * (public.partsupp.ps_availqty)::double precision)) > $1)", "Plans": [{"Node Type": "Nested Loop", "Parent Relationship": "Outer", "Join Type": "Inner", "Startup Cost": 0.0, "Total Cost": 42358.28, "Plan Rows": 53780, "Plan Width": 24, "Inner Unique": false, "Plans": [{"Node Type": "Nested Loop", "Parent Relationship": "Outer", "Join Type": "Inner", "Startup Cost": 0.0, "Total Cost": 4534.31, "Plan Rows": 4000, "Plan Width": 8, "Inner Unique": false, "Join Filter": "(public.supplier.s_nationkey = public.nation.n_nationkey)", "Plans": [{"Node Type": "Seq Scan", "Parent Relationship": "Outer", "Relation Name": "nation", "Alias": "nation", "Startup Cost": 0.0, "Total Cost": 1.31, "Plan Rows": 1, "Plan Width": 4, "Filter": "(n_name = 'MOZAMBIQUE'::bpchar)"}, {"Node Type": "Seq Scan", "Parent Relationship": "Inner", "Relation Name": "supplier", "Alias": "supplier", "Startup Cost": 0.0, "Total Cost": 3283.0, "Plan Rows": 100000, "Plan Width": 12}]}, {"Node Type": "Index Scan", "Parent Relationship": "Inner", "Scan Direction": "Forward", "Index Name": "idx_partsupp_suppkey", "Relation Name": "partsupp", "Alias": "partsupp", "Startup Cost": 0.0, "Total Cost": 9.33, "Plan Rows": 13, "Plan Width": 32, "Index Cond": "(ps_suppkey = public.supplier.s_suppkey)"}]}]}]}, "Unique SQL Id": 2932834211, "Planner Runtime": 0}, "explain_analyze_plan": {"Plan": {"Node Type": "Sort", "Startup Cost": 90959.03, "Total Cost": 91093.48, "Plan Rows": 53780, "Plan Width": 40, "Actual Startup Time": 1970.652, "Actual Total Time": 1970.652, "Actual Rows": 0, "Actual Loops": 1, "Sort Key": ["(sum((public.partsupp.ps_supplycost * (public.partsupp.ps_availqty)::double precision))) DESC"], "Sort Method": "quicksort", "Sort Space Used": 25, "Sort Space Type": "Memory", "Plans": [{"Node Type": "Aggregate", "Strategy": "Plain", "Parent Relationship": "exec_init_plan", "Subplan Name": "InitPlan 1 (returns $1)", "Startup Cost": 42761.63, "Total Cost": 42761.64, "Plan Rows": 1, "Plan Width": 24, "Actual Startup Time": 951.894, "Actual Total Time": 951.895, "Actual Rows": 1, "Actual Loops": 1, "Plans": [{"Node Type": "Nested Loop", "Parent Relationship": "Outer", "Join Type": "Inner", "Startup Cost": 0.0, "Total Cost": 42358.28, "Plan Rows": 53780, "Plan Width": 16, "Actual Startup Time": 0.098, "Actual Total Time": 817.287, "Actual Rows": 313920, "Actual Loops": 1, "Inner Unique": false, "Plans": [{"Node Type": "Nested Loop", "Parent Relationship": "Outer", "Join Type": "Inner", "Startup Cost": 0.0, "Total Cost": 4534.31, "Plan Rows": 4000, "Plan Width": 8, "Actual Startup Time": 0.069, "Actual Total Time": 54.095, "Actual Rows": 3924, "Actual Loops": 1, "Inner Unique": false, "Join Filter": "(public.supplier.s_nationkey = public.nation.n_nationkey)", "Rows Removed by Join Filter": 96076, "Plans": [{"Node Type": "Seq Scan", "Parent Relationship": "Outer", "Relation Name": "nation", "Alias": "nation", "Startup Cost": 0.0, "Total Cost": 1.31, "Plan Rows": 1, "Plan Width": 4, "Actual Startup Time": 0.029, "Actual Total Time": 0.037, "Actual Rows": 1, "Actual Loops": 1, "Filter": "(n_name = 'MOZAMBIQUE'::bpchar)", "Rows Removed by Filter": 24}, {"Node Type": "Seq Scan", "Parent Relationship": "Inner", "Relation Name": "supplier", "Alias": "supplier", "Startup Cost": 0.0, "Total Cost": 3283.0, "Plan Rows": 100000, "Plan Width": 12, "Actual Startup Time": 0.016, "Actual Total Time": 30.369, "Actual Rows": 100000, "Actual Loops": 1}]}, {"Node Type": "Index Scan", "Parent Relationship": "Inner", "Scan Direction": "Forward", "Index Name": "idx_partsupp_suppkey", "Relation Name": "partsupp", "Alias": "partsupp", "Startup Cost": 0.0, "Total Cost": 9.33, "Plan Rows": 13, "Plan Width": 24, "Actual Startup Time": 53.66, "Actual Total Time": 696.079, "Actual Rows": 313920, "Actual Loops": 3924, "Index Cond": "(ps_suppkey = public.supplier.s_suppkey)", "Rows Removed by Index Recheck": 0}]}]}, {"Node Type": "Aggregate", "Strategy": "Hashed", "Parent Relationship": "Outer", "Startup Cost": 43299.43, "Total Cost": 43971.68, "Plan Rows": 53780, "Plan Width": 40, "Actual Startup Time": 1970.246, "Actual Total Time": 1970.246, "Actual Rows": 0, "Actual Loops": 1, "Group By Key": ["public.partsupp.ps_partkey"], "Filter": "(sum((public.partsupp.ps_supplycost * (public.partsupp.ps_availqty)::double precision)) > $1)", "Rows Removed by Filter": 295792, "Plans": [{"Node Type": "Nested Loop", "Parent Relationship": "Outer", "Join Type": "Inner", "Startup Cost": 0.0, "Total Cost": 42358.28, "Plan Rows": 53780, "Plan Width": 24, "Actual Startup Time": 0.083, "Actual Total Time": 638.583, "Actual Rows": 313920, "Actual Loops": 1, "Inner Unique": false, "Plans": [{"Node Type": "Nested Loop", "Parent Relationship": "Outer", "Join Type": "Inner", "Startup Cost": 0.0, "Total Cost": 4534.31, "Plan Rows": 4000, "Plan Width": 8, "Actual Startup Time": 0.058, "Actual Total Time": 51.611, "Actual Rows": 3924, "Actual Loops": 1, "Inner Unique": false, "Join Filter": "(public.supplier.s_nationkey = public.nation.n_nationkey)", "Rows Removed by Join Filter": 96076, "Plans": [{"Node Type": "Seq Scan", "Parent Relationship": "Outer", "Relation Name": "nation", "Alias": "nation", "Startup Cost": 0.0, "Total Cost": 1.31, "Plan Rows": 1, "Plan Width": 4, "Actual Startup Time": 0.03, "Actual Total Time": 0.041, "Actual Rows": 1, "Actual Loops": 1, "Filter": "(n_name = 'MOZAMBIQUE'::bpchar)", "Rows Removed by Filter": 24}, {"Node Type": "Seq Scan", "Parent Relationship": "Inner", "Relation Name": "supplier", "Alias": "supplier", "Startup Cost": 0.0, "Total Cost": 3283.0, "Plan Rows": 100000, "Plan Width": 12, "Actual Startup Time": 0.012, "Actual Total Time": 27.867, "Actual Rows": 100000, "Actual Loops": 1}]}, {"Node Type": "Index Scan", "Parent Relationship": "Inner", "Scan Direction": "Forward", "Index Name": "idx_partsupp_suppkey", "Relation Name": "partsupp", "Alias": "partsupp", "Startup Cost": 0.0, "Total Cost": 9.33, "Plan Rows": 13, "Plan Width": 32, "Actual Startup Time": 44.772, "Actual Total Time": 515.64, "Actual Rows": 313920, "Actual Loops": 3924, "Index Cond": "(ps_suppkey = public.supplier.s_suppkey)", "Rows Removed by Index Recheck": 0}]}]}]}, "Triggers": [], "Planner Runtime": 0, "Total Runtime": 1970.93, "Unique SQL Id": 2932834211}}, "(64, 125)": {"explain_plan": {"Plan": {"Node Type": "Sort", "Startup Cost": 95084.87, "Total Cost": 95219.32, "Plan Rows": 53780, "Plan Width": 40, "Sort Key": ["(sum((public.partsupp.ps_supplycost * (public.partsupp.ps_availqty)::double precision))) DESC"], "Plans": [{"Node Type": "Aggregate", "Strategy": "Plain", "Parent Relationship": "exec_init_plan", "Subplan Name": "InitPlan 1 (returns $1)", "Startup Cost": 44824.55, "Total Cost": 44824.56, "Plan Rows": 1, "Plan Width": 24, "Plans": [{"Node Type": "Nested Loop", "Parent Relationship": "Outer", "Join Type": "Inner", "Startup Cost": 0.0, "Total Cost": 44421.2, "Plan Rows": 53780, "Plan Width": 16, "Inner Unique": false, "Plans": [{"Node Type": "Nested Loop", "Parent Relationship": "Outer", "Join Type": "Inner", "Startup Cost": 0.0, "Total Cost": 6597.23, "Plan Rows": 4000, "Plan Width": 8, "Inner Unique": false, "Join Filter": "(public.supplier.s_nationkey = public.nation.n_nationkey)", "Plans": [{"Node Type": "Index Scan", "Parent Relationship": "Outer", "Scan Direction": "Forward", "Index Name": "nation_pkey", "Relation Name": "nation", "Alias": "nation", "Startup Cost": 0.0, "Total Cost": 12.69, "Plan Rows": 1, "Plan Width": 4, "Filter": "(n_name = 'MOZAMBIQUE'::bpchar)"}, {"Node Type": "Index Scan", "Parent Relationship": "Inner", "Scan Direction": "Forward", "Index Name": "supplier_pkey", "Relation Name": "supplier", "Alias": "supplier", "Startup Cost": 0.0, "Total Cost": 5334.54, "Plan Rows": 100000, "Plan Width": 12}]}, {"Node Type": "Index Scan", "Parent Relationship": "Inner", "Scan Direction": "Forward", "Index Name": "idx_partsupp_suppkey", "Relation Name": "partsupp", "Alias": "partsupp", "Startup Cost": 0.0, "Total Cost": 9.33, "Plan Rows": 13, "Plan Width": 24, "Index Cond": "(ps_suppkey = public.supplier.s_suppkey)"}]}]}, {"Node Type": "Aggregate", "Strategy": "Hashed", "Parent Relationship": "Outer", "Startup Cost": 45362.35, "Total Cost": 46034.6, "Plan Rows": 53780, "Plan Width": 40, "Group By Key": ["public.partsupp.ps_partkey"], "Filter": "(sum((public.partsupp.ps_supplycost * (public.partsupp.ps_availqty)::double precision)) > $1)", "Plans": [{"Node Type": "Nested Loop", "Parent Relationship": "Outer", "Join Type": "Inner", "Startup Cost": 0.0, "Total Cost": 44421.2, "Plan Rows": 53780, "Plan Width": 24, "Inner Unique": false, "Plans": [{"Node Type": "Nested Loop", "Parent Relationship": "Outer", "Join Type": "Inner", "Startup Cost": 0.0, "Total Cost": 6597.23, "Plan Rows": 4000, "Plan Width": 8, "Inner Unique": false, "Join Filter": "(public.supplier.s_nationkey = public.nation.n_nationkey)", "Plans": [{"Node Type": "Index Scan", "Parent Relationship": "Outer", "Scan Direction": "Forward", "Index Name": "nation_pkey", "Relation Name": "nation", "Alias": "nation", "Startup Cost": 0.0, "Total Cost": 12.69, "Plan Rows": 1, "Plan Width": 4, "Filter": "(n_name = 'MOZAMBIQUE'::bpchar)"}, {"Node Type": "Index Scan", "Parent Relationship": "Inner", "Scan Direction": "Forward", "Index Name": "supplier_pkey", "Relation Name": "supplier", "Alias": "supplier", "Startup Cost": 0.0, "Total Cost": 5334.54, "Plan Rows": 100000, "Plan Width": 12}]}, {"Node Type": "Index Scan", "Parent Relationship": "Inner", "Scan Direction": "Forward", "Index Name": "idx_partsupp_suppkey", "Relation Name": "partsupp", "Alias": "partsupp", "Startup Cost": 0.0, "Total Cost": 9.33, "Plan Rows": 13, "Plan Width": 32, "Index Cond": "(ps_suppkey = public.supplier.s_suppkey)"}]}]}]}, "Unique SQL Id": 2932834211, "Planner Runtime": 0}, "explain_analyze_plan": {"Plan": {"Node Type": "Sort", "Startup Cost": 95084.87, "Total Cost": 95219.32, "Plan Rows": 53780, "Plan Width": 40, "Actual Startup Time": 2307.61, "Actual Total Time": 2307.61, "Actual Rows": 0, "Actual Loops": 1, "Sort Key": ["(sum((public.partsupp.ps_supplycost * (public.partsupp.ps_availqty)::double precision))) DESC"], "Sort Method": "quicksort", "Sort Space Used": 25, "Sort Space Type": "Memory", "Plans": [{"Node Type": "Aggregate", "Strategy": "Plain", "Parent Relationship": "exec_init_plan", "Subplan Name": "InitPlan 1 (returns $1)", "Startup Cost": 44824.55, "Total Cost": 44824.56, "Plan Rows": 1, "Plan Width": 24, "Actual Startup Time": 1092.318, "Actual Total Time": 1092.319, "Actual Rows": 1, "Actual Loops": 1, "Plans": [{"Node Type": "Nested Loop", "Parent Relationship": "Outer", "Join Type": "Inner", "Startup Cost": 0.0, "Total Cost": 44421.2, "Plan Rows": 53780, "Plan Width": 16, "Actual Startup Time": 0.118, "Actual Total Time": 956.784, "Actual Rows": 313920, "Actual Loops": 1, "Inner Unique": false, "Plans": [{"Node Type": "Nested Loop", "Parent Relationship": "Outer", "Join Type": "Inner", "Startup Cost": 0.0, "Total Cost": 6597.23, "Plan Rows": 4000, "Plan Width": 8, "Actual Startup Time": 0.085, "Actual Total Time": 94.182, "Actual Rows": 3924, "Actual Loops": 1, "Inner Unique": false, "Join Filter": "(public.supplier.s_nationkey = public.nation.n_nationkey)", "Rows Removed by Join Filter": 96076, "Plans": [{"Node Type": "Index Scan", "Parent Relationship": "Outer", "Scan Direction": "Forward", "Index Name": "nation_pkey", "Relation Name": "nation", "Alias": "nation", "Startup Cost": 0.0, "Total Cost": 12.69, "Plan Rows": 1, "Plan Width": 4, "Actual Startup Time": 0.029, "Actual Total Time": 0.042, "Actual Rows": 1, "Actual Loops": 1, "Filter": "(n_name = 'MOZAMBIQUE'::bpchar)", "Rows Removed by Filter": 24}, {"Node Type": "Index Scan", "Parent Relationship": "Inner", "Scan Direction": "Forward", "Index Name": "supplier_pkey", "Relation Name": "supplier", "Alias": "supplier", "Startup Cost": 0.0, "Total Cost": 5334.54, "Plan Rows": 100000, "Plan Width": 12, "Actual Startup Time": 0.028, "Actual Total Time": 70.457, "Actual Rows": 100000, "Actual Loops": 1}]}, {"Node Type": "Index Scan", "Parent Relationship": "Inner", "Scan Direction": "Forward", "Index Name": "idx_partsupp_suppkey", "Relation Name": "partsupp", "Alias": "partsupp", "Startup Cost": 0.0, "Total Cost": 9.33, "Plan Rows": 13, "Plan Width": 24, "Actual Startup Time": 58.391, "Actual Total Time": 796.025, "Actual Rows": 313920, "Actual Loops": 3924, "Index Cond": "(ps_suppkey = public.supplier.s_suppkey)", "Rows Removed by Index Recheck": 0}]}]}, {"Node Type": "Aggregate", "Strategy": "Hashed", "Parent Relationship": "Outer", "Startup Cost": 45362.35, "Total Cost": 46034.6, "Plan Rows": 53780, "Plan Width": 40, "Actual Startup Time": 2307.103, "Actual Total Time": 2307.103, "Actual Rows": 0, "Actual Loops": 1, "Group By Key": ["public.partsupp.ps_partkey"], "Filter": "(sum((public.partsupp.ps_supplycost * (public.partsupp.ps_availqty)::double precision)) > $1)", "Rows Removed by Filter": 295792, "Plans": [{"Node Type": "Nested Loop", "Parent Relationship": "Outer", "Join Type": "Inner", "Startup Cost": 0.0, "Total Cost": 44421.2, "Plan Rows": 53780, "Plan Width": 24, "Actual Startup Time": 0.082, "Actual Total Time": 782.985, "Actual Rows": 313920, "Actual Loops": 1, "Inner Unique": false, "Plans": [{"Node Type": "Nested Loop", "Parent Relationship": "Outer", "Join Type": "Inner", "Startup Cost": 0.0, "Total Cost": 6597.23, "Plan Rows": 4000, "Plan Width": 8, "Actual Startup Time": 0.064, "Actual Total Time": 84.24, "Actual Rows": 3924, "Actual Loops": 1, "Inner Unique": false, "Join Filter": "(public.supplier.s_nationkey = public.nation.n_nationkey)", "Rows Removed by Join Filter": 96076, "Plans": [{"Node Type": "Index Scan", "Parent Relationship": "Outer", "Scan Direction": "Forward", "Index Name": "nation_pkey", "Relation Name": "nation", "Alias": "nation", "Startup Cost": 0.0, "Total Cost": 12.69, "Plan Rows": 1, "Plan Width": 4, "Actual Startup Time": 0.03, "Actual Total Time": 0.042, "Actual Rows": 1, "Actual Loops": 1, "Filter": "(n_name = 'MOZAMBIQUE'::bpchar)", "Rows Removed by Filter": 24}, {"Node Type": "Index Scan", "Parent Relationship": "Inner", "Scan Direction": "Forward", "Index Name": "supplier_pkey", "Relation Name": "supplier", "Alias": "supplier", "Startup Cost": 0.0, "Total Cost": 5334.54, "Plan Rows": 100000, "Plan Width": 12, "Actual Startup Time": 0.017, "Actual Total Time": 60.351, "Actual Rows": 100000, "Actual Loops": 1}]}, {"Node Type": "Index Scan", "Parent Relationship": "Inner", "Scan Direction": "Forward", "Index Name": "idx_partsupp_suppkey", "Relation Name": "partsupp", "Alias": "partsupp", "Startup Cost": 0.0, "Total Cost": 9.33, "Plan Rows": 13, "Plan Width": 32, "Actual Startup Time": 49.971, "Actual Total Time": 626.737, "Actual Rows": 313920, "Actual Loops": 3924, "Index Cond": "(ps_suppkey = public.supplier.s_suppkey)", "Rows Removed by Index Recheck": 0}]}]}]}, "Triggers": [], "Planner Runtime": 0, "Total Runtime": 2307.885, "Unique SQL Id": 2932834211}}, "(64, 126)": {"explain_plan": {"Plan": {"Node Type": "Sort", "Startup Cost": 960599946.53, "Total Cost": 960600080.98, "Plan Rows": 53780, "Plan Width": 40, "Sort Key": ["(sum((public.partsupp.ps_supplycost * (public.partsupp.ps_availqty)::double precision))) DESC"], "Plans": [{"Node Type": "Aggregate", "Strategy": "Plain", "Parent Relationship": "exec_init_plan", "Subplan Name": "InitPlan 1 (returns $0)", "Startup Cost": 480297255.38, "Total Cost": 480297255.4, "Plan Rows": 1, "Plan Width": 24, "Plans": [{"Node Type": "Nested Loop", "Parent Relationship": "Outer", "Join Type": "Inner", "Startup Cost": 0.0, "Total Cost": 480296852.03, "Plan Rows": 53780, "Plan Width": 16, "Inner Unique": false, "Join Filter": "(public.supplier.s_suppkey = public.partsupp.ps_suppkey)", "Plans": [{"Node Type": "Seq Scan", "Parent Relationship": "Outer", "Relation Name": "partsupp", "Alias": "partsupp", "Startup Cost": 0.0, "Total Cost": 269987.72, "Plan Rows": 8000372, "Plan Width": 24}, {"Node Type": "Materialize", "Parent Relationship": "Inner", "Startup Cost": 0.0, "Total Cost": 4554.31, "Plan Rows": 4000, "Plan Width": 8, "Plans": [{"Node Type": "Nested Loop", "Parent Relationship": "Outer", "Join Type": "Inner", "Startup Cost": 0.0, "Total Cost": 4534.31, "Plan Rows": 4000, "Plan Width": 8, "Inner Unique": false, "Join Filter": "(public.supplier.s_nationkey = public.nation.n_nationkey)", "Plans": [{"Node Type": "Seq Scan", "Parent Relationship": "Outer", "Relation Name": "nation", "Alias": "nation", "Startup Cost": 0.0, "Total Cost": 1.31, "Plan Rows": 1, "Plan Width": 4, "Filter": "(n_name = 'MOZAMBIQUE'::bpchar)"}, {"Node Type": "Seq Scan", "Parent Relationship": "Inner", "Relation Name": "supplier", "Alias": "supplier", "Startup Cost": 0.0, "Total Cost": 3283.0, "Plan Rows": 100000, "Plan Width": 12}]}]}]}]}, {"Node Type": "Aggregate", "Strategy": "Hashed", "Parent Relationship": "Outer", "Startup Cost": 480297793.18, "Total Cost": 480298465.43, "Plan Rows": 53780, "Plan Width": 40, "Group By Key": ["public.partsupp.ps_partkey"], "Filter": "(sum((public.partsupp.ps_supplycost * (public.partsupp.ps_availqty)::double precision)) > $0)", "Plans": [{"Node Type": "Nested Loop", "Parent Relationship": "Outer", "Join Type": "Inner", "Startup Cost": 0.0, "Total Cost": 480296852.03, "Plan Rows": 53780, "Plan Width": 24, "Inner Unique": false, "Join Filter": "(public.supplier.s_suppkey = public.partsupp.ps_suppkey)", "Plans": [{"Node Type": "Seq Scan", "Parent Relationship": "Outer", "Relation Name": "partsupp", "Alias": "partsupp", "Startup Cost": 0.0, "Total Cost": 269987.72, "Plan Rows": 8000372, "Plan Width": 32}, {"Node Type": "Materialize", "Parent Relationship": "Inner", "Startup Cost": 0.0, "Total Cost": 4554.31, "Plan Rows": 4000, "Plan Width": 8, "Plans": [{"Node Type": "Nested Loop", "Parent Relationship": "Outer", "Join Type": "Inner", "Startup Cost": 0.0, "Total Cost": 4534.31, "Plan Rows": 4000, "Plan Width": 8, "Inner Unique": false, "Join Filter": "(public.supplier.s_nationkey = public.nation.n_nationkey)", "Plans": [{"Node Type": "Seq Scan", "Parent Relationship": "Outer", "Relation Name": "nation", "Alias": "nation", "Startup Cost": 0.0, "Total Cost": 1.31, "Plan Rows": 1, "Plan Width": 4, "Filter": "(n_name = 'MOZAMBIQUE'::bpchar)"}, {"Node Type": "Seq Scan", "Parent Relationship": "Inner", "Relation Name": "supplier", "Alias": "supplier", "Startup Cost": 0.0, "Total Cost": 3283.0, "Plan Rows": 100000, "Plan Width": 12}]}]}]}]}]}, "Unique SQL Id": 2932834211, "Planner Runtime": 0}, "explain_analyze_plan": null}, "(64, 127)": {"explain_plan": {"Plan": {"Node Type": "Sort", "Startup Cost": 6001104432332.89, "Total Cost": 6001104432467.34, "Plan Rows": 53780, "Plan Width": 40, "Sort Key": ["(sum((public.partsupp.ps_supplycost * (public.partsupp.ps_availqty)::double precision))) DESC"], "Plans": [{"Node Type": "Aggregate", "Strategy": "Plain", "Parent Relationship": "exec_init_plan", "Subplan Name": "InitPlan 1 (returns $0)", "Startup Cost": 3000580719437.25, "Total Cost": 3000580719437.27, "Plan Rows": 1, "Plan Width": 24, "Plans": [{"Node Type": "Nested Loop", "Parent Relationship": "Outer", "Join Type": "Inner", "Startup Cost": 30000000000.0, "Total Cost": 3000580719033.9, "Plan Rows": 53780, "Plan Width": 16, "Inner Unique": false, "Join Filter": "(public.supplier.s_suppkey = public.partsupp.ps_suppkey)", "Plans": [{"Node Type": "Index Scan", "Parent Relationship": "Outer", "Scan Direction": "Forward", "Index Name": "idx_partsupp_suppkey", "Relation Name": "partsupp", "Alias": "partsupp", "Startup Cost": 10000000000.0, "Total Cost": 1000100160480.77, "Plan Rows": 8000372, "Plan Width": 24}, {"Node Type": "Materialize", "Parent Relationship": "Inner", "Startup Cost": 20000000000.0, "Total Cost": 2000000536243.13, "Plan Rows": 4000, "Plan Width": 8, "Plans": [{"Node Type": "Nested Loop", "Parent Relationship": "Outer", "Join Type": "Inner", "Startup Cost": 20000000000.0, "Total Cost": 2000000536223.13, "Plan Rows": 4000, "Plan Width": 8, "Inner Unique": true, "Join Filter": "(public.supplier.s_nationkey = public.nation.n_nationkey)", "Plans": [{"Node Type": "Index Scan", "Parent Relationship": "Outer", "Scan Direction": "Forward", "Index Name": "supplier_pkey", "Relation Name": "supplier", "Alias": "supplier", "Startup Cost": 10000000000.0, "Total Cost": 1000000533454.38, "Plan Rows": 100000, "Plan Width": 12}, {"Node Type": "Materialize", "Parent Relationship": "Inner", "Startup Cost": 10000000000.0, "Total Cost": 1000000001268.76, "Plan Rows": 1, "Plan Width": 4, "Plans": [{"Node Type": "Index Scan", "Parent Relationship": "Outer", "Scan Direction": "Forward", "Index Name": "nation_pkey", "Relation Name": "nation", "Alias": "nation", "Startup Cost": 10000000000.0, "Total Cost": 1000000001268.75, "Plan Rows": 1, "Plan Width": 4, "Filter": "(n_name = 'MOZAMBIQUE'::bpchar)"}]}]}]}]}]}, {"Node Type": "Aggregate", "Strategy": "Hashed", "Parent Relationship": "Outer", "Startup Cost": 3000523707997.67, "Total Cost": 3000523708669.92, "Plan Rows": 53780, "Plan Width": 40, "Group By Key": ["public.partsupp.ps_partkey"], "Filter": "(sum((public.partsupp.ps_supplycost * (public.partsupp.ps_availqty)::double precision)) > $0)", "Plans": [{"Node Type": "Nested Loop", "Parent Relationship": "Outer", "Join Type": "Inner", "Startup Cost": 30000000000.0, "Total Cost": 3000523707056.51, "Plan Rows": 53780, "Plan Width": 24, "Inner Unique": false, "Join Filter": "(public.supplier.s_suppkey = public.partsupp.ps_suppkey)", "Plans": [{"Node Type": "Index Scan", "Parent Relationship": "Outer", "Scan Direction": "Forward", "Index Name": "idx_partsupp_partkey", "Relation Name": "partsupp", "Alias": "partsupp", "Startup Cost": 10000000000.0, "Total Cost": 1000043148503.38, "Plan Rows": 8000372, "Plan Width": 32}, {"Node Type": "Materialize", "Parent Relationship": "Inner", "Startup Cost": 20000000000.0, "Total Cost": 2000000536243.13, "Plan Rows": 4000, "Plan Width": 8, "Plans": [{"Node Type": "Nested Loop", "Parent Relationship": "Outer", "Join Type": "Inner", "Startup Cost": 20000000000.0, "Total Cost": 2000000536223.13, "Plan Rows": 4000, "Plan Width": 8, "Inner Unique": true, "Join Filter": "(public.supplier.s_nationkey = public.nation.n_nationkey)", "Plans": [{"Node Type": "Index Scan", "Parent Relationship": "Outer", "Scan Direction": "Forward", "Index Name": "supplier_pkey", "Relation Name": "supplier", "Alias": "supplier", "Startup Cost": 10000000000.0, "Total Cost": 1000000533454.38, "Plan Rows": 100000, "Plan Width": 12}, {"Node Type": "Materialize", "Parent Relationship": "Inner", "Startup Cost": 10000000000.0, "Total Cost": 1000000001268.76, "Plan Rows": 1, "Plan Width": 4, "Plans": [{"Node Type": "Index Scan", "Parent Relationship": "Outer", "Scan Direction": "Forward", "Index Name": "nation_pkey", "Relation Name": "nation", "Alias": "nation", "Startup Cost": 10000000000.0, "Total Cost": 1000000001268.75, "Plan Rows": 1, "Plan Width": 4, "Filter": "(n_name = 'MOZAMBIQUE'::bpchar)"}]}]}]}]}]}]}, "Unique SQL Id": 2932834211, "Planner Runtime": 0}, "explain_analyze_plan": null}}